<?xml version="1.0" encoding="UTF-8"?>
  <testsuite tests="143" failures="24" time="3386.940776043">
      <testcase name="[sig-scheduling] SchedulerPredicates [Serial] validates MaxPods limit number of pods that are allowed to run [Slow]" classname="Kubernetes e2e suite" time="0">
          <skipped></skipped>
      </testcase>
      <testcase name="[sig-network] Networking should provide Internet connection for containers [Feature:Networking-IPv6][Experimental]" classname="Kubernetes e2e suite" time="0">
          <skipped></skipped>
      </testcase>
      <testcase name="[sig-storage] Subpath Atomic writer volumes should support subpaths with secret pod" classname="Kubernetes e2e suite" time="0">
          <skipped></skipped>
      </testcase>
      <testcase name="[sig-storage] PersistentVolumes-local  [Volume type: blockfs] One pod requesting one prebound PVC should be able to mount volume and write from pod1" classname="Kubernetes e2e suite" time="0">
          <skipped></skipped>
      </testcase>
      <testcase name="[sig-scheduling] SchedulerPredicates [Serial] validates that NodeSelector is respected if not matching  [Conformance]" classname="Kubernetes e2e suite" time="71.885294606">
          <failure type="Failure">/workspace/anago-v1.11.2-beta.0.50+bb9ffb1654d4a7/src/k8s.io/kubernetes/_output/dockerized/go/src/k8s.io/kubernetes/test/e2e/framework/framework.go:684&#xA;Expected error:&#xA;    &lt;*errors.StatusError | 0xc420abab40&gt;: {&#xA;        ErrStatus: {&#xA;            TypeMeta: {Kind: &#34;&#34;, APIVersion: &#34;&#34;},&#xA;            ListMeta: {SelfLink: &#34;&#34;, ResourceVersion: &#34;&#34;, Continue: &#34;&#34;},&#xA;            Status: &#34;Failure&#34;,&#xA;            Message: &#34;Internal error occurred: admission webhook \&#34;trust.hooks.securityenforcement.admission.cloud.ibm.com\&#34; denied the request: \nDeny \&#34;k8s.gcr.io/pause:3.1\&#34;, no matching repositories in ClusterImagePolicy and no ImagePolicies in the \&#34;e2e-tests-sched-pred-2fp6k\&#34; namespace&#34;,&#xA;            Reason: &#34;InternalError&#34;,&#xA;            Details: {&#xA;                Name: &#34;&#34;,&#xA;                Group: &#34;&#34;,&#xA;                Kind: &#34;&#34;,&#xA;                UID: &#34;&#34;,&#xA;                Causes: [&#xA;                    {&#xA;                        Type: &#34;&#34;,&#xA;                        Message: &#34;admission webhook \&#34;trust.hooks.securityenforcement.admission.cloud.ibm.com\&#34; denied the request: \nDeny \&#34;k8s.gcr.io/pause:3.1\&#34;, no matching repositories in ClusterImagePolicy and no ImagePolicies in the \&#34;e2e-tests-sched-pred-2fp6k\&#34; namespace&#34;,&#xA;                        Field: &#34;&#34;,&#xA;                    },&#xA;                ],&#xA;                RetryAfterSeconds: 0,&#xA;            },&#xA;            Code: 500,&#xA;        },&#xA;    }&#xA;    Internal error occurred: admission webhook &#34;trust.hooks.securityenforcement.admission.cloud.ibm.com&#34; denied the request: &#xA;    Deny &#34;k8s.gcr.io/pause:3.1&#34;, no matching repositories in ClusterImagePolicy and no ImagePolicies in the &#34;e2e-tests-sched-pred-2fp6k&#34; namespace&#xA;not to have occurred&#xA;/workspace/anago-v1.11.2-beta.0.50+bb9ffb1654d4a7/src/k8s.io/kubernetes/_output/dockerized/go/src/k8s.io/kubernetes/test/e2e/scheduling/predicates.go:730</failure>
          <system-out>[BeforeEach] [sig-scheduling] SchedulerPredicates [Serial]&#xA;  /workspace/anago-v1.11.2-beta.0.50+bb9ffb1654d4a7/src/k8s.io/kubernetes/_output/dockerized/go/src/k8s.io/kubernetes/test/e2e/framework/framework.go:141&#xA;STEP: Creating a kubernetes client&#xA;Sep 19 07:22:24.041: INFO: &gt;&gt;&gt; kubeConfig: /tmp/kubeconfig-172917420&#xA;STEP: Building a namespace api object&#xA;Sep 19 07:22:24.345: INFO: Found PodSecurityPolicies; assuming PodSecurityPolicy is enabled.&#xA;Sep 19 07:22:24.378: INFO: Found ClusterRoles; assuming RBAC is enabled.&#xA;STEP: Binding the e2e-test-privileged-psp PodSecurityPolicy to the default service account in e2e-tests-sched-pred-2fp6k&#xA;STEP: Waiting for a default service account to be provisioned in namespace&#xA;[BeforeEach] [sig-scheduling] SchedulerPredicates [Serial]&#xA;  /workspace/anago-v1.11.2-beta.0.50+bb9ffb1654d4a7/src/k8s.io/kubernetes/_output/dockerized/go/src/k8s.io/kubernetes/test/e2e/scheduling/predicates.go:80&#xA;Sep 19 07:22:24.512: INFO: Waiting up to 1m0s for all nodes to be ready&#xA;Sep 19 07:23:24.621: INFO: Waiting for terminating namespaces to be deleted...&#xA;Sep 19 07:23:24.629: INFO: Waiting up to 5m0s for all pods (need at least 0) in namespace &#39;kube-system&#39; to be running and ready&#xA;Sep 19 07:23:24.689: INFO: The status of Pod logging-elk-elasticsearch-tls-init-6hnl4 is Succeeded, skipping waiting&#xA;Sep 19 07:23:24.689: INFO: The status of Pod oidc-client-registration-szxrk is Succeeded, skipping waiting&#xA;Sep 19 07:23:24.689: INFO: The status of Pod security-onboarding-tkf79 is Succeeded, skipping waiting&#xA;Sep 19 07:23:24.689: INFO: The status of Pod vulnerability-advisor-minio-cleaner-1537228740-55f4w is Succeeded, skipping waiting&#xA;Sep 19 07:23:24.689: INFO: The status of Pod vulnerability-advisor-minio-cleaner-1537315140-nqk7v is Succeeded, skipping waiting&#xA;Sep 19 07:23:24.689: INFO: The status of Pod vulnerability-advisor-usncrawler-8h976 is Succeeded, skipping waiting&#xA;Sep 19 07:23:24.689: INFO: 103 / 109 pods in namespace &#39;kube-system&#39; are running and ready (0 seconds elapsed)&#xA;Sep 19 07:23:24.689: INFO: expected 45 pod replicas in namespace &#39;kube-system&#39;, 45 are Running and Ready.&#xA;Sep 19 07:23:24.707: INFO: Waiting for pods to enter Success, but no pods in &#34;kube-system&#34; match label map[name:e2e-image-puller]&#xA;Sep 19 07:23:24.707: INFO: &#xA;Logging pods the kubelet thinks is on node 10.46.6.170 before test&#xA;Sep 19 07:23:24.756: INFO: monitoring-prometheus-nodeexporter-tpbc8 from kube-system started at 2018-09-17 07:15:44 +0000 UTC (2 container statuses recorded)&#xA;Sep 19 07:23:24.756: INFO: &#x9;Container nodeexporter ready: true, restart count 0&#xA;Sep 19 07:23:24.756: INFO: &#x9;Container router ready: true, restart count 0&#xA;Sep 19 07:23:24.756: INFO: audit-logging-fluentd-ds-4cgnk from kube-system started at 2018-09-17 07:18:46 +0000 UTC (1 container statuses recorded)&#xA;Sep 19 07:23:24.756: INFO: &#x9;Container fluentd ready: true, restart count 0&#xA;Sep 19 07:23:24.756: INFO: vulnerability-advisor-process-ma-crawler-5g4zk from kube-system started at 2018-09-17 07:19:03 +0000 UTC (1 container statuses recorded)&#xA;Sep 19 07:23:24.756: INFO: &#x9;Container process-ma-crawler ready: true, restart count 0&#xA;Sep 19 07:23:24.756: INFO: my-ibm-open-liberty-ibm-7f7d9778d7-7t5jc from kube-system started at 2018-09-17 08:22:24 +0000 UTC (1 container statuses recorded)&#xA;Sep 19 07:23:24.756: INFO: &#x9;Container ibm-open-liberty ready: true, restart count 0&#xA;Sep 19 07:23:24.756: INFO: sonobuoy from heptio-sonobuoy started at 2018-09-19 07:22:02 +0000 UTC (1 container statuses recorded)&#xA;Sep 19 07:23:24.756: INFO: &#x9;Container kube-sonobuoy ready: true, restart count 0&#xA;Sep 19 07:23:24.756: INFO: logging-elk-filebeat-ds-jtd5q from kube-system started at 2018-09-17 07:15:20 +0000 UTC (1 container statuses recorded)&#xA;Sep 19 07:23:24.756: INFO: &#x9;Container filebeat ready: true, restart count 0&#xA;Sep 19 07:23:24.756: INFO: calico-node-htf97 from kube-system started at 2018-09-17 07:05:53 +0000 UTC (2 container statuses recorded)&#xA;Sep 19 07:23:24.756: INFO: &#x9;Container calico-node ready: true, restart count 0&#xA;Sep 19 07:23:24.756: INFO: &#x9;Container install-cni ready: true, restart count 0&#xA;Sep 19 07:23:24.756: INFO: nvidia-device-plugin-9h2k4 from kube-system started at 2018-09-17 07:07:17 +0000 UTC (1 container statuses recorded)&#xA;Sep 19 07:23:24.756: INFO: &#x9;Container nvidia-device-plugin ready: true, restart count 0&#xA;Sep 19 07:23:24.756: INFO: metering-reader-44wd7 from kube-system started at 2018-09-17 07:14:11 +0000 UTC (1 container statuses recorded)&#xA;Sep 19 07:23:24.756: INFO: &#x9;Container metering-reader ready: true, restart count 0&#xA;Sep 19 07:23:24.756: INFO: vulnerability-advisor-live-crawler-ccxd7 from kube-system started at 2018-09-17 07:19:03 +0000 UTC (1 container statuses recorded)&#xA;Sep 19 07:23:24.756: INFO: &#x9;Container live-crawler ready: true, restart count 0&#xA;Sep 19 07:23:24.756: INFO: sonobuoy-e2e-job-c3f9b53ea97c48a2 from heptio-sonobuoy started at 2018-09-19 07:22:08 +0000 UTC (2 container statuses recorded)&#xA;Sep 19 07:23:24.756: INFO: &#x9;Container e2e ready: true, restart count 0&#xA;Sep 19 07:23:24.756: INFO: &#x9;Container sonobuoy-worker ready: true, restart count 0&#xA;Sep 19 07:23:24.756: INFO: k8s-proxy-10.46.6.170 from kube-system started at &lt;nil&gt; (0 container statuses recorded)&#xA;[It] validates that NodeSelector is respected if not matching  [Conformance]&#xA;  /workspace/anago-v1.11.2-beta.0.50+bb9ffb1654d4a7/src/k8s.io/kubernetes/_output/dockerized/go/src/k8s.io/kubernetes/test/e2e/framework/framework.go:684&#xA;STEP: Trying to schedule Pod with nonempty NodeSelector.&#xA;[AfterEach] [sig-scheduling] SchedulerPredicates [Serial]&#xA;  /workspace/anago-v1.11.2-beta.0.50+bb9ffb1654d4a7/src/k8s.io/kubernetes/_output/dockerized/go/src/k8s.io/kubernetes/test/e2e/framework/framework.go:142&#xA;STEP: Collecting events from namespace &#34;e2e-tests-sched-pred-2fp6k&#34;.&#xA;STEP: Found 0 events.&#xA;Sep 19 07:23:24.913: INFO: POD                                                              NODE         PHASE      GRACE  CONDITIONS&#xA;Sep 19 07:23:24.913: INFO: ibm-cert-manager-cert-manager-74687f689b-7994r                   10.46.6.173  Running           [{Initialized True 0001-01-01 00:00:00 +0000 UTC 2018-09-17 07:07:12 +0000 UTC  } {Ready True 0001-01-01 00:00:00 +0000 UTC 2018-09-17 07:07:37 +0000 UTC  } {ContainersReady True 0001-01-01 00:00:00 +0000 UTC 0001-01-01 00:00:00 +0000 UTC  } {PodScheduled True 0001-01-01 00:00:00 +0000 UTC 2018-09-17 07:07:12 +0000 UTC  }]&#xA;Sep 19 07:23:24.913: INFO: sonobuoy                                                         10.46.6.170  Running           [{Initialized True 0001-01-01 00:00:00 +0000 UTC 2018-09-19 07:22:02 +0000 UTC  } {Ready True 0001-01-01 00:00:00 +0000 UTC 2018-09-19 07:22:08 +0000 UTC  } {ContainersReady True 0001-01-01 00:00:00 +0000 UTC 0001-01-01 00:00:00 +0000 UTC  } {PodScheduled True 0001-01-01 00:00:00 +0000 UTC 2018-09-19 07:22:02 +0000 UTC  }]&#xA;Sep 19 07:23:24.913: INFO: sonobuoy-e2e-job-c3f9b53ea97c48a2                                10.46.6.170  Running           [{Initialized True 0001-01-01 00:00:00 +0000 UTC 2018-09-19 07:22:08 +0000 UTC  } {Ready True 0001-01-01 00:00:00 +0000 UTC 2018-09-19 07:22:25 +0000 UTC  } {ContainersReady True 0001-01-01 00:00:00 +0000 UTC 0001-01-01 00:00:00 +0000 UTC  } {PodScheduled True 0001-01-01 00:00:00 +0000 UTC 2018-09-19 07:22:08 +0000 UTC  }]&#xA;Sep 19 07:23:24.913: INFO: grafana-77676f44f7-c9wr6                                         10.46.6.173  Running           [{Initialized True 0001-01-01 00:00:00 +0000 UTC 2018-09-17 07:17:28 +0000 UTC  } {Ready True 0001-01-01 00:00:00 +0000 UTC 2018-09-17 07:20:34 +0000 UTC  } {ContainersReady True 0001-01-01 00:00:00 +0000 UTC 0001-01-01 00:00:00 +0000 UTC  } {PodScheduled True 0001-01-01 00:00:00 +0000 UTC 2018-09-17 07:17:27 +0000 UTC  }]&#xA;Sep 19 07:23:24.913: INFO: istio-citadel-77694dc965-mwqkp                                   10.46.6.173  Running           [{Initialized True 0001-01-01 00:00:00 +0000 UTC 2018-09-17 07:17:31 +0000 UTC  } {Ready True 0001-01-01 00:00:00 +0000 UTC 2018-09-17 07:18:30 +0000 UTC  } {ContainersReady True 0001-01-01 00:00:00 +0000 UTC 0001-01-01 00:00:00 +0000 UTC  } {PodScheduled True 0001-01-01 00:00:00 +0000 UTC 2018-09-17 07:17:28 +0000 UTC  }]&#xA;Sep 19 07:23:24.913: INFO: istio-egressgateway-54448bcdbd-cqlhf                             10.46.6.173  Running           [{Initialized True 0001-01-01 00:00:00 +0000 UTC 2018-09-17 07:24:11 +0000 UTC  } {Ready True 0001-01-01 00:00:00 +0000 UTC 2018-09-17 07:25:19 +0000 UTC  } {ContainersReady True 0001-01-01 00:00:00 +0000 UTC 0001-01-01 00:00:00 +0000 UTC  } {PodScheduled True 0001-01-01 00:00:00 +0000 UTC 2018-09-17 07:24:10 +0000 UTC  }]&#xA;Sep 19 07:23:24.913: INFO: istio-egressgateway-54448bcdbd-f4v6v                             10.46.6.173  Running           [{Initialized True 0001-01-01 00:00:00 +0000 UTC 2018-09-17 07:17:29 +0000 UTC  } {Ready True 0001-01-01 00:00:00 +0000 UTC 2018-09-17 07:18:31 +0000 UTC  } {ContainersReady True 0001-01-01 00:00:00 +0000 UTC 0001-01-01 00:00:00 +0000 UTC  } {PodScheduled True 0001-01-01 00:00:00 +0000 UTC 2018-09-17 07:17:27 +0000 UTC  }]&#xA;Sep 19 07:23:24.913: INFO: istio-egressgateway-54448bcdbd-lhh5c                             10.46.6.173  Running           [{Initialized True 0001-01-01 00:00:00 +0000 UTC 2018-09-17 07:20:07 +0000 UTC  } {Ready True 0001-01-01 00:00:00 +0000 UTC 2018-09-17 07:21:11 +0000 UTC  } {ContainersReady True 0001-01-01 00:00:00 +0000 UTC 0001-01-01 00:00:00 +0000 UTC  } {PodScheduled True 0001-01-01 00:00:00 +0000 UTC 2018-09-17 07:20:06 +0000 UTC  }]&#xA;Sep 19 07:23:24.913: INFO: istio-egressgateway-54448bcdbd-pjbtc                             10.46.6.173  Running           [{Initialized True 0001-01-01 00:00:00 +0000 UTC 2018-09-17 07:28:34 +0000 UTC  } {Ready True 0001-01-01 00:00:00 +0000 UTC 2018-09-17 07:29:40 +0000 UTC  } {ContainersReady True 0001-01-01 00:00:00 +0000 UTC 0001-01-01 00:00:00 +0000 UTC  } {PodScheduled True 0001-01-01 00:00:00 +0000 UTC 2018-09-17 07:28:34 +0000 UTC  }]&#xA;Sep 19 07:23:24.913: INFO: istio-egressgateway-54448bcdbd-xmkbc                             10.46.6.173  Running           [{Initialized True 0001-01-01 00:00:00 +0000 UTC 2018-09-17 07:24:11 +0000 UTC  } {Ready True 0001-01-01 00:00:00 +0000 UTC 2018-09-17 07:25:10 +0000 UTC  } {ContainersReady True 0001-01-01 00:00:00 +0000 UTC 0001-01-01 00:00:00 +0000 UTC  } {PodScheduled True 0001-01-01 00:00:00 +0000 UTC 2018-09-17 07:24:10 +0000 UTC  }]&#xA;Sep 19 07:23:24.913: INFO: istio-galley-687cd96db-hlpng                                     10.46.6.173  Running           [{Initialized True 0001-01-01 00:00:00 +0000 UTC 2018-09-17 07:17:28 +0000 UTC  } {Ready True 0001-01-01 00:00:00 +0000 UTC 2018-09-17 07:18:35 +0000 UTC  } {ContainersReady True 0001-01-01 00:00:00 +0000 UTC 0001-01-01 00:00:00 +0000 UTC  } {PodScheduled True 0001-01-01 00:00:00 +0000 UTC 2018-09-17 07:17:27 +0000 UTC  }]&#xA;Sep 19 07:23:24.913: INFO: istio-ingressgateway-7bc96d6585-4qnc5                            10.46.6.173  Running           [{Initialized True 0001-01-01 00:00:00 +0000 UTC 2018-09-17 07:24:14 +0000 UTC  } {Ready True 0001-01-01 00:00:00 +0000 UTC 2018-09-17 07:25:22 +0000 UTC  } {ContainersReady True 0001-01-01 00:00:00 +0000 UTC 0001-01-01 00:00:00 +0000 UTC  } {PodScheduled True 0001-01-01 00:00:00 +0000 UTC 2018-09-17 07:24:13 +0000 UTC  }]&#xA;Sep 19 07:23:24.913: INFO: istio-ingressgateway-7bc96d6585-c58zx                            10.46.6.173  Running           [{Initialized True 0001-01-01 00:00:00 +0000 UTC 2018-09-17 07:24:15 +0000 UTC  } {Ready True 0001-01-01 00:00:00 +0000 UTC 2018-09-17 07:25:19 +0000 UTC  } {ContainersReady True 0001-01-01 00:00:00 +0000 UTC 0001-01-01 00:00:00 +0000 UTC  } {PodScheduled True 0001-01-01 00:00:00 +0000 UTC 2018-09-17 07:24:14 +0000 UTC  }]&#xA;Sep 19 07:23:24.913: INFO: istio-ingressgateway-7bc96d6585-m567m                            10.46.6.173  Running           [{Initialized True 0001-01-01 00:00:00 +0000 UTC 2018-09-17 07:20:41 +0000 UTC  } {Ready True 0001-01-01 00:00:00 +0000 UTC 2018-09-17 07:21:43 +0000 UTC  } {ContainersReady True 0001-01-01 00:00:00 +0000 UTC 0001-01-01 00:00:00 +0000 UTC  } {PodScheduled True 0001-01-01 00:00:00 +0000 UTC 2018-09-17 07:20:41 +0000 UTC  }]&#xA;Sep 19 07:23:24.913: INFO: istio-ingressgateway-7bc96d6585-r98nr                            10.46.6.173  Running           [{Initialized True 0001-01-01 00:00:00 +0000 UTC 2018-09-17 07:28:10 +0000 UTC  } {Ready True 0001-01-01 00:00:00 +0000 UTC 2018-09-17 07:29:11 +0000 UTC  } {ContainersReady True 0001-01-01 00:00:00 +0000 UTC 0001-01-01 00:00:00 +0000 UTC  } {PodScheduled True 0001-01-01 00:00:00 +0000 UTC 2018-09-17 07:28:09 +0000 UTC  }]&#xA;Sep 19 07:23:24.913: INFO: istio-ingressgateway-7bc96d6585-smf45                            10.46.6.173  Running           [{Initialized True 0001-01-01 00:00:00 +0000 UTC 2018-09-17 07:17:28 +0000 UTC  } {Ready True 0001-01-01 00:00:00 +0000 UTC 2018-09-17 07:18:37 +0000 UTC  } {ContainersReady True 0001-01-01 00:00:00 +0000 UTC 0001-01-01 00:00:00 +0000 UTC  } {PodScheduled True 0001-01-01 00:00:00 +0000 UTC 2018-09-17 07:17:27 +0000 UTC  }]&#xA;Sep 19 07:23:24.913: INFO: istio-pilot-6cf9ccf474-kkb6j                                     10.46.6.173  Running           [{Initialized True 0001-01-01 00:00:00 +0000 UTC 2018-09-17 07:17:31 +0000 UTC  } {Ready True 0001-01-01 00:00:00 +0000 UTC 2018-09-17 07:19:28 +0000 UTC  } {ContainersReady True 0001-01-01 00:00:00 +0000 UTC 0001-01-01 00:00:00 +0000 UTC  } {PodScheduled True 0001-01-01 00:00:00 +0000 UTC 2018-09-17 07:17:27 +0000 UTC  }]&#xA;Sep 19 07:23:24.913: INFO: istio-policy-5b64d7fd64-5l2m9                                    10.46.6.173  Running           [{Initialized True 0001-01-01 00:00:00 +0000 UTC 2018-09-17 07:31:07 +0000 UTC  } {Ready True 0001-01-01 00:00:00 +0000 UTC 2018-09-17 07:31:51 +0000 UTC  } {ContainersReady True 0001-01-01 00:00:00 +0000 UTC 0001-01-01 00:00:00 +0000 UTC  } {PodScheduled True 0001-01-01 00:00:00 +0000 UTC 2018-09-17 07:31:06 +0000 UTC  }]&#xA;Sep 19 07:23:24.913: INFO: istio-policy-5b64d7fd64-fb4bc                                    10.46.6.173  Running           [{Initialized True 0001-01-01 00:00:00 +0000 UTC 2018-09-17 07:27:37 +0000 UTC  } {Ready True 0001-01-01 00:00:00 +0000 UTC 2018-09-17 07:28:39 +0000 UTC  } {ContainersReady True 0001-01-01 00:00:00 +0000 UTC 0001-01-01 00:00:00 +0000 UTC  } {PodScheduled True 0001-01-01 00:00:00 +0000 UTC 2018-09-17 07:27:36 +0000 UTC  }]&#xA;Sep 19 07:23:24.913: INFO: istio-policy-5b64d7fd64-jrlzt                                    10.46.6.173  Running           [{Initialized True 0001-01-01 00:00:00 +0000 UTC 2018-09-17 07:23:11 +0000 UTC  } {Ready True 0001-01-01 00:00:00 +0000 UTC 2018-09-17 07:24:08 +0000 UTC  } {ContainersReady True 0001-01-01 00:00:00 +0000 UTC 0001-01-01 00:00:00 +0000 UTC  } {PodScheduled True 0001-01-01 00:00:00 +0000 UTC 2018-09-17 07:23:10 +0000 UTC  }]&#xA;Sep 19 07:23:24.913: INFO: istio-policy-5b64d7fd64-pt9z2                                    10.46.6.173  Running           [{Initialized True 0001-01-01 00:00:00 +0000 UTC 2018-09-17 07:17:30 +0000 UTC  } {Ready True 0001-01-01 00:00:00 +0000 UTC 2018-09-17 07:19:02 +0000 UTC  } {ContainersReady True 0001-01-01 00:00:00 +0000 UTC 0001-01-01 00:00:00 +0000 UTC  } {PodScheduled True 0001-01-01 00:00:00 +0000 UTC 2018-09-17 07:17:27 +0000 UTC  }]&#xA;Sep 19 07:23:24.914: INFO: istio-policy-5b64d7fd64-z68j4                                    10.46.6.173  Running           [{Initialized True 0001-01-01 00:00:00 +0000 UTC 2018-09-17 07:19:38 +0000 UTC  } {Ready True 0001-01-01 00:00:00 +0000 UTC 2018-09-17 07:20:44 +0000 UTC  } {ContainersReady True 0001-01-01 00:00:00 +0000 UTC 0001-01-01 00:00:00 +0000 UTC  } {PodScheduled True 0001-01-01 00:00:00 +0000 UTC 2018-09-17 07:19:37 +0000 UTC  }]&#xA;Sep 19 07:23:24.914: INFO: istio-sidecar-injector-86d554f5f7-d57zk                          10.46.6.173  Running           [{Initialized True 0001-01-01 00:00:00 +0000 UTC 2018-09-17 07:17:32 +0000 UTC  } {Ready True 0001-01-01 00:00:00 +0000 UTC 2018-09-17 07:18:41 +0000 UTC  } {ContainersReady True 0001-01-01 00:00:00 +0000 UTC 0001-01-01 00:00:00 +0000 UTC  } {PodScheduled True 0001-01-01 00:00:00 +0000 UTC 2018-09-17 07:17:29 +0000 UTC  }]&#xA;Sep 19 07:23:24.914: INFO: istio-statsd-prom-bridge-66cb69b666-p76m8                        10.46.6.173  Running           [{Initialized True 0001-01-01 00:00:00 +0000 UTC 2018-09-17 07:17:29 +0000 UTC  } {Ready True 0001-01-01 00:00:00 +0000 UTC 2018-09-17 07:18:32 +0000 UTC  } {ContainersReady True 0001-01-01 00:00:00 +0000 UTC 0001-01-01 00:00:00 +0000 UTC  } {PodScheduled True 0001-01-01 00:00:00 +0000 UTC 2018-09-17 07:17:27 +0000 UTC  }]&#xA;Sep 19 07:23:24.914: INFO: istio-telemetry-8b5964dc7-9q67f                                  10.46.6.173  Running           [{Initialized True 0001-01-01 00:00:00 +0000 UTC 2018-09-17 07:31:08 +0000 UTC  } {Ready True 0001-01-01 00:00:00 +0000 UTC 2018-09-17 07:32:00 +0000 UTC  } {ContainersReady True 0001-01-01 00:00:00 +0000 UTC 0001-01-01 00:00:00 +0000 UTC  } {PodScheduled True 0001-01-01 00:00:00 +0000 UTC 2018-09-17 07:31:07 +0000 UTC  }]&#xA;Sep 19 07:23:24.914: INFO: istio-telemetry-8b5964dc7-hcf6d                                  10.46.6.173  Running           [{Initialized True 0001-01-01 00:00:00 +0000 UTC 2018-09-17 07:17:29 +0000 UTC  } {Ready True 0001-01-01 00:00:00 +0000 UTC 2018-09-17 07:18:56 +0000 UTC  } {ContainersReady True 0001-01-01 00:00:00 +0000 UTC 0001-01-01 00:00:00 +0000 UTC  } {PodScheduled True 0001-01-01 00:00:00 +0000 UTC 2018-09-17 07:17:27 +0000 UTC  }]&#xA;Sep 19 07:23:24.914: INFO: istio-telemetry-8b5964dc7-nw9kk                                  10.46.6.173  Running           [{Initialized True 0001-01-01 00:00:00 +0000 UTC 2018-09-17 07:23:11 +0000 UTC  } {Ready True 0001-01-01 00:00:00 +0000 UTC 2018-09-17 07:24:19 +0000 UTC  } {ContainersReady True 0001-01-01 00:00:00 +0000 UTC 0001-01-01 00:00:00 +0000 UTC  } {PodScheduled True 0001-01-01 00:00:00 +0000 UTC 2018-09-17 07:23:10 +0000 UTC  }]&#xA;Sep 19 07:23:24.914: INFO: istio-telemetry-8b5964dc7-rfswc                                  10.46.6.173  Running           [{Initialized True 0001-01-01 00:00:00 +0000 UTC 2018-09-17 07:19:39 +0000 UTC  } {Ready True 0001-01-01 00:00:00 +0000 UTC 2018-09-17 07:20:38 +0000 UTC  } {ContainersReady True 0001-01-01 00:00:00 +0000 UTC 0001-01-01 00:00:00 +0000 UTC  } {PodScheduled True 0001-01-01 00:00:00 +0000 UTC 2018-09-17 07:19:38 +0000 UTC  }]&#xA;Sep 19 07:23:24.914: INFO: istio-telemetry-8b5964dc7-vjqbq                                  10.46.6.173  Running           [{Initialized True 0001-01-01 00:00:00 +0000 UTC 2018-09-17 07:27:36 +0000 UTC  } {Ready True 0001-01-01 00:00:00 +0000 UTC 2018-09-17 07:28:21 +0000 UTC  } {ContainersReady True 0001-01-01 00:00:00 +0000 UTC 0001-01-01 00:00:00 +0000 UTC  } {PodScheduled True 0001-01-01 00:00:00 +0000 UTC 2018-09-17 07:27:36 +0000 UTC  }]&#xA;Sep 19 07:23:24.914: INFO: istio-tracing-77ccfc8844-79ngl                                   10.46.6.173  Running           [{Initialized True 0001-01-01 00:00:00 +0000 UTC 2018-09-17 07:17:32 +0000 UTC  } {Ready True 0001-01-01 00:00:00 +0000 UTC 2018-09-17 07:18:08 +0000 UTC  } {ContainersReady True 0001-01-01 00:00:00 +0000 UTC 0001-01-01 00:00:00 +0000 UTC  } {PodScheduled True 0001-01-01 00:00:00 +0000 UTC 2018-09-17 07:17:29 +0000 UTC  }]&#xA;Sep 19 07:23:24.914: INFO: kiali-7f8c59df94-25qmq                                           10.46.6.173  Running           [{Initialized True 0001-01-01 00:00:00 +0000 UTC 2018-09-17 07:17:27 +0000 UTC  } {Ready True 0001-01-01 00:00:00 +0000 UTC 2018-09-17 07:17:56 +0000 UTC  } {ContainersReady True 0001-01-01 00:00:00 +0000 UTC 0001-01-01 00:00:00 +0000 UTC  } {PodScheduled True 0001-01-01 00:00:00 +0000 UTC 2018-09-17 07:17:27 +0000 UTC  }]&#xA;Sep 19 07:23:24.914: INFO: prometheus-6f98d89664-wh7pb                                      10.46.6.173  Running           [{Initialized True 0001-01-01 00:00:00 +0000 UTC 2018-09-17 07:17:31 +0000 UTC  } {Ready True 0001-01-01 00:00:00 +0000 UTC 2018-09-17 07:17:57 +0000 UTC  } {ContainersReady True 0001-01-01 00:00:00 +0000 UTC 0001-01-01 00:00:00 +0000 UTC  } {PodScheduled True 0001-01-01 00:00:00 +0000 UTC 2018-09-17 07:17:28 +0000 UTC  }]&#xA;Sep 19 07:23:24.914: INFO: servicegraph-85578d8fc6-m62z4                                    10.46.6.173  Running           [{Initialized True 0001-01-01 00:00:00 +0000 UTC 2018-09-17 07:17:32 +0000 UTC  } {Ready True 0001-01-01 00:00:00 +0000 UTC 2018-09-17 07:18:22 +0000 UTC  } {ContainersReady True 0001-01-01 00:00:00 +0000 UTC 0001-01-01 00:00:00 +0000 UTC  } {PodScheduled True 0001-01-01 00:00:00 +0000 UTC 2018-09-17 07:17:28 +0000 UTC  }]&#xA;Sep 19 07:23:24.914: INFO: audit-logging-fluentd-ds-4cgnk                                   10.46.6.170  Running           [{Initialized True 0001-01-01 00:00:00 +0000 UTC 2018-09-17 07:18:46 +0000 UTC  } {Ready True 0001-01-01 00:00:00 +0000 UTC 2018-09-17 07:18:50 +0000 UTC  } {ContainersReady True 0001-01-01 00:00:00 +0000 UTC 0001-01-01 00:00:00 +0000 UTC  } {PodScheduled True 0001-01-01 00:00:00 +0000 UTC 2018-09-17 07:18:46 +0000 UTC  }]&#xA;Sep 19 07:23:24.914: INFO: audit-logging-fluentd-ds-8bh4t                                   10.46.6.172  Running           [{Initialized True 0001-01-01 00:00:00 +0000 UTC 2018-09-17 07:18:46 +0000 UTC  } {Ready True 0001-01-01 00:00:00 +0000 UTC 2018-09-17 07:18:56 +0000 UTC  } {ContainersReady True 0001-01-01 00:00:00 +0000 UTC 0001-01-01 00:00:00 +0000 UTC  } {PodScheduled True 0001-01-01 00:00:00 +0000 UTC 2018-09-17 07:18:46 +0000 UTC  }]&#xA;Sep 19 07:23:24.914: INFO: audit-logging-fluentd-ds-bc22k                                   10.46.6.171  Running           [{Initialized True 0001-01-01 00:00:00 +0000 UTC 2018-09-17 07:18:46 +0000 UTC  } {Ready True 0001-01-01 00:00:00 +0000 UTC 2018-09-17 07:18:56 +0000 UTC  } {ContainersReady True 0001-01-01 00:00:00 +0000 UTC 0001-01-01 00:00:00 +0000 UTC  } {PodScheduled True 0001-01-01 00:00:00 +0000 UTC 2018-09-17 07:18:46 +0000 UTC  }]&#xA;Sep 19 07:23:24.914: INFO: audit-logging-fluentd-ds-dhcg6                                   10.46.6.173  Running           [{Initialized True 0001-01-01 00:00:00 +0000 UTC 2018-09-17 07:18:46 +0000 UTC  } {Ready True 0001-01-01 00:00:00 +0000 UTC 2018-09-17 07:19:00 +0000 UTC  } {ContainersReady True 0001-01-01 00:00:00 +0000 UTC 0001-01-01 00:00:00 +0000 UTC  } {PodScheduled True 0001-01-01 00:00:00 +0000 UTC 2018-09-17 07:18:46 +0000 UTC  }]&#xA;Sep 19 07:23:24.914: INFO: auth-apikeys-x45mz                                               10.46.6.173  Running           [{Initialized True 0001-01-01 00:00:00 +0000 UTC 2018-09-17 07:10:12 +0000 UTC  } {Ready True 0001-01-01 00:00:00 +0000 UTC 2018-09-17 07:11:25 +0000 UTC  } {ContainersReady True 0001-01-01 00:00:00 +0000 UTC 0001-01-01 00:00:00 +0000 UTC  } {PodScheduled True 0001-01-01 00:00:00 +0000 UTC 2018-09-17 07:10:12 +0000 UTC  }]&#xA;Sep 19 07:23:24.914: INFO: auth-idp-kjpmx                                                   10.46.6.173  Running           [{Initialized True 0001-01-01 00:00:00 +0000 UTC 2018-09-17 07:10:19 +0000 UTC  } {Ready True 0001-01-01 00:00:00 +0000 UTC 2018-09-19 07:05:52 +0000 UTC  } {ContainersReady True 0001-01-01 00:00:00 +0000 UTC 0001-01-01 00:00:00 +0000 UTC  } {PodScheduled True 0001-01-01 00:00:00 +0000 UTC 2018-09-17 07:10:04 +0000 UTC  }]&#xA;Sep 19 07:23:24.914: INFO: auth-pap-qb5m2                                                   10.46.6.173  Running           [{Initialized True 0001-01-01 00:00:00 +0000 UTC 2018-09-17 07:10:20 +0000 UTC  } {Ready True 0001-01-01 00:00:00 +0000 UTC 2018-09-17 07:10:46 +0000 UTC  } {ContainersReady True 0001-01-01 00:00:00 +0000 UTC 0001-01-01 00:00:00 +0000 UTC  } {PodScheduled True 0001-01-01 00:00:00 +0000 UTC 2018-09-17 07:10:20 +0000 UTC  }]&#xA;Sep 19 07:23:24.914: INFO: auth-pdp-tk2jm                                                   10.46.6.173  Running           [{Initialized True 0001-01-01 00:00:00 +0000 UTC 2018-09-17 07:13:08 +0000 UTC  } {Ready True 0001-01-01 00:00:00 +0000 UTC 2018-09-17 07:13:19 +0000 UTC  } {ContainersReady True 0001-01-01 00:00:00 +0000 UTC 0001-01-01 00:00:00 +0000 UTC  } {PodScheduled True 0001-01-01 00:00:00 +0000 UTC 2018-09-17 07:10:28 +0000 UTC  }]&#xA;Sep 19 07:23:24.914: INFO: calico-kube-controllers-dcb8cc97c-gtsqp                          10.46.6.173  Running           [{Initialized True 0001-01-01 00:00:00 +0000 UTC 2018-09-17 07:05:53 +0000 UTC  } {Ready True 0001-01-01 00:00:00 +0000 UTC 2018-09-17 07:06:04 +0000 UTC  } {ContainersReady True 0001-01-01 00:00:00 +0000 UTC 0001-01-01 00:00:00 +0000 UTC  } {PodScheduled True 0001-01-01 00:00:00 +0000 UTC 2018-09-17 07:05:53 +0000 UTC  }]&#xA;Sep 19 07:23:24.914: INFO: calico-node-gpm2c                                                10.46.6.171  Running           [{Initialized True 0001-01-01 00:00:00 +0000 UTC 2018-09-17 07:05:53 +0000 UTC  } {Ready True 0001-01-01 00:00:00 +0000 UTC 2018-09-17 07:06:11 +0000 UTC  } {ContainersReady True 0001-01-01 00:00:00 +0000 UTC 0001-01-01 00:00:00 +0000 UTC  } {PodScheduled True 0001-01-01 00:00:00 +0000 UTC 2018-09-17 07:05:53 +0000 UTC  }]&#xA;Sep 19 07:23:24.914: INFO: calico-node-htf97                                                10.46.6.170  Running           [{Initialized True 0001-01-01 00:00:00 +0000 UTC 2018-09-17 07:05:53 +0000 UTC  } {Ready True 0001-01-01 00:00:00 +0000 UTC 2018-09-17 07:06:14 +0000 UTC  } {ContainersReady True 0001-01-01 00:00:00 +0000 UTC 0001-01-01 00:00:00 +0000 UTC  } {PodScheduled True 0001-01-01 00:00:00 +0000 UTC 2018-09-17 07:05:53 +0000 UTC  }]&#xA;Sep 19 07:23:24.914: INFO: calico-node-m7d5t                                                10.46.6.173  Running           [{Initialized True 0001-01-01 00:00:00 +0000 UTC 2018-09-17 07:05:54 +0000 UTC  } {Ready True 0001-01-01 00:00:00 +0000 UTC 2018-09-17 07:06:15 +0000 UTC  } {ContainersReady True 0001-01-01 00:00:00 +0000 UTC 0001-01-01 00:00:00 +0000 UTC  } {PodScheduled True 0001-01-01 00:00:00 +0000 UTC 2018-09-17 07:05:54 +0000 UTC  }]&#xA;Sep 19 07:23:24.914: INFO: calico-node-wsknj                                                10.46.6.172  Running           [{Initialized True 0001-01-01 00:00:00 +0000 UTC 2018-09-17 07:05:53 +0000 UTC  } {Ready True 0001-01-01 00:00:00 +0000 UTC 2018-09-17 07:06:17 +0000 UTC  } {ContainersReady True 0001-01-01 00:00:00 +0000 UTC 0001-01-01 00:00:00 +0000 UTC  } {PodScheduled True 0001-01-01 00:00:00 +0000 UTC 2018-09-17 07:05:53 +0000 UTC  }]&#xA;Sep 19 07:23:24.914: INFO: catalog-ui-5rtkh                                                 10.46.6.173  Running           [{Initialized True 0001-01-01 00:00:00 +0000 UTC 2018-09-17 07:15:57 +0000 UTC  } {Ready True 0001-01-01 00:00:00 +0000 UTC 2018-09-17 07:16:11 +0000 UTC  } {ContainersReady True 0001-01-01 00:00:00 +0000 UTC 0001-01-01 00:00:00 +0000 UTC  } {PodScheduled True 0001-01-01 00:00:00 +0000 UTC 2018-09-17 07:15:57 +0000 UTC  }]&#xA;Sep 19 07:23:24.914: INFO: custom-metrics-adapter-64f64964b4-f9gmc                          10.46.6.171  Running           [{Initialized True 0001-01-01 00:00:00 +0000 UTC 2018-09-17 07:17:13 +0000 UTC  } {Ready True 0001-01-01 00:00:00 +0000 UTC 2018-09-17 07:17:51 +0000 UTC  } {ContainersReady True 0001-01-01 00:00:00 +0000 UTC 0001-01-01 00:00:00 +0000 UTC  } {PodScheduled True 0001-01-01 00:00:00 +0000 UTC 2018-09-17 07:14:28 +0000 UTC  }]&#xA;Sep 19 07:23:24.914: INFO: default-backend-54966589c4-4d47g                                 10.46.6.173  Running           [{Initialized True 0001-01-01 00:00:00 +0000 UTC 2018-09-17 07:08:29 +0000 UTC  } {Ready True 0001-01-01 00:00:00 +0000 UTC 2018-09-17 07:08:40 +0000 UTC  } {ContainersReady True 0001-01-01 00:00:00 +0000 UTC 0001-01-01 00:00:00 +0000 UTC  } {PodScheduled True 0001-01-01 00:00:00 +0000 UTC 2018-09-17 07:08:28 +0000 UTC  }]&#xA;Sep 19 07:23:24.914: INFO: heapster-69b486565b-nt26r                                        10.46.6.173  Running           [{Initialized True 0001-01-01 00:00:00 +0000 UTC 2018-09-17 07:13:48 +0000 UTC  } {Ready True 0001-01-01 00:00:00 +0000 UTC 2018-09-17 07:13:58 +0000 UTC  } {ContainersReady True 0001-01-01 00:00:00 +0000 UTC 0001-01-01 00:00:00 +0000 UTC  } {PodScheduled True 0001-01-01 00:00:00 +0000 UTC 2018-09-17 07:13:48 +0000 UTC  }]&#xA;Sep 19 07:23:24.914: INFO: helm-api-fdd886877-6pwm8                                         10.46.6.173  Running           [{Initialized True 0001-01-01 00:00:00 +0000 UTC 2018-09-17 07:16:36 +0000 UTC  } {Ready True 0001-01-01 00:00:00 +0000 UTC 2018-09-17 07:16:58 +0000 UTC  } {ContainersReady True 0001-01-01 00:00:00 +0000 UTC 0001-01-01 00:00:00 +0000 UTC  } {PodScheduled True 0001-01-01 00:00:00 +0000 UTC 2018-09-17 07:16:35 +0000 UTC  }]&#xA;Sep 19 07:23:24.914: INFO: helm-repo-5649f57447-wwdn4                                       10.46.6.173  Running           [{Initialized True 0001-01-01 00:00:00 +0000 UTC 2018-09-17 07:14:04 +0000 UTC  } {Ready True 0001-01-01 00:00:00 +0000 UTC 2018-09-17 07:14:40 +0000 UTC  } {ContainersReady True 0001-01-01 00:00:00 +0000 UTC 0001-01-01 00:00:00 +0000 UTC  } {PodScheduled True 0001-01-01 00:00:00 +0000 UTC 2018-09-17 07:13:53 +0000 UTC  }]&#xA;Sep 19 07:23:24.915: INFO: ibmcloud-image-enforcement-76ddccbf9f-kqmlb                      10.46.6.171  Running           [{Initialized True 0001-01-01 00:00:00 +0000 UTC 2018-09-17 07:14:02 +0000 UTC  } {Ready True 0001-01-01 00:00:00 +0000 UTC 2018-09-17 07:14:07 +0000 UTC  } {ContainersReady True 0001-01-01 00:00:00 +0000 UTC 0001-01-01 00:00:00 +0000 UTC  } {PodScheduled True 0001-01-01 00:00:00 +0000 UTC 2018-09-17 07:14:02 +0000 UTC  }]&#xA;Sep 19 07:23:24.915: INFO: icp-management-ingress-x6qn8                                     10.46.6.173  Running           [{Initialized True 0001-01-01 00:00:00 +0000 UTC 2018-09-17 07:10:36 +0000 UTC  } {Ready True 0001-01-01 00:00:00 +0000 UTC 2018-09-17 07:10:48 +0000 UTC  } {ContainersReady True 0001-01-01 00:00:00 +0000 UTC 0001-01-01 00:00:00 +0000 UTC  } {PodScheduled True 0001-01-01 00:00:00 +0000 UTC 2018-09-17 07:10:36 +0000 UTC  }]&#xA;Sep 19 07:23:24.915: INFO: icp-mongodb-0                                                    10.46.6.173  Running           [{Initialized True 0001-01-01 00:00:00 +0000 UTC 2018-09-17 07:09:00 +0000 UTC  } {Ready True 0001-01-01 00:00:00 +0000 UTC 2018-09-17 07:09:17 +0000 UTC  } {ContainersReady True 0001-01-01 00:00:00 +0000 UTC 0001-01-01 00:00:00 +0000 UTC  } {PodScheduled True 0001-01-01 00:00:00 +0000 UTC 2018-09-17 07:07:41 +0000 UTC  }]&#xA;Sep 19 07:23:24.915: INFO: image-manager-0                                                  10.46.6.173  Running           [{Initialized True 0001-01-01 00:00:00 +0000 UTC 2018-09-17 06:38:56 +0000 UTC  } {Ready True 0001-01-01 00:00:00 +0000 UTC 2018-09-17 06:39:08 +0000 UTC  } {ContainersReady True 0001-01-01 00:00:00 +0000 UTC 0001-01-01 00:00:00 +0000 UTC  } {PodScheduled True 0001-01-01 00:00:00 +0000 UTC 2018-09-17 06:38:56 +0000 UTC  }]&#xA;Sep 19 07:23:24.915: INFO: k8s-etcd-10.46.6.173                                             10.46.6.173  Running           [{Initialized True 0001-01-01 00:00:00 +0000 UTC 2018-09-17 06:35:49 +0000 UTC  } {Ready True 0001-01-01 00:00:00 +0000 UTC 2018-09-17 06:35:54 +0000 UTC  } {ContainersReady True 0001-01-01 00:00:00 +0000 UTC 0001-01-01 00:00:00 +0000 UTC  } {PodScheduled True 0001-01-01 00:00:00 +0000 UTC 2018-09-17 06:35:49 +0000 UTC  }]&#xA;Sep 19 07:23:24.915: INFO: k8s-master-10.46.6.173                                           10.46.6.173  Running           [{Initialized True 0001-01-01 00:00:00 +0000 UTC 2018-09-17 06:37:18 +0000 UTC  } {Ready True 0001-01-01 00:00:00 +0000 UTC 2018-09-17 06:37:26 +0000 UTC  } {ContainersReady True 0001-01-01 00:00:00 +0000 UTC 0001-01-01 00:00:00 +0000 UTC  } {PodScheduled True 0001-01-01 00:00:00 +0000 UTC 2018-09-17 06:37:18 +0000 UTC  }]&#xA;Sep 19 07:23:24.915: INFO: k8s-proxy-10.46.6.170                                            10.46.6.170  Running           [{Initialized True 0001-01-01 00:00:00 +0000 UTC 2018-09-17 07:05:43 +0000 UTC  } {Ready True 0001-01-01 00:00:00 +0000 UTC 2018-09-17 07:05:46 +0000 UTC  } {ContainersReady True 0001-01-01 00:00:00 +0000 UTC 0001-01-01 00:00:00 +0000 UTC  } {PodScheduled True 0001-01-01 00:00:00 +0000 UTC 2018-09-17 07:05:43 +0000 UTC  }]&#xA;Sep 19 07:23:24.915: INFO: k8s-proxy-10.46.6.171                                            10.46.6.171  Running           [{Initialized True 0001-01-01 00:00:00 +0000 UTC 2018-09-17 07:05:44 +0000 UTC  } {Ready True 0001-01-01 00:00:00 +0000 UTC 2018-09-17 07:05:46 +0000 UTC  } {ContainersReady True 0001-01-01 00:00:00 +0000 UTC 0001-01-01 00:00:00 +0000 UTC  } {PodScheduled True 0001-01-01 00:00:00 +0000 UTC 2018-09-17 07:05:44 +0000 UTC  }]&#xA;Sep 19 07:23:24.915: INFO: k8s-proxy-10.46.6.172                                            10.46.6.172  Running           [{Initialized True 0001-01-01 00:00:00 +0000 UTC 2018-09-17 07:05:44 +0000 UTC  } {Ready True 0001-01-01 00:00:00 +0000 UTC 2018-09-17 07:05:48 +0000 UTC  } {ContainersReady True 0001-01-01 00:00:00 +0000 UTC 0001-01-01 00:00:00 +0000 UTC  } {PodScheduled True 0001-01-01 00:00:00 +0000 UTC 2018-09-17 07:05:44 +0000 UTC  }]&#xA;Sep 19 07:23:24.915: INFO: k8s-proxy-10.46.6.173                                            10.46.6.173  Running           [{Initialized True 0001-01-01 00:00:00 +0000 UTC 2018-09-17 06:35:45 +0000 UTC  } {Ready True 0001-01-01 00:00:00 +0000 UTC 2018-09-17 06:35:50 +0000 UTC  } {ContainersReady True 0001-01-01 00:00:00 +0000 UTC 0001-01-01 00:00:00 +0000 UTC  } {PodScheduled True 0001-01-01 00:00:00 +0000 UTC 2018-09-17 06:35:45 +0000 UTC  }]&#xA;Sep 19 07:23:24.915: INFO: kube-dns-mwjc8                                                   10.46.6.173  Running           [{Initialized True 0001-01-01 00:00:00 +0000 UTC 2018-09-17 07:06:10 +0000 UTC  } {Ready True 0001-01-01 00:00:00 +0000 UTC 2018-09-17 07:06:18 +0000 UTC  } {ContainersReady True 0001-01-01 00:00:00 +0000 UTC 0001-01-01 00:00:00 +0000 UTC  } {PodScheduled True 0001-01-01 00:00:00 +0000 UTC 2018-09-17 07:06:10 +0000 UTC  }]&#xA;Sep 19 07:23:24.915: INFO: logging-elk-client-75d4d7994c-7g7fn                              10.46.6.171  Running           [{Initialized True 0001-01-01 00:00:00 +0000 UTC 2018-09-17 07:15:40 +0000 UTC  } {Ready True 0001-01-01 00:00:00 +0000 UTC 2018-09-17 07:16:22 +0000 UTC  } {ContainersReady True 0001-01-01 00:00:00 +0000 UTC 0001-01-01 00:00:00 +0000 UTC  } {PodScheduled True 0001-01-01 00:00:00 +0000 UTC 2018-09-17 07:15:20 +0000 UTC  }]&#xA;Sep 19 07:23:24.915: INFO: logging-elk-data-0                                               10.46.6.171  Running           [{Initialized True 0001-01-01 00:00:00 +0000 UTC 2018-09-17 07:15:47 +0000 UTC  } {Ready True 0001-01-01 00:00:00 +0000 UTC 2018-09-17 07:16:16 +0000 UTC  } {ContainersReady True 0001-01-01 00:00:00 +0000 UTC 0001-01-01 00:00:00 +0000 UTC  } {PodScheduled True 0001-01-01 00:00:00 +0000 UTC 2018-09-17 07:15:20 +0000 UTC  }]&#xA;Sep 19 07:23:24.915: INFO: logging-elk-elasticsearch-tls-init-6hnl4                         10.46.6.171  Succeeded         [{Initialized True 0001-01-01 00:00:00 +0000 UTC 2018-09-17 07:15:20 +0000 UTC PodCompleted } {Ready False 0001-01-01 00:00:00 +0000 UTC 2018-09-17 07:17:46 +0000 UTC PodCompleted } {ContainersReady False 0001-01-01 00:00:00 +0000 UTC 0001-01-01 00:00:00 +0000 UTC PodCompleted } {PodScheduled True 0001-01-01 00:00:00 +0000 UTC 2018-09-17 07:15:20 +0000 UTC  }]&#xA;Sep 19 07:23:24.915: INFO: logging-elk-filebeat-ds-bs86r                                    10.46.6.171  Running           [{Initialized True 0001-01-01 00:00:00 +0000 UTC 2018-09-17 07:15:20 +0000 UTC  } {Ready True 0001-01-01 00:00:00 +0000 UTC 2018-09-17 07:15:42 +0000 UTC  } {ContainersReady True 0001-01-01 00:00:00 +0000 UTC 0001-01-01 00:00:00 +0000 UTC  } {PodScheduled True 0001-01-01 00:00:00 +0000 UTC 2018-09-17 07:15:20 +0000 UTC  }]&#xA;Sep 19 07:23:24.915: INFO: logging-elk-filebeat-ds-jtd5q                                    10.46.6.170  Running           [{Initialized True 0001-01-01 00:00:00 +0000 UTC 2018-09-17 07:15:20 +0000 UTC  } {Ready True 0001-01-01 00:00:00 +0000 UTC 2018-09-17 07:15:37 +0000 UTC  } {ContainersReady True 0001-01-01 00:00:00 +0000 UTC 0001-01-01 00:00:00 +0000 UTC  } {PodScheduled True 0001-01-01 00:00:00 +0000 UTC 2018-09-17 07:15:20 +0000 UTC  }]&#xA;Sep 19 07:23:24.915: INFO: logging-elk-filebeat-ds-qf2vz                                    10.46.6.173  Running           [{Initialized True 0001-01-01 00:00:00 +0000 UTC 2018-09-17 07:15:20 +0000 UTC  } {Ready True 0001-01-01 00:00:00 +0000 UTC 2018-09-17 07:15:39 +0000 UTC  } {ContainersReady True 0001-01-01 00:00:00 +0000 UTC 0001-01-01 00:00:00 +0000 UTC  } {PodScheduled True 0001-01-01 00:00:00 +0000 UTC 2018-09-17 07:15:20 +0000 UTC  }]&#xA;Sep 19 07:23:24.915: INFO: logging-elk-filebeat-ds-vpk48                                    10.46.6.172  Running           [{Initialized True 0001-01-01 00:00:00 +0000 UTC 2018-09-17 07:15:20 +0000 UTC  } {Ready True 0001-01-01 00:00:00 +0000 UTC 2018-09-17 07:15:39 +0000 UTC  } {ContainersReady True 0001-01-01 00:00:00 +0000 UTC 0001-01-01 00:00:00 +0000 UTC  } {PodScheduled True 0001-01-01 00:00:00 +0000 UTC 2018-09-17 07:15:20 +0000 UTC  }]&#xA;Sep 19 07:23:24.915: INFO: logging-elk-kibana-ff4db4866-s2295                               10.46.6.171  Running           [{Initialized True 0001-01-01 00:00:00 +0000 UTC 2018-09-17 07:15:21 +0000 UTC  } {Ready True 0001-01-01 00:00:00 +0000 UTC 2018-09-17 07:15:45 +0000 UTC  } {ContainersReady True 0001-01-01 00:00:00 +0000 UTC 0001-01-01 00:00:00 +0000 UTC  } {PodScheduled True 0001-01-01 00:00:00 +0000 UTC 2018-09-17 07:15:21 +0000 UTC  }]&#xA;Sep 19 07:23:24.915: INFO: logging-elk-logstash-7994656f46-r89mt                            10.46.6.171  Running           [{Initialized True 0001-01-01 00:00:00 +0000 UTC 2018-09-17 07:15:22 +0000 UTC  } {Ready True 0001-01-01 00:00:00 +0000 UTC 2018-09-17 07:16:16 +0000 UTC  } {ContainersReady True 0001-01-01 00:00:00 +0000 UTC 0001-01-01 00:00:00 +0000 UTC  } {PodScheduled True 0001-01-01 00:00:00 +0000 UTC 2018-09-17 07:15:21 +0000 UTC  }]&#xA;Sep 19 07:23:24.915: INFO: logging-elk-master-6cdcf45f7d-gp28f                              10.46.6.171  Running           [{Initialized True 0001-01-01 00:00:00 +0000 UTC 2018-09-17 07:15:47 +0000 UTC  } {Ready True 0001-01-01 00:00:00 +0000 UTC 2018-09-17 07:16:16 +0000 UTC  } {ContainersReady True 0001-01-01 00:00:00 +0000 UTC 0001-01-01 00:00:00 +0000 UTC  } {PodScheduled True 0001-01-01 00:00:00 +0000 UTC 2018-09-17 07:15:21 +0000 UTC  }]&#xA;Sep 19 07:23:24.915: INFO: mariadb-0                                                        10.46.6.173  Running           [{Initialized True 0001-01-01 00:00:00 +0000 UTC 2018-09-17 07:08:38 +0000 UTC  } {Ready True 0001-01-01 00:00:00 +0000 UTC 2018-09-17 07:09:15 +0000 UTC  } {ContainersReady True 0001-01-01 00:00:00 +0000 UTC 0001-01-01 00:00:00 +0000 UTC  } {PodScheduled True 0001-01-01 00:00:00 +0000 UTC 2018-09-17 07:08:37 +0000 UTC  }]&#xA;Sep 19 07:23:24.915: INFO: metering-dm-8b475fc57-cmm6h                                      10.46.6.171  Running           [{Initialized True 0001-01-01 00:00:00 +0000 UTC 2018-09-17 07:14:20 +0000 UTC  } {Ready True 0001-01-01 00:00:00 +0000 UTC 2018-09-17 07:14:49 +0000 UTC  } {ContainersReady True 0001-01-01 00:00:00 +0000 UTC 0001-01-01 00:00:00 +0000 UTC  } {PodScheduled True 0001-01-01 00:00:00 +0000 UTC 2018-09-17 07:14:12 +0000 UTC  }]&#xA;Sep 19 07:23:24.915: INFO: metering-reader-44wd7                                            10.46.6.170  Running           [{Initialized True 0001-01-01 00:00:00 +0000 UTC 2018-09-17 07:14:20 +0000 UTC  } {Ready True 0001-01-01 00:00:00 +0000 UTC 2018-09-17 07:14:46 +0000 UTC  } {ContainersReady True 0001-01-01 00:00:00 +0000 UTC 0001-01-01 00:00:00 +0000 UTC  } {PodScheduled True 0001-01-01 00:00:00 +0000 UTC 2018-09-17 07:14:11 +0000 UTC  }]&#xA;Sep 19 07:23:24.915: INFO: metering-reader-gsrdg                                            10.46.6.172  Running           [{Initialized True 0001-01-01 00:00:00 +0000 UTC 2018-09-17 07:14:23 +0000 UTC  } {Ready True 0001-01-01 00:00:00 +0000 UTC 2018-09-17 07:14:52 +0000 UTC  } {ContainersReady True 0001-01-01 00:00:00 +0000 UTC 0001-01-01 00:00:00 +0000 UTC  } {PodScheduled True 0001-01-01 00:00:00 +0000 UTC 2018-09-17 07:14:11 +0000 UTC  }]&#xA;Sep 19 07:23:24.915: INFO: metering-reader-l7284                                            10.46.6.173  Running           [{Initialized True 0001-01-01 00:00:00 +0000 UTC 2018-09-17 07:14:24 +0000 UTC  } {Ready True 0001-01-01 00:00:00 +0000 UTC 2018-09-17 07:14:45 +0000 UTC  } {ContainersReady True 0001-01-01 00:00:00 +0000 UTC 0001-01-01 00:00:00 +0000 UTC  } {PodScheduled True 0001-01-01 00:00:00 +0000 UTC 2018-09-17 07:14:11 +0000 UTC  }]&#xA;Sep 19 07:23:24.915: INFO: metering-reader-xq8f2                                            10.46.6.171  Running           [{Initialized True 0001-01-01 00:00:00 +0000 UTC 2018-09-17 07:14:23 +0000 UTC  } {Ready True 0001-01-01 00:00:00 +0000 UTC 2018-09-17 07:14:55 +0000 UTC  } {ContainersReady True 0001-01-01 00:00:00 +0000 UTC 0001-01-01 00:00:00 +0000 UTC  } {PodScheduled True 0001-01-01 00:00:00 +0000 UTC 2018-09-17 07:14:11 +0000 UTC  }]&#xA;Sep 19 07:23:24.915: INFO: metering-ui-5bbfbb5d49-wkh8m                                     10.46.6.171  Running           [{Initialized True 0001-01-01 00:00:00 +0000 UTC 2018-09-17 07:14:22 +0000 UTC  } {Ready True 0001-01-01 00:00:00 +0000 UTC 2018-09-17 07:14:55 +0000 UTC  } {ContainersReady True 0001-01-01 00:00:00 +0000 UTC 0001-01-01 00:00:00 +0000 UTC  } {PodScheduled True 0001-01-01 00:00:00 +0000 UTC 2018-09-17 07:14:12 +0000 UTC  }]&#xA;Sep 19 07:23:24.915: INFO: metrics-server-6d6695f9db-8t4xs                                  10.46.6.171  Running           [{Initialized True 0001-01-01 00:00:00 +0000 UTC 2018-09-17 07:08:51 +0000 UTC  } {Ready True 0001-01-01 00:00:00 +0000 UTC 2018-09-17 07:08:55 +0000 UTC  } {ContainersReady True 0001-01-01 00:00:00 +0000 UTC 0001-01-01 00:00:00 +0000 UTC  } {PodScheduled True 0001-01-01 00:00:00 +0000 UTC 2018-09-17 07:08:51 +0000 UTC  }]&#xA;Sep 19 07:23:24.915: INFO: mgmt-repo-57dc689b74-tmp44                                       10.46.6.173  Running           [{Initialized True 0001-01-01 00:00:00 +0000 UTC 2018-09-17 07:18:10 +0000 UTC  } {Ready True 0001-01-01 00:00:00 +0000 UTC 2018-09-17 07:18:54 +0000 UTC  } {ContainersReady True 0001-01-01 00:00:00 +0000 UTC 0001-01-01 00:00:00 +0000 UTC  } {PodScheduled True 0001-01-01 00:00:00 +0000 UTC 2018-09-17 07:17:50 +0000 UTC  }]&#xA;Sep 19 07:23:24.915: INFO: monitoring-grafana-548b947c8c-dh89z                              10.46.6.171  Running           [{Initialized True 0001-01-01 00:00:00 +0000 UTC 2018-09-17 07:16:14 +0000 UTC  } {Ready True 0001-01-01 00:00:00 +0000 UTC 2018-09-17 07:16:59 +0000 UTC  } {ContainersReady True 0001-01-01 00:00:00 +0000 UTC 0001-01-01 00:00:00 +0000 UTC  } {PodScheduled True 0001-01-01 00:00:00 +0000 UTC 2018-09-17 07:15:46 +0000 UTC  }]&#xA;Sep 19 07:23:24.915: INFO: monitoring-prometheus-6677d7c77f-pnpt5                           10.46.6.171  Running           [{Initialized True 0001-01-01 00:00:00 +0000 UTC 2018-09-17 07:16:14 +0000 UTC  } {Ready True 0001-01-01 00:00:00 +0000 UTC 2018-09-17 07:17:03 +0000 UTC  } {ContainersReady True 0001-01-01 00:00:00 +0000 UTC 0001-01-01 00:00:00 +0000 UTC  } {PodScheduled True 0001-01-01 00:00:00 +0000 UTC 2018-09-17 07:15:45 +0000 UTC  }]&#xA;Sep 19 07:23:24.915: INFO: monitoring-prometheus-alertmanager-7d8749dbb8-xj68d              10.46.6.171  Running           [{Initialized True 0001-01-01 00:00:00 +0000 UTC 2018-09-17 07:15:46 +0000 UTC  } {Ready True 0001-01-01 00:00:00 +0000 UTC 2018-09-17 07:16:45 +0000 UTC  } {ContainersReady True 0001-01-01 00:00:00 +0000 UTC 0001-01-01 00:00:00 +0000 UTC  } {PodScheduled True 0001-01-01 00:00:00 +0000 UTC 2018-09-17 07:15:45 +0000 UTC  }]&#xA;Sep 19 07:23:24.915: INFO: monitoring-prometheus-collectdexporter-77575678dc-v8n2l          10.46.6.171  Running           [{Initialized True 0001-01-01 00:00:00 +0000 UTC 2018-09-17 07:15:46 +0000 UTC  } {Ready True 0001-01-01 00:00:00 +0000 UTC 2018-09-17 07:16:42 +0000 UTC  } {ContainersReady True 0001-01-01 00:00:00 +0000 UTC 0001-01-01 00:00:00 +0000 UTC  } {PodScheduled True 0001-01-01 00:00:00 +0000 UTC 2018-09-17 07:15:45 +0000 UTC  }]&#xA;Sep 19 07:23:24.915: INFO: monitoring-prometheus-elasticsearchexporter-655864cccb-c6tps     10.46.6.171  Running           [{Initialized True 0001-01-01 00:00:00 +0000 UTC 2018-09-17 07:15:46 +0000 UTC  } {Ready True 0001-01-01 00:00:00 +0000 UTC 2018-09-17 07:16:52 +0000 UTC  } {ContainersReady True 0001-01-01 00:00:00 +0000 UTC 0001-01-01 00:00:00 +0000 UTC  } {PodScheduled True 0001-01-01 00:00:00 +0000 UTC 2018-09-17 07:15:45 +0000 UTC  }]&#xA;Sep 19 07:23:24.915: INFO: monitoring-prometheus-kubestatemetrics-54dcbb6cfb-76zmm          10.46.6.171  Running           [{Initialized True 0001-01-01 00:00:00 +0000 UTC 2018-09-17 07:15:45 +0000 UTC  } {Ready True 0001-01-01 00:00:00 +0000 UTC 2018-09-17 07:16:34 +0000 UTC  } {ContainersReady True 0001-01-01 00:00:00 +0000 UTC 0001-01-01 00:00:00 +0000 UTC  } {PodScheduled True 0001-01-01 00:00:00 +0000 UTC 2018-09-17 07:15:45 +0000 UTC  }]&#xA;Sep 19 07:23:24.915: INFO: monitoring-prometheus-nodeexporter-9fnpb                         10.46.6.171  Running           [{Initialized True 0001-01-01 00:00:00 +0000 UTC 2018-09-17 07:15:44 +0000 UTC  } {Ready True 0001-01-01 00:00:00 +0000 UTC 2018-09-17 07:16:44 +0000 UTC  } {ContainersReady True 0001-01-01 00:00:00 +0000 UTC 0001-01-01 00:00:00 +0000 UTC  } {PodScheduled True 0001-01-01 00:00:00 +0000 UTC 2018-09-17 07:15:44 +0000 UTC  }]&#xA;Sep 19 07:23:24.915: INFO: monitoring-prometheus-nodeexporter-f84fv                         10.46.6.173  Running           [{Initialized True 0001-01-01 00:00:00 +0000 UTC 2018-09-17 07:15:45 +0000 UTC  } {Ready True 0001-01-01 00:00:00 +0000 UTC 2018-09-17 07:16:28 +0000 UTC  } {ContainersReady True 0001-01-01 00:00:00 +0000 UTC 0001-01-01 00:00:00 +0000 UTC  } {PodScheduled True 0001-01-01 00:00:00 +0000 UTC 2018-09-17 07:15:45 +0000 UTC  }]&#xA;Sep 19 07:23:24.915: INFO: monitoring-prometheus-nodeexporter-tpbc8                         10.46.6.170  Running           [{Initialized True 0001-01-01 00:00:00 +0000 UTC 2018-09-17 07:15:44 +0000 UTC  } {Ready True 0001-01-01 00:00:00 +0000 UTC 2018-09-17 07:16:27 +0000 UTC  } {ContainersReady True 0001-01-01 00:00:00 +0000 UTC 0001-01-01 00:00:00 +0000 UTC  } {PodScheduled True 0001-01-01 00:00:00 +0000 UTC 2018-09-17 07:15:44 +0000 UTC  }]&#xA;Sep 19 07:23:24.915: INFO: monitoring-prometheus-nodeexporter-v4l7d                         10.46.6.172  Running           [{Initialized True 0001-01-01 00:00:00 +0000 UTC 2018-09-17 07:15:44 +0000 UTC  } {Ready True 0001-01-01 00:00:00 +0000 UTC 2018-09-17 07:16:31 +0000 UTC  } {ContainersReady True 0001-01-01 00:00:00 +0000 UTC 0001-01-01 00:00:00 +0000 UTC  } {PodScheduled True 0001-01-01 00:00:00 +0000 UTC 2018-09-17 07:15:44 +0000 UTC  }]&#xA;Sep 19 07:23:24.915: INFO: my-ibm-open-liberty-ibm-7f7d9778d7-7t5jc                         10.46.6.170  Running           [{Initialized True 0001-01-01 00:00:00 +0000 UTC 2018-09-17 08:22:24 +0000 UTC  } {Ready True 0001-01-01 00:00:00 +0000 UTC 2018-09-17 08:23:21 +0000 UTC  } {ContainersReady True 0001-01-01 00:00:00 +0000 UTC 0001-01-01 00:00:00 +0000 UTC  } {PodScheduled True 0001-01-01 00:00:00 +0000 UTC 2018-09-17 08:22:24 +0000 UTC  }]&#xA;Sep 19 07:23:24.915: INFO: nginx-ingress-controller-h5z2v                                   10.46.6.173  Running           [{Initialized True 0001-01-01 00:00:00 +0000 UTC 2018-09-17 07:08:39 +0000 UTC  } {Ready True 0001-01-01 00:00:00 +0000 UTC 2018-09-17 07:08:54 +0000 UTC  } {ContainersReady True 0001-01-01 00:00:00 +0000 UTC 0001-01-01 00:00:00 +0000 UTC  } {PodScheduled True 0001-01-01 00:00:00 +0000 UTC 2018-09-17 07:08:28 +0000 UTC  }]&#xA;Sep 19 07:23:24.915: INFO: nvidia-device-plugin-9h2k4                                       10.46.6.170  Running           [{Initialized True 0001-01-01 00:00:00 +0000 UTC 2018-09-17 07:07:23 +0000 UTC  } {Ready True 0001-01-01 00:00:00 +0000 UTC 2018-09-17 07:07:24 +0000 UTC  } {ContainersReady True 0001-01-01 00:00:00 +0000 UTC 0001-01-01 00:00:00 +0000 UTC  } {PodScheduled True 0001-01-01 00:00:00 +0000 UTC 2018-09-17 07:07:17 +0000 UTC  }]&#xA;Sep 19 07:23:24.915: INFO: nvidia-device-plugin-nh54k                                       10.46.6.173  Running           [{Initialized True 0001-01-01 00:00:00 +0000 UTC 2018-09-17 07:07:29 +0000 UTC  } {Ready True 0001-01-01 00:00:00 +0000 UTC 2018-09-17 07:07:33 +0000 UTC  } {ContainersReady True 0001-01-01 00:00:00 +0000 UTC 0001-01-01 00:00:00 +0000 UTC  } {PodScheduled True 0001-01-01 00:00:00 +0000 UTC 2018-09-17 07:07:17 +0000 UTC  }]&#xA;Sep 19 07:23:24.915: INFO: nvidia-device-plugin-vh85n                                       10.46.6.171  Running           [{Initialized True 0001-01-01 00:00:00 +0000 UTC 2018-09-17 07:07:21 +0000 UTC  } {Ready True 0001-01-01 00:00:00 +0000 UTC 2018-09-17 07:07:23 +0000 UTC  } {ContainersReady True 0001-01-01 00:00:00 +0000 UTC 0001-01-01 00:00:00 +0000 UTC  } {PodScheduled True 0001-01-01 00:00:00 +0000 UTC 2018-09-17 07:07:17 +0000 UTC  }]&#xA;Sep 19 07:23:24.915: INFO: nvidia-device-plugin-w9jr8                                       10.46.6.172  Running           [{Initialized True 0001-01-01 00:00:00 +0000 UTC 2018-09-17 07:07:24 +0000 UTC  } {Ready True 0001-01-01 00:00:00 +0000 UTC 2018-09-17 07:07:26 +0000 UTC  } {ContainersReady True 0001-01-01 00:00:00 +0000 UTC 0001-01-01 00:00:00 +0000 UTC  } {PodScheduled True 0001-01-01 00:00:00 +0000 UTC 2018-09-17 07:07:17 +0000 UTC  }]&#xA;Sep 19 07:23:24.915: INFO: oidc-client-registration-szxrk                                   10.46.6.173  Succeeded         [{Initialized True 0001-01-01 00:00:00 +0000 UTC 2018-09-17 07:10:05 +0000 UTC PodCompleted } {Ready False 0001-01-01 00:00:00 +0000 UTC 2018-09-17 07:12:27 +0000 UTC PodCompleted } {ContainersReady False 0001-01-01 00:00:00 +0000 UTC 0001-01-01 00:00:00 +0000 UTC PodCompleted } {PodScheduled True 0001-01-01 00:00:00 +0000 UTC 2018-09-17 07:10:04 +0000 UTC  }]&#xA;Sep 19 07:23:24.915: INFO: platform-api-2fs4x                                               10.46.6.173  Running           [{Initialized True 0001-01-01 00:00:00 +0000 UTC 2018-09-17 07:08:45 +0000 UTC  } {Ready True 0001-01-01 00:00:00 +0000 UTC 2018-09-17 07:16:29 +0000 UTC  } {ContainersReady True 0001-01-01 00:00:00 +0000 UTC 0001-01-01 00:00:00 +0000 UTC  } {PodScheduled True 0001-01-01 00:00:00 +0000 UTC 2018-09-17 07:08:45 +0000 UTC  }]&#xA;Sep 19 07:23:24.915: INFO: platform-deploy-dbbks                                            10.46.6.173  Running           [{Initialized True 0001-01-01 00:00:00 +0000 UTC 2018-09-17 07:08:45 +0000 UTC  } {Ready True 0001-01-01 00:00:00 +0000 UTC 2018-09-17 07:08:57 +0000 UTC  } {ContainersReady True 0001-01-01 00:00:00 +0000 UTC 0001-01-01 00:00:00 +0000 UTC  } {PodScheduled True 0001-01-01 00:00:00 +0000 UTC 2018-09-17 07:08:45 +0000 UTC  }]&#xA;Sep 19 07:23:24.915: INFO: platform-ui-6fjgx                                                10.46.6.173  Running           [{Initialized True 0001-01-01 00:00:00 +0000 UTC 2018-09-17 07:14:34 +0000 UTC  } {Ready True 0001-01-01 00:00:00 +0000 UTC 2018-09-17 07:15:20 +0000 UTC  } {ContainersReady True 0001-01-01 00:00:00 +0000 UTC 0001-01-01 00:00:00 +0000 UTC  } {PodScheduled True 0001-01-01 00:00:00 +0000 UTC 2018-09-17 07:14:34 +0000 UTC  }]&#xA;Sep 19 07:23:24.915: INFO: secret-watcher-5f59fcbc69-pfnfk                                  10.46.6.173  Running           [{Initialized True 0001-01-01 00:00:00 +0000 UTC 2018-09-17 07:18:05 +0000 UTC  } {Ready True 0001-01-01 00:00:00 +0000 UTC 2018-09-17 07:18:30 +0000 UTC  } {ContainersReady True 0001-01-01 00:00:00 +0000 UTC 0001-01-01 00:00:00 +0000 UTC  } {PodScheduled True 0001-01-01 00:00:00 +0000 UTC 2018-09-17 07:18:04 +0000 UTC  }]&#xA;Sep 19 07:23:24.915: INFO: security-onboarding-tkf79                                        10.46.6.173  Succeeded         [{Initialized True 0001-01-01 00:00:00 +0000 UTC 2018-09-17 07:18:12 +0000 UTC PodCompleted } {Ready False 0001-01-01 00:00:00 +0000 UTC 2018-09-17 07:20:02 +0000 UTC PodCompleted } {ContainersReady False 0001-01-01 00:00:00 +0000 UTC 0001-01-01 00:00:00 +0000 UTC PodCompleted } {PodScheduled True 0001-01-01 00:00:00 +0000 UTC 2018-09-17 07:18:12 +0000 UTC  }]&#xA;Sep 19 07:23:24.915: INFO: service-catalog-apiserver-967x9                                  10.46.6.173  Running           [{Initialized True 0001-01-01 00:00:00 +0000 UTC 2018-09-17 07:08:20 +0000 UTC  } {Ready True 0001-01-01 00:00:00 +0000 UTC 2018-09-17 07:09:01 +0000 UTC  } {ContainersReady True 0001-01-01 00:00:00 +0000 UTC 0001-01-01 00:00:00 +0000 UTC  } {PodScheduled True 0001-01-01 00:00:00 +0000 UTC 2018-09-17 07:08:20 +0000 UTC  }]&#xA;Sep 19 07:23:24.915: INFO: service-catalog-controller-manager-5969cccf86-65phs              10.46.6.173  Running           [{Initialized True 0001-01-01 00:00:00 +0000 UTC 2018-09-17 07:08:21 +0000 UTC  } {Ready True 0001-01-01 00:00:00 +0000 UTC 2018-09-17 07:08:34 +0000 UTC  } {ContainersReady True 0001-01-01 00:00:00 +0000 UTC 0001-01-01 00:00:00 +0000 UTC  } {PodScheduled True 0001-01-01 00:00:00 +0000 UTC 2018-09-17 07:08:20 +0000 UTC  }]&#xA;Sep 19 07:23:24.915: INFO: tiller-deploy-6b58875cb-5l8kh                                    10.46.6.173  Running           [{Initialized True 0001-01-01 00:00:00 +0000 UTC 2018-09-17 07:05:28 +0000 UTC  } {Ready True 0001-01-01 00:00:00 +0000 UTC 2018-09-17 07:05:43 +0000 UTC  } {ContainersReady True 0001-01-01 00:00:00 +0000 UTC 0001-01-01 00:00:00 +0000 UTC  } {PodScheduled True 0001-01-01 00:00:00 +0000 UTC 2018-09-17 07:05:28 +0000 UTC  }]&#xA;Sep 19 07:23:24.915: INFO: unified-router-lkwnl                                             10.46.6.173  Running           [{Initialized True 0001-01-01 00:00:00 +0000 UTC 2018-09-17 07:15:31 +0000 UTC  } {Ready True 0001-01-01 00:00:00 +0000 UTC 2018-09-17 07:15:40 +0000 UTC  } {ContainersReady True 0001-01-01 00:00:00 +0000 UTC 0001-01-01 00:00:00 +0000 UTC  } {PodScheduled True 0001-01-01 00:00:00 +0000 UTC 2018-09-17 07:15:31 +0000 UTC  }]&#xA;Sep 19 07:23:24.916: INFO: vulnerability-advisor-compliance-annotator-d5659b9d9-kmn8q       10.46.6.172  Running           [{Initialized True 0001-01-01 00:00:00 +0000 UTC 2018-09-17 07:19:03 +0000 UTC  } {Ready True 0001-01-01 00:00:00 +0000 UTC 2018-09-17 07:21:08 +0000 UTC  } {ContainersReady True 0001-01-01 00:00:00 +0000 UTC 0001-01-01 00:00:00 +0000 UTC  } {PodScheduled True 0001-01-01 00:00:00 +0000 UTC 2018-09-17 07:19:03 +0000 UTC  }]&#xA;Sep 19 07:23:24.916: INFO: vulnerability-advisor-compliance-indexer-7cbdc64b57-47lmd        10.46.6.172  Running           [{Initialized True 0001-01-01 00:00:00 +0000 UTC 2018-09-17 07:19:07 +0000 UTC  } {Ready True 0001-01-01 00:00:00 +0000 UTC 2018-09-17 07:19:33 +0000 UTC  } {ContainersReady True 0001-01-01 00:00:00 +0000 UTC 0001-01-01 00:00:00 +0000 UTC  } {PodScheduled True 0001-01-01 00:00:00 +0000 UTC 2018-09-17 07:19:06 +0000 UTC  }]&#xA;Sep 19 07:23:24.916: INFO: vulnerability-advisor-config-parser-5d44b78fd5-z4k9t             10.46.6.172  Running           [{Initialized True 0001-01-01 00:00:00 +0000 UTC 2018-09-17 07:19:04 +0000 UTC  } {Ready True 0001-01-01 00:00:00 +0000 UTC 2018-09-17 07:21:09 +0000 UTC  } {ContainersReady True 0001-01-01 00:00:00 +0000 UTC 0001-01-01 00:00:00 +0000 UTC  } {PodScheduled True 0001-01-01 00:00:00 +0000 UTC 2018-09-17 07:19:03 +0000 UTC  }]&#xA;Sep 19 07:23:24.916: INFO: vulnerability-advisor-cos-indexer-57899b7dd6-7cpf8               10.46.6.172  Running           [{Initialized True 0001-01-01 00:00:00 +0000 UTC 2018-09-17 07:19:04 +0000 UTC  } {Ready True 0001-01-01 00:00:00 +0000 UTC 2018-09-19 07:20:04 +0000 UTC  } {ContainersReady True 0001-01-01 00:00:00 +0000 UTC 0001-01-01 00:00:00 +0000 UTC  } {PodScheduled True 0001-01-01 00:00:00 +0000 UTC 2018-09-17 07:19:04 +0000 UTC  }]&#xA;Sep 19 07:23:24.916: INFO: vulnerability-advisor-kafka-0                                    10.46.6.172  Running           [{Initialized True 0001-01-01 00:00:00 +0000 UTC 2018-09-17 07:19:13 +0000 UTC  } {Ready True 0001-01-01 00:00:00 +0000 UTC 2018-09-17 07:20:53 +0000 UTC  } {ContainersReady True 0001-01-01 00:00:00 +0000 UTC 0001-01-01 00:00:00 +0000 UTC  } {PodScheduled True 0001-01-01 00:00:00 +0000 UTC 2018-09-17 07:19:13 +0000 UTC  }]&#xA;Sep 19 07:23:24.916: INFO: vulnerability-advisor-live-crawler-84st2                         10.46.6.172  Running           [{Initialized True 0001-01-01 00:00:00 +0000 UTC 2018-09-17 07:19:03 +0000 UTC  } {Ready True 0001-01-01 00:00:00 +0000 UTC 2018-09-17 07:19:26 +0000 UTC  } {ContainersReady True 0001-01-01 00:00:00 +0000 UTC 0001-01-01 00:00:00 +0000 UTC  } {PodScheduled True 0001-01-01 00:00:00 +0000 UTC 2018-09-17 07:19:03 +0000 UTC  }]&#xA;Sep 19 07:23:24.916: INFO: vulnerability-advisor-live-crawler-ccxd7                         10.46.6.170  Running           [{Initialized True 0001-01-01 00:00:00 +0000 UTC 2018-09-17 07:19:03 +0000 UTC  } {Ready True 0001-01-01 00:00:00 +0000 UTC 2018-09-17 07:19:14 +0000 UTC  } {ContainersReady True 0001-01-01 00:00:00 +0000 UTC 0001-01-01 00:00:00 +0000 UTC  } {PodScheduled True 0001-01-01 00:00:00 +0000 UTC 2018-09-17 07:19:03 +0000 UTC  }]&#xA;Sep 19 07:23:24.916: INFO: vulnerability-advisor-live-crawler-p6khc                         10.46.6.173  Running           [{Initialized True 0001-01-01 00:00:00 +0000 UTC 2018-09-17 07:19:02 +0000 UTC  } {Ready True 0001-01-01 00:00:00 +0000 UTC 2018-09-17 07:19:22 +0000 UTC  } {ContainersReady True 0001-01-01 00:00:00 +0000 UTC 0001-01-01 00:00:00 +0000 UTC  } {PodScheduled True 0001-01-01 00:00:00 +0000 UTC 2018-09-17 07:19:02 +0000 UTC  }]&#xA;Sep 19 07:23:24.916: INFO: vulnerability-advisor-live-crawler-xxz8p                         10.46.6.171  Running           [{Initialized True 0001-01-01 00:00:00 +0000 UTC 2018-09-17 07:19:03 +0000 UTC  } {Ready True 0001-01-01 00:00:00 +0000 UTC 2018-09-17 07:19:18 +0000 UTC  } {ContainersReady True 0001-01-01 00:00:00 +0000 UTC 0001-01-01 00:00:00 +0000 UTC  } {PodScheduled True 0001-01-01 00:00:00 +0000 UTC 2018-09-17 07:19:03 +0000 UTC  }]&#xA;Sep 19 07:23:24.916: INFO: vulnerability-advisor-ma-file-annotator-6b95df8886-jtczz         10.46.6.172  Running           [{Initialized True 0001-01-01 00:00:00 +0000 UTC 2018-09-17 07:19:04 +0000 UTC  } {Ready True 0001-01-01 00:00:00 +0000 UTC 2018-09-17 07:23:32 +0000 UTC  } {ContainersReady True 0001-01-01 00:00:00 +0000 UTC 0001-01-01 00:00:00 +0000 UTC  } {PodScheduled True 0001-01-01 00:00:00 +0000 UTC 2018-09-17 07:19:04 +0000 UTC  }]&#xA;Sep 19 07:23:24.916: INFO: vulnerability-advisor-minio-0                                    10.46.6.172  Running           [{Initialized True 0001-01-01 00:00:00 +0000 UTC 2018-09-17 07:21:51 +0000 UTC  } {Ready True 0001-01-01 00:00:00 +0000 UTC 2018-09-17 07:21:54 +0000 UTC  } {ContainersReady True 0001-01-01 00:00:00 +0000 UTC 0001-01-01 00:00:00 +0000 UTC  } {PodScheduled True 0001-01-01 00:00:00 +0000 UTC 2018-09-17 07:19:15 +0000 UTC  }]&#xA;Sep 19 07:23:24.916: INFO: vulnerability-advisor-minio-cleaner-1537228740-55f4w             10.46.6.172  Succeeded         [{Initialized True 0001-01-01 00:00:00 +0000 UTC 2018-09-17 23:59:03 +0000 UTC PodCompleted } {Ready False 0001-01-01 00:00:00 +0000 UTC 2018-09-17 23:59:42 +0000 UTC PodCompleted } {ContainersReady False 0001-01-01 00:00:00 +0000 UTC 0001-01-01 00:00:00 +0000 UTC PodCompleted } {PodScheduled True 0001-01-01 00:00:00 +0000 UTC 2018-09-17 23:59:03 +0000 UTC  }]&#xA;Sep 19 07:23:24.916: INFO: vulnerability-advisor-minio-cleaner-1537315140-nqk7v             10.46.6.172  Succeeded         [{Initialized True 0001-01-01 00:00:00 +0000 UTC 2018-09-18 23:59:04 +0000 UTC PodCompleted } {Ready False 0001-01-01 00:00:00 +0000 UTC 2018-09-19 00:00:52 +0000 UTC PodCompleted } {ContainersReady False 0001-01-01 00:00:00 +0000 UTC 0001-01-01 00:00:00 +0000 UTC PodCompleted } {PodScheduled True 0001-01-01 00:00:00 +0000 UTC 2018-09-18 23:59:04 +0000 UTC  }]&#xA;Sep 19 07:23:24.916: INFO: vulnerability-advisor-notification-dispatcher-86f8bf4b4d-cfdzb   10.46.6.172  Running           [{Initialized True 0001-01-01 00:00:00 +0000 UTC 2018-09-17 07:19:04 +0000 UTC  } {Ready True 0001-01-01 00:00:00 +0000 UTC 2018-09-17 07:20:31 +0000 UTC  } {ContainersReady True 0001-01-01 00:00:00 +0000 UTC 0001-01-01 00:00:00 +0000 UTC  } {PodScheduled True 0001-01-01 00:00:00 +0000 UTC 2018-09-17 07:19:04 +0000 UTC  }]&#xA;Sep 19 07:23:24.916: INFO: vulnerability-advisor-password-annotator-79b5d794b5-wnwqn        10.46.6.172  Running           [{Initialized True 0001-01-01 00:00:00 +0000 UTC 2018-09-17 07:19:05 +0000 UTC  } {Ready True 0001-01-01 00:00:00 +0000 UTC 2018-09-17 07:20:29 +0000 UTC  } {ContainersReady True 0001-01-01 00:00:00 +0000 UTC 0001-01-01 00:00:00 +0000 UTC  } {PodScheduled True 0001-01-01 00:00:00 +0000 UTC 2018-09-17 07:19:04 +0000 UTC  }]&#xA;Sep 19 07:23:24.916: INFO: vulnerability-advisor-process-ma-annotator-58f47d5b5f-4wglg      10.46.6.172  Running           [{Initialized True 0001-01-01 00:00:00 +0000 UTC 2018-09-17 07:19:06 +0000 UTC  } {Ready True 0001-01-01 00:00:00 +0000 UTC 2018-09-17 07:20:56 +0000 UTC  } {ContainersReady True 0001-01-01 00:00:00 +0000 UTC 0001-01-01 00:00:00 +0000 UTC  } {PodScheduled True 0001-01-01 00:00:00 +0000 UTC 2018-09-17 07:19:05 +0000 UTC  }]&#xA;Sep 19 07:23:24.916: INFO: vulnerability-advisor-process-ma-annotator-58f47d5b5f-xbxrc      10.46.6.172  Running           [{Initialized True 0001-01-01 00:00:00 +0000 UTC 2018-09-17 07:19:06 +0000 UTC  } {Ready True 0001-01-01 00:00:00 +0000 UTC 2018-09-17 07:21:50 +0000 UTC  } {ContainersReady True 0001-01-01 00:00:00 +0000 UTC 0001-01-01 00:00:00 +0000 UTC  } {PodScheduled True 0001-01-01 00:00:00 +0000 UTC 2018-09-17 07:19:05 +0000 UTC  }]&#xA;Sep 19 07:23:24.916: INFO: vulnerability-advisor-process-ma-annotator-init-869545d547nn27w  10.46.6.172  Running           [{Initialized True 0001-01-01 00:00:00 +0000 UTC 2018-09-17 07:19:06 +0000 UTC  } {Ready True 0001-01-01 00:00:00 +0000 UTC 2018-09-17 07:19:42 +0000 UTC  } {ContainersReady True 0001-01-01 00:00:00 +0000 UTC 0001-01-01 00:00:00 +0000 UTC  } {PodScheduled True 0001-01-01 00:00:00 +0000 UTC 2018-09-17 07:19:05 +0000 UTC  }]&#xA;Sep 19 07:23:24.916: INFO: vulnerability-advisor-process-ma-crawler-24z6k                   10.46.6.172  Running           [{Initialized True 0001-01-01 00:00:00 +0000 UTC 2018-09-17 07:19:03 +0000 UTC  } {Ready True 0001-01-01 00:00:00 +0000 UTC 2018-09-17 07:19:32 +0000 UTC  } {ContainersReady True 0001-01-01 00:00:00 +0000 UTC 0001-01-01 00:00:00 +0000 UTC  } {PodScheduled True 0001-01-01 00:00:00 +0000 UTC 2018-09-17 07:19:03 +0000 UTC  }]&#xA;Sep 19 07:23:24.916: INFO: vulnerability-advisor-process-ma-crawler-5g4zk                   10.46.6.170  Running           [{Initialized True 0001-01-01 00:00:00 +0000 UTC 2018-09-17 07:19:03 +0000 UTC  } {Ready True 0001-01-01 00:00:00 +0000 UTC 2018-09-17 07:19:16 +0000 UTC  } {ContainersReady True 0001-01-01 00:00:00 +0000 UTC 0001-01-01 00:00:00 +0000 UTC  } {PodScheduled True 0001-01-01 00:00:00 +0000 UTC 2018-09-17 07:19:03 +0000 UTC  }]&#xA;Sep 19 07:23:24.916: INFO: vulnerability-advisor-process-ma-crawler-96728                   10.46.6.173  Running           [{Initialized True 0001-01-01 00:00:00 +0000 UTC 2018-09-17 07:19:03 +0000 UTC  } {Ready True 0001-01-01 00:00:00 +0000 UTC 2018-09-17 07:19:23 +0000 UTC  } {ContainersReady True 0001-01-01 00:00:00 +0000 UTC 0001-01-01 00:00:00 +0000 UTC  } {PodScheduled True 0001-01-01 00:00:00 +0000 UTC 2018-09-17 07:19:03 +0000 UTC  }]&#xA;Sep 19 07:23:24.916: INFO: vulnerability-advisor-process-ma-crawler-b7k2d                   10.46.6.171  Running           [{Initialized True 0001-01-01 00:00:00 +0000 UTC 2018-09-17 07:19:03 +0000 UTC  } {Ready True 0001-01-01 00:00:00 +0000 UTC 2018-09-17 07:19:13 +0000 UTC  } {ContainersReady True 0001-01-01 00:00:00 +0000 UTC 0001-01-01 00:00:00 +0000 UTC  } {PodScheduled True 0001-01-01 00:00:00 +0000 UTC 2018-09-17 07:19:03 +0000 UTC  }]&#xA;Sep 19 07:23:24.916: INFO: vulnerability-advisor-registry-crawler-6f9568677b-bfpm6          10.46.6.172  Running           [{Initialized True 0001-01-01 00:00:00 +0000 UTC 2018-09-17 07:19:08 +0000 UTC  } {Ready True 0001-01-01 00:00:00 +0000 UTC 2018-09-17 07:19:48 +0000 UTC  } {ContainersReady True 0001-01-01 00:00:00 +0000 UTC 0001-01-01 00:00:00 +0000 UTC  } {PodScheduled True 0001-01-01 00:00:00 +0000 UTC 2018-09-17 07:19:07 +0000 UTC  }]&#xA;Sep 19 07:23:24.916: INFO: vulnerability-advisor-rootkit-annotator-74cb65b5cf-2dk5j         10.46.6.172  Running           [{Initialized True 0001-01-01 00:00:00 +0000 UTC 2018-09-17 07:19:08 +0000 UTC  } {Ready True 0001-01-01 00:00:00 +0000 UTC 2018-09-17 07:20:26 +0000 UTC  } {ContainersReady True 0001-01-01 00:00:00 +0000 UTC 0001-01-01 00:00:00 +0000 UTC  } {PodScheduled True 0001-01-01 00:00:00 +0000 UTC 2018-09-17 07:19:07 +0000 UTC  }]&#xA;Sep 19 07:23:24.916: INFO: vulnerability-advisor-rootkit-indexer-cd8b4646b-xlhwq            10.46.6.172  Running           [{Initialized True 0001-01-01 00:00:00 +0000 UTC 2018-09-17 07:19:07 +0000 UTC  } {Ready True 0001-01-01 00:00:00 +0000 UTC 2018-09-17 07:19:26 +0000 UTC  } {ContainersReady True 0001-01-01 00:00:00 +0000 UTC 0001-01-01 00:00:00 +0000 UTC  } {PodScheduled True 0001-01-01 00:00:00 +0000 UTC 2018-09-17 07:19:06 +0000 UTC  }]&#xA;Sep 19 07:23:24.916: INFO: vulnerability-advisor-sas-apiserver-5fd8d44bc9-7bvkn             10.46.6.172  Running           [{Initialized True 0001-01-01 00:00:00 +0000 UTC 2018-09-17 07:19:09 +0000 UTC  } {Ready True 0001-01-01 00:00:00 +0000 UTC 2018-09-17 07:20:03 +0000 UTC  } {ContainersReady True 0001-01-01 00:00:00 +0000 UTC 0001-01-01 00:00:00 +0000 UTC  } {PodScheduled True 0001-01-01 00:00:00 +0000 UTC 2018-09-17 07:19:08 +0000 UTC  }]&#xA;Sep 19 07:23:24.916: INFO: vulnerability-advisor-sas-mgmt-64fb95bc44-j9vjc                  10.46.6.172  Running           [{Initialized True 0001-01-01 00:00:00 +0000 UTC 2018-09-17 07:19:08 +0000 UTC  } {Ready True 0001-01-01 00:00:00 +0000 UTC 2018-09-17 07:19:39 +0000 UTC  } {ContainersReady True 0001-01-01 00:00:00 +0000 UTC 0001-01-01 00:00:00 +0000 UTC  } {PodScheduled True 0001-01-01 00:00:00 +0000 UTC 2018-09-17 07:19:08 +0000 UTC  }]&#xA;Sep 19 07:23:24.916: INFO: vulnerability-advisor-secconfig-annotator-7dbcf5d9f4-fkmkb       10.46.6.172  Running           [{Initialized True 0001-01-01 00:00:00 +0000 UTC 2018-09-17 07:19:10 +0000 UTC  } {Ready True 0001-01-01 00:00:00 +0000 UTC 2018-09-17 07:19:45 +0000 UTC  } {ContainersReady True 0001-01-01 00:00:00 +0000 UTC 0001-01-01 00:00:00 +0000 UTC  } {PodScheduled True 0001-01-01 00:00:00 +0000 UTC 2018-09-17 07:19:08 +0000 UTC  }]&#xA;Sep 19 07:23:24.916: INFO: vulnerability-advisor-secconfig-indexer-674647df7c-qq5ff         10.46.6.172  Running           [{Initialized True 0001-01-01 00:00:00 +0000 UTC 2018-09-17 07:19:07 +0000 UTC  } {Ready True 0001-01-01 00:00:00 +0000 UTC 2018-09-17 07:19:33 +0000 UTC  } {ContainersReady True 0001-01-01 00:00:00 +0000 UTC 0001-01-01 00:00:00 +0000 UTC  } {PodScheduled True 0001-01-01 00:00:00 +0000 UTC 2018-09-17 07:19:06 +0000 UTC  }]&#xA;Sep 19 07:23:24.916: INFO: vulnerability-advisor-statsd-7746859df4-jjm6f                    10.46.6.172  Running           [{Initialized True 0001-01-01 00:00:00 +0000 UTC 2018-09-17 07:19:10 +0000 UTC  } {Ready True 0001-01-01 00:00:00 +0000 UTC 2018-09-17 07:19:38 +0000 UTC  } {ContainersReady True 0001-01-01 00:00:00 +0000 UTC 0001-01-01 00:00:00 +0000 UTC  } {PodScheduled True 0001-01-01 00:00:00 +0000 UTC 2018-09-17 07:19:09 +0000 UTC  }]&#xA;Sep 19 07:23:24.916: INFO: vulnerability-advisor-usncrawler-8h976                           10.46.6.172  Succeeded         [{Initialized True 0001-01-01 00:00:00 +0000 UTC 2018-09-17 07:19:11 +0000 UTC PodCompleted } {Ready False 0001-01-01 00:00:00 +0000 UTC 2018-09-17 07:24:06 +0000 UTC PodCompleted } {ContainersReady False 0001-01-01 00:00:00 +0000 UTC 0001-01-01 00:00:00 +0000 UTC PodCompleted } {PodScheduled True 0001-01-01 00:00:00 +0000 UTC 2018-09-17 07:19:11 +0000 UTC  }]&#xA;Sep 19 07:23:24.916: INFO: vulnerability-advisor-vulnerability-annotator-bcbf5595f-hxwst    10.46.6.172  Running           [{Initialized True 0001-01-01 00:00:00 +0000 UTC 2018-09-17 07:19:10 +0000 UTC  } {Ready True 0001-01-01 00:00:00 +0000 UTC 2018-09-17 07:20:29 +0000 UTC  } {ContainersReady True 0001-01-01 00:00:00 +0000 UTC 0001-01-01 00:00:00 +0000 UTC  } {PodScheduled True 0001-01-01 00:00:00 +0000 UTC 2018-09-17 07:19:09 +0000 UTC  }]&#xA;Sep 19 07:23:24.916: INFO: vulnerability-advisor-vulnerability-indexer-7c79b4c964-2n8cg     10.46.6.172  Running           [{Initialized True 0001-01-01 00:00:00 +0000 UTC 2018-09-17 07:19:07 +0000 UTC  } {Ready True 0001-01-01 00:00:00 +0000 UTC 2018-09-17 07:19:37 +0000 UTC  } {ContainersReady True 0001-01-01 00:00:00 +0000 UTC 0001-01-01 00:00:00 +0000 UTC  } {PodScheduled True 0001-01-01 00:00:00 +0000 UTC 2018-09-17 07:19:06 +0000 UTC  }]&#xA;Sep 19 07:23:24.916: INFO: vulnerability-advisor-zookeeper-0                                10.46.6.172  Running           [{Initialized True 0001-01-01 00:00:00 +0000 UTC 2018-09-17 07:19:15 +0000 UTC  } {Ready True 0001-01-01 00:00:00 +0000 UTC 2018-09-17 07:20:10 +0000 UTC  } {ContainersReady True 0001-01-01 00:00:00 +0000 UTC 0001-01-01 00:00:00 +0000 UTC  } {PodScheduled True 0001-01-01 00:00:00 +0000 UTC 2018-09-17 07:19:14 +0000 UTC  }]&#xA;Sep 19 07:23:24.916: INFO: &#xA;Sep 19 07:23:24.921: INFO: &#xA;Logging node info for node 10.46.6.170&#xA;Sep 19 07:23:24.924: INFO: Node Info: &amp;Node{ObjectMeta:k8s_io_apimachinery_pkg_apis_meta_v1.ObjectMeta{Name:10.46.6.170,GenerateName:,Namespace:,SelfLink:/api/v1/nodes/10.46.6.170,UID:0c4508eb-ba48-11e8-b20e-fa163e707b2e,ResourceVersion:453076,Generation:0,CreationTimestamp:2018-09-17 07:05:24 +0000 UTC,DeletionTimestamp:&lt;nil&gt;,DeletionGracePeriodSeconds:nil,Labels:map[string]string{beta.kubernetes.io/arch: amd64,beta.kubernetes.io/os: linux,kubernetes.io/hostname: 10.46.6.170,node-role.kubernetes.io/worker: true,},Annotations:map[string]string{node.alpha.kubernetes.io/ttl: 0,volumes.kubernetes.io/controller-managed-attach-detach: true,},OwnerReferences:[],Finalizers:[],ClusterName:,Initializers:nil,},Spec:NodeSpec{PodCIDR:,DoNotUse_ExternalID:,ProviderID:,Unschedulable:false,Taints:[],ConfigSource:nil,},Status:NodeStatus{Capacity:ResourceList{cpu: {{8 0} {&lt;nil&gt;} 8 DecimalSI},ephemeral-storage: {{107362627584 0} {&lt;nil&gt;} 104846316Ki BinarySI},hugepages-1Gi: {{0 0} {&lt;nil&gt;} 0 DecimalSI},hugepages-2Mi: {{0 0} {&lt;nil&gt;} 0 DecimalSI},memory: {{16825630720 0} {&lt;nil&gt;}  BinarySI},pods: {{80 0} {&lt;nil&gt;} 80 DecimalSI},},Allocatable:ResourceList{cpu: {{8 0} {&lt;nil&gt;} 8 DecimalSI},ephemeral-storage: {{96626364666 0} {&lt;nil&gt;} 96626364666 DecimalSI},hugepages-1Gi: {{0 0} {&lt;nil&gt;} 0 DecimalSI},hugepages-2Mi: {{0 0} {&lt;nil&gt;} 0 DecimalSI},memory: {{16720773120 0} {&lt;nil&gt;}  BinarySI},pods: {{80 0} {&lt;nil&gt;} 80 DecimalSI},},Phase:,Conditions:[{OutOfDisk False 2018-09-19 07:23:17 +0000 UTC 2018-09-17 07:05:24 +0000 UTC KubeletHasSufficientDisk kubelet has sufficient disk space available} {MemoryPressure False 2018-09-19 07:23:17 +0000 UTC 2018-09-17 07:05:24 +0000 UTC KubeletHasSufficientMemory kubelet has sufficient memory available} {DiskPressure False 2018-09-19 07:23:17 +0000 UTC 2018-09-17 07:05:24 +0000 UTC KubeletHasNoDiskPressure kubelet has no disk pressure} {PIDPressure False 2018-09-19 07:23:17 +0000 UTC 2018-09-17 07:05:24 +0000 UTC KubeletHasSufficientPID kubelet has sufficient PID available} {Ready True 2018-09-19 07:23:17 +0000 UTC 2018-09-17 07:06:04 +0000 UTC KubeletReady kubelet is posting ready status}],Addresses:[{InternalIP 10.46.6.170} {Hostname 10.46.6.170}],DaemonEndpoints:NodeDaemonEndpoints{KubeletEndpoint:DaemonEndpoint{Port:10250,},},NodeInfo:NodeSystemInfo{MachineID:52ca0d2c3fb341c79b059a96d10571a6,SystemUUID:B2A91A2D-0576-4E7B-AEBA-AE95FFDDF786,BootID:ae0d54c3-4892-49fd-b5c7-ca2077060a4b,KernelVersion:3.10.0-862.9.1.el7.x86_64,OSImage:Red Hat Enterprise Linux,ContainerRuntimeVersion:docker://18.3.1,KubeletVersion:v1.11.1+icp-ee,KubeProxyVersion:v1.11.1+icp-ee,OperatingSystem:linux,Architecture:amd64,},Images:[{[lzj.icp:8500/ibmcom/live-crawler@sha256:1a648615e7b439f093697f65350262823e6c711c4b21ea81596ced1c28a48133 lzj.icp:8500/ibmcom/live-crawler:1.3.1] 987515538} {[lzj.icp:8500/ibmcom/hyperkube@sha256:9fbddbf2d04354912c8a981395493d250474cb9fa587fa91119e69467078b180 lzj.icp:8500/ibmcom/hyperkube:v1.11.1-ee] 782626408} {[gcr.io/heptio-images/kube-conformance@sha256:5482c7f5f7b874c5c6caec6ddef5406f19a52a2c3a36897cadf0a8f78ab57982 gcr.io/heptio-images/kube-conformance:latest] 532182058} {[open-liberty@sha256:e962af00796d50687a4ac71d5e8ab046696c314b4a84617b0d216b671519df31 open-liberty:latest] 500884023} {[lzj.icp:8500/ibmcom/icp-filebeat@sha256:72669dde64d7ab85bbb9e93428efe548b2693a4eae5168a4705f6e30cd20e584 lzj.icp:8500/ibmcom/icp-filebeat:5.5.1] 317104874} {[lzj.icp:8500/ibmcom/fluentd@sha256:f85a5ffd86438f1a73d04caf6e33ef3474675d9fa0947431f4d0a9602fc981af lzj.icp:8500/ibmcom/fluentd:v1.2.2-icp] 270902701} {[lzj.icp:8500/ibmcom/calico-node@sha256:85a23d8030137d49663d3d82844a61998331606de9fc523dfdd0a75be7fb9828 lzj.icp:8500/ibmcom/calico-node:v3.1.3] 248202699} {[lzj.icp:8500/ibmcom/nvidia-device-plugin@sha256:2d57caa41994d1e0b3d952526a651f8da487e068874d1075f915fa48ad969ba6 lzj.icp:8500/ibmcom/nvidia-device-plugin:1.0] 132413452} {[lzj.icp:8500/ibmcom/metering-data-manager@sha256:97803f4458c6f6ca62076cf6958cb8ab98cf9ffed7cd4977550eeaa6db8ead70 lzj.icp:8500/ibmcom/metering-data-manager:3.1.0] 121942877} {[lzj.icp:8500/ibmcom/icp-management-ingress@sha256:259a9d288f5ee4f169c618b6d870b5ae38b954a3bf69f3f392523b1aaa9f4001 lzj.icp:8500/ibmcom/icp-management-ingress:2.2.1] 80410712} {[lzj.icp:8500/ibmcom/calico-cni@sha256:b56c2d3e62bd02f15dd5ec335c25ac81bb39d214e904525227640790686855d7 lzj.icp:8500/ibmcom/calico-cni:v3.1.3] 68849270} {[gcr.io/heptio-images/sonobuoy@sha256:165df6f635ddd0088ed6686e07ffb47f8dd17fdba153f61dbec9aa80c0d2e0b8 gcr.io/heptio-images/sonobuoy:latest gcr.io/heptio-images/sonobuoy:v0.11.6] 33401240} {[lzj.icp:8500/ibmcom/node-exporter@sha256:b24db452b1a0bf46abba095162d0fbc89ea40eeabbfe43ae01dab54107ecff0e lzj.icp:8500/ibmcom/node-exporter:v0.16.0] 22915749} {[lzj.icp:8500/ibmcom/pause@sha256:8a18035491d4fbbe481be5eac11819315ec94677ab465608d052d87b3cdcff7f lzj.icp:8500/ibmcom/pause:3.1] 742472}],VolumesInUse:[],VolumesAttached:[],Config:&amp;NodeConfigStatus{Assigned:nil,Active:nil,LastKnownGood:nil,Error:,},},}&#xA;Sep 19 07:23:24.924: INFO: &#xA;Logging kubelet events for node 10.46.6.170&#xA;Sep 19 07:23:24.928: INFO: &#xA;Logging pods the kubelet thinks is on node 10.46.6.170&#xA;Sep 19 07:23:24.940: INFO: my-ibm-open-liberty-ibm-7f7d9778d7-7t5jc started at 2018-09-17 08:22:24 +0000 UTC (0+1 container statuses recorded)&#xA;Sep 19 07:23:24.940: INFO: &#x9;Container ibm-open-liberty ready: true, restart count 0&#xA;Sep 19 07:23:24.940: INFO: sonobuoy started at 2018-09-19 07:22:02 +0000 UTC (0+1 container statuses recorded)&#xA;Sep 19 07:23:24.940: INFO: &#x9;Container kube-sonobuoy ready: true, restart count 0&#xA;Sep 19 07:23:24.940: INFO: logging-elk-filebeat-ds-jtd5q started at 2018-09-17 07:15:20 +0000 UTC (0+1 container statuses recorded)&#xA;Sep 19 07:23:24.940: INFO: &#x9;Container filebeat ready: true, restart count 0&#xA;Sep 19 07:23:24.940: INFO: monitoring-prometheus-nodeexporter-tpbc8 started at 2018-09-17 07:15:44 +0000 UTC (0+2 container statuses recorded)&#xA;Sep 19 07:23:24.940: INFO: &#x9;Container nodeexporter ready: true, restart count 0&#xA;Sep 19 07:23:24.940: INFO: &#x9;Container router ready: true, restart count 0&#xA;Sep 19 07:23:24.940: INFO: audit-logging-fluentd-ds-4cgnk started at 2018-09-17 07:18:46 +0000 UTC (0+1 container statuses recorded)&#xA;Sep 19 07:23:24.940: INFO: &#x9;Container fluentd ready: true, restart count 0&#xA;Sep 19 07:23:24.940: INFO: vulnerability-advisor-process-ma-crawler-5g4zk started at 2018-09-17 07:19:03 +0000 UTC (0+1 container statuses recorded)&#xA;Sep 19 07:23:24.940: INFO: &#x9;Container process-ma-crawler ready: true, restart count 0&#xA;Sep 19 07:23:24.940: INFO: vulnerability-advisor-live-crawler-ccxd7 started at 2018-09-17 07:19:03 +0000 UTC (0+1 container statuses recorded)&#xA;Sep 19 07:23:24.940: INFO: &#x9;Container live-crawler ready: true, restart count 0&#xA;Sep 19 07:23:24.940: INFO: sonobuoy-e2e-job-c3f9b53ea97c48a2 started at 2018-09-19 07:22:08 +0000 UTC (0+2 container statuses recorded)&#xA;Sep 19 07:23:24.941: INFO: &#x9;Container e2e ready: true, restart count 0&#xA;Sep 19 07:23:24.941: INFO: &#x9;Container sonobuoy-worker ready: true, restart count 0&#xA;Sep 19 07:23:24.941: INFO: k8s-proxy-10.46.6.170 started at &lt;nil&gt; (0+0 container statuses recorded)&#xA;Sep 19 07:23:24.941: INFO: calico-node-htf97 started at 2018-09-17 07:05:53 +0000 UTC (0+2 container statuses recorded)&#xA;Sep 19 07:23:24.941: INFO: &#x9;Container calico-node ready: true, restart count 0&#xA;Sep 19 07:23:24.941: INFO: &#x9;Container install-cni ready: true, restart count 0&#xA;Sep 19 07:23:24.941: INFO: nvidia-device-plugin-9h2k4 started at 2018-09-17 07:07:17 +0000 UTC (1+1 container statuses recorded)&#xA;Sep 19 07:23:24.941: INFO: &#x9;Init container nvidia-driver-collector ready: true, restart count 0&#xA;Sep 19 07:23:24.941: INFO: &#x9;Container nvidia-device-plugin ready: true, restart count 0&#xA;Sep 19 07:23:24.941: INFO: metering-reader-44wd7 started at 2018-09-17 07:14:11 +0000 UTC (1+1 container statuses recorded)&#xA;Sep 19 07:23:24.941: INFO: &#x9;Init container metering-reader-init ready: true, restart count 1&#xA;Sep 19 07:23:24.941: INFO: &#x9;Container metering-reader ready: true, restart count 0&#xA;Sep 19 07:23:24.992: INFO: &#xA;Latency metrics for node 10.46.6.170&#xA;Sep 19 07:23:24.992: INFO: &#xA;Logging node info for node 10.46.6.171&#xA;Sep 19 07:23:24.996: INFO: Node Info: &amp;Node{ObjectMeta:k8s_io_apimachinery_pkg_apis_meta_v1.ObjectMeta{Name:10.46.6.171,GenerateName:,Namespace:,SelfLink:/api/v1/nodes/10.46.6.171,UID:0c79152a-ba48-11e8-b20e-fa163e707b2e,ResourceVersion:453096,Generation:0,CreationTimestamp:2018-09-17 07:05:24 +0000 UTC,DeletionTimestamp:&lt;nil&gt;,DeletionGracePeriodSeconds:nil,Labels:map[string]string{beta.kubernetes.io/arch: amd64,beta.kubernetes.io/os: linux,kubernetes.io/hostname: 10.46.6.171,management: true,node-role.kubernetes.io/management: true,},Annotations:map[string]string{node.alpha.kubernetes.io/ttl: 0,volumes.kubernetes.io/controller-managed-attach-detach: true,},OwnerReferences:[],Finalizers:[],ClusterName:,Initializers:nil,},Spec:NodeSpec{PodCIDR:,DoNotUse_ExternalID:,ProviderID:,Unschedulable:false,Taints:[{dedicated management NoSchedule &lt;nil&gt;}],ConfigSource:nil,},Status:NodeStatus{Capacity:ResourceList{cpu: {{8 0} {&lt;nil&gt;} 8 DecimalSI},ephemeral-storage: {{107362627584 0} {&lt;nil&gt;} 104846316Ki BinarySI},hugepages-1Gi: {{0 0} {&lt;nil&gt;} 0 DecimalSI},hugepages-2Mi: {{0 0} {&lt;nil&gt;} 0 DecimalSI},memory: {{16825630720 0} {&lt;nil&gt;}  BinarySI},pods: {{80 0} {&lt;nil&gt;} 80 DecimalSI},},Allocatable:ResourceList{cpu: {{8 0} {&lt;nil&gt;} 8 DecimalSI},ephemeral-storage: {{107257769984 0} {&lt;nil&gt;} 104743916Ki BinarySI},hugepages-1Gi: {{0 0} {&lt;nil&gt;} 0 DecimalSI},hugepages-2Mi: {{0 0} {&lt;nil&gt;} 0 DecimalSI},memory: {{16720773120 0} {&lt;nil&gt;}  BinarySI},pods: {{80 0} {&lt;nil&gt;} 80 DecimalSI},},Phase:,Conditions:[{OutOfDisk False 2018-09-19 07:23:24 +0000 UTC 2018-09-17 07:05:24 +0000 UTC KubeletHasSufficientDisk kubelet has sufficient disk space available} {MemoryPressure False 2018-09-19 07:23:24 +0000 UTC 2018-09-17 07:05:24 +0000 UTC KubeletHasSufficientMemory kubelet has sufficient memory available} {DiskPressure False 2018-09-19 07:23:24 +0000 UTC 2018-09-17 07:05:24 +0000 UTC KubeletHasNoDiskPressure kubelet has no disk pressure} {PIDPressure False 2018-09-19 07:23:24 +0000 UTC 2018-09-17 07:05:24 +0000 UTC KubeletHasSufficientPID kubelet has sufficient PID available} {Ready True 2018-09-19 07:23:24 +0000 UTC 2018-09-17 07:06:05 +0000 UTC KubeletReady kubelet is posting ready status}],Addresses:[{InternalIP 10.46.6.171} {Hostname 10.46.6.171}],DaemonEndpoints:NodeDaemonEndpoints{KubeletEndpoint:DaemonEndpoint{Port:10250,},},NodeInfo:NodeSystemInfo{MachineID:52ca0d2c3fb341c79b059a96d10571a6,SystemUUID:00401CD1-AB88-4341-9CDC-C9648BFB2B56,BootID:706dbc67-f432-47c3-840e-f599801336c8,KernelVersion:3.10.0-862.9.1.el7.x86_64,OSImage:Red Hat Enterprise Linux,ContainerRuntimeVersion:docker://18.3.1,KubeletVersion:v1.11.1+icp-ee,KubeProxyVersion:v1.11.1+icp-ee,OperatingSystem:linux,Architecture:amd64,},Images:[{[lzj.icp:8500/ibmcom/live-crawler@sha256:1a648615e7b439f093697f65350262823e6c711c4b21ea81596ced1c28a48133 lzj.icp:8500/ibmcom/live-crawler:1.3.1] 987515538} {[lzj.icp:8500/ibmcom/hyperkube@sha256:9fbddbf2d04354912c8a981395493d250474cb9fa587fa91119e69467078b180 lzj.icp:8500/ibmcom/hyperkube:v1.11.1-ee] 782626408} {[lzj.icp:8500/ibmcom/icp-logstash@sha256:a182a00827aefe7f5f95b18fa1ec8f6897989290b37f3d98bd6440ddda796433 lzj.icp:8500/ibmcom/icp-logstash:5.5.1] 764906887} {[lzj.icp:8500/ibmcom/icp-kibana@sha256:6e2746da64a64f98c5761b87d5e185a9c2ac75c9c4e767ab284062b1847b7571 lzj.icp:8500/ibmcom/icp-kibana:5.5.1] 639622018} {[lzj.icp:8500/ibmcom/icp-elasticsearch@sha256:b410aacb6005fe24bfd87b045ea26fde3d6eb3ca52c3f0e4560cdc208944ba50 lzj.icp:8500/ibmcom/icp-elasticsearch:5.5.1] 520121248} {[lzj.icp:8500/ibmcom/logging-pki-init@sha256:21aa9cbd05a849b4891b15cf636f73545f6001f16c82f8eeed2e90b4f9312377 lzj.icp:8500/ibmcom/logging-pki-init:2.0.0] 501921135} {[lzj.icp:8500/ibmcom/searchguard-init@sha256:3d0d8a8404a9df5ad238bce1e0542cdda609cc445dfc3964952243d9fc103276 lzj.icp:8500/ibmcom/searchguard-init:2.0.0] 457030441} {[lzj.icp:8500/ibmcom/metering-ui@sha256:d6453f9afecc9b1fc778c195e20bbb39d4ef6262af2f7a9a5ce3cddc259fec99 lzj.icp:8500/ibmcom/metering-ui:3.1.0] 385577105} {[lzj.icp:8500/ibmcom/icp-filebeat@sha256:72669dde64d7ab85bbb9e93428efe548b2693a4eae5168a4705f6e30cd20e584 lzj.icp:8500/ibmcom/icp-filebeat:5.5.1] 317104874} {[lzj.icp:8500/ibmcom/fluentd@sha256:f85a5ffd86438f1a73d04caf6e33ef3474675d9fa0947431f4d0a9602fc981af lzj.icp:8500/ibmcom/fluentd:v1.2.2-icp] 270902701} {[lzj.icp:8500/ibmcom/elasticsearch-plugin-searchguard@sha256:f47116021e3eec7b2fed9f6ed8bd77fd890457e5a1546dda7f863c032d4395b1 lzj.icp:8500/ibmcom/elasticsearch-plugin-searchguard:2.0.0] 267864279} {[lzj.icp:8500/ibmcom/calico-node@sha256:85a23d8030137d49663d3d82844a61998331606de9fc523dfdd0a75be7fb9828 lzj.icp:8500/ibmcom/calico-node:v3.1.3] 248202699} {[lzj.icp:8500/ibmcom/grafana@sha256:5d2739d3ec5c7f6ea66d69caa918b764660b99a3d37cb1f4123f1a9623ce8e38 lzj.icp:8500/ibmcom/grafana:5.2.0] 245297582} {[lzj.icp:8500/ibmcom/indices-cleaner@sha256:31dac3be1246f17dddade06b517c073244ce56d85bc54135fdaf010dbb0bca10 lzj.icp:8500/ibmcom/indices-cleaner:1.0.0] 238131553} {[lzj.icp:8500/ibmcom/curl@sha256:adf92a267e351914d041a56d64ebe80331c45f8e20ab23b7ada67bea78da9996 lzj.icp:8500/ibmcom/curl:4.0.0] 221192597} {[lzj.icp:8500/ibmcom/nvidia-device-plugin@sha256:2d57caa41994d1e0b3d952526a651f8da487e068874d1075f915fa48ad969ba6 lzj.icp:8500/ibmcom/nvidia-device-plugin:1.0] 132413452} {[lzj.icp:8500/ibmcom/metering-data-manager@sha256:97803f4458c6f6ca62076cf6958cb8ab98cf9ffed7cd4977550eeaa6db8ead70 lzj.icp:8500/ibmcom/metering-data-manager:3.1.0] 121942877} {[lzj.icp:8500/ibmcom/prometheus@sha256:91cba3cbf7a61499969a8a5a27347830ed1740b2285de9ac31e231e7ce44deb7 lzj.icp:8500/ibmcom/prometheus:v2.3.1] 118818909} {[lzj.icp:8500/ibmcom/icp-management-ingress@sha256:259a9d288f5ee4f169c618b6d870b5ae38b954a3bf69f3f392523b1aaa9f4001 lzj.icp:8500/ibmcom/icp-management-ingress:2.2.1] 80410712} {[lzj.icp:8500/ibmcom/calico-cni@sha256:b56c2d3e62bd02f15dd5ec335c25ac81bb39d214e904525227640790686855d7 lzj.icp:8500/ibmcom/calico-cni:v3.1.3] 68849270} {[lzj.icp:8500/ibmcom/k8s-prometheus-adapter@sha256:cf7f0c35ff0a0ec9cf743ef87e4c951f74d3fd0b4b97925784cc857565b4d7ba lzj.icp:8500/ibmcom/k8s-prometheus-adapter:v0.2.1.1] 52134773} {[lzj.icp:8500/ibmcom/metrics-server@sha256:973b5dd33165e4856f22a9f48a9b7f5bd2f01399d6479c46212ea92336a9ca40 lzj.icp:8500/ibmcom/metrics-server:v0.2.1.1] 42541759} {[lzj.icp:8500/ibmcom/ibmcloud-image-enforcement@sha256:d29efeb868c054eead02eec72c86f690c4a8c81b95f99f22bbc873644b090e99 lzj.icp:8500/ibmcom/ibmcloud-image-enforcement:0.2.0] 40040099} {[lzj.icp:8500/ibmcom/alertmanager@sha256:f3e7d379040499e05c1377862cc8a74cd5ffed2a175bf62fc18dc07b98d6ab00 lzj.icp:8500/ibmcom/alertmanager:v0.15.0] 36095602} {[lzj.icp:8500/ibmcom/kube-state-metrics@sha256:6a574d2e4a7338abdd3d0b85dd2510cbf046cd09a70505b99513feee42d00559 lzj.icp:8500/ibmcom/kube-state-metrics:v1.3.0] 35646776} {[lzj.icp:8500/ibmcom/node-exporter@sha256:b24db452b1a0bf46abba095162d0fbc89ea40eeabbfe43ae01dab54107ecff0e lzj.icp:8500/ibmcom/node-exporter:v0.16.0] 22915749} {[lzj.icp:8500/ibmcom/configmap-reload@sha256:77a4ede137dd4980fe02c70ad189bf7b89dd1a9e134c0fe4475842fe8948f6a9 lzj.icp:8500/ibmcom/configmap-reload:v0.2.2] 22381476} {[lzj.icp:8500/ibmcom/collectd-exporter@sha256:0ef0cfb0a60f66046851bfafbfa1913814c7a4967e4e7561ce5111186338f6d9 lzj.icp:8500/ibmcom/collectd-exporter:v0.4.0] 13695364} {[lzj.icp:8500/ibmcom/elasticsearch-exporter@sha256:27806a00f45314a1c06af096236004020a98202edbbce81d993aadfaca0c66a0 lzj.icp:8500/ibmcom/elasticsearch-exporter:1.0.2] 9202086} {[lzj.icp:8500/ibmcom/icp-initcontainer@sha256:c1b9397380303cfc23505576a19859c7e26936f80a26bb4fae95ef68e7775de8 lzj.icp:8500/ibmcom/icp-initcontainer:1.0.0] 3965926} {[lzj.icp:8500/ibmcom/pause@sha256:8a18035491d4fbbe481be5eac11819315ec94677ab465608d052d87b3cdcff7f lzj.icp:8500/ibmcom/pause:3.1] 742472}],VolumesInUse:[],VolumesAttached:[],Config:&amp;NodeConfigStatus{Assigned:nil,Active:nil,LastKnownGood:nil,Error:,},},}&#xA;Sep 19 07:23:24.997: INFO: &#xA;Logging kubelet events for node 10.46.6.171&#xA;Sep 19 07:23:25.000: INFO: &#xA;Logging pods the kubelet thinks is on node 10.46.6.171&#xA;Sep 19 07:23:25.214: INFO: ibmcloud-image-enforcement-76ddccbf9f-kqmlb started at 2018-09-17 07:14:02 +0000 UTC (0+1 container statuses recorded)&#xA;Sep 19 07:23:25.214: INFO: &#x9;Container ibmcloud-image-enforcement ready: true, restart count 0&#xA;Sep 19 07:23:25.214: INFO: metering-ui-5bbfbb5d49-wkh8m started at 2018-09-17 07:14:12 +0000 UTC (1+1 container statuses recorded)&#xA;Sep 19 07:23:25.214: INFO: &#x9;Init container metering-ui-init ready: true, restart count 0&#xA;Sep 19 07:23:25.214: INFO: &#x9;Container metering-ui ready: true, restart count 0&#xA;Sep 19 07:23:25.214: INFO: logging-elk-master-6cdcf45f7d-gp28f started at 2018-09-17 07:15:21 +0000 UTC (2+1 container statuses recorded)&#xA;Sep 19 07:23:25.214: INFO: &#x9;Init container sysctl ready: true, restart count 0&#xA;Sep 19 07:23:25.214: INFO: &#x9;Init container plugin-bundle ready: true, restart count 0&#xA;Sep 19 07:23:25.214: INFO: &#x9;Container es-master ready: true, restart count 0&#xA;Sep 19 07:23:25.214: INFO: monitoring-grafana-548b947c8c-dh89z started at 2018-09-17 07:15:46 +0000 UTC (1+2 container statuses recorded)&#xA;Sep 19 07:23:25.214: INFO: &#x9;Init container init-container ready: true, restart count 0&#xA;Sep 19 07:23:25.214: INFO: &#x9;Container grafana ready: true, restart count 0&#xA;Sep 19 07:23:25.214: INFO: &#x9;Container router ready: true, restart count 0&#xA;Sep 19 07:23:25.214: INFO: vulnerability-advisor-process-ma-crawler-b7k2d started at 2018-09-17 07:19:03 +0000 UTC (0+1 container statuses recorded)&#xA;Sep 19 07:23:25.214: INFO: &#x9;Container process-ma-crawler ready: true, restart count 0&#xA;Sep 19 07:23:25.214: INFO: audit-logging-fluentd-ds-bc22k started at 2018-09-17 07:18:46 +0000 UTC (0+1 container statuses recorded)&#xA;Sep 19 07:23:25.214: INFO: &#x9;Container fluentd ready: true, restart count 0&#xA;Sep 19 07:23:25.214: INFO: k8s-proxy-10.46.6.171 started at &lt;nil&gt; (0+0 container statuses recorded)&#xA;Sep 19 07:23:25.214: INFO: metrics-server-6d6695f9db-8t4xs started at 2018-09-17 07:08:51 +0000 UTC (0+1 container statuses recorded)&#xA;Sep 19 07:23:25.214: INFO: &#x9;Container metrics-server ready: true, restart count 0&#xA;Sep 19 07:23:25.214: INFO: metering-dm-8b475fc57-cmm6h started at 2018-09-17 07:14:12 +0000 UTC (1+1 container statuses recorded)&#xA;Sep 19 07:23:25.214: INFO: &#x9;Init container metering-dm-init ready: true, restart count 0&#xA;Sep 19 07:23:25.214: INFO: &#x9;Container metering-dm ready: true, restart count 0&#xA;Sep 19 07:23:25.214: INFO: logging-elk-data-0 started at 2018-09-17 07:15:21 +0000 UTC (3+1 container statuses recorded)&#xA;Sep 19 07:23:25.214: INFO: &#x9;Init container chmod ready: true, restart count 0&#xA;Sep 19 07:23:25.214: INFO: &#x9;Init container sysctl ready: true, restart count 0&#xA;Sep 19 07:23:25.214: INFO: &#x9;Init container plugin-bundle ready: true, restart count 0&#xA;Sep 19 07:23:25.214: INFO: &#x9;Container es-data ready: true, restart count 0&#xA;Sep 19 07:23:25.214: INFO: logging-elk-kibana-ff4db4866-s2295 started at 2018-09-17 07:15:21 +0000 UTC (0+2 container statuses recorded)&#xA;Sep 19 07:23:25.214: INFO: &#x9;Container kibana ready: true, restart count 0&#xA;Sep 19 07:23:25.214: INFO: &#x9;Container router ready: true, restart count 0&#xA;Sep 19 07:23:25.214: INFO: monitoring-prometheus-nodeexporter-9fnpb started at 2018-09-17 07:15:44 +0000 UTC (0+2 container statuses recorded)&#xA;Sep 19 07:23:25.214: INFO: &#x9;Container nodeexporter ready: true, restart count 0&#xA;Sep 19 07:23:25.214: INFO: &#x9;Container router ready: true, restart count 0&#xA;Sep 19 07:23:25.214: INFO: monitoring-prometheus-kubestatemetrics-54dcbb6cfb-76zmm started at 2018-09-17 07:15:45 +0000 UTC (0+2 container statuses recorded)&#xA;Sep 19 07:23:25.214: INFO: &#x9;Container kubestatemetrics ready: true, restart count 0&#xA;Sep 19 07:23:25.214: INFO: &#x9;Container router ready: true, restart count 0&#xA;Sep 19 07:23:25.214: INFO: vulnerability-advisor-live-crawler-xxz8p started at 2018-09-17 07:19:03 +0000 UTC (0+1 container statuses recorded)&#xA;Sep 19 07:23:25.214: INFO: &#x9;Container live-crawler ready: true, restart count 0&#xA;Sep 19 07:23:25.214: INFO: nvidia-device-plugin-vh85n started at 2018-09-17 07:07:17 +0000 UTC (1+1 container statuses recorded)&#xA;Sep 19 07:23:25.214: INFO: &#x9;Init container nvidia-driver-collector ready: true, restart count 0&#xA;Sep 19 07:23:25.214: INFO: &#x9;Container nvidia-device-plugin ready: true, restart count 0&#xA;Sep 19 07:23:25.214: INFO: custom-metrics-adapter-64f64964b4-f9gmc started at 2018-09-17 07:14:28 +0000 UTC (1+1 container statuses recorded)&#xA;Sep 19 07:23:25.214: INFO: &#x9;Init container init-adapter ready: true, restart count 0&#xA;Sep 19 07:23:25.214: INFO: &#x9;Container custom-metrics-adapter ready: true, restart count 0&#xA;Sep 19 07:23:25.214: INFO: logging-elk-elasticsearch-tls-init-6hnl4 started at 2018-09-17 07:15:20 +0000 UTC (0+1 container statuses recorded)&#xA;Sep 19 07:23:25.214: INFO: &#x9;Container searchguard-init ready: false, restart count 0&#xA;Sep 19 07:23:25.214: INFO: logging-elk-filebeat-ds-bs86r started at 2018-09-17 07:15:20 +0000 UTC (0+1 container statuses recorded)&#xA;Sep 19 07:23:25.214: INFO: &#x9;Container filebeat ready: true, restart count 0&#xA;Sep 19 07:23:25.214: INFO: logging-elk-client-75d4d7994c-7g7fn started at 2018-09-17 07:15:21 +0000 UTC (2+3 container statuses recorded)&#xA;Sep 19 07:23:25.214: INFO: &#x9;Init container sysctl ready: true, restart count 0&#xA;Sep 19 07:23:25.214: INFO: &#x9;Init container plugin-bundle ready: true, restart count 0&#xA;Sep 19 07:23:25.214: INFO: &#x9;Container es-client ready: true, restart count 0&#xA;Sep 19 07:23:25.214: INFO: &#x9;Container indices-cleaner ready: true, restart count 0&#xA;Sep 19 07:23:25.214: INFO: &#x9;Container router ready: true, restart count 0&#xA;Sep 19 07:23:25.214: INFO: monitoring-prometheus-alertmanager-7d8749dbb8-xj68d started at 2018-09-17 07:15:46 +0000 UTC (0+3 container statuses recorded)&#xA;Sep 19 07:23:25.214: INFO: &#x9;Container alertmanager ready: true, restart count 0&#xA;Sep 19 07:23:25.214: INFO: &#x9;Container configmap-reload ready: true, restart count 0&#xA;Sep 19 07:23:25.214: INFO: &#x9;Container router ready: true, restart count 0&#xA;Sep 19 07:23:25.214: INFO: monitoring-prometheus-collectdexporter-77575678dc-v8n2l started at 2018-09-17 07:15:46 +0000 UTC (0+2 container statuses recorded)&#xA;Sep 19 07:23:25.214: INFO: &#x9;Container collectd-exporter ready: true, restart count 0&#xA;Sep 19 07:23:25.214: INFO: &#x9;Container router ready: true, restart count 0&#xA;Sep 19 07:23:25.214: INFO: calico-node-gpm2c started at 2018-09-17 07:05:53 +0000 UTC (0+2 container statuses recorded)&#xA;Sep 19 07:23:25.214: INFO: &#x9;Container calico-node ready: true, restart count 0&#xA;Sep 19 07:23:25.214: INFO: &#x9;Container install-cni ready: true, restart count 0&#xA;Sep 19 07:23:25.214: INFO: metering-reader-xq8f2 started at 2018-09-17 07:14:11 +0000 UTC (1+1 container statuses recorded)&#xA;Sep 19 07:23:25.214: INFO: &#x9;Init container metering-reader-init ready: true, restart count 1&#xA;Sep 19 07:23:25.214: INFO: &#x9;Container metering-reader ready: true, restart count 0&#xA;Sep 19 07:23:25.214: INFO: logging-elk-logstash-7994656f46-r89mt started at 2018-09-17 07:15:22 +0000 UTC (0+1 container statuses recorded)&#xA;Sep 19 07:23:25.214: INFO: &#x9;Container logstash ready: true, restart count 0&#xA;Sep 19 07:23:25.214: INFO: monitoring-prometheus-elasticsearchexporter-655864cccb-c6tps started at 2018-09-17 07:15:46 +0000 UTC (0+2 container statuses recorded)&#xA;Sep 19 07:23:25.214: INFO: &#x9;Container elasticsearchexporter ready: true, restart count 0&#xA;Sep 19 07:23:25.214: INFO: &#x9;Container router ready: true, restart count 0&#xA;Sep 19 07:23:25.214: INFO: monitoring-prometheus-6677d7c77f-pnpt5 started at 2018-09-17 07:15:46 +0000 UTC (1+4 container statuses recorded)&#xA;Sep 19 07:23:25.214: INFO: &#x9;Init container init-container ready: true, restart count 0&#xA;Sep 19 07:23:25.214: INFO: &#x9;Container configmap-reload-alertrules ready: true, restart count 0&#xA;Sep 19 07:23:25.214: INFO: &#x9;Container configmap-reload-prometheus ready: true, restart count 0&#xA;Sep 19 07:23:25.215: INFO: &#x9;Container prometheus ready: true, restart count 0&#xA;Sep 19 07:23:25.215: INFO: &#x9;Container router ready: true, restart count 0&#xA;Sep 19 07:23:25.282: INFO: &#xA;Latency metrics for node 10.46.6.171&#xA;Sep 19 07:23:25.282: INFO: &#xA;Logging node info for node 10.46.6.172&#xA;Sep 19 07:23:25.286: INFO: Node Info: &amp;Node{ObjectMeta:k8s_io_apimachinery_pkg_apis_meta_v1.ObjectMeta{Name:10.46.6.172,GenerateName:,Namespace:,SelfLink:/api/v1/nodes/10.46.6.172,UID:0c6032ef-ba48-11e8-b20e-fa163e707b2e,ResourceVersion:453081,Generation:0,CreationTimestamp:2018-09-17 07:05:24 +0000 UTC,DeletionTimestamp:&lt;nil&gt;,DeletionGracePeriodSeconds:nil,Labels:map[string]string{beta.kubernetes.io/arch: amd64,beta.kubernetes.io/os: linux,kubernetes.io/hostname: 10.46.6.172,node-role.kubernetes.io/va: true,va: true,},Annotations:map[string]string{node.alpha.kubernetes.io/ttl: 0,volumes.kubernetes.io/controller-managed-attach-detach: true,},OwnerReferences:[],Finalizers:[],ClusterName:,Initializers:nil,},Spec:NodeSpec{PodCIDR:,DoNotUse_ExternalID:,ProviderID:,Unschedulable:false,Taints:[{dedicated va NoSchedule &lt;nil&gt;}],ConfigSource:nil,},Status:NodeStatus{Capacity:ResourceList{cpu: {{8 0} {&lt;nil&gt;} 8 DecimalSI},ephemeral-storage: {{107362627584 0} {&lt;nil&gt;} 104846316Ki BinarySI},hugepages-1Gi: {{0 0} {&lt;nil&gt;} 0 DecimalSI},hugepages-2Mi: {{0 0} {&lt;nil&gt;} 0 DecimalSI},memory: {{16825622528 0} {&lt;nil&gt;}  BinarySI},pods: {{80 0} {&lt;nil&gt;} 80 DecimalSI},},Allocatable:ResourceList{cpu: {{8 0} {&lt;nil&gt;} 8 DecimalSI},ephemeral-storage: {{107257769984 0} {&lt;nil&gt;} 104743916Ki BinarySI},hugepages-1Gi: {{0 0} {&lt;nil&gt;} 0 DecimalSI},hugepages-2Mi: {{0 0} {&lt;nil&gt;} 0 DecimalSI},memory: {{16720764928 0} {&lt;nil&gt;}  BinarySI},pods: {{80 0} {&lt;nil&gt;} 80 DecimalSI},},Phase:,Conditions:[{OutOfDisk False 2018-09-19 07:23:17 +0000 UTC 2018-09-17 07:05:24 +0000 UTC KubeletHasSufficientDisk kubelet has sufficient disk space available} {MemoryPressure False 2018-09-19 07:23:17 +0000 UTC 2018-09-17 07:05:24 +0000 UTC KubeletHasSufficientMemory kubelet has sufficient memory available} {DiskPressure False 2018-09-19 07:23:17 +0000 UTC 2018-09-17 07:05:24 +0000 UTC KubeletHasNoDiskPressure kubelet has no disk pressure} {PIDPressure False 2018-09-19 07:23:17 +0000 UTC 2018-09-17 07:05:24 +0000 UTC KubeletHasSufficientPID kubelet has sufficient PID available} {Ready True 2018-09-19 07:23:17 +0000 UTC 2018-09-17 07:06:04 +0000 UTC KubeletReady kubelet is posting ready status}],Addresses:[{InternalIP 10.46.6.172} {Hostname 10.46.6.172}],DaemonEndpoints:NodeDaemonEndpoints{KubeletEndpoint:DaemonEndpoint{Port:10250,},},NodeInfo:NodeSystemInfo{MachineID:52ca0d2c3fb341c79b059a96d10571a6,SystemUUID:3D48E3C5-99D8-4CA3-9AB5-A8540613166F,BootID:d81d494e-264a-48ce-a4f2-76b16f6ece1f,KernelVersion:3.10.0-862.9.1.el7.x86_64,OSImage:Red Hat Enterprise Linux,ContainerRuntimeVersion:docker://18.3.1,KubeletVersion:v1.11.1+icp-ee,KubeProxyVersion:v1.11.1+icp-ee,OperatingSystem:linux,Architecture:amd64,},Images:[{[lzj.icp:8500/ibmcom/statsd-amd64@sha256:5ee11bc24bced45a77d9d630348680f319c09d9d3b2230b04518d1e2a5263ae2 lzj.icp:8500/ibmcom/statsd@sha256:af7a9d0c4f029d0247da41f67c7e87f3655175962b79a189a6a9ace0ff841049 lzj.icp:8500/ibmcom/statsd-amd64:0.7.2.1 lzj.icp:8500/ibmcom/statsd:0.7.2.1] 1234731808} {[lzj.icp:8500/ibmcom/kafka-amd64@sha256:0d6d348ccd7aa2854d60791331280e58db92029a522c8bfb3eb40c7c0913ca8f lzj.icp:8500/ibmcom/kafka@sha256:f0b4a833c3da439cadb783bb9cb578f96b1328557b8402a98f01c5c21497d93a lzj.icp:8500/ibmcom/kafka-amd64:0.10.0.2 lzj.icp:8500/ibmcom/kafka:0.10.0.2] 1114805679} {[lzj.icp:8500/ibmcom/iam-token-service-amd64@sha256:9211161e5b5b9d892a99b46fad4429333ceb7143b4039419df7ea0efa36381a9 lzj.icp:8500/ibmcom/iam-token-service@sha256:1b9308e68de93b43e9a85c0e005d80d423e88db7d88ee7114a80b2fade7a78ed lzj.icp:8500/ibmcom/iam-token-service-amd64:3.1.0 lzj.icp:8500/ibmcom/iam-token-service:3.1.0] 1051060152} {[lzj.icp:8500/ibmcom/icp-platform-auth-amd64@sha256:abc258009b8696a83214b7a9d9df63f6d83e19cfca2987c4836b0eadfa4c99c7 lzj.icp:8500/ibmcom/icp-platform-auth@sha256:c544b90a099b6c29ba4ee7f2ad4dded1277c948a0826b38ebe3250cdc7d1529c lzj.icp:8500/ibmcom/icp-platform-auth-amd64:3.1.0 lzj.icp:8500/ibmcom/icp-platform-auth:3.1.0] 1028283742} {[lzj.icp:8500/ibmcom/reg-crawler-amd64@sha256:9e5d4ebbac3dd6cbf9f892b5bd634f89fae3d4b2e6a23debd3ecd322e3eb817e lzj.icp:8500/ibmcom/reg-crawler@sha256:a9033d9cb2406d11c616fdfedc9bc56bc4ef970bd0a7b02899b3e5c1b353799b lzj.icp:8500/ibmcom/reg-crawler-amd64:1.3.1 lzj.icp:8500/ibmcom/reg-crawler:1.3.1] 1007817363} {[lzj.icp:8500/ibmcom/live-crawler-amd64@sha256:37a79ec87bd3c8b9af25cf1e25f4f14281ffb9f5ebeaf61c0b7c8a5799baf782 lzj.icp:8500/ibmcom/live-crawler@sha256:1a648615e7b439f093697f65350262823e6c711c4b21ea81596ced1c28a48133 lzj.icp:8500/ibmcom/live-crawler-amd64:1.3.1 lzj.icp:8500/ibmcom/live-crawler:1.3.1] 987515538} {[lzj.icp:8500/ibmcom/cos-indexer-amd64@sha256:adf28ff960ebdcbfcfa5e4522b81aa3565338f8d640dad611a1c3f0d3894393b lzj.icp:8500/ibmcom/cos-indexer@sha256:bb31dc8ef37e8482b2b9dedc0e54f46f7d3c678b22a3130eca9dde80fed65df1 lzj.icp:8500/ibmcom/cos-indexer-amd64:1.3.1 lzj.icp:8500/ibmcom/cos-indexer:1.3.1] 846578165} {[lzj.icp:8500/ibmcom/secure-config-annotator-amd64@sha256:26e845c6a252e0c5ae73e764645993b3270e289d1a2e9784b06ddd7898ca45d9 lzj.icp:8500/ibmcom/secure-config-annotator@sha256:cfaadd13c4ef4bdc937d296faff78e98473be8c9c6ae6b4a38927c952948914f lzj.icp:8500/ibmcom/secure-config-annotator-amd64:1.3.1 lzj.icp:8500/ibmcom/secure-config-annotator:1.3.1] 835555196} {[lzj.icp:8500/ibmcom/hyperkube-amd64@sha256:9eaadf7c2a417ee2a9a219e2eadf21884742199a484be2ca737f0e8a178d490a lzj.icp:8500/ibmcom/hyperkube@sha256:9fbddbf2d04354912c8a981395493d250474cb9fa587fa91119e69467078b180 lzj.icp:8500/ibmcom/hyperkube-amd64:v1.11.1-ee lzj.icp:8500/ibmcom/hyperkube:v1.11.1-ee] 782626408} {[lzj.icp:8500/ibmcom/compliance-annotator-amd64@sha256:5d8bbbef3a7dc54ba9addb256d2aa8a3f7d5c27a454ff4b7ee583b217dac2ce4 lzj.icp:8500/ibmcom/compliance-annotator@sha256:be00ccb777b1e90601cc563112e32ae831b0fb7d4933f1aa3c49379cabe41c3f lzj.icp:8500/ibmcom/compliance-annotator-amd64:1.3.1 lzj.icp:8500/ibmcom/compliance-annotator:1.3.1] 773932738} {[lzj.icp:8500/ibmcom/icp-logstash-amd64@sha256:02a683ee6ad9eeed7ea8ebb1de713aaf902a9e20a39ccc0294ee1f947f1bbd73 lzj.icp:8500/ibmcom/icp-logstash@sha256:a182a00827aefe7f5f95b18fa1ec8f6897989290b37f3d98bd6440ddda796433 lzj.icp:8500/ibmcom/icp-logstash-amd64:5.5.1 lzj.icp:8500/ibmcom/icp-logstash:5.5.1] 764906887} {[lzj.icp:8500/ibmcom/process-ma-hf-amd64@sha256:ef0d164350d07600f8037082db7d98cf81b9c554d8a60692ae90b8d0239a8cdc lzj.icp:8500/ibmcom/process-ma-hf@sha256:114b48d67e46f6ad3624dfa99baab8f9c62fb5ba88d210d0f42e106eda4e0ee8 lzj.icp:8500/ibmcom/process-ma-hf-amd64:1.3.1 lzj.icp:8500/ibmcom/process-ma-hf:1.3.1] 758635128} {[lzj.icp:8500/ibmcom/vulnerability-annotator-amd64@sha256:febedf85b65e0d1800e67249274d474d4ce67e8041e81487f76bce727cb39bd4 lzj.icp:8500/ibmcom/vulnerability-annotator@sha256:2ca368468e5d1c7ed82b3947b8d8904da34969bd72e67b382bfd0579fe3f148d lzj.icp:8500/ibmcom/vulnerability-annotator-amd64:1.3.1 lzj.icp:8500/ibmcom/vulnerability-annotator:1.3.1] 757013017} {[lzj.icp:8500/ibmcom/py-generic-indexer-amd64@sha256:45cb17e23e15f4dfe44471309af12f0655aad5f8e859c718f393290f220b02b2 lzj.icp:8500/ibmcom/py-generic-indexer@sha256:63a28bc72b6588e508ad23b569a228d6219e2d6fdddb2b1b073e1d2c70ec7641 lzj.icp:8500/ibmcom/py-generic-indexer-amd64:1.3.1 lzj.icp:8500/ibmcom/py-generic-indexer:1.3.1] 755588945} {[lzj.icp:8500/ibmcom/icp-inception-amd64@sha256:1dad180d14ae732d17ca5cf41b87dbb316c072323f186d60a08a753f904eb5b2 lzj.icp:8500/ibmcom/icp-inception@sha256:d395315f0fde94a5cacd9945cd7932b4eda45fe404a6b9d55a8ec8ebeed2a0a8 lzj.icp:8500/ibmcom/icp-inception-amd64:3.1.0-ee lzj.icp:8500/ibmcom/icp-inception:3.1.0-ee] 744155119} {[lzj.icp:8500/ibmcom/config-parser-amd64@sha256:7d721e0b5a827921ac16fa9e7570db225211e6dd700cdeaba1d28ba02ff8ef6d lzj.icp:8500/ibmcom/config-parser@sha256:2b7d6f1ea57d6e4d9caaca5d0e2bb35d2e6db316e2f18ef9a51b5bfa48119f69 lzj.icp:8500/ibmcom/config-parser-amd64:1.3.1 lzj.icp:8500/ibmcom/config-parser:1.3.1] 739243486} {[lzj.icp:8500/ibmcom/iam-policy-administration-amd64@sha256:e1941aa09a5b692505cb3be3e497d3ff9acb900786b9a2c8c4c00d0243b37dd0 lzj.icp:8500/ibmcom/iam-policy-administration@sha256:ab0d5c50f5e5fc9a537e97183ed694e34d57fa00121bc08bedb261b80e29b9a4 lzj.icp:8500/ibmcom/iam-policy-administration-amd64:3.1.0 lzj.icp:8500/ibmcom/iam-policy-administration:3.1.0] 711947327} {[lzj.icp:8500/ibmcom/password-annotator-amd64@sha256:bca1b6b222d8ea8ade174a8cc1a549f161d75d3e9d69881f08a1fb316a8e27d3 lzj.icp:8500/ibmcom/password-annotator@sha256:5c7e8db45db52a6bca7d76ae8c2ff74eb43644f7959d66ddc67454bcbca765ec lzj.icp:8500/ibmcom/password-annotator-amd64:1.3.1 lzj.icp:8500/ibmcom/password-annotator:1.3.1] 707627907} {[lzj.icp:8500/ibmcom/notification-dispatcher-amd64@sha256:ec8dfbc351a0d758488f9f8bfa17c3182a5c02819a6ebf7144ab914a2233cf57 lzj.icp:8500/ibmcom/notification-dispatcher@sha256:6d7e6b836f0cfeb5fb18cd29fdd8315fb44013f8d21830b9c5ab60b605c5e3c5 lzj.icp:8500/ibmcom/notification-dispatcher-amd64:1.3.1 lzj.icp:8500/ibmcom/notification-dispatcher:1.3.1] 707588442} {[lzj.icp:8500/ibmcom/sas-base-amd64@sha256:9651b1149c62d5a0968aaeffe71f2da68cd7e07ff8d7ea67538278c00ab08457 lzj.icp:8500/ibmcom/sas-base@sha256:56bb0790e5f06276b7435c731687f733901fedc80af299dc8a8eaf72d7365560 lzj.icp:8500/ibmcom/sas-base-amd64:1.3.1 lzj.icp:8500/ibmcom/sas-base:1.3.1] 653746081} {[lzj.icp:8500/ibmcom/ma-file-annotator-amd64@sha256:8caa6280fd845fd524ad874a6b243510ebf085d58c989229020fcfc743492632 lzj.icp:8500/ibmcom/ma-file-annotator@sha256:cd8dc2a26e2a84bf7d8ba982c6a21c034239de5e2dc12767d3f60985e495d957 lzj.icp:8500/ibmcom/ma-file-annotator-amd64:1.3.1 lzj.icp:8500/ibmcom/ma-file-annotator:1.3.1] 653745236} {[lzj.icp:8500/ibmcom/icp-kibana-amd64@sha256:8b69887ac5297e1d2e68b9c2ce885b9a888f6c278ca1538acb0f03206b48502a lzj.icp:8500/ibmcom/icp-kibana@sha256:6e2746da64a64f98c5761b87d5e185a9c2ac75c9c4e767ab284062b1847b7571 lzj.icp:8500/ibmcom/icp-kibana-amd64:5.5.1 lzj.icp:8500/ibmcom/icp-kibana:5.5.1] 639622018} {[lzj.icp:8500/ibmcom/icp-platform-api-amd64@sha256:1fc47925c2611aef12631b3f3806308f55a298074aebc561fd04cf8a7691c669 lzj.icp:8500/ibmcom/icp-platform-api@sha256:6b5585999f45fa6dc7a6a1d8bcb4d544c96a3e1fd3bd9f133ebed2e356985a0e lzj.icp:8500/ibmcom/icp-platform-api-amd64:3.1.0 lzj.icp:8500/ibmcom/icp-platform-api:3.1.0] 612589125} {[lzj.icp:8500/ibmcom/iam-policy-decision-amd64@sha256:d49eb3845c57bb8370a477949d92da10a178b81ade50f0e9d970981fadd6686d lzj.icp:8500/ibmcom/iam-policy-decision@sha256:ecd9f36e17e57c6be41e744abc17baacddd28178485d29cb112ffc5e558d2c09 lzj.icp:8500/ibmcom/iam-policy-decision-amd64:3.1.0 lzj.icp:8500/ibmcom/iam-policy-decision:3.1.0] 559718344} {[lzj.icp:8500/ibmcom/rootkit-annotator-amd64@sha256:caf6c24136b8785d901f346a640d673b55fe105c3617cfcb432ee2006f5b1cf4 lzj.icp:8500/ibmcom/rootkit-annotator@sha256:9aabe418ab5c5b3ce86dcfad5dc63a14124bf56227a7decb6656382f2cf9606e lzj.icp:8500/ibmcom/rootkit-annotator-amd64:1.3.1 lzj.icp:8500/ibmcom/rootkit-annotator:1.3.1] 549434506} {[lzj.icp:8500/ibmcom/icp-elasticsearch-amd64@sha256:0063a7a931ca4e52d8f7a51f2bdb010345f4373b5b904b52e5c8a48ec0c1fde7 lzj.icp:8500/ibmcom/icp-elasticsearch@sha256:b410aacb6005fe24bfd87b045ea26fde3d6eb3ca52c3f0e4560cdc208944ba50 lzj.icp:8500/ibmcom/icp-elasticsearch-amd64:5.5.1 lzj.icp:8500/ibmcom/icp-elasticsearch:5.5.1] 520121248} {[lzj.icp:8500/ibmcom/logging-pki-init-amd64@sha256:cc4bfa085e1ae99120ee526acd3e62d205e10de6f1c773c521fc5b933914f6a8 lzj.icp:8500/ibmcom/logging-pki-init@sha256:21aa9cbd05a849b4891b15cf636f73545f6001f16c82f8eeed2e90b4f9312377 lzj.icp:8500/ibmcom/logging-pki-init-amd64:2.0.0 lzj.icp:8500/ibmcom/logging-pki-init:2.0.0] 501921135} {[lzj.icp:8500/ibmcom/searchguard-init-amd64@sha256:d19ce1d27f406945d4ed78b0f07007998c2ab3889086e502924847c2186db546 lzj.icp:8500/ibmcom/searchguard-init@sha256:3d0d8a8404a9df5ad238bce1e0542cdda609cc445dfc3964952243d9fc103276 lzj.icp:8500/ibmcom/searchguard-init-amd64:2.0.0 lzj.icp:8500/ibmcom/searchguard-init:2.0.0] 457030441} {[lzj.icp:8500/ibmcom/metering-ui-amd64@sha256:3628a8fe41183c08ea0b02e2e798e3649e4aebe2c2405c34572b9eb7c7c4d9a8 lzj.icp:8500/ibmcom/metering-ui@sha256:d6453f9afecc9b1fc778c195e20bbb39d4ef6262af2f7a9a5ce3cddc259fec99 lzj.icp:8500/ibmcom/metering-ui-amd64:3.1.0 lzj.icp:8500/ibmcom/metering-ui:3.1.0] 385577105} {[lzj.icp:8500/ibmcom/heketi-amd64@sha256:c5b579a4f219c87990f861eb61de86cb9cfb51b6d230b8c299df7d9fd3d02d0e lzj.icp:8500/ibmcom/heketi@sha256:eb6875247a56829a20d0949f034b08a0e682201ab1d88d3cba71972932c254f5 lzj.icp:8500/ibmcom/heketi-amd64:v7.0.0 lzj.icp:8500/ibmcom/heketi:v7.0.0] 384720377} {[lzj.icp:8500/ibmcom/icp-mongodb-amd64@sha256:a305ae8bc309898d86bf60aee968846db3602f77b25924640d5f08a2389ee99d lzj.icp:8500/ibmcom/icp-mongodb@sha256:fe8b55caf7bb855fd4e244450af5195f2243b766c6934d464128bf982b29b345 lzj.icp:8500/ibmcom/icp-mongodb-amd64:3.1.0 lzj.icp:8500/ibmcom/icp-mongodb:3.1.0] 379353410} {[lzj.icp:8500/ibmcom/icp-catalog-ui-amd64@sha256:33993b4eab189e3c78fe27799017da770d47523cf6831460741008bf91297d6d lzj.icp:8500/ibmcom/icp-catalog-ui@sha256:049f3c4946a0ad2c10507e5e42a464448e858fb3ae606cfd84825d340adb1125 lzj.icp:8500/ibmcom/icp-catalog-ui-amd64:3.1.0 lzj.icp:8500/ibmcom/icp-catalog-ui:3.1.0] 363781304} {[lzj.icp:8500/ibmcom/nginx-ingress-controller-amd64@sha256:63b48dd3ba635aa65409f7d6a319e293697810c1b9e885e6255bebf36a2506ab lzj.icp:8500/ibmcom/nginx-ingress-controller@sha256:f68b2ce26292e02ef3dbc6cfae17cec3d54b9afee9bf5298bf95d005c0783143 lzj.icp:8500/ibmcom/nginx-ingress-controller-amd64:0.16.2 lzj.icp:8500/ibmcom/nginx-ingress-controller:0.16.2] 361632894} {[lzj.icp:8500/ibmcom/mariadb-amd64@sha256:1f9876179c32fcf463804f75cbf2fb031106edf2be9d5dbf6705375ca53930bb lzj.icp:8500/ibmcom/mariadb@sha256:2272622e7f6786220d7ee2b482a3050bd34c3e1ecdc99af6175a146610222763 lzj.icp:8500/ibmcom/mariadb-amd64:10.2.17 lzj.icp:8500/ibmcom/mariadb:10.2.17] 358991946} {[lzj.icp:8500/ibmcom/k8szk-amd64@sha256:a9ee22a4df14654552a02303e4560623244683692fd298dd2fb71e9dd66219f3 lzj.icp:8500/ibmcom/k8szk@sha256:20cfeb163fb828c3c3a7c0baf2883e90c72c8d97d20116253903e82aa2be801f lzj.icp:8500/ibmcom/k8szk-amd64:v3 lzj.icp:8500/ibmcom/k8szk:v3] 331472973} {[lzj.icp:8500/ibmcom/gluster-amd64@sha256:647caedb536eb7b8c5c8b0a2b69e52d2a34be9e6c9c7b9c1b21d14fcfa261886 lzj.icp:8500/ibmcom/gluster@sha256:eeabf9b160370078d12a4c2b84f1a9772fe10c64446f0c2251eb53b8b5277baa lzj.icp:8500/ibmcom/gluster-amd64:v4.0.2 lzj.icp:8500/ibmcom/gluster:v4.0.2] 324265531} {[lzj.icp:8500/ibmcom/istio-grafana-amd64@sha256:381a2dd3a5addbc5d43920bc19bb15ba6dbd422e4a9d91163108e72c5a63234c lzj.icp:8500/ibmcom/istio-grafana@sha256:f4fdaf4a51b946f6d4fb9aa82cdbfef53c8e0b7b2223078f9d7f62bb28d3259b lzj.icp:8500/ibmcom/istio-grafana-amd64:1.0.0.1 lzj.icp:8500/ibmcom/istio-grafana:1.0.0.1] 324187770} {[lzj.icp:8500/ibmcom/icp-filebeat-amd64@sha256:03af9b78dad6c2ba857975d10c81e781460796dff1ff1163ea4596f4aa10601d lzj.icp:8500/ibmcom/icp-filebeat@sha256:72669dde64d7ab85bbb9e93428efe548b2693a4eae5168a4705f6e30cd20e584 lzj.icp:8500/ibmcom/icp-filebeat-amd64:5.5.1 lzj.icp:8500/ibmcom/icp-filebeat:5.5.1] 317104874} {[lzj.icp:8500/ibmcom/istio-proxyv2-amd64@sha256:cd77e75fa85ce74914e1b7b0bef980ece8a62ef0d776c9ef51a0d7d30b4b64a0 lzj.icp:8500/ibmcom/istio-proxyv2@sha256:9c94d736c8cbb41e2c5b0b672530eee0df6cbb628d57f4ddaec9f4ff4f49ce35 lzj.icp:8500/ibmcom/istio-proxyv2-amd64:1.0.0.1 lzj.icp:8500/ibmcom/istio-proxyv2:1.0.0.1] 311276139} {[lzj.icp:8500/ibmcom/istio-pilot-amd64@sha256:63352073a964037fd37f6150228231d2e5eca7e0c2920405d6269326d3c54263 lzj.icp:8500/ibmcom/istio-pilot@sha256:ad129a4be7b6d1536c384efd03fb570b973b9c77a56a48e6b9cfe192a76c111e lzj.icp:8500/ibmcom/istio-pilot-amd64:1.0.0.1 lzj.icp:8500/ibmcom/istio-pilot:1.0.0.1] 309502004} {[lzj.icp:8500/ibmcom/fluentd-amd64@sha256:384a99b8d941c93f96ee5b5cbae5b70500219a3f71c73cf4eddd20d9d693e3b3 lzj.icp:8500/ibmcom/fluentd@sha256:f85a5ffd86438f1a73d04caf6e33ef3474675d9fa0947431f4d0a9602fc981af lzj.icp:8500/ibmcom/fluentd-amd64:v1.2.2-icp lzj.icp:8500/ibmcom/fluentd:v1.2.2-icp] 270902701} {[lzj.icp:8500/ibmcom/icp-identity-manager-amd64@sha256:632f31acd0fcfc3d0cebea31cfb71018f6712bd1a1b4da7476942b3c23aa3521 lzj.icp:8500/ibmcom/icp-identity-manager@sha256:993462e02a42c15b03722d935809476c8e10e6e0b3a2669eb528081e92a49859 lzj.icp:8500/ibmcom/icp-identity-manager-amd64:3.1.0 lzj.icp:8500/ibmcom/icp-identity-manager:3.1.0] 268667523} {[lzj.icp:8500/ibmcom/elasticsearch-plugin-searchguard-amd64@sha256:28f88d06bbbc073162702064c1be4ad06272e9021cbc0f929ba8c6da2ca25ae6 lzj.icp:8500/ibmcom/elasticsearch-plugin-searchguard@sha256:f47116021e3eec7b2fed9f6ed8bd77fd890457e5a1546dda7f863c032d4395b1 lzj.icp:8500/ibmcom/elasticsearch-plugin-searchguard-amd64:2.0.0 lzj.icp:8500/ibmcom/elasticsearch-plugin-searchguard:2.0.0] 267864279} {[lzj.icp:8500/ibmcom/kiali-amd64@sha256:bec63b454cf2e597c61f6a9943144050e5e6fc7a4f6474bc3bb6b627ba20c71c lzj.icp:8500/ibmcom/kiali@sha256:71a50e9885495157454657bc93842a7310e96e822a4117ad751ad81af83fde5e lzj.icp:8500/ibmcom/kiali-amd64:istio-release-1.0.0.1 lzj.icp:8500/ibmcom/kiali:istio-release-1.0.0.1] 265771300} {[lzj.icp:8500/ibmcom/calico-node-amd64@sha256:9871f4dde9eab9fd804b12f3114da36505ff5c220e2323b7434eec24e3b23ac5 lzj.icp:8500/ibmcom/calico-node@sha256:85a23d8030137d49663d3d82844a61998331606de9fc523dfdd0a75be7fb9828 lzj.icp:8500/ibmcom/calico-node-amd64:v3.1.3 lzj.icp:8500/ibmcom/calico-node:v3.1.3] 248202699} {[lzj.icp:8500/ibmcom/grafana-amd64@sha256:dc3566257a0c716caedfb33127d8ee385290c1dda006bebfb75c376d56b30c88 lzj.icp:8500/ibmcom/grafana@sha256:5d2739d3ec5c7f6ea66d69caa918b764660b99a3d37cb1f4123f1a9623ce8e38 lzj.icp:8500/ibmcom/grafana-amd64:5.2.0 lzj.icp:8500/ibmcom/grafana:5.2.0] 245297582} {[lzj.icp:8500/ibmcom/indices-cleaner-amd64@sha256:e6c6453d54012488e9ebfaa9e4d829f567d8e66b24c1613e6d88ca192ed5e85b lzj.icp:8500/ibmcom/indices-cleaner@sha256:31dac3be1246f17dddade06b517c073244ce56d85bc54135fdaf010dbb0bca10 lzj.icp:8500/ibmcom/indices-cleaner-amd64:1.0.0 lzj.icp:8500/ibmcom/indices-cleaner:1.0.0] 238131553} {[lzj.icp:8500/ibmcom/icp-identity-provider-amd64@sha256:24dba8b07c8295eef99abbf8d83041908516e4e50e4e4cfbbbcd53bdf415dda1 lzj.icp:8500/ibmcom/icp-identity-provider@sha256:b5bf63419b53ba550cad7a1b835d0d0eaae1fde8851c7936f8deb603fef673a6 lzj.icp:8500/ibmcom/icp-identity-provider-amd64:3.1.0 lzj.icp:8500/ibmcom/icp-identity-provider:3.1.0] 224286517} {[lzj.icp:8500/ibmcom/curl-amd64@sha256:aad05b4e4529f7e70516d8d3028cae6cd1d50de738ce164f2a532ce2470ac43f lzj.icp:8500/ibmcom/curl@sha256:adf92a267e351914d041a56d64ebe80331c45f8e20ab23b7ada67bea78da9996 lzj.icp:8500/ibmcom/curl-amd64:4.0.0 lzj.icp:8500/ibmcom/curl:4.0.0] 221192597} {[lzj.icp:8500/ibmcom/icp-audit-service-amd64@sha256:9add202c06a43da647380c860d9139fa059701fe103c1f229281215bf99dbbd3 lzj.icp:8500/ibmcom/icp-audit-service@sha256:7c3d710c31f6f5ae0227edc1599bdf64bc82e4fcd2b3aa8f197148240d2ab01c lzj.icp:8500/ibmcom/icp-audit-service-amd64:3.1.0 lzj.icp:8500/ibmcom/icp-audit-service:3.1.0] 215897363}],VolumesInUse:[],VolumesAttached:[],Config:&amp;NodeConfigStatus{Assigned:nil,Active:nil,LastKnownGood:nil,Error:,},},}&#xA;Sep 19 07:23:25.287: INFO: &#xA;Logging kubelet events for node 10.46.6.172&#xA;Sep 19 07:23:25.291: INFO: &#xA;Logging pods the kubelet thinks is on node 10.46.6.172&#xA;Sep 19 07:23:25.603: INFO: vulnerability-advisor-compliance-annotator-d5659b9d9-kmn8q started at 2018-09-17 07:19:03 +0000 UTC (0+1 container statuses recorded)&#xA;Sep 19 07:23:25.603: INFO: &#x9;Container compliance-annotator ready: true, restart count 4&#xA;Sep 19 07:23:25.603: INFO: vulnerability-advisor-rootkit-annotator-74cb65b5cf-2dk5j started at 2018-09-17 07:19:08 +0000 UTC (0+1 container statuses recorded)&#xA;Sep 19 07:23:25.603: INFO: &#x9;Container rootkit-annotator ready: true, restart count 3&#xA;Sep 19 07:23:25.603: INFO: vulnerability-advisor-sas-mgmt-64fb95bc44-j9vjc started at 2018-09-17 07:19:08 +0000 UTC (0+1 container statuses recorded)&#xA;Sep 19 07:23:25.603: INFO: &#x9;Container sas-mgmt-server ready: true, restart count 0&#xA;Sep 19 07:23:25.603: INFO: monitoring-prometheus-nodeexporter-v4l7d started at 2018-09-17 07:15:44 +0000 UTC (0+2 container statuses recorded)&#xA;Sep 19 07:23:25.603: INFO: &#x9;Container nodeexporter ready: true, restart count 0&#xA;Sep 19 07:23:25.603: INFO: &#x9;Container router ready: true, restart count 0&#xA;Sep 19 07:23:25.603: INFO: vulnerability-advisor-vulnerability-indexer-7c79b4c964-2n8cg started at 2018-09-17 07:19:07 +0000 UTC (0+1 container statuses recorded)&#xA;Sep 19 07:23:25.603: INFO: &#x9;Container py-vulnerability-indexer ready: true, restart count 0&#xA;Sep 19 07:23:25.603: INFO: vulnerability-advisor-secconfig-annotator-7dbcf5d9f4-fkmkb started at 2018-09-17 07:19:10 +0000 UTC (0+1 container statuses recorded)&#xA;Sep 19 07:23:25.603: INFO: &#x9;Container secconfig-annotator ready: true, restart count 0&#xA;Sep 19 07:23:25.604: INFO: vulnerability-advisor-statsd-7746859df4-jjm6f started at 2018-09-17 07:19:10 +0000 UTC (0+1 container statuses recorded)&#xA;Sep 19 07:23:25.604: INFO: &#x9;Container statsd ready: true, restart count 0&#xA;Sep 19 07:23:25.604: INFO: vulnerability-advisor-usncrawler-8h976 started at 2018-09-17 07:19:11 +0000 UTC (0+1 container statuses recorded)&#xA;Sep 19 07:23:25.604: INFO: &#x9;Container usnloader-job ready: false, restart count 0&#xA;Sep 19 07:23:25.604: INFO: calico-node-wsknj started at 2018-09-17 07:05:53 +0000 UTC (0+2 container statuses recorded)&#xA;Sep 19 07:23:25.604: INFO: &#x9;Container calico-node ready: true, restart count 0&#xA;Sep 19 07:23:25.604: INFO: &#x9;Container install-cni ready: true, restart count 0&#xA;Sep 19 07:23:25.604: INFO: vulnerability-advisor-cos-indexer-57899b7dd6-7cpf8 started at 2018-09-17 07:19:04 +0000 UTC (0+1 container statuses recorded)&#xA;Sep 19 07:23:25.604: INFO: &#x9;Container cos-indexer ready: true, restart count 3&#xA;Sep 19 07:23:25.604: INFO: vulnerability-advisor-kafka-0 started at 2018-09-17 07:19:13 +0000 UTC (0+1 container statuses recorded)&#xA;Sep 19 07:23:25.604: INFO: &#x9;Container kafka-server ready: true, restart count 2&#xA;Sep 19 07:23:25.604: INFO: vulnerability-advisor-minio-0 started at 2018-09-17 07:19:16 +0000 UTC (1+1 container statuses recorded)&#xA;Sep 19 07:23:25.604: INFO: &#x9;Init container wait-kafka ready: true, restart count 1&#xA;Sep 19 07:23:25.604: INFO: &#x9;Container minio-server ready: true, restart count 0&#xA;Sep 19 07:23:25.604: INFO: nvidia-device-plugin-w9jr8 started at 2018-09-17 07:07:17 +0000 UTC (1+1 container statuses recorded)&#xA;Sep 19 07:23:25.604: INFO: &#x9;Init container nvidia-driver-collector ready: true, restart count 0&#xA;Sep 19 07:23:25.604: INFO: &#x9;Container nvidia-device-plugin ready: true, restart count 0&#xA;Sep 19 07:23:25.604: INFO: metering-reader-gsrdg started at 2018-09-17 07:14:11 +0000 UTC (1+1 container statuses recorded)&#xA;Sep 19 07:23:25.604: INFO: &#x9;Init container metering-reader-init ready: true, restart count 1&#xA;Sep 19 07:23:25.604: INFO: &#x9;Container metering-reader ready: true, restart count 0&#xA;Sep 19 07:23:25.604: INFO: logging-elk-filebeat-ds-vpk48 started at 2018-09-17 07:15:20 +0000 UTC (0+1 container statuses recorded)&#xA;Sep 19 07:23:25.604: INFO: &#x9;Container filebeat ready: true, restart count 0&#xA;Sep 19 07:23:25.604: INFO: vulnerability-advisor-password-annotator-79b5d794b5-wnwqn started at 2018-09-17 07:19:05 +0000 UTC (0+1 container statuses recorded)&#xA;Sep 19 07:23:25.604: INFO: &#x9;Container config-parser ready: true, restart count 3&#xA;Sep 19 07:23:25.604: INFO: vulnerability-advisor-vulnerability-annotator-bcbf5595f-hxwst started at 2018-09-17 07:19:10 +0000 UTC (0+1 container statuses recorded)&#xA;Sep 19 07:23:25.604: INFO: &#x9;Container va-annotator ready: true, restart count 3&#xA;Sep 19 07:23:25.604: INFO: audit-logging-fluentd-ds-8bh4t started at 2018-09-17 07:18:46 +0000 UTC (0+1 container statuses recorded)&#xA;Sep 19 07:23:25.604: INFO: &#x9;Container fluentd ready: true, restart count 0&#xA;Sep 19 07:23:25.604: INFO: vulnerability-advisor-live-crawler-84st2 started at 2018-09-17 07:19:03 +0000 UTC (0+1 container statuses recorded)&#xA;Sep 19 07:23:25.604: INFO: &#x9;Container live-crawler ready: true, restart count 0&#xA;Sep 19 07:23:25.604: INFO: vulnerability-advisor-process-ma-annotator-58f47d5b5f-xbxrc started at 2018-09-17 07:19:06 +0000 UTC (0+2 container statuses recorded)&#xA;Sep 19 07:23:25.604: INFO: &#x9;Container icp-audit-service ready: true, restart count 0&#xA;Sep 19 07:23:25.604: INFO: &#x9;Container process-ma-annotator ready: true, restart count 2&#xA;Sep 19 07:23:25.604: INFO: vulnerability-advisor-compliance-indexer-7cbdc64b57-47lmd started at 2018-09-17 07:19:07 +0000 UTC (0+1 container statuses recorded)&#xA;Sep 19 07:23:25.604: INFO: &#x9;Container py-compliance-indexer ready: true, restart count 0&#xA;Sep 19 07:23:25.604: INFO: vulnerability-advisor-minio-cleaner-1537228740-55f4w started at 2018-09-17 23:59:03 +0000 UTC (0+1 container statuses recorded)&#xA;Sep 19 07:23:25.604: INFO: &#x9;Container cleaner ready: false, restart count 0&#xA;Sep 19 07:23:25.604: INFO: vulnerability-advisor-process-ma-annotator-58f47d5b5f-4wglg started at 2018-09-17 07:19:06 +0000 UTC (0+2 container statuses recorded)&#xA;Sep 19 07:23:25.604: INFO: &#x9;Container icp-audit-service ready: true, restart count 0&#xA;Sep 19 07:23:25.604: INFO: &#x9;Container process-ma-annotator ready: true, restart count 1&#xA;Sep 19 07:23:25.604: INFO: vulnerability-advisor-rootkit-indexer-cd8b4646b-xlhwq started at 2018-09-17 07:19:07 +0000 UTC (0+1 container statuses recorded)&#xA;Sep 19 07:23:25.604: INFO: &#x9;Container py-rootkit-indexer ready: true, restart count 0&#xA;Sep 19 07:23:25.604: INFO: vulnerability-advisor-secconfig-indexer-674647df7c-qq5ff started at 2018-09-17 07:19:07 +0000 UTC (0+1 container statuses recorded)&#xA;Sep 19 07:23:25.604: INFO: &#x9;Container py-secconfig-indexer ready: true, restart count 0&#xA;Sep 19 07:23:25.604: INFO: k8s-proxy-10.46.6.172 started at &lt;nil&gt; (0+0 container statuses recorded)&#xA;Sep 19 07:23:25.604: INFO: vulnerability-advisor-process-ma-crawler-24z6k started at 2018-09-17 07:19:03 +0000 UTC (0+1 container statuses recorded)&#xA;Sep 19 07:23:25.604: INFO: &#x9;Container process-ma-crawler ready: true, restart count 0&#xA;Sep 19 07:23:25.604: INFO: vulnerability-advisor-config-parser-5d44b78fd5-z4k9t started at 2018-09-17 07:19:04 +0000 UTC (0+1 container statuses recorded)&#xA;Sep 19 07:23:25.604: INFO: &#x9;Container config-parser ready: true, restart count 4&#xA;Sep 19 07:23:25.604: INFO: vulnerability-advisor-notification-dispatcher-86f8bf4b4d-cfdzb started at 2018-09-17 07:19:04 +0000 UTC (0+1 container statuses recorded)&#xA;Sep 19 07:23:25.604: INFO: &#x9;Container notification-dispatcher ready: true, restart count 3&#xA;Sep 19 07:23:25.604: INFO: vulnerability-advisor-process-ma-annotator-init-869545d547nn27w started at 2018-09-17 07:19:06 +0000 UTC (0+1 container statuses recorded)&#xA;Sep 19 07:23:25.604: INFO: &#x9;Container process-ma-annotator ready: true, restart count 0&#xA;Sep 19 07:23:25.604: INFO: vulnerability-advisor-registry-crawler-6f9568677b-bfpm6 started at 2018-09-17 07:19:08 +0000 UTC (0+1 container statuses recorded)&#xA;Sep 19 07:23:25.604: INFO: &#x9;Container reg-crawler ready: true, restart count 0&#xA;Sep 19 07:23:25.604: INFO: vulnerability-advisor-minio-cleaner-1537315140-nqk7v started at 2018-09-18 23:59:04 +0000 UTC (0+1 container statuses recorded)&#xA;Sep 19 07:23:25.604: INFO: &#x9;Container cleaner ready: false, restart count 0&#xA;Sep 19 07:23:25.604: INFO: vulnerability-advisor-ma-file-annotator-6b95df8886-jtczz started at 2018-09-17 07:19:04 +0000 UTC (0+2 container statuses recorded)&#xA;Sep 19 07:23:25.604: INFO: &#x9;Container icp-audit-service ready: true, restart count 0&#xA;Sep 19 07:23:25.604: INFO: &#x9;Container vulnerability-advisor-ma-file-annotator ready: true, restart count 1&#xA;Sep 19 07:23:25.604: INFO: vulnerability-advisor-sas-apiserver-5fd8d44bc9-7bvkn started at 2018-09-17 07:19:09 +0000 UTC (0+3 container statuses recorded)&#xA;Sep 19 07:23:25.604: INFO: &#x9;Container icp-audit-service ready: true, restart count 0&#xA;Sep 19 07:23:25.604: INFO: &#x9;Container sas-api-server ready: true, restart count 0&#xA;Sep 19 07:23:25.604: INFO: &#x9;Container sas-proxy-server ready: true, restart count 0&#xA;Sep 19 07:23:25.604: INFO: vulnerability-advisor-zookeeper-0 started at 2018-09-17 07:19:15 +0000 UTC (0+1 container statuses recorded)&#xA;Sep 19 07:23:25.604: INFO: &#x9;Container zookeeper-server ready: true, restart count 0&#xA;Sep 19 07:23:25.693: INFO: &#xA;Latency metrics for node 10.46.6.172&#xA;Sep 19 07:23:25.693: INFO: &#xA;Logging node info for node 10.46.6.173&#xA;Sep 19 07:23:25.699: INFO: Node Info: &amp;Node{ObjectMeta:k8s_io_apimachinery_pkg_apis_meta_v1.ObjectMeta{Name:10.46.6.173,GenerateName:,Namespace:,SelfLink:/api/v1/nodes/10.46.6.173,UID:3dc7268b-ba44-11e8-b20e-fa163e707b2e,ResourceVersion:453075,Generation:0,CreationTimestamp:2018-09-17 06:38:09 +0000 UTC,DeletionTimestamp:&lt;nil&gt;,DeletionGracePeriodSeconds:nil,Labels:map[string]string{beta.kubernetes.io/arch: amd64,beta.kubernetes.io/os: linux,etcd: true,kubernetes.io/hostname: 10.46.6.173,master: true,node-role.kubernetes.io/etcd: true,node-role.kubernetes.io/master: true,node-role.kubernetes.io/proxy: true,proxy: true,role: master,},Annotations:map[string]string{node.alpha.kubernetes.io/ttl: 0,volumes.kubernetes.io/controller-managed-attach-detach: true,},OwnerReferences:[],Finalizers:[],ClusterName:,Initializers:nil,},Spec:NodeSpec{PodCIDR:,DoNotUse_ExternalID:,ProviderID:,Unschedulable:false,Taints:[{dedicated proxy NoSchedule &lt;nil&gt;}],ConfigSource:nil,},Status:NodeStatus{Capacity:ResourceList{cpu: {{32 0} {&lt;nil&gt;} 32 DecimalSI},ephemeral-storage: {{107362627584 0} {&lt;nil&gt;} 104846316Ki BinarySI},hugepages-1Gi: {{0 0} {&lt;nil&gt;} 0 DecimalSI},hugepages-2Mi: {{0 0} {&lt;nil&gt;} 0 DecimalSI},memory: {{135202160640 0} {&lt;nil&gt;}  BinarySI},pods: {{320 0} {&lt;nil&gt;} 320 DecimalSI},},Allocatable:ResourceList{cpu: {{32 0} {&lt;nil&gt;} 32 DecimalSI},ephemeral-storage: {{107257769984 0} {&lt;nil&gt;} 104743916Ki BinarySI},hugepages-1Gi: {{0 0} {&lt;nil&gt;} 0 DecimalSI},hugepages-2Mi: {{0 0} {&lt;nil&gt;} 0 DecimalSI},memory: {{135097303040 0} {&lt;nil&gt;}  BinarySI},pods: {{320 0} {&lt;nil&gt;} 320 DecimalSI},},Phase:,Conditions:[{OutOfDisk False 2018-09-19 07:23:17 +0000 UTC 2018-09-17 06:38:09 +0000 UTC KubeletHasSufficientDisk kubelet has sufficient disk space available} {MemoryPressure False 2018-09-19 07:23:17 +0000 UTC 2018-09-17 06:38:09 +0000 UTC KubeletHasSufficientMemory kubelet has sufficient memory available} {DiskPressure False 2018-09-19 07:23:17 +0000 UTC 2018-09-17 06:38:09 +0000 UTC KubeletHasNoDiskPressure kubelet has no disk pressure} {PIDPressure False 2018-09-19 07:23:17 +0000 UTC 2018-09-17 06:38:09 +0000 UTC KubeletHasSufficientPID kubelet has sufficient PID available} {Ready True 2018-09-19 07:23:17 +0000 UTC 2018-09-17 07:06:09 +0000 UTC KubeletReady kubelet is posting ready status}],Addresses:[{InternalIP 10.46.6.173} {Hostname 10.46.6.173}],DaemonEndpoints:NodeDaemonEndpoints{KubeletEndpoint:DaemonEndpoint{Port:10250,},},NodeInfo:NodeSystemInfo{MachineID:52ca0d2c3fb341c79b059a96d10571a6,SystemUUID:DA83D170-F88E-40EB-A0A3-2918CD5F6005,BootID:806b09ea-0a42-4719-bbaa-13e375c7b62f,KernelVersion:3.10.0-862.9.1.el7.x86_64,OSImage:Red Hat Enterprise Linux,ContainerRuntimeVersion:docker://18.3.1,KubeletVersion:v1.11.1+icp-ee,KubeProxyVersion:v1.11.1+icp-ee,OperatingSystem:linux,Architecture:amd64,},Images:[{[lzj.icp:8500/ibmcom/statsd-amd64@sha256:5ee11bc24bced45a77d9d630348680f319c09d9d3b2230b04518d1e2a5263ae2 lzj.icp:8500/ibmcom/statsd-amd64:0.7.2.1 lzj.icp:8500/ibmcom/statsd:0.7.2.1] 1234731808} {[lzj.icp:8500/ibmcom/kafka-amd64@sha256:0d6d348ccd7aa2854d60791331280e58db92029a522c8bfb3eb40c7c0913ca8f lzj.icp:8500/ibmcom/kafka-amd64:0.10.0.2 lzj.icp:8500/ibmcom/kafka:0.10.0.2] 1114805679} {[lzj.icp:8500/ibmcom/iam-token-service-amd64@sha256:9211161e5b5b9d892a99b46fad4429333ceb7143b4039419df7ea0efa36381a9 lzj.icp:8500/ibmcom/iam-token-service-amd64:3.1.0 lzj.icp:8500/ibmcom/iam-token-service:3.1.0] 1051060152} {[lzj.icp:8500/ibmcom/icp-platform-auth-amd64@sha256:abc258009b8696a83214b7a9d9df63f6d83e19cfca2987c4836b0eadfa4c99c7 lzj.icp:8500/ibmcom/icp-platform-auth-amd64:3.1.0 lzj.icp:8500/ibmcom/icp-platform-auth:3.1.0] 1028283742} {[lzj.icp:8500/ibmcom/reg-crawler-amd64@sha256:9e5d4ebbac3dd6cbf9f892b5bd634f89fae3d4b2e6a23debd3ecd322e3eb817e lzj.icp:8500/ibmcom/reg-crawler-amd64:1.3.1 lzj.icp:8500/ibmcom/reg-crawler:1.3.1] 1007817363} {[lzj.icp:8500/ibmcom/live-crawler-amd64@sha256:37a79ec87bd3c8b9af25cf1e25f4f14281ffb9f5ebeaf61c0b7c8a5799baf782 lzj.icp:8500/ibmcom/live-crawler-amd64:1.3.1 lzj.icp:8500/ibmcom/live-crawler:1.3.1] 987515538} {[lzj.icp:8500/ibmcom/cos-indexer-amd64@sha256:adf28ff960ebdcbfcfa5e4522b81aa3565338f8d640dad611a1c3f0d3894393b lzj.icp:8500/ibmcom/cos-indexer-amd64:1.3.1 lzj.icp:8500/ibmcom/cos-indexer:1.3.1] 846578165} {[lzj.icp:8500/ibmcom/secure-config-annotator-amd64@sha256:26e845c6a252e0c5ae73e764645993b3270e289d1a2e9784b06ddd7898ca45d9 lzj.icp:8500/ibmcom/secure-config-annotator-amd64:1.3.1 lzj.icp:8500/ibmcom/secure-config-annotator:1.3.1] 835555196} {[lzj.icp:8500/ibmcom/hyperkube-amd64@sha256:9eaadf7c2a417ee2a9a219e2eadf21884742199a484be2ca737f0e8a178d490a lzj.icp:8500/ibmcom/hyperkube-amd64:v1.11.1-ee lzj.icp:8500/ibmcom/hyperkube:v1.11.1-ee] 782626408} {[lzj.icp:8500/ibmcom/compliance-annotator-amd64@sha256:5d8bbbef3a7dc54ba9addb256d2aa8a3f7d5c27a454ff4b7ee583b217dac2ce4 lzj.icp:8500/ibmcom/compliance-annotator-amd64:1.3.1 lzj.icp:8500/ibmcom/compliance-annotator:1.3.1] 773932738} {[lzj.icp:8500/ibmcom/icp-logstash-amd64@sha256:02a683ee6ad9eeed7ea8ebb1de713aaf902a9e20a39ccc0294ee1f947f1bbd73 lzj.icp:8500/ibmcom/icp-logstash-amd64:5.5.1 lzj.icp:8500/ibmcom/icp-logstash:5.5.1] 764906887} {[lzj.icp:8500/ibmcom/process-ma-hf-amd64@sha256:ef0d164350d07600f8037082db7d98cf81b9c554d8a60692ae90b8d0239a8cdc lzj.icp:8500/ibmcom/process-ma-hf-amd64:1.3.1 lzj.icp:8500/ibmcom/process-ma-hf:1.3.1] 758635128} {[lzj.icp:8500/ibmcom/vulnerability-annotator-amd64@sha256:febedf85b65e0d1800e67249274d474d4ce67e8041e81487f76bce727cb39bd4 lzj.icp:8500/ibmcom/vulnerability-annotator-amd64:1.3.1 lzj.icp:8500/ibmcom/vulnerability-annotator:1.3.1] 757013017} {[lzj.icp:8500/ibmcom/py-generic-indexer-amd64@sha256:45cb17e23e15f4dfe44471309af12f0655aad5f8e859c718f393290f220b02b2 lzj.icp:8500/ibmcom/py-generic-indexer-amd64:1.3.1 lzj.icp:8500/ibmcom/py-generic-indexer:1.3.1] 755588945} {[lzj.icp:8500/ibmcom/icp-inception-amd64@sha256:1dad180d14ae732d17ca5cf41b87dbb316c072323f186d60a08a753f904eb5b2 ibmcom/icp-inception-amd64:3.1.0-ee lzj.icp:8500/ibmcom/icp-inception-amd64:3.1.0-ee lzj.icp:8500/ibmcom/icp-inception:3.1.0-ee] 744155119} {[lzj.icp:8500/ibmcom/config-parser-amd64@sha256:7d721e0b5a827921ac16fa9e7570db225211e6dd700cdeaba1d28ba02ff8ef6d lzj.icp:8500/ibmcom/config-parser-amd64:1.3.1 lzj.icp:8500/ibmcom/config-parser:1.3.1] 739243486} {[lzj.icp:8500/ibmcom/iam-policy-administration-amd64@sha256:e1941aa09a5b692505cb3be3e497d3ff9acb900786b9a2c8c4c00d0243b37dd0 lzj.icp:8500/ibmcom/iam-policy-administration-amd64:3.1.0 lzj.icp:8500/ibmcom/iam-policy-administration:3.1.0] 711947327} {[lzj.icp:8500/ibmcom/password-annotator-amd64@sha256:bca1b6b222d8ea8ade174a8cc1a549f161d75d3e9d69881f08a1fb316a8e27d3 lzj.icp:8500/ibmcom/password-annotator-amd64:1.3.1 lzj.icp:8500/ibmcom/password-annotator:1.3.1] 707627907} {[lzj.icp:8500/ibmcom/notification-dispatcher-amd64@sha256:ec8dfbc351a0d758488f9f8bfa17c3182a5c02819a6ebf7144ab914a2233cf57 lzj.icp:8500/ibmcom/notification-dispatcher-amd64:1.3.1 lzj.icp:8500/ibmcom/notification-dispatcher:1.3.1] 707588442} {[lzj.icp:8500/ibmcom/sas-base-amd64@sha256:9651b1149c62d5a0968aaeffe71f2da68cd7e07ff8d7ea67538278c00ab08457 lzj.icp:8500/ibmcom/sas-base-amd64:1.3.1 lzj.icp:8500/ibmcom/sas-base:1.3.1] 653746081} {[lzj.icp:8500/ibmcom/ma-file-annotator-amd64@sha256:8caa6280fd845fd524ad874a6b243510ebf085d58c989229020fcfc743492632 lzj.icp:8500/ibmcom/ma-file-annotator-amd64:1.3.1 lzj.icp:8500/ibmcom/ma-file-annotator:1.3.1] 653745236} {[lzj.icp:8500/ibmcom/icp-kibana-amd64@sha256:8b69887ac5297e1d2e68b9c2ce885b9a888f6c278ca1538acb0f03206b48502a lzj.icp:8500/ibmcom/icp-kibana-amd64:5.5.1 lzj.icp:8500/ibmcom/icp-kibana:5.5.1] 639622018} {[lzj.icp:8500/ibmcom/icp-platform-api-amd64@sha256:1fc47925c2611aef12631b3f3806308f55a298074aebc561fd04cf8a7691c669 lzj.icp:8500/ibmcom/icp-platform-api-amd64:3.1.0 lzj.icp:8500/ibmcom/icp-platform-api:3.1.0] 612589125} {[lzj.icp:8500/ibmcom/iam-policy-decision-amd64@sha256:d49eb3845c57bb8370a477949d92da10a178b81ade50f0e9d970981fadd6686d lzj.icp:8500/ibmcom/iam-policy-decision-amd64:3.1.0 lzj.icp:8500/ibmcom/iam-policy-decision:3.1.0] 559718344} {[lzj.icp:8500/ibmcom/rootkit-annotator-amd64@sha256:caf6c24136b8785d901f346a640d673b55fe105c3617cfcb432ee2006f5b1cf4 lzj.icp:8500/ibmcom/rootkit-annotator-amd64:1.3.1 lzj.icp:8500/ibmcom/rootkit-annotator:1.3.1] 549434506} {[lzj.icp:8500/ibmcom/icp-elasticsearch-amd64@sha256:0063a7a931ca4e52d8f7a51f2bdb010345f4373b5b904b52e5c8a48ec0c1fde7 lzj.icp:8500/ibmcom/icp-elasticsearch-amd64:5.5.1 lzj.icp:8500/ibmcom/icp-elasticsearch:5.5.1] 520121248} {[lzj.icp:8500/ibmcom/logging-pki-init-amd64@sha256:cc4bfa085e1ae99120ee526acd3e62d205e10de6f1c773c521fc5b933914f6a8 lzj.icp:8500/ibmcom/logging-pki-init-amd64:2.0.0 lzj.icp:8500/ibmcom/logging-pki-init:2.0.0] 501921135} {[lzj.icp:8500/ibmcom/searchguard-init-amd64@sha256:d19ce1d27f406945d4ed78b0f07007998c2ab3889086e502924847c2186db546 lzj.icp:8500/ibmcom/searchguard-init-amd64:2.0.0 lzj.icp:8500/ibmcom/searchguard-init:2.0.0] 457030441} {[lzj.icp:8500/ibmcom/metering-ui-amd64@sha256:3628a8fe41183c08ea0b02e2e798e3649e4aebe2c2405c34572b9eb7c7c4d9a8 lzj.icp:8500/ibmcom/metering-ui-amd64:3.1.0 lzj.icp:8500/ibmcom/metering-ui:3.1.0] 385577105} {[lzj.icp:8500/ibmcom/heketi-amd64@sha256:c5b579a4f219c87990f861eb61de86cb9cfb51b6d230b8c299df7d9fd3d02d0e lzj.icp:8500/ibmcom/heketi-amd64:v7.0.0 lzj.icp:8500/ibmcom/heketi:v7.0.0] 384720377} {[lzj.icp:8500/ibmcom/icp-mongodb-amd64@sha256:a305ae8bc309898d86bf60aee968846db3602f77b25924640d5f08a2389ee99d lzj.icp:8500/ibmcom/icp-mongodb-amd64:3.1.0 lzj.icp:8500/ibmcom/icp-mongodb:3.1.0] 379353410} {[lzj.icp:8500/ibmcom/icp-catalog-ui-amd64@sha256:33993b4eab189e3c78fe27799017da770d47523cf6831460741008bf91297d6d lzj.icp:8500/ibmcom/icp-catalog-ui-amd64:3.1.0 lzj.icp:8500/ibmcom/icp-catalog-ui:3.1.0] 363781304} {[lzj.icp:8500/ibmcom/nginx-ingress-controller-amd64@sha256:63b48dd3ba635aa65409f7d6a319e293697810c1b9e885e6255bebf36a2506ab lzj.icp:8500/ibmcom/nginx-ingress-controller-amd64:0.16.2 lzj.icp:8500/ibmcom/nginx-ingress-controller:0.16.2] 361632894} {[lzj.icp:8500/ibmcom/mariadb-amd64@sha256:1f9876179c32fcf463804f75cbf2fb031106edf2be9d5dbf6705375ca53930bb lzj.icp:8500/ibmcom/mariadb-amd64:10.2.17 lzj.icp:8500/ibmcom/mariadb:10.2.17] 358991946} {[lzj.icp:8500/ibmcom/k8szk-amd64@sha256:a9ee22a4df14654552a02303e4560623244683692fd298dd2fb71e9dd66219f3 lzj.icp:8500/ibmcom/k8szk-amd64:v3 lzj.icp:8500/ibmcom/k8szk:v3] 331472973} {[lzj.icp:8500/ibmcom/gluster-amd64@sha256:647caedb536eb7b8c5c8b0a2b69e52d2a34be9e6c9c7b9c1b21d14fcfa261886 lzj.icp:8500/ibmcom/gluster-amd64:v4.0.2 lzj.icp:8500/ibmcom/gluster:v4.0.2] 324265531} {[lzj.icp:8500/ibmcom/istio-grafana-amd64@sha256:381a2dd3a5addbc5d43920bc19bb15ba6dbd422e4a9d91163108e72c5a63234c lzj.icp:8500/ibmcom/istio-grafana-amd64:1.0.0.1 lzj.icp:8500/ibmcom/istio-grafana:1.0.0.1] 324187770} {[lzj.icp:8500/ibmcom/icp-filebeat-amd64@sha256:03af9b78dad6c2ba857975d10c81e781460796dff1ff1163ea4596f4aa10601d lzj.icp:8500/ibmcom/icp-filebeat-amd64:5.5.1 lzj.icp:8500/ibmcom/icp-filebeat:5.5.1] 317104874} {[lzj.icp:8500/ibmcom/istio-proxyv2-amd64@sha256:cd77e75fa85ce74914e1b7b0bef980ece8a62ef0d776c9ef51a0d7d30b4b64a0 lzj.icp:8500/ibmcom/istio-proxyv2-amd64:1.0.0.1 lzj.icp:8500/ibmcom/istio-proxyv2:1.0.0.1] 311276139} {[lzj.icp:8500/ibmcom/istio-pilot-amd64@sha256:63352073a964037fd37f6150228231d2e5eca7e0c2920405d6269326d3c54263 lzj.icp:8500/ibmcom/istio-pilot-amd64:1.0.0.1 lzj.icp:8500/ibmcom/istio-pilot:1.0.0.1] 309502004} {[lzj.icp:8500/ibmcom/fluentd-amd64@sha256:384a99b8d941c93f96ee5b5cbae5b70500219a3f71c73cf4eddd20d9d693e3b3 lzj.icp:8500/ibmcom/fluentd-amd64:v1.2.2-icp lzj.icp:8500/ibmcom/fluentd:v1.2.2-icp] 270902701} {[lzj.icp:8500/ibmcom/icp-identity-manager-amd64@sha256:632f31acd0fcfc3d0cebea31cfb71018f6712bd1a1b4da7476942b3c23aa3521 lzj.icp:8500/ibmcom/icp-identity-manager-amd64:3.1.0 lzj.icp:8500/ibmcom/icp-identity-manager:3.1.0] 268667523} {[lzj.icp:8500/ibmcom/elasticsearch-plugin-searchguard-amd64@sha256:28f88d06bbbc073162702064c1be4ad06272e9021cbc0f929ba8c6da2ca25ae6 lzj.icp:8500/ibmcom/elasticsearch-plugin-searchguard-amd64:2.0.0 lzj.icp:8500/ibmcom/elasticsearch-plugin-searchguard:2.0.0] 267864279} {[lzj.icp:8500/ibmcom/kiali-amd64@sha256:bec63b454cf2e597c61f6a9943144050e5e6fc7a4f6474bc3bb6b627ba20c71c lzj.icp:8500/ibmcom/kiali-amd64:istio-release-1.0.0.1 lzj.icp:8500/ibmcom/kiali:istio-release-1.0.0.1] 265771300} {[lzj.icp:8500/ibmcom/calico-node-amd64@sha256:9871f4dde9eab9fd804b12f3114da36505ff5c220e2323b7434eec24e3b23ac5 lzj.icp:8500/ibmcom/calico-node-amd64:v3.1.3 lzj.icp:8500/ibmcom/calico-node:v3.1.3] 248202699} {[lzj.icp:8500/ibmcom/grafana-amd64@sha256:dc3566257a0c716caedfb33127d8ee385290c1dda006bebfb75c376d56b30c88 lzj.icp:8500/ibmcom/grafana-amd64:5.2.0 lzj.icp:8500/ibmcom/grafana:5.2.0] 245297582} {[lzj.icp:8500/ibmcom/indices-cleaner-amd64@sha256:e6c6453d54012488e9ebfaa9e4d829f567d8e66b24c1613e6d88ca192ed5e85b lzj.icp:8500/ibmcom/indices-cleaner-amd64:1.0.0 lzj.icp:8500/ibmcom/indices-cleaner:1.0.0] 238131553} {[lzj.icp:8500/ibmcom/icp-identity-provider-amd64@sha256:24dba8b07c8295eef99abbf8d83041908516e4e50e4e4cfbbbcd53bdf415dda1 lzj.icp:8500/ibmcom/icp-identity-provider-amd64:3.1.0 lzj.icp:8500/ibmcom/icp-identity-provider:3.1.0] 224286517} {[lzj.icp:8500/ibmcom/curl-amd64@sha256:aad05b4e4529f7e70516d8d3028cae6cd1d50de738ce164f2a532ce2470ac43f lzj.icp:8500/ibmcom/curl-amd64:4.0.0 lzj.icp:8500/ibmcom/curl:4.0.0] 221192597} {[lzj.icp:8500/ibmcom/icp-audit-service-amd64@sha256:9add202c06a43da647380c860d9139fa059701fe103c1f229281215bf99dbbd3 lzj.icp:8500/ibmcom/icp-audit-service-amd64:3.1.0 lzj.icp:8500/ibmcom/icp-audit-service:3.1.0] 215897363}],VolumesInUse:[],VolumesAttached:[],Config:&amp;NodeConfigStatus{Assigned:nil,Active:nil,LastKnownGood:nil,Error:,},},}&#xA;Sep 19 07:23:25.700: INFO: &#xA;Logging kubelet events for node 10.46.6.173&#xA;Sep 19 07:23:25.736: INFO: &#xA;Logging pods the kubelet thinks is on node 10.46.6.173&#xA;Sep 19 07:23:25.785: INFO: heapster-69b486565b-nt26r started at 2018-09-17 07:13:48 +0000 UTC (0+1 container statuses recorded)&#xA;Sep 19 07:23:25.785: INFO: &#x9;Container heapster ready: true, restart count 0&#xA;Sep 19 07:23:25.785: INFO: istio-galley-687cd96db-hlpng started at 2018-09-17 07:17:28 +0000 UTC (0+1 container statuses recorded)&#xA;Sep 19 07:23:25.785: INFO: &#x9;Container validator ready: true, restart count 0&#xA;Sep 19 07:23:25.785: INFO: istio-tracing-77ccfc8844-79ngl started at 2018-09-17 07:17:32 +0000 UTC (0+1 container statuses recorded)&#xA;Sep 19 07:23:25.785: INFO: &#x9;Container jaeger ready: true, restart count 0&#xA;Sep 19 07:23:25.785: INFO: audit-logging-fluentd-ds-dhcg6 started at 2018-09-17 07:18:46 +0000 UTC (0+1 container statuses recorded)&#xA;Sep 19 07:23:25.785: INFO: &#x9;Container fluentd ready: true, restart count 0&#xA;Sep 19 07:23:25.785: INFO: istio-ingressgateway-7bc96d6585-m567m started at 2018-09-17 07:20:41 +0000 UTC (0+1 container statuses recorded)&#xA;Sep 19 07:23:25.785: INFO: &#x9;Container istio-ingressgateway ready: true, restart count 0&#xA;Sep 19 07:23:25.785: INFO: helm-api-fdd886877-6pwm8 started at 2018-09-17 07:16:36 +0000 UTC (0+3 container statuses recorded)&#xA;Sep 19 07:23:25.785: INFO: &#x9;Container audit-service ready: true, restart count 0&#xA;Sep 19 07:23:25.785: INFO: &#x9;Container helmapi ready: true, restart count 0&#xA;Sep 19 07:23:25.785: INFO: &#x9;Container rudder ready: true, restart count 0&#xA;Sep 19 07:23:25.785: INFO: istio-egressgateway-54448bcdbd-f4v6v started at 2018-09-17 07:17:29 +0000 UTC (0+1 container statuses recorded)&#xA;Sep 19 07:23:25.785: INFO: &#x9;Container istio-egressgateway ready: true, restart count 0&#xA;Sep 19 07:23:25.785: INFO: istio-citadel-77694dc965-mwqkp started at 2018-09-17 07:17:31 +0000 UTC (0+1 container statuses recorded)&#xA;Sep 19 07:23:25.785: INFO: &#x9;Container citadel ready: true, restart count 0&#xA;Sep 19 07:23:25.785: INFO: vulnerability-advisor-process-ma-crawler-96728 started at 2018-09-17 07:19:03 +0000 UTC (0+1 container statuses recorded)&#xA;Sep 19 07:23:25.785: INFO: &#x9;Container process-ma-crawler ready: true, restart count 0&#xA;Sep 19 07:23:25.785: INFO: istio-telemetry-8b5964dc7-rfswc started at 2018-09-17 07:19:39 +0000 UTC (0+2 container statuses recorded)&#xA;Sep 19 07:23:25.785: INFO: &#x9;Container istio-proxy ready: true, restart count 0&#xA;Sep 19 07:23:25.785: INFO: &#x9;Container mixer ready: true, restart count 0&#xA;Sep 19 07:23:25.785: INFO: nvidia-device-plugin-nh54k started at 2018-09-17 07:07:17 +0000 UTC (1+1 container statuses recorded)&#xA;Sep 19 07:23:25.785: INFO: &#x9;Init container nvidia-driver-collector ready: true, restart count 0&#xA;Sep 19 07:23:25.785: INFO: &#x9;Container nvidia-device-plugin ready: true, restart count 0&#xA;Sep 19 07:23:25.785: INFO: mariadb-0 started at 2018-09-17 07:08:38 +0000 UTC (0+1 container statuses recorded)&#xA;Sep 19 07:23:25.785: INFO: &#x9;Container mariadb ready: true, restart count 0&#xA;Sep 19 07:23:25.785: INFO: logging-elk-filebeat-ds-qf2vz started at 2018-09-17 07:15:20 +0000 UTC (0+1 container statuses recorded)&#xA;Sep 19 07:23:25.785: INFO: &#x9;Container filebeat ready: true, restart count 0&#xA;Sep 19 07:23:25.785: INFO: istio-ingressgateway-7bc96d6585-c58zx started at 2018-09-17 07:24:15 +0000 UTC (0+1 container statuses recorded)&#xA;Sep 19 07:23:25.785: INFO: &#x9;Container istio-ingressgateway ready: true, restart count 0&#xA;Sep 19 07:23:25.785: INFO: istio-policy-5b64d7fd64-5l2m9 started at 2018-09-17 07:31:07 +0000 UTC (0+2 container statuses recorded)&#xA;Sep 19 07:23:25.785: INFO: &#x9;Container istio-proxy ready: true, restart count 0&#xA;Sep 19 07:23:25.785: INFO: &#x9;Container mixer ready: true, restart count 0&#xA;Sep 19 07:23:25.785: INFO: platform-api-2fs4x started at 2018-09-17 07:08:45 +0000 UTC (0+2 container statuses recorded)&#xA;Sep 19 07:23:25.785: INFO: &#x9;Container audit-service ready: true, restart count 0&#xA;Sep 19 07:23:25.785: INFO: &#x9;Container platform-api ready: true, restart count 0&#xA;Sep 19 07:23:25.785: INFO: istio-telemetry-8b5964dc7-hcf6d started at 2018-09-17 07:17:29 +0000 UTC (0+2 container statuses recorded)&#xA;Sep 19 07:23:25.785: INFO: &#x9;Container istio-proxy ready: true, restart count 0&#xA;Sep 19 07:23:25.785: INFO: &#x9;Container mixer ready: true, restart count 0&#xA;Sep 19 07:23:25.785: INFO: istio-sidecar-injector-86d554f5f7-d57zk started at 2018-09-17 07:17:32 +0000 UTC (0+1 container statuses recorded)&#xA;Sep 19 07:23:25.785: INFO: &#x9;Container sidecar-injector-webhook ready: true, restart count 0&#xA;Sep 19 07:23:25.785: INFO: secret-watcher-5f59fcbc69-pfnfk started at 2018-09-17 07:18:05 +0000 UTC (0+1 container statuses recorded)&#xA;Sep 19 07:23:25.785: INFO: &#x9;Container secret-watcher ready: true, restart count 0&#xA;Sep 19 07:23:25.785: INFO: istio-telemetry-8b5964dc7-nw9kk started at 2018-09-17 07:23:11 +0000 UTC (0+2 container statuses recorded)&#xA;Sep 19 07:23:25.785: INFO: &#x9;Container istio-proxy ready: true, restart count 0&#xA;Sep 19 07:23:25.785: INFO: &#x9;Container mixer ready: true, restart count 0&#xA;Sep 19 07:23:25.785: INFO: calico-kube-controllers-dcb8cc97c-gtsqp started at 2018-09-17 07:05:53 +0000 UTC (0+1 container statuses recorded)&#xA;Sep 19 07:23:25.785: INFO: &#x9;Container calico-kube-controllers ready: true, restart count 0&#xA;Sep 19 07:23:25.785: INFO: icp-mongodb-0 started at 2018-09-17 07:07:42 +0000 UTC (2+1 container statuses recorded)&#xA;Sep 19 07:23:25.785: INFO: &#x9;Init container install ready: true, restart count 0&#xA;Sep 19 07:23:25.785: INFO: &#x9;Init container bootstrap ready: true, restart count 0&#xA;Sep 19 07:23:25.785: INFO: &#x9;Container icp-mongodb ready: true, restart count 0&#xA;Sep 19 07:23:25.785: INFO: catalog-ui-5rtkh started at 2018-09-17 07:15:57 +0000 UTC (0+1 container statuses recorded)&#xA;Sep 19 07:23:25.785: INFO: &#x9;Container catalog-ui ready: true, restart count 0&#xA;Sep 19 07:23:25.785: INFO: istio-policy-5b64d7fd64-jrlzt started at 2018-09-17 07:23:11 +0000 UTC (0+2 container statuses recorded)&#xA;Sep 19 07:23:25.785: INFO: &#x9;Container istio-proxy ready: true, restart count 0&#xA;Sep 19 07:23:25.785: INFO: &#x9;Container mixer ready: true, restart count 0&#xA;Sep 19 07:23:25.785: INFO: k8s-proxy-10.46.6.173 started at &lt;nil&gt; (0+0 container statuses recorded)&#xA;Sep 19 07:23:25.785: INFO: k8s-etcd-10.46.6.173 started at &lt;nil&gt; (0+0 container statuses recorded)&#xA;Sep 19 07:23:25.785: INFO: image-manager-0 started at 2018-09-17 06:38:56 +0000 UTC (0+2 container statuses recorded)&#xA;Sep 19 07:23:25.785: INFO: &#x9;Container icp-registry ready: true, restart count 0&#xA;Sep 19 07:23:25.785: INFO: &#x9;Container image-manager ready: true, restart count 0&#xA;Sep 19 07:23:25.785: INFO: platform-deploy-dbbks started at 2018-09-17 07:08:45 +0000 UTC (0+1 container statuses recorded)&#xA;Sep 19 07:23:25.785: INFO: &#x9;Container platform-deploy ready: true, restart count 0&#xA;Sep 19 07:23:25.785: INFO: auth-apikeys-x45mz started at 2018-09-17 07:10:12 +0000 UTC (0+1 container statuses recorded)&#xA;Sep 19 07:23:25.785: INFO: &#x9;Container auth-apikeys ready: true, restart count 0&#xA;Sep 19 07:23:25.785: INFO: istio-policy-5b64d7fd64-fb4bc started at 2018-09-17 07:27:37 +0000 UTC (0+2 container statuses recorded)&#xA;Sep 19 07:23:25.785: INFO: &#x9;Container istio-proxy ready: true, restart count 0&#xA;Sep 19 07:23:25.785: INFO: &#x9;Container mixer ready: true, restart count 0&#xA;Sep 19 07:23:25.785: INFO: istio-policy-5b64d7fd64-pt9z2 started at 2018-09-17 07:17:30 +0000 UTC (0+2 container statuses recorded)&#xA;Sep 19 07:23:25.785: INFO: &#x9;Container istio-proxy ready: true, restart count 0&#xA;Sep 19 07:23:25.785: INFO: &#x9;Container mixer ready: true, restart count 0&#xA;Sep 19 07:23:25.785: INFO: istio-policy-5b64d7fd64-z68j4 started at 2018-09-17 07:19:38 +0000 UTC (0+2 container statuses recorded)&#xA;Sep 19 07:23:25.785: INFO: &#x9;Container istio-proxy ready: true, restart count 0&#xA;Sep 19 07:23:25.785: INFO: &#x9;Container mixer ready: true, restart count 0&#xA;Sep 19 07:23:25.785: INFO: istio-ingressgateway-7bc96d6585-r98nr started at 2018-09-17 07:28:10 +0000 UTC (0+1 container statuses recorded)&#xA;Sep 19 07:23:25.785: INFO: &#x9;Container istio-ingressgateway ready: true, restart count 0&#xA;Sep 19 07:23:25.785: INFO: auth-idp-kjpmx started at 2018-09-17 07:10:04 +0000 UTC (1+4 container statuses recorded)&#xA;Sep 19 07:23:25.785: INFO: &#x9;Init container init-mariadb ready: true, restart count 0&#xA;Sep 19 07:23:25.785: INFO: &#x9;Container icp-audit-service ready: true, restart count 0&#xA;Sep 19 07:23:25.785: INFO: &#x9;Container platform-auth-service ready: true, restart count 0&#xA;Sep 19 07:23:25.785: INFO: &#x9;Container platform-identity-manager ready: true, restart count 0&#xA;Sep 19 07:23:25.785: INFO: &#x9;Container platform-identity-provider ready: true, restart count 0&#xA;Sep 19 07:23:25.785: INFO: helm-repo-5649f57447-wwdn4 started at 2018-09-17 07:13:54 +0000 UTC (1+2 container statuses recorded)&#xA;Sep 19 07:23:25.786: INFO: &#x9;Init container helm-repo-init ready: true, restart count 0&#xA;Sep 19 07:23:25.786: INFO: &#x9;Container audit-service ready: true, restart count 0&#xA;Sep 19 07:23:25.786: INFO: &#x9;Container helm-repo ready: true, restart count 0&#xA;Sep 19 07:23:25.786: INFO: metering-reader-l7284 started at 2018-09-17 07:14:11 +0000 UTC (1+1 container statuses recorded)&#xA;Sep 19 07:23:25.786: INFO: &#x9;Init container metering-reader-init ready: true, restart count 0&#xA;Sep 19 07:23:25.786: INFO: &#x9;Container metering-reader ready: true, restart count 0&#xA;Sep 19 07:23:25.786: INFO: istio-statsd-prom-bridge-66cb69b666-p76m8 started at 2018-09-17 07:17:29 +0000 UTC (0+1 container statuses recorded)&#xA;Sep 19 07:23:25.786: INFO: &#x9;Container statsd-prom-bridge ready: true, restart count 0&#xA;Sep 19 07:23:25.786: INFO: servicegraph-85578d8fc6-m62z4 started at 2018-09-17 07:17:32 +0000 UTC (0+1 container statuses recorded)&#xA;Sep 19 07:23:25.786: INFO: &#x9;Container servicegraph ready: true, restart count 0&#xA;Sep 19 07:23:25.786: INFO: mgmt-repo-57dc689b74-tmp44 started at 2018-09-17 07:17:51 +0000 UTC (1+2 container statuses recorded)&#xA;Sep 19 07:23:25.786: INFO: &#x9;Init container mgmt-repo-init ready: true, restart count 0&#xA;Sep 19 07:23:25.786: INFO: &#x9;Container audit-service ready: true, restart count 0&#xA;Sep 19 07:23:25.786: INFO: &#x9;Container mgmt-repo ready: true, restart count 0&#xA;Sep 19 07:23:25.786: INFO: istio-egressgateway-54448bcdbd-lhh5c started at 2018-09-17 07:20:07 +0000 UTC (0+1 container statuses recorded)&#xA;Sep 19 07:23:25.786: INFO: &#x9;Container istio-egressgateway ready: true, restart count 0&#xA;Sep 19 07:23:25.786: INFO: istio-ingressgateway-7bc96d6585-4qnc5 started at 2018-09-17 07:24:14 +0000 UTC (0+1 container statuses recorded)&#xA;Sep 19 07:23:25.786: INFO: &#x9;Container istio-ingressgateway ready: true, restart count 0&#xA;Sep 19 07:23:25.786: INFO: istio-telemetry-8b5964dc7-vjqbq started at 2018-09-17 07:27:36 +0000 UTC (0+2 container statuses recorded)&#xA;Sep 19 07:23:25.786: INFO: &#x9;Container istio-proxy ready: true, restart count 0&#xA;Sep 19 07:23:25.786: INFO: &#x9;Container mixer ready: true, restart count 0&#xA;Sep 19 07:23:25.786: INFO: istio-telemetry-8b5964dc7-9q67f started at 2018-09-17 07:31:08 +0000 UTC (0+2 container statuses recorded)&#xA;Sep 19 07:23:25.786: INFO: &#x9;Container istio-proxy ready: true, restart count 0&#xA;Sep 19 07:23:25.786: INFO: &#x9;Container mixer ready: true, restart count 0&#xA;Sep 19 07:23:25.786: INFO: service-catalog-controller-manager-5969cccf86-65phs started at 2018-09-17 07:08:21 +0000 UTC (0+1 container statuses recorded)&#xA;Sep 19 07:23:25.786: INFO: &#x9;Container controller-manager ready: true, restart count 0&#xA;Sep 19 07:23:25.786: INFO: auth-pap-qb5m2 started at 2018-09-17 07:10:20 +0000 UTC (0+1 container statuses recorded)&#xA;Sep 19 07:23:25.786: INFO: &#x9;Container auth-pap ready: true, restart count 0&#xA;Sep 19 07:23:25.786: INFO: istio-pilot-6cf9ccf474-kkb6j started at 2018-09-17 07:17:31 +0000 UTC (0+2 container statuses recorded)&#xA;Sep 19 07:23:25.786: INFO: &#x9;Container discovery ready: true, restart count 0&#xA;Sep 19 07:23:25.786: INFO: &#x9;Container istio-proxy ready: true, restart count 0&#xA;Sep 19 07:23:25.786: INFO: calico-node-m7d5t started at 2018-09-17 07:05:54 +0000 UTC (0+2 container statuses recorded)&#xA;Sep 19 07:23:25.786: INFO: &#x9;Container calico-node ready: true, restart count 0&#xA;Sep 19 07:23:25.786: INFO: &#x9;Container install-cni ready: true, restart count 0&#xA;Sep 19 07:23:25.786: INFO: ibm-cert-manager-cert-manager-74687f689b-7994r started at 2018-09-17 07:07:12 +0000 UTC (0+1 container statuses recorded)&#xA;Sep 19 07:23:25.786: INFO: &#x9;Container ibm-cert-manager ready: true, restart count 0&#xA;Sep 19 07:23:25.786: INFO: nginx-ingress-controller-h5z2v started at 2018-09-17 07:08:28 +0000 UTC (1+1 container statuses recorded)&#xA;Sep 19 07:23:25.786: INFO: &#x9;Init container sysctl ready: true, restart count 0&#xA;Sep 19 07:23:25.786: INFO: &#x9;Container nginx-ingress ready: true, restart count 0&#xA;Sep 19 07:23:25.786: INFO: istio-egressgateway-54448bcdbd-pjbtc started at 2018-09-17 07:28:34 +0000 UTC (0+1 container statuses recorded)&#xA;Sep 19 07:23:25.786: INFO: &#x9;Container istio-egressgateway ready: true, restart count 0&#xA;Sep 19 07:23:25.786: INFO: k8s-master-10.46.6.173 started at &lt;nil&gt; (0+0 container statuses recorded)&#xA;Sep 19 07:23:25.786: INFO: grafana-77676f44f7-c9wr6 started at 2018-09-17 07:17:28 +0000 UTC (0+1 container statuses recorded)&#xA;Sep 19 07:23:25.786: INFO: &#x9;Container grafana ready: true, restart count 1&#xA;Sep 19 07:23:25.786: INFO: security-onboarding-tkf79 started at 2018-09-17 07:18:12 +0000 UTC (0+1 container statuses recorded)&#xA;Sep 19 07:23:25.786: INFO: &#x9;Container security-onboarding ready: false, restart count 0&#xA;Sep 19 07:23:25.786: INFO: istio-egressgateway-54448bcdbd-xmkbc started at 2018-09-17 07:24:11 +0000 UTC (0+1 container statuses recorded)&#xA;Sep 19 07:23:25.786: INFO: &#x9;Container istio-egressgateway ready: true, restart count 0&#xA;Sep 19 07:23:25.786: INFO: tiller-deploy-6b58875cb-5l8kh started at 2018-09-17 07:05:28 +0000 UTC (0+1 container statuses recorded)&#xA;Sep 19 07:23:25.786: INFO: &#x9;Container tiller ready: true, restart count 0&#xA;Sep 19 07:23:25.786: INFO: unified-router-lkwnl started at 2018-09-17 07:15:31 +0000 UTC (0+1 container statuses recorded)&#xA;Sep 19 07:23:25.786: INFO: &#x9;Container unified-router ready: true, restart count 0&#xA;Sep 19 07:23:25.786: INFO: istio-ingressgateway-7bc96d6585-smf45 started at 2018-09-17 07:17:28 +0000 UTC (0+1 container statuses recorded)&#xA;Sep 19 07:23:25.786: INFO: &#x9;Container istio-ingressgateway ready: true, restart count 0&#xA;Sep 19 07:23:25.786: INFO: default-backend-54966589c4-4d47g started at 2018-09-17 07:08:29 +0000 UTC (0+1 container statuses recorded)&#xA;Sep 19 07:23:25.786: INFO: &#x9;Container default-backend ready: true, restart count 0&#xA;Sep 19 07:23:25.786: INFO: platform-ui-6fjgx started at 2018-09-17 07:14:34 +0000 UTC (0+1 container statuses recorded)&#xA;Sep 19 07:23:25.786: INFO: &#x9;Container platform-ui ready: true, restart count 0&#xA;Sep 19 07:23:25.786: INFO: monitoring-prometheus-nodeexporter-f84fv started at 2018-09-17 07:15:45 +0000 UTC (0+2 container statuses recorded)&#xA;Sep 19 07:23:25.786: INFO: &#x9;Container nodeexporter ready: true, restart count 0&#xA;Sep 19 07:23:25.786: INFO: &#x9;Container router ready: true, restart count 0&#xA;Sep 19 07:23:25.786: INFO: prometheus-6f98d89664-wh7pb started at 2018-09-17 07:17:31 +0000 UTC (0+1 container statuses recorded)&#xA;Sep 19 07:23:25.786: INFO: &#x9;Container prometheus ready: true, restart count 0&#xA;Sep 19 07:23:25.786: INFO: vulnerability-advisor-live-crawler-p6khc started at 2018-09-17 07:19:02 +0000 UTC (0+1 container statuses recorded)&#xA;Sep 19 07:23:25.786: INFO: &#x9;Container live-crawler ready: true, restart count 0&#xA;Sep 19 07:23:25.786: INFO: service-catalog-apiserver-967x9 started at 2018-09-17 07:08:20 +0000 UTC (0+1 container statuses recorded)&#xA;Sep 19 07:23:25.786: INFO: &#x9;Container apiserver ready: true, restart count 0&#xA;Sep 19 07:23:25.786: INFO: oidc-client-registration-szxrk started at 2018-09-17 07:10:05 +0000 UTC (0+1 container statuses recorded)&#xA;Sep 19 07:23:25.786: INFO: &#x9;Container oidc-client-registration ready: false, restart count 0&#xA;Sep 19 07:23:25.786: INFO: kiali-7f8c59df94-25qmq started at 2018-09-17 07:17:27 +0000 UTC (0+1 container statuses recorded)&#xA;Sep 19 07:23:25.786: INFO: &#x9;Container kiali ready: true, restart count 0&#xA;Sep 19 07:23:25.786: INFO: kube-dns-mwjc8 started at 2018-09-17 07:06:10 +0000 UTC (0+1 container statuses recorded)&#xA;Sep 19 07:23:25.786: INFO: &#x9;Container kube-dns ready: true, restart count 0&#xA;Sep 19 07:23:25.786: INFO: auth-pdp-tk2jm started at 2018-09-17 07:10:28 +0000 UTC (5+2 container statuses recorded)&#xA;Sep 19 07:23:25.786: INFO: &#x9;Init container init-auth-service ready: true, restart count 0&#xA;Sep 19 07:23:25.786: INFO: &#x9;Init container init-identity-provider ready: true, restart count 0&#xA;Sep 19 07:23:25.786: INFO: &#x9;Init container init-identity-manager ready: true, restart count 0&#xA;Sep 19 07:23:25.786: INFO: &#x9;Init container init-token-service ready: true, restart count 0&#xA;Sep 19 07:23:25.786: INFO: &#x9;Init container init-pap ready: true, restart count 0&#xA;Sep 19 07:23:25.786: INFO: &#x9;Container auth-pdp ready: true, restart count 0&#xA;Sep 19 07:23:25.786: INFO: &#x9;Container icp-audit-service ready: true, restart count 0&#xA;Sep 19 07:23:25.786: INFO: icp-management-ingress-x6qn8 started at 2018-09-17 07:10:36 +0000 UTC (0+1 container statuses recorded)&#xA;Sep 19 07:23:25.786: INFO: &#x9;Container icp-management-ingress ready: true, restart count 0&#xA;Sep 19 07:23:25.786: INFO: istio-egressgateway-54448bcdbd-cqlhf started at 2018-09-17 07:24:11 +0000 UTC (0+1 container statuses recorded)&#xA;Sep 19 07:23:25.786: INFO: &#x9;Container istio-egressgateway ready: true, restart count 0&#xA;Sep 19 07:23:25.895: INFO: &#xA;Latency metrics for node 10.46.6.173&#xA;STEP: Dumping a list of prepulled images on each node to file /tmp/results/image-puller.txt&#xA;Sep 19 07:23:25.912: INFO: Waiting up to 3m0s for all (but 0) nodes to be ready&#xA;STEP: Destroying namespace &#34;e2e-tests-sched-pred-2fp6k&#34; for this suite.&#xA;Sep 19 07:23:34.002: INFO: Waiting up to 30s for server preferred namespaced resources to be successfully discovered&#xA;Sep 19 07:23:34.349: INFO: namespace: e2e-tests-sched-pred-2fp6k, resource: bindings, ignored listing per whitelist&#xA;Sep 19 07:23:35.926: INFO: namespace e2e-tests-sched-pred-2fp6k deletion completed in 9.995050406s&#xA;[AfterEach] [sig-scheduling] SchedulerPredicates [Serial]&#xA;  /workspace/anago-v1.11.2-beta.0.50+bb9ffb1654d4a7/src/k8s.io/kubernetes/_output/dockerized/go/src/k8s.io/kubernetes/test/e2e/scheduling/predicates.go:71&#xA;</system-out>
      </testcase>
      <testcase name="[sig-scheduling] [Feature:GPUDevicePlugin] run Nvidia GPU Device Plugin tests on Container Optimized OS only" classname="Kubernetes e2e suite" time="0">
          <skipped></skipped>
      </testcase>
      <testcase name="[sig-storage] Subpath [Volume type: nfs] should unmount if pod is force deleted while kubelet is down [Disruptive][Slow]" classname="Kubernetes e2e suite" time="0">
          <skipped></skipped>
      </testcase>
      <testcase name="[sig-apps] StatefulSet [k8s.io] Basic StatefulSet functionality [StatefulSetBasic] should implement legacy replacement when the update strategy is OnDelete" classname="Kubernetes e2e suite" time="0">
          <skipped></skipped>
      </testcase>
      <testcase name="[sig-storage] Volume Provisioning on Datastore [Feature:vsphere] verify dynamically provisioned pv using storageclass fails on an invalid datastore" classname="Kubernetes e2e suite" time="0">
          <skipped></skipped>
      </testcase>
      <testcase name="[sig-network] Services should work after restarting kube-proxy [Disruptive]" classname="Kubernetes e2e suite" time="0">
          <skipped></skipped>
      </testcase>
      <testcase name="[sig-storage] Secrets should be consumable from pods in volume as non-root with defaultMode and fsGroup set [NodeConformance] [Conformance]" classname="Kubernetes e2e suite" time="14.576410039"></testcase>
      <testcase name="[sig-storage] Subpath [Volume type: gluster] should support non-existent path" classname="Kubernetes e2e suite" time="0">
          <skipped></skipped>
      </testcase>
      <testcase name="[sig-storage] Volume Placement should create and delete pod with multiple volumes from different datastore" classname="Kubernetes e2e suite" time="0">
          <skipped></skipped>
      </testcase>
      <testcase name="[sig-storage] PersistentVolumes-local  [Volume type: dir-bindmounted] Set fsGroup for local volume should set different fsGroup for second pod if first pod is deleted" classname="Kubernetes e2e suite" time="0">
          <skipped></skipped>
      </testcase>
      <testcase name="[k8s.io] KubeletManagedEtcHosts should test kubelet managed /etc/hosts file [NodeConformance] [Conformance]" classname="Kubernetes e2e suite" time="58.308928052"></testcase>
      <testcase name="[sig-apps] StatefulSet [k8s.io] Basic StatefulSet functionality [StatefulSetBasic] should perform rolling updates and roll backs of template modifications [Conformance]" classname="Kubernetes e2e suite" time="8.923431458">
          <failure type="Failure">/workspace/anago-v1.11.2-beta.0.50+bb9ffb1654d4a7/src/k8s.io/kubernetes/_output/dockerized/go/src/k8s.io/kubernetes/test/e2e/framework/framework.go:684&#xA;Expected error:&#xA;    &lt;*errors.StatusError | 0xc420abaa20&gt;: {&#xA;        ErrStatus: {&#xA;            TypeMeta: {Kind: &#34;&#34;, APIVersion: &#34;&#34;},&#xA;            ListMeta: {SelfLink: &#34;&#34;, ResourceVersion: &#34;&#34;, Continue: &#34;&#34;},&#xA;            Status: &#34;Failure&#34;,&#xA;            Message: &#34;Internal error occurred: admission webhook \&#34;trust.hooks.securityenforcement.admission.cloud.ibm.com\&#34; denied the request: \nDeny \&#34;k8s.gcr.io/nginx-slim-amd64:0.20\&#34;, no matching repositories in ClusterImagePolicy and no ImagePolicies in the \&#34;e2e-tests-statefulset-cs79r\&#34; namespace&#34;,&#xA;            Reason: &#34;InternalError&#34;,&#xA;            Details: {&#xA;                Name: &#34;&#34;,&#xA;                Group: &#34;&#34;,&#xA;                Kind: &#34;&#34;,&#xA;                UID: &#34;&#34;,&#xA;                Causes: [&#xA;                    {&#xA;                        Type: &#34;&#34;,&#xA;                        Message: &#34;admission webhook \&#34;trust.hooks.securityenforcement.admission.cloud.ibm.com\&#34; denied the request: \nDeny \&#34;k8s.gcr.io/nginx-slim-amd64:0.20\&#34;, no matching repositories in ClusterImagePolicy and no ImagePolicies in the \&#34;e2e-tests-statefulset-cs79r\&#34; namespace&#34;,&#xA;                        Field: &#34;&#34;,&#xA;                    },&#xA;                ],&#xA;                RetryAfterSeconds: 0,&#xA;            },&#xA;            Code: 500,&#xA;        },&#xA;    }&#xA;    Internal error occurred: admission webhook &#34;trust.hooks.securityenforcement.admission.cloud.ibm.com&#34; denied the request: &#xA;    Deny &#34;k8s.gcr.io/nginx-slim-amd64:0.20&#34;, no matching repositories in ClusterImagePolicy and no ImagePolicies in the &#34;e2e-tests-statefulset-cs79r&#34; namespace&#xA;not to have occurred&#xA;/workspace/anago-v1.11.2-beta.0.50+bb9ffb1654d4a7/src/k8s.io/kubernetes/_output/dockerized/go/src/k8s.io/kubernetes/test/e2e/apps/statefulset.go:262</failure>
          <system-out>[BeforeEach] [sig-apps] StatefulSet&#xA;  /workspace/anago-v1.11.2-beta.0.50+bb9ffb1654d4a7/src/k8s.io/kubernetes/_output/dockerized/go/src/k8s.io/kubernetes/test/e2e/framework/framework.go:141&#xA;STEP: Creating a kubernetes client&#xA;Sep 19 07:24:48.812: INFO: &gt;&gt;&gt; kubeConfig: /tmp/kubeconfig-172917420&#xA;STEP: Building a namespace api object&#xA;STEP: Binding the e2e-test-privileged-psp PodSecurityPolicy to the default service account in e2e-tests-statefulset-cs79r&#xA;STEP: Waiting for a default service account to be provisioned in namespace&#xA;[BeforeEach] [sig-apps] StatefulSet&#xA;  /workspace/anago-v1.11.2-beta.0.50+bb9ffb1654d4a7/src/k8s.io/kubernetes/_output/dockerized/go/src/k8s.io/kubernetes/test/e2e/apps/statefulset.go:57&#xA;[BeforeEach] [k8s.io] Basic StatefulSet functionality [StatefulSetBasic]&#xA;  /workspace/anago-v1.11.2-beta.0.50+bb9ffb1654d4a7/src/k8s.io/kubernetes/_output/dockerized/go/src/k8s.io/kubernetes/test/e2e/apps/statefulset.go:72&#xA;STEP: Creating service test in namespace e2e-tests-statefulset-cs79r&#xA;[It] should perform rolling updates and roll backs of template modifications [Conformance]&#xA;  /workspace/anago-v1.11.2-beta.0.50+bb9ffb1654d4a7/src/k8s.io/kubernetes/_output/dockerized/go/src/k8s.io/kubernetes/test/e2e/framework/framework.go:684&#xA;STEP: Creating a new StatefulSet&#xA;[AfterEach] [k8s.io] Basic StatefulSet functionality [StatefulSetBasic]&#xA;  /workspace/anago-v1.11.2-beta.0.50+bb9ffb1654d4a7/src/k8s.io/kubernetes/_output/dockerized/go/src/k8s.io/kubernetes/test/e2e/apps/statefulset.go:83&#xA;Sep 19 07:24:49.295: INFO: Deleting all statefulset in ns e2e-tests-statefulset-cs79r&#xA;[AfterEach] [sig-apps] StatefulSet&#xA;  /workspace/anago-v1.11.2-beta.0.50+bb9ffb1654d4a7/src/k8s.io/kubernetes/_output/dockerized/go/src/k8s.io/kubernetes/test/e2e/framework/framework.go:142&#xA;STEP: Collecting events from namespace &#34;e2e-tests-statefulset-cs79r&#34;.&#xA;STEP: Found 0 events.&#xA;Sep 19 07:24:49.355: INFO: POD                                                              NODE         PHASE      GRACE  CONDITIONS&#xA;Sep 19 07:24:49.355: INFO: ibm-cert-manager-cert-manager-74687f689b-7994r                   10.46.6.173  Running           [{Initialized True 0001-01-01 00:00:00 +0000 UTC 2018-09-17 07:07:12 +0000 UTC  } {Ready True 0001-01-01 00:00:00 +0000 UTC 2018-09-17 07:07:37 +0000 UTC  } {ContainersReady True 0001-01-01 00:00:00 +0000 UTC 0001-01-01 00:00:00 +0000 UTC  } {PodScheduled True 0001-01-01 00:00:00 +0000 UTC 2018-09-17 07:07:12 +0000 UTC  }]&#xA;Sep 19 07:24:49.355: INFO: sonobuoy                                                         10.46.6.170  Running           [{Initialized True 0001-01-01 00:00:00 +0000 UTC 2018-09-19 07:22:02 +0000 UTC  } {Ready True 0001-01-01 00:00:00 +0000 UTC 2018-09-19 07:22:08 +0000 UTC  } {ContainersReady True 0001-01-01 00:00:00 +0000 UTC 0001-01-01 00:00:00 +0000 UTC  } {PodScheduled True 0001-01-01 00:00:00 +0000 UTC 2018-09-19 07:22:02 +0000 UTC  }]&#xA;Sep 19 07:24:49.355: INFO: sonobuoy-e2e-job-c3f9b53ea97c48a2                                10.46.6.170  Running           [{Initialized True 0001-01-01 00:00:00 +0000 UTC 2018-09-19 07:22:08 +0000 UTC  } {Ready True 0001-01-01 00:00:00 +0000 UTC 2018-09-19 07:22:25 +0000 UTC  } {ContainersReady True 0001-01-01 00:00:00 +0000 UTC 0001-01-01 00:00:00 +0000 UTC  } {PodScheduled True 0001-01-01 00:00:00 +0000 UTC 2018-09-19 07:22:08 +0000 UTC  }]&#xA;Sep 19 07:24:49.355: INFO: grafana-77676f44f7-c9wr6                                         10.46.6.173  Running           [{Initialized True 0001-01-01 00:00:00 +0000 UTC 2018-09-17 07:17:28 +0000 UTC  } {Ready True 0001-01-01 00:00:00 +0000 UTC 2018-09-17 07:20:34 +0000 UTC  } {ContainersReady True 0001-01-01 00:00:00 +0000 UTC 0001-01-01 00:00:00 +0000 UTC  } {PodScheduled True 0001-01-01 00:00:00 +0000 UTC 2018-09-17 07:17:27 +0000 UTC  }]&#xA;Sep 19 07:24:49.355: INFO: istio-citadel-77694dc965-mwqkp                                   10.46.6.173  Running           [{Initialized True 0001-01-01 00:00:00 +0000 UTC 2018-09-17 07:17:31 +0000 UTC  } {Ready True 0001-01-01 00:00:00 +0000 UTC 2018-09-17 07:18:30 +0000 UTC  } {ContainersReady True 0001-01-01 00:00:00 +0000 UTC 0001-01-01 00:00:00 +0000 UTC  } {PodScheduled True 0001-01-01 00:00:00 +0000 UTC 2018-09-17 07:17:28 +0000 UTC  }]&#xA;Sep 19 07:24:49.355: INFO: istio-egressgateway-54448bcdbd-cqlhf                             10.46.6.173  Running           [{Initialized True 0001-01-01 00:00:00 +0000 UTC 2018-09-17 07:24:11 +0000 UTC  } {Ready True 0001-01-01 00:00:00 +0000 UTC 2018-09-17 07:25:19 +0000 UTC  } {ContainersReady True 0001-01-01 00:00:00 +0000 UTC 0001-01-01 00:00:00 +0000 UTC  } {PodScheduled True 0001-01-01 00:00:00 +0000 UTC 2018-09-17 07:24:10 +0000 UTC  }]&#xA;Sep 19 07:24:49.355: INFO: istio-egressgateway-54448bcdbd-f4v6v                             10.46.6.173  Running           [{Initialized True 0001-01-01 00:00:00 +0000 UTC 2018-09-17 07:17:29 +0000 UTC  } {Ready True 0001-01-01 00:00:00 +0000 UTC 2018-09-17 07:18:31 +0000 UTC  } {ContainersReady True 0001-01-01 00:00:00 +0000 UTC 0001-01-01 00:00:00 +0000 UTC  } {PodScheduled True 0001-01-01 00:00:00 +0000 UTC 2018-09-17 07:17:27 +0000 UTC  }]&#xA;Sep 19 07:24:49.355: INFO: istio-egressgateway-54448bcdbd-lhh5c                             10.46.6.173  Running           [{Initialized True 0001-01-01 00:00:00 +0000 UTC 2018-09-17 07:20:07 +0000 UTC  } {Ready True 0001-01-01 00:00:00 +0000 UTC 2018-09-17 07:21:11 +0000 UTC  } {ContainersReady True 0001-01-01 00:00:00 +0000 UTC 0001-01-01 00:00:00 +0000 UTC  } {PodScheduled True 0001-01-01 00:00:00 +0000 UTC 2018-09-17 07:20:06 +0000 UTC  }]&#xA;Sep 19 07:24:49.355: INFO: istio-egressgateway-54448bcdbd-pjbtc                             10.46.6.173  Running           [{Initialized True 0001-01-01 00:00:00 +0000 UTC 2018-09-17 07:28:34 +0000 UTC  } {Ready True 0001-01-01 00:00:00 +0000 UTC 2018-09-17 07:29:40 +0000 UTC  } {ContainersReady True 0001-01-01 00:00:00 +0000 UTC 0001-01-01 00:00:00 +0000 UTC  } {PodScheduled True 0001-01-01 00:00:00 +0000 UTC 2018-09-17 07:28:34 +0000 UTC  }]&#xA;Sep 19 07:24:49.355: INFO: istio-egressgateway-54448bcdbd-xmkbc                             10.46.6.173  Running           [{Initialized True 0001-01-01 00:00:00 +0000 UTC 2018-09-17 07:24:11 +0000 UTC  } {Ready True 0001-01-01 00:00:00 +0000 UTC 2018-09-17 07:25:10 +0000 UTC  } {ContainersReady True 0001-01-01 00:00:00 +0000 UTC 0001-01-01 00:00:00 +0000 UTC  } {PodScheduled True 0001-01-01 00:00:00 +0000 UTC 2018-09-17 07:24:10 +0000 UTC  }]&#xA;Sep 19 07:24:49.355: INFO: istio-galley-687cd96db-hlpng                                     10.46.6.173  Running           [{Initialized True 0001-01-01 00:00:00 +0000 UTC 2018-09-17 07:17:28 +0000 UTC  } {Ready True 0001-01-01 00:00:00 +0000 UTC 2018-09-17 07:18:35 +0000 UTC  } {ContainersReady True 0001-01-01 00:00:00 +0000 UTC 0001-01-01 00:00:00 +0000 UTC  } {PodScheduled True 0001-01-01 00:00:00 +0000 UTC 2018-09-17 07:17:27 +0000 UTC  }]&#xA;Sep 19 07:24:49.355: INFO: istio-ingressgateway-7bc96d6585-4qnc5                            10.46.6.173  Running           [{Initialized True 0001-01-01 00:00:00 +0000 UTC 2018-09-17 07:24:14 +0000 UTC  } {Ready True 0001-01-01 00:00:00 +0000 UTC 2018-09-17 07:25:22 +0000 UTC  } {ContainersReady True 0001-01-01 00:00:00 +0000 UTC 0001-01-01 00:00:00 +0000 UTC  } {PodScheduled True 0001-01-01 00:00:00 +0000 UTC 2018-09-17 07:24:13 +0000 UTC  }]&#xA;Sep 19 07:24:49.355: INFO: istio-ingressgateway-7bc96d6585-c58zx                            10.46.6.173  Running           [{Initialized True 0001-01-01 00:00:00 +0000 UTC 2018-09-17 07:24:15 +0000 UTC  } {Ready True 0001-01-01 00:00:00 +0000 UTC 2018-09-17 07:25:19 +0000 UTC  } {ContainersReady True 0001-01-01 00:00:00 +0000 UTC 0001-01-01 00:00:00 +0000 UTC  } {PodScheduled True 0001-01-01 00:00:00 +0000 UTC 2018-09-17 07:24:14 +0000 UTC  }]&#xA;Sep 19 07:24:49.355: INFO: istio-ingressgateway-7bc96d6585-m567m                            10.46.6.173  Running           [{Initialized True 0001-01-01 00:00:00 +0000 UTC 2018-09-17 07:20:41 +0000 UTC  } {Ready True 0001-01-01 00:00:00 +0000 UTC 2018-09-17 07:21:43 +0000 UTC  } {ContainersReady True 0001-01-01 00:00:00 +0000 UTC 0001-01-01 00:00:00 +0000 UTC  } {PodScheduled True 0001-01-01 00:00:00 +0000 UTC 2018-09-17 07:20:41 +0000 UTC  }]&#xA;Sep 19 07:24:49.355: INFO: istio-ingressgateway-7bc96d6585-r98nr                            10.46.6.173  Running           [{Initialized True 0001-01-01 00:00:00 +0000 UTC 2018-09-17 07:28:10 +0000 UTC  } {Ready True 0001-01-01 00:00:00 +0000 UTC 2018-09-17 07:29:11 +0000 UTC  } {ContainersReady True 0001-01-01 00:00:00 +0000 UTC 0001-01-01 00:00:00 +0000 UTC  } {PodScheduled True 0001-01-01 00:00:00 +0000 UTC 2018-09-17 07:28:09 +0000 UTC  }]&#xA;Sep 19 07:24:49.355: INFO: istio-ingressgateway-7bc96d6585-smf45                            10.46.6.173  Running           [{Initialized True 0001-01-01 00:00:00 +0000 UTC 2018-09-17 07:17:28 +0000 UTC  } {Ready True 0001-01-01 00:00:00 +0000 UTC 2018-09-17 07:18:37 +0000 UTC  } {ContainersReady True 0001-01-01 00:00:00 +0000 UTC 0001-01-01 00:00:00 +0000 UTC  } {PodScheduled True 0001-01-01 00:00:00 +0000 UTC 2018-09-17 07:17:27 +0000 UTC  }]&#xA;Sep 19 07:24:49.355: INFO: istio-pilot-6cf9ccf474-kkb6j                                     10.46.6.173  Running           [{Initialized True 0001-01-01 00:00:00 +0000 UTC 2018-09-17 07:17:31 +0000 UTC  } {Ready True 0001-01-01 00:00:00 +0000 UTC 2018-09-17 07:19:28 +0000 UTC  } {ContainersReady True 0001-01-01 00:00:00 +0000 UTC 0001-01-01 00:00:00 +0000 UTC  } {PodScheduled True 0001-01-01 00:00:00 +0000 UTC 2018-09-17 07:17:27 +0000 UTC  }]&#xA;Sep 19 07:24:49.355: INFO: istio-policy-5b64d7fd64-5l2m9                                    10.46.6.173  Running           [{Initialized True 0001-01-01 00:00:00 +0000 UTC 2018-09-17 07:31:07 +0000 UTC  } {Ready True 0001-01-01 00:00:00 +0000 UTC 2018-09-17 07:31:51 +0000 UTC  } {ContainersReady True 0001-01-01 00:00:00 +0000 UTC 0001-01-01 00:00:00 +0000 UTC  } {PodScheduled True 0001-01-01 00:00:00 +0000 UTC 2018-09-17 07:31:06 +0000 UTC  }]&#xA;Sep 19 07:24:49.355: INFO: istio-policy-5b64d7fd64-fb4bc                                    10.46.6.173  Running           [{Initialized True 0001-01-01 00:00:00 +0000 UTC 2018-09-17 07:27:37 +0000 UTC  } {Ready True 0001-01-01 00:00:00 +0000 UTC 2018-09-17 07:28:39 +0000 UTC  } {ContainersReady True 0001-01-01 00:00:00 +0000 UTC 0001-01-01 00:00:00 +0000 UTC  } {PodScheduled True 0001-01-01 00:00:00 +0000 UTC 2018-09-17 07:27:36 +0000 UTC  }]&#xA;Sep 19 07:24:49.355: INFO: istio-policy-5b64d7fd64-jrlzt                                    10.46.6.173  Running           [{Initialized True 0001-01-01 00:00:00 +0000 UTC 2018-09-17 07:23:11 +0000 UTC  } {Ready True 0001-01-01 00:00:00 +0000 UTC 2018-09-17 07:24:08 +0000 UTC  } {ContainersReady True 0001-01-01 00:00:00 +0000 UTC 0001-01-01 00:00:00 +0000 UTC  } {PodScheduled True 0001-01-01 00:00:00 +0000 UTC 2018-09-17 07:23:10 +0000 UTC  }]&#xA;Sep 19 07:24:49.355: INFO: istio-policy-5b64d7fd64-pt9z2                                    10.46.6.173  Running           [{Initialized True 0001-01-01 00:00:00 +0000 UTC 2018-09-17 07:17:30 +0000 UTC  } {Ready True 0001-01-01 00:00:00 +0000 UTC 2018-09-17 07:19:02 +0000 UTC  } {ContainersReady True 0001-01-01 00:00:00 +0000 UTC 0001-01-01 00:00:00 +0000 UTC  } {PodScheduled True 0001-01-01 00:00:00 +0000 UTC 2018-09-17 07:17:27 +0000 UTC  }]&#xA;Sep 19 07:24:49.355: INFO: istio-policy-5b64d7fd64-z68j4                                    10.46.6.173  Running           [{Initialized True 0001-01-01 00:00:00 +0000 UTC 2018-09-17 07:19:38 +0000 UTC  } {Ready True 0001-01-01 00:00:00 +0000 UTC 2018-09-17 07:20:44 +0000 UTC  } {ContainersReady True 0001-01-01 00:00:00 +0000 UTC 0001-01-01 00:00:00 +0000 UTC  } {PodScheduled True 0001-01-01 00:00:00 +0000 UTC 2018-09-17 07:19:37 +0000 UTC  }]&#xA;Sep 19 07:24:49.355: INFO: istio-sidecar-injector-86d554f5f7-d57zk                          10.46.6.173  Running           [{Initialized True 0001-01-01 00:00:00 +0000 UTC 2018-09-17 07:17:32 +0000 UTC  } {Ready True 0001-01-01 00:00:00 +0000 UTC 2018-09-17 07:18:41 +0000 UTC  } {ContainersReady True 0001-01-01 00:00:00 +0000 UTC 0001-01-01 00:00:00 +0000 UTC  } {PodScheduled True 0001-01-01 00:00:00 +0000 UTC 2018-09-17 07:17:29 +0000 UTC  }]&#xA;Sep 19 07:24:49.355: INFO: istio-statsd-prom-bridge-66cb69b666-p76m8                        10.46.6.173  Running           [{Initialized True 0001-01-01 00:00:00 +0000 UTC 2018-09-17 07:17:29 +0000 UTC  } {Ready True 0001-01-01 00:00:00 +0000 UTC 2018-09-17 07:18:32 +0000 UTC  } {ContainersReady True 0001-01-01 00:00:00 +0000 UTC 0001-01-01 00:00:00 +0000 UTC  } {PodScheduled True 0001-01-01 00:00:00 +0000 UTC 2018-09-17 07:17:27 +0000 UTC  }]&#xA;Sep 19 07:24:49.355: INFO: istio-telemetry-8b5964dc7-9q67f                                  10.46.6.173  Running           [{Initialized True 0001-01-01 00:00:00 +0000 UTC 2018-09-17 07:31:08 +0000 UTC  } {Ready True 0001-01-01 00:00:00 +0000 UTC 2018-09-17 07:32:00 +0000 UTC  } {ContainersReady True 0001-01-01 00:00:00 +0000 UTC 0001-01-01 00:00:00 +0000 UTC  } {PodScheduled True 0001-01-01 00:00:00 +0000 UTC 2018-09-17 07:31:07 +0000 UTC  }]&#xA;Sep 19 07:24:49.355: INFO: istio-telemetry-8b5964dc7-hcf6d                                  10.46.6.173  Running           [{Initialized True 0001-01-01 00:00:00 +0000 UTC 2018-09-17 07:17:29 +0000 UTC  } {Ready True 0001-01-01 00:00:00 +0000 UTC 2018-09-17 07:18:56 +0000 UTC  } {ContainersReady True 0001-01-01 00:00:00 +0000 UTC 0001-01-01 00:00:00 +0000 UTC  } {PodScheduled True 0001-01-01 00:00:00 +0000 UTC 2018-09-17 07:17:27 +0000 UTC  }]&#xA;Sep 19 07:24:49.355: INFO: istio-telemetry-8b5964dc7-nw9kk                                  10.46.6.173  Running           [{Initialized True 0001-01-01 00:00:00 +0000 UTC 2018-09-17 07:23:11 +0000 UTC  } {Ready True 0001-01-01 00:00:00 +0000 UTC 2018-09-17 07:24:19 +0000 UTC  } {ContainersReady True 0001-01-01 00:00:00 +0000 UTC 0001-01-01 00:00:00 +0000 UTC  } {PodScheduled True 0001-01-01 00:00:00 +0000 UTC 2018-09-17 07:23:10 +0000 UTC  }]&#xA;Sep 19 07:24:49.355: INFO: istio-telemetry-8b5964dc7-rfswc                                  10.46.6.173  Running           [{Initialized True 0001-01-01 00:00:00 +0000 UTC 2018-09-17 07:19:39 +0000 UTC  } {Ready True 0001-01-01 00:00:00 +0000 UTC 2018-09-17 07:20:38 +0000 UTC  } {ContainersReady True 0001-01-01 00:00:00 +0000 UTC 0001-01-01 00:00:00 +0000 UTC  } {PodScheduled True 0001-01-01 00:00:00 +0000 UTC 2018-09-17 07:19:38 +0000 UTC  }]&#xA;Sep 19 07:24:49.355: INFO: istio-telemetry-8b5964dc7-vjqbq                                  10.46.6.173  Running           [{Initialized True 0001-01-01 00:00:00 +0000 UTC 2018-09-17 07:27:36 +0000 UTC  } {Ready True 0001-01-01 00:00:00 +0000 UTC 2018-09-17 07:28:21 +0000 UTC  } {ContainersReady True 0001-01-01 00:00:00 +0000 UTC 0001-01-01 00:00:00 +0000 UTC  } {PodScheduled True 0001-01-01 00:00:00 +0000 UTC 2018-09-17 07:27:36 +0000 UTC  }]&#xA;Sep 19 07:24:49.355: INFO: istio-tracing-77ccfc8844-79ngl                                   10.46.6.173  Running           [{Initialized True 0001-01-01 00:00:00 +0000 UTC 2018-09-17 07:17:32 +0000 UTC  } {Ready True 0001-01-01 00:00:00 +0000 UTC 2018-09-17 07:18:08 +0000 UTC  } {ContainersReady True 0001-01-01 00:00:00 +0000 UTC 0001-01-01 00:00:00 +0000 UTC  } {PodScheduled True 0001-01-01 00:00:00 +0000 UTC 2018-09-17 07:17:29 +0000 UTC  }]&#xA;Sep 19 07:24:49.355: INFO: kiali-7f8c59df94-25qmq                                           10.46.6.173  Running           [{Initialized True 0001-01-01 00:00:00 +0000 UTC 2018-09-17 07:17:27 +0000 UTC  } {Ready True 0001-01-01 00:00:00 +0000 UTC 2018-09-17 07:17:56 +0000 UTC  } {ContainersReady True 0001-01-01 00:00:00 +0000 UTC 0001-01-01 00:00:00 +0000 UTC  } {PodScheduled True 0001-01-01 00:00:00 +0000 UTC 2018-09-17 07:17:27 +0000 UTC  }]&#xA;Sep 19 07:24:49.355: INFO: prometheus-6f98d89664-wh7pb                                      10.46.6.173  Running           [{Initialized True 0001-01-01 00:00:00 +0000 UTC 2018-09-17 07:17:31 +0000 UTC  } {Ready True 0001-01-01 00:00:00 +0000 UTC 2018-09-17 07:17:57 +0000 UTC  } {ContainersReady True 0001-01-01 00:00:00 +0000 UTC 0001-01-01 00:00:00 +0000 UTC  } {PodScheduled True 0001-01-01 00:00:00 +0000 UTC 2018-09-17 07:17:28 +0000 UTC  }]&#xA;Sep 19 07:24:49.355: INFO: servicegraph-85578d8fc6-m62z4                                    10.46.6.173  Running           [{Initialized True 0001-01-01 00:00:00 +0000 UTC 2018-09-17 07:17:32 +0000 UTC  } {Ready True 0001-01-01 00:00:00 +0000 UTC 2018-09-17 07:18:22 +0000 UTC  } {ContainersReady True 0001-01-01 00:00:00 +0000 UTC 0001-01-01 00:00:00 +0000 UTC  } {PodScheduled True 0001-01-01 00:00:00 +0000 UTC 2018-09-17 07:17:28 +0000 UTC  }]&#xA;Sep 19 07:24:49.355: INFO: audit-logging-fluentd-ds-4cgnk                                   10.46.6.170  Running           [{Initialized True 0001-01-01 00:00:00 +0000 UTC 2018-09-17 07:18:46 +0000 UTC  } {Ready True 0001-01-01 00:00:00 +0000 UTC 2018-09-17 07:18:50 +0000 UTC  } {ContainersReady True 0001-01-01 00:00:00 +0000 UTC 0001-01-01 00:00:00 +0000 UTC  } {PodScheduled True 0001-01-01 00:00:00 +0000 UTC 2018-09-17 07:18:46 +0000 UTC  }]&#xA;Sep 19 07:24:49.355: INFO: audit-logging-fluentd-ds-8bh4t                                   10.46.6.172  Running           [{Initialized True 0001-01-01 00:00:00 +0000 UTC 2018-09-17 07:18:46 +0000 UTC  } {Ready True 0001-01-01 00:00:00 +0000 UTC 2018-09-17 07:18:56 +0000 UTC  } {ContainersReady True 0001-01-01 00:00:00 +0000 UTC 0001-01-01 00:00:00 +0000 UTC  } {PodScheduled True 0001-01-01 00:00:00 +0000 UTC 2018-09-17 07:18:46 +0000 UTC  }]&#xA;Sep 19 07:24:49.355: INFO: audit-logging-fluentd-ds-bc22k                                   10.46.6.171  Running           [{Initialized True 0001-01-01 00:00:00 +0000 UTC 2018-09-17 07:18:46 +0000 UTC  } {Ready True 0001-01-01 00:00:00 +0000 UTC 2018-09-17 07:18:56 +0000 UTC  } {ContainersReady True 0001-01-01 00:00:00 +0000 UTC 0001-01-01 00:00:00 +0000 UTC  } {PodScheduled True 0001-01-01 00:00:00 +0000 UTC 2018-09-17 07:18:46 +0000 UTC  }]&#xA;Sep 19 07:24:49.355: INFO: audit-logging-fluentd-ds-dhcg6                                   10.46.6.173  Running           [{Initialized True 0001-01-01 00:00:00 +0000 UTC 2018-09-17 07:18:46 +0000 UTC  } {Ready True 0001-01-01 00:00:00 +0000 UTC 2018-09-17 07:19:00 +0000 UTC  } {ContainersReady True 0001-01-01 00:00:00 +0000 UTC 0001-01-01 00:00:00 +0000 UTC  } {PodScheduled True 0001-01-01 00:00:00 +0000 UTC 2018-09-17 07:18:46 +0000 UTC  }]&#xA;Sep 19 07:24:49.355: INFO: auth-apikeys-x45mz                                               10.46.6.173  Running           [{Initialized True 0001-01-01 00:00:00 +0000 UTC 2018-09-17 07:10:12 +0000 UTC  } {Ready True 0001-01-01 00:00:00 +0000 UTC 2018-09-17 07:11:25 +0000 UTC  } {ContainersReady True 0001-01-01 00:00:00 +0000 UTC 0001-01-01 00:00:00 +0000 UTC  } {PodScheduled True 0001-01-01 00:00:00 +0000 UTC 2018-09-17 07:10:12 +0000 UTC  }]&#xA;Sep 19 07:24:49.355: INFO: auth-idp-kjpmx                                                   10.46.6.173  Running           [{Initialized True 0001-01-01 00:00:00 +0000 UTC 2018-09-17 07:10:19 +0000 UTC  } {Ready True 0001-01-01 00:00:00 +0000 UTC 2018-09-19 07:05:52 +0000 UTC  } {ContainersReady True 0001-01-01 00:00:00 +0000 UTC 0001-01-01 00:00:00 +0000 UTC  } {PodScheduled True 0001-01-01 00:00:00 +0000 UTC 2018-09-17 07:10:04 +0000 UTC  }]&#xA;Sep 19 07:24:49.356: INFO: auth-pap-qb5m2                                                   10.46.6.173  Running           [{Initialized True 0001-01-01 00:00:00 +0000 UTC 2018-09-17 07:10:20 +0000 UTC  } {Ready True 0001-01-01 00:00:00 +0000 UTC 2018-09-17 07:10:46 +0000 UTC  } {ContainersReady True 0001-01-01 00:00:00 +0000 UTC 0001-01-01 00:00:00 +0000 UTC  } {PodScheduled True 0001-01-01 00:00:00 +0000 UTC 2018-09-17 07:10:20 +0000 UTC  }]&#xA;Sep 19 07:24:49.356: INFO: auth-pdp-tk2jm                                                   10.46.6.173  Running           [{Initialized True 0001-01-01 00:00:00 +0000 UTC 2018-09-17 07:13:08 +0000 UTC  } {Ready True 0001-01-01 00:00:00 +0000 UTC 2018-09-17 07:13:19 +0000 UTC  } {ContainersReady True 0001-01-01 00:00:00 +0000 UTC 0001-01-01 00:00:00 +0000 UTC  } {PodScheduled True 0001-01-01 00:00:00 +0000 UTC 2018-09-17 07:10:28 +0000 UTC  }]&#xA;Sep 19 07:24:49.356: INFO: calico-kube-controllers-dcb8cc97c-gtsqp                          10.46.6.173  Running           [{Initialized True 0001-01-01 00:00:00 +0000 UTC 2018-09-17 07:05:53 +0000 UTC  } {Ready True 0001-01-01 00:00:00 +0000 UTC 2018-09-17 07:06:04 +0000 UTC  } {ContainersReady True 0001-01-01 00:00:00 +0000 UTC 0001-01-01 00:00:00 +0000 UTC  } {PodScheduled True 0001-01-01 00:00:00 +0000 UTC 2018-09-17 07:05:53 +0000 UTC  }]&#xA;Sep 19 07:24:49.356: INFO: calico-node-gpm2c                                                10.46.6.171  Running           [{Initialized True 0001-01-01 00:00:00 +0000 UTC 2018-09-17 07:05:53 +0000 UTC  } {Ready True 0001-01-01 00:00:00 +0000 UTC 2018-09-17 07:06:11 +0000 UTC  } {ContainersReady True 0001-01-01 00:00:00 +0000 UTC 0001-01-01 00:00:00 +0000 UTC  } {PodScheduled True 0001-01-01 00:00:00 +0000 UTC 2018-09-17 07:05:53 +0000 UTC  }]&#xA;Sep 19 07:24:49.356: INFO: calico-node-htf97                                                10.46.6.170  Running           [{Initialized True 0001-01-01 00:00:00 +0000 UTC 2018-09-17 07:05:53 +0000 UTC  } {Ready True 0001-01-01 00:00:00 +0000 UTC 2018-09-17 07:06:14 +0000 UTC  } {ContainersReady True 0001-01-01 00:00:00 +0000 UTC 0001-01-01 00:00:00 +0000 UTC  } {PodScheduled True 0001-01-01 00:00:00 +0000 UTC 2018-09-17 07:05:53 +0000 UTC  }]&#xA;Sep 19 07:24:49.356: INFO: calico-node-m7d5t                                                10.46.6.173  Running           [{Initialized True 0001-01-01 00:00:00 +0000 UTC 2018-09-17 07:05:54 +0000 UTC  } {Ready True 0001-01-01 00:00:00 +0000 UTC 2018-09-17 07:06:15 +0000 UTC  } {ContainersReady True 0001-01-01 00:00:00 +0000 UTC 0001-01-01 00:00:00 +0000 UTC  } {PodScheduled True 0001-01-01 00:00:00 +0000 UTC 2018-09-17 07:05:54 +0000 UTC  }]&#xA;Sep 19 07:24:49.356: INFO: calico-node-wsknj                                                10.46.6.172  Running           [{Initialized True 0001-01-01 00:00:00 +0000 UTC 2018-09-17 07:05:53 +0000 UTC  } {Ready True 0001-01-01 00:00:00 +0000 UTC 2018-09-17 07:06:17 +0000 UTC  } {ContainersReady True 0001-01-01 00:00:00 +0000 UTC 0001-01-01 00:00:00 +0000 UTC  } {PodScheduled True 0001-01-01 00:00:00 +0000 UTC 2018-09-17 07:05:53 +0000 UTC  }]&#xA;Sep 19 07:24:49.356: INFO: catalog-ui-5rtkh                                                 10.46.6.173  Running           [{Initialized True 0001-01-01 00:00:00 +0000 UTC 2018-09-17 07:15:57 +0000 UTC  } {Ready True 0001-01-01 00:00:00 +0000 UTC 2018-09-17 07:16:11 +0000 UTC  } {ContainersReady True 0001-01-01 00:00:00 +0000 UTC 0001-01-01 00:00:00 +0000 UTC  } {PodScheduled True 0001-01-01 00:00:00 +0000 UTC 2018-09-17 07:15:57 +0000 UTC  }]&#xA;Sep 19 07:24:49.356: INFO: custom-metrics-adapter-64f64964b4-f9gmc                          10.46.6.171  Running           [{Initialized True 0001-01-01 00:00:00 +0000 UTC 2018-09-17 07:17:13 +0000 UTC  } {Ready True 0001-01-01 00:00:00 +0000 UTC 2018-09-17 07:17:51 +0000 UTC  } {ContainersReady True 0001-01-01 00:00:00 +0000 UTC 0001-01-01 00:00:00 +0000 UTC  } {PodScheduled True 0001-01-01 00:00:00 +0000 UTC 2018-09-17 07:14:28 +0000 UTC  }]&#xA;Sep 19 07:24:49.356: INFO: default-backend-54966589c4-4d47g                                 10.46.6.173  Running           [{Initialized True 0001-01-01 00:00:00 +0000 UTC 2018-09-17 07:08:29 +0000 UTC  } {Ready True 0001-01-01 00:00:00 +0000 UTC 2018-09-17 07:08:40 +0000 UTC  } {ContainersReady True 0001-01-01 00:00:00 +0000 UTC 0001-01-01 00:00:00 +0000 UTC  } {PodScheduled True 0001-01-01 00:00:00 +0000 UTC 2018-09-17 07:08:28 +0000 UTC  }]&#xA;Sep 19 07:24:49.356: INFO: heapster-69b486565b-nt26r                                        10.46.6.173  Running           [{Initialized True 0001-01-01 00:00:00 +0000 UTC 2018-09-17 07:13:48 +0000 UTC  } {Ready True 0001-01-01 00:00:00 +0000 UTC 2018-09-17 07:13:58 +0000 UTC  } {ContainersReady True 0001-01-01 00:00:00 +0000 UTC 0001-01-01 00:00:00 +0000 UTC  } {PodScheduled True 0001-01-01 00:00:00 +0000 UTC 2018-09-17 07:13:48 +0000 UTC  }]&#xA;Sep 19 07:24:49.356: INFO: helm-api-fdd886877-6pwm8                                         10.46.6.173  Running           [{Initialized True 0001-01-01 00:00:00 +0000 UTC 2018-09-17 07:16:36 +0000 UTC  } {Ready True 0001-01-01 00:00:00 +0000 UTC 2018-09-17 07:16:58 +0000 UTC  } {ContainersReady True 0001-01-01 00:00:00 +0000 UTC 0001-01-01 00:00:00 +0000 UTC  } {PodScheduled True 0001-01-01 00:00:00 +0000 UTC 2018-09-17 07:16:35 +0000 UTC  }]&#xA;Sep 19 07:24:49.356: INFO: helm-repo-5649f57447-wwdn4                                       10.46.6.173  Running           [{Initialized True 0001-01-01 00:00:00 +0000 UTC 2018-09-17 07:14:04 +0000 UTC  } {Ready True 0001-01-01 00:00:00 +0000 UTC 2018-09-17 07:14:40 +0000 UTC  } {ContainersReady True 0001-01-01 00:00:00 +0000 UTC 0001-01-01 00:00:00 +0000 UTC  } {PodScheduled True 0001-01-01 00:00:00 +0000 UTC 2018-09-17 07:13:53 +0000 UTC  }]&#xA;Sep 19 07:24:49.356: INFO: ibmcloud-image-enforcement-76ddccbf9f-kqmlb                      10.46.6.171  Running           [{Initialized True 0001-01-01 00:00:00 +0000 UTC 2018-09-17 07:14:02 +0000 UTC  } {Ready True 0001-01-01 00:00:00 +0000 UTC 2018-09-17 07:14:07 +0000 UTC  } {ContainersReady True 0001-01-01 00:00:00 +0000 UTC 0001-01-01 00:00:00 +0000 UTC  } {PodScheduled True 0001-01-01 00:00:00 +0000 UTC 2018-09-17 07:14:02 +0000 UTC  }]&#xA;Sep 19 07:24:49.356: INFO: icp-management-ingress-x6qn8                                     10.46.6.173  Running           [{Initialized True 0001-01-01 00:00:00 +0000 UTC 2018-09-17 07:10:36 +0000 UTC  } {Ready True 0001-01-01 00:00:00 +0000 UTC 2018-09-17 07:10:48 +0000 UTC  } {ContainersReady True 0001-01-01 00:00:00 +0000 UTC 0001-01-01 00:00:00 +0000 UTC  } {PodScheduled True 0001-01-01 00:00:00 +0000 UTC 2018-09-17 07:10:36 +0000 UTC  }]&#xA;Sep 19 07:24:49.356: INFO: icp-mongodb-0                                                    10.46.6.173  Running           [{Initialized True 0001-01-01 00:00:00 +0000 UTC 2018-09-17 07:09:00 +0000 UTC  } {Ready True 0001-01-01 00:00:00 +0000 UTC 2018-09-17 07:09:17 +0000 UTC  } {ContainersReady True 0001-01-01 00:00:00 +0000 UTC 0001-01-01 00:00:00 +0000 UTC  } {PodScheduled True 0001-01-01 00:00:00 +0000 UTC 2018-09-17 07:07:41 +0000 UTC  }]&#xA;Sep 19 07:24:49.356: INFO: image-manager-0                                                  10.46.6.173  Running           [{Initialized True 0001-01-01 00:00:00 +0000 UTC 2018-09-17 06:38:56 +0000 UTC  } {Ready True 0001-01-01 00:00:00 +0000 UTC 2018-09-17 06:39:08 +0000 UTC  } {ContainersReady True 0001-01-01 00:00:00 +0000 UTC 0001-01-01 00:00:00 +0000 UTC  } {PodScheduled True 0001-01-01 00:00:00 +0000 UTC 2018-09-17 06:38:56 +0000 UTC  }]&#xA;Sep 19 07:24:49.356: INFO: k8s-etcd-10.46.6.173                                             10.46.6.173  Running           [{Initialized True 0001-01-01 00:00:00 +0000 UTC 2018-09-17 06:35:49 +0000 UTC  } {Ready True 0001-01-01 00:00:00 +0000 UTC 2018-09-17 06:35:54 +0000 UTC  } {ContainersReady True 0001-01-01 00:00:00 +0000 UTC 0001-01-01 00:00:00 +0000 UTC  } {PodScheduled True 0001-01-01 00:00:00 +0000 UTC 2018-09-17 06:35:49 +0000 UTC  }]&#xA;Sep 19 07:24:49.356: INFO: k8s-master-10.46.6.173                                           10.46.6.173  Running           [{Initialized True 0001-01-01 00:00:00 +0000 UTC 2018-09-17 06:37:18 +0000 UTC  } {Ready True 0001-01-01 00:00:00 +0000 UTC 2018-09-17 06:37:26 +0000 UTC  } {ContainersReady True 0001-01-01 00:00:00 +0000 UTC 0001-01-01 00:00:00 +0000 UTC  } {PodScheduled True 0001-01-01 00:00:00 +0000 UTC 2018-09-17 06:37:18 +0000 UTC  }]&#xA;Sep 19 07:24:49.356: INFO: k8s-proxy-10.46.6.170                                            10.46.6.170  Running           [{Initialized True 0001-01-01 00:00:00 +0000 UTC 2018-09-17 07:05:43 +0000 UTC  } {Ready True 0001-01-01 00:00:00 +0000 UTC 2018-09-17 07:05:46 +0000 UTC  } {ContainersReady True 0001-01-01 00:00:00 +0000 UTC 0001-01-01 00:00:00 +0000 UTC  } {PodScheduled True 0001-01-01 00:00:00 +0000 UTC 2018-09-17 07:05:43 +0000 UTC  }]&#xA;Sep 19 07:24:49.356: INFO: k8s-proxy-10.46.6.171                                            10.46.6.171  Running           [{Initialized True 0001-01-01 00:00:00 +0000 UTC 2018-09-17 07:05:44 +0000 UTC  } {Ready True 0001-01-01 00:00:00 +0000 UTC 2018-09-17 07:05:46 +0000 UTC  } {ContainersReady True 0001-01-01 00:00:00 +0000 UTC 0001-01-01 00:00:00 +0000 UTC  } {PodScheduled True 0001-01-01 00:00:00 +0000 UTC 2018-09-17 07:05:44 +0000 UTC  }]&#xA;Sep 19 07:24:49.356: INFO: k8s-proxy-10.46.6.172                                            10.46.6.172  Running           [{Initialized True 0001-01-01 00:00:00 +0000 UTC 2018-09-17 07:05:44 +0000 UTC  } {Ready True 0001-01-01 00:00:00 +0000 UTC 2018-09-17 07:05:48 +0000 UTC  } {ContainersReady True 0001-01-01 00:00:00 +0000 UTC 0001-01-01 00:00:00 +0000 UTC  } {PodScheduled True 0001-01-01 00:00:00 +0000 UTC 2018-09-17 07:05:44 +0000 UTC  }]&#xA;Sep 19 07:24:49.356: INFO: k8s-proxy-10.46.6.173                                            10.46.6.173  Running           [{Initialized True 0001-01-01 00:00:00 +0000 UTC 2018-09-17 06:35:45 +0000 UTC  } {Ready True 0001-01-01 00:00:00 +0000 UTC 2018-09-17 06:35:50 +0000 UTC  } {ContainersReady True 0001-01-01 00:00:00 +0000 UTC 0001-01-01 00:00:00 +0000 UTC  } {PodScheduled True 0001-01-01 00:00:00 +0000 UTC 2018-09-17 06:35:45 +0000 UTC  }]&#xA;Sep 19 07:24:49.356: INFO: kube-dns-mwjc8                                                   10.46.6.173  Running           [{Initialized True 0001-01-01 00:00:00 +0000 UTC 2018-09-17 07:06:10 +0000 UTC  } {Ready True 0001-01-01 00:00:00 +0000 UTC 2018-09-17 07:06:18 +0000 UTC  } {ContainersReady True 0001-01-01 00:00:00 +0000 UTC 0001-01-01 00:00:00 +0000 UTC  } {PodScheduled True 0001-01-01 00:00:00 +0000 UTC 2018-09-17 07:06:10 +0000 UTC  }]&#xA;Sep 19 07:24:49.356: INFO: logging-elk-client-75d4d7994c-7g7fn                              10.46.6.171  Running           [{Initialized True 0001-01-01 00:00:00 +0000 UTC 2018-09-17 07:15:40 +0000 UTC  } {Ready True 0001-01-01 00:00:00 +0000 UTC 2018-09-17 07:16:22 +0000 UTC  } {ContainersReady True 0001-01-01 00:00:00 +0000 UTC 0001-01-01 00:00:00 +0000 UTC  } {PodScheduled True 0001-01-01 00:00:00 +0000 UTC 2018-09-17 07:15:20 +0000 UTC  }]&#xA;Sep 19 07:24:49.356: INFO: logging-elk-data-0                                               10.46.6.171  Running           [{Initialized True 0001-01-01 00:00:00 +0000 UTC 2018-09-17 07:15:47 +0000 UTC  } {Ready True 0001-01-01 00:00:00 +0000 UTC 2018-09-17 07:16:16 +0000 UTC  } {ContainersReady True 0001-01-01 00:00:00 +0000 UTC 0001-01-01 00:00:00 +0000 UTC  } {PodScheduled True 0001-01-01 00:00:00 +0000 UTC 2018-09-17 07:15:20 +0000 UTC  }]&#xA;Sep 19 07:24:49.356: INFO: logging-elk-elasticsearch-tls-init-6hnl4                         10.46.6.171  Succeeded         [{Initialized True 0001-01-01 00:00:00 +0000 UTC 2018-09-17 07:15:20 +0000 UTC PodCompleted } {Ready False 0001-01-01 00:00:00 +0000 UTC 2018-09-17 07:17:46 +0000 UTC PodCompleted } {ContainersReady False 0001-01-01 00:00:00 +0000 UTC 0001-01-01 00:00:00 +0000 UTC PodCompleted } {PodScheduled True 0001-01-01 00:00:00 +0000 UTC 2018-09-17 07:15:20 +0000 UTC  }]&#xA;Sep 19 07:24:49.356: INFO: logging-elk-filebeat-ds-bs86r                                    10.46.6.171  Running           [{Initialized True 0001-01-01 00:00:00 +0000 UTC 2018-09-17 07:15:20 +0000 UTC  } {Ready True 0001-01-01 00:00:00 +0000 UTC 2018-09-17 07:15:42 +0000 UTC  } {ContainersReady True 0001-01-01 00:00:00 +0000 UTC 0001-01-01 00:00:00 +0000 UTC  } {PodScheduled True 0001-01-01 00:00:00 +0000 UTC 2018-09-17 07:15:20 +0000 UTC  }]&#xA;Sep 19 07:24:49.356: INFO: logging-elk-filebeat-ds-jtd5q                                    10.46.6.170  Running           [{Initialized True 0001-01-01 00:00:00 +0000 UTC 2018-09-17 07:15:20 +0000 UTC  } {Ready True 0001-01-01 00:00:00 +0000 UTC 2018-09-17 07:15:37 +0000 UTC  } {ContainersReady True 0001-01-01 00:00:00 +0000 UTC 0001-01-01 00:00:00 +0000 UTC  } {PodScheduled True 0001-01-01 00:00:00 +0000 UTC 2018-09-17 07:15:20 +0000 UTC  }]&#xA;Sep 19 07:24:49.356: INFO: logging-elk-filebeat-ds-qf2vz                                    10.46.6.173  Running           [{Initialized True 0001-01-01 00:00:00 +0000 UTC 2018-09-17 07:15:20 +0000 UTC  } {Ready True 0001-01-01 00:00:00 +0000 UTC 2018-09-17 07:15:39 +0000 UTC  } {ContainersReady True 0001-01-01 00:00:00 +0000 UTC 0001-01-01 00:00:00 +0000 UTC  } {PodScheduled True 0001-01-01 00:00:00 +0000 UTC 2018-09-17 07:15:20 +0000 UTC  }]&#xA;Sep 19 07:24:49.356: INFO: logging-elk-filebeat-ds-vpk48                                    10.46.6.172  Running           [{Initialized True 0001-01-01 00:00:00 +0000 UTC 2018-09-17 07:15:20 +0000 UTC  } {Ready True 0001-01-01 00:00:00 +0000 UTC 2018-09-17 07:15:39 +0000 UTC  } {ContainersReady True 0001-01-01 00:00:00 +0000 UTC 0001-01-01 00:00:00 +0000 UTC  } {PodScheduled True 0001-01-01 00:00:00 +0000 UTC 2018-09-17 07:15:20 +0000 UTC  }]&#xA;Sep 19 07:24:49.356: INFO: logging-elk-kibana-ff4db4866-s2295                               10.46.6.171  Running           [{Initialized True 0001-01-01 00:00:00 +0000 UTC 2018-09-17 07:15:21 +0000 UTC  } {Ready True 0001-01-01 00:00:00 +0000 UTC 2018-09-17 07:15:45 +0000 UTC  } {ContainersReady True 0001-01-01 00:00:00 +0000 UTC 0001-01-01 00:00:00 +0000 UTC  } {PodScheduled True 0001-01-01 00:00:00 +0000 UTC 2018-09-17 07:15:21 +0000 UTC  }]&#xA;Sep 19 07:24:49.356: INFO: logging-elk-logstash-7994656f46-r89mt                            10.46.6.171  Running           [{Initialized True 0001-01-01 00:00:00 +0000 UTC 2018-09-17 07:15:22 +0000 UTC  } {Ready True 0001-01-01 00:00:00 +0000 UTC 2018-09-17 07:16:16 +0000 UTC  } {ContainersReady True 0001-01-01 00:00:00 +0000 UTC 0001-01-01 00:00:00 +0000 UTC  } {PodScheduled True 0001-01-01 00:00:00 +0000 UTC 2018-09-17 07:15:21 +0000 UTC  }]&#xA;Sep 19 07:24:49.356: INFO: logging-elk-master-6cdcf45f7d-gp28f                              10.46.6.171  Running           [{Initialized True 0001-01-01 00:00:00 +0000 UTC 2018-09-17 07:15:47 +0000 UTC  } {Ready True 0001-01-01 00:00:00 +0000 UTC 2018-09-17 07:16:16 +0000 UTC  } {ContainersReady True 0001-01-01 00:00:00 +0000 UTC 0001-01-01 00:00:00 +0000 UTC  } {PodScheduled True 0001-01-01 00:00:00 +0000 UTC 2018-09-17 07:15:21 +0000 UTC  }]&#xA;Sep 19 07:24:49.356: INFO: mariadb-0                                                        10.46.6.173  Running           [{Initialized True 0001-01-01 00:00:00 +0000 UTC 2018-09-17 07:08:38 +0000 UTC  } {Ready True 0001-01-01 00:00:00 +0000 UTC 2018-09-17 07:09:15 +0000 UTC  } {ContainersReady True 0001-01-01 00:00:00 +0000 UTC 0001-01-01 00:00:00 +0000 UTC  } {PodScheduled True 0001-01-01 00:00:00 +0000 UTC 2018-09-17 07:08:37 +0000 UTC  }]&#xA;Sep 19 07:24:49.356: INFO: metering-dm-8b475fc57-cmm6h                                      10.46.6.171  Running           [{Initialized True 0001-01-01 00:00:00 +0000 UTC 2018-09-17 07:14:20 +0000 UTC  } {Ready True 0001-01-01 00:00:00 +0000 UTC 2018-09-17 07:14:49 +0000 UTC  } {ContainersReady True 0001-01-01 00:00:00 +0000 UTC 0001-01-01 00:00:00 +0000 UTC  } {PodScheduled True 0001-01-01 00:00:00 +0000 UTC 2018-09-17 07:14:12 +0000 UTC  }]&#xA;Sep 19 07:24:49.356: INFO: metering-reader-44wd7                                            10.46.6.170  Running           [{Initialized True 0001-01-01 00:00:00 +0000 UTC 2018-09-17 07:14:20 +0000 UTC  } {Ready True 0001-01-01 00:00:00 +0000 UTC 2018-09-17 07:14:46 +0000 UTC  } {ContainersReady True 0001-01-01 00:00:00 +0000 UTC 0001-01-01 00:00:00 +0000 UTC  } {PodScheduled True 0001-01-01 00:00:00 +0000 UTC 2018-09-17 07:14:11 +0000 UTC  }]&#xA;Sep 19 07:24:49.356: INFO: metering-reader-gsrdg                                            10.46.6.172  Running           [{Initialized True 0001-01-01 00:00:00 +0000 UTC 2018-09-17 07:14:23 +0000 UTC  } {Ready True 0001-01-01 00:00:00 +0000 UTC 2018-09-17 07:14:52 +0000 UTC  } {ContainersReady True 0001-01-01 00:00:00 +0000 UTC 0001-01-01 00:00:00 +0000 UTC  } {PodScheduled True 0001-01-01 00:00:00 +0000 UTC 2018-09-17 07:14:11 +0000 UTC  }]&#xA;Sep 19 07:24:49.356: INFO: metering-reader-l7284                                            10.46.6.173  Running           [{Initialized True 0001-01-01 00:00:00 +0000 UTC 2018-09-17 07:14:24 +0000 UTC  } {Ready True 0001-01-01 00:00:00 +0000 UTC 2018-09-17 07:14:45 +0000 UTC  } {ContainersReady True 0001-01-01 00:00:00 +0000 UTC 0001-01-01 00:00:00 +0000 UTC  } {PodScheduled True 0001-01-01 00:00:00 +0000 UTC 2018-09-17 07:14:11 +0000 UTC  }]&#xA;Sep 19 07:24:49.356: INFO: metering-reader-xq8f2                                            10.46.6.171  Running           [{Initialized True 0001-01-01 00:00:00 +0000 UTC 2018-09-17 07:14:23 +0000 UTC  } {Ready True 0001-01-01 00:00:00 +0000 UTC 2018-09-17 07:14:55 +0000 UTC  } {ContainersReady True 0001-01-01 00:00:00 +0000 UTC 0001-01-01 00:00:00 +0000 UTC  } {PodScheduled True 0001-01-01 00:00:00 +0000 UTC 2018-09-17 07:14:11 +0000 UTC  }]&#xA;Sep 19 07:24:49.356: INFO: metering-ui-5bbfbb5d49-wkh8m                                     10.46.6.171  Running           [{Initialized True 0001-01-01 00:00:00 +0000 UTC 2018-09-17 07:14:22 +0000 UTC  } {Ready True 0001-01-01 00:00:00 +0000 UTC 2018-09-17 07:14:55 +0000 UTC  } {ContainersReady True 0001-01-01 00:00:00 +0000 UTC 0001-01-01 00:00:00 +0000 UTC  } {PodScheduled True 0001-01-01 00:00:00 +0000 UTC 2018-09-17 07:14:12 +0000 UTC  }]&#xA;Sep 19 07:24:49.356: INFO: metrics-server-6d6695f9db-8t4xs                                  10.46.6.171  Running           [{Initialized True 0001-01-01 00:00:00 +0000 UTC 2018-09-17 07:08:51 +0000 UTC  } {Ready True 0001-01-01 00:00:00 +0000 UTC 2018-09-17 07:08:55 +0000 UTC  } {ContainersReady True 0001-01-01 00:00:00 +0000 UTC 0001-01-01 00:00:00 +0000 UTC  } {PodScheduled True 0001-01-01 00:00:00 +0000 UTC 2018-09-17 07:08:51 +0000 UTC  }]&#xA;Sep 19 07:24:49.356: INFO: mgmt-repo-57dc689b74-tmp44                                       10.46.6.173  Running           [{Initialized True 0001-01-01 00:00:00 +0000 UTC 2018-09-17 07:18:10 +0000 UTC  } {Ready True 0001-01-01 00:00:00 +0000 UTC 2018-09-17 07:18:54 +0000 UTC  } {ContainersReady True 0001-01-01 00:00:00 +0000 UTC 0001-01-01 00:00:00 +0000 UTC  } {PodScheduled True 0001-01-01 00:00:00 +0000 UTC 2018-09-17 07:17:50 +0000 UTC  }]&#xA;Sep 19 07:24:49.356: INFO: monitoring-grafana-548b947c8c-dh89z                              10.46.6.171  Running           [{Initialized True 0001-01-01 00:00:00 +0000 UTC 2018-09-17 07:16:14 +0000 UTC  } {Ready True 0001-01-01 00:00:00 +0000 UTC 2018-09-17 07:16:59 +0000 UTC  } {ContainersReady True 0001-01-01 00:00:00 +0000 UTC 0001-01-01 00:00:00 +0000 UTC  } {PodScheduled True 0001-01-01 00:00:00 +0000 UTC 2018-09-17 07:15:46 +0000 UTC  }]&#xA;Sep 19 07:24:49.356: INFO: monitoring-prometheus-6677d7c77f-pnpt5                           10.46.6.171  Running           [{Initialized True 0001-01-01 00:00:00 +0000 UTC 2018-09-17 07:16:14 +0000 UTC  } {Ready True 0001-01-01 00:00:00 +0000 UTC 2018-09-17 07:17:03 +0000 UTC  } {ContainersReady True 0001-01-01 00:00:00 +0000 UTC 0001-01-01 00:00:00 +0000 UTC  } {PodScheduled True 0001-01-01 00:00:00 +0000 UTC 2018-09-17 07:15:45 +0000 UTC  }]&#xA;Sep 19 07:24:49.356: INFO: monitoring-prometheus-alertmanager-7d8749dbb8-xj68d              10.46.6.171  Running           [{Initialized True 0001-01-01 00:00:00 +0000 UTC 2018-09-17 07:15:46 +0000 UTC  } {Ready True 0001-01-01 00:00:00 +0000 UTC 2018-09-17 07:16:45 +0000 UTC  } {ContainersReady True 0001-01-01 00:00:00 +0000 UTC 0001-01-01 00:00:00 +0000 UTC  } {PodScheduled True 0001-01-01 00:00:00 +0000 UTC 2018-09-17 07:15:45 +0000 UTC  }]&#xA;Sep 19 07:24:49.356: INFO: monitoring-prometheus-collectdexporter-77575678dc-v8n2l          10.46.6.171  Running           [{Initialized True 0001-01-01 00:00:00 +0000 UTC 2018-09-17 07:15:46 +0000 UTC  } {Ready True 0001-01-01 00:00:00 +0000 UTC 2018-09-17 07:16:42 +0000 UTC  } {ContainersReady True 0001-01-01 00:00:00 +0000 UTC 0001-01-01 00:00:00 +0000 UTC  } {PodScheduled True 0001-01-01 00:00:00 +0000 UTC 2018-09-17 07:15:45 +0000 UTC  }]&#xA;Sep 19 07:24:49.356: INFO: monitoring-prometheus-elasticsearchexporter-655864cccb-c6tps     10.46.6.171  Running           [{Initialized True 0001-01-01 00:00:00 +0000 UTC 2018-09-17 07:15:46 +0000 UTC  } {Ready True 0001-01-01 00:00:00 +0000 UTC 2018-09-17 07:16:52 +0000 UTC  } {ContainersReady True 0001-01-01 00:00:00 +0000 UTC 0001-01-01 00:00:00 +0000 UTC  } {PodScheduled True 0001-01-01 00:00:00 +0000 UTC 2018-09-17 07:15:45 +0000 UTC  }]&#xA;Sep 19 07:24:49.356: INFO: monitoring-prometheus-kubestatemetrics-54dcbb6cfb-76zmm          10.46.6.171  Running           [{Initialized True 0001-01-01 00:00:00 +0000 UTC 2018-09-17 07:15:45 +0000 UTC  } {Ready True 0001-01-01 00:00:00 +0000 UTC 2018-09-17 07:16:34 +0000 UTC  } {ContainersReady True 0001-01-01 00:00:00 +0000 UTC 0001-01-01 00:00:00 +0000 UTC  } {PodScheduled True 0001-01-01 00:00:00 +0000 UTC 2018-09-17 07:15:45 +0000 UTC  }]&#xA;Sep 19 07:24:49.356: INFO: monitoring-prometheus-nodeexporter-9fnpb                         10.46.6.171  Running           [{Initialized True 0001-01-01 00:00:00 +0000 UTC 2018-09-17 07:15:44 +0000 UTC  } {Ready True 0001-01-01 00:00:00 +0000 UTC 2018-09-17 07:16:44 +0000 UTC  } {ContainersReady True 0001-01-01 00:00:00 +0000 UTC 0001-01-01 00:00:00 +0000 UTC  } {PodScheduled True 0001-01-01 00:00:00 +0000 UTC 2018-09-17 07:15:44 +0000 UTC  }]&#xA;Sep 19 07:24:49.356: INFO: monitoring-prometheus-nodeexporter-f84fv                         10.46.6.173  Running           [{Initialized True 0001-01-01 00:00:00 +0000 UTC 2018-09-17 07:15:45 +0000 UTC  } {Ready True 0001-01-01 00:00:00 +0000 UTC 2018-09-17 07:16:28 +0000 UTC  } {ContainersReady True 0001-01-01 00:00:00 +0000 UTC 0001-01-01 00:00:00 +0000 UTC  } {PodScheduled True 0001-01-01 00:00:00 +0000 UTC 2018-09-17 07:15:45 +0000 UTC  }]&#xA;Sep 19 07:24:49.356: INFO: monitoring-prometheus-nodeexporter-tpbc8                         10.46.6.170  Running           [{Initialized True 0001-01-01 00:00:00 +0000 UTC 2018-09-17 07:15:44 +0000 UTC  } {Ready True 0001-01-01 00:00:00 +0000 UTC 2018-09-17 07:16:27 +0000 UTC  } {ContainersReady True 0001-01-01 00:00:00 +0000 UTC 0001-01-01 00:00:00 +0000 UTC  } {PodScheduled True 0001-01-01 00:00:00 +0000 UTC 2018-09-17 07:15:44 +0000 UTC  }]&#xA;Sep 19 07:24:49.356: INFO: monitoring-prometheus-nodeexporter-v4l7d                         10.46.6.172  Running           [{Initialized True 0001-01-01 00:00:00 +0000 UTC 2018-09-17 07:15:44 +0000 UTC  } {Ready True 0001-01-01 00:00:00 +0000 UTC 2018-09-17 07:16:31 +0000 UTC  } {ContainersReady True 0001-01-01 00:00:00 +0000 UTC 0001-01-01 00:00:00 +0000 UTC  } {PodScheduled True 0001-01-01 00:00:00 +0000 UTC 2018-09-17 07:15:44 +0000 UTC  }]&#xA;Sep 19 07:24:49.357: INFO: my-ibm-open-liberty-ibm-7f7d9778d7-7t5jc                         10.46.6.170  Running           [{Initialized True 0001-01-01 00:00:00 +0000 UTC 2018-09-17 08:22:24 +0000 UTC  } {Ready True 0001-01-01 00:00:00 +0000 UTC 2018-09-17 08:23:21 +0000 UTC  } {ContainersReady True 0001-01-01 00:00:00 +0000 UTC 0001-01-01 00:00:00 +0000 UTC  } {PodScheduled True 0001-01-01 00:00:00 +0000 UTC 2018-09-17 08:22:24 +0000 UTC  }]&#xA;Sep 19 07:24:49.357: INFO: nginx-ingress-controller-h5z2v                                   10.46.6.173  Running           [{Initialized True 0001-01-01 00:00:00 +0000 UTC 2018-09-17 07:08:39 +0000 UTC  } {Ready True 0001-01-01 00:00:00 +0000 UTC 2018-09-17 07:08:54 +0000 UTC  } {ContainersReady True 0001-01-01 00:00:00 +0000 UTC 0001-01-01 00:00:00 +0000 UTC  } {PodScheduled True 0001-01-01 00:00:00 +0000 UTC 2018-09-17 07:08:28 +0000 UTC  }]&#xA;Sep 19 07:24:49.357: INFO: nvidia-device-plugin-9h2k4                                       10.46.6.170  Running           [{Initialized True 0001-01-01 00:00:00 +0000 UTC 2018-09-17 07:07:23 +0000 UTC  } {Ready True 0001-01-01 00:00:00 +0000 UTC 2018-09-17 07:07:24 +0000 UTC  } {ContainersReady True 0001-01-01 00:00:00 +0000 UTC 0001-01-01 00:00:00 +0000 UTC  } {PodScheduled True 0001-01-01 00:00:00 +0000 UTC 2018-09-17 07:07:17 +0000 UTC  }]&#xA;Sep 19 07:24:49.357: INFO: nvidia-device-plugin-nh54k                                       10.46.6.173  Running           [{Initialized True 0001-01-01 00:00:00 +0000 UTC 2018-09-17 07:07:29 +0000 UTC  } {Ready True 0001-01-01 00:00:00 +0000 UTC 2018-09-17 07:07:33 +0000 UTC  } {ContainersReady True 0001-01-01 00:00:00 +0000 UTC 0001-01-01 00:00:00 +0000 UTC  } {PodScheduled True 0001-01-01 00:00:00 +0000 UTC 2018-09-17 07:07:17 +0000 UTC  }]&#xA;Sep 19 07:24:49.357: INFO: nvidia-device-plugin-vh85n                                       10.46.6.171  Running           [{Initialized True 0001-01-01 00:00:00 +0000 UTC 2018-09-17 07:07:21 +0000 UTC  } {Ready True 0001-01-01 00:00:00 +0000 UTC 2018-09-17 07:07:23 +0000 UTC  } {ContainersReady True 0001-01-01 00:00:00 +0000 UTC 0001-01-01 00:00:00 +0000 UTC  } {PodScheduled True 0001-01-01 00:00:00 +0000 UTC 2018-09-17 07:07:17 +0000 UTC  }]&#xA;Sep 19 07:24:49.357: INFO: nvidia-device-plugin-w9jr8                                       10.46.6.172  Running           [{Initialized True 0001-01-01 00:00:00 +0000 UTC 2018-09-17 07:07:24 +0000 UTC  } {Ready True 0001-01-01 00:00:00 +0000 UTC 2018-09-17 07:07:26 +0000 UTC  } {ContainersReady True 0001-01-01 00:00:00 +0000 UTC 0001-01-01 00:00:00 +0000 UTC  } {PodScheduled True 0001-01-01 00:00:00 +0000 UTC 2018-09-17 07:07:17 +0000 UTC  }]&#xA;Sep 19 07:24:49.357: INFO: oidc-client-registration-szxrk                                   10.46.6.173  Succeeded         [{Initialized True 0001-01-01 00:00:00 +0000 UTC 2018-09-17 07:10:05 +0000 UTC PodCompleted } {Ready False 0001-01-01 00:00:00 +0000 UTC 2018-09-17 07:12:27 +0000 UTC PodCompleted } {ContainersReady False 0001-01-01 00:00:00 +0000 UTC 0001-01-01 00:00:00 +0000 UTC PodCompleted } {PodScheduled True 0001-01-01 00:00:00 +0000 UTC 2018-09-17 07:10:04 +0000 UTC  }]&#xA;Sep 19 07:24:49.357: INFO: platform-api-2fs4x                                               10.46.6.173  Running           [{Initialized True 0001-01-01 00:00:00 +0000 UTC 2018-09-17 07:08:45 +0000 UTC  } {Ready True 0001-01-01 00:00:00 +0000 UTC 2018-09-17 07:16:29 +0000 UTC  } {ContainersReady True 0001-01-01 00:00:00 +0000 UTC 0001-01-01 00:00:00 +0000 UTC  } {PodScheduled True 0001-01-01 00:00:00 +0000 UTC 2018-09-17 07:08:45 +0000 UTC  }]&#xA;Sep 19 07:24:49.357: INFO: platform-deploy-dbbks                                            10.46.6.173  Running           [{Initialized True 0001-01-01 00:00:00 +0000 UTC 2018-09-17 07:08:45 +0000 UTC  } {Ready True 0001-01-01 00:00:00 +0000 UTC 2018-09-17 07:08:57 +0000 UTC  } {ContainersReady True 0001-01-01 00:00:00 +0000 UTC 0001-01-01 00:00:00 +0000 UTC  } {PodScheduled True 0001-01-01 00:00:00 +0000 UTC 2018-09-17 07:08:45 +0000 UTC  }]&#xA;Sep 19 07:24:49.357: INFO: platform-ui-6fjgx                                                10.46.6.173  Running           [{Initialized True 0001-01-01 00:00:00 +0000 UTC 2018-09-17 07:14:34 +0000 UTC  } {Ready True 0001-01-01 00:00:00 +0000 UTC 2018-09-17 07:15:20 +0000 UTC  } {ContainersReady True 0001-01-01 00:00:00 +0000 UTC 0001-01-01 00:00:00 +0000 UTC  } {PodScheduled True 0001-01-01 00:00:00 +0000 UTC 2018-09-17 07:14:34 +0000 UTC  }]&#xA;Sep 19 07:24:49.357: INFO: secret-watcher-5f59fcbc69-pfnfk                                  10.46.6.173  Running           [{Initialized True 0001-01-01 00:00:00 +0000 UTC 2018-09-17 07:18:05 +0000 UTC  } {Ready True 0001-01-01 00:00:00 +0000 UTC 2018-09-17 07:18:30 +0000 UTC  } {ContainersReady True 0001-01-01 00:00:00 +0000 UTC 0001-01-01 00:00:00 +0000 UTC  } {PodScheduled True 0001-01-01 00:00:00 +0000 UTC 2018-09-17 07:18:04 +0000 UTC  }]&#xA;Sep 19 07:24:49.357: INFO: security-onboarding-tkf79                                        10.46.6.173  Succeeded         [{Initialized True 0001-01-01 00:00:00 +0000 UTC 2018-09-17 07:18:12 +0000 UTC PodCompleted } {Ready False 0001-01-01 00:00:00 +0000 UTC 2018-09-17 07:20:02 +0000 UTC PodCompleted } {ContainersReady False 0001-01-01 00:00:00 +0000 UTC 0001-01-01 00:00:00 +0000 UTC PodCompleted } {PodScheduled True 0001-01-01 00:00:00 +0000 UTC 2018-09-17 07:18:12 +0000 UTC  }]&#xA;Sep 19 07:24:49.357: INFO: service-catalog-apiserver-967x9                                  10.46.6.173  Running           [{Initialized True 0001-01-01 00:00:00 +0000 UTC 2018-09-17 07:08:20 +0000 UTC  } {Ready True 0001-01-01 00:00:00 +0000 UTC 2018-09-17 07:09:01 +0000 UTC  } {ContainersReady True 0001-01-01 00:00:00 +0000 UTC 0001-01-01 00:00:00 +0000 UTC  } {PodScheduled True 0001-01-01 00:00:00 +0000 UTC 2018-09-17 07:08:20 +0000 UTC  }]&#xA;Sep 19 07:24:49.357: INFO: service-catalog-controller-manager-5969cccf86-65phs              10.46.6.173  Running           [{Initialized True 0001-01-01 00:00:00 +0000 UTC 2018-09-17 07:08:21 +0000 UTC  } {Ready True 0001-01-01 00:00:00 +0000 UTC 2018-09-17 07:08:34 +0000 UTC  } {ContainersReady True 0001-01-01 00:00:00 +0000 UTC 0001-01-01 00:00:00 +0000 UTC  } {PodScheduled True 0001-01-01 00:00:00 +0000 UTC 2018-09-17 07:08:20 +0000 UTC  }]&#xA;Sep 19 07:24:49.357: INFO: tiller-deploy-6b58875cb-5l8kh                                    10.46.6.173  Running           [{Initialized True 0001-01-01 00:00:00 +0000 UTC 2018-09-17 07:05:28 +0000 UTC  } {Ready True 0001-01-01 00:00:00 +0000 UTC 2018-09-17 07:05:43 +0000 UTC  } {ContainersReady True 0001-01-01 00:00:00 +0000 UTC 0001-01-01 00:00:00 +0000 UTC  } {PodScheduled True 0001-01-01 00:00:00 +0000 UTC 2018-09-17 07:05:28 +0000 UTC  }]&#xA;Sep 19 07:24:49.357: INFO: unified-router-lkwnl                                             10.46.6.173  Running           [{Initialized True 0001-01-01 00:00:00 +0000 UTC 2018-09-17 07:15:31 +0000 UTC  } {Ready True 0001-01-01 00:00:00 +0000 UTC 2018-09-17 07:15:40 +0000 UTC  } {ContainersReady True 0001-01-01 00:00:00 +0000 UTC 0001-01-01 00:00:00 +0000 UTC  } {PodScheduled True 0001-01-01 00:00:00 +0000 UTC 2018-09-17 07:15:31 +0000 UTC  }]&#xA;Sep 19 07:24:49.357: INFO: vulnerability-advisor-compliance-annotator-d5659b9d9-kmn8q       10.46.6.172  Running           [{Initialized True 0001-01-01 00:00:00 +0000 UTC 2018-09-17 07:19:03 +0000 UTC  } {Ready True 0001-01-01 00:00:00 +0000 UTC 2018-09-17 07:21:08 +0000 UTC  } {ContainersReady True 0001-01-01 00:00:00 +0000 UTC 0001-01-01 00:00:00 +0000 UTC  } {PodScheduled True 0001-01-01 00:00:00 +0000 UTC 2018-09-17 07:19:03 +0000 UTC  }]&#xA;Sep 19 07:24:49.357: INFO: vulnerability-advisor-compliance-indexer-7cbdc64b57-47lmd        10.46.6.172  Running           [{Initialized True 0001-01-01 00:00:00 +0000 UTC 2018-09-17 07:19:07 +0000 UTC  } {Ready True 0001-01-01 00:00:00 +0000 UTC 2018-09-17 07:19:33 +0000 UTC  } {ContainersReady True 0001-01-01 00:00:00 +0000 UTC 0001-01-01 00:00:00 +0000 UTC  } {PodScheduled True 0001-01-01 00:00:00 +0000 UTC 2018-09-17 07:19:06 +0000 UTC  }]&#xA;Sep 19 07:24:49.357: INFO: vulnerability-advisor-config-parser-5d44b78fd5-z4k9t             10.46.6.172  Running           [{Initialized True 0001-01-01 00:00:00 +0000 UTC 2018-09-17 07:19:04 +0000 UTC  } {Ready True 0001-01-01 00:00:00 +0000 UTC 2018-09-17 07:21:09 +0000 UTC  } {ContainersReady True 0001-01-01 00:00:00 +0000 UTC 0001-01-01 00:00:00 +0000 UTC  } {PodScheduled True 0001-01-01 00:00:00 +0000 UTC 2018-09-17 07:19:03 +0000 UTC  }]&#xA;Sep 19 07:24:49.357: INFO: vulnerability-advisor-cos-indexer-57899b7dd6-7cpf8               10.46.6.172  Running           [{Initialized True 0001-01-01 00:00:00 +0000 UTC 2018-09-17 07:19:04 +0000 UTC  } {Ready True 0001-01-01 00:00:00 +0000 UTC 2018-09-19 07:20:04 +0000 UTC  } {ContainersReady True 0001-01-01 00:00:00 +0000 UTC 0001-01-01 00:00:00 +0000 UTC  } {PodScheduled True 0001-01-01 00:00:00 +0000 UTC 2018-09-17 07:19:04 +0000 UTC  }]&#xA;Sep 19 07:24:49.357: INFO: vulnerability-advisor-kafka-0                                    10.46.6.172  Running           [{Initialized True 0001-01-01 00:00:00 +0000 UTC 2018-09-17 07:19:13 +0000 UTC  } {Ready True 0001-01-01 00:00:00 +0000 UTC 2018-09-17 07:20:53 +0000 UTC  } {ContainersReady True 0001-01-01 00:00:00 +0000 UTC 0001-01-01 00:00:00 +0000 UTC  } {PodScheduled True 0001-01-01 00:00:00 +0000 UTC 2018-09-17 07:19:13 +0000 UTC  }]&#xA;Sep 19 07:24:49.357: INFO: vulnerability-advisor-live-crawler-84st2                         10.46.6.172  Running           [{Initialized True 0001-01-01 00:00:00 +0000 UTC 2018-09-17 07:19:03 +0000 UTC  } {Ready True 0001-01-01 00:00:00 +0000 UTC 2018-09-17 07:19:26 +0000 UTC  } {ContainersReady True 0001-01-01 00:00:00 +0000 UTC 0001-01-01 00:00:00 +0000 UTC  } {PodScheduled True 0001-01-01 00:00:00 +0000 UTC 2018-09-17 07:19:03 +0000 UTC  }]&#xA;Sep 19 07:24:49.357: INFO: vulnerability-advisor-live-crawler-ccxd7                         10.46.6.170  Running           [{Initialized True 0001-01-01 00:00:00 +0000 UTC 2018-09-17 07:19:03 +0000 UTC  } {Ready True 0001-01-01 00:00:00 +0000 UTC 2018-09-17 07:19:14 +0000 UTC  } {ContainersReady True 0001-01-01 00:00:00 +0000 UTC 0001-01-01 00:00:00 +0000 UTC  } {PodScheduled True 0001-01-01 00:00:00 +0000 UTC 2018-09-17 07:19:03 +0000 UTC  }]&#xA;Sep 19 07:24:49.357: INFO: vulnerability-advisor-live-crawler-p6khc                         10.46.6.173  Running           [{Initialized True 0001-01-01 00:00:00 +0000 UTC 2018-09-17 07:19:02 +0000 UTC  } {Ready True 0001-01-01 00:00:00 +0000 UTC 2018-09-17 07:19:22 +0000 UTC  } {ContainersReady True 0001-01-01 00:00:00 +0000 UTC 0001-01-01 00:00:00 +0000 UTC  } {PodScheduled True 0001-01-01 00:00:00 +0000 UTC 2018-09-17 07:19:02 +0000 UTC  }]&#xA;Sep 19 07:24:49.357: INFO: vulnerability-advisor-live-crawler-xxz8p                         10.46.6.171  Running           [{Initialized True 0001-01-01 00:00:00 +0000 UTC 2018-09-17 07:19:03 +0000 UTC  } {Ready True 0001-01-01 00:00:00 +0000 UTC 2018-09-17 07:19:18 +0000 UTC  } {ContainersReady True 0001-01-01 00:00:00 +0000 UTC 0001-01-01 00:00:00 +0000 UTC  } {PodScheduled True 0001-01-01 00:00:00 +0000 UTC 2018-09-17 07:19:03 +0000 UTC  }]&#xA;Sep 19 07:24:49.357: INFO: vulnerability-advisor-ma-file-annotator-6b95df8886-jtczz         10.46.6.172  Running           [{Initialized True 0001-01-01 00:00:00 +0000 UTC 2018-09-17 07:19:04 +0000 UTC  } {Ready True 0001-01-01 00:00:00 +0000 UTC 2018-09-17 07:23:32 +0000 UTC  } {ContainersReady True 0001-01-01 00:00:00 +0000 UTC 0001-01-01 00:00:00 +0000 UTC  } {PodScheduled True 0001-01-01 00:00:00 +0000 UTC 2018-09-17 07:19:04 +0000 UTC  }]&#xA;Sep 19 07:24:49.357: INFO: vulnerability-advisor-minio-0                                    10.46.6.172  Running           [{Initialized True 0001-01-01 00:00:00 +0000 UTC 2018-09-17 07:21:51 +0000 UTC  } {Ready True 0001-01-01 00:00:00 +0000 UTC 2018-09-17 07:21:54 +0000 UTC  } {ContainersReady True 0001-01-01 00:00:00 +0000 UTC 0001-01-01 00:00:00 +0000 UTC  } {PodScheduled True 0001-01-01 00:00:00 +0000 UTC 2018-09-17 07:19:15 +0000 UTC  }]&#xA;Sep 19 07:24:49.357: INFO: vulnerability-advisor-minio-cleaner-1537228740-55f4w             10.46.6.172  Succeeded         [{Initialized True 0001-01-01 00:00:00 +0000 UTC 2018-09-17 23:59:03 +0000 UTC PodCompleted } {Ready False 0001-01-01 00:00:00 +0000 UTC 2018-09-17 23:59:42 +0000 UTC PodCompleted } {ContainersReady False 0001-01-01 00:00:00 +0000 UTC 0001-01-01 00:00:00 +0000 UTC PodCompleted } {PodScheduled True 0001-01-01 00:00:00 +0000 UTC 2018-09-17 23:59:03 +0000 UTC  }]&#xA;Sep 19 07:24:49.357: INFO: vulnerability-advisor-minio-cleaner-1537315140-nqk7v             10.46.6.172  Succeeded         [{Initialized True 0001-01-01 00:00:00 +0000 UTC 2018-09-18 23:59:04 +0000 UTC PodCompleted } {Ready False 0001-01-01 00:00:00 +0000 UTC 2018-09-19 00:00:52 +0000 UTC PodCompleted } {ContainersReady False 0001-01-01 00:00:00 +0000 UTC 0001-01-01 00:00:00 +0000 UTC PodCompleted } {PodScheduled True 0001-01-01 00:00:00 +0000 UTC 2018-09-18 23:59:04 +0000 UTC  }]&#xA;Sep 19 07:24:49.357: INFO: vulnerability-advisor-notification-dispatcher-86f8bf4b4d-cfdzb   10.46.6.172  Running           [{Initialized True 0001-01-01 00:00:00 +0000 UTC 2018-09-17 07:19:04 +0000 UTC  } {Ready True 0001-01-01 00:00:00 +0000 UTC 2018-09-17 07:20:31 +0000 UTC  } {ContainersReady True 0001-01-01 00:00:00 +0000 UTC 0001-01-01 00:00:00 +0000 UTC  } {PodScheduled True 0001-01-01 00:00:00 +0000 UTC 2018-09-17 07:19:04 +0000 UTC  }]&#xA;Sep 19 07:24:49.357: INFO: vulnerability-advisor-password-annotator-79b5d794b5-wnwqn        10.46.6.172  Running           [{Initialized True 0001-01-01 00:00:00 +0000 UTC 2018-09-17 07:19:05 +0000 UTC  } {Ready True 0001-01-01 00:00:00 +0000 UTC 2018-09-17 07:20:29 +0000 UTC  } {ContainersReady True 0001-01-01 00:00:00 +0000 UTC 0001-01-01 00:00:00 +0000 UTC  } {PodScheduled True 0001-01-01 00:00:00 +0000 UTC 2018-09-17 07:19:04 +0000 UTC  }]&#xA;Sep 19 07:24:49.357: INFO: vulnerability-advisor-process-ma-annotator-58f47d5b5f-4wglg      10.46.6.172  Running           [{Initialized True 0001-01-01 00:00:00 +0000 UTC 2018-09-17 07:19:06 +0000 UTC  } {Ready True 0001-01-01 00:00:00 +0000 UTC 2018-09-17 07:20:56 +0000 UTC  } {ContainersReady True 0001-01-01 00:00:00 +0000 UTC 0001-01-01 00:00:00 +0000 UTC  } {PodScheduled True 0001-01-01 00:00:00 +0000 UTC 2018-09-17 07:19:05 +0000 UTC  }]&#xA;Sep 19 07:24:49.357: INFO: vulnerability-advisor-process-ma-annotator-58f47d5b5f-xbxrc      10.46.6.172  Running           [{Initialized True 0001-01-01 00:00:00 +0000 UTC 2018-09-17 07:19:06 +0000 UTC  } {Ready True 0001-01-01 00:00:00 +0000 UTC 2018-09-17 07:21:50 +0000 UTC  } {ContainersReady True 0001-01-01 00:00:00 +0000 UTC 0001-01-01 00:00:00 +0000 UTC  } {PodScheduled True 0001-01-01 00:00:00 +0000 UTC 2018-09-17 07:19:05 +0000 UTC  }]&#xA;Sep 19 07:24:49.357: INFO: vulnerability-advisor-process-ma-annotator-init-869545d547nn27w  10.46.6.172  Running           [{Initialized True 0001-01-01 00:00:00 +0000 UTC 2018-09-17 07:19:06 +0000 UTC  } {Ready True 0001-01-01 00:00:00 +0000 UTC 2018-09-17 07:19:42 +0000 UTC  } {ContainersReady True 0001-01-01 00:00:00 +0000 UTC 0001-01-01 00:00:00 +0000 UTC  } {PodScheduled True 0001-01-01 00:00:00 +0000 UTC 2018-09-17 07:19:05 +0000 UTC  }]&#xA;Sep 19 07:24:49.357: INFO: vulnerability-advisor-process-ma-crawler-24z6k                   10.46.6.172  Running           [{Initialized True 0001-01-01 00:00:00 +0000 UTC 2018-09-17 07:19:03 +0000 UTC  } {Ready True 0001-01-01 00:00:00 +0000 UTC 2018-09-17 07:19:32 +0000 UTC  } {ContainersReady True 0001-01-01 00:00:00 +0000 UTC 0001-01-01 00:00:00 +0000 UTC  } {PodScheduled True 0001-01-01 00:00:00 +0000 UTC 2018-09-17 07:19:03 +0000 UTC  }]&#xA;Sep 19 07:24:49.357: INFO: vulnerability-advisor-process-ma-crawler-5g4zk                   10.46.6.170  Running           [{Initialized True 0001-01-01 00:00:00 +0000 UTC 2018-09-17 07:19:03 +0000 UTC  } {Ready True 0001-01-01 00:00:00 +0000 UTC 2018-09-17 07:19:16 +0000 UTC  } {ContainersReady True 0001-01-01 00:00:00 +0000 UTC 0001-01-01 00:00:00 +0000 UTC  } {PodScheduled True 0001-01-01 00:00:00 +0000 UTC 2018-09-17 07:19:03 +0000 UTC  }]&#xA;Sep 19 07:24:49.357: INFO: vulnerability-advisor-process-ma-crawler-96728                   10.46.6.173  Running           [{Initialized True 0001-01-01 00:00:00 +0000 UTC 2018-09-17 07:19:03 +0000 UTC  } {Ready True 0001-01-01 00:00:00 +0000 UTC 2018-09-17 07:19:23 +0000 UTC  } {ContainersReady True 0001-01-01 00:00:00 +0000 UTC 0001-01-01 00:00:00 +0000 UTC  } {PodScheduled True 0001-01-01 00:00:00 +0000 UTC 2018-09-17 07:19:03 +0000 UTC  }]&#xA;Sep 19 07:24:49.357: INFO: vulnerability-advisor-process-ma-crawler-b7k2d                   10.46.6.171  Running           [{Initialized True 0001-01-01 00:00:00 +0000 UTC 2018-09-17 07:19:03 +0000 UTC  } {Ready True 0001-01-01 00:00:00 +0000 UTC 2018-09-17 07:19:13 +0000 UTC  } {ContainersReady True 0001-01-01 00:00:00 +0000 UTC 0001-01-01 00:00:00 +0000 UTC  } {PodScheduled True 0001-01-01 00:00:00 +0000 UTC 2018-09-17 07:19:03 +0000 UTC  }]&#xA;Sep 19 07:24:49.357: INFO: vulnerability-advisor-registry-crawler-6f9568677b-bfpm6          10.46.6.172  Running           [{Initialized True 0001-01-01 00:00:00 +0000 UTC 2018-09-17 07:19:08 +0000 UTC  } {Ready True 0001-01-01 00:00:00 +0000 UTC 2018-09-17 07:19:48 +0000 UTC  } {ContainersReady True 0001-01-01 00:00:00 +0000 UTC 0001-01-01 00:00:00 +0000 UTC  } {PodScheduled True 0001-01-01 00:00:00 +0000 UTC 2018-09-17 07:19:07 +0000 UTC  }]&#xA;Sep 19 07:24:49.357: INFO: vulnerability-advisor-rootkit-annotator-74cb65b5cf-2dk5j         10.46.6.172  Running           [{Initialized True 0001-01-01 00:00:00 +0000 UTC 2018-09-17 07:19:08 +0000 UTC  } {Ready True 0001-01-01 00:00:00 +0000 UTC 2018-09-17 07:20:26 +0000 UTC  } {ContainersReady True 0001-01-01 00:00:00 +0000 UTC 0001-01-01 00:00:00 +0000 UTC  } {PodScheduled True 0001-01-01 00:00:00 +0000 UTC 2018-09-17 07:19:07 +0000 UTC  }]&#xA;Sep 19 07:24:49.357: INFO: vulnerability-advisor-rootkit-indexer-cd8b4646b-xlhwq            10.46.6.172  Running           [{Initialized True 0001-01-01 00:00:00 +0000 UTC 2018-09-17 07:19:07 +0000 UTC  } {Ready True 0001-01-01 00:00:00 +0000 UTC 2018-09-17 07:19:26 +0000 UTC  } {ContainersReady True 0001-01-01 00:00:00 +0000 UTC 0001-01-01 00:00:00 +0000 UTC  } {PodScheduled True 0001-01-01 00:00:00 +0000 UTC 2018-09-17 07:19:06 +0000 UTC  }]&#xA;Sep 19 07:24:49.357: INFO: vulnerability-advisor-sas-apiserver-5fd8d44bc9-7bvkn             10.46.6.172  Running           [{Initialized True 0001-01-01 00:00:00 +0000 UTC 2018-09-17 07:19:09 +0000 UTC  } {Ready True 0001-01-01 00:00:00 +0000 UTC 2018-09-17 07:20:03 +0000 UTC  } {ContainersReady True 0001-01-01 00:00:00 +0000 UTC 0001-01-01 00:00:00 +0000 UTC  } {PodScheduled True 0001-01-01 00:00:00 +0000 UTC 2018-09-17 07:19:08 +0000 UTC  }]&#xA;Sep 19 07:24:49.357: INFO: vulnerability-advisor-sas-mgmt-64fb95bc44-j9vjc                  10.46.6.172  Running           [{Initialized True 0001-01-01 00:00:00 +0000 UTC 2018-09-17 07:19:08 +0000 UTC  } {Ready True 0001-01-01 00:00:00 +0000 UTC 2018-09-17 07:19:39 +0000 UTC  } {ContainersReady True 0001-01-01 00:00:00 +0000 UTC 0001-01-01 00:00:00 +0000 UTC  } {PodScheduled True 0001-01-01 00:00:00 +0000 UTC 2018-09-17 07:19:08 +0000 UTC  }]&#xA;Sep 19 07:24:49.357: INFO: vulnerability-advisor-secconfig-annotator-7dbcf5d9f4-fkmkb       10.46.6.172  Running           [{Initialized True 0001-01-01 00:00:00 +0000 UTC 2018-09-17 07:19:10 +0000 UTC  } {Ready True 0001-01-01 00:00:00 +0000 UTC 2018-09-17 07:19:45 +0000 UTC  } {ContainersReady True 0001-01-01 00:00:00 +0000 UTC 0001-01-01 00:00:00 +0000 UTC  } {PodScheduled True 0001-01-01 00:00:00 +0000 UTC 2018-09-17 07:19:08 +0000 UTC  }]&#xA;Sep 19 07:24:49.357: INFO: vulnerability-advisor-secconfig-indexer-674647df7c-qq5ff         10.46.6.172  Running           [{Initialized True 0001-01-01 00:00:00 +0000 UTC 2018-09-17 07:19:07 +0000 UTC  } {Ready True 0001-01-01 00:00:00 +0000 UTC 2018-09-17 07:19:33 +0000 UTC  } {ContainersReady True 0001-01-01 00:00:00 +0000 UTC 0001-01-01 00:00:00 +0000 UTC  } {PodScheduled True 0001-01-01 00:00:00 +0000 UTC 2018-09-17 07:19:06 +0000 UTC  }]&#xA;Sep 19 07:24:49.357: INFO: vulnerability-advisor-statsd-7746859df4-jjm6f                    10.46.6.172  Running           [{Initialized True 0001-01-01 00:00:00 +0000 UTC 2018-09-17 07:19:10 +0000 UTC  } {Ready True 0001-01-01 00:00:00 +0000 UTC 2018-09-17 07:19:38 +0000 UTC  } {ContainersReady True 0001-01-01 00:00:00 +0000 UTC 0001-01-01 00:00:00 +0000 UTC  } {PodScheduled True 0001-01-01 00:00:00 +0000 UTC 2018-09-17 07:19:09 +0000 UTC  }]&#xA;Sep 19 07:24:49.357: INFO: vulnerability-advisor-usncrawler-8h976                           10.46.6.172  Succeeded         [{Initialized True 0001-01-01 00:00:00 +0000 UTC 2018-09-17 07:19:11 +0000 UTC PodCompleted } {Ready False 0001-01-01 00:00:00 +0000 UTC 2018-09-17 07:24:06 +0000 UTC PodCompleted } {ContainersReady False 0001-01-01 00:00:00 +0000 UTC 0001-01-01 00:00:00 +0000 UTC PodCompleted } {PodScheduled True 0001-01-01 00:00:00 +0000 UTC 2018-09-17 07:19:11 +0000 UTC  }]&#xA;Sep 19 07:24:49.357: INFO: vulnerability-advisor-vulnerability-annotator-bcbf5595f-hxwst    10.46.6.172  Running           [{Initialized True 0001-01-01 00:00:00 +0000 UTC 2018-09-17 07:19:10 +0000 UTC  } {Ready True 0001-01-01 00:00:00 +0000 UTC 2018-09-17 07:20:29 +0000 UTC  } {ContainersReady True 0001-01-01 00:00:00 +0000 UTC 0001-01-01 00:00:00 +0000 UTC  } {PodScheduled True 0001-01-01 00:00:00 +0000 UTC 2018-09-17 07:19:09 +0000 UTC  }]&#xA;Sep 19 07:24:49.357: INFO: vulnerability-advisor-vulnerability-indexer-7c79b4c964-2n8cg     10.46.6.172  Running           [{Initialized True 0001-01-01 00:00:00 +0000 UTC 2018-09-17 07:19:07 +0000 UTC  } {Ready True 0001-01-01 00:00:00 +0000 UTC 2018-09-17 07:19:37 +0000 UTC  } {ContainersReady True 0001-01-01 00:00:00 +0000 UTC 0001-01-01 00:00:00 +0000 UTC  } {PodScheduled True 0001-01-01 00:00:00 +0000 UTC 2018-09-17 07:19:06 +0000 UTC  }]&#xA;Sep 19 07:24:49.357: INFO: vulnerability-advisor-zookeeper-0                                10.46.6.172  Running           [{Initialized True 0001-01-01 00:00:00 +0000 UTC 2018-09-17 07:19:15 +0000 UTC  } {Ready True 0001-01-01 00:00:00 +0000 UTC 2018-09-17 07:20:10 +0000 UTC  } {ContainersReady True 0001-01-01 00:00:00 +0000 UTC 0001-01-01 00:00:00 +0000 UTC  } {PodScheduled True 0001-01-01 00:00:00 +0000 UTC 2018-09-17 07:19:14 +0000 UTC  }]&#xA;Sep 19 07:24:49.357: INFO: &#xA;Sep 19 07:24:49.388: INFO: &#xA;Logging node info for node 10.46.6.170&#xA;Sep 19 07:24:49.391: INFO: Node Info: &amp;Node{ObjectMeta:k8s_io_apimachinery_pkg_apis_meta_v1.ObjectMeta{Name:10.46.6.170,GenerateName:,Namespace:,SelfLink:/api/v1/nodes/10.46.6.170,UID:0c4508eb-ba48-11e8-b20e-fa163e707b2e,ResourceVersion:453426,Generation:0,CreationTimestamp:2018-09-17 07:05:24 +0000 UTC,DeletionTimestamp:&lt;nil&gt;,DeletionGracePeriodSeconds:nil,Labels:map[string]string{beta.kubernetes.io/arch: amd64,beta.kubernetes.io/os: linux,kubernetes.io/hostname: 10.46.6.170,node-role.kubernetes.io/worker: true,},Annotations:map[string]string{node.alpha.kubernetes.io/ttl: 0,volumes.kubernetes.io/controller-managed-attach-detach: true,},OwnerReferences:[],Finalizers:[],ClusterName:,Initializers:nil,},Spec:NodeSpec{PodCIDR:,DoNotUse_ExternalID:,ProviderID:,Unschedulable:false,Taints:[],ConfigSource:nil,},Status:NodeStatus{Capacity:ResourceList{cpu: {{8 0} {&lt;nil&gt;} 8 DecimalSI},ephemeral-storage: {{107362627584 0} {&lt;nil&gt;} 104846316Ki BinarySI},hugepages-1Gi: {{0 0} {&lt;nil&gt;} 0 DecimalSI},hugepages-2Mi: {{0 0} {&lt;nil&gt;} 0 DecimalSI},memory: {{16825630720 0} {&lt;nil&gt;}  BinarySI},pods: {{80 0} {&lt;nil&gt;} 80 DecimalSI},},Allocatable:ResourceList{cpu: {{8 0} {&lt;nil&gt;} 8 DecimalSI},ephemeral-storage: {{96626364666 0} {&lt;nil&gt;} 96626364666 DecimalSI},hugepages-1Gi: {{0 0} {&lt;nil&gt;} 0 DecimalSI},hugepages-2Mi: {{0 0} {&lt;nil&gt;} 0 DecimalSI},memory: {{16720773120 0} {&lt;nil&gt;}  BinarySI},pods: {{80 0} {&lt;nil&gt;} 80 DecimalSI},},Phase:,Conditions:[{OutOfDisk False 2018-09-19 07:24:47 +0000 UTC 2018-09-17 07:05:24 +0000 UTC KubeletHasSufficientDisk kubelet has sufficient disk space available} {MemoryPressure False 2018-09-19 07:24:47 +0000 UTC 2018-09-17 07:05:24 +0000 UTC KubeletHasSufficientMemory kubelet has sufficient memory available} {DiskPressure False 2018-09-19 07:24:47 +0000 UTC 2018-09-17 07:05:24 +0000 UTC KubeletHasNoDiskPressure kubelet has no disk pressure} {PIDPressure False 2018-09-19 07:24:47 +0000 UTC 2018-09-17 07:05:24 +0000 UTC KubeletHasSufficientPID kubelet has sufficient PID available} {Ready True 2018-09-19 07:24:47 +0000 UTC 2018-09-17 07:06:04 +0000 UTC KubeletReady kubelet is posting ready status}],Addresses:[{InternalIP 10.46.6.170} {Hostname 10.46.6.170}],DaemonEndpoints:NodeDaemonEndpoints{KubeletEndpoint:DaemonEndpoint{Port:10250,},},NodeInfo:NodeSystemInfo{MachineID:52ca0d2c3fb341c79b059a96d10571a6,SystemUUID:B2A91A2D-0576-4E7B-AEBA-AE95FFDDF786,BootID:ae0d54c3-4892-49fd-b5c7-ca2077060a4b,KernelVersion:3.10.0-862.9.1.el7.x86_64,OSImage:Red Hat Enterprise Linux,ContainerRuntimeVersion:docker://18.3.1,KubeletVersion:v1.11.1+icp-ee,KubeProxyVersion:v1.11.1+icp-ee,OperatingSystem:linux,Architecture:amd64,},Images:[{[lzj.icp:8500/ibmcom/live-crawler@sha256:1a648615e7b439f093697f65350262823e6c711c4b21ea81596ced1c28a48133 lzj.icp:8500/ibmcom/live-crawler:1.3.1] 987515538} {[lzj.icp:8500/ibmcom/hyperkube@sha256:9fbddbf2d04354912c8a981395493d250474cb9fa587fa91119e69467078b180 lzj.icp:8500/ibmcom/hyperkube:v1.11.1-ee] 782626408} {[gcr.io/heptio-images/kube-conformance@sha256:5482c7f5f7b874c5c6caec6ddef5406f19a52a2c3a36897cadf0a8f78ab57982 gcr.io/heptio-images/kube-conformance:latest] 532182058} {[open-liberty@sha256:e962af00796d50687a4ac71d5e8ab046696c314b4a84617b0d216b671519df31 open-liberty:latest] 500884023} {[lzj.icp:8500/ibmcom/icp-filebeat@sha256:72669dde64d7ab85bbb9e93428efe548b2693a4eae5168a4705f6e30cd20e584 lzj.icp:8500/ibmcom/icp-filebeat:5.5.1] 317104874} {[lzj.icp:8500/ibmcom/fluentd@sha256:f85a5ffd86438f1a73d04caf6e33ef3474675d9fa0947431f4d0a9602fc981af lzj.icp:8500/ibmcom/fluentd:v1.2.2-icp] 270902701} {[lzj.icp:8500/ibmcom/calico-node@sha256:85a23d8030137d49663d3d82844a61998331606de9fc523dfdd0a75be7fb9828 lzj.icp:8500/ibmcom/calico-node:v3.1.3] 248202699} {[lzj.icp:8500/ibmcom/nvidia-device-plugin@sha256:2d57caa41994d1e0b3d952526a651f8da487e068874d1075f915fa48ad969ba6 lzj.icp:8500/ibmcom/nvidia-device-plugin:1.0] 132413452} {[lzj.icp:8500/ibmcom/metering-data-manager@sha256:97803f4458c6f6ca62076cf6958cb8ab98cf9ffed7cd4977550eeaa6db8ead70 lzj.icp:8500/ibmcom/metering-data-manager:3.1.0] 121942877} {[lzj.icp:8500/ibmcom/icp-management-ingress@sha256:259a9d288f5ee4f169c618b6d870b5ae38b954a3bf69f3f392523b1aaa9f4001 lzj.icp:8500/ibmcom/icp-management-ingress:2.2.1] 80410712} {[lzj.icp:8500/ibmcom/calico-cni@sha256:b56c2d3e62bd02f15dd5ec335c25ac81bb39d214e904525227640790686855d7 lzj.icp:8500/ibmcom/calico-cni:v3.1.3] 68849270} {[gcr.io/heptio-images/sonobuoy@sha256:165df6f635ddd0088ed6686e07ffb47f8dd17fdba153f61dbec9aa80c0d2e0b8 gcr.io/heptio-images/sonobuoy:latest gcr.io/heptio-images/sonobuoy:v0.11.6] 33401240} {[lzj.icp:8500/ibmcom/node-exporter@sha256:b24db452b1a0bf46abba095162d0fbc89ea40eeabbfe43ae01dab54107ecff0e lzj.icp:8500/ibmcom/node-exporter:v0.16.0] 22915749} {[gcr.io/kubernetes-e2e-test-images/netexec-amd64@sha256:da1c165175d5589ed70384e406a0291b6f76d53fc99e2c31ae23003e11e5bfde gcr.io/kubernetes-e2e-test-images/netexec-amd64:1.0] 6713741} {[gcr.io/kubernetes-e2e-test-images/mounttest-amd64@sha256:e3e75014e6df02dc21e6fb95f93b989a2ff8a91f36ae88d74eccbabaa21fc211 gcr.io/kubernetes-e2e-test-images/mounttest-amd64:1.0] 1563521} {[lzj.icp:8500/ibmcom/pause@sha256:8a18035491d4fbbe481be5eac11819315ec94677ab465608d052d87b3cdcff7f lzj.icp:8500/ibmcom/pause:3.1] 742472}],VolumesInUse:[],VolumesAttached:[],Config:&amp;NodeConfigStatus{Assigned:nil,Active:nil,LastKnownGood:nil,Error:,},},}&#xA;Sep 19 07:24:49.392: INFO: &#xA;Logging kubelet events for node 10.46.6.170&#xA;Sep 19 07:24:49.417: INFO: &#xA;Logging pods the kubelet thinks is on node 10.46.6.170&#xA;Sep 19 07:24:49.429: INFO: nvidia-device-plugin-9h2k4 started at 2018-09-17 07:07:17 +0000 UTC (1+1 container statuses recorded)&#xA;Sep 19 07:24:49.430: INFO: &#x9;Init container nvidia-driver-collector ready: true, restart count 0&#xA;Sep 19 07:24:49.430: INFO: &#x9;Container nvidia-device-plugin ready: true, restart count 0&#xA;Sep 19 07:24:49.430: INFO: metering-reader-44wd7 started at 2018-09-17 07:14:11 +0000 UTC (1+1 container statuses recorded)&#xA;Sep 19 07:24:49.430: INFO: &#x9;Init container metering-reader-init ready: true, restart count 1&#xA;Sep 19 07:24:49.430: INFO: &#x9;Container metering-reader ready: true, restart count 0&#xA;Sep 19 07:24:49.430: INFO: vulnerability-advisor-live-crawler-ccxd7 started at 2018-09-17 07:19:03 +0000 UTC (0+1 container statuses recorded)&#xA;Sep 19 07:24:49.430: INFO: &#x9;Container live-crawler ready: true, restart count 0&#xA;Sep 19 07:24:49.430: INFO: sonobuoy-e2e-job-c3f9b53ea97c48a2 started at 2018-09-19 07:22:08 +0000 UTC (0+2 container statuses recorded)&#xA;Sep 19 07:24:49.430: INFO: &#x9;Container e2e ready: true, restart count 0&#xA;Sep 19 07:24:49.430: INFO: &#x9;Container sonobuoy-worker ready: true, restart count 0&#xA;Sep 19 07:24:49.430: INFO: monitoring-prometheus-nodeexporter-tpbc8 started at 2018-09-17 07:15:44 +0000 UTC (0+2 container statuses recorded)&#xA;Sep 19 07:24:49.430: INFO: &#x9;Container nodeexporter ready: true, restart count 0&#xA;Sep 19 07:24:49.430: INFO: &#x9;Container router ready: true, restart count 0&#xA;Sep 19 07:24:49.430: INFO: audit-logging-fluentd-ds-4cgnk started at 2018-09-17 07:18:46 +0000 UTC (0+1 container statuses recorded)&#xA;Sep 19 07:24:49.430: INFO: &#x9;Container fluentd ready: true, restart count 0&#xA;Sep 19 07:24:49.430: INFO: vulnerability-advisor-process-ma-crawler-5g4zk started at 2018-09-17 07:19:03 +0000 UTC (0+1 container statuses recorded)&#xA;Sep 19 07:24:49.430: INFO: &#x9;Container process-ma-crawler ready: true, restart count 0&#xA;Sep 19 07:24:49.430: INFO: my-ibm-open-liberty-ibm-7f7d9778d7-7t5jc started at 2018-09-17 08:22:24 +0000 UTC (0+1 container statuses recorded)&#xA;Sep 19 07:24:49.430: INFO: &#x9;Container ibm-open-liberty ready: true, restart count 0&#xA;Sep 19 07:24:49.430: INFO: k8s-proxy-10.46.6.170 started at &lt;nil&gt; (0+0 container statuses recorded)&#xA;Sep 19 07:24:49.430: INFO: calico-node-htf97 started at 2018-09-17 07:05:53 +0000 UTC (0+2 container statuses recorded)&#xA;Sep 19 07:24:49.430: INFO: &#x9;Container calico-node ready: true, restart count 0&#xA;Sep 19 07:24:49.430: INFO: &#x9;Container install-cni ready: true, restart count 0&#xA;Sep 19 07:24:49.430: INFO: logging-elk-filebeat-ds-jtd5q started at 2018-09-17 07:15:20 +0000 UTC (0+1 container statuses recorded)&#xA;Sep 19 07:24:49.430: INFO: &#x9;Container filebeat ready: true, restart count 0&#xA;Sep 19 07:24:49.430: INFO: sonobuoy started at 2018-09-19 07:22:02 +0000 UTC (0+1 container statuses recorded)&#xA;Sep 19 07:24:49.430: INFO: &#x9;Container kube-sonobuoy ready: true, restart count 0&#xA;Sep 19 07:24:49.477: INFO: &#xA;Latency metrics for node 10.46.6.170&#xA;Sep 19 07:24:49.477: INFO: {Operation:stop_container Method:docker_operations_latency_microseconds Quantile:0.99 Latency:30.354387s}&#xA;Sep 19 07:24:49.477: INFO: {Operation:stop_container Method:docker_operations_latency_microseconds Quantile:0.9 Latency:30.348028s}&#xA;Sep 19 07:24:49.477: INFO: &#xA;Logging node info for node 10.46.6.171&#xA;Sep 19 07:24:49.481: INFO: Node Info: &amp;Node{ObjectMeta:k8s_io_apimachinery_pkg_apis_meta_v1.ObjectMeta{Name:10.46.6.171,GenerateName:,Namespace:,SelfLink:/api/v1/nodes/10.46.6.171,UID:0c79152a-ba48-11e8-b20e-fa163e707b2e,ResourceVersion:453418,Generation:0,CreationTimestamp:2018-09-17 07:05:24 +0000 UTC,DeletionTimestamp:&lt;nil&gt;,DeletionGracePeriodSeconds:nil,Labels:map[string]string{beta.kubernetes.io/arch: amd64,beta.kubernetes.io/os: linux,kubernetes.io/hostname: 10.46.6.171,management: true,node-role.kubernetes.io/management: true,},Annotations:map[string]string{node.alpha.kubernetes.io/ttl: 0,volumes.kubernetes.io/controller-managed-attach-detach: true,},OwnerReferences:[],Finalizers:[],ClusterName:,Initializers:nil,},Spec:NodeSpec{PodCIDR:,DoNotUse_ExternalID:,ProviderID:,Unschedulable:false,Taints:[{dedicated management NoSchedule &lt;nil&gt;}],ConfigSource:nil,},Status:NodeStatus{Capacity:ResourceList{cpu: {{8 0} {&lt;nil&gt;} 8 DecimalSI},ephemeral-storage: {{107362627584 0} {&lt;nil&gt;} 104846316Ki BinarySI},hugepages-1Gi: {{0 0} {&lt;nil&gt;} 0 DecimalSI},hugepages-2Mi: {{0 0} {&lt;nil&gt;} 0 DecimalSI},memory: {{16825630720 0} {&lt;nil&gt;}  BinarySI},pods: {{80 0} {&lt;nil&gt;} 80 DecimalSI},},Allocatable:ResourceList{cpu: {{8 0} {&lt;nil&gt;} 8 DecimalSI},ephemeral-storage: {{107257769984 0} {&lt;nil&gt;} 104743916Ki BinarySI},hugepages-1Gi: {{0 0} {&lt;nil&gt;} 0 DecimalSI},hugepages-2Mi: {{0 0} {&lt;nil&gt;} 0 DecimalSI},memory: {{16720773120 0} {&lt;nil&gt;}  BinarySI},pods: {{80 0} {&lt;nil&gt;} 80 DecimalSI},},Phase:,Conditions:[{OutOfDisk False 2018-09-19 07:24:44 +0000 UTC 2018-09-17 07:05:24 +0000 UTC KubeletHasSufficientDisk kubelet has sufficient disk space available} {MemoryPressure False 2018-09-19 07:24:44 +0000 UTC 2018-09-17 07:05:24 +0000 UTC KubeletHasSufficientMemory kubelet has sufficient memory available} {DiskPressure False 2018-09-19 07:24:44 +0000 UTC 2018-09-17 07:05:24 +0000 UTC KubeletHasNoDiskPressure kubelet has no disk pressure} {PIDPressure False 2018-09-19 07:24:44 +0000 UTC 2018-09-17 07:05:24 +0000 UTC KubeletHasSufficientPID kubelet has sufficient PID available} {Ready True 2018-09-19 07:24:44 +0000 UTC 2018-09-17 07:06:05 +0000 UTC KubeletReady kubelet is posting ready status}],Addresses:[{InternalIP 10.46.6.171} {Hostname 10.46.6.171}],DaemonEndpoints:NodeDaemonEndpoints{KubeletEndpoint:DaemonEndpoint{Port:10250,},},NodeInfo:NodeSystemInfo{MachineID:52ca0d2c3fb341c79b059a96d10571a6,SystemUUID:00401CD1-AB88-4341-9CDC-C9648BFB2B56,BootID:706dbc67-f432-47c3-840e-f599801336c8,KernelVersion:3.10.0-862.9.1.el7.x86_64,OSImage:Red Hat Enterprise Linux,ContainerRuntimeVersion:docker://18.3.1,KubeletVersion:v1.11.1+icp-ee,KubeProxyVersion:v1.11.1+icp-ee,OperatingSystem:linux,Architecture:amd64,},Images:[{[lzj.icp:8500/ibmcom/live-crawler@sha256:1a648615e7b439f093697f65350262823e6c711c4b21ea81596ced1c28a48133 lzj.icp:8500/ibmcom/live-crawler:1.3.1] 987515538} {[lzj.icp:8500/ibmcom/hyperkube@sha256:9fbddbf2d04354912c8a981395493d250474cb9fa587fa91119e69467078b180 lzj.icp:8500/ibmcom/hyperkube:v1.11.1-ee] 782626408} {[lzj.icp:8500/ibmcom/icp-logstash@sha256:a182a00827aefe7f5f95b18fa1ec8f6897989290b37f3d98bd6440ddda796433 lzj.icp:8500/ibmcom/icp-logstash:5.5.1] 764906887} {[lzj.icp:8500/ibmcom/icp-kibana@sha256:6e2746da64a64f98c5761b87d5e185a9c2ac75c9c4e767ab284062b1847b7571 lzj.icp:8500/ibmcom/icp-kibana:5.5.1] 639622018} {[lzj.icp:8500/ibmcom/icp-elasticsearch@sha256:b410aacb6005fe24bfd87b045ea26fde3d6eb3ca52c3f0e4560cdc208944ba50 lzj.icp:8500/ibmcom/icp-elasticsearch:5.5.1] 520121248} {[lzj.icp:8500/ibmcom/logging-pki-init@sha256:21aa9cbd05a849b4891b15cf636f73545f6001f16c82f8eeed2e90b4f9312377 lzj.icp:8500/ibmcom/logging-pki-init:2.0.0] 501921135} {[lzj.icp:8500/ibmcom/searchguard-init@sha256:3d0d8a8404a9df5ad238bce1e0542cdda609cc445dfc3964952243d9fc103276 lzj.icp:8500/ibmcom/searchguard-init:2.0.0] 457030441} {[lzj.icp:8500/ibmcom/metering-ui@sha256:d6453f9afecc9b1fc778c195e20bbb39d4ef6262af2f7a9a5ce3cddc259fec99 lzj.icp:8500/ibmcom/metering-ui:3.1.0] 385577105} {[lzj.icp:8500/ibmcom/icp-filebeat@sha256:72669dde64d7ab85bbb9e93428efe548b2693a4eae5168a4705f6e30cd20e584 lzj.icp:8500/ibmcom/icp-filebeat:5.5.1] 317104874} {[lzj.icp:8500/ibmcom/fluentd@sha256:f85a5ffd86438f1a73d04caf6e33ef3474675d9fa0947431f4d0a9602fc981af lzj.icp:8500/ibmcom/fluentd:v1.2.2-icp] 270902701} {[lzj.icp:8500/ibmcom/elasticsearch-plugin-searchguard@sha256:f47116021e3eec7b2fed9f6ed8bd77fd890457e5a1546dda7f863c032d4395b1 lzj.icp:8500/ibmcom/elasticsearch-plugin-searchguard:2.0.0] 267864279} {[lzj.icp:8500/ibmcom/calico-node@sha256:85a23d8030137d49663d3d82844a61998331606de9fc523dfdd0a75be7fb9828 lzj.icp:8500/ibmcom/calico-node:v3.1.3] 248202699} {[lzj.icp:8500/ibmcom/grafana@sha256:5d2739d3ec5c7f6ea66d69caa918b764660b99a3d37cb1f4123f1a9623ce8e38 lzj.icp:8500/ibmcom/grafana:5.2.0] 245297582} {[lzj.icp:8500/ibmcom/indices-cleaner@sha256:31dac3be1246f17dddade06b517c073244ce56d85bc54135fdaf010dbb0bca10 lzj.icp:8500/ibmcom/indices-cleaner:1.0.0] 238131553} {[lzj.icp:8500/ibmcom/curl@sha256:adf92a267e351914d041a56d64ebe80331c45f8e20ab23b7ada67bea78da9996 lzj.icp:8500/ibmcom/curl:4.0.0] 221192597} {[lzj.icp:8500/ibmcom/nvidia-device-plugin@sha256:2d57caa41994d1e0b3d952526a651f8da487e068874d1075f915fa48ad969ba6 lzj.icp:8500/ibmcom/nvidia-device-plugin:1.0] 132413452} {[lzj.icp:8500/ibmcom/metering-data-manager@sha256:97803f4458c6f6ca62076cf6958cb8ab98cf9ffed7cd4977550eeaa6db8ead70 lzj.icp:8500/ibmcom/metering-data-manager:3.1.0] 121942877} {[lzj.icp:8500/ibmcom/prometheus@sha256:91cba3cbf7a61499969a8a5a27347830ed1740b2285de9ac31e231e7ce44deb7 lzj.icp:8500/ibmcom/prometheus:v2.3.1] 118818909} {[lzj.icp:8500/ibmcom/icp-management-ingress@sha256:259a9d288f5ee4f169c618b6d870b5ae38b954a3bf69f3f392523b1aaa9f4001 lzj.icp:8500/ibmcom/icp-management-ingress:2.2.1] 80410712} {[lzj.icp:8500/ibmcom/calico-cni@sha256:b56c2d3e62bd02f15dd5ec335c25ac81bb39d214e904525227640790686855d7 lzj.icp:8500/ibmcom/calico-cni:v3.1.3] 68849270} {[lzj.icp:8500/ibmcom/k8s-prometheus-adapter@sha256:cf7f0c35ff0a0ec9cf743ef87e4c951f74d3fd0b4b97925784cc857565b4d7ba lzj.icp:8500/ibmcom/k8s-prometheus-adapter:v0.2.1.1] 52134773} {[lzj.icp:8500/ibmcom/metrics-server@sha256:973b5dd33165e4856f22a9f48a9b7f5bd2f01399d6479c46212ea92336a9ca40 lzj.icp:8500/ibmcom/metrics-server:v0.2.1.1] 42541759} {[lzj.icp:8500/ibmcom/ibmcloud-image-enforcement@sha256:d29efeb868c054eead02eec72c86f690c4a8c81b95f99f22bbc873644b090e99 lzj.icp:8500/ibmcom/ibmcloud-image-enforcement:0.2.0] 40040099} {[lzj.icp:8500/ibmcom/alertmanager@sha256:f3e7d379040499e05c1377862cc8a74cd5ffed2a175bf62fc18dc07b98d6ab00 lzj.icp:8500/ibmcom/alertmanager:v0.15.0] 36095602} {[lzj.icp:8500/ibmcom/kube-state-metrics@sha256:6a574d2e4a7338abdd3d0b85dd2510cbf046cd09a70505b99513feee42d00559 lzj.icp:8500/ibmcom/kube-state-metrics:v1.3.0] 35646776} {[lzj.icp:8500/ibmcom/node-exporter@sha256:b24db452b1a0bf46abba095162d0fbc89ea40eeabbfe43ae01dab54107ecff0e lzj.icp:8500/ibmcom/node-exporter:v0.16.0] 22915749} {[lzj.icp:8500/ibmcom/configmap-reload@sha256:77a4ede137dd4980fe02c70ad189bf7b89dd1a9e134c0fe4475842fe8948f6a9 lzj.icp:8500/ibmcom/configmap-reload:v0.2.2] 22381476} {[lzj.icp:8500/ibmcom/collectd-exporter@sha256:0ef0cfb0a60f66046851bfafbfa1913814c7a4967e4e7561ce5111186338f6d9 lzj.icp:8500/ibmcom/collectd-exporter:v0.4.0] 13695364} {[lzj.icp:8500/ibmcom/elasticsearch-exporter@sha256:27806a00f45314a1c06af096236004020a98202edbbce81d993aadfaca0c66a0 lzj.icp:8500/ibmcom/elasticsearch-exporter:1.0.2] 9202086} {[lzj.icp:8500/ibmcom/icp-initcontainer@sha256:c1b9397380303cfc23505576a19859c7e26936f80a26bb4fae95ef68e7775de8 lzj.icp:8500/ibmcom/icp-initcontainer:1.0.0] 3965926} {[lzj.icp:8500/ibmcom/pause@sha256:8a18035491d4fbbe481be5eac11819315ec94677ab465608d052d87b3cdcff7f lzj.icp:8500/ibmcom/pause:3.1] 742472}],VolumesInUse:[],VolumesAttached:[],Config:&amp;NodeConfigStatus{Assigned:nil,Active:nil,LastKnownGood:nil,Error:,},},}&#xA;Sep 19 07:24:49.481: INFO: &#xA;Logging kubelet events for node 10.46.6.171&#xA;Sep 19 07:24:49.484: INFO: &#xA;Logging pods the kubelet thinks is on node 10.46.6.171&#xA;Sep 19 07:24:49.535: INFO: logging-elk-elasticsearch-tls-init-6hnl4 started at 2018-09-17 07:15:20 +0000 UTC (0+1 container statuses recorded)&#xA;Sep 19 07:24:49.535: INFO: &#x9;Container searchguard-init ready: false, restart count 0&#xA;Sep 19 07:24:49.535: INFO: logging-elk-filebeat-ds-bs86r started at 2018-09-17 07:15:20 +0000 UTC (0+1 container statuses recorded)&#xA;Sep 19 07:24:49.535: INFO: &#x9;Container filebeat ready: true, restart count 0&#xA;Sep 19 07:24:49.535: INFO: logging-elk-client-75d4d7994c-7g7fn started at 2018-09-17 07:15:21 +0000 UTC (2+3 container statuses recorded)&#xA;Sep 19 07:24:49.535: INFO: &#x9;Init container sysctl ready: true, restart count 0&#xA;Sep 19 07:24:49.535: INFO: &#x9;Init container plugin-bundle ready: true, restart count 0&#xA;Sep 19 07:24:49.535: INFO: &#x9;Container es-client ready: true, restart count 0&#xA;Sep 19 07:24:49.535: INFO: &#x9;Container indices-cleaner ready: true, restart count 0&#xA;Sep 19 07:24:49.535: INFO: &#x9;Container router ready: true, restart count 0&#xA;Sep 19 07:24:49.535: INFO: monitoring-prometheus-alertmanager-7d8749dbb8-xj68d started at 2018-09-17 07:15:46 +0000 UTC (0+3 container statuses recorded)&#xA;Sep 19 07:24:49.535: INFO: &#x9;Container alertmanager ready: true, restart count 0&#xA;Sep 19 07:24:49.535: INFO: &#x9;Container configmap-reload ready: true, restart count 0&#xA;Sep 19 07:24:49.535: INFO: &#x9;Container router ready: true, restart count 0&#xA;Sep 19 07:24:49.535: INFO: monitoring-prometheus-collectdexporter-77575678dc-v8n2l started at 2018-09-17 07:15:46 +0000 UTC (0+2 container statuses recorded)&#xA;Sep 19 07:24:49.535: INFO: &#x9;Container collectd-exporter ready: true, restart count 0&#xA;Sep 19 07:24:49.535: INFO: &#x9;Container router ready: true, restart count 0&#xA;Sep 19 07:24:49.535: INFO: vulnerability-advisor-live-crawler-xxz8p started at 2018-09-17 07:19:03 +0000 UTC (0+1 container statuses recorded)&#xA;Sep 19 07:24:49.535: INFO: &#x9;Container live-crawler ready: true, restart count 0&#xA;Sep 19 07:24:49.536: INFO: nvidia-device-plugin-vh85n started at 2018-09-17 07:07:17 +0000 UTC (1+1 container statuses recorded)&#xA;Sep 19 07:24:49.536: INFO: &#x9;Init container nvidia-driver-collector ready: true, restart count 0&#xA;Sep 19 07:24:49.536: INFO: &#x9;Container nvidia-device-plugin ready: true, restart count 0&#xA;Sep 19 07:24:49.536: INFO: custom-metrics-adapter-64f64964b4-f9gmc started at 2018-09-17 07:14:28 +0000 UTC (1+1 container statuses recorded)&#xA;Sep 19 07:24:49.536: INFO: &#x9;Init container init-adapter ready: true, restart count 0&#xA;Sep 19 07:24:49.536: INFO: &#x9;Container custom-metrics-adapter ready: true, restart count 0&#xA;Sep 19 07:24:49.536: INFO: logging-elk-logstash-7994656f46-r89mt started at 2018-09-17 07:15:22 +0000 UTC (0+1 container statuses recorded)&#xA;Sep 19 07:24:49.536: INFO: &#x9;Container logstash ready: true, restart count 0&#xA;Sep 19 07:24:49.536: INFO: monitoring-prometheus-elasticsearchexporter-655864cccb-c6tps started at 2018-09-17 07:15:46 +0000 UTC (0+2 container statuses recorded)&#xA;Sep 19 07:24:49.536: INFO: &#x9;Container elasticsearchexporter ready: true, restart count 0&#xA;Sep 19 07:24:49.536: INFO: &#x9;Container router ready: true, restart count 0&#xA;Sep 19 07:24:49.536: INFO: monitoring-prometheus-6677d7c77f-pnpt5 started at 2018-09-17 07:15:46 +0000 UTC (1+4 container statuses recorded)&#xA;Sep 19 07:24:49.536: INFO: &#x9;Init container init-container ready: true, restart count 0&#xA;Sep 19 07:24:49.536: INFO: &#x9;Container configmap-reload-alertrules ready: true, restart count 0&#xA;Sep 19 07:24:49.536: INFO: &#x9;Container configmap-reload-prometheus ready: true, restart count 0&#xA;Sep 19 07:24:49.536: INFO: &#x9;Container prometheus ready: true, restart count 0&#xA;Sep 19 07:24:49.536: INFO: &#x9;Container router ready: true, restart count 0&#xA;Sep 19 07:24:49.536: INFO: calico-node-gpm2c started at 2018-09-17 07:05:53 +0000 UTC (0+2 container statuses recorded)&#xA;Sep 19 07:24:49.536: INFO: &#x9;Container calico-node ready: true, restart count 0&#xA;Sep 19 07:24:49.536: INFO: &#x9;Container install-cni ready: true, restart count 0&#xA;Sep 19 07:24:49.536: INFO: metering-reader-xq8f2 started at 2018-09-17 07:14:11 +0000 UTC (1+1 container statuses recorded)&#xA;Sep 19 07:24:49.536: INFO: &#x9;Init container metering-reader-init ready: true, restart count 1&#xA;Sep 19 07:24:49.536: INFO: &#x9;Container metering-reader ready: true, restart count 0&#xA;Sep 19 07:24:49.536: INFO: logging-elk-master-6cdcf45f7d-gp28f started at 2018-09-17 07:15:21 +0000 UTC (2+1 container statuses recorded)&#xA;Sep 19 07:24:49.536: INFO: &#x9;Init container sysctl ready: true, restart count 0&#xA;Sep 19 07:24:49.536: INFO: &#x9;Init container plugin-bundle ready: true, restart count 0&#xA;Sep 19 07:24:49.536: INFO: &#x9;Container es-master ready: true, restart count 0&#xA;Sep 19 07:24:49.536: INFO: monitoring-grafana-548b947c8c-dh89z started at 2018-09-17 07:15:46 +0000 UTC (1+2 container statuses recorded)&#xA;Sep 19 07:24:49.536: INFO: &#x9;Init container init-container ready: true, restart count 0&#xA;Sep 19 07:24:49.536: INFO: &#x9;Container grafana ready: true, restart count 0&#xA;Sep 19 07:24:49.536: INFO: &#x9;Container router ready: true, restart count 0&#xA;Sep 19 07:24:49.536: INFO: vulnerability-advisor-process-ma-crawler-b7k2d started at 2018-09-17 07:19:03 +0000 UTC (0+1 container statuses recorded)&#xA;Sep 19 07:24:49.536: INFO: &#x9;Container process-ma-crawler ready: true, restart count 0&#xA;Sep 19 07:24:49.536: INFO: ibmcloud-image-enforcement-76ddccbf9f-kqmlb started at 2018-09-17 07:14:02 +0000 UTC (0+1 container statuses recorded)&#xA;Sep 19 07:24:49.536: INFO: &#x9;Container ibmcloud-image-enforcement ready: true, restart count 0&#xA;Sep 19 07:24:49.536: INFO: metering-ui-5bbfbb5d49-wkh8m started at 2018-09-17 07:14:12 +0000 UTC (1+1 container statuses recorded)&#xA;Sep 19 07:24:49.536: INFO: &#x9;Init container metering-ui-init ready: true, restart count 0&#xA;Sep 19 07:24:49.536: INFO: &#x9;Container metering-ui ready: true, restart count 0&#xA;Sep 19 07:24:49.536: INFO: metering-dm-8b475fc57-cmm6h started at 2018-09-17 07:14:12 +0000 UTC (1+1 container statuses recorded)&#xA;Sep 19 07:24:49.536: INFO: &#x9;Init container metering-dm-init ready: true, restart count 0&#xA;Sep 19 07:24:49.536: INFO: &#x9;Container metering-dm ready: true, restart count 0&#xA;Sep 19 07:24:49.536: INFO: logging-elk-data-0 started at 2018-09-17 07:15:21 +0000 UTC (3+1 container statuses recorded)&#xA;Sep 19 07:24:49.536: INFO: &#x9;Init container chmod ready: true, restart count 0&#xA;Sep 19 07:24:49.536: INFO: &#x9;Init container sysctl ready: true, restart count 0&#xA;Sep 19 07:24:49.536: INFO: &#x9;Init container plugin-bundle ready: true, restart count 0&#xA;Sep 19 07:24:49.536: INFO: &#x9;Container es-data ready: true, restart count 0&#xA;Sep 19 07:24:49.536: INFO: logging-elk-kibana-ff4db4866-s2295 started at 2018-09-17 07:15:21 +0000 UTC (0+2 container statuses recorded)&#xA;Sep 19 07:24:49.536: INFO: &#x9;Container kibana ready: true, restart count 0&#xA;Sep 19 07:24:49.536: INFO: &#x9;Container router ready: true, restart count 0&#xA;Sep 19 07:24:49.536: INFO: monitoring-prometheus-nodeexporter-9fnpb started at 2018-09-17 07:15:44 +0000 UTC (0+2 container statuses recorded)&#xA;Sep 19 07:24:49.536: INFO: &#x9;Container nodeexporter ready: true, restart count 0&#xA;Sep 19 07:24:49.536: INFO: &#x9;Container router ready: true, restart count 0&#xA;Sep 19 07:24:49.536: INFO: monitoring-prometheus-kubestatemetrics-54dcbb6cfb-76zmm started at 2018-09-17 07:15:45 +0000 UTC (0+2 container statuses recorded)&#xA;Sep 19 07:24:49.536: INFO: &#x9;Container kubestatemetrics ready: true, restart count 0&#xA;Sep 19 07:24:49.536: INFO: &#x9;Container router ready: true, restart count 0&#xA;Sep 19 07:24:49.536: INFO: audit-logging-fluentd-ds-bc22k started at 2018-09-17 07:18:46 +0000 UTC (0+1 container statuses recorded)&#xA;Sep 19 07:24:49.536: INFO: &#x9;Container fluentd ready: true, restart count 0&#xA;Sep 19 07:24:49.536: INFO: k8s-proxy-10.46.6.171 started at &lt;nil&gt; (0+0 container statuses recorded)&#xA;Sep 19 07:24:49.536: INFO: metrics-server-6d6695f9db-8t4xs started at 2018-09-17 07:08:51 +0000 UTC (0+1 container statuses recorded)&#xA;Sep 19 07:24:49.536: INFO: &#x9;Container metrics-server ready: true, restart count 0&#xA;Sep 19 07:24:49.572: INFO: &#xA;Latency metrics for node 10.46.6.171&#xA;Sep 19 07:24:49.572: INFO: &#xA;Logging node info for node 10.46.6.172&#xA;Sep 19 07:24:49.579: INFO: Node Info: &amp;Node{ObjectMeta:k8s_io_apimachinery_pkg_apis_meta_v1.ObjectMeta{Name:10.46.6.172,GenerateName:,Namespace:,SelfLink:/api/v1/nodes/10.46.6.172,UID:0c6032ef-ba48-11e8-b20e-fa163e707b2e,ResourceVersion:453428,Generation:0,CreationTimestamp:2018-09-17 07:05:24 +0000 UTC,DeletionTimestamp:&lt;nil&gt;,DeletionGracePeriodSeconds:nil,Labels:map[string]string{beta.kubernetes.io/arch: amd64,beta.kubernetes.io/os: linux,kubernetes.io/hostname: 10.46.6.172,node-role.kubernetes.io/va: true,va: true,},Annotations:map[string]string{node.alpha.kubernetes.io/ttl: 0,volumes.kubernetes.io/controller-managed-attach-detach: true,},OwnerReferences:[],Finalizers:[],ClusterName:,Initializers:nil,},Spec:NodeSpec{PodCIDR:,DoNotUse_ExternalID:,ProviderID:,Unschedulable:false,Taints:[{dedicated va NoSchedule &lt;nil&gt;}],ConfigSource:nil,},Status:NodeStatus{Capacity:ResourceList{cpu: {{8 0} {&lt;nil&gt;} 8 DecimalSI},ephemeral-storage: {{107362627584 0} {&lt;nil&gt;} 104846316Ki BinarySI},hugepages-1Gi: {{0 0} {&lt;nil&gt;} 0 DecimalSI},hugepages-2Mi: {{0 0} {&lt;nil&gt;} 0 DecimalSI},memory: {{16825622528 0} {&lt;nil&gt;}  BinarySI},pods: {{80 0} {&lt;nil&gt;} 80 DecimalSI},},Allocatable:ResourceList{cpu: {{8 0} {&lt;nil&gt;} 8 DecimalSI},ephemeral-storage: {{107257769984 0} {&lt;nil&gt;} 104743916Ki BinarySI},hugepages-1Gi: {{0 0} {&lt;nil&gt;} 0 DecimalSI},hugepages-2Mi: {{0 0} {&lt;nil&gt;} 0 DecimalSI},memory: {{16720764928 0} {&lt;nil&gt;}  BinarySI},pods: {{80 0} {&lt;nil&gt;} 80 DecimalSI},},Phase:,Conditions:[{OutOfDisk False 2018-09-19 07:24:48 +0000 UTC 2018-09-17 07:05:24 +0000 UTC KubeletHasSufficientDisk kubelet has sufficient disk space available} {MemoryPressure False 2018-09-19 07:24:48 +0000 UTC 2018-09-17 07:05:24 +0000 UTC KubeletHasSufficientMemory kubelet has sufficient memory available} {DiskPressure False 2018-09-19 07:24:48 +0000 UTC 2018-09-17 07:05:24 +0000 UTC KubeletHasNoDiskPressure kubelet has no disk pressure} {PIDPressure False 2018-09-19 07:24:48 +0000 UTC 2018-09-17 07:05:24 +0000 UTC KubeletHasSufficientPID kubelet has sufficient PID available} {Ready True 2018-09-19 07:24:48 +0000 UTC 2018-09-17 07:06:04 +0000 UTC KubeletReady kubelet is posting ready status}],Addresses:[{InternalIP 10.46.6.172} {Hostname 10.46.6.172}],DaemonEndpoints:NodeDaemonEndpoints{KubeletEndpoint:DaemonEndpoint{Port:10250,},},NodeInfo:NodeSystemInfo{MachineID:52ca0d2c3fb341c79b059a96d10571a6,SystemUUID:3D48E3C5-99D8-4CA3-9AB5-A8540613166F,BootID:d81d494e-264a-48ce-a4f2-76b16f6ece1f,KernelVersion:3.10.0-862.9.1.el7.x86_64,OSImage:Red Hat Enterprise Linux,ContainerRuntimeVersion:docker://18.3.1,KubeletVersion:v1.11.1+icp-ee,KubeProxyVersion:v1.11.1+icp-ee,OperatingSystem:linux,Architecture:amd64,},Images:[{[lzj.icp:8500/ibmcom/statsd-amd64@sha256:5ee11bc24bced45a77d9d630348680f319c09d9d3b2230b04518d1e2a5263ae2 lzj.icp:8500/ibmcom/statsd@sha256:af7a9d0c4f029d0247da41f67c7e87f3655175962b79a189a6a9ace0ff841049 lzj.icp:8500/ibmcom/statsd-amd64:0.7.2.1 lzj.icp:8500/ibmcom/statsd:0.7.2.1] 1234731808} {[lzj.icp:8500/ibmcom/kafka-amd64@sha256:0d6d348ccd7aa2854d60791331280e58db92029a522c8bfb3eb40c7c0913ca8f lzj.icp:8500/ibmcom/kafka@sha256:f0b4a833c3da439cadb783bb9cb578f96b1328557b8402a98f01c5c21497d93a lzj.icp:8500/ibmcom/kafka-amd64:0.10.0.2 lzj.icp:8500/ibmcom/kafka:0.10.0.2] 1114805679} {[lzj.icp:8500/ibmcom/iam-token-service-amd64@sha256:9211161e5b5b9d892a99b46fad4429333ceb7143b4039419df7ea0efa36381a9 lzj.icp:8500/ibmcom/iam-token-service@sha256:1b9308e68de93b43e9a85c0e005d80d423e88db7d88ee7114a80b2fade7a78ed lzj.icp:8500/ibmcom/iam-token-service-amd64:3.1.0 lzj.icp:8500/ibmcom/iam-token-service:3.1.0] 1051060152} {[lzj.icp:8500/ibmcom/icp-platform-auth-amd64@sha256:abc258009b8696a83214b7a9d9df63f6d83e19cfca2987c4836b0eadfa4c99c7 lzj.icp:8500/ibmcom/icp-platform-auth@sha256:c544b90a099b6c29ba4ee7f2ad4dded1277c948a0826b38ebe3250cdc7d1529c lzj.icp:8500/ibmcom/icp-platform-auth-amd64:3.1.0 lzj.icp:8500/ibmcom/icp-platform-auth:3.1.0] 1028283742} {[lzj.icp:8500/ibmcom/reg-crawler-amd64@sha256:9e5d4ebbac3dd6cbf9f892b5bd634f89fae3d4b2e6a23debd3ecd322e3eb817e lzj.icp:8500/ibmcom/reg-crawler@sha256:a9033d9cb2406d11c616fdfedc9bc56bc4ef970bd0a7b02899b3e5c1b353799b lzj.icp:8500/ibmcom/reg-crawler-amd64:1.3.1 lzj.icp:8500/ibmcom/reg-crawler:1.3.1] 1007817363} {[lzj.icp:8500/ibmcom/live-crawler-amd64@sha256:37a79ec87bd3c8b9af25cf1e25f4f14281ffb9f5ebeaf61c0b7c8a5799baf782 lzj.icp:8500/ibmcom/live-crawler@sha256:1a648615e7b439f093697f65350262823e6c711c4b21ea81596ced1c28a48133 lzj.icp:8500/ibmcom/live-crawler-amd64:1.3.1 lzj.icp:8500/ibmcom/live-crawler:1.3.1] 987515538} {[lzj.icp:8500/ibmcom/cos-indexer-amd64@sha256:adf28ff960ebdcbfcfa5e4522b81aa3565338f8d640dad611a1c3f0d3894393b lzj.icp:8500/ibmcom/cos-indexer@sha256:bb31dc8ef37e8482b2b9dedc0e54f46f7d3c678b22a3130eca9dde80fed65df1 lzj.icp:8500/ibmcom/cos-indexer-amd64:1.3.1 lzj.icp:8500/ibmcom/cos-indexer:1.3.1] 846578165} {[lzj.icp:8500/ibmcom/secure-config-annotator-amd64@sha256:26e845c6a252e0c5ae73e764645993b3270e289d1a2e9784b06ddd7898ca45d9 lzj.icp:8500/ibmcom/secure-config-annotator@sha256:cfaadd13c4ef4bdc937d296faff78e98473be8c9c6ae6b4a38927c952948914f lzj.icp:8500/ibmcom/secure-config-annotator-amd64:1.3.1 lzj.icp:8500/ibmcom/secure-config-annotator:1.3.1] 835555196} {[lzj.icp:8500/ibmcom/hyperkube-amd64@sha256:9eaadf7c2a417ee2a9a219e2eadf21884742199a484be2ca737f0e8a178d490a lzj.icp:8500/ibmcom/hyperkube@sha256:9fbddbf2d04354912c8a981395493d250474cb9fa587fa91119e69467078b180 lzj.icp:8500/ibmcom/hyperkube-amd64:v1.11.1-ee lzj.icp:8500/ibmcom/hyperkube:v1.11.1-ee] 782626408} {[lzj.icp:8500/ibmcom/compliance-annotator-amd64@sha256:5d8bbbef3a7dc54ba9addb256d2aa8a3f7d5c27a454ff4b7ee583b217dac2ce4 lzj.icp:8500/ibmcom/compliance-annotator@sha256:be00ccb777b1e90601cc563112e32ae831b0fb7d4933f1aa3c49379cabe41c3f lzj.icp:8500/ibmcom/compliance-annotator-amd64:1.3.1 lzj.icp:8500/ibmcom/compliance-annotator:1.3.1] 773932738} {[lzj.icp:8500/ibmcom/icp-logstash-amd64@sha256:02a683ee6ad9eeed7ea8ebb1de713aaf902a9e20a39ccc0294ee1f947f1bbd73 lzj.icp:8500/ibmcom/icp-logstash@sha256:a182a00827aefe7f5f95b18fa1ec8f6897989290b37f3d98bd6440ddda796433 lzj.icp:8500/ibmcom/icp-logstash-amd64:5.5.1 lzj.icp:8500/ibmcom/icp-logstash:5.5.1] 764906887} {[lzj.icp:8500/ibmcom/process-ma-hf-amd64@sha256:ef0d164350d07600f8037082db7d98cf81b9c554d8a60692ae90b8d0239a8cdc lzj.icp:8500/ibmcom/process-ma-hf@sha256:114b48d67e46f6ad3624dfa99baab8f9c62fb5ba88d210d0f42e106eda4e0ee8 lzj.icp:8500/ibmcom/process-ma-hf-amd64:1.3.1 lzj.icp:8500/ibmcom/process-ma-hf:1.3.1] 758635128} {[lzj.icp:8500/ibmcom/vulnerability-annotator-amd64@sha256:febedf85b65e0d1800e67249274d474d4ce67e8041e81487f76bce727cb39bd4 lzj.icp:8500/ibmcom/vulnerability-annotator@sha256:2ca368468e5d1c7ed82b3947b8d8904da34969bd72e67b382bfd0579fe3f148d lzj.icp:8500/ibmcom/vulnerability-annotator-amd64:1.3.1 lzj.icp:8500/ibmcom/vulnerability-annotator:1.3.1] 757013017} {[lzj.icp:8500/ibmcom/py-generic-indexer-amd64@sha256:45cb17e23e15f4dfe44471309af12f0655aad5f8e859c718f393290f220b02b2 lzj.icp:8500/ibmcom/py-generic-indexer@sha256:63a28bc72b6588e508ad23b569a228d6219e2d6fdddb2b1b073e1d2c70ec7641 lzj.icp:8500/ibmcom/py-generic-indexer-amd64:1.3.1 lzj.icp:8500/ibmcom/py-generic-indexer:1.3.1] 755588945} {[lzj.icp:8500/ibmcom/icp-inception-amd64@sha256:1dad180d14ae732d17ca5cf41b87dbb316c072323f186d60a08a753f904eb5b2 lzj.icp:8500/ibmcom/icp-inception@sha256:d395315f0fde94a5cacd9945cd7932b4eda45fe404a6b9d55a8ec8ebeed2a0a8 lzj.icp:8500/ibmcom/icp-inception-amd64:3.1.0-ee lzj.icp:8500/ibmcom/icp-inception:3.1.0-ee] 744155119} {[lzj.icp:8500/ibmcom/config-parser-amd64@sha256:7d721e0b5a827921ac16fa9e7570db225211e6dd700cdeaba1d28ba02ff8ef6d lzj.icp:8500/ibmcom/config-parser@sha256:2b7d6f1ea57d6e4d9caaca5d0e2bb35d2e6db316e2f18ef9a51b5bfa48119f69 lzj.icp:8500/ibmcom/config-parser-amd64:1.3.1 lzj.icp:8500/ibmcom/config-parser:1.3.1] 739243486} {[lzj.icp:8500/ibmcom/iam-policy-administration-amd64@sha256:e1941aa09a5b692505cb3be3e497d3ff9acb900786b9a2c8c4c00d0243b37dd0 lzj.icp:8500/ibmcom/iam-policy-administration@sha256:ab0d5c50f5e5fc9a537e97183ed694e34d57fa00121bc08bedb261b80e29b9a4 lzj.icp:8500/ibmcom/iam-policy-administration-amd64:3.1.0 lzj.icp:8500/ibmcom/iam-policy-administration:3.1.0] 711947327} {[lzj.icp:8500/ibmcom/password-annotator-amd64@sha256:bca1b6b222d8ea8ade174a8cc1a549f161d75d3e9d69881f08a1fb316a8e27d3 lzj.icp:8500/ibmcom/password-annotator@sha256:5c7e8db45db52a6bca7d76ae8c2ff74eb43644f7959d66ddc67454bcbca765ec lzj.icp:8500/ibmcom/password-annotator-amd64:1.3.1 lzj.icp:8500/ibmcom/password-annotator:1.3.1] 707627907} {[lzj.icp:8500/ibmcom/notification-dispatcher-amd64@sha256:ec8dfbc351a0d758488f9f8bfa17c3182a5c02819a6ebf7144ab914a2233cf57 lzj.icp:8500/ibmcom/notification-dispatcher@sha256:6d7e6b836f0cfeb5fb18cd29fdd8315fb44013f8d21830b9c5ab60b605c5e3c5 lzj.icp:8500/ibmcom/notification-dispatcher-amd64:1.3.1 lzj.icp:8500/ibmcom/notification-dispatcher:1.3.1] 707588442} {[lzj.icp:8500/ibmcom/sas-base-amd64@sha256:9651b1149c62d5a0968aaeffe71f2da68cd7e07ff8d7ea67538278c00ab08457 lzj.icp:8500/ibmcom/sas-base@sha256:56bb0790e5f06276b7435c731687f733901fedc80af299dc8a8eaf72d7365560 lzj.icp:8500/ibmcom/sas-base-amd64:1.3.1 lzj.icp:8500/ibmcom/sas-base:1.3.1] 653746081} {[lzj.icp:8500/ibmcom/ma-file-annotator-amd64@sha256:8caa6280fd845fd524ad874a6b243510ebf085d58c989229020fcfc743492632 lzj.icp:8500/ibmcom/ma-file-annotator@sha256:cd8dc2a26e2a84bf7d8ba982c6a21c034239de5e2dc12767d3f60985e495d957 lzj.icp:8500/ibmcom/ma-file-annotator-amd64:1.3.1 lzj.icp:8500/ibmcom/ma-file-annotator:1.3.1] 653745236} {[lzj.icp:8500/ibmcom/icp-kibana-amd64@sha256:8b69887ac5297e1d2e68b9c2ce885b9a888f6c278ca1538acb0f03206b48502a lzj.icp:8500/ibmcom/icp-kibana@sha256:6e2746da64a64f98c5761b87d5e185a9c2ac75c9c4e767ab284062b1847b7571 lzj.icp:8500/ibmcom/icp-kibana-amd64:5.5.1 lzj.icp:8500/ibmcom/icp-kibana:5.5.1] 639622018} {[lzj.icp:8500/ibmcom/icp-platform-api-amd64@sha256:1fc47925c2611aef12631b3f3806308f55a298074aebc561fd04cf8a7691c669 lzj.icp:8500/ibmcom/icp-platform-api@sha256:6b5585999f45fa6dc7a6a1d8bcb4d544c96a3e1fd3bd9f133ebed2e356985a0e lzj.icp:8500/ibmcom/icp-platform-api-amd64:3.1.0 lzj.icp:8500/ibmcom/icp-platform-api:3.1.0] 612589125} {[lzj.icp:8500/ibmcom/iam-policy-decision-amd64@sha256:d49eb3845c57bb8370a477949d92da10a178b81ade50f0e9d970981fadd6686d lzj.icp:8500/ibmcom/iam-policy-decision@sha256:ecd9f36e17e57c6be41e744abc17baacddd28178485d29cb112ffc5e558d2c09 lzj.icp:8500/ibmcom/iam-policy-decision-amd64:3.1.0 lzj.icp:8500/ibmcom/iam-policy-decision:3.1.0] 559718344} {[lzj.icp:8500/ibmcom/rootkit-annotator-amd64@sha256:caf6c24136b8785d901f346a640d673b55fe105c3617cfcb432ee2006f5b1cf4 lzj.icp:8500/ibmcom/rootkit-annotator@sha256:9aabe418ab5c5b3ce86dcfad5dc63a14124bf56227a7decb6656382f2cf9606e lzj.icp:8500/ibmcom/rootkit-annotator-amd64:1.3.1 lzj.icp:8500/ibmcom/rootkit-annotator:1.3.1] 549434506} {[lzj.icp:8500/ibmcom/icp-elasticsearch-amd64@sha256:0063a7a931ca4e52d8f7a51f2bdb010345f4373b5b904b52e5c8a48ec0c1fde7 lzj.icp:8500/ibmcom/icp-elasticsearch@sha256:b410aacb6005fe24bfd87b045ea26fde3d6eb3ca52c3f0e4560cdc208944ba50 lzj.icp:8500/ibmcom/icp-elasticsearch-amd64:5.5.1 lzj.icp:8500/ibmcom/icp-elasticsearch:5.5.1] 520121248} {[lzj.icp:8500/ibmcom/logging-pki-init-amd64@sha256:cc4bfa085e1ae99120ee526acd3e62d205e10de6f1c773c521fc5b933914f6a8 lzj.icp:8500/ibmcom/logging-pki-init@sha256:21aa9cbd05a849b4891b15cf636f73545f6001f16c82f8eeed2e90b4f9312377 lzj.icp:8500/ibmcom/logging-pki-init-amd64:2.0.0 lzj.icp:8500/ibmcom/logging-pki-init:2.0.0] 501921135} {[lzj.icp:8500/ibmcom/searchguard-init-amd64@sha256:d19ce1d27f406945d4ed78b0f07007998c2ab3889086e502924847c2186db546 lzj.icp:8500/ibmcom/searchguard-init@sha256:3d0d8a8404a9df5ad238bce1e0542cdda609cc445dfc3964952243d9fc103276 lzj.icp:8500/ibmcom/searchguard-init-amd64:2.0.0 lzj.icp:8500/ibmcom/searchguard-init:2.0.0] 457030441} {[lzj.icp:8500/ibmcom/metering-ui-amd64@sha256:3628a8fe41183c08ea0b02e2e798e3649e4aebe2c2405c34572b9eb7c7c4d9a8 lzj.icp:8500/ibmcom/metering-ui@sha256:d6453f9afecc9b1fc778c195e20bbb39d4ef6262af2f7a9a5ce3cddc259fec99 lzj.icp:8500/ibmcom/metering-ui-amd64:3.1.0 lzj.icp:8500/ibmcom/metering-ui:3.1.0] 385577105} {[lzj.icp:8500/ibmcom/heketi-amd64@sha256:c5b579a4f219c87990f861eb61de86cb9cfb51b6d230b8c299df7d9fd3d02d0e lzj.icp:8500/ibmcom/heketi@sha256:eb6875247a56829a20d0949f034b08a0e682201ab1d88d3cba71972932c254f5 lzj.icp:8500/ibmcom/heketi-amd64:v7.0.0 lzj.icp:8500/ibmcom/heketi:v7.0.0] 384720377} {[lzj.icp:8500/ibmcom/icp-mongodb-amd64@sha256:a305ae8bc309898d86bf60aee968846db3602f77b25924640d5f08a2389ee99d lzj.icp:8500/ibmcom/icp-mongodb@sha256:fe8b55caf7bb855fd4e244450af5195f2243b766c6934d464128bf982b29b345 lzj.icp:8500/ibmcom/icp-mongodb-amd64:3.1.0 lzj.icp:8500/ibmcom/icp-mongodb:3.1.0] 379353410} {[lzj.icp:8500/ibmcom/icp-catalog-ui-amd64@sha256:33993b4eab189e3c78fe27799017da770d47523cf6831460741008bf91297d6d lzj.icp:8500/ibmcom/icp-catalog-ui@sha256:049f3c4946a0ad2c10507e5e42a464448e858fb3ae606cfd84825d340adb1125 lzj.icp:8500/ibmcom/icp-catalog-ui-amd64:3.1.0 lzj.icp:8500/ibmcom/icp-catalog-ui:3.1.0] 363781304} {[lzj.icp:8500/ibmcom/nginx-ingress-controller-amd64@sha256:63b48dd3ba635aa65409f7d6a319e293697810c1b9e885e6255bebf36a2506ab lzj.icp:8500/ibmcom/nginx-ingress-controller@sha256:f68b2ce26292e02ef3dbc6cfae17cec3d54b9afee9bf5298bf95d005c0783143 lzj.icp:8500/ibmcom/nginx-ingress-controller-amd64:0.16.2 lzj.icp:8500/ibmcom/nginx-ingress-controller:0.16.2] 361632894} {[lzj.icp:8500/ibmcom/mariadb-amd64@sha256:1f9876179c32fcf463804f75cbf2fb031106edf2be9d5dbf6705375ca53930bb lzj.icp:8500/ibmcom/mariadb@sha256:2272622e7f6786220d7ee2b482a3050bd34c3e1ecdc99af6175a146610222763 lzj.icp:8500/ibmcom/mariadb-amd64:10.2.17 lzj.icp:8500/ibmcom/mariadb:10.2.17] 358991946} {[lzj.icp:8500/ibmcom/k8szk-amd64@sha256:a9ee22a4df14654552a02303e4560623244683692fd298dd2fb71e9dd66219f3 lzj.icp:8500/ibmcom/k8szk@sha256:20cfeb163fb828c3c3a7c0baf2883e90c72c8d97d20116253903e82aa2be801f lzj.icp:8500/ibmcom/k8szk-amd64:v3 lzj.icp:8500/ibmcom/k8szk:v3] 331472973} {[lzj.icp:8500/ibmcom/gluster-amd64@sha256:647caedb536eb7b8c5c8b0a2b69e52d2a34be9e6c9c7b9c1b21d14fcfa261886 lzj.icp:8500/ibmcom/gluster@sha256:eeabf9b160370078d12a4c2b84f1a9772fe10c64446f0c2251eb53b8b5277baa lzj.icp:8500/ibmcom/gluster-amd64:v4.0.2 lzj.icp:8500/ibmcom/gluster:v4.0.2] 324265531} {[lzj.icp:8500/ibmcom/istio-grafana-amd64@sha256:381a2dd3a5addbc5d43920bc19bb15ba6dbd422e4a9d91163108e72c5a63234c lzj.icp:8500/ibmcom/istio-grafana@sha256:f4fdaf4a51b946f6d4fb9aa82cdbfef53c8e0b7b2223078f9d7f62bb28d3259b lzj.icp:8500/ibmcom/istio-grafana-amd64:1.0.0.1 lzj.icp:8500/ibmcom/istio-grafana:1.0.0.1] 324187770} {[lzj.icp:8500/ibmcom/icp-filebeat-amd64@sha256:03af9b78dad6c2ba857975d10c81e781460796dff1ff1163ea4596f4aa10601d lzj.icp:8500/ibmcom/icp-filebeat@sha256:72669dde64d7ab85bbb9e93428efe548b2693a4eae5168a4705f6e30cd20e584 lzj.icp:8500/ibmcom/icp-filebeat-amd64:5.5.1 lzj.icp:8500/ibmcom/icp-filebeat:5.5.1] 317104874} {[lzj.icp:8500/ibmcom/istio-proxyv2-amd64@sha256:cd77e75fa85ce74914e1b7b0bef980ece8a62ef0d776c9ef51a0d7d30b4b64a0 lzj.icp:8500/ibmcom/istio-proxyv2@sha256:9c94d736c8cbb41e2c5b0b672530eee0df6cbb628d57f4ddaec9f4ff4f49ce35 lzj.icp:8500/ibmcom/istio-proxyv2-amd64:1.0.0.1 lzj.icp:8500/ibmcom/istio-proxyv2:1.0.0.1] 311276139} {[lzj.icp:8500/ibmcom/istio-pilot-amd64@sha256:63352073a964037fd37f6150228231d2e5eca7e0c2920405d6269326d3c54263 lzj.icp:8500/ibmcom/istio-pilot@sha256:ad129a4be7b6d1536c384efd03fb570b973b9c77a56a48e6b9cfe192a76c111e lzj.icp:8500/ibmcom/istio-pilot-amd64:1.0.0.1 lzj.icp:8500/ibmcom/istio-pilot:1.0.0.1] 309502004} {[lzj.icp:8500/ibmcom/fluentd-amd64@sha256:384a99b8d941c93f96ee5b5cbae5b70500219a3f71c73cf4eddd20d9d693e3b3 lzj.icp:8500/ibmcom/fluentd@sha256:f85a5ffd86438f1a73d04caf6e33ef3474675d9fa0947431f4d0a9602fc981af lzj.icp:8500/ibmcom/fluentd-amd64:v1.2.2-icp lzj.icp:8500/ibmcom/fluentd:v1.2.2-icp] 270902701} {[lzj.icp:8500/ibmcom/icp-identity-manager-amd64@sha256:632f31acd0fcfc3d0cebea31cfb71018f6712bd1a1b4da7476942b3c23aa3521 lzj.icp:8500/ibmcom/icp-identity-manager@sha256:993462e02a42c15b03722d935809476c8e10e6e0b3a2669eb528081e92a49859 lzj.icp:8500/ibmcom/icp-identity-manager-amd64:3.1.0 lzj.icp:8500/ibmcom/icp-identity-manager:3.1.0] 268667523} {[lzj.icp:8500/ibmcom/elasticsearch-plugin-searchguard-amd64@sha256:28f88d06bbbc073162702064c1be4ad06272e9021cbc0f929ba8c6da2ca25ae6 lzj.icp:8500/ibmcom/elasticsearch-plugin-searchguard@sha256:f47116021e3eec7b2fed9f6ed8bd77fd890457e5a1546dda7f863c032d4395b1 lzj.icp:8500/ibmcom/elasticsearch-plugin-searchguard-amd64:2.0.0 lzj.icp:8500/ibmcom/elasticsearch-plugin-searchguard:2.0.0] 267864279} {[lzj.icp:8500/ibmcom/kiali-amd64@sha256:bec63b454cf2e597c61f6a9943144050e5e6fc7a4f6474bc3bb6b627ba20c71c lzj.icp:8500/ibmcom/kiali@sha256:71a50e9885495157454657bc93842a7310e96e822a4117ad751ad81af83fde5e lzj.icp:8500/ibmcom/kiali-amd64:istio-release-1.0.0.1 lzj.icp:8500/ibmcom/kiali:istio-release-1.0.0.1] 265771300} {[lzj.icp:8500/ibmcom/calico-node-amd64@sha256:9871f4dde9eab9fd804b12f3114da36505ff5c220e2323b7434eec24e3b23ac5 lzj.icp:8500/ibmcom/calico-node@sha256:85a23d8030137d49663d3d82844a61998331606de9fc523dfdd0a75be7fb9828 lzj.icp:8500/ibmcom/calico-node-amd64:v3.1.3 lzj.icp:8500/ibmcom/calico-node:v3.1.3] 248202699} {[lzj.icp:8500/ibmcom/grafana-amd64@sha256:dc3566257a0c716caedfb33127d8ee385290c1dda006bebfb75c376d56b30c88 lzj.icp:8500/ibmcom/grafana@sha256:5d2739d3ec5c7f6ea66d69caa918b764660b99a3d37cb1f4123f1a9623ce8e38 lzj.icp:8500/ibmcom/grafana-amd64:5.2.0 lzj.icp:8500/ibmcom/grafana:5.2.0] 245297582} {[lzj.icp:8500/ibmcom/indices-cleaner-amd64@sha256:e6c6453d54012488e9ebfaa9e4d829f567d8e66b24c1613e6d88ca192ed5e85b lzj.icp:8500/ibmcom/indices-cleaner@sha256:31dac3be1246f17dddade06b517c073244ce56d85bc54135fdaf010dbb0bca10 lzj.icp:8500/ibmcom/indices-cleaner-amd64:1.0.0 lzj.icp:8500/ibmcom/indices-cleaner:1.0.0] 238131553} {[lzj.icp:8500/ibmcom/icp-identity-provider-amd64@sha256:24dba8b07c8295eef99abbf8d83041908516e4e50e4e4cfbbbcd53bdf415dda1 lzj.icp:8500/ibmcom/icp-identity-provider@sha256:b5bf63419b53ba550cad7a1b835d0d0eaae1fde8851c7936f8deb603fef673a6 lzj.icp:8500/ibmcom/icp-identity-provider-amd64:3.1.0 lzj.icp:8500/ibmcom/icp-identity-provider:3.1.0] 224286517} {[lzj.icp:8500/ibmcom/curl-amd64@sha256:aad05b4e4529f7e70516d8d3028cae6cd1d50de738ce164f2a532ce2470ac43f lzj.icp:8500/ibmcom/curl@sha256:adf92a267e351914d041a56d64ebe80331c45f8e20ab23b7ada67bea78da9996 lzj.icp:8500/ibmcom/curl-amd64:4.0.0 lzj.icp:8500/ibmcom/curl:4.0.0] 221192597} {[lzj.icp:8500/ibmcom/icp-audit-service-amd64@sha256:9add202c06a43da647380c860d9139fa059701fe103c1f229281215bf99dbbd3 lzj.icp:8500/ibmcom/icp-audit-service@sha256:7c3d710c31f6f5ae0227edc1599bdf64bc82e4fcd2b3aa8f197148240d2ab01c lzj.icp:8500/ibmcom/icp-audit-service-amd64:3.1.0 lzj.icp:8500/ibmcom/icp-audit-service:3.1.0] 215897363}],VolumesInUse:[],VolumesAttached:[],Config:&amp;NodeConfigStatus{Assigned:nil,Active:nil,LastKnownGood:nil,Error:,},},}&#xA;Sep 19 07:24:49.580: INFO: &#xA;Logging kubelet events for node 10.46.6.172&#xA;Sep 19 07:24:49.584: INFO: &#xA;Logging pods the kubelet thinks is on node 10.46.6.172&#xA;Sep 19 07:24:49.616: INFO: vulnerability-advisor-process-ma-annotator-58f47d5b5f-xbxrc started at 2018-09-17 07:19:06 +0000 UTC (0+2 container statuses recorded)&#xA;Sep 19 07:24:49.616: INFO: &#x9;Container icp-audit-service ready: true, restart count 0&#xA;Sep 19 07:24:49.616: INFO: &#x9;Container process-ma-annotator ready: true, restart count 2&#xA;Sep 19 07:24:49.616: INFO: vulnerability-advisor-compliance-indexer-7cbdc64b57-47lmd started at 2018-09-17 07:19:07 +0000 UTC (0+1 container statuses recorded)&#xA;Sep 19 07:24:49.616: INFO: &#x9;Container py-compliance-indexer ready: true, restart count 0&#xA;Sep 19 07:24:49.616: INFO: vulnerability-advisor-minio-cleaner-1537228740-55f4w started at 2018-09-17 23:59:03 +0000 UTC (0+1 container statuses recorded)&#xA;Sep 19 07:24:49.616: INFO: &#x9;Container cleaner ready: false, restart count 0&#xA;Sep 19 07:24:49.616: INFO: audit-logging-fluentd-ds-8bh4t started at 2018-09-17 07:18:46 +0000 UTC (0+1 container statuses recorded)&#xA;Sep 19 07:24:49.616: INFO: &#x9;Container fluentd ready: true, restart count 0&#xA;Sep 19 07:24:49.616: INFO: vulnerability-advisor-live-crawler-84st2 started at 2018-09-17 07:19:03 +0000 UTC (0+1 container statuses recorded)&#xA;Sep 19 07:24:49.616: INFO: &#x9;Container live-crawler ready: true, restart count 0&#xA;Sep 19 07:24:49.616: INFO: vulnerability-advisor-config-parser-5d44b78fd5-z4k9t started at 2018-09-17 07:19:04 +0000 UTC (0+1 container statuses recorded)&#xA;Sep 19 07:24:49.616: INFO: &#x9;Container config-parser ready: true, restart count 4&#xA;Sep 19 07:24:49.616: INFO: vulnerability-advisor-notification-dispatcher-86f8bf4b4d-cfdzb started at 2018-09-17 07:19:04 +0000 UTC (0+1 container statuses recorded)&#xA;Sep 19 07:24:49.616: INFO: &#x9;Container notification-dispatcher ready: true, restart count 3&#xA;Sep 19 07:24:49.616: INFO: vulnerability-advisor-process-ma-annotator-init-869545d547nn27w started at 2018-09-17 07:19:06 +0000 UTC (0+1 container statuses recorded)&#xA;Sep 19 07:24:49.616: INFO: &#x9;Container process-ma-annotator ready: true, restart count 0&#xA;Sep 19 07:24:49.616: INFO: vulnerability-advisor-process-ma-annotator-58f47d5b5f-4wglg started at 2018-09-17 07:19:06 +0000 UTC (0+2 container statuses recorded)&#xA;Sep 19 07:24:49.616: INFO: &#x9;Container icp-audit-service ready: true, restart count 0&#xA;Sep 19 07:24:49.616: INFO: &#x9;Container process-ma-annotator ready: true, restart count 1&#xA;Sep 19 07:24:49.616: INFO: vulnerability-advisor-rootkit-indexer-cd8b4646b-xlhwq started at 2018-09-17 07:19:07 +0000 UTC (0+1 container statuses recorded)&#xA;Sep 19 07:24:49.616: INFO: &#x9;Container py-rootkit-indexer ready: true, restart count 0&#xA;Sep 19 07:24:49.616: INFO: vulnerability-advisor-secconfig-indexer-674647df7c-qq5ff started at 2018-09-17 07:19:07 +0000 UTC (0+1 container statuses recorded)&#xA;Sep 19 07:24:49.616: INFO: &#x9;Container py-secconfig-indexer ready: true, restart count 0&#xA;Sep 19 07:24:49.616: INFO: k8s-proxy-10.46.6.172 started at &lt;nil&gt; (0+0 container statuses recorded)&#xA;Sep 19 07:24:49.616: INFO: vulnerability-advisor-process-ma-crawler-24z6k started at 2018-09-17 07:19:03 +0000 UTC (0+1 container statuses recorded)&#xA;Sep 19 07:24:49.616: INFO: &#x9;Container process-ma-crawler ready: true, restart count 0&#xA;Sep 19 07:24:49.616: INFO: vulnerability-advisor-registry-crawler-6f9568677b-bfpm6 started at 2018-09-17 07:19:08 +0000 UTC (0+1 container statuses recorded)&#xA;Sep 19 07:24:49.616: INFO: &#x9;Container reg-crawler ready: true, restart count 0&#xA;Sep 19 07:24:49.616: INFO: vulnerability-advisor-minio-cleaner-1537315140-nqk7v started at 2018-09-18 23:59:04 +0000 UTC (0+1 container statuses recorded)&#xA;Sep 19 07:24:49.616: INFO: &#x9;Container cleaner ready: false, restart count 0&#xA;Sep 19 07:24:49.616: INFO: vulnerability-advisor-zookeeper-0 started at 2018-09-17 07:19:15 +0000 UTC (0+1 container statuses recorded)&#xA;Sep 19 07:24:49.616: INFO: &#x9;Container zookeeper-server ready: true, restart count 0&#xA;Sep 19 07:24:49.616: INFO: vulnerability-advisor-ma-file-annotator-6b95df8886-jtczz started at 2018-09-17 07:19:04 +0000 UTC (0+2 container statuses recorded)&#xA;Sep 19 07:24:49.616: INFO: &#x9;Container icp-audit-service ready: true, restart count 0&#xA;Sep 19 07:24:49.616: INFO: &#x9;Container vulnerability-advisor-ma-file-annotator ready: true, restart count 1&#xA;Sep 19 07:24:49.616: INFO: vulnerability-advisor-sas-apiserver-5fd8d44bc9-7bvkn started at 2018-09-17 07:19:09 +0000 UTC (0+3 container statuses recorded)&#xA;Sep 19 07:24:49.616: INFO: &#x9;Container icp-audit-service ready: true, restart count 0&#xA;Sep 19 07:24:49.616: INFO: &#x9;Container sas-api-server ready: true, restart count 0&#xA;Sep 19 07:24:49.616: INFO: &#x9;Container sas-proxy-server ready: true, restart count 0&#xA;Sep 19 07:24:49.616: INFO: vulnerability-advisor-sas-mgmt-64fb95bc44-j9vjc started at 2018-09-17 07:19:08 +0000 UTC (0+1 container statuses recorded)&#xA;Sep 19 07:24:49.616: INFO: &#x9;Container sas-mgmt-server ready: true, restart count 0&#xA;Sep 19 07:24:49.616: INFO: vulnerability-advisor-compliance-annotator-d5659b9d9-kmn8q started at 2018-09-17 07:19:03 +0000 UTC (0+1 container statuses recorded)&#xA;Sep 19 07:24:49.616: INFO: &#x9;Container compliance-annotator ready: true, restart count 4&#xA;Sep 19 07:24:49.616: INFO: vulnerability-advisor-rootkit-annotator-74cb65b5cf-2dk5j started at 2018-09-17 07:19:08 +0000 UTC (0+1 container statuses recorded)&#xA;Sep 19 07:24:49.616: INFO: &#x9;Container rootkit-annotator ready: true, restart count 3&#xA;Sep 19 07:24:49.616: INFO: vulnerability-advisor-secconfig-annotator-7dbcf5d9f4-fkmkb started at 2018-09-17 07:19:10 +0000 UTC (0+1 container statuses recorded)&#xA;Sep 19 07:24:49.616: INFO: &#x9;Container secconfig-annotator ready: true, restart count 0&#xA;Sep 19 07:24:49.616: INFO: monitoring-prometheus-nodeexporter-v4l7d started at 2018-09-17 07:15:44 +0000 UTC (0+2 container statuses recorded)&#xA;Sep 19 07:24:49.617: INFO: &#x9;Container nodeexporter ready: true, restart count 0&#xA;Sep 19 07:24:49.617: INFO: &#x9;Container router ready: true, restart count 0&#xA;Sep 19 07:24:49.617: INFO: vulnerability-advisor-vulnerability-indexer-7c79b4c964-2n8cg started at 2018-09-17 07:19:07 +0000 UTC (0+1 container statuses recorded)&#xA;Sep 19 07:24:49.617: INFO: &#x9;Container py-vulnerability-indexer ready: true, restart count 0&#xA;Sep 19 07:24:49.617: INFO: vulnerability-advisor-statsd-7746859df4-jjm6f started at 2018-09-17 07:19:10 +0000 UTC (0+1 container statuses recorded)&#xA;Sep 19 07:24:49.617: INFO: &#x9;Container statsd ready: true, restart count 0&#xA;Sep 19 07:24:49.617: INFO: vulnerability-advisor-usncrawler-8h976 started at 2018-09-17 07:19:11 +0000 UTC (0+1 container statuses recorded)&#xA;Sep 19 07:24:49.617: INFO: &#x9;Container usnloader-job ready: false, restart count 0&#xA;Sep 19 07:24:49.617: INFO: vulnerability-advisor-kafka-0 started at 2018-09-17 07:19:13 +0000 UTC (0+1 container statuses recorded)&#xA;Sep 19 07:24:49.617: INFO: &#x9;Container kafka-server ready: true, restart count 2&#xA;Sep 19 07:24:49.617: INFO: calico-node-wsknj started at 2018-09-17 07:05:53 +0000 UTC (0+2 container statuses recorded)&#xA;Sep 19 07:24:49.617: INFO: &#x9;Container calico-node ready: true, restart count 0&#xA;Sep 19 07:24:49.617: INFO: &#x9;Container install-cni ready: true, restart count 0&#xA;Sep 19 07:24:49.617: INFO: vulnerability-advisor-cos-indexer-57899b7dd6-7cpf8 started at 2018-09-17 07:19:04 +0000 UTC (0+1 container statuses recorded)&#xA;Sep 19 07:24:49.617: INFO: &#x9;Container cos-indexer ready: true, restart count 3&#xA;Sep 19 07:24:49.617: INFO: logging-elk-filebeat-ds-vpk48 started at 2018-09-17 07:15:20 +0000 UTC (0+1 container statuses recorded)&#xA;Sep 19 07:24:49.617: INFO: &#x9;Container filebeat ready: true, restart count 0&#xA;Sep 19 07:24:49.617: INFO: vulnerability-advisor-password-annotator-79b5d794b5-wnwqn started at 2018-09-17 07:19:05 +0000 UTC (0+1 container statuses recorded)&#xA;Sep 19 07:24:49.617: INFO: &#x9;Container config-parser ready: true, restart count 3&#xA;Sep 19 07:24:49.617: INFO: vulnerability-advisor-vulnerability-annotator-bcbf5595f-hxwst started at 2018-09-17 07:19:10 +0000 UTC (0+1 container statuses recorded)&#xA;Sep 19 07:24:49.617: INFO: &#x9;Container va-annotator ready: true, restart count 3&#xA;Sep 19 07:24:49.617: INFO: vulnerability-advisor-minio-0 started at 2018-09-17 07:19:16 +0000 UTC (1+1 container statuses recorded)&#xA;Sep 19 07:24:49.617: INFO: &#x9;Init container wait-kafka ready: true, restart count 1&#xA;Sep 19 07:24:49.617: INFO: &#x9;Container minio-server ready: true, restart count 0&#xA;Sep 19 07:24:49.617: INFO: nvidia-device-plugin-w9jr8 started at 2018-09-17 07:07:17 +0000 UTC (1+1 container statuses recorded)&#xA;Sep 19 07:24:49.617: INFO: &#x9;Init container nvidia-driver-collector ready: true, restart count 0&#xA;Sep 19 07:24:49.617: INFO: &#x9;Container nvidia-device-plugin ready: true, restart count 0&#xA;Sep 19 07:24:49.617: INFO: metering-reader-gsrdg started at 2018-09-17 07:14:11 +0000 UTC (1+1 container statuses recorded)&#xA;Sep 19 07:24:49.617: INFO: &#x9;Init container metering-reader-init ready: true, restart count 1&#xA;Sep 19 07:24:49.617: INFO: &#x9;Container metering-reader ready: true, restart count 0&#xA;Sep 19 07:24:49.673: INFO: &#xA;Latency metrics for node 10.46.6.172&#xA;Sep 19 07:24:49.673: INFO: &#xA;Logging node info for node 10.46.6.173&#xA;Sep 19 07:24:49.677: INFO: Node Info: &amp;Node{ObjectMeta:k8s_io_apimachinery_pkg_apis_meta_v1.ObjectMeta{Name:10.46.6.173,GenerateName:,Namespace:,SelfLink:/api/v1/nodes/10.46.6.173,UID:3dc7268b-ba44-11e8-b20e-fa163e707b2e,ResourceVersion:453425,Generation:0,CreationTimestamp:2018-09-17 06:38:09 +0000 UTC,DeletionTimestamp:&lt;nil&gt;,DeletionGracePeriodSeconds:nil,Labels:map[string]string{beta.kubernetes.io/arch: amd64,beta.kubernetes.io/os: linux,etcd: true,kubernetes.io/hostname: 10.46.6.173,master: true,node-role.kubernetes.io/etcd: true,node-role.kubernetes.io/master: true,node-role.kubernetes.io/proxy: true,proxy: true,role: master,},Annotations:map[string]string{node.alpha.kubernetes.io/ttl: 0,volumes.kubernetes.io/controller-managed-attach-detach: true,},OwnerReferences:[],Finalizers:[],ClusterName:,Initializers:nil,},Spec:NodeSpec{PodCIDR:,DoNotUse_ExternalID:,ProviderID:,Unschedulable:false,Taints:[{dedicated proxy NoSchedule &lt;nil&gt;}],ConfigSource:nil,},Status:NodeStatus{Capacity:ResourceList{cpu: {{32 0} {&lt;nil&gt;} 32 DecimalSI},ephemeral-storage: {{107362627584 0} {&lt;nil&gt;} 104846316Ki BinarySI},hugepages-1Gi: {{0 0} {&lt;nil&gt;} 0 DecimalSI},hugepages-2Mi: {{0 0} {&lt;nil&gt;} 0 DecimalSI},memory: {{135202160640 0} {&lt;nil&gt;}  BinarySI},pods: {{320 0} {&lt;nil&gt;} 320 DecimalSI},},Allocatable:ResourceList{cpu: {{32 0} {&lt;nil&gt;} 32 DecimalSI},ephemeral-storage: {{107257769984 0} {&lt;nil&gt;} 104743916Ki BinarySI},hugepages-1Gi: {{0 0} {&lt;nil&gt;} 0 DecimalSI},hugepages-2Mi: {{0 0} {&lt;nil&gt;} 0 DecimalSI},memory: {{135097303040 0} {&lt;nil&gt;}  BinarySI},pods: {{320 0} {&lt;nil&gt;} 320 DecimalSI},},Phase:,Conditions:[{OutOfDisk False 2018-09-19 07:24:47 +0000 UTC 2018-09-17 06:38:09 +0000 UTC KubeletHasSufficientDisk kubelet has sufficient disk space available} {MemoryPressure False 2018-09-19 07:24:47 +0000 UTC 2018-09-17 06:38:09 +0000 UTC KubeletHasSufficientMemory kubelet has sufficient memory available} {DiskPressure False 2018-09-19 07:24:47 +0000 UTC 2018-09-17 06:38:09 +0000 UTC KubeletHasNoDiskPressure kubelet has no disk pressure} {PIDPressure False 2018-09-19 07:24:47 +0000 UTC 2018-09-17 06:38:09 +0000 UTC KubeletHasSufficientPID kubelet has sufficient PID available} {Ready True 2018-09-19 07:24:47 +0000 UTC 2018-09-17 07:06:09 +0000 UTC KubeletReady kubelet is posting ready status}],Addresses:[{InternalIP 10.46.6.173} {Hostname 10.46.6.173}],DaemonEndpoints:NodeDaemonEndpoints{KubeletEndpoint:DaemonEndpoint{Port:10250,},},NodeInfo:NodeSystemInfo{MachineID:52ca0d2c3fb341c79b059a96d10571a6,SystemUUID:DA83D170-F88E-40EB-A0A3-2918CD5F6005,BootID:806b09ea-0a42-4719-bbaa-13e375c7b62f,KernelVersion:3.10.0-862.9.1.el7.x86_64,OSImage:Red Hat Enterprise Linux,ContainerRuntimeVersion:docker://18.3.1,KubeletVersion:v1.11.1+icp-ee,KubeProxyVersion:v1.11.1+icp-ee,OperatingSystem:linux,Architecture:amd64,},Images:[{[lzj.icp:8500/ibmcom/statsd-amd64@sha256:5ee11bc24bced45a77d9d630348680f319c09d9d3b2230b04518d1e2a5263ae2 lzj.icp:8500/ibmcom/statsd-amd64:0.7.2.1 lzj.icp:8500/ibmcom/statsd:0.7.2.1] 1234731808} {[lzj.icp:8500/ibmcom/kafka-amd64@sha256:0d6d348ccd7aa2854d60791331280e58db92029a522c8bfb3eb40c7c0913ca8f lzj.icp:8500/ibmcom/kafka-amd64:0.10.0.2 lzj.icp:8500/ibmcom/kafka:0.10.0.2] 1114805679} {[lzj.icp:8500/ibmcom/iam-token-service-amd64@sha256:9211161e5b5b9d892a99b46fad4429333ceb7143b4039419df7ea0efa36381a9 lzj.icp:8500/ibmcom/iam-token-service-amd64:3.1.0 lzj.icp:8500/ibmcom/iam-token-service:3.1.0] 1051060152} {[lzj.icp:8500/ibmcom/icp-platform-auth-amd64@sha256:abc258009b8696a83214b7a9d9df63f6d83e19cfca2987c4836b0eadfa4c99c7 lzj.icp:8500/ibmcom/icp-platform-auth-amd64:3.1.0 lzj.icp:8500/ibmcom/icp-platform-auth:3.1.0] 1028283742} {[lzj.icp:8500/ibmcom/reg-crawler-amd64@sha256:9e5d4ebbac3dd6cbf9f892b5bd634f89fae3d4b2e6a23debd3ecd322e3eb817e lzj.icp:8500/ibmcom/reg-crawler-amd64:1.3.1 lzj.icp:8500/ibmcom/reg-crawler:1.3.1] 1007817363} {[lzj.icp:8500/ibmcom/live-crawler-amd64@sha256:37a79ec87bd3c8b9af25cf1e25f4f14281ffb9f5ebeaf61c0b7c8a5799baf782 lzj.icp:8500/ibmcom/live-crawler-amd64:1.3.1 lzj.icp:8500/ibmcom/live-crawler:1.3.1] 987515538} {[lzj.icp:8500/ibmcom/cos-indexer-amd64@sha256:adf28ff960ebdcbfcfa5e4522b81aa3565338f8d640dad611a1c3f0d3894393b lzj.icp:8500/ibmcom/cos-indexer-amd64:1.3.1 lzj.icp:8500/ibmcom/cos-indexer:1.3.1] 846578165} {[lzj.icp:8500/ibmcom/secure-config-annotator-amd64@sha256:26e845c6a252e0c5ae73e764645993b3270e289d1a2e9784b06ddd7898ca45d9 lzj.icp:8500/ibmcom/secure-config-annotator-amd64:1.3.1 lzj.icp:8500/ibmcom/secure-config-annotator:1.3.1] 835555196} {[lzj.icp:8500/ibmcom/hyperkube-amd64@sha256:9eaadf7c2a417ee2a9a219e2eadf21884742199a484be2ca737f0e8a178d490a lzj.icp:8500/ibmcom/hyperkube-amd64:v1.11.1-ee lzj.icp:8500/ibmcom/hyperkube:v1.11.1-ee] 782626408} {[lzj.icp:8500/ibmcom/compliance-annotator-amd64@sha256:5d8bbbef3a7dc54ba9addb256d2aa8a3f7d5c27a454ff4b7ee583b217dac2ce4 lzj.icp:8500/ibmcom/compliance-annotator-amd64:1.3.1 lzj.icp:8500/ibmcom/compliance-annotator:1.3.1] 773932738} {[lzj.icp:8500/ibmcom/icp-logstash-amd64@sha256:02a683ee6ad9eeed7ea8ebb1de713aaf902a9e20a39ccc0294ee1f947f1bbd73 lzj.icp:8500/ibmcom/icp-logstash-amd64:5.5.1 lzj.icp:8500/ibmcom/icp-logstash:5.5.1] 764906887} {[lzj.icp:8500/ibmcom/process-ma-hf-amd64@sha256:ef0d164350d07600f8037082db7d98cf81b9c554d8a60692ae90b8d0239a8cdc lzj.icp:8500/ibmcom/process-ma-hf-amd64:1.3.1 lzj.icp:8500/ibmcom/process-ma-hf:1.3.1] 758635128} {[lzj.icp:8500/ibmcom/vulnerability-annotator-amd64@sha256:febedf85b65e0d1800e67249274d474d4ce67e8041e81487f76bce727cb39bd4 lzj.icp:8500/ibmcom/vulnerability-annotator-amd64:1.3.1 lzj.icp:8500/ibmcom/vulnerability-annotator:1.3.1] 757013017} {[lzj.icp:8500/ibmcom/py-generic-indexer-amd64@sha256:45cb17e23e15f4dfe44471309af12f0655aad5f8e859c718f393290f220b02b2 lzj.icp:8500/ibmcom/py-generic-indexer-amd64:1.3.1 lzj.icp:8500/ibmcom/py-generic-indexer:1.3.1] 755588945} {[lzj.icp:8500/ibmcom/icp-inception-amd64@sha256:1dad180d14ae732d17ca5cf41b87dbb316c072323f186d60a08a753f904eb5b2 ibmcom/icp-inception-amd64:3.1.0-ee lzj.icp:8500/ibmcom/icp-inception-amd64:3.1.0-ee lzj.icp:8500/ibmcom/icp-inception:3.1.0-ee] 744155119} {[lzj.icp:8500/ibmcom/config-parser-amd64@sha256:7d721e0b5a827921ac16fa9e7570db225211e6dd700cdeaba1d28ba02ff8ef6d lzj.icp:8500/ibmcom/config-parser-amd64:1.3.1 lzj.icp:8500/ibmcom/config-parser:1.3.1] 739243486} {[lzj.icp:8500/ibmcom/iam-policy-administration-amd64@sha256:e1941aa09a5b692505cb3be3e497d3ff9acb900786b9a2c8c4c00d0243b37dd0 lzj.icp:8500/ibmcom/iam-policy-administration-amd64:3.1.0 lzj.icp:8500/ibmcom/iam-policy-administration:3.1.0] 711947327} {[lzj.icp:8500/ibmcom/password-annotator-amd64@sha256:bca1b6b222d8ea8ade174a8cc1a549f161d75d3e9d69881f08a1fb316a8e27d3 lzj.icp:8500/ibmcom/password-annotator-amd64:1.3.1 lzj.icp:8500/ibmcom/password-annotator:1.3.1] 707627907} {[lzj.icp:8500/ibmcom/notification-dispatcher-amd64@sha256:ec8dfbc351a0d758488f9f8bfa17c3182a5c02819a6ebf7144ab914a2233cf57 lzj.icp:8500/ibmcom/notification-dispatcher-amd64:1.3.1 lzj.icp:8500/ibmcom/notification-dispatcher:1.3.1] 707588442} {[lzj.icp:8500/ibmcom/sas-base-amd64@sha256:9651b1149c62d5a0968aaeffe71f2da68cd7e07ff8d7ea67538278c00ab08457 lzj.icp:8500/ibmcom/sas-base-amd64:1.3.1 lzj.icp:8500/ibmcom/sas-base:1.3.1] 653746081} {[lzj.icp:8500/ibmcom/ma-file-annotator-amd64@sha256:8caa6280fd845fd524ad874a6b243510ebf085d58c989229020fcfc743492632 lzj.icp:8500/ibmcom/ma-file-annotator-amd64:1.3.1 lzj.icp:8500/ibmcom/ma-file-annotator:1.3.1] 653745236} {[lzj.icp:8500/ibmcom/icp-kibana-amd64@sha256:8b69887ac5297e1d2e68b9c2ce885b9a888f6c278ca1538acb0f03206b48502a lzj.icp:8500/ibmcom/icp-kibana-amd64:5.5.1 lzj.icp:8500/ibmcom/icp-kibana:5.5.1] 639622018} {[lzj.icp:8500/ibmcom/icp-platform-api-amd64@sha256:1fc47925c2611aef12631b3f3806308f55a298074aebc561fd04cf8a7691c669 lzj.icp:8500/ibmcom/icp-platform-api-amd64:3.1.0 lzj.icp:8500/ibmcom/icp-platform-api:3.1.0] 612589125} {[lzj.icp:8500/ibmcom/iam-policy-decision-amd64@sha256:d49eb3845c57bb8370a477949d92da10a178b81ade50f0e9d970981fadd6686d lzj.icp:8500/ibmcom/iam-policy-decision-amd64:3.1.0 lzj.icp:8500/ibmcom/iam-policy-decision:3.1.0] 559718344} {[lzj.icp:8500/ibmcom/rootkit-annotator-amd64@sha256:caf6c24136b8785d901f346a640d673b55fe105c3617cfcb432ee2006f5b1cf4 lzj.icp:8500/ibmcom/rootkit-annotator-amd64:1.3.1 lzj.icp:8500/ibmcom/rootkit-annotator:1.3.1] 549434506} {[lzj.icp:8500/ibmcom/icp-elasticsearch-amd64@sha256:0063a7a931ca4e52d8f7a51f2bdb010345f4373b5b904b52e5c8a48ec0c1fde7 lzj.icp:8500/ibmcom/icp-elasticsearch-amd64:5.5.1 lzj.icp:8500/ibmcom/icp-elasticsearch:5.5.1] 520121248} {[lzj.icp:8500/ibmcom/logging-pki-init-amd64@sha256:cc4bfa085e1ae99120ee526acd3e62d205e10de6f1c773c521fc5b933914f6a8 lzj.icp:8500/ibmcom/logging-pki-init-amd64:2.0.0 lzj.icp:8500/ibmcom/logging-pki-init:2.0.0] 501921135} {[lzj.icp:8500/ibmcom/searchguard-init-amd64@sha256:d19ce1d27f406945d4ed78b0f07007998c2ab3889086e502924847c2186db546 lzj.icp:8500/ibmcom/searchguard-init-amd64:2.0.0 lzj.icp:8500/ibmcom/searchguard-init:2.0.0] 457030441} {[lzj.icp:8500/ibmcom/metering-ui-amd64@sha256:3628a8fe41183c08ea0b02e2e798e3649e4aebe2c2405c34572b9eb7c7c4d9a8 lzj.icp:8500/ibmcom/metering-ui-amd64:3.1.0 lzj.icp:8500/ibmcom/metering-ui:3.1.0] 385577105} {[lzj.icp:8500/ibmcom/heketi-amd64@sha256:c5b579a4f219c87990f861eb61de86cb9cfb51b6d230b8c299df7d9fd3d02d0e lzj.icp:8500/ibmcom/heketi-amd64:v7.0.0 lzj.icp:8500/ibmcom/heketi:v7.0.0] 384720377} {[lzj.icp:8500/ibmcom/icp-mongodb-amd64@sha256:a305ae8bc309898d86bf60aee968846db3602f77b25924640d5f08a2389ee99d lzj.icp:8500/ibmcom/icp-mongodb-amd64:3.1.0 lzj.icp:8500/ibmcom/icp-mongodb:3.1.0] 379353410} {[lzj.icp:8500/ibmcom/icp-catalog-ui-amd64@sha256:33993b4eab189e3c78fe27799017da770d47523cf6831460741008bf91297d6d lzj.icp:8500/ibmcom/icp-catalog-ui-amd64:3.1.0 lzj.icp:8500/ibmcom/icp-catalog-ui:3.1.0] 363781304} {[lzj.icp:8500/ibmcom/nginx-ingress-controller-amd64@sha256:63b48dd3ba635aa65409f7d6a319e293697810c1b9e885e6255bebf36a2506ab lzj.icp:8500/ibmcom/nginx-ingress-controller-amd64:0.16.2 lzj.icp:8500/ibmcom/nginx-ingress-controller:0.16.2] 361632894} {[lzj.icp:8500/ibmcom/mariadb-amd64@sha256:1f9876179c32fcf463804f75cbf2fb031106edf2be9d5dbf6705375ca53930bb lzj.icp:8500/ibmcom/mariadb-amd64:10.2.17 lzj.icp:8500/ibmcom/mariadb:10.2.17] 358991946} {[lzj.icp:8500/ibmcom/k8szk-amd64@sha256:a9ee22a4df14654552a02303e4560623244683692fd298dd2fb71e9dd66219f3 lzj.icp:8500/ibmcom/k8szk-amd64:v3 lzj.icp:8500/ibmcom/k8szk:v3] 331472973} {[lzj.icp:8500/ibmcom/gluster-amd64@sha256:647caedb536eb7b8c5c8b0a2b69e52d2a34be9e6c9c7b9c1b21d14fcfa261886 lzj.icp:8500/ibmcom/gluster-amd64:v4.0.2 lzj.icp:8500/ibmcom/gluster:v4.0.2] 324265531} {[lzj.icp:8500/ibmcom/istio-grafana-amd64@sha256:381a2dd3a5addbc5d43920bc19bb15ba6dbd422e4a9d91163108e72c5a63234c lzj.icp:8500/ibmcom/istio-grafana-amd64:1.0.0.1 lzj.icp:8500/ibmcom/istio-grafana:1.0.0.1] 324187770} {[lzj.icp:8500/ibmcom/icp-filebeat-amd64@sha256:03af9b78dad6c2ba857975d10c81e781460796dff1ff1163ea4596f4aa10601d lzj.icp:8500/ibmcom/icp-filebeat-amd64:5.5.1 lzj.icp:8500/ibmcom/icp-filebeat:5.5.1] 317104874} {[lzj.icp:8500/ibmcom/istio-proxyv2-amd64@sha256:cd77e75fa85ce74914e1b7b0bef980ece8a62ef0d776c9ef51a0d7d30b4b64a0 lzj.icp:8500/ibmcom/istio-proxyv2-amd64:1.0.0.1 lzj.icp:8500/ibmcom/istio-proxyv2:1.0.0.1] 311276139} {[lzj.icp:8500/ibmcom/istio-pilot-amd64@sha256:63352073a964037fd37f6150228231d2e5eca7e0c2920405d6269326d3c54263 lzj.icp:8500/ibmcom/istio-pilot-amd64:1.0.0.1 lzj.icp:8500/ibmcom/istio-pilot:1.0.0.1] 309502004} {[lzj.icp:8500/ibmcom/fluentd-amd64@sha256:384a99b8d941c93f96ee5b5cbae5b70500219a3f71c73cf4eddd20d9d693e3b3 lzj.icp:8500/ibmcom/fluentd-amd64:v1.2.2-icp lzj.icp:8500/ibmcom/fluentd:v1.2.2-icp] 270902701} {[lzj.icp:8500/ibmcom/icp-identity-manager-amd64@sha256:632f31acd0fcfc3d0cebea31cfb71018f6712bd1a1b4da7476942b3c23aa3521 lzj.icp:8500/ibmcom/icp-identity-manager-amd64:3.1.0 lzj.icp:8500/ibmcom/icp-identity-manager:3.1.0] 268667523} {[lzj.icp:8500/ibmcom/elasticsearch-plugin-searchguard-amd64@sha256:28f88d06bbbc073162702064c1be4ad06272e9021cbc0f929ba8c6da2ca25ae6 lzj.icp:8500/ibmcom/elasticsearch-plugin-searchguard-amd64:2.0.0 lzj.icp:8500/ibmcom/elasticsearch-plugin-searchguard:2.0.0] 267864279} {[lzj.icp:8500/ibmcom/kiali-amd64@sha256:bec63b454cf2e597c61f6a9943144050e5e6fc7a4f6474bc3bb6b627ba20c71c lzj.icp:8500/ibmcom/kiali-amd64:istio-release-1.0.0.1 lzj.icp:8500/ibmcom/kiali:istio-release-1.0.0.1] 265771300} {[lzj.icp:8500/ibmcom/calico-node-amd64@sha256:9871f4dde9eab9fd804b12f3114da36505ff5c220e2323b7434eec24e3b23ac5 lzj.icp:8500/ibmcom/calico-node-amd64:v3.1.3 lzj.icp:8500/ibmcom/calico-node:v3.1.3] 248202699} {[lzj.icp:8500/ibmcom/grafana-amd64@sha256:dc3566257a0c716caedfb33127d8ee385290c1dda006bebfb75c376d56b30c88 lzj.icp:8500/ibmcom/grafana-amd64:5.2.0 lzj.icp:8500/ibmcom/grafana:5.2.0] 245297582} {[lzj.icp:8500/ibmcom/indices-cleaner-amd64@sha256:e6c6453d54012488e9ebfaa9e4d829f567d8e66b24c1613e6d88ca192ed5e85b lzj.icp:8500/ibmcom/indices-cleaner-amd64:1.0.0 lzj.icp:8500/ibmcom/indices-cleaner:1.0.0] 238131553} {[lzj.icp:8500/ibmcom/icp-identity-provider-amd64@sha256:24dba8b07c8295eef99abbf8d83041908516e4e50e4e4cfbbbcd53bdf415dda1 lzj.icp:8500/ibmcom/icp-identity-provider-amd64:3.1.0 lzj.icp:8500/ibmcom/icp-identity-provider:3.1.0] 224286517} {[lzj.icp:8500/ibmcom/curl-amd64@sha256:aad05b4e4529f7e70516d8d3028cae6cd1d50de738ce164f2a532ce2470ac43f lzj.icp:8500/ibmcom/curl-amd64:4.0.0 lzj.icp:8500/ibmcom/curl:4.0.0] 221192597} {[lzj.icp:8500/ibmcom/icp-audit-service-amd64@sha256:9add202c06a43da647380c860d9139fa059701fe103c1f229281215bf99dbbd3 lzj.icp:8500/ibmcom/icp-audit-service-amd64:3.1.0 lzj.icp:8500/ibmcom/icp-audit-service:3.1.0] 215897363}],VolumesInUse:[],VolumesAttached:[],Config:&amp;NodeConfigStatus{Assigned:nil,Active:nil,LastKnownGood:nil,Error:,},},}&#xA;Sep 19 07:24:49.678: INFO: &#xA;Logging kubelet events for node 10.46.6.173&#xA;Sep 19 07:24:49.681: INFO: &#xA;Logging pods the kubelet thinks is on node 10.46.6.173&#xA;Sep 19 07:24:49.719: INFO: auth-pap-qb5m2 started at 2018-09-17 07:10:20 +0000 UTC (0+1 container statuses recorded)&#xA;Sep 19 07:24:49.719: INFO: &#x9;Container auth-pap ready: true, restart count 0&#xA;Sep 19 07:24:49.719: INFO: service-catalog-controller-manager-5969cccf86-65phs started at 2018-09-17 07:08:21 +0000 UTC (0+1 container statuses recorded)&#xA;Sep 19 07:24:49.719: INFO: &#x9;Container controller-manager ready: true, restart count 0&#xA;Sep 19 07:24:49.719: INFO: istio-pilot-6cf9ccf474-kkb6j started at 2018-09-17 07:17:31 +0000 UTC (0+2 container statuses recorded)&#xA;Sep 19 07:24:49.719: INFO: &#x9;Container discovery ready: true, restart count 0&#xA;Sep 19 07:24:49.719: INFO: &#x9;Container istio-proxy ready: true, restart count 0&#xA;Sep 19 07:24:49.719: INFO: ibm-cert-manager-cert-manager-74687f689b-7994r started at 2018-09-17 07:07:12 +0000 UTC (0+1 container statuses recorded)&#xA;Sep 19 07:24:49.719: INFO: &#x9;Container ibm-cert-manager ready: true, restart count 0&#xA;Sep 19 07:24:49.719: INFO: nginx-ingress-controller-h5z2v started at 2018-09-17 07:08:28 +0000 UTC (1+1 container statuses recorded)&#xA;Sep 19 07:24:49.719: INFO: &#x9;Init container sysctl ready: true, restart count 0&#xA;Sep 19 07:24:49.719: INFO: &#x9;Container nginx-ingress ready: true, restart count 0&#xA;Sep 19 07:24:49.719: INFO: istio-egressgateway-54448bcdbd-pjbtc started at 2018-09-17 07:28:34 +0000 UTC (0+1 container statuses recorded)&#xA;Sep 19 07:24:49.719: INFO: &#x9;Container istio-egressgateway ready: true, restart count 0&#xA;Sep 19 07:24:49.719: INFO: calico-node-m7d5t started at 2018-09-17 07:05:54 +0000 UTC (0+2 container statuses recorded)&#xA;Sep 19 07:24:49.719: INFO: &#x9;Container calico-node ready: true, restart count 0&#xA;Sep 19 07:24:49.719: INFO: &#x9;Container install-cni ready: true, restart count 0&#xA;Sep 19 07:24:49.719: INFO: grafana-77676f44f7-c9wr6 started at 2018-09-17 07:17:28 +0000 UTC (0+1 container statuses recorded)&#xA;Sep 19 07:24:49.719: INFO: &#x9;Container grafana ready: true, restart count 1&#xA;Sep 19 07:24:49.719: INFO: security-onboarding-tkf79 started at 2018-09-17 07:18:12 +0000 UTC (0+1 container statuses recorded)&#xA;Sep 19 07:24:49.719: INFO: &#x9;Container security-onboarding ready: false, restart count 0&#xA;Sep 19 07:24:49.719: INFO: istio-egressgateway-54448bcdbd-xmkbc started at 2018-09-17 07:24:11 +0000 UTC (0+1 container statuses recorded)&#xA;Sep 19 07:24:49.719: INFO: &#x9;Container istio-egressgateway ready: true, restart count 0&#xA;Sep 19 07:24:49.719: INFO: k8s-master-10.46.6.173 started at &lt;nil&gt; (0+0 container statuses recorded)&#xA;Sep 19 07:24:49.719: INFO: unified-router-lkwnl started at 2018-09-17 07:15:31 +0000 UTC (0+1 container statuses recorded)&#xA;Sep 19 07:24:49.719: INFO: &#x9;Container unified-router ready: true, restart count 0&#xA;Sep 19 07:24:49.720: INFO: istio-ingressgateway-7bc96d6585-smf45 started at 2018-09-17 07:17:28 +0000 UTC (0+1 container statuses recorded)&#xA;Sep 19 07:24:49.720: INFO: &#x9;Container istio-ingressgateway ready: true, restart count 0&#xA;Sep 19 07:24:49.720: INFO: tiller-deploy-6b58875cb-5l8kh started at 2018-09-17 07:05:28 +0000 UTC (0+1 container statuses recorded)&#xA;Sep 19 07:24:49.720: INFO: &#x9;Container tiller ready: true, restart count 0&#xA;Sep 19 07:24:49.720: INFO: platform-ui-6fjgx started at 2018-09-17 07:14:34 +0000 UTC (0+1 container statuses recorded)&#xA;Sep 19 07:24:49.720: INFO: &#x9;Container platform-ui ready: true, restart count 0&#xA;Sep 19 07:24:49.720: INFO: monitoring-prometheus-nodeexporter-f84fv started at 2018-09-17 07:15:45 +0000 UTC (0+2 container statuses recorded)&#xA;Sep 19 07:24:49.720: INFO: &#x9;Container nodeexporter ready: true, restart count 0&#xA;Sep 19 07:24:49.720: INFO: &#x9;Container router ready: true, restart count 0&#xA;Sep 19 07:24:49.720: INFO: prometheus-6f98d89664-wh7pb started at 2018-09-17 07:17:31 +0000 UTC (0+1 container statuses recorded)&#xA;Sep 19 07:24:49.720: INFO: &#x9;Container prometheus ready: true, restart count 0&#xA;Sep 19 07:24:49.720: INFO: vulnerability-advisor-live-crawler-p6khc started at 2018-09-17 07:19:02 +0000 UTC (0+1 container statuses recorded)&#xA;Sep 19 07:24:49.720: INFO: &#x9;Container live-crawler ready: true, restart count 0&#xA;Sep 19 07:24:49.720: INFO: default-backend-54966589c4-4d47g started at 2018-09-17 07:08:29 +0000 UTC (0+1 container statuses recorded)&#xA;Sep 19 07:24:49.720: INFO: &#x9;Container default-backend ready: true, restart count 0&#xA;Sep 19 07:24:49.720: INFO: oidc-client-registration-szxrk started at 2018-09-17 07:10:05 +0000 UTC (0+1 container statuses recorded)&#xA;Sep 19 07:24:49.720: INFO: &#x9;Container oidc-client-registration ready: false, restart count 0&#xA;Sep 19 07:24:49.720: INFO: kiali-7f8c59df94-25qmq started at 2018-09-17 07:17:27 +0000 UTC (0+1 container statuses recorded)&#xA;Sep 19 07:24:49.720: INFO: &#x9;Container kiali ready: true, restart count 0&#xA;Sep 19 07:24:49.720: INFO: service-catalog-apiserver-967x9 started at 2018-09-17 07:08:20 +0000 UTC (0+1 container statuses recorded)&#xA;Sep 19 07:24:49.720: INFO: &#x9;Container apiserver ready: true, restart count 0&#xA;Sep 19 07:24:49.720: INFO: auth-pdp-tk2jm started at 2018-09-17 07:10:28 +0000 UTC (5+2 container statuses recorded)&#xA;Sep 19 07:24:49.720: INFO: &#x9;Init container init-auth-service ready: true, restart count 0&#xA;Sep 19 07:24:49.720: INFO: &#x9;Init container init-identity-provider ready: true, restart count 0&#xA;Sep 19 07:24:49.720: INFO: &#x9;Init container init-identity-manager ready: true, restart count 0&#xA;Sep 19 07:24:49.720: INFO: &#x9;Init container init-token-service ready: true, restart count 0&#xA;Sep 19 07:24:49.720: INFO: &#x9;Init container init-pap ready: true, restart count 0&#xA;Sep 19 07:24:49.720: INFO: &#x9;Container auth-pdp ready: true, restart count 0&#xA;Sep 19 07:24:49.720: INFO: &#x9;Container icp-audit-service ready: true, restart count 0&#xA;Sep 19 07:24:49.720: INFO: icp-management-ingress-x6qn8 started at 2018-09-17 07:10:36 +0000 UTC (0+1 container statuses recorded)&#xA;Sep 19 07:24:49.720: INFO: &#x9;Container icp-management-ingress ready: true, restart count 0&#xA;Sep 19 07:24:49.720: INFO: istio-egressgateway-54448bcdbd-cqlhf started at 2018-09-17 07:24:11 +0000 UTC (0+1 container statuses recorded)&#xA;Sep 19 07:24:49.720: INFO: &#x9;Container istio-egressgateway ready: true, restart count 0&#xA;Sep 19 07:24:49.720: INFO: kube-dns-mwjc8 started at 2018-09-17 07:06:10 +0000 UTC (0+1 container statuses recorded)&#xA;Sep 19 07:24:49.720: INFO: &#x9;Container kube-dns ready: true, restart count 0&#xA;Sep 19 07:24:49.720: INFO: istio-galley-687cd96db-hlpng started at 2018-09-17 07:17:28 +0000 UTC (0+1 container statuses recorded)&#xA;Sep 19 07:24:49.720: INFO: &#x9;Container validator ready: true, restart count 0&#xA;Sep 19 07:24:49.720: INFO: istio-tracing-77ccfc8844-79ngl started at 2018-09-17 07:17:32 +0000 UTC (0+1 container statuses recorded)&#xA;Sep 19 07:24:49.720: INFO: &#x9;Container jaeger ready: true, restart count 0&#xA;Sep 19 07:24:49.720: INFO: audit-logging-fluentd-ds-dhcg6 started at 2018-09-17 07:18:46 +0000 UTC (0+1 container statuses recorded)&#xA;Sep 19 07:24:49.720: INFO: &#x9;Container fluentd ready: true, restart count 0&#xA;Sep 19 07:24:49.720: INFO: istio-ingressgateway-7bc96d6585-m567m started at 2018-09-17 07:20:41 +0000 UTC (0+1 container statuses recorded)&#xA;Sep 19 07:24:49.720: INFO: &#x9;Container istio-ingressgateway ready: true, restart count 0&#xA;Sep 19 07:24:49.720: INFO: heapster-69b486565b-nt26r started at 2018-09-17 07:13:48 +0000 UTC (0+1 container statuses recorded)&#xA;Sep 19 07:24:49.720: INFO: &#x9;Container heapster ready: true, restart count 0&#xA;Sep 19 07:24:49.720: INFO: istio-egressgateway-54448bcdbd-f4v6v started at 2018-09-17 07:17:29 +0000 UTC (0+1 container statuses recorded)&#xA;Sep 19 07:24:49.720: INFO: &#x9;Container istio-egressgateway ready: true, restart count 0&#xA;Sep 19 07:24:49.720: INFO: istio-citadel-77694dc965-mwqkp started at 2018-09-17 07:17:31 +0000 UTC (0+1 container statuses recorded)&#xA;Sep 19 07:24:49.720: INFO: &#x9;Container citadel ready: true, restart count 0&#xA;Sep 19 07:24:49.720: INFO: vulnerability-advisor-process-ma-crawler-96728 started at 2018-09-17 07:19:03 +0000 UTC (0+1 container statuses recorded)&#xA;Sep 19 07:24:49.720: INFO: &#x9;Container process-ma-crawler ready: true, restart count 0&#xA;Sep 19 07:24:49.720: INFO: istio-telemetry-8b5964dc7-rfswc started at 2018-09-17 07:19:39 +0000 UTC (0+2 container statuses recorded)&#xA;Sep 19 07:24:49.720: INFO: &#x9;Container istio-proxy ready: true, restart count 0&#xA;Sep 19 07:24:49.720: INFO: &#x9;Container mixer ready: true, restart count 0&#xA;Sep 19 07:24:49.720: INFO: helm-api-fdd886877-6pwm8 started at 2018-09-17 07:16:36 +0000 UTC (0+3 container statuses recorded)&#xA;Sep 19 07:24:49.720: INFO: &#x9;Container audit-service ready: true, restart count 0&#xA;Sep 19 07:24:49.720: INFO: &#x9;Container helmapi ready: true, restart count 0&#xA;Sep 19 07:24:49.720: INFO: &#x9;Container rudder ready: true, restart count 0&#xA;Sep 19 07:24:49.720: INFO: mariadb-0 started at 2018-09-17 07:08:38 +0000 UTC (0+1 container statuses recorded)&#xA;Sep 19 07:24:49.720: INFO: &#x9;Container mariadb ready: true, restart count 0&#xA;Sep 19 07:24:49.720: INFO: logging-elk-filebeat-ds-qf2vz started at 2018-09-17 07:15:20 +0000 UTC (0+1 container statuses recorded)&#xA;Sep 19 07:24:49.720: INFO: &#x9;Container filebeat ready: true, restart count 0&#xA;Sep 19 07:24:49.720: INFO: istio-ingressgateway-7bc96d6585-c58zx started at 2018-09-17 07:24:15 +0000 UTC (0+1 container statuses recorded)&#xA;Sep 19 07:24:49.720: INFO: &#x9;Container istio-ingressgateway ready: true, restart count 0&#xA;Sep 19 07:24:49.720: INFO: istio-policy-5b64d7fd64-5l2m9 started at 2018-09-17 07:31:07 +0000 UTC (0+2 container statuses recorded)&#xA;Sep 19 07:24:49.720: INFO: &#x9;Container istio-proxy ready: true, restart count 0&#xA;Sep 19 07:24:49.720: INFO: &#x9;Container mixer ready: true, restart count 0&#xA;Sep 19 07:24:49.720: INFO: nvidia-device-plugin-nh54k started at 2018-09-17 07:07:17 +0000 UTC (1+1 container statuses recorded)&#xA;Sep 19 07:24:49.720: INFO: &#x9;Init container nvidia-driver-collector ready: true, restart count 0&#xA;Sep 19 07:24:49.720: INFO: &#x9;Container nvidia-device-plugin ready: true, restart count 0&#xA;Sep 19 07:24:49.720: INFO: istio-telemetry-8b5964dc7-hcf6d started at 2018-09-17 07:17:29 +0000 UTC (0+2 container statuses recorded)&#xA;Sep 19 07:24:49.720: INFO: &#x9;Container istio-proxy ready: true, restart count 0&#xA;Sep 19 07:24:49.720: INFO: &#x9;Container mixer ready: true, restart count 0&#xA;Sep 19 07:24:49.720: INFO: istio-sidecar-injector-86d554f5f7-d57zk started at 2018-09-17 07:17:32 +0000 UTC (0+1 container statuses recorded)&#xA;Sep 19 07:24:49.720: INFO: &#x9;Container sidecar-injector-webhook ready: true, restart count 0&#xA;Sep 19 07:24:49.720: INFO: secret-watcher-5f59fcbc69-pfnfk started at 2018-09-17 07:18:05 +0000 UTC (0+1 container statuses recorded)&#xA;Sep 19 07:24:49.720: INFO: &#x9;Container secret-watcher ready: true, restart count 0&#xA;Sep 19 07:24:49.720: INFO: istio-telemetry-8b5964dc7-nw9kk started at 2018-09-17 07:23:11 +0000 UTC (0+2 container statuses recorded)&#xA;Sep 19 07:24:49.720: INFO: &#x9;Container istio-proxy ready: true, restart count 0&#xA;Sep 19 07:24:49.720: INFO: &#x9;Container mixer ready: true, restart count 0&#xA;Sep 19 07:24:49.720: INFO: platform-api-2fs4x started at 2018-09-17 07:08:45 +0000 UTC (0+2 container statuses recorded)&#xA;Sep 19 07:24:49.720: INFO: &#x9;Container audit-service ready: true, restart count 0&#xA;Sep 19 07:24:49.720: INFO: &#x9;Container platform-api ready: true, restart count 0&#xA;Sep 19 07:24:49.720: INFO: icp-mongodb-0 started at 2018-09-17 07:07:42 +0000 UTC (2+1 container statuses recorded)&#xA;Sep 19 07:24:49.720: INFO: &#x9;Init container install ready: true, restart count 0&#xA;Sep 19 07:24:49.720: INFO: &#x9;Init container bootstrap ready: true, restart count 0&#xA;Sep 19 07:24:49.720: INFO: &#x9;Container icp-mongodb ready: true, restart count 0&#xA;Sep 19 07:24:49.720: INFO: catalog-ui-5rtkh started at 2018-09-17 07:15:57 +0000 UTC (0+1 container statuses recorded)&#xA;Sep 19 07:24:49.720: INFO: &#x9;Container catalog-ui ready: true, restart count 0&#xA;Sep 19 07:24:49.720: INFO: istio-policy-5b64d7fd64-jrlzt started at 2018-09-17 07:23:11 +0000 UTC (0+2 container statuses recorded)&#xA;Sep 19 07:24:49.720: INFO: &#x9;Container istio-proxy ready: true, restart count 0&#xA;Sep 19 07:24:49.720: INFO: &#x9;Container mixer ready: true, restart count 0&#xA;Sep 19 07:24:49.720: INFO: calico-kube-controllers-dcb8cc97c-gtsqp started at 2018-09-17 07:05:53 +0000 UTC (0+1 container statuses recorded)&#xA;Sep 19 07:24:49.720: INFO: &#x9;Container calico-kube-controllers ready: true, restart count 0&#xA;Sep 19 07:24:49.720: INFO: k8s-etcd-10.46.6.173 started at &lt;nil&gt; (0+0 container statuses recorded)&#xA;Sep 19 07:24:49.720: INFO: image-manager-0 started at 2018-09-17 06:38:56 +0000 UTC (0+2 container statuses recorded)&#xA;Sep 19 07:24:49.720: INFO: &#x9;Container icp-registry ready: true, restart count 0&#xA;Sep 19 07:24:49.720: INFO: &#x9;Container image-manager ready: true, restart count 0&#xA;Sep 19 07:24:49.720: INFO: platform-deploy-dbbks started at 2018-09-17 07:08:45 +0000 UTC (0+1 container statuses recorded)&#xA;Sep 19 07:24:49.720: INFO: &#x9;Container platform-deploy ready: true, restart count 0&#xA;Sep 19 07:24:49.720: INFO: auth-apikeys-x45mz started at 2018-09-17 07:10:12 +0000 UTC (0+1 container statuses recorded)&#xA;Sep 19 07:24:49.720: INFO: &#x9;Container auth-apikeys ready: true, restart count 0&#xA;Sep 19 07:24:49.720: INFO: istio-policy-5b64d7fd64-fb4bc started at 2018-09-17 07:27:37 +0000 UTC (0+2 container statuses recorded)&#xA;Sep 19 07:24:49.720: INFO: &#x9;Container istio-proxy ready: true, restart count 0&#xA;Sep 19 07:24:49.720: INFO: &#x9;Container mixer ready: true, restart count 0&#xA;Sep 19 07:24:49.720: INFO: k8s-proxy-10.46.6.173 started at &lt;nil&gt; (0+0 container statuses recorded)&#xA;Sep 19 07:24:49.720: INFO: istio-policy-5b64d7fd64-z68j4 started at 2018-09-17 07:19:38 +0000 UTC (0+2 container statuses recorded)&#xA;Sep 19 07:24:49.720: INFO: &#x9;Container istio-proxy ready: true, restart count 0&#xA;Sep 19 07:24:49.720: INFO: &#x9;Container mixer ready: true, restart count 0&#xA;Sep 19 07:24:49.720: INFO: istio-ingressgateway-7bc96d6585-r98nr started at 2018-09-17 07:28:10 +0000 UTC (0+1 container statuses recorded)&#xA;Sep 19 07:24:49.720: INFO: &#x9;Container istio-ingressgateway ready: true, restart count 0&#xA;Sep 19 07:24:49.720: INFO: istio-policy-5b64d7fd64-pt9z2 started at 2018-09-17 07:17:30 +0000 UTC (0+2 container statuses recorded)&#xA;Sep 19 07:24:49.720: INFO: &#x9;Container istio-proxy ready: true, restart count 0&#xA;Sep 19 07:24:49.720: INFO: &#x9;Container mixer ready: true, restart count 0&#xA;Sep 19 07:24:49.720: INFO: helm-repo-5649f57447-wwdn4 started at 2018-09-17 07:13:54 +0000 UTC (1+2 container statuses recorded)&#xA;Sep 19 07:24:49.720: INFO: &#x9;Init container helm-repo-init ready: true, restart count 0&#xA;Sep 19 07:24:49.720: INFO: &#x9;Container audit-service ready: true, restart count 0&#xA;Sep 19 07:24:49.720: INFO: &#x9;Container helm-repo ready: true, restart count 0&#xA;Sep 19 07:24:49.720: INFO: metering-reader-l7284 started at 2018-09-17 07:14:11 +0000 UTC (1+1 container statuses recorded)&#xA;Sep 19 07:24:49.720: INFO: &#x9;Init container metering-reader-init ready: true, restart count 0&#xA;Sep 19 07:24:49.720: INFO: &#x9;Container metering-reader ready: true, restart count 0&#xA;Sep 19 07:24:49.720: INFO: istio-statsd-prom-bridge-66cb69b666-p76m8 started at 2018-09-17 07:17:29 +0000 UTC (0+1 container statuses recorded)&#xA;Sep 19 07:24:49.720: INFO: &#x9;Container statsd-prom-bridge ready: true, restart count 0&#xA;Sep 19 07:24:49.720: INFO: servicegraph-85578d8fc6-m62z4 started at 2018-09-17 07:17:32 +0000 UTC (0+1 container statuses recorded)&#xA;Sep 19 07:24:49.720: INFO: &#x9;Container servicegraph ready: true, restart count 0&#xA;Sep 19 07:24:49.720: INFO: mgmt-repo-57dc689b74-tmp44 started at 2018-09-17 07:17:51 +0000 UTC (1+2 container statuses recorded)&#xA;Sep 19 07:24:49.720: INFO: &#x9;Init container mgmt-repo-init ready: true, restart count 0&#xA;Sep 19 07:24:49.720: INFO: &#x9;Container audit-service ready: true, restart count 0&#xA;Sep 19 07:24:49.720: INFO: &#x9;Container mgmt-repo ready: true, restart count 0&#xA;Sep 19 07:24:49.720: INFO: istio-egressgateway-54448bcdbd-lhh5c started at 2018-09-17 07:20:07 +0000 UTC (0+1 container statuses recorded)&#xA;Sep 19 07:24:49.720: INFO: &#x9;Container istio-egressgateway ready: true, restart count 0&#xA;Sep 19 07:24:49.720: INFO: istio-ingressgateway-7bc96d6585-4qnc5 started at 2018-09-17 07:24:14 +0000 UTC (0+1 container statuses recorded)&#xA;Sep 19 07:24:49.720: INFO: &#x9;Container istio-ingressgateway ready: true, restart count 0&#xA;Sep 19 07:24:49.720: INFO: auth-idp-kjpmx started at 2018-09-17 07:10:04 +0000 UTC (1+4 container statuses recorded)&#xA;Sep 19 07:24:49.720: INFO: &#x9;Init container init-mariadb ready: true, restart count 0&#xA;Sep 19 07:24:49.720: INFO: &#x9;Container icp-audit-service ready: true, restart count 0&#xA;Sep 19 07:24:49.720: INFO: &#x9;Container platform-auth-service ready: true, restart count 0&#xA;Sep 19 07:24:49.720: INFO: &#x9;Container platform-identity-manager ready: true, restart count 0&#xA;Sep 19 07:24:49.720: INFO: &#x9;Container platform-identity-provider ready: true, restart count 0&#xA;Sep 19 07:24:49.720: INFO: istio-telemetry-8b5964dc7-9q67f started at 2018-09-17 07:31:08 +0000 UTC (0+2 container statuses recorded)&#xA;Sep 19 07:24:49.720: INFO: &#x9;Container istio-proxy ready: true, restart count 0&#xA;Sep 19 07:24:49.720: INFO: &#x9;Container mixer ready: true, restart count 0&#xA;Sep 19 07:24:49.720: INFO: istio-telemetry-8b5964dc7-vjqbq started at 2018-09-17 07:27:36 +0000 UTC (0+2 container statuses recorded)&#xA;Sep 19 07:24:49.720: INFO: &#x9;Container istio-proxy ready: true, restart count 0&#xA;Sep 19 07:24:49.720: INFO: &#x9;Container mixer ready: true, restart count 0&#xA;Sep 19 07:24:49.763: INFO: &#xA;Latency metrics for node 10.46.6.173&#xA;STEP: Dumping a list of prepulled images on each node to file /tmp/results/image-puller.txt&#xA;Sep 19 07:24:49.778: INFO: Waiting up to 3m0s for all (but 0) nodes to be ready&#xA;STEP: Destroying namespace &#34;e2e-tests-statefulset-cs79r&#34; for this suite.&#xA;Sep 19 07:24:55.810: INFO: Waiting up to 30s for server preferred namespaced resources to be successfully discovered&#xA;Sep 19 07:24:55.949: INFO: namespace: e2e-tests-statefulset-cs79r, resource: bindings, ignored listing per whitelist&#xA;Sep 19 07:24:57.735: INFO: namespace e2e-tests-statefulset-cs79r deletion completed in 7.952139827s&#xA;</system-out>
      </testcase>
      <testcase name="[sig-storage] Volume plugin streaming [Slow] iSCSI [Feature:Volumes] should write files of various sizes, verify size, validate content" classname="Kubernetes e2e suite" time="0">
          <skipped></skipped>
      </testcase>
      <testcase name="[sig-storage] Subpath Atomic writer volumes should support subpaths with projected pod" classname="Kubernetes e2e suite" time="0">
          <skipped></skipped>
      </testcase>
      <testcase name="[k8s.io] Sysctls [NodeFeature:Sysctls] should reject invalid sysctls" classname="Kubernetes e2e suite" time="0">
          <skipped></skipped>
      </testcase>
      <testcase name="[sig-cli] Kubectl alpha client [k8s.io] Kubectl run CronJob should create a CronJob" classname="Kubernetes e2e suite" time="0">
          <skipped></skipped>
      </testcase>
      <testcase name="[sig-apps] stateful Upgrade [Feature:StatefulUpgrade] [k8s.io] stateful upgrade should maintain a functioning cluster" classname="Kubernetes e2e suite" time="0">
          <skipped></skipped>
      </testcase>
      <testcase name="[sig-apps] Deployment RollingUpdateDeployment should delete old pods and create new ones" classname="Kubernetes e2e suite" time="0">
          <skipped></skipped>
      </testcase>
      <testcase name="[sig-storage] PersistentVolumes-local  [Volume type: gce-localssd-scsi-fs] [Serial] One pod requesting one prebound PVC should be able to mount volume and write from pod1" classname="Kubernetes e2e suite" time="0">
          <skipped></skipped>
      </testcase>
      <testcase name="[sig-network] DNS configMap nameserver Change stubDomain should be able to change stubDomain configuration [Slow][Serial]" classname="Kubernetes e2e suite" time="0">
          <skipped></skipped>
      </testcase>
      <testcase name="[sig-storage] PersistentVolumes-local  [Volume type: dir] One pod requesting one prebound PVC should be able to mount volume and write from pod1" classname="Kubernetes e2e suite" time="0">
          <skipped></skipped>
      </testcase>
      <testcase name="[sig-storage] Subpath [Volume type: emptyDir] should fail if subpath file is outside the volume [Slow]" classname="Kubernetes e2e suite" time="0">
          <skipped></skipped>
      </testcase>
      <testcase name="[sig-apps] DisruptionController evictions: too few pods, replicaSet, percentage =&gt; should not allow an eviction" classname="Kubernetes e2e suite" time="0">
          <skipped></skipped>
      </testcase>
      <testcase name="[sig-storage] PersistentVolumes-local  [Volume type: dir-link] Two pods mounting a local volume at the same time should be able to write from pod1 and read from pod2" classname="Kubernetes e2e suite" time="0">
          <skipped></skipped>
      </testcase>
      <testcase name="[sig-storage] Downward API volume should provide podname only [NodeConformance] [Conformance]" classname="Kubernetes e2e suite" time="14.536821642"></testcase>
      <testcase name="[sig-network] Networking Granular Checks: Services [Slow] should function for endpoint-Service: http" classname="Kubernetes e2e suite" time="0">
          <skipped></skipped>
      </testcase>
      <testcase name="[sig-api-machinery] AdmissionWebhook Should not be able to prevent deleting validating-webhook-configurations or mutating-webhook-configurations" classname="Kubernetes e2e suite" time="0">
          <skipped></skipped>
      </testcase>
      <testcase name="[sig-cluster-lifecycle] Reboot [Disruptive] [Feature:Reboot] each node by dropping all outbound packets for a while and ensure they function afterwards" classname="Kubernetes e2e suite" time="0">
          <skipped></skipped>
      </testcase>
      <testcase name="[sig-storage] Subpath [Volume type: hostPath] should support non-existent path" classname="Kubernetes e2e suite" time="0">
          <skipped></skipped>
      </testcase>
      <testcase name="[sig-ui] Kubernetes Dashboard should check that the kubernetes-dashboard instance is alive" classname="Kubernetes e2e suite" time="0">
          <skipped></skipped>
      </testcase>
      <testcase name="[sig-api-machinery] Downward API should provide container&#39;s limits.cpu/memory and requests.cpu/memory as env vars [NodeConformance] [Conformance]" classname="Kubernetes e2e suite" time="16.519070241"></testcase>
      <testcase name="[sig-auth] [Feature:NodeAuthorizer] Getting an existing configmap should exit with the Forbidden error" classname="Kubernetes e2e suite" time="0">
          <skipped></skipped>
      </testcase>
      <testcase name="[sig-autoscaling] Cluster size autoscaling [Slow] Should scale down GPU pool from 1 [GpuType:nvidia-tesla-p100] [Feature:ClusterSizeAutoscalingGpu]" classname="Kubernetes e2e suite" time="0">
          <skipped></skipped>
      </testcase>
      <testcase name="[sig-apps] StatefulSet [k8s.io] Deploy clustered applications [Feature:StatefulSet] [Slow] should creating a working redis cluster" classname="Kubernetes e2e suite" time="0">
          <skipped></skipped>
      </testcase>
      <testcase name="[sig-storage] Projected should set DefaultMode on files [NodeConformance] [Conformance]" classname="Kubernetes e2e suite" time="14.614911769999999"></testcase>
      <testcase name="[sig-scalability] Load capacity [Feature:ManualPerformance] should be able to handle 30 pods per node { ReplicationController} with 0 secrets, 0 configmaps and 0 daemons with quotas" classname="Kubernetes e2e suite" time="0">
          <skipped></skipped>
      </testcase>
      <testcase name="[sig-scalability] Density [Feature:ManualPerformance] should allow starting 30 pods per node using { ReplicationController} with 0 secrets, 0 configmaps and 2 daemons" classname="Kubernetes e2e suite" time="0">
          <skipped></skipped>
      </testcase>
      <testcase name="[k8s.io] [sig-node] PreStop should call prestop when killing a pod  [Conformance]" classname="Kubernetes e2e suite" time="59.554211904"></testcase>
      <testcase name="[sig-storage] Subpath [Volume type: emptyDir] should support non-existent path" classname="Kubernetes e2e suite" time="0">
          <skipped></skipped>
      </testcase>
      <testcase name="[sig-autoscaling] DNS horizontal autoscaling [Serial] [Slow] kube-dns-autoscaler should scale kube-dns pods when cluster size changed" classname="Kubernetes e2e suite" time="0">
          <skipped></skipped>
      </testcase>
      <testcase name="[sig-scalability] Density [Feature:Performance] should allow starting 30 pods per node using { ReplicationController} with 0 secrets, 0 configmaps and 0 daemons" classname="Kubernetes e2e suite" time="0">
          <skipped></skipped>
      </testcase>
      <testcase name="[sig-storage] EmptyDir volumes should support (non-root,0666,default) [NodeConformance] [Conformance]" classname="Kubernetes e2e suite" time="14.600520377"></testcase>
      <testcase name="[sig-apps] CronJob should not schedule jobs when suspended [Slow]" classname="Kubernetes e2e suite" time="0">
          <skipped></skipped>
      </testcase>
      <testcase name="[sig-autoscaling] Cluster size autoscaling [Slow] Should scale up GPU pool from 0 [GpuType:nvidia-tesla-p100] [Feature:ClusterSizeAutoscalingGpu]" classname="Kubernetes e2e suite" time="0">
          <skipped></skipped>
      </testcase>
      <testcase name="[sig-storage] Volume Disk Format [Feature:vsphere] verify disk format type - thin is honored for dynamically provisioned pv using storageclass" classname="Kubernetes e2e suite" time="0">
          <skipped></skipped>
      </testcase>
      <testcase name="[sig-storage] PersistentVolumes-local  [Volume type: dir-bindmounted] Two pods mounting a local volume at the same time should be able to write from pod1 and read from pod2" classname="Kubernetes e2e suite" time="0">
          <skipped></skipped>
      </testcase>
      <testcase name="[sig-instrumentation] MetricsGrabber should grab all metrics from a ControllerManager." classname="Kubernetes e2e suite" time="0">
          <skipped></skipped>
      </testcase>
      <testcase name="[sig-storage] Storage Policy Based Volume Provisioning [Feature:vsphere] verify VSAN storage capability with non-vsan datastore is not honored for dynamically provisioned pvc using storageclass" classname="Kubernetes e2e suite" time="0">
          <skipped></skipped>
      </testcase>
      <testcase name="[sig-storage] Flexvolumes [Disruptive] should be mountable when non-attachable" classname="Kubernetes e2e suite" time="0">
          <skipped></skipped>
      </testcase>
      <testcase name="[sig-storage] PersistentVolumes-local  [Volume type: tmpfs] Set fsGroup for local volume should set same fsGroup for two pods simultaneously" classname="Kubernetes e2e suite" time="0">
          <skipped></skipped>
      </testcase>
      <testcase name="[sig-storage] Subpath [Volume type: nfs] should support existing directory" classname="Kubernetes e2e suite" time="0">
          <skipped></skipped>
      </testcase>
      <testcase name="[sig-storage] Volume Attach Verify [Feature:vsphere][Serial][Disruptive] verify volume remains attached after master kubelet restart" classname="Kubernetes e2e suite" time="0">
          <skipped></skipped>
      </testcase>
      <testcase name="[sig-network] Loadbalancing: L7 GCE [Slow] [Feature:NEG] should be able to create a ClusterIP service [Unreleased]" classname="Kubernetes e2e suite" time="0">
          <skipped></skipped>
      </testcase>
      <testcase name="[sig-auth] [Feature:NodeAuthorizer] A node shouldn&#39;t be able to delete another node" classname="Kubernetes e2e suite" time="0">
          <skipped></skipped>
      </testcase>
      <testcase name="[k8s.io] [sig-node] Kubelet [Serial] [Slow] [k8s.io] [sig-node] regular resource usage tracking resource tracking for 100 pods per node" classname="Kubernetes e2e suite" time="0">
          <skipped></skipped>
      </testcase>
      <testcase name="[sig-api-machinery] Downward API should provide pod name, namespace and IP address as env vars [NodeConformance] [Conformance]" classname="Kubernetes e2e suite" time="16.60873626"></testcase>
      <testcase name="[sig-storage] Subpath [Volume type: hostPath] should support restarting containers using directory as subpath [Slow]" classname="Kubernetes e2e suite" time="0">
          <skipped></skipped>
      </testcase>
      <testcase name="[sig-storage] EmptyDir volumes when FSGroup is specified [NodeFeature:FSGroup] volume on tmpfs should have the correct mode using FSGroup" classname="Kubernetes e2e suite" time="0">
          <skipped></skipped>
      </testcase>
      <testcase name="[sig-scalability] Load capacity [Feature:ManualPerformance] should be able to handle 30 pods per node {extensions Deployment} with 2 secrets, 0 configmaps and 0 daemons" classname="Kubernetes e2e suite" time="0">
          <skipped></skipped>
      </testcase>
      <testcase name="[sig-autoscaling] Cluster size autoscaling [Slow] Should not scale GPU pool up if pod does not require GPUs [GpuType:nvidia-tesla-p100] [Feature:ClusterSizeAutoscalingGpu]" classname="Kubernetes e2e suite" time="0">
          <skipped></skipped>
      </testcase>
      <testcase name="[sig-network] Networking should provide Internet connection for containers [Feature:Networking-IPv4]" classname="Kubernetes e2e suite" time="0">
          <skipped></skipped>
      </testcase>
      <testcase name="[sig-storage] EmptyDir volumes should support (root,0777,tmpfs) [NodeConformance] [Conformance]" classname="Kubernetes e2e suite" time="14.399398605"></testcase>
      <testcase name="[sig-network] NetworkPolicy NetworkPolicy between server and client should support allow-all policy [Feature:NetworkPolicy]" classname="Kubernetes e2e suite" time="0">
          <skipped></skipped>
      </testcase>
      <testcase name="[sig-storage] GCP Volumes GlusterFS should be mountable" classname="Kubernetes e2e suite" time="0">
          <skipped></skipped>
      </testcase>
      <testcase name="[k8s.io] [sig-node] Pod garbage collector [Feature:PodGarbageCollector] [Slow] should handle the creation of 1000 pods" classname="Kubernetes e2e suite" time="0">
          <skipped></skipped>
      </testcase>
      <testcase name="[sig-storage] Subpath [Volume type: gcePDPartitioned] should support existing single file" classname="Kubernetes e2e suite" time="0">
          <skipped></skipped>
      </testcase>
      <testcase name="[sig-apps] DisruptionController evictions: too few pods, absolute =&gt; should not allow an eviction" classname="Kubernetes e2e suite" time="0">
          <skipped></skipped>
      </testcase>
      <testcase name="[sig-storage] GenericPersistentVolume[Disruptive] When kubelet restarts Should test that a volume mounted to a pod that is deleted while the kubelet is down unmounts when the kubelet returns." classname="Kubernetes e2e suite" time="0">
          <skipped></skipped>
      </testcase>
      <testcase name="[sig-scheduling] LimitRange should create a LimitRange with defaults and ensure pod has those defaults applied." classname="Kubernetes e2e suite" time="0">
          <skipped></skipped>
      </testcase>
      <testcase name="[sig-api-machinery] Garbage collector should keep the rc around until all its pods are deleted if the deleteOptions says so [Conformance]" classname="Kubernetes e2e suite" time="8.842753986">
          <failure type="Failure">/workspace/anago-v1.11.2-beta.0.50+bb9ffb1654d4a7/src/k8s.io/kubernetes/_output/dockerized/go/src/k8s.io/kubernetes/test/e2e/framework/framework.go:684&#xA;Sep 19 07:27:28.932: Failed to create replication controller: Internal error occurred: admission webhook &#34;trust.hooks.securityenforcement.admission.cloud.ibm.com&#34; denied the request: &#xA;Deny &#34;k8s.gcr.io/nginx-slim-amd64:0.20&#34;, no matching repositories in ClusterImagePolicy and no ImagePolicies in the &#34;e2e-tests-gc-wvln5&#34; namespace&#xA;/workspace/anago-v1.11.2-beta.0.50+bb9ffb1654d4a7/src/k8s.io/kubernetes/_output/dockerized/go/src/k8s.io/kubernetes/test/e2e/apimachinery/garbage_collector.go:658</failure>
          <system-out>[BeforeEach] [sig-api-machinery] Garbage collector&#xA;  /workspace/anago-v1.11.2-beta.0.50+bb9ffb1654d4a7/src/k8s.io/kubernetes/_output/dockerized/go/src/k8s.io/kubernetes/test/e2e/framework/framework.go:141&#xA;STEP: Creating a kubernetes client&#xA;Sep 19 07:27:28.571: INFO: &gt;&gt;&gt; kubeConfig: /tmp/kubeconfig-172917420&#xA;STEP: Building a namespace api object&#xA;STEP: Binding the e2e-test-privileged-psp PodSecurityPolicy to the default service account in e2e-tests-gc-wvln5&#xA;STEP: Waiting for a default service account to be provisioned in namespace&#xA;[It] should keep the rc around until all its pods are deleted if the deleteOptions says so [Conformance]&#xA;  /workspace/anago-v1.11.2-beta.0.50+bb9ffb1654d4a7/src/k8s.io/kubernetes/_output/dockerized/go/src/k8s.io/kubernetes/test/e2e/framework/framework.go:684&#xA;STEP: create the rc&#xA;Sep 19 07:27:28.932: INFO: Failed to create replication controller: Internal error occurred: admission webhook &#34;trust.hooks.securityenforcement.admission.cloud.ibm.com&#34; denied the request: &#xA;Deny &#34;k8s.gcr.io/nginx-slim-amd64:0.20&#34;, no matching repositories in ClusterImagePolicy and no ImagePolicies in the &#34;e2e-tests-gc-wvln5&#34; namespace&#xA;[AfterEach] [sig-api-machinery] Garbage collector&#xA;  /workspace/anago-v1.11.2-beta.0.50+bb9ffb1654d4a7/src/k8s.io/kubernetes/_output/dockerized/go/src/k8s.io/kubernetes/test/e2e/framework/framework.go:142&#xA;STEP: Collecting events from namespace &#34;e2e-tests-gc-wvln5&#34;.&#xA;STEP: Found 0 events.&#xA;Sep 19 07:27:28.978: INFO: POD                                                              NODE         PHASE      GRACE  CONDITIONS&#xA;Sep 19 07:27:28.978: INFO: ibm-cert-manager-cert-manager-74687f689b-7994r                   10.46.6.173  Running           [{Initialized True 0001-01-01 00:00:00 +0000 UTC 2018-09-17 07:07:12 +0000 UTC  } {Ready True 0001-01-01 00:00:00 +0000 UTC 2018-09-17 07:07:37 +0000 UTC  } {ContainersReady True 0001-01-01 00:00:00 +0000 UTC 0001-01-01 00:00:00 +0000 UTC  } {PodScheduled True 0001-01-01 00:00:00 +0000 UTC 2018-09-17 07:07:12 +0000 UTC  }]&#xA;Sep 19 07:27:28.978: INFO: sonobuoy                                                         10.46.6.170  Running           [{Initialized True 0001-01-01 00:00:00 +0000 UTC 2018-09-19 07:22:02 +0000 UTC  } {Ready True 0001-01-01 00:00:00 +0000 UTC 2018-09-19 07:22:08 +0000 UTC  } {ContainersReady True 0001-01-01 00:00:00 +0000 UTC 0001-01-01 00:00:00 +0000 UTC  } {PodScheduled True 0001-01-01 00:00:00 +0000 UTC 2018-09-19 07:22:02 +0000 UTC  }]&#xA;Sep 19 07:27:28.978: INFO: sonobuoy-e2e-job-c3f9b53ea97c48a2                                10.46.6.170  Running           [{Initialized True 0001-01-01 00:00:00 +0000 UTC 2018-09-19 07:22:08 +0000 UTC  } {Ready True 0001-01-01 00:00:00 +0000 UTC 2018-09-19 07:22:25 +0000 UTC  } {ContainersReady True 0001-01-01 00:00:00 +0000 UTC 0001-01-01 00:00:00 +0000 UTC  } {PodScheduled True 0001-01-01 00:00:00 +0000 UTC 2018-09-19 07:22:08 +0000 UTC  }]&#xA;Sep 19 07:27:28.979: INFO: grafana-77676f44f7-c9wr6                                         10.46.6.173  Running           [{Initialized True 0001-01-01 00:00:00 +0000 UTC 2018-09-17 07:17:28 +0000 UTC  } {Ready True 0001-01-01 00:00:00 +0000 UTC 2018-09-17 07:20:34 +0000 UTC  } {ContainersReady True 0001-01-01 00:00:00 +0000 UTC 0001-01-01 00:00:00 +0000 UTC  } {PodScheduled True 0001-01-01 00:00:00 +0000 UTC 2018-09-17 07:17:27 +0000 UTC  }]&#xA;Sep 19 07:27:28.979: INFO: istio-citadel-77694dc965-mwqkp                                   10.46.6.173  Running           [{Initialized True 0001-01-01 00:00:00 +0000 UTC 2018-09-17 07:17:31 +0000 UTC  } {Ready True 0001-01-01 00:00:00 +0000 UTC 2018-09-17 07:18:30 +0000 UTC  } {ContainersReady True 0001-01-01 00:00:00 +0000 UTC 0001-01-01 00:00:00 +0000 UTC  } {PodScheduled True 0001-01-01 00:00:00 +0000 UTC 2018-09-17 07:17:28 +0000 UTC  }]&#xA;Sep 19 07:27:28.979: INFO: istio-egressgateway-54448bcdbd-cqlhf                             10.46.6.173  Running           [{Initialized True 0001-01-01 00:00:00 +0000 UTC 2018-09-17 07:24:11 +0000 UTC  } {Ready True 0001-01-01 00:00:00 +0000 UTC 2018-09-17 07:25:19 +0000 UTC  } {ContainersReady True 0001-01-01 00:00:00 +0000 UTC 0001-01-01 00:00:00 +0000 UTC  } {PodScheduled True 0001-01-01 00:00:00 +0000 UTC 2018-09-17 07:24:10 +0000 UTC  }]&#xA;Sep 19 07:27:28.979: INFO: istio-egressgateway-54448bcdbd-f4v6v                             10.46.6.173  Running           [{Initialized True 0001-01-01 00:00:00 +0000 UTC 2018-09-17 07:17:29 +0000 UTC  } {Ready True 0001-01-01 00:00:00 +0000 UTC 2018-09-17 07:18:31 +0000 UTC  } {ContainersReady True 0001-01-01 00:00:00 +0000 UTC 0001-01-01 00:00:00 +0000 UTC  } {PodScheduled True 0001-01-01 00:00:00 +0000 UTC 2018-09-17 07:17:27 +0000 UTC  }]&#xA;Sep 19 07:27:28.979: INFO: istio-egressgateway-54448bcdbd-lhh5c                             10.46.6.173  Running           [{Initialized True 0001-01-01 00:00:00 +0000 UTC 2018-09-17 07:20:07 +0000 UTC  } {Ready True 0001-01-01 00:00:00 +0000 UTC 2018-09-17 07:21:11 +0000 UTC  } {ContainersReady True 0001-01-01 00:00:00 +0000 UTC 0001-01-01 00:00:00 +0000 UTC  } {PodScheduled True 0001-01-01 00:00:00 +0000 UTC 2018-09-17 07:20:06 +0000 UTC  }]&#xA;Sep 19 07:27:28.979: INFO: istio-egressgateway-54448bcdbd-pjbtc                             10.46.6.173  Running           [{Initialized True 0001-01-01 00:00:00 +0000 UTC 2018-09-17 07:28:34 +0000 UTC  } {Ready True 0001-01-01 00:00:00 +0000 UTC 2018-09-17 07:29:40 +0000 UTC  } {ContainersReady True 0001-01-01 00:00:00 +0000 UTC 0001-01-01 00:00:00 +0000 UTC  } {PodScheduled True 0001-01-01 00:00:00 +0000 UTC 2018-09-17 07:28:34 +0000 UTC  }]&#xA;Sep 19 07:27:28.979: INFO: istio-egressgateway-54448bcdbd-xmkbc                             10.46.6.173  Running           [{Initialized True 0001-01-01 00:00:00 +0000 UTC 2018-09-17 07:24:11 +0000 UTC  } {Ready True 0001-01-01 00:00:00 +0000 UTC 2018-09-17 07:25:10 +0000 UTC  } {ContainersReady True 0001-01-01 00:00:00 +0000 UTC 0001-01-01 00:00:00 +0000 UTC  } {PodScheduled True 0001-01-01 00:00:00 +0000 UTC 2018-09-17 07:24:10 +0000 UTC  }]&#xA;Sep 19 07:27:28.979: INFO: istio-galley-687cd96db-hlpng                                     10.46.6.173  Running           [{Initialized True 0001-01-01 00:00:00 +0000 UTC 2018-09-17 07:17:28 +0000 UTC  } {Ready True 0001-01-01 00:00:00 +0000 UTC 2018-09-17 07:18:35 +0000 UTC  } {ContainersReady True 0001-01-01 00:00:00 +0000 UTC 0001-01-01 00:00:00 +0000 UTC  } {PodScheduled True 0001-01-01 00:00:00 +0000 UTC 2018-09-17 07:17:27 +0000 UTC  }]&#xA;Sep 19 07:27:28.979: INFO: istio-ingressgateway-7bc96d6585-4qnc5                            10.46.6.173  Running           [{Initialized True 0001-01-01 00:00:00 +0000 UTC 2018-09-17 07:24:14 +0000 UTC  } {Ready True 0001-01-01 00:00:00 +0000 UTC 2018-09-17 07:25:22 +0000 UTC  } {ContainersReady True 0001-01-01 00:00:00 +0000 UTC 0001-01-01 00:00:00 +0000 UTC  } {PodScheduled True 0001-01-01 00:00:00 +0000 UTC 2018-09-17 07:24:13 +0000 UTC  }]&#xA;Sep 19 07:27:28.979: INFO: istio-ingressgateway-7bc96d6585-c58zx                            10.46.6.173  Running           [{Initialized True 0001-01-01 00:00:00 +0000 UTC 2018-09-17 07:24:15 +0000 UTC  } {Ready True 0001-01-01 00:00:00 +0000 UTC 2018-09-17 07:25:19 +0000 UTC  } {ContainersReady True 0001-01-01 00:00:00 +0000 UTC 0001-01-01 00:00:00 +0000 UTC  } {PodScheduled True 0001-01-01 00:00:00 +0000 UTC 2018-09-17 07:24:14 +0000 UTC  }]&#xA;Sep 19 07:27:28.979: INFO: istio-ingressgateway-7bc96d6585-m567m                            10.46.6.173  Running           [{Initialized True 0001-01-01 00:00:00 +0000 UTC 2018-09-17 07:20:41 +0000 UTC  } {Ready True 0001-01-01 00:00:00 +0000 UTC 2018-09-17 07:21:43 +0000 UTC  } {ContainersReady True 0001-01-01 00:00:00 +0000 UTC 0001-01-01 00:00:00 +0000 UTC  } {PodScheduled True 0001-01-01 00:00:00 +0000 UTC 2018-09-17 07:20:41 +0000 UTC  }]&#xA;Sep 19 07:27:28.979: INFO: istio-ingressgateway-7bc96d6585-r98nr                            10.46.6.173  Running           [{Initialized True 0001-01-01 00:00:00 +0000 UTC 2018-09-17 07:28:10 +0000 UTC  } {Ready True 0001-01-01 00:00:00 +0000 UTC 2018-09-17 07:29:11 +0000 UTC  } {ContainersReady True 0001-01-01 00:00:00 +0000 UTC 0001-01-01 00:00:00 +0000 UTC  } {PodScheduled True 0001-01-01 00:00:00 +0000 UTC 2018-09-17 07:28:09 +0000 UTC  }]&#xA;Sep 19 07:27:28.979: INFO: istio-ingressgateway-7bc96d6585-smf45                            10.46.6.173  Running           [{Initialized True 0001-01-01 00:00:00 +0000 UTC 2018-09-17 07:17:28 +0000 UTC  } {Ready True 0001-01-01 00:00:00 +0000 UTC 2018-09-17 07:18:37 +0000 UTC  } {ContainersReady True 0001-01-01 00:00:00 +0000 UTC 0001-01-01 00:00:00 +0000 UTC  } {PodScheduled True 0001-01-01 00:00:00 +0000 UTC 2018-09-17 07:17:27 +0000 UTC  }]&#xA;Sep 19 07:27:28.979: INFO: istio-pilot-6cf9ccf474-kkb6j                                     10.46.6.173  Running           [{Initialized True 0001-01-01 00:00:00 +0000 UTC 2018-09-17 07:17:31 +0000 UTC  } {Ready True 0001-01-01 00:00:00 +0000 UTC 2018-09-17 07:19:28 +0000 UTC  } {ContainersReady True 0001-01-01 00:00:00 +0000 UTC 0001-01-01 00:00:00 +0000 UTC  } {PodScheduled True 0001-01-01 00:00:00 +0000 UTC 2018-09-17 07:17:27 +0000 UTC  }]&#xA;Sep 19 07:27:28.979: INFO: istio-policy-5b64d7fd64-5l2m9                                    10.46.6.173  Running           [{Initialized True 0001-01-01 00:00:00 +0000 UTC 2018-09-17 07:31:07 +0000 UTC  } {Ready True 0001-01-01 00:00:00 +0000 UTC 2018-09-17 07:31:51 +0000 UTC  } {ContainersReady True 0001-01-01 00:00:00 +0000 UTC 0001-01-01 00:00:00 +0000 UTC  } {PodScheduled True 0001-01-01 00:00:00 +0000 UTC 2018-09-17 07:31:06 +0000 UTC  }]&#xA;Sep 19 07:27:28.979: INFO: istio-policy-5b64d7fd64-fb4bc                                    10.46.6.173  Running           [{Initialized True 0001-01-01 00:00:00 +0000 UTC 2018-09-17 07:27:37 +0000 UTC  } {Ready True 0001-01-01 00:00:00 +0000 UTC 2018-09-17 07:28:39 +0000 UTC  } {ContainersReady True 0001-01-01 00:00:00 +0000 UTC 0001-01-01 00:00:00 +0000 UTC  } {PodScheduled True 0001-01-01 00:00:00 +0000 UTC 2018-09-17 07:27:36 +0000 UTC  }]&#xA;Sep 19 07:27:28.979: INFO: istio-policy-5b64d7fd64-jrlzt                                    10.46.6.173  Running           [{Initialized True 0001-01-01 00:00:00 +0000 UTC 2018-09-17 07:23:11 +0000 UTC  } {Ready True 0001-01-01 00:00:00 +0000 UTC 2018-09-17 07:24:08 +0000 UTC  } {ContainersReady True 0001-01-01 00:00:00 +0000 UTC 0001-01-01 00:00:00 +0000 UTC  } {PodScheduled True 0001-01-01 00:00:00 +0000 UTC 2018-09-17 07:23:10 +0000 UTC  }]&#xA;Sep 19 07:27:28.979: INFO: istio-policy-5b64d7fd64-pt9z2                                    10.46.6.173  Running           [{Initialized True 0001-01-01 00:00:00 +0000 UTC 2018-09-17 07:17:30 +0000 UTC  } {Ready True 0001-01-01 00:00:00 +0000 UTC 2018-09-17 07:19:02 +0000 UTC  } {ContainersReady True 0001-01-01 00:00:00 +0000 UTC 0001-01-01 00:00:00 +0000 UTC  } {PodScheduled True 0001-01-01 00:00:00 +0000 UTC 2018-09-17 07:17:27 +0000 UTC  }]&#xA;Sep 19 07:27:28.979: INFO: istio-policy-5b64d7fd64-z68j4                                    10.46.6.173  Running           [{Initialized True 0001-01-01 00:00:00 +0000 UTC 2018-09-17 07:19:38 +0000 UTC  } {Ready True 0001-01-01 00:00:00 +0000 UTC 2018-09-17 07:20:44 +0000 UTC  } {ContainersReady True 0001-01-01 00:00:00 +0000 UTC 0001-01-01 00:00:00 +0000 UTC  } {PodScheduled True 0001-01-01 00:00:00 +0000 UTC 2018-09-17 07:19:37 +0000 UTC  }]&#xA;Sep 19 07:27:28.979: INFO: istio-sidecar-injector-86d554f5f7-d57zk                          10.46.6.173  Running           [{Initialized True 0001-01-01 00:00:00 +0000 UTC 2018-09-17 07:17:32 +0000 UTC  } {Ready True 0001-01-01 00:00:00 +0000 UTC 2018-09-17 07:18:41 +0000 UTC  } {ContainersReady True 0001-01-01 00:00:00 +0000 UTC 0001-01-01 00:00:00 +0000 UTC  } {PodScheduled True 0001-01-01 00:00:00 +0000 UTC 2018-09-17 07:17:29 +0000 UTC  }]&#xA;Sep 19 07:27:28.979: INFO: istio-statsd-prom-bridge-66cb69b666-p76m8                        10.46.6.173  Running           [{Initialized True 0001-01-01 00:00:00 +0000 UTC 2018-09-17 07:17:29 +0000 UTC  } {Ready True 0001-01-01 00:00:00 +0000 UTC 2018-09-17 07:18:32 +0000 UTC  } {ContainersReady True 0001-01-01 00:00:00 +0000 UTC 0001-01-01 00:00:00 +0000 UTC  } {PodScheduled True 0001-01-01 00:00:00 +0000 UTC 2018-09-17 07:17:27 +0000 UTC  }]&#xA;Sep 19 07:27:28.979: INFO: istio-telemetry-8b5964dc7-9q67f                                  10.46.6.173  Running           [{Initialized True 0001-01-01 00:00:00 +0000 UTC 2018-09-17 07:31:08 +0000 UTC  } {Ready True 0001-01-01 00:00:00 +0000 UTC 2018-09-17 07:32:00 +0000 UTC  } {ContainersReady True 0001-01-01 00:00:00 +0000 UTC 0001-01-01 00:00:00 +0000 UTC  } {PodScheduled True 0001-01-01 00:00:00 +0000 UTC 2018-09-17 07:31:07 +0000 UTC  }]&#xA;Sep 19 07:27:28.979: INFO: istio-telemetry-8b5964dc7-hcf6d                                  10.46.6.173  Running           [{Initialized True 0001-01-01 00:00:00 +0000 UTC 2018-09-17 07:17:29 +0000 UTC  } {Ready True 0001-01-01 00:00:00 +0000 UTC 2018-09-17 07:18:56 +0000 UTC  } {ContainersReady True 0001-01-01 00:00:00 +0000 UTC 0001-01-01 00:00:00 +0000 UTC  } {PodScheduled True 0001-01-01 00:00:00 +0000 UTC 2018-09-17 07:17:27 +0000 UTC  }]&#xA;Sep 19 07:27:28.979: INFO: istio-telemetry-8b5964dc7-nw9kk                                  10.46.6.173  Running           [{Initialized True 0001-01-01 00:00:00 +0000 UTC 2018-09-17 07:23:11 +0000 UTC  } {Ready True 0001-01-01 00:00:00 +0000 UTC 2018-09-17 07:24:19 +0000 UTC  } {ContainersReady True 0001-01-01 00:00:00 +0000 UTC 0001-01-01 00:00:00 +0000 UTC  } {PodScheduled True 0001-01-01 00:00:00 +0000 UTC 2018-09-17 07:23:10 +0000 UTC  }]&#xA;Sep 19 07:27:28.979: INFO: istio-telemetry-8b5964dc7-rfswc                                  10.46.6.173  Running           [{Initialized True 0001-01-01 00:00:00 +0000 UTC 2018-09-17 07:19:39 +0000 UTC  } {Ready True 0001-01-01 00:00:00 +0000 UTC 2018-09-17 07:20:38 +0000 UTC  } {ContainersReady True 0001-01-01 00:00:00 +0000 UTC 0001-01-01 00:00:00 +0000 UTC  } {PodScheduled True 0001-01-01 00:00:00 +0000 UTC 2018-09-17 07:19:38 +0000 UTC  }]&#xA;Sep 19 07:27:28.979: INFO: istio-telemetry-8b5964dc7-vjqbq                                  10.46.6.173  Running           [{Initialized True 0001-01-01 00:00:00 +0000 UTC 2018-09-17 07:27:36 +0000 UTC  } {Ready True 0001-01-01 00:00:00 +0000 UTC 2018-09-17 07:28:21 +0000 UTC  } {ContainersReady True 0001-01-01 00:00:00 +0000 UTC 0001-01-01 00:00:00 +0000 UTC  } {PodScheduled True 0001-01-01 00:00:00 +0000 UTC 2018-09-17 07:27:36 +0000 UTC  }]&#xA;Sep 19 07:27:28.979: INFO: istio-tracing-77ccfc8844-79ngl                                   10.46.6.173  Running           [{Initialized True 0001-01-01 00:00:00 +0000 UTC 2018-09-17 07:17:32 +0000 UTC  } {Ready True 0001-01-01 00:00:00 +0000 UTC 2018-09-17 07:18:08 +0000 UTC  } {ContainersReady True 0001-01-01 00:00:00 +0000 UTC 0001-01-01 00:00:00 +0000 UTC  } {PodScheduled True 0001-01-01 00:00:00 +0000 UTC 2018-09-17 07:17:29 +0000 UTC  }]&#xA;Sep 19 07:27:28.979: INFO: kiali-7f8c59df94-25qmq                                           10.46.6.173  Running           [{Initialized True 0001-01-01 00:00:00 +0000 UTC 2018-09-17 07:17:27 +0000 UTC  } {Ready True 0001-01-01 00:00:00 +0000 UTC 2018-09-17 07:17:56 +0000 UTC  } {ContainersReady True 0001-01-01 00:00:00 +0000 UTC 0001-01-01 00:00:00 +0000 UTC  } {PodScheduled True 0001-01-01 00:00:00 +0000 UTC 2018-09-17 07:17:27 +0000 UTC  }]&#xA;Sep 19 07:27:28.979: INFO: prometheus-6f98d89664-wh7pb                                      10.46.6.173  Running           [{Initialized True 0001-01-01 00:00:00 +0000 UTC 2018-09-17 07:17:31 +0000 UTC  } {Ready True 0001-01-01 00:00:00 +0000 UTC 2018-09-17 07:17:57 +0000 UTC  } {ContainersReady True 0001-01-01 00:00:00 +0000 UTC 0001-01-01 00:00:00 +0000 UTC  } {PodScheduled True 0001-01-01 00:00:00 +0000 UTC 2018-09-17 07:17:28 +0000 UTC  }]&#xA;Sep 19 07:27:28.979: INFO: servicegraph-85578d8fc6-m62z4                                    10.46.6.173  Running           [{Initialized True 0001-01-01 00:00:00 +0000 UTC 2018-09-17 07:17:32 +0000 UTC  } {Ready True 0001-01-01 00:00:00 +0000 UTC 2018-09-17 07:18:22 +0000 UTC  } {ContainersReady True 0001-01-01 00:00:00 +0000 UTC 0001-01-01 00:00:00 +0000 UTC  } {PodScheduled True 0001-01-01 00:00:00 +0000 UTC 2018-09-17 07:17:28 +0000 UTC  }]&#xA;Sep 19 07:27:28.979: INFO: audit-logging-fluentd-ds-4cgnk                                   10.46.6.170  Running           [{Initialized True 0001-01-01 00:00:00 +0000 UTC 2018-09-17 07:18:46 +0000 UTC  } {Ready True 0001-01-01 00:00:00 +0000 UTC 2018-09-17 07:18:50 +0000 UTC  } {ContainersReady True 0001-01-01 00:00:00 +0000 UTC 0001-01-01 00:00:00 +0000 UTC  } {PodScheduled True 0001-01-01 00:00:00 +0000 UTC 2018-09-17 07:18:46 +0000 UTC  }]&#xA;Sep 19 07:27:28.979: INFO: audit-logging-fluentd-ds-8bh4t                                   10.46.6.172  Running           [{Initialized True 0001-01-01 00:00:00 +0000 UTC 2018-09-17 07:18:46 +0000 UTC  } {Ready True 0001-01-01 00:00:00 +0000 UTC 2018-09-17 07:18:56 +0000 UTC  } {ContainersReady True 0001-01-01 00:00:00 +0000 UTC 0001-01-01 00:00:00 +0000 UTC  } {PodScheduled True 0001-01-01 00:00:00 +0000 UTC 2018-09-17 07:18:46 +0000 UTC  }]&#xA;Sep 19 07:27:28.979: INFO: audit-logging-fluentd-ds-bc22k                                   10.46.6.171  Running           [{Initialized True 0001-01-01 00:00:00 +0000 UTC 2018-09-17 07:18:46 +0000 UTC  } {Ready True 0001-01-01 00:00:00 +0000 UTC 2018-09-17 07:18:56 +0000 UTC  } {ContainersReady True 0001-01-01 00:00:00 +0000 UTC 0001-01-01 00:00:00 +0000 UTC  } {PodScheduled True 0001-01-01 00:00:00 +0000 UTC 2018-09-17 07:18:46 +0000 UTC  }]&#xA;Sep 19 07:27:28.979: INFO: audit-logging-fluentd-ds-dhcg6                                   10.46.6.173  Running           [{Initialized True 0001-01-01 00:00:00 +0000 UTC 2018-09-17 07:18:46 +0000 UTC  } {Ready True 0001-01-01 00:00:00 +0000 UTC 2018-09-17 07:19:00 +0000 UTC  } {ContainersReady True 0001-01-01 00:00:00 +0000 UTC 0001-01-01 00:00:00 +0000 UTC  } {PodScheduled True 0001-01-01 00:00:00 +0000 UTC 2018-09-17 07:18:46 +0000 UTC  }]&#xA;Sep 19 07:27:28.979: INFO: auth-apikeys-x45mz                                               10.46.6.173  Running           [{Initialized True 0001-01-01 00:00:00 +0000 UTC 2018-09-17 07:10:12 +0000 UTC  } {Ready True 0001-01-01 00:00:00 +0000 UTC 2018-09-17 07:11:25 +0000 UTC  } {ContainersReady True 0001-01-01 00:00:00 +0000 UTC 0001-01-01 00:00:00 +0000 UTC  } {PodScheduled True 0001-01-01 00:00:00 +0000 UTC 2018-09-17 07:10:12 +0000 UTC  }]&#xA;Sep 19 07:27:28.979: INFO: auth-idp-kjpmx                                                   10.46.6.173  Running           [{Initialized True 0001-01-01 00:00:00 +0000 UTC 2018-09-17 07:10:19 +0000 UTC  } {Ready True 0001-01-01 00:00:00 +0000 UTC 2018-09-19 07:05:52 +0000 UTC  } {ContainersReady True 0001-01-01 00:00:00 +0000 UTC 0001-01-01 00:00:00 +0000 UTC  } {PodScheduled True 0001-01-01 00:00:00 +0000 UTC 2018-09-17 07:10:04 +0000 UTC  }]&#xA;Sep 19 07:27:28.979: INFO: auth-pap-qb5m2                                                   10.46.6.173  Running           [{Initialized True 0001-01-01 00:00:00 +0000 UTC 2018-09-17 07:10:20 +0000 UTC  } {Ready True 0001-01-01 00:00:00 +0000 UTC 2018-09-17 07:10:46 +0000 UTC  } {ContainersReady True 0001-01-01 00:00:00 +0000 UTC 0001-01-01 00:00:00 +0000 UTC  } {PodScheduled True 0001-01-01 00:00:00 +0000 UTC 2018-09-17 07:10:20 +0000 UTC  }]&#xA;Sep 19 07:27:28.979: INFO: auth-pdp-tk2jm                                                   10.46.6.173  Running           [{Initialized True 0001-01-01 00:00:00 +0000 UTC 2018-09-17 07:13:08 +0000 UTC  } {Ready True 0001-01-01 00:00:00 +0000 UTC 2018-09-17 07:13:19 +0000 UTC  } {ContainersReady True 0001-01-01 00:00:00 +0000 UTC 0001-01-01 00:00:00 +0000 UTC  } {PodScheduled True 0001-01-01 00:00:00 +0000 UTC 2018-09-17 07:10:28 +0000 UTC  }]&#xA;Sep 19 07:27:28.979: INFO: calico-kube-controllers-dcb8cc97c-gtsqp                          10.46.6.173  Running           [{Initialized True 0001-01-01 00:00:00 +0000 UTC 2018-09-17 07:05:53 +0000 UTC  } {Ready True 0001-01-01 00:00:00 +0000 UTC 2018-09-17 07:06:04 +0000 UTC  } {ContainersReady True 0001-01-01 00:00:00 +0000 UTC 0001-01-01 00:00:00 +0000 UTC  } {PodScheduled True 0001-01-01 00:00:00 +0000 UTC 2018-09-17 07:05:53 +0000 UTC  }]&#xA;Sep 19 07:27:28.979: INFO: calico-node-gpm2c                                                10.46.6.171  Running           [{Initialized True 0001-01-01 00:00:00 +0000 UTC 2018-09-17 07:05:53 +0000 UTC  } {Ready True 0001-01-01 00:00:00 +0000 UTC 2018-09-17 07:06:11 +0000 UTC  } {ContainersReady True 0001-01-01 00:00:00 +0000 UTC 0001-01-01 00:00:00 +0000 UTC  } {PodScheduled True 0001-01-01 00:00:00 +0000 UTC 2018-09-17 07:05:53 +0000 UTC  }]&#xA;Sep 19 07:27:28.980: INFO: calico-node-htf97                                                10.46.6.170  Running           [{Initialized True 0001-01-01 00:00:00 +0000 UTC 2018-09-17 07:05:53 +0000 UTC  } {Ready True 0001-01-01 00:00:00 +0000 UTC 2018-09-17 07:06:14 +0000 UTC  } {ContainersReady True 0001-01-01 00:00:00 +0000 UTC 0001-01-01 00:00:00 +0000 UTC  } {PodScheduled True 0001-01-01 00:00:00 +0000 UTC 2018-09-17 07:05:53 +0000 UTC  }]&#xA;Sep 19 07:27:28.980: INFO: calico-node-m7d5t                                                10.46.6.173  Running           [{Initialized True 0001-01-01 00:00:00 +0000 UTC 2018-09-17 07:05:54 +0000 UTC  } {Ready True 0001-01-01 00:00:00 +0000 UTC 2018-09-17 07:06:15 +0000 UTC  } {ContainersReady True 0001-01-01 00:00:00 +0000 UTC 0001-01-01 00:00:00 +0000 UTC  } {PodScheduled True 0001-01-01 00:00:00 +0000 UTC 2018-09-17 07:05:54 +0000 UTC  }]&#xA;Sep 19 07:27:28.980: INFO: calico-node-wsknj                                                10.46.6.172  Running           [{Initialized True 0001-01-01 00:00:00 +0000 UTC 2018-09-17 07:05:53 +0000 UTC  } {Ready True 0001-01-01 00:00:00 +0000 UTC 2018-09-17 07:06:17 +0000 UTC  } {ContainersReady True 0001-01-01 00:00:00 +0000 UTC 0001-01-01 00:00:00 +0000 UTC  } {PodScheduled True 0001-01-01 00:00:00 +0000 UTC 2018-09-17 07:05:53 +0000 UTC  }]&#xA;Sep 19 07:27:28.980: INFO: catalog-ui-5rtkh                                                 10.46.6.173  Running           [{Initialized True 0001-01-01 00:00:00 +0000 UTC 2018-09-17 07:15:57 +0000 UTC  } {Ready True 0001-01-01 00:00:00 +0000 UTC 2018-09-17 07:16:11 +0000 UTC  } {ContainersReady True 0001-01-01 00:00:00 +0000 UTC 0001-01-01 00:00:00 +0000 UTC  } {PodScheduled True 0001-01-01 00:00:00 +0000 UTC 2018-09-17 07:15:57 +0000 UTC  }]&#xA;Sep 19 07:27:28.980: INFO: custom-metrics-adapter-64f64964b4-f9gmc                          10.46.6.171  Running           [{Initialized True 0001-01-01 00:00:00 +0000 UTC 2018-09-17 07:17:13 +0000 UTC  } {Ready True 0001-01-01 00:00:00 +0000 UTC 2018-09-17 07:17:51 +0000 UTC  } {ContainersReady True 0001-01-01 00:00:00 +0000 UTC 0001-01-01 00:00:00 +0000 UTC  } {PodScheduled True 0001-01-01 00:00:00 +0000 UTC 2018-09-17 07:14:28 +0000 UTC  }]&#xA;Sep 19 07:27:28.980: INFO: default-backend-54966589c4-4d47g                                 10.46.6.173  Running           [{Initialized True 0001-01-01 00:00:00 +0000 UTC 2018-09-17 07:08:29 +0000 UTC  } {Ready True 0001-01-01 00:00:00 +0000 UTC 2018-09-17 07:08:40 +0000 UTC  } {ContainersReady True 0001-01-01 00:00:00 +0000 UTC 0001-01-01 00:00:00 +0000 UTC  } {PodScheduled True 0001-01-01 00:00:00 +0000 UTC 2018-09-17 07:08:28 +0000 UTC  }]&#xA;Sep 19 07:27:28.980: INFO: heapster-69b486565b-nt26r                                        10.46.6.173  Running           [{Initialized True 0001-01-01 00:00:00 +0000 UTC 2018-09-17 07:13:48 +0000 UTC  } {Ready True 0001-01-01 00:00:00 +0000 UTC 2018-09-17 07:13:58 +0000 UTC  } {ContainersReady True 0001-01-01 00:00:00 +0000 UTC 0001-01-01 00:00:00 +0000 UTC  } {PodScheduled True 0001-01-01 00:00:00 +0000 UTC 2018-09-17 07:13:48 +0000 UTC  }]&#xA;Sep 19 07:27:28.980: INFO: helm-api-fdd886877-6pwm8                                         10.46.6.173  Running           [{Initialized True 0001-01-01 00:00:00 +0000 UTC 2018-09-17 07:16:36 +0000 UTC  } {Ready True 0001-01-01 00:00:00 +0000 UTC 2018-09-17 07:16:58 +0000 UTC  } {ContainersReady True 0001-01-01 00:00:00 +0000 UTC 0001-01-01 00:00:00 +0000 UTC  } {PodScheduled True 0001-01-01 00:00:00 +0000 UTC 2018-09-17 07:16:35 +0000 UTC  }]&#xA;Sep 19 07:27:28.980: INFO: helm-repo-5649f57447-wwdn4                                       10.46.6.173  Running           [{Initialized True 0001-01-01 00:00:00 +0000 UTC 2018-09-17 07:14:04 +0000 UTC  } {Ready True 0001-01-01 00:00:00 +0000 UTC 2018-09-17 07:14:40 +0000 UTC  } {ContainersReady True 0001-01-01 00:00:00 +0000 UTC 0001-01-01 00:00:00 +0000 UTC  } {PodScheduled True 0001-01-01 00:00:00 +0000 UTC 2018-09-17 07:13:53 +0000 UTC  }]&#xA;Sep 19 07:27:28.980: INFO: ibmcloud-image-enforcement-76ddccbf9f-kqmlb                      10.46.6.171  Running           [{Initialized True 0001-01-01 00:00:00 +0000 UTC 2018-09-17 07:14:02 +0000 UTC  } {Ready True 0001-01-01 00:00:00 +0000 UTC 2018-09-17 07:14:07 +0000 UTC  } {ContainersReady True 0001-01-01 00:00:00 +0000 UTC 0001-01-01 00:00:00 +0000 UTC  } {PodScheduled True 0001-01-01 00:00:00 +0000 UTC 2018-09-17 07:14:02 +0000 UTC  }]&#xA;Sep 19 07:27:28.980: INFO: icp-management-ingress-x6qn8                                     10.46.6.173  Running           [{Initialized True 0001-01-01 00:00:00 +0000 UTC 2018-09-17 07:10:36 +0000 UTC  } {Ready True 0001-01-01 00:00:00 +0000 UTC 2018-09-17 07:10:48 +0000 UTC  } {ContainersReady True 0001-01-01 00:00:00 +0000 UTC 0001-01-01 00:00:00 +0000 UTC  } {PodScheduled True 0001-01-01 00:00:00 +0000 UTC 2018-09-17 07:10:36 +0000 UTC  }]&#xA;Sep 19 07:27:28.980: INFO: icp-mongodb-0                                                    10.46.6.173  Running           [{Initialized True 0001-01-01 00:00:00 +0000 UTC 2018-09-17 07:09:00 +0000 UTC  } {Ready True 0001-01-01 00:00:00 +0000 UTC 2018-09-17 07:09:17 +0000 UTC  } {ContainersReady True 0001-01-01 00:00:00 +0000 UTC 0001-01-01 00:00:00 +0000 UTC  } {PodScheduled True 0001-01-01 00:00:00 +0000 UTC 2018-09-17 07:07:41 +0000 UTC  }]&#xA;Sep 19 07:27:28.980: INFO: image-manager-0                                                  10.46.6.173  Running           [{Initialized True 0001-01-01 00:00:00 +0000 UTC 2018-09-17 06:38:56 +0000 UTC  } {Ready True 0001-01-01 00:00:00 +0000 UTC 2018-09-17 06:39:08 +0000 UTC  } {ContainersReady True 0001-01-01 00:00:00 +0000 UTC 0001-01-01 00:00:00 +0000 UTC  } {PodScheduled True 0001-01-01 00:00:00 +0000 UTC 2018-09-17 06:38:56 +0000 UTC  }]&#xA;Sep 19 07:27:28.980: INFO: k8s-etcd-10.46.6.173                                             10.46.6.173  Running           [{Initialized True 0001-01-01 00:00:00 +0000 UTC 2018-09-17 06:35:49 +0000 UTC  } {Ready True 0001-01-01 00:00:00 +0000 UTC 2018-09-17 06:35:54 +0000 UTC  } {ContainersReady True 0001-01-01 00:00:00 +0000 UTC 0001-01-01 00:00:00 +0000 UTC  } {PodScheduled True 0001-01-01 00:00:00 +0000 UTC 2018-09-17 06:35:49 +0000 UTC  }]&#xA;Sep 19 07:27:28.980: INFO: k8s-master-10.46.6.173                                           10.46.6.173  Running           [{Initialized True 0001-01-01 00:00:00 +0000 UTC 2018-09-17 06:37:18 +0000 UTC  } {Ready True 0001-01-01 00:00:00 +0000 UTC 2018-09-17 06:37:26 +0000 UTC  } {ContainersReady True 0001-01-01 00:00:00 +0000 UTC 0001-01-01 00:00:00 +0000 UTC  } {PodScheduled True 0001-01-01 00:00:00 +0000 UTC 2018-09-17 06:37:18 +0000 UTC  }]&#xA;Sep 19 07:27:28.980: INFO: k8s-proxy-10.46.6.170                                            10.46.6.170  Running           [{Initialized True 0001-01-01 00:00:00 +0000 UTC 2018-09-17 07:05:43 +0000 UTC  } {Ready True 0001-01-01 00:00:00 +0000 UTC 2018-09-17 07:05:46 +0000 UTC  } {ContainersReady True 0001-01-01 00:00:00 +0000 UTC 0001-01-01 00:00:00 +0000 UTC  } {PodScheduled True 0001-01-01 00:00:00 +0000 UTC 2018-09-17 07:05:43 +0000 UTC  }]&#xA;Sep 19 07:27:28.980: INFO: k8s-proxy-10.46.6.171                                            10.46.6.171  Running           [{Initialized True 0001-01-01 00:00:00 +0000 UTC 2018-09-17 07:05:44 +0000 UTC  } {Ready True 0001-01-01 00:00:00 +0000 UTC 2018-09-17 07:05:46 +0000 UTC  } {ContainersReady True 0001-01-01 00:00:00 +0000 UTC 0001-01-01 00:00:00 +0000 UTC  } {PodScheduled True 0001-01-01 00:00:00 +0000 UTC 2018-09-17 07:05:44 +0000 UTC  }]&#xA;Sep 19 07:27:28.980: INFO: k8s-proxy-10.46.6.172                                            10.46.6.172  Running           [{Initialized True 0001-01-01 00:00:00 +0000 UTC 2018-09-17 07:05:44 +0000 UTC  } {Ready True 0001-01-01 00:00:00 +0000 UTC 2018-09-17 07:05:48 +0000 UTC  } {ContainersReady True 0001-01-01 00:00:00 +0000 UTC 0001-01-01 00:00:00 +0000 UTC  } {PodScheduled True 0001-01-01 00:00:00 +0000 UTC 2018-09-17 07:05:44 +0000 UTC  }]&#xA;Sep 19 07:27:28.980: INFO: k8s-proxy-10.46.6.173                                            10.46.6.173  Running           [{Initialized True 0001-01-01 00:00:00 +0000 UTC 2018-09-17 06:35:45 +0000 UTC  } {Ready True 0001-01-01 00:00:00 +0000 UTC 2018-09-17 06:35:50 +0000 UTC  } {ContainersReady True 0001-01-01 00:00:00 +0000 UTC 0001-01-01 00:00:00 +0000 UTC  } {PodScheduled True 0001-01-01 00:00:00 +0000 UTC 2018-09-17 06:35:45 +0000 UTC  }]&#xA;Sep 19 07:27:28.980: INFO: kube-dns-mwjc8                                                   10.46.6.173  Running           [{Initialized True 0001-01-01 00:00:00 +0000 UTC 2018-09-17 07:06:10 +0000 UTC  } {Ready True 0001-01-01 00:00:00 +0000 UTC 2018-09-17 07:06:18 +0000 UTC  } {ContainersReady True 0001-01-01 00:00:00 +0000 UTC 0001-01-01 00:00:00 +0000 UTC  } {PodScheduled True 0001-01-01 00:00:00 +0000 UTC 2018-09-17 07:06:10 +0000 UTC  }]&#xA;Sep 19 07:27:28.980: INFO: logging-elk-client-75d4d7994c-7g7fn                              10.46.6.171  Running           [{Initialized True 0001-01-01 00:00:00 +0000 UTC 2018-09-17 07:15:40 +0000 UTC  } {Ready True 0001-01-01 00:00:00 +0000 UTC 2018-09-17 07:16:22 +0000 UTC  } {ContainersReady True 0001-01-01 00:00:00 +0000 UTC 0001-01-01 00:00:00 +0000 UTC  } {PodScheduled True 0001-01-01 00:00:00 +0000 UTC 2018-09-17 07:15:20 +0000 UTC  }]&#xA;Sep 19 07:27:28.980: INFO: logging-elk-data-0                                               10.46.6.171  Running           [{Initialized True 0001-01-01 00:00:00 +0000 UTC 2018-09-17 07:15:47 +0000 UTC  } {Ready True 0001-01-01 00:00:00 +0000 UTC 2018-09-17 07:16:16 +0000 UTC  } {ContainersReady True 0001-01-01 00:00:00 +0000 UTC 0001-01-01 00:00:00 +0000 UTC  } {PodScheduled True 0001-01-01 00:00:00 +0000 UTC 2018-09-17 07:15:20 +0000 UTC  }]&#xA;Sep 19 07:27:28.980: INFO: logging-elk-elasticsearch-tls-init-6hnl4                         10.46.6.171  Succeeded         [{Initialized True 0001-01-01 00:00:00 +0000 UTC 2018-09-17 07:15:20 +0000 UTC PodCompleted } {Ready False 0001-01-01 00:00:00 +0000 UTC 2018-09-17 07:17:46 +0000 UTC PodCompleted } {ContainersReady False 0001-01-01 00:00:00 +0000 UTC 0001-01-01 00:00:00 +0000 UTC PodCompleted } {PodScheduled True 0001-01-01 00:00:00 +0000 UTC 2018-09-17 07:15:20 +0000 UTC  }]&#xA;Sep 19 07:27:28.980: INFO: logging-elk-filebeat-ds-bs86r                                    10.46.6.171  Running           [{Initialized True 0001-01-01 00:00:00 +0000 UTC 2018-09-17 07:15:20 +0000 UTC  } {Ready True 0001-01-01 00:00:00 +0000 UTC 2018-09-17 07:15:42 +0000 UTC  } {ContainersReady True 0001-01-01 00:00:00 +0000 UTC 0001-01-01 00:00:00 +0000 UTC  } {PodScheduled True 0001-01-01 00:00:00 +0000 UTC 2018-09-17 07:15:20 +0000 UTC  }]&#xA;Sep 19 07:27:28.980: INFO: logging-elk-filebeat-ds-jtd5q                                    10.46.6.170  Running           [{Initialized True 0001-01-01 00:00:00 +0000 UTC 2018-09-17 07:15:20 +0000 UTC  } {Ready True 0001-01-01 00:00:00 +0000 UTC 2018-09-17 07:15:37 +0000 UTC  } {ContainersReady True 0001-01-01 00:00:00 +0000 UTC 0001-01-01 00:00:00 +0000 UTC  } {PodScheduled True 0001-01-01 00:00:00 +0000 UTC 2018-09-17 07:15:20 +0000 UTC  }]&#xA;Sep 19 07:27:28.980: INFO: logging-elk-filebeat-ds-qf2vz                                    10.46.6.173  Running           [{Initialized True 0001-01-01 00:00:00 +0000 UTC 2018-09-17 07:15:20 +0000 UTC  } {Ready True 0001-01-01 00:00:00 +0000 UTC 2018-09-17 07:15:39 +0000 UTC  } {ContainersReady True 0001-01-01 00:00:00 +0000 UTC 0001-01-01 00:00:00 +0000 UTC  } {PodScheduled True 0001-01-01 00:00:00 +0000 UTC 2018-09-17 07:15:20 +0000 UTC  }]&#xA;Sep 19 07:27:28.980: INFO: logging-elk-filebeat-ds-vpk48                                    10.46.6.172  Running           [{Initialized True 0001-01-01 00:00:00 +0000 UTC 2018-09-17 07:15:20 +0000 UTC  } {Ready True 0001-01-01 00:00:00 +0000 UTC 2018-09-17 07:15:39 +0000 UTC  } {ContainersReady True 0001-01-01 00:00:00 +0000 UTC 0001-01-01 00:00:00 +0000 UTC  } {PodScheduled True 0001-01-01 00:00:00 +0000 UTC 2018-09-17 07:15:20 +0000 UTC  }]&#xA;Sep 19 07:27:28.980: INFO: logging-elk-kibana-ff4db4866-s2295                               10.46.6.171  Running           [{Initialized True 0001-01-01 00:00:00 +0000 UTC 2018-09-17 07:15:21 +0000 UTC  } {Ready True 0001-01-01 00:00:00 +0000 UTC 2018-09-17 07:15:45 +0000 UTC  } {ContainersReady True 0001-01-01 00:00:00 +0000 UTC 0001-01-01 00:00:00 +0000 UTC  } {PodScheduled True 0001-01-01 00:00:00 +0000 UTC 2018-09-17 07:15:21 +0000 UTC  }]&#xA;Sep 19 07:27:28.980: INFO: logging-elk-logstash-7994656f46-r89mt                            10.46.6.171  Running           [{Initialized True 0001-01-01 00:00:00 +0000 UTC 2018-09-17 07:15:22 +0000 UTC  } {Ready True 0001-01-01 00:00:00 +0000 UTC 2018-09-17 07:16:16 +0000 UTC  } {ContainersReady True 0001-01-01 00:00:00 +0000 UTC 0001-01-01 00:00:00 +0000 UTC  } {PodScheduled True 0001-01-01 00:00:00 +0000 UTC 2018-09-17 07:15:21 +0000 UTC  }]&#xA;Sep 19 07:27:28.980: INFO: logging-elk-master-6cdcf45f7d-gp28f                              10.46.6.171  Running           [{Initialized True 0001-01-01 00:00:00 +0000 UTC 2018-09-17 07:15:47 +0000 UTC  } {Ready True 0001-01-01 00:00:00 +0000 UTC 2018-09-17 07:16:16 +0000 UTC  } {ContainersReady True 0001-01-01 00:00:00 +0000 UTC 0001-01-01 00:00:00 +0000 UTC  } {PodScheduled True 0001-01-01 00:00:00 +0000 UTC 2018-09-17 07:15:21 +0000 UTC  }]&#xA;Sep 19 07:27:28.980: INFO: mariadb-0                                                        10.46.6.173  Running           [{Initialized True 0001-01-01 00:00:00 +0000 UTC 2018-09-17 07:08:38 +0000 UTC  } {Ready True 0001-01-01 00:00:00 +0000 UTC 2018-09-17 07:09:15 +0000 UTC  } {ContainersReady True 0001-01-01 00:00:00 +0000 UTC 0001-01-01 00:00:00 +0000 UTC  } {PodScheduled True 0001-01-01 00:00:00 +0000 UTC 2018-09-17 07:08:37 +0000 UTC  }]&#xA;Sep 19 07:27:28.980: INFO: metering-dm-8b475fc57-cmm6h                                      10.46.6.171  Running           [{Initialized True 0001-01-01 00:00:00 +0000 UTC 2018-09-17 07:14:20 +0000 UTC  } {Ready True 0001-01-01 00:00:00 +0000 UTC 2018-09-17 07:14:49 +0000 UTC  } {ContainersReady True 0001-01-01 00:00:00 +0000 UTC 0001-01-01 00:00:00 +0000 UTC  } {PodScheduled True 0001-01-01 00:00:00 +0000 UTC 2018-09-17 07:14:12 +0000 UTC  }]&#xA;Sep 19 07:27:28.980: INFO: metering-reader-44wd7                                            10.46.6.170  Running           [{Initialized True 0001-01-01 00:00:00 +0000 UTC 2018-09-17 07:14:20 +0000 UTC  } {Ready True 0001-01-01 00:00:00 +0000 UTC 2018-09-17 07:14:46 +0000 UTC  } {ContainersReady True 0001-01-01 00:00:00 +0000 UTC 0001-01-01 00:00:00 +0000 UTC  } {PodScheduled True 0001-01-01 00:00:00 +0000 UTC 2018-09-17 07:14:11 +0000 UTC  }]&#xA;Sep 19 07:27:28.980: INFO: metering-reader-gsrdg                                            10.46.6.172  Running           [{Initialized True 0001-01-01 00:00:00 +0000 UTC 2018-09-17 07:14:23 +0000 UTC  } {Ready True 0001-01-01 00:00:00 +0000 UTC 2018-09-17 07:14:52 +0000 UTC  } {ContainersReady True 0001-01-01 00:00:00 +0000 UTC 0001-01-01 00:00:00 +0000 UTC  } {PodScheduled True 0001-01-01 00:00:00 +0000 UTC 2018-09-17 07:14:11 +0000 UTC  }]&#xA;Sep 19 07:27:28.980: INFO: metering-reader-l7284                                            10.46.6.173  Running           [{Initialized True 0001-01-01 00:00:00 +0000 UTC 2018-09-17 07:14:24 +0000 UTC  } {Ready True 0001-01-01 00:00:00 +0000 UTC 2018-09-17 07:14:45 +0000 UTC  } {ContainersReady True 0001-01-01 00:00:00 +0000 UTC 0001-01-01 00:00:00 +0000 UTC  } {PodScheduled True 0001-01-01 00:00:00 +0000 UTC 2018-09-17 07:14:11 +0000 UTC  }]&#xA;Sep 19 07:27:28.980: INFO: metering-reader-xq8f2                                            10.46.6.171  Running           [{Initialized True 0001-01-01 00:00:00 +0000 UTC 2018-09-17 07:14:23 +0000 UTC  } {Ready True 0001-01-01 00:00:00 +0000 UTC 2018-09-17 07:14:55 +0000 UTC  } {ContainersReady True 0001-01-01 00:00:00 +0000 UTC 0001-01-01 00:00:00 +0000 UTC  } {PodScheduled True 0001-01-01 00:00:00 +0000 UTC 2018-09-17 07:14:11 +0000 UTC  }]&#xA;Sep 19 07:27:28.980: INFO: metering-ui-5bbfbb5d49-wkh8m                                     10.46.6.171  Running           [{Initialized True 0001-01-01 00:00:00 +0000 UTC 2018-09-17 07:14:22 +0000 UTC  } {Ready True 0001-01-01 00:00:00 +0000 UTC 2018-09-17 07:14:55 +0000 UTC  } {ContainersReady True 0001-01-01 00:00:00 +0000 UTC 0001-01-01 00:00:00 +0000 UTC  } {PodScheduled True 0001-01-01 00:00:00 +0000 UTC 2018-09-17 07:14:12 +0000 UTC  }]&#xA;Sep 19 07:27:28.981: INFO: metrics-server-6d6695f9db-8t4xs                                  10.46.6.171  Running           [{Initialized True 0001-01-01 00:00:00 +0000 UTC 2018-09-17 07:08:51 +0000 UTC  } {Ready True 0001-01-01 00:00:00 +0000 UTC 2018-09-17 07:08:55 +0000 UTC  } {ContainersReady True 0001-01-01 00:00:00 +0000 UTC 0001-01-01 00:00:00 +0000 UTC  } {PodScheduled True 0001-01-01 00:00:00 +0000 UTC 2018-09-17 07:08:51 +0000 UTC  }]&#xA;Sep 19 07:27:28.981: INFO: mgmt-repo-57dc689b74-tmp44                                       10.46.6.173  Running           [{Initialized True 0001-01-01 00:00:00 +0000 UTC 2018-09-17 07:18:10 +0000 UTC  } {Ready True 0001-01-01 00:00:00 +0000 UTC 2018-09-17 07:18:54 +0000 UTC  } {ContainersReady True 0001-01-01 00:00:00 +0000 UTC 0001-01-01 00:00:00 +0000 UTC  } {PodScheduled True 0001-01-01 00:00:00 +0000 UTC 2018-09-17 07:17:50 +0000 UTC  }]&#xA;Sep 19 07:27:28.981: INFO: monitoring-grafana-548b947c8c-dh89z                              10.46.6.171  Running           [{Initialized True 0001-01-01 00:00:00 +0000 UTC 2018-09-17 07:16:14 +0000 UTC  } {Ready True 0001-01-01 00:00:00 +0000 UTC 2018-09-17 07:16:59 +0000 UTC  } {ContainersReady True 0001-01-01 00:00:00 +0000 UTC 0001-01-01 00:00:00 +0000 UTC  } {PodScheduled True 0001-01-01 00:00:00 +0000 UTC 2018-09-17 07:15:46 +0000 UTC  }]&#xA;Sep 19 07:27:28.981: INFO: monitoring-prometheus-6677d7c77f-pnpt5                           10.46.6.171  Running           [{Initialized True 0001-01-01 00:00:00 +0000 UTC 2018-09-17 07:16:14 +0000 UTC  } {Ready True 0001-01-01 00:00:00 +0000 UTC 2018-09-17 07:17:03 +0000 UTC  } {ContainersReady True 0001-01-01 00:00:00 +0000 UTC 0001-01-01 00:00:00 +0000 UTC  } {PodScheduled True 0001-01-01 00:00:00 +0000 UTC 2018-09-17 07:15:45 +0000 UTC  }]&#xA;Sep 19 07:27:28.981: INFO: monitoring-prometheus-alertmanager-7d8749dbb8-xj68d              10.46.6.171  Running           [{Initialized True 0001-01-01 00:00:00 +0000 UTC 2018-09-17 07:15:46 +0000 UTC  } {Ready True 0001-01-01 00:00:00 +0000 UTC 2018-09-17 07:16:45 +0000 UTC  } {ContainersReady True 0001-01-01 00:00:00 +0000 UTC 0001-01-01 00:00:00 +0000 UTC  } {PodScheduled True 0001-01-01 00:00:00 +0000 UTC 2018-09-17 07:15:45 +0000 UTC  }]&#xA;Sep 19 07:27:28.981: INFO: monitoring-prometheus-collectdexporter-77575678dc-v8n2l          10.46.6.171  Running           [{Initialized True 0001-01-01 00:00:00 +0000 UTC 2018-09-17 07:15:46 +0000 UTC  } {Ready True 0001-01-01 00:00:00 +0000 UTC 2018-09-17 07:16:42 +0000 UTC  } {ContainersReady True 0001-01-01 00:00:00 +0000 UTC 0001-01-01 00:00:00 +0000 UTC  } {PodScheduled True 0001-01-01 00:00:00 +0000 UTC 2018-09-17 07:15:45 +0000 UTC  }]&#xA;Sep 19 07:27:28.981: INFO: monitoring-prometheus-elasticsearchexporter-655864cccb-c6tps     10.46.6.171  Running           [{Initialized True 0001-01-01 00:00:00 +0000 UTC 2018-09-17 07:15:46 +0000 UTC  } {Ready True 0001-01-01 00:00:00 +0000 UTC 2018-09-17 07:16:52 +0000 UTC  } {ContainersReady True 0001-01-01 00:00:00 +0000 UTC 0001-01-01 00:00:00 +0000 UTC  } {PodScheduled True 0001-01-01 00:00:00 +0000 UTC 2018-09-17 07:15:45 +0000 UTC  }]&#xA;Sep 19 07:27:28.981: INFO: monitoring-prometheus-kubestatemetrics-54dcbb6cfb-76zmm          10.46.6.171  Running           [{Initialized True 0001-01-01 00:00:00 +0000 UTC 2018-09-17 07:15:45 +0000 UTC  } {Ready True 0001-01-01 00:00:00 +0000 UTC 2018-09-17 07:16:34 +0000 UTC  } {ContainersReady True 0001-01-01 00:00:00 +0000 UTC 0001-01-01 00:00:00 +0000 UTC  } {PodScheduled True 0001-01-01 00:00:00 +0000 UTC 2018-09-17 07:15:45 +0000 UTC  }]&#xA;Sep 19 07:27:28.981: INFO: monitoring-prometheus-nodeexporter-9fnpb                         10.46.6.171  Running           [{Initialized True 0001-01-01 00:00:00 +0000 UTC 2018-09-17 07:15:44 +0000 UTC  } {Ready True 0001-01-01 00:00:00 +0000 UTC 2018-09-17 07:16:44 +0000 UTC  } {ContainersReady True 0001-01-01 00:00:00 +0000 UTC 0001-01-01 00:00:00 +0000 UTC  } {PodScheduled True 0001-01-01 00:00:00 +0000 UTC 2018-09-17 07:15:44 +0000 UTC  }]&#xA;Sep 19 07:27:28.981: INFO: monitoring-prometheus-nodeexporter-f84fv                         10.46.6.173  Running           [{Initialized True 0001-01-01 00:00:00 +0000 UTC 2018-09-17 07:15:45 +0000 UTC  } {Ready True 0001-01-01 00:00:00 +0000 UTC 2018-09-17 07:16:28 +0000 UTC  } {ContainersReady True 0001-01-01 00:00:00 +0000 UTC 0001-01-01 00:00:00 +0000 UTC  } {PodScheduled True 0001-01-01 00:00:00 +0000 UTC 2018-09-17 07:15:45 +0000 UTC  }]&#xA;Sep 19 07:27:28.981: INFO: monitoring-prometheus-nodeexporter-tpbc8                         10.46.6.170  Running           [{Initialized True 0001-01-01 00:00:00 +0000 UTC 2018-09-17 07:15:44 +0000 UTC  } {Ready True 0001-01-01 00:00:00 +0000 UTC 2018-09-17 07:16:27 +0000 UTC  } {ContainersReady True 0001-01-01 00:00:00 +0000 UTC 0001-01-01 00:00:00 +0000 UTC  } {PodScheduled True 0001-01-01 00:00:00 +0000 UTC 2018-09-17 07:15:44 +0000 UTC  }]&#xA;Sep 19 07:27:28.981: INFO: monitoring-prometheus-nodeexporter-v4l7d                         10.46.6.172  Running           [{Initialized True 0001-01-01 00:00:00 +0000 UTC 2018-09-17 07:15:44 +0000 UTC  } {Ready True 0001-01-01 00:00:00 +0000 UTC 2018-09-17 07:16:31 +0000 UTC  } {ContainersReady True 0001-01-01 00:00:00 +0000 UTC 0001-01-01 00:00:00 +0000 UTC  } {PodScheduled True 0001-01-01 00:00:00 +0000 UTC 2018-09-17 07:15:44 +0000 UTC  }]&#xA;Sep 19 07:27:28.981: INFO: my-ibm-open-liberty-ibm-7f7d9778d7-7t5jc                         10.46.6.170  Running           [{Initialized True 0001-01-01 00:00:00 +0000 UTC 2018-09-17 08:22:24 +0000 UTC  } {Ready True 0001-01-01 00:00:00 +0000 UTC 2018-09-17 08:23:21 +0000 UTC  } {ContainersReady True 0001-01-01 00:00:00 +0000 UTC 0001-01-01 00:00:00 +0000 UTC  } {PodScheduled True 0001-01-01 00:00:00 +0000 UTC 2018-09-17 08:22:24 +0000 UTC  }]&#xA;Sep 19 07:27:28.981: INFO: nginx-ingress-controller-h5z2v                                   10.46.6.173  Running           [{Initialized True 0001-01-01 00:00:00 +0000 UTC 2018-09-17 07:08:39 +0000 UTC  } {Ready True 0001-01-01 00:00:00 +0000 UTC 2018-09-17 07:08:54 +0000 UTC  } {ContainersReady True 0001-01-01 00:00:00 +0000 UTC 0001-01-01 00:00:00 +0000 UTC  } {PodScheduled True 0001-01-01 00:00:00 +0000 UTC 2018-09-17 07:08:28 +0000 UTC  }]&#xA;Sep 19 07:27:28.981: INFO: nvidia-device-plugin-9h2k4                                       10.46.6.170  Running           [{Initialized True 0001-01-01 00:00:00 +0000 UTC 2018-09-17 07:07:23 +0000 UTC  } {Ready True 0001-01-01 00:00:00 +0000 UTC 2018-09-17 07:07:24 +0000 UTC  } {ContainersReady True 0001-01-01 00:00:00 +0000 UTC 0001-01-01 00:00:00 +0000 UTC  } {PodScheduled True 0001-01-01 00:00:00 +0000 UTC 2018-09-17 07:07:17 +0000 UTC  }]&#xA;Sep 19 07:27:28.981: INFO: nvidia-device-plugin-nh54k                                       10.46.6.173  Running           [{Initialized True 0001-01-01 00:00:00 +0000 UTC 2018-09-17 07:07:29 +0000 UTC  } {Ready True 0001-01-01 00:00:00 +0000 UTC 2018-09-17 07:07:33 +0000 UTC  } {ContainersReady True 0001-01-01 00:00:00 +0000 UTC 0001-01-01 00:00:00 +0000 UTC  } {PodScheduled True 0001-01-01 00:00:00 +0000 UTC 2018-09-17 07:07:17 +0000 UTC  }]&#xA;Sep 19 07:27:28.981: INFO: nvidia-device-plugin-vh85n                                       10.46.6.171  Running           [{Initialized True 0001-01-01 00:00:00 +0000 UTC 2018-09-17 07:07:21 +0000 UTC  } {Ready True 0001-01-01 00:00:00 +0000 UTC 2018-09-17 07:07:23 +0000 UTC  } {ContainersReady True 0001-01-01 00:00:00 +0000 UTC 0001-01-01 00:00:00 +0000 UTC  } {PodScheduled True 0001-01-01 00:00:00 +0000 UTC 2018-09-17 07:07:17 +0000 UTC  }]&#xA;Sep 19 07:27:28.981: INFO: nvidia-device-plugin-w9jr8                                       10.46.6.172  Running           [{Initialized True 0001-01-01 00:00:00 +0000 UTC 2018-09-17 07:07:24 +0000 UTC  } {Ready True 0001-01-01 00:00:00 +0000 UTC 2018-09-17 07:07:26 +0000 UTC  } {ContainersReady True 0001-01-01 00:00:00 +0000 UTC 0001-01-01 00:00:00 +0000 UTC  } {PodScheduled True 0001-01-01 00:00:00 +0000 UTC 2018-09-17 07:07:17 +0000 UTC  }]&#xA;Sep 19 07:27:28.981: INFO: oidc-client-registration-szxrk                                   10.46.6.173  Succeeded         [{Initialized True 0001-01-01 00:00:00 +0000 UTC 2018-09-17 07:10:05 +0000 UTC PodCompleted } {Ready False 0001-01-01 00:00:00 +0000 UTC 2018-09-17 07:12:27 +0000 UTC PodCompleted } {ContainersReady False 0001-01-01 00:00:00 +0000 UTC 0001-01-01 00:00:00 +0000 UTC PodCompleted } {PodScheduled True 0001-01-01 00:00:00 +0000 UTC 2018-09-17 07:10:04 +0000 UTC  }]&#xA;Sep 19 07:27:28.981: INFO: platform-api-2fs4x                                               10.46.6.173  Running           [{Initialized True 0001-01-01 00:00:00 +0000 UTC 2018-09-17 07:08:45 +0000 UTC  } {Ready True 0001-01-01 00:00:00 +0000 UTC 2018-09-17 07:16:29 +0000 UTC  } {ContainersReady True 0001-01-01 00:00:00 +0000 UTC 0001-01-01 00:00:00 +0000 UTC  } {PodScheduled True 0001-01-01 00:00:00 +0000 UTC 2018-09-17 07:08:45 +0000 UTC  }]&#xA;Sep 19 07:27:28.981: INFO: platform-deploy-dbbks                                            10.46.6.173  Running           [{Initialized True 0001-01-01 00:00:00 +0000 UTC 2018-09-17 07:08:45 +0000 UTC  } {Ready True 0001-01-01 00:00:00 +0000 UTC 2018-09-17 07:08:57 +0000 UTC  } {ContainersReady True 0001-01-01 00:00:00 +0000 UTC 0001-01-01 00:00:00 +0000 UTC  } {PodScheduled True 0001-01-01 00:00:00 +0000 UTC 2018-09-17 07:08:45 +0000 UTC  }]&#xA;Sep 19 07:27:28.981: INFO: platform-ui-6fjgx                                                10.46.6.173  Running           [{Initialized True 0001-01-01 00:00:00 +0000 UTC 2018-09-17 07:14:34 +0000 UTC  } {Ready True 0001-01-01 00:00:00 +0000 UTC 2018-09-17 07:15:20 +0000 UTC  } {ContainersReady True 0001-01-01 00:00:00 +0000 UTC 0001-01-01 00:00:00 +0000 UTC  } {PodScheduled True 0001-01-01 00:00:00 +0000 UTC 2018-09-17 07:14:34 +0000 UTC  }]&#xA;Sep 19 07:27:28.981: INFO: secret-watcher-5f59fcbc69-pfnfk                                  10.46.6.173  Running           [{Initialized True 0001-01-01 00:00:00 +0000 UTC 2018-09-17 07:18:05 +0000 UTC  } {Ready True 0001-01-01 00:00:00 +0000 UTC 2018-09-17 07:18:30 +0000 UTC  } {ContainersReady True 0001-01-01 00:00:00 +0000 UTC 0001-01-01 00:00:00 +0000 UTC  } {PodScheduled True 0001-01-01 00:00:00 +0000 UTC 2018-09-17 07:18:04 +0000 UTC  }]&#xA;Sep 19 07:27:28.981: INFO: security-onboarding-tkf79                                        10.46.6.173  Succeeded         [{Initialized True 0001-01-01 00:00:00 +0000 UTC 2018-09-17 07:18:12 +0000 UTC PodCompleted } {Ready False 0001-01-01 00:00:00 +0000 UTC 2018-09-17 07:20:02 +0000 UTC PodCompleted } {ContainersReady False 0001-01-01 00:00:00 +0000 UTC 0001-01-01 00:00:00 +0000 UTC PodCompleted } {PodScheduled True 0001-01-01 00:00:00 +0000 UTC 2018-09-17 07:18:12 +0000 UTC  }]&#xA;Sep 19 07:27:28.981: INFO: service-catalog-apiserver-967x9                                  10.46.6.173  Running           [{Initialized True 0001-01-01 00:00:00 +0000 UTC 2018-09-17 07:08:20 +0000 UTC  } {Ready True 0001-01-01 00:00:00 +0000 UTC 2018-09-17 07:09:01 +0000 UTC  } {ContainersReady True 0001-01-01 00:00:00 +0000 UTC 0001-01-01 00:00:00 +0000 UTC  } {PodScheduled True 0001-01-01 00:00:00 +0000 UTC 2018-09-17 07:08:20 +0000 UTC  }]&#xA;Sep 19 07:27:28.981: INFO: service-catalog-controller-manager-5969cccf86-65phs              10.46.6.173  Running           [{Initialized True 0001-01-01 00:00:00 +0000 UTC 2018-09-17 07:08:21 +0000 UTC  } {Ready True 0001-01-01 00:00:00 +0000 UTC 2018-09-17 07:08:34 +0000 UTC  } {ContainersReady True 0001-01-01 00:00:00 +0000 UTC 0001-01-01 00:00:00 +0000 UTC  } {PodScheduled True 0001-01-01 00:00:00 +0000 UTC 2018-09-17 07:08:20 +0000 UTC  }]&#xA;Sep 19 07:27:28.981: INFO: tiller-deploy-6b58875cb-5l8kh                                    10.46.6.173  Running           [{Initialized True 0001-01-01 00:00:00 +0000 UTC 2018-09-17 07:05:28 +0000 UTC  } {Ready True 0001-01-01 00:00:00 +0000 UTC 2018-09-17 07:05:43 +0000 UTC  } {ContainersReady True 0001-01-01 00:00:00 +0000 UTC 0001-01-01 00:00:00 +0000 UTC  } {PodScheduled True 0001-01-01 00:00:00 +0000 UTC 2018-09-17 07:05:28 +0000 UTC  }]&#xA;Sep 19 07:27:28.981: INFO: unified-router-lkwnl                                             10.46.6.173  Running           [{Initialized True 0001-01-01 00:00:00 +0000 UTC 2018-09-17 07:15:31 +0000 UTC  } {Ready True 0001-01-01 00:00:00 +0000 UTC 2018-09-17 07:15:40 +0000 UTC  } {ContainersReady True 0001-01-01 00:00:00 +0000 UTC 0001-01-01 00:00:00 +0000 UTC  } {PodScheduled True 0001-01-01 00:00:00 +0000 UTC 2018-09-17 07:15:31 +0000 UTC  }]&#xA;Sep 19 07:27:28.981: INFO: vulnerability-advisor-compliance-annotator-d5659b9d9-kmn8q       10.46.6.172  Running           [{Initialized True 0001-01-01 00:00:00 +0000 UTC 2018-09-17 07:19:03 +0000 UTC  } {Ready True 0001-01-01 00:00:00 +0000 UTC 2018-09-17 07:21:08 +0000 UTC  } {ContainersReady True 0001-01-01 00:00:00 +0000 UTC 0001-01-01 00:00:00 +0000 UTC  } {PodScheduled True 0001-01-01 00:00:00 +0000 UTC 2018-09-17 07:19:03 +0000 UTC  }]&#xA;Sep 19 07:27:28.981: INFO: vulnerability-advisor-compliance-indexer-7cbdc64b57-47lmd        10.46.6.172  Running           [{Initialized True 0001-01-01 00:00:00 +0000 UTC 2018-09-17 07:19:07 +0000 UTC  } {Ready True 0001-01-01 00:00:00 +0000 UTC 2018-09-17 07:19:33 +0000 UTC  } {ContainersReady True 0001-01-01 00:00:00 +0000 UTC 0001-01-01 00:00:00 +0000 UTC  } {PodScheduled True 0001-01-01 00:00:00 +0000 UTC 2018-09-17 07:19:06 +0000 UTC  }]&#xA;Sep 19 07:27:28.981: INFO: vulnerability-advisor-config-parser-5d44b78fd5-z4k9t             10.46.6.172  Running           [{Initialized True 0001-01-01 00:00:00 +0000 UTC 2018-09-17 07:19:04 +0000 UTC  } {Ready True 0001-01-01 00:00:00 +0000 UTC 2018-09-17 07:21:09 +0000 UTC  } {ContainersReady True 0001-01-01 00:00:00 +0000 UTC 0001-01-01 00:00:00 +0000 UTC  } {PodScheduled True 0001-01-01 00:00:00 +0000 UTC 2018-09-17 07:19:03 +0000 UTC  }]&#xA;Sep 19 07:27:28.981: INFO: vulnerability-advisor-cos-indexer-57899b7dd6-7cpf8               10.46.6.172  Running           [{Initialized True 0001-01-01 00:00:00 +0000 UTC 2018-09-17 07:19:04 +0000 UTC  } {Ready True 0001-01-01 00:00:00 +0000 UTC 2018-09-19 07:20:04 +0000 UTC  } {ContainersReady True 0001-01-01 00:00:00 +0000 UTC 0001-01-01 00:00:00 +0000 UTC  } {PodScheduled True 0001-01-01 00:00:00 +0000 UTC 2018-09-17 07:19:04 +0000 UTC  }]&#xA;Sep 19 07:27:28.981: INFO: vulnerability-advisor-kafka-0                                    10.46.6.172  Running           [{Initialized True 0001-01-01 00:00:00 +0000 UTC 2018-09-17 07:19:13 +0000 UTC  } {Ready True 0001-01-01 00:00:00 +0000 UTC 2018-09-17 07:20:53 +0000 UTC  } {ContainersReady True 0001-01-01 00:00:00 +0000 UTC 0001-01-01 00:00:00 +0000 UTC  } {PodScheduled True 0001-01-01 00:00:00 +0000 UTC 2018-09-17 07:19:13 +0000 UTC  }]&#xA;Sep 19 07:27:28.982: INFO: vulnerability-advisor-live-crawler-84st2                         10.46.6.172  Running           [{Initialized True 0001-01-01 00:00:00 +0000 UTC 2018-09-17 07:19:03 +0000 UTC  } {Ready True 0001-01-01 00:00:00 +0000 UTC 2018-09-17 07:19:26 +0000 UTC  } {ContainersReady True 0001-01-01 00:00:00 +0000 UTC 0001-01-01 00:00:00 +0000 UTC  } {PodScheduled True 0001-01-01 00:00:00 +0000 UTC 2018-09-17 07:19:03 +0000 UTC  }]&#xA;Sep 19 07:27:28.982: INFO: vulnerability-advisor-live-crawler-ccxd7                         10.46.6.170  Running           [{Initialized True 0001-01-01 00:00:00 +0000 UTC 2018-09-17 07:19:03 +0000 UTC  } {Ready True 0001-01-01 00:00:00 +0000 UTC 2018-09-17 07:19:14 +0000 UTC  } {ContainersReady True 0001-01-01 00:00:00 +0000 UTC 0001-01-01 00:00:00 +0000 UTC  } {PodScheduled True 0001-01-01 00:00:00 +0000 UTC 2018-09-17 07:19:03 +0000 UTC  }]&#xA;Sep 19 07:27:28.982: INFO: vulnerability-advisor-live-crawler-p6khc                         10.46.6.173  Running           [{Initialized True 0001-01-01 00:00:00 +0000 UTC 2018-09-17 07:19:02 +0000 UTC  } {Ready True 0001-01-01 00:00:00 +0000 UTC 2018-09-17 07:19:22 +0000 UTC  } {ContainersReady True 0001-01-01 00:00:00 +0000 UTC 0001-01-01 00:00:00 +0000 UTC  } {PodScheduled True 0001-01-01 00:00:00 +0000 UTC 2018-09-17 07:19:02 +0000 UTC  }]&#xA;Sep 19 07:27:28.982: INFO: vulnerability-advisor-live-crawler-xxz8p                         10.46.6.171  Running           [{Initialized True 0001-01-01 00:00:00 +0000 UTC 2018-09-17 07:19:03 +0000 UTC  } {Ready True 0001-01-01 00:00:00 +0000 UTC 2018-09-17 07:19:18 +0000 UTC  } {ContainersReady True 0001-01-01 00:00:00 +0000 UTC 0001-01-01 00:00:00 +0000 UTC  } {PodScheduled True 0001-01-01 00:00:00 +0000 UTC 2018-09-17 07:19:03 +0000 UTC  }]&#xA;Sep 19 07:27:28.982: INFO: vulnerability-advisor-ma-file-annotator-6b95df8886-jtczz         10.46.6.172  Running           [{Initialized True 0001-01-01 00:00:00 +0000 UTC 2018-09-17 07:19:04 +0000 UTC  } {Ready True 0001-01-01 00:00:00 +0000 UTC 2018-09-17 07:23:32 +0000 UTC  } {ContainersReady True 0001-01-01 00:00:00 +0000 UTC 0001-01-01 00:00:00 +0000 UTC  } {PodScheduled True 0001-01-01 00:00:00 +0000 UTC 2018-09-17 07:19:04 +0000 UTC  }]&#xA;Sep 19 07:27:28.982: INFO: vulnerability-advisor-minio-0                                    10.46.6.172  Running           [{Initialized True 0001-01-01 00:00:00 +0000 UTC 2018-09-17 07:21:51 +0000 UTC  } {Ready True 0001-01-01 00:00:00 +0000 UTC 2018-09-17 07:21:54 +0000 UTC  } {ContainersReady True 0001-01-01 00:00:00 +0000 UTC 0001-01-01 00:00:00 +0000 UTC  } {PodScheduled True 0001-01-01 00:00:00 +0000 UTC 2018-09-17 07:19:15 +0000 UTC  }]&#xA;Sep 19 07:27:28.982: INFO: vulnerability-advisor-minio-cleaner-1537228740-55f4w             10.46.6.172  Succeeded         [{Initialized True 0001-01-01 00:00:00 +0000 UTC 2018-09-17 23:59:03 +0000 UTC PodCompleted } {Ready False 0001-01-01 00:00:00 +0000 UTC 2018-09-17 23:59:42 +0000 UTC PodCompleted } {ContainersReady False 0001-01-01 00:00:00 +0000 UTC 0001-01-01 00:00:00 +0000 UTC PodCompleted } {PodScheduled True 0001-01-01 00:00:00 +0000 UTC 2018-09-17 23:59:03 +0000 UTC  }]&#xA;Sep 19 07:27:28.982: INFO: vulnerability-advisor-minio-cleaner-1537315140-nqk7v             10.46.6.172  Succeeded         [{Initialized True 0001-01-01 00:00:00 +0000 UTC 2018-09-18 23:59:04 +0000 UTC PodCompleted } {Ready False 0001-01-01 00:00:00 +0000 UTC 2018-09-19 00:00:52 +0000 UTC PodCompleted } {ContainersReady False 0001-01-01 00:00:00 +0000 UTC 0001-01-01 00:00:00 +0000 UTC PodCompleted } {PodScheduled True 0001-01-01 00:00:00 +0000 UTC 2018-09-18 23:59:04 +0000 UTC  }]&#xA;Sep 19 07:27:28.982: INFO: vulnerability-advisor-notification-dispatcher-86f8bf4b4d-cfdzb   10.46.6.172  Running           [{Initialized True 0001-01-01 00:00:00 +0000 UTC 2018-09-17 07:19:04 +0000 UTC  } {Ready True 0001-01-01 00:00:00 +0000 UTC 2018-09-17 07:20:31 +0000 UTC  } {ContainersReady True 0001-01-01 00:00:00 +0000 UTC 0001-01-01 00:00:00 +0000 UTC  } {PodScheduled True 0001-01-01 00:00:00 +0000 UTC 2018-09-17 07:19:04 +0000 UTC  }]&#xA;Sep 19 07:27:28.982: INFO: vulnerability-advisor-password-annotator-79b5d794b5-wnwqn        10.46.6.172  Running           [{Initialized True 0001-01-01 00:00:00 +0000 UTC 2018-09-17 07:19:05 +0000 UTC  } {Ready True 0001-01-01 00:00:00 +0000 UTC 2018-09-17 07:20:29 +0000 UTC  } {ContainersReady True 0001-01-01 00:00:00 +0000 UTC 0001-01-01 00:00:00 +0000 UTC  } {PodScheduled True 0001-01-01 00:00:00 +0000 UTC 2018-09-17 07:19:04 +0000 UTC  }]&#xA;Sep 19 07:27:28.982: INFO: vulnerability-advisor-process-ma-annotator-58f47d5b5f-4wglg      10.46.6.172  Running           [{Initialized True 0001-01-01 00:00:00 +0000 UTC 2018-09-17 07:19:06 +0000 UTC  } {Ready True 0001-01-01 00:00:00 +0000 UTC 2018-09-17 07:20:56 +0000 UTC  } {ContainersReady True 0001-01-01 00:00:00 +0000 UTC 0001-01-01 00:00:00 +0000 UTC  } {PodScheduled True 0001-01-01 00:00:00 +0000 UTC 2018-09-17 07:19:05 +0000 UTC  }]&#xA;Sep 19 07:27:28.982: INFO: vulnerability-advisor-process-ma-annotator-58f47d5b5f-xbxrc      10.46.6.172  Running           [{Initialized True 0001-01-01 00:00:00 +0000 UTC 2018-09-17 07:19:06 +0000 UTC  } {Ready True 0001-01-01 00:00:00 +0000 UTC 2018-09-17 07:21:50 +0000 UTC  } {ContainersReady True 0001-01-01 00:00:00 +0000 UTC 0001-01-01 00:00:00 +0000 UTC  } {PodScheduled True 0001-01-01 00:00:00 +0000 UTC 2018-09-17 07:19:05 +0000 UTC  }]&#xA;Sep 19 07:27:28.982: INFO: vulnerability-advisor-process-ma-annotator-init-869545d547nn27w  10.46.6.172  Running           [{Initialized True 0001-01-01 00:00:00 +0000 UTC 2018-09-17 07:19:06 +0000 UTC  } {Ready True 0001-01-01 00:00:00 +0000 UTC 2018-09-17 07:19:42 +0000 UTC  } {ContainersReady True 0001-01-01 00:00:00 +0000 UTC 0001-01-01 00:00:00 +0000 UTC  } {PodScheduled True 0001-01-01 00:00:00 +0000 UTC 2018-09-17 07:19:05 +0000 UTC  }]&#xA;Sep 19 07:27:28.982: INFO: vulnerability-advisor-process-ma-crawler-24z6k                   10.46.6.172  Running           [{Initialized True 0001-01-01 00:00:00 +0000 UTC 2018-09-17 07:19:03 +0000 UTC  } {Ready True 0001-01-01 00:00:00 +0000 UTC 2018-09-17 07:19:32 +0000 UTC  } {ContainersReady True 0001-01-01 00:00:00 +0000 UTC 0001-01-01 00:00:00 +0000 UTC  } {PodScheduled True 0001-01-01 00:00:00 +0000 UTC 2018-09-17 07:19:03 +0000 UTC  }]&#xA;Sep 19 07:27:28.982: INFO: vulnerability-advisor-process-ma-crawler-5g4zk                   10.46.6.170  Running           [{Initialized True 0001-01-01 00:00:00 +0000 UTC 2018-09-17 07:19:03 +0000 UTC  } {Ready True 0001-01-01 00:00:00 +0000 UTC 2018-09-17 07:19:16 +0000 UTC  } {ContainersReady True 0001-01-01 00:00:00 +0000 UTC 0001-01-01 00:00:00 +0000 UTC  } {PodScheduled True 0001-01-01 00:00:00 +0000 UTC 2018-09-17 07:19:03 +0000 UTC  }]&#xA;Sep 19 07:27:28.982: INFO: vulnerability-advisor-process-ma-crawler-96728                   10.46.6.173  Running           [{Initialized True 0001-01-01 00:00:00 +0000 UTC 2018-09-17 07:19:03 +0000 UTC  } {Ready True 0001-01-01 00:00:00 +0000 UTC 2018-09-17 07:19:23 +0000 UTC  } {ContainersReady True 0001-01-01 00:00:00 +0000 UTC 0001-01-01 00:00:00 +0000 UTC  } {PodScheduled True 0001-01-01 00:00:00 +0000 UTC 2018-09-17 07:19:03 +0000 UTC  }]&#xA;Sep 19 07:27:28.982: INFO: vulnerability-advisor-process-ma-crawler-b7k2d                   10.46.6.171  Running           [{Initialized True 0001-01-01 00:00:00 +0000 UTC 2018-09-17 07:19:03 +0000 UTC  } {Ready True 0001-01-01 00:00:00 +0000 UTC 2018-09-17 07:19:13 +0000 UTC  } {ContainersReady True 0001-01-01 00:00:00 +0000 UTC 0001-01-01 00:00:00 +0000 UTC  } {PodScheduled True 0001-01-01 00:00:00 +0000 UTC 2018-09-17 07:19:03 +0000 UTC  }]&#xA;Sep 19 07:27:28.982: INFO: vulnerability-advisor-registry-crawler-6f9568677b-bfpm6          10.46.6.172  Running           [{Initialized True 0001-01-01 00:00:00 +0000 UTC 2018-09-17 07:19:08 +0000 UTC  } {Ready True 0001-01-01 00:00:00 +0000 UTC 2018-09-17 07:19:48 +0000 UTC  } {ContainersReady True 0001-01-01 00:00:00 +0000 UTC 0001-01-01 00:00:00 +0000 UTC  } {PodScheduled True 0001-01-01 00:00:00 +0000 UTC 2018-09-17 07:19:07 +0000 UTC  }]&#xA;Sep 19 07:27:28.982: INFO: vulnerability-advisor-rootkit-annotator-74cb65b5cf-2dk5j         10.46.6.172  Running           [{Initialized True 0001-01-01 00:00:00 +0000 UTC 2018-09-17 07:19:08 +0000 UTC  } {Ready True 0001-01-01 00:00:00 +0000 UTC 2018-09-17 07:20:26 +0000 UTC  } {ContainersReady True 0001-01-01 00:00:00 +0000 UTC 0001-01-01 00:00:00 +0000 UTC  } {PodScheduled True 0001-01-01 00:00:00 +0000 UTC 2018-09-17 07:19:07 +0000 UTC  }]&#xA;Sep 19 07:27:28.982: INFO: vulnerability-advisor-rootkit-indexer-cd8b4646b-xlhwq            10.46.6.172  Running           [{Initialized True 0001-01-01 00:00:00 +0000 UTC 2018-09-17 07:19:07 +0000 UTC  } {Ready True 0001-01-01 00:00:00 +0000 UTC 2018-09-17 07:19:26 +0000 UTC  } {ContainersReady True 0001-01-01 00:00:00 +0000 UTC 0001-01-01 00:00:00 +0000 UTC  } {PodScheduled True 0001-01-01 00:00:00 +0000 UTC 2018-09-17 07:19:06 +0000 UTC  }]&#xA;Sep 19 07:27:28.982: INFO: vulnerability-advisor-sas-apiserver-5fd8d44bc9-7bvkn             10.46.6.172  Running           [{Initialized True 0001-01-01 00:00:00 +0000 UTC 2018-09-17 07:19:09 +0000 UTC  } {Ready True 0001-01-01 00:00:00 +0000 UTC 2018-09-17 07:20:03 +0000 UTC  } {ContainersReady True 0001-01-01 00:00:00 +0000 UTC 0001-01-01 00:00:00 +0000 UTC  } {PodScheduled True 0001-01-01 00:00:00 +0000 UTC 2018-09-17 07:19:08 +0000 UTC  }]&#xA;Sep 19 07:27:28.982: INFO: vulnerability-advisor-sas-mgmt-64fb95bc44-j9vjc                  10.46.6.172  Running           [{Initialized True 0001-01-01 00:00:00 +0000 UTC 2018-09-17 07:19:08 +0000 UTC  } {Ready True 0001-01-01 00:00:00 +0000 UTC 2018-09-17 07:19:39 +0000 UTC  } {ContainersReady True 0001-01-01 00:00:00 +0000 UTC 0001-01-01 00:00:00 +0000 UTC  } {PodScheduled True 0001-01-01 00:00:00 +0000 UTC 2018-09-17 07:19:08 +0000 UTC  }]&#xA;Sep 19 07:27:28.982: INFO: vulnerability-advisor-secconfig-annotator-7dbcf5d9f4-fkmkb       10.46.6.172  Running           [{Initialized True 0001-01-01 00:00:00 +0000 UTC 2018-09-17 07:19:10 +0000 UTC  } {Ready True 0001-01-01 00:00:00 +0000 UTC 2018-09-17 07:19:45 +0000 UTC  } {ContainersReady True 0001-01-01 00:00:00 +0000 UTC 0001-01-01 00:00:00 +0000 UTC  } {PodScheduled True 0001-01-01 00:00:00 +0000 UTC 2018-09-17 07:19:08 +0000 UTC  }]&#xA;Sep 19 07:27:28.982: INFO: vulnerability-advisor-secconfig-indexer-674647df7c-qq5ff         10.46.6.172  Running           [{Initialized True 0001-01-01 00:00:00 +0000 UTC 2018-09-17 07:19:07 +0000 UTC  } {Ready True 0001-01-01 00:00:00 +0000 UTC 2018-09-17 07:19:33 +0000 UTC  } {ContainersReady True 0001-01-01 00:00:00 +0000 UTC 0001-01-01 00:00:00 +0000 UTC  } {PodScheduled True 0001-01-01 00:00:00 +0000 UTC 2018-09-17 07:19:06 +0000 UTC  }]&#xA;Sep 19 07:27:28.982: INFO: vulnerability-advisor-statsd-7746859df4-jjm6f                    10.46.6.172  Running           [{Initialized True 0001-01-01 00:00:00 +0000 UTC 2018-09-17 07:19:10 +0000 UTC  } {Ready True 0001-01-01 00:00:00 +0000 UTC 2018-09-17 07:19:38 +0000 UTC  } {ContainersReady True 0001-01-01 00:00:00 +0000 UTC 0001-01-01 00:00:00 +0000 UTC  } {PodScheduled True 0001-01-01 00:00:00 +0000 UTC 2018-09-17 07:19:09 +0000 UTC  }]&#xA;Sep 19 07:27:28.982: INFO: vulnerability-advisor-usncrawler-8h976                           10.46.6.172  Succeeded         [{Initialized True 0001-01-01 00:00:00 +0000 UTC 2018-09-17 07:19:11 +0000 UTC PodCompleted } {Ready False 0001-01-01 00:00:00 +0000 UTC 2018-09-17 07:24:06 +0000 UTC PodCompleted } {ContainersReady False 0001-01-01 00:00:00 +0000 UTC 0001-01-01 00:00:00 +0000 UTC PodCompleted } {PodScheduled True 0001-01-01 00:00:00 +0000 UTC 2018-09-17 07:19:11 +0000 UTC  }]&#xA;Sep 19 07:27:28.982: INFO: vulnerability-advisor-vulnerability-annotator-bcbf5595f-hxwst    10.46.6.172  Running           [{Initialized True 0001-01-01 00:00:00 +0000 UTC 2018-09-17 07:19:10 +0000 UTC  } {Ready True 0001-01-01 00:00:00 +0000 UTC 2018-09-17 07:20:29 +0000 UTC  } {ContainersReady True 0001-01-01 00:00:00 +0000 UTC 0001-01-01 00:00:00 +0000 UTC  } {PodScheduled True 0001-01-01 00:00:00 +0000 UTC 2018-09-17 07:19:09 +0000 UTC  }]&#xA;Sep 19 07:27:28.982: INFO: vulnerability-advisor-vulnerability-indexer-7c79b4c964-2n8cg     10.46.6.172  Running           [{Initialized True 0001-01-01 00:00:00 +0000 UTC 2018-09-17 07:19:07 +0000 UTC  } {Ready True 0001-01-01 00:00:00 +0000 UTC 2018-09-17 07:19:37 +0000 UTC  } {ContainersReady True 0001-01-01 00:00:00 +0000 UTC 0001-01-01 00:00:00 +0000 UTC  } {PodScheduled True 0001-01-01 00:00:00 +0000 UTC 2018-09-17 07:19:06 +0000 UTC  }]&#xA;Sep 19 07:27:28.982: INFO: vulnerability-advisor-zookeeper-0                                10.46.6.172  Running           [{Initialized True 0001-01-01 00:00:00 +0000 UTC 2018-09-17 07:19:15 +0000 UTC  } {Ready True 0001-01-01 00:00:00 +0000 UTC 2018-09-17 07:20:10 +0000 UTC  } {ContainersReady True 0001-01-01 00:00:00 +0000 UTC 0001-01-01 00:00:00 +0000 UTC  } {PodScheduled True 0001-01-01 00:00:00 +0000 UTC 2018-09-17 07:19:14 +0000 UTC  }]&#xA;Sep 19 07:27:28.982: INFO: &#xA;Sep 19 07:27:29.056: INFO: &#xA;Logging node info for node 10.46.6.170&#xA;Sep 19 07:27:29.059: INFO: Node Info: &amp;Node{ObjectMeta:k8s_io_apimachinery_pkg_apis_meta_v1.ObjectMeta{Name:10.46.6.170,GenerateName:,Namespace:,SelfLink:/api/v1/nodes/10.46.6.170,UID:0c4508eb-ba48-11e8-b20e-fa163e707b2e,ResourceVersion:454153,Generation:0,CreationTimestamp:2018-09-17 07:05:24 +0000 UTC,DeletionTimestamp:&lt;nil&gt;,DeletionGracePeriodSeconds:nil,Labels:map[string]string{beta.kubernetes.io/arch: amd64,beta.kubernetes.io/os: linux,kubernetes.io/hostname: 10.46.6.170,node-role.kubernetes.io/worker: true,},Annotations:map[string]string{node.alpha.kubernetes.io/ttl: 0,volumes.kubernetes.io/controller-managed-attach-detach: true,},OwnerReferences:[],Finalizers:[],ClusterName:,Initializers:nil,},Spec:NodeSpec{PodCIDR:,DoNotUse_ExternalID:,ProviderID:,Unschedulable:false,Taints:[],ConfigSource:nil,},Status:NodeStatus{Capacity:ResourceList{cpu: {{8 0} {&lt;nil&gt;} 8 DecimalSI},ephemeral-storage: {{107362627584 0} {&lt;nil&gt;} 104846316Ki BinarySI},hugepages-1Gi: {{0 0} {&lt;nil&gt;} 0 DecimalSI},hugepages-2Mi: {{0 0} {&lt;nil&gt;} 0 DecimalSI},memory: {{16825630720 0} {&lt;nil&gt;}  BinarySI},pods: {{80 0} {&lt;nil&gt;} 80 DecimalSI},},Allocatable:ResourceList{cpu: {{8 0} {&lt;nil&gt;} 8 DecimalSI},ephemeral-storage: {{96626364666 0} {&lt;nil&gt;} 96626364666 DecimalSI},hugepages-1Gi: {{0 0} {&lt;nil&gt;} 0 DecimalSI},hugepages-2Mi: {{0 0} {&lt;nil&gt;} 0 DecimalSI},memory: {{16720773120 0} {&lt;nil&gt;}  BinarySI},pods: {{80 0} {&lt;nil&gt;} 80 DecimalSI},},Phase:,Conditions:[{OutOfDisk False 2018-09-19 07:27:27 +0000 UTC 2018-09-17 07:05:24 +0000 UTC KubeletHasSufficientDisk kubelet has sufficient disk space available} {MemoryPressure False 2018-09-19 07:27:27 +0000 UTC 2018-09-17 07:05:24 +0000 UTC KubeletHasSufficientMemory kubelet has sufficient memory available} {DiskPressure False 2018-09-19 07:27:27 +0000 UTC 2018-09-17 07:05:24 +0000 UTC KubeletHasNoDiskPressure kubelet has no disk pressure} {PIDPressure False 2018-09-19 07:27:27 +0000 UTC 2018-09-17 07:05:24 +0000 UTC KubeletHasSufficientPID kubelet has sufficient PID available} {Ready True 2018-09-19 07:27:27 +0000 UTC 2018-09-17 07:06:04 +0000 UTC KubeletReady kubelet is posting ready status}],Addresses:[{InternalIP 10.46.6.170} {Hostname 10.46.6.170}],DaemonEndpoints:NodeDaemonEndpoints{KubeletEndpoint:DaemonEndpoint{Port:10250,},},NodeInfo:NodeSystemInfo{MachineID:52ca0d2c3fb341c79b059a96d10571a6,SystemUUID:B2A91A2D-0576-4E7B-AEBA-AE95FFDDF786,BootID:ae0d54c3-4892-49fd-b5c7-ca2077060a4b,KernelVersion:3.10.0-862.9.1.el7.x86_64,OSImage:Red Hat Enterprise Linux,ContainerRuntimeVersion:docker://18.3.1,KubeletVersion:v1.11.1+icp-ee,KubeProxyVersion:v1.11.1+icp-ee,OperatingSystem:linux,Architecture:amd64,},Images:[{[lzj.icp:8500/ibmcom/live-crawler@sha256:1a648615e7b439f093697f65350262823e6c711c4b21ea81596ced1c28a48133 lzj.icp:8500/ibmcom/live-crawler:1.3.1] 987515538} {[lzj.icp:8500/ibmcom/hyperkube@sha256:9fbddbf2d04354912c8a981395493d250474cb9fa587fa91119e69467078b180 lzj.icp:8500/ibmcom/hyperkube:v1.11.1-ee] 782626408} {[gcr.io/heptio-images/kube-conformance@sha256:5482c7f5f7b874c5c6caec6ddef5406f19a52a2c3a36897cadf0a8f78ab57982 gcr.io/heptio-images/kube-conformance:latest] 532182058} {[open-liberty@sha256:e962af00796d50687a4ac71d5e8ab046696c314b4a84617b0d216b671519df31 open-liberty:latest] 500884023} {[lzj.icp:8500/ibmcom/icp-filebeat@sha256:72669dde64d7ab85bbb9e93428efe548b2693a4eae5168a4705f6e30cd20e584 lzj.icp:8500/ibmcom/icp-filebeat:5.5.1] 317104874} {[lzj.icp:8500/ibmcom/fluentd@sha256:f85a5ffd86438f1a73d04caf6e33ef3474675d9fa0947431f4d0a9602fc981af lzj.icp:8500/ibmcom/fluentd:v1.2.2-icp] 270902701} {[lzj.icp:8500/ibmcom/calico-node@sha256:85a23d8030137d49663d3d82844a61998331606de9fc523dfdd0a75be7fb9828 lzj.icp:8500/ibmcom/calico-node:v3.1.3] 248202699} {[lzj.icp:8500/ibmcom/nvidia-device-plugin@sha256:2d57caa41994d1e0b3d952526a651f8da487e068874d1075f915fa48ad969ba6 lzj.icp:8500/ibmcom/nvidia-device-plugin:1.0] 132413452} {[lzj.icp:8500/ibmcom/metering-data-manager@sha256:97803f4458c6f6ca62076cf6958cb8ab98cf9ffed7cd4977550eeaa6db8ead70 lzj.icp:8500/ibmcom/metering-data-manager:3.1.0] 121942877} {[lzj.icp:8500/ibmcom/icp-management-ingress@sha256:259a9d288f5ee4f169c618b6d870b5ae38b954a3bf69f3f392523b1aaa9f4001 lzj.icp:8500/ibmcom/icp-management-ingress:2.2.1] 80410712} {[lzj.icp:8500/ibmcom/calico-cni@sha256:b56c2d3e62bd02f15dd5ec335c25ac81bb39d214e904525227640790686855d7 lzj.icp:8500/ibmcom/calico-cni:v3.1.3] 68849270} {[gcr.io/heptio-images/sonobuoy@sha256:165df6f635ddd0088ed6686e07ffb47f8dd17fdba153f61dbec9aa80c0d2e0b8 gcr.io/heptio-images/sonobuoy:latest gcr.io/heptio-images/sonobuoy:v0.11.6] 33401240} {[gcr.io/kubernetes-e2e-test-images/nettest-amd64@sha256:f2d3eba3ae2043c51389935be4bf41b2b0e60fd7220b9ba9cbc51eceaa74b2b4 gcr.io/kubernetes-e2e-test-images/nettest-amd64:1.0] 27413498} {[lzj.icp:8500/ibmcom/node-exporter@sha256:b24db452b1a0bf46abba095162d0fbc89ea40eeabbfe43ae01dab54107ecff0e lzj.icp:8500/ibmcom/node-exporter:v0.16.0] 22915749} {[gcr.io/kubernetes-e2e-test-images/netexec-amd64@sha256:da1c165175d5589ed70384e406a0291b6f76d53fc99e2c31ae23003e11e5bfde gcr.io/kubernetes-e2e-test-images/netexec-amd64:1.0] 6713741} {[gcr.io/kubernetes-e2e-test-images/mounttest-amd64@sha256:e3e75014e6df02dc21e6fb95f93b989a2ff8a91f36ae88d74eccbabaa21fc211 gcr.io/kubernetes-e2e-test-images/mounttest-amd64:1.0] 1563521} {[gcr.io/kubernetes-e2e-test-images/mounttest-user-amd64@sha256:1ac490f1442cad4b1c886527470393c71302cc62f5e3304fb08854403cbc68dc gcr.io/kubernetes-e2e-test-images/mounttest-user-amd64:1.0] 1450451} {[busybox@sha256:cb63aa0641a885f54de20f61d152187419e8f6b159ed11a251a09d115fdff9bd busybox:latest] 1162769} {[lzj.icp:8500/ibmcom/pause@sha256:8a18035491d4fbbe481be5eac11819315ec94677ab465608d052d87b3cdcff7f lzj.icp:8500/ibmcom/pause:3.1] 742472}],VolumesInUse:[],VolumesAttached:[],Config:&amp;NodeConfigStatus{Assigned:nil,Active:nil,LastKnownGood:nil,Error:,},},}&#xA;Sep 19 07:27:29.059: INFO: &#xA;Logging kubelet events for node 10.46.6.170&#xA;Sep 19 07:27:29.062: INFO: &#xA;Logging pods the kubelet thinks is on node 10.46.6.170&#xA;Sep 19 07:27:29.076: INFO: k8s-proxy-10.46.6.170 started at &lt;nil&gt; (0+0 container statuses recorded)&#xA;Sep 19 07:27:29.076: INFO: calico-node-htf97 started at 2018-09-17 07:05:53 +0000 UTC (0+2 container statuses recorded)&#xA;Sep 19 07:27:29.076: INFO: &#x9;Container calico-node ready: true, restart count 0&#xA;Sep 19 07:27:29.076: INFO: &#x9;Container install-cni ready: true, restart count 0&#xA;Sep 19 07:27:29.076: INFO: logging-elk-filebeat-ds-jtd5q started at 2018-09-17 07:15:20 +0000 UTC (0+1 container statuses recorded)&#xA;Sep 19 07:27:29.076: INFO: &#x9;Container filebeat ready: true, restart count 0&#xA;Sep 19 07:27:29.076: INFO: sonobuoy started at 2018-09-19 07:22:02 +0000 UTC (0+1 container statuses recorded)&#xA;Sep 19 07:27:29.076: INFO: &#x9;Container kube-sonobuoy ready: true, restart count 0&#xA;Sep 19 07:27:29.076: INFO: sonobuoy-e2e-job-c3f9b53ea97c48a2 started at 2018-09-19 07:22:08 +0000 UTC (0+2 container statuses recorded)&#xA;Sep 19 07:27:29.076: INFO: &#x9;Container e2e ready: true, restart count 0&#xA;Sep 19 07:27:29.076: INFO: &#x9;Container sonobuoy-worker ready: true, restart count 0&#xA;Sep 19 07:27:29.076: INFO: nvidia-device-plugin-9h2k4 started at 2018-09-17 07:07:17 +0000 UTC (1+1 container statuses recorded)&#xA;Sep 19 07:27:29.076: INFO: &#x9;Init container nvidia-driver-collector ready: true, restart count 0&#xA;Sep 19 07:27:29.076: INFO: &#x9;Container nvidia-device-plugin ready: true, restart count 0&#xA;Sep 19 07:27:29.076: INFO: metering-reader-44wd7 started at 2018-09-17 07:14:11 +0000 UTC (1+1 container statuses recorded)&#xA;Sep 19 07:27:29.076: INFO: &#x9;Init container metering-reader-init ready: true, restart count 1&#xA;Sep 19 07:27:29.076: INFO: &#x9;Container metering-reader ready: true, restart count 0&#xA;Sep 19 07:27:29.076: INFO: vulnerability-advisor-live-crawler-ccxd7 started at 2018-09-17 07:19:03 +0000 UTC (0+1 container statuses recorded)&#xA;Sep 19 07:27:29.076: INFO: &#x9;Container live-crawler ready: true, restart count 0&#xA;Sep 19 07:27:29.076: INFO: my-ibm-open-liberty-ibm-7f7d9778d7-7t5jc started at 2018-09-17 08:22:24 +0000 UTC (0+1 container statuses recorded)&#xA;Sep 19 07:27:29.076: INFO: &#x9;Container ibm-open-liberty ready: true, restart count 0&#xA;Sep 19 07:27:29.076: INFO: monitoring-prometheus-nodeexporter-tpbc8 started at 2018-09-17 07:15:44 +0000 UTC (0+2 container statuses recorded)&#xA;Sep 19 07:27:29.076: INFO: &#x9;Container nodeexporter ready: true, restart count 0&#xA;Sep 19 07:27:29.076: INFO: &#x9;Container router ready: true, restart count 0&#xA;Sep 19 07:27:29.076: INFO: audit-logging-fluentd-ds-4cgnk started at 2018-09-17 07:18:46 +0000 UTC (0+1 container statuses recorded)&#xA;Sep 19 07:27:29.076: INFO: &#x9;Container fluentd ready: true, restart count 0&#xA;Sep 19 07:27:29.076: INFO: vulnerability-advisor-process-ma-crawler-5g4zk started at 2018-09-17 07:19:03 +0000 UTC (0+1 container statuses recorded)&#xA;Sep 19 07:27:29.076: INFO: &#x9;Container process-ma-crawler ready: true, restart count 0&#xA;Sep 19 07:27:29.136: INFO: &#xA;Latency metrics for node 10.46.6.170&#xA;Sep 19 07:27:29.136: INFO: {Operation:stop_container Method:docker_operations_latency_microseconds Quantile:0.99 Latency:30.354387s}&#xA;Sep 19 07:27:29.136: INFO: &#xA;Logging node info for node 10.46.6.171&#xA;Sep 19 07:27:29.140: INFO: Node Info: &amp;Node{ObjectMeta:k8s_io_apimachinery_pkg_apis_meta_v1.ObjectMeta{Name:10.46.6.171,GenerateName:,Namespace:,SelfLink:/api/v1/nodes/10.46.6.171,UID:0c79152a-ba48-11e8-b20e-fa163e707b2e,ResourceVersion:454146,Generation:0,CreationTimestamp:2018-09-17 07:05:24 +0000 UTC,DeletionTimestamp:&lt;nil&gt;,DeletionGracePeriodSeconds:nil,Labels:map[string]string{beta.kubernetes.io/arch: amd64,beta.kubernetes.io/os: linux,kubernetes.io/hostname: 10.46.6.171,management: true,node-role.kubernetes.io/management: true,},Annotations:map[string]string{node.alpha.kubernetes.io/ttl: 0,volumes.kubernetes.io/controller-managed-attach-detach: true,},OwnerReferences:[],Finalizers:[],ClusterName:,Initializers:nil,},Spec:NodeSpec{PodCIDR:,DoNotUse_ExternalID:,ProviderID:,Unschedulable:false,Taints:[{dedicated management NoSchedule &lt;nil&gt;}],ConfigSource:nil,},Status:NodeStatus{Capacity:ResourceList{cpu: {{8 0} {&lt;nil&gt;} 8 DecimalSI},ephemeral-storage: {{107362627584 0} {&lt;nil&gt;} 104846316Ki BinarySI},hugepages-1Gi: {{0 0} {&lt;nil&gt;} 0 DecimalSI},hugepages-2Mi: {{0 0} {&lt;nil&gt;} 0 DecimalSI},memory: {{16825630720 0} {&lt;nil&gt;}  BinarySI},pods: {{80 0} {&lt;nil&gt;} 80 DecimalSI},},Allocatable:ResourceList{cpu: {{8 0} {&lt;nil&gt;} 8 DecimalSI},ephemeral-storage: {{107257769984 0} {&lt;nil&gt;} 104743916Ki BinarySI},hugepages-1Gi: {{0 0} {&lt;nil&gt;} 0 DecimalSI},hugepages-2Mi: {{0 0} {&lt;nil&gt;} 0 DecimalSI},memory: {{16720773120 0} {&lt;nil&gt;}  BinarySI},pods: {{80 0} {&lt;nil&gt;} 80 DecimalSI},},Phase:,Conditions:[{OutOfDisk False 2018-09-19 07:27:25 +0000 UTC 2018-09-17 07:05:24 +0000 UTC KubeletHasSufficientDisk kubelet has sufficient disk space available} {MemoryPressure False 2018-09-19 07:27:25 +0000 UTC 2018-09-17 07:05:24 +0000 UTC KubeletHasSufficientMemory kubelet has sufficient memory available} {DiskPressure False 2018-09-19 07:27:25 +0000 UTC 2018-09-17 07:05:24 +0000 UTC KubeletHasNoDiskPressure kubelet has no disk pressure} {PIDPressure False 2018-09-19 07:27:25 +0000 UTC 2018-09-17 07:05:24 +0000 UTC KubeletHasSufficientPID kubelet has sufficient PID available} {Ready True 2018-09-19 07:27:25 +0000 UTC 2018-09-17 07:06:05 +0000 UTC KubeletReady kubelet is posting ready status}],Addresses:[{InternalIP 10.46.6.171} {Hostname 10.46.6.171}],DaemonEndpoints:NodeDaemonEndpoints{KubeletEndpoint:DaemonEndpoint{Port:10250,},},NodeInfo:NodeSystemInfo{MachineID:52ca0d2c3fb341c79b059a96d10571a6,SystemUUID:00401CD1-AB88-4341-9CDC-C9648BFB2B56,BootID:706dbc67-f432-47c3-840e-f599801336c8,KernelVersion:3.10.0-862.9.1.el7.x86_64,OSImage:Red Hat Enterprise Linux,ContainerRuntimeVersion:docker://18.3.1,KubeletVersion:v1.11.1+icp-ee,KubeProxyVersion:v1.11.1+icp-ee,OperatingSystem:linux,Architecture:amd64,},Images:[{[lzj.icp:8500/ibmcom/live-crawler@sha256:1a648615e7b439f093697f65350262823e6c711c4b21ea81596ced1c28a48133 lzj.icp:8500/ibmcom/live-crawler:1.3.1] 987515538} {[lzj.icp:8500/ibmcom/hyperkube@sha256:9fbddbf2d04354912c8a981395493d250474cb9fa587fa91119e69467078b180 lzj.icp:8500/ibmcom/hyperkube:v1.11.1-ee] 782626408} {[lzj.icp:8500/ibmcom/icp-logstash@sha256:a182a00827aefe7f5f95b18fa1ec8f6897989290b37f3d98bd6440ddda796433 lzj.icp:8500/ibmcom/icp-logstash:5.5.1] 764906887} {[lzj.icp:8500/ibmcom/icp-kibana@sha256:6e2746da64a64f98c5761b87d5e185a9c2ac75c9c4e767ab284062b1847b7571 lzj.icp:8500/ibmcom/icp-kibana:5.5.1] 639622018} {[lzj.icp:8500/ibmcom/icp-elasticsearch@sha256:b410aacb6005fe24bfd87b045ea26fde3d6eb3ca52c3f0e4560cdc208944ba50 lzj.icp:8500/ibmcom/icp-elasticsearch:5.5.1] 520121248} {[lzj.icp:8500/ibmcom/logging-pki-init@sha256:21aa9cbd05a849b4891b15cf636f73545f6001f16c82f8eeed2e90b4f9312377 lzj.icp:8500/ibmcom/logging-pki-init:2.0.0] 501921135} {[lzj.icp:8500/ibmcom/searchguard-init@sha256:3d0d8a8404a9df5ad238bce1e0542cdda609cc445dfc3964952243d9fc103276 lzj.icp:8500/ibmcom/searchguard-init:2.0.0] 457030441} {[lzj.icp:8500/ibmcom/metering-ui@sha256:d6453f9afecc9b1fc778c195e20bbb39d4ef6262af2f7a9a5ce3cddc259fec99 lzj.icp:8500/ibmcom/metering-ui:3.1.0] 385577105} {[lzj.icp:8500/ibmcom/icp-filebeat@sha256:72669dde64d7ab85bbb9e93428efe548b2693a4eae5168a4705f6e30cd20e584 lzj.icp:8500/ibmcom/icp-filebeat:5.5.1] 317104874} {[lzj.icp:8500/ibmcom/fluentd@sha256:f85a5ffd86438f1a73d04caf6e33ef3474675d9fa0947431f4d0a9602fc981af lzj.icp:8500/ibmcom/fluentd:v1.2.2-icp] 270902701} {[lzj.icp:8500/ibmcom/elasticsearch-plugin-searchguard@sha256:f47116021e3eec7b2fed9f6ed8bd77fd890457e5a1546dda7f863c032d4395b1 lzj.icp:8500/ibmcom/elasticsearch-plugin-searchguard:2.0.0] 267864279} {[lzj.icp:8500/ibmcom/calico-node@sha256:85a23d8030137d49663d3d82844a61998331606de9fc523dfdd0a75be7fb9828 lzj.icp:8500/ibmcom/calico-node:v3.1.3] 248202699} {[lzj.icp:8500/ibmcom/grafana@sha256:5d2739d3ec5c7f6ea66d69caa918b764660b99a3d37cb1f4123f1a9623ce8e38 lzj.icp:8500/ibmcom/grafana:5.2.0] 245297582} {[lzj.icp:8500/ibmcom/indices-cleaner@sha256:31dac3be1246f17dddade06b517c073244ce56d85bc54135fdaf010dbb0bca10 lzj.icp:8500/ibmcom/indices-cleaner:1.0.0] 238131553} {[lzj.icp:8500/ibmcom/curl@sha256:adf92a267e351914d041a56d64ebe80331c45f8e20ab23b7ada67bea78da9996 lzj.icp:8500/ibmcom/curl:4.0.0] 221192597} {[lzj.icp:8500/ibmcom/nvidia-device-plugin@sha256:2d57caa41994d1e0b3d952526a651f8da487e068874d1075f915fa48ad969ba6 lzj.icp:8500/ibmcom/nvidia-device-plugin:1.0] 132413452} {[lzj.icp:8500/ibmcom/metering-data-manager@sha256:97803f4458c6f6ca62076cf6958cb8ab98cf9ffed7cd4977550eeaa6db8ead70 lzj.icp:8500/ibmcom/metering-data-manager:3.1.0] 121942877} {[lzj.icp:8500/ibmcom/prometheus@sha256:91cba3cbf7a61499969a8a5a27347830ed1740b2285de9ac31e231e7ce44deb7 lzj.icp:8500/ibmcom/prometheus:v2.3.1] 118818909} {[lzj.icp:8500/ibmcom/icp-management-ingress@sha256:259a9d288f5ee4f169c618b6d870b5ae38b954a3bf69f3f392523b1aaa9f4001 lzj.icp:8500/ibmcom/icp-management-ingress:2.2.1] 80410712} {[lzj.icp:8500/ibmcom/calico-cni@sha256:b56c2d3e62bd02f15dd5ec335c25ac81bb39d214e904525227640790686855d7 lzj.icp:8500/ibmcom/calico-cni:v3.1.3] 68849270} {[lzj.icp:8500/ibmcom/k8s-prometheus-adapter@sha256:cf7f0c35ff0a0ec9cf743ef87e4c951f74d3fd0b4b97925784cc857565b4d7ba lzj.icp:8500/ibmcom/k8s-prometheus-adapter:v0.2.1.1] 52134773} {[lzj.icp:8500/ibmcom/metrics-server@sha256:973b5dd33165e4856f22a9f48a9b7f5bd2f01399d6479c46212ea92336a9ca40 lzj.icp:8500/ibmcom/metrics-server:v0.2.1.1] 42541759} {[lzj.icp:8500/ibmcom/ibmcloud-image-enforcement@sha256:d29efeb868c054eead02eec72c86f690c4a8c81b95f99f22bbc873644b090e99 lzj.icp:8500/ibmcom/ibmcloud-image-enforcement:0.2.0] 40040099} {[lzj.icp:8500/ibmcom/alertmanager@sha256:f3e7d379040499e05c1377862cc8a74cd5ffed2a175bf62fc18dc07b98d6ab00 lzj.icp:8500/ibmcom/alertmanager:v0.15.0] 36095602} {[lzj.icp:8500/ibmcom/kube-state-metrics@sha256:6a574d2e4a7338abdd3d0b85dd2510cbf046cd09a70505b99513feee42d00559 lzj.icp:8500/ibmcom/kube-state-metrics:v1.3.0] 35646776} {[lzj.icp:8500/ibmcom/node-exporter@sha256:b24db452b1a0bf46abba095162d0fbc89ea40eeabbfe43ae01dab54107ecff0e lzj.icp:8500/ibmcom/node-exporter:v0.16.0] 22915749} {[lzj.icp:8500/ibmcom/configmap-reload@sha256:77a4ede137dd4980fe02c70ad189bf7b89dd1a9e134c0fe4475842fe8948f6a9 lzj.icp:8500/ibmcom/configmap-reload:v0.2.2] 22381476} {[lzj.icp:8500/ibmcom/collectd-exporter@sha256:0ef0cfb0a60f66046851bfafbfa1913814c7a4967e4e7561ce5111186338f6d9 lzj.icp:8500/ibmcom/collectd-exporter:v0.4.0] 13695364} {[lzj.icp:8500/ibmcom/elasticsearch-exporter@sha256:27806a00f45314a1c06af096236004020a98202edbbce81d993aadfaca0c66a0 lzj.icp:8500/ibmcom/elasticsearch-exporter:1.0.2] 9202086} {[lzj.icp:8500/ibmcom/icp-initcontainer@sha256:c1b9397380303cfc23505576a19859c7e26936f80a26bb4fae95ef68e7775de8 lzj.icp:8500/ibmcom/icp-initcontainer:1.0.0] 3965926} {[lzj.icp:8500/ibmcom/pause@sha256:8a18035491d4fbbe481be5eac11819315ec94677ab465608d052d87b3cdcff7f lzj.icp:8500/ibmcom/pause:3.1] 742472}],VolumesInUse:[],VolumesAttached:[],Config:&amp;NodeConfigStatus{Assigned:nil,Active:nil,LastKnownGood:nil,Error:,},},}&#xA;Sep 19 07:27:29.141: INFO: &#xA;Logging kubelet events for node 10.46.6.171&#xA;Sep 19 07:27:29.145: INFO: &#xA;Logging pods the kubelet thinks is on node 10.46.6.171&#xA;Sep 19 07:27:29.173: INFO: logging-elk-data-0 started at 2018-09-17 07:15:21 +0000 UTC (3+1 container statuses recorded)&#xA;Sep 19 07:27:29.173: INFO: &#x9;Init container chmod ready: true, restart count 0&#xA;Sep 19 07:27:29.173: INFO: &#x9;Init container sysctl ready: true, restart count 0&#xA;Sep 19 07:27:29.173: INFO: &#x9;Init container plugin-bundle ready: true, restart count 0&#xA;Sep 19 07:27:29.173: INFO: &#x9;Container es-data ready: true, restart count 0&#xA;Sep 19 07:27:29.173: INFO: logging-elk-kibana-ff4db4866-s2295 started at 2018-09-17 07:15:21 +0000 UTC (0+2 container statuses recorded)&#xA;Sep 19 07:27:29.173: INFO: &#x9;Container kibana ready: true, restart count 0&#xA;Sep 19 07:27:29.173: INFO: &#x9;Container router ready: true, restart count 0&#xA;Sep 19 07:27:29.173: INFO: monitoring-prometheus-nodeexporter-9fnpb started at 2018-09-17 07:15:44 +0000 UTC (0+2 container statuses recorded)&#xA;Sep 19 07:27:29.173: INFO: &#x9;Container nodeexporter ready: true, restart count 0&#xA;Sep 19 07:27:29.173: INFO: &#x9;Container router ready: true, restart count 0&#xA;Sep 19 07:27:29.173: INFO: monitoring-prometheus-kubestatemetrics-54dcbb6cfb-76zmm started at 2018-09-17 07:15:45 +0000 UTC (0+2 container statuses recorded)&#xA;Sep 19 07:27:29.173: INFO: &#x9;Container kubestatemetrics ready: true, restart count 0&#xA;Sep 19 07:27:29.173: INFO: &#x9;Container router ready: true, restart count 0&#xA;Sep 19 07:27:29.173: INFO: audit-logging-fluentd-ds-bc22k started at 2018-09-17 07:18:46 +0000 UTC (0+1 container statuses recorded)&#xA;Sep 19 07:27:29.173: INFO: &#x9;Container fluentd ready: true, restart count 0&#xA;Sep 19 07:27:29.173: INFO: k8s-proxy-10.46.6.171 started at &lt;nil&gt; (0+0 container statuses recorded)&#xA;Sep 19 07:27:29.173: INFO: metrics-server-6d6695f9db-8t4xs started at 2018-09-17 07:08:51 +0000 UTC (0+1 container statuses recorded)&#xA;Sep 19 07:27:29.173: INFO: &#x9;Container metrics-server ready: true, restart count 0&#xA;Sep 19 07:27:29.173: INFO: metering-dm-8b475fc57-cmm6h started at 2018-09-17 07:14:12 +0000 UTC (1+1 container statuses recorded)&#xA;Sep 19 07:27:29.173: INFO: &#x9;Init container metering-dm-init ready: true, restart count 0&#xA;Sep 19 07:27:29.173: INFO: &#x9;Container metering-dm ready: true, restart count 0&#xA;Sep 19 07:27:29.173: INFO: logging-elk-filebeat-ds-bs86r started at 2018-09-17 07:15:20 +0000 UTC (0+1 container statuses recorded)&#xA;Sep 19 07:27:29.173: INFO: &#x9;Container filebeat ready: true, restart count 0&#xA;Sep 19 07:27:29.173: INFO: logging-elk-client-75d4d7994c-7g7fn started at 2018-09-17 07:15:21 +0000 UTC (2+3 container statuses recorded)&#xA;Sep 19 07:27:29.173: INFO: &#x9;Init container sysctl ready: true, restart count 0&#xA;Sep 19 07:27:29.173: INFO: &#x9;Init container plugin-bundle ready: true, restart count 0&#xA;Sep 19 07:27:29.173: INFO: &#x9;Container es-client ready: true, restart count 0&#xA;Sep 19 07:27:29.173: INFO: &#x9;Container indices-cleaner ready: true, restart count 0&#xA;Sep 19 07:27:29.173: INFO: &#x9;Container router ready: true, restart count 0&#xA;Sep 19 07:27:29.173: INFO: monitoring-prometheus-alertmanager-7d8749dbb8-xj68d started at 2018-09-17 07:15:46 +0000 UTC (0+3 container statuses recorded)&#xA;Sep 19 07:27:29.173: INFO: &#x9;Container alertmanager ready: true, restart count 0&#xA;Sep 19 07:27:29.173: INFO: &#x9;Container configmap-reload ready: true, restart count 0&#xA;Sep 19 07:27:29.173: INFO: &#x9;Container router ready: true, restart count 0&#xA;Sep 19 07:27:29.173: INFO: monitoring-prometheus-collectdexporter-77575678dc-v8n2l started at 2018-09-17 07:15:46 +0000 UTC (0+2 container statuses recorded)&#xA;Sep 19 07:27:29.173: INFO: &#x9;Container collectd-exporter ready: true, restart count 0&#xA;Sep 19 07:27:29.173: INFO: &#x9;Container router ready: true, restart count 0&#xA;Sep 19 07:27:29.173: INFO: vulnerability-advisor-live-crawler-xxz8p started at 2018-09-17 07:19:03 +0000 UTC (0+1 container statuses recorded)&#xA;Sep 19 07:27:29.173: INFO: &#x9;Container live-crawler ready: true, restart count 0&#xA;Sep 19 07:27:29.173: INFO: nvidia-device-plugin-vh85n started at 2018-09-17 07:07:17 +0000 UTC (1+1 container statuses recorded)&#xA;Sep 19 07:27:29.173: INFO: &#x9;Init container nvidia-driver-collector ready: true, restart count 0&#xA;Sep 19 07:27:29.173: INFO: &#x9;Container nvidia-device-plugin ready: true, restart count 0&#xA;Sep 19 07:27:29.173: INFO: custom-metrics-adapter-64f64964b4-f9gmc started at 2018-09-17 07:14:28 +0000 UTC (1+1 container statuses recorded)&#xA;Sep 19 07:27:29.173: INFO: &#x9;Init container init-adapter ready: true, restart count 0&#xA;Sep 19 07:27:29.173: INFO: &#x9;Container custom-metrics-adapter ready: true, restart count 0&#xA;Sep 19 07:27:29.173: INFO: logging-elk-elasticsearch-tls-init-6hnl4 started at 2018-09-17 07:15:20 +0000 UTC (0+1 container statuses recorded)&#xA;Sep 19 07:27:29.173: INFO: &#x9;Container searchguard-init ready: false, restart count 0&#xA;Sep 19 07:27:29.173: INFO: monitoring-prometheus-elasticsearchexporter-655864cccb-c6tps started at 2018-09-17 07:15:46 +0000 UTC (0+2 container statuses recorded)&#xA;Sep 19 07:27:29.173: INFO: &#x9;Container elasticsearchexporter ready: true, restart count 0&#xA;Sep 19 07:27:29.173: INFO: &#x9;Container router ready: true, restart count 0&#xA;Sep 19 07:27:29.173: INFO: monitoring-prometheus-6677d7c77f-pnpt5 started at 2018-09-17 07:15:46 +0000 UTC (1+4 container statuses recorded)&#xA;Sep 19 07:27:29.173: INFO: &#x9;Init container init-container ready: true, restart count 0&#xA;Sep 19 07:27:29.173: INFO: &#x9;Container configmap-reload-alertrules ready: true, restart count 0&#xA;Sep 19 07:27:29.173: INFO: &#x9;Container configmap-reload-prometheus ready: true, restart count 0&#xA;Sep 19 07:27:29.173: INFO: &#x9;Container prometheus ready: true, restart count 0&#xA;Sep 19 07:27:29.173: INFO: &#x9;Container router ready: true, restart count 0&#xA;Sep 19 07:27:29.173: INFO: calico-node-gpm2c started at 2018-09-17 07:05:53 +0000 UTC (0+2 container statuses recorded)&#xA;Sep 19 07:27:29.173: INFO: &#x9;Container calico-node ready: true, restart count 0&#xA;Sep 19 07:27:29.173: INFO: &#x9;Container install-cni ready: true, restart count 0&#xA;Sep 19 07:27:29.173: INFO: metering-reader-xq8f2 started at 2018-09-17 07:14:11 +0000 UTC (1+1 container statuses recorded)&#xA;Sep 19 07:27:29.173: INFO: &#x9;Init container metering-reader-init ready: true, restart count 1&#xA;Sep 19 07:27:29.173: INFO: &#x9;Container metering-reader ready: true, restart count 0&#xA;Sep 19 07:27:29.173: INFO: logging-elk-logstash-7994656f46-r89mt started at 2018-09-17 07:15:22 +0000 UTC (0+1 container statuses recorded)&#xA;Sep 19 07:27:29.174: INFO: &#x9;Container logstash ready: true, restart count 0&#xA;Sep 19 07:27:29.174: INFO: monitoring-grafana-548b947c8c-dh89z started at 2018-09-17 07:15:46 +0000 UTC (1+2 container statuses recorded)&#xA;Sep 19 07:27:29.174: INFO: &#x9;Init container init-container ready: true, restart count 0&#xA;Sep 19 07:27:29.174: INFO: &#x9;Container grafana ready: true, restart count 0&#xA;Sep 19 07:27:29.174: INFO: &#x9;Container router ready: true, restart count 0&#xA;Sep 19 07:27:29.174: INFO: vulnerability-advisor-process-ma-crawler-b7k2d started at 2018-09-17 07:19:03 +0000 UTC (0+1 container statuses recorded)&#xA;Sep 19 07:27:29.174: INFO: &#x9;Container process-ma-crawler ready: true, restart count 0&#xA;Sep 19 07:27:29.174: INFO: ibmcloud-image-enforcement-76ddccbf9f-kqmlb started at 2018-09-17 07:14:02 +0000 UTC (0+1 container statuses recorded)&#xA;Sep 19 07:27:29.174: INFO: &#x9;Container ibmcloud-image-enforcement ready: true, restart count 0&#xA;Sep 19 07:27:29.174: INFO: metering-ui-5bbfbb5d49-wkh8m started at 2018-09-17 07:14:12 +0000 UTC (1+1 container statuses recorded)&#xA;Sep 19 07:27:29.174: INFO: &#x9;Init container metering-ui-init ready: true, restart count 0&#xA;Sep 19 07:27:29.174: INFO: &#x9;Container metering-ui ready: true, restart count 0&#xA;Sep 19 07:27:29.174: INFO: logging-elk-master-6cdcf45f7d-gp28f started at 2018-09-17 07:15:21 +0000 UTC (2+1 container statuses recorded)&#xA;Sep 19 07:27:29.174: INFO: &#x9;Init container sysctl ready: true, restart count 0&#xA;Sep 19 07:27:29.174: INFO: &#x9;Init container plugin-bundle ready: true, restart count 0&#xA;Sep 19 07:27:29.174: INFO: &#x9;Container es-master ready: true, restart count 0&#xA;Sep 19 07:27:29.210: INFO: &#xA;Latency metrics for node 10.46.6.171&#xA;Sep 19 07:27:29.211: INFO: &#xA;Logging node info for node 10.46.6.172&#xA;Sep 19 07:27:29.216: INFO: Node Info: &amp;Node{ObjectMeta:k8s_io_apimachinery_pkg_apis_meta_v1.ObjectMeta{Name:10.46.6.172,GenerateName:,Namespace:,SelfLink:/api/v1/nodes/10.46.6.172,UID:0c6032ef-ba48-11e8-b20e-fa163e707b2e,ResourceVersion:454161,Generation:0,CreationTimestamp:2018-09-17 07:05:24 +0000 UTC,DeletionTimestamp:&lt;nil&gt;,DeletionGracePeriodSeconds:nil,Labels:map[string]string{beta.kubernetes.io/arch: amd64,beta.kubernetes.io/os: linux,kubernetes.io/hostname: 10.46.6.172,node-role.kubernetes.io/va: true,va: true,},Annotations:map[string]string{node.alpha.kubernetes.io/ttl: 0,volumes.kubernetes.io/controller-managed-attach-detach: true,},OwnerReferences:[],Finalizers:[],ClusterName:,Initializers:nil,},Spec:NodeSpec{PodCIDR:,DoNotUse_ExternalID:,ProviderID:,Unschedulable:false,Taints:[{dedicated va NoSchedule &lt;nil&gt;}],ConfigSource:nil,},Status:NodeStatus{Capacity:ResourceList{cpu: {{8 0} {&lt;nil&gt;} 8 DecimalSI},ephemeral-storage: {{107362627584 0} {&lt;nil&gt;} 104846316Ki BinarySI},hugepages-1Gi: {{0 0} {&lt;nil&gt;} 0 DecimalSI},hugepages-2Mi: {{0 0} {&lt;nil&gt;} 0 DecimalSI},memory: {{16825622528 0} {&lt;nil&gt;}  BinarySI},pods: {{80 0} {&lt;nil&gt;} 80 DecimalSI},},Allocatable:ResourceList{cpu: {{8 0} {&lt;nil&gt;} 8 DecimalSI},ephemeral-storage: {{107257769984 0} {&lt;nil&gt;} 104743916Ki BinarySI},hugepages-1Gi: {{0 0} {&lt;nil&gt;} 0 DecimalSI},hugepages-2Mi: {{0 0} {&lt;nil&gt;} 0 DecimalSI},memory: {{16720764928 0} {&lt;nil&gt;}  BinarySI},pods: {{80 0} {&lt;nil&gt;} 80 DecimalSI},},Phase:,Conditions:[{OutOfDisk False 2018-09-19 07:27:28 +0000 UTC 2018-09-17 07:05:24 +0000 UTC KubeletHasSufficientDisk kubelet has sufficient disk space available} {MemoryPressure False 2018-09-19 07:27:28 +0000 UTC 2018-09-17 07:05:24 +0000 UTC KubeletHasSufficientMemory kubelet has sufficient memory available} {DiskPressure False 2018-09-19 07:27:28 +0000 UTC 2018-09-17 07:05:24 +0000 UTC KubeletHasNoDiskPressure kubelet has no disk pressure} {PIDPressure False 2018-09-19 07:27:28 +0000 UTC 2018-09-17 07:05:24 +0000 UTC KubeletHasSufficientPID kubelet has sufficient PID available} {Ready True 2018-09-19 07:27:28 +0000 UTC 2018-09-17 07:06:04 +0000 UTC KubeletReady kubelet is posting ready status}],Addresses:[{InternalIP 10.46.6.172} {Hostname 10.46.6.172}],DaemonEndpoints:NodeDaemonEndpoints{KubeletEndpoint:DaemonEndpoint{Port:10250,},},NodeInfo:NodeSystemInfo{MachineID:52ca0d2c3fb341c79b059a96d10571a6,SystemUUID:3D48E3C5-99D8-4CA3-9AB5-A8540613166F,BootID:d81d494e-264a-48ce-a4f2-76b16f6ece1f,KernelVersion:3.10.0-862.9.1.el7.x86_64,OSImage:Red Hat Enterprise Linux,ContainerRuntimeVersion:docker://18.3.1,KubeletVersion:v1.11.1+icp-ee,KubeProxyVersion:v1.11.1+icp-ee,OperatingSystem:linux,Architecture:amd64,},Images:[{[lzj.icp:8500/ibmcom/statsd-amd64@sha256:5ee11bc24bced45a77d9d630348680f319c09d9d3b2230b04518d1e2a5263ae2 lzj.icp:8500/ibmcom/statsd@sha256:af7a9d0c4f029d0247da41f67c7e87f3655175962b79a189a6a9ace0ff841049 lzj.icp:8500/ibmcom/statsd-amd64:0.7.2.1 lzj.icp:8500/ibmcom/statsd:0.7.2.1] 1234731808} {[lzj.icp:8500/ibmcom/kafka-amd64@sha256:0d6d348ccd7aa2854d60791331280e58db92029a522c8bfb3eb40c7c0913ca8f lzj.icp:8500/ibmcom/kafka@sha256:f0b4a833c3da439cadb783bb9cb578f96b1328557b8402a98f01c5c21497d93a lzj.icp:8500/ibmcom/kafka-amd64:0.10.0.2 lzj.icp:8500/ibmcom/kafka:0.10.0.2] 1114805679} {[lzj.icp:8500/ibmcom/iam-token-service-amd64@sha256:9211161e5b5b9d892a99b46fad4429333ceb7143b4039419df7ea0efa36381a9 lzj.icp:8500/ibmcom/iam-token-service@sha256:1b9308e68de93b43e9a85c0e005d80d423e88db7d88ee7114a80b2fade7a78ed lzj.icp:8500/ibmcom/iam-token-service-amd64:3.1.0 lzj.icp:8500/ibmcom/iam-token-service:3.1.0] 1051060152} {[lzj.icp:8500/ibmcom/icp-platform-auth-amd64@sha256:abc258009b8696a83214b7a9d9df63f6d83e19cfca2987c4836b0eadfa4c99c7 lzj.icp:8500/ibmcom/icp-platform-auth@sha256:c544b90a099b6c29ba4ee7f2ad4dded1277c948a0826b38ebe3250cdc7d1529c lzj.icp:8500/ibmcom/icp-platform-auth-amd64:3.1.0 lzj.icp:8500/ibmcom/icp-platform-auth:3.1.0] 1028283742} {[lzj.icp:8500/ibmcom/reg-crawler-amd64@sha256:9e5d4ebbac3dd6cbf9f892b5bd634f89fae3d4b2e6a23debd3ecd322e3eb817e lzj.icp:8500/ibmcom/reg-crawler@sha256:a9033d9cb2406d11c616fdfedc9bc56bc4ef970bd0a7b02899b3e5c1b353799b lzj.icp:8500/ibmcom/reg-crawler-amd64:1.3.1 lzj.icp:8500/ibmcom/reg-crawler:1.3.1] 1007817363} {[lzj.icp:8500/ibmcom/live-crawler-amd64@sha256:37a79ec87bd3c8b9af25cf1e25f4f14281ffb9f5ebeaf61c0b7c8a5799baf782 lzj.icp:8500/ibmcom/live-crawler@sha256:1a648615e7b439f093697f65350262823e6c711c4b21ea81596ced1c28a48133 lzj.icp:8500/ibmcom/live-crawler-amd64:1.3.1 lzj.icp:8500/ibmcom/live-crawler:1.3.1] 987515538} {[lzj.icp:8500/ibmcom/cos-indexer-amd64@sha256:adf28ff960ebdcbfcfa5e4522b81aa3565338f8d640dad611a1c3f0d3894393b lzj.icp:8500/ibmcom/cos-indexer@sha256:bb31dc8ef37e8482b2b9dedc0e54f46f7d3c678b22a3130eca9dde80fed65df1 lzj.icp:8500/ibmcom/cos-indexer-amd64:1.3.1 lzj.icp:8500/ibmcom/cos-indexer:1.3.1] 846578165} {[lzj.icp:8500/ibmcom/secure-config-annotator-amd64@sha256:26e845c6a252e0c5ae73e764645993b3270e289d1a2e9784b06ddd7898ca45d9 lzj.icp:8500/ibmcom/secure-config-annotator@sha256:cfaadd13c4ef4bdc937d296faff78e98473be8c9c6ae6b4a38927c952948914f lzj.icp:8500/ibmcom/secure-config-annotator-amd64:1.3.1 lzj.icp:8500/ibmcom/secure-config-annotator:1.3.1] 835555196} {[lzj.icp:8500/ibmcom/hyperkube-amd64@sha256:9eaadf7c2a417ee2a9a219e2eadf21884742199a484be2ca737f0e8a178d490a lzj.icp:8500/ibmcom/hyperkube@sha256:9fbddbf2d04354912c8a981395493d250474cb9fa587fa91119e69467078b180 lzj.icp:8500/ibmcom/hyperkube-amd64:v1.11.1-ee lzj.icp:8500/ibmcom/hyperkube:v1.11.1-ee] 782626408} {[lzj.icp:8500/ibmcom/compliance-annotator-amd64@sha256:5d8bbbef3a7dc54ba9addb256d2aa8a3f7d5c27a454ff4b7ee583b217dac2ce4 lzj.icp:8500/ibmcom/compliance-annotator@sha256:be00ccb777b1e90601cc563112e32ae831b0fb7d4933f1aa3c49379cabe41c3f lzj.icp:8500/ibmcom/compliance-annotator-amd64:1.3.1 lzj.icp:8500/ibmcom/compliance-annotator:1.3.1] 773932738} {[lzj.icp:8500/ibmcom/icp-logstash-amd64@sha256:02a683ee6ad9eeed7ea8ebb1de713aaf902a9e20a39ccc0294ee1f947f1bbd73 lzj.icp:8500/ibmcom/icp-logstash@sha256:a182a00827aefe7f5f95b18fa1ec8f6897989290b37f3d98bd6440ddda796433 lzj.icp:8500/ibmcom/icp-logstash-amd64:5.5.1 lzj.icp:8500/ibmcom/icp-logstash:5.5.1] 764906887} {[lzj.icp:8500/ibmcom/process-ma-hf-amd64@sha256:ef0d164350d07600f8037082db7d98cf81b9c554d8a60692ae90b8d0239a8cdc lzj.icp:8500/ibmcom/process-ma-hf@sha256:114b48d67e46f6ad3624dfa99baab8f9c62fb5ba88d210d0f42e106eda4e0ee8 lzj.icp:8500/ibmcom/process-ma-hf-amd64:1.3.1 lzj.icp:8500/ibmcom/process-ma-hf:1.3.1] 758635128} {[lzj.icp:8500/ibmcom/vulnerability-annotator-amd64@sha256:febedf85b65e0d1800e67249274d474d4ce67e8041e81487f76bce727cb39bd4 lzj.icp:8500/ibmcom/vulnerability-annotator@sha256:2ca368468e5d1c7ed82b3947b8d8904da34969bd72e67b382bfd0579fe3f148d lzj.icp:8500/ibmcom/vulnerability-annotator-amd64:1.3.1 lzj.icp:8500/ibmcom/vulnerability-annotator:1.3.1] 757013017} {[lzj.icp:8500/ibmcom/py-generic-indexer-amd64@sha256:45cb17e23e15f4dfe44471309af12f0655aad5f8e859c718f393290f220b02b2 lzj.icp:8500/ibmcom/py-generic-indexer@sha256:63a28bc72b6588e508ad23b569a228d6219e2d6fdddb2b1b073e1d2c70ec7641 lzj.icp:8500/ibmcom/py-generic-indexer-amd64:1.3.1 lzj.icp:8500/ibmcom/py-generic-indexer:1.3.1] 755588945} {[lzj.icp:8500/ibmcom/icp-inception-amd64@sha256:1dad180d14ae732d17ca5cf41b87dbb316c072323f186d60a08a753f904eb5b2 lzj.icp:8500/ibmcom/icp-inception@sha256:d395315f0fde94a5cacd9945cd7932b4eda45fe404a6b9d55a8ec8ebeed2a0a8 lzj.icp:8500/ibmcom/icp-inception-amd64:3.1.0-ee lzj.icp:8500/ibmcom/icp-inception:3.1.0-ee] 744155119} {[lzj.icp:8500/ibmcom/config-parser-amd64@sha256:7d721e0b5a827921ac16fa9e7570db225211e6dd700cdeaba1d28ba02ff8ef6d lzj.icp:8500/ibmcom/config-parser@sha256:2b7d6f1ea57d6e4d9caaca5d0e2bb35d2e6db316e2f18ef9a51b5bfa48119f69 lzj.icp:8500/ibmcom/config-parser-amd64:1.3.1 lzj.icp:8500/ibmcom/config-parser:1.3.1] 739243486} {[lzj.icp:8500/ibmcom/iam-policy-administration-amd64@sha256:e1941aa09a5b692505cb3be3e497d3ff9acb900786b9a2c8c4c00d0243b37dd0 lzj.icp:8500/ibmcom/iam-policy-administration@sha256:ab0d5c50f5e5fc9a537e97183ed694e34d57fa00121bc08bedb261b80e29b9a4 lzj.icp:8500/ibmcom/iam-policy-administration-amd64:3.1.0 lzj.icp:8500/ibmcom/iam-policy-administration:3.1.0] 711947327} {[lzj.icp:8500/ibmcom/password-annotator-amd64@sha256:bca1b6b222d8ea8ade174a8cc1a549f161d75d3e9d69881f08a1fb316a8e27d3 lzj.icp:8500/ibmcom/password-annotator@sha256:5c7e8db45db52a6bca7d76ae8c2ff74eb43644f7959d66ddc67454bcbca765ec lzj.icp:8500/ibmcom/password-annotator-amd64:1.3.1 lzj.icp:8500/ibmcom/password-annotator:1.3.1] 707627907} {[lzj.icp:8500/ibmcom/notification-dispatcher-amd64@sha256:ec8dfbc351a0d758488f9f8bfa17c3182a5c02819a6ebf7144ab914a2233cf57 lzj.icp:8500/ibmcom/notification-dispatcher@sha256:6d7e6b836f0cfeb5fb18cd29fdd8315fb44013f8d21830b9c5ab60b605c5e3c5 lzj.icp:8500/ibmcom/notification-dispatcher-amd64:1.3.1 lzj.icp:8500/ibmcom/notification-dispatcher:1.3.1] 707588442} {[lzj.icp:8500/ibmcom/sas-base-amd64@sha256:9651b1149c62d5a0968aaeffe71f2da68cd7e07ff8d7ea67538278c00ab08457 lzj.icp:8500/ibmcom/sas-base@sha256:56bb0790e5f06276b7435c731687f733901fedc80af299dc8a8eaf72d7365560 lzj.icp:8500/ibmcom/sas-base-amd64:1.3.1 lzj.icp:8500/ibmcom/sas-base:1.3.1] 653746081} {[lzj.icp:8500/ibmcom/ma-file-annotator-amd64@sha256:8caa6280fd845fd524ad874a6b243510ebf085d58c989229020fcfc743492632 lzj.icp:8500/ibmcom/ma-file-annotator@sha256:cd8dc2a26e2a84bf7d8ba982c6a21c034239de5e2dc12767d3f60985e495d957 lzj.icp:8500/ibmcom/ma-file-annotator-amd64:1.3.1 lzj.icp:8500/ibmcom/ma-file-annotator:1.3.1] 653745236} {[lzj.icp:8500/ibmcom/icp-kibana-amd64@sha256:8b69887ac5297e1d2e68b9c2ce885b9a888f6c278ca1538acb0f03206b48502a lzj.icp:8500/ibmcom/icp-kibana@sha256:6e2746da64a64f98c5761b87d5e185a9c2ac75c9c4e767ab284062b1847b7571 lzj.icp:8500/ibmcom/icp-kibana-amd64:5.5.1 lzj.icp:8500/ibmcom/icp-kibana:5.5.1] 639622018} {[lzj.icp:8500/ibmcom/icp-platform-api-amd64@sha256:1fc47925c2611aef12631b3f3806308f55a298074aebc561fd04cf8a7691c669 lzj.icp:8500/ibmcom/icp-platform-api@sha256:6b5585999f45fa6dc7a6a1d8bcb4d544c96a3e1fd3bd9f133ebed2e356985a0e lzj.icp:8500/ibmcom/icp-platform-api-amd64:3.1.0 lzj.icp:8500/ibmcom/icp-platform-api:3.1.0] 612589125} {[lzj.icp:8500/ibmcom/iam-policy-decision-amd64@sha256:d49eb3845c57bb8370a477949d92da10a178b81ade50f0e9d970981fadd6686d lzj.icp:8500/ibmcom/iam-policy-decision@sha256:ecd9f36e17e57c6be41e744abc17baacddd28178485d29cb112ffc5e558d2c09 lzj.icp:8500/ibmcom/iam-policy-decision-amd64:3.1.0 lzj.icp:8500/ibmcom/iam-policy-decision:3.1.0] 559718344} {[lzj.icp:8500/ibmcom/rootkit-annotator-amd64@sha256:caf6c24136b8785d901f346a640d673b55fe105c3617cfcb432ee2006f5b1cf4 lzj.icp:8500/ibmcom/rootkit-annotator@sha256:9aabe418ab5c5b3ce86dcfad5dc63a14124bf56227a7decb6656382f2cf9606e lzj.icp:8500/ibmcom/rootkit-annotator-amd64:1.3.1 lzj.icp:8500/ibmcom/rootkit-annotator:1.3.1] 549434506} {[lzj.icp:8500/ibmcom/icp-elasticsearch-amd64@sha256:0063a7a931ca4e52d8f7a51f2bdb010345f4373b5b904b52e5c8a48ec0c1fde7 lzj.icp:8500/ibmcom/icp-elasticsearch@sha256:b410aacb6005fe24bfd87b045ea26fde3d6eb3ca52c3f0e4560cdc208944ba50 lzj.icp:8500/ibmcom/icp-elasticsearch-amd64:5.5.1 lzj.icp:8500/ibmcom/icp-elasticsearch:5.5.1] 520121248} {[lzj.icp:8500/ibmcom/logging-pki-init-amd64@sha256:cc4bfa085e1ae99120ee526acd3e62d205e10de6f1c773c521fc5b933914f6a8 lzj.icp:8500/ibmcom/logging-pki-init@sha256:21aa9cbd05a849b4891b15cf636f73545f6001f16c82f8eeed2e90b4f9312377 lzj.icp:8500/ibmcom/logging-pki-init-amd64:2.0.0 lzj.icp:8500/ibmcom/logging-pki-init:2.0.0] 501921135} {[lzj.icp:8500/ibmcom/searchguard-init-amd64@sha256:d19ce1d27f406945d4ed78b0f07007998c2ab3889086e502924847c2186db546 lzj.icp:8500/ibmcom/searchguard-init@sha256:3d0d8a8404a9df5ad238bce1e0542cdda609cc445dfc3964952243d9fc103276 lzj.icp:8500/ibmcom/searchguard-init-amd64:2.0.0 lzj.icp:8500/ibmcom/searchguard-init:2.0.0] 457030441} {[lzj.icp:8500/ibmcom/metering-ui-amd64@sha256:3628a8fe41183c08ea0b02e2e798e3649e4aebe2c2405c34572b9eb7c7c4d9a8 lzj.icp:8500/ibmcom/metering-ui@sha256:d6453f9afecc9b1fc778c195e20bbb39d4ef6262af2f7a9a5ce3cddc259fec99 lzj.icp:8500/ibmcom/metering-ui-amd64:3.1.0 lzj.icp:8500/ibmcom/metering-ui:3.1.0] 385577105} {[lzj.icp:8500/ibmcom/heketi-amd64@sha256:c5b579a4f219c87990f861eb61de86cb9cfb51b6d230b8c299df7d9fd3d02d0e lzj.icp:8500/ibmcom/heketi@sha256:eb6875247a56829a20d0949f034b08a0e682201ab1d88d3cba71972932c254f5 lzj.icp:8500/ibmcom/heketi-amd64:v7.0.0 lzj.icp:8500/ibmcom/heketi:v7.0.0] 384720377} {[lzj.icp:8500/ibmcom/icp-mongodb-amd64@sha256:a305ae8bc309898d86bf60aee968846db3602f77b25924640d5f08a2389ee99d lzj.icp:8500/ibmcom/icp-mongodb@sha256:fe8b55caf7bb855fd4e244450af5195f2243b766c6934d464128bf982b29b345 lzj.icp:8500/ibmcom/icp-mongodb-amd64:3.1.0 lzj.icp:8500/ibmcom/icp-mongodb:3.1.0] 379353410} {[lzj.icp:8500/ibmcom/icp-catalog-ui-amd64@sha256:33993b4eab189e3c78fe27799017da770d47523cf6831460741008bf91297d6d lzj.icp:8500/ibmcom/icp-catalog-ui@sha256:049f3c4946a0ad2c10507e5e42a464448e858fb3ae606cfd84825d340adb1125 lzj.icp:8500/ibmcom/icp-catalog-ui-amd64:3.1.0 lzj.icp:8500/ibmcom/icp-catalog-ui:3.1.0] 363781304} {[lzj.icp:8500/ibmcom/nginx-ingress-controller-amd64@sha256:63b48dd3ba635aa65409f7d6a319e293697810c1b9e885e6255bebf36a2506ab lzj.icp:8500/ibmcom/nginx-ingress-controller@sha256:f68b2ce26292e02ef3dbc6cfae17cec3d54b9afee9bf5298bf95d005c0783143 lzj.icp:8500/ibmcom/nginx-ingress-controller-amd64:0.16.2 lzj.icp:8500/ibmcom/nginx-ingress-controller:0.16.2] 361632894} {[lzj.icp:8500/ibmcom/mariadb-amd64@sha256:1f9876179c32fcf463804f75cbf2fb031106edf2be9d5dbf6705375ca53930bb lzj.icp:8500/ibmcom/mariadb@sha256:2272622e7f6786220d7ee2b482a3050bd34c3e1ecdc99af6175a146610222763 lzj.icp:8500/ibmcom/mariadb-amd64:10.2.17 lzj.icp:8500/ibmcom/mariadb:10.2.17] 358991946} {[lzj.icp:8500/ibmcom/k8szk-amd64@sha256:a9ee22a4df14654552a02303e4560623244683692fd298dd2fb71e9dd66219f3 lzj.icp:8500/ibmcom/k8szk@sha256:20cfeb163fb828c3c3a7c0baf2883e90c72c8d97d20116253903e82aa2be801f lzj.icp:8500/ibmcom/k8szk-amd64:v3 lzj.icp:8500/ibmcom/k8szk:v3] 331472973} {[lzj.icp:8500/ibmcom/gluster-amd64@sha256:647caedb536eb7b8c5c8b0a2b69e52d2a34be9e6c9c7b9c1b21d14fcfa261886 lzj.icp:8500/ibmcom/gluster@sha256:eeabf9b160370078d12a4c2b84f1a9772fe10c64446f0c2251eb53b8b5277baa lzj.icp:8500/ibmcom/gluster-amd64:v4.0.2 lzj.icp:8500/ibmcom/gluster:v4.0.2] 324265531} {[lzj.icp:8500/ibmcom/istio-grafana-amd64@sha256:381a2dd3a5addbc5d43920bc19bb15ba6dbd422e4a9d91163108e72c5a63234c lzj.icp:8500/ibmcom/istio-grafana@sha256:f4fdaf4a51b946f6d4fb9aa82cdbfef53c8e0b7b2223078f9d7f62bb28d3259b lzj.icp:8500/ibmcom/istio-grafana-amd64:1.0.0.1 lzj.icp:8500/ibmcom/istio-grafana:1.0.0.1] 324187770} {[lzj.icp:8500/ibmcom/icp-filebeat-amd64@sha256:03af9b78dad6c2ba857975d10c81e781460796dff1ff1163ea4596f4aa10601d lzj.icp:8500/ibmcom/icp-filebeat@sha256:72669dde64d7ab85bbb9e93428efe548b2693a4eae5168a4705f6e30cd20e584 lzj.icp:8500/ibmcom/icp-filebeat-amd64:5.5.1 lzj.icp:8500/ibmcom/icp-filebeat:5.5.1] 317104874} {[lzj.icp:8500/ibmcom/istio-proxyv2-amd64@sha256:cd77e75fa85ce74914e1b7b0bef980ece8a62ef0d776c9ef51a0d7d30b4b64a0 lzj.icp:8500/ibmcom/istio-proxyv2@sha256:9c94d736c8cbb41e2c5b0b672530eee0df6cbb628d57f4ddaec9f4ff4f49ce35 lzj.icp:8500/ibmcom/istio-proxyv2-amd64:1.0.0.1 lzj.icp:8500/ibmcom/istio-proxyv2:1.0.0.1] 311276139} {[lzj.icp:8500/ibmcom/istio-pilot-amd64@sha256:63352073a964037fd37f6150228231d2e5eca7e0c2920405d6269326d3c54263 lzj.icp:8500/ibmcom/istio-pilot@sha256:ad129a4be7b6d1536c384efd03fb570b973b9c77a56a48e6b9cfe192a76c111e lzj.icp:8500/ibmcom/istio-pilot-amd64:1.0.0.1 lzj.icp:8500/ibmcom/istio-pilot:1.0.0.1] 309502004} {[lzj.icp:8500/ibmcom/fluentd-amd64@sha256:384a99b8d941c93f96ee5b5cbae5b70500219a3f71c73cf4eddd20d9d693e3b3 lzj.icp:8500/ibmcom/fluentd@sha256:f85a5ffd86438f1a73d04caf6e33ef3474675d9fa0947431f4d0a9602fc981af lzj.icp:8500/ibmcom/fluentd-amd64:v1.2.2-icp lzj.icp:8500/ibmcom/fluentd:v1.2.2-icp] 270902701} {[lzj.icp:8500/ibmcom/icp-identity-manager-amd64@sha256:632f31acd0fcfc3d0cebea31cfb71018f6712bd1a1b4da7476942b3c23aa3521 lzj.icp:8500/ibmcom/icp-identity-manager@sha256:993462e02a42c15b03722d935809476c8e10e6e0b3a2669eb528081e92a49859 lzj.icp:8500/ibmcom/icp-identity-manager-amd64:3.1.0 lzj.icp:8500/ibmcom/icp-identity-manager:3.1.0] 268667523} {[lzj.icp:8500/ibmcom/elasticsearch-plugin-searchguard-amd64@sha256:28f88d06bbbc073162702064c1be4ad06272e9021cbc0f929ba8c6da2ca25ae6 lzj.icp:8500/ibmcom/elasticsearch-plugin-searchguard@sha256:f47116021e3eec7b2fed9f6ed8bd77fd890457e5a1546dda7f863c032d4395b1 lzj.icp:8500/ibmcom/elasticsearch-plugin-searchguard-amd64:2.0.0 lzj.icp:8500/ibmcom/elasticsearch-plugin-searchguard:2.0.0] 267864279} {[lzj.icp:8500/ibmcom/kiali-amd64@sha256:bec63b454cf2e597c61f6a9943144050e5e6fc7a4f6474bc3bb6b627ba20c71c lzj.icp:8500/ibmcom/kiali@sha256:71a50e9885495157454657bc93842a7310e96e822a4117ad751ad81af83fde5e lzj.icp:8500/ibmcom/kiali-amd64:istio-release-1.0.0.1 lzj.icp:8500/ibmcom/kiali:istio-release-1.0.0.1] 265771300} {[lzj.icp:8500/ibmcom/calico-node-amd64@sha256:9871f4dde9eab9fd804b12f3114da36505ff5c220e2323b7434eec24e3b23ac5 lzj.icp:8500/ibmcom/calico-node@sha256:85a23d8030137d49663d3d82844a61998331606de9fc523dfdd0a75be7fb9828 lzj.icp:8500/ibmcom/calico-node-amd64:v3.1.3 lzj.icp:8500/ibmcom/calico-node:v3.1.3] 248202699} {[lzj.icp:8500/ibmcom/grafana-amd64@sha256:dc3566257a0c716caedfb33127d8ee385290c1dda006bebfb75c376d56b30c88 lzj.icp:8500/ibmcom/grafana@sha256:5d2739d3ec5c7f6ea66d69caa918b764660b99a3d37cb1f4123f1a9623ce8e38 lzj.icp:8500/ibmcom/grafana-amd64:5.2.0 lzj.icp:8500/ibmcom/grafana:5.2.0] 245297582} {[lzj.icp:8500/ibmcom/indices-cleaner-amd64@sha256:e6c6453d54012488e9ebfaa9e4d829f567d8e66b24c1613e6d88ca192ed5e85b lzj.icp:8500/ibmcom/indices-cleaner@sha256:31dac3be1246f17dddade06b517c073244ce56d85bc54135fdaf010dbb0bca10 lzj.icp:8500/ibmcom/indices-cleaner-amd64:1.0.0 lzj.icp:8500/ibmcom/indices-cleaner:1.0.0] 238131553} {[lzj.icp:8500/ibmcom/icp-identity-provider-amd64@sha256:24dba8b07c8295eef99abbf8d83041908516e4e50e4e4cfbbbcd53bdf415dda1 lzj.icp:8500/ibmcom/icp-identity-provider@sha256:b5bf63419b53ba550cad7a1b835d0d0eaae1fde8851c7936f8deb603fef673a6 lzj.icp:8500/ibmcom/icp-identity-provider-amd64:3.1.0 lzj.icp:8500/ibmcom/icp-identity-provider:3.1.0] 224286517} {[lzj.icp:8500/ibmcom/curl-amd64@sha256:aad05b4e4529f7e70516d8d3028cae6cd1d50de738ce164f2a532ce2470ac43f lzj.icp:8500/ibmcom/curl@sha256:adf92a267e351914d041a56d64ebe80331c45f8e20ab23b7ada67bea78da9996 lzj.icp:8500/ibmcom/curl-amd64:4.0.0 lzj.icp:8500/ibmcom/curl:4.0.0] 221192597} {[lzj.icp:8500/ibmcom/icp-audit-service-amd64@sha256:9add202c06a43da647380c860d9139fa059701fe103c1f229281215bf99dbbd3 lzj.icp:8500/ibmcom/icp-audit-service@sha256:7c3d710c31f6f5ae0227edc1599bdf64bc82e4fcd2b3aa8f197148240d2ab01c lzj.icp:8500/ibmcom/icp-audit-service-amd64:3.1.0 lzj.icp:8500/ibmcom/icp-audit-service:3.1.0] 215897363}],VolumesInUse:[],VolumesAttached:[],Config:&amp;NodeConfigStatus{Assigned:nil,Active:nil,LastKnownGood:nil,Error:,},},}&#xA;Sep 19 07:27:29.217: INFO: &#xA;Logging kubelet events for node 10.46.6.172&#xA;Sep 19 07:27:29.221: INFO: &#xA;Logging pods the kubelet thinks is on node 10.46.6.172&#xA;Sep 19 07:27:29.242: INFO: vulnerability-advisor-minio-cleaner-1537228740-55f4w started at 2018-09-17 23:59:03 +0000 UTC (0+1 container statuses recorded)&#xA;Sep 19 07:27:29.242: INFO: &#x9;Container cleaner ready: false, restart count 0&#xA;Sep 19 07:27:29.242: INFO: audit-logging-fluentd-ds-8bh4t started at 2018-09-17 07:18:46 +0000 UTC (0+1 container statuses recorded)&#xA;Sep 19 07:27:29.242: INFO: &#x9;Container fluentd ready: true, restart count 0&#xA;Sep 19 07:27:29.242: INFO: vulnerability-advisor-live-crawler-84st2 started at 2018-09-17 07:19:03 +0000 UTC (0+1 container statuses recorded)&#xA;Sep 19 07:27:29.242: INFO: &#x9;Container live-crawler ready: true, restart count 0&#xA;Sep 19 07:27:29.242: INFO: vulnerability-advisor-process-ma-annotator-58f47d5b5f-xbxrc started at 2018-09-17 07:19:06 +0000 UTC (0+2 container statuses recorded)&#xA;Sep 19 07:27:29.242: INFO: &#x9;Container icp-audit-service ready: true, restart count 0&#xA;Sep 19 07:27:29.242: INFO: &#x9;Container process-ma-annotator ready: true, restart count 2&#xA;Sep 19 07:27:29.242: INFO: vulnerability-advisor-compliance-indexer-7cbdc64b57-47lmd started at 2018-09-17 07:19:07 +0000 UTC (0+1 container statuses recorded)&#xA;Sep 19 07:27:29.242: INFO: &#x9;Container py-compliance-indexer ready: true, restart count 0&#xA;Sep 19 07:27:29.242: INFO: vulnerability-advisor-process-ma-annotator-init-869545d547nn27w started at 2018-09-17 07:19:06 +0000 UTC (0+1 container statuses recorded)&#xA;Sep 19 07:27:29.242: INFO: &#x9;Container process-ma-annotator ready: true, restart count 0&#xA;Sep 19 07:27:29.242: INFO: vulnerability-advisor-process-ma-annotator-58f47d5b5f-4wglg started at 2018-09-17 07:19:06 +0000 UTC (0+2 container statuses recorded)&#xA;Sep 19 07:27:29.242: INFO: &#x9;Container icp-audit-service ready: true, restart count 0&#xA;Sep 19 07:27:29.242: INFO: &#x9;Container process-ma-annotator ready: true, restart count 1&#xA;Sep 19 07:27:29.242: INFO: vulnerability-advisor-rootkit-indexer-cd8b4646b-xlhwq started at 2018-09-17 07:19:07 +0000 UTC (0+1 container statuses recorded)&#xA;Sep 19 07:27:29.242: INFO: &#x9;Container py-rootkit-indexer ready: true, restart count 0&#xA;Sep 19 07:27:29.242: INFO: vulnerability-advisor-secconfig-indexer-674647df7c-qq5ff started at 2018-09-17 07:19:07 +0000 UTC (0+1 container statuses recorded)&#xA;Sep 19 07:27:29.242: INFO: &#x9;Container py-secconfig-indexer ready: true, restart count 0&#xA;Sep 19 07:27:29.242: INFO: k8s-proxy-10.46.6.172 started at &lt;nil&gt; (0+0 container statuses recorded)&#xA;Sep 19 07:27:29.242: INFO: vulnerability-advisor-process-ma-crawler-24z6k started at 2018-09-17 07:19:03 +0000 UTC (0+1 container statuses recorded)&#xA;Sep 19 07:27:29.242: INFO: &#x9;Container process-ma-crawler ready: true, restart count 0&#xA;Sep 19 07:27:29.242: INFO: vulnerability-advisor-config-parser-5d44b78fd5-z4k9t started at 2018-09-17 07:19:04 +0000 UTC (0+1 container statuses recorded)&#xA;Sep 19 07:27:29.242: INFO: &#x9;Container config-parser ready: true, restart count 4&#xA;Sep 19 07:27:29.242: INFO: vulnerability-advisor-notification-dispatcher-86f8bf4b4d-cfdzb started at 2018-09-17 07:19:04 +0000 UTC (0+1 container statuses recorded)&#xA;Sep 19 07:27:29.242: INFO: &#x9;Container notification-dispatcher ready: true, restart count 3&#xA;Sep 19 07:27:29.242: INFO: vulnerability-advisor-registry-crawler-6f9568677b-bfpm6 started at 2018-09-17 07:19:08 +0000 UTC (0+1 container statuses recorded)&#xA;Sep 19 07:27:29.242: INFO: &#x9;Container reg-crawler ready: true, restart count 0&#xA;Sep 19 07:27:29.242: INFO: vulnerability-advisor-minio-cleaner-1537315140-nqk7v started at 2018-09-18 23:59:04 +0000 UTC (0+1 container statuses recorded)&#xA;Sep 19 07:27:29.242: INFO: &#x9;Container cleaner ready: false, restart count 0&#xA;Sep 19 07:27:29.242: INFO: vulnerability-advisor-ma-file-annotator-6b95df8886-jtczz started at 2018-09-17 07:19:04 +0000 UTC (0+2 container statuses recorded)&#xA;Sep 19 07:27:29.242: INFO: &#x9;Container icp-audit-service ready: true, restart count 0&#xA;Sep 19 07:27:29.242: INFO: &#x9;Container vulnerability-advisor-ma-file-annotator ready: true, restart count 1&#xA;Sep 19 07:27:29.242: INFO: vulnerability-advisor-sas-apiserver-5fd8d44bc9-7bvkn started at 2018-09-17 07:19:09 +0000 UTC (0+3 container statuses recorded)&#xA;Sep 19 07:27:29.242: INFO: &#x9;Container icp-audit-service ready: true, restart count 0&#xA;Sep 19 07:27:29.242: INFO: &#x9;Container sas-api-server ready: true, restart count 0&#xA;Sep 19 07:27:29.242: INFO: &#x9;Container sas-proxy-server ready: true, restart count 0&#xA;Sep 19 07:27:29.242: INFO: vulnerability-advisor-zookeeper-0 started at 2018-09-17 07:19:15 +0000 UTC (0+1 container statuses recorded)&#xA;Sep 19 07:27:29.242: INFO: &#x9;Container zookeeper-server ready: true, restart count 0&#xA;Sep 19 07:27:29.242: INFO: vulnerability-advisor-compliance-annotator-d5659b9d9-kmn8q started at 2018-09-17 07:19:03 +0000 UTC (0+1 container statuses recorded)&#xA;Sep 19 07:27:29.242: INFO: &#x9;Container compliance-annotator ready: true, restart count 4&#xA;Sep 19 07:27:29.242: INFO: vulnerability-advisor-rootkit-annotator-74cb65b5cf-2dk5j started at 2018-09-17 07:19:08 +0000 UTC (0+1 container statuses recorded)&#xA;Sep 19 07:27:29.242: INFO: &#x9;Container rootkit-annotator ready: true, restart count 3&#xA;Sep 19 07:27:29.242: INFO: vulnerability-advisor-sas-mgmt-64fb95bc44-j9vjc started at 2018-09-17 07:19:08 +0000 UTC (0+1 container statuses recorded)&#xA;Sep 19 07:27:29.242: INFO: &#x9;Container sas-mgmt-server ready: true, restart count 0&#xA;Sep 19 07:27:29.242: INFO: monitoring-prometheus-nodeexporter-v4l7d started at 2018-09-17 07:15:44 +0000 UTC (0+2 container statuses recorded)&#xA;Sep 19 07:27:29.242: INFO: &#x9;Container nodeexporter ready: true, restart count 0&#xA;Sep 19 07:27:29.242: INFO: &#x9;Container router ready: true, restart count 0&#xA;Sep 19 07:27:29.242: INFO: vulnerability-advisor-vulnerability-indexer-7c79b4c964-2n8cg started at 2018-09-17 07:19:07 +0000 UTC (0+1 container statuses recorded)&#xA;Sep 19 07:27:29.242: INFO: &#x9;Container py-vulnerability-indexer ready: true, restart count 0&#xA;Sep 19 07:27:29.242: INFO: vulnerability-advisor-secconfig-annotator-7dbcf5d9f4-fkmkb started at 2018-09-17 07:19:10 +0000 UTC (0+1 container statuses recorded)&#xA;Sep 19 07:27:29.242: INFO: &#x9;Container secconfig-annotator ready: true, restart count 0&#xA;Sep 19 07:27:29.242: INFO: vulnerability-advisor-statsd-7746859df4-jjm6f started at 2018-09-17 07:19:10 +0000 UTC (0+1 container statuses recorded)&#xA;Sep 19 07:27:29.242: INFO: &#x9;Container statsd ready: true, restart count 0&#xA;Sep 19 07:27:29.242: INFO: vulnerability-advisor-usncrawler-8h976 started at 2018-09-17 07:19:11 +0000 UTC (0+1 container statuses recorded)&#xA;Sep 19 07:27:29.242: INFO: &#x9;Container usnloader-job ready: false, restart count 0&#xA;Sep 19 07:27:29.242: INFO: calico-node-wsknj started at 2018-09-17 07:05:53 +0000 UTC (0+2 container statuses recorded)&#xA;Sep 19 07:27:29.242: INFO: &#x9;Container calico-node ready: true, restart count 0&#xA;Sep 19 07:27:29.242: INFO: &#x9;Container install-cni ready: true, restart count 0&#xA;Sep 19 07:27:29.242: INFO: vulnerability-advisor-cos-indexer-57899b7dd6-7cpf8 started at 2018-09-17 07:19:04 +0000 UTC (0+1 container statuses recorded)&#xA;Sep 19 07:27:29.242: INFO: &#x9;Container cos-indexer ready: true, restart count 3&#xA;Sep 19 07:27:29.242: INFO: vulnerability-advisor-kafka-0 started at 2018-09-17 07:19:13 +0000 UTC (0+1 container statuses recorded)&#xA;Sep 19 07:27:29.242: INFO: &#x9;Container kafka-server ready: true, restart count 2&#xA;Sep 19 07:27:29.242: INFO: vulnerability-advisor-vulnerability-annotator-bcbf5595f-hxwst started at 2018-09-17 07:19:10 +0000 UTC (0+1 container statuses recorded)&#xA;Sep 19 07:27:29.242: INFO: &#x9;Container va-annotator ready: true, restart count 3&#xA;Sep 19 07:27:29.242: INFO: vulnerability-advisor-minio-0 started at 2018-09-17 07:19:16 +0000 UTC (1+1 container statuses recorded)&#xA;Sep 19 07:27:29.242: INFO: &#x9;Init container wait-kafka ready: true, restart count 1&#xA;Sep 19 07:27:29.243: INFO: &#x9;Container minio-server ready: true, restart count 0&#xA;Sep 19 07:27:29.243: INFO: nvidia-device-plugin-w9jr8 started at 2018-09-17 07:07:17 +0000 UTC (1+1 container statuses recorded)&#xA;Sep 19 07:27:29.243: INFO: &#x9;Init container nvidia-driver-collector ready: true, restart count 0&#xA;Sep 19 07:27:29.243: INFO: &#x9;Container nvidia-device-plugin ready: true, restart count 0&#xA;Sep 19 07:27:29.243: INFO: metering-reader-gsrdg started at 2018-09-17 07:14:11 +0000 UTC (1+1 container statuses recorded)&#xA;Sep 19 07:27:29.243: INFO: &#x9;Init container metering-reader-init ready: true, restart count 1&#xA;Sep 19 07:27:29.243: INFO: &#x9;Container metering-reader ready: true, restart count 0&#xA;Sep 19 07:27:29.243: INFO: logging-elk-filebeat-ds-vpk48 started at 2018-09-17 07:15:20 +0000 UTC (0+1 container statuses recorded)&#xA;Sep 19 07:27:29.243: INFO: &#x9;Container filebeat ready: true, restart count 0&#xA;Sep 19 07:27:29.243: INFO: vulnerability-advisor-password-annotator-79b5d794b5-wnwqn started at 2018-09-17 07:19:05 +0000 UTC (0+1 container statuses recorded)&#xA;Sep 19 07:27:29.243: INFO: &#x9;Container config-parser ready: true, restart count 3&#xA;Sep 19 07:27:29.314: INFO: &#xA;Latency metrics for node 10.46.6.172&#xA;Sep 19 07:27:29.314: INFO: &#xA;Logging node info for node 10.46.6.173&#xA;Sep 19 07:27:29.320: INFO: Node Info: &amp;Node{ObjectMeta:k8s_io_apimachinery_pkg_apis_meta_v1.ObjectMeta{Name:10.46.6.173,GenerateName:,Namespace:,SelfLink:/api/v1/nodes/10.46.6.173,UID:3dc7268b-ba44-11e8-b20e-fa163e707b2e,ResourceVersion:454152,Generation:0,CreationTimestamp:2018-09-17 06:38:09 +0000 UTC,DeletionTimestamp:&lt;nil&gt;,DeletionGracePeriodSeconds:nil,Labels:map[string]string{beta.kubernetes.io/arch: amd64,beta.kubernetes.io/os: linux,etcd: true,kubernetes.io/hostname: 10.46.6.173,master: true,node-role.kubernetes.io/etcd: true,node-role.kubernetes.io/master: true,node-role.kubernetes.io/proxy: true,proxy: true,role: master,},Annotations:map[string]string{node.alpha.kubernetes.io/ttl: 0,volumes.kubernetes.io/controller-managed-attach-detach: true,},OwnerReferences:[],Finalizers:[],ClusterName:,Initializers:nil,},Spec:NodeSpec{PodCIDR:,DoNotUse_ExternalID:,ProviderID:,Unschedulable:false,Taints:[{dedicated proxy NoSchedule &lt;nil&gt;}],ConfigSource:nil,},Status:NodeStatus{Capacity:ResourceList{cpu: {{32 0} {&lt;nil&gt;} 32 DecimalSI},ephemeral-storage: {{107362627584 0} {&lt;nil&gt;} 104846316Ki BinarySI},hugepages-1Gi: {{0 0} {&lt;nil&gt;} 0 DecimalSI},hugepages-2Mi: {{0 0} {&lt;nil&gt;} 0 DecimalSI},memory: {{135202160640 0} {&lt;nil&gt;}  BinarySI},pods: {{320 0} {&lt;nil&gt;} 320 DecimalSI},},Allocatable:ResourceList{cpu: {{32 0} {&lt;nil&gt;} 32 DecimalSI},ephemeral-storage: {{107257769984 0} {&lt;nil&gt;} 104743916Ki BinarySI},hugepages-1Gi: {{0 0} {&lt;nil&gt;} 0 DecimalSI},hugepages-2Mi: {{0 0} {&lt;nil&gt;} 0 DecimalSI},memory: {{135097303040 0} {&lt;nil&gt;}  BinarySI},pods: {{320 0} {&lt;nil&gt;} 320 DecimalSI},},Phase:,Conditions:[{OutOfDisk False 2018-09-19 07:27:27 +0000 UTC 2018-09-17 06:38:09 +0000 UTC KubeletHasSufficientDisk kubelet has sufficient disk space available} {MemoryPressure False 2018-09-19 07:27:27 +0000 UTC 2018-09-17 06:38:09 +0000 UTC KubeletHasSufficientMemory kubelet has sufficient memory available} {DiskPressure False 2018-09-19 07:27:27 +0000 UTC 2018-09-17 06:38:09 +0000 UTC KubeletHasNoDiskPressure kubelet has no disk pressure} {PIDPressure False 2018-09-19 07:27:27 +0000 UTC 2018-09-17 06:38:09 +0000 UTC KubeletHasSufficientPID kubelet has sufficient PID available} {Ready True 2018-09-19 07:27:27 +0000 UTC 2018-09-17 07:06:09 +0000 UTC KubeletReady kubelet is posting ready status}],Addresses:[{InternalIP 10.46.6.173} {Hostname 10.46.6.173}],DaemonEndpoints:NodeDaemonEndpoints{KubeletEndpoint:DaemonEndpoint{Port:10250,},},NodeInfo:NodeSystemInfo{MachineID:52ca0d2c3fb341c79b059a96d10571a6,SystemUUID:DA83D170-F88E-40EB-A0A3-2918CD5F6005,BootID:806b09ea-0a42-4719-bbaa-13e375c7b62f,KernelVersion:3.10.0-862.9.1.el7.x86_64,OSImage:Red Hat Enterprise Linux,ContainerRuntimeVersion:docker://18.3.1,KubeletVersion:v1.11.1+icp-ee,KubeProxyVersion:v1.11.1+icp-ee,OperatingSystem:linux,Architecture:amd64,},Images:[{[lzj.icp:8500/ibmcom/statsd-amd64@sha256:5ee11bc24bced45a77d9d630348680f319c09d9d3b2230b04518d1e2a5263ae2 lzj.icp:8500/ibmcom/statsd-amd64:0.7.2.1 lzj.icp:8500/ibmcom/statsd:0.7.2.1] 1234731808} {[lzj.icp:8500/ibmcom/kafka-amd64@sha256:0d6d348ccd7aa2854d60791331280e58db92029a522c8bfb3eb40c7c0913ca8f lzj.icp:8500/ibmcom/kafka-amd64:0.10.0.2 lzj.icp:8500/ibmcom/kafka:0.10.0.2] 1114805679} {[lzj.icp:8500/ibmcom/iam-token-service-amd64@sha256:9211161e5b5b9d892a99b46fad4429333ceb7143b4039419df7ea0efa36381a9 lzj.icp:8500/ibmcom/iam-token-service-amd64:3.1.0 lzj.icp:8500/ibmcom/iam-token-service:3.1.0] 1051060152} {[lzj.icp:8500/ibmcom/icp-platform-auth-amd64@sha256:abc258009b8696a83214b7a9d9df63f6d83e19cfca2987c4836b0eadfa4c99c7 lzj.icp:8500/ibmcom/icp-platform-auth-amd64:3.1.0 lzj.icp:8500/ibmcom/icp-platform-auth:3.1.0] 1028283742} {[lzj.icp:8500/ibmcom/reg-crawler-amd64@sha256:9e5d4ebbac3dd6cbf9f892b5bd634f89fae3d4b2e6a23debd3ecd322e3eb817e lzj.icp:8500/ibmcom/reg-crawler-amd64:1.3.1 lzj.icp:8500/ibmcom/reg-crawler:1.3.1] 1007817363} {[lzj.icp:8500/ibmcom/live-crawler-amd64@sha256:37a79ec87bd3c8b9af25cf1e25f4f14281ffb9f5ebeaf61c0b7c8a5799baf782 lzj.icp:8500/ibmcom/live-crawler-amd64:1.3.1 lzj.icp:8500/ibmcom/live-crawler:1.3.1] 987515538} {[lzj.icp:8500/ibmcom/cos-indexer-amd64@sha256:adf28ff960ebdcbfcfa5e4522b81aa3565338f8d640dad611a1c3f0d3894393b lzj.icp:8500/ibmcom/cos-indexer-amd64:1.3.1 lzj.icp:8500/ibmcom/cos-indexer:1.3.1] 846578165} {[lzj.icp:8500/ibmcom/secure-config-annotator-amd64@sha256:26e845c6a252e0c5ae73e764645993b3270e289d1a2e9784b06ddd7898ca45d9 lzj.icp:8500/ibmcom/secure-config-annotator-amd64:1.3.1 lzj.icp:8500/ibmcom/secure-config-annotator:1.3.1] 835555196} {[lzj.icp:8500/ibmcom/hyperkube-amd64@sha256:9eaadf7c2a417ee2a9a219e2eadf21884742199a484be2ca737f0e8a178d490a lzj.icp:8500/ibmcom/hyperkube-amd64:v1.11.1-ee lzj.icp:8500/ibmcom/hyperkube:v1.11.1-ee] 782626408} {[lzj.icp:8500/ibmcom/compliance-annotator-amd64@sha256:5d8bbbef3a7dc54ba9addb256d2aa8a3f7d5c27a454ff4b7ee583b217dac2ce4 lzj.icp:8500/ibmcom/compliance-annotator-amd64:1.3.1 lzj.icp:8500/ibmcom/compliance-annotator:1.3.1] 773932738} {[lzj.icp:8500/ibmcom/icp-logstash-amd64@sha256:02a683ee6ad9eeed7ea8ebb1de713aaf902a9e20a39ccc0294ee1f947f1bbd73 lzj.icp:8500/ibmcom/icp-logstash-amd64:5.5.1 lzj.icp:8500/ibmcom/icp-logstash:5.5.1] 764906887} {[lzj.icp:8500/ibmcom/process-ma-hf-amd64@sha256:ef0d164350d07600f8037082db7d98cf81b9c554d8a60692ae90b8d0239a8cdc lzj.icp:8500/ibmcom/process-ma-hf-amd64:1.3.1 lzj.icp:8500/ibmcom/process-ma-hf:1.3.1] 758635128} {[lzj.icp:8500/ibmcom/vulnerability-annotator-amd64@sha256:febedf85b65e0d1800e67249274d474d4ce67e8041e81487f76bce727cb39bd4 lzj.icp:8500/ibmcom/vulnerability-annotator-amd64:1.3.1 lzj.icp:8500/ibmcom/vulnerability-annotator:1.3.1] 757013017} {[lzj.icp:8500/ibmcom/py-generic-indexer-amd64@sha256:45cb17e23e15f4dfe44471309af12f0655aad5f8e859c718f393290f220b02b2 lzj.icp:8500/ibmcom/py-generic-indexer-amd64:1.3.1 lzj.icp:8500/ibmcom/py-generic-indexer:1.3.1] 755588945} {[lzj.icp:8500/ibmcom/icp-inception-amd64@sha256:1dad180d14ae732d17ca5cf41b87dbb316c072323f186d60a08a753f904eb5b2 ibmcom/icp-inception-amd64:3.1.0-ee lzj.icp:8500/ibmcom/icp-inception-amd64:3.1.0-ee lzj.icp:8500/ibmcom/icp-inception:3.1.0-ee] 744155119} {[lzj.icp:8500/ibmcom/config-parser-amd64@sha256:7d721e0b5a827921ac16fa9e7570db225211e6dd700cdeaba1d28ba02ff8ef6d lzj.icp:8500/ibmcom/config-parser-amd64:1.3.1 lzj.icp:8500/ibmcom/config-parser:1.3.1] 739243486} {[lzj.icp:8500/ibmcom/iam-policy-administration-amd64@sha256:e1941aa09a5b692505cb3be3e497d3ff9acb900786b9a2c8c4c00d0243b37dd0 lzj.icp:8500/ibmcom/iam-policy-administration-amd64:3.1.0 lzj.icp:8500/ibmcom/iam-policy-administration:3.1.0] 711947327} {[lzj.icp:8500/ibmcom/password-annotator-amd64@sha256:bca1b6b222d8ea8ade174a8cc1a549f161d75d3e9d69881f08a1fb316a8e27d3 lzj.icp:8500/ibmcom/password-annotator-amd64:1.3.1 lzj.icp:8500/ibmcom/password-annotator:1.3.1] 707627907} {[lzj.icp:8500/ibmcom/notification-dispatcher-amd64@sha256:ec8dfbc351a0d758488f9f8bfa17c3182a5c02819a6ebf7144ab914a2233cf57 lzj.icp:8500/ibmcom/notification-dispatcher-amd64:1.3.1 lzj.icp:8500/ibmcom/notification-dispatcher:1.3.1] 707588442} {[lzj.icp:8500/ibmcom/sas-base-amd64@sha256:9651b1149c62d5a0968aaeffe71f2da68cd7e07ff8d7ea67538278c00ab08457 lzj.icp:8500/ibmcom/sas-base-amd64:1.3.1 lzj.icp:8500/ibmcom/sas-base:1.3.1] 653746081} {[lzj.icp:8500/ibmcom/ma-file-annotator-amd64@sha256:8caa6280fd845fd524ad874a6b243510ebf085d58c989229020fcfc743492632 lzj.icp:8500/ibmcom/ma-file-annotator-amd64:1.3.1 lzj.icp:8500/ibmcom/ma-file-annotator:1.3.1] 653745236} {[lzj.icp:8500/ibmcom/icp-kibana-amd64@sha256:8b69887ac5297e1d2e68b9c2ce885b9a888f6c278ca1538acb0f03206b48502a lzj.icp:8500/ibmcom/icp-kibana-amd64:5.5.1 lzj.icp:8500/ibmcom/icp-kibana:5.5.1] 639622018} {[lzj.icp:8500/ibmcom/icp-platform-api-amd64@sha256:1fc47925c2611aef12631b3f3806308f55a298074aebc561fd04cf8a7691c669 lzj.icp:8500/ibmcom/icp-platform-api-amd64:3.1.0 lzj.icp:8500/ibmcom/icp-platform-api:3.1.0] 612589125} {[lzj.icp:8500/ibmcom/iam-policy-decision-amd64@sha256:d49eb3845c57bb8370a477949d92da10a178b81ade50f0e9d970981fadd6686d lzj.icp:8500/ibmcom/iam-policy-decision-amd64:3.1.0 lzj.icp:8500/ibmcom/iam-policy-decision:3.1.0] 559718344} {[lzj.icp:8500/ibmcom/rootkit-annotator-amd64@sha256:caf6c24136b8785d901f346a640d673b55fe105c3617cfcb432ee2006f5b1cf4 lzj.icp:8500/ibmcom/rootkit-annotator-amd64:1.3.1 lzj.icp:8500/ibmcom/rootkit-annotator:1.3.1] 549434506} {[lzj.icp:8500/ibmcom/icp-elasticsearch-amd64@sha256:0063a7a931ca4e52d8f7a51f2bdb010345f4373b5b904b52e5c8a48ec0c1fde7 lzj.icp:8500/ibmcom/icp-elasticsearch-amd64:5.5.1 lzj.icp:8500/ibmcom/icp-elasticsearch:5.5.1] 520121248} {[lzj.icp:8500/ibmcom/logging-pki-init-amd64@sha256:cc4bfa085e1ae99120ee526acd3e62d205e10de6f1c773c521fc5b933914f6a8 lzj.icp:8500/ibmcom/logging-pki-init-amd64:2.0.0 lzj.icp:8500/ibmcom/logging-pki-init:2.0.0] 501921135} {[lzj.icp:8500/ibmcom/searchguard-init-amd64@sha256:d19ce1d27f406945d4ed78b0f07007998c2ab3889086e502924847c2186db546 lzj.icp:8500/ibmcom/searchguard-init-amd64:2.0.0 lzj.icp:8500/ibmcom/searchguard-init:2.0.0] 457030441} {[lzj.icp:8500/ibmcom/metering-ui-amd64@sha256:3628a8fe41183c08ea0b02e2e798e3649e4aebe2c2405c34572b9eb7c7c4d9a8 lzj.icp:8500/ibmcom/metering-ui-amd64:3.1.0 lzj.icp:8500/ibmcom/metering-ui:3.1.0] 385577105} {[lzj.icp:8500/ibmcom/heketi-amd64@sha256:c5b579a4f219c87990f861eb61de86cb9cfb51b6d230b8c299df7d9fd3d02d0e lzj.icp:8500/ibmcom/heketi-amd64:v7.0.0 lzj.icp:8500/ibmcom/heketi:v7.0.0] 384720377} {[lzj.icp:8500/ibmcom/icp-mongodb-amd64@sha256:a305ae8bc309898d86bf60aee968846db3602f77b25924640d5f08a2389ee99d lzj.icp:8500/ibmcom/icp-mongodb-amd64:3.1.0 lzj.icp:8500/ibmcom/icp-mongodb:3.1.0] 379353410} {[lzj.icp:8500/ibmcom/icp-catalog-ui-amd64@sha256:33993b4eab189e3c78fe27799017da770d47523cf6831460741008bf91297d6d lzj.icp:8500/ibmcom/icp-catalog-ui-amd64:3.1.0 lzj.icp:8500/ibmcom/icp-catalog-ui:3.1.0] 363781304} {[lzj.icp:8500/ibmcom/nginx-ingress-controller-amd64@sha256:63b48dd3ba635aa65409f7d6a319e293697810c1b9e885e6255bebf36a2506ab lzj.icp:8500/ibmcom/nginx-ingress-controller-amd64:0.16.2 lzj.icp:8500/ibmcom/nginx-ingress-controller:0.16.2] 361632894} {[lzj.icp:8500/ibmcom/mariadb-amd64@sha256:1f9876179c32fcf463804f75cbf2fb031106edf2be9d5dbf6705375ca53930bb lzj.icp:8500/ibmcom/mariadb-amd64:10.2.17 lzj.icp:8500/ibmcom/mariadb:10.2.17] 358991946} {[lzj.icp:8500/ibmcom/k8szk-amd64@sha256:a9ee22a4df14654552a02303e4560623244683692fd298dd2fb71e9dd66219f3 lzj.icp:8500/ibmcom/k8szk-amd64:v3 lzj.icp:8500/ibmcom/k8szk:v3] 331472973} {[lzj.icp:8500/ibmcom/gluster-amd64@sha256:647caedb536eb7b8c5c8b0a2b69e52d2a34be9e6c9c7b9c1b21d14fcfa261886 lzj.icp:8500/ibmcom/gluster-amd64:v4.0.2 lzj.icp:8500/ibmcom/gluster:v4.0.2] 324265531} {[lzj.icp:8500/ibmcom/istio-grafana-amd64@sha256:381a2dd3a5addbc5d43920bc19bb15ba6dbd422e4a9d91163108e72c5a63234c lzj.icp:8500/ibmcom/istio-grafana-amd64:1.0.0.1 lzj.icp:8500/ibmcom/istio-grafana:1.0.0.1] 324187770} {[lzj.icp:8500/ibmcom/icp-filebeat-amd64@sha256:03af9b78dad6c2ba857975d10c81e781460796dff1ff1163ea4596f4aa10601d lzj.icp:8500/ibmcom/icp-filebeat-amd64:5.5.1 lzj.icp:8500/ibmcom/icp-filebeat:5.5.1] 317104874} {[lzj.icp:8500/ibmcom/istio-proxyv2-amd64@sha256:cd77e75fa85ce74914e1b7b0bef980ece8a62ef0d776c9ef51a0d7d30b4b64a0 lzj.icp:8500/ibmcom/istio-proxyv2-amd64:1.0.0.1 lzj.icp:8500/ibmcom/istio-proxyv2:1.0.0.1] 311276139} {[lzj.icp:8500/ibmcom/istio-pilot-amd64@sha256:63352073a964037fd37f6150228231d2e5eca7e0c2920405d6269326d3c54263 lzj.icp:8500/ibmcom/istio-pilot-amd64:1.0.0.1 lzj.icp:8500/ibmcom/istio-pilot:1.0.0.1] 309502004} {[lzj.icp:8500/ibmcom/fluentd-amd64@sha256:384a99b8d941c93f96ee5b5cbae5b70500219a3f71c73cf4eddd20d9d693e3b3 lzj.icp:8500/ibmcom/fluentd-amd64:v1.2.2-icp lzj.icp:8500/ibmcom/fluentd:v1.2.2-icp] 270902701} {[lzj.icp:8500/ibmcom/icp-identity-manager-amd64@sha256:632f31acd0fcfc3d0cebea31cfb71018f6712bd1a1b4da7476942b3c23aa3521 lzj.icp:8500/ibmcom/icp-identity-manager-amd64:3.1.0 lzj.icp:8500/ibmcom/icp-identity-manager:3.1.0] 268667523} {[lzj.icp:8500/ibmcom/elasticsearch-plugin-searchguard-amd64@sha256:28f88d06bbbc073162702064c1be4ad06272e9021cbc0f929ba8c6da2ca25ae6 lzj.icp:8500/ibmcom/elasticsearch-plugin-searchguard-amd64:2.0.0 lzj.icp:8500/ibmcom/elasticsearch-plugin-searchguard:2.0.0] 267864279} {[lzj.icp:8500/ibmcom/kiali-amd64@sha256:bec63b454cf2e597c61f6a9943144050e5e6fc7a4f6474bc3bb6b627ba20c71c lzj.icp:8500/ibmcom/kiali-amd64:istio-release-1.0.0.1 lzj.icp:8500/ibmcom/kiali:istio-release-1.0.0.1] 265771300} {[lzj.icp:8500/ibmcom/calico-node-amd64@sha256:9871f4dde9eab9fd804b12f3114da36505ff5c220e2323b7434eec24e3b23ac5 lzj.icp:8500/ibmcom/calico-node-amd64:v3.1.3 lzj.icp:8500/ibmcom/calico-node:v3.1.3] 248202699} {[lzj.icp:8500/ibmcom/grafana-amd64@sha256:dc3566257a0c716caedfb33127d8ee385290c1dda006bebfb75c376d56b30c88 lzj.icp:8500/ibmcom/grafana-amd64:5.2.0 lzj.icp:8500/ibmcom/grafana:5.2.0] 245297582} {[lzj.icp:8500/ibmcom/indices-cleaner-amd64@sha256:e6c6453d54012488e9ebfaa9e4d829f567d8e66b24c1613e6d88ca192ed5e85b lzj.icp:8500/ibmcom/indices-cleaner-amd64:1.0.0 lzj.icp:8500/ibmcom/indices-cleaner:1.0.0] 238131553} {[lzj.icp:8500/ibmcom/icp-identity-provider-amd64@sha256:24dba8b07c8295eef99abbf8d83041908516e4e50e4e4cfbbbcd53bdf415dda1 lzj.icp:8500/ibmcom/icp-identity-provider-amd64:3.1.0 lzj.icp:8500/ibmcom/icp-identity-provider:3.1.0] 224286517} {[lzj.icp:8500/ibmcom/curl-amd64@sha256:aad05b4e4529f7e70516d8d3028cae6cd1d50de738ce164f2a532ce2470ac43f lzj.icp:8500/ibmcom/curl-amd64:4.0.0 lzj.icp:8500/ibmcom/curl:4.0.0] 221192597} {[lzj.icp:8500/ibmcom/icp-audit-service-amd64@sha256:9add202c06a43da647380c860d9139fa059701fe103c1f229281215bf99dbbd3 lzj.icp:8500/ibmcom/icp-audit-service-amd64:3.1.0 lzj.icp:8500/ibmcom/icp-audit-service:3.1.0] 215897363}],VolumesInUse:[],VolumesAttached:[],Config:&amp;NodeConfigStatus{Assigned:nil,Active:nil,LastKnownGood:nil,Error:,},},}&#xA;Sep 19 07:27:29.320: INFO: &#xA;Logging kubelet events for node 10.46.6.173&#xA;Sep 19 07:27:29.324: INFO: &#xA;Logging pods the kubelet thinks is on node 10.46.6.173&#xA;Sep 19 07:27:29.358: INFO: tiller-deploy-6b58875cb-5l8kh started at 2018-09-17 07:05:28 +0000 UTC (0+1 container statuses recorded)&#xA;Sep 19 07:27:29.358: INFO: &#x9;Container tiller ready: true, restart count 0&#xA;Sep 19 07:27:29.358: INFO: unified-router-lkwnl started at 2018-09-17 07:15:31 +0000 UTC (0+1 container statuses recorded)&#xA;Sep 19 07:27:29.358: INFO: &#x9;Container unified-router ready: true, restart count 0&#xA;Sep 19 07:27:29.358: INFO: istio-ingressgateway-7bc96d6585-smf45 started at 2018-09-17 07:17:28 +0000 UTC (0+1 container statuses recorded)&#xA;Sep 19 07:27:29.358: INFO: &#x9;Container istio-ingressgateway ready: true, restart count 0&#xA;Sep 19 07:27:29.358: INFO: default-backend-54966589c4-4d47g started at 2018-09-17 07:08:29 +0000 UTC (0+1 container statuses recorded)&#xA;Sep 19 07:27:29.358: INFO: &#x9;Container default-backend ready: true, restart count 0&#xA;Sep 19 07:27:29.358: INFO: platform-ui-6fjgx started at 2018-09-17 07:14:34 +0000 UTC (0+1 container statuses recorded)&#xA;Sep 19 07:27:29.359: INFO: &#x9;Container platform-ui ready: true, restart count 0&#xA;Sep 19 07:27:29.359: INFO: monitoring-prometheus-nodeexporter-f84fv started at 2018-09-17 07:15:45 +0000 UTC (0+2 container statuses recorded)&#xA;Sep 19 07:27:29.359: INFO: &#x9;Container nodeexporter ready: true, restart count 0&#xA;Sep 19 07:27:29.359: INFO: &#x9;Container router ready: true, restart count 0&#xA;Sep 19 07:27:29.359: INFO: prometheus-6f98d89664-wh7pb started at 2018-09-17 07:17:31 +0000 UTC (0+1 container statuses recorded)&#xA;Sep 19 07:27:29.359: INFO: &#x9;Container prometheus ready: true, restart count 0&#xA;Sep 19 07:27:29.359: INFO: vulnerability-advisor-live-crawler-p6khc started at 2018-09-17 07:19:02 +0000 UTC (0+1 container statuses recorded)&#xA;Sep 19 07:27:29.359: INFO: &#x9;Container live-crawler ready: true, restart count 0&#xA;Sep 19 07:27:29.359: INFO: service-catalog-apiserver-967x9 started at 2018-09-17 07:08:20 +0000 UTC (0+1 container statuses recorded)&#xA;Sep 19 07:27:29.359: INFO: &#x9;Container apiserver ready: true, restart count 0&#xA;Sep 19 07:27:29.359: INFO: oidc-client-registration-szxrk started at 2018-09-17 07:10:05 +0000 UTC (0+1 container statuses recorded)&#xA;Sep 19 07:27:29.359: INFO: &#x9;Container oidc-client-registration ready: false, restart count 0&#xA;Sep 19 07:27:29.359: INFO: kiali-7f8c59df94-25qmq started at 2018-09-17 07:17:27 +0000 UTC (0+1 container statuses recorded)&#xA;Sep 19 07:27:29.359: INFO: &#x9;Container kiali ready: true, restart count 0&#xA;Sep 19 07:27:29.359: INFO: kube-dns-mwjc8 started at 2018-09-17 07:06:10 +0000 UTC (0+1 container statuses recorded)&#xA;Sep 19 07:27:29.359: INFO: &#x9;Container kube-dns ready: true, restart count 0&#xA;Sep 19 07:27:29.359: INFO: auth-pdp-tk2jm started at 2018-09-17 07:10:28 +0000 UTC (5+2 container statuses recorded)&#xA;Sep 19 07:27:29.359: INFO: &#x9;Init container init-auth-service ready: true, restart count 0&#xA;Sep 19 07:27:29.359: INFO: &#x9;Init container init-identity-provider ready: true, restart count 0&#xA;Sep 19 07:27:29.359: INFO: &#x9;Init container init-identity-manager ready: true, restart count 0&#xA;Sep 19 07:27:29.359: INFO: &#x9;Init container init-token-service ready: true, restart count 0&#xA;Sep 19 07:27:29.359: INFO: &#x9;Init container init-pap ready: true, restart count 0&#xA;Sep 19 07:27:29.359: INFO: &#x9;Container auth-pdp ready: true, restart count 0&#xA;Sep 19 07:27:29.359: INFO: &#x9;Container icp-audit-service ready: true, restart count 0&#xA;Sep 19 07:27:29.359: INFO: icp-management-ingress-x6qn8 started at 2018-09-17 07:10:36 +0000 UTC (0+1 container statuses recorded)&#xA;Sep 19 07:27:29.359: INFO: &#x9;Container icp-management-ingress ready: true, restart count 0&#xA;Sep 19 07:27:29.359: INFO: istio-egressgateway-54448bcdbd-cqlhf started at 2018-09-17 07:24:11 +0000 UTC (0+1 container statuses recorded)&#xA;Sep 19 07:27:29.359: INFO: &#x9;Container istio-egressgateway ready: true, restart count 0&#xA;Sep 19 07:27:29.359: INFO: heapster-69b486565b-nt26r started at 2018-09-17 07:13:48 +0000 UTC (0+1 container statuses recorded)&#xA;Sep 19 07:27:29.359: INFO: &#x9;Container heapster ready: true, restart count 0&#xA;Sep 19 07:27:29.359: INFO: istio-galley-687cd96db-hlpng started at 2018-09-17 07:17:28 +0000 UTC (0+1 container statuses recorded)&#xA;Sep 19 07:27:29.359: INFO: &#x9;Container validator ready: true, restart count 0&#xA;Sep 19 07:27:29.359: INFO: istio-tracing-77ccfc8844-79ngl started at 2018-09-17 07:17:32 +0000 UTC (0+1 container statuses recorded)&#xA;Sep 19 07:27:29.359: INFO: &#x9;Container jaeger ready: true, restart count 0&#xA;Sep 19 07:27:29.359: INFO: audit-logging-fluentd-ds-dhcg6 started at 2018-09-17 07:18:46 +0000 UTC (0+1 container statuses recorded)&#xA;Sep 19 07:27:29.359: INFO: &#x9;Container fluentd ready: true, restart count 0&#xA;Sep 19 07:27:29.359: INFO: istio-ingressgateway-7bc96d6585-m567m started at 2018-09-17 07:20:41 +0000 UTC (0+1 container statuses recorded)&#xA;Sep 19 07:27:29.359: INFO: &#x9;Container istio-ingressgateway ready: true, restart count 0&#xA;Sep 19 07:27:29.359: INFO: helm-api-fdd886877-6pwm8 started at 2018-09-17 07:16:36 +0000 UTC (0+3 container statuses recorded)&#xA;Sep 19 07:27:29.359: INFO: &#x9;Container audit-service ready: true, restart count 0&#xA;Sep 19 07:27:29.359: INFO: &#x9;Container helmapi ready: true, restart count 0&#xA;Sep 19 07:27:29.359: INFO: &#x9;Container rudder ready: true, restart count 0&#xA;Sep 19 07:27:29.359: INFO: istio-egressgateway-54448bcdbd-f4v6v started at 2018-09-17 07:17:29 +0000 UTC (0+1 container statuses recorded)&#xA;Sep 19 07:27:29.359: INFO: &#x9;Container istio-egressgateway ready: true, restart count 0&#xA;Sep 19 07:27:29.359: INFO: istio-citadel-77694dc965-mwqkp started at 2018-09-17 07:17:31 +0000 UTC (0+1 container statuses recorded)&#xA;Sep 19 07:27:29.359: INFO: &#x9;Container citadel ready: true, restart count 0&#xA;Sep 19 07:27:29.359: INFO: vulnerability-advisor-process-ma-crawler-96728 started at 2018-09-17 07:19:03 +0000 UTC (0+1 container statuses recorded)&#xA;Sep 19 07:27:29.359: INFO: &#x9;Container process-ma-crawler ready: true, restart count 0&#xA;Sep 19 07:27:29.359: INFO: istio-telemetry-8b5964dc7-rfswc started at 2018-09-17 07:19:39 +0000 UTC (0+2 container statuses recorded)&#xA;Sep 19 07:27:29.359: INFO: &#x9;Container istio-proxy ready: true, restart count 0&#xA;Sep 19 07:27:29.359: INFO: &#x9;Container mixer ready: true, restart count 0&#xA;Sep 19 07:27:29.359: INFO: nvidia-device-plugin-nh54k started at 2018-09-17 07:07:17 +0000 UTC (1+1 container statuses recorded)&#xA;Sep 19 07:27:29.359: INFO: &#x9;Init container nvidia-driver-collector ready: true, restart count 0&#xA;Sep 19 07:27:29.359: INFO: &#x9;Container nvidia-device-plugin ready: true, restart count 0&#xA;Sep 19 07:27:29.359: INFO: mariadb-0 started at 2018-09-17 07:08:38 +0000 UTC (0+1 container statuses recorded)&#xA;Sep 19 07:27:29.359: INFO: &#x9;Container mariadb ready: true, restart count 0&#xA;Sep 19 07:27:29.359: INFO: logging-elk-filebeat-ds-qf2vz started at 2018-09-17 07:15:20 +0000 UTC (0+1 container statuses recorded)&#xA;Sep 19 07:27:29.359: INFO: &#x9;Container filebeat ready: true, restart count 0&#xA;Sep 19 07:27:29.359: INFO: istio-ingressgateway-7bc96d6585-c58zx started at 2018-09-17 07:24:15 +0000 UTC (0+1 container statuses recorded)&#xA;Sep 19 07:27:29.359: INFO: &#x9;Container istio-ingressgateway ready: true, restart count 0&#xA;Sep 19 07:27:29.359: INFO: istio-policy-5b64d7fd64-5l2m9 started at 2018-09-17 07:31:07 +0000 UTC (0+2 container statuses recorded)&#xA;Sep 19 07:27:29.359: INFO: &#x9;Container istio-proxy ready: true, restart count 0&#xA;Sep 19 07:27:29.359: INFO: &#x9;Container mixer ready: true, restart count 0&#xA;Sep 19 07:27:29.359: INFO: platform-api-2fs4x started at 2018-09-17 07:08:45 +0000 UTC (0+2 container statuses recorded)&#xA;Sep 19 07:27:29.359: INFO: &#x9;Container audit-service ready: true, restart count 0&#xA;Sep 19 07:27:29.359: INFO: &#x9;Container platform-api ready: true, restart count 0&#xA;Sep 19 07:27:29.359: INFO: istio-telemetry-8b5964dc7-hcf6d started at 2018-09-17 07:17:29 +0000 UTC (0+2 container statuses recorded)&#xA;Sep 19 07:27:29.359: INFO: &#x9;Container istio-proxy ready: true, restart count 0&#xA;Sep 19 07:27:29.359: INFO: &#x9;Container mixer ready: true, restart count 0&#xA;Sep 19 07:27:29.359: INFO: istio-sidecar-injector-86d554f5f7-d57zk started at 2018-09-17 07:17:32 +0000 UTC (0+1 container statuses recorded)&#xA;Sep 19 07:27:29.359: INFO: &#x9;Container sidecar-injector-webhook ready: true, restart count 0&#xA;Sep 19 07:27:29.359: INFO: secret-watcher-5f59fcbc69-pfnfk started at 2018-09-17 07:18:05 +0000 UTC (0+1 container statuses recorded)&#xA;Sep 19 07:27:29.359: INFO: &#x9;Container secret-watcher ready: true, restart count 0&#xA;Sep 19 07:27:29.359: INFO: istio-telemetry-8b5964dc7-nw9kk started at 2018-09-17 07:23:11 +0000 UTC (0+2 container statuses recorded)&#xA;Sep 19 07:27:29.359: INFO: &#x9;Container istio-proxy ready: true, restart count 0&#xA;Sep 19 07:27:29.359: INFO: &#x9;Container mixer ready: true, restart count 0&#xA;Sep 19 07:27:29.359: INFO: calico-kube-controllers-dcb8cc97c-gtsqp started at 2018-09-17 07:05:53 +0000 UTC (0+1 container statuses recorded)&#xA;Sep 19 07:27:29.359: INFO: &#x9;Container calico-kube-controllers ready: true, restart count 0&#xA;Sep 19 07:27:29.359: INFO: icp-mongodb-0 started at 2018-09-17 07:07:42 +0000 UTC (2+1 container statuses recorded)&#xA;Sep 19 07:27:29.359: INFO: &#x9;Init container install ready: true, restart count 0&#xA;Sep 19 07:27:29.359: INFO: &#x9;Init container bootstrap ready: true, restart count 0&#xA;Sep 19 07:27:29.359: INFO: &#x9;Container icp-mongodb ready: true, restart count 0&#xA;Sep 19 07:27:29.359: INFO: catalog-ui-5rtkh started at 2018-09-17 07:15:57 +0000 UTC (0+1 container statuses recorded)&#xA;Sep 19 07:27:29.359: INFO: &#x9;Container catalog-ui ready: true, restart count 0&#xA;Sep 19 07:27:29.359: INFO: istio-policy-5b64d7fd64-jrlzt started at 2018-09-17 07:23:11 +0000 UTC (0+2 container statuses recorded)&#xA;Sep 19 07:27:29.359: INFO: &#x9;Container istio-proxy ready: true, restart count 0&#xA;Sep 19 07:27:29.359: INFO: &#x9;Container mixer ready: true, restart count 0&#xA;Sep 19 07:27:29.359: INFO: k8s-proxy-10.46.6.173 started at &lt;nil&gt; (0+0 container statuses recorded)&#xA;Sep 19 07:27:29.359: INFO: k8s-etcd-10.46.6.173 started at &lt;nil&gt; (0+0 container statuses recorded)&#xA;Sep 19 07:27:29.359: INFO: image-manager-0 started at 2018-09-17 06:38:56 +0000 UTC (0+2 container statuses recorded)&#xA;Sep 19 07:27:29.359: INFO: &#x9;Container icp-registry ready: true, restart count 0&#xA;Sep 19 07:27:29.359: INFO: &#x9;Container image-manager ready: true, restart count 0&#xA;Sep 19 07:27:29.359: INFO: platform-deploy-dbbks started at 2018-09-17 07:08:45 +0000 UTC (0+1 container statuses recorded)&#xA;Sep 19 07:27:29.359: INFO: &#x9;Container platform-deploy ready: true, restart count 0&#xA;Sep 19 07:27:29.359: INFO: auth-apikeys-x45mz started at 2018-09-17 07:10:12 +0000 UTC (0+1 container statuses recorded)&#xA;Sep 19 07:27:29.359: INFO: &#x9;Container auth-apikeys ready: true, restart count 0&#xA;Sep 19 07:27:29.359: INFO: istio-policy-5b64d7fd64-fb4bc started at 2018-09-17 07:27:37 +0000 UTC (0+2 container statuses recorded)&#xA;Sep 19 07:27:29.359: INFO: &#x9;Container istio-proxy ready: true, restart count 0&#xA;Sep 19 07:27:29.359: INFO: &#x9;Container mixer ready: true, restart count 0&#xA;Sep 19 07:27:29.359: INFO: istio-policy-5b64d7fd64-pt9z2 started at 2018-09-17 07:17:30 +0000 UTC (0+2 container statuses recorded)&#xA;Sep 19 07:27:29.359: INFO: &#x9;Container istio-proxy ready: true, restart count 0&#xA;Sep 19 07:27:29.359: INFO: &#x9;Container mixer ready: true, restart count 0&#xA;Sep 19 07:27:29.359: INFO: istio-policy-5b64d7fd64-z68j4 started at 2018-09-17 07:19:38 +0000 UTC (0+2 container statuses recorded)&#xA;Sep 19 07:27:29.359: INFO: &#x9;Container istio-proxy ready: true, restart count 0&#xA;Sep 19 07:27:29.359: INFO: &#x9;Container mixer ready: true, restart count 0&#xA;Sep 19 07:27:29.359: INFO: istio-ingressgateway-7bc96d6585-r98nr started at 2018-09-17 07:28:10 +0000 UTC (0+1 container statuses recorded)&#xA;Sep 19 07:27:29.359: INFO: &#x9;Container istio-ingressgateway ready: true, restart count 0&#xA;Sep 19 07:27:29.359: INFO: auth-idp-kjpmx started at 2018-09-17 07:10:04 +0000 UTC (1+4 container statuses recorded)&#xA;Sep 19 07:27:29.359: INFO: &#x9;Init container init-mariadb ready: true, restart count 0&#xA;Sep 19 07:27:29.359: INFO: &#x9;Container icp-audit-service ready: true, restart count 0&#xA;Sep 19 07:27:29.359: INFO: &#x9;Container platform-auth-service ready: true, restart count 0&#xA;Sep 19 07:27:29.359: INFO: &#x9;Container platform-identity-manager ready: true, restart count 0&#xA;Sep 19 07:27:29.359: INFO: &#x9;Container platform-identity-provider ready: true, restart count 0&#xA;Sep 19 07:27:29.359: INFO: helm-repo-5649f57447-wwdn4 started at 2018-09-17 07:13:54 +0000 UTC (1+2 container statuses recorded)&#xA;Sep 19 07:27:29.359: INFO: &#x9;Init container helm-repo-init ready: true, restart count 0&#xA;Sep 19 07:27:29.359: INFO: &#x9;Container audit-service ready: true, restart count 0&#xA;Sep 19 07:27:29.359: INFO: &#x9;Container helm-repo ready: true, restart count 0&#xA;Sep 19 07:27:29.359: INFO: metering-reader-l7284 started at 2018-09-17 07:14:11 +0000 UTC (1+1 container statuses recorded)&#xA;Sep 19 07:27:29.359: INFO: &#x9;Init container metering-reader-init ready: true, restart count 0&#xA;Sep 19 07:27:29.359: INFO: &#x9;Container metering-reader ready: true, restart count 0&#xA;Sep 19 07:27:29.359: INFO: istio-statsd-prom-bridge-66cb69b666-p76m8 started at 2018-09-17 07:17:29 +0000 UTC (0+1 container statuses recorded)&#xA;Sep 19 07:27:29.359: INFO: &#x9;Container statsd-prom-bridge ready: true, restart count 0&#xA;Sep 19 07:27:29.359: INFO: servicegraph-85578d8fc6-m62z4 started at 2018-09-17 07:17:32 +0000 UTC (0+1 container statuses recorded)&#xA;Sep 19 07:27:29.359: INFO: &#x9;Container servicegraph ready: true, restart count 0&#xA;Sep 19 07:27:29.359: INFO: mgmt-repo-57dc689b74-tmp44 started at 2018-09-17 07:17:51 +0000 UTC (1+2 container statuses recorded)&#xA;Sep 19 07:27:29.359: INFO: &#x9;Init container mgmt-repo-init ready: true, restart count 0&#xA;Sep 19 07:27:29.359: INFO: &#x9;Container audit-service ready: true, restart count 0&#xA;Sep 19 07:27:29.359: INFO: &#x9;Container mgmt-repo ready: true, restart count 0&#xA;Sep 19 07:27:29.359: INFO: istio-egressgateway-54448bcdbd-lhh5c started at 2018-09-17 07:20:07 +0000 UTC (0+1 container statuses recorded)&#xA;Sep 19 07:27:29.359: INFO: &#x9;Container istio-egressgateway ready: true, restart count 0&#xA;Sep 19 07:27:29.359: INFO: istio-ingressgateway-7bc96d6585-4qnc5 started at 2018-09-17 07:24:14 +0000 UTC (0+1 container statuses recorded)&#xA;Sep 19 07:27:29.359: INFO: &#x9;Container istio-ingressgateway ready: true, restart count 0&#xA;Sep 19 07:27:29.359: INFO: istio-telemetry-8b5964dc7-vjqbq started at 2018-09-17 07:27:36 +0000 UTC (0+2 container statuses recorded)&#xA;Sep 19 07:27:29.359: INFO: &#x9;Container istio-proxy ready: true, restart count 0&#xA;Sep 19 07:27:29.359: INFO: &#x9;Container mixer ready: true, restart count 0&#xA;Sep 19 07:27:29.359: INFO: istio-telemetry-8b5964dc7-9q67f started at 2018-09-17 07:31:08 +0000 UTC (0+2 container statuses recorded)&#xA;Sep 19 07:27:29.359: INFO: &#x9;Container istio-proxy ready: true, restart count 0&#xA;Sep 19 07:27:29.359: INFO: &#x9;Container mixer ready: true, restart count 0&#xA;Sep 19 07:27:29.359: INFO: service-catalog-controller-manager-5969cccf86-65phs started at 2018-09-17 07:08:21 +0000 UTC (0+1 container statuses recorded)&#xA;Sep 19 07:27:29.359: INFO: &#x9;Container controller-manager ready: true, restart count 0&#xA;Sep 19 07:27:29.359: INFO: auth-pap-qb5m2 started at 2018-09-17 07:10:20 +0000 UTC (0+1 container statuses recorded)&#xA;Sep 19 07:27:29.359: INFO: &#x9;Container auth-pap ready: true, restart count 0&#xA;Sep 19 07:27:29.359: INFO: istio-pilot-6cf9ccf474-kkb6j started at 2018-09-17 07:17:31 +0000 UTC (0+2 container statuses recorded)&#xA;Sep 19 07:27:29.359: INFO: &#x9;Container discovery ready: true, restart count 0&#xA;Sep 19 07:27:29.359: INFO: &#x9;Container istio-proxy ready: true, restart count 0&#xA;Sep 19 07:27:29.359: INFO: calico-node-m7d5t started at 2018-09-17 07:05:54 +0000 UTC (0+2 container statuses recorded)&#xA;Sep 19 07:27:29.359: INFO: &#x9;Container calico-node ready: true, restart count 0&#xA;Sep 19 07:27:29.359: INFO: &#x9;Container install-cni ready: true, restart count 0&#xA;Sep 19 07:27:29.359: INFO: ibm-cert-manager-cert-manager-74687f689b-7994r started at 2018-09-17 07:07:12 +0000 UTC (0+1 container statuses recorded)&#xA;Sep 19 07:27:29.359: INFO: &#x9;Container ibm-cert-manager ready: true, restart count 0&#xA;Sep 19 07:27:29.359: INFO: nginx-ingress-controller-h5z2v started at 2018-09-17 07:08:28 +0000 UTC (1+1 container statuses recorded)&#xA;Sep 19 07:27:29.359: INFO: &#x9;Init container sysctl ready: true, restart count 0&#xA;Sep 19 07:27:29.359: INFO: &#x9;Container nginx-ingress ready: true, restart count 0&#xA;Sep 19 07:27:29.359: INFO: istio-egressgateway-54448bcdbd-pjbtc started at 2018-09-17 07:28:34 +0000 UTC (0+1 container statuses recorded)&#xA;Sep 19 07:27:29.359: INFO: &#x9;Container istio-egressgateway ready: true, restart count 0&#xA;Sep 19 07:27:29.359: INFO: k8s-master-10.46.6.173 started at &lt;nil&gt; (0+0 container statuses recorded)&#xA;Sep 19 07:27:29.359: INFO: grafana-77676f44f7-c9wr6 started at 2018-09-17 07:17:28 +0000 UTC (0+1 container statuses recorded)&#xA;Sep 19 07:27:29.359: INFO: &#x9;Container grafana ready: true, restart count 1&#xA;Sep 19 07:27:29.359: INFO: security-onboarding-tkf79 started at 2018-09-17 07:18:12 +0000 UTC (0+1 container statuses recorded)&#xA;Sep 19 07:27:29.359: INFO: &#x9;Container security-onboarding ready: false, restart count 0&#xA;Sep 19 07:27:29.359: INFO: istio-egressgateway-54448bcdbd-xmkbc started at 2018-09-17 07:24:11 +0000 UTC (0+1 container statuses recorded)&#xA;Sep 19 07:27:29.359: INFO: &#x9;Container istio-egressgateway ready: true, restart count 0&#xA;Sep 19 07:27:29.447: INFO: &#xA;Latency metrics for node 10.46.6.173&#xA;STEP: Dumping a list of prepulled images on each node to file /tmp/results/image-puller.txt&#xA;Sep 19 07:27:29.461: INFO: Waiting up to 3m0s for all (but 0) nodes to be ready&#xA;STEP: Destroying namespace &#34;e2e-tests-gc-wvln5&#34; for this suite.&#xA;Sep 19 07:27:35.485: INFO: Waiting up to 30s for server preferred namespaced resources to be successfully discovered&#xA;Sep 19 07:27:36.917: INFO: namespace: e2e-tests-gc-wvln5, resource: bindings, ignored listing per whitelist&#xA;Sep 19 07:27:37.413: INFO: namespace e2e-tests-gc-wvln5 deletion completed in 7.946607047s&#xA;</system-out>
      </testcase>
      <testcase name="[sig-storage] Projected should be consumable from pods in volume with mappings and Item mode set [NodeConformance] [Conformance]" classname="Kubernetes e2e suite" time="12.584527894"></testcase>
      <testcase name="[sig-storage] vcp at scale [Feature:vsphere]  vsphere scale tests" classname="Kubernetes e2e suite" time="0">
          <skipped></skipped>
      </testcase>
      <testcase name="[sig-storage] Subpath [Volume type: gcePDPVC] should fail if subpath file is outside the volume [Slow]" classname="Kubernetes e2e suite" time="0">
          <skipped></skipped>
      </testcase>
      <testcase name="[sig-storage] Subpath [Volume type: hostPathSymlink] should fail if subpath file is outside the volume [Slow]" classname="Kubernetes e2e suite" time="0">
          <skipped></skipped>
      </testcase>
      <testcase name="[sig-storage] PersistentVolumes-local  [Volume type: dir] Two pods mounting a local volume at the same time should be able to write from pod1 and read from pod2" classname="Kubernetes e2e suite" time="0">
          <skipped></skipped>
      </testcase>
      <testcase name="[sig-network] Loadbalancing: L7 GCE [Slow] [Feature:NEG] rolling update backend pods should not cause service disruption" classname="Kubernetes e2e suite" time="0">
          <skipped></skipped>
      </testcase>
      <testcase name="[sig-apps] DisruptionController evictions: enough pods, absolute =&gt; should allow an eviction" classname="Kubernetes e2e suite" time="0">
          <skipped></skipped>
      </testcase>
      <testcase name="[sig-storage] Subpath [Volume type: gcePDPartitioned] should fail for new directories when readOnly specified in the volumeSource" classname="Kubernetes e2e suite" time="0">
          <skipped></skipped>
      </testcase>
      <testcase name="[sig-storage] ConfigMap should be consumable from pods in volume as non-root with FSGroup [NodeFeature:FSGroup]" classname="Kubernetes e2e suite" time="0">
          <skipped></skipped>
      </testcase>
      <testcase name="[sig-autoscaling] Cluster size autoscaling [Slow] Should scale down GPU pool from 1 [GpuType:nvidia-tesla-k80] [Feature:ClusterSizeAutoscalingGpu]" classname="Kubernetes e2e suite" time="0">
          <skipped></skipped>
      </testcase>
      <testcase name="[sig-storage] Subpath [Volume type: nfs] should support restarting containers using directory as subpath [Slow]" classname="Kubernetes e2e suite" time="0">
          <skipped></skipped>
      </testcase>
      <testcase name="[sig-api-machinery] Garbage collector should orphan RS created by deployment when deleteOptions.PropagationPolicy is Orphan [Conformance]" classname="Kubernetes e2e suite" time="8.813150752">
          <failure type="Failure">/workspace/anago-v1.11.2-beta.0.50+bb9ffb1654d4a7/src/k8s.io/kubernetes/_output/dockerized/go/src/k8s.io/kubernetes/test/e2e/framework/framework.go:684&#xA;Sep 19 07:27:50.430: Failed to create deployment: Internal error occurred: admission webhook &#34;trust.hooks.securityenforcement.admission.cloud.ibm.com&#34; denied the request: &#xA;Deny &#34;k8s.gcr.io/nginx-slim-amd64:0.20&#34;, no matching repositories in ClusterImagePolicy and no ImagePolicies in the &#34;e2e-tests-gc-54hkq&#34; namespace&#xA;/workspace/anago-v1.11.2-beta.0.50+bb9ffb1654d4a7/src/k8s.io/kubernetes/_output/dockerized/go/src/k8s.io/kubernetes/test/e2e/apimachinery/garbage_collector.go:585</failure>
          <system-out>[BeforeEach] [sig-api-machinery] Garbage collector&#xA;  /workspace/anago-v1.11.2-beta.0.50+bb9ffb1654d4a7/src/k8s.io/kubernetes/_output/dockerized/go/src/k8s.io/kubernetes/test/e2e/framework/framework.go:141&#xA;STEP: Creating a kubernetes client&#xA;Sep 19 07:27:49.999: INFO: &gt;&gt;&gt; kubeConfig: /tmp/kubeconfig-172917420&#xA;STEP: Building a namespace api object&#xA;STEP: Binding the e2e-test-privileged-psp PodSecurityPolicy to the default service account in e2e-tests-gc-54hkq&#xA;STEP: Waiting for a default service account to be provisioned in namespace&#xA;[It] should orphan RS created by deployment when deleteOptions.PropagationPolicy is Orphan [Conformance]&#xA;  /workspace/anago-v1.11.2-beta.0.50+bb9ffb1654d4a7/src/k8s.io/kubernetes/_output/dockerized/go/src/k8s.io/kubernetes/test/e2e/framework/framework.go:684&#xA;STEP: create the deployment&#xA;Sep 19 07:27:50.430: INFO: Failed to create deployment: Internal error occurred: admission webhook &#34;trust.hooks.securityenforcement.admission.cloud.ibm.com&#34; denied the request: &#xA;Deny &#34;k8s.gcr.io/nginx-slim-amd64:0.20&#34;, no matching repositories in ClusterImagePolicy and no ImagePolicies in the &#34;e2e-tests-gc-54hkq&#34; namespace&#xA;[AfterEach] [sig-api-machinery] Garbage collector&#xA;  /workspace/anago-v1.11.2-beta.0.50+bb9ffb1654d4a7/src/k8s.io/kubernetes/_output/dockerized/go/src/k8s.io/kubernetes/test/e2e/framework/framework.go:142&#xA;STEP: Collecting events from namespace &#34;e2e-tests-gc-54hkq&#34;.&#xA;STEP: Found 0 events.&#xA;Sep 19 07:27:50.493: INFO: POD                                                              NODE         PHASE      GRACE  CONDITIONS&#xA;Sep 19 07:27:50.493: INFO: ibm-cert-manager-cert-manager-74687f689b-7994r                   10.46.6.173  Running           [{Initialized True 0001-01-01 00:00:00 +0000 UTC 2018-09-17 07:07:12 +0000 UTC  } {Ready True 0001-01-01 00:00:00 +0000 UTC 2018-09-17 07:07:37 +0000 UTC  } {ContainersReady True 0001-01-01 00:00:00 +0000 UTC 0001-01-01 00:00:00 +0000 UTC  } {PodScheduled True 0001-01-01 00:00:00 +0000 UTC 2018-09-17 07:07:12 +0000 UTC  }]&#xA;Sep 19 07:27:50.494: INFO: sonobuoy                                                         10.46.6.170  Running           [{Initialized True 0001-01-01 00:00:00 +0000 UTC 2018-09-19 07:22:02 +0000 UTC  } {Ready True 0001-01-01 00:00:00 +0000 UTC 2018-09-19 07:22:08 +0000 UTC  } {ContainersReady True 0001-01-01 00:00:00 +0000 UTC 0001-01-01 00:00:00 +0000 UTC  } {PodScheduled True 0001-01-01 00:00:00 +0000 UTC 2018-09-19 07:22:02 +0000 UTC  }]&#xA;Sep 19 07:27:50.494: INFO: sonobuoy-e2e-job-c3f9b53ea97c48a2                                10.46.6.170  Running           [{Initialized True 0001-01-01 00:00:00 +0000 UTC 2018-09-19 07:22:08 +0000 UTC  } {Ready True 0001-01-01 00:00:00 +0000 UTC 2018-09-19 07:22:25 +0000 UTC  } {ContainersReady True 0001-01-01 00:00:00 +0000 UTC 0001-01-01 00:00:00 +0000 UTC  } {PodScheduled True 0001-01-01 00:00:00 +0000 UTC 2018-09-19 07:22:08 +0000 UTC  }]&#xA;Sep 19 07:27:50.494: INFO: grafana-77676f44f7-c9wr6                                         10.46.6.173  Running           [{Initialized True 0001-01-01 00:00:00 +0000 UTC 2018-09-17 07:17:28 +0000 UTC  } {Ready True 0001-01-01 00:00:00 +0000 UTC 2018-09-17 07:20:34 +0000 UTC  } {ContainersReady True 0001-01-01 00:00:00 +0000 UTC 0001-01-01 00:00:00 +0000 UTC  } {PodScheduled True 0001-01-01 00:00:00 +0000 UTC 2018-09-17 07:17:27 +0000 UTC  }]&#xA;Sep 19 07:27:50.494: INFO: istio-citadel-77694dc965-mwqkp                                   10.46.6.173  Running           [{Initialized True 0001-01-01 00:00:00 +0000 UTC 2018-09-17 07:17:31 +0000 UTC  } {Ready True 0001-01-01 00:00:00 +0000 UTC 2018-09-17 07:18:30 +0000 UTC  } {ContainersReady True 0001-01-01 00:00:00 +0000 UTC 0001-01-01 00:00:00 +0000 UTC  } {PodScheduled True 0001-01-01 00:00:00 +0000 UTC 2018-09-17 07:17:28 +0000 UTC  }]&#xA;Sep 19 07:27:50.494: INFO: istio-egressgateway-54448bcdbd-cqlhf                             10.46.6.173  Running           [{Initialized True 0001-01-01 00:00:00 +0000 UTC 2018-09-17 07:24:11 +0000 UTC  } {Ready True 0001-01-01 00:00:00 +0000 UTC 2018-09-17 07:25:19 +0000 UTC  } {ContainersReady True 0001-01-01 00:00:00 +0000 UTC 0001-01-01 00:00:00 +0000 UTC  } {PodScheduled True 0001-01-01 00:00:00 +0000 UTC 2018-09-17 07:24:10 +0000 UTC  }]&#xA;Sep 19 07:27:50.494: INFO: istio-egressgateway-54448bcdbd-f4v6v                             10.46.6.173  Running           [{Initialized True 0001-01-01 00:00:00 +0000 UTC 2018-09-17 07:17:29 +0000 UTC  } {Ready True 0001-01-01 00:00:00 +0000 UTC 2018-09-17 07:18:31 +0000 UTC  } {ContainersReady True 0001-01-01 00:00:00 +0000 UTC 0001-01-01 00:00:00 +0000 UTC  } {PodScheduled True 0001-01-01 00:00:00 +0000 UTC 2018-09-17 07:17:27 +0000 UTC  }]&#xA;Sep 19 07:27:50.494: INFO: istio-egressgateway-54448bcdbd-lhh5c                             10.46.6.173  Running           [{Initialized True 0001-01-01 00:00:00 +0000 UTC 2018-09-17 07:20:07 +0000 UTC  } {Ready True 0001-01-01 00:00:00 +0000 UTC 2018-09-17 07:21:11 +0000 UTC  } {ContainersReady True 0001-01-01 00:00:00 +0000 UTC 0001-01-01 00:00:00 +0000 UTC  } {PodScheduled True 0001-01-01 00:00:00 +0000 UTC 2018-09-17 07:20:06 +0000 UTC  }]&#xA;Sep 19 07:27:50.494: INFO: istio-egressgateway-54448bcdbd-pjbtc                             10.46.6.173  Running           [{Initialized True 0001-01-01 00:00:00 +0000 UTC 2018-09-17 07:28:34 +0000 UTC  } {Ready True 0001-01-01 00:00:00 +0000 UTC 2018-09-17 07:29:40 +0000 UTC  } {ContainersReady True 0001-01-01 00:00:00 +0000 UTC 0001-01-01 00:00:00 +0000 UTC  } {PodScheduled True 0001-01-01 00:00:00 +0000 UTC 2018-09-17 07:28:34 +0000 UTC  }]&#xA;Sep 19 07:27:50.494: INFO: istio-egressgateway-54448bcdbd-xmkbc                             10.46.6.173  Running           [{Initialized True 0001-01-01 00:00:00 +0000 UTC 2018-09-17 07:24:11 +0000 UTC  } {Ready True 0001-01-01 00:00:00 +0000 UTC 2018-09-17 07:25:10 +0000 UTC  } {ContainersReady True 0001-01-01 00:00:00 +0000 UTC 0001-01-01 00:00:00 +0000 UTC  } {PodScheduled True 0001-01-01 00:00:00 +0000 UTC 2018-09-17 07:24:10 +0000 UTC  }]&#xA;Sep 19 07:27:50.494: INFO: istio-galley-687cd96db-hlpng                                     10.46.6.173  Running           [{Initialized True 0001-01-01 00:00:00 +0000 UTC 2018-09-17 07:17:28 +0000 UTC  } {Ready True 0001-01-01 00:00:00 +0000 UTC 2018-09-17 07:18:35 +0000 UTC  } {ContainersReady True 0001-01-01 00:00:00 +0000 UTC 0001-01-01 00:00:00 +0000 UTC  } {PodScheduled True 0001-01-01 00:00:00 +0000 UTC 2018-09-17 07:17:27 +0000 UTC  }]&#xA;Sep 19 07:27:50.494: INFO: istio-ingressgateway-7bc96d6585-4qnc5                            10.46.6.173  Running           [{Initialized True 0001-01-01 00:00:00 +0000 UTC 2018-09-17 07:24:14 +0000 UTC  } {Ready True 0001-01-01 00:00:00 +0000 UTC 2018-09-17 07:25:22 +0000 UTC  } {ContainersReady True 0001-01-01 00:00:00 +0000 UTC 0001-01-01 00:00:00 +0000 UTC  } {PodScheduled True 0001-01-01 00:00:00 +0000 UTC 2018-09-17 07:24:13 +0000 UTC  }]&#xA;Sep 19 07:27:50.494: INFO: istio-ingressgateway-7bc96d6585-c58zx                            10.46.6.173  Running           [{Initialized True 0001-01-01 00:00:00 +0000 UTC 2018-09-17 07:24:15 +0000 UTC  } {Ready True 0001-01-01 00:00:00 +0000 UTC 2018-09-17 07:25:19 +0000 UTC  } {ContainersReady True 0001-01-01 00:00:00 +0000 UTC 0001-01-01 00:00:00 +0000 UTC  } {PodScheduled True 0001-01-01 00:00:00 +0000 UTC 2018-09-17 07:24:14 +0000 UTC  }]&#xA;Sep 19 07:27:50.494: INFO: istio-ingressgateway-7bc96d6585-m567m                            10.46.6.173  Running           [{Initialized True 0001-01-01 00:00:00 +0000 UTC 2018-09-17 07:20:41 +0000 UTC  } {Ready True 0001-01-01 00:00:00 +0000 UTC 2018-09-17 07:21:43 +0000 UTC  } {ContainersReady True 0001-01-01 00:00:00 +0000 UTC 0001-01-01 00:00:00 +0000 UTC  } {PodScheduled True 0001-01-01 00:00:00 +0000 UTC 2018-09-17 07:20:41 +0000 UTC  }]&#xA;Sep 19 07:27:50.494: INFO: istio-ingressgateway-7bc96d6585-r98nr                            10.46.6.173  Running           [{Initialized True 0001-01-01 00:00:00 +0000 UTC 2018-09-17 07:28:10 +0000 UTC  } {Ready True 0001-01-01 00:00:00 +0000 UTC 2018-09-17 07:29:11 +0000 UTC  } {ContainersReady True 0001-01-01 00:00:00 +0000 UTC 0001-01-01 00:00:00 +0000 UTC  } {PodScheduled True 0001-01-01 00:00:00 +0000 UTC 2018-09-17 07:28:09 +0000 UTC  }]&#xA;Sep 19 07:27:50.494: INFO: istio-ingressgateway-7bc96d6585-smf45                            10.46.6.173  Running           [{Initialized True 0001-01-01 00:00:00 +0000 UTC 2018-09-17 07:17:28 +0000 UTC  } {Ready True 0001-01-01 00:00:00 +0000 UTC 2018-09-17 07:18:37 +0000 UTC  } {ContainersReady True 0001-01-01 00:00:00 +0000 UTC 0001-01-01 00:00:00 +0000 UTC  } {PodScheduled True 0001-01-01 00:00:00 +0000 UTC 2018-09-17 07:17:27 +0000 UTC  }]&#xA;Sep 19 07:27:50.494: INFO: istio-pilot-6cf9ccf474-kkb6j                                     10.46.6.173  Running           [{Initialized True 0001-01-01 00:00:00 +0000 UTC 2018-09-17 07:17:31 +0000 UTC  } {Ready True 0001-01-01 00:00:00 +0000 UTC 2018-09-17 07:19:28 +0000 UTC  } {ContainersReady True 0001-01-01 00:00:00 +0000 UTC 0001-01-01 00:00:00 +0000 UTC  } {PodScheduled True 0001-01-01 00:00:00 +0000 UTC 2018-09-17 07:17:27 +0000 UTC  }]&#xA;Sep 19 07:27:50.494: INFO: istio-policy-5b64d7fd64-5l2m9                                    10.46.6.173  Running           [{Initialized True 0001-01-01 00:00:00 +0000 UTC 2018-09-17 07:31:07 +0000 UTC  } {Ready True 0001-01-01 00:00:00 +0000 UTC 2018-09-17 07:31:51 +0000 UTC  } {ContainersReady True 0001-01-01 00:00:00 +0000 UTC 0001-01-01 00:00:00 +0000 UTC  } {PodScheduled True 0001-01-01 00:00:00 +0000 UTC 2018-09-17 07:31:06 +0000 UTC  }]&#xA;Sep 19 07:27:50.494: INFO: istio-policy-5b64d7fd64-fb4bc                                    10.46.6.173  Running           [{Initialized True 0001-01-01 00:00:00 +0000 UTC 2018-09-17 07:27:37 +0000 UTC  } {Ready True 0001-01-01 00:00:00 +0000 UTC 2018-09-17 07:28:39 +0000 UTC  } {ContainersReady True 0001-01-01 00:00:00 +0000 UTC 0001-01-01 00:00:00 +0000 UTC  } {PodScheduled True 0001-01-01 00:00:00 +0000 UTC 2018-09-17 07:27:36 +0000 UTC  }]&#xA;Sep 19 07:27:50.494: INFO: istio-policy-5b64d7fd64-jrlzt                                    10.46.6.173  Running           [{Initialized True 0001-01-01 00:00:00 +0000 UTC 2018-09-17 07:23:11 +0000 UTC  } {Ready True 0001-01-01 00:00:00 +0000 UTC 2018-09-17 07:24:08 +0000 UTC  } {ContainersReady True 0001-01-01 00:00:00 +0000 UTC 0001-01-01 00:00:00 +0000 UTC  } {PodScheduled True 0001-01-01 00:00:00 +0000 UTC 2018-09-17 07:23:10 +0000 UTC  }]&#xA;Sep 19 07:27:50.494: INFO: istio-policy-5b64d7fd64-pt9z2                                    10.46.6.173  Running           [{Initialized True 0001-01-01 00:00:00 +0000 UTC 2018-09-17 07:17:30 +0000 UTC  } {Ready True 0001-01-01 00:00:00 +0000 UTC 2018-09-17 07:19:02 +0000 UTC  } {ContainersReady True 0001-01-01 00:00:00 +0000 UTC 0001-01-01 00:00:00 +0000 UTC  } {PodScheduled True 0001-01-01 00:00:00 +0000 UTC 2018-09-17 07:17:27 +0000 UTC  }]&#xA;Sep 19 07:27:50.494: INFO: istio-policy-5b64d7fd64-z68j4                                    10.46.6.173  Running           [{Initialized True 0001-01-01 00:00:00 +0000 UTC 2018-09-17 07:19:38 +0000 UTC  } {Ready True 0001-01-01 00:00:00 +0000 UTC 2018-09-17 07:20:44 +0000 UTC  } {ContainersReady True 0001-01-01 00:00:00 +0000 UTC 0001-01-01 00:00:00 +0000 UTC  } {PodScheduled True 0001-01-01 00:00:00 +0000 UTC 2018-09-17 07:19:37 +0000 UTC  }]&#xA;Sep 19 07:27:50.494: INFO: istio-sidecar-injector-86d554f5f7-d57zk                          10.46.6.173  Running           [{Initialized True 0001-01-01 00:00:00 +0000 UTC 2018-09-17 07:17:32 +0000 UTC  } {Ready True 0001-01-01 00:00:00 +0000 UTC 2018-09-17 07:18:41 +0000 UTC  } {ContainersReady True 0001-01-01 00:00:00 +0000 UTC 0001-01-01 00:00:00 +0000 UTC  } {PodScheduled True 0001-01-01 00:00:00 +0000 UTC 2018-09-17 07:17:29 +0000 UTC  }]&#xA;Sep 19 07:27:50.494: INFO: istio-statsd-prom-bridge-66cb69b666-p76m8                        10.46.6.173  Running           [{Initialized True 0001-01-01 00:00:00 +0000 UTC 2018-09-17 07:17:29 +0000 UTC  } {Ready True 0001-01-01 00:00:00 +0000 UTC 2018-09-17 07:18:32 +0000 UTC  } {ContainersReady True 0001-01-01 00:00:00 +0000 UTC 0001-01-01 00:00:00 +0000 UTC  } {PodScheduled True 0001-01-01 00:00:00 +0000 UTC 2018-09-17 07:17:27 +0000 UTC  }]&#xA;Sep 19 07:27:50.494: INFO: istio-telemetry-8b5964dc7-9q67f                                  10.46.6.173  Running           [{Initialized True 0001-01-01 00:00:00 +0000 UTC 2018-09-17 07:31:08 +0000 UTC  } {Ready True 0001-01-01 00:00:00 +0000 UTC 2018-09-17 07:32:00 +0000 UTC  } {ContainersReady True 0001-01-01 00:00:00 +0000 UTC 0001-01-01 00:00:00 +0000 UTC  } {PodScheduled True 0001-01-01 00:00:00 +0000 UTC 2018-09-17 07:31:07 +0000 UTC  }]&#xA;Sep 19 07:27:50.494: INFO: istio-telemetry-8b5964dc7-hcf6d                                  10.46.6.173  Running           [{Initialized True 0001-01-01 00:00:00 +0000 UTC 2018-09-17 07:17:29 +0000 UTC  } {Ready True 0001-01-01 00:00:00 +0000 UTC 2018-09-17 07:18:56 +0000 UTC  } {ContainersReady True 0001-01-01 00:00:00 +0000 UTC 0001-01-01 00:00:00 +0000 UTC  } {PodScheduled True 0001-01-01 00:00:00 +0000 UTC 2018-09-17 07:17:27 +0000 UTC  }]&#xA;Sep 19 07:27:50.494: INFO: istio-telemetry-8b5964dc7-nw9kk                                  10.46.6.173  Running           [{Initialized True 0001-01-01 00:00:00 +0000 UTC 2018-09-17 07:23:11 +0000 UTC  } {Ready True 0001-01-01 00:00:00 +0000 UTC 2018-09-17 07:24:19 +0000 UTC  } {ContainersReady True 0001-01-01 00:00:00 +0000 UTC 0001-01-01 00:00:00 +0000 UTC  } {PodScheduled True 0001-01-01 00:00:00 +0000 UTC 2018-09-17 07:23:10 +0000 UTC  }]&#xA;Sep 19 07:27:50.494: INFO: istio-telemetry-8b5964dc7-rfswc                                  10.46.6.173  Running           [{Initialized True 0001-01-01 00:00:00 +0000 UTC 2018-09-17 07:19:39 +0000 UTC  } {Ready True 0001-01-01 00:00:00 +0000 UTC 2018-09-17 07:20:38 +0000 UTC  } {ContainersReady True 0001-01-01 00:00:00 +0000 UTC 0001-01-01 00:00:00 +0000 UTC  } {PodScheduled True 0001-01-01 00:00:00 +0000 UTC 2018-09-17 07:19:38 +0000 UTC  }]&#xA;Sep 19 07:27:50.494: INFO: istio-telemetry-8b5964dc7-vjqbq                                  10.46.6.173  Running           [{Initialized True 0001-01-01 00:00:00 +0000 UTC 2018-09-17 07:27:36 +0000 UTC  } {Ready True 0001-01-01 00:00:00 +0000 UTC 2018-09-17 07:28:21 +0000 UTC  } {ContainersReady True 0001-01-01 00:00:00 +0000 UTC 0001-01-01 00:00:00 +0000 UTC  } {PodScheduled True 0001-01-01 00:00:00 +0000 UTC 2018-09-17 07:27:36 +0000 UTC  }]&#xA;Sep 19 07:27:50.495: INFO: istio-tracing-77ccfc8844-79ngl                                   10.46.6.173  Running           [{Initialized True 0001-01-01 00:00:00 +0000 UTC 2018-09-17 07:17:32 +0000 UTC  } {Ready True 0001-01-01 00:00:00 +0000 UTC 2018-09-17 07:18:08 +0000 UTC  } {ContainersReady True 0001-01-01 00:00:00 +0000 UTC 0001-01-01 00:00:00 +0000 UTC  } {PodScheduled True 0001-01-01 00:00:00 +0000 UTC 2018-09-17 07:17:29 +0000 UTC  }]&#xA;Sep 19 07:27:50.495: INFO: kiali-7f8c59df94-25qmq                                           10.46.6.173  Running           [{Initialized True 0001-01-01 00:00:00 +0000 UTC 2018-09-17 07:17:27 +0000 UTC  } {Ready True 0001-01-01 00:00:00 +0000 UTC 2018-09-17 07:17:56 +0000 UTC  } {ContainersReady True 0001-01-01 00:00:00 +0000 UTC 0001-01-01 00:00:00 +0000 UTC  } {PodScheduled True 0001-01-01 00:00:00 +0000 UTC 2018-09-17 07:17:27 +0000 UTC  }]&#xA;Sep 19 07:27:50.495: INFO: prometheus-6f98d89664-wh7pb                                      10.46.6.173  Running           [{Initialized True 0001-01-01 00:00:00 +0000 UTC 2018-09-17 07:17:31 +0000 UTC  } {Ready True 0001-01-01 00:00:00 +0000 UTC 2018-09-17 07:17:57 +0000 UTC  } {ContainersReady True 0001-01-01 00:00:00 +0000 UTC 0001-01-01 00:00:00 +0000 UTC  } {PodScheduled True 0001-01-01 00:00:00 +0000 UTC 2018-09-17 07:17:28 +0000 UTC  }]&#xA;Sep 19 07:27:50.495: INFO: servicegraph-85578d8fc6-m62z4                                    10.46.6.173  Running           [{Initialized True 0001-01-01 00:00:00 +0000 UTC 2018-09-17 07:17:32 +0000 UTC  } {Ready True 0001-01-01 00:00:00 +0000 UTC 2018-09-17 07:18:22 +0000 UTC  } {ContainersReady True 0001-01-01 00:00:00 +0000 UTC 0001-01-01 00:00:00 +0000 UTC  } {PodScheduled True 0001-01-01 00:00:00 +0000 UTC 2018-09-17 07:17:28 +0000 UTC  }]&#xA;Sep 19 07:27:50.495: INFO: audit-logging-fluentd-ds-4cgnk                                   10.46.6.170  Running           [{Initialized True 0001-01-01 00:00:00 +0000 UTC 2018-09-17 07:18:46 +0000 UTC  } {Ready True 0001-01-01 00:00:00 +0000 UTC 2018-09-17 07:18:50 +0000 UTC  } {ContainersReady True 0001-01-01 00:00:00 +0000 UTC 0001-01-01 00:00:00 +0000 UTC  } {PodScheduled True 0001-01-01 00:00:00 +0000 UTC 2018-09-17 07:18:46 +0000 UTC  }]&#xA;Sep 19 07:27:50.495: INFO: audit-logging-fluentd-ds-8bh4t                                   10.46.6.172  Running           [{Initialized True 0001-01-01 00:00:00 +0000 UTC 2018-09-17 07:18:46 +0000 UTC  } {Ready True 0001-01-01 00:00:00 +0000 UTC 2018-09-17 07:18:56 +0000 UTC  } {ContainersReady True 0001-01-01 00:00:00 +0000 UTC 0001-01-01 00:00:00 +0000 UTC  } {PodScheduled True 0001-01-01 00:00:00 +0000 UTC 2018-09-17 07:18:46 +0000 UTC  }]&#xA;Sep 19 07:27:50.495: INFO: audit-logging-fluentd-ds-bc22k                                   10.46.6.171  Running           [{Initialized True 0001-01-01 00:00:00 +0000 UTC 2018-09-17 07:18:46 +0000 UTC  } {Ready True 0001-01-01 00:00:00 +0000 UTC 2018-09-17 07:18:56 +0000 UTC  } {ContainersReady True 0001-01-01 00:00:00 +0000 UTC 0001-01-01 00:00:00 +0000 UTC  } {PodScheduled True 0001-01-01 00:00:00 +0000 UTC 2018-09-17 07:18:46 +0000 UTC  }]&#xA;Sep 19 07:27:50.495: INFO: audit-logging-fluentd-ds-dhcg6                                   10.46.6.173  Running           [{Initialized True 0001-01-01 00:00:00 +0000 UTC 2018-09-17 07:18:46 +0000 UTC  } {Ready True 0001-01-01 00:00:00 +0000 UTC 2018-09-17 07:19:00 +0000 UTC  } {ContainersReady True 0001-01-01 00:00:00 +0000 UTC 0001-01-01 00:00:00 +0000 UTC  } {PodScheduled True 0001-01-01 00:00:00 +0000 UTC 2018-09-17 07:18:46 +0000 UTC  }]&#xA;Sep 19 07:27:50.495: INFO: auth-apikeys-x45mz                                               10.46.6.173  Running           [{Initialized True 0001-01-01 00:00:00 +0000 UTC 2018-09-17 07:10:12 +0000 UTC  } {Ready True 0001-01-01 00:00:00 +0000 UTC 2018-09-17 07:11:25 +0000 UTC  } {ContainersReady True 0001-01-01 00:00:00 +0000 UTC 0001-01-01 00:00:00 +0000 UTC  } {PodScheduled True 0001-01-01 00:00:00 +0000 UTC 2018-09-17 07:10:12 +0000 UTC  }]&#xA;Sep 19 07:27:50.495: INFO: auth-idp-kjpmx                                                   10.46.6.173  Running           [{Initialized True 0001-01-01 00:00:00 +0000 UTC 2018-09-17 07:10:19 +0000 UTC  } {Ready True 0001-01-01 00:00:00 +0000 UTC 2018-09-19 07:05:52 +0000 UTC  } {ContainersReady True 0001-01-01 00:00:00 +0000 UTC 0001-01-01 00:00:00 +0000 UTC  } {PodScheduled True 0001-01-01 00:00:00 +0000 UTC 2018-09-17 07:10:04 +0000 UTC  }]&#xA;Sep 19 07:27:50.495: INFO: auth-pap-qb5m2                                                   10.46.6.173  Running           [{Initialized True 0001-01-01 00:00:00 +0000 UTC 2018-09-17 07:10:20 +0000 UTC  } {Ready True 0001-01-01 00:00:00 +0000 UTC 2018-09-17 07:10:46 +0000 UTC  } {ContainersReady True 0001-01-01 00:00:00 +0000 UTC 0001-01-01 00:00:00 +0000 UTC  } {PodScheduled True 0001-01-01 00:00:00 +0000 UTC 2018-09-17 07:10:20 +0000 UTC  }]&#xA;Sep 19 07:27:50.495: INFO: auth-pdp-tk2jm                                                   10.46.6.173  Running           [{Initialized True 0001-01-01 00:00:00 +0000 UTC 2018-09-17 07:13:08 +0000 UTC  } {Ready True 0001-01-01 00:00:00 +0000 UTC 2018-09-17 07:13:19 +0000 UTC  } {ContainersReady True 0001-01-01 00:00:00 +0000 UTC 0001-01-01 00:00:00 +0000 UTC  } {PodScheduled True 0001-01-01 00:00:00 +0000 UTC 2018-09-17 07:10:28 +0000 UTC  }]&#xA;Sep 19 07:27:50.495: INFO: calico-kube-controllers-dcb8cc97c-gtsqp                          10.46.6.173  Running           [{Initialized True 0001-01-01 00:00:00 +0000 UTC 2018-09-17 07:05:53 +0000 UTC  } {Ready True 0001-01-01 00:00:00 +0000 UTC 2018-09-17 07:06:04 +0000 UTC  } {ContainersReady True 0001-01-01 00:00:00 +0000 UTC 0001-01-01 00:00:00 +0000 UTC  } {PodScheduled True 0001-01-01 00:00:00 +0000 UTC 2018-09-17 07:05:53 +0000 UTC  }]&#xA;Sep 19 07:27:50.495: INFO: calico-node-gpm2c                                                10.46.6.171  Running           [{Initialized True 0001-01-01 00:00:00 +0000 UTC 2018-09-17 07:05:53 +0000 UTC  } {Ready True 0001-01-01 00:00:00 +0000 UTC 2018-09-17 07:06:11 +0000 UTC  } {ContainersReady True 0001-01-01 00:00:00 +0000 UTC 0001-01-01 00:00:00 +0000 UTC  } {PodScheduled True 0001-01-01 00:00:00 +0000 UTC 2018-09-17 07:05:53 +0000 UTC  }]&#xA;Sep 19 07:27:50.495: INFO: calico-node-htf97                                                10.46.6.170  Running           [{Initialized True 0001-01-01 00:00:00 +0000 UTC 2018-09-17 07:05:53 +0000 UTC  } {Ready True 0001-01-01 00:00:00 +0000 UTC 2018-09-17 07:06:14 +0000 UTC  } {ContainersReady True 0001-01-01 00:00:00 +0000 UTC 0001-01-01 00:00:00 +0000 UTC  } {PodScheduled True 0001-01-01 00:00:00 +0000 UTC 2018-09-17 07:05:53 +0000 UTC  }]&#xA;Sep 19 07:27:50.495: INFO: calico-node-m7d5t                                                10.46.6.173  Running           [{Initialized True 0001-01-01 00:00:00 +0000 UTC 2018-09-17 07:05:54 +0000 UTC  } {Ready True 0001-01-01 00:00:00 +0000 UTC 2018-09-17 07:06:15 +0000 UTC  } {ContainersReady True 0001-01-01 00:00:00 +0000 UTC 0001-01-01 00:00:00 +0000 UTC  } {PodScheduled True 0001-01-01 00:00:00 +0000 UTC 2018-09-17 07:05:54 +0000 UTC  }]&#xA;Sep 19 07:27:50.495: INFO: calico-node-wsknj                                                10.46.6.172  Running           [{Initialized True 0001-01-01 00:00:00 +0000 UTC 2018-09-17 07:05:53 +0000 UTC  } {Ready True 0001-01-01 00:00:00 +0000 UTC 2018-09-17 07:06:17 +0000 UTC  } {ContainersReady True 0001-01-01 00:00:00 +0000 UTC 0001-01-01 00:00:00 +0000 UTC  } {PodScheduled True 0001-01-01 00:00:00 +0000 UTC 2018-09-17 07:05:53 +0000 UTC  }]&#xA;Sep 19 07:27:50.495: INFO: catalog-ui-5rtkh                                                 10.46.6.173  Running           [{Initialized True 0001-01-01 00:00:00 +0000 UTC 2018-09-17 07:15:57 +0000 UTC  } {Ready True 0001-01-01 00:00:00 +0000 UTC 2018-09-17 07:16:11 +0000 UTC  } {ContainersReady True 0001-01-01 00:00:00 +0000 UTC 0001-01-01 00:00:00 +0000 UTC  } {PodScheduled True 0001-01-01 00:00:00 +0000 UTC 2018-09-17 07:15:57 +0000 UTC  }]&#xA;Sep 19 07:27:50.495: INFO: custom-metrics-adapter-64f64964b4-f9gmc                          10.46.6.171  Running           [{Initialized True 0001-01-01 00:00:00 +0000 UTC 2018-09-17 07:17:13 +0000 UTC  } {Ready True 0001-01-01 00:00:00 +0000 UTC 2018-09-17 07:17:51 +0000 UTC  } {ContainersReady True 0001-01-01 00:00:00 +0000 UTC 0001-01-01 00:00:00 +0000 UTC  } {PodScheduled True 0001-01-01 00:00:00 +0000 UTC 2018-09-17 07:14:28 +0000 UTC  }]&#xA;Sep 19 07:27:50.495: INFO: default-backend-54966589c4-4d47g                                 10.46.6.173  Running           [{Initialized True 0001-01-01 00:00:00 +0000 UTC 2018-09-17 07:08:29 +0000 UTC  } {Ready True 0001-01-01 00:00:00 +0000 UTC 2018-09-17 07:08:40 +0000 UTC  } {ContainersReady True 0001-01-01 00:00:00 +0000 UTC 0001-01-01 00:00:00 +0000 UTC  } {PodScheduled True 0001-01-01 00:00:00 +0000 UTC 2018-09-17 07:08:28 +0000 UTC  }]&#xA;Sep 19 07:27:50.495: INFO: heapster-69b486565b-nt26r                                        10.46.6.173  Running           [{Initialized True 0001-01-01 00:00:00 +0000 UTC 2018-09-17 07:13:48 +0000 UTC  } {Ready True 0001-01-01 00:00:00 +0000 UTC 2018-09-17 07:13:58 +0000 UTC  } {ContainersReady True 0001-01-01 00:00:00 +0000 UTC 0001-01-01 00:00:00 +0000 UTC  } {PodScheduled True 0001-01-01 00:00:00 +0000 UTC 2018-09-17 07:13:48 +0000 UTC  }]&#xA;Sep 19 07:27:50.495: INFO: helm-api-fdd886877-6pwm8                                         10.46.6.173  Running           [{Initialized True 0001-01-01 00:00:00 +0000 UTC 2018-09-17 07:16:36 +0000 UTC  } {Ready True 0001-01-01 00:00:00 +0000 UTC 2018-09-17 07:16:58 +0000 UTC  } {ContainersReady True 0001-01-01 00:00:00 +0000 UTC 0001-01-01 00:00:00 +0000 UTC  } {PodScheduled True 0001-01-01 00:00:00 +0000 UTC 2018-09-17 07:16:35 +0000 UTC  }]&#xA;Sep 19 07:27:50.495: INFO: helm-repo-5649f57447-wwdn4                                       10.46.6.173  Running           [{Initialized True 0001-01-01 00:00:00 +0000 UTC 2018-09-17 07:14:04 +0000 UTC  } {Ready True 0001-01-01 00:00:00 +0000 UTC 2018-09-17 07:14:40 +0000 UTC  } {ContainersReady True 0001-01-01 00:00:00 +0000 UTC 0001-01-01 00:00:00 +0000 UTC  } {PodScheduled True 0001-01-01 00:00:00 +0000 UTC 2018-09-17 07:13:53 +0000 UTC  }]&#xA;Sep 19 07:27:50.495: INFO: ibmcloud-image-enforcement-76ddccbf9f-kqmlb                      10.46.6.171  Running           [{Initialized True 0001-01-01 00:00:00 +0000 UTC 2018-09-17 07:14:02 +0000 UTC  } {Ready True 0001-01-01 00:00:00 +0000 UTC 2018-09-17 07:14:07 +0000 UTC  } {ContainersReady True 0001-01-01 00:00:00 +0000 UTC 0001-01-01 00:00:00 +0000 UTC  } {PodScheduled True 0001-01-01 00:00:00 +0000 UTC 2018-09-17 07:14:02 +0000 UTC  }]&#xA;Sep 19 07:27:50.495: INFO: icp-management-ingress-x6qn8                                     10.46.6.173  Running           [{Initialized True 0001-01-01 00:00:00 +0000 UTC 2018-09-17 07:10:36 +0000 UTC  } {Ready True 0001-01-01 00:00:00 +0000 UTC 2018-09-17 07:10:48 +0000 UTC  } {ContainersReady True 0001-01-01 00:00:00 +0000 UTC 0001-01-01 00:00:00 +0000 UTC  } {PodScheduled True 0001-01-01 00:00:00 +0000 UTC 2018-09-17 07:10:36 +0000 UTC  }]&#xA;Sep 19 07:27:50.495: INFO: icp-mongodb-0                                                    10.46.6.173  Running           [{Initialized True 0001-01-01 00:00:00 +0000 UTC 2018-09-17 07:09:00 +0000 UTC  } {Ready True 0001-01-01 00:00:00 +0000 UTC 2018-09-17 07:09:17 +0000 UTC  } {ContainersReady True 0001-01-01 00:00:00 +0000 UTC 0001-01-01 00:00:00 +0000 UTC  } {PodScheduled True 0001-01-01 00:00:00 +0000 UTC 2018-09-17 07:07:41 +0000 UTC  }]&#xA;Sep 19 07:27:50.495: INFO: image-manager-0                                                  10.46.6.173  Running           [{Initialized True 0001-01-01 00:00:00 +0000 UTC 2018-09-17 06:38:56 +0000 UTC  } {Ready True 0001-01-01 00:00:00 +0000 UTC 2018-09-17 06:39:08 +0000 UTC  } {ContainersReady True 0001-01-01 00:00:00 +0000 UTC 0001-01-01 00:00:00 +0000 UTC  } {PodScheduled True 0001-01-01 00:00:00 +0000 UTC 2018-09-17 06:38:56 +0000 UTC  }]&#xA;Sep 19 07:27:50.495: INFO: k8s-etcd-10.46.6.173                                             10.46.6.173  Running           [{Initialized True 0001-01-01 00:00:00 +0000 UTC 2018-09-17 06:35:49 +0000 UTC  } {Ready True 0001-01-01 00:00:00 +0000 UTC 2018-09-17 06:35:54 +0000 UTC  } {ContainersReady True 0001-01-01 00:00:00 +0000 UTC 0001-01-01 00:00:00 +0000 UTC  } {PodScheduled True 0001-01-01 00:00:00 +0000 UTC 2018-09-17 06:35:49 +0000 UTC  }]&#xA;Sep 19 07:27:50.496: INFO: k8s-master-10.46.6.173                                           10.46.6.173  Running           [{Initialized True 0001-01-01 00:00:00 +0000 UTC 2018-09-17 06:37:18 +0000 UTC  } {Ready True 0001-01-01 00:00:00 +0000 UTC 2018-09-17 06:37:26 +0000 UTC  } {ContainersReady True 0001-01-01 00:00:00 +0000 UTC 0001-01-01 00:00:00 +0000 UTC  } {PodScheduled True 0001-01-01 00:00:00 +0000 UTC 2018-09-17 06:37:18 +0000 UTC  }]&#xA;Sep 19 07:27:50.496: INFO: k8s-proxy-10.46.6.170                                            10.46.6.170  Running           [{Initialized True 0001-01-01 00:00:00 +0000 UTC 2018-09-17 07:05:43 +0000 UTC  } {Ready True 0001-01-01 00:00:00 +0000 UTC 2018-09-17 07:05:46 +0000 UTC  } {ContainersReady True 0001-01-01 00:00:00 +0000 UTC 0001-01-01 00:00:00 +0000 UTC  } {PodScheduled True 0001-01-01 00:00:00 +0000 UTC 2018-09-17 07:05:43 +0000 UTC  }]&#xA;Sep 19 07:27:50.496: INFO: k8s-proxy-10.46.6.171                                            10.46.6.171  Running           [{Initialized True 0001-01-01 00:00:00 +0000 UTC 2018-09-17 07:05:44 +0000 UTC  } {Ready True 0001-01-01 00:00:00 +0000 UTC 2018-09-17 07:05:46 +0000 UTC  } {ContainersReady True 0001-01-01 00:00:00 +0000 UTC 0001-01-01 00:00:00 +0000 UTC  } {PodScheduled True 0001-01-01 00:00:00 +0000 UTC 2018-09-17 07:05:44 +0000 UTC  }]&#xA;Sep 19 07:27:50.496: INFO: k8s-proxy-10.46.6.172                                            10.46.6.172  Running           [{Initialized True 0001-01-01 00:00:00 +0000 UTC 2018-09-17 07:05:44 +0000 UTC  } {Ready True 0001-01-01 00:00:00 +0000 UTC 2018-09-17 07:05:48 +0000 UTC  } {ContainersReady True 0001-01-01 00:00:00 +0000 UTC 0001-01-01 00:00:00 +0000 UTC  } {PodScheduled True 0001-01-01 00:00:00 +0000 UTC 2018-09-17 07:05:44 +0000 UTC  }]&#xA;Sep 19 07:27:50.496: INFO: k8s-proxy-10.46.6.173                                            10.46.6.173  Running           [{Initialized True 0001-01-01 00:00:00 +0000 UTC 2018-09-17 06:35:45 +0000 UTC  } {Ready True 0001-01-01 00:00:00 +0000 UTC 2018-09-17 06:35:50 +0000 UTC  } {ContainersReady True 0001-01-01 00:00:00 +0000 UTC 0001-01-01 00:00:00 +0000 UTC  } {PodScheduled True 0001-01-01 00:00:00 +0000 UTC 2018-09-17 06:35:45 +0000 UTC  }]&#xA;Sep 19 07:27:50.496: INFO: kube-dns-mwjc8                                                   10.46.6.173  Running           [{Initialized True 0001-01-01 00:00:00 +0000 UTC 2018-09-17 07:06:10 +0000 UTC  } {Ready True 0001-01-01 00:00:00 +0000 UTC 2018-09-17 07:06:18 +0000 UTC  } {ContainersReady True 0001-01-01 00:00:00 +0000 UTC 0001-01-01 00:00:00 +0000 UTC  } {PodScheduled True 0001-01-01 00:00:00 +0000 UTC 2018-09-17 07:06:10 +0000 UTC  }]&#xA;Sep 19 07:27:50.496: INFO: logging-elk-client-75d4d7994c-7g7fn                              10.46.6.171  Running           [{Initialized True 0001-01-01 00:00:00 +0000 UTC 2018-09-17 07:15:40 +0000 UTC  } {Ready True 0001-01-01 00:00:00 +0000 UTC 2018-09-17 07:16:22 +0000 UTC  } {ContainersReady True 0001-01-01 00:00:00 +0000 UTC 0001-01-01 00:00:00 +0000 UTC  } {PodScheduled True 0001-01-01 00:00:00 +0000 UTC 2018-09-17 07:15:20 +0000 UTC  }]&#xA;Sep 19 07:27:50.496: INFO: logging-elk-data-0                                               10.46.6.171  Running           [{Initialized True 0001-01-01 00:00:00 +0000 UTC 2018-09-17 07:15:47 +0000 UTC  } {Ready True 0001-01-01 00:00:00 +0000 UTC 2018-09-17 07:16:16 +0000 UTC  } {ContainersReady True 0001-01-01 00:00:00 +0000 UTC 0001-01-01 00:00:00 +0000 UTC  } {PodScheduled True 0001-01-01 00:00:00 +0000 UTC 2018-09-17 07:15:20 +0000 UTC  }]&#xA;Sep 19 07:27:50.496: INFO: logging-elk-elasticsearch-tls-init-6hnl4                         10.46.6.171  Succeeded         [{Initialized True 0001-01-01 00:00:00 +0000 UTC 2018-09-17 07:15:20 +0000 UTC PodCompleted } {Ready False 0001-01-01 00:00:00 +0000 UTC 2018-09-17 07:17:46 +0000 UTC PodCompleted } {ContainersReady False 0001-01-01 00:00:00 +0000 UTC 0001-01-01 00:00:00 +0000 UTC PodCompleted } {PodScheduled True 0001-01-01 00:00:00 +0000 UTC 2018-09-17 07:15:20 +0000 UTC  }]&#xA;Sep 19 07:27:50.496: INFO: logging-elk-filebeat-ds-bs86r                                    10.46.6.171  Running           [{Initialized True 0001-01-01 00:00:00 +0000 UTC 2018-09-17 07:15:20 +0000 UTC  } {Ready True 0001-01-01 00:00:00 +0000 UTC 2018-09-17 07:15:42 +0000 UTC  } {ContainersReady True 0001-01-01 00:00:00 +0000 UTC 0001-01-01 00:00:00 +0000 UTC  } {PodScheduled True 0001-01-01 00:00:00 +0000 UTC 2018-09-17 07:15:20 +0000 UTC  }]&#xA;Sep 19 07:27:50.496: INFO: logging-elk-filebeat-ds-jtd5q                                    10.46.6.170  Running           [{Initialized True 0001-01-01 00:00:00 +0000 UTC 2018-09-17 07:15:20 +0000 UTC  } {Ready True 0001-01-01 00:00:00 +0000 UTC 2018-09-17 07:15:37 +0000 UTC  } {ContainersReady True 0001-01-01 00:00:00 +0000 UTC 0001-01-01 00:00:00 +0000 UTC  } {PodScheduled True 0001-01-01 00:00:00 +0000 UTC 2018-09-17 07:15:20 +0000 UTC  }]&#xA;Sep 19 07:27:50.496: INFO: logging-elk-filebeat-ds-qf2vz                                    10.46.6.173  Running           [{Initialized True 0001-01-01 00:00:00 +0000 UTC 2018-09-17 07:15:20 +0000 UTC  } {Ready True 0001-01-01 00:00:00 +0000 UTC 2018-09-17 07:15:39 +0000 UTC  } {ContainersReady True 0001-01-01 00:00:00 +0000 UTC 0001-01-01 00:00:00 +0000 UTC  } {PodScheduled True 0001-01-01 00:00:00 +0000 UTC 2018-09-17 07:15:20 +0000 UTC  }]&#xA;Sep 19 07:27:50.496: INFO: logging-elk-filebeat-ds-vpk48                                    10.46.6.172  Running           [{Initialized True 0001-01-01 00:00:00 +0000 UTC 2018-09-17 07:15:20 +0000 UTC  } {Ready True 0001-01-01 00:00:00 +0000 UTC 2018-09-17 07:15:39 +0000 UTC  } {ContainersReady True 0001-01-01 00:00:00 +0000 UTC 0001-01-01 00:00:00 +0000 UTC  } {PodScheduled True 0001-01-01 00:00:00 +0000 UTC 2018-09-17 07:15:20 +0000 UTC  }]&#xA;Sep 19 07:27:50.496: INFO: logging-elk-kibana-ff4db4866-s2295                               10.46.6.171  Running           [{Initialized True 0001-01-01 00:00:00 +0000 UTC 2018-09-17 07:15:21 +0000 UTC  } {Ready True 0001-01-01 00:00:00 +0000 UTC 2018-09-17 07:15:45 +0000 UTC  } {ContainersReady True 0001-01-01 00:00:00 +0000 UTC 0001-01-01 00:00:00 +0000 UTC  } {PodScheduled True 0001-01-01 00:00:00 +0000 UTC 2018-09-17 07:15:21 +0000 UTC  }]&#xA;Sep 19 07:27:50.496: INFO: logging-elk-logstash-7994656f46-r89mt                            10.46.6.171  Running           [{Initialized True 0001-01-01 00:00:00 +0000 UTC 2018-09-17 07:15:22 +0000 UTC  } {Ready True 0001-01-01 00:00:00 +0000 UTC 2018-09-17 07:16:16 +0000 UTC  } {ContainersReady True 0001-01-01 00:00:00 +0000 UTC 0001-01-01 00:00:00 +0000 UTC  } {PodScheduled True 0001-01-01 00:00:00 +0000 UTC 2018-09-17 07:15:21 +0000 UTC  }]&#xA;Sep 19 07:27:50.496: INFO: logging-elk-master-6cdcf45f7d-gp28f                              10.46.6.171  Running           [{Initialized True 0001-01-01 00:00:00 +0000 UTC 2018-09-17 07:15:47 +0000 UTC  } {Ready True 0001-01-01 00:00:00 +0000 UTC 2018-09-17 07:16:16 +0000 UTC  } {ContainersReady True 0001-01-01 00:00:00 +0000 UTC 0001-01-01 00:00:00 +0000 UTC  } {PodScheduled True 0001-01-01 00:00:00 +0000 UTC 2018-09-17 07:15:21 +0000 UTC  }]&#xA;Sep 19 07:27:50.496: INFO: mariadb-0                                                        10.46.6.173  Running           [{Initialized True 0001-01-01 00:00:00 +0000 UTC 2018-09-17 07:08:38 +0000 UTC  } {Ready True 0001-01-01 00:00:00 +0000 UTC 2018-09-17 07:09:15 +0000 UTC  } {ContainersReady True 0001-01-01 00:00:00 +0000 UTC 0001-01-01 00:00:00 +0000 UTC  } {PodScheduled True 0001-01-01 00:00:00 +0000 UTC 2018-09-17 07:08:37 +0000 UTC  }]&#xA;Sep 19 07:27:50.496: INFO: metering-dm-8b475fc57-cmm6h                                      10.46.6.171  Running           [{Initialized True 0001-01-01 00:00:00 +0000 UTC 2018-09-17 07:14:20 +0000 UTC  } {Ready True 0001-01-01 00:00:00 +0000 UTC 2018-09-17 07:14:49 +0000 UTC  } {ContainersReady True 0001-01-01 00:00:00 +0000 UTC 0001-01-01 00:00:00 +0000 UTC  } {PodScheduled True 0001-01-01 00:00:00 +0000 UTC 2018-09-17 07:14:12 +0000 UTC  }]&#xA;Sep 19 07:27:50.496: INFO: metering-reader-44wd7                                            10.46.6.170  Running           [{Initialized True 0001-01-01 00:00:00 +0000 UTC 2018-09-17 07:14:20 +0000 UTC  } {Ready True 0001-01-01 00:00:00 +0000 UTC 2018-09-17 07:14:46 +0000 UTC  } {ContainersReady True 0001-01-01 00:00:00 +0000 UTC 0001-01-01 00:00:00 +0000 UTC  } {PodScheduled True 0001-01-01 00:00:00 +0000 UTC 2018-09-17 07:14:11 +0000 UTC  }]&#xA;Sep 19 07:27:50.496: INFO: metering-reader-gsrdg                                            10.46.6.172  Running           [{Initialized True 0001-01-01 00:00:00 +0000 UTC 2018-09-17 07:14:23 +0000 UTC  } {Ready True 0001-01-01 00:00:00 +0000 UTC 2018-09-17 07:14:52 +0000 UTC  } {ContainersReady True 0001-01-01 00:00:00 +0000 UTC 0001-01-01 00:00:00 +0000 UTC  } {PodScheduled True 0001-01-01 00:00:00 +0000 UTC 2018-09-17 07:14:11 +0000 UTC  }]&#xA;Sep 19 07:27:50.496: INFO: metering-reader-l7284                                            10.46.6.173  Running           [{Initialized True 0001-01-01 00:00:00 +0000 UTC 2018-09-17 07:14:24 +0000 UTC  } {Ready True 0001-01-01 00:00:00 +0000 UTC 2018-09-17 07:14:45 +0000 UTC  } {ContainersReady True 0001-01-01 00:00:00 +0000 UTC 0001-01-01 00:00:00 +0000 UTC  } {PodScheduled True 0001-01-01 00:00:00 +0000 UTC 2018-09-17 07:14:11 +0000 UTC  }]&#xA;Sep 19 07:27:50.496: INFO: metering-reader-xq8f2                                            10.46.6.171  Running           [{Initialized True 0001-01-01 00:00:00 +0000 UTC 2018-09-17 07:14:23 +0000 UTC  } {Ready True 0001-01-01 00:00:00 +0000 UTC 2018-09-17 07:14:55 +0000 UTC  } {ContainersReady True 0001-01-01 00:00:00 +0000 UTC 0001-01-01 00:00:00 +0000 UTC  } {PodScheduled True 0001-01-01 00:00:00 +0000 UTC 2018-09-17 07:14:11 +0000 UTC  }]&#xA;Sep 19 07:27:50.496: INFO: metering-ui-5bbfbb5d49-wkh8m                                     10.46.6.171  Running           [{Initialized True 0001-01-01 00:00:00 +0000 UTC 2018-09-17 07:14:22 +0000 UTC  } {Ready True 0001-01-01 00:00:00 +0000 UTC 2018-09-17 07:14:55 +0000 UTC  } {ContainersReady True 0001-01-01 00:00:00 +0000 UTC 0001-01-01 00:00:00 +0000 UTC  } {PodScheduled True 0001-01-01 00:00:00 +0000 UTC 2018-09-17 07:14:12 +0000 UTC  }]&#xA;Sep 19 07:27:50.496: INFO: metrics-server-6d6695f9db-8t4xs                                  10.46.6.171  Running           [{Initialized True 0001-01-01 00:00:00 +0000 UTC 2018-09-17 07:08:51 +0000 UTC  } {Ready True 0001-01-01 00:00:00 +0000 UTC 2018-09-17 07:08:55 +0000 UTC  } {ContainersReady True 0001-01-01 00:00:00 +0000 UTC 0001-01-01 00:00:00 +0000 UTC  } {PodScheduled True 0001-01-01 00:00:00 +0000 UTC 2018-09-17 07:08:51 +0000 UTC  }]&#xA;Sep 19 07:27:50.496: INFO: mgmt-repo-57dc689b74-tmp44                                       10.46.6.173  Running           [{Initialized True 0001-01-01 00:00:00 +0000 UTC 2018-09-17 07:18:10 +0000 UTC  } {Ready True 0001-01-01 00:00:00 +0000 UTC 2018-09-17 07:18:54 +0000 UTC  } {ContainersReady True 0001-01-01 00:00:00 +0000 UTC 0001-01-01 00:00:00 +0000 UTC  } {PodScheduled True 0001-01-01 00:00:00 +0000 UTC 2018-09-17 07:17:50 +0000 UTC  }]&#xA;Sep 19 07:27:50.496: INFO: monitoring-grafana-548b947c8c-dh89z                              10.46.6.171  Running           [{Initialized True 0001-01-01 00:00:00 +0000 UTC 2018-09-17 07:16:14 +0000 UTC  } {Ready True 0001-01-01 00:00:00 +0000 UTC 2018-09-17 07:16:59 +0000 UTC  } {ContainersReady True 0001-01-01 00:00:00 +0000 UTC 0001-01-01 00:00:00 +0000 UTC  } {PodScheduled True 0001-01-01 00:00:00 +0000 UTC 2018-09-17 07:15:46 +0000 UTC  }]&#xA;Sep 19 07:27:50.496: INFO: monitoring-prometheus-6677d7c77f-pnpt5                           10.46.6.171  Running           [{Initialized True 0001-01-01 00:00:00 +0000 UTC 2018-09-17 07:16:14 +0000 UTC  } {Ready True 0001-01-01 00:00:00 +0000 UTC 2018-09-17 07:17:03 +0000 UTC  } {ContainersReady True 0001-01-01 00:00:00 +0000 UTC 0001-01-01 00:00:00 +0000 UTC  } {PodScheduled True 0001-01-01 00:00:00 +0000 UTC 2018-09-17 07:15:45 +0000 UTC  }]&#xA;Sep 19 07:27:50.496: INFO: monitoring-prometheus-alertmanager-7d8749dbb8-xj68d              10.46.6.171  Running           [{Initialized True 0001-01-01 00:00:00 +0000 UTC 2018-09-17 07:15:46 +0000 UTC  } {Ready True 0001-01-01 00:00:00 +0000 UTC 2018-09-17 07:16:45 +0000 UTC  } {ContainersReady True 0001-01-01 00:00:00 +0000 UTC 0001-01-01 00:00:00 +0000 UTC  } {PodScheduled True 0001-01-01 00:00:00 +0000 UTC 2018-09-17 07:15:45 +0000 UTC  }]&#xA;Sep 19 07:27:50.497: INFO: monitoring-prometheus-collectdexporter-77575678dc-v8n2l          10.46.6.171  Running           [{Initialized True 0001-01-01 00:00:00 +0000 UTC 2018-09-17 07:15:46 +0000 UTC  } {Ready True 0001-01-01 00:00:00 +0000 UTC 2018-09-17 07:16:42 +0000 UTC  } {ContainersReady True 0001-01-01 00:00:00 +0000 UTC 0001-01-01 00:00:00 +0000 UTC  } {PodScheduled True 0001-01-01 00:00:00 +0000 UTC 2018-09-17 07:15:45 +0000 UTC  }]&#xA;Sep 19 07:27:50.497: INFO: monitoring-prometheus-elasticsearchexporter-655864cccb-c6tps     10.46.6.171  Running           [{Initialized True 0001-01-01 00:00:00 +0000 UTC 2018-09-17 07:15:46 +0000 UTC  } {Ready True 0001-01-01 00:00:00 +0000 UTC 2018-09-17 07:16:52 +0000 UTC  } {ContainersReady True 0001-01-01 00:00:00 +0000 UTC 0001-01-01 00:00:00 +0000 UTC  } {PodScheduled True 0001-01-01 00:00:00 +0000 UTC 2018-09-17 07:15:45 +0000 UTC  }]&#xA;Sep 19 07:27:50.497: INFO: monitoring-prometheus-kubestatemetrics-54dcbb6cfb-76zmm          10.46.6.171  Running           [{Initialized True 0001-01-01 00:00:00 +0000 UTC 2018-09-17 07:15:45 +0000 UTC  } {Ready True 0001-01-01 00:00:00 +0000 UTC 2018-09-17 07:16:34 +0000 UTC  } {ContainersReady True 0001-01-01 00:00:00 +0000 UTC 0001-01-01 00:00:00 +0000 UTC  } {PodScheduled True 0001-01-01 00:00:00 +0000 UTC 2018-09-17 07:15:45 +0000 UTC  }]&#xA;Sep 19 07:27:50.497: INFO: monitoring-prometheus-nodeexporter-9fnpb                         10.46.6.171  Running           [{Initialized True 0001-01-01 00:00:00 +0000 UTC 2018-09-17 07:15:44 +0000 UTC  } {Ready True 0001-01-01 00:00:00 +0000 UTC 2018-09-17 07:16:44 +0000 UTC  } {ContainersReady True 0001-01-01 00:00:00 +0000 UTC 0001-01-01 00:00:00 +0000 UTC  } {PodScheduled True 0001-01-01 00:00:00 +0000 UTC 2018-09-17 07:15:44 +0000 UTC  }]&#xA;Sep 19 07:27:50.497: INFO: monitoring-prometheus-nodeexporter-f84fv                         10.46.6.173  Running           [{Initialized True 0001-01-01 00:00:00 +0000 UTC 2018-09-17 07:15:45 +0000 UTC  } {Ready True 0001-01-01 00:00:00 +0000 UTC 2018-09-17 07:16:28 +0000 UTC  } {ContainersReady True 0001-01-01 00:00:00 +0000 UTC 0001-01-01 00:00:00 +0000 UTC  } {PodScheduled True 0001-01-01 00:00:00 +0000 UTC 2018-09-17 07:15:45 +0000 UTC  }]&#xA;Sep 19 07:27:50.497: INFO: monitoring-prometheus-nodeexporter-tpbc8                         10.46.6.170  Running           [{Initialized True 0001-01-01 00:00:00 +0000 UTC 2018-09-17 07:15:44 +0000 UTC  } {Ready True 0001-01-01 00:00:00 +0000 UTC 2018-09-17 07:16:27 +0000 UTC  } {ContainersReady True 0001-01-01 00:00:00 +0000 UTC 0001-01-01 00:00:00 +0000 UTC  } {PodScheduled True 0001-01-01 00:00:00 +0000 UTC 2018-09-17 07:15:44 +0000 UTC  }]&#xA;Sep 19 07:27:50.497: INFO: monitoring-prometheus-nodeexporter-v4l7d                         10.46.6.172  Running           [{Initialized True 0001-01-01 00:00:00 +0000 UTC 2018-09-17 07:15:44 +0000 UTC  } {Ready True 0001-01-01 00:00:00 +0000 UTC 2018-09-17 07:16:31 +0000 UTC  } {ContainersReady True 0001-01-01 00:00:00 +0000 UTC 0001-01-01 00:00:00 +0000 UTC  } {PodScheduled True 0001-01-01 00:00:00 +0000 UTC 2018-09-17 07:15:44 +0000 UTC  }]&#xA;Sep 19 07:27:50.497: INFO: my-ibm-open-liberty-ibm-7f7d9778d7-7t5jc                         10.46.6.170  Running           [{Initialized True 0001-01-01 00:00:00 +0000 UTC 2018-09-17 08:22:24 +0000 UTC  } {Ready True 0001-01-01 00:00:00 +0000 UTC 2018-09-17 08:23:21 +0000 UTC  } {ContainersReady True 0001-01-01 00:00:00 +0000 UTC 0001-01-01 00:00:00 +0000 UTC  } {PodScheduled True 0001-01-01 00:00:00 +0000 UTC 2018-09-17 08:22:24 +0000 UTC  }]&#xA;Sep 19 07:27:50.497: INFO: nginx-ingress-controller-h5z2v                                   10.46.6.173  Running           [{Initialized True 0001-01-01 00:00:00 +0000 UTC 2018-09-17 07:08:39 +0000 UTC  } {Ready True 0001-01-01 00:00:00 +0000 UTC 2018-09-17 07:08:54 +0000 UTC  } {ContainersReady True 0001-01-01 00:00:00 +0000 UTC 0001-01-01 00:00:00 +0000 UTC  } {PodScheduled True 0001-01-01 00:00:00 +0000 UTC 2018-09-17 07:08:28 +0000 UTC  }]&#xA;Sep 19 07:27:50.497: INFO: nvidia-device-plugin-9h2k4                                       10.46.6.170  Running           [{Initialized True 0001-01-01 00:00:00 +0000 UTC 2018-09-17 07:07:23 +0000 UTC  } {Ready True 0001-01-01 00:00:00 +0000 UTC 2018-09-17 07:07:24 +0000 UTC  } {ContainersReady True 0001-01-01 00:00:00 +0000 UTC 0001-01-01 00:00:00 +0000 UTC  } {PodScheduled True 0001-01-01 00:00:00 +0000 UTC 2018-09-17 07:07:17 +0000 UTC  }]&#xA;Sep 19 07:27:50.497: INFO: nvidia-device-plugin-nh54k                                       10.46.6.173  Running           [{Initialized True 0001-01-01 00:00:00 +0000 UTC 2018-09-17 07:07:29 +0000 UTC  } {Ready True 0001-01-01 00:00:00 +0000 UTC 2018-09-17 07:07:33 +0000 UTC  } {ContainersReady True 0001-01-01 00:00:00 +0000 UTC 0001-01-01 00:00:00 +0000 UTC  } {PodScheduled True 0001-01-01 00:00:00 +0000 UTC 2018-09-17 07:07:17 +0000 UTC  }]&#xA;Sep 19 07:27:50.497: INFO: nvidia-device-plugin-vh85n                                       10.46.6.171  Running           [{Initialized True 0001-01-01 00:00:00 +0000 UTC 2018-09-17 07:07:21 +0000 UTC  } {Ready True 0001-01-01 00:00:00 +0000 UTC 2018-09-17 07:07:23 +0000 UTC  } {ContainersReady True 0001-01-01 00:00:00 +0000 UTC 0001-01-01 00:00:00 +0000 UTC  } {PodScheduled True 0001-01-01 00:00:00 +0000 UTC 2018-09-17 07:07:17 +0000 UTC  }]&#xA;Sep 19 07:27:50.497: INFO: nvidia-device-plugin-w9jr8                                       10.46.6.172  Running           [{Initialized True 0001-01-01 00:00:00 +0000 UTC 2018-09-17 07:07:24 +0000 UTC  } {Ready True 0001-01-01 00:00:00 +0000 UTC 2018-09-17 07:07:26 +0000 UTC  } {ContainersReady True 0001-01-01 00:00:00 +0000 UTC 0001-01-01 00:00:00 +0000 UTC  } {PodScheduled True 0001-01-01 00:00:00 +0000 UTC 2018-09-17 07:07:17 +0000 UTC  }]&#xA;Sep 19 07:27:50.497: INFO: oidc-client-registration-szxrk                                   10.46.6.173  Succeeded         [{Initialized True 0001-01-01 00:00:00 +0000 UTC 2018-09-17 07:10:05 +0000 UTC PodCompleted } {Ready False 0001-01-01 00:00:00 +0000 UTC 2018-09-17 07:12:27 +0000 UTC PodCompleted } {ContainersReady False 0001-01-01 00:00:00 +0000 UTC 0001-01-01 00:00:00 +0000 UTC PodCompleted } {PodScheduled True 0001-01-01 00:00:00 +0000 UTC 2018-09-17 07:10:04 +0000 UTC  }]&#xA;Sep 19 07:27:50.497: INFO: platform-api-2fs4x                                               10.46.6.173  Running           [{Initialized True 0001-01-01 00:00:00 +0000 UTC 2018-09-17 07:08:45 +0000 UTC  } {Ready True 0001-01-01 00:00:00 +0000 UTC 2018-09-17 07:16:29 +0000 UTC  } {ContainersReady True 0001-01-01 00:00:00 +0000 UTC 0001-01-01 00:00:00 +0000 UTC  } {PodScheduled True 0001-01-01 00:00:00 +0000 UTC 2018-09-17 07:08:45 +0000 UTC  }]&#xA;Sep 19 07:27:50.497: INFO: platform-deploy-dbbks                                            10.46.6.173  Running           [{Initialized True 0001-01-01 00:00:00 +0000 UTC 2018-09-17 07:08:45 +0000 UTC  } {Ready True 0001-01-01 00:00:00 +0000 UTC 2018-09-17 07:08:57 +0000 UTC  } {ContainersReady True 0001-01-01 00:00:00 +0000 UTC 0001-01-01 00:00:00 +0000 UTC  } {PodScheduled True 0001-01-01 00:00:00 +0000 UTC 2018-09-17 07:08:45 +0000 UTC  }]&#xA;Sep 19 07:27:50.497: INFO: platform-ui-6fjgx                                                10.46.6.173  Running           [{Initialized True 0001-01-01 00:00:00 +0000 UTC 2018-09-17 07:14:34 +0000 UTC  } {Ready True 0001-01-01 00:00:00 +0000 UTC 2018-09-17 07:15:20 +0000 UTC  } {ContainersReady True 0001-01-01 00:00:00 +0000 UTC 0001-01-01 00:00:00 +0000 UTC  } {PodScheduled True 0001-01-01 00:00:00 +0000 UTC 2018-09-17 07:14:34 +0000 UTC  }]&#xA;Sep 19 07:27:50.497: INFO: secret-watcher-5f59fcbc69-pfnfk                                  10.46.6.173  Running           [{Initialized True 0001-01-01 00:00:00 +0000 UTC 2018-09-17 07:18:05 +0000 UTC  } {Ready True 0001-01-01 00:00:00 +0000 UTC 2018-09-17 07:18:30 +0000 UTC  } {ContainersReady True 0001-01-01 00:00:00 +0000 UTC 0001-01-01 00:00:00 +0000 UTC  } {PodScheduled True 0001-01-01 00:00:00 +0000 UTC 2018-09-17 07:18:04 +0000 UTC  }]&#xA;Sep 19 07:27:50.497: INFO: security-onboarding-tkf79                                        10.46.6.173  Succeeded         [{Initialized True 0001-01-01 00:00:00 +0000 UTC 2018-09-17 07:18:12 +0000 UTC PodCompleted } {Ready False 0001-01-01 00:00:00 +0000 UTC 2018-09-17 07:20:02 +0000 UTC PodCompleted } {ContainersReady False 0001-01-01 00:00:00 +0000 UTC 0001-01-01 00:00:00 +0000 UTC PodCompleted } {PodScheduled True 0001-01-01 00:00:00 +0000 UTC 2018-09-17 07:18:12 +0000 UTC  }]&#xA;Sep 19 07:27:50.497: INFO: service-catalog-apiserver-967x9                                  10.46.6.173  Running           [{Initialized True 0001-01-01 00:00:00 +0000 UTC 2018-09-17 07:08:20 +0000 UTC  } {Ready True 0001-01-01 00:00:00 +0000 UTC 2018-09-17 07:09:01 +0000 UTC  } {ContainersReady True 0001-01-01 00:00:00 +0000 UTC 0001-01-01 00:00:00 +0000 UTC  } {PodScheduled True 0001-01-01 00:00:00 +0000 UTC 2018-09-17 07:08:20 +0000 UTC  }]&#xA;Sep 19 07:27:50.497: INFO: service-catalog-controller-manager-5969cccf86-65phs              10.46.6.173  Running           [{Initialized True 0001-01-01 00:00:00 +0000 UTC 2018-09-17 07:08:21 +0000 UTC  } {Ready True 0001-01-01 00:00:00 +0000 UTC 2018-09-17 07:08:34 +0000 UTC  } {ContainersReady True 0001-01-01 00:00:00 +0000 UTC 0001-01-01 00:00:00 +0000 UTC  } {PodScheduled True 0001-01-01 00:00:00 +0000 UTC 2018-09-17 07:08:20 +0000 UTC  }]&#xA;Sep 19 07:27:50.497: INFO: tiller-deploy-6b58875cb-5l8kh                                    10.46.6.173  Running           [{Initialized True 0001-01-01 00:00:00 +0000 UTC 2018-09-17 07:05:28 +0000 UTC  } {Ready True 0001-01-01 00:00:00 +0000 UTC 2018-09-17 07:05:43 +0000 UTC  } {ContainersReady True 0001-01-01 00:00:00 +0000 UTC 0001-01-01 00:00:00 +0000 UTC  } {PodScheduled True 0001-01-01 00:00:00 +0000 UTC 2018-09-17 07:05:28 +0000 UTC  }]&#xA;Sep 19 07:27:50.497: INFO: unified-router-lkwnl                                             10.46.6.173  Running           [{Initialized True 0001-01-01 00:00:00 +0000 UTC 2018-09-17 07:15:31 +0000 UTC  } {Ready True 0001-01-01 00:00:00 +0000 UTC 2018-09-17 07:15:40 +0000 UTC  } {ContainersReady True 0001-01-01 00:00:00 +0000 UTC 0001-01-01 00:00:00 +0000 UTC  } {PodScheduled True 0001-01-01 00:00:00 +0000 UTC 2018-09-17 07:15:31 +0000 UTC  }]&#xA;Sep 19 07:27:50.497: INFO: vulnerability-advisor-compliance-annotator-d5659b9d9-kmn8q       10.46.6.172  Running           [{Initialized True 0001-01-01 00:00:00 +0000 UTC 2018-09-17 07:19:03 +0000 UTC  } {Ready True 0001-01-01 00:00:00 +0000 UTC 2018-09-17 07:21:08 +0000 UTC  } {ContainersReady True 0001-01-01 00:00:00 +0000 UTC 0001-01-01 00:00:00 +0000 UTC  } {PodScheduled True 0001-01-01 00:00:00 +0000 UTC 2018-09-17 07:19:03 +0000 UTC  }]&#xA;Sep 19 07:27:50.497: INFO: vulnerability-advisor-compliance-indexer-7cbdc64b57-47lmd        10.46.6.172  Running           [{Initialized True 0001-01-01 00:00:00 +0000 UTC 2018-09-17 07:19:07 +0000 UTC  } {Ready True 0001-01-01 00:00:00 +0000 UTC 2018-09-17 07:19:33 +0000 UTC  } {ContainersReady True 0001-01-01 00:00:00 +0000 UTC 0001-01-01 00:00:00 +0000 UTC  } {PodScheduled True 0001-01-01 00:00:00 +0000 UTC 2018-09-17 07:19:06 +0000 UTC  }]&#xA;Sep 19 07:27:50.497: INFO: vulnerability-advisor-config-parser-5d44b78fd5-z4k9t             10.46.6.172  Running           [{Initialized True 0001-01-01 00:00:00 +0000 UTC 2018-09-17 07:19:04 +0000 UTC  } {Ready True 0001-01-01 00:00:00 +0000 UTC 2018-09-17 07:21:09 +0000 UTC  } {ContainersReady True 0001-01-01 00:00:00 +0000 UTC 0001-01-01 00:00:00 +0000 UTC  } {PodScheduled True 0001-01-01 00:00:00 +0000 UTC 2018-09-17 07:19:03 +0000 UTC  }]&#xA;Sep 19 07:27:50.497: INFO: vulnerability-advisor-cos-indexer-57899b7dd6-7cpf8               10.46.6.172  Running           [{Initialized True 0001-01-01 00:00:00 +0000 UTC 2018-09-17 07:19:04 +0000 UTC  } {Ready True 0001-01-01 00:00:00 +0000 UTC 2018-09-19 07:20:04 +0000 UTC  } {ContainersReady True 0001-01-01 00:00:00 +0000 UTC 0001-01-01 00:00:00 +0000 UTC  } {PodScheduled True 0001-01-01 00:00:00 +0000 UTC 2018-09-17 07:19:04 +0000 UTC  }]&#xA;Sep 19 07:27:50.497: INFO: vulnerability-advisor-kafka-0                                    10.46.6.172  Running           [{Initialized True 0001-01-01 00:00:00 +0000 UTC 2018-09-17 07:19:13 +0000 UTC  } {Ready True 0001-01-01 00:00:00 +0000 UTC 2018-09-17 07:20:53 +0000 UTC  } {ContainersReady True 0001-01-01 00:00:00 +0000 UTC 0001-01-01 00:00:00 +0000 UTC  } {PodScheduled True 0001-01-01 00:00:00 +0000 UTC 2018-09-17 07:19:13 +0000 UTC  }]&#xA;Sep 19 07:27:50.498: INFO: vulnerability-advisor-live-crawler-84st2                         10.46.6.172  Running           [{Initialized True 0001-01-01 00:00:00 +0000 UTC 2018-09-17 07:19:03 +0000 UTC  } {Ready True 0001-01-01 00:00:00 +0000 UTC 2018-09-17 07:19:26 +0000 UTC  } {ContainersReady True 0001-01-01 00:00:00 +0000 UTC 0001-01-01 00:00:00 +0000 UTC  } {PodScheduled True 0001-01-01 00:00:00 +0000 UTC 2018-09-17 07:19:03 +0000 UTC  }]&#xA;Sep 19 07:27:50.498: INFO: vulnerability-advisor-live-crawler-ccxd7                         10.46.6.170  Running           [{Initialized True 0001-01-01 00:00:00 +0000 UTC 2018-09-17 07:19:03 +0000 UTC  } {Ready True 0001-01-01 00:00:00 +0000 UTC 2018-09-17 07:19:14 +0000 UTC  } {ContainersReady True 0001-01-01 00:00:00 +0000 UTC 0001-01-01 00:00:00 +0000 UTC  } {PodScheduled True 0001-01-01 00:00:00 +0000 UTC 2018-09-17 07:19:03 +0000 UTC  }]&#xA;Sep 19 07:27:50.498: INFO: vulnerability-advisor-live-crawler-p6khc                         10.46.6.173  Running           [{Initialized True 0001-01-01 00:00:00 +0000 UTC 2018-09-17 07:19:02 +0000 UTC  } {Ready True 0001-01-01 00:00:00 +0000 UTC 2018-09-17 07:19:22 +0000 UTC  } {ContainersReady True 0001-01-01 00:00:00 +0000 UTC 0001-01-01 00:00:00 +0000 UTC  } {PodScheduled True 0001-01-01 00:00:00 +0000 UTC 2018-09-17 07:19:02 +0000 UTC  }]&#xA;Sep 19 07:27:50.498: INFO: vulnerability-advisor-live-crawler-xxz8p                         10.46.6.171  Running           [{Initialized True 0001-01-01 00:00:00 +0000 UTC 2018-09-17 07:19:03 +0000 UTC  } {Ready True 0001-01-01 00:00:00 +0000 UTC 2018-09-17 07:19:18 +0000 UTC  } {ContainersReady True 0001-01-01 00:00:00 +0000 UTC 0001-01-01 00:00:00 +0000 UTC  } {PodScheduled True 0001-01-01 00:00:00 +0000 UTC 2018-09-17 07:19:03 +0000 UTC  }]&#xA;Sep 19 07:27:50.498: INFO: vulnerability-advisor-ma-file-annotator-6b95df8886-jtczz         10.46.6.172  Running           [{Initialized True 0001-01-01 00:00:00 +0000 UTC 2018-09-17 07:19:04 +0000 UTC  } {Ready True 0001-01-01 00:00:00 +0000 UTC 2018-09-17 07:23:32 +0000 UTC  } {ContainersReady True 0001-01-01 00:00:00 +0000 UTC 0001-01-01 00:00:00 +0000 UTC  } {PodScheduled True 0001-01-01 00:00:00 +0000 UTC 2018-09-17 07:19:04 +0000 UTC  }]&#xA;Sep 19 07:27:50.498: INFO: vulnerability-advisor-minio-0                                    10.46.6.172  Running           [{Initialized True 0001-01-01 00:00:00 +0000 UTC 2018-09-17 07:21:51 +0000 UTC  } {Ready True 0001-01-01 00:00:00 +0000 UTC 2018-09-17 07:21:54 +0000 UTC  } {ContainersReady True 0001-01-01 00:00:00 +0000 UTC 0001-01-01 00:00:00 +0000 UTC  } {PodScheduled True 0001-01-01 00:00:00 +0000 UTC 2018-09-17 07:19:15 +0000 UTC  }]&#xA;Sep 19 07:27:50.498: INFO: vulnerability-advisor-minio-cleaner-1537228740-55f4w             10.46.6.172  Succeeded         [{Initialized True 0001-01-01 00:00:00 +0000 UTC 2018-09-17 23:59:03 +0000 UTC PodCompleted } {Ready False 0001-01-01 00:00:00 +0000 UTC 2018-09-17 23:59:42 +0000 UTC PodCompleted } {ContainersReady False 0001-01-01 00:00:00 +0000 UTC 0001-01-01 00:00:00 +0000 UTC PodCompleted } {PodScheduled True 0001-01-01 00:00:00 +0000 UTC 2018-09-17 23:59:03 +0000 UTC  }]&#xA;Sep 19 07:27:50.498: INFO: vulnerability-advisor-minio-cleaner-1537315140-nqk7v             10.46.6.172  Succeeded         [{Initialized True 0001-01-01 00:00:00 +0000 UTC 2018-09-18 23:59:04 +0000 UTC PodCompleted } {Ready False 0001-01-01 00:00:00 +0000 UTC 2018-09-19 00:00:52 +0000 UTC PodCompleted } {ContainersReady False 0001-01-01 00:00:00 +0000 UTC 0001-01-01 00:00:00 +0000 UTC PodCompleted } {PodScheduled True 0001-01-01 00:00:00 +0000 UTC 2018-09-18 23:59:04 +0000 UTC  }]&#xA;Sep 19 07:27:50.498: INFO: vulnerability-advisor-notification-dispatcher-86f8bf4b4d-cfdzb   10.46.6.172  Running           [{Initialized True 0001-01-01 00:00:00 +0000 UTC 2018-09-17 07:19:04 +0000 UTC  } {Ready True 0001-01-01 00:00:00 +0000 UTC 2018-09-17 07:20:31 +0000 UTC  } {ContainersReady True 0001-01-01 00:00:00 +0000 UTC 0001-01-01 00:00:00 +0000 UTC  } {PodScheduled True 0001-01-01 00:00:00 +0000 UTC 2018-09-17 07:19:04 +0000 UTC  }]&#xA;Sep 19 07:27:50.498: INFO: vulnerability-advisor-password-annotator-79b5d794b5-wnwqn        10.46.6.172  Running           [{Initialized True 0001-01-01 00:00:00 +0000 UTC 2018-09-17 07:19:05 +0000 UTC  } {Ready True 0001-01-01 00:00:00 +0000 UTC 2018-09-17 07:20:29 +0000 UTC  } {ContainersReady True 0001-01-01 00:00:00 +0000 UTC 0001-01-01 00:00:00 +0000 UTC  } {PodScheduled True 0001-01-01 00:00:00 +0000 UTC 2018-09-17 07:19:04 +0000 UTC  }]&#xA;Sep 19 07:27:50.498: INFO: vulnerability-advisor-process-ma-annotator-58f47d5b5f-4wglg      10.46.6.172  Running           [{Initialized True 0001-01-01 00:00:00 +0000 UTC 2018-09-17 07:19:06 +0000 UTC  } {Ready True 0001-01-01 00:00:00 +0000 UTC 2018-09-17 07:20:56 +0000 UTC  } {ContainersReady True 0001-01-01 00:00:00 +0000 UTC 0001-01-01 00:00:00 +0000 UTC  } {PodScheduled True 0001-01-01 00:00:00 +0000 UTC 2018-09-17 07:19:05 +0000 UTC  }]&#xA;Sep 19 07:27:50.498: INFO: vulnerability-advisor-process-ma-annotator-58f47d5b5f-xbxrc      10.46.6.172  Running           [{Initialized True 0001-01-01 00:00:00 +0000 UTC 2018-09-17 07:19:06 +0000 UTC  } {Ready True 0001-01-01 00:00:00 +0000 UTC 2018-09-17 07:21:50 +0000 UTC  } {ContainersReady True 0001-01-01 00:00:00 +0000 UTC 0001-01-01 00:00:00 +0000 UTC  } {PodScheduled True 0001-01-01 00:00:00 +0000 UTC 2018-09-17 07:19:05 +0000 UTC  }]&#xA;Sep 19 07:27:50.498: INFO: vulnerability-advisor-process-ma-annotator-init-869545d547nn27w  10.46.6.172  Running           [{Initialized True 0001-01-01 00:00:00 +0000 UTC 2018-09-17 07:19:06 +0000 UTC  } {Ready True 0001-01-01 00:00:00 +0000 UTC 2018-09-17 07:19:42 +0000 UTC  } {ContainersReady True 0001-01-01 00:00:00 +0000 UTC 0001-01-01 00:00:00 +0000 UTC  } {PodScheduled True 0001-01-01 00:00:00 +0000 UTC 2018-09-17 07:19:05 +0000 UTC  }]&#xA;Sep 19 07:27:50.498: INFO: vulnerability-advisor-process-ma-crawler-24z6k                   10.46.6.172  Running           [{Initialized True 0001-01-01 00:00:00 +0000 UTC 2018-09-17 07:19:03 +0000 UTC  } {Ready True 0001-01-01 00:00:00 +0000 UTC 2018-09-17 07:19:32 +0000 UTC  } {ContainersReady True 0001-01-01 00:00:00 +0000 UTC 0001-01-01 00:00:00 +0000 UTC  } {PodScheduled True 0001-01-01 00:00:00 +0000 UTC 2018-09-17 07:19:03 +0000 UTC  }]&#xA;Sep 19 07:27:50.498: INFO: vulnerability-advisor-process-ma-crawler-5g4zk                   10.46.6.170  Running           [{Initialized True 0001-01-01 00:00:00 +0000 UTC 2018-09-17 07:19:03 +0000 UTC  } {Ready True 0001-01-01 00:00:00 +0000 UTC 2018-09-17 07:19:16 +0000 UTC  } {ContainersReady True 0001-01-01 00:00:00 +0000 UTC 0001-01-01 00:00:00 +0000 UTC  } {PodScheduled True 0001-01-01 00:00:00 +0000 UTC 2018-09-17 07:19:03 +0000 UTC  }]&#xA;Sep 19 07:27:50.498: INFO: vulnerability-advisor-process-ma-crawler-96728                   10.46.6.173  Running           [{Initialized True 0001-01-01 00:00:00 +0000 UTC 2018-09-17 07:19:03 +0000 UTC  } {Ready True 0001-01-01 00:00:00 +0000 UTC 2018-09-17 07:19:23 +0000 UTC  } {ContainersReady True 0001-01-01 00:00:00 +0000 UTC 0001-01-01 00:00:00 +0000 UTC  } {PodScheduled True 0001-01-01 00:00:00 +0000 UTC 2018-09-17 07:19:03 +0000 UTC  }]&#xA;Sep 19 07:27:50.498: INFO: vulnerability-advisor-process-ma-crawler-b7k2d                   10.46.6.171  Running           [{Initialized True 0001-01-01 00:00:00 +0000 UTC 2018-09-17 07:19:03 +0000 UTC  } {Ready True 0001-01-01 00:00:00 +0000 UTC 2018-09-17 07:19:13 +0000 UTC  } {ContainersReady True 0001-01-01 00:00:00 +0000 UTC 0001-01-01 00:00:00 +0000 UTC  } {PodScheduled True 0001-01-01 00:00:00 +0000 UTC 2018-09-17 07:19:03 +0000 UTC  }]&#xA;Sep 19 07:27:50.498: INFO: vulnerability-advisor-registry-crawler-6f9568677b-bfpm6          10.46.6.172  Running           [{Initialized True 0001-01-01 00:00:00 +0000 UTC 2018-09-17 07:19:08 +0000 UTC  } {Ready True 0001-01-01 00:00:00 +0000 UTC 2018-09-17 07:19:48 +0000 UTC  } {ContainersReady True 0001-01-01 00:00:00 +0000 UTC 0001-01-01 00:00:00 +0000 UTC  } {PodScheduled True 0001-01-01 00:00:00 +0000 UTC 2018-09-17 07:19:07 +0000 UTC  }]&#xA;Sep 19 07:27:50.498: INFO: vulnerability-advisor-rootkit-annotator-74cb65b5cf-2dk5j         10.46.6.172  Running           [{Initialized True 0001-01-01 00:00:00 +0000 UTC 2018-09-17 07:19:08 +0000 UTC  } {Ready True 0001-01-01 00:00:00 +0000 UTC 2018-09-17 07:20:26 +0000 UTC  } {ContainersReady True 0001-01-01 00:00:00 +0000 UTC 0001-01-01 00:00:00 +0000 UTC  } {PodScheduled True 0001-01-01 00:00:00 +0000 UTC 2018-09-17 07:19:07 +0000 UTC  }]&#xA;Sep 19 07:27:50.498: INFO: vulnerability-advisor-rootkit-indexer-cd8b4646b-xlhwq            10.46.6.172  Running           [{Initialized True 0001-01-01 00:00:00 +0000 UTC 2018-09-17 07:19:07 +0000 UTC  } {Ready True 0001-01-01 00:00:00 +0000 UTC 2018-09-17 07:19:26 +0000 UTC  } {ContainersReady True 0001-01-01 00:00:00 +0000 UTC 0001-01-01 00:00:00 +0000 UTC  } {PodScheduled True 0001-01-01 00:00:00 +0000 UTC 2018-09-17 07:19:06 +0000 UTC  }]&#xA;Sep 19 07:27:50.498: INFO: vulnerability-advisor-sas-apiserver-5fd8d44bc9-7bvkn             10.46.6.172  Running           [{Initialized True 0001-01-01 00:00:00 +0000 UTC 2018-09-17 07:19:09 +0000 UTC  } {Ready True 0001-01-01 00:00:00 +0000 UTC 2018-09-17 07:20:03 +0000 UTC  } {ContainersReady True 0001-01-01 00:00:00 +0000 UTC 0001-01-01 00:00:00 +0000 UTC  } {PodScheduled True 0001-01-01 00:00:00 +0000 UTC 2018-09-17 07:19:08 +0000 UTC  }]&#xA;Sep 19 07:27:50.498: INFO: vulnerability-advisor-sas-mgmt-64fb95bc44-j9vjc                  10.46.6.172  Running           [{Initialized True 0001-01-01 00:00:00 +0000 UTC 2018-09-17 07:19:08 +0000 UTC  } {Ready True 0001-01-01 00:00:00 +0000 UTC 2018-09-17 07:19:39 +0000 UTC  } {ContainersReady True 0001-01-01 00:00:00 +0000 UTC 0001-01-01 00:00:00 +0000 UTC  } {PodScheduled True 0001-01-01 00:00:00 +0000 UTC 2018-09-17 07:19:08 +0000 UTC  }]&#xA;Sep 19 07:27:50.498: INFO: vulnerability-advisor-secconfig-annotator-7dbcf5d9f4-fkmkb       10.46.6.172  Running           [{Initialized True 0001-01-01 00:00:00 +0000 UTC 2018-09-17 07:19:10 +0000 UTC  } {Ready True 0001-01-01 00:00:00 +0000 UTC 2018-09-17 07:19:45 +0000 UTC  } {ContainersReady True 0001-01-01 00:00:00 +0000 UTC 0001-01-01 00:00:00 +0000 UTC  } {PodScheduled True 0001-01-01 00:00:00 +0000 UTC 2018-09-17 07:19:08 +0000 UTC  }]&#xA;Sep 19 07:27:50.498: INFO: vulnerability-advisor-secconfig-indexer-674647df7c-qq5ff         10.46.6.172  Running           [{Initialized True 0001-01-01 00:00:00 +0000 UTC 2018-09-17 07:19:07 +0000 UTC  } {Ready True 0001-01-01 00:00:00 +0000 UTC 2018-09-17 07:19:33 +0000 UTC  } {ContainersReady True 0001-01-01 00:00:00 +0000 UTC 0001-01-01 00:00:00 +0000 UTC  } {PodScheduled True 0001-01-01 00:00:00 +0000 UTC 2018-09-17 07:19:06 +0000 UTC  }]&#xA;Sep 19 07:27:50.498: INFO: vulnerability-advisor-statsd-7746859df4-jjm6f                    10.46.6.172  Running           [{Initialized True 0001-01-01 00:00:00 +0000 UTC 2018-09-17 07:19:10 +0000 UTC  } {Ready True 0001-01-01 00:00:00 +0000 UTC 2018-09-17 07:19:38 +0000 UTC  } {ContainersReady True 0001-01-01 00:00:00 +0000 UTC 0001-01-01 00:00:00 +0000 UTC  } {PodScheduled True 0001-01-01 00:00:00 +0000 UTC 2018-09-17 07:19:09 +0000 UTC  }]&#xA;Sep 19 07:27:50.498: INFO: vulnerability-advisor-usncrawler-8h976                           10.46.6.172  Succeeded         [{Initialized True 0001-01-01 00:00:00 +0000 UTC 2018-09-17 07:19:11 +0000 UTC PodCompleted } {Ready False 0001-01-01 00:00:00 +0000 UTC 2018-09-17 07:24:06 +0000 UTC PodCompleted } {ContainersReady False 0001-01-01 00:00:00 +0000 UTC 0001-01-01 00:00:00 +0000 UTC PodCompleted } {PodScheduled True 0001-01-01 00:00:00 +0000 UTC 2018-09-17 07:19:11 +0000 UTC  }]&#xA;Sep 19 07:27:50.498: INFO: vulnerability-advisor-vulnerability-annotator-bcbf5595f-hxwst    10.46.6.172  Running           [{Initialized True 0001-01-01 00:00:00 +0000 UTC 2018-09-17 07:19:10 +0000 UTC  } {Ready True 0001-01-01 00:00:00 +0000 UTC 2018-09-17 07:20:29 +0000 UTC  } {ContainersReady True 0001-01-01 00:00:00 +0000 UTC 0001-01-01 00:00:00 +0000 UTC  } {PodScheduled True 0001-01-01 00:00:00 +0000 UTC 2018-09-17 07:19:09 +0000 UTC  }]&#xA;Sep 19 07:27:50.498: INFO: vulnerability-advisor-vulnerability-indexer-7c79b4c964-2n8cg     10.46.6.172  Running           [{Initialized True 0001-01-01 00:00:00 +0000 UTC 2018-09-17 07:19:07 +0000 UTC  } {Ready True 0001-01-01 00:00:00 +0000 UTC 2018-09-17 07:19:37 +0000 UTC  } {ContainersReady True 0001-01-01 00:00:00 +0000 UTC 0001-01-01 00:00:00 +0000 UTC  } {PodScheduled True 0001-01-01 00:00:00 +0000 UTC 2018-09-17 07:19:06 +0000 UTC  }]&#xA;Sep 19 07:27:50.498: INFO: vulnerability-advisor-zookeeper-0                                10.46.6.172  Running           [{Initialized True 0001-01-01 00:00:00 +0000 UTC 2018-09-17 07:19:15 +0000 UTC  } {Ready True 0001-01-01 00:00:00 +0000 UTC 2018-09-17 07:20:10 +0000 UTC  } {ContainersReady True 0001-01-01 00:00:00 +0000 UTC 0001-01-01 00:00:00 +0000 UTC  } {PodScheduled True 0001-01-01 00:00:00 +0000 UTC 2018-09-17 07:19:14 +0000 UTC  }]&#xA;Sep 19 07:27:50.498: INFO: &#xA;Sep 19 07:27:50.504: INFO: &#xA;Logging node info for node 10.46.6.170&#xA;Sep 19 07:27:50.506: INFO: Node Info: &amp;Node{ObjectMeta:k8s_io_apimachinery_pkg_apis_meta_v1.ObjectMeta{Name:10.46.6.170,GenerateName:,Namespace:,SelfLink:/api/v1/nodes/10.46.6.170,UID:0c4508eb-ba48-11e8-b20e-fa163e707b2e,ResourceVersion:454262,Generation:0,CreationTimestamp:2018-09-17 07:05:24 +0000 UTC,DeletionTimestamp:&lt;nil&gt;,DeletionGracePeriodSeconds:nil,Labels:map[string]string{beta.kubernetes.io/arch: amd64,beta.kubernetes.io/os: linux,kubernetes.io/hostname: 10.46.6.170,node-role.kubernetes.io/worker: true,},Annotations:map[string]string{node.alpha.kubernetes.io/ttl: 0,volumes.kubernetes.io/controller-managed-attach-detach: true,},OwnerReferences:[],Finalizers:[],ClusterName:,Initializers:nil,},Spec:NodeSpec{PodCIDR:,DoNotUse_ExternalID:,ProviderID:,Unschedulable:false,Taints:[],ConfigSource:nil,},Status:NodeStatus{Capacity:ResourceList{cpu: {{8 0} {&lt;nil&gt;} 8 DecimalSI},ephemeral-storage: {{107362627584 0} {&lt;nil&gt;} 104846316Ki BinarySI},hugepages-1Gi: {{0 0} {&lt;nil&gt;} 0 DecimalSI},hugepages-2Mi: {{0 0} {&lt;nil&gt;} 0 DecimalSI},memory: {{16825630720 0} {&lt;nil&gt;}  BinarySI},pods: {{80 0} {&lt;nil&gt;} 80 DecimalSI},},Allocatable:ResourceList{cpu: {{8 0} {&lt;nil&gt;} 8 DecimalSI},ephemeral-storage: {{96626364666 0} {&lt;nil&gt;} 96626364666 DecimalSI},hugepages-1Gi: {{0 0} {&lt;nil&gt;} 0 DecimalSI},hugepages-2Mi: {{0 0} {&lt;nil&gt;} 0 DecimalSI},memory: {{16720773120 0} {&lt;nil&gt;}  BinarySI},pods: {{80 0} {&lt;nil&gt;} 80 DecimalSI},},Phase:,Conditions:[{OutOfDisk False 2018-09-19 07:27:47 +0000 UTC 2018-09-17 07:05:24 +0000 UTC KubeletHasSufficientDisk kubelet has sufficient disk space available} {MemoryPressure False 2018-09-19 07:27:47 +0000 UTC 2018-09-17 07:05:24 +0000 UTC KubeletHasSufficientMemory kubelet has sufficient memory available} {DiskPressure False 2018-09-19 07:27:47 +0000 UTC 2018-09-17 07:05:24 +0000 UTC KubeletHasNoDiskPressure kubelet has no disk pressure} {PIDPressure False 2018-09-19 07:27:47 +0000 UTC 2018-09-17 07:05:24 +0000 UTC KubeletHasSufficientPID kubelet has sufficient PID available} {Ready True 2018-09-19 07:27:47 +0000 UTC 2018-09-17 07:06:04 +0000 UTC KubeletReady kubelet is posting ready status}],Addresses:[{InternalIP 10.46.6.170} {Hostname 10.46.6.170}],DaemonEndpoints:NodeDaemonEndpoints{KubeletEndpoint:DaemonEndpoint{Port:10250,},},NodeInfo:NodeSystemInfo{MachineID:52ca0d2c3fb341c79b059a96d10571a6,SystemUUID:B2A91A2D-0576-4E7B-AEBA-AE95FFDDF786,BootID:ae0d54c3-4892-49fd-b5c7-ca2077060a4b,KernelVersion:3.10.0-862.9.1.el7.x86_64,OSImage:Red Hat Enterprise Linux,ContainerRuntimeVersion:docker://18.3.1,KubeletVersion:v1.11.1+icp-ee,KubeProxyVersion:v1.11.1+icp-ee,OperatingSystem:linux,Architecture:amd64,},Images:[{[lzj.icp:8500/ibmcom/live-crawler@sha256:1a648615e7b439f093697f65350262823e6c711c4b21ea81596ced1c28a48133 lzj.icp:8500/ibmcom/live-crawler:1.3.1] 987515538} {[lzj.icp:8500/ibmcom/hyperkube@sha256:9fbddbf2d04354912c8a981395493d250474cb9fa587fa91119e69467078b180 lzj.icp:8500/ibmcom/hyperkube:v1.11.1-ee] 782626408} {[gcr.io/heptio-images/kube-conformance@sha256:5482c7f5f7b874c5c6caec6ddef5406f19a52a2c3a36897cadf0a8f78ab57982 gcr.io/heptio-images/kube-conformance:latest] 532182058} {[open-liberty@sha256:e962af00796d50687a4ac71d5e8ab046696c314b4a84617b0d216b671519df31 open-liberty:latest] 500884023} {[lzj.icp:8500/ibmcom/icp-filebeat@sha256:72669dde64d7ab85bbb9e93428efe548b2693a4eae5168a4705f6e30cd20e584 lzj.icp:8500/ibmcom/icp-filebeat:5.5.1] 317104874} {[lzj.icp:8500/ibmcom/fluentd@sha256:f85a5ffd86438f1a73d04caf6e33ef3474675d9fa0947431f4d0a9602fc981af lzj.icp:8500/ibmcom/fluentd:v1.2.2-icp] 270902701} {[lzj.icp:8500/ibmcom/calico-node@sha256:85a23d8030137d49663d3d82844a61998331606de9fc523dfdd0a75be7fb9828 lzj.icp:8500/ibmcom/calico-node:v3.1.3] 248202699} {[lzj.icp:8500/ibmcom/nvidia-device-plugin@sha256:2d57caa41994d1e0b3d952526a651f8da487e068874d1075f915fa48ad969ba6 lzj.icp:8500/ibmcom/nvidia-device-plugin:1.0] 132413452} {[lzj.icp:8500/ibmcom/metering-data-manager@sha256:97803f4458c6f6ca62076cf6958cb8ab98cf9ffed7cd4977550eeaa6db8ead70 lzj.icp:8500/ibmcom/metering-data-manager:3.1.0] 121942877} {[lzj.icp:8500/ibmcom/icp-management-ingress@sha256:259a9d288f5ee4f169c618b6d870b5ae38b954a3bf69f3f392523b1aaa9f4001 lzj.icp:8500/ibmcom/icp-management-ingress:2.2.1] 80410712} {[lzj.icp:8500/ibmcom/calico-cni@sha256:b56c2d3e62bd02f15dd5ec335c25ac81bb39d214e904525227640790686855d7 lzj.icp:8500/ibmcom/calico-cni:v3.1.3] 68849270} {[gcr.io/heptio-images/sonobuoy@sha256:165df6f635ddd0088ed6686e07ffb47f8dd17fdba153f61dbec9aa80c0d2e0b8 gcr.io/heptio-images/sonobuoy:latest gcr.io/heptio-images/sonobuoy:v0.11.6] 33401240} {[gcr.io/kubernetes-e2e-test-images/nettest-amd64@sha256:f2d3eba3ae2043c51389935be4bf41b2b0e60fd7220b9ba9cbc51eceaa74b2b4 gcr.io/kubernetes-e2e-test-images/nettest-amd64:1.0] 27413498} {[lzj.icp:8500/ibmcom/node-exporter@sha256:b24db452b1a0bf46abba095162d0fbc89ea40eeabbfe43ae01dab54107ecff0e lzj.icp:8500/ibmcom/node-exporter:v0.16.0] 22915749} {[gcr.io/kubernetes-e2e-test-images/netexec-amd64@sha256:da1c165175d5589ed70384e406a0291b6f76d53fc99e2c31ae23003e11e5bfde gcr.io/kubernetes-e2e-test-images/netexec-amd64:1.0] 6713741} {[gcr.io/kubernetes-e2e-test-images/mounttest-amd64@sha256:e3e75014e6df02dc21e6fb95f93b989a2ff8a91f36ae88d74eccbabaa21fc211 gcr.io/kubernetes-e2e-test-images/mounttest-amd64:1.0] 1563521} {[gcr.io/kubernetes-e2e-test-images/mounttest-user-amd64@sha256:1ac490f1442cad4b1c886527470393c71302cc62f5e3304fb08854403cbc68dc gcr.io/kubernetes-e2e-test-images/mounttest-user-amd64:1.0] 1450451} {[busybox@sha256:cb63aa0641a885f54de20f61d152187419e8f6b159ed11a251a09d115fdff9bd busybox:latest] 1162769} {[lzj.icp:8500/ibmcom/pause@sha256:8a18035491d4fbbe481be5eac11819315ec94677ab465608d052d87b3cdcff7f lzj.icp:8500/ibmcom/pause:3.1] 742472}],VolumesInUse:[],VolumesAttached:[],Config:&amp;NodeConfigStatus{Assigned:nil,Active:nil,LastKnownGood:nil,Error:,},},}&#xA;Sep 19 07:27:50.507: INFO: &#xA;Logging kubelet events for node 10.46.6.170&#xA;Sep 19 07:27:50.509: INFO: &#xA;Logging pods the kubelet thinks is on node 10.46.6.170&#xA;Sep 19 07:27:50.519: INFO: monitoring-prometheus-nodeexporter-tpbc8 started at 2018-09-17 07:15:44 +0000 UTC (0+2 container statuses recorded)&#xA;Sep 19 07:27:50.519: INFO: &#x9;Container nodeexporter ready: true, restart count 0&#xA;Sep 19 07:27:50.519: INFO: &#x9;Container router ready: true, restart count 0&#xA;Sep 19 07:27:50.519: INFO: audit-logging-fluentd-ds-4cgnk started at 2018-09-17 07:18:46 +0000 UTC (0+1 container statuses recorded)&#xA;Sep 19 07:27:50.519: INFO: &#x9;Container fluentd ready: true, restart count 0&#xA;Sep 19 07:27:50.519: INFO: vulnerability-advisor-process-ma-crawler-5g4zk started at 2018-09-17 07:19:03 +0000 UTC (0+1 container statuses recorded)&#xA;Sep 19 07:27:50.519: INFO: &#x9;Container process-ma-crawler ready: true, restart count 0&#xA;Sep 19 07:27:50.519: INFO: my-ibm-open-liberty-ibm-7f7d9778d7-7t5jc started at 2018-09-17 08:22:24 +0000 UTC (0+1 container statuses recorded)&#xA;Sep 19 07:27:50.519: INFO: &#x9;Container ibm-open-liberty ready: true, restart count 0&#xA;Sep 19 07:27:50.519: INFO: k8s-proxy-10.46.6.170 started at &lt;nil&gt; (0+0 container statuses recorded)&#xA;Sep 19 07:27:50.519: INFO: calico-node-htf97 started at 2018-09-17 07:05:53 +0000 UTC (0+2 container statuses recorded)&#xA;Sep 19 07:27:50.519: INFO: &#x9;Container calico-node ready: true, restart count 0&#xA;Sep 19 07:27:50.519: INFO: &#x9;Container install-cni ready: true, restart count 0&#xA;Sep 19 07:27:50.519: INFO: logging-elk-filebeat-ds-jtd5q started at 2018-09-17 07:15:20 +0000 UTC (0+1 container statuses recorded)&#xA;Sep 19 07:27:50.519: INFO: &#x9;Container filebeat ready: true, restart count 0&#xA;Sep 19 07:27:50.519: INFO: sonobuoy started at 2018-09-19 07:22:02 +0000 UTC (0+1 container statuses recorded)&#xA;Sep 19 07:27:50.519: INFO: &#x9;Container kube-sonobuoy ready: true, restart count 0&#xA;Sep 19 07:27:50.519: INFO: nvidia-device-plugin-9h2k4 started at 2018-09-17 07:07:17 +0000 UTC (1+1 container statuses recorded)&#xA;Sep 19 07:27:50.519: INFO: &#x9;Init container nvidia-driver-collector ready: true, restart count 0&#xA;Sep 19 07:27:50.519: INFO: &#x9;Container nvidia-device-plugin ready: true, restart count 0&#xA;Sep 19 07:27:50.519: INFO: metering-reader-44wd7 started at 2018-09-17 07:14:11 +0000 UTC (1+1 container statuses recorded)&#xA;Sep 19 07:27:50.519: INFO: &#x9;Init container metering-reader-init ready: true, restart count 1&#xA;Sep 19 07:27:50.519: INFO: &#x9;Container metering-reader ready: true, restart count 0&#xA;Sep 19 07:27:50.519: INFO: vulnerability-advisor-live-crawler-ccxd7 started at 2018-09-17 07:19:03 +0000 UTC (0+1 container statuses recorded)&#xA;Sep 19 07:27:50.519: INFO: &#x9;Container live-crawler ready: true, restart count 0&#xA;Sep 19 07:27:50.519: INFO: sonobuoy-e2e-job-c3f9b53ea97c48a2 started at 2018-09-19 07:22:08 +0000 UTC (0+2 container statuses recorded)&#xA;Sep 19 07:27:50.519: INFO: &#x9;Container e2e ready: true, restart count 0&#xA;Sep 19 07:27:50.519: INFO: &#x9;Container sonobuoy-worker ready: true, restart count 0&#xA;Sep 19 07:27:50.574: INFO: &#xA;Latency metrics for node 10.46.6.170&#xA;Sep 19 07:27:50.574: INFO: {Operation:stop_container Method:docker_operations_latency_microseconds Quantile:0.99 Latency:30.354387s}&#xA;Sep 19 07:27:50.574: INFO: &#xA;Logging node info for node 10.46.6.171&#xA;Sep 19 07:27:50.579: INFO: Node Info: &amp;Node{ObjectMeta:k8s_io_apimachinery_pkg_apis_meta_v1.ObjectMeta{Name:10.46.6.171,GenerateName:,Namespace:,SelfLink:/api/v1/nodes/10.46.6.171,UID:0c79152a-ba48-11e8-b20e-fa163e707b2e,ResourceVersion:454244,Generation:0,CreationTimestamp:2018-09-17 07:05:24 +0000 UTC,DeletionTimestamp:&lt;nil&gt;,DeletionGracePeriodSeconds:nil,Labels:map[string]string{beta.kubernetes.io/arch: amd64,beta.kubernetes.io/os: linux,kubernetes.io/hostname: 10.46.6.171,management: true,node-role.kubernetes.io/management: true,},Annotations:map[string]string{node.alpha.kubernetes.io/ttl: 0,volumes.kubernetes.io/controller-managed-attach-detach: true,},OwnerReferences:[],Finalizers:[],ClusterName:,Initializers:nil,},Spec:NodeSpec{PodCIDR:,DoNotUse_ExternalID:,ProviderID:,Unschedulable:false,Taints:[{dedicated management NoSchedule &lt;nil&gt;}],ConfigSource:nil,},Status:NodeStatus{Capacity:ResourceList{cpu: {{8 0} {&lt;nil&gt;} 8 DecimalSI},ephemeral-storage: {{107362627584 0} {&lt;nil&gt;} 104846316Ki BinarySI},hugepages-1Gi: {{0 0} {&lt;nil&gt;} 0 DecimalSI},hugepages-2Mi: {{0 0} {&lt;nil&gt;} 0 DecimalSI},memory: {{16825630720 0} {&lt;nil&gt;}  BinarySI},pods: {{80 0} {&lt;nil&gt;} 80 DecimalSI},},Allocatable:ResourceList{cpu: {{8 0} {&lt;nil&gt;} 8 DecimalSI},ephemeral-storage: {{107257769984 0} {&lt;nil&gt;} 104743916Ki BinarySI},hugepages-1Gi: {{0 0} {&lt;nil&gt;} 0 DecimalSI},hugepages-2Mi: {{0 0} {&lt;nil&gt;} 0 DecimalSI},memory: {{16720773120 0} {&lt;nil&gt;}  BinarySI},pods: {{80 0} {&lt;nil&gt;} 80 DecimalSI},},Phase:,Conditions:[{OutOfDisk False 2018-09-19 07:27:45 +0000 UTC 2018-09-17 07:05:24 +0000 UTC KubeletHasSufficientDisk kubelet has sufficient disk space available} {MemoryPressure False 2018-09-19 07:27:45 +0000 UTC 2018-09-17 07:05:24 +0000 UTC KubeletHasSufficientMemory kubelet has sufficient memory available} {DiskPressure False 2018-09-19 07:27:45 +0000 UTC 2018-09-17 07:05:24 +0000 UTC KubeletHasNoDiskPressure kubelet has no disk pressure} {PIDPressure False 2018-09-19 07:27:45 +0000 UTC 2018-09-17 07:05:24 +0000 UTC KubeletHasSufficientPID kubelet has sufficient PID available} {Ready True 2018-09-19 07:27:45 +0000 UTC 2018-09-17 07:06:05 +0000 UTC KubeletReady kubelet is posting ready status}],Addresses:[{InternalIP 10.46.6.171} {Hostname 10.46.6.171}],DaemonEndpoints:NodeDaemonEndpoints{KubeletEndpoint:DaemonEndpoint{Port:10250,},},NodeInfo:NodeSystemInfo{MachineID:52ca0d2c3fb341c79b059a96d10571a6,SystemUUID:00401CD1-AB88-4341-9CDC-C9648BFB2B56,BootID:706dbc67-f432-47c3-840e-f599801336c8,KernelVersion:3.10.0-862.9.1.el7.x86_64,OSImage:Red Hat Enterprise Linux,ContainerRuntimeVersion:docker://18.3.1,KubeletVersion:v1.11.1+icp-ee,KubeProxyVersion:v1.11.1+icp-ee,OperatingSystem:linux,Architecture:amd64,},Images:[{[lzj.icp:8500/ibmcom/live-crawler@sha256:1a648615e7b439f093697f65350262823e6c711c4b21ea81596ced1c28a48133 lzj.icp:8500/ibmcom/live-crawler:1.3.1] 987515538} {[lzj.icp:8500/ibmcom/hyperkube@sha256:9fbddbf2d04354912c8a981395493d250474cb9fa587fa91119e69467078b180 lzj.icp:8500/ibmcom/hyperkube:v1.11.1-ee] 782626408} {[lzj.icp:8500/ibmcom/icp-logstash@sha256:a182a00827aefe7f5f95b18fa1ec8f6897989290b37f3d98bd6440ddda796433 lzj.icp:8500/ibmcom/icp-logstash:5.5.1] 764906887} {[lzj.icp:8500/ibmcom/icp-kibana@sha256:6e2746da64a64f98c5761b87d5e185a9c2ac75c9c4e767ab284062b1847b7571 lzj.icp:8500/ibmcom/icp-kibana:5.5.1] 639622018} {[lzj.icp:8500/ibmcom/icp-elasticsearch@sha256:b410aacb6005fe24bfd87b045ea26fde3d6eb3ca52c3f0e4560cdc208944ba50 lzj.icp:8500/ibmcom/icp-elasticsearch:5.5.1] 520121248} {[lzj.icp:8500/ibmcom/logging-pki-init@sha256:21aa9cbd05a849b4891b15cf636f73545f6001f16c82f8eeed2e90b4f9312377 lzj.icp:8500/ibmcom/logging-pki-init:2.0.0] 501921135} {[lzj.icp:8500/ibmcom/searchguard-init@sha256:3d0d8a8404a9df5ad238bce1e0542cdda609cc445dfc3964952243d9fc103276 lzj.icp:8500/ibmcom/searchguard-init:2.0.0] 457030441} {[lzj.icp:8500/ibmcom/metering-ui@sha256:d6453f9afecc9b1fc778c195e20bbb39d4ef6262af2f7a9a5ce3cddc259fec99 lzj.icp:8500/ibmcom/metering-ui:3.1.0] 385577105} {[lzj.icp:8500/ibmcom/icp-filebeat@sha256:72669dde64d7ab85bbb9e93428efe548b2693a4eae5168a4705f6e30cd20e584 lzj.icp:8500/ibmcom/icp-filebeat:5.5.1] 317104874} {[lzj.icp:8500/ibmcom/fluentd@sha256:f85a5ffd86438f1a73d04caf6e33ef3474675d9fa0947431f4d0a9602fc981af lzj.icp:8500/ibmcom/fluentd:v1.2.2-icp] 270902701} {[lzj.icp:8500/ibmcom/elasticsearch-plugin-searchguard@sha256:f47116021e3eec7b2fed9f6ed8bd77fd890457e5a1546dda7f863c032d4395b1 lzj.icp:8500/ibmcom/elasticsearch-plugin-searchguard:2.0.0] 267864279} {[lzj.icp:8500/ibmcom/calico-node@sha256:85a23d8030137d49663d3d82844a61998331606de9fc523dfdd0a75be7fb9828 lzj.icp:8500/ibmcom/calico-node:v3.1.3] 248202699} {[lzj.icp:8500/ibmcom/grafana@sha256:5d2739d3ec5c7f6ea66d69caa918b764660b99a3d37cb1f4123f1a9623ce8e38 lzj.icp:8500/ibmcom/grafana:5.2.0] 245297582} {[lzj.icp:8500/ibmcom/indices-cleaner@sha256:31dac3be1246f17dddade06b517c073244ce56d85bc54135fdaf010dbb0bca10 lzj.icp:8500/ibmcom/indices-cleaner:1.0.0] 238131553} {[lzj.icp:8500/ibmcom/curl@sha256:adf92a267e351914d041a56d64ebe80331c45f8e20ab23b7ada67bea78da9996 lzj.icp:8500/ibmcom/curl:4.0.0] 221192597} {[lzj.icp:8500/ibmcom/nvidia-device-plugin@sha256:2d57caa41994d1e0b3d952526a651f8da487e068874d1075f915fa48ad969ba6 lzj.icp:8500/ibmcom/nvidia-device-plugin:1.0] 132413452} {[lzj.icp:8500/ibmcom/metering-data-manager@sha256:97803f4458c6f6ca62076cf6958cb8ab98cf9ffed7cd4977550eeaa6db8ead70 lzj.icp:8500/ibmcom/metering-data-manager:3.1.0] 121942877} {[lzj.icp:8500/ibmcom/prometheus@sha256:91cba3cbf7a61499969a8a5a27347830ed1740b2285de9ac31e231e7ce44deb7 lzj.icp:8500/ibmcom/prometheus:v2.3.1] 118818909} {[lzj.icp:8500/ibmcom/icp-management-ingress@sha256:259a9d288f5ee4f169c618b6d870b5ae38b954a3bf69f3f392523b1aaa9f4001 lzj.icp:8500/ibmcom/icp-management-ingress:2.2.1] 80410712} {[lzj.icp:8500/ibmcom/calico-cni@sha256:b56c2d3e62bd02f15dd5ec335c25ac81bb39d214e904525227640790686855d7 lzj.icp:8500/ibmcom/calico-cni:v3.1.3] 68849270} {[lzj.icp:8500/ibmcom/k8s-prometheus-adapter@sha256:cf7f0c35ff0a0ec9cf743ef87e4c951f74d3fd0b4b97925784cc857565b4d7ba lzj.icp:8500/ibmcom/k8s-prometheus-adapter:v0.2.1.1] 52134773} {[lzj.icp:8500/ibmcom/metrics-server@sha256:973b5dd33165e4856f22a9f48a9b7f5bd2f01399d6479c46212ea92336a9ca40 lzj.icp:8500/ibmcom/metrics-server:v0.2.1.1] 42541759} {[lzj.icp:8500/ibmcom/ibmcloud-image-enforcement@sha256:d29efeb868c054eead02eec72c86f690c4a8c81b95f99f22bbc873644b090e99 lzj.icp:8500/ibmcom/ibmcloud-image-enforcement:0.2.0] 40040099} {[lzj.icp:8500/ibmcom/alertmanager@sha256:f3e7d379040499e05c1377862cc8a74cd5ffed2a175bf62fc18dc07b98d6ab00 lzj.icp:8500/ibmcom/alertmanager:v0.15.0] 36095602} {[lzj.icp:8500/ibmcom/kube-state-metrics@sha256:6a574d2e4a7338abdd3d0b85dd2510cbf046cd09a70505b99513feee42d00559 lzj.icp:8500/ibmcom/kube-state-metrics:v1.3.0] 35646776} {[lzj.icp:8500/ibmcom/node-exporter@sha256:b24db452b1a0bf46abba095162d0fbc89ea40eeabbfe43ae01dab54107ecff0e lzj.icp:8500/ibmcom/node-exporter:v0.16.0] 22915749} {[lzj.icp:8500/ibmcom/configmap-reload@sha256:77a4ede137dd4980fe02c70ad189bf7b89dd1a9e134c0fe4475842fe8948f6a9 lzj.icp:8500/ibmcom/configmap-reload:v0.2.2] 22381476} {[lzj.icp:8500/ibmcom/collectd-exporter@sha256:0ef0cfb0a60f66046851bfafbfa1913814c7a4967e4e7561ce5111186338f6d9 lzj.icp:8500/ibmcom/collectd-exporter:v0.4.0] 13695364} {[lzj.icp:8500/ibmcom/elasticsearch-exporter@sha256:27806a00f45314a1c06af096236004020a98202edbbce81d993aadfaca0c66a0 lzj.icp:8500/ibmcom/elasticsearch-exporter:1.0.2] 9202086} {[lzj.icp:8500/ibmcom/icp-initcontainer@sha256:c1b9397380303cfc23505576a19859c7e26936f80a26bb4fae95ef68e7775de8 lzj.icp:8500/ibmcom/icp-initcontainer:1.0.0] 3965926} {[lzj.icp:8500/ibmcom/pause@sha256:8a18035491d4fbbe481be5eac11819315ec94677ab465608d052d87b3cdcff7f lzj.icp:8500/ibmcom/pause:3.1] 742472}],VolumesInUse:[],VolumesAttached:[],Config:&amp;NodeConfigStatus{Assigned:nil,Active:nil,LastKnownGood:nil,Error:,},},}&#xA;Sep 19 07:27:50.580: INFO: &#xA;Logging kubelet events for node 10.46.6.171&#xA;Sep 19 07:27:50.583: INFO: &#xA;Logging pods the kubelet thinks is on node 10.46.6.171&#xA;Sep 19 07:27:50.607: INFO: logging-elk-logstash-7994656f46-r89mt started at 2018-09-17 07:15:22 +0000 UTC (0+1 container statuses recorded)&#xA;Sep 19 07:27:50.607: INFO: &#x9;Container logstash ready: true, restart count 0&#xA;Sep 19 07:27:50.607: INFO: monitoring-prometheus-elasticsearchexporter-655864cccb-c6tps started at 2018-09-17 07:15:46 +0000 UTC (0+2 container statuses recorded)&#xA;Sep 19 07:27:50.607: INFO: &#x9;Container elasticsearchexporter ready: true, restart count 0&#xA;Sep 19 07:27:50.607: INFO: &#x9;Container router ready: true, restart count 0&#xA;Sep 19 07:27:50.607: INFO: monitoring-prometheus-6677d7c77f-pnpt5 started at 2018-09-17 07:15:46 +0000 UTC (1+4 container statuses recorded)&#xA;Sep 19 07:27:50.607: INFO: &#x9;Init container init-container ready: true, restart count 0&#xA;Sep 19 07:27:50.607: INFO: &#x9;Container configmap-reload-alertrules ready: true, restart count 0&#xA;Sep 19 07:27:50.607: INFO: &#x9;Container configmap-reload-prometheus ready: true, restart count 0&#xA;Sep 19 07:27:50.607: INFO: &#x9;Container prometheus ready: true, restart count 0&#xA;Sep 19 07:27:50.607: INFO: &#x9;Container router ready: true, restart count 0&#xA;Sep 19 07:27:50.607: INFO: calico-node-gpm2c started at 2018-09-17 07:05:53 +0000 UTC (0+2 container statuses recorded)&#xA;Sep 19 07:27:50.607: INFO: &#x9;Container calico-node ready: true, restart count 0&#xA;Sep 19 07:27:50.607: INFO: &#x9;Container install-cni ready: true, restart count 0&#xA;Sep 19 07:27:50.607: INFO: metering-reader-xq8f2 started at 2018-09-17 07:14:11 +0000 UTC (1+1 container statuses recorded)&#xA;Sep 19 07:27:50.607: INFO: &#x9;Init container metering-reader-init ready: true, restart count 1&#xA;Sep 19 07:27:50.607: INFO: &#x9;Container metering-reader ready: true, restart count 0&#xA;Sep 19 07:27:50.607: INFO: logging-elk-master-6cdcf45f7d-gp28f started at 2018-09-17 07:15:21 +0000 UTC (2+1 container statuses recorded)&#xA;Sep 19 07:27:50.607: INFO: &#x9;Init container sysctl ready: true, restart count 0&#xA;Sep 19 07:27:50.607: INFO: &#x9;Init container plugin-bundle ready: true, restart count 0&#xA;Sep 19 07:27:50.607: INFO: &#x9;Container es-master ready: true, restart count 0&#xA;Sep 19 07:27:50.607: INFO: monitoring-grafana-548b947c8c-dh89z started at 2018-09-17 07:15:46 +0000 UTC (1+2 container statuses recorded)&#xA;Sep 19 07:27:50.607: INFO: &#x9;Init container init-container ready: true, restart count 0&#xA;Sep 19 07:27:50.607: INFO: &#x9;Container grafana ready: true, restart count 0&#xA;Sep 19 07:27:50.607: INFO: &#x9;Container router ready: true, restart count 0&#xA;Sep 19 07:27:50.607: INFO: vulnerability-advisor-process-ma-crawler-b7k2d started at 2018-09-17 07:19:03 +0000 UTC (0+1 container statuses recorded)&#xA;Sep 19 07:27:50.607: INFO: &#x9;Container process-ma-crawler ready: true, restart count 0&#xA;Sep 19 07:27:50.607: INFO: ibmcloud-image-enforcement-76ddccbf9f-kqmlb started at 2018-09-17 07:14:02 +0000 UTC (0+1 container statuses recorded)&#xA;Sep 19 07:27:50.607: INFO: &#x9;Container ibmcloud-image-enforcement ready: true, restart count 0&#xA;Sep 19 07:27:50.607: INFO: metering-ui-5bbfbb5d49-wkh8m started at 2018-09-17 07:14:12 +0000 UTC (1+1 container statuses recorded)&#xA;Sep 19 07:27:50.607: INFO: &#x9;Init container metering-ui-init ready: true, restart count 0&#xA;Sep 19 07:27:50.607: INFO: &#x9;Container metering-ui ready: true, restart count 0&#xA;Sep 19 07:27:50.607: INFO: metering-dm-8b475fc57-cmm6h started at 2018-09-17 07:14:12 +0000 UTC (1+1 container statuses recorded)&#xA;Sep 19 07:27:50.607: INFO: &#x9;Init container metering-dm-init ready: true, restart count 0&#xA;Sep 19 07:27:50.607: INFO: &#x9;Container metering-dm ready: true, restart count 0&#xA;Sep 19 07:27:50.607: INFO: logging-elk-data-0 started at 2018-09-17 07:15:21 +0000 UTC (3+1 container statuses recorded)&#xA;Sep 19 07:27:50.607: INFO: &#x9;Init container chmod ready: true, restart count 0&#xA;Sep 19 07:27:50.607: INFO: &#x9;Init container sysctl ready: true, restart count 0&#xA;Sep 19 07:27:50.607: INFO: &#x9;Init container plugin-bundle ready: true, restart count 0&#xA;Sep 19 07:27:50.607: INFO: &#x9;Container es-data ready: true, restart count 0&#xA;Sep 19 07:27:50.607: INFO: logging-elk-kibana-ff4db4866-s2295 started at 2018-09-17 07:15:21 +0000 UTC (0+2 container statuses recorded)&#xA;Sep 19 07:27:50.607: INFO: &#x9;Container kibana ready: true, restart count 0&#xA;Sep 19 07:27:50.607: INFO: &#x9;Container router ready: true, restart count 0&#xA;Sep 19 07:27:50.607: INFO: monitoring-prometheus-nodeexporter-9fnpb started at 2018-09-17 07:15:44 +0000 UTC (0+2 container statuses recorded)&#xA;Sep 19 07:27:50.607: INFO: &#x9;Container nodeexporter ready: true, restart count 0&#xA;Sep 19 07:27:50.607: INFO: &#x9;Container router ready: true, restart count 0&#xA;Sep 19 07:27:50.607: INFO: monitoring-prometheus-kubestatemetrics-54dcbb6cfb-76zmm started at 2018-09-17 07:15:45 +0000 UTC (0+2 container statuses recorded)&#xA;Sep 19 07:27:50.607: INFO: &#x9;Container kubestatemetrics ready: true, restart count 0&#xA;Sep 19 07:27:50.607: INFO: &#x9;Container router ready: true, restart count 0&#xA;Sep 19 07:27:50.607: INFO: audit-logging-fluentd-ds-bc22k started at 2018-09-17 07:18:46 +0000 UTC (0+1 container statuses recorded)&#xA;Sep 19 07:27:50.607: INFO: &#x9;Container fluentd ready: true, restart count 0&#xA;Sep 19 07:27:50.607: INFO: k8s-proxy-10.46.6.171 started at &lt;nil&gt; (0+0 container statuses recorded)&#xA;Sep 19 07:27:50.607: INFO: metrics-server-6d6695f9db-8t4xs started at 2018-09-17 07:08:51 +0000 UTC (0+1 container statuses recorded)&#xA;Sep 19 07:27:50.607: INFO: &#x9;Container metrics-server ready: true, restart count 0&#xA;Sep 19 07:27:50.607: INFO: logging-elk-elasticsearch-tls-init-6hnl4 started at 2018-09-17 07:15:20 +0000 UTC (0+1 container statuses recorded)&#xA;Sep 19 07:27:50.607: INFO: &#x9;Container searchguard-init ready: false, restart count 0&#xA;Sep 19 07:27:50.607: INFO: logging-elk-filebeat-ds-bs86r started at 2018-09-17 07:15:20 +0000 UTC (0+1 container statuses recorded)&#xA;Sep 19 07:27:50.607: INFO: &#x9;Container filebeat ready: true, restart count 0&#xA;Sep 19 07:27:50.607: INFO: logging-elk-client-75d4d7994c-7g7fn started at 2018-09-17 07:15:21 +0000 UTC (2+3 container statuses recorded)&#xA;Sep 19 07:27:50.607: INFO: &#x9;Init container sysctl ready: true, restart count 0&#xA;Sep 19 07:27:50.607: INFO: &#x9;Init container plugin-bundle ready: true, restart count 0&#xA;Sep 19 07:27:50.607: INFO: &#x9;Container es-client ready: true, restart count 0&#xA;Sep 19 07:27:50.607: INFO: &#x9;Container indices-cleaner ready: true, restart count 0&#xA;Sep 19 07:27:50.607: INFO: &#x9;Container router ready: true, restart count 0&#xA;Sep 19 07:27:50.607: INFO: monitoring-prometheus-alertmanager-7d8749dbb8-xj68d started at 2018-09-17 07:15:46 +0000 UTC (0+3 container statuses recorded)&#xA;Sep 19 07:27:50.607: INFO: &#x9;Container alertmanager ready: true, restart count 0&#xA;Sep 19 07:27:50.607: INFO: &#x9;Container configmap-reload ready: true, restart count 0&#xA;Sep 19 07:27:50.607: INFO: &#x9;Container router ready: true, restart count 0&#xA;Sep 19 07:27:50.607: INFO: monitoring-prometheus-collectdexporter-77575678dc-v8n2l started at 2018-09-17 07:15:46 +0000 UTC (0+2 container statuses recorded)&#xA;Sep 19 07:27:50.607: INFO: &#x9;Container collectd-exporter ready: true, restart count 0&#xA;Sep 19 07:27:50.607: INFO: &#x9;Container router ready: true, restart count 0&#xA;Sep 19 07:27:50.607: INFO: vulnerability-advisor-live-crawler-xxz8p started at 2018-09-17 07:19:03 +0000 UTC (0+1 container statuses recorded)&#xA;Sep 19 07:27:50.607: INFO: &#x9;Container live-crawler ready: true, restart count 0&#xA;Sep 19 07:27:50.607: INFO: nvidia-device-plugin-vh85n started at 2018-09-17 07:07:17 +0000 UTC (1+1 container statuses recorded)&#xA;Sep 19 07:27:50.607: INFO: &#x9;Init container nvidia-driver-collector ready: true, restart count 0&#xA;Sep 19 07:27:50.607: INFO: &#x9;Container nvidia-device-plugin ready: true, restart count 0&#xA;Sep 19 07:27:50.607: INFO: custom-metrics-adapter-64f64964b4-f9gmc started at 2018-09-17 07:14:28 +0000 UTC (1+1 container statuses recorded)&#xA;Sep 19 07:27:50.607: INFO: &#x9;Init container init-adapter ready: true, restart count 0&#xA;Sep 19 07:27:50.607: INFO: &#x9;Container custom-metrics-adapter ready: true, restart count 0&#xA;Sep 19 07:27:50.669: INFO: &#xA;Latency metrics for node 10.46.6.171&#xA;Sep 19 07:27:50.669: INFO: &#xA;Logging node info for node 10.46.6.172&#xA;Sep 19 07:27:50.674: INFO: Node Info: &amp;Node{ObjectMeta:k8s_io_apimachinery_pkg_apis_meta_v1.ObjectMeta{Name:10.46.6.172,GenerateName:,Namespace:,SelfLink:/api/v1/nodes/10.46.6.172,UID:0c6032ef-ba48-11e8-b20e-fa163e707b2e,ResourceVersion:454267,Generation:0,CreationTimestamp:2018-09-17 07:05:24 +0000 UTC,DeletionTimestamp:&lt;nil&gt;,DeletionGracePeriodSeconds:nil,Labels:map[string]string{beta.kubernetes.io/arch: amd64,beta.kubernetes.io/os: linux,kubernetes.io/hostname: 10.46.6.172,node-role.kubernetes.io/va: true,va: true,},Annotations:map[string]string{node.alpha.kubernetes.io/ttl: 0,volumes.kubernetes.io/controller-managed-attach-detach: true,},OwnerReferences:[],Finalizers:[],ClusterName:,Initializers:nil,},Spec:NodeSpec{PodCIDR:,DoNotUse_ExternalID:,ProviderID:,Unschedulable:false,Taints:[{dedicated va NoSchedule &lt;nil&gt;}],ConfigSource:nil,},Status:NodeStatus{Capacity:ResourceList{cpu: {{8 0} {&lt;nil&gt;} 8 DecimalSI},ephemeral-storage: {{107362627584 0} {&lt;nil&gt;} 104846316Ki BinarySI},hugepages-1Gi: {{0 0} {&lt;nil&gt;} 0 DecimalSI},hugepages-2Mi: {{0 0} {&lt;nil&gt;} 0 DecimalSI},memory: {{16825622528 0} {&lt;nil&gt;}  BinarySI},pods: {{80 0} {&lt;nil&gt;} 80 DecimalSI},},Allocatable:ResourceList{cpu: {{8 0} {&lt;nil&gt;} 8 DecimalSI},ephemeral-storage: {{107257769984 0} {&lt;nil&gt;} 104743916Ki BinarySI},hugepages-1Gi: {{0 0} {&lt;nil&gt;} 0 DecimalSI},hugepages-2Mi: {{0 0} {&lt;nil&gt;} 0 DecimalSI},memory: {{16720764928 0} {&lt;nil&gt;}  BinarySI},pods: {{80 0} {&lt;nil&gt;} 80 DecimalSI},},Phase:,Conditions:[{OutOfDisk False 2018-09-19 07:27:48 +0000 UTC 2018-09-17 07:05:24 +0000 UTC KubeletHasSufficientDisk kubelet has sufficient disk space available} {MemoryPressure False 2018-09-19 07:27:48 +0000 UTC 2018-09-17 07:05:24 +0000 UTC KubeletHasSufficientMemory kubelet has sufficient memory available} {DiskPressure False 2018-09-19 07:27:48 +0000 UTC 2018-09-17 07:05:24 +0000 UTC KubeletHasNoDiskPressure kubelet has no disk pressure} {PIDPressure False 2018-09-19 07:27:48 +0000 UTC 2018-09-17 07:05:24 +0000 UTC KubeletHasSufficientPID kubelet has sufficient PID available} {Ready True 2018-09-19 07:27:48 +0000 UTC 2018-09-17 07:06:04 +0000 UTC KubeletReady kubelet is posting ready status}],Addresses:[{InternalIP 10.46.6.172} {Hostname 10.46.6.172}],DaemonEndpoints:NodeDaemonEndpoints{KubeletEndpoint:DaemonEndpoint{Port:10250,},},NodeInfo:NodeSystemInfo{MachineID:52ca0d2c3fb341c79b059a96d10571a6,SystemUUID:3D48E3C5-99D8-4CA3-9AB5-A8540613166F,BootID:d81d494e-264a-48ce-a4f2-76b16f6ece1f,KernelVersion:3.10.0-862.9.1.el7.x86_64,OSImage:Red Hat Enterprise Linux,ContainerRuntimeVersion:docker://18.3.1,KubeletVersion:v1.11.1+icp-ee,KubeProxyVersion:v1.11.1+icp-ee,OperatingSystem:linux,Architecture:amd64,},Images:[{[lzj.icp:8500/ibmcom/statsd-amd64@sha256:5ee11bc24bced45a77d9d630348680f319c09d9d3b2230b04518d1e2a5263ae2 lzj.icp:8500/ibmcom/statsd@sha256:af7a9d0c4f029d0247da41f67c7e87f3655175962b79a189a6a9ace0ff841049 lzj.icp:8500/ibmcom/statsd-amd64:0.7.2.1 lzj.icp:8500/ibmcom/statsd:0.7.2.1] 1234731808} {[lzj.icp:8500/ibmcom/kafka-amd64@sha256:0d6d348ccd7aa2854d60791331280e58db92029a522c8bfb3eb40c7c0913ca8f lzj.icp:8500/ibmcom/kafka@sha256:f0b4a833c3da439cadb783bb9cb578f96b1328557b8402a98f01c5c21497d93a lzj.icp:8500/ibmcom/kafka-amd64:0.10.0.2 lzj.icp:8500/ibmcom/kafka:0.10.0.2] 1114805679} {[lzj.icp:8500/ibmcom/iam-token-service-amd64@sha256:9211161e5b5b9d892a99b46fad4429333ceb7143b4039419df7ea0efa36381a9 lzj.icp:8500/ibmcom/iam-token-service@sha256:1b9308e68de93b43e9a85c0e005d80d423e88db7d88ee7114a80b2fade7a78ed lzj.icp:8500/ibmcom/iam-token-service-amd64:3.1.0 lzj.icp:8500/ibmcom/iam-token-service:3.1.0] 1051060152} {[lzj.icp:8500/ibmcom/icp-platform-auth-amd64@sha256:abc258009b8696a83214b7a9d9df63f6d83e19cfca2987c4836b0eadfa4c99c7 lzj.icp:8500/ibmcom/icp-platform-auth@sha256:c544b90a099b6c29ba4ee7f2ad4dded1277c948a0826b38ebe3250cdc7d1529c lzj.icp:8500/ibmcom/icp-platform-auth-amd64:3.1.0 lzj.icp:8500/ibmcom/icp-platform-auth:3.1.0] 1028283742} {[lzj.icp:8500/ibmcom/reg-crawler-amd64@sha256:9e5d4ebbac3dd6cbf9f892b5bd634f89fae3d4b2e6a23debd3ecd322e3eb817e lzj.icp:8500/ibmcom/reg-crawler@sha256:a9033d9cb2406d11c616fdfedc9bc56bc4ef970bd0a7b02899b3e5c1b353799b lzj.icp:8500/ibmcom/reg-crawler-amd64:1.3.1 lzj.icp:8500/ibmcom/reg-crawler:1.3.1] 1007817363} {[lzj.icp:8500/ibmcom/live-crawler-amd64@sha256:37a79ec87bd3c8b9af25cf1e25f4f14281ffb9f5ebeaf61c0b7c8a5799baf782 lzj.icp:8500/ibmcom/live-crawler@sha256:1a648615e7b439f093697f65350262823e6c711c4b21ea81596ced1c28a48133 lzj.icp:8500/ibmcom/live-crawler-amd64:1.3.1 lzj.icp:8500/ibmcom/live-crawler:1.3.1] 987515538} {[lzj.icp:8500/ibmcom/cos-indexer-amd64@sha256:adf28ff960ebdcbfcfa5e4522b81aa3565338f8d640dad611a1c3f0d3894393b lzj.icp:8500/ibmcom/cos-indexer@sha256:bb31dc8ef37e8482b2b9dedc0e54f46f7d3c678b22a3130eca9dde80fed65df1 lzj.icp:8500/ibmcom/cos-indexer-amd64:1.3.1 lzj.icp:8500/ibmcom/cos-indexer:1.3.1] 846578165} {[lzj.icp:8500/ibmcom/secure-config-annotator-amd64@sha256:26e845c6a252e0c5ae73e764645993b3270e289d1a2e9784b06ddd7898ca45d9 lzj.icp:8500/ibmcom/secure-config-annotator@sha256:cfaadd13c4ef4bdc937d296faff78e98473be8c9c6ae6b4a38927c952948914f lzj.icp:8500/ibmcom/secure-config-annotator-amd64:1.3.1 lzj.icp:8500/ibmcom/secure-config-annotator:1.3.1] 835555196} {[lzj.icp:8500/ibmcom/hyperkube-amd64@sha256:9eaadf7c2a417ee2a9a219e2eadf21884742199a484be2ca737f0e8a178d490a lzj.icp:8500/ibmcom/hyperkube@sha256:9fbddbf2d04354912c8a981395493d250474cb9fa587fa91119e69467078b180 lzj.icp:8500/ibmcom/hyperkube-amd64:v1.11.1-ee lzj.icp:8500/ibmcom/hyperkube:v1.11.1-ee] 782626408} {[lzj.icp:8500/ibmcom/compliance-annotator-amd64@sha256:5d8bbbef3a7dc54ba9addb256d2aa8a3f7d5c27a454ff4b7ee583b217dac2ce4 lzj.icp:8500/ibmcom/compliance-annotator@sha256:be00ccb777b1e90601cc563112e32ae831b0fb7d4933f1aa3c49379cabe41c3f lzj.icp:8500/ibmcom/compliance-annotator-amd64:1.3.1 lzj.icp:8500/ibmcom/compliance-annotator:1.3.1] 773932738} {[lzj.icp:8500/ibmcom/icp-logstash-amd64@sha256:02a683ee6ad9eeed7ea8ebb1de713aaf902a9e20a39ccc0294ee1f947f1bbd73 lzj.icp:8500/ibmcom/icp-logstash@sha256:a182a00827aefe7f5f95b18fa1ec8f6897989290b37f3d98bd6440ddda796433 lzj.icp:8500/ibmcom/icp-logstash-amd64:5.5.1 lzj.icp:8500/ibmcom/icp-logstash:5.5.1] 764906887} {[lzj.icp:8500/ibmcom/process-ma-hf-amd64@sha256:ef0d164350d07600f8037082db7d98cf81b9c554d8a60692ae90b8d0239a8cdc lzj.icp:8500/ibmcom/process-ma-hf@sha256:114b48d67e46f6ad3624dfa99baab8f9c62fb5ba88d210d0f42e106eda4e0ee8 lzj.icp:8500/ibmcom/process-ma-hf-amd64:1.3.1 lzj.icp:8500/ibmcom/process-ma-hf:1.3.1] 758635128} {[lzj.icp:8500/ibmcom/vulnerability-annotator-amd64@sha256:febedf85b65e0d1800e67249274d474d4ce67e8041e81487f76bce727cb39bd4 lzj.icp:8500/ibmcom/vulnerability-annotator@sha256:2ca368468e5d1c7ed82b3947b8d8904da34969bd72e67b382bfd0579fe3f148d lzj.icp:8500/ibmcom/vulnerability-annotator-amd64:1.3.1 lzj.icp:8500/ibmcom/vulnerability-annotator:1.3.1] 757013017} {[lzj.icp:8500/ibmcom/py-generic-indexer-amd64@sha256:45cb17e23e15f4dfe44471309af12f0655aad5f8e859c718f393290f220b02b2 lzj.icp:8500/ibmcom/py-generic-indexer@sha256:63a28bc72b6588e508ad23b569a228d6219e2d6fdddb2b1b073e1d2c70ec7641 lzj.icp:8500/ibmcom/py-generic-indexer-amd64:1.3.1 lzj.icp:8500/ibmcom/py-generic-indexer:1.3.1] 755588945} {[lzj.icp:8500/ibmcom/icp-inception-amd64@sha256:1dad180d14ae732d17ca5cf41b87dbb316c072323f186d60a08a753f904eb5b2 lzj.icp:8500/ibmcom/icp-inception@sha256:d395315f0fde94a5cacd9945cd7932b4eda45fe404a6b9d55a8ec8ebeed2a0a8 lzj.icp:8500/ibmcom/icp-inception-amd64:3.1.0-ee lzj.icp:8500/ibmcom/icp-inception:3.1.0-ee] 744155119} {[lzj.icp:8500/ibmcom/config-parser-amd64@sha256:7d721e0b5a827921ac16fa9e7570db225211e6dd700cdeaba1d28ba02ff8ef6d lzj.icp:8500/ibmcom/config-parser@sha256:2b7d6f1ea57d6e4d9caaca5d0e2bb35d2e6db316e2f18ef9a51b5bfa48119f69 lzj.icp:8500/ibmcom/config-parser-amd64:1.3.1 lzj.icp:8500/ibmcom/config-parser:1.3.1] 739243486} {[lzj.icp:8500/ibmcom/iam-policy-administration-amd64@sha256:e1941aa09a5b692505cb3be3e497d3ff9acb900786b9a2c8c4c00d0243b37dd0 lzj.icp:8500/ibmcom/iam-policy-administration@sha256:ab0d5c50f5e5fc9a537e97183ed694e34d57fa00121bc08bedb261b80e29b9a4 lzj.icp:8500/ibmcom/iam-policy-administration-amd64:3.1.0 lzj.icp:8500/ibmcom/iam-policy-administration:3.1.0] 711947327} {[lzj.icp:8500/ibmcom/password-annotator-amd64@sha256:bca1b6b222d8ea8ade174a8cc1a549f161d75d3e9d69881f08a1fb316a8e27d3 lzj.icp:8500/ibmcom/password-annotator@sha256:5c7e8db45db52a6bca7d76ae8c2ff74eb43644f7959d66ddc67454bcbca765ec lzj.icp:8500/ibmcom/password-annotator-amd64:1.3.1 lzj.icp:8500/ibmcom/password-annotator:1.3.1] 707627907} {[lzj.icp:8500/ibmcom/notification-dispatcher-amd64@sha256:ec8dfbc351a0d758488f9f8bfa17c3182a5c02819a6ebf7144ab914a2233cf57 lzj.icp:8500/ibmcom/notification-dispatcher@sha256:6d7e6b836f0cfeb5fb18cd29fdd8315fb44013f8d21830b9c5ab60b605c5e3c5 lzj.icp:8500/ibmcom/notification-dispatcher-amd64:1.3.1 lzj.icp:8500/ibmcom/notification-dispatcher:1.3.1] 707588442} {[lzj.icp:8500/ibmcom/sas-base-amd64@sha256:9651b1149c62d5a0968aaeffe71f2da68cd7e07ff8d7ea67538278c00ab08457 lzj.icp:8500/ibmcom/sas-base@sha256:56bb0790e5f06276b7435c731687f733901fedc80af299dc8a8eaf72d7365560 lzj.icp:8500/ibmcom/sas-base-amd64:1.3.1 lzj.icp:8500/ibmcom/sas-base:1.3.1] 653746081} {[lzj.icp:8500/ibmcom/ma-file-annotator-amd64@sha256:8caa6280fd845fd524ad874a6b243510ebf085d58c989229020fcfc743492632 lzj.icp:8500/ibmcom/ma-file-annotator@sha256:cd8dc2a26e2a84bf7d8ba982c6a21c034239de5e2dc12767d3f60985e495d957 lzj.icp:8500/ibmcom/ma-file-annotator-amd64:1.3.1 lzj.icp:8500/ibmcom/ma-file-annotator:1.3.1] 653745236} {[lzj.icp:8500/ibmcom/icp-kibana-amd64@sha256:8b69887ac5297e1d2e68b9c2ce885b9a888f6c278ca1538acb0f03206b48502a lzj.icp:8500/ibmcom/icp-kibana@sha256:6e2746da64a64f98c5761b87d5e185a9c2ac75c9c4e767ab284062b1847b7571 lzj.icp:8500/ibmcom/icp-kibana-amd64:5.5.1 lzj.icp:8500/ibmcom/icp-kibana:5.5.1] 639622018} {[lzj.icp:8500/ibmcom/icp-platform-api-amd64@sha256:1fc47925c2611aef12631b3f3806308f55a298074aebc561fd04cf8a7691c669 lzj.icp:8500/ibmcom/icp-platform-api@sha256:6b5585999f45fa6dc7a6a1d8bcb4d544c96a3e1fd3bd9f133ebed2e356985a0e lzj.icp:8500/ibmcom/icp-platform-api-amd64:3.1.0 lzj.icp:8500/ibmcom/icp-platform-api:3.1.0] 612589125} {[lzj.icp:8500/ibmcom/iam-policy-decision-amd64@sha256:d49eb3845c57bb8370a477949d92da10a178b81ade50f0e9d970981fadd6686d lzj.icp:8500/ibmcom/iam-policy-decision@sha256:ecd9f36e17e57c6be41e744abc17baacddd28178485d29cb112ffc5e558d2c09 lzj.icp:8500/ibmcom/iam-policy-decision-amd64:3.1.0 lzj.icp:8500/ibmcom/iam-policy-decision:3.1.0] 559718344} {[lzj.icp:8500/ibmcom/rootkit-annotator-amd64@sha256:caf6c24136b8785d901f346a640d673b55fe105c3617cfcb432ee2006f5b1cf4 lzj.icp:8500/ibmcom/rootkit-annotator@sha256:9aabe418ab5c5b3ce86dcfad5dc63a14124bf56227a7decb6656382f2cf9606e lzj.icp:8500/ibmcom/rootkit-annotator-amd64:1.3.1 lzj.icp:8500/ibmcom/rootkit-annotator:1.3.1] 549434506} {[lzj.icp:8500/ibmcom/icp-elasticsearch-amd64@sha256:0063a7a931ca4e52d8f7a51f2bdb010345f4373b5b904b52e5c8a48ec0c1fde7 lzj.icp:8500/ibmcom/icp-elasticsearch@sha256:b410aacb6005fe24bfd87b045ea26fde3d6eb3ca52c3f0e4560cdc208944ba50 lzj.icp:8500/ibmcom/icp-elasticsearch-amd64:5.5.1 lzj.icp:8500/ibmcom/icp-elasticsearch:5.5.1] 520121248} {[lzj.icp:8500/ibmcom/logging-pki-init-amd64@sha256:cc4bfa085e1ae99120ee526acd3e62d205e10de6f1c773c521fc5b933914f6a8 lzj.icp:8500/ibmcom/logging-pki-init@sha256:21aa9cbd05a849b4891b15cf636f73545f6001f16c82f8eeed2e90b4f9312377 lzj.icp:8500/ibmcom/logging-pki-init-amd64:2.0.0 lzj.icp:8500/ibmcom/logging-pki-init:2.0.0] 501921135} {[lzj.icp:8500/ibmcom/searchguard-init-amd64@sha256:d19ce1d27f406945d4ed78b0f07007998c2ab3889086e502924847c2186db546 lzj.icp:8500/ibmcom/searchguard-init@sha256:3d0d8a8404a9df5ad238bce1e0542cdda609cc445dfc3964952243d9fc103276 lzj.icp:8500/ibmcom/searchguard-init-amd64:2.0.0 lzj.icp:8500/ibmcom/searchguard-init:2.0.0] 457030441} {[lzj.icp:8500/ibmcom/metering-ui-amd64@sha256:3628a8fe41183c08ea0b02e2e798e3649e4aebe2c2405c34572b9eb7c7c4d9a8 lzj.icp:8500/ibmcom/metering-ui@sha256:d6453f9afecc9b1fc778c195e20bbb39d4ef6262af2f7a9a5ce3cddc259fec99 lzj.icp:8500/ibmcom/metering-ui-amd64:3.1.0 lzj.icp:8500/ibmcom/metering-ui:3.1.0] 385577105} {[lzj.icp:8500/ibmcom/heketi-amd64@sha256:c5b579a4f219c87990f861eb61de86cb9cfb51b6d230b8c299df7d9fd3d02d0e lzj.icp:8500/ibmcom/heketi@sha256:eb6875247a56829a20d0949f034b08a0e682201ab1d88d3cba71972932c254f5 lzj.icp:8500/ibmcom/heketi-amd64:v7.0.0 lzj.icp:8500/ibmcom/heketi:v7.0.0] 384720377} {[lzj.icp:8500/ibmcom/icp-mongodb-amd64@sha256:a305ae8bc309898d86bf60aee968846db3602f77b25924640d5f08a2389ee99d lzj.icp:8500/ibmcom/icp-mongodb@sha256:fe8b55caf7bb855fd4e244450af5195f2243b766c6934d464128bf982b29b345 lzj.icp:8500/ibmcom/icp-mongodb-amd64:3.1.0 lzj.icp:8500/ibmcom/icp-mongodb:3.1.0] 379353410} {[lzj.icp:8500/ibmcom/icp-catalog-ui-amd64@sha256:33993b4eab189e3c78fe27799017da770d47523cf6831460741008bf91297d6d lzj.icp:8500/ibmcom/icp-catalog-ui@sha256:049f3c4946a0ad2c10507e5e42a464448e858fb3ae606cfd84825d340adb1125 lzj.icp:8500/ibmcom/icp-catalog-ui-amd64:3.1.0 lzj.icp:8500/ibmcom/icp-catalog-ui:3.1.0] 363781304} {[lzj.icp:8500/ibmcom/nginx-ingress-controller-amd64@sha256:63b48dd3ba635aa65409f7d6a319e293697810c1b9e885e6255bebf36a2506ab lzj.icp:8500/ibmcom/nginx-ingress-controller@sha256:f68b2ce26292e02ef3dbc6cfae17cec3d54b9afee9bf5298bf95d005c0783143 lzj.icp:8500/ibmcom/nginx-ingress-controller-amd64:0.16.2 lzj.icp:8500/ibmcom/nginx-ingress-controller:0.16.2] 361632894} {[lzj.icp:8500/ibmcom/mariadb-amd64@sha256:1f9876179c32fcf463804f75cbf2fb031106edf2be9d5dbf6705375ca53930bb lzj.icp:8500/ibmcom/mariadb@sha256:2272622e7f6786220d7ee2b482a3050bd34c3e1ecdc99af6175a146610222763 lzj.icp:8500/ibmcom/mariadb-amd64:10.2.17 lzj.icp:8500/ibmcom/mariadb:10.2.17] 358991946} {[lzj.icp:8500/ibmcom/k8szk-amd64@sha256:a9ee22a4df14654552a02303e4560623244683692fd298dd2fb71e9dd66219f3 lzj.icp:8500/ibmcom/k8szk@sha256:20cfeb163fb828c3c3a7c0baf2883e90c72c8d97d20116253903e82aa2be801f lzj.icp:8500/ibmcom/k8szk-amd64:v3 lzj.icp:8500/ibmcom/k8szk:v3] 331472973} {[lzj.icp:8500/ibmcom/gluster-amd64@sha256:647caedb536eb7b8c5c8b0a2b69e52d2a34be9e6c9c7b9c1b21d14fcfa261886 lzj.icp:8500/ibmcom/gluster@sha256:eeabf9b160370078d12a4c2b84f1a9772fe10c64446f0c2251eb53b8b5277baa lzj.icp:8500/ibmcom/gluster-amd64:v4.0.2 lzj.icp:8500/ibmcom/gluster:v4.0.2] 324265531} {[lzj.icp:8500/ibmcom/istio-grafana-amd64@sha256:381a2dd3a5addbc5d43920bc19bb15ba6dbd422e4a9d91163108e72c5a63234c lzj.icp:8500/ibmcom/istio-grafana@sha256:f4fdaf4a51b946f6d4fb9aa82cdbfef53c8e0b7b2223078f9d7f62bb28d3259b lzj.icp:8500/ibmcom/istio-grafana-amd64:1.0.0.1 lzj.icp:8500/ibmcom/istio-grafana:1.0.0.1] 324187770} {[lzj.icp:8500/ibmcom/icp-filebeat-amd64@sha256:03af9b78dad6c2ba857975d10c81e781460796dff1ff1163ea4596f4aa10601d lzj.icp:8500/ibmcom/icp-filebeat@sha256:72669dde64d7ab85bbb9e93428efe548b2693a4eae5168a4705f6e30cd20e584 lzj.icp:8500/ibmcom/icp-filebeat-amd64:5.5.1 lzj.icp:8500/ibmcom/icp-filebeat:5.5.1] 317104874} {[lzj.icp:8500/ibmcom/istio-proxyv2-amd64@sha256:cd77e75fa85ce74914e1b7b0bef980ece8a62ef0d776c9ef51a0d7d30b4b64a0 lzj.icp:8500/ibmcom/istio-proxyv2@sha256:9c94d736c8cbb41e2c5b0b672530eee0df6cbb628d57f4ddaec9f4ff4f49ce35 lzj.icp:8500/ibmcom/istio-proxyv2-amd64:1.0.0.1 lzj.icp:8500/ibmcom/istio-proxyv2:1.0.0.1] 311276139} {[lzj.icp:8500/ibmcom/istio-pilot-amd64@sha256:63352073a964037fd37f6150228231d2e5eca7e0c2920405d6269326d3c54263 lzj.icp:8500/ibmcom/istio-pilot@sha256:ad129a4be7b6d1536c384efd03fb570b973b9c77a56a48e6b9cfe192a76c111e lzj.icp:8500/ibmcom/istio-pilot-amd64:1.0.0.1 lzj.icp:8500/ibmcom/istio-pilot:1.0.0.1] 309502004} {[lzj.icp:8500/ibmcom/fluentd-amd64@sha256:384a99b8d941c93f96ee5b5cbae5b70500219a3f71c73cf4eddd20d9d693e3b3 lzj.icp:8500/ibmcom/fluentd@sha256:f85a5ffd86438f1a73d04caf6e33ef3474675d9fa0947431f4d0a9602fc981af lzj.icp:8500/ibmcom/fluentd-amd64:v1.2.2-icp lzj.icp:8500/ibmcom/fluentd:v1.2.2-icp] 270902701} {[lzj.icp:8500/ibmcom/icp-identity-manager-amd64@sha256:632f31acd0fcfc3d0cebea31cfb71018f6712bd1a1b4da7476942b3c23aa3521 lzj.icp:8500/ibmcom/icp-identity-manager@sha256:993462e02a42c15b03722d935809476c8e10e6e0b3a2669eb528081e92a49859 lzj.icp:8500/ibmcom/icp-identity-manager-amd64:3.1.0 lzj.icp:8500/ibmcom/icp-identity-manager:3.1.0] 268667523} {[lzj.icp:8500/ibmcom/elasticsearch-plugin-searchguard-amd64@sha256:28f88d06bbbc073162702064c1be4ad06272e9021cbc0f929ba8c6da2ca25ae6 lzj.icp:8500/ibmcom/elasticsearch-plugin-searchguard@sha256:f47116021e3eec7b2fed9f6ed8bd77fd890457e5a1546dda7f863c032d4395b1 lzj.icp:8500/ibmcom/elasticsearch-plugin-searchguard-amd64:2.0.0 lzj.icp:8500/ibmcom/elasticsearch-plugin-searchguard:2.0.0] 267864279} {[lzj.icp:8500/ibmcom/kiali-amd64@sha256:bec63b454cf2e597c61f6a9943144050e5e6fc7a4f6474bc3bb6b627ba20c71c lzj.icp:8500/ibmcom/kiali@sha256:71a50e9885495157454657bc93842a7310e96e822a4117ad751ad81af83fde5e lzj.icp:8500/ibmcom/kiali-amd64:istio-release-1.0.0.1 lzj.icp:8500/ibmcom/kiali:istio-release-1.0.0.1] 265771300} {[lzj.icp:8500/ibmcom/calico-node-amd64@sha256:9871f4dde9eab9fd804b12f3114da36505ff5c220e2323b7434eec24e3b23ac5 lzj.icp:8500/ibmcom/calico-node@sha256:85a23d8030137d49663d3d82844a61998331606de9fc523dfdd0a75be7fb9828 lzj.icp:8500/ibmcom/calico-node-amd64:v3.1.3 lzj.icp:8500/ibmcom/calico-node:v3.1.3] 248202699} {[lzj.icp:8500/ibmcom/grafana-amd64@sha256:dc3566257a0c716caedfb33127d8ee385290c1dda006bebfb75c376d56b30c88 lzj.icp:8500/ibmcom/grafana@sha256:5d2739d3ec5c7f6ea66d69caa918b764660b99a3d37cb1f4123f1a9623ce8e38 lzj.icp:8500/ibmcom/grafana-amd64:5.2.0 lzj.icp:8500/ibmcom/grafana:5.2.0] 245297582} {[lzj.icp:8500/ibmcom/indices-cleaner-amd64@sha256:e6c6453d54012488e9ebfaa9e4d829f567d8e66b24c1613e6d88ca192ed5e85b lzj.icp:8500/ibmcom/indices-cleaner@sha256:31dac3be1246f17dddade06b517c073244ce56d85bc54135fdaf010dbb0bca10 lzj.icp:8500/ibmcom/indices-cleaner-amd64:1.0.0 lzj.icp:8500/ibmcom/indices-cleaner:1.0.0] 238131553} {[lzj.icp:8500/ibmcom/icp-identity-provider-amd64@sha256:24dba8b07c8295eef99abbf8d83041908516e4e50e4e4cfbbbcd53bdf415dda1 lzj.icp:8500/ibmcom/icp-identity-provider@sha256:b5bf63419b53ba550cad7a1b835d0d0eaae1fde8851c7936f8deb603fef673a6 lzj.icp:8500/ibmcom/icp-identity-provider-amd64:3.1.0 lzj.icp:8500/ibmcom/icp-identity-provider:3.1.0] 224286517} {[lzj.icp:8500/ibmcom/curl-amd64@sha256:aad05b4e4529f7e70516d8d3028cae6cd1d50de738ce164f2a532ce2470ac43f lzj.icp:8500/ibmcom/curl@sha256:adf92a267e351914d041a56d64ebe80331c45f8e20ab23b7ada67bea78da9996 lzj.icp:8500/ibmcom/curl-amd64:4.0.0 lzj.icp:8500/ibmcom/curl:4.0.0] 221192597} {[lzj.icp:8500/ibmcom/icp-audit-service-amd64@sha256:9add202c06a43da647380c860d9139fa059701fe103c1f229281215bf99dbbd3 lzj.icp:8500/ibmcom/icp-audit-service@sha256:7c3d710c31f6f5ae0227edc1599bdf64bc82e4fcd2b3aa8f197148240d2ab01c lzj.icp:8500/ibmcom/icp-audit-service-amd64:3.1.0 lzj.icp:8500/ibmcom/icp-audit-service:3.1.0] 215897363}],VolumesInUse:[],VolumesAttached:[],Config:&amp;NodeConfigStatus{Assigned:nil,Active:nil,LastKnownGood:nil,Error:,},},}&#xA;Sep 19 07:27:50.674: INFO: &#xA;Logging kubelet events for node 10.46.6.172&#xA;Sep 19 07:27:50.677: INFO: &#xA;Logging pods the kubelet thinks is on node 10.46.6.172&#xA;Sep 19 07:27:50.698: INFO: audit-logging-fluentd-ds-8bh4t started at 2018-09-17 07:18:46 +0000 UTC (0+1 container statuses recorded)&#xA;Sep 19 07:27:50.698: INFO: &#x9;Container fluentd ready: true, restart count 0&#xA;Sep 19 07:27:50.698: INFO: vulnerability-advisor-live-crawler-84st2 started at 2018-09-17 07:19:03 +0000 UTC (0+1 container statuses recorded)&#xA;Sep 19 07:27:50.698: INFO: &#x9;Container live-crawler ready: true, restart count 0&#xA;Sep 19 07:27:50.698: INFO: vulnerability-advisor-process-ma-annotator-58f47d5b5f-xbxrc started at 2018-09-17 07:19:06 +0000 UTC (0+2 container statuses recorded)&#xA;Sep 19 07:27:50.698: INFO: &#x9;Container icp-audit-service ready: true, restart count 0&#xA;Sep 19 07:27:50.698: INFO: &#x9;Container process-ma-annotator ready: true, restart count 2&#xA;Sep 19 07:27:50.698: INFO: vulnerability-advisor-compliance-indexer-7cbdc64b57-47lmd started at 2018-09-17 07:19:07 +0000 UTC (0+1 container statuses recorded)&#xA;Sep 19 07:27:50.698: INFO: &#x9;Container py-compliance-indexer ready: true, restart count 0&#xA;Sep 19 07:27:50.698: INFO: vulnerability-advisor-minio-cleaner-1537228740-55f4w started at 2018-09-17 23:59:03 +0000 UTC (0+1 container statuses recorded)&#xA;Sep 19 07:27:50.698: INFO: &#x9;Container cleaner ready: false, restart count 0&#xA;Sep 19 07:27:50.698: INFO: vulnerability-advisor-rootkit-indexer-cd8b4646b-xlhwq started at 2018-09-17 07:19:07 +0000 UTC (0+1 container statuses recorded)&#xA;Sep 19 07:27:50.698: INFO: &#x9;Container py-rootkit-indexer ready: true, restart count 0&#xA;Sep 19 07:27:50.698: INFO: vulnerability-advisor-secconfig-indexer-674647df7c-qq5ff started at 2018-09-17 07:19:07 +0000 UTC (0+1 container statuses recorded)&#xA;Sep 19 07:27:50.698: INFO: &#x9;Container py-secconfig-indexer ready: true, restart count 0&#xA;Sep 19 07:27:50.698: INFO: k8s-proxy-10.46.6.172 started at &lt;nil&gt; (0+0 container statuses recorded)&#xA;Sep 19 07:27:50.698: INFO: vulnerability-advisor-process-ma-crawler-24z6k started at 2018-09-17 07:19:03 +0000 UTC (0+1 container statuses recorded)&#xA;Sep 19 07:27:50.698: INFO: &#x9;Container process-ma-crawler ready: true, restart count 0&#xA;Sep 19 07:27:50.698: INFO: vulnerability-advisor-config-parser-5d44b78fd5-z4k9t started at 2018-09-17 07:19:04 +0000 UTC (0+1 container statuses recorded)&#xA;Sep 19 07:27:50.698: INFO: &#x9;Container config-parser ready: true, restart count 4&#xA;Sep 19 07:27:50.698: INFO: vulnerability-advisor-notification-dispatcher-86f8bf4b4d-cfdzb started at 2018-09-17 07:19:04 +0000 UTC (0+1 container statuses recorded)&#xA;Sep 19 07:27:50.699: INFO: &#x9;Container notification-dispatcher ready: true, restart count 3&#xA;Sep 19 07:27:50.699: INFO: vulnerability-advisor-process-ma-annotator-init-869545d547nn27w started at 2018-09-17 07:19:06 +0000 UTC (0+1 container statuses recorded)&#xA;Sep 19 07:27:50.699: INFO: &#x9;Container process-ma-annotator ready: true, restart count 0&#xA;Sep 19 07:27:50.699: INFO: vulnerability-advisor-process-ma-annotator-58f47d5b5f-4wglg started at 2018-09-17 07:19:06 +0000 UTC (0+2 container statuses recorded)&#xA;Sep 19 07:27:50.699: INFO: &#x9;Container icp-audit-service ready: true, restart count 0&#xA;Sep 19 07:27:50.699: INFO: &#x9;Container process-ma-annotator ready: true, restart count 1&#xA;Sep 19 07:27:50.699: INFO: vulnerability-advisor-registry-crawler-6f9568677b-bfpm6 started at 2018-09-17 07:19:08 +0000 UTC (0+1 container statuses recorded)&#xA;Sep 19 07:27:50.699: INFO: &#x9;Container reg-crawler ready: true, restart count 0&#xA;Sep 19 07:27:50.699: INFO: vulnerability-advisor-minio-cleaner-1537315140-nqk7v started at 2018-09-18 23:59:04 +0000 UTC (0+1 container statuses recorded)&#xA;Sep 19 07:27:50.699: INFO: &#x9;Container cleaner ready: false, restart count 0&#xA;Sep 19 07:27:50.699: INFO: vulnerability-advisor-ma-file-annotator-6b95df8886-jtczz started at 2018-09-17 07:19:04 +0000 UTC (0+2 container statuses recorded)&#xA;Sep 19 07:27:50.699: INFO: &#x9;Container icp-audit-service ready: true, restart count 0&#xA;Sep 19 07:27:50.699: INFO: &#x9;Container vulnerability-advisor-ma-file-annotator ready: true, restart count 1&#xA;Sep 19 07:27:50.699: INFO: vulnerability-advisor-sas-apiserver-5fd8d44bc9-7bvkn started at 2018-09-17 07:19:09 +0000 UTC (0+3 container statuses recorded)&#xA;Sep 19 07:27:50.699: INFO: &#x9;Container icp-audit-service ready: true, restart count 0&#xA;Sep 19 07:27:50.699: INFO: &#x9;Container sas-api-server ready: true, restart count 0&#xA;Sep 19 07:27:50.699: INFO: &#x9;Container sas-proxy-server ready: true, restart count 0&#xA;Sep 19 07:27:50.699: INFO: vulnerability-advisor-zookeeper-0 started at 2018-09-17 07:19:15 +0000 UTC (0+1 container statuses recorded)&#xA;Sep 19 07:27:50.699: INFO: &#x9;Container zookeeper-server ready: true, restart count 0&#xA;Sep 19 07:27:50.699: INFO: vulnerability-advisor-compliance-annotator-d5659b9d9-kmn8q started at 2018-09-17 07:19:03 +0000 UTC (0+1 container statuses recorded)&#xA;Sep 19 07:27:50.699: INFO: &#x9;Container compliance-annotator ready: true, restart count 4&#xA;Sep 19 07:27:50.699: INFO: vulnerability-advisor-rootkit-annotator-74cb65b5cf-2dk5j started at 2018-09-17 07:19:08 +0000 UTC (0+1 container statuses recorded)&#xA;Sep 19 07:27:50.699: INFO: &#x9;Container rootkit-annotator ready: true, restart count 3&#xA;Sep 19 07:27:50.699: INFO: vulnerability-advisor-sas-mgmt-64fb95bc44-j9vjc started at 2018-09-17 07:19:08 +0000 UTC (0+1 container statuses recorded)&#xA;Sep 19 07:27:50.699: INFO: &#x9;Container sas-mgmt-server ready: true, restart count 0&#xA;Sep 19 07:27:50.699: INFO: monitoring-prometheus-nodeexporter-v4l7d started at 2018-09-17 07:15:44 +0000 UTC (0+2 container statuses recorded)&#xA;Sep 19 07:27:50.699: INFO: &#x9;Container nodeexporter ready: true, restart count 0&#xA;Sep 19 07:27:50.699: INFO: &#x9;Container router ready: true, restart count 0&#xA;Sep 19 07:27:50.699: INFO: vulnerability-advisor-vulnerability-indexer-7c79b4c964-2n8cg started at 2018-09-17 07:19:07 +0000 UTC (0+1 container statuses recorded)&#xA;Sep 19 07:27:50.699: INFO: &#x9;Container py-vulnerability-indexer ready: true, restart count 0&#xA;Sep 19 07:27:50.699: INFO: vulnerability-advisor-secconfig-annotator-7dbcf5d9f4-fkmkb started at 2018-09-17 07:19:10 +0000 UTC (0+1 container statuses recorded)&#xA;Sep 19 07:27:50.699: INFO: &#x9;Container secconfig-annotator ready: true, restart count 0&#xA;Sep 19 07:27:50.699: INFO: vulnerability-advisor-statsd-7746859df4-jjm6f started at 2018-09-17 07:19:10 +0000 UTC (0+1 container statuses recorded)&#xA;Sep 19 07:27:50.699: INFO: &#x9;Container statsd ready: true, restart count 0&#xA;Sep 19 07:27:50.699: INFO: vulnerability-advisor-usncrawler-8h976 started at 2018-09-17 07:19:11 +0000 UTC (0+1 container statuses recorded)&#xA;Sep 19 07:27:50.699: INFO: &#x9;Container usnloader-job ready: false, restart count 0&#xA;Sep 19 07:27:50.699: INFO: calico-node-wsknj started at 2018-09-17 07:05:53 +0000 UTC (0+2 container statuses recorded)&#xA;Sep 19 07:27:50.699: INFO: &#x9;Container calico-node ready: true, restart count 0&#xA;Sep 19 07:27:50.699: INFO: &#x9;Container install-cni ready: true, restart count 0&#xA;Sep 19 07:27:50.699: INFO: vulnerability-advisor-cos-indexer-57899b7dd6-7cpf8 started at 2018-09-17 07:19:04 +0000 UTC (0+1 container statuses recorded)&#xA;Sep 19 07:27:50.699: INFO: &#x9;Container cos-indexer ready: true, restart count 3&#xA;Sep 19 07:27:50.699: INFO: vulnerability-advisor-kafka-0 started at 2018-09-17 07:19:13 +0000 UTC (0+1 container statuses recorded)&#xA;Sep 19 07:27:50.699: INFO: &#x9;Container kafka-server ready: true, restart count 2&#xA;Sep 19 07:27:50.699: INFO: nvidia-device-plugin-w9jr8 started at 2018-09-17 07:07:17 +0000 UTC (1+1 container statuses recorded)&#xA;Sep 19 07:27:50.699: INFO: &#x9;Init container nvidia-driver-collector ready: true, restart count 0&#xA;Sep 19 07:27:50.699: INFO: &#x9;Container nvidia-device-plugin ready: true, restart count 0&#xA;Sep 19 07:27:50.699: INFO: metering-reader-gsrdg started at 2018-09-17 07:14:11 +0000 UTC (1+1 container statuses recorded)&#xA;Sep 19 07:27:50.699: INFO: &#x9;Init container metering-reader-init ready: true, restart count 1&#xA;Sep 19 07:27:50.699: INFO: &#x9;Container metering-reader ready: true, restart count 0&#xA;Sep 19 07:27:50.699: INFO: logging-elk-filebeat-ds-vpk48 started at 2018-09-17 07:15:20 +0000 UTC (0+1 container statuses recorded)&#xA;Sep 19 07:27:50.699: INFO: &#x9;Container filebeat ready: true, restart count 0&#xA;Sep 19 07:27:50.699: INFO: vulnerability-advisor-password-annotator-79b5d794b5-wnwqn started at 2018-09-17 07:19:05 +0000 UTC (0+1 container statuses recorded)&#xA;Sep 19 07:27:50.699: INFO: &#x9;Container config-parser ready: true, restart count 3&#xA;Sep 19 07:27:50.699: INFO: vulnerability-advisor-vulnerability-annotator-bcbf5595f-hxwst started at 2018-09-17 07:19:10 +0000 UTC (0+1 container statuses recorded)&#xA;Sep 19 07:27:50.699: INFO: &#x9;Container va-annotator ready: true, restart count 3&#xA;Sep 19 07:27:50.699: INFO: vulnerability-advisor-minio-0 started at 2018-09-17 07:19:16 +0000 UTC (1+1 container statuses recorded)&#xA;Sep 19 07:27:50.699: INFO: &#x9;Init container wait-kafka ready: true, restart count 1&#xA;Sep 19 07:27:50.699: INFO: &#x9;Container minio-server ready: true, restart count 0&#xA;Sep 19 07:27:50.741: INFO: &#xA;Latency metrics for node 10.46.6.172&#xA;Sep 19 07:27:50.741: INFO: &#xA;Logging node info for node 10.46.6.173&#xA;Sep 19 07:27:50.746: INFO: Node Info: &amp;Node{ObjectMeta:k8s_io_apimachinery_pkg_apis_meta_v1.ObjectMeta{Name:10.46.6.173,GenerateName:,Namespace:,SelfLink:/api/v1/nodes/10.46.6.173,UID:3dc7268b-ba44-11e8-b20e-fa163e707b2e,ResourceVersion:454260,Generation:0,CreationTimestamp:2018-09-17 06:38:09 +0000 UTC,DeletionTimestamp:&lt;nil&gt;,DeletionGracePeriodSeconds:nil,Labels:map[string]string{beta.kubernetes.io/arch: amd64,beta.kubernetes.io/os: linux,etcd: true,kubernetes.io/hostname: 10.46.6.173,master: true,node-role.kubernetes.io/etcd: true,node-role.kubernetes.io/master: true,node-role.kubernetes.io/proxy: true,proxy: true,role: master,},Annotations:map[string]string{node.alpha.kubernetes.io/ttl: 0,volumes.kubernetes.io/controller-managed-attach-detach: true,},OwnerReferences:[],Finalizers:[],ClusterName:,Initializers:nil,},Spec:NodeSpec{PodCIDR:,DoNotUse_ExternalID:,ProviderID:,Unschedulable:false,Taints:[{dedicated proxy NoSchedule &lt;nil&gt;}],ConfigSource:nil,},Status:NodeStatus{Capacity:ResourceList{cpu: {{32 0} {&lt;nil&gt;} 32 DecimalSI},ephemeral-storage: {{107362627584 0} {&lt;nil&gt;} 104846316Ki BinarySI},hugepages-1Gi: {{0 0} {&lt;nil&gt;} 0 DecimalSI},hugepages-2Mi: {{0 0} {&lt;nil&gt;} 0 DecimalSI},memory: {{135202160640 0} {&lt;nil&gt;}  BinarySI},pods: {{320 0} {&lt;nil&gt;} 320 DecimalSI},},Allocatable:ResourceList{cpu: {{32 0} {&lt;nil&gt;} 32 DecimalSI},ephemeral-storage: {{107257769984 0} {&lt;nil&gt;} 104743916Ki BinarySI},hugepages-1Gi: {{0 0} {&lt;nil&gt;} 0 DecimalSI},hugepages-2Mi: {{0 0} {&lt;nil&gt;} 0 DecimalSI},memory: {{135097303040 0} {&lt;nil&gt;}  BinarySI},pods: {{320 0} {&lt;nil&gt;} 320 DecimalSI},},Phase:,Conditions:[{OutOfDisk False 2018-09-19 07:27:47 +0000 UTC 2018-09-17 06:38:09 +0000 UTC KubeletHasSufficientDisk kubelet has sufficient disk space available} {MemoryPressure False 2018-09-19 07:27:47 +0000 UTC 2018-09-17 06:38:09 +0000 UTC KubeletHasSufficientMemory kubelet has sufficient memory available} {DiskPressure False 2018-09-19 07:27:47 +0000 UTC 2018-09-17 06:38:09 +0000 UTC KubeletHasNoDiskPressure kubelet has no disk pressure} {PIDPressure False 2018-09-19 07:27:47 +0000 UTC 2018-09-17 06:38:09 +0000 UTC KubeletHasSufficientPID kubelet has sufficient PID available} {Ready True 2018-09-19 07:27:47 +0000 UTC 2018-09-17 07:06:09 +0000 UTC KubeletReady kubelet is posting ready status}],Addresses:[{InternalIP 10.46.6.173} {Hostname 10.46.6.173}],DaemonEndpoints:NodeDaemonEndpoints{KubeletEndpoint:DaemonEndpoint{Port:10250,},},NodeInfo:NodeSystemInfo{MachineID:52ca0d2c3fb341c79b059a96d10571a6,SystemUUID:DA83D170-F88E-40EB-A0A3-2918CD5F6005,BootID:806b09ea-0a42-4719-bbaa-13e375c7b62f,KernelVersion:3.10.0-862.9.1.el7.x86_64,OSImage:Red Hat Enterprise Linux,ContainerRuntimeVersion:docker://18.3.1,KubeletVersion:v1.11.1+icp-ee,KubeProxyVersion:v1.11.1+icp-ee,OperatingSystem:linux,Architecture:amd64,},Images:[{[lzj.icp:8500/ibmcom/statsd-amd64@sha256:5ee11bc24bced45a77d9d630348680f319c09d9d3b2230b04518d1e2a5263ae2 lzj.icp:8500/ibmcom/statsd-amd64:0.7.2.1 lzj.icp:8500/ibmcom/statsd:0.7.2.1] 1234731808} {[lzj.icp:8500/ibmcom/kafka-amd64@sha256:0d6d348ccd7aa2854d60791331280e58db92029a522c8bfb3eb40c7c0913ca8f lzj.icp:8500/ibmcom/kafka-amd64:0.10.0.2 lzj.icp:8500/ibmcom/kafka:0.10.0.2] 1114805679} {[lzj.icp:8500/ibmcom/iam-token-service-amd64@sha256:9211161e5b5b9d892a99b46fad4429333ceb7143b4039419df7ea0efa36381a9 lzj.icp:8500/ibmcom/iam-token-service-amd64:3.1.0 lzj.icp:8500/ibmcom/iam-token-service:3.1.0] 1051060152} {[lzj.icp:8500/ibmcom/icp-platform-auth-amd64@sha256:abc258009b8696a83214b7a9d9df63f6d83e19cfca2987c4836b0eadfa4c99c7 lzj.icp:8500/ibmcom/icp-platform-auth-amd64:3.1.0 lzj.icp:8500/ibmcom/icp-platform-auth:3.1.0] 1028283742} {[lzj.icp:8500/ibmcom/reg-crawler-amd64@sha256:9e5d4ebbac3dd6cbf9f892b5bd634f89fae3d4b2e6a23debd3ecd322e3eb817e lzj.icp:8500/ibmcom/reg-crawler-amd64:1.3.1 lzj.icp:8500/ibmcom/reg-crawler:1.3.1] 1007817363} {[lzj.icp:8500/ibmcom/live-crawler-amd64@sha256:37a79ec87bd3c8b9af25cf1e25f4f14281ffb9f5ebeaf61c0b7c8a5799baf782 lzj.icp:8500/ibmcom/live-crawler-amd64:1.3.1 lzj.icp:8500/ibmcom/live-crawler:1.3.1] 987515538} {[lzj.icp:8500/ibmcom/cos-indexer-amd64@sha256:adf28ff960ebdcbfcfa5e4522b81aa3565338f8d640dad611a1c3f0d3894393b lzj.icp:8500/ibmcom/cos-indexer-amd64:1.3.1 lzj.icp:8500/ibmcom/cos-indexer:1.3.1] 846578165} {[lzj.icp:8500/ibmcom/secure-config-annotator-amd64@sha256:26e845c6a252e0c5ae73e764645993b3270e289d1a2e9784b06ddd7898ca45d9 lzj.icp:8500/ibmcom/secure-config-annotator-amd64:1.3.1 lzj.icp:8500/ibmcom/secure-config-annotator:1.3.1] 835555196} {[lzj.icp:8500/ibmcom/hyperkube-amd64@sha256:9eaadf7c2a417ee2a9a219e2eadf21884742199a484be2ca737f0e8a178d490a lzj.icp:8500/ibmcom/hyperkube-amd64:v1.11.1-ee lzj.icp:8500/ibmcom/hyperkube:v1.11.1-ee] 782626408} {[lzj.icp:8500/ibmcom/compliance-annotator-amd64@sha256:5d8bbbef3a7dc54ba9addb256d2aa8a3f7d5c27a454ff4b7ee583b217dac2ce4 lzj.icp:8500/ibmcom/compliance-annotator-amd64:1.3.1 lzj.icp:8500/ibmcom/compliance-annotator:1.3.1] 773932738} {[lzj.icp:8500/ibmcom/icp-logstash-amd64@sha256:02a683ee6ad9eeed7ea8ebb1de713aaf902a9e20a39ccc0294ee1f947f1bbd73 lzj.icp:8500/ibmcom/icp-logstash-amd64:5.5.1 lzj.icp:8500/ibmcom/icp-logstash:5.5.1] 764906887} {[lzj.icp:8500/ibmcom/process-ma-hf-amd64@sha256:ef0d164350d07600f8037082db7d98cf81b9c554d8a60692ae90b8d0239a8cdc lzj.icp:8500/ibmcom/process-ma-hf-amd64:1.3.1 lzj.icp:8500/ibmcom/process-ma-hf:1.3.1] 758635128} {[lzj.icp:8500/ibmcom/vulnerability-annotator-amd64@sha256:febedf85b65e0d1800e67249274d474d4ce67e8041e81487f76bce727cb39bd4 lzj.icp:8500/ibmcom/vulnerability-annotator-amd64:1.3.1 lzj.icp:8500/ibmcom/vulnerability-annotator:1.3.1] 757013017} {[lzj.icp:8500/ibmcom/py-generic-indexer-amd64@sha256:45cb17e23e15f4dfe44471309af12f0655aad5f8e859c718f393290f220b02b2 lzj.icp:8500/ibmcom/py-generic-indexer-amd64:1.3.1 lzj.icp:8500/ibmcom/py-generic-indexer:1.3.1] 755588945} {[lzj.icp:8500/ibmcom/icp-inception-amd64@sha256:1dad180d14ae732d17ca5cf41b87dbb316c072323f186d60a08a753f904eb5b2 ibmcom/icp-inception-amd64:3.1.0-ee lzj.icp:8500/ibmcom/icp-inception-amd64:3.1.0-ee lzj.icp:8500/ibmcom/icp-inception:3.1.0-ee] 744155119} {[lzj.icp:8500/ibmcom/config-parser-amd64@sha256:7d721e0b5a827921ac16fa9e7570db225211e6dd700cdeaba1d28ba02ff8ef6d lzj.icp:8500/ibmcom/config-parser-amd64:1.3.1 lzj.icp:8500/ibmcom/config-parser:1.3.1] 739243486} {[lzj.icp:8500/ibmcom/iam-policy-administration-amd64@sha256:e1941aa09a5b692505cb3be3e497d3ff9acb900786b9a2c8c4c00d0243b37dd0 lzj.icp:8500/ibmcom/iam-policy-administration-amd64:3.1.0 lzj.icp:8500/ibmcom/iam-policy-administration:3.1.0] 711947327} {[lzj.icp:8500/ibmcom/password-annotator-amd64@sha256:bca1b6b222d8ea8ade174a8cc1a549f161d75d3e9d69881f08a1fb316a8e27d3 lzj.icp:8500/ibmcom/password-annotator-amd64:1.3.1 lzj.icp:8500/ibmcom/password-annotator:1.3.1] 707627907} {[lzj.icp:8500/ibmcom/notification-dispatcher-amd64@sha256:ec8dfbc351a0d758488f9f8bfa17c3182a5c02819a6ebf7144ab914a2233cf57 lzj.icp:8500/ibmcom/notification-dispatcher-amd64:1.3.1 lzj.icp:8500/ibmcom/notification-dispatcher:1.3.1] 707588442} {[lzj.icp:8500/ibmcom/sas-base-amd64@sha256:9651b1149c62d5a0968aaeffe71f2da68cd7e07ff8d7ea67538278c00ab08457 lzj.icp:8500/ibmcom/sas-base-amd64:1.3.1 lzj.icp:8500/ibmcom/sas-base:1.3.1] 653746081} {[lzj.icp:8500/ibmcom/ma-file-annotator-amd64@sha256:8caa6280fd845fd524ad874a6b243510ebf085d58c989229020fcfc743492632 lzj.icp:8500/ibmcom/ma-file-annotator-amd64:1.3.1 lzj.icp:8500/ibmcom/ma-file-annotator:1.3.1] 653745236} {[lzj.icp:8500/ibmcom/icp-kibana-amd64@sha256:8b69887ac5297e1d2e68b9c2ce885b9a888f6c278ca1538acb0f03206b48502a lzj.icp:8500/ibmcom/icp-kibana-amd64:5.5.1 lzj.icp:8500/ibmcom/icp-kibana:5.5.1] 639622018} {[lzj.icp:8500/ibmcom/icp-platform-api-amd64@sha256:1fc47925c2611aef12631b3f3806308f55a298074aebc561fd04cf8a7691c669 lzj.icp:8500/ibmcom/icp-platform-api-amd64:3.1.0 lzj.icp:8500/ibmcom/icp-platform-api:3.1.0] 612589125} {[lzj.icp:8500/ibmcom/iam-policy-decision-amd64@sha256:d49eb3845c57bb8370a477949d92da10a178b81ade50f0e9d970981fadd6686d lzj.icp:8500/ibmcom/iam-policy-decision-amd64:3.1.0 lzj.icp:8500/ibmcom/iam-policy-decision:3.1.0] 559718344} {[lzj.icp:8500/ibmcom/rootkit-annotator-amd64@sha256:caf6c24136b8785d901f346a640d673b55fe105c3617cfcb432ee2006f5b1cf4 lzj.icp:8500/ibmcom/rootkit-annotator-amd64:1.3.1 lzj.icp:8500/ibmcom/rootkit-annotator:1.3.1] 549434506} {[lzj.icp:8500/ibmcom/icp-elasticsearch-amd64@sha256:0063a7a931ca4e52d8f7a51f2bdb010345f4373b5b904b52e5c8a48ec0c1fde7 lzj.icp:8500/ibmcom/icp-elasticsearch-amd64:5.5.1 lzj.icp:8500/ibmcom/icp-elasticsearch:5.5.1] 520121248} {[lzj.icp:8500/ibmcom/logging-pki-init-amd64@sha256:cc4bfa085e1ae99120ee526acd3e62d205e10de6f1c773c521fc5b933914f6a8 lzj.icp:8500/ibmcom/logging-pki-init-amd64:2.0.0 lzj.icp:8500/ibmcom/logging-pki-init:2.0.0] 501921135} {[lzj.icp:8500/ibmcom/searchguard-init-amd64@sha256:d19ce1d27f406945d4ed78b0f07007998c2ab3889086e502924847c2186db546 lzj.icp:8500/ibmcom/searchguard-init-amd64:2.0.0 lzj.icp:8500/ibmcom/searchguard-init:2.0.0] 457030441} {[lzj.icp:8500/ibmcom/metering-ui-amd64@sha256:3628a8fe41183c08ea0b02e2e798e3649e4aebe2c2405c34572b9eb7c7c4d9a8 lzj.icp:8500/ibmcom/metering-ui-amd64:3.1.0 lzj.icp:8500/ibmcom/metering-ui:3.1.0] 385577105} {[lzj.icp:8500/ibmcom/heketi-amd64@sha256:c5b579a4f219c87990f861eb61de86cb9cfb51b6d230b8c299df7d9fd3d02d0e lzj.icp:8500/ibmcom/heketi-amd64:v7.0.0 lzj.icp:8500/ibmcom/heketi:v7.0.0] 384720377} {[lzj.icp:8500/ibmcom/icp-mongodb-amd64@sha256:a305ae8bc309898d86bf60aee968846db3602f77b25924640d5f08a2389ee99d lzj.icp:8500/ibmcom/icp-mongodb-amd64:3.1.0 lzj.icp:8500/ibmcom/icp-mongodb:3.1.0] 379353410} {[lzj.icp:8500/ibmcom/icp-catalog-ui-amd64@sha256:33993b4eab189e3c78fe27799017da770d47523cf6831460741008bf91297d6d lzj.icp:8500/ibmcom/icp-catalog-ui-amd64:3.1.0 lzj.icp:8500/ibmcom/icp-catalog-ui:3.1.0] 363781304} {[lzj.icp:8500/ibmcom/nginx-ingress-controller-amd64@sha256:63b48dd3ba635aa65409f7d6a319e293697810c1b9e885e6255bebf36a2506ab lzj.icp:8500/ibmcom/nginx-ingress-controller-amd64:0.16.2 lzj.icp:8500/ibmcom/nginx-ingress-controller:0.16.2] 361632894} {[lzj.icp:8500/ibmcom/mariadb-amd64@sha256:1f9876179c32fcf463804f75cbf2fb031106edf2be9d5dbf6705375ca53930bb lzj.icp:8500/ibmcom/mariadb-amd64:10.2.17 lzj.icp:8500/ibmcom/mariadb:10.2.17] 358991946} {[lzj.icp:8500/ibmcom/k8szk-amd64@sha256:a9ee22a4df14654552a02303e4560623244683692fd298dd2fb71e9dd66219f3 lzj.icp:8500/ibmcom/k8szk-amd64:v3 lzj.icp:8500/ibmcom/k8szk:v3] 331472973} {[lzj.icp:8500/ibmcom/gluster-amd64@sha256:647caedb536eb7b8c5c8b0a2b69e52d2a34be9e6c9c7b9c1b21d14fcfa261886 lzj.icp:8500/ibmcom/gluster-amd64:v4.0.2 lzj.icp:8500/ibmcom/gluster:v4.0.2] 324265531} {[lzj.icp:8500/ibmcom/istio-grafana-amd64@sha256:381a2dd3a5addbc5d43920bc19bb15ba6dbd422e4a9d91163108e72c5a63234c lzj.icp:8500/ibmcom/istio-grafana-amd64:1.0.0.1 lzj.icp:8500/ibmcom/istio-grafana:1.0.0.1] 324187770} {[lzj.icp:8500/ibmcom/icp-filebeat-amd64@sha256:03af9b78dad6c2ba857975d10c81e781460796dff1ff1163ea4596f4aa10601d lzj.icp:8500/ibmcom/icp-filebeat-amd64:5.5.1 lzj.icp:8500/ibmcom/icp-filebeat:5.5.1] 317104874} {[lzj.icp:8500/ibmcom/istio-proxyv2-amd64@sha256:cd77e75fa85ce74914e1b7b0bef980ece8a62ef0d776c9ef51a0d7d30b4b64a0 lzj.icp:8500/ibmcom/istio-proxyv2-amd64:1.0.0.1 lzj.icp:8500/ibmcom/istio-proxyv2:1.0.0.1] 311276139} {[lzj.icp:8500/ibmcom/istio-pilot-amd64@sha256:63352073a964037fd37f6150228231d2e5eca7e0c2920405d6269326d3c54263 lzj.icp:8500/ibmcom/istio-pilot-amd64:1.0.0.1 lzj.icp:8500/ibmcom/istio-pilot:1.0.0.1] 309502004} {[lzj.icp:8500/ibmcom/fluentd-amd64@sha256:384a99b8d941c93f96ee5b5cbae5b70500219a3f71c73cf4eddd20d9d693e3b3 lzj.icp:8500/ibmcom/fluentd-amd64:v1.2.2-icp lzj.icp:8500/ibmcom/fluentd:v1.2.2-icp] 270902701} {[lzj.icp:8500/ibmcom/icp-identity-manager-amd64@sha256:632f31acd0fcfc3d0cebea31cfb71018f6712bd1a1b4da7476942b3c23aa3521 lzj.icp:8500/ibmcom/icp-identity-manager-amd64:3.1.0 lzj.icp:8500/ibmcom/icp-identity-manager:3.1.0] 268667523} {[lzj.icp:8500/ibmcom/elasticsearch-plugin-searchguard-amd64@sha256:28f88d06bbbc073162702064c1be4ad06272e9021cbc0f929ba8c6da2ca25ae6 lzj.icp:8500/ibmcom/elasticsearch-plugin-searchguard-amd64:2.0.0 lzj.icp:8500/ibmcom/elasticsearch-plugin-searchguard:2.0.0] 267864279} {[lzj.icp:8500/ibmcom/kiali-amd64@sha256:bec63b454cf2e597c61f6a9943144050e5e6fc7a4f6474bc3bb6b627ba20c71c lzj.icp:8500/ibmcom/kiali-amd64:istio-release-1.0.0.1 lzj.icp:8500/ibmcom/kiali:istio-release-1.0.0.1] 265771300} {[lzj.icp:8500/ibmcom/calico-node-amd64@sha256:9871f4dde9eab9fd804b12f3114da36505ff5c220e2323b7434eec24e3b23ac5 lzj.icp:8500/ibmcom/calico-node-amd64:v3.1.3 lzj.icp:8500/ibmcom/calico-node:v3.1.3] 248202699} {[lzj.icp:8500/ibmcom/grafana-amd64@sha256:dc3566257a0c716caedfb33127d8ee385290c1dda006bebfb75c376d56b30c88 lzj.icp:8500/ibmcom/grafana-amd64:5.2.0 lzj.icp:8500/ibmcom/grafana:5.2.0] 245297582} {[lzj.icp:8500/ibmcom/indices-cleaner-amd64@sha256:e6c6453d54012488e9ebfaa9e4d829f567d8e66b24c1613e6d88ca192ed5e85b lzj.icp:8500/ibmcom/indices-cleaner-amd64:1.0.0 lzj.icp:8500/ibmcom/indices-cleaner:1.0.0] 238131553} {[lzj.icp:8500/ibmcom/icp-identity-provider-amd64@sha256:24dba8b07c8295eef99abbf8d83041908516e4e50e4e4cfbbbcd53bdf415dda1 lzj.icp:8500/ibmcom/icp-identity-provider-amd64:3.1.0 lzj.icp:8500/ibmcom/icp-identity-provider:3.1.0] 224286517} {[lzj.icp:8500/ibmcom/curl-amd64@sha256:aad05b4e4529f7e70516d8d3028cae6cd1d50de738ce164f2a532ce2470ac43f lzj.icp:8500/ibmcom/curl-amd64:4.0.0 lzj.icp:8500/ibmcom/curl:4.0.0] 221192597} {[lzj.icp:8500/ibmcom/icp-audit-service-amd64@sha256:9add202c06a43da647380c860d9139fa059701fe103c1f229281215bf99dbbd3 lzj.icp:8500/ibmcom/icp-audit-service-amd64:3.1.0 lzj.icp:8500/ibmcom/icp-audit-service:3.1.0] 215897363}],VolumesInUse:[],VolumesAttached:[],Config:&amp;NodeConfigStatus{Assigned:nil,Active:nil,LastKnownGood:nil,Error:,},},}&#xA;Sep 19 07:27:50.746: INFO: &#xA;Logging kubelet events for node 10.46.6.173&#xA;Sep 19 07:27:50.750: INFO: &#xA;Logging pods the kubelet thinks is on node 10.46.6.173&#xA;Sep 19 07:27:50.795: INFO: helm-api-fdd886877-6pwm8 started at 2018-09-17 07:16:36 +0000 UTC (0+3 container statuses recorded)&#xA;Sep 19 07:27:50.795: INFO: &#x9;Container audit-service ready: true, restart count 0&#xA;Sep 19 07:27:50.795: INFO: &#x9;Container helmapi ready: true, restart count 0&#xA;Sep 19 07:27:50.795: INFO: &#x9;Container rudder ready: true, restart count 0&#xA;Sep 19 07:27:50.795: INFO: istio-egressgateway-54448bcdbd-f4v6v started at 2018-09-17 07:17:29 +0000 UTC (0+1 container statuses recorded)&#xA;Sep 19 07:27:50.795: INFO: &#x9;Container istio-egressgateway ready: true, restart count 0&#xA;Sep 19 07:27:50.795: INFO: istio-citadel-77694dc965-mwqkp started at 2018-09-17 07:17:31 +0000 UTC (0+1 container statuses recorded)&#xA;Sep 19 07:27:50.795: INFO: &#x9;Container citadel ready: true, restart count 0&#xA;Sep 19 07:27:50.795: INFO: vulnerability-advisor-process-ma-crawler-96728 started at 2018-09-17 07:19:03 +0000 UTC (0+1 container statuses recorded)&#xA;Sep 19 07:27:50.795: INFO: &#x9;Container process-ma-crawler ready: true, restart count 0&#xA;Sep 19 07:27:50.795: INFO: istio-telemetry-8b5964dc7-rfswc started at 2018-09-17 07:19:39 +0000 UTC (0+2 container statuses recorded)&#xA;Sep 19 07:27:50.795: INFO: &#x9;Container istio-proxy ready: true, restart count 0&#xA;Sep 19 07:27:50.795: INFO: &#x9;Container mixer ready: true, restart count 0&#xA;Sep 19 07:27:50.795: INFO: nvidia-device-plugin-nh54k started at 2018-09-17 07:07:17 +0000 UTC (1+1 container statuses recorded)&#xA;Sep 19 07:27:50.795: INFO: &#x9;Init container nvidia-driver-collector ready: true, restart count 0&#xA;Sep 19 07:27:50.795: INFO: &#x9;Container nvidia-device-plugin ready: true, restart count 0&#xA;Sep 19 07:27:50.795: INFO: mariadb-0 started at 2018-09-17 07:08:38 +0000 UTC (0+1 container statuses recorded)&#xA;Sep 19 07:27:50.795: INFO: &#x9;Container mariadb ready: true, restart count 0&#xA;Sep 19 07:27:50.795: INFO: logging-elk-filebeat-ds-qf2vz started at 2018-09-17 07:15:20 +0000 UTC (0+1 container statuses recorded)&#xA;Sep 19 07:27:50.795: INFO: &#x9;Container filebeat ready: true, restart count 0&#xA;Sep 19 07:27:50.795: INFO: istio-ingressgateway-7bc96d6585-c58zx started at 2018-09-17 07:24:15 +0000 UTC (0+1 container statuses recorded)&#xA;Sep 19 07:27:50.795: INFO: &#x9;Container istio-ingressgateway ready: true, restart count 0&#xA;Sep 19 07:27:50.795: INFO: istio-policy-5b64d7fd64-5l2m9 started at 2018-09-17 07:31:07 +0000 UTC (0+2 container statuses recorded)&#xA;Sep 19 07:27:50.795: INFO: &#x9;Container istio-proxy ready: true, restart count 0&#xA;Sep 19 07:27:50.795: INFO: &#x9;Container mixer ready: true, restart count 0&#xA;Sep 19 07:27:50.795: INFO: platform-api-2fs4x started at 2018-09-17 07:08:45 +0000 UTC (0+2 container statuses recorded)&#xA;Sep 19 07:27:50.795: INFO: &#x9;Container audit-service ready: true, restart count 0&#xA;Sep 19 07:27:50.795: INFO: &#x9;Container platform-api ready: true, restart count 0&#xA;Sep 19 07:27:50.795: INFO: istio-telemetry-8b5964dc7-hcf6d started at 2018-09-17 07:17:29 +0000 UTC (0+2 container statuses recorded)&#xA;Sep 19 07:27:50.795: INFO: &#x9;Container istio-proxy ready: true, restart count 0&#xA;Sep 19 07:27:50.795: INFO: &#x9;Container mixer ready: true, restart count 0&#xA;Sep 19 07:27:50.795: INFO: istio-sidecar-injector-86d554f5f7-d57zk started at 2018-09-17 07:17:32 +0000 UTC (0+1 container statuses recorded)&#xA;Sep 19 07:27:50.795: INFO: &#x9;Container sidecar-injector-webhook ready: true, restart count 0&#xA;Sep 19 07:27:50.795: INFO: secret-watcher-5f59fcbc69-pfnfk started at 2018-09-17 07:18:05 +0000 UTC (0+1 container statuses recorded)&#xA;Sep 19 07:27:50.795: INFO: &#x9;Container secret-watcher ready: true, restart count 0&#xA;Sep 19 07:27:50.795: INFO: istio-telemetry-8b5964dc7-nw9kk started at 2018-09-17 07:23:11 +0000 UTC (0+2 container statuses recorded)&#xA;Sep 19 07:27:50.795: INFO: &#x9;Container istio-proxy ready: true, restart count 0&#xA;Sep 19 07:27:50.795: INFO: &#x9;Container mixer ready: true, restart count 0&#xA;Sep 19 07:27:50.795: INFO: calico-kube-controllers-dcb8cc97c-gtsqp started at 2018-09-17 07:05:53 +0000 UTC (0+1 container statuses recorded)&#xA;Sep 19 07:27:50.795: INFO: &#x9;Container calico-kube-controllers ready: true, restart count 0&#xA;Sep 19 07:27:50.795: INFO: icp-mongodb-0 started at 2018-09-17 07:07:42 +0000 UTC (2+1 container statuses recorded)&#xA;Sep 19 07:27:50.795: INFO: &#x9;Init container install ready: true, restart count 0&#xA;Sep 19 07:27:50.795: INFO: &#x9;Init container bootstrap ready: true, restart count 0&#xA;Sep 19 07:27:50.795: INFO: &#x9;Container icp-mongodb ready: true, restart count 0&#xA;Sep 19 07:27:50.795: INFO: catalog-ui-5rtkh started at 2018-09-17 07:15:57 +0000 UTC (0+1 container statuses recorded)&#xA;Sep 19 07:27:50.795: INFO: &#x9;Container catalog-ui ready: true, restart count 0&#xA;Sep 19 07:27:50.795: INFO: istio-policy-5b64d7fd64-jrlzt started at 2018-09-17 07:23:11 +0000 UTC (0+2 container statuses recorded)&#xA;Sep 19 07:27:50.795: INFO: &#x9;Container istio-proxy ready: true, restart count 0&#xA;Sep 19 07:27:50.795: INFO: &#x9;Container mixer ready: true, restart count 0&#xA;Sep 19 07:27:50.796: INFO: k8s-proxy-10.46.6.173 started at &lt;nil&gt; (0+0 container statuses recorded)&#xA;Sep 19 07:27:50.796: INFO: k8s-etcd-10.46.6.173 started at &lt;nil&gt; (0+0 container statuses recorded)&#xA;Sep 19 07:27:50.796: INFO: image-manager-0 started at 2018-09-17 06:38:56 +0000 UTC (0+2 container statuses recorded)&#xA;Sep 19 07:27:50.796: INFO: &#x9;Container icp-registry ready: true, restart count 0&#xA;Sep 19 07:27:50.796: INFO: &#x9;Container image-manager ready: true, restart count 0&#xA;Sep 19 07:27:50.796: INFO: platform-deploy-dbbks started at 2018-09-17 07:08:45 +0000 UTC (0+1 container statuses recorded)&#xA;Sep 19 07:27:50.796: INFO: &#x9;Container platform-deploy ready: true, restart count 0&#xA;Sep 19 07:27:50.796: INFO: auth-apikeys-x45mz started at 2018-09-17 07:10:12 +0000 UTC (0+1 container statuses recorded)&#xA;Sep 19 07:27:50.796: INFO: &#x9;Container auth-apikeys ready: true, restart count 0&#xA;Sep 19 07:27:50.796: INFO: istio-policy-5b64d7fd64-fb4bc started at 2018-09-17 07:27:37 +0000 UTC (0+2 container statuses recorded)&#xA;Sep 19 07:27:50.796: INFO: &#x9;Container istio-proxy ready: true, restart count 0&#xA;Sep 19 07:27:50.796: INFO: &#x9;Container mixer ready: true, restart count 0&#xA;Sep 19 07:27:50.796: INFO: istio-policy-5b64d7fd64-pt9z2 started at 2018-09-17 07:17:30 +0000 UTC (0+2 container statuses recorded)&#xA;Sep 19 07:27:50.796: INFO: &#x9;Container istio-proxy ready: true, restart count 0&#xA;Sep 19 07:27:50.796: INFO: &#x9;Container mixer ready: true, restart count 0&#xA;Sep 19 07:27:50.796: INFO: istio-policy-5b64d7fd64-z68j4 started at 2018-09-17 07:19:38 +0000 UTC (0+2 container statuses recorded)&#xA;Sep 19 07:27:50.796: INFO: &#x9;Container istio-proxy ready: true, restart count 0&#xA;Sep 19 07:27:50.796: INFO: &#x9;Container mixer ready: true, restart count 0&#xA;Sep 19 07:27:50.796: INFO: istio-ingressgateway-7bc96d6585-r98nr started at 2018-09-17 07:28:10 +0000 UTC (0+1 container statuses recorded)&#xA;Sep 19 07:27:50.796: INFO: &#x9;Container istio-ingressgateway ready: true, restart count 0&#xA;Sep 19 07:27:50.796: INFO: istio-egressgateway-54448bcdbd-lhh5c started at 2018-09-17 07:20:07 +0000 UTC (0+1 container statuses recorded)&#xA;Sep 19 07:27:50.796: INFO: &#x9;Container istio-egressgateway ready: true, restart count 0&#xA;Sep 19 07:27:50.796: INFO: istio-ingressgateway-7bc96d6585-4qnc5 started at 2018-09-17 07:24:14 +0000 UTC (0+1 container statuses recorded)&#xA;Sep 19 07:27:50.796: INFO: &#x9;Container istio-ingressgateway ready: true, restart count 0&#xA;Sep 19 07:27:50.796: INFO: auth-idp-kjpmx started at 2018-09-17 07:10:04 +0000 UTC (1+4 container statuses recorded)&#xA;Sep 19 07:27:50.796: INFO: &#x9;Init container init-mariadb ready: true, restart count 0&#xA;Sep 19 07:27:50.796: INFO: &#x9;Container icp-audit-service ready: true, restart count 0&#xA;Sep 19 07:27:50.796: INFO: &#x9;Container platform-auth-service ready: true, restart count 0&#xA;Sep 19 07:27:50.796: INFO: &#x9;Container platform-identity-manager ready: true, restart count 0&#xA;Sep 19 07:27:50.796: INFO: &#x9;Container platform-identity-provider ready: true, restart count 0&#xA;Sep 19 07:27:50.796: INFO: helm-repo-5649f57447-wwdn4 started at 2018-09-17 07:13:54 +0000 UTC (1+2 container statuses recorded)&#xA;Sep 19 07:27:50.796: INFO: &#x9;Init container helm-repo-init ready: true, restart count 0&#xA;Sep 19 07:27:50.796: INFO: &#x9;Container audit-service ready: true, restart count 0&#xA;Sep 19 07:27:50.796: INFO: &#x9;Container helm-repo ready: true, restart count 0&#xA;Sep 19 07:27:50.796: INFO: metering-reader-l7284 started at 2018-09-17 07:14:11 +0000 UTC (1+1 container statuses recorded)&#xA;Sep 19 07:27:50.796: INFO: &#x9;Init container metering-reader-init ready: true, restart count 0&#xA;Sep 19 07:27:50.796: INFO: &#x9;Container metering-reader ready: true, restart count 0&#xA;Sep 19 07:27:50.796: INFO: istio-statsd-prom-bridge-66cb69b666-p76m8 started at 2018-09-17 07:17:29 +0000 UTC (0+1 container statuses recorded)&#xA;Sep 19 07:27:50.796: INFO: &#x9;Container statsd-prom-bridge ready: true, restart count 0&#xA;Sep 19 07:27:50.796: INFO: servicegraph-85578d8fc6-m62z4 started at 2018-09-17 07:17:32 +0000 UTC (0+1 container statuses recorded)&#xA;Sep 19 07:27:50.796: INFO: &#x9;Container servicegraph ready: true, restart count 0&#xA;Sep 19 07:27:50.796: INFO: mgmt-repo-57dc689b74-tmp44 started at 2018-09-17 07:17:51 +0000 UTC (1+2 container statuses recorded)&#xA;Sep 19 07:27:50.796: INFO: &#x9;Init container mgmt-repo-init ready: true, restart count 0&#xA;Sep 19 07:27:50.796: INFO: &#x9;Container audit-service ready: true, restart count 0&#xA;Sep 19 07:27:50.796: INFO: &#x9;Container mgmt-repo ready: true, restart count 0&#xA;Sep 19 07:27:50.796: INFO: istio-telemetry-8b5964dc7-vjqbq started at 2018-09-17 07:27:36 +0000 UTC (0+2 container statuses recorded)&#xA;Sep 19 07:27:50.796: INFO: &#x9;Container istio-proxy ready: true, restart count 0&#xA;Sep 19 07:27:50.796: INFO: &#x9;Container mixer ready: true, restart count 0&#xA;Sep 19 07:27:50.796: INFO: istio-telemetry-8b5964dc7-9q67f started at 2018-09-17 07:31:08 +0000 UTC (0+2 container statuses recorded)&#xA;Sep 19 07:27:50.796: INFO: &#x9;Container istio-proxy ready: true, restart count 0&#xA;Sep 19 07:27:50.796: INFO: &#x9;Container mixer ready: true, restart count 0&#xA;Sep 19 07:27:50.796: INFO: service-catalog-controller-manager-5969cccf86-65phs started at 2018-09-17 07:08:21 +0000 UTC (0+1 container statuses recorded)&#xA;Sep 19 07:27:50.796: INFO: &#x9;Container controller-manager ready: true, restart count 0&#xA;Sep 19 07:27:50.796: INFO: auth-pap-qb5m2 started at 2018-09-17 07:10:20 +0000 UTC (0+1 container statuses recorded)&#xA;Sep 19 07:27:50.796: INFO: &#x9;Container auth-pap ready: true, restart count 0&#xA;Sep 19 07:27:50.796: INFO: istio-pilot-6cf9ccf474-kkb6j started at 2018-09-17 07:17:31 +0000 UTC (0+2 container statuses recorded)&#xA;Sep 19 07:27:50.796: INFO: &#x9;Container discovery ready: true, restart count 0&#xA;Sep 19 07:27:50.796: INFO: &#x9;Container istio-proxy ready: true, restart count 0&#xA;Sep 19 07:27:50.796: INFO: calico-node-m7d5t started at 2018-09-17 07:05:54 +0000 UTC (0+2 container statuses recorded)&#xA;Sep 19 07:27:50.796: INFO: &#x9;Container calico-node ready: true, restart count 0&#xA;Sep 19 07:27:50.796: INFO: &#x9;Container install-cni ready: true, restart count 0&#xA;Sep 19 07:27:50.796: INFO: ibm-cert-manager-cert-manager-74687f689b-7994r started at 2018-09-17 07:07:12 +0000 UTC (0+1 container statuses recorded)&#xA;Sep 19 07:27:50.796: INFO: &#x9;Container ibm-cert-manager ready: true, restart count 0&#xA;Sep 19 07:27:50.796: INFO: nginx-ingress-controller-h5z2v started at 2018-09-17 07:08:28 +0000 UTC (1+1 container statuses recorded)&#xA;Sep 19 07:27:50.796: INFO: &#x9;Init container sysctl ready: true, restart count 0&#xA;Sep 19 07:27:50.796: INFO: &#x9;Container nginx-ingress ready: true, restart count 0&#xA;Sep 19 07:27:50.796: INFO: istio-egressgateway-54448bcdbd-pjbtc started at 2018-09-17 07:28:34 +0000 UTC (0+1 container statuses recorded)&#xA;Sep 19 07:27:50.796: INFO: &#x9;Container istio-egressgateway ready: true, restart count 0&#xA;Sep 19 07:27:50.796: INFO: k8s-master-10.46.6.173 started at &lt;nil&gt; (0+0 container statuses recorded)&#xA;Sep 19 07:27:50.796: INFO: grafana-77676f44f7-c9wr6 started at 2018-09-17 07:17:28 +0000 UTC (0+1 container statuses recorded)&#xA;Sep 19 07:27:50.796: INFO: &#x9;Container grafana ready: true, restart count 1&#xA;Sep 19 07:27:50.796: INFO: security-onboarding-tkf79 started at 2018-09-17 07:18:12 +0000 UTC (0+1 container statuses recorded)&#xA;Sep 19 07:27:50.796: INFO: &#x9;Container security-onboarding ready: false, restart count 0&#xA;Sep 19 07:27:50.796: INFO: istio-egressgateway-54448bcdbd-xmkbc started at 2018-09-17 07:24:11 +0000 UTC (0+1 container statuses recorded)&#xA;Sep 19 07:27:50.796: INFO: &#x9;Container istio-egressgateway ready: true, restart count 0&#xA;Sep 19 07:27:50.796: INFO: tiller-deploy-6b58875cb-5l8kh started at 2018-09-17 07:05:28 +0000 UTC (0+1 container statuses recorded)&#xA;Sep 19 07:27:50.796: INFO: &#x9;Container tiller ready: true, restart count 0&#xA;Sep 19 07:27:50.796: INFO: unified-router-lkwnl started at 2018-09-17 07:15:31 +0000 UTC (0+1 container statuses recorded)&#xA;Sep 19 07:27:50.796: INFO: &#x9;Container unified-router ready: true, restart count 0&#xA;Sep 19 07:27:50.796: INFO: istio-ingressgateway-7bc96d6585-smf45 started at 2018-09-17 07:17:28 +0000 UTC (0+1 container statuses recorded)&#xA;Sep 19 07:27:50.796: INFO: &#x9;Container istio-ingressgateway ready: true, restart count 0&#xA;Sep 19 07:27:50.796: INFO: default-backend-54966589c4-4d47g started at 2018-09-17 07:08:29 +0000 UTC (0+1 container statuses recorded)&#xA;Sep 19 07:27:50.796: INFO: &#x9;Container default-backend ready: true, restart count 0&#xA;Sep 19 07:27:50.796: INFO: platform-ui-6fjgx started at 2018-09-17 07:14:34 +0000 UTC (0+1 container statuses recorded)&#xA;Sep 19 07:27:50.796: INFO: &#x9;Container platform-ui ready: true, restart count 0&#xA;Sep 19 07:27:50.796: INFO: monitoring-prometheus-nodeexporter-f84fv started at 2018-09-17 07:15:45 +0000 UTC (0+2 container statuses recorded)&#xA;Sep 19 07:27:50.796: INFO: &#x9;Container nodeexporter ready: true, restart count 0&#xA;Sep 19 07:27:50.796: INFO: &#x9;Container router ready: true, restart count 0&#xA;Sep 19 07:27:50.797: INFO: prometheus-6f98d89664-wh7pb started at 2018-09-17 07:17:31 +0000 UTC (0+1 container statuses recorded)&#xA;Sep 19 07:27:50.797: INFO: &#x9;Container prometheus ready: true, restart count 0&#xA;Sep 19 07:27:50.797: INFO: vulnerability-advisor-live-crawler-p6khc started at 2018-09-17 07:19:02 +0000 UTC (0+1 container statuses recorded)&#xA;Sep 19 07:27:50.797: INFO: &#x9;Container live-crawler ready: true, restart count 0&#xA;Sep 19 07:27:50.797: INFO: service-catalog-apiserver-967x9 started at 2018-09-17 07:08:20 +0000 UTC (0+1 container statuses recorded)&#xA;Sep 19 07:27:50.797: INFO: &#x9;Container apiserver ready: true, restart count 0&#xA;Sep 19 07:27:50.797: INFO: oidc-client-registration-szxrk started at 2018-09-17 07:10:05 +0000 UTC (0+1 container statuses recorded)&#xA;Sep 19 07:27:50.797: INFO: &#x9;Container oidc-client-registration ready: false, restart count 0&#xA;Sep 19 07:27:50.797: INFO: kiali-7f8c59df94-25qmq started at 2018-09-17 07:17:27 +0000 UTC (0+1 container statuses recorded)&#xA;Sep 19 07:27:50.797: INFO: &#x9;Container kiali ready: true, restart count 0&#xA;Sep 19 07:27:50.797: INFO: kube-dns-mwjc8 started at 2018-09-17 07:06:10 +0000 UTC (0+1 container statuses recorded)&#xA;Sep 19 07:27:50.797: INFO: &#x9;Container kube-dns ready: true, restart count 0&#xA;Sep 19 07:27:50.797: INFO: auth-pdp-tk2jm started at 2018-09-17 07:10:28 +0000 UTC (5+2 container statuses recorded)&#xA;Sep 19 07:27:50.797: INFO: &#x9;Init container init-auth-service ready: true, restart count 0&#xA;Sep 19 07:27:50.797: INFO: &#x9;Init container init-identity-provider ready: true, restart count 0&#xA;Sep 19 07:27:50.797: INFO: &#x9;Init container init-identity-manager ready: true, restart count 0&#xA;Sep 19 07:27:50.797: INFO: &#x9;Init container init-token-service ready: true, restart count 0&#xA;Sep 19 07:27:50.797: INFO: &#x9;Init container init-pap ready: true, restart count 0&#xA;Sep 19 07:27:50.797: INFO: &#x9;Container auth-pdp ready: true, restart count 0&#xA;Sep 19 07:27:50.797: INFO: &#x9;Container icp-audit-service ready: true, restart count 0&#xA;Sep 19 07:27:50.797: INFO: icp-management-ingress-x6qn8 started at 2018-09-17 07:10:36 +0000 UTC (0+1 container statuses recorded)&#xA;Sep 19 07:27:50.797: INFO: &#x9;Container icp-management-ingress ready: true, restart count 0&#xA;Sep 19 07:27:50.797: INFO: istio-egressgateway-54448bcdbd-cqlhf started at 2018-09-17 07:24:11 +0000 UTC (0+1 container statuses recorded)&#xA;Sep 19 07:27:50.797: INFO: &#x9;Container istio-egressgateway ready: true, restart count 0&#xA;Sep 19 07:27:50.797: INFO: heapster-69b486565b-nt26r started at 2018-09-17 07:13:48 +0000 UTC (0+1 container statuses recorded)&#xA;Sep 19 07:27:50.797: INFO: &#x9;Container heapster ready: true, restart count 0&#xA;Sep 19 07:27:50.797: INFO: istio-galley-687cd96db-hlpng started at 2018-09-17 07:17:28 +0000 UTC (0+1 container statuses recorded)&#xA;Sep 19 07:27:50.797: INFO: &#x9;Container validator ready: true, restart count 0&#xA;Sep 19 07:27:50.797: INFO: istio-tracing-77ccfc8844-79ngl started at 2018-09-17 07:17:32 +0000 UTC (0+1 container statuses recorded)&#xA;Sep 19 07:27:50.797: INFO: &#x9;Container jaeger ready: true, restart count 0&#xA;Sep 19 07:27:50.797: INFO: audit-logging-fluentd-ds-dhcg6 started at 2018-09-17 07:18:46 +0000 UTC (0+1 container statuses recorded)&#xA;Sep 19 07:27:50.797: INFO: &#x9;Container fluentd ready: true, restart count 0&#xA;Sep 19 07:27:50.797: INFO: istio-ingressgateway-7bc96d6585-m567m started at 2018-09-17 07:20:41 +0000 UTC (0+1 container statuses recorded)&#xA;Sep 19 07:27:50.797: INFO: &#x9;Container istio-ingressgateway ready: true, restart count 0&#xA;Sep 19 07:27:50.840: INFO: &#xA;Latency metrics for node 10.46.6.173&#xA;STEP: Dumping a list of prepulled images on each node to file /tmp/results/image-puller.txt&#xA;Sep 19 07:27:50.860: INFO: Waiting up to 3m0s for all (but 0) nodes to be ready&#xA;STEP: Destroying namespace &#34;e2e-tests-gc-54hkq&#34; for this suite.&#xA;Sep 19 07:27:56.890: INFO: Waiting up to 30s for server preferred namespaced resources to be successfully discovered&#xA;Sep 19 07:27:57.966: INFO: namespace: e2e-tests-gc-54hkq, resource: bindings, ignored listing per whitelist&#xA;Sep 19 07:27:58.812: INFO: namespace e2e-tests-gc-54hkq deletion completed in 7.945778842s&#xA;</system-out>
      </testcase>
      <testcase name="[sig-storage] Projected should provide podname only [NodeConformance] [Conformance]" classname="Kubernetes e2e suite" time="14.522246333"></testcase>
      <testcase name="[sig-auth] PodSecurityPolicy should forbid pod creation when no PSP is available" classname="Kubernetes e2e suite" time="0">
          <skipped></skipped>
      </testcase>
      <testcase name="[sig-cli] Kubectl client [k8s.io] Kubectl taint [Serial] should remove all the taints with the same key off a node" classname="Kubernetes e2e suite" time="0">
          <skipped></skipped>
      </testcase>
      <testcase name="[sig-cli] Kubectl client [k8s.io] Kubectl rolling-update should support rolling-update to same image  [Conformance]" classname="Kubernetes e2e suite" time="0">
          <skipped></skipped>
      </testcase>
      <testcase name="[sig-storage] PersistentVolumes-local  [Volume type: dir-bindmounted] One pod requesting one prebound PVC should be able to mount volume and write from pod1" classname="Kubernetes e2e suite" time="0">
          <skipped></skipped>
      </testcase>
      <testcase name="[sig-network] Loadbalancing: L7 GCE [Slow] [Feature:Ingress] should create ingress with backend HTTPS" classname="Kubernetes e2e suite" time="0">
          <skipped></skipped>
      </testcase>
      <testcase name="[sig-apps] DisruptionController evictions: maxUnavailable allow single eviction, percentage =&gt; should allow an eviction" classname="Kubernetes e2e suite" time="0">
          <skipped></skipped>
      </testcase>
      <testcase name="[sig-network] Networking Granular Checks: Services [Slow] should function for pod-Service: udp" classname="Kubernetes e2e suite" time="0">
          <skipped></skipped>
      </testcase>
      <testcase name="[sig-storage] Downward API volume should set mode on item file [NodeConformance] [Conformance]" classname="Kubernetes e2e suite" time="12.53929111"></testcase>
      <testcase name="[sig-network] Loadbalancing: L7 GCE [Slow] [Feature:NEG] should conform to Ingress spec" classname="Kubernetes e2e suite" time="0">
          <skipped></skipped>
      </testcase>
      <testcase name="[sig-autoscaling] Cluster size autoscaling [Slow] should increase cluster size if pending pods are small and one node is broken [Feature:ClusterSizeAutoscalingScaleUp]" classname="Kubernetes e2e suite" time="0">
          <skipped></skipped>
      </testcase>
      <testcase name="[k8s.io] PrivilegedPod [NodeConformance] should enable privileged commands" classname="Kubernetes e2e suite" time="0">
          <skipped></skipped>
      </testcase>
      <testcase name="[sig-storage] Subpath [Volume type: emptyDir] should support existing single file" classname="Kubernetes e2e suite" time="0">
          <skipped></skipped>
      </testcase>
      <testcase name="[sig-storage] [Serial] Volume metrics PVController should create unbound pvc count metrics for pvc controller after creating pvc only" classname="Kubernetes e2e suite" time="0">
          <skipped></skipped>
      </testcase>
      <testcase name="[sig-instrumentation] [Feature:PrometheusMonitoring] Prometheus should contain correct container CPU metric." classname="Kubernetes e2e suite" time="0">
          <skipped></skipped>
      </testcase>
      <testcase name="[sig-network] Networking Granular Checks: Services [Slow] should function for client IP based session affinity: udp" classname="Kubernetes e2e suite" time="0">
          <skipped></skipped>
      </testcase>
      <testcase name="[k8s.io] [sig-node] Mount propagation should propagate mounts to the host" classname="Kubernetes e2e suite" time="0">
          <skipped></skipped>
      </testcase>
      <testcase name="[sig-storage] EmptyDir volumes should support (non-root,0777,tmpfs) [NodeConformance] [Conformance]" classname="Kubernetes e2e suite" time="14.583776173"></testcase>
      <testcase name="[sig-storage] PersistentVolumes NFS when invoking the Recycle reclaim policy should test that a PV becomes Available and is clean after the PVC is deleted." classname="Kubernetes e2e suite" time="0">
          <skipped></skipped>
      </testcase>
      <testcase name="[sig-cluster-lifecycle] [Feature:BootstrapTokens] should delete the token secret when the secret expired" classname="Kubernetes e2e suite" time="0">
          <skipped></skipped>
      </testcase>
      <testcase name="[sig-api-machinery] Initializers [Feature:Initializers] don&#39;t cause replicaset controller creating extra pods if the initializer is not handled [Serial]" classname="Kubernetes e2e suite" time="0">
          <skipped></skipped>
      </testcase>
      <testcase name="[sig-storage] Subpath [Volume type: hostPath] should unmount if pod is gracefully deleted while kubelet is down [Disruptive][Slow]" classname="Kubernetes e2e suite" time="0">
          <skipped></skipped>
      </testcase>
      <testcase name="[sig-storage] PersistentVolumes-local  [Volume type: gce-localssd-scsi-fs] [Serial] Set fsGroup for local volume should set different fsGroup for second pod if first pod is deleted" classname="Kubernetes e2e suite" time="0">
          <skipped></skipped>
      </testcase>
      <testcase name="[sig-storage] Projected should provide node allocatable (cpu) as default cpu limit if the limit is not set [NodeConformance] [Conformance]" classname="Kubernetes e2e suite" time="12.524198437999999"></testcase>
      <testcase name="[sig-storage] PersistentVolumes-local  Pod with node different from PV&#39;s NodeAffinity should fail scheduling due to different NodeSelector" classname="Kubernetes e2e suite" time="0">
          <skipped></skipped>
      </testcase>
      <testcase name="[sig-cli] Kubectl client [k8s.io] Kubectl run rc should create an rc from an image  [Conformance]" classname="Kubernetes e2e suite" time="0">
          <skipped></skipped>
      </testcase>
      <testcase name="[sig-cli] Kubectl client [k8s.io] Kubectl run deployment should create a deployment from an image  [Conformance]" classname="Kubernetes e2e suite" time="0">
          <skipped></skipped>
      </testcase>
      <testcase name="[sig-storage] Downward API volume should provide node allocatable (memory) as default memory limit if the limit is not set [NodeConformance] [Conformance]" classname="Kubernetes e2e suite" time="14.465890636"></testcase>
      <testcase name="[sig-cli] Kubectl client [k8s.io] Kubectl replace should update a single-container pod&#39;s image  [Conformance]" classname="Kubernetes e2e suite" time="0">
          <skipped></skipped>
      </testcase>
      <testcase name="[sig-storage] Secrets should be consumable from pods in volume with defaultMode set [NodeConformance] [Conformance]" classname="Kubernetes e2e suite" time="14.48239741"></testcase>
      <testcase name="[sig-storage] PersistentVolumes-local  [Volume type: dir-link-bindmounted] Set fsGroup for local volume should set different fsGroup for second pod if first pod is deleted" classname="Kubernetes e2e suite" time="0">
          <skipped></skipped>
      </testcase>
      <testcase name="[sig-apps] DisruptionController evictions: enough pods, replicaSet, percentage =&gt; should allow an eviction" classname="Kubernetes e2e suite" time="0">
          <skipped></skipped>
      </testcase>
      <testcase name="[sig-apps] StatefulSet [k8s.io] Deploy clustered applications [Feature:StatefulSet] [Slow] should creating a working CockroachDB cluster" classname="Kubernetes e2e suite" time="0">
          <skipped></skipped>
      </testcase>
      <testcase name="[sig-network] Networking Granular Checks: Services [Slow] should update endpoints: udp" classname="Kubernetes e2e suite" time="0">
          <skipped></skipped>
      </testcase>
      <testcase name="[sig-apps] Network Partition [Disruptive] [Slow] [k8s.io] [StatefulSet] should not reschedule stateful pods if there is a network partition [Slow] [Disruptive]" classname="Kubernetes e2e suite" time="0">
          <skipped></skipped>
      </testcase>
      <testcase name="[sig-api-machinery] Initializers [Feature:Initializers] should dynamically register and apply initializers to pods [Serial]" classname="Kubernetes e2e suite" time="0">
          <skipped></skipped>
      </testcase>
      <testcase name="[k8s.io] Downward API [Serial] [Disruptive] [NodeFeature:EphemeralStorage] Downward API tests for local ephemeral storage should provide container&#39;s limits.ephemeral-storage and requests.ephemeral-storage as env vars" classname="Kubernetes e2e suite" time="0">
          <skipped></skipped>
      </testcase>
      <testcase name="[k8s.io] Downward API [Serial] [Disruptive] [NodeFeature:EphemeralStorage] Downward API tests for local ephemeral storage should provide default limits.ephemeral-storage from node allocatable" classname="Kubernetes e2e suite" time="0">
          <skipped></skipped>
      </testcase>
      <testcase name="[sig-scalability] Load capacity [Feature:ManualPerformance] should be able to handle 30 pods per node {extensions Deployment} with 0 secrets, 0 configmaps and 0 daemons" classname="Kubernetes e2e suite" time="0">
          <skipped></skipped>
      </testcase>
      <testcase name="[sig-auth] PodSecurityPolicy should allow pods under the privileged extensions.PodSecurityPolicy" classname="Kubernetes e2e suite" time="0">
          <skipped></skipped>
      </testcase>
      <testcase name="[sig-storage] Subpath [Volume type: emptyDir] should unmount if pod is force deleted while kubelet is down [Disruptive][Slow]" classname="Kubernetes e2e suite" time="0">
          <skipped></skipped>
      </testcase>
      <testcase name="[sig-storage] ConfigMap should be consumable from pods in volume with mappings as non-root with FSGroup [NodeFeature:FSGroup]" classname="Kubernetes e2e suite" time="0">
          <skipped></skipped>
      </testcase>
      <testcase name="[sig-storage] PersistentVolumes-local  [Volume type: gce-localssd-scsi-fs] [Serial] Two pods mounting a local volume at the same time should be able to write from pod1 and read from pod2" classname="Kubernetes e2e suite" time="0">
          <skipped></skipped>
      </testcase>
      <testcase name="[sig-storage] PersistentVolumes NFS with Single PV - PVC pairs create a PVC and non-pre-bound PV: test write access" classname="Kubernetes e2e suite" time="0">
          <skipped></skipped>
      </testcase>
      <testcase name="[sig-auth] [Feature:NodeAuthorizer] A node shouldn&#39;t be able to create another node" classname="Kubernetes e2e suite" time="0">
          <skipped></skipped>
      </testcase>
      <testcase name="[sig-network] Networking should provide unchanging, static URL paths for kubernetes api services" classname="Kubernetes e2e suite" time="0">
          <skipped></skipped>
      </testcase>
      <testcase name="[k8s.io] [Feature:Example] [k8s.io] Downward API should create a pod that prints his name and namespace" classname="Kubernetes e2e suite" time="0">
          <skipped></skipped>
      </testcase>
      <testcase name="[sig-network] Networking Granular Checks: Services [Slow] should update endpoints: http" classname="Kubernetes e2e suite" time="0">
          <skipped></skipped>
      </testcase>
      <testcase name="[sig-apps] ReplicationController should release no longer matching pods" classname="Kubernetes e2e suite" time="0">
          <skipped></skipped>
      </testcase>
      <testcase name="[sig-auth] Certificates API should support building a client with a CSR" classname="Kubernetes e2e suite" time="0">
          <skipped></skipped>
      </testcase>
      <testcase name="[sig-cli] Kubectl Port forwarding [k8s.io] With a server listening on localhost [k8s.io] that expects a client request should support a client that connects, sends NO DATA, and disconnects" classname="Kubernetes e2e suite" time="0">
          <skipped></skipped>
      </testcase>
      <testcase name="[sig-storage] Pod Disks schedule pods each with a PD, delete pod and verify detach [Slow] for RW PD with pod delete grace period of &#34;immediate (0s)&#34;" classname="Kubernetes e2e suite" time="0">
          <skipped></skipped>
      </testcase>
      <testcase name="[sig-storage] Volumes vsphere [Feature:Volumes] should be mountable" classname="Kubernetes e2e suite" time="0">
          <skipped></skipped>
      </testcase>
      <testcase name="[sig-scalability] Density [Feature:ManualPerformance] should allow starting 100 pods per node using { ReplicationController} with 0 secrets, 0 configmaps and 0 daemons" classname="Kubernetes e2e suite" time="0">
          <skipped></skipped>
      </testcase>
      <testcase name="[sig-network] Services should preserve source pod IP for traffic thru service cluster IP" classname="Kubernetes e2e suite" time="0">
          <skipped></skipped>
      </testcase>
      <testcase name="[k8s.io] [sig-node] Pods Extended [k8s.io] Pods Set QOS Class should be submitted and removed  [Conformance]" classname="Kubernetes e2e suite" time="10.991235404">
          <failure type="Failure">/workspace/anago-v1.11.2-beta.0.50+bb9ffb1654d4a7/src/k8s.io/kubernetes/_output/dockerized/go/src/k8s.io/kubernetes/test/e2e/framework/framework.go:684&#xA;Error creating Pod&#xA;Expected error:&#xA;    &lt;*errors.StatusError | 0xc421ff9290&gt;: {&#xA;        ErrStatus: {&#xA;            TypeMeta: {Kind: &#34;&#34;, APIVersion: &#34;&#34;},&#xA;            ListMeta: {SelfLink: &#34;&#34;, ResourceVersion: &#34;&#34;, Continue: &#34;&#34;},&#xA;            Status: &#34;Failure&#34;,&#xA;            Message: &#34;Internal error occurred: admission webhook \&#34;trust.hooks.securityenforcement.admission.cloud.ibm.com\&#34; denied the request: \nDeny \&#34;k8s.gcr.io/nginx-slim-amd64:0.20\&#34;, no matching repositories in ClusterImagePolicy and no ImagePolicies in the \&#34;e2e-tests-pods-qgnvs\&#34; namespace&#34;,&#xA;            Reason: &#34;InternalError&#34;,&#xA;            Details: {&#xA;                Name: &#34;&#34;,&#xA;                Group: &#34;&#34;,&#xA;                Kind: &#34;&#34;,&#xA;                UID: &#34;&#34;,&#xA;                Causes: [&#xA;                    {&#xA;                        Type: &#34;&#34;,&#xA;                        Message: &#34;admission webhook \&#34;trust.hooks.securityenforcement.admission.cloud.ibm.com\&#34; denied the request: \nDeny \&#34;k8s.gcr.io/nginx-slim-amd64:0.20\&#34;, no matching repositories in ClusterImagePolicy and no ImagePolicies in the \&#34;e2e-tests-pods-qgnvs\&#34; namespace&#34;,&#xA;                        Field: &#34;&#34;,&#xA;                    },&#xA;                ],&#xA;                RetryAfterSeconds: 0,&#xA;            },&#xA;            Code: 500,&#xA;        },&#xA;    }&#xA;    Internal error occurred: admission webhook &#34;trust.hooks.securityenforcement.admission.cloud.ibm.com&#34; denied the request: &#xA;    Deny &#34;k8s.gcr.io/nginx-slim-amd64:0.20&#34;, no matching repositories in ClusterImagePolicy and no ImagePolicies in the &#34;e2e-tests-pods-qgnvs&#34; namespace&#xA;not to have occurred&#xA;/workspace/anago-v1.11.2-beta.0.50+bb9ffb1654d4a7/src/k8s.io/kubernetes/_output/dockerized/go/src/k8s.io/kubernetes/test/e2e/framework/pods.go:76</failure>
          <system-out>[BeforeEach] [k8s.io] [sig-node] Pods Extended&#xA;  /workspace/anago-v1.11.2-beta.0.50+bb9ffb1654d4a7/src/k8s.io/kubernetes/_output/dockerized/go/src/k8s.io/kubernetes/test/e2e/framework/framework.go:141&#xA;STEP: Creating a kubernetes client&#xA;Sep 19 07:29:21.931: INFO: &gt;&gt;&gt; kubeConfig: /tmp/kubeconfig-172917420&#xA;STEP: Building a namespace api object&#xA;STEP: Binding the e2e-test-privileged-psp PodSecurityPolicy to the default service account in e2e-tests-pods-qgnvs&#xA;STEP: Waiting for a default service account to be provisioned in namespace&#xA;[BeforeEach] [k8s.io] Pods Set QOS Class&#xA;  /workspace/anago-v1.11.2-beta.0.50+bb9ffb1654d4a7/src/k8s.io/kubernetes/_output/dockerized/go/src/k8s.io/kubernetes/test/e2e/node/pods.go:199&#xA;[It] should be submitted and removed  [Conformance]&#xA;  /workspace/anago-v1.11.2-beta.0.50+bb9ffb1654d4a7/src/k8s.io/kubernetes/_output/dockerized/go/src/k8s.io/kubernetes/test/e2e/framework/framework.go:684&#xA;STEP: creating the pod&#xA;STEP: submitting the pod to kubernetes&#xA;Sep 19 07:29:22.380: INFO: Unexpected error occurred: Internal error occurred: admission webhook &#34;trust.hooks.securityenforcement.admission.cloud.ibm.com&#34; denied the request: &#xA;Deny &#34;k8s.gcr.io/nginx-slim-amd64:0.20&#34;, no matching repositories in ClusterImagePolicy and no ImagePolicies in the &#34;e2e-tests-pods-qgnvs&#34; namespace&#xA;[AfterEach] [k8s.io] [sig-node] Pods Extended&#xA;  /workspace/anago-v1.11.2-beta.0.50+bb9ffb1654d4a7/src/k8s.io/kubernetes/_output/dockerized/go/src/k8s.io/kubernetes/test/e2e/framework/framework.go:142&#xA;STEP: Collecting events from namespace &#34;e2e-tests-pods-qgnvs&#34;.&#xA;STEP: Found 0 events.&#xA;Sep 19 07:29:22.431: INFO: POD                                                              NODE         PHASE      GRACE  CONDITIONS&#xA;Sep 19 07:29:22.431: INFO: ibm-cert-manager-cert-manager-74687f689b-7994r                   10.46.6.173  Running           [{Initialized True 0001-01-01 00:00:00 +0000 UTC 2018-09-17 07:07:12 +0000 UTC  } {Ready True 0001-01-01 00:00:00 +0000 UTC 2018-09-17 07:07:37 +0000 UTC  } {ContainersReady True 0001-01-01 00:00:00 +0000 UTC 0001-01-01 00:00:00 +0000 UTC  } {PodScheduled True 0001-01-01 00:00:00 +0000 UTC 2018-09-17 07:07:12 +0000 UTC  }]&#xA;Sep 19 07:29:22.431: INFO: sonobuoy                                                         10.46.6.170  Running           [{Initialized True 0001-01-01 00:00:00 +0000 UTC 2018-09-19 07:22:02 +0000 UTC  } {Ready True 0001-01-01 00:00:00 +0000 UTC 2018-09-19 07:22:08 +0000 UTC  } {ContainersReady True 0001-01-01 00:00:00 +0000 UTC 0001-01-01 00:00:00 +0000 UTC  } {PodScheduled True 0001-01-01 00:00:00 +0000 UTC 2018-09-19 07:22:02 +0000 UTC  }]&#xA;Sep 19 07:29:22.431: INFO: sonobuoy-e2e-job-c3f9b53ea97c48a2                                10.46.6.170  Running           [{Initialized True 0001-01-01 00:00:00 +0000 UTC 2018-09-19 07:22:08 +0000 UTC  } {Ready True 0001-01-01 00:00:00 +0000 UTC 2018-09-19 07:22:25 +0000 UTC  } {ContainersReady True 0001-01-01 00:00:00 +0000 UTC 0001-01-01 00:00:00 +0000 UTC  } {PodScheduled True 0001-01-01 00:00:00 +0000 UTC 2018-09-19 07:22:08 +0000 UTC  }]&#xA;Sep 19 07:29:22.431: INFO: grafana-77676f44f7-c9wr6                                         10.46.6.173  Running           [{Initialized True 0001-01-01 00:00:00 +0000 UTC 2018-09-17 07:17:28 +0000 UTC  } {Ready True 0001-01-01 00:00:00 +0000 UTC 2018-09-17 07:20:34 +0000 UTC  } {ContainersReady True 0001-01-01 00:00:00 +0000 UTC 0001-01-01 00:00:00 +0000 UTC  } {PodScheduled True 0001-01-01 00:00:00 +0000 UTC 2018-09-17 07:17:27 +0000 UTC  }]&#xA;Sep 19 07:29:22.431: INFO: istio-citadel-77694dc965-mwqkp                                   10.46.6.173  Running           [{Initialized True 0001-01-01 00:00:00 +0000 UTC 2018-09-17 07:17:31 +0000 UTC  } {Ready True 0001-01-01 00:00:00 +0000 UTC 2018-09-17 07:18:30 +0000 UTC  } {ContainersReady True 0001-01-01 00:00:00 +0000 UTC 0001-01-01 00:00:00 +0000 UTC  } {PodScheduled True 0001-01-01 00:00:00 +0000 UTC 2018-09-17 07:17:28 +0000 UTC  }]&#xA;Sep 19 07:29:22.431: INFO: istio-egressgateway-54448bcdbd-cqlhf                             10.46.6.173  Running           [{Initialized True 0001-01-01 00:00:00 +0000 UTC 2018-09-17 07:24:11 +0000 UTC  } {Ready True 0001-01-01 00:00:00 +0000 UTC 2018-09-17 07:25:19 +0000 UTC  } {ContainersReady True 0001-01-01 00:00:00 +0000 UTC 0001-01-01 00:00:00 +0000 UTC  } {PodScheduled True 0001-01-01 00:00:00 +0000 UTC 2018-09-17 07:24:10 +0000 UTC  }]&#xA;Sep 19 07:29:22.431: INFO: istio-egressgateway-54448bcdbd-f4v6v                             10.46.6.173  Running           [{Initialized True 0001-01-01 00:00:00 +0000 UTC 2018-09-17 07:17:29 +0000 UTC  } {Ready True 0001-01-01 00:00:00 +0000 UTC 2018-09-17 07:18:31 +0000 UTC  } {ContainersReady True 0001-01-01 00:00:00 +0000 UTC 0001-01-01 00:00:00 +0000 UTC  } {PodScheduled True 0001-01-01 00:00:00 +0000 UTC 2018-09-17 07:17:27 +0000 UTC  }]&#xA;Sep 19 07:29:22.431: INFO: istio-egressgateway-54448bcdbd-lhh5c                             10.46.6.173  Running           [{Initialized True 0001-01-01 00:00:00 +0000 UTC 2018-09-17 07:20:07 +0000 UTC  } {Ready True 0001-01-01 00:00:00 +0000 UTC 2018-09-17 07:21:11 +0000 UTC  } {ContainersReady True 0001-01-01 00:00:00 +0000 UTC 0001-01-01 00:00:00 +0000 UTC  } {PodScheduled True 0001-01-01 00:00:00 +0000 UTC 2018-09-17 07:20:06 +0000 UTC  }]&#xA;Sep 19 07:29:22.431: INFO: istio-egressgateway-54448bcdbd-pjbtc                             10.46.6.173  Running           [{Initialized True 0001-01-01 00:00:00 +0000 UTC 2018-09-17 07:28:34 +0000 UTC  } {Ready True 0001-01-01 00:00:00 +0000 UTC 2018-09-17 07:29:40 +0000 UTC  } {ContainersReady True 0001-01-01 00:00:00 +0000 UTC 0001-01-01 00:00:00 +0000 UTC  } {PodScheduled True 0001-01-01 00:00:00 +0000 UTC 2018-09-17 07:28:34 +0000 UTC  }]&#xA;Sep 19 07:29:22.431: INFO: istio-egressgateway-54448bcdbd-xmkbc                             10.46.6.173  Running           [{Initialized True 0001-01-01 00:00:00 +0000 UTC 2018-09-17 07:24:11 +0000 UTC  } {Ready True 0001-01-01 00:00:00 +0000 UTC 2018-09-17 07:25:10 +0000 UTC  } {ContainersReady True 0001-01-01 00:00:00 +0000 UTC 0001-01-01 00:00:00 +0000 UTC  } {PodScheduled True 0001-01-01 00:00:00 +0000 UTC 2018-09-17 07:24:10 +0000 UTC  }]&#xA;Sep 19 07:29:22.431: INFO: istio-galley-687cd96db-hlpng                                     10.46.6.173  Running           [{Initialized True 0001-01-01 00:00:00 +0000 UTC 2018-09-17 07:17:28 +0000 UTC  } {Ready True 0001-01-01 00:00:00 +0000 UTC 2018-09-17 07:18:35 +0000 UTC  } {ContainersReady True 0001-01-01 00:00:00 +0000 UTC 0001-01-01 00:00:00 +0000 UTC  } {PodScheduled True 0001-01-01 00:00:00 +0000 UTC 2018-09-17 07:17:27 +0000 UTC  }]&#xA;Sep 19 07:29:22.431: INFO: istio-ingressgateway-7bc96d6585-4qnc5                            10.46.6.173  Running           [{Initialized True 0001-01-01 00:00:00 +0000 UTC 2018-09-17 07:24:14 +0000 UTC  } {Ready True 0001-01-01 00:00:00 +0000 UTC 2018-09-17 07:25:22 +0000 UTC  } {ContainersReady True 0001-01-01 00:00:00 +0000 UTC 0001-01-01 00:00:00 +0000 UTC  } {PodScheduled True 0001-01-01 00:00:00 +0000 UTC 2018-09-17 07:24:13 +0000 UTC  }]&#xA;Sep 19 07:29:22.431: INFO: istio-ingressgateway-7bc96d6585-c58zx                            10.46.6.173  Running           [{Initialized True 0001-01-01 00:00:00 +0000 UTC 2018-09-17 07:24:15 +0000 UTC  } {Ready True 0001-01-01 00:00:00 +0000 UTC 2018-09-17 07:25:19 +0000 UTC  } {ContainersReady True 0001-01-01 00:00:00 +0000 UTC 0001-01-01 00:00:00 +0000 UTC  } {PodScheduled True 0001-01-01 00:00:00 +0000 UTC 2018-09-17 07:24:14 +0000 UTC  }]&#xA;Sep 19 07:29:22.431: INFO: istio-ingressgateway-7bc96d6585-m567m                            10.46.6.173  Running           [{Initialized True 0001-01-01 00:00:00 +0000 UTC 2018-09-17 07:20:41 +0000 UTC  } {Ready True 0001-01-01 00:00:00 +0000 UTC 2018-09-17 07:21:43 +0000 UTC  } {ContainersReady True 0001-01-01 00:00:00 +0000 UTC 0001-01-01 00:00:00 +0000 UTC  } {PodScheduled True 0001-01-01 00:00:00 +0000 UTC 2018-09-17 07:20:41 +0000 UTC  }]&#xA;Sep 19 07:29:22.431: INFO: istio-ingressgateway-7bc96d6585-r98nr                            10.46.6.173  Running           [{Initialized True 0001-01-01 00:00:00 +0000 UTC 2018-09-17 07:28:10 +0000 UTC  } {Ready True 0001-01-01 00:00:00 +0000 UTC 2018-09-17 07:29:11 +0000 UTC  } {ContainersReady True 0001-01-01 00:00:00 +0000 UTC 0001-01-01 00:00:00 +0000 UTC  } {PodScheduled True 0001-01-01 00:00:00 +0000 UTC 2018-09-17 07:28:09 +0000 UTC  }]&#xA;Sep 19 07:29:22.432: INFO: istio-ingressgateway-7bc96d6585-smf45                            10.46.6.173  Running           [{Initialized True 0001-01-01 00:00:00 +0000 UTC 2018-09-17 07:17:28 +0000 UTC  } {Ready True 0001-01-01 00:00:00 +0000 UTC 2018-09-17 07:18:37 +0000 UTC  } {ContainersReady True 0001-01-01 00:00:00 +0000 UTC 0001-01-01 00:00:00 +0000 UTC  } {PodScheduled True 0001-01-01 00:00:00 +0000 UTC 2018-09-17 07:17:27 +0000 UTC  }]&#xA;Sep 19 07:29:22.432: INFO: istio-pilot-6cf9ccf474-kkb6j                                     10.46.6.173  Running           [{Initialized True 0001-01-01 00:00:00 +0000 UTC 2018-09-17 07:17:31 +0000 UTC  } {Ready True 0001-01-01 00:00:00 +0000 UTC 2018-09-17 07:19:28 +0000 UTC  } {ContainersReady True 0001-01-01 00:00:00 +0000 UTC 0001-01-01 00:00:00 +0000 UTC  } {PodScheduled True 0001-01-01 00:00:00 +0000 UTC 2018-09-17 07:17:27 +0000 UTC  }]&#xA;Sep 19 07:29:22.432: INFO: istio-policy-5b64d7fd64-5l2m9                                    10.46.6.173  Running           [{Initialized True 0001-01-01 00:00:00 +0000 UTC 2018-09-17 07:31:07 +0000 UTC  } {Ready True 0001-01-01 00:00:00 +0000 UTC 2018-09-17 07:31:51 +0000 UTC  } {ContainersReady True 0001-01-01 00:00:00 +0000 UTC 0001-01-01 00:00:00 +0000 UTC  } {PodScheduled True 0001-01-01 00:00:00 +0000 UTC 2018-09-17 07:31:06 +0000 UTC  }]&#xA;Sep 19 07:29:22.432: INFO: istio-policy-5b64d7fd64-fb4bc                                    10.46.6.173  Running           [{Initialized True 0001-01-01 00:00:00 +0000 UTC 2018-09-17 07:27:37 +0000 UTC  } {Ready True 0001-01-01 00:00:00 +0000 UTC 2018-09-17 07:28:39 +0000 UTC  } {ContainersReady True 0001-01-01 00:00:00 +0000 UTC 0001-01-01 00:00:00 +0000 UTC  } {PodScheduled True 0001-01-01 00:00:00 +0000 UTC 2018-09-17 07:27:36 +0000 UTC  }]&#xA;Sep 19 07:29:22.432: INFO: istio-policy-5b64d7fd64-jrlzt                                    10.46.6.173  Running           [{Initialized True 0001-01-01 00:00:00 +0000 UTC 2018-09-17 07:23:11 +0000 UTC  } {Ready True 0001-01-01 00:00:00 +0000 UTC 2018-09-17 07:24:08 +0000 UTC  } {ContainersReady True 0001-01-01 00:00:00 +0000 UTC 0001-01-01 00:00:00 +0000 UTC  } {PodScheduled True 0001-01-01 00:00:00 +0000 UTC 2018-09-17 07:23:10 +0000 UTC  }]&#xA;Sep 19 07:29:22.432: INFO: istio-policy-5b64d7fd64-pt9z2                                    10.46.6.173  Running           [{Initialized True 0001-01-01 00:00:00 +0000 UTC 2018-09-17 07:17:30 +0000 UTC  } {Ready True 0001-01-01 00:00:00 +0000 UTC 2018-09-17 07:19:02 +0000 UTC  } {ContainersReady True 0001-01-01 00:00:00 +0000 UTC 0001-01-01 00:00:00 +0000 UTC  } {PodScheduled True 0001-01-01 00:00:00 +0000 UTC 2018-09-17 07:17:27 +0000 UTC  }]&#xA;Sep 19 07:29:22.432: INFO: istio-policy-5b64d7fd64-z68j4                                    10.46.6.173  Running           [{Initialized True 0001-01-01 00:00:00 +0000 UTC 2018-09-17 07:19:38 +0000 UTC  } {Ready True 0001-01-01 00:00:00 +0000 UTC 2018-09-17 07:20:44 +0000 UTC  } {ContainersReady True 0001-01-01 00:00:00 +0000 UTC 0001-01-01 00:00:00 +0000 UTC  } {PodScheduled True 0001-01-01 00:00:00 +0000 UTC 2018-09-17 07:19:37 +0000 UTC  }]&#xA;Sep 19 07:29:22.432: INFO: istio-sidecar-injector-86d554f5f7-d57zk                          10.46.6.173  Running           [{Initialized True 0001-01-01 00:00:00 +0000 UTC 2018-09-17 07:17:32 +0000 UTC  } {Ready True 0001-01-01 00:00:00 +0000 UTC 2018-09-17 07:18:41 +0000 UTC  } {ContainersReady True 0001-01-01 00:00:00 +0000 UTC 0001-01-01 00:00:00 +0000 UTC  } {PodScheduled True 0001-01-01 00:00:00 +0000 UTC 2018-09-17 07:17:29 +0000 UTC  }]&#xA;Sep 19 07:29:22.432: INFO: istio-statsd-prom-bridge-66cb69b666-p76m8                        10.46.6.173  Running           [{Initialized True 0001-01-01 00:00:00 +0000 UTC 2018-09-17 07:17:29 +0000 UTC  } {Ready True 0001-01-01 00:00:00 +0000 UTC 2018-09-17 07:18:32 +0000 UTC  } {ContainersReady True 0001-01-01 00:00:00 +0000 UTC 0001-01-01 00:00:00 +0000 UTC  } {PodScheduled True 0001-01-01 00:00:00 +0000 UTC 2018-09-17 07:17:27 +0000 UTC  }]&#xA;Sep 19 07:29:22.432: INFO: istio-telemetry-8b5964dc7-9q67f                                  10.46.6.173  Running           [{Initialized True 0001-01-01 00:00:00 +0000 UTC 2018-09-17 07:31:08 +0000 UTC  } {Ready True 0001-01-01 00:00:00 +0000 UTC 2018-09-17 07:32:00 +0000 UTC  } {ContainersReady True 0001-01-01 00:00:00 +0000 UTC 0001-01-01 00:00:00 +0000 UTC  } {PodScheduled True 0001-01-01 00:00:00 +0000 UTC 2018-09-17 07:31:07 +0000 UTC  }]&#xA;Sep 19 07:29:22.432: INFO: istio-telemetry-8b5964dc7-hcf6d                                  10.46.6.173  Running           [{Initialized True 0001-01-01 00:00:00 +0000 UTC 2018-09-17 07:17:29 +0000 UTC  } {Ready True 0001-01-01 00:00:00 +0000 UTC 2018-09-17 07:18:56 +0000 UTC  } {ContainersReady True 0001-01-01 00:00:00 +0000 UTC 0001-01-01 00:00:00 +0000 UTC  } {PodScheduled True 0001-01-01 00:00:00 +0000 UTC 2018-09-17 07:17:27 +0000 UTC  }]&#xA;Sep 19 07:29:22.432: INFO: istio-telemetry-8b5964dc7-nw9kk                                  10.46.6.173  Running           [{Initialized True 0001-01-01 00:00:00 +0000 UTC 2018-09-17 07:23:11 +0000 UTC  } {Ready True 0001-01-01 00:00:00 +0000 UTC 2018-09-17 07:24:19 +0000 UTC  } {ContainersReady True 0001-01-01 00:00:00 +0000 UTC 0001-01-01 00:00:00 +0000 UTC  } {PodScheduled True 0001-01-01 00:00:00 +0000 UTC 2018-09-17 07:23:10 +0000 UTC  }]&#xA;Sep 19 07:29:22.432: INFO: istio-telemetry-8b5964dc7-rfswc                                  10.46.6.173  Running           [{Initialized True 0001-01-01 00:00:00 +0000 UTC 2018-09-17 07:19:39 +0000 UTC  } {Ready True 0001-01-01 00:00:00 +0000 UTC 2018-09-17 07:20:38 +0000 UTC  } {ContainersReady True 0001-01-01 00:00:00 +0000 UTC 0001-01-01 00:00:00 +0000 UTC  } {PodScheduled True 0001-01-01 00:00:00 +0000 UTC 2018-09-17 07:19:38 +0000 UTC  }]&#xA;Sep 19 07:29:22.432: INFO: istio-telemetry-8b5964dc7-vjqbq                                  10.46.6.173  Running           [{Initialized True 0001-01-01 00:00:00 +0000 UTC 2018-09-17 07:27:36 +0000 UTC  } {Ready True 0001-01-01 00:00:00 +0000 UTC 2018-09-17 07:28:21 +0000 UTC  } {ContainersReady True 0001-01-01 00:00:00 +0000 UTC 0001-01-01 00:00:00 +0000 UTC  } {PodScheduled True 0001-01-01 00:00:00 +0000 UTC 2018-09-17 07:27:36 +0000 UTC  }]&#xA;Sep 19 07:29:22.432: INFO: istio-tracing-77ccfc8844-79ngl                                   10.46.6.173  Running           [{Initialized True 0001-01-01 00:00:00 +0000 UTC 2018-09-17 07:17:32 +0000 UTC  } {Ready True 0001-01-01 00:00:00 +0000 UTC 2018-09-17 07:18:08 +0000 UTC  } {ContainersReady True 0001-01-01 00:00:00 +0000 UTC 0001-01-01 00:00:00 +0000 UTC  } {PodScheduled True 0001-01-01 00:00:00 +0000 UTC 2018-09-17 07:17:29 +0000 UTC  }]&#xA;Sep 19 07:29:22.432: INFO: kiali-7f8c59df94-25qmq                                           10.46.6.173  Running           [{Initialized True 0001-01-01 00:00:00 +0000 UTC 2018-09-17 07:17:27 +0000 UTC  } {Ready True 0001-01-01 00:00:00 +0000 UTC 2018-09-17 07:17:56 +0000 UTC  } {ContainersReady True 0001-01-01 00:00:00 +0000 UTC 0001-01-01 00:00:00 +0000 UTC  } {PodScheduled True 0001-01-01 00:00:00 +0000 UTC 2018-09-17 07:17:27 +0000 UTC  }]&#xA;Sep 19 07:29:22.432: INFO: prometheus-6f98d89664-wh7pb                                      10.46.6.173  Running           [{Initialized True 0001-01-01 00:00:00 +0000 UTC 2018-09-17 07:17:31 +0000 UTC  } {Ready True 0001-01-01 00:00:00 +0000 UTC 2018-09-17 07:17:57 +0000 UTC  } {ContainersReady True 0001-01-01 00:00:00 +0000 UTC 0001-01-01 00:00:00 +0000 UTC  } {PodScheduled True 0001-01-01 00:00:00 +0000 UTC 2018-09-17 07:17:28 +0000 UTC  }]&#xA;Sep 19 07:29:22.432: INFO: servicegraph-85578d8fc6-m62z4                                    10.46.6.173  Running           [{Initialized True 0001-01-01 00:00:00 +0000 UTC 2018-09-17 07:17:32 +0000 UTC  } {Ready True 0001-01-01 00:00:00 +0000 UTC 2018-09-17 07:18:22 +0000 UTC  } {ContainersReady True 0001-01-01 00:00:00 +0000 UTC 0001-01-01 00:00:00 +0000 UTC  } {PodScheduled True 0001-01-01 00:00:00 +0000 UTC 2018-09-17 07:17:28 +0000 UTC  }]&#xA;Sep 19 07:29:22.432: INFO: audit-logging-fluentd-ds-4cgnk                                   10.46.6.170  Running           [{Initialized True 0001-01-01 00:00:00 +0000 UTC 2018-09-17 07:18:46 +0000 UTC  } {Ready True 0001-01-01 00:00:00 +0000 UTC 2018-09-17 07:18:50 +0000 UTC  } {ContainersReady True 0001-01-01 00:00:00 +0000 UTC 0001-01-01 00:00:00 +0000 UTC  } {PodScheduled True 0001-01-01 00:00:00 +0000 UTC 2018-09-17 07:18:46 +0000 UTC  }]&#xA;Sep 19 07:29:22.432: INFO: audit-logging-fluentd-ds-8bh4t                                   10.46.6.172  Running           [{Initialized True 0001-01-01 00:00:00 +0000 UTC 2018-09-17 07:18:46 +0000 UTC  } {Ready True 0001-01-01 00:00:00 +0000 UTC 2018-09-17 07:18:56 +0000 UTC  } {ContainersReady True 0001-01-01 00:00:00 +0000 UTC 0001-01-01 00:00:00 +0000 UTC  } {PodScheduled True 0001-01-01 00:00:00 +0000 UTC 2018-09-17 07:18:46 +0000 UTC  }]&#xA;Sep 19 07:29:22.432: INFO: audit-logging-fluentd-ds-bc22k                                   10.46.6.171  Running           [{Initialized True 0001-01-01 00:00:00 +0000 UTC 2018-09-17 07:18:46 +0000 UTC  } {Ready True 0001-01-01 00:00:00 +0000 UTC 2018-09-17 07:18:56 +0000 UTC  } {ContainersReady True 0001-01-01 00:00:00 +0000 UTC 0001-01-01 00:00:00 +0000 UTC  } {PodScheduled True 0001-01-01 00:00:00 +0000 UTC 2018-09-17 07:18:46 +0000 UTC  }]&#xA;Sep 19 07:29:22.432: INFO: audit-logging-fluentd-ds-dhcg6                                   10.46.6.173  Running           [{Initialized True 0001-01-01 00:00:00 +0000 UTC 2018-09-17 07:18:46 +0000 UTC  } {Ready True 0001-01-01 00:00:00 +0000 UTC 2018-09-17 07:19:00 +0000 UTC  } {ContainersReady True 0001-01-01 00:00:00 +0000 UTC 0001-01-01 00:00:00 +0000 UTC  } {PodScheduled True 0001-01-01 00:00:00 +0000 UTC 2018-09-17 07:18:46 +0000 UTC  }]&#xA;Sep 19 07:29:22.432: INFO: auth-apikeys-x45mz                                               10.46.6.173  Running           [{Initialized True 0001-01-01 00:00:00 +0000 UTC 2018-09-17 07:10:12 +0000 UTC  } {Ready True 0001-01-01 00:00:00 +0000 UTC 2018-09-17 07:11:25 +0000 UTC  } {ContainersReady True 0001-01-01 00:00:00 +0000 UTC 0001-01-01 00:00:00 +0000 UTC  } {PodScheduled True 0001-01-01 00:00:00 +0000 UTC 2018-09-17 07:10:12 +0000 UTC  }]&#xA;Sep 19 07:29:22.432: INFO: auth-idp-kjpmx                                                   10.46.6.173  Running           [{Initialized True 0001-01-01 00:00:00 +0000 UTC 2018-09-17 07:10:19 +0000 UTC  } {Ready True 0001-01-01 00:00:00 +0000 UTC 2018-09-19 07:05:52 +0000 UTC  } {ContainersReady True 0001-01-01 00:00:00 +0000 UTC 0001-01-01 00:00:00 +0000 UTC  } {PodScheduled True 0001-01-01 00:00:00 +0000 UTC 2018-09-17 07:10:04 +0000 UTC  }]&#xA;Sep 19 07:29:22.432: INFO: auth-pap-qb5m2                                                   10.46.6.173  Running           [{Initialized True 0001-01-01 00:00:00 +0000 UTC 2018-09-17 07:10:20 +0000 UTC  } {Ready True 0001-01-01 00:00:00 +0000 UTC 2018-09-17 07:10:46 +0000 UTC  } {ContainersReady True 0001-01-01 00:00:00 +0000 UTC 0001-01-01 00:00:00 +0000 UTC  } {PodScheduled True 0001-01-01 00:00:00 +0000 UTC 2018-09-17 07:10:20 +0000 UTC  }]&#xA;Sep 19 07:29:22.432: INFO: auth-pdp-tk2jm                                                   10.46.6.173  Running           [{Initialized True 0001-01-01 00:00:00 +0000 UTC 2018-09-17 07:13:08 +0000 UTC  } {Ready True 0001-01-01 00:00:00 +0000 UTC 2018-09-17 07:13:19 +0000 UTC  } {ContainersReady True 0001-01-01 00:00:00 +0000 UTC 0001-01-01 00:00:00 +0000 UTC  } {PodScheduled True 0001-01-01 00:00:00 +0000 UTC 2018-09-17 07:10:28 +0000 UTC  }]&#xA;Sep 19 07:29:22.432: INFO: calico-kube-controllers-dcb8cc97c-gtsqp                          10.46.6.173  Running           [{Initialized True 0001-01-01 00:00:00 +0000 UTC 2018-09-17 07:05:53 +0000 UTC  } {Ready True 0001-01-01 00:00:00 +0000 UTC 2018-09-17 07:06:04 +0000 UTC  } {ContainersReady True 0001-01-01 00:00:00 +0000 UTC 0001-01-01 00:00:00 +0000 UTC  } {PodScheduled True 0001-01-01 00:00:00 +0000 UTC 2018-09-17 07:05:53 +0000 UTC  }]&#xA;Sep 19 07:29:22.432: INFO: calico-node-gpm2c                                                10.46.6.171  Running           [{Initialized True 0001-01-01 00:00:00 +0000 UTC 2018-09-17 07:05:53 +0000 UTC  } {Ready True 0001-01-01 00:00:00 +0000 UTC 2018-09-17 07:06:11 +0000 UTC  } {ContainersReady True 0001-01-01 00:00:00 +0000 UTC 0001-01-01 00:00:00 +0000 UTC  } {PodScheduled True 0001-01-01 00:00:00 +0000 UTC 2018-09-17 07:05:53 +0000 UTC  }]&#xA;Sep 19 07:29:22.433: INFO: calico-node-htf97                                                10.46.6.170  Running           [{Initialized True 0001-01-01 00:00:00 +0000 UTC 2018-09-17 07:05:53 +0000 UTC  } {Ready True 0001-01-01 00:00:00 +0000 UTC 2018-09-17 07:06:14 +0000 UTC  } {ContainersReady True 0001-01-01 00:00:00 +0000 UTC 0001-01-01 00:00:00 +0000 UTC  } {PodScheduled True 0001-01-01 00:00:00 +0000 UTC 2018-09-17 07:05:53 +0000 UTC  }]&#xA;Sep 19 07:29:22.433: INFO: calico-node-m7d5t                                                10.46.6.173  Running           [{Initialized True 0001-01-01 00:00:00 +0000 UTC 2018-09-17 07:05:54 +0000 UTC  } {Ready True 0001-01-01 00:00:00 +0000 UTC 2018-09-17 07:06:15 +0000 UTC  } {ContainersReady True 0001-01-01 00:00:00 +0000 UTC 0001-01-01 00:00:00 +0000 UTC  } {PodScheduled True 0001-01-01 00:00:00 +0000 UTC 2018-09-17 07:05:54 +0000 UTC  }]&#xA;Sep 19 07:29:22.433: INFO: calico-node-wsknj                                                10.46.6.172  Running           [{Initialized True 0001-01-01 00:00:00 +0000 UTC 2018-09-17 07:05:53 +0000 UTC  } {Ready True 0001-01-01 00:00:00 +0000 UTC 2018-09-17 07:06:17 +0000 UTC  } {ContainersReady True 0001-01-01 00:00:00 +0000 UTC 0001-01-01 00:00:00 +0000 UTC  } {PodScheduled True 0001-01-01 00:00:00 +0000 UTC 2018-09-17 07:05:53 +0000 UTC  }]&#xA;Sep 19 07:29:22.433: INFO: catalog-ui-5rtkh                                                 10.46.6.173  Running           [{Initialized True 0001-01-01 00:00:00 +0000 UTC 2018-09-17 07:15:57 +0000 UTC  } {Ready True 0001-01-01 00:00:00 +0000 UTC 2018-09-17 07:16:11 +0000 UTC  } {ContainersReady True 0001-01-01 00:00:00 +0000 UTC 0001-01-01 00:00:00 +0000 UTC  } {PodScheduled True 0001-01-01 00:00:00 +0000 UTC 2018-09-17 07:15:57 +0000 UTC  }]&#xA;Sep 19 07:29:22.433: INFO: custom-metrics-adapter-64f64964b4-f9gmc                          10.46.6.171  Running           [{Initialized True 0001-01-01 00:00:00 +0000 UTC 2018-09-17 07:17:13 +0000 UTC  } {Ready True 0001-01-01 00:00:00 +0000 UTC 2018-09-17 07:17:51 +0000 UTC  } {ContainersReady True 0001-01-01 00:00:00 +0000 UTC 0001-01-01 00:00:00 +0000 UTC  } {PodScheduled True 0001-01-01 00:00:00 +0000 UTC 2018-09-17 07:14:28 +0000 UTC  }]&#xA;Sep 19 07:29:22.433: INFO: default-backend-54966589c4-4d47g                                 10.46.6.173  Running           [{Initialized True 0001-01-01 00:00:00 +0000 UTC 2018-09-17 07:08:29 +0000 UTC  } {Ready True 0001-01-01 00:00:00 +0000 UTC 2018-09-17 07:08:40 +0000 UTC  } {ContainersReady True 0001-01-01 00:00:00 +0000 UTC 0001-01-01 00:00:00 +0000 UTC  } {PodScheduled True 0001-01-01 00:00:00 +0000 UTC 2018-09-17 07:08:28 +0000 UTC  }]&#xA;Sep 19 07:29:22.433: INFO: heapster-69b486565b-nt26r                                        10.46.6.173  Running           [{Initialized True 0001-01-01 00:00:00 +0000 UTC 2018-09-17 07:13:48 +0000 UTC  } {Ready True 0001-01-01 00:00:00 +0000 UTC 2018-09-17 07:13:58 +0000 UTC  } {ContainersReady True 0001-01-01 00:00:00 +0000 UTC 0001-01-01 00:00:00 +0000 UTC  } {PodScheduled True 0001-01-01 00:00:00 +0000 UTC 2018-09-17 07:13:48 +0000 UTC  }]&#xA;Sep 19 07:29:22.433: INFO: helm-api-fdd886877-6pwm8                                         10.46.6.173  Running           [{Initialized True 0001-01-01 00:00:00 +0000 UTC 2018-09-17 07:16:36 +0000 UTC  } {Ready True 0001-01-01 00:00:00 +0000 UTC 2018-09-17 07:16:58 +0000 UTC  } {ContainersReady True 0001-01-01 00:00:00 +0000 UTC 0001-01-01 00:00:00 +0000 UTC  } {PodScheduled True 0001-01-01 00:00:00 +0000 UTC 2018-09-17 07:16:35 +0000 UTC  }]&#xA;Sep 19 07:29:22.433: INFO: helm-repo-5649f57447-wwdn4                                       10.46.6.173  Running           [{Initialized True 0001-01-01 00:00:00 +0000 UTC 2018-09-17 07:14:04 +0000 UTC  } {Ready True 0001-01-01 00:00:00 +0000 UTC 2018-09-17 07:14:40 +0000 UTC  } {ContainersReady True 0001-01-01 00:00:00 +0000 UTC 0001-01-01 00:00:00 +0000 UTC  } {PodScheduled True 0001-01-01 00:00:00 +0000 UTC 2018-09-17 07:13:53 +0000 UTC  }]&#xA;Sep 19 07:29:22.433: INFO: ibmcloud-image-enforcement-76ddccbf9f-kqmlb                      10.46.6.171  Running           [{Initialized True 0001-01-01 00:00:00 +0000 UTC 2018-09-17 07:14:02 +0000 UTC  } {Ready True 0001-01-01 00:00:00 +0000 UTC 2018-09-17 07:14:07 +0000 UTC  } {ContainersReady True 0001-01-01 00:00:00 +0000 UTC 0001-01-01 00:00:00 +0000 UTC  } {PodScheduled True 0001-01-01 00:00:00 +0000 UTC 2018-09-17 07:14:02 +0000 UTC  }]&#xA;Sep 19 07:29:22.433: INFO: icp-management-ingress-x6qn8                                     10.46.6.173  Running           [{Initialized True 0001-01-01 00:00:00 +0000 UTC 2018-09-17 07:10:36 +0000 UTC  } {Ready True 0001-01-01 00:00:00 +0000 UTC 2018-09-17 07:10:48 +0000 UTC  } {ContainersReady True 0001-01-01 00:00:00 +0000 UTC 0001-01-01 00:00:00 +0000 UTC  } {PodScheduled True 0001-01-01 00:00:00 +0000 UTC 2018-09-17 07:10:36 +0000 UTC  }]&#xA;Sep 19 07:29:22.433: INFO: icp-mongodb-0                                                    10.46.6.173  Running           [{Initialized True 0001-01-01 00:00:00 +0000 UTC 2018-09-17 07:09:00 +0000 UTC  } {Ready True 0001-01-01 00:00:00 +0000 UTC 2018-09-17 07:09:17 +0000 UTC  } {ContainersReady True 0001-01-01 00:00:00 +0000 UTC 0001-01-01 00:00:00 +0000 UTC  } {PodScheduled True 0001-01-01 00:00:00 +0000 UTC 2018-09-17 07:07:41 +0000 UTC  }]&#xA;Sep 19 07:29:22.433: INFO: image-manager-0                                                  10.46.6.173  Running           [{Initialized True 0001-01-01 00:00:00 +0000 UTC 2018-09-17 06:38:56 +0000 UTC  } {Ready True 0001-01-01 00:00:00 +0000 UTC 2018-09-17 06:39:08 +0000 UTC  } {ContainersReady True 0001-01-01 00:00:00 +0000 UTC 0001-01-01 00:00:00 +0000 UTC  } {PodScheduled True 0001-01-01 00:00:00 +0000 UTC 2018-09-17 06:38:56 +0000 UTC  }]&#xA;Sep 19 07:29:22.433: INFO: k8s-etcd-10.46.6.173                                             10.46.6.173  Running           [{Initialized True 0001-01-01 00:00:00 +0000 UTC 2018-09-17 06:35:49 +0000 UTC  } {Ready True 0001-01-01 00:00:00 +0000 UTC 2018-09-17 06:35:54 +0000 UTC  } {ContainersReady True 0001-01-01 00:00:00 +0000 UTC 0001-01-01 00:00:00 +0000 UTC  } {PodScheduled True 0001-01-01 00:00:00 +0000 UTC 2018-09-17 06:35:49 +0000 UTC  }]&#xA;Sep 19 07:29:22.433: INFO: k8s-master-10.46.6.173                                           10.46.6.173  Running           [{Initialized True 0001-01-01 00:00:00 +0000 UTC 2018-09-17 06:37:18 +0000 UTC  } {Ready True 0001-01-01 00:00:00 +0000 UTC 2018-09-17 06:37:26 +0000 UTC  } {ContainersReady True 0001-01-01 00:00:00 +0000 UTC 0001-01-01 00:00:00 +0000 UTC  } {PodScheduled True 0001-01-01 00:00:00 +0000 UTC 2018-09-17 06:37:18 +0000 UTC  }]&#xA;Sep 19 07:29:22.433: INFO: k8s-proxy-10.46.6.170                                            10.46.6.170  Running           [{Initialized True 0001-01-01 00:00:00 +0000 UTC 2018-09-17 07:05:43 +0000 UTC  } {Ready True 0001-01-01 00:00:00 +0000 UTC 2018-09-17 07:05:46 +0000 UTC  } {ContainersReady True 0001-01-01 00:00:00 +0000 UTC 0001-01-01 00:00:00 +0000 UTC  } {PodScheduled True 0001-01-01 00:00:00 +0000 UTC 2018-09-17 07:05:43 +0000 UTC  }]&#xA;Sep 19 07:29:22.433: INFO: k8s-proxy-10.46.6.171                                            10.46.6.171  Running           [{Initialized True 0001-01-01 00:00:00 +0000 UTC 2018-09-17 07:05:44 +0000 UTC  } {Ready True 0001-01-01 00:00:00 +0000 UTC 2018-09-17 07:05:46 +0000 UTC  } {ContainersReady True 0001-01-01 00:00:00 +0000 UTC 0001-01-01 00:00:00 +0000 UTC  } {PodScheduled True 0001-01-01 00:00:00 +0000 UTC 2018-09-17 07:05:44 +0000 UTC  }]&#xA;Sep 19 07:29:22.433: INFO: k8s-proxy-10.46.6.172                                            10.46.6.172  Running           [{Initialized True 0001-01-01 00:00:00 +0000 UTC 2018-09-17 07:05:44 +0000 UTC  } {Ready True 0001-01-01 00:00:00 +0000 UTC 2018-09-17 07:05:48 +0000 UTC  } {ContainersReady True 0001-01-01 00:00:00 +0000 UTC 0001-01-01 00:00:00 +0000 UTC  } {PodScheduled True 0001-01-01 00:00:00 +0000 UTC 2018-09-17 07:05:44 +0000 UTC  }]&#xA;Sep 19 07:29:22.433: INFO: k8s-proxy-10.46.6.173                                            10.46.6.173  Running           [{Initialized True 0001-01-01 00:00:00 +0000 UTC 2018-09-17 06:35:45 +0000 UTC  } {Ready True 0001-01-01 00:00:00 +0000 UTC 2018-09-17 06:35:50 +0000 UTC  } {ContainersReady True 0001-01-01 00:00:00 +0000 UTC 0001-01-01 00:00:00 +0000 UTC  } {PodScheduled True 0001-01-01 00:00:00 +0000 UTC 2018-09-17 06:35:45 +0000 UTC  }]&#xA;Sep 19 07:29:22.433: INFO: kube-dns-mwjc8                                                   10.46.6.173  Running           [{Initialized True 0001-01-01 00:00:00 +0000 UTC 2018-09-17 07:06:10 +0000 UTC  } {Ready True 0001-01-01 00:00:00 +0000 UTC 2018-09-17 07:06:18 +0000 UTC  } {ContainersReady True 0001-01-01 00:00:00 +0000 UTC 0001-01-01 00:00:00 +0000 UTC  } {PodScheduled True 0001-01-01 00:00:00 +0000 UTC 2018-09-17 07:06:10 +0000 UTC  }]&#xA;Sep 19 07:29:22.433: INFO: logging-elk-client-75d4d7994c-7g7fn                              10.46.6.171  Running           [{Initialized True 0001-01-01 00:00:00 +0000 UTC 2018-09-17 07:15:40 +0000 UTC  } {Ready True 0001-01-01 00:00:00 +0000 UTC 2018-09-17 07:16:22 +0000 UTC  } {ContainersReady True 0001-01-01 00:00:00 +0000 UTC 0001-01-01 00:00:00 +0000 UTC  } {PodScheduled True 0001-01-01 00:00:00 +0000 UTC 2018-09-17 07:15:20 +0000 UTC  }]&#xA;Sep 19 07:29:22.433: INFO: logging-elk-data-0                                               10.46.6.171  Running           [{Initialized True 0001-01-01 00:00:00 +0000 UTC 2018-09-17 07:15:47 +0000 UTC  } {Ready True 0001-01-01 00:00:00 +0000 UTC 2018-09-17 07:16:16 +0000 UTC  } {ContainersReady True 0001-01-01 00:00:00 +0000 UTC 0001-01-01 00:00:00 +0000 UTC  } {PodScheduled True 0001-01-01 00:00:00 +0000 UTC 2018-09-17 07:15:20 +0000 UTC  }]&#xA;Sep 19 07:29:22.433: INFO: logging-elk-elasticsearch-tls-init-6hnl4                         10.46.6.171  Succeeded         [{Initialized True 0001-01-01 00:00:00 +0000 UTC 2018-09-17 07:15:20 +0000 UTC PodCompleted } {Ready False 0001-01-01 00:00:00 +0000 UTC 2018-09-17 07:17:46 +0000 UTC PodCompleted } {ContainersReady False 0001-01-01 00:00:00 +0000 UTC 0001-01-01 00:00:00 +0000 UTC PodCompleted } {PodScheduled True 0001-01-01 00:00:00 +0000 UTC 2018-09-17 07:15:20 +0000 UTC  }]&#xA;Sep 19 07:29:22.433: INFO: logging-elk-filebeat-ds-bs86r                                    10.46.6.171  Running           [{Initialized True 0001-01-01 00:00:00 +0000 UTC 2018-09-17 07:15:20 +0000 UTC  } {Ready True 0001-01-01 00:00:00 +0000 UTC 2018-09-17 07:15:42 +0000 UTC  } {ContainersReady True 0001-01-01 00:00:00 +0000 UTC 0001-01-01 00:00:00 +0000 UTC  } {PodScheduled True 0001-01-01 00:00:00 +0000 UTC 2018-09-17 07:15:20 +0000 UTC  }]&#xA;Sep 19 07:29:22.433: INFO: logging-elk-filebeat-ds-jtd5q                                    10.46.6.170  Running           [{Initialized True 0001-01-01 00:00:00 +0000 UTC 2018-09-17 07:15:20 +0000 UTC  } {Ready True 0001-01-01 00:00:00 +0000 UTC 2018-09-17 07:15:37 +0000 UTC  } {ContainersReady True 0001-01-01 00:00:00 +0000 UTC 0001-01-01 00:00:00 +0000 UTC  } {PodScheduled True 0001-01-01 00:00:00 +0000 UTC 2018-09-17 07:15:20 +0000 UTC  }]&#xA;Sep 19 07:29:22.433: INFO: logging-elk-filebeat-ds-qf2vz                                    10.46.6.173  Running           [{Initialized True 0001-01-01 00:00:00 +0000 UTC 2018-09-17 07:15:20 +0000 UTC  } {Ready True 0001-01-01 00:00:00 +0000 UTC 2018-09-17 07:15:39 +0000 UTC  } {ContainersReady True 0001-01-01 00:00:00 +0000 UTC 0001-01-01 00:00:00 +0000 UTC  } {PodScheduled True 0001-01-01 00:00:00 +0000 UTC 2018-09-17 07:15:20 +0000 UTC  }]&#xA;Sep 19 07:29:22.433: INFO: logging-elk-filebeat-ds-vpk48                                    10.46.6.172  Running           [{Initialized True 0001-01-01 00:00:00 +0000 UTC 2018-09-17 07:15:20 +0000 UTC  } {Ready True 0001-01-01 00:00:00 +0000 UTC 2018-09-17 07:15:39 +0000 UTC  } {ContainersReady True 0001-01-01 00:00:00 +0000 UTC 0001-01-01 00:00:00 +0000 UTC  } {PodScheduled True 0001-01-01 00:00:00 +0000 UTC 2018-09-17 07:15:20 +0000 UTC  }]&#xA;Sep 19 07:29:22.434: INFO: logging-elk-kibana-ff4db4866-s2295                               10.46.6.171  Running           [{Initialized True 0001-01-01 00:00:00 +0000 UTC 2018-09-17 07:15:21 +0000 UTC  } {Ready True 0001-01-01 00:00:00 +0000 UTC 2018-09-17 07:15:45 +0000 UTC  } {ContainersReady True 0001-01-01 00:00:00 +0000 UTC 0001-01-01 00:00:00 +0000 UTC  } {PodScheduled True 0001-01-01 00:00:00 +0000 UTC 2018-09-17 07:15:21 +0000 UTC  }]&#xA;Sep 19 07:29:22.434: INFO: logging-elk-logstash-7994656f46-r89mt                            10.46.6.171  Running           [{Initialized True 0001-01-01 00:00:00 +0000 UTC 2018-09-17 07:15:22 +0000 UTC  } {Ready True 0001-01-01 00:00:00 +0000 UTC 2018-09-17 07:16:16 +0000 UTC  } {ContainersReady True 0001-01-01 00:00:00 +0000 UTC 0001-01-01 00:00:00 +0000 UTC  } {PodScheduled True 0001-01-01 00:00:00 +0000 UTC 2018-09-17 07:15:21 +0000 UTC  }]&#xA;Sep 19 07:29:22.434: INFO: logging-elk-master-6cdcf45f7d-gp28f                              10.46.6.171  Running           [{Initialized True 0001-01-01 00:00:00 +0000 UTC 2018-09-17 07:15:47 +0000 UTC  } {Ready True 0001-01-01 00:00:00 +0000 UTC 2018-09-17 07:16:16 +0000 UTC  } {ContainersReady True 0001-01-01 00:00:00 +0000 UTC 0001-01-01 00:00:00 +0000 UTC  } {PodScheduled True 0001-01-01 00:00:00 +0000 UTC 2018-09-17 07:15:21 +0000 UTC  }]&#xA;Sep 19 07:29:22.434: INFO: mariadb-0                                                        10.46.6.173  Running           [{Initialized True 0001-01-01 00:00:00 +0000 UTC 2018-09-17 07:08:38 +0000 UTC  } {Ready True 0001-01-01 00:00:00 +0000 UTC 2018-09-17 07:09:15 +0000 UTC  } {ContainersReady True 0001-01-01 00:00:00 +0000 UTC 0001-01-01 00:00:00 +0000 UTC  } {PodScheduled True 0001-01-01 00:00:00 +0000 UTC 2018-09-17 07:08:37 +0000 UTC  }]&#xA;Sep 19 07:29:22.434: INFO: metering-dm-8b475fc57-cmm6h                                      10.46.6.171  Running           [{Initialized True 0001-01-01 00:00:00 +0000 UTC 2018-09-17 07:14:20 +0000 UTC  } {Ready True 0001-01-01 00:00:00 +0000 UTC 2018-09-17 07:14:49 +0000 UTC  } {ContainersReady True 0001-01-01 00:00:00 +0000 UTC 0001-01-01 00:00:00 +0000 UTC  } {PodScheduled True 0001-01-01 00:00:00 +0000 UTC 2018-09-17 07:14:12 +0000 UTC  }]&#xA;Sep 19 07:29:22.434: INFO: metering-reader-44wd7                                            10.46.6.170  Running           [{Initialized True 0001-01-01 00:00:00 +0000 UTC 2018-09-17 07:14:20 +0000 UTC  } {Ready True 0001-01-01 00:00:00 +0000 UTC 2018-09-17 07:14:46 +0000 UTC  } {ContainersReady True 0001-01-01 00:00:00 +0000 UTC 0001-01-01 00:00:00 +0000 UTC  } {PodScheduled True 0001-01-01 00:00:00 +0000 UTC 2018-09-17 07:14:11 +0000 UTC  }]&#xA;Sep 19 07:29:22.434: INFO: metering-reader-gsrdg                                            10.46.6.172  Running           [{Initialized True 0001-01-01 00:00:00 +0000 UTC 2018-09-17 07:14:23 +0000 UTC  } {Ready True 0001-01-01 00:00:00 +0000 UTC 2018-09-17 07:14:52 +0000 UTC  } {ContainersReady True 0001-01-01 00:00:00 +0000 UTC 0001-01-01 00:00:00 +0000 UTC  } {PodScheduled True 0001-01-01 00:00:00 +0000 UTC 2018-09-17 07:14:11 +0000 UTC  }]&#xA;Sep 19 07:29:22.434: INFO: metering-reader-l7284                                            10.46.6.173  Running           [{Initialized True 0001-01-01 00:00:00 +0000 UTC 2018-09-17 07:14:24 +0000 UTC  } {Ready True 0001-01-01 00:00:00 +0000 UTC 2018-09-17 07:14:45 +0000 UTC  } {ContainersReady True 0001-01-01 00:00:00 +0000 UTC 0001-01-01 00:00:00 +0000 UTC  } {PodScheduled True 0001-01-01 00:00:00 +0000 UTC 2018-09-17 07:14:11 +0000 UTC  }]&#xA;Sep 19 07:29:22.434: INFO: metering-reader-xq8f2                                            10.46.6.171  Running           [{Initialized True 0001-01-01 00:00:00 +0000 UTC 2018-09-17 07:14:23 +0000 UTC  } {Ready True 0001-01-01 00:00:00 +0000 UTC 2018-09-17 07:14:55 +0000 UTC  } {ContainersReady True 0001-01-01 00:00:00 +0000 UTC 0001-01-01 00:00:00 +0000 UTC  } {PodScheduled True 0001-01-01 00:00:00 +0000 UTC 2018-09-17 07:14:11 +0000 UTC  }]&#xA;Sep 19 07:29:22.434: INFO: metering-ui-5bbfbb5d49-wkh8m                                     10.46.6.171  Running           [{Initialized True 0001-01-01 00:00:00 +0000 UTC 2018-09-17 07:14:22 +0000 UTC  } {Ready True 0001-01-01 00:00:00 +0000 UTC 2018-09-17 07:14:55 +0000 UTC  } {ContainersReady True 0001-01-01 00:00:00 +0000 UTC 0001-01-01 00:00:00 +0000 UTC  } {PodScheduled True 0001-01-01 00:00:00 +0000 UTC 2018-09-17 07:14:12 +0000 UTC  }]&#xA;Sep 19 07:29:22.434: INFO: metrics-server-6d6695f9db-8t4xs                                  10.46.6.171  Running           [{Initialized True 0001-01-01 00:00:00 +0000 UTC 2018-09-17 07:08:51 +0000 UTC  } {Ready True 0001-01-01 00:00:00 +0000 UTC 2018-09-17 07:08:55 +0000 UTC  } {ContainersReady True 0001-01-01 00:00:00 +0000 UTC 0001-01-01 00:00:00 +0000 UTC  } {PodScheduled True 0001-01-01 00:00:00 +0000 UTC 2018-09-17 07:08:51 +0000 UTC  }]&#xA;Sep 19 07:29:22.434: INFO: mgmt-repo-57dc689b74-tmp44                                       10.46.6.173  Running           [{Initialized True 0001-01-01 00:00:00 +0000 UTC 2018-09-17 07:18:10 +0000 UTC  } {Ready True 0001-01-01 00:00:00 +0000 UTC 2018-09-17 07:18:54 +0000 UTC  } {ContainersReady True 0001-01-01 00:00:00 +0000 UTC 0001-01-01 00:00:00 +0000 UTC  } {PodScheduled True 0001-01-01 00:00:00 +0000 UTC 2018-09-17 07:17:50 +0000 UTC  }]&#xA;Sep 19 07:29:22.434: INFO: monitoring-grafana-548b947c8c-dh89z                              10.46.6.171  Running           [{Initialized True 0001-01-01 00:00:00 +0000 UTC 2018-09-17 07:16:14 +0000 UTC  } {Ready True 0001-01-01 00:00:00 +0000 UTC 2018-09-17 07:16:59 +0000 UTC  } {ContainersReady True 0001-01-01 00:00:00 +0000 UTC 0001-01-01 00:00:00 +0000 UTC  } {PodScheduled True 0001-01-01 00:00:00 +0000 UTC 2018-09-17 07:15:46 +0000 UTC  }]&#xA;Sep 19 07:29:22.434: INFO: monitoring-prometheus-6677d7c77f-pnpt5                           10.46.6.171  Running           [{Initialized True 0001-01-01 00:00:00 +0000 UTC 2018-09-17 07:16:14 +0000 UTC  } {Ready True 0001-01-01 00:00:00 +0000 UTC 2018-09-17 07:17:03 +0000 UTC  } {ContainersReady True 0001-01-01 00:00:00 +0000 UTC 0001-01-01 00:00:00 +0000 UTC  } {PodScheduled True 0001-01-01 00:00:00 +0000 UTC 2018-09-17 07:15:45 +0000 UTC  }]&#xA;Sep 19 07:29:22.434: INFO: monitoring-prometheus-alertmanager-7d8749dbb8-xj68d              10.46.6.171  Running           [{Initialized True 0001-01-01 00:00:00 +0000 UTC 2018-09-17 07:15:46 +0000 UTC  } {Ready True 0001-01-01 00:00:00 +0000 UTC 2018-09-17 07:16:45 +0000 UTC  } {ContainersReady True 0001-01-01 00:00:00 +0000 UTC 0001-01-01 00:00:00 +0000 UTC  } {PodScheduled True 0001-01-01 00:00:00 +0000 UTC 2018-09-17 07:15:45 +0000 UTC  }]&#xA;Sep 19 07:29:22.434: INFO: monitoring-prometheus-collectdexporter-77575678dc-v8n2l          10.46.6.171  Running           [{Initialized True 0001-01-01 00:00:00 +0000 UTC 2018-09-17 07:15:46 +0000 UTC  } {Ready True 0001-01-01 00:00:00 +0000 UTC 2018-09-17 07:16:42 +0000 UTC  } {ContainersReady True 0001-01-01 00:00:00 +0000 UTC 0001-01-01 00:00:00 +0000 UTC  } {PodScheduled True 0001-01-01 00:00:00 +0000 UTC 2018-09-17 07:15:45 +0000 UTC  }]&#xA;Sep 19 07:29:22.434: INFO: monitoring-prometheus-elasticsearchexporter-655864cccb-c6tps     10.46.6.171  Running           [{Initialized True 0001-01-01 00:00:00 +0000 UTC 2018-09-17 07:15:46 +0000 UTC  } {Ready True 0001-01-01 00:00:00 +0000 UTC 2018-09-17 07:16:52 +0000 UTC  } {ContainersReady True 0001-01-01 00:00:00 +0000 UTC 0001-01-01 00:00:00 +0000 UTC  } {PodScheduled True 0001-01-01 00:00:00 +0000 UTC 2018-09-17 07:15:45 +0000 UTC  }]&#xA;Sep 19 07:29:22.434: INFO: monitoring-prometheus-kubestatemetrics-54dcbb6cfb-76zmm          10.46.6.171  Running           [{Initialized True 0001-01-01 00:00:00 +0000 UTC 2018-09-17 07:15:45 +0000 UTC  } {Ready True 0001-01-01 00:00:00 +0000 UTC 2018-09-17 07:16:34 +0000 UTC  } {ContainersReady True 0001-01-01 00:00:00 +0000 UTC 0001-01-01 00:00:00 +0000 UTC  } {PodScheduled True 0001-01-01 00:00:00 +0000 UTC 2018-09-17 07:15:45 +0000 UTC  }]&#xA;Sep 19 07:29:22.434: INFO: monitoring-prometheus-nodeexporter-9fnpb                         10.46.6.171  Running           [{Initialized True 0001-01-01 00:00:00 +0000 UTC 2018-09-17 07:15:44 +0000 UTC  } {Ready True 0001-01-01 00:00:00 +0000 UTC 2018-09-17 07:16:44 +0000 UTC  } {ContainersReady True 0001-01-01 00:00:00 +0000 UTC 0001-01-01 00:00:00 +0000 UTC  } {PodScheduled True 0001-01-01 00:00:00 +0000 UTC 2018-09-17 07:15:44 +0000 UTC  }]&#xA;Sep 19 07:29:22.434: INFO: monitoring-prometheus-nodeexporter-f84fv                         10.46.6.173  Running           [{Initialized True 0001-01-01 00:00:00 +0000 UTC 2018-09-17 07:15:45 +0000 UTC  } {Ready True 0001-01-01 00:00:00 +0000 UTC 2018-09-17 07:16:28 +0000 UTC  } {ContainersReady True 0001-01-01 00:00:00 +0000 UTC 0001-01-01 00:00:00 +0000 UTC  } {PodScheduled True 0001-01-01 00:00:00 +0000 UTC 2018-09-17 07:15:45 +0000 UTC  }]&#xA;Sep 19 07:29:22.434: INFO: monitoring-prometheus-nodeexporter-tpbc8                         10.46.6.170  Running           [{Initialized True 0001-01-01 00:00:00 +0000 UTC 2018-09-17 07:15:44 +0000 UTC  } {Ready True 0001-01-01 00:00:00 +0000 UTC 2018-09-17 07:16:27 +0000 UTC  } {ContainersReady True 0001-01-01 00:00:00 +0000 UTC 0001-01-01 00:00:00 +0000 UTC  } {PodScheduled True 0001-01-01 00:00:00 +0000 UTC 2018-09-17 07:15:44 +0000 UTC  }]&#xA;Sep 19 07:29:22.434: INFO: monitoring-prometheus-nodeexporter-v4l7d                         10.46.6.172  Running           [{Initialized True 0001-01-01 00:00:00 +0000 UTC 2018-09-17 07:15:44 +0000 UTC  } {Ready True 0001-01-01 00:00:00 +0000 UTC 2018-09-17 07:16:31 +0000 UTC  } {ContainersReady True 0001-01-01 00:00:00 +0000 UTC 0001-01-01 00:00:00 +0000 UTC  } {PodScheduled True 0001-01-01 00:00:00 +0000 UTC 2018-09-17 07:15:44 +0000 UTC  }]&#xA;Sep 19 07:29:22.434: INFO: my-ibm-open-liberty-ibm-7f7d9778d7-7t5jc                         10.46.6.170  Running           [{Initialized True 0001-01-01 00:00:00 +0000 UTC 2018-09-17 08:22:24 +0000 UTC  } {Ready True 0001-01-01 00:00:00 +0000 UTC 2018-09-17 08:23:21 +0000 UTC  } {ContainersReady True 0001-01-01 00:00:00 +0000 UTC 0001-01-01 00:00:00 +0000 UTC  } {PodScheduled True 0001-01-01 00:00:00 +0000 UTC 2018-09-17 08:22:24 +0000 UTC  }]&#xA;Sep 19 07:29:22.434: INFO: nginx-ingress-controller-h5z2v                                   10.46.6.173  Running           [{Initialized True 0001-01-01 00:00:00 +0000 UTC 2018-09-17 07:08:39 +0000 UTC  } {Ready True 0001-01-01 00:00:00 +0000 UTC 2018-09-17 07:08:54 +0000 UTC  } {ContainersReady True 0001-01-01 00:00:00 +0000 UTC 0001-01-01 00:00:00 +0000 UTC  } {PodScheduled True 0001-01-01 00:00:00 +0000 UTC 2018-09-17 07:08:28 +0000 UTC  }]&#xA;Sep 19 07:29:22.434: INFO: nvidia-device-plugin-9h2k4                                       10.46.6.170  Running           [{Initialized True 0001-01-01 00:00:00 +0000 UTC 2018-09-17 07:07:23 +0000 UTC  } {Ready True 0001-01-01 00:00:00 +0000 UTC 2018-09-17 07:07:24 +0000 UTC  } {ContainersReady True 0001-01-01 00:00:00 +0000 UTC 0001-01-01 00:00:00 +0000 UTC  } {PodScheduled True 0001-01-01 00:00:00 +0000 UTC 2018-09-17 07:07:17 +0000 UTC  }]&#xA;Sep 19 07:29:22.434: INFO: nvidia-device-plugin-nh54k                                       10.46.6.173  Running           [{Initialized True 0001-01-01 00:00:00 +0000 UTC 2018-09-17 07:07:29 +0000 UTC  } {Ready True 0001-01-01 00:00:00 +0000 UTC 2018-09-17 07:07:33 +0000 UTC  } {ContainersReady True 0001-01-01 00:00:00 +0000 UTC 0001-01-01 00:00:00 +0000 UTC  } {PodScheduled True 0001-01-01 00:00:00 +0000 UTC 2018-09-17 07:07:17 +0000 UTC  }]&#xA;Sep 19 07:29:22.434: INFO: nvidia-device-plugin-vh85n                                       10.46.6.171  Running           [{Initialized True 0001-01-01 00:00:00 +0000 UTC 2018-09-17 07:07:21 +0000 UTC  } {Ready True 0001-01-01 00:00:00 +0000 UTC 2018-09-17 07:07:23 +0000 UTC  } {ContainersReady True 0001-01-01 00:00:00 +0000 UTC 0001-01-01 00:00:00 +0000 UTC  } {PodScheduled True 0001-01-01 00:00:00 +0000 UTC 2018-09-17 07:07:17 +0000 UTC  }]&#xA;Sep 19 07:29:22.434: INFO: nvidia-device-plugin-w9jr8                                       10.46.6.172  Running           [{Initialized True 0001-01-01 00:00:00 +0000 UTC 2018-09-17 07:07:24 +0000 UTC  } {Ready True 0001-01-01 00:00:00 +0000 UTC 2018-09-17 07:07:26 +0000 UTC  } {ContainersReady True 0001-01-01 00:00:00 +0000 UTC 0001-01-01 00:00:00 +0000 UTC  } {PodScheduled True 0001-01-01 00:00:00 +0000 UTC 2018-09-17 07:07:17 +0000 UTC  }]&#xA;Sep 19 07:29:22.434: INFO: oidc-client-registration-szxrk                                   10.46.6.173  Succeeded         [{Initialized True 0001-01-01 00:00:00 +0000 UTC 2018-09-17 07:10:05 +0000 UTC PodCompleted } {Ready False 0001-01-01 00:00:00 +0000 UTC 2018-09-17 07:12:27 +0000 UTC PodCompleted } {ContainersReady False 0001-01-01 00:00:00 +0000 UTC 0001-01-01 00:00:00 +0000 UTC PodCompleted } {PodScheduled True 0001-01-01 00:00:00 +0000 UTC 2018-09-17 07:10:04 +0000 UTC  }]&#xA;Sep 19 07:29:22.434: INFO: platform-api-2fs4x                                               10.46.6.173  Running           [{Initialized True 0001-01-01 00:00:00 +0000 UTC 2018-09-17 07:08:45 +0000 UTC  } {Ready True 0001-01-01 00:00:00 +0000 UTC 2018-09-17 07:16:29 +0000 UTC  } {ContainersReady True 0001-01-01 00:00:00 +0000 UTC 0001-01-01 00:00:00 +0000 UTC  } {PodScheduled True 0001-01-01 00:00:00 +0000 UTC 2018-09-17 07:08:45 +0000 UTC  }]&#xA;Sep 19 07:29:22.435: INFO: platform-deploy-dbbks                                            10.46.6.173  Running           [{Initialized True 0001-01-01 00:00:00 +0000 UTC 2018-09-17 07:08:45 +0000 UTC  } {Ready True 0001-01-01 00:00:00 +0000 UTC 2018-09-17 07:08:57 +0000 UTC  } {ContainersReady True 0001-01-01 00:00:00 +0000 UTC 0001-01-01 00:00:00 +0000 UTC  } {PodScheduled True 0001-01-01 00:00:00 +0000 UTC 2018-09-17 07:08:45 +0000 UTC  }]&#xA;Sep 19 07:29:22.435: INFO: platform-ui-6fjgx                                                10.46.6.173  Running           [{Initialized True 0001-01-01 00:00:00 +0000 UTC 2018-09-17 07:14:34 +0000 UTC  } {Ready True 0001-01-01 00:00:00 +0000 UTC 2018-09-17 07:15:20 +0000 UTC  } {ContainersReady True 0001-01-01 00:00:00 +0000 UTC 0001-01-01 00:00:00 +0000 UTC  } {PodScheduled True 0001-01-01 00:00:00 +0000 UTC 2018-09-17 07:14:34 +0000 UTC  }]&#xA;Sep 19 07:29:22.435: INFO: secret-watcher-5f59fcbc69-pfnfk                                  10.46.6.173  Running           [{Initialized True 0001-01-01 00:00:00 +0000 UTC 2018-09-17 07:18:05 +0000 UTC  } {Ready True 0001-01-01 00:00:00 +0000 UTC 2018-09-17 07:18:30 +0000 UTC  } {ContainersReady True 0001-01-01 00:00:00 +0000 UTC 0001-01-01 00:00:00 +0000 UTC  } {PodScheduled True 0001-01-01 00:00:00 +0000 UTC 2018-09-17 07:18:04 +0000 UTC  }]&#xA;Sep 19 07:29:22.435: INFO: security-onboarding-tkf79                                        10.46.6.173  Succeeded         [{Initialized True 0001-01-01 00:00:00 +0000 UTC 2018-09-17 07:18:12 +0000 UTC PodCompleted } {Ready False 0001-01-01 00:00:00 +0000 UTC 2018-09-17 07:20:02 +0000 UTC PodCompleted } {ContainersReady False 0001-01-01 00:00:00 +0000 UTC 0001-01-01 00:00:00 +0000 UTC PodCompleted } {PodScheduled True 0001-01-01 00:00:00 +0000 UTC 2018-09-17 07:18:12 +0000 UTC  }]&#xA;Sep 19 07:29:22.435: INFO: service-catalog-apiserver-967x9                                  10.46.6.173  Running           [{Initialized True 0001-01-01 00:00:00 +0000 UTC 2018-09-17 07:08:20 +0000 UTC  } {Ready True 0001-01-01 00:00:00 +0000 UTC 2018-09-17 07:09:01 +0000 UTC  } {ContainersReady True 0001-01-01 00:00:00 +0000 UTC 0001-01-01 00:00:00 +0000 UTC  } {PodScheduled True 0001-01-01 00:00:00 +0000 UTC 2018-09-17 07:08:20 +0000 UTC  }]&#xA;Sep 19 07:29:22.435: INFO: service-catalog-controller-manager-5969cccf86-65phs              10.46.6.173  Running           [{Initialized True 0001-01-01 00:00:00 +0000 UTC 2018-09-17 07:08:21 +0000 UTC  } {Ready True 0001-01-01 00:00:00 +0000 UTC 2018-09-17 07:08:34 +0000 UTC  } {ContainersReady True 0001-01-01 00:00:00 +0000 UTC 0001-01-01 00:00:00 +0000 UTC  } {PodScheduled True 0001-01-01 00:00:00 +0000 UTC 2018-09-17 07:08:20 +0000 UTC  }]&#xA;Sep 19 07:29:22.435: INFO: tiller-deploy-6b58875cb-5l8kh                                    10.46.6.173  Running           [{Initialized True 0001-01-01 00:00:00 +0000 UTC 2018-09-17 07:05:28 +0000 UTC  } {Ready True 0001-01-01 00:00:00 +0000 UTC 2018-09-17 07:05:43 +0000 UTC  } {ContainersReady True 0001-01-01 00:00:00 +0000 UTC 0001-01-01 00:00:00 +0000 UTC  } {PodScheduled True 0001-01-01 00:00:00 +0000 UTC 2018-09-17 07:05:28 +0000 UTC  }]&#xA;Sep 19 07:29:22.435: INFO: unified-router-lkwnl                                             10.46.6.173  Running           [{Initialized True 0001-01-01 00:00:00 +0000 UTC 2018-09-17 07:15:31 +0000 UTC  } {Ready True 0001-01-01 00:00:00 +0000 UTC 2018-09-17 07:15:40 +0000 UTC  } {ContainersReady True 0001-01-01 00:00:00 +0000 UTC 0001-01-01 00:00:00 +0000 UTC  } {PodScheduled True 0001-01-01 00:00:00 +0000 UTC 2018-09-17 07:15:31 +0000 UTC  }]&#xA;Sep 19 07:29:22.435: INFO: vulnerability-advisor-compliance-annotator-d5659b9d9-kmn8q       10.46.6.172  Running           [{Initialized True 0001-01-01 00:00:00 +0000 UTC 2018-09-17 07:19:03 +0000 UTC  } {Ready True 0001-01-01 00:00:00 +0000 UTC 2018-09-17 07:21:08 +0000 UTC  } {ContainersReady True 0001-01-01 00:00:00 +0000 UTC 0001-01-01 00:00:00 +0000 UTC  } {PodScheduled True 0001-01-01 00:00:00 +0000 UTC 2018-09-17 07:19:03 +0000 UTC  }]&#xA;Sep 19 07:29:22.435: INFO: vulnerability-advisor-compliance-indexer-7cbdc64b57-47lmd        10.46.6.172  Running           [{Initialized True 0001-01-01 00:00:00 +0000 UTC 2018-09-17 07:19:07 +0000 UTC  } {Ready True 0001-01-01 00:00:00 +0000 UTC 2018-09-17 07:19:33 +0000 UTC  } {ContainersReady True 0001-01-01 00:00:00 +0000 UTC 0001-01-01 00:00:00 +0000 UTC  } {PodScheduled True 0001-01-01 00:00:00 +0000 UTC 2018-09-17 07:19:06 +0000 UTC  }]&#xA;Sep 19 07:29:22.435: INFO: vulnerability-advisor-config-parser-5d44b78fd5-z4k9t             10.46.6.172  Running           [{Initialized True 0001-01-01 00:00:00 +0000 UTC 2018-09-17 07:19:04 +0000 UTC  } {Ready True 0001-01-01 00:00:00 +0000 UTC 2018-09-17 07:21:09 +0000 UTC  } {ContainersReady True 0001-01-01 00:00:00 +0000 UTC 0001-01-01 00:00:00 +0000 UTC  } {PodScheduled True 0001-01-01 00:00:00 +0000 UTC 2018-09-17 07:19:03 +0000 UTC  }]&#xA;Sep 19 07:29:22.435: INFO: vulnerability-advisor-cos-indexer-57899b7dd6-7cpf8               10.46.6.172  Running           [{Initialized True 0001-01-01 00:00:00 +0000 UTC 2018-09-17 07:19:04 +0000 UTC  } {Ready True 0001-01-01 00:00:00 +0000 UTC 2018-09-19 07:20:04 +0000 UTC  } {ContainersReady True 0001-01-01 00:00:00 +0000 UTC 0001-01-01 00:00:00 +0000 UTC  } {PodScheduled True 0001-01-01 00:00:00 +0000 UTC 2018-09-17 07:19:04 +0000 UTC  }]&#xA;Sep 19 07:29:22.435: INFO: vulnerability-advisor-kafka-0                                    10.46.6.172  Running           [{Initialized True 0001-01-01 00:00:00 +0000 UTC 2018-09-17 07:19:13 +0000 UTC  } {Ready True 0001-01-01 00:00:00 +0000 UTC 2018-09-17 07:20:53 +0000 UTC  } {ContainersReady True 0001-01-01 00:00:00 +0000 UTC 0001-01-01 00:00:00 +0000 UTC  } {PodScheduled True 0001-01-01 00:00:00 +0000 UTC 2018-09-17 07:19:13 +0000 UTC  }]&#xA;Sep 19 07:29:22.435: INFO: vulnerability-advisor-live-crawler-84st2                         10.46.6.172  Running           [{Initialized True 0001-01-01 00:00:00 +0000 UTC 2018-09-17 07:19:03 +0000 UTC  } {Ready True 0001-01-01 00:00:00 +0000 UTC 2018-09-17 07:19:26 +0000 UTC  } {ContainersReady True 0001-01-01 00:00:00 +0000 UTC 0001-01-01 00:00:00 +0000 UTC  } {PodScheduled True 0001-01-01 00:00:00 +0000 UTC 2018-09-17 07:19:03 +0000 UTC  }]&#xA;Sep 19 07:29:22.435: INFO: vulnerability-advisor-live-crawler-ccxd7                         10.46.6.170  Running           [{Initialized True 0001-01-01 00:00:00 +0000 UTC 2018-09-17 07:19:03 +0000 UTC  } {Ready True 0001-01-01 00:00:00 +0000 UTC 2018-09-17 07:19:14 +0000 UTC  } {ContainersReady True 0001-01-01 00:00:00 +0000 UTC 0001-01-01 00:00:00 +0000 UTC  } {PodScheduled True 0001-01-01 00:00:00 +0000 UTC 2018-09-17 07:19:03 +0000 UTC  }]&#xA;Sep 19 07:29:22.435: INFO: vulnerability-advisor-live-crawler-p6khc                         10.46.6.173  Running           [{Initialized True 0001-01-01 00:00:00 +0000 UTC 2018-09-17 07:19:02 +0000 UTC  } {Ready True 0001-01-01 00:00:00 +0000 UTC 2018-09-17 07:19:22 +0000 UTC  } {ContainersReady True 0001-01-01 00:00:00 +0000 UTC 0001-01-01 00:00:00 +0000 UTC  } {PodScheduled True 0001-01-01 00:00:00 +0000 UTC 2018-09-17 07:19:02 +0000 UTC  }]&#xA;Sep 19 07:29:22.435: INFO: vulnerability-advisor-live-crawler-xxz8p                         10.46.6.171  Running           [{Initialized True 0001-01-01 00:00:00 +0000 UTC 2018-09-17 07:19:03 +0000 UTC  } {Ready True 0001-01-01 00:00:00 +0000 UTC 2018-09-17 07:19:18 +0000 UTC  } {ContainersReady True 0001-01-01 00:00:00 +0000 UTC 0001-01-01 00:00:00 +0000 UTC  } {PodScheduled True 0001-01-01 00:00:00 +0000 UTC 2018-09-17 07:19:03 +0000 UTC  }]&#xA;Sep 19 07:29:22.435: INFO: vulnerability-advisor-ma-file-annotator-6b95df8886-jtczz         10.46.6.172  Running           [{Initialized True 0001-01-01 00:00:00 +0000 UTC 2018-09-17 07:19:04 +0000 UTC  } {Ready True 0001-01-01 00:00:00 +0000 UTC 2018-09-17 07:23:32 +0000 UTC  } {ContainersReady True 0001-01-01 00:00:00 +0000 UTC 0001-01-01 00:00:00 +0000 UTC  } {PodScheduled True 0001-01-01 00:00:00 +0000 UTC 2018-09-17 07:19:04 +0000 UTC  }]&#xA;Sep 19 07:29:22.435: INFO: vulnerability-advisor-minio-0                                    10.46.6.172  Running           [{Initialized True 0001-01-01 00:00:00 +0000 UTC 2018-09-17 07:21:51 +0000 UTC  } {Ready True 0001-01-01 00:00:00 +0000 UTC 2018-09-17 07:21:54 +0000 UTC  } {ContainersReady True 0001-01-01 00:00:00 +0000 UTC 0001-01-01 00:00:00 +0000 UTC  } {PodScheduled True 0001-01-01 00:00:00 +0000 UTC 2018-09-17 07:19:15 +0000 UTC  }]&#xA;Sep 19 07:29:22.435: INFO: vulnerability-advisor-minio-cleaner-1537228740-55f4w             10.46.6.172  Succeeded         [{Initialized True 0001-01-01 00:00:00 +0000 UTC 2018-09-17 23:59:03 +0000 UTC PodCompleted } {Ready False 0001-01-01 00:00:00 +0000 UTC 2018-09-17 23:59:42 +0000 UTC PodCompleted } {ContainersReady False 0001-01-01 00:00:00 +0000 UTC 0001-01-01 00:00:00 +0000 UTC PodCompleted } {PodScheduled True 0001-01-01 00:00:00 +0000 UTC 2018-09-17 23:59:03 +0000 UTC  }]&#xA;Sep 19 07:29:22.435: INFO: vulnerability-advisor-minio-cleaner-1537315140-nqk7v             10.46.6.172  Succeeded         [{Initialized True 0001-01-01 00:00:00 +0000 UTC 2018-09-18 23:59:04 +0000 UTC PodCompleted } {Ready False 0001-01-01 00:00:00 +0000 UTC 2018-09-19 00:00:52 +0000 UTC PodCompleted } {ContainersReady False 0001-01-01 00:00:00 +0000 UTC 0001-01-01 00:00:00 +0000 UTC PodCompleted } {PodScheduled True 0001-01-01 00:00:00 +0000 UTC 2018-09-18 23:59:04 +0000 UTC  }]&#xA;Sep 19 07:29:22.435: INFO: vulnerability-advisor-notification-dispatcher-86f8bf4b4d-cfdzb   10.46.6.172  Running           [{Initialized True 0001-01-01 00:00:00 +0000 UTC 2018-09-17 07:19:04 +0000 UTC  } {Ready True 0001-01-01 00:00:00 +0000 UTC 2018-09-17 07:20:31 +0000 UTC  } {ContainersReady True 0001-01-01 00:00:00 +0000 UTC 0001-01-01 00:00:00 +0000 UTC  } {PodScheduled True 0001-01-01 00:00:00 +0000 UTC 2018-09-17 07:19:04 +0000 UTC  }]&#xA;Sep 19 07:29:22.435: INFO: vulnerability-advisor-password-annotator-79b5d794b5-wnwqn        10.46.6.172  Running           [{Initialized True 0001-01-01 00:00:00 +0000 UTC 2018-09-17 07:19:05 +0000 UTC  } {Ready True 0001-01-01 00:00:00 +0000 UTC 2018-09-17 07:20:29 +0000 UTC  } {ContainersReady True 0001-01-01 00:00:00 +0000 UTC 0001-01-01 00:00:00 +0000 UTC  } {PodScheduled True 0001-01-01 00:00:00 +0000 UTC 2018-09-17 07:19:04 +0000 UTC  }]&#xA;Sep 19 07:29:22.435: INFO: vulnerability-advisor-process-ma-annotator-58f47d5b5f-4wglg      10.46.6.172  Running           [{Initialized True 0001-01-01 00:00:00 +0000 UTC 2018-09-17 07:19:06 +0000 UTC  } {Ready True 0001-01-01 00:00:00 +0000 UTC 2018-09-17 07:20:56 +0000 UTC  } {ContainersReady True 0001-01-01 00:00:00 +0000 UTC 0001-01-01 00:00:00 +0000 UTC  } {PodScheduled True 0001-01-01 00:00:00 +0000 UTC 2018-09-17 07:19:05 +0000 UTC  }]&#xA;Sep 19 07:29:22.435: INFO: vulnerability-advisor-process-ma-annotator-58f47d5b5f-xbxrc      10.46.6.172  Running           [{Initialized True 0001-01-01 00:00:00 +0000 UTC 2018-09-17 07:19:06 +0000 UTC  } {Ready True 0001-01-01 00:00:00 +0000 UTC 2018-09-17 07:21:50 +0000 UTC  } {ContainersReady True 0001-01-01 00:00:00 +0000 UTC 0001-01-01 00:00:00 +0000 UTC  } {PodScheduled True 0001-01-01 00:00:00 +0000 UTC 2018-09-17 07:19:05 +0000 UTC  }]&#xA;Sep 19 07:29:22.435: INFO: vulnerability-advisor-process-ma-annotator-init-869545d547nn27w  10.46.6.172  Running           [{Initialized True 0001-01-01 00:00:00 +0000 UTC 2018-09-17 07:19:06 +0000 UTC  } {Ready True 0001-01-01 00:00:00 +0000 UTC 2018-09-17 07:19:42 +0000 UTC  } {ContainersReady True 0001-01-01 00:00:00 +0000 UTC 0001-01-01 00:00:00 +0000 UTC  } {PodScheduled True 0001-01-01 00:00:00 +0000 UTC 2018-09-17 07:19:05 +0000 UTC  }]&#xA;Sep 19 07:29:22.435: INFO: vulnerability-advisor-process-ma-crawler-24z6k                   10.46.6.172  Running           [{Initialized True 0001-01-01 00:00:00 +0000 UTC 2018-09-17 07:19:03 +0000 UTC  } {Ready True 0001-01-01 00:00:00 +0000 UTC 2018-09-17 07:19:32 +0000 UTC  } {ContainersReady True 0001-01-01 00:00:00 +0000 UTC 0001-01-01 00:00:00 +0000 UTC  } {PodScheduled True 0001-01-01 00:00:00 +0000 UTC 2018-09-17 07:19:03 +0000 UTC  }]&#xA;Sep 19 07:29:22.435: INFO: vulnerability-advisor-process-ma-crawler-5g4zk                   10.46.6.170  Running           [{Initialized True 0001-01-01 00:00:00 +0000 UTC 2018-09-17 07:19:03 +0000 UTC  } {Ready True 0001-01-01 00:00:00 +0000 UTC 2018-09-17 07:19:16 +0000 UTC  } {ContainersReady True 0001-01-01 00:00:00 +0000 UTC 0001-01-01 00:00:00 +0000 UTC  } {PodScheduled True 0001-01-01 00:00:00 +0000 UTC 2018-09-17 07:19:03 +0000 UTC  }]&#xA;Sep 19 07:29:22.435: INFO: vulnerability-advisor-process-ma-crawler-96728                   10.46.6.173  Running           [{Initialized True 0001-01-01 00:00:00 +0000 UTC 2018-09-17 07:19:03 +0000 UTC  } {Ready True 0001-01-01 00:00:00 +0000 UTC 2018-09-17 07:19:23 +0000 UTC  } {ContainersReady True 0001-01-01 00:00:00 +0000 UTC 0001-01-01 00:00:00 +0000 UTC  } {PodScheduled True 0001-01-01 00:00:00 +0000 UTC 2018-09-17 07:19:03 +0000 UTC  }]&#xA;Sep 19 07:29:22.435: INFO: vulnerability-advisor-process-ma-crawler-b7k2d                   10.46.6.171  Running           [{Initialized True 0001-01-01 00:00:00 +0000 UTC 2018-09-17 07:19:03 +0000 UTC  } {Ready True 0001-01-01 00:00:00 +0000 UTC 2018-09-17 07:19:13 +0000 UTC  } {ContainersReady True 0001-01-01 00:00:00 +0000 UTC 0001-01-01 00:00:00 +0000 UTC  } {PodScheduled True 0001-01-01 00:00:00 +0000 UTC 2018-09-17 07:19:03 +0000 UTC  }]&#xA;Sep 19 07:29:22.435: INFO: vulnerability-advisor-registry-crawler-6f9568677b-bfpm6          10.46.6.172  Running           [{Initialized True 0001-01-01 00:00:00 +0000 UTC 2018-09-17 07:19:08 +0000 UTC  } {Ready True 0001-01-01 00:00:00 +0000 UTC 2018-09-17 07:19:48 +0000 UTC  } {ContainersReady True 0001-01-01 00:00:00 +0000 UTC 0001-01-01 00:00:00 +0000 UTC  } {PodScheduled True 0001-01-01 00:00:00 +0000 UTC 2018-09-17 07:19:07 +0000 UTC  }]&#xA;Sep 19 07:29:22.435: INFO: vulnerability-advisor-rootkit-annotator-74cb65b5cf-2dk5j         10.46.6.172  Running           [{Initialized True 0001-01-01 00:00:00 +0000 UTC 2018-09-17 07:19:08 +0000 UTC  } {Ready True 0001-01-01 00:00:00 +0000 UTC 2018-09-17 07:20:26 +0000 UTC  } {ContainersReady True 0001-01-01 00:00:00 +0000 UTC 0001-01-01 00:00:00 +0000 UTC  } {PodScheduled True 0001-01-01 00:00:00 +0000 UTC 2018-09-17 07:19:07 +0000 UTC  }]&#xA;Sep 19 07:29:22.435: INFO: vulnerability-advisor-rootkit-indexer-cd8b4646b-xlhwq            10.46.6.172  Running           [{Initialized True 0001-01-01 00:00:00 +0000 UTC 2018-09-17 07:19:07 +0000 UTC  } {Ready True 0001-01-01 00:00:00 +0000 UTC 2018-09-17 07:19:26 +0000 UTC  } {ContainersReady True 0001-01-01 00:00:00 +0000 UTC 0001-01-01 00:00:00 +0000 UTC  } {PodScheduled True 0001-01-01 00:00:00 +0000 UTC 2018-09-17 07:19:06 +0000 UTC  }]&#xA;Sep 19 07:29:22.435: INFO: vulnerability-advisor-sas-apiserver-5fd8d44bc9-7bvkn             10.46.6.172  Running           [{Initialized True 0001-01-01 00:00:00 +0000 UTC 2018-09-17 07:19:09 +0000 UTC  } {Ready True 0001-01-01 00:00:00 +0000 UTC 2018-09-17 07:20:03 +0000 UTC  } {ContainersReady True 0001-01-01 00:00:00 +0000 UTC 0001-01-01 00:00:00 +0000 UTC  } {PodScheduled True 0001-01-01 00:00:00 +0000 UTC 2018-09-17 07:19:08 +0000 UTC  }]&#xA;Sep 19 07:29:22.435: INFO: vulnerability-advisor-sas-mgmt-64fb95bc44-j9vjc                  10.46.6.172  Running           [{Initialized True 0001-01-01 00:00:00 +0000 UTC 2018-09-17 07:19:08 +0000 UTC  } {Ready True 0001-01-01 00:00:00 +0000 UTC 2018-09-17 07:19:39 +0000 UTC  } {ContainersReady True 0001-01-01 00:00:00 +0000 UTC 0001-01-01 00:00:00 +0000 UTC  } {PodScheduled True 0001-01-01 00:00:00 +0000 UTC 2018-09-17 07:19:08 +0000 UTC  }]&#xA;Sep 19 07:29:22.435: INFO: vulnerability-advisor-secconfig-annotator-7dbcf5d9f4-fkmkb       10.46.6.172  Running           [{Initialized True 0001-01-01 00:00:00 +0000 UTC 2018-09-17 07:19:10 +0000 UTC  } {Ready True 0001-01-01 00:00:00 +0000 UTC 2018-09-17 07:19:45 +0000 UTC  } {ContainersReady True 0001-01-01 00:00:00 +0000 UTC 0001-01-01 00:00:00 +0000 UTC  } {PodScheduled True 0001-01-01 00:00:00 +0000 UTC 2018-09-17 07:19:08 +0000 UTC  }]&#xA;Sep 19 07:29:22.436: INFO: vulnerability-advisor-secconfig-indexer-674647df7c-qq5ff         10.46.6.172  Running           [{Initialized True 0001-01-01 00:00:00 +0000 UTC 2018-09-17 07:19:07 +0000 UTC  } {Ready True 0001-01-01 00:00:00 +0000 UTC 2018-09-17 07:19:33 +0000 UTC  } {ContainersReady True 0001-01-01 00:00:00 +0000 UTC 0001-01-01 00:00:00 +0000 UTC  } {PodScheduled True 0001-01-01 00:00:00 +0000 UTC 2018-09-17 07:19:06 +0000 UTC  }]&#xA;Sep 19 07:29:22.436: INFO: vulnerability-advisor-statsd-7746859df4-jjm6f                    10.46.6.172  Running           [{Initialized True 0001-01-01 00:00:00 +0000 UTC 2018-09-17 07:19:10 +0000 UTC  } {Ready True 0001-01-01 00:00:00 +0000 UTC 2018-09-17 07:19:38 +0000 UTC  } {ContainersReady True 0001-01-01 00:00:00 +0000 UTC 0001-01-01 00:00:00 +0000 UTC  } {PodScheduled True 0001-01-01 00:00:00 +0000 UTC 2018-09-17 07:19:09 +0000 UTC  }]&#xA;Sep 19 07:29:22.436: INFO: vulnerability-advisor-usncrawler-8h976                           10.46.6.172  Succeeded         [{Initialized True 0001-01-01 00:00:00 +0000 UTC 2018-09-17 07:19:11 +0000 UTC PodCompleted } {Ready False 0001-01-01 00:00:00 +0000 UTC 2018-09-17 07:24:06 +0000 UTC PodCompleted } {ContainersReady False 0001-01-01 00:00:00 +0000 UTC 0001-01-01 00:00:00 +0000 UTC PodCompleted } {PodScheduled True 0001-01-01 00:00:00 +0000 UTC 2018-09-17 07:19:11 +0000 UTC  }]&#xA;Sep 19 07:29:22.436: INFO: vulnerability-advisor-vulnerability-annotator-bcbf5595f-hxwst    10.46.6.172  Running           [{Initialized True 0001-01-01 00:00:00 +0000 UTC 2018-09-17 07:19:10 +0000 UTC  } {Ready True 0001-01-01 00:00:00 +0000 UTC 2018-09-17 07:20:29 +0000 UTC  } {ContainersReady True 0001-01-01 00:00:00 +0000 UTC 0001-01-01 00:00:00 +0000 UTC  } {PodScheduled True 0001-01-01 00:00:00 +0000 UTC 2018-09-17 07:19:09 +0000 UTC  }]&#xA;Sep 19 07:29:22.436: INFO: vulnerability-advisor-vulnerability-indexer-7c79b4c964-2n8cg     10.46.6.172  Running           [{Initialized True 0001-01-01 00:00:00 +0000 UTC 2018-09-17 07:19:07 +0000 UTC  } {Ready True 0001-01-01 00:00:00 +0000 UTC 2018-09-17 07:19:37 +0000 UTC  } {ContainersReady True 0001-01-01 00:00:00 +0000 UTC 0001-01-01 00:00:00 +0000 UTC  } {PodScheduled True 0001-01-01 00:00:00 +0000 UTC 2018-09-17 07:19:06 +0000 UTC  }]&#xA;Sep 19 07:29:22.436: INFO: vulnerability-advisor-zookeeper-0                                10.46.6.172  Running           [{Initialized True 0001-01-01 00:00:00 +0000 UTC 2018-09-17 07:19:15 +0000 UTC  } {Ready True 0001-01-01 00:00:00 +0000 UTC 2018-09-17 07:20:10 +0000 UTC  } {ContainersReady True 0001-01-01 00:00:00 +0000 UTC 0001-01-01 00:00:00 +0000 UTC  } {PodScheduled True 0001-01-01 00:00:00 +0000 UTC 2018-09-17 07:19:14 +0000 UTC  }]&#xA;Sep 19 07:29:22.436: INFO: &#xA;Sep 19 07:29:22.461: INFO: &#xA;Logging node info for node 10.46.6.170&#xA;Sep 19 07:29:22.465: INFO: Node Info: &amp;Node{ObjectMeta:k8s_io_apimachinery_pkg_apis_meta_v1.ObjectMeta{Name:10.46.6.170,GenerateName:,Namespace:,SelfLink:/api/v1/nodes/10.46.6.170,UID:0c4508eb-ba48-11e8-b20e-fa163e707b2e,ResourceVersion:454738,Generation:0,CreationTimestamp:2018-09-17 07:05:24 +0000 UTC,DeletionTimestamp:&lt;nil&gt;,DeletionGracePeriodSeconds:nil,Labels:map[string]string{beta.kubernetes.io/arch: amd64,beta.kubernetes.io/os: linux,kubernetes.io/hostname: 10.46.6.170,node-role.kubernetes.io/worker: true,},Annotations:map[string]string{node.alpha.kubernetes.io/ttl: 0,volumes.kubernetes.io/controller-managed-attach-detach: true,},OwnerReferences:[],Finalizers:[],ClusterName:,Initializers:nil,},Spec:NodeSpec{PodCIDR:,DoNotUse_ExternalID:,ProviderID:,Unschedulable:false,Taints:[],ConfigSource:nil,},Status:NodeStatus{Capacity:ResourceList{cpu: {{8 0} {&lt;nil&gt;} 8 DecimalSI},ephemeral-storage: {{107362627584 0} {&lt;nil&gt;} 104846316Ki BinarySI},hugepages-1Gi: {{0 0} {&lt;nil&gt;} 0 DecimalSI},hugepages-2Mi: {{0 0} {&lt;nil&gt;} 0 DecimalSI},memory: {{16825630720 0} {&lt;nil&gt;}  BinarySI},pods: {{80 0} {&lt;nil&gt;} 80 DecimalSI},},Allocatable:ResourceList{cpu: {{8 0} {&lt;nil&gt;} 8 DecimalSI},ephemeral-storage: {{96626364666 0} {&lt;nil&gt;} 96626364666 DecimalSI},hugepages-1Gi: {{0 0} {&lt;nil&gt;} 0 DecimalSI},hugepages-2Mi: {{0 0} {&lt;nil&gt;} 0 DecimalSI},memory: {{16720773120 0} {&lt;nil&gt;}  BinarySI},pods: {{80 0} {&lt;nil&gt;} 80 DecimalSI},},Phase:,Conditions:[{OutOfDisk False 2018-09-19 07:29:18 +0000 UTC 2018-09-17 07:05:24 +0000 UTC KubeletHasSufficientDisk kubelet has sufficient disk space available} {MemoryPressure False 2018-09-19 07:29:18 +0000 UTC 2018-09-17 07:05:24 +0000 UTC KubeletHasSufficientMemory kubelet has sufficient memory available} {DiskPressure False 2018-09-19 07:29:18 +0000 UTC 2018-09-17 07:05:24 +0000 UTC KubeletHasNoDiskPressure kubelet has no disk pressure} {PIDPressure False 2018-09-19 07:29:18 +0000 UTC 2018-09-17 07:05:24 +0000 UTC KubeletHasSufficientPID kubelet has sufficient PID available} {Ready True 2018-09-19 07:29:18 +0000 UTC 2018-09-17 07:06:04 +0000 UTC KubeletReady kubelet is posting ready status}],Addresses:[{InternalIP 10.46.6.170} {Hostname 10.46.6.170}],DaemonEndpoints:NodeDaemonEndpoints{KubeletEndpoint:DaemonEndpoint{Port:10250,},},NodeInfo:NodeSystemInfo{MachineID:52ca0d2c3fb341c79b059a96d10571a6,SystemUUID:B2A91A2D-0576-4E7B-AEBA-AE95FFDDF786,BootID:ae0d54c3-4892-49fd-b5c7-ca2077060a4b,KernelVersion:3.10.0-862.9.1.el7.x86_64,OSImage:Red Hat Enterprise Linux,ContainerRuntimeVersion:docker://18.3.1,KubeletVersion:v1.11.1+icp-ee,KubeProxyVersion:v1.11.1+icp-ee,OperatingSystem:linux,Architecture:amd64,},Images:[{[lzj.icp:8500/ibmcom/live-crawler@sha256:1a648615e7b439f093697f65350262823e6c711c4b21ea81596ced1c28a48133 lzj.icp:8500/ibmcom/live-crawler:1.3.1] 987515538} {[lzj.icp:8500/ibmcom/hyperkube@sha256:9fbddbf2d04354912c8a981395493d250474cb9fa587fa91119e69467078b180 lzj.icp:8500/ibmcom/hyperkube:v1.11.1-ee] 782626408} {[gcr.io/heptio-images/kube-conformance@sha256:5482c7f5f7b874c5c6caec6ddef5406f19a52a2c3a36897cadf0a8f78ab57982 gcr.io/heptio-images/kube-conformance:latest] 532182058} {[open-liberty@sha256:e962af00796d50687a4ac71d5e8ab046696c314b4a84617b0d216b671519df31 open-liberty:latest] 500884023} {[lzj.icp:8500/ibmcom/icp-filebeat@sha256:72669dde64d7ab85bbb9e93428efe548b2693a4eae5168a4705f6e30cd20e584 lzj.icp:8500/ibmcom/icp-filebeat:5.5.1] 317104874} {[lzj.icp:8500/ibmcom/fluentd@sha256:f85a5ffd86438f1a73d04caf6e33ef3474675d9fa0947431f4d0a9602fc981af lzj.icp:8500/ibmcom/fluentd:v1.2.2-icp] 270902701} {[lzj.icp:8500/ibmcom/calico-node@sha256:85a23d8030137d49663d3d82844a61998331606de9fc523dfdd0a75be7fb9828 lzj.icp:8500/ibmcom/calico-node:v3.1.3] 248202699} {[lzj.icp:8500/ibmcom/nvidia-device-plugin@sha256:2d57caa41994d1e0b3d952526a651f8da487e068874d1075f915fa48ad969ba6 lzj.icp:8500/ibmcom/nvidia-device-plugin:1.0] 132413452} {[lzj.icp:8500/ibmcom/metering-data-manager@sha256:97803f4458c6f6ca62076cf6958cb8ab98cf9ffed7cd4977550eeaa6db8ead70 lzj.icp:8500/ibmcom/metering-data-manager:3.1.0] 121942877} {[lzj.icp:8500/ibmcom/icp-management-ingress@sha256:259a9d288f5ee4f169c618b6d870b5ae38b954a3bf69f3f392523b1aaa9f4001 lzj.icp:8500/ibmcom/icp-management-ingress:2.2.1] 80410712} {[lzj.icp:8500/ibmcom/calico-cni@sha256:b56c2d3e62bd02f15dd5ec335c25ac81bb39d214e904525227640790686855d7 lzj.icp:8500/ibmcom/calico-cni:v3.1.3] 68849270} {[gcr.io/heptio-images/sonobuoy@sha256:165df6f635ddd0088ed6686e07ffb47f8dd17fdba153f61dbec9aa80c0d2e0b8 gcr.io/heptio-images/sonobuoy:latest gcr.io/heptio-images/sonobuoy:v0.11.6] 33401240} {[gcr.io/kubernetes-e2e-test-images/nettest-amd64@sha256:f2d3eba3ae2043c51389935be4bf41b2b0e60fd7220b9ba9cbc51eceaa74b2b4 gcr.io/kubernetes-e2e-test-images/nettest-amd64:1.0] 27413498} {[lzj.icp:8500/ibmcom/node-exporter@sha256:b24db452b1a0bf46abba095162d0fbc89ea40eeabbfe43ae01dab54107ecff0e lzj.icp:8500/ibmcom/node-exporter:v0.16.0] 22915749} {[gcr.io/kubernetes-e2e-test-images/netexec-amd64@sha256:da1c165175d5589ed70384e406a0291b6f76d53fc99e2c31ae23003e11e5bfde gcr.io/kubernetes-e2e-test-images/netexec-amd64:1.0] 6713741} {[gcr.io/kubernetes-e2e-test-images/mounttest-amd64@sha256:e3e75014e6df02dc21e6fb95f93b989a2ff8a91f36ae88d74eccbabaa21fc211 gcr.io/kubernetes-e2e-test-images/mounttest-amd64:1.0] 1563521} {[gcr.io/kubernetes-e2e-test-images/mounttest-user-amd64@sha256:1ac490f1442cad4b1c886527470393c71302cc62f5e3304fb08854403cbc68dc gcr.io/kubernetes-e2e-test-images/mounttest-user-amd64:1.0] 1450451} {[busybox@sha256:cb63aa0641a885f54de20f61d152187419e8f6b159ed11a251a09d115fdff9bd busybox:latest] 1162769} {[lzj.icp:8500/ibmcom/pause@sha256:8a18035491d4fbbe481be5eac11819315ec94677ab465608d052d87b3cdcff7f lzj.icp:8500/ibmcom/pause:3.1] 742472}],VolumesInUse:[],VolumesAttached:[],Config:&amp;NodeConfigStatus{Assigned:nil,Active:nil,LastKnownGood:nil,Error:,},},}&#xA;Sep 19 07:29:22.465: INFO: &#xA;Logging kubelet events for node 10.46.6.170&#xA;Sep 19 07:29:22.510: INFO: &#xA;Logging pods the kubelet thinks is on node 10.46.6.170&#xA;Sep 19 07:29:22.523: INFO: k8s-proxy-10.46.6.170 started at &lt;nil&gt; (0+0 container statuses recorded)&#xA;Sep 19 07:29:22.523: INFO: calico-node-htf97 started at 2018-09-17 07:05:53 +0000 UTC (0+2 container statuses recorded)&#xA;Sep 19 07:29:22.523: INFO: &#x9;Container calico-node ready: true, restart count 0&#xA;Sep 19 07:29:22.523: INFO: &#x9;Container install-cni ready: true, restart count 0&#xA;Sep 19 07:29:22.523: INFO: logging-elk-filebeat-ds-jtd5q started at 2018-09-17 07:15:20 +0000 UTC (0+1 container statuses recorded)&#xA;Sep 19 07:29:22.523: INFO: &#x9;Container filebeat ready: true, restart count 0&#xA;Sep 19 07:29:22.523: INFO: sonobuoy started at 2018-09-19 07:22:02 +0000 UTC (0+1 container statuses recorded)&#xA;Sep 19 07:29:22.523: INFO: &#x9;Container kube-sonobuoy ready: true, restart count 0&#xA;Sep 19 07:29:22.523: INFO: nvidia-device-plugin-9h2k4 started at 2018-09-17 07:07:17 +0000 UTC (1+1 container statuses recorded)&#xA;Sep 19 07:29:22.523: INFO: &#x9;Init container nvidia-driver-collector ready: true, restart count 0&#xA;Sep 19 07:29:22.523: INFO: &#x9;Container nvidia-device-plugin ready: true, restart count 0&#xA;Sep 19 07:29:22.523: INFO: metering-reader-44wd7 started at 2018-09-17 07:14:11 +0000 UTC (1+1 container statuses recorded)&#xA;Sep 19 07:29:22.523: INFO: &#x9;Init container metering-reader-init ready: true, restart count 1&#xA;Sep 19 07:29:22.523: INFO: &#x9;Container metering-reader ready: true, restart count 0&#xA;Sep 19 07:29:22.523: INFO: vulnerability-advisor-live-crawler-ccxd7 started at 2018-09-17 07:19:03 +0000 UTC (0+1 container statuses recorded)&#xA;Sep 19 07:29:22.523: INFO: &#x9;Container live-crawler ready: true, restart count 0&#xA;Sep 19 07:29:22.523: INFO: sonobuoy-e2e-job-c3f9b53ea97c48a2 started at 2018-09-19 07:22:08 +0000 UTC (0+2 container statuses recorded)&#xA;Sep 19 07:29:22.523: INFO: &#x9;Container e2e ready: true, restart count 0&#xA;Sep 19 07:29:22.523: INFO: &#x9;Container sonobuoy-worker ready: true, restart count 0&#xA;Sep 19 07:29:22.523: INFO: monitoring-prometheus-nodeexporter-tpbc8 started at 2018-09-17 07:15:44 +0000 UTC (0+2 container statuses recorded)&#xA;Sep 19 07:29:22.523: INFO: &#x9;Container nodeexporter ready: true, restart count 0&#xA;Sep 19 07:29:22.523: INFO: &#x9;Container router ready: true, restart count 0&#xA;Sep 19 07:29:22.523: INFO: audit-logging-fluentd-ds-4cgnk started at 2018-09-17 07:18:46 +0000 UTC (0+1 container statuses recorded)&#xA;Sep 19 07:29:22.523: INFO: &#x9;Container fluentd ready: true, restart count 0&#xA;Sep 19 07:29:22.523: INFO: vulnerability-advisor-process-ma-crawler-5g4zk started at 2018-09-17 07:19:03 +0000 UTC (0+1 container statuses recorded)&#xA;Sep 19 07:29:22.523: INFO: &#x9;Container process-ma-crawler ready: true, restart count 0&#xA;Sep 19 07:29:22.523: INFO: my-ibm-open-liberty-ibm-7f7d9778d7-7t5jc started at 2018-09-17 08:22:24 +0000 UTC (0+1 container statuses recorded)&#xA;Sep 19 07:29:22.523: INFO: &#x9;Container ibm-open-liberty ready: true, restart count 0&#xA;Sep 19 07:29:22.589: INFO: &#xA;Latency metrics for node 10.46.6.170&#xA;Sep 19 07:29:22.589: INFO: {Operation:stop_container Method:docker_operations_latency_microseconds Quantile:0.99 Latency:30.354387s}&#xA;Sep 19 07:29:22.589: INFO: &#xA;Logging node info for node 10.46.6.171&#xA;Sep 19 07:29:22.595: INFO: Node Info: &amp;Node{ObjectMeta:k8s_io_apimachinery_pkg_apis_meta_v1.ObjectMeta{Name:10.46.6.171,GenerateName:,Namespace:,SelfLink:/api/v1/nodes/10.46.6.171,UID:0c79152a-ba48-11e8-b20e-fa163e707b2e,ResourceVersion:454719,Generation:0,CreationTimestamp:2018-09-17 07:05:24 +0000 UTC,DeletionTimestamp:&lt;nil&gt;,DeletionGracePeriodSeconds:nil,Labels:map[string]string{beta.kubernetes.io/arch: amd64,beta.kubernetes.io/os: linux,kubernetes.io/hostname: 10.46.6.171,management: true,node-role.kubernetes.io/management: true,},Annotations:map[string]string{node.alpha.kubernetes.io/ttl: 0,volumes.kubernetes.io/controller-managed-attach-detach: true,},OwnerReferences:[],Finalizers:[],ClusterName:,Initializers:nil,},Spec:NodeSpec{PodCIDR:,DoNotUse_ExternalID:,ProviderID:,Unschedulable:false,Taints:[{dedicated management NoSchedule &lt;nil&gt;}],ConfigSource:nil,},Status:NodeStatus{Capacity:ResourceList{cpu: {{8 0} {&lt;nil&gt;} 8 DecimalSI},ephemeral-storage: {{107362627584 0} {&lt;nil&gt;} 104846316Ki BinarySI},hugepages-1Gi: {{0 0} {&lt;nil&gt;} 0 DecimalSI},hugepages-2Mi: {{0 0} {&lt;nil&gt;} 0 DecimalSI},memory: {{16825630720 0} {&lt;nil&gt;}  BinarySI},pods: {{80 0} {&lt;nil&gt;} 80 DecimalSI},},Allocatable:ResourceList{cpu: {{8 0} {&lt;nil&gt;} 8 DecimalSI},ephemeral-storage: {{107257769984 0} {&lt;nil&gt;} 104743916Ki BinarySI},hugepages-1Gi: {{0 0} {&lt;nil&gt;} 0 DecimalSI},hugepages-2Mi: {{0 0} {&lt;nil&gt;} 0 DecimalSI},memory: {{16720773120 0} {&lt;nil&gt;}  BinarySI},pods: {{80 0} {&lt;nil&gt;} 80 DecimalSI},},Phase:,Conditions:[{OutOfDisk False 2018-09-19 07:29:15 +0000 UTC 2018-09-17 07:05:24 +0000 UTC KubeletHasSufficientDisk kubelet has sufficient disk space available} {MemoryPressure False 2018-09-19 07:29:15 +0000 UTC 2018-09-17 07:05:24 +0000 UTC KubeletHasSufficientMemory kubelet has sufficient memory available} {DiskPressure False 2018-09-19 07:29:15 +0000 UTC 2018-09-17 07:05:24 +0000 UTC KubeletHasNoDiskPressure kubelet has no disk pressure} {PIDPressure False 2018-09-19 07:29:15 +0000 UTC 2018-09-17 07:05:24 +0000 UTC KubeletHasSufficientPID kubelet has sufficient PID available} {Ready True 2018-09-19 07:29:15 +0000 UTC 2018-09-17 07:06:05 +0000 UTC KubeletReady kubelet is posting ready status}],Addresses:[{InternalIP 10.46.6.171} {Hostname 10.46.6.171}],DaemonEndpoints:NodeDaemonEndpoints{KubeletEndpoint:DaemonEndpoint{Port:10250,},},NodeInfo:NodeSystemInfo{MachineID:52ca0d2c3fb341c79b059a96d10571a6,SystemUUID:00401CD1-AB88-4341-9CDC-C9648BFB2B56,BootID:706dbc67-f432-47c3-840e-f599801336c8,KernelVersion:3.10.0-862.9.1.el7.x86_64,OSImage:Red Hat Enterprise Linux,ContainerRuntimeVersion:docker://18.3.1,KubeletVersion:v1.11.1+icp-ee,KubeProxyVersion:v1.11.1+icp-ee,OperatingSystem:linux,Architecture:amd64,},Images:[{[lzj.icp:8500/ibmcom/live-crawler@sha256:1a648615e7b439f093697f65350262823e6c711c4b21ea81596ced1c28a48133 lzj.icp:8500/ibmcom/live-crawler:1.3.1] 987515538} {[lzj.icp:8500/ibmcom/hyperkube@sha256:9fbddbf2d04354912c8a981395493d250474cb9fa587fa91119e69467078b180 lzj.icp:8500/ibmcom/hyperkube:v1.11.1-ee] 782626408} {[lzj.icp:8500/ibmcom/icp-logstash@sha256:a182a00827aefe7f5f95b18fa1ec8f6897989290b37f3d98bd6440ddda796433 lzj.icp:8500/ibmcom/icp-logstash:5.5.1] 764906887} {[lzj.icp:8500/ibmcom/icp-kibana@sha256:6e2746da64a64f98c5761b87d5e185a9c2ac75c9c4e767ab284062b1847b7571 lzj.icp:8500/ibmcom/icp-kibana:5.5.1] 639622018} {[lzj.icp:8500/ibmcom/icp-elasticsearch@sha256:b410aacb6005fe24bfd87b045ea26fde3d6eb3ca52c3f0e4560cdc208944ba50 lzj.icp:8500/ibmcom/icp-elasticsearch:5.5.1] 520121248} {[lzj.icp:8500/ibmcom/logging-pki-init@sha256:21aa9cbd05a849b4891b15cf636f73545f6001f16c82f8eeed2e90b4f9312377 lzj.icp:8500/ibmcom/logging-pki-init:2.0.0] 501921135} {[lzj.icp:8500/ibmcom/searchguard-init@sha256:3d0d8a8404a9df5ad238bce1e0542cdda609cc445dfc3964952243d9fc103276 lzj.icp:8500/ibmcom/searchguard-init:2.0.0] 457030441} {[lzj.icp:8500/ibmcom/metering-ui@sha256:d6453f9afecc9b1fc778c195e20bbb39d4ef6262af2f7a9a5ce3cddc259fec99 lzj.icp:8500/ibmcom/metering-ui:3.1.0] 385577105} {[lzj.icp:8500/ibmcom/icp-filebeat@sha256:72669dde64d7ab85bbb9e93428efe548b2693a4eae5168a4705f6e30cd20e584 lzj.icp:8500/ibmcom/icp-filebeat:5.5.1] 317104874} {[lzj.icp:8500/ibmcom/fluentd@sha256:f85a5ffd86438f1a73d04caf6e33ef3474675d9fa0947431f4d0a9602fc981af lzj.icp:8500/ibmcom/fluentd:v1.2.2-icp] 270902701} {[lzj.icp:8500/ibmcom/elasticsearch-plugin-searchguard@sha256:f47116021e3eec7b2fed9f6ed8bd77fd890457e5a1546dda7f863c032d4395b1 lzj.icp:8500/ibmcom/elasticsearch-plugin-searchguard:2.0.0] 267864279} {[lzj.icp:8500/ibmcom/calico-node@sha256:85a23d8030137d49663d3d82844a61998331606de9fc523dfdd0a75be7fb9828 lzj.icp:8500/ibmcom/calico-node:v3.1.3] 248202699} {[lzj.icp:8500/ibmcom/grafana@sha256:5d2739d3ec5c7f6ea66d69caa918b764660b99a3d37cb1f4123f1a9623ce8e38 lzj.icp:8500/ibmcom/grafana:5.2.0] 245297582} {[lzj.icp:8500/ibmcom/indices-cleaner@sha256:31dac3be1246f17dddade06b517c073244ce56d85bc54135fdaf010dbb0bca10 lzj.icp:8500/ibmcom/indices-cleaner:1.0.0] 238131553} {[lzj.icp:8500/ibmcom/curl@sha256:adf92a267e351914d041a56d64ebe80331c45f8e20ab23b7ada67bea78da9996 lzj.icp:8500/ibmcom/curl:4.0.0] 221192597} {[lzj.icp:8500/ibmcom/nvidia-device-plugin@sha256:2d57caa41994d1e0b3d952526a651f8da487e068874d1075f915fa48ad969ba6 lzj.icp:8500/ibmcom/nvidia-device-plugin:1.0] 132413452} {[lzj.icp:8500/ibmcom/metering-data-manager@sha256:97803f4458c6f6ca62076cf6958cb8ab98cf9ffed7cd4977550eeaa6db8ead70 lzj.icp:8500/ibmcom/metering-data-manager:3.1.0] 121942877} {[lzj.icp:8500/ibmcom/prometheus@sha256:91cba3cbf7a61499969a8a5a27347830ed1740b2285de9ac31e231e7ce44deb7 lzj.icp:8500/ibmcom/prometheus:v2.3.1] 118818909} {[lzj.icp:8500/ibmcom/icp-management-ingress@sha256:259a9d288f5ee4f169c618b6d870b5ae38b954a3bf69f3f392523b1aaa9f4001 lzj.icp:8500/ibmcom/icp-management-ingress:2.2.1] 80410712} {[lzj.icp:8500/ibmcom/calico-cni@sha256:b56c2d3e62bd02f15dd5ec335c25ac81bb39d214e904525227640790686855d7 lzj.icp:8500/ibmcom/calico-cni:v3.1.3] 68849270} {[lzj.icp:8500/ibmcom/k8s-prometheus-adapter@sha256:cf7f0c35ff0a0ec9cf743ef87e4c951f74d3fd0b4b97925784cc857565b4d7ba lzj.icp:8500/ibmcom/k8s-prometheus-adapter:v0.2.1.1] 52134773} {[lzj.icp:8500/ibmcom/metrics-server@sha256:973b5dd33165e4856f22a9f48a9b7f5bd2f01399d6479c46212ea92336a9ca40 lzj.icp:8500/ibmcom/metrics-server:v0.2.1.1] 42541759} {[lzj.icp:8500/ibmcom/ibmcloud-image-enforcement@sha256:d29efeb868c054eead02eec72c86f690c4a8c81b95f99f22bbc873644b090e99 lzj.icp:8500/ibmcom/ibmcloud-image-enforcement:0.2.0] 40040099} {[lzj.icp:8500/ibmcom/alertmanager@sha256:f3e7d379040499e05c1377862cc8a74cd5ffed2a175bf62fc18dc07b98d6ab00 lzj.icp:8500/ibmcom/alertmanager:v0.15.0] 36095602} {[lzj.icp:8500/ibmcom/kube-state-metrics@sha256:6a574d2e4a7338abdd3d0b85dd2510cbf046cd09a70505b99513feee42d00559 lzj.icp:8500/ibmcom/kube-state-metrics:v1.3.0] 35646776} {[lzj.icp:8500/ibmcom/node-exporter@sha256:b24db452b1a0bf46abba095162d0fbc89ea40eeabbfe43ae01dab54107ecff0e lzj.icp:8500/ibmcom/node-exporter:v0.16.0] 22915749} {[lzj.icp:8500/ibmcom/configmap-reload@sha256:77a4ede137dd4980fe02c70ad189bf7b89dd1a9e134c0fe4475842fe8948f6a9 lzj.icp:8500/ibmcom/configmap-reload:v0.2.2] 22381476} {[lzj.icp:8500/ibmcom/collectd-exporter@sha256:0ef0cfb0a60f66046851bfafbfa1913814c7a4967e4e7561ce5111186338f6d9 lzj.icp:8500/ibmcom/collectd-exporter:v0.4.0] 13695364} {[lzj.icp:8500/ibmcom/elasticsearch-exporter@sha256:27806a00f45314a1c06af096236004020a98202edbbce81d993aadfaca0c66a0 lzj.icp:8500/ibmcom/elasticsearch-exporter:1.0.2] 9202086} {[lzj.icp:8500/ibmcom/icp-initcontainer@sha256:c1b9397380303cfc23505576a19859c7e26936f80a26bb4fae95ef68e7775de8 lzj.icp:8500/ibmcom/icp-initcontainer:1.0.0] 3965926} {[lzj.icp:8500/ibmcom/pause@sha256:8a18035491d4fbbe481be5eac11819315ec94677ab465608d052d87b3cdcff7f lzj.icp:8500/ibmcom/pause:3.1] 742472}],VolumesInUse:[],VolumesAttached:[],Config:&amp;NodeConfigStatus{Assigned:nil,Active:nil,LastKnownGood:nil,Error:,},},}&#xA;Sep 19 07:29:22.595: INFO: &#xA;Logging kubelet events for node 10.46.6.171&#xA;Sep 19 07:29:22.599: INFO: &#xA;Logging pods the kubelet thinks is on node 10.46.6.171&#xA;Sep 19 07:29:22.618: INFO: logging-elk-master-6cdcf45f7d-gp28f started at 2018-09-17 07:15:21 +0000 UTC (2+1 container statuses recorded)&#xA;Sep 19 07:29:22.618: INFO: &#x9;Init container sysctl ready: true, restart count 0&#xA;Sep 19 07:29:22.618: INFO: &#x9;Init container plugin-bundle ready: true, restart count 0&#xA;Sep 19 07:29:22.618: INFO: &#x9;Container es-master ready: true, restart count 0&#xA;Sep 19 07:29:22.618: INFO: monitoring-grafana-548b947c8c-dh89z started at 2018-09-17 07:15:46 +0000 UTC (1+2 container statuses recorded)&#xA;Sep 19 07:29:22.618: INFO: &#x9;Init container init-container ready: true, restart count 0&#xA;Sep 19 07:29:22.618: INFO: &#x9;Container grafana ready: true, restart count 0&#xA;Sep 19 07:29:22.618: INFO: &#x9;Container router ready: true, restart count 0&#xA;Sep 19 07:29:22.618: INFO: vulnerability-advisor-process-ma-crawler-b7k2d started at 2018-09-17 07:19:03 +0000 UTC (0+1 container statuses recorded)&#xA;Sep 19 07:29:22.618: INFO: &#x9;Container process-ma-crawler ready: true, restart count 0&#xA;Sep 19 07:29:22.618: INFO: ibmcloud-image-enforcement-76ddccbf9f-kqmlb started at 2018-09-17 07:14:02 +0000 UTC (0+1 container statuses recorded)&#xA;Sep 19 07:29:22.618: INFO: &#x9;Container ibmcloud-image-enforcement ready: true, restart count 0&#xA;Sep 19 07:29:22.618: INFO: metering-ui-5bbfbb5d49-wkh8m started at 2018-09-17 07:14:12 +0000 UTC (1+1 container statuses recorded)&#xA;Sep 19 07:29:22.618: INFO: &#x9;Init container metering-ui-init ready: true, restart count 0&#xA;Sep 19 07:29:22.618: INFO: &#x9;Container metering-ui ready: true, restart count 0&#xA;Sep 19 07:29:22.618: INFO: metering-dm-8b475fc57-cmm6h started at 2018-09-17 07:14:12 +0000 UTC (1+1 container statuses recorded)&#xA;Sep 19 07:29:22.618: INFO: &#x9;Init container metering-dm-init ready: true, restart count 0&#xA;Sep 19 07:29:22.618: INFO: &#x9;Container metering-dm ready: true, restart count 0&#xA;Sep 19 07:29:22.618: INFO: logging-elk-data-0 started at 2018-09-17 07:15:21 +0000 UTC (3+1 container statuses recorded)&#xA;Sep 19 07:29:22.618: INFO: &#x9;Init container chmod ready: true, restart count 0&#xA;Sep 19 07:29:22.618: INFO: &#x9;Init container sysctl ready: true, restart count 0&#xA;Sep 19 07:29:22.618: INFO: &#x9;Init container plugin-bundle ready: true, restart count 0&#xA;Sep 19 07:29:22.618: INFO: &#x9;Container es-data ready: true, restart count 0&#xA;Sep 19 07:29:22.618: INFO: logging-elk-kibana-ff4db4866-s2295 started at 2018-09-17 07:15:21 +0000 UTC (0+2 container statuses recorded)&#xA;Sep 19 07:29:22.618: INFO: &#x9;Container kibana ready: true, restart count 0&#xA;Sep 19 07:29:22.618: INFO: &#x9;Container router ready: true, restart count 0&#xA;Sep 19 07:29:22.618: INFO: monitoring-prometheus-nodeexporter-9fnpb started at 2018-09-17 07:15:44 +0000 UTC (0+2 container statuses recorded)&#xA;Sep 19 07:29:22.618: INFO: &#x9;Container nodeexporter ready: true, restart count 0&#xA;Sep 19 07:29:22.618: INFO: &#x9;Container router ready: true, restart count 0&#xA;Sep 19 07:29:22.618: INFO: monitoring-prometheus-kubestatemetrics-54dcbb6cfb-76zmm started at 2018-09-17 07:15:45 +0000 UTC (0+2 container statuses recorded)&#xA;Sep 19 07:29:22.618: INFO: &#x9;Container kubestatemetrics ready: true, restart count 0&#xA;Sep 19 07:29:22.618: INFO: &#x9;Container router ready: true, restart count 0&#xA;Sep 19 07:29:22.618: INFO: audit-logging-fluentd-ds-bc22k started at 2018-09-17 07:18:46 +0000 UTC (0+1 container statuses recorded)&#xA;Sep 19 07:29:22.618: INFO: &#x9;Container fluentd ready: true, restart count 0&#xA;Sep 19 07:29:22.618: INFO: k8s-proxy-10.46.6.171 started at &lt;nil&gt; (0+0 container statuses recorded)&#xA;Sep 19 07:29:22.618: INFO: metrics-server-6d6695f9db-8t4xs started at 2018-09-17 07:08:51 +0000 UTC (0+1 container statuses recorded)&#xA;Sep 19 07:29:22.618: INFO: &#x9;Container metrics-server ready: true, restart count 0&#xA;Sep 19 07:29:22.618: INFO: logging-elk-elasticsearch-tls-init-6hnl4 started at 2018-09-17 07:15:20 +0000 UTC (0+1 container statuses recorded)&#xA;Sep 19 07:29:22.618: INFO: &#x9;Container searchguard-init ready: false, restart count 0&#xA;Sep 19 07:29:22.618: INFO: logging-elk-filebeat-ds-bs86r started at 2018-09-17 07:15:20 +0000 UTC (0+1 container statuses recorded)&#xA;Sep 19 07:29:22.618: INFO: &#x9;Container filebeat ready: true, restart count 0&#xA;Sep 19 07:29:22.618: INFO: logging-elk-client-75d4d7994c-7g7fn started at 2018-09-17 07:15:21 +0000 UTC (2+3 container statuses recorded)&#xA;Sep 19 07:29:22.618: INFO: &#x9;Init container sysctl ready: true, restart count 0&#xA;Sep 19 07:29:22.618: INFO: &#x9;Init container plugin-bundle ready: true, restart count 0&#xA;Sep 19 07:29:22.618: INFO: &#x9;Container es-client ready: true, restart count 0&#xA;Sep 19 07:29:22.618: INFO: &#x9;Container indices-cleaner ready: true, restart count 0&#xA;Sep 19 07:29:22.618: INFO: &#x9;Container router ready: true, restart count 0&#xA;Sep 19 07:29:22.618: INFO: monitoring-prometheus-alertmanager-7d8749dbb8-xj68d started at 2018-09-17 07:15:46 +0000 UTC (0+3 container statuses recorded)&#xA;Sep 19 07:29:22.618: INFO: &#x9;Container alertmanager ready: true, restart count 0&#xA;Sep 19 07:29:22.618: INFO: &#x9;Container configmap-reload ready: true, restart count 0&#xA;Sep 19 07:29:22.618: INFO: &#x9;Container router ready: true, restart count 0&#xA;Sep 19 07:29:22.618: INFO: monitoring-prometheus-collectdexporter-77575678dc-v8n2l started at 2018-09-17 07:15:46 +0000 UTC (0+2 container statuses recorded)&#xA;Sep 19 07:29:22.618: INFO: &#x9;Container collectd-exporter ready: true, restart count 0&#xA;Sep 19 07:29:22.618: INFO: &#x9;Container router ready: true, restart count 0&#xA;Sep 19 07:29:22.618: INFO: vulnerability-advisor-live-crawler-xxz8p started at 2018-09-17 07:19:03 +0000 UTC (0+1 container statuses recorded)&#xA;Sep 19 07:29:22.618: INFO: &#x9;Container live-crawler ready: true, restart count 0&#xA;Sep 19 07:29:22.618: INFO: nvidia-device-plugin-vh85n started at 2018-09-17 07:07:17 +0000 UTC (1+1 container statuses recorded)&#xA;Sep 19 07:29:22.618: INFO: &#x9;Init container nvidia-driver-collector ready: true, restart count 0&#xA;Sep 19 07:29:22.618: INFO: &#x9;Container nvidia-device-plugin ready: true, restart count 0&#xA;Sep 19 07:29:22.618: INFO: custom-metrics-adapter-64f64964b4-f9gmc started at 2018-09-17 07:14:28 +0000 UTC (1+1 container statuses recorded)&#xA;Sep 19 07:29:22.618: INFO: &#x9;Init container init-adapter ready: true, restart count 0&#xA;Sep 19 07:29:22.619: INFO: &#x9;Container custom-metrics-adapter ready: true, restart count 0&#xA;Sep 19 07:29:22.619: INFO: logging-elk-logstash-7994656f46-r89mt started at 2018-09-17 07:15:22 +0000 UTC (0+1 container statuses recorded)&#xA;Sep 19 07:29:22.619: INFO: &#x9;Container logstash ready: true, restart count 0&#xA;Sep 19 07:29:22.619: INFO: monitoring-prometheus-elasticsearchexporter-655864cccb-c6tps started at 2018-09-17 07:15:46 +0000 UTC (0+2 container statuses recorded)&#xA;Sep 19 07:29:22.619: INFO: &#x9;Container elasticsearchexporter ready: true, restart count 0&#xA;Sep 19 07:29:22.619: INFO: &#x9;Container router ready: true, restart count 0&#xA;Sep 19 07:29:22.619: INFO: monitoring-prometheus-6677d7c77f-pnpt5 started at 2018-09-17 07:15:46 +0000 UTC (1+4 container statuses recorded)&#xA;Sep 19 07:29:22.619: INFO: &#x9;Init container init-container ready: true, restart count 0&#xA;Sep 19 07:29:22.619: INFO: &#x9;Container configmap-reload-alertrules ready: true, restart count 0&#xA;Sep 19 07:29:22.619: INFO: &#x9;Container configmap-reload-prometheus ready: true, restart count 0&#xA;Sep 19 07:29:22.619: INFO: &#x9;Container prometheus ready: true, restart count 0&#xA;Sep 19 07:29:22.619: INFO: &#x9;Container router ready: true, restart count 0&#xA;Sep 19 07:29:22.619: INFO: calico-node-gpm2c started at 2018-09-17 07:05:53 +0000 UTC (0+2 container statuses recorded)&#xA;Sep 19 07:29:22.619: INFO: &#x9;Container calico-node ready: true, restart count 0&#xA;Sep 19 07:29:22.619: INFO: &#x9;Container install-cni ready: true, restart count 0&#xA;Sep 19 07:29:22.619: INFO: metering-reader-xq8f2 started at 2018-09-17 07:14:11 +0000 UTC (1+1 container statuses recorded)&#xA;Sep 19 07:29:22.619: INFO: &#x9;Init container metering-reader-init ready: true, restart count 1&#xA;Sep 19 07:29:22.619: INFO: &#x9;Container metering-reader ready: true, restart count 0&#xA;Sep 19 07:29:22.676: INFO: &#xA;Latency metrics for node 10.46.6.171&#xA;Sep 19 07:29:22.676: INFO: &#xA;Logging node info for node 10.46.6.172&#xA;Sep 19 07:29:22.688: INFO: Node Info: &amp;Node{ObjectMeta:k8s_io_apimachinery_pkg_apis_meta_v1.ObjectMeta{Name:10.46.6.172,GenerateName:,Namespace:,SelfLink:/api/v1/nodes/10.46.6.172,UID:0c6032ef-ba48-11e8-b20e-fa163e707b2e,ResourceVersion:454742,Generation:0,CreationTimestamp:2018-09-17 07:05:24 +0000 UTC,DeletionTimestamp:&lt;nil&gt;,DeletionGracePeriodSeconds:nil,Labels:map[string]string{beta.kubernetes.io/arch: amd64,beta.kubernetes.io/os: linux,kubernetes.io/hostname: 10.46.6.172,node-role.kubernetes.io/va: true,va: true,},Annotations:map[string]string{node.alpha.kubernetes.io/ttl: 0,volumes.kubernetes.io/controller-managed-attach-detach: true,},OwnerReferences:[],Finalizers:[],ClusterName:,Initializers:nil,},Spec:NodeSpec{PodCIDR:,DoNotUse_ExternalID:,ProviderID:,Unschedulable:false,Taints:[{dedicated va NoSchedule &lt;nil&gt;}],ConfigSource:nil,},Status:NodeStatus{Capacity:ResourceList{cpu: {{8 0} {&lt;nil&gt;} 8 DecimalSI},ephemeral-storage: {{107362627584 0} {&lt;nil&gt;} 104846316Ki BinarySI},hugepages-1Gi: {{0 0} {&lt;nil&gt;} 0 DecimalSI},hugepages-2Mi: {{0 0} {&lt;nil&gt;} 0 DecimalSI},memory: {{16825622528 0} {&lt;nil&gt;}  BinarySI},pods: {{80 0} {&lt;nil&gt;} 80 DecimalSI},},Allocatable:ResourceList{cpu: {{8 0} {&lt;nil&gt;} 8 DecimalSI},ephemeral-storage: {{107257769984 0} {&lt;nil&gt;} 104743916Ki BinarySI},hugepages-1Gi: {{0 0} {&lt;nil&gt;} 0 DecimalSI},hugepages-2Mi: {{0 0} {&lt;nil&gt;} 0 DecimalSI},memory: {{16720764928 0} {&lt;nil&gt;}  BinarySI},pods: {{80 0} {&lt;nil&gt;} 80 DecimalSI},},Phase:,Conditions:[{OutOfDisk False 2018-09-19 07:29:19 +0000 UTC 2018-09-17 07:05:24 +0000 UTC KubeletHasSufficientDisk kubelet has sufficient disk space available} {MemoryPressure False 2018-09-19 07:29:19 +0000 UTC 2018-09-17 07:05:24 +0000 UTC KubeletHasSufficientMemory kubelet has sufficient memory available} {DiskPressure False 2018-09-19 07:29:19 +0000 UTC 2018-09-17 07:05:24 +0000 UTC KubeletHasNoDiskPressure kubelet has no disk pressure} {PIDPressure False 2018-09-19 07:29:19 +0000 UTC 2018-09-17 07:05:24 +0000 UTC KubeletHasSufficientPID kubelet has sufficient PID available} {Ready True 2018-09-19 07:29:19 +0000 UTC 2018-09-17 07:06:04 +0000 UTC KubeletReady kubelet is posting ready status}],Addresses:[{InternalIP 10.46.6.172} {Hostname 10.46.6.172}],DaemonEndpoints:NodeDaemonEndpoints{KubeletEndpoint:DaemonEndpoint{Port:10250,},},NodeInfo:NodeSystemInfo{MachineID:52ca0d2c3fb341c79b059a96d10571a6,SystemUUID:3D48E3C5-99D8-4CA3-9AB5-A8540613166F,BootID:d81d494e-264a-48ce-a4f2-76b16f6ece1f,KernelVersion:3.10.0-862.9.1.el7.x86_64,OSImage:Red Hat Enterprise Linux,ContainerRuntimeVersion:docker://18.3.1,KubeletVersion:v1.11.1+icp-ee,KubeProxyVersion:v1.11.1+icp-ee,OperatingSystem:linux,Architecture:amd64,},Images:[{[lzj.icp:8500/ibmcom/statsd-amd64@sha256:5ee11bc24bced45a77d9d630348680f319c09d9d3b2230b04518d1e2a5263ae2 lzj.icp:8500/ibmcom/statsd@sha256:af7a9d0c4f029d0247da41f67c7e87f3655175962b79a189a6a9ace0ff841049 lzj.icp:8500/ibmcom/statsd-amd64:0.7.2.1 lzj.icp:8500/ibmcom/statsd:0.7.2.1] 1234731808} {[lzj.icp:8500/ibmcom/kafka-amd64@sha256:0d6d348ccd7aa2854d60791331280e58db92029a522c8bfb3eb40c7c0913ca8f lzj.icp:8500/ibmcom/kafka@sha256:f0b4a833c3da439cadb783bb9cb578f96b1328557b8402a98f01c5c21497d93a lzj.icp:8500/ibmcom/kafka-amd64:0.10.0.2 lzj.icp:8500/ibmcom/kafka:0.10.0.2] 1114805679} {[lzj.icp:8500/ibmcom/iam-token-service-amd64@sha256:9211161e5b5b9d892a99b46fad4429333ceb7143b4039419df7ea0efa36381a9 lzj.icp:8500/ibmcom/iam-token-service@sha256:1b9308e68de93b43e9a85c0e005d80d423e88db7d88ee7114a80b2fade7a78ed lzj.icp:8500/ibmcom/iam-token-service-amd64:3.1.0 lzj.icp:8500/ibmcom/iam-token-service:3.1.0] 1051060152} {[lzj.icp:8500/ibmcom/icp-platform-auth-amd64@sha256:abc258009b8696a83214b7a9d9df63f6d83e19cfca2987c4836b0eadfa4c99c7 lzj.icp:8500/ibmcom/icp-platform-auth@sha256:c544b90a099b6c29ba4ee7f2ad4dded1277c948a0826b38ebe3250cdc7d1529c lzj.icp:8500/ibmcom/icp-platform-auth-amd64:3.1.0 lzj.icp:8500/ibmcom/icp-platform-auth:3.1.0] 1028283742} {[lzj.icp:8500/ibmcom/reg-crawler-amd64@sha256:9e5d4ebbac3dd6cbf9f892b5bd634f89fae3d4b2e6a23debd3ecd322e3eb817e lzj.icp:8500/ibmcom/reg-crawler@sha256:a9033d9cb2406d11c616fdfedc9bc56bc4ef970bd0a7b02899b3e5c1b353799b lzj.icp:8500/ibmcom/reg-crawler-amd64:1.3.1 lzj.icp:8500/ibmcom/reg-crawler:1.3.1] 1007817363} {[lzj.icp:8500/ibmcom/live-crawler-amd64@sha256:37a79ec87bd3c8b9af25cf1e25f4f14281ffb9f5ebeaf61c0b7c8a5799baf782 lzj.icp:8500/ibmcom/live-crawler@sha256:1a648615e7b439f093697f65350262823e6c711c4b21ea81596ced1c28a48133 lzj.icp:8500/ibmcom/live-crawler-amd64:1.3.1 lzj.icp:8500/ibmcom/live-crawler:1.3.1] 987515538} {[lzj.icp:8500/ibmcom/cos-indexer-amd64@sha256:adf28ff960ebdcbfcfa5e4522b81aa3565338f8d640dad611a1c3f0d3894393b lzj.icp:8500/ibmcom/cos-indexer@sha256:bb31dc8ef37e8482b2b9dedc0e54f46f7d3c678b22a3130eca9dde80fed65df1 lzj.icp:8500/ibmcom/cos-indexer-amd64:1.3.1 lzj.icp:8500/ibmcom/cos-indexer:1.3.1] 846578165} {[lzj.icp:8500/ibmcom/secure-config-annotator-amd64@sha256:26e845c6a252e0c5ae73e764645993b3270e289d1a2e9784b06ddd7898ca45d9 lzj.icp:8500/ibmcom/secure-config-annotator@sha256:cfaadd13c4ef4bdc937d296faff78e98473be8c9c6ae6b4a38927c952948914f lzj.icp:8500/ibmcom/secure-config-annotator-amd64:1.3.1 lzj.icp:8500/ibmcom/secure-config-annotator:1.3.1] 835555196} {[lzj.icp:8500/ibmcom/hyperkube-amd64@sha256:9eaadf7c2a417ee2a9a219e2eadf21884742199a484be2ca737f0e8a178d490a lzj.icp:8500/ibmcom/hyperkube@sha256:9fbddbf2d04354912c8a981395493d250474cb9fa587fa91119e69467078b180 lzj.icp:8500/ibmcom/hyperkube-amd64:v1.11.1-ee lzj.icp:8500/ibmcom/hyperkube:v1.11.1-ee] 782626408} {[lzj.icp:8500/ibmcom/compliance-annotator-amd64@sha256:5d8bbbef3a7dc54ba9addb256d2aa8a3f7d5c27a454ff4b7ee583b217dac2ce4 lzj.icp:8500/ibmcom/compliance-annotator@sha256:be00ccb777b1e90601cc563112e32ae831b0fb7d4933f1aa3c49379cabe41c3f lzj.icp:8500/ibmcom/compliance-annotator-amd64:1.3.1 lzj.icp:8500/ibmcom/compliance-annotator:1.3.1] 773932738} {[lzj.icp:8500/ibmcom/icp-logstash-amd64@sha256:02a683ee6ad9eeed7ea8ebb1de713aaf902a9e20a39ccc0294ee1f947f1bbd73 lzj.icp:8500/ibmcom/icp-logstash@sha256:a182a00827aefe7f5f95b18fa1ec8f6897989290b37f3d98bd6440ddda796433 lzj.icp:8500/ibmcom/icp-logstash-amd64:5.5.1 lzj.icp:8500/ibmcom/icp-logstash:5.5.1] 764906887} {[lzj.icp:8500/ibmcom/process-ma-hf-amd64@sha256:ef0d164350d07600f8037082db7d98cf81b9c554d8a60692ae90b8d0239a8cdc lzj.icp:8500/ibmcom/process-ma-hf@sha256:114b48d67e46f6ad3624dfa99baab8f9c62fb5ba88d210d0f42e106eda4e0ee8 lzj.icp:8500/ibmcom/process-ma-hf-amd64:1.3.1 lzj.icp:8500/ibmcom/process-ma-hf:1.3.1] 758635128} {[lzj.icp:8500/ibmcom/vulnerability-annotator-amd64@sha256:febedf85b65e0d1800e67249274d474d4ce67e8041e81487f76bce727cb39bd4 lzj.icp:8500/ibmcom/vulnerability-annotator@sha256:2ca368468e5d1c7ed82b3947b8d8904da34969bd72e67b382bfd0579fe3f148d lzj.icp:8500/ibmcom/vulnerability-annotator-amd64:1.3.1 lzj.icp:8500/ibmcom/vulnerability-annotator:1.3.1] 757013017} {[lzj.icp:8500/ibmcom/py-generic-indexer-amd64@sha256:45cb17e23e15f4dfe44471309af12f0655aad5f8e859c718f393290f220b02b2 lzj.icp:8500/ibmcom/py-generic-indexer@sha256:63a28bc72b6588e508ad23b569a228d6219e2d6fdddb2b1b073e1d2c70ec7641 lzj.icp:8500/ibmcom/py-generic-indexer-amd64:1.3.1 lzj.icp:8500/ibmcom/py-generic-indexer:1.3.1] 755588945} {[lzj.icp:8500/ibmcom/icp-inception-amd64@sha256:1dad180d14ae732d17ca5cf41b87dbb316c072323f186d60a08a753f904eb5b2 lzj.icp:8500/ibmcom/icp-inception@sha256:d395315f0fde94a5cacd9945cd7932b4eda45fe404a6b9d55a8ec8ebeed2a0a8 lzj.icp:8500/ibmcom/icp-inception-amd64:3.1.0-ee lzj.icp:8500/ibmcom/icp-inception:3.1.0-ee] 744155119} {[lzj.icp:8500/ibmcom/config-parser-amd64@sha256:7d721e0b5a827921ac16fa9e7570db225211e6dd700cdeaba1d28ba02ff8ef6d lzj.icp:8500/ibmcom/config-parser@sha256:2b7d6f1ea57d6e4d9caaca5d0e2bb35d2e6db316e2f18ef9a51b5bfa48119f69 lzj.icp:8500/ibmcom/config-parser-amd64:1.3.1 lzj.icp:8500/ibmcom/config-parser:1.3.1] 739243486} {[lzj.icp:8500/ibmcom/iam-policy-administration-amd64@sha256:e1941aa09a5b692505cb3be3e497d3ff9acb900786b9a2c8c4c00d0243b37dd0 lzj.icp:8500/ibmcom/iam-policy-administration@sha256:ab0d5c50f5e5fc9a537e97183ed694e34d57fa00121bc08bedb261b80e29b9a4 lzj.icp:8500/ibmcom/iam-policy-administration-amd64:3.1.0 lzj.icp:8500/ibmcom/iam-policy-administration:3.1.0] 711947327} {[lzj.icp:8500/ibmcom/password-annotator-amd64@sha256:bca1b6b222d8ea8ade174a8cc1a549f161d75d3e9d69881f08a1fb316a8e27d3 lzj.icp:8500/ibmcom/password-annotator@sha256:5c7e8db45db52a6bca7d76ae8c2ff74eb43644f7959d66ddc67454bcbca765ec lzj.icp:8500/ibmcom/password-annotator-amd64:1.3.1 lzj.icp:8500/ibmcom/password-annotator:1.3.1] 707627907} {[lzj.icp:8500/ibmcom/notification-dispatcher-amd64@sha256:ec8dfbc351a0d758488f9f8bfa17c3182a5c02819a6ebf7144ab914a2233cf57 lzj.icp:8500/ibmcom/notification-dispatcher@sha256:6d7e6b836f0cfeb5fb18cd29fdd8315fb44013f8d21830b9c5ab60b605c5e3c5 lzj.icp:8500/ibmcom/notification-dispatcher-amd64:1.3.1 lzj.icp:8500/ibmcom/notification-dispatcher:1.3.1] 707588442} {[lzj.icp:8500/ibmcom/sas-base-amd64@sha256:9651b1149c62d5a0968aaeffe71f2da68cd7e07ff8d7ea67538278c00ab08457 lzj.icp:8500/ibmcom/sas-base@sha256:56bb0790e5f06276b7435c731687f733901fedc80af299dc8a8eaf72d7365560 lzj.icp:8500/ibmcom/sas-base-amd64:1.3.1 lzj.icp:8500/ibmcom/sas-base:1.3.1] 653746081} {[lzj.icp:8500/ibmcom/ma-file-annotator-amd64@sha256:8caa6280fd845fd524ad874a6b243510ebf085d58c989229020fcfc743492632 lzj.icp:8500/ibmcom/ma-file-annotator@sha256:cd8dc2a26e2a84bf7d8ba982c6a21c034239de5e2dc12767d3f60985e495d957 lzj.icp:8500/ibmcom/ma-file-annotator-amd64:1.3.1 lzj.icp:8500/ibmcom/ma-file-annotator:1.3.1] 653745236} {[lzj.icp:8500/ibmcom/icp-kibana-amd64@sha256:8b69887ac5297e1d2e68b9c2ce885b9a888f6c278ca1538acb0f03206b48502a lzj.icp:8500/ibmcom/icp-kibana@sha256:6e2746da64a64f98c5761b87d5e185a9c2ac75c9c4e767ab284062b1847b7571 lzj.icp:8500/ibmcom/icp-kibana-amd64:5.5.1 lzj.icp:8500/ibmcom/icp-kibana:5.5.1] 639622018} {[lzj.icp:8500/ibmcom/icp-platform-api-amd64@sha256:1fc47925c2611aef12631b3f3806308f55a298074aebc561fd04cf8a7691c669 lzj.icp:8500/ibmcom/icp-platform-api@sha256:6b5585999f45fa6dc7a6a1d8bcb4d544c96a3e1fd3bd9f133ebed2e356985a0e lzj.icp:8500/ibmcom/icp-platform-api-amd64:3.1.0 lzj.icp:8500/ibmcom/icp-platform-api:3.1.0] 612589125} {[lzj.icp:8500/ibmcom/iam-policy-decision-amd64@sha256:d49eb3845c57bb8370a477949d92da10a178b81ade50f0e9d970981fadd6686d lzj.icp:8500/ibmcom/iam-policy-decision@sha256:ecd9f36e17e57c6be41e744abc17baacddd28178485d29cb112ffc5e558d2c09 lzj.icp:8500/ibmcom/iam-policy-decision-amd64:3.1.0 lzj.icp:8500/ibmcom/iam-policy-decision:3.1.0] 559718344} {[lzj.icp:8500/ibmcom/rootkit-annotator-amd64@sha256:caf6c24136b8785d901f346a640d673b55fe105c3617cfcb432ee2006f5b1cf4 lzj.icp:8500/ibmcom/rootkit-annotator@sha256:9aabe418ab5c5b3ce86dcfad5dc63a14124bf56227a7decb6656382f2cf9606e lzj.icp:8500/ibmcom/rootkit-annotator-amd64:1.3.1 lzj.icp:8500/ibmcom/rootkit-annotator:1.3.1] 549434506} {[lzj.icp:8500/ibmcom/icp-elasticsearch-amd64@sha256:0063a7a931ca4e52d8f7a51f2bdb010345f4373b5b904b52e5c8a48ec0c1fde7 lzj.icp:8500/ibmcom/icp-elasticsearch@sha256:b410aacb6005fe24bfd87b045ea26fde3d6eb3ca52c3f0e4560cdc208944ba50 lzj.icp:8500/ibmcom/icp-elasticsearch-amd64:5.5.1 lzj.icp:8500/ibmcom/icp-elasticsearch:5.5.1] 520121248} {[lzj.icp:8500/ibmcom/logging-pki-init-amd64@sha256:cc4bfa085e1ae99120ee526acd3e62d205e10de6f1c773c521fc5b933914f6a8 lzj.icp:8500/ibmcom/logging-pki-init@sha256:21aa9cbd05a849b4891b15cf636f73545f6001f16c82f8eeed2e90b4f9312377 lzj.icp:8500/ibmcom/logging-pki-init-amd64:2.0.0 lzj.icp:8500/ibmcom/logging-pki-init:2.0.0] 501921135} {[lzj.icp:8500/ibmcom/searchguard-init-amd64@sha256:d19ce1d27f406945d4ed78b0f07007998c2ab3889086e502924847c2186db546 lzj.icp:8500/ibmcom/searchguard-init@sha256:3d0d8a8404a9df5ad238bce1e0542cdda609cc445dfc3964952243d9fc103276 lzj.icp:8500/ibmcom/searchguard-init-amd64:2.0.0 lzj.icp:8500/ibmcom/searchguard-init:2.0.0] 457030441} {[lzj.icp:8500/ibmcom/metering-ui-amd64@sha256:3628a8fe41183c08ea0b02e2e798e3649e4aebe2c2405c34572b9eb7c7c4d9a8 lzj.icp:8500/ibmcom/metering-ui@sha256:d6453f9afecc9b1fc778c195e20bbb39d4ef6262af2f7a9a5ce3cddc259fec99 lzj.icp:8500/ibmcom/metering-ui-amd64:3.1.0 lzj.icp:8500/ibmcom/metering-ui:3.1.0] 385577105} {[lzj.icp:8500/ibmcom/heketi-amd64@sha256:c5b579a4f219c87990f861eb61de86cb9cfb51b6d230b8c299df7d9fd3d02d0e lzj.icp:8500/ibmcom/heketi@sha256:eb6875247a56829a20d0949f034b08a0e682201ab1d88d3cba71972932c254f5 lzj.icp:8500/ibmcom/heketi-amd64:v7.0.0 lzj.icp:8500/ibmcom/heketi:v7.0.0] 384720377} {[lzj.icp:8500/ibmcom/icp-mongodb-amd64@sha256:a305ae8bc309898d86bf60aee968846db3602f77b25924640d5f08a2389ee99d lzj.icp:8500/ibmcom/icp-mongodb@sha256:fe8b55caf7bb855fd4e244450af5195f2243b766c6934d464128bf982b29b345 lzj.icp:8500/ibmcom/icp-mongodb-amd64:3.1.0 lzj.icp:8500/ibmcom/icp-mongodb:3.1.0] 379353410} {[lzj.icp:8500/ibmcom/icp-catalog-ui-amd64@sha256:33993b4eab189e3c78fe27799017da770d47523cf6831460741008bf91297d6d lzj.icp:8500/ibmcom/icp-catalog-ui@sha256:049f3c4946a0ad2c10507e5e42a464448e858fb3ae606cfd84825d340adb1125 lzj.icp:8500/ibmcom/icp-catalog-ui-amd64:3.1.0 lzj.icp:8500/ibmcom/icp-catalog-ui:3.1.0] 363781304} {[lzj.icp:8500/ibmcom/nginx-ingress-controller-amd64@sha256:63b48dd3ba635aa65409f7d6a319e293697810c1b9e885e6255bebf36a2506ab lzj.icp:8500/ibmcom/nginx-ingress-controller@sha256:f68b2ce26292e02ef3dbc6cfae17cec3d54b9afee9bf5298bf95d005c0783143 lzj.icp:8500/ibmcom/nginx-ingress-controller-amd64:0.16.2 lzj.icp:8500/ibmcom/nginx-ingress-controller:0.16.2] 361632894} {[lzj.icp:8500/ibmcom/mariadb-amd64@sha256:1f9876179c32fcf463804f75cbf2fb031106edf2be9d5dbf6705375ca53930bb lzj.icp:8500/ibmcom/mariadb@sha256:2272622e7f6786220d7ee2b482a3050bd34c3e1ecdc99af6175a146610222763 lzj.icp:8500/ibmcom/mariadb-amd64:10.2.17 lzj.icp:8500/ibmcom/mariadb:10.2.17] 358991946} {[lzj.icp:8500/ibmcom/k8szk-amd64@sha256:a9ee22a4df14654552a02303e4560623244683692fd298dd2fb71e9dd66219f3 lzj.icp:8500/ibmcom/k8szk@sha256:20cfeb163fb828c3c3a7c0baf2883e90c72c8d97d20116253903e82aa2be801f lzj.icp:8500/ibmcom/k8szk-amd64:v3 lzj.icp:8500/ibmcom/k8szk:v3] 331472973} {[lzj.icp:8500/ibmcom/gluster-amd64@sha256:647caedb536eb7b8c5c8b0a2b69e52d2a34be9e6c9c7b9c1b21d14fcfa261886 lzj.icp:8500/ibmcom/gluster@sha256:eeabf9b160370078d12a4c2b84f1a9772fe10c64446f0c2251eb53b8b5277baa lzj.icp:8500/ibmcom/gluster-amd64:v4.0.2 lzj.icp:8500/ibmcom/gluster:v4.0.2] 324265531} {[lzj.icp:8500/ibmcom/istio-grafana-amd64@sha256:381a2dd3a5addbc5d43920bc19bb15ba6dbd422e4a9d91163108e72c5a63234c lzj.icp:8500/ibmcom/istio-grafana@sha256:f4fdaf4a51b946f6d4fb9aa82cdbfef53c8e0b7b2223078f9d7f62bb28d3259b lzj.icp:8500/ibmcom/istio-grafana-amd64:1.0.0.1 lzj.icp:8500/ibmcom/istio-grafana:1.0.0.1] 324187770} {[lzj.icp:8500/ibmcom/icp-filebeat-amd64@sha256:03af9b78dad6c2ba857975d10c81e781460796dff1ff1163ea4596f4aa10601d lzj.icp:8500/ibmcom/icp-filebeat@sha256:72669dde64d7ab85bbb9e93428efe548b2693a4eae5168a4705f6e30cd20e584 lzj.icp:8500/ibmcom/icp-filebeat-amd64:5.5.1 lzj.icp:8500/ibmcom/icp-filebeat:5.5.1] 317104874} {[lzj.icp:8500/ibmcom/istio-proxyv2-amd64@sha256:cd77e75fa85ce74914e1b7b0bef980ece8a62ef0d776c9ef51a0d7d30b4b64a0 lzj.icp:8500/ibmcom/istio-proxyv2@sha256:9c94d736c8cbb41e2c5b0b672530eee0df6cbb628d57f4ddaec9f4ff4f49ce35 lzj.icp:8500/ibmcom/istio-proxyv2-amd64:1.0.0.1 lzj.icp:8500/ibmcom/istio-proxyv2:1.0.0.1] 311276139} {[lzj.icp:8500/ibmcom/istio-pilot-amd64@sha256:63352073a964037fd37f6150228231d2e5eca7e0c2920405d6269326d3c54263 lzj.icp:8500/ibmcom/istio-pilot@sha256:ad129a4be7b6d1536c384efd03fb570b973b9c77a56a48e6b9cfe192a76c111e lzj.icp:8500/ibmcom/istio-pilot-amd64:1.0.0.1 lzj.icp:8500/ibmcom/istio-pilot:1.0.0.1] 309502004} {[lzj.icp:8500/ibmcom/fluentd-amd64@sha256:384a99b8d941c93f96ee5b5cbae5b70500219a3f71c73cf4eddd20d9d693e3b3 lzj.icp:8500/ibmcom/fluentd@sha256:f85a5ffd86438f1a73d04caf6e33ef3474675d9fa0947431f4d0a9602fc981af lzj.icp:8500/ibmcom/fluentd-amd64:v1.2.2-icp lzj.icp:8500/ibmcom/fluentd:v1.2.2-icp] 270902701} {[lzj.icp:8500/ibmcom/icp-identity-manager-amd64@sha256:632f31acd0fcfc3d0cebea31cfb71018f6712bd1a1b4da7476942b3c23aa3521 lzj.icp:8500/ibmcom/icp-identity-manager@sha256:993462e02a42c15b03722d935809476c8e10e6e0b3a2669eb528081e92a49859 lzj.icp:8500/ibmcom/icp-identity-manager-amd64:3.1.0 lzj.icp:8500/ibmcom/icp-identity-manager:3.1.0] 268667523} {[lzj.icp:8500/ibmcom/elasticsearch-plugin-searchguard-amd64@sha256:28f88d06bbbc073162702064c1be4ad06272e9021cbc0f929ba8c6da2ca25ae6 lzj.icp:8500/ibmcom/elasticsearch-plugin-searchguard@sha256:f47116021e3eec7b2fed9f6ed8bd77fd890457e5a1546dda7f863c032d4395b1 lzj.icp:8500/ibmcom/elasticsearch-plugin-searchguard-amd64:2.0.0 lzj.icp:8500/ibmcom/elasticsearch-plugin-searchguard:2.0.0] 267864279} {[lzj.icp:8500/ibmcom/kiali-amd64@sha256:bec63b454cf2e597c61f6a9943144050e5e6fc7a4f6474bc3bb6b627ba20c71c lzj.icp:8500/ibmcom/kiali@sha256:71a50e9885495157454657bc93842a7310e96e822a4117ad751ad81af83fde5e lzj.icp:8500/ibmcom/kiali-amd64:istio-release-1.0.0.1 lzj.icp:8500/ibmcom/kiali:istio-release-1.0.0.1] 265771300} {[lzj.icp:8500/ibmcom/calico-node-amd64@sha256:9871f4dde9eab9fd804b12f3114da36505ff5c220e2323b7434eec24e3b23ac5 lzj.icp:8500/ibmcom/calico-node@sha256:85a23d8030137d49663d3d82844a61998331606de9fc523dfdd0a75be7fb9828 lzj.icp:8500/ibmcom/calico-node-amd64:v3.1.3 lzj.icp:8500/ibmcom/calico-node:v3.1.3] 248202699} {[lzj.icp:8500/ibmcom/grafana-amd64@sha256:dc3566257a0c716caedfb33127d8ee385290c1dda006bebfb75c376d56b30c88 lzj.icp:8500/ibmcom/grafana@sha256:5d2739d3ec5c7f6ea66d69caa918b764660b99a3d37cb1f4123f1a9623ce8e38 lzj.icp:8500/ibmcom/grafana-amd64:5.2.0 lzj.icp:8500/ibmcom/grafana:5.2.0] 245297582} {[lzj.icp:8500/ibmcom/indices-cleaner-amd64@sha256:e6c6453d54012488e9ebfaa9e4d829f567d8e66b24c1613e6d88ca192ed5e85b lzj.icp:8500/ibmcom/indices-cleaner@sha256:31dac3be1246f17dddade06b517c073244ce56d85bc54135fdaf010dbb0bca10 lzj.icp:8500/ibmcom/indices-cleaner-amd64:1.0.0 lzj.icp:8500/ibmcom/indices-cleaner:1.0.0] 238131553} {[lzj.icp:8500/ibmcom/icp-identity-provider-amd64@sha256:24dba8b07c8295eef99abbf8d83041908516e4e50e4e4cfbbbcd53bdf415dda1 lzj.icp:8500/ibmcom/icp-identity-provider@sha256:b5bf63419b53ba550cad7a1b835d0d0eaae1fde8851c7936f8deb603fef673a6 lzj.icp:8500/ibmcom/icp-identity-provider-amd64:3.1.0 lzj.icp:8500/ibmcom/icp-identity-provider:3.1.0] 224286517} {[lzj.icp:8500/ibmcom/curl-amd64@sha256:aad05b4e4529f7e70516d8d3028cae6cd1d50de738ce164f2a532ce2470ac43f lzj.icp:8500/ibmcom/curl@sha256:adf92a267e351914d041a56d64ebe80331c45f8e20ab23b7ada67bea78da9996 lzj.icp:8500/ibmcom/curl-amd64:4.0.0 lzj.icp:8500/ibmcom/curl:4.0.0] 221192597} {[lzj.icp:8500/ibmcom/icp-audit-service-amd64@sha256:9add202c06a43da647380c860d9139fa059701fe103c1f229281215bf99dbbd3 lzj.icp:8500/ibmcom/icp-audit-service@sha256:7c3d710c31f6f5ae0227edc1599bdf64bc82e4fcd2b3aa8f197148240d2ab01c lzj.icp:8500/ibmcom/icp-audit-service-amd64:3.1.0 lzj.icp:8500/ibmcom/icp-audit-service:3.1.0] 215897363}],VolumesInUse:[],VolumesAttached:[],Config:&amp;NodeConfigStatus{Assigned:nil,Active:nil,LastKnownGood:nil,Error:,},},}&#xA;Sep 19 07:29:22.689: INFO: &#xA;Logging kubelet events for node 10.46.6.172&#xA;Sep 19 07:29:22.693: INFO: &#xA;Logging pods the kubelet thinks is on node 10.46.6.172&#xA;Sep 19 07:29:22.718: INFO: vulnerability-advisor-compliance-annotator-d5659b9d9-kmn8q started at 2018-09-17 07:19:03 +0000 UTC (0+1 container statuses recorded)&#xA;Sep 19 07:29:22.718: INFO: &#x9;Container compliance-annotator ready: true, restart count 4&#xA;Sep 19 07:29:22.718: INFO: vulnerability-advisor-rootkit-annotator-74cb65b5cf-2dk5j started at 2018-09-17 07:19:08 +0000 UTC (0+1 container statuses recorded)&#xA;Sep 19 07:29:22.718: INFO: &#x9;Container rootkit-annotator ready: true, restart count 3&#xA;Sep 19 07:29:22.718: INFO: vulnerability-advisor-sas-mgmt-64fb95bc44-j9vjc started at 2018-09-17 07:19:08 +0000 UTC (0+1 container statuses recorded)&#xA;Sep 19 07:29:22.718: INFO: &#x9;Container sas-mgmt-server ready: true, restart count 0&#xA;Sep 19 07:29:22.718: INFO: monitoring-prometheus-nodeexporter-v4l7d started at 2018-09-17 07:15:44 +0000 UTC (0+2 container statuses recorded)&#xA;Sep 19 07:29:22.719: INFO: &#x9;Container nodeexporter ready: true, restart count 0&#xA;Sep 19 07:29:22.719: INFO: &#x9;Container router ready: true, restart count 0&#xA;Sep 19 07:29:22.719: INFO: vulnerability-advisor-vulnerability-indexer-7c79b4c964-2n8cg started at 2018-09-17 07:19:07 +0000 UTC (0+1 container statuses recorded)&#xA;Sep 19 07:29:22.719: INFO: &#x9;Container py-vulnerability-indexer ready: true, restart count 0&#xA;Sep 19 07:29:22.719: INFO: vulnerability-advisor-secconfig-annotator-7dbcf5d9f4-fkmkb started at 2018-09-17 07:19:10 +0000 UTC (0+1 container statuses recorded)&#xA;Sep 19 07:29:22.719: INFO: &#x9;Container secconfig-annotator ready: true, restart count 0&#xA;Sep 19 07:29:22.719: INFO: vulnerability-advisor-statsd-7746859df4-jjm6f started at 2018-09-17 07:19:10 +0000 UTC (0+1 container statuses recorded)&#xA;Sep 19 07:29:22.719: INFO: &#x9;Container statsd ready: true, restart count 0&#xA;Sep 19 07:29:22.719: INFO: vulnerability-advisor-usncrawler-8h976 started at 2018-09-17 07:19:11 +0000 UTC (0+1 container statuses recorded)&#xA;Sep 19 07:29:22.719: INFO: &#x9;Container usnloader-job ready: false, restart count 0&#xA;Sep 19 07:29:22.719: INFO: calico-node-wsknj started at 2018-09-17 07:05:53 +0000 UTC (0+2 container statuses recorded)&#xA;Sep 19 07:29:22.719: INFO: &#x9;Container calico-node ready: true, restart count 0&#xA;Sep 19 07:29:22.719: INFO: &#x9;Container install-cni ready: true, restart count 0&#xA;Sep 19 07:29:22.719: INFO: vulnerability-advisor-cos-indexer-57899b7dd6-7cpf8 started at 2018-09-17 07:19:04 +0000 UTC (0+1 container statuses recorded)&#xA;Sep 19 07:29:22.719: INFO: &#x9;Container cos-indexer ready: true, restart count 3&#xA;Sep 19 07:29:22.719: INFO: vulnerability-advisor-kafka-0 started at 2018-09-17 07:19:13 +0000 UTC (0+1 container statuses recorded)&#xA;Sep 19 07:29:22.719: INFO: &#x9;Container kafka-server ready: true, restart count 2&#xA;Sep 19 07:29:22.719: INFO: vulnerability-advisor-password-annotator-79b5d794b5-wnwqn started at 2018-09-17 07:19:05 +0000 UTC (0+1 container statuses recorded)&#xA;Sep 19 07:29:22.719: INFO: &#x9;Container config-parser ready: true, restart count 3&#xA;Sep 19 07:29:22.719: INFO: vulnerability-advisor-vulnerability-annotator-bcbf5595f-hxwst started at 2018-09-17 07:19:10 +0000 UTC (0+1 container statuses recorded)&#xA;Sep 19 07:29:22.719: INFO: &#x9;Container va-annotator ready: true, restart count 3&#xA;Sep 19 07:29:22.719: INFO: vulnerability-advisor-minio-0 started at 2018-09-17 07:19:16 +0000 UTC (1+1 container statuses recorded)&#xA;Sep 19 07:29:22.719: INFO: &#x9;Init container wait-kafka ready: true, restart count 1&#xA;Sep 19 07:29:22.719: INFO: &#x9;Container minio-server ready: true, restart count 0&#xA;Sep 19 07:29:22.719: INFO: nvidia-device-plugin-w9jr8 started at 2018-09-17 07:07:17 +0000 UTC (1+1 container statuses recorded)&#xA;Sep 19 07:29:22.719: INFO: &#x9;Init container nvidia-driver-collector ready: true, restart count 0&#xA;Sep 19 07:29:22.719: INFO: &#x9;Container nvidia-device-plugin ready: true, restart count 0&#xA;Sep 19 07:29:22.719: INFO: metering-reader-gsrdg started at 2018-09-17 07:14:11 +0000 UTC (1+1 container statuses recorded)&#xA;Sep 19 07:29:22.719: INFO: &#x9;Init container metering-reader-init ready: true, restart count 1&#xA;Sep 19 07:29:22.719: INFO: &#x9;Container metering-reader ready: true, restart count 0&#xA;Sep 19 07:29:22.719: INFO: logging-elk-filebeat-ds-vpk48 started at 2018-09-17 07:15:20 +0000 UTC (0+1 container statuses recorded)&#xA;Sep 19 07:29:22.719: INFO: &#x9;Container filebeat ready: true, restart count 0&#xA;Sep 19 07:29:22.719: INFO: vulnerability-advisor-compliance-indexer-7cbdc64b57-47lmd started at 2018-09-17 07:19:07 +0000 UTC (0+1 container statuses recorded)&#xA;Sep 19 07:29:22.719: INFO: &#x9;Container py-compliance-indexer ready: true, restart count 0&#xA;Sep 19 07:29:22.719: INFO: vulnerability-advisor-minio-cleaner-1537228740-55f4w started at 2018-09-17 23:59:03 +0000 UTC (0+1 container statuses recorded)&#xA;Sep 19 07:29:22.719: INFO: &#x9;Container cleaner ready: false, restart count 0&#xA;Sep 19 07:29:22.719: INFO: audit-logging-fluentd-ds-8bh4t started at 2018-09-17 07:18:46 +0000 UTC (0+1 container statuses recorded)&#xA;Sep 19 07:29:22.719: INFO: &#x9;Container fluentd ready: true, restart count 0&#xA;Sep 19 07:29:22.719: INFO: vulnerability-advisor-live-crawler-84st2 started at 2018-09-17 07:19:03 +0000 UTC (0+1 container statuses recorded)&#xA;Sep 19 07:29:22.719: INFO: &#x9;Container live-crawler ready: true, restart count 0&#xA;Sep 19 07:29:22.719: INFO: vulnerability-advisor-process-ma-annotator-58f47d5b5f-xbxrc started at 2018-09-17 07:19:06 +0000 UTC (0+2 container statuses recorded)&#xA;Sep 19 07:29:22.719: INFO: &#x9;Container icp-audit-service ready: true, restart count 0&#xA;Sep 19 07:29:22.719: INFO: &#x9;Container process-ma-annotator ready: true, restart count 2&#xA;Sep 19 07:29:22.719: INFO: vulnerability-advisor-notification-dispatcher-86f8bf4b4d-cfdzb started at 2018-09-17 07:19:04 +0000 UTC (0+1 container statuses recorded)&#xA;Sep 19 07:29:22.719: INFO: &#x9;Container notification-dispatcher ready: true, restart count 3&#xA;Sep 19 07:29:22.719: INFO: vulnerability-advisor-process-ma-annotator-init-869545d547nn27w started at 2018-09-17 07:19:06 +0000 UTC (0+1 container statuses recorded)&#xA;Sep 19 07:29:22.719: INFO: &#x9;Container process-ma-annotator ready: true, restart count 0&#xA;Sep 19 07:29:22.719: INFO: vulnerability-advisor-process-ma-annotator-58f47d5b5f-4wglg started at 2018-09-17 07:19:06 +0000 UTC (0+2 container statuses recorded)&#xA;Sep 19 07:29:22.719: INFO: &#x9;Container icp-audit-service ready: true, restart count 0&#xA;Sep 19 07:29:22.719: INFO: &#x9;Container process-ma-annotator ready: true, restart count 1&#xA;Sep 19 07:29:22.719: INFO: vulnerability-advisor-rootkit-indexer-cd8b4646b-xlhwq started at 2018-09-17 07:19:07 +0000 UTC (0+1 container statuses recorded)&#xA;Sep 19 07:29:22.719: INFO: &#x9;Container py-rootkit-indexer ready: true, restart count 0&#xA;Sep 19 07:29:22.719: INFO: vulnerability-advisor-secconfig-indexer-674647df7c-qq5ff started at 2018-09-17 07:19:07 +0000 UTC (0+1 container statuses recorded)&#xA;Sep 19 07:29:22.719: INFO: &#x9;Container py-secconfig-indexer ready: true, restart count 0&#xA;Sep 19 07:29:22.719: INFO: k8s-proxy-10.46.6.172 started at &lt;nil&gt; (0+0 container statuses recorded)&#xA;Sep 19 07:29:22.719: INFO: vulnerability-advisor-process-ma-crawler-24z6k started at 2018-09-17 07:19:03 +0000 UTC (0+1 container statuses recorded)&#xA;Sep 19 07:29:22.719: INFO: &#x9;Container process-ma-crawler ready: true, restart count 0&#xA;Sep 19 07:29:22.719: INFO: vulnerability-advisor-config-parser-5d44b78fd5-z4k9t started at 2018-09-17 07:19:04 +0000 UTC (0+1 container statuses recorded)&#xA;Sep 19 07:29:22.719: INFO: &#x9;Container config-parser ready: true, restart count 4&#xA;Sep 19 07:29:22.719: INFO: vulnerability-advisor-registry-crawler-6f9568677b-bfpm6 started at 2018-09-17 07:19:08 +0000 UTC (0+1 container statuses recorded)&#xA;Sep 19 07:29:22.719: INFO: &#x9;Container reg-crawler ready: true, restart count 0&#xA;Sep 19 07:29:22.719: INFO: vulnerability-advisor-minio-cleaner-1537315140-nqk7v started at 2018-09-18 23:59:04 +0000 UTC (0+1 container statuses recorded)&#xA;Sep 19 07:29:22.719: INFO: &#x9;Container cleaner ready: false, restart count 0&#xA;Sep 19 07:29:22.719: INFO: vulnerability-advisor-ma-file-annotator-6b95df8886-jtczz started at 2018-09-17 07:19:04 +0000 UTC (0+2 container statuses recorded)&#xA;Sep 19 07:29:22.719: INFO: &#x9;Container icp-audit-service ready: true, restart count 0&#xA;Sep 19 07:29:22.719: INFO: &#x9;Container vulnerability-advisor-ma-file-annotator ready: true, restart count 1&#xA;Sep 19 07:29:22.719: INFO: vulnerability-advisor-sas-apiserver-5fd8d44bc9-7bvkn started at 2018-09-17 07:19:09 +0000 UTC (0+3 container statuses recorded)&#xA;Sep 19 07:29:22.719: INFO: &#x9;Container icp-audit-service ready: true, restart count 0&#xA;Sep 19 07:29:22.719: INFO: &#x9;Container sas-api-server ready: true, restart count 0&#xA;Sep 19 07:29:22.719: INFO: &#x9;Container sas-proxy-server ready: true, restart count 0&#xA;Sep 19 07:29:22.719: INFO: vulnerability-advisor-zookeeper-0 started at 2018-09-17 07:19:15 +0000 UTC (0+1 container statuses recorded)&#xA;Sep 19 07:29:22.719: INFO: &#x9;Container zookeeper-server ready: true, restart count 0&#xA;Sep 19 07:29:22.798: INFO: &#xA;Latency metrics for node 10.46.6.172&#xA;Sep 19 07:29:22.798: INFO: &#xA;Logging node info for node 10.46.6.173&#xA;Sep 19 07:29:22.803: INFO: Node Info: &amp;Node{ObjectMeta:k8s_io_apimachinery_pkg_apis_meta_v1.ObjectMeta{Name:10.46.6.173,GenerateName:,Namespace:,SelfLink:/api/v1/nodes/10.46.6.173,UID:3dc7268b-ba44-11e8-b20e-fa163e707b2e,ResourceVersion:454737,Generation:0,CreationTimestamp:2018-09-17 06:38:09 +0000 UTC,DeletionTimestamp:&lt;nil&gt;,DeletionGracePeriodSeconds:nil,Labels:map[string]string{beta.kubernetes.io/arch: amd64,beta.kubernetes.io/os: linux,etcd: true,kubernetes.io/hostname: 10.46.6.173,master: true,node-role.kubernetes.io/etcd: true,node-role.kubernetes.io/master: true,node-role.kubernetes.io/proxy: true,proxy: true,role: master,},Annotations:map[string]string{node.alpha.kubernetes.io/ttl: 0,volumes.kubernetes.io/controller-managed-attach-detach: true,},OwnerReferences:[],Finalizers:[],ClusterName:,Initializers:nil,},Spec:NodeSpec{PodCIDR:,DoNotUse_ExternalID:,ProviderID:,Unschedulable:false,Taints:[{dedicated proxy NoSchedule &lt;nil&gt;}],ConfigSource:nil,},Status:NodeStatus{Capacity:ResourceList{cpu: {{32 0} {&lt;nil&gt;} 32 DecimalSI},ephemeral-storage: {{107362627584 0} {&lt;nil&gt;} 104846316Ki BinarySI},hugepages-1Gi: {{0 0} {&lt;nil&gt;} 0 DecimalSI},hugepages-2Mi: {{0 0} {&lt;nil&gt;} 0 DecimalSI},memory: {{135202160640 0} {&lt;nil&gt;}  BinarySI},pods: {{320 0} {&lt;nil&gt;} 320 DecimalSI},},Allocatable:ResourceList{cpu: {{32 0} {&lt;nil&gt;} 32 DecimalSI},ephemeral-storage: {{107257769984 0} {&lt;nil&gt;} 104743916Ki BinarySI},hugepages-1Gi: {{0 0} {&lt;nil&gt;} 0 DecimalSI},hugepages-2Mi: {{0 0} {&lt;nil&gt;} 0 DecimalSI},memory: {{135097303040 0} {&lt;nil&gt;}  BinarySI},pods: {{320 0} {&lt;nil&gt;} 320 DecimalSI},},Phase:,Conditions:[{OutOfDisk False 2018-09-19 07:29:18 +0000 UTC 2018-09-17 06:38:09 +0000 UTC KubeletHasSufficientDisk kubelet has sufficient disk space available} {MemoryPressure False 2018-09-19 07:29:18 +0000 UTC 2018-09-17 06:38:09 +0000 UTC KubeletHasSufficientMemory kubelet has sufficient memory available} {DiskPressure False 2018-09-19 07:29:18 +0000 UTC 2018-09-17 06:38:09 +0000 UTC KubeletHasNoDiskPressure kubelet has no disk pressure} {PIDPressure False 2018-09-19 07:29:18 +0000 UTC 2018-09-17 06:38:09 +0000 UTC KubeletHasSufficientPID kubelet has sufficient PID available} {Ready True 2018-09-19 07:29:18 +0000 UTC 2018-09-17 07:06:09 +0000 UTC KubeletReady kubelet is posting ready status}],Addresses:[{InternalIP 10.46.6.173} {Hostname 10.46.6.173}],DaemonEndpoints:NodeDaemonEndpoints{KubeletEndpoint:DaemonEndpoint{Port:10250,},},NodeInfo:NodeSystemInfo{MachineID:52ca0d2c3fb341c79b059a96d10571a6,SystemUUID:DA83D170-F88E-40EB-A0A3-2918CD5F6005,BootID:806b09ea-0a42-4719-bbaa-13e375c7b62f,KernelVersion:3.10.0-862.9.1.el7.x86_64,OSImage:Red Hat Enterprise Linux,ContainerRuntimeVersion:docker://18.3.1,KubeletVersion:v1.11.1+icp-ee,KubeProxyVersion:v1.11.1+icp-ee,OperatingSystem:linux,Architecture:amd64,},Images:[{[lzj.icp:8500/ibmcom/statsd-amd64@sha256:5ee11bc24bced45a77d9d630348680f319c09d9d3b2230b04518d1e2a5263ae2 lzj.icp:8500/ibmcom/statsd-amd64:0.7.2.1 lzj.icp:8500/ibmcom/statsd:0.7.2.1] 1234731808} {[lzj.icp:8500/ibmcom/kafka-amd64@sha256:0d6d348ccd7aa2854d60791331280e58db92029a522c8bfb3eb40c7c0913ca8f lzj.icp:8500/ibmcom/kafka-amd64:0.10.0.2 lzj.icp:8500/ibmcom/kafka:0.10.0.2] 1114805679} {[lzj.icp:8500/ibmcom/iam-token-service-amd64@sha256:9211161e5b5b9d892a99b46fad4429333ceb7143b4039419df7ea0efa36381a9 lzj.icp:8500/ibmcom/iam-token-service-amd64:3.1.0 lzj.icp:8500/ibmcom/iam-token-service:3.1.0] 1051060152} {[lzj.icp:8500/ibmcom/icp-platform-auth-amd64@sha256:abc258009b8696a83214b7a9d9df63f6d83e19cfca2987c4836b0eadfa4c99c7 lzj.icp:8500/ibmcom/icp-platform-auth-amd64:3.1.0 lzj.icp:8500/ibmcom/icp-platform-auth:3.1.0] 1028283742} {[lzj.icp:8500/ibmcom/reg-crawler-amd64@sha256:9e5d4ebbac3dd6cbf9f892b5bd634f89fae3d4b2e6a23debd3ecd322e3eb817e lzj.icp:8500/ibmcom/reg-crawler-amd64:1.3.1 lzj.icp:8500/ibmcom/reg-crawler:1.3.1] 1007817363} {[lzj.icp:8500/ibmcom/live-crawler-amd64@sha256:37a79ec87bd3c8b9af25cf1e25f4f14281ffb9f5ebeaf61c0b7c8a5799baf782 lzj.icp:8500/ibmcom/live-crawler-amd64:1.3.1 lzj.icp:8500/ibmcom/live-crawler:1.3.1] 987515538} {[lzj.icp:8500/ibmcom/cos-indexer-amd64@sha256:adf28ff960ebdcbfcfa5e4522b81aa3565338f8d640dad611a1c3f0d3894393b lzj.icp:8500/ibmcom/cos-indexer-amd64:1.3.1 lzj.icp:8500/ibmcom/cos-indexer:1.3.1] 846578165} {[lzj.icp:8500/ibmcom/secure-config-annotator-amd64@sha256:26e845c6a252e0c5ae73e764645993b3270e289d1a2e9784b06ddd7898ca45d9 lzj.icp:8500/ibmcom/secure-config-annotator-amd64:1.3.1 lzj.icp:8500/ibmcom/secure-config-annotator:1.3.1] 835555196} {[lzj.icp:8500/ibmcom/hyperkube-amd64@sha256:9eaadf7c2a417ee2a9a219e2eadf21884742199a484be2ca737f0e8a178d490a lzj.icp:8500/ibmcom/hyperkube-amd64:v1.11.1-ee lzj.icp:8500/ibmcom/hyperkube:v1.11.1-ee] 782626408} {[lzj.icp:8500/ibmcom/compliance-annotator-amd64@sha256:5d8bbbef3a7dc54ba9addb256d2aa8a3f7d5c27a454ff4b7ee583b217dac2ce4 lzj.icp:8500/ibmcom/compliance-annotator-amd64:1.3.1 lzj.icp:8500/ibmcom/compliance-annotator:1.3.1] 773932738} {[lzj.icp:8500/ibmcom/icp-logstash-amd64@sha256:02a683ee6ad9eeed7ea8ebb1de713aaf902a9e20a39ccc0294ee1f947f1bbd73 lzj.icp:8500/ibmcom/icp-logstash-amd64:5.5.1 lzj.icp:8500/ibmcom/icp-logstash:5.5.1] 764906887} {[lzj.icp:8500/ibmcom/process-ma-hf-amd64@sha256:ef0d164350d07600f8037082db7d98cf81b9c554d8a60692ae90b8d0239a8cdc lzj.icp:8500/ibmcom/process-ma-hf-amd64:1.3.1 lzj.icp:8500/ibmcom/process-ma-hf:1.3.1] 758635128} {[lzj.icp:8500/ibmcom/vulnerability-annotator-amd64@sha256:febedf85b65e0d1800e67249274d474d4ce67e8041e81487f76bce727cb39bd4 lzj.icp:8500/ibmcom/vulnerability-annotator-amd64:1.3.1 lzj.icp:8500/ibmcom/vulnerability-annotator:1.3.1] 757013017} {[lzj.icp:8500/ibmcom/py-generic-indexer-amd64@sha256:45cb17e23e15f4dfe44471309af12f0655aad5f8e859c718f393290f220b02b2 lzj.icp:8500/ibmcom/py-generic-indexer-amd64:1.3.1 lzj.icp:8500/ibmcom/py-generic-indexer:1.3.1] 755588945} {[lzj.icp:8500/ibmcom/icp-inception-amd64@sha256:1dad180d14ae732d17ca5cf41b87dbb316c072323f186d60a08a753f904eb5b2 ibmcom/icp-inception-amd64:3.1.0-ee lzj.icp:8500/ibmcom/icp-inception-amd64:3.1.0-ee lzj.icp:8500/ibmcom/icp-inception:3.1.0-ee] 744155119} {[lzj.icp:8500/ibmcom/config-parser-amd64@sha256:7d721e0b5a827921ac16fa9e7570db225211e6dd700cdeaba1d28ba02ff8ef6d lzj.icp:8500/ibmcom/config-parser-amd64:1.3.1 lzj.icp:8500/ibmcom/config-parser:1.3.1] 739243486} {[lzj.icp:8500/ibmcom/iam-policy-administration-amd64@sha256:e1941aa09a5b692505cb3be3e497d3ff9acb900786b9a2c8c4c00d0243b37dd0 lzj.icp:8500/ibmcom/iam-policy-administration-amd64:3.1.0 lzj.icp:8500/ibmcom/iam-policy-administration:3.1.0] 711947327} {[lzj.icp:8500/ibmcom/password-annotator-amd64@sha256:bca1b6b222d8ea8ade174a8cc1a549f161d75d3e9d69881f08a1fb316a8e27d3 lzj.icp:8500/ibmcom/password-annotator-amd64:1.3.1 lzj.icp:8500/ibmcom/password-annotator:1.3.1] 707627907} {[lzj.icp:8500/ibmcom/notification-dispatcher-amd64@sha256:ec8dfbc351a0d758488f9f8bfa17c3182a5c02819a6ebf7144ab914a2233cf57 lzj.icp:8500/ibmcom/notification-dispatcher-amd64:1.3.1 lzj.icp:8500/ibmcom/notification-dispatcher:1.3.1] 707588442} {[lzj.icp:8500/ibmcom/sas-base-amd64@sha256:9651b1149c62d5a0968aaeffe71f2da68cd7e07ff8d7ea67538278c00ab08457 lzj.icp:8500/ibmcom/sas-base-amd64:1.3.1 lzj.icp:8500/ibmcom/sas-base:1.3.1] 653746081} {[lzj.icp:8500/ibmcom/ma-file-annotator-amd64@sha256:8caa6280fd845fd524ad874a6b243510ebf085d58c989229020fcfc743492632 lzj.icp:8500/ibmcom/ma-file-annotator-amd64:1.3.1 lzj.icp:8500/ibmcom/ma-file-annotator:1.3.1] 653745236} {[lzj.icp:8500/ibmcom/icp-kibana-amd64@sha256:8b69887ac5297e1d2e68b9c2ce885b9a888f6c278ca1538acb0f03206b48502a lzj.icp:8500/ibmcom/icp-kibana-amd64:5.5.1 lzj.icp:8500/ibmcom/icp-kibana:5.5.1] 639622018} {[lzj.icp:8500/ibmcom/icp-platform-api-amd64@sha256:1fc47925c2611aef12631b3f3806308f55a298074aebc561fd04cf8a7691c669 lzj.icp:8500/ibmcom/icp-platform-api-amd64:3.1.0 lzj.icp:8500/ibmcom/icp-platform-api:3.1.0] 612589125} {[lzj.icp:8500/ibmcom/iam-policy-decision-amd64@sha256:d49eb3845c57bb8370a477949d92da10a178b81ade50f0e9d970981fadd6686d lzj.icp:8500/ibmcom/iam-policy-decision-amd64:3.1.0 lzj.icp:8500/ibmcom/iam-policy-decision:3.1.0] 559718344} {[lzj.icp:8500/ibmcom/rootkit-annotator-amd64@sha256:caf6c24136b8785d901f346a640d673b55fe105c3617cfcb432ee2006f5b1cf4 lzj.icp:8500/ibmcom/rootkit-annotator-amd64:1.3.1 lzj.icp:8500/ibmcom/rootkit-annotator:1.3.1] 549434506} {[lzj.icp:8500/ibmcom/icp-elasticsearch-amd64@sha256:0063a7a931ca4e52d8f7a51f2bdb010345f4373b5b904b52e5c8a48ec0c1fde7 lzj.icp:8500/ibmcom/icp-elasticsearch-amd64:5.5.1 lzj.icp:8500/ibmcom/icp-elasticsearch:5.5.1] 520121248} {[lzj.icp:8500/ibmcom/logging-pki-init-amd64@sha256:cc4bfa085e1ae99120ee526acd3e62d205e10de6f1c773c521fc5b933914f6a8 lzj.icp:8500/ibmcom/logging-pki-init-amd64:2.0.0 lzj.icp:8500/ibmcom/logging-pki-init:2.0.0] 501921135} {[lzj.icp:8500/ibmcom/searchguard-init-amd64@sha256:d19ce1d27f406945d4ed78b0f07007998c2ab3889086e502924847c2186db546 lzj.icp:8500/ibmcom/searchguard-init-amd64:2.0.0 lzj.icp:8500/ibmcom/searchguard-init:2.0.0] 457030441} {[lzj.icp:8500/ibmcom/metering-ui-amd64@sha256:3628a8fe41183c08ea0b02e2e798e3649e4aebe2c2405c34572b9eb7c7c4d9a8 lzj.icp:8500/ibmcom/metering-ui-amd64:3.1.0 lzj.icp:8500/ibmcom/metering-ui:3.1.0] 385577105} {[lzj.icp:8500/ibmcom/heketi-amd64@sha256:c5b579a4f219c87990f861eb61de86cb9cfb51b6d230b8c299df7d9fd3d02d0e lzj.icp:8500/ibmcom/heketi-amd64:v7.0.0 lzj.icp:8500/ibmcom/heketi:v7.0.0] 384720377} {[lzj.icp:8500/ibmcom/icp-mongodb-amd64@sha256:a305ae8bc309898d86bf60aee968846db3602f77b25924640d5f08a2389ee99d lzj.icp:8500/ibmcom/icp-mongodb-amd64:3.1.0 lzj.icp:8500/ibmcom/icp-mongodb:3.1.0] 379353410} {[lzj.icp:8500/ibmcom/icp-catalog-ui-amd64@sha256:33993b4eab189e3c78fe27799017da770d47523cf6831460741008bf91297d6d lzj.icp:8500/ibmcom/icp-catalog-ui-amd64:3.1.0 lzj.icp:8500/ibmcom/icp-catalog-ui:3.1.0] 363781304} {[lzj.icp:8500/ibmcom/nginx-ingress-controller-amd64@sha256:63b48dd3ba635aa65409f7d6a319e293697810c1b9e885e6255bebf36a2506ab lzj.icp:8500/ibmcom/nginx-ingress-controller-amd64:0.16.2 lzj.icp:8500/ibmcom/nginx-ingress-controller:0.16.2] 361632894} {[lzj.icp:8500/ibmcom/mariadb-amd64@sha256:1f9876179c32fcf463804f75cbf2fb031106edf2be9d5dbf6705375ca53930bb lzj.icp:8500/ibmcom/mariadb-amd64:10.2.17 lzj.icp:8500/ibmcom/mariadb:10.2.17] 358991946} {[lzj.icp:8500/ibmcom/k8szk-amd64@sha256:a9ee22a4df14654552a02303e4560623244683692fd298dd2fb71e9dd66219f3 lzj.icp:8500/ibmcom/k8szk-amd64:v3 lzj.icp:8500/ibmcom/k8szk:v3] 331472973} {[lzj.icp:8500/ibmcom/gluster-amd64@sha256:647caedb536eb7b8c5c8b0a2b69e52d2a34be9e6c9c7b9c1b21d14fcfa261886 lzj.icp:8500/ibmcom/gluster-amd64:v4.0.2 lzj.icp:8500/ibmcom/gluster:v4.0.2] 324265531} {[lzj.icp:8500/ibmcom/istio-grafana-amd64@sha256:381a2dd3a5addbc5d43920bc19bb15ba6dbd422e4a9d91163108e72c5a63234c lzj.icp:8500/ibmcom/istio-grafana-amd64:1.0.0.1 lzj.icp:8500/ibmcom/istio-grafana:1.0.0.1] 324187770} {[lzj.icp:8500/ibmcom/icp-filebeat-amd64@sha256:03af9b78dad6c2ba857975d10c81e781460796dff1ff1163ea4596f4aa10601d lzj.icp:8500/ibmcom/icp-filebeat-amd64:5.5.1 lzj.icp:8500/ibmcom/icp-filebeat:5.5.1] 317104874} {[lzj.icp:8500/ibmcom/istio-proxyv2-amd64@sha256:cd77e75fa85ce74914e1b7b0bef980ece8a62ef0d776c9ef51a0d7d30b4b64a0 lzj.icp:8500/ibmcom/istio-proxyv2-amd64:1.0.0.1 lzj.icp:8500/ibmcom/istio-proxyv2:1.0.0.1] 311276139} {[lzj.icp:8500/ibmcom/istio-pilot-amd64@sha256:63352073a964037fd37f6150228231d2e5eca7e0c2920405d6269326d3c54263 lzj.icp:8500/ibmcom/istio-pilot-amd64:1.0.0.1 lzj.icp:8500/ibmcom/istio-pilot:1.0.0.1] 309502004} {[lzj.icp:8500/ibmcom/fluentd-amd64@sha256:384a99b8d941c93f96ee5b5cbae5b70500219a3f71c73cf4eddd20d9d693e3b3 lzj.icp:8500/ibmcom/fluentd-amd64:v1.2.2-icp lzj.icp:8500/ibmcom/fluentd:v1.2.2-icp] 270902701} {[lzj.icp:8500/ibmcom/icp-identity-manager-amd64@sha256:632f31acd0fcfc3d0cebea31cfb71018f6712bd1a1b4da7476942b3c23aa3521 lzj.icp:8500/ibmcom/icp-identity-manager-amd64:3.1.0 lzj.icp:8500/ibmcom/icp-identity-manager:3.1.0] 268667523} {[lzj.icp:8500/ibmcom/elasticsearch-plugin-searchguard-amd64@sha256:28f88d06bbbc073162702064c1be4ad06272e9021cbc0f929ba8c6da2ca25ae6 lzj.icp:8500/ibmcom/elasticsearch-plugin-searchguard-amd64:2.0.0 lzj.icp:8500/ibmcom/elasticsearch-plugin-searchguard:2.0.0] 267864279} {[lzj.icp:8500/ibmcom/kiali-amd64@sha256:bec63b454cf2e597c61f6a9943144050e5e6fc7a4f6474bc3bb6b627ba20c71c lzj.icp:8500/ibmcom/kiali-amd64:istio-release-1.0.0.1 lzj.icp:8500/ibmcom/kiali:istio-release-1.0.0.1] 265771300} {[lzj.icp:8500/ibmcom/calico-node-amd64@sha256:9871f4dde9eab9fd804b12f3114da36505ff5c220e2323b7434eec24e3b23ac5 lzj.icp:8500/ibmcom/calico-node-amd64:v3.1.3 lzj.icp:8500/ibmcom/calico-node:v3.1.3] 248202699} {[lzj.icp:8500/ibmcom/grafana-amd64@sha256:dc3566257a0c716caedfb33127d8ee385290c1dda006bebfb75c376d56b30c88 lzj.icp:8500/ibmcom/grafana-amd64:5.2.0 lzj.icp:8500/ibmcom/grafana:5.2.0] 245297582} {[lzj.icp:8500/ibmcom/indices-cleaner-amd64@sha256:e6c6453d54012488e9ebfaa9e4d829f567d8e66b24c1613e6d88ca192ed5e85b lzj.icp:8500/ibmcom/indices-cleaner-amd64:1.0.0 lzj.icp:8500/ibmcom/indices-cleaner:1.0.0] 238131553} {[lzj.icp:8500/ibmcom/icp-identity-provider-amd64@sha256:24dba8b07c8295eef99abbf8d83041908516e4e50e4e4cfbbbcd53bdf415dda1 lzj.icp:8500/ibmcom/icp-identity-provider-amd64:3.1.0 lzj.icp:8500/ibmcom/icp-identity-provider:3.1.0] 224286517} {[lzj.icp:8500/ibmcom/curl-amd64@sha256:aad05b4e4529f7e70516d8d3028cae6cd1d50de738ce164f2a532ce2470ac43f lzj.icp:8500/ibmcom/curl-amd64:4.0.0 lzj.icp:8500/ibmcom/curl:4.0.0] 221192597} {[lzj.icp:8500/ibmcom/icp-audit-service-amd64@sha256:9add202c06a43da647380c860d9139fa059701fe103c1f229281215bf99dbbd3 lzj.icp:8500/ibmcom/icp-audit-service-amd64:3.1.0 lzj.icp:8500/ibmcom/icp-audit-service:3.1.0] 215897363}],VolumesInUse:[],VolumesAttached:[],Config:&amp;NodeConfigStatus{Assigned:nil,Active:nil,LastKnownGood:nil,Error:,},},}&#xA;Sep 19 07:29:22.804: INFO: &#xA;Logging kubelet events for node 10.46.6.173&#xA;Sep 19 07:29:22.808: INFO: &#xA;Logging pods the kubelet thinks is on node 10.46.6.173&#xA;Sep 19 07:29:22.860: INFO: unified-router-lkwnl started at 2018-09-17 07:15:31 +0000 UTC (0+1 container statuses recorded)&#xA;Sep 19 07:29:22.861: INFO: &#x9;Container unified-router ready: true, restart count 0&#xA;Sep 19 07:29:22.861: INFO: istio-ingressgateway-7bc96d6585-smf45 started at 2018-09-17 07:17:28 +0000 UTC (0+1 container statuses recorded)&#xA;Sep 19 07:29:22.861: INFO: &#x9;Container istio-ingressgateway ready: true, restart count 0&#xA;Sep 19 07:29:22.861: INFO: tiller-deploy-6b58875cb-5l8kh started at 2018-09-17 07:05:28 +0000 UTC (0+1 container statuses recorded)&#xA;Sep 19 07:29:22.861: INFO: &#x9;Container tiller ready: true, restart count 0&#xA;Sep 19 07:29:22.861: INFO: platform-ui-6fjgx started at 2018-09-17 07:14:34 +0000 UTC (0+1 container statuses recorded)&#xA;Sep 19 07:29:22.861: INFO: &#x9;Container platform-ui ready: true, restart count 0&#xA;Sep 19 07:29:22.861: INFO: monitoring-prometheus-nodeexporter-f84fv started at 2018-09-17 07:15:45 +0000 UTC (0+2 container statuses recorded)&#xA;Sep 19 07:29:22.861: INFO: &#x9;Container nodeexporter ready: true, restart count 0&#xA;Sep 19 07:29:22.861: INFO: &#x9;Container router ready: true, restart count 0&#xA;Sep 19 07:29:22.861: INFO: prometheus-6f98d89664-wh7pb started at 2018-09-17 07:17:31 +0000 UTC (0+1 container statuses recorded)&#xA;Sep 19 07:29:22.861: INFO: &#x9;Container prometheus ready: true, restart count 0&#xA;Sep 19 07:29:22.861: INFO: vulnerability-advisor-live-crawler-p6khc started at 2018-09-17 07:19:02 +0000 UTC (0+1 container statuses recorded)&#xA;Sep 19 07:29:22.861: INFO: &#x9;Container live-crawler ready: true, restart count 0&#xA;Sep 19 07:29:22.861: INFO: default-backend-54966589c4-4d47g started at 2018-09-17 07:08:29 +0000 UTC (0+1 container statuses recorded)&#xA;Sep 19 07:29:22.861: INFO: &#x9;Container default-backend ready: true, restart count 0&#xA;Sep 19 07:29:22.861: INFO: oidc-client-registration-szxrk started at 2018-09-17 07:10:05 +0000 UTC (0+1 container statuses recorded)&#xA;Sep 19 07:29:22.861: INFO: &#x9;Container oidc-client-registration ready: false, restart count 0&#xA;Sep 19 07:29:22.861: INFO: kiali-7f8c59df94-25qmq started at 2018-09-17 07:17:27 +0000 UTC (0+1 container statuses recorded)&#xA;Sep 19 07:29:22.861: INFO: &#x9;Container kiali ready: true, restart count 0&#xA;Sep 19 07:29:22.861: INFO: service-catalog-apiserver-967x9 started at 2018-09-17 07:08:20 +0000 UTC (0+1 container statuses recorded)&#xA;Sep 19 07:29:22.861: INFO: &#x9;Container apiserver ready: true, restart count 0&#xA;Sep 19 07:29:22.861: INFO: auth-pdp-tk2jm started at 2018-09-17 07:10:28 +0000 UTC (5+2 container statuses recorded)&#xA;Sep 19 07:29:22.861: INFO: &#x9;Init container init-auth-service ready: true, restart count 0&#xA;Sep 19 07:29:22.861: INFO: &#x9;Init container init-identity-provider ready: true, restart count 0&#xA;Sep 19 07:29:22.861: INFO: &#x9;Init container init-identity-manager ready: true, restart count 0&#xA;Sep 19 07:29:22.861: INFO: &#x9;Init container init-token-service ready: true, restart count 0&#xA;Sep 19 07:29:22.861: INFO: &#x9;Init container init-pap ready: true, restart count 0&#xA;Sep 19 07:29:22.861: INFO: &#x9;Container auth-pdp ready: true, restart count 0&#xA;Sep 19 07:29:22.861: INFO: &#x9;Container icp-audit-service ready: true, restart count 0&#xA;Sep 19 07:29:22.861: INFO: icp-management-ingress-x6qn8 started at 2018-09-17 07:10:36 +0000 UTC (0+1 container statuses recorded)&#xA;Sep 19 07:29:22.861: INFO: &#x9;Container icp-management-ingress ready: true, restart count 0&#xA;Sep 19 07:29:22.861: INFO: istio-egressgateway-54448bcdbd-cqlhf started at 2018-09-17 07:24:11 +0000 UTC (0+1 container statuses recorded)&#xA;Sep 19 07:29:22.861: INFO: &#x9;Container istio-egressgateway ready: true, restart count 0&#xA;Sep 19 07:29:22.861: INFO: kube-dns-mwjc8 started at 2018-09-17 07:06:10 +0000 UTC (0+1 container statuses recorded)&#xA;Sep 19 07:29:22.861: INFO: &#x9;Container kube-dns ready: true, restart count 0&#xA;Sep 19 07:29:22.861: INFO: istio-galley-687cd96db-hlpng started at 2018-09-17 07:17:28 +0000 UTC (0+1 container statuses recorded)&#xA;Sep 19 07:29:22.861: INFO: &#x9;Container validator ready: true, restart count 0&#xA;Sep 19 07:29:22.861: INFO: istio-tracing-77ccfc8844-79ngl started at 2018-09-17 07:17:32 +0000 UTC (0+1 container statuses recorded)&#xA;Sep 19 07:29:22.861: INFO: &#x9;Container jaeger ready: true, restart count 0&#xA;Sep 19 07:29:22.861: INFO: audit-logging-fluentd-ds-dhcg6 started at 2018-09-17 07:18:46 +0000 UTC (0+1 container statuses recorded)&#xA;Sep 19 07:29:22.861: INFO: &#x9;Container fluentd ready: true, restart count 0&#xA;Sep 19 07:29:22.861: INFO: istio-ingressgateway-7bc96d6585-m567m started at 2018-09-17 07:20:41 +0000 UTC (0+1 container statuses recorded)&#xA;Sep 19 07:29:22.861: INFO: &#x9;Container istio-ingressgateway ready: true, restart count 0&#xA;Sep 19 07:29:22.861: INFO: heapster-69b486565b-nt26r started at 2018-09-17 07:13:48 +0000 UTC (0+1 container statuses recorded)&#xA;Sep 19 07:29:22.861: INFO: &#x9;Container heapster ready: true, restart count 0&#xA;Sep 19 07:29:22.861: INFO: istio-egressgateway-54448bcdbd-f4v6v started at 2018-09-17 07:17:29 +0000 UTC (0+1 container statuses recorded)&#xA;Sep 19 07:29:22.861: INFO: &#x9;Container istio-egressgateway ready: true, restart count 0&#xA;Sep 19 07:29:22.861: INFO: istio-citadel-77694dc965-mwqkp started at 2018-09-17 07:17:31 +0000 UTC (0+1 container statuses recorded)&#xA;Sep 19 07:29:22.861: INFO: &#x9;Container citadel ready: true, restart count 0&#xA;Sep 19 07:29:22.861: INFO: vulnerability-advisor-process-ma-crawler-96728 started at 2018-09-17 07:19:03 +0000 UTC (0+1 container statuses recorded)&#xA;Sep 19 07:29:22.861: INFO: &#x9;Container process-ma-crawler ready: true, restart count 0&#xA;Sep 19 07:29:22.861: INFO: istio-telemetry-8b5964dc7-rfswc started at 2018-09-17 07:19:39 +0000 UTC (0+2 container statuses recorded)&#xA;Sep 19 07:29:22.861: INFO: &#x9;Container istio-proxy ready: true, restart count 0&#xA;Sep 19 07:29:22.861: INFO: &#x9;Container mixer ready: true, restart count 0&#xA;Sep 19 07:29:22.861: INFO: helm-api-fdd886877-6pwm8 started at 2018-09-17 07:16:36 +0000 UTC (0+3 container statuses recorded)&#xA;Sep 19 07:29:22.861: INFO: &#x9;Container audit-service ready: true, restart count 0&#xA;Sep 19 07:29:22.861: INFO: &#x9;Container helmapi ready: true, restart count 0&#xA;Sep 19 07:29:22.861: INFO: &#x9;Container rudder ready: true, restart count 0&#xA;Sep 19 07:29:22.861: INFO: mariadb-0 started at 2018-09-17 07:08:38 +0000 UTC (0+1 container statuses recorded)&#xA;Sep 19 07:29:22.861: INFO: &#x9;Container mariadb ready: true, restart count 0&#xA;Sep 19 07:29:22.861: INFO: logging-elk-filebeat-ds-qf2vz started at 2018-09-17 07:15:20 +0000 UTC (0+1 container statuses recorded)&#xA;Sep 19 07:29:22.861: INFO: &#x9;Container filebeat ready: true, restart count 0&#xA;Sep 19 07:29:22.861: INFO: istio-ingressgateway-7bc96d6585-c58zx started at 2018-09-17 07:24:15 +0000 UTC (0+1 container statuses recorded)&#xA;Sep 19 07:29:22.861: INFO: &#x9;Container istio-ingressgateway ready: true, restart count 0&#xA;Sep 19 07:29:22.861: INFO: istio-policy-5b64d7fd64-5l2m9 started at 2018-09-17 07:31:07 +0000 UTC (0+2 container statuses recorded)&#xA;Sep 19 07:29:22.861: INFO: &#x9;Container istio-proxy ready: true, restart count 0&#xA;Sep 19 07:29:22.861: INFO: &#x9;Container mixer ready: true, restart count 0&#xA;Sep 19 07:29:22.861: INFO: nvidia-device-plugin-nh54k started at 2018-09-17 07:07:17 +0000 UTC (1+1 container statuses recorded)&#xA;Sep 19 07:29:22.861: INFO: &#x9;Init container nvidia-driver-collector ready: true, restart count 0&#xA;Sep 19 07:29:22.861: INFO: &#x9;Container nvidia-device-plugin ready: true, restart count 0&#xA;Sep 19 07:29:22.861: INFO: istio-telemetry-8b5964dc7-hcf6d started at 2018-09-17 07:17:29 +0000 UTC (0+2 container statuses recorded)&#xA;Sep 19 07:29:22.861: INFO: &#x9;Container istio-proxy ready: true, restart count 0&#xA;Sep 19 07:29:22.861: INFO: &#x9;Container mixer ready: true, restart count 0&#xA;Sep 19 07:29:22.861: INFO: istio-sidecar-injector-86d554f5f7-d57zk started at 2018-09-17 07:17:32 +0000 UTC (0+1 container statuses recorded)&#xA;Sep 19 07:29:22.861: INFO: &#x9;Container sidecar-injector-webhook ready: true, restart count 0&#xA;Sep 19 07:29:22.861: INFO: secret-watcher-5f59fcbc69-pfnfk started at 2018-09-17 07:18:05 +0000 UTC (0+1 container statuses recorded)&#xA;Sep 19 07:29:22.861: INFO: &#x9;Container secret-watcher ready: true, restart count 0&#xA;Sep 19 07:29:22.861: INFO: istio-telemetry-8b5964dc7-nw9kk started at 2018-09-17 07:23:11 +0000 UTC (0+2 container statuses recorded)&#xA;Sep 19 07:29:22.861: INFO: &#x9;Container istio-proxy ready: true, restart count 0&#xA;Sep 19 07:29:22.861: INFO: &#x9;Container mixer ready: true, restart count 0&#xA;Sep 19 07:29:22.861: INFO: platform-api-2fs4x started at 2018-09-17 07:08:45 +0000 UTC (0+2 container statuses recorded)&#xA;Sep 19 07:29:22.861: INFO: &#x9;Container audit-service ready: true, restart count 0&#xA;Sep 19 07:29:22.861: INFO: &#x9;Container platform-api ready: true, restart count 0&#xA;Sep 19 07:29:22.861: INFO: icp-mongodb-0 started at 2018-09-17 07:07:42 +0000 UTC (2+1 container statuses recorded)&#xA;Sep 19 07:29:22.861: INFO: &#x9;Init container install ready: true, restart count 0&#xA;Sep 19 07:29:22.861: INFO: &#x9;Init container bootstrap ready: true, restart count 0&#xA;Sep 19 07:29:22.861: INFO: &#x9;Container icp-mongodb ready: true, restart count 0&#xA;Sep 19 07:29:22.861: INFO: catalog-ui-5rtkh started at 2018-09-17 07:15:57 +0000 UTC (0+1 container statuses recorded)&#xA;Sep 19 07:29:22.861: INFO: &#x9;Container catalog-ui ready: true, restart count 0&#xA;Sep 19 07:29:22.861: INFO: istio-policy-5b64d7fd64-jrlzt started at 2018-09-17 07:23:11 +0000 UTC (0+2 container statuses recorded)&#xA;Sep 19 07:29:22.861: INFO: &#x9;Container istio-proxy ready: true, restart count 0&#xA;Sep 19 07:29:22.861: INFO: &#x9;Container mixer ready: true, restart count 0&#xA;Sep 19 07:29:22.861: INFO: calico-kube-controllers-dcb8cc97c-gtsqp started at 2018-09-17 07:05:53 +0000 UTC (0+1 container statuses recorded)&#xA;Sep 19 07:29:22.861: INFO: &#x9;Container calico-kube-controllers ready: true, restart count 0&#xA;Sep 19 07:29:22.861: INFO: k8s-etcd-10.46.6.173 started at &lt;nil&gt; (0+0 container statuses recorded)&#xA;Sep 19 07:29:22.861: INFO: image-manager-0 started at 2018-09-17 06:38:56 +0000 UTC (0+2 container statuses recorded)&#xA;Sep 19 07:29:22.861: INFO: &#x9;Container icp-registry ready: true, restart count 0&#xA;Sep 19 07:29:22.861: INFO: &#x9;Container image-manager ready: true, restart count 0&#xA;Sep 19 07:29:22.861: INFO: platform-deploy-dbbks started at 2018-09-17 07:08:45 +0000 UTC (0+1 container statuses recorded)&#xA;Sep 19 07:29:22.861: INFO: &#x9;Container platform-deploy ready: true, restart count 0&#xA;Sep 19 07:29:22.861: INFO: auth-apikeys-x45mz started at 2018-09-17 07:10:12 +0000 UTC (0+1 container statuses recorded)&#xA;Sep 19 07:29:22.861: INFO: &#x9;Container auth-apikeys ready: true, restart count 0&#xA;Sep 19 07:29:22.861: INFO: istio-policy-5b64d7fd64-fb4bc started at 2018-09-17 07:27:37 +0000 UTC (0+2 container statuses recorded)&#xA;Sep 19 07:29:22.861: INFO: &#x9;Container istio-proxy ready: true, restart count 0&#xA;Sep 19 07:29:22.861: INFO: &#x9;Container mixer ready: true, restart count 0&#xA;Sep 19 07:29:22.861: INFO: k8s-proxy-10.46.6.173 started at &lt;nil&gt; (0+0 container statuses recorded)&#xA;Sep 19 07:29:22.861: INFO: istio-policy-5b64d7fd64-z68j4 started at 2018-09-17 07:19:38 +0000 UTC (0+2 container statuses recorded)&#xA;Sep 19 07:29:22.862: INFO: &#x9;Container istio-proxy ready: true, restart count 0&#xA;Sep 19 07:29:22.862: INFO: &#x9;Container mixer ready: true, restart count 0&#xA;Sep 19 07:29:22.862: INFO: istio-ingressgateway-7bc96d6585-r98nr started at 2018-09-17 07:28:10 +0000 UTC (0+1 container statuses recorded)&#xA;Sep 19 07:29:22.862: INFO: &#x9;Container istio-ingressgateway ready: true, restart count 0&#xA;Sep 19 07:29:22.862: INFO: istio-policy-5b64d7fd64-pt9z2 started at 2018-09-17 07:17:30 +0000 UTC (0+2 container statuses recorded)&#xA;Sep 19 07:29:22.862: INFO: &#x9;Container istio-proxy ready: true, restart count 0&#xA;Sep 19 07:29:22.862: INFO: &#x9;Container mixer ready: true, restart count 0&#xA;Sep 19 07:29:22.862: INFO: helm-repo-5649f57447-wwdn4 started at 2018-09-17 07:13:54 +0000 UTC (1+2 container statuses recorded)&#xA;Sep 19 07:29:22.862: INFO: &#x9;Init container helm-repo-init ready: true, restart count 0&#xA;Sep 19 07:29:22.862: INFO: &#x9;Container audit-service ready: true, restart count 0&#xA;Sep 19 07:29:22.862: INFO: &#x9;Container helm-repo ready: true, restart count 0&#xA;Sep 19 07:29:22.862: INFO: metering-reader-l7284 started at 2018-09-17 07:14:11 +0000 UTC (1+1 container statuses recorded)&#xA;Sep 19 07:29:22.862: INFO: &#x9;Init container metering-reader-init ready: true, restart count 0&#xA;Sep 19 07:29:22.862: INFO: &#x9;Container metering-reader ready: true, restart count 0&#xA;Sep 19 07:29:22.862: INFO: istio-statsd-prom-bridge-66cb69b666-p76m8 started at 2018-09-17 07:17:29 +0000 UTC (0+1 container statuses recorded)&#xA;Sep 19 07:29:22.862: INFO: &#x9;Container statsd-prom-bridge ready: true, restart count 0&#xA;Sep 19 07:29:22.862: INFO: servicegraph-85578d8fc6-m62z4 started at 2018-09-17 07:17:32 +0000 UTC (0+1 container statuses recorded)&#xA;Sep 19 07:29:22.862: INFO: &#x9;Container servicegraph ready: true, restart count 0&#xA;Sep 19 07:29:22.862: INFO: mgmt-repo-57dc689b74-tmp44 started at 2018-09-17 07:17:51 +0000 UTC (1+2 container statuses recorded)&#xA;Sep 19 07:29:22.862: INFO: &#x9;Init container mgmt-repo-init ready: true, restart count 0&#xA;Sep 19 07:29:22.862: INFO: &#x9;Container audit-service ready: true, restart count 0&#xA;Sep 19 07:29:22.862: INFO: &#x9;Container mgmt-repo ready: true, restart count 0&#xA;Sep 19 07:29:22.862: INFO: istio-egressgateway-54448bcdbd-lhh5c started at 2018-09-17 07:20:07 +0000 UTC (0+1 container statuses recorded)&#xA;Sep 19 07:29:22.862: INFO: &#x9;Container istio-egressgateway ready: true, restart count 0&#xA;Sep 19 07:29:22.862: INFO: istio-ingressgateway-7bc96d6585-4qnc5 started at 2018-09-17 07:24:14 +0000 UTC (0+1 container statuses recorded)&#xA;Sep 19 07:29:22.862: INFO: &#x9;Container istio-ingressgateway ready: true, restart count 0&#xA;Sep 19 07:29:22.862: INFO: auth-idp-kjpmx started at 2018-09-17 07:10:04 +0000 UTC (1+4 container statuses recorded)&#xA;Sep 19 07:29:22.862: INFO: &#x9;Init container init-mariadb ready: true, restart count 0&#xA;Sep 19 07:29:22.862: INFO: &#x9;Container icp-audit-service ready: true, restart count 0&#xA;Sep 19 07:29:22.862: INFO: &#x9;Container platform-auth-service ready: true, restart count 0&#xA;Sep 19 07:29:22.862: INFO: &#x9;Container platform-identity-manager ready: true, restart count 0&#xA;Sep 19 07:29:22.862: INFO: &#x9;Container platform-identity-provider ready: true, restart count 0&#xA;Sep 19 07:29:22.862: INFO: istio-telemetry-8b5964dc7-9q67f started at 2018-09-17 07:31:08 +0000 UTC (0+2 container statuses recorded)&#xA;Sep 19 07:29:22.862: INFO: &#x9;Container istio-proxy ready: true, restart count 0&#xA;Sep 19 07:29:22.862: INFO: &#x9;Container mixer ready: true, restart count 0&#xA;Sep 19 07:29:22.862: INFO: istio-telemetry-8b5964dc7-vjqbq started at 2018-09-17 07:27:36 +0000 UTC (0+2 container statuses recorded)&#xA;Sep 19 07:29:22.862: INFO: &#x9;Container istio-proxy ready: true, restart count 0&#xA;Sep 19 07:29:22.862: INFO: &#x9;Container mixer ready: true, restart count 0&#xA;Sep 19 07:29:22.862: INFO: auth-pap-qb5m2 started at 2018-09-17 07:10:20 +0000 UTC (0+1 container statuses recorded)&#xA;Sep 19 07:29:22.862: INFO: &#x9;Container auth-pap ready: true, restart count 0&#xA;Sep 19 07:29:22.862: INFO: service-catalog-controller-manager-5969cccf86-65phs started at 2018-09-17 07:08:21 +0000 UTC (0+1 container statuses recorded)&#xA;Sep 19 07:29:22.862: INFO: &#x9;Container controller-manager ready: true, restart count 0&#xA;Sep 19 07:29:22.862: INFO: istio-pilot-6cf9ccf474-kkb6j started at 2018-09-17 07:17:31 +0000 UTC (0+2 container statuses recorded)&#xA;Sep 19 07:29:22.862: INFO: &#x9;Container discovery ready: true, restart count 0&#xA;Sep 19 07:29:22.862: INFO: &#x9;Container istio-proxy ready: true, restart count 0&#xA;Sep 19 07:29:22.862: INFO: ibm-cert-manager-cert-manager-74687f689b-7994r started at 2018-09-17 07:07:12 +0000 UTC (0+1 container statuses recorded)&#xA;Sep 19 07:29:22.862: INFO: &#x9;Container ibm-cert-manager ready: true, restart count 0&#xA;Sep 19 07:29:22.862: INFO: nginx-ingress-controller-h5z2v started at 2018-09-17 07:08:28 +0000 UTC (1+1 container statuses recorded)&#xA;Sep 19 07:29:22.862: INFO: &#x9;Init container sysctl ready: true, restart count 0&#xA;Sep 19 07:29:22.862: INFO: &#x9;Container nginx-ingress ready: true, restart count 0&#xA;Sep 19 07:29:22.862: INFO: istio-egressgateway-54448bcdbd-pjbtc started at 2018-09-17 07:28:34 +0000 UTC (0+1 container statuses recorded)&#xA;Sep 19 07:29:22.862: INFO: &#x9;Container istio-egressgateway ready: true, restart count 0&#xA;Sep 19 07:29:22.862: INFO: calico-node-m7d5t started at 2018-09-17 07:05:54 +0000 UTC (0+2 container statuses recorded)&#xA;Sep 19 07:29:22.862: INFO: &#x9;Container calico-node ready: true, restart count 0&#xA;Sep 19 07:29:22.862: INFO: &#x9;Container install-cni ready: true, restart count 0&#xA;Sep 19 07:29:22.862: INFO: grafana-77676f44f7-c9wr6 started at 2018-09-17 07:17:28 +0000 UTC (0+1 container statuses recorded)&#xA;Sep 19 07:29:22.862: INFO: &#x9;Container grafana ready: true, restart count 1&#xA;Sep 19 07:29:22.862: INFO: security-onboarding-tkf79 started at 2018-09-17 07:18:12 +0000 UTC (0+1 container statuses recorded)&#xA;Sep 19 07:29:22.862: INFO: &#x9;Container security-onboarding ready: false, restart count 0&#xA;Sep 19 07:29:22.862: INFO: istio-egressgateway-54448bcdbd-xmkbc started at 2018-09-17 07:24:11 +0000 UTC (0+1 container statuses recorded)&#xA;Sep 19 07:29:22.862: INFO: &#x9;Container istio-egressgateway ready: true, restart count 0&#xA;Sep 19 07:29:22.862: INFO: k8s-master-10.46.6.173 started at &lt;nil&gt; (0+0 container statuses recorded)&#xA;Sep 19 07:29:22.941: INFO: &#xA;Latency metrics for node 10.46.6.173&#xA;STEP: Dumping a list of prepulled images on each node to file /tmp/results/image-puller.txt&#xA;Sep 19 07:29:22.960: INFO: Waiting up to 3m0s for all (but 0) nodes to be ready&#xA;STEP: Destroying namespace &#34;e2e-tests-pods-qgnvs&#34; for this suite.&#xA;Sep 19 07:29:31.002: INFO: Waiting up to 30s for server preferred namespaced resources to be successfully discovered&#xA;Sep 19 07:29:31.151: INFO: namespace: e2e-tests-pods-qgnvs, resource: bindings, ignored listing per whitelist&#xA;Sep 19 07:29:32.922: INFO: namespace e2e-tests-pods-qgnvs deletion completed in 9.951325744s&#xA;</system-out>
      </testcase>
      <testcase name="[sig-api-machinery] AdmissionWebhook Should be able to deny custom resource creation" classname="Kubernetes e2e suite" time="0">
          <skipped></skipped>
      </testcase>
      <testcase name="[sig-network] Networking Granular Checks: Pods should function for node-pod communication: http [NodeConformance] [Conformance]" classname="Kubernetes e2e suite" time="44.726873379"></testcase>
      <testcase name="[sig-storage] Subpath [Volume type: gcePDPVC] should support existing single file" classname="Kubernetes e2e suite" time="0">
          <skipped></skipped>
      </testcase>
      <testcase name="[sig-storage] Subpath [Volume type: gluster] should fail for new directories when readOnly specified in the volumeSource" classname="Kubernetes e2e suite" time="0">
          <skipped></skipped>
      </testcase>
      <testcase name="[sig-network] DNS should support configurable pod resolv.conf" classname="Kubernetes e2e suite" time="0">
          <skipped></skipped>
      </testcase>
      <testcase name="[sig-storage] NFSPersistentVolumes[Disruptive][Flaky] when kubelet restarts Should test that a file written to the mount before kubelet restart is readable after restart." classname="Kubernetes e2e suite" time="0">
          <skipped></skipped>
      </testcase>
      <testcase name="[sig-autoscaling] Cluster size autoscaling [Slow] should be able to scale down by draining system pods with pdb[Feature:ClusterSizeAutoscalingScaleDown]" classname="Kubernetes e2e suite" time="0">
          <skipped></skipped>
      </testcase>
      <testcase name="[sig-storage] PersistentVolumes NFS with multiple PVs and PVCs all in same ns should create 4 PVs and 2 PVCs: test write access [Slow]" classname="Kubernetes e2e suite" time="0">
          <skipped></skipped>
      </testcase>
      <testcase name="[sig-instrumentation] [Feature:PrometheusMonitoring] Prometheus should scrape metrics from annotated services." classname="Kubernetes e2e suite" time="0">
          <skipped></skipped>
      </testcase>
      <testcase name="[sig-cli] Kubectl client [k8s.io] Simple pod should support port-forward" classname="Kubernetes e2e suite" time="0">
          <skipped></skipped>
      </testcase>
      <testcase name="[sig-instrumentation] Stackdriver Monitoring should run Custom Metrics - Stackdriver Adapter for new resource model [Feature:StackdriverCustomMetrics]" classname="Kubernetes e2e suite" time="0">
          <skipped></skipped>
      </testcase>
      <testcase name="[sig-network] NetworkPolicy NetworkPolicy between server and client should allow ingress access on one named port [Feature:NetworkPolicy]" classname="Kubernetes e2e suite" time="0">
          <skipped></skipped>
      </testcase>
      <testcase name="[sig-storage] EmptyDir volumes should support (root,0644,tmpfs) [NodeConformance] [Conformance]" classname="Kubernetes e2e suite" time="14.519603253"></testcase>
      <testcase name="[k8s.io] [sig-node] SSH should SSH to all nodes and run commands" classname="Kubernetes e2e suite" time="0">
          <skipped></skipped>
      </testcase>
      <testcase name="[sig-api-machinery] AdmissionWebhook Should unconditionally reject operations on fail closed webhook" classname="Kubernetes e2e suite" time="0">
          <skipped></skipped>
      </testcase>
      <testcase name="[sig-apps] Daemon set [Serial] should run and stop complex daemon [Conformance]" classname="Kubernetes e2e suite" time="31.97655633"></testcase>
      <testcase name="[sig-cluster-lifecycle] Reboot [Disruptive] [Feature:Reboot] each node by triggering kernel panic and ensure they function upon restart" classname="Kubernetes e2e suite" time="0">
          <skipped></skipped>
      </testcase>
      <testcase name="[sig-cluster-lifecycle] Downgrade [Feature:Downgrade] cluster downgrade should maintain a functioning cluster [Feature:ClusterDowngrade]" classname="Kubernetes e2e suite" time="0">
          <skipped></skipped>
      </testcase>
      <testcase name="[sig-cli] Kubectl client [k8s.io] Kubectl apply should apply a new configuration to an existing RC" classname="Kubernetes e2e suite" time="0">
          <skipped></skipped>
      </testcase>
      <testcase name="[k8s.io] [Feature:Example] [k8s.io] Spark should start spark master, driver and workers" classname="Kubernetes e2e suite" time="0">
          <skipped></skipped>
      </testcase>
      <testcase name="[sig-storage] EmptyDir volumes should support (non-root,0644,tmpfs) [NodeConformance] [Conformance]" classname="Kubernetes e2e suite" time="12.558143739"></testcase>
      <testcase name="[sig-storage] Storage Policy Based Volume Provisioning [Feature:vsphere] verify VSAN storage capability with invalid diskStripes value is not honored for dynamically provisioned pvc using storageclass" classname="Kubernetes e2e suite" time="0">
          <skipped></skipped>
      </testcase>
      <testcase name="[sig-apps] StatefulSet [k8s.io] Basic StatefulSet functionality [StatefulSetBasic] Scaling should happen in predictable order and halt if any stateful pod is unhealthy [Conformance]" classname="Kubernetes e2e suite" time="8.960458603">
          <failure type="Failure">/workspace/anago-v1.11.2-beta.0.50+bb9ffb1654d4a7/src/k8s.io/kubernetes/_output/dockerized/go/src/k8s.io/kubernetes/test/e2e/framework/framework.go:684&#xA;Expected error:&#xA;    &lt;*errors.StatusError | 0xc42080f440&gt;: {&#xA;        ErrStatus: {&#xA;            TypeMeta: {Kind: &#34;&#34;, APIVersion: &#34;&#34;},&#xA;            ListMeta: {SelfLink: &#34;&#34;, ResourceVersion: &#34;&#34;, Continue: &#34;&#34;},&#xA;            Status: &#34;Failure&#34;,&#xA;            Message: &#34;Internal error occurred: admission webhook \&#34;trust.hooks.securityenforcement.admission.cloud.ibm.com\&#34; denied the request: \nDeny \&#34;k8s.gcr.io/nginx-slim-amd64:0.20\&#34;, no matching repositories in ClusterImagePolicy and no ImagePolicies in the \&#34;e2e-tests-statefulset-9vgtc\&#34; namespace&#34;,&#xA;            Reason: &#34;InternalError&#34;,&#xA;            Details: {&#xA;                Name: &#34;&#34;,&#xA;                Group: &#34;&#34;,&#xA;                Kind: &#34;&#34;,&#xA;                UID: &#34;&#34;,&#xA;                Causes: [&#xA;                    {&#xA;                        Type: &#34;&#34;,&#xA;                        Message: &#34;admission webhook \&#34;trust.hooks.securityenforcement.admission.cloud.ibm.com\&#34; denied the request: \nDeny \&#34;k8s.gcr.io/nginx-slim-amd64:0.20\&#34;, no matching repositories in ClusterImagePolicy and no ImagePolicies in the \&#34;e2e-tests-statefulset-9vgtc\&#34; namespace&#34;,&#xA;                        Field: &#34;&#34;,&#xA;                    },&#xA;                ],&#xA;                RetryAfterSeconds: 0,&#xA;            },&#xA;            Code: 500,&#xA;        },&#xA;    }&#xA;    Internal error occurred: admission webhook &#34;trust.hooks.securityenforcement.admission.cloud.ibm.com&#34; denied the request: &#xA;    Deny &#34;k8s.gcr.io/nginx-slim-amd64:0.20&#34;, no matching repositories in ClusterImagePolicy and no ImagePolicies in the &#34;e2e-tests-statefulset-9vgtc&#34; namespace&#xA;not to have occurred&#xA;/workspace/anago-v1.11.2-beta.0.50+bb9ffb1654d4a7/src/k8s.io/kubernetes/_output/dockerized/go/src/k8s.io/kubernetes/test/e2e/apps/statefulset.go:685</failure>
          <system-out>[BeforeEach] [sig-apps] StatefulSet&#xA;  /workspace/anago-v1.11.2-beta.0.50+bb9ffb1654d4a7/src/k8s.io/kubernetes/_output/dockerized/go/src/k8s.io/kubernetes/test/e2e/framework/framework.go:141&#xA;STEP: Creating a kubernetes client&#xA;Sep 19 07:31:16.705: INFO: &gt;&gt;&gt; kubeConfig: /tmp/kubeconfig-172917420&#xA;STEP: Building a namespace api object&#xA;STEP: Binding the e2e-test-privileged-psp PodSecurityPolicy to the default service account in e2e-tests-statefulset-9vgtc&#xA;STEP: Waiting for a default service account to be provisioned in namespace&#xA;[BeforeEach] [sig-apps] StatefulSet&#xA;  /workspace/anago-v1.11.2-beta.0.50+bb9ffb1654d4a7/src/k8s.io/kubernetes/_output/dockerized/go/src/k8s.io/kubernetes/test/e2e/apps/statefulset.go:57&#xA;[BeforeEach] [k8s.io] Basic StatefulSet functionality [StatefulSetBasic]&#xA;  /workspace/anago-v1.11.2-beta.0.50+bb9ffb1654d4a7/src/k8s.io/kubernetes/_output/dockerized/go/src/k8s.io/kubernetes/test/e2e/apps/statefulset.go:72&#xA;STEP: Creating service test in namespace e2e-tests-statefulset-9vgtc&#xA;[It] Scaling should happen in predictable order and halt if any stateful pod is unhealthy [Conformance]&#xA;  /workspace/anago-v1.11.2-beta.0.50+bb9ffb1654d4a7/src/k8s.io/kubernetes/_output/dockerized/go/src/k8s.io/kubernetes/test/e2e/framework/framework.go:684&#xA;STEP: Initializing watcher for selector baz=blah,foo=bar&#xA;STEP: Creating stateful set ss in namespace e2e-tests-statefulset-9vgtc&#xA;[AfterEach] [k8s.io] Basic StatefulSet functionality [StatefulSetBasic]&#xA;  /workspace/anago-v1.11.2-beta.0.50+bb9ffb1654d4a7/src/k8s.io/kubernetes/_output/dockerized/go/src/k8s.io/kubernetes/test/e2e/apps/statefulset.go:83&#xA;Sep 19 07:31:17.109: INFO: Deleting all statefulset in ns e2e-tests-statefulset-9vgtc&#xA;[AfterEach] [sig-apps] StatefulSet&#xA;  /workspace/anago-v1.11.2-beta.0.50+bb9ffb1654d4a7/src/k8s.io/kubernetes/_output/dockerized/go/src/k8s.io/kubernetes/test/e2e/framework/framework.go:142&#xA;STEP: Collecting events from namespace &#34;e2e-tests-statefulset-9vgtc&#34;.&#xA;STEP: Found 0 events.&#xA;Sep 19 07:31:17.163: INFO: POD                                                              NODE         PHASE      GRACE  CONDITIONS&#xA;Sep 19 07:31:17.163: INFO: ibm-cert-manager-cert-manager-74687f689b-7994r                   10.46.6.173  Running           [{Initialized True 0001-01-01 00:00:00 +0000 UTC 2018-09-17 07:07:12 +0000 UTC  } {Ready True 0001-01-01 00:00:00 +0000 UTC 2018-09-17 07:07:37 +0000 UTC  } {ContainersReady True 0001-01-01 00:00:00 +0000 UTC 0001-01-01 00:00:00 +0000 UTC  } {PodScheduled True 0001-01-01 00:00:00 +0000 UTC 2018-09-17 07:07:12 +0000 UTC  }]&#xA;Sep 19 07:31:17.163: INFO: sonobuoy                                                         10.46.6.170  Running           [{Initialized True 0001-01-01 00:00:00 +0000 UTC 2018-09-19 07:22:02 +0000 UTC  } {Ready True 0001-01-01 00:00:00 +0000 UTC 2018-09-19 07:22:08 +0000 UTC  } {ContainersReady True 0001-01-01 00:00:00 +0000 UTC 0001-01-01 00:00:00 +0000 UTC  } {PodScheduled True 0001-01-01 00:00:00 +0000 UTC 2018-09-19 07:22:02 +0000 UTC  }]&#xA;Sep 19 07:31:17.163: INFO: sonobuoy-e2e-job-c3f9b53ea97c48a2                                10.46.6.170  Running           [{Initialized True 0001-01-01 00:00:00 +0000 UTC 2018-09-19 07:22:08 +0000 UTC  } {Ready True 0001-01-01 00:00:00 +0000 UTC 2018-09-19 07:22:25 +0000 UTC  } {ContainersReady True 0001-01-01 00:00:00 +0000 UTC 0001-01-01 00:00:00 +0000 UTC  } {PodScheduled True 0001-01-01 00:00:00 +0000 UTC 2018-09-19 07:22:08 +0000 UTC  }]&#xA;Sep 19 07:31:17.163: INFO: grafana-77676f44f7-c9wr6                                         10.46.6.173  Running           [{Initialized True 0001-01-01 00:00:00 +0000 UTC 2018-09-17 07:17:28 +0000 UTC  } {Ready True 0001-01-01 00:00:00 +0000 UTC 2018-09-17 07:20:34 +0000 UTC  } {ContainersReady True 0001-01-01 00:00:00 +0000 UTC 0001-01-01 00:00:00 +0000 UTC  } {PodScheduled True 0001-01-01 00:00:00 +0000 UTC 2018-09-17 07:17:27 +0000 UTC  }]&#xA;Sep 19 07:31:17.163: INFO: istio-citadel-77694dc965-mwqkp                                   10.46.6.173  Running           [{Initialized True 0001-01-01 00:00:00 +0000 UTC 2018-09-17 07:17:31 +0000 UTC  } {Ready True 0001-01-01 00:00:00 +0000 UTC 2018-09-17 07:18:30 +0000 UTC  } {ContainersReady True 0001-01-01 00:00:00 +0000 UTC 0001-01-01 00:00:00 +0000 UTC  } {PodScheduled True 0001-01-01 00:00:00 +0000 UTC 2018-09-17 07:17:28 +0000 UTC  }]&#xA;Sep 19 07:31:17.163: INFO: istio-egressgateway-54448bcdbd-cqlhf                             10.46.6.173  Running           [{Initialized True 0001-01-01 00:00:00 +0000 UTC 2018-09-17 07:24:11 +0000 UTC  } {Ready True 0001-01-01 00:00:00 +0000 UTC 2018-09-17 07:25:19 +0000 UTC  } {ContainersReady True 0001-01-01 00:00:00 +0000 UTC 0001-01-01 00:00:00 +0000 UTC  } {PodScheduled True 0001-01-01 00:00:00 +0000 UTC 2018-09-17 07:24:10 +0000 UTC  }]&#xA;Sep 19 07:31:17.163: INFO: istio-egressgateway-54448bcdbd-f4v6v                             10.46.6.173  Running           [{Initialized True 0001-01-01 00:00:00 +0000 UTC 2018-09-17 07:17:29 +0000 UTC  } {Ready True 0001-01-01 00:00:00 +0000 UTC 2018-09-17 07:18:31 +0000 UTC  } {ContainersReady True 0001-01-01 00:00:00 +0000 UTC 0001-01-01 00:00:00 +0000 UTC  } {PodScheduled True 0001-01-01 00:00:00 +0000 UTC 2018-09-17 07:17:27 +0000 UTC  }]&#xA;Sep 19 07:31:17.163: INFO: istio-egressgateway-54448bcdbd-lhh5c                             10.46.6.173  Running           [{Initialized True 0001-01-01 00:00:00 +0000 UTC 2018-09-17 07:20:07 +0000 UTC  } {Ready True 0001-01-01 00:00:00 +0000 UTC 2018-09-17 07:21:11 +0000 UTC  } {ContainersReady True 0001-01-01 00:00:00 +0000 UTC 0001-01-01 00:00:00 +0000 UTC  } {PodScheduled True 0001-01-01 00:00:00 +0000 UTC 2018-09-17 07:20:06 +0000 UTC  }]&#xA;Sep 19 07:31:17.163: INFO: istio-egressgateway-54448bcdbd-pjbtc                             10.46.6.173  Running           [{Initialized True 0001-01-01 00:00:00 +0000 UTC 2018-09-17 07:28:34 +0000 UTC  } {Ready True 0001-01-01 00:00:00 +0000 UTC 2018-09-17 07:29:40 +0000 UTC  } {ContainersReady True 0001-01-01 00:00:00 +0000 UTC 0001-01-01 00:00:00 +0000 UTC  } {PodScheduled True 0001-01-01 00:00:00 +0000 UTC 2018-09-17 07:28:34 +0000 UTC  }]&#xA;Sep 19 07:31:17.163: INFO: istio-egressgateway-54448bcdbd-xmkbc                             10.46.6.173  Running           [{Initialized True 0001-01-01 00:00:00 +0000 UTC 2018-09-17 07:24:11 +0000 UTC  } {Ready True 0001-01-01 00:00:00 +0000 UTC 2018-09-17 07:25:10 +0000 UTC  } {ContainersReady True 0001-01-01 00:00:00 +0000 UTC 0001-01-01 00:00:00 +0000 UTC  } {PodScheduled True 0001-01-01 00:00:00 +0000 UTC 2018-09-17 07:24:10 +0000 UTC  }]&#xA;Sep 19 07:31:17.163: INFO: istio-galley-687cd96db-hlpng                                     10.46.6.173  Running           [{Initialized True 0001-01-01 00:00:00 +0000 UTC 2018-09-17 07:17:28 +0000 UTC  } {Ready True 0001-01-01 00:00:00 +0000 UTC 2018-09-17 07:18:35 +0000 UTC  } {ContainersReady True 0001-01-01 00:00:00 +0000 UTC 0001-01-01 00:00:00 +0000 UTC  } {PodScheduled True 0001-01-01 00:00:00 +0000 UTC 2018-09-17 07:17:27 +0000 UTC  }]&#xA;Sep 19 07:31:17.163: INFO: istio-ingressgateway-7bc96d6585-4qnc5                            10.46.6.173  Running           [{Initialized True 0001-01-01 00:00:00 +0000 UTC 2018-09-17 07:24:14 +0000 UTC  } {Ready True 0001-01-01 00:00:00 +0000 UTC 2018-09-17 07:25:22 +0000 UTC  } {ContainersReady True 0001-01-01 00:00:00 +0000 UTC 0001-01-01 00:00:00 +0000 UTC  } {PodScheduled True 0001-01-01 00:00:00 +0000 UTC 2018-09-17 07:24:13 +0000 UTC  }]&#xA;Sep 19 07:31:17.163: INFO: istio-ingressgateway-7bc96d6585-c58zx                            10.46.6.173  Running           [{Initialized True 0001-01-01 00:00:00 +0000 UTC 2018-09-17 07:24:15 +0000 UTC  } {Ready True 0001-01-01 00:00:00 +0000 UTC 2018-09-17 07:25:19 +0000 UTC  } {ContainersReady True 0001-01-01 00:00:00 +0000 UTC 0001-01-01 00:00:00 +0000 UTC  } {PodScheduled True 0001-01-01 00:00:00 +0000 UTC 2018-09-17 07:24:14 +0000 UTC  }]&#xA;Sep 19 07:31:17.163: INFO: istio-ingressgateway-7bc96d6585-m567m                            10.46.6.173  Running           [{Initialized True 0001-01-01 00:00:00 +0000 UTC 2018-09-17 07:20:41 +0000 UTC  } {Ready True 0001-01-01 00:00:00 +0000 UTC 2018-09-17 07:21:43 +0000 UTC  } {ContainersReady True 0001-01-01 00:00:00 +0000 UTC 0001-01-01 00:00:00 +0000 UTC  } {PodScheduled True 0001-01-01 00:00:00 +0000 UTC 2018-09-17 07:20:41 +0000 UTC  }]&#xA;Sep 19 07:31:17.163: INFO: istio-ingressgateway-7bc96d6585-r98nr                            10.46.6.173  Running           [{Initialized True 0001-01-01 00:00:00 +0000 UTC 2018-09-17 07:28:10 +0000 UTC  } {Ready True 0001-01-01 00:00:00 +0000 UTC 2018-09-17 07:29:11 +0000 UTC  } {ContainersReady True 0001-01-01 00:00:00 +0000 UTC 0001-01-01 00:00:00 +0000 UTC  } {PodScheduled True 0001-01-01 00:00:00 +0000 UTC 2018-09-17 07:28:09 +0000 UTC  }]&#xA;Sep 19 07:31:17.164: INFO: istio-ingressgateway-7bc96d6585-smf45                            10.46.6.173  Running           [{Initialized True 0001-01-01 00:00:00 +0000 UTC 2018-09-17 07:17:28 +0000 UTC  } {Ready True 0001-01-01 00:00:00 +0000 UTC 2018-09-17 07:18:37 +0000 UTC  } {ContainersReady True 0001-01-01 00:00:00 +0000 UTC 0001-01-01 00:00:00 +0000 UTC  } {PodScheduled True 0001-01-01 00:00:00 +0000 UTC 2018-09-17 07:17:27 +0000 UTC  }]&#xA;Sep 19 07:31:17.164: INFO: istio-pilot-6cf9ccf474-kkb6j                                     10.46.6.173  Running           [{Initialized True 0001-01-01 00:00:00 +0000 UTC 2018-09-17 07:17:31 +0000 UTC  } {Ready True 0001-01-01 00:00:00 +0000 UTC 2018-09-17 07:19:28 +0000 UTC  } {ContainersReady True 0001-01-01 00:00:00 +0000 UTC 0001-01-01 00:00:00 +0000 UTC  } {PodScheduled True 0001-01-01 00:00:00 +0000 UTC 2018-09-17 07:17:27 +0000 UTC  }]&#xA;Sep 19 07:31:17.164: INFO: istio-policy-5b64d7fd64-5l2m9                                    10.46.6.173  Running           [{Initialized True 0001-01-01 00:00:00 +0000 UTC 2018-09-17 07:31:07 +0000 UTC  } {Ready True 0001-01-01 00:00:00 +0000 UTC 2018-09-17 07:31:51 +0000 UTC  } {ContainersReady True 0001-01-01 00:00:00 +0000 UTC 0001-01-01 00:00:00 +0000 UTC  } {PodScheduled True 0001-01-01 00:00:00 +0000 UTC 2018-09-17 07:31:06 +0000 UTC  }]&#xA;Sep 19 07:31:17.164: INFO: istio-policy-5b64d7fd64-fb4bc                                    10.46.6.173  Running           [{Initialized True 0001-01-01 00:00:00 +0000 UTC 2018-09-17 07:27:37 +0000 UTC  } {Ready True 0001-01-01 00:00:00 +0000 UTC 2018-09-17 07:28:39 +0000 UTC  } {ContainersReady True 0001-01-01 00:00:00 +0000 UTC 0001-01-01 00:00:00 +0000 UTC  } {PodScheduled True 0001-01-01 00:00:00 +0000 UTC 2018-09-17 07:27:36 +0000 UTC  }]&#xA;Sep 19 07:31:17.164: INFO: istio-policy-5b64d7fd64-jrlzt                                    10.46.6.173  Running           [{Initialized True 0001-01-01 00:00:00 +0000 UTC 2018-09-17 07:23:11 +0000 UTC  } {Ready True 0001-01-01 00:00:00 +0000 UTC 2018-09-17 07:24:08 +0000 UTC  } {ContainersReady True 0001-01-01 00:00:00 +0000 UTC 0001-01-01 00:00:00 +0000 UTC  } {PodScheduled True 0001-01-01 00:00:00 +0000 UTC 2018-09-17 07:23:10 +0000 UTC  }]&#xA;Sep 19 07:31:17.164: INFO: istio-policy-5b64d7fd64-pt9z2                                    10.46.6.173  Running           [{Initialized True 0001-01-01 00:00:00 +0000 UTC 2018-09-17 07:17:30 +0000 UTC  } {Ready True 0001-01-01 00:00:00 +0000 UTC 2018-09-17 07:19:02 +0000 UTC  } {ContainersReady True 0001-01-01 00:00:00 +0000 UTC 0001-01-01 00:00:00 +0000 UTC  } {PodScheduled True 0001-01-01 00:00:00 +0000 UTC 2018-09-17 07:17:27 +0000 UTC  }]&#xA;Sep 19 07:31:17.164: INFO: istio-policy-5b64d7fd64-z68j4                                    10.46.6.173  Running           [{Initialized True 0001-01-01 00:00:00 +0000 UTC 2018-09-17 07:19:38 +0000 UTC  } {Ready True 0001-01-01 00:00:00 +0000 UTC 2018-09-17 07:20:44 +0000 UTC  } {ContainersReady True 0001-01-01 00:00:00 +0000 UTC 0001-01-01 00:00:00 +0000 UTC  } {PodScheduled True 0001-01-01 00:00:00 +0000 UTC 2018-09-17 07:19:37 +0000 UTC  }]&#xA;Sep 19 07:31:17.164: INFO: istio-sidecar-injector-86d554f5f7-d57zk                          10.46.6.173  Running           [{Initialized True 0001-01-01 00:00:00 +0000 UTC 2018-09-17 07:17:32 +0000 UTC  } {Ready True 0001-01-01 00:00:00 +0000 UTC 2018-09-17 07:18:41 +0000 UTC  } {ContainersReady True 0001-01-01 00:00:00 +0000 UTC 0001-01-01 00:00:00 +0000 UTC  } {PodScheduled True 0001-01-01 00:00:00 +0000 UTC 2018-09-17 07:17:29 +0000 UTC  }]&#xA;Sep 19 07:31:17.164: INFO: istio-statsd-prom-bridge-66cb69b666-p76m8                        10.46.6.173  Running           [{Initialized True 0001-01-01 00:00:00 +0000 UTC 2018-09-17 07:17:29 +0000 UTC  } {Ready True 0001-01-01 00:00:00 +0000 UTC 2018-09-17 07:18:32 +0000 UTC  } {ContainersReady True 0001-01-01 00:00:00 +0000 UTC 0001-01-01 00:00:00 +0000 UTC  } {PodScheduled True 0001-01-01 00:00:00 +0000 UTC 2018-09-17 07:17:27 +0000 UTC  }]&#xA;Sep 19 07:31:17.164: INFO: istio-telemetry-8b5964dc7-9q67f                                  10.46.6.173  Running           [{Initialized True 0001-01-01 00:00:00 +0000 UTC 2018-09-17 07:31:08 +0000 UTC  } {Ready True 0001-01-01 00:00:00 +0000 UTC 2018-09-17 07:32:00 +0000 UTC  } {ContainersReady True 0001-01-01 00:00:00 +0000 UTC 0001-01-01 00:00:00 +0000 UTC  } {PodScheduled True 0001-01-01 00:00:00 +0000 UTC 2018-09-17 07:31:07 +0000 UTC  }]&#xA;Sep 19 07:31:17.164: INFO: istio-telemetry-8b5964dc7-hcf6d                                  10.46.6.173  Running           [{Initialized True 0001-01-01 00:00:00 +0000 UTC 2018-09-17 07:17:29 +0000 UTC  } {Ready True 0001-01-01 00:00:00 +0000 UTC 2018-09-17 07:18:56 +0000 UTC  } {ContainersReady True 0001-01-01 00:00:00 +0000 UTC 0001-01-01 00:00:00 +0000 UTC  } {PodScheduled True 0001-01-01 00:00:00 +0000 UTC 2018-09-17 07:17:27 +0000 UTC  }]&#xA;Sep 19 07:31:17.164: INFO: istio-telemetry-8b5964dc7-nw9kk                                  10.46.6.173  Running           [{Initialized True 0001-01-01 00:00:00 +0000 UTC 2018-09-17 07:23:11 +0000 UTC  } {Ready True 0001-01-01 00:00:00 +0000 UTC 2018-09-17 07:24:19 +0000 UTC  } {ContainersReady True 0001-01-01 00:00:00 +0000 UTC 0001-01-01 00:00:00 +0000 UTC  } {PodScheduled True 0001-01-01 00:00:00 +0000 UTC 2018-09-17 07:23:10 +0000 UTC  }]&#xA;Sep 19 07:31:17.164: INFO: istio-telemetry-8b5964dc7-rfswc                                  10.46.6.173  Running           [{Initialized True 0001-01-01 00:00:00 +0000 UTC 2018-09-17 07:19:39 +0000 UTC  } {Ready True 0001-01-01 00:00:00 +0000 UTC 2018-09-17 07:20:38 +0000 UTC  } {ContainersReady True 0001-01-01 00:00:00 +0000 UTC 0001-01-01 00:00:00 +0000 UTC  } {PodScheduled True 0001-01-01 00:00:00 +0000 UTC 2018-09-17 07:19:38 +0000 UTC  }]&#xA;Sep 19 07:31:17.164: INFO: istio-telemetry-8b5964dc7-vjqbq                                  10.46.6.173  Running           [{Initialized True 0001-01-01 00:00:00 +0000 UTC 2018-09-17 07:27:36 +0000 UTC  } {Ready True 0001-01-01 00:00:00 +0000 UTC 2018-09-17 07:28:21 +0000 UTC  } {ContainersReady True 0001-01-01 00:00:00 +0000 UTC 0001-01-01 00:00:00 +0000 UTC  } {PodScheduled True 0001-01-01 00:00:00 +0000 UTC 2018-09-17 07:27:36 +0000 UTC  }]&#xA;Sep 19 07:31:17.164: INFO: istio-tracing-77ccfc8844-79ngl                                   10.46.6.173  Running           [{Initialized True 0001-01-01 00:00:00 +0000 UTC 2018-09-17 07:17:32 +0000 UTC  } {Ready True 0001-01-01 00:00:00 +0000 UTC 2018-09-17 07:18:08 +0000 UTC  } {ContainersReady True 0001-01-01 00:00:00 +0000 UTC 0001-01-01 00:00:00 +0000 UTC  } {PodScheduled True 0001-01-01 00:00:00 +0000 UTC 2018-09-17 07:17:29 +0000 UTC  }]&#xA;Sep 19 07:31:17.164: INFO: kiali-7f8c59df94-25qmq                                           10.46.6.173  Running           [{Initialized True 0001-01-01 00:00:00 +0000 UTC 2018-09-17 07:17:27 +0000 UTC  } {Ready True 0001-01-01 00:00:00 +0000 UTC 2018-09-17 07:17:56 +0000 UTC  } {ContainersReady True 0001-01-01 00:00:00 +0000 UTC 0001-01-01 00:00:00 +0000 UTC  } {PodScheduled True 0001-01-01 00:00:00 +0000 UTC 2018-09-17 07:17:27 +0000 UTC  }]&#xA;Sep 19 07:31:17.164: INFO: prometheus-6f98d89664-wh7pb                                      10.46.6.173  Running           [{Initialized True 0001-01-01 00:00:00 +0000 UTC 2018-09-17 07:17:31 +0000 UTC  } {Ready True 0001-01-01 00:00:00 +0000 UTC 2018-09-17 07:17:57 +0000 UTC  } {ContainersReady True 0001-01-01 00:00:00 +0000 UTC 0001-01-01 00:00:00 +0000 UTC  } {PodScheduled True 0001-01-01 00:00:00 +0000 UTC 2018-09-17 07:17:28 +0000 UTC  }]&#xA;Sep 19 07:31:17.164: INFO: servicegraph-85578d8fc6-m62z4                                    10.46.6.173  Running           [{Initialized True 0001-01-01 00:00:00 +0000 UTC 2018-09-17 07:17:32 +0000 UTC  } {Ready True 0001-01-01 00:00:00 +0000 UTC 2018-09-17 07:18:22 +0000 UTC  } {ContainersReady True 0001-01-01 00:00:00 +0000 UTC 0001-01-01 00:00:00 +0000 UTC  } {PodScheduled True 0001-01-01 00:00:00 +0000 UTC 2018-09-17 07:17:28 +0000 UTC  }]&#xA;Sep 19 07:31:17.164: INFO: audit-logging-fluentd-ds-4cgnk                                   10.46.6.170  Running           [{Initialized True 0001-01-01 00:00:00 +0000 UTC 2018-09-17 07:18:46 +0000 UTC  } {Ready True 0001-01-01 00:00:00 +0000 UTC 2018-09-17 07:18:50 +0000 UTC  } {ContainersReady True 0001-01-01 00:00:00 +0000 UTC 0001-01-01 00:00:00 +0000 UTC  } {PodScheduled True 0001-01-01 00:00:00 +0000 UTC 2018-09-17 07:18:46 +0000 UTC  }]&#xA;Sep 19 07:31:17.164: INFO: audit-logging-fluentd-ds-8bh4t                                   10.46.6.172  Running           [{Initialized True 0001-01-01 00:00:00 +0000 UTC 2018-09-17 07:18:46 +0000 UTC  } {Ready True 0001-01-01 00:00:00 +0000 UTC 2018-09-17 07:18:56 +0000 UTC  } {ContainersReady True 0001-01-01 00:00:00 +0000 UTC 0001-01-01 00:00:00 +0000 UTC  } {PodScheduled True 0001-01-01 00:00:00 +0000 UTC 2018-09-17 07:18:46 +0000 UTC  }]&#xA;Sep 19 07:31:17.164: INFO: audit-logging-fluentd-ds-bc22k                                   10.46.6.171  Running           [{Initialized True 0001-01-01 00:00:00 +0000 UTC 2018-09-17 07:18:46 +0000 UTC  } {Ready True 0001-01-01 00:00:00 +0000 UTC 2018-09-17 07:18:56 +0000 UTC  } {ContainersReady True 0001-01-01 00:00:00 +0000 UTC 0001-01-01 00:00:00 +0000 UTC  } {PodScheduled True 0001-01-01 00:00:00 +0000 UTC 2018-09-17 07:18:46 +0000 UTC  }]&#xA;Sep 19 07:31:17.164: INFO: audit-logging-fluentd-ds-dhcg6                                   10.46.6.173  Running           [{Initialized True 0001-01-01 00:00:00 +0000 UTC 2018-09-17 07:18:46 +0000 UTC  } {Ready True 0001-01-01 00:00:00 +0000 UTC 2018-09-17 07:19:00 +0000 UTC  } {ContainersReady True 0001-01-01 00:00:00 +0000 UTC 0001-01-01 00:00:00 +0000 UTC  } {PodScheduled True 0001-01-01 00:00:00 +0000 UTC 2018-09-17 07:18:46 +0000 UTC  }]&#xA;Sep 19 07:31:17.164: INFO: auth-apikeys-x45mz                                               10.46.6.173  Running           [{Initialized True 0001-01-01 00:00:00 +0000 UTC 2018-09-17 07:10:12 +0000 UTC  } {Ready True 0001-01-01 00:00:00 +0000 UTC 2018-09-17 07:11:25 +0000 UTC  } {ContainersReady True 0001-01-01 00:00:00 +0000 UTC 0001-01-01 00:00:00 +0000 UTC  } {PodScheduled True 0001-01-01 00:00:00 +0000 UTC 2018-09-17 07:10:12 +0000 UTC  }]&#xA;Sep 19 07:31:17.164: INFO: auth-idp-kjpmx                                                   10.46.6.173  Running           [{Initialized True 0001-01-01 00:00:00 +0000 UTC 2018-09-17 07:10:19 +0000 UTC  } {Ready True 0001-01-01 00:00:00 +0000 UTC 2018-09-19 07:05:52 +0000 UTC  } {ContainersReady True 0001-01-01 00:00:00 +0000 UTC 0001-01-01 00:00:00 +0000 UTC  } {PodScheduled True 0001-01-01 00:00:00 +0000 UTC 2018-09-17 07:10:04 +0000 UTC  }]&#xA;Sep 19 07:31:17.164: INFO: auth-pap-qb5m2                                                   10.46.6.173  Running           [{Initialized True 0001-01-01 00:00:00 +0000 UTC 2018-09-17 07:10:20 +0000 UTC  } {Ready True 0001-01-01 00:00:00 +0000 UTC 2018-09-17 07:10:46 +0000 UTC  } {ContainersReady True 0001-01-01 00:00:00 +0000 UTC 0001-01-01 00:00:00 +0000 UTC  } {PodScheduled True 0001-01-01 00:00:00 +0000 UTC 2018-09-17 07:10:20 +0000 UTC  }]&#xA;Sep 19 07:31:17.165: INFO: auth-pdp-tk2jm                                                   10.46.6.173  Running           [{Initialized True 0001-01-01 00:00:00 +0000 UTC 2018-09-17 07:13:08 +0000 UTC  } {Ready True 0001-01-01 00:00:00 +0000 UTC 2018-09-17 07:13:19 +0000 UTC  } {ContainersReady True 0001-01-01 00:00:00 +0000 UTC 0001-01-01 00:00:00 +0000 UTC  } {PodScheduled True 0001-01-01 00:00:00 +0000 UTC 2018-09-17 07:10:28 +0000 UTC  }]&#xA;Sep 19 07:31:17.165: INFO: calico-kube-controllers-dcb8cc97c-gtsqp                          10.46.6.173  Running           [{Initialized True 0001-01-01 00:00:00 +0000 UTC 2018-09-17 07:05:53 +0000 UTC  } {Ready True 0001-01-01 00:00:00 +0000 UTC 2018-09-17 07:06:04 +0000 UTC  } {ContainersReady True 0001-01-01 00:00:00 +0000 UTC 0001-01-01 00:00:00 +0000 UTC  } {PodScheduled True 0001-01-01 00:00:00 +0000 UTC 2018-09-17 07:05:53 +0000 UTC  }]&#xA;Sep 19 07:31:17.165: INFO: calico-node-gpm2c                                                10.46.6.171  Running           [{Initialized True 0001-01-01 00:00:00 +0000 UTC 2018-09-17 07:05:53 +0000 UTC  } {Ready True 0001-01-01 00:00:00 +0000 UTC 2018-09-17 07:06:11 +0000 UTC  } {ContainersReady True 0001-01-01 00:00:00 +0000 UTC 0001-01-01 00:00:00 +0000 UTC  } {PodScheduled True 0001-01-01 00:00:00 +0000 UTC 2018-09-17 07:05:53 +0000 UTC  }]&#xA;Sep 19 07:31:17.165: INFO: calico-node-htf97                                                10.46.6.170  Running           [{Initialized True 0001-01-01 00:00:00 +0000 UTC 2018-09-17 07:05:53 +0000 UTC  } {Ready True 0001-01-01 00:00:00 +0000 UTC 2018-09-17 07:06:14 +0000 UTC  } {ContainersReady True 0001-01-01 00:00:00 +0000 UTC 0001-01-01 00:00:00 +0000 UTC  } {PodScheduled True 0001-01-01 00:00:00 +0000 UTC 2018-09-17 07:05:53 +0000 UTC  }]&#xA;Sep 19 07:31:17.165: INFO: calico-node-m7d5t                                                10.46.6.173  Running           [{Initialized True 0001-01-01 00:00:00 +0000 UTC 2018-09-17 07:05:54 +0000 UTC  } {Ready True 0001-01-01 00:00:00 +0000 UTC 2018-09-17 07:06:15 +0000 UTC  } {ContainersReady True 0001-01-01 00:00:00 +0000 UTC 0001-01-01 00:00:00 +0000 UTC  } {PodScheduled True 0001-01-01 00:00:00 +0000 UTC 2018-09-17 07:05:54 +0000 UTC  }]&#xA;Sep 19 07:31:17.165: INFO: calico-node-wsknj                                                10.46.6.172  Running           [{Initialized True 0001-01-01 00:00:00 +0000 UTC 2018-09-17 07:05:53 +0000 UTC  } {Ready True 0001-01-01 00:00:00 +0000 UTC 2018-09-17 07:06:17 +0000 UTC  } {ContainersReady True 0001-01-01 00:00:00 +0000 UTC 0001-01-01 00:00:00 +0000 UTC  } {PodScheduled True 0001-01-01 00:00:00 +0000 UTC 2018-09-17 07:05:53 +0000 UTC  }]&#xA;Sep 19 07:31:17.165: INFO: catalog-ui-5rtkh                                                 10.46.6.173  Running           [{Initialized True 0001-01-01 00:00:00 +0000 UTC 2018-09-17 07:15:57 +0000 UTC  } {Ready True 0001-01-01 00:00:00 +0000 UTC 2018-09-17 07:16:11 +0000 UTC  } {ContainersReady True 0001-01-01 00:00:00 +0000 UTC 0001-01-01 00:00:00 +0000 UTC  } {PodScheduled True 0001-01-01 00:00:00 +0000 UTC 2018-09-17 07:15:57 +0000 UTC  }]&#xA;Sep 19 07:31:17.165: INFO: custom-metrics-adapter-64f64964b4-f9gmc                          10.46.6.171  Running           [{Initialized True 0001-01-01 00:00:00 +0000 UTC 2018-09-17 07:17:13 +0000 UTC  } {Ready True 0001-01-01 00:00:00 +0000 UTC 2018-09-17 07:17:51 +0000 UTC  } {ContainersReady True 0001-01-01 00:00:00 +0000 UTC 0001-01-01 00:00:00 +0000 UTC  } {PodScheduled True 0001-01-01 00:00:00 +0000 UTC 2018-09-17 07:14:28 +0000 UTC  }]&#xA;Sep 19 07:31:17.165: INFO: default-backend-54966589c4-4d47g                                 10.46.6.173  Running           [{Initialized True 0001-01-01 00:00:00 +0000 UTC 2018-09-17 07:08:29 +0000 UTC  } {Ready True 0001-01-01 00:00:00 +0000 UTC 2018-09-17 07:08:40 +0000 UTC  } {ContainersReady True 0001-01-01 00:00:00 +0000 UTC 0001-01-01 00:00:00 +0000 UTC  } {PodScheduled True 0001-01-01 00:00:00 +0000 UTC 2018-09-17 07:08:28 +0000 UTC  }]&#xA;Sep 19 07:31:17.165: INFO: heapster-69b486565b-nt26r                                        10.46.6.173  Running           [{Initialized True 0001-01-01 00:00:00 +0000 UTC 2018-09-17 07:13:48 +0000 UTC  } {Ready True 0001-01-01 00:00:00 +0000 UTC 2018-09-17 07:13:58 +0000 UTC  } {ContainersReady True 0001-01-01 00:00:00 +0000 UTC 0001-01-01 00:00:00 +0000 UTC  } {PodScheduled True 0001-01-01 00:00:00 +0000 UTC 2018-09-17 07:13:48 +0000 UTC  }]&#xA;Sep 19 07:31:17.165: INFO: helm-api-fdd886877-6pwm8                                         10.46.6.173  Running           [{Initialized True 0001-01-01 00:00:00 +0000 UTC 2018-09-17 07:16:36 +0000 UTC  } {Ready True 0001-01-01 00:00:00 +0000 UTC 2018-09-17 07:16:58 +0000 UTC  } {ContainersReady True 0001-01-01 00:00:00 +0000 UTC 0001-01-01 00:00:00 +0000 UTC  } {PodScheduled True 0001-01-01 00:00:00 +0000 UTC 2018-09-17 07:16:35 +0000 UTC  }]&#xA;Sep 19 07:31:17.165: INFO: helm-repo-5649f57447-wwdn4                                       10.46.6.173  Running           [{Initialized True 0001-01-01 00:00:00 +0000 UTC 2018-09-17 07:14:04 +0000 UTC  } {Ready True 0001-01-01 00:00:00 +0000 UTC 2018-09-17 07:14:40 +0000 UTC  } {ContainersReady True 0001-01-01 00:00:00 +0000 UTC 0001-01-01 00:00:00 +0000 UTC  } {PodScheduled True 0001-01-01 00:00:00 +0000 UTC 2018-09-17 07:13:53 +0000 UTC  }]&#xA;Sep 19 07:31:17.165: INFO: ibmcloud-image-enforcement-76ddccbf9f-kqmlb                      10.46.6.171  Running           [{Initialized True 0001-01-01 00:00:00 +0000 UTC 2018-09-17 07:14:02 +0000 UTC  } {Ready True 0001-01-01 00:00:00 +0000 UTC 2018-09-17 07:14:07 +0000 UTC  } {ContainersReady True 0001-01-01 00:00:00 +0000 UTC 0001-01-01 00:00:00 +0000 UTC  } {PodScheduled True 0001-01-01 00:00:00 +0000 UTC 2018-09-17 07:14:02 +0000 UTC  }]&#xA;Sep 19 07:31:17.165: INFO: icp-management-ingress-x6qn8                                     10.46.6.173  Running           [{Initialized True 0001-01-01 00:00:00 +0000 UTC 2018-09-17 07:10:36 +0000 UTC  } {Ready True 0001-01-01 00:00:00 +0000 UTC 2018-09-17 07:10:48 +0000 UTC  } {ContainersReady True 0001-01-01 00:00:00 +0000 UTC 0001-01-01 00:00:00 +0000 UTC  } {PodScheduled True 0001-01-01 00:00:00 +0000 UTC 2018-09-17 07:10:36 +0000 UTC  }]&#xA;Sep 19 07:31:17.165: INFO: icp-mongodb-0                                                    10.46.6.173  Running           [{Initialized True 0001-01-01 00:00:00 +0000 UTC 2018-09-17 07:09:00 +0000 UTC  } {Ready True 0001-01-01 00:00:00 +0000 UTC 2018-09-17 07:09:17 +0000 UTC  } {ContainersReady True 0001-01-01 00:00:00 +0000 UTC 0001-01-01 00:00:00 +0000 UTC  } {PodScheduled True 0001-01-01 00:00:00 +0000 UTC 2018-09-17 07:07:41 +0000 UTC  }]&#xA;Sep 19 07:31:17.165: INFO: image-manager-0                                                  10.46.6.173  Running           [{Initialized True 0001-01-01 00:00:00 +0000 UTC 2018-09-17 06:38:56 +0000 UTC  } {Ready True 0001-01-01 00:00:00 +0000 UTC 2018-09-17 06:39:08 +0000 UTC  } {ContainersReady True 0001-01-01 00:00:00 +0000 UTC 0001-01-01 00:00:00 +0000 UTC  } {PodScheduled True 0001-01-01 00:00:00 +0000 UTC 2018-09-17 06:38:56 +0000 UTC  }]&#xA;Sep 19 07:31:17.165: INFO: k8s-etcd-10.46.6.173                                             10.46.6.173  Running           [{Initialized True 0001-01-01 00:00:00 +0000 UTC 2018-09-17 06:35:49 +0000 UTC  } {Ready True 0001-01-01 00:00:00 +0000 UTC 2018-09-17 06:35:54 +0000 UTC  } {ContainersReady True 0001-01-01 00:00:00 +0000 UTC 0001-01-01 00:00:00 +0000 UTC  } {PodScheduled True 0001-01-01 00:00:00 +0000 UTC 2018-09-17 06:35:49 +0000 UTC  }]&#xA;Sep 19 07:31:17.165: INFO: k8s-master-10.46.6.173                                           10.46.6.173  Running           [{Initialized True 0001-01-01 00:00:00 +0000 UTC 2018-09-17 06:37:18 +0000 UTC  } {Ready True 0001-01-01 00:00:00 +0000 UTC 2018-09-17 06:37:26 +0000 UTC  } {ContainersReady True 0001-01-01 00:00:00 +0000 UTC 0001-01-01 00:00:00 +0000 UTC  } {PodScheduled True 0001-01-01 00:00:00 +0000 UTC 2018-09-17 06:37:18 +0000 UTC  }]&#xA;Sep 19 07:31:17.165: INFO: k8s-proxy-10.46.6.170                                            10.46.6.170  Running           [{Initialized True 0001-01-01 00:00:00 +0000 UTC 2018-09-17 07:05:43 +0000 UTC  } {Ready True 0001-01-01 00:00:00 +0000 UTC 2018-09-17 07:05:46 +0000 UTC  } {ContainersReady True 0001-01-01 00:00:00 +0000 UTC 0001-01-01 00:00:00 +0000 UTC  } {PodScheduled True 0001-01-01 00:00:00 +0000 UTC 2018-09-17 07:05:43 +0000 UTC  }]&#xA;Sep 19 07:31:17.165: INFO: k8s-proxy-10.46.6.171                                            10.46.6.171  Running           [{Initialized True 0001-01-01 00:00:00 +0000 UTC 2018-09-17 07:05:44 +0000 UTC  } {Ready True 0001-01-01 00:00:00 +0000 UTC 2018-09-17 07:05:46 +0000 UTC  } {ContainersReady True 0001-01-01 00:00:00 +0000 UTC 0001-01-01 00:00:00 +0000 UTC  } {PodScheduled True 0001-01-01 00:00:00 +0000 UTC 2018-09-17 07:05:44 +0000 UTC  }]&#xA;Sep 19 07:31:17.165: INFO: k8s-proxy-10.46.6.172                                            10.46.6.172  Running           [{Initialized True 0001-01-01 00:00:00 +0000 UTC 2018-09-17 07:05:44 +0000 UTC  } {Ready True 0001-01-01 00:00:00 +0000 UTC 2018-09-17 07:05:48 +0000 UTC  } {ContainersReady True 0001-01-01 00:00:00 +0000 UTC 0001-01-01 00:00:00 +0000 UTC  } {PodScheduled True 0001-01-01 00:00:00 +0000 UTC 2018-09-17 07:05:44 +0000 UTC  }]&#xA;Sep 19 07:31:17.165: INFO: k8s-proxy-10.46.6.173                                            10.46.6.173  Running           [{Initialized True 0001-01-01 00:00:00 +0000 UTC 2018-09-17 06:35:45 +0000 UTC  } {Ready True 0001-01-01 00:00:00 +0000 UTC 2018-09-17 06:35:50 +0000 UTC  } {ContainersReady True 0001-01-01 00:00:00 +0000 UTC 0001-01-01 00:00:00 +0000 UTC  } {PodScheduled True 0001-01-01 00:00:00 +0000 UTC 2018-09-17 06:35:45 +0000 UTC  }]&#xA;Sep 19 07:31:17.165: INFO: kube-dns-mwjc8                                                   10.46.6.173  Running           [{Initialized True 0001-01-01 00:00:00 +0000 UTC 2018-09-17 07:06:10 +0000 UTC  } {Ready True 0001-01-01 00:00:00 +0000 UTC 2018-09-17 07:06:18 +0000 UTC  } {ContainersReady True 0001-01-01 00:00:00 +0000 UTC 0001-01-01 00:00:00 +0000 UTC  } {PodScheduled True 0001-01-01 00:00:00 +0000 UTC 2018-09-17 07:06:10 +0000 UTC  }]&#xA;Sep 19 07:31:17.165: INFO: logging-elk-client-75d4d7994c-7g7fn                              10.46.6.171  Running           [{Initialized True 0001-01-01 00:00:00 +0000 UTC 2018-09-17 07:15:40 +0000 UTC  } {Ready True 0001-01-01 00:00:00 +0000 UTC 2018-09-17 07:16:22 +0000 UTC  } {ContainersReady True 0001-01-01 00:00:00 +0000 UTC 0001-01-01 00:00:00 +0000 UTC  } {PodScheduled True 0001-01-01 00:00:00 +0000 UTC 2018-09-17 07:15:20 +0000 UTC  }]&#xA;Sep 19 07:31:17.166: INFO: logging-elk-data-0                                               10.46.6.171  Running           [{Initialized True 0001-01-01 00:00:00 +0000 UTC 2018-09-17 07:15:47 +0000 UTC  } {Ready True 0001-01-01 00:00:00 +0000 UTC 2018-09-17 07:16:16 +0000 UTC  } {ContainersReady True 0001-01-01 00:00:00 +0000 UTC 0001-01-01 00:00:00 +0000 UTC  } {PodScheduled True 0001-01-01 00:00:00 +0000 UTC 2018-09-17 07:15:20 +0000 UTC  }]&#xA;Sep 19 07:31:17.166: INFO: logging-elk-elasticsearch-tls-init-6hnl4                         10.46.6.171  Succeeded         [{Initialized True 0001-01-01 00:00:00 +0000 UTC 2018-09-17 07:15:20 +0000 UTC PodCompleted } {Ready False 0001-01-01 00:00:00 +0000 UTC 2018-09-17 07:17:46 +0000 UTC PodCompleted } {ContainersReady False 0001-01-01 00:00:00 +0000 UTC 0001-01-01 00:00:00 +0000 UTC PodCompleted } {PodScheduled True 0001-01-01 00:00:00 +0000 UTC 2018-09-17 07:15:20 +0000 UTC  }]&#xA;Sep 19 07:31:17.166: INFO: logging-elk-filebeat-ds-bs86r                                    10.46.6.171  Running           [{Initialized True 0001-01-01 00:00:00 +0000 UTC 2018-09-17 07:15:20 +0000 UTC  } {Ready True 0001-01-01 00:00:00 +0000 UTC 2018-09-17 07:15:42 +0000 UTC  } {ContainersReady True 0001-01-01 00:00:00 +0000 UTC 0001-01-01 00:00:00 +0000 UTC  } {PodScheduled True 0001-01-01 00:00:00 +0000 UTC 2018-09-17 07:15:20 +0000 UTC  }]&#xA;Sep 19 07:31:17.166: INFO: logging-elk-filebeat-ds-jtd5q                                    10.46.6.170  Running           [{Initialized True 0001-01-01 00:00:00 +0000 UTC 2018-09-17 07:15:20 +0000 UTC  } {Ready True 0001-01-01 00:00:00 +0000 UTC 2018-09-17 07:15:37 +0000 UTC  } {ContainersReady True 0001-01-01 00:00:00 +0000 UTC 0001-01-01 00:00:00 +0000 UTC  } {PodScheduled True 0001-01-01 00:00:00 +0000 UTC 2018-09-17 07:15:20 +0000 UTC  }]&#xA;Sep 19 07:31:17.166: INFO: logging-elk-filebeat-ds-qf2vz                                    10.46.6.173  Running           [{Initialized True 0001-01-01 00:00:00 +0000 UTC 2018-09-17 07:15:20 +0000 UTC  } {Ready True 0001-01-01 00:00:00 +0000 UTC 2018-09-17 07:15:39 +0000 UTC  } {ContainersReady True 0001-01-01 00:00:00 +0000 UTC 0001-01-01 00:00:00 +0000 UTC  } {PodScheduled True 0001-01-01 00:00:00 +0000 UTC 2018-09-17 07:15:20 +0000 UTC  }]&#xA;Sep 19 07:31:17.166: INFO: logging-elk-filebeat-ds-vpk48                                    10.46.6.172  Running           [{Initialized True 0001-01-01 00:00:00 +0000 UTC 2018-09-17 07:15:20 +0000 UTC  } {Ready True 0001-01-01 00:00:00 +0000 UTC 2018-09-17 07:15:39 +0000 UTC  } {ContainersReady True 0001-01-01 00:00:00 +0000 UTC 0001-01-01 00:00:00 +0000 UTC  } {PodScheduled True 0001-01-01 00:00:00 +0000 UTC 2018-09-17 07:15:20 +0000 UTC  }]&#xA;Sep 19 07:31:17.166: INFO: logging-elk-kibana-ff4db4866-s2295                               10.46.6.171  Running           [{Initialized True 0001-01-01 00:00:00 +0000 UTC 2018-09-17 07:15:21 +0000 UTC  } {Ready True 0001-01-01 00:00:00 +0000 UTC 2018-09-17 07:15:45 +0000 UTC  } {ContainersReady True 0001-01-01 00:00:00 +0000 UTC 0001-01-01 00:00:00 +0000 UTC  } {PodScheduled True 0001-01-01 00:00:00 +0000 UTC 2018-09-17 07:15:21 +0000 UTC  }]&#xA;Sep 19 07:31:17.166: INFO: logging-elk-logstash-7994656f46-r89mt                            10.46.6.171  Running           [{Initialized True 0001-01-01 00:00:00 +0000 UTC 2018-09-17 07:15:22 +0000 UTC  } {Ready True 0001-01-01 00:00:00 +0000 UTC 2018-09-17 07:16:16 +0000 UTC  } {ContainersReady True 0001-01-01 00:00:00 +0000 UTC 0001-01-01 00:00:00 +0000 UTC  } {PodScheduled True 0001-01-01 00:00:00 +0000 UTC 2018-09-17 07:15:21 +0000 UTC  }]&#xA;Sep 19 07:31:17.166: INFO: logging-elk-master-6cdcf45f7d-gp28f                              10.46.6.171  Running           [{Initialized True 0001-01-01 00:00:00 +0000 UTC 2018-09-17 07:15:47 +0000 UTC  } {Ready True 0001-01-01 00:00:00 +0000 UTC 2018-09-17 07:16:16 +0000 UTC  } {ContainersReady True 0001-01-01 00:00:00 +0000 UTC 0001-01-01 00:00:00 +0000 UTC  } {PodScheduled True 0001-01-01 00:00:00 +0000 UTC 2018-09-17 07:15:21 +0000 UTC  }]&#xA;Sep 19 07:31:17.166: INFO: mariadb-0                                                        10.46.6.173  Running           [{Initialized True 0001-01-01 00:00:00 +0000 UTC 2018-09-17 07:08:38 +0000 UTC  } {Ready True 0001-01-01 00:00:00 +0000 UTC 2018-09-17 07:09:15 +0000 UTC  } {ContainersReady True 0001-01-01 00:00:00 +0000 UTC 0001-01-01 00:00:00 +0000 UTC  } {PodScheduled True 0001-01-01 00:00:00 +0000 UTC 2018-09-17 07:08:37 +0000 UTC  }]&#xA;Sep 19 07:31:17.166: INFO: metering-dm-8b475fc57-cmm6h                                      10.46.6.171  Running           [{Initialized True 0001-01-01 00:00:00 +0000 UTC 2018-09-17 07:14:20 +0000 UTC  } {Ready True 0001-01-01 00:00:00 +0000 UTC 2018-09-17 07:14:49 +0000 UTC  } {ContainersReady True 0001-01-01 00:00:00 +0000 UTC 0001-01-01 00:00:00 +0000 UTC  } {PodScheduled True 0001-01-01 00:00:00 +0000 UTC 2018-09-17 07:14:12 +0000 UTC  }]&#xA;Sep 19 07:31:17.166: INFO: metering-reader-44wd7                                            10.46.6.170  Running           [{Initialized True 0001-01-01 00:00:00 +0000 UTC 2018-09-17 07:14:20 +0000 UTC  } {Ready True 0001-01-01 00:00:00 +0000 UTC 2018-09-17 07:14:46 +0000 UTC  } {ContainersReady True 0001-01-01 00:00:00 +0000 UTC 0001-01-01 00:00:00 +0000 UTC  } {PodScheduled True 0001-01-01 00:00:00 +0000 UTC 2018-09-17 07:14:11 +0000 UTC  }]&#xA;Sep 19 07:31:17.166: INFO: metering-reader-gsrdg                                            10.46.6.172  Running           [{Initialized True 0001-01-01 00:00:00 +0000 UTC 2018-09-17 07:14:23 +0000 UTC  } {Ready True 0001-01-01 00:00:00 +0000 UTC 2018-09-17 07:14:52 +0000 UTC  } {ContainersReady True 0001-01-01 00:00:00 +0000 UTC 0001-01-01 00:00:00 +0000 UTC  } {PodScheduled True 0001-01-01 00:00:00 +0000 UTC 2018-09-17 07:14:11 +0000 UTC  }]&#xA;Sep 19 07:31:17.166: INFO: metering-reader-l7284                                            10.46.6.173  Running           [{Initialized True 0001-01-01 00:00:00 +0000 UTC 2018-09-17 07:14:24 +0000 UTC  } {Ready True 0001-01-01 00:00:00 +0000 UTC 2018-09-17 07:14:45 +0000 UTC  } {ContainersReady True 0001-01-01 00:00:00 +0000 UTC 0001-01-01 00:00:00 +0000 UTC  } {PodScheduled True 0001-01-01 00:00:00 +0000 UTC 2018-09-17 07:14:11 +0000 UTC  }]&#xA;Sep 19 07:31:17.166: INFO: metering-reader-xq8f2                                            10.46.6.171  Running           [{Initialized True 0001-01-01 00:00:00 +0000 UTC 2018-09-17 07:14:23 +0000 UTC  } {Ready True 0001-01-01 00:00:00 +0000 UTC 2018-09-17 07:14:55 +0000 UTC  } {ContainersReady True 0001-01-01 00:00:00 +0000 UTC 0001-01-01 00:00:00 +0000 UTC  } {PodScheduled True 0001-01-01 00:00:00 +0000 UTC 2018-09-17 07:14:11 +0000 UTC  }]&#xA;Sep 19 07:31:17.166: INFO: metering-ui-5bbfbb5d49-wkh8m                                     10.46.6.171  Running           [{Initialized True 0001-01-01 00:00:00 +0000 UTC 2018-09-17 07:14:22 +0000 UTC  } {Ready True 0001-01-01 00:00:00 +0000 UTC 2018-09-17 07:14:55 +0000 UTC  } {ContainersReady True 0001-01-01 00:00:00 +0000 UTC 0001-01-01 00:00:00 +0000 UTC  } {PodScheduled True 0001-01-01 00:00:00 +0000 UTC 2018-09-17 07:14:12 +0000 UTC  }]&#xA;Sep 19 07:31:17.166: INFO: metrics-server-6d6695f9db-8t4xs                                  10.46.6.171  Running           [{Initialized True 0001-01-01 00:00:00 +0000 UTC 2018-09-17 07:08:51 +0000 UTC  } {Ready True 0001-01-01 00:00:00 +0000 UTC 2018-09-17 07:08:55 +0000 UTC  } {ContainersReady True 0001-01-01 00:00:00 +0000 UTC 0001-01-01 00:00:00 +0000 UTC  } {PodScheduled True 0001-01-01 00:00:00 +0000 UTC 2018-09-17 07:08:51 +0000 UTC  }]&#xA;Sep 19 07:31:17.166: INFO: mgmt-repo-57dc689b74-tmp44                                       10.46.6.173  Running           [{Initialized True 0001-01-01 00:00:00 +0000 UTC 2018-09-17 07:18:10 +0000 UTC  } {Ready True 0001-01-01 00:00:00 +0000 UTC 2018-09-17 07:18:54 +0000 UTC  } {ContainersReady True 0001-01-01 00:00:00 +0000 UTC 0001-01-01 00:00:00 +0000 UTC  } {PodScheduled True 0001-01-01 00:00:00 +0000 UTC 2018-09-17 07:17:50 +0000 UTC  }]&#xA;Sep 19 07:31:17.166: INFO: monitoring-grafana-548b947c8c-dh89z                              10.46.6.171  Running           [{Initialized True 0001-01-01 00:00:00 +0000 UTC 2018-09-17 07:16:14 +0000 UTC  } {Ready True 0001-01-01 00:00:00 +0000 UTC 2018-09-17 07:16:59 +0000 UTC  } {ContainersReady True 0001-01-01 00:00:00 +0000 UTC 0001-01-01 00:00:00 +0000 UTC  } {PodScheduled True 0001-01-01 00:00:00 +0000 UTC 2018-09-17 07:15:46 +0000 UTC  }]&#xA;Sep 19 07:31:17.166: INFO: monitoring-prometheus-6677d7c77f-pnpt5                           10.46.6.171  Running           [{Initialized True 0001-01-01 00:00:00 +0000 UTC 2018-09-17 07:16:14 +0000 UTC  } {Ready True 0001-01-01 00:00:00 +0000 UTC 2018-09-17 07:17:03 +0000 UTC  } {ContainersReady True 0001-01-01 00:00:00 +0000 UTC 0001-01-01 00:00:00 +0000 UTC  } {PodScheduled True 0001-01-01 00:00:00 +0000 UTC 2018-09-17 07:15:45 +0000 UTC  }]&#xA;Sep 19 07:31:17.167: INFO: monitoring-prometheus-alertmanager-7d8749dbb8-xj68d              10.46.6.171  Running           [{Initialized True 0001-01-01 00:00:00 +0000 UTC 2018-09-17 07:15:46 +0000 UTC  } {Ready True 0001-01-01 00:00:00 +0000 UTC 2018-09-17 07:16:45 +0000 UTC  } {ContainersReady True 0001-01-01 00:00:00 +0000 UTC 0001-01-01 00:00:00 +0000 UTC  } {PodScheduled True 0001-01-01 00:00:00 +0000 UTC 2018-09-17 07:15:45 +0000 UTC  }]&#xA;Sep 19 07:31:17.167: INFO: monitoring-prometheus-collectdexporter-77575678dc-v8n2l          10.46.6.171  Running           [{Initialized True 0001-01-01 00:00:00 +0000 UTC 2018-09-17 07:15:46 +0000 UTC  } {Ready True 0001-01-01 00:00:00 +0000 UTC 2018-09-17 07:16:42 +0000 UTC  } {ContainersReady True 0001-01-01 00:00:00 +0000 UTC 0001-01-01 00:00:00 +0000 UTC  } {PodScheduled True 0001-01-01 00:00:00 +0000 UTC 2018-09-17 07:15:45 +0000 UTC  }]&#xA;Sep 19 07:31:17.167: INFO: monitoring-prometheus-elasticsearchexporter-655864cccb-c6tps     10.46.6.171  Running           [{Initialized True 0001-01-01 00:00:00 +0000 UTC 2018-09-17 07:15:46 +0000 UTC  } {Ready True 0001-01-01 00:00:00 +0000 UTC 2018-09-17 07:16:52 +0000 UTC  } {ContainersReady True 0001-01-01 00:00:00 +0000 UTC 0001-01-01 00:00:00 +0000 UTC  } {PodScheduled True 0001-01-01 00:00:00 +0000 UTC 2018-09-17 07:15:45 +0000 UTC  }]&#xA;Sep 19 07:31:17.167: INFO: monitoring-prometheus-kubestatemetrics-54dcbb6cfb-76zmm          10.46.6.171  Running           [{Initialized True 0001-01-01 00:00:00 +0000 UTC 2018-09-17 07:15:45 +0000 UTC  } {Ready True 0001-01-01 00:00:00 +0000 UTC 2018-09-17 07:16:34 +0000 UTC  } {ContainersReady True 0001-01-01 00:00:00 +0000 UTC 0001-01-01 00:00:00 +0000 UTC  } {PodScheduled True 0001-01-01 00:00:00 +0000 UTC 2018-09-17 07:15:45 +0000 UTC  }]&#xA;Sep 19 07:31:17.167: INFO: monitoring-prometheus-nodeexporter-9fnpb                         10.46.6.171  Running           [{Initialized True 0001-01-01 00:00:00 +0000 UTC 2018-09-17 07:15:44 +0000 UTC  } {Ready True 0001-01-01 00:00:00 +0000 UTC 2018-09-17 07:16:44 +0000 UTC  } {ContainersReady True 0001-01-01 00:00:00 +0000 UTC 0001-01-01 00:00:00 +0000 UTC  } {PodScheduled True 0001-01-01 00:00:00 +0000 UTC 2018-09-17 07:15:44 +0000 UTC  }]&#xA;Sep 19 07:31:17.167: INFO: monitoring-prometheus-nodeexporter-f84fv                         10.46.6.173  Running           [{Initialized True 0001-01-01 00:00:00 +0000 UTC 2018-09-17 07:15:45 +0000 UTC  } {Ready True 0001-01-01 00:00:00 +0000 UTC 2018-09-17 07:16:28 +0000 UTC  } {ContainersReady True 0001-01-01 00:00:00 +0000 UTC 0001-01-01 00:00:00 +0000 UTC  } {PodScheduled True 0001-01-01 00:00:00 +0000 UTC 2018-09-17 07:15:45 +0000 UTC  }]&#xA;Sep 19 07:31:17.167: INFO: monitoring-prometheus-nodeexporter-tpbc8                         10.46.6.170  Running           [{Initialized True 0001-01-01 00:00:00 +0000 UTC 2018-09-17 07:15:44 +0000 UTC  } {Ready True 0001-01-01 00:00:00 +0000 UTC 2018-09-17 07:16:27 +0000 UTC  } {ContainersReady True 0001-01-01 00:00:00 +0000 UTC 0001-01-01 00:00:00 +0000 UTC  } {PodScheduled True 0001-01-01 00:00:00 +0000 UTC 2018-09-17 07:15:44 +0000 UTC  }]&#xA;Sep 19 07:31:17.167: INFO: monitoring-prometheus-nodeexporter-v4l7d                         10.46.6.172  Running           [{Initialized True 0001-01-01 00:00:00 +0000 UTC 2018-09-17 07:15:44 +0000 UTC  } {Ready True 0001-01-01 00:00:00 +0000 UTC 2018-09-17 07:16:31 +0000 UTC  } {ContainersReady True 0001-01-01 00:00:00 +0000 UTC 0001-01-01 00:00:00 +0000 UTC  } {PodScheduled True 0001-01-01 00:00:00 +0000 UTC 2018-09-17 07:15:44 +0000 UTC  }]&#xA;Sep 19 07:31:17.167: INFO: my-ibm-open-liberty-ibm-7f7d9778d7-7t5jc                         10.46.6.170  Running           [{Initialized True 0001-01-01 00:00:00 +0000 UTC 2018-09-17 08:22:24 +0000 UTC  } {Ready True 0001-01-01 00:00:00 +0000 UTC 2018-09-17 08:23:21 +0000 UTC  } {ContainersReady True 0001-01-01 00:00:00 +0000 UTC 0001-01-01 00:00:00 +0000 UTC  } {PodScheduled True 0001-01-01 00:00:00 +0000 UTC 2018-09-17 08:22:24 +0000 UTC  }]&#xA;Sep 19 07:31:17.167: INFO: nginx-ingress-controller-h5z2v                                   10.46.6.173  Running           [{Initialized True 0001-01-01 00:00:00 +0000 UTC 2018-09-17 07:08:39 +0000 UTC  } {Ready True 0001-01-01 00:00:00 +0000 UTC 2018-09-17 07:08:54 +0000 UTC  } {ContainersReady True 0001-01-01 00:00:00 +0000 UTC 0001-01-01 00:00:00 +0000 UTC  } {PodScheduled True 0001-01-01 00:00:00 +0000 UTC 2018-09-17 07:08:28 +0000 UTC  }]&#xA;Sep 19 07:31:17.167: INFO: nvidia-device-plugin-9h2k4                                       10.46.6.170  Running           [{Initialized True 0001-01-01 00:00:00 +0000 UTC 2018-09-17 07:07:23 +0000 UTC  } {Ready True 0001-01-01 00:00:00 +0000 UTC 2018-09-17 07:07:24 +0000 UTC  } {ContainersReady True 0001-01-01 00:00:00 +0000 UTC 0001-01-01 00:00:00 +0000 UTC  } {PodScheduled True 0001-01-01 00:00:00 +0000 UTC 2018-09-17 07:07:17 +0000 UTC  }]&#xA;Sep 19 07:31:17.167: INFO: nvidia-device-plugin-nh54k                                       10.46.6.173  Running           [{Initialized True 0001-01-01 00:00:00 +0000 UTC 2018-09-17 07:07:29 +0000 UTC  } {Ready True 0001-01-01 00:00:00 +0000 UTC 2018-09-17 07:07:33 +0000 UTC  } {ContainersReady True 0001-01-01 00:00:00 +0000 UTC 0001-01-01 00:00:00 +0000 UTC  } {PodScheduled True 0001-01-01 00:00:00 +0000 UTC 2018-09-17 07:07:17 +0000 UTC  }]&#xA;Sep 19 07:31:17.167: INFO: nvidia-device-plugin-vh85n                                       10.46.6.171  Running           [{Initialized True 0001-01-01 00:00:00 +0000 UTC 2018-09-17 07:07:21 +0000 UTC  } {Ready True 0001-01-01 00:00:00 +0000 UTC 2018-09-17 07:07:23 +0000 UTC  } {ContainersReady True 0001-01-01 00:00:00 +0000 UTC 0001-01-01 00:00:00 +0000 UTC  } {PodScheduled True 0001-01-01 00:00:00 +0000 UTC 2018-09-17 07:07:17 +0000 UTC  }]&#xA;Sep 19 07:31:17.167: INFO: nvidia-device-plugin-w9jr8                                       10.46.6.172  Running           [{Initialized True 0001-01-01 00:00:00 +0000 UTC 2018-09-17 07:07:24 +0000 UTC  } {Ready True 0001-01-01 00:00:00 +0000 UTC 2018-09-17 07:07:26 +0000 UTC  } {ContainersReady True 0001-01-01 00:00:00 +0000 UTC 0001-01-01 00:00:00 +0000 UTC  } {PodScheduled True 0001-01-01 00:00:00 +0000 UTC 2018-09-17 07:07:17 +0000 UTC  }]&#xA;Sep 19 07:31:17.167: INFO: oidc-client-registration-szxrk                                   10.46.6.173  Succeeded         [{Initialized True 0001-01-01 00:00:00 +0000 UTC 2018-09-17 07:10:05 +0000 UTC PodCompleted } {Ready False 0001-01-01 00:00:00 +0000 UTC 2018-09-17 07:12:27 +0000 UTC PodCompleted } {ContainersReady False 0001-01-01 00:00:00 +0000 UTC 0001-01-01 00:00:00 +0000 UTC PodCompleted } {PodScheduled True 0001-01-01 00:00:00 +0000 UTC 2018-09-17 07:10:04 +0000 UTC  }]&#xA;Sep 19 07:31:17.167: INFO: platform-api-2fs4x                                               10.46.6.173  Running           [{Initialized True 0001-01-01 00:00:00 +0000 UTC 2018-09-17 07:08:45 +0000 UTC  } {Ready True 0001-01-01 00:00:00 +0000 UTC 2018-09-17 07:16:29 +0000 UTC  } {ContainersReady True 0001-01-01 00:00:00 +0000 UTC 0001-01-01 00:00:00 +0000 UTC  } {PodScheduled True 0001-01-01 00:00:00 +0000 UTC 2018-09-17 07:08:45 +0000 UTC  }]&#xA;Sep 19 07:31:17.167: INFO: platform-deploy-dbbks                                            10.46.6.173  Running           [{Initialized True 0001-01-01 00:00:00 +0000 UTC 2018-09-17 07:08:45 +0000 UTC  } {Ready True 0001-01-01 00:00:00 +0000 UTC 2018-09-17 07:08:57 +0000 UTC  } {ContainersReady True 0001-01-01 00:00:00 +0000 UTC 0001-01-01 00:00:00 +0000 UTC  } {PodScheduled True 0001-01-01 00:00:00 +0000 UTC 2018-09-17 07:08:45 +0000 UTC  }]&#xA;Sep 19 07:31:17.167: INFO: platform-ui-6fjgx                                                10.46.6.173  Running           [{Initialized True 0001-01-01 00:00:00 +0000 UTC 2018-09-17 07:14:34 +0000 UTC  } {Ready True 0001-01-01 00:00:00 +0000 UTC 2018-09-17 07:15:20 +0000 UTC  } {ContainersReady True 0001-01-01 00:00:00 +0000 UTC 0001-01-01 00:00:00 +0000 UTC  } {PodScheduled True 0001-01-01 00:00:00 +0000 UTC 2018-09-17 07:14:34 +0000 UTC  }]&#xA;Sep 19 07:31:17.167: INFO: secret-watcher-5f59fcbc69-pfnfk                                  10.46.6.173  Running           [{Initialized True 0001-01-01 00:00:00 +0000 UTC 2018-09-17 07:18:05 +0000 UTC  } {Ready True 0001-01-01 00:00:00 +0000 UTC 2018-09-17 07:18:30 +0000 UTC  } {ContainersReady True 0001-01-01 00:00:00 +0000 UTC 0001-01-01 00:00:00 +0000 UTC  } {PodScheduled True 0001-01-01 00:00:00 +0000 UTC 2018-09-17 07:18:04 +0000 UTC  }]&#xA;Sep 19 07:31:17.167: INFO: security-onboarding-tkf79                                        10.46.6.173  Succeeded         [{Initialized True 0001-01-01 00:00:00 +0000 UTC 2018-09-17 07:18:12 +0000 UTC PodCompleted } {Ready False 0001-01-01 00:00:00 +0000 UTC 2018-09-17 07:20:02 +0000 UTC PodCompleted } {ContainersReady False 0001-01-01 00:00:00 +0000 UTC 0001-01-01 00:00:00 +0000 UTC PodCompleted } {PodScheduled True 0001-01-01 00:00:00 +0000 UTC 2018-09-17 07:18:12 +0000 UTC  }]&#xA;Sep 19 07:31:17.167: INFO: service-catalog-apiserver-967x9                                  10.46.6.173  Running           [{Initialized True 0001-01-01 00:00:00 +0000 UTC 2018-09-17 07:08:20 +0000 UTC  } {Ready True 0001-01-01 00:00:00 +0000 UTC 2018-09-17 07:09:01 +0000 UTC  } {ContainersReady True 0001-01-01 00:00:00 +0000 UTC 0001-01-01 00:00:00 +0000 UTC  } {PodScheduled True 0001-01-01 00:00:00 +0000 UTC 2018-09-17 07:08:20 +0000 UTC  }]&#xA;Sep 19 07:31:17.167: INFO: service-catalog-controller-manager-5969cccf86-65phs              10.46.6.173  Running           [{Initialized True 0001-01-01 00:00:00 +0000 UTC 2018-09-17 07:08:21 +0000 UTC  } {Ready True 0001-01-01 00:00:00 +0000 UTC 2018-09-17 07:08:34 +0000 UTC  } {ContainersReady True 0001-01-01 00:00:00 +0000 UTC 0001-01-01 00:00:00 +0000 UTC  } {PodScheduled True 0001-01-01 00:00:00 +0000 UTC 2018-09-17 07:08:20 +0000 UTC  }]&#xA;Sep 19 07:31:17.167: INFO: tiller-deploy-6b58875cb-5l8kh                                    10.46.6.173  Running           [{Initialized True 0001-01-01 00:00:00 +0000 UTC 2018-09-17 07:05:28 +0000 UTC  } {Ready True 0001-01-01 00:00:00 +0000 UTC 2018-09-17 07:05:43 +0000 UTC  } {ContainersReady True 0001-01-01 00:00:00 +0000 UTC 0001-01-01 00:00:00 +0000 UTC  } {PodScheduled True 0001-01-01 00:00:00 +0000 UTC 2018-09-17 07:05:28 +0000 UTC  }]&#xA;Sep 19 07:31:17.168: INFO: unified-router-lkwnl                                             10.46.6.173  Running           [{Initialized True 0001-01-01 00:00:00 +0000 UTC 2018-09-17 07:15:31 +0000 UTC  } {Ready True 0001-01-01 00:00:00 +0000 UTC 2018-09-17 07:15:40 +0000 UTC  } {ContainersReady True 0001-01-01 00:00:00 +0000 UTC 0001-01-01 00:00:00 +0000 UTC  } {PodScheduled True 0001-01-01 00:00:00 +0000 UTC 2018-09-17 07:15:31 +0000 UTC  }]&#xA;Sep 19 07:31:17.168: INFO: vulnerability-advisor-compliance-annotator-d5659b9d9-kmn8q       10.46.6.172  Running           [{Initialized True 0001-01-01 00:00:00 +0000 UTC 2018-09-17 07:19:03 +0000 UTC  } {Ready True 0001-01-01 00:00:00 +0000 UTC 2018-09-17 07:21:08 +0000 UTC  } {ContainersReady True 0001-01-01 00:00:00 +0000 UTC 0001-01-01 00:00:00 +0000 UTC  } {PodScheduled True 0001-01-01 00:00:00 +0000 UTC 2018-09-17 07:19:03 +0000 UTC  }]&#xA;Sep 19 07:31:17.168: INFO: vulnerability-advisor-compliance-indexer-7cbdc64b57-47lmd        10.46.6.172  Running           [{Initialized True 0001-01-01 00:00:00 +0000 UTC 2018-09-17 07:19:07 +0000 UTC  } {Ready True 0001-01-01 00:00:00 +0000 UTC 2018-09-17 07:19:33 +0000 UTC  } {ContainersReady True 0001-01-01 00:00:00 +0000 UTC 0001-01-01 00:00:00 +0000 UTC  } {PodScheduled True 0001-01-01 00:00:00 +0000 UTC 2018-09-17 07:19:06 +0000 UTC  }]&#xA;Sep 19 07:31:17.168: INFO: vulnerability-advisor-config-parser-5d44b78fd5-z4k9t             10.46.6.172  Running           [{Initialized True 0001-01-01 00:00:00 +0000 UTC 2018-09-17 07:19:04 +0000 UTC  } {Ready True 0001-01-01 00:00:00 +0000 UTC 2018-09-17 07:21:09 +0000 UTC  } {ContainersReady True 0001-01-01 00:00:00 +0000 UTC 0001-01-01 00:00:00 +0000 UTC  } {PodScheduled True 0001-01-01 00:00:00 +0000 UTC 2018-09-17 07:19:03 +0000 UTC  }]&#xA;Sep 19 07:31:17.168: INFO: vulnerability-advisor-cos-indexer-57899b7dd6-7cpf8               10.46.6.172  Running           [{Initialized True 0001-01-01 00:00:00 +0000 UTC 2018-09-17 07:19:04 +0000 UTC  } {Ready True 0001-01-01 00:00:00 +0000 UTC 2018-09-19 07:20:04 +0000 UTC  } {ContainersReady True 0001-01-01 00:00:00 +0000 UTC 0001-01-01 00:00:00 +0000 UTC  } {PodScheduled True 0001-01-01 00:00:00 +0000 UTC 2018-09-17 07:19:04 +0000 UTC  }]&#xA;Sep 19 07:31:17.168: INFO: vulnerability-advisor-kafka-0                                    10.46.6.172  Running           [{Initialized True 0001-01-01 00:00:00 +0000 UTC 2018-09-17 07:19:13 +0000 UTC  } {Ready True 0001-01-01 00:00:00 +0000 UTC 2018-09-17 07:20:53 +0000 UTC  } {ContainersReady True 0001-01-01 00:00:00 +0000 UTC 0001-01-01 00:00:00 +0000 UTC  } {PodScheduled True 0001-01-01 00:00:00 +0000 UTC 2018-09-17 07:19:13 +0000 UTC  }]&#xA;Sep 19 07:31:17.168: INFO: vulnerability-advisor-live-crawler-84st2                         10.46.6.172  Running           [{Initialized True 0001-01-01 00:00:00 +0000 UTC 2018-09-17 07:19:03 +0000 UTC  } {Ready True 0001-01-01 00:00:00 +0000 UTC 2018-09-17 07:19:26 +0000 UTC  } {ContainersReady True 0001-01-01 00:00:00 +0000 UTC 0001-01-01 00:00:00 +0000 UTC  } {PodScheduled True 0001-01-01 00:00:00 +0000 UTC 2018-09-17 07:19:03 +0000 UTC  }]&#xA;Sep 19 07:31:17.168: INFO: vulnerability-advisor-live-crawler-ccxd7                         10.46.6.170  Running           [{Initialized True 0001-01-01 00:00:00 +0000 UTC 2018-09-17 07:19:03 +0000 UTC  } {Ready True 0001-01-01 00:00:00 +0000 UTC 2018-09-17 07:19:14 +0000 UTC  } {ContainersReady True 0001-01-01 00:00:00 +0000 UTC 0001-01-01 00:00:00 +0000 UTC  } {PodScheduled True 0001-01-01 00:00:00 +0000 UTC 2018-09-17 07:19:03 +0000 UTC  }]&#xA;Sep 19 07:31:17.168: INFO: vulnerability-advisor-live-crawler-p6khc                         10.46.6.173  Running           [{Initialized True 0001-01-01 00:00:00 +0000 UTC 2018-09-17 07:19:02 +0000 UTC  } {Ready True 0001-01-01 00:00:00 +0000 UTC 2018-09-17 07:19:22 +0000 UTC  } {ContainersReady True 0001-01-01 00:00:00 +0000 UTC 0001-01-01 00:00:00 +0000 UTC  } {PodScheduled True 0001-01-01 00:00:00 +0000 UTC 2018-09-17 07:19:02 +0000 UTC  }]&#xA;Sep 19 07:31:17.168: INFO: vulnerability-advisor-live-crawler-xxz8p                         10.46.6.171  Running           [{Initialized True 0001-01-01 00:00:00 +0000 UTC 2018-09-17 07:19:03 +0000 UTC  } {Ready True 0001-01-01 00:00:00 +0000 UTC 2018-09-17 07:19:18 +0000 UTC  } {ContainersReady True 0001-01-01 00:00:00 +0000 UTC 0001-01-01 00:00:00 +0000 UTC  } {PodScheduled True 0001-01-01 00:00:00 +0000 UTC 2018-09-17 07:19:03 +0000 UTC  }]&#xA;Sep 19 07:31:17.168: INFO: vulnerability-advisor-ma-file-annotator-6b95df8886-jtczz         10.46.6.172  Running           [{Initialized True 0001-01-01 00:00:00 +0000 UTC 2018-09-17 07:19:04 +0000 UTC  } {Ready True 0001-01-01 00:00:00 +0000 UTC 2018-09-17 07:23:32 +0000 UTC  } {ContainersReady True 0001-01-01 00:00:00 +0000 UTC 0001-01-01 00:00:00 +0000 UTC  } {PodScheduled True 0001-01-01 00:00:00 +0000 UTC 2018-09-17 07:19:04 +0000 UTC  }]&#xA;Sep 19 07:31:17.168: INFO: vulnerability-advisor-minio-0                                    10.46.6.172  Running           [{Initialized True 0001-01-01 00:00:00 +0000 UTC 2018-09-17 07:21:51 +0000 UTC  } {Ready True 0001-01-01 00:00:00 +0000 UTC 2018-09-17 07:21:54 +0000 UTC  } {ContainersReady True 0001-01-01 00:00:00 +0000 UTC 0001-01-01 00:00:00 +0000 UTC  } {PodScheduled True 0001-01-01 00:00:00 +0000 UTC 2018-09-17 07:19:15 +0000 UTC  }]&#xA;Sep 19 07:31:17.168: INFO: vulnerability-advisor-minio-cleaner-1537228740-55f4w             10.46.6.172  Succeeded         [{Initialized True 0001-01-01 00:00:00 +0000 UTC 2018-09-17 23:59:03 +0000 UTC PodCompleted } {Ready False 0001-01-01 00:00:00 +0000 UTC 2018-09-17 23:59:42 +0000 UTC PodCompleted } {ContainersReady False 0001-01-01 00:00:00 +0000 UTC 0001-01-01 00:00:00 +0000 UTC PodCompleted } {PodScheduled True 0001-01-01 00:00:00 +0000 UTC 2018-09-17 23:59:03 +0000 UTC  }]&#xA;Sep 19 07:31:17.168: INFO: vulnerability-advisor-minio-cleaner-1537315140-nqk7v             10.46.6.172  Succeeded         [{Initialized True 0001-01-01 00:00:00 +0000 UTC 2018-09-18 23:59:04 +0000 UTC PodCompleted } {Ready False 0001-01-01 00:00:00 +0000 UTC 2018-09-19 00:00:52 +0000 UTC PodCompleted } {ContainersReady False 0001-01-01 00:00:00 +0000 UTC 0001-01-01 00:00:00 +0000 UTC PodCompleted } {PodScheduled True 0001-01-01 00:00:00 +0000 UTC 2018-09-18 23:59:04 +0000 UTC  }]&#xA;Sep 19 07:31:17.168: INFO: vulnerability-advisor-notification-dispatcher-86f8bf4b4d-cfdzb   10.46.6.172  Running           [{Initialized True 0001-01-01 00:00:00 +0000 UTC 2018-09-17 07:19:04 +0000 UTC  } {Ready True 0001-01-01 00:00:00 +0000 UTC 2018-09-17 07:20:31 +0000 UTC  } {ContainersReady True 0001-01-01 00:00:00 +0000 UTC 0001-01-01 00:00:00 +0000 UTC  } {PodScheduled True 0001-01-01 00:00:00 +0000 UTC 2018-09-17 07:19:04 +0000 UTC  }]&#xA;Sep 19 07:31:17.168: INFO: vulnerability-advisor-password-annotator-79b5d794b5-wnwqn        10.46.6.172  Running           [{Initialized True 0001-01-01 00:00:00 +0000 UTC 2018-09-17 07:19:05 +0000 UTC  } {Ready True 0001-01-01 00:00:00 +0000 UTC 2018-09-17 07:20:29 +0000 UTC  } {ContainersReady True 0001-01-01 00:00:00 +0000 UTC 0001-01-01 00:00:00 +0000 UTC  } {PodScheduled True 0001-01-01 00:00:00 +0000 UTC 2018-09-17 07:19:04 +0000 UTC  }]&#xA;Sep 19 07:31:17.168: INFO: vulnerability-advisor-process-ma-annotator-58f47d5b5f-4wglg      10.46.6.172  Running           [{Initialized True 0001-01-01 00:00:00 +0000 UTC 2018-09-17 07:19:06 +0000 UTC  } {Ready True 0001-01-01 00:00:00 +0000 UTC 2018-09-17 07:20:56 +0000 UTC  } {ContainersReady True 0001-01-01 00:00:00 +0000 UTC 0001-01-01 00:00:00 +0000 UTC  } {PodScheduled True 0001-01-01 00:00:00 +0000 UTC 2018-09-17 07:19:05 +0000 UTC  }]&#xA;Sep 19 07:31:17.168: INFO: vulnerability-advisor-process-ma-annotator-58f47d5b5f-xbxrc      10.46.6.172  Running           [{Initialized True 0001-01-01 00:00:00 +0000 UTC 2018-09-17 07:19:06 +0000 UTC  } {Ready True 0001-01-01 00:00:00 +0000 UTC 2018-09-17 07:21:50 +0000 UTC  } {ContainersReady True 0001-01-01 00:00:00 +0000 UTC 0001-01-01 00:00:00 +0000 UTC  } {PodScheduled True 0001-01-01 00:00:00 +0000 UTC 2018-09-17 07:19:05 +0000 UTC  }]&#xA;Sep 19 07:31:17.168: INFO: vulnerability-advisor-process-ma-annotator-init-869545d547nn27w  10.46.6.172  Running           [{Initialized True 0001-01-01 00:00:00 +0000 UTC 2018-09-17 07:19:06 +0000 UTC  } {Ready True 0001-01-01 00:00:00 +0000 UTC 2018-09-17 07:19:42 +0000 UTC  } {ContainersReady True 0001-01-01 00:00:00 +0000 UTC 0001-01-01 00:00:00 +0000 UTC  } {PodScheduled True 0001-01-01 00:00:00 +0000 UTC 2018-09-17 07:19:05 +0000 UTC  }]&#xA;Sep 19 07:31:17.168: INFO: vulnerability-advisor-process-ma-crawler-24z6k                   10.46.6.172  Running           [{Initialized True 0001-01-01 00:00:00 +0000 UTC 2018-09-17 07:19:03 +0000 UTC  } {Ready True 0001-01-01 00:00:00 +0000 UTC 2018-09-17 07:19:32 +0000 UTC  } {ContainersReady True 0001-01-01 00:00:00 +0000 UTC 0001-01-01 00:00:00 +0000 UTC  } {PodScheduled True 0001-01-01 00:00:00 +0000 UTC 2018-09-17 07:19:03 +0000 UTC  }]&#xA;Sep 19 07:31:17.168: INFO: vulnerability-advisor-process-ma-crawler-5g4zk                   10.46.6.170  Running           [{Initialized True 0001-01-01 00:00:00 +0000 UTC 2018-09-17 07:19:03 +0000 UTC  } {Ready True 0001-01-01 00:00:00 +0000 UTC 2018-09-17 07:19:16 +0000 UTC  } {ContainersReady True 0001-01-01 00:00:00 +0000 UTC 0001-01-01 00:00:00 +0000 UTC  } {PodScheduled True 0001-01-01 00:00:00 +0000 UTC 2018-09-17 07:19:03 +0000 UTC  }]&#xA;Sep 19 07:31:17.168: INFO: vulnerability-advisor-process-ma-crawler-96728                   10.46.6.173  Running           [{Initialized True 0001-01-01 00:00:00 +0000 UTC 2018-09-17 07:19:03 +0000 UTC  } {Ready True 0001-01-01 00:00:00 +0000 UTC 2018-09-17 07:19:23 +0000 UTC  } {ContainersReady True 0001-01-01 00:00:00 +0000 UTC 0001-01-01 00:00:00 +0000 UTC  } {PodScheduled True 0001-01-01 00:00:00 +0000 UTC 2018-09-17 07:19:03 +0000 UTC  }]&#xA;Sep 19 07:31:17.168: INFO: vulnerability-advisor-process-ma-crawler-b7k2d                   10.46.6.171  Running           [{Initialized True 0001-01-01 00:00:00 +0000 UTC 2018-09-17 07:19:03 +0000 UTC  } {Ready True 0001-01-01 00:00:00 +0000 UTC 2018-09-17 07:19:13 +0000 UTC  } {ContainersReady True 0001-01-01 00:00:00 +0000 UTC 0001-01-01 00:00:00 +0000 UTC  } {PodScheduled True 0001-01-01 00:00:00 +0000 UTC 2018-09-17 07:19:03 +0000 UTC  }]&#xA;Sep 19 07:31:17.168: INFO: vulnerability-advisor-registry-crawler-6f9568677b-bfpm6          10.46.6.172  Running           [{Initialized True 0001-01-01 00:00:00 +0000 UTC 2018-09-17 07:19:08 +0000 UTC  } {Ready True 0001-01-01 00:00:00 +0000 UTC 2018-09-17 07:19:48 +0000 UTC  } {ContainersReady True 0001-01-01 00:00:00 +0000 UTC 0001-01-01 00:00:00 +0000 UTC  } {PodScheduled True 0001-01-01 00:00:00 +0000 UTC 2018-09-17 07:19:07 +0000 UTC  }]&#xA;Sep 19 07:31:17.169: INFO: vulnerability-advisor-rootkit-annotator-74cb65b5cf-2dk5j         10.46.6.172  Running           [{Initialized True 0001-01-01 00:00:00 +0000 UTC 2018-09-17 07:19:08 +0000 UTC  } {Ready True 0001-01-01 00:00:00 +0000 UTC 2018-09-17 07:20:26 +0000 UTC  } {ContainersReady True 0001-01-01 00:00:00 +0000 UTC 0001-01-01 00:00:00 +0000 UTC  } {PodScheduled True 0001-01-01 00:00:00 +0000 UTC 2018-09-17 07:19:07 +0000 UTC  }]&#xA;Sep 19 07:31:17.169: INFO: vulnerability-advisor-rootkit-indexer-cd8b4646b-xlhwq            10.46.6.172  Running           [{Initialized True 0001-01-01 00:00:00 +0000 UTC 2018-09-17 07:19:07 +0000 UTC  } {Ready True 0001-01-01 00:00:00 +0000 UTC 2018-09-17 07:19:26 +0000 UTC  } {ContainersReady True 0001-01-01 00:00:00 +0000 UTC 0001-01-01 00:00:00 +0000 UTC  } {PodScheduled True 0001-01-01 00:00:00 +0000 UTC 2018-09-17 07:19:06 +0000 UTC  }]&#xA;Sep 19 07:31:17.169: INFO: vulnerability-advisor-sas-apiserver-5fd8d44bc9-7bvkn             10.46.6.172  Running           [{Initialized True 0001-01-01 00:00:00 +0000 UTC 2018-09-17 07:19:09 +0000 UTC  } {Ready True 0001-01-01 00:00:00 +0000 UTC 2018-09-17 07:20:03 +0000 UTC  } {ContainersReady True 0001-01-01 00:00:00 +0000 UTC 0001-01-01 00:00:00 +0000 UTC  } {PodScheduled True 0001-01-01 00:00:00 +0000 UTC 2018-09-17 07:19:08 +0000 UTC  }]&#xA;Sep 19 07:31:17.169: INFO: vulnerability-advisor-sas-mgmt-64fb95bc44-j9vjc                  10.46.6.172  Running           [{Initialized True 0001-01-01 00:00:00 +0000 UTC 2018-09-17 07:19:08 +0000 UTC  } {Ready True 0001-01-01 00:00:00 +0000 UTC 2018-09-17 07:19:39 +0000 UTC  } {ContainersReady True 0001-01-01 00:00:00 +0000 UTC 0001-01-01 00:00:00 +0000 UTC  } {PodScheduled True 0001-01-01 00:00:00 +0000 UTC 2018-09-17 07:19:08 +0000 UTC  }]&#xA;Sep 19 07:31:17.169: INFO: vulnerability-advisor-secconfig-annotator-7dbcf5d9f4-fkmkb       10.46.6.172  Running           [{Initialized True 0001-01-01 00:00:00 +0000 UTC 2018-09-17 07:19:10 +0000 UTC  } {Ready True 0001-01-01 00:00:00 +0000 UTC 2018-09-17 07:19:45 +0000 UTC  } {ContainersReady True 0001-01-01 00:00:00 +0000 UTC 0001-01-01 00:00:00 +0000 UTC  } {PodScheduled True 0001-01-01 00:00:00 +0000 UTC 2018-09-17 07:19:08 +0000 UTC  }]&#xA;Sep 19 07:31:17.169: INFO: vulnerability-advisor-secconfig-indexer-674647df7c-qq5ff         10.46.6.172  Running           [{Initialized True 0001-01-01 00:00:00 +0000 UTC 2018-09-17 07:19:07 +0000 UTC  } {Ready True 0001-01-01 00:00:00 +0000 UTC 2018-09-17 07:19:33 +0000 UTC  } {ContainersReady True 0001-01-01 00:00:00 +0000 UTC 0001-01-01 00:00:00 +0000 UTC  } {PodScheduled True 0001-01-01 00:00:00 +0000 UTC 2018-09-17 07:19:06 +0000 UTC  }]&#xA;Sep 19 07:31:17.169: INFO: vulnerability-advisor-statsd-7746859df4-jjm6f                    10.46.6.172  Running           [{Initialized True 0001-01-01 00:00:00 +0000 UTC 2018-09-17 07:19:10 +0000 UTC  } {Ready True 0001-01-01 00:00:00 +0000 UTC 2018-09-17 07:19:38 +0000 UTC  } {ContainersReady True 0001-01-01 00:00:00 +0000 UTC 0001-01-01 00:00:00 +0000 UTC  } {PodScheduled True 0001-01-01 00:00:00 +0000 UTC 2018-09-17 07:19:09 +0000 UTC  }]&#xA;Sep 19 07:31:17.169: INFO: vulnerability-advisor-usncrawler-8h976                           10.46.6.172  Succeeded         [{Initialized True 0001-01-01 00:00:00 +0000 UTC 2018-09-17 07:19:11 +0000 UTC PodCompleted } {Ready False 0001-01-01 00:00:00 +0000 UTC 2018-09-17 07:24:06 +0000 UTC PodCompleted } {ContainersReady False 0001-01-01 00:00:00 +0000 UTC 0001-01-01 00:00:00 +0000 UTC PodCompleted } {PodScheduled True 0001-01-01 00:00:00 +0000 UTC 2018-09-17 07:19:11 +0000 UTC  }]&#xA;Sep 19 07:31:17.169: INFO: vulnerability-advisor-vulnerability-annotator-bcbf5595f-hxwst    10.46.6.172  Running           [{Initialized True 0001-01-01 00:00:00 +0000 UTC 2018-09-17 07:19:10 +0000 UTC  } {Ready True 0001-01-01 00:00:00 +0000 UTC 2018-09-17 07:20:29 +0000 UTC  } {ContainersReady True 0001-01-01 00:00:00 +0000 UTC 0001-01-01 00:00:00 +0000 UTC  } {PodScheduled True 0001-01-01 00:00:00 +0000 UTC 2018-09-17 07:19:09 +0000 UTC  }]&#xA;Sep 19 07:31:17.169: INFO: vulnerability-advisor-vulnerability-indexer-7c79b4c964-2n8cg     10.46.6.172  Running           [{Initialized True 0001-01-01 00:00:00 +0000 UTC 2018-09-17 07:19:07 +0000 UTC  } {Ready True 0001-01-01 00:00:00 +0000 UTC 2018-09-17 07:19:37 +0000 UTC  } {ContainersReady True 0001-01-01 00:00:00 +0000 UTC 0001-01-01 00:00:00 +0000 UTC  } {PodScheduled True 0001-01-01 00:00:00 +0000 UTC 2018-09-17 07:19:06 +0000 UTC  }]&#xA;Sep 19 07:31:17.169: INFO: vulnerability-advisor-zookeeper-0                                10.46.6.172  Running           [{Initialized True 0001-01-01 00:00:00 +0000 UTC 2018-09-17 07:19:15 +0000 UTC  } {Ready True 0001-01-01 00:00:00 +0000 UTC 2018-09-17 07:20:10 +0000 UTC  } {ContainersReady True 0001-01-01 00:00:00 +0000 UTC 0001-01-01 00:00:00 +0000 UTC  } {PodScheduled True 0001-01-01 00:00:00 +0000 UTC 2018-09-17 07:19:14 +0000 UTC  }]&#xA;Sep 19 07:31:17.169: INFO: &#xA;Sep 19 07:31:17.190: INFO: &#xA;Logging node info for node 10.46.6.170&#xA;Sep 19 07:31:17.193: INFO: Node Info: &amp;Node{ObjectMeta:k8s_io_apimachinery_pkg_apis_meta_v1.ObjectMeta{Name:10.46.6.170,GenerateName:,Namespace:,SelfLink:/api/v1/nodes/10.46.6.170,UID:0c4508eb-ba48-11e8-b20e-fa163e707b2e,ResourceVersion:455246,Generation:0,CreationTimestamp:2018-09-17 07:05:24 +0000 UTC,DeletionTimestamp:&lt;nil&gt;,DeletionGracePeriodSeconds:nil,Labels:map[string]string{beta.kubernetes.io/arch: amd64,beta.kubernetes.io/os: linux,kubernetes.io/hostname: 10.46.6.170,node-role.kubernetes.io/worker: true,},Annotations:map[string]string{node.alpha.kubernetes.io/ttl: 0,volumes.kubernetes.io/controller-managed-attach-detach: true,},OwnerReferences:[],Finalizers:[],ClusterName:,Initializers:nil,},Spec:NodeSpec{PodCIDR:,DoNotUse_ExternalID:,ProviderID:,Unschedulable:false,Taints:[],ConfigSource:nil,},Status:NodeStatus{Capacity:ResourceList{cpu: {{8 0} {&lt;nil&gt;} 8 DecimalSI},ephemeral-storage: {{107362627584 0} {&lt;nil&gt;} 104846316Ki BinarySI},hugepages-1Gi: {{0 0} {&lt;nil&gt;} 0 DecimalSI},hugepages-2Mi: {{0 0} {&lt;nil&gt;} 0 DecimalSI},memory: {{16825630720 0} {&lt;nil&gt;}  BinarySI},pods: {{80 0} {&lt;nil&gt;} 80 DecimalSI},},Allocatable:ResourceList{cpu: {{8 0} {&lt;nil&gt;} 8 DecimalSI},ephemeral-storage: {{96626364666 0} {&lt;nil&gt;} 96626364666 DecimalSI},hugepages-1Gi: {{0 0} {&lt;nil&gt;} 0 DecimalSI},hugepages-2Mi: {{0 0} {&lt;nil&gt;} 0 DecimalSI},memory: {{16720773120 0} {&lt;nil&gt;}  BinarySI},pods: {{80 0} {&lt;nil&gt;} 80 DecimalSI},},Phase:,Conditions:[{OutOfDisk False 2018-09-19 07:31:08 +0000 UTC 2018-09-17 07:05:24 +0000 UTC KubeletHasSufficientDisk kubelet has sufficient disk space available} {MemoryPressure False 2018-09-19 07:31:08 +0000 UTC 2018-09-17 07:05:24 +0000 UTC KubeletHasSufficientMemory kubelet has sufficient memory available} {DiskPressure False 2018-09-19 07:31:08 +0000 UTC 2018-09-17 07:05:24 +0000 UTC KubeletHasNoDiskPressure kubelet has no disk pressure} {PIDPressure False 2018-09-19 07:31:08 +0000 UTC 2018-09-17 07:05:24 +0000 UTC KubeletHasSufficientPID kubelet has sufficient PID available} {Ready True 2018-09-19 07:31:08 +0000 UTC 2018-09-17 07:06:04 +0000 UTC KubeletReady kubelet is posting ready status}],Addresses:[{InternalIP 10.46.6.170} {Hostname 10.46.6.170}],DaemonEndpoints:NodeDaemonEndpoints{KubeletEndpoint:DaemonEndpoint{Port:10250,},},NodeInfo:NodeSystemInfo{MachineID:52ca0d2c3fb341c79b059a96d10571a6,SystemUUID:B2A91A2D-0576-4E7B-AEBA-AE95FFDDF786,BootID:ae0d54c3-4892-49fd-b5c7-ca2077060a4b,KernelVersion:3.10.0-862.9.1.el7.x86_64,OSImage:Red Hat Enterprise Linux,ContainerRuntimeVersion:docker://18.3.1,KubeletVersion:v1.11.1+icp-ee,KubeProxyVersion:v1.11.1+icp-ee,OperatingSystem:linux,Architecture:amd64,},Images:[{[lzj.icp:8500/ibmcom/live-crawler@sha256:1a648615e7b439f093697f65350262823e6c711c4b21ea81596ced1c28a48133 lzj.icp:8500/ibmcom/live-crawler:1.3.1] 987515538} {[lzj.icp:8500/ibmcom/hyperkube@sha256:9fbddbf2d04354912c8a981395493d250474cb9fa587fa91119e69467078b180 lzj.icp:8500/ibmcom/hyperkube:v1.11.1-ee] 782626408} {[gcr.io/heptio-images/kube-conformance@sha256:5482c7f5f7b874c5c6caec6ddef5406f19a52a2c3a36897cadf0a8f78ab57982 gcr.io/heptio-images/kube-conformance:latest] 532182058} {[open-liberty@sha256:e962af00796d50687a4ac71d5e8ab046696c314b4a84617b0d216b671519df31 open-liberty:latest] 500884023} {[lzj.icp:8500/ibmcom/icp-filebeat@sha256:72669dde64d7ab85bbb9e93428efe548b2693a4eae5168a4705f6e30cd20e584 lzj.icp:8500/ibmcom/icp-filebeat:5.5.1] 317104874} {[lzj.icp:8500/ibmcom/fluentd@sha256:f85a5ffd86438f1a73d04caf6e33ef3474675d9fa0947431f4d0a9602fc981af lzj.icp:8500/ibmcom/fluentd:v1.2.2-icp] 270902701} {[lzj.icp:8500/ibmcom/calico-node@sha256:85a23d8030137d49663d3d82844a61998331606de9fc523dfdd0a75be7fb9828 lzj.icp:8500/ibmcom/calico-node:v3.1.3] 248202699} {[lzj.icp:8500/ibmcom/nvidia-device-plugin@sha256:2d57caa41994d1e0b3d952526a651f8da487e068874d1075f915fa48ad969ba6 lzj.icp:8500/ibmcom/nvidia-device-plugin:1.0] 132413452} {[lzj.icp:8500/ibmcom/metering-data-manager@sha256:97803f4458c6f6ca62076cf6958cb8ab98cf9ffed7cd4977550eeaa6db8ead70 lzj.icp:8500/ibmcom/metering-data-manager:3.1.0] 121942877} {[lzj.icp:8500/ibmcom/icp-management-ingress@sha256:259a9d288f5ee4f169c618b6d870b5ae38b954a3bf69f3f392523b1aaa9f4001 lzj.icp:8500/ibmcom/icp-management-ingress:2.2.1] 80410712} {[lzj.icp:8500/ibmcom/calico-cni@sha256:b56c2d3e62bd02f15dd5ec335c25ac81bb39d214e904525227640790686855d7 lzj.icp:8500/ibmcom/calico-cni:v3.1.3] 68849270} {[gcr.io/heptio-images/sonobuoy@sha256:165df6f635ddd0088ed6686e07ffb47f8dd17fdba153f61dbec9aa80c0d2e0b8 gcr.io/heptio-images/sonobuoy:latest gcr.io/heptio-images/sonobuoy:v0.11.6] 33401240} {[gcr.io/kubernetes-e2e-test-images/nettest-amd64@sha256:f2d3eba3ae2043c51389935be4bf41b2b0e60fd7220b9ba9cbc51eceaa74b2b4 gcr.io/kubernetes-e2e-test-images/nettest-amd64:1.0] 27413498} {[lzj.icp:8500/ibmcom/node-exporter@sha256:b24db452b1a0bf46abba095162d0fbc89ea40eeabbfe43ae01dab54107ecff0e lzj.icp:8500/ibmcom/node-exporter:v0.16.0] 22915749} {[gcr.io/kubernetes-e2e-test-images/hostexec-amd64@sha256:e1dadb772c6132e3587fc41b8c07facd81ee7c4e74508891b5d98d45b85462e9 gcr.io/kubernetes-e2e-test-images/hostexec-amd64:1.1] 8490662} {[gcr.io/kubernetes-e2e-test-images/netexec-amd64@sha256:da1c165175d5589ed70384e406a0291b6f76d53fc99e2c31ae23003e11e5bfde gcr.io/kubernetes-e2e-test-images/netexec-amd64:1.0] 6713741} {[gcr.io/kubernetes-e2e-test-images/serve-hostname-amd64@sha256:2dd4032e98a0450d95a0ac71a5e465f542a900812d8c41bc6ca635aed1a5fc91 gcr.io/kubernetes-e2e-test-images/serve-hostname-amd64:1.0] 5470001} {[gcr.io/kubernetes-e2e-test-images/mounttest-amd64@sha256:e3e75014e6df02dc21e6fb95f93b989a2ff8a91f36ae88d74eccbabaa21fc211 gcr.io/kubernetes-e2e-test-images/mounttest-amd64:1.0] 1563521} {[gcr.io/kubernetes-e2e-test-images/mounttest-user-amd64@sha256:1ac490f1442cad4b1c886527470393c71302cc62f5e3304fb08854403cbc68dc gcr.io/kubernetes-e2e-test-images/mounttest-user-amd64:1.0] 1450451} {[busybox@sha256:cb63aa0641a885f54de20f61d152187419e8f6b159ed11a251a09d115fdff9bd busybox:latest] 1162769} {[lzj.icp:8500/ibmcom/pause@sha256:8a18035491d4fbbe481be5eac11819315ec94677ab465608d052d87b3cdcff7f lzj.icp:8500/ibmcom/pause:3.1] 742472}],VolumesInUse:[],VolumesAttached:[],Config:&amp;NodeConfigStatus{Assigned:nil,Active:nil,LastKnownGood:nil,Error:,},},}&#xA;Sep 19 07:31:17.194: INFO: &#xA;Logging kubelet events for node 10.46.6.170&#xA;Sep 19 07:31:17.197: INFO: &#xA;Logging pods the kubelet thinks is on node 10.46.6.170&#xA;Sep 19 07:31:17.209: INFO: my-ibm-open-liberty-ibm-7f7d9778d7-7t5jc started at 2018-09-17 08:22:24 +0000 UTC (0+1 container statuses recorded)&#xA;Sep 19 07:31:17.209: INFO: &#x9;Container ibm-open-liberty ready: true, restart count 0&#xA;Sep 19 07:31:17.209: INFO: monitoring-prometheus-nodeexporter-tpbc8 started at 2018-09-17 07:15:44 +0000 UTC (0+2 container statuses recorded)&#xA;Sep 19 07:31:17.209: INFO: &#x9;Container nodeexporter ready: true, restart count 0&#xA;Sep 19 07:31:17.209: INFO: &#x9;Container router ready: true, restart count 0&#xA;Sep 19 07:31:17.209: INFO: audit-logging-fluentd-ds-4cgnk started at 2018-09-17 07:18:46 +0000 UTC (0+1 container statuses recorded)&#xA;Sep 19 07:31:17.209: INFO: &#x9;Container fluentd ready: true, restart count 0&#xA;Sep 19 07:31:17.209: INFO: vulnerability-advisor-process-ma-crawler-5g4zk started at 2018-09-17 07:19:03 +0000 UTC (0+1 container statuses recorded)&#xA;Sep 19 07:31:17.209: INFO: &#x9;Container process-ma-crawler ready: true, restart count 0&#xA;Sep 19 07:31:17.209: INFO: k8s-proxy-10.46.6.170 started at &lt;nil&gt; (0+0 container statuses recorded)&#xA;Sep 19 07:31:17.209: INFO: calico-node-htf97 started at 2018-09-17 07:05:53 +0000 UTC (0+2 container statuses recorded)&#xA;Sep 19 07:31:17.209: INFO: &#x9;Container calico-node ready: true, restart count 0&#xA;Sep 19 07:31:17.209: INFO: &#x9;Container install-cni ready: true, restart count 0&#xA;Sep 19 07:31:17.209: INFO: logging-elk-filebeat-ds-jtd5q started at 2018-09-17 07:15:20 +0000 UTC (0+1 container statuses recorded)&#xA;Sep 19 07:31:17.209: INFO: &#x9;Container filebeat ready: true, restart count 0&#xA;Sep 19 07:31:17.209: INFO: sonobuoy started at 2018-09-19 07:22:02 +0000 UTC (0+1 container statuses recorded)&#xA;Sep 19 07:31:17.209: INFO: &#x9;Container kube-sonobuoy ready: true, restart count 0&#xA;Sep 19 07:31:17.209: INFO: sonobuoy-e2e-job-c3f9b53ea97c48a2 started at 2018-09-19 07:22:08 +0000 UTC (0+2 container statuses recorded)&#xA;Sep 19 07:31:17.209: INFO: &#x9;Container e2e ready: true, restart count 0&#xA;Sep 19 07:31:17.209: INFO: &#x9;Container sonobuoy-worker ready: true, restart count 0&#xA;Sep 19 07:31:17.209: INFO: nvidia-device-plugin-9h2k4 started at 2018-09-17 07:07:17 +0000 UTC (1+1 container statuses recorded)&#xA;Sep 19 07:31:17.209: INFO: &#x9;Init container nvidia-driver-collector ready: true, restart count 0&#xA;Sep 19 07:31:17.209: INFO: &#x9;Container nvidia-device-plugin ready: true, restart count 0&#xA;Sep 19 07:31:17.209: INFO: metering-reader-44wd7 started at 2018-09-17 07:14:11 +0000 UTC (1+1 container statuses recorded)&#xA;Sep 19 07:31:17.209: INFO: &#x9;Init container metering-reader-init ready: true, restart count 1&#xA;Sep 19 07:31:17.209: INFO: &#x9;Container metering-reader ready: true, restart count 0&#xA;Sep 19 07:31:17.209: INFO: vulnerability-advisor-live-crawler-ccxd7 started at 2018-09-17 07:19:03 +0000 UTC (0+1 container statuses recorded)&#xA;Sep 19 07:31:17.209: INFO: &#x9;Container live-crawler ready: true, restart count 0&#xA;Sep 19 07:31:17.266: INFO: &#xA;Latency metrics for node 10.46.6.170&#xA;Sep 19 07:31:17.266: INFO: {Operation:stop_container Method:docker_operations_latency_microseconds Quantile:0.99 Latency:30.348028s}&#xA;Sep 19 07:31:17.266: INFO: &#xA;Logging node info for node 10.46.6.171&#xA;Sep 19 07:31:17.274: INFO: Node Info: &amp;Node{ObjectMeta:k8s_io_apimachinery_pkg_apis_meta_v1.ObjectMeta{Name:10.46.6.171,GenerateName:,Namespace:,SelfLink:/api/v1/nodes/10.46.6.171,UID:0c79152a-ba48-11e8-b20e-fa163e707b2e,ResourceVersion:455281,Generation:0,CreationTimestamp:2018-09-17 07:05:24 +0000 UTC,DeletionTimestamp:&lt;nil&gt;,DeletionGracePeriodSeconds:nil,Labels:map[string]string{beta.kubernetes.io/arch: amd64,beta.kubernetes.io/os: linux,kubernetes.io/hostname: 10.46.6.171,management: true,node-role.kubernetes.io/management: true,},Annotations:map[string]string{node.alpha.kubernetes.io/ttl: 0,volumes.kubernetes.io/controller-managed-attach-detach: true,},OwnerReferences:[],Finalizers:[],ClusterName:,Initializers:nil,},Spec:NodeSpec{PodCIDR:,DoNotUse_ExternalID:,ProviderID:,Unschedulable:false,Taints:[{dedicated management NoSchedule &lt;nil&gt;}],ConfigSource:nil,},Status:NodeStatus{Capacity:ResourceList{cpu: {{8 0} {&lt;nil&gt;} 8 DecimalSI},ephemeral-storage: {{107362627584 0} {&lt;nil&gt;} 104846316Ki BinarySI},hugepages-1Gi: {{0 0} {&lt;nil&gt;} 0 DecimalSI},hugepages-2Mi: {{0 0} {&lt;nil&gt;} 0 DecimalSI},memory: {{16825630720 0} {&lt;nil&gt;}  BinarySI},pods: {{80 0} {&lt;nil&gt;} 80 DecimalSI},},Allocatable:ResourceList{cpu: {{8 0} {&lt;nil&gt;} 8 DecimalSI},ephemeral-storage: {{107257769984 0} {&lt;nil&gt;} 104743916Ki BinarySI},hugepages-1Gi: {{0 0} {&lt;nil&gt;} 0 DecimalSI},hugepages-2Mi: {{0 0} {&lt;nil&gt;} 0 DecimalSI},memory: {{16720773120 0} {&lt;nil&gt;}  BinarySI},pods: {{80 0} {&lt;nil&gt;} 80 DecimalSI},},Phase:,Conditions:[{OutOfDisk False 2018-09-19 07:31:15 +0000 UTC 2018-09-17 07:05:24 +0000 UTC KubeletHasSufficientDisk kubelet has sufficient disk space available} {MemoryPressure False 2018-09-19 07:31:15 +0000 UTC 2018-09-17 07:05:24 +0000 UTC KubeletHasSufficientMemory kubelet has sufficient memory available} {DiskPressure False 2018-09-19 07:31:15 +0000 UTC 2018-09-17 07:05:24 +0000 UTC KubeletHasNoDiskPressure kubelet has no disk pressure} {PIDPressure False 2018-09-19 07:31:15 +0000 UTC 2018-09-17 07:05:24 +0000 UTC KubeletHasSufficientPID kubelet has sufficient PID available} {Ready True 2018-09-19 07:31:15 +0000 UTC 2018-09-17 07:06:05 +0000 UTC KubeletReady kubelet is posting ready status}],Addresses:[{InternalIP 10.46.6.171} {Hostname 10.46.6.171}],DaemonEndpoints:NodeDaemonEndpoints{KubeletEndpoint:DaemonEndpoint{Port:10250,},},NodeInfo:NodeSystemInfo{MachineID:52ca0d2c3fb341c79b059a96d10571a6,SystemUUID:00401CD1-AB88-4341-9CDC-C9648BFB2B56,BootID:706dbc67-f432-47c3-840e-f599801336c8,KernelVersion:3.10.0-862.9.1.el7.x86_64,OSImage:Red Hat Enterprise Linux,ContainerRuntimeVersion:docker://18.3.1,KubeletVersion:v1.11.1+icp-ee,KubeProxyVersion:v1.11.1+icp-ee,OperatingSystem:linux,Architecture:amd64,},Images:[{[lzj.icp:8500/ibmcom/live-crawler@sha256:1a648615e7b439f093697f65350262823e6c711c4b21ea81596ced1c28a48133 lzj.icp:8500/ibmcom/live-crawler:1.3.1] 987515538} {[lzj.icp:8500/ibmcom/hyperkube@sha256:9fbddbf2d04354912c8a981395493d250474cb9fa587fa91119e69467078b180 lzj.icp:8500/ibmcom/hyperkube:v1.11.1-ee] 782626408} {[lzj.icp:8500/ibmcom/icp-logstash@sha256:a182a00827aefe7f5f95b18fa1ec8f6897989290b37f3d98bd6440ddda796433 lzj.icp:8500/ibmcom/icp-logstash:5.5.1] 764906887} {[lzj.icp:8500/ibmcom/icp-kibana@sha256:6e2746da64a64f98c5761b87d5e185a9c2ac75c9c4e767ab284062b1847b7571 lzj.icp:8500/ibmcom/icp-kibana:5.5.1] 639622018} {[lzj.icp:8500/ibmcom/icp-elasticsearch@sha256:b410aacb6005fe24bfd87b045ea26fde3d6eb3ca52c3f0e4560cdc208944ba50 lzj.icp:8500/ibmcom/icp-elasticsearch:5.5.1] 520121248} {[lzj.icp:8500/ibmcom/logging-pki-init@sha256:21aa9cbd05a849b4891b15cf636f73545f6001f16c82f8eeed2e90b4f9312377 lzj.icp:8500/ibmcom/logging-pki-init:2.0.0] 501921135} {[lzj.icp:8500/ibmcom/searchguard-init@sha256:3d0d8a8404a9df5ad238bce1e0542cdda609cc445dfc3964952243d9fc103276 lzj.icp:8500/ibmcom/searchguard-init:2.0.0] 457030441} {[lzj.icp:8500/ibmcom/metering-ui@sha256:d6453f9afecc9b1fc778c195e20bbb39d4ef6262af2f7a9a5ce3cddc259fec99 lzj.icp:8500/ibmcom/metering-ui:3.1.0] 385577105} {[lzj.icp:8500/ibmcom/icp-filebeat@sha256:72669dde64d7ab85bbb9e93428efe548b2693a4eae5168a4705f6e30cd20e584 lzj.icp:8500/ibmcom/icp-filebeat:5.5.1] 317104874} {[lzj.icp:8500/ibmcom/fluentd@sha256:f85a5ffd86438f1a73d04caf6e33ef3474675d9fa0947431f4d0a9602fc981af lzj.icp:8500/ibmcom/fluentd:v1.2.2-icp] 270902701} {[lzj.icp:8500/ibmcom/elasticsearch-plugin-searchguard@sha256:f47116021e3eec7b2fed9f6ed8bd77fd890457e5a1546dda7f863c032d4395b1 lzj.icp:8500/ibmcom/elasticsearch-plugin-searchguard:2.0.0] 267864279} {[lzj.icp:8500/ibmcom/calico-node@sha256:85a23d8030137d49663d3d82844a61998331606de9fc523dfdd0a75be7fb9828 lzj.icp:8500/ibmcom/calico-node:v3.1.3] 248202699} {[lzj.icp:8500/ibmcom/grafana@sha256:5d2739d3ec5c7f6ea66d69caa918b764660b99a3d37cb1f4123f1a9623ce8e38 lzj.icp:8500/ibmcom/grafana:5.2.0] 245297582} {[lzj.icp:8500/ibmcom/indices-cleaner@sha256:31dac3be1246f17dddade06b517c073244ce56d85bc54135fdaf010dbb0bca10 lzj.icp:8500/ibmcom/indices-cleaner:1.0.0] 238131553} {[lzj.icp:8500/ibmcom/curl@sha256:adf92a267e351914d041a56d64ebe80331c45f8e20ab23b7ada67bea78da9996 lzj.icp:8500/ibmcom/curl:4.0.0] 221192597} {[lzj.icp:8500/ibmcom/nvidia-device-plugin@sha256:2d57caa41994d1e0b3d952526a651f8da487e068874d1075f915fa48ad969ba6 lzj.icp:8500/ibmcom/nvidia-device-plugin:1.0] 132413452} {[lzj.icp:8500/ibmcom/metering-data-manager@sha256:97803f4458c6f6ca62076cf6958cb8ab98cf9ffed7cd4977550eeaa6db8ead70 lzj.icp:8500/ibmcom/metering-data-manager:3.1.0] 121942877} {[lzj.icp:8500/ibmcom/prometheus@sha256:91cba3cbf7a61499969a8a5a27347830ed1740b2285de9ac31e231e7ce44deb7 lzj.icp:8500/ibmcom/prometheus:v2.3.1] 118818909} {[lzj.icp:8500/ibmcom/icp-management-ingress@sha256:259a9d288f5ee4f169c618b6d870b5ae38b954a3bf69f3f392523b1aaa9f4001 lzj.icp:8500/ibmcom/icp-management-ingress:2.2.1] 80410712} {[lzj.icp:8500/ibmcom/calico-cni@sha256:b56c2d3e62bd02f15dd5ec335c25ac81bb39d214e904525227640790686855d7 lzj.icp:8500/ibmcom/calico-cni:v3.1.3] 68849270} {[lzj.icp:8500/ibmcom/k8s-prometheus-adapter@sha256:cf7f0c35ff0a0ec9cf743ef87e4c951f74d3fd0b4b97925784cc857565b4d7ba lzj.icp:8500/ibmcom/k8s-prometheus-adapter:v0.2.1.1] 52134773} {[lzj.icp:8500/ibmcom/metrics-server@sha256:973b5dd33165e4856f22a9f48a9b7f5bd2f01399d6479c46212ea92336a9ca40 lzj.icp:8500/ibmcom/metrics-server:v0.2.1.1] 42541759} {[lzj.icp:8500/ibmcom/ibmcloud-image-enforcement@sha256:d29efeb868c054eead02eec72c86f690c4a8c81b95f99f22bbc873644b090e99 lzj.icp:8500/ibmcom/ibmcloud-image-enforcement:0.2.0] 40040099} {[lzj.icp:8500/ibmcom/alertmanager@sha256:f3e7d379040499e05c1377862cc8a74cd5ffed2a175bf62fc18dc07b98d6ab00 lzj.icp:8500/ibmcom/alertmanager:v0.15.0] 36095602} {[lzj.icp:8500/ibmcom/kube-state-metrics@sha256:6a574d2e4a7338abdd3d0b85dd2510cbf046cd09a70505b99513feee42d00559 lzj.icp:8500/ibmcom/kube-state-metrics:v1.3.0] 35646776} {[lzj.icp:8500/ibmcom/node-exporter@sha256:b24db452b1a0bf46abba095162d0fbc89ea40eeabbfe43ae01dab54107ecff0e lzj.icp:8500/ibmcom/node-exporter:v0.16.0] 22915749} {[lzj.icp:8500/ibmcom/configmap-reload@sha256:77a4ede137dd4980fe02c70ad189bf7b89dd1a9e134c0fe4475842fe8948f6a9 lzj.icp:8500/ibmcom/configmap-reload:v0.2.2] 22381476} {[lzj.icp:8500/ibmcom/collectd-exporter@sha256:0ef0cfb0a60f66046851bfafbfa1913814c7a4967e4e7561ce5111186338f6d9 lzj.icp:8500/ibmcom/collectd-exporter:v0.4.0] 13695364} {[lzj.icp:8500/ibmcom/elasticsearch-exporter@sha256:27806a00f45314a1c06af096236004020a98202edbbce81d993aadfaca0c66a0 lzj.icp:8500/ibmcom/elasticsearch-exporter:1.0.2] 9202086} {[lzj.icp:8500/ibmcom/icp-initcontainer@sha256:c1b9397380303cfc23505576a19859c7e26936f80a26bb4fae95ef68e7775de8 lzj.icp:8500/ibmcom/icp-initcontainer:1.0.0] 3965926} {[lzj.icp:8500/ibmcom/pause@sha256:8a18035491d4fbbe481be5eac11819315ec94677ab465608d052d87b3cdcff7f lzj.icp:8500/ibmcom/pause:3.1] 742472}],VolumesInUse:[],VolumesAttached:[],Config:&amp;NodeConfigStatus{Assigned:nil,Active:nil,LastKnownGood:nil,Error:,},},}&#xA;Sep 19 07:31:17.274: INFO: &#xA;Logging kubelet events for node 10.46.6.171&#xA;Sep 19 07:31:17.279: INFO: &#xA;Logging pods the kubelet thinks is on node 10.46.6.171&#xA;Sep 19 07:31:17.303: INFO: metering-dm-8b475fc57-cmm6h started at 2018-09-17 07:14:12 +0000 UTC (1+1 container statuses recorded)&#xA;Sep 19 07:31:17.303: INFO: &#x9;Init container metering-dm-init ready: true, restart count 0&#xA;Sep 19 07:31:17.303: INFO: &#x9;Container metering-dm ready: true, restart count 0&#xA;Sep 19 07:31:17.303: INFO: logging-elk-data-0 started at 2018-09-17 07:15:21 +0000 UTC (3+1 container statuses recorded)&#xA;Sep 19 07:31:17.303: INFO: &#x9;Init container chmod ready: true, restart count 0&#xA;Sep 19 07:31:17.303: INFO: &#x9;Init container sysctl ready: true, restart count 0&#xA;Sep 19 07:31:17.303: INFO: &#x9;Init container plugin-bundle ready: true, restart count 0&#xA;Sep 19 07:31:17.303: INFO: &#x9;Container es-data ready: true, restart count 0&#xA;Sep 19 07:31:17.303: INFO: logging-elk-kibana-ff4db4866-s2295 started at 2018-09-17 07:15:21 +0000 UTC (0+2 container statuses recorded)&#xA;Sep 19 07:31:17.303: INFO: &#x9;Container kibana ready: true, restart count 0&#xA;Sep 19 07:31:17.303: INFO: &#x9;Container router ready: true, restart count 0&#xA;Sep 19 07:31:17.303: INFO: monitoring-prometheus-nodeexporter-9fnpb started at 2018-09-17 07:15:44 +0000 UTC (0+2 container statuses recorded)&#xA;Sep 19 07:31:17.303: INFO: &#x9;Container nodeexporter ready: true, restart count 0&#xA;Sep 19 07:31:17.303: INFO: &#x9;Container router ready: true, restart count 0&#xA;Sep 19 07:31:17.303: INFO: monitoring-prometheus-kubestatemetrics-54dcbb6cfb-76zmm started at 2018-09-17 07:15:45 +0000 UTC (0+2 container statuses recorded)&#xA;Sep 19 07:31:17.303: INFO: &#x9;Container kubestatemetrics ready: true, restart count 0&#xA;Sep 19 07:31:17.303: INFO: &#x9;Container router ready: true, restart count 0&#xA;Sep 19 07:31:17.303: INFO: audit-logging-fluentd-ds-bc22k started at 2018-09-17 07:18:46 +0000 UTC (0+1 container statuses recorded)&#xA;Sep 19 07:31:17.303: INFO: &#x9;Container fluentd ready: true, restart count 0&#xA;Sep 19 07:31:17.303: INFO: k8s-proxy-10.46.6.171 started at &lt;nil&gt; (0+0 container statuses recorded)&#xA;Sep 19 07:31:17.303: INFO: metrics-server-6d6695f9db-8t4xs started at 2018-09-17 07:08:51 +0000 UTC (0+1 container statuses recorded)&#xA;Sep 19 07:31:17.304: INFO: &#x9;Container metrics-server ready: true, restart count 0&#xA;Sep 19 07:31:17.304: INFO: logging-elk-elasticsearch-tls-init-6hnl4 started at 2018-09-17 07:15:20 +0000 UTC (0+1 container statuses recorded)&#xA;Sep 19 07:31:17.304: INFO: &#x9;Container searchguard-init ready: false, restart count 0&#xA;Sep 19 07:31:17.304: INFO: logging-elk-filebeat-ds-bs86r started at 2018-09-17 07:15:20 +0000 UTC (0+1 container statuses recorded)&#xA;Sep 19 07:31:17.304: INFO: &#x9;Container filebeat ready: true, restart count 0&#xA;Sep 19 07:31:17.304: INFO: logging-elk-client-75d4d7994c-7g7fn started at 2018-09-17 07:15:21 +0000 UTC (2+3 container statuses recorded)&#xA;Sep 19 07:31:17.304: INFO: &#x9;Init container sysctl ready: true, restart count 0&#xA;Sep 19 07:31:17.304: INFO: &#x9;Init container plugin-bundle ready: true, restart count 0&#xA;Sep 19 07:31:17.304: INFO: &#x9;Container es-client ready: true, restart count 0&#xA;Sep 19 07:31:17.304: INFO: &#x9;Container indices-cleaner ready: true, restart count 0&#xA;Sep 19 07:31:17.304: INFO: &#x9;Container router ready: true, restart count 0&#xA;Sep 19 07:31:17.304: INFO: monitoring-prometheus-alertmanager-7d8749dbb8-xj68d started at 2018-09-17 07:15:46 +0000 UTC (0+3 container statuses recorded)&#xA;Sep 19 07:31:17.304: INFO: &#x9;Container alertmanager ready: true, restart count 0&#xA;Sep 19 07:31:17.304: INFO: &#x9;Container configmap-reload ready: true, restart count 0&#xA;Sep 19 07:31:17.304: INFO: &#x9;Container router ready: true, restart count 0&#xA;Sep 19 07:31:17.304: INFO: monitoring-prometheus-collectdexporter-77575678dc-v8n2l started at 2018-09-17 07:15:46 +0000 UTC (0+2 container statuses recorded)&#xA;Sep 19 07:31:17.304: INFO: &#x9;Container collectd-exporter ready: true, restart count 0&#xA;Sep 19 07:31:17.304: INFO: &#x9;Container router ready: true, restart count 0&#xA;Sep 19 07:31:17.304: INFO: vulnerability-advisor-live-crawler-xxz8p started at 2018-09-17 07:19:03 +0000 UTC (0+1 container statuses recorded)&#xA;Sep 19 07:31:17.304: INFO: &#x9;Container live-crawler ready: true, restart count 0&#xA;Sep 19 07:31:17.304: INFO: nvidia-device-plugin-vh85n started at 2018-09-17 07:07:17 +0000 UTC (1+1 container statuses recorded)&#xA;Sep 19 07:31:17.304: INFO: &#x9;Init container nvidia-driver-collector ready: true, restart count 0&#xA;Sep 19 07:31:17.304: INFO: &#x9;Container nvidia-device-plugin ready: true, restart count 0&#xA;Sep 19 07:31:17.304: INFO: custom-metrics-adapter-64f64964b4-f9gmc started at 2018-09-17 07:14:28 +0000 UTC (1+1 container statuses recorded)&#xA;Sep 19 07:31:17.304: INFO: &#x9;Init container init-adapter ready: true, restart count 0&#xA;Sep 19 07:31:17.304: INFO: &#x9;Container custom-metrics-adapter ready: true, restart count 0&#xA;Sep 19 07:31:17.304: INFO: logging-elk-logstash-7994656f46-r89mt started at 2018-09-17 07:15:22 +0000 UTC (0+1 container statuses recorded)&#xA;Sep 19 07:31:17.304: INFO: &#x9;Container logstash ready: true, restart count 0&#xA;Sep 19 07:31:17.304: INFO: monitoring-prometheus-elasticsearchexporter-655864cccb-c6tps started at 2018-09-17 07:15:46 +0000 UTC (0+2 container statuses recorded)&#xA;Sep 19 07:31:17.304: INFO: &#x9;Container elasticsearchexporter ready: true, restart count 0&#xA;Sep 19 07:31:17.304: INFO: &#x9;Container router ready: true, restart count 0&#xA;Sep 19 07:31:17.304: INFO: monitoring-prometheus-6677d7c77f-pnpt5 started at 2018-09-17 07:15:46 +0000 UTC (1+4 container statuses recorded)&#xA;Sep 19 07:31:17.304: INFO: &#x9;Init container init-container ready: true, restart count 0&#xA;Sep 19 07:31:17.304: INFO: &#x9;Container configmap-reload-alertrules ready: true, restart count 0&#xA;Sep 19 07:31:17.304: INFO: &#x9;Container configmap-reload-prometheus ready: true, restart count 0&#xA;Sep 19 07:31:17.304: INFO: &#x9;Container prometheus ready: true, restart count 0&#xA;Sep 19 07:31:17.304: INFO: &#x9;Container router ready: true, restart count 0&#xA;Sep 19 07:31:17.304: INFO: calico-node-gpm2c started at 2018-09-17 07:05:53 +0000 UTC (0+2 container statuses recorded)&#xA;Sep 19 07:31:17.304: INFO: &#x9;Container calico-node ready: true, restart count 0&#xA;Sep 19 07:31:17.304: INFO: &#x9;Container install-cni ready: true, restart count 0&#xA;Sep 19 07:31:17.304: INFO: metering-reader-xq8f2 started at 2018-09-17 07:14:11 +0000 UTC (1+1 container statuses recorded)&#xA;Sep 19 07:31:17.304: INFO: &#x9;Init container metering-reader-init ready: true, restart count 1&#xA;Sep 19 07:31:17.304: INFO: &#x9;Container metering-reader ready: true, restart count 0&#xA;Sep 19 07:31:17.304: INFO: logging-elk-master-6cdcf45f7d-gp28f started at 2018-09-17 07:15:21 +0000 UTC (2+1 container statuses recorded)&#xA;Sep 19 07:31:17.304: INFO: &#x9;Init container sysctl ready: true, restart count 0&#xA;Sep 19 07:31:17.304: INFO: &#x9;Init container plugin-bundle ready: true, restart count 0&#xA;Sep 19 07:31:17.304: INFO: &#x9;Container es-master ready: true, restart count 0&#xA;Sep 19 07:31:17.304: INFO: monitoring-grafana-548b947c8c-dh89z started at 2018-09-17 07:15:46 +0000 UTC (1+2 container statuses recorded)&#xA;Sep 19 07:31:17.304: INFO: &#x9;Init container init-container ready: true, restart count 0&#xA;Sep 19 07:31:17.304: INFO: &#x9;Container grafana ready: true, restart count 0&#xA;Sep 19 07:31:17.304: INFO: &#x9;Container router ready: true, restart count 0&#xA;Sep 19 07:31:17.304: INFO: vulnerability-advisor-process-ma-crawler-b7k2d started at 2018-09-17 07:19:03 +0000 UTC (0+1 container statuses recorded)&#xA;Sep 19 07:31:17.304: INFO: &#x9;Container process-ma-crawler ready: true, restart count 0&#xA;Sep 19 07:31:17.304: INFO: ibmcloud-image-enforcement-76ddccbf9f-kqmlb started at 2018-09-17 07:14:02 +0000 UTC (0+1 container statuses recorded)&#xA;Sep 19 07:31:17.304: INFO: &#x9;Container ibmcloud-image-enforcement ready: true, restart count 0&#xA;Sep 19 07:31:17.304: INFO: metering-ui-5bbfbb5d49-wkh8m started at 2018-09-17 07:14:12 +0000 UTC (1+1 container statuses recorded)&#xA;Sep 19 07:31:17.304: INFO: &#x9;Init container metering-ui-init ready: true, restart count 0&#xA;Sep 19 07:31:17.304: INFO: &#x9;Container metering-ui ready: true, restart count 0&#xA;Sep 19 07:31:17.411: INFO: &#xA;Latency metrics for node 10.46.6.171&#xA;Sep 19 07:31:17.411: INFO: &#xA;Logging node info for node 10.46.6.172&#xA;Sep 19 07:31:17.420: INFO: Node Info: &amp;Node{ObjectMeta:k8s_io_apimachinery_pkg_apis_meta_v1.ObjectMeta{Name:10.46.6.172,GenerateName:,Namespace:,SelfLink:/api/v1/nodes/10.46.6.172,UID:0c6032ef-ba48-11e8-b20e-fa163e707b2e,ResourceVersion:455253,Generation:0,CreationTimestamp:2018-09-17 07:05:24 +0000 UTC,DeletionTimestamp:&lt;nil&gt;,DeletionGracePeriodSeconds:nil,Labels:map[string]string{beta.kubernetes.io/arch: amd64,beta.kubernetes.io/os: linux,kubernetes.io/hostname: 10.46.6.172,node-role.kubernetes.io/va: true,va: true,},Annotations:map[string]string{node.alpha.kubernetes.io/ttl: 0,volumes.kubernetes.io/controller-managed-attach-detach: true,},OwnerReferences:[],Finalizers:[],ClusterName:,Initializers:nil,},Spec:NodeSpec{PodCIDR:,DoNotUse_ExternalID:,ProviderID:,Unschedulable:false,Taints:[{dedicated va NoSchedule &lt;nil&gt;}],ConfigSource:nil,},Status:NodeStatus{Capacity:ResourceList{cpu: {{8 0} {&lt;nil&gt;} 8 DecimalSI},ephemeral-storage: {{107362627584 0} {&lt;nil&gt;} 104846316Ki BinarySI},hugepages-1Gi: {{0 0} {&lt;nil&gt;} 0 DecimalSI},hugepages-2Mi: {{0 0} {&lt;nil&gt;} 0 DecimalSI},memory: {{16825622528 0} {&lt;nil&gt;}  BinarySI},pods: {{80 0} {&lt;nil&gt;} 80 DecimalSI},},Allocatable:ResourceList{cpu: {{8 0} {&lt;nil&gt;} 8 DecimalSI},ephemeral-storage: {{107257769984 0} {&lt;nil&gt;} 104743916Ki BinarySI},hugepages-1Gi: {{0 0} {&lt;nil&gt;} 0 DecimalSI},hugepages-2Mi: {{0 0} {&lt;nil&gt;} 0 DecimalSI},memory: {{16720764928 0} {&lt;nil&gt;}  BinarySI},pods: {{80 0} {&lt;nil&gt;} 80 DecimalSI},},Phase:,Conditions:[{OutOfDisk False 2018-09-19 07:31:09 +0000 UTC 2018-09-17 07:05:24 +0000 UTC KubeletHasSufficientDisk kubelet has sufficient disk space available} {MemoryPressure False 2018-09-19 07:31:09 +0000 UTC 2018-09-17 07:05:24 +0000 UTC KubeletHasSufficientMemory kubelet has sufficient memory available} {DiskPressure False 2018-09-19 07:31:09 +0000 UTC 2018-09-17 07:05:24 +0000 UTC KubeletHasNoDiskPressure kubelet has no disk pressure} {PIDPressure False 2018-09-19 07:31:09 +0000 UTC 2018-09-17 07:05:24 +0000 UTC KubeletHasSufficientPID kubelet has sufficient PID available} {Ready True 2018-09-19 07:31:09 +0000 UTC 2018-09-17 07:06:04 +0000 UTC KubeletReady kubelet is posting ready status}],Addresses:[{InternalIP 10.46.6.172} {Hostname 10.46.6.172}],DaemonEndpoints:NodeDaemonEndpoints{KubeletEndpoint:DaemonEndpoint{Port:10250,},},NodeInfo:NodeSystemInfo{MachineID:52ca0d2c3fb341c79b059a96d10571a6,SystemUUID:3D48E3C5-99D8-4CA3-9AB5-A8540613166F,BootID:d81d494e-264a-48ce-a4f2-76b16f6ece1f,KernelVersion:3.10.0-862.9.1.el7.x86_64,OSImage:Red Hat Enterprise Linux,ContainerRuntimeVersion:docker://18.3.1,KubeletVersion:v1.11.1+icp-ee,KubeProxyVersion:v1.11.1+icp-ee,OperatingSystem:linux,Architecture:amd64,},Images:[{[lzj.icp:8500/ibmcom/statsd-amd64@sha256:5ee11bc24bced45a77d9d630348680f319c09d9d3b2230b04518d1e2a5263ae2 lzj.icp:8500/ibmcom/statsd@sha256:af7a9d0c4f029d0247da41f67c7e87f3655175962b79a189a6a9ace0ff841049 lzj.icp:8500/ibmcom/statsd-amd64:0.7.2.1 lzj.icp:8500/ibmcom/statsd:0.7.2.1] 1234731808} {[lzj.icp:8500/ibmcom/kafka-amd64@sha256:0d6d348ccd7aa2854d60791331280e58db92029a522c8bfb3eb40c7c0913ca8f lzj.icp:8500/ibmcom/kafka@sha256:f0b4a833c3da439cadb783bb9cb578f96b1328557b8402a98f01c5c21497d93a lzj.icp:8500/ibmcom/kafka-amd64:0.10.0.2 lzj.icp:8500/ibmcom/kafka:0.10.0.2] 1114805679} {[lzj.icp:8500/ibmcom/iam-token-service-amd64@sha256:9211161e5b5b9d892a99b46fad4429333ceb7143b4039419df7ea0efa36381a9 lzj.icp:8500/ibmcom/iam-token-service@sha256:1b9308e68de93b43e9a85c0e005d80d423e88db7d88ee7114a80b2fade7a78ed lzj.icp:8500/ibmcom/iam-token-service-amd64:3.1.0 lzj.icp:8500/ibmcom/iam-token-service:3.1.0] 1051060152} {[lzj.icp:8500/ibmcom/icp-platform-auth-amd64@sha256:abc258009b8696a83214b7a9d9df63f6d83e19cfca2987c4836b0eadfa4c99c7 lzj.icp:8500/ibmcom/icp-platform-auth@sha256:c544b90a099b6c29ba4ee7f2ad4dded1277c948a0826b38ebe3250cdc7d1529c lzj.icp:8500/ibmcom/icp-platform-auth-amd64:3.1.0 lzj.icp:8500/ibmcom/icp-platform-auth:3.1.0] 1028283742} {[lzj.icp:8500/ibmcom/reg-crawler-amd64@sha256:9e5d4ebbac3dd6cbf9f892b5bd634f89fae3d4b2e6a23debd3ecd322e3eb817e lzj.icp:8500/ibmcom/reg-crawler@sha256:a9033d9cb2406d11c616fdfedc9bc56bc4ef970bd0a7b02899b3e5c1b353799b lzj.icp:8500/ibmcom/reg-crawler-amd64:1.3.1 lzj.icp:8500/ibmcom/reg-crawler:1.3.1] 1007817363} {[lzj.icp:8500/ibmcom/live-crawler-amd64@sha256:37a79ec87bd3c8b9af25cf1e25f4f14281ffb9f5ebeaf61c0b7c8a5799baf782 lzj.icp:8500/ibmcom/live-crawler@sha256:1a648615e7b439f093697f65350262823e6c711c4b21ea81596ced1c28a48133 lzj.icp:8500/ibmcom/live-crawler-amd64:1.3.1 lzj.icp:8500/ibmcom/live-crawler:1.3.1] 987515538} {[lzj.icp:8500/ibmcom/cos-indexer-amd64@sha256:adf28ff960ebdcbfcfa5e4522b81aa3565338f8d640dad611a1c3f0d3894393b lzj.icp:8500/ibmcom/cos-indexer@sha256:bb31dc8ef37e8482b2b9dedc0e54f46f7d3c678b22a3130eca9dde80fed65df1 lzj.icp:8500/ibmcom/cos-indexer-amd64:1.3.1 lzj.icp:8500/ibmcom/cos-indexer:1.3.1] 846578165} {[lzj.icp:8500/ibmcom/secure-config-annotator-amd64@sha256:26e845c6a252e0c5ae73e764645993b3270e289d1a2e9784b06ddd7898ca45d9 lzj.icp:8500/ibmcom/secure-config-annotator@sha256:cfaadd13c4ef4bdc937d296faff78e98473be8c9c6ae6b4a38927c952948914f lzj.icp:8500/ibmcom/secure-config-annotator-amd64:1.3.1 lzj.icp:8500/ibmcom/secure-config-annotator:1.3.1] 835555196} {[lzj.icp:8500/ibmcom/hyperkube-amd64@sha256:9eaadf7c2a417ee2a9a219e2eadf21884742199a484be2ca737f0e8a178d490a lzj.icp:8500/ibmcom/hyperkube@sha256:9fbddbf2d04354912c8a981395493d250474cb9fa587fa91119e69467078b180 lzj.icp:8500/ibmcom/hyperkube-amd64:v1.11.1-ee lzj.icp:8500/ibmcom/hyperkube:v1.11.1-ee] 782626408} {[lzj.icp:8500/ibmcom/compliance-annotator-amd64@sha256:5d8bbbef3a7dc54ba9addb256d2aa8a3f7d5c27a454ff4b7ee583b217dac2ce4 lzj.icp:8500/ibmcom/compliance-annotator@sha256:be00ccb777b1e90601cc563112e32ae831b0fb7d4933f1aa3c49379cabe41c3f lzj.icp:8500/ibmcom/compliance-annotator-amd64:1.3.1 lzj.icp:8500/ibmcom/compliance-annotator:1.3.1] 773932738} {[lzj.icp:8500/ibmcom/icp-logstash-amd64@sha256:02a683ee6ad9eeed7ea8ebb1de713aaf902a9e20a39ccc0294ee1f947f1bbd73 lzj.icp:8500/ibmcom/icp-logstash@sha256:a182a00827aefe7f5f95b18fa1ec8f6897989290b37f3d98bd6440ddda796433 lzj.icp:8500/ibmcom/icp-logstash-amd64:5.5.1 lzj.icp:8500/ibmcom/icp-logstash:5.5.1] 764906887} {[lzj.icp:8500/ibmcom/process-ma-hf-amd64@sha256:ef0d164350d07600f8037082db7d98cf81b9c554d8a60692ae90b8d0239a8cdc lzj.icp:8500/ibmcom/process-ma-hf@sha256:114b48d67e46f6ad3624dfa99baab8f9c62fb5ba88d210d0f42e106eda4e0ee8 lzj.icp:8500/ibmcom/process-ma-hf-amd64:1.3.1 lzj.icp:8500/ibmcom/process-ma-hf:1.3.1] 758635128} {[lzj.icp:8500/ibmcom/vulnerability-annotator-amd64@sha256:febedf85b65e0d1800e67249274d474d4ce67e8041e81487f76bce727cb39bd4 lzj.icp:8500/ibmcom/vulnerability-annotator@sha256:2ca368468e5d1c7ed82b3947b8d8904da34969bd72e67b382bfd0579fe3f148d lzj.icp:8500/ibmcom/vulnerability-annotator-amd64:1.3.1 lzj.icp:8500/ibmcom/vulnerability-annotator:1.3.1] 757013017} {[lzj.icp:8500/ibmcom/py-generic-indexer-amd64@sha256:45cb17e23e15f4dfe44471309af12f0655aad5f8e859c718f393290f220b02b2 lzj.icp:8500/ibmcom/py-generic-indexer@sha256:63a28bc72b6588e508ad23b569a228d6219e2d6fdddb2b1b073e1d2c70ec7641 lzj.icp:8500/ibmcom/py-generic-indexer-amd64:1.3.1 lzj.icp:8500/ibmcom/py-generic-indexer:1.3.1] 755588945} {[lzj.icp:8500/ibmcom/icp-inception-amd64@sha256:1dad180d14ae732d17ca5cf41b87dbb316c072323f186d60a08a753f904eb5b2 lzj.icp:8500/ibmcom/icp-inception@sha256:d395315f0fde94a5cacd9945cd7932b4eda45fe404a6b9d55a8ec8ebeed2a0a8 lzj.icp:8500/ibmcom/icp-inception-amd64:3.1.0-ee lzj.icp:8500/ibmcom/icp-inception:3.1.0-ee] 744155119} {[lzj.icp:8500/ibmcom/config-parser-amd64@sha256:7d721e0b5a827921ac16fa9e7570db225211e6dd700cdeaba1d28ba02ff8ef6d lzj.icp:8500/ibmcom/config-parser@sha256:2b7d6f1ea57d6e4d9caaca5d0e2bb35d2e6db316e2f18ef9a51b5bfa48119f69 lzj.icp:8500/ibmcom/config-parser-amd64:1.3.1 lzj.icp:8500/ibmcom/config-parser:1.3.1] 739243486} {[lzj.icp:8500/ibmcom/iam-policy-administration-amd64@sha256:e1941aa09a5b692505cb3be3e497d3ff9acb900786b9a2c8c4c00d0243b37dd0 lzj.icp:8500/ibmcom/iam-policy-administration@sha256:ab0d5c50f5e5fc9a537e97183ed694e34d57fa00121bc08bedb261b80e29b9a4 lzj.icp:8500/ibmcom/iam-policy-administration-amd64:3.1.0 lzj.icp:8500/ibmcom/iam-policy-administration:3.1.0] 711947327} {[lzj.icp:8500/ibmcom/password-annotator-amd64@sha256:bca1b6b222d8ea8ade174a8cc1a549f161d75d3e9d69881f08a1fb316a8e27d3 lzj.icp:8500/ibmcom/password-annotator@sha256:5c7e8db45db52a6bca7d76ae8c2ff74eb43644f7959d66ddc67454bcbca765ec lzj.icp:8500/ibmcom/password-annotator-amd64:1.3.1 lzj.icp:8500/ibmcom/password-annotator:1.3.1] 707627907} {[lzj.icp:8500/ibmcom/notification-dispatcher-amd64@sha256:ec8dfbc351a0d758488f9f8bfa17c3182a5c02819a6ebf7144ab914a2233cf57 lzj.icp:8500/ibmcom/notification-dispatcher@sha256:6d7e6b836f0cfeb5fb18cd29fdd8315fb44013f8d21830b9c5ab60b605c5e3c5 lzj.icp:8500/ibmcom/notification-dispatcher-amd64:1.3.1 lzj.icp:8500/ibmcom/notification-dispatcher:1.3.1] 707588442} {[lzj.icp:8500/ibmcom/sas-base-amd64@sha256:9651b1149c62d5a0968aaeffe71f2da68cd7e07ff8d7ea67538278c00ab08457 lzj.icp:8500/ibmcom/sas-base@sha256:56bb0790e5f06276b7435c731687f733901fedc80af299dc8a8eaf72d7365560 lzj.icp:8500/ibmcom/sas-base-amd64:1.3.1 lzj.icp:8500/ibmcom/sas-base:1.3.1] 653746081} {[lzj.icp:8500/ibmcom/ma-file-annotator-amd64@sha256:8caa6280fd845fd524ad874a6b243510ebf085d58c989229020fcfc743492632 lzj.icp:8500/ibmcom/ma-file-annotator@sha256:cd8dc2a26e2a84bf7d8ba982c6a21c034239de5e2dc12767d3f60985e495d957 lzj.icp:8500/ibmcom/ma-file-annotator-amd64:1.3.1 lzj.icp:8500/ibmcom/ma-file-annotator:1.3.1] 653745236} {[lzj.icp:8500/ibmcom/icp-kibana-amd64@sha256:8b69887ac5297e1d2e68b9c2ce885b9a888f6c278ca1538acb0f03206b48502a lzj.icp:8500/ibmcom/icp-kibana@sha256:6e2746da64a64f98c5761b87d5e185a9c2ac75c9c4e767ab284062b1847b7571 lzj.icp:8500/ibmcom/icp-kibana-amd64:5.5.1 lzj.icp:8500/ibmcom/icp-kibana:5.5.1] 639622018} {[lzj.icp:8500/ibmcom/icp-platform-api-amd64@sha256:1fc47925c2611aef12631b3f3806308f55a298074aebc561fd04cf8a7691c669 lzj.icp:8500/ibmcom/icp-platform-api@sha256:6b5585999f45fa6dc7a6a1d8bcb4d544c96a3e1fd3bd9f133ebed2e356985a0e lzj.icp:8500/ibmcom/icp-platform-api-amd64:3.1.0 lzj.icp:8500/ibmcom/icp-platform-api:3.1.0] 612589125} {[lzj.icp:8500/ibmcom/iam-policy-decision-amd64@sha256:d49eb3845c57bb8370a477949d92da10a178b81ade50f0e9d970981fadd6686d lzj.icp:8500/ibmcom/iam-policy-decision@sha256:ecd9f36e17e57c6be41e744abc17baacddd28178485d29cb112ffc5e558d2c09 lzj.icp:8500/ibmcom/iam-policy-decision-amd64:3.1.0 lzj.icp:8500/ibmcom/iam-policy-decision:3.1.0] 559718344} {[lzj.icp:8500/ibmcom/rootkit-annotator-amd64@sha256:caf6c24136b8785d901f346a640d673b55fe105c3617cfcb432ee2006f5b1cf4 lzj.icp:8500/ibmcom/rootkit-annotator@sha256:9aabe418ab5c5b3ce86dcfad5dc63a14124bf56227a7decb6656382f2cf9606e lzj.icp:8500/ibmcom/rootkit-annotator-amd64:1.3.1 lzj.icp:8500/ibmcom/rootkit-annotator:1.3.1] 549434506} {[lzj.icp:8500/ibmcom/icp-elasticsearch-amd64@sha256:0063a7a931ca4e52d8f7a51f2bdb010345f4373b5b904b52e5c8a48ec0c1fde7 lzj.icp:8500/ibmcom/icp-elasticsearch@sha256:b410aacb6005fe24bfd87b045ea26fde3d6eb3ca52c3f0e4560cdc208944ba50 lzj.icp:8500/ibmcom/icp-elasticsearch-amd64:5.5.1 lzj.icp:8500/ibmcom/icp-elasticsearch:5.5.1] 520121248} {[lzj.icp:8500/ibmcom/logging-pki-init-amd64@sha256:cc4bfa085e1ae99120ee526acd3e62d205e10de6f1c773c521fc5b933914f6a8 lzj.icp:8500/ibmcom/logging-pki-init@sha256:21aa9cbd05a849b4891b15cf636f73545f6001f16c82f8eeed2e90b4f9312377 lzj.icp:8500/ibmcom/logging-pki-init-amd64:2.0.0 lzj.icp:8500/ibmcom/logging-pki-init:2.0.0] 501921135} {[lzj.icp:8500/ibmcom/searchguard-init-amd64@sha256:d19ce1d27f406945d4ed78b0f07007998c2ab3889086e502924847c2186db546 lzj.icp:8500/ibmcom/searchguard-init@sha256:3d0d8a8404a9df5ad238bce1e0542cdda609cc445dfc3964952243d9fc103276 lzj.icp:8500/ibmcom/searchguard-init-amd64:2.0.0 lzj.icp:8500/ibmcom/searchguard-init:2.0.0] 457030441} {[lzj.icp:8500/ibmcom/metering-ui-amd64@sha256:3628a8fe41183c08ea0b02e2e798e3649e4aebe2c2405c34572b9eb7c7c4d9a8 lzj.icp:8500/ibmcom/metering-ui@sha256:d6453f9afecc9b1fc778c195e20bbb39d4ef6262af2f7a9a5ce3cddc259fec99 lzj.icp:8500/ibmcom/metering-ui-amd64:3.1.0 lzj.icp:8500/ibmcom/metering-ui:3.1.0] 385577105} {[lzj.icp:8500/ibmcom/heketi-amd64@sha256:c5b579a4f219c87990f861eb61de86cb9cfb51b6d230b8c299df7d9fd3d02d0e lzj.icp:8500/ibmcom/heketi@sha256:eb6875247a56829a20d0949f034b08a0e682201ab1d88d3cba71972932c254f5 lzj.icp:8500/ibmcom/heketi-amd64:v7.0.0 lzj.icp:8500/ibmcom/heketi:v7.0.0] 384720377} {[lzj.icp:8500/ibmcom/icp-mongodb-amd64@sha256:a305ae8bc309898d86bf60aee968846db3602f77b25924640d5f08a2389ee99d lzj.icp:8500/ibmcom/icp-mongodb@sha256:fe8b55caf7bb855fd4e244450af5195f2243b766c6934d464128bf982b29b345 lzj.icp:8500/ibmcom/icp-mongodb-amd64:3.1.0 lzj.icp:8500/ibmcom/icp-mongodb:3.1.0] 379353410} {[lzj.icp:8500/ibmcom/icp-catalog-ui-amd64@sha256:33993b4eab189e3c78fe27799017da770d47523cf6831460741008bf91297d6d lzj.icp:8500/ibmcom/icp-catalog-ui@sha256:049f3c4946a0ad2c10507e5e42a464448e858fb3ae606cfd84825d340adb1125 lzj.icp:8500/ibmcom/icp-catalog-ui-amd64:3.1.0 lzj.icp:8500/ibmcom/icp-catalog-ui:3.1.0] 363781304} {[lzj.icp:8500/ibmcom/nginx-ingress-controller-amd64@sha256:63b48dd3ba635aa65409f7d6a319e293697810c1b9e885e6255bebf36a2506ab lzj.icp:8500/ibmcom/nginx-ingress-controller@sha256:f68b2ce26292e02ef3dbc6cfae17cec3d54b9afee9bf5298bf95d005c0783143 lzj.icp:8500/ibmcom/nginx-ingress-controller-amd64:0.16.2 lzj.icp:8500/ibmcom/nginx-ingress-controller:0.16.2] 361632894} {[lzj.icp:8500/ibmcom/mariadb-amd64@sha256:1f9876179c32fcf463804f75cbf2fb031106edf2be9d5dbf6705375ca53930bb lzj.icp:8500/ibmcom/mariadb@sha256:2272622e7f6786220d7ee2b482a3050bd34c3e1ecdc99af6175a146610222763 lzj.icp:8500/ibmcom/mariadb-amd64:10.2.17 lzj.icp:8500/ibmcom/mariadb:10.2.17] 358991946} {[lzj.icp:8500/ibmcom/k8szk-amd64@sha256:a9ee22a4df14654552a02303e4560623244683692fd298dd2fb71e9dd66219f3 lzj.icp:8500/ibmcom/k8szk@sha256:20cfeb163fb828c3c3a7c0baf2883e90c72c8d97d20116253903e82aa2be801f lzj.icp:8500/ibmcom/k8szk-amd64:v3 lzj.icp:8500/ibmcom/k8szk:v3] 331472973} {[lzj.icp:8500/ibmcom/gluster-amd64@sha256:647caedb536eb7b8c5c8b0a2b69e52d2a34be9e6c9c7b9c1b21d14fcfa261886 lzj.icp:8500/ibmcom/gluster@sha256:eeabf9b160370078d12a4c2b84f1a9772fe10c64446f0c2251eb53b8b5277baa lzj.icp:8500/ibmcom/gluster-amd64:v4.0.2 lzj.icp:8500/ibmcom/gluster:v4.0.2] 324265531} {[lzj.icp:8500/ibmcom/istio-grafana-amd64@sha256:381a2dd3a5addbc5d43920bc19bb15ba6dbd422e4a9d91163108e72c5a63234c lzj.icp:8500/ibmcom/istio-grafana@sha256:f4fdaf4a51b946f6d4fb9aa82cdbfef53c8e0b7b2223078f9d7f62bb28d3259b lzj.icp:8500/ibmcom/istio-grafana-amd64:1.0.0.1 lzj.icp:8500/ibmcom/istio-grafana:1.0.0.1] 324187770} {[lzj.icp:8500/ibmcom/icp-filebeat-amd64@sha256:03af9b78dad6c2ba857975d10c81e781460796dff1ff1163ea4596f4aa10601d lzj.icp:8500/ibmcom/icp-filebeat@sha256:72669dde64d7ab85bbb9e93428efe548b2693a4eae5168a4705f6e30cd20e584 lzj.icp:8500/ibmcom/icp-filebeat-amd64:5.5.1 lzj.icp:8500/ibmcom/icp-filebeat:5.5.1] 317104874} {[lzj.icp:8500/ibmcom/istio-proxyv2-amd64@sha256:cd77e75fa85ce74914e1b7b0bef980ece8a62ef0d776c9ef51a0d7d30b4b64a0 lzj.icp:8500/ibmcom/istio-proxyv2@sha256:9c94d736c8cbb41e2c5b0b672530eee0df6cbb628d57f4ddaec9f4ff4f49ce35 lzj.icp:8500/ibmcom/istio-proxyv2-amd64:1.0.0.1 lzj.icp:8500/ibmcom/istio-proxyv2:1.0.0.1] 311276139} {[lzj.icp:8500/ibmcom/istio-pilot-amd64@sha256:63352073a964037fd37f6150228231d2e5eca7e0c2920405d6269326d3c54263 lzj.icp:8500/ibmcom/istio-pilot@sha256:ad129a4be7b6d1536c384efd03fb570b973b9c77a56a48e6b9cfe192a76c111e lzj.icp:8500/ibmcom/istio-pilot-amd64:1.0.0.1 lzj.icp:8500/ibmcom/istio-pilot:1.0.0.1] 309502004} {[lzj.icp:8500/ibmcom/fluentd-amd64@sha256:384a99b8d941c93f96ee5b5cbae5b70500219a3f71c73cf4eddd20d9d693e3b3 lzj.icp:8500/ibmcom/fluentd@sha256:f85a5ffd86438f1a73d04caf6e33ef3474675d9fa0947431f4d0a9602fc981af lzj.icp:8500/ibmcom/fluentd-amd64:v1.2.2-icp lzj.icp:8500/ibmcom/fluentd:v1.2.2-icp] 270902701} {[lzj.icp:8500/ibmcom/icp-identity-manager-amd64@sha256:632f31acd0fcfc3d0cebea31cfb71018f6712bd1a1b4da7476942b3c23aa3521 lzj.icp:8500/ibmcom/icp-identity-manager@sha256:993462e02a42c15b03722d935809476c8e10e6e0b3a2669eb528081e92a49859 lzj.icp:8500/ibmcom/icp-identity-manager-amd64:3.1.0 lzj.icp:8500/ibmcom/icp-identity-manager:3.1.0] 268667523} {[lzj.icp:8500/ibmcom/elasticsearch-plugin-searchguard-amd64@sha256:28f88d06bbbc073162702064c1be4ad06272e9021cbc0f929ba8c6da2ca25ae6 lzj.icp:8500/ibmcom/elasticsearch-plugin-searchguard@sha256:f47116021e3eec7b2fed9f6ed8bd77fd890457e5a1546dda7f863c032d4395b1 lzj.icp:8500/ibmcom/elasticsearch-plugin-searchguard-amd64:2.0.0 lzj.icp:8500/ibmcom/elasticsearch-plugin-searchguard:2.0.0] 267864279} {[lzj.icp:8500/ibmcom/kiali-amd64@sha256:bec63b454cf2e597c61f6a9943144050e5e6fc7a4f6474bc3bb6b627ba20c71c lzj.icp:8500/ibmcom/kiali@sha256:71a50e9885495157454657bc93842a7310e96e822a4117ad751ad81af83fde5e lzj.icp:8500/ibmcom/kiali-amd64:istio-release-1.0.0.1 lzj.icp:8500/ibmcom/kiali:istio-release-1.0.0.1] 265771300} {[lzj.icp:8500/ibmcom/calico-node-amd64@sha256:9871f4dde9eab9fd804b12f3114da36505ff5c220e2323b7434eec24e3b23ac5 lzj.icp:8500/ibmcom/calico-node@sha256:85a23d8030137d49663d3d82844a61998331606de9fc523dfdd0a75be7fb9828 lzj.icp:8500/ibmcom/calico-node-amd64:v3.1.3 lzj.icp:8500/ibmcom/calico-node:v3.1.3] 248202699} {[lzj.icp:8500/ibmcom/grafana-amd64@sha256:dc3566257a0c716caedfb33127d8ee385290c1dda006bebfb75c376d56b30c88 lzj.icp:8500/ibmcom/grafana@sha256:5d2739d3ec5c7f6ea66d69caa918b764660b99a3d37cb1f4123f1a9623ce8e38 lzj.icp:8500/ibmcom/grafana-amd64:5.2.0 lzj.icp:8500/ibmcom/grafana:5.2.0] 245297582} {[lzj.icp:8500/ibmcom/indices-cleaner-amd64@sha256:e6c6453d54012488e9ebfaa9e4d829f567d8e66b24c1613e6d88ca192ed5e85b lzj.icp:8500/ibmcom/indices-cleaner@sha256:31dac3be1246f17dddade06b517c073244ce56d85bc54135fdaf010dbb0bca10 lzj.icp:8500/ibmcom/indices-cleaner-amd64:1.0.0 lzj.icp:8500/ibmcom/indices-cleaner:1.0.0] 238131553} {[lzj.icp:8500/ibmcom/icp-identity-provider-amd64@sha256:24dba8b07c8295eef99abbf8d83041908516e4e50e4e4cfbbbcd53bdf415dda1 lzj.icp:8500/ibmcom/icp-identity-provider@sha256:b5bf63419b53ba550cad7a1b835d0d0eaae1fde8851c7936f8deb603fef673a6 lzj.icp:8500/ibmcom/icp-identity-provider-amd64:3.1.0 lzj.icp:8500/ibmcom/icp-identity-provider:3.1.0] 224286517} {[lzj.icp:8500/ibmcom/curl-amd64@sha256:aad05b4e4529f7e70516d8d3028cae6cd1d50de738ce164f2a532ce2470ac43f lzj.icp:8500/ibmcom/curl@sha256:adf92a267e351914d041a56d64ebe80331c45f8e20ab23b7ada67bea78da9996 lzj.icp:8500/ibmcom/curl-amd64:4.0.0 lzj.icp:8500/ibmcom/curl:4.0.0] 221192597} {[lzj.icp:8500/ibmcom/icp-audit-service-amd64@sha256:9add202c06a43da647380c860d9139fa059701fe103c1f229281215bf99dbbd3 lzj.icp:8500/ibmcom/icp-audit-service@sha256:7c3d710c31f6f5ae0227edc1599bdf64bc82e4fcd2b3aa8f197148240d2ab01c lzj.icp:8500/ibmcom/icp-audit-service-amd64:3.1.0 lzj.icp:8500/ibmcom/icp-audit-service:3.1.0] 215897363}],VolumesInUse:[],VolumesAttached:[],Config:&amp;NodeConfigStatus{Assigned:nil,Active:nil,LastKnownGood:nil,Error:,},},}&#xA;Sep 19 07:31:17.420: INFO: &#xA;Logging kubelet events for node 10.46.6.172&#xA;Sep 19 07:31:17.425: INFO: &#xA;Logging pods the kubelet thinks is on node 10.46.6.172&#xA;Sep 19 07:31:17.487: INFO: nvidia-device-plugin-w9jr8 started at 2018-09-17 07:07:17 +0000 UTC (1+1 container statuses recorded)&#xA;Sep 19 07:31:17.487: INFO: &#x9;Init container nvidia-driver-collector ready: true, restart count 0&#xA;Sep 19 07:31:17.487: INFO: &#x9;Container nvidia-device-plugin ready: true, restart count 0&#xA;Sep 19 07:31:17.487: INFO: metering-reader-gsrdg started at 2018-09-17 07:14:11 +0000 UTC (1+1 container statuses recorded)&#xA;Sep 19 07:31:17.487: INFO: &#x9;Init container metering-reader-init ready: true, restart count 1&#xA;Sep 19 07:31:17.487: INFO: &#x9;Container metering-reader ready: true, restart count 0&#xA;Sep 19 07:31:17.487: INFO: logging-elk-filebeat-ds-vpk48 started at 2018-09-17 07:15:20 +0000 UTC (0+1 container statuses recorded)&#xA;Sep 19 07:31:17.487: INFO: &#x9;Container filebeat ready: true, restart count 0&#xA;Sep 19 07:31:17.487: INFO: vulnerability-advisor-password-annotator-79b5d794b5-wnwqn started at 2018-09-17 07:19:05 +0000 UTC (0+1 container statuses recorded)&#xA;Sep 19 07:31:17.487: INFO: &#x9;Container config-parser ready: true, restart count 3&#xA;Sep 19 07:31:17.487: INFO: vulnerability-advisor-vulnerability-annotator-bcbf5595f-hxwst started at 2018-09-17 07:19:10 +0000 UTC (0+1 container statuses recorded)&#xA;Sep 19 07:31:17.487: INFO: &#x9;Container va-annotator ready: true, restart count 3&#xA;Sep 19 07:31:17.487: INFO: vulnerability-advisor-minio-0 started at 2018-09-17 07:19:16 +0000 UTC (1+1 container statuses recorded)&#xA;Sep 19 07:31:17.487: INFO: &#x9;Init container wait-kafka ready: true, restart count 1&#xA;Sep 19 07:31:17.487: INFO: &#x9;Container minio-server ready: true, restart count 0&#xA;Sep 19 07:31:17.487: INFO: audit-logging-fluentd-ds-8bh4t started at 2018-09-17 07:18:46 +0000 UTC (0+1 container statuses recorded)&#xA;Sep 19 07:31:17.487: INFO: &#x9;Container fluentd ready: true, restart count 0&#xA;Sep 19 07:31:17.487: INFO: vulnerability-advisor-live-crawler-84st2 started at 2018-09-17 07:19:03 +0000 UTC (0+1 container statuses recorded)&#xA;Sep 19 07:31:17.487: INFO: &#x9;Container live-crawler ready: true, restart count 0&#xA;Sep 19 07:31:17.487: INFO: vulnerability-advisor-process-ma-annotator-58f47d5b5f-xbxrc started at 2018-09-17 07:19:06 +0000 UTC (0+2 container statuses recorded)&#xA;Sep 19 07:31:17.487: INFO: &#x9;Container icp-audit-service ready: true, restart count 0&#xA;Sep 19 07:31:17.487: INFO: &#x9;Container process-ma-annotator ready: true, restart count 2&#xA;Sep 19 07:31:17.487: INFO: vulnerability-advisor-compliance-indexer-7cbdc64b57-47lmd started at 2018-09-17 07:19:07 +0000 UTC (0+1 container statuses recorded)&#xA;Sep 19 07:31:17.487: INFO: &#x9;Container py-compliance-indexer ready: true, restart count 0&#xA;Sep 19 07:31:17.487: INFO: vulnerability-advisor-minio-cleaner-1537228740-55f4w started at 2018-09-17 23:59:03 +0000 UTC (0+1 container statuses recorded)&#xA;Sep 19 07:31:17.487: INFO: &#x9;Container cleaner ready: false, restart count 0&#xA;Sep 19 07:31:17.487: INFO: k8s-proxy-10.46.6.172 started at &lt;nil&gt; (0+0 container statuses recorded)&#xA;Sep 19 07:31:17.488: INFO: vulnerability-advisor-process-ma-crawler-24z6k started at 2018-09-17 07:19:03 +0000 UTC (0+1 container statuses recorded)&#xA;Sep 19 07:31:17.488: INFO: &#x9;Container process-ma-crawler ready: true, restart count 0&#xA;Sep 19 07:31:17.488: INFO: vulnerability-advisor-config-parser-5d44b78fd5-z4k9t started at 2018-09-17 07:19:04 +0000 UTC (0+1 container statuses recorded)&#xA;Sep 19 07:31:17.488: INFO: &#x9;Container config-parser ready: true, restart count 4&#xA;Sep 19 07:31:17.488: INFO: vulnerability-advisor-notification-dispatcher-86f8bf4b4d-cfdzb started at 2018-09-17 07:19:04 +0000 UTC (0+1 container statuses recorded)&#xA;Sep 19 07:31:17.488: INFO: &#x9;Container notification-dispatcher ready: true, restart count 3&#xA;Sep 19 07:31:17.488: INFO: vulnerability-advisor-process-ma-annotator-init-869545d547nn27w started at 2018-09-17 07:19:06 +0000 UTC (0+1 container statuses recorded)&#xA;Sep 19 07:31:17.488: INFO: &#x9;Container process-ma-annotator ready: true, restart count 0&#xA;Sep 19 07:31:17.488: INFO: vulnerability-advisor-process-ma-annotator-58f47d5b5f-4wglg started at 2018-09-17 07:19:06 +0000 UTC (0+2 container statuses recorded)&#xA;Sep 19 07:31:17.488: INFO: &#x9;Container icp-audit-service ready: true, restart count 0&#xA;Sep 19 07:31:17.488: INFO: &#x9;Container process-ma-annotator ready: true, restart count 1&#xA;Sep 19 07:31:17.488: INFO: vulnerability-advisor-rootkit-indexer-cd8b4646b-xlhwq started at 2018-09-17 07:19:07 +0000 UTC (0+1 container statuses recorded)&#xA;Sep 19 07:31:17.488: INFO: &#x9;Container py-rootkit-indexer ready: true, restart count 0&#xA;Sep 19 07:31:17.488: INFO: vulnerability-advisor-secconfig-indexer-674647df7c-qq5ff started at 2018-09-17 07:19:07 +0000 UTC (0+1 container statuses recorded)&#xA;Sep 19 07:31:17.488: INFO: &#x9;Container py-secconfig-indexer ready: true, restart count 0&#xA;Sep 19 07:31:17.488: INFO: vulnerability-advisor-registry-crawler-6f9568677b-bfpm6 started at 2018-09-17 07:19:08 +0000 UTC (0+1 container statuses recorded)&#xA;Sep 19 07:31:17.488: INFO: &#x9;Container reg-crawler ready: true, restart count 0&#xA;Sep 19 07:31:17.488: INFO: vulnerability-advisor-minio-cleaner-1537315140-nqk7v started at 2018-09-18 23:59:04 +0000 UTC (0+1 container statuses recorded)&#xA;Sep 19 07:31:17.488: INFO: &#x9;Container cleaner ready: false, restart count 0&#xA;Sep 19 07:31:17.488: INFO: vulnerability-advisor-ma-file-annotator-6b95df8886-jtczz started at 2018-09-17 07:19:04 +0000 UTC (0+2 container statuses recorded)&#xA;Sep 19 07:31:17.488: INFO: &#x9;Container icp-audit-service ready: true, restart count 0&#xA;Sep 19 07:31:17.488: INFO: &#x9;Container vulnerability-advisor-ma-file-annotator ready: true, restart count 1&#xA;Sep 19 07:31:17.488: INFO: vulnerability-advisor-sas-apiserver-5fd8d44bc9-7bvkn started at 2018-09-17 07:19:09 +0000 UTC (0+3 container statuses recorded)&#xA;Sep 19 07:31:17.488: INFO: &#x9;Container icp-audit-service ready: true, restart count 0&#xA;Sep 19 07:31:17.488: INFO: &#x9;Container sas-api-server ready: true, restart count 0&#xA;Sep 19 07:31:17.488: INFO: &#x9;Container sas-proxy-server ready: true, restart count 0&#xA;Sep 19 07:31:17.488: INFO: vulnerability-advisor-zookeeper-0 started at 2018-09-17 07:19:15 +0000 UTC (0+1 container statuses recorded)&#xA;Sep 19 07:31:17.488: INFO: &#x9;Container zookeeper-server ready: true, restart count 0&#xA;Sep 19 07:31:17.488: INFO: vulnerability-advisor-compliance-annotator-d5659b9d9-kmn8q started at 2018-09-17 07:19:03 +0000 UTC (0+1 container statuses recorded)&#xA;Sep 19 07:31:17.488: INFO: &#x9;Container compliance-annotator ready: true, restart count 4&#xA;Sep 19 07:31:17.488: INFO: vulnerability-advisor-rootkit-annotator-74cb65b5cf-2dk5j started at 2018-09-17 07:19:08 +0000 UTC (0+1 container statuses recorded)&#xA;Sep 19 07:31:17.488: INFO: &#x9;Container rootkit-annotator ready: true, restart count 3&#xA;Sep 19 07:31:17.488: INFO: vulnerability-advisor-sas-mgmt-64fb95bc44-j9vjc started at 2018-09-17 07:19:08 +0000 UTC (0+1 container statuses recorded)&#xA;Sep 19 07:31:17.488: INFO: &#x9;Container sas-mgmt-server ready: true, restart count 0&#xA;Sep 19 07:31:17.488: INFO: monitoring-prometheus-nodeexporter-v4l7d started at 2018-09-17 07:15:44 +0000 UTC (0+2 container statuses recorded)&#xA;Sep 19 07:31:17.488: INFO: &#x9;Container nodeexporter ready: true, restart count 0&#xA;Sep 19 07:31:17.488: INFO: &#x9;Container router ready: true, restart count 0&#xA;Sep 19 07:31:17.488: INFO: vulnerability-advisor-vulnerability-indexer-7c79b4c964-2n8cg started at 2018-09-17 07:19:07 +0000 UTC (0+1 container statuses recorded)&#xA;Sep 19 07:31:17.488: INFO: &#x9;Container py-vulnerability-indexer ready: true, restart count 0&#xA;Sep 19 07:31:17.488: INFO: vulnerability-advisor-secconfig-annotator-7dbcf5d9f4-fkmkb started at 2018-09-17 07:19:10 +0000 UTC (0+1 container statuses recorded)&#xA;Sep 19 07:31:17.488: INFO: &#x9;Container secconfig-annotator ready: true, restart count 0&#xA;Sep 19 07:31:17.488: INFO: vulnerability-advisor-statsd-7746859df4-jjm6f started at 2018-09-17 07:19:10 +0000 UTC (0+1 container statuses recorded)&#xA;Sep 19 07:31:17.488: INFO: &#x9;Container statsd ready: true, restart count 0&#xA;Sep 19 07:31:17.488: INFO: vulnerability-advisor-usncrawler-8h976 started at 2018-09-17 07:19:11 +0000 UTC (0+1 container statuses recorded)&#xA;Sep 19 07:31:17.488: INFO: &#x9;Container usnloader-job ready: false, restart count 0&#xA;Sep 19 07:31:17.488: INFO: calico-node-wsknj started at 2018-09-17 07:05:53 +0000 UTC (0+2 container statuses recorded)&#xA;Sep 19 07:31:17.488: INFO: &#x9;Container calico-node ready: true, restart count 0&#xA;Sep 19 07:31:17.488: INFO: &#x9;Container install-cni ready: true, restart count 0&#xA;Sep 19 07:31:17.488: INFO: vulnerability-advisor-cos-indexer-57899b7dd6-7cpf8 started at 2018-09-17 07:19:04 +0000 UTC (0+1 container statuses recorded)&#xA;Sep 19 07:31:17.488: INFO: &#x9;Container cos-indexer ready: true, restart count 3&#xA;Sep 19 07:31:17.488: INFO: vulnerability-advisor-kafka-0 started at 2018-09-17 07:19:13 +0000 UTC (0+1 container statuses recorded)&#xA;Sep 19 07:31:17.488: INFO: &#x9;Container kafka-server ready: true, restart count 2&#xA;Sep 19 07:31:17.527: INFO: &#xA;Latency metrics for node 10.46.6.172&#xA;Sep 19 07:31:17.527: INFO: &#xA;Logging node info for node 10.46.6.173&#xA;Sep 19 07:31:17.532: INFO: Node Info: &amp;Node{ObjectMeta:k8s_io_apimachinery_pkg_apis_meta_v1.ObjectMeta{Name:10.46.6.173,GenerateName:,Namespace:,SelfLink:/api/v1/nodes/10.46.6.173,UID:3dc7268b-ba44-11e8-b20e-fa163e707b2e,ResourceVersion:455245,Generation:0,CreationTimestamp:2018-09-17 06:38:09 +0000 UTC,DeletionTimestamp:&lt;nil&gt;,DeletionGracePeriodSeconds:nil,Labels:map[string]string{beta.kubernetes.io/arch: amd64,beta.kubernetes.io/os: linux,etcd: true,kubernetes.io/hostname: 10.46.6.173,master: true,node-role.kubernetes.io/etcd: true,node-role.kubernetes.io/master: true,node-role.kubernetes.io/proxy: true,proxy: true,role: master,},Annotations:map[string]string{node.alpha.kubernetes.io/ttl: 0,volumes.kubernetes.io/controller-managed-attach-detach: true,},OwnerReferences:[],Finalizers:[],ClusterName:,Initializers:nil,},Spec:NodeSpec{PodCIDR:,DoNotUse_ExternalID:,ProviderID:,Unschedulable:false,Taints:[{dedicated proxy NoSchedule &lt;nil&gt;}],ConfigSource:nil,},Status:NodeStatus{Capacity:ResourceList{cpu: {{32 0} {&lt;nil&gt;} 32 DecimalSI},ephemeral-storage: {{107362627584 0} {&lt;nil&gt;} 104846316Ki BinarySI},hugepages-1Gi: {{0 0} {&lt;nil&gt;} 0 DecimalSI},hugepages-2Mi: {{0 0} {&lt;nil&gt;} 0 DecimalSI},memory: {{135202160640 0} {&lt;nil&gt;}  BinarySI},pods: {{320 0} {&lt;nil&gt;} 320 DecimalSI},},Allocatable:ResourceList{cpu: {{32 0} {&lt;nil&gt;} 32 DecimalSI},ephemeral-storage: {{107257769984 0} {&lt;nil&gt;} 104743916Ki BinarySI},hugepages-1Gi: {{0 0} {&lt;nil&gt;} 0 DecimalSI},hugepages-2Mi: {{0 0} {&lt;nil&gt;} 0 DecimalSI},memory: {{135097303040 0} {&lt;nil&gt;}  BinarySI},pods: {{320 0} {&lt;nil&gt;} 320 DecimalSI},},Phase:,Conditions:[{OutOfDisk False 2018-09-19 07:31:08 +0000 UTC 2018-09-17 06:38:09 +0000 UTC KubeletHasSufficientDisk kubelet has sufficient disk space available} {MemoryPressure False 2018-09-19 07:31:08 +0000 UTC 2018-09-17 06:38:09 +0000 UTC KubeletHasSufficientMemory kubelet has sufficient memory available} {DiskPressure False 2018-09-19 07:31:08 +0000 UTC 2018-09-17 06:38:09 +0000 UTC KubeletHasNoDiskPressure kubelet has no disk pressure} {PIDPressure False 2018-09-19 07:31:08 +0000 UTC 2018-09-17 06:38:09 +0000 UTC KubeletHasSufficientPID kubelet has sufficient PID available} {Ready True 2018-09-19 07:31:08 +0000 UTC 2018-09-17 07:06:09 +0000 UTC KubeletReady kubelet is posting ready status}],Addresses:[{InternalIP 10.46.6.173} {Hostname 10.46.6.173}],DaemonEndpoints:NodeDaemonEndpoints{KubeletEndpoint:DaemonEndpoint{Port:10250,},},NodeInfo:NodeSystemInfo{MachineID:52ca0d2c3fb341c79b059a96d10571a6,SystemUUID:DA83D170-F88E-40EB-A0A3-2918CD5F6005,BootID:806b09ea-0a42-4719-bbaa-13e375c7b62f,KernelVersion:3.10.0-862.9.1.el7.x86_64,OSImage:Red Hat Enterprise Linux,ContainerRuntimeVersion:docker://18.3.1,KubeletVersion:v1.11.1+icp-ee,KubeProxyVersion:v1.11.1+icp-ee,OperatingSystem:linux,Architecture:amd64,},Images:[{[lzj.icp:8500/ibmcom/statsd-amd64@sha256:5ee11bc24bced45a77d9d630348680f319c09d9d3b2230b04518d1e2a5263ae2 lzj.icp:8500/ibmcom/statsd-amd64:0.7.2.1 lzj.icp:8500/ibmcom/statsd:0.7.2.1] 1234731808} {[lzj.icp:8500/ibmcom/kafka-amd64@sha256:0d6d348ccd7aa2854d60791331280e58db92029a522c8bfb3eb40c7c0913ca8f lzj.icp:8500/ibmcom/kafka-amd64:0.10.0.2 lzj.icp:8500/ibmcom/kafka:0.10.0.2] 1114805679} {[lzj.icp:8500/ibmcom/iam-token-service-amd64@sha256:9211161e5b5b9d892a99b46fad4429333ceb7143b4039419df7ea0efa36381a9 lzj.icp:8500/ibmcom/iam-token-service-amd64:3.1.0 lzj.icp:8500/ibmcom/iam-token-service:3.1.0] 1051060152} {[lzj.icp:8500/ibmcom/icp-platform-auth-amd64@sha256:abc258009b8696a83214b7a9d9df63f6d83e19cfca2987c4836b0eadfa4c99c7 lzj.icp:8500/ibmcom/icp-platform-auth-amd64:3.1.0 lzj.icp:8500/ibmcom/icp-platform-auth:3.1.0] 1028283742} {[lzj.icp:8500/ibmcom/reg-crawler-amd64@sha256:9e5d4ebbac3dd6cbf9f892b5bd634f89fae3d4b2e6a23debd3ecd322e3eb817e lzj.icp:8500/ibmcom/reg-crawler-amd64:1.3.1 lzj.icp:8500/ibmcom/reg-crawler:1.3.1] 1007817363} {[lzj.icp:8500/ibmcom/live-crawler-amd64@sha256:37a79ec87bd3c8b9af25cf1e25f4f14281ffb9f5ebeaf61c0b7c8a5799baf782 lzj.icp:8500/ibmcom/live-crawler-amd64:1.3.1 lzj.icp:8500/ibmcom/live-crawler:1.3.1] 987515538} {[lzj.icp:8500/ibmcom/cos-indexer-amd64@sha256:adf28ff960ebdcbfcfa5e4522b81aa3565338f8d640dad611a1c3f0d3894393b lzj.icp:8500/ibmcom/cos-indexer-amd64:1.3.1 lzj.icp:8500/ibmcom/cos-indexer:1.3.1] 846578165} {[lzj.icp:8500/ibmcom/secure-config-annotator-amd64@sha256:26e845c6a252e0c5ae73e764645993b3270e289d1a2e9784b06ddd7898ca45d9 lzj.icp:8500/ibmcom/secure-config-annotator-amd64:1.3.1 lzj.icp:8500/ibmcom/secure-config-annotator:1.3.1] 835555196} {[lzj.icp:8500/ibmcom/hyperkube-amd64@sha256:9eaadf7c2a417ee2a9a219e2eadf21884742199a484be2ca737f0e8a178d490a lzj.icp:8500/ibmcom/hyperkube-amd64:v1.11.1-ee lzj.icp:8500/ibmcom/hyperkube:v1.11.1-ee] 782626408} {[lzj.icp:8500/ibmcom/compliance-annotator-amd64@sha256:5d8bbbef3a7dc54ba9addb256d2aa8a3f7d5c27a454ff4b7ee583b217dac2ce4 lzj.icp:8500/ibmcom/compliance-annotator-amd64:1.3.1 lzj.icp:8500/ibmcom/compliance-annotator:1.3.1] 773932738} {[lzj.icp:8500/ibmcom/icp-logstash-amd64@sha256:02a683ee6ad9eeed7ea8ebb1de713aaf902a9e20a39ccc0294ee1f947f1bbd73 lzj.icp:8500/ibmcom/icp-logstash-amd64:5.5.1 lzj.icp:8500/ibmcom/icp-logstash:5.5.1] 764906887} {[lzj.icp:8500/ibmcom/process-ma-hf-amd64@sha256:ef0d164350d07600f8037082db7d98cf81b9c554d8a60692ae90b8d0239a8cdc lzj.icp:8500/ibmcom/process-ma-hf-amd64:1.3.1 lzj.icp:8500/ibmcom/process-ma-hf:1.3.1] 758635128} {[lzj.icp:8500/ibmcom/vulnerability-annotator-amd64@sha256:febedf85b65e0d1800e67249274d474d4ce67e8041e81487f76bce727cb39bd4 lzj.icp:8500/ibmcom/vulnerability-annotator-amd64:1.3.1 lzj.icp:8500/ibmcom/vulnerability-annotator:1.3.1] 757013017} {[lzj.icp:8500/ibmcom/py-generic-indexer-amd64@sha256:45cb17e23e15f4dfe44471309af12f0655aad5f8e859c718f393290f220b02b2 lzj.icp:8500/ibmcom/py-generic-indexer-amd64:1.3.1 lzj.icp:8500/ibmcom/py-generic-indexer:1.3.1] 755588945} {[lzj.icp:8500/ibmcom/icp-inception-amd64@sha256:1dad180d14ae732d17ca5cf41b87dbb316c072323f186d60a08a753f904eb5b2 ibmcom/icp-inception-amd64:3.1.0-ee lzj.icp:8500/ibmcom/icp-inception-amd64:3.1.0-ee lzj.icp:8500/ibmcom/icp-inception:3.1.0-ee] 744155119} {[lzj.icp:8500/ibmcom/config-parser-amd64@sha256:7d721e0b5a827921ac16fa9e7570db225211e6dd700cdeaba1d28ba02ff8ef6d lzj.icp:8500/ibmcom/config-parser-amd64:1.3.1 lzj.icp:8500/ibmcom/config-parser:1.3.1] 739243486} {[lzj.icp:8500/ibmcom/iam-policy-administration-amd64@sha256:e1941aa09a5b692505cb3be3e497d3ff9acb900786b9a2c8c4c00d0243b37dd0 lzj.icp:8500/ibmcom/iam-policy-administration-amd64:3.1.0 lzj.icp:8500/ibmcom/iam-policy-administration:3.1.0] 711947327} {[lzj.icp:8500/ibmcom/password-annotator-amd64@sha256:bca1b6b222d8ea8ade174a8cc1a549f161d75d3e9d69881f08a1fb316a8e27d3 lzj.icp:8500/ibmcom/password-annotator-amd64:1.3.1 lzj.icp:8500/ibmcom/password-annotator:1.3.1] 707627907} {[lzj.icp:8500/ibmcom/notification-dispatcher-amd64@sha256:ec8dfbc351a0d758488f9f8bfa17c3182a5c02819a6ebf7144ab914a2233cf57 lzj.icp:8500/ibmcom/notification-dispatcher-amd64:1.3.1 lzj.icp:8500/ibmcom/notification-dispatcher:1.3.1] 707588442} {[lzj.icp:8500/ibmcom/sas-base-amd64@sha256:9651b1149c62d5a0968aaeffe71f2da68cd7e07ff8d7ea67538278c00ab08457 lzj.icp:8500/ibmcom/sas-base-amd64:1.3.1 lzj.icp:8500/ibmcom/sas-base:1.3.1] 653746081} {[lzj.icp:8500/ibmcom/ma-file-annotator-amd64@sha256:8caa6280fd845fd524ad874a6b243510ebf085d58c989229020fcfc743492632 lzj.icp:8500/ibmcom/ma-file-annotator-amd64:1.3.1 lzj.icp:8500/ibmcom/ma-file-annotator:1.3.1] 653745236} {[lzj.icp:8500/ibmcom/icp-kibana-amd64@sha256:8b69887ac5297e1d2e68b9c2ce885b9a888f6c278ca1538acb0f03206b48502a lzj.icp:8500/ibmcom/icp-kibana-amd64:5.5.1 lzj.icp:8500/ibmcom/icp-kibana:5.5.1] 639622018} {[lzj.icp:8500/ibmcom/icp-platform-api-amd64@sha256:1fc47925c2611aef12631b3f3806308f55a298074aebc561fd04cf8a7691c669 lzj.icp:8500/ibmcom/icp-platform-api-amd64:3.1.0 lzj.icp:8500/ibmcom/icp-platform-api:3.1.0] 612589125} {[lzj.icp:8500/ibmcom/iam-policy-decision-amd64@sha256:d49eb3845c57bb8370a477949d92da10a178b81ade50f0e9d970981fadd6686d lzj.icp:8500/ibmcom/iam-policy-decision-amd64:3.1.0 lzj.icp:8500/ibmcom/iam-policy-decision:3.1.0] 559718344} {[lzj.icp:8500/ibmcom/rootkit-annotator-amd64@sha256:caf6c24136b8785d901f346a640d673b55fe105c3617cfcb432ee2006f5b1cf4 lzj.icp:8500/ibmcom/rootkit-annotator-amd64:1.3.1 lzj.icp:8500/ibmcom/rootkit-annotator:1.3.1] 549434506} {[lzj.icp:8500/ibmcom/icp-elasticsearch-amd64@sha256:0063a7a931ca4e52d8f7a51f2bdb010345f4373b5b904b52e5c8a48ec0c1fde7 lzj.icp:8500/ibmcom/icp-elasticsearch-amd64:5.5.1 lzj.icp:8500/ibmcom/icp-elasticsearch:5.5.1] 520121248} {[lzj.icp:8500/ibmcom/logging-pki-init-amd64@sha256:cc4bfa085e1ae99120ee526acd3e62d205e10de6f1c773c521fc5b933914f6a8 lzj.icp:8500/ibmcom/logging-pki-init-amd64:2.0.0 lzj.icp:8500/ibmcom/logging-pki-init:2.0.0] 501921135} {[lzj.icp:8500/ibmcom/searchguard-init-amd64@sha256:d19ce1d27f406945d4ed78b0f07007998c2ab3889086e502924847c2186db546 lzj.icp:8500/ibmcom/searchguard-init-amd64:2.0.0 lzj.icp:8500/ibmcom/searchguard-init:2.0.0] 457030441} {[lzj.icp:8500/ibmcom/metering-ui-amd64@sha256:3628a8fe41183c08ea0b02e2e798e3649e4aebe2c2405c34572b9eb7c7c4d9a8 lzj.icp:8500/ibmcom/metering-ui-amd64:3.1.0 lzj.icp:8500/ibmcom/metering-ui:3.1.0] 385577105} {[lzj.icp:8500/ibmcom/heketi-amd64@sha256:c5b579a4f219c87990f861eb61de86cb9cfb51b6d230b8c299df7d9fd3d02d0e lzj.icp:8500/ibmcom/heketi-amd64:v7.0.0 lzj.icp:8500/ibmcom/heketi:v7.0.0] 384720377} {[lzj.icp:8500/ibmcom/icp-mongodb-amd64@sha256:a305ae8bc309898d86bf60aee968846db3602f77b25924640d5f08a2389ee99d lzj.icp:8500/ibmcom/icp-mongodb-amd64:3.1.0 lzj.icp:8500/ibmcom/icp-mongodb:3.1.0] 379353410} {[lzj.icp:8500/ibmcom/icp-catalog-ui-amd64@sha256:33993b4eab189e3c78fe27799017da770d47523cf6831460741008bf91297d6d lzj.icp:8500/ibmcom/icp-catalog-ui-amd64:3.1.0 lzj.icp:8500/ibmcom/icp-catalog-ui:3.1.0] 363781304} {[lzj.icp:8500/ibmcom/nginx-ingress-controller-amd64@sha256:63b48dd3ba635aa65409f7d6a319e293697810c1b9e885e6255bebf36a2506ab lzj.icp:8500/ibmcom/nginx-ingress-controller-amd64:0.16.2 lzj.icp:8500/ibmcom/nginx-ingress-controller:0.16.2] 361632894} {[lzj.icp:8500/ibmcom/mariadb-amd64@sha256:1f9876179c32fcf463804f75cbf2fb031106edf2be9d5dbf6705375ca53930bb lzj.icp:8500/ibmcom/mariadb-amd64:10.2.17 lzj.icp:8500/ibmcom/mariadb:10.2.17] 358991946} {[lzj.icp:8500/ibmcom/k8szk-amd64@sha256:a9ee22a4df14654552a02303e4560623244683692fd298dd2fb71e9dd66219f3 lzj.icp:8500/ibmcom/k8szk-amd64:v3 lzj.icp:8500/ibmcom/k8szk:v3] 331472973} {[lzj.icp:8500/ibmcom/gluster-amd64@sha256:647caedb536eb7b8c5c8b0a2b69e52d2a34be9e6c9c7b9c1b21d14fcfa261886 lzj.icp:8500/ibmcom/gluster-amd64:v4.0.2 lzj.icp:8500/ibmcom/gluster:v4.0.2] 324265531} {[lzj.icp:8500/ibmcom/istio-grafana-amd64@sha256:381a2dd3a5addbc5d43920bc19bb15ba6dbd422e4a9d91163108e72c5a63234c lzj.icp:8500/ibmcom/istio-grafana-amd64:1.0.0.1 lzj.icp:8500/ibmcom/istio-grafana:1.0.0.1] 324187770} {[lzj.icp:8500/ibmcom/icp-filebeat-amd64@sha256:03af9b78dad6c2ba857975d10c81e781460796dff1ff1163ea4596f4aa10601d lzj.icp:8500/ibmcom/icp-filebeat-amd64:5.5.1 lzj.icp:8500/ibmcom/icp-filebeat:5.5.1] 317104874} {[lzj.icp:8500/ibmcom/istio-proxyv2-amd64@sha256:cd77e75fa85ce74914e1b7b0bef980ece8a62ef0d776c9ef51a0d7d30b4b64a0 lzj.icp:8500/ibmcom/istio-proxyv2-amd64:1.0.0.1 lzj.icp:8500/ibmcom/istio-proxyv2:1.0.0.1] 311276139} {[lzj.icp:8500/ibmcom/istio-pilot-amd64@sha256:63352073a964037fd37f6150228231d2e5eca7e0c2920405d6269326d3c54263 lzj.icp:8500/ibmcom/istio-pilot-amd64:1.0.0.1 lzj.icp:8500/ibmcom/istio-pilot:1.0.0.1] 309502004} {[lzj.icp:8500/ibmcom/fluentd-amd64@sha256:384a99b8d941c93f96ee5b5cbae5b70500219a3f71c73cf4eddd20d9d693e3b3 lzj.icp:8500/ibmcom/fluentd-amd64:v1.2.2-icp lzj.icp:8500/ibmcom/fluentd:v1.2.2-icp] 270902701} {[lzj.icp:8500/ibmcom/icp-identity-manager-amd64@sha256:632f31acd0fcfc3d0cebea31cfb71018f6712bd1a1b4da7476942b3c23aa3521 lzj.icp:8500/ibmcom/icp-identity-manager-amd64:3.1.0 lzj.icp:8500/ibmcom/icp-identity-manager:3.1.0] 268667523} {[lzj.icp:8500/ibmcom/elasticsearch-plugin-searchguard-amd64@sha256:28f88d06bbbc073162702064c1be4ad06272e9021cbc0f929ba8c6da2ca25ae6 lzj.icp:8500/ibmcom/elasticsearch-plugin-searchguard-amd64:2.0.0 lzj.icp:8500/ibmcom/elasticsearch-plugin-searchguard:2.0.0] 267864279} {[lzj.icp:8500/ibmcom/kiali-amd64@sha256:bec63b454cf2e597c61f6a9943144050e5e6fc7a4f6474bc3bb6b627ba20c71c lzj.icp:8500/ibmcom/kiali-amd64:istio-release-1.0.0.1 lzj.icp:8500/ibmcom/kiali:istio-release-1.0.0.1] 265771300} {[lzj.icp:8500/ibmcom/calico-node-amd64@sha256:9871f4dde9eab9fd804b12f3114da36505ff5c220e2323b7434eec24e3b23ac5 lzj.icp:8500/ibmcom/calico-node-amd64:v3.1.3 lzj.icp:8500/ibmcom/calico-node:v3.1.3] 248202699} {[lzj.icp:8500/ibmcom/grafana-amd64@sha256:dc3566257a0c716caedfb33127d8ee385290c1dda006bebfb75c376d56b30c88 lzj.icp:8500/ibmcom/grafana-amd64:5.2.0 lzj.icp:8500/ibmcom/grafana:5.2.0] 245297582} {[lzj.icp:8500/ibmcom/indices-cleaner-amd64@sha256:e6c6453d54012488e9ebfaa9e4d829f567d8e66b24c1613e6d88ca192ed5e85b lzj.icp:8500/ibmcom/indices-cleaner-amd64:1.0.0 lzj.icp:8500/ibmcom/indices-cleaner:1.0.0] 238131553} {[lzj.icp:8500/ibmcom/icp-identity-provider-amd64@sha256:24dba8b07c8295eef99abbf8d83041908516e4e50e4e4cfbbbcd53bdf415dda1 lzj.icp:8500/ibmcom/icp-identity-provider-amd64:3.1.0 lzj.icp:8500/ibmcom/icp-identity-provider:3.1.0] 224286517} {[lzj.icp:8500/ibmcom/curl-amd64@sha256:aad05b4e4529f7e70516d8d3028cae6cd1d50de738ce164f2a532ce2470ac43f lzj.icp:8500/ibmcom/curl-amd64:4.0.0 lzj.icp:8500/ibmcom/curl:4.0.0] 221192597} {[lzj.icp:8500/ibmcom/icp-audit-service-amd64@sha256:9add202c06a43da647380c860d9139fa059701fe103c1f229281215bf99dbbd3 lzj.icp:8500/ibmcom/icp-audit-service-amd64:3.1.0 lzj.icp:8500/ibmcom/icp-audit-service:3.1.0] 215897363}],VolumesInUse:[],VolumesAttached:[],Config:&amp;NodeConfigStatus{Assigned:nil,Active:nil,LastKnownGood:nil,Error:,},},}&#xA;Sep 19 07:31:17.532: INFO: &#xA;Logging kubelet events for node 10.46.6.173&#xA;Sep 19 07:31:17.536: INFO: &#xA;Logging pods the kubelet thinks is on node 10.46.6.173&#xA;Sep 19 07:31:17.571: INFO: unified-router-lkwnl started at 2018-09-17 07:15:31 +0000 UTC (0+1 container statuses recorded)&#xA;Sep 19 07:31:17.571: INFO: &#x9;Container unified-router ready: true, restart count 0&#xA;Sep 19 07:31:17.571: INFO: istio-ingressgateway-7bc96d6585-smf45 started at 2018-09-17 07:17:28 +0000 UTC (0+1 container statuses recorded)&#xA;Sep 19 07:31:17.571: INFO: &#x9;Container istio-ingressgateway ready: true, restart count 0&#xA;Sep 19 07:31:17.571: INFO: tiller-deploy-6b58875cb-5l8kh started at 2018-09-17 07:05:28 +0000 UTC (0+1 container statuses recorded)&#xA;Sep 19 07:31:17.571: INFO: &#x9;Container tiller ready: true, restart count 0&#xA;Sep 19 07:31:17.571: INFO: platform-ui-6fjgx started at 2018-09-17 07:14:34 +0000 UTC (0+1 container statuses recorded)&#xA;Sep 19 07:31:17.571: INFO: &#x9;Container platform-ui ready: true, restart count 0&#xA;Sep 19 07:31:17.571: INFO: monitoring-prometheus-nodeexporter-f84fv started at 2018-09-17 07:15:45 +0000 UTC (0+2 container statuses recorded)&#xA;Sep 19 07:31:17.571: INFO: &#x9;Container nodeexporter ready: true, restart count 0&#xA;Sep 19 07:31:17.571: INFO: &#x9;Container router ready: true, restart count 0&#xA;Sep 19 07:31:17.571: INFO: prometheus-6f98d89664-wh7pb started at 2018-09-17 07:17:31 +0000 UTC (0+1 container statuses recorded)&#xA;Sep 19 07:31:17.571: INFO: &#x9;Container prometheus ready: true, restart count 0&#xA;Sep 19 07:31:17.571: INFO: vulnerability-advisor-live-crawler-p6khc started at 2018-09-17 07:19:02 +0000 UTC (0+1 container statuses recorded)&#xA;Sep 19 07:31:17.571: INFO: &#x9;Container live-crawler ready: true, restart count 0&#xA;Sep 19 07:31:17.571: INFO: default-backend-54966589c4-4d47g started at 2018-09-17 07:08:29 +0000 UTC (0+1 container statuses recorded)&#xA;Sep 19 07:31:17.571: INFO: &#x9;Container default-backend ready: true, restart count 0&#xA;Sep 19 07:31:17.571: INFO: oidc-client-registration-szxrk started at 2018-09-17 07:10:05 +0000 UTC (0+1 container statuses recorded)&#xA;Sep 19 07:31:17.571: INFO: &#x9;Container oidc-client-registration ready: false, restart count 0&#xA;Sep 19 07:31:17.571: INFO: kiali-7f8c59df94-25qmq started at 2018-09-17 07:17:27 +0000 UTC (0+1 container statuses recorded)&#xA;Sep 19 07:31:17.571: INFO: &#x9;Container kiali ready: true, restart count 0&#xA;Sep 19 07:31:17.571: INFO: service-catalog-apiserver-967x9 started at 2018-09-17 07:08:20 +0000 UTC (0+1 container statuses recorded)&#xA;Sep 19 07:31:17.571: INFO: &#x9;Container apiserver ready: true, restart count 0&#xA;Sep 19 07:31:17.571: INFO: auth-pdp-tk2jm started at 2018-09-17 07:10:28 +0000 UTC (5+2 container statuses recorded)&#xA;Sep 19 07:31:17.571: INFO: &#x9;Init container init-auth-service ready: true, restart count 0&#xA;Sep 19 07:31:17.571: INFO: &#x9;Init container init-identity-provider ready: true, restart count 0&#xA;Sep 19 07:31:17.571: INFO: &#x9;Init container init-identity-manager ready: true, restart count 0&#xA;Sep 19 07:31:17.571: INFO: &#x9;Init container init-token-service ready: true, restart count 0&#xA;Sep 19 07:31:17.571: INFO: &#x9;Init container init-pap ready: true, restart count 0&#xA;Sep 19 07:31:17.571: INFO: &#x9;Container auth-pdp ready: true, restart count 0&#xA;Sep 19 07:31:17.571: INFO: &#x9;Container icp-audit-service ready: true, restart count 0&#xA;Sep 19 07:31:17.571: INFO: icp-management-ingress-x6qn8 started at 2018-09-17 07:10:36 +0000 UTC (0+1 container statuses recorded)&#xA;Sep 19 07:31:17.572: INFO: &#x9;Container icp-management-ingress ready: true, restart count 0&#xA;Sep 19 07:31:17.572: INFO: istio-egressgateway-54448bcdbd-cqlhf started at 2018-09-17 07:24:11 +0000 UTC (0+1 container statuses recorded)&#xA;Sep 19 07:31:17.572: INFO: &#x9;Container istio-egressgateway ready: true, restart count 0&#xA;Sep 19 07:31:17.572: INFO: kube-dns-mwjc8 started at 2018-09-17 07:06:10 +0000 UTC (0+1 container statuses recorded)&#xA;Sep 19 07:31:17.572: INFO: &#x9;Container kube-dns ready: true, restart count 0&#xA;Sep 19 07:31:17.572: INFO: istio-galley-687cd96db-hlpng started at 2018-09-17 07:17:28 +0000 UTC (0+1 container statuses recorded)&#xA;Sep 19 07:31:17.572: INFO: &#x9;Container validator ready: true, restart count 0&#xA;Sep 19 07:31:17.572: INFO: istio-tracing-77ccfc8844-79ngl started at 2018-09-17 07:17:32 +0000 UTC (0+1 container statuses recorded)&#xA;Sep 19 07:31:17.572: INFO: &#x9;Container jaeger ready: true, restart count 0&#xA;Sep 19 07:31:17.572: INFO: audit-logging-fluentd-ds-dhcg6 started at 2018-09-17 07:18:46 +0000 UTC (0+1 container statuses recorded)&#xA;Sep 19 07:31:17.572: INFO: &#x9;Container fluentd ready: true, restart count 0&#xA;Sep 19 07:31:17.572: INFO: istio-ingressgateway-7bc96d6585-m567m started at 2018-09-17 07:20:41 +0000 UTC (0+1 container statuses recorded)&#xA;Sep 19 07:31:17.572: INFO: &#x9;Container istio-ingressgateway ready: true, restart count 0&#xA;Sep 19 07:31:17.572: INFO: heapster-69b486565b-nt26r started at 2018-09-17 07:13:48 +0000 UTC (0+1 container statuses recorded)&#xA;Sep 19 07:31:17.572: INFO: &#x9;Container heapster ready: true, restart count 0&#xA;Sep 19 07:31:17.572: INFO: istio-egressgateway-54448bcdbd-f4v6v started at 2018-09-17 07:17:29 +0000 UTC (0+1 container statuses recorded)&#xA;Sep 19 07:31:17.572: INFO: &#x9;Container istio-egressgateway ready: true, restart count 0&#xA;Sep 19 07:31:17.572: INFO: istio-citadel-77694dc965-mwqkp started at 2018-09-17 07:17:31 +0000 UTC (0+1 container statuses recorded)&#xA;Sep 19 07:31:17.572: INFO: &#x9;Container citadel ready: true, restart count 0&#xA;Sep 19 07:31:17.572: INFO: vulnerability-advisor-process-ma-crawler-96728 started at 2018-09-17 07:19:03 +0000 UTC (0+1 container statuses recorded)&#xA;Sep 19 07:31:17.572: INFO: &#x9;Container process-ma-crawler ready: true, restart count 0&#xA;Sep 19 07:31:17.572: INFO: istio-telemetry-8b5964dc7-rfswc started at 2018-09-17 07:19:39 +0000 UTC (0+2 container statuses recorded)&#xA;Sep 19 07:31:17.572: INFO: &#x9;Container istio-proxy ready: true, restart count 0&#xA;Sep 19 07:31:17.572: INFO: &#x9;Container mixer ready: true, restart count 0&#xA;Sep 19 07:31:17.572: INFO: helm-api-fdd886877-6pwm8 started at 2018-09-17 07:16:36 +0000 UTC (0+3 container statuses recorded)&#xA;Sep 19 07:31:17.572: INFO: &#x9;Container audit-service ready: true, restart count 0&#xA;Sep 19 07:31:17.572: INFO: &#x9;Container helmapi ready: true, restart count 0&#xA;Sep 19 07:31:17.572: INFO: &#x9;Container rudder ready: true, restart count 0&#xA;Sep 19 07:31:17.572: INFO: mariadb-0 started at 2018-09-17 07:08:38 +0000 UTC (0+1 container statuses recorded)&#xA;Sep 19 07:31:17.572: INFO: &#x9;Container mariadb ready: true, restart count 0&#xA;Sep 19 07:31:17.572: INFO: logging-elk-filebeat-ds-qf2vz started at 2018-09-17 07:15:20 +0000 UTC (0+1 container statuses recorded)&#xA;Sep 19 07:31:17.572: INFO: &#x9;Container filebeat ready: true, restart count 0&#xA;Sep 19 07:31:17.572: INFO: istio-ingressgateway-7bc96d6585-c58zx started at 2018-09-17 07:24:15 +0000 UTC (0+1 container statuses recorded)&#xA;Sep 19 07:31:17.572: INFO: &#x9;Container istio-ingressgateway ready: true, restart count 0&#xA;Sep 19 07:31:17.572: INFO: istio-policy-5b64d7fd64-5l2m9 started at 2018-09-17 07:31:07 +0000 UTC (0+2 container statuses recorded)&#xA;Sep 19 07:31:17.572: INFO: &#x9;Container istio-proxy ready: true, restart count 0&#xA;Sep 19 07:31:17.572: INFO: &#x9;Container mixer ready: true, restart count 0&#xA;Sep 19 07:31:17.572: INFO: nvidia-device-plugin-nh54k started at 2018-09-17 07:07:17 +0000 UTC (1+1 container statuses recorded)&#xA;Sep 19 07:31:17.572: INFO: &#x9;Init container nvidia-driver-collector ready: true, restart count 0&#xA;Sep 19 07:31:17.572: INFO: &#x9;Container nvidia-device-plugin ready: true, restart count 0&#xA;Sep 19 07:31:17.572: INFO: istio-telemetry-8b5964dc7-hcf6d started at 2018-09-17 07:17:29 +0000 UTC (0+2 container statuses recorded)&#xA;Sep 19 07:31:17.572: INFO: &#x9;Container istio-proxy ready: true, restart count 0&#xA;Sep 19 07:31:17.572: INFO: &#x9;Container mixer ready: true, restart count 0&#xA;Sep 19 07:31:17.572: INFO: istio-sidecar-injector-86d554f5f7-d57zk started at 2018-09-17 07:17:32 +0000 UTC (0+1 container statuses recorded)&#xA;Sep 19 07:31:17.572: INFO: &#x9;Container sidecar-injector-webhook ready: true, restart count 0&#xA;Sep 19 07:31:17.572: INFO: secret-watcher-5f59fcbc69-pfnfk started at 2018-09-17 07:18:05 +0000 UTC (0+1 container statuses recorded)&#xA;Sep 19 07:31:17.572: INFO: &#x9;Container secret-watcher ready: true, restart count 0&#xA;Sep 19 07:31:17.572: INFO: istio-telemetry-8b5964dc7-nw9kk started at 2018-09-17 07:23:11 +0000 UTC (0+2 container statuses recorded)&#xA;Sep 19 07:31:17.572: INFO: &#x9;Container istio-proxy ready: true, restart count 0&#xA;Sep 19 07:31:17.572: INFO: &#x9;Container mixer ready: true, restart count 0&#xA;Sep 19 07:31:17.572: INFO: platform-api-2fs4x started at 2018-09-17 07:08:45 +0000 UTC (0+2 container statuses recorded)&#xA;Sep 19 07:31:17.572: INFO: &#x9;Container audit-service ready: true, restart count 0&#xA;Sep 19 07:31:17.572: INFO: &#x9;Container platform-api ready: true, restart count 0&#xA;Sep 19 07:31:17.572: INFO: icp-mongodb-0 started at 2018-09-17 07:07:42 +0000 UTC (2+1 container statuses recorded)&#xA;Sep 19 07:31:17.572: INFO: &#x9;Init container install ready: true, restart count 0&#xA;Sep 19 07:31:17.572: INFO: &#x9;Init container bootstrap ready: true, restart count 0&#xA;Sep 19 07:31:17.572: INFO: &#x9;Container icp-mongodb ready: true, restart count 0&#xA;Sep 19 07:31:17.572: INFO: catalog-ui-5rtkh started at 2018-09-17 07:15:57 +0000 UTC (0+1 container statuses recorded)&#xA;Sep 19 07:31:17.572: INFO: &#x9;Container catalog-ui ready: true, restart count 0&#xA;Sep 19 07:31:17.572: INFO: istio-policy-5b64d7fd64-jrlzt started at 2018-09-17 07:23:11 +0000 UTC (0+2 container statuses recorded)&#xA;Sep 19 07:31:17.572: INFO: &#x9;Container istio-proxy ready: true, restart count 0&#xA;Sep 19 07:31:17.572: INFO: &#x9;Container mixer ready: true, restart count 0&#xA;Sep 19 07:31:17.572: INFO: calico-kube-controllers-dcb8cc97c-gtsqp started at 2018-09-17 07:05:53 +0000 UTC (0+1 container statuses recorded)&#xA;Sep 19 07:31:17.572: INFO: &#x9;Container calico-kube-controllers ready: true, restart count 0&#xA;Sep 19 07:31:17.572: INFO: k8s-etcd-10.46.6.173 started at &lt;nil&gt; (0+0 container statuses recorded)&#xA;Sep 19 07:31:17.572: INFO: image-manager-0 started at 2018-09-17 06:38:56 +0000 UTC (0+2 container statuses recorded)&#xA;Sep 19 07:31:17.572: INFO: &#x9;Container icp-registry ready: true, restart count 0&#xA;Sep 19 07:31:17.572: INFO: &#x9;Container image-manager ready: true, restart count 0&#xA;Sep 19 07:31:17.572: INFO: platform-deploy-dbbks started at 2018-09-17 07:08:45 +0000 UTC (0+1 container statuses recorded)&#xA;Sep 19 07:31:17.572: INFO: &#x9;Container platform-deploy ready: true, restart count 0&#xA;Sep 19 07:31:17.572: INFO: auth-apikeys-x45mz started at 2018-09-17 07:10:12 +0000 UTC (0+1 container statuses recorded)&#xA;Sep 19 07:31:17.572: INFO: &#x9;Container auth-apikeys ready: true, restart count 0&#xA;Sep 19 07:31:17.572: INFO: istio-policy-5b64d7fd64-fb4bc started at 2018-09-17 07:27:37 +0000 UTC (0+2 container statuses recorded)&#xA;Sep 19 07:31:17.572: INFO: &#x9;Container istio-proxy ready: true, restart count 0&#xA;Sep 19 07:31:17.572: INFO: &#x9;Container mixer ready: true, restart count 0&#xA;Sep 19 07:31:17.572: INFO: k8s-proxy-10.46.6.173 started at &lt;nil&gt; (0+0 container statuses recorded)&#xA;Sep 19 07:31:17.572: INFO: istio-policy-5b64d7fd64-z68j4 started at 2018-09-17 07:19:38 +0000 UTC (0+2 container statuses recorded)&#xA;Sep 19 07:31:17.572: INFO: &#x9;Container istio-proxy ready: true, restart count 0&#xA;Sep 19 07:31:17.572: INFO: &#x9;Container mixer ready: true, restart count 0&#xA;Sep 19 07:31:17.572: INFO: istio-ingressgateway-7bc96d6585-r98nr started at 2018-09-17 07:28:10 +0000 UTC (0+1 container statuses recorded)&#xA;Sep 19 07:31:17.572: INFO: &#x9;Container istio-ingressgateway ready: true, restart count 0&#xA;Sep 19 07:31:17.572: INFO: istio-policy-5b64d7fd64-pt9z2 started at 2018-09-17 07:17:30 +0000 UTC (0+2 container statuses recorded)&#xA;Sep 19 07:31:17.572: INFO: &#x9;Container istio-proxy ready: true, restart count 0&#xA;Sep 19 07:31:17.572: INFO: &#x9;Container mixer ready: true, restart count 0&#xA;Sep 19 07:31:17.572: INFO: helm-repo-5649f57447-wwdn4 started at 2018-09-17 07:13:54 +0000 UTC (1+2 container statuses recorded)&#xA;Sep 19 07:31:17.572: INFO: &#x9;Init container helm-repo-init ready: true, restart count 0&#xA;Sep 19 07:31:17.572: INFO: &#x9;Container audit-service ready: true, restart count 0&#xA;Sep 19 07:31:17.572: INFO: &#x9;Container helm-repo ready: true, restart count 0&#xA;Sep 19 07:31:17.572: INFO: metering-reader-l7284 started at 2018-09-17 07:14:11 +0000 UTC (1+1 container statuses recorded)&#xA;Sep 19 07:31:17.572: INFO: &#x9;Init container metering-reader-init ready: true, restart count 0&#xA;Sep 19 07:31:17.572: INFO: &#x9;Container metering-reader ready: true, restart count 0&#xA;Sep 19 07:31:17.572: INFO: istio-statsd-prom-bridge-66cb69b666-p76m8 started at 2018-09-17 07:17:29 +0000 UTC (0+1 container statuses recorded)&#xA;Sep 19 07:31:17.572: INFO: &#x9;Container statsd-prom-bridge ready: true, restart count 0&#xA;Sep 19 07:31:17.572: INFO: servicegraph-85578d8fc6-m62z4 started at 2018-09-17 07:17:32 +0000 UTC (0+1 container statuses recorded)&#xA;Sep 19 07:31:17.572: INFO: &#x9;Container servicegraph ready: true, restart count 0&#xA;Sep 19 07:31:17.572: INFO: mgmt-repo-57dc689b74-tmp44 started at 2018-09-17 07:17:51 +0000 UTC (1+2 container statuses recorded)&#xA;Sep 19 07:31:17.572: INFO: &#x9;Init container mgmt-repo-init ready: true, restart count 0&#xA;Sep 19 07:31:17.572: INFO: &#x9;Container audit-service ready: true, restart count 0&#xA;Sep 19 07:31:17.572: INFO: &#x9;Container mgmt-repo ready: true, restart count 0&#xA;Sep 19 07:31:17.572: INFO: istio-egressgateway-54448bcdbd-lhh5c started at 2018-09-17 07:20:07 +0000 UTC (0+1 container statuses recorded)&#xA;Sep 19 07:31:17.572: INFO: &#x9;Container istio-egressgateway ready: true, restart count 0&#xA;Sep 19 07:31:17.572: INFO: istio-ingressgateway-7bc96d6585-4qnc5 started at 2018-09-17 07:24:14 +0000 UTC (0+1 container statuses recorded)&#xA;Sep 19 07:31:17.572: INFO: &#x9;Container istio-ingressgateway ready: true, restart count 0&#xA;Sep 19 07:31:17.572: INFO: auth-idp-kjpmx started at 2018-09-17 07:10:04 +0000 UTC (1+4 container statuses recorded)&#xA;Sep 19 07:31:17.572: INFO: &#x9;Init container init-mariadb ready: true, restart count 0&#xA;Sep 19 07:31:17.572: INFO: &#x9;Container icp-audit-service ready: true, restart count 0&#xA;Sep 19 07:31:17.572: INFO: &#x9;Container platform-auth-service ready: true, restart count 0&#xA;Sep 19 07:31:17.572: INFO: &#x9;Container platform-identity-manager ready: true, restart count 0&#xA;Sep 19 07:31:17.572: INFO: &#x9;Container platform-identity-provider ready: true, restart count 0&#xA;Sep 19 07:31:17.572: INFO: istio-telemetry-8b5964dc7-9q67f started at 2018-09-17 07:31:08 +0000 UTC (0+2 container statuses recorded)&#xA;Sep 19 07:31:17.572: INFO: &#x9;Container istio-proxy ready: true, restart count 0&#xA;Sep 19 07:31:17.572: INFO: &#x9;Container mixer ready: true, restart count 0&#xA;Sep 19 07:31:17.572: INFO: istio-telemetry-8b5964dc7-vjqbq started at 2018-09-17 07:27:36 +0000 UTC (0+2 container statuses recorded)&#xA;Sep 19 07:31:17.572: INFO: &#x9;Container istio-proxy ready: true, restart count 0&#xA;Sep 19 07:31:17.572: INFO: &#x9;Container mixer ready: true, restart count 0&#xA;Sep 19 07:31:17.572: INFO: auth-pap-qb5m2 started at 2018-09-17 07:10:20 +0000 UTC (0+1 container statuses recorded)&#xA;Sep 19 07:31:17.572: INFO: &#x9;Container auth-pap ready: true, restart count 0&#xA;Sep 19 07:31:17.572: INFO: service-catalog-controller-manager-5969cccf86-65phs started at 2018-09-17 07:08:21 +0000 UTC (0+1 container statuses recorded)&#xA;Sep 19 07:31:17.572: INFO: &#x9;Container controller-manager ready: true, restart count 0&#xA;Sep 19 07:31:17.572: INFO: istio-pilot-6cf9ccf474-kkb6j started at 2018-09-17 07:17:31 +0000 UTC (0+2 container statuses recorded)&#xA;Sep 19 07:31:17.572: INFO: &#x9;Container discovery ready: true, restart count 0&#xA;Sep 19 07:31:17.572: INFO: &#x9;Container istio-proxy ready: true, restart count 0&#xA;Sep 19 07:31:17.572: INFO: ibm-cert-manager-cert-manager-74687f689b-7994r started at 2018-09-17 07:07:12 +0000 UTC (0+1 container statuses recorded)&#xA;Sep 19 07:31:17.572: INFO: &#x9;Container ibm-cert-manager ready: true, restart count 0&#xA;Sep 19 07:31:17.572: INFO: nginx-ingress-controller-h5z2v started at 2018-09-17 07:08:28 +0000 UTC (1+1 container statuses recorded)&#xA;Sep 19 07:31:17.572: INFO: &#x9;Init container sysctl ready: true, restart count 0&#xA;Sep 19 07:31:17.572: INFO: &#x9;Container nginx-ingress ready: true, restart count 0&#xA;Sep 19 07:31:17.572: INFO: istio-egressgateway-54448bcdbd-pjbtc started at 2018-09-17 07:28:34 +0000 UTC (0+1 container statuses recorded)&#xA;Sep 19 07:31:17.572: INFO: &#x9;Container istio-egressgateway ready: true, restart count 0&#xA;Sep 19 07:31:17.572: INFO: calico-node-m7d5t started at 2018-09-17 07:05:54 +0000 UTC (0+2 container statuses recorded)&#xA;Sep 19 07:31:17.572: INFO: &#x9;Container calico-node ready: true, restart count 0&#xA;Sep 19 07:31:17.572: INFO: &#x9;Container install-cni ready: true, restart count 0&#xA;Sep 19 07:31:17.572: INFO: grafana-77676f44f7-c9wr6 started at 2018-09-17 07:17:28 +0000 UTC (0+1 container statuses recorded)&#xA;Sep 19 07:31:17.572: INFO: &#x9;Container grafana ready: true, restart count 1&#xA;Sep 19 07:31:17.572: INFO: security-onboarding-tkf79 started at 2018-09-17 07:18:12 +0000 UTC (0+1 container statuses recorded)&#xA;Sep 19 07:31:17.572: INFO: &#x9;Container security-onboarding ready: false, restart count 0&#xA;Sep 19 07:31:17.572: INFO: istio-egressgateway-54448bcdbd-xmkbc started at 2018-09-17 07:24:11 +0000 UTC (0+1 container statuses recorded)&#xA;Sep 19 07:31:17.572: INFO: &#x9;Container istio-egressgateway ready: true, restart count 0&#xA;Sep 19 07:31:17.572: INFO: k8s-master-10.46.6.173 started at &lt;nil&gt; (0+0 container statuses recorded)&#xA;Sep 19 07:31:17.678: INFO: &#xA;Latency metrics for node 10.46.6.173&#xA;STEP: Dumping a list of prepulled images on each node to file /tmp/results/image-puller.txt&#xA;Sep 19 07:31:17.694: INFO: Waiting up to 3m0s for all (but 0) nodes to be ready&#xA;STEP: Destroying namespace &#34;e2e-tests-statefulset-9vgtc&#34; for this suite.&#xA;Sep 19 07:31:23.744: INFO: Waiting up to 30s for server preferred namespaced resources to be successfully discovered&#xA;Sep 19 07:31:23.922: INFO: namespace: e2e-tests-statefulset-9vgtc, resource: bindings, ignored listing per whitelist&#xA;Sep 19 07:31:25.665: INFO: namespace e2e-tests-statefulset-9vgtc deletion completed in 7.964827923s&#xA;</system-out>
      </testcase>
      <testcase name="[sig-scalability] Density [Feature:ManualPerformance] should allow starting 30 pods per node using {extensions Deployment} with 2 secrets, 0 configmaps and 0 daemons" classname="Kubernetes e2e suite" time="0">
          <skipped></skipped>
      </testcase>
      <testcase name="[sig-apps] StatefulSet [k8s.io] Deploy clustered applications [Feature:StatefulSet] [Slow] should creating a working mysql cluster" classname="Kubernetes e2e suite" time="0">
          <skipped></skipped>
      </testcase>
      <testcase name="[k8s.io] Probing container should be restarted with a docker exec liveness probe with timeout " classname="Kubernetes e2e suite" time="0">
          <skipped></skipped>
      </testcase>
      <testcase name="[sig-network] Proxy version v1 should proxy logs on node using proxy subresource  [Conformance]" classname="Kubernetes e2e suite" time="6.84188307"></testcase>
      <testcase name="[sig-apps] Network Partition [Disruptive] [Slow] [k8s.io] [Job] should create new pods when node is partitioned" classname="Kubernetes e2e suite" time="0">
          <skipped></skipped>
      </testcase>
      <testcase name="[sig-storage] PersistentVolumes-local  [Volume type: gce-localssd-scsi-fs] [Serial] Set fsGroup for local volume should set same fsGroup for two pods simultaneously" classname="Kubernetes e2e suite" time="0">
          <skipped></skipped>
      </testcase>
      <testcase name="[sig-api-machinery] ConfigMap should be consumable via environment variable [NodeConformance] [Conformance]" classname="Kubernetes e2e suite" time="16.64506878"></testcase>
      <testcase name="[sig-storage] Subpath [Volume type: gluster] should fail if subpath with backstepping is outside the volume [Slow]" classname="Kubernetes e2e suite" time="0">
          <skipped></skipped>
      </testcase>
      <testcase name="[sig-network] Loadbalancing: L7 GCE [Slow] [Feature:kubemci] should create ingress with pre-shared certificate" classname="Kubernetes e2e suite" time="0">
          <skipped></skipped>
      </testcase>
      <testcase name="[sig-cli] Kubectl client [k8s.io] Kubectl create quota should reject quota with invalid scopes" classname="Kubernetes e2e suite" time="0">
          <skipped></skipped>
      </testcase>
      <testcase name="[sig-storage] Subpath [Volume type: hostPathSymlink] should fail for new directories when readOnly specified in the volumeSource" classname="Kubernetes e2e suite" time="0">
          <skipped></skipped>
      </testcase>
      <testcase name="[sig-storage] Node Unregister [Feature:vsphere] [Slow] [Disruptive] node unregister" classname="Kubernetes e2e suite" time="0">
          <skipped></skipped>
      </testcase>
      <testcase name="[sig-storage] Subpath [Volume type: gluster] should fail if non-existent subpath is outside the volume [Slow]" classname="Kubernetes e2e suite" time="0">
          <skipped></skipped>
      </testcase>
      <testcase name="[sig-scheduling] Multi-AZ Cluster Volumes [sig-storage] should only be allowed to provision PDs in zones where nodes exist" classname="Kubernetes e2e suite" time="0">
          <skipped></skipped>
      </testcase>
      <testcase name="[sig-storage] PersistentVolumes-local  [Volume type: dir-bindmounted] Set fsGroup for local volume should set same fsGroup for two pods simultaneously" classname="Kubernetes e2e suite" time="0">
          <skipped></skipped>
      </testcase>
      <testcase name="[sig-storage] Subpath [Volume type: nfsPVC] should support creating multiple subpath from same volumes [Slow]" classname="Kubernetes e2e suite" time="0">
          <skipped></skipped>
      </testcase>
      <testcase name="[sig-cli] Kubectl client [k8s.io] Simple pod should support exec" classname="Kubernetes e2e suite" time="0">
          <skipped></skipped>
      </testcase>
      <testcase name="[sig-storage] EmptyDir wrapper volumes should not cause race condition when used for configmaps [Serial] [Slow]" classname="Kubernetes e2e suite" time="0">
          <skipped></skipped>
      </testcase>
      <testcase name="[sig-storage] Ephemeralstorage When pod refers to non-existent ephemeral storage should allow deletion of pod with invalid volume : projected" classname="Kubernetes e2e suite" time="0">
          <skipped></skipped>
      </testcase>
      <testcase name="[sig-network] ESIPP [Slow] [DisabledForLargeClusters] should work for type=NodePort" classname="Kubernetes e2e suite" time="0">
          <skipped></skipped>
      </testcase>
      <testcase name="[sig-storage] Subpath [Volume type: gluster] should support restarting containers using file as subpath [Slow]" classname="Kubernetes e2e suite" time="0">
          <skipped></skipped>
      </testcase>
      <testcase name="[sig-storage] Pod Disks schedule pods each with a PD, delete pod and verify detach [Slow] for RW PD with pod delete grace period of &#34;default (30s)&#34;" classname="Kubernetes e2e suite" time="0">
          <skipped></skipped>
      </testcase>
      <testcase name="[k8s.io] Probing container should *not* be restarted with a /healthz http liveness probe [NodeConformance] [Conformance]" classname="Kubernetes e2e suite" time="8.845002583">
          <failure type="Failure">/workspace/anago-v1.11.2-beta.0.50+bb9ffb1654d4a7/src/k8s.io/kubernetes/_output/dockerized/go/src/k8s.io/kubernetes/test/e2e/framework/framework.go:684&#xA;Error creating Pod&#xA;Expected error:&#xA;    &lt;*errors.StatusError | 0xc420c80240&gt;: {&#xA;        ErrStatus: {&#xA;            TypeMeta: {Kind: &#34;&#34;, APIVersion: &#34;&#34;},&#xA;            ListMeta: {SelfLink: &#34;&#34;, ResourceVersion: &#34;&#34;, Continue: &#34;&#34;},&#xA;            Status: &#34;Failure&#34;,&#xA;            Message: &#34;Internal error occurred: admission webhook \&#34;trust.hooks.securityenforcement.admission.cloud.ibm.com\&#34; denied the request: \nDeny \&#34;k8s.gcr.io/nginx-slim-amd64:0.20\&#34;, no matching repositories in ClusterImagePolicy and no ImagePolicies in the \&#34;e2e-tests-container-probe-xfgnd\&#34; namespace&#34;,&#xA;            Reason: &#34;InternalError&#34;,&#xA;            Details: {&#xA;                Name: &#34;&#34;,&#xA;                Group: &#34;&#34;,&#xA;                Kind: &#34;&#34;,&#xA;                UID: &#34;&#34;,&#xA;                Causes: [&#xA;                    {&#xA;                        Type: &#34;&#34;,&#xA;                        Message: &#34;admission webhook \&#34;trust.hooks.securityenforcement.admission.cloud.ibm.com\&#34; denied the request: \nDeny \&#34;k8s.gcr.io/nginx-slim-amd64:0.20\&#34;, no matching repositories in ClusterImagePolicy and no ImagePolicies in the \&#34;e2e-tests-container-probe-xfgnd\&#34; namespace&#34;,&#xA;                        Field: &#34;&#34;,&#xA;                    },&#xA;                ],&#xA;                RetryAfterSeconds: 0,&#xA;            },&#xA;            Code: 500,&#xA;        },&#xA;    }&#xA;    Internal error occurred: admission webhook &#34;trust.hooks.securityenforcement.admission.cloud.ibm.com&#34; denied the request: &#xA;    Deny &#34;k8s.gcr.io/nginx-slim-amd64:0.20&#34;, no matching repositories in ClusterImagePolicy and no ImagePolicies in the &#34;e2e-tests-container-probe-xfgnd&#34; namespace&#xA;not to have occurred&#xA;/workspace/anago-v1.11.2-beta.0.50+bb9ffb1654d4a7/src/k8s.io/kubernetes/_output/dockerized/go/src/k8s.io/kubernetes/test/e2e/framework/pods.go:76</failure>
          <system-out>[BeforeEach] [k8s.io] Probing container&#xA;  /workspace/anago-v1.11.2-beta.0.50+bb9ffb1654d4a7/src/k8s.io/kubernetes/_output/dockerized/go/src/k8s.io/kubernetes/test/e2e/framework/framework.go:141&#xA;STEP: Creating a kubernetes client&#xA;Sep 19 07:31:49.153: INFO: &gt;&gt;&gt; kubeConfig: /tmp/kubeconfig-172917420&#xA;STEP: Building a namespace api object&#xA;STEP: Binding the e2e-test-privileged-psp PodSecurityPolicy to the default service account in e2e-tests-container-probe-xfgnd&#xA;STEP: Waiting for a default service account to be provisioned in namespace&#xA;[BeforeEach] [k8s.io] Probing container&#xA;  /workspace/anago-v1.11.2-beta.0.50+bb9ffb1654d4a7/src/k8s.io/kubernetes/_output/dockerized/go/src/k8s.io/kubernetes/test/e2e/common/container_probe.go:48&#xA;[It] should *not* be restarted with a /healthz http liveness probe [NodeConformance] [Conformance]&#xA;  /workspace/anago-v1.11.2-beta.0.50+bb9ffb1654d4a7/src/k8s.io/kubernetes/_output/dockerized/go/src/k8s.io/kubernetes/test/e2e/framework/framework.go:684&#xA;STEP: Creating pod liveness-http in namespace e2e-tests-container-probe-xfgnd&#xA;Sep 19 07:31:49.492: INFO: Unexpected error occurred: Internal error occurred: admission webhook &#34;trust.hooks.securityenforcement.admission.cloud.ibm.com&#34; denied the request: &#xA;Deny &#34;k8s.gcr.io/nginx-slim-amd64:0.20&#34;, no matching repositories in ClusterImagePolicy and no ImagePolicies in the &#34;e2e-tests-container-probe-xfgnd&#34; namespace&#xA;STEP: deleting the pod&#xA;[AfterEach] [k8s.io] Probing container&#xA;  /workspace/anago-v1.11.2-beta.0.50+bb9ffb1654d4a7/src/k8s.io/kubernetes/_output/dockerized/go/src/k8s.io/kubernetes/test/e2e/framework/framework.go:142&#xA;STEP: Collecting events from namespace &#34;e2e-tests-container-probe-xfgnd&#34;.&#xA;STEP: Found 0 events.&#xA;Sep 19 07:31:49.573: INFO: POD                                                              NODE         PHASE      GRACE  CONDITIONS&#xA;Sep 19 07:31:49.573: INFO: ibm-cert-manager-cert-manager-74687f689b-7994r                   10.46.6.173  Running           [{Initialized True 0001-01-01 00:00:00 +0000 UTC 2018-09-17 07:07:12 +0000 UTC  } {Ready True 0001-01-01 00:00:00 +0000 UTC 2018-09-17 07:07:37 +0000 UTC  } {ContainersReady True 0001-01-01 00:00:00 +0000 UTC 0001-01-01 00:00:00 +0000 UTC  } {PodScheduled True 0001-01-01 00:00:00 +0000 UTC 2018-09-17 07:07:12 +0000 UTC  }]&#xA;Sep 19 07:31:49.573: INFO: sonobuoy                                                         10.46.6.170  Running           [{Initialized True 0001-01-01 00:00:00 +0000 UTC 2018-09-19 07:22:02 +0000 UTC  } {Ready True 0001-01-01 00:00:00 +0000 UTC 2018-09-19 07:22:08 +0000 UTC  } {ContainersReady True 0001-01-01 00:00:00 +0000 UTC 0001-01-01 00:00:00 +0000 UTC  } {PodScheduled True 0001-01-01 00:00:00 +0000 UTC 2018-09-19 07:22:02 +0000 UTC  }]&#xA;Sep 19 07:31:49.573: INFO: sonobuoy-e2e-job-c3f9b53ea97c48a2                                10.46.6.170  Running           [{Initialized True 0001-01-01 00:00:00 +0000 UTC 2018-09-19 07:22:08 +0000 UTC  } {Ready True 0001-01-01 00:00:00 +0000 UTC 2018-09-19 07:22:25 +0000 UTC  } {ContainersReady True 0001-01-01 00:00:00 +0000 UTC 0001-01-01 00:00:00 +0000 UTC  } {PodScheduled True 0001-01-01 00:00:00 +0000 UTC 2018-09-19 07:22:08 +0000 UTC  }]&#xA;Sep 19 07:31:49.573: INFO: grafana-77676f44f7-c9wr6                                         10.46.6.173  Running           [{Initialized True 0001-01-01 00:00:00 +0000 UTC 2018-09-17 07:17:28 +0000 UTC  } {Ready True 0001-01-01 00:00:00 +0000 UTC 2018-09-17 07:20:34 +0000 UTC  } {ContainersReady True 0001-01-01 00:00:00 +0000 UTC 0001-01-01 00:00:00 +0000 UTC  } {PodScheduled True 0001-01-01 00:00:00 +0000 UTC 2018-09-17 07:17:27 +0000 UTC  }]&#xA;Sep 19 07:31:49.573: INFO: istio-citadel-77694dc965-mwqkp                                   10.46.6.173  Running           [{Initialized True 0001-01-01 00:00:00 +0000 UTC 2018-09-17 07:17:31 +0000 UTC  } {Ready True 0001-01-01 00:00:00 +0000 UTC 2018-09-17 07:18:30 +0000 UTC  } {ContainersReady True 0001-01-01 00:00:00 +0000 UTC 0001-01-01 00:00:00 +0000 UTC  } {PodScheduled True 0001-01-01 00:00:00 +0000 UTC 2018-09-17 07:17:28 +0000 UTC  }]&#xA;Sep 19 07:31:49.573: INFO: istio-egressgateway-54448bcdbd-cqlhf                             10.46.6.173  Running           [{Initialized True 0001-01-01 00:00:00 +0000 UTC 2018-09-17 07:24:11 +0000 UTC  } {Ready True 0001-01-01 00:00:00 +0000 UTC 2018-09-17 07:25:19 +0000 UTC  } {ContainersReady True 0001-01-01 00:00:00 +0000 UTC 0001-01-01 00:00:00 +0000 UTC  } {PodScheduled True 0001-01-01 00:00:00 +0000 UTC 2018-09-17 07:24:10 +0000 UTC  }]&#xA;Sep 19 07:31:49.573: INFO: istio-egressgateway-54448bcdbd-f4v6v                             10.46.6.173  Running           [{Initialized True 0001-01-01 00:00:00 +0000 UTC 2018-09-17 07:17:29 +0000 UTC  } {Ready True 0001-01-01 00:00:00 +0000 UTC 2018-09-17 07:18:31 +0000 UTC  } {ContainersReady True 0001-01-01 00:00:00 +0000 UTC 0001-01-01 00:00:00 +0000 UTC  } {PodScheduled True 0001-01-01 00:00:00 +0000 UTC 2018-09-17 07:17:27 +0000 UTC  }]&#xA;Sep 19 07:31:49.573: INFO: istio-egressgateway-54448bcdbd-lhh5c                             10.46.6.173  Running           [{Initialized True 0001-01-01 00:00:00 +0000 UTC 2018-09-17 07:20:07 +0000 UTC  } {Ready True 0001-01-01 00:00:00 +0000 UTC 2018-09-17 07:21:11 +0000 UTC  } {ContainersReady True 0001-01-01 00:00:00 +0000 UTC 0001-01-01 00:00:00 +0000 UTC  } {PodScheduled True 0001-01-01 00:00:00 +0000 UTC 2018-09-17 07:20:06 +0000 UTC  }]&#xA;Sep 19 07:31:49.573: INFO: istio-egressgateway-54448bcdbd-pjbtc                             10.46.6.173  Running           [{Initialized True 0001-01-01 00:00:00 +0000 UTC 2018-09-17 07:28:34 +0000 UTC  } {Ready True 0001-01-01 00:00:00 +0000 UTC 2018-09-17 07:29:40 +0000 UTC  } {ContainersReady True 0001-01-01 00:00:00 +0000 UTC 0001-01-01 00:00:00 +0000 UTC  } {PodScheduled True 0001-01-01 00:00:00 +0000 UTC 2018-09-17 07:28:34 +0000 UTC  }]&#xA;Sep 19 07:31:49.573: INFO: istio-egressgateway-54448bcdbd-xmkbc                             10.46.6.173  Running           [{Initialized True 0001-01-01 00:00:00 +0000 UTC 2018-09-17 07:24:11 +0000 UTC  } {Ready True 0001-01-01 00:00:00 +0000 UTC 2018-09-17 07:25:10 +0000 UTC  } {ContainersReady True 0001-01-01 00:00:00 +0000 UTC 0001-01-01 00:00:00 +0000 UTC  } {PodScheduled True 0001-01-01 00:00:00 +0000 UTC 2018-09-17 07:24:10 +0000 UTC  }]&#xA;Sep 19 07:31:49.573: INFO: istio-galley-687cd96db-hlpng                                     10.46.6.173  Running           [{Initialized True 0001-01-01 00:00:00 +0000 UTC 2018-09-17 07:17:28 +0000 UTC  } {Ready True 0001-01-01 00:00:00 +0000 UTC 2018-09-17 07:18:35 +0000 UTC  } {ContainersReady True 0001-01-01 00:00:00 +0000 UTC 0001-01-01 00:00:00 +0000 UTC  } {PodScheduled True 0001-01-01 00:00:00 +0000 UTC 2018-09-17 07:17:27 +0000 UTC  }]&#xA;Sep 19 07:31:49.573: INFO: istio-ingressgateway-7bc96d6585-4qnc5                            10.46.6.173  Running           [{Initialized True 0001-01-01 00:00:00 +0000 UTC 2018-09-17 07:24:14 +0000 UTC  } {Ready True 0001-01-01 00:00:00 +0000 UTC 2018-09-17 07:25:22 +0000 UTC  } {ContainersReady True 0001-01-01 00:00:00 +0000 UTC 0001-01-01 00:00:00 +0000 UTC  } {PodScheduled True 0001-01-01 00:00:00 +0000 UTC 2018-09-17 07:24:13 +0000 UTC  }]&#xA;Sep 19 07:31:49.573: INFO: istio-ingressgateway-7bc96d6585-c58zx                            10.46.6.173  Running           [{Initialized True 0001-01-01 00:00:00 +0000 UTC 2018-09-17 07:24:15 +0000 UTC  } {Ready True 0001-01-01 00:00:00 +0000 UTC 2018-09-17 07:25:19 +0000 UTC  } {ContainersReady True 0001-01-01 00:00:00 +0000 UTC 0001-01-01 00:00:00 +0000 UTC  } {PodScheduled True 0001-01-01 00:00:00 +0000 UTC 2018-09-17 07:24:14 +0000 UTC  }]&#xA;Sep 19 07:31:49.573: INFO: istio-ingressgateway-7bc96d6585-m567m                            10.46.6.173  Running           [{Initialized True 0001-01-01 00:00:00 +0000 UTC 2018-09-17 07:20:41 +0000 UTC  } {Ready True 0001-01-01 00:00:00 +0000 UTC 2018-09-17 07:21:43 +0000 UTC  } {ContainersReady True 0001-01-01 00:00:00 +0000 UTC 0001-01-01 00:00:00 +0000 UTC  } {PodScheduled True 0001-01-01 00:00:00 +0000 UTC 2018-09-17 07:20:41 +0000 UTC  }]&#xA;Sep 19 07:31:49.573: INFO: istio-ingressgateway-7bc96d6585-r98nr                            10.46.6.173  Running           [{Initialized True 0001-01-01 00:00:00 +0000 UTC 2018-09-17 07:28:10 +0000 UTC  } {Ready True 0001-01-01 00:00:00 +0000 UTC 2018-09-17 07:29:11 +0000 UTC  } {ContainersReady True 0001-01-01 00:00:00 +0000 UTC 0001-01-01 00:00:00 +0000 UTC  } {PodScheduled True 0001-01-01 00:00:00 +0000 UTC 2018-09-17 07:28:09 +0000 UTC  }]&#xA;Sep 19 07:31:49.573: INFO: istio-ingressgateway-7bc96d6585-smf45                            10.46.6.173  Running           [{Initialized True 0001-01-01 00:00:00 +0000 UTC 2018-09-17 07:17:28 +0000 UTC  } {Ready True 0001-01-01 00:00:00 +0000 UTC 2018-09-17 07:18:37 +0000 UTC  } {ContainersReady True 0001-01-01 00:00:00 +0000 UTC 0001-01-01 00:00:00 +0000 UTC  } {PodScheduled True 0001-01-01 00:00:00 +0000 UTC 2018-09-17 07:17:27 +0000 UTC  }]&#xA;Sep 19 07:31:49.573: INFO: istio-pilot-6cf9ccf474-kkb6j                                     10.46.6.173  Running           [{Initialized True 0001-01-01 00:00:00 +0000 UTC 2018-09-17 07:17:31 +0000 UTC  } {Ready True 0001-01-01 00:00:00 +0000 UTC 2018-09-17 07:19:28 +0000 UTC  } {ContainersReady True 0001-01-01 00:00:00 +0000 UTC 0001-01-01 00:00:00 +0000 UTC  } {PodScheduled True 0001-01-01 00:00:00 +0000 UTC 2018-09-17 07:17:27 +0000 UTC  }]&#xA;Sep 19 07:31:49.573: INFO: istio-policy-5b64d7fd64-5l2m9                                    10.46.6.173  Running           [{Initialized True 0001-01-01 00:00:00 +0000 UTC 2018-09-17 07:31:07 +0000 UTC  } {Ready True 0001-01-01 00:00:00 +0000 UTC 2018-09-17 07:31:51 +0000 UTC  } {ContainersReady True 0001-01-01 00:00:00 +0000 UTC 0001-01-01 00:00:00 +0000 UTC  } {PodScheduled True 0001-01-01 00:00:00 +0000 UTC 2018-09-17 07:31:06 +0000 UTC  }]&#xA;Sep 19 07:31:49.573: INFO: istio-policy-5b64d7fd64-fb4bc                                    10.46.6.173  Running           [{Initialized True 0001-01-01 00:00:00 +0000 UTC 2018-09-17 07:27:37 +0000 UTC  } {Ready True 0001-01-01 00:00:00 +0000 UTC 2018-09-17 07:28:39 +0000 UTC  } {ContainersReady True 0001-01-01 00:00:00 +0000 UTC 0001-01-01 00:00:00 +0000 UTC  } {PodScheduled True 0001-01-01 00:00:00 +0000 UTC 2018-09-17 07:27:36 +0000 UTC  }]&#xA;Sep 19 07:31:49.573: INFO: istio-policy-5b64d7fd64-jrlzt                                    10.46.6.173  Running           [{Initialized True 0001-01-01 00:00:00 +0000 UTC 2018-09-17 07:23:11 +0000 UTC  } {Ready True 0001-01-01 00:00:00 +0000 UTC 2018-09-17 07:24:08 +0000 UTC  } {ContainersReady True 0001-01-01 00:00:00 +0000 UTC 0001-01-01 00:00:00 +0000 UTC  } {PodScheduled True 0001-01-01 00:00:00 +0000 UTC 2018-09-17 07:23:10 +0000 UTC  }]&#xA;Sep 19 07:31:49.574: INFO: istio-policy-5b64d7fd64-pt9z2                                    10.46.6.173  Running           [{Initialized True 0001-01-01 00:00:00 +0000 UTC 2018-09-17 07:17:30 +0000 UTC  } {Ready True 0001-01-01 00:00:00 +0000 UTC 2018-09-17 07:19:02 +0000 UTC  } {ContainersReady True 0001-01-01 00:00:00 +0000 UTC 0001-01-01 00:00:00 +0000 UTC  } {PodScheduled True 0001-01-01 00:00:00 +0000 UTC 2018-09-17 07:17:27 +0000 UTC  }]&#xA;Sep 19 07:31:49.574: INFO: istio-policy-5b64d7fd64-z68j4                                    10.46.6.173  Running           [{Initialized True 0001-01-01 00:00:00 +0000 UTC 2018-09-17 07:19:38 +0000 UTC  } {Ready True 0001-01-01 00:00:00 +0000 UTC 2018-09-17 07:20:44 +0000 UTC  } {ContainersReady True 0001-01-01 00:00:00 +0000 UTC 0001-01-01 00:00:00 +0000 UTC  } {PodScheduled True 0001-01-01 00:00:00 +0000 UTC 2018-09-17 07:19:37 +0000 UTC  }]&#xA;Sep 19 07:31:49.574: INFO: istio-sidecar-injector-86d554f5f7-d57zk                          10.46.6.173  Running           [{Initialized True 0001-01-01 00:00:00 +0000 UTC 2018-09-17 07:17:32 +0000 UTC  } {Ready True 0001-01-01 00:00:00 +0000 UTC 2018-09-17 07:18:41 +0000 UTC  } {ContainersReady True 0001-01-01 00:00:00 +0000 UTC 0001-01-01 00:00:00 +0000 UTC  } {PodScheduled True 0001-01-01 00:00:00 +0000 UTC 2018-09-17 07:17:29 +0000 UTC  }]&#xA;Sep 19 07:31:49.574: INFO: istio-statsd-prom-bridge-66cb69b666-p76m8                        10.46.6.173  Running           [{Initialized True 0001-01-01 00:00:00 +0000 UTC 2018-09-17 07:17:29 +0000 UTC  } {Ready True 0001-01-01 00:00:00 +0000 UTC 2018-09-17 07:18:32 +0000 UTC  } {ContainersReady True 0001-01-01 00:00:00 +0000 UTC 0001-01-01 00:00:00 +0000 UTC  } {PodScheduled True 0001-01-01 00:00:00 +0000 UTC 2018-09-17 07:17:27 +0000 UTC  }]&#xA;Sep 19 07:31:49.574: INFO: istio-telemetry-8b5964dc7-9q67f                                  10.46.6.173  Running           [{Initialized True 0001-01-01 00:00:00 +0000 UTC 2018-09-17 07:31:08 +0000 UTC  } {Ready True 0001-01-01 00:00:00 +0000 UTC 2018-09-17 07:32:00 +0000 UTC  } {ContainersReady True 0001-01-01 00:00:00 +0000 UTC 0001-01-01 00:00:00 +0000 UTC  } {PodScheduled True 0001-01-01 00:00:00 +0000 UTC 2018-09-17 07:31:07 +0000 UTC  }]&#xA;Sep 19 07:31:49.574: INFO: istio-telemetry-8b5964dc7-hcf6d                                  10.46.6.173  Running           [{Initialized True 0001-01-01 00:00:00 +0000 UTC 2018-09-17 07:17:29 +0000 UTC  } {Ready True 0001-01-01 00:00:00 +0000 UTC 2018-09-17 07:18:56 +0000 UTC  } {ContainersReady True 0001-01-01 00:00:00 +0000 UTC 0001-01-01 00:00:00 +0000 UTC  } {PodScheduled True 0001-01-01 00:00:00 +0000 UTC 2018-09-17 07:17:27 +0000 UTC  }]&#xA;Sep 19 07:31:49.574: INFO: istio-telemetry-8b5964dc7-nw9kk                                  10.46.6.173  Running           [{Initialized True 0001-01-01 00:00:00 +0000 UTC 2018-09-17 07:23:11 +0000 UTC  } {Ready True 0001-01-01 00:00:00 +0000 UTC 2018-09-17 07:24:19 +0000 UTC  } {ContainersReady True 0001-01-01 00:00:00 +0000 UTC 0001-01-01 00:00:00 +0000 UTC  } {PodScheduled True 0001-01-01 00:00:00 +0000 UTC 2018-09-17 07:23:10 +0000 UTC  }]&#xA;Sep 19 07:31:49.574: INFO: istio-telemetry-8b5964dc7-rfswc                                  10.46.6.173  Running           [{Initialized True 0001-01-01 00:00:00 +0000 UTC 2018-09-17 07:19:39 +0000 UTC  } {Ready True 0001-01-01 00:00:00 +0000 UTC 2018-09-17 07:20:38 +0000 UTC  } {ContainersReady True 0001-01-01 00:00:00 +0000 UTC 0001-01-01 00:00:00 +0000 UTC  } {PodScheduled True 0001-01-01 00:00:00 +0000 UTC 2018-09-17 07:19:38 +0000 UTC  }]&#xA;Sep 19 07:31:49.574: INFO: istio-telemetry-8b5964dc7-vjqbq                                  10.46.6.173  Running           [{Initialized True 0001-01-01 00:00:00 +0000 UTC 2018-09-17 07:27:36 +0000 UTC  } {Ready True 0001-01-01 00:00:00 +0000 UTC 2018-09-17 07:28:21 +0000 UTC  } {ContainersReady True 0001-01-01 00:00:00 +0000 UTC 0001-01-01 00:00:00 +0000 UTC  } {PodScheduled True 0001-01-01 00:00:00 +0000 UTC 2018-09-17 07:27:36 +0000 UTC  }]&#xA;Sep 19 07:31:49.574: INFO: istio-tracing-77ccfc8844-79ngl                                   10.46.6.173  Running           [{Initialized True 0001-01-01 00:00:00 +0000 UTC 2018-09-17 07:17:32 +0000 UTC  } {Ready True 0001-01-01 00:00:00 +0000 UTC 2018-09-17 07:18:08 +0000 UTC  } {ContainersReady True 0001-01-01 00:00:00 +0000 UTC 0001-01-01 00:00:00 +0000 UTC  } {PodScheduled True 0001-01-01 00:00:00 +0000 UTC 2018-09-17 07:17:29 +0000 UTC  }]&#xA;Sep 19 07:31:49.574: INFO: kiali-7f8c59df94-25qmq                                           10.46.6.173  Running           [{Initialized True 0001-01-01 00:00:00 +0000 UTC 2018-09-17 07:17:27 +0000 UTC  } {Ready True 0001-01-01 00:00:00 +0000 UTC 2018-09-17 07:17:56 +0000 UTC  } {ContainersReady True 0001-01-01 00:00:00 +0000 UTC 0001-01-01 00:00:00 +0000 UTC  } {PodScheduled True 0001-01-01 00:00:00 +0000 UTC 2018-09-17 07:17:27 +0000 UTC  }]&#xA;Sep 19 07:31:49.574: INFO: prometheus-6f98d89664-wh7pb                                      10.46.6.173  Running           [{Initialized True 0001-01-01 00:00:00 +0000 UTC 2018-09-17 07:17:31 +0000 UTC  } {Ready True 0001-01-01 00:00:00 +0000 UTC 2018-09-17 07:17:57 +0000 UTC  } {ContainersReady True 0001-01-01 00:00:00 +0000 UTC 0001-01-01 00:00:00 +0000 UTC  } {PodScheduled True 0001-01-01 00:00:00 +0000 UTC 2018-09-17 07:17:28 +0000 UTC  }]&#xA;Sep 19 07:31:49.574: INFO: servicegraph-85578d8fc6-m62z4                                    10.46.6.173  Running           [{Initialized True 0001-01-01 00:00:00 +0000 UTC 2018-09-17 07:17:32 +0000 UTC  } {Ready True 0001-01-01 00:00:00 +0000 UTC 2018-09-17 07:18:22 +0000 UTC  } {ContainersReady True 0001-01-01 00:00:00 +0000 UTC 0001-01-01 00:00:00 +0000 UTC  } {PodScheduled True 0001-01-01 00:00:00 +0000 UTC 2018-09-17 07:17:28 +0000 UTC  }]&#xA;Sep 19 07:31:49.574: INFO: audit-logging-fluentd-ds-4cgnk                                   10.46.6.170  Running           [{Initialized True 0001-01-01 00:00:00 +0000 UTC 2018-09-17 07:18:46 +0000 UTC  } {Ready True 0001-01-01 00:00:00 +0000 UTC 2018-09-17 07:18:50 +0000 UTC  } {ContainersReady True 0001-01-01 00:00:00 +0000 UTC 0001-01-01 00:00:00 +0000 UTC  } {PodScheduled True 0001-01-01 00:00:00 +0000 UTC 2018-09-17 07:18:46 +0000 UTC  }]&#xA;Sep 19 07:31:49.574: INFO: audit-logging-fluentd-ds-8bh4t                                   10.46.6.172  Running           [{Initialized True 0001-01-01 00:00:00 +0000 UTC 2018-09-17 07:18:46 +0000 UTC  } {Ready True 0001-01-01 00:00:00 +0000 UTC 2018-09-17 07:18:56 +0000 UTC  } {ContainersReady True 0001-01-01 00:00:00 +0000 UTC 0001-01-01 00:00:00 +0000 UTC  } {PodScheduled True 0001-01-01 00:00:00 +0000 UTC 2018-09-17 07:18:46 +0000 UTC  }]&#xA;Sep 19 07:31:49.574: INFO: audit-logging-fluentd-ds-bc22k                                   10.46.6.171  Running           [{Initialized True 0001-01-01 00:00:00 +0000 UTC 2018-09-17 07:18:46 +0000 UTC  } {Ready True 0001-01-01 00:00:00 +0000 UTC 2018-09-17 07:18:56 +0000 UTC  } {ContainersReady True 0001-01-01 00:00:00 +0000 UTC 0001-01-01 00:00:00 +0000 UTC  } {PodScheduled True 0001-01-01 00:00:00 +0000 UTC 2018-09-17 07:18:46 +0000 UTC  }]&#xA;Sep 19 07:31:49.574: INFO: audit-logging-fluentd-ds-dhcg6                                   10.46.6.173  Running           [{Initialized True 0001-01-01 00:00:00 +0000 UTC 2018-09-17 07:18:46 +0000 UTC  } {Ready True 0001-01-01 00:00:00 +0000 UTC 2018-09-17 07:19:00 +0000 UTC  } {ContainersReady True 0001-01-01 00:00:00 +0000 UTC 0001-01-01 00:00:00 +0000 UTC  } {PodScheduled True 0001-01-01 00:00:00 +0000 UTC 2018-09-17 07:18:46 +0000 UTC  }]&#xA;Sep 19 07:31:49.574: INFO: auth-apikeys-x45mz                                               10.46.6.173  Running           [{Initialized True 0001-01-01 00:00:00 +0000 UTC 2018-09-17 07:10:12 +0000 UTC  } {Ready True 0001-01-01 00:00:00 +0000 UTC 2018-09-17 07:11:25 +0000 UTC  } {ContainersReady True 0001-01-01 00:00:00 +0000 UTC 0001-01-01 00:00:00 +0000 UTC  } {PodScheduled True 0001-01-01 00:00:00 +0000 UTC 2018-09-17 07:10:12 +0000 UTC  }]&#xA;Sep 19 07:31:49.574: INFO: auth-idp-kjpmx                                                   10.46.6.173  Running           [{Initialized True 0001-01-01 00:00:00 +0000 UTC 2018-09-17 07:10:19 +0000 UTC  } {Ready True 0001-01-01 00:00:00 +0000 UTC 2018-09-19 07:05:52 +0000 UTC  } {ContainersReady True 0001-01-01 00:00:00 +0000 UTC 0001-01-01 00:00:00 +0000 UTC  } {PodScheduled True 0001-01-01 00:00:00 +0000 UTC 2018-09-17 07:10:04 +0000 UTC  }]&#xA;Sep 19 07:31:49.574: INFO: auth-pap-qb5m2                                                   10.46.6.173  Running           [{Initialized True 0001-01-01 00:00:00 +0000 UTC 2018-09-17 07:10:20 +0000 UTC  } {Ready True 0001-01-01 00:00:00 +0000 UTC 2018-09-17 07:10:46 +0000 UTC  } {ContainersReady True 0001-01-01 00:00:00 +0000 UTC 0001-01-01 00:00:00 +0000 UTC  } {PodScheduled True 0001-01-01 00:00:00 +0000 UTC 2018-09-17 07:10:20 +0000 UTC  }]&#xA;Sep 19 07:31:49.574: INFO: auth-pdp-tk2jm                                                   10.46.6.173  Running           [{Initialized True 0001-01-01 00:00:00 +0000 UTC 2018-09-17 07:13:08 +0000 UTC  } {Ready True 0001-01-01 00:00:00 +0000 UTC 2018-09-17 07:13:19 +0000 UTC  } {ContainersReady True 0001-01-01 00:00:00 +0000 UTC 0001-01-01 00:00:00 +0000 UTC  } {PodScheduled True 0001-01-01 00:00:00 +0000 UTC 2018-09-17 07:10:28 +0000 UTC  }]&#xA;Sep 19 07:31:49.574: INFO: calico-kube-controllers-dcb8cc97c-gtsqp                          10.46.6.173  Running           [{Initialized True 0001-01-01 00:00:00 +0000 UTC 2018-09-17 07:05:53 +0000 UTC  } {Ready True 0001-01-01 00:00:00 +0000 UTC 2018-09-17 07:06:04 +0000 UTC  } {ContainersReady True 0001-01-01 00:00:00 +0000 UTC 0001-01-01 00:00:00 +0000 UTC  } {PodScheduled True 0001-01-01 00:00:00 +0000 UTC 2018-09-17 07:05:53 +0000 UTC  }]&#xA;Sep 19 07:31:49.574: INFO: calico-node-gpm2c                                                10.46.6.171  Running           [{Initialized True 0001-01-01 00:00:00 +0000 UTC 2018-09-17 07:05:53 +0000 UTC  } {Ready True 0001-01-01 00:00:00 +0000 UTC 2018-09-17 07:06:11 +0000 UTC  } {ContainersReady True 0001-01-01 00:00:00 +0000 UTC 0001-01-01 00:00:00 +0000 UTC  } {PodScheduled True 0001-01-01 00:00:00 +0000 UTC 2018-09-17 07:05:53 +0000 UTC  }]&#xA;Sep 19 07:31:49.574: INFO: calico-node-htf97                                                10.46.6.170  Running           [{Initialized True 0001-01-01 00:00:00 +0000 UTC 2018-09-17 07:05:53 +0000 UTC  } {Ready True 0001-01-01 00:00:00 +0000 UTC 2018-09-17 07:06:14 +0000 UTC  } {ContainersReady True 0001-01-01 00:00:00 +0000 UTC 0001-01-01 00:00:00 +0000 UTC  } {PodScheduled True 0001-01-01 00:00:00 +0000 UTC 2018-09-17 07:05:53 +0000 UTC  }]&#xA;Sep 19 07:31:49.574: INFO: calico-node-m7d5t                                                10.46.6.173  Running           [{Initialized True 0001-01-01 00:00:00 +0000 UTC 2018-09-17 07:05:54 +0000 UTC  } {Ready True 0001-01-01 00:00:00 +0000 UTC 2018-09-17 07:06:15 +0000 UTC  } {ContainersReady True 0001-01-01 00:00:00 +0000 UTC 0001-01-01 00:00:00 +0000 UTC  } {PodScheduled True 0001-01-01 00:00:00 +0000 UTC 2018-09-17 07:05:54 +0000 UTC  }]&#xA;Sep 19 07:31:49.574: INFO: calico-node-wsknj                                                10.46.6.172  Running           [{Initialized True 0001-01-01 00:00:00 +0000 UTC 2018-09-17 07:05:53 +0000 UTC  } {Ready True 0001-01-01 00:00:00 +0000 UTC 2018-09-17 07:06:17 +0000 UTC  } {ContainersReady True 0001-01-01 00:00:00 +0000 UTC 0001-01-01 00:00:00 +0000 UTC  } {PodScheduled True 0001-01-01 00:00:00 +0000 UTC 2018-09-17 07:05:53 +0000 UTC  }]&#xA;Sep 19 07:31:49.574: INFO: catalog-ui-5rtkh                                                 10.46.6.173  Running           [{Initialized True 0001-01-01 00:00:00 +0000 UTC 2018-09-17 07:15:57 +0000 UTC  } {Ready True 0001-01-01 00:00:00 +0000 UTC 2018-09-17 07:16:11 +0000 UTC  } {ContainersReady True 0001-01-01 00:00:00 +0000 UTC 0001-01-01 00:00:00 +0000 UTC  } {PodScheduled True 0001-01-01 00:00:00 +0000 UTC 2018-09-17 07:15:57 +0000 UTC  }]&#xA;Sep 19 07:31:49.574: INFO: custom-metrics-adapter-64f64964b4-f9gmc                          10.46.6.171  Running           [{Initialized True 0001-01-01 00:00:00 +0000 UTC 2018-09-17 07:17:13 +0000 UTC  } {Ready True 0001-01-01 00:00:00 +0000 UTC 2018-09-17 07:17:51 +0000 UTC  } {ContainersReady True 0001-01-01 00:00:00 +0000 UTC 0001-01-01 00:00:00 +0000 UTC  } {PodScheduled True 0001-01-01 00:00:00 +0000 UTC 2018-09-17 07:14:28 +0000 UTC  }]&#xA;Sep 19 07:31:49.574: INFO: default-backend-54966589c4-4d47g                                 10.46.6.173  Running           [{Initialized True 0001-01-01 00:00:00 +0000 UTC 2018-09-17 07:08:29 +0000 UTC  } {Ready True 0001-01-01 00:00:00 +0000 UTC 2018-09-17 07:08:40 +0000 UTC  } {ContainersReady True 0001-01-01 00:00:00 +0000 UTC 0001-01-01 00:00:00 +0000 UTC  } {PodScheduled True 0001-01-01 00:00:00 +0000 UTC 2018-09-17 07:08:28 +0000 UTC  }]&#xA;Sep 19 07:31:49.574: INFO: heapster-69b486565b-nt26r                                        10.46.6.173  Running           [{Initialized True 0001-01-01 00:00:00 +0000 UTC 2018-09-17 07:13:48 +0000 UTC  } {Ready True 0001-01-01 00:00:00 +0000 UTC 2018-09-17 07:13:58 +0000 UTC  } {ContainersReady True 0001-01-01 00:00:00 +0000 UTC 0001-01-01 00:00:00 +0000 UTC  } {PodScheduled True 0001-01-01 00:00:00 +0000 UTC 2018-09-17 07:13:48 +0000 UTC  }]&#xA;Sep 19 07:31:49.574: INFO: helm-api-fdd886877-6pwm8                                         10.46.6.173  Running           [{Initialized True 0001-01-01 00:00:00 +0000 UTC 2018-09-17 07:16:36 +0000 UTC  } {Ready True 0001-01-01 00:00:00 +0000 UTC 2018-09-17 07:16:58 +0000 UTC  } {ContainersReady True 0001-01-01 00:00:00 +0000 UTC 0001-01-01 00:00:00 +0000 UTC  } {PodScheduled True 0001-01-01 00:00:00 +0000 UTC 2018-09-17 07:16:35 +0000 UTC  }]&#xA;Sep 19 07:31:49.574: INFO: helm-repo-5649f57447-wwdn4                                       10.46.6.173  Running           [{Initialized True 0001-01-01 00:00:00 +0000 UTC 2018-09-17 07:14:04 +0000 UTC  } {Ready True 0001-01-01 00:00:00 +0000 UTC 2018-09-17 07:14:40 +0000 UTC  } {ContainersReady True 0001-01-01 00:00:00 +0000 UTC 0001-01-01 00:00:00 +0000 UTC  } {PodScheduled True 0001-01-01 00:00:00 +0000 UTC 2018-09-17 07:13:53 +0000 UTC  }]&#xA;Sep 19 07:31:49.574: INFO: ibmcloud-image-enforcement-76ddccbf9f-kqmlb                      10.46.6.171  Running           [{Initialized True 0001-01-01 00:00:00 +0000 UTC 2018-09-17 07:14:02 +0000 UTC  } {Ready True 0001-01-01 00:00:00 +0000 UTC 2018-09-17 07:14:07 +0000 UTC  } {ContainersReady True 0001-01-01 00:00:00 +0000 UTC 0001-01-01 00:00:00 +0000 UTC  } {PodScheduled True 0001-01-01 00:00:00 +0000 UTC 2018-09-17 07:14:02 +0000 UTC  }]&#xA;Sep 19 07:31:49.574: INFO: icp-management-ingress-x6qn8                                     10.46.6.173  Running           [{Initialized True 0001-01-01 00:00:00 +0000 UTC 2018-09-17 07:10:36 +0000 UTC  } {Ready True 0001-01-01 00:00:00 +0000 UTC 2018-09-17 07:10:48 +0000 UTC  } {ContainersReady True 0001-01-01 00:00:00 +0000 UTC 0001-01-01 00:00:00 +0000 UTC  } {PodScheduled True 0001-01-01 00:00:00 +0000 UTC 2018-09-17 07:10:36 +0000 UTC  }]&#xA;Sep 19 07:31:49.574: INFO: icp-mongodb-0                                                    10.46.6.173  Running           [{Initialized True 0001-01-01 00:00:00 +0000 UTC 2018-09-17 07:09:00 +0000 UTC  } {Ready True 0001-01-01 00:00:00 +0000 UTC 2018-09-17 07:09:17 +0000 UTC  } {ContainersReady True 0001-01-01 00:00:00 +0000 UTC 0001-01-01 00:00:00 +0000 UTC  } {PodScheduled True 0001-01-01 00:00:00 +0000 UTC 2018-09-17 07:07:41 +0000 UTC  }]&#xA;Sep 19 07:31:49.574: INFO: image-manager-0                                                  10.46.6.173  Running           [{Initialized True 0001-01-01 00:00:00 +0000 UTC 2018-09-17 06:38:56 +0000 UTC  } {Ready True 0001-01-01 00:00:00 +0000 UTC 2018-09-17 06:39:08 +0000 UTC  } {ContainersReady True 0001-01-01 00:00:00 +0000 UTC 0001-01-01 00:00:00 +0000 UTC  } {PodScheduled True 0001-01-01 00:00:00 +0000 UTC 2018-09-17 06:38:56 +0000 UTC  }]&#xA;Sep 19 07:31:49.574: INFO: k8s-etcd-10.46.6.173                                             10.46.6.173  Running           [{Initialized True 0001-01-01 00:00:00 +0000 UTC 2018-09-17 06:35:49 +0000 UTC  } {Ready True 0001-01-01 00:00:00 +0000 UTC 2018-09-17 06:35:54 +0000 UTC  } {ContainersReady True 0001-01-01 00:00:00 +0000 UTC 0001-01-01 00:00:00 +0000 UTC  } {PodScheduled True 0001-01-01 00:00:00 +0000 UTC 2018-09-17 06:35:49 +0000 UTC  }]&#xA;Sep 19 07:31:49.574: INFO: k8s-master-10.46.6.173                                           10.46.6.173  Running           [{Initialized True 0001-01-01 00:00:00 +0000 UTC 2018-09-17 06:37:18 +0000 UTC  } {Ready True 0001-01-01 00:00:00 +0000 UTC 2018-09-17 06:37:26 +0000 UTC  } {ContainersReady True 0001-01-01 00:00:00 +0000 UTC 0001-01-01 00:00:00 +0000 UTC  } {PodScheduled True 0001-01-01 00:00:00 +0000 UTC 2018-09-17 06:37:18 +0000 UTC  }]&#xA;Sep 19 07:31:49.574: INFO: k8s-proxy-10.46.6.170                                            10.46.6.170  Running           [{Initialized True 0001-01-01 00:00:00 +0000 UTC 2018-09-17 07:05:43 +0000 UTC  } {Ready True 0001-01-01 00:00:00 +0000 UTC 2018-09-17 07:05:46 +0000 UTC  } {ContainersReady True 0001-01-01 00:00:00 +0000 UTC 0001-01-01 00:00:00 +0000 UTC  } {PodScheduled True 0001-01-01 00:00:00 +0000 UTC 2018-09-17 07:05:43 +0000 UTC  }]&#xA;Sep 19 07:31:49.574: INFO: k8s-proxy-10.46.6.171                                            10.46.6.171  Running           [{Initialized True 0001-01-01 00:00:00 +0000 UTC 2018-09-17 07:05:44 +0000 UTC  } {Ready True 0001-01-01 00:00:00 +0000 UTC 2018-09-17 07:05:46 +0000 UTC  } {ContainersReady True 0001-01-01 00:00:00 +0000 UTC 0001-01-01 00:00:00 +0000 UTC  } {PodScheduled True 0001-01-01 00:00:00 +0000 UTC 2018-09-17 07:05:44 +0000 UTC  }]&#xA;Sep 19 07:31:49.574: INFO: k8s-proxy-10.46.6.172                                            10.46.6.172  Running           [{Initialized True 0001-01-01 00:00:00 +0000 UTC 2018-09-17 07:05:44 +0000 UTC  } {Ready True 0001-01-01 00:00:00 +0000 UTC 2018-09-17 07:05:48 +0000 UTC  } {ContainersReady True 0001-01-01 00:00:00 +0000 UTC 0001-01-01 00:00:00 +0000 UTC  } {PodScheduled True 0001-01-01 00:00:00 +0000 UTC 2018-09-17 07:05:44 +0000 UTC  }]&#xA;Sep 19 07:31:49.574: INFO: k8s-proxy-10.46.6.173                                            10.46.6.173  Running           [{Initialized True 0001-01-01 00:00:00 +0000 UTC 2018-09-17 06:35:45 +0000 UTC  } {Ready True 0001-01-01 00:00:00 +0000 UTC 2018-09-17 06:35:50 +0000 UTC  } {ContainersReady True 0001-01-01 00:00:00 +0000 UTC 0001-01-01 00:00:00 +0000 UTC  } {PodScheduled True 0001-01-01 00:00:00 +0000 UTC 2018-09-17 06:35:45 +0000 UTC  }]&#xA;Sep 19 07:31:49.574: INFO: kube-dns-mwjc8                                                   10.46.6.173  Running           [{Initialized True 0001-01-01 00:00:00 +0000 UTC 2018-09-17 07:06:10 +0000 UTC  } {Ready True 0001-01-01 00:00:00 +0000 UTC 2018-09-17 07:06:18 +0000 UTC  } {ContainersReady True 0001-01-01 00:00:00 +0000 UTC 0001-01-01 00:00:00 +0000 UTC  } {PodScheduled True 0001-01-01 00:00:00 +0000 UTC 2018-09-17 07:06:10 +0000 UTC  }]&#xA;Sep 19 07:31:49.574: INFO: logging-elk-client-75d4d7994c-7g7fn                              10.46.6.171  Running           [{Initialized True 0001-01-01 00:00:00 +0000 UTC 2018-09-17 07:15:40 +0000 UTC  } {Ready True 0001-01-01 00:00:00 +0000 UTC 2018-09-17 07:16:22 +0000 UTC  } {ContainersReady True 0001-01-01 00:00:00 +0000 UTC 0001-01-01 00:00:00 +0000 UTC  } {PodScheduled True 0001-01-01 00:00:00 +0000 UTC 2018-09-17 07:15:20 +0000 UTC  }]&#xA;Sep 19 07:31:49.574: INFO: logging-elk-data-0                                               10.46.6.171  Running           [{Initialized True 0001-01-01 00:00:00 +0000 UTC 2018-09-17 07:15:47 +0000 UTC  } {Ready True 0001-01-01 00:00:00 +0000 UTC 2018-09-17 07:16:16 +0000 UTC  } {ContainersReady True 0001-01-01 00:00:00 +0000 UTC 0001-01-01 00:00:00 +0000 UTC  } {PodScheduled True 0001-01-01 00:00:00 +0000 UTC 2018-09-17 07:15:20 +0000 UTC  }]&#xA;Sep 19 07:31:49.574: INFO: logging-elk-elasticsearch-tls-init-6hnl4                         10.46.6.171  Succeeded         [{Initialized True 0001-01-01 00:00:00 +0000 UTC 2018-09-17 07:15:20 +0000 UTC PodCompleted } {Ready False 0001-01-01 00:00:00 +0000 UTC 2018-09-17 07:17:46 +0000 UTC PodCompleted } {ContainersReady False 0001-01-01 00:00:00 +0000 UTC 0001-01-01 00:00:00 +0000 UTC PodCompleted } {PodScheduled True 0001-01-01 00:00:00 +0000 UTC 2018-09-17 07:15:20 +0000 UTC  }]&#xA;Sep 19 07:31:49.575: INFO: logging-elk-filebeat-ds-bs86r                                    10.46.6.171  Running           [{Initialized True 0001-01-01 00:00:00 +0000 UTC 2018-09-17 07:15:20 +0000 UTC  } {Ready True 0001-01-01 00:00:00 +0000 UTC 2018-09-17 07:15:42 +0000 UTC  } {ContainersReady True 0001-01-01 00:00:00 +0000 UTC 0001-01-01 00:00:00 +0000 UTC  } {PodScheduled True 0001-01-01 00:00:00 +0000 UTC 2018-09-17 07:15:20 +0000 UTC  }]&#xA;Sep 19 07:31:49.575: INFO: logging-elk-filebeat-ds-jtd5q                                    10.46.6.170  Running           [{Initialized True 0001-01-01 00:00:00 +0000 UTC 2018-09-17 07:15:20 +0000 UTC  } {Ready True 0001-01-01 00:00:00 +0000 UTC 2018-09-17 07:15:37 +0000 UTC  } {ContainersReady True 0001-01-01 00:00:00 +0000 UTC 0001-01-01 00:00:00 +0000 UTC  } {PodScheduled True 0001-01-01 00:00:00 +0000 UTC 2018-09-17 07:15:20 +0000 UTC  }]&#xA;Sep 19 07:31:49.575: INFO: logging-elk-filebeat-ds-qf2vz                                    10.46.6.173  Running           [{Initialized True 0001-01-01 00:00:00 +0000 UTC 2018-09-17 07:15:20 +0000 UTC  } {Ready True 0001-01-01 00:00:00 +0000 UTC 2018-09-17 07:15:39 +0000 UTC  } {ContainersReady True 0001-01-01 00:00:00 +0000 UTC 0001-01-01 00:00:00 +0000 UTC  } {PodScheduled True 0001-01-01 00:00:00 +0000 UTC 2018-09-17 07:15:20 +0000 UTC  }]&#xA;Sep 19 07:31:49.575: INFO: logging-elk-filebeat-ds-vpk48                                    10.46.6.172  Running           [{Initialized True 0001-01-01 00:00:00 +0000 UTC 2018-09-17 07:15:20 +0000 UTC  } {Ready True 0001-01-01 00:00:00 +0000 UTC 2018-09-17 07:15:39 +0000 UTC  } {ContainersReady True 0001-01-01 00:00:00 +0000 UTC 0001-01-01 00:00:00 +0000 UTC  } {PodScheduled True 0001-01-01 00:00:00 +0000 UTC 2018-09-17 07:15:20 +0000 UTC  }]&#xA;Sep 19 07:31:49.575: INFO: logging-elk-kibana-ff4db4866-s2295                               10.46.6.171  Running           [{Initialized True 0001-01-01 00:00:00 +0000 UTC 2018-09-17 07:15:21 +0000 UTC  } {Ready True 0001-01-01 00:00:00 +0000 UTC 2018-09-17 07:15:45 +0000 UTC  } {ContainersReady True 0001-01-01 00:00:00 +0000 UTC 0001-01-01 00:00:00 +0000 UTC  } {PodScheduled True 0001-01-01 00:00:00 +0000 UTC 2018-09-17 07:15:21 +0000 UTC  }]&#xA;Sep 19 07:31:49.575: INFO: logging-elk-logstash-7994656f46-r89mt                            10.46.6.171  Running           [{Initialized True 0001-01-01 00:00:00 +0000 UTC 2018-09-17 07:15:22 +0000 UTC  } {Ready True 0001-01-01 00:00:00 +0000 UTC 2018-09-17 07:16:16 +0000 UTC  } {ContainersReady True 0001-01-01 00:00:00 +0000 UTC 0001-01-01 00:00:00 +0000 UTC  } {PodScheduled True 0001-01-01 00:00:00 +0000 UTC 2018-09-17 07:15:21 +0000 UTC  }]&#xA;Sep 19 07:31:49.575: INFO: logging-elk-master-6cdcf45f7d-gp28f                              10.46.6.171  Running           [{Initialized True 0001-01-01 00:00:00 +0000 UTC 2018-09-17 07:15:47 +0000 UTC  } {Ready True 0001-01-01 00:00:00 +0000 UTC 2018-09-17 07:16:16 +0000 UTC  } {ContainersReady True 0001-01-01 00:00:00 +0000 UTC 0001-01-01 00:00:00 +0000 UTC  } {PodScheduled True 0001-01-01 00:00:00 +0000 UTC 2018-09-17 07:15:21 +0000 UTC  }]&#xA;Sep 19 07:31:49.575: INFO: mariadb-0                                                        10.46.6.173  Running           [{Initialized True 0001-01-01 00:00:00 +0000 UTC 2018-09-17 07:08:38 +0000 UTC  } {Ready True 0001-01-01 00:00:00 +0000 UTC 2018-09-17 07:09:15 +0000 UTC  } {ContainersReady True 0001-01-01 00:00:00 +0000 UTC 0001-01-01 00:00:00 +0000 UTC  } {PodScheduled True 0001-01-01 00:00:00 +0000 UTC 2018-09-17 07:08:37 +0000 UTC  }]&#xA;Sep 19 07:31:49.575: INFO: metering-dm-8b475fc57-cmm6h                                      10.46.6.171  Running           [{Initialized True 0001-01-01 00:00:00 +0000 UTC 2018-09-17 07:14:20 +0000 UTC  } {Ready True 0001-01-01 00:00:00 +0000 UTC 2018-09-17 07:14:49 +0000 UTC  } {ContainersReady True 0001-01-01 00:00:00 +0000 UTC 0001-01-01 00:00:00 +0000 UTC  } {PodScheduled True 0001-01-01 00:00:00 +0000 UTC 2018-09-17 07:14:12 +0000 UTC  }]&#xA;Sep 19 07:31:49.575: INFO: metering-reader-44wd7                                            10.46.6.170  Running           [{Initialized True 0001-01-01 00:00:00 +0000 UTC 2018-09-17 07:14:20 +0000 UTC  } {Ready True 0001-01-01 00:00:00 +0000 UTC 2018-09-17 07:14:46 +0000 UTC  } {ContainersReady True 0001-01-01 00:00:00 +0000 UTC 0001-01-01 00:00:00 +0000 UTC  } {PodScheduled True 0001-01-01 00:00:00 +0000 UTC 2018-09-17 07:14:11 +0000 UTC  }]&#xA;Sep 19 07:31:49.575: INFO: metering-reader-gsrdg                                            10.46.6.172  Running           [{Initialized True 0001-01-01 00:00:00 +0000 UTC 2018-09-17 07:14:23 +0000 UTC  } {Ready True 0001-01-01 00:00:00 +0000 UTC 2018-09-17 07:14:52 +0000 UTC  } {ContainersReady True 0001-01-01 00:00:00 +0000 UTC 0001-01-01 00:00:00 +0000 UTC  } {PodScheduled True 0001-01-01 00:00:00 +0000 UTC 2018-09-17 07:14:11 +0000 UTC  }]&#xA;Sep 19 07:31:49.575: INFO: metering-reader-l7284                                            10.46.6.173  Running           [{Initialized True 0001-01-01 00:00:00 +0000 UTC 2018-09-17 07:14:24 +0000 UTC  } {Ready True 0001-01-01 00:00:00 +0000 UTC 2018-09-17 07:14:45 +0000 UTC  } {ContainersReady True 0001-01-01 00:00:00 +0000 UTC 0001-01-01 00:00:00 +0000 UTC  } {PodScheduled True 0001-01-01 00:00:00 +0000 UTC 2018-09-17 07:14:11 +0000 UTC  }]&#xA;Sep 19 07:31:49.575: INFO: metering-reader-xq8f2                                            10.46.6.171  Running           [{Initialized True 0001-01-01 00:00:00 +0000 UTC 2018-09-17 07:14:23 +0000 UTC  } {Ready True 0001-01-01 00:00:00 +0000 UTC 2018-09-17 07:14:55 +0000 UTC  } {ContainersReady True 0001-01-01 00:00:00 +0000 UTC 0001-01-01 00:00:00 +0000 UTC  } {PodScheduled True 0001-01-01 00:00:00 +0000 UTC 2018-09-17 07:14:11 +0000 UTC  }]&#xA;Sep 19 07:31:49.575: INFO: metering-ui-5bbfbb5d49-wkh8m                                     10.46.6.171  Running           [{Initialized True 0001-01-01 00:00:00 +0000 UTC 2018-09-17 07:14:22 +0000 UTC  } {Ready True 0001-01-01 00:00:00 +0000 UTC 2018-09-17 07:14:55 +0000 UTC  } {ContainersReady True 0001-01-01 00:00:00 +0000 UTC 0001-01-01 00:00:00 +0000 UTC  } {PodScheduled True 0001-01-01 00:00:00 +0000 UTC 2018-09-17 07:14:12 +0000 UTC  }]&#xA;Sep 19 07:31:49.575: INFO: metrics-server-6d6695f9db-8t4xs                                  10.46.6.171  Running           [{Initialized True 0001-01-01 00:00:00 +0000 UTC 2018-09-17 07:08:51 +0000 UTC  } {Ready True 0001-01-01 00:00:00 +0000 UTC 2018-09-17 07:08:55 +0000 UTC  } {ContainersReady True 0001-01-01 00:00:00 +0000 UTC 0001-01-01 00:00:00 +0000 UTC  } {PodScheduled True 0001-01-01 00:00:00 +0000 UTC 2018-09-17 07:08:51 +0000 UTC  }]&#xA;Sep 19 07:31:49.575: INFO: mgmt-repo-57dc689b74-tmp44                                       10.46.6.173  Running           [{Initialized True 0001-01-01 00:00:00 +0000 UTC 2018-09-17 07:18:10 +0000 UTC  } {Ready True 0001-01-01 00:00:00 +0000 UTC 2018-09-17 07:18:54 +0000 UTC  } {ContainersReady True 0001-01-01 00:00:00 +0000 UTC 0001-01-01 00:00:00 +0000 UTC  } {PodScheduled True 0001-01-01 00:00:00 +0000 UTC 2018-09-17 07:17:50 +0000 UTC  }]&#xA;Sep 19 07:31:49.575: INFO: monitoring-grafana-548b947c8c-dh89z                              10.46.6.171  Running           [{Initialized True 0001-01-01 00:00:00 +0000 UTC 2018-09-17 07:16:14 +0000 UTC  } {Ready True 0001-01-01 00:00:00 +0000 UTC 2018-09-17 07:16:59 +0000 UTC  } {ContainersReady True 0001-01-01 00:00:00 +0000 UTC 0001-01-01 00:00:00 +0000 UTC  } {PodScheduled True 0001-01-01 00:00:00 +0000 UTC 2018-09-17 07:15:46 +0000 UTC  }]&#xA;Sep 19 07:31:49.575: INFO: monitoring-prometheus-6677d7c77f-pnpt5                           10.46.6.171  Running           [{Initialized True 0001-01-01 00:00:00 +0000 UTC 2018-09-17 07:16:14 +0000 UTC  } {Ready True 0001-01-01 00:00:00 +0000 UTC 2018-09-17 07:17:03 +0000 UTC  } {ContainersReady True 0001-01-01 00:00:00 +0000 UTC 0001-01-01 00:00:00 +0000 UTC  } {PodScheduled True 0001-01-01 00:00:00 +0000 UTC 2018-09-17 07:15:45 +0000 UTC  }]&#xA;Sep 19 07:31:49.575: INFO: monitoring-prometheus-alertmanager-7d8749dbb8-xj68d              10.46.6.171  Running           [{Initialized True 0001-01-01 00:00:00 +0000 UTC 2018-09-17 07:15:46 +0000 UTC  } {Ready True 0001-01-01 00:00:00 +0000 UTC 2018-09-17 07:16:45 +0000 UTC  } {ContainersReady True 0001-01-01 00:00:00 +0000 UTC 0001-01-01 00:00:00 +0000 UTC  } {PodScheduled True 0001-01-01 00:00:00 +0000 UTC 2018-09-17 07:15:45 +0000 UTC  }]&#xA;Sep 19 07:31:49.575: INFO: monitoring-prometheus-collectdexporter-77575678dc-v8n2l          10.46.6.171  Running           [{Initialized True 0001-01-01 00:00:00 +0000 UTC 2018-09-17 07:15:46 +0000 UTC  } {Ready True 0001-01-01 00:00:00 +0000 UTC 2018-09-17 07:16:42 +0000 UTC  } {ContainersReady True 0001-01-01 00:00:00 +0000 UTC 0001-01-01 00:00:00 +0000 UTC  } {PodScheduled True 0001-01-01 00:00:00 +0000 UTC 2018-09-17 07:15:45 +0000 UTC  }]&#xA;Sep 19 07:31:49.575: INFO: monitoring-prometheus-elasticsearchexporter-655864cccb-c6tps     10.46.6.171  Running           [{Initialized True 0001-01-01 00:00:00 +0000 UTC 2018-09-17 07:15:46 +0000 UTC  } {Ready True 0001-01-01 00:00:00 +0000 UTC 2018-09-17 07:16:52 +0000 UTC  } {ContainersReady True 0001-01-01 00:00:00 +0000 UTC 0001-01-01 00:00:00 +0000 UTC  } {PodScheduled True 0001-01-01 00:00:00 +0000 UTC 2018-09-17 07:15:45 +0000 UTC  }]&#xA;Sep 19 07:31:49.575: INFO: monitoring-prometheus-kubestatemetrics-54dcbb6cfb-76zmm          10.46.6.171  Running           [{Initialized True 0001-01-01 00:00:00 +0000 UTC 2018-09-17 07:15:45 +0000 UTC  } {Ready True 0001-01-01 00:00:00 +0000 UTC 2018-09-17 07:16:34 +0000 UTC  } {ContainersReady True 0001-01-01 00:00:00 +0000 UTC 0001-01-01 00:00:00 +0000 UTC  } {PodScheduled True 0001-01-01 00:00:00 +0000 UTC 2018-09-17 07:15:45 +0000 UTC  }]&#xA;Sep 19 07:31:49.575: INFO: monitoring-prometheus-nodeexporter-9fnpb                         10.46.6.171  Running           [{Initialized True 0001-01-01 00:00:00 +0000 UTC 2018-09-17 07:15:44 +0000 UTC  } {Ready True 0001-01-01 00:00:00 +0000 UTC 2018-09-17 07:16:44 +0000 UTC  } {ContainersReady True 0001-01-01 00:00:00 +0000 UTC 0001-01-01 00:00:00 +0000 UTC  } {PodScheduled True 0001-01-01 00:00:00 +0000 UTC 2018-09-17 07:15:44 +0000 UTC  }]&#xA;Sep 19 07:31:49.575: INFO: monitoring-prometheus-nodeexporter-f84fv                         10.46.6.173  Running           [{Initialized True 0001-01-01 00:00:00 +0000 UTC 2018-09-17 07:15:45 +0000 UTC  } {Ready True 0001-01-01 00:00:00 +0000 UTC 2018-09-17 07:16:28 +0000 UTC  } {ContainersReady True 0001-01-01 00:00:00 +0000 UTC 0001-01-01 00:00:00 +0000 UTC  } {PodScheduled True 0001-01-01 00:00:00 +0000 UTC 2018-09-17 07:15:45 +0000 UTC  }]&#xA;Sep 19 07:31:49.575: INFO: monitoring-prometheus-nodeexporter-tpbc8                         10.46.6.170  Running           [{Initialized True 0001-01-01 00:00:00 +0000 UTC 2018-09-17 07:15:44 +0000 UTC  } {Ready True 0001-01-01 00:00:00 +0000 UTC 2018-09-17 07:16:27 +0000 UTC  } {ContainersReady True 0001-01-01 00:00:00 +0000 UTC 0001-01-01 00:00:00 +0000 UTC  } {PodScheduled True 0001-01-01 00:00:00 +0000 UTC 2018-09-17 07:15:44 +0000 UTC  }]&#xA;Sep 19 07:31:49.575: INFO: monitoring-prometheus-nodeexporter-v4l7d                         10.46.6.172  Running           [{Initialized True 0001-01-01 00:00:00 +0000 UTC 2018-09-17 07:15:44 +0000 UTC  } {Ready True 0001-01-01 00:00:00 +0000 UTC 2018-09-17 07:16:31 +0000 UTC  } {ContainersReady True 0001-01-01 00:00:00 +0000 UTC 0001-01-01 00:00:00 +0000 UTC  } {PodScheduled True 0001-01-01 00:00:00 +0000 UTC 2018-09-17 07:15:44 +0000 UTC  }]&#xA;Sep 19 07:31:49.575: INFO: my-ibm-open-liberty-ibm-7f7d9778d7-7t5jc                         10.46.6.170  Running           [{Initialized True 0001-01-01 00:00:00 +0000 UTC 2018-09-17 08:22:24 +0000 UTC  } {Ready True 0001-01-01 00:00:00 +0000 UTC 2018-09-17 08:23:21 +0000 UTC  } {ContainersReady True 0001-01-01 00:00:00 +0000 UTC 0001-01-01 00:00:00 +0000 UTC  } {PodScheduled True 0001-01-01 00:00:00 +0000 UTC 2018-09-17 08:22:24 +0000 UTC  }]&#xA;Sep 19 07:31:49.575: INFO: nginx-ingress-controller-h5z2v                                   10.46.6.173  Running           [{Initialized True 0001-01-01 00:00:00 +0000 UTC 2018-09-17 07:08:39 +0000 UTC  } {Ready True 0001-01-01 00:00:00 +0000 UTC 2018-09-17 07:08:54 +0000 UTC  } {ContainersReady True 0001-01-01 00:00:00 +0000 UTC 0001-01-01 00:00:00 +0000 UTC  } {PodScheduled True 0001-01-01 00:00:00 +0000 UTC 2018-09-17 07:08:28 +0000 UTC  }]&#xA;Sep 19 07:31:49.575: INFO: nvidia-device-plugin-9h2k4                                       10.46.6.170  Running           [{Initialized True 0001-01-01 00:00:00 +0000 UTC 2018-09-17 07:07:23 +0000 UTC  } {Ready True 0001-01-01 00:00:00 +0000 UTC 2018-09-17 07:07:24 +0000 UTC  } {ContainersReady True 0001-01-01 00:00:00 +0000 UTC 0001-01-01 00:00:00 +0000 UTC  } {PodScheduled True 0001-01-01 00:00:00 +0000 UTC 2018-09-17 07:07:17 +0000 UTC  }]&#xA;Sep 19 07:31:49.575: INFO: nvidia-device-plugin-nh54k                                       10.46.6.173  Running           [{Initialized True 0001-01-01 00:00:00 +0000 UTC 2018-09-17 07:07:29 +0000 UTC  } {Ready True 0001-01-01 00:00:00 +0000 UTC 2018-09-17 07:07:33 +0000 UTC  } {ContainersReady True 0001-01-01 00:00:00 +0000 UTC 0001-01-01 00:00:00 +0000 UTC  } {PodScheduled True 0001-01-01 00:00:00 +0000 UTC 2018-09-17 07:07:17 +0000 UTC  }]&#xA;Sep 19 07:31:49.575: INFO: nvidia-device-plugin-vh85n                                       10.46.6.171  Running           [{Initialized True 0001-01-01 00:00:00 +0000 UTC 2018-09-17 07:07:21 +0000 UTC  } {Ready True 0001-01-01 00:00:00 +0000 UTC 2018-09-17 07:07:23 +0000 UTC  } {ContainersReady True 0001-01-01 00:00:00 +0000 UTC 0001-01-01 00:00:00 +0000 UTC  } {PodScheduled True 0001-01-01 00:00:00 +0000 UTC 2018-09-17 07:07:17 +0000 UTC  }]&#xA;Sep 19 07:31:49.575: INFO: nvidia-device-plugin-w9jr8                                       10.46.6.172  Running           [{Initialized True 0001-01-01 00:00:00 +0000 UTC 2018-09-17 07:07:24 +0000 UTC  } {Ready True 0001-01-01 00:00:00 +0000 UTC 2018-09-17 07:07:26 +0000 UTC  } {ContainersReady True 0001-01-01 00:00:00 +0000 UTC 0001-01-01 00:00:00 +0000 UTC  } {PodScheduled True 0001-01-01 00:00:00 +0000 UTC 2018-09-17 07:07:17 +0000 UTC  }]&#xA;Sep 19 07:31:49.575: INFO: oidc-client-registration-szxrk                                   10.46.6.173  Succeeded         [{Initialized True 0001-01-01 00:00:00 +0000 UTC 2018-09-17 07:10:05 +0000 UTC PodCompleted } {Ready False 0001-01-01 00:00:00 +0000 UTC 2018-09-17 07:12:27 +0000 UTC PodCompleted } {ContainersReady False 0001-01-01 00:00:00 +0000 UTC 0001-01-01 00:00:00 +0000 UTC PodCompleted } {PodScheduled True 0001-01-01 00:00:00 +0000 UTC 2018-09-17 07:10:04 +0000 UTC  }]&#xA;Sep 19 07:31:49.575: INFO: platform-api-2fs4x                                               10.46.6.173  Running           [{Initialized True 0001-01-01 00:00:00 +0000 UTC 2018-09-17 07:08:45 +0000 UTC  } {Ready True 0001-01-01 00:00:00 +0000 UTC 2018-09-17 07:16:29 +0000 UTC  } {ContainersReady True 0001-01-01 00:00:00 +0000 UTC 0001-01-01 00:00:00 +0000 UTC  } {PodScheduled True 0001-01-01 00:00:00 +0000 UTC 2018-09-17 07:08:45 +0000 UTC  }]&#xA;Sep 19 07:31:49.575: INFO: platform-deploy-dbbks                                            10.46.6.173  Running           [{Initialized True 0001-01-01 00:00:00 +0000 UTC 2018-09-17 07:08:45 +0000 UTC  } {Ready True 0001-01-01 00:00:00 +0000 UTC 2018-09-17 07:08:57 +0000 UTC  } {ContainersReady True 0001-01-01 00:00:00 +0000 UTC 0001-01-01 00:00:00 +0000 UTC  } {PodScheduled True 0001-01-01 00:00:00 +0000 UTC 2018-09-17 07:08:45 +0000 UTC  }]&#xA;Sep 19 07:31:49.575: INFO: platform-ui-6fjgx                                                10.46.6.173  Running           [{Initialized True 0001-01-01 00:00:00 +0000 UTC 2018-09-17 07:14:34 +0000 UTC  } {Ready True 0001-01-01 00:00:00 +0000 UTC 2018-09-17 07:15:20 +0000 UTC  } {ContainersReady True 0001-01-01 00:00:00 +0000 UTC 0001-01-01 00:00:00 +0000 UTC  } {PodScheduled True 0001-01-01 00:00:00 +0000 UTC 2018-09-17 07:14:34 +0000 UTC  }]&#xA;Sep 19 07:31:49.575: INFO: secret-watcher-5f59fcbc69-pfnfk                                  10.46.6.173  Running           [{Initialized True 0001-01-01 00:00:00 +0000 UTC 2018-09-17 07:18:05 +0000 UTC  } {Ready True 0001-01-01 00:00:00 +0000 UTC 2018-09-17 07:18:30 +0000 UTC  } {ContainersReady True 0001-01-01 00:00:00 +0000 UTC 0001-01-01 00:00:00 +0000 UTC  } {PodScheduled True 0001-01-01 00:00:00 +0000 UTC 2018-09-17 07:18:04 +0000 UTC  }]&#xA;Sep 19 07:31:49.575: INFO: security-onboarding-tkf79                                        10.46.6.173  Succeeded         [{Initialized True 0001-01-01 00:00:00 +0000 UTC 2018-09-17 07:18:12 +0000 UTC PodCompleted } {Ready False 0001-01-01 00:00:00 +0000 UTC 2018-09-17 07:20:02 +0000 UTC PodCompleted } {ContainersReady False 0001-01-01 00:00:00 +0000 UTC 0001-01-01 00:00:00 +0000 UTC PodCompleted } {PodScheduled True 0001-01-01 00:00:00 +0000 UTC 2018-09-17 07:18:12 +0000 UTC  }]&#xA;Sep 19 07:31:49.575: INFO: service-catalog-apiserver-967x9                                  10.46.6.173  Running           [{Initialized True 0001-01-01 00:00:00 +0000 UTC 2018-09-17 07:08:20 +0000 UTC  } {Ready True 0001-01-01 00:00:00 +0000 UTC 2018-09-17 07:09:01 +0000 UTC  } {ContainersReady True 0001-01-01 00:00:00 +0000 UTC 0001-01-01 00:00:00 +0000 UTC  } {PodScheduled True 0001-01-01 00:00:00 +0000 UTC 2018-09-17 07:08:20 +0000 UTC  }]&#xA;Sep 19 07:31:49.575: INFO: service-catalog-controller-manager-5969cccf86-65phs              10.46.6.173  Running           [{Initialized True 0001-01-01 00:00:00 +0000 UTC 2018-09-17 07:08:21 +0000 UTC  } {Ready True 0001-01-01 00:00:00 +0000 UTC 2018-09-17 07:08:34 +0000 UTC  } {ContainersReady True 0001-01-01 00:00:00 +0000 UTC 0001-01-01 00:00:00 +0000 UTC  } {PodScheduled True 0001-01-01 00:00:00 +0000 UTC 2018-09-17 07:08:20 +0000 UTC  }]&#xA;Sep 19 07:31:49.575: INFO: tiller-deploy-6b58875cb-5l8kh                                    10.46.6.173  Running           [{Initialized True 0001-01-01 00:00:00 +0000 UTC 2018-09-17 07:05:28 +0000 UTC  } {Ready True 0001-01-01 00:00:00 +0000 UTC 2018-09-17 07:05:43 +0000 UTC  } {ContainersReady True 0001-01-01 00:00:00 +0000 UTC 0001-01-01 00:00:00 +0000 UTC  } {PodScheduled True 0001-01-01 00:00:00 +0000 UTC 2018-09-17 07:05:28 +0000 UTC  }]&#xA;Sep 19 07:31:49.575: INFO: unified-router-lkwnl                                             10.46.6.173  Running           [{Initialized True 0001-01-01 00:00:00 +0000 UTC 2018-09-17 07:15:31 +0000 UTC  } {Ready True 0001-01-01 00:00:00 +0000 UTC 2018-09-17 07:15:40 +0000 UTC  } {ContainersReady True 0001-01-01 00:00:00 +0000 UTC 0001-01-01 00:00:00 +0000 UTC  } {PodScheduled True 0001-01-01 00:00:00 +0000 UTC 2018-09-17 07:15:31 +0000 UTC  }]&#xA;Sep 19 07:31:49.575: INFO: vulnerability-advisor-compliance-annotator-d5659b9d9-kmn8q       10.46.6.172  Running           [{Initialized True 0001-01-01 00:00:00 +0000 UTC 2018-09-17 07:19:03 +0000 UTC  } {Ready True 0001-01-01 00:00:00 +0000 UTC 2018-09-17 07:21:08 +0000 UTC  } {ContainersReady True 0001-01-01 00:00:00 +0000 UTC 0001-01-01 00:00:00 +0000 UTC  } {PodScheduled True 0001-01-01 00:00:00 +0000 UTC 2018-09-17 07:19:03 +0000 UTC  }]&#xA;Sep 19 07:31:49.575: INFO: vulnerability-advisor-compliance-indexer-7cbdc64b57-47lmd        10.46.6.172  Running           [{Initialized True 0001-01-01 00:00:00 +0000 UTC 2018-09-17 07:19:07 +0000 UTC  } {Ready True 0001-01-01 00:00:00 +0000 UTC 2018-09-17 07:19:33 +0000 UTC  } {ContainersReady True 0001-01-01 00:00:00 +0000 UTC 0001-01-01 00:00:00 +0000 UTC  } {PodScheduled True 0001-01-01 00:00:00 +0000 UTC 2018-09-17 07:19:06 +0000 UTC  }]&#xA;Sep 19 07:31:49.575: INFO: vulnerability-advisor-config-parser-5d44b78fd5-z4k9t             10.46.6.172  Running           [{Initialized True 0001-01-01 00:00:00 +0000 UTC 2018-09-17 07:19:04 +0000 UTC  } {Ready True 0001-01-01 00:00:00 +0000 UTC 2018-09-17 07:21:09 +0000 UTC  } {ContainersReady True 0001-01-01 00:00:00 +0000 UTC 0001-01-01 00:00:00 +0000 UTC  } {PodScheduled True 0001-01-01 00:00:00 +0000 UTC 2018-09-17 07:19:03 +0000 UTC  }]&#xA;Sep 19 07:31:49.575: INFO: vulnerability-advisor-cos-indexer-57899b7dd6-7cpf8               10.46.6.172  Running           [{Initialized True 0001-01-01 00:00:00 +0000 UTC 2018-09-17 07:19:04 +0000 UTC  } {Ready True 0001-01-01 00:00:00 +0000 UTC 2018-09-19 07:20:04 +0000 UTC  } {ContainersReady True 0001-01-01 00:00:00 +0000 UTC 0001-01-01 00:00:00 +0000 UTC  } {PodScheduled True 0001-01-01 00:00:00 +0000 UTC 2018-09-17 07:19:04 +0000 UTC  }]&#xA;Sep 19 07:31:49.575: INFO: vulnerability-advisor-kafka-0                                    10.46.6.172  Running           [{Initialized True 0001-01-01 00:00:00 +0000 UTC 2018-09-17 07:19:13 +0000 UTC  } {Ready True 0001-01-01 00:00:00 +0000 UTC 2018-09-17 07:20:53 +0000 UTC  } {ContainersReady True 0001-01-01 00:00:00 +0000 UTC 0001-01-01 00:00:00 +0000 UTC  } {PodScheduled True 0001-01-01 00:00:00 +0000 UTC 2018-09-17 07:19:13 +0000 UTC  }]&#xA;Sep 19 07:31:49.575: INFO: vulnerability-advisor-live-crawler-84st2                         10.46.6.172  Running           [{Initialized True 0001-01-01 00:00:00 +0000 UTC 2018-09-17 07:19:03 +0000 UTC  } {Ready True 0001-01-01 00:00:00 +0000 UTC 2018-09-17 07:19:26 +0000 UTC  } {ContainersReady True 0001-01-01 00:00:00 +0000 UTC 0001-01-01 00:00:00 +0000 UTC  } {PodScheduled True 0001-01-01 00:00:00 +0000 UTC 2018-09-17 07:19:03 +0000 UTC  }]&#xA;Sep 19 07:31:49.575: INFO: vulnerability-advisor-live-crawler-ccxd7                         10.46.6.170  Running           [{Initialized True 0001-01-01 00:00:00 +0000 UTC 2018-09-17 07:19:03 +0000 UTC  } {Ready True 0001-01-01 00:00:00 +0000 UTC 2018-09-17 07:19:14 +0000 UTC  } {ContainersReady True 0001-01-01 00:00:00 +0000 UTC 0001-01-01 00:00:00 +0000 UTC  } {PodScheduled True 0001-01-01 00:00:00 +0000 UTC 2018-09-17 07:19:03 +0000 UTC  }]&#xA;Sep 19 07:31:49.575: INFO: vulnerability-advisor-live-crawler-p6khc                         10.46.6.173  Running           [{Initialized True 0001-01-01 00:00:00 +0000 UTC 2018-09-17 07:19:02 +0000 UTC  } {Ready True 0001-01-01 00:00:00 +0000 UTC 2018-09-17 07:19:22 +0000 UTC  } {ContainersReady True 0001-01-01 00:00:00 +0000 UTC 0001-01-01 00:00:00 +0000 UTC  } {PodScheduled True 0001-01-01 00:00:00 +0000 UTC 2018-09-17 07:19:02 +0000 UTC  }]&#xA;Sep 19 07:31:49.575: INFO: vulnerability-advisor-live-crawler-xxz8p                         10.46.6.171  Running           [{Initialized True 0001-01-01 00:00:00 +0000 UTC 2018-09-17 07:19:03 +0000 UTC  } {Ready True 0001-01-01 00:00:00 +0000 UTC 2018-09-17 07:19:18 +0000 UTC  } {ContainersReady True 0001-01-01 00:00:00 +0000 UTC 0001-01-01 00:00:00 +0000 UTC  } {PodScheduled True 0001-01-01 00:00:00 +0000 UTC 2018-09-17 07:19:03 +0000 UTC  }]&#xA;Sep 19 07:31:49.575: INFO: vulnerability-advisor-ma-file-annotator-6b95df8886-jtczz         10.46.6.172  Running           [{Initialized True 0001-01-01 00:00:00 +0000 UTC 2018-09-17 07:19:04 +0000 UTC  } {Ready True 0001-01-01 00:00:00 +0000 UTC 2018-09-17 07:23:32 +0000 UTC  } {ContainersReady True 0001-01-01 00:00:00 +0000 UTC 0001-01-01 00:00:00 +0000 UTC  } {PodScheduled True 0001-01-01 00:00:00 +0000 UTC 2018-09-17 07:19:04 +0000 UTC  }]&#xA;Sep 19 07:31:49.575: INFO: vulnerability-advisor-minio-0                                    10.46.6.172  Running           [{Initialized True 0001-01-01 00:00:00 +0000 UTC 2018-09-17 07:21:51 +0000 UTC  } {Ready True 0001-01-01 00:00:00 +0000 UTC 2018-09-17 07:21:54 +0000 UTC  } {ContainersReady True 0001-01-01 00:00:00 +0000 UTC 0001-01-01 00:00:00 +0000 UTC  } {PodScheduled True 0001-01-01 00:00:00 +0000 UTC 2018-09-17 07:19:15 +0000 UTC  }]&#xA;Sep 19 07:31:49.575: INFO: vulnerability-advisor-minio-cleaner-1537228740-55f4w             10.46.6.172  Succeeded         [{Initialized True 0001-01-01 00:00:00 +0000 UTC 2018-09-17 23:59:03 +0000 UTC PodCompleted } {Ready False 0001-01-01 00:00:00 +0000 UTC 2018-09-17 23:59:42 +0000 UTC PodCompleted } {ContainersReady False 0001-01-01 00:00:00 +0000 UTC 0001-01-01 00:00:00 +0000 UTC PodCompleted } {PodScheduled True 0001-01-01 00:00:00 +0000 UTC 2018-09-17 23:59:03 +0000 UTC  }]&#xA;Sep 19 07:31:49.575: INFO: vulnerability-advisor-minio-cleaner-1537315140-nqk7v             10.46.6.172  Succeeded         [{Initialized True 0001-01-01 00:00:00 +0000 UTC 2018-09-18 23:59:04 +0000 UTC PodCompleted } {Ready False 0001-01-01 00:00:00 +0000 UTC 2018-09-19 00:00:52 +0000 UTC PodCompleted } {ContainersReady False 0001-01-01 00:00:00 +0000 UTC 0001-01-01 00:00:00 +0000 UTC PodCompleted } {PodScheduled True 0001-01-01 00:00:00 +0000 UTC 2018-09-18 23:59:04 +0000 UTC  }]&#xA;Sep 19 07:31:49.575: INFO: vulnerability-advisor-notification-dispatcher-86f8bf4b4d-cfdzb   10.46.6.172  Running           [{Initialized True 0001-01-01 00:00:00 +0000 UTC 2018-09-17 07:19:04 +0000 UTC  } {Ready True 0001-01-01 00:00:00 +0000 UTC 2018-09-17 07:20:31 +0000 UTC  } {ContainersReady True 0001-01-01 00:00:00 +0000 UTC 0001-01-01 00:00:00 +0000 UTC  } {PodScheduled True 0001-01-01 00:00:00 +0000 UTC 2018-09-17 07:19:04 +0000 UTC  }]&#xA;Sep 19 07:31:49.575: INFO: vulnerability-advisor-password-annotator-79b5d794b5-wnwqn        10.46.6.172  Running           [{Initialized True 0001-01-01 00:00:00 +0000 UTC 2018-09-17 07:19:05 +0000 UTC  } {Ready True 0001-01-01 00:00:00 +0000 UTC 2018-09-17 07:20:29 +0000 UTC  } {ContainersReady True 0001-01-01 00:00:00 +0000 UTC 0001-01-01 00:00:00 +0000 UTC  } {PodScheduled True 0001-01-01 00:00:00 +0000 UTC 2018-09-17 07:19:04 +0000 UTC  }]&#xA;Sep 19 07:31:49.575: INFO: vulnerability-advisor-process-ma-annotator-58f47d5b5f-4wglg      10.46.6.172  Running           [{Initialized True 0001-01-01 00:00:00 +0000 UTC 2018-09-17 07:19:06 +0000 UTC  } {Ready True 0001-01-01 00:00:00 +0000 UTC 2018-09-17 07:20:56 +0000 UTC  } {ContainersReady True 0001-01-01 00:00:00 +0000 UTC 0001-01-01 00:00:00 +0000 UTC  } {PodScheduled True 0001-01-01 00:00:00 +0000 UTC 2018-09-17 07:19:05 +0000 UTC  }]&#xA;Sep 19 07:31:49.575: INFO: vulnerability-advisor-process-ma-annotator-58f47d5b5f-xbxrc      10.46.6.172  Running           [{Initialized True 0001-01-01 00:00:00 +0000 UTC 2018-09-17 07:19:06 +0000 UTC  } {Ready True 0001-01-01 00:00:00 +0000 UTC 2018-09-17 07:21:50 +0000 UTC  } {ContainersReady True 0001-01-01 00:00:00 +0000 UTC 0001-01-01 00:00:00 +0000 UTC  } {PodScheduled True 0001-01-01 00:00:00 +0000 UTC 2018-09-17 07:19:05 +0000 UTC  }]&#xA;Sep 19 07:31:49.576: INFO: vulnerability-advisor-process-ma-annotator-init-869545d547nn27w  10.46.6.172  Running           [{Initialized True 0001-01-01 00:00:00 +0000 UTC 2018-09-17 07:19:06 +0000 UTC  } {Ready True 0001-01-01 00:00:00 +0000 UTC 2018-09-17 07:19:42 +0000 UTC  } {ContainersReady True 0001-01-01 00:00:00 +0000 UTC 0001-01-01 00:00:00 +0000 UTC  } {PodScheduled True 0001-01-01 00:00:00 +0000 UTC 2018-09-17 07:19:05 +0000 UTC  }]&#xA;Sep 19 07:31:49.576: INFO: vulnerability-advisor-process-ma-crawler-24z6k                   10.46.6.172  Running           [{Initialized True 0001-01-01 00:00:00 +0000 UTC 2018-09-17 07:19:03 +0000 UTC  } {Ready True 0001-01-01 00:00:00 +0000 UTC 2018-09-17 07:19:32 +0000 UTC  } {ContainersReady True 0001-01-01 00:00:00 +0000 UTC 0001-01-01 00:00:00 +0000 UTC  } {PodScheduled True 0001-01-01 00:00:00 +0000 UTC 2018-09-17 07:19:03 +0000 UTC  }]&#xA;Sep 19 07:31:49.576: INFO: vulnerability-advisor-process-ma-crawler-5g4zk                   10.46.6.170  Running           [{Initialized True 0001-01-01 00:00:00 +0000 UTC 2018-09-17 07:19:03 +0000 UTC  } {Ready True 0001-01-01 00:00:00 +0000 UTC 2018-09-17 07:19:16 +0000 UTC  } {ContainersReady True 0001-01-01 00:00:00 +0000 UTC 0001-01-01 00:00:00 +0000 UTC  } {PodScheduled True 0001-01-01 00:00:00 +0000 UTC 2018-09-17 07:19:03 +0000 UTC  }]&#xA;Sep 19 07:31:49.576: INFO: vulnerability-advisor-process-ma-crawler-96728                   10.46.6.173  Running           [{Initialized True 0001-01-01 00:00:00 +0000 UTC 2018-09-17 07:19:03 +0000 UTC  } {Ready True 0001-01-01 00:00:00 +0000 UTC 2018-09-17 07:19:23 +0000 UTC  } {ContainersReady True 0001-01-01 00:00:00 +0000 UTC 0001-01-01 00:00:00 +0000 UTC  } {PodScheduled True 0001-01-01 00:00:00 +0000 UTC 2018-09-17 07:19:03 +0000 UTC  }]&#xA;Sep 19 07:31:49.576: INFO: vulnerability-advisor-process-ma-crawler-b7k2d                   10.46.6.171  Running           [{Initialized True 0001-01-01 00:00:00 +0000 UTC 2018-09-17 07:19:03 +0000 UTC  } {Ready True 0001-01-01 00:00:00 +0000 UTC 2018-09-17 07:19:13 +0000 UTC  } {ContainersReady True 0001-01-01 00:00:00 +0000 UTC 0001-01-01 00:00:00 +0000 UTC  } {PodScheduled True 0001-01-01 00:00:00 +0000 UTC 2018-09-17 07:19:03 +0000 UTC  }]&#xA;Sep 19 07:31:49.576: INFO: vulnerability-advisor-registry-crawler-6f9568677b-bfpm6          10.46.6.172  Running           [{Initialized True 0001-01-01 00:00:00 +0000 UTC 2018-09-17 07:19:08 +0000 UTC  } {Ready True 0001-01-01 00:00:00 +0000 UTC 2018-09-17 07:19:48 +0000 UTC  } {ContainersReady True 0001-01-01 00:00:00 +0000 UTC 0001-01-01 00:00:00 +0000 UTC  } {PodScheduled True 0001-01-01 00:00:00 +0000 UTC 2018-09-17 07:19:07 +0000 UTC  }]&#xA;Sep 19 07:31:49.576: INFO: vulnerability-advisor-rootkit-annotator-74cb65b5cf-2dk5j         10.46.6.172  Running           [{Initialized True 0001-01-01 00:00:00 +0000 UTC 2018-09-17 07:19:08 +0000 UTC  } {Ready True 0001-01-01 00:00:00 +0000 UTC 2018-09-17 07:20:26 +0000 UTC  } {ContainersReady True 0001-01-01 00:00:00 +0000 UTC 0001-01-01 00:00:00 +0000 UTC  } {PodScheduled True 0001-01-01 00:00:00 +0000 UTC 2018-09-17 07:19:07 +0000 UTC  }]&#xA;Sep 19 07:31:49.576: INFO: vulnerability-advisor-rootkit-indexer-cd8b4646b-xlhwq            10.46.6.172  Running           [{Initialized True 0001-01-01 00:00:00 +0000 UTC 2018-09-17 07:19:07 +0000 UTC  } {Ready True 0001-01-01 00:00:00 +0000 UTC 2018-09-17 07:19:26 +0000 UTC  } {ContainersReady True 0001-01-01 00:00:00 +0000 UTC 0001-01-01 00:00:00 +0000 UTC  } {PodScheduled True 0001-01-01 00:00:00 +0000 UTC 2018-09-17 07:19:06 +0000 UTC  }]&#xA;Sep 19 07:31:49.576: INFO: vulnerability-advisor-sas-apiserver-5fd8d44bc9-7bvkn             10.46.6.172  Running           [{Initialized True 0001-01-01 00:00:00 +0000 UTC 2018-09-17 07:19:09 +0000 UTC  } {Ready True 0001-01-01 00:00:00 +0000 UTC 2018-09-17 07:20:03 +0000 UTC  } {ContainersReady True 0001-01-01 00:00:00 +0000 UTC 0001-01-01 00:00:00 +0000 UTC  } {PodScheduled True 0001-01-01 00:00:00 +0000 UTC 2018-09-17 07:19:08 +0000 UTC  }]&#xA;Sep 19 07:31:49.576: INFO: vulnerability-advisor-sas-mgmt-64fb95bc44-j9vjc                  10.46.6.172  Running           [{Initialized True 0001-01-01 00:00:00 +0000 UTC 2018-09-17 07:19:08 +0000 UTC  } {Ready True 0001-01-01 00:00:00 +0000 UTC 2018-09-17 07:19:39 +0000 UTC  } {ContainersReady True 0001-01-01 00:00:00 +0000 UTC 0001-01-01 00:00:00 +0000 UTC  } {PodScheduled True 0001-01-01 00:00:00 +0000 UTC 2018-09-17 07:19:08 +0000 UTC  }]&#xA;Sep 19 07:31:49.576: INFO: vulnerability-advisor-secconfig-annotator-7dbcf5d9f4-fkmkb       10.46.6.172  Running           [{Initialized True 0001-01-01 00:00:00 +0000 UTC 2018-09-17 07:19:10 +0000 UTC  } {Ready True 0001-01-01 00:00:00 +0000 UTC 2018-09-17 07:19:45 +0000 UTC  } {ContainersReady True 0001-01-01 00:00:00 +0000 UTC 0001-01-01 00:00:00 +0000 UTC  } {PodScheduled True 0001-01-01 00:00:00 +0000 UTC 2018-09-17 07:19:08 +0000 UTC  }]&#xA;Sep 19 07:31:49.576: INFO: vulnerability-advisor-secconfig-indexer-674647df7c-qq5ff         10.46.6.172  Running           [{Initialized True 0001-01-01 00:00:00 +0000 UTC 2018-09-17 07:19:07 +0000 UTC  } {Ready True 0001-01-01 00:00:00 +0000 UTC 2018-09-17 07:19:33 +0000 UTC  } {ContainersReady True 0001-01-01 00:00:00 +0000 UTC 0001-01-01 00:00:00 +0000 UTC  } {PodScheduled True 0001-01-01 00:00:00 +0000 UTC 2018-09-17 07:19:06 +0000 UTC  }]&#xA;Sep 19 07:31:49.576: INFO: vulnerability-advisor-statsd-7746859df4-jjm6f                    10.46.6.172  Running           [{Initialized True 0001-01-01 00:00:00 +0000 UTC 2018-09-17 07:19:10 +0000 UTC  } {Ready True 0001-01-01 00:00:00 +0000 UTC 2018-09-17 07:19:38 +0000 UTC  } {ContainersReady True 0001-01-01 00:00:00 +0000 UTC 0001-01-01 00:00:00 +0000 UTC  } {PodScheduled True 0001-01-01 00:00:00 +0000 UTC 2018-09-17 07:19:09 +0000 UTC  }]&#xA;Sep 19 07:31:49.576: INFO: vulnerability-advisor-usncrawler-8h976                           10.46.6.172  Succeeded         [{Initialized True 0001-01-01 00:00:00 +0000 UTC 2018-09-17 07:19:11 +0000 UTC PodCompleted } {Ready False 0001-01-01 00:00:00 +0000 UTC 2018-09-17 07:24:06 +0000 UTC PodCompleted } {ContainersReady False 0001-01-01 00:00:00 +0000 UTC 0001-01-01 00:00:00 +0000 UTC PodCompleted } {PodScheduled True 0001-01-01 00:00:00 +0000 UTC 2018-09-17 07:19:11 +0000 UTC  }]&#xA;Sep 19 07:31:49.576: INFO: vulnerability-advisor-vulnerability-annotator-bcbf5595f-hxwst    10.46.6.172  Running           [{Initialized True 0001-01-01 00:00:00 +0000 UTC 2018-09-17 07:19:10 +0000 UTC  } {Ready True 0001-01-01 00:00:00 +0000 UTC 2018-09-17 07:20:29 +0000 UTC  } {ContainersReady True 0001-01-01 00:00:00 +0000 UTC 0001-01-01 00:00:00 +0000 UTC  } {PodScheduled True 0001-01-01 00:00:00 +0000 UTC 2018-09-17 07:19:09 +0000 UTC  }]&#xA;Sep 19 07:31:49.576: INFO: vulnerability-advisor-vulnerability-indexer-7c79b4c964-2n8cg     10.46.6.172  Running           [{Initialized True 0001-01-01 00:00:00 +0000 UTC 2018-09-17 07:19:07 +0000 UTC  } {Ready True 0001-01-01 00:00:00 +0000 UTC 2018-09-17 07:19:37 +0000 UTC  } {ContainersReady True 0001-01-01 00:00:00 +0000 UTC 0001-01-01 00:00:00 +0000 UTC  } {PodScheduled True 0001-01-01 00:00:00 +0000 UTC 2018-09-17 07:19:06 +0000 UTC  }]&#xA;Sep 19 07:31:49.576: INFO: vulnerability-advisor-zookeeper-0                                10.46.6.172  Running           [{Initialized True 0001-01-01 00:00:00 +0000 UTC 2018-09-17 07:19:15 +0000 UTC  } {Ready True 0001-01-01 00:00:00 +0000 UTC 2018-09-17 07:20:10 +0000 UTC  } {ContainersReady True 0001-01-01 00:00:00 +0000 UTC 0001-01-01 00:00:00 +0000 UTC  } {PodScheduled True 0001-01-01 00:00:00 +0000 UTC 2018-09-17 07:19:14 +0000 UTC  }]&#xA;Sep 19 07:31:49.576: INFO: &#xA;Sep 19 07:31:49.594: INFO: &#xA;Logging node info for node 10.46.6.170&#xA;Sep 19 07:31:49.638: INFO: Node Info: &amp;Node{ObjectMeta:k8s_io_apimachinery_pkg_apis_meta_v1.ObjectMeta{Name:10.46.6.170,GenerateName:,Namespace:,SelfLink:/api/v1/nodes/10.46.6.170,UID:0c4508eb-ba48-11e8-b20e-fa163e707b2e,ResourceVersion:455438,Generation:0,CreationTimestamp:2018-09-17 07:05:24 +0000 UTC,DeletionTimestamp:&lt;nil&gt;,DeletionGracePeriodSeconds:nil,Labels:map[string]string{beta.kubernetes.io/arch: amd64,beta.kubernetes.io/os: linux,kubernetes.io/hostname: 10.46.6.170,node-role.kubernetes.io/worker: true,},Annotations:map[string]string{node.alpha.kubernetes.io/ttl: 0,volumes.kubernetes.io/controller-managed-attach-detach: true,},OwnerReferences:[],Finalizers:[],ClusterName:,Initializers:nil,},Spec:NodeSpec{PodCIDR:,DoNotUse_ExternalID:,ProviderID:,Unschedulable:false,Taints:[],ConfigSource:nil,},Status:NodeStatus{Capacity:ResourceList{cpu: {{8 0} {&lt;nil&gt;} 8 DecimalSI},ephemeral-storage: {{107362627584 0} {&lt;nil&gt;} 104846316Ki BinarySI},hugepages-1Gi: {{0 0} {&lt;nil&gt;} 0 DecimalSI},hugepages-2Mi: {{0 0} {&lt;nil&gt;} 0 DecimalSI},memory: {{16825630720 0} {&lt;nil&gt;}  BinarySI},pods: {{80 0} {&lt;nil&gt;} 80 DecimalSI},},Allocatable:ResourceList{cpu: {{8 0} {&lt;nil&gt;} 8 DecimalSI},ephemeral-storage: {{96626364666 0} {&lt;nil&gt;} 96626364666 DecimalSI},hugepages-1Gi: {{0 0} {&lt;nil&gt;} 0 DecimalSI},hugepages-2Mi: {{0 0} {&lt;nil&gt;} 0 DecimalSI},memory: {{16720773120 0} {&lt;nil&gt;}  BinarySI},pods: {{80 0} {&lt;nil&gt;} 80 DecimalSI},},Phase:,Conditions:[{OutOfDisk False 2018-09-19 07:31:48 +0000 UTC 2018-09-17 07:05:24 +0000 UTC KubeletHasSufficientDisk kubelet has sufficient disk space available} {MemoryPressure False 2018-09-19 07:31:48 +0000 UTC 2018-09-17 07:05:24 +0000 UTC KubeletHasSufficientMemory kubelet has sufficient memory available} {DiskPressure False 2018-09-19 07:31:48 +0000 UTC 2018-09-17 07:05:24 +0000 UTC KubeletHasNoDiskPressure kubelet has no disk pressure} {PIDPressure False 2018-09-19 07:31:48 +0000 UTC 2018-09-17 07:05:24 +0000 UTC KubeletHasSufficientPID kubelet has sufficient PID available} {Ready True 2018-09-19 07:31:48 +0000 UTC 2018-09-17 07:06:04 +0000 UTC KubeletReady kubelet is posting ready status}],Addresses:[{InternalIP 10.46.6.170} {Hostname 10.46.6.170}],DaemonEndpoints:NodeDaemonEndpoints{KubeletEndpoint:DaemonEndpoint{Port:10250,},},NodeInfo:NodeSystemInfo{MachineID:52ca0d2c3fb341c79b059a96d10571a6,SystemUUID:B2A91A2D-0576-4E7B-AEBA-AE95FFDDF786,BootID:ae0d54c3-4892-49fd-b5c7-ca2077060a4b,KernelVersion:3.10.0-862.9.1.el7.x86_64,OSImage:Red Hat Enterprise Linux,ContainerRuntimeVersion:docker://18.3.1,KubeletVersion:v1.11.1+icp-ee,KubeProxyVersion:v1.11.1+icp-ee,OperatingSystem:linux,Architecture:amd64,},Images:[{[lzj.icp:8500/ibmcom/live-crawler@sha256:1a648615e7b439f093697f65350262823e6c711c4b21ea81596ced1c28a48133 lzj.icp:8500/ibmcom/live-crawler:1.3.1] 987515538} {[lzj.icp:8500/ibmcom/hyperkube@sha256:9fbddbf2d04354912c8a981395493d250474cb9fa587fa91119e69467078b180 lzj.icp:8500/ibmcom/hyperkube:v1.11.1-ee] 782626408} {[gcr.io/heptio-images/kube-conformance@sha256:5482c7f5f7b874c5c6caec6ddef5406f19a52a2c3a36897cadf0a8f78ab57982 gcr.io/heptio-images/kube-conformance:latest] 532182058} {[open-liberty@sha256:e962af00796d50687a4ac71d5e8ab046696c314b4a84617b0d216b671519df31 open-liberty:latest] 500884023} {[lzj.icp:8500/ibmcom/icp-filebeat@sha256:72669dde64d7ab85bbb9e93428efe548b2693a4eae5168a4705f6e30cd20e584 lzj.icp:8500/ibmcom/icp-filebeat:5.5.1] 317104874} {[lzj.icp:8500/ibmcom/fluentd@sha256:f85a5ffd86438f1a73d04caf6e33ef3474675d9fa0947431f4d0a9602fc981af lzj.icp:8500/ibmcom/fluentd:v1.2.2-icp] 270902701} {[lzj.icp:8500/ibmcom/calico-node@sha256:85a23d8030137d49663d3d82844a61998331606de9fc523dfdd0a75be7fb9828 lzj.icp:8500/ibmcom/calico-node:v3.1.3] 248202699} {[lzj.icp:8500/ibmcom/nvidia-device-plugin@sha256:2d57caa41994d1e0b3d952526a651f8da487e068874d1075f915fa48ad969ba6 lzj.icp:8500/ibmcom/nvidia-device-plugin:1.0] 132413452} {[lzj.icp:8500/ibmcom/metering-data-manager@sha256:97803f4458c6f6ca62076cf6958cb8ab98cf9ffed7cd4977550eeaa6db8ead70 lzj.icp:8500/ibmcom/metering-data-manager:3.1.0] 121942877} {[lzj.icp:8500/ibmcom/icp-management-ingress@sha256:259a9d288f5ee4f169c618b6d870b5ae38b954a3bf69f3f392523b1aaa9f4001 lzj.icp:8500/ibmcom/icp-management-ingress:2.2.1] 80410712} {[lzj.icp:8500/ibmcom/calico-cni@sha256:b56c2d3e62bd02f15dd5ec335c25ac81bb39d214e904525227640790686855d7 lzj.icp:8500/ibmcom/calico-cni:v3.1.3] 68849270} {[gcr.io/heptio-images/sonobuoy@sha256:165df6f635ddd0088ed6686e07ffb47f8dd17fdba153f61dbec9aa80c0d2e0b8 gcr.io/heptio-images/sonobuoy:latest gcr.io/heptio-images/sonobuoy:v0.11.6] 33401240} {[gcr.io/kubernetes-e2e-test-images/nettest-amd64@sha256:f2d3eba3ae2043c51389935be4bf41b2b0e60fd7220b9ba9cbc51eceaa74b2b4 gcr.io/kubernetes-e2e-test-images/nettest-amd64:1.0] 27413498} {[lzj.icp:8500/ibmcom/node-exporter@sha256:b24db452b1a0bf46abba095162d0fbc89ea40eeabbfe43ae01dab54107ecff0e lzj.icp:8500/ibmcom/node-exporter:v0.16.0] 22915749} {[gcr.io/kubernetes-e2e-test-images/hostexec-amd64@sha256:e1dadb772c6132e3587fc41b8c07facd81ee7c4e74508891b5d98d45b85462e9 gcr.io/kubernetes-e2e-test-images/hostexec-amd64:1.1] 8490662} {[gcr.io/kubernetes-e2e-test-images/netexec-amd64@sha256:da1c165175d5589ed70384e406a0291b6f76d53fc99e2c31ae23003e11e5bfde gcr.io/kubernetes-e2e-test-images/netexec-amd64:1.0] 6713741} {[gcr.io/kubernetes-e2e-test-images/serve-hostname-amd64@sha256:2dd4032e98a0450d95a0ac71a5e465f542a900812d8c41bc6ca635aed1a5fc91 gcr.io/kubernetes-e2e-test-images/serve-hostname-amd64:1.0] 5470001} {[gcr.io/kubernetes-e2e-test-images/mounttest-amd64@sha256:e3e75014e6df02dc21e6fb95f93b989a2ff8a91f36ae88d74eccbabaa21fc211 gcr.io/kubernetes-e2e-test-images/mounttest-amd64:1.0] 1563521} {[gcr.io/kubernetes-e2e-test-images/mounttest-user-amd64@sha256:1ac490f1442cad4b1c886527470393c71302cc62f5e3304fb08854403cbc68dc gcr.io/kubernetes-e2e-test-images/mounttest-user-amd64:1.0] 1450451} {[busybox@sha256:cb63aa0641a885f54de20f61d152187419e8f6b159ed11a251a09d115fdff9bd busybox:latest] 1162769} {[lzj.icp:8500/ibmcom/pause@sha256:8a18035491d4fbbe481be5eac11819315ec94677ab465608d052d87b3cdcff7f lzj.icp:8500/ibmcom/pause:3.1] 742472}],VolumesInUse:[],VolumesAttached:[],Config:&amp;NodeConfigStatus{Assigned:nil,Active:nil,LastKnownGood:nil,Error:,},},}&#xA;Sep 19 07:31:49.639: INFO: &#xA;Logging kubelet events for node 10.46.6.170&#xA;Sep 19 07:31:49.670: INFO: &#xA;Logging pods the kubelet thinks is on node 10.46.6.170&#xA;Sep 19 07:31:49.683: INFO: nvidia-device-plugin-9h2k4 started at 2018-09-17 07:07:17 +0000 UTC (1+1 container statuses recorded)&#xA;Sep 19 07:31:49.683: INFO: &#x9;Init container nvidia-driver-collector ready: true, restart count 0&#xA;Sep 19 07:31:49.683: INFO: &#x9;Container nvidia-device-plugin ready: true, restart count 0&#xA;Sep 19 07:31:49.683: INFO: metering-reader-44wd7 started at 2018-09-17 07:14:11 +0000 UTC (1+1 container statuses recorded)&#xA;Sep 19 07:31:49.683: INFO: &#x9;Init container metering-reader-init ready: true, restart count 1&#xA;Sep 19 07:31:49.683: INFO: &#x9;Container metering-reader ready: true, restart count 0&#xA;Sep 19 07:31:49.683: INFO: vulnerability-advisor-live-crawler-ccxd7 started at 2018-09-17 07:19:03 +0000 UTC (0+1 container statuses recorded)&#xA;Sep 19 07:31:49.683: INFO: &#x9;Container live-crawler ready: true, restart count 0&#xA;Sep 19 07:31:49.683: INFO: sonobuoy-e2e-job-c3f9b53ea97c48a2 started at 2018-09-19 07:22:08 +0000 UTC (0+2 container statuses recorded)&#xA;Sep 19 07:31:49.683: INFO: &#x9;Container e2e ready: true, restart count 0&#xA;Sep 19 07:31:49.683: INFO: &#x9;Container sonobuoy-worker ready: true, restart count 0&#xA;Sep 19 07:31:49.683: INFO: monitoring-prometheus-nodeexporter-tpbc8 started at 2018-09-17 07:15:44 +0000 UTC (0+2 container statuses recorded)&#xA;Sep 19 07:31:49.683: INFO: &#x9;Container nodeexporter ready: true, restart count 0&#xA;Sep 19 07:31:49.683: INFO: &#x9;Container router ready: true, restart count 0&#xA;Sep 19 07:31:49.683: INFO: audit-logging-fluentd-ds-4cgnk started at 2018-09-17 07:18:46 +0000 UTC (0+1 container statuses recorded)&#xA;Sep 19 07:31:49.683: INFO: &#x9;Container fluentd ready: true, restart count 0&#xA;Sep 19 07:31:49.683: INFO: vulnerability-advisor-process-ma-crawler-5g4zk started at 2018-09-17 07:19:03 +0000 UTC (0+1 container statuses recorded)&#xA;Sep 19 07:31:49.683: INFO: &#x9;Container process-ma-crawler ready: true, restart count 0&#xA;Sep 19 07:31:49.683: INFO: my-ibm-open-liberty-ibm-7f7d9778d7-7t5jc started at 2018-09-17 08:22:24 +0000 UTC (0+1 container statuses recorded)&#xA;Sep 19 07:31:49.683: INFO: &#x9;Container ibm-open-liberty ready: true, restart count 0&#xA;Sep 19 07:31:49.683: INFO: k8s-proxy-10.46.6.170 started at &lt;nil&gt; (0+0 container statuses recorded)&#xA;Sep 19 07:31:49.683: INFO: calico-node-htf97 started at 2018-09-17 07:05:53 +0000 UTC (0+2 container statuses recorded)&#xA;Sep 19 07:31:49.683: INFO: &#x9;Container calico-node ready: true, restart count 0&#xA;Sep 19 07:31:49.683: INFO: &#x9;Container install-cni ready: true, restart count 0&#xA;Sep 19 07:31:49.683: INFO: logging-elk-filebeat-ds-jtd5q started at 2018-09-17 07:15:20 +0000 UTC (0+1 container statuses recorded)&#xA;Sep 19 07:31:49.683: INFO: &#x9;Container filebeat ready: true, restart count 0&#xA;Sep 19 07:31:49.683: INFO: sonobuoy started at 2018-09-19 07:22:02 +0000 UTC (0+1 container statuses recorded)&#xA;Sep 19 07:31:49.683: INFO: &#x9;Container kube-sonobuoy ready: true, restart count 0&#xA;Sep 19 07:31:49.763: INFO: &#xA;Latency metrics for node 10.46.6.170&#xA;Sep 19 07:31:49.763: INFO: {Operation:stop_container Method:docker_operations_latency_microseconds Quantile:0.99 Latency:30.348028s}&#xA;Sep 19 07:31:49.763: INFO: &#xA;Logging node info for node 10.46.6.171&#xA;Sep 19 07:31:49.766: INFO: Node Info: &amp;Node{ObjectMeta:k8s_io_apimachinery_pkg_apis_meta_v1.ObjectMeta{Name:10.46.6.171,GenerateName:,Namespace:,SelfLink:/api/v1/nodes/10.46.6.171,UID:0c79152a-ba48-11e8-b20e-fa163e707b2e,ResourceVersion:455430,Generation:0,CreationTimestamp:2018-09-17 07:05:24 +0000 UTC,DeletionTimestamp:&lt;nil&gt;,DeletionGracePeriodSeconds:nil,Labels:map[string]string{beta.kubernetes.io/arch: amd64,beta.kubernetes.io/os: linux,kubernetes.io/hostname: 10.46.6.171,management: true,node-role.kubernetes.io/management: true,},Annotations:map[string]string{node.alpha.kubernetes.io/ttl: 0,volumes.kubernetes.io/controller-managed-attach-detach: true,},OwnerReferences:[],Finalizers:[],ClusterName:,Initializers:nil,},Spec:NodeSpec{PodCIDR:,DoNotUse_ExternalID:,ProviderID:,Unschedulable:false,Taints:[{dedicated management NoSchedule &lt;nil&gt;}],ConfigSource:nil,},Status:NodeStatus{Capacity:ResourceList{cpu: {{8 0} {&lt;nil&gt;} 8 DecimalSI},ephemeral-storage: {{107362627584 0} {&lt;nil&gt;} 104846316Ki BinarySI},hugepages-1Gi: {{0 0} {&lt;nil&gt;} 0 DecimalSI},hugepages-2Mi: {{0 0} {&lt;nil&gt;} 0 DecimalSI},memory: {{16825630720 0} {&lt;nil&gt;}  BinarySI},pods: {{80 0} {&lt;nil&gt;} 80 DecimalSI},},Allocatable:ResourceList{cpu: {{8 0} {&lt;nil&gt;} 8 DecimalSI},ephemeral-storage: {{107257769984 0} {&lt;nil&gt;} 104743916Ki BinarySI},hugepages-1Gi: {{0 0} {&lt;nil&gt;} 0 DecimalSI},hugepages-2Mi: {{0 0} {&lt;nil&gt;} 0 DecimalSI},memory: {{16720773120 0} {&lt;nil&gt;}  BinarySI},pods: {{80 0} {&lt;nil&gt;} 80 DecimalSI},},Phase:,Conditions:[{OutOfDisk False 2018-09-19 07:31:45 +0000 UTC 2018-09-17 07:05:24 +0000 UTC KubeletHasSufficientDisk kubelet has sufficient disk space available} {MemoryPressure False 2018-09-19 07:31:45 +0000 UTC 2018-09-17 07:05:24 +0000 UTC KubeletHasSufficientMemory kubelet has sufficient memory available} {DiskPressure False 2018-09-19 07:31:45 +0000 UTC 2018-09-17 07:05:24 +0000 UTC KubeletHasNoDiskPressure kubelet has no disk pressure} {PIDPressure False 2018-09-19 07:31:45 +0000 UTC 2018-09-17 07:05:24 +0000 UTC KubeletHasSufficientPID kubelet has sufficient PID available} {Ready True 2018-09-19 07:31:45 +0000 UTC 2018-09-17 07:06:05 +0000 UTC KubeletReady kubelet is posting ready status}],Addresses:[{InternalIP 10.46.6.171} {Hostname 10.46.6.171}],DaemonEndpoints:NodeDaemonEndpoints{KubeletEndpoint:DaemonEndpoint{Port:10250,},},NodeInfo:NodeSystemInfo{MachineID:52ca0d2c3fb341c79b059a96d10571a6,SystemUUID:00401CD1-AB88-4341-9CDC-C9648BFB2B56,BootID:706dbc67-f432-47c3-840e-f599801336c8,KernelVersion:3.10.0-862.9.1.el7.x86_64,OSImage:Red Hat Enterprise Linux,ContainerRuntimeVersion:docker://18.3.1,KubeletVersion:v1.11.1+icp-ee,KubeProxyVersion:v1.11.1+icp-ee,OperatingSystem:linux,Architecture:amd64,},Images:[{[lzj.icp:8500/ibmcom/live-crawler@sha256:1a648615e7b439f093697f65350262823e6c711c4b21ea81596ced1c28a48133 lzj.icp:8500/ibmcom/live-crawler:1.3.1] 987515538} {[lzj.icp:8500/ibmcom/hyperkube@sha256:9fbddbf2d04354912c8a981395493d250474cb9fa587fa91119e69467078b180 lzj.icp:8500/ibmcom/hyperkube:v1.11.1-ee] 782626408} {[lzj.icp:8500/ibmcom/icp-logstash@sha256:a182a00827aefe7f5f95b18fa1ec8f6897989290b37f3d98bd6440ddda796433 lzj.icp:8500/ibmcom/icp-logstash:5.5.1] 764906887} {[lzj.icp:8500/ibmcom/icp-kibana@sha256:6e2746da64a64f98c5761b87d5e185a9c2ac75c9c4e767ab284062b1847b7571 lzj.icp:8500/ibmcom/icp-kibana:5.5.1] 639622018} {[lzj.icp:8500/ibmcom/icp-elasticsearch@sha256:b410aacb6005fe24bfd87b045ea26fde3d6eb3ca52c3f0e4560cdc208944ba50 lzj.icp:8500/ibmcom/icp-elasticsearch:5.5.1] 520121248} {[lzj.icp:8500/ibmcom/logging-pki-init@sha256:21aa9cbd05a849b4891b15cf636f73545f6001f16c82f8eeed2e90b4f9312377 lzj.icp:8500/ibmcom/logging-pki-init:2.0.0] 501921135} {[lzj.icp:8500/ibmcom/searchguard-init@sha256:3d0d8a8404a9df5ad238bce1e0542cdda609cc445dfc3964952243d9fc103276 lzj.icp:8500/ibmcom/searchguard-init:2.0.0] 457030441} {[lzj.icp:8500/ibmcom/metering-ui@sha256:d6453f9afecc9b1fc778c195e20bbb39d4ef6262af2f7a9a5ce3cddc259fec99 lzj.icp:8500/ibmcom/metering-ui:3.1.0] 385577105} {[lzj.icp:8500/ibmcom/icp-filebeat@sha256:72669dde64d7ab85bbb9e93428efe548b2693a4eae5168a4705f6e30cd20e584 lzj.icp:8500/ibmcom/icp-filebeat:5.5.1] 317104874} {[lzj.icp:8500/ibmcom/fluentd@sha256:f85a5ffd86438f1a73d04caf6e33ef3474675d9fa0947431f4d0a9602fc981af lzj.icp:8500/ibmcom/fluentd:v1.2.2-icp] 270902701} {[lzj.icp:8500/ibmcom/elasticsearch-plugin-searchguard@sha256:f47116021e3eec7b2fed9f6ed8bd77fd890457e5a1546dda7f863c032d4395b1 lzj.icp:8500/ibmcom/elasticsearch-plugin-searchguard:2.0.0] 267864279} {[lzj.icp:8500/ibmcom/calico-node@sha256:85a23d8030137d49663d3d82844a61998331606de9fc523dfdd0a75be7fb9828 lzj.icp:8500/ibmcom/calico-node:v3.1.3] 248202699} {[lzj.icp:8500/ibmcom/grafana@sha256:5d2739d3ec5c7f6ea66d69caa918b764660b99a3d37cb1f4123f1a9623ce8e38 lzj.icp:8500/ibmcom/grafana:5.2.0] 245297582} {[lzj.icp:8500/ibmcom/indices-cleaner@sha256:31dac3be1246f17dddade06b517c073244ce56d85bc54135fdaf010dbb0bca10 lzj.icp:8500/ibmcom/indices-cleaner:1.0.0] 238131553} {[lzj.icp:8500/ibmcom/curl@sha256:adf92a267e351914d041a56d64ebe80331c45f8e20ab23b7ada67bea78da9996 lzj.icp:8500/ibmcom/curl:4.0.0] 221192597} {[lzj.icp:8500/ibmcom/nvidia-device-plugin@sha256:2d57caa41994d1e0b3d952526a651f8da487e068874d1075f915fa48ad969ba6 lzj.icp:8500/ibmcom/nvidia-device-plugin:1.0] 132413452} {[lzj.icp:8500/ibmcom/metering-data-manager@sha256:97803f4458c6f6ca62076cf6958cb8ab98cf9ffed7cd4977550eeaa6db8ead70 lzj.icp:8500/ibmcom/metering-data-manager:3.1.0] 121942877} {[lzj.icp:8500/ibmcom/prometheus@sha256:91cba3cbf7a61499969a8a5a27347830ed1740b2285de9ac31e231e7ce44deb7 lzj.icp:8500/ibmcom/prometheus:v2.3.1] 118818909} {[lzj.icp:8500/ibmcom/icp-management-ingress@sha256:259a9d288f5ee4f169c618b6d870b5ae38b954a3bf69f3f392523b1aaa9f4001 lzj.icp:8500/ibmcom/icp-management-ingress:2.2.1] 80410712} {[lzj.icp:8500/ibmcom/calico-cni@sha256:b56c2d3e62bd02f15dd5ec335c25ac81bb39d214e904525227640790686855d7 lzj.icp:8500/ibmcom/calico-cni:v3.1.3] 68849270} {[lzj.icp:8500/ibmcom/k8s-prometheus-adapter@sha256:cf7f0c35ff0a0ec9cf743ef87e4c951f74d3fd0b4b97925784cc857565b4d7ba lzj.icp:8500/ibmcom/k8s-prometheus-adapter:v0.2.1.1] 52134773} {[lzj.icp:8500/ibmcom/metrics-server@sha256:973b5dd33165e4856f22a9f48a9b7f5bd2f01399d6479c46212ea92336a9ca40 lzj.icp:8500/ibmcom/metrics-server:v0.2.1.1] 42541759} {[lzj.icp:8500/ibmcom/ibmcloud-image-enforcement@sha256:d29efeb868c054eead02eec72c86f690c4a8c81b95f99f22bbc873644b090e99 lzj.icp:8500/ibmcom/ibmcloud-image-enforcement:0.2.0] 40040099} {[lzj.icp:8500/ibmcom/alertmanager@sha256:f3e7d379040499e05c1377862cc8a74cd5ffed2a175bf62fc18dc07b98d6ab00 lzj.icp:8500/ibmcom/alertmanager:v0.15.0] 36095602} {[lzj.icp:8500/ibmcom/kube-state-metrics@sha256:6a574d2e4a7338abdd3d0b85dd2510cbf046cd09a70505b99513feee42d00559 lzj.icp:8500/ibmcom/kube-state-metrics:v1.3.0] 35646776} {[lzj.icp:8500/ibmcom/node-exporter@sha256:b24db452b1a0bf46abba095162d0fbc89ea40eeabbfe43ae01dab54107ecff0e lzj.icp:8500/ibmcom/node-exporter:v0.16.0] 22915749} {[lzj.icp:8500/ibmcom/configmap-reload@sha256:77a4ede137dd4980fe02c70ad189bf7b89dd1a9e134c0fe4475842fe8948f6a9 lzj.icp:8500/ibmcom/configmap-reload:v0.2.2] 22381476} {[lzj.icp:8500/ibmcom/collectd-exporter@sha256:0ef0cfb0a60f66046851bfafbfa1913814c7a4967e4e7561ce5111186338f6d9 lzj.icp:8500/ibmcom/collectd-exporter:v0.4.0] 13695364} {[lzj.icp:8500/ibmcom/elasticsearch-exporter@sha256:27806a00f45314a1c06af096236004020a98202edbbce81d993aadfaca0c66a0 lzj.icp:8500/ibmcom/elasticsearch-exporter:1.0.2] 9202086} {[lzj.icp:8500/ibmcom/icp-initcontainer@sha256:c1b9397380303cfc23505576a19859c7e26936f80a26bb4fae95ef68e7775de8 lzj.icp:8500/ibmcom/icp-initcontainer:1.0.0] 3965926} {[lzj.icp:8500/ibmcom/pause@sha256:8a18035491d4fbbe481be5eac11819315ec94677ab465608d052d87b3cdcff7f lzj.icp:8500/ibmcom/pause:3.1] 742472}],VolumesInUse:[],VolumesAttached:[],Config:&amp;NodeConfigStatus{Assigned:nil,Active:nil,LastKnownGood:nil,Error:,},},}&#xA;Sep 19 07:31:49.767: INFO: &#xA;Logging kubelet events for node 10.46.6.171&#xA;Sep 19 07:31:49.771: INFO: &#xA;Logging pods the kubelet thinks is on node 10.46.6.171&#xA;Sep 19 07:31:49.790: INFO: calico-node-gpm2c started at 2018-09-17 07:05:53 +0000 UTC (0+2 container statuses recorded)&#xA;Sep 19 07:31:49.790: INFO: &#x9;Container calico-node ready: true, restart count 0&#xA;Sep 19 07:31:49.790: INFO: &#x9;Container install-cni ready: true, restart count 0&#xA;Sep 19 07:31:49.790: INFO: metering-reader-xq8f2 started at 2018-09-17 07:14:11 +0000 UTC (1+1 container statuses recorded)&#xA;Sep 19 07:31:49.790: INFO: &#x9;Init container metering-reader-init ready: true, restart count 1&#xA;Sep 19 07:31:49.790: INFO: &#x9;Container metering-reader ready: true, restart count 0&#xA;Sep 19 07:31:49.790: INFO: logging-elk-logstash-7994656f46-r89mt started at 2018-09-17 07:15:22 +0000 UTC (0+1 container statuses recorded)&#xA;Sep 19 07:31:49.790: INFO: &#x9;Container logstash ready: true, restart count 0&#xA;Sep 19 07:31:49.790: INFO: monitoring-prometheus-elasticsearchexporter-655864cccb-c6tps started at 2018-09-17 07:15:46 +0000 UTC (0+2 container statuses recorded)&#xA;Sep 19 07:31:49.790: INFO: &#x9;Container elasticsearchexporter ready: true, restart count 0&#xA;Sep 19 07:31:49.790: INFO: &#x9;Container router ready: true, restart count 0&#xA;Sep 19 07:31:49.790: INFO: monitoring-prometheus-6677d7c77f-pnpt5 started at 2018-09-17 07:15:46 +0000 UTC (1+4 container statuses recorded)&#xA;Sep 19 07:31:49.790: INFO: &#x9;Init container init-container ready: true, restart count 0&#xA;Sep 19 07:31:49.790: INFO: &#x9;Container configmap-reload-alertrules ready: true, restart count 0&#xA;Sep 19 07:31:49.790: INFO: &#x9;Container configmap-reload-prometheus ready: true, restart count 0&#xA;Sep 19 07:31:49.790: INFO: &#x9;Container prometheus ready: true, restart count 0&#xA;Sep 19 07:31:49.790: INFO: &#x9;Container router ready: true, restart count 0&#xA;Sep 19 07:31:49.790: INFO: ibmcloud-image-enforcement-76ddccbf9f-kqmlb started at 2018-09-17 07:14:02 +0000 UTC (0+1 container statuses recorded)&#xA;Sep 19 07:31:49.790: INFO: &#x9;Container ibmcloud-image-enforcement ready: true, restart count 0&#xA;Sep 19 07:31:49.790: INFO: metering-ui-5bbfbb5d49-wkh8m started at 2018-09-17 07:14:12 +0000 UTC (1+1 container statuses recorded)&#xA;Sep 19 07:31:49.790: INFO: &#x9;Init container metering-ui-init ready: true, restart count 0&#xA;Sep 19 07:31:49.790: INFO: &#x9;Container metering-ui ready: true, restart count 0&#xA;Sep 19 07:31:49.790: INFO: logging-elk-master-6cdcf45f7d-gp28f started at 2018-09-17 07:15:21 +0000 UTC (2+1 container statuses recorded)&#xA;Sep 19 07:31:49.791: INFO: &#x9;Init container sysctl ready: true, restart count 0&#xA;Sep 19 07:31:49.791: INFO: &#x9;Init container plugin-bundle ready: true, restart count 0&#xA;Sep 19 07:31:49.791: INFO: &#x9;Container es-master ready: true, restart count 0&#xA;Sep 19 07:31:49.791: INFO: monitoring-grafana-548b947c8c-dh89z started at 2018-09-17 07:15:46 +0000 UTC (1+2 container statuses recorded)&#xA;Sep 19 07:31:49.791: INFO: &#x9;Init container init-container ready: true, restart count 0&#xA;Sep 19 07:31:49.791: INFO: &#x9;Container grafana ready: true, restart count 0&#xA;Sep 19 07:31:49.791: INFO: &#x9;Container router ready: true, restart count 0&#xA;Sep 19 07:31:49.791: INFO: vulnerability-advisor-process-ma-crawler-b7k2d started at 2018-09-17 07:19:03 +0000 UTC (0+1 container statuses recorded)&#xA;Sep 19 07:31:49.791: INFO: &#x9;Container process-ma-crawler ready: true, restart count 0&#xA;Sep 19 07:31:49.791: INFO: k8s-proxy-10.46.6.171 started at &lt;nil&gt; (0+0 container statuses recorded)&#xA;Sep 19 07:31:49.791: INFO: metrics-server-6d6695f9db-8t4xs started at 2018-09-17 07:08:51 +0000 UTC (0+1 container statuses recorded)&#xA;Sep 19 07:31:49.791: INFO: &#x9;Container metrics-server ready: true, restart count 0&#xA;Sep 19 07:31:49.791: INFO: metering-dm-8b475fc57-cmm6h started at 2018-09-17 07:14:12 +0000 UTC (1+1 container statuses recorded)&#xA;Sep 19 07:31:49.791: INFO: &#x9;Init container metering-dm-init ready: true, restart count 0&#xA;Sep 19 07:31:49.791: INFO: &#x9;Container metering-dm ready: true, restart count 0&#xA;Sep 19 07:31:49.791: INFO: logging-elk-data-0 started at 2018-09-17 07:15:21 +0000 UTC (3+1 container statuses recorded)&#xA;Sep 19 07:31:49.791: INFO: &#x9;Init container chmod ready: true, restart count 0&#xA;Sep 19 07:31:49.791: INFO: &#x9;Init container sysctl ready: true, restart count 0&#xA;Sep 19 07:31:49.791: INFO: &#x9;Init container plugin-bundle ready: true, restart count 0&#xA;Sep 19 07:31:49.791: INFO: &#x9;Container es-data ready: true, restart count 0&#xA;Sep 19 07:31:49.791: INFO: logging-elk-kibana-ff4db4866-s2295 started at 2018-09-17 07:15:21 +0000 UTC (0+2 container statuses recorded)&#xA;Sep 19 07:31:49.791: INFO: &#x9;Container kibana ready: true, restart count 0&#xA;Sep 19 07:31:49.791: INFO: &#x9;Container router ready: true, restart count 0&#xA;Sep 19 07:31:49.791: INFO: monitoring-prometheus-nodeexporter-9fnpb started at 2018-09-17 07:15:44 +0000 UTC (0+2 container statuses recorded)&#xA;Sep 19 07:31:49.791: INFO: &#x9;Container nodeexporter ready: true, restart count 0&#xA;Sep 19 07:31:49.791: INFO: &#x9;Container router ready: true, restart count 0&#xA;Sep 19 07:31:49.791: INFO: monitoring-prometheus-kubestatemetrics-54dcbb6cfb-76zmm started at 2018-09-17 07:15:45 +0000 UTC (0+2 container statuses recorded)&#xA;Sep 19 07:31:49.791: INFO: &#x9;Container kubestatemetrics ready: true, restart count 0&#xA;Sep 19 07:31:49.791: INFO: &#x9;Container router ready: true, restart count 0&#xA;Sep 19 07:31:49.791: INFO: audit-logging-fluentd-ds-bc22k started at 2018-09-17 07:18:46 +0000 UTC (0+1 container statuses recorded)&#xA;Sep 19 07:31:49.791: INFO: &#x9;Container fluentd ready: true, restart count 0&#xA;Sep 19 07:31:49.791: INFO: nvidia-device-plugin-vh85n started at 2018-09-17 07:07:17 +0000 UTC (1+1 container statuses recorded)&#xA;Sep 19 07:31:49.791: INFO: &#x9;Init container nvidia-driver-collector ready: true, restart count 0&#xA;Sep 19 07:31:49.791: INFO: &#x9;Container nvidia-device-plugin ready: true, restart count 0&#xA;Sep 19 07:31:49.791: INFO: custom-metrics-adapter-64f64964b4-f9gmc started at 2018-09-17 07:14:28 +0000 UTC (1+1 container statuses recorded)&#xA;Sep 19 07:31:49.791: INFO: &#x9;Init container init-adapter ready: true, restart count 0&#xA;Sep 19 07:31:49.791: INFO: &#x9;Container custom-metrics-adapter ready: true, restart count 0&#xA;Sep 19 07:31:49.791: INFO: logging-elk-elasticsearch-tls-init-6hnl4 started at 2018-09-17 07:15:20 +0000 UTC (0+1 container statuses recorded)&#xA;Sep 19 07:31:49.791: INFO: &#x9;Container searchguard-init ready: false, restart count 0&#xA;Sep 19 07:31:49.791: INFO: logging-elk-filebeat-ds-bs86r started at 2018-09-17 07:15:20 +0000 UTC (0+1 container statuses recorded)&#xA;Sep 19 07:31:49.791: INFO: &#x9;Container filebeat ready: true, restart count 0&#xA;Sep 19 07:31:49.791: INFO: logging-elk-client-75d4d7994c-7g7fn started at 2018-09-17 07:15:21 +0000 UTC (2+3 container statuses recorded)&#xA;Sep 19 07:31:49.791: INFO: &#x9;Init container sysctl ready: true, restart count 0&#xA;Sep 19 07:31:49.791: INFO: &#x9;Init container plugin-bundle ready: true, restart count 0&#xA;Sep 19 07:31:49.791: INFO: &#x9;Container es-client ready: true, restart count 0&#xA;Sep 19 07:31:49.791: INFO: &#x9;Container indices-cleaner ready: true, restart count 0&#xA;Sep 19 07:31:49.791: INFO: &#x9;Container router ready: true, restart count 0&#xA;Sep 19 07:31:49.791: INFO: monitoring-prometheus-alertmanager-7d8749dbb8-xj68d started at 2018-09-17 07:15:46 +0000 UTC (0+3 container statuses recorded)&#xA;Sep 19 07:31:49.791: INFO: &#x9;Container alertmanager ready: true, restart count 0&#xA;Sep 19 07:31:49.791: INFO: &#x9;Container configmap-reload ready: true, restart count 0&#xA;Sep 19 07:31:49.791: INFO: &#x9;Container router ready: true, restart count 0&#xA;Sep 19 07:31:49.791: INFO: monitoring-prometheus-collectdexporter-77575678dc-v8n2l started at 2018-09-17 07:15:46 +0000 UTC (0+2 container statuses recorded)&#xA;Sep 19 07:31:49.791: INFO: &#x9;Container collectd-exporter ready: true, restart count 0&#xA;Sep 19 07:31:49.791: INFO: &#x9;Container router ready: true, restart count 0&#xA;Sep 19 07:31:49.791: INFO: vulnerability-advisor-live-crawler-xxz8p started at 2018-09-17 07:19:03 +0000 UTC (0+1 container statuses recorded)&#xA;Sep 19 07:31:49.791: INFO: &#x9;Container live-crawler ready: true, restart count 0&#xA;Sep 19 07:31:49.825: INFO: &#xA;Latency metrics for node 10.46.6.171&#xA;Sep 19 07:31:49.825: INFO: &#xA;Logging node info for node 10.46.6.172&#xA;Sep 19 07:31:49.851: INFO: Node Info: &amp;Node{ObjectMeta:k8s_io_apimachinery_pkg_apis_meta_v1.ObjectMeta{Name:10.46.6.172,GenerateName:,Namespace:,SelfLink:/api/v1/nodes/10.46.6.172,UID:0c6032ef-ba48-11e8-b20e-fa163e707b2e,ResourceVersion:455446,Generation:0,CreationTimestamp:2018-09-17 07:05:24 +0000 UTC,DeletionTimestamp:&lt;nil&gt;,DeletionGracePeriodSeconds:nil,Labels:map[string]string{beta.kubernetes.io/arch: amd64,beta.kubernetes.io/os: linux,kubernetes.io/hostname: 10.46.6.172,node-role.kubernetes.io/va: true,va: true,},Annotations:map[string]string{node.alpha.kubernetes.io/ttl: 0,volumes.kubernetes.io/controller-managed-attach-detach: true,},OwnerReferences:[],Finalizers:[],ClusterName:,Initializers:nil,},Spec:NodeSpec{PodCIDR:,DoNotUse_ExternalID:,ProviderID:,Unschedulable:false,Taints:[{dedicated va NoSchedule &lt;nil&gt;}],ConfigSource:nil,},Status:NodeStatus{Capacity:ResourceList{cpu: {{8 0} {&lt;nil&gt;} 8 DecimalSI},ephemeral-storage: {{107362627584 0} {&lt;nil&gt;} 104846316Ki BinarySI},hugepages-1Gi: {{0 0} {&lt;nil&gt;} 0 DecimalSI},hugepages-2Mi: {{0 0} {&lt;nil&gt;} 0 DecimalSI},memory: {{16825622528 0} {&lt;nil&gt;}  BinarySI},pods: {{80 0} {&lt;nil&gt;} 80 DecimalSI},},Allocatable:ResourceList{cpu: {{8 0} {&lt;nil&gt;} 8 DecimalSI},ephemeral-storage: {{107257769984 0} {&lt;nil&gt;} 104743916Ki BinarySI},hugepages-1Gi: {{0 0} {&lt;nil&gt;} 0 DecimalSI},hugepages-2Mi: {{0 0} {&lt;nil&gt;} 0 DecimalSI},memory: {{16720764928 0} {&lt;nil&gt;}  BinarySI},pods: {{80 0} {&lt;nil&gt;} 80 DecimalSI},},Phase:,Conditions:[{OutOfDisk False 2018-09-19 07:31:49 +0000 UTC 2018-09-17 07:05:24 +0000 UTC KubeletHasSufficientDisk kubelet has sufficient disk space available} {MemoryPressure False 2018-09-19 07:31:49 +0000 UTC 2018-09-17 07:05:24 +0000 UTC KubeletHasSufficientMemory kubelet has sufficient memory available} {DiskPressure False 2018-09-19 07:31:49 +0000 UTC 2018-09-17 07:05:24 +0000 UTC KubeletHasNoDiskPressure kubelet has no disk pressure} {PIDPressure False 2018-09-19 07:31:49 +0000 UTC 2018-09-17 07:05:24 +0000 UTC KubeletHasSufficientPID kubelet has sufficient PID available} {Ready True 2018-09-19 07:31:49 +0000 UTC 2018-09-17 07:06:04 +0000 UTC KubeletReady kubelet is posting ready status}],Addresses:[{InternalIP 10.46.6.172} {Hostname 10.46.6.172}],DaemonEndpoints:NodeDaemonEndpoints{KubeletEndpoint:DaemonEndpoint{Port:10250,},},NodeInfo:NodeSystemInfo{MachineID:52ca0d2c3fb341c79b059a96d10571a6,SystemUUID:3D48E3C5-99D8-4CA3-9AB5-A8540613166F,BootID:d81d494e-264a-48ce-a4f2-76b16f6ece1f,KernelVersion:3.10.0-862.9.1.el7.x86_64,OSImage:Red Hat Enterprise Linux,ContainerRuntimeVersion:docker://18.3.1,KubeletVersion:v1.11.1+icp-ee,KubeProxyVersion:v1.11.1+icp-ee,OperatingSystem:linux,Architecture:amd64,},Images:[{[lzj.icp:8500/ibmcom/statsd-amd64@sha256:5ee11bc24bced45a77d9d630348680f319c09d9d3b2230b04518d1e2a5263ae2 lzj.icp:8500/ibmcom/statsd@sha256:af7a9d0c4f029d0247da41f67c7e87f3655175962b79a189a6a9ace0ff841049 lzj.icp:8500/ibmcom/statsd-amd64:0.7.2.1 lzj.icp:8500/ibmcom/statsd:0.7.2.1] 1234731808} {[lzj.icp:8500/ibmcom/kafka-amd64@sha256:0d6d348ccd7aa2854d60791331280e58db92029a522c8bfb3eb40c7c0913ca8f lzj.icp:8500/ibmcom/kafka@sha256:f0b4a833c3da439cadb783bb9cb578f96b1328557b8402a98f01c5c21497d93a lzj.icp:8500/ibmcom/kafka-amd64:0.10.0.2 lzj.icp:8500/ibmcom/kafka:0.10.0.2] 1114805679} {[lzj.icp:8500/ibmcom/iam-token-service-amd64@sha256:9211161e5b5b9d892a99b46fad4429333ceb7143b4039419df7ea0efa36381a9 lzj.icp:8500/ibmcom/iam-token-service@sha256:1b9308e68de93b43e9a85c0e005d80d423e88db7d88ee7114a80b2fade7a78ed lzj.icp:8500/ibmcom/iam-token-service-amd64:3.1.0 lzj.icp:8500/ibmcom/iam-token-service:3.1.0] 1051060152} {[lzj.icp:8500/ibmcom/icp-platform-auth-amd64@sha256:abc258009b8696a83214b7a9d9df63f6d83e19cfca2987c4836b0eadfa4c99c7 lzj.icp:8500/ibmcom/icp-platform-auth@sha256:c544b90a099b6c29ba4ee7f2ad4dded1277c948a0826b38ebe3250cdc7d1529c lzj.icp:8500/ibmcom/icp-platform-auth-amd64:3.1.0 lzj.icp:8500/ibmcom/icp-platform-auth:3.1.0] 1028283742} {[lzj.icp:8500/ibmcom/reg-crawler-amd64@sha256:9e5d4ebbac3dd6cbf9f892b5bd634f89fae3d4b2e6a23debd3ecd322e3eb817e lzj.icp:8500/ibmcom/reg-crawler@sha256:a9033d9cb2406d11c616fdfedc9bc56bc4ef970bd0a7b02899b3e5c1b353799b lzj.icp:8500/ibmcom/reg-crawler-amd64:1.3.1 lzj.icp:8500/ibmcom/reg-crawler:1.3.1] 1007817363} {[lzj.icp:8500/ibmcom/live-crawler-amd64@sha256:37a79ec87bd3c8b9af25cf1e25f4f14281ffb9f5ebeaf61c0b7c8a5799baf782 lzj.icp:8500/ibmcom/live-crawler@sha256:1a648615e7b439f093697f65350262823e6c711c4b21ea81596ced1c28a48133 lzj.icp:8500/ibmcom/live-crawler-amd64:1.3.1 lzj.icp:8500/ibmcom/live-crawler:1.3.1] 987515538} {[lzj.icp:8500/ibmcom/cos-indexer-amd64@sha256:adf28ff960ebdcbfcfa5e4522b81aa3565338f8d640dad611a1c3f0d3894393b lzj.icp:8500/ibmcom/cos-indexer@sha256:bb31dc8ef37e8482b2b9dedc0e54f46f7d3c678b22a3130eca9dde80fed65df1 lzj.icp:8500/ibmcom/cos-indexer-amd64:1.3.1 lzj.icp:8500/ibmcom/cos-indexer:1.3.1] 846578165} {[lzj.icp:8500/ibmcom/secure-config-annotator-amd64@sha256:26e845c6a252e0c5ae73e764645993b3270e289d1a2e9784b06ddd7898ca45d9 lzj.icp:8500/ibmcom/secure-config-annotator@sha256:cfaadd13c4ef4bdc937d296faff78e98473be8c9c6ae6b4a38927c952948914f lzj.icp:8500/ibmcom/secure-config-annotator-amd64:1.3.1 lzj.icp:8500/ibmcom/secure-config-annotator:1.3.1] 835555196} {[lzj.icp:8500/ibmcom/hyperkube-amd64@sha256:9eaadf7c2a417ee2a9a219e2eadf21884742199a484be2ca737f0e8a178d490a lzj.icp:8500/ibmcom/hyperkube@sha256:9fbddbf2d04354912c8a981395493d250474cb9fa587fa91119e69467078b180 lzj.icp:8500/ibmcom/hyperkube-amd64:v1.11.1-ee lzj.icp:8500/ibmcom/hyperkube:v1.11.1-ee] 782626408} {[lzj.icp:8500/ibmcom/compliance-annotator-amd64@sha256:5d8bbbef3a7dc54ba9addb256d2aa8a3f7d5c27a454ff4b7ee583b217dac2ce4 lzj.icp:8500/ibmcom/compliance-annotator@sha256:be00ccb777b1e90601cc563112e32ae831b0fb7d4933f1aa3c49379cabe41c3f lzj.icp:8500/ibmcom/compliance-annotator-amd64:1.3.1 lzj.icp:8500/ibmcom/compliance-annotator:1.3.1] 773932738} {[lzj.icp:8500/ibmcom/icp-logstash-amd64@sha256:02a683ee6ad9eeed7ea8ebb1de713aaf902a9e20a39ccc0294ee1f947f1bbd73 lzj.icp:8500/ibmcom/icp-logstash@sha256:a182a00827aefe7f5f95b18fa1ec8f6897989290b37f3d98bd6440ddda796433 lzj.icp:8500/ibmcom/icp-logstash-amd64:5.5.1 lzj.icp:8500/ibmcom/icp-logstash:5.5.1] 764906887} {[lzj.icp:8500/ibmcom/process-ma-hf-amd64@sha256:ef0d164350d07600f8037082db7d98cf81b9c554d8a60692ae90b8d0239a8cdc lzj.icp:8500/ibmcom/process-ma-hf@sha256:114b48d67e46f6ad3624dfa99baab8f9c62fb5ba88d210d0f42e106eda4e0ee8 lzj.icp:8500/ibmcom/process-ma-hf-amd64:1.3.1 lzj.icp:8500/ibmcom/process-ma-hf:1.3.1] 758635128} {[lzj.icp:8500/ibmcom/vulnerability-annotator-amd64@sha256:febedf85b65e0d1800e67249274d474d4ce67e8041e81487f76bce727cb39bd4 lzj.icp:8500/ibmcom/vulnerability-annotator@sha256:2ca368468e5d1c7ed82b3947b8d8904da34969bd72e67b382bfd0579fe3f148d lzj.icp:8500/ibmcom/vulnerability-annotator-amd64:1.3.1 lzj.icp:8500/ibmcom/vulnerability-annotator:1.3.1] 757013017} {[lzj.icp:8500/ibmcom/py-generic-indexer-amd64@sha256:45cb17e23e15f4dfe44471309af12f0655aad5f8e859c718f393290f220b02b2 lzj.icp:8500/ibmcom/py-generic-indexer@sha256:63a28bc72b6588e508ad23b569a228d6219e2d6fdddb2b1b073e1d2c70ec7641 lzj.icp:8500/ibmcom/py-generic-indexer-amd64:1.3.1 lzj.icp:8500/ibmcom/py-generic-indexer:1.3.1] 755588945} {[lzj.icp:8500/ibmcom/icp-inception-amd64@sha256:1dad180d14ae732d17ca5cf41b87dbb316c072323f186d60a08a753f904eb5b2 lzj.icp:8500/ibmcom/icp-inception@sha256:d395315f0fde94a5cacd9945cd7932b4eda45fe404a6b9d55a8ec8ebeed2a0a8 lzj.icp:8500/ibmcom/icp-inception-amd64:3.1.0-ee lzj.icp:8500/ibmcom/icp-inception:3.1.0-ee] 744155119} {[lzj.icp:8500/ibmcom/config-parser-amd64@sha256:7d721e0b5a827921ac16fa9e7570db225211e6dd700cdeaba1d28ba02ff8ef6d lzj.icp:8500/ibmcom/config-parser@sha256:2b7d6f1ea57d6e4d9caaca5d0e2bb35d2e6db316e2f18ef9a51b5bfa48119f69 lzj.icp:8500/ibmcom/config-parser-amd64:1.3.1 lzj.icp:8500/ibmcom/config-parser:1.3.1] 739243486} {[lzj.icp:8500/ibmcom/iam-policy-administration-amd64@sha256:e1941aa09a5b692505cb3be3e497d3ff9acb900786b9a2c8c4c00d0243b37dd0 lzj.icp:8500/ibmcom/iam-policy-administration@sha256:ab0d5c50f5e5fc9a537e97183ed694e34d57fa00121bc08bedb261b80e29b9a4 lzj.icp:8500/ibmcom/iam-policy-administration-amd64:3.1.0 lzj.icp:8500/ibmcom/iam-policy-administration:3.1.0] 711947327} {[lzj.icp:8500/ibmcom/password-annotator-amd64@sha256:bca1b6b222d8ea8ade174a8cc1a549f161d75d3e9d69881f08a1fb316a8e27d3 lzj.icp:8500/ibmcom/password-annotator@sha256:5c7e8db45db52a6bca7d76ae8c2ff74eb43644f7959d66ddc67454bcbca765ec lzj.icp:8500/ibmcom/password-annotator-amd64:1.3.1 lzj.icp:8500/ibmcom/password-annotator:1.3.1] 707627907} {[lzj.icp:8500/ibmcom/notification-dispatcher-amd64@sha256:ec8dfbc351a0d758488f9f8bfa17c3182a5c02819a6ebf7144ab914a2233cf57 lzj.icp:8500/ibmcom/notification-dispatcher@sha256:6d7e6b836f0cfeb5fb18cd29fdd8315fb44013f8d21830b9c5ab60b605c5e3c5 lzj.icp:8500/ibmcom/notification-dispatcher-amd64:1.3.1 lzj.icp:8500/ibmcom/notification-dispatcher:1.3.1] 707588442} {[lzj.icp:8500/ibmcom/sas-base-amd64@sha256:9651b1149c62d5a0968aaeffe71f2da68cd7e07ff8d7ea67538278c00ab08457 lzj.icp:8500/ibmcom/sas-base@sha256:56bb0790e5f06276b7435c731687f733901fedc80af299dc8a8eaf72d7365560 lzj.icp:8500/ibmcom/sas-base-amd64:1.3.1 lzj.icp:8500/ibmcom/sas-base:1.3.1] 653746081} {[lzj.icp:8500/ibmcom/ma-file-annotator-amd64@sha256:8caa6280fd845fd524ad874a6b243510ebf085d58c989229020fcfc743492632 lzj.icp:8500/ibmcom/ma-file-annotator@sha256:cd8dc2a26e2a84bf7d8ba982c6a21c034239de5e2dc12767d3f60985e495d957 lzj.icp:8500/ibmcom/ma-file-annotator-amd64:1.3.1 lzj.icp:8500/ibmcom/ma-file-annotator:1.3.1] 653745236} {[lzj.icp:8500/ibmcom/icp-kibana-amd64@sha256:8b69887ac5297e1d2e68b9c2ce885b9a888f6c278ca1538acb0f03206b48502a lzj.icp:8500/ibmcom/icp-kibana@sha256:6e2746da64a64f98c5761b87d5e185a9c2ac75c9c4e767ab284062b1847b7571 lzj.icp:8500/ibmcom/icp-kibana-amd64:5.5.1 lzj.icp:8500/ibmcom/icp-kibana:5.5.1] 639622018} {[lzj.icp:8500/ibmcom/icp-platform-api-amd64@sha256:1fc47925c2611aef12631b3f3806308f55a298074aebc561fd04cf8a7691c669 lzj.icp:8500/ibmcom/icp-platform-api@sha256:6b5585999f45fa6dc7a6a1d8bcb4d544c96a3e1fd3bd9f133ebed2e356985a0e lzj.icp:8500/ibmcom/icp-platform-api-amd64:3.1.0 lzj.icp:8500/ibmcom/icp-platform-api:3.1.0] 612589125} {[lzj.icp:8500/ibmcom/iam-policy-decision-amd64@sha256:d49eb3845c57bb8370a477949d92da10a178b81ade50f0e9d970981fadd6686d lzj.icp:8500/ibmcom/iam-policy-decision@sha256:ecd9f36e17e57c6be41e744abc17baacddd28178485d29cb112ffc5e558d2c09 lzj.icp:8500/ibmcom/iam-policy-decision-amd64:3.1.0 lzj.icp:8500/ibmcom/iam-policy-decision:3.1.0] 559718344} {[lzj.icp:8500/ibmcom/rootkit-annotator-amd64@sha256:caf6c24136b8785d901f346a640d673b55fe105c3617cfcb432ee2006f5b1cf4 lzj.icp:8500/ibmcom/rootkit-annotator@sha256:9aabe418ab5c5b3ce86dcfad5dc63a14124bf56227a7decb6656382f2cf9606e lzj.icp:8500/ibmcom/rootkit-annotator-amd64:1.3.1 lzj.icp:8500/ibmcom/rootkit-annotator:1.3.1] 549434506} {[lzj.icp:8500/ibmcom/icp-elasticsearch-amd64@sha256:0063a7a931ca4e52d8f7a51f2bdb010345f4373b5b904b52e5c8a48ec0c1fde7 lzj.icp:8500/ibmcom/icp-elasticsearch@sha256:b410aacb6005fe24bfd87b045ea26fde3d6eb3ca52c3f0e4560cdc208944ba50 lzj.icp:8500/ibmcom/icp-elasticsearch-amd64:5.5.1 lzj.icp:8500/ibmcom/icp-elasticsearch:5.5.1] 520121248} {[lzj.icp:8500/ibmcom/logging-pki-init-amd64@sha256:cc4bfa085e1ae99120ee526acd3e62d205e10de6f1c773c521fc5b933914f6a8 lzj.icp:8500/ibmcom/logging-pki-init@sha256:21aa9cbd05a849b4891b15cf636f73545f6001f16c82f8eeed2e90b4f9312377 lzj.icp:8500/ibmcom/logging-pki-init-amd64:2.0.0 lzj.icp:8500/ibmcom/logging-pki-init:2.0.0] 501921135} {[lzj.icp:8500/ibmcom/searchguard-init-amd64@sha256:d19ce1d27f406945d4ed78b0f07007998c2ab3889086e502924847c2186db546 lzj.icp:8500/ibmcom/searchguard-init@sha256:3d0d8a8404a9df5ad238bce1e0542cdda609cc445dfc3964952243d9fc103276 lzj.icp:8500/ibmcom/searchguard-init-amd64:2.0.0 lzj.icp:8500/ibmcom/searchguard-init:2.0.0] 457030441} {[lzj.icp:8500/ibmcom/metering-ui-amd64@sha256:3628a8fe41183c08ea0b02e2e798e3649e4aebe2c2405c34572b9eb7c7c4d9a8 lzj.icp:8500/ibmcom/metering-ui@sha256:d6453f9afecc9b1fc778c195e20bbb39d4ef6262af2f7a9a5ce3cddc259fec99 lzj.icp:8500/ibmcom/metering-ui-amd64:3.1.0 lzj.icp:8500/ibmcom/metering-ui:3.1.0] 385577105} {[lzj.icp:8500/ibmcom/heketi-amd64@sha256:c5b579a4f219c87990f861eb61de86cb9cfb51b6d230b8c299df7d9fd3d02d0e lzj.icp:8500/ibmcom/heketi@sha256:eb6875247a56829a20d0949f034b08a0e682201ab1d88d3cba71972932c254f5 lzj.icp:8500/ibmcom/heketi-amd64:v7.0.0 lzj.icp:8500/ibmcom/heketi:v7.0.0] 384720377} {[lzj.icp:8500/ibmcom/icp-mongodb-amd64@sha256:a305ae8bc309898d86bf60aee968846db3602f77b25924640d5f08a2389ee99d lzj.icp:8500/ibmcom/icp-mongodb@sha256:fe8b55caf7bb855fd4e244450af5195f2243b766c6934d464128bf982b29b345 lzj.icp:8500/ibmcom/icp-mongodb-amd64:3.1.0 lzj.icp:8500/ibmcom/icp-mongodb:3.1.0] 379353410} {[lzj.icp:8500/ibmcom/icp-catalog-ui-amd64@sha256:33993b4eab189e3c78fe27799017da770d47523cf6831460741008bf91297d6d lzj.icp:8500/ibmcom/icp-catalog-ui@sha256:049f3c4946a0ad2c10507e5e42a464448e858fb3ae606cfd84825d340adb1125 lzj.icp:8500/ibmcom/icp-catalog-ui-amd64:3.1.0 lzj.icp:8500/ibmcom/icp-catalog-ui:3.1.0] 363781304} {[lzj.icp:8500/ibmcom/nginx-ingress-controller-amd64@sha256:63b48dd3ba635aa65409f7d6a319e293697810c1b9e885e6255bebf36a2506ab lzj.icp:8500/ibmcom/nginx-ingress-controller@sha256:f68b2ce26292e02ef3dbc6cfae17cec3d54b9afee9bf5298bf95d005c0783143 lzj.icp:8500/ibmcom/nginx-ingress-controller-amd64:0.16.2 lzj.icp:8500/ibmcom/nginx-ingress-controller:0.16.2] 361632894} {[lzj.icp:8500/ibmcom/mariadb-amd64@sha256:1f9876179c32fcf463804f75cbf2fb031106edf2be9d5dbf6705375ca53930bb lzj.icp:8500/ibmcom/mariadb@sha256:2272622e7f6786220d7ee2b482a3050bd34c3e1ecdc99af6175a146610222763 lzj.icp:8500/ibmcom/mariadb-amd64:10.2.17 lzj.icp:8500/ibmcom/mariadb:10.2.17] 358991946} {[lzj.icp:8500/ibmcom/k8szk-amd64@sha256:a9ee22a4df14654552a02303e4560623244683692fd298dd2fb71e9dd66219f3 lzj.icp:8500/ibmcom/k8szk@sha256:20cfeb163fb828c3c3a7c0baf2883e90c72c8d97d20116253903e82aa2be801f lzj.icp:8500/ibmcom/k8szk-amd64:v3 lzj.icp:8500/ibmcom/k8szk:v3] 331472973} {[lzj.icp:8500/ibmcom/gluster-amd64@sha256:647caedb536eb7b8c5c8b0a2b69e52d2a34be9e6c9c7b9c1b21d14fcfa261886 lzj.icp:8500/ibmcom/gluster@sha256:eeabf9b160370078d12a4c2b84f1a9772fe10c64446f0c2251eb53b8b5277baa lzj.icp:8500/ibmcom/gluster-amd64:v4.0.2 lzj.icp:8500/ibmcom/gluster:v4.0.2] 324265531} {[lzj.icp:8500/ibmcom/istio-grafana-amd64@sha256:381a2dd3a5addbc5d43920bc19bb15ba6dbd422e4a9d91163108e72c5a63234c lzj.icp:8500/ibmcom/istio-grafana@sha256:f4fdaf4a51b946f6d4fb9aa82cdbfef53c8e0b7b2223078f9d7f62bb28d3259b lzj.icp:8500/ibmcom/istio-grafana-amd64:1.0.0.1 lzj.icp:8500/ibmcom/istio-grafana:1.0.0.1] 324187770} {[lzj.icp:8500/ibmcom/icp-filebeat-amd64@sha256:03af9b78dad6c2ba857975d10c81e781460796dff1ff1163ea4596f4aa10601d lzj.icp:8500/ibmcom/icp-filebeat@sha256:72669dde64d7ab85bbb9e93428efe548b2693a4eae5168a4705f6e30cd20e584 lzj.icp:8500/ibmcom/icp-filebeat-amd64:5.5.1 lzj.icp:8500/ibmcom/icp-filebeat:5.5.1] 317104874} {[lzj.icp:8500/ibmcom/istio-proxyv2-amd64@sha256:cd77e75fa85ce74914e1b7b0bef980ece8a62ef0d776c9ef51a0d7d30b4b64a0 lzj.icp:8500/ibmcom/istio-proxyv2@sha256:9c94d736c8cbb41e2c5b0b672530eee0df6cbb628d57f4ddaec9f4ff4f49ce35 lzj.icp:8500/ibmcom/istio-proxyv2-amd64:1.0.0.1 lzj.icp:8500/ibmcom/istio-proxyv2:1.0.0.1] 311276139} {[lzj.icp:8500/ibmcom/istio-pilot-amd64@sha256:63352073a964037fd37f6150228231d2e5eca7e0c2920405d6269326d3c54263 lzj.icp:8500/ibmcom/istio-pilot@sha256:ad129a4be7b6d1536c384efd03fb570b973b9c77a56a48e6b9cfe192a76c111e lzj.icp:8500/ibmcom/istio-pilot-amd64:1.0.0.1 lzj.icp:8500/ibmcom/istio-pilot:1.0.0.1] 309502004} {[lzj.icp:8500/ibmcom/fluentd-amd64@sha256:384a99b8d941c93f96ee5b5cbae5b70500219a3f71c73cf4eddd20d9d693e3b3 lzj.icp:8500/ibmcom/fluentd@sha256:f85a5ffd86438f1a73d04caf6e33ef3474675d9fa0947431f4d0a9602fc981af lzj.icp:8500/ibmcom/fluentd-amd64:v1.2.2-icp lzj.icp:8500/ibmcom/fluentd:v1.2.2-icp] 270902701} {[lzj.icp:8500/ibmcom/icp-identity-manager-amd64@sha256:632f31acd0fcfc3d0cebea31cfb71018f6712bd1a1b4da7476942b3c23aa3521 lzj.icp:8500/ibmcom/icp-identity-manager@sha256:993462e02a42c15b03722d935809476c8e10e6e0b3a2669eb528081e92a49859 lzj.icp:8500/ibmcom/icp-identity-manager-amd64:3.1.0 lzj.icp:8500/ibmcom/icp-identity-manager:3.1.0] 268667523} {[lzj.icp:8500/ibmcom/elasticsearch-plugin-searchguard-amd64@sha256:28f88d06bbbc073162702064c1be4ad06272e9021cbc0f929ba8c6da2ca25ae6 lzj.icp:8500/ibmcom/elasticsearch-plugin-searchguard@sha256:f47116021e3eec7b2fed9f6ed8bd77fd890457e5a1546dda7f863c032d4395b1 lzj.icp:8500/ibmcom/elasticsearch-plugin-searchguard-amd64:2.0.0 lzj.icp:8500/ibmcom/elasticsearch-plugin-searchguard:2.0.0] 267864279} {[lzj.icp:8500/ibmcom/kiali-amd64@sha256:bec63b454cf2e597c61f6a9943144050e5e6fc7a4f6474bc3bb6b627ba20c71c lzj.icp:8500/ibmcom/kiali@sha256:71a50e9885495157454657bc93842a7310e96e822a4117ad751ad81af83fde5e lzj.icp:8500/ibmcom/kiali-amd64:istio-release-1.0.0.1 lzj.icp:8500/ibmcom/kiali:istio-release-1.0.0.1] 265771300} {[lzj.icp:8500/ibmcom/calico-node-amd64@sha256:9871f4dde9eab9fd804b12f3114da36505ff5c220e2323b7434eec24e3b23ac5 lzj.icp:8500/ibmcom/calico-node@sha256:85a23d8030137d49663d3d82844a61998331606de9fc523dfdd0a75be7fb9828 lzj.icp:8500/ibmcom/calico-node-amd64:v3.1.3 lzj.icp:8500/ibmcom/calico-node:v3.1.3] 248202699} {[lzj.icp:8500/ibmcom/grafana-amd64@sha256:dc3566257a0c716caedfb33127d8ee385290c1dda006bebfb75c376d56b30c88 lzj.icp:8500/ibmcom/grafana@sha256:5d2739d3ec5c7f6ea66d69caa918b764660b99a3d37cb1f4123f1a9623ce8e38 lzj.icp:8500/ibmcom/grafana-amd64:5.2.0 lzj.icp:8500/ibmcom/grafana:5.2.0] 245297582} {[lzj.icp:8500/ibmcom/indices-cleaner-amd64@sha256:e6c6453d54012488e9ebfaa9e4d829f567d8e66b24c1613e6d88ca192ed5e85b lzj.icp:8500/ibmcom/indices-cleaner@sha256:31dac3be1246f17dddade06b517c073244ce56d85bc54135fdaf010dbb0bca10 lzj.icp:8500/ibmcom/indices-cleaner-amd64:1.0.0 lzj.icp:8500/ibmcom/indices-cleaner:1.0.0] 238131553} {[lzj.icp:8500/ibmcom/icp-identity-provider-amd64@sha256:24dba8b07c8295eef99abbf8d83041908516e4e50e4e4cfbbbcd53bdf415dda1 lzj.icp:8500/ibmcom/icp-identity-provider@sha256:b5bf63419b53ba550cad7a1b835d0d0eaae1fde8851c7936f8deb603fef673a6 lzj.icp:8500/ibmcom/icp-identity-provider-amd64:3.1.0 lzj.icp:8500/ibmcom/icp-identity-provider:3.1.0] 224286517} {[lzj.icp:8500/ibmcom/curl-amd64@sha256:aad05b4e4529f7e70516d8d3028cae6cd1d50de738ce164f2a532ce2470ac43f lzj.icp:8500/ibmcom/curl@sha256:adf92a267e351914d041a56d64ebe80331c45f8e20ab23b7ada67bea78da9996 lzj.icp:8500/ibmcom/curl-amd64:4.0.0 lzj.icp:8500/ibmcom/curl:4.0.0] 221192597} {[lzj.icp:8500/ibmcom/icp-audit-service-amd64@sha256:9add202c06a43da647380c860d9139fa059701fe103c1f229281215bf99dbbd3 lzj.icp:8500/ibmcom/icp-audit-service@sha256:7c3d710c31f6f5ae0227edc1599bdf64bc82e4fcd2b3aa8f197148240d2ab01c lzj.icp:8500/ibmcom/icp-audit-service-amd64:3.1.0 lzj.icp:8500/ibmcom/icp-audit-service:3.1.0] 215897363}],VolumesInUse:[],VolumesAttached:[],Config:&amp;NodeConfigStatus{Assigned:nil,Active:nil,LastKnownGood:nil,Error:,},},}&#xA;Sep 19 07:31:49.852: INFO: &#xA;Logging kubelet events for node 10.46.6.172&#xA;Sep 19 07:31:49.855: INFO: &#xA;Logging pods the kubelet thinks is on node 10.46.6.172&#xA;Sep 19 07:31:49.878: INFO: vulnerability-advisor-rootkit-annotator-74cb65b5cf-2dk5j started at 2018-09-17 07:19:08 +0000 UTC (0+1 container statuses recorded)&#xA;Sep 19 07:31:49.878: INFO: &#x9;Container rootkit-annotator ready: true, restart count 3&#xA;Sep 19 07:31:49.878: INFO: vulnerability-advisor-sas-mgmt-64fb95bc44-j9vjc started at 2018-09-17 07:19:08 +0000 UTC (0+1 container statuses recorded)&#xA;Sep 19 07:31:49.878: INFO: &#x9;Container sas-mgmt-server ready: true, restart count 0&#xA;Sep 19 07:31:49.878: INFO: vulnerability-advisor-compliance-annotator-d5659b9d9-kmn8q started at 2018-09-17 07:19:03 +0000 UTC (0+1 container statuses recorded)&#xA;Sep 19 07:31:49.878: INFO: &#x9;Container compliance-annotator ready: true, restart count 4&#xA;Sep 19 07:31:49.878: INFO: vulnerability-advisor-vulnerability-indexer-7c79b4c964-2n8cg started at 2018-09-17 07:19:07 +0000 UTC (0+1 container statuses recorded)&#xA;Sep 19 07:31:49.878: INFO: &#x9;Container py-vulnerability-indexer ready: true, restart count 0&#xA;Sep 19 07:31:49.878: INFO: vulnerability-advisor-secconfig-annotator-7dbcf5d9f4-fkmkb started at 2018-09-17 07:19:10 +0000 UTC (0+1 container statuses recorded)&#xA;Sep 19 07:31:49.878: INFO: &#x9;Container secconfig-annotator ready: true, restart count 0&#xA;Sep 19 07:31:49.878: INFO: monitoring-prometheus-nodeexporter-v4l7d started at 2018-09-17 07:15:44 +0000 UTC (0+2 container statuses recorded)&#xA;Sep 19 07:31:49.878: INFO: &#x9;Container nodeexporter ready: true, restart count 0&#xA;Sep 19 07:31:49.878: INFO: &#x9;Container router ready: true, restart count 0&#xA;Sep 19 07:31:49.878: INFO: vulnerability-advisor-usncrawler-8h976 started at 2018-09-17 07:19:11 +0000 UTC (0+1 container statuses recorded)&#xA;Sep 19 07:31:49.878: INFO: &#x9;Container usnloader-job ready: false, restart count 0&#xA;Sep 19 07:31:49.878: INFO: vulnerability-advisor-statsd-7746859df4-jjm6f started at 2018-09-17 07:19:10 +0000 UTC (0+1 container statuses recorded)&#xA;Sep 19 07:31:49.878: INFO: &#x9;Container statsd ready: true, restart count 0&#xA;Sep 19 07:31:49.878: INFO: vulnerability-advisor-cos-indexer-57899b7dd6-7cpf8 started at 2018-09-17 07:19:04 +0000 UTC (0+1 container statuses recorded)&#xA;Sep 19 07:31:49.878: INFO: &#x9;Container cos-indexer ready: true, restart count 3&#xA;Sep 19 07:31:49.878: INFO: vulnerability-advisor-kafka-0 started at 2018-09-17 07:19:13 +0000 UTC (0+1 container statuses recorded)&#xA;Sep 19 07:31:49.878: INFO: &#x9;Container kafka-server ready: true, restart count 2&#xA;Sep 19 07:31:49.878: INFO: calico-node-wsknj started at 2018-09-17 07:05:53 +0000 UTC (0+2 container statuses recorded)&#xA;Sep 19 07:31:49.878: INFO: &#x9;Container calico-node ready: true, restart count 0&#xA;Sep 19 07:31:49.878: INFO: &#x9;Container install-cni ready: true, restart count 0&#xA;Sep 19 07:31:49.878: INFO: metering-reader-gsrdg started at 2018-09-17 07:14:11 +0000 UTC (1+1 container statuses recorded)&#xA;Sep 19 07:31:49.878: INFO: &#x9;Init container metering-reader-init ready: true, restart count 1&#xA;Sep 19 07:31:49.878: INFO: &#x9;Container metering-reader ready: true, restart count 0&#xA;Sep 19 07:31:49.878: INFO: logging-elk-filebeat-ds-vpk48 started at 2018-09-17 07:15:20 +0000 UTC (0+1 container statuses recorded)&#xA;Sep 19 07:31:49.878: INFO: &#x9;Container filebeat ready: true, restart count 0&#xA;Sep 19 07:31:49.878: INFO: vulnerability-advisor-password-annotator-79b5d794b5-wnwqn started at 2018-09-17 07:19:05 +0000 UTC (0+1 container statuses recorded)&#xA;Sep 19 07:31:49.878: INFO: &#x9;Container config-parser ready: true, restart count 3&#xA;Sep 19 07:31:49.878: INFO: vulnerability-advisor-vulnerability-annotator-bcbf5595f-hxwst started at 2018-09-17 07:19:10 +0000 UTC (0+1 container statuses recorded)&#xA;Sep 19 07:31:49.878: INFO: &#x9;Container va-annotator ready: true, restart count 3&#xA;Sep 19 07:31:49.878: INFO: vulnerability-advisor-minio-0 started at 2018-09-17 07:19:16 +0000 UTC (1+1 container statuses recorded)&#xA;Sep 19 07:31:49.878: INFO: &#x9;Init container wait-kafka ready: true, restart count 1&#xA;Sep 19 07:31:49.878: INFO: &#x9;Container minio-server ready: true, restart count 0&#xA;Sep 19 07:31:49.878: INFO: nvidia-device-plugin-w9jr8 started at 2018-09-17 07:07:17 +0000 UTC (1+1 container statuses recorded)&#xA;Sep 19 07:31:49.878: INFO: &#x9;Init container nvidia-driver-collector ready: true, restart count 0&#xA;Sep 19 07:31:49.878: INFO: &#x9;Container nvidia-device-plugin ready: true, restart count 0&#xA;Sep 19 07:31:49.878: INFO: vulnerability-advisor-live-crawler-84st2 started at 2018-09-17 07:19:03 +0000 UTC (0+1 container statuses recorded)&#xA;Sep 19 07:31:49.878: INFO: &#x9;Container live-crawler ready: true, restart count 0&#xA;Sep 19 07:31:49.878: INFO: vulnerability-advisor-process-ma-annotator-58f47d5b5f-xbxrc started at 2018-09-17 07:19:06 +0000 UTC (0+2 container statuses recorded)&#xA;Sep 19 07:31:49.878: INFO: &#x9;Container icp-audit-service ready: true, restart count 0&#xA;Sep 19 07:31:49.878: INFO: &#x9;Container process-ma-annotator ready: true, restart count 2&#xA;Sep 19 07:31:49.878: INFO: vulnerability-advisor-compliance-indexer-7cbdc64b57-47lmd started at 2018-09-17 07:19:07 +0000 UTC (0+1 container statuses recorded)&#xA;Sep 19 07:31:49.878: INFO: &#x9;Container py-compliance-indexer ready: true, restart count 0&#xA;Sep 19 07:31:49.878: INFO: vulnerability-advisor-minio-cleaner-1537228740-55f4w started at 2018-09-17 23:59:03 +0000 UTC (0+1 container statuses recorded)&#xA;Sep 19 07:31:49.878: INFO: &#x9;Container cleaner ready: false, restart count 0&#xA;Sep 19 07:31:49.878: INFO: audit-logging-fluentd-ds-8bh4t started at 2018-09-17 07:18:46 +0000 UTC (0+1 container statuses recorded)&#xA;Sep 19 07:31:49.878: INFO: &#x9;Container fluentd ready: true, restart count 0&#xA;Sep 19 07:31:49.878: INFO: vulnerability-advisor-process-ma-crawler-24z6k started at 2018-09-17 07:19:03 +0000 UTC (0+1 container statuses recorded)&#xA;Sep 19 07:31:49.878: INFO: &#x9;Container process-ma-crawler ready: true, restart count 0&#xA;Sep 19 07:31:49.878: INFO: vulnerability-advisor-config-parser-5d44b78fd5-z4k9t started at 2018-09-17 07:19:04 +0000 UTC (0+1 container statuses recorded)&#xA;Sep 19 07:31:49.878: INFO: &#x9;Container config-parser ready: true, restart count 4&#xA;Sep 19 07:31:49.878: INFO: vulnerability-advisor-notification-dispatcher-86f8bf4b4d-cfdzb started at 2018-09-17 07:19:04 +0000 UTC (0+1 container statuses recorded)&#xA;Sep 19 07:31:49.878: INFO: &#x9;Container notification-dispatcher ready: true, restart count 3&#xA;Sep 19 07:31:49.878: INFO: vulnerability-advisor-process-ma-annotator-init-869545d547nn27w started at 2018-09-17 07:19:06 +0000 UTC (0+1 container statuses recorded)&#xA;Sep 19 07:31:49.878: INFO: &#x9;Container process-ma-annotator ready: true, restart count 0&#xA;Sep 19 07:31:49.878: INFO: vulnerability-advisor-process-ma-annotator-58f47d5b5f-4wglg started at 2018-09-17 07:19:06 +0000 UTC (0+2 container statuses recorded)&#xA;Sep 19 07:31:49.878: INFO: &#x9;Container icp-audit-service ready: true, restart count 0&#xA;Sep 19 07:31:49.878: INFO: &#x9;Container process-ma-annotator ready: true, restart count 1&#xA;Sep 19 07:31:49.878: INFO: vulnerability-advisor-rootkit-indexer-cd8b4646b-xlhwq started at 2018-09-17 07:19:07 +0000 UTC (0+1 container statuses recorded)&#xA;Sep 19 07:31:49.878: INFO: &#x9;Container py-rootkit-indexer ready: true, restart count 0&#xA;Sep 19 07:31:49.878: INFO: vulnerability-advisor-secconfig-indexer-674647df7c-qq5ff started at 2018-09-17 07:19:07 +0000 UTC (0+1 container statuses recorded)&#xA;Sep 19 07:31:49.878: INFO: &#x9;Container py-secconfig-indexer ready: true, restart count 0&#xA;Sep 19 07:31:49.878: INFO: k8s-proxy-10.46.6.172 started at &lt;nil&gt; (0+0 container statuses recorded)&#xA;Sep 19 07:31:49.878: INFO: vulnerability-advisor-minio-cleaner-1537315140-nqk7v started at 2018-09-18 23:59:04 +0000 UTC (0+1 container statuses recorded)&#xA;Sep 19 07:31:49.878: INFO: &#x9;Container cleaner ready: false, restart count 0&#xA;Sep 19 07:31:49.878: INFO: vulnerability-advisor-registry-crawler-6f9568677b-bfpm6 started at 2018-09-17 07:19:08 +0000 UTC (0+1 container statuses recorded)&#xA;Sep 19 07:31:49.878: INFO: &#x9;Container reg-crawler ready: true, restart count 0&#xA;Sep 19 07:31:49.878: INFO: vulnerability-advisor-sas-apiserver-5fd8d44bc9-7bvkn started at 2018-09-17 07:19:09 +0000 UTC (0+3 container statuses recorded)&#xA;Sep 19 07:31:49.878: INFO: &#x9;Container icp-audit-service ready: true, restart count 0&#xA;Sep 19 07:31:49.878: INFO: &#x9;Container sas-api-server ready: true, restart count 0&#xA;Sep 19 07:31:49.878: INFO: &#x9;Container sas-proxy-server ready: true, restart count 0&#xA;Sep 19 07:31:49.878: INFO: vulnerability-advisor-zookeeper-0 started at 2018-09-17 07:19:15 +0000 UTC (0+1 container statuses recorded)&#xA;Sep 19 07:31:49.878: INFO: &#x9;Container zookeeper-server ready: true, restart count 0&#xA;Sep 19 07:31:49.878: INFO: vulnerability-advisor-ma-file-annotator-6b95df8886-jtczz started at 2018-09-17 07:19:04 +0000 UTC (0+2 container statuses recorded)&#xA;Sep 19 07:31:49.878: INFO: &#x9;Container icp-audit-service ready: true, restart count 0&#xA;Sep 19 07:31:49.878: INFO: &#x9;Container vulnerability-advisor-ma-file-annotator ready: true, restart count 1&#xA;Sep 19 07:31:49.924: INFO: &#xA;Latency metrics for node 10.46.6.172&#xA;Sep 19 07:31:49.924: INFO: &#xA;Logging node info for node 10.46.6.173&#xA;Sep 19 07:31:49.927: INFO: Node Info: &amp;Node{ObjectMeta:k8s_io_apimachinery_pkg_apis_meta_v1.ObjectMeta{Name:10.46.6.173,GenerateName:,Namespace:,SelfLink:/api/v1/nodes/10.46.6.173,UID:3dc7268b-ba44-11e8-b20e-fa163e707b2e,ResourceVersion:455437,Generation:0,CreationTimestamp:2018-09-17 06:38:09 +0000 UTC,DeletionTimestamp:&lt;nil&gt;,DeletionGracePeriodSeconds:nil,Labels:map[string]string{beta.kubernetes.io/arch: amd64,beta.kubernetes.io/os: linux,etcd: true,kubernetes.io/hostname: 10.46.6.173,master: true,node-role.kubernetes.io/etcd: true,node-role.kubernetes.io/master: true,node-role.kubernetes.io/proxy: true,proxy: true,role: master,},Annotations:map[string]string{node.alpha.kubernetes.io/ttl: 0,volumes.kubernetes.io/controller-managed-attach-detach: true,},OwnerReferences:[],Finalizers:[],ClusterName:,Initializers:nil,},Spec:NodeSpec{PodCIDR:,DoNotUse_ExternalID:,ProviderID:,Unschedulable:false,Taints:[{dedicated proxy NoSchedule &lt;nil&gt;}],ConfigSource:nil,},Status:NodeStatus{Capacity:ResourceList{cpu: {{32 0} {&lt;nil&gt;} 32 DecimalSI},ephemeral-storage: {{107362627584 0} {&lt;nil&gt;} 104846316Ki BinarySI},hugepages-1Gi: {{0 0} {&lt;nil&gt;} 0 DecimalSI},hugepages-2Mi: {{0 0} {&lt;nil&gt;} 0 DecimalSI},memory: {{135202160640 0} {&lt;nil&gt;}  BinarySI},pods: {{320 0} {&lt;nil&gt;} 320 DecimalSI},},Allocatable:ResourceList{cpu: {{32 0} {&lt;nil&gt;} 32 DecimalSI},ephemeral-storage: {{107257769984 0} {&lt;nil&gt;} 104743916Ki BinarySI},hugepages-1Gi: {{0 0} {&lt;nil&gt;} 0 DecimalSI},hugepages-2Mi: {{0 0} {&lt;nil&gt;} 0 DecimalSI},memory: {{135097303040 0} {&lt;nil&gt;}  BinarySI},pods: {{320 0} {&lt;nil&gt;} 320 DecimalSI},},Phase:,Conditions:[{OutOfDisk False 2018-09-19 07:31:48 +0000 UTC 2018-09-17 06:38:09 +0000 UTC KubeletHasSufficientDisk kubelet has sufficient disk space available} {MemoryPressure False 2018-09-19 07:31:48 +0000 UTC 2018-09-17 06:38:09 +0000 UTC KubeletHasSufficientMemory kubelet has sufficient memory available} {DiskPressure False 2018-09-19 07:31:48 +0000 UTC 2018-09-17 06:38:09 +0000 UTC KubeletHasNoDiskPressure kubelet has no disk pressure} {PIDPressure False 2018-09-19 07:31:48 +0000 UTC 2018-09-17 06:38:09 +0000 UTC KubeletHasSufficientPID kubelet has sufficient PID available} {Ready True 2018-09-19 07:31:48 +0000 UTC 2018-09-17 07:06:09 +0000 UTC KubeletReady kubelet is posting ready status}],Addresses:[{InternalIP 10.46.6.173} {Hostname 10.46.6.173}],DaemonEndpoints:NodeDaemonEndpoints{KubeletEndpoint:DaemonEndpoint{Port:10250,},},NodeInfo:NodeSystemInfo{MachineID:52ca0d2c3fb341c79b059a96d10571a6,SystemUUID:DA83D170-F88E-40EB-A0A3-2918CD5F6005,BootID:806b09ea-0a42-4719-bbaa-13e375c7b62f,KernelVersion:3.10.0-862.9.1.el7.x86_64,OSImage:Red Hat Enterprise Linux,ContainerRuntimeVersion:docker://18.3.1,KubeletVersion:v1.11.1+icp-ee,KubeProxyVersion:v1.11.1+icp-ee,OperatingSystem:linux,Architecture:amd64,},Images:[{[lzj.icp:8500/ibmcom/statsd-amd64@sha256:5ee11bc24bced45a77d9d630348680f319c09d9d3b2230b04518d1e2a5263ae2 lzj.icp:8500/ibmcom/statsd-amd64:0.7.2.1 lzj.icp:8500/ibmcom/statsd:0.7.2.1] 1234731808} {[lzj.icp:8500/ibmcom/kafka-amd64@sha256:0d6d348ccd7aa2854d60791331280e58db92029a522c8bfb3eb40c7c0913ca8f lzj.icp:8500/ibmcom/kafka-amd64:0.10.0.2 lzj.icp:8500/ibmcom/kafka:0.10.0.2] 1114805679} {[lzj.icp:8500/ibmcom/iam-token-service-amd64@sha256:9211161e5b5b9d892a99b46fad4429333ceb7143b4039419df7ea0efa36381a9 lzj.icp:8500/ibmcom/iam-token-service-amd64:3.1.0 lzj.icp:8500/ibmcom/iam-token-service:3.1.0] 1051060152} {[lzj.icp:8500/ibmcom/icp-platform-auth-amd64@sha256:abc258009b8696a83214b7a9d9df63f6d83e19cfca2987c4836b0eadfa4c99c7 lzj.icp:8500/ibmcom/icp-platform-auth-amd64:3.1.0 lzj.icp:8500/ibmcom/icp-platform-auth:3.1.0] 1028283742} {[lzj.icp:8500/ibmcom/reg-crawler-amd64@sha256:9e5d4ebbac3dd6cbf9f892b5bd634f89fae3d4b2e6a23debd3ecd322e3eb817e lzj.icp:8500/ibmcom/reg-crawler-amd64:1.3.1 lzj.icp:8500/ibmcom/reg-crawler:1.3.1] 1007817363} {[lzj.icp:8500/ibmcom/live-crawler-amd64@sha256:37a79ec87bd3c8b9af25cf1e25f4f14281ffb9f5ebeaf61c0b7c8a5799baf782 lzj.icp:8500/ibmcom/live-crawler-amd64:1.3.1 lzj.icp:8500/ibmcom/live-crawler:1.3.1] 987515538} {[lzj.icp:8500/ibmcom/cos-indexer-amd64@sha256:adf28ff960ebdcbfcfa5e4522b81aa3565338f8d640dad611a1c3f0d3894393b lzj.icp:8500/ibmcom/cos-indexer-amd64:1.3.1 lzj.icp:8500/ibmcom/cos-indexer:1.3.1] 846578165} {[lzj.icp:8500/ibmcom/secure-config-annotator-amd64@sha256:26e845c6a252e0c5ae73e764645993b3270e289d1a2e9784b06ddd7898ca45d9 lzj.icp:8500/ibmcom/secure-config-annotator-amd64:1.3.1 lzj.icp:8500/ibmcom/secure-config-annotator:1.3.1] 835555196} {[lzj.icp:8500/ibmcom/hyperkube-amd64@sha256:9eaadf7c2a417ee2a9a219e2eadf21884742199a484be2ca737f0e8a178d490a lzj.icp:8500/ibmcom/hyperkube-amd64:v1.11.1-ee lzj.icp:8500/ibmcom/hyperkube:v1.11.1-ee] 782626408} {[lzj.icp:8500/ibmcom/compliance-annotator-amd64@sha256:5d8bbbef3a7dc54ba9addb256d2aa8a3f7d5c27a454ff4b7ee583b217dac2ce4 lzj.icp:8500/ibmcom/compliance-annotator-amd64:1.3.1 lzj.icp:8500/ibmcom/compliance-annotator:1.3.1] 773932738} {[lzj.icp:8500/ibmcom/icp-logstash-amd64@sha256:02a683ee6ad9eeed7ea8ebb1de713aaf902a9e20a39ccc0294ee1f947f1bbd73 lzj.icp:8500/ibmcom/icp-logstash-amd64:5.5.1 lzj.icp:8500/ibmcom/icp-logstash:5.5.1] 764906887} {[lzj.icp:8500/ibmcom/process-ma-hf-amd64@sha256:ef0d164350d07600f8037082db7d98cf81b9c554d8a60692ae90b8d0239a8cdc lzj.icp:8500/ibmcom/process-ma-hf-amd64:1.3.1 lzj.icp:8500/ibmcom/process-ma-hf:1.3.1] 758635128} {[lzj.icp:8500/ibmcom/vulnerability-annotator-amd64@sha256:febedf85b65e0d1800e67249274d474d4ce67e8041e81487f76bce727cb39bd4 lzj.icp:8500/ibmcom/vulnerability-annotator-amd64:1.3.1 lzj.icp:8500/ibmcom/vulnerability-annotator:1.3.1] 757013017} {[lzj.icp:8500/ibmcom/py-generic-indexer-amd64@sha256:45cb17e23e15f4dfe44471309af12f0655aad5f8e859c718f393290f220b02b2 lzj.icp:8500/ibmcom/py-generic-indexer-amd64:1.3.1 lzj.icp:8500/ibmcom/py-generic-indexer:1.3.1] 755588945} {[lzj.icp:8500/ibmcom/icp-inception-amd64@sha256:1dad180d14ae732d17ca5cf41b87dbb316c072323f186d60a08a753f904eb5b2 ibmcom/icp-inception-amd64:3.1.0-ee lzj.icp:8500/ibmcom/icp-inception-amd64:3.1.0-ee lzj.icp:8500/ibmcom/icp-inception:3.1.0-ee] 744155119} {[lzj.icp:8500/ibmcom/config-parser-amd64@sha256:7d721e0b5a827921ac16fa9e7570db225211e6dd700cdeaba1d28ba02ff8ef6d lzj.icp:8500/ibmcom/config-parser-amd64:1.3.1 lzj.icp:8500/ibmcom/config-parser:1.3.1] 739243486} {[lzj.icp:8500/ibmcom/iam-policy-administration-amd64@sha256:e1941aa09a5b692505cb3be3e497d3ff9acb900786b9a2c8c4c00d0243b37dd0 lzj.icp:8500/ibmcom/iam-policy-administration-amd64:3.1.0 lzj.icp:8500/ibmcom/iam-policy-administration:3.1.0] 711947327} {[lzj.icp:8500/ibmcom/password-annotator-amd64@sha256:bca1b6b222d8ea8ade174a8cc1a549f161d75d3e9d69881f08a1fb316a8e27d3 lzj.icp:8500/ibmcom/password-annotator-amd64:1.3.1 lzj.icp:8500/ibmcom/password-annotator:1.3.1] 707627907} {[lzj.icp:8500/ibmcom/notification-dispatcher-amd64@sha256:ec8dfbc351a0d758488f9f8bfa17c3182a5c02819a6ebf7144ab914a2233cf57 lzj.icp:8500/ibmcom/notification-dispatcher-amd64:1.3.1 lzj.icp:8500/ibmcom/notification-dispatcher:1.3.1] 707588442} {[lzj.icp:8500/ibmcom/sas-base-amd64@sha256:9651b1149c62d5a0968aaeffe71f2da68cd7e07ff8d7ea67538278c00ab08457 lzj.icp:8500/ibmcom/sas-base-amd64:1.3.1 lzj.icp:8500/ibmcom/sas-base:1.3.1] 653746081} {[lzj.icp:8500/ibmcom/ma-file-annotator-amd64@sha256:8caa6280fd845fd524ad874a6b243510ebf085d58c989229020fcfc743492632 lzj.icp:8500/ibmcom/ma-file-annotator-amd64:1.3.1 lzj.icp:8500/ibmcom/ma-file-annotator:1.3.1] 653745236} {[lzj.icp:8500/ibmcom/icp-kibana-amd64@sha256:8b69887ac5297e1d2e68b9c2ce885b9a888f6c278ca1538acb0f03206b48502a lzj.icp:8500/ibmcom/icp-kibana-amd64:5.5.1 lzj.icp:8500/ibmcom/icp-kibana:5.5.1] 639622018} {[lzj.icp:8500/ibmcom/icp-platform-api-amd64@sha256:1fc47925c2611aef12631b3f3806308f55a298074aebc561fd04cf8a7691c669 lzj.icp:8500/ibmcom/icp-platform-api-amd64:3.1.0 lzj.icp:8500/ibmcom/icp-platform-api:3.1.0] 612589125} {[lzj.icp:8500/ibmcom/iam-policy-decision-amd64@sha256:d49eb3845c57bb8370a477949d92da10a178b81ade50f0e9d970981fadd6686d lzj.icp:8500/ibmcom/iam-policy-decision-amd64:3.1.0 lzj.icp:8500/ibmcom/iam-policy-decision:3.1.0] 559718344} {[lzj.icp:8500/ibmcom/rootkit-annotator-amd64@sha256:caf6c24136b8785d901f346a640d673b55fe105c3617cfcb432ee2006f5b1cf4 lzj.icp:8500/ibmcom/rootkit-annotator-amd64:1.3.1 lzj.icp:8500/ibmcom/rootkit-annotator:1.3.1] 549434506} {[lzj.icp:8500/ibmcom/icp-elasticsearch-amd64@sha256:0063a7a931ca4e52d8f7a51f2bdb010345f4373b5b904b52e5c8a48ec0c1fde7 lzj.icp:8500/ibmcom/icp-elasticsearch-amd64:5.5.1 lzj.icp:8500/ibmcom/icp-elasticsearch:5.5.1] 520121248} {[lzj.icp:8500/ibmcom/logging-pki-init-amd64@sha256:cc4bfa085e1ae99120ee526acd3e62d205e10de6f1c773c521fc5b933914f6a8 lzj.icp:8500/ibmcom/logging-pki-init-amd64:2.0.0 lzj.icp:8500/ibmcom/logging-pki-init:2.0.0] 501921135} {[lzj.icp:8500/ibmcom/searchguard-init-amd64@sha256:d19ce1d27f406945d4ed78b0f07007998c2ab3889086e502924847c2186db546 lzj.icp:8500/ibmcom/searchguard-init-amd64:2.0.0 lzj.icp:8500/ibmcom/searchguard-init:2.0.0] 457030441} {[lzj.icp:8500/ibmcom/metering-ui-amd64@sha256:3628a8fe41183c08ea0b02e2e798e3649e4aebe2c2405c34572b9eb7c7c4d9a8 lzj.icp:8500/ibmcom/metering-ui-amd64:3.1.0 lzj.icp:8500/ibmcom/metering-ui:3.1.0] 385577105} {[lzj.icp:8500/ibmcom/heketi-amd64@sha256:c5b579a4f219c87990f861eb61de86cb9cfb51b6d230b8c299df7d9fd3d02d0e lzj.icp:8500/ibmcom/heketi-amd64:v7.0.0 lzj.icp:8500/ibmcom/heketi:v7.0.0] 384720377} {[lzj.icp:8500/ibmcom/icp-mongodb-amd64@sha256:a305ae8bc309898d86bf60aee968846db3602f77b25924640d5f08a2389ee99d lzj.icp:8500/ibmcom/icp-mongodb-amd64:3.1.0 lzj.icp:8500/ibmcom/icp-mongodb:3.1.0] 379353410} {[lzj.icp:8500/ibmcom/icp-catalog-ui-amd64@sha256:33993b4eab189e3c78fe27799017da770d47523cf6831460741008bf91297d6d lzj.icp:8500/ibmcom/icp-catalog-ui-amd64:3.1.0 lzj.icp:8500/ibmcom/icp-catalog-ui:3.1.0] 363781304} {[lzj.icp:8500/ibmcom/nginx-ingress-controller-amd64@sha256:63b48dd3ba635aa65409f7d6a319e293697810c1b9e885e6255bebf36a2506ab lzj.icp:8500/ibmcom/nginx-ingress-controller-amd64:0.16.2 lzj.icp:8500/ibmcom/nginx-ingress-controller:0.16.2] 361632894} {[lzj.icp:8500/ibmcom/mariadb-amd64@sha256:1f9876179c32fcf463804f75cbf2fb031106edf2be9d5dbf6705375ca53930bb lzj.icp:8500/ibmcom/mariadb-amd64:10.2.17 lzj.icp:8500/ibmcom/mariadb:10.2.17] 358991946} {[lzj.icp:8500/ibmcom/k8szk-amd64@sha256:a9ee22a4df14654552a02303e4560623244683692fd298dd2fb71e9dd66219f3 lzj.icp:8500/ibmcom/k8szk-amd64:v3 lzj.icp:8500/ibmcom/k8szk:v3] 331472973} {[lzj.icp:8500/ibmcom/gluster-amd64@sha256:647caedb536eb7b8c5c8b0a2b69e52d2a34be9e6c9c7b9c1b21d14fcfa261886 lzj.icp:8500/ibmcom/gluster-amd64:v4.0.2 lzj.icp:8500/ibmcom/gluster:v4.0.2] 324265531} {[lzj.icp:8500/ibmcom/istio-grafana-amd64@sha256:381a2dd3a5addbc5d43920bc19bb15ba6dbd422e4a9d91163108e72c5a63234c lzj.icp:8500/ibmcom/istio-grafana-amd64:1.0.0.1 lzj.icp:8500/ibmcom/istio-grafana:1.0.0.1] 324187770} {[lzj.icp:8500/ibmcom/icp-filebeat-amd64@sha256:03af9b78dad6c2ba857975d10c81e781460796dff1ff1163ea4596f4aa10601d lzj.icp:8500/ibmcom/icp-filebeat-amd64:5.5.1 lzj.icp:8500/ibmcom/icp-filebeat:5.5.1] 317104874} {[lzj.icp:8500/ibmcom/istio-proxyv2-amd64@sha256:cd77e75fa85ce74914e1b7b0bef980ece8a62ef0d776c9ef51a0d7d30b4b64a0 lzj.icp:8500/ibmcom/istio-proxyv2-amd64:1.0.0.1 lzj.icp:8500/ibmcom/istio-proxyv2:1.0.0.1] 311276139} {[lzj.icp:8500/ibmcom/istio-pilot-amd64@sha256:63352073a964037fd37f6150228231d2e5eca7e0c2920405d6269326d3c54263 lzj.icp:8500/ibmcom/istio-pilot-amd64:1.0.0.1 lzj.icp:8500/ibmcom/istio-pilot:1.0.0.1] 309502004} {[lzj.icp:8500/ibmcom/fluentd-amd64@sha256:384a99b8d941c93f96ee5b5cbae5b70500219a3f71c73cf4eddd20d9d693e3b3 lzj.icp:8500/ibmcom/fluentd-amd64:v1.2.2-icp lzj.icp:8500/ibmcom/fluentd:v1.2.2-icp] 270902701} {[lzj.icp:8500/ibmcom/icp-identity-manager-amd64@sha256:632f31acd0fcfc3d0cebea31cfb71018f6712bd1a1b4da7476942b3c23aa3521 lzj.icp:8500/ibmcom/icp-identity-manager-amd64:3.1.0 lzj.icp:8500/ibmcom/icp-identity-manager:3.1.0] 268667523} {[lzj.icp:8500/ibmcom/elasticsearch-plugin-searchguard-amd64@sha256:28f88d06bbbc073162702064c1be4ad06272e9021cbc0f929ba8c6da2ca25ae6 lzj.icp:8500/ibmcom/elasticsearch-plugin-searchguard-amd64:2.0.0 lzj.icp:8500/ibmcom/elasticsearch-plugin-searchguard:2.0.0] 267864279} {[lzj.icp:8500/ibmcom/kiali-amd64@sha256:bec63b454cf2e597c61f6a9943144050e5e6fc7a4f6474bc3bb6b627ba20c71c lzj.icp:8500/ibmcom/kiali-amd64:istio-release-1.0.0.1 lzj.icp:8500/ibmcom/kiali:istio-release-1.0.0.1] 265771300} {[lzj.icp:8500/ibmcom/calico-node-amd64@sha256:9871f4dde9eab9fd804b12f3114da36505ff5c220e2323b7434eec24e3b23ac5 lzj.icp:8500/ibmcom/calico-node-amd64:v3.1.3 lzj.icp:8500/ibmcom/calico-node:v3.1.3] 248202699} {[lzj.icp:8500/ibmcom/grafana-amd64@sha256:dc3566257a0c716caedfb33127d8ee385290c1dda006bebfb75c376d56b30c88 lzj.icp:8500/ibmcom/grafana-amd64:5.2.0 lzj.icp:8500/ibmcom/grafana:5.2.0] 245297582} {[lzj.icp:8500/ibmcom/indices-cleaner-amd64@sha256:e6c6453d54012488e9ebfaa9e4d829f567d8e66b24c1613e6d88ca192ed5e85b lzj.icp:8500/ibmcom/indices-cleaner-amd64:1.0.0 lzj.icp:8500/ibmcom/indices-cleaner:1.0.0] 238131553} {[lzj.icp:8500/ibmcom/icp-identity-provider-amd64@sha256:24dba8b07c8295eef99abbf8d83041908516e4e50e4e4cfbbbcd53bdf415dda1 lzj.icp:8500/ibmcom/icp-identity-provider-amd64:3.1.0 lzj.icp:8500/ibmcom/icp-identity-provider:3.1.0] 224286517} {[lzj.icp:8500/ibmcom/curl-amd64@sha256:aad05b4e4529f7e70516d8d3028cae6cd1d50de738ce164f2a532ce2470ac43f lzj.icp:8500/ibmcom/curl-amd64:4.0.0 lzj.icp:8500/ibmcom/curl:4.0.0] 221192597} {[lzj.icp:8500/ibmcom/icp-audit-service-amd64@sha256:9add202c06a43da647380c860d9139fa059701fe103c1f229281215bf99dbbd3 lzj.icp:8500/ibmcom/icp-audit-service-amd64:3.1.0 lzj.icp:8500/ibmcom/icp-audit-service:3.1.0] 215897363}],VolumesInUse:[],VolumesAttached:[],Config:&amp;NodeConfigStatus{Assigned:nil,Active:nil,LastKnownGood:nil,Error:,},},}&#xA;Sep 19 07:31:49.928: INFO: &#xA;Logging kubelet events for node 10.46.6.173&#xA;Sep 19 07:31:49.937: INFO: &#xA;Logging pods the kubelet thinks is on node 10.46.6.173&#xA;Sep 19 07:31:49.983: INFO: k8s-master-10.46.6.173 started at &lt;nil&gt; (0+0 container statuses recorded)&#xA;Sep 19 07:31:49.983: INFO: grafana-77676f44f7-c9wr6 started at 2018-09-17 07:17:28 +0000 UTC (0+1 container statuses recorded)&#xA;Sep 19 07:31:49.983: INFO: &#x9;Container grafana ready: true, restart count 1&#xA;Sep 19 07:31:49.983: INFO: security-onboarding-tkf79 started at 2018-09-17 07:18:12 +0000 UTC (0+1 container statuses recorded)&#xA;Sep 19 07:31:49.983: INFO: &#x9;Container security-onboarding ready: false, restart count 0&#xA;Sep 19 07:31:49.983: INFO: istio-egressgateway-54448bcdbd-xmkbc started at 2018-09-17 07:24:11 +0000 UTC (0+1 container statuses recorded)&#xA;Sep 19 07:31:49.983: INFO: &#x9;Container istio-egressgateway ready: true, restart count 0&#xA;Sep 19 07:31:49.983: INFO: tiller-deploy-6b58875cb-5l8kh started at 2018-09-17 07:05:28 +0000 UTC (0+1 container statuses recorded)&#xA;Sep 19 07:31:49.983: INFO: &#x9;Container tiller ready: true, restart count 0&#xA;Sep 19 07:31:49.983: INFO: unified-router-lkwnl started at 2018-09-17 07:15:31 +0000 UTC (0+1 container statuses recorded)&#xA;Sep 19 07:31:49.983: INFO: &#x9;Container unified-router ready: true, restart count 0&#xA;Sep 19 07:31:49.983: INFO: istio-ingressgateway-7bc96d6585-smf45 started at 2018-09-17 07:17:28 +0000 UTC (0+1 container statuses recorded)&#xA;Sep 19 07:31:49.983: INFO: &#x9;Container istio-ingressgateway ready: true, restart count 0&#xA;Sep 19 07:31:49.983: INFO: default-backend-54966589c4-4d47g started at 2018-09-17 07:08:29 +0000 UTC (0+1 container statuses recorded)&#xA;Sep 19 07:31:49.983: INFO: &#x9;Container default-backend ready: true, restart count 0&#xA;Sep 19 07:31:49.983: INFO: platform-ui-6fjgx started at 2018-09-17 07:14:34 +0000 UTC (0+1 container statuses recorded)&#xA;Sep 19 07:31:49.983: INFO: &#x9;Container platform-ui ready: true, restart count 0&#xA;Sep 19 07:31:49.983: INFO: monitoring-prometheus-nodeexporter-f84fv started at 2018-09-17 07:15:45 +0000 UTC (0+2 container statuses recorded)&#xA;Sep 19 07:31:49.983: INFO: &#x9;Container nodeexporter ready: true, restart count 0&#xA;Sep 19 07:31:49.983: INFO: &#x9;Container router ready: true, restart count 0&#xA;Sep 19 07:31:49.983: INFO: prometheus-6f98d89664-wh7pb started at 2018-09-17 07:17:31 +0000 UTC (0+1 container statuses recorded)&#xA;Sep 19 07:31:49.983: INFO: &#x9;Container prometheus ready: true, restart count 0&#xA;Sep 19 07:31:49.983: INFO: vulnerability-advisor-live-crawler-p6khc started at 2018-09-17 07:19:02 +0000 UTC (0+1 container statuses recorded)&#xA;Sep 19 07:31:49.983: INFO: &#x9;Container live-crawler ready: true, restart count 0&#xA;Sep 19 07:31:49.983: INFO: service-catalog-apiserver-967x9 started at 2018-09-17 07:08:20 +0000 UTC (0+1 container statuses recorded)&#xA;Sep 19 07:31:49.983: INFO: &#x9;Container apiserver ready: true, restart count 0&#xA;Sep 19 07:31:49.983: INFO: oidc-client-registration-szxrk started at 2018-09-17 07:10:05 +0000 UTC (0+1 container statuses recorded)&#xA;Sep 19 07:31:49.983: INFO: &#x9;Container oidc-client-registration ready: false, restart count 0&#xA;Sep 19 07:31:49.983: INFO: kiali-7f8c59df94-25qmq started at 2018-09-17 07:17:27 +0000 UTC (0+1 container statuses recorded)&#xA;Sep 19 07:31:49.983: INFO: &#x9;Container kiali ready: true, restart count 0&#xA;Sep 19 07:31:49.983: INFO: kube-dns-mwjc8 started at 2018-09-17 07:06:10 +0000 UTC (0+1 container statuses recorded)&#xA;Sep 19 07:31:49.983: INFO: &#x9;Container kube-dns ready: true, restart count 0&#xA;Sep 19 07:31:49.983: INFO: auth-pdp-tk2jm started at 2018-09-17 07:10:28 +0000 UTC (5+2 container statuses recorded)&#xA;Sep 19 07:31:49.983: INFO: &#x9;Init container init-auth-service ready: true, restart count 0&#xA;Sep 19 07:31:49.983: INFO: &#x9;Init container init-identity-provider ready: true, restart count 0&#xA;Sep 19 07:31:49.983: INFO: &#x9;Init container init-identity-manager ready: true, restart count 0&#xA;Sep 19 07:31:49.983: INFO: &#x9;Init container init-token-service ready: true, restart count 0&#xA;Sep 19 07:31:49.983: INFO: &#x9;Init container init-pap ready: true, restart count 0&#xA;Sep 19 07:31:49.983: INFO: &#x9;Container auth-pdp ready: true, restart count 0&#xA;Sep 19 07:31:49.983: INFO: &#x9;Container icp-audit-service ready: true, restart count 0&#xA;Sep 19 07:31:49.983: INFO: icp-management-ingress-x6qn8 started at 2018-09-17 07:10:36 +0000 UTC (0+1 container statuses recorded)&#xA;Sep 19 07:31:49.983: INFO: &#x9;Container icp-management-ingress ready: true, restart count 0&#xA;Sep 19 07:31:49.983: INFO: istio-egressgateway-54448bcdbd-cqlhf started at 2018-09-17 07:24:11 +0000 UTC (0+1 container statuses recorded)&#xA;Sep 19 07:31:49.983: INFO: &#x9;Container istio-egressgateway ready: true, restart count 0&#xA;Sep 19 07:31:49.983: INFO: heapster-69b486565b-nt26r started at 2018-09-17 07:13:48 +0000 UTC (0+1 container statuses recorded)&#xA;Sep 19 07:31:49.983: INFO: &#x9;Container heapster ready: true, restart count 0&#xA;Sep 19 07:31:49.983: INFO: istio-galley-687cd96db-hlpng started at 2018-09-17 07:17:28 +0000 UTC (0+1 container statuses recorded)&#xA;Sep 19 07:31:49.983: INFO: &#x9;Container validator ready: true, restart count 0&#xA;Sep 19 07:31:49.983: INFO: istio-tracing-77ccfc8844-79ngl started at 2018-09-17 07:17:32 +0000 UTC (0+1 container statuses recorded)&#xA;Sep 19 07:31:49.983: INFO: &#x9;Container jaeger ready: true, restart count 0&#xA;Sep 19 07:31:49.983: INFO: audit-logging-fluentd-ds-dhcg6 started at 2018-09-17 07:18:46 +0000 UTC (0+1 container statuses recorded)&#xA;Sep 19 07:31:49.983: INFO: &#x9;Container fluentd ready: true, restart count 0&#xA;Sep 19 07:31:49.983: INFO: istio-ingressgateway-7bc96d6585-m567m started at 2018-09-17 07:20:41 +0000 UTC (0+1 container statuses recorded)&#xA;Sep 19 07:31:49.983: INFO: &#x9;Container istio-ingressgateway ready: true, restart count 0&#xA;Sep 19 07:31:49.983: INFO: helm-api-fdd886877-6pwm8 started at 2018-09-17 07:16:36 +0000 UTC (0+3 container statuses recorded)&#xA;Sep 19 07:31:49.983: INFO: &#x9;Container audit-service ready: true, restart count 0&#xA;Sep 19 07:31:49.983: INFO: &#x9;Container helmapi ready: true, restart count 0&#xA;Sep 19 07:31:49.983: INFO: &#x9;Container rudder ready: true, restart count 0&#xA;Sep 19 07:31:49.983: INFO: istio-egressgateway-54448bcdbd-f4v6v started at 2018-09-17 07:17:29 +0000 UTC (0+1 container statuses recorded)&#xA;Sep 19 07:31:49.983: INFO: &#x9;Container istio-egressgateway ready: true, restart count 0&#xA;Sep 19 07:31:49.983: INFO: istio-citadel-77694dc965-mwqkp started at 2018-09-17 07:17:31 +0000 UTC (0+1 container statuses recorded)&#xA;Sep 19 07:31:49.983: INFO: &#x9;Container citadel ready: true, restart count 0&#xA;Sep 19 07:31:49.983: INFO: vulnerability-advisor-process-ma-crawler-96728 started at 2018-09-17 07:19:03 +0000 UTC (0+1 container statuses recorded)&#xA;Sep 19 07:31:49.983: INFO: &#x9;Container process-ma-crawler ready: true, restart count 0&#xA;Sep 19 07:31:49.983: INFO: istio-telemetry-8b5964dc7-rfswc started at 2018-09-17 07:19:39 +0000 UTC (0+2 container statuses recorded)&#xA;Sep 19 07:31:49.983: INFO: &#x9;Container istio-proxy ready: true, restart count 0&#xA;Sep 19 07:31:49.983: INFO: &#x9;Container mixer ready: true, restart count 0&#xA;Sep 19 07:31:49.983: INFO: nvidia-device-plugin-nh54k started at 2018-09-17 07:07:17 +0000 UTC (1+1 container statuses recorded)&#xA;Sep 19 07:31:49.983: INFO: &#x9;Init container nvidia-driver-collector ready: true, restart count 0&#xA;Sep 19 07:31:49.983: INFO: &#x9;Container nvidia-device-plugin ready: true, restart count 0&#xA;Sep 19 07:31:49.983: INFO: mariadb-0 started at 2018-09-17 07:08:38 +0000 UTC (0+1 container statuses recorded)&#xA;Sep 19 07:31:49.983: INFO: &#x9;Container mariadb ready: true, restart count 0&#xA;Sep 19 07:31:49.983: INFO: logging-elk-filebeat-ds-qf2vz started at 2018-09-17 07:15:20 +0000 UTC (0+1 container statuses recorded)&#xA;Sep 19 07:31:49.983: INFO: &#x9;Container filebeat ready: true, restart count 0&#xA;Sep 19 07:31:49.983: INFO: istio-ingressgateway-7bc96d6585-c58zx started at 2018-09-17 07:24:15 +0000 UTC (0+1 container statuses recorded)&#xA;Sep 19 07:31:49.983: INFO: &#x9;Container istio-ingressgateway ready: true, restart count 0&#xA;Sep 19 07:31:49.983: INFO: istio-policy-5b64d7fd64-5l2m9 started at 2018-09-17 07:31:07 +0000 UTC (0+2 container statuses recorded)&#xA;Sep 19 07:31:49.983: INFO: &#x9;Container istio-proxy ready: true, restart count 0&#xA;Sep 19 07:31:49.983: INFO: &#x9;Container mixer ready: true, restart count 0&#xA;Sep 19 07:31:49.983: INFO: platform-api-2fs4x started at 2018-09-17 07:08:45 +0000 UTC (0+2 container statuses recorded)&#xA;Sep 19 07:31:49.983: INFO: &#x9;Container audit-service ready: true, restart count 0&#xA;Sep 19 07:31:49.983: INFO: &#x9;Container platform-api ready: true, restart count 0&#xA;Sep 19 07:31:49.983: INFO: istio-telemetry-8b5964dc7-hcf6d started at 2018-09-17 07:17:29 +0000 UTC (0+2 container statuses recorded)&#xA;Sep 19 07:31:49.983: INFO: &#x9;Container istio-proxy ready: true, restart count 0&#xA;Sep 19 07:31:49.983: INFO: &#x9;Container mixer ready: true, restart count 0&#xA;Sep 19 07:31:49.983: INFO: istio-sidecar-injector-86d554f5f7-d57zk started at 2018-09-17 07:17:32 +0000 UTC (0+1 container statuses recorded)&#xA;Sep 19 07:31:49.983: INFO: &#x9;Container sidecar-injector-webhook ready: true, restart count 0&#xA;Sep 19 07:31:49.983: INFO: secret-watcher-5f59fcbc69-pfnfk started at 2018-09-17 07:18:05 +0000 UTC (0+1 container statuses recorded)&#xA;Sep 19 07:31:49.983: INFO: &#x9;Container secret-watcher ready: true, restart count 0&#xA;Sep 19 07:31:49.983: INFO: istio-telemetry-8b5964dc7-nw9kk started at 2018-09-17 07:23:11 +0000 UTC (0+2 container statuses recorded)&#xA;Sep 19 07:31:49.983: INFO: &#x9;Container istio-proxy ready: true, restart count 0&#xA;Sep 19 07:31:49.983: INFO: &#x9;Container mixer ready: true, restart count 0&#xA;Sep 19 07:31:49.983: INFO: calico-kube-controllers-dcb8cc97c-gtsqp started at 2018-09-17 07:05:53 +0000 UTC (0+1 container statuses recorded)&#xA;Sep 19 07:31:49.983: INFO: &#x9;Container calico-kube-controllers ready: true, restart count 0&#xA;Sep 19 07:31:49.983: INFO: icp-mongodb-0 started at 2018-09-17 07:07:42 +0000 UTC (2+1 container statuses recorded)&#xA;Sep 19 07:31:49.983: INFO: &#x9;Init container install ready: true, restart count 0&#xA;Sep 19 07:31:49.983: INFO: &#x9;Init container bootstrap ready: true, restart count 0&#xA;Sep 19 07:31:49.983: INFO: &#x9;Container icp-mongodb ready: true, restart count 0&#xA;Sep 19 07:31:49.983: INFO: catalog-ui-5rtkh started at 2018-09-17 07:15:57 +0000 UTC (0+1 container statuses recorded)&#xA;Sep 19 07:31:49.983: INFO: &#x9;Container catalog-ui ready: true, restart count 0&#xA;Sep 19 07:31:49.983: INFO: istio-policy-5b64d7fd64-jrlzt started at 2018-09-17 07:23:11 +0000 UTC (0+2 container statuses recorded)&#xA;Sep 19 07:31:49.983: INFO: &#x9;Container istio-proxy ready: true, restart count 0&#xA;Sep 19 07:31:49.983: INFO: &#x9;Container mixer ready: true, restart count 0&#xA;Sep 19 07:31:49.983: INFO: k8s-proxy-10.46.6.173 started at &lt;nil&gt; (0+0 container statuses recorded)&#xA;Sep 19 07:31:49.983: INFO: k8s-etcd-10.46.6.173 started at &lt;nil&gt; (0+0 container statuses recorded)&#xA;Sep 19 07:31:49.983: INFO: image-manager-0 started at 2018-09-17 06:38:56 +0000 UTC (0+2 container statuses recorded)&#xA;Sep 19 07:31:49.983: INFO: &#x9;Container icp-registry ready: true, restart count 0&#xA;Sep 19 07:31:49.983: INFO: &#x9;Container image-manager ready: true, restart count 0&#xA;Sep 19 07:31:49.983: INFO: platform-deploy-dbbks started at 2018-09-17 07:08:45 +0000 UTC (0+1 container statuses recorded)&#xA;Sep 19 07:31:49.983: INFO: &#x9;Container platform-deploy ready: true, restart count 0&#xA;Sep 19 07:31:49.983: INFO: auth-apikeys-x45mz started at 2018-09-17 07:10:12 +0000 UTC (0+1 container statuses recorded)&#xA;Sep 19 07:31:49.983: INFO: &#x9;Container auth-apikeys ready: true, restart count 0&#xA;Sep 19 07:31:49.983: INFO: istio-policy-5b64d7fd64-fb4bc started at 2018-09-17 07:27:37 +0000 UTC (0+2 container statuses recorded)&#xA;Sep 19 07:31:49.983: INFO: &#x9;Container istio-proxy ready: true, restart count 0&#xA;Sep 19 07:31:49.983: INFO: &#x9;Container mixer ready: true, restart count 0&#xA;Sep 19 07:31:49.983: INFO: istio-policy-5b64d7fd64-pt9z2 started at 2018-09-17 07:17:30 +0000 UTC (0+2 container statuses recorded)&#xA;Sep 19 07:31:49.983: INFO: &#x9;Container istio-proxy ready: true, restart count 0&#xA;Sep 19 07:31:49.983: INFO: &#x9;Container mixer ready: true, restart count 0&#xA;Sep 19 07:31:49.983: INFO: istio-policy-5b64d7fd64-z68j4 started at 2018-09-17 07:19:38 +0000 UTC (0+2 container statuses recorded)&#xA;Sep 19 07:31:49.983: INFO: &#x9;Container istio-proxy ready: true, restart count 0&#xA;Sep 19 07:31:49.983: INFO: &#x9;Container mixer ready: true, restart count 0&#xA;Sep 19 07:31:49.983: INFO: istio-ingressgateway-7bc96d6585-r98nr started at 2018-09-17 07:28:10 +0000 UTC (0+1 container statuses recorded)&#xA;Sep 19 07:31:49.983: INFO: &#x9;Container istio-ingressgateway ready: true, restart count 0&#xA;Sep 19 07:31:49.983: INFO: istio-egressgateway-54448bcdbd-lhh5c started at 2018-09-17 07:20:07 +0000 UTC (0+1 container statuses recorded)&#xA;Sep 19 07:31:49.983: INFO: &#x9;Container istio-egressgateway ready: true, restart count 0&#xA;Sep 19 07:31:49.983: INFO: istio-ingressgateway-7bc96d6585-4qnc5 started at 2018-09-17 07:24:14 +0000 UTC (0+1 container statuses recorded)&#xA;Sep 19 07:31:49.983: INFO: &#x9;Container istio-ingressgateway ready: true, restart count 0&#xA;Sep 19 07:31:49.983: INFO: auth-idp-kjpmx started at 2018-09-17 07:10:04 +0000 UTC (1+4 container statuses recorded)&#xA;Sep 19 07:31:49.983: INFO: &#x9;Init container init-mariadb ready: true, restart count 0&#xA;Sep 19 07:31:49.983: INFO: &#x9;Container icp-audit-service ready: true, restart count 0&#xA;Sep 19 07:31:49.983: INFO: &#x9;Container platform-auth-service ready: true, restart count 0&#xA;Sep 19 07:31:49.983: INFO: &#x9;Container platform-identity-manager ready: true, restart count 0&#xA;Sep 19 07:31:49.983: INFO: &#x9;Container platform-identity-provider ready: true, restart count 0&#xA;Sep 19 07:31:49.983: INFO: helm-repo-5649f57447-wwdn4 started at 2018-09-17 07:13:54 +0000 UTC (1+2 container statuses recorded)&#xA;Sep 19 07:31:49.983: INFO: &#x9;Init container helm-repo-init ready: true, restart count 0&#xA;Sep 19 07:31:49.983: INFO: &#x9;Container audit-service ready: true, restart count 0&#xA;Sep 19 07:31:49.983: INFO: &#x9;Container helm-repo ready: true, restart count 0&#xA;Sep 19 07:31:49.983: INFO: metering-reader-l7284 started at 2018-09-17 07:14:11 +0000 UTC (1+1 container statuses recorded)&#xA;Sep 19 07:31:49.983: INFO: &#x9;Init container metering-reader-init ready: true, restart count 0&#xA;Sep 19 07:31:49.983: INFO: &#x9;Container metering-reader ready: true, restart count 0&#xA;Sep 19 07:31:49.983: INFO: istio-statsd-prom-bridge-66cb69b666-p76m8 started at 2018-09-17 07:17:29 +0000 UTC (0+1 container statuses recorded)&#xA;Sep 19 07:31:49.983: INFO: &#x9;Container statsd-prom-bridge ready: true, restart count 0&#xA;Sep 19 07:31:49.983: INFO: servicegraph-85578d8fc6-m62z4 started at 2018-09-17 07:17:32 +0000 UTC (0+1 container statuses recorded)&#xA;Sep 19 07:31:49.983: INFO: &#x9;Container servicegraph ready: true, restart count 0&#xA;Sep 19 07:31:49.983: INFO: mgmt-repo-57dc689b74-tmp44 started at 2018-09-17 07:17:51 +0000 UTC (1+2 container statuses recorded)&#xA;Sep 19 07:31:49.983: INFO: &#x9;Init container mgmt-repo-init ready: true, restart count 0&#xA;Sep 19 07:31:49.983: INFO: &#x9;Container audit-service ready: true, restart count 0&#xA;Sep 19 07:31:49.983: INFO: &#x9;Container mgmt-repo ready: true, restart count 0&#xA;Sep 19 07:31:49.983: INFO: istio-telemetry-8b5964dc7-vjqbq started at 2018-09-17 07:27:36 +0000 UTC (0+2 container statuses recorded)&#xA;Sep 19 07:31:49.983: INFO: &#x9;Container istio-proxy ready: true, restart count 0&#xA;Sep 19 07:31:49.983: INFO: &#x9;Container mixer ready: true, restart count 0&#xA;Sep 19 07:31:49.983: INFO: istio-telemetry-8b5964dc7-9q67f started at 2018-09-17 07:31:08 +0000 UTC (0+2 container statuses recorded)&#xA;Sep 19 07:31:49.983: INFO: &#x9;Container istio-proxy ready: true, restart count 0&#xA;Sep 19 07:31:49.983: INFO: &#x9;Container mixer ready: true, restart count 0&#xA;Sep 19 07:31:49.983: INFO: service-catalog-controller-manager-5969cccf86-65phs started at 2018-09-17 07:08:21 +0000 UTC (0+1 container statuses recorded)&#xA;Sep 19 07:31:49.983: INFO: &#x9;Container controller-manager ready: true, restart count 0&#xA;Sep 19 07:31:49.983: INFO: auth-pap-qb5m2 started at 2018-09-17 07:10:20 +0000 UTC (0+1 container statuses recorded)&#xA;Sep 19 07:31:49.983: INFO: &#x9;Container auth-pap ready: true, restart count 0&#xA;Sep 19 07:31:49.983: INFO: istio-pilot-6cf9ccf474-kkb6j started at 2018-09-17 07:17:31 +0000 UTC (0+2 container statuses recorded)&#xA;Sep 19 07:31:49.983: INFO: &#x9;Container discovery ready: true, restart count 0&#xA;Sep 19 07:31:49.983: INFO: &#x9;Container istio-proxy ready: true, restart count 0&#xA;Sep 19 07:31:49.983: INFO: calico-node-m7d5t started at 2018-09-17 07:05:54 +0000 UTC (0+2 container statuses recorded)&#xA;Sep 19 07:31:49.983: INFO: &#x9;Container calico-node ready: true, restart count 0&#xA;Sep 19 07:31:49.983: INFO: &#x9;Container install-cni ready: true, restart count 0&#xA;Sep 19 07:31:49.983: INFO: ibm-cert-manager-cert-manager-74687f689b-7994r started at 2018-09-17 07:07:12 +0000 UTC (0+1 container statuses recorded)&#xA;Sep 19 07:31:49.983: INFO: &#x9;Container ibm-cert-manager ready: true, restart count 0&#xA;Sep 19 07:31:49.983: INFO: nginx-ingress-controller-h5z2v started at 2018-09-17 07:08:28 +0000 UTC (1+1 container statuses recorded)&#xA;Sep 19 07:31:49.983: INFO: &#x9;Init container sysctl ready: true, restart count 0&#xA;Sep 19 07:31:49.983: INFO: &#x9;Container nginx-ingress ready: true, restart count 0&#xA;Sep 19 07:31:49.983: INFO: istio-egressgateway-54448bcdbd-pjbtc started at 2018-09-17 07:28:34 +0000 UTC (0+1 container statuses recorded)&#xA;Sep 19 07:31:49.983: INFO: &#x9;Container istio-egressgateway ready: true, restart count 0&#xA;Sep 19 07:31:50.022: INFO: &#xA;Latency metrics for node 10.46.6.173&#xA;STEP: Dumping a list of prepulled images on each node to file /tmp/results/image-puller.txt&#xA;Sep 19 07:31:50.038: INFO: Waiting up to 3m0s for all (but 0) nodes to be ready&#xA;STEP: Destroying namespace &#34;e2e-tests-container-probe-xfgnd&#34; for this suite.&#xA;Sep 19 07:31:56.075: INFO: Waiting up to 30s for server preferred namespaced resources to be successfully discovered&#xA;Sep 19 07:31:56.131: INFO: namespace: e2e-tests-container-probe-xfgnd, resource: bindings, ignored listing per whitelist&#xA;Sep 19 07:31:57.998: INFO: namespace e2e-tests-container-probe-xfgnd deletion completed in 7.95395287s&#xA;</system-out>
      </testcase>
      <testcase name="[sig-apps] ReplicaSet should adopt matching pods on creation and release no longer matching pods" classname="Kubernetes e2e suite" time="0">
          <skipped></skipped>
      </testcase>
      <testcase name="[sig-storage] Projected should project all components that make up the projection API [Projection][NodeConformance] [Conformance]" classname="Kubernetes e2e suite" time="16.591102049"></testcase>
      <testcase name="[sig-storage] Subpath [Volume type: emptyDir] should support readOnly file specified in the volumeMount" classname="Kubernetes e2e suite" time="0">
          <skipped></skipped>
      </testcase>
      <testcase name="[sig-storage] Secrets should be consumable from pods in volume with mappings and Item Mode set [NodeConformance] [Conformance]" classname="Kubernetes e2e suite" time="14.566866784"></testcase>
      <testcase name="[sig-storage] Subpath [Volume type: gcePDPartitioned] should fail if non-existent subpath is outside the volume [Slow]" classname="Kubernetes e2e suite" time="0">
          <skipped></skipped>
      </testcase>
      <testcase name="[sig-api-machinery] Secrets should be consumable from pods in env vars [NodeConformance] [Conformance]" classname="Kubernetes e2e suite" time="14.490635488"></testcase>
      <testcase name="[sig-network] DNS should provide DNS for pods for Hostname and Subdomain" classname="Kubernetes e2e suite" time="0">
          <skipped></skipped>
      </testcase>
      <testcase name="[sig-network] Networking Granular Checks: Services [Slow] should function for node-Service: http" classname="Kubernetes e2e suite" time="0">
          <skipped></skipped>
      </testcase>
      <testcase name="[sig-storage] PersistentVolumes-local  [Volume type: dir-link-bindmounted] One pod requesting one prebound PVC should be able to mount volume and read from pod1" classname="Kubernetes e2e suite" time="0">
          <skipped></skipped>
      </testcase>
      <testcase name="[sig-storage] Subpath [Volume type: gluster] should support existing single file" classname="Kubernetes e2e suite" time="0">
          <skipped></skipped>
      </testcase>
      <testcase name="[sig-auth] ServiceAccounts should ensure a single API token exists" classname="Kubernetes e2e suite" time="0">
          <skipped></skipped>
      </testcase>
      <testcase name="[sig-network] Networking Granular Checks: Services [Slow] should function for node-Service: udp" classname="Kubernetes e2e suite" time="0">
          <skipped></skipped>
      </testcase>
      <testcase name="[sig-api-machinery] Garbage collector should orphan pods created by rc if delete options say so [Conformance]" classname="Kubernetes e2e suite" time="8.948949983">
          <failure type="Failure">/workspace/anago-v1.11.2-beta.0.50+bb9ffb1654d4a7/src/k8s.io/kubernetes/_output/dockerized/go/src/k8s.io/kubernetes/test/e2e/framework/framework.go:684&#xA;Sep 19 07:32:43.997: Failed to create replication controller: Internal error occurred: admission webhook &#34;trust.hooks.securityenforcement.admission.cloud.ibm.com&#34; denied the request: &#xA;Deny &#34;k8s.gcr.io/nginx-slim-amd64:0.20&#34;, no matching repositories in ClusterImagePolicy and no ImagePolicies in the &#34;e2e-tests-gc-gwwkg&#34; namespace&#xA;/workspace/anago-v1.11.2-beta.0.50+bb9ffb1654d4a7/src/k8s.io/kubernetes/_output/dockerized/go/src/k8s.io/kubernetes/test/e2e/apimachinery/garbage_collector.go:412</failure>
          <system-out>[BeforeEach] [sig-api-machinery] Garbage collector&#xA;  /workspace/anago-v1.11.2-beta.0.50+bb9ffb1654d4a7/src/k8s.io/kubernetes/_output/dockerized/go/src/k8s.io/kubernetes/test/e2e/framework/framework.go:141&#xA;STEP: Creating a kubernetes client&#xA;Sep 19 07:32:43.648: INFO: &gt;&gt;&gt; kubeConfig: /tmp/kubeconfig-172917420&#xA;STEP: Building a namespace api object&#xA;STEP: Binding the e2e-test-privileged-psp PodSecurityPolicy to the default service account in e2e-tests-gc-gwwkg&#xA;STEP: Waiting for a default service account to be provisioned in namespace&#xA;[It] should orphan pods created by rc if delete options say so [Conformance]&#xA;  /workspace/anago-v1.11.2-beta.0.50+bb9ffb1654d4a7/src/k8s.io/kubernetes/_output/dockerized/go/src/k8s.io/kubernetes/test/e2e/framework/framework.go:684&#xA;STEP: create the rc&#xA;Sep 19 07:32:43.997: INFO: Failed to create replication controller: Internal error occurred: admission webhook &#34;trust.hooks.securityenforcement.admission.cloud.ibm.com&#34; denied the request: &#xA;Deny &#34;k8s.gcr.io/nginx-slim-amd64:0.20&#34;, no matching repositories in ClusterImagePolicy and no ImagePolicies in the &#34;e2e-tests-gc-gwwkg&#34; namespace&#xA;[AfterEach] [sig-api-machinery] Garbage collector&#xA;  /workspace/anago-v1.11.2-beta.0.50+bb9ffb1654d4a7/src/k8s.io/kubernetes/_output/dockerized/go/src/k8s.io/kubernetes/test/e2e/framework/framework.go:142&#xA;STEP: Collecting events from namespace &#34;e2e-tests-gc-gwwkg&#34;.&#xA;STEP: Found 0 events.&#xA;Sep 19 07:32:44.103: INFO: POD                                                              NODE         PHASE      GRACE  CONDITIONS&#xA;Sep 19 07:32:44.103: INFO: ibm-cert-manager-cert-manager-74687f689b-7994r                   10.46.6.173  Running           [{Initialized True 0001-01-01 00:00:00 +0000 UTC 2018-09-17 07:07:12 +0000 UTC  } {Ready True 0001-01-01 00:00:00 +0000 UTC 2018-09-17 07:07:37 +0000 UTC  } {ContainersReady True 0001-01-01 00:00:00 +0000 UTC 0001-01-01 00:00:00 +0000 UTC  } {PodScheduled True 0001-01-01 00:00:00 +0000 UTC 2018-09-17 07:07:12 +0000 UTC  }]&#xA;Sep 19 07:32:44.103: INFO: sonobuoy                                                         10.46.6.170  Running           [{Initialized True 0001-01-01 00:00:00 +0000 UTC 2018-09-19 07:22:02 +0000 UTC  } {Ready True 0001-01-01 00:00:00 +0000 UTC 2018-09-19 07:22:08 +0000 UTC  } {ContainersReady True 0001-01-01 00:00:00 +0000 UTC 0001-01-01 00:00:00 +0000 UTC  } {PodScheduled True 0001-01-01 00:00:00 +0000 UTC 2018-09-19 07:22:02 +0000 UTC  }]&#xA;Sep 19 07:32:44.103: INFO: sonobuoy-e2e-job-c3f9b53ea97c48a2                                10.46.6.170  Running           [{Initialized True 0001-01-01 00:00:00 +0000 UTC 2018-09-19 07:22:08 +0000 UTC  } {Ready True 0001-01-01 00:00:00 +0000 UTC 2018-09-19 07:22:25 +0000 UTC  } {ContainersReady True 0001-01-01 00:00:00 +0000 UTC 0001-01-01 00:00:00 +0000 UTC  } {PodScheduled True 0001-01-01 00:00:00 +0000 UTC 2018-09-19 07:22:08 +0000 UTC  }]&#xA;Sep 19 07:32:44.103: INFO: grafana-77676f44f7-c9wr6                                         10.46.6.173  Running           [{Initialized True 0001-01-01 00:00:00 +0000 UTC 2018-09-17 07:17:28 +0000 UTC  } {Ready True 0001-01-01 00:00:00 +0000 UTC 2018-09-17 07:20:34 +0000 UTC  } {ContainersReady True 0001-01-01 00:00:00 +0000 UTC 0001-01-01 00:00:00 +0000 UTC  } {PodScheduled True 0001-01-01 00:00:00 +0000 UTC 2018-09-17 07:17:27 +0000 UTC  }]&#xA;Sep 19 07:32:44.103: INFO: istio-citadel-77694dc965-mwqkp                                   10.46.6.173  Running           [{Initialized True 0001-01-01 00:00:00 +0000 UTC 2018-09-17 07:17:31 +0000 UTC  } {Ready True 0001-01-01 00:00:00 +0000 UTC 2018-09-17 07:18:30 +0000 UTC  } {ContainersReady True 0001-01-01 00:00:00 +0000 UTC 0001-01-01 00:00:00 +0000 UTC  } {PodScheduled True 0001-01-01 00:00:00 +0000 UTC 2018-09-17 07:17:28 +0000 UTC  }]&#xA;Sep 19 07:32:44.103: INFO: istio-egressgateway-54448bcdbd-cqlhf                             10.46.6.173  Running           [{Initialized True 0001-01-01 00:00:00 +0000 UTC 2018-09-17 07:24:11 +0000 UTC  } {Ready True 0001-01-01 00:00:00 +0000 UTC 2018-09-17 07:25:19 +0000 UTC  } {ContainersReady True 0001-01-01 00:00:00 +0000 UTC 0001-01-01 00:00:00 +0000 UTC  } {PodScheduled True 0001-01-01 00:00:00 +0000 UTC 2018-09-17 07:24:10 +0000 UTC  }]&#xA;Sep 19 07:32:44.103: INFO: istio-egressgateway-54448bcdbd-f4v6v                             10.46.6.173  Running           [{Initialized True 0001-01-01 00:00:00 +0000 UTC 2018-09-17 07:17:29 +0000 UTC  } {Ready True 0001-01-01 00:00:00 +0000 UTC 2018-09-17 07:18:31 +0000 UTC  } {ContainersReady True 0001-01-01 00:00:00 +0000 UTC 0001-01-01 00:00:00 +0000 UTC  } {PodScheduled True 0001-01-01 00:00:00 +0000 UTC 2018-09-17 07:17:27 +0000 UTC  }]&#xA;Sep 19 07:32:44.103: INFO: istio-egressgateway-54448bcdbd-lhh5c                             10.46.6.173  Running           [{Initialized True 0001-01-01 00:00:00 +0000 UTC 2018-09-17 07:20:07 +0000 UTC  } {Ready True 0001-01-01 00:00:00 +0000 UTC 2018-09-17 07:21:11 +0000 UTC  } {ContainersReady True 0001-01-01 00:00:00 +0000 UTC 0001-01-01 00:00:00 +0000 UTC  } {PodScheduled True 0001-01-01 00:00:00 +0000 UTC 2018-09-17 07:20:06 +0000 UTC  }]&#xA;Sep 19 07:32:44.103: INFO: istio-egressgateway-54448bcdbd-pjbtc                             10.46.6.173  Running           [{Initialized True 0001-01-01 00:00:00 +0000 UTC 2018-09-17 07:28:34 +0000 UTC  } {Ready True 0001-01-01 00:00:00 +0000 UTC 2018-09-17 07:29:40 +0000 UTC  } {ContainersReady True 0001-01-01 00:00:00 +0000 UTC 0001-01-01 00:00:00 +0000 UTC  } {PodScheduled True 0001-01-01 00:00:00 +0000 UTC 2018-09-17 07:28:34 +0000 UTC  }]&#xA;Sep 19 07:32:44.103: INFO: istio-egressgateway-54448bcdbd-xmkbc                             10.46.6.173  Running           [{Initialized True 0001-01-01 00:00:00 +0000 UTC 2018-09-17 07:24:11 +0000 UTC  } {Ready True 0001-01-01 00:00:00 +0000 UTC 2018-09-17 07:25:10 +0000 UTC  } {ContainersReady True 0001-01-01 00:00:00 +0000 UTC 0001-01-01 00:00:00 +0000 UTC  } {PodScheduled True 0001-01-01 00:00:00 +0000 UTC 2018-09-17 07:24:10 +0000 UTC  }]&#xA;Sep 19 07:32:44.103: INFO: istio-galley-687cd96db-hlpng                                     10.46.6.173  Running           [{Initialized True 0001-01-01 00:00:00 +0000 UTC 2018-09-17 07:17:28 +0000 UTC  } {Ready True 0001-01-01 00:00:00 +0000 UTC 2018-09-17 07:18:35 +0000 UTC  } {ContainersReady True 0001-01-01 00:00:00 +0000 UTC 0001-01-01 00:00:00 +0000 UTC  } {PodScheduled True 0001-01-01 00:00:00 +0000 UTC 2018-09-17 07:17:27 +0000 UTC  }]&#xA;Sep 19 07:32:44.103: INFO: istio-ingressgateway-7bc96d6585-4qnc5                            10.46.6.173  Running           [{Initialized True 0001-01-01 00:00:00 +0000 UTC 2018-09-17 07:24:14 +0000 UTC  } {Ready True 0001-01-01 00:00:00 +0000 UTC 2018-09-17 07:25:22 +0000 UTC  } {ContainersReady True 0001-01-01 00:00:00 +0000 UTC 0001-01-01 00:00:00 +0000 UTC  } {PodScheduled True 0001-01-01 00:00:00 +0000 UTC 2018-09-17 07:24:13 +0000 UTC  }]&#xA;Sep 19 07:32:44.104: INFO: istio-ingressgateway-7bc96d6585-c58zx                            10.46.6.173  Running           [{Initialized True 0001-01-01 00:00:00 +0000 UTC 2018-09-17 07:24:15 +0000 UTC  } {Ready True 0001-01-01 00:00:00 +0000 UTC 2018-09-17 07:25:19 +0000 UTC  } {ContainersReady True 0001-01-01 00:00:00 +0000 UTC 0001-01-01 00:00:00 +0000 UTC  } {PodScheduled True 0001-01-01 00:00:00 +0000 UTC 2018-09-17 07:24:14 +0000 UTC  }]&#xA;Sep 19 07:32:44.104: INFO: istio-ingressgateway-7bc96d6585-m567m                            10.46.6.173  Running           [{Initialized True 0001-01-01 00:00:00 +0000 UTC 2018-09-17 07:20:41 +0000 UTC  } {Ready True 0001-01-01 00:00:00 +0000 UTC 2018-09-17 07:21:43 +0000 UTC  } {ContainersReady True 0001-01-01 00:00:00 +0000 UTC 0001-01-01 00:00:00 +0000 UTC  } {PodScheduled True 0001-01-01 00:00:00 +0000 UTC 2018-09-17 07:20:41 +0000 UTC  }]&#xA;Sep 19 07:32:44.104: INFO: istio-ingressgateway-7bc96d6585-r98nr                            10.46.6.173  Running           [{Initialized True 0001-01-01 00:00:00 +0000 UTC 2018-09-17 07:28:10 +0000 UTC  } {Ready True 0001-01-01 00:00:00 +0000 UTC 2018-09-17 07:29:11 +0000 UTC  } {ContainersReady True 0001-01-01 00:00:00 +0000 UTC 0001-01-01 00:00:00 +0000 UTC  } {PodScheduled True 0001-01-01 00:00:00 +0000 UTC 2018-09-17 07:28:09 +0000 UTC  }]&#xA;Sep 19 07:32:44.104: INFO: istio-ingressgateway-7bc96d6585-smf45                            10.46.6.173  Running           [{Initialized True 0001-01-01 00:00:00 +0000 UTC 2018-09-17 07:17:28 +0000 UTC  } {Ready True 0001-01-01 00:00:00 +0000 UTC 2018-09-17 07:18:37 +0000 UTC  } {ContainersReady True 0001-01-01 00:00:00 +0000 UTC 0001-01-01 00:00:00 +0000 UTC  } {PodScheduled True 0001-01-01 00:00:00 +0000 UTC 2018-09-17 07:17:27 +0000 UTC  }]&#xA;Sep 19 07:32:44.104: INFO: istio-pilot-6cf9ccf474-kkb6j                                     10.46.6.173  Running           [{Initialized True 0001-01-01 00:00:00 +0000 UTC 2018-09-17 07:17:31 +0000 UTC  } {Ready True 0001-01-01 00:00:00 +0000 UTC 2018-09-17 07:19:28 +0000 UTC  } {ContainersReady True 0001-01-01 00:00:00 +0000 UTC 0001-01-01 00:00:00 +0000 UTC  } {PodScheduled True 0001-01-01 00:00:00 +0000 UTC 2018-09-17 07:17:27 +0000 UTC  }]&#xA;Sep 19 07:32:44.104: INFO: istio-policy-5b64d7fd64-5l2m9                                    10.46.6.173  Running           [{Initialized True 0001-01-01 00:00:00 +0000 UTC 2018-09-17 07:31:07 +0000 UTC  } {Ready True 0001-01-01 00:00:00 +0000 UTC 2018-09-17 07:31:51 +0000 UTC  } {ContainersReady True 0001-01-01 00:00:00 +0000 UTC 0001-01-01 00:00:00 +0000 UTC  } {PodScheduled True 0001-01-01 00:00:00 +0000 UTC 2018-09-17 07:31:06 +0000 UTC  }]&#xA;Sep 19 07:32:44.104: INFO: istio-policy-5b64d7fd64-fb4bc                                    10.46.6.173  Running           [{Initialized True 0001-01-01 00:00:00 +0000 UTC 2018-09-17 07:27:37 +0000 UTC  } {Ready True 0001-01-01 00:00:00 +0000 UTC 2018-09-17 07:28:39 +0000 UTC  } {ContainersReady True 0001-01-01 00:00:00 +0000 UTC 0001-01-01 00:00:00 +0000 UTC  } {PodScheduled True 0001-01-01 00:00:00 +0000 UTC 2018-09-17 07:27:36 +0000 UTC  }]&#xA;Sep 19 07:32:44.104: INFO: istio-policy-5b64d7fd64-jrlzt                                    10.46.6.173  Running           [{Initialized True 0001-01-01 00:00:00 +0000 UTC 2018-09-17 07:23:11 +0000 UTC  } {Ready True 0001-01-01 00:00:00 +0000 UTC 2018-09-17 07:24:08 +0000 UTC  } {ContainersReady True 0001-01-01 00:00:00 +0000 UTC 0001-01-01 00:00:00 +0000 UTC  } {PodScheduled True 0001-01-01 00:00:00 +0000 UTC 2018-09-17 07:23:10 +0000 UTC  }]&#xA;Sep 19 07:32:44.104: INFO: istio-policy-5b64d7fd64-pt9z2                                    10.46.6.173  Running           [{Initialized True 0001-01-01 00:00:00 +0000 UTC 2018-09-17 07:17:30 +0000 UTC  } {Ready True 0001-01-01 00:00:00 +0000 UTC 2018-09-17 07:19:02 +0000 UTC  } {ContainersReady True 0001-01-01 00:00:00 +0000 UTC 0001-01-01 00:00:00 +0000 UTC  } {PodScheduled True 0001-01-01 00:00:00 +0000 UTC 2018-09-17 07:17:27 +0000 UTC  }]&#xA;Sep 19 07:32:44.104: INFO: istio-policy-5b64d7fd64-z68j4                                    10.46.6.173  Running           [{Initialized True 0001-01-01 00:00:00 +0000 UTC 2018-09-17 07:19:38 +0000 UTC  } {Ready True 0001-01-01 00:00:00 +0000 UTC 2018-09-17 07:20:44 +0000 UTC  } {ContainersReady True 0001-01-01 00:00:00 +0000 UTC 0001-01-01 00:00:00 +0000 UTC  } {PodScheduled True 0001-01-01 00:00:00 +0000 UTC 2018-09-17 07:19:37 +0000 UTC  }]&#xA;Sep 19 07:32:44.104: INFO: istio-sidecar-injector-86d554f5f7-d57zk                          10.46.6.173  Running           [{Initialized True 0001-01-01 00:00:00 +0000 UTC 2018-09-17 07:17:32 +0000 UTC  } {Ready True 0001-01-01 00:00:00 +0000 UTC 2018-09-17 07:18:41 +0000 UTC  } {ContainersReady True 0001-01-01 00:00:00 +0000 UTC 0001-01-01 00:00:00 +0000 UTC  } {PodScheduled True 0001-01-01 00:00:00 +0000 UTC 2018-09-17 07:17:29 +0000 UTC  }]&#xA;Sep 19 07:32:44.104: INFO: istio-statsd-prom-bridge-66cb69b666-p76m8                        10.46.6.173  Running           [{Initialized True 0001-01-01 00:00:00 +0000 UTC 2018-09-17 07:17:29 +0000 UTC  } {Ready True 0001-01-01 00:00:00 +0000 UTC 2018-09-17 07:18:32 +0000 UTC  } {ContainersReady True 0001-01-01 00:00:00 +0000 UTC 0001-01-01 00:00:00 +0000 UTC  } {PodScheduled True 0001-01-01 00:00:00 +0000 UTC 2018-09-17 07:17:27 +0000 UTC  }]&#xA;Sep 19 07:32:44.104: INFO: istio-telemetry-8b5964dc7-9q67f                                  10.46.6.173  Running           [{Initialized True 0001-01-01 00:00:00 +0000 UTC 2018-09-17 07:31:08 +0000 UTC  } {Ready True 0001-01-01 00:00:00 +0000 UTC 2018-09-17 07:32:00 +0000 UTC  } {ContainersReady True 0001-01-01 00:00:00 +0000 UTC 0001-01-01 00:00:00 +0000 UTC  } {PodScheduled True 0001-01-01 00:00:00 +0000 UTC 2018-09-17 07:31:07 +0000 UTC  }]&#xA;Sep 19 07:32:44.104: INFO: istio-telemetry-8b5964dc7-hcf6d                                  10.46.6.173  Running           [{Initialized True 0001-01-01 00:00:00 +0000 UTC 2018-09-17 07:17:29 +0000 UTC  } {Ready True 0001-01-01 00:00:00 +0000 UTC 2018-09-17 07:18:56 +0000 UTC  } {ContainersReady True 0001-01-01 00:00:00 +0000 UTC 0001-01-01 00:00:00 +0000 UTC  } {PodScheduled True 0001-01-01 00:00:00 +0000 UTC 2018-09-17 07:17:27 +0000 UTC  }]&#xA;Sep 19 07:32:44.104: INFO: istio-telemetry-8b5964dc7-nw9kk                                  10.46.6.173  Running           [{Initialized True 0001-01-01 00:00:00 +0000 UTC 2018-09-17 07:23:11 +0000 UTC  } {Ready True 0001-01-01 00:00:00 +0000 UTC 2018-09-17 07:24:19 +0000 UTC  } {ContainersReady True 0001-01-01 00:00:00 +0000 UTC 0001-01-01 00:00:00 +0000 UTC  } {PodScheduled True 0001-01-01 00:00:00 +0000 UTC 2018-09-17 07:23:10 +0000 UTC  }]&#xA;Sep 19 07:32:44.104: INFO: istio-telemetry-8b5964dc7-rfswc                                  10.46.6.173  Running           [{Initialized True 0001-01-01 00:00:00 +0000 UTC 2018-09-17 07:19:39 +0000 UTC  } {Ready True 0001-01-01 00:00:00 +0000 UTC 2018-09-17 07:20:38 +0000 UTC  } {ContainersReady True 0001-01-01 00:00:00 +0000 UTC 0001-01-01 00:00:00 +0000 UTC  } {PodScheduled True 0001-01-01 00:00:00 +0000 UTC 2018-09-17 07:19:38 +0000 UTC  }]&#xA;Sep 19 07:32:44.104: INFO: istio-telemetry-8b5964dc7-vjqbq                                  10.46.6.173  Running           [{Initialized True 0001-01-01 00:00:00 +0000 UTC 2018-09-17 07:27:36 +0000 UTC  } {Ready True 0001-01-01 00:00:00 +0000 UTC 2018-09-17 07:28:21 +0000 UTC  } {ContainersReady True 0001-01-01 00:00:00 +0000 UTC 0001-01-01 00:00:00 +0000 UTC  } {PodScheduled True 0001-01-01 00:00:00 +0000 UTC 2018-09-17 07:27:36 +0000 UTC  }]&#xA;Sep 19 07:32:44.104: INFO: istio-tracing-77ccfc8844-79ngl                                   10.46.6.173  Running           [{Initialized True 0001-01-01 00:00:00 +0000 UTC 2018-09-17 07:17:32 +0000 UTC  } {Ready True 0001-01-01 00:00:00 +0000 UTC 2018-09-17 07:18:08 +0000 UTC  } {ContainersReady True 0001-01-01 00:00:00 +0000 UTC 0001-01-01 00:00:00 +0000 UTC  } {PodScheduled True 0001-01-01 00:00:00 +0000 UTC 2018-09-17 07:17:29 +0000 UTC  }]&#xA;Sep 19 07:32:44.104: INFO: kiali-7f8c59df94-25qmq                                           10.46.6.173  Running           [{Initialized True 0001-01-01 00:00:00 +0000 UTC 2018-09-17 07:17:27 +0000 UTC  } {Ready True 0001-01-01 00:00:00 +0000 UTC 2018-09-17 07:17:56 +0000 UTC  } {ContainersReady True 0001-01-01 00:00:00 +0000 UTC 0001-01-01 00:00:00 +0000 UTC  } {PodScheduled True 0001-01-01 00:00:00 +0000 UTC 2018-09-17 07:17:27 +0000 UTC  }]&#xA;Sep 19 07:32:44.104: INFO: prometheus-6f98d89664-wh7pb                                      10.46.6.173  Running           [{Initialized True 0001-01-01 00:00:00 +0000 UTC 2018-09-17 07:17:31 +0000 UTC  } {Ready True 0001-01-01 00:00:00 +0000 UTC 2018-09-17 07:17:57 +0000 UTC  } {ContainersReady True 0001-01-01 00:00:00 +0000 UTC 0001-01-01 00:00:00 +0000 UTC  } {PodScheduled True 0001-01-01 00:00:00 +0000 UTC 2018-09-17 07:17:28 +0000 UTC  }]&#xA;Sep 19 07:32:44.104: INFO: servicegraph-85578d8fc6-m62z4                                    10.46.6.173  Running           [{Initialized True 0001-01-01 00:00:00 +0000 UTC 2018-09-17 07:17:32 +0000 UTC  } {Ready True 0001-01-01 00:00:00 +0000 UTC 2018-09-17 07:18:22 +0000 UTC  } {ContainersReady True 0001-01-01 00:00:00 +0000 UTC 0001-01-01 00:00:00 +0000 UTC  } {PodScheduled True 0001-01-01 00:00:00 +0000 UTC 2018-09-17 07:17:28 +0000 UTC  }]&#xA;Sep 19 07:32:44.104: INFO: audit-logging-fluentd-ds-4cgnk                                   10.46.6.170  Running           [{Initialized True 0001-01-01 00:00:00 +0000 UTC 2018-09-17 07:18:46 +0000 UTC  } {Ready True 0001-01-01 00:00:00 +0000 UTC 2018-09-17 07:18:50 +0000 UTC  } {ContainersReady True 0001-01-01 00:00:00 +0000 UTC 0001-01-01 00:00:00 +0000 UTC  } {PodScheduled True 0001-01-01 00:00:00 +0000 UTC 2018-09-17 07:18:46 +0000 UTC  }]&#xA;Sep 19 07:32:44.104: INFO: audit-logging-fluentd-ds-8bh4t                                   10.46.6.172  Running           [{Initialized True 0001-01-01 00:00:00 +0000 UTC 2018-09-17 07:18:46 +0000 UTC  } {Ready True 0001-01-01 00:00:00 +0000 UTC 2018-09-17 07:18:56 +0000 UTC  } {ContainersReady True 0001-01-01 00:00:00 +0000 UTC 0001-01-01 00:00:00 +0000 UTC  } {PodScheduled True 0001-01-01 00:00:00 +0000 UTC 2018-09-17 07:18:46 +0000 UTC  }]&#xA;Sep 19 07:32:44.104: INFO: audit-logging-fluentd-ds-bc22k                                   10.46.6.171  Running           [{Initialized True 0001-01-01 00:00:00 +0000 UTC 2018-09-17 07:18:46 +0000 UTC  } {Ready True 0001-01-01 00:00:00 +0000 UTC 2018-09-17 07:18:56 +0000 UTC  } {ContainersReady True 0001-01-01 00:00:00 +0000 UTC 0001-01-01 00:00:00 +0000 UTC  } {PodScheduled True 0001-01-01 00:00:00 +0000 UTC 2018-09-17 07:18:46 +0000 UTC  }]&#xA;Sep 19 07:32:44.104: INFO: audit-logging-fluentd-ds-dhcg6                                   10.46.6.173  Running           [{Initialized True 0001-01-01 00:00:00 +0000 UTC 2018-09-17 07:18:46 +0000 UTC  } {Ready True 0001-01-01 00:00:00 +0000 UTC 2018-09-17 07:19:00 +0000 UTC  } {ContainersReady True 0001-01-01 00:00:00 +0000 UTC 0001-01-01 00:00:00 +0000 UTC  } {PodScheduled True 0001-01-01 00:00:00 +0000 UTC 2018-09-17 07:18:46 +0000 UTC  }]&#xA;Sep 19 07:32:44.104: INFO: auth-apikeys-x45mz                                               10.46.6.173  Running           [{Initialized True 0001-01-01 00:00:00 +0000 UTC 2018-09-17 07:10:12 +0000 UTC  } {Ready True 0001-01-01 00:00:00 +0000 UTC 2018-09-17 07:11:25 +0000 UTC  } {ContainersReady True 0001-01-01 00:00:00 +0000 UTC 0001-01-01 00:00:00 +0000 UTC  } {PodScheduled True 0001-01-01 00:00:00 +0000 UTC 2018-09-17 07:10:12 +0000 UTC  }]&#xA;Sep 19 07:32:44.104: INFO: auth-idp-kjpmx                                                   10.46.6.173  Running           [{Initialized True 0001-01-01 00:00:00 +0000 UTC 2018-09-17 07:10:19 +0000 UTC  } {Ready True 0001-01-01 00:00:00 +0000 UTC 2018-09-19 07:05:52 +0000 UTC  } {ContainersReady True 0001-01-01 00:00:00 +0000 UTC 0001-01-01 00:00:00 +0000 UTC  } {PodScheduled True 0001-01-01 00:00:00 +0000 UTC 2018-09-17 07:10:04 +0000 UTC  }]&#xA;Sep 19 07:32:44.104: INFO: auth-pap-qb5m2                                                   10.46.6.173  Running           [{Initialized True 0001-01-01 00:00:00 +0000 UTC 2018-09-17 07:10:20 +0000 UTC  } {Ready True 0001-01-01 00:00:00 +0000 UTC 2018-09-17 07:10:46 +0000 UTC  } {ContainersReady True 0001-01-01 00:00:00 +0000 UTC 0001-01-01 00:00:00 +0000 UTC  } {PodScheduled True 0001-01-01 00:00:00 +0000 UTC 2018-09-17 07:10:20 +0000 UTC  }]&#xA;Sep 19 07:32:44.104: INFO: auth-pdp-tk2jm                                                   10.46.6.173  Running           [{Initialized True 0001-01-01 00:00:00 +0000 UTC 2018-09-17 07:13:08 +0000 UTC  } {Ready True 0001-01-01 00:00:00 +0000 UTC 2018-09-17 07:13:19 +0000 UTC  } {ContainersReady True 0001-01-01 00:00:00 +0000 UTC 0001-01-01 00:00:00 +0000 UTC  } {PodScheduled True 0001-01-01 00:00:00 +0000 UTC 2018-09-17 07:10:28 +0000 UTC  }]&#xA;Sep 19 07:32:44.104: INFO: calico-kube-controllers-dcb8cc97c-gtsqp                          10.46.6.173  Running           [{Initialized True 0001-01-01 00:00:00 +0000 UTC 2018-09-17 07:05:53 +0000 UTC  } {Ready True 0001-01-01 00:00:00 +0000 UTC 2018-09-17 07:06:04 +0000 UTC  } {ContainersReady True 0001-01-01 00:00:00 +0000 UTC 0001-01-01 00:00:00 +0000 UTC  } {PodScheduled True 0001-01-01 00:00:00 +0000 UTC 2018-09-17 07:05:53 +0000 UTC  }]&#xA;Sep 19 07:32:44.104: INFO: calico-node-gpm2c                                                10.46.6.171  Running           [{Initialized True 0001-01-01 00:00:00 +0000 UTC 2018-09-17 07:05:53 +0000 UTC  } {Ready True 0001-01-01 00:00:00 +0000 UTC 2018-09-17 07:06:11 +0000 UTC  } {ContainersReady True 0001-01-01 00:00:00 +0000 UTC 0001-01-01 00:00:00 +0000 UTC  } {PodScheduled True 0001-01-01 00:00:00 +0000 UTC 2018-09-17 07:05:53 +0000 UTC  }]&#xA;Sep 19 07:32:44.104: INFO: calico-node-htf97                                                10.46.6.170  Running           [{Initialized True 0001-01-01 00:00:00 +0000 UTC 2018-09-17 07:05:53 +0000 UTC  } {Ready True 0001-01-01 00:00:00 +0000 UTC 2018-09-17 07:06:14 +0000 UTC  } {ContainersReady True 0001-01-01 00:00:00 +0000 UTC 0001-01-01 00:00:00 +0000 UTC  } {PodScheduled True 0001-01-01 00:00:00 +0000 UTC 2018-09-17 07:05:53 +0000 UTC  }]&#xA;Sep 19 07:32:44.104: INFO: calico-node-m7d5t                                                10.46.6.173  Running           [{Initialized True 0001-01-01 00:00:00 +0000 UTC 2018-09-17 07:05:54 +0000 UTC  } {Ready True 0001-01-01 00:00:00 +0000 UTC 2018-09-17 07:06:15 +0000 UTC  } {ContainersReady True 0001-01-01 00:00:00 +0000 UTC 0001-01-01 00:00:00 +0000 UTC  } {PodScheduled True 0001-01-01 00:00:00 +0000 UTC 2018-09-17 07:05:54 +0000 UTC  }]&#xA;Sep 19 07:32:44.104: INFO: calico-node-wsknj                                                10.46.6.172  Running           [{Initialized True 0001-01-01 00:00:00 +0000 UTC 2018-09-17 07:05:53 +0000 UTC  } {Ready True 0001-01-01 00:00:00 +0000 UTC 2018-09-17 07:06:17 +0000 UTC  } {ContainersReady True 0001-01-01 00:00:00 +0000 UTC 0001-01-01 00:00:00 +0000 UTC  } {PodScheduled True 0001-01-01 00:00:00 +0000 UTC 2018-09-17 07:05:53 +0000 UTC  }]&#xA;Sep 19 07:32:44.104: INFO: catalog-ui-5rtkh                                                 10.46.6.173  Running           [{Initialized True 0001-01-01 00:00:00 +0000 UTC 2018-09-17 07:15:57 +0000 UTC  } {Ready True 0001-01-01 00:00:00 +0000 UTC 2018-09-17 07:16:11 +0000 UTC  } {ContainersReady True 0001-01-01 00:00:00 +0000 UTC 0001-01-01 00:00:00 +0000 UTC  } {PodScheduled True 0001-01-01 00:00:00 +0000 UTC 2018-09-17 07:15:57 +0000 UTC  }]&#xA;Sep 19 07:32:44.104: INFO: custom-metrics-adapter-64f64964b4-f9gmc                          10.46.6.171  Running           [{Initialized True 0001-01-01 00:00:00 +0000 UTC 2018-09-17 07:17:13 +0000 UTC  } {Ready True 0001-01-01 00:00:00 +0000 UTC 2018-09-17 07:17:51 +0000 UTC  } {ContainersReady True 0001-01-01 00:00:00 +0000 UTC 0001-01-01 00:00:00 +0000 UTC  } {PodScheduled True 0001-01-01 00:00:00 +0000 UTC 2018-09-17 07:14:28 +0000 UTC  }]&#xA;Sep 19 07:32:44.104: INFO: default-backend-54966589c4-4d47g                                 10.46.6.173  Running           [{Initialized True 0001-01-01 00:00:00 +0000 UTC 2018-09-17 07:08:29 +0000 UTC  } {Ready True 0001-01-01 00:00:00 +0000 UTC 2018-09-17 07:08:40 +0000 UTC  } {ContainersReady True 0001-01-01 00:00:00 +0000 UTC 0001-01-01 00:00:00 +0000 UTC  } {PodScheduled True 0001-01-01 00:00:00 +0000 UTC 2018-09-17 07:08:28 +0000 UTC  }]&#xA;Sep 19 07:32:44.104: INFO: heapster-69b486565b-nt26r                                        10.46.6.173  Running           [{Initialized True 0001-01-01 00:00:00 +0000 UTC 2018-09-17 07:13:48 +0000 UTC  } {Ready True 0001-01-01 00:00:00 +0000 UTC 2018-09-17 07:13:58 +0000 UTC  } {ContainersReady True 0001-01-01 00:00:00 +0000 UTC 0001-01-01 00:00:00 +0000 UTC  } {PodScheduled True 0001-01-01 00:00:00 +0000 UTC 2018-09-17 07:13:48 +0000 UTC  }]&#xA;Sep 19 07:32:44.104: INFO: helm-api-fdd886877-6pwm8                                         10.46.6.173  Running           [{Initialized True 0001-01-01 00:00:00 +0000 UTC 2018-09-17 07:16:36 +0000 UTC  } {Ready True 0001-01-01 00:00:00 +0000 UTC 2018-09-17 07:16:58 +0000 UTC  } {ContainersReady True 0001-01-01 00:00:00 +0000 UTC 0001-01-01 00:00:00 +0000 UTC  } {PodScheduled True 0001-01-01 00:00:00 +0000 UTC 2018-09-17 07:16:35 +0000 UTC  }]&#xA;Sep 19 07:32:44.104: INFO: helm-repo-5649f57447-wwdn4                                       10.46.6.173  Running           [{Initialized True 0001-01-01 00:00:00 +0000 UTC 2018-09-17 07:14:04 +0000 UTC  } {Ready True 0001-01-01 00:00:00 +0000 UTC 2018-09-17 07:14:40 +0000 UTC  } {ContainersReady True 0001-01-01 00:00:00 +0000 UTC 0001-01-01 00:00:00 +0000 UTC  } {PodScheduled True 0001-01-01 00:00:00 +0000 UTC 2018-09-17 07:13:53 +0000 UTC  }]&#xA;Sep 19 07:32:44.104: INFO: ibmcloud-image-enforcement-76ddccbf9f-kqmlb                      10.46.6.171  Running           [{Initialized True 0001-01-01 00:00:00 +0000 UTC 2018-09-17 07:14:02 +0000 UTC  } {Ready True 0001-01-01 00:00:00 +0000 UTC 2018-09-17 07:14:07 +0000 UTC  } {ContainersReady True 0001-01-01 00:00:00 +0000 UTC 0001-01-01 00:00:00 +0000 UTC  } {PodScheduled True 0001-01-01 00:00:00 +0000 UTC 2018-09-17 07:14:02 +0000 UTC  }]&#xA;Sep 19 07:32:44.104: INFO: icp-management-ingress-x6qn8                                     10.46.6.173  Running           [{Initialized True 0001-01-01 00:00:00 +0000 UTC 2018-09-17 07:10:36 +0000 UTC  } {Ready True 0001-01-01 00:00:00 +0000 UTC 2018-09-17 07:10:48 +0000 UTC  } {ContainersReady True 0001-01-01 00:00:00 +0000 UTC 0001-01-01 00:00:00 +0000 UTC  } {PodScheduled True 0001-01-01 00:00:00 +0000 UTC 2018-09-17 07:10:36 +0000 UTC  }]&#xA;Sep 19 07:32:44.104: INFO: icp-mongodb-0                                                    10.46.6.173  Running           [{Initialized True 0001-01-01 00:00:00 +0000 UTC 2018-09-17 07:09:00 +0000 UTC  } {Ready True 0001-01-01 00:00:00 +0000 UTC 2018-09-17 07:09:17 +0000 UTC  } {ContainersReady True 0001-01-01 00:00:00 +0000 UTC 0001-01-01 00:00:00 +0000 UTC  } {PodScheduled True 0001-01-01 00:00:00 +0000 UTC 2018-09-17 07:07:41 +0000 UTC  }]&#xA;Sep 19 07:32:44.104: INFO: image-manager-0                                                  10.46.6.173  Running           [{Initialized True 0001-01-01 00:00:00 +0000 UTC 2018-09-17 06:38:56 +0000 UTC  } {Ready True 0001-01-01 00:00:00 +0000 UTC 2018-09-17 06:39:08 +0000 UTC  } {ContainersReady True 0001-01-01 00:00:00 +0000 UTC 0001-01-01 00:00:00 +0000 UTC  } {PodScheduled True 0001-01-01 00:00:00 +0000 UTC 2018-09-17 06:38:56 +0000 UTC  }]&#xA;Sep 19 07:32:44.104: INFO: k8s-etcd-10.46.6.173                                             10.46.6.173  Running           [{Initialized True 0001-01-01 00:00:00 +0000 UTC 2018-09-17 06:35:49 +0000 UTC  } {Ready True 0001-01-01 00:00:00 +0000 UTC 2018-09-17 06:35:54 +0000 UTC  } {ContainersReady True 0001-01-01 00:00:00 +0000 UTC 0001-01-01 00:00:00 +0000 UTC  } {PodScheduled True 0001-01-01 00:00:00 +0000 UTC 2018-09-17 06:35:49 +0000 UTC  }]&#xA;Sep 19 07:32:44.104: INFO: k8s-master-10.46.6.173                                           10.46.6.173  Running           [{Initialized True 0001-01-01 00:00:00 +0000 UTC 2018-09-17 06:37:18 +0000 UTC  } {Ready True 0001-01-01 00:00:00 +0000 UTC 2018-09-17 06:37:26 +0000 UTC  } {ContainersReady True 0001-01-01 00:00:00 +0000 UTC 0001-01-01 00:00:00 +0000 UTC  } {PodScheduled True 0001-01-01 00:00:00 +0000 UTC 2018-09-17 06:37:18 +0000 UTC  }]&#xA;Sep 19 07:32:44.104: INFO: k8s-proxy-10.46.6.170                                            10.46.6.170  Running           [{Initialized True 0001-01-01 00:00:00 +0000 UTC 2018-09-17 07:05:43 +0000 UTC  } {Ready True 0001-01-01 00:00:00 +0000 UTC 2018-09-17 07:05:46 +0000 UTC  } {ContainersReady True 0001-01-01 00:00:00 +0000 UTC 0001-01-01 00:00:00 +0000 UTC  } {PodScheduled True 0001-01-01 00:00:00 +0000 UTC 2018-09-17 07:05:43 +0000 UTC  }]&#xA;Sep 19 07:32:44.104: INFO: k8s-proxy-10.46.6.171                                            10.46.6.171  Running           [{Initialized True 0001-01-01 00:00:00 +0000 UTC 2018-09-17 07:05:44 +0000 UTC  } {Ready True 0001-01-01 00:00:00 +0000 UTC 2018-09-17 07:05:46 +0000 UTC  } {ContainersReady True 0001-01-01 00:00:00 +0000 UTC 0001-01-01 00:00:00 +0000 UTC  } {PodScheduled True 0001-01-01 00:00:00 +0000 UTC 2018-09-17 07:05:44 +0000 UTC  }]&#xA;Sep 19 07:32:44.104: INFO: k8s-proxy-10.46.6.172                                            10.46.6.172  Running           [{Initialized True 0001-01-01 00:00:00 +0000 UTC 2018-09-17 07:05:44 +0000 UTC  } {Ready True 0001-01-01 00:00:00 +0000 UTC 2018-09-17 07:05:48 +0000 UTC  } {ContainersReady True 0001-01-01 00:00:00 +0000 UTC 0001-01-01 00:00:00 +0000 UTC  } {PodScheduled True 0001-01-01 00:00:00 +0000 UTC 2018-09-17 07:05:44 +0000 UTC  }]&#xA;Sep 19 07:32:44.104: INFO: k8s-proxy-10.46.6.173                                            10.46.6.173  Running           [{Initialized True 0001-01-01 00:00:00 +0000 UTC 2018-09-17 06:35:45 +0000 UTC  } {Ready True 0001-01-01 00:00:00 +0000 UTC 2018-09-17 06:35:50 +0000 UTC  } {ContainersReady True 0001-01-01 00:00:00 +0000 UTC 0001-01-01 00:00:00 +0000 UTC  } {PodScheduled True 0001-01-01 00:00:00 +0000 UTC 2018-09-17 06:35:45 +0000 UTC  }]&#xA;Sep 19 07:32:44.104: INFO: kube-dns-mwjc8                                                   10.46.6.173  Running           [{Initialized True 0001-01-01 00:00:00 +0000 UTC 2018-09-17 07:06:10 +0000 UTC  } {Ready True 0001-01-01 00:00:00 +0000 UTC 2018-09-17 07:06:18 +0000 UTC  } {ContainersReady True 0001-01-01 00:00:00 +0000 UTC 0001-01-01 00:00:00 +0000 UTC  } {PodScheduled True 0001-01-01 00:00:00 +0000 UTC 2018-09-17 07:06:10 +0000 UTC  }]&#xA;Sep 19 07:32:44.104: INFO: logging-elk-client-75d4d7994c-7g7fn                              10.46.6.171  Running           [{Initialized True 0001-01-01 00:00:00 +0000 UTC 2018-09-17 07:15:40 +0000 UTC  } {Ready True 0001-01-01 00:00:00 +0000 UTC 2018-09-17 07:16:22 +0000 UTC  } {ContainersReady True 0001-01-01 00:00:00 +0000 UTC 0001-01-01 00:00:00 +0000 UTC  } {PodScheduled True 0001-01-01 00:00:00 +0000 UTC 2018-09-17 07:15:20 +0000 UTC  }]&#xA;Sep 19 07:32:44.104: INFO: logging-elk-data-0                                               10.46.6.171  Running           [{Initialized True 0001-01-01 00:00:00 +0000 UTC 2018-09-17 07:15:47 +0000 UTC  } {Ready True 0001-01-01 00:00:00 +0000 UTC 2018-09-17 07:16:16 +0000 UTC  } {ContainersReady True 0001-01-01 00:00:00 +0000 UTC 0001-01-01 00:00:00 +0000 UTC  } {PodScheduled True 0001-01-01 00:00:00 +0000 UTC 2018-09-17 07:15:20 +0000 UTC  }]&#xA;Sep 19 07:32:44.104: INFO: logging-elk-elasticsearch-tls-init-6hnl4                         10.46.6.171  Succeeded         [{Initialized True 0001-01-01 00:00:00 +0000 UTC 2018-09-17 07:15:20 +0000 UTC PodCompleted } {Ready False 0001-01-01 00:00:00 +0000 UTC 2018-09-17 07:17:46 +0000 UTC PodCompleted } {ContainersReady False 0001-01-01 00:00:00 +0000 UTC 0001-01-01 00:00:00 +0000 UTC PodCompleted } {PodScheduled True 0001-01-01 00:00:00 +0000 UTC 2018-09-17 07:15:20 +0000 UTC  }]&#xA;Sep 19 07:32:44.104: INFO: logging-elk-filebeat-ds-bs86r                                    10.46.6.171  Running           [{Initialized True 0001-01-01 00:00:00 +0000 UTC 2018-09-17 07:15:20 +0000 UTC  } {Ready True 0001-01-01 00:00:00 +0000 UTC 2018-09-17 07:15:42 +0000 UTC  } {ContainersReady True 0001-01-01 00:00:00 +0000 UTC 0001-01-01 00:00:00 +0000 UTC  } {PodScheduled True 0001-01-01 00:00:00 +0000 UTC 2018-09-17 07:15:20 +0000 UTC  }]&#xA;Sep 19 07:32:44.104: INFO: logging-elk-filebeat-ds-jtd5q                                    10.46.6.170  Running           [{Initialized True 0001-01-01 00:00:00 +0000 UTC 2018-09-17 07:15:20 +0000 UTC  } {Ready True 0001-01-01 00:00:00 +0000 UTC 2018-09-17 07:15:37 +0000 UTC  } {ContainersReady True 0001-01-01 00:00:00 +0000 UTC 0001-01-01 00:00:00 +0000 UTC  } {PodScheduled True 0001-01-01 00:00:00 +0000 UTC 2018-09-17 07:15:20 +0000 UTC  }]&#xA;Sep 19 07:32:44.104: INFO: logging-elk-filebeat-ds-qf2vz                                    10.46.6.173  Running           [{Initialized True 0001-01-01 00:00:00 +0000 UTC 2018-09-17 07:15:20 +0000 UTC  } {Ready True 0001-01-01 00:00:00 +0000 UTC 2018-09-17 07:15:39 +0000 UTC  } {ContainersReady True 0001-01-01 00:00:00 +0000 UTC 0001-01-01 00:00:00 +0000 UTC  } {PodScheduled True 0001-01-01 00:00:00 +0000 UTC 2018-09-17 07:15:20 +0000 UTC  }]&#xA;Sep 19 07:32:44.104: INFO: logging-elk-filebeat-ds-vpk48                                    10.46.6.172  Running           [{Initialized True 0001-01-01 00:00:00 +0000 UTC 2018-09-17 07:15:20 +0000 UTC  } {Ready True 0001-01-01 00:00:00 +0000 UTC 2018-09-17 07:15:39 +0000 UTC  } {ContainersReady True 0001-01-01 00:00:00 +0000 UTC 0001-01-01 00:00:00 +0000 UTC  } {PodScheduled True 0001-01-01 00:00:00 +0000 UTC 2018-09-17 07:15:20 +0000 UTC  }]&#xA;Sep 19 07:32:44.104: INFO: logging-elk-kibana-ff4db4866-s2295                               10.46.6.171  Running           [{Initialized True 0001-01-01 00:00:00 +0000 UTC 2018-09-17 07:15:21 +0000 UTC  } {Ready True 0001-01-01 00:00:00 +0000 UTC 2018-09-17 07:15:45 +0000 UTC  } {ContainersReady True 0001-01-01 00:00:00 +0000 UTC 0001-01-01 00:00:00 +0000 UTC  } {PodScheduled True 0001-01-01 00:00:00 +0000 UTC 2018-09-17 07:15:21 +0000 UTC  }]&#xA;Sep 19 07:32:44.104: INFO: logging-elk-logstash-7994656f46-r89mt                            10.46.6.171  Running           [{Initialized True 0001-01-01 00:00:00 +0000 UTC 2018-09-17 07:15:22 +0000 UTC  } {Ready True 0001-01-01 00:00:00 +0000 UTC 2018-09-17 07:16:16 +0000 UTC  } {ContainersReady True 0001-01-01 00:00:00 +0000 UTC 0001-01-01 00:00:00 +0000 UTC  } {PodScheduled True 0001-01-01 00:00:00 +0000 UTC 2018-09-17 07:15:21 +0000 UTC  }]&#xA;Sep 19 07:32:44.104: INFO: logging-elk-master-6cdcf45f7d-gp28f                              10.46.6.171  Running           [{Initialized True 0001-01-01 00:00:00 +0000 UTC 2018-09-17 07:15:47 +0000 UTC  } {Ready True 0001-01-01 00:00:00 +0000 UTC 2018-09-17 07:16:16 +0000 UTC  } {ContainersReady True 0001-01-01 00:00:00 +0000 UTC 0001-01-01 00:00:00 +0000 UTC  } {PodScheduled True 0001-01-01 00:00:00 +0000 UTC 2018-09-17 07:15:21 +0000 UTC  }]&#xA;Sep 19 07:32:44.104: INFO: mariadb-0                                                        10.46.6.173  Running           [{Initialized True 0001-01-01 00:00:00 +0000 UTC 2018-09-17 07:08:38 +0000 UTC  } {Ready True 0001-01-01 00:00:00 +0000 UTC 2018-09-17 07:09:15 +0000 UTC  } {ContainersReady True 0001-01-01 00:00:00 +0000 UTC 0001-01-01 00:00:00 +0000 UTC  } {PodScheduled True 0001-01-01 00:00:00 +0000 UTC 2018-09-17 07:08:37 +0000 UTC  }]&#xA;Sep 19 07:32:44.104: INFO: metering-dm-8b475fc57-cmm6h                                      10.46.6.171  Running           [{Initialized True 0001-01-01 00:00:00 +0000 UTC 2018-09-17 07:14:20 +0000 UTC  } {Ready True 0001-01-01 00:00:00 +0000 UTC 2018-09-17 07:14:49 +0000 UTC  } {ContainersReady True 0001-01-01 00:00:00 +0000 UTC 0001-01-01 00:00:00 +0000 UTC  } {PodScheduled True 0001-01-01 00:00:00 +0000 UTC 2018-09-17 07:14:12 +0000 UTC  }]&#xA;Sep 19 07:32:44.105: INFO: metering-reader-44wd7                                            10.46.6.170  Running           [{Initialized True 0001-01-01 00:00:00 +0000 UTC 2018-09-17 07:14:20 +0000 UTC  } {Ready True 0001-01-01 00:00:00 +0000 UTC 2018-09-17 07:14:46 +0000 UTC  } {ContainersReady True 0001-01-01 00:00:00 +0000 UTC 0001-01-01 00:00:00 +0000 UTC  } {PodScheduled True 0001-01-01 00:00:00 +0000 UTC 2018-09-17 07:14:11 +0000 UTC  }]&#xA;Sep 19 07:32:44.105: INFO: metering-reader-gsrdg                                            10.46.6.172  Running           [{Initialized True 0001-01-01 00:00:00 +0000 UTC 2018-09-17 07:14:23 +0000 UTC  } {Ready True 0001-01-01 00:00:00 +0000 UTC 2018-09-17 07:14:52 +0000 UTC  } {ContainersReady True 0001-01-01 00:00:00 +0000 UTC 0001-01-01 00:00:00 +0000 UTC  } {PodScheduled True 0001-01-01 00:00:00 +0000 UTC 2018-09-17 07:14:11 +0000 UTC  }]&#xA;Sep 19 07:32:44.105: INFO: metering-reader-l7284                                            10.46.6.173  Running           [{Initialized True 0001-01-01 00:00:00 +0000 UTC 2018-09-17 07:14:24 +0000 UTC  } {Ready True 0001-01-01 00:00:00 +0000 UTC 2018-09-17 07:14:45 +0000 UTC  } {ContainersReady True 0001-01-01 00:00:00 +0000 UTC 0001-01-01 00:00:00 +0000 UTC  } {PodScheduled True 0001-01-01 00:00:00 +0000 UTC 2018-09-17 07:14:11 +0000 UTC  }]&#xA;Sep 19 07:32:44.105: INFO: metering-reader-xq8f2                                            10.46.6.171  Running           [{Initialized True 0001-01-01 00:00:00 +0000 UTC 2018-09-17 07:14:23 +0000 UTC  } {Ready True 0001-01-01 00:00:00 +0000 UTC 2018-09-17 07:14:55 +0000 UTC  } {ContainersReady True 0001-01-01 00:00:00 +0000 UTC 0001-01-01 00:00:00 +0000 UTC  } {PodScheduled True 0001-01-01 00:00:00 +0000 UTC 2018-09-17 07:14:11 +0000 UTC  }]&#xA;Sep 19 07:32:44.105: INFO: metering-ui-5bbfbb5d49-wkh8m                                     10.46.6.171  Running           [{Initialized True 0001-01-01 00:00:00 +0000 UTC 2018-09-17 07:14:22 +0000 UTC  } {Ready True 0001-01-01 00:00:00 +0000 UTC 2018-09-17 07:14:55 +0000 UTC  } {ContainersReady True 0001-01-01 00:00:00 +0000 UTC 0001-01-01 00:00:00 +0000 UTC  } {PodScheduled True 0001-01-01 00:00:00 +0000 UTC 2018-09-17 07:14:12 +0000 UTC  }]&#xA;Sep 19 07:32:44.105: INFO: metrics-server-6d6695f9db-8t4xs                                  10.46.6.171  Running           [{Initialized True 0001-01-01 00:00:00 +0000 UTC 2018-09-17 07:08:51 +0000 UTC  } {Ready True 0001-01-01 00:00:00 +0000 UTC 2018-09-17 07:08:55 +0000 UTC  } {ContainersReady True 0001-01-01 00:00:00 +0000 UTC 0001-01-01 00:00:00 +0000 UTC  } {PodScheduled True 0001-01-01 00:00:00 +0000 UTC 2018-09-17 07:08:51 +0000 UTC  }]&#xA;Sep 19 07:32:44.105: INFO: mgmt-repo-57dc689b74-tmp44                                       10.46.6.173  Running           [{Initialized True 0001-01-01 00:00:00 +0000 UTC 2018-09-17 07:18:10 +0000 UTC  } {Ready True 0001-01-01 00:00:00 +0000 UTC 2018-09-17 07:18:54 +0000 UTC  } {ContainersReady True 0001-01-01 00:00:00 +0000 UTC 0001-01-01 00:00:00 +0000 UTC  } {PodScheduled True 0001-01-01 00:00:00 +0000 UTC 2018-09-17 07:17:50 +0000 UTC  }]&#xA;Sep 19 07:32:44.105: INFO: monitoring-grafana-548b947c8c-dh89z                              10.46.6.171  Running           [{Initialized True 0001-01-01 00:00:00 +0000 UTC 2018-09-17 07:16:14 +0000 UTC  } {Ready True 0001-01-01 00:00:00 +0000 UTC 2018-09-17 07:16:59 +0000 UTC  } {ContainersReady True 0001-01-01 00:00:00 +0000 UTC 0001-01-01 00:00:00 +0000 UTC  } {PodScheduled True 0001-01-01 00:00:00 +0000 UTC 2018-09-17 07:15:46 +0000 UTC  }]&#xA;Sep 19 07:32:44.105: INFO: monitoring-prometheus-6677d7c77f-pnpt5                           10.46.6.171  Running           [{Initialized True 0001-01-01 00:00:00 +0000 UTC 2018-09-17 07:16:14 +0000 UTC  } {Ready True 0001-01-01 00:00:00 +0000 UTC 2018-09-17 07:17:03 +0000 UTC  } {ContainersReady True 0001-01-01 00:00:00 +0000 UTC 0001-01-01 00:00:00 +0000 UTC  } {PodScheduled True 0001-01-01 00:00:00 +0000 UTC 2018-09-17 07:15:45 +0000 UTC  }]&#xA;Sep 19 07:32:44.105: INFO: monitoring-prometheus-alertmanager-7d8749dbb8-xj68d              10.46.6.171  Running           [{Initialized True 0001-01-01 00:00:00 +0000 UTC 2018-09-17 07:15:46 +0000 UTC  } {Ready True 0001-01-01 00:00:00 +0000 UTC 2018-09-17 07:16:45 +0000 UTC  } {ContainersReady True 0001-01-01 00:00:00 +0000 UTC 0001-01-01 00:00:00 +0000 UTC  } {PodScheduled True 0001-01-01 00:00:00 +0000 UTC 2018-09-17 07:15:45 +0000 UTC  }]&#xA;Sep 19 07:32:44.105: INFO: monitoring-prometheus-collectdexporter-77575678dc-v8n2l          10.46.6.171  Running           [{Initialized True 0001-01-01 00:00:00 +0000 UTC 2018-09-17 07:15:46 +0000 UTC  } {Ready True 0001-01-01 00:00:00 +0000 UTC 2018-09-17 07:16:42 +0000 UTC  } {ContainersReady True 0001-01-01 00:00:00 +0000 UTC 0001-01-01 00:00:00 +0000 UTC  } {PodScheduled True 0001-01-01 00:00:00 +0000 UTC 2018-09-17 07:15:45 +0000 UTC  }]&#xA;Sep 19 07:32:44.105: INFO: monitoring-prometheus-elasticsearchexporter-655864cccb-c6tps     10.46.6.171  Running           [{Initialized True 0001-01-01 00:00:00 +0000 UTC 2018-09-17 07:15:46 +0000 UTC  } {Ready True 0001-01-01 00:00:00 +0000 UTC 2018-09-17 07:16:52 +0000 UTC  } {ContainersReady True 0001-01-01 00:00:00 +0000 UTC 0001-01-01 00:00:00 +0000 UTC  } {PodScheduled True 0001-01-01 00:00:00 +0000 UTC 2018-09-17 07:15:45 +0000 UTC  }]&#xA;Sep 19 07:32:44.105: INFO: monitoring-prometheus-kubestatemetrics-54dcbb6cfb-76zmm          10.46.6.171  Running           [{Initialized True 0001-01-01 00:00:00 +0000 UTC 2018-09-17 07:15:45 +0000 UTC  } {Ready True 0001-01-01 00:00:00 +0000 UTC 2018-09-17 07:16:34 +0000 UTC  } {ContainersReady True 0001-01-01 00:00:00 +0000 UTC 0001-01-01 00:00:00 +0000 UTC  } {PodScheduled True 0001-01-01 00:00:00 +0000 UTC 2018-09-17 07:15:45 +0000 UTC  }]&#xA;Sep 19 07:32:44.105: INFO: monitoring-prometheus-nodeexporter-9fnpb                         10.46.6.171  Running           [{Initialized True 0001-01-01 00:00:00 +0000 UTC 2018-09-17 07:15:44 +0000 UTC  } {Ready True 0001-01-01 00:00:00 +0000 UTC 2018-09-17 07:16:44 +0000 UTC  } {ContainersReady True 0001-01-01 00:00:00 +0000 UTC 0001-01-01 00:00:00 +0000 UTC  } {PodScheduled True 0001-01-01 00:00:00 +0000 UTC 2018-09-17 07:15:44 +0000 UTC  }]&#xA;Sep 19 07:32:44.105: INFO: monitoring-prometheus-nodeexporter-f84fv                         10.46.6.173  Running           [{Initialized True 0001-01-01 00:00:00 +0000 UTC 2018-09-17 07:15:45 +0000 UTC  } {Ready True 0001-01-01 00:00:00 +0000 UTC 2018-09-17 07:16:28 +0000 UTC  } {ContainersReady True 0001-01-01 00:00:00 +0000 UTC 0001-01-01 00:00:00 +0000 UTC  } {PodScheduled True 0001-01-01 00:00:00 +0000 UTC 2018-09-17 07:15:45 +0000 UTC  }]&#xA;Sep 19 07:32:44.105: INFO: monitoring-prometheus-nodeexporter-tpbc8                         10.46.6.170  Running           [{Initialized True 0001-01-01 00:00:00 +0000 UTC 2018-09-17 07:15:44 +0000 UTC  } {Ready True 0001-01-01 00:00:00 +0000 UTC 2018-09-17 07:16:27 +0000 UTC  } {ContainersReady True 0001-01-01 00:00:00 +0000 UTC 0001-01-01 00:00:00 +0000 UTC  } {PodScheduled True 0001-01-01 00:00:00 +0000 UTC 2018-09-17 07:15:44 +0000 UTC  }]&#xA;Sep 19 07:32:44.105: INFO: monitoring-prometheus-nodeexporter-v4l7d                         10.46.6.172  Running           [{Initialized True 0001-01-01 00:00:00 +0000 UTC 2018-09-17 07:15:44 +0000 UTC  } {Ready True 0001-01-01 00:00:00 +0000 UTC 2018-09-17 07:16:31 +0000 UTC  } {ContainersReady True 0001-01-01 00:00:00 +0000 UTC 0001-01-01 00:00:00 +0000 UTC  } {PodScheduled True 0001-01-01 00:00:00 +0000 UTC 2018-09-17 07:15:44 +0000 UTC  }]&#xA;Sep 19 07:32:44.105: INFO: my-ibm-open-liberty-ibm-7f7d9778d7-7t5jc                         10.46.6.170  Running           [{Initialized True 0001-01-01 00:00:00 +0000 UTC 2018-09-17 08:22:24 +0000 UTC  } {Ready True 0001-01-01 00:00:00 +0000 UTC 2018-09-17 08:23:21 +0000 UTC  } {ContainersReady True 0001-01-01 00:00:00 +0000 UTC 0001-01-01 00:00:00 +0000 UTC  } {PodScheduled True 0001-01-01 00:00:00 +0000 UTC 2018-09-17 08:22:24 +0000 UTC  }]&#xA;Sep 19 07:32:44.105: INFO: nginx-ingress-controller-h5z2v                                   10.46.6.173  Running           [{Initialized True 0001-01-01 00:00:00 +0000 UTC 2018-09-17 07:08:39 +0000 UTC  } {Ready True 0001-01-01 00:00:00 +0000 UTC 2018-09-17 07:08:54 +0000 UTC  } {ContainersReady True 0001-01-01 00:00:00 +0000 UTC 0001-01-01 00:00:00 +0000 UTC  } {PodScheduled True 0001-01-01 00:00:00 +0000 UTC 2018-09-17 07:08:28 +0000 UTC  }]&#xA;Sep 19 07:32:44.105: INFO: nvidia-device-plugin-9h2k4                                       10.46.6.170  Running           [{Initialized True 0001-01-01 00:00:00 +0000 UTC 2018-09-17 07:07:23 +0000 UTC  } {Ready True 0001-01-01 00:00:00 +0000 UTC 2018-09-17 07:07:24 +0000 UTC  } {ContainersReady True 0001-01-01 00:00:00 +0000 UTC 0001-01-01 00:00:00 +0000 UTC  } {PodScheduled True 0001-01-01 00:00:00 +0000 UTC 2018-09-17 07:07:17 +0000 UTC  }]&#xA;Sep 19 07:32:44.105: INFO: nvidia-device-plugin-nh54k                                       10.46.6.173  Running           [{Initialized True 0001-01-01 00:00:00 +0000 UTC 2018-09-17 07:07:29 +0000 UTC  } {Ready True 0001-01-01 00:00:00 +0000 UTC 2018-09-17 07:07:33 +0000 UTC  } {ContainersReady True 0001-01-01 00:00:00 +0000 UTC 0001-01-01 00:00:00 +0000 UTC  } {PodScheduled True 0001-01-01 00:00:00 +0000 UTC 2018-09-17 07:07:17 +0000 UTC  }]&#xA;Sep 19 07:32:44.105: INFO: nvidia-device-plugin-vh85n                                       10.46.6.171  Running           [{Initialized True 0001-01-01 00:00:00 +0000 UTC 2018-09-17 07:07:21 +0000 UTC  } {Ready True 0001-01-01 00:00:00 +0000 UTC 2018-09-17 07:07:23 +0000 UTC  } {ContainersReady True 0001-01-01 00:00:00 +0000 UTC 0001-01-01 00:00:00 +0000 UTC  } {PodScheduled True 0001-01-01 00:00:00 +0000 UTC 2018-09-17 07:07:17 +0000 UTC  }]&#xA;Sep 19 07:32:44.105: INFO: nvidia-device-plugin-w9jr8                                       10.46.6.172  Running           [{Initialized True 0001-01-01 00:00:00 +0000 UTC 2018-09-17 07:07:24 +0000 UTC  } {Ready True 0001-01-01 00:00:00 +0000 UTC 2018-09-17 07:07:26 +0000 UTC  } {ContainersReady True 0001-01-01 00:00:00 +0000 UTC 0001-01-01 00:00:00 +0000 UTC  } {PodScheduled True 0001-01-01 00:00:00 +0000 UTC 2018-09-17 07:07:17 +0000 UTC  }]&#xA;Sep 19 07:32:44.105: INFO: oidc-client-registration-szxrk                                   10.46.6.173  Succeeded         [{Initialized True 0001-01-01 00:00:00 +0000 UTC 2018-09-17 07:10:05 +0000 UTC PodCompleted } {Ready False 0001-01-01 00:00:00 +0000 UTC 2018-09-17 07:12:27 +0000 UTC PodCompleted } {ContainersReady False 0001-01-01 00:00:00 +0000 UTC 0001-01-01 00:00:00 +0000 UTC PodCompleted } {PodScheduled True 0001-01-01 00:00:00 +0000 UTC 2018-09-17 07:10:04 +0000 UTC  }]&#xA;Sep 19 07:32:44.105: INFO: platform-api-2fs4x                                               10.46.6.173  Running           [{Initialized True 0001-01-01 00:00:00 +0000 UTC 2018-09-17 07:08:45 +0000 UTC  } {Ready True 0001-01-01 00:00:00 +0000 UTC 2018-09-17 07:16:29 +0000 UTC  } {ContainersReady True 0001-01-01 00:00:00 +0000 UTC 0001-01-01 00:00:00 +0000 UTC  } {PodScheduled True 0001-01-01 00:00:00 +0000 UTC 2018-09-17 07:08:45 +0000 UTC  }]&#xA;Sep 19 07:32:44.105: INFO: platform-deploy-dbbks                                            10.46.6.173  Running           [{Initialized True 0001-01-01 00:00:00 +0000 UTC 2018-09-17 07:08:45 +0000 UTC  } {Ready True 0001-01-01 00:00:00 +0000 UTC 2018-09-17 07:08:57 +0000 UTC  } {ContainersReady True 0001-01-01 00:00:00 +0000 UTC 0001-01-01 00:00:00 +0000 UTC  } {PodScheduled True 0001-01-01 00:00:00 +0000 UTC 2018-09-17 07:08:45 +0000 UTC  }]&#xA;Sep 19 07:32:44.105: INFO: platform-ui-6fjgx                                                10.46.6.173  Running           [{Initialized True 0001-01-01 00:00:00 +0000 UTC 2018-09-17 07:14:34 +0000 UTC  } {Ready True 0001-01-01 00:00:00 +0000 UTC 2018-09-17 07:15:20 +0000 UTC  } {ContainersReady True 0001-01-01 00:00:00 +0000 UTC 0001-01-01 00:00:00 +0000 UTC  } {PodScheduled True 0001-01-01 00:00:00 +0000 UTC 2018-09-17 07:14:34 +0000 UTC  }]&#xA;Sep 19 07:32:44.105: INFO: secret-watcher-5f59fcbc69-pfnfk                                  10.46.6.173  Running           [{Initialized True 0001-01-01 00:00:00 +0000 UTC 2018-09-17 07:18:05 +0000 UTC  } {Ready True 0001-01-01 00:00:00 +0000 UTC 2018-09-17 07:18:30 +0000 UTC  } {ContainersReady True 0001-01-01 00:00:00 +0000 UTC 0001-01-01 00:00:00 +0000 UTC  } {PodScheduled True 0001-01-01 00:00:00 +0000 UTC 2018-09-17 07:18:04 +0000 UTC  }]&#xA;Sep 19 07:32:44.105: INFO: security-onboarding-tkf79                                        10.46.6.173  Succeeded         [{Initialized True 0001-01-01 00:00:00 +0000 UTC 2018-09-17 07:18:12 +0000 UTC PodCompleted } {Ready False 0001-01-01 00:00:00 +0000 UTC 2018-09-17 07:20:02 +0000 UTC PodCompleted } {ContainersReady False 0001-01-01 00:00:00 +0000 UTC 0001-01-01 00:00:00 +0000 UTC PodCompleted } {PodScheduled True 0001-01-01 00:00:00 +0000 UTC 2018-09-17 07:18:12 +0000 UTC  }]&#xA;Sep 19 07:32:44.105: INFO: service-catalog-apiserver-967x9                                  10.46.6.173  Running           [{Initialized True 0001-01-01 00:00:00 +0000 UTC 2018-09-17 07:08:20 +0000 UTC  } {Ready True 0001-01-01 00:00:00 +0000 UTC 2018-09-17 07:09:01 +0000 UTC  } {ContainersReady True 0001-01-01 00:00:00 +0000 UTC 0001-01-01 00:00:00 +0000 UTC  } {PodScheduled True 0001-01-01 00:00:00 +0000 UTC 2018-09-17 07:08:20 +0000 UTC  }]&#xA;Sep 19 07:32:44.105: INFO: service-catalog-controller-manager-5969cccf86-65phs              10.46.6.173  Running           [{Initialized True 0001-01-01 00:00:00 +0000 UTC 2018-09-17 07:08:21 +0000 UTC  } {Ready True 0001-01-01 00:00:00 +0000 UTC 2018-09-17 07:08:34 +0000 UTC  } {ContainersReady True 0001-01-01 00:00:00 +0000 UTC 0001-01-01 00:00:00 +0000 UTC  } {PodScheduled True 0001-01-01 00:00:00 +0000 UTC 2018-09-17 07:08:20 +0000 UTC  }]&#xA;Sep 19 07:32:44.105: INFO: tiller-deploy-6b58875cb-5l8kh                                    10.46.6.173  Running           [{Initialized True 0001-01-01 00:00:00 +0000 UTC 2018-09-17 07:05:28 +0000 UTC  } {Ready True 0001-01-01 00:00:00 +0000 UTC 2018-09-17 07:05:43 +0000 UTC  } {ContainersReady True 0001-01-01 00:00:00 +0000 UTC 0001-01-01 00:00:00 +0000 UTC  } {PodScheduled True 0001-01-01 00:00:00 +0000 UTC 2018-09-17 07:05:28 +0000 UTC  }]&#xA;Sep 19 07:32:44.105: INFO: unified-router-lkwnl                                             10.46.6.173  Running           [{Initialized True 0001-01-01 00:00:00 +0000 UTC 2018-09-17 07:15:31 +0000 UTC  } {Ready True 0001-01-01 00:00:00 +0000 UTC 2018-09-17 07:15:40 +0000 UTC  } {ContainersReady True 0001-01-01 00:00:00 +0000 UTC 0001-01-01 00:00:00 +0000 UTC  } {PodScheduled True 0001-01-01 00:00:00 +0000 UTC 2018-09-17 07:15:31 +0000 UTC  }]&#xA;Sep 19 07:32:44.105: INFO: vulnerability-advisor-compliance-annotator-d5659b9d9-kmn8q       10.46.6.172  Running           [{Initialized True 0001-01-01 00:00:00 +0000 UTC 2018-09-17 07:19:03 +0000 UTC  } {Ready True 0001-01-01 00:00:00 +0000 UTC 2018-09-17 07:21:08 +0000 UTC  } {ContainersReady True 0001-01-01 00:00:00 +0000 UTC 0001-01-01 00:00:00 +0000 UTC  } {PodScheduled True 0001-01-01 00:00:00 +0000 UTC 2018-09-17 07:19:03 +0000 UTC  }]&#xA;Sep 19 07:32:44.105: INFO: vulnerability-advisor-compliance-indexer-7cbdc64b57-47lmd        10.46.6.172  Running           [{Initialized True 0001-01-01 00:00:00 +0000 UTC 2018-09-17 07:19:07 +0000 UTC  } {Ready True 0001-01-01 00:00:00 +0000 UTC 2018-09-17 07:19:33 +0000 UTC  } {ContainersReady True 0001-01-01 00:00:00 +0000 UTC 0001-01-01 00:00:00 +0000 UTC  } {PodScheduled True 0001-01-01 00:00:00 +0000 UTC 2018-09-17 07:19:06 +0000 UTC  }]&#xA;Sep 19 07:32:44.105: INFO: vulnerability-advisor-config-parser-5d44b78fd5-z4k9t             10.46.6.172  Running           [{Initialized True 0001-01-01 00:00:00 +0000 UTC 2018-09-17 07:19:04 +0000 UTC  } {Ready True 0001-01-01 00:00:00 +0000 UTC 2018-09-17 07:21:09 +0000 UTC  } {ContainersReady True 0001-01-01 00:00:00 +0000 UTC 0001-01-01 00:00:00 +0000 UTC  } {PodScheduled True 0001-01-01 00:00:00 +0000 UTC 2018-09-17 07:19:03 +0000 UTC  }]&#xA;Sep 19 07:32:44.105: INFO: vulnerability-advisor-cos-indexer-57899b7dd6-7cpf8               10.46.6.172  Running           [{Initialized True 0001-01-01 00:00:00 +0000 UTC 2018-09-17 07:19:04 +0000 UTC  } {Ready True 0001-01-01 00:00:00 +0000 UTC 2018-09-19 07:20:04 +0000 UTC  } {ContainersReady True 0001-01-01 00:00:00 +0000 UTC 0001-01-01 00:00:00 +0000 UTC  } {PodScheduled True 0001-01-01 00:00:00 +0000 UTC 2018-09-17 07:19:04 +0000 UTC  }]&#xA;Sep 19 07:32:44.105: INFO: vulnerability-advisor-kafka-0                                    10.46.6.172  Running           [{Initialized True 0001-01-01 00:00:00 +0000 UTC 2018-09-17 07:19:13 +0000 UTC  } {Ready True 0001-01-01 00:00:00 +0000 UTC 2018-09-17 07:20:53 +0000 UTC  } {ContainersReady True 0001-01-01 00:00:00 +0000 UTC 0001-01-01 00:00:00 +0000 UTC  } {PodScheduled True 0001-01-01 00:00:00 +0000 UTC 2018-09-17 07:19:13 +0000 UTC  }]&#xA;Sep 19 07:32:44.105: INFO: vulnerability-advisor-live-crawler-84st2                         10.46.6.172  Running           [{Initialized True 0001-01-01 00:00:00 +0000 UTC 2018-09-17 07:19:03 +0000 UTC  } {Ready True 0001-01-01 00:00:00 +0000 UTC 2018-09-17 07:19:26 +0000 UTC  } {ContainersReady True 0001-01-01 00:00:00 +0000 UTC 0001-01-01 00:00:00 +0000 UTC  } {PodScheduled True 0001-01-01 00:00:00 +0000 UTC 2018-09-17 07:19:03 +0000 UTC  }]&#xA;Sep 19 07:32:44.105: INFO: vulnerability-advisor-live-crawler-ccxd7                         10.46.6.170  Running           [{Initialized True 0001-01-01 00:00:00 +0000 UTC 2018-09-17 07:19:03 +0000 UTC  } {Ready True 0001-01-01 00:00:00 +0000 UTC 2018-09-17 07:19:14 +0000 UTC  } {ContainersReady True 0001-01-01 00:00:00 +0000 UTC 0001-01-01 00:00:00 +0000 UTC  } {PodScheduled True 0001-01-01 00:00:00 +0000 UTC 2018-09-17 07:19:03 +0000 UTC  }]&#xA;Sep 19 07:32:44.105: INFO: vulnerability-advisor-live-crawler-p6khc                         10.46.6.173  Running           [{Initialized True 0001-01-01 00:00:00 +0000 UTC 2018-09-17 07:19:02 +0000 UTC  } {Ready True 0001-01-01 00:00:00 +0000 UTC 2018-09-17 07:19:22 +0000 UTC  } {ContainersReady True 0001-01-01 00:00:00 +0000 UTC 0001-01-01 00:00:00 +0000 UTC  } {PodScheduled True 0001-01-01 00:00:00 +0000 UTC 2018-09-17 07:19:02 +0000 UTC  }]&#xA;Sep 19 07:32:44.105: INFO: vulnerability-advisor-live-crawler-xxz8p                         10.46.6.171  Running           [{Initialized True 0001-01-01 00:00:00 +0000 UTC 2018-09-17 07:19:03 +0000 UTC  } {Ready True 0001-01-01 00:00:00 +0000 UTC 2018-09-17 07:19:18 +0000 UTC  } {ContainersReady True 0001-01-01 00:00:00 +0000 UTC 0001-01-01 00:00:00 +0000 UTC  } {PodScheduled True 0001-01-01 00:00:00 +0000 UTC 2018-09-17 07:19:03 +0000 UTC  }]&#xA;Sep 19 07:32:44.105: INFO: vulnerability-advisor-ma-file-annotator-6b95df8886-jtczz         10.46.6.172  Running           [{Initialized True 0001-01-01 00:00:00 +0000 UTC 2018-09-17 07:19:04 +0000 UTC  } {Ready True 0001-01-01 00:00:00 +0000 UTC 2018-09-17 07:23:32 +0000 UTC  } {ContainersReady True 0001-01-01 00:00:00 +0000 UTC 0001-01-01 00:00:00 +0000 UTC  } {PodScheduled True 0001-01-01 00:00:00 +0000 UTC 2018-09-17 07:19:04 +0000 UTC  }]&#xA;Sep 19 07:32:44.105: INFO: vulnerability-advisor-minio-0                                    10.46.6.172  Running           [{Initialized True 0001-01-01 00:00:00 +0000 UTC 2018-09-17 07:21:51 +0000 UTC  } {Ready True 0001-01-01 00:00:00 +0000 UTC 2018-09-17 07:21:54 +0000 UTC  } {ContainersReady True 0001-01-01 00:00:00 +0000 UTC 0001-01-01 00:00:00 +0000 UTC  } {PodScheduled True 0001-01-01 00:00:00 +0000 UTC 2018-09-17 07:19:15 +0000 UTC  }]&#xA;Sep 19 07:32:44.105: INFO: vulnerability-advisor-minio-cleaner-1537228740-55f4w             10.46.6.172  Succeeded         [{Initialized True 0001-01-01 00:00:00 +0000 UTC 2018-09-17 23:59:03 +0000 UTC PodCompleted } {Ready False 0001-01-01 00:00:00 +0000 UTC 2018-09-17 23:59:42 +0000 UTC PodCompleted } {ContainersReady False 0001-01-01 00:00:00 +0000 UTC 0001-01-01 00:00:00 +0000 UTC PodCompleted } {PodScheduled True 0001-01-01 00:00:00 +0000 UTC 2018-09-17 23:59:03 +0000 UTC  }]&#xA;Sep 19 07:32:44.105: INFO: vulnerability-advisor-minio-cleaner-1537315140-nqk7v             10.46.6.172  Succeeded         [{Initialized True 0001-01-01 00:00:00 +0000 UTC 2018-09-18 23:59:04 +0000 UTC PodCompleted } {Ready False 0001-01-01 00:00:00 +0000 UTC 2018-09-19 00:00:52 +0000 UTC PodCompleted } {ContainersReady False 0001-01-01 00:00:00 +0000 UTC 0001-01-01 00:00:00 +0000 UTC PodCompleted } {PodScheduled True 0001-01-01 00:00:00 +0000 UTC 2018-09-18 23:59:04 +0000 UTC  }]&#xA;Sep 19 07:32:44.105: INFO: vulnerability-advisor-notification-dispatcher-86f8bf4b4d-cfdzb   10.46.6.172  Running           [{Initialized True 0001-01-01 00:00:00 +0000 UTC 2018-09-17 07:19:04 +0000 UTC  } {Ready True 0001-01-01 00:00:00 +0000 UTC 2018-09-17 07:20:31 +0000 UTC  } {ContainersReady True 0001-01-01 00:00:00 +0000 UTC 0001-01-01 00:00:00 +0000 UTC  } {PodScheduled True 0001-01-01 00:00:00 +0000 UTC 2018-09-17 07:19:04 +0000 UTC  }]&#xA;Sep 19 07:32:44.105: INFO: vulnerability-advisor-password-annotator-79b5d794b5-wnwqn        10.46.6.172  Running           [{Initialized True 0001-01-01 00:00:00 +0000 UTC 2018-09-17 07:19:05 +0000 UTC  } {Ready True 0001-01-01 00:00:00 +0000 UTC 2018-09-17 07:20:29 +0000 UTC  } {ContainersReady True 0001-01-01 00:00:00 +0000 UTC 0001-01-01 00:00:00 +0000 UTC  } {PodScheduled True 0001-01-01 00:00:00 +0000 UTC 2018-09-17 07:19:04 +0000 UTC  }]&#xA;Sep 19 07:32:44.105: INFO: vulnerability-advisor-process-ma-annotator-58f47d5b5f-4wglg      10.46.6.172  Running           [{Initialized True 0001-01-01 00:00:00 +0000 UTC 2018-09-17 07:19:06 +0000 UTC  } {Ready True 0001-01-01 00:00:00 +0000 UTC 2018-09-17 07:20:56 +0000 UTC  } {ContainersReady True 0001-01-01 00:00:00 +0000 UTC 0001-01-01 00:00:00 +0000 UTC  } {PodScheduled True 0001-01-01 00:00:00 +0000 UTC 2018-09-17 07:19:05 +0000 UTC  }]&#xA;Sep 19 07:32:44.105: INFO: vulnerability-advisor-process-ma-annotator-58f47d5b5f-xbxrc      10.46.6.172  Running           [{Initialized True 0001-01-01 00:00:00 +0000 UTC 2018-09-17 07:19:06 +0000 UTC  } {Ready True 0001-01-01 00:00:00 +0000 UTC 2018-09-17 07:21:50 +0000 UTC  } {ContainersReady True 0001-01-01 00:00:00 +0000 UTC 0001-01-01 00:00:00 +0000 UTC  } {PodScheduled True 0001-01-01 00:00:00 +0000 UTC 2018-09-17 07:19:05 +0000 UTC  }]&#xA;Sep 19 07:32:44.105: INFO: vulnerability-advisor-process-ma-annotator-init-869545d547nn27w  10.46.6.172  Running           [{Initialized True 0001-01-01 00:00:00 +0000 UTC 2018-09-17 07:19:06 +0000 UTC  } {Ready True 0001-01-01 00:00:00 +0000 UTC 2018-09-17 07:19:42 +0000 UTC  } {ContainersReady True 0001-01-01 00:00:00 +0000 UTC 0001-01-01 00:00:00 +0000 UTC  } {PodScheduled True 0001-01-01 00:00:00 +0000 UTC 2018-09-17 07:19:05 +0000 UTC  }]&#xA;Sep 19 07:32:44.105: INFO: vulnerability-advisor-process-ma-crawler-24z6k                   10.46.6.172  Running           [{Initialized True 0001-01-01 00:00:00 +0000 UTC 2018-09-17 07:19:03 +0000 UTC  } {Ready True 0001-01-01 00:00:00 +0000 UTC 2018-09-17 07:19:32 +0000 UTC  } {ContainersReady True 0001-01-01 00:00:00 +0000 UTC 0001-01-01 00:00:00 +0000 UTC  } {PodScheduled True 0001-01-01 00:00:00 +0000 UTC 2018-09-17 07:19:03 +0000 UTC  }]&#xA;Sep 19 07:32:44.105: INFO: vulnerability-advisor-process-ma-crawler-5g4zk                   10.46.6.170  Running           [{Initialized True 0001-01-01 00:00:00 +0000 UTC 2018-09-17 07:19:03 +0000 UTC  } {Ready True 0001-01-01 00:00:00 +0000 UTC 2018-09-17 07:19:16 +0000 UTC  } {ContainersReady True 0001-01-01 00:00:00 +0000 UTC 0001-01-01 00:00:00 +0000 UTC  } {PodScheduled True 0001-01-01 00:00:00 +0000 UTC 2018-09-17 07:19:03 +0000 UTC  }]&#xA;Sep 19 07:32:44.105: INFO: vulnerability-advisor-process-ma-crawler-96728                   10.46.6.173  Running           [{Initialized True 0001-01-01 00:00:00 +0000 UTC 2018-09-17 07:19:03 +0000 UTC  } {Ready True 0001-01-01 00:00:00 +0000 UTC 2018-09-17 07:19:23 +0000 UTC  } {ContainersReady True 0001-01-01 00:00:00 +0000 UTC 0001-01-01 00:00:00 +0000 UTC  } {PodScheduled True 0001-01-01 00:00:00 +0000 UTC 2018-09-17 07:19:03 +0000 UTC  }]&#xA;Sep 19 07:32:44.105: INFO: vulnerability-advisor-process-ma-crawler-b7k2d                   10.46.6.171  Running           [{Initialized True 0001-01-01 00:00:00 +0000 UTC 2018-09-17 07:19:03 +0000 UTC  } {Ready True 0001-01-01 00:00:00 +0000 UTC 2018-09-17 07:19:13 +0000 UTC  } {ContainersReady True 0001-01-01 00:00:00 +0000 UTC 0001-01-01 00:00:00 +0000 UTC  } {PodScheduled True 0001-01-01 00:00:00 +0000 UTC 2018-09-17 07:19:03 +0000 UTC  }]&#xA;Sep 19 07:32:44.105: INFO: vulnerability-advisor-registry-crawler-6f9568677b-bfpm6          10.46.6.172  Running           [{Initialized True 0001-01-01 00:00:00 +0000 UTC 2018-09-17 07:19:08 +0000 UTC  } {Ready True 0001-01-01 00:00:00 +0000 UTC 2018-09-17 07:19:48 +0000 UTC  } {ContainersReady True 0001-01-01 00:00:00 +0000 UTC 0001-01-01 00:00:00 +0000 UTC  } {PodScheduled True 0001-01-01 00:00:00 +0000 UTC 2018-09-17 07:19:07 +0000 UTC  }]&#xA;Sep 19 07:32:44.105: INFO: vulnerability-advisor-rootkit-annotator-74cb65b5cf-2dk5j         10.46.6.172  Running           [{Initialized True 0001-01-01 00:00:00 +0000 UTC 2018-09-17 07:19:08 +0000 UTC  } {Ready True 0001-01-01 00:00:00 +0000 UTC 2018-09-17 07:20:26 +0000 UTC  } {ContainersReady True 0001-01-01 00:00:00 +0000 UTC 0001-01-01 00:00:00 +0000 UTC  } {PodScheduled True 0001-01-01 00:00:00 +0000 UTC 2018-09-17 07:19:07 +0000 UTC  }]&#xA;Sep 19 07:32:44.105: INFO: vulnerability-advisor-rootkit-indexer-cd8b4646b-xlhwq            10.46.6.172  Running           [{Initialized True 0001-01-01 00:00:00 +0000 UTC 2018-09-17 07:19:07 +0000 UTC  } {Ready True 0001-01-01 00:00:00 +0000 UTC 2018-09-17 07:19:26 +0000 UTC  } {ContainersReady True 0001-01-01 00:00:00 +0000 UTC 0001-01-01 00:00:00 +0000 UTC  } {PodScheduled True 0001-01-01 00:00:00 +0000 UTC 2018-09-17 07:19:06 +0000 UTC  }]&#xA;Sep 19 07:32:44.105: INFO: vulnerability-advisor-sas-apiserver-5fd8d44bc9-7bvkn             10.46.6.172  Running           [{Initialized True 0001-01-01 00:00:00 +0000 UTC 2018-09-17 07:19:09 +0000 UTC  } {Ready True 0001-01-01 00:00:00 +0000 UTC 2018-09-17 07:20:03 +0000 UTC  } {ContainersReady True 0001-01-01 00:00:00 +0000 UTC 0001-01-01 00:00:00 +0000 UTC  } {PodScheduled True 0001-01-01 00:00:00 +0000 UTC 2018-09-17 07:19:08 +0000 UTC  }]&#xA;Sep 19 07:32:44.105: INFO: vulnerability-advisor-sas-mgmt-64fb95bc44-j9vjc                  10.46.6.172  Running           [{Initialized True 0001-01-01 00:00:00 +0000 UTC 2018-09-17 07:19:08 +0000 UTC  } {Ready True 0001-01-01 00:00:00 +0000 UTC 2018-09-17 07:19:39 +0000 UTC  } {ContainersReady True 0001-01-01 00:00:00 +0000 UTC 0001-01-01 00:00:00 +0000 UTC  } {PodScheduled True 0001-01-01 00:00:00 +0000 UTC 2018-09-17 07:19:08 +0000 UTC  }]&#xA;Sep 19 07:32:44.105: INFO: vulnerability-advisor-secconfig-annotator-7dbcf5d9f4-fkmkb       10.46.6.172  Running           [{Initialized True 0001-01-01 00:00:00 +0000 UTC 2018-09-17 07:19:10 +0000 UTC  } {Ready True 0001-01-01 00:00:00 +0000 UTC 2018-09-17 07:19:45 +0000 UTC  } {ContainersReady True 0001-01-01 00:00:00 +0000 UTC 0001-01-01 00:00:00 +0000 UTC  } {PodScheduled True 0001-01-01 00:00:00 +0000 UTC 2018-09-17 07:19:08 +0000 UTC  }]&#xA;Sep 19 07:32:44.106: INFO: vulnerability-advisor-secconfig-indexer-674647df7c-qq5ff         10.46.6.172  Running           [{Initialized True 0001-01-01 00:00:00 +0000 UTC 2018-09-17 07:19:07 +0000 UTC  } {Ready True 0001-01-01 00:00:00 +0000 UTC 2018-09-17 07:19:33 +0000 UTC  } {ContainersReady True 0001-01-01 00:00:00 +0000 UTC 0001-01-01 00:00:00 +0000 UTC  } {PodScheduled True 0001-01-01 00:00:00 +0000 UTC 2018-09-17 07:19:06 +0000 UTC  }]&#xA;Sep 19 07:32:44.106: INFO: vulnerability-advisor-statsd-7746859df4-jjm6f                    10.46.6.172  Running           [{Initialized True 0001-01-01 00:00:00 +0000 UTC 2018-09-17 07:19:10 +0000 UTC  } {Ready True 0001-01-01 00:00:00 +0000 UTC 2018-09-17 07:19:38 +0000 UTC  } {ContainersReady True 0001-01-01 00:00:00 +0000 UTC 0001-01-01 00:00:00 +0000 UTC  } {PodScheduled True 0001-01-01 00:00:00 +0000 UTC 2018-09-17 07:19:09 +0000 UTC  }]&#xA;Sep 19 07:32:44.106: INFO: vulnerability-advisor-usncrawler-8h976                           10.46.6.172  Succeeded         [{Initialized True 0001-01-01 00:00:00 +0000 UTC 2018-09-17 07:19:11 +0000 UTC PodCompleted } {Ready False 0001-01-01 00:00:00 +0000 UTC 2018-09-17 07:24:06 +0000 UTC PodCompleted } {ContainersReady False 0001-01-01 00:00:00 +0000 UTC 0001-01-01 00:00:00 +0000 UTC PodCompleted } {PodScheduled True 0001-01-01 00:00:00 +0000 UTC 2018-09-17 07:19:11 +0000 UTC  }]&#xA;Sep 19 07:32:44.106: INFO: vulnerability-advisor-vulnerability-annotator-bcbf5595f-hxwst    10.46.6.172  Running           [{Initialized True 0001-01-01 00:00:00 +0000 UTC 2018-09-17 07:19:10 +0000 UTC  } {Ready True 0001-01-01 00:00:00 +0000 UTC 2018-09-17 07:20:29 +0000 UTC  } {ContainersReady True 0001-01-01 00:00:00 +0000 UTC 0001-01-01 00:00:00 +0000 UTC  } {PodScheduled True 0001-01-01 00:00:00 +0000 UTC 2018-09-17 07:19:09 +0000 UTC  }]&#xA;Sep 19 07:32:44.106: INFO: vulnerability-advisor-vulnerability-indexer-7c79b4c964-2n8cg     10.46.6.172  Running           [{Initialized True 0001-01-01 00:00:00 +0000 UTC 2018-09-17 07:19:07 +0000 UTC  } {Ready True 0001-01-01 00:00:00 +0000 UTC 2018-09-17 07:19:37 +0000 UTC  } {ContainersReady True 0001-01-01 00:00:00 +0000 UTC 0001-01-01 00:00:00 +0000 UTC  } {PodScheduled True 0001-01-01 00:00:00 +0000 UTC 2018-09-17 07:19:06 +0000 UTC  }]&#xA;Sep 19 07:32:44.106: INFO: vulnerability-advisor-zookeeper-0                                10.46.6.172  Running           [{Initialized True 0001-01-01 00:00:00 +0000 UTC 2018-09-17 07:19:15 +0000 UTC  } {Ready True 0001-01-01 00:00:00 +0000 UTC 2018-09-17 07:20:10 +0000 UTC  } {ContainersReady True 0001-01-01 00:00:00 +0000 UTC 0001-01-01 00:00:00 +0000 UTC  } {PodScheduled True 0001-01-01 00:00:00 +0000 UTC 2018-09-17 07:19:14 +0000 UTC  }]&#xA;Sep 19 07:32:44.106: INFO: &#xA;Sep 19 07:32:44.111: INFO: &#xA;Logging node info for node 10.46.6.170&#xA;Sep 19 07:32:44.115: INFO: Node Info: &amp;Node{ObjectMeta:k8s_io_apimachinery_pkg_apis_meta_v1.ObjectMeta{Name:10.46.6.170,GenerateName:,Namespace:,SelfLink:/api/v1/nodes/10.46.6.170,UID:0c4508eb-ba48-11e8-b20e-fa163e707b2e,ResourceVersion:455685,Generation:0,CreationTimestamp:2018-09-17 07:05:24 +0000 UTC,DeletionTimestamp:&lt;nil&gt;,DeletionGracePeriodSeconds:nil,Labels:map[string]string{beta.kubernetes.io/arch: amd64,beta.kubernetes.io/os: linux,kubernetes.io/hostname: 10.46.6.170,node-role.kubernetes.io/worker: true,},Annotations:map[string]string{node.alpha.kubernetes.io/ttl: 0,volumes.kubernetes.io/controller-managed-attach-detach: true,},OwnerReferences:[],Finalizers:[],ClusterName:,Initializers:nil,},Spec:NodeSpec{PodCIDR:,DoNotUse_ExternalID:,ProviderID:,Unschedulable:false,Taints:[],ConfigSource:nil,},Status:NodeStatus{Capacity:ResourceList{cpu: {{8 0} {&lt;nil&gt;} 8 DecimalSI},ephemeral-storage: {{107362627584 0} {&lt;nil&gt;} 104846316Ki BinarySI},hugepages-1Gi: {{0 0} {&lt;nil&gt;} 0 DecimalSI},hugepages-2Mi: {{0 0} {&lt;nil&gt;} 0 DecimalSI},memory: {{16825630720 0} {&lt;nil&gt;}  BinarySI},pods: {{80 0} {&lt;nil&gt;} 80 DecimalSI},},Allocatable:ResourceList{cpu: {{8 0} {&lt;nil&gt;} 8 DecimalSI},ephemeral-storage: {{96626364666 0} {&lt;nil&gt;} 96626364666 DecimalSI},hugepages-1Gi: {{0 0} {&lt;nil&gt;} 0 DecimalSI},hugepages-2Mi: {{0 0} {&lt;nil&gt;} 0 DecimalSI},memory: {{16720773120 0} {&lt;nil&gt;}  BinarySI},pods: {{80 0} {&lt;nil&gt;} 80 DecimalSI},},Phase:,Conditions:[{OutOfDisk False 2018-09-19 07:32:38 +0000 UTC 2018-09-17 07:05:24 +0000 UTC KubeletHasSufficientDisk kubelet has sufficient disk space available} {MemoryPressure False 2018-09-19 07:32:38 +0000 UTC 2018-09-17 07:05:24 +0000 UTC KubeletHasSufficientMemory kubelet has sufficient memory available} {DiskPressure False 2018-09-19 07:32:38 +0000 UTC 2018-09-17 07:05:24 +0000 UTC KubeletHasNoDiskPressure kubelet has no disk pressure} {PIDPressure False 2018-09-19 07:32:38 +0000 UTC 2018-09-17 07:05:24 +0000 UTC KubeletHasSufficientPID kubelet has sufficient PID available} {Ready True 2018-09-19 07:32:38 +0000 UTC 2018-09-17 07:06:04 +0000 UTC KubeletReady kubelet is posting ready status}],Addresses:[{InternalIP 10.46.6.170} {Hostname 10.46.6.170}],DaemonEndpoints:NodeDaemonEndpoints{KubeletEndpoint:DaemonEndpoint{Port:10250,},},NodeInfo:NodeSystemInfo{MachineID:52ca0d2c3fb341c79b059a96d10571a6,SystemUUID:B2A91A2D-0576-4E7B-AEBA-AE95FFDDF786,BootID:ae0d54c3-4892-49fd-b5c7-ca2077060a4b,KernelVersion:3.10.0-862.9.1.el7.x86_64,OSImage:Red Hat Enterprise Linux,ContainerRuntimeVersion:docker://18.3.1,KubeletVersion:v1.11.1+icp-ee,KubeProxyVersion:v1.11.1+icp-ee,OperatingSystem:linux,Architecture:amd64,},Images:[{[lzj.icp:8500/ibmcom/live-crawler@sha256:1a648615e7b439f093697f65350262823e6c711c4b21ea81596ced1c28a48133 lzj.icp:8500/ibmcom/live-crawler:1.3.1] 987515538} {[lzj.icp:8500/ibmcom/hyperkube@sha256:9fbddbf2d04354912c8a981395493d250474cb9fa587fa91119e69467078b180 lzj.icp:8500/ibmcom/hyperkube:v1.11.1-ee] 782626408} {[gcr.io/heptio-images/kube-conformance@sha256:5482c7f5f7b874c5c6caec6ddef5406f19a52a2c3a36897cadf0a8f78ab57982 gcr.io/heptio-images/kube-conformance:latest] 532182058} {[open-liberty@sha256:e962af00796d50687a4ac71d5e8ab046696c314b4a84617b0d216b671519df31 open-liberty:latest] 500884023} {[lzj.icp:8500/ibmcom/icp-filebeat@sha256:72669dde64d7ab85bbb9e93428efe548b2693a4eae5168a4705f6e30cd20e584 lzj.icp:8500/ibmcom/icp-filebeat:5.5.1] 317104874} {[lzj.icp:8500/ibmcom/fluentd@sha256:f85a5ffd86438f1a73d04caf6e33ef3474675d9fa0947431f4d0a9602fc981af lzj.icp:8500/ibmcom/fluentd:v1.2.2-icp] 270902701} {[lzj.icp:8500/ibmcom/calico-node@sha256:85a23d8030137d49663d3d82844a61998331606de9fc523dfdd0a75be7fb9828 lzj.icp:8500/ibmcom/calico-node:v3.1.3] 248202699} {[lzj.icp:8500/ibmcom/nvidia-device-plugin@sha256:2d57caa41994d1e0b3d952526a651f8da487e068874d1075f915fa48ad969ba6 lzj.icp:8500/ibmcom/nvidia-device-plugin:1.0] 132413452} {[lzj.icp:8500/ibmcom/metering-data-manager@sha256:97803f4458c6f6ca62076cf6958cb8ab98cf9ffed7cd4977550eeaa6db8ead70 lzj.icp:8500/ibmcom/metering-data-manager:3.1.0] 121942877} {[lzj.icp:8500/ibmcom/icp-management-ingress@sha256:259a9d288f5ee4f169c618b6d870b5ae38b954a3bf69f3f392523b1aaa9f4001 lzj.icp:8500/ibmcom/icp-management-ingress:2.2.1] 80410712} {[lzj.icp:8500/ibmcom/calico-cni@sha256:b56c2d3e62bd02f15dd5ec335c25ac81bb39d214e904525227640790686855d7 lzj.icp:8500/ibmcom/calico-cni:v3.1.3] 68849270} {[gcr.io/heptio-images/sonobuoy@sha256:165df6f635ddd0088ed6686e07ffb47f8dd17fdba153f61dbec9aa80c0d2e0b8 gcr.io/heptio-images/sonobuoy:latest gcr.io/heptio-images/sonobuoy:v0.11.6] 33401240} {[gcr.io/kubernetes-e2e-test-images/nettest-amd64@sha256:f2d3eba3ae2043c51389935be4bf41b2b0e60fd7220b9ba9cbc51eceaa74b2b4 gcr.io/kubernetes-e2e-test-images/nettest-amd64:1.0] 27413498} {[lzj.icp:8500/ibmcom/node-exporter@sha256:b24db452b1a0bf46abba095162d0fbc89ea40eeabbfe43ae01dab54107ecff0e lzj.icp:8500/ibmcom/node-exporter:v0.16.0] 22915749} {[gcr.io/kubernetes-e2e-test-images/hostexec-amd64@sha256:e1dadb772c6132e3587fc41b8c07facd81ee7c4e74508891b5d98d45b85462e9 gcr.io/kubernetes-e2e-test-images/hostexec-amd64:1.1] 8490662} {[gcr.io/kubernetes-e2e-test-images/netexec-amd64@sha256:da1c165175d5589ed70384e406a0291b6f76d53fc99e2c31ae23003e11e5bfde gcr.io/kubernetes-e2e-test-images/netexec-amd64:1.0] 6713741} {[gcr.io/kubernetes-e2e-test-images/serve-hostname-amd64@sha256:2dd4032e98a0450d95a0ac71a5e465f542a900812d8c41bc6ca635aed1a5fc91 gcr.io/kubernetes-e2e-test-images/serve-hostname-amd64:1.0] 5470001} {[gcr.io/kubernetes-e2e-test-images/mounttest-amd64@sha256:e3e75014e6df02dc21e6fb95f93b989a2ff8a91f36ae88d74eccbabaa21fc211 gcr.io/kubernetes-e2e-test-images/mounttest-amd64:1.0] 1563521} {[gcr.io/kubernetes-e2e-test-images/mounttest-user-amd64@sha256:1ac490f1442cad4b1c886527470393c71302cc62f5e3304fb08854403cbc68dc gcr.io/kubernetes-e2e-test-images/mounttest-user-amd64:1.0] 1450451} {[busybox@sha256:cb63aa0641a885f54de20f61d152187419e8f6b159ed11a251a09d115fdff9bd busybox:latest] 1162769} {[lzj.icp:8500/ibmcom/pause@sha256:8a18035491d4fbbe481be5eac11819315ec94677ab465608d052d87b3cdcff7f lzj.icp:8500/ibmcom/pause:3.1] 742472}],VolumesInUse:[],VolumesAttached:[],Config:&amp;NodeConfigStatus{Assigned:nil,Active:nil,LastKnownGood:nil,Error:,},},}&#xA;Sep 19 07:32:44.115: INFO: &#xA;Logging kubelet events for node 10.46.6.170&#xA;Sep 19 07:32:44.119: INFO: &#xA;Logging pods the kubelet thinks is on node 10.46.6.170&#xA;Sep 19 07:32:44.131: INFO: monitoring-prometheus-nodeexporter-tpbc8 started at 2018-09-17 07:15:44 +0000 UTC (0+2 container statuses recorded)&#xA;Sep 19 07:32:44.131: INFO: &#x9;Container nodeexporter ready: true, restart count 0&#xA;Sep 19 07:32:44.131: INFO: &#x9;Container router ready: true, restart count 0&#xA;Sep 19 07:32:44.131: INFO: audit-logging-fluentd-ds-4cgnk started at 2018-09-17 07:18:46 +0000 UTC (0+1 container statuses recorded)&#xA;Sep 19 07:32:44.131: INFO: &#x9;Container fluentd ready: true, restart count 0&#xA;Sep 19 07:32:44.131: INFO: vulnerability-advisor-process-ma-crawler-5g4zk started at 2018-09-17 07:19:03 +0000 UTC (0+1 container statuses recorded)&#xA;Sep 19 07:32:44.131: INFO: &#x9;Container process-ma-crawler ready: true, restart count 0&#xA;Sep 19 07:32:44.131: INFO: my-ibm-open-liberty-ibm-7f7d9778d7-7t5jc started at 2018-09-17 08:22:24 +0000 UTC (0+1 container statuses recorded)&#xA;Sep 19 07:32:44.131: INFO: &#x9;Container ibm-open-liberty ready: true, restart count 0&#xA;Sep 19 07:32:44.131: INFO: k8s-proxy-10.46.6.170 started at &lt;nil&gt; (0+0 container statuses recorded)&#xA;Sep 19 07:32:44.131: INFO: calico-node-htf97 started at 2018-09-17 07:05:53 +0000 UTC (0+2 container statuses recorded)&#xA;Sep 19 07:32:44.131: INFO: &#x9;Container calico-node ready: true, restart count 0&#xA;Sep 19 07:32:44.131: INFO: &#x9;Container install-cni ready: true, restart count 0&#xA;Sep 19 07:32:44.131: INFO: logging-elk-filebeat-ds-jtd5q started at 2018-09-17 07:15:20 +0000 UTC (0+1 container statuses recorded)&#xA;Sep 19 07:32:44.131: INFO: &#x9;Container filebeat ready: true, restart count 0&#xA;Sep 19 07:32:44.131: INFO: sonobuoy started at 2018-09-19 07:22:02 +0000 UTC (0+1 container statuses recorded)&#xA;Sep 19 07:32:44.131: INFO: &#x9;Container kube-sonobuoy ready: true, restart count 0&#xA;Sep 19 07:32:44.131: INFO: nvidia-device-plugin-9h2k4 started at 2018-09-17 07:07:17 +0000 UTC (1+1 container statuses recorded)&#xA;Sep 19 07:32:44.131: INFO: &#x9;Init container nvidia-driver-collector ready: true, restart count 0&#xA;Sep 19 07:32:44.131: INFO: &#x9;Container nvidia-device-plugin ready: true, restart count 0&#xA;Sep 19 07:32:44.131: INFO: metering-reader-44wd7 started at 2018-09-17 07:14:11 +0000 UTC (1+1 container statuses recorded)&#xA;Sep 19 07:32:44.131: INFO: &#x9;Init container metering-reader-init ready: true, restart count 1&#xA;Sep 19 07:32:44.131: INFO: &#x9;Container metering-reader ready: true, restart count 0&#xA;Sep 19 07:32:44.131: INFO: vulnerability-advisor-live-crawler-ccxd7 started at 2018-09-17 07:19:03 +0000 UTC (0+1 container statuses recorded)&#xA;Sep 19 07:32:44.131: INFO: &#x9;Container live-crawler ready: true, restart count 0&#xA;Sep 19 07:32:44.131: INFO: sonobuoy-e2e-job-c3f9b53ea97c48a2 started at 2018-09-19 07:22:08 +0000 UTC (0+2 container statuses recorded)&#xA;Sep 19 07:32:44.131: INFO: &#x9;Container e2e ready: true, restart count 0&#xA;Sep 19 07:32:44.131: INFO: &#x9;Container sonobuoy-worker ready: true, restart count 0&#xA;Sep 19 07:32:44.179: INFO: &#xA;Latency metrics for node 10.46.6.170&#xA;Sep 19 07:32:44.179: INFO: {Operation:stop_container Method:docker_operations_latency_microseconds Quantile:0.99 Latency:30.348028s}&#xA;Sep 19 07:32:44.179: INFO: &#xA;Logging node info for node 10.46.6.171&#xA;Sep 19 07:32:44.197: INFO: Node Info: &amp;Node{ObjectMeta:k8s_io_apimachinery_pkg_apis_meta_v1.ObjectMeta{Name:10.46.6.171,GenerateName:,Namespace:,SelfLink:/api/v1/nodes/10.46.6.171,UID:0c79152a-ba48-11e8-b20e-fa163e707b2e,ResourceVersion:455676,Generation:0,CreationTimestamp:2018-09-17 07:05:24 +0000 UTC,DeletionTimestamp:&lt;nil&gt;,DeletionGracePeriodSeconds:nil,Labels:map[string]string{beta.kubernetes.io/arch: amd64,beta.kubernetes.io/os: linux,kubernetes.io/hostname: 10.46.6.171,management: true,node-role.kubernetes.io/management: true,},Annotations:map[string]string{node.alpha.kubernetes.io/ttl: 0,volumes.kubernetes.io/controller-managed-attach-detach: true,},OwnerReferences:[],Finalizers:[],ClusterName:,Initializers:nil,},Spec:NodeSpec{PodCIDR:,DoNotUse_ExternalID:,ProviderID:,Unschedulable:false,Taints:[{dedicated management NoSchedule &lt;nil&gt;}],ConfigSource:nil,},Status:NodeStatus{Capacity:ResourceList{cpu: {{8 0} {&lt;nil&gt;} 8 DecimalSI},ephemeral-storage: {{107362627584 0} {&lt;nil&gt;} 104846316Ki BinarySI},hugepages-1Gi: {{0 0} {&lt;nil&gt;} 0 DecimalSI},hugepages-2Mi: {{0 0} {&lt;nil&gt;} 0 DecimalSI},memory: {{16825630720 0} {&lt;nil&gt;}  BinarySI},pods: {{80 0} {&lt;nil&gt;} 80 DecimalSI},},Allocatable:ResourceList{cpu: {{8 0} {&lt;nil&gt;} 8 DecimalSI},ephemeral-storage: {{107257769984 0} {&lt;nil&gt;} 104743916Ki BinarySI},hugepages-1Gi: {{0 0} {&lt;nil&gt;} 0 DecimalSI},hugepages-2Mi: {{0 0} {&lt;nil&gt;} 0 DecimalSI},memory: {{16720773120 0} {&lt;nil&gt;}  BinarySI},pods: {{80 0} {&lt;nil&gt;} 80 DecimalSI},},Phase:,Conditions:[{OutOfDisk False 2018-09-19 07:32:35 +0000 UTC 2018-09-17 07:05:24 +0000 UTC KubeletHasSufficientDisk kubelet has sufficient disk space available} {MemoryPressure False 2018-09-19 07:32:35 +0000 UTC 2018-09-17 07:05:24 +0000 UTC KubeletHasSufficientMemory kubelet has sufficient memory available} {DiskPressure False 2018-09-19 07:32:35 +0000 UTC 2018-09-17 07:05:24 +0000 UTC KubeletHasNoDiskPressure kubelet has no disk pressure} {PIDPressure False 2018-09-19 07:32:35 +0000 UTC 2018-09-17 07:05:24 +0000 UTC KubeletHasSufficientPID kubelet has sufficient PID available} {Ready True 2018-09-19 07:32:35 +0000 UTC 2018-09-17 07:06:05 +0000 UTC KubeletReady kubelet is posting ready status}],Addresses:[{InternalIP 10.46.6.171} {Hostname 10.46.6.171}],DaemonEndpoints:NodeDaemonEndpoints{KubeletEndpoint:DaemonEndpoint{Port:10250,},},NodeInfo:NodeSystemInfo{MachineID:52ca0d2c3fb341c79b059a96d10571a6,SystemUUID:00401CD1-AB88-4341-9CDC-C9648BFB2B56,BootID:706dbc67-f432-47c3-840e-f599801336c8,KernelVersion:3.10.0-862.9.1.el7.x86_64,OSImage:Red Hat Enterprise Linux,ContainerRuntimeVersion:docker://18.3.1,KubeletVersion:v1.11.1+icp-ee,KubeProxyVersion:v1.11.1+icp-ee,OperatingSystem:linux,Architecture:amd64,},Images:[{[lzj.icp:8500/ibmcom/live-crawler@sha256:1a648615e7b439f093697f65350262823e6c711c4b21ea81596ced1c28a48133 lzj.icp:8500/ibmcom/live-crawler:1.3.1] 987515538} {[lzj.icp:8500/ibmcom/hyperkube@sha256:9fbddbf2d04354912c8a981395493d250474cb9fa587fa91119e69467078b180 lzj.icp:8500/ibmcom/hyperkube:v1.11.1-ee] 782626408} {[lzj.icp:8500/ibmcom/icp-logstash@sha256:a182a00827aefe7f5f95b18fa1ec8f6897989290b37f3d98bd6440ddda796433 lzj.icp:8500/ibmcom/icp-logstash:5.5.1] 764906887} {[lzj.icp:8500/ibmcom/icp-kibana@sha256:6e2746da64a64f98c5761b87d5e185a9c2ac75c9c4e767ab284062b1847b7571 lzj.icp:8500/ibmcom/icp-kibana:5.5.1] 639622018} {[lzj.icp:8500/ibmcom/icp-elasticsearch@sha256:b410aacb6005fe24bfd87b045ea26fde3d6eb3ca52c3f0e4560cdc208944ba50 lzj.icp:8500/ibmcom/icp-elasticsearch:5.5.1] 520121248} {[lzj.icp:8500/ibmcom/logging-pki-init@sha256:21aa9cbd05a849b4891b15cf636f73545f6001f16c82f8eeed2e90b4f9312377 lzj.icp:8500/ibmcom/logging-pki-init:2.0.0] 501921135} {[lzj.icp:8500/ibmcom/searchguard-init@sha256:3d0d8a8404a9df5ad238bce1e0542cdda609cc445dfc3964952243d9fc103276 lzj.icp:8500/ibmcom/searchguard-init:2.0.0] 457030441} {[lzj.icp:8500/ibmcom/metering-ui@sha256:d6453f9afecc9b1fc778c195e20bbb39d4ef6262af2f7a9a5ce3cddc259fec99 lzj.icp:8500/ibmcom/metering-ui:3.1.0] 385577105} {[lzj.icp:8500/ibmcom/icp-filebeat@sha256:72669dde64d7ab85bbb9e93428efe548b2693a4eae5168a4705f6e30cd20e584 lzj.icp:8500/ibmcom/icp-filebeat:5.5.1] 317104874} {[lzj.icp:8500/ibmcom/fluentd@sha256:f85a5ffd86438f1a73d04caf6e33ef3474675d9fa0947431f4d0a9602fc981af lzj.icp:8500/ibmcom/fluentd:v1.2.2-icp] 270902701} {[lzj.icp:8500/ibmcom/elasticsearch-plugin-searchguard@sha256:f47116021e3eec7b2fed9f6ed8bd77fd890457e5a1546dda7f863c032d4395b1 lzj.icp:8500/ibmcom/elasticsearch-plugin-searchguard:2.0.0] 267864279} {[lzj.icp:8500/ibmcom/calico-node@sha256:85a23d8030137d49663d3d82844a61998331606de9fc523dfdd0a75be7fb9828 lzj.icp:8500/ibmcom/calico-node:v3.1.3] 248202699} {[lzj.icp:8500/ibmcom/grafana@sha256:5d2739d3ec5c7f6ea66d69caa918b764660b99a3d37cb1f4123f1a9623ce8e38 lzj.icp:8500/ibmcom/grafana:5.2.0] 245297582} {[lzj.icp:8500/ibmcom/indices-cleaner@sha256:31dac3be1246f17dddade06b517c073244ce56d85bc54135fdaf010dbb0bca10 lzj.icp:8500/ibmcom/indices-cleaner:1.0.0] 238131553} {[lzj.icp:8500/ibmcom/curl@sha256:adf92a267e351914d041a56d64ebe80331c45f8e20ab23b7ada67bea78da9996 lzj.icp:8500/ibmcom/curl:4.0.0] 221192597} {[lzj.icp:8500/ibmcom/nvidia-device-plugin@sha256:2d57caa41994d1e0b3d952526a651f8da487e068874d1075f915fa48ad969ba6 lzj.icp:8500/ibmcom/nvidia-device-plugin:1.0] 132413452} {[lzj.icp:8500/ibmcom/metering-data-manager@sha256:97803f4458c6f6ca62076cf6958cb8ab98cf9ffed7cd4977550eeaa6db8ead70 lzj.icp:8500/ibmcom/metering-data-manager:3.1.0] 121942877} {[lzj.icp:8500/ibmcom/prometheus@sha256:91cba3cbf7a61499969a8a5a27347830ed1740b2285de9ac31e231e7ce44deb7 lzj.icp:8500/ibmcom/prometheus:v2.3.1] 118818909} {[lzj.icp:8500/ibmcom/icp-management-ingress@sha256:259a9d288f5ee4f169c618b6d870b5ae38b954a3bf69f3f392523b1aaa9f4001 lzj.icp:8500/ibmcom/icp-management-ingress:2.2.1] 80410712} {[lzj.icp:8500/ibmcom/calico-cni@sha256:b56c2d3e62bd02f15dd5ec335c25ac81bb39d214e904525227640790686855d7 lzj.icp:8500/ibmcom/calico-cni:v3.1.3] 68849270} {[lzj.icp:8500/ibmcom/k8s-prometheus-adapter@sha256:cf7f0c35ff0a0ec9cf743ef87e4c951f74d3fd0b4b97925784cc857565b4d7ba lzj.icp:8500/ibmcom/k8s-prometheus-adapter:v0.2.1.1] 52134773} {[lzj.icp:8500/ibmcom/metrics-server@sha256:973b5dd33165e4856f22a9f48a9b7f5bd2f01399d6479c46212ea92336a9ca40 lzj.icp:8500/ibmcom/metrics-server:v0.2.1.1] 42541759} {[lzj.icp:8500/ibmcom/ibmcloud-image-enforcement@sha256:d29efeb868c054eead02eec72c86f690c4a8c81b95f99f22bbc873644b090e99 lzj.icp:8500/ibmcom/ibmcloud-image-enforcement:0.2.0] 40040099} {[lzj.icp:8500/ibmcom/alertmanager@sha256:f3e7d379040499e05c1377862cc8a74cd5ffed2a175bf62fc18dc07b98d6ab00 lzj.icp:8500/ibmcom/alertmanager:v0.15.0] 36095602} {[lzj.icp:8500/ibmcom/kube-state-metrics@sha256:6a574d2e4a7338abdd3d0b85dd2510cbf046cd09a70505b99513feee42d00559 lzj.icp:8500/ibmcom/kube-state-metrics:v1.3.0] 35646776} {[lzj.icp:8500/ibmcom/node-exporter@sha256:b24db452b1a0bf46abba095162d0fbc89ea40eeabbfe43ae01dab54107ecff0e lzj.icp:8500/ibmcom/node-exporter:v0.16.0] 22915749} {[lzj.icp:8500/ibmcom/configmap-reload@sha256:77a4ede137dd4980fe02c70ad189bf7b89dd1a9e134c0fe4475842fe8948f6a9 lzj.icp:8500/ibmcom/configmap-reload:v0.2.2] 22381476} {[lzj.icp:8500/ibmcom/collectd-exporter@sha256:0ef0cfb0a60f66046851bfafbfa1913814c7a4967e4e7561ce5111186338f6d9 lzj.icp:8500/ibmcom/collectd-exporter:v0.4.0] 13695364} {[lzj.icp:8500/ibmcom/elasticsearch-exporter@sha256:27806a00f45314a1c06af096236004020a98202edbbce81d993aadfaca0c66a0 lzj.icp:8500/ibmcom/elasticsearch-exporter:1.0.2] 9202086} {[lzj.icp:8500/ibmcom/icp-initcontainer@sha256:c1b9397380303cfc23505576a19859c7e26936f80a26bb4fae95ef68e7775de8 lzj.icp:8500/ibmcom/icp-initcontainer:1.0.0] 3965926} {[lzj.icp:8500/ibmcom/pause@sha256:8a18035491d4fbbe481be5eac11819315ec94677ab465608d052d87b3cdcff7f lzj.icp:8500/ibmcom/pause:3.1] 742472}],VolumesInUse:[],VolumesAttached:[],Config:&amp;NodeConfigStatus{Assigned:nil,Active:nil,LastKnownGood:nil,Error:,},},}&#xA;Sep 19 07:32:44.198: INFO: &#xA;Logging kubelet events for node 10.46.6.171&#xA;Sep 19 07:32:44.202: INFO: &#xA;Logging pods the kubelet thinks is on node 10.46.6.171&#xA;Sep 19 07:32:44.225: INFO: logging-elk-kibana-ff4db4866-s2295 started at 2018-09-17 07:15:21 +0000 UTC (0+2 container statuses recorded)&#xA;Sep 19 07:32:44.225: INFO: &#x9;Container kibana ready: true, restart count 0&#xA;Sep 19 07:32:44.225: INFO: &#x9;Container router ready: true, restart count 0&#xA;Sep 19 07:32:44.225: INFO: monitoring-prometheus-nodeexporter-9fnpb started at 2018-09-17 07:15:44 +0000 UTC (0+2 container statuses recorded)&#xA;Sep 19 07:32:44.225: INFO: &#x9;Container nodeexporter ready: true, restart count 0&#xA;Sep 19 07:32:44.225: INFO: &#x9;Container router ready: true, restart count 0&#xA;Sep 19 07:32:44.225: INFO: monitoring-prometheus-kubestatemetrics-54dcbb6cfb-76zmm started at 2018-09-17 07:15:45 +0000 UTC (0+2 container statuses recorded)&#xA;Sep 19 07:32:44.225: INFO: &#x9;Container kubestatemetrics ready: true, restart count 0&#xA;Sep 19 07:32:44.225: INFO: &#x9;Container router ready: true, restart count 0&#xA;Sep 19 07:32:44.225: INFO: audit-logging-fluentd-ds-bc22k started at 2018-09-17 07:18:46 +0000 UTC (0+1 container statuses recorded)&#xA;Sep 19 07:32:44.225: INFO: &#x9;Container fluentd ready: true, restart count 0&#xA;Sep 19 07:32:44.225: INFO: k8s-proxy-10.46.6.171 started at &lt;nil&gt; (0+0 container statuses recorded)&#xA;Sep 19 07:32:44.225: INFO: metrics-server-6d6695f9db-8t4xs started at 2018-09-17 07:08:51 +0000 UTC (0+1 container statuses recorded)&#xA;Sep 19 07:32:44.225: INFO: &#x9;Container metrics-server ready: true, restart count 0&#xA;Sep 19 07:32:44.225: INFO: metering-dm-8b475fc57-cmm6h started at 2018-09-17 07:14:12 +0000 UTC (1+1 container statuses recorded)&#xA;Sep 19 07:32:44.225: INFO: &#x9;Init container metering-dm-init ready: true, restart count 0&#xA;Sep 19 07:32:44.225: INFO: &#x9;Container metering-dm ready: true, restart count 0&#xA;Sep 19 07:32:44.225: INFO: logging-elk-data-0 started at 2018-09-17 07:15:21 +0000 UTC (3+1 container statuses recorded)&#xA;Sep 19 07:32:44.225: INFO: &#x9;Init container chmod ready: true, restart count 0&#xA;Sep 19 07:32:44.225: INFO: &#x9;Init container sysctl ready: true, restart count 0&#xA;Sep 19 07:32:44.225: INFO: &#x9;Init container plugin-bundle ready: true, restart count 0&#xA;Sep 19 07:32:44.225: INFO: &#x9;Container es-data ready: true, restart count 0&#xA;Sep 19 07:32:44.225: INFO: logging-elk-client-75d4d7994c-7g7fn started at 2018-09-17 07:15:21 +0000 UTC (2+3 container statuses recorded)&#xA;Sep 19 07:32:44.226: INFO: &#x9;Init container sysctl ready: true, restart count 0&#xA;Sep 19 07:32:44.226: INFO: &#x9;Init container plugin-bundle ready: true, restart count 0&#xA;Sep 19 07:32:44.226: INFO: &#x9;Container es-client ready: true, restart count 0&#xA;Sep 19 07:32:44.226: INFO: &#x9;Container indices-cleaner ready: true, restart count 0&#xA;Sep 19 07:32:44.226: INFO: &#x9;Container router ready: true, restart count 0&#xA;Sep 19 07:32:44.226: INFO: monitoring-prometheus-alertmanager-7d8749dbb8-xj68d started at 2018-09-17 07:15:46 +0000 UTC (0+3 container statuses recorded)&#xA;Sep 19 07:32:44.226: INFO: &#x9;Container alertmanager ready: true, restart count 0&#xA;Sep 19 07:32:44.226: INFO: &#x9;Container configmap-reload ready: true, restart count 0&#xA;Sep 19 07:32:44.226: INFO: &#x9;Container router ready: true, restart count 0&#xA;Sep 19 07:32:44.226: INFO: monitoring-prometheus-collectdexporter-77575678dc-v8n2l started at 2018-09-17 07:15:46 +0000 UTC (0+2 container statuses recorded)&#xA;Sep 19 07:32:44.226: INFO: &#x9;Container collectd-exporter ready: true, restart count 0&#xA;Sep 19 07:32:44.226: INFO: &#x9;Container router ready: true, restart count 0&#xA;Sep 19 07:32:44.226: INFO: vulnerability-advisor-live-crawler-xxz8p started at 2018-09-17 07:19:03 +0000 UTC (0+1 container statuses recorded)&#xA;Sep 19 07:32:44.226: INFO: &#x9;Container live-crawler ready: true, restart count 0&#xA;Sep 19 07:32:44.226: INFO: nvidia-device-plugin-vh85n started at 2018-09-17 07:07:17 +0000 UTC (1+1 container statuses recorded)&#xA;Sep 19 07:32:44.226: INFO: &#x9;Init container nvidia-driver-collector ready: true, restart count 0&#xA;Sep 19 07:32:44.226: INFO: &#x9;Container nvidia-device-plugin ready: true, restart count 0&#xA;Sep 19 07:32:44.226: INFO: custom-metrics-adapter-64f64964b4-f9gmc started at 2018-09-17 07:14:28 +0000 UTC (1+1 container statuses recorded)&#xA;Sep 19 07:32:44.226: INFO: &#x9;Init container init-adapter ready: true, restart count 0&#xA;Sep 19 07:32:44.226: INFO: &#x9;Container custom-metrics-adapter ready: true, restart count 0&#xA;Sep 19 07:32:44.226: INFO: logging-elk-elasticsearch-tls-init-6hnl4 started at 2018-09-17 07:15:20 +0000 UTC (0+1 container statuses recorded)&#xA;Sep 19 07:32:44.226: INFO: &#x9;Container searchguard-init ready: false, restart count 0&#xA;Sep 19 07:32:44.226: INFO: logging-elk-filebeat-ds-bs86r started at 2018-09-17 07:15:20 +0000 UTC (0+1 container statuses recorded)&#xA;Sep 19 07:32:44.226: INFO: &#x9;Container filebeat ready: true, restart count 0&#xA;Sep 19 07:32:44.226: INFO: monitoring-prometheus-6677d7c77f-pnpt5 started at 2018-09-17 07:15:46 +0000 UTC (1+4 container statuses recorded)&#xA;Sep 19 07:32:44.226: INFO: &#x9;Init container init-container ready: true, restart count 0&#xA;Sep 19 07:32:44.226: INFO: &#x9;Container configmap-reload-alertrules ready: true, restart count 0&#xA;Sep 19 07:32:44.226: INFO: &#x9;Container configmap-reload-prometheus ready: true, restart count 0&#xA;Sep 19 07:32:44.226: INFO: &#x9;Container prometheus ready: true, restart count 0&#xA;Sep 19 07:32:44.226: INFO: &#x9;Container router ready: true, restart count 0&#xA;Sep 19 07:32:44.226: INFO: calico-node-gpm2c started at 2018-09-17 07:05:53 +0000 UTC (0+2 container statuses recorded)&#xA;Sep 19 07:32:44.226: INFO: &#x9;Container calico-node ready: true, restart count 0&#xA;Sep 19 07:32:44.226: INFO: &#x9;Container install-cni ready: true, restart count 0&#xA;Sep 19 07:32:44.226: INFO: metering-reader-xq8f2 started at 2018-09-17 07:14:11 +0000 UTC (1+1 container statuses recorded)&#xA;Sep 19 07:32:44.226: INFO: &#x9;Init container metering-reader-init ready: true, restart count 1&#xA;Sep 19 07:32:44.226: INFO: &#x9;Container metering-reader ready: true, restart count 0&#xA;Sep 19 07:32:44.226: INFO: logging-elk-logstash-7994656f46-r89mt started at 2018-09-17 07:15:22 +0000 UTC (0+1 container statuses recorded)&#xA;Sep 19 07:32:44.226: INFO: &#x9;Container logstash ready: true, restart count 0&#xA;Sep 19 07:32:44.226: INFO: monitoring-prometheus-elasticsearchexporter-655864cccb-c6tps started at 2018-09-17 07:15:46 +0000 UTC (0+2 container statuses recorded)&#xA;Sep 19 07:32:44.226: INFO: &#x9;Container elasticsearchexporter ready: true, restart count 0&#xA;Sep 19 07:32:44.226: INFO: &#x9;Container router ready: true, restart count 0&#xA;Sep 19 07:32:44.226: INFO: vulnerability-advisor-process-ma-crawler-b7k2d started at 2018-09-17 07:19:03 +0000 UTC (0+1 container statuses recorded)&#xA;Sep 19 07:32:44.226: INFO: &#x9;Container process-ma-crawler ready: true, restart count 0&#xA;Sep 19 07:32:44.226: INFO: ibmcloud-image-enforcement-76ddccbf9f-kqmlb started at 2018-09-17 07:14:02 +0000 UTC (0+1 container statuses recorded)&#xA;Sep 19 07:32:44.226: INFO: &#x9;Container ibmcloud-image-enforcement ready: true, restart count 0&#xA;Sep 19 07:32:44.226: INFO: metering-ui-5bbfbb5d49-wkh8m started at 2018-09-17 07:14:12 +0000 UTC (1+1 container statuses recorded)&#xA;Sep 19 07:32:44.226: INFO: &#x9;Init container metering-ui-init ready: true, restart count 0&#xA;Sep 19 07:32:44.226: INFO: &#x9;Container metering-ui ready: true, restart count 0&#xA;Sep 19 07:32:44.226: INFO: logging-elk-master-6cdcf45f7d-gp28f started at 2018-09-17 07:15:21 +0000 UTC (2+1 container statuses recorded)&#xA;Sep 19 07:32:44.226: INFO: &#x9;Init container sysctl ready: true, restart count 0&#xA;Sep 19 07:32:44.226: INFO: &#x9;Init container plugin-bundle ready: true, restart count 0&#xA;Sep 19 07:32:44.226: INFO: &#x9;Container es-master ready: true, restart count 0&#xA;Sep 19 07:32:44.226: INFO: monitoring-grafana-548b947c8c-dh89z started at 2018-09-17 07:15:46 +0000 UTC (1+2 container statuses recorded)&#xA;Sep 19 07:32:44.226: INFO: &#x9;Init container init-container ready: true, restart count 0&#xA;Sep 19 07:32:44.226: INFO: &#x9;Container grafana ready: true, restart count 0&#xA;Sep 19 07:32:44.226: INFO: &#x9;Container router ready: true, restart count 0&#xA;Sep 19 07:32:44.277: INFO: &#xA;Latency metrics for node 10.46.6.171&#xA;Sep 19 07:32:44.277: INFO: &#xA;Logging node info for node 10.46.6.172&#xA;Sep 19 07:32:44.282: INFO: Node Info: &amp;Node{ObjectMeta:k8s_io_apimachinery_pkg_apis_meta_v1.ObjectMeta{Name:10.46.6.172,GenerateName:,Namespace:,SelfLink:/api/v1/nodes/10.46.6.172,UID:0c6032ef-ba48-11e8-b20e-fa163e707b2e,ResourceVersion:455687,Generation:0,CreationTimestamp:2018-09-17 07:05:24 +0000 UTC,DeletionTimestamp:&lt;nil&gt;,DeletionGracePeriodSeconds:nil,Labels:map[string]string{beta.kubernetes.io/arch: amd64,beta.kubernetes.io/os: linux,kubernetes.io/hostname: 10.46.6.172,node-role.kubernetes.io/va: true,va: true,},Annotations:map[string]string{node.alpha.kubernetes.io/ttl: 0,volumes.kubernetes.io/controller-managed-attach-detach: true,},OwnerReferences:[],Finalizers:[],ClusterName:,Initializers:nil,},Spec:NodeSpec{PodCIDR:,DoNotUse_ExternalID:,ProviderID:,Unschedulable:false,Taints:[{dedicated va NoSchedule &lt;nil&gt;}],ConfigSource:nil,},Status:NodeStatus{Capacity:ResourceList{cpu: {{8 0} {&lt;nil&gt;} 8 DecimalSI},ephemeral-storage: {{107362627584 0} {&lt;nil&gt;} 104846316Ki BinarySI},hugepages-1Gi: {{0 0} {&lt;nil&gt;} 0 DecimalSI},hugepages-2Mi: {{0 0} {&lt;nil&gt;} 0 DecimalSI},memory: {{16825622528 0} {&lt;nil&gt;}  BinarySI},pods: {{80 0} {&lt;nil&gt;} 80 DecimalSI},},Allocatable:ResourceList{cpu: {{8 0} {&lt;nil&gt;} 8 DecimalSI},ephemeral-storage: {{107257769984 0} {&lt;nil&gt;} 104743916Ki BinarySI},hugepages-1Gi: {{0 0} {&lt;nil&gt;} 0 DecimalSI},hugepages-2Mi: {{0 0} {&lt;nil&gt;} 0 DecimalSI},memory: {{16720764928 0} {&lt;nil&gt;}  BinarySI},pods: {{80 0} {&lt;nil&gt;} 80 DecimalSI},},Phase:,Conditions:[{OutOfDisk False 2018-09-19 07:32:39 +0000 UTC 2018-09-17 07:05:24 +0000 UTC KubeletHasSufficientDisk kubelet has sufficient disk space available} {MemoryPressure False 2018-09-19 07:32:39 +0000 UTC 2018-09-17 07:05:24 +0000 UTC KubeletHasSufficientMemory kubelet has sufficient memory available} {DiskPressure False 2018-09-19 07:32:39 +0000 UTC 2018-09-17 07:05:24 +0000 UTC KubeletHasNoDiskPressure kubelet has no disk pressure} {PIDPressure False 2018-09-19 07:32:39 +0000 UTC 2018-09-17 07:05:24 +0000 UTC KubeletHasSufficientPID kubelet has sufficient PID available} {Ready True 2018-09-19 07:32:39 +0000 UTC 2018-09-17 07:06:04 +0000 UTC KubeletReady kubelet is posting ready status}],Addresses:[{InternalIP 10.46.6.172} {Hostname 10.46.6.172}],DaemonEndpoints:NodeDaemonEndpoints{KubeletEndpoint:DaemonEndpoint{Port:10250,},},NodeInfo:NodeSystemInfo{MachineID:52ca0d2c3fb341c79b059a96d10571a6,SystemUUID:3D48E3C5-99D8-4CA3-9AB5-A8540613166F,BootID:d81d494e-264a-48ce-a4f2-76b16f6ece1f,KernelVersion:3.10.0-862.9.1.el7.x86_64,OSImage:Red Hat Enterprise Linux,ContainerRuntimeVersion:docker://18.3.1,KubeletVersion:v1.11.1+icp-ee,KubeProxyVersion:v1.11.1+icp-ee,OperatingSystem:linux,Architecture:amd64,},Images:[{[lzj.icp:8500/ibmcom/statsd-amd64@sha256:5ee11bc24bced45a77d9d630348680f319c09d9d3b2230b04518d1e2a5263ae2 lzj.icp:8500/ibmcom/statsd@sha256:af7a9d0c4f029d0247da41f67c7e87f3655175962b79a189a6a9ace0ff841049 lzj.icp:8500/ibmcom/statsd-amd64:0.7.2.1 lzj.icp:8500/ibmcom/statsd:0.7.2.1] 1234731808} {[lzj.icp:8500/ibmcom/kafka-amd64@sha256:0d6d348ccd7aa2854d60791331280e58db92029a522c8bfb3eb40c7c0913ca8f lzj.icp:8500/ibmcom/kafka@sha256:f0b4a833c3da439cadb783bb9cb578f96b1328557b8402a98f01c5c21497d93a lzj.icp:8500/ibmcom/kafka-amd64:0.10.0.2 lzj.icp:8500/ibmcom/kafka:0.10.0.2] 1114805679} {[lzj.icp:8500/ibmcom/iam-token-service-amd64@sha256:9211161e5b5b9d892a99b46fad4429333ceb7143b4039419df7ea0efa36381a9 lzj.icp:8500/ibmcom/iam-token-service@sha256:1b9308e68de93b43e9a85c0e005d80d423e88db7d88ee7114a80b2fade7a78ed lzj.icp:8500/ibmcom/iam-token-service-amd64:3.1.0 lzj.icp:8500/ibmcom/iam-token-service:3.1.0] 1051060152} {[lzj.icp:8500/ibmcom/icp-platform-auth-amd64@sha256:abc258009b8696a83214b7a9d9df63f6d83e19cfca2987c4836b0eadfa4c99c7 lzj.icp:8500/ibmcom/icp-platform-auth@sha256:c544b90a099b6c29ba4ee7f2ad4dded1277c948a0826b38ebe3250cdc7d1529c lzj.icp:8500/ibmcom/icp-platform-auth-amd64:3.1.0 lzj.icp:8500/ibmcom/icp-platform-auth:3.1.0] 1028283742} {[lzj.icp:8500/ibmcom/reg-crawler-amd64@sha256:9e5d4ebbac3dd6cbf9f892b5bd634f89fae3d4b2e6a23debd3ecd322e3eb817e lzj.icp:8500/ibmcom/reg-crawler@sha256:a9033d9cb2406d11c616fdfedc9bc56bc4ef970bd0a7b02899b3e5c1b353799b lzj.icp:8500/ibmcom/reg-crawler-amd64:1.3.1 lzj.icp:8500/ibmcom/reg-crawler:1.3.1] 1007817363} {[lzj.icp:8500/ibmcom/live-crawler-amd64@sha256:37a79ec87bd3c8b9af25cf1e25f4f14281ffb9f5ebeaf61c0b7c8a5799baf782 lzj.icp:8500/ibmcom/live-crawler@sha256:1a648615e7b439f093697f65350262823e6c711c4b21ea81596ced1c28a48133 lzj.icp:8500/ibmcom/live-crawler-amd64:1.3.1 lzj.icp:8500/ibmcom/live-crawler:1.3.1] 987515538} {[lzj.icp:8500/ibmcom/cos-indexer-amd64@sha256:adf28ff960ebdcbfcfa5e4522b81aa3565338f8d640dad611a1c3f0d3894393b lzj.icp:8500/ibmcom/cos-indexer@sha256:bb31dc8ef37e8482b2b9dedc0e54f46f7d3c678b22a3130eca9dde80fed65df1 lzj.icp:8500/ibmcom/cos-indexer-amd64:1.3.1 lzj.icp:8500/ibmcom/cos-indexer:1.3.1] 846578165} {[lzj.icp:8500/ibmcom/secure-config-annotator-amd64@sha256:26e845c6a252e0c5ae73e764645993b3270e289d1a2e9784b06ddd7898ca45d9 lzj.icp:8500/ibmcom/secure-config-annotator@sha256:cfaadd13c4ef4bdc937d296faff78e98473be8c9c6ae6b4a38927c952948914f lzj.icp:8500/ibmcom/secure-config-annotator-amd64:1.3.1 lzj.icp:8500/ibmcom/secure-config-annotator:1.3.1] 835555196} {[lzj.icp:8500/ibmcom/hyperkube-amd64@sha256:9eaadf7c2a417ee2a9a219e2eadf21884742199a484be2ca737f0e8a178d490a lzj.icp:8500/ibmcom/hyperkube@sha256:9fbddbf2d04354912c8a981395493d250474cb9fa587fa91119e69467078b180 lzj.icp:8500/ibmcom/hyperkube-amd64:v1.11.1-ee lzj.icp:8500/ibmcom/hyperkube:v1.11.1-ee] 782626408} {[lzj.icp:8500/ibmcom/compliance-annotator-amd64@sha256:5d8bbbef3a7dc54ba9addb256d2aa8a3f7d5c27a454ff4b7ee583b217dac2ce4 lzj.icp:8500/ibmcom/compliance-annotator@sha256:be00ccb777b1e90601cc563112e32ae831b0fb7d4933f1aa3c49379cabe41c3f lzj.icp:8500/ibmcom/compliance-annotator-amd64:1.3.1 lzj.icp:8500/ibmcom/compliance-annotator:1.3.1] 773932738} {[lzj.icp:8500/ibmcom/icp-logstash-amd64@sha256:02a683ee6ad9eeed7ea8ebb1de713aaf902a9e20a39ccc0294ee1f947f1bbd73 lzj.icp:8500/ibmcom/icp-logstash@sha256:a182a00827aefe7f5f95b18fa1ec8f6897989290b37f3d98bd6440ddda796433 lzj.icp:8500/ibmcom/icp-logstash-amd64:5.5.1 lzj.icp:8500/ibmcom/icp-logstash:5.5.1] 764906887} {[lzj.icp:8500/ibmcom/process-ma-hf-amd64@sha256:ef0d164350d07600f8037082db7d98cf81b9c554d8a60692ae90b8d0239a8cdc lzj.icp:8500/ibmcom/process-ma-hf@sha256:114b48d67e46f6ad3624dfa99baab8f9c62fb5ba88d210d0f42e106eda4e0ee8 lzj.icp:8500/ibmcom/process-ma-hf-amd64:1.3.1 lzj.icp:8500/ibmcom/process-ma-hf:1.3.1] 758635128} {[lzj.icp:8500/ibmcom/vulnerability-annotator-amd64@sha256:febedf85b65e0d1800e67249274d474d4ce67e8041e81487f76bce727cb39bd4 lzj.icp:8500/ibmcom/vulnerability-annotator@sha256:2ca368468e5d1c7ed82b3947b8d8904da34969bd72e67b382bfd0579fe3f148d lzj.icp:8500/ibmcom/vulnerability-annotator-amd64:1.3.1 lzj.icp:8500/ibmcom/vulnerability-annotator:1.3.1] 757013017} {[lzj.icp:8500/ibmcom/py-generic-indexer-amd64@sha256:45cb17e23e15f4dfe44471309af12f0655aad5f8e859c718f393290f220b02b2 lzj.icp:8500/ibmcom/py-generic-indexer@sha256:63a28bc72b6588e508ad23b569a228d6219e2d6fdddb2b1b073e1d2c70ec7641 lzj.icp:8500/ibmcom/py-generic-indexer-amd64:1.3.1 lzj.icp:8500/ibmcom/py-generic-indexer:1.3.1] 755588945} {[lzj.icp:8500/ibmcom/icp-inception-amd64@sha256:1dad180d14ae732d17ca5cf41b87dbb316c072323f186d60a08a753f904eb5b2 lzj.icp:8500/ibmcom/icp-inception@sha256:d395315f0fde94a5cacd9945cd7932b4eda45fe404a6b9d55a8ec8ebeed2a0a8 lzj.icp:8500/ibmcom/icp-inception-amd64:3.1.0-ee lzj.icp:8500/ibmcom/icp-inception:3.1.0-ee] 744155119} {[lzj.icp:8500/ibmcom/config-parser-amd64@sha256:7d721e0b5a827921ac16fa9e7570db225211e6dd700cdeaba1d28ba02ff8ef6d lzj.icp:8500/ibmcom/config-parser@sha256:2b7d6f1ea57d6e4d9caaca5d0e2bb35d2e6db316e2f18ef9a51b5bfa48119f69 lzj.icp:8500/ibmcom/config-parser-amd64:1.3.1 lzj.icp:8500/ibmcom/config-parser:1.3.1] 739243486} {[lzj.icp:8500/ibmcom/iam-policy-administration-amd64@sha256:e1941aa09a5b692505cb3be3e497d3ff9acb900786b9a2c8c4c00d0243b37dd0 lzj.icp:8500/ibmcom/iam-policy-administration@sha256:ab0d5c50f5e5fc9a537e97183ed694e34d57fa00121bc08bedb261b80e29b9a4 lzj.icp:8500/ibmcom/iam-policy-administration-amd64:3.1.0 lzj.icp:8500/ibmcom/iam-policy-administration:3.1.0] 711947327} {[lzj.icp:8500/ibmcom/password-annotator-amd64@sha256:bca1b6b222d8ea8ade174a8cc1a549f161d75d3e9d69881f08a1fb316a8e27d3 lzj.icp:8500/ibmcom/password-annotator@sha256:5c7e8db45db52a6bca7d76ae8c2ff74eb43644f7959d66ddc67454bcbca765ec lzj.icp:8500/ibmcom/password-annotator-amd64:1.3.1 lzj.icp:8500/ibmcom/password-annotator:1.3.1] 707627907} {[lzj.icp:8500/ibmcom/notification-dispatcher-amd64@sha256:ec8dfbc351a0d758488f9f8bfa17c3182a5c02819a6ebf7144ab914a2233cf57 lzj.icp:8500/ibmcom/notification-dispatcher@sha256:6d7e6b836f0cfeb5fb18cd29fdd8315fb44013f8d21830b9c5ab60b605c5e3c5 lzj.icp:8500/ibmcom/notification-dispatcher-amd64:1.3.1 lzj.icp:8500/ibmcom/notification-dispatcher:1.3.1] 707588442} {[lzj.icp:8500/ibmcom/sas-base-amd64@sha256:9651b1149c62d5a0968aaeffe71f2da68cd7e07ff8d7ea67538278c00ab08457 lzj.icp:8500/ibmcom/sas-base@sha256:56bb0790e5f06276b7435c731687f733901fedc80af299dc8a8eaf72d7365560 lzj.icp:8500/ibmcom/sas-base-amd64:1.3.1 lzj.icp:8500/ibmcom/sas-base:1.3.1] 653746081} {[lzj.icp:8500/ibmcom/ma-file-annotator-amd64@sha256:8caa6280fd845fd524ad874a6b243510ebf085d58c989229020fcfc743492632 lzj.icp:8500/ibmcom/ma-file-annotator@sha256:cd8dc2a26e2a84bf7d8ba982c6a21c034239de5e2dc12767d3f60985e495d957 lzj.icp:8500/ibmcom/ma-file-annotator-amd64:1.3.1 lzj.icp:8500/ibmcom/ma-file-annotator:1.3.1] 653745236} {[lzj.icp:8500/ibmcom/icp-kibana-amd64@sha256:8b69887ac5297e1d2e68b9c2ce885b9a888f6c278ca1538acb0f03206b48502a lzj.icp:8500/ibmcom/icp-kibana@sha256:6e2746da64a64f98c5761b87d5e185a9c2ac75c9c4e767ab284062b1847b7571 lzj.icp:8500/ibmcom/icp-kibana-amd64:5.5.1 lzj.icp:8500/ibmcom/icp-kibana:5.5.1] 639622018} {[lzj.icp:8500/ibmcom/icp-platform-api-amd64@sha256:1fc47925c2611aef12631b3f3806308f55a298074aebc561fd04cf8a7691c669 lzj.icp:8500/ibmcom/icp-platform-api@sha256:6b5585999f45fa6dc7a6a1d8bcb4d544c96a3e1fd3bd9f133ebed2e356985a0e lzj.icp:8500/ibmcom/icp-platform-api-amd64:3.1.0 lzj.icp:8500/ibmcom/icp-platform-api:3.1.0] 612589125} {[lzj.icp:8500/ibmcom/iam-policy-decision-amd64@sha256:d49eb3845c57bb8370a477949d92da10a178b81ade50f0e9d970981fadd6686d lzj.icp:8500/ibmcom/iam-policy-decision@sha256:ecd9f36e17e57c6be41e744abc17baacddd28178485d29cb112ffc5e558d2c09 lzj.icp:8500/ibmcom/iam-policy-decision-amd64:3.1.0 lzj.icp:8500/ibmcom/iam-policy-decision:3.1.0] 559718344} {[lzj.icp:8500/ibmcom/rootkit-annotator-amd64@sha256:caf6c24136b8785d901f346a640d673b55fe105c3617cfcb432ee2006f5b1cf4 lzj.icp:8500/ibmcom/rootkit-annotator@sha256:9aabe418ab5c5b3ce86dcfad5dc63a14124bf56227a7decb6656382f2cf9606e lzj.icp:8500/ibmcom/rootkit-annotator-amd64:1.3.1 lzj.icp:8500/ibmcom/rootkit-annotator:1.3.1] 549434506} {[lzj.icp:8500/ibmcom/icp-elasticsearch-amd64@sha256:0063a7a931ca4e52d8f7a51f2bdb010345f4373b5b904b52e5c8a48ec0c1fde7 lzj.icp:8500/ibmcom/icp-elasticsearch@sha256:b410aacb6005fe24bfd87b045ea26fde3d6eb3ca52c3f0e4560cdc208944ba50 lzj.icp:8500/ibmcom/icp-elasticsearch-amd64:5.5.1 lzj.icp:8500/ibmcom/icp-elasticsearch:5.5.1] 520121248} {[lzj.icp:8500/ibmcom/logging-pki-init-amd64@sha256:cc4bfa085e1ae99120ee526acd3e62d205e10de6f1c773c521fc5b933914f6a8 lzj.icp:8500/ibmcom/logging-pki-init@sha256:21aa9cbd05a849b4891b15cf636f73545f6001f16c82f8eeed2e90b4f9312377 lzj.icp:8500/ibmcom/logging-pki-init-amd64:2.0.0 lzj.icp:8500/ibmcom/logging-pki-init:2.0.0] 501921135} {[lzj.icp:8500/ibmcom/searchguard-init-amd64@sha256:d19ce1d27f406945d4ed78b0f07007998c2ab3889086e502924847c2186db546 lzj.icp:8500/ibmcom/searchguard-init@sha256:3d0d8a8404a9df5ad238bce1e0542cdda609cc445dfc3964952243d9fc103276 lzj.icp:8500/ibmcom/searchguard-init-amd64:2.0.0 lzj.icp:8500/ibmcom/searchguard-init:2.0.0] 457030441} {[lzj.icp:8500/ibmcom/metering-ui-amd64@sha256:3628a8fe41183c08ea0b02e2e798e3649e4aebe2c2405c34572b9eb7c7c4d9a8 lzj.icp:8500/ibmcom/metering-ui@sha256:d6453f9afecc9b1fc778c195e20bbb39d4ef6262af2f7a9a5ce3cddc259fec99 lzj.icp:8500/ibmcom/metering-ui-amd64:3.1.0 lzj.icp:8500/ibmcom/metering-ui:3.1.0] 385577105} {[lzj.icp:8500/ibmcom/heketi-amd64@sha256:c5b579a4f219c87990f861eb61de86cb9cfb51b6d230b8c299df7d9fd3d02d0e lzj.icp:8500/ibmcom/heketi@sha256:eb6875247a56829a20d0949f034b08a0e682201ab1d88d3cba71972932c254f5 lzj.icp:8500/ibmcom/heketi-amd64:v7.0.0 lzj.icp:8500/ibmcom/heketi:v7.0.0] 384720377} {[lzj.icp:8500/ibmcom/icp-mongodb-amd64@sha256:a305ae8bc309898d86bf60aee968846db3602f77b25924640d5f08a2389ee99d lzj.icp:8500/ibmcom/icp-mongodb@sha256:fe8b55caf7bb855fd4e244450af5195f2243b766c6934d464128bf982b29b345 lzj.icp:8500/ibmcom/icp-mongodb-amd64:3.1.0 lzj.icp:8500/ibmcom/icp-mongodb:3.1.0] 379353410} {[lzj.icp:8500/ibmcom/icp-catalog-ui-amd64@sha256:33993b4eab189e3c78fe27799017da770d47523cf6831460741008bf91297d6d lzj.icp:8500/ibmcom/icp-catalog-ui@sha256:049f3c4946a0ad2c10507e5e42a464448e858fb3ae606cfd84825d340adb1125 lzj.icp:8500/ibmcom/icp-catalog-ui-amd64:3.1.0 lzj.icp:8500/ibmcom/icp-catalog-ui:3.1.0] 363781304} {[lzj.icp:8500/ibmcom/nginx-ingress-controller-amd64@sha256:63b48dd3ba635aa65409f7d6a319e293697810c1b9e885e6255bebf36a2506ab lzj.icp:8500/ibmcom/nginx-ingress-controller@sha256:f68b2ce26292e02ef3dbc6cfae17cec3d54b9afee9bf5298bf95d005c0783143 lzj.icp:8500/ibmcom/nginx-ingress-controller-amd64:0.16.2 lzj.icp:8500/ibmcom/nginx-ingress-controller:0.16.2] 361632894} {[lzj.icp:8500/ibmcom/mariadb-amd64@sha256:1f9876179c32fcf463804f75cbf2fb031106edf2be9d5dbf6705375ca53930bb lzj.icp:8500/ibmcom/mariadb@sha256:2272622e7f6786220d7ee2b482a3050bd34c3e1ecdc99af6175a146610222763 lzj.icp:8500/ibmcom/mariadb-amd64:10.2.17 lzj.icp:8500/ibmcom/mariadb:10.2.17] 358991946} {[lzj.icp:8500/ibmcom/k8szk-amd64@sha256:a9ee22a4df14654552a02303e4560623244683692fd298dd2fb71e9dd66219f3 lzj.icp:8500/ibmcom/k8szk@sha256:20cfeb163fb828c3c3a7c0baf2883e90c72c8d97d20116253903e82aa2be801f lzj.icp:8500/ibmcom/k8szk-amd64:v3 lzj.icp:8500/ibmcom/k8szk:v3] 331472973} {[lzj.icp:8500/ibmcom/gluster-amd64@sha256:647caedb536eb7b8c5c8b0a2b69e52d2a34be9e6c9c7b9c1b21d14fcfa261886 lzj.icp:8500/ibmcom/gluster@sha256:eeabf9b160370078d12a4c2b84f1a9772fe10c64446f0c2251eb53b8b5277baa lzj.icp:8500/ibmcom/gluster-amd64:v4.0.2 lzj.icp:8500/ibmcom/gluster:v4.0.2] 324265531} {[lzj.icp:8500/ibmcom/istio-grafana-amd64@sha256:381a2dd3a5addbc5d43920bc19bb15ba6dbd422e4a9d91163108e72c5a63234c lzj.icp:8500/ibmcom/istio-grafana@sha256:f4fdaf4a51b946f6d4fb9aa82cdbfef53c8e0b7b2223078f9d7f62bb28d3259b lzj.icp:8500/ibmcom/istio-grafana-amd64:1.0.0.1 lzj.icp:8500/ibmcom/istio-grafana:1.0.0.1] 324187770} {[lzj.icp:8500/ibmcom/icp-filebeat-amd64@sha256:03af9b78dad6c2ba857975d10c81e781460796dff1ff1163ea4596f4aa10601d lzj.icp:8500/ibmcom/icp-filebeat@sha256:72669dde64d7ab85bbb9e93428efe548b2693a4eae5168a4705f6e30cd20e584 lzj.icp:8500/ibmcom/icp-filebeat-amd64:5.5.1 lzj.icp:8500/ibmcom/icp-filebeat:5.5.1] 317104874} {[lzj.icp:8500/ibmcom/istio-proxyv2-amd64@sha256:cd77e75fa85ce74914e1b7b0bef980ece8a62ef0d776c9ef51a0d7d30b4b64a0 lzj.icp:8500/ibmcom/istio-proxyv2@sha256:9c94d736c8cbb41e2c5b0b672530eee0df6cbb628d57f4ddaec9f4ff4f49ce35 lzj.icp:8500/ibmcom/istio-proxyv2-amd64:1.0.0.1 lzj.icp:8500/ibmcom/istio-proxyv2:1.0.0.1] 311276139} {[lzj.icp:8500/ibmcom/istio-pilot-amd64@sha256:63352073a964037fd37f6150228231d2e5eca7e0c2920405d6269326d3c54263 lzj.icp:8500/ibmcom/istio-pilot@sha256:ad129a4be7b6d1536c384efd03fb570b973b9c77a56a48e6b9cfe192a76c111e lzj.icp:8500/ibmcom/istio-pilot-amd64:1.0.0.1 lzj.icp:8500/ibmcom/istio-pilot:1.0.0.1] 309502004} {[lzj.icp:8500/ibmcom/fluentd-amd64@sha256:384a99b8d941c93f96ee5b5cbae5b70500219a3f71c73cf4eddd20d9d693e3b3 lzj.icp:8500/ibmcom/fluentd@sha256:f85a5ffd86438f1a73d04caf6e33ef3474675d9fa0947431f4d0a9602fc981af lzj.icp:8500/ibmcom/fluentd-amd64:v1.2.2-icp lzj.icp:8500/ibmcom/fluentd:v1.2.2-icp] 270902701} {[lzj.icp:8500/ibmcom/icp-identity-manager-amd64@sha256:632f31acd0fcfc3d0cebea31cfb71018f6712bd1a1b4da7476942b3c23aa3521 lzj.icp:8500/ibmcom/icp-identity-manager@sha256:993462e02a42c15b03722d935809476c8e10e6e0b3a2669eb528081e92a49859 lzj.icp:8500/ibmcom/icp-identity-manager-amd64:3.1.0 lzj.icp:8500/ibmcom/icp-identity-manager:3.1.0] 268667523} {[lzj.icp:8500/ibmcom/elasticsearch-plugin-searchguard-amd64@sha256:28f88d06bbbc073162702064c1be4ad06272e9021cbc0f929ba8c6da2ca25ae6 lzj.icp:8500/ibmcom/elasticsearch-plugin-searchguard@sha256:f47116021e3eec7b2fed9f6ed8bd77fd890457e5a1546dda7f863c032d4395b1 lzj.icp:8500/ibmcom/elasticsearch-plugin-searchguard-amd64:2.0.0 lzj.icp:8500/ibmcom/elasticsearch-plugin-searchguard:2.0.0] 267864279} {[lzj.icp:8500/ibmcom/kiali-amd64@sha256:bec63b454cf2e597c61f6a9943144050e5e6fc7a4f6474bc3bb6b627ba20c71c lzj.icp:8500/ibmcom/kiali@sha256:71a50e9885495157454657bc93842a7310e96e822a4117ad751ad81af83fde5e lzj.icp:8500/ibmcom/kiali-amd64:istio-release-1.0.0.1 lzj.icp:8500/ibmcom/kiali:istio-release-1.0.0.1] 265771300} {[lzj.icp:8500/ibmcom/calico-node-amd64@sha256:9871f4dde9eab9fd804b12f3114da36505ff5c220e2323b7434eec24e3b23ac5 lzj.icp:8500/ibmcom/calico-node@sha256:85a23d8030137d49663d3d82844a61998331606de9fc523dfdd0a75be7fb9828 lzj.icp:8500/ibmcom/calico-node-amd64:v3.1.3 lzj.icp:8500/ibmcom/calico-node:v3.1.3] 248202699} {[lzj.icp:8500/ibmcom/grafana-amd64@sha256:dc3566257a0c716caedfb33127d8ee385290c1dda006bebfb75c376d56b30c88 lzj.icp:8500/ibmcom/grafana@sha256:5d2739d3ec5c7f6ea66d69caa918b764660b99a3d37cb1f4123f1a9623ce8e38 lzj.icp:8500/ibmcom/grafana-amd64:5.2.0 lzj.icp:8500/ibmcom/grafana:5.2.0] 245297582} {[lzj.icp:8500/ibmcom/indices-cleaner-amd64@sha256:e6c6453d54012488e9ebfaa9e4d829f567d8e66b24c1613e6d88ca192ed5e85b lzj.icp:8500/ibmcom/indices-cleaner@sha256:31dac3be1246f17dddade06b517c073244ce56d85bc54135fdaf010dbb0bca10 lzj.icp:8500/ibmcom/indices-cleaner-amd64:1.0.0 lzj.icp:8500/ibmcom/indices-cleaner:1.0.0] 238131553} {[lzj.icp:8500/ibmcom/icp-identity-provider-amd64@sha256:24dba8b07c8295eef99abbf8d83041908516e4e50e4e4cfbbbcd53bdf415dda1 lzj.icp:8500/ibmcom/icp-identity-provider@sha256:b5bf63419b53ba550cad7a1b835d0d0eaae1fde8851c7936f8deb603fef673a6 lzj.icp:8500/ibmcom/icp-identity-provider-amd64:3.1.0 lzj.icp:8500/ibmcom/icp-identity-provider:3.1.0] 224286517} {[lzj.icp:8500/ibmcom/curl-amd64@sha256:aad05b4e4529f7e70516d8d3028cae6cd1d50de738ce164f2a532ce2470ac43f lzj.icp:8500/ibmcom/curl@sha256:adf92a267e351914d041a56d64ebe80331c45f8e20ab23b7ada67bea78da9996 lzj.icp:8500/ibmcom/curl-amd64:4.0.0 lzj.icp:8500/ibmcom/curl:4.0.0] 221192597} {[lzj.icp:8500/ibmcom/icp-audit-service-amd64@sha256:9add202c06a43da647380c860d9139fa059701fe103c1f229281215bf99dbbd3 lzj.icp:8500/ibmcom/icp-audit-service@sha256:7c3d710c31f6f5ae0227edc1599bdf64bc82e4fcd2b3aa8f197148240d2ab01c lzj.icp:8500/ibmcom/icp-audit-service-amd64:3.1.0 lzj.icp:8500/ibmcom/icp-audit-service:3.1.0] 215897363}],VolumesInUse:[],VolumesAttached:[],Config:&amp;NodeConfigStatus{Assigned:nil,Active:nil,LastKnownGood:nil,Error:,},},}&#xA;Sep 19 07:32:44.282: INFO: &#xA;Logging kubelet events for node 10.46.6.172&#xA;Sep 19 07:32:44.286: INFO: &#xA;Logging pods the kubelet thinks is on node 10.46.6.172&#xA;Sep 19 07:32:44.312: INFO: vulnerability-advisor-ma-file-annotator-6b95df8886-jtczz started at 2018-09-17 07:19:04 +0000 UTC (0+2 container statuses recorded)&#xA;Sep 19 07:32:44.312: INFO: &#x9;Container icp-audit-service ready: true, restart count 0&#xA;Sep 19 07:32:44.312: INFO: &#x9;Container vulnerability-advisor-ma-file-annotator ready: true, restart count 1&#xA;Sep 19 07:32:44.312: INFO: vulnerability-advisor-sas-apiserver-5fd8d44bc9-7bvkn started at 2018-09-17 07:19:09 +0000 UTC (0+3 container statuses recorded)&#xA;Sep 19 07:32:44.312: INFO: &#x9;Container icp-audit-service ready: true, restart count 0&#xA;Sep 19 07:32:44.312: INFO: &#x9;Container sas-api-server ready: true, restart count 0&#xA;Sep 19 07:32:44.312: INFO: &#x9;Container sas-proxy-server ready: true, restart count 0&#xA;Sep 19 07:32:44.312: INFO: vulnerability-advisor-zookeeper-0 started at 2018-09-17 07:19:15 +0000 UTC (0+1 container statuses recorded)&#xA;Sep 19 07:32:44.312: INFO: &#x9;Container zookeeper-server ready: true, restart count 0&#xA;Sep 19 07:32:44.312: INFO: vulnerability-advisor-compliance-annotator-d5659b9d9-kmn8q started at 2018-09-17 07:19:03 +0000 UTC (0+1 container statuses recorded)&#xA;Sep 19 07:32:44.312: INFO: &#x9;Container compliance-annotator ready: true, restart count 4&#xA;Sep 19 07:32:44.312: INFO: vulnerability-advisor-rootkit-annotator-74cb65b5cf-2dk5j started at 2018-09-17 07:19:08 +0000 UTC (0+1 container statuses recorded)&#xA;Sep 19 07:32:44.312: INFO: &#x9;Container rootkit-annotator ready: true, restart count 3&#xA;Sep 19 07:32:44.312: INFO: vulnerability-advisor-sas-mgmt-64fb95bc44-j9vjc started at 2018-09-17 07:19:08 +0000 UTC (0+1 container statuses recorded)&#xA;Sep 19 07:32:44.312: INFO: &#x9;Container sas-mgmt-server ready: true, restart count 0&#xA;Sep 19 07:32:44.312: INFO: monitoring-prometheus-nodeexporter-v4l7d started at 2018-09-17 07:15:44 +0000 UTC (0+2 container statuses recorded)&#xA;Sep 19 07:32:44.312: INFO: &#x9;Container nodeexporter ready: true, restart count 0&#xA;Sep 19 07:32:44.312: INFO: &#x9;Container router ready: true, restart count 0&#xA;Sep 19 07:32:44.312: INFO: vulnerability-advisor-vulnerability-indexer-7c79b4c964-2n8cg started at 2018-09-17 07:19:07 +0000 UTC (0+1 container statuses recorded)&#xA;Sep 19 07:32:44.312: INFO: &#x9;Container py-vulnerability-indexer ready: true, restart count 0&#xA;Sep 19 07:32:44.312: INFO: vulnerability-advisor-secconfig-annotator-7dbcf5d9f4-fkmkb started at 2018-09-17 07:19:10 +0000 UTC (0+1 container statuses recorded)&#xA;Sep 19 07:32:44.312: INFO: &#x9;Container secconfig-annotator ready: true, restart count 0&#xA;Sep 19 07:32:44.312: INFO: vulnerability-advisor-statsd-7746859df4-jjm6f started at 2018-09-17 07:19:10 +0000 UTC (0+1 container statuses recorded)&#xA;Sep 19 07:32:44.313: INFO: &#x9;Container statsd ready: true, restart count 0&#xA;Sep 19 07:32:44.313: INFO: vulnerability-advisor-usncrawler-8h976 started at 2018-09-17 07:19:11 +0000 UTC (0+1 container statuses recorded)&#xA;Sep 19 07:32:44.313: INFO: &#x9;Container usnloader-job ready: false, restart count 0&#xA;Sep 19 07:32:44.313: INFO: calico-node-wsknj started at 2018-09-17 07:05:53 +0000 UTC (0+2 container statuses recorded)&#xA;Sep 19 07:32:44.313: INFO: &#x9;Container calico-node ready: true, restart count 0&#xA;Sep 19 07:32:44.313: INFO: &#x9;Container install-cni ready: true, restart count 0&#xA;Sep 19 07:32:44.313: INFO: vulnerability-advisor-cos-indexer-57899b7dd6-7cpf8 started at 2018-09-17 07:19:04 +0000 UTC (0+1 container statuses recorded)&#xA;Sep 19 07:32:44.313: INFO: &#x9;Container cos-indexer ready: true, restart count 3&#xA;Sep 19 07:32:44.313: INFO: vulnerability-advisor-kafka-0 started at 2018-09-17 07:19:13 +0000 UTC (0+1 container statuses recorded)&#xA;Sep 19 07:32:44.313: INFO: &#x9;Container kafka-server ready: true, restart count 2&#xA;Sep 19 07:32:44.313: INFO: nvidia-device-plugin-w9jr8 started at 2018-09-17 07:07:17 +0000 UTC (1+1 container statuses recorded)&#xA;Sep 19 07:32:44.313: INFO: &#x9;Init container nvidia-driver-collector ready: true, restart count 0&#xA;Sep 19 07:32:44.313: INFO: &#x9;Container nvidia-device-plugin ready: true, restart count 0&#xA;Sep 19 07:32:44.313: INFO: metering-reader-gsrdg started at 2018-09-17 07:14:11 +0000 UTC (1+1 container statuses recorded)&#xA;Sep 19 07:32:44.313: INFO: &#x9;Init container metering-reader-init ready: true, restart count 1&#xA;Sep 19 07:32:44.313: INFO: &#x9;Container metering-reader ready: true, restart count 0&#xA;Sep 19 07:32:44.313: INFO: logging-elk-filebeat-ds-vpk48 started at 2018-09-17 07:15:20 +0000 UTC (0+1 container statuses recorded)&#xA;Sep 19 07:32:44.313: INFO: &#x9;Container filebeat ready: true, restart count 0&#xA;Sep 19 07:32:44.313: INFO: vulnerability-advisor-password-annotator-79b5d794b5-wnwqn started at 2018-09-17 07:19:05 +0000 UTC (0+1 container statuses recorded)&#xA;Sep 19 07:32:44.313: INFO: &#x9;Container config-parser ready: true, restart count 3&#xA;Sep 19 07:32:44.313: INFO: vulnerability-advisor-vulnerability-annotator-bcbf5595f-hxwst started at 2018-09-17 07:19:10 +0000 UTC (0+1 container statuses recorded)&#xA;Sep 19 07:32:44.313: INFO: &#x9;Container va-annotator ready: true, restart count 3&#xA;Sep 19 07:32:44.313: INFO: vulnerability-advisor-minio-0 started at 2018-09-17 07:19:16 +0000 UTC (1+1 container statuses recorded)&#xA;Sep 19 07:32:44.313: INFO: &#x9;Init container wait-kafka ready: true, restart count 1&#xA;Sep 19 07:32:44.313: INFO: &#x9;Container minio-server ready: true, restart count 0&#xA;Sep 19 07:32:44.313: INFO: audit-logging-fluentd-ds-8bh4t started at 2018-09-17 07:18:46 +0000 UTC (0+1 container statuses recorded)&#xA;Sep 19 07:32:44.313: INFO: &#x9;Container fluentd ready: true, restart count 0&#xA;Sep 19 07:32:44.313: INFO: vulnerability-advisor-live-crawler-84st2 started at 2018-09-17 07:19:03 +0000 UTC (0+1 container statuses recorded)&#xA;Sep 19 07:32:44.313: INFO: &#x9;Container live-crawler ready: true, restart count 0&#xA;Sep 19 07:32:44.313: INFO: vulnerability-advisor-process-ma-annotator-58f47d5b5f-xbxrc started at 2018-09-17 07:19:06 +0000 UTC (0+2 container statuses recorded)&#xA;Sep 19 07:32:44.313: INFO: &#x9;Container icp-audit-service ready: true, restart count 0&#xA;Sep 19 07:32:44.313: INFO: &#x9;Container process-ma-annotator ready: true, restart count 2&#xA;Sep 19 07:32:44.313: INFO: vulnerability-advisor-compliance-indexer-7cbdc64b57-47lmd started at 2018-09-17 07:19:07 +0000 UTC (0+1 container statuses recorded)&#xA;Sep 19 07:32:44.313: INFO: &#x9;Container py-compliance-indexer ready: true, restart count 0&#xA;Sep 19 07:32:44.313: INFO: vulnerability-advisor-minio-cleaner-1537228740-55f4w started at 2018-09-17 23:59:03 +0000 UTC (0+1 container statuses recorded)&#xA;Sep 19 07:32:44.313: INFO: &#x9;Container cleaner ready: false, restart count 0&#xA;Sep 19 07:32:44.313: INFO: vulnerability-advisor-secconfig-indexer-674647df7c-qq5ff started at 2018-09-17 07:19:07 +0000 UTC (0+1 container statuses recorded)&#xA;Sep 19 07:32:44.313: INFO: &#x9;Container py-secconfig-indexer ready: true, restart count 0&#xA;Sep 19 07:32:44.313: INFO: k8s-proxy-10.46.6.172 started at &lt;nil&gt; (0+0 container statuses recorded)&#xA;Sep 19 07:32:44.313: INFO: vulnerability-advisor-process-ma-crawler-24z6k started at 2018-09-17 07:19:03 +0000 UTC (0+1 container statuses recorded)&#xA;Sep 19 07:32:44.313: INFO: &#x9;Container process-ma-crawler ready: true, restart count 0&#xA;Sep 19 07:32:44.313: INFO: vulnerability-advisor-config-parser-5d44b78fd5-z4k9t started at 2018-09-17 07:19:04 +0000 UTC (0+1 container statuses recorded)&#xA;Sep 19 07:32:44.313: INFO: &#x9;Container config-parser ready: true, restart count 4&#xA;Sep 19 07:32:44.313: INFO: vulnerability-advisor-notification-dispatcher-86f8bf4b4d-cfdzb started at 2018-09-17 07:19:04 +0000 UTC (0+1 container statuses recorded)&#xA;Sep 19 07:32:44.313: INFO: &#x9;Container notification-dispatcher ready: true, restart count 3&#xA;Sep 19 07:32:44.313: INFO: vulnerability-advisor-process-ma-annotator-init-869545d547nn27w started at 2018-09-17 07:19:06 +0000 UTC (0+1 container statuses recorded)&#xA;Sep 19 07:32:44.313: INFO: &#x9;Container process-ma-annotator ready: true, restart count 0&#xA;Sep 19 07:32:44.313: INFO: vulnerability-advisor-process-ma-annotator-58f47d5b5f-4wglg started at 2018-09-17 07:19:06 +0000 UTC (0+2 container statuses recorded)&#xA;Sep 19 07:32:44.313: INFO: &#x9;Container icp-audit-service ready: true, restart count 0&#xA;Sep 19 07:32:44.313: INFO: &#x9;Container process-ma-annotator ready: true, restart count 1&#xA;Sep 19 07:32:44.313: INFO: vulnerability-advisor-rootkit-indexer-cd8b4646b-xlhwq started at 2018-09-17 07:19:07 +0000 UTC (0+1 container statuses recorded)&#xA;Sep 19 07:32:44.313: INFO: &#x9;Container py-rootkit-indexer ready: true, restart count 0&#xA;Sep 19 07:32:44.313: INFO: vulnerability-advisor-registry-crawler-6f9568677b-bfpm6 started at 2018-09-17 07:19:08 +0000 UTC (0+1 container statuses recorded)&#xA;Sep 19 07:32:44.313: INFO: &#x9;Container reg-crawler ready: true, restart count 0&#xA;Sep 19 07:32:44.313: INFO: vulnerability-advisor-minio-cleaner-1537315140-nqk7v started at 2018-09-18 23:59:04 +0000 UTC (0+1 container statuses recorded)&#xA;Sep 19 07:32:44.313: INFO: &#x9;Container cleaner ready: false, restart count 0&#xA;Sep 19 07:32:44.382: INFO: &#xA;Latency metrics for node 10.46.6.172&#xA;Sep 19 07:32:44.382: INFO: &#xA;Logging node info for node 10.46.6.173&#xA;Sep 19 07:32:44.386: INFO: Node Info: &amp;Node{ObjectMeta:k8s_io_apimachinery_pkg_apis_meta_v1.ObjectMeta{Name:10.46.6.173,GenerateName:,Namespace:,SelfLink:/api/v1/nodes/10.46.6.173,UID:3dc7268b-ba44-11e8-b20e-fa163e707b2e,ResourceVersion:455684,Generation:0,CreationTimestamp:2018-09-17 06:38:09 +0000 UTC,DeletionTimestamp:&lt;nil&gt;,DeletionGracePeriodSeconds:nil,Labels:map[string]string{beta.kubernetes.io/arch: amd64,beta.kubernetes.io/os: linux,etcd: true,kubernetes.io/hostname: 10.46.6.173,master: true,node-role.kubernetes.io/etcd: true,node-role.kubernetes.io/master: true,node-role.kubernetes.io/proxy: true,proxy: true,role: master,},Annotations:map[string]string{node.alpha.kubernetes.io/ttl: 0,volumes.kubernetes.io/controller-managed-attach-detach: true,},OwnerReferences:[],Finalizers:[],ClusterName:,Initializers:nil,},Spec:NodeSpec{PodCIDR:,DoNotUse_ExternalID:,ProviderID:,Unschedulable:false,Taints:[{dedicated proxy NoSchedule &lt;nil&gt;}],ConfigSource:nil,},Status:NodeStatus{Capacity:ResourceList{cpu: {{32 0} {&lt;nil&gt;} 32 DecimalSI},ephemeral-storage: {{107362627584 0} {&lt;nil&gt;} 104846316Ki BinarySI},hugepages-1Gi: {{0 0} {&lt;nil&gt;} 0 DecimalSI},hugepages-2Mi: {{0 0} {&lt;nil&gt;} 0 DecimalSI},memory: {{135202160640 0} {&lt;nil&gt;}  BinarySI},pods: {{320 0} {&lt;nil&gt;} 320 DecimalSI},},Allocatable:ResourceList{cpu: {{32 0} {&lt;nil&gt;} 32 DecimalSI},ephemeral-storage: {{107257769984 0} {&lt;nil&gt;} 104743916Ki BinarySI},hugepages-1Gi: {{0 0} {&lt;nil&gt;} 0 DecimalSI},hugepages-2Mi: {{0 0} {&lt;nil&gt;} 0 DecimalSI},memory: {{135097303040 0} {&lt;nil&gt;}  BinarySI},pods: {{320 0} {&lt;nil&gt;} 320 DecimalSI},},Phase:,Conditions:[{OutOfDisk False 2018-09-19 07:32:38 +0000 UTC 2018-09-17 06:38:09 +0000 UTC KubeletHasSufficientDisk kubelet has sufficient disk space available} {MemoryPressure False 2018-09-19 07:32:38 +0000 UTC 2018-09-17 06:38:09 +0000 UTC KubeletHasSufficientMemory kubelet has sufficient memory available} {DiskPressure False 2018-09-19 07:32:38 +0000 UTC 2018-09-17 06:38:09 +0000 UTC KubeletHasNoDiskPressure kubelet has no disk pressure} {PIDPressure False 2018-09-19 07:32:38 +0000 UTC 2018-09-17 06:38:09 +0000 UTC KubeletHasSufficientPID kubelet has sufficient PID available} {Ready True 2018-09-19 07:32:38 +0000 UTC 2018-09-17 07:06:09 +0000 UTC KubeletReady kubelet is posting ready status}],Addresses:[{InternalIP 10.46.6.173} {Hostname 10.46.6.173}],DaemonEndpoints:NodeDaemonEndpoints{KubeletEndpoint:DaemonEndpoint{Port:10250,},},NodeInfo:NodeSystemInfo{MachineID:52ca0d2c3fb341c79b059a96d10571a6,SystemUUID:DA83D170-F88E-40EB-A0A3-2918CD5F6005,BootID:806b09ea-0a42-4719-bbaa-13e375c7b62f,KernelVersion:3.10.0-862.9.1.el7.x86_64,OSImage:Red Hat Enterprise Linux,ContainerRuntimeVersion:docker://18.3.1,KubeletVersion:v1.11.1+icp-ee,KubeProxyVersion:v1.11.1+icp-ee,OperatingSystem:linux,Architecture:amd64,},Images:[{[lzj.icp:8500/ibmcom/statsd-amd64@sha256:5ee11bc24bced45a77d9d630348680f319c09d9d3b2230b04518d1e2a5263ae2 lzj.icp:8500/ibmcom/statsd-amd64:0.7.2.1 lzj.icp:8500/ibmcom/statsd:0.7.2.1] 1234731808} {[lzj.icp:8500/ibmcom/kafka-amd64@sha256:0d6d348ccd7aa2854d60791331280e58db92029a522c8bfb3eb40c7c0913ca8f lzj.icp:8500/ibmcom/kafka-amd64:0.10.0.2 lzj.icp:8500/ibmcom/kafka:0.10.0.2] 1114805679} {[lzj.icp:8500/ibmcom/iam-token-service-amd64@sha256:9211161e5b5b9d892a99b46fad4429333ceb7143b4039419df7ea0efa36381a9 lzj.icp:8500/ibmcom/iam-token-service-amd64:3.1.0 lzj.icp:8500/ibmcom/iam-token-service:3.1.0] 1051060152} {[lzj.icp:8500/ibmcom/icp-platform-auth-amd64@sha256:abc258009b8696a83214b7a9d9df63f6d83e19cfca2987c4836b0eadfa4c99c7 lzj.icp:8500/ibmcom/icp-platform-auth-amd64:3.1.0 lzj.icp:8500/ibmcom/icp-platform-auth:3.1.0] 1028283742} {[lzj.icp:8500/ibmcom/reg-crawler-amd64@sha256:9e5d4ebbac3dd6cbf9f892b5bd634f89fae3d4b2e6a23debd3ecd322e3eb817e lzj.icp:8500/ibmcom/reg-crawler-amd64:1.3.1 lzj.icp:8500/ibmcom/reg-crawler:1.3.1] 1007817363} {[lzj.icp:8500/ibmcom/live-crawler-amd64@sha256:37a79ec87bd3c8b9af25cf1e25f4f14281ffb9f5ebeaf61c0b7c8a5799baf782 lzj.icp:8500/ibmcom/live-crawler-amd64:1.3.1 lzj.icp:8500/ibmcom/live-crawler:1.3.1] 987515538} {[lzj.icp:8500/ibmcom/cos-indexer-amd64@sha256:adf28ff960ebdcbfcfa5e4522b81aa3565338f8d640dad611a1c3f0d3894393b lzj.icp:8500/ibmcom/cos-indexer-amd64:1.3.1 lzj.icp:8500/ibmcom/cos-indexer:1.3.1] 846578165} {[lzj.icp:8500/ibmcom/secure-config-annotator-amd64@sha256:26e845c6a252e0c5ae73e764645993b3270e289d1a2e9784b06ddd7898ca45d9 lzj.icp:8500/ibmcom/secure-config-annotator-amd64:1.3.1 lzj.icp:8500/ibmcom/secure-config-annotator:1.3.1] 835555196} {[lzj.icp:8500/ibmcom/hyperkube-amd64@sha256:9eaadf7c2a417ee2a9a219e2eadf21884742199a484be2ca737f0e8a178d490a lzj.icp:8500/ibmcom/hyperkube-amd64:v1.11.1-ee lzj.icp:8500/ibmcom/hyperkube:v1.11.1-ee] 782626408} {[lzj.icp:8500/ibmcom/compliance-annotator-amd64@sha256:5d8bbbef3a7dc54ba9addb256d2aa8a3f7d5c27a454ff4b7ee583b217dac2ce4 lzj.icp:8500/ibmcom/compliance-annotator-amd64:1.3.1 lzj.icp:8500/ibmcom/compliance-annotator:1.3.1] 773932738} {[lzj.icp:8500/ibmcom/icp-logstash-amd64@sha256:02a683ee6ad9eeed7ea8ebb1de713aaf902a9e20a39ccc0294ee1f947f1bbd73 lzj.icp:8500/ibmcom/icp-logstash-amd64:5.5.1 lzj.icp:8500/ibmcom/icp-logstash:5.5.1] 764906887} {[lzj.icp:8500/ibmcom/process-ma-hf-amd64@sha256:ef0d164350d07600f8037082db7d98cf81b9c554d8a60692ae90b8d0239a8cdc lzj.icp:8500/ibmcom/process-ma-hf-amd64:1.3.1 lzj.icp:8500/ibmcom/process-ma-hf:1.3.1] 758635128} {[lzj.icp:8500/ibmcom/vulnerability-annotator-amd64@sha256:febedf85b65e0d1800e67249274d474d4ce67e8041e81487f76bce727cb39bd4 lzj.icp:8500/ibmcom/vulnerability-annotator-amd64:1.3.1 lzj.icp:8500/ibmcom/vulnerability-annotator:1.3.1] 757013017} {[lzj.icp:8500/ibmcom/py-generic-indexer-amd64@sha256:45cb17e23e15f4dfe44471309af12f0655aad5f8e859c718f393290f220b02b2 lzj.icp:8500/ibmcom/py-generic-indexer-amd64:1.3.1 lzj.icp:8500/ibmcom/py-generic-indexer:1.3.1] 755588945} {[lzj.icp:8500/ibmcom/icp-inception-amd64@sha256:1dad180d14ae732d17ca5cf41b87dbb316c072323f186d60a08a753f904eb5b2 ibmcom/icp-inception-amd64:3.1.0-ee lzj.icp:8500/ibmcom/icp-inception-amd64:3.1.0-ee lzj.icp:8500/ibmcom/icp-inception:3.1.0-ee] 744155119} {[lzj.icp:8500/ibmcom/config-parser-amd64@sha256:7d721e0b5a827921ac16fa9e7570db225211e6dd700cdeaba1d28ba02ff8ef6d lzj.icp:8500/ibmcom/config-parser-amd64:1.3.1 lzj.icp:8500/ibmcom/config-parser:1.3.1] 739243486} {[lzj.icp:8500/ibmcom/iam-policy-administration-amd64@sha256:e1941aa09a5b692505cb3be3e497d3ff9acb900786b9a2c8c4c00d0243b37dd0 lzj.icp:8500/ibmcom/iam-policy-administration-amd64:3.1.0 lzj.icp:8500/ibmcom/iam-policy-administration:3.1.0] 711947327} {[lzj.icp:8500/ibmcom/password-annotator-amd64@sha256:bca1b6b222d8ea8ade174a8cc1a549f161d75d3e9d69881f08a1fb316a8e27d3 lzj.icp:8500/ibmcom/password-annotator-amd64:1.3.1 lzj.icp:8500/ibmcom/password-annotator:1.3.1] 707627907} {[lzj.icp:8500/ibmcom/notification-dispatcher-amd64@sha256:ec8dfbc351a0d758488f9f8bfa17c3182a5c02819a6ebf7144ab914a2233cf57 lzj.icp:8500/ibmcom/notification-dispatcher-amd64:1.3.1 lzj.icp:8500/ibmcom/notification-dispatcher:1.3.1] 707588442} {[lzj.icp:8500/ibmcom/sas-base-amd64@sha256:9651b1149c62d5a0968aaeffe71f2da68cd7e07ff8d7ea67538278c00ab08457 lzj.icp:8500/ibmcom/sas-base-amd64:1.3.1 lzj.icp:8500/ibmcom/sas-base:1.3.1] 653746081} {[lzj.icp:8500/ibmcom/ma-file-annotator-amd64@sha256:8caa6280fd845fd524ad874a6b243510ebf085d58c989229020fcfc743492632 lzj.icp:8500/ibmcom/ma-file-annotator-amd64:1.3.1 lzj.icp:8500/ibmcom/ma-file-annotator:1.3.1] 653745236} {[lzj.icp:8500/ibmcom/icp-kibana-amd64@sha256:8b69887ac5297e1d2e68b9c2ce885b9a888f6c278ca1538acb0f03206b48502a lzj.icp:8500/ibmcom/icp-kibana-amd64:5.5.1 lzj.icp:8500/ibmcom/icp-kibana:5.5.1] 639622018} {[lzj.icp:8500/ibmcom/icp-platform-api-amd64@sha256:1fc47925c2611aef12631b3f3806308f55a298074aebc561fd04cf8a7691c669 lzj.icp:8500/ibmcom/icp-platform-api-amd64:3.1.0 lzj.icp:8500/ibmcom/icp-platform-api:3.1.0] 612589125} {[lzj.icp:8500/ibmcom/iam-policy-decision-amd64@sha256:d49eb3845c57bb8370a477949d92da10a178b81ade50f0e9d970981fadd6686d lzj.icp:8500/ibmcom/iam-policy-decision-amd64:3.1.0 lzj.icp:8500/ibmcom/iam-policy-decision:3.1.0] 559718344} {[lzj.icp:8500/ibmcom/rootkit-annotator-amd64@sha256:caf6c24136b8785d901f346a640d673b55fe105c3617cfcb432ee2006f5b1cf4 lzj.icp:8500/ibmcom/rootkit-annotator-amd64:1.3.1 lzj.icp:8500/ibmcom/rootkit-annotator:1.3.1] 549434506} {[lzj.icp:8500/ibmcom/icp-elasticsearch-amd64@sha256:0063a7a931ca4e52d8f7a51f2bdb010345f4373b5b904b52e5c8a48ec0c1fde7 lzj.icp:8500/ibmcom/icp-elasticsearch-amd64:5.5.1 lzj.icp:8500/ibmcom/icp-elasticsearch:5.5.1] 520121248} {[lzj.icp:8500/ibmcom/logging-pki-init-amd64@sha256:cc4bfa085e1ae99120ee526acd3e62d205e10de6f1c773c521fc5b933914f6a8 lzj.icp:8500/ibmcom/logging-pki-init-amd64:2.0.0 lzj.icp:8500/ibmcom/logging-pki-init:2.0.0] 501921135} {[lzj.icp:8500/ibmcom/searchguard-init-amd64@sha256:d19ce1d27f406945d4ed78b0f07007998c2ab3889086e502924847c2186db546 lzj.icp:8500/ibmcom/searchguard-init-amd64:2.0.0 lzj.icp:8500/ibmcom/searchguard-init:2.0.0] 457030441} {[lzj.icp:8500/ibmcom/metering-ui-amd64@sha256:3628a8fe41183c08ea0b02e2e798e3649e4aebe2c2405c34572b9eb7c7c4d9a8 lzj.icp:8500/ibmcom/metering-ui-amd64:3.1.0 lzj.icp:8500/ibmcom/metering-ui:3.1.0] 385577105} {[lzj.icp:8500/ibmcom/heketi-amd64@sha256:c5b579a4f219c87990f861eb61de86cb9cfb51b6d230b8c299df7d9fd3d02d0e lzj.icp:8500/ibmcom/heketi-amd64:v7.0.0 lzj.icp:8500/ibmcom/heketi:v7.0.0] 384720377} {[lzj.icp:8500/ibmcom/icp-mongodb-amd64@sha256:a305ae8bc309898d86bf60aee968846db3602f77b25924640d5f08a2389ee99d lzj.icp:8500/ibmcom/icp-mongodb-amd64:3.1.0 lzj.icp:8500/ibmcom/icp-mongodb:3.1.0] 379353410} {[lzj.icp:8500/ibmcom/icp-catalog-ui-amd64@sha256:33993b4eab189e3c78fe27799017da770d47523cf6831460741008bf91297d6d lzj.icp:8500/ibmcom/icp-catalog-ui-amd64:3.1.0 lzj.icp:8500/ibmcom/icp-catalog-ui:3.1.0] 363781304} {[lzj.icp:8500/ibmcom/nginx-ingress-controller-amd64@sha256:63b48dd3ba635aa65409f7d6a319e293697810c1b9e885e6255bebf36a2506ab lzj.icp:8500/ibmcom/nginx-ingress-controller-amd64:0.16.2 lzj.icp:8500/ibmcom/nginx-ingress-controller:0.16.2] 361632894} {[lzj.icp:8500/ibmcom/mariadb-amd64@sha256:1f9876179c32fcf463804f75cbf2fb031106edf2be9d5dbf6705375ca53930bb lzj.icp:8500/ibmcom/mariadb-amd64:10.2.17 lzj.icp:8500/ibmcom/mariadb:10.2.17] 358991946} {[lzj.icp:8500/ibmcom/k8szk-amd64@sha256:a9ee22a4df14654552a02303e4560623244683692fd298dd2fb71e9dd66219f3 lzj.icp:8500/ibmcom/k8szk-amd64:v3 lzj.icp:8500/ibmcom/k8szk:v3] 331472973} {[lzj.icp:8500/ibmcom/gluster-amd64@sha256:647caedb536eb7b8c5c8b0a2b69e52d2a34be9e6c9c7b9c1b21d14fcfa261886 lzj.icp:8500/ibmcom/gluster-amd64:v4.0.2 lzj.icp:8500/ibmcom/gluster:v4.0.2] 324265531} {[lzj.icp:8500/ibmcom/istio-grafana-amd64@sha256:381a2dd3a5addbc5d43920bc19bb15ba6dbd422e4a9d91163108e72c5a63234c lzj.icp:8500/ibmcom/istio-grafana-amd64:1.0.0.1 lzj.icp:8500/ibmcom/istio-grafana:1.0.0.1] 324187770} {[lzj.icp:8500/ibmcom/icp-filebeat-amd64@sha256:03af9b78dad6c2ba857975d10c81e781460796dff1ff1163ea4596f4aa10601d lzj.icp:8500/ibmcom/icp-filebeat-amd64:5.5.1 lzj.icp:8500/ibmcom/icp-filebeat:5.5.1] 317104874} {[lzj.icp:8500/ibmcom/istio-proxyv2-amd64@sha256:cd77e75fa85ce74914e1b7b0bef980ece8a62ef0d776c9ef51a0d7d30b4b64a0 lzj.icp:8500/ibmcom/istio-proxyv2-amd64:1.0.0.1 lzj.icp:8500/ibmcom/istio-proxyv2:1.0.0.1] 311276139} {[lzj.icp:8500/ibmcom/istio-pilot-amd64@sha256:63352073a964037fd37f6150228231d2e5eca7e0c2920405d6269326d3c54263 lzj.icp:8500/ibmcom/istio-pilot-amd64:1.0.0.1 lzj.icp:8500/ibmcom/istio-pilot:1.0.0.1] 309502004} {[lzj.icp:8500/ibmcom/fluentd-amd64@sha256:384a99b8d941c93f96ee5b5cbae5b70500219a3f71c73cf4eddd20d9d693e3b3 lzj.icp:8500/ibmcom/fluentd-amd64:v1.2.2-icp lzj.icp:8500/ibmcom/fluentd:v1.2.2-icp] 270902701} {[lzj.icp:8500/ibmcom/icp-identity-manager-amd64@sha256:632f31acd0fcfc3d0cebea31cfb71018f6712bd1a1b4da7476942b3c23aa3521 lzj.icp:8500/ibmcom/icp-identity-manager-amd64:3.1.0 lzj.icp:8500/ibmcom/icp-identity-manager:3.1.0] 268667523} {[lzj.icp:8500/ibmcom/elasticsearch-plugin-searchguard-amd64@sha256:28f88d06bbbc073162702064c1be4ad06272e9021cbc0f929ba8c6da2ca25ae6 lzj.icp:8500/ibmcom/elasticsearch-plugin-searchguard-amd64:2.0.0 lzj.icp:8500/ibmcom/elasticsearch-plugin-searchguard:2.0.0] 267864279} {[lzj.icp:8500/ibmcom/kiali-amd64@sha256:bec63b454cf2e597c61f6a9943144050e5e6fc7a4f6474bc3bb6b627ba20c71c lzj.icp:8500/ibmcom/kiali-amd64:istio-release-1.0.0.1 lzj.icp:8500/ibmcom/kiali:istio-release-1.0.0.1] 265771300} {[lzj.icp:8500/ibmcom/calico-node-amd64@sha256:9871f4dde9eab9fd804b12f3114da36505ff5c220e2323b7434eec24e3b23ac5 lzj.icp:8500/ibmcom/calico-node-amd64:v3.1.3 lzj.icp:8500/ibmcom/calico-node:v3.1.3] 248202699} {[lzj.icp:8500/ibmcom/grafana-amd64@sha256:dc3566257a0c716caedfb33127d8ee385290c1dda006bebfb75c376d56b30c88 lzj.icp:8500/ibmcom/grafana-amd64:5.2.0 lzj.icp:8500/ibmcom/grafana:5.2.0] 245297582} {[lzj.icp:8500/ibmcom/indices-cleaner-amd64@sha256:e6c6453d54012488e9ebfaa9e4d829f567d8e66b24c1613e6d88ca192ed5e85b lzj.icp:8500/ibmcom/indices-cleaner-amd64:1.0.0 lzj.icp:8500/ibmcom/indices-cleaner:1.0.0] 238131553} {[lzj.icp:8500/ibmcom/icp-identity-provider-amd64@sha256:24dba8b07c8295eef99abbf8d83041908516e4e50e4e4cfbbbcd53bdf415dda1 lzj.icp:8500/ibmcom/icp-identity-provider-amd64:3.1.0 lzj.icp:8500/ibmcom/icp-identity-provider:3.1.0] 224286517} {[lzj.icp:8500/ibmcom/curl-amd64@sha256:aad05b4e4529f7e70516d8d3028cae6cd1d50de738ce164f2a532ce2470ac43f lzj.icp:8500/ibmcom/curl-amd64:4.0.0 lzj.icp:8500/ibmcom/curl:4.0.0] 221192597} {[lzj.icp:8500/ibmcom/icp-audit-service-amd64@sha256:9add202c06a43da647380c860d9139fa059701fe103c1f229281215bf99dbbd3 lzj.icp:8500/ibmcom/icp-audit-service-amd64:3.1.0 lzj.icp:8500/ibmcom/icp-audit-service:3.1.0] 215897363}],VolumesInUse:[],VolumesAttached:[],Config:&amp;NodeConfigStatus{Assigned:nil,Active:nil,LastKnownGood:nil,Error:,},},}&#xA;Sep 19 07:32:44.386: INFO: &#xA;Logging kubelet events for node 10.46.6.173&#xA;Sep 19 07:32:44.390: INFO: &#xA;Logging pods the kubelet thinks is on node 10.46.6.173&#xA;Sep 19 07:32:44.432: INFO: icp-mongodb-0 started at 2018-09-17 07:07:42 +0000 UTC (2+1 container statuses recorded)&#xA;Sep 19 07:32:44.432: INFO: &#x9;Init container install ready: true, restart count 0&#xA;Sep 19 07:32:44.432: INFO: &#x9;Init container bootstrap ready: true, restart count 0&#xA;Sep 19 07:32:44.432: INFO: &#x9;Container icp-mongodb ready: true, restart count 0&#xA;Sep 19 07:32:44.432: INFO: catalog-ui-5rtkh started at 2018-09-17 07:15:57 +0000 UTC (0+1 container statuses recorded)&#xA;Sep 19 07:32:44.432: INFO: &#x9;Container catalog-ui ready: true, restart count 0&#xA;Sep 19 07:32:44.432: INFO: istio-policy-5b64d7fd64-jrlzt started at 2018-09-17 07:23:11 +0000 UTC (0+2 container statuses recorded)&#xA;Sep 19 07:32:44.432: INFO: &#x9;Container istio-proxy ready: true, restart count 0&#xA;Sep 19 07:32:44.432: INFO: &#x9;Container mixer ready: true, restart count 0&#xA;Sep 19 07:32:44.432: INFO: calico-kube-controllers-dcb8cc97c-gtsqp started at 2018-09-17 07:05:53 +0000 UTC (0+1 container statuses recorded)&#xA;Sep 19 07:32:44.432: INFO: &#x9;Container calico-kube-controllers ready: true, restart count 0&#xA;Sep 19 07:32:44.432: INFO: k8s-etcd-10.46.6.173 started at &lt;nil&gt; (0+0 container statuses recorded)&#xA;Sep 19 07:32:44.432: INFO: image-manager-0 started at 2018-09-17 06:38:56 +0000 UTC (0+2 container statuses recorded)&#xA;Sep 19 07:32:44.432: INFO: &#x9;Container icp-registry ready: true, restart count 0&#xA;Sep 19 07:32:44.432: INFO: &#x9;Container image-manager ready: true, restart count 0&#xA;Sep 19 07:32:44.432: INFO: platform-deploy-dbbks started at 2018-09-17 07:08:45 +0000 UTC (0+1 container statuses recorded)&#xA;Sep 19 07:32:44.432: INFO: &#x9;Container platform-deploy ready: true, restart count 0&#xA;Sep 19 07:32:44.432: INFO: auth-apikeys-x45mz started at 2018-09-17 07:10:12 +0000 UTC (0+1 container statuses recorded)&#xA;Sep 19 07:32:44.432: INFO: &#x9;Container auth-apikeys ready: true, restart count 0&#xA;Sep 19 07:32:44.432: INFO: istio-policy-5b64d7fd64-fb4bc started at 2018-09-17 07:27:37 +0000 UTC (0+2 container statuses recorded)&#xA;Sep 19 07:32:44.432: INFO: &#x9;Container istio-proxy ready: true, restart count 0&#xA;Sep 19 07:32:44.432: INFO: &#x9;Container mixer ready: true, restart count 0&#xA;Sep 19 07:32:44.432: INFO: k8s-proxy-10.46.6.173 started at &lt;nil&gt; (0+0 container statuses recorded)&#xA;Sep 19 07:32:44.432: INFO: istio-policy-5b64d7fd64-z68j4 started at 2018-09-17 07:19:38 +0000 UTC (0+2 container statuses recorded)&#xA;Sep 19 07:32:44.432: INFO: &#x9;Container istio-proxy ready: true, restart count 0&#xA;Sep 19 07:32:44.432: INFO: &#x9;Container mixer ready: true, restart count 0&#xA;Sep 19 07:32:44.432: INFO: istio-ingressgateway-7bc96d6585-r98nr started at 2018-09-17 07:28:10 +0000 UTC (0+1 container statuses recorded)&#xA;Sep 19 07:32:44.432: INFO: &#x9;Container istio-ingressgateway ready: true, restart count 0&#xA;Sep 19 07:32:44.432: INFO: istio-policy-5b64d7fd64-pt9z2 started at 2018-09-17 07:17:30 +0000 UTC (0+2 container statuses recorded)&#xA;Sep 19 07:32:44.433: INFO: &#x9;Container istio-proxy ready: true, restart count 0&#xA;Sep 19 07:32:44.433: INFO: &#x9;Container mixer ready: true, restart count 0&#xA;Sep 19 07:32:44.433: INFO: helm-repo-5649f57447-wwdn4 started at 2018-09-17 07:13:54 +0000 UTC (1+2 container statuses recorded)&#xA;Sep 19 07:32:44.433: INFO: &#x9;Init container helm-repo-init ready: true, restart count 0&#xA;Sep 19 07:32:44.433: INFO: &#x9;Container audit-service ready: true, restart count 0&#xA;Sep 19 07:32:44.433: INFO: &#x9;Container helm-repo ready: true, restart count 0&#xA;Sep 19 07:32:44.433: INFO: metering-reader-l7284 started at 2018-09-17 07:14:11 +0000 UTC (1+1 container statuses recorded)&#xA;Sep 19 07:32:44.433: INFO: &#x9;Init container metering-reader-init ready: true, restart count 0&#xA;Sep 19 07:32:44.433: INFO: &#x9;Container metering-reader ready: true, restart count 0&#xA;Sep 19 07:32:44.433: INFO: istio-statsd-prom-bridge-66cb69b666-p76m8 started at 2018-09-17 07:17:29 +0000 UTC (0+1 container statuses recorded)&#xA;Sep 19 07:32:44.433: INFO: &#x9;Container statsd-prom-bridge ready: true, restart count 0&#xA;Sep 19 07:32:44.433: INFO: servicegraph-85578d8fc6-m62z4 started at 2018-09-17 07:17:32 +0000 UTC (0+1 container statuses recorded)&#xA;Sep 19 07:32:44.433: INFO: &#x9;Container servicegraph ready: true, restart count 0&#xA;Sep 19 07:32:44.433: INFO: mgmt-repo-57dc689b74-tmp44 started at 2018-09-17 07:17:51 +0000 UTC (1+2 container statuses recorded)&#xA;Sep 19 07:32:44.433: INFO: &#x9;Init container mgmt-repo-init ready: true, restart count 0&#xA;Sep 19 07:32:44.433: INFO: &#x9;Container audit-service ready: true, restart count 0&#xA;Sep 19 07:32:44.433: INFO: &#x9;Container mgmt-repo ready: true, restart count 0&#xA;Sep 19 07:32:44.433: INFO: istio-egressgateway-54448bcdbd-lhh5c started at 2018-09-17 07:20:07 +0000 UTC (0+1 container statuses recorded)&#xA;Sep 19 07:32:44.433: INFO: &#x9;Container istio-egressgateway ready: true, restart count 0&#xA;Sep 19 07:32:44.433: INFO: istio-ingressgateway-7bc96d6585-4qnc5 started at 2018-09-17 07:24:14 +0000 UTC (0+1 container statuses recorded)&#xA;Sep 19 07:32:44.433: INFO: &#x9;Container istio-ingressgateway ready: true, restart count 0&#xA;Sep 19 07:32:44.433: INFO: auth-idp-kjpmx started at 2018-09-17 07:10:04 +0000 UTC (1+4 container statuses recorded)&#xA;Sep 19 07:32:44.433: INFO: &#x9;Init container init-mariadb ready: true, restart count 0&#xA;Sep 19 07:32:44.433: INFO: &#x9;Container icp-audit-service ready: true, restart count 0&#xA;Sep 19 07:32:44.433: INFO: &#x9;Container platform-auth-service ready: true, restart count 0&#xA;Sep 19 07:32:44.433: INFO: &#x9;Container platform-identity-manager ready: true, restart count 0&#xA;Sep 19 07:32:44.433: INFO: &#x9;Container platform-identity-provider ready: true, restart count 0&#xA;Sep 19 07:32:44.433: INFO: istio-telemetry-8b5964dc7-9q67f started at 2018-09-17 07:31:08 +0000 UTC (0+2 container statuses recorded)&#xA;Sep 19 07:32:44.433: INFO: &#x9;Container istio-proxy ready: true, restart count 0&#xA;Sep 19 07:32:44.433: INFO: &#x9;Container mixer ready: true, restart count 0&#xA;Sep 19 07:32:44.433: INFO: istio-telemetry-8b5964dc7-vjqbq started at 2018-09-17 07:27:36 +0000 UTC (0+2 container statuses recorded)&#xA;Sep 19 07:32:44.433: INFO: &#x9;Container istio-proxy ready: true, restart count 0&#xA;Sep 19 07:32:44.433: INFO: &#x9;Container mixer ready: true, restart count 0&#xA;Sep 19 07:32:44.433: INFO: auth-pap-qb5m2 started at 2018-09-17 07:10:20 +0000 UTC (0+1 container statuses recorded)&#xA;Sep 19 07:32:44.433: INFO: &#x9;Container auth-pap ready: true, restart count 0&#xA;Sep 19 07:32:44.433: INFO: service-catalog-controller-manager-5969cccf86-65phs started at 2018-09-17 07:08:21 +0000 UTC (0+1 container statuses recorded)&#xA;Sep 19 07:32:44.433: INFO: &#x9;Container controller-manager ready: true, restart count 0&#xA;Sep 19 07:32:44.433: INFO: istio-pilot-6cf9ccf474-kkb6j started at 2018-09-17 07:17:31 +0000 UTC (0+2 container statuses recorded)&#xA;Sep 19 07:32:44.433: INFO: &#x9;Container discovery ready: true, restart count 0&#xA;Sep 19 07:32:44.433: INFO: &#x9;Container istio-proxy ready: true, restart count 0&#xA;Sep 19 07:32:44.433: INFO: ibm-cert-manager-cert-manager-74687f689b-7994r started at 2018-09-17 07:07:12 +0000 UTC (0+1 container statuses recorded)&#xA;Sep 19 07:32:44.433: INFO: &#x9;Container ibm-cert-manager ready: true, restart count 0&#xA;Sep 19 07:32:44.433: INFO: nginx-ingress-controller-h5z2v started at 2018-09-17 07:08:28 +0000 UTC (1+1 container statuses recorded)&#xA;Sep 19 07:32:44.433: INFO: &#x9;Init container sysctl ready: true, restart count 0&#xA;Sep 19 07:32:44.433: INFO: &#x9;Container nginx-ingress ready: true, restart count 0&#xA;Sep 19 07:32:44.433: INFO: istio-egressgateway-54448bcdbd-pjbtc started at 2018-09-17 07:28:34 +0000 UTC (0+1 container statuses recorded)&#xA;Sep 19 07:32:44.433: INFO: &#x9;Container istio-egressgateway ready: true, restart count 0&#xA;Sep 19 07:32:44.433: INFO: calico-node-m7d5t started at 2018-09-17 07:05:54 +0000 UTC (0+2 container statuses recorded)&#xA;Sep 19 07:32:44.433: INFO: &#x9;Container calico-node ready: true, restart count 0&#xA;Sep 19 07:32:44.433: INFO: &#x9;Container install-cni ready: true, restart count 0&#xA;Sep 19 07:32:44.433: INFO: grafana-77676f44f7-c9wr6 started at 2018-09-17 07:17:28 +0000 UTC (0+1 container statuses recorded)&#xA;Sep 19 07:32:44.433: INFO: &#x9;Container grafana ready: true, restart count 1&#xA;Sep 19 07:32:44.433: INFO: security-onboarding-tkf79 started at 2018-09-17 07:18:12 +0000 UTC (0+1 container statuses recorded)&#xA;Sep 19 07:32:44.433: INFO: &#x9;Container security-onboarding ready: false, restart count 0&#xA;Sep 19 07:32:44.433: INFO: istio-egressgateway-54448bcdbd-xmkbc started at 2018-09-17 07:24:11 +0000 UTC (0+1 container statuses recorded)&#xA;Sep 19 07:32:44.433: INFO: &#x9;Container istio-egressgateway ready: true, restart count 0&#xA;Sep 19 07:32:44.433: INFO: k8s-master-10.46.6.173 started at &lt;nil&gt; (0+0 container statuses recorded)&#xA;Sep 19 07:32:44.433: INFO: unified-router-lkwnl started at 2018-09-17 07:15:31 +0000 UTC (0+1 container statuses recorded)&#xA;Sep 19 07:32:44.433: INFO: &#x9;Container unified-router ready: true, restart count 0&#xA;Sep 19 07:32:44.433: INFO: istio-ingressgateway-7bc96d6585-smf45 started at 2018-09-17 07:17:28 +0000 UTC (0+1 container statuses recorded)&#xA;Sep 19 07:32:44.433: INFO: &#x9;Container istio-ingressgateway ready: true, restart count 0&#xA;Sep 19 07:32:44.433: INFO: tiller-deploy-6b58875cb-5l8kh started at 2018-09-17 07:05:28 +0000 UTC (0+1 container statuses recorded)&#xA;Sep 19 07:32:44.433: INFO: &#x9;Container tiller ready: true, restart count 0&#xA;Sep 19 07:32:44.433: INFO: platform-ui-6fjgx started at 2018-09-17 07:14:34 +0000 UTC (0+1 container statuses recorded)&#xA;Sep 19 07:32:44.433: INFO: &#x9;Container platform-ui ready: true, restart count 0&#xA;Sep 19 07:32:44.433: INFO: monitoring-prometheus-nodeexporter-f84fv started at 2018-09-17 07:15:45 +0000 UTC (0+2 container statuses recorded)&#xA;Sep 19 07:32:44.433: INFO: &#x9;Container nodeexporter ready: true, restart count 0&#xA;Sep 19 07:32:44.433: INFO: &#x9;Container router ready: true, restart count 0&#xA;Sep 19 07:32:44.433: INFO: prometheus-6f98d89664-wh7pb started at 2018-09-17 07:17:31 +0000 UTC (0+1 container statuses recorded)&#xA;Sep 19 07:32:44.433: INFO: &#x9;Container prometheus ready: true, restart count 0&#xA;Sep 19 07:32:44.433: INFO: vulnerability-advisor-live-crawler-p6khc started at 2018-09-17 07:19:02 +0000 UTC (0+1 container statuses recorded)&#xA;Sep 19 07:32:44.433: INFO: &#x9;Container live-crawler ready: true, restart count 0&#xA;Sep 19 07:32:44.433: INFO: default-backend-54966589c4-4d47g started at 2018-09-17 07:08:29 +0000 UTC (0+1 container statuses recorded)&#xA;Sep 19 07:32:44.433: INFO: &#x9;Container default-backend ready: true, restart count 0&#xA;Sep 19 07:32:44.433: INFO: oidc-client-registration-szxrk started at 2018-09-17 07:10:05 +0000 UTC (0+1 container statuses recorded)&#xA;Sep 19 07:32:44.433: INFO: &#x9;Container oidc-client-registration ready: false, restart count 0&#xA;Sep 19 07:32:44.433: INFO: kiali-7f8c59df94-25qmq started at 2018-09-17 07:17:27 +0000 UTC (0+1 container statuses recorded)&#xA;Sep 19 07:32:44.433: INFO: &#x9;Container kiali ready: true, restart count 0&#xA;Sep 19 07:32:44.433: INFO: service-catalog-apiserver-967x9 started at 2018-09-17 07:08:20 +0000 UTC (0+1 container statuses recorded)&#xA;Sep 19 07:32:44.433: INFO: &#x9;Container apiserver ready: true, restart count 0&#xA;Sep 19 07:32:44.433: INFO: auth-pdp-tk2jm started at 2018-09-17 07:10:28 +0000 UTC (5+2 container statuses recorded)&#xA;Sep 19 07:32:44.433: INFO: &#x9;Init container init-auth-service ready: true, restart count 0&#xA;Sep 19 07:32:44.433: INFO: &#x9;Init container init-identity-provider ready: true, restart count 0&#xA;Sep 19 07:32:44.433: INFO: &#x9;Init container init-identity-manager ready: true, restart count 0&#xA;Sep 19 07:32:44.433: INFO: &#x9;Init container init-token-service ready: true, restart count 0&#xA;Sep 19 07:32:44.433: INFO: &#x9;Init container init-pap ready: true, restart count 0&#xA;Sep 19 07:32:44.433: INFO: &#x9;Container auth-pdp ready: true, restart count 0&#xA;Sep 19 07:32:44.433: INFO: &#x9;Container icp-audit-service ready: true, restart count 0&#xA;Sep 19 07:32:44.433: INFO: icp-management-ingress-x6qn8 started at 2018-09-17 07:10:36 +0000 UTC (0+1 container statuses recorded)&#xA;Sep 19 07:32:44.433: INFO: &#x9;Container icp-management-ingress ready: true, restart count 0&#xA;Sep 19 07:32:44.433: INFO: istio-egressgateway-54448bcdbd-cqlhf started at 2018-09-17 07:24:11 +0000 UTC (0+1 container statuses recorded)&#xA;Sep 19 07:32:44.433: INFO: &#x9;Container istio-egressgateway ready: true, restart count 0&#xA;Sep 19 07:32:44.433: INFO: kube-dns-mwjc8 started at 2018-09-17 07:06:10 +0000 UTC (0+1 container statuses recorded)&#xA;Sep 19 07:32:44.433: INFO: &#x9;Container kube-dns ready: true, restart count 0&#xA;Sep 19 07:32:44.433: INFO: istio-galley-687cd96db-hlpng started at 2018-09-17 07:17:28 +0000 UTC (0+1 container statuses recorded)&#xA;Sep 19 07:32:44.433: INFO: &#x9;Container validator ready: true, restart count 0&#xA;Sep 19 07:32:44.433: INFO: istio-tracing-77ccfc8844-79ngl started at 2018-09-17 07:17:32 +0000 UTC (0+1 container statuses recorded)&#xA;Sep 19 07:32:44.433: INFO: &#x9;Container jaeger ready: true, restart count 0&#xA;Sep 19 07:32:44.433: INFO: audit-logging-fluentd-ds-dhcg6 started at 2018-09-17 07:18:46 +0000 UTC (0+1 container statuses recorded)&#xA;Sep 19 07:32:44.433: INFO: &#x9;Container fluentd ready: true, restart count 0&#xA;Sep 19 07:32:44.433: INFO: istio-ingressgateway-7bc96d6585-m567m started at 2018-09-17 07:20:41 +0000 UTC (0+1 container statuses recorded)&#xA;Sep 19 07:32:44.433: INFO: &#x9;Container istio-ingressgateway ready: true, restart count 0&#xA;Sep 19 07:32:44.433: INFO: heapster-69b486565b-nt26r started at 2018-09-17 07:13:48 +0000 UTC (0+1 container statuses recorded)&#xA;Sep 19 07:32:44.433: INFO: &#x9;Container heapster ready: true, restart count 0&#xA;Sep 19 07:32:44.433: INFO: istio-egressgateway-54448bcdbd-f4v6v started at 2018-09-17 07:17:29 +0000 UTC (0+1 container statuses recorded)&#xA;Sep 19 07:32:44.433: INFO: &#x9;Container istio-egressgateway ready: true, restart count 0&#xA;Sep 19 07:32:44.433: INFO: istio-citadel-77694dc965-mwqkp started at 2018-09-17 07:17:31 +0000 UTC (0+1 container statuses recorded)&#xA;Sep 19 07:32:44.433: INFO: &#x9;Container citadel ready: true, restart count 0&#xA;Sep 19 07:32:44.433: INFO: vulnerability-advisor-process-ma-crawler-96728 started at 2018-09-17 07:19:03 +0000 UTC (0+1 container statuses recorded)&#xA;Sep 19 07:32:44.433: INFO: &#x9;Container process-ma-crawler ready: true, restart count 0&#xA;Sep 19 07:32:44.433: INFO: istio-telemetry-8b5964dc7-rfswc started at 2018-09-17 07:19:39 +0000 UTC (0+2 container statuses recorded)&#xA;Sep 19 07:32:44.433: INFO: &#x9;Container istio-proxy ready: true, restart count 0&#xA;Sep 19 07:32:44.433: INFO: &#x9;Container mixer ready: true, restart count 0&#xA;Sep 19 07:32:44.433: INFO: helm-api-fdd886877-6pwm8 started at 2018-09-17 07:16:36 +0000 UTC (0+3 container statuses recorded)&#xA;Sep 19 07:32:44.433: INFO: &#x9;Container audit-service ready: true, restart count 0&#xA;Sep 19 07:32:44.433: INFO: &#x9;Container helmapi ready: true, restart count 0&#xA;Sep 19 07:32:44.433: INFO: &#x9;Container rudder ready: true, restart count 0&#xA;Sep 19 07:32:44.433: INFO: mariadb-0 started at 2018-09-17 07:08:38 +0000 UTC (0+1 container statuses recorded)&#xA;Sep 19 07:32:44.433: INFO: &#x9;Container mariadb ready: true, restart count 0&#xA;Sep 19 07:32:44.433: INFO: logging-elk-filebeat-ds-qf2vz started at 2018-09-17 07:15:20 +0000 UTC (0+1 container statuses recorded)&#xA;Sep 19 07:32:44.433: INFO: &#x9;Container filebeat ready: true, restart count 0&#xA;Sep 19 07:32:44.433: INFO: istio-ingressgateway-7bc96d6585-c58zx started at 2018-09-17 07:24:15 +0000 UTC (0+1 container statuses recorded)&#xA;Sep 19 07:32:44.433: INFO: &#x9;Container istio-ingressgateway ready: true, restart count 0&#xA;Sep 19 07:32:44.433: INFO: istio-policy-5b64d7fd64-5l2m9 started at 2018-09-17 07:31:07 +0000 UTC (0+2 container statuses recorded)&#xA;Sep 19 07:32:44.433: INFO: &#x9;Container istio-proxy ready: true, restart count 0&#xA;Sep 19 07:32:44.433: INFO: &#x9;Container mixer ready: true, restart count 0&#xA;Sep 19 07:32:44.433: INFO: nvidia-device-plugin-nh54k started at 2018-09-17 07:07:17 +0000 UTC (1+1 container statuses recorded)&#xA;Sep 19 07:32:44.433: INFO: &#x9;Init container nvidia-driver-collector ready: true, restart count 0&#xA;Sep 19 07:32:44.433: INFO: &#x9;Container nvidia-device-plugin ready: true, restart count 0&#xA;Sep 19 07:32:44.433: INFO: istio-telemetry-8b5964dc7-hcf6d started at 2018-09-17 07:17:29 +0000 UTC (0+2 container statuses recorded)&#xA;Sep 19 07:32:44.433: INFO: &#x9;Container istio-proxy ready: true, restart count 0&#xA;Sep 19 07:32:44.433: INFO: &#x9;Container mixer ready: true, restart count 0&#xA;Sep 19 07:32:44.433: INFO: istio-sidecar-injector-86d554f5f7-d57zk started at 2018-09-17 07:17:32 +0000 UTC (0+1 container statuses recorded)&#xA;Sep 19 07:32:44.433: INFO: &#x9;Container sidecar-injector-webhook ready: true, restart count 0&#xA;Sep 19 07:32:44.433: INFO: secret-watcher-5f59fcbc69-pfnfk started at 2018-09-17 07:18:05 +0000 UTC (0+1 container statuses recorded)&#xA;Sep 19 07:32:44.433: INFO: &#x9;Container secret-watcher ready: true, restart count 0&#xA;Sep 19 07:32:44.433: INFO: istio-telemetry-8b5964dc7-nw9kk started at 2018-09-17 07:23:11 +0000 UTC (0+2 container statuses recorded)&#xA;Sep 19 07:32:44.433: INFO: &#x9;Container istio-proxy ready: true, restart count 0&#xA;Sep 19 07:32:44.433: INFO: &#x9;Container mixer ready: true, restart count 0&#xA;Sep 19 07:32:44.433: INFO: platform-api-2fs4x started at 2018-09-17 07:08:45 +0000 UTC (0+2 container statuses recorded)&#xA;Sep 19 07:32:44.433: INFO: &#x9;Container audit-service ready: true, restart count 0&#xA;Sep 19 07:32:44.433: INFO: &#x9;Container platform-api ready: true, restart count 0&#xA;Sep 19 07:32:44.630: INFO: &#xA;Latency metrics for node 10.46.6.173&#xA;STEP: Dumping a list of prepulled images on each node to file /tmp/results/image-puller.txt&#xA;Sep 19 07:32:44.646: INFO: Waiting up to 3m0s for all (but 0) nodes to be ready&#xA;STEP: Destroying namespace &#34;e2e-tests-gc-gwwkg&#34; for this suite.&#xA;Sep 19 07:32:50.679: INFO: Waiting up to 30s for server preferred namespaced resources to be successfully discovered&#xA;Sep 19 07:32:52.247: INFO: namespace: e2e-tests-gc-gwwkg, resource: bindings, ignored listing per whitelist&#xA;Sep 19 07:32:52.597: INFO: namespace e2e-tests-gc-gwwkg deletion completed in 7.94489228s&#xA;</system-out>
      </testcase>
      <testcase name="[sig-storage] PersistentVolumes-local  [Volume type: blockfs] Set fsGroup for local volume should set different fsGroup for second pod if first pod is deleted" classname="Kubernetes e2e suite" time="0">
          <skipped></skipped>
      </testcase>
      <testcase name="[sig-cli] Kubectl client [k8s.io] Update Demo should create and stop a replication controller  [Conformance]" classname="Kubernetes e2e suite" time="0">
          <skipped></skipped>
      </testcase>
      <testcase name="[sig-apps] Job should run a job to completion when tasks sometimes fail and are not locally restarted" classname="Kubernetes e2e suite" time="0">
          <skipped></skipped>
      </testcase>
      <testcase name="[sig-storage] Subpath [Volume type: hostPathSymlink] should support restarting containers using file as subpath [Slow]" classname="Kubernetes e2e suite" time="0">
          <skipped></skipped>
      </testcase>
      <testcase name="[sig-storage] PersistentVolumes-local  [Volume type: dir-link-bindmounted] Set fsGroup for local volume should set same fsGroup for two pods simultaneously" classname="Kubernetes e2e suite" time="0">
          <skipped></skipped>
      </testcase>
      <testcase name="[sig-cli] Kubectl client [k8s.io] Kubectl taint [Serial] should update the taint on a node" classname="Kubernetes e2e suite" time="0">
          <skipped></skipped>
      </testcase>
      <testcase name="[sig-api-machinery] Servers with support for Table transformation should return chunks of table results for list calls" classname="Kubernetes e2e suite" time="0">
          <skipped></skipped>
      </testcase>
      <testcase name="[sig-apps] Deployment test Deployment ReplicaSet orphaning and adoption regarding controllerRef" classname="Kubernetes e2e suite" time="0">
          <skipped></skipped>
      </testcase>
      <testcase name="[sig-storage] Volume Disk Format [Feature:vsphere] verify disk format type - zeroedthick is honored for dynamically provisioned pv using storageclass" classname="Kubernetes e2e suite" time="0">
          <skipped></skipped>
      </testcase>
      <testcase name="[sig-auth] ServiceAccounts should allow opting out of API token automount  [Conformance]" classname="Kubernetes e2e suite" time="16.216480986"></testcase>
      <testcase name="[sig-storage] Downward API volume should update annotations on modification [NodeConformance] [Conformance]" classname="Kubernetes e2e suite" time="33.052248423"></testcase>
      <testcase name="[sig-network] Networking Granular Checks: Pods should function for node-pod communication: udp [NodeConformance] [Conformance]" classname="Kubernetes e2e suite" time="49.708772529"></testcase>
      <testcase name="[k8s.io] Variable Expansion should fail substituting values in a volume subpath with backticks [Feature:VolumeSubpathEnvExpansion][NodeAlphaFeature:VolumeSubpathEnvExpansion][Slow]" classname="Kubernetes e2e suite" time="0">
          <skipped></skipped>
      </testcase>
      <testcase name="[sig-instrumentation] [Feature:PrometheusMonitoring] Prometheus should scrape metrics from annotated pods." classname="Kubernetes e2e suite" time="0">
          <skipped></skipped>
      </testcase>
      <testcase name="[sig-storage] Storage Policy Based Volume Provisioning [Feature:vsphere] verify an existing and compatible SPBM policy is honored for dynamically provisioned pvc using storageclass" classname="Kubernetes e2e suite" time="0">
          <skipped></skipped>
      </testcase>
      <testcase name="[sig-api-machinery] Namespaces [Serial] should delete fast enough (90 percent of 100 namespaces in 150 seconds)" classname="Kubernetes e2e suite" time="0">
          <skipped></skipped>
      </testcase>
      <testcase name="[sig-storage] Subpath [Volume type: gcePDPartitioned] should support existing directories when readOnly specified in the volumeSource" classname="Kubernetes e2e suite" time="0">
          <skipped></skipped>
      </testcase>
      <testcase name="[sig-network] DNS should provide DNS for the cluster  [Conformance]" classname="Kubernetes e2e suite" time="33.162525799"></testcase>
      <testcase name="[sig-autoscaling] [HPA] Horizontal pod autoscaling (scale resource: Custom Metrics from Stackdriver) should scale down with Custom Metric of type Pod from Stackdriver with Prometheus [Feature:CustomMetricsAutoscaling]" classname="Kubernetes e2e suite" time="0">
          <skipped></skipped>
      </testcase>
      <testcase name="[sig-storage] PersistentVolumes-local  [Volume type: dir] Set fsGroup for local volume should set different fsGroup for second pod if first pod is deleted" classname="Kubernetes e2e suite" time="0">
          <skipped></skipped>
      </testcase>
      <testcase name="[sig-storage] GenericPersistentVolume[Disruptive] When kubelet restarts Should test that a file written to the mount before kubelet restart is readable after restart." classname="Kubernetes e2e suite" time="0">
          <skipped></skipped>
      </testcase>
      <testcase name="[k8s.io] [sig-node] Security Context [Feature:SecurityContext] should support volume SELinux relabeling when using hostPID" classname="Kubernetes e2e suite" time="0">
          <skipped></skipped>
      </testcase>
      <testcase name="[sig-storage] Pod Disks should be able to delete a non-existent PD without error" classname="Kubernetes e2e suite" time="0">
          <skipped></skipped>
      </testcase>
      <testcase name="[sig-apps] DisruptionController evictions: maxUnavailable deny evictions, integer =&gt; should not allow an eviction" classname="Kubernetes e2e suite" time="0">
          <skipped></skipped>
      </testcase>
      <testcase name="[sig-storage] HostPath should support existing directory subPath" classname="Kubernetes e2e suite" time="0">
          <skipped></skipped>
      </testcase>
      <testcase name="[sig-instrumentation] [Feature:PrometheusMonitoring] Prometheus should successfully scrape all targets" classname="Kubernetes e2e suite" time="0">
          <skipped></skipped>
      </testcase>
      <testcase name="[sig-autoscaling] [HPA] Horizontal pod autoscaling (scale resource: CPU) [sig-autoscaling] [Serial] [Slow] ReplicationController Should scale from 5 pods to 3 pods and from 3 to 1 and verify decision stability" classname="Kubernetes e2e suite" time="0">
          <skipped></skipped>
      </testcase>
      <testcase name="[sig-storage] Volume FStype [Feature:vsphere] verify fstype - ext3 formatted volume" classname="Kubernetes e2e suite" time="0">
          <skipped></skipped>
      </testcase>
      <testcase name="[sig-storage] Subpath [Volume type: gcePDPartitioned] should fail if subpath file is outside the volume [Slow]" classname="Kubernetes e2e suite" time="0">
          <skipped></skipped>
      </testcase>
      <testcase name="[sig-storage] PersistentVolumes-local  [Volume type: blockfs] One pod requesting one prebound PVC should be able to mount volume and read from pod1" classname="Kubernetes e2e suite" time="0">
          <skipped></skipped>
      </testcase>
      <testcase name="[sig-instrumentation] Stackdriver Monitoring should have cluster metrics [Feature:StackdriverMonitoring]" classname="Kubernetes e2e suite" time="0">
          <skipped></skipped>
      </testcase>
      <testcase name="[sig-storage] Projected should provide node allocatable (memory) as default memory limit if the limit is not set [NodeConformance] [Conformance]" classname="Kubernetes e2e suite" time="12.560193446"></testcase>
      <testcase name="[sig-storage] Secrets optional updates should be reflected in volume [NodeConformance] [Conformance]" classname="Kubernetes e2e suite" time="35.046749517"></testcase>
      <testcase name="[sig-storage] Subpath [Volume type: gcePDPartitioned] should support restarting containers using file as subpath [Slow]" classname="Kubernetes e2e suite" time="0">
          <skipped></skipped>
      </testcase>
      <testcase name="[sig-scheduling] ResourceQuota should create a ResourceQuota and capture the life of a replication controller." classname="Kubernetes e2e suite" time="0">
          <skipped></skipped>
      </testcase>
      <testcase name="[sig-storage] Subpath [Volume type: nfs] should support creating multiple subpath from same volumes [Slow]" classname="Kubernetes e2e suite" time="0">
          <skipped></skipped>
      </testcase>
      <testcase name="[sig-auth] [Feature:NodeAuthorizer] Getting a non-existent secret should exit with the Forbidden error, not a NotFound error" classname="Kubernetes e2e suite" time="0">
          <skipped></skipped>
      </testcase>
      <testcase name="[sig-api-machinery] Initializers [Feature:Initializers] will be set to nil if a patch removes the last pending initializer" classname="Kubernetes e2e suite" time="0">
          <skipped></skipped>
      </testcase>
      <testcase name="[k8s.io] Cluster size autoscaler scalability [Slow] should scale down empty nodes [Feature:ClusterAutoscalerScalability3]" classname="Kubernetes e2e suite" time="0">
          <skipped></skipped>
      </testcase>
      <testcase name="[sig-storage] Volume expand [Slow] Verify if editing PVC allows resize" classname="Kubernetes e2e suite" time="0">
          <skipped></skipped>
      </testcase>
      <testcase name="[sig-storage] Projected should be consumable from pods in volume as non-root with defaultMode and fsGroup set [NodeFeature:FSGroup]" classname="Kubernetes e2e suite" time="0">
          <skipped></skipped>
      </testcase>
      <testcase name="[sig-storage] Projected should be consumable from pods in volume with defaultMode set [NodeConformance] [Conformance]" classname="Kubernetes e2e suite" time="14.705348121"></testcase>
      <testcase name="[sig-storage] NFSPersistentVolumes[Disruptive][Flaky] when kube-controller-manager restarts should delete a bound PVC from a clientPod, restart the kube-control-manager, and ensure the kube-controller-manager does not crash" classname="Kubernetes e2e suite" time="0">
          <skipped></skipped>
      </testcase>
      <testcase name="[k8s.io] Probing container with readiness probe that fails should never be ready and never restart [NodeConformance] [Conformance]" classname="Kubernetes e2e suite" time="86.508795528"></testcase>
      <testcase name="[sig-autoscaling] [HPA] Horizontal pod autoscaling (scale resource: CPU) [sig-autoscaling] [Serial] [Slow] Deployment Should scale from 5 pods to 3 pods and from 3 to 1" classname="Kubernetes e2e suite" time="0">
          <skipped></skipped>
      </testcase>
      <testcase name="[sig-storage] Subpath [Volume type: nfsPVC] should support existing directories when readOnly specified in the volumeSource" classname="Kubernetes e2e suite" time="0">
          <skipped></skipped>
      </testcase>
      <testcase name="[sig-storage] EmptyDir wrapper volumes should not conflict" classname="Kubernetes e2e suite" time="0">
          <skipped></skipped>
      </testcase>
      <testcase name="[sig-apps] ReplicaSet should surface a failure condition on a common issue like exceeded quota" classname="Kubernetes e2e suite" time="0">
          <skipped></skipped>
      </testcase>
      <testcase name="[sig-storage] PersistentVolumes-local  [Volume type: block] [Feature:BlockVolume] Set fsGroup for local volume should set different fsGroup for second pod if first pod is deleted" classname="Kubernetes e2e suite" time="0">
          <skipped></skipped>
      </testcase>
      <testcase name="[sig-instrumentation] MetricsGrabber should grab all metrics from a Scheduler." classname="Kubernetes e2e suite" time="0">
          <skipped></skipped>
      </testcase>
      <testcase name="[sig-scheduling] SchedulerPredicates [Serial] validates that there exists conflict between pods with same hostPort and protocol but one using 0.0.0.0 hostIP" classname="Kubernetes e2e suite" time="0">
          <skipped></skipped>
      </testcase>
      <testcase name="[sig-storage] EmptyDir volumes should support (root,0666,default) [NodeConformance] [Conformance]" classname="Kubernetes e2e suite" time="13.035229682"></testcase>
      <testcase name="[k8s.io] Variable Expansion should fail substituting values in a volume subpath with absolute path [Feature:VolumeSubpathEnvExpansion][NodeAlphaFeature:VolumeSubpathEnvExpansion][Slow]" classname="Kubernetes e2e suite" time="0">
          <skipped></skipped>
      </testcase>
      <testcase name="[sig-storage] Subpath [Volume type: gcePDPVC] should fail if non-existent subpath is outside the volume [Slow]" classname="Kubernetes e2e suite" time="0">
          <skipped></skipped>
      </testcase>
      <testcase name="[sig-storage] Projected should provide podname as non-root with fsgroup and defaultMode [NodeFeature:FSGroup]" classname="Kubernetes e2e suite" time="0">
          <skipped></skipped>
      </testcase>
      <testcase name="[k8s.io] [sig-node] Security Context [Feature:SecurityContext] should support volume SELinux relabeling when using hostIPC" classname="Kubernetes e2e suite" time="0">
          <skipped></skipped>
      </testcase>
      <testcase name="[sig-autoscaling] Cluster size autoscaling [Slow] Should scale up GPU pool from 1 [GpuType:nvidia-tesla-p100] [Feature:ClusterSizeAutoscalingGpu]" classname="Kubernetes e2e suite" time="0">
          <skipped></skipped>
      </testcase>
      <testcase name="[sig-storage] Subpath [Volume type: gcePDPartitioned] should fail if subpath with backstepping is outside the volume [Slow]" classname="Kubernetes e2e suite" time="0">
          <skipped></skipped>
      </testcase>
      <testcase name="[sig-storage] Subpath [Volume type: nfsPVC] should support non-existent path" classname="Kubernetes e2e suite" time="0">
          <skipped></skipped>
      </testcase>
      <testcase name="[sig-storage] Secrets should be consumable from pods in volume with mappings [NodeConformance] [Conformance]" classname="Kubernetes e2e suite" time="14.725246055"></testcase>
      <testcase name="[sig-api-machinery] Etcd failure [Disruptive] should recover from network partition with master" classname="Kubernetes e2e suite" time="0">
          <skipped></skipped>
      </testcase>
      <testcase name="[sig-storage] PersistentVolumes-local  Local volume provisioner [Serial] should create and recreate local persistent volume" classname="Kubernetes e2e suite" time="0">
          <skipped></skipped>
      </testcase>
      <testcase name="[sig-cli] Kubectl client [k8s.io] Kubectl api-versions should check if v1 is in available api versions  [Conformance]" classname="Kubernetes e2e suite" time="0">
          <skipped></skipped>
      </testcase>
      <testcase name="[sig-storage] ConfigMap updates should be reflected in volume [NodeConformance] [Conformance]" classname="Kubernetes e2e suite" time="30.81452349"></testcase>
      <testcase name="[sig-network] Services should be able to update NodePorts with two same port numbers but different protocols" classname="Kubernetes e2e suite" time="0">
          <skipped></skipped>
      </testcase>
      <testcase name="[k8s.io] Pods should get a host IP [NodeConformance] [Conformance]" classname="Kubernetes e2e suite" time="9.027163855">
          <failure type="Failure">/workspace/anago-v1.11.2-beta.0.50+bb9ffb1654d4a7/src/k8s.io/kubernetes/_output/dockerized/go/src/k8s.io/kubernetes/test/e2e/framework/framework.go:684&#xA;Error creating Pod&#xA;Expected error:&#xA;    &lt;*errors.StatusError | 0xc4210ffd40&gt;: {&#xA;        ErrStatus: {&#xA;            TypeMeta: {Kind: &#34;&#34;, APIVersion: &#34;&#34;},&#xA;            ListMeta: {SelfLink: &#34;&#34;, ResourceVersion: &#34;&#34;, Continue: &#34;&#34;},&#xA;            Status: &#34;Failure&#34;,&#xA;            Message: &#34;Internal error occurred: admission webhook \&#34;trust.hooks.securityenforcement.admission.cloud.ibm.com\&#34; denied the request: \nDeny \&#34;k8s.gcr.io/pause:3.1\&#34;, no matching repositories in ClusterImagePolicy and no ImagePolicies in the \&#34;e2e-tests-pods-vfqk9\&#34; namespace&#34;,&#xA;            Reason: &#34;InternalError&#34;,&#xA;            Details: {&#xA;                Name: &#34;&#34;,&#xA;                Group: &#34;&#34;,&#xA;                Kind: &#34;&#34;,&#xA;                UID: &#34;&#34;,&#xA;                Causes: [&#xA;                    {&#xA;                        Type: &#34;&#34;,&#xA;                        Message: &#34;admission webhook \&#34;trust.hooks.securityenforcement.admission.cloud.ibm.com\&#34; denied the request: \nDeny \&#34;k8s.gcr.io/pause:3.1\&#34;, no matching repositories in ClusterImagePolicy and no ImagePolicies in the \&#34;e2e-tests-pods-vfqk9\&#34; namespace&#34;,&#xA;                        Field: &#34;&#34;,&#xA;                    },&#xA;                ],&#xA;                RetryAfterSeconds: 0,&#xA;            },&#xA;            Code: 500,&#xA;        },&#xA;    }&#xA;    Internal error occurred: admission webhook &#34;trust.hooks.securityenforcement.admission.cloud.ibm.com&#34; denied the request: &#xA;    Deny &#34;k8s.gcr.io/pause:3.1&#34;, no matching repositories in ClusterImagePolicy and no ImagePolicies in the &#34;e2e-tests-pods-vfqk9&#34; namespace&#xA;not to have occurred&#xA;/workspace/anago-v1.11.2-beta.0.50+bb9ffb1654d4a7/src/k8s.io/kubernetes/_output/dockerized/go/src/k8s.io/kubernetes/test/e2e/framework/pods.go:76</failure>
          <system-out>[BeforeEach] [k8s.io] Pods&#xA;  /workspace/anago-v1.11.2-beta.0.50+bb9ffb1654d4a7/src/k8s.io/kubernetes/_output/dockerized/go/src/k8s.io/kubernetes/test/e2e/framework/framework.go:141&#xA;STEP: Creating a kubernetes client&#xA;Sep 19 07:38:32.136: INFO: &gt;&gt;&gt; kubeConfig: /tmp/kubeconfig-172917420&#xA;STEP: Building a namespace api object&#xA;STEP: Binding the e2e-test-privileged-psp PodSecurityPolicy to the default service account in e2e-tests-pods-vfqk9&#xA;STEP: Waiting for a default service account to be provisioned in namespace&#xA;[BeforeEach] [k8s.io] Pods&#xA;  /workspace/anago-v1.11.2-beta.0.50+bb9ffb1654d4a7/src/k8s.io/kubernetes/_output/dockerized/go/src/k8s.io/kubernetes/test/e2e/common/pods.go:127&#xA;[It] should get a host IP [NodeConformance] [Conformance]&#xA;  /workspace/anago-v1.11.2-beta.0.50+bb9ffb1654d4a7/src/k8s.io/kubernetes/_output/dockerized/go/src/k8s.io/kubernetes/test/e2e/framework/framework.go:684&#xA;STEP: creating pod&#xA;Sep 19 07:38:32.588: INFO: Unexpected error occurred: Internal error occurred: admission webhook &#34;trust.hooks.securityenforcement.admission.cloud.ibm.com&#34; denied the request: &#xA;Deny &#34;k8s.gcr.io/pause:3.1&#34;, no matching repositories in ClusterImagePolicy and no ImagePolicies in the &#34;e2e-tests-pods-vfqk9&#34; namespace&#xA;[AfterEach] [k8s.io] Pods&#xA;  /workspace/anago-v1.11.2-beta.0.50+bb9ffb1654d4a7/src/k8s.io/kubernetes/_output/dockerized/go/src/k8s.io/kubernetes/test/e2e/framework/framework.go:142&#xA;STEP: Collecting events from namespace &#34;e2e-tests-pods-vfqk9&#34;.&#xA;STEP: Found 0 events.&#xA;Sep 19 07:38:32.638: INFO: POD                                                              NODE         PHASE      GRACE  CONDITIONS&#xA;Sep 19 07:38:32.638: INFO: ibm-cert-manager-cert-manager-74687f689b-7994r                   10.46.6.173  Running           [{Initialized True 0001-01-01 00:00:00 +0000 UTC 2018-09-17 07:07:12 +0000 UTC  } {Ready True 0001-01-01 00:00:00 +0000 UTC 2018-09-17 07:07:37 +0000 UTC  } {ContainersReady True 0001-01-01 00:00:00 +0000 UTC 0001-01-01 00:00:00 +0000 UTC  } {PodScheduled True 0001-01-01 00:00:00 +0000 UTC 2018-09-17 07:07:12 +0000 UTC  }]&#xA;Sep 19 07:38:32.638: INFO: sonobuoy                                                         10.46.6.170  Running           [{Initialized True 0001-01-01 00:00:00 +0000 UTC 2018-09-19 07:22:02 +0000 UTC  } {Ready True 0001-01-01 00:00:00 +0000 UTC 2018-09-19 07:22:08 +0000 UTC  } {ContainersReady True 0001-01-01 00:00:00 +0000 UTC 0001-01-01 00:00:00 +0000 UTC  } {PodScheduled True 0001-01-01 00:00:00 +0000 UTC 2018-09-19 07:22:02 +0000 UTC  }]&#xA;Sep 19 07:38:32.638: INFO: sonobuoy-e2e-job-c3f9b53ea97c48a2                                10.46.6.170  Running           [{Initialized True 0001-01-01 00:00:00 +0000 UTC 2018-09-19 07:22:08 +0000 UTC  } {Ready True 0001-01-01 00:00:00 +0000 UTC 2018-09-19 07:22:25 +0000 UTC  } {ContainersReady True 0001-01-01 00:00:00 +0000 UTC 0001-01-01 00:00:00 +0000 UTC  } {PodScheduled True 0001-01-01 00:00:00 +0000 UTC 2018-09-19 07:22:08 +0000 UTC  }]&#xA;Sep 19 07:38:32.638: INFO: grafana-77676f44f7-c9wr6                                         10.46.6.173  Running           [{Initialized True 0001-01-01 00:00:00 +0000 UTC 2018-09-17 07:17:28 +0000 UTC  } {Ready True 0001-01-01 00:00:00 +0000 UTC 2018-09-17 07:20:34 +0000 UTC  } {ContainersReady True 0001-01-01 00:00:00 +0000 UTC 0001-01-01 00:00:00 +0000 UTC  } {PodScheduled True 0001-01-01 00:00:00 +0000 UTC 2018-09-17 07:17:27 +0000 UTC  }]&#xA;Sep 19 07:38:32.638: INFO: istio-citadel-77694dc965-mwqkp                                   10.46.6.173  Running           [{Initialized True 0001-01-01 00:00:00 +0000 UTC 2018-09-17 07:17:31 +0000 UTC  } {Ready True 0001-01-01 00:00:00 +0000 UTC 2018-09-17 07:18:30 +0000 UTC  } {ContainersReady True 0001-01-01 00:00:00 +0000 UTC 0001-01-01 00:00:00 +0000 UTC  } {PodScheduled True 0001-01-01 00:00:00 +0000 UTC 2018-09-17 07:17:28 +0000 UTC  }]&#xA;Sep 19 07:38:32.638: INFO: istio-egressgateway-54448bcdbd-cqlhf                             10.46.6.173  Running           [{Initialized True 0001-01-01 00:00:00 +0000 UTC 2018-09-17 07:24:11 +0000 UTC  } {Ready True 0001-01-01 00:00:00 +0000 UTC 2018-09-17 07:25:19 +0000 UTC  } {ContainersReady True 0001-01-01 00:00:00 +0000 UTC 0001-01-01 00:00:00 +0000 UTC  } {PodScheduled True 0001-01-01 00:00:00 +0000 UTC 2018-09-17 07:24:10 +0000 UTC  }]&#xA;Sep 19 07:38:32.638: INFO: istio-egressgateway-54448bcdbd-f4v6v                             10.46.6.173  Running           [{Initialized True 0001-01-01 00:00:00 +0000 UTC 2018-09-17 07:17:29 +0000 UTC  } {Ready True 0001-01-01 00:00:00 +0000 UTC 2018-09-17 07:18:31 +0000 UTC  } {ContainersReady True 0001-01-01 00:00:00 +0000 UTC 0001-01-01 00:00:00 +0000 UTC  } {PodScheduled True 0001-01-01 00:00:00 +0000 UTC 2018-09-17 07:17:27 +0000 UTC  }]&#xA;Sep 19 07:38:32.638: INFO: istio-egressgateway-54448bcdbd-lhh5c                             10.46.6.173  Running           [{Initialized True 0001-01-01 00:00:00 +0000 UTC 2018-09-17 07:20:07 +0000 UTC  } {Ready True 0001-01-01 00:00:00 +0000 UTC 2018-09-17 07:21:11 +0000 UTC  } {ContainersReady True 0001-01-01 00:00:00 +0000 UTC 0001-01-01 00:00:00 +0000 UTC  } {PodScheduled True 0001-01-01 00:00:00 +0000 UTC 2018-09-17 07:20:06 +0000 UTC  }]&#xA;Sep 19 07:38:32.638: INFO: istio-egressgateway-54448bcdbd-pjbtc                             10.46.6.173  Running           [{Initialized True 0001-01-01 00:00:00 +0000 UTC 2018-09-17 07:28:34 +0000 UTC  } {Ready True 0001-01-01 00:00:00 +0000 UTC 2018-09-17 07:29:40 +0000 UTC  } {ContainersReady True 0001-01-01 00:00:00 +0000 UTC 0001-01-01 00:00:00 +0000 UTC  } {PodScheduled True 0001-01-01 00:00:00 +0000 UTC 2018-09-17 07:28:34 +0000 UTC  }]&#xA;Sep 19 07:38:32.638: INFO: istio-egressgateway-54448bcdbd-xmkbc                             10.46.6.173  Running           [{Initialized True 0001-01-01 00:00:00 +0000 UTC 2018-09-17 07:24:11 +0000 UTC  } {Ready True 0001-01-01 00:00:00 +0000 UTC 2018-09-17 07:25:10 +0000 UTC  } {ContainersReady True 0001-01-01 00:00:00 +0000 UTC 0001-01-01 00:00:00 +0000 UTC  } {PodScheduled True 0001-01-01 00:00:00 +0000 UTC 2018-09-17 07:24:10 +0000 UTC  }]&#xA;Sep 19 07:38:32.638: INFO: istio-galley-687cd96db-hlpng                                     10.46.6.173  Running           [{Initialized True 0001-01-01 00:00:00 +0000 UTC 2018-09-17 07:17:28 +0000 UTC  } {Ready True 0001-01-01 00:00:00 +0000 UTC 2018-09-17 07:18:35 +0000 UTC  } {ContainersReady True 0001-01-01 00:00:00 +0000 UTC 0001-01-01 00:00:00 +0000 UTC  } {PodScheduled True 0001-01-01 00:00:00 +0000 UTC 2018-09-17 07:17:27 +0000 UTC  }]&#xA;Sep 19 07:38:32.638: INFO: istio-ingressgateway-7bc96d6585-4qnc5                            10.46.6.173  Running           [{Initialized True 0001-01-01 00:00:00 +0000 UTC 2018-09-17 07:24:14 +0000 UTC  } {Ready True 0001-01-01 00:00:00 +0000 UTC 2018-09-17 07:25:22 +0000 UTC  } {ContainersReady True 0001-01-01 00:00:00 +0000 UTC 0001-01-01 00:00:00 +0000 UTC  } {PodScheduled True 0001-01-01 00:00:00 +0000 UTC 2018-09-17 07:24:13 +0000 UTC  }]&#xA;Sep 19 07:38:32.638: INFO: istio-ingressgateway-7bc96d6585-c58zx                            10.46.6.173  Running           [{Initialized True 0001-01-01 00:00:00 +0000 UTC 2018-09-17 07:24:15 +0000 UTC  } {Ready True 0001-01-01 00:00:00 +0000 UTC 2018-09-17 07:25:19 +0000 UTC  } {ContainersReady True 0001-01-01 00:00:00 +0000 UTC 0001-01-01 00:00:00 +0000 UTC  } {PodScheduled True 0001-01-01 00:00:00 +0000 UTC 2018-09-17 07:24:14 +0000 UTC  }]&#xA;Sep 19 07:38:32.638: INFO: istio-ingressgateway-7bc96d6585-m567m                            10.46.6.173  Running           [{Initialized True 0001-01-01 00:00:00 +0000 UTC 2018-09-17 07:20:41 +0000 UTC  } {Ready True 0001-01-01 00:00:00 +0000 UTC 2018-09-17 07:21:43 +0000 UTC  } {ContainersReady True 0001-01-01 00:00:00 +0000 UTC 0001-01-01 00:00:00 +0000 UTC  } {PodScheduled True 0001-01-01 00:00:00 +0000 UTC 2018-09-17 07:20:41 +0000 UTC  }]&#xA;Sep 19 07:38:32.638: INFO: istio-ingressgateway-7bc96d6585-r98nr                            10.46.6.173  Running           [{Initialized True 0001-01-01 00:00:00 +0000 UTC 2018-09-17 07:28:10 +0000 UTC  } {Ready True 0001-01-01 00:00:00 +0000 UTC 2018-09-17 07:29:11 +0000 UTC  } {ContainersReady True 0001-01-01 00:00:00 +0000 UTC 0001-01-01 00:00:00 +0000 UTC  } {PodScheduled True 0001-01-01 00:00:00 +0000 UTC 2018-09-17 07:28:09 +0000 UTC  }]&#xA;Sep 19 07:38:32.638: INFO: istio-ingressgateway-7bc96d6585-smf45                            10.46.6.173  Running           [{Initialized True 0001-01-01 00:00:00 +0000 UTC 2018-09-17 07:17:28 +0000 UTC  } {Ready True 0001-01-01 00:00:00 +0000 UTC 2018-09-17 07:18:37 +0000 UTC  } {ContainersReady True 0001-01-01 00:00:00 +0000 UTC 0001-01-01 00:00:00 +0000 UTC  } {PodScheduled True 0001-01-01 00:00:00 +0000 UTC 2018-09-17 07:17:27 +0000 UTC  }]&#xA;Sep 19 07:38:32.638: INFO: istio-pilot-6cf9ccf474-kkb6j                                     10.46.6.173  Running           [{Initialized True 0001-01-01 00:00:00 +0000 UTC 2018-09-17 07:17:31 +0000 UTC  } {Ready True 0001-01-01 00:00:00 +0000 UTC 2018-09-17 07:19:28 +0000 UTC  } {ContainersReady True 0001-01-01 00:00:00 +0000 UTC 0001-01-01 00:00:00 +0000 UTC  } {PodScheduled True 0001-01-01 00:00:00 +0000 UTC 2018-09-17 07:17:27 +0000 UTC  }]&#xA;Sep 19 07:38:32.638: INFO: istio-policy-5b64d7fd64-5l2m9                                    10.46.6.173  Running           [{Initialized True 0001-01-01 00:00:00 +0000 UTC 2018-09-17 07:31:07 +0000 UTC  } {Ready True 0001-01-01 00:00:00 +0000 UTC 2018-09-17 07:31:51 +0000 UTC  } {ContainersReady True 0001-01-01 00:00:00 +0000 UTC 0001-01-01 00:00:00 +0000 UTC  } {PodScheduled True 0001-01-01 00:00:00 +0000 UTC 2018-09-17 07:31:06 +0000 UTC  }]&#xA;Sep 19 07:38:32.638: INFO: istio-policy-5b64d7fd64-fb4bc                                    10.46.6.173  Running           [{Initialized True 0001-01-01 00:00:00 +0000 UTC 2018-09-17 07:27:37 +0000 UTC  } {Ready True 0001-01-01 00:00:00 +0000 UTC 2018-09-17 07:28:39 +0000 UTC  } {ContainersReady True 0001-01-01 00:00:00 +0000 UTC 0001-01-01 00:00:00 +0000 UTC  } {PodScheduled True 0001-01-01 00:00:00 +0000 UTC 2018-09-17 07:27:36 +0000 UTC  }]&#xA;Sep 19 07:38:32.639: INFO: istio-policy-5b64d7fd64-jrlzt                                    10.46.6.173  Running           [{Initialized True 0001-01-01 00:00:00 +0000 UTC 2018-09-17 07:23:11 +0000 UTC  } {Ready True 0001-01-01 00:00:00 +0000 UTC 2018-09-17 07:24:08 +0000 UTC  } {ContainersReady True 0001-01-01 00:00:00 +0000 UTC 0001-01-01 00:00:00 +0000 UTC  } {PodScheduled True 0001-01-01 00:00:00 +0000 UTC 2018-09-17 07:23:10 +0000 UTC  }]&#xA;Sep 19 07:38:32.639: INFO: istio-policy-5b64d7fd64-pt9z2                                    10.46.6.173  Running           [{Initialized True 0001-01-01 00:00:00 +0000 UTC 2018-09-17 07:17:30 +0000 UTC  } {Ready True 0001-01-01 00:00:00 +0000 UTC 2018-09-17 07:19:02 +0000 UTC  } {ContainersReady True 0001-01-01 00:00:00 +0000 UTC 0001-01-01 00:00:00 +0000 UTC  } {PodScheduled True 0001-01-01 00:00:00 +0000 UTC 2018-09-17 07:17:27 +0000 UTC  }]&#xA;Sep 19 07:38:32.639: INFO: istio-policy-5b64d7fd64-z68j4                                    10.46.6.173  Running           [{Initialized True 0001-01-01 00:00:00 +0000 UTC 2018-09-17 07:19:38 +0000 UTC  } {Ready True 0001-01-01 00:00:00 +0000 UTC 2018-09-17 07:20:44 +0000 UTC  } {ContainersReady True 0001-01-01 00:00:00 +0000 UTC 0001-01-01 00:00:00 +0000 UTC  } {PodScheduled True 0001-01-01 00:00:00 +0000 UTC 2018-09-17 07:19:37 +0000 UTC  }]&#xA;Sep 19 07:38:32.639: INFO: istio-sidecar-injector-86d554f5f7-d57zk                          10.46.6.173  Running           [{Initialized True 0001-01-01 00:00:00 +0000 UTC 2018-09-17 07:17:32 +0000 UTC  } {Ready True 0001-01-01 00:00:00 +0000 UTC 2018-09-17 07:18:41 +0000 UTC  } {ContainersReady True 0001-01-01 00:00:00 +0000 UTC 0001-01-01 00:00:00 +0000 UTC  } {PodScheduled True 0001-01-01 00:00:00 +0000 UTC 2018-09-17 07:17:29 +0000 UTC  }]&#xA;Sep 19 07:38:32.639: INFO: istio-statsd-prom-bridge-66cb69b666-p76m8                        10.46.6.173  Running           [{Initialized True 0001-01-01 00:00:00 +0000 UTC 2018-09-17 07:17:29 +0000 UTC  } {Ready True 0001-01-01 00:00:00 +0000 UTC 2018-09-17 07:18:32 +0000 UTC  } {ContainersReady True 0001-01-01 00:00:00 +0000 UTC 0001-01-01 00:00:00 +0000 UTC  } {PodScheduled True 0001-01-01 00:00:00 +0000 UTC 2018-09-17 07:17:27 +0000 UTC  }]&#xA;Sep 19 07:38:32.639: INFO: istio-telemetry-8b5964dc7-9q67f                                  10.46.6.173  Running           [{Initialized True 0001-01-01 00:00:00 +0000 UTC 2018-09-17 07:31:08 +0000 UTC  } {Ready True 0001-01-01 00:00:00 +0000 UTC 2018-09-17 07:32:00 +0000 UTC  } {ContainersReady True 0001-01-01 00:00:00 +0000 UTC 0001-01-01 00:00:00 +0000 UTC  } {PodScheduled True 0001-01-01 00:00:00 +0000 UTC 2018-09-17 07:31:07 +0000 UTC  }]&#xA;Sep 19 07:38:32.639: INFO: istio-telemetry-8b5964dc7-hcf6d                                  10.46.6.173  Running           [{Initialized True 0001-01-01 00:00:00 +0000 UTC 2018-09-17 07:17:29 +0000 UTC  } {Ready True 0001-01-01 00:00:00 +0000 UTC 2018-09-17 07:18:56 +0000 UTC  } {ContainersReady True 0001-01-01 00:00:00 +0000 UTC 0001-01-01 00:00:00 +0000 UTC  } {PodScheduled True 0001-01-01 00:00:00 +0000 UTC 2018-09-17 07:17:27 +0000 UTC  }]&#xA;Sep 19 07:38:32.639: INFO: istio-telemetry-8b5964dc7-nw9kk                                  10.46.6.173  Running           [{Initialized True 0001-01-01 00:00:00 +0000 UTC 2018-09-17 07:23:11 +0000 UTC  } {Ready True 0001-01-01 00:00:00 +0000 UTC 2018-09-17 07:24:19 +0000 UTC  } {ContainersReady True 0001-01-01 00:00:00 +0000 UTC 0001-01-01 00:00:00 +0000 UTC  } {PodScheduled True 0001-01-01 00:00:00 +0000 UTC 2018-09-17 07:23:10 +0000 UTC  }]&#xA;Sep 19 07:38:32.639: INFO: istio-telemetry-8b5964dc7-rfswc                                  10.46.6.173  Running           [{Initialized True 0001-01-01 00:00:00 +0000 UTC 2018-09-17 07:19:39 +0000 UTC  } {Ready True 0001-01-01 00:00:00 +0000 UTC 2018-09-17 07:20:38 +0000 UTC  } {ContainersReady True 0001-01-01 00:00:00 +0000 UTC 0001-01-01 00:00:00 +0000 UTC  } {PodScheduled True 0001-01-01 00:00:00 +0000 UTC 2018-09-17 07:19:38 +0000 UTC  }]&#xA;Sep 19 07:38:32.639: INFO: istio-telemetry-8b5964dc7-vjqbq                                  10.46.6.173  Running           [{Initialized True 0001-01-01 00:00:00 +0000 UTC 2018-09-17 07:27:36 +0000 UTC  } {Ready True 0001-01-01 00:00:00 +0000 UTC 2018-09-17 07:28:21 +0000 UTC  } {ContainersReady True 0001-01-01 00:00:00 +0000 UTC 0001-01-01 00:00:00 +0000 UTC  } {PodScheduled True 0001-01-01 00:00:00 +0000 UTC 2018-09-17 07:27:36 +0000 UTC  }]&#xA;Sep 19 07:38:32.639: INFO: istio-tracing-77ccfc8844-79ngl                                   10.46.6.173  Running           [{Initialized True 0001-01-01 00:00:00 +0000 UTC 2018-09-17 07:17:32 +0000 UTC  } {Ready True 0001-01-01 00:00:00 +0000 UTC 2018-09-17 07:18:08 +0000 UTC  } {ContainersReady True 0001-01-01 00:00:00 +0000 UTC 0001-01-01 00:00:00 +0000 UTC  } {PodScheduled True 0001-01-01 00:00:00 +0000 UTC 2018-09-17 07:17:29 +0000 UTC  }]&#xA;Sep 19 07:38:32.639: INFO: kiali-7f8c59df94-25qmq                                           10.46.6.173  Running           [{Initialized True 0001-01-01 00:00:00 +0000 UTC 2018-09-17 07:17:27 +0000 UTC  } {Ready True 0001-01-01 00:00:00 +0000 UTC 2018-09-17 07:17:56 +0000 UTC  } {ContainersReady True 0001-01-01 00:00:00 +0000 UTC 0001-01-01 00:00:00 +0000 UTC  } {PodScheduled True 0001-01-01 00:00:00 +0000 UTC 2018-09-17 07:17:27 +0000 UTC  }]&#xA;Sep 19 07:38:32.639: INFO: prometheus-6f98d89664-wh7pb                                      10.46.6.173  Running           [{Initialized True 0001-01-01 00:00:00 +0000 UTC 2018-09-17 07:17:31 +0000 UTC  } {Ready True 0001-01-01 00:00:00 +0000 UTC 2018-09-17 07:17:57 +0000 UTC  } {ContainersReady True 0001-01-01 00:00:00 +0000 UTC 0001-01-01 00:00:00 +0000 UTC  } {PodScheduled True 0001-01-01 00:00:00 +0000 UTC 2018-09-17 07:17:28 +0000 UTC  }]&#xA;Sep 19 07:38:32.639: INFO: servicegraph-85578d8fc6-m62z4                                    10.46.6.173  Running           [{Initialized True 0001-01-01 00:00:00 +0000 UTC 2018-09-17 07:17:32 +0000 UTC  } {Ready True 0001-01-01 00:00:00 +0000 UTC 2018-09-17 07:18:22 +0000 UTC  } {ContainersReady True 0001-01-01 00:00:00 +0000 UTC 0001-01-01 00:00:00 +0000 UTC  } {PodScheduled True 0001-01-01 00:00:00 +0000 UTC 2018-09-17 07:17:28 +0000 UTC  }]&#xA;Sep 19 07:38:32.639: INFO: audit-logging-fluentd-ds-4cgnk                                   10.46.6.170  Running           [{Initialized True 0001-01-01 00:00:00 +0000 UTC 2018-09-17 07:18:46 +0000 UTC  } {Ready True 0001-01-01 00:00:00 +0000 UTC 2018-09-17 07:18:50 +0000 UTC  } {ContainersReady True 0001-01-01 00:00:00 +0000 UTC 0001-01-01 00:00:00 +0000 UTC  } {PodScheduled True 0001-01-01 00:00:00 +0000 UTC 2018-09-17 07:18:46 +0000 UTC  }]&#xA;Sep 19 07:38:32.639: INFO: audit-logging-fluentd-ds-8bh4t                                   10.46.6.172  Running           [{Initialized True 0001-01-01 00:00:00 +0000 UTC 2018-09-17 07:18:46 +0000 UTC  } {Ready True 0001-01-01 00:00:00 +0000 UTC 2018-09-17 07:18:56 +0000 UTC  } {ContainersReady True 0001-01-01 00:00:00 +0000 UTC 0001-01-01 00:00:00 +0000 UTC  } {PodScheduled True 0001-01-01 00:00:00 +0000 UTC 2018-09-17 07:18:46 +0000 UTC  }]&#xA;Sep 19 07:38:32.639: INFO: audit-logging-fluentd-ds-bc22k                                   10.46.6.171  Running           [{Initialized True 0001-01-01 00:00:00 +0000 UTC 2018-09-17 07:18:46 +0000 UTC  } {Ready True 0001-01-01 00:00:00 +0000 UTC 2018-09-17 07:18:56 +0000 UTC  } {ContainersReady True 0001-01-01 00:00:00 +0000 UTC 0001-01-01 00:00:00 +0000 UTC  } {PodScheduled True 0001-01-01 00:00:00 +0000 UTC 2018-09-17 07:18:46 +0000 UTC  }]&#xA;Sep 19 07:38:32.639: INFO: audit-logging-fluentd-ds-dhcg6                                   10.46.6.173  Running           [{Initialized True 0001-01-01 00:00:00 +0000 UTC 2018-09-17 07:18:46 +0000 UTC  } {Ready True 0001-01-01 00:00:00 +0000 UTC 2018-09-17 07:19:00 +0000 UTC  } {ContainersReady True 0001-01-01 00:00:00 +0000 UTC 0001-01-01 00:00:00 +0000 UTC  } {PodScheduled True 0001-01-01 00:00:00 +0000 UTC 2018-09-17 07:18:46 +0000 UTC  }]&#xA;Sep 19 07:38:32.639: INFO: auth-apikeys-x45mz                                               10.46.6.173  Running           [{Initialized True 0001-01-01 00:00:00 +0000 UTC 2018-09-17 07:10:12 +0000 UTC  } {Ready True 0001-01-01 00:00:00 +0000 UTC 2018-09-17 07:11:25 +0000 UTC  } {ContainersReady True 0001-01-01 00:00:00 +0000 UTC 0001-01-01 00:00:00 +0000 UTC  } {PodScheduled True 0001-01-01 00:00:00 +0000 UTC 2018-09-17 07:10:12 +0000 UTC  }]&#xA;Sep 19 07:38:32.639: INFO: auth-idp-kjpmx                                                   10.46.6.173  Running           [{Initialized True 0001-01-01 00:00:00 +0000 UTC 2018-09-17 07:10:19 +0000 UTC  } {Ready True 0001-01-01 00:00:00 +0000 UTC 2018-09-19 07:05:52 +0000 UTC  } {ContainersReady True 0001-01-01 00:00:00 +0000 UTC 0001-01-01 00:00:00 +0000 UTC  } {PodScheduled True 0001-01-01 00:00:00 +0000 UTC 2018-09-17 07:10:04 +0000 UTC  }]&#xA;Sep 19 07:38:32.639: INFO: auth-pap-qb5m2                                                   10.46.6.173  Running           [{Initialized True 0001-01-01 00:00:00 +0000 UTC 2018-09-17 07:10:20 +0000 UTC  } {Ready True 0001-01-01 00:00:00 +0000 UTC 2018-09-17 07:10:46 +0000 UTC  } {ContainersReady True 0001-01-01 00:00:00 +0000 UTC 0001-01-01 00:00:00 +0000 UTC  } {PodScheduled True 0001-01-01 00:00:00 +0000 UTC 2018-09-17 07:10:20 +0000 UTC  }]&#xA;Sep 19 07:38:32.639: INFO: auth-pdp-tk2jm                                                   10.46.6.173  Running           [{Initialized True 0001-01-01 00:00:00 +0000 UTC 2018-09-17 07:13:08 +0000 UTC  } {Ready True 0001-01-01 00:00:00 +0000 UTC 2018-09-17 07:13:19 +0000 UTC  } {ContainersReady True 0001-01-01 00:00:00 +0000 UTC 0001-01-01 00:00:00 +0000 UTC  } {PodScheduled True 0001-01-01 00:00:00 +0000 UTC 2018-09-17 07:10:28 +0000 UTC  }]&#xA;Sep 19 07:38:32.639: INFO: calico-kube-controllers-dcb8cc97c-gtsqp                          10.46.6.173  Running           [{Initialized True 0001-01-01 00:00:00 +0000 UTC 2018-09-17 07:05:53 +0000 UTC  } {Ready True 0001-01-01 00:00:00 +0000 UTC 2018-09-17 07:06:04 +0000 UTC  } {ContainersReady True 0001-01-01 00:00:00 +0000 UTC 0001-01-01 00:00:00 +0000 UTC  } {PodScheduled True 0001-01-01 00:00:00 +0000 UTC 2018-09-17 07:05:53 +0000 UTC  }]&#xA;Sep 19 07:38:32.639: INFO: calico-node-gpm2c                                                10.46.6.171  Running           [{Initialized True 0001-01-01 00:00:00 +0000 UTC 2018-09-17 07:05:53 +0000 UTC  } {Ready True 0001-01-01 00:00:00 +0000 UTC 2018-09-17 07:06:11 +0000 UTC  } {ContainersReady True 0001-01-01 00:00:00 +0000 UTC 0001-01-01 00:00:00 +0000 UTC  } {PodScheduled True 0001-01-01 00:00:00 +0000 UTC 2018-09-17 07:05:53 +0000 UTC  }]&#xA;Sep 19 07:38:32.639: INFO: calico-node-htf97                                                10.46.6.170  Running           [{Initialized True 0001-01-01 00:00:00 +0000 UTC 2018-09-17 07:05:53 +0000 UTC  } {Ready True 0001-01-01 00:00:00 +0000 UTC 2018-09-17 07:06:14 +0000 UTC  } {ContainersReady True 0001-01-01 00:00:00 +0000 UTC 0001-01-01 00:00:00 +0000 UTC  } {PodScheduled True 0001-01-01 00:00:00 +0000 UTC 2018-09-17 07:05:53 +0000 UTC  }]&#xA;Sep 19 07:38:32.639: INFO: calico-node-m7d5t                                                10.46.6.173  Running           [{Initialized True 0001-01-01 00:00:00 +0000 UTC 2018-09-17 07:05:54 +0000 UTC  } {Ready True 0001-01-01 00:00:00 +0000 UTC 2018-09-17 07:06:15 +0000 UTC  } {ContainersReady True 0001-01-01 00:00:00 +0000 UTC 0001-01-01 00:00:00 +0000 UTC  } {PodScheduled True 0001-01-01 00:00:00 +0000 UTC 2018-09-17 07:05:54 +0000 UTC  }]&#xA;Sep 19 07:38:32.639: INFO: calico-node-wsknj                                                10.46.6.172  Running           [{Initialized True 0001-01-01 00:00:00 +0000 UTC 2018-09-17 07:05:53 +0000 UTC  } {Ready True 0001-01-01 00:00:00 +0000 UTC 2018-09-17 07:06:17 +0000 UTC  } {ContainersReady True 0001-01-01 00:00:00 +0000 UTC 0001-01-01 00:00:00 +0000 UTC  } {PodScheduled True 0001-01-01 00:00:00 +0000 UTC 2018-09-17 07:05:53 +0000 UTC  }]&#xA;Sep 19 07:38:32.639: INFO: catalog-ui-5rtkh                                                 10.46.6.173  Running           [{Initialized True 0001-01-01 00:00:00 +0000 UTC 2018-09-17 07:15:57 +0000 UTC  } {Ready True 0001-01-01 00:00:00 +0000 UTC 2018-09-17 07:16:11 +0000 UTC  } {ContainersReady True 0001-01-01 00:00:00 +0000 UTC 0001-01-01 00:00:00 +0000 UTC  } {PodScheduled True 0001-01-01 00:00:00 +0000 UTC 2018-09-17 07:15:57 +0000 UTC  }]&#xA;Sep 19 07:38:32.640: INFO: custom-metrics-adapter-64f64964b4-f9gmc                          10.46.6.171  Running           [{Initialized True 0001-01-01 00:00:00 +0000 UTC 2018-09-17 07:17:13 +0000 UTC  } {Ready True 0001-01-01 00:00:00 +0000 UTC 2018-09-17 07:17:51 +0000 UTC  } {ContainersReady True 0001-01-01 00:00:00 +0000 UTC 0001-01-01 00:00:00 +0000 UTC  } {PodScheduled True 0001-01-01 00:00:00 +0000 UTC 2018-09-17 07:14:28 +0000 UTC  }]&#xA;Sep 19 07:38:32.640: INFO: default-backend-54966589c4-4d47g                                 10.46.6.173  Running           [{Initialized True 0001-01-01 00:00:00 +0000 UTC 2018-09-17 07:08:29 +0000 UTC  } {Ready True 0001-01-01 00:00:00 +0000 UTC 2018-09-17 07:08:40 +0000 UTC  } {ContainersReady True 0001-01-01 00:00:00 +0000 UTC 0001-01-01 00:00:00 +0000 UTC  } {PodScheduled True 0001-01-01 00:00:00 +0000 UTC 2018-09-17 07:08:28 +0000 UTC  }]&#xA;Sep 19 07:38:32.640: INFO: heapster-69b486565b-nt26r                                        10.46.6.173  Running           [{Initialized True 0001-01-01 00:00:00 +0000 UTC 2018-09-17 07:13:48 +0000 UTC  } {Ready True 0001-01-01 00:00:00 +0000 UTC 2018-09-17 07:13:58 +0000 UTC  } {ContainersReady True 0001-01-01 00:00:00 +0000 UTC 0001-01-01 00:00:00 +0000 UTC  } {PodScheduled True 0001-01-01 00:00:00 +0000 UTC 2018-09-17 07:13:48 +0000 UTC  }]&#xA;Sep 19 07:38:32.640: INFO: helm-api-fdd886877-6pwm8                                         10.46.6.173  Running           [{Initialized True 0001-01-01 00:00:00 +0000 UTC 2018-09-17 07:16:36 +0000 UTC  } {Ready True 0001-01-01 00:00:00 +0000 UTC 2018-09-17 07:16:58 +0000 UTC  } {ContainersReady True 0001-01-01 00:00:00 +0000 UTC 0001-01-01 00:00:00 +0000 UTC  } {PodScheduled True 0001-01-01 00:00:00 +0000 UTC 2018-09-17 07:16:35 +0000 UTC  }]&#xA;Sep 19 07:38:32.640: INFO: helm-repo-5649f57447-wwdn4                                       10.46.6.173  Running           [{Initialized True 0001-01-01 00:00:00 +0000 UTC 2018-09-17 07:14:04 +0000 UTC  } {Ready True 0001-01-01 00:00:00 +0000 UTC 2018-09-17 07:14:40 +0000 UTC  } {ContainersReady True 0001-01-01 00:00:00 +0000 UTC 0001-01-01 00:00:00 +0000 UTC  } {PodScheduled True 0001-01-01 00:00:00 +0000 UTC 2018-09-17 07:13:53 +0000 UTC  }]&#xA;Sep 19 07:38:32.640: INFO: ibmcloud-image-enforcement-76ddccbf9f-kqmlb                      10.46.6.171  Running           [{Initialized True 0001-01-01 00:00:00 +0000 UTC 2018-09-17 07:14:02 +0000 UTC  } {Ready True 0001-01-01 00:00:00 +0000 UTC 2018-09-17 07:14:07 +0000 UTC  } {ContainersReady True 0001-01-01 00:00:00 +0000 UTC 0001-01-01 00:00:00 +0000 UTC  } {PodScheduled True 0001-01-01 00:00:00 +0000 UTC 2018-09-17 07:14:02 +0000 UTC  }]&#xA;Sep 19 07:38:32.640: INFO: icp-management-ingress-x6qn8                                     10.46.6.173  Running           [{Initialized True 0001-01-01 00:00:00 +0000 UTC 2018-09-17 07:10:36 +0000 UTC  } {Ready True 0001-01-01 00:00:00 +0000 UTC 2018-09-17 07:10:48 +0000 UTC  } {ContainersReady True 0001-01-01 00:00:00 +0000 UTC 0001-01-01 00:00:00 +0000 UTC  } {PodScheduled True 0001-01-01 00:00:00 +0000 UTC 2018-09-17 07:10:36 +0000 UTC  }]&#xA;Sep 19 07:38:32.640: INFO: icp-mongodb-0                                                    10.46.6.173  Running           [{Initialized True 0001-01-01 00:00:00 +0000 UTC 2018-09-17 07:09:00 +0000 UTC  } {Ready True 0001-01-01 00:00:00 +0000 UTC 2018-09-17 07:09:17 +0000 UTC  } {ContainersReady True 0001-01-01 00:00:00 +0000 UTC 0001-01-01 00:00:00 +0000 UTC  } {PodScheduled True 0001-01-01 00:00:00 +0000 UTC 2018-09-17 07:07:41 +0000 UTC  }]&#xA;Sep 19 07:38:32.640: INFO: image-manager-0                                                  10.46.6.173  Running           [{Initialized True 0001-01-01 00:00:00 +0000 UTC 2018-09-17 06:38:56 +0000 UTC  } {Ready True 0001-01-01 00:00:00 +0000 UTC 2018-09-17 06:39:08 +0000 UTC  } {ContainersReady True 0001-01-01 00:00:00 +0000 UTC 0001-01-01 00:00:00 +0000 UTC  } {PodScheduled True 0001-01-01 00:00:00 +0000 UTC 2018-09-17 06:38:56 +0000 UTC  }]&#xA;Sep 19 07:38:32.640: INFO: k8s-etcd-10.46.6.173                                             10.46.6.173  Running           [{Initialized True 0001-01-01 00:00:00 +0000 UTC 2018-09-17 06:35:49 +0000 UTC  } {Ready True 0001-01-01 00:00:00 +0000 UTC 2018-09-17 06:35:54 +0000 UTC  } {ContainersReady True 0001-01-01 00:00:00 +0000 UTC 0001-01-01 00:00:00 +0000 UTC  } {PodScheduled True 0001-01-01 00:00:00 +0000 UTC 2018-09-17 06:35:49 +0000 UTC  }]&#xA;Sep 19 07:38:32.640: INFO: k8s-master-10.46.6.173                                           10.46.6.173  Running           [{Initialized True 0001-01-01 00:00:00 +0000 UTC 2018-09-17 06:37:18 +0000 UTC  } {Ready True 0001-01-01 00:00:00 +0000 UTC 2018-09-17 06:37:26 +0000 UTC  } {ContainersReady True 0001-01-01 00:00:00 +0000 UTC 0001-01-01 00:00:00 +0000 UTC  } {PodScheduled True 0001-01-01 00:00:00 +0000 UTC 2018-09-17 06:37:18 +0000 UTC  }]&#xA;Sep 19 07:38:32.640: INFO: k8s-proxy-10.46.6.170                                            10.46.6.170  Running           [{Initialized True 0001-01-01 00:00:00 +0000 UTC 2018-09-17 07:05:43 +0000 UTC  } {Ready True 0001-01-01 00:00:00 +0000 UTC 2018-09-17 07:05:46 +0000 UTC  } {ContainersReady True 0001-01-01 00:00:00 +0000 UTC 0001-01-01 00:00:00 +0000 UTC  } {PodScheduled True 0001-01-01 00:00:00 +0000 UTC 2018-09-17 07:05:43 +0000 UTC  }]&#xA;Sep 19 07:38:32.640: INFO: k8s-proxy-10.46.6.171                                            10.46.6.171  Running           [{Initialized True 0001-01-01 00:00:00 +0000 UTC 2018-09-17 07:05:44 +0000 UTC  } {Ready True 0001-01-01 00:00:00 +0000 UTC 2018-09-17 07:05:46 +0000 UTC  } {ContainersReady True 0001-01-01 00:00:00 +0000 UTC 0001-01-01 00:00:00 +0000 UTC  } {PodScheduled True 0001-01-01 00:00:00 +0000 UTC 2018-09-17 07:05:44 +0000 UTC  }]&#xA;Sep 19 07:38:32.640: INFO: k8s-proxy-10.46.6.172                                            10.46.6.172  Running           [{Initialized True 0001-01-01 00:00:00 +0000 UTC 2018-09-17 07:05:44 +0000 UTC  } {Ready True 0001-01-01 00:00:00 +0000 UTC 2018-09-17 07:05:48 +0000 UTC  } {ContainersReady True 0001-01-01 00:00:00 +0000 UTC 0001-01-01 00:00:00 +0000 UTC  } {PodScheduled True 0001-01-01 00:00:00 +0000 UTC 2018-09-17 07:05:44 +0000 UTC  }]&#xA;Sep 19 07:38:32.640: INFO: k8s-proxy-10.46.6.173                                            10.46.6.173  Running           [{Initialized True 0001-01-01 00:00:00 +0000 UTC 2018-09-17 06:35:45 +0000 UTC  } {Ready True 0001-01-01 00:00:00 +0000 UTC 2018-09-17 06:35:50 +0000 UTC  } {ContainersReady True 0001-01-01 00:00:00 +0000 UTC 0001-01-01 00:00:00 +0000 UTC  } {PodScheduled True 0001-01-01 00:00:00 +0000 UTC 2018-09-17 06:35:45 +0000 UTC  }]&#xA;Sep 19 07:38:32.640: INFO: kube-dns-mwjc8                                                   10.46.6.173  Running           [{Initialized True 0001-01-01 00:00:00 +0000 UTC 2018-09-17 07:06:10 +0000 UTC  } {Ready True 0001-01-01 00:00:00 +0000 UTC 2018-09-17 07:06:18 +0000 UTC  } {ContainersReady True 0001-01-01 00:00:00 +0000 UTC 0001-01-01 00:00:00 +0000 UTC  } {PodScheduled True 0001-01-01 00:00:00 +0000 UTC 2018-09-17 07:06:10 +0000 UTC  }]&#xA;Sep 19 07:38:32.640: INFO: logging-elk-client-75d4d7994c-7g7fn                              10.46.6.171  Running           [{Initialized True 0001-01-01 00:00:00 +0000 UTC 2018-09-17 07:15:40 +0000 UTC  } {Ready True 0001-01-01 00:00:00 +0000 UTC 2018-09-17 07:16:22 +0000 UTC  } {ContainersReady True 0001-01-01 00:00:00 +0000 UTC 0001-01-01 00:00:00 +0000 UTC  } {PodScheduled True 0001-01-01 00:00:00 +0000 UTC 2018-09-17 07:15:20 +0000 UTC  }]&#xA;Sep 19 07:38:32.640: INFO: logging-elk-data-0                                               10.46.6.171  Running           [{Initialized True 0001-01-01 00:00:00 +0000 UTC 2018-09-17 07:15:47 +0000 UTC  } {Ready True 0001-01-01 00:00:00 +0000 UTC 2018-09-17 07:16:16 +0000 UTC  } {ContainersReady True 0001-01-01 00:00:00 +0000 UTC 0001-01-01 00:00:00 +0000 UTC  } {PodScheduled True 0001-01-01 00:00:00 +0000 UTC 2018-09-17 07:15:20 +0000 UTC  }]&#xA;Sep 19 07:38:32.640: INFO: logging-elk-elasticsearch-tls-init-6hnl4                         10.46.6.171  Succeeded         [{Initialized True 0001-01-01 00:00:00 +0000 UTC 2018-09-17 07:15:20 +0000 UTC PodCompleted } {Ready False 0001-01-01 00:00:00 +0000 UTC 2018-09-17 07:17:46 +0000 UTC PodCompleted } {ContainersReady False 0001-01-01 00:00:00 +0000 UTC 0001-01-01 00:00:00 +0000 UTC PodCompleted } {PodScheduled True 0001-01-01 00:00:00 +0000 UTC 2018-09-17 07:15:20 +0000 UTC  }]&#xA;Sep 19 07:38:32.640: INFO: logging-elk-filebeat-ds-bs86r                                    10.46.6.171  Running           [{Initialized True 0001-01-01 00:00:00 +0000 UTC 2018-09-17 07:15:20 +0000 UTC  } {Ready True 0001-01-01 00:00:00 +0000 UTC 2018-09-17 07:15:42 +0000 UTC  } {ContainersReady True 0001-01-01 00:00:00 +0000 UTC 0001-01-01 00:00:00 +0000 UTC  } {PodScheduled True 0001-01-01 00:00:00 +0000 UTC 2018-09-17 07:15:20 +0000 UTC  }]&#xA;Sep 19 07:38:32.640: INFO: logging-elk-filebeat-ds-jtd5q                                    10.46.6.170  Running           [{Initialized True 0001-01-01 00:00:00 +0000 UTC 2018-09-17 07:15:20 +0000 UTC  } {Ready True 0001-01-01 00:00:00 +0000 UTC 2018-09-17 07:15:37 +0000 UTC  } {ContainersReady True 0001-01-01 00:00:00 +0000 UTC 0001-01-01 00:00:00 +0000 UTC  } {PodScheduled True 0001-01-01 00:00:00 +0000 UTC 2018-09-17 07:15:20 +0000 UTC  }]&#xA;Sep 19 07:38:32.640: INFO: logging-elk-filebeat-ds-qf2vz                                    10.46.6.173  Running           [{Initialized True 0001-01-01 00:00:00 +0000 UTC 2018-09-17 07:15:20 +0000 UTC  } {Ready True 0001-01-01 00:00:00 +0000 UTC 2018-09-17 07:15:39 +0000 UTC  } {ContainersReady True 0001-01-01 00:00:00 +0000 UTC 0001-01-01 00:00:00 +0000 UTC  } {PodScheduled True 0001-01-01 00:00:00 +0000 UTC 2018-09-17 07:15:20 +0000 UTC  }]&#xA;Sep 19 07:38:32.640: INFO: logging-elk-filebeat-ds-vpk48                                    10.46.6.172  Running           [{Initialized True 0001-01-01 00:00:00 +0000 UTC 2018-09-17 07:15:20 +0000 UTC  } {Ready True 0001-01-01 00:00:00 +0000 UTC 2018-09-17 07:15:39 +0000 UTC  } {ContainersReady True 0001-01-01 00:00:00 +0000 UTC 0001-01-01 00:00:00 +0000 UTC  } {PodScheduled True 0001-01-01 00:00:00 +0000 UTC 2018-09-17 07:15:20 +0000 UTC  }]&#xA;Sep 19 07:38:32.640: INFO: logging-elk-kibana-ff4db4866-s2295                               10.46.6.171  Running           [{Initialized True 0001-01-01 00:00:00 +0000 UTC 2018-09-17 07:15:21 +0000 UTC  } {Ready True 0001-01-01 00:00:00 +0000 UTC 2018-09-17 07:15:45 +0000 UTC  } {ContainersReady True 0001-01-01 00:00:00 +0000 UTC 0001-01-01 00:00:00 +0000 UTC  } {PodScheduled True 0001-01-01 00:00:00 +0000 UTC 2018-09-17 07:15:21 +0000 UTC  }]&#xA;Sep 19 07:38:32.640: INFO: logging-elk-logstash-7994656f46-r89mt                            10.46.6.171  Running           [{Initialized True 0001-01-01 00:00:00 +0000 UTC 2018-09-17 07:15:22 +0000 UTC  } {Ready True 0001-01-01 00:00:00 +0000 UTC 2018-09-17 07:16:16 +0000 UTC  } {ContainersReady True 0001-01-01 00:00:00 +0000 UTC 0001-01-01 00:00:00 +0000 UTC  } {PodScheduled True 0001-01-01 00:00:00 +0000 UTC 2018-09-17 07:15:21 +0000 UTC  }]&#xA;Sep 19 07:38:32.640: INFO: logging-elk-master-6cdcf45f7d-gp28f                              10.46.6.171  Running           [{Initialized True 0001-01-01 00:00:00 +0000 UTC 2018-09-17 07:15:47 +0000 UTC  } {Ready True 0001-01-01 00:00:00 +0000 UTC 2018-09-17 07:16:16 +0000 UTC  } {ContainersReady True 0001-01-01 00:00:00 +0000 UTC 0001-01-01 00:00:00 +0000 UTC  } {PodScheduled True 0001-01-01 00:00:00 +0000 UTC 2018-09-17 07:15:21 +0000 UTC  }]&#xA;Sep 19 07:38:32.640: INFO: mariadb-0                                                        10.46.6.173  Running           [{Initialized True 0001-01-01 00:00:00 +0000 UTC 2018-09-17 07:08:38 +0000 UTC  } {Ready True 0001-01-01 00:00:00 +0000 UTC 2018-09-17 07:09:15 +0000 UTC  } {ContainersReady True 0001-01-01 00:00:00 +0000 UTC 0001-01-01 00:00:00 +0000 UTC  } {PodScheduled True 0001-01-01 00:00:00 +0000 UTC 2018-09-17 07:08:37 +0000 UTC  }]&#xA;Sep 19 07:38:32.640: INFO: metering-dm-8b475fc57-cmm6h                                      10.46.6.171  Running           [{Initialized True 0001-01-01 00:00:00 +0000 UTC 2018-09-17 07:14:20 +0000 UTC  } {Ready True 0001-01-01 00:00:00 +0000 UTC 2018-09-17 07:14:49 +0000 UTC  } {ContainersReady True 0001-01-01 00:00:00 +0000 UTC 0001-01-01 00:00:00 +0000 UTC  } {PodScheduled True 0001-01-01 00:00:00 +0000 UTC 2018-09-17 07:14:12 +0000 UTC  }]&#xA;Sep 19 07:38:32.640: INFO: metering-reader-44wd7                                            10.46.6.170  Running           [{Initialized True 0001-01-01 00:00:00 +0000 UTC 2018-09-17 07:14:20 +0000 UTC  } {Ready True 0001-01-01 00:00:00 +0000 UTC 2018-09-17 07:14:46 +0000 UTC  } {ContainersReady True 0001-01-01 00:00:00 +0000 UTC 0001-01-01 00:00:00 +0000 UTC  } {PodScheduled True 0001-01-01 00:00:00 +0000 UTC 2018-09-17 07:14:11 +0000 UTC  }]&#xA;Sep 19 07:38:32.640: INFO: metering-reader-gsrdg                                            10.46.6.172  Running           [{Initialized True 0001-01-01 00:00:00 +0000 UTC 2018-09-17 07:14:23 +0000 UTC  } {Ready True 0001-01-01 00:00:00 +0000 UTC 2018-09-17 07:14:52 +0000 UTC  } {ContainersReady True 0001-01-01 00:00:00 +0000 UTC 0001-01-01 00:00:00 +0000 UTC  } {PodScheduled True 0001-01-01 00:00:00 +0000 UTC 2018-09-17 07:14:11 +0000 UTC  }]&#xA;Sep 19 07:38:32.640: INFO: metering-reader-l7284                                            10.46.6.173  Running           [{Initialized True 0001-01-01 00:00:00 +0000 UTC 2018-09-17 07:14:24 +0000 UTC  } {Ready True 0001-01-01 00:00:00 +0000 UTC 2018-09-17 07:14:45 +0000 UTC  } {ContainersReady True 0001-01-01 00:00:00 +0000 UTC 0001-01-01 00:00:00 +0000 UTC  } {PodScheduled True 0001-01-01 00:00:00 +0000 UTC 2018-09-17 07:14:11 +0000 UTC  }]&#xA;Sep 19 07:38:32.640: INFO: metering-reader-xq8f2                                            10.46.6.171  Running           [{Initialized True 0001-01-01 00:00:00 +0000 UTC 2018-09-17 07:14:23 +0000 UTC  } {Ready True 0001-01-01 00:00:00 +0000 UTC 2018-09-17 07:14:55 +0000 UTC  } {ContainersReady True 0001-01-01 00:00:00 +0000 UTC 0001-01-01 00:00:00 +0000 UTC  } {PodScheduled True 0001-01-01 00:00:00 +0000 UTC 2018-09-17 07:14:11 +0000 UTC  }]&#xA;Sep 19 07:38:32.641: INFO: metering-ui-5bbfbb5d49-wkh8m                                     10.46.6.171  Running           [{Initialized True 0001-01-01 00:00:00 +0000 UTC 2018-09-17 07:14:22 +0000 UTC  } {Ready True 0001-01-01 00:00:00 +0000 UTC 2018-09-17 07:14:55 +0000 UTC  } {ContainersReady True 0001-01-01 00:00:00 +0000 UTC 0001-01-01 00:00:00 +0000 UTC  } {PodScheduled True 0001-01-01 00:00:00 +0000 UTC 2018-09-17 07:14:12 +0000 UTC  }]&#xA;Sep 19 07:38:32.641: INFO: metrics-server-6d6695f9db-8t4xs                                  10.46.6.171  Running           [{Initialized True 0001-01-01 00:00:00 +0000 UTC 2018-09-17 07:08:51 +0000 UTC  } {Ready True 0001-01-01 00:00:00 +0000 UTC 2018-09-17 07:08:55 +0000 UTC  } {ContainersReady True 0001-01-01 00:00:00 +0000 UTC 0001-01-01 00:00:00 +0000 UTC  } {PodScheduled True 0001-01-01 00:00:00 +0000 UTC 2018-09-17 07:08:51 +0000 UTC  }]&#xA;Sep 19 07:38:32.641: INFO: mgmt-repo-57dc689b74-tmp44                                       10.46.6.173  Running           [{Initialized True 0001-01-01 00:00:00 +0000 UTC 2018-09-17 07:18:10 +0000 UTC  } {Ready True 0001-01-01 00:00:00 +0000 UTC 2018-09-17 07:18:54 +0000 UTC  } {ContainersReady True 0001-01-01 00:00:00 +0000 UTC 0001-01-01 00:00:00 +0000 UTC  } {PodScheduled True 0001-01-01 00:00:00 +0000 UTC 2018-09-17 07:17:50 +0000 UTC  }]&#xA;Sep 19 07:38:32.641: INFO: monitoring-grafana-548b947c8c-dh89z                              10.46.6.171  Running           [{Initialized True 0001-01-01 00:00:00 +0000 UTC 2018-09-17 07:16:14 +0000 UTC  } {Ready True 0001-01-01 00:00:00 +0000 UTC 2018-09-17 07:16:59 +0000 UTC  } {ContainersReady True 0001-01-01 00:00:00 +0000 UTC 0001-01-01 00:00:00 +0000 UTC  } {PodScheduled True 0001-01-01 00:00:00 +0000 UTC 2018-09-17 07:15:46 +0000 UTC  }]&#xA;Sep 19 07:38:32.641: INFO: monitoring-prometheus-6677d7c77f-pnpt5                           10.46.6.171  Running           [{Initialized True 0001-01-01 00:00:00 +0000 UTC 2018-09-17 07:16:14 +0000 UTC  } {Ready True 0001-01-01 00:00:00 +0000 UTC 2018-09-17 07:17:03 +0000 UTC  } {ContainersReady True 0001-01-01 00:00:00 +0000 UTC 0001-01-01 00:00:00 +0000 UTC  } {PodScheduled True 0001-01-01 00:00:00 +0000 UTC 2018-09-17 07:15:45 +0000 UTC  }]&#xA;Sep 19 07:38:32.641: INFO: monitoring-prometheus-alertmanager-7d8749dbb8-xj68d              10.46.6.171  Running           [{Initialized True 0001-01-01 00:00:00 +0000 UTC 2018-09-17 07:15:46 +0000 UTC  } {Ready True 0001-01-01 00:00:00 +0000 UTC 2018-09-17 07:16:45 +0000 UTC  } {ContainersReady True 0001-01-01 00:00:00 +0000 UTC 0001-01-01 00:00:00 +0000 UTC  } {PodScheduled True 0001-01-01 00:00:00 +0000 UTC 2018-09-17 07:15:45 +0000 UTC  }]&#xA;Sep 19 07:38:32.641: INFO: monitoring-prometheus-collectdexporter-77575678dc-v8n2l          10.46.6.171  Running           [{Initialized True 0001-01-01 00:00:00 +0000 UTC 2018-09-17 07:15:46 +0000 UTC  } {Ready True 0001-01-01 00:00:00 +0000 UTC 2018-09-17 07:16:42 +0000 UTC  } {ContainersReady True 0001-01-01 00:00:00 +0000 UTC 0001-01-01 00:00:00 +0000 UTC  } {PodScheduled True 0001-01-01 00:00:00 +0000 UTC 2018-09-17 07:15:45 +0000 UTC  }]&#xA;Sep 19 07:38:32.641: INFO: monitoring-prometheus-elasticsearchexporter-655864cccb-c6tps     10.46.6.171  Running           [{Initialized True 0001-01-01 00:00:00 +0000 UTC 2018-09-17 07:15:46 +0000 UTC  } {Ready True 0001-01-01 00:00:00 +0000 UTC 2018-09-17 07:16:52 +0000 UTC  } {ContainersReady True 0001-01-01 00:00:00 +0000 UTC 0001-01-01 00:00:00 +0000 UTC  } {PodScheduled True 0001-01-01 00:00:00 +0000 UTC 2018-09-17 07:15:45 +0000 UTC  }]&#xA;Sep 19 07:38:32.641: INFO: monitoring-prometheus-kubestatemetrics-54dcbb6cfb-76zmm          10.46.6.171  Running           [{Initialized True 0001-01-01 00:00:00 +0000 UTC 2018-09-17 07:15:45 +0000 UTC  } {Ready True 0001-01-01 00:00:00 +0000 UTC 2018-09-17 07:16:34 +0000 UTC  } {ContainersReady True 0001-01-01 00:00:00 +0000 UTC 0001-01-01 00:00:00 +0000 UTC  } {PodScheduled True 0001-01-01 00:00:00 +0000 UTC 2018-09-17 07:15:45 +0000 UTC  }]&#xA;Sep 19 07:38:32.641: INFO: monitoring-prometheus-nodeexporter-9fnpb                         10.46.6.171  Running           [{Initialized True 0001-01-01 00:00:00 +0000 UTC 2018-09-17 07:15:44 +0000 UTC  } {Ready True 0001-01-01 00:00:00 +0000 UTC 2018-09-17 07:16:44 +0000 UTC  } {ContainersReady True 0001-01-01 00:00:00 +0000 UTC 0001-01-01 00:00:00 +0000 UTC  } {PodScheduled True 0001-01-01 00:00:00 +0000 UTC 2018-09-17 07:15:44 +0000 UTC  }]&#xA;Sep 19 07:38:32.641: INFO: monitoring-prometheus-nodeexporter-f84fv                         10.46.6.173  Running           [{Initialized True 0001-01-01 00:00:00 +0000 UTC 2018-09-17 07:15:45 +0000 UTC  } {Ready True 0001-01-01 00:00:00 +0000 UTC 2018-09-17 07:16:28 +0000 UTC  } {ContainersReady True 0001-01-01 00:00:00 +0000 UTC 0001-01-01 00:00:00 +0000 UTC  } {PodScheduled True 0001-01-01 00:00:00 +0000 UTC 2018-09-17 07:15:45 +0000 UTC  }]&#xA;Sep 19 07:38:32.641: INFO: monitoring-prometheus-nodeexporter-tpbc8                         10.46.6.170  Running           [{Initialized True 0001-01-01 00:00:00 +0000 UTC 2018-09-17 07:15:44 +0000 UTC  } {Ready True 0001-01-01 00:00:00 +0000 UTC 2018-09-17 07:16:27 +0000 UTC  } {ContainersReady True 0001-01-01 00:00:00 +0000 UTC 0001-01-01 00:00:00 +0000 UTC  } {PodScheduled True 0001-01-01 00:00:00 +0000 UTC 2018-09-17 07:15:44 +0000 UTC  }]&#xA;Sep 19 07:38:32.641: INFO: monitoring-prometheus-nodeexporter-v4l7d                         10.46.6.172  Running           [{Initialized True 0001-01-01 00:00:00 +0000 UTC 2018-09-17 07:15:44 +0000 UTC  } {Ready True 0001-01-01 00:00:00 +0000 UTC 2018-09-17 07:16:31 +0000 UTC  } {ContainersReady True 0001-01-01 00:00:00 +0000 UTC 0001-01-01 00:00:00 +0000 UTC  } {PodScheduled True 0001-01-01 00:00:00 +0000 UTC 2018-09-17 07:15:44 +0000 UTC  }]&#xA;Sep 19 07:38:32.641: INFO: my-ibm-open-liberty-ibm-7f7d9778d7-7t5jc                         10.46.6.170  Running           [{Initialized True 0001-01-01 00:00:00 +0000 UTC 2018-09-17 08:22:24 +0000 UTC  } {Ready True 0001-01-01 00:00:00 +0000 UTC 2018-09-17 08:23:21 +0000 UTC  } {ContainersReady True 0001-01-01 00:00:00 +0000 UTC 0001-01-01 00:00:00 +0000 UTC  } {PodScheduled True 0001-01-01 00:00:00 +0000 UTC 2018-09-17 08:22:24 +0000 UTC  }]&#xA;Sep 19 07:38:32.641: INFO: nginx-ingress-controller-h5z2v                                   10.46.6.173  Running           [{Initialized True 0001-01-01 00:00:00 +0000 UTC 2018-09-17 07:08:39 +0000 UTC  } {Ready True 0001-01-01 00:00:00 +0000 UTC 2018-09-17 07:08:54 +0000 UTC  } {ContainersReady True 0001-01-01 00:00:00 +0000 UTC 0001-01-01 00:00:00 +0000 UTC  } {PodScheduled True 0001-01-01 00:00:00 +0000 UTC 2018-09-17 07:08:28 +0000 UTC  }]&#xA;Sep 19 07:38:32.641: INFO: nvidia-device-plugin-9h2k4                                       10.46.6.170  Running           [{Initialized True 0001-01-01 00:00:00 +0000 UTC 2018-09-17 07:07:23 +0000 UTC  } {Ready True 0001-01-01 00:00:00 +0000 UTC 2018-09-17 07:07:24 +0000 UTC  } {ContainersReady True 0001-01-01 00:00:00 +0000 UTC 0001-01-01 00:00:00 +0000 UTC  } {PodScheduled True 0001-01-01 00:00:00 +0000 UTC 2018-09-17 07:07:17 +0000 UTC  }]&#xA;Sep 19 07:38:32.641: INFO: nvidia-device-plugin-nh54k                                       10.46.6.173  Running           [{Initialized True 0001-01-01 00:00:00 +0000 UTC 2018-09-17 07:07:29 +0000 UTC  } {Ready True 0001-01-01 00:00:00 +0000 UTC 2018-09-17 07:07:33 +0000 UTC  } {ContainersReady True 0001-01-01 00:00:00 +0000 UTC 0001-01-01 00:00:00 +0000 UTC  } {PodScheduled True 0001-01-01 00:00:00 +0000 UTC 2018-09-17 07:07:17 +0000 UTC  }]&#xA;Sep 19 07:38:32.641: INFO: nvidia-device-plugin-vh85n                                       10.46.6.171  Running           [{Initialized True 0001-01-01 00:00:00 +0000 UTC 2018-09-17 07:07:21 +0000 UTC  } {Ready True 0001-01-01 00:00:00 +0000 UTC 2018-09-17 07:07:23 +0000 UTC  } {ContainersReady True 0001-01-01 00:00:00 +0000 UTC 0001-01-01 00:00:00 +0000 UTC  } {PodScheduled True 0001-01-01 00:00:00 +0000 UTC 2018-09-17 07:07:17 +0000 UTC  }]&#xA;Sep 19 07:38:32.641: INFO: nvidia-device-plugin-w9jr8                                       10.46.6.172  Running           [{Initialized True 0001-01-01 00:00:00 +0000 UTC 2018-09-17 07:07:24 +0000 UTC  } {Ready True 0001-01-01 00:00:00 +0000 UTC 2018-09-17 07:07:26 +0000 UTC  } {ContainersReady True 0001-01-01 00:00:00 +0000 UTC 0001-01-01 00:00:00 +0000 UTC  } {PodScheduled True 0001-01-01 00:00:00 +0000 UTC 2018-09-17 07:07:17 +0000 UTC  }]&#xA;Sep 19 07:38:32.641: INFO: oidc-client-registration-szxrk                                   10.46.6.173  Succeeded         [{Initialized True 0001-01-01 00:00:00 +0000 UTC 2018-09-17 07:10:05 +0000 UTC PodCompleted } {Ready False 0001-01-01 00:00:00 +0000 UTC 2018-09-17 07:12:27 +0000 UTC PodCompleted } {ContainersReady False 0001-01-01 00:00:00 +0000 UTC 0001-01-01 00:00:00 +0000 UTC PodCompleted } {PodScheduled True 0001-01-01 00:00:00 +0000 UTC 2018-09-17 07:10:04 +0000 UTC  }]&#xA;Sep 19 07:38:32.641: INFO: platform-api-2fs4x                                               10.46.6.173  Running           [{Initialized True 0001-01-01 00:00:00 +0000 UTC 2018-09-17 07:08:45 +0000 UTC  } {Ready True 0001-01-01 00:00:00 +0000 UTC 2018-09-17 07:16:29 +0000 UTC  } {ContainersReady True 0001-01-01 00:00:00 +0000 UTC 0001-01-01 00:00:00 +0000 UTC  } {PodScheduled True 0001-01-01 00:00:00 +0000 UTC 2018-09-17 07:08:45 +0000 UTC  }]&#xA;Sep 19 07:38:32.641: INFO: platform-deploy-dbbks                                            10.46.6.173  Running           [{Initialized True 0001-01-01 00:00:00 +0000 UTC 2018-09-17 07:08:45 +0000 UTC  } {Ready True 0001-01-01 00:00:00 +0000 UTC 2018-09-17 07:08:57 +0000 UTC  } {ContainersReady True 0001-01-01 00:00:00 +0000 UTC 0001-01-01 00:00:00 +0000 UTC  } {PodScheduled True 0001-01-01 00:00:00 +0000 UTC 2018-09-17 07:08:45 +0000 UTC  }]&#xA;Sep 19 07:38:32.641: INFO: platform-ui-6fjgx                                                10.46.6.173  Running           [{Initialized True 0001-01-01 00:00:00 +0000 UTC 2018-09-17 07:14:34 +0000 UTC  } {Ready True 0001-01-01 00:00:00 +0000 UTC 2018-09-17 07:15:20 +0000 UTC  } {ContainersReady True 0001-01-01 00:00:00 +0000 UTC 0001-01-01 00:00:00 +0000 UTC  } {PodScheduled True 0001-01-01 00:00:00 +0000 UTC 2018-09-17 07:14:34 +0000 UTC  }]&#xA;Sep 19 07:38:32.641: INFO: secret-watcher-5f59fcbc69-pfnfk                                  10.46.6.173  Running           [{Initialized True 0001-01-01 00:00:00 +0000 UTC 2018-09-17 07:18:05 +0000 UTC  } {Ready True 0001-01-01 00:00:00 +0000 UTC 2018-09-17 07:18:30 +0000 UTC  } {ContainersReady True 0001-01-01 00:00:00 +0000 UTC 0001-01-01 00:00:00 +0000 UTC  } {PodScheduled True 0001-01-01 00:00:00 +0000 UTC 2018-09-17 07:18:04 +0000 UTC  }]&#xA;Sep 19 07:38:32.641: INFO: security-onboarding-tkf79                                        10.46.6.173  Succeeded         [{Initialized True 0001-01-01 00:00:00 +0000 UTC 2018-09-17 07:18:12 +0000 UTC PodCompleted } {Ready False 0001-01-01 00:00:00 +0000 UTC 2018-09-17 07:20:02 +0000 UTC PodCompleted } {ContainersReady False 0001-01-01 00:00:00 +0000 UTC 0001-01-01 00:00:00 +0000 UTC PodCompleted } {PodScheduled True 0001-01-01 00:00:00 +0000 UTC 2018-09-17 07:18:12 +0000 UTC  }]&#xA;Sep 19 07:38:32.641: INFO: service-catalog-apiserver-967x9                                  10.46.6.173  Running           [{Initialized True 0001-01-01 00:00:00 +0000 UTC 2018-09-17 07:08:20 +0000 UTC  } {Ready True 0001-01-01 00:00:00 +0000 UTC 2018-09-17 07:09:01 +0000 UTC  } {ContainersReady True 0001-01-01 00:00:00 +0000 UTC 0001-01-01 00:00:00 +0000 UTC  } {PodScheduled True 0001-01-01 00:00:00 +0000 UTC 2018-09-17 07:08:20 +0000 UTC  }]&#xA;Sep 19 07:38:32.641: INFO: service-catalog-controller-manager-5969cccf86-65phs              10.46.6.173  Running           [{Initialized True 0001-01-01 00:00:00 +0000 UTC 2018-09-17 07:08:21 +0000 UTC  } {Ready True 0001-01-01 00:00:00 +0000 UTC 2018-09-17 07:08:34 +0000 UTC  } {ContainersReady True 0001-01-01 00:00:00 +0000 UTC 0001-01-01 00:00:00 +0000 UTC  } {PodScheduled True 0001-01-01 00:00:00 +0000 UTC 2018-09-17 07:08:20 +0000 UTC  }]&#xA;Sep 19 07:38:32.642: INFO: tiller-deploy-6b58875cb-5l8kh                                    10.46.6.173  Running           [{Initialized True 0001-01-01 00:00:00 +0000 UTC 2018-09-17 07:05:28 +0000 UTC  } {Ready True 0001-01-01 00:00:00 +0000 UTC 2018-09-17 07:05:43 +0000 UTC  } {ContainersReady True 0001-01-01 00:00:00 +0000 UTC 0001-01-01 00:00:00 +0000 UTC  } {PodScheduled True 0001-01-01 00:00:00 +0000 UTC 2018-09-17 07:05:28 +0000 UTC  }]&#xA;Sep 19 07:38:32.642: INFO: unified-router-lkwnl                                             10.46.6.173  Running           [{Initialized True 0001-01-01 00:00:00 +0000 UTC 2018-09-17 07:15:31 +0000 UTC  } {Ready True 0001-01-01 00:00:00 +0000 UTC 2018-09-17 07:15:40 +0000 UTC  } {ContainersReady True 0001-01-01 00:00:00 +0000 UTC 0001-01-01 00:00:00 +0000 UTC  } {PodScheduled True 0001-01-01 00:00:00 +0000 UTC 2018-09-17 07:15:31 +0000 UTC  }]&#xA;Sep 19 07:38:32.642: INFO: vulnerability-advisor-compliance-annotator-d5659b9d9-kmn8q       10.46.6.172  Running           [{Initialized True 0001-01-01 00:00:00 +0000 UTC 2018-09-17 07:19:03 +0000 UTC  } {Ready True 0001-01-01 00:00:00 +0000 UTC 2018-09-17 07:21:08 +0000 UTC  } {ContainersReady True 0001-01-01 00:00:00 +0000 UTC 0001-01-01 00:00:00 +0000 UTC  } {PodScheduled True 0001-01-01 00:00:00 +0000 UTC 2018-09-17 07:19:03 +0000 UTC  }]&#xA;Sep 19 07:38:32.642: INFO: vulnerability-advisor-compliance-indexer-7cbdc64b57-47lmd        10.46.6.172  Running           [{Initialized True 0001-01-01 00:00:00 +0000 UTC 2018-09-17 07:19:07 +0000 UTC  } {Ready True 0001-01-01 00:00:00 +0000 UTC 2018-09-17 07:19:33 +0000 UTC  } {ContainersReady True 0001-01-01 00:00:00 +0000 UTC 0001-01-01 00:00:00 +0000 UTC  } {PodScheduled True 0001-01-01 00:00:00 +0000 UTC 2018-09-17 07:19:06 +0000 UTC  }]&#xA;Sep 19 07:38:32.642: INFO: vulnerability-advisor-config-parser-5d44b78fd5-z4k9t             10.46.6.172  Running           [{Initialized True 0001-01-01 00:00:00 +0000 UTC 2018-09-17 07:19:04 +0000 UTC  } {Ready True 0001-01-01 00:00:00 +0000 UTC 2018-09-17 07:21:09 +0000 UTC  } {ContainersReady True 0001-01-01 00:00:00 +0000 UTC 0001-01-01 00:00:00 +0000 UTC  } {PodScheduled True 0001-01-01 00:00:00 +0000 UTC 2018-09-17 07:19:03 +0000 UTC  }]&#xA;Sep 19 07:38:32.642: INFO: vulnerability-advisor-cos-indexer-57899b7dd6-7cpf8               10.46.6.172  Running           [{Initialized True 0001-01-01 00:00:00 +0000 UTC 2018-09-17 07:19:04 +0000 UTC  } {Ready True 0001-01-01 00:00:00 +0000 UTC 2018-09-19 07:20:04 +0000 UTC  } {ContainersReady True 0001-01-01 00:00:00 +0000 UTC 0001-01-01 00:00:00 +0000 UTC  } {PodScheduled True 0001-01-01 00:00:00 +0000 UTC 2018-09-17 07:19:04 +0000 UTC  }]&#xA;Sep 19 07:38:32.642: INFO: vulnerability-advisor-kafka-0                                    10.46.6.172  Running           [{Initialized True 0001-01-01 00:00:00 +0000 UTC 2018-09-17 07:19:13 +0000 UTC  } {Ready True 0001-01-01 00:00:00 +0000 UTC 2018-09-17 07:20:53 +0000 UTC  } {ContainersReady True 0001-01-01 00:00:00 +0000 UTC 0001-01-01 00:00:00 +0000 UTC  } {PodScheduled True 0001-01-01 00:00:00 +0000 UTC 2018-09-17 07:19:13 +0000 UTC  }]&#xA;Sep 19 07:38:32.642: INFO: vulnerability-advisor-live-crawler-84st2                         10.46.6.172  Running           [{Initialized True 0001-01-01 00:00:00 +0000 UTC 2018-09-17 07:19:03 +0000 UTC  } {Ready True 0001-01-01 00:00:00 +0000 UTC 2018-09-17 07:19:26 +0000 UTC  } {ContainersReady True 0001-01-01 00:00:00 +0000 UTC 0001-01-01 00:00:00 +0000 UTC  } {PodScheduled True 0001-01-01 00:00:00 +0000 UTC 2018-09-17 07:19:03 +0000 UTC  }]&#xA;Sep 19 07:38:32.642: INFO: vulnerability-advisor-live-crawler-ccxd7                         10.46.6.170  Running           [{Initialized True 0001-01-01 00:00:00 +0000 UTC 2018-09-17 07:19:03 +0000 UTC  } {Ready True 0001-01-01 00:00:00 +0000 UTC 2018-09-17 07:19:14 +0000 UTC  } {ContainersReady True 0001-01-01 00:00:00 +0000 UTC 0001-01-01 00:00:00 +0000 UTC  } {PodScheduled True 0001-01-01 00:00:00 +0000 UTC 2018-09-17 07:19:03 +0000 UTC  }]&#xA;Sep 19 07:38:32.642: INFO: vulnerability-advisor-live-crawler-p6khc                         10.46.6.173  Running           [{Initialized True 0001-01-01 00:00:00 +0000 UTC 2018-09-17 07:19:02 +0000 UTC  } {Ready True 0001-01-01 00:00:00 +0000 UTC 2018-09-17 07:19:22 +0000 UTC  } {ContainersReady True 0001-01-01 00:00:00 +0000 UTC 0001-01-01 00:00:00 +0000 UTC  } {PodScheduled True 0001-01-01 00:00:00 +0000 UTC 2018-09-17 07:19:02 +0000 UTC  }]&#xA;Sep 19 07:38:32.642: INFO: vulnerability-advisor-live-crawler-xxz8p                         10.46.6.171  Running           [{Initialized True 0001-01-01 00:00:00 +0000 UTC 2018-09-17 07:19:03 +0000 UTC  } {Ready True 0001-01-01 00:00:00 +0000 UTC 2018-09-17 07:19:18 +0000 UTC  } {ContainersReady True 0001-01-01 00:00:00 +0000 UTC 0001-01-01 00:00:00 +0000 UTC  } {PodScheduled True 0001-01-01 00:00:00 +0000 UTC 2018-09-17 07:19:03 +0000 UTC  }]&#xA;Sep 19 07:38:32.642: INFO: vulnerability-advisor-ma-file-annotator-6b95df8886-jtczz         10.46.6.172  Running           [{Initialized True 0001-01-01 00:00:00 +0000 UTC 2018-09-17 07:19:04 +0000 UTC  } {Ready True 0001-01-01 00:00:00 +0000 UTC 2018-09-17 07:23:32 +0000 UTC  } {ContainersReady True 0001-01-01 00:00:00 +0000 UTC 0001-01-01 00:00:00 +0000 UTC  } {PodScheduled True 0001-01-01 00:00:00 +0000 UTC 2018-09-17 07:19:04 +0000 UTC  }]&#xA;Sep 19 07:38:32.642: INFO: vulnerability-advisor-minio-0                                    10.46.6.172  Running           [{Initialized True 0001-01-01 00:00:00 +0000 UTC 2018-09-17 07:21:51 +0000 UTC  } {Ready True 0001-01-01 00:00:00 +0000 UTC 2018-09-17 07:21:54 +0000 UTC  } {ContainersReady True 0001-01-01 00:00:00 +0000 UTC 0001-01-01 00:00:00 +0000 UTC  } {PodScheduled True 0001-01-01 00:00:00 +0000 UTC 2018-09-17 07:19:15 +0000 UTC  }]&#xA;Sep 19 07:38:32.642: INFO: vulnerability-advisor-minio-cleaner-1537228740-55f4w             10.46.6.172  Succeeded         [{Initialized True 0001-01-01 00:00:00 +0000 UTC 2018-09-17 23:59:03 +0000 UTC PodCompleted } {Ready False 0001-01-01 00:00:00 +0000 UTC 2018-09-17 23:59:42 +0000 UTC PodCompleted } {ContainersReady False 0001-01-01 00:00:00 +0000 UTC 0001-01-01 00:00:00 +0000 UTC PodCompleted } {PodScheduled True 0001-01-01 00:00:00 +0000 UTC 2018-09-17 23:59:03 +0000 UTC  }]&#xA;Sep 19 07:38:32.642: INFO: vulnerability-advisor-minio-cleaner-1537315140-nqk7v             10.46.6.172  Succeeded         [{Initialized True 0001-01-01 00:00:00 +0000 UTC 2018-09-18 23:59:04 +0000 UTC PodCompleted } {Ready False 0001-01-01 00:00:00 +0000 UTC 2018-09-19 00:00:52 +0000 UTC PodCompleted } {ContainersReady False 0001-01-01 00:00:00 +0000 UTC 0001-01-01 00:00:00 +0000 UTC PodCompleted } {PodScheduled True 0001-01-01 00:00:00 +0000 UTC 2018-09-18 23:59:04 +0000 UTC  }]&#xA;Sep 19 07:38:32.642: INFO: vulnerability-advisor-notification-dispatcher-86f8bf4b4d-cfdzb   10.46.6.172  Running           [{Initialized True 0001-01-01 00:00:00 +0000 UTC 2018-09-17 07:19:04 +0000 UTC  } {Ready True 0001-01-01 00:00:00 +0000 UTC 2018-09-17 07:20:31 +0000 UTC  } {ContainersReady True 0001-01-01 00:00:00 +0000 UTC 0001-01-01 00:00:00 +0000 UTC  } {PodScheduled True 0001-01-01 00:00:00 +0000 UTC 2018-09-17 07:19:04 +0000 UTC  }]&#xA;Sep 19 07:38:32.642: INFO: vulnerability-advisor-password-annotator-79b5d794b5-wnwqn        10.46.6.172  Running           [{Initialized True 0001-01-01 00:00:00 +0000 UTC 2018-09-17 07:19:05 +0000 UTC  } {Ready True 0001-01-01 00:00:00 +0000 UTC 2018-09-17 07:20:29 +0000 UTC  } {ContainersReady True 0001-01-01 00:00:00 +0000 UTC 0001-01-01 00:00:00 +0000 UTC  } {PodScheduled True 0001-01-01 00:00:00 +0000 UTC 2018-09-17 07:19:04 +0000 UTC  }]&#xA;Sep 19 07:38:32.642: INFO: vulnerability-advisor-process-ma-annotator-58f47d5b5f-4wglg      10.46.6.172  Running           [{Initialized True 0001-01-01 00:00:00 +0000 UTC 2018-09-17 07:19:06 +0000 UTC  } {Ready True 0001-01-01 00:00:00 +0000 UTC 2018-09-17 07:20:56 +0000 UTC  } {ContainersReady True 0001-01-01 00:00:00 +0000 UTC 0001-01-01 00:00:00 +0000 UTC  } {PodScheduled True 0001-01-01 00:00:00 +0000 UTC 2018-09-17 07:19:05 +0000 UTC  }]&#xA;Sep 19 07:38:32.642: INFO: vulnerability-advisor-process-ma-annotator-58f47d5b5f-xbxrc      10.46.6.172  Running           [{Initialized True 0001-01-01 00:00:00 +0000 UTC 2018-09-17 07:19:06 +0000 UTC  } {Ready True 0001-01-01 00:00:00 +0000 UTC 2018-09-17 07:21:50 +0000 UTC  } {ContainersReady True 0001-01-01 00:00:00 +0000 UTC 0001-01-01 00:00:00 +0000 UTC  } {PodScheduled True 0001-01-01 00:00:00 +0000 UTC 2018-09-17 07:19:05 +0000 UTC  }]&#xA;Sep 19 07:38:32.642: INFO: vulnerability-advisor-process-ma-annotator-init-869545d547nn27w  10.46.6.172  Running           [{Initialized True 0001-01-01 00:00:00 +0000 UTC 2018-09-17 07:19:06 +0000 UTC  } {Ready True 0001-01-01 00:00:00 +0000 UTC 2018-09-17 07:19:42 +0000 UTC  } {ContainersReady True 0001-01-01 00:00:00 +0000 UTC 0001-01-01 00:00:00 +0000 UTC  } {PodScheduled True 0001-01-01 00:00:00 +0000 UTC 2018-09-17 07:19:05 +0000 UTC  }]&#xA;Sep 19 07:38:32.642: INFO: vulnerability-advisor-process-ma-crawler-24z6k                   10.46.6.172  Running           [{Initialized True 0001-01-01 00:00:00 +0000 UTC 2018-09-17 07:19:03 +0000 UTC  } {Ready True 0001-01-01 00:00:00 +0000 UTC 2018-09-17 07:19:32 +0000 UTC  } {ContainersReady True 0001-01-01 00:00:00 +0000 UTC 0001-01-01 00:00:00 +0000 UTC  } {PodScheduled True 0001-01-01 00:00:00 +0000 UTC 2018-09-17 07:19:03 +0000 UTC  }]&#xA;Sep 19 07:38:32.642: INFO: vulnerability-advisor-process-ma-crawler-5g4zk                   10.46.6.170  Running           [{Initialized True 0001-01-01 00:00:00 +0000 UTC 2018-09-17 07:19:03 +0000 UTC  } {Ready True 0001-01-01 00:00:00 +0000 UTC 2018-09-17 07:19:16 +0000 UTC  } {ContainersReady True 0001-01-01 00:00:00 +0000 UTC 0001-01-01 00:00:00 +0000 UTC  } {PodScheduled True 0001-01-01 00:00:00 +0000 UTC 2018-09-17 07:19:03 +0000 UTC  }]&#xA;Sep 19 07:38:32.642: INFO: vulnerability-advisor-process-ma-crawler-96728                   10.46.6.173  Running           [{Initialized True 0001-01-01 00:00:00 +0000 UTC 2018-09-17 07:19:03 +0000 UTC  } {Ready True 0001-01-01 00:00:00 +0000 UTC 2018-09-17 07:19:23 +0000 UTC  } {ContainersReady True 0001-01-01 00:00:00 +0000 UTC 0001-01-01 00:00:00 +0000 UTC  } {PodScheduled True 0001-01-01 00:00:00 +0000 UTC 2018-09-17 07:19:03 +0000 UTC  }]&#xA;Sep 19 07:38:32.642: INFO: vulnerability-advisor-process-ma-crawler-b7k2d                   10.46.6.171  Running           [{Initialized True 0001-01-01 00:00:00 +0000 UTC 2018-09-17 07:19:03 +0000 UTC  } {Ready True 0001-01-01 00:00:00 +0000 UTC 2018-09-17 07:19:13 +0000 UTC  } {ContainersReady True 0001-01-01 00:00:00 +0000 UTC 0001-01-01 00:00:00 +0000 UTC  } {PodScheduled True 0001-01-01 00:00:00 +0000 UTC 2018-09-17 07:19:03 +0000 UTC  }]&#xA;Sep 19 07:38:32.642: INFO: vulnerability-advisor-registry-crawler-6f9568677b-bfpm6          10.46.6.172  Running           [{Initialized True 0001-01-01 00:00:00 +0000 UTC 2018-09-17 07:19:08 +0000 UTC  } {Ready True 0001-01-01 00:00:00 +0000 UTC 2018-09-17 07:19:48 +0000 UTC  } {ContainersReady True 0001-01-01 00:00:00 +0000 UTC 0001-01-01 00:00:00 +0000 UTC  } {PodScheduled True 0001-01-01 00:00:00 +0000 UTC 2018-09-17 07:19:07 +0000 UTC  }]&#xA;Sep 19 07:38:32.642: INFO: vulnerability-advisor-rootkit-annotator-74cb65b5cf-2dk5j         10.46.6.172  Running           [{Initialized True 0001-01-01 00:00:00 +0000 UTC 2018-09-17 07:19:08 +0000 UTC  } {Ready True 0001-01-01 00:00:00 +0000 UTC 2018-09-17 07:20:26 +0000 UTC  } {ContainersReady True 0001-01-01 00:00:00 +0000 UTC 0001-01-01 00:00:00 +0000 UTC  } {PodScheduled True 0001-01-01 00:00:00 +0000 UTC 2018-09-17 07:19:07 +0000 UTC  }]&#xA;Sep 19 07:38:32.642: INFO: vulnerability-advisor-rootkit-indexer-cd8b4646b-xlhwq            10.46.6.172  Running           [{Initialized True 0001-01-01 00:00:00 +0000 UTC 2018-09-17 07:19:07 +0000 UTC  } {Ready True 0001-01-01 00:00:00 +0000 UTC 2018-09-17 07:19:26 +0000 UTC  } {ContainersReady True 0001-01-01 00:00:00 +0000 UTC 0001-01-01 00:00:00 +0000 UTC  } {PodScheduled True 0001-01-01 00:00:00 +0000 UTC 2018-09-17 07:19:06 +0000 UTC  }]&#xA;Sep 19 07:38:32.642: INFO: vulnerability-advisor-sas-apiserver-5fd8d44bc9-7bvkn             10.46.6.172  Running           [{Initialized True 0001-01-01 00:00:00 +0000 UTC 2018-09-17 07:19:09 +0000 UTC  } {Ready True 0001-01-01 00:00:00 +0000 UTC 2018-09-17 07:20:03 +0000 UTC  } {ContainersReady True 0001-01-01 00:00:00 +0000 UTC 0001-01-01 00:00:00 +0000 UTC  } {PodScheduled True 0001-01-01 00:00:00 +0000 UTC 2018-09-17 07:19:08 +0000 UTC  }]&#xA;Sep 19 07:38:32.642: INFO: vulnerability-advisor-sas-mgmt-64fb95bc44-j9vjc                  10.46.6.172  Running           [{Initialized True 0001-01-01 00:00:00 +0000 UTC 2018-09-17 07:19:08 +0000 UTC  } {Ready True 0001-01-01 00:00:00 +0000 UTC 2018-09-17 07:19:39 +0000 UTC  } {ContainersReady True 0001-01-01 00:00:00 +0000 UTC 0001-01-01 00:00:00 +0000 UTC  } {PodScheduled True 0001-01-01 00:00:00 +0000 UTC 2018-09-17 07:19:08 +0000 UTC  }]&#xA;Sep 19 07:38:32.642: INFO: vulnerability-advisor-secconfig-annotator-7dbcf5d9f4-fkmkb       10.46.6.172  Running           [{Initialized True 0001-01-01 00:00:00 +0000 UTC 2018-09-17 07:19:10 +0000 UTC  } {Ready True 0001-01-01 00:00:00 +0000 UTC 2018-09-17 07:19:45 +0000 UTC  } {ContainersReady True 0001-01-01 00:00:00 +0000 UTC 0001-01-01 00:00:00 +0000 UTC  } {PodScheduled True 0001-01-01 00:00:00 +0000 UTC 2018-09-17 07:19:08 +0000 UTC  }]&#xA;Sep 19 07:38:32.642: INFO: vulnerability-advisor-secconfig-indexer-674647df7c-qq5ff         10.46.6.172  Running           [{Initialized True 0001-01-01 00:00:00 +0000 UTC 2018-09-17 07:19:07 +0000 UTC  } {Ready True 0001-01-01 00:00:00 +0000 UTC 2018-09-17 07:19:33 +0000 UTC  } {ContainersReady True 0001-01-01 00:00:00 +0000 UTC 0001-01-01 00:00:00 +0000 UTC  } {PodScheduled True 0001-01-01 00:00:00 +0000 UTC 2018-09-17 07:19:06 +0000 UTC  }]&#xA;Sep 19 07:38:32.642: INFO: vulnerability-advisor-statsd-7746859df4-jjm6f                    10.46.6.172  Running           [{Initialized True 0001-01-01 00:00:00 +0000 UTC 2018-09-17 07:19:10 +0000 UTC  } {Ready True 0001-01-01 00:00:00 +0000 UTC 2018-09-17 07:19:38 +0000 UTC  } {ContainersReady True 0001-01-01 00:00:00 +0000 UTC 0001-01-01 00:00:00 +0000 UTC  } {PodScheduled True 0001-01-01 00:00:00 +0000 UTC 2018-09-17 07:19:09 +0000 UTC  }]&#xA;Sep 19 07:38:32.642: INFO: vulnerability-advisor-usncrawler-8h976                           10.46.6.172  Succeeded         [{Initialized True 0001-01-01 00:00:00 +0000 UTC 2018-09-17 07:19:11 +0000 UTC PodCompleted } {Ready False 0001-01-01 00:00:00 +0000 UTC 2018-09-17 07:24:06 +0000 UTC PodCompleted } {ContainersReady False 0001-01-01 00:00:00 +0000 UTC 0001-01-01 00:00:00 +0000 UTC PodCompleted } {PodScheduled True 0001-01-01 00:00:00 +0000 UTC 2018-09-17 07:19:11 +0000 UTC  }]&#xA;Sep 19 07:38:32.642: INFO: vulnerability-advisor-vulnerability-annotator-bcbf5595f-hxwst    10.46.6.172  Running           [{Initialized True 0001-01-01 00:00:00 +0000 UTC 2018-09-17 07:19:10 +0000 UTC  } {Ready True 0001-01-01 00:00:00 +0000 UTC 2018-09-17 07:20:29 +0000 UTC  } {ContainersReady True 0001-01-01 00:00:00 +0000 UTC 0001-01-01 00:00:00 +0000 UTC  } {PodScheduled True 0001-01-01 00:00:00 +0000 UTC 2018-09-17 07:19:09 +0000 UTC  }]&#xA;Sep 19 07:38:32.642: INFO: vulnerability-advisor-vulnerability-indexer-7c79b4c964-2n8cg     10.46.6.172  Running           [{Initialized True 0001-01-01 00:00:00 +0000 UTC 2018-09-17 07:19:07 +0000 UTC  } {Ready True 0001-01-01 00:00:00 +0000 UTC 2018-09-17 07:19:37 +0000 UTC  } {ContainersReady True 0001-01-01 00:00:00 +0000 UTC 0001-01-01 00:00:00 +0000 UTC  } {PodScheduled True 0001-01-01 00:00:00 +0000 UTC 2018-09-17 07:19:06 +0000 UTC  }]&#xA;Sep 19 07:38:32.642: INFO: vulnerability-advisor-zookeeper-0                                10.46.6.172  Running           [{Initialized True 0001-01-01 00:00:00 +0000 UTC 2018-09-17 07:19:15 +0000 UTC  } {Ready True 0001-01-01 00:00:00 +0000 UTC 2018-09-17 07:20:10 +0000 UTC  } {ContainersReady True 0001-01-01 00:00:00 +0000 UTC 0001-01-01 00:00:00 +0000 UTC  } {PodScheduled True 0001-01-01 00:00:00 +0000 UTC 2018-09-17 07:19:14 +0000 UTC  }]&#xA;Sep 19 07:38:32.642: INFO: &#xA;Sep 19 07:38:32.648: INFO: &#xA;Logging node info for node 10.46.6.170&#xA;Sep 19 07:38:32.651: INFO: Node Info: &amp;Node{ObjectMeta:k8s_io_apimachinery_pkg_apis_meta_v1.ObjectMeta{Name:10.46.6.170,GenerateName:,Namespace:,SelfLink:/api/v1/nodes/10.46.6.170,UID:0c4508eb-ba48-11e8-b20e-fa163e707b2e,ResourceVersion:457276,Generation:0,CreationTimestamp:2018-09-17 07:05:24 +0000 UTC,DeletionTimestamp:&lt;nil&gt;,DeletionGracePeriodSeconds:nil,Labels:map[string]string{beta.kubernetes.io/arch: amd64,beta.kubernetes.io/os: linux,kubernetes.io/hostname: 10.46.6.170,node-role.kubernetes.io/worker: true,},Annotations:map[string]string{node.alpha.kubernetes.io/ttl: 0,volumes.kubernetes.io/controller-managed-attach-detach: true,},OwnerReferences:[],Finalizers:[],ClusterName:,Initializers:nil,},Spec:NodeSpec{PodCIDR:,DoNotUse_ExternalID:,ProviderID:,Unschedulable:false,Taints:[],ConfigSource:nil,},Status:NodeStatus{Capacity:ResourceList{cpu: {{8 0} {&lt;nil&gt;} 8 DecimalSI},ephemeral-storage: {{107362627584 0} {&lt;nil&gt;} 104846316Ki BinarySI},hugepages-1Gi: {{0 0} {&lt;nil&gt;} 0 DecimalSI},hugepages-2Mi: {{0 0} {&lt;nil&gt;} 0 DecimalSI},memory: {{16825630720 0} {&lt;nil&gt;}  BinarySI},pods: {{80 0} {&lt;nil&gt;} 80 DecimalSI},},Allocatable:ResourceList{cpu: {{8 0} {&lt;nil&gt;} 8 DecimalSI},ephemeral-storage: {{96626364666 0} {&lt;nil&gt;} 96626364666 DecimalSI},hugepages-1Gi: {{0 0} {&lt;nil&gt;} 0 DecimalSI},hugepages-2Mi: {{0 0} {&lt;nil&gt;} 0 DecimalSI},memory: {{16720773120 0} {&lt;nil&gt;}  BinarySI},pods: {{80 0} {&lt;nil&gt;} 80 DecimalSI},},Phase:,Conditions:[{OutOfDisk False 2018-09-19 07:38:29 +0000 UTC 2018-09-17 07:05:24 +0000 UTC KubeletHasSufficientDisk kubelet has sufficient disk space available} {MemoryPressure False 2018-09-19 07:38:29 +0000 UTC 2018-09-17 07:05:24 +0000 UTC KubeletHasSufficientMemory kubelet has sufficient memory available} {DiskPressure False 2018-09-19 07:38:29 +0000 UTC 2018-09-17 07:05:24 +0000 UTC KubeletHasNoDiskPressure kubelet has no disk pressure} {PIDPressure False 2018-09-19 07:38:29 +0000 UTC 2018-09-17 07:05:24 +0000 UTC KubeletHasSufficientPID kubelet has sufficient PID available} {Ready True 2018-09-19 07:38:29 +0000 UTC 2018-09-17 07:06:04 +0000 UTC KubeletReady kubelet is posting ready status}],Addresses:[{InternalIP 10.46.6.170} {Hostname 10.46.6.170}],DaemonEndpoints:NodeDaemonEndpoints{KubeletEndpoint:DaemonEndpoint{Port:10250,},},NodeInfo:NodeSystemInfo{MachineID:52ca0d2c3fb341c79b059a96d10571a6,SystemUUID:B2A91A2D-0576-4E7B-AEBA-AE95FFDDF786,BootID:ae0d54c3-4892-49fd-b5c7-ca2077060a4b,KernelVersion:3.10.0-862.9.1.el7.x86_64,OSImage:Red Hat Enterprise Linux,ContainerRuntimeVersion:docker://18.3.1,KubeletVersion:v1.11.1+icp-ee,KubeProxyVersion:v1.11.1+icp-ee,OperatingSystem:linux,Architecture:amd64,},Images:[{[lzj.icp:8500/ibmcom/live-crawler@sha256:1a648615e7b439f093697f65350262823e6c711c4b21ea81596ced1c28a48133 lzj.icp:8500/ibmcom/live-crawler:1.3.1] 987515538} {[lzj.icp:8500/ibmcom/hyperkube@sha256:9fbddbf2d04354912c8a981395493d250474cb9fa587fa91119e69467078b180 lzj.icp:8500/ibmcom/hyperkube:v1.11.1-ee] 782626408} {[gcr.io/heptio-images/kube-conformance@sha256:5482c7f5f7b874c5c6caec6ddef5406f19a52a2c3a36897cadf0a8f78ab57982 gcr.io/heptio-images/kube-conformance:latest] 532182058} {[open-liberty@sha256:e962af00796d50687a4ac71d5e8ab046696c314b4a84617b0d216b671519df31 open-liberty:latest] 500884023} {[lzj.icp:8500/ibmcom/icp-filebeat@sha256:72669dde64d7ab85bbb9e93428efe548b2693a4eae5168a4705f6e30cd20e584 lzj.icp:8500/ibmcom/icp-filebeat:5.5.1] 317104874} {[lzj.icp:8500/ibmcom/fluentd@sha256:f85a5ffd86438f1a73d04caf6e33ef3474675d9fa0947431f4d0a9602fc981af lzj.icp:8500/ibmcom/fluentd:v1.2.2-icp] 270902701} {[lzj.icp:8500/ibmcom/calico-node@sha256:85a23d8030137d49663d3d82844a61998331606de9fc523dfdd0a75be7fb9828 lzj.icp:8500/ibmcom/calico-node:v3.1.3] 248202699} {[gcr.io/kubernetes-e2e-test-images/jessie-dnsutils-amd64@sha256:9e842e2f77073ec30e2349f9082ec35357a3bf61e12488adc677144295e68c38 gcr.io/kubernetes-e2e-test-images/jessie-dnsutils-amd64:1.0] 195659796} {[lzj.icp:8500/ibmcom/nvidia-device-plugin@sha256:2d57caa41994d1e0b3d952526a651f8da487e068874d1075f915fa48ad969ba6 lzj.icp:8500/ibmcom/nvidia-device-plugin:1.0] 132413452} {[lzj.icp:8500/ibmcom/metering-data-manager@sha256:97803f4458c6f6ca62076cf6958cb8ab98cf9ffed7cd4977550eeaa6db8ead70 lzj.icp:8500/ibmcom/metering-data-manager:3.1.0] 121942877} {[lzj.icp:8500/ibmcom/icp-management-ingress@sha256:259a9d288f5ee4f169c618b6d870b5ae38b954a3bf69f3f392523b1aaa9f4001 lzj.icp:8500/ibmcom/icp-management-ingress:2.2.1] 80410712} {[lzj.icp:8500/ibmcom/calico-cni@sha256:b56c2d3e62bd02f15dd5ec335c25ac81bb39d214e904525227640790686855d7 lzj.icp:8500/ibmcom/calico-cni:v3.1.3] 68849270} {[gcr.io/heptio-images/sonobuoy@sha256:165df6f635ddd0088ed6686e07ffb47f8dd17fdba153f61dbec9aa80c0d2e0b8 gcr.io/heptio-images/sonobuoy:latest gcr.io/heptio-images/sonobuoy:v0.11.6] 33401240} {[gcr.io/kubernetes-e2e-test-images/nettest-amd64@sha256:f2d3eba3ae2043c51389935be4bf41b2b0e60fd7220b9ba9cbc51eceaa74b2b4 gcr.io/kubernetes-e2e-test-images/nettest-amd64:1.0] 27413498} {[lzj.icp:8500/ibmcom/node-exporter@sha256:b24db452b1a0bf46abba095162d0fbc89ea40eeabbfe43ae01dab54107ecff0e lzj.icp:8500/ibmcom/node-exporter:v0.16.0] 22915749} {[gcr.io/kubernetes-e2e-test-images/dnsutils-amd64@sha256:f8eca5c0c2e18b7ee6df876e5587c5885d13c59cb453d93bf51628daf656e4b5 gcr.io/kubernetes-e2e-test-images/dnsutils-amd64:1.0] 9030162} {[gcr.io/kubernetes-e2e-test-images/hostexec-amd64@sha256:e1dadb772c6132e3587fc41b8c07facd81ee7c4e74508891b5d98d45b85462e9 gcr.io/kubernetes-e2e-test-images/hostexec-amd64:1.1] 8490662} {[gcr.io/kubernetes-e2e-test-images/netexec-amd64@sha256:da1c165175d5589ed70384e406a0291b6f76d53fc99e2c31ae23003e11e5bfde gcr.io/kubernetes-e2e-test-images/netexec-amd64:1.0] 6713741} {[gcr.io/kubernetes-e2e-test-images/serve-hostname-amd64@sha256:2dd4032e98a0450d95a0ac71a5e465f542a900812d8c41bc6ca635aed1a5fc91 gcr.io/kubernetes-e2e-test-images/serve-hostname-amd64:1.0] 5470001} {[gcr.io/kubernetes-e2e-test-images/test-webserver-amd64@sha256:8da73e44d6870f86e0e6a87b2e07829470465afbb6febeb900296d99510789ce gcr.io/kubernetes-e2e-test-images/test-webserver-amd64:1.0] 4732240} {[gcr.io/kubernetes-e2e-test-images/mounttest-amd64@sha256:e3e75014e6df02dc21e6fb95f93b989a2ff8a91f36ae88d74eccbabaa21fc211 gcr.io/kubernetes-e2e-test-images/mounttest-amd64:1.0] 1563521} {[gcr.io/kubernetes-e2e-test-images/mounttest-user-amd64@sha256:1ac490f1442cad4b1c886527470393c71302cc62f5e3304fb08854403cbc68dc gcr.io/kubernetes-e2e-test-images/mounttest-user-amd64:1.0] 1450451} {[busybox@sha256:cb63aa0641a885f54de20f61d152187419e8f6b159ed11a251a09d115fdff9bd busybox:latest] 1162769} {[lzj.icp:8500/ibmcom/pause@sha256:8a18035491d4fbbe481be5eac11819315ec94677ab465608d052d87b3cdcff7f lzj.icp:8500/ibmcom/pause:3.1] 742472}],VolumesInUse:[],VolumesAttached:[],Config:&amp;NodeConfigStatus{Assigned:nil,Active:nil,LastKnownGood:nil,Error:,},},}&#xA;Sep 19 07:38:32.651: INFO: &#xA;Logging kubelet events for node 10.46.6.170&#xA;Sep 19 07:38:32.659: INFO: &#xA;Logging pods the kubelet thinks is on node 10.46.6.170&#xA;Sep 19 07:38:32.676: INFO: k8s-proxy-10.46.6.170 started at &lt;nil&gt; (0+0 container statuses recorded)&#xA;Sep 19 07:38:32.676: INFO: calico-node-htf97 started at 2018-09-17 07:05:53 +0000 UTC (0+2 container statuses recorded)&#xA;Sep 19 07:38:32.676: INFO: &#x9;Container calico-node ready: true, restart count 0&#xA;Sep 19 07:38:32.676: INFO: &#x9;Container install-cni ready: true, restart count 0&#xA;Sep 19 07:38:32.676: INFO: logging-elk-filebeat-ds-jtd5q started at 2018-09-17 07:15:20 +0000 UTC (0+1 container statuses recorded)&#xA;Sep 19 07:38:32.676: INFO: &#x9;Container filebeat ready: true, restart count 0&#xA;Sep 19 07:38:32.676: INFO: sonobuoy started at 2018-09-19 07:22:02 +0000 UTC (0+1 container statuses recorded)&#xA;Sep 19 07:38:32.676: INFO: &#x9;Container kube-sonobuoy ready: true, restart count 0&#xA;Sep 19 07:38:32.676: INFO: nvidia-device-plugin-9h2k4 started at 2018-09-17 07:07:17 +0000 UTC (1+1 container statuses recorded)&#xA;Sep 19 07:38:32.676: INFO: &#x9;Init container nvidia-driver-collector ready: true, restart count 0&#xA;Sep 19 07:38:32.676: INFO: &#x9;Container nvidia-device-plugin ready: true, restart count 0&#xA;Sep 19 07:38:32.676: INFO: metering-reader-44wd7 started at 2018-09-17 07:14:11 +0000 UTC (1+1 container statuses recorded)&#xA;Sep 19 07:38:32.676: INFO: &#x9;Init container metering-reader-init ready: true, restart count 1&#xA;Sep 19 07:38:32.676: INFO: &#x9;Container metering-reader ready: true, restart count 0&#xA;Sep 19 07:38:32.676: INFO: vulnerability-advisor-live-crawler-ccxd7 started at 2018-09-17 07:19:03 +0000 UTC (0+1 container statuses recorded)&#xA;Sep 19 07:38:32.676: INFO: &#x9;Container live-crawler ready: true, restart count 0&#xA;Sep 19 07:38:32.676: INFO: sonobuoy-e2e-job-c3f9b53ea97c48a2 started at 2018-09-19 07:22:08 +0000 UTC (0+2 container statuses recorded)&#xA;Sep 19 07:38:32.676: INFO: &#x9;Container e2e ready: true, restart count 0&#xA;Sep 19 07:38:32.676: INFO: &#x9;Container sonobuoy-worker ready: true, restart count 0&#xA;Sep 19 07:38:32.676: INFO: monitoring-prometheus-nodeexporter-tpbc8 started at 2018-09-17 07:15:44 +0000 UTC (0+2 container statuses recorded)&#xA;Sep 19 07:38:32.676: INFO: &#x9;Container nodeexporter ready: true, restart count 0&#xA;Sep 19 07:38:32.676: INFO: &#x9;Container router ready: true, restart count 0&#xA;Sep 19 07:38:32.676: INFO: audit-logging-fluentd-ds-4cgnk started at 2018-09-17 07:18:46 +0000 UTC (0+1 container statuses recorded)&#xA;Sep 19 07:38:32.676: INFO: &#x9;Container fluentd ready: true, restart count 0&#xA;Sep 19 07:38:32.676: INFO: vulnerability-advisor-process-ma-crawler-5g4zk started at 2018-09-17 07:19:03 +0000 UTC (0+1 container statuses recorded)&#xA;Sep 19 07:38:32.676: INFO: &#x9;Container process-ma-crawler ready: true, restart count 0&#xA;Sep 19 07:38:32.676: INFO: my-ibm-open-liberty-ibm-7f7d9778d7-7t5jc started at 2018-09-17 08:22:24 +0000 UTC (0+1 container statuses recorded)&#xA;Sep 19 07:38:32.676: INFO: &#x9;Container ibm-open-liberty ready: true, restart count 0&#xA;Sep 19 07:38:32.765: INFO: &#xA;Latency metrics for node 10.46.6.170&#xA;Sep 19 07:38:32.765: INFO: &#xA;Logging node info for node 10.46.6.171&#xA;Sep 19 07:38:32.768: INFO: Node Info: &amp;Node{ObjectMeta:k8s_io_apimachinery_pkg_apis_meta_v1.ObjectMeta{Name:10.46.6.171,GenerateName:,Namespace:,SelfLink:/api/v1/nodes/10.46.6.171,UID:0c79152a-ba48-11e8-b20e-fa163e707b2e,ResourceVersion:457263,Generation:0,CreationTimestamp:2018-09-17 07:05:24 +0000 UTC,DeletionTimestamp:&lt;nil&gt;,DeletionGracePeriodSeconds:nil,Labels:map[string]string{beta.kubernetes.io/arch: amd64,beta.kubernetes.io/os: linux,kubernetes.io/hostname: 10.46.6.171,management: true,node-role.kubernetes.io/management: true,},Annotations:map[string]string{node.alpha.kubernetes.io/ttl: 0,volumes.kubernetes.io/controller-managed-attach-detach: true,},OwnerReferences:[],Finalizers:[],ClusterName:,Initializers:nil,},Spec:NodeSpec{PodCIDR:,DoNotUse_ExternalID:,ProviderID:,Unschedulable:false,Taints:[{dedicated management NoSchedule &lt;nil&gt;}],ConfigSource:nil,},Status:NodeStatus{Capacity:ResourceList{cpu: {{8 0} {&lt;nil&gt;} 8 DecimalSI},ephemeral-storage: {{107362627584 0} {&lt;nil&gt;} 104846316Ki BinarySI},hugepages-1Gi: {{0 0} {&lt;nil&gt;} 0 DecimalSI},hugepages-2Mi: {{0 0} {&lt;nil&gt;} 0 DecimalSI},memory: {{16825630720 0} {&lt;nil&gt;}  BinarySI},pods: {{80 0} {&lt;nil&gt;} 80 DecimalSI},},Allocatable:ResourceList{cpu: {{8 0} {&lt;nil&gt;} 8 DecimalSI},ephemeral-storage: {{107257769984 0} {&lt;nil&gt;} 104743916Ki BinarySI},hugepages-1Gi: {{0 0} {&lt;nil&gt;} 0 DecimalSI},hugepages-2Mi: {{0 0} {&lt;nil&gt;} 0 DecimalSI},memory: {{16720773120 0} {&lt;nil&gt;}  BinarySI},pods: {{80 0} {&lt;nil&gt;} 80 DecimalSI},},Phase:,Conditions:[{OutOfDisk False 2018-09-19 07:38:26 +0000 UTC 2018-09-17 07:05:24 +0000 UTC KubeletHasSufficientDisk kubelet has sufficient disk space available} {MemoryPressure False 2018-09-19 07:38:26 +0000 UTC 2018-09-17 07:05:24 +0000 UTC KubeletHasSufficientMemory kubelet has sufficient memory available} {DiskPressure False 2018-09-19 07:38:26 +0000 UTC 2018-09-17 07:05:24 +0000 UTC KubeletHasNoDiskPressure kubelet has no disk pressure} {PIDPressure False 2018-09-19 07:38:26 +0000 UTC 2018-09-17 07:05:24 +0000 UTC KubeletHasSufficientPID kubelet has sufficient PID available} {Ready True 2018-09-19 07:38:26 +0000 UTC 2018-09-17 07:06:05 +0000 UTC KubeletReady kubelet is posting ready status}],Addresses:[{InternalIP 10.46.6.171} {Hostname 10.46.6.171}],DaemonEndpoints:NodeDaemonEndpoints{KubeletEndpoint:DaemonEndpoint{Port:10250,},},NodeInfo:NodeSystemInfo{MachineID:52ca0d2c3fb341c79b059a96d10571a6,SystemUUID:00401CD1-AB88-4341-9CDC-C9648BFB2B56,BootID:706dbc67-f432-47c3-840e-f599801336c8,KernelVersion:3.10.0-862.9.1.el7.x86_64,OSImage:Red Hat Enterprise Linux,ContainerRuntimeVersion:docker://18.3.1,KubeletVersion:v1.11.1+icp-ee,KubeProxyVersion:v1.11.1+icp-ee,OperatingSystem:linux,Architecture:amd64,},Images:[{[lzj.icp:8500/ibmcom/live-crawler@sha256:1a648615e7b439f093697f65350262823e6c711c4b21ea81596ced1c28a48133 lzj.icp:8500/ibmcom/live-crawler:1.3.1] 987515538} {[lzj.icp:8500/ibmcom/hyperkube@sha256:9fbddbf2d04354912c8a981395493d250474cb9fa587fa91119e69467078b180 lzj.icp:8500/ibmcom/hyperkube:v1.11.1-ee] 782626408} {[lzj.icp:8500/ibmcom/icp-logstash@sha256:a182a00827aefe7f5f95b18fa1ec8f6897989290b37f3d98bd6440ddda796433 lzj.icp:8500/ibmcom/icp-logstash:5.5.1] 764906887} {[lzj.icp:8500/ibmcom/icp-kibana@sha256:6e2746da64a64f98c5761b87d5e185a9c2ac75c9c4e767ab284062b1847b7571 lzj.icp:8500/ibmcom/icp-kibana:5.5.1] 639622018} {[lzj.icp:8500/ibmcom/icp-elasticsearch@sha256:b410aacb6005fe24bfd87b045ea26fde3d6eb3ca52c3f0e4560cdc208944ba50 lzj.icp:8500/ibmcom/icp-elasticsearch:5.5.1] 520121248} {[lzj.icp:8500/ibmcom/logging-pki-init@sha256:21aa9cbd05a849b4891b15cf636f73545f6001f16c82f8eeed2e90b4f9312377 lzj.icp:8500/ibmcom/logging-pki-init:2.0.0] 501921135} {[lzj.icp:8500/ibmcom/searchguard-init@sha256:3d0d8a8404a9df5ad238bce1e0542cdda609cc445dfc3964952243d9fc103276 lzj.icp:8500/ibmcom/searchguard-init:2.0.0] 457030441} {[lzj.icp:8500/ibmcom/metering-ui@sha256:d6453f9afecc9b1fc778c195e20bbb39d4ef6262af2f7a9a5ce3cddc259fec99 lzj.icp:8500/ibmcom/metering-ui:3.1.0] 385577105} {[lzj.icp:8500/ibmcom/icp-filebeat@sha256:72669dde64d7ab85bbb9e93428efe548b2693a4eae5168a4705f6e30cd20e584 lzj.icp:8500/ibmcom/icp-filebeat:5.5.1] 317104874} {[lzj.icp:8500/ibmcom/fluentd@sha256:f85a5ffd86438f1a73d04caf6e33ef3474675d9fa0947431f4d0a9602fc981af lzj.icp:8500/ibmcom/fluentd:v1.2.2-icp] 270902701} {[lzj.icp:8500/ibmcom/elasticsearch-plugin-searchguard@sha256:f47116021e3eec7b2fed9f6ed8bd77fd890457e5a1546dda7f863c032d4395b1 lzj.icp:8500/ibmcom/elasticsearch-plugin-searchguard:2.0.0] 267864279} {[lzj.icp:8500/ibmcom/calico-node@sha256:85a23d8030137d49663d3d82844a61998331606de9fc523dfdd0a75be7fb9828 lzj.icp:8500/ibmcom/calico-node:v3.1.3] 248202699} {[lzj.icp:8500/ibmcom/grafana@sha256:5d2739d3ec5c7f6ea66d69caa918b764660b99a3d37cb1f4123f1a9623ce8e38 lzj.icp:8500/ibmcom/grafana:5.2.0] 245297582} {[lzj.icp:8500/ibmcom/indices-cleaner@sha256:31dac3be1246f17dddade06b517c073244ce56d85bc54135fdaf010dbb0bca10 lzj.icp:8500/ibmcom/indices-cleaner:1.0.0] 238131553} {[lzj.icp:8500/ibmcom/curl@sha256:adf92a267e351914d041a56d64ebe80331c45f8e20ab23b7ada67bea78da9996 lzj.icp:8500/ibmcom/curl:4.0.0] 221192597} {[lzj.icp:8500/ibmcom/nvidia-device-plugin@sha256:2d57caa41994d1e0b3d952526a651f8da487e068874d1075f915fa48ad969ba6 lzj.icp:8500/ibmcom/nvidia-device-plugin:1.0] 132413452} {[lzj.icp:8500/ibmcom/metering-data-manager@sha256:97803f4458c6f6ca62076cf6958cb8ab98cf9ffed7cd4977550eeaa6db8ead70 lzj.icp:8500/ibmcom/metering-data-manager:3.1.0] 121942877} {[lzj.icp:8500/ibmcom/prometheus@sha256:91cba3cbf7a61499969a8a5a27347830ed1740b2285de9ac31e231e7ce44deb7 lzj.icp:8500/ibmcom/prometheus:v2.3.1] 118818909} {[lzj.icp:8500/ibmcom/icp-management-ingress@sha256:259a9d288f5ee4f169c618b6d870b5ae38b954a3bf69f3f392523b1aaa9f4001 lzj.icp:8500/ibmcom/icp-management-ingress:2.2.1] 80410712} {[lzj.icp:8500/ibmcom/calico-cni@sha256:b56c2d3e62bd02f15dd5ec335c25ac81bb39d214e904525227640790686855d7 lzj.icp:8500/ibmcom/calico-cni:v3.1.3] 68849270} {[lzj.icp:8500/ibmcom/k8s-prometheus-adapter@sha256:cf7f0c35ff0a0ec9cf743ef87e4c951f74d3fd0b4b97925784cc857565b4d7ba lzj.icp:8500/ibmcom/k8s-prometheus-adapter:v0.2.1.1] 52134773} {[lzj.icp:8500/ibmcom/metrics-server@sha256:973b5dd33165e4856f22a9f48a9b7f5bd2f01399d6479c46212ea92336a9ca40 lzj.icp:8500/ibmcom/metrics-server:v0.2.1.1] 42541759} {[lzj.icp:8500/ibmcom/ibmcloud-image-enforcement@sha256:d29efeb868c054eead02eec72c86f690c4a8c81b95f99f22bbc873644b090e99 lzj.icp:8500/ibmcom/ibmcloud-image-enforcement:0.2.0] 40040099} {[lzj.icp:8500/ibmcom/alertmanager@sha256:f3e7d379040499e05c1377862cc8a74cd5ffed2a175bf62fc18dc07b98d6ab00 lzj.icp:8500/ibmcom/alertmanager:v0.15.0] 36095602} {[lzj.icp:8500/ibmcom/kube-state-metrics@sha256:6a574d2e4a7338abdd3d0b85dd2510cbf046cd09a70505b99513feee42d00559 lzj.icp:8500/ibmcom/kube-state-metrics:v1.3.0] 35646776} {[lzj.icp:8500/ibmcom/node-exporter@sha256:b24db452b1a0bf46abba095162d0fbc89ea40eeabbfe43ae01dab54107ecff0e lzj.icp:8500/ibmcom/node-exporter:v0.16.0] 22915749} {[lzj.icp:8500/ibmcom/configmap-reload@sha256:77a4ede137dd4980fe02c70ad189bf7b89dd1a9e134c0fe4475842fe8948f6a9 lzj.icp:8500/ibmcom/configmap-reload:v0.2.2] 22381476} {[lzj.icp:8500/ibmcom/collectd-exporter@sha256:0ef0cfb0a60f66046851bfafbfa1913814c7a4967e4e7561ce5111186338f6d9 lzj.icp:8500/ibmcom/collectd-exporter:v0.4.0] 13695364} {[lzj.icp:8500/ibmcom/elasticsearch-exporter@sha256:27806a00f45314a1c06af096236004020a98202edbbce81d993aadfaca0c66a0 lzj.icp:8500/ibmcom/elasticsearch-exporter:1.0.2] 9202086} {[lzj.icp:8500/ibmcom/icp-initcontainer@sha256:c1b9397380303cfc23505576a19859c7e26936f80a26bb4fae95ef68e7775de8 lzj.icp:8500/ibmcom/icp-initcontainer:1.0.0] 3965926} {[lzj.icp:8500/ibmcom/pause@sha256:8a18035491d4fbbe481be5eac11819315ec94677ab465608d052d87b3cdcff7f lzj.icp:8500/ibmcom/pause:3.1] 742472}],VolumesInUse:[],VolumesAttached:[],Config:&amp;NodeConfigStatus{Assigned:nil,Active:nil,LastKnownGood:nil,Error:,},},}&#xA;Sep 19 07:38:32.768: INFO: &#xA;Logging kubelet events for node 10.46.6.171&#xA;Sep 19 07:38:32.772: INFO: &#xA;Logging pods the kubelet thinks is on node 10.46.6.171&#xA;Sep 19 07:38:32.837: INFO: logging-elk-data-0 started at 2018-09-17 07:15:21 +0000 UTC (3+1 container statuses recorded)&#xA;Sep 19 07:38:32.837: INFO: &#x9;Init container chmod ready: true, restart count 0&#xA;Sep 19 07:38:32.837: INFO: &#x9;Init container sysctl ready: true, restart count 0&#xA;Sep 19 07:38:32.837: INFO: &#x9;Init container plugin-bundle ready: true, restart count 0&#xA;Sep 19 07:38:32.837: INFO: &#x9;Container es-data ready: true, restart count 0&#xA;Sep 19 07:38:32.837: INFO: logging-elk-kibana-ff4db4866-s2295 started at 2018-09-17 07:15:21 +0000 UTC (0+2 container statuses recorded)&#xA;Sep 19 07:38:32.837: INFO: &#x9;Container kibana ready: true, restart count 0&#xA;Sep 19 07:38:32.837: INFO: &#x9;Container router ready: true, restart count 0&#xA;Sep 19 07:38:32.837: INFO: monitoring-prometheus-nodeexporter-9fnpb started at 2018-09-17 07:15:44 +0000 UTC (0+2 container statuses recorded)&#xA;Sep 19 07:38:32.837: INFO: &#x9;Container nodeexporter ready: true, restart count 0&#xA;Sep 19 07:38:32.837: INFO: &#x9;Container router ready: true, restart count 0&#xA;Sep 19 07:38:32.837: INFO: monitoring-prometheus-kubestatemetrics-54dcbb6cfb-76zmm started at 2018-09-17 07:15:45 +0000 UTC (0+2 container statuses recorded)&#xA;Sep 19 07:38:32.837: INFO: &#x9;Container kubestatemetrics ready: true, restart count 0&#xA;Sep 19 07:38:32.837: INFO: &#x9;Container router ready: true, restart count 0&#xA;Sep 19 07:38:32.837: INFO: audit-logging-fluentd-ds-bc22k started at 2018-09-17 07:18:46 +0000 UTC (0+1 container statuses recorded)&#xA;Sep 19 07:38:32.837: INFO: &#x9;Container fluentd ready: true, restart count 0&#xA;Sep 19 07:38:32.837: INFO: k8s-proxy-10.46.6.171 started at &lt;nil&gt; (0+0 container statuses recorded)&#xA;Sep 19 07:38:32.837: INFO: metrics-server-6d6695f9db-8t4xs started at 2018-09-17 07:08:51 +0000 UTC (0+1 container statuses recorded)&#xA;Sep 19 07:38:32.837: INFO: &#x9;Container metrics-server ready: true, restart count 0&#xA;Sep 19 07:38:32.837: INFO: metering-dm-8b475fc57-cmm6h started at 2018-09-17 07:14:12 +0000 UTC (1+1 container statuses recorded)&#xA;Sep 19 07:38:32.837: INFO: &#x9;Init container metering-dm-init ready: true, restart count 0&#xA;Sep 19 07:38:32.837: INFO: &#x9;Container metering-dm ready: true, restart count 0&#xA;Sep 19 07:38:32.837: INFO: logging-elk-filebeat-ds-bs86r started at 2018-09-17 07:15:20 +0000 UTC (0+1 container statuses recorded)&#xA;Sep 19 07:38:32.837: INFO: &#x9;Container filebeat ready: true, restart count 0&#xA;Sep 19 07:38:32.837: INFO: logging-elk-client-75d4d7994c-7g7fn started at 2018-09-17 07:15:21 +0000 UTC (2+3 container statuses recorded)&#xA;Sep 19 07:38:32.837: INFO: &#x9;Init container sysctl ready: true, restart count 0&#xA;Sep 19 07:38:32.837: INFO: &#x9;Init container plugin-bundle ready: true, restart count 0&#xA;Sep 19 07:38:32.837: INFO: &#x9;Container es-client ready: true, restart count 0&#xA;Sep 19 07:38:32.837: INFO: &#x9;Container indices-cleaner ready: true, restart count 0&#xA;Sep 19 07:38:32.837: INFO: &#x9;Container router ready: true, restart count 0&#xA;Sep 19 07:38:32.837: INFO: monitoring-prometheus-alertmanager-7d8749dbb8-xj68d started at 2018-09-17 07:15:46 +0000 UTC (0+3 container statuses recorded)&#xA;Sep 19 07:38:32.837: INFO: &#x9;Container alertmanager ready: true, restart count 0&#xA;Sep 19 07:38:32.837: INFO: &#x9;Container configmap-reload ready: true, restart count 0&#xA;Sep 19 07:38:32.837: INFO: &#x9;Container router ready: true, restart count 0&#xA;Sep 19 07:38:32.837: INFO: monitoring-prometheus-collectdexporter-77575678dc-v8n2l started at 2018-09-17 07:15:46 +0000 UTC (0+2 container statuses recorded)&#xA;Sep 19 07:38:32.837: INFO: &#x9;Container collectd-exporter ready: true, restart count 0&#xA;Sep 19 07:38:32.837: INFO: &#x9;Container router ready: true, restart count 0&#xA;Sep 19 07:38:32.837: INFO: vulnerability-advisor-live-crawler-xxz8p started at 2018-09-17 07:19:03 +0000 UTC (0+1 container statuses recorded)&#xA;Sep 19 07:38:32.837: INFO: &#x9;Container live-crawler ready: true, restart count 0&#xA;Sep 19 07:38:32.837: INFO: nvidia-device-plugin-vh85n started at 2018-09-17 07:07:17 +0000 UTC (1+1 container statuses recorded)&#xA;Sep 19 07:38:32.837: INFO: &#x9;Init container nvidia-driver-collector ready: true, restart count 0&#xA;Sep 19 07:38:32.837: INFO: &#x9;Container nvidia-device-plugin ready: true, restart count 0&#xA;Sep 19 07:38:32.837: INFO: custom-metrics-adapter-64f64964b4-f9gmc started at 2018-09-17 07:14:28 +0000 UTC (1+1 container statuses recorded)&#xA;Sep 19 07:38:32.837: INFO: &#x9;Init container init-adapter ready: true, restart count 0&#xA;Sep 19 07:38:32.837: INFO: &#x9;Container custom-metrics-adapter ready: true, restart count 0&#xA;Sep 19 07:38:32.837: INFO: logging-elk-elasticsearch-tls-init-6hnl4 started at 2018-09-17 07:15:20 +0000 UTC (0+1 container statuses recorded)&#xA;Sep 19 07:38:32.837: INFO: &#x9;Container searchguard-init ready: false, restart count 0&#xA;Sep 19 07:38:32.837: INFO: monitoring-prometheus-elasticsearchexporter-655864cccb-c6tps started at 2018-09-17 07:15:46 +0000 UTC (0+2 container statuses recorded)&#xA;Sep 19 07:38:32.838: INFO: &#x9;Container elasticsearchexporter ready: true, restart count 0&#xA;Sep 19 07:38:32.838: INFO: &#x9;Container router ready: true, restart count 0&#xA;Sep 19 07:38:32.838: INFO: monitoring-prometheus-6677d7c77f-pnpt5 started at 2018-09-17 07:15:46 +0000 UTC (1+4 container statuses recorded)&#xA;Sep 19 07:38:32.838: INFO: &#x9;Init container init-container ready: true, restart count 0&#xA;Sep 19 07:38:32.838: INFO: &#x9;Container configmap-reload-alertrules ready: true, restart count 0&#xA;Sep 19 07:38:32.838: INFO: &#x9;Container configmap-reload-prometheus ready: true, restart count 0&#xA;Sep 19 07:38:32.838: INFO: &#x9;Container prometheus ready: true, restart count 0&#xA;Sep 19 07:38:32.838: INFO: &#x9;Container router ready: true, restart count 0&#xA;Sep 19 07:38:32.838: INFO: calico-node-gpm2c started at 2018-09-17 07:05:53 +0000 UTC (0+2 container statuses recorded)&#xA;Sep 19 07:38:32.838: INFO: &#x9;Container calico-node ready: true, restart count 0&#xA;Sep 19 07:38:32.838: INFO: &#x9;Container install-cni ready: true, restart count 0&#xA;Sep 19 07:38:32.838: INFO: metering-reader-xq8f2 started at 2018-09-17 07:14:11 +0000 UTC (1+1 container statuses recorded)&#xA;Sep 19 07:38:32.838: INFO: &#x9;Init container metering-reader-init ready: true, restart count 1&#xA;Sep 19 07:38:32.838: INFO: &#x9;Container metering-reader ready: true, restart count 0&#xA;Sep 19 07:38:32.838: INFO: logging-elk-logstash-7994656f46-r89mt started at 2018-09-17 07:15:22 +0000 UTC (0+1 container statuses recorded)&#xA;Sep 19 07:38:32.838: INFO: &#x9;Container logstash ready: true, restart count 0&#xA;Sep 19 07:38:32.838: INFO: monitoring-grafana-548b947c8c-dh89z started at 2018-09-17 07:15:46 +0000 UTC (1+2 container statuses recorded)&#xA;Sep 19 07:38:32.838: INFO: &#x9;Init container init-container ready: true, restart count 0&#xA;Sep 19 07:38:32.838: INFO: &#x9;Container grafana ready: true, restart count 0&#xA;Sep 19 07:38:32.838: INFO: &#x9;Container router ready: true, restart count 0&#xA;Sep 19 07:38:32.838: INFO: vulnerability-advisor-process-ma-crawler-b7k2d started at 2018-09-17 07:19:03 +0000 UTC (0+1 container statuses recorded)&#xA;Sep 19 07:38:32.838: INFO: &#x9;Container process-ma-crawler ready: true, restart count 0&#xA;Sep 19 07:38:32.838: INFO: ibmcloud-image-enforcement-76ddccbf9f-kqmlb started at 2018-09-17 07:14:02 +0000 UTC (0+1 container statuses recorded)&#xA;Sep 19 07:38:32.838: INFO: &#x9;Container ibmcloud-image-enforcement ready: true, restart count 0&#xA;Sep 19 07:38:32.838: INFO: metering-ui-5bbfbb5d49-wkh8m started at 2018-09-17 07:14:12 +0000 UTC (1+1 container statuses recorded)&#xA;Sep 19 07:38:32.838: INFO: &#x9;Init container metering-ui-init ready: true, restart count 0&#xA;Sep 19 07:38:32.838: INFO: &#x9;Container metering-ui ready: true, restart count 0&#xA;Sep 19 07:38:32.838: INFO: logging-elk-master-6cdcf45f7d-gp28f started at 2018-09-17 07:15:21 +0000 UTC (2+1 container statuses recorded)&#xA;Sep 19 07:38:32.838: INFO: &#x9;Init container sysctl ready: true, restart count 0&#xA;Sep 19 07:38:32.838: INFO: &#x9;Init container plugin-bundle ready: true, restart count 0&#xA;Sep 19 07:38:32.838: INFO: &#x9;Container es-master ready: true, restart count 0&#xA;Sep 19 07:38:32.916: INFO: &#xA;Latency metrics for node 10.46.6.171&#xA;Sep 19 07:38:32.916: INFO: &#xA;Logging node info for node 10.46.6.172&#xA;Sep 19 07:38:32.921: INFO: Node Info: &amp;Node{ObjectMeta:k8s_io_apimachinery_pkg_apis_meta_v1.ObjectMeta{Name:10.46.6.172,GenerateName:,Namespace:,SelfLink:/api/v1/nodes/10.46.6.172,UID:0c6032ef-ba48-11e8-b20e-fa163e707b2e,ResourceVersion:457277,Generation:0,CreationTimestamp:2018-09-17 07:05:24 +0000 UTC,DeletionTimestamp:&lt;nil&gt;,DeletionGracePeriodSeconds:nil,Labels:map[string]string{beta.kubernetes.io/arch: amd64,beta.kubernetes.io/os: linux,kubernetes.io/hostname: 10.46.6.172,node-role.kubernetes.io/va: true,va: true,},Annotations:map[string]string{node.alpha.kubernetes.io/ttl: 0,volumes.kubernetes.io/controller-managed-attach-detach: true,},OwnerReferences:[],Finalizers:[],ClusterName:,Initializers:nil,},Spec:NodeSpec{PodCIDR:,DoNotUse_ExternalID:,ProviderID:,Unschedulable:false,Taints:[{dedicated va NoSchedule &lt;nil&gt;}],ConfigSource:nil,},Status:NodeStatus{Capacity:ResourceList{cpu: {{8 0} {&lt;nil&gt;} 8 DecimalSI},ephemeral-storage: {{107362627584 0} {&lt;nil&gt;} 104846316Ki BinarySI},hugepages-1Gi: {{0 0} {&lt;nil&gt;} 0 DecimalSI},hugepages-2Mi: {{0 0} {&lt;nil&gt;} 0 DecimalSI},memory: {{16825622528 0} {&lt;nil&gt;}  BinarySI},pods: {{80 0} {&lt;nil&gt;} 80 DecimalSI},},Allocatable:ResourceList{cpu: {{8 0} {&lt;nil&gt;} 8 DecimalSI},ephemeral-storage: {{107257769984 0} {&lt;nil&gt;} 104743916Ki BinarySI},hugepages-1Gi: {{0 0} {&lt;nil&gt;} 0 DecimalSI},hugepages-2Mi: {{0 0} {&lt;nil&gt;} 0 DecimalSI},memory: {{16720764928 0} {&lt;nil&gt;}  BinarySI},pods: {{80 0} {&lt;nil&gt;} 80 DecimalSI},},Phase:,Conditions:[{OutOfDisk False 2018-09-19 07:38:30 +0000 UTC 2018-09-17 07:05:24 +0000 UTC KubeletHasSufficientDisk kubelet has sufficient disk space available} {MemoryPressure False 2018-09-19 07:38:30 +0000 UTC 2018-09-17 07:05:24 +0000 UTC KubeletHasSufficientMemory kubelet has sufficient memory available} {DiskPressure False 2018-09-19 07:38:30 +0000 UTC 2018-09-17 07:05:24 +0000 UTC KubeletHasNoDiskPressure kubelet has no disk pressure} {PIDPressure False 2018-09-19 07:38:30 +0000 UTC 2018-09-17 07:05:24 +0000 UTC KubeletHasSufficientPID kubelet has sufficient PID available} {Ready True 2018-09-19 07:38:30 +0000 UTC 2018-09-17 07:06:04 +0000 UTC KubeletReady kubelet is posting ready status}],Addresses:[{InternalIP 10.46.6.172} {Hostname 10.46.6.172}],DaemonEndpoints:NodeDaemonEndpoints{KubeletEndpoint:DaemonEndpoint{Port:10250,},},NodeInfo:NodeSystemInfo{MachineID:52ca0d2c3fb341c79b059a96d10571a6,SystemUUID:3D48E3C5-99D8-4CA3-9AB5-A8540613166F,BootID:d81d494e-264a-48ce-a4f2-76b16f6ece1f,KernelVersion:3.10.0-862.9.1.el7.x86_64,OSImage:Red Hat Enterprise Linux,ContainerRuntimeVersion:docker://18.3.1,KubeletVersion:v1.11.1+icp-ee,KubeProxyVersion:v1.11.1+icp-ee,OperatingSystem:linux,Architecture:amd64,},Images:[{[lzj.icp:8500/ibmcom/statsd-amd64@sha256:5ee11bc24bced45a77d9d630348680f319c09d9d3b2230b04518d1e2a5263ae2 lzj.icp:8500/ibmcom/statsd@sha256:af7a9d0c4f029d0247da41f67c7e87f3655175962b79a189a6a9ace0ff841049 lzj.icp:8500/ibmcom/statsd-amd64:0.7.2.1 lzj.icp:8500/ibmcom/statsd:0.7.2.1] 1234731808} {[lzj.icp:8500/ibmcom/kafka-amd64@sha256:0d6d348ccd7aa2854d60791331280e58db92029a522c8bfb3eb40c7c0913ca8f lzj.icp:8500/ibmcom/kafka@sha256:f0b4a833c3da439cadb783bb9cb578f96b1328557b8402a98f01c5c21497d93a lzj.icp:8500/ibmcom/kafka-amd64:0.10.0.2 lzj.icp:8500/ibmcom/kafka:0.10.0.2] 1114805679} {[lzj.icp:8500/ibmcom/iam-token-service-amd64@sha256:9211161e5b5b9d892a99b46fad4429333ceb7143b4039419df7ea0efa36381a9 lzj.icp:8500/ibmcom/iam-token-service@sha256:1b9308e68de93b43e9a85c0e005d80d423e88db7d88ee7114a80b2fade7a78ed lzj.icp:8500/ibmcom/iam-token-service-amd64:3.1.0 lzj.icp:8500/ibmcom/iam-token-service:3.1.0] 1051060152} {[lzj.icp:8500/ibmcom/icp-platform-auth-amd64@sha256:abc258009b8696a83214b7a9d9df63f6d83e19cfca2987c4836b0eadfa4c99c7 lzj.icp:8500/ibmcom/icp-platform-auth@sha256:c544b90a099b6c29ba4ee7f2ad4dded1277c948a0826b38ebe3250cdc7d1529c lzj.icp:8500/ibmcom/icp-platform-auth-amd64:3.1.0 lzj.icp:8500/ibmcom/icp-platform-auth:3.1.0] 1028283742} {[lzj.icp:8500/ibmcom/reg-crawler-amd64@sha256:9e5d4ebbac3dd6cbf9f892b5bd634f89fae3d4b2e6a23debd3ecd322e3eb817e lzj.icp:8500/ibmcom/reg-crawler@sha256:a9033d9cb2406d11c616fdfedc9bc56bc4ef970bd0a7b02899b3e5c1b353799b lzj.icp:8500/ibmcom/reg-crawler-amd64:1.3.1 lzj.icp:8500/ibmcom/reg-crawler:1.3.1] 1007817363} {[lzj.icp:8500/ibmcom/live-crawler-amd64@sha256:37a79ec87bd3c8b9af25cf1e25f4f14281ffb9f5ebeaf61c0b7c8a5799baf782 lzj.icp:8500/ibmcom/live-crawler@sha256:1a648615e7b439f093697f65350262823e6c711c4b21ea81596ced1c28a48133 lzj.icp:8500/ibmcom/live-crawler-amd64:1.3.1 lzj.icp:8500/ibmcom/live-crawler:1.3.1] 987515538} {[lzj.icp:8500/ibmcom/cos-indexer-amd64@sha256:adf28ff960ebdcbfcfa5e4522b81aa3565338f8d640dad611a1c3f0d3894393b lzj.icp:8500/ibmcom/cos-indexer@sha256:bb31dc8ef37e8482b2b9dedc0e54f46f7d3c678b22a3130eca9dde80fed65df1 lzj.icp:8500/ibmcom/cos-indexer-amd64:1.3.1 lzj.icp:8500/ibmcom/cos-indexer:1.3.1] 846578165} {[lzj.icp:8500/ibmcom/secure-config-annotator-amd64@sha256:26e845c6a252e0c5ae73e764645993b3270e289d1a2e9784b06ddd7898ca45d9 lzj.icp:8500/ibmcom/secure-config-annotator@sha256:cfaadd13c4ef4bdc937d296faff78e98473be8c9c6ae6b4a38927c952948914f lzj.icp:8500/ibmcom/secure-config-annotator-amd64:1.3.1 lzj.icp:8500/ibmcom/secure-config-annotator:1.3.1] 835555196} {[lzj.icp:8500/ibmcom/hyperkube-amd64@sha256:9eaadf7c2a417ee2a9a219e2eadf21884742199a484be2ca737f0e8a178d490a lzj.icp:8500/ibmcom/hyperkube@sha256:9fbddbf2d04354912c8a981395493d250474cb9fa587fa91119e69467078b180 lzj.icp:8500/ibmcom/hyperkube-amd64:v1.11.1-ee lzj.icp:8500/ibmcom/hyperkube:v1.11.1-ee] 782626408} {[lzj.icp:8500/ibmcom/compliance-annotator-amd64@sha256:5d8bbbef3a7dc54ba9addb256d2aa8a3f7d5c27a454ff4b7ee583b217dac2ce4 lzj.icp:8500/ibmcom/compliance-annotator@sha256:be00ccb777b1e90601cc563112e32ae831b0fb7d4933f1aa3c49379cabe41c3f lzj.icp:8500/ibmcom/compliance-annotator-amd64:1.3.1 lzj.icp:8500/ibmcom/compliance-annotator:1.3.1] 773932738} {[lzj.icp:8500/ibmcom/icp-logstash-amd64@sha256:02a683ee6ad9eeed7ea8ebb1de713aaf902a9e20a39ccc0294ee1f947f1bbd73 lzj.icp:8500/ibmcom/icp-logstash@sha256:a182a00827aefe7f5f95b18fa1ec8f6897989290b37f3d98bd6440ddda796433 lzj.icp:8500/ibmcom/icp-logstash-amd64:5.5.1 lzj.icp:8500/ibmcom/icp-logstash:5.5.1] 764906887} {[lzj.icp:8500/ibmcom/process-ma-hf-amd64@sha256:ef0d164350d07600f8037082db7d98cf81b9c554d8a60692ae90b8d0239a8cdc lzj.icp:8500/ibmcom/process-ma-hf@sha256:114b48d67e46f6ad3624dfa99baab8f9c62fb5ba88d210d0f42e106eda4e0ee8 lzj.icp:8500/ibmcom/process-ma-hf-amd64:1.3.1 lzj.icp:8500/ibmcom/process-ma-hf:1.3.1] 758635128} {[lzj.icp:8500/ibmcom/vulnerability-annotator-amd64@sha256:febedf85b65e0d1800e67249274d474d4ce67e8041e81487f76bce727cb39bd4 lzj.icp:8500/ibmcom/vulnerability-annotator@sha256:2ca368468e5d1c7ed82b3947b8d8904da34969bd72e67b382bfd0579fe3f148d lzj.icp:8500/ibmcom/vulnerability-annotator-amd64:1.3.1 lzj.icp:8500/ibmcom/vulnerability-annotator:1.3.1] 757013017} {[lzj.icp:8500/ibmcom/py-generic-indexer-amd64@sha256:45cb17e23e15f4dfe44471309af12f0655aad5f8e859c718f393290f220b02b2 lzj.icp:8500/ibmcom/py-generic-indexer@sha256:63a28bc72b6588e508ad23b569a228d6219e2d6fdddb2b1b073e1d2c70ec7641 lzj.icp:8500/ibmcom/py-generic-indexer-amd64:1.3.1 lzj.icp:8500/ibmcom/py-generic-indexer:1.3.1] 755588945} {[lzj.icp:8500/ibmcom/icp-inception-amd64@sha256:1dad180d14ae732d17ca5cf41b87dbb316c072323f186d60a08a753f904eb5b2 lzj.icp:8500/ibmcom/icp-inception@sha256:d395315f0fde94a5cacd9945cd7932b4eda45fe404a6b9d55a8ec8ebeed2a0a8 lzj.icp:8500/ibmcom/icp-inception-amd64:3.1.0-ee lzj.icp:8500/ibmcom/icp-inception:3.1.0-ee] 744155119} {[lzj.icp:8500/ibmcom/config-parser-amd64@sha256:7d721e0b5a827921ac16fa9e7570db225211e6dd700cdeaba1d28ba02ff8ef6d lzj.icp:8500/ibmcom/config-parser@sha256:2b7d6f1ea57d6e4d9caaca5d0e2bb35d2e6db316e2f18ef9a51b5bfa48119f69 lzj.icp:8500/ibmcom/config-parser-amd64:1.3.1 lzj.icp:8500/ibmcom/config-parser:1.3.1] 739243486} {[lzj.icp:8500/ibmcom/iam-policy-administration-amd64@sha256:e1941aa09a5b692505cb3be3e497d3ff9acb900786b9a2c8c4c00d0243b37dd0 lzj.icp:8500/ibmcom/iam-policy-administration@sha256:ab0d5c50f5e5fc9a537e97183ed694e34d57fa00121bc08bedb261b80e29b9a4 lzj.icp:8500/ibmcom/iam-policy-administration-amd64:3.1.0 lzj.icp:8500/ibmcom/iam-policy-administration:3.1.0] 711947327} {[lzj.icp:8500/ibmcom/password-annotator-amd64@sha256:bca1b6b222d8ea8ade174a8cc1a549f161d75d3e9d69881f08a1fb316a8e27d3 lzj.icp:8500/ibmcom/password-annotator@sha256:5c7e8db45db52a6bca7d76ae8c2ff74eb43644f7959d66ddc67454bcbca765ec lzj.icp:8500/ibmcom/password-annotator-amd64:1.3.1 lzj.icp:8500/ibmcom/password-annotator:1.3.1] 707627907} {[lzj.icp:8500/ibmcom/notification-dispatcher-amd64@sha256:ec8dfbc351a0d758488f9f8bfa17c3182a5c02819a6ebf7144ab914a2233cf57 lzj.icp:8500/ibmcom/notification-dispatcher@sha256:6d7e6b836f0cfeb5fb18cd29fdd8315fb44013f8d21830b9c5ab60b605c5e3c5 lzj.icp:8500/ibmcom/notification-dispatcher-amd64:1.3.1 lzj.icp:8500/ibmcom/notification-dispatcher:1.3.1] 707588442} {[lzj.icp:8500/ibmcom/sas-base-amd64@sha256:9651b1149c62d5a0968aaeffe71f2da68cd7e07ff8d7ea67538278c00ab08457 lzj.icp:8500/ibmcom/sas-base@sha256:56bb0790e5f06276b7435c731687f733901fedc80af299dc8a8eaf72d7365560 lzj.icp:8500/ibmcom/sas-base-amd64:1.3.1 lzj.icp:8500/ibmcom/sas-base:1.3.1] 653746081} {[lzj.icp:8500/ibmcom/ma-file-annotator-amd64@sha256:8caa6280fd845fd524ad874a6b243510ebf085d58c989229020fcfc743492632 lzj.icp:8500/ibmcom/ma-file-annotator@sha256:cd8dc2a26e2a84bf7d8ba982c6a21c034239de5e2dc12767d3f60985e495d957 lzj.icp:8500/ibmcom/ma-file-annotator-amd64:1.3.1 lzj.icp:8500/ibmcom/ma-file-annotator:1.3.1] 653745236} {[lzj.icp:8500/ibmcom/icp-kibana-amd64@sha256:8b69887ac5297e1d2e68b9c2ce885b9a888f6c278ca1538acb0f03206b48502a lzj.icp:8500/ibmcom/icp-kibana@sha256:6e2746da64a64f98c5761b87d5e185a9c2ac75c9c4e767ab284062b1847b7571 lzj.icp:8500/ibmcom/icp-kibana-amd64:5.5.1 lzj.icp:8500/ibmcom/icp-kibana:5.5.1] 639622018} {[lzj.icp:8500/ibmcom/icp-platform-api-amd64@sha256:1fc47925c2611aef12631b3f3806308f55a298074aebc561fd04cf8a7691c669 lzj.icp:8500/ibmcom/icp-platform-api@sha256:6b5585999f45fa6dc7a6a1d8bcb4d544c96a3e1fd3bd9f133ebed2e356985a0e lzj.icp:8500/ibmcom/icp-platform-api-amd64:3.1.0 lzj.icp:8500/ibmcom/icp-platform-api:3.1.0] 612589125} {[lzj.icp:8500/ibmcom/iam-policy-decision-amd64@sha256:d49eb3845c57bb8370a477949d92da10a178b81ade50f0e9d970981fadd6686d lzj.icp:8500/ibmcom/iam-policy-decision@sha256:ecd9f36e17e57c6be41e744abc17baacddd28178485d29cb112ffc5e558d2c09 lzj.icp:8500/ibmcom/iam-policy-decision-amd64:3.1.0 lzj.icp:8500/ibmcom/iam-policy-decision:3.1.0] 559718344} {[lzj.icp:8500/ibmcom/rootkit-annotator-amd64@sha256:caf6c24136b8785d901f346a640d673b55fe105c3617cfcb432ee2006f5b1cf4 lzj.icp:8500/ibmcom/rootkit-annotator@sha256:9aabe418ab5c5b3ce86dcfad5dc63a14124bf56227a7decb6656382f2cf9606e lzj.icp:8500/ibmcom/rootkit-annotator-amd64:1.3.1 lzj.icp:8500/ibmcom/rootkit-annotator:1.3.1] 549434506} {[lzj.icp:8500/ibmcom/icp-elasticsearch-amd64@sha256:0063a7a931ca4e52d8f7a51f2bdb010345f4373b5b904b52e5c8a48ec0c1fde7 lzj.icp:8500/ibmcom/icp-elasticsearch@sha256:b410aacb6005fe24bfd87b045ea26fde3d6eb3ca52c3f0e4560cdc208944ba50 lzj.icp:8500/ibmcom/icp-elasticsearch-amd64:5.5.1 lzj.icp:8500/ibmcom/icp-elasticsearch:5.5.1] 520121248} {[lzj.icp:8500/ibmcom/logging-pki-init-amd64@sha256:cc4bfa085e1ae99120ee526acd3e62d205e10de6f1c773c521fc5b933914f6a8 lzj.icp:8500/ibmcom/logging-pki-init@sha256:21aa9cbd05a849b4891b15cf636f73545f6001f16c82f8eeed2e90b4f9312377 lzj.icp:8500/ibmcom/logging-pki-init-amd64:2.0.0 lzj.icp:8500/ibmcom/logging-pki-init:2.0.0] 501921135} {[lzj.icp:8500/ibmcom/searchguard-init-amd64@sha256:d19ce1d27f406945d4ed78b0f07007998c2ab3889086e502924847c2186db546 lzj.icp:8500/ibmcom/searchguard-init@sha256:3d0d8a8404a9df5ad238bce1e0542cdda609cc445dfc3964952243d9fc103276 lzj.icp:8500/ibmcom/searchguard-init-amd64:2.0.0 lzj.icp:8500/ibmcom/searchguard-init:2.0.0] 457030441} {[lzj.icp:8500/ibmcom/metering-ui-amd64@sha256:3628a8fe41183c08ea0b02e2e798e3649e4aebe2c2405c34572b9eb7c7c4d9a8 lzj.icp:8500/ibmcom/metering-ui@sha256:d6453f9afecc9b1fc778c195e20bbb39d4ef6262af2f7a9a5ce3cddc259fec99 lzj.icp:8500/ibmcom/metering-ui-amd64:3.1.0 lzj.icp:8500/ibmcom/metering-ui:3.1.0] 385577105} {[lzj.icp:8500/ibmcom/heketi-amd64@sha256:c5b579a4f219c87990f861eb61de86cb9cfb51b6d230b8c299df7d9fd3d02d0e lzj.icp:8500/ibmcom/heketi@sha256:eb6875247a56829a20d0949f034b08a0e682201ab1d88d3cba71972932c254f5 lzj.icp:8500/ibmcom/heketi-amd64:v7.0.0 lzj.icp:8500/ibmcom/heketi:v7.0.0] 384720377} {[lzj.icp:8500/ibmcom/icp-mongodb-amd64@sha256:a305ae8bc309898d86bf60aee968846db3602f77b25924640d5f08a2389ee99d lzj.icp:8500/ibmcom/icp-mongodb@sha256:fe8b55caf7bb855fd4e244450af5195f2243b766c6934d464128bf982b29b345 lzj.icp:8500/ibmcom/icp-mongodb-amd64:3.1.0 lzj.icp:8500/ibmcom/icp-mongodb:3.1.0] 379353410} {[lzj.icp:8500/ibmcom/icp-catalog-ui-amd64@sha256:33993b4eab189e3c78fe27799017da770d47523cf6831460741008bf91297d6d lzj.icp:8500/ibmcom/icp-catalog-ui@sha256:049f3c4946a0ad2c10507e5e42a464448e858fb3ae606cfd84825d340adb1125 lzj.icp:8500/ibmcom/icp-catalog-ui-amd64:3.1.0 lzj.icp:8500/ibmcom/icp-catalog-ui:3.1.0] 363781304} {[lzj.icp:8500/ibmcom/nginx-ingress-controller-amd64@sha256:63b48dd3ba635aa65409f7d6a319e293697810c1b9e885e6255bebf36a2506ab lzj.icp:8500/ibmcom/nginx-ingress-controller@sha256:f68b2ce26292e02ef3dbc6cfae17cec3d54b9afee9bf5298bf95d005c0783143 lzj.icp:8500/ibmcom/nginx-ingress-controller-amd64:0.16.2 lzj.icp:8500/ibmcom/nginx-ingress-controller:0.16.2] 361632894} {[lzj.icp:8500/ibmcom/mariadb-amd64@sha256:1f9876179c32fcf463804f75cbf2fb031106edf2be9d5dbf6705375ca53930bb lzj.icp:8500/ibmcom/mariadb@sha256:2272622e7f6786220d7ee2b482a3050bd34c3e1ecdc99af6175a146610222763 lzj.icp:8500/ibmcom/mariadb-amd64:10.2.17 lzj.icp:8500/ibmcom/mariadb:10.2.17] 358991946} {[lzj.icp:8500/ibmcom/k8szk-amd64@sha256:a9ee22a4df14654552a02303e4560623244683692fd298dd2fb71e9dd66219f3 lzj.icp:8500/ibmcom/k8szk@sha256:20cfeb163fb828c3c3a7c0baf2883e90c72c8d97d20116253903e82aa2be801f lzj.icp:8500/ibmcom/k8szk-amd64:v3 lzj.icp:8500/ibmcom/k8szk:v3] 331472973} {[lzj.icp:8500/ibmcom/gluster-amd64@sha256:647caedb536eb7b8c5c8b0a2b69e52d2a34be9e6c9c7b9c1b21d14fcfa261886 lzj.icp:8500/ibmcom/gluster@sha256:eeabf9b160370078d12a4c2b84f1a9772fe10c64446f0c2251eb53b8b5277baa lzj.icp:8500/ibmcom/gluster-amd64:v4.0.2 lzj.icp:8500/ibmcom/gluster:v4.0.2] 324265531} {[lzj.icp:8500/ibmcom/istio-grafana-amd64@sha256:381a2dd3a5addbc5d43920bc19bb15ba6dbd422e4a9d91163108e72c5a63234c lzj.icp:8500/ibmcom/istio-grafana@sha256:f4fdaf4a51b946f6d4fb9aa82cdbfef53c8e0b7b2223078f9d7f62bb28d3259b lzj.icp:8500/ibmcom/istio-grafana-amd64:1.0.0.1 lzj.icp:8500/ibmcom/istio-grafana:1.0.0.1] 324187770} {[lzj.icp:8500/ibmcom/icp-filebeat-amd64@sha256:03af9b78dad6c2ba857975d10c81e781460796dff1ff1163ea4596f4aa10601d lzj.icp:8500/ibmcom/icp-filebeat@sha256:72669dde64d7ab85bbb9e93428efe548b2693a4eae5168a4705f6e30cd20e584 lzj.icp:8500/ibmcom/icp-filebeat-amd64:5.5.1 lzj.icp:8500/ibmcom/icp-filebeat:5.5.1] 317104874} {[lzj.icp:8500/ibmcom/istio-proxyv2-amd64@sha256:cd77e75fa85ce74914e1b7b0bef980ece8a62ef0d776c9ef51a0d7d30b4b64a0 lzj.icp:8500/ibmcom/istio-proxyv2@sha256:9c94d736c8cbb41e2c5b0b672530eee0df6cbb628d57f4ddaec9f4ff4f49ce35 lzj.icp:8500/ibmcom/istio-proxyv2-amd64:1.0.0.1 lzj.icp:8500/ibmcom/istio-proxyv2:1.0.0.1] 311276139} {[lzj.icp:8500/ibmcom/istio-pilot-amd64@sha256:63352073a964037fd37f6150228231d2e5eca7e0c2920405d6269326d3c54263 lzj.icp:8500/ibmcom/istio-pilot@sha256:ad129a4be7b6d1536c384efd03fb570b973b9c77a56a48e6b9cfe192a76c111e lzj.icp:8500/ibmcom/istio-pilot-amd64:1.0.0.1 lzj.icp:8500/ibmcom/istio-pilot:1.0.0.1] 309502004} {[lzj.icp:8500/ibmcom/fluentd-amd64@sha256:384a99b8d941c93f96ee5b5cbae5b70500219a3f71c73cf4eddd20d9d693e3b3 lzj.icp:8500/ibmcom/fluentd@sha256:f85a5ffd86438f1a73d04caf6e33ef3474675d9fa0947431f4d0a9602fc981af lzj.icp:8500/ibmcom/fluentd-amd64:v1.2.2-icp lzj.icp:8500/ibmcom/fluentd:v1.2.2-icp] 270902701} {[lzj.icp:8500/ibmcom/icp-identity-manager-amd64@sha256:632f31acd0fcfc3d0cebea31cfb71018f6712bd1a1b4da7476942b3c23aa3521 lzj.icp:8500/ibmcom/icp-identity-manager@sha256:993462e02a42c15b03722d935809476c8e10e6e0b3a2669eb528081e92a49859 lzj.icp:8500/ibmcom/icp-identity-manager-amd64:3.1.0 lzj.icp:8500/ibmcom/icp-identity-manager:3.1.0] 268667523} {[lzj.icp:8500/ibmcom/elasticsearch-plugin-searchguard-amd64@sha256:28f88d06bbbc073162702064c1be4ad06272e9021cbc0f929ba8c6da2ca25ae6 lzj.icp:8500/ibmcom/elasticsearch-plugin-searchguard@sha256:f47116021e3eec7b2fed9f6ed8bd77fd890457e5a1546dda7f863c032d4395b1 lzj.icp:8500/ibmcom/elasticsearch-plugin-searchguard-amd64:2.0.0 lzj.icp:8500/ibmcom/elasticsearch-plugin-searchguard:2.0.0] 267864279} {[lzj.icp:8500/ibmcom/kiali-amd64@sha256:bec63b454cf2e597c61f6a9943144050e5e6fc7a4f6474bc3bb6b627ba20c71c lzj.icp:8500/ibmcom/kiali@sha256:71a50e9885495157454657bc93842a7310e96e822a4117ad751ad81af83fde5e lzj.icp:8500/ibmcom/kiali-amd64:istio-release-1.0.0.1 lzj.icp:8500/ibmcom/kiali:istio-release-1.0.0.1] 265771300} {[lzj.icp:8500/ibmcom/calico-node-amd64@sha256:9871f4dde9eab9fd804b12f3114da36505ff5c220e2323b7434eec24e3b23ac5 lzj.icp:8500/ibmcom/calico-node@sha256:85a23d8030137d49663d3d82844a61998331606de9fc523dfdd0a75be7fb9828 lzj.icp:8500/ibmcom/calico-node-amd64:v3.1.3 lzj.icp:8500/ibmcom/calico-node:v3.1.3] 248202699} {[lzj.icp:8500/ibmcom/grafana-amd64@sha256:dc3566257a0c716caedfb33127d8ee385290c1dda006bebfb75c376d56b30c88 lzj.icp:8500/ibmcom/grafana@sha256:5d2739d3ec5c7f6ea66d69caa918b764660b99a3d37cb1f4123f1a9623ce8e38 lzj.icp:8500/ibmcom/grafana-amd64:5.2.0 lzj.icp:8500/ibmcom/grafana:5.2.0] 245297582} {[lzj.icp:8500/ibmcom/indices-cleaner-amd64@sha256:e6c6453d54012488e9ebfaa9e4d829f567d8e66b24c1613e6d88ca192ed5e85b lzj.icp:8500/ibmcom/indices-cleaner@sha256:31dac3be1246f17dddade06b517c073244ce56d85bc54135fdaf010dbb0bca10 lzj.icp:8500/ibmcom/indices-cleaner-amd64:1.0.0 lzj.icp:8500/ibmcom/indices-cleaner:1.0.0] 238131553} {[lzj.icp:8500/ibmcom/icp-identity-provider-amd64@sha256:24dba8b07c8295eef99abbf8d83041908516e4e50e4e4cfbbbcd53bdf415dda1 lzj.icp:8500/ibmcom/icp-identity-provider@sha256:b5bf63419b53ba550cad7a1b835d0d0eaae1fde8851c7936f8deb603fef673a6 lzj.icp:8500/ibmcom/icp-identity-provider-amd64:3.1.0 lzj.icp:8500/ibmcom/icp-identity-provider:3.1.0] 224286517} {[lzj.icp:8500/ibmcom/curl-amd64@sha256:aad05b4e4529f7e70516d8d3028cae6cd1d50de738ce164f2a532ce2470ac43f lzj.icp:8500/ibmcom/curl@sha256:adf92a267e351914d041a56d64ebe80331c45f8e20ab23b7ada67bea78da9996 lzj.icp:8500/ibmcom/curl-amd64:4.0.0 lzj.icp:8500/ibmcom/curl:4.0.0] 221192597} {[lzj.icp:8500/ibmcom/icp-audit-service-amd64@sha256:9add202c06a43da647380c860d9139fa059701fe103c1f229281215bf99dbbd3 lzj.icp:8500/ibmcom/icp-audit-service@sha256:7c3d710c31f6f5ae0227edc1599bdf64bc82e4fcd2b3aa8f197148240d2ab01c lzj.icp:8500/ibmcom/icp-audit-service-amd64:3.1.0 lzj.icp:8500/ibmcom/icp-audit-service:3.1.0] 215897363}],VolumesInUse:[],VolumesAttached:[],Config:&amp;NodeConfigStatus{Assigned:nil,Active:nil,LastKnownGood:nil,Error:,},},}&#xA;Sep 19 07:38:32.921: INFO: &#xA;Logging kubelet events for node 10.46.6.172&#xA;Sep 19 07:38:32.925: INFO: &#xA;Logging pods the kubelet thinks is on node 10.46.6.172&#xA;Sep 19 07:38:32.955: INFO: vulnerability-advisor-vulnerability-indexer-7c79b4c964-2n8cg started at 2018-09-17 07:19:07 +0000 UTC (0+1 container statuses recorded)&#xA;Sep 19 07:38:32.955: INFO: &#x9;Container py-vulnerability-indexer ready: true, restart count 0&#xA;Sep 19 07:38:32.955: INFO: vulnerability-advisor-secconfig-annotator-7dbcf5d9f4-fkmkb started at 2018-09-17 07:19:10 +0000 UTC (0+1 container statuses recorded)&#xA;Sep 19 07:38:32.955: INFO: &#x9;Container secconfig-annotator ready: true, restart count 0&#xA;Sep 19 07:38:32.955: INFO: monitoring-prometheus-nodeexporter-v4l7d started at 2018-09-17 07:15:44 +0000 UTC (0+2 container statuses recorded)&#xA;Sep 19 07:38:32.955: INFO: &#x9;Container nodeexporter ready: true, restart count 0&#xA;Sep 19 07:38:32.955: INFO: &#x9;Container router ready: true, restart count 0&#xA;Sep 19 07:38:32.955: INFO: vulnerability-advisor-usncrawler-8h976 started at 2018-09-17 07:19:11 +0000 UTC (0+1 container statuses recorded)&#xA;Sep 19 07:38:32.955: INFO: &#x9;Container usnloader-job ready: false, restart count 0&#xA;Sep 19 07:38:32.955: INFO: vulnerability-advisor-statsd-7746859df4-jjm6f started at 2018-09-17 07:19:10 +0000 UTC (0+1 container statuses recorded)&#xA;Sep 19 07:38:32.955: INFO: &#x9;Container statsd ready: true, restart count 0&#xA;Sep 19 07:38:32.955: INFO: vulnerability-advisor-cos-indexer-57899b7dd6-7cpf8 started at 2018-09-17 07:19:04 +0000 UTC (0+1 container statuses recorded)&#xA;Sep 19 07:38:32.955: INFO: &#x9;Container cos-indexer ready: true, restart count 3&#xA;Sep 19 07:38:32.955: INFO: vulnerability-advisor-kafka-0 started at 2018-09-17 07:19:13 +0000 UTC (0+1 container statuses recorded)&#xA;Sep 19 07:38:32.955: INFO: &#x9;Container kafka-server ready: true, restart count 2&#xA;Sep 19 07:38:32.955: INFO: calico-node-wsknj started at 2018-09-17 07:05:53 +0000 UTC (0+2 container statuses recorded)&#xA;Sep 19 07:38:32.955: INFO: &#x9;Container calico-node ready: true, restart count 0&#xA;Sep 19 07:38:32.955: INFO: &#x9;Container install-cni ready: true, restart count 0&#xA;Sep 19 07:38:32.955: INFO: metering-reader-gsrdg started at 2018-09-17 07:14:11 +0000 UTC (1+1 container statuses recorded)&#xA;Sep 19 07:38:32.955: INFO: &#x9;Init container metering-reader-init ready: true, restart count 1&#xA;Sep 19 07:38:32.955: INFO: &#x9;Container metering-reader ready: true, restart count 0&#xA;Sep 19 07:38:32.955: INFO: logging-elk-filebeat-ds-vpk48 started at 2018-09-17 07:15:20 +0000 UTC (0+1 container statuses recorded)&#xA;Sep 19 07:38:32.955: INFO: &#x9;Container filebeat ready: true, restart count 0&#xA;Sep 19 07:38:32.955: INFO: vulnerability-advisor-password-annotator-79b5d794b5-wnwqn started at 2018-09-17 07:19:05 +0000 UTC (0+1 container statuses recorded)&#xA;Sep 19 07:38:32.955: INFO: &#x9;Container config-parser ready: true, restart count 3&#xA;Sep 19 07:38:32.955: INFO: vulnerability-advisor-vulnerability-annotator-bcbf5595f-hxwst started at 2018-09-17 07:19:10 +0000 UTC (0+1 container statuses recorded)&#xA;Sep 19 07:38:32.955: INFO: &#x9;Container va-annotator ready: true, restart count 3&#xA;Sep 19 07:38:32.955: INFO: vulnerability-advisor-minio-0 started at 2018-09-17 07:19:16 +0000 UTC (1+1 container statuses recorded)&#xA;Sep 19 07:38:32.955: INFO: &#x9;Init container wait-kafka ready: true, restart count 1&#xA;Sep 19 07:38:32.955: INFO: &#x9;Container minio-server ready: true, restart count 0&#xA;Sep 19 07:38:32.955: INFO: nvidia-device-plugin-w9jr8 started at 2018-09-17 07:07:17 +0000 UTC (1+1 container statuses recorded)&#xA;Sep 19 07:38:32.955: INFO: &#x9;Init container nvidia-driver-collector ready: true, restart count 0&#xA;Sep 19 07:38:32.955: INFO: &#x9;Container nvidia-device-plugin ready: true, restart count 0&#xA;Sep 19 07:38:32.955: INFO: vulnerability-advisor-live-crawler-84st2 started at 2018-09-17 07:19:03 +0000 UTC (0+1 container statuses recorded)&#xA;Sep 19 07:38:32.955: INFO: &#x9;Container live-crawler ready: true, restart count 0&#xA;Sep 19 07:38:32.955: INFO: vulnerability-advisor-process-ma-annotator-58f47d5b5f-xbxrc started at 2018-09-17 07:19:06 +0000 UTC (0+2 container statuses recorded)&#xA;Sep 19 07:38:32.955: INFO: &#x9;Container icp-audit-service ready: true, restart count 0&#xA;Sep 19 07:38:32.955: INFO: &#x9;Container process-ma-annotator ready: true, restart count 2&#xA;Sep 19 07:38:32.955: INFO: vulnerability-advisor-compliance-indexer-7cbdc64b57-47lmd started at 2018-09-17 07:19:07 +0000 UTC (0+1 container statuses recorded)&#xA;Sep 19 07:38:32.955: INFO: &#x9;Container py-compliance-indexer ready: true, restart count 0&#xA;Sep 19 07:38:32.955: INFO: vulnerability-advisor-minio-cleaner-1537228740-55f4w started at 2018-09-17 23:59:03 +0000 UTC (0+1 container statuses recorded)&#xA;Sep 19 07:38:32.955: INFO: &#x9;Container cleaner ready: false, restart count 0&#xA;Sep 19 07:38:32.955: INFO: audit-logging-fluentd-ds-8bh4t started at 2018-09-17 07:18:46 +0000 UTC (0+1 container statuses recorded)&#xA;Sep 19 07:38:32.955: INFO: &#x9;Container fluentd ready: true, restart count 0&#xA;Sep 19 07:38:32.955: INFO: vulnerability-advisor-process-ma-crawler-24z6k started at 2018-09-17 07:19:03 +0000 UTC (0+1 container statuses recorded)&#xA;Sep 19 07:38:32.955: INFO: &#x9;Container process-ma-crawler ready: true, restart count 0&#xA;Sep 19 07:38:32.955: INFO: vulnerability-advisor-config-parser-5d44b78fd5-z4k9t started at 2018-09-17 07:19:04 +0000 UTC (0+1 container statuses recorded)&#xA;Sep 19 07:38:32.955: INFO: &#x9;Container config-parser ready: true, restart count 4&#xA;Sep 19 07:38:32.955: INFO: vulnerability-advisor-notification-dispatcher-86f8bf4b4d-cfdzb started at 2018-09-17 07:19:04 +0000 UTC (0+1 container statuses recorded)&#xA;Sep 19 07:38:32.955: INFO: &#x9;Container notification-dispatcher ready: true, restart count 3&#xA;Sep 19 07:38:32.955: INFO: vulnerability-advisor-process-ma-annotator-init-869545d547nn27w started at 2018-09-17 07:19:06 +0000 UTC (0+1 container statuses recorded)&#xA;Sep 19 07:38:32.955: INFO: &#x9;Container process-ma-annotator ready: true, restart count 0&#xA;Sep 19 07:38:32.955: INFO: vulnerability-advisor-process-ma-annotator-58f47d5b5f-4wglg started at 2018-09-17 07:19:06 +0000 UTC (0+2 container statuses recorded)&#xA;Sep 19 07:38:32.955: INFO: &#x9;Container icp-audit-service ready: true, restart count 0&#xA;Sep 19 07:38:32.955: INFO: &#x9;Container process-ma-annotator ready: true, restart count 1&#xA;Sep 19 07:38:32.955: INFO: vulnerability-advisor-rootkit-indexer-cd8b4646b-xlhwq started at 2018-09-17 07:19:07 +0000 UTC (0+1 container statuses recorded)&#xA;Sep 19 07:38:32.955: INFO: &#x9;Container py-rootkit-indexer ready: true, restart count 0&#xA;Sep 19 07:38:32.955: INFO: vulnerability-advisor-secconfig-indexer-674647df7c-qq5ff started at 2018-09-17 07:19:07 +0000 UTC (0+1 container statuses recorded)&#xA;Sep 19 07:38:32.955: INFO: &#x9;Container py-secconfig-indexer ready: true, restart count 0&#xA;Sep 19 07:38:32.955: INFO: k8s-proxy-10.46.6.172 started at &lt;nil&gt; (0+0 container statuses recorded)&#xA;Sep 19 07:38:32.955: INFO: vulnerability-advisor-minio-cleaner-1537315140-nqk7v started at 2018-09-18 23:59:04 +0000 UTC (0+1 container statuses recorded)&#xA;Sep 19 07:38:32.955: INFO: &#x9;Container cleaner ready: false, restart count 0&#xA;Sep 19 07:38:32.955: INFO: vulnerability-advisor-registry-crawler-6f9568677b-bfpm6 started at 2018-09-17 07:19:08 +0000 UTC (0+1 container statuses recorded)&#xA;Sep 19 07:38:32.955: INFO: &#x9;Container reg-crawler ready: true, restart count 0&#xA;Sep 19 07:38:32.955: INFO: vulnerability-advisor-sas-apiserver-5fd8d44bc9-7bvkn started at 2018-09-17 07:19:09 +0000 UTC (0+3 container statuses recorded)&#xA;Sep 19 07:38:32.955: INFO: &#x9;Container icp-audit-service ready: true, restart count 0&#xA;Sep 19 07:38:32.955: INFO: &#x9;Container sas-api-server ready: true, restart count 0&#xA;Sep 19 07:38:32.955: INFO: &#x9;Container sas-proxy-server ready: true, restart count 0&#xA;Sep 19 07:38:32.955: INFO: vulnerability-advisor-zookeeper-0 started at 2018-09-17 07:19:15 +0000 UTC (0+1 container statuses recorded)&#xA;Sep 19 07:38:32.956: INFO: &#x9;Container zookeeper-server ready: true, restart count 0&#xA;Sep 19 07:38:32.956: INFO: vulnerability-advisor-ma-file-annotator-6b95df8886-jtczz started at 2018-09-17 07:19:04 +0000 UTC (0+2 container statuses recorded)&#xA;Sep 19 07:38:32.956: INFO: &#x9;Container icp-audit-service ready: true, restart count 0&#xA;Sep 19 07:38:32.956: INFO: &#x9;Container vulnerability-advisor-ma-file-annotator ready: true, restart count 1&#xA;Sep 19 07:38:32.956: INFO: vulnerability-advisor-rootkit-annotator-74cb65b5cf-2dk5j started at 2018-09-17 07:19:08 +0000 UTC (0+1 container statuses recorded)&#xA;Sep 19 07:38:32.956: INFO: &#x9;Container rootkit-annotator ready: true, restart count 3&#xA;Sep 19 07:38:32.956: INFO: vulnerability-advisor-sas-mgmt-64fb95bc44-j9vjc started at 2018-09-17 07:19:08 +0000 UTC (0+1 container statuses recorded)&#xA;Sep 19 07:38:32.956: INFO: &#x9;Container sas-mgmt-server ready: true, restart count 0&#xA;Sep 19 07:38:32.956: INFO: vulnerability-advisor-compliance-annotator-d5659b9d9-kmn8q started at 2018-09-17 07:19:03 +0000 UTC (0+1 container statuses recorded)&#xA;Sep 19 07:38:32.956: INFO: &#x9;Container compliance-annotator ready: true, restart count 4&#xA;Sep 19 07:38:33.020: INFO: &#xA;Latency metrics for node 10.46.6.172&#xA;Sep 19 07:38:33.020: INFO: &#xA;Logging node info for node 10.46.6.173&#xA;Sep 19 07:38:33.038: INFO: Node Info: &amp;Node{ObjectMeta:k8s_io_apimachinery_pkg_apis_meta_v1.ObjectMeta{Name:10.46.6.173,GenerateName:,Namespace:,SelfLink:/api/v1/nodes/10.46.6.173,UID:3dc7268b-ba44-11e8-b20e-fa163e707b2e,ResourceVersion:457275,Generation:0,CreationTimestamp:2018-09-17 06:38:09 +0000 UTC,DeletionTimestamp:&lt;nil&gt;,DeletionGracePeriodSeconds:nil,Labels:map[string]string{beta.kubernetes.io/arch: amd64,beta.kubernetes.io/os: linux,etcd: true,kubernetes.io/hostname: 10.46.6.173,master: true,node-role.kubernetes.io/etcd: true,node-role.kubernetes.io/master: true,node-role.kubernetes.io/proxy: true,proxy: true,role: master,},Annotations:map[string]string{node.alpha.kubernetes.io/ttl: 0,volumes.kubernetes.io/controller-managed-attach-detach: true,},OwnerReferences:[],Finalizers:[],ClusterName:,Initializers:nil,},Spec:NodeSpec{PodCIDR:,DoNotUse_ExternalID:,ProviderID:,Unschedulable:false,Taints:[{dedicated proxy NoSchedule &lt;nil&gt;}],ConfigSource:nil,},Status:NodeStatus{Capacity:ResourceList{cpu: {{32 0} {&lt;nil&gt;} 32 DecimalSI},ephemeral-storage: {{107362627584 0} {&lt;nil&gt;} 104846316Ki BinarySI},hugepages-1Gi: {{0 0} {&lt;nil&gt;} 0 DecimalSI},hugepages-2Mi: {{0 0} {&lt;nil&gt;} 0 DecimalSI},memory: {{135202160640 0} {&lt;nil&gt;}  BinarySI},pods: {{320 0} {&lt;nil&gt;} 320 DecimalSI},},Allocatable:ResourceList{cpu: {{32 0} {&lt;nil&gt;} 32 DecimalSI},ephemeral-storage: {{107257769984 0} {&lt;nil&gt;} 104743916Ki BinarySI},hugepages-1Gi: {{0 0} {&lt;nil&gt;} 0 DecimalSI},hugepages-2Mi: {{0 0} {&lt;nil&gt;} 0 DecimalSI},memory: {{135097303040 0} {&lt;nil&gt;}  BinarySI},pods: {{320 0} {&lt;nil&gt;} 320 DecimalSI},},Phase:,Conditions:[{OutOfDisk False 2018-09-19 07:38:29 +0000 UTC 2018-09-17 06:38:09 +0000 UTC KubeletHasSufficientDisk kubelet has sufficient disk space available} {MemoryPressure False 2018-09-19 07:38:29 +0000 UTC 2018-09-17 06:38:09 +0000 UTC KubeletHasSufficientMemory kubelet has sufficient memory available} {DiskPressure False 2018-09-19 07:38:29 +0000 UTC 2018-09-17 06:38:09 +0000 UTC KubeletHasNoDiskPressure kubelet has no disk pressure} {PIDPressure False 2018-09-19 07:38:29 +0000 UTC 2018-09-17 06:38:09 +0000 UTC KubeletHasSufficientPID kubelet has sufficient PID available} {Ready True 2018-09-19 07:38:29 +0000 UTC 2018-09-17 07:06:09 +0000 UTC KubeletReady kubelet is posting ready status}],Addresses:[{InternalIP 10.46.6.173} {Hostname 10.46.6.173}],DaemonEndpoints:NodeDaemonEndpoints{KubeletEndpoint:DaemonEndpoint{Port:10250,},},NodeInfo:NodeSystemInfo{MachineID:52ca0d2c3fb341c79b059a96d10571a6,SystemUUID:DA83D170-F88E-40EB-A0A3-2918CD5F6005,BootID:806b09ea-0a42-4719-bbaa-13e375c7b62f,KernelVersion:3.10.0-862.9.1.el7.x86_64,OSImage:Red Hat Enterprise Linux,ContainerRuntimeVersion:docker://18.3.1,KubeletVersion:v1.11.1+icp-ee,KubeProxyVersion:v1.11.1+icp-ee,OperatingSystem:linux,Architecture:amd64,},Images:[{[lzj.icp:8500/ibmcom/statsd-amd64@sha256:5ee11bc24bced45a77d9d630348680f319c09d9d3b2230b04518d1e2a5263ae2 lzj.icp:8500/ibmcom/statsd-amd64:0.7.2.1 lzj.icp:8500/ibmcom/statsd:0.7.2.1] 1234731808} {[lzj.icp:8500/ibmcom/kafka-amd64@sha256:0d6d348ccd7aa2854d60791331280e58db92029a522c8bfb3eb40c7c0913ca8f lzj.icp:8500/ibmcom/kafka-amd64:0.10.0.2 lzj.icp:8500/ibmcom/kafka:0.10.0.2] 1114805679} {[lzj.icp:8500/ibmcom/iam-token-service-amd64@sha256:9211161e5b5b9d892a99b46fad4429333ceb7143b4039419df7ea0efa36381a9 lzj.icp:8500/ibmcom/iam-token-service-amd64:3.1.0 lzj.icp:8500/ibmcom/iam-token-service:3.1.0] 1051060152} {[lzj.icp:8500/ibmcom/icp-platform-auth-amd64@sha256:abc258009b8696a83214b7a9d9df63f6d83e19cfca2987c4836b0eadfa4c99c7 lzj.icp:8500/ibmcom/icp-platform-auth-amd64:3.1.0 lzj.icp:8500/ibmcom/icp-platform-auth:3.1.0] 1028283742} {[lzj.icp:8500/ibmcom/reg-crawler-amd64@sha256:9e5d4ebbac3dd6cbf9f892b5bd634f89fae3d4b2e6a23debd3ecd322e3eb817e lzj.icp:8500/ibmcom/reg-crawler-amd64:1.3.1 lzj.icp:8500/ibmcom/reg-crawler:1.3.1] 1007817363} {[lzj.icp:8500/ibmcom/live-crawler-amd64@sha256:37a79ec87bd3c8b9af25cf1e25f4f14281ffb9f5ebeaf61c0b7c8a5799baf782 lzj.icp:8500/ibmcom/live-crawler-amd64:1.3.1 lzj.icp:8500/ibmcom/live-crawler:1.3.1] 987515538} {[lzj.icp:8500/ibmcom/cos-indexer-amd64@sha256:adf28ff960ebdcbfcfa5e4522b81aa3565338f8d640dad611a1c3f0d3894393b lzj.icp:8500/ibmcom/cos-indexer-amd64:1.3.1 lzj.icp:8500/ibmcom/cos-indexer:1.3.1] 846578165} {[lzj.icp:8500/ibmcom/secure-config-annotator-amd64@sha256:26e845c6a252e0c5ae73e764645993b3270e289d1a2e9784b06ddd7898ca45d9 lzj.icp:8500/ibmcom/secure-config-annotator-amd64:1.3.1 lzj.icp:8500/ibmcom/secure-config-annotator:1.3.1] 835555196} {[lzj.icp:8500/ibmcom/hyperkube-amd64@sha256:9eaadf7c2a417ee2a9a219e2eadf21884742199a484be2ca737f0e8a178d490a lzj.icp:8500/ibmcom/hyperkube-amd64:v1.11.1-ee lzj.icp:8500/ibmcom/hyperkube:v1.11.1-ee] 782626408} {[lzj.icp:8500/ibmcom/compliance-annotator-amd64@sha256:5d8bbbef3a7dc54ba9addb256d2aa8a3f7d5c27a454ff4b7ee583b217dac2ce4 lzj.icp:8500/ibmcom/compliance-annotator-amd64:1.3.1 lzj.icp:8500/ibmcom/compliance-annotator:1.3.1] 773932738} {[lzj.icp:8500/ibmcom/icp-logstash-amd64@sha256:02a683ee6ad9eeed7ea8ebb1de713aaf902a9e20a39ccc0294ee1f947f1bbd73 lzj.icp:8500/ibmcom/icp-logstash-amd64:5.5.1 lzj.icp:8500/ibmcom/icp-logstash:5.5.1] 764906887} {[lzj.icp:8500/ibmcom/process-ma-hf-amd64@sha256:ef0d164350d07600f8037082db7d98cf81b9c554d8a60692ae90b8d0239a8cdc lzj.icp:8500/ibmcom/process-ma-hf-amd64:1.3.1 lzj.icp:8500/ibmcom/process-ma-hf:1.3.1] 758635128} {[lzj.icp:8500/ibmcom/vulnerability-annotator-amd64@sha256:febedf85b65e0d1800e67249274d474d4ce67e8041e81487f76bce727cb39bd4 lzj.icp:8500/ibmcom/vulnerability-annotator-amd64:1.3.1 lzj.icp:8500/ibmcom/vulnerability-annotator:1.3.1] 757013017} {[lzj.icp:8500/ibmcom/py-generic-indexer-amd64@sha256:45cb17e23e15f4dfe44471309af12f0655aad5f8e859c718f393290f220b02b2 lzj.icp:8500/ibmcom/py-generic-indexer-amd64:1.3.1 lzj.icp:8500/ibmcom/py-generic-indexer:1.3.1] 755588945} {[lzj.icp:8500/ibmcom/icp-inception-amd64@sha256:1dad180d14ae732d17ca5cf41b87dbb316c072323f186d60a08a753f904eb5b2 ibmcom/icp-inception-amd64:3.1.0-ee lzj.icp:8500/ibmcom/icp-inception-amd64:3.1.0-ee lzj.icp:8500/ibmcom/icp-inception:3.1.0-ee] 744155119} {[lzj.icp:8500/ibmcom/config-parser-amd64@sha256:7d721e0b5a827921ac16fa9e7570db225211e6dd700cdeaba1d28ba02ff8ef6d lzj.icp:8500/ibmcom/config-parser-amd64:1.3.1 lzj.icp:8500/ibmcom/config-parser:1.3.1] 739243486} {[lzj.icp:8500/ibmcom/iam-policy-administration-amd64@sha256:e1941aa09a5b692505cb3be3e497d3ff9acb900786b9a2c8c4c00d0243b37dd0 lzj.icp:8500/ibmcom/iam-policy-administration-amd64:3.1.0 lzj.icp:8500/ibmcom/iam-policy-administration:3.1.0] 711947327} {[lzj.icp:8500/ibmcom/password-annotator-amd64@sha256:bca1b6b222d8ea8ade174a8cc1a549f161d75d3e9d69881f08a1fb316a8e27d3 lzj.icp:8500/ibmcom/password-annotator-amd64:1.3.1 lzj.icp:8500/ibmcom/password-annotator:1.3.1] 707627907} {[lzj.icp:8500/ibmcom/notification-dispatcher-amd64@sha256:ec8dfbc351a0d758488f9f8bfa17c3182a5c02819a6ebf7144ab914a2233cf57 lzj.icp:8500/ibmcom/notification-dispatcher-amd64:1.3.1 lzj.icp:8500/ibmcom/notification-dispatcher:1.3.1] 707588442} {[lzj.icp:8500/ibmcom/sas-base-amd64@sha256:9651b1149c62d5a0968aaeffe71f2da68cd7e07ff8d7ea67538278c00ab08457 lzj.icp:8500/ibmcom/sas-base-amd64:1.3.1 lzj.icp:8500/ibmcom/sas-base:1.3.1] 653746081} {[lzj.icp:8500/ibmcom/ma-file-annotator-amd64@sha256:8caa6280fd845fd524ad874a6b243510ebf085d58c989229020fcfc743492632 lzj.icp:8500/ibmcom/ma-file-annotator-amd64:1.3.1 lzj.icp:8500/ibmcom/ma-file-annotator:1.3.1] 653745236} {[lzj.icp:8500/ibmcom/icp-kibana-amd64@sha256:8b69887ac5297e1d2e68b9c2ce885b9a888f6c278ca1538acb0f03206b48502a lzj.icp:8500/ibmcom/icp-kibana-amd64:5.5.1 lzj.icp:8500/ibmcom/icp-kibana:5.5.1] 639622018} {[lzj.icp:8500/ibmcom/icp-platform-api-amd64@sha256:1fc47925c2611aef12631b3f3806308f55a298074aebc561fd04cf8a7691c669 lzj.icp:8500/ibmcom/icp-platform-api-amd64:3.1.0 lzj.icp:8500/ibmcom/icp-platform-api:3.1.0] 612589125} {[lzj.icp:8500/ibmcom/iam-policy-decision-amd64@sha256:d49eb3845c57bb8370a477949d92da10a178b81ade50f0e9d970981fadd6686d lzj.icp:8500/ibmcom/iam-policy-decision-amd64:3.1.0 lzj.icp:8500/ibmcom/iam-policy-decision:3.1.0] 559718344} {[lzj.icp:8500/ibmcom/rootkit-annotator-amd64@sha256:caf6c24136b8785d901f346a640d673b55fe105c3617cfcb432ee2006f5b1cf4 lzj.icp:8500/ibmcom/rootkit-annotator-amd64:1.3.1 lzj.icp:8500/ibmcom/rootkit-annotator:1.3.1] 549434506} {[lzj.icp:8500/ibmcom/icp-elasticsearch-amd64@sha256:0063a7a931ca4e52d8f7a51f2bdb010345f4373b5b904b52e5c8a48ec0c1fde7 lzj.icp:8500/ibmcom/icp-elasticsearch-amd64:5.5.1 lzj.icp:8500/ibmcom/icp-elasticsearch:5.5.1] 520121248} {[lzj.icp:8500/ibmcom/logging-pki-init-amd64@sha256:cc4bfa085e1ae99120ee526acd3e62d205e10de6f1c773c521fc5b933914f6a8 lzj.icp:8500/ibmcom/logging-pki-init-amd64:2.0.0 lzj.icp:8500/ibmcom/logging-pki-init:2.0.0] 501921135} {[lzj.icp:8500/ibmcom/searchguard-init-amd64@sha256:d19ce1d27f406945d4ed78b0f07007998c2ab3889086e502924847c2186db546 lzj.icp:8500/ibmcom/searchguard-init-amd64:2.0.0 lzj.icp:8500/ibmcom/searchguard-init:2.0.0] 457030441} {[lzj.icp:8500/ibmcom/metering-ui-amd64@sha256:3628a8fe41183c08ea0b02e2e798e3649e4aebe2c2405c34572b9eb7c7c4d9a8 lzj.icp:8500/ibmcom/metering-ui-amd64:3.1.0 lzj.icp:8500/ibmcom/metering-ui:3.1.0] 385577105} {[lzj.icp:8500/ibmcom/heketi-amd64@sha256:c5b579a4f219c87990f861eb61de86cb9cfb51b6d230b8c299df7d9fd3d02d0e lzj.icp:8500/ibmcom/heketi-amd64:v7.0.0 lzj.icp:8500/ibmcom/heketi:v7.0.0] 384720377} {[lzj.icp:8500/ibmcom/icp-mongodb-amd64@sha256:a305ae8bc309898d86bf60aee968846db3602f77b25924640d5f08a2389ee99d lzj.icp:8500/ibmcom/icp-mongodb-amd64:3.1.0 lzj.icp:8500/ibmcom/icp-mongodb:3.1.0] 379353410} {[lzj.icp:8500/ibmcom/icp-catalog-ui-amd64@sha256:33993b4eab189e3c78fe27799017da770d47523cf6831460741008bf91297d6d lzj.icp:8500/ibmcom/icp-catalog-ui-amd64:3.1.0 lzj.icp:8500/ibmcom/icp-catalog-ui:3.1.0] 363781304} {[lzj.icp:8500/ibmcom/nginx-ingress-controller-amd64@sha256:63b48dd3ba635aa65409f7d6a319e293697810c1b9e885e6255bebf36a2506ab lzj.icp:8500/ibmcom/nginx-ingress-controller-amd64:0.16.2 lzj.icp:8500/ibmcom/nginx-ingress-controller:0.16.2] 361632894} {[lzj.icp:8500/ibmcom/mariadb-amd64@sha256:1f9876179c32fcf463804f75cbf2fb031106edf2be9d5dbf6705375ca53930bb lzj.icp:8500/ibmcom/mariadb-amd64:10.2.17 lzj.icp:8500/ibmcom/mariadb:10.2.17] 358991946} {[lzj.icp:8500/ibmcom/k8szk-amd64@sha256:a9ee22a4df14654552a02303e4560623244683692fd298dd2fb71e9dd66219f3 lzj.icp:8500/ibmcom/k8szk-amd64:v3 lzj.icp:8500/ibmcom/k8szk:v3] 331472973} {[lzj.icp:8500/ibmcom/gluster-amd64@sha256:647caedb536eb7b8c5c8b0a2b69e52d2a34be9e6c9c7b9c1b21d14fcfa261886 lzj.icp:8500/ibmcom/gluster-amd64:v4.0.2 lzj.icp:8500/ibmcom/gluster:v4.0.2] 324265531} {[lzj.icp:8500/ibmcom/istio-grafana-amd64@sha256:381a2dd3a5addbc5d43920bc19bb15ba6dbd422e4a9d91163108e72c5a63234c lzj.icp:8500/ibmcom/istio-grafana-amd64:1.0.0.1 lzj.icp:8500/ibmcom/istio-grafana:1.0.0.1] 324187770} {[lzj.icp:8500/ibmcom/icp-filebeat-amd64@sha256:03af9b78dad6c2ba857975d10c81e781460796dff1ff1163ea4596f4aa10601d lzj.icp:8500/ibmcom/icp-filebeat-amd64:5.5.1 lzj.icp:8500/ibmcom/icp-filebeat:5.5.1] 317104874} {[lzj.icp:8500/ibmcom/istio-proxyv2-amd64@sha256:cd77e75fa85ce74914e1b7b0bef980ece8a62ef0d776c9ef51a0d7d30b4b64a0 lzj.icp:8500/ibmcom/istio-proxyv2-amd64:1.0.0.1 lzj.icp:8500/ibmcom/istio-proxyv2:1.0.0.1] 311276139} {[lzj.icp:8500/ibmcom/istio-pilot-amd64@sha256:63352073a964037fd37f6150228231d2e5eca7e0c2920405d6269326d3c54263 lzj.icp:8500/ibmcom/istio-pilot-amd64:1.0.0.1 lzj.icp:8500/ibmcom/istio-pilot:1.0.0.1] 309502004} {[lzj.icp:8500/ibmcom/fluentd-amd64@sha256:384a99b8d941c93f96ee5b5cbae5b70500219a3f71c73cf4eddd20d9d693e3b3 lzj.icp:8500/ibmcom/fluentd-amd64:v1.2.2-icp lzj.icp:8500/ibmcom/fluentd:v1.2.2-icp] 270902701} {[lzj.icp:8500/ibmcom/icp-identity-manager-amd64@sha256:632f31acd0fcfc3d0cebea31cfb71018f6712bd1a1b4da7476942b3c23aa3521 lzj.icp:8500/ibmcom/icp-identity-manager-amd64:3.1.0 lzj.icp:8500/ibmcom/icp-identity-manager:3.1.0] 268667523} {[lzj.icp:8500/ibmcom/elasticsearch-plugin-searchguard-amd64@sha256:28f88d06bbbc073162702064c1be4ad06272e9021cbc0f929ba8c6da2ca25ae6 lzj.icp:8500/ibmcom/elasticsearch-plugin-searchguard-amd64:2.0.0 lzj.icp:8500/ibmcom/elasticsearch-plugin-searchguard:2.0.0] 267864279} {[lzj.icp:8500/ibmcom/kiali-amd64@sha256:bec63b454cf2e597c61f6a9943144050e5e6fc7a4f6474bc3bb6b627ba20c71c lzj.icp:8500/ibmcom/kiali-amd64:istio-release-1.0.0.1 lzj.icp:8500/ibmcom/kiali:istio-release-1.0.0.1] 265771300} {[lzj.icp:8500/ibmcom/calico-node-amd64@sha256:9871f4dde9eab9fd804b12f3114da36505ff5c220e2323b7434eec24e3b23ac5 lzj.icp:8500/ibmcom/calico-node-amd64:v3.1.3 lzj.icp:8500/ibmcom/calico-node:v3.1.3] 248202699} {[lzj.icp:8500/ibmcom/grafana-amd64@sha256:dc3566257a0c716caedfb33127d8ee385290c1dda006bebfb75c376d56b30c88 lzj.icp:8500/ibmcom/grafana-amd64:5.2.0 lzj.icp:8500/ibmcom/grafana:5.2.0] 245297582} {[lzj.icp:8500/ibmcom/indices-cleaner-amd64@sha256:e6c6453d54012488e9ebfaa9e4d829f567d8e66b24c1613e6d88ca192ed5e85b lzj.icp:8500/ibmcom/indices-cleaner-amd64:1.0.0 lzj.icp:8500/ibmcom/indices-cleaner:1.0.0] 238131553} {[lzj.icp:8500/ibmcom/icp-identity-provider-amd64@sha256:24dba8b07c8295eef99abbf8d83041908516e4e50e4e4cfbbbcd53bdf415dda1 lzj.icp:8500/ibmcom/icp-identity-provider-amd64:3.1.0 lzj.icp:8500/ibmcom/icp-identity-provider:3.1.0] 224286517} {[lzj.icp:8500/ibmcom/curl-amd64@sha256:aad05b4e4529f7e70516d8d3028cae6cd1d50de738ce164f2a532ce2470ac43f lzj.icp:8500/ibmcom/curl-amd64:4.0.0 lzj.icp:8500/ibmcom/curl:4.0.0] 221192597} {[lzj.icp:8500/ibmcom/icp-audit-service-amd64@sha256:9add202c06a43da647380c860d9139fa059701fe103c1f229281215bf99dbbd3 lzj.icp:8500/ibmcom/icp-audit-service-amd64:3.1.0 lzj.icp:8500/ibmcom/icp-audit-service:3.1.0] 215897363}],VolumesInUse:[],VolumesAttached:[],Config:&amp;NodeConfigStatus{Assigned:nil,Active:nil,LastKnownGood:nil,Error:,},},}&#xA;Sep 19 07:38:33.039: INFO: &#xA;Logging kubelet events for node 10.46.6.173&#xA;Sep 19 07:38:33.043: INFO: &#xA;Logging pods the kubelet thinks is on node 10.46.6.173&#xA;Sep 19 07:38:33.080: INFO: istio-policy-5b64d7fd64-jrlzt started at 2018-09-17 07:23:11 +0000 UTC (0+2 container statuses recorded)&#xA;Sep 19 07:38:33.080: INFO: &#x9;Container istio-proxy ready: true, restart count 0&#xA;Sep 19 07:38:33.080: INFO: &#x9;Container mixer ready: true, restart count 0&#xA;Sep 19 07:38:33.080: INFO: calico-kube-controllers-dcb8cc97c-gtsqp started at 2018-09-17 07:05:53 +0000 UTC (0+1 container statuses recorded)&#xA;Sep 19 07:38:33.080: INFO: &#x9;Container calico-kube-controllers ready: true, restart count 0&#xA;Sep 19 07:38:33.080: INFO: icp-mongodb-0 started at 2018-09-17 07:07:42 +0000 UTC (2+1 container statuses recorded)&#xA;Sep 19 07:38:33.080: INFO: &#x9;Init container install ready: true, restart count 0&#xA;Sep 19 07:38:33.080: INFO: &#x9;Init container bootstrap ready: true, restart count 0&#xA;Sep 19 07:38:33.080: INFO: &#x9;Container icp-mongodb ready: true, restart count 0&#xA;Sep 19 07:38:33.080: INFO: catalog-ui-5rtkh started at 2018-09-17 07:15:57 +0000 UTC (0+1 container statuses recorded)&#xA;Sep 19 07:38:33.080: INFO: &#x9;Container catalog-ui ready: true, restart count 0&#xA;Sep 19 07:38:33.080: INFO: platform-deploy-dbbks started at 2018-09-17 07:08:45 +0000 UTC (0+1 container statuses recorded)&#xA;Sep 19 07:38:33.080: INFO: &#x9;Container platform-deploy ready: true, restart count 0&#xA;Sep 19 07:38:33.080: INFO: auth-apikeys-x45mz started at 2018-09-17 07:10:12 +0000 UTC (0+1 container statuses recorded)&#xA;Sep 19 07:38:33.080: INFO: &#x9;Container auth-apikeys ready: true, restart count 0&#xA;Sep 19 07:38:33.080: INFO: istio-policy-5b64d7fd64-fb4bc started at 2018-09-17 07:27:37 +0000 UTC (0+2 container statuses recorded)&#xA;Sep 19 07:38:33.080: INFO: &#x9;Container istio-proxy ready: true, restart count 0&#xA;Sep 19 07:38:33.080: INFO: &#x9;Container mixer ready: true, restart count 0&#xA;Sep 19 07:38:33.080: INFO: k8s-proxy-10.46.6.173 started at &lt;nil&gt; (0+0 container statuses recorded)&#xA;Sep 19 07:38:33.080: INFO: k8s-etcd-10.46.6.173 started at &lt;nil&gt; (0+0 container statuses recorded)&#xA;Sep 19 07:38:33.080: INFO: image-manager-0 started at 2018-09-17 06:38:56 +0000 UTC (0+2 container statuses recorded)&#xA;Sep 19 07:38:33.080: INFO: &#x9;Container icp-registry ready: true, restart count 0&#xA;Sep 19 07:38:33.080: INFO: &#x9;Container image-manager ready: true, restart count 0&#xA;Sep 19 07:38:33.080: INFO: istio-policy-5b64d7fd64-pt9z2 started at 2018-09-17 07:17:30 +0000 UTC (0+2 container statuses recorded)&#xA;Sep 19 07:38:33.080: INFO: &#x9;Container istio-proxy ready: true, restart count 0&#xA;Sep 19 07:38:33.081: INFO: &#x9;Container mixer ready: true, restart count 0&#xA;Sep 19 07:38:33.081: INFO: istio-policy-5b64d7fd64-z68j4 started at 2018-09-17 07:19:38 +0000 UTC (0+2 container statuses recorded)&#xA;Sep 19 07:38:33.081: INFO: &#x9;Container istio-proxy ready: true, restart count 0&#xA;Sep 19 07:38:33.081: INFO: &#x9;Container mixer ready: true, restart count 0&#xA;Sep 19 07:38:33.081: INFO: istio-ingressgateway-7bc96d6585-r98nr started at 2018-09-17 07:28:10 +0000 UTC (0+1 container statuses recorded)&#xA;Sep 19 07:38:33.081: INFO: &#x9;Container istio-ingressgateway ready: true, restart count 0&#xA;Sep 19 07:38:33.081: INFO: istio-statsd-prom-bridge-66cb69b666-p76m8 started at 2018-09-17 07:17:29 +0000 UTC (0+1 container statuses recorded)&#xA;Sep 19 07:38:33.081: INFO: &#x9;Container statsd-prom-bridge ready: true, restart count 0&#xA;Sep 19 07:38:33.081: INFO: servicegraph-85578d8fc6-m62z4 started at 2018-09-17 07:17:32 +0000 UTC (0+1 container statuses recorded)&#xA;Sep 19 07:38:33.081: INFO: &#x9;Container servicegraph ready: true, restart count 0&#xA;Sep 19 07:38:33.081: INFO: mgmt-repo-57dc689b74-tmp44 started at 2018-09-17 07:17:51 +0000 UTC (1+2 container statuses recorded)&#xA;Sep 19 07:38:33.081: INFO: &#x9;Init container mgmt-repo-init ready: true, restart count 0&#xA;Sep 19 07:38:33.081: INFO: &#x9;Container audit-service ready: true, restart count 0&#xA;Sep 19 07:38:33.081: INFO: &#x9;Container mgmt-repo ready: true, restart count 0&#xA;Sep 19 07:38:33.081: INFO: istio-egressgateway-54448bcdbd-lhh5c started at 2018-09-17 07:20:07 +0000 UTC (0+1 container statuses recorded)&#xA;Sep 19 07:38:33.081: INFO: &#x9;Container istio-egressgateway ready: true, restart count 0&#xA;Sep 19 07:38:33.081: INFO: istio-ingressgateway-7bc96d6585-4qnc5 started at 2018-09-17 07:24:14 +0000 UTC (0+1 container statuses recorded)&#xA;Sep 19 07:38:33.081: INFO: &#x9;Container istio-ingressgateway ready: true, restart count 0&#xA;Sep 19 07:38:33.081: INFO: auth-idp-kjpmx started at 2018-09-17 07:10:04 +0000 UTC (1+4 container statuses recorded)&#xA;Sep 19 07:38:33.081: INFO: &#x9;Init container init-mariadb ready: true, restart count 0&#xA;Sep 19 07:38:33.081: INFO: &#x9;Container icp-audit-service ready: true, restart count 0&#xA;Sep 19 07:38:33.081: INFO: &#x9;Container platform-auth-service ready: true, restart count 0&#xA;Sep 19 07:38:33.081: INFO: &#x9;Container platform-identity-manager ready: true, restart count 0&#xA;Sep 19 07:38:33.081: INFO: &#x9;Container platform-identity-provider ready: true, restart count 0&#xA;Sep 19 07:38:33.081: INFO: helm-repo-5649f57447-wwdn4 started at 2018-09-17 07:13:54 +0000 UTC (1+2 container statuses recorded)&#xA;Sep 19 07:38:33.081: INFO: &#x9;Init container helm-repo-init ready: true, restart count 0&#xA;Sep 19 07:38:33.081: INFO: &#x9;Container audit-service ready: true, restart count 0&#xA;Sep 19 07:38:33.081: INFO: &#x9;Container helm-repo ready: true, restart count 0&#xA;Sep 19 07:38:33.081: INFO: metering-reader-l7284 started at 2018-09-17 07:14:11 +0000 UTC (1+1 container statuses recorded)&#xA;Sep 19 07:38:33.081: INFO: &#x9;Init container metering-reader-init ready: true, restart count 0&#xA;Sep 19 07:38:33.081: INFO: &#x9;Container metering-reader ready: true, restart count 0&#xA;Sep 19 07:38:33.081: INFO: istio-telemetry-8b5964dc7-vjqbq started at 2018-09-17 07:27:36 +0000 UTC (0+2 container statuses recorded)&#xA;Sep 19 07:38:33.081: INFO: &#x9;Container istio-proxy ready: true, restart count 0&#xA;Sep 19 07:38:33.081: INFO: &#x9;Container mixer ready: true, restart count 0&#xA;Sep 19 07:38:33.081: INFO: istio-telemetry-8b5964dc7-9q67f started at 2018-09-17 07:31:08 +0000 UTC (0+2 container statuses recorded)&#xA;Sep 19 07:38:33.081: INFO: &#x9;Container istio-proxy ready: true, restart count 0&#xA;Sep 19 07:38:33.081: INFO: &#x9;Container mixer ready: true, restart count 0&#xA;Sep 19 07:38:33.081: INFO: service-catalog-controller-manager-5969cccf86-65phs started at 2018-09-17 07:08:21 +0000 UTC (0+1 container statuses recorded)&#xA;Sep 19 07:38:33.081: INFO: &#x9;Container controller-manager ready: true, restart count 0&#xA;Sep 19 07:38:33.081: INFO: auth-pap-qb5m2 started at 2018-09-17 07:10:20 +0000 UTC (0+1 container statuses recorded)&#xA;Sep 19 07:38:33.081: INFO: &#x9;Container auth-pap ready: true, restart count 0&#xA;Sep 19 07:38:33.081: INFO: istio-pilot-6cf9ccf474-kkb6j started at 2018-09-17 07:17:31 +0000 UTC (0+2 container statuses recorded)&#xA;Sep 19 07:38:33.081: INFO: &#x9;Container discovery ready: true, restart count 0&#xA;Sep 19 07:38:33.081: INFO: &#x9;Container istio-proxy ready: true, restart count 0&#xA;Sep 19 07:38:33.081: INFO: istio-egressgateway-54448bcdbd-pjbtc started at 2018-09-17 07:28:34 +0000 UTC (0+1 container statuses recorded)&#xA;Sep 19 07:38:33.081: INFO: &#x9;Container istio-egressgateway ready: true, restart count 0&#xA;Sep 19 07:38:33.081: INFO: calico-node-m7d5t started at 2018-09-17 07:05:54 +0000 UTC (0+2 container statuses recorded)&#xA;Sep 19 07:38:33.081: INFO: &#x9;Container calico-node ready: true, restart count 0&#xA;Sep 19 07:38:33.081: INFO: &#x9;Container install-cni ready: true, restart count 0&#xA;Sep 19 07:38:33.081: INFO: ibm-cert-manager-cert-manager-74687f689b-7994r started at 2018-09-17 07:07:12 +0000 UTC (0+1 container statuses recorded)&#xA;Sep 19 07:38:33.081: INFO: &#x9;Container ibm-cert-manager ready: true, restart count 0&#xA;Sep 19 07:38:33.081: INFO: nginx-ingress-controller-h5z2v started at 2018-09-17 07:08:28 +0000 UTC (1+1 container statuses recorded)&#xA;Sep 19 07:38:33.081: INFO: &#x9;Init container sysctl ready: true, restart count 0&#xA;Sep 19 07:38:33.081: INFO: &#x9;Container nginx-ingress ready: true, restart count 0&#xA;Sep 19 07:38:33.081: INFO: istio-egressgateway-54448bcdbd-xmkbc started at 2018-09-17 07:24:11 +0000 UTC (0+1 container statuses recorded)&#xA;Sep 19 07:38:33.081: INFO: &#x9;Container istio-egressgateway ready: true, restart count 0&#xA;Sep 19 07:38:33.081: INFO: k8s-master-10.46.6.173 started at &lt;nil&gt; (0+0 container statuses recorded)&#xA;Sep 19 07:38:33.081: INFO: grafana-77676f44f7-c9wr6 started at 2018-09-17 07:17:28 +0000 UTC (0+1 container statuses recorded)&#xA;Sep 19 07:38:33.081: INFO: &#x9;Container grafana ready: true, restart count 1&#xA;Sep 19 07:38:33.081: INFO: security-onboarding-tkf79 started at 2018-09-17 07:18:12 +0000 UTC (0+1 container statuses recorded)&#xA;Sep 19 07:38:33.081: INFO: &#x9;Container security-onboarding ready: false, restart count 0&#xA;Sep 19 07:38:33.081: INFO: tiller-deploy-6b58875cb-5l8kh started at 2018-09-17 07:05:28 +0000 UTC (0+1 container statuses recorded)&#xA;Sep 19 07:38:33.081: INFO: &#x9;Container tiller ready: true, restart count 0&#xA;Sep 19 07:38:33.081: INFO: unified-router-lkwnl started at 2018-09-17 07:15:31 +0000 UTC (0+1 container statuses recorded)&#xA;Sep 19 07:38:33.081: INFO: &#x9;Container unified-router ready: true, restart count 0&#xA;Sep 19 07:38:33.081: INFO: istio-ingressgateway-7bc96d6585-smf45 started at 2018-09-17 07:17:28 +0000 UTC (0+1 container statuses recorded)&#xA;Sep 19 07:38:33.081: INFO: &#x9;Container istio-ingressgateway ready: true, restart count 0&#xA;Sep 19 07:38:33.081: INFO: prometheus-6f98d89664-wh7pb started at 2018-09-17 07:17:31 +0000 UTC (0+1 container statuses recorded)&#xA;Sep 19 07:38:33.081: INFO: &#x9;Container prometheus ready: true, restart count 0&#xA;Sep 19 07:38:33.081: INFO: vulnerability-advisor-live-crawler-p6khc started at 2018-09-17 07:19:02 +0000 UTC (0+1 container statuses recorded)&#xA;Sep 19 07:38:33.081: INFO: &#x9;Container live-crawler ready: true, restart count 0&#xA;Sep 19 07:38:33.081: INFO: default-backend-54966589c4-4d47g started at 2018-09-17 07:08:29 +0000 UTC (0+1 container statuses recorded)&#xA;Sep 19 07:38:33.081: INFO: &#x9;Container default-backend ready: true, restart count 0&#xA;Sep 19 07:38:33.081: INFO: platform-ui-6fjgx started at 2018-09-17 07:14:34 +0000 UTC (0+1 container statuses recorded)&#xA;Sep 19 07:38:33.081: INFO: &#x9;Container platform-ui ready: true, restart count 0&#xA;Sep 19 07:38:33.081: INFO: monitoring-prometheus-nodeexporter-f84fv started at 2018-09-17 07:15:45 +0000 UTC (0+2 container statuses recorded)&#xA;Sep 19 07:38:33.081: INFO: &#x9;Container nodeexporter ready: true, restart count 0&#xA;Sep 19 07:38:33.081: INFO: &#x9;Container router ready: true, restart count 0&#xA;Sep 19 07:38:33.081: INFO: service-catalog-apiserver-967x9 started at 2018-09-17 07:08:20 +0000 UTC (0+1 container statuses recorded)&#xA;Sep 19 07:38:33.081: INFO: &#x9;Container apiserver ready: true, restart count 0&#xA;Sep 19 07:38:33.081: INFO: oidc-client-registration-szxrk started at 2018-09-17 07:10:05 +0000 UTC (0+1 container statuses recorded)&#xA;Sep 19 07:38:33.081: INFO: &#x9;Container oidc-client-registration ready: false, restart count 0&#xA;Sep 19 07:38:33.081: INFO: kiali-7f8c59df94-25qmq started at 2018-09-17 07:17:27 +0000 UTC (0+1 container statuses recorded)&#xA;Sep 19 07:38:33.081: INFO: &#x9;Container kiali ready: true, restart count 0&#xA;Sep 19 07:38:33.081: INFO: istio-egressgateway-54448bcdbd-cqlhf started at 2018-09-17 07:24:11 +0000 UTC (0+1 container statuses recorded)&#xA;Sep 19 07:38:33.081: INFO: &#x9;Container istio-egressgateway ready: true, restart count 0&#xA;Sep 19 07:38:33.081: INFO: kube-dns-mwjc8 started at 2018-09-17 07:06:10 +0000 UTC (0+1 container statuses recorded)&#xA;Sep 19 07:38:33.081: INFO: &#x9;Container kube-dns ready: true, restart count 0&#xA;Sep 19 07:38:33.081: INFO: auth-pdp-tk2jm started at 2018-09-17 07:10:28 +0000 UTC (5+2 container statuses recorded)&#xA;Sep 19 07:38:33.081: INFO: &#x9;Init container init-auth-service ready: true, restart count 0&#xA;Sep 19 07:38:33.081: INFO: &#x9;Init container init-identity-provider ready: true, restart count 0&#xA;Sep 19 07:38:33.081: INFO: &#x9;Init container init-identity-manager ready: true, restart count 0&#xA;Sep 19 07:38:33.081: INFO: &#x9;Init container init-token-service ready: true, restart count 0&#xA;Sep 19 07:38:33.081: INFO: &#x9;Init container init-pap ready: true, restart count 0&#xA;Sep 19 07:38:33.081: INFO: &#x9;Container auth-pdp ready: true, restart count 0&#xA;Sep 19 07:38:33.081: INFO: &#x9;Container icp-audit-service ready: true, restart count 0&#xA;Sep 19 07:38:33.081: INFO: icp-management-ingress-x6qn8 started at 2018-09-17 07:10:36 +0000 UTC (0+1 container statuses recorded)&#xA;Sep 19 07:38:33.081: INFO: &#x9;Container icp-management-ingress ready: true, restart count 0&#xA;Sep 19 07:38:33.081: INFO: audit-logging-fluentd-ds-dhcg6 started at 2018-09-17 07:18:46 +0000 UTC (0+1 container statuses recorded)&#xA;Sep 19 07:38:33.081: INFO: &#x9;Container fluentd ready: true, restart count 0&#xA;Sep 19 07:38:33.081: INFO: istio-ingressgateway-7bc96d6585-m567m started at 2018-09-17 07:20:41 +0000 UTC (0+1 container statuses recorded)&#xA;Sep 19 07:38:33.081: INFO: &#x9;Container istio-ingressgateway ready: true, restart count 0&#xA;Sep 19 07:38:33.081: INFO: heapster-69b486565b-nt26r started at 2018-09-17 07:13:48 +0000 UTC (0+1 container statuses recorded)&#xA;Sep 19 07:38:33.081: INFO: &#x9;Container heapster ready: true, restart count 0&#xA;Sep 19 07:38:33.081: INFO: istio-galley-687cd96db-hlpng started at 2018-09-17 07:17:28 +0000 UTC (0+1 container statuses recorded)&#xA;Sep 19 07:38:33.081: INFO: &#x9;Container validator ready: true, restart count 0&#xA;Sep 19 07:38:33.081: INFO: istio-tracing-77ccfc8844-79ngl started at 2018-09-17 07:17:32 +0000 UTC (0+1 container statuses recorded)&#xA;Sep 19 07:38:33.081: INFO: &#x9;Container jaeger ready: true, restart count 0&#xA;Sep 19 07:38:33.081: INFO: vulnerability-advisor-process-ma-crawler-96728 started at 2018-09-17 07:19:03 +0000 UTC (0+1 container statuses recorded)&#xA;Sep 19 07:38:33.081: INFO: &#x9;Container process-ma-crawler ready: true, restart count 0&#xA;Sep 19 07:38:33.081: INFO: istio-telemetry-8b5964dc7-rfswc started at 2018-09-17 07:19:39 +0000 UTC (0+2 container statuses recorded)&#xA;Sep 19 07:38:33.081: INFO: &#x9;Container istio-proxy ready: true, restart count 0&#xA;Sep 19 07:38:33.081: INFO: &#x9;Container mixer ready: true, restart count 0&#xA;Sep 19 07:38:33.081: INFO: helm-api-fdd886877-6pwm8 started at 2018-09-17 07:16:36 +0000 UTC (0+3 container statuses recorded)&#xA;Sep 19 07:38:33.081: INFO: &#x9;Container audit-service ready: true, restart count 0&#xA;Sep 19 07:38:33.081: INFO: &#x9;Container helmapi ready: true, restart count 0&#xA;Sep 19 07:38:33.081: INFO: &#x9;Container rudder ready: true, restart count 0&#xA;Sep 19 07:38:33.081: INFO: istio-egressgateway-54448bcdbd-f4v6v started at 2018-09-17 07:17:29 +0000 UTC (0+1 container statuses recorded)&#xA;Sep 19 07:38:33.081: INFO: &#x9;Container istio-egressgateway ready: true, restart count 0&#xA;Sep 19 07:38:33.081: INFO: istio-citadel-77694dc965-mwqkp started at 2018-09-17 07:17:31 +0000 UTC (0+1 container statuses recorded)&#xA;Sep 19 07:38:33.081: INFO: &#x9;Container citadel ready: true, restart count 0&#xA;Sep 19 07:38:33.081: INFO: istio-ingressgateway-7bc96d6585-c58zx started at 2018-09-17 07:24:15 +0000 UTC (0+1 container statuses recorded)&#xA;Sep 19 07:38:33.081: INFO: &#x9;Container istio-ingressgateway ready: true, restart count 0&#xA;Sep 19 07:38:33.081: INFO: istio-policy-5b64d7fd64-5l2m9 started at 2018-09-17 07:31:07 +0000 UTC (0+2 container statuses recorded)&#xA;Sep 19 07:38:33.081: INFO: &#x9;Container istio-proxy ready: true, restart count 0&#xA;Sep 19 07:38:33.081: INFO: &#x9;Container mixer ready: true, restart count 0&#xA;Sep 19 07:38:33.081: INFO: nvidia-device-plugin-nh54k started at 2018-09-17 07:07:17 +0000 UTC (1+1 container statuses recorded)&#xA;Sep 19 07:38:33.081: INFO: &#x9;Init container nvidia-driver-collector ready: true, restart count 0&#xA;Sep 19 07:38:33.081: INFO: &#x9;Container nvidia-device-plugin ready: true, restart count 0&#xA;Sep 19 07:38:33.081: INFO: mariadb-0 started at 2018-09-17 07:08:38 +0000 UTC (0+1 container statuses recorded)&#xA;Sep 19 07:38:33.081: INFO: &#x9;Container mariadb ready: true, restart count 0&#xA;Sep 19 07:38:33.081: INFO: logging-elk-filebeat-ds-qf2vz started at 2018-09-17 07:15:20 +0000 UTC (0+1 container statuses recorded)&#xA;Sep 19 07:38:33.081: INFO: &#x9;Container filebeat ready: true, restart count 0&#xA;Sep 19 07:38:33.081: INFO: secret-watcher-5f59fcbc69-pfnfk started at 2018-09-17 07:18:05 +0000 UTC (0+1 container statuses recorded)&#xA;Sep 19 07:38:33.081: INFO: &#x9;Container secret-watcher ready: true, restart count 0&#xA;Sep 19 07:38:33.081: INFO: istio-telemetry-8b5964dc7-nw9kk started at 2018-09-17 07:23:11 +0000 UTC (0+2 container statuses recorded)&#xA;Sep 19 07:38:33.081: INFO: &#x9;Container istio-proxy ready: true, restart count 0&#xA;Sep 19 07:38:33.081: INFO: &#x9;Container mixer ready: true, restart count 0&#xA;Sep 19 07:38:33.081: INFO: platform-api-2fs4x started at 2018-09-17 07:08:45 +0000 UTC (0+2 container statuses recorded)&#xA;Sep 19 07:38:33.081: INFO: &#x9;Container audit-service ready: true, restart count 0&#xA;Sep 19 07:38:33.081: INFO: &#x9;Container platform-api ready: true, restart count 0&#xA;Sep 19 07:38:33.081: INFO: istio-telemetry-8b5964dc7-hcf6d started at 2018-09-17 07:17:29 +0000 UTC (0+2 container statuses recorded)&#xA;Sep 19 07:38:33.081: INFO: &#x9;Container istio-proxy ready: true, restart count 0&#xA;Sep 19 07:38:33.081: INFO: &#x9;Container mixer ready: true, restart count 0&#xA;Sep 19 07:38:33.081: INFO: istio-sidecar-injector-86d554f5f7-d57zk started at 2018-09-17 07:17:32 +0000 UTC (0+1 container statuses recorded)&#xA;Sep 19 07:38:33.081: INFO: &#x9;Container sidecar-injector-webhook ready: true, restart count 0&#xA;Sep 19 07:38:33.189: INFO: &#xA;Latency metrics for node 10.46.6.173&#xA;STEP: Dumping a list of prepulled images on each node to file /tmp/results/image-puller.txt&#xA;Sep 19 07:38:33.208: INFO: Waiting up to 3m0s for all (but 0) nodes to be ready&#xA;STEP: Destroying namespace &#34;e2e-tests-pods-vfqk9&#34; for this suite.&#xA;Sep 19 07:38:39.234: INFO: Waiting up to 30s for server preferred namespaced resources to be successfully discovered&#xA;Sep 19 07:38:39.440: INFO: namespace: e2e-tests-pods-vfqk9, resource: bindings, ignored listing per whitelist&#xA;Sep 19 07:38:41.163: INFO: namespace e2e-tests-pods-vfqk9 deletion completed in 7.949150117s&#xA;</system-out>
      </testcase>
      <testcase name="[sig-network] Loadbalancing: L7 GCE [Slow] [Feature:NEG] should be able to switch between IG and NEG modes" classname="Kubernetes e2e suite" time="0">
          <skipped></skipped>
      </testcase>
      <testcase name="[sig-auth] PodSecurityPolicy should allow pods under the privileged policy.PodSecurityPolicy" classname="Kubernetes e2e suite" time="0">
          <skipped></skipped>
      </testcase>
      <testcase name="[sig-storage] Pod Disks schedule a pod w/ RW PD(s) mounted to 1 or more containers, write to PD, verify content, delete pod, and repeat in rapid succession [Slow] using 1 containers and 2 PDs" classname="Kubernetes e2e suite" time="0">
          <skipped></skipped>
      </testcase>
      <testcase name="[sig-network] Services should be able to up and down services" classname="Kubernetes e2e suite" time="0">
          <skipped></skipped>
      </testcase>
      <testcase name="[k8s.io] [Feature:Example] [k8s.io] Storm should create and stop Zookeeper, Nimbus and Storm worker servers" classname="Kubernetes e2e suite" time="0">
          <skipped></skipped>
      </testcase>
      <testcase name="[sig-cli] Kubectl client [k8s.io] Kubectl create quota should create a quota with scopes" classname="Kubernetes e2e suite" time="0">
          <skipped></skipped>
      </testcase>
      <testcase name="[sig-network] Loadbalancing: L7 GCE [Slow] [Feature:Ingress] should be able to switch between HTTPS and HTTP2 modes" classname="Kubernetes e2e suite" time="0">
          <skipped></skipped>
      </testcase>
      <testcase name="[sig-storage] Subpath [Volume type: hostPath] should support readOnly file specified in the volumeMount" classname="Kubernetes e2e suite" time="0">
          <skipped></skipped>
      </testcase>
      <testcase name="[sig-storage] Subpath [Volume type: emptyDir] should support restarting containers using directory as subpath [Slow]" classname="Kubernetes e2e suite" time="0">
          <skipped></skipped>
      </testcase>
      <testcase name="[sig-autoscaling] Cluster size autoscaling [Slow] should increase cluster size if pod requesting EmptyDir volume is pending [Feature:ClusterSizeAutoscalingScaleUp]" classname="Kubernetes e2e suite" time="0">
          <skipped></skipped>
      </testcase>
      <testcase name="[sig-auth] PodSecurityPolicy should enforce the restricted extensions.PodSecurityPolicy" classname="Kubernetes e2e suite" time="0">
          <skipped></skipped>
      </testcase>
      <testcase name="[sig-storage] PersistentVolumes-local  Pod with node different from PV&#39;s NodeAffinity should fail scheduling due to different NodeAffinity" classname="Kubernetes e2e suite" time="0">
          <skipped></skipped>
      </testcase>
      <testcase name="[sig-storage] Projected should be able to mount in a volume regardless of a different secret existing with same name in different namespace [NodeConformance]" classname="Kubernetes e2e suite" time="0">
          <skipped></skipped>
      </testcase>
      <testcase name="[sig-storage] PersistentVolumes-local  Local volume provisioner [Serial] should discover dynamicly created local persistent volume mountpoint in discovery directory" classname="Kubernetes e2e suite" time="0">
          <skipped></skipped>
      </testcase>
      <testcase name="[k8s.io] [Feature:Example] [k8s.io] Liveness liveness pods should be automatically restarted" classname="Kubernetes e2e suite" time="0">
          <skipped></skipped>
      </testcase>
      <testcase name="[sig-apps] DaemonRestart [Disruptive] Kubelet should not restart containers across restart" classname="Kubernetes e2e suite" time="0">
          <skipped></skipped>
      </testcase>
      <testcase name="[sig-storage] Downward API volume should update labels on modification [NodeConformance] [Conformance]" classname="Kubernetes e2e suite" time="33.006728992"></testcase>
      <testcase name="[sig-api-machinery] Servers with support for Table transformation should return generic metadata details across all namespaces for nodes" classname="Kubernetes e2e suite" time="0">
          <skipped></skipped>
      </testcase>
      <testcase name="[sig-network] DNS should provide DNS for services  [Conformance]" classname="Kubernetes e2e suite" time="45.617264684"></testcase>
      <testcase name="[k8s.io] [sig-node] Security Context [Feature:SecurityContext] should support seccomp alpha runtime/default annotation [Feature:Seccomp]" classname="Kubernetes e2e suite" time="0">
          <skipped></skipped>
      </testcase>
      <testcase name="[sig-storage] Dynamic Provisioning [k8s.io] GlusterDynamicProvisioner should create and delete persistent volumes [fast]" classname="Kubernetes e2e suite" time="0">
          <skipped></skipped>
      </testcase>
      <testcase name="[sig-storage] Subpath [Volume type: nfsPVC] should support file as subpath" classname="Kubernetes e2e suite" time="0">
          <skipped></skipped>
      </testcase>
      <testcase name="[sig-apps] CronJob should remove from active list jobs that have been deleted" classname="Kubernetes e2e suite" time="0">
          <skipped></skipped>
      </testcase>
      <testcase name="[sig-storage] Subpath [Volume type: emptyDir] should support readOnly directory specified in the volumeMount" classname="Kubernetes e2e suite" time="0">
          <skipped></skipped>
      </testcase>
      <testcase name="[sig-apps] StatefulSet [k8s.io] Basic StatefulSet functionality [StatefulSetBasic] Burst scaling should run to completion even with unhealthy pods [Conformance]" classname="Kubernetes e2e suite" time="9.107801275">
          <failure type="Failure">/workspace/anago-v1.11.2-beta.0.50+bb9ffb1654d4a7/src/k8s.io/kubernetes/_output/dockerized/go/src/k8s.io/kubernetes/test/e2e/framework/framework.go:684&#xA;Expected error:&#xA;    &lt;*errors.StatusError | 0xc422578240&gt;: {&#xA;        ErrStatus: {&#xA;            TypeMeta: {Kind: &#34;&#34;, APIVersion: &#34;&#34;},&#xA;            ListMeta: {SelfLink: &#34;&#34;, ResourceVersion: &#34;&#34;, Continue: &#34;&#34;},&#xA;            Status: &#34;Failure&#34;,&#xA;            Message: &#34;Internal error occurred: admission webhook \&#34;trust.hooks.securityenforcement.admission.cloud.ibm.com\&#34; denied the request: \nDeny \&#34;k8s.gcr.io/nginx-slim-amd64:0.20\&#34;, no matching repositories in ClusterImagePolicy and no ImagePolicies in the \&#34;e2e-tests-statefulset-qfg78\&#34; namespace&#34;,&#xA;            Reason: &#34;InternalError&#34;,&#xA;            Details: {&#xA;                Name: &#34;&#34;,&#xA;                Group: &#34;&#34;,&#xA;                Kind: &#34;&#34;,&#xA;                UID: &#34;&#34;,&#xA;                Causes: [&#xA;                    {&#xA;                        Type: &#34;&#34;,&#xA;                        Message: &#34;admission webhook \&#34;trust.hooks.securityenforcement.admission.cloud.ibm.com\&#34; denied the request: \nDeny \&#34;k8s.gcr.io/nginx-slim-amd64:0.20\&#34;, no matching repositories in ClusterImagePolicy and no ImagePolicies in the \&#34;e2e-tests-statefulset-qfg78\&#34; namespace&#34;,&#xA;                        Field: &#34;&#34;,&#xA;                    },&#xA;                ],&#xA;                RetryAfterSeconds: 0,&#xA;            },&#xA;            Code: 500,&#xA;        },&#xA;    }&#xA;    Internal error occurred: admission webhook &#34;trust.hooks.securityenforcement.admission.cloud.ibm.com&#34; denied the request: &#xA;    Deny &#34;k8s.gcr.io/nginx-slim-amd64:0.20&#34;, no matching repositories in ClusterImagePolicy and no ImagePolicies in the &#34;e2e-tests-statefulset-qfg78&#34; namespace&#xA;not to have occurred&#xA;/workspace/anago-v1.11.2-beta.0.50+bb9ffb1654d4a7/src/k8s.io/kubernetes/_output/dockerized/go/src/k8s.io/kubernetes/test/e2e/apps/statefulset.go:762</failure>
          <system-out>[BeforeEach] [sig-apps] StatefulSet&#xA;  /workspace/anago-v1.11.2-beta.0.50+bb9ffb1654d4a7/src/k8s.io/kubernetes/_output/dockerized/go/src/k8s.io/kubernetes/test/e2e/framework/framework.go:141&#xA;STEP: Creating a kubernetes client&#xA;Sep 19 07:39:59.788: INFO: &gt;&gt;&gt; kubeConfig: /tmp/kubeconfig-172917420&#xA;STEP: Building a namespace api object&#xA;STEP: Binding the e2e-test-privileged-psp PodSecurityPolicy to the default service account in e2e-tests-statefulset-qfg78&#xA;STEP: Waiting for a default service account to be provisioned in namespace&#xA;[BeforeEach] [sig-apps] StatefulSet&#xA;  /workspace/anago-v1.11.2-beta.0.50+bb9ffb1654d4a7/src/k8s.io/kubernetes/_output/dockerized/go/src/k8s.io/kubernetes/test/e2e/apps/statefulset.go:57&#xA;[BeforeEach] [k8s.io] Basic StatefulSet functionality [StatefulSetBasic]&#xA;  /workspace/anago-v1.11.2-beta.0.50+bb9ffb1654d4a7/src/k8s.io/kubernetes/_output/dockerized/go/src/k8s.io/kubernetes/test/e2e/apps/statefulset.go:72&#xA;STEP: Creating service test in namespace e2e-tests-statefulset-qfg78&#xA;[It] Burst scaling should run to completion even with unhealthy pods [Conformance]&#xA;  /workspace/anago-v1.11.2-beta.0.50+bb9ffb1654d4a7/src/k8s.io/kubernetes/_output/dockerized/go/src/k8s.io/kubernetes/test/e2e/framework/framework.go:684&#xA;STEP: Creating stateful set ss in namespace e2e-tests-statefulset-qfg78&#xA;[AfterEach] [k8s.io] Basic StatefulSet functionality [StatefulSetBasic]&#xA;  /workspace/anago-v1.11.2-beta.0.50+bb9ffb1654d4a7/src/k8s.io/kubernetes/_output/dockerized/go/src/k8s.io/kubernetes/test/e2e/apps/statefulset.go:83&#xA;Sep 19 07:40:00.316: INFO: Deleting all statefulset in ns e2e-tests-statefulset-qfg78&#xA;[AfterEach] [sig-apps] StatefulSet&#xA;  /workspace/anago-v1.11.2-beta.0.50+bb9ffb1654d4a7/src/k8s.io/kubernetes/_output/dockerized/go/src/k8s.io/kubernetes/test/e2e/framework/framework.go:142&#xA;STEP: Collecting events from namespace &#34;e2e-tests-statefulset-qfg78&#34;.&#xA;STEP: Found 0 events.&#xA;Sep 19 07:40:00.423: INFO: POD                                                              NODE         PHASE      GRACE  CONDITIONS&#xA;Sep 19 07:40:00.423: INFO: ibm-cert-manager-cert-manager-74687f689b-7994r                   10.46.6.173  Running           [{Initialized True 0001-01-01 00:00:00 +0000 UTC 2018-09-17 07:07:12 +0000 UTC  } {Ready True 0001-01-01 00:00:00 +0000 UTC 2018-09-17 07:07:37 +0000 UTC  } {ContainersReady True 0001-01-01 00:00:00 +0000 UTC 0001-01-01 00:00:00 +0000 UTC  } {PodScheduled True 0001-01-01 00:00:00 +0000 UTC 2018-09-17 07:07:12 +0000 UTC  }]&#xA;Sep 19 07:40:00.423: INFO: sonobuoy                                                         10.46.6.170  Running           [{Initialized True 0001-01-01 00:00:00 +0000 UTC 2018-09-19 07:22:02 +0000 UTC  } {Ready True 0001-01-01 00:00:00 +0000 UTC 2018-09-19 07:22:08 +0000 UTC  } {ContainersReady True 0001-01-01 00:00:00 +0000 UTC 0001-01-01 00:00:00 +0000 UTC  } {PodScheduled True 0001-01-01 00:00:00 +0000 UTC 2018-09-19 07:22:02 +0000 UTC  }]&#xA;Sep 19 07:40:00.423: INFO: sonobuoy-e2e-job-c3f9b53ea97c48a2                                10.46.6.170  Running           [{Initialized True 0001-01-01 00:00:00 +0000 UTC 2018-09-19 07:22:08 +0000 UTC  } {Ready True 0001-01-01 00:00:00 +0000 UTC 2018-09-19 07:22:25 +0000 UTC  } {ContainersReady True 0001-01-01 00:00:00 +0000 UTC 0001-01-01 00:00:00 +0000 UTC  } {PodScheduled True 0001-01-01 00:00:00 +0000 UTC 2018-09-19 07:22:08 +0000 UTC  }]&#xA;Sep 19 07:40:00.423: INFO: grafana-77676f44f7-c9wr6                                         10.46.6.173  Running           [{Initialized True 0001-01-01 00:00:00 +0000 UTC 2018-09-17 07:17:28 +0000 UTC  } {Ready True 0001-01-01 00:00:00 +0000 UTC 2018-09-17 07:20:34 +0000 UTC  } {ContainersReady True 0001-01-01 00:00:00 +0000 UTC 0001-01-01 00:00:00 +0000 UTC  } {PodScheduled True 0001-01-01 00:00:00 +0000 UTC 2018-09-17 07:17:27 +0000 UTC  }]&#xA;Sep 19 07:40:00.423: INFO: istio-citadel-77694dc965-mwqkp                                   10.46.6.173  Running           [{Initialized True 0001-01-01 00:00:00 +0000 UTC 2018-09-17 07:17:31 +0000 UTC  } {Ready True 0001-01-01 00:00:00 +0000 UTC 2018-09-17 07:18:30 +0000 UTC  } {ContainersReady True 0001-01-01 00:00:00 +0000 UTC 0001-01-01 00:00:00 +0000 UTC  } {PodScheduled True 0001-01-01 00:00:00 +0000 UTC 2018-09-17 07:17:28 +0000 UTC  }]&#xA;Sep 19 07:40:00.423: INFO: istio-egressgateway-54448bcdbd-cqlhf                             10.46.6.173  Running           [{Initialized True 0001-01-01 00:00:00 +0000 UTC 2018-09-17 07:24:11 +0000 UTC  } {Ready True 0001-01-01 00:00:00 +0000 UTC 2018-09-17 07:25:19 +0000 UTC  } {ContainersReady True 0001-01-01 00:00:00 +0000 UTC 0001-01-01 00:00:00 +0000 UTC  } {PodScheduled True 0001-01-01 00:00:00 +0000 UTC 2018-09-17 07:24:10 +0000 UTC  }]&#xA;Sep 19 07:40:00.423: INFO: istio-egressgateway-54448bcdbd-f4v6v                             10.46.6.173  Running           [{Initialized True 0001-01-01 00:00:00 +0000 UTC 2018-09-17 07:17:29 +0000 UTC  } {Ready True 0001-01-01 00:00:00 +0000 UTC 2018-09-17 07:18:31 +0000 UTC  } {ContainersReady True 0001-01-01 00:00:00 +0000 UTC 0001-01-01 00:00:00 +0000 UTC  } {PodScheduled True 0001-01-01 00:00:00 +0000 UTC 2018-09-17 07:17:27 +0000 UTC  }]&#xA;Sep 19 07:40:00.423: INFO: istio-egressgateway-54448bcdbd-lhh5c                             10.46.6.173  Running           [{Initialized True 0001-01-01 00:00:00 +0000 UTC 2018-09-17 07:20:07 +0000 UTC  } {Ready True 0001-01-01 00:00:00 +0000 UTC 2018-09-17 07:21:11 +0000 UTC  } {ContainersReady True 0001-01-01 00:00:00 +0000 UTC 0001-01-01 00:00:00 +0000 UTC  } {PodScheduled True 0001-01-01 00:00:00 +0000 UTC 2018-09-17 07:20:06 +0000 UTC  }]&#xA;Sep 19 07:40:00.423: INFO: istio-egressgateway-54448bcdbd-pjbtc                             10.46.6.173  Running           [{Initialized True 0001-01-01 00:00:00 +0000 UTC 2018-09-17 07:28:34 +0000 UTC  } {Ready True 0001-01-01 00:00:00 +0000 UTC 2018-09-17 07:29:40 +0000 UTC  } {ContainersReady True 0001-01-01 00:00:00 +0000 UTC 0001-01-01 00:00:00 +0000 UTC  } {PodScheduled True 0001-01-01 00:00:00 +0000 UTC 2018-09-17 07:28:34 +0000 UTC  }]&#xA;Sep 19 07:40:00.423: INFO: istio-egressgateway-54448bcdbd-xmkbc                             10.46.6.173  Running           [{Initialized True 0001-01-01 00:00:00 +0000 UTC 2018-09-17 07:24:11 +0000 UTC  } {Ready True 0001-01-01 00:00:00 +0000 UTC 2018-09-17 07:25:10 +0000 UTC  } {ContainersReady True 0001-01-01 00:00:00 +0000 UTC 0001-01-01 00:00:00 +0000 UTC  } {PodScheduled True 0001-01-01 00:00:00 +0000 UTC 2018-09-17 07:24:10 +0000 UTC  }]&#xA;Sep 19 07:40:00.423: INFO: istio-galley-687cd96db-hlpng                                     10.46.6.173  Running           [{Initialized True 0001-01-01 00:00:00 +0000 UTC 2018-09-17 07:17:28 +0000 UTC  } {Ready True 0001-01-01 00:00:00 +0000 UTC 2018-09-17 07:18:35 +0000 UTC  } {ContainersReady True 0001-01-01 00:00:00 +0000 UTC 0001-01-01 00:00:00 +0000 UTC  } {PodScheduled True 0001-01-01 00:00:00 +0000 UTC 2018-09-17 07:17:27 +0000 UTC  }]&#xA;Sep 19 07:40:00.423: INFO: istio-ingressgateway-7bc96d6585-4qnc5                            10.46.6.173  Running           [{Initialized True 0001-01-01 00:00:00 +0000 UTC 2018-09-17 07:24:14 +0000 UTC  } {Ready True 0001-01-01 00:00:00 +0000 UTC 2018-09-17 07:25:22 +0000 UTC  } {ContainersReady True 0001-01-01 00:00:00 +0000 UTC 0001-01-01 00:00:00 +0000 UTC  } {PodScheduled True 0001-01-01 00:00:00 +0000 UTC 2018-09-17 07:24:13 +0000 UTC  }]&#xA;Sep 19 07:40:00.423: INFO: istio-ingressgateway-7bc96d6585-c58zx                            10.46.6.173  Running           [{Initialized True 0001-01-01 00:00:00 +0000 UTC 2018-09-17 07:24:15 +0000 UTC  } {Ready True 0001-01-01 00:00:00 +0000 UTC 2018-09-17 07:25:19 +0000 UTC  } {ContainersReady True 0001-01-01 00:00:00 +0000 UTC 0001-01-01 00:00:00 +0000 UTC  } {PodScheduled True 0001-01-01 00:00:00 +0000 UTC 2018-09-17 07:24:14 +0000 UTC  }]&#xA;Sep 19 07:40:00.423: INFO: istio-ingressgateway-7bc96d6585-m567m                            10.46.6.173  Running           [{Initialized True 0001-01-01 00:00:00 +0000 UTC 2018-09-17 07:20:41 +0000 UTC  } {Ready True 0001-01-01 00:00:00 +0000 UTC 2018-09-17 07:21:43 +0000 UTC  } {ContainersReady True 0001-01-01 00:00:00 +0000 UTC 0001-01-01 00:00:00 +0000 UTC  } {PodScheduled True 0001-01-01 00:00:00 +0000 UTC 2018-09-17 07:20:41 +0000 UTC  }]&#xA;Sep 19 07:40:00.423: INFO: istio-ingressgateway-7bc96d6585-r98nr                            10.46.6.173  Running           [{Initialized True 0001-01-01 00:00:00 +0000 UTC 2018-09-17 07:28:10 +0000 UTC  } {Ready True 0001-01-01 00:00:00 +0000 UTC 2018-09-17 07:29:11 +0000 UTC  } {ContainersReady True 0001-01-01 00:00:00 +0000 UTC 0001-01-01 00:00:00 +0000 UTC  } {PodScheduled True 0001-01-01 00:00:00 +0000 UTC 2018-09-17 07:28:09 +0000 UTC  }]&#xA;Sep 19 07:40:00.423: INFO: istio-ingressgateway-7bc96d6585-smf45                            10.46.6.173  Running           [{Initialized True 0001-01-01 00:00:00 +0000 UTC 2018-09-17 07:17:28 +0000 UTC  } {Ready True 0001-01-01 00:00:00 +0000 UTC 2018-09-17 07:18:37 +0000 UTC  } {ContainersReady True 0001-01-01 00:00:00 +0000 UTC 0001-01-01 00:00:00 +0000 UTC  } {PodScheduled True 0001-01-01 00:00:00 +0000 UTC 2018-09-17 07:17:27 +0000 UTC  }]&#xA;Sep 19 07:40:00.423: INFO: istio-pilot-6cf9ccf474-kkb6j                                     10.46.6.173  Running           [{Initialized True 0001-01-01 00:00:00 +0000 UTC 2018-09-17 07:17:31 +0000 UTC  } {Ready True 0001-01-01 00:00:00 +0000 UTC 2018-09-17 07:19:28 +0000 UTC  } {ContainersReady True 0001-01-01 00:00:00 +0000 UTC 0001-01-01 00:00:00 +0000 UTC  } {PodScheduled True 0001-01-01 00:00:00 +0000 UTC 2018-09-17 07:17:27 +0000 UTC  }]&#xA;Sep 19 07:40:00.423: INFO: istio-policy-5b64d7fd64-5l2m9                                    10.46.6.173  Running           [{Initialized True 0001-01-01 00:00:00 +0000 UTC 2018-09-17 07:31:07 +0000 UTC  } {Ready True 0001-01-01 00:00:00 +0000 UTC 2018-09-17 07:31:51 +0000 UTC  } {ContainersReady True 0001-01-01 00:00:00 +0000 UTC 0001-01-01 00:00:00 +0000 UTC  } {PodScheduled True 0001-01-01 00:00:00 +0000 UTC 2018-09-17 07:31:06 +0000 UTC  }]&#xA;Sep 19 07:40:00.423: INFO: istio-policy-5b64d7fd64-fb4bc                                    10.46.6.173  Running           [{Initialized True 0001-01-01 00:00:00 +0000 UTC 2018-09-17 07:27:37 +0000 UTC  } {Ready True 0001-01-01 00:00:00 +0000 UTC 2018-09-17 07:28:39 +0000 UTC  } {ContainersReady True 0001-01-01 00:00:00 +0000 UTC 0001-01-01 00:00:00 +0000 UTC  } {PodScheduled True 0001-01-01 00:00:00 +0000 UTC 2018-09-17 07:27:36 +0000 UTC  }]&#xA;Sep 19 07:40:00.423: INFO: istio-policy-5b64d7fd64-jrlzt                                    10.46.6.173  Running           [{Initialized True 0001-01-01 00:00:00 +0000 UTC 2018-09-17 07:23:11 +0000 UTC  } {Ready True 0001-01-01 00:00:00 +0000 UTC 2018-09-17 07:24:08 +0000 UTC  } {ContainersReady True 0001-01-01 00:00:00 +0000 UTC 0001-01-01 00:00:00 +0000 UTC  } {PodScheduled True 0001-01-01 00:00:00 +0000 UTC 2018-09-17 07:23:10 +0000 UTC  }]&#xA;Sep 19 07:40:00.423: INFO: istio-policy-5b64d7fd64-pt9z2                                    10.46.6.173  Running           [{Initialized True 0001-01-01 00:00:00 +0000 UTC 2018-09-17 07:17:30 +0000 UTC  } {Ready True 0001-01-01 00:00:00 +0000 UTC 2018-09-17 07:19:02 +0000 UTC  } {ContainersReady True 0001-01-01 00:00:00 +0000 UTC 0001-01-01 00:00:00 +0000 UTC  } {PodScheduled True 0001-01-01 00:00:00 +0000 UTC 2018-09-17 07:17:27 +0000 UTC  }]&#xA;Sep 19 07:40:00.424: INFO: istio-policy-5b64d7fd64-z68j4                                    10.46.6.173  Running           [{Initialized True 0001-01-01 00:00:00 +0000 UTC 2018-09-17 07:19:38 +0000 UTC  } {Ready True 0001-01-01 00:00:00 +0000 UTC 2018-09-17 07:20:44 +0000 UTC  } {ContainersReady True 0001-01-01 00:00:00 +0000 UTC 0001-01-01 00:00:00 +0000 UTC  } {PodScheduled True 0001-01-01 00:00:00 +0000 UTC 2018-09-17 07:19:37 +0000 UTC  }]&#xA;Sep 19 07:40:00.424: INFO: istio-sidecar-injector-86d554f5f7-d57zk                          10.46.6.173  Running           [{Initialized True 0001-01-01 00:00:00 +0000 UTC 2018-09-17 07:17:32 +0000 UTC  } {Ready True 0001-01-01 00:00:00 +0000 UTC 2018-09-17 07:18:41 +0000 UTC  } {ContainersReady True 0001-01-01 00:00:00 +0000 UTC 0001-01-01 00:00:00 +0000 UTC  } {PodScheduled True 0001-01-01 00:00:00 +0000 UTC 2018-09-17 07:17:29 +0000 UTC  }]&#xA;Sep 19 07:40:00.424: INFO: istio-statsd-prom-bridge-66cb69b666-p76m8                        10.46.6.173  Running           [{Initialized True 0001-01-01 00:00:00 +0000 UTC 2018-09-17 07:17:29 +0000 UTC  } {Ready True 0001-01-01 00:00:00 +0000 UTC 2018-09-17 07:18:32 +0000 UTC  } {ContainersReady True 0001-01-01 00:00:00 +0000 UTC 0001-01-01 00:00:00 +0000 UTC  } {PodScheduled True 0001-01-01 00:00:00 +0000 UTC 2018-09-17 07:17:27 +0000 UTC  }]&#xA;Sep 19 07:40:00.424: INFO: istio-telemetry-8b5964dc7-9q67f                                  10.46.6.173  Running           [{Initialized True 0001-01-01 00:00:00 +0000 UTC 2018-09-17 07:31:08 +0000 UTC  } {Ready True 0001-01-01 00:00:00 +0000 UTC 2018-09-17 07:32:00 +0000 UTC  } {ContainersReady True 0001-01-01 00:00:00 +0000 UTC 0001-01-01 00:00:00 +0000 UTC  } {PodScheduled True 0001-01-01 00:00:00 +0000 UTC 2018-09-17 07:31:07 +0000 UTC  }]&#xA;Sep 19 07:40:00.424: INFO: istio-telemetry-8b5964dc7-hcf6d                                  10.46.6.173  Running           [{Initialized True 0001-01-01 00:00:00 +0000 UTC 2018-09-17 07:17:29 +0000 UTC  } {Ready True 0001-01-01 00:00:00 +0000 UTC 2018-09-17 07:18:56 +0000 UTC  } {ContainersReady True 0001-01-01 00:00:00 +0000 UTC 0001-01-01 00:00:00 +0000 UTC  } {PodScheduled True 0001-01-01 00:00:00 +0000 UTC 2018-09-17 07:17:27 +0000 UTC  }]&#xA;Sep 19 07:40:00.424: INFO: istio-telemetry-8b5964dc7-nw9kk                                  10.46.6.173  Running           [{Initialized True 0001-01-01 00:00:00 +0000 UTC 2018-09-17 07:23:11 +0000 UTC  } {Ready True 0001-01-01 00:00:00 +0000 UTC 2018-09-17 07:24:19 +0000 UTC  } {ContainersReady True 0001-01-01 00:00:00 +0000 UTC 0001-01-01 00:00:00 +0000 UTC  } {PodScheduled True 0001-01-01 00:00:00 +0000 UTC 2018-09-17 07:23:10 +0000 UTC  }]&#xA;Sep 19 07:40:00.424: INFO: istio-telemetry-8b5964dc7-rfswc                                  10.46.6.173  Running           [{Initialized True 0001-01-01 00:00:00 +0000 UTC 2018-09-17 07:19:39 +0000 UTC  } {Ready True 0001-01-01 00:00:00 +0000 UTC 2018-09-17 07:20:38 +0000 UTC  } {ContainersReady True 0001-01-01 00:00:00 +0000 UTC 0001-01-01 00:00:00 +0000 UTC  } {PodScheduled True 0001-01-01 00:00:00 +0000 UTC 2018-09-17 07:19:38 +0000 UTC  }]&#xA;Sep 19 07:40:00.424: INFO: istio-telemetry-8b5964dc7-vjqbq                                  10.46.6.173  Running           [{Initialized True 0001-01-01 00:00:00 +0000 UTC 2018-09-17 07:27:36 +0000 UTC  } {Ready True 0001-01-01 00:00:00 +0000 UTC 2018-09-17 07:28:21 +0000 UTC  } {ContainersReady True 0001-01-01 00:00:00 +0000 UTC 0001-01-01 00:00:00 +0000 UTC  } {PodScheduled True 0001-01-01 00:00:00 +0000 UTC 2018-09-17 07:27:36 +0000 UTC  }]&#xA;Sep 19 07:40:00.424: INFO: istio-tracing-77ccfc8844-79ngl                                   10.46.6.173  Running           [{Initialized True 0001-01-01 00:00:00 +0000 UTC 2018-09-17 07:17:32 +0000 UTC  } {Ready True 0001-01-01 00:00:00 +0000 UTC 2018-09-17 07:18:08 +0000 UTC  } {ContainersReady True 0001-01-01 00:00:00 +0000 UTC 0001-01-01 00:00:00 +0000 UTC  } {PodScheduled True 0001-01-01 00:00:00 +0000 UTC 2018-09-17 07:17:29 +0000 UTC  }]&#xA;Sep 19 07:40:00.424: INFO: kiali-7f8c59df94-25qmq                                           10.46.6.173  Running           [{Initialized True 0001-01-01 00:00:00 +0000 UTC 2018-09-17 07:17:27 +0000 UTC  } {Ready True 0001-01-01 00:00:00 +0000 UTC 2018-09-17 07:17:56 +0000 UTC  } {ContainersReady True 0001-01-01 00:00:00 +0000 UTC 0001-01-01 00:00:00 +0000 UTC  } {PodScheduled True 0001-01-01 00:00:00 +0000 UTC 2018-09-17 07:17:27 +0000 UTC  }]&#xA;Sep 19 07:40:00.424: INFO: prometheus-6f98d89664-wh7pb                                      10.46.6.173  Running           [{Initialized True 0001-01-01 00:00:00 +0000 UTC 2018-09-17 07:17:31 +0000 UTC  } {Ready True 0001-01-01 00:00:00 +0000 UTC 2018-09-17 07:17:57 +0000 UTC  } {ContainersReady True 0001-01-01 00:00:00 +0000 UTC 0001-01-01 00:00:00 +0000 UTC  } {PodScheduled True 0001-01-01 00:00:00 +0000 UTC 2018-09-17 07:17:28 +0000 UTC  }]&#xA;Sep 19 07:40:00.424: INFO: servicegraph-85578d8fc6-m62z4                                    10.46.6.173  Running           [{Initialized True 0001-01-01 00:00:00 +0000 UTC 2018-09-17 07:17:32 +0000 UTC  } {Ready True 0001-01-01 00:00:00 +0000 UTC 2018-09-17 07:18:22 +0000 UTC  } {ContainersReady True 0001-01-01 00:00:00 +0000 UTC 0001-01-01 00:00:00 +0000 UTC  } {PodScheduled True 0001-01-01 00:00:00 +0000 UTC 2018-09-17 07:17:28 +0000 UTC  }]&#xA;Sep 19 07:40:00.424: INFO: audit-logging-fluentd-ds-4cgnk                                   10.46.6.170  Running           [{Initialized True 0001-01-01 00:00:00 +0000 UTC 2018-09-17 07:18:46 +0000 UTC  } {Ready True 0001-01-01 00:00:00 +0000 UTC 2018-09-17 07:18:50 +0000 UTC  } {ContainersReady True 0001-01-01 00:00:00 +0000 UTC 0001-01-01 00:00:00 +0000 UTC  } {PodScheduled True 0001-01-01 00:00:00 +0000 UTC 2018-09-17 07:18:46 +0000 UTC  }]&#xA;Sep 19 07:40:00.424: INFO: audit-logging-fluentd-ds-8bh4t                                   10.46.6.172  Running           [{Initialized True 0001-01-01 00:00:00 +0000 UTC 2018-09-17 07:18:46 +0000 UTC  } {Ready True 0001-01-01 00:00:00 +0000 UTC 2018-09-17 07:18:56 +0000 UTC  } {ContainersReady True 0001-01-01 00:00:00 +0000 UTC 0001-01-01 00:00:00 +0000 UTC  } {PodScheduled True 0001-01-01 00:00:00 +0000 UTC 2018-09-17 07:18:46 +0000 UTC  }]&#xA;Sep 19 07:40:00.424: INFO: audit-logging-fluentd-ds-bc22k                                   10.46.6.171  Running           [{Initialized True 0001-01-01 00:00:00 +0000 UTC 2018-09-17 07:18:46 +0000 UTC  } {Ready True 0001-01-01 00:00:00 +0000 UTC 2018-09-17 07:18:56 +0000 UTC  } {ContainersReady True 0001-01-01 00:00:00 +0000 UTC 0001-01-01 00:00:00 +0000 UTC  } {PodScheduled True 0001-01-01 00:00:00 +0000 UTC 2018-09-17 07:18:46 +0000 UTC  }]&#xA;Sep 19 07:40:00.424: INFO: audit-logging-fluentd-ds-dhcg6                                   10.46.6.173  Running           [{Initialized True 0001-01-01 00:00:00 +0000 UTC 2018-09-17 07:18:46 +0000 UTC  } {Ready True 0001-01-01 00:00:00 +0000 UTC 2018-09-17 07:19:00 +0000 UTC  } {ContainersReady True 0001-01-01 00:00:00 +0000 UTC 0001-01-01 00:00:00 +0000 UTC  } {PodScheduled True 0001-01-01 00:00:00 +0000 UTC 2018-09-17 07:18:46 +0000 UTC  }]&#xA;Sep 19 07:40:00.424: INFO: auth-apikeys-x45mz                                               10.46.6.173  Running           [{Initialized True 0001-01-01 00:00:00 +0000 UTC 2018-09-17 07:10:12 +0000 UTC  } {Ready True 0001-01-01 00:00:00 +0000 UTC 2018-09-17 07:11:25 +0000 UTC  } {ContainersReady True 0001-01-01 00:00:00 +0000 UTC 0001-01-01 00:00:00 +0000 UTC  } {PodScheduled True 0001-01-01 00:00:00 +0000 UTC 2018-09-17 07:10:12 +0000 UTC  }]&#xA;Sep 19 07:40:00.424: INFO: auth-idp-kjpmx                                                   10.46.6.173  Running           [{Initialized True 0001-01-01 00:00:00 +0000 UTC 2018-09-17 07:10:19 +0000 UTC  } {Ready True 0001-01-01 00:00:00 +0000 UTC 2018-09-19 07:05:52 +0000 UTC  } {ContainersReady True 0001-01-01 00:00:00 +0000 UTC 0001-01-01 00:00:00 +0000 UTC  } {PodScheduled True 0001-01-01 00:00:00 +0000 UTC 2018-09-17 07:10:04 +0000 UTC  }]&#xA;Sep 19 07:40:00.424: INFO: auth-pap-qb5m2                                                   10.46.6.173  Running           [{Initialized True 0001-01-01 00:00:00 +0000 UTC 2018-09-17 07:10:20 +0000 UTC  } {Ready True 0001-01-01 00:00:00 +0000 UTC 2018-09-17 07:10:46 +0000 UTC  } {ContainersReady True 0001-01-01 00:00:00 +0000 UTC 0001-01-01 00:00:00 +0000 UTC  } {PodScheduled True 0001-01-01 00:00:00 +0000 UTC 2018-09-17 07:10:20 +0000 UTC  }]&#xA;Sep 19 07:40:00.424: INFO: auth-pdp-tk2jm                                                   10.46.6.173  Running           [{Initialized True 0001-01-01 00:00:00 +0000 UTC 2018-09-17 07:13:08 +0000 UTC  } {Ready True 0001-01-01 00:00:00 +0000 UTC 2018-09-17 07:13:19 +0000 UTC  } {ContainersReady True 0001-01-01 00:00:00 +0000 UTC 0001-01-01 00:00:00 +0000 UTC  } {PodScheduled True 0001-01-01 00:00:00 +0000 UTC 2018-09-17 07:10:28 +0000 UTC  }]&#xA;Sep 19 07:40:00.424: INFO: calico-kube-controllers-dcb8cc97c-gtsqp                          10.46.6.173  Running           [{Initialized True 0001-01-01 00:00:00 +0000 UTC 2018-09-17 07:05:53 +0000 UTC  } {Ready True 0001-01-01 00:00:00 +0000 UTC 2018-09-17 07:06:04 +0000 UTC  } {ContainersReady True 0001-01-01 00:00:00 +0000 UTC 0001-01-01 00:00:00 +0000 UTC  } {PodScheduled True 0001-01-01 00:00:00 +0000 UTC 2018-09-17 07:05:53 +0000 UTC  }]&#xA;Sep 19 07:40:00.424: INFO: calico-node-gpm2c                                                10.46.6.171  Running           [{Initialized True 0001-01-01 00:00:00 +0000 UTC 2018-09-17 07:05:53 +0000 UTC  } {Ready True 0001-01-01 00:00:00 +0000 UTC 2018-09-17 07:06:11 +0000 UTC  } {ContainersReady True 0001-01-01 00:00:00 +0000 UTC 0001-01-01 00:00:00 +0000 UTC  } {PodScheduled True 0001-01-01 00:00:00 +0000 UTC 2018-09-17 07:05:53 +0000 UTC  }]&#xA;Sep 19 07:40:00.424: INFO: calico-node-htf97                                                10.46.6.170  Running           [{Initialized True 0001-01-01 00:00:00 +0000 UTC 2018-09-17 07:05:53 +0000 UTC  } {Ready True 0001-01-01 00:00:00 +0000 UTC 2018-09-17 07:06:14 +0000 UTC  } {ContainersReady True 0001-01-01 00:00:00 +0000 UTC 0001-01-01 00:00:00 +0000 UTC  } {PodScheduled True 0001-01-01 00:00:00 +0000 UTC 2018-09-17 07:05:53 +0000 UTC  }]&#xA;Sep 19 07:40:00.424: INFO: calico-node-m7d5t                                                10.46.6.173  Running           [{Initialized True 0001-01-01 00:00:00 +0000 UTC 2018-09-17 07:05:54 +0000 UTC  } {Ready True 0001-01-01 00:00:00 +0000 UTC 2018-09-17 07:06:15 +0000 UTC  } {ContainersReady True 0001-01-01 00:00:00 +0000 UTC 0001-01-01 00:00:00 +0000 UTC  } {PodScheduled True 0001-01-01 00:00:00 +0000 UTC 2018-09-17 07:05:54 +0000 UTC  }]&#xA;Sep 19 07:40:00.424: INFO: calico-node-wsknj                                                10.46.6.172  Running           [{Initialized True 0001-01-01 00:00:00 +0000 UTC 2018-09-17 07:05:53 +0000 UTC  } {Ready True 0001-01-01 00:00:00 +0000 UTC 2018-09-17 07:06:17 +0000 UTC  } {ContainersReady True 0001-01-01 00:00:00 +0000 UTC 0001-01-01 00:00:00 +0000 UTC  } {PodScheduled True 0001-01-01 00:00:00 +0000 UTC 2018-09-17 07:05:53 +0000 UTC  }]&#xA;Sep 19 07:40:00.424: INFO: catalog-ui-5rtkh                                                 10.46.6.173  Running           [{Initialized True 0001-01-01 00:00:00 +0000 UTC 2018-09-17 07:15:57 +0000 UTC  } {Ready True 0001-01-01 00:00:00 +0000 UTC 2018-09-17 07:16:11 +0000 UTC  } {ContainersReady True 0001-01-01 00:00:00 +0000 UTC 0001-01-01 00:00:00 +0000 UTC  } {PodScheduled True 0001-01-01 00:00:00 +0000 UTC 2018-09-17 07:15:57 +0000 UTC  }]&#xA;Sep 19 07:40:00.424: INFO: custom-metrics-adapter-64f64964b4-f9gmc                          10.46.6.171  Running           [{Initialized True 0001-01-01 00:00:00 +0000 UTC 2018-09-17 07:17:13 +0000 UTC  } {Ready True 0001-01-01 00:00:00 +0000 UTC 2018-09-17 07:17:51 +0000 UTC  } {ContainersReady True 0001-01-01 00:00:00 +0000 UTC 0001-01-01 00:00:00 +0000 UTC  } {PodScheduled True 0001-01-01 00:00:00 +0000 UTC 2018-09-17 07:14:28 +0000 UTC  }]&#xA;Sep 19 07:40:00.424: INFO: default-backend-54966589c4-4d47g                                 10.46.6.173  Running           [{Initialized True 0001-01-01 00:00:00 +0000 UTC 2018-09-17 07:08:29 +0000 UTC  } {Ready True 0001-01-01 00:00:00 +0000 UTC 2018-09-17 07:08:40 +0000 UTC  } {ContainersReady True 0001-01-01 00:00:00 +0000 UTC 0001-01-01 00:00:00 +0000 UTC  } {PodScheduled True 0001-01-01 00:00:00 +0000 UTC 2018-09-17 07:08:28 +0000 UTC  }]&#xA;Sep 19 07:40:00.424: INFO: heapster-69b486565b-nt26r                                        10.46.6.173  Running           [{Initialized True 0001-01-01 00:00:00 +0000 UTC 2018-09-17 07:13:48 +0000 UTC  } {Ready True 0001-01-01 00:00:00 +0000 UTC 2018-09-17 07:13:58 +0000 UTC  } {ContainersReady True 0001-01-01 00:00:00 +0000 UTC 0001-01-01 00:00:00 +0000 UTC  } {PodScheduled True 0001-01-01 00:00:00 +0000 UTC 2018-09-17 07:13:48 +0000 UTC  }]&#xA;Sep 19 07:40:00.424: INFO: helm-api-fdd886877-6pwm8                                         10.46.6.173  Running           [{Initialized True 0001-01-01 00:00:00 +0000 UTC 2018-09-17 07:16:36 +0000 UTC  } {Ready True 0001-01-01 00:00:00 +0000 UTC 2018-09-17 07:16:58 +0000 UTC  } {ContainersReady True 0001-01-01 00:00:00 +0000 UTC 0001-01-01 00:00:00 +0000 UTC  } {PodScheduled True 0001-01-01 00:00:00 +0000 UTC 2018-09-17 07:16:35 +0000 UTC  }]&#xA;Sep 19 07:40:00.424: INFO: helm-repo-5649f57447-wwdn4                                       10.46.6.173  Running           [{Initialized True 0001-01-01 00:00:00 +0000 UTC 2018-09-17 07:14:04 +0000 UTC  } {Ready True 0001-01-01 00:00:00 +0000 UTC 2018-09-17 07:14:40 +0000 UTC  } {ContainersReady True 0001-01-01 00:00:00 +0000 UTC 0001-01-01 00:00:00 +0000 UTC  } {PodScheduled True 0001-01-01 00:00:00 +0000 UTC 2018-09-17 07:13:53 +0000 UTC  }]&#xA;Sep 19 07:40:00.424: INFO: ibmcloud-image-enforcement-76ddccbf9f-kqmlb                      10.46.6.171  Running           [{Initialized True 0001-01-01 00:00:00 +0000 UTC 2018-09-17 07:14:02 +0000 UTC  } {Ready True 0001-01-01 00:00:00 +0000 UTC 2018-09-17 07:14:07 +0000 UTC  } {ContainersReady True 0001-01-01 00:00:00 +0000 UTC 0001-01-01 00:00:00 +0000 UTC  } {PodScheduled True 0001-01-01 00:00:00 +0000 UTC 2018-09-17 07:14:02 +0000 UTC  }]&#xA;Sep 19 07:40:00.424: INFO: icp-management-ingress-x6qn8                                     10.46.6.173  Running           [{Initialized True 0001-01-01 00:00:00 +0000 UTC 2018-09-17 07:10:36 +0000 UTC  } {Ready True 0001-01-01 00:00:00 +0000 UTC 2018-09-17 07:10:48 +0000 UTC  } {ContainersReady True 0001-01-01 00:00:00 +0000 UTC 0001-01-01 00:00:00 +0000 UTC  } {PodScheduled True 0001-01-01 00:00:00 +0000 UTC 2018-09-17 07:10:36 +0000 UTC  }]&#xA;Sep 19 07:40:00.424: INFO: icp-mongodb-0                                                    10.46.6.173  Running           [{Initialized True 0001-01-01 00:00:00 +0000 UTC 2018-09-17 07:09:00 +0000 UTC  } {Ready True 0001-01-01 00:00:00 +0000 UTC 2018-09-17 07:09:17 +0000 UTC  } {ContainersReady True 0001-01-01 00:00:00 +0000 UTC 0001-01-01 00:00:00 +0000 UTC  } {PodScheduled True 0001-01-01 00:00:00 +0000 UTC 2018-09-17 07:07:41 +0000 UTC  }]&#xA;Sep 19 07:40:00.424: INFO: image-manager-0                                                  10.46.6.173  Running           [{Initialized True 0001-01-01 00:00:00 +0000 UTC 2018-09-17 06:38:56 +0000 UTC  } {Ready True 0001-01-01 00:00:00 +0000 UTC 2018-09-17 06:39:08 +0000 UTC  } {ContainersReady True 0001-01-01 00:00:00 +0000 UTC 0001-01-01 00:00:00 +0000 UTC  } {PodScheduled True 0001-01-01 00:00:00 +0000 UTC 2018-09-17 06:38:56 +0000 UTC  }]&#xA;Sep 19 07:40:00.424: INFO: k8s-etcd-10.46.6.173                                             10.46.6.173  Running           [{Initialized True 0001-01-01 00:00:00 +0000 UTC 2018-09-17 06:35:49 +0000 UTC  } {Ready True 0001-01-01 00:00:00 +0000 UTC 2018-09-17 06:35:54 +0000 UTC  } {ContainersReady True 0001-01-01 00:00:00 +0000 UTC 0001-01-01 00:00:00 +0000 UTC  } {PodScheduled True 0001-01-01 00:00:00 +0000 UTC 2018-09-17 06:35:49 +0000 UTC  }]&#xA;Sep 19 07:40:00.424: INFO: k8s-master-10.46.6.173                                           10.46.6.173  Running           [{Initialized True 0001-01-01 00:00:00 +0000 UTC 2018-09-17 06:37:18 +0000 UTC  } {Ready True 0001-01-01 00:00:00 +0000 UTC 2018-09-17 06:37:26 +0000 UTC  } {ContainersReady True 0001-01-01 00:00:00 +0000 UTC 0001-01-01 00:00:00 +0000 UTC  } {PodScheduled True 0001-01-01 00:00:00 +0000 UTC 2018-09-17 06:37:18 +0000 UTC  }]&#xA;Sep 19 07:40:00.424: INFO: k8s-proxy-10.46.6.170                                            10.46.6.170  Running           [{Initialized True 0001-01-01 00:00:00 +0000 UTC 2018-09-17 07:05:43 +0000 UTC  } {Ready True 0001-01-01 00:00:00 +0000 UTC 2018-09-17 07:05:46 +0000 UTC  } {ContainersReady True 0001-01-01 00:00:00 +0000 UTC 0001-01-01 00:00:00 +0000 UTC  } {PodScheduled True 0001-01-01 00:00:00 +0000 UTC 2018-09-17 07:05:43 +0000 UTC  }]&#xA;Sep 19 07:40:00.424: INFO: k8s-proxy-10.46.6.171                                            10.46.6.171  Running           [{Initialized True 0001-01-01 00:00:00 +0000 UTC 2018-09-17 07:05:44 +0000 UTC  } {Ready True 0001-01-01 00:00:00 +0000 UTC 2018-09-17 07:05:46 +0000 UTC  } {ContainersReady True 0001-01-01 00:00:00 +0000 UTC 0001-01-01 00:00:00 +0000 UTC  } {PodScheduled True 0001-01-01 00:00:00 +0000 UTC 2018-09-17 07:05:44 +0000 UTC  }]&#xA;Sep 19 07:40:00.425: INFO: k8s-proxy-10.46.6.172                                            10.46.6.172  Running           [{Initialized True 0001-01-01 00:00:00 +0000 UTC 2018-09-17 07:05:44 +0000 UTC  } {Ready True 0001-01-01 00:00:00 +0000 UTC 2018-09-17 07:05:48 +0000 UTC  } {ContainersReady True 0001-01-01 00:00:00 +0000 UTC 0001-01-01 00:00:00 +0000 UTC  } {PodScheduled True 0001-01-01 00:00:00 +0000 UTC 2018-09-17 07:05:44 +0000 UTC  }]&#xA;Sep 19 07:40:00.425: INFO: k8s-proxy-10.46.6.173                                            10.46.6.173  Running           [{Initialized True 0001-01-01 00:00:00 +0000 UTC 2018-09-17 06:35:45 +0000 UTC  } {Ready True 0001-01-01 00:00:00 +0000 UTC 2018-09-17 06:35:50 +0000 UTC  } {ContainersReady True 0001-01-01 00:00:00 +0000 UTC 0001-01-01 00:00:00 +0000 UTC  } {PodScheduled True 0001-01-01 00:00:00 +0000 UTC 2018-09-17 06:35:45 +0000 UTC  }]&#xA;Sep 19 07:40:00.425: INFO: kube-dns-mwjc8                                                   10.46.6.173  Running           [{Initialized True 0001-01-01 00:00:00 +0000 UTC 2018-09-17 07:06:10 +0000 UTC  } {Ready True 0001-01-01 00:00:00 +0000 UTC 2018-09-17 07:06:18 +0000 UTC  } {ContainersReady True 0001-01-01 00:00:00 +0000 UTC 0001-01-01 00:00:00 +0000 UTC  } {PodScheduled True 0001-01-01 00:00:00 +0000 UTC 2018-09-17 07:06:10 +0000 UTC  }]&#xA;Sep 19 07:40:00.425: INFO: logging-elk-client-75d4d7994c-7g7fn                              10.46.6.171  Running           [{Initialized True 0001-01-01 00:00:00 +0000 UTC 2018-09-17 07:15:40 +0000 UTC  } {Ready True 0001-01-01 00:00:00 +0000 UTC 2018-09-17 07:16:22 +0000 UTC  } {ContainersReady True 0001-01-01 00:00:00 +0000 UTC 0001-01-01 00:00:00 +0000 UTC  } {PodScheduled True 0001-01-01 00:00:00 +0000 UTC 2018-09-17 07:15:20 +0000 UTC  }]&#xA;Sep 19 07:40:00.425: INFO: logging-elk-data-0                                               10.46.6.171  Running           [{Initialized True 0001-01-01 00:00:00 +0000 UTC 2018-09-17 07:15:47 +0000 UTC  } {Ready True 0001-01-01 00:00:00 +0000 UTC 2018-09-17 07:16:16 +0000 UTC  } {ContainersReady True 0001-01-01 00:00:00 +0000 UTC 0001-01-01 00:00:00 +0000 UTC  } {PodScheduled True 0001-01-01 00:00:00 +0000 UTC 2018-09-17 07:15:20 +0000 UTC  }]&#xA;Sep 19 07:40:00.425: INFO: logging-elk-elasticsearch-tls-init-6hnl4                         10.46.6.171  Succeeded         [{Initialized True 0001-01-01 00:00:00 +0000 UTC 2018-09-17 07:15:20 +0000 UTC PodCompleted } {Ready False 0001-01-01 00:00:00 +0000 UTC 2018-09-17 07:17:46 +0000 UTC PodCompleted } {ContainersReady False 0001-01-01 00:00:00 +0000 UTC 0001-01-01 00:00:00 +0000 UTC PodCompleted } {PodScheduled True 0001-01-01 00:00:00 +0000 UTC 2018-09-17 07:15:20 +0000 UTC  }]&#xA;Sep 19 07:40:00.425: INFO: logging-elk-filebeat-ds-bs86r                                    10.46.6.171  Running           [{Initialized True 0001-01-01 00:00:00 +0000 UTC 2018-09-17 07:15:20 +0000 UTC  } {Ready True 0001-01-01 00:00:00 +0000 UTC 2018-09-17 07:15:42 +0000 UTC  } {ContainersReady True 0001-01-01 00:00:00 +0000 UTC 0001-01-01 00:00:00 +0000 UTC  } {PodScheduled True 0001-01-01 00:00:00 +0000 UTC 2018-09-17 07:15:20 +0000 UTC  }]&#xA;Sep 19 07:40:00.425: INFO: logging-elk-filebeat-ds-jtd5q                                    10.46.6.170  Running           [{Initialized True 0001-01-01 00:00:00 +0000 UTC 2018-09-17 07:15:20 +0000 UTC  } {Ready True 0001-01-01 00:00:00 +0000 UTC 2018-09-17 07:15:37 +0000 UTC  } {ContainersReady True 0001-01-01 00:00:00 +0000 UTC 0001-01-01 00:00:00 +0000 UTC  } {PodScheduled True 0001-01-01 00:00:00 +0000 UTC 2018-09-17 07:15:20 +0000 UTC  }]&#xA;Sep 19 07:40:00.425: INFO: logging-elk-filebeat-ds-qf2vz                                    10.46.6.173  Running           [{Initialized True 0001-01-01 00:00:00 +0000 UTC 2018-09-17 07:15:20 +0000 UTC  } {Ready True 0001-01-01 00:00:00 +0000 UTC 2018-09-17 07:15:39 +0000 UTC  } {ContainersReady True 0001-01-01 00:00:00 +0000 UTC 0001-01-01 00:00:00 +0000 UTC  } {PodScheduled True 0001-01-01 00:00:00 +0000 UTC 2018-09-17 07:15:20 +0000 UTC  }]&#xA;Sep 19 07:40:00.425: INFO: logging-elk-filebeat-ds-vpk48                                    10.46.6.172  Running           [{Initialized True 0001-01-01 00:00:00 +0000 UTC 2018-09-17 07:15:20 +0000 UTC  } {Ready True 0001-01-01 00:00:00 +0000 UTC 2018-09-17 07:15:39 +0000 UTC  } {ContainersReady True 0001-01-01 00:00:00 +0000 UTC 0001-01-01 00:00:00 +0000 UTC  } {PodScheduled True 0001-01-01 00:00:00 +0000 UTC 2018-09-17 07:15:20 +0000 UTC  }]&#xA;Sep 19 07:40:00.425: INFO: logging-elk-kibana-ff4db4866-s2295                               10.46.6.171  Running           [{Initialized True 0001-01-01 00:00:00 +0000 UTC 2018-09-17 07:15:21 +0000 UTC  } {Ready True 0001-01-01 00:00:00 +0000 UTC 2018-09-17 07:15:45 +0000 UTC  } {ContainersReady True 0001-01-01 00:00:00 +0000 UTC 0001-01-01 00:00:00 +0000 UTC  } {PodScheduled True 0001-01-01 00:00:00 +0000 UTC 2018-09-17 07:15:21 +0000 UTC  }]&#xA;Sep 19 07:40:00.425: INFO: logging-elk-logstash-7994656f46-r89mt                            10.46.6.171  Running           [{Initialized True 0001-01-01 00:00:00 +0000 UTC 2018-09-17 07:15:22 +0000 UTC  } {Ready True 0001-01-01 00:00:00 +0000 UTC 2018-09-17 07:16:16 +0000 UTC  } {ContainersReady True 0001-01-01 00:00:00 +0000 UTC 0001-01-01 00:00:00 +0000 UTC  } {PodScheduled True 0001-01-01 00:00:00 +0000 UTC 2018-09-17 07:15:21 +0000 UTC  }]&#xA;Sep 19 07:40:00.425: INFO: logging-elk-master-6cdcf45f7d-gp28f                              10.46.6.171  Running           [{Initialized True 0001-01-01 00:00:00 +0000 UTC 2018-09-17 07:15:47 +0000 UTC  } {Ready True 0001-01-01 00:00:00 +0000 UTC 2018-09-17 07:16:16 +0000 UTC  } {ContainersReady True 0001-01-01 00:00:00 +0000 UTC 0001-01-01 00:00:00 +0000 UTC  } {PodScheduled True 0001-01-01 00:00:00 +0000 UTC 2018-09-17 07:15:21 +0000 UTC  }]&#xA;Sep 19 07:40:00.425: INFO: mariadb-0                                                        10.46.6.173  Running           [{Initialized True 0001-01-01 00:00:00 +0000 UTC 2018-09-17 07:08:38 +0000 UTC  } {Ready True 0001-01-01 00:00:00 +0000 UTC 2018-09-17 07:09:15 +0000 UTC  } {ContainersReady True 0001-01-01 00:00:00 +0000 UTC 0001-01-01 00:00:00 +0000 UTC  } {PodScheduled True 0001-01-01 00:00:00 +0000 UTC 2018-09-17 07:08:37 +0000 UTC  }]&#xA;Sep 19 07:40:00.425: INFO: metering-dm-8b475fc57-cmm6h                                      10.46.6.171  Running           [{Initialized True 0001-01-01 00:00:00 +0000 UTC 2018-09-17 07:14:20 +0000 UTC  } {Ready True 0001-01-01 00:00:00 +0000 UTC 2018-09-17 07:14:49 +0000 UTC  } {ContainersReady True 0001-01-01 00:00:00 +0000 UTC 0001-01-01 00:00:00 +0000 UTC  } {PodScheduled True 0001-01-01 00:00:00 +0000 UTC 2018-09-17 07:14:12 +0000 UTC  }]&#xA;Sep 19 07:40:00.425: INFO: metering-reader-44wd7                                            10.46.6.170  Running           [{Initialized True 0001-01-01 00:00:00 +0000 UTC 2018-09-17 07:14:20 +0000 UTC  } {Ready True 0001-01-01 00:00:00 +0000 UTC 2018-09-17 07:14:46 +0000 UTC  } {ContainersReady True 0001-01-01 00:00:00 +0000 UTC 0001-01-01 00:00:00 +0000 UTC  } {PodScheduled True 0001-01-01 00:00:00 +0000 UTC 2018-09-17 07:14:11 +0000 UTC  }]&#xA;Sep 19 07:40:00.425: INFO: metering-reader-gsrdg                                            10.46.6.172  Running           [{Initialized True 0001-01-01 00:00:00 +0000 UTC 2018-09-17 07:14:23 +0000 UTC  } {Ready True 0001-01-01 00:00:00 +0000 UTC 2018-09-17 07:14:52 +0000 UTC  } {ContainersReady True 0001-01-01 00:00:00 +0000 UTC 0001-01-01 00:00:00 +0000 UTC  } {PodScheduled True 0001-01-01 00:00:00 +0000 UTC 2018-09-17 07:14:11 +0000 UTC  }]&#xA;Sep 19 07:40:00.425: INFO: metering-reader-l7284                                            10.46.6.173  Running           [{Initialized True 0001-01-01 00:00:00 +0000 UTC 2018-09-17 07:14:24 +0000 UTC  } {Ready True 0001-01-01 00:00:00 +0000 UTC 2018-09-17 07:14:45 +0000 UTC  } {ContainersReady True 0001-01-01 00:00:00 +0000 UTC 0001-01-01 00:00:00 +0000 UTC  } {PodScheduled True 0001-01-01 00:00:00 +0000 UTC 2018-09-17 07:14:11 +0000 UTC  }]&#xA;Sep 19 07:40:00.425: INFO: metering-reader-xq8f2                                            10.46.6.171  Running           [{Initialized True 0001-01-01 00:00:00 +0000 UTC 2018-09-17 07:14:23 +0000 UTC  } {Ready True 0001-01-01 00:00:00 +0000 UTC 2018-09-17 07:14:55 +0000 UTC  } {ContainersReady True 0001-01-01 00:00:00 +0000 UTC 0001-01-01 00:00:00 +0000 UTC  } {PodScheduled True 0001-01-01 00:00:00 +0000 UTC 2018-09-17 07:14:11 +0000 UTC  }]&#xA;Sep 19 07:40:00.425: INFO: metering-ui-5bbfbb5d49-wkh8m                                     10.46.6.171  Running           [{Initialized True 0001-01-01 00:00:00 +0000 UTC 2018-09-17 07:14:22 +0000 UTC  } {Ready True 0001-01-01 00:00:00 +0000 UTC 2018-09-17 07:14:55 +0000 UTC  } {ContainersReady True 0001-01-01 00:00:00 +0000 UTC 0001-01-01 00:00:00 +0000 UTC  } {PodScheduled True 0001-01-01 00:00:00 +0000 UTC 2018-09-17 07:14:12 +0000 UTC  }]&#xA;Sep 19 07:40:00.425: INFO: metrics-server-6d6695f9db-8t4xs                                  10.46.6.171  Running           [{Initialized True 0001-01-01 00:00:00 +0000 UTC 2018-09-17 07:08:51 +0000 UTC  } {Ready True 0001-01-01 00:00:00 +0000 UTC 2018-09-17 07:08:55 +0000 UTC  } {ContainersReady True 0001-01-01 00:00:00 +0000 UTC 0001-01-01 00:00:00 +0000 UTC  } {PodScheduled True 0001-01-01 00:00:00 +0000 UTC 2018-09-17 07:08:51 +0000 UTC  }]&#xA;Sep 19 07:40:00.425: INFO: mgmt-repo-57dc689b74-tmp44                                       10.46.6.173  Running           [{Initialized True 0001-01-01 00:00:00 +0000 UTC 2018-09-17 07:18:10 +0000 UTC  } {Ready True 0001-01-01 00:00:00 +0000 UTC 2018-09-17 07:18:54 +0000 UTC  } {ContainersReady True 0001-01-01 00:00:00 +0000 UTC 0001-01-01 00:00:00 +0000 UTC  } {PodScheduled True 0001-01-01 00:00:00 +0000 UTC 2018-09-17 07:17:50 +0000 UTC  }]&#xA;Sep 19 07:40:00.425: INFO: monitoring-grafana-548b947c8c-dh89z                              10.46.6.171  Running           [{Initialized True 0001-01-01 00:00:00 +0000 UTC 2018-09-17 07:16:14 +0000 UTC  } {Ready True 0001-01-01 00:00:00 +0000 UTC 2018-09-17 07:16:59 +0000 UTC  } {ContainersReady True 0001-01-01 00:00:00 +0000 UTC 0001-01-01 00:00:00 +0000 UTC  } {PodScheduled True 0001-01-01 00:00:00 +0000 UTC 2018-09-17 07:15:46 +0000 UTC  }]&#xA;Sep 19 07:40:00.425: INFO: monitoring-prometheus-6677d7c77f-pnpt5                           10.46.6.171  Running           [{Initialized True 0001-01-01 00:00:00 +0000 UTC 2018-09-17 07:16:14 +0000 UTC  } {Ready True 0001-01-01 00:00:00 +0000 UTC 2018-09-17 07:17:03 +0000 UTC  } {ContainersReady True 0001-01-01 00:00:00 +0000 UTC 0001-01-01 00:00:00 +0000 UTC  } {PodScheduled True 0001-01-01 00:00:00 +0000 UTC 2018-09-17 07:15:45 +0000 UTC  }]&#xA;Sep 19 07:40:00.425: INFO: monitoring-prometheus-alertmanager-7d8749dbb8-xj68d              10.46.6.171  Running           [{Initialized True 0001-01-01 00:00:00 +0000 UTC 2018-09-17 07:15:46 +0000 UTC  } {Ready True 0001-01-01 00:00:00 +0000 UTC 2018-09-17 07:16:45 +0000 UTC  } {ContainersReady True 0001-01-01 00:00:00 +0000 UTC 0001-01-01 00:00:00 +0000 UTC  } {PodScheduled True 0001-01-01 00:00:00 +0000 UTC 2018-09-17 07:15:45 +0000 UTC  }]&#xA;Sep 19 07:40:00.425: INFO: monitoring-prometheus-collectdexporter-77575678dc-v8n2l          10.46.6.171  Running           [{Initialized True 0001-01-01 00:00:00 +0000 UTC 2018-09-17 07:15:46 +0000 UTC  } {Ready True 0001-01-01 00:00:00 +0000 UTC 2018-09-17 07:16:42 +0000 UTC  } {ContainersReady True 0001-01-01 00:00:00 +0000 UTC 0001-01-01 00:00:00 +0000 UTC  } {PodScheduled True 0001-01-01 00:00:00 +0000 UTC 2018-09-17 07:15:45 +0000 UTC  }]&#xA;Sep 19 07:40:00.425: INFO: monitoring-prometheus-elasticsearchexporter-655864cccb-c6tps     10.46.6.171  Running           [{Initialized True 0001-01-01 00:00:00 +0000 UTC 2018-09-17 07:15:46 +0000 UTC  } {Ready True 0001-01-01 00:00:00 +0000 UTC 2018-09-17 07:16:52 +0000 UTC  } {ContainersReady True 0001-01-01 00:00:00 +0000 UTC 0001-01-01 00:00:00 +0000 UTC  } {PodScheduled True 0001-01-01 00:00:00 +0000 UTC 2018-09-17 07:15:45 +0000 UTC  }]&#xA;Sep 19 07:40:00.425: INFO: monitoring-prometheus-kubestatemetrics-54dcbb6cfb-76zmm          10.46.6.171  Running           [{Initialized True 0001-01-01 00:00:00 +0000 UTC 2018-09-17 07:15:45 +0000 UTC  } {Ready True 0001-01-01 00:00:00 +0000 UTC 2018-09-17 07:16:34 +0000 UTC  } {ContainersReady True 0001-01-01 00:00:00 +0000 UTC 0001-01-01 00:00:00 +0000 UTC  } {PodScheduled True 0001-01-01 00:00:00 +0000 UTC 2018-09-17 07:15:45 +0000 UTC  }]&#xA;Sep 19 07:40:00.425: INFO: monitoring-prometheus-nodeexporter-9fnpb                         10.46.6.171  Running           [{Initialized True 0001-01-01 00:00:00 +0000 UTC 2018-09-17 07:15:44 +0000 UTC  } {Ready True 0001-01-01 00:00:00 +0000 UTC 2018-09-17 07:16:44 +0000 UTC  } {ContainersReady True 0001-01-01 00:00:00 +0000 UTC 0001-01-01 00:00:00 +0000 UTC  } {PodScheduled True 0001-01-01 00:00:00 +0000 UTC 2018-09-17 07:15:44 +0000 UTC  }]&#xA;Sep 19 07:40:00.425: INFO: monitoring-prometheus-nodeexporter-f84fv                         10.46.6.173  Running           [{Initialized True 0001-01-01 00:00:00 +0000 UTC 2018-09-17 07:15:45 +0000 UTC  } {Ready True 0001-01-01 00:00:00 +0000 UTC 2018-09-17 07:16:28 +0000 UTC  } {ContainersReady True 0001-01-01 00:00:00 +0000 UTC 0001-01-01 00:00:00 +0000 UTC  } {PodScheduled True 0001-01-01 00:00:00 +0000 UTC 2018-09-17 07:15:45 +0000 UTC  }]&#xA;Sep 19 07:40:00.425: INFO: monitoring-prometheus-nodeexporter-tpbc8                         10.46.6.170  Running           [{Initialized True 0001-01-01 00:00:00 +0000 UTC 2018-09-17 07:15:44 +0000 UTC  } {Ready True 0001-01-01 00:00:00 +0000 UTC 2018-09-17 07:16:27 +0000 UTC  } {ContainersReady True 0001-01-01 00:00:00 +0000 UTC 0001-01-01 00:00:00 +0000 UTC  } {PodScheduled True 0001-01-01 00:00:00 +0000 UTC 2018-09-17 07:15:44 +0000 UTC  }]&#xA;Sep 19 07:40:00.425: INFO: monitoring-prometheus-nodeexporter-v4l7d                         10.46.6.172  Running           [{Initialized True 0001-01-01 00:00:00 +0000 UTC 2018-09-17 07:15:44 +0000 UTC  } {Ready True 0001-01-01 00:00:00 +0000 UTC 2018-09-17 07:16:31 +0000 UTC  } {ContainersReady True 0001-01-01 00:00:00 +0000 UTC 0001-01-01 00:00:00 +0000 UTC  } {PodScheduled True 0001-01-01 00:00:00 +0000 UTC 2018-09-17 07:15:44 +0000 UTC  }]&#xA;Sep 19 07:40:00.425: INFO: my-ibm-open-liberty-ibm-7f7d9778d7-7t5jc                         10.46.6.170  Running           [{Initialized True 0001-01-01 00:00:00 +0000 UTC 2018-09-17 08:22:24 +0000 UTC  } {Ready True 0001-01-01 00:00:00 +0000 UTC 2018-09-17 08:23:21 +0000 UTC  } {ContainersReady True 0001-01-01 00:00:00 +0000 UTC 0001-01-01 00:00:00 +0000 UTC  } {PodScheduled True 0001-01-01 00:00:00 +0000 UTC 2018-09-17 08:22:24 +0000 UTC  }]&#xA;Sep 19 07:40:00.425: INFO: nginx-ingress-controller-h5z2v                                   10.46.6.173  Running           [{Initialized True 0001-01-01 00:00:00 +0000 UTC 2018-09-17 07:08:39 +0000 UTC  } {Ready True 0001-01-01 00:00:00 +0000 UTC 2018-09-17 07:08:54 +0000 UTC  } {ContainersReady True 0001-01-01 00:00:00 +0000 UTC 0001-01-01 00:00:00 +0000 UTC  } {PodScheduled True 0001-01-01 00:00:00 +0000 UTC 2018-09-17 07:08:28 +0000 UTC  }]&#xA;Sep 19 07:40:00.425: INFO: nvidia-device-plugin-9h2k4                                       10.46.6.170  Running           [{Initialized True 0001-01-01 00:00:00 +0000 UTC 2018-09-17 07:07:23 +0000 UTC  } {Ready True 0001-01-01 00:00:00 +0000 UTC 2018-09-17 07:07:24 +0000 UTC  } {ContainersReady True 0001-01-01 00:00:00 +0000 UTC 0001-01-01 00:00:00 +0000 UTC  } {PodScheduled True 0001-01-01 00:00:00 +0000 UTC 2018-09-17 07:07:17 +0000 UTC  }]&#xA;Sep 19 07:40:00.425: INFO: nvidia-device-plugin-nh54k                                       10.46.6.173  Running           [{Initialized True 0001-01-01 00:00:00 +0000 UTC 2018-09-17 07:07:29 +0000 UTC  } {Ready True 0001-01-01 00:00:00 +0000 UTC 2018-09-17 07:07:33 +0000 UTC  } {ContainersReady True 0001-01-01 00:00:00 +0000 UTC 0001-01-01 00:00:00 +0000 UTC  } {PodScheduled True 0001-01-01 00:00:00 +0000 UTC 2018-09-17 07:07:17 +0000 UTC  }]&#xA;Sep 19 07:40:00.425: INFO: nvidia-device-plugin-vh85n                                       10.46.6.171  Running           [{Initialized True 0001-01-01 00:00:00 +0000 UTC 2018-09-17 07:07:21 +0000 UTC  } {Ready True 0001-01-01 00:00:00 +0000 UTC 2018-09-17 07:07:23 +0000 UTC  } {ContainersReady True 0001-01-01 00:00:00 +0000 UTC 0001-01-01 00:00:00 +0000 UTC  } {PodScheduled True 0001-01-01 00:00:00 +0000 UTC 2018-09-17 07:07:17 +0000 UTC  }]&#xA;Sep 19 07:40:00.425: INFO: nvidia-device-plugin-w9jr8                                       10.46.6.172  Running           [{Initialized True 0001-01-01 00:00:00 +0000 UTC 2018-09-17 07:07:24 +0000 UTC  } {Ready True 0001-01-01 00:00:00 +0000 UTC 2018-09-17 07:07:26 +0000 UTC  } {ContainersReady True 0001-01-01 00:00:00 +0000 UTC 0001-01-01 00:00:00 +0000 UTC  } {PodScheduled True 0001-01-01 00:00:00 +0000 UTC 2018-09-17 07:07:17 +0000 UTC  }]&#xA;Sep 19 07:40:00.425: INFO: oidc-client-registration-szxrk                                   10.46.6.173  Succeeded         [{Initialized True 0001-01-01 00:00:00 +0000 UTC 2018-09-17 07:10:05 +0000 UTC PodCompleted } {Ready False 0001-01-01 00:00:00 +0000 UTC 2018-09-17 07:12:27 +0000 UTC PodCompleted } {ContainersReady False 0001-01-01 00:00:00 +0000 UTC 0001-01-01 00:00:00 +0000 UTC PodCompleted } {PodScheduled True 0001-01-01 00:00:00 +0000 UTC 2018-09-17 07:10:04 +0000 UTC  }]&#xA;Sep 19 07:40:00.425: INFO: platform-api-2fs4x                                               10.46.6.173  Running           [{Initialized True 0001-01-01 00:00:00 +0000 UTC 2018-09-17 07:08:45 +0000 UTC  } {Ready True 0001-01-01 00:00:00 +0000 UTC 2018-09-17 07:16:29 +0000 UTC  } {ContainersReady True 0001-01-01 00:00:00 +0000 UTC 0001-01-01 00:00:00 +0000 UTC  } {PodScheduled True 0001-01-01 00:00:00 +0000 UTC 2018-09-17 07:08:45 +0000 UTC  }]&#xA;Sep 19 07:40:00.425: INFO: platform-deploy-dbbks                                            10.46.6.173  Running           [{Initialized True 0001-01-01 00:00:00 +0000 UTC 2018-09-17 07:08:45 +0000 UTC  } {Ready True 0001-01-01 00:00:00 +0000 UTC 2018-09-17 07:08:57 +0000 UTC  } {ContainersReady True 0001-01-01 00:00:00 +0000 UTC 0001-01-01 00:00:00 +0000 UTC  } {PodScheduled True 0001-01-01 00:00:00 +0000 UTC 2018-09-17 07:08:45 +0000 UTC  }]&#xA;Sep 19 07:40:00.425: INFO: platform-ui-6fjgx                                                10.46.6.173  Running           [{Initialized True 0001-01-01 00:00:00 +0000 UTC 2018-09-17 07:14:34 +0000 UTC  } {Ready True 0001-01-01 00:00:00 +0000 UTC 2018-09-17 07:15:20 +0000 UTC  } {ContainersReady True 0001-01-01 00:00:00 +0000 UTC 0001-01-01 00:00:00 +0000 UTC  } {PodScheduled True 0001-01-01 00:00:00 +0000 UTC 2018-09-17 07:14:34 +0000 UTC  }]&#xA;Sep 19 07:40:00.425: INFO: secret-watcher-5f59fcbc69-pfnfk                                  10.46.6.173  Running           [{Initialized True 0001-01-01 00:00:00 +0000 UTC 2018-09-17 07:18:05 +0000 UTC  } {Ready True 0001-01-01 00:00:00 +0000 UTC 2018-09-17 07:18:30 +0000 UTC  } {ContainersReady True 0001-01-01 00:00:00 +0000 UTC 0001-01-01 00:00:00 +0000 UTC  } {PodScheduled True 0001-01-01 00:00:00 +0000 UTC 2018-09-17 07:18:04 +0000 UTC  }]&#xA;Sep 19 07:40:00.425: INFO: security-onboarding-tkf79                                        10.46.6.173  Succeeded         [{Initialized True 0001-01-01 00:00:00 +0000 UTC 2018-09-17 07:18:12 +0000 UTC PodCompleted } {Ready False 0001-01-01 00:00:00 +0000 UTC 2018-09-17 07:20:02 +0000 UTC PodCompleted } {ContainersReady False 0001-01-01 00:00:00 +0000 UTC 0001-01-01 00:00:00 +0000 UTC PodCompleted } {PodScheduled True 0001-01-01 00:00:00 +0000 UTC 2018-09-17 07:18:12 +0000 UTC  }]&#xA;Sep 19 07:40:00.426: INFO: service-catalog-apiserver-967x9                                  10.46.6.173  Running           [{Initialized True 0001-01-01 00:00:00 +0000 UTC 2018-09-17 07:08:20 +0000 UTC  } {Ready True 0001-01-01 00:00:00 +0000 UTC 2018-09-17 07:09:01 +0000 UTC  } {ContainersReady True 0001-01-01 00:00:00 +0000 UTC 0001-01-01 00:00:00 +0000 UTC  } {PodScheduled True 0001-01-01 00:00:00 +0000 UTC 2018-09-17 07:08:20 +0000 UTC  }]&#xA;Sep 19 07:40:00.426: INFO: service-catalog-controller-manager-5969cccf86-65phs              10.46.6.173  Running           [{Initialized True 0001-01-01 00:00:00 +0000 UTC 2018-09-17 07:08:21 +0000 UTC  } {Ready True 0001-01-01 00:00:00 +0000 UTC 2018-09-17 07:08:34 +0000 UTC  } {ContainersReady True 0001-01-01 00:00:00 +0000 UTC 0001-01-01 00:00:00 +0000 UTC  } {PodScheduled True 0001-01-01 00:00:00 +0000 UTC 2018-09-17 07:08:20 +0000 UTC  }]&#xA;Sep 19 07:40:00.426: INFO: tiller-deploy-6b58875cb-5l8kh                                    10.46.6.173  Running           [{Initialized True 0001-01-01 00:00:00 +0000 UTC 2018-09-17 07:05:28 +0000 UTC  } {Ready True 0001-01-01 00:00:00 +0000 UTC 2018-09-17 07:05:43 +0000 UTC  } {ContainersReady True 0001-01-01 00:00:00 +0000 UTC 0001-01-01 00:00:00 +0000 UTC  } {PodScheduled True 0001-01-01 00:00:00 +0000 UTC 2018-09-17 07:05:28 +0000 UTC  }]&#xA;Sep 19 07:40:00.426: INFO: unified-router-lkwnl                                             10.46.6.173  Running           [{Initialized True 0001-01-01 00:00:00 +0000 UTC 2018-09-17 07:15:31 +0000 UTC  } {Ready True 0001-01-01 00:00:00 +0000 UTC 2018-09-17 07:15:40 +0000 UTC  } {ContainersReady True 0001-01-01 00:00:00 +0000 UTC 0001-01-01 00:00:00 +0000 UTC  } {PodScheduled True 0001-01-01 00:00:00 +0000 UTC 2018-09-17 07:15:31 +0000 UTC  }]&#xA;Sep 19 07:40:00.426: INFO: vulnerability-advisor-compliance-annotator-d5659b9d9-kmn8q       10.46.6.172  Running           [{Initialized True 0001-01-01 00:00:00 +0000 UTC 2018-09-17 07:19:03 +0000 UTC  } {Ready True 0001-01-01 00:00:00 +0000 UTC 2018-09-17 07:21:08 +0000 UTC  } {ContainersReady True 0001-01-01 00:00:00 +0000 UTC 0001-01-01 00:00:00 +0000 UTC  } {PodScheduled True 0001-01-01 00:00:00 +0000 UTC 2018-09-17 07:19:03 +0000 UTC  }]&#xA;Sep 19 07:40:00.426: INFO: vulnerability-advisor-compliance-indexer-7cbdc64b57-47lmd        10.46.6.172  Running           [{Initialized True 0001-01-01 00:00:00 +0000 UTC 2018-09-17 07:19:07 +0000 UTC  } {Ready True 0001-01-01 00:00:00 +0000 UTC 2018-09-17 07:19:33 +0000 UTC  } {ContainersReady True 0001-01-01 00:00:00 +0000 UTC 0001-01-01 00:00:00 +0000 UTC  } {PodScheduled True 0001-01-01 00:00:00 +0000 UTC 2018-09-17 07:19:06 +0000 UTC  }]&#xA;Sep 19 07:40:00.426: INFO: vulnerability-advisor-config-parser-5d44b78fd5-z4k9t             10.46.6.172  Running           [{Initialized True 0001-01-01 00:00:00 +0000 UTC 2018-09-17 07:19:04 +0000 UTC  } {Ready True 0001-01-01 00:00:00 +0000 UTC 2018-09-17 07:21:09 +0000 UTC  } {ContainersReady True 0001-01-01 00:00:00 +0000 UTC 0001-01-01 00:00:00 +0000 UTC  } {PodScheduled True 0001-01-01 00:00:00 +0000 UTC 2018-09-17 07:19:03 +0000 UTC  }]&#xA;Sep 19 07:40:00.426: INFO: vulnerability-advisor-cos-indexer-57899b7dd6-7cpf8               10.46.6.172  Running           [{Initialized True 0001-01-01 00:00:00 +0000 UTC 2018-09-17 07:19:04 +0000 UTC  } {Ready True 0001-01-01 00:00:00 +0000 UTC 2018-09-19 07:20:04 +0000 UTC  } {ContainersReady True 0001-01-01 00:00:00 +0000 UTC 0001-01-01 00:00:00 +0000 UTC  } {PodScheduled True 0001-01-01 00:00:00 +0000 UTC 2018-09-17 07:19:04 +0000 UTC  }]&#xA;Sep 19 07:40:00.426: INFO: vulnerability-advisor-kafka-0                                    10.46.6.172  Running           [{Initialized True 0001-01-01 00:00:00 +0000 UTC 2018-09-17 07:19:13 +0000 UTC  } {Ready True 0001-01-01 00:00:00 +0000 UTC 2018-09-17 07:20:53 +0000 UTC  } {ContainersReady True 0001-01-01 00:00:00 +0000 UTC 0001-01-01 00:00:00 +0000 UTC  } {PodScheduled True 0001-01-01 00:00:00 +0000 UTC 2018-09-17 07:19:13 +0000 UTC  }]&#xA;Sep 19 07:40:00.426: INFO: vulnerability-advisor-live-crawler-84st2                         10.46.6.172  Running           [{Initialized True 0001-01-01 00:00:00 +0000 UTC 2018-09-17 07:19:03 +0000 UTC  } {Ready True 0001-01-01 00:00:00 +0000 UTC 2018-09-17 07:19:26 +0000 UTC  } {ContainersReady True 0001-01-01 00:00:00 +0000 UTC 0001-01-01 00:00:00 +0000 UTC  } {PodScheduled True 0001-01-01 00:00:00 +0000 UTC 2018-09-17 07:19:03 +0000 UTC  }]&#xA;Sep 19 07:40:00.426: INFO: vulnerability-advisor-live-crawler-ccxd7                         10.46.6.170  Running           [{Initialized True 0001-01-01 00:00:00 +0000 UTC 2018-09-17 07:19:03 +0000 UTC  } {Ready True 0001-01-01 00:00:00 +0000 UTC 2018-09-17 07:19:14 +0000 UTC  } {ContainersReady True 0001-01-01 00:00:00 +0000 UTC 0001-01-01 00:00:00 +0000 UTC  } {PodScheduled True 0001-01-01 00:00:00 +0000 UTC 2018-09-17 07:19:03 +0000 UTC  }]&#xA;Sep 19 07:40:00.426: INFO: vulnerability-advisor-live-crawler-p6khc                         10.46.6.173  Running           [{Initialized True 0001-01-01 00:00:00 +0000 UTC 2018-09-17 07:19:02 +0000 UTC  } {Ready True 0001-01-01 00:00:00 +0000 UTC 2018-09-17 07:19:22 +0000 UTC  } {ContainersReady True 0001-01-01 00:00:00 +0000 UTC 0001-01-01 00:00:00 +0000 UTC  } {PodScheduled True 0001-01-01 00:00:00 +0000 UTC 2018-09-17 07:19:02 +0000 UTC  }]&#xA;Sep 19 07:40:00.426: INFO: vulnerability-advisor-live-crawler-xxz8p                         10.46.6.171  Running           [{Initialized True 0001-01-01 00:00:00 +0000 UTC 2018-09-17 07:19:03 +0000 UTC  } {Ready True 0001-01-01 00:00:00 +0000 UTC 2018-09-17 07:19:18 +0000 UTC  } {ContainersReady True 0001-01-01 00:00:00 +0000 UTC 0001-01-01 00:00:00 +0000 UTC  } {PodScheduled True 0001-01-01 00:00:00 +0000 UTC 2018-09-17 07:19:03 +0000 UTC  }]&#xA;Sep 19 07:40:00.426: INFO: vulnerability-advisor-ma-file-annotator-6b95df8886-jtczz         10.46.6.172  Running           [{Initialized True 0001-01-01 00:00:00 +0000 UTC 2018-09-17 07:19:04 +0000 UTC  } {Ready True 0001-01-01 00:00:00 +0000 UTC 2018-09-17 07:23:32 +0000 UTC  } {ContainersReady True 0001-01-01 00:00:00 +0000 UTC 0001-01-01 00:00:00 +0000 UTC  } {PodScheduled True 0001-01-01 00:00:00 +0000 UTC 2018-09-17 07:19:04 +0000 UTC  }]&#xA;Sep 19 07:40:00.426: INFO: vulnerability-advisor-minio-0                                    10.46.6.172  Running           [{Initialized True 0001-01-01 00:00:00 +0000 UTC 2018-09-17 07:21:51 +0000 UTC  } {Ready True 0001-01-01 00:00:00 +0000 UTC 2018-09-17 07:21:54 +0000 UTC  } {ContainersReady True 0001-01-01 00:00:00 +0000 UTC 0001-01-01 00:00:00 +0000 UTC  } {PodScheduled True 0001-01-01 00:00:00 +0000 UTC 2018-09-17 07:19:15 +0000 UTC  }]&#xA;Sep 19 07:40:00.426: INFO: vulnerability-advisor-minio-cleaner-1537228740-55f4w             10.46.6.172  Succeeded         [{Initialized True 0001-01-01 00:00:00 +0000 UTC 2018-09-17 23:59:03 +0000 UTC PodCompleted } {Ready False 0001-01-01 00:00:00 +0000 UTC 2018-09-17 23:59:42 +0000 UTC PodCompleted } {ContainersReady False 0001-01-01 00:00:00 +0000 UTC 0001-01-01 00:00:00 +0000 UTC PodCompleted } {PodScheduled True 0001-01-01 00:00:00 +0000 UTC 2018-09-17 23:59:03 +0000 UTC  }]&#xA;Sep 19 07:40:00.426: INFO: vulnerability-advisor-minio-cleaner-1537315140-nqk7v             10.46.6.172  Succeeded         [{Initialized True 0001-01-01 00:00:00 +0000 UTC 2018-09-18 23:59:04 +0000 UTC PodCompleted } {Ready False 0001-01-01 00:00:00 +0000 UTC 2018-09-19 00:00:52 +0000 UTC PodCompleted } {ContainersReady False 0001-01-01 00:00:00 +0000 UTC 0001-01-01 00:00:00 +0000 UTC PodCompleted } {PodScheduled True 0001-01-01 00:00:00 +0000 UTC 2018-09-18 23:59:04 +0000 UTC  }]&#xA;Sep 19 07:40:00.426: INFO: vulnerability-advisor-notification-dispatcher-86f8bf4b4d-cfdzb   10.46.6.172  Running           [{Initialized True 0001-01-01 00:00:00 +0000 UTC 2018-09-17 07:19:04 +0000 UTC  } {Ready True 0001-01-01 00:00:00 +0000 UTC 2018-09-17 07:20:31 +0000 UTC  } {ContainersReady True 0001-01-01 00:00:00 +0000 UTC 0001-01-01 00:00:00 +0000 UTC  } {PodScheduled True 0001-01-01 00:00:00 +0000 UTC 2018-09-17 07:19:04 +0000 UTC  }]&#xA;Sep 19 07:40:00.426: INFO: vulnerability-advisor-password-annotator-79b5d794b5-wnwqn        10.46.6.172  Running           [{Initialized True 0001-01-01 00:00:00 +0000 UTC 2018-09-17 07:19:05 +0000 UTC  } {Ready True 0001-01-01 00:00:00 +0000 UTC 2018-09-17 07:20:29 +0000 UTC  } {ContainersReady True 0001-01-01 00:00:00 +0000 UTC 0001-01-01 00:00:00 +0000 UTC  } {PodScheduled True 0001-01-01 00:00:00 +0000 UTC 2018-09-17 07:19:04 +0000 UTC  }]&#xA;Sep 19 07:40:00.426: INFO: vulnerability-advisor-process-ma-annotator-58f47d5b5f-4wglg      10.46.6.172  Running           [{Initialized True 0001-01-01 00:00:00 +0000 UTC 2018-09-17 07:19:06 +0000 UTC  } {Ready True 0001-01-01 00:00:00 +0000 UTC 2018-09-17 07:20:56 +0000 UTC  } {ContainersReady True 0001-01-01 00:00:00 +0000 UTC 0001-01-01 00:00:00 +0000 UTC  } {PodScheduled True 0001-01-01 00:00:00 +0000 UTC 2018-09-17 07:19:05 +0000 UTC  }]&#xA;Sep 19 07:40:00.426: INFO: vulnerability-advisor-process-ma-annotator-58f47d5b5f-xbxrc      10.46.6.172  Running           [{Initialized True 0001-01-01 00:00:00 +0000 UTC 2018-09-17 07:19:06 +0000 UTC  } {Ready True 0001-01-01 00:00:00 +0000 UTC 2018-09-17 07:21:50 +0000 UTC  } {ContainersReady True 0001-01-01 00:00:00 +0000 UTC 0001-01-01 00:00:00 +0000 UTC  } {PodScheduled True 0001-01-01 00:00:00 +0000 UTC 2018-09-17 07:19:05 +0000 UTC  }]&#xA;Sep 19 07:40:00.426: INFO: vulnerability-advisor-process-ma-annotator-init-869545d547nn27w  10.46.6.172  Running           [{Initialized True 0001-01-01 00:00:00 +0000 UTC 2018-09-17 07:19:06 +0000 UTC  } {Ready True 0001-01-01 00:00:00 +0000 UTC 2018-09-17 07:19:42 +0000 UTC  } {ContainersReady True 0001-01-01 00:00:00 +0000 UTC 0001-01-01 00:00:00 +0000 UTC  } {PodScheduled True 0001-01-01 00:00:00 +0000 UTC 2018-09-17 07:19:05 +0000 UTC  }]&#xA;Sep 19 07:40:00.426: INFO: vulnerability-advisor-process-ma-crawler-24z6k                   10.46.6.172  Running           [{Initialized True 0001-01-01 00:00:00 +0000 UTC 2018-09-17 07:19:03 +0000 UTC  } {Ready True 0001-01-01 00:00:00 +0000 UTC 2018-09-17 07:19:32 +0000 UTC  } {ContainersReady True 0001-01-01 00:00:00 +0000 UTC 0001-01-01 00:00:00 +0000 UTC  } {PodScheduled True 0001-01-01 00:00:00 +0000 UTC 2018-09-17 07:19:03 +0000 UTC  }]&#xA;Sep 19 07:40:00.426: INFO: vulnerability-advisor-process-ma-crawler-5g4zk                   10.46.6.170  Running           [{Initialized True 0001-01-01 00:00:00 +0000 UTC 2018-09-17 07:19:03 +0000 UTC  } {Ready True 0001-01-01 00:00:00 +0000 UTC 2018-09-17 07:19:16 +0000 UTC  } {ContainersReady True 0001-01-01 00:00:00 +0000 UTC 0001-01-01 00:00:00 +0000 UTC  } {PodScheduled True 0001-01-01 00:00:00 +0000 UTC 2018-09-17 07:19:03 +0000 UTC  }]&#xA;Sep 19 07:40:00.426: INFO: vulnerability-advisor-process-ma-crawler-96728                   10.46.6.173  Running           [{Initialized True 0001-01-01 00:00:00 +0000 UTC 2018-09-17 07:19:03 +0000 UTC  } {Ready True 0001-01-01 00:00:00 +0000 UTC 2018-09-17 07:19:23 +0000 UTC  } {ContainersReady True 0001-01-01 00:00:00 +0000 UTC 0001-01-01 00:00:00 +0000 UTC  } {PodScheduled True 0001-01-01 00:00:00 +0000 UTC 2018-09-17 07:19:03 +0000 UTC  }]&#xA;Sep 19 07:40:00.426: INFO: vulnerability-advisor-process-ma-crawler-b7k2d                   10.46.6.171  Running           [{Initialized True 0001-01-01 00:00:00 +0000 UTC 2018-09-17 07:19:03 +0000 UTC  } {Ready True 0001-01-01 00:00:00 +0000 UTC 2018-09-17 07:19:13 +0000 UTC  } {ContainersReady True 0001-01-01 00:00:00 +0000 UTC 0001-01-01 00:00:00 +0000 UTC  } {PodScheduled True 0001-01-01 00:00:00 +0000 UTC 2018-09-17 07:19:03 +0000 UTC  }]&#xA;Sep 19 07:40:00.426: INFO: vulnerability-advisor-registry-crawler-6f9568677b-bfpm6          10.46.6.172  Running           [{Initialized True 0001-01-01 00:00:00 +0000 UTC 2018-09-17 07:19:08 +0000 UTC  } {Ready True 0001-01-01 00:00:00 +0000 UTC 2018-09-17 07:19:48 +0000 UTC  } {ContainersReady True 0001-01-01 00:00:00 +0000 UTC 0001-01-01 00:00:00 +0000 UTC  } {PodScheduled True 0001-01-01 00:00:00 +0000 UTC 2018-09-17 07:19:07 +0000 UTC  }]&#xA;Sep 19 07:40:00.426: INFO: vulnerability-advisor-rootkit-annotator-74cb65b5cf-2dk5j         10.46.6.172  Running           [{Initialized True 0001-01-01 00:00:00 +0000 UTC 2018-09-17 07:19:08 +0000 UTC  } {Ready True 0001-01-01 00:00:00 +0000 UTC 2018-09-17 07:20:26 +0000 UTC  } {ContainersReady True 0001-01-01 00:00:00 +0000 UTC 0001-01-01 00:00:00 +0000 UTC  } {PodScheduled True 0001-01-01 00:00:00 +0000 UTC 2018-09-17 07:19:07 +0000 UTC  }]&#xA;Sep 19 07:40:00.426: INFO: vulnerability-advisor-rootkit-indexer-cd8b4646b-xlhwq            10.46.6.172  Running           [{Initialized True 0001-01-01 00:00:00 +0000 UTC 2018-09-17 07:19:07 +0000 UTC  } {Ready True 0001-01-01 00:00:00 +0000 UTC 2018-09-17 07:19:26 +0000 UTC  } {ContainersReady True 0001-01-01 00:00:00 +0000 UTC 0001-01-01 00:00:00 +0000 UTC  } {PodScheduled True 0001-01-01 00:00:00 +0000 UTC 2018-09-17 07:19:06 +0000 UTC  }]&#xA;Sep 19 07:40:00.426: INFO: vulnerability-advisor-sas-apiserver-5fd8d44bc9-7bvkn             10.46.6.172  Running           [{Initialized True 0001-01-01 00:00:00 +0000 UTC 2018-09-17 07:19:09 +0000 UTC  } {Ready True 0001-01-01 00:00:00 +0000 UTC 2018-09-17 07:20:03 +0000 UTC  } {ContainersReady True 0001-01-01 00:00:00 +0000 UTC 0001-01-01 00:00:00 +0000 UTC  } {PodScheduled True 0001-01-01 00:00:00 +0000 UTC 2018-09-17 07:19:08 +0000 UTC  }]&#xA;Sep 19 07:40:00.426: INFO: vulnerability-advisor-sas-mgmt-64fb95bc44-j9vjc                  10.46.6.172  Running           [{Initialized True 0001-01-01 00:00:00 +0000 UTC 2018-09-17 07:19:08 +0000 UTC  } {Ready True 0001-01-01 00:00:00 +0000 UTC 2018-09-17 07:19:39 +0000 UTC  } {ContainersReady True 0001-01-01 00:00:00 +0000 UTC 0001-01-01 00:00:00 +0000 UTC  } {PodScheduled True 0001-01-01 00:00:00 +0000 UTC 2018-09-17 07:19:08 +0000 UTC  }]&#xA;Sep 19 07:40:00.426: INFO: vulnerability-advisor-secconfig-annotator-7dbcf5d9f4-fkmkb       10.46.6.172  Running           [{Initialized True 0001-01-01 00:00:00 +0000 UTC 2018-09-17 07:19:10 +0000 UTC  } {Ready True 0001-01-01 00:00:00 +0000 UTC 2018-09-17 07:19:45 +0000 UTC  } {ContainersReady True 0001-01-01 00:00:00 +0000 UTC 0001-01-01 00:00:00 +0000 UTC  } {PodScheduled True 0001-01-01 00:00:00 +0000 UTC 2018-09-17 07:19:08 +0000 UTC  }]&#xA;Sep 19 07:40:00.426: INFO: vulnerability-advisor-secconfig-indexer-674647df7c-qq5ff         10.46.6.172  Running           [{Initialized True 0001-01-01 00:00:00 +0000 UTC 2018-09-17 07:19:07 +0000 UTC  } {Ready True 0001-01-01 00:00:00 +0000 UTC 2018-09-17 07:19:33 +0000 UTC  } {ContainersReady True 0001-01-01 00:00:00 +0000 UTC 0001-01-01 00:00:00 +0000 UTC  } {PodScheduled True 0001-01-01 00:00:00 +0000 UTC 2018-09-17 07:19:06 +0000 UTC  }]&#xA;Sep 19 07:40:00.426: INFO: vulnerability-advisor-statsd-7746859df4-jjm6f                    10.46.6.172  Running           [{Initialized True 0001-01-01 00:00:00 +0000 UTC 2018-09-17 07:19:10 +0000 UTC  } {Ready True 0001-01-01 00:00:00 +0000 UTC 2018-09-17 07:19:38 +0000 UTC  } {ContainersReady True 0001-01-01 00:00:00 +0000 UTC 0001-01-01 00:00:00 +0000 UTC  } {PodScheduled True 0001-01-01 00:00:00 +0000 UTC 2018-09-17 07:19:09 +0000 UTC  }]&#xA;Sep 19 07:40:00.426: INFO: vulnerability-advisor-usncrawler-8h976                           10.46.6.172  Succeeded         [{Initialized True 0001-01-01 00:00:00 +0000 UTC 2018-09-17 07:19:11 +0000 UTC PodCompleted } {Ready False 0001-01-01 00:00:00 +0000 UTC 2018-09-17 07:24:06 +0000 UTC PodCompleted } {ContainersReady False 0001-01-01 00:00:00 +0000 UTC 0001-01-01 00:00:00 +0000 UTC PodCompleted } {PodScheduled True 0001-01-01 00:00:00 +0000 UTC 2018-09-17 07:19:11 +0000 UTC  }]&#xA;Sep 19 07:40:00.426: INFO: vulnerability-advisor-vulnerability-annotator-bcbf5595f-hxwst    10.46.6.172  Running           [{Initialized True 0001-01-01 00:00:00 +0000 UTC 2018-09-17 07:19:10 +0000 UTC  } {Ready True 0001-01-01 00:00:00 +0000 UTC 2018-09-17 07:20:29 +0000 UTC  } {ContainersReady True 0001-01-01 00:00:00 +0000 UTC 0001-01-01 00:00:00 +0000 UTC  } {PodScheduled True 0001-01-01 00:00:00 +0000 UTC 2018-09-17 07:19:09 +0000 UTC  }]&#xA;Sep 19 07:40:00.426: INFO: vulnerability-advisor-vulnerability-indexer-7c79b4c964-2n8cg     10.46.6.172  Running           [{Initialized True 0001-01-01 00:00:00 +0000 UTC 2018-09-17 07:19:07 +0000 UTC  } {Ready True 0001-01-01 00:00:00 +0000 UTC 2018-09-17 07:19:37 +0000 UTC  } {ContainersReady True 0001-01-01 00:00:00 +0000 UTC 0001-01-01 00:00:00 +0000 UTC  } {PodScheduled True 0001-01-01 00:00:00 +0000 UTC 2018-09-17 07:19:06 +0000 UTC  }]&#xA;Sep 19 07:40:00.426: INFO: vulnerability-advisor-zookeeper-0                                10.46.6.172  Running           [{Initialized True 0001-01-01 00:00:00 +0000 UTC 2018-09-17 07:19:15 +0000 UTC  } {Ready True 0001-01-01 00:00:00 +0000 UTC 2018-09-17 07:20:10 +0000 UTC  } {ContainersReady True 0001-01-01 00:00:00 +0000 UTC 0001-01-01 00:00:00 +0000 UTC  } {PodScheduled True 0001-01-01 00:00:00 +0000 UTC 2018-09-17 07:19:14 +0000 UTC  }]&#xA;Sep 19 07:40:00.426: INFO: &#xA;Sep 19 07:40:00.432: INFO: &#xA;Logging node info for node 10.46.6.170&#xA;Sep 19 07:40:00.436: INFO: Node Info: &amp;Node{ObjectMeta:k8s_io_apimachinery_pkg_apis_meta_v1.ObjectMeta{Name:10.46.6.170,GenerateName:,Namespace:,SelfLink:/api/v1/nodes/10.46.6.170,UID:0c4508eb-ba48-11e8-b20e-fa163e707b2e,ResourceVersion:457622,Generation:0,CreationTimestamp:2018-09-17 07:05:24 +0000 UTC,DeletionTimestamp:&lt;nil&gt;,DeletionGracePeriodSeconds:nil,Labels:map[string]string{beta.kubernetes.io/arch: amd64,beta.kubernetes.io/os: linux,kubernetes.io/hostname: 10.46.6.170,node-role.kubernetes.io/worker: true,},Annotations:map[string]string{node.alpha.kubernetes.io/ttl: 0,volumes.kubernetes.io/controller-managed-attach-detach: true,},OwnerReferences:[],Finalizers:[],ClusterName:,Initializers:nil,},Spec:NodeSpec{PodCIDR:,DoNotUse_ExternalID:,ProviderID:,Unschedulable:false,Taints:[],ConfigSource:nil,},Status:NodeStatus{Capacity:ResourceList{cpu: {{8 0} {&lt;nil&gt;} 8 DecimalSI},ephemeral-storage: {{107362627584 0} {&lt;nil&gt;} 104846316Ki BinarySI},hugepages-1Gi: {{0 0} {&lt;nil&gt;} 0 DecimalSI},hugepages-2Mi: {{0 0} {&lt;nil&gt;} 0 DecimalSI},memory: {{16825630720 0} {&lt;nil&gt;}  BinarySI},pods: {{80 0} {&lt;nil&gt;} 80 DecimalSI},},Allocatable:ResourceList{cpu: {{8 0} {&lt;nil&gt;} 8 DecimalSI},ephemeral-storage: {{96626364666 0} {&lt;nil&gt;} 96626364666 DecimalSI},hugepages-1Gi: {{0 0} {&lt;nil&gt;} 0 DecimalSI},hugepages-2Mi: {{0 0} {&lt;nil&gt;} 0 DecimalSI},memory: {{16720773120 0} {&lt;nil&gt;}  BinarySI},pods: {{80 0} {&lt;nil&gt;} 80 DecimalSI},},Phase:,Conditions:[{OutOfDisk False 2018-09-19 07:39:59 +0000 UTC 2018-09-17 07:05:24 +0000 UTC KubeletHasSufficientDisk kubelet has sufficient disk space available} {MemoryPressure False 2018-09-19 07:39:59 +0000 UTC 2018-09-17 07:05:24 +0000 UTC KubeletHasSufficientMemory kubelet has sufficient memory available} {DiskPressure False 2018-09-19 07:39:59 +0000 UTC 2018-09-17 07:05:24 +0000 UTC KubeletHasNoDiskPressure kubelet has no disk pressure} {PIDPressure False 2018-09-19 07:39:59 +0000 UTC 2018-09-17 07:05:24 +0000 UTC KubeletHasSufficientPID kubelet has sufficient PID available} {Ready True 2018-09-19 07:39:59 +0000 UTC 2018-09-17 07:06:04 +0000 UTC KubeletReady kubelet is posting ready status}],Addresses:[{InternalIP 10.46.6.170} {Hostname 10.46.6.170}],DaemonEndpoints:NodeDaemonEndpoints{KubeletEndpoint:DaemonEndpoint{Port:10250,},},NodeInfo:NodeSystemInfo{MachineID:52ca0d2c3fb341c79b059a96d10571a6,SystemUUID:B2A91A2D-0576-4E7B-AEBA-AE95FFDDF786,BootID:ae0d54c3-4892-49fd-b5c7-ca2077060a4b,KernelVersion:3.10.0-862.9.1.el7.x86_64,OSImage:Red Hat Enterprise Linux,ContainerRuntimeVersion:docker://18.3.1,KubeletVersion:v1.11.1+icp-ee,KubeProxyVersion:v1.11.1+icp-ee,OperatingSystem:linux,Architecture:amd64,},Images:[{[lzj.icp:8500/ibmcom/live-crawler@sha256:1a648615e7b439f093697f65350262823e6c711c4b21ea81596ced1c28a48133 lzj.icp:8500/ibmcom/live-crawler:1.3.1] 987515538} {[lzj.icp:8500/ibmcom/hyperkube@sha256:9fbddbf2d04354912c8a981395493d250474cb9fa587fa91119e69467078b180 lzj.icp:8500/ibmcom/hyperkube:v1.11.1-ee] 782626408} {[gcr.io/heptio-images/kube-conformance@sha256:5482c7f5f7b874c5c6caec6ddef5406f19a52a2c3a36897cadf0a8f78ab57982 gcr.io/heptio-images/kube-conformance:latest] 532182058} {[open-liberty@sha256:e962af00796d50687a4ac71d5e8ab046696c314b4a84617b0d216b671519df31 open-liberty:latest] 500884023} {[lzj.icp:8500/ibmcom/icp-filebeat@sha256:72669dde64d7ab85bbb9e93428efe548b2693a4eae5168a4705f6e30cd20e584 lzj.icp:8500/ibmcom/icp-filebeat:5.5.1] 317104874} {[lzj.icp:8500/ibmcom/fluentd@sha256:f85a5ffd86438f1a73d04caf6e33ef3474675d9fa0947431f4d0a9602fc981af lzj.icp:8500/ibmcom/fluentd:v1.2.2-icp] 270902701} {[lzj.icp:8500/ibmcom/calico-node@sha256:85a23d8030137d49663d3d82844a61998331606de9fc523dfdd0a75be7fb9828 lzj.icp:8500/ibmcom/calico-node:v3.1.3] 248202699} {[gcr.io/kubernetes-e2e-test-images/jessie-dnsutils-amd64@sha256:9e842e2f77073ec30e2349f9082ec35357a3bf61e12488adc677144295e68c38 gcr.io/kubernetes-e2e-test-images/jessie-dnsutils-amd64:1.0] 195659796} {[lzj.icp:8500/ibmcom/nvidia-device-plugin@sha256:2d57caa41994d1e0b3d952526a651f8da487e068874d1075f915fa48ad969ba6 lzj.icp:8500/ibmcom/nvidia-device-plugin:1.0] 132413452} {[lzj.icp:8500/ibmcom/metering-data-manager@sha256:97803f4458c6f6ca62076cf6958cb8ab98cf9ffed7cd4977550eeaa6db8ead70 lzj.icp:8500/ibmcom/metering-data-manager:3.1.0] 121942877} {[lzj.icp:8500/ibmcom/icp-management-ingress@sha256:259a9d288f5ee4f169c618b6d870b5ae38b954a3bf69f3f392523b1aaa9f4001 lzj.icp:8500/ibmcom/icp-management-ingress:2.2.1] 80410712} {[lzj.icp:8500/ibmcom/calico-cni@sha256:b56c2d3e62bd02f15dd5ec335c25ac81bb39d214e904525227640790686855d7 lzj.icp:8500/ibmcom/calico-cni:v3.1.3] 68849270} {[gcr.io/heptio-images/sonobuoy@sha256:165df6f635ddd0088ed6686e07ffb47f8dd17fdba153f61dbec9aa80c0d2e0b8 gcr.io/heptio-images/sonobuoy:latest gcr.io/heptio-images/sonobuoy:v0.11.6] 33401240} {[gcr.io/kubernetes-e2e-test-images/nettest-amd64@sha256:f2d3eba3ae2043c51389935be4bf41b2b0e60fd7220b9ba9cbc51eceaa74b2b4 gcr.io/kubernetes-e2e-test-images/nettest-amd64:1.0] 27413498} {[lzj.icp:8500/ibmcom/node-exporter@sha256:b24db452b1a0bf46abba095162d0fbc89ea40eeabbfe43ae01dab54107ecff0e lzj.icp:8500/ibmcom/node-exporter:v0.16.0] 22915749} {[gcr.io/kubernetes-e2e-test-images/dnsutils-amd64@sha256:f8eca5c0c2e18b7ee6df876e5587c5885d13c59cb453d93bf51628daf656e4b5 gcr.io/kubernetes-e2e-test-images/dnsutils-amd64:1.0] 9030162} {[gcr.io/kubernetes-e2e-test-images/hostexec-amd64@sha256:e1dadb772c6132e3587fc41b8c07facd81ee7c4e74508891b5d98d45b85462e9 gcr.io/kubernetes-e2e-test-images/hostexec-amd64:1.1] 8490662} {[gcr.io/kubernetes-e2e-test-images/netexec-amd64@sha256:da1c165175d5589ed70384e406a0291b6f76d53fc99e2c31ae23003e11e5bfde gcr.io/kubernetes-e2e-test-images/netexec-amd64:1.0] 6713741} {[gcr.io/kubernetes-e2e-test-images/serve-hostname-amd64@sha256:2dd4032e98a0450d95a0ac71a5e465f542a900812d8c41bc6ca635aed1a5fc91 gcr.io/kubernetes-e2e-test-images/serve-hostname-amd64:1.0] 5470001} {[gcr.io/kubernetes-e2e-test-images/test-webserver-amd64@sha256:8da73e44d6870f86e0e6a87b2e07829470465afbb6febeb900296d99510789ce gcr.io/kubernetes-e2e-test-images/test-webserver-amd64:1.0] 4732240} {[gcr.io/kubernetes-e2e-test-images/mounttest-amd64@sha256:e3e75014e6df02dc21e6fb95f93b989a2ff8a91f36ae88d74eccbabaa21fc211 gcr.io/kubernetes-e2e-test-images/mounttest-amd64:1.0] 1563521} {[gcr.io/kubernetes-e2e-test-images/mounttest-user-amd64@sha256:1ac490f1442cad4b1c886527470393c71302cc62f5e3304fb08854403cbc68dc gcr.io/kubernetes-e2e-test-images/mounttest-user-amd64:1.0] 1450451} {[busybox@sha256:cb63aa0641a885f54de20f61d152187419e8f6b159ed11a251a09d115fdff9bd busybox:latest] 1162769} {[lzj.icp:8500/ibmcom/pause@sha256:8a18035491d4fbbe481be5eac11819315ec94677ab465608d052d87b3cdcff7f lzj.icp:8500/ibmcom/pause:3.1] 742472}],VolumesInUse:[],VolumesAttached:[],Config:&amp;NodeConfigStatus{Assigned:nil,Active:nil,LastKnownGood:nil,Error:,},},}&#xA;Sep 19 07:40:00.437: INFO: &#xA;Logging kubelet events for node 10.46.6.170&#xA;Sep 19 07:40:00.441: INFO: &#xA;Logging pods the kubelet thinks is on node 10.46.6.170&#xA;Sep 19 07:40:00.453: INFO: metering-reader-44wd7 started at 2018-09-17 07:14:11 +0000 UTC (1+1 container statuses recorded)&#xA;Sep 19 07:40:00.453: INFO: &#x9;Init container metering-reader-init ready: true, restart count 1&#xA;Sep 19 07:40:00.453: INFO: &#x9;Container metering-reader ready: true, restart count 0&#xA;Sep 19 07:40:00.453: INFO: vulnerability-advisor-live-crawler-ccxd7 started at 2018-09-17 07:19:03 +0000 UTC (0+1 container statuses recorded)&#xA;Sep 19 07:40:00.453: INFO: &#x9;Container live-crawler ready: true, restart count 0&#xA;Sep 19 07:40:00.453: INFO: sonobuoy-e2e-job-c3f9b53ea97c48a2 started at 2018-09-19 07:22:08 +0000 UTC (0+2 container statuses recorded)&#xA;Sep 19 07:40:00.453: INFO: &#x9;Container e2e ready: true, restart count 0&#xA;Sep 19 07:40:00.453: INFO: &#x9;Container sonobuoy-worker ready: true, restart count 0&#xA;Sep 19 07:40:00.453: INFO: nvidia-device-plugin-9h2k4 started at 2018-09-17 07:07:17 +0000 UTC (1+1 container statuses recorded)&#xA;Sep 19 07:40:00.453: INFO: &#x9;Init container nvidia-driver-collector ready: true, restart count 0&#xA;Sep 19 07:40:00.453: INFO: &#x9;Container nvidia-device-plugin ready: true, restart count 0&#xA;Sep 19 07:40:00.453: INFO: audit-logging-fluentd-ds-4cgnk started at 2018-09-17 07:18:46 +0000 UTC (0+1 container statuses recorded)&#xA;Sep 19 07:40:00.453: INFO: &#x9;Container fluentd ready: true, restart count 0&#xA;Sep 19 07:40:00.453: INFO: vulnerability-advisor-process-ma-crawler-5g4zk started at 2018-09-17 07:19:03 +0000 UTC (0+1 container statuses recorded)&#xA;Sep 19 07:40:00.453: INFO: &#x9;Container process-ma-crawler ready: true, restart count 0&#xA;Sep 19 07:40:00.453: INFO: my-ibm-open-liberty-ibm-7f7d9778d7-7t5jc started at 2018-09-17 08:22:24 +0000 UTC (0+1 container statuses recorded)&#xA;Sep 19 07:40:00.453: INFO: &#x9;Container ibm-open-liberty ready: true, restart count 0&#xA;Sep 19 07:40:00.454: INFO: monitoring-prometheus-nodeexporter-tpbc8 started at 2018-09-17 07:15:44 +0000 UTC (0+2 container statuses recorded)&#xA;Sep 19 07:40:00.454: INFO: &#x9;Container nodeexporter ready: true, restart count 0&#xA;Sep 19 07:40:00.454: INFO: &#x9;Container router ready: true, restart count 0&#xA;Sep 19 07:40:00.454: INFO: calico-node-htf97 started at 2018-09-17 07:05:53 +0000 UTC (0+2 container statuses recorded)&#xA;Sep 19 07:40:00.454: INFO: &#x9;Container calico-node ready: true, restart count 0&#xA;Sep 19 07:40:00.454: INFO: &#x9;Container install-cni ready: true, restart count 0&#xA;Sep 19 07:40:00.454: INFO: k8s-proxy-10.46.6.170 started at &lt;nil&gt; (0+0 container statuses recorded)&#xA;Sep 19 07:40:00.454: INFO: sonobuoy started at 2018-09-19 07:22:02 +0000 UTC (0+1 container statuses recorded)&#xA;Sep 19 07:40:00.454: INFO: &#x9;Container kube-sonobuoy ready: true, restart count 0&#xA;Sep 19 07:40:00.454: INFO: logging-elk-filebeat-ds-jtd5q started at 2018-09-17 07:15:20 +0000 UTC (0+1 container statuses recorded)&#xA;Sep 19 07:40:00.454: INFO: &#x9;Container filebeat ready: true, restart count 0&#xA;Sep 19 07:40:00.506: INFO: &#xA;Latency metrics for node 10.46.6.170&#xA;Sep 19 07:40:00.506: INFO: &#xA;Logging node info for node 10.46.6.171&#xA;Sep 19 07:40:00.509: INFO: Node Info: &amp;Node{ObjectMeta:k8s_io_apimachinery_pkg_apis_meta_v1.ObjectMeta{Name:10.46.6.171,GenerateName:,Namespace:,SelfLink:/api/v1/nodes/10.46.6.171,UID:0c79152a-ba48-11e8-b20e-fa163e707b2e,ResourceVersion:457614,Generation:0,CreationTimestamp:2018-09-17 07:05:24 +0000 UTC,DeletionTimestamp:&lt;nil&gt;,DeletionGracePeriodSeconds:nil,Labels:map[string]string{beta.kubernetes.io/arch: amd64,beta.kubernetes.io/os: linux,kubernetes.io/hostname: 10.46.6.171,management: true,node-role.kubernetes.io/management: true,},Annotations:map[string]string{node.alpha.kubernetes.io/ttl: 0,volumes.kubernetes.io/controller-managed-attach-detach: true,},OwnerReferences:[],Finalizers:[],ClusterName:,Initializers:nil,},Spec:NodeSpec{PodCIDR:,DoNotUse_ExternalID:,ProviderID:,Unschedulable:false,Taints:[{dedicated management NoSchedule &lt;nil&gt;}],ConfigSource:nil,},Status:NodeStatus{Capacity:ResourceList{cpu: {{8 0} {&lt;nil&gt;} 8 DecimalSI},ephemeral-storage: {{107362627584 0} {&lt;nil&gt;} 104846316Ki BinarySI},hugepages-1Gi: {{0 0} {&lt;nil&gt;} 0 DecimalSI},hugepages-2Mi: {{0 0} {&lt;nil&gt;} 0 DecimalSI},memory: {{16825630720 0} {&lt;nil&gt;}  BinarySI},pods: {{80 0} {&lt;nil&gt;} 80 DecimalSI},},Allocatable:ResourceList{cpu: {{8 0} {&lt;nil&gt;} 8 DecimalSI},ephemeral-storage: {{107257769984 0} {&lt;nil&gt;} 104743916Ki BinarySI},hugepages-1Gi: {{0 0} {&lt;nil&gt;} 0 DecimalSI},hugepages-2Mi: {{0 0} {&lt;nil&gt;} 0 DecimalSI},memory: {{16720773120 0} {&lt;nil&gt;}  BinarySI},pods: {{80 0} {&lt;nil&gt;} 80 DecimalSI},},Phase:,Conditions:[{OutOfDisk False 2018-09-19 07:39:56 +0000 UTC 2018-09-17 07:05:24 +0000 UTC KubeletHasSufficientDisk kubelet has sufficient disk space available} {MemoryPressure False 2018-09-19 07:39:56 +0000 UTC 2018-09-17 07:05:24 +0000 UTC KubeletHasSufficientMemory kubelet has sufficient memory available} {DiskPressure False 2018-09-19 07:39:56 +0000 UTC 2018-09-17 07:05:24 +0000 UTC KubeletHasNoDiskPressure kubelet has no disk pressure} {PIDPressure False 2018-09-19 07:39:56 +0000 UTC 2018-09-17 07:05:24 +0000 UTC KubeletHasSufficientPID kubelet has sufficient PID available} {Ready True 2018-09-19 07:39:56 +0000 UTC 2018-09-17 07:06:05 +0000 UTC KubeletReady kubelet is posting ready status}],Addresses:[{InternalIP 10.46.6.171} {Hostname 10.46.6.171}],DaemonEndpoints:NodeDaemonEndpoints{KubeletEndpoint:DaemonEndpoint{Port:10250,},},NodeInfo:NodeSystemInfo{MachineID:52ca0d2c3fb341c79b059a96d10571a6,SystemUUID:00401CD1-AB88-4341-9CDC-C9648BFB2B56,BootID:706dbc67-f432-47c3-840e-f599801336c8,KernelVersion:3.10.0-862.9.1.el7.x86_64,OSImage:Red Hat Enterprise Linux,ContainerRuntimeVersion:docker://18.3.1,KubeletVersion:v1.11.1+icp-ee,KubeProxyVersion:v1.11.1+icp-ee,OperatingSystem:linux,Architecture:amd64,},Images:[{[lzj.icp:8500/ibmcom/live-crawler@sha256:1a648615e7b439f093697f65350262823e6c711c4b21ea81596ced1c28a48133 lzj.icp:8500/ibmcom/live-crawler:1.3.1] 987515538} {[lzj.icp:8500/ibmcom/hyperkube@sha256:9fbddbf2d04354912c8a981395493d250474cb9fa587fa91119e69467078b180 lzj.icp:8500/ibmcom/hyperkube:v1.11.1-ee] 782626408} {[lzj.icp:8500/ibmcom/icp-logstash@sha256:a182a00827aefe7f5f95b18fa1ec8f6897989290b37f3d98bd6440ddda796433 lzj.icp:8500/ibmcom/icp-logstash:5.5.1] 764906887} {[lzj.icp:8500/ibmcom/icp-kibana@sha256:6e2746da64a64f98c5761b87d5e185a9c2ac75c9c4e767ab284062b1847b7571 lzj.icp:8500/ibmcom/icp-kibana:5.5.1] 639622018} {[lzj.icp:8500/ibmcom/icp-elasticsearch@sha256:b410aacb6005fe24bfd87b045ea26fde3d6eb3ca52c3f0e4560cdc208944ba50 lzj.icp:8500/ibmcom/icp-elasticsearch:5.5.1] 520121248} {[lzj.icp:8500/ibmcom/logging-pki-init@sha256:21aa9cbd05a849b4891b15cf636f73545f6001f16c82f8eeed2e90b4f9312377 lzj.icp:8500/ibmcom/logging-pki-init:2.0.0] 501921135} {[lzj.icp:8500/ibmcom/searchguard-init@sha256:3d0d8a8404a9df5ad238bce1e0542cdda609cc445dfc3964952243d9fc103276 lzj.icp:8500/ibmcom/searchguard-init:2.0.0] 457030441} {[lzj.icp:8500/ibmcom/metering-ui@sha256:d6453f9afecc9b1fc778c195e20bbb39d4ef6262af2f7a9a5ce3cddc259fec99 lzj.icp:8500/ibmcom/metering-ui:3.1.0] 385577105} {[lzj.icp:8500/ibmcom/icp-filebeat@sha256:72669dde64d7ab85bbb9e93428efe548b2693a4eae5168a4705f6e30cd20e584 lzj.icp:8500/ibmcom/icp-filebeat:5.5.1] 317104874} {[lzj.icp:8500/ibmcom/fluentd@sha256:f85a5ffd86438f1a73d04caf6e33ef3474675d9fa0947431f4d0a9602fc981af lzj.icp:8500/ibmcom/fluentd:v1.2.2-icp] 270902701} {[lzj.icp:8500/ibmcom/elasticsearch-plugin-searchguard@sha256:f47116021e3eec7b2fed9f6ed8bd77fd890457e5a1546dda7f863c032d4395b1 lzj.icp:8500/ibmcom/elasticsearch-plugin-searchguard:2.0.0] 267864279} {[lzj.icp:8500/ibmcom/calico-node@sha256:85a23d8030137d49663d3d82844a61998331606de9fc523dfdd0a75be7fb9828 lzj.icp:8500/ibmcom/calico-node:v3.1.3] 248202699} {[lzj.icp:8500/ibmcom/grafana@sha256:5d2739d3ec5c7f6ea66d69caa918b764660b99a3d37cb1f4123f1a9623ce8e38 lzj.icp:8500/ibmcom/grafana:5.2.0] 245297582} {[lzj.icp:8500/ibmcom/indices-cleaner@sha256:31dac3be1246f17dddade06b517c073244ce56d85bc54135fdaf010dbb0bca10 lzj.icp:8500/ibmcom/indices-cleaner:1.0.0] 238131553} {[lzj.icp:8500/ibmcom/curl@sha256:adf92a267e351914d041a56d64ebe80331c45f8e20ab23b7ada67bea78da9996 lzj.icp:8500/ibmcom/curl:4.0.0] 221192597} {[lzj.icp:8500/ibmcom/nvidia-device-plugin@sha256:2d57caa41994d1e0b3d952526a651f8da487e068874d1075f915fa48ad969ba6 lzj.icp:8500/ibmcom/nvidia-device-plugin:1.0] 132413452} {[lzj.icp:8500/ibmcom/metering-data-manager@sha256:97803f4458c6f6ca62076cf6958cb8ab98cf9ffed7cd4977550eeaa6db8ead70 lzj.icp:8500/ibmcom/metering-data-manager:3.1.0] 121942877} {[lzj.icp:8500/ibmcom/prometheus@sha256:91cba3cbf7a61499969a8a5a27347830ed1740b2285de9ac31e231e7ce44deb7 lzj.icp:8500/ibmcom/prometheus:v2.3.1] 118818909} {[lzj.icp:8500/ibmcom/icp-management-ingress@sha256:259a9d288f5ee4f169c618b6d870b5ae38b954a3bf69f3f392523b1aaa9f4001 lzj.icp:8500/ibmcom/icp-management-ingress:2.2.1] 80410712} {[lzj.icp:8500/ibmcom/calico-cni@sha256:b56c2d3e62bd02f15dd5ec335c25ac81bb39d214e904525227640790686855d7 lzj.icp:8500/ibmcom/calico-cni:v3.1.3] 68849270} {[lzj.icp:8500/ibmcom/k8s-prometheus-adapter@sha256:cf7f0c35ff0a0ec9cf743ef87e4c951f74d3fd0b4b97925784cc857565b4d7ba lzj.icp:8500/ibmcom/k8s-prometheus-adapter:v0.2.1.1] 52134773} {[lzj.icp:8500/ibmcom/metrics-server@sha256:973b5dd33165e4856f22a9f48a9b7f5bd2f01399d6479c46212ea92336a9ca40 lzj.icp:8500/ibmcom/metrics-server:v0.2.1.1] 42541759} {[lzj.icp:8500/ibmcom/ibmcloud-image-enforcement@sha256:d29efeb868c054eead02eec72c86f690c4a8c81b95f99f22bbc873644b090e99 lzj.icp:8500/ibmcom/ibmcloud-image-enforcement:0.2.0] 40040099} {[lzj.icp:8500/ibmcom/alertmanager@sha256:f3e7d379040499e05c1377862cc8a74cd5ffed2a175bf62fc18dc07b98d6ab00 lzj.icp:8500/ibmcom/alertmanager:v0.15.0] 36095602} {[lzj.icp:8500/ibmcom/kube-state-metrics@sha256:6a574d2e4a7338abdd3d0b85dd2510cbf046cd09a70505b99513feee42d00559 lzj.icp:8500/ibmcom/kube-state-metrics:v1.3.0] 35646776} {[lzj.icp:8500/ibmcom/node-exporter@sha256:b24db452b1a0bf46abba095162d0fbc89ea40eeabbfe43ae01dab54107ecff0e lzj.icp:8500/ibmcom/node-exporter:v0.16.0] 22915749} {[lzj.icp:8500/ibmcom/configmap-reload@sha256:77a4ede137dd4980fe02c70ad189bf7b89dd1a9e134c0fe4475842fe8948f6a9 lzj.icp:8500/ibmcom/configmap-reload:v0.2.2] 22381476} {[lzj.icp:8500/ibmcom/collectd-exporter@sha256:0ef0cfb0a60f66046851bfafbfa1913814c7a4967e4e7561ce5111186338f6d9 lzj.icp:8500/ibmcom/collectd-exporter:v0.4.0] 13695364} {[lzj.icp:8500/ibmcom/elasticsearch-exporter@sha256:27806a00f45314a1c06af096236004020a98202edbbce81d993aadfaca0c66a0 lzj.icp:8500/ibmcom/elasticsearch-exporter:1.0.2] 9202086} {[lzj.icp:8500/ibmcom/icp-initcontainer@sha256:c1b9397380303cfc23505576a19859c7e26936f80a26bb4fae95ef68e7775de8 lzj.icp:8500/ibmcom/icp-initcontainer:1.0.0] 3965926} {[lzj.icp:8500/ibmcom/pause@sha256:8a18035491d4fbbe481be5eac11819315ec94677ab465608d052d87b3cdcff7f lzj.icp:8500/ibmcom/pause:3.1] 742472}],VolumesInUse:[],VolumesAttached:[],Config:&amp;NodeConfigStatus{Assigned:nil,Active:nil,LastKnownGood:nil,Error:,},},}&#xA;Sep 19 07:40:00.510: INFO: &#xA;Logging kubelet events for node 10.46.6.171&#xA;Sep 19 07:40:00.513: INFO: &#xA;Logging pods the kubelet thinks is on node 10.46.6.171&#xA;Sep 19 07:40:00.531: INFO: logging-elk-master-6cdcf45f7d-gp28f started at 2018-09-17 07:15:21 +0000 UTC (2+1 container statuses recorded)&#xA;Sep 19 07:40:00.531: INFO: &#x9;Init container sysctl ready: true, restart count 0&#xA;Sep 19 07:40:00.531: INFO: &#x9;Init container plugin-bundle ready: true, restart count 0&#xA;Sep 19 07:40:00.531: INFO: &#x9;Container es-master ready: true, restart count 0&#xA;Sep 19 07:40:00.531: INFO: monitoring-grafana-548b947c8c-dh89z started at 2018-09-17 07:15:46 +0000 UTC (1+2 container statuses recorded)&#xA;Sep 19 07:40:00.531: INFO: &#x9;Init container init-container ready: true, restart count 0&#xA;Sep 19 07:40:00.531: INFO: &#x9;Container grafana ready: true, restart count 0&#xA;Sep 19 07:40:00.531: INFO: &#x9;Container router ready: true, restart count 0&#xA;Sep 19 07:40:00.531: INFO: vulnerability-advisor-process-ma-crawler-b7k2d started at 2018-09-17 07:19:03 +0000 UTC (0+1 container statuses recorded)&#xA;Sep 19 07:40:00.531: INFO: &#x9;Container process-ma-crawler ready: true, restart count 0&#xA;Sep 19 07:40:00.531: INFO: ibmcloud-image-enforcement-76ddccbf9f-kqmlb started at 2018-09-17 07:14:02 +0000 UTC (0+1 container statuses recorded)&#xA;Sep 19 07:40:00.531: INFO: &#x9;Container ibmcloud-image-enforcement ready: true, restart count 0&#xA;Sep 19 07:40:00.531: INFO: metering-ui-5bbfbb5d49-wkh8m started at 2018-09-17 07:14:12 +0000 UTC (1+1 container statuses recorded)&#xA;Sep 19 07:40:00.531: INFO: &#x9;Init container metering-ui-init ready: true, restart count 0&#xA;Sep 19 07:40:00.531: INFO: &#x9;Container metering-ui ready: true, restart count 0&#xA;Sep 19 07:40:00.531: INFO: metering-dm-8b475fc57-cmm6h started at 2018-09-17 07:14:12 +0000 UTC (1+1 container statuses recorded)&#xA;Sep 19 07:40:00.531: INFO: &#x9;Init container metering-dm-init ready: true, restart count 0&#xA;Sep 19 07:40:00.531: INFO: &#x9;Container metering-dm ready: true, restart count 0&#xA;Sep 19 07:40:00.531: INFO: logging-elk-data-0 started at 2018-09-17 07:15:21 +0000 UTC (3+1 container statuses recorded)&#xA;Sep 19 07:40:00.531: INFO: &#x9;Init container chmod ready: true, restart count 0&#xA;Sep 19 07:40:00.531: INFO: &#x9;Init container sysctl ready: true, restart count 0&#xA;Sep 19 07:40:00.531: INFO: &#x9;Init container plugin-bundle ready: true, restart count 0&#xA;Sep 19 07:40:00.531: INFO: &#x9;Container es-data ready: true, restart count 0&#xA;Sep 19 07:40:00.531: INFO: logging-elk-kibana-ff4db4866-s2295 started at 2018-09-17 07:15:21 +0000 UTC (0+2 container statuses recorded)&#xA;Sep 19 07:40:00.531: INFO: &#x9;Container kibana ready: true, restart count 0&#xA;Sep 19 07:40:00.531: INFO: &#x9;Container router ready: true, restart count 0&#xA;Sep 19 07:40:00.531: INFO: monitoring-prometheus-nodeexporter-9fnpb started at 2018-09-17 07:15:44 +0000 UTC (0+2 container statuses recorded)&#xA;Sep 19 07:40:00.531: INFO: &#x9;Container nodeexporter ready: true, restart count 0&#xA;Sep 19 07:40:00.531: INFO: &#x9;Container router ready: true, restart count 0&#xA;Sep 19 07:40:00.531: INFO: monitoring-prometheus-kubestatemetrics-54dcbb6cfb-76zmm started at 2018-09-17 07:15:45 +0000 UTC (0+2 container statuses recorded)&#xA;Sep 19 07:40:00.531: INFO: &#x9;Container kubestatemetrics ready: true, restart count 0&#xA;Sep 19 07:40:00.531: INFO: &#x9;Container router ready: true, restart count 0&#xA;Sep 19 07:40:00.531: INFO: audit-logging-fluentd-ds-bc22k started at 2018-09-17 07:18:46 +0000 UTC (0+1 container statuses recorded)&#xA;Sep 19 07:40:00.531: INFO: &#x9;Container fluentd ready: true, restart count 0&#xA;Sep 19 07:40:00.531: INFO: k8s-proxy-10.46.6.171 started at &lt;nil&gt; (0+0 container statuses recorded)&#xA;Sep 19 07:40:00.531: INFO: metrics-server-6d6695f9db-8t4xs started at 2018-09-17 07:08:51 +0000 UTC (0+1 container statuses recorded)&#xA;Sep 19 07:40:00.531: INFO: &#x9;Container metrics-server ready: true, restart count 0&#xA;Sep 19 07:40:00.531: INFO: logging-elk-elasticsearch-tls-init-6hnl4 started at 2018-09-17 07:15:20 +0000 UTC (0+1 container statuses recorded)&#xA;Sep 19 07:40:00.531: INFO: &#x9;Container searchguard-init ready: false, restart count 0&#xA;Sep 19 07:40:00.531: INFO: logging-elk-filebeat-ds-bs86r started at 2018-09-17 07:15:20 +0000 UTC (0+1 container statuses recorded)&#xA;Sep 19 07:40:00.531: INFO: &#x9;Container filebeat ready: true, restart count 0&#xA;Sep 19 07:40:00.531: INFO: logging-elk-client-75d4d7994c-7g7fn started at 2018-09-17 07:15:21 +0000 UTC (2+3 container statuses recorded)&#xA;Sep 19 07:40:00.531: INFO: &#x9;Init container sysctl ready: true, restart count 0&#xA;Sep 19 07:40:00.531: INFO: &#x9;Init container plugin-bundle ready: true, restart count 0&#xA;Sep 19 07:40:00.531: INFO: &#x9;Container es-client ready: true, restart count 0&#xA;Sep 19 07:40:00.531: INFO: &#x9;Container indices-cleaner ready: true, restart count 0&#xA;Sep 19 07:40:00.531: INFO: &#x9;Container router ready: true, restart count 0&#xA;Sep 19 07:40:00.531: INFO: monitoring-prometheus-alertmanager-7d8749dbb8-xj68d started at 2018-09-17 07:15:46 +0000 UTC (0+3 container statuses recorded)&#xA;Sep 19 07:40:00.531: INFO: &#x9;Container alertmanager ready: true, restart count 0&#xA;Sep 19 07:40:00.531: INFO: &#x9;Container configmap-reload ready: true, restart count 0&#xA;Sep 19 07:40:00.531: INFO: &#x9;Container router ready: true, restart count 0&#xA;Sep 19 07:40:00.531: INFO: monitoring-prometheus-collectdexporter-77575678dc-v8n2l started at 2018-09-17 07:15:46 +0000 UTC (0+2 container statuses recorded)&#xA;Sep 19 07:40:00.531: INFO: &#x9;Container collectd-exporter ready: true, restart count 0&#xA;Sep 19 07:40:00.531: INFO: &#x9;Container router ready: true, restart count 0&#xA;Sep 19 07:40:00.531: INFO: vulnerability-advisor-live-crawler-xxz8p started at 2018-09-17 07:19:03 +0000 UTC (0+1 container statuses recorded)&#xA;Sep 19 07:40:00.531: INFO: &#x9;Container live-crawler ready: true, restart count 0&#xA;Sep 19 07:40:00.531: INFO: nvidia-device-plugin-vh85n started at 2018-09-17 07:07:17 +0000 UTC (1+1 container statuses recorded)&#xA;Sep 19 07:40:00.531: INFO: &#x9;Init container nvidia-driver-collector ready: true, restart count 0&#xA;Sep 19 07:40:00.531: INFO: &#x9;Container nvidia-device-plugin ready: true, restart count 0&#xA;Sep 19 07:40:00.531: INFO: custom-metrics-adapter-64f64964b4-f9gmc started at 2018-09-17 07:14:28 +0000 UTC (1+1 container statuses recorded)&#xA;Sep 19 07:40:00.531: INFO: &#x9;Init container init-adapter ready: true, restart count 0&#xA;Sep 19 07:40:00.531: INFO: &#x9;Container custom-metrics-adapter ready: true, restart count 0&#xA;Sep 19 07:40:00.531: INFO: logging-elk-logstash-7994656f46-r89mt started at 2018-09-17 07:15:22 +0000 UTC (0+1 container statuses recorded)&#xA;Sep 19 07:40:00.531: INFO: &#x9;Container logstash ready: true, restart count 0&#xA;Sep 19 07:40:00.531: INFO: monitoring-prometheus-elasticsearchexporter-655864cccb-c6tps started at 2018-09-17 07:15:46 +0000 UTC (0+2 container statuses recorded)&#xA;Sep 19 07:40:00.531: INFO: &#x9;Container elasticsearchexporter ready: true, restart count 0&#xA;Sep 19 07:40:00.531: INFO: &#x9;Container router ready: true, restart count 0&#xA;Sep 19 07:40:00.531: INFO: monitoring-prometheus-6677d7c77f-pnpt5 started at 2018-09-17 07:15:46 +0000 UTC (1+4 container statuses recorded)&#xA;Sep 19 07:40:00.531: INFO: &#x9;Init container init-container ready: true, restart count 0&#xA;Sep 19 07:40:00.531: INFO: &#x9;Container configmap-reload-alertrules ready: true, restart count 0&#xA;Sep 19 07:40:00.531: INFO: &#x9;Container configmap-reload-prometheus ready: true, restart count 0&#xA;Sep 19 07:40:00.531: INFO: &#x9;Container prometheus ready: true, restart count 0&#xA;Sep 19 07:40:00.531: INFO: &#x9;Container router ready: true, restart count 0&#xA;Sep 19 07:40:00.531: INFO: calico-node-gpm2c started at 2018-09-17 07:05:53 +0000 UTC (0+2 container statuses recorded)&#xA;Sep 19 07:40:00.531: INFO: &#x9;Container calico-node ready: true, restart count 0&#xA;Sep 19 07:40:00.531: INFO: &#x9;Container install-cni ready: true, restart count 0&#xA;Sep 19 07:40:00.532: INFO: metering-reader-xq8f2 started at 2018-09-17 07:14:11 +0000 UTC (1+1 container statuses recorded)&#xA;Sep 19 07:40:00.532: INFO: &#x9;Init container metering-reader-init ready: true, restart count 1&#xA;Sep 19 07:40:00.532: INFO: &#x9;Container metering-reader ready: true, restart count 0&#xA;Sep 19 07:40:00.621: INFO: &#xA;Latency metrics for node 10.46.6.171&#xA;Sep 19 07:40:00.621: INFO: &#xA;Logging node info for node 10.46.6.172&#xA;Sep 19 07:40:00.626: INFO: Node Info: &amp;Node{ObjectMeta:k8s_io_apimachinery_pkg_apis_meta_v1.ObjectMeta{Name:10.46.6.172,GenerateName:,Namespace:,SelfLink:/api/v1/nodes/10.46.6.172,UID:0c6032ef-ba48-11e8-b20e-fa163e707b2e,ResourceVersion:457579,Generation:0,CreationTimestamp:2018-09-17 07:05:24 +0000 UTC,DeletionTimestamp:&lt;nil&gt;,DeletionGracePeriodSeconds:nil,Labels:map[string]string{beta.kubernetes.io/arch: amd64,beta.kubernetes.io/os: linux,kubernetes.io/hostname: 10.46.6.172,node-role.kubernetes.io/va: true,va: true,},Annotations:map[string]string{node.alpha.kubernetes.io/ttl: 0,volumes.kubernetes.io/controller-managed-attach-detach: true,},OwnerReferences:[],Finalizers:[],ClusterName:,Initializers:nil,},Spec:NodeSpec{PodCIDR:,DoNotUse_ExternalID:,ProviderID:,Unschedulable:false,Taints:[{dedicated va NoSchedule &lt;nil&gt;}],ConfigSource:nil,},Status:NodeStatus{Capacity:ResourceList{cpu: {{8 0} {&lt;nil&gt;} 8 DecimalSI},ephemeral-storage: {{107362627584 0} {&lt;nil&gt;} 104846316Ki BinarySI},hugepages-1Gi: {{0 0} {&lt;nil&gt;} 0 DecimalSI},hugepages-2Mi: {{0 0} {&lt;nil&gt;} 0 DecimalSI},memory: {{16825622528 0} {&lt;nil&gt;}  BinarySI},pods: {{80 0} {&lt;nil&gt;} 80 DecimalSI},},Allocatable:ResourceList{cpu: {{8 0} {&lt;nil&gt;} 8 DecimalSI},ephemeral-storage: {{107257769984 0} {&lt;nil&gt;} 104743916Ki BinarySI},hugepages-1Gi: {{0 0} {&lt;nil&gt;} 0 DecimalSI},hugepages-2Mi: {{0 0} {&lt;nil&gt;} 0 DecimalSI},memory: {{16720764928 0} {&lt;nil&gt;}  BinarySI},pods: {{80 0} {&lt;nil&gt;} 80 DecimalSI},},Phase:,Conditions:[{OutOfDisk False 2018-09-19 07:39:50 +0000 UTC 2018-09-17 07:05:24 +0000 UTC KubeletHasSufficientDisk kubelet has sufficient disk space available} {MemoryPressure False 2018-09-19 07:39:50 +0000 UTC 2018-09-17 07:05:24 +0000 UTC KubeletHasSufficientMemory kubelet has sufficient memory available} {DiskPressure False 2018-09-19 07:39:50 +0000 UTC 2018-09-17 07:05:24 +0000 UTC KubeletHasNoDiskPressure kubelet has no disk pressure} {PIDPressure False 2018-09-19 07:39:50 +0000 UTC 2018-09-17 07:05:24 +0000 UTC KubeletHasSufficientPID kubelet has sufficient PID available} {Ready True 2018-09-19 07:39:50 +0000 UTC 2018-09-17 07:06:04 +0000 UTC KubeletReady kubelet is posting ready status}],Addresses:[{InternalIP 10.46.6.172} {Hostname 10.46.6.172}],DaemonEndpoints:NodeDaemonEndpoints{KubeletEndpoint:DaemonEndpoint{Port:10250,},},NodeInfo:NodeSystemInfo{MachineID:52ca0d2c3fb341c79b059a96d10571a6,SystemUUID:3D48E3C5-99D8-4CA3-9AB5-A8540613166F,BootID:d81d494e-264a-48ce-a4f2-76b16f6ece1f,KernelVersion:3.10.0-862.9.1.el7.x86_64,OSImage:Red Hat Enterprise Linux,ContainerRuntimeVersion:docker://18.3.1,KubeletVersion:v1.11.1+icp-ee,KubeProxyVersion:v1.11.1+icp-ee,OperatingSystem:linux,Architecture:amd64,},Images:[{[lzj.icp:8500/ibmcom/statsd-amd64@sha256:5ee11bc24bced45a77d9d630348680f319c09d9d3b2230b04518d1e2a5263ae2 lzj.icp:8500/ibmcom/statsd@sha256:af7a9d0c4f029d0247da41f67c7e87f3655175962b79a189a6a9ace0ff841049 lzj.icp:8500/ibmcom/statsd-amd64:0.7.2.1 lzj.icp:8500/ibmcom/statsd:0.7.2.1] 1234731808} {[lzj.icp:8500/ibmcom/kafka-amd64@sha256:0d6d348ccd7aa2854d60791331280e58db92029a522c8bfb3eb40c7c0913ca8f lzj.icp:8500/ibmcom/kafka@sha256:f0b4a833c3da439cadb783bb9cb578f96b1328557b8402a98f01c5c21497d93a lzj.icp:8500/ibmcom/kafka-amd64:0.10.0.2 lzj.icp:8500/ibmcom/kafka:0.10.0.2] 1114805679} {[lzj.icp:8500/ibmcom/iam-token-service-amd64@sha256:9211161e5b5b9d892a99b46fad4429333ceb7143b4039419df7ea0efa36381a9 lzj.icp:8500/ibmcom/iam-token-service@sha256:1b9308e68de93b43e9a85c0e005d80d423e88db7d88ee7114a80b2fade7a78ed lzj.icp:8500/ibmcom/iam-token-service-amd64:3.1.0 lzj.icp:8500/ibmcom/iam-token-service:3.1.0] 1051060152} {[lzj.icp:8500/ibmcom/icp-platform-auth-amd64@sha256:abc258009b8696a83214b7a9d9df63f6d83e19cfca2987c4836b0eadfa4c99c7 lzj.icp:8500/ibmcom/icp-platform-auth@sha256:c544b90a099b6c29ba4ee7f2ad4dded1277c948a0826b38ebe3250cdc7d1529c lzj.icp:8500/ibmcom/icp-platform-auth-amd64:3.1.0 lzj.icp:8500/ibmcom/icp-platform-auth:3.1.0] 1028283742} {[lzj.icp:8500/ibmcom/reg-crawler-amd64@sha256:9e5d4ebbac3dd6cbf9f892b5bd634f89fae3d4b2e6a23debd3ecd322e3eb817e lzj.icp:8500/ibmcom/reg-crawler@sha256:a9033d9cb2406d11c616fdfedc9bc56bc4ef970bd0a7b02899b3e5c1b353799b lzj.icp:8500/ibmcom/reg-crawler-amd64:1.3.1 lzj.icp:8500/ibmcom/reg-crawler:1.3.1] 1007817363} {[lzj.icp:8500/ibmcom/live-crawler-amd64@sha256:37a79ec87bd3c8b9af25cf1e25f4f14281ffb9f5ebeaf61c0b7c8a5799baf782 lzj.icp:8500/ibmcom/live-crawler@sha256:1a648615e7b439f093697f65350262823e6c711c4b21ea81596ced1c28a48133 lzj.icp:8500/ibmcom/live-crawler-amd64:1.3.1 lzj.icp:8500/ibmcom/live-crawler:1.3.1] 987515538} {[lzj.icp:8500/ibmcom/cos-indexer-amd64@sha256:adf28ff960ebdcbfcfa5e4522b81aa3565338f8d640dad611a1c3f0d3894393b lzj.icp:8500/ibmcom/cos-indexer@sha256:bb31dc8ef37e8482b2b9dedc0e54f46f7d3c678b22a3130eca9dde80fed65df1 lzj.icp:8500/ibmcom/cos-indexer-amd64:1.3.1 lzj.icp:8500/ibmcom/cos-indexer:1.3.1] 846578165} {[lzj.icp:8500/ibmcom/secure-config-annotator-amd64@sha256:26e845c6a252e0c5ae73e764645993b3270e289d1a2e9784b06ddd7898ca45d9 lzj.icp:8500/ibmcom/secure-config-annotator@sha256:cfaadd13c4ef4bdc937d296faff78e98473be8c9c6ae6b4a38927c952948914f lzj.icp:8500/ibmcom/secure-config-annotator-amd64:1.3.1 lzj.icp:8500/ibmcom/secure-config-annotator:1.3.1] 835555196} {[lzj.icp:8500/ibmcom/hyperkube-amd64@sha256:9eaadf7c2a417ee2a9a219e2eadf21884742199a484be2ca737f0e8a178d490a lzj.icp:8500/ibmcom/hyperkube@sha256:9fbddbf2d04354912c8a981395493d250474cb9fa587fa91119e69467078b180 lzj.icp:8500/ibmcom/hyperkube-amd64:v1.11.1-ee lzj.icp:8500/ibmcom/hyperkube:v1.11.1-ee] 782626408} {[lzj.icp:8500/ibmcom/compliance-annotator-amd64@sha256:5d8bbbef3a7dc54ba9addb256d2aa8a3f7d5c27a454ff4b7ee583b217dac2ce4 lzj.icp:8500/ibmcom/compliance-annotator@sha256:be00ccb777b1e90601cc563112e32ae831b0fb7d4933f1aa3c49379cabe41c3f lzj.icp:8500/ibmcom/compliance-annotator-amd64:1.3.1 lzj.icp:8500/ibmcom/compliance-annotator:1.3.1] 773932738} {[lzj.icp:8500/ibmcom/icp-logstash-amd64@sha256:02a683ee6ad9eeed7ea8ebb1de713aaf902a9e20a39ccc0294ee1f947f1bbd73 lzj.icp:8500/ibmcom/icp-logstash@sha256:a182a00827aefe7f5f95b18fa1ec8f6897989290b37f3d98bd6440ddda796433 lzj.icp:8500/ibmcom/icp-logstash-amd64:5.5.1 lzj.icp:8500/ibmcom/icp-logstash:5.5.1] 764906887} {[lzj.icp:8500/ibmcom/process-ma-hf-amd64@sha256:ef0d164350d07600f8037082db7d98cf81b9c554d8a60692ae90b8d0239a8cdc lzj.icp:8500/ibmcom/process-ma-hf@sha256:114b48d67e46f6ad3624dfa99baab8f9c62fb5ba88d210d0f42e106eda4e0ee8 lzj.icp:8500/ibmcom/process-ma-hf-amd64:1.3.1 lzj.icp:8500/ibmcom/process-ma-hf:1.3.1] 758635128} {[lzj.icp:8500/ibmcom/vulnerability-annotator-amd64@sha256:febedf85b65e0d1800e67249274d474d4ce67e8041e81487f76bce727cb39bd4 lzj.icp:8500/ibmcom/vulnerability-annotator@sha256:2ca368468e5d1c7ed82b3947b8d8904da34969bd72e67b382bfd0579fe3f148d lzj.icp:8500/ibmcom/vulnerability-annotator-amd64:1.3.1 lzj.icp:8500/ibmcom/vulnerability-annotator:1.3.1] 757013017} {[lzj.icp:8500/ibmcom/py-generic-indexer-amd64@sha256:45cb17e23e15f4dfe44471309af12f0655aad5f8e859c718f393290f220b02b2 lzj.icp:8500/ibmcom/py-generic-indexer@sha256:63a28bc72b6588e508ad23b569a228d6219e2d6fdddb2b1b073e1d2c70ec7641 lzj.icp:8500/ibmcom/py-generic-indexer-amd64:1.3.1 lzj.icp:8500/ibmcom/py-generic-indexer:1.3.1] 755588945} {[lzj.icp:8500/ibmcom/icp-inception-amd64@sha256:1dad180d14ae732d17ca5cf41b87dbb316c072323f186d60a08a753f904eb5b2 lzj.icp:8500/ibmcom/icp-inception@sha256:d395315f0fde94a5cacd9945cd7932b4eda45fe404a6b9d55a8ec8ebeed2a0a8 lzj.icp:8500/ibmcom/icp-inception-amd64:3.1.0-ee lzj.icp:8500/ibmcom/icp-inception:3.1.0-ee] 744155119} {[lzj.icp:8500/ibmcom/config-parser-amd64@sha256:7d721e0b5a827921ac16fa9e7570db225211e6dd700cdeaba1d28ba02ff8ef6d lzj.icp:8500/ibmcom/config-parser@sha256:2b7d6f1ea57d6e4d9caaca5d0e2bb35d2e6db316e2f18ef9a51b5bfa48119f69 lzj.icp:8500/ibmcom/config-parser-amd64:1.3.1 lzj.icp:8500/ibmcom/config-parser:1.3.1] 739243486} {[lzj.icp:8500/ibmcom/iam-policy-administration-amd64@sha256:e1941aa09a5b692505cb3be3e497d3ff9acb900786b9a2c8c4c00d0243b37dd0 lzj.icp:8500/ibmcom/iam-policy-administration@sha256:ab0d5c50f5e5fc9a537e97183ed694e34d57fa00121bc08bedb261b80e29b9a4 lzj.icp:8500/ibmcom/iam-policy-administration-amd64:3.1.0 lzj.icp:8500/ibmcom/iam-policy-administration:3.1.0] 711947327} {[lzj.icp:8500/ibmcom/password-annotator-amd64@sha256:bca1b6b222d8ea8ade174a8cc1a549f161d75d3e9d69881f08a1fb316a8e27d3 lzj.icp:8500/ibmcom/password-annotator@sha256:5c7e8db45db52a6bca7d76ae8c2ff74eb43644f7959d66ddc67454bcbca765ec lzj.icp:8500/ibmcom/password-annotator-amd64:1.3.1 lzj.icp:8500/ibmcom/password-annotator:1.3.1] 707627907} {[lzj.icp:8500/ibmcom/notification-dispatcher-amd64@sha256:ec8dfbc351a0d758488f9f8bfa17c3182a5c02819a6ebf7144ab914a2233cf57 lzj.icp:8500/ibmcom/notification-dispatcher@sha256:6d7e6b836f0cfeb5fb18cd29fdd8315fb44013f8d21830b9c5ab60b605c5e3c5 lzj.icp:8500/ibmcom/notification-dispatcher-amd64:1.3.1 lzj.icp:8500/ibmcom/notification-dispatcher:1.3.1] 707588442} {[lzj.icp:8500/ibmcom/sas-base-amd64@sha256:9651b1149c62d5a0968aaeffe71f2da68cd7e07ff8d7ea67538278c00ab08457 lzj.icp:8500/ibmcom/sas-base@sha256:56bb0790e5f06276b7435c731687f733901fedc80af299dc8a8eaf72d7365560 lzj.icp:8500/ibmcom/sas-base-amd64:1.3.1 lzj.icp:8500/ibmcom/sas-base:1.3.1] 653746081} {[lzj.icp:8500/ibmcom/ma-file-annotator-amd64@sha256:8caa6280fd845fd524ad874a6b243510ebf085d58c989229020fcfc743492632 lzj.icp:8500/ibmcom/ma-file-annotator@sha256:cd8dc2a26e2a84bf7d8ba982c6a21c034239de5e2dc12767d3f60985e495d957 lzj.icp:8500/ibmcom/ma-file-annotator-amd64:1.3.1 lzj.icp:8500/ibmcom/ma-file-annotator:1.3.1] 653745236} {[lzj.icp:8500/ibmcom/icp-kibana-amd64@sha256:8b69887ac5297e1d2e68b9c2ce885b9a888f6c278ca1538acb0f03206b48502a lzj.icp:8500/ibmcom/icp-kibana@sha256:6e2746da64a64f98c5761b87d5e185a9c2ac75c9c4e767ab284062b1847b7571 lzj.icp:8500/ibmcom/icp-kibana-amd64:5.5.1 lzj.icp:8500/ibmcom/icp-kibana:5.5.1] 639622018} {[lzj.icp:8500/ibmcom/icp-platform-api-amd64@sha256:1fc47925c2611aef12631b3f3806308f55a298074aebc561fd04cf8a7691c669 lzj.icp:8500/ibmcom/icp-platform-api@sha256:6b5585999f45fa6dc7a6a1d8bcb4d544c96a3e1fd3bd9f133ebed2e356985a0e lzj.icp:8500/ibmcom/icp-platform-api-amd64:3.1.0 lzj.icp:8500/ibmcom/icp-platform-api:3.1.0] 612589125} {[lzj.icp:8500/ibmcom/iam-policy-decision-amd64@sha256:d49eb3845c57bb8370a477949d92da10a178b81ade50f0e9d970981fadd6686d lzj.icp:8500/ibmcom/iam-policy-decision@sha256:ecd9f36e17e57c6be41e744abc17baacddd28178485d29cb112ffc5e558d2c09 lzj.icp:8500/ibmcom/iam-policy-decision-amd64:3.1.0 lzj.icp:8500/ibmcom/iam-policy-decision:3.1.0] 559718344} {[lzj.icp:8500/ibmcom/rootkit-annotator-amd64@sha256:caf6c24136b8785d901f346a640d673b55fe105c3617cfcb432ee2006f5b1cf4 lzj.icp:8500/ibmcom/rootkit-annotator@sha256:9aabe418ab5c5b3ce86dcfad5dc63a14124bf56227a7decb6656382f2cf9606e lzj.icp:8500/ibmcom/rootkit-annotator-amd64:1.3.1 lzj.icp:8500/ibmcom/rootkit-annotator:1.3.1] 549434506} {[lzj.icp:8500/ibmcom/icp-elasticsearch-amd64@sha256:0063a7a931ca4e52d8f7a51f2bdb010345f4373b5b904b52e5c8a48ec0c1fde7 lzj.icp:8500/ibmcom/icp-elasticsearch@sha256:b410aacb6005fe24bfd87b045ea26fde3d6eb3ca52c3f0e4560cdc208944ba50 lzj.icp:8500/ibmcom/icp-elasticsearch-amd64:5.5.1 lzj.icp:8500/ibmcom/icp-elasticsearch:5.5.1] 520121248} {[lzj.icp:8500/ibmcom/logging-pki-init-amd64@sha256:cc4bfa085e1ae99120ee526acd3e62d205e10de6f1c773c521fc5b933914f6a8 lzj.icp:8500/ibmcom/logging-pki-init@sha256:21aa9cbd05a849b4891b15cf636f73545f6001f16c82f8eeed2e90b4f9312377 lzj.icp:8500/ibmcom/logging-pki-init-amd64:2.0.0 lzj.icp:8500/ibmcom/logging-pki-init:2.0.0] 501921135} {[lzj.icp:8500/ibmcom/searchguard-init-amd64@sha256:d19ce1d27f406945d4ed78b0f07007998c2ab3889086e502924847c2186db546 lzj.icp:8500/ibmcom/searchguard-init@sha256:3d0d8a8404a9df5ad238bce1e0542cdda609cc445dfc3964952243d9fc103276 lzj.icp:8500/ibmcom/searchguard-init-amd64:2.0.0 lzj.icp:8500/ibmcom/searchguard-init:2.0.0] 457030441} {[lzj.icp:8500/ibmcom/metering-ui-amd64@sha256:3628a8fe41183c08ea0b02e2e798e3649e4aebe2c2405c34572b9eb7c7c4d9a8 lzj.icp:8500/ibmcom/metering-ui@sha256:d6453f9afecc9b1fc778c195e20bbb39d4ef6262af2f7a9a5ce3cddc259fec99 lzj.icp:8500/ibmcom/metering-ui-amd64:3.1.0 lzj.icp:8500/ibmcom/metering-ui:3.1.0] 385577105} {[lzj.icp:8500/ibmcom/heketi-amd64@sha256:c5b579a4f219c87990f861eb61de86cb9cfb51b6d230b8c299df7d9fd3d02d0e lzj.icp:8500/ibmcom/heketi@sha256:eb6875247a56829a20d0949f034b08a0e682201ab1d88d3cba71972932c254f5 lzj.icp:8500/ibmcom/heketi-amd64:v7.0.0 lzj.icp:8500/ibmcom/heketi:v7.0.0] 384720377} {[lzj.icp:8500/ibmcom/icp-mongodb-amd64@sha256:a305ae8bc309898d86bf60aee968846db3602f77b25924640d5f08a2389ee99d lzj.icp:8500/ibmcom/icp-mongodb@sha256:fe8b55caf7bb855fd4e244450af5195f2243b766c6934d464128bf982b29b345 lzj.icp:8500/ibmcom/icp-mongodb-amd64:3.1.0 lzj.icp:8500/ibmcom/icp-mongodb:3.1.0] 379353410} {[lzj.icp:8500/ibmcom/icp-catalog-ui-amd64@sha256:33993b4eab189e3c78fe27799017da770d47523cf6831460741008bf91297d6d lzj.icp:8500/ibmcom/icp-catalog-ui@sha256:049f3c4946a0ad2c10507e5e42a464448e858fb3ae606cfd84825d340adb1125 lzj.icp:8500/ibmcom/icp-catalog-ui-amd64:3.1.0 lzj.icp:8500/ibmcom/icp-catalog-ui:3.1.0] 363781304} {[lzj.icp:8500/ibmcom/nginx-ingress-controller-amd64@sha256:63b48dd3ba635aa65409f7d6a319e293697810c1b9e885e6255bebf36a2506ab lzj.icp:8500/ibmcom/nginx-ingress-controller@sha256:f68b2ce26292e02ef3dbc6cfae17cec3d54b9afee9bf5298bf95d005c0783143 lzj.icp:8500/ibmcom/nginx-ingress-controller-amd64:0.16.2 lzj.icp:8500/ibmcom/nginx-ingress-controller:0.16.2] 361632894} {[lzj.icp:8500/ibmcom/mariadb-amd64@sha256:1f9876179c32fcf463804f75cbf2fb031106edf2be9d5dbf6705375ca53930bb lzj.icp:8500/ibmcom/mariadb@sha256:2272622e7f6786220d7ee2b482a3050bd34c3e1ecdc99af6175a146610222763 lzj.icp:8500/ibmcom/mariadb-amd64:10.2.17 lzj.icp:8500/ibmcom/mariadb:10.2.17] 358991946} {[lzj.icp:8500/ibmcom/k8szk-amd64@sha256:a9ee22a4df14654552a02303e4560623244683692fd298dd2fb71e9dd66219f3 lzj.icp:8500/ibmcom/k8szk@sha256:20cfeb163fb828c3c3a7c0baf2883e90c72c8d97d20116253903e82aa2be801f lzj.icp:8500/ibmcom/k8szk-amd64:v3 lzj.icp:8500/ibmcom/k8szk:v3] 331472973} {[lzj.icp:8500/ibmcom/gluster-amd64@sha256:647caedb536eb7b8c5c8b0a2b69e52d2a34be9e6c9c7b9c1b21d14fcfa261886 lzj.icp:8500/ibmcom/gluster@sha256:eeabf9b160370078d12a4c2b84f1a9772fe10c64446f0c2251eb53b8b5277baa lzj.icp:8500/ibmcom/gluster-amd64:v4.0.2 lzj.icp:8500/ibmcom/gluster:v4.0.2] 324265531} {[lzj.icp:8500/ibmcom/istio-grafana-amd64@sha256:381a2dd3a5addbc5d43920bc19bb15ba6dbd422e4a9d91163108e72c5a63234c lzj.icp:8500/ibmcom/istio-grafana@sha256:f4fdaf4a51b946f6d4fb9aa82cdbfef53c8e0b7b2223078f9d7f62bb28d3259b lzj.icp:8500/ibmcom/istio-grafana-amd64:1.0.0.1 lzj.icp:8500/ibmcom/istio-grafana:1.0.0.1] 324187770} {[lzj.icp:8500/ibmcom/icp-filebeat-amd64@sha256:03af9b78dad6c2ba857975d10c81e781460796dff1ff1163ea4596f4aa10601d lzj.icp:8500/ibmcom/icp-filebeat@sha256:72669dde64d7ab85bbb9e93428efe548b2693a4eae5168a4705f6e30cd20e584 lzj.icp:8500/ibmcom/icp-filebeat-amd64:5.5.1 lzj.icp:8500/ibmcom/icp-filebeat:5.5.1] 317104874} {[lzj.icp:8500/ibmcom/istio-proxyv2-amd64@sha256:cd77e75fa85ce74914e1b7b0bef980ece8a62ef0d776c9ef51a0d7d30b4b64a0 lzj.icp:8500/ibmcom/istio-proxyv2@sha256:9c94d736c8cbb41e2c5b0b672530eee0df6cbb628d57f4ddaec9f4ff4f49ce35 lzj.icp:8500/ibmcom/istio-proxyv2-amd64:1.0.0.1 lzj.icp:8500/ibmcom/istio-proxyv2:1.0.0.1] 311276139} {[lzj.icp:8500/ibmcom/istio-pilot-amd64@sha256:63352073a964037fd37f6150228231d2e5eca7e0c2920405d6269326d3c54263 lzj.icp:8500/ibmcom/istio-pilot@sha256:ad129a4be7b6d1536c384efd03fb570b973b9c77a56a48e6b9cfe192a76c111e lzj.icp:8500/ibmcom/istio-pilot-amd64:1.0.0.1 lzj.icp:8500/ibmcom/istio-pilot:1.0.0.1] 309502004} {[lzj.icp:8500/ibmcom/fluentd-amd64@sha256:384a99b8d941c93f96ee5b5cbae5b70500219a3f71c73cf4eddd20d9d693e3b3 lzj.icp:8500/ibmcom/fluentd@sha256:f85a5ffd86438f1a73d04caf6e33ef3474675d9fa0947431f4d0a9602fc981af lzj.icp:8500/ibmcom/fluentd-amd64:v1.2.2-icp lzj.icp:8500/ibmcom/fluentd:v1.2.2-icp] 270902701} {[lzj.icp:8500/ibmcom/icp-identity-manager-amd64@sha256:632f31acd0fcfc3d0cebea31cfb71018f6712bd1a1b4da7476942b3c23aa3521 lzj.icp:8500/ibmcom/icp-identity-manager@sha256:993462e02a42c15b03722d935809476c8e10e6e0b3a2669eb528081e92a49859 lzj.icp:8500/ibmcom/icp-identity-manager-amd64:3.1.0 lzj.icp:8500/ibmcom/icp-identity-manager:3.1.0] 268667523} {[lzj.icp:8500/ibmcom/elasticsearch-plugin-searchguard-amd64@sha256:28f88d06bbbc073162702064c1be4ad06272e9021cbc0f929ba8c6da2ca25ae6 lzj.icp:8500/ibmcom/elasticsearch-plugin-searchguard@sha256:f47116021e3eec7b2fed9f6ed8bd77fd890457e5a1546dda7f863c032d4395b1 lzj.icp:8500/ibmcom/elasticsearch-plugin-searchguard-amd64:2.0.0 lzj.icp:8500/ibmcom/elasticsearch-plugin-searchguard:2.0.0] 267864279} {[lzj.icp:8500/ibmcom/kiali-amd64@sha256:bec63b454cf2e597c61f6a9943144050e5e6fc7a4f6474bc3bb6b627ba20c71c lzj.icp:8500/ibmcom/kiali@sha256:71a50e9885495157454657bc93842a7310e96e822a4117ad751ad81af83fde5e lzj.icp:8500/ibmcom/kiali-amd64:istio-release-1.0.0.1 lzj.icp:8500/ibmcom/kiali:istio-release-1.0.0.1] 265771300} {[lzj.icp:8500/ibmcom/calico-node-amd64@sha256:9871f4dde9eab9fd804b12f3114da36505ff5c220e2323b7434eec24e3b23ac5 lzj.icp:8500/ibmcom/calico-node@sha256:85a23d8030137d49663d3d82844a61998331606de9fc523dfdd0a75be7fb9828 lzj.icp:8500/ibmcom/calico-node-amd64:v3.1.3 lzj.icp:8500/ibmcom/calico-node:v3.1.3] 248202699} {[lzj.icp:8500/ibmcom/grafana-amd64@sha256:dc3566257a0c716caedfb33127d8ee385290c1dda006bebfb75c376d56b30c88 lzj.icp:8500/ibmcom/grafana@sha256:5d2739d3ec5c7f6ea66d69caa918b764660b99a3d37cb1f4123f1a9623ce8e38 lzj.icp:8500/ibmcom/grafana-amd64:5.2.0 lzj.icp:8500/ibmcom/grafana:5.2.0] 245297582} {[lzj.icp:8500/ibmcom/indices-cleaner-amd64@sha256:e6c6453d54012488e9ebfaa9e4d829f567d8e66b24c1613e6d88ca192ed5e85b lzj.icp:8500/ibmcom/indices-cleaner@sha256:31dac3be1246f17dddade06b517c073244ce56d85bc54135fdaf010dbb0bca10 lzj.icp:8500/ibmcom/indices-cleaner-amd64:1.0.0 lzj.icp:8500/ibmcom/indices-cleaner:1.0.0] 238131553} {[lzj.icp:8500/ibmcom/icp-identity-provider-amd64@sha256:24dba8b07c8295eef99abbf8d83041908516e4e50e4e4cfbbbcd53bdf415dda1 lzj.icp:8500/ibmcom/icp-identity-provider@sha256:b5bf63419b53ba550cad7a1b835d0d0eaae1fde8851c7936f8deb603fef673a6 lzj.icp:8500/ibmcom/icp-identity-provider-amd64:3.1.0 lzj.icp:8500/ibmcom/icp-identity-provider:3.1.0] 224286517} {[lzj.icp:8500/ibmcom/curl-amd64@sha256:aad05b4e4529f7e70516d8d3028cae6cd1d50de738ce164f2a532ce2470ac43f lzj.icp:8500/ibmcom/curl@sha256:adf92a267e351914d041a56d64ebe80331c45f8e20ab23b7ada67bea78da9996 lzj.icp:8500/ibmcom/curl-amd64:4.0.0 lzj.icp:8500/ibmcom/curl:4.0.0] 221192597} {[lzj.icp:8500/ibmcom/icp-audit-service-amd64@sha256:9add202c06a43da647380c860d9139fa059701fe103c1f229281215bf99dbbd3 lzj.icp:8500/ibmcom/icp-audit-service@sha256:7c3d710c31f6f5ae0227edc1599bdf64bc82e4fcd2b3aa8f197148240d2ab01c lzj.icp:8500/ibmcom/icp-audit-service-amd64:3.1.0 lzj.icp:8500/ibmcom/icp-audit-service:3.1.0] 215897363}],VolumesInUse:[],VolumesAttached:[],Config:&amp;NodeConfigStatus{Assigned:nil,Active:nil,LastKnownGood:nil,Error:,},},}&#xA;Sep 19 07:40:00.627: INFO: &#xA;Logging kubelet events for node 10.46.6.172&#xA;Sep 19 07:40:00.631: INFO: &#xA;Logging pods the kubelet thinks is on node 10.46.6.172&#xA;Sep 19 07:40:00.655: INFO: monitoring-prometheus-nodeexporter-v4l7d started at 2018-09-17 07:15:44 +0000 UTC (0+2 container statuses recorded)&#xA;Sep 19 07:40:00.655: INFO: &#x9;Container nodeexporter ready: true, restart count 0&#xA;Sep 19 07:40:00.655: INFO: &#x9;Container router ready: true, restart count 0&#xA;Sep 19 07:40:00.655: INFO: vulnerability-advisor-vulnerability-indexer-7c79b4c964-2n8cg started at 2018-09-17 07:19:07 +0000 UTC (0+1 container statuses recorded)&#xA;Sep 19 07:40:00.655: INFO: &#x9;Container py-vulnerability-indexer ready: true, restart count 0&#xA;Sep 19 07:40:00.655: INFO: vulnerability-advisor-secconfig-annotator-7dbcf5d9f4-fkmkb started at 2018-09-17 07:19:10 +0000 UTC (0+1 container statuses recorded)&#xA;Sep 19 07:40:00.655: INFO: &#x9;Container secconfig-annotator ready: true, restart count 0&#xA;Sep 19 07:40:00.655: INFO: vulnerability-advisor-statsd-7746859df4-jjm6f started at 2018-09-17 07:19:10 +0000 UTC (0+1 container statuses recorded)&#xA;Sep 19 07:40:00.655: INFO: &#x9;Container statsd ready: true, restart count 0&#xA;Sep 19 07:40:00.655: INFO: vulnerability-advisor-usncrawler-8h976 started at 2018-09-17 07:19:11 +0000 UTC (0+1 container statuses recorded)&#xA;Sep 19 07:40:00.655: INFO: &#x9;Container usnloader-job ready: false, restart count 0&#xA;Sep 19 07:40:00.655: INFO: calico-node-wsknj started at 2018-09-17 07:05:53 +0000 UTC (0+2 container statuses recorded)&#xA;Sep 19 07:40:00.655: INFO: &#x9;Container calico-node ready: true, restart count 0&#xA;Sep 19 07:40:00.655: INFO: &#x9;Container install-cni ready: true, restart count 0&#xA;Sep 19 07:40:00.655: INFO: vulnerability-advisor-cos-indexer-57899b7dd6-7cpf8 started at 2018-09-17 07:19:04 +0000 UTC (0+1 container statuses recorded)&#xA;Sep 19 07:40:00.655: INFO: &#x9;Container cos-indexer ready: true, restart count 3&#xA;Sep 19 07:40:00.656: INFO: vulnerability-advisor-kafka-0 started at 2018-09-17 07:19:13 +0000 UTC (0+1 container statuses recorded)&#xA;Sep 19 07:40:00.656: INFO: &#x9;Container kafka-server ready: true, restart count 2&#xA;Sep 19 07:40:00.656: INFO: nvidia-device-plugin-w9jr8 started at 2018-09-17 07:07:17 +0000 UTC (1+1 container statuses recorded)&#xA;Sep 19 07:40:00.656: INFO: &#x9;Init container nvidia-driver-collector ready: true, restart count 0&#xA;Sep 19 07:40:00.656: INFO: &#x9;Container nvidia-device-plugin ready: true, restart count 0&#xA;Sep 19 07:40:00.656: INFO: metering-reader-gsrdg started at 2018-09-17 07:14:11 +0000 UTC (1+1 container statuses recorded)&#xA;Sep 19 07:40:00.656: INFO: &#x9;Init container metering-reader-init ready: true, restart count 1&#xA;Sep 19 07:40:00.656: INFO: &#x9;Container metering-reader ready: true, restart count 0&#xA;Sep 19 07:40:00.656: INFO: logging-elk-filebeat-ds-vpk48 started at 2018-09-17 07:15:20 +0000 UTC (0+1 container statuses recorded)&#xA;Sep 19 07:40:00.656: INFO: &#x9;Container filebeat ready: true, restart count 0&#xA;Sep 19 07:40:00.656: INFO: vulnerability-advisor-password-annotator-79b5d794b5-wnwqn started at 2018-09-17 07:19:05 +0000 UTC (0+1 container statuses recorded)&#xA;Sep 19 07:40:00.656: INFO: &#x9;Container config-parser ready: true, restart count 3&#xA;Sep 19 07:40:00.656: INFO: vulnerability-advisor-vulnerability-annotator-bcbf5595f-hxwst started at 2018-09-17 07:19:10 +0000 UTC (0+1 container statuses recorded)&#xA;Sep 19 07:40:00.656: INFO: &#x9;Container va-annotator ready: true, restart count 3&#xA;Sep 19 07:40:00.656: INFO: vulnerability-advisor-minio-0 started at 2018-09-17 07:19:16 +0000 UTC (1+1 container statuses recorded)&#xA;Sep 19 07:40:00.656: INFO: &#x9;Init container wait-kafka ready: true, restart count 1&#xA;Sep 19 07:40:00.656: INFO: &#x9;Container minio-server ready: true, restart count 0&#xA;Sep 19 07:40:00.656: INFO: audit-logging-fluentd-ds-8bh4t started at 2018-09-17 07:18:46 +0000 UTC (0+1 container statuses recorded)&#xA;Sep 19 07:40:00.656: INFO: &#x9;Container fluentd ready: true, restart count 0&#xA;Sep 19 07:40:00.656: INFO: vulnerability-advisor-live-crawler-84st2 started at 2018-09-17 07:19:03 +0000 UTC (0+1 container statuses recorded)&#xA;Sep 19 07:40:00.656: INFO: &#x9;Container live-crawler ready: true, restart count 0&#xA;Sep 19 07:40:00.656: INFO: vulnerability-advisor-process-ma-annotator-58f47d5b5f-xbxrc started at 2018-09-17 07:19:06 +0000 UTC (0+2 container statuses recorded)&#xA;Sep 19 07:40:00.656: INFO: &#x9;Container icp-audit-service ready: true, restart count 0&#xA;Sep 19 07:40:00.656: INFO: &#x9;Container process-ma-annotator ready: true, restart count 2&#xA;Sep 19 07:40:00.656: INFO: vulnerability-advisor-compliance-indexer-7cbdc64b57-47lmd started at 2018-09-17 07:19:07 +0000 UTC (0+1 container statuses recorded)&#xA;Sep 19 07:40:00.656: INFO: &#x9;Container py-compliance-indexer ready: true, restart count 0&#xA;Sep 19 07:40:00.656: INFO: vulnerability-advisor-minio-cleaner-1537228740-55f4w started at 2018-09-17 23:59:03 +0000 UTC (0+1 container statuses recorded)&#xA;Sep 19 07:40:00.656: INFO: &#x9;Container cleaner ready: false, restart count 0&#xA;Sep 19 07:40:00.656: INFO: vulnerability-advisor-secconfig-indexer-674647df7c-qq5ff started at 2018-09-17 07:19:07 +0000 UTC (0+1 container statuses recorded)&#xA;Sep 19 07:40:00.656: INFO: &#x9;Container py-secconfig-indexer ready: true, restart count 0&#xA;Sep 19 07:40:00.656: INFO: k8s-proxy-10.46.6.172 started at &lt;nil&gt; (0+0 container statuses recorded)&#xA;Sep 19 07:40:00.656: INFO: vulnerability-advisor-process-ma-crawler-24z6k started at 2018-09-17 07:19:03 +0000 UTC (0+1 container statuses recorded)&#xA;Sep 19 07:40:00.656: INFO: &#x9;Container process-ma-crawler ready: true, restart count 0&#xA;Sep 19 07:40:00.656: INFO: vulnerability-advisor-config-parser-5d44b78fd5-z4k9t started at 2018-09-17 07:19:04 +0000 UTC (0+1 container statuses recorded)&#xA;Sep 19 07:40:00.656: INFO: &#x9;Container config-parser ready: true, restart count 4&#xA;Sep 19 07:40:00.656: INFO: vulnerability-advisor-notification-dispatcher-86f8bf4b4d-cfdzb started at 2018-09-17 07:19:04 +0000 UTC (0+1 container statuses recorded)&#xA;Sep 19 07:40:00.656: INFO: &#x9;Container notification-dispatcher ready: true, restart count 3&#xA;Sep 19 07:40:00.656: INFO: vulnerability-advisor-process-ma-annotator-init-869545d547nn27w started at 2018-09-17 07:19:06 +0000 UTC (0+1 container statuses recorded)&#xA;Sep 19 07:40:00.656: INFO: &#x9;Container process-ma-annotator ready: true, restart count 0&#xA;Sep 19 07:40:00.656: INFO: vulnerability-advisor-process-ma-annotator-58f47d5b5f-4wglg started at 2018-09-17 07:19:06 +0000 UTC (0+2 container statuses recorded)&#xA;Sep 19 07:40:00.656: INFO: &#x9;Container icp-audit-service ready: true, restart count 0&#xA;Sep 19 07:40:00.656: INFO: &#x9;Container process-ma-annotator ready: true, restart count 1&#xA;Sep 19 07:40:00.656: INFO: vulnerability-advisor-rootkit-indexer-cd8b4646b-xlhwq started at 2018-09-17 07:19:07 +0000 UTC (0+1 container statuses recorded)&#xA;Sep 19 07:40:00.656: INFO: &#x9;Container py-rootkit-indexer ready: true, restart count 0&#xA;Sep 19 07:40:00.656: INFO: vulnerability-advisor-registry-crawler-6f9568677b-bfpm6 started at 2018-09-17 07:19:08 +0000 UTC (0+1 container statuses recorded)&#xA;Sep 19 07:40:00.656: INFO: &#x9;Container reg-crawler ready: true, restart count 0&#xA;Sep 19 07:40:00.656: INFO: vulnerability-advisor-minio-cleaner-1537315140-nqk7v started at 2018-09-18 23:59:04 +0000 UTC (0+1 container statuses recorded)&#xA;Sep 19 07:40:00.656: INFO: &#x9;Container cleaner ready: false, restart count 0&#xA;Sep 19 07:40:00.656: INFO: vulnerability-advisor-ma-file-annotator-6b95df8886-jtczz started at 2018-09-17 07:19:04 +0000 UTC (0+2 container statuses recorded)&#xA;Sep 19 07:40:00.656: INFO: &#x9;Container icp-audit-service ready: true, restart count 0&#xA;Sep 19 07:40:00.656: INFO: &#x9;Container vulnerability-advisor-ma-file-annotator ready: true, restart count 1&#xA;Sep 19 07:40:00.656: INFO: vulnerability-advisor-sas-apiserver-5fd8d44bc9-7bvkn started at 2018-09-17 07:19:09 +0000 UTC (0+3 container statuses recorded)&#xA;Sep 19 07:40:00.656: INFO: &#x9;Container icp-audit-service ready: true, restart count 0&#xA;Sep 19 07:40:00.656: INFO: &#x9;Container sas-api-server ready: true, restart count 0&#xA;Sep 19 07:40:00.656: INFO: &#x9;Container sas-proxy-server ready: true, restart count 0&#xA;Sep 19 07:40:00.656: INFO: vulnerability-advisor-zookeeper-0 started at 2018-09-17 07:19:15 +0000 UTC (0+1 container statuses recorded)&#xA;Sep 19 07:40:00.656: INFO: &#x9;Container zookeeper-server ready: true, restart count 0&#xA;Sep 19 07:40:00.656: INFO: vulnerability-advisor-compliance-annotator-d5659b9d9-kmn8q started at 2018-09-17 07:19:03 +0000 UTC (0+1 container statuses recorded)&#xA;Sep 19 07:40:00.656: INFO: &#x9;Container compliance-annotator ready: true, restart count 4&#xA;Sep 19 07:40:00.656: INFO: vulnerability-advisor-rootkit-annotator-74cb65b5cf-2dk5j started at 2018-09-17 07:19:08 +0000 UTC (0+1 container statuses recorded)&#xA;Sep 19 07:40:00.656: INFO: &#x9;Container rootkit-annotator ready: true, restart count 3&#xA;Sep 19 07:40:00.656: INFO: vulnerability-advisor-sas-mgmt-64fb95bc44-j9vjc started at 2018-09-17 07:19:08 +0000 UTC (0+1 container statuses recorded)&#xA;Sep 19 07:40:00.656: INFO: &#x9;Container sas-mgmt-server ready: true, restart count 0&#xA;Sep 19 07:40:00.695: INFO: &#xA;Latency metrics for node 10.46.6.172&#xA;Sep 19 07:40:00.695: INFO: &#xA;Logging node info for node 10.46.6.173&#xA;Sep 19 07:40:00.699: INFO: Node Info: &amp;Node{ObjectMeta:k8s_io_apimachinery_pkg_apis_meta_v1.ObjectMeta{Name:10.46.6.173,GenerateName:,Namespace:,SelfLink:/api/v1/nodes/10.46.6.173,UID:3dc7268b-ba44-11e8-b20e-fa163e707b2e,ResourceVersion:457621,Generation:0,CreationTimestamp:2018-09-17 06:38:09 +0000 UTC,DeletionTimestamp:&lt;nil&gt;,DeletionGracePeriodSeconds:nil,Labels:map[string]string{beta.kubernetes.io/arch: amd64,beta.kubernetes.io/os: linux,etcd: true,kubernetes.io/hostname: 10.46.6.173,master: true,node-role.kubernetes.io/etcd: true,node-role.kubernetes.io/master: true,node-role.kubernetes.io/proxy: true,proxy: true,role: master,},Annotations:map[string]string{node.alpha.kubernetes.io/ttl: 0,volumes.kubernetes.io/controller-managed-attach-detach: true,},OwnerReferences:[],Finalizers:[],ClusterName:,Initializers:nil,},Spec:NodeSpec{PodCIDR:,DoNotUse_ExternalID:,ProviderID:,Unschedulable:false,Taints:[{dedicated proxy NoSchedule &lt;nil&gt;}],ConfigSource:nil,},Status:NodeStatus{Capacity:ResourceList{cpu: {{32 0} {&lt;nil&gt;} 32 DecimalSI},ephemeral-storage: {{107362627584 0} {&lt;nil&gt;} 104846316Ki BinarySI},hugepages-1Gi: {{0 0} {&lt;nil&gt;} 0 DecimalSI},hugepages-2Mi: {{0 0} {&lt;nil&gt;} 0 DecimalSI},memory: {{135202160640 0} {&lt;nil&gt;}  BinarySI},pods: {{320 0} {&lt;nil&gt;} 320 DecimalSI},},Allocatable:ResourceList{cpu: {{32 0} {&lt;nil&gt;} 32 DecimalSI},ephemeral-storage: {{107257769984 0} {&lt;nil&gt;} 104743916Ki BinarySI},hugepages-1Gi: {{0 0} {&lt;nil&gt;} 0 DecimalSI},hugepages-2Mi: {{0 0} {&lt;nil&gt;} 0 DecimalSI},memory: {{135097303040 0} {&lt;nil&gt;}  BinarySI},pods: {{320 0} {&lt;nil&gt;} 320 DecimalSI},},Phase:,Conditions:[{OutOfDisk False 2018-09-19 07:39:59 +0000 UTC 2018-09-17 06:38:09 +0000 UTC KubeletHasSufficientDisk kubelet has sufficient disk space available} {MemoryPressure False 2018-09-19 07:39:59 +0000 UTC 2018-09-17 06:38:09 +0000 UTC KubeletHasSufficientMemory kubelet has sufficient memory available} {DiskPressure False 2018-09-19 07:39:59 +0000 UTC 2018-09-17 06:38:09 +0000 UTC KubeletHasNoDiskPressure kubelet has no disk pressure} {PIDPressure False 2018-09-19 07:39:59 +0000 UTC 2018-09-17 06:38:09 +0000 UTC KubeletHasSufficientPID kubelet has sufficient PID available} {Ready True 2018-09-19 07:39:59 +0000 UTC 2018-09-17 07:06:09 +0000 UTC KubeletReady kubelet is posting ready status}],Addresses:[{InternalIP 10.46.6.173} {Hostname 10.46.6.173}],DaemonEndpoints:NodeDaemonEndpoints{KubeletEndpoint:DaemonEndpoint{Port:10250,},},NodeInfo:NodeSystemInfo{MachineID:52ca0d2c3fb341c79b059a96d10571a6,SystemUUID:DA83D170-F88E-40EB-A0A3-2918CD5F6005,BootID:806b09ea-0a42-4719-bbaa-13e375c7b62f,KernelVersion:3.10.0-862.9.1.el7.x86_64,OSImage:Red Hat Enterprise Linux,ContainerRuntimeVersion:docker://18.3.1,KubeletVersion:v1.11.1+icp-ee,KubeProxyVersion:v1.11.1+icp-ee,OperatingSystem:linux,Architecture:amd64,},Images:[{[lzj.icp:8500/ibmcom/statsd-amd64@sha256:5ee11bc24bced45a77d9d630348680f319c09d9d3b2230b04518d1e2a5263ae2 lzj.icp:8500/ibmcom/statsd-amd64:0.7.2.1 lzj.icp:8500/ibmcom/statsd:0.7.2.1] 1234731808} {[lzj.icp:8500/ibmcom/kafka-amd64@sha256:0d6d348ccd7aa2854d60791331280e58db92029a522c8bfb3eb40c7c0913ca8f lzj.icp:8500/ibmcom/kafka-amd64:0.10.0.2 lzj.icp:8500/ibmcom/kafka:0.10.0.2] 1114805679} {[lzj.icp:8500/ibmcom/iam-token-service-amd64@sha256:9211161e5b5b9d892a99b46fad4429333ceb7143b4039419df7ea0efa36381a9 lzj.icp:8500/ibmcom/iam-token-service-amd64:3.1.0 lzj.icp:8500/ibmcom/iam-token-service:3.1.0] 1051060152} {[lzj.icp:8500/ibmcom/icp-platform-auth-amd64@sha256:abc258009b8696a83214b7a9d9df63f6d83e19cfca2987c4836b0eadfa4c99c7 lzj.icp:8500/ibmcom/icp-platform-auth-amd64:3.1.0 lzj.icp:8500/ibmcom/icp-platform-auth:3.1.0] 1028283742} {[lzj.icp:8500/ibmcom/reg-crawler-amd64@sha256:9e5d4ebbac3dd6cbf9f892b5bd634f89fae3d4b2e6a23debd3ecd322e3eb817e lzj.icp:8500/ibmcom/reg-crawler-amd64:1.3.1 lzj.icp:8500/ibmcom/reg-crawler:1.3.1] 1007817363} {[lzj.icp:8500/ibmcom/live-crawler-amd64@sha256:37a79ec87bd3c8b9af25cf1e25f4f14281ffb9f5ebeaf61c0b7c8a5799baf782 lzj.icp:8500/ibmcom/live-crawler-amd64:1.3.1 lzj.icp:8500/ibmcom/live-crawler:1.3.1] 987515538} {[lzj.icp:8500/ibmcom/cos-indexer-amd64@sha256:adf28ff960ebdcbfcfa5e4522b81aa3565338f8d640dad611a1c3f0d3894393b lzj.icp:8500/ibmcom/cos-indexer-amd64:1.3.1 lzj.icp:8500/ibmcom/cos-indexer:1.3.1] 846578165} {[lzj.icp:8500/ibmcom/secure-config-annotator-amd64@sha256:26e845c6a252e0c5ae73e764645993b3270e289d1a2e9784b06ddd7898ca45d9 lzj.icp:8500/ibmcom/secure-config-annotator-amd64:1.3.1 lzj.icp:8500/ibmcom/secure-config-annotator:1.3.1] 835555196} {[lzj.icp:8500/ibmcom/hyperkube-amd64@sha256:9eaadf7c2a417ee2a9a219e2eadf21884742199a484be2ca737f0e8a178d490a lzj.icp:8500/ibmcom/hyperkube-amd64:v1.11.1-ee lzj.icp:8500/ibmcom/hyperkube:v1.11.1-ee] 782626408} {[lzj.icp:8500/ibmcom/compliance-annotator-amd64@sha256:5d8bbbef3a7dc54ba9addb256d2aa8a3f7d5c27a454ff4b7ee583b217dac2ce4 lzj.icp:8500/ibmcom/compliance-annotator-amd64:1.3.1 lzj.icp:8500/ibmcom/compliance-annotator:1.3.1] 773932738} {[lzj.icp:8500/ibmcom/icp-logstash-amd64@sha256:02a683ee6ad9eeed7ea8ebb1de713aaf902a9e20a39ccc0294ee1f947f1bbd73 lzj.icp:8500/ibmcom/icp-logstash-amd64:5.5.1 lzj.icp:8500/ibmcom/icp-logstash:5.5.1] 764906887} {[lzj.icp:8500/ibmcom/process-ma-hf-amd64@sha256:ef0d164350d07600f8037082db7d98cf81b9c554d8a60692ae90b8d0239a8cdc lzj.icp:8500/ibmcom/process-ma-hf-amd64:1.3.1 lzj.icp:8500/ibmcom/process-ma-hf:1.3.1] 758635128} {[lzj.icp:8500/ibmcom/vulnerability-annotator-amd64@sha256:febedf85b65e0d1800e67249274d474d4ce67e8041e81487f76bce727cb39bd4 lzj.icp:8500/ibmcom/vulnerability-annotator-amd64:1.3.1 lzj.icp:8500/ibmcom/vulnerability-annotator:1.3.1] 757013017} {[lzj.icp:8500/ibmcom/py-generic-indexer-amd64@sha256:45cb17e23e15f4dfe44471309af12f0655aad5f8e859c718f393290f220b02b2 lzj.icp:8500/ibmcom/py-generic-indexer-amd64:1.3.1 lzj.icp:8500/ibmcom/py-generic-indexer:1.3.1] 755588945} {[lzj.icp:8500/ibmcom/icp-inception-amd64@sha256:1dad180d14ae732d17ca5cf41b87dbb316c072323f186d60a08a753f904eb5b2 ibmcom/icp-inception-amd64:3.1.0-ee lzj.icp:8500/ibmcom/icp-inception-amd64:3.1.0-ee lzj.icp:8500/ibmcom/icp-inception:3.1.0-ee] 744155119} {[lzj.icp:8500/ibmcom/config-parser-amd64@sha256:7d721e0b5a827921ac16fa9e7570db225211e6dd700cdeaba1d28ba02ff8ef6d lzj.icp:8500/ibmcom/config-parser-amd64:1.3.1 lzj.icp:8500/ibmcom/config-parser:1.3.1] 739243486} {[lzj.icp:8500/ibmcom/iam-policy-administration-amd64@sha256:e1941aa09a5b692505cb3be3e497d3ff9acb900786b9a2c8c4c00d0243b37dd0 lzj.icp:8500/ibmcom/iam-policy-administration-amd64:3.1.0 lzj.icp:8500/ibmcom/iam-policy-administration:3.1.0] 711947327} {[lzj.icp:8500/ibmcom/password-annotator-amd64@sha256:bca1b6b222d8ea8ade174a8cc1a549f161d75d3e9d69881f08a1fb316a8e27d3 lzj.icp:8500/ibmcom/password-annotator-amd64:1.3.1 lzj.icp:8500/ibmcom/password-annotator:1.3.1] 707627907} {[lzj.icp:8500/ibmcom/notification-dispatcher-amd64@sha256:ec8dfbc351a0d758488f9f8bfa17c3182a5c02819a6ebf7144ab914a2233cf57 lzj.icp:8500/ibmcom/notification-dispatcher-amd64:1.3.1 lzj.icp:8500/ibmcom/notification-dispatcher:1.3.1] 707588442} {[lzj.icp:8500/ibmcom/sas-base-amd64@sha256:9651b1149c62d5a0968aaeffe71f2da68cd7e07ff8d7ea67538278c00ab08457 lzj.icp:8500/ibmcom/sas-base-amd64:1.3.1 lzj.icp:8500/ibmcom/sas-base:1.3.1] 653746081} {[lzj.icp:8500/ibmcom/ma-file-annotator-amd64@sha256:8caa6280fd845fd524ad874a6b243510ebf085d58c989229020fcfc743492632 lzj.icp:8500/ibmcom/ma-file-annotator-amd64:1.3.1 lzj.icp:8500/ibmcom/ma-file-annotator:1.3.1] 653745236} {[lzj.icp:8500/ibmcom/icp-kibana-amd64@sha256:8b69887ac5297e1d2e68b9c2ce885b9a888f6c278ca1538acb0f03206b48502a lzj.icp:8500/ibmcom/icp-kibana-amd64:5.5.1 lzj.icp:8500/ibmcom/icp-kibana:5.5.1] 639622018} {[lzj.icp:8500/ibmcom/icp-platform-api-amd64@sha256:1fc47925c2611aef12631b3f3806308f55a298074aebc561fd04cf8a7691c669 lzj.icp:8500/ibmcom/icp-platform-api-amd64:3.1.0 lzj.icp:8500/ibmcom/icp-platform-api:3.1.0] 612589125} {[lzj.icp:8500/ibmcom/iam-policy-decision-amd64@sha256:d49eb3845c57bb8370a477949d92da10a178b81ade50f0e9d970981fadd6686d lzj.icp:8500/ibmcom/iam-policy-decision-amd64:3.1.0 lzj.icp:8500/ibmcom/iam-policy-decision:3.1.0] 559718344} {[lzj.icp:8500/ibmcom/rootkit-annotator-amd64@sha256:caf6c24136b8785d901f346a640d673b55fe105c3617cfcb432ee2006f5b1cf4 lzj.icp:8500/ibmcom/rootkit-annotator-amd64:1.3.1 lzj.icp:8500/ibmcom/rootkit-annotator:1.3.1] 549434506} {[lzj.icp:8500/ibmcom/icp-elasticsearch-amd64@sha256:0063a7a931ca4e52d8f7a51f2bdb010345f4373b5b904b52e5c8a48ec0c1fde7 lzj.icp:8500/ibmcom/icp-elasticsearch-amd64:5.5.1 lzj.icp:8500/ibmcom/icp-elasticsearch:5.5.1] 520121248} {[lzj.icp:8500/ibmcom/logging-pki-init-amd64@sha256:cc4bfa085e1ae99120ee526acd3e62d205e10de6f1c773c521fc5b933914f6a8 lzj.icp:8500/ibmcom/logging-pki-init-amd64:2.0.0 lzj.icp:8500/ibmcom/logging-pki-init:2.0.0] 501921135} {[lzj.icp:8500/ibmcom/searchguard-init-amd64@sha256:d19ce1d27f406945d4ed78b0f07007998c2ab3889086e502924847c2186db546 lzj.icp:8500/ibmcom/searchguard-init-amd64:2.0.0 lzj.icp:8500/ibmcom/searchguard-init:2.0.0] 457030441} {[lzj.icp:8500/ibmcom/metering-ui-amd64@sha256:3628a8fe41183c08ea0b02e2e798e3649e4aebe2c2405c34572b9eb7c7c4d9a8 lzj.icp:8500/ibmcom/metering-ui-amd64:3.1.0 lzj.icp:8500/ibmcom/metering-ui:3.1.0] 385577105} {[lzj.icp:8500/ibmcom/heketi-amd64@sha256:c5b579a4f219c87990f861eb61de86cb9cfb51b6d230b8c299df7d9fd3d02d0e lzj.icp:8500/ibmcom/heketi-amd64:v7.0.0 lzj.icp:8500/ibmcom/heketi:v7.0.0] 384720377} {[lzj.icp:8500/ibmcom/icp-mongodb-amd64@sha256:a305ae8bc309898d86bf60aee968846db3602f77b25924640d5f08a2389ee99d lzj.icp:8500/ibmcom/icp-mongodb-amd64:3.1.0 lzj.icp:8500/ibmcom/icp-mongodb:3.1.0] 379353410} {[lzj.icp:8500/ibmcom/icp-catalog-ui-amd64@sha256:33993b4eab189e3c78fe27799017da770d47523cf6831460741008bf91297d6d lzj.icp:8500/ibmcom/icp-catalog-ui-amd64:3.1.0 lzj.icp:8500/ibmcom/icp-catalog-ui:3.1.0] 363781304} {[lzj.icp:8500/ibmcom/nginx-ingress-controller-amd64@sha256:63b48dd3ba635aa65409f7d6a319e293697810c1b9e885e6255bebf36a2506ab lzj.icp:8500/ibmcom/nginx-ingress-controller-amd64:0.16.2 lzj.icp:8500/ibmcom/nginx-ingress-controller:0.16.2] 361632894} {[lzj.icp:8500/ibmcom/mariadb-amd64@sha256:1f9876179c32fcf463804f75cbf2fb031106edf2be9d5dbf6705375ca53930bb lzj.icp:8500/ibmcom/mariadb-amd64:10.2.17 lzj.icp:8500/ibmcom/mariadb:10.2.17] 358991946} {[lzj.icp:8500/ibmcom/k8szk-amd64@sha256:a9ee22a4df14654552a02303e4560623244683692fd298dd2fb71e9dd66219f3 lzj.icp:8500/ibmcom/k8szk-amd64:v3 lzj.icp:8500/ibmcom/k8szk:v3] 331472973} {[lzj.icp:8500/ibmcom/gluster-amd64@sha256:647caedb536eb7b8c5c8b0a2b69e52d2a34be9e6c9c7b9c1b21d14fcfa261886 lzj.icp:8500/ibmcom/gluster-amd64:v4.0.2 lzj.icp:8500/ibmcom/gluster:v4.0.2] 324265531} {[lzj.icp:8500/ibmcom/istio-grafana-amd64@sha256:381a2dd3a5addbc5d43920bc19bb15ba6dbd422e4a9d91163108e72c5a63234c lzj.icp:8500/ibmcom/istio-grafana-amd64:1.0.0.1 lzj.icp:8500/ibmcom/istio-grafana:1.0.0.1] 324187770} {[lzj.icp:8500/ibmcom/icp-filebeat-amd64@sha256:03af9b78dad6c2ba857975d10c81e781460796dff1ff1163ea4596f4aa10601d lzj.icp:8500/ibmcom/icp-filebeat-amd64:5.5.1 lzj.icp:8500/ibmcom/icp-filebeat:5.5.1] 317104874} {[lzj.icp:8500/ibmcom/istio-proxyv2-amd64@sha256:cd77e75fa85ce74914e1b7b0bef980ece8a62ef0d776c9ef51a0d7d30b4b64a0 lzj.icp:8500/ibmcom/istio-proxyv2-amd64:1.0.0.1 lzj.icp:8500/ibmcom/istio-proxyv2:1.0.0.1] 311276139} {[lzj.icp:8500/ibmcom/istio-pilot-amd64@sha256:63352073a964037fd37f6150228231d2e5eca7e0c2920405d6269326d3c54263 lzj.icp:8500/ibmcom/istio-pilot-amd64:1.0.0.1 lzj.icp:8500/ibmcom/istio-pilot:1.0.0.1] 309502004} {[lzj.icp:8500/ibmcom/fluentd-amd64@sha256:384a99b8d941c93f96ee5b5cbae5b70500219a3f71c73cf4eddd20d9d693e3b3 lzj.icp:8500/ibmcom/fluentd-amd64:v1.2.2-icp lzj.icp:8500/ibmcom/fluentd:v1.2.2-icp] 270902701} {[lzj.icp:8500/ibmcom/icp-identity-manager-amd64@sha256:632f31acd0fcfc3d0cebea31cfb71018f6712bd1a1b4da7476942b3c23aa3521 lzj.icp:8500/ibmcom/icp-identity-manager-amd64:3.1.0 lzj.icp:8500/ibmcom/icp-identity-manager:3.1.0] 268667523} {[lzj.icp:8500/ibmcom/elasticsearch-plugin-searchguard-amd64@sha256:28f88d06bbbc073162702064c1be4ad06272e9021cbc0f929ba8c6da2ca25ae6 lzj.icp:8500/ibmcom/elasticsearch-plugin-searchguard-amd64:2.0.0 lzj.icp:8500/ibmcom/elasticsearch-plugin-searchguard:2.0.0] 267864279} {[lzj.icp:8500/ibmcom/kiali-amd64@sha256:bec63b454cf2e597c61f6a9943144050e5e6fc7a4f6474bc3bb6b627ba20c71c lzj.icp:8500/ibmcom/kiali-amd64:istio-release-1.0.0.1 lzj.icp:8500/ibmcom/kiali:istio-release-1.0.0.1] 265771300} {[lzj.icp:8500/ibmcom/calico-node-amd64@sha256:9871f4dde9eab9fd804b12f3114da36505ff5c220e2323b7434eec24e3b23ac5 lzj.icp:8500/ibmcom/calico-node-amd64:v3.1.3 lzj.icp:8500/ibmcom/calico-node:v3.1.3] 248202699} {[lzj.icp:8500/ibmcom/grafana-amd64@sha256:dc3566257a0c716caedfb33127d8ee385290c1dda006bebfb75c376d56b30c88 lzj.icp:8500/ibmcom/grafana-amd64:5.2.0 lzj.icp:8500/ibmcom/grafana:5.2.0] 245297582} {[lzj.icp:8500/ibmcom/indices-cleaner-amd64@sha256:e6c6453d54012488e9ebfaa9e4d829f567d8e66b24c1613e6d88ca192ed5e85b lzj.icp:8500/ibmcom/indices-cleaner-amd64:1.0.0 lzj.icp:8500/ibmcom/indices-cleaner:1.0.0] 238131553} {[lzj.icp:8500/ibmcom/icp-identity-provider-amd64@sha256:24dba8b07c8295eef99abbf8d83041908516e4e50e4e4cfbbbcd53bdf415dda1 lzj.icp:8500/ibmcom/icp-identity-provider-amd64:3.1.0 lzj.icp:8500/ibmcom/icp-identity-provider:3.1.0] 224286517} {[lzj.icp:8500/ibmcom/curl-amd64@sha256:aad05b4e4529f7e70516d8d3028cae6cd1d50de738ce164f2a532ce2470ac43f lzj.icp:8500/ibmcom/curl-amd64:4.0.0 lzj.icp:8500/ibmcom/curl:4.0.0] 221192597} {[lzj.icp:8500/ibmcom/icp-audit-service-amd64@sha256:9add202c06a43da647380c860d9139fa059701fe103c1f229281215bf99dbbd3 lzj.icp:8500/ibmcom/icp-audit-service-amd64:3.1.0 lzj.icp:8500/ibmcom/icp-audit-service:3.1.0] 215897363}],VolumesInUse:[],VolumesAttached:[],Config:&amp;NodeConfigStatus{Assigned:nil,Active:nil,LastKnownGood:nil,Error:,},},}&#xA;Sep 19 07:40:00.700: INFO: &#xA;Logging kubelet events for node 10.46.6.173&#xA;Sep 19 07:40:00.705: INFO: &#xA;Logging pods the kubelet thinks is on node 10.46.6.173&#xA;Sep 19 07:40:00.747: INFO: mgmt-repo-57dc689b74-tmp44 started at 2018-09-17 07:17:51 +0000 UTC (1+2 container statuses recorded)&#xA;Sep 19 07:40:00.747: INFO: &#x9;Init container mgmt-repo-init ready: true, restart count 0&#xA;Sep 19 07:40:00.748: INFO: &#x9;Container audit-service ready: true, restart count 0&#xA;Sep 19 07:40:00.748: INFO: &#x9;Container mgmt-repo ready: true, restart count 0&#xA;Sep 19 07:40:00.748: INFO: istio-egressgateway-54448bcdbd-lhh5c started at 2018-09-17 07:20:07 +0000 UTC (0+1 container statuses recorded)&#xA;Sep 19 07:40:00.748: INFO: &#x9;Container istio-egressgateway ready: true, restart count 0&#xA;Sep 19 07:40:00.748: INFO: istio-ingressgateway-7bc96d6585-4qnc5 started at 2018-09-17 07:24:14 +0000 UTC (0+1 container statuses recorded)&#xA;Sep 19 07:40:00.748: INFO: &#x9;Container istio-ingressgateway ready: true, restart count 0&#xA;Sep 19 07:40:00.748: INFO: auth-idp-kjpmx started at 2018-09-17 07:10:04 +0000 UTC (1+4 container statuses recorded)&#xA;Sep 19 07:40:00.748: INFO: &#x9;Init container init-mariadb ready: true, restart count 0&#xA;Sep 19 07:40:00.748: INFO: &#x9;Container icp-audit-service ready: true, restart count 0&#xA;Sep 19 07:40:00.748: INFO: &#x9;Container platform-auth-service ready: true, restart count 0&#xA;Sep 19 07:40:00.748: INFO: &#x9;Container platform-identity-manager ready: true, restart count 0&#xA;Sep 19 07:40:00.748: INFO: &#x9;Container platform-identity-provider ready: true, restart count 0&#xA;Sep 19 07:40:00.748: INFO: helm-repo-5649f57447-wwdn4 started at 2018-09-17 07:13:54 +0000 UTC (1+2 container statuses recorded)&#xA;Sep 19 07:40:00.748: INFO: &#x9;Init container helm-repo-init ready: true, restart count 0&#xA;Sep 19 07:40:00.748: INFO: &#x9;Container audit-service ready: true, restart count 0&#xA;Sep 19 07:40:00.748: INFO: &#x9;Container helm-repo ready: true, restart count 0&#xA;Sep 19 07:40:00.748: INFO: metering-reader-l7284 started at 2018-09-17 07:14:11 +0000 UTC (1+1 container statuses recorded)&#xA;Sep 19 07:40:00.748: INFO: &#x9;Init container metering-reader-init ready: true, restart count 0&#xA;Sep 19 07:40:00.748: INFO: &#x9;Container metering-reader ready: true, restart count 0&#xA;Sep 19 07:40:00.748: INFO: istio-statsd-prom-bridge-66cb69b666-p76m8 started at 2018-09-17 07:17:29 +0000 UTC (0+1 container statuses recorded)&#xA;Sep 19 07:40:00.748: INFO: &#x9;Container statsd-prom-bridge ready: true, restart count 0&#xA;Sep 19 07:40:00.748: INFO: servicegraph-85578d8fc6-m62z4 started at 2018-09-17 07:17:32 +0000 UTC (0+1 container statuses recorded)&#xA;Sep 19 07:40:00.748: INFO: &#x9;Container servicegraph ready: true, restart count 0&#xA;Sep 19 07:40:00.748: INFO: istio-telemetry-8b5964dc7-vjqbq started at 2018-09-17 07:27:36 +0000 UTC (0+2 container statuses recorded)&#xA;Sep 19 07:40:00.748: INFO: &#x9;Container istio-proxy ready: true, restart count 0&#xA;Sep 19 07:40:00.748: INFO: &#x9;Container mixer ready: true, restart count 0&#xA;Sep 19 07:40:00.748: INFO: istio-telemetry-8b5964dc7-9q67f started at 2018-09-17 07:31:08 +0000 UTC (0+2 container statuses recorded)&#xA;Sep 19 07:40:00.748: INFO: &#x9;Container istio-proxy ready: true, restart count 0&#xA;Sep 19 07:40:00.748: INFO: &#x9;Container mixer ready: true, restart count 0&#xA;Sep 19 07:40:00.748: INFO: service-catalog-controller-manager-5969cccf86-65phs started at 2018-09-17 07:08:21 +0000 UTC (0+1 container statuses recorded)&#xA;Sep 19 07:40:00.748: INFO: &#x9;Container controller-manager ready: true, restart count 0&#xA;Sep 19 07:40:00.748: INFO: auth-pap-qb5m2 started at 2018-09-17 07:10:20 +0000 UTC (0+1 container statuses recorded)&#xA;Sep 19 07:40:00.748: INFO: &#x9;Container auth-pap ready: true, restart count 0&#xA;Sep 19 07:40:00.748: INFO: istio-pilot-6cf9ccf474-kkb6j started at 2018-09-17 07:17:31 +0000 UTC (0+2 container statuses recorded)&#xA;Sep 19 07:40:00.748: INFO: &#x9;Container discovery ready: true, restart count 0&#xA;Sep 19 07:40:00.748: INFO: &#x9;Container istio-proxy ready: true, restart count 0&#xA;Sep 19 07:40:00.748: INFO: calico-node-m7d5t started at 2018-09-17 07:05:54 +0000 UTC (0+2 container statuses recorded)&#xA;Sep 19 07:40:00.748: INFO: &#x9;Container calico-node ready: true, restart count 0&#xA;Sep 19 07:40:00.748: INFO: &#x9;Container install-cni ready: true, restart count 0&#xA;Sep 19 07:40:00.748: INFO: ibm-cert-manager-cert-manager-74687f689b-7994r started at 2018-09-17 07:07:12 +0000 UTC (0+1 container statuses recorded)&#xA;Sep 19 07:40:00.748: INFO: &#x9;Container ibm-cert-manager ready: true, restart count 0&#xA;Sep 19 07:40:00.748: INFO: nginx-ingress-controller-h5z2v started at 2018-09-17 07:08:28 +0000 UTC (1+1 container statuses recorded)&#xA;Sep 19 07:40:00.748: INFO: &#x9;Init container sysctl ready: true, restart count 0&#xA;Sep 19 07:40:00.748: INFO: &#x9;Container nginx-ingress ready: true, restart count 0&#xA;Sep 19 07:40:00.748: INFO: istio-egressgateway-54448bcdbd-pjbtc started at 2018-09-17 07:28:34 +0000 UTC (0+1 container statuses recorded)&#xA;Sep 19 07:40:00.748: INFO: &#x9;Container istio-egressgateway ready: true, restart count 0&#xA;Sep 19 07:40:00.748: INFO: k8s-master-10.46.6.173 started at &lt;nil&gt; (0+0 container statuses recorded)&#xA;Sep 19 07:40:00.748: INFO: grafana-77676f44f7-c9wr6 started at 2018-09-17 07:17:28 +0000 UTC (0+1 container statuses recorded)&#xA;Sep 19 07:40:00.748: INFO: &#x9;Container grafana ready: true, restart count 1&#xA;Sep 19 07:40:00.748: INFO: security-onboarding-tkf79 started at 2018-09-17 07:18:12 +0000 UTC (0+1 container statuses recorded)&#xA;Sep 19 07:40:00.748: INFO: &#x9;Container security-onboarding ready: false, restart count 0&#xA;Sep 19 07:40:00.748: INFO: istio-egressgateway-54448bcdbd-xmkbc started at 2018-09-17 07:24:11 +0000 UTC (0+1 container statuses recorded)&#xA;Sep 19 07:40:00.748: INFO: &#x9;Container istio-egressgateway ready: true, restart count 0&#xA;Sep 19 07:40:00.748: INFO: tiller-deploy-6b58875cb-5l8kh started at 2018-09-17 07:05:28 +0000 UTC (0+1 container statuses recorded)&#xA;Sep 19 07:40:00.748: INFO: &#x9;Container tiller ready: true, restart count 0&#xA;Sep 19 07:40:00.748: INFO: unified-router-lkwnl started at 2018-09-17 07:15:31 +0000 UTC (0+1 container statuses recorded)&#xA;Sep 19 07:40:00.748: INFO: &#x9;Container unified-router ready: true, restart count 0&#xA;Sep 19 07:40:00.748: INFO: istio-ingressgateway-7bc96d6585-smf45 started at 2018-09-17 07:17:28 +0000 UTC (0+1 container statuses recorded)&#xA;Sep 19 07:40:00.748: INFO: &#x9;Container istio-ingressgateway ready: true, restart count 0&#xA;Sep 19 07:40:00.748: INFO: default-backend-54966589c4-4d47g started at 2018-09-17 07:08:29 +0000 UTC (0+1 container statuses recorded)&#xA;Sep 19 07:40:00.748: INFO: &#x9;Container default-backend ready: true, restart count 0&#xA;Sep 19 07:40:00.748: INFO: platform-ui-6fjgx started at 2018-09-17 07:14:34 +0000 UTC (0+1 container statuses recorded)&#xA;Sep 19 07:40:00.748: INFO: &#x9;Container platform-ui ready: true, restart count 0&#xA;Sep 19 07:40:00.748: INFO: monitoring-prometheus-nodeexporter-f84fv started at 2018-09-17 07:15:45 +0000 UTC (0+2 container statuses recorded)&#xA;Sep 19 07:40:00.748: INFO: &#x9;Container nodeexporter ready: true, restart count 0&#xA;Sep 19 07:40:00.748: INFO: &#x9;Container router ready: true, restart count 0&#xA;Sep 19 07:40:00.748: INFO: prometheus-6f98d89664-wh7pb started at 2018-09-17 07:17:31 +0000 UTC (0+1 container statuses recorded)&#xA;Sep 19 07:40:00.748: INFO: &#x9;Container prometheus ready: true, restart count 0&#xA;Sep 19 07:40:00.748: INFO: vulnerability-advisor-live-crawler-p6khc started at 2018-09-17 07:19:02 +0000 UTC (0+1 container statuses recorded)&#xA;Sep 19 07:40:00.748: INFO: &#x9;Container live-crawler ready: true, restart count 0&#xA;Sep 19 07:40:00.748: INFO: service-catalog-apiserver-967x9 started at 2018-09-17 07:08:20 +0000 UTC (0+1 container statuses recorded)&#xA;Sep 19 07:40:00.748: INFO: &#x9;Container apiserver ready: true, restart count 0&#xA;Sep 19 07:40:00.748: INFO: oidc-client-registration-szxrk started at 2018-09-17 07:10:05 +0000 UTC (0+1 container statuses recorded)&#xA;Sep 19 07:40:00.748: INFO: &#x9;Container oidc-client-registration ready: false, restart count 0&#xA;Sep 19 07:40:00.748: INFO: kiali-7f8c59df94-25qmq started at 2018-09-17 07:17:27 +0000 UTC (0+1 container statuses recorded)&#xA;Sep 19 07:40:00.748: INFO: &#x9;Container kiali ready: true, restart count 0&#xA;Sep 19 07:40:00.748: INFO: kube-dns-mwjc8 started at 2018-09-17 07:06:10 +0000 UTC (0+1 container statuses recorded)&#xA;Sep 19 07:40:00.748: INFO: &#x9;Container kube-dns ready: true, restart count 0&#xA;Sep 19 07:40:00.748: INFO: auth-pdp-tk2jm started at 2018-09-17 07:10:28 +0000 UTC (5+2 container statuses recorded)&#xA;Sep 19 07:40:00.748: INFO: &#x9;Init container init-auth-service ready: true, restart count 0&#xA;Sep 19 07:40:00.748: INFO: &#x9;Init container init-identity-provider ready: true, restart count 0&#xA;Sep 19 07:40:00.748: INFO: &#x9;Init container init-identity-manager ready: true, restart count 0&#xA;Sep 19 07:40:00.748: INFO: &#x9;Init container init-token-service ready: true, restart count 0&#xA;Sep 19 07:40:00.748: INFO: &#x9;Init container init-pap ready: true, restart count 0&#xA;Sep 19 07:40:00.748: INFO: &#x9;Container auth-pdp ready: true, restart count 0&#xA;Sep 19 07:40:00.748: INFO: &#x9;Container icp-audit-service ready: true, restart count 0&#xA;Sep 19 07:40:00.748: INFO: icp-management-ingress-x6qn8 started at 2018-09-17 07:10:36 +0000 UTC (0+1 container statuses recorded)&#xA;Sep 19 07:40:00.748: INFO: &#x9;Container icp-management-ingress ready: true, restart count 0&#xA;Sep 19 07:40:00.748: INFO: istio-egressgateway-54448bcdbd-cqlhf started at 2018-09-17 07:24:11 +0000 UTC (0+1 container statuses recorded)&#xA;Sep 19 07:40:00.748: INFO: &#x9;Container istio-egressgateway ready: true, restart count 0&#xA;Sep 19 07:40:00.748: INFO: heapster-69b486565b-nt26r started at 2018-09-17 07:13:48 +0000 UTC (0+1 container statuses recorded)&#xA;Sep 19 07:40:00.748: INFO: &#x9;Container heapster ready: true, restart count 0&#xA;Sep 19 07:40:00.748: INFO: istio-galley-687cd96db-hlpng started at 2018-09-17 07:17:28 +0000 UTC (0+1 container statuses recorded)&#xA;Sep 19 07:40:00.748: INFO: &#x9;Container validator ready: true, restart count 0&#xA;Sep 19 07:40:00.748: INFO: istio-tracing-77ccfc8844-79ngl started at 2018-09-17 07:17:32 +0000 UTC (0+1 container statuses recorded)&#xA;Sep 19 07:40:00.748: INFO: &#x9;Container jaeger ready: true, restart count 0&#xA;Sep 19 07:40:00.748: INFO: audit-logging-fluentd-ds-dhcg6 started at 2018-09-17 07:18:46 +0000 UTC (0+1 container statuses recorded)&#xA;Sep 19 07:40:00.748: INFO: &#x9;Container fluentd ready: true, restart count 0&#xA;Sep 19 07:40:00.748: INFO: istio-ingressgateway-7bc96d6585-m567m started at 2018-09-17 07:20:41 +0000 UTC (0+1 container statuses recorded)&#xA;Sep 19 07:40:00.748: INFO: &#x9;Container istio-ingressgateway ready: true, restart count 0&#xA;Sep 19 07:40:00.748: INFO: helm-api-fdd886877-6pwm8 started at 2018-09-17 07:16:36 +0000 UTC (0+3 container statuses recorded)&#xA;Sep 19 07:40:00.748: INFO: &#x9;Container audit-service ready: true, restart count 0&#xA;Sep 19 07:40:00.748: INFO: &#x9;Container helmapi ready: true, restart count 0&#xA;Sep 19 07:40:00.748: INFO: &#x9;Container rudder ready: true, restart count 0&#xA;Sep 19 07:40:00.748: INFO: istio-egressgateway-54448bcdbd-f4v6v started at 2018-09-17 07:17:29 +0000 UTC (0+1 container statuses recorded)&#xA;Sep 19 07:40:00.748: INFO: &#x9;Container istio-egressgateway ready: true, restart count 0&#xA;Sep 19 07:40:00.748: INFO: istio-citadel-77694dc965-mwqkp started at 2018-09-17 07:17:31 +0000 UTC (0+1 container statuses recorded)&#xA;Sep 19 07:40:00.748: INFO: &#x9;Container citadel ready: true, restart count 0&#xA;Sep 19 07:40:00.748: INFO: vulnerability-advisor-process-ma-crawler-96728 started at 2018-09-17 07:19:03 +0000 UTC (0+1 container statuses recorded)&#xA;Sep 19 07:40:00.748: INFO: &#x9;Container process-ma-crawler ready: true, restart count 0&#xA;Sep 19 07:40:00.748: INFO: istio-telemetry-8b5964dc7-rfswc started at 2018-09-17 07:19:39 +0000 UTC (0+2 container statuses recorded)&#xA;Sep 19 07:40:00.748: INFO: &#x9;Container istio-proxy ready: true, restart count 0&#xA;Sep 19 07:40:00.748: INFO: &#x9;Container mixer ready: true, restart count 0&#xA;Sep 19 07:40:00.748: INFO: nvidia-device-plugin-nh54k started at 2018-09-17 07:07:17 +0000 UTC (1+1 container statuses recorded)&#xA;Sep 19 07:40:00.748: INFO: &#x9;Init container nvidia-driver-collector ready: true, restart count 0&#xA;Sep 19 07:40:00.748: INFO: &#x9;Container nvidia-device-plugin ready: true, restart count 0&#xA;Sep 19 07:40:00.748: INFO: mariadb-0 started at 2018-09-17 07:08:38 +0000 UTC (0+1 container statuses recorded)&#xA;Sep 19 07:40:00.748: INFO: &#x9;Container mariadb ready: true, restart count 0&#xA;Sep 19 07:40:00.748: INFO: logging-elk-filebeat-ds-qf2vz started at 2018-09-17 07:15:20 +0000 UTC (0+1 container statuses recorded)&#xA;Sep 19 07:40:00.748: INFO: &#x9;Container filebeat ready: true, restart count 0&#xA;Sep 19 07:40:00.748: INFO: istio-ingressgateway-7bc96d6585-c58zx started at 2018-09-17 07:24:15 +0000 UTC (0+1 container statuses recorded)&#xA;Sep 19 07:40:00.748: INFO: &#x9;Container istio-ingressgateway ready: true, restart count 0&#xA;Sep 19 07:40:00.748: INFO: istio-policy-5b64d7fd64-5l2m9 started at 2018-09-17 07:31:07 +0000 UTC (0+2 container statuses recorded)&#xA;Sep 19 07:40:00.748: INFO: &#x9;Container istio-proxy ready: true, restart count 0&#xA;Sep 19 07:40:00.748: INFO: &#x9;Container mixer ready: true, restart count 0&#xA;Sep 19 07:40:00.748: INFO: platform-api-2fs4x started at 2018-09-17 07:08:45 +0000 UTC (0+2 container statuses recorded)&#xA;Sep 19 07:40:00.748: INFO: &#x9;Container audit-service ready: true, restart count 0&#xA;Sep 19 07:40:00.748: INFO: &#x9;Container platform-api ready: true, restart count 0&#xA;Sep 19 07:40:00.748: INFO: istio-telemetry-8b5964dc7-hcf6d started at 2018-09-17 07:17:29 +0000 UTC (0+2 container statuses recorded)&#xA;Sep 19 07:40:00.748: INFO: &#x9;Container istio-proxy ready: true, restart count 0&#xA;Sep 19 07:40:00.748: INFO: &#x9;Container mixer ready: true, restart count 0&#xA;Sep 19 07:40:00.748: INFO: istio-sidecar-injector-86d554f5f7-d57zk started at 2018-09-17 07:17:32 +0000 UTC (0+1 container statuses recorded)&#xA;Sep 19 07:40:00.748: INFO: &#x9;Container sidecar-injector-webhook ready: true, restart count 0&#xA;Sep 19 07:40:00.748: INFO: secret-watcher-5f59fcbc69-pfnfk started at 2018-09-17 07:18:05 +0000 UTC (0+1 container statuses recorded)&#xA;Sep 19 07:40:00.748: INFO: &#x9;Container secret-watcher ready: true, restart count 0&#xA;Sep 19 07:40:00.748: INFO: istio-telemetry-8b5964dc7-nw9kk started at 2018-09-17 07:23:11 +0000 UTC (0+2 container statuses recorded)&#xA;Sep 19 07:40:00.748: INFO: &#x9;Container istio-proxy ready: true, restart count 0&#xA;Sep 19 07:40:00.748: INFO: &#x9;Container mixer ready: true, restart count 0&#xA;Sep 19 07:40:00.748: INFO: calico-kube-controllers-dcb8cc97c-gtsqp started at 2018-09-17 07:05:53 +0000 UTC (0+1 container statuses recorded)&#xA;Sep 19 07:40:00.748: INFO: &#x9;Container calico-kube-controllers ready: true, restart count 0&#xA;Sep 19 07:40:00.748: INFO: icp-mongodb-0 started at 2018-09-17 07:07:42 +0000 UTC (2+1 container statuses recorded)&#xA;Sep 19 07:40:00.748: INFO: &#x9;Init container install ready: true, restart count 0&#xA;Sep 19 07:40:00.748: INFO: &#x9;Init container bootstrap ready: true, restart count 0&#xA;Sep 19 07:40:00.748: INFO: &#x9;Container icp-mongodb ready: true, restart count 0&#xA;Sep 19 07:40:00.748: INFO: catalog-ui-5rtkh started at 2018-09-17 07:15:57 +0000 UTC (0+1 container statuses recorded)&#xA;Sep 19 07:40:00.748: INFO: &#x9;Container catalog-ui ready: true, restart count 0&#xA;Sep 19 07:40:00.748: INFO: istio-policy-5b64d7fd64-jrlzt started at 2018-09-17 07:23:11 +0000 UTC (0+2 container statuses recorded)&#xA;Sep 19 07:40:00.748: INFO: &#x9;Container istio-proxy ready: true, restart count 0&#xA;Sep 19 07:40:00.748: INFO: &#x9;Container mixer ready: true, restart count 0&#xA;Sep 19 07:40:00.748: INFO: istio-policy-5b64d7fd64-fb4bc started at 2018-09-17 07:27:37 +0000 UTC (0+2 container statuses recorded)&#xA;Sep 19 07:40:00.748: INFO: &#x9;Container istio-proxy ready: true, restart count 0&#xA;Sep 19 07:40:00.748: INFO: &#x9;Container mixer ready: true, restart count 0&#xA;Sep 19 07:40:00.748: INFO: k8s-proxy-10.46.6.173 started at &lt;nil&gt; (0+0 container statuses recorded)&#xA;Sep 19 07:40:00.748: INFO: k8s-etcd-10.46.6.173 started at &lt;nil&gt; (0+0 container statuses recorded)&#xA;Sep 19 07:40:00.748: INFO: image-manager-0 started at 2018-09-17 06:38:56 +0000 UTC (0+2 container statuses recorded)&#xA;Sep 19 07:40:00.748: INFO: &#x9;Container icp-registry ready: true, restart count 0&#xA;Sep 19 07:40:00.748: INFO: &#x9;Container image-manager ready: true, restart count 0&#xA;Sep 19 07:40:00.748: INFO: platform-deploy-dbbks started at 2018-09-17 07:08:45 +0000 UTC (0+1 container statuses recorded)&#xA;Sep 19 07:40:00.748: INFO: &#x9;Container platform-deploy ready: true, restart count 0&#xA;Sep 19 07:40:00.748: INFO: auth-apikeys-x45mz started at 2018-09-17 07:10:12 +0000 UTC (0+1 container statuses recorded)&#xA;Sep 19 07:40:00.748: INFO: &#x9;Container auth-apikeys ready: true, restart count 0&#xA;Sep 19 07:40:00.748: INFO: istio-policy-5b64d7fd64-pt9z2 started at 2018-09-17 07:17:30 +0000 UTC (0+2 container statuses recorded)&#xA;Sep 19 07:40:00.748: INFO: &#x9;Container istio-proxy ready: true, restart count 0&#xA;Sep 19 07:40:00.748: INFO: &#x9;Container mixer ready: true, restart count 0&#xA;Sep 19 07:40:00.748: INFO: istio-policy-5b64d7fd64-z68j4 started at 2018-09-17 07:19:38 +0000 UTC (0+2 container statuses recorded)&#xA;Sep 19 07:40:00.748: INFO: &#x9;Container istio-proxy ready: true, restart count 0&#xA;Sep 19 07:40:00.748: INFO: &#x9;Container mixer ready: true, restart count 0&#xA;Sep 19 07:40:00.748: INFO: istio-ingressgateway-7bc96d6585-r98nr started at 2018-09-17 07:28:10 +0000 UTC (0+1 container statuses recorded)&#xA;Sep 19 07:40:00.748: INFO: &#x9;Container istio-ingressgateway ready: true, restart count 0&#xA;Sep 19 07:40:00.863: INFO: &#xA;Latency metrics for node 10.46.6.173&#xA;STEP: Dumping a list of prepulled images on each node to file /tmp/results/image-puller.txt&#xA;Sep 19 07:40:00.901: INFO: Waiting up to 3m0s for all (but 0) nodes to be ready&#xA;STEP: Destroying namespace &#34;e2e-tests-statefulset-qfg78&#34; for this suite.&#xA;Sep 19 07:40:06.967: INFO: Waiting up to 30s for server preferred namespaced resources to be successfully discovered&#xA;Sep 19 07:40:07.139: INFO: namespace: e2e-tests-statefulset-qfg78, resource: bindings, ignored listing per whitelist&#xA;Sep 19 07:40:08.895: INFO: namespace e2e-tests-statefulset-qfg78 deletion completed in 7.987284847s&#xA;</system-out>
      </testcase>
      <testcase name="[sig-storage] ConfigMap should be consumable from pods in volume [NodeConformance] [Conformance]" classname="Kubernetes e2e suite" time="12.576141038"></testcase>
      <testcase name="[sig-storage] Dynamic Provisioning DynamicProvisioner should provision storage with non-default reclaim policy Retain" classname="Kubernetes e2e suite" time="0">
          <skipped></skipped>
      </testcase>
      <testcase name="[sig-api-machinery] AdmissionWebhook Should mutate pod and apply defaults after mutation" classname="Kubernetes e2e suite" time="0">
          <skipped></skipped>
      </testcase>
      <testcase name="[sig-api-machinery] Garbage collector should not delete dependents that have both valid owner and owner that&#39;s waiting for dependents to be deleted [Conformance]" classname="Kubernetes e2e suite" time="8.942401341">
          <failure type="Failure">/workspace/anago-v1.11.2-beta.0.50+bb9ffb1654d4a7/src/k8s.io/kubernetes/_output/dockerized/go/src/k8s.io/kubernetes/test/e2e/framework/framework.go:684&#xA;Sep 19 07:40:21.927: Failed to create replication controller: Internal error occurred: admission webhook &#34;trust.hooks.securityenforcement.admission.cloud.ibm.com&#34; denied the request: &#xA;Deny &#34;k8s.gcr.io/nginx-slim-amd64:0.20&#34;, no matching repositories in ClusterImagePolicy and no ImagePolicies in the &#34;e2e-tests-gc-wwxwc&#34; namespace&#xA;/workspace/anago-v1.11.2-beta.0.50+bb9ffb1654d4a7/src/k8s.io/kubernetes/_output/dockerized/go/src/k8s.io/kubernetes/test/e2e/apimachinery/garbage_collector.go:748</failure>
          <system-out>[BeforeEach] [sig-api-machinery] Garbage collector&#xA;  /workspace/anago-v1.11.2-beta.0.50+bb9ffb1654d4a7/src/k8s.io/kubernetes/_output/dockerized/go/src/k8s.io/kubernetes/test/e2e/framework/framework.go:141&#xA;STEP: Creating a kubernetes client&#xA;Sep 19 07:40:21.472: INFO: &gt;&gt;&gt; kubeConfig: /tmp/kubeconfig-172917420&#xA;STEP: Building a namespace api object&#xA;STEP: Binding the e2e-test-privileged-psp PodSecurityPolicy to the default service account in e2e-tests-gc-wwxwc&#xA;STEP: Waiting for a default service account to be provisioned in namespace&#xA;[It] should not delete dependents that have both valid owner and owner that&#39;s waiting for dependents to be deleted [Conformance]&#xA;  /workspace/anago-v1.11.2-beta.0.50+bb9ffb1654d4a7/src/k8s.io/kubernetes/_output/dockerized/go/src/k8s.io/kubernetes/test/e2e/framework/framework.go:684&#xA;STEP: create the rc1&#xA;Sep 19 07:40:21.927: INFO: Failed to create replication controller: Internal error occurred: admission webhook &#34;trust.hooks.securityenforcement.admission.cloud.ibm.com&#34; denied the request: &#xA;Deny &#34;k8s.gcr.io/nginx-slim-amd64:0.20&#34;, no matching repositories in ClusterImagePolicy and no ImagePolicies in the &#34;e2e-tests-gc-wwxwc&#34; namespace&#xA;[AfterEach] [sig-api-machinery] Garbage collector&#xA;  /workspace/anago-v1.11.2-beta.0.50+bb9ffb1654d4a7/src/k8s.io/kubernetes/_output/dockerized/go/src/k8s.io/kubernetes/test/e2e/framework/framework.go:142&#xA;STEP: Collecting events from namespace &#34;e2e-tests-gc-wwxwc&#34;.&#xA;STEP: Found 0 events.&#xA;Sep 19 07:40:21.974: INFO: POD                                                              NODE         PHASE      GRACE  CONDITIONS&#xA;Sep 19 07:40:21.974: INFO: ibm-cert-manager-cert-manager-74687f689b-7994r                   10.46.6.173  Running           [{Initialized True 0001-01-01 00:00:00 +0000 UTC 2018-09-17 07:07:12 +0000 UTC  } {Ready True 0001-01-01 00:00:00 +0000 UTC 2018-09-17 07:07:37 +0000 UTC  } {ContainersReady True 0001-01-01 00:00:00 +0000 UTC 0001-01-01 00:00:00 +0000 UTC  } {PodScheduled True 0001-01-01 00:00:00 +0000 UTC 2018-09-17 07:07:12 +0000 UTC  }]&#xA;Sep 19 07:40:21.974: INFO: sonobuoy                                                         10.46.6.170  Running           [{Initialized True 0001-01-01 00:00:00 +0000 UTC 2018-09-19 07:22:02 +0000 UTC  } {Ready True 0001-01-01 00:00:00 +0000 UTC 2018-09-19 07:22:08 +0000 UTC  } {ContainersReady True 0001-01-01 00:00:00 +0000 UTC 0001-01-01 00:00:00 +0000 UTC  } {PodScheduled True 0001-01-01 00:00:00 +0000 UTC 2018-09-19 07:22:02 +0000 UTC  }]&#xA;Sep 19 07:40:21.975: INFO: sonobuoy-e2e-job-c3f9b53ea97c48a2                                10.46.6.170  Running           [{Initialized True 0001-01-01 00:00:00 +0000 UTC 2018-09-19 07:22:08 +0000 UTC  } {Ready True 0001-01-01 00:00:00 +0000 UTC 2018-09-19 07:22:25 +0000 UTC  } {ContainersReady True 0001-01-01 00:00:00 +0000 UTC 0001-01-01 00:00:00 +0000 UTC  } {PodScheduled True 0001-01-01 00:00:00 +0000 UTC 2018-09-19 07:22:08 +0000 UTC  }]&#xA;Sep 19 07:40:21.975: INFO: grafana-77676f44f7-c9wr6                                         10.46.6.173  Running           [{Initialized True 0001-01-01 00:00:00 +0000 UTC 2018-09-17 07:17:28 +0000 UTC  } {Ready True 0001-01-01 00:00:00 +0000 UTC 2018-09-17 07:20:34 +0000 UTC  } {ContainersReady True 0001-01-01 00:00:00 +0000 UTC 0001-01-01 00:00:00 +0000 UTC  } {PodScheduled True 0001-01-01 00:00:00 +0000 UTC 2018-09-17 07:17:27 +0000 UTC  }]&#xA;Sep 19 07:40:21.975: INFO: istio-citadel-77694dc965-mwqkp                                   10.46.6.173  Running           [{Initialized True 0001-01-01 00:00:00 +0000 UTC 2018-09-17 07:17:31 +0000 UTC  } {Ready True 0001-01-01 00:00:00 +0000 UTC 2018-09-17 07:18:30 +0000 UTC  } {ContainersReady True 0001-01-01 00:00:00 +0000 UTC 0001-01-01 00:00:00 +0000 UTC  } {PodScheduled True 0001-01-01 00:00:00 +0000 UTC 2018-09-17 07:17:28 +0000 UTC  }]&#xA;Sep 19 07:40:21.975: INFO: istio-egressgateway-54448bcdbd-cqlhf                             10.46.6.173  Running           [{Initialized True 0001-01-01 00:00:00 +0000 UTC 2018-09-17 07:24:11 +0000 UTC  } {Ready True 0001-01-01 00:00:00 +0000 UTC 2018-09-17 07:25:19 +0000 UTC  } {ContainersReady True 0001-01-01 00:00:00 +0000 UTC 0001-01-01 00:00:00 +0000 UTC  } {PodScheduled True 0001-01-01 00:00:00 +0000 UTC 2018-09-17 07:24:10 +0000 UTC  }]&#xA;Sep 19 07:40:21.975: INFO: istio-egressgateway-54448bcdbd-f4v6v                             10.46.6.173  Running           [{Initialized True 0001-01-01 00:00:00 +0000 UTC 2018-09-17 07:17:29 +0000 UTC  } {Ready True 0001-01-01 00:00:00 +0000 UTC 2018-09-17 07:18:31 +0000 UTC  } {ContainersReady True 0001-01-01 00:00:00 +0000 UTC 0001-01-01 00:00:00 +0000 UTC  } {PodScheduled True 0001-01-01 00:00:00 +0000 UTC 2018-09-17 07:17:27 +0000 UTC  }]&#xA;Sep 19 07:40:21.975: INFO: istio-egressgateway-54448bcdbd-lhh5c                             10.46.6.173  Running           [{Initialized True 0001-01-01 00:00:00 +0000 UTC 2018-09-17 07:20:07 +0000 UTC  } {Ready True 0001-01-01 00:00:00 +0000 UTC 2018-09-17 07:21:11 +0000 UTC  } {ContainersReady True 0001-01-01 00:00:00 +0000 UTC 0001-01-01 00:00:00 +0000 UTC  } {PodScheduled True 0001-01-01 00:00:00 +0000 UTC 2018-09-17 07:20:06 +0000 UTC  }]&#xA;Sep 19 07:40:21.975: INFO: istio-egressgateway-54448bcdbd-pjbtc                             10.46.6.173  Running           [{Initialized True 0001-01-01 00:00:00 +0000 UTC 2018-09-17 07:28:34 +0000 UTC  } {Ready True 0001-01-01 00:00:00 +0000 UTC 2018-09-17 07:29:40 +0000 UTC  } {ContainersReady True 0001-01-01 00:00:00 +0000 UTC 0001-01-01 00:00:00 +0000 UTC  } {PodScheduled True 0001-01-01 00:00:00 +0000 UTC 2018-09-17 07:28:34 +0000 UTC  }]&#xA;Sep 19 07:40:21.975: INFO: istio-egressgateway-54448bcdbd-xmkbc                             10.46.6.173  Running           [{Initialized True 0001-01-01 00:00:00 +0000 UTC 2018-09-17 07:24:11 +0000 UTC  } {Ready True 0001-01-01 00:00:00 +0000 UTC 2018-09-17 07:25:10 +0000 UTC  } {ContainersReady True 0001-01-01 00:00:00 +0000 UTC 0001-01-01 00:00:00 +0000 UTC  } {PodScheduled True 0001-01-01 00:00:00 +0000 UTC 2018-09-17 07:24:10 +0000 UTC  }]&#xA;Sep 19 07:40:21.975: INFO: istio-galley-687cd96db-hlpng                                     10.46.6.173  Running           [{Initialized True 0001-01-01 00:00:00 +0000 UTC 2018-09-17 07:17:28 +0000 UTC  } {Ready True 0001-01-01 00:00:00 +0000 UTC 2018-09-17 07:18:35 +0000 UTC  } {ContainersReady True 0001-01-01 00:00:00 +0000 UTC 0001-01-01 00:00:00 +0000 UTC  } {PodScheduled True 0001-01-01 00:00:00 +0000 UTC 2018-09-17 07:17:27 +0000 UTC  }]&#xA;Sep 19 07:40:21.975: INFO: istio-ingressgateway-7bc96d6585-4qnc5                            10.46.6.173  Running           [{Initialized True 0001-01-01 00:00:00 +0000 UTC 2018-09-17 07:24:14 +0000 UTC  } {Ready True 0001-01-01 00:00:00 +0000 UTC 2018-09-17 07:25:22 +0000 UTC  } {ContainersReady True 0001-01-01 00:00:00 +0000 UTC 0001-01-01 00:00:00 +0000 UTC  } {PodScheduled True 0001-01-01 00:00:00 +0000 UTC 2018-09-17 07:24:13 +0000 UTC  }]&#xA;Sep 19 07:40:21.975: INFO: istio-ingressgateway-7bc96d6585-c58zx                            10.46.6.173  Running           [{Initialized True 0001-01-01 00:00:00 +0000 UTC 2018-09-17 07:24:15 +0000 UTC  } {Ready True 0001-01-01 00:00:00 +0000 UTC 2018-09-17 07:25:19 +0000 UTC  } {ContainersReady True 0001-01-01 00:00:00 +0000 UTC 0001-01-01 00:00:00 +0000 UTC  } {PodScheduled True 0001-01-01 00:00:00 +0000 UTC 2018-09-17 07:24:14 +0000 UTC  }]&#xA;Sep 19 07:40:21.975: INFO: istio-ingressgateway-7bc96d6585-m567m                            10.46.6.173  Running           [{Initialized True 0001-01-01 00:00:00 +0000 UTC 2018-09-17 07:20:41 +0000 UTC  } {Ready True 0001-01-01 00:00:00 +0000 UTC 2018-09-17 07:21:43 +0000 UTC  } {ContainersReady True 0001-01-01 00:00:00 +0000 UTC 0001-01-01 00:00:00 +0000 UTC  } {PodScheduled True 0001-01-01 00:00:00 +0000 UTC 2018-09-17 07:20:41 +0000 UTC  }]&#xA;Sep 19 07:40:21.975: INFO: istio-ingressgateway-7bc96d6585-r98nr                            10.46.6.173  Running           [{Initialized True 0001-01-01 00:00:00 +0000 UTC 2018-09-17 07:28:10 +0000 UTC  } {Ready True 0001-01-01 00:00:00 +0000 UTC 2018-09-17 07:29:11 +0000 UTC  } {ContainersReady True 0001-01-01 00:00:00 +0000 UTC 0001-01-01 00:00:00 +0000 UTC  } {PodScheduled True 0001-01-01 00:00:00 +0000 UTC 2018-09-17 07:28:09 +0000 UTC  }]&#xA;Sep 19 07:40:21.975: INFO: istio-ingressgateway-7bc96d6585-smf45                            10.46.6.173  Running           [{Initialized True 0001-01-01 00:00:00 +0000 UTC 2018-09-17 07:17:28 +0000 UTC  } {Ready True 0001-01-01 00:00:00 +0000 UTC 2018-09-17 07:18:37 +0000 UTC  } {ContainersReady True 0001-01-01 00:00:00 +0000 UTC 0001-01-01 00:00:00 +0000 UTC  } {PodScheduled True 0001-01-01 00:00:00 +0000 UTC 2018-09-17 07:17:27 +0000 UTC  }]&#xA;Sep 19 07:40:21.975: INFO: istio-pilot-6cf9ccf474-kkb6j                                     10.46.6.173  Running           [{Initialized True 0001-01-01 00:00:00 +0000 UTC 2018-09-17 07:17:31 +0000 UTC  } {Ready True 0001-01-01 00:00:00 +0000 UTC 2018-09-17 07:19:28 +0000 UTC  } {ContainersReady True 0001-01-01 00:00:00 +0000 UTC 0001-01-01 00:00:00 +0000 UTC  } {PodScheduled True 0001-01-01 00:00:00 +0000 UTC 2018-09-17 07:17:27 +0000 UTC  }]&#xA;Sep 19 07:40:21.975: INFO: istio-policy-5b64d7fd64-5l2m9                                    10.46.6.173  Running           [{Initialized True 0001-01-01 00:00:00 +0000 UTC 2018-09-17 07:31:07 +0000 UTC  } {Ready True 0001-01-01 00:00:00 +0000 UTC 2018-09-17 07:31:51 +0000 UTC  } {ContainersReady True 0001-01-01 00:00:00 +0000 UTC 0001-01-01 00:00:00 +0000 UTC  } {PodScheduled True 0001-01-01 00:00:00 +0000 UTC 2018-09-17 07:31:06 +0000 UTC  }]&#xA;Sep 19 07:40:21.975: INFO: istio-policy-5b64d7fd64-fb4bc                                    10.46.6.173  Running           [{Initialized True 0001-01-01 00:00:00 +0000 UTC 2018-09-17 07:27:37 +0000 UTC  } {Ready True 0001-01-01 00:00:00 +0000 UTC 2018-09-17 07:28:39 +0000 UTC  } {ContainersReady True 0001-01-01 00:00:00 +0000 UTC 0001-01-01 00:00:00 +0000 UTC  } {PodScheduled True 0001-01-01 00:00:00 +0000 UTC 2018-09-17 07:27:36 +0000 UTC  }]&#xA;Sep 19 07:40:21.975: INFO: istio-policy-5b64d7fd64-jrlzt                                    10.46.6.173  Running           [{Initialized True 0001-01-01 00:00:00 +0000 UTC 2018-09-17 07:23:11 +0000 UTC  } {Ready True 0001-01-01 00:00:00 +0000 UTC 2018-09-17 07:24:08 +0000 UTC  } {ContainersReady True 0001-01-01 00:00:00 +0000 UTC 0001-01-01 00:00:00 +0000 UTC  } {PodScheduled True 0001-01-01 00:00:00 +0000 UTC 2018-09-17 07:23:10 +0000 UTC  }]&#xA;Sep 19 07:40:21.975: INFO: istio-policy-5b64d7fd64-pt9z2                                    10.46.6.173  Running           [{Initialized True 0001-01-01 00:00:00 +0000 UTC 2018-09-17 07:17:30 +0000 UTC  } {Ready True 0001-01-01 00:00:00 +0000 UTC 2018-09-17 07:19:02 +0000 UTC  } {ContainersReady True 0001-01-01 00:00:00 +0000 UTC 0001-01-01 00:00:00 +0000 UTC  } {PodScheduled True 0001-01-01 00:00:00 +0000 UTC 2018-09-17 07:17:27 +0000 UTC  }]&#xA;Sep 19 07:40:21.975: INFO: istio-policy-5b64d7fd64-z68j4                                    10.46.6.173  Running           [{Initialized True 0001-01-01 00:00:00 +0000 UTC 2018-09-17 07:19:38 +0000 UTC  } {Ready True 0001-01-01 00:00:00 +0000 UTC 2018-09-17 07:20:44 +0000 UTC  } {ContainersReady True 0001-01-01 00:00:00 +0000 UTC 0001-01-01 00:00:00 +0000 UTC  } {PodScheduled True 0001-01-01 00:00:00 +0000 UTC 2018-09-17 07:19:37 +0000 UTC  }]&#xA;Sep 19 07:40:21.975: INFO: istio-sidecar-injector-86d554f5f7-d57zk                          10.46.6.173  Running           [{Initialized True 0001-01-01 00:00:00 +0000 UTC 2018-09-17 07:17:32 +0000 UTC  } {Ready True 0001-01-01 00:00:00 +0000 UTC 2018-09-17 07:18:41 +0000 UTC  } {ContainersReady True 0001-01-01 00:00:00 +0000 UTC 0001-01-01 00:00:00 +0000 UTC  } {PodScheduled True 0001-01-01 00:00:00 +0000 UTC 2018-09-17 07:17:29 +0000 UTC  }]&#xA;Sep 19 07:40:21.975: INFO: istio-statsd-prom-bridge-66cb69b666-p76m8                        10.46.6.173  Running           [{Initialized True 0001-01-01 00:00:00 +0000 UTC 2018-09-17 07:17:29 +0000 UTC  } {Ready True 0001-01-01 00:00:00 +0000 UTC 2018-09-17 07:18:32 +0000 UTC  } {ContainersReady True 0001-01-01 00:00:00 +0000 UTC 0001-01-01 00:00:00 +0000 UTC  } {PodScheduled True 0001-01-01 00:00:00 +0000 UTC 2018-09-17 07:17:27 +0000 UTC  }]&#xA;Sep 19 07:40:21.975: INFO: istio-telemetry-8b5964dc7-9q67f                                  10.46.6.173  Running           [{Initialized True 0001-01-01 00:00:00 +0000 UTC 2018-09-17 07:31:08 +0000 UTC  } {Ready True 0001-01-01 00:00:00 +0000 UTC 2018-09-17 07:32:00 +0000 UTC  } {ContainersReady True 0001-01-01 00:00:00 +0000 UTC 0001-01-01 00:00:00 +0000 UTC  } {PodScheduled True 0001-01-01 00:00:00 +0000 UTC 2018-09-17 07:31:07 +0000 UTC  }]&#xA;Sep 19 07:40:21.975: INFO: istio-telemetry-8b5964dc7-hcf6d                                  10.46.6.173  Running           [{Initialized True 0001-01-01 00:00:00 +0000 UTC 2018-09-17 07:17:29 +0000 UTC  } {Ready True 0001-01-01 00:00:00 +0000 UTC 2018-09-17 07:18:56 +0000 UTC  } {ContainersReady True 0001-01-01 00:00:00 +0000 UTC 0001-01-01 00:00:00 +0000 UTC  } {PodScheduled True 0001-01-01 00:00:00 +0000 UTC 2018-09-17 07:17:27 +0000 UTC  }]&#xA;Sep 19 07:40:21.975: INFO: istio-telemetry-8b5964dc7-nw9kk                                  10.46.6.173  Running           [{Initialized True 0001-01-01 00:00:00 +0000 UTC 2018-09-17 07:23:11 +0000 UTC  } {Ready True 0001-01-01 00:00:00 +0000 UTC 2018-09-17 07:24:19 +0000 UTC  } {ContainersReady True 0001-01-01 00:00:00 +0000 UTC 0001-01-01 00:00:00 +0000 UTC  } {PodScheduled True 0001-01-01 00:00:00 +0000 UTC 2018-09-17 07:23:10 +0000 UTC  }]&#xA;Sep 19 07:40:21.975: INFO: istio-telemetry-8b5964dc7-rfswc                                  10.46.6.173  Running           [{Initialized True 0001-01-01 00:00:00 +0000 UTC 2018-09-17 07:19:39 +0000 UTC  } {Ready True 0001-01-01 00:00:00 +0000 UTC 2018-09-17 07:20:38 +0000 UTC  } {ContainersReady True 0001-01-01 00:00:00 +0000 UTC 0001-01-01 00:00:00 +0000 UTC  } {PodScheduled True 0001-01-01 00:00:00 +0000 UTC 2018-09-17 07:19:38 +0000 UTC  }]&#xA;Sep 19 07:40:21.975: INFO: istio-telemetry-8b5964dc7-vjqbq                                  10.46.6.173  Running           [{Initialized True 0001-01-01 00:00:00 +0000 UTC 2018-09-17 07:27:36 +0000 UTC  } {Ready True 0001-01-01 00:00:00 +0000 UTC 2018-09-17 07:28:21 +0000 UTC  } {ContainersReady True 0001-01-01 00:00:00 +0000 UTC 0001-01-01 00:00:00 +0000 UTC  } {PodScheduled True 0001-01-01 00:00:00 +0000 UTC 2018-09-17 07:27:36 +0000 UTC  }]&#xA;Sep 19 07:40:21.975: INFO: istio-tracing-77ccfc8844-79ngl                                   10.46.6.173  Running           [{Initialized True 0001-01-01 00:00:00 +0000 UTC 2018-09-17 07:17:32 +0000 UTC  } {Ready True 0001-01-01 00:00:00 +0000 UTC 2018-09-17 07:18:08 +0000 UTC  } {ContainersReady True 0001-01-01 00:00:00 +0000 UTC 0001-01-01 00:00:00 +0000 UTC  } {PodScheduled True 0001-01-01 00:00:00 +0000 UTC 2018-09-17 07:17:29 +0000 UTC  }]&#xA;Sep 19 07:40:21.975: INFO: kiali-7f8c59df94-25qmq                                           10.46.6.173  Running           [{Initialized True 0001-01-01 00:00:00 +0000 UTC 2018-09-17 07:17:27 +0000 UTC  } {Ready True 0001-01-01 00:00:00 +0000 UTC 2018-09-17 07:17:56 +0000 UTC  } {ContainersReady True 0001-01-01 00:00:00 +0000 UTC 0001-01-01 00:00:00 +0000 UTC  } {PodScheduled True 0001-01-01 00:00:00 +0000 UTC 2018-09-17 07:17:27 +0000 UTC  }]&#xA;Sep 19 07:40:21.976: INFO: prometheus-6f98d89664-wh7pb                                      10.46.6.173  Running           [{Initialized True 0001-01-01 00:00:00 +0000 UTC 2018-09-17 07:17:31 +0000 UTC  } {Ready True 0001-01-01 00:00:00 +0000 UTC 2018-09-17 07:17:57 +0000 UTC  } {ContainersReady True 0001-01-01 00:00:00 +0000 UTC 0001-01-01 00:00:00 +0000 UTC  } {PodScheduled True 0001-01-01 00:00:00 +0000 UTC 2018-09-17 07:17:28 +0000 UTC  }]&#xA;Sep 19 07:40:21.976: INFO: servicegraph-85578d8fc6-m62z4                                    10.46.6.173  Running           [{Initialized True 0001-01-01 00:00:00 +0000 UTC 2018-09-17 07:17:32 +0000 UTC  } {Ready True 0001-01-01 00:00:00 +0000 UTC 2018-09-17 07:18:22 +0000 UTC  } {ContainersReady True 0001-01-01 00:00:00 +0000 UTC 0001-01-01 00:00:00 +0000 UTC  } {PodScheduled True 0001-01-01 00:00:00 +0000 UTC 2018-09-17 07:17:28 +0000 UTC  }]&#xA;Sep 19 07:40:21.976: INFO: audit-logging-fluentd-ds-4cgnk                                   10.46.6.170  Running           [{Initialized True 0001-01-01 00:00:00 +0000 UTC 2018-09-17 07:18:46 +0000 UTC  } {Ready True 0001-01-01 00:00:00 +0000 UTC 2018-09-17 07:18:50 +0000 UTC  } {ContainersReady True 0001-01-01 00:00:00 +0000 UTC 0001-01-01 00:00:00 +0000 UTC  } {PodScheduled True 0001-01-01 00:00:00 +0000 UTC 2018-09-17 07:18:46 +0000 UTC  }]&#xA;Sep 19 07:40:21.976: INFO: audit-logging-fluentd-ds-8bh4t                                   10.46.6.172  Running           [{Initialized True 0001-01-01 00:00:00 +0000 UTC 2018-09-17 07:18:46 +0000 UTC  } {Ready True 0001-01-01 00:00:00 +0000 UTC 2018-09-17 07:18:56 +0000 UTC  } {ContainersReady True 0001-01-01 00:00:00 +0000 UTC 0001-01-01 00:00:00 +0000 UTC  } {PodScheduled True 0001-01-01 00:00:00 +0000 UTC 2018-09-17 07:18:46 +0000 UTC  }]&#xA;Sep 19 07:40:21.976: INFO: audit-logging-fluentd-ds-bc22k                                   10.46.6.171  Running           [{Initialized True 0001-01-01 00:00:00 +0000 UTC 2018-09-17 07:18:46 +0000 UTC  } {Ready True 0001-01-01 00:00:00 +0000 UTC 2018-09-17 07:18:56 +0000 UTC  } {ContainersReady True 0001-01-01 00:00:00 +0000 UTC 0001-01-01 00:00:00 +0000 UTC  } {PodScheduled True 0001-01-01 00:00:00 +0000 UTC 2018-09-17 07:18:46 +0000 UTC  }]&#xA;Sep 19 07:40:21.976: INFO: audit-logging-fluentd-ds-dhcg6                                   10.46.6.173  Running           [{Initialized True 0001-01-01 00:00:00 +0000 UTC 2018-09-17 07:18:46 +0000 UTC  } {Ready True 0001-01-01 00:00:00 +0000 UTC 2018-09-17 07:19:00 +0000 UTC  } {ContainersReady True 0001-01-01 00:00:00 +0000 UTC 0001-01-01 00:00:00 +0000 UTC  } {PodScheduled True 0001-01-01 00:00:00 +0000 UTC 2018-09-17 07:18:46 +0000 UTC  }]&#xA;Sep 19 07:40:21.976: INFO: auth-apikeys-x45mz                                               10.46.6.173  Running           [{Initialized True 0001-01-01 00:00:00 +0000 UTC 2018-09-17 07:10:12 +0000 UTC  } {Ready True 0001-01-01 00:00:00 +0000 UTC 2018-09-17 07:11:25 +0000 UTC  } {ContainersReady True 0001-01-01 00:00:00 +0000 UTC 0001-01-01 00:00:00 +0000 UTC  } {PodScheduled True 0001-01-01 00:00:00 +0000 UTC 2018-09-17 07:10:12 +0000 UTC  }]&#xA;Sep 19 07:40:21.976: INFO: auth-idp-kjpmx                                                   10.46.6.173  Running           [{Initialized True 0001-01-01 00:00:00 +0000 UTC 2018-09-17 07:10:19 +0000 UTC  } {Ready True 0001-01-01 00:00:00 +0000 UTC 2018-09-19 07:05:52 +0000 UTC  } {ContainersReady True 0001-01-01 00:00:00 +0000 UTC 0001-01-01 00:00:00 +0000 UTC  } {PodScheduled True 0001-01-01 00:00:00 +0000 UTC 2018-09-17 07:10:04 +0000 UTC  }]&#xA;Sep 19 07:40:21.976: INFO: auth-pap-qb5m2                                                   10.46.6.173  Running           [{Initialized True 0001-01-01 00:00:00 +0000 UTC 2018-09-17 07:10:20 +0000 UTC  } {Ready True 0001-01-01 00:00:00 +0000 UTC 2018-09-17 07:10:46 +0000 UTC  } {ContainersReady True 0001-01-01 00:00:00 +0000 UTC 0001-01-01 00:00:00 +0000 UTC  } {PodScheduled True 0001-01-01 00:00:00 +0000 UTC 2018-09-17 07:10:20 +0000 UTC  }]&#xA;Sep 19 07:40:21.976: INFO: auth-pdp-tk2jm                                                   10.46.6.173  Running           [{Initialized True 0001-01-01 00:00:00 +0000 UTC 2018-09-17 07:13:08 +0000 UTC  } {Ready True 0001-01-01 00:00:00 +0000 UTC 2018-09-17 07:13:19 +0000 UTC  } {ContainersReady True 0001-01-01 00:00:00 +0000 UTC 0001-01-01 00:00:00 +0000 UTC  } {PodScheduled True 0001-01-01 00:00:00 +0000 UTC 2018-09-17 07:10:28 +0000 UTC  }]&#xA;Sep 19 07:40:21.976: INFO: calico-kube-controllers-dcb8cc97c-gtsqp                          10.46.6.173  Running           [{Initialized True 0001-01-01 00:00:00 +0000 UTC 2018-09-17 07:05:53 +0000 UTC  } {Ready True 0001-01-01 00:00:00 +0000 UTC 2018-09-17 07:06:04 +0000 UTC  } {ContainersReady True 0001-01-01 00:00:00 +0000 UTC 0001-01-01 00:00:00 +0000 UTC  } {PodScheduled True 0001-01-01 00:00:00 +0000 UTC 2018-09-17 07:05:53 +0000 UTC  }]&#xA;Sep 19 07:40:21.976: INFO: calico-node-gpm2c                                                10.46.6.171  Running           [{Initialized True 0001-01-01 00:00:00 +0000 UTC 2018-09-17 07:05:53 +0000 UTC  } {Ready True 0001-01-01 00:00:00 +0000 UTC 2018-09-17 07:06:11 +0000 UTC  } {ContainersReady True 0001-01-01 00:00:00 +0000 UTC 0001-01-01 00:00:00 +0000 UTC  } {PodScheduled True 0001-01-01 00:00:00 +0000 UTC 2018-09-17 07:05:53 +0000 UTC  }]&#xA;Sep 19 07:40:21.976: INFO: calico-node-htf97                                                10.46.6.170  Running           [{Initialized True 0001-01-01 00:00:00 +0000 UTC 2018-09-17 07:05:53 +0000 UTC  } {Ready True 0001-01-01 00:00:00 +0000 UTC 2018-09-17 07:06:14 +0000 UTC  } {ContainersReady True 0001-01-01 00:00:00 +0000 UTC 0001-01-01 00:00:00 +0000 UTC  } {PodScheduled True 0001-01-01 00:00:00 +0000 UTC 2018-09-17 07:05:53 +0000 UTC  }]&#xA;Sep 19 07:40:21.976: INFO: calico-node-m7d5t                                                10.46.6.173  Running           [{Initialized True 0001-01-01 00:00:00 +0000 UTC 2018-09-17 07:05:54 +0000 UTC  } {Ready True 0001-01-01 00:00:00 +0000 UTC 2018-09-17 07:06:15 +0000 UTC  } {ContainersReady True 0001-01-01 00:00:00 +0000 UTC 0001-01-01 00:00:00 +0000 UTC  } {PodScheduled True 0001-01-01 00:00:00 +0000 UTC 2018-09-17 07:05:54 +0000 UTC  }]&#xA;Sep 19 07:40:21.976: INFO: calico-node-wsknj                                                10.46.6.172  Running           [{Initialized True 0001-01-01 00:00:00 +0000 UTC 2018-09-17 07:05:53 +0000 UTC  } {Ready True 0001-01-01 00:00:00 +0000 UTC 2018-09-17 07:06:17 +0000 UTC  } {ContainersReady True 0001-01-01 00:00:00 +0000 UTC 0001-01-01 00:00:00 +0000 UTC  } {PodScheduled True 0001-01-01 00:00:00 +0000 UTC 2018-09-17 07:05:53 +0000 UTC  }]&#xA;Sep 19 07:40:21.976: INFO: catalog-ui-5rtkh                                                 10.46.6.173  Running           [{Initialized True 0001-01-01 00:00:00 +0000 UTC 2018-09-17 07:15:57 +0000 UTC  } {Ready True 0001-01-01 00:00:00 +0000 UTC 2018-09-17 07:16:11 +0000 UTC  } {ContainersReady True 0001-01-01 00:00:00 +0000 UTC 0001-01-01 00:00:00 +0000 UTC  } {PodScheduled True 0001-01-01 00:00:00 +0000 UTC 2018-09-17 07:15:57 +0000 UTC  }]&#xA;Sep 19 07:40:21.976: INFO: custom-metrics-adapter-64f64964b4-f9gmc                          10.46.6.171  Running           [{Initialized True 0001-01-01 00:00:00 +0000 UTC 2018-09-17 07:17:13 +0000 UTC  } {Ready True 0001-01-01 00:00:00 +0000 UTC 2018-09-17 07:17:51 +0000 UTC  } {ContainersReady True 0001-01-01 00:00:00 +0000 UTC 0001-01-01 00:00:00 +0000 UTC  } {PodScheduled True 0001-01-01 00:00:00 +0000 UTC 2018-09-17 07:14:28 +0000 UTC  }]&#xA;Sep 19 07:40:21.976: INFO: default-backend-54966589c4-4d47g                                 10.46.6.173  Running           [{Initialized True 0001-01-01 00:00:00 +0000 UTC 2018-09-17 07:08:29 +0000 UTC  } {Ready True 0001-01-01 00:00:00 +0000 UTC 2018-09-17 07:08:40 +0000 UTC  } {ContainersReady True 0001-01-01 00:00:00 +0000 UTC 0001-01-01 00:00:00 +0000 UTC  } {PodScheduled True 0001-01-01 00:00:00 +0000 UTC 2018-09-17 07:08:28 +0000 UTC  }]&#xA;Sep 19 07:40:21.976: INFO: heapster-69b486565b-nt26r                                        10.46.6.173  Running           [{Initialized True 0001-01-01 00:00:00 +0000 UTC 2018-09-17 07:13:48 +0000 UTC  } {Ready True 0001-01-01 00:00:00 +0000 UTC 2018-09-17 07:13:58 +0000 UTC  } {ContainersReady True 0001-01-01 00:00:00 +0000 UTC 0001-01-01 00:00:00 +0000 UTC  } {PodScheduled True 0001-01-01 00:00:00 +0000 UTC 2018-09-17 07:13:48 +0000 UTC  }]&#xA;Sep 19 07:40:21.976: INFO: helm-api-fdd886877-6pwm8                                         10.46.6.173  Running           [{Initialized True 0001-01-01 00:00:00 +0000 UTC 2018-09-17 07:16:36 +0000 UTC  } {Ready True 0001-01-01 00:00:00 +0000 UTC 2018-09-17 07:16:58 +0000 UTC  } {ContainersReady True 0001-01-01 00:00:00 +0000 UTC 0001-01-01 00:00:00 +0000 UTC  } {PodScheduled True 0001-01-01 00:00:00 +0000 UTC 2018-09-17 07:16:35 +0000 UTC  }]&#xA;Sep 19 07:40:21.976: INFO: helm-repo-5649f57447-wwdn4                                       10.46.6.173  Running           [{Initialized True 0001-01-01 00:00:00 +0000 UTC 2018-09-17 07:14:04 +0000 UTC  } {Ready True 0001-01-01 00:00:00 +0000 UTC 2018-09-17 07:14:40 +0000 UTC  } {ContainersReady True 0001-01-01 00:00:00 +0000 UTC 0001-01-01 00:00:00 +0000 UTC  } {PodScheduled True 0001-01-01 00:00:00 +0000 UTC 2018-09-17 07:13:53 +0000 UTC  }]&#xA;Sep 19 07:40:21.976: INFO: ibmcloud-image-enforcement-76ddccbf9f-kqmlb                      10.46.6.171  Running           [{Initialized True 0001-01-01 00:00:00 +0000 UTC 2018-09-17 07:14:02 +0000 UTC  } {Ready True 0001-01-01 00:00:00 +0000 UTC 2018-09-17 07:14:07 +0000 UTC  } {ContainersReady True 0001-01-01 00:00:00 +0000 UTC 0001-01-01 00:00:00 +0000 UTC  } {PodScheduled True 0001-01-01 00:00:00 +0000 UTC 2018-09-17 07:14:02 +0000 UTC  }]&#xA;Sep 19 07:40:21.976: INFO: icp-management-ingress-x6qn8                                     10.46.6.173  Running           [{Initialized True 0001-01-01 00:00:00 +0000 UTC 2018-09-17 07:10:36 +0000 UTC  } {Ready True 0001-01-01 00:00:00 +0000 UTC 2018-09-17 07:10:48 +0000 UTC  } {ContainersReady True 0001-01-01 00:00:00 +0000 UTC 0001-01-01 00:00:00 +0000 UTC  } {PodScheduled True 0001-01-01 00:00:00 +0000 UTC 2018-09-17 07:10:36 +0000 UTC  }]&#xA;Sep 19 07:40:21.976: INFO: icp-mongodb-0                                                    10.46.6.173  Running           [{Initialized True 0001-01-01 00:00:00 +0000 UTC 2018-09-17 07:09:00 +0000 UTC  } {Ready True 0001-01-01 00:00:00 +0000 UTC 2018-09-17 07:09:17 +0000 UTC  } {ContainersReady True 0001-01-01 00:00:00 +0000 UTC 0001-01-01 00:00:00 +0000 UTC  } {PodScheduled True 0001-01-01 00:00:00 +0000 UTC 2018-09-17 07:07:41 +0000 UTC  }]&#xA;Sep 19 07:40:21.976: INFO: image-manager-0                                                  10.46.6.173  Running           [{Initialized True 0001-01-01 00:00:00 +0000 UTC 2018-09-17 06:38:56 +0000 UTC  } {Ready True 0001-01-01 00:00:00 +0000 UTC 2018-09-17 06:39:08 +0000 UTC  } {ContainersReady True 0001-01-01 00:00:00 +0000 UTC 0001-01-01 00:00:00 +0000 UTC  } {PodScheduled True 0001-01-01 00:00:00 +0000 UTC 2018-09-17 06:38:56 +0000 UTC  }]&#xA;Sep 19 07:40:21.976: INFO: k8s-etcd-10.46.6.173                                             10.46.6.173  Running           [{Initialized True 0001-01-01 00:00:00 +0000 UTC 2018-09-17 06:35:49 +0000 UTC  } {Ready True 0001-01-01 00:00:00 +0000 UTC 2018-09-17 06:35:54 +0000 UTC  } {ContainersReady True 0001-01-01 00:00:00 +0000 UTC 0001-01-01 00:00:00 +0000 UTC  } {PodScheduled True 0001-01-01 00:00:00 +0000 UTC 2018-09-17 06:35:49 +0000 UTC  }]&#xA;Sep 19 07:40:21.976: INFO: k8s-master-10.46.6.173                                           10.46.6.173  Running           [{Initialized True 0001-01-01 00:00:00 +0000 UTC 2018-09-17 06:37:18 +0000 UTC  } {Ready True 0001-01-01 00:00:00 +0000 UTC 2018-09-17 06:37:26 +0000 UTC  } {ContainersReady True 0001-01-01 00:00:00 +0000 UTC 0001-01-01 00:00:00 +0000 UTC  } {PodScheduled True 0001-01-01 00:00:00 +0000 UTC 2018-09-17 06:37:18 +0000 UTC  }]&#xA;Sep 19 07:40:21.976: INFO: k8s-proxy-10.46.6.170                                            10.46.6.170  Running           [{Initialized True 0001-01-01 00:00:00 +0000 UTC 2018-09-17 07:05:43 +0000 UTC  } {Ready True 0001-01-01 00:00:00 +0000 UTC 2018-09-17 07:05:46 +0000 UTC  } {ContainersReady True 0001-01-01 00:00:00 +0000 UTC 0001-01-01 00:00:00 +0000 UTC  } {PodScheduled True 0001-01-01 00:00:00 +0000 UTC 2018-09-17 07:05:43 +0000 UTC  }]&#xA;Sep 19 07:40:21.977: INFO: k8s-proxy-10.46.6.171                                            10.46.6.171  Running           [{Initialized True 0001-01-01 00:00:00 +0000 UTC 2018-09-17 07:05:44 +0000 UTC  } {Ready True 0001-01-01 00:00:00 +0000 UTC 2018-09-17 07:05:46 +0000 UTC  } {ContainersReady True 0001-01-01 00:00:00 +0000 UTC 0001-01-01 00:00:00 +0000 UTC  } {PodScheduled True 0001-01-01 00:00:00 +0000 UTC 2018-09-17 07:05:44 +0000 UTC  }]&#xA;Sep 19 07:40:21.977: INFO: k8s-proxy-10.46.6.172                                            10.46.6.172  Running           [{Initialized True 0001-01-01 00:00:00 +0000 UTC 2018-09-17 07:05:44 +0000 UTC  } {Ready True 0001-01-01 00:00:00 +0000 UTC 2018-09-17 07:05:48 +0000 UTC  } {ContainersReady True 0001-01-01 00:00:00 +0000 UTC 0001-01-01 00:00:00 +0000 UTC  } {PodScheduled True 0001-01-01 00:00:00 +0000 UTC 2018-09-17 07:05:44 +0000 UTC  }]&#xA;Sep 19 07:40:21.977: INFO: k8s-proxy-10.46.6.173                                            10.46.6.173  Running           [{Initialized True 0001-01-01 00:00:00 +0000 UTC 2018-09-17 06:35:45 +0000 UTC  } {Ready True 0001-01-01 00:00:00 +0000 UTC 2018-09-17 06:35:50 +0000 UTC  } {ContainersReady True 0001-01-01 00:00:00 +0000 UTC 0001-01-01 00:00:00 +0000 UTC  } {PodScheduled True 0001-01-01 00:00:00 +0000 UTC 2018-09-17 06:35:45 +0000 UTC  }]&#xA;Sep 19 07:40:21.977: INFO: kube-dns-mwjc8                                                   10.46.6.173  Running           [{Initialized True 0001-01-01 00:00:00 +0000 UTC 2018-09-17 07:06:10 +0000 UTC  } {Ready True 0001-01-01 00:00:00 +0000 UTC 2018-09-17 07:06:18 +0000 UTC  } {ContainersReady True 0001-01-01 00:00:00 +0000 UTC 0001-01-01 00:00:00 +0000 UTC  } {PodScheduled True 0001-01-01 00:00:00 +0000 UTC 2018-09-17 07:06:10 +0000 UTC  }]&#xA;Sep 19 07:40:21.977: INFO: logging-elk-client-75d4d7994c-7g7fn                              10.46.6.171  Running           [{Initialized True 0001-01-01 00:00:00 +0000 UTC 2018-09-17 07:15:40 +0000 UTC  } {Ready True 0001-01-01 00:00:00 +0000 UTC 2018-09-17 07:16:22 +0000 UTC  } {ContainersReady True 0001-01-01 00:00:00 +0000 UTC 0001-01-01 00:00:00 +0000 UTC  } {PodScheduled True 0001-01-01 00:00:00 +0000 UTC 2018-09-17 07:15:20 +0000 UTC  }]&#xA;Sep 19 07:40:21.977: INFO: logging-elk-data-0                                               10.46.6.171  Running           [{Initialized True 0001-01-01 00:00:00 +0000 UTC 2018-09-17 07:15:47 +0000 UTC  } {Ready True 0001-01-01 00:00:00 +0000 UTC 2018-09-17 07:16:16 +0000 UTC  } {ContainersReady True 0001-01-01 00:00:00 +0000 UTC 0001-01-01 00:00:00 +0000 UTC  } {PodScheduled True 0001-01-01 00:00:00 +0000 UTC 2018-09-17 07:15:20 +0000 UTC  }]&#xA;Sep 19 07:40:21.977: INFO: logging-elk-elasticsearch-tls-init-6hnl4                         10.46.6.171  Succeeded         [{Initialized True 0001-01-01 00:00:00 +0000 UTC 2018-09-17 07:15:20 +0000 UTC PodCompleted } {Ready False 0001-01-01 00:00:00 +0000 UTC 2018-09-17 07:17:46 +0000 UTC PodCompleted } {ContainersReady False 0001-01-01 00:00:00 +0000 UTC 0001-01-01 00:00:00 +0000 UTC PodCompleted } {PodScheduled True 0001-01-01 00:00:00 +0000 UTC 2018-09-17 07:15:20 +0000 UTC  }]&#xA;Sep 19 07:40:21.977: INFO: logging-elk-filebeat-ds-bs86r                                    10.46.6.171  Running           [{Initialized True 0001-01-01 00:00:00 +0000 UTC 2018-09-17 07:15:20 +0000 UTC  } {Ready True 0001-01-01 00:00:00 +0000 UTC 2018-09-17 07:15:42 +0000 UTC  } {ContainersReady True 0001-01-01 00:00:00 +0000 UTC 0001-01-01 00:00:00 +0000 UTC  } {PodScheduled True 0001-01-01 00:00:00 +0000 UTC 2018-09-17 07:15:20 +0000 UTC  }]&#xA;Sep 19 07:40:21.977: INFO: logging-elk-filebeat-ds-jtd5q                                    10.46.6.170  Running           [{Initialized True 0001-01-01 00:00:00 +0000 UTC 2018-09-17 07:15:20 +0000 UTC  } {Ready True 0001-01-01 00:00:00 +0000 UTC 2018-09-17 07:15:37 +0000 UTC  } {ContainersReady True 0001-01-01 00:00:00 +0000 UTC 0001-01-01 00:00:00 +0000 UTC  } {PodScheduled True 0001-01-01 00:00:00 +0000 UTC 2018-09-17 07:15:20 +0000 UTC  }]&#xA;Sep 19 07:40:21.977: INFO: logging-elk-filebeat-ds-qf2vz                                    10.46.6.173  Running           [{Initialized True 0001-01-01 00:00:00 +0000 UTC 2018-09-17 07:15:20 +0000 UTC  } {Ready True 0001-01-01 00:00:00 +0000 UTC 2018-09-17 07:15:39 +0000 UTC  } {ContainersReady True 0001-01-01 00:00:00 +0000 UTC 0001-01-01 00:00:00 +0000 UTC  } {PodScheduled True 0001-01-01 00:00:00 +0000 UTC 2018-09-17 07:15:20 +0000 UTC  }]&#xA;Sep 19 07:40:21.977: INFO: logging-elk-filebeat-ds-vpk48                                    10.46.6.172  Running           [{Initialized True 0001-01-01 00:00:00 +0000 UTC 2018-09-17 07:15:20 +0000 UTC  } {Ready True 0001-01-01 00:00:00 +0000 UTC 2018-09-17 07:15:39 +0000 UTC  } {ContainersReady True 0001-01-01 00:00:00 +0000 UTC 0001-01-01 00:00:00 +0000 UTC  } {PodScheduled True 0001-01-01 00:00:00 +0000 UTC 2018-09-17 07:15:20 +0000 UTC  }]&#xA;Sep 19 07:40:21.977: INFO: logging-elk-kibana-ff4db4866-s2295                               10.46.6.171  Running           [{Initialized True 0001-01-01 00:00:00 +0000 UTC 2018-09-17 07:15:21 +0000 UTC  } {Ready True 0001-01-01 00:00:00 +0000 UTC 2018-09-17 07:15:45 +0000 UTC  } {ContainersReady True 0001-01-01 00:00:00 +0000 UTC 0001-01-01 00:00:00 +0000 UTC  } {PodScheduled True 0001-01-01 00:00:00 +0000 UTC 2018-09-17 07:15:21 +0000 UTC  }]&#xA;Sep 19 07:40:21.977: INFO: logging-elk-logstash-7994656f46-r89mt                            10.46.6.171  Running           [{Initialized True 0001-01-01 00:00:00 +0000 UTC 2018-09-17 07:15:22 +0000 UTC  } {Ready True 0001-01-01 00:00:00 +0000 UTC 2018-09-17 07:16:16 +0000 UTC  } {ContainersReady True 0001-01-01 00:00:00 +0000 UTC 0001-01-01 00:00:00 +0000 UTC  } {PodScheduled True 0001-01-01 00:00:00 +0000 UTC 2018-09-17 07:15:21 +0000 UTC  }]&#xA;Sep 19 07:40:21.977: INFO: logging-elk-master-6cdcf45f7d-gp28f                              10.46.6.171  Running           [{Initialized True 0001-01-01 00:00:00 +0000 UTC 2018-09-17 07:15:47 +0000 UTC  } {Ready True 0001-01-01 00:00:00 +0000 UTC 2018-09-17 07:16:16 +0000 UTC  } {ContainersReady True 0001-01-01 00:00:00 +0000 UTC 0001-01-01 00:00:00 +0000 UTC  } {PodScheduled True 0001-01-01 00:00:00 +0000 UTC 2018-09-17 07:15:21 +0000 UTC  }]&#xA;Sep 19 07:40:21.977: INFO: mariadb-0                                                        10.46.6.173  Running           [{Initialized True 0001-01-01 00:00:00 +0000 UTC 2018-09-17 07:08:38 +0000 UTC  } {Ready True 0001-01-01 00:00:00 +0000 UTC 2018-09-17 07:09:15 +0000 UTC  } {ContainersReady True 0001-01-01 00:00:00 +0000 UTC 0001-01-01 00:00:00 +0000 UTC  } {PodScheduled True 0001-01-01 00:00:00 +0000 UTC 2018-09-17 07:08:37 +0000 UTC  }]&#xA;Sep 19 07:40:21.977: INFO: metering-dm-8b475fc57-cmm6h                                      10.46.6.171  Running           [{Initialized True 0001-01-01 00:00:00 +0000 UTC 2018-09-17 07:14:20 +0000 UTC  } {Ready True 0001-01-01 00:00:00 +0000 UTC 2018-09-17 07:14:49 +0000 UTC  } {ContainersReady True 0001-01-01 00:00:00 +0000 UTC 0001-01-01 00:00:00 +0000 UTC  } {PodScheduled True 0001-01-01 00:00:00 +0000 UTC 2018-09-17 07:14:12 +0000 UTC  }]&#xA;Sep 19 07:40:21.977: INFO: metering-reader-44wd7                                            10.46.6.170  Running           [{Initialized True 0001-01-01 00:00:00 +0000 UTC 2018-09-17 07:14:20 +0000 UTC  } {Ready True 0001-01-01 00:00:00 +0000 UTC 2018-09-17 07:14:46 +0000 UTC  } {ContainersReady True 0001-01-01 00:00:00 +0000 UTC 0001-01-01 00:00:00 +0000 UTC  } {PodScheduled True 0001-01-01 00:00:00 +0000 UTC 2018-09-17 07:14:11 +0000 UTC  }]&#xA;Sep 19 07:40:21.977: INFO: metering-reader-gsrdg                                            10.46.6.172  Running           [{Initialized True 0001-01-01 00:00:00 +0000 UTC 2018-09-17 07:14:23 +0000 UTC  } {Ready True 0001-01-01 00:00:00 +0000 UTC 2018-09-17 07:14:52 +0000 UTC  } {ContainersReady True 0001-01-01 00:00:00 +0000 UTC 0001-01-01 00:00:00 +0000 UTC  } {PodScheduled True 0001-01-01 00:00:00 +0000 UTC 2018-09-17 07:14:11 +0000 UTC  }]&#xA;Sep 19 07:40:21.977: INFO: metering-reader-l7284                                            10.46.6.173  Running           [{Initialized True 0001-01-01 00:00:00 +0000 UTC 2018-09-17 07:14:24 +0000 UTC  } {Ready True 0001-01-01 00:00:00 +0000 UTC 2018-09-17 07:14:45 +0000 UTC  } {ContainersReady True 0001-01-01 00:00:00 +0000 UTC 0001-01-01 00:00:00 +0000 UTC  } {PodScheduled True 0001-01-01 00:00:00 +0000 UTC 2018-09-17 07:14:11 +0000 UTC  }]&#xA;Sep 19 07:40:21.977: INFO: metering-reader-xq8f2                                            10.46.6.171  Running           [{Initialized True 0001-01-01 00:00:00 +0000 UTC 2018-09-17 07:14:23 +0000 UTC  } {Ready True 0001-01-01 00:00:00 +0000 UTC 2018-09-17 07:14:55 +0000 UTC  } {ContainersReady True 0001-01-01 00:00:00 +0000 UTC 0001-01-01 00:00:00 +0000 UTC  } {PodScheduled True 0001-01-01 00:00:00 +0000 UTC 2018-09-17 07:14:11 +0000 UTC  }]&#xA;Sep 19 07:40:21.977: INFO: metering-ui-5bbfbb5d49-wkh8m                                     10.46.6.171  Running           [{Initialized True 0001-01-01 00:00:00 +0000 UTC 2018-09-17 07:14:22 +0000 UTC  } {Ready True 0001-01-01 00:00:00 +0000 UTC 2018-09-17 07:14:55 +0000 UTC  } {ContainersReady True 0001-01-01 00:00:00 +0000 UTC 0001-01-01 00:00:00 +0000 UTC  } {PodScheduled True 0001-01-01 00:00:00 +0000 UTC 2018-09-17 07:14:12 +0000 UTC  }]&#xA;Sep 19 07:40:21.977: INFO: metrics-server-6d6695f9db-8t4xs                                  10.46.6.171  Running           [{Initialized True 0001-01-01 00:00:00 +0000 UTC 2018-09-17 07:08:51 +0000 UTC  } {Ready True 0001-01-01 00:00:00 +0000 UTC 2018-09-17 07:08:55 +0000 UTC  } {ContainersReady True 0001-01-01 00:00:00 +0000 UTC 0001-01-01 00:00:00 +0000 UTC  } {PodScheduled True 0001-01-01 00:00:00 +0000 UTC 2018-09-17 07:08:51 +0000 UTC  }]&#xA;Sep 19 07:40:21.977: INFO: mgmt-repo-57dc689b74-tmp44                                       10.46.6.173  Running           [{Initialized True 0001-01-01 00:00:00 +0000 UTC 2018-09-17 07:18:10 +0000 UTC  } {Ready True 0001-01-01 00:00:00 +0000 UTC 2018-09-17 07:18:54 +0000 UTC  } {ContainersReady True 0001-01-01 00:00:00 +0000 UTC 0001-01-01 00:00:00 +0000 UTC  } {PodScheduled True 0001-01-01 00:00:00 +0000 UTC 2018-09-17 07:17:50 +0000 UTC  }]&#xA;Sep 19 07:40:21.977: INFO: monitoring-grafana-548b947c8c-dh89z                              10.46.6.171  Running           [{Initialized True 0001-01-01 00:00:00 +0000 UTC 2018-09-17 07:16:14 +0000 UTC  } {Ready True 0001-01-01 00:00:00 +0000 UTC 2018-09-17 07:16:59 +0000 UTC  } {ContainersReady True 0001-01-01 00:00:00 +0000 UTC 0001-01-01 00:00:00 +0000 UTC  } {PodScheduled True 0001-01-01 00:00:00 +0000 UTC 2018-09-17 07:15:46 +0000 UTC  }]&#xA;Sep 19 07:40:21.977: INFO: monitoring-prometheus-6677d7c77f-pnpt5                           10.46.6.171  Running           [{Initialized True 0001-01-01 00:00:00 +0000 UTC 2018-09-17 07:16:14 +0000 UTC  } {Ready True 0001-01-01 00:00:00 +0000 UTC 2018-09-17 07:17:03 +0000 UTC  } {ContainersReady True 0001-01-01 00:00:00 +0000 UTC 0001-01-01 00:00:00 +0000 UTC  } {PodScheduled True 0001-01-01 00:00:00 +0000 UTC 2018-09-17 07:15:45 +0000 UTC  }]&#xA;Sep 19 07:40:21.977: INFO: monitoring-prometheus-alertmanager-7d8749dbb8-xj68d              10.46.6.171  Running           [{Initialized True 0001-01-01 00:00:00 +0000 UTC 2018-09-17 07:15:46 +0000 UTC  } {Ready True 0001-01-01 00:00:00 +0000 UTC 2018-09-17 07:16:45 +0000 UTC  } {ContainersReady True 0001-01-01 00:00:00 +0000 UTC 0001-01-01 00:00:00 +0000 UTC  } {PodScheduled True 0001-01-01 00:00:00 +0000 UTC 2018-09-17 07:15:45 +0000 UTC  }]&#xA;Sep 19 07:40:21.977: INFO: monitoring-prometheus-collectdexporter-77575678dc-v8n2l          10.46.6.171  Running           [{Initialized True 0001-01-01 00:00:00 +0000 UTC 2018-09-17 07:15:46 +0000 UTC  } {Ready True 0001-01-01 00:00:00 +0000 UTC 2018-09-17 07:16:42 +0000 UTC  } {ContainersReady True 0001-01-01 00:00:00 +0000 UTC 0001-01-01 00:00:00 +0000 UTC  } {PodScheduled True 0001-01-01 00:00:00 +0000 UTC 2018-09-17 07:15:45 +0000 UTC  }]&#xA;Sep 19 07:40:21.977: INFO: monitoring-prometheus-elasticsearchexporter-655864cccb-c6tps     10.46.6.171  Running           [{Initialized True 0001-01-01 00:00:00 +0000 UTC 2018-09-17 07:15:46 +0000 UTC  } {Ready True 0001-01-01 00:00:00 +0000 UTC 2018-09-17 07:16:52 +0000 UTC  } {ContainersReady True 0001-01-01 00:00:00 +0000 UTC 0001-01-01 00:00:00 +0000 UTC  } {PodScheduled True 0001-01-01 00:00:00 +0000 UTC 2018-09-17 07:15:45 +0000 UTC  }]&#xA;Sep 19 07:40:21.978: INFO: monitoring-prometheus-kubestatemetrics-54dcbb6cfb-76zmm          10.46.6.171  Running           [{Initialized True 0001-01-01 00:00:00 +0000 UTC 2018-09-17 07:15:45 +0000 UTC  } {Ready True 0001-01-01 00:00:00 +0000 UTC 2018-09-17 07:16:34 +0000 UTC  } {ContainersReady True 0001-01-01 00:00:00 +0000 UTC 0001-01-01 00:00:00 +0000 UTC  } {PodScheduled True 0001-01-01 00:00:00 +0000 UTC 2018-09-17 07:15:45 +0000 UTC  }]&#xA;Sep 19 07:40:21.978: INFO: monitoring-prometheus-nodeexporter-9fnpb                         10.46.6.171  Running           [{Initialized True 0001-01-01 00:00:00 +0000 UTC 2018-09-17 07:15:44 +0000 UTC  } {Ready True 0001-01-01 00:00:00 +0000 UTC 2018-09-17 07:16:44 +0000 UTC  } {ContainersReady True 0001-01-01 00:00:00 +0000 UTC 0001-01-01 00:00:00 +0000 UTC  } {PodScheduled True 0001-01-01 00:00:00 +0000 UTC 2018-09-17 07:15:44 +0000 UTC  }]&#xA;Sep 19 07:40:21.978: INFO: monitoring-prometheus-nodeexporter-f84fv                         10.46.6.173  Running           [{Initialized True 0001-01-01 00:00:00 +0000 UTC 2018-09-17 07:15:45 +0000 UTC  } {Ready True 0001-01-01 00:00:00 +0000 UTC 2018-09-17 07:16:28 +0000 UTC  } {ContainersReady True 0001-01-01 00:00:00 +0000 UTC 0001-01-01 00:00:00 +0000 UTC  } {PodScheduled True 0001-01-01 00:00:00 +0000 UTC 2018-09-17 07:15:45 +0000 UTC  }]&#xA;Sep 19 07:40:21.978: INFO: monitoring-prometheus-nodeexporter-tpbc8                         10.46.6.170  Running           [{Initialized True 0001-01-01 00:00:00 +0000 UTC 2018-09-17 07:15:44 +0000 UTC  } {Ready True 0001-01-01 00:00:00 +0000 UTC 2018-09-17 07:16:27 +0000 UTC  } {ContainersReady True 0001-01-01 00:00:00 +0000 UTC 0001-01-01 00:00:00 +0000 UTC  } {PodScheduled True 0001-01-01 00:00:00 +0000 UTC 2018-09-17 07:15:44 +0000 UTC  }]&#xA;Sep 19 07:40:21.978: INFO: monitoring-prometheus-nodeexporter-v4l7d                         10.46.6.172  Running           [{Initialized True 0001-01-01 00:00:00 +0000 UTC 2018-09-17 07:15:44 +0000 UTC  } {Ready True 0001-01-01 00:00:00 +0000 UTC 2018-09-17 07:16:31 +0000 UTC  } {ContainersReady True 0001-01-01 00:00:00 +0000 UTC 0001-01-01 00:00:00 +0000 UTC  } {PodScheduled True 0001-01-01 00:00:00 +0000 UTC 2018-09-17 07:15:44 +0000 UTC  }]&#xA;Sep 19 07:40:21.978: INFO: my-ibm-open-liberty-ibm-7f7d9778d7-7t5jc                         10.46.6.170  Running           [{Initialized True 0001-01-01 00:00:00 +0000 UTC 2018-09-17 08:22:24 +0000 UTC  } {Ready True 0001-01-01 00:00:00 +0000 UTC 2018-09-17 08:23:21 +0000 UTC  } {ContainersReady True 0001-01-01 00:00:00 +0000 UTC 0001-01-01 00:00:00 +0000 UTC  } {PodScheduled True 0001-01-01 00:00:00 +0000 UTC 2018-09-17 08:22:24 +0000 UTC  }]&#xA;Sep 19 07:40:21.978: INFO: nginx-ingress-controller-h5z2v                                   10.46.6.173  Running           [{Initialized True 0001-01-01 00:00:00 +0000 UTC 2018-09-17 07:08:39 +0000 UTC  } {Ready True 0001-01-01 00:00:00 +0000 UTC 2018-09-17 07:08:54 +0000 UTC  } {ContainersReady True 0001-01-01 00:00:00 +0000 UTC 0001-01-01 00:00:00 +0000 UTC  } {PodScheduled True 0001-01-01 00:00:00 +0000 UTC 2018-09-17 07:08:28 +0000 UTC  }]&#xA;Sep 19 07:40:21.978: INFO: nvidia-device-plugin-9h2k4                                       10.46.6.170  Running           [{Initialized True 0001-01-01 00:00:00 +0000 UTC 2018-09-17 07:07:23 +0000 UTC  } {Ready True 0001-01-01 00:00:00 +0000 UTC 2018-09-17 07:07:24 +0000 UTC  } {ContainersReady True 0001-01-01 00:00:00 +0000 UTC 0001-01-01 00:00:00 +0000 UTC  } {PodScheduled True 0001-01-01 00:00:00 +0000 UTC 2018-09-17 07:07:17 +0000 UTC  }]&#xA;Sep 19 07:40:21.978: INFO: nvidia-device-plugin-nh54k                                       10.46.6.173  Running           [{Initialized True 0001-01-01 00:00:00 +0000 UTC 2018-09-17 07:07:29 +0000 UTC  } {Ready True 0001-01-01 00:00:00 +0000 UTC 2018-09-17 07:07:33 +0000 UTC  } {ContainersReady True 0001-01-01 00:00:00 +0000 UTC 0001-01-01 00:00:00 +0000 UTC  } {PodScheduled True 0001-01-01 00:00:00 +0000 UTC 2018-09-17 07:07:17 +0000 UTC  }]&#xA;Sep 19 07:40:21.978: INFO: nvidia-device-plugin-vh85n                                       10.46.6.171  Running           [{Initialized True 0001-01-01 00:00:00 +0000 UTC 2018-09-17 07:07:21 +0000 UTC  } {Ready True 0001-01-01 00:00:00 +0000 UTC 2018-09-17 07:07:23 +0000 UTC  } {ContainersReady True 0001-01-01 00:00:00 +0000 UTC 0001-01-01 00:00:00 +0000 UTC  } {PodScheduled True 0001-01-01 00:00:00 +0000 UTC 2018-09-17 07:07:17 +0000 UTC  }]&#xA;Sep 19 07:40:21.978: INFO: nvidia-device-plugin-w9jr8                                       10.46.6.172  Running           [{Initialized True 0001-01-01 00:00:00 +0000 UTC 2018-09-17 07:07:24 +0000 UTC  } {Ready True 0001-01-01 00:00:00 +0000 UTC 2018-09-17 07:07:26 +0000 UTC  } {ContainersReady True 0001-01-01 00:00:00 +0000 UTC 0001-01-01 00:00:00 +0000 UTC  } {PodScheduled True 0001-01-01 00:00:00 +0000 UTC 2018-09-17 07:07:17 +0000 UTC  }]&#xA;Sep 19 07:40:21.978: INFO: oidc-client-registration-szxrk                                   10.46.6.173  Succeeded         [{Initialized True 0001-01-01 00:00:00 +0000 UTC 2018-09-17 07:10:05 +0000 UTC PodCompleted } {Ready False 0001-01-01 00:00:00 +0000 UTC 2018-09-17 07:12:27 +0000 UTC PodCompleted } {ContainersReady False 0001-01-01 00:00:00 +0000 UTC 0001-01-01 00:00:00 +0000 UTC PodCompleted } {PodScheduled True 0001-01-01 00:00:00 +0000 UTC 2018-09-17 07:10:04 +0000 UTC  }]&#xA;Sep 19 07:40:21.978: INFO: platform-api-2fs4x                                               10.46.6.173  Running           [{Initialized True 0001-01-01 00:00:00 +0000 UTC 2018-09-17 07:08:45 +0000 UTC  } {Ready True 0001-01-01 00:00:00 +0000 UTC 2018-09-17 07:16:29 +0000 UTC  } {ContainersReady True 0001-01-01 00:00:00 +0000 UTC 0001-01-01 00:00:00 +0000 UTC  } {PodScheduled True 0001-01-01 00:00:00 +0000 UTC 2018-09-17 07:08:45 +0000 UTC  }]&#xA;Sep 19 07:40:21.978: INFO: platform-deploy-dbbks                                            10.46.6.173  Running           [{Initialized True 0001-01-01 00:00:00 +0000 UTC 2018-09-17 07:08:45 +0000 UTC  } {Ready True 0001-01-01 00:00:00 +0000 UTC 2018-09-17 07:08:57 +0000 UTC  } {ContainersReady True 0001-01-01 00:00:00 +0000 UTC 0001-01-01 00:00:00 +0000 UTC  } {PodScheduled True 0001-01-01 00:00:00 +0000 UTC 2018-09-17 07:08:45 +0000 UTC  }]&#xA;Sep 19 07:40:21.978: INFO: platform-ui-6fjgx                                                10.46.6.173  Running           [{Initialized True 0001-01-01 00:00:00 +0000 UTC 2018-09-17 07:14:34 +0000 UTC  } {Ready True 0001-01-01 00:00:00 +0000 UTC 2018-09-17 07:15:20 +0000 UTC  } {ContainersReady True 0001-01-01 00:00:00 +0000 UTC 0001-01-01 00:00:00 +0000 UTC  } {PodScheduled True 0001-01-01 00:00:00 +0000 UTC 2018-09-17 07:14:34 +0000 UTC  }]&#xA;Sep 19 07:40:21.978: INFO: secret-watcher-5f59fcbc69-pfnfk                                  10.46.6.173  Running           [{Initialized True 0001-01-01 00:00:00 +0000 UTC 2018-09-17 07:18:05 +0000 UTC  } {Ready True 0001-01-01 00:00:00 +0000 UTC 2018-09-17 07:18:30 +0000 UTC  } {ContainersReady True 0001-01-01 00:00:00 +0000 UTC 0001-01-01 00:00:00 +0000 UTC  } {PodScheduled True 0001-01-01 00:00:00 +0000 UTC 2018-09-17 07:18:04 +0000 UTC  }]&#xA;Sep 19 07:40:21.978: INFO: security-onboarding-tkf79                                        10.46.6.173  Succeeded         [{Initialized True 0001-01-01 00:00:00 +0000 UTC 2018-09-17 07:18:12 +0000 UTC PodCompleted } {Ready False 0001-01-01 00:00:00 +0000 UTC 2018-09-17 07:20:02 +0000 UTC PodCompleted } {ContainersReady False 0001-01-01 00:00:00 +0000 UTC 0001-01-01 00:00:00 +0000 UTC PodCompleted } {PodScheduled True 0001-01-01 00:00:00 +0000 UTC 2018-09-17 07:18:12 +0000 UTC  }]&#xA;Sep 19 07:40:21.978: INFO: service-catalog-apiserver-967x9                                  10.46.6.173  Running           [{Initialized True 0001-01-01 00:00:00 +0000 UTC 2018-09-17 07:08:20 +0000 UTC  } {Ready True 0001-01-01 00:00:00 +0000 UTC 2018-09-17 07:09:01 +0000 UTC  } {ContainersReady True 0001-01-01 00:00:00 +0000 UTC 0001-01-01 00:00:00 +0000 UTC  } {PodScheduled True 0001-01-01 00:00:00 +0000 UTC 2018-09-17 07:08:20 +0000 UTC  }]&#xA;Sep 19 07:40:21.978: INFO: service-catalog-controller-manager-5969cccf86-65phs              10.46.6.173  Running           [{Initialized True 0001-01-01 00:00:00 +0000 UTC 2018-09-17 07:08:21 +0000 UTC  } {Ready True 0001-01-01 00:00:00 +0000 UTC 2018-09-17 07:08:34 +0000 UTC  } {ContainersReady True 0001-01-01 00:00:00 +0000 UTC 0001-01-01 00:00:00 +0000 UTC  } {PodScheduled True 0001-01-01 00:00:00 +0000 UTC 2018-09-17 07:08:20 +0000 UTC  }]&#xA;Sep 19 07:40:21.978: INFO: tiller-deploy-6b58875cb-5l8kh                                    10.46.6.173  Running           [{Initialized True 0001-01-01 00:00:00 +0000 UTC 2018-09-17 07:05:28 +0000 UTC  } {Ready True 0001-01-01 00:00:00 +0000 UTC 2018-09-17 07:05:43 +0000 UTC  } {ContainersReady True 0001-01-01 00:00:00 +0000 UTC 0001-01-01 00:00:00 +0000 UTC  } {PodScheduled True 0001-01-01 00:00:00 +0000 UTC 2018-09-17 07:05:28 +0000 UTC  }]&#xA;Sep 19 07:40:21.978: INFO: unified-router-lkwnl                                             10.46.6.173  Running           [{Initialized True 0001-01-01 00:00:00 +0000 UTC 2018-09-17 07:15:31 +0000 UTC  } {Ready True 0001-01-01 00:00:00 +0000 UTC 2018-09-17 07:15:40 +0000 UTC  } {ContainersReady True 0001-01-01 00:00:00 +0000 UTC 0001-01-01 00:00:00 +0000 UTC  } {PodScheduled True 0001-01-01 00:00:00 +0000 UTC 2018-09-17 07:15:31 +0000 UTC  }]&#xA;Sep 19 07:40:21.978: INFO: vulnerability-advisor-compliance-annotator-d5659b9d9-kmn8q       10.46.6.172  Running           [{Initialized True 0001-01-01 00:00:00 +0000 UTC 2018-09-17 07:19:03 +0000 UTC  } {Ready True 0001-01-01 00:00:00 +0000 UTC 2018-09-17 07:21:08 +0000 UTC  } {ContainersReady True 0001-01-01 00:00:00 +0000 UTC 0001-01-01 00:00:00 +0000 UTC  } {PodScheduled True 0001-01-01 00:00:00 +0000 UTC 2018-09-17 07:19:03 +0000 UTC  }]&#xA;Sep 19 07:40:21.978: INFO: vulnerability-advisor-compliance-indexer-7cbdc64b57-47lmd        10.46.6.172  Running           [{Initialized True 0001-01-01 00:00:00 +0000 UTC 2018-09-17 07:19:07 +0000 UTC  } {Ready True 0001-01-01 00:00:00 +0000 UTC 2018-09-17 07:19:33 +0000 UTC  } {ContainersReady True 0001-01-01 00:00:00 +0000 UTC 0001-01-01 00:00:00 +0000 UTC  } {PodScheduled True 0001-01-01 00:00:00 +0000 UTC 2018-09-17 07:19:06 +0000 UTC  }]&#xA;Sep 19 07:40:21.978: INFO: vulnerability-advisor-config-parser-5d44b78fd5-z4k9t             10.46.6.172  Running           [{Initialized True 0001-01-01 00:00:00 +0000 UTC 2018-09-17 07:19:04 +0000 UTC  } {Ready True 0001-01-01 00:00:00 +0000 UTC 2018-09-17 07:21:09 +0000 UTC  } {ContainersReady True 0001-01-01 00:00:00 +0000 UTC 0001-01-01 00:00:00 +0000 UTC  } {PodScheduled True 0001-01-01 00:00:00 +0000 UTC 2018-09-17 07:19:03 +0000 UTC  }]&#xA;Sep 19 07:40:21.978: INFO: vulnerability-advisor-cos-indexer-57899b7dd6-7cpf8               10.46.6.172  Running           [{Initialized True 0001-01-01 00:00:00 +0000 UTC 2018-09-17 07:19:04 +0000 UTC  } {Ready True 0001-01-01 00:00:00 +0000 UTC 2018-09-19 07:20:04 +0000 UTC  } {ContainersReady True 0001-01-01 00:00:00 +0000 UTC 0001-01-01 00:00:00 +0000 UTC  } {PodScheduled True 0001-01-01 00:00:00 +0000 UTC 2018-09-17 07:19:04 +0000 UTC  }]&#xA;Sep 19 07:40:21.978: INFO: vulnerability-advisor-kafka-0                                    10.46.6.172  Running           [{Initialized True 0001-01-01 00:00:00 +0000 UTC 2018-09-17 07:19:13 +0000 UTC  } {Ready True 0001-01-01 00:00:00 +0000 UTC 2018-09-17 07:20:53 +0000 UTC  } {ContainersReady True 0001-01-01 00:00:00 +0000 UTC 0001-01-01 00:00:00 +0000 UTC  } {PodScheduled True 0001-01-01 00:00:00 +0000 UTC 2018-09-17 07:19:13 +0000 UTC  }]&#xA;Sep 19 07:40:21.978: INFO: vulnerability-advisor-live-crawler-84st2                         10.46.6.172  Running           [{Initialized True 0001-01-01 00:00:00 +0000 UTC 2018-09-17 07:19:03 +0000 UTC  } {Ready True 0001-01-01 00:00:00 +0000 UTC 2018-09-17 07:19:26 +0000 UTC  } {ContainersReady True 0001-01-01 00:00:00 +0000 UTC 0001-01-01 00:00:00 +0000 UTC  } {PodScheduled True 0001-01-01 00:00:00 +0000 UTC 2018-09-17 07:19:03 +0000 UTC  }]&#xA;Sep 19 07:40:21.979: INFO: vulnerability-advisor-live-crawler-ccxd7                         10.46.6.170  Running           [{Initialized True 0001-01-01 00:00:00 +0000 UTC 2018-09-17 07:19:03 +0000 UTC  } {Ready True 0001-01-01 00:00:00 +0000 UTC 2018-09-17 07:19:14 +0000 UTC  } {ContainersReady True 0001-01-01 00:00:00 +0000 UTC 0001-01-01 00:00:00 +0000 UTC  } {PodScheduled True 0001-01-01 00:00:00 +0000 UTC 2018-09-17 07:19:03 +0000 UTC  }]&#xA;Sep 19 07:40:21.979: INFO: vulnerability-advisor-live-crawler-p6khc                         10.46.6.173  Running           [{Initialized True 0001-01-01 00:00:00 +0000 UTC 2018-09-17 07:19:02 +0000 UTC  } {Ready True 0001-01-01 00:00:00 +0000 UTC 2018-09-17 07:19:22 +0000 UTC  } {ContainersReady True 0001-01-01 00:00:00 +0000 UTC 0001-01-01 00:00:00 +0000 UTC  } {PodScheduled True 0001-01-01 00:00:00 +0000 UTC 2018-09-17 07:19:02 +0000 UTC  }]&#xA;Sep 19 07:40:21.979: INFO: vulnerability-advisor-live-crawler-xxz8p                         10.46.6.171  Running           [{Initialized True 0001-01-01 00:00:00 +0000 UTC 2018-09-17 07:19:03 +0000 UTC  } {Ready True 0001-01-01 00:00:00 +0000 UTC 2018-09-17 07:19:18 +0000 UTC  } {ContainersReady True 0001-01-01 00:00:00 +0000 UTC 0001-01-01 00:00:00 +0000 UTC  } {PodScheduled True 0001-01-01 00:00:00 +0000 UTC 2018-09-17 07:19:03 +0000 UTC  }]&#xA;Sep 19 07:40:21.979: INFO: vulnerability-advisor-ma-file-annotator-6b95df8886-jtczz         10.46.6.172  Running           [{Initialized True 0001-01-01 00:00:00 +0000 UTC 2018-09-17 07:19:04 +0000 UTC  } {Ready True 0001-01-01 00:00:00 +0000 UTC 2018-09-17 07:23:32 +0000 UTC  } {ContainersReady True 0001-01-01 00:00:00 +0000 UTC 0001-01-01 00:00:00 +0000 UTC  } {PodScheduled True 0001-01-01 00:00:00 +0000 UTC 2018-09-17 07:19:04 +0000 UTC  }]&#xA;Sep 19 07:40:21.979: INFO: vulnerability-advisor-minio-0                                    10.46.6.172  Running           [{Initialized True 0001-01-01 00:00:00 +0000 UTC 2018-09-17 07:21:51 +0000 UTC  } {Ready True 0001-01-01 00:00:00 +0000 UTC 2018-09-17 07:21:54 +0000 UTC  } {ContainersReady True 0001-01-01 00:00:00 +0000 UTC 0001-01-01 00:00:00 +0000 UTC  } {PodScheduled True 0001-01-01 00:00:00 +0000 UTC 2018-09-17 07:19:15 +0000 UTC  }]&#xA;Sep 19 07:40:21.979: INFO: vulnerability-advisor-minio-cleaner-1537228740-55f4w             10.46.6.172  Succeeded         [{Initialized True 0001-01-01 00:00:00 +0000 UTC 2018-09-17 23:59:03 +0000 UTC PodCompleted } {Ready False 0001-01-01 00:00:00 +0000 UTC 2018-09-17 23:59:42 +0000 UTC PodCompleted } {ContainersReady False 0001-01-01 00:00:00 +0000 UTC 0001-01-01 00:00:00 +0000 UTC PodCompleted } {PodScheduled True 0001-01-01 00:00:00 +0000 UTC 2018-09-17 23:59:03 +0000 UTC  }]&#xA;Sep 19 07:40:21.979: INFO: vulnerability-advisor-minio-cleaner-1537315140-nqk7v             10.46.6.172  Succeeded         [{Initialized True 0001-01-01 00:00:00 +0000 UTC 2018-09-18 23:59:04 +0000 UTC PodCompleted } {Ready False 0001-01-01 00:00:00 +0000 UTC 2018-09-19 00:00:52 +0000 UTC PodCompleted } {ContainersReady False 0001-01-01 00:00:00 +0000 UTC 0001-01-01 00:00:00 +0000 UTC PodCompleted } {PodScheduled True 0001-01-01 00:00:00 +0000 UTC 2018-09-18 23:59:04 +0000 UTC  }]&#xA;Sep 19 07:40:21.979: INFO: vulnerability-advisor-notification-dispatcher-86f8bf4b4d-cfdzb   10.46.6.172  Running           [{Initialized True 0001-01-01 00:00:00 +0000 UTC 2018-09-17 07:19:04 +0000 UTC  } {Ready True 0001-01-01 00:00:00 +0000 UTC 2018-09-17 07:20:31 +0000 UTC  } {ContainersReady True 0001-01-01 00:00:00 +0000 UTC 0001-01-01 00:00:00 +0000 UTC  } {PodScheduled True 0001-01-01 00:00:00 +0000 UTC 2018-09-17 07:19:04 +0000 UTC  }]&#xA;Sep 19 07:40:21.979: INFO: vulnerability-advisor-password-annotator-79b5d794b5-wnwqn        10.46.6.172  Running           [{Initialized True 0001-01-01 00:00:00 +0000 UTC 2018-09-17 07:19:05 +0000 UTC  } {Ready True 0001-01-01 00:00:00 +0000 UTC 2018-09-17 07:20:29 +0000 UTC  } {ContainersReady True 0001-01-01 00:00:00 +0000 UTC 0001-01-01 00:00:00 +0000 UTC  } {PodScheduled True 0001-01-01 00:00:00 +0000 UTC 2018-09-17 07:19:04 +0000 UTC  }]&#xA;Sep 19 07:40:21.979: INFO: vulnerability-advisor-process-ma-annotator-58f47d5b5f-4wglg      10.46.6.172  Running           [{Initialized True 0001-01-01 00:00:00 +0000 UTC 2018-09-17 07:19:06 +0000 UTC  } {Ready True 0001-01-01 00:00:00 +0000 UTC 2018-09-17 07:20:56 +0000 UTC  } {ContainersReady True 0001-01-01 00:00:00 +0000 UTC 0001-01-01 00:00:00 +0000 UTC  } {PodScheduled True 0001-01-01 00:00:00 +0000 UTC 2018-09-17 07:19:05 +0000 UTC  }]&#xA;Sep 19 07:40:21.979: INFO: vulnerability-advisor-process-ma-annotator-58f47d5b5f-xbxrc      10.46.6.172  Running           [{Initialized True 0001-01-01 00:00:00 +0000 UTC 2018-09-17 07:19:06 +0000 UTC  } {Ready True 0001-01-01 00:00:00 +0000 UTC 2018-09-17 07:21:50 +0000 UTC  } {ContainersReady True 0001-01-01 00:00:00 +0000 UTC 0001-01-01 00:00:00 +0000 UTC  } {PodScheduled True 0001-01-01 00:00:00 +0000 UTC 2018-09-17 07:19:05 +0000 UTC  }]&#xA;Sep 19 07:40:21.979: INFO: vulnerability-advisor-process-ma-annotator-init-869545d547nn27w  10.46.6.172  Running           [{Initialized True 0001-01-01 00:00:00 +0000 UTC 2018-09-17 07:19:06 +0000 UTC  } {Ready True 0001-01-01 00:00:00 +0000 UTC 2018-09-17 07:19:42 +0000 UTC  } {ContainersReady True 0001-01-01 00:00:00 +0000 UTC 0001-01-01 00:00:00 +0000 UTC  } {PodScheduled True 0001-01-01 00:00:00 +0000 UTC 2018-09-17 07:19:05 +0000 UTC  }]&#xA;Sep 19 07:40:21.979: INFO: vulnerability-advisor-process-ma-crawler-24z6k                   10.46.6.172  Running           [{Initialized True 0001-01-01 00:00:00 +0000 UTC 2018-09-17 07:19:03 +0000 UTC  } {Ready True 0001-01-01 00:00:00 +0000 UTC 2018-09-17 07:19:32 +0000 UTC  } {ContainersReady True 0001-01-01 00:00:00 +0000 UTC 0001-01-01 00:00:00 +0000 UTC  } {PodScheduled True 0001-01-01 00:00:00 +0000 UTC 2018-09-17 07:19:03 +0000 UTC  }]&#xA;Sep 19 07:40:21.979: INFO: vulnerability-advisor-process-ma-crawler-5g4zk                   10.46.6.170  Running           [{Initialized True 0001-01-01 00:00:00 +0000 UTC 2018-09-17 07:19:03 +0000 UTC  } {Ready True 0001-01-01 00:00:00 +0000 UTC 2018-09-17 07:19:16 +0000 UTC  } {ContainersReady True 0001-01-01 00:00:00 +0000 UTC 0001-01-01 00:00:00 +0000 UTC  } {PodScheduled True 0001-01-01 00:00:00 +0000 UTC 2018-09-17 07:19:03 +0000 UTC  }]&#xA;Sep 19 07:40:21.979: INFO: vulnerability-advisor-process-ma-crawler-96728                   10.46.6.173  Running           [{Initialized True 0001-01-01 00:00:00 +0000 UTC 2018-09-17 07:19:03 +0000 UTC  } {Ready True 0001-01-01 00:00:00 +0000 UTC 2018-09-17 07:19:23 +0000 UTC  } {ContainersReady True 0001-01-01 00:00:00 +0000 UTC 0001-01-01 00:00:00 +0000 UTC  } {PodScheduled True 0001-01-01 00:00:00 +0000 UTC 2018-09-17 07:19:03 +0000 UTC  }]&#xA;Sep 19 07:40:21.979: INFO: vulnerability-advisor-process-ma-crawler-b7k2d                   10.46.6.171  Running           [{Initialized True 0001-01-01 00:00:00 +0000 UTC 2018-09-17 07:19:03 +0000 UTC  } {Ready True 0001-01-01 00:00:00 +0000 UTC 2018-09-17 07:19:13 +0000 UTC  } {ContainersReady True 0001-01-01 00:00:00 +0000 UTC 0001-01-01 00:00:00 +0000 UTC  } {PodScheduled True 0001-01-01 00:00:00 +0000 UTC 2018-09-17 07:19:03 +0000 UTC  }]&#xA;Sep 19 07:40:21.979: INFO: vulnerability-advisor-registry-crawler-6f9568677b-bfpm6          10.46.6.172  Running           [{Initialized True 0001-01-01 00:00:00 +0000 UTC 2018-09-17 07:19:08 +0000 UTC  } {Ready True 0001-01-01 00:00:00 +0000 UTC 2018-09-17 07:19:48 +0000 UTC  } {ContainersReady True 0001-01-01 00:00:00 +0000 UTC 0001-01-01 00:00:00 +0000 UTC  } {PodScheduled True 0001-01-01 00:00:00 +0000 UTC 2018-09-17 07:19:07 +0000 UTC  }]&#xA;Sep 19 07:40:21.979: INFO: vulnerability-advisor-rootkit-annotator-74cb65b5cf-2dk5j         10.46.6.172  Running           [{Initialized True 0001-01-01 00:00:00 +0000 UTC 2018-09-17 07:19:08 +0000 UTC  } {Ready True 0001-01-01 00:00:00 +0000 UTC 2018-09-17 07:20:26 +0000 UTC  } {ContainersReady True 0001-01-01 00:00:00 +0000 UTC 0001-01-01 00:00:00 +0000 UTC  } {PodScheduled True 0001-01-01 00:00:00 +0000 UTC 2018-09-17 07:19:07 +0000 UTC  }]&#xA;Sep 19 07:40:21.979: INFO: vulnerability-advisor-rootkit-indexer-cd8b4646b-xlhwq            10.46.6.172  Running           [{Initialized True 0001-01-01 00:00:00 +0000 UTC 2018-09-17 07:19:07 +0000 UTC  } {Ready True 0001-01-01 00:00:00 +0000 UTC 2018-09-17 07:19:26 +0000 UTC  } {ContainersReady True 0001-01-01 00:00:00 +0000 UTC 0001-01-01 00:00:00 +0000 UTC  } {PodScheduled True 0001-01-01 00:00:00 +0000 UTC 2018-09-17 07:19:06 +0000 UTC  }]&#xA;Sep 19 07:40:21.979: INFO: vulnerability-advisor-sas-apiserver-5fd8d44bc9-7bvkn             10.46.6.172  Running           [{Initialized True 0001-01-01 00:00:00 +0000 UTC 2018-09-17 07:19:09 +0000 UTC  } {Ready True 0001-01-01 00:00:00 +0000 UTC 2018-09-17 07:20:03 +0000 UTC  } {ContainersReady True 0001-01-01 00:00:00 +0000 UTC 0001-01-01 00:00:00 +0000 UTC  } {PodScheduled True 0001-01-01 00:00:00 +0000 UTC 2018-09-17 07:19:08 +0000 UTC  }]&#xA;Sep 19 07:40:21.979: INFO: vulnerability-advisor-sas-mgmt-64fb95bc44-j9vjc                  10.46.6.172  Running           [{Initialized True 0001-01-01 00:00:00 +0000 UTC 2018-09-17 07:19:08 +0000 UTC  } {Ready True 0001-01-01 00:00:00 +0000 UTC 2018-09-17 07:19:39 +0000 UTC  } {ContainersReady True 0001-01-01 00:00:00 +0000 UTC 0001-01-01 00:00:00 +0000 UTC  } {PodScheduled True 0001-01-01 00:00:00 +0000 UTC 2018-09-17 07:19:08 +0000 UTC  }]&#xA;Sep 19 07:40:21.979: INFO: vulnerability-advisor-secconfig-annotator-7dbcf5d9f4-fkmkb       10.46.6.172  Running           [{Initialized True 0001-01-01 00:00:00 +0000 UTC 2018-09-17 07:19:10 +0000 UTC  } {Ready True 0001-01-01 00:00:00 +0000 UTC 2018-09-17 07:19:45 +0000 UTC  } {ContainersReady True 0001-01-01 00:00:00 +0000 UTC 0001-01-01 00:00:00 +0000 UTC  } {PodScheduled True 0001-01-01 00:00:00 +0000 UTC 2018-09-17 07:19:08 +0000 UTC  }]&#xA;Sep 19 07:40:21.979: INFO: vulnerability-advisor-secconfig-indexer-674647df7c-qq5ff         10.46.6.172  Running           [{Initialized True 0001-01-01 00:00:00 +0000 UTC 2018-09-17 07:19:07 +0000 UTC  } {Ready True 0001-01-01 00:00:00 +0000 UTC 2018-09-17 07:19:33 +0000 UTC  } {ContainersReady True 0001-01-01 00:00:00 +0000 UTC 0001-01-01 00:00:00 +0000 UTC  } {PodScheduled True 0001-01-01 00:00:00 +0000 UTC 2018-09-17 07:19:06 +0000 UTC  }]&#xA;Sep 19 07:40:21.979: INFO: vulnerability-advisor-statsd-7746859df4-jjm6f                    10.46.6.172  Running           [{Initialized True 0001-01-01 00:00:00 +0000 UTC 2018-09-17 07:19:10 +0000 UTC  } {Ready True 0001-01-01 00:00:00 +0000 UTC 2018-09-17 07:19:38 +0000 UTC  } {ContainersReady True 0001-01-01 00:00:00 +0000 UTC 0001-01-01 00:00:00 +0000 UTC  } {PodScheduled True 0001-01-01 00:00:00 +0000 UTC 2018-09-17 07:19:09 +0000 UTC  }]&#xA;Sep 19 07:40:21.979: INFO: vulnerability-advisor-usncrawler-8h976                           10.46.6.172  Succeeded         [{Initialized True 0001-01-01 00:00:00 +0000 UTC 2018-09-17 07:19:11 +0000 UTC PodCompleted } {Ready False 0001-01-01 00:00:00 +0000 UTC 2018-09-17 07:24:06 +0000 UTC PodCompleted } {ContainersReady False 0001-01-01 00:00:00 +0000 UTC 0001-01-01 00:00:00 +0000 UTC PodCompleted } {PodScheduled True 0001-01-01 00:00:00 +0000 UTC 2018-09-17 07:19:11 +0000 UTC  }]&#xA;Sep 19 07:40:21.979: INFO: vulnerability-advisor-vulnerability-annotator-bcbf5595f-hxwst    10.46.6.172  Running           [{Initialized True 0001-01-01 00:00:00 +0000 UTC 2018-09-17 07:19:10 +0000 UTC  } {Ready True 0001-01-01 00:00:00 +0000 UTC 2018-09-17 07:20:29 +0000 UTC  } {ContainersReady True 0001-01-01 00:00:00 +0000 UTC 0001-01-01 00:00:00 +0000 UTC  } {PodScheduled True 0001-01-01 00:00:00 +0000 UTC 2018-09-17 07:19:09 +0000 UTC  }]&#xA;Sep 19 07:40:21.979: INFO: vulnerability-advisor-vulnerability-indexer-7c79b4c964-2n8cg     10.46.6.172  Running           [{Initialized True 0001-01-01 00:00:00 +0000 UTC 2018-09-17 07:19:07 +0000 UTC  } {Ready True 0001-01-01 00:00:00 +0000 UTC 2018-09-17 07:19:37 +0000 UTC  } {ContainersReady True 0001-01-01 00:00:00 +0000 UTC 0001-01-01 00:00:00 +0000 UTC  } {PodScheduled True 0001-01-01 00:00:00 +0000 UTC 2018-09-17 07:19:06 +0000 UTC  }]&#xA;Sep 19 07:40:21.979: INFO: vulnerability-advisor-zookeeper-0                                10.46.6.172  Running           [{Initialized True 0001-01-01 00:00:00 +0000 UTC 2018-09-17 07:19:15 +0000 UTC  } {Ready True 0001-01-01 00:00:00 +0000 UTC 2018-09-17 07:20:10 +0000 UTC  } {ContainersReady True 0001-01-01 00:00:00 +0000 UTC 0001-01-01 00:00:00 +0000 UTC  } {PodScheduled True 0001-01-01 00:00:00 +0000 UTC 2018-09-17 07:19:14 +0000 UTC  }]&#xA;Sep 19 07:40:21.980: INFO: &#xA;Sep 19 07:40:21.986: INFO: &#xA;Logging node info for node 10.46.6.170&#xA;Sep 19 07:40:21.990: INFO: Node Info: &amp;Node{ObjectMeta:k8s_io_apimachinery_pkg_apis_meta_v1.ObjectMeta{Name:10.46.6.170,GenerateName:,Namespace:,SelfLink:/api/v1/nodes/10.46.6.170,UID:0c4508eb-ba48-11e8-b20e-fa163e707b2e,ResourceVersion:457735,Generation:0,CreationTimestamp:2018-09-17 07:05:24 +0000 UTC,DeletionTimestamp:&lt;nil&gt;,DeletionGracePeriodSeconds:nil,Labels:map[string]string{beta.kubernetes.io/arch: amd64,beta.kubernetes.io/os: linux,kubernetes.io/hostname: 10.46.6.170,node-role.kubernetes.io/worker: true,},Annotations:map[string]string{node.alpha.kubernetes.io/ttl: 0,volumes.kubernetes.io/controller-managed-attach-detach: true,},OwnerReferences:[],Finalizers:[],ClusterName:,Initializers:nil,},Spec:NodeSpec{PodCIDR:,DoNotUse_ExternalID:,ProviderID:,Unschedulable:false,Taints:[],ConfigSource:nil,},Status:NodeStatus{Capacity:ResourceList{cpu: {{8 0} {&lt;nil&gt;} 8 DecimalSI},ephemeral-storage: {{107362627584 0} {&lt;nil&gt;} 104846316Ki BinarySI},hugepages-1Gi: {{0 0} {&lt;nil&gt;} 0 DecimalSI},hugepages-2Mi: {{0 0} {&lt;nil&gt;} 0 DecimalSI},memory: {{16825630720 0} {&lt;nil&gt;}  BinarySI},pods: {{80 0} {&lt;nil&gt;} 80 DecimalSI},},Allocatable:ResourceList{cpu: {{8 0} {&lt;nil&gt;} 8 DecimalSI},ephemeral-storage: {{96626364666 0} {&lt;nil&gt;} 96626364666 DecimalSI},hugepages-1Gi: {{0 0} {&lt;nil&gt;} 0 DecimalSI},hugepages-2Mi: {{0 0} {&lt;nil&gt;} 0 DecimalSI},memory: {{16720773120 0} {&lt;nil&gt;}  BinarySI},pods: {{80 0} {&lt;nil&gt;} 80 DecimalSI},},Phase:,Conditions:[{OutOfDisk False 2018-09-19 07:40:19 +0000 UTC 2018-09-17 07:05:24 +0000 UTC KubeletHasSufficientDisk kubelet has sufficient disk space available} {MemoryPressure False 2018-09-19 07:40:19 +0000 UTC 2018-09-17 07:05:24 +0000 UTC KubeletHasSufficientMemory kubelet has sufficient memory available} {DiskPressure False 2018-09-19 07:40:19 +0000 UTC 2018-09-17 07:05:24 +0000 UTC KubeletHasNoDiskPressure kubelet has no disk pressure} {PIDPressure False 2018-09-19 07:40:19 +0000 UTC 2018-09-17 07:05:24 +0000 UTC KubeletHasSufficientPID kubelet has sufficient PID available} {Ready True 2018-09-19 07:40:19 +0000 UTC 2018-09-17 07:06:04 +0000 UTC KubeletReady kubelet is posting ready status}],Addresses:[{InternalIP 10.46.6.170} {Hostname 10.46.6.170}],DaemonEndpoints:NodeDaemonEndpoints{KubeletEndpoint:DaemonEndpoint{Port:10250,},},NodeInfo:NodeSystemInfo{MachineID:52ca0d2c3fb341c79b059a96d10571a6,SystemUUID:B2A91A2D-0576-4E7B-AEBA-AE95FFDDF786,BootID:ae0d54c3-4892-49fd-b5c7-ca2077060a4b,KernelVersion:3.10.0-862.9.1.el7.x86_64,OSImage:Red Hat Enterprise Linux,ContainerRuntimeVersion:docker://18.3.1,KubeletVersion:v1.11.1+icp-ee,KubeProxyVersion:v1.11.1+icp-ee,OperatingSystem:linux,Architecture:amd64,},Images:[{[lzj.icp:8500/ibmcom/live-crawler@sha256:1a648615e7b439f093697f65350262823e6c711c4b21ea81596ced1c28a48133 lzj.icp:8500/ibmcom/live-crawler:1.3.1] 987515538} {[lzj.icp:8500/ibmcom/hyperkube@sha256:9fbddbf2d04354912c8a981395493d250474cb9fa587fa91119e69467078b180 lzj.icp:8500/ibmcom/hyperkube:v1.11.1-ee] 782626408} {[gcr.io/heptio-images/kube-conformance@sha256:5482c7f5f7b874c5c6caec6ddef5406f19a52a2c3a36897cadf0a8f78ab57982 gcr.io/heptio-images/kube-conformance:latest] 532182058} {[open-liberty@sha256:e962af00796d50687a4ac71d5e8ab046696c314b4a84617b0d216b671519df31 open-liberty:latest] 500884023} {[lzj.icp:8500/ibmcom/icp-filebeat@sha256:72669dde64d7ab85bbb9e93428efe548b2693a4eae5168a4705f6e30cd20e584 lzj.icp:8500/ibmcom/icp-filebeat:5.5.1] 317104874} {[lzj.icp:8500/ibmcom/fluentd@sha256:f85a5ffd86438f1a73d04caf6e33ef3474675d9fa0947431f4d0a9602fc981af lzj.icp:8500/ibmcom/fluentd:v1.2.2-icp] 270902701} {[lzj.icp:8500/ibmcom/calico-node@sha256:85a23d8030137d49663d3d82844a61998331606de9fc523dfdd0a75be7fb9828 lzj.icp:8500/ibmcom/calico-node:v3.1.3] 248202699} {[gcr.io/kubernetes-e2e-test-images/jessie-dnsutils-amd64@sha256:9e842e2f77073ec30e2349f9082ec35357a3bf61e12488adc677144295e68c38 gcr.io/kubernetes-e2e-test-images/jessie-dnsutils-amd64:1.0] 195659796} {[lzj.icp:8500/ibmcom/nvidia-device-plugin@sha256:2d57caa41994d1e0b3d952526a651f8da487e068874d1075f915fa48ad969ba6 lzj.icp:8500/ibmcom/nvidia-device-plugin:1.0] 132413452} {[lzj.icp:8500/ibmcom/metering-data-manager@sha256:97803f4458c6f6ca62076cf6958cb8ab98cf9ffed7cd4977550eeaa6db8ead70 lzj.icp:8500/ibmcom/metering-data-manager:3.1.0] 121942877} {[lzj.icp:8500/ibmcom/icp-management-ingress@sha256:259a9d288f5ee4f169c618b6d870b5ae38b954a3bf69f3f392523b1aaa9f4001 lzj.icp:8500/ibmcom/icp-management-ingress:2.2.1] 80410712} {[lzj.icp:8500/ibmcom/calico-cni@sha256:b56c2d3e62bd02f15dd5ec335c25ac81bb39d214e904525227640790686855d7 lzj.icp:8500/ibmcom/calico-cni:v3.1.3] 68849270} {[gcr.io/heptio-images/sonobuoy@sha256:165df6f635ddd0088ed6686e07ffb47f8dd17fdba153f61dbec9aa80c0d2e0b8 gcr.io/heptio-images/sonobuoy:latest gcr.io/heptio-images/sonobuoy:v0.11.6] 33401240} {[gcr.io/kubernetes-e2e-test-images/nettest-amd64@sha256:f2d3eba3ae2043c51389935be4bf41b2b0e60fd7220b9ba9cbc51eceaa74b2b4 gcr.io/kubernetes-e2e-test-images/nettest-amd64:1.0] 27413498} {[lzj.icp:8500/ibmcom/node-exporter@sha256:b24db452b1a0bf46abba095162d0fbc89ea40eeabbfe43ae01dab54107ecff0e lzj.icp:8500/ibmcom/node-exporter:v0.16.0] 22915749} {[gcr.io/kubernetes-e2e-test-images/dnsutils-amd64@sha256:f8eca5c0c2e18b7ee6df876e5587c5885d13c59cb453d93bf51628daf656e4b5 gcr.io/kubernetes-e2e-test-images/dnsutils-amd64:1.0] 9030162} {[gcr.io/kubernetes-e2e-test-images/hostexec-amd64@sha256:e1dadb772c6132e3587fc41b8c07facd81ee7c4e74508891b5d98d45b85462e9 gcr.io/kubernetes-e2e-test-images/hostexec-amd64:1.1] 8490662} {[gcr.io/kubernetes-e2e-test-images/netexec-amd64@sha256:da1c165175d5589ed70384e406a0291b6f76d53fc99e2c31ae23003e11e5bfde gcr.io/kubernetes-e2e-test-images/netexec-amd64:1.0] 6713741} {[gcr.io/kubernetes-e2e-test-images/serve-hostname-amd64@sha256:2dd4032e98a0450d95a0ac71a5e465f542a900812d8c41bc6ca635aed1a5fc91 gcr.io/kubernetes-e2e-test-images/serve-hostname-amd64:1.0] 5470001} {[gcr.io/kubernetes-e2e-test-images/test-webserver-amd64@sha256:8da73e44d6870f86e0e6a87b2e07829470465afbb6febeb900296d99510789ce gcr.io/kubernetes-e2e-test-images/test-webserver-amd64:1.0] 4732240} {[gcr.io/kubernetes-e2e-test-images/mounttest-amd64@sha256:e3e75014e6df02dc21e6fb95f93b989a2ff8a91f36ae88d74eccbabaa21fc211 gcr.io/kubernetes-e2e-test-images/mounttest-amd64:1.0] 1563521} {[gcr.io/kubernetes-e2e-test-images/mounttest-user-amd64@sha256:1ac490f1442cad4b1c886527470393c71302cc62f5e3304fb08854403cbc68dc gcr.io/kubernetes-e2e-test-images/mounttest-user-amd64:1.0] 1450451} {[busybox@sha256:cb63aa0641a885f54de20f61d152187419e8f6b159ed11a251a09d115fdff9bd busybox:latest] 1162769} {[lzj.icp:8500/ibmcom/pause@sha256:8a18035491d4fbbe481be5eac11819315ec94677ab465608d052d87b3cdcff7f lzj.icp:8500/ibmcom/pause:3.1] 742472}],VolumesInUse:[],VolumesAttached:[],Config:&amp;NodeConfigStatus{Assigned:nil,Active:nil,LastKnownGood:nil,Error:,},},}&#xA;Sep 19 07:40:21.990: INFO: &#xA;Logging kubelet events for node 10.46.6.170&#xA;Sep 19 07:40:22.037: INFO: &#xA;Logging pods the kubelet thinks is on node 10.46.6.170&#xA;Sep 19 07:40:22.047: INFO: monitoring-prometheus-nodeexporter-tpbc8 started at 2018-09-17 07:15:44 +0000 UTC (0+2 container statuses recorded)&#xA;Sep 19 07:40:22.047: INFO: &#x9;Container nodeexporter ready: true, restart count 0&#xA;Sep 19 07:40:22.047: INFO: &#x9;Container router ready: true, restart count 0&#xA;Sep 19 07:40:22.047: INFO: audit-logging-fluentd-ds-4cgnk started at 2018-09-17 07:18:46 +0000 UTC (0+1 container statuses recorded)&#xA;Sep 19 07:40:22.047: INFO: &#x9;Container fluentd ready: true, restart count 0&#xA;Sep 19 07:40:22.047: INFO: vulnerability-advisor-process-ma-crawler-5g4zk started at 2018-09-17 07:19:03 +0000 UTC (0+1 container statuses recorded)&#xA;Sep 19 07:40:22.047: INFO: &#x9;Container process-ma-crawler ready: true, restart count 0&#xA;Sep 19 07:40:22.047: INFO: my-ibm-open-liberty-ibm-7f7d9778d7-7t5jc started at 2018-09-17 08:22:24 +0000 UTC (0+1 container statuses recorded)&#xA;Sep 19 07:40:22.047: INFO: &#x9;Container ibm-open-liberty ready: true, restart count 0&#xA;Sep 19 07:40:22.047: INFO: k8s-proxy-10.46.6.170 started at &lt;nil&gt; (0+0 container statuses recorded)&#xA;Sep 19 07:40:22.047: INFO: calico-node-htf97 started at 2018-09-17 07:05:53 +0000 UTC (0+2 container statuses recorded)&#xA;Sep 19 07:40:22.047: INFO: &#x9;Container calico-node ready: true, restart count 0&#xA;Sep 19 07:40:22.047: INFO: &#x9;Container install-cni ready: true, restart count 0&#xA;Sep 19 07:40:22.047: INFO: logging-elk-filebeat-ds-jtd5q started at 2018-09-17 07:15:20 +0000 UTC (0+1 container statuses recorded)&#xA;Sep 19 07:40:22.048: INFO: &#x9;Container filebeat ready: true, restart count 0&#xA;Sep 19 07:40:22.048: INFO: sonobuoy started at 2018-09-19 07:22:02 +0000 UTC (0+1 container statuses recorded)&#xA;Sep 19 07:40:22.048: INFO: &#x9;Container kube-sonobuoy ready: true, restart count 0&#xA;Sep 19 07:40:22.048: INFO: nvidia-device-plugin-9h2k4 started at 2018-09-17 07:07:17 +0000 UTC (1+1 container statuses recorded)&#xA;Sep 19 07:40:22.048: INFO: &#x9;Init container nvidia-driver-collector ready: true, restart count 0&#xA;Sep 19 07:40:22.048: INFO: &#x9;Container nvidia-device-plugin ready: true, restart count 0&#xA;Sep 19 07:40:22.048: INFO: metering-reader-44wd7 started at 2018-09-17 07:14:11 +0000 UTC (1+1 container statuses recorded)&#xA;Sep 19 07:40:22.048: INFO: &#x9;Init container metering-reader-init ready: true, restart count 1&#xA;Sep 19 07:40:22.048: INFO: &#x9;Container metering-reader ready: true, restart count 0&#xA;Sep 19 07:40:22.048: INFO: vulnerability-advisor-live-crawler-ccxd7 started at 2018-09-17 07:19:03 +0000 UTC (0+1 container statuses recorded)&#xA;Sep 19 07:40:22.048: INFO: &#x9;Container live-crawler ready: true, restart count 0&#xA;Sep 19 07:40:22.048: INFO: sonobuoy-e2e-job-c3f9b53ea97c48a2 started at 2018-09-19 07:22:08 +0000 UTC (0+2 container statuses recorded)&#xA;Sep 19 07:40:22.048: INFO: &#x9;Container e2e ready: true, restart count 0&#xA;Sep 19 07:40:22.048: INFO: &#x9;Container sonobuoy-worker ready: true, restart count 0&#xA;Sep 19 07:40:22.099: INFO: &#xA;Latency metrics for node 10.46.6.170&#xA;Sep 19 07:40:22.099: INFO: &#xA;Logging node info for node 10.46.6.171&#xA;Sep 19 07:40:22.103: INFO: Node Info: &amp;Node{ObjectMeta:k8s_io_apimachinery_pkg_apis_meta_v1.ObjectMeta{Name:10.46.6.171,GenerateName:,Namespace:,SelfLink:/api/v1/nodes/10.46.6.171,UID:0c79152a-ba48-11e8-b20e-fa163e707b2e,ResourceVersion:457713,Generation:0,CreationTimestamp:2018-09-17 07:05:24 +0000 UTC,DeletionTimestamp:&lt;nil&gt;,DeletionGracePeriodSeconds:nil,Labels:map[string]string{beta.kubernetes.io/arch: amd64,beta.kubernetes.io/os: linux,kubernetes.io/hostname: 10.46.6.171,management: true,node-role.kubernetes.io/management: true,},Annotations:map[string]string{node.alpha.kubernetes.io/ttl: 0,volumes.kubernetes.io/controller-managed-attach-detach: true,},OwnerReferences:[],Finalizers:[],ClusterName:,Initializers:nil,},Spec:NodeSpec{PodCIDR:,DoNotUse_ExternalID:,ProviderID:,Unschedulable:false,Taints:[{dedicated management NoSchedule &lt;nil&gt;}],ConfigSource:nil,},Status:NodeStatus{Capacity:ResourceList{cpu: {{8 0} {&lt;nil&gt;} 8 DecimalSI},ephemeral-storage: {{107362627584 0} {&lt;nil&gt;} 104846316Ki BinarySI},hugepages-1Gi: {{0 0} {&lt;nil&gt;} 0 DecimalSI},hugepages-2Mi: {{0 0} {&lt;nil&gt;} 0 DecimalSI},memory: {{16825630720 0} {&lt;nil&gt;}  BinarySI},pods: {{80 0} {&lt;nil&gt;} 80 DecimalSI},},Allocatable:ResourceList{cpu: {{8 0} {&lt;nil&gt;} 8 DecimalSI},ephemeral-storage: {{107257769984 0} {&lt;nil&gt;} 104743916Ki BinarySI},hugepages-1Gi: {{0 0} {&lt;nil&gt;} 0 DecimalSI},hugepages-2Mi: {{0 0} {&lt;nil&gt;} 0 DecimalSI},memory: {{16720773120 0} {&lt;nil&gt;}  BinarySI},pods: {{80 0} {&lt;nil&gt;} 80 DecimalSI},},Phase:,Conditions:[{OutOfDisk False 2018-09-19 07:40:16 +0000 UTC 2018-09-17 07:05:24 +0000 UTC KubeletHasSufficientDisk kubelet has sufficient disk space available} {MemoryPressure False 2018-09-19 07:40:16 +0000 UTC 2018-09-17 07:05:24 +0000 UTC KubeletHasSufficientMemory kubelet has sufficient memory available} {DiskPressure False 2018-09-19 07:40:16 +0000 UTC 2018-09-17 07:05:24 +0000 UTC KubeletHasNoDiskPressure kubelet has no disk pressure} {PIDPressure False 2018-09-19 07:40:16 +0000 UTC 2018-09-17 07:05:24 +0000 UTC KubeletHasSufficientPID kubelet has sufficient PID available} {Ready True 2018-09-19 07:40:16 +0000 UTC 2018-09-17 07:06:05 +0000 UTC KubeletReady kubelet is posting ready status}],Addresses:[{InternalIP 10.46.6.171} {Hostname 10.46.6.171}],DaemonEndpoints:NodeDaemonEndpoints{KubeletEndpoint:DaemonEndpoint{Port:10250,},},NodeInfo:NodeSystemInfo{MachineID:52ca0d2c3fb341c79b059a96d10571a6,SystemUUID:00401CD1-AB88-4341-9CDC-C9648BFB2B56,BootID:706dbc67-f432-47c3-840e-f599801336c8,KernelVersion:3.10.0-862.9.1.el7.x86_64,OSImage:Red Hat Enterprise Linux,ContainerRuntimeVersion:docker://18.3.1,KubeletVersion:v1.11.1+icp-ee,KubeProxyVersion:v1.11.1+icp-ee,OperatingSystem:linux,Architecture:amd64,},Images:[{[lzj.icp:8500/ibmcom/live-crawler@sha256:1a648615e7b439f093697f65350262823e6c711c4b21ea81596ced1c28a48133 lzj.icp:8500/ibmcom/live-crawler:1.3.1] 987515538} {[lzj.icp:8500/ibmcom/hyperkube@sha256:9fbddbf2d04354912c8a981395493d250474cb9fa587fa91119e69467078b180 lzj.icp:8500/ibmcom/hyperkube:v1.11.1-ee] 782626408} {[lzj.icp:8500/ibmcom/icp-logstash@sha256:a182a00827aefe7f5f95b18fa1ec8f6897989290b37f3d98bd6440ddda796433 lzj.icp:8500/ibmcom/icp-logstash:5.5.1] 764906887} {[lzj.icp:8500/ibmcom/icp-kibana@sha256:6e2746da64a64f98c5761b87d5e185a9c2ac75c9c4e767ab284062b1847b7571 lzj.icp:8500/ibmcom/icp-kibana:5.5.1] 639622018} {[lzj.icp:8500/ibmcom/icp-elasticsearch@sha256:b410aacb6005fe24bfd87b045ea26fde3d6eb3ca52c3f0e4560cdc208944ba50 lzj.icp:8500/ibmcom/icp-elasticsearch:5.5.1] 520121248} {[lzj.icp:8500/ibmcom/logging-pki-init@sha256:21aa9cbd05a849b4891b15cf636f73545f6001f16c82f8eeed2e90b4f9312377 lzj.icp:8500/ibmcom/logging-pki-init:2.0.0] 501921135} {[lzj.icp:8500/ibmcom/searchguard-init@sha256:3d0d8a8404a9df5ad238bce1e0542cdda609cc445dfc3964952243d9fc103276 lzj.icp:8500/ibmcom/searchguard-init:2.0.0] 457030441} {[lzj.icp:8500/ibmcom/metering-ui@sha256:d6453f9afecc9b1fc778c195e20bbb39d4ef6262af2f7a9a5ce3cddc259fec99 lzj.icp:8500/ibmcom/metering-ui:3.1.0] 385577105} {[lzj.icp:8500/ibmcom/icp-filebeat@sha256:72669dde64d7ab85bbb9e93428efe548b2693a4eae5168a4705f6e30cd20e584 lzj.icp:8500/ibmcom/icp-filebeat:5.5.1] 317104874} {[lzj.icp:8500/ibmcom/fluentd@sha256:f85a5ffd86438f1a73d04caf6e33ef3474675d9fa0947431f4d0a9602fc981af lzj.icp:8500/ibmcom/fluentd:v1.2.2-icp] 270902701} {[lzj.icp:8500/ibmcom/elasticsearch-plugin-searchguard@sha256:f47116021e3eec7b2fed9f6ed8bd77fd890457e5a1546dda7f863c032d4395b1 lzj.icp:8500/ibmcom/elasticsearch-plugin-searchguard:2.0.0] 267864279} {[lzj.icp:8500/ibmcom/calico-node@sha256:85a23d8030137d49663d3d82844a61998331606de9fc523dfdd0a75be7fb9828 lzj.icp:8500/ibmcom/calico-node:v3.1.3] 248202699} {[lzj.icp:8500/ibmcom/grafana@sha256:5d2739d3ec5c7f6ea66d69caa918b764660b99a3d37cb1f4123f1a9623ce8e38 lzj.icp:8500/ibmcom/grafana:5.2.0] 245297582} {[lzj.icp:8500/ibmcom/indices-cleaner@sha256:31dac3be1246f17dddade06b517c073244ce56d85bc54135fdaf010dbb0bca10 lzj.icp:8500/ibmcom/indices-cleaner:1.0.0] 238131553} {[lzj.icp:8500/ibmcom/curl@sha256:adf92a267e351914d041a56d64ebe80331c45f8e20ab23b7ada67bea78da9996 lzj.icp:8500/ibmcom/curl:4.0.0] 221192597} {[lzj.icp:8500/ibmcom/nvidia-device-plugin@sha256:2d57caa41994d1e0b3d952526a651f8da487e068874d1075f915fa48ad969ba6 lzj.icp:8500/ibmcom/nvidia-device-plugin:1.0] 132413452} {[lzj.icp:8500/ibmcom/metering-data-manager@sha256:97803f4458c6f6ca62076cf6958cb8ab98cf9ffed7cd4977550eeaa6db8ead70 lzj.icp:8500/ibmcom/metering-data-manager:3.1.0] 121942877} {[lzj.icp:8500/ibmcom/prometheus@sha256:91cba3cbf7a61499969a8a5a27347830ed1740b2285de9ac31e231e7ce44deb7 lzj.icp:8500/ibmcom/prometheus:v2.3.1] 118818909} {[lzj.icp:8500/ibmcom/icp-management-ingress@sha256:259a9d288f5ee4f169c618b6d870b5ae38b954a3bf69f3f392523b1aaa9f4001 lzj.icp:8500/ibmcom/icp-management-ingress:2.2.1] 80410712} {[lzj.icp:8500/ibmcom/calico-cni@sha256:b56c2d3e62bd02f15dd5ec335c25ac81bb39d214e904525227640790686855d7 lzj.icp:8500/ibmcom/calico-cni:v3.1.3] 68849270} {[lzj.icp:8500/ibmcom/k8s-prometheus-adapter@sha256:cf7f0c35ff0a0ec9cf743ef87e4c951f74d3fd0b4b97925784cc857565b4d7ba lzj.icp:8500/ibmcom/k8s-prometheus-adapter:v0.2.1.1] 52134773} {[lzj.icp:8500/ibmcom/metrics-server@sha256:973b5dd33165e4856f22a9f48a9b7f5bd2f01399d6479c46212ea92336a9ca40 lzj.icp:8500/ibmcom/metrics-server:v0.2.1.1] 42541759} {[lzj.icp:8500/ibmcom/ibmcloud-image-enforcement@sha256:d29efeb868c054eead02eec72c86f690c4a8c81b95f99f22bbc873644b090e99 lzj.icp:8500/ibmcom/ibmcloud-image-enforcement:0.2.0] 40040099} {[lzj.icp:8500/ibmcom/alertmanager@sha256:f3e7d379040499e05c1377862cc8a74cd5ffed2a175bf62fc18dc07b98d6ab00 lzj.icp:8500/ibmcom/alertmanager:v0.15.0] 36095602} {[lzj.icp:8500/ibmcom/kube-state-metrics@sha256:6a574d2e4a7338abdd3d0b85dd2510cbf046cd09a70505b99513feee42d00559 lzj.icp:8500/ibmcom/kube-state-metrics:v1.3.0] 35646776} {[lzj.icp:8500/ibmcom/node-exporter@sha256:b24db452b1a0bf46abba095162d0fbc89ea40eeabbfe43ae01dab54107ecff0e lzj.icp:8500/ibmcom/node-exporter:v0.16.0] 22915749} {[lzj.icp:8500/ibmcom/configmap-reload@sha256:77a4ede137dd4980fe02c70ad189bf7b89dd1a9e134c0fe4475842fe8948f6a9 lzj.icp:8500/ibmcom/configmap-reload:v0.2.2] 22381476} {[lzj.icp:8500/ibmcom/collectd-exporter@sha256:0ef0cfb0a60f66046851bfafbfa1913814c7a4967e4e7561ce5111186338f6d9 lzj.icp:8500/ibmcom/collectd-exporter:v0.4.0] 13695364} {[lzj.icp:8500/ibmcom/elasticsearch-exporter@sha256:27806a00f45314a1c06af096236004020a98202edbbce81d993aadfaca0c66a0 lzj.icp:8500/ibmcom/elasticsearch-exporter:1.0.2] 9202086} {[lzj.icp:8500/ibmcom/icp-initcontainer@sha256:c1b9397380303cfc23505576a19859c7e26936f80a26bb4fae95ef68e7775de8 lzj.icp:8500/ibmcom/icp-initcontainer:1.0.0] 3965926} {[lzj.icp:8500/ibmcom/pause@sha256:8a18035491d4fbbe481be5eac11819315ec94677ab465608d052d87b3cdcff7f lzj.icp:8500/ibmcom/pause:3.1] 742472}],VolumesInUse:[],VolumesAttached:[],Config:&amp;NodeConfigStatus{Assigned:nil,Active:nil,LastKnownGood:nil,Error:,},},}&#xA;Sep 19 07:40:22.103: INFO: &#xA;Logging kubelet events for node 10.46.6.171&#xA;Sep 19 07:40:22.107: INFO: &#xA;Logging pods the kubelet thinks is on node 10.46.6.171&#xA;Sep 19 07:40:22.136: INFO: audit-logging-fluentd-ds-bc22k started at 2018-09-17 07:18:46 +0000 UTC (0+1 container statuses recorded)&#xA;Sep 19 07:40:22.137: INFO: &#x9;Container fluentd ready: true, restart count 0&#xA;Sep 19 07:40:22.137: INFO: k8s-proxy-10.46.6.171 started at &lt;nil&gt; (0+0 container statuses recorded)&#xA;Sep 19 07:40:22.137: INFO: metrics-server-6d6695f9db-8t4xs started at 2018-09-17 07:08:51 +0000 UTC (0+1 container statuses recorded)&#xA;Sep 19 07:40:22.137: INFO: &#x9;Container metrics-server ready: true, restart count 0&#xA;Sep 19 07:40:22.137: INFO: metering-dm-8b475fc57-cmm6h started at 2018-09-17 07:14:12 +0000 UTC (1+1 container statuses recorded)&#xA;Sep 19 07:40:22.137: INFO: &#x9;Init container metering-dm-init ready: true, restart count 0&#xA;Sep 19 07:40:22.137: INFO: &#x9;Container metering-dm ready: true, restart count 0&#xA;Sep 19 07:40:22.137: INFO: logging-elk-data-0 started at 2018-09-17 07:15:21 +0000 UTC (3+1 container statuses recorded)&#xA;Sep 19 07:40:22.137: INFO: &#x9;Init container chmod ready: true, restart count 0&#xA;Sep 19 07:40:22.137: INFO: &#x9;Init container sysctl ready: true, restart count 0&#xA;Sep 19 07:40:22.137: INFO: &#x9;Init container plugin-bundle ready: true, restart count 0&#xA;Sep 19 07:40:22.137: INFO: &#x9;Container es-data ready: true, restart count 0&#xA;Sep 19 07:40:22.137: INFO: logging-elk-kibana-ff4db4866-s2295 started at 2018-09-17 07:15:21 +0000 UTC (0+2 container statuses recorded)&#xA;Sep 19 07:40:22.137: INFO: &#x9;Container kibana ready: true, restart count 0&#xA;Sep 19 07:40:22.137: INFO: &#x9;Container router ready: true, restart count 0&#xA;Sep 19 07:40:22.137: INFO: monitoring-prometheus-nodeexporter-9fnpb started at 2018-09-17 07:15:44 +0000 UTC (0+2 container statuses recorded)&#xA;Sep 19 07:40:22.137: INFO: &#x9;Container nodeexporter ready: true, restart count 0&#xA;Sep 19 07:40:22.137: INFO: &#x9;Container router ready: true, restart count 0&#xA;Sep 19 07:40:22.137: INFO: monitoring-prometheus-kubestatemetrics-54dcbb6cfb-76zmm started at 2018-09-17 07:15:45 +0000 UTC (0+2 container statuses recorded)&#xA;Sep 19 07:40:22.137: INFO: &#x9;Container kubestatemetrics ready: true, restart count 0&#xA;Sep 19 07:40:22.137: INFO: &#x9;Container router ready: true, restart count 0&#xA;Sep 19 07:40:22.137: INFO: vulnerability-advisor-live-crawler-xxz8p started at 2018-09-17 07:19:03 +0000 UTC (0+1 container statuses recorded)&#xA;Sep 19 07:40:22.137: INFO: &#x9;Container live-crawler ready: true, restart count 0&#xA;Sep 19 07:40:22.137: INFO: nvidia-device-plugin-vh85n started at 2018-09-17 07:07:17 +0000 UTC (1+1 container statuses recorded)&#xA;Sep 19 07:40:22.137: INFO: &#x9;Init container nvidia-driver-collector ready: true, restart count 0&#xA;Sep 19 07:40:22.137: INFO: &#x9;Container nvidia-device-plugin ready: true, restart count 0&#xA;Sep 19 07:40:22.137: INFO: custom-metrics-adapter-64f64964b4-f9gmc started at 2018-09-17 07:14:28 +0000 UTC (1+1 container statuses recorded)&#xA;Sep 19 07:40:22.137: INFO: &#x9;Init container init-adapter ready: true, restart count 0&#xA;Sep 19 07:40:22.137: INFO: &#x9;Container custom-metrics-adapter ready: true, restart count 0&#xA;Sep 19 07:40:22.137: INFO: logging-elk-elasticsearch-tls-init-6hnl4 started at 2018-09-17 07:15:20 +0000 UTC (0+1 container statuses recorded)&#xA;Sep 19 07:40:22.137: INFO: &#x9;Container searchguard-init ready: false, restart count 0&#xA;Sep 19 07:40:22.137: INFO: logging-elk-filebeat-ds-bs86r started at 2018-09-17 07:15:20 +0000 UTC (0+1 container statuses recorded)&#xA;Sep 19 07:40:22.137: INFO: &#x9;Container filebeat ready: true, restart count 0&#xA;Sep 19 07:40:22.137: INFO: logging-elk-client-75d4d7994c-7g7fn started at 2018-09-17 07:15:21 +0000 UTC (2+3 container statuses recorded)&#xA;Sep 19 07:40:22.137: INFO: &#x9;Init container sysctl ready: true, restart count 0&#xA;Sep 19 07:40:22.137: INFO: &#x9;Init container plugin-bundle ready: true, restart count 0&#xA;Sep 19 07:40:22.137: INFO: &#x9;Container es-client ready: true, restart count 0&#xA;Sep 19 07:40:22.137: INFO: &#x9;Container indices-cleaner ready: true, restart count 0&#xA;Sep 19 07:40:22.137: INFO: &#x9;Container router ready: true, restart count 0&#xA;Sep 19 07:40:22.137: INFO: monitoring-prometheus-alertmanager-7d8749dbb8-xj68d started at 2018-09-17 07:15:46 +0000 UTC (0+3 container statuses recorded)&#xA;Sep 19 07:40:22.137: INFO: &#x9;Container alertmanager ready: true, restart count 0&#xA;Sep 19 07:40:22.137: INFO: &#x9;Container configmap-reload ready: true, restart count 0&#xA;Sep 19 07:40:22.137: INFO: &#x9;Container router ready: true, restart count 0&#xA;Sep 19 07:40:22.137: INFO: monitoring-prometheus-collectdexporter-77575678dc-v8n2l started at 2018-09-17 07:15:46 +0000 UTC (0+2 container statuses recorded)&#xA;Sep 19 07:40:22.137: INFO: &#x9;Container collectd-exporter ready: true, restart count 0&#xA;Sep 19 07:40:22.137: INFO: &#x9;Container router ready: true, restart count 0&#xA;Sep 19 07:40:22.137: INFO: calico-node-gpm2c started at 2018-09-17 07:05:53 +0000 UTC (0+2 container statuses recorded)&#xA;Sep 19 07:40:22.137: INFO: &#x9;Container calico-node ready: true, restart count 0&#xA;Sep 19 07:40:22.137: INFO: &#x9;Container install-cni ready: true, restart count 0&#xA;Sep 19 07:40:22.137: INFO: metering-reader-xq8f2 started at 2018-09-17 07:14:11 +0000 UTC (1+1 container statuses recorded)&#xA;Sep 19 07:40:22.137: INFO: &#x9;Init container metering-reader-init ready: true, restart count 1&#xA;Sep 19 07:40:22.137: INFO: &#x9;Container metering-reader ready: true, restart count 0&#xA;Sep 19 07:40:22.137: INFO: logging-elk-logstash-7994656f46-r89mt started at 2018-09-17 07:15:22 +0000 UTC (0+1 container statuses recorded)&#xA;Sep 19 07:40:22.137: INFO: &#x9;Container logstash ready: true, restart count 0&#xA;Sep 19 07:40:22.137: INFO: monitoring-prometheus-elasticsearchexporter-655864cccb-c6tps started at 2018-09-17 07:15:46 +0000 UTC (0+2 container statuses recorded)&#xA;Sep 19 07:40:22.137: INFO: &#x9;Container elasticsearchexporter ready: true, restart count 0&#xA;Sep 19 07:40:22.137: INFO: &#x9;Container router ready: true, restart count 0&#xA;Sep 19 07:40:22.137: INFO: monitoring-prometheus-6677d7c77f-pnpt5 started at 2018-09-17 07:15:46 +0000 UTC (1+4 container statuses recorded)&#xA;Sep 19 07:40:22.137: INFO: &#x9;Init container init-container ready: true, restart count 0&#xA;Sep 19 07:40:22.137: INFO: &#x9;Container configmap-reload-alertrules ready: true, restart count 0&#xA;Sep 19 07:40:22.137: INFO: &#x9;Container configmap-reload-prometheus ready: true, restart count 0&#xA;Sep 19 07:40:22.137: INFO: &#x9;Container prometheus ready: true, restart count 0&#xA;Sep 19 07:40:22.137: INFO: &#x9;Container router ready: true, restart count 0&#xA;Sep 19 07:40:22.137: INFO: ibmcloud-image-enforcement-76ddccbf9f-kqmlb started at 2018-09-17 07:14:02 +0000 UTC (0+1 container statuses recorded)&#xA;Sep 19 07:40:22.137: INFO: &#x9;Container ibmcloud-image-enforcement ready: true, restart count 0&#xA;Sep 19 07:40:22.137: INFO: metering-ui-5bbfbb5d49-wkh8m started at 2018-09-17 07:14:12 +0000 UTC (1+1 container statuses recorded)&#xA;Sep 19 07:40:22.137: INFO: &#x9;Init container metering-ui-init ready: true, restart count 0&#xA;Sep 19 07:40:22.137: INFO: &#x9;Container metering-ui ready: true, restart count 0&#xA;Sep 19 07:40:22.137: INFO: logging-elk-master-6cdcf45f7d-gp28f started at 2018-09-17 07:15:21 +0000 UTC (2+1 container statuses recorded)&#xA;Sep 19 07:40:22.137: INFO: &#x9;Init container sysctl ready: true, restart count 0&#xA;Sep 19 07:40:22.137: INFO: &#x9;Init container plugin-bundle ready: true, restart count 0&#xA;Sep 19 07:40:22.137: INFO: &#x9;Container es-master ready: true, restart count 0&#xA;Sep 19 07:40:22.137: INFO: monitoring-grafana-548b947c8c-dh89z started at 2018-09-17 07:15:46 +0000 UTC (1+2 container statuses recorded)&#xA;Sep 19 07:40:22.137: INFO: &#x9;Init container init-container ready: true, restart count 0&#xA;Sep 19 07:40:22.137: INFO: &#x9;Container grafana ready: true, restart count 0&#xA;Sep 19 07:40:22.137: INFO: &#x9;Container router ready: true, restart count 0&#xA;Sep 19 07:40:22.137: INFO: vulnerability-advisor-process-ma-crawler-b7k2d started at 2018-09-17 07:19:03 +0000 UTC (0+1 container statuses recorded)&#xA;Sep 19 07:40:22.137: INFO: &#x9;Container process-ma-crawler ready: true, restart count 0&#xA;Sep 19 07:40:22.201: INFO: &#xA;Latency metrics for node 10.46.6.171&#xA;Sep 19 07:40:22.201: INFO: &#xA;Logging node info for node 10.46.6.172&#xA;Sep 19 07:40:22.205: INFO: Node Info: &amp;Node{ObjectMeta:k8s_io_apimachinery_pkg_apis_meta_v1.ObjectMeta{Name:10.46.6.172,GenerateName:,Namespace:,SelfLink:/api/v1/nodes/10.46.6.172,UID:0c6032ef-ba48-11e8-b20e-fa163e707b2e,ResourceVersion:457738,Generation:0,CreationTimestamp:2018-09-17 07:05:24 +0000 UTC,DeletionTimestamp:&lt;nil&gt;,DeletionGracePeriodSeconds:nil,Labels:map[string]string{beta.kubernetes.io/arch: amd64,beta.kubernetes.io/os: linux,kubernetes.io/hostname: 10.46.6.172,node-role.kubernetes.io/va: true,va: true,},Annotations:map[string]string{node.alpha.kubernetes.io/ttl: 0,volumes.kubernetes.io/controller-managed-attach-detach: true,},OwnerReferences:[],Finalizers:[],ClusterName:,Initializers:nil,},Spec:NodeSpec{PodCIDR:,DoNotUse_ExternalID:,ProviderID:,Unschedulable:false,Taints:[{dedicated va NoSchedule &lt;nil&gt;}],ConfigSource:nil,},Status:NodeStatus{Capacity:ResourceList{cpu: {{8 0} {&lt;nil&gt;} 8 DecimalSI},ephemeral-storage: {{107362627584 0} {&lt;nil&gt;} 104846316Ki BinarySI},hugepages-1Gi: {{0 0} {&lt;nil&gt;} 0 DecimalSI},hugepages-2Mi: {{0 0} {&lt;nil&gt;} 0 DecimalSI},memory: {{16825622528 0} {&lt;nil&gt;}  BinarySI},pods: {{80 0} {&lt;nil&gt;} 80 DecimalSI},},Allocatable:ResourceList{cpu: {{8 0} {&lt;nil&gt;} 8 DecimalSI},ephemeral-storage: {{107257769984 0} {&lt;nil&gt;} 104743916Ki BinarySI},hugepages-1Gi: {{0 0} {&lt;nil&gt;} 0 DecimalSI},hugepages-2Mi: {{0 0} {&lt;nil&gt;} 0 DecimalSI},memory: {{16720764928 0} {&lt;nil&gt;}  BinarySI},pods: {{80 0} {&lt;nil&gt;} 80 DecimalSI},},Phase:,Conditions:[{OutOfDisk False 2018-09-19 07:40:20 +0000 UTC 2018-09-17 07:05:24 +0000 UTC KubeletHasSufficientDisk kubelet has sufficient disk space available} {MemoryPressure False 2018-09-19 07:40:20 +0000 UTC 2018-09-17 07:05:24 +0000 UTC KubeletHasSufficientMemory kubelet has sufficient memory available} {DiskPressure False 2018-09-19 07:40:20 +0000 UTC 2018-09-17 07:05:24 +0000 UTC KubeletHasNoDiskPressure kubelet has no disk pressure} {PIDPressure False 2018-09-19 07:40:20 +0000 UTC 2018-09-17 07:05:24 +0000 UTC KubeletHasSufficientPID kubelet has sufficient PID available} {Ready True 2018-09-19 07:40:20 +0000 UTC 2018-09-17 07:06:04 +0000 UTC KubeletReady kubelet is posting ready status}],Addresses:[{InternalIP 10.46.6.172} {Hostname 10.46.6.172}],DaemonEndpoints:NodeDaemonEndpoints{KubeletEndpoint:DaemonEndpoint{Port:10250,},},NodeInfo:NodeSystemInfo{MachineID:52ca0d2c3fb341c79b059a96d10571a6,SystemUUID:3D48E3C5-99D8-4CA3-9AB5-A8540613166F,BootID:d81d494e-264a-48ce-a4f2-76b16f6ece1f,KernelVersion:3.10.0-862.9.1.el7.x86_64,OSImage:Red Hat Enterprise Linux,ContainerRuntimeVersion:docker://18.3.1,KubeletVersion:v1.11.1+icp-ee,KubeProxyVersion:v1.11.1+icp-ee,OperatingSystem:linux,Architecture:amd64,},Images:[{[lzj.icp:8500/ibmcom/statsd-amd64@sha256:5ee11bc24bced45a77d9d630348680f319c09d9d3b2230b04518d1e2a5263ae2 lzj.icp:8500/ibmcom/statsd@sha256:af7a9d0c4f029d0247da41f67c7e87f3655175962b79a189a6a9ace0ff841049 lzj.icp:8500/ibmcom/statsd-amd64:0.7.2.1 lzj.icp:8500/ibmcom/statsd:0.7.2.1] 1234731808} {[lzj.icp:8500/ibmcom/kafka-amd64@sha256:0d6d348ccd7aa2854d60791331280e58db92029a522c8bfb3eb40c7c0913ca8f lzj.icp:8500/ibmcom/kafka@sha256:f0b4a833c3da439cadb783bb9cb578f96b1328557b8402a98f01c5c21497d93a lzj.icp:8500/ibmcom/kafka-amd64:0.10.0.2 lzj.icp:8500/ibmcom/kafka:0.10.0.2] 1114805679} {[lzj.icp:8500/ibmcom/iam-token-service-amd64@sha256:9211161e5b5b9d892a99b46fad4429333ceb7143b4039419df7ea0efa36381a9 lzj.icp:8500/ibmcom/iam-token-service@sha256:1b9308e68de93b43e9a85c0e005d80d423e88db7d88ee7114a80b2fade7a78ed lzj.icp:8500/ibmcom/iam-token-service-amd64:3.1.0 lzj.icp:8500/ibmcom/iam-token-service:3.1.0] 1051060152} {[lzj.icp:8500/ibmcom/icp-platform-auth-amd64@sha256:abc258009b8696a83214b7a9d9df63f6d83e19cfca2987c4836b0eadfa4c99c7 lzj.icp:8500/ibmcom/icp-platform-auth@sha256:c544b90a099b6c29ba4ee7f2ad4dded1277c948a0826b38ebe3250cdc7d1529c lzj.icp:8500/ibmcom/icp-platform-auth-amd64:3.1.0 lzj.icp:8500/ibmcom/icp-platform-auth:3.1.0] 1028283742} {[lzj.icp:8500/ibmcom/reg-crawler-amd64@sha256:9e5d4ebbac3dd6cbf9f892b5bd634f89fae3d4b2e6a23debd3ecd322e3eb817e lzj.icp:8500/ibmcom/reg-crawler@sha256:a9033d9cb2406d11c616fdfedc9bc56bc4ef970bd0a7b02899b3e5c1b353799b lzj.icp:8500/ibmcom/reg-crawler-amd64:1.3.1 lzj.icp:8500/ibmcom/reg-crawler:1.3.1] 1007817363} {[lzj.icp:8500/ibmcom/live-crawler-amd64@sha256:37a79ec87bd3c8b9af25cf1e25f4f14281ffb9f5ebeaf61c0b7c8a5799baf782 lzj.icp:8500/ibmcom/live-crawler@sha256:1a648615e7b439f093697f65350262823e6c711c4b21ea81596ced1c28a48133 lzj.icp:8500/ibmcom/live-crawler-amd64:1.3.1 lzj.icp:8500/ibmcom/live-crawler:1.3.1] 987515538} {[lzj.icp:8500/ibmcom/cos-indexer-amd64@sha256:adf28ff960ebdcbfcfa5e4522b81aa3565338f8d640dad611a1c3f0d3894393b lzj.icp:8500/ibmcom/cos-indexer@sha256:bb31dc8ef37e8482b2b9dedc0e54f46f7d3c678b22a3130eca9dde80fed65df1 lzj.icp:8500/ibmcom/cos-indexer-amd64:1.3.1 lzj.icp:8500/ibmcom/cos-indexer:1.3.1] 846578165} {[lzj.icp:8500/ibmcom/secure-config-annotator-amd64@sha256:26e845c6a252e0c5ae73e764645993b3270e289d1a2e9784b06ddd7898ca45d9 lzj.icp:8500/ibmcom/secure-config-annotator@sha256:cfaadd13c4ef4bdc937d296faff78e98473be8c9c6ae6b4a38927c952948914f lzj.icp:8500/ibmcom/secure-config-annotator-amd64:1.3.1 lzj.icp:8500/ibmcom/secure-config-annotator:1.3.1] 835555196} {[lzj.icp:8500/ibmcom/hyperkube-amd64@sha256:9eaadf7c2a417ee2a9a219e2eadf21884742199a484be2ca737f0e8a178d490a lzj.icp:8500/ibmcom/hyperkube@sha256:9fbddbf2d04354912c8a981395493d250474cb9fa587fa91119e69467078b180 lzj.icp:8500/ibmcom/hyperkube-amd64:v1.11.1-ee lzj.icp:8500/ibmcom/hyperkube:v1.11.1-ee] 782626408} {[lzj.icp:8500/ibmcom/compliance-annotator-amd64@sha256:5d8bbbef3a7dc54ba9addb256d2aa8a3f7d5c27a454ff4b7ee583b217dac2ce4 lzj.icp:8500/ibmcom/compliance-annotator@sha256:be00ccb777b1e90601cc563112e32ae831b0fb7d4933f1aa3c49379cabe41c3f lzj.icp:8500/ibmcom/compliance-annotator-amd64:1.3.1 lzj.icp:8500/ibmcom/compliance-annotator:1.3.1] 773932738} {[lzj.icp:8500/ibmcom/icp-logstash-amd64@sha256:02a683ee6ad9eeed7ea8ebb1de713aaf902a9e20a39ccc0294ee1f947f1bbd73 lzj.icp:8500/ibmcom/icp-logstash@sha256:a182a00827aefe7f5f95b18fa1ec8f6897989290b37f3d98bd6440ddda796433 lzj.icp:8500/ibmcom/icp-logstash-amd64:5.5.1 lzj.icp:8500/ibmcom/icp-logstash:5.5.1] 764906887} {[lzj.icp:8500/ibmcom/process-ma-hf-amd64@sha256:ef0d164350d07600f8037082db7d98cf81b9c554d8a60692ae90b8d0239a8cdc lzj.icp:8500/ibmcom/process-ma-hf@sha256:114b48d67e46f6ad3624dfa99baab8f9c62fb5ba88d210d0f42e106eda4e0ee8 lzj.icp:8500/ibmcom/process-ma-hf-amd64:1.3.1 lzj.icp:8500/ibmcom/process-ma-hf:1.3.1] 758635128} {[lzj.icp:8500/ibmcom/vulnerability-annotator-amd64@sha256:febedf85b65e0d1800e67249274d474d4ce67e8041e81487f76bce727cb39bd4 lzj.icp:8500/ibmcom/vulnerability-annotator@sha256:2ca368468e5d1c7ed82b3947b8d8904da34969bd72e67b382bfd0579fe3f148d lzj.icp:8500/ibmcom/vulnerability-annotator-amd64:1.3.1 lzj.icp:8500/ibmcom/vulnerability-annotator:1.3.1] 757013017} {[lzj.icp:8500/ibmcom/py-generic-indexer-amd64@sha256:45cb17e23e15f4dfe44471309af12f0655aad5f8e859c718f393290f220b02b2 lzj.icp:8500/ibmcom/py-generic-indexer@sha256:63a28bc72b6588e508ad23b569a228d6219e2d6fdddb2b1b073e1d2c70ec7641 lzj.icp:8500/ibmcom/py-generic-indexer-amd64:1.3.1 lzj.icp:8500/ibmcom/py-generic-indexer:1.3.1] 755588945} {[lzj.icp:8500/ibmcom/icp-inception-amd64@sha256:1dad180d14ae732d17ca5cf41b87dbb316c072323f186d60a08a753f904eb5b2 lzj.icp:8500/ibmcom/icp-inception@sha256:d395315f0fde94a5cacd9945cd7932b4eda45fe404a6b9d55a8ec8ebeed2a0a8 lzj.icp:8500/ibmcom/icp-inception-amd64:3.1.0-ee lzj.icp:8500/ibmcom/icp-inception:3.1.0-ee] 744155119} {[lzj.icp:8500/ibmcom/config-parser-amd64@sha256:7d721e0b5a827921ac16fa9e7570db225211e6dd700cdeaba1d28ba02ff8ef6d lzj.icp:8500/ibmcom/config-parser@sha256:2b7d6f1ea57d6e4d9caaca5d0e2bb35d2e6db316e2f18ef9a51b5bfa48119f69 lzj.icp:8500/ibmcom/config-parser-amd64:1.3.1 lzj.icp:8500/ibmcom/config-parser:1.3.1] 739243486} {[lzj.icp:8500/ibmcom/iam-policy-administration-amd64@sha256:e1941aa09a5b692505cb3be3e497d3ff9acb900786b9a2c8c4c00d0243b37dd0 lzj.icp:8500/ibmcom/iam-policy-administration@sha256:ab0d5c50f5e5fc9a537e97183ed694e34d57fa00121bc08bedb261b80e29b9a4 lzj.icp:8500/ibmcom/iam-policy-administration-amd64:3.1.0 lzj.icp:8500/ibmcom/iam-policy-administration:3.1.0] 711947327} {[lzj.icp:8500/ibmcom/password-annotator-amd64@sha256:bca1b6b222d8ea8ade174a8cc1a549f161d75d3e9d69881f08a1fb316a8e27d3 lzj.icp:8500/ibmcom/password-annotator@sha256:5c7e8db45db52a6bca7d76ae8c2ff74eb43644f7959d66ddc67454bcbca765ec lzj.icp:8500/ibmcom/password-annotator-amd64:1.3.1 lzj.icp:8500/ibmcom/password-annotator:1.3.1] 707627907} {[lzj.icp:8500/ibmcom/notification-dispatcher-amd64@sha256:ec8dfbc351a0d758488f9f8bfa17c3182a5c02819a6ebf7144ab914a2233cf57 lzj.icp:8500/ibmcom/notification-dispatcher@sha256:6d7e6b836f0cfeb5fb18cd29fdd8315fb44013f8d21830b9c5ab60b605c5e3c5 lzj.icp:8500/ibmcom/notification-dispatcher-amd64:1.3.1 lzj.icp:8500/ibmcom/notification-dispatcher:1.3.1] 707588442} {[lzj.icp:8500/ibmcom/sas-base-amd64@sha256:9651b1149c62d5a0968aaeffe71f2da68cd7e07ff8d7ea67538278c00ab08457 lzj.icp:8500/ibmcom/sas-base@sha256:56bb0790e5f06276b7435c731687f733901fedc80af299dc8a8eaf72d7365560 lzj.icp:8500/ibmcom/sas-base-amd64:1.3.1 lzj.icp:8500/ibmcom/sas-base:1.3.1] 653746081} {[lzj.icp:8500/ibmcom/ma-file-annotator-amd64@sha256:8caa6280fd845fd524ad874a6b243510ebf085d58c989229020fcfc743492632 lzj.icp:8500/ibmcom/ma-file-annotator@sha256:cd8dc2a26e2a84bf7d8ba982c6a21c034239de5e2dc12767d3f60985e495d957 lzj.icp:8500/ibmcom/ma-file-annotator-amd64:1.3.1 lzj.icp:8500/ibmcom/ma-file-annotator:1.3.1] 653745236} {[lzj.icp:8500/ibmcom/icp-kibana-amd64@sha256:8b69887ac5297e1d2e68b9c2ce885b9a888f6c278ca1538acb0f03206b48502a lzj.icp:8500/ibmcom/icp-kibana@sha256:6e2746da64a64f98c5761b87d5e185a9c2ac75c9c4e767ab284062b1847b7571 lzj.icp:8500/ibmcom/icp-kibana-amd64:5.5.1 lzj.icp:8500/ibmcom/icp-kibana:5.5.1] 639622018} {[lzj.icp:8500/ibmcom/icp-platform-api-amd64@sha256:1fc47925c2611aef12631b3f3806308f55a298074aebc561fd04cf8a7691c669 lzj.icp:8500/ibmcom/icp-platform-api@sha256:6b5585999f45fa6dc7a6a1d8bcb4d544c96a3e1fd3bd9f133ebed2e356985a0e lzj.icp:8500/ibmcom/icp-platform-api-amd64:3.1.0 lzj.icp:8500/ibmcom/icp-platform-api:3.1.0] 612589125} {[lzj.icp:8500/ibmcom/iam-policy-decision-amd64@sha256:d49eb3845c57bb8370a477949d92da10a178b81ade50f0e9d970981fadd6686d lzj.icp:8500/ibmcom/iam-policy-decision@sha256:ecd9f36e17e57c6be41e744abc17baacddd28178485d29cb112ffc5e558d2c09 lzj.icp:8500/ibmcom/iam-policy-decision-amd64:3.1.0 lzj.icp:8500/ibmcom/iam-policy-decision:3.1.0] 559718344} {[lzj.icp:8500/ibmcom/rootkit-annotator-amd64@sha256:caf6c24136b8785d901f346a640d673b55fe105c3617cfcb432ee2006f5b1cf4 lzj.icp:8500/ibmcom/rootkit-annotator@sha256:9aabe418ab5c5b3ce86dcfad5dc63a14124bf56227a7decb6656382f2cf9606e lzj.icp:8500/ibmcom/rootkit-annotator-amd64:1.3.1 lzj.icp:8500/ibmcom/rootkit-annotator:1.3.1] 549434506} {[lzj.icp:8500/ibmcom/icp-elasticsearch-amd64@sha256:0063a7a931ca4e52d8f7a51f2bdb010345f4373b5b904b52e5c8a48ec0c1fde7 lzj.icp:8500/ibmcom/icp-elasticsearch@sha256:b410aacb6005fe24bfd87b045ea26fde3d6eb3ca52c3f0e4560cdc208944ba50 lzj.icp:8500/ibmcom/icp-elasticsearch-amd64:5.5.1 lzj.icp:8500/ibmcom/icp-elasticsearch:5.5.1] 520121248} {[lzj.icp:8500/ibmcom/logging-pki-init-amd64@sha256:cc4bfa085e1ae99120ee526acd3e62d205e10de6f1c773c521fc5b933914f6a8 lzj.icp:8500/ibmcom/logging-pki-init@sha256:21aa9cbd05a849b4891b15cf636f73545f6001f16c82f8eeed2e90b4f9312377 lzj.icp:8500/ibmcom/logging-pki-init-amd64:2.0.0 lzj.icp:8500/ibmcom/logging-pki-init:2.0.0] 501921135} {[lzj.icp:8500/ibmcom/searchguard-init-amd64@sha256:d19ce1d27f406945d4ed78b0f07007998c2ab3889086e502924847c2186db546 lzj.icp:8500/ibmcom/searchguard-init@sha256:3d0d8a8404a9df5ad238bce1e0542cdda609cc445dfc3964952243d9fc103276 lzj.icp:8500/ibmcom/searchguard-init-amd64:2.0.0 lzj.icp:8500/ibmcom/searchguard-init:2.0.0] 457030441} {[lzj.icp:8500/ibmcom/metering-ui-amd64@sha256:3628a8fe41183c08ea0b02e2e798e3649e4aebe2c2405c34572b9eb7c7c4d9a8 lzj.icp:8500/ibmcom/metering-ui@sha256:d6453f9afecc9b1fc778c195e20bbb39d4ef6262af2f7a9a5ce3cddc259fec99 lzj.icp:8500/ibmcom/metering-ui-amd64:3.1.0 lzj.icp:8500/ibmcom/metering-ui:3.1.0] 385577105} {[lzj.icp:8500/ibmcom/heketi-amd64@sha256:c5b579a4f219c87990f861eb61de86cb9cfb51b6d230b8c299df7d9fd3d02d0e lzj.icp:8500/ibmcom/heketi@sha256:eb6875247a56829a20d0949f034b08a0e682201ab1d88d3cba71972932c254f5 lzj.icp:8500/ibmcom/heketi-amd64:v7.0.0 lzj.icp:8500/ibmcom/heketi:v7.0.0] 384720377} {[lzj.icp:8500/ibmcom/icp-mongodb-amd64@sha256:a305ae8bc309898d86bf60aee968846db3602f77b25924640d5f08a2389ee99d lzj.icp:8500/ibmcom/icp-mongodb@sha256:fe8b55caf7bb855fd4e244450af5195f2243b766c6934d464128bf982b29b345 lzj.icp:8500/ibmcom/icp-mongodb-amd64:3.1.0 lzj.icp:8500/ibmcom/icp-mongodb:3.1.0] 379353410} {[lzj.icp:8500/ibmcom/icp-catalog-ui-amd64@sha256:33993b4eab189e3c78fe27799017da770d47523cf6831460741008bf91297d6d lzj.icp:8500/ibmcom/icp-catalog-ui@sha256:049f3c4946a0ad2c10507e5e42a464448e858fb3ae606cfd84825d340adb1125 lzj.icp:8500/ibmcom/icp-catalog-ui-amd64:3.1.0 lzj.icp:8500/ibmcom/icp-catalog-ui:3.1.0] 363781304} {[lzj.icp:8500/ibmcom/nginx-ingress-controller-amd64@sha256:63b48dd3ba635aa65409f7d6a319e293697810c1b9e885e6255bebf36a2506ab lzj.icp:8500/ibmcom/nginx-ingress-controller@sha256:f68b2ce26292e02ef3dbc6cfae17cec3d54b9afee9bf5298bf95d005c0783143 lzj.icp:8500/ibmcom/nginx-ingress-controller-amd64:0.16.2 lzj.icp:8500/ibmcom/nginx-ingress-controller:0.16.2] 361632894} {[lzj.icp:8500/ibmcom/mariadb-amd64@sha256:1f9876179c32fcf463804f75cbf2fb031106edf2be9d5dbf6705375ca53930bb lzj.icp:8500/ibmcom/mariadb@sha256:2272622e7f6786220d7ee2b482a3050bd34c3e1ecdc99af6175a146610222763 lzj.icp:8500/ibmcom/mariadb-amd64:10.2.17 lzj.icp:8500/ibmcom/mariadb:10.2.17] 358991946} {[lzj.icp:8500/ibmcom/k8szk-amd64@sha256:a9ee22a4df14654552a02303e4560623244683692fd298dd2fb71e9dd66219f3 lzj.icp:8500/ibmcom/k8szk@sha256:20cfeb163fb828c3c3a7c0baf2883e90c72c8d97d20116253903e82aa2be801f lzj.icp:8500/ibmcom/k8szk-amd64:v3 lzj.icp:8500/ibmcom/k8szk:v3] 331472973} {[lzj.icp:8500/ibmcom/gluster-amd64@sha256:647caedb536eb7b8c5c8b0a2b69e52d2a34be9e6c9c7b9c1b21d14fcfa261886 lzj.icp:8500/ibmcom/gluster@sha256:eeabf9b160370078d12a4c2b84f1a9772fe10c64446f0c2251eb53b8b5277baa lzj.icp:8500/ibmcom/gluster-amd64:v4.0.2 lzj.icp:8500/ibmcom/gluster:v4.0.2] 324265531} {[lzj.icp:8500/ibmcom/istio-grafana-amd64@sha256:381a2dd3a5addbc5d43920bc19bb15ba6dbd422e4a9d91163108e72c5a63234c lzj.icp:8500/ibmcom/istio-grafana@sha256:f4fdaf4a51b946f6d4fb9aa82cdbfef53c8e0b7b2223078f9d7f62bb28d3259b lzj.icp:8500/ibmcom/istio-grafana-amd64:1.0.0.1 lzj.icp:8500/ibmcom/istio-grafana:1.0.0.1] 324187770} {[lzj.icp:8500/ibmcom/icp-filebeat-amd64@sha256:03af9b78dad6c2ba857975d10c81e781460796dff1ff1163ea4596f4aa10601d lzj.icp:8500/ibmcom/icp-filebeat@sha256:72669dde64d7ab85bbb9e93428efe548b2693a4eae5168a4705f6e30cd20e584 lzj.icp:8500/ibmcom/icp-filebeat-amd64:5.5.1 lzj.icp:8500/ibmcom/icp-filebeat:5.5.1] 317104874} {[lzj.icp:8500/ibmcom/istio-proxyv2-amd64@sha256:cd77e75fa85ce74914e1b7b0bef980ece8a62ef0d776c9ef51a0d7d30b4b64a0 lzj.icp:8500/ibmcom/istio-proxyv2@sha256:9c94d736c8cbb41e2c5b0b672530eee0df6cbb628d57f4ddaec9f4ff4f49ce35 lzj.icp:8500/ibmcom/istio-proxyv2-amd64:1.0.0.1 lzj.icp:8500/ibmcom/istio-proxyv2:1.0.0.1] 311276139} {[lzj.icp:8500/ibmcom/istio-pilot-amd64@sha256:63352073a964037fd37f6150228231d2e5eca7e0c2920405d6269326d3c54263 lzj.icp:8500/ibmcom/istio-pilot@sha256:ad129a4be7b6d1536c384efd03fb570b973b9c77a56a48e6b9cfe192a76c111e lzj.icp:8500/ibmcom/istio-pilot-amd64:1.0.0.1 lzj.icp:8500/ibmcom/istio-pilot:1.0.0.1] 309502004} {[lzj.icp:8500/ibmcom/fluentd-amd64@sha256:384a99b8d941c93f96ee5b5cbae5b70500219a3f71c73cf4eddd20d9d693e3b3 lzj.icp:8500/ibmcom/fluentd@sha256:f85a5ffd86438f1a73d04caf6e33ef3474675d9fa0947431f4d0a9602fc981af lzj.icp:8500/ibmcom/fluentd-amd64:v1.2.2-icp lzj.icp:8500/ibmcom/fluentd:v1.2.2-icp] 270902701} {[lzj.icp:8500/ibmcom/icp-identity-manager-amd64@sha256:632f31acd0fcfc3d0cebea31cfb71018f6712bd1a1b4da7476942b3c23aa3521 lzj.icp:8500/ibmcom/icp-identity-manager@sha256:993462e02a42c15b03722d935809476c8e10e6e0b3a2669eb528081e92a49859 lzj.icp:8500/ibmcom/icp-identity-manager-amd64:3.1.0 lzj.icp:8500/ibmcom/icp-identity-manager:3.1.0] 268667523} {[lzj.icp:8500/ibmcom/elasticsearch-plugin-searchguard-amd64@sha256:28f88d06bbbc073162702064c1be4ad06272e9021cbc0f929ba8c6da2ca25ae6 lzj.icp:8500/ibmcom/elasticsearch-plugin-searchguard@sha256:f47116021e3eec7b2fed9f6ed8bd77fd890457e5a1546dda7f863c032d4395b1 lzj.icp:8500/ibmcom/elasticsearch-plugin-searchguard-amd64:2.0.0 lzj.icp:8500/ibmcom/elasticsearch-plugin-searchguard:2.0.0] 267864279} {[lzj.icp:8500/ibmcom/kiali-amd64@sha256:bec63b454cf2e597c61f6a9943144050e5e6fc7a4f6474bc3bb6b627ba20c71c lzj.icp:8500/ibmcom/kiali@sha256:71a50e9885495157454657bc93842a7310e96e822a4117ad751ad81af83fde5e lzj.icp:8500/ibmcom/kiali-amd64:istio-release-1.0.0.1 lzj.icp:8500/ibmcom/kiali:istio-release-1.0.0.1] 265771300} {[lzj.icp:8500/ibmcom/calico-node-amd64@sha256:9871f4dde9eab9fd804b12f3114da36505ff5c220e2323b7434eec24e3b23ac5 lzj.icp:8500/ibmcom/calico-node@sha256:85a23d8030137d49663d3d82844a61998331606de9fc523dfdd0a75be7fb9828 lzj.icp:8500/ibmcom/calico-node-amd64:v3.1.3 lzj.icp:8500/ibmcom/calico-node:v3.1.3] 248202699} {[lzj.icp:8500/ibmcom/grafana-amd64@sha256:dc3566257a0c716caedfb33127d8ee385290c1dda006bebfb75c376d56b30c88 lzj.icp:8500/ibmcom/grafana@sha256:5d2739d3ec5c7f6ea66d69caa918b764660b99a3d37cb1f4123f1a9623ce8e38 lzj.icp:8500/ibmcom/grafana-amd64:5.2.0 lzj.icp:8500/ibmcom/grafana:5.2.0] 245297582} {[lzj.icp:8500/ibmcom/indices-cleaner-amd64@sha256:e6c6453d54012488e9ebfaa9e4d829f567d8e66b24c1613e6d88ca192ed5e85b lzj.icp:8500/ibmcom/indices-cleaner@sha256:31dac3be1246f17dddade06b517c073244ce56d85bc54135fdaf010dbb0bca10 lzj.icp:8500/ibmcom/indices-cleaner-amd64:1.0.0 lzj.icp:8500/ibmcom/indices-cleaner:1.0.0] 238131553} {[lzj.icp:8500/ibmcom/icp-identity-provider-amd64@sha256:24dba8b07c8295eef99abbf8d83041908516e4e50e4e4cfbbbcd53bdf415dda1 lzj.icp:8500/ibmcom/icp-identity-provider@sha256:b5bf63419b53ba550cad7a1b835d0d0eaae1fde8851c7936f8deb603fef673a6 lzj.icp:8500/ibmcom/icp-identity-provider-amd64:3.1.0 lzj.icp:8500/ibmcom/icp-identity-provider:3.1.0] 224286517} {[lzj.icp:8500/ibmcom/curl-amd64@sha256:aad05b4e4529f7e70516d8d3028cae6cd1d50de738ce164f2a532ce2470ac43f lzj.icp:8500/ibmcom/curl@sha256:adf92a267e351914d041a56d64ebe80331c45f8e20ab23b7ada67bea78da9996 lzj.icp:8500/ibmcom/curl-amd64:4.0.0 lzj.icp:8500/ibmcom/curl:4.0.0] 221192597} {[lzj.icp:8500/ibmcom/icp-audit-service-amd64@sha256:9add202c06a43da647380c860d9139fa059701fe103c1f229281215bf99dbbd3 lzj.icp:8500/ibmcom/icp-audit-service@sha256:7c3d710c31f6f5ae0227edc1599bdf64bc82e4fcd2b3aa8f197148240d2ab01c lzj.icp:8500/ibmcom/icp-audit-service-amd64:3.1.0 lzj.icp:8500/ibmcom/icp-audit-service:3.1.0] 215897363}],VolumesInUse:[],VolumesAttached:[],Config:&amp;NodeConfigStatus{Assigned:nil,Active:nil,LastKnownGood:nil,Error:,},},}&#xA;Sep 19 07:40:22.206: INFO: &#xA;Logging kubelet events for node 10.46.6.172&#xA;Sep 19 07:40:22.209: INFO: &#xA;Logging pods the kubelet thinks is on node 10.46.6.172&#xA;Sep 19 07:40:22.233: INFO: vulnerability-advisor-kafka-0 started at 2018-09-17 07:19:13 +0000 UTC (0+1 container statuses recorded)&#xA;Sep 19 07:40:22.233: INFO: &#x9;Container kafka-server ready: true, restart count 2&#xA;Sep 19 07:40:22.233: INFO: calico-node-wsknj started at 2018-09-17 07:05:53 +0000 UTC (0+2 container statuses recorded)&#xA;Sep 19 07:40:22.233: INFO: &#x9;Container calico-node ready: true, restart count 0&#xA;Sep 19 07:40:22.233: INFO: &#x9;Container install-cni ready: true, restart count 0&#xA;Sep 19 07:40:22.233: INFO: vulnerability-advisor-cos-indexer-57899b7dd6-7cpf8 started at 2018-09-17 07:19:04 +0000 UTC (0+1 container statuses recorded)&#xA;Sep 19 07:40:22.233: INFO: &#x9;Container cos-indexer ready: true, restart count 3&#xA;Sep 19 07:40:22.233: INFO: logging-elk-filebeat-ds-vpk48 started at 2018-09-17 07:15:20 +0000 UTC (0+1 container statuses recorded)&#xA;Sep 19 07:40:22.233: INFO: &#x9;Container filebeat ready: true, restart count 0&#xA;Sep 19 07:40:22.233: INFO: vulnerability-advisor-password-annotator-79b5d794b5-wnwqn started at 2018-09-17 07:19:05 +0000 UTC (0+1 container statuses recorded)&#xA;Sep 19 07:40:22.233: INFO: &#x9;Container config-parser ready: true, restart count 3&#xA;Sep 19 07:40:22.233: INFO: vulnerability-advisor-vulnerability-annotator-bcbf5595f-hxwst started at 2018-09-17 07:19:10 +0000 UTC (0+1 container statuses recorded)&#xA;Sep 19 07:40:22.233: INFO: &#x9;Container va-annotator ready: true, restart count 3&#xA;Sep 19 07:40:22.233: INFO: vulnerability-advisor-minio-0 started at 2018-09-17 07:19:16 +0000 UTC (1+1 container statuses recorded)&#xA;Sep 19 07:40:22.233: INFO: &#x9;Init container wait-kafka ready: true, restart count 1&#xA;Sep 19 07:40:22.233: INFO: &#x9;Container minio-server ready: true, restart count 0&#xA;Sep 19 07:40:22.233: INFO: nvidia-device-plugin-w9jr8 started at 2018-09-17 07:07:17 +0000 UTC (1+1 container statuses recorded)&#xA;Sep 19 07:40:22.233: INFO: &#x9;Init container nvidia-driver-collector ready: true, restart count 0&#xA;Sep 19 07:40:22.233: INFO: &#x9;Container nvidia-device-plugin ready: true, restart count 0&#xA;Sep 19 07:40:22.233: INFO: metering-reader-gsrdg started at 2018-09-17 07:14:11 +0000 UTC (1+1 container statuses recorded)&#xA;Sep 19 07:40:22.233: INFO: &#x9;Init container metering-reader-init ready: true, restart count 1&#xA;Sep 19 07:40:22.233: INFO: &#x9;Container metering-reader ready: true, restart count 0&#xA;Sep 19 07:40:22.233: INFO: vulnerability-advisor-process-ma-annotator-58f47d5b5f-xbxrc started at 2018-09-17 07:19:06 +0000 UTC (0+2 container statuses recorded)&#xA;Sep 19 07:40:22.233: INFO: &#x9;Container icp-audit-service ready: true, restart count 0&#xA;Sep 19 07:40:22.233: INFO: &#x9;Container process-ma-annotator ready: true, restart count 2&#xA;Sep 19 07:40:22.233: INFO: vulnerability-advisor-compliance-indexer-7cbdc64b57-47lmd started at 2018-09-17 07:19:07 +0000 UTC (0+1 container statuses recorded)&#xA;Sep 19 07:40:22.233: INFO: &#x9;Container py-compliance-indexer ready: true, restart count 0&#xA;Sep 19 07:40:22.233: INFO: vulnerability-advisor-minio-cleaner-1537228740-55f4w started at 2018-09-17 23:59:03 +0000 UTC (0+1 container statuses recorded)&#xA;Sep 19 07:40:22.233: INFO: &#x9;Container cleaner ready: false, restart count 0&#xA;Sep 19 07:40:22.233: INFO: audit-logging-fluentd-ds-8bh4t started at 2018-09-17 07:18:46 +0000 UTC (0+1 container statuses recorded)&#xA;Sep 19 07:40:22.233: INFO: &#x9;Container fluentd ready: true, restart count 0&#xA;Sep 19 07:40:22.233: INFO: vulnerability-advisor-live-crawler-84st2 started at 2018-09-17 07:19:03 +0000 UTC (0+1 container statuses recorded)&#xA;Sep 19 07:40:22.233: INFO: &#x9;Container live-crawler ready: true, restart count 0&#xA;Sep 19 07:40:22.233: INFO: vulnerability-advisor-config-parser-5d44b78fd5-z4k9t started at 2018-09-17 07:19:04 +0000 UTC (0+1 container statuses recorded)&#xA;Sep 19 07:40:22.233: INFO: &#x9;Container config-parser ready: true, restart count 4&#xA;Sep 19 07:40:22.233: INFO: vulnerability-advisor-notification-dispatcher-86f8bf4b4d-cfdzb started at 2018-09-17 07:19:04 +0000 UTC (0+1 container statuses recorded)&#xA;Sep 19 07:40:22.233: INFO: &#x9;Container notification-dispatcher ready: true, restart count 3&#xA;Sep 19 07:40:22.233: INFO: vulnerability-advisor-process-ma-annotator-init-869545d547nn27w started at 2018-09-17 07:19:06 +0000 UTC (0+1 container statuses recorded)&#xA;Sep 19 07:40:22.233: INFO: &#x9;Container process-ma-annotator ready: true, restart count 0&#xA;Sep 19 07:40:22.233: INFO: vulnerability-advisor-process-ma-annotator-58f47d5b5f-4wglg started at 2018-09-17 07:19:06 +0000 UTC (0+2 container statuses recorded)&#xA;Sep 19 07:40:22.233: INFO: &#x9;Container icp-audit-service ready: true, restart count 0&#xA;Sep 19 07:40:22.233: INFO: &#x9;Container process-ma-annotator ready: true, restart count 1&#xA;Sep 19 07:40:22.233: INFO: vulnerability-advisor-rootkit-indexer-cd8b4646b-xlhwq started at 2018-09-17 07:19:07 +0000 UTC (0+1 container statuses recorded)&#xA;Sep 19 07:40:22.233: INFO: &#x9;Container py-rootkit-indexer ready: true, restart count 0&#xA;Sep 19 07:40:22.233: INFO: vulnerability-advisor-secconfig-indexer-674647df7c-qq5ff started at 2018-09-17 07:19:07 +0000 UTC (0+1 container statuses recorded)&#xA;Sep 19 07:40:22.233: INFO: &#x9;Container py-secconfig-indexer ready: true, restart count 0&#xA;Sep 19 07:40:22.233: INFO: k8s-proxy-10.46.6.172 started at &lt;nil&gt; (0+0 container statuses recorded)&#xA;Sep 19 07:40:22.233: INFO: vulnerability-advisor-process-ma-crawler-24z6k started at 2018-09-17 07:19:03 +0000 UTC (0+1 container statuses recorded)&#xA;Sep 19 07:40:22.233: INFO: &#x9;Container process-ma-crawler ready: true, restart count 0&#xA;Sep 19 07:40:22.233: INFO: vulnerability-advisor-registry-crawler-6f9568677b-bfpm6 started at 2018-09-17 07:19:08 +0000 UTC (0+1 container statuses recorded)&#xA;Sep 19 07:40:22.233: INFO: &#x9;Container reg-crawler ready: true, restart count 0&#xA;Sep 19 07:40:22.233: INFO: vulnerability-advisor-minio-cleaner-1537315140-nqk7v started at 2018-09-18 23:59:04 +0000 UTC (0+1 container statuses recorded)&#xA;Sep 19 07:40:22.233: INFO: &#x9;Container cleaner ready: false, restart count 0&#xA;Sep 19 07:40:22.233: INFO: vulnerability-advisor-zookeeper-0 started at 2018-09-17 07:19:15 +0000 UTC (0+1 container statuses recorded)&#xA;Sep 19 07:40:22.233: INFO: &#x9;Container zookeeper-server ready: true, restart count 0&#xA;Sep 19 07:40:22.233: INFO: vulnerability-advisor-ma-file-annotator-6b95df8886-jtczz started at 2018-09-17 07:19:04 +0000 UTC (0+2 container statuses recorded)&#xA;Sep 19 07:40:22.233: INFO: &#x9;Container icp-audit-service ready: true, restart count 0&#xA;Sep 19 07:40:22.233: INFO: &#x9;Container vulnerability-advisor-ma-file-annotator ready: true, restart count 1&#xA;Sep 19 07:40:22.233: INFO: vulnerability-advisor-sas-apiserver-5fd8d44bc9-7bvkn started at 2018-09-17 07:19:09 +0000 UTC (0+3 container statuses recorded)&#xA;Sep 19 07:40:22.233: INFO: &#x9;Container icp-audit-service ready: true, restart count 0&#xA;Sep 19 07:40:22.233: INFO: &#x9;Container sas-api-server ready: true, restart count 0&#xA;Sep 19 07:40:22.233: INFO: &#x9;Container sas-proxy-server ready: true, restart count 0&#xA;Sep 19 07:40:22.233: INFO: vulnerability-advisor-sas-mgmt-64fb95bc44-j9vjc started at 2018-09-17 07:19:08 +0000 UTC (0+1 container statuses recorded)&#xA;Sep 19 07:40:22.233: INFO: &#x9;Container sas-mgmt-server ready: true, restart count 0&#xA;Sep 19 07:40:22.233: INFO: vulnerability-advisor-compliance-annotator-d5659b9d9-kmn8q started at 2018-09-17 07:19:03 +0000 UTC (0+1 container statuses recorded)&#xA;Sep 19 07:40:22.233: INFO: &#x9;Container compliance-annotator ready: true, restart count 4&#xA;Sep 19 07:40:22.233: INFO: vulnerability-advisor-rootkit-annotator-74cb65b5cf-2dk5j started at 2018-09-17 07:19:08 +0000 UTC (0+1 container statuses recorded)&#xA;Sep 19 07:40:22.233: INFO: &#x9;Container rootkit-annotator ready: true, restart count 3&#xA;Sep 19 07:40:22.233: INFO: vulnerability-advisor-secconfig-annotator-7dbcf5d9f4-fkmkb started at 2018-09-17 07:19:10 +0000 UTC (0+1 container statuses recorded)&#xA;Sep 19 07:40:22.233: INFO: &#x9;Container secconfig-annotator ready: true, restart count 0&#xA;Sep 19 07:40:22.233: INFO: monitoring-prometheus-nodeexporter-v4l7d started at 2018-09-17 07:15:44 +0000 UTC (0+2 container statuses recorded)&#xA;Sep 19 07:40:22.233: INFO: &#x9;Container nodeexporter ready: true, restart count 0&#xA;Sep 19 07:40:22.233: INFO: &#x9;Container router ready: true, restart count 0&#xA;Sep 19 07:40:22.233: INFO: vulnerability-advisor-vulnerability-indexer-7c79b4c964-2n8cg started at 2018-09-17 07:19:07 +0000 UTC (0+1 container statuses recorded)&#xA;Sep 19 07:40:22.233: INFO: &#x9;Container py-vulnerability-indexer ready: true, restart count 0&#xA;Sep 19 07:40:22.233: INFO: vulnerability-advisor-statsd-7746859df4-jjm6f started at 2018-09-17 07:19:10 +0000 UTC (0+1 container statuses recorded)&#xA;Sep 19 07:40:22.233: INFO: &#x9;Container statsd ready: true, restart count 0&#xA;Sep 19 07:40:22.233: INFO: vulnerability-advisor-usncrawler-8h976 started at 2018-09-17 07:19:11 +0000 UTC (0+1 container statuses recorded)&#xA;Sep 19 07:40:22.233: INFO: &#x9;Container usnloader-job ready: false, restart count 0&#xA;Sep 19 07:40:22.300: INFO: &#xA;Latency metrics for node 10.46.6.172&#xA;Sep 19 07:40:22.300: INFO: &#xA;Logging node info for node 10.46.6.173&#xA;Sep 19 07:40:22.305: INFO: Node Info: &amp;Node{ObjectMeta:k8s_io_apimachinery_pkg_apis_meta_v1.ObjectMeta{Name:10.46.6.173,GenerateName:,Namespace:,SelfLink:/api/v1/nodes/10.46.6.173,UID:3dc7268b-ba44-11e8-b20e-fa163e707b2e,ResourceVersion:457733,Generation:0,CreationTimestamp:2018-09-17 06:38:09 +0000 UTC,DeletionTimestamp:&lt;nil&gt;,DeletionGracePeriodSeconds:nil,Labels:map[string]string{beta.kubernetes.io/arch: amd64,beta.kubernetes.io/os: linux,etcd: true,kubernetes.io/hostname: 10.46.6.173,master: true,node-role.kubernetes.io/etcd: true,node-role.kubernetes.io/master: true,node-role.kubernetes.io/proxy: true,proxy: true,role: master,},Annotations:map[string]string{node.alpha.kubernetes.io/ttl: 0,volumes.kubernetes.io/controller-managed-attach-detach: true,},OwnerReferences:[],Finalizers:[],ClusterName:,Initializers:nil,},Spec:NodeSpec{PodCIDR:,DoNotUse_ExternalID:,ProviderID:,Unschedulable:false,Taints:[{dedicated proxy NoSchedule &lt;nil&gt;}],ConfigSource:nil,},Status:NodeStatus{Capacity:ResourceList{cpu: {{32 0} {&lt;nil&gt;} 32 DecimalSI},ephemeral-storage: {{107362627584 0} {&lt;nil&gt;} 104846316Ki BinarySI},hugepages-1Gi: {{0 0} {&lt;nil&gt;} 0 DecimalSI},hugepages-2Mi: {{0 0} {&lt;nil&gt;} 0 DecimalSI},memory: {{135202160640 0} {&lt;nil&gt;}  BinarySI},pods: {{320 0} {&lt;nil&gt;} 320 DecimalSI},},Allocatable:ResourceList{cpu: {{32 0} {&lt;nil&gt;} 32 DecimalSI},ephemeral-storage: {{107257769984 0} {&lt;nil&gt;} 104743916Ki BinarySI},hugepages-1Gi: {{0 0} {&lt;nil&gt;} 0 DecimalSI},hugepages-2Mi: {{0 0} {&lt;nil&gt;} 0 DecimalSI},memory: {{135097303040 0} {&lt;nil&gt;}  BinarySI},pods: {{320 0} {&lt;nil&gt;} 320 DecimalSI},},Phase:,Conditions:[{OutOfDisk False 2018-09-19 07:40:19 +0000 UTC 2018-09-17 06:38:09 +0000 UTC KubeletHasSufficientDisk kubelet has sufficient disk space available} {MemoryPressure False 2018-09-19 07:40:19 +0000 UTC 2018-09-17 06:38:09 +0000 UTC KubeletHasSufficientMemory kubelet has sufficient memory available} {DiskPressure False 2018-09-19 07:40:19 +0000 UTC 2018-09-17 06:38:09 +0000 UTC KubeletHasNoDiskPressure kubelet has no disk pressure} {PIDPressure False 2018-09-19 07:40:19 +0000 UTC 2018-09-17 06:38:09 +0000 UTC KubeletHasSufficientPID kubelet has sufficient PID available} {Ready True 2018-09-19 07:40:19 +0000 UTC 2018-09-17 07:06:09 +0000 UTC KubeletReady kubelet is posting ready status}],Addresses:[{InternalIP 10.46.6.173} {Hostname 10.46.6.173}],DaemonEndpoints:NodeDaemonEndpoints{KubeletEndpoint:DaemonEndpoint{Port:10250,},},NodeInfo:NodeSystemInfo{MachineID:52ca0d2c3fb341c79b059a96d10571a6,SystemUUID:DA83D170-F88E-40EB-A0A3-2918CD5F6005,BootID:806b09ea-0a42-4719-bbaa-13e375c7b62f,KernelVersion:3.10.0-862.9.1.el7.x86_64,OSImage:Red Hat Enterprise Linux,ContainerRuntimeVersion:docker://18.3.1,KubeletVersion:v1.11.1+icp-ee,KubeProxyVersion:v1.11.1+icp-ee,OperatingSystem:linux,Architecture:amd64,},Images:[{[lzj.icp:8500/ibmcom/statsd-amd64@sha256:5ee11bc24bced45a77d9d630348680f319c09d9d3b2230b04518d1e2a5263ae2 lzj.icp:8500/ibmcom/statsd-amd64:0.7.2.1 lzj.icp:8500/ibmcom/statsd:0.7.2.1] 1234731808} {[lzj.icp:8500/ibmcom/kafka-amd64@sha256:0d6d348ccd7aa2854d60791331280e58db92029a522c8bfb3eb40c7c0913ca8f lzj.icp:8500/ibmcom/kafka-amd64:0.10.0.2 lzj.icp:8500/ibmcom/kafka:0.10.0.2] 1114805679} {[lzj.icp:8500/ibmcom/iam-token-service-amd64@sha256:9211161e5b5b9d892a99b46fad4429333ceb7143b4039419df7ea0efa36381a9 lzj.icp:8500/ibmcom/iam-token-service-amd64:3.1.0 lzj.icp:8500/ibmcom/iam-token-service:3.1.0] 1051060152} {[lzj.icp:8500/ibmcom/icp-platform-auth-amd64@sha256:abc258009b8696a83214b7a9d9df63f6d83e19cfca2987c4836b0eadfa4c99c7 lzj.icp:8500/ibmcom/icp-platform-auth-amd64:3.1.0 lzj.icp:8500/ibmcom/icp-platform-auth:3.1.0] 1028283742} {[lzj.icp:8500/ibmcom/reg-crawler-amd64@sha256:9e5d4ebbac3dd6cbf9f892b5bd634f89fae3d4b2e6a23debd3ecd322e3eb817e lzj.icp:8500/ibmcom/reg-crawler-amd64:1.3.1 lzj.icp:8500/ibmcom/reg-crawler:1.3.1] 1007817363} {[lzj.icp:8500/ibmcom/live-crawler-amd64@sha256:37a79ec87bd3c8b9af25cf1e25f4f14281ffb9f5ebeaf61c0b7c8a5799baf782 lzj.icp:8500/ibmcom/live-crawler-amd64:1.3.1 lzj.icp:8500/ibmcom/live-crawler:1.3.1] 987515538} {[lzj.icp:8500/ibmcom/cos-indexer-amd64@sha256:adf28ff960ebdcbfcfa5e4522b81aa3565338f8d640dad611a1c3f0d3894393b lzj.icp:8500/ibmcom/cos-indexer-amd64:1.3.1 lzj.icp:8500/ibmcom/cos-indexer:1.3.1] 846578165} {[lzj.icp:8500/ibmcom/secure-config-annotator-amd64@sha256:26e845c6a252e0c5ae73e764645993b3270e289d1a2e9784b06ddd7898ca45d9 lzj.icp:8500/ibmcom/secure-config-annotator-amd64:1.3.1 lzj.icp:8500/ibmcom/secure-config-annotator:1.3.1] 835555196} {[lzj.icp:8500/ibmcom/hyperkube-amd64@sha256:9eaadf7c2a417ee2a9a219e2eadf21884742199a484be2ca737f0e8a178d490a lzj.icp:8500/ibmcom/hyperkube-amd64:v1.11.1-ee lzj.icp:8500/ibmcom/hyperkube:v1.11.1-ee] 782626408} {[lzj.icp:8500/ibmcom/compliance-annotator-amd64@sha256:5d8bbbef3a7dc54ba9addb256d2aa8a3f7d5c27a454ff4b7ee583b217dac2ce4 lzj.icp:8500/ibmcom/compliance-annotator-amd64:1.3.1 lzj.icp:8500/ibmcom/compliance-annotator:1.3.1] 773932738} {[lzj.icp:8500/ibmcom/icp-logstash-amd64@sha256:02a683ee6ad9eeed7ea8ebb1de713aaf902a9e20a39ccc0294ee1f947f1bbd73 lzj.icp:8500/ibmcom/icp-logstash-amd64:5.5.1 lzj.icp:8500/ibmcom/icp-logstash:5.5.1] 764906887} {[lzj.icp:8500/ibmcom/process-ma-hf-amd64@sha256:ef0d164350d07600f8037082db7d98cf81b9c554d8a60692ae90b8d0239a8cdc lzj.icp:8500/ibmcom/process-ma-hf-amd64:1.3.1 lzj.icp:8500/ibmcom/process-ma-hf:1.3.1] 758635128} {[lzj.icp:8500/ibmcom/vulnerability-annotator-amd64@sha256:febedf85b65e0d1800e67249274d474d4ce67e8041e81487f76bce727cb39bd4 lzj.icp:8500/ibmcom/vulnerability-annotator-amd64:1.3.1 lzj.icp:8500/ibmcom/vulnerability-annotator:1.3.1] 757013017} {[lzj.icp:8500/ibmcom/py-generic-indexer-amd64@sha256:45cb17e23e15f4dfe44471309af12f0655aad5f8e859c718f393290f220b02b2 lzj.icp:8500/ibmcom/py-generic-indexer-amd64:1.3.1 lzj.icp:8500/ibmcom/py-generic-indexer:1.3.1] 755588945} {[lzj.icp:8500/ibmcom/icp-inception-amd64@sha256:1dad180d14ae732d17ca5cf41b87dbb316c072323f186d60a08a753f904eb5b2 ibmcom/icp-inception-amd64:3.1.0-ee lzj.icp:8500/ibmcom/icp-inception-amd64:3.1.0-ee lzj.icp:8500/ibmcom/icp-inception:3.1.0-ee] 744155119} {[lzj.icp:8500/ibmcom/config-parser-amd64@sha256:7d721e0b5a827921ac16fa9e7570db225211e6dd700cdeaba1d28ba02ff8ef6d lzj.icp:8500/ibmcom/config-parser-amd64:1.3.1 lzj.icp:8500/ibmcom/config-parser:1.3.1] 739243486} {[lzj.icp:8500/ibmcom/iam-policy-administration-amd64@sha256:e1941aa09a5b692505cb3be3e497d3ff9acb900786b9a2c8c4c00d0243b37dd0 lzj.icp:8500/ibmcom/iam-policy-administration-amd64:3.1.0 lzj.icp:8500/ibmcom/iam-policy-administration:3.1.0] 711947327} {[lzj.icp:8500/ibmcom/password-annotator-amd64@sha256:bca1b6b222d8ea8ade174a8cc1a549f161d75d3e9d69881f08a1fb316a8e27d3 lzj.icp:8500/ibmcom/password-annotator-amd64:1.3.1 lzj.icp:8500/ibmcom/password-annotator:1.3.1] 707627907} {[lzj.icp:8500/ibmcom/notification-dispatcher-amd64@sha256:ec8dfbc351a0d758488f9f8bfa17c3182a5c02819a6ebf7144ab914a2233cf57 lzj.icp:8500/ibmcom/notification-dispatcher-amd64:1.3.1 lzj.icp:8500/ibmcom/notification-dispatcher:1.3.1] 707588442} {[lzj.icp:8500/ibmcom/sas-base-amd64@sha256:9651b1149c62d5a0968aaeffe71f2da68cd7e07ff8d7ea67538278c00ab08457 lzj.icp:8500/ibmcom/sas-base-amd64:1.3.1 lzj.icp:8500/ibmcom/sas-base:1.3.1] 653746081} {[lzj.icp:8500/ibmcom/ma-file-annotator-amd64@sha256:8caa6280fd845fd524ad874a6b243510ebf085d58c989229020fcfc743492632 lzj.icp:8500/ibmcom/ma-file-annotator-amd64:1.3.1 lzj.icp:8500/ibmcom/ma-file-annotator:1.3.1] 653745236} {[lzj.icp:8500/ibmcom/icp-kibana-amd64@sha256:8b69887ac5297e1d2e68b9c2ce885b9a888f6c278ca1538acb0f03206b48502a lzj.icp:8500/ibmcom/icp-kibana-amd64:5.5.1 lzj.icp:8500/ibmcom/icp-kibana:5.5.1] 639622018} {[lzj.icp:8500/ibmcom/icp-platform-api-amd64@sha256:1fc47925c2611aef12631b3f3806308f55a298074aebc561fd04cf8a7691c669 lzj.icp:8500/ibmcom/icp-platform-api-amd64:3.1.0 lzj.icp:8500/ibmcom/icp-platform-api:3.1.0] 612589125} {[lzj.icp:8500/ibmcom/iam-policy-decision-amd64@sha256:d49eb3845c57bb8370a477949d92da10a178b81ade50f0e9d970981fadd6686d lzj.icp:8500/ibmcom/iam-policy-decision-amd64:3.1.0 lzj.icp:8500/ibmcom/iam-policy-decision:3.1.0] 559718344} {[lzj.icp:8500/ibmcom/rootkit-annotator-amd64@sha256:caf6c24136b8785d901f346a640d673b55fe105c3617cfcb432ee2006f5b1cf4 lzj.icp:8500/ibmcom/rootkit-annotator-amd64:1.3.1 lzj.icp:8500/ibmcom/rootkit-annotator:1.3.1] 549434506} {[lzj.icp:8500/ibmcom/icp-elasticsearch-amd64@sha256:0063a7a931ca4e52d8f7a51f2bdb010345f4373b5b904b52e5c8a48ec0c1fde7 lzj.icp:8500/ibmcom/icp-elasticsearch-amd64:5.5.1 lzj.icp:8500/ibmcom/icp-elasticsearch:5.5.1] 520121248} {[lzj.icp:8500/ibmcom/logging-pki-init-amd64@sha256:cc4bfa085e1ae99120ee526acd3e62d205e10de6f1c773c521fc5b933914f6a8 lzj.icp:8500/ibmcom/logging-pki-init-amd64:2.0.0 lzj.icp:8500/ibmcom/logging-pki-init:2.0.0] 501921135} {[lzj.icp:8500/ibmcom/searchguard-init-amd64@sha256:d19ce1d27f406945d4ed78b0f07007998c2ab3889086e502924847c2186db546 lzj.icp:8500/ibmcom/searchguard-init-amd64:2.0.0 lzj.icp:8500/ibmcom/searchguard-init:2.0.0] 457030441} {[lzj.icp:8500/ibmcom/metering-ui-amd64@sha256:3628a8fe41183c08ea0b02e2e798e3649e4aebe2c2405c34572b9eb7c7c4d9a8 lzj.icp:8500/ibmcom/metering-ui-amd64:3.1.0 lzj.icp:8500/ibmcom/metering-ui:3.1.0] 385577105} {[lzj.icp:8500/ibmcom/heketi-amd64@sha256:c5b579a4f219c87990f861eb61de86cb9cfb51b6d230b8c299df7d9fd3d02d0e lzj.icp:8500/ibmcom/heketi-amd64:v7.0.0 lzj.icp:8500/ibmcom/heketi:v7.0.0] 384720377} {[lzj.icp:8500/ibmcom/icp-mongodb-amd64@sha256:a305ae8bc309898d86bf60aee968846db3602f77b25924640d5f08a2389ee99d lzj.icp:8500/ibmcom/icp-mongodb-amd64:3.1.0 lzj.icp:8500/ibmcom/icp-mongodb:3.1.0] 379353410} {[lzj.icp:8500/ibmcom/icp-catalog-ui-amd64@sha256:33993b4eab189e3c78fe27799017da770d47523cf6831460741008bf91297d6d lzj.icp:8500/ibmcom/icp-catalog-ui-amd64:3.1.0 lzj.icp:8500/ibmcom/icp-catalog-ui:3.1.0] 363781304} {[lzj.icp:8500/ibmcom/nginx-ingress-controller-amd64@sha256:63b48dd3ba635aa65409f7d6a319e293697810c1b9e885e6255bebf36a2506ab lzj.icp:8500/ibmcom/nginx-ingress-controller-amd64:0.16.2 lzj.icp:8500/ibmcom/nginx-ingress-controller:0.16.2] 361632894} {[lzj.icp:8500/ibmcom/mariadb-amd64@sha256:1f9876179c32fcf463804f75cbf2fb031106edf2be9d5dbf6705375ca53930bb lzj.icp:8500/ibmcom/mariadb-amd64:10.2.17 lzj.icp:8500/ibmcom/mariadb:10.2.17] 358991946} {[lzj.icp:8500/ibmcom/k8szk-amd64@sha256:a9ee22a4df14654552a02303e4560623244683692fd298dd2fb71e9dd66219f3 lzj.icp:8500/ibmcom/k8szk-amd64:v3 lzj.icp:8500/ibmcom/k8szk:v3] 331472973} {[lzj.icp:8500/ibmcom/gluster-amd64@sha256:647caedb536eb7b8c5c8b0a2b69e52d2a34be9e6c9c7b9c1b21d14fcfa261886 lzj.icp:8500/ibmcom/gluster-amd64:v4.0.2 lzj.icp:8500/ibmcom/gluster:v4.0.2] 324265531} {[lzj.icp:8500/ibmcom/istio-grafana-amd64@sha256:381a2dd3a5addbc5d43920bc19bb15ba6dbd422e4a9d91163108e72c5a63234c lzj.icp:8500/ibmcom/istio-grafana-amd64:1.0.0.1 lzj.icp:8500/ibmcom/istio-grafana:1.0.0.1] 324187770} {[lzj.icp:8500/ibmcom/icp-filebeat-amd64@sha256:03af9b78dad6c2ba857975d10c81e781460796dff1ff1163ea4596f4aa10601d lzj.icp:8500/ibmcom/icp-filebeat-amd64:5.5.1 lzj.icp:8500/ibmcom/icp-filebeat:5.5.1] 317104874} {[lzj.icp:8500/ibmcom/istio-proxyv2-amd64@sha256:cd77e75fa85ce74914e1b7b0bef980ece8a62ef0d776c9ef51a0d7d30b4b64a0 lzj.icp:8500/ibmcom/istio-proxyv2-amd64:1.0.0.1 lzj.icp:8500/ibmcom/istio-proxyv2:1.0.0.1] 311276139} {[lzj.icp:8500/ibmcom/istio-pilot-amd64@sha256:63352073a964037fd37f6150228231d2e5eca7e0c2920405d6269326d3c54263 lzj.icp:8500/ibmcom/istio-pilot-amd64:1.0.0.1 lzj.icp:8500/ibmcom/istio-pilot:1.0.0.1] 309502004} {[lzj.icp:8500/ibmcom/fluentd-amd64@sha256:384a99b8d941c93f96ee5b5cbae5b70500219a3f71c73cf4eddd20d9d693e3b3 lzj.icp:8500/ibmcom/fluentd-amd64:v1.2.2-icp lzj.icp:8500/ibmcom/fluentd:v1.2.2-icp] 270902701} {[lzj.icp:8500/ibmcom/icp-identity-manager-amd64@sha256:632f31acd0fcfc3d0cebea31cfb71018f6712bd1a1b4da7476942b3c23aa3521 lzj.icp:8500/ibmcom/icp-identity-manager-amd64:3.1.0 lzj.icp:8500/ibmcom/icp-identity-manager:3.1.0] 268667523} {[lzj.icp:8500/ibmcom/elasticsearch-plugin-searchguard-amd64@sha256:28f88d06bbbc073162702064c1be4ad06272e9021cbc0f929ba8c6da2ca25ae6 lzj.icp:8500/ibmcom/elasticsearch-plugin-searchguard-amd64:2.0.0 lzj.icp:8500/ibmcom/elasticsearch-plugin-searchguard:2.0.0] 267864279} {[lzj.icp:8500/ibmcom/kiali-amd64@sha256:bec63b454cf2e597c61f6a9943144050e5e6fc7a4f6474bc3bb6b627ba20c71c lzj.icp:8500/ibmcom/kiali-amd64:istio-release-1.0.0.1 lzj.icp:8500/ibmcom/kiali:istio-release-1.0.0.1] 265771300} {[lzj.icp:8500/ibmcom/calico-node-amd64@sha256:9871f4dde9eab9fd804b12f3114da36505ff5c220e2323b7434eec24e3b23ac5 lzj.icp:8500/ibmcom/calico-node-amd64:v3.1.3 lzj.icp:8500/ibmcom/calico-node:v3.1.3] 248202699} {[lzj.icp:8500/ibmcom/grafana-amd64@sha256:dc3566257a0c716caedfb33127d8ee385290c1dda006bebfb75c376d56b30c88 lzj.icp:8500/ibmcom/grafana-amd64:5.2.0 lzj.icp:8500/ibmcom/grafana:5.2.0] 245297582} {[lzj.icp:8500/ibmcom/indices-cleaner-amd64@sha256:e6c6453d54012488e9ebfaa9e4d829f567d8e66b24c1613e6d88ca192ed5e85b lzj.icp:8500/ibmcom/indices-cleaner-amd64:1.0.0 lzj.icp:8500/ibmcom/indices-cleaner:1.0.0] 238131553} {[lzj.icp:8500/ibmcom/icp-identity-provider-amd64@sha256:24dba8b07c8295eef99abbf8d83041908516e4e50e4e4cfbbbcd53bdf415dda1 lzj.icp:8500/ibmcom/icp-identity-provider-amd64:3.1.0 lzj.icp:8500/ibmcom/icp-identity-provider:3.1.0] 224286517} {[lzj.icp:8500/ibmcom/curl-amd64@sha256:aad05b4e4529f7e70516d8d3028cae6cd1d50de738ce164f2a532ce2470ac43f lzj.icp:8500/ibmcom/curl-amd64:4.0.0 lzj.icp:8500/ibmcom/curl:4.0.0] 221192597} {[lzj.icp:8500/ibmcom/icp-audit-service-amd64@sha256:9add202c06a43da647380c860d9139fa059701fe103c1f229281215bf99dbbd3 lzj.icp:8500/ibmcom/icp-audit-service-amd64:3.1.0 lzj.icp:8500/ibmcom/icp-audit-service:3.1.0] 215897363}],VolumesInUse:[],VolumesAttached:[],Config:&amp;NodeConfigStatus{Assigned:nil,Active:nil,LastKnownGood:nil,Error:,},},}&#xA;Sep 19 07:40:22.305: INFO: &#xA;Logging kubelet events for node 10.46.6.173&#xA;Sep 19 07:40:22.310: INFO: &#xA;Logging pods the kubelet thinks is on node 10.46.6.173&#xA;Sep 19 07:40:22.350: INFO: k8s-master-10.46.6.173 started at &lt;nil&gt; (0+0 container statuses recorded)&#xA;Sep 19 07:40:22.350: INFO: grafana-77676f44f7-c9wr6 started at 2018-09-17 07:17:28 +0000 UTC (0+1 container statuses recorded)&#xA;Sep 19 07:40:22.350: INFO: &#x9;Container grafana ready: true, restart count 1&#xA;Sep 19 07:40:22.350: INFO: security-onboarding-tkf79 started at 2018-09-17 07:18:12 +0000 UTC (0+1 container statuses recorded)&#xA;Sep 19 07:40:22.350: INFO: &#x9;Container security-onboarding ready: false, restart count 0&#xA;Sep 19 07:40:22.350: INFO: istio-egressgateway-54448bcdbd-xmkbc started at 2018-09-17 07:24:11 +0000 UTC (0+1 container statuses recorded)&#xA;Sep 19 07:40:22.350: INFO: &#x9;Container istio-egressgateway ready: true, restart count 0&#xA;Sep 19 07:40:22.350: INFO: tiller-deploy-6b58875cb-5l8kh started at 2018-09-17 07:05:28 +0000 UTC (0+1 container statuses recorded)&#xA;Sep 19 07:40:22.350: INFO: &#x9;Container tiller ready: true, restart count 0&#xA;Sep 19 07:40:22.350: INFO: unified-router-lkwnl started at 2018-09-17 07:15:31 +0000 UTC (0+1 container statuses recorded)&#xA;Sep 19 07:40:22.350: INFO: &#x9;Container unified-router ready: true, restart count 0&#xA;Sep 19 07:40:22.350: INFO: istio-ingressgateway-7bc96d6585-smf45 started at 2018-09-17 07:17:28 +0000 UTC (0+1 container statuses recorded)&#xA;Sep 19 07:40:22.350: INFO: &#x9;Container istio-ingressgateway ready: true, restart count 0&#xA;Sep 19 07:40:22.350: INFO: default-backend-54966589c4-4d47g started at 2018-09-17 07:08:29 +0000 UTC (0+1 container statuses recorded)&#xA;Sep 19 07:40:22.350: INFO: &#x9;Container default-backend ready: true, restart count 0&#xA;Sep 19 07:40:22.350: INFO: platform-ui-6fjgx started at 2018-09-17 07:14:34 +0000 UTC (0+1 container statuses recorded)&#xA;Sep 19 07:40:22.350: INFO: &#x9;Container platform-ui ready: true, restart count 0&#xA;Sep 19 07:40:22.350: INFO: monitoring-prometheus-nodeexporter-f84fv started at 2018-09-17 07:15:45 +0000 UTC (0+2 container statuses recorded)&#xA;Sep 19 07:40:22.350: INFO: &#x9;Container nodeexporter ready: true, restart count 0&#xA;Sep 19 07:40:22.350: INFO: &#x9;Container router ready: true, restart count 0&#xA;Sep 19 07:40:22.350: INFO: prometheus-6f98d89664-wh7pb started at 2018-09-17 07:17:31 +0000 UTC (0+1 container statuses recorded)&#xA;Sep 19 07:40:22.350: INFO: &#x9;Container prometheus ready: true, restart count 0&#xA;Sep 19 07:40:22.350: INFO: vulnerability-advisor-live-crawler-p6khc started at 2018-09-17 07:19:02 +0000 UTC (0+1 container statuses recorded)&#xA;Sep 19 07:40:22.350: INFO: &#x9;Container live-crawler ready: true, restart count 0&#xA;Sep 19 07:40:22.350: INFO: service-catalog-apiserver-967x9 started at 2018-09-17 07:08:20 +0000 UTC (0+1 container statuses recorded)&#xA;Sep 19 07:40:22.350: INFO: &#x9;Container apiserver ready: true, restart count 0&#xA;Sep 19 07:40:22.350: INFO: oidc-client-registration-szxrk started at 2018-09-17 07:10:05 +0000 UTC (0+1 container statuses recorded)&#xA;Sep 19 07:40:22.350: INFO: &#x9;Container oidc-client-registration ready: false, restart count 0&#xA;Sep 19 07:40:22.350: INFO: kiali-7f8c59df94-25qmq started at 2018-09-17 07:17:27 +0000 UTC (0+1 container statuses recorded)&#xA;Sep 19 07:40:22.350: INFO: &#x9;Container kiali ready: true, restart count 0&#xA;Sep 19 07:40:22.350: INFO: kube-dns-mwjc8 started at 2018-09-17 07:06:10 +0000 UTC (0+1 container statuses recorded)&#xA;Sep 19 07:40:22.350: INFO: &#x9;Container kube-dns ready: true, restart count 0&#xA;Sep 19 07:40:22.350: INFO: auth-pdp-tk2jm started at 2018-09-17 07:10:28 +0000 UTC (5+2 container statuses recorded)&#xA;Sep 19 07:40:22.350: INFO: &#x9;Init container init-auth-service ready: true, restart count 0&#xA;Sep 19 07:40:22.350: INFO: &#x9;Init container init-identity-provider ready: true, restart count 0&#xA;Sep 19 07:40:22.350: INFO: &#x9;Init container init-identity-manager ready: true, restart count 0&#xA;Sep 19 07:40:22.350: INFO: &#x9;Init container init-token-service ready: true, restart count 0&#xA;Sep 19 07:40:22.350: INFO: &#x9;Init container init-pap ready: true, restart count 0&#xA;Sep 19 07:40:22.350: INFO: &#x9;Container auth-pdp ready: true, restart count 0&#xA;Sep 19 07:40:22.350: INFO: &#x9;Container icp-audit-service ready: true, restart count 0&#xA;Sep 19 07:40:22.350: INFO: icp-management-ingress-x6qn8 started at 2018-09-17 07:10:36 +0000 UTC (0+1 container statuses recorded)&#xA;Sep 19 07:40:22.350: INFO: &#x9;Container icp-management-ingress ready: true, restart count 0&#xA;Sep 19 07:40:22.350: INFO: istio-egressgateway-54448bcdbd-cqlhf started at 2018-09-17 07:24:11 +0000 UTC (0+1 container statuses recorded)&#xA;Sep 19 07:40:22.350: INFO: &#x9;Container istio-egressgateway ready: true, restart count 0&#xA;Sep 19 07:40:22.350: INFO: heapster-69b486565b-nt26r started at 2018-09-17 07:13:48 +0000 UTC (0+1 container statuses recorded)&#xA;Sep 19 07:40:22.350: INFO: &#x9;Container heapster ready: true, restart count 0&#xA;Sep 19 07:40:22.350: INFO: istio-galley-687cd96db-hlpng started at 2018-09-17 07:17:28 +0000 UTC (0+1 container statuses recorded)&#xA;Sep 19 07:40:22.350: INFO: &#x9;Container validator ready: true, restart count 0&#xA;Sep 19 07:40:22.350: INFO: istio-tracing-77ccfc8844-79ngl started at 2018-09-17 07:17:32 +0000 UTC (0+1 container statuses recorded)&#xA;Sep 19 07:40:22.350: INFO: &#x9;Container jaeger ready: true, restart count 0&#xA;Sep 19 07:40:22.350: INFO: audit-logging-fluentd-ds-dhcg6 started at 2018-09-17 07:18:46 +0000 UTC (0+1 container statuses recorded)&#xA;Sep 19 07:40:22.350: INFO: &#x9;Container fluentd ready: true, restart count 0&#xA;Sep 19 07:40:22.350: INFO: istio-ingressgateway-7bc96d6585-m567m started at 2018-09-17 07:20:41 +0000 UTC (0+1 container statuses recorded)&#xA;Sep 19 07:40:22.350: INFO: &#x9;Container istio-ingressgateway ready: true, restart count 0&#xA;Sep 19 07:40:22.350: INFO: helm-api-fdd886877-6pwm8 started at 2018-09-17 07:16:36 +0000 UTC (0+3 container statuses recorded)&#xA;Sep 19 07:40:22.350: INFO: &#x9;Container audit-service ready: true, restart count 0&#xA;Sep 19 07:40:22.350: INFO: &#x9;Container helmapi ready: true, restart count 0&#xA;Sep 19 07:40:22.350: INFO: &#x9;Container rudder ready: true, restart count 0&#xA;Sep 19 07:40:22.350: INFO: istio-egressgateway-54448bcdbd-f4v6v started at 2018-09-17 07:17:29 +0000 UTC (0+1 container statuses recorded)&#xA;Sep 19 07:40:22.350: INFO: &#x9;Container istio-egressgateway ready: true, restart count 0&#xA;Sep 19 07:40:22.350: INFO: istio-citadel-77694dc965-mwqkp started at 2018-09-17 07:17:31 +0000 UTC (0+1 container statuses recorded)&#xA;Sep 19 07:40:22.350: INFO: &#x9;Container citadel ready: true, restart count 0&#xA;Sep 19 07:40:22.350: INFO: vulnerability-advisor-process-ma-crawler-96728 started at 2018-09-17 07:19:03 +0000 UTC (0+1 container statuses recorded)&#xA;Sep 19 07:40:22.350: INFO: &#x9;Container process-ma-crawler ready: true, restart count 0&#xA;Sep 19 07:40:22.350: INFO: istio-telemetry-8b5964dc7-rfswc started at 2018-09-17 07:19:39 +0000 UTC (0+2 container statuses recorded)&#xA;Sep 19 07:40:22.350: INFO: &#x9;Container istio-proxy ready: true, restart count 0&#xA;Sep 19 07:40:22.350: INFO: &#x9;Container mixer ready: true, restart count 0&#xA;Sep 19 07:40:22.350: INFO: nvidia-device-plugin-nh54k started at 2018-09-17 07:07:17 +0000 UTC (1+1 container statuses recorded)&#xA;Sep 19 07:40:22.350: INFO: &#x9;Init container nvidia-driver-collector ready: true, restart count 0&#xA;Sep 19 07:40:22.350: INFO: &#x9;Container nvidia-device-plugin ready: true, restart count 0&#xA;Sep 19 07:40:22.350: INFO: mariadb-0 started at 2018-09-17 07:08:38 +0000 UTC (0+1 container statuses recorded)&#xA;Sep 19 07:40:22.350: INFO: &#x9;Container mariadb ready: true, restart count 0&#xA;Sep 19 07:40:22.350: INFO: logging-elk-filebeat-ds-qf2vz started at 2018-09-17 07:15:20 +0000 UTC (0+1 container statuses recorded)&#xA;Sep 19 07:40:22.350: INFO: &#x9;Container filebeat ready: true, restart count 0&#xA;Sep 19 07:40:22.350: INFO: istio-ingressgateway-7bc96d6585-c58zx started at 2018-09-17 07:24:15 +0000 UTC (0+1 container statuses recorded)&#xA;Sep 19 07:40:22.350: INFO: &#x9;Container istio-ingressgateway ready: true, restart count 0&#xA;Sep 19 07:40:22.350: INFO: istio-policy-5b64d7fd64-5l2m9 started at 2018-09-17 07:31:07 +0000 UTC (0+2 container statuses recorded)&#xA;Sep 19 07:40:22.350: INFO: &#x9;Container istio-proxy ready: true, restart count 0&#xA;Sep 19 07:40:22.350: INFO: &#x9;Container mixer ready: true, restart count 0&#xA;Sep 19 07:40:22.350: INFO: platform-api-2fs4x started at 2018-09-17 07:08:45 +0000 UTC (0+2 container statuses recorded)&#xA;Sep 19 07:40:22.350: INFO: &#x9;Container audit-service ready: true, restart count 0&#xA;Sep 19 07:40:22.350: INFO: &#x9;Container platform-api ready: true, restart count 0&#xA;Sep 19 07:40:22.350: INFO: istio-telemetry-8b5964dc7-hcf6d started at 2018-09-17 07:17:29 +0000 UTC (0+2 container statuses recorded)&#xA;Sep 19 07:40:22.350: INFO: &#x9;Container istio-proxy ready: true, restart count 0&#xA;Sep 19 07:40:22.350: INFO: &#x9;Container mixer ready: true, restart count 0&#xA;Sep 19 07:40:22.350: INFO: istio-sidecar-injector-86d554f5f7-d57zk started at 2018-09-17 07:17:32 +0000 UTC (0+1 container statuses recorded)&#xA;Sep 19 07:40:22.350: INFO: &#x9;Container sidecar-injector-webhook ready: true, restart count 0&#xA;Sep 19 07:40:22.350: INFO: secret-watcher-5f59fcbc69-pfnfk started at 2018-09-17 07:18:05 +0000 UTC (0+1 container statuses recorded)&#xA;Sep 19 07:40:22.350: INFO: &#x9;Container secret-watcher ready: true, restart count 0&#xA;Sep 19 07:40:22.350: INFO: istio-telemetry-8b5964dc7-nw9kk started at 2018-09-17 07:23:11 +0000 UTC (0+2 container statuses recorded)&#xA;Sep 19 07:40:22.350: INFO: &#x9;Container istio-proxy ready: true, restart count 0&#xA;Sep 19 07:40:22.350: INFO: &#x9;Container mixer ready: true, restart count 0&#xA;Sep 19 07:40:22.350: INFO: calico-kube-controllers-dcb8cc97c-gtsqp started at 2018-09-17 07:05:53 +0000 UTC (0+1 container statuses recorded)&#xA;Sep 19 07:40:22.350: INFO: &#x9;Container calico-kube-controllers ready: true, restart count 0&#xA;Sep 19 07:40:22.350: INFO: icp-mongodb-0 started at 2018-09-17 07:07:42 +0000 UTC (2+1 container statuses recorded)&#xA;Sep 19 07:40:22.350: INFO: &#x9;Init container install ready: true, restart count 0&#xA;Sep 19 07:40:22.350: INFO: &#x9;Init container bootstrap ready: true, restart count 0&#xA;Sep 19 07:40:22.350: INFO: &#x9;Container icp-mongodb ready: true, restart count 0&#xA;Sep 19 07:40:22.350: INFO: catalog-ui-5rtkh started at 2018-09-17 07:15:57 +0000 UTC (0+1 container statuses recorded)&#xA;Sep 19 07:40:22.350: INFO: &#x9;Container catalog-ui ready: true, restart count 0&#xA;Sep 19 07:40:22.350: INFO: istio-policy-5b64d7fd64-jrlzt started at 2018-09-17 07:23:11 +0000 UTC (0+2 container statuses recorded)&#xA;Sep 19 07:40:22.350: INFO: &#x9;Container istio-proxy ready: true, restart count 0&#xA;Sep 19 07:40:22.350: INFO: &#x9;Container mixer ready: true, restart count 0&#xA;Sep 19 07:40:22.350: INFO: k8s-proxy-10.46.6.173 started at &lt;nil&gt; (0+0 container statuses recorded)&#xA;Sep 19 07:40:22.350: INFO: k8s-etcd-10.46.6.173 started at &lt;nil&gt; (0+0 container statuses recorded)&#xA;Sep 19 07:40:22.350: INFO: image-manager-0 started at 2018-09-17 06:38:56 +0000 UTC (0+2 container statuses recorded)&#xA;Sep 19 07:40:22.350: INFO: &#x9;Container icp-registry ready: true, restart count 0&#xA;Sep 19 07:40:22.350: INFO: &#x9;Container image-manager ready: true, restart count 0&#xA;Sep 19 07:40:22.350: INFO: platform-deploy-dbbks started at 2018-09-17 07:08:45 +0000 UTC (0+1 container statuses recorded)&#xA;Sep 19 07:40:22.350: INFO: &#x9;Container platform-deploy ready: true, restart count 0&#xA;Sep 19 07:40:22.350: INFO: auth-apikeys-x45mz started at 2018-09-17 07:10:12 +0000 UTC (0+1 container statuses recorded)&#xA;Sep 19 07:40:22.350: INFO: &#x9;Container auth-apikeys ready: true, restart count 0&#xA;Sep 19 07:40:22.350: INFO: istio-policy-5b64d7fd64-fb4bc started at 2018-09-17 07:27:37 +0000 UTC (0+2 container statuses recorded)&#xA;Sep 19 07:40:22.350: INFO: &#x9;Container istio-proxy ready: true, restart count 0&#xA;Sep 19 07:40:22.350: INFO: &#x9;Container mixer ready: true, restart count 0&#xA;Sep 19 07:40:22.350: INFO: istio-policy-5b64d7fd64-pt9z2 started at 2018-09-17 07:17:30 +0000 UTC (0+2 container statuses recorded)&#xA;Sep 19 07:40:22.350: INFO: &#x9;Container istio-proxy ready: true, restart count 0&#xA;Sep 19 07:40:22.350: INFO: &#x9;Container mixer ready: true, restart count 0&#xA;Sep 19 07:40:22.350: INFO: istio-policy-5b64d7fd64-z68j4 started at 2018-09-17 07:19:38 +0000 UTC (0+2 container statuses recorded)&#xA;Sep 19 07:40:22.350: INFO: &#x9;Container istio-proxy ready: true, restart count 0&#xA;Sep 19 07:40:22.350: INFO: &#x9;Container mixer ready: true, restart count 0&#xA;Sep 19 07:40:22.350: INFO: istio-ingressgateway-7bc96d6585-r98nr started at 2018-09-17 07:28:10 +0000 UTC (0+1 container statuses recorded)&#xA;Sep 19 07:40:22.350: INFO: &#x9;Container istio-ingressgateway ready: true, restart count 0&#xA;Sep 19 07:40:22.350: INFO: istio-egressgateway-54448bcdbd-lhh5c started at 2018-09-17 07:20:07 +0000 UTC (0+1 container statuses recorded)&#xA;Sep 19 07:40:22.350: INFO: &#x9;Container istio-egressgateway ready: true, restart count 0&#xA;Sep 19 07:40:22.350: INFO: istio-ingressgateway-7bc96d6585-4qnc5 started at 2018-09-17 07:24:14 +0000 UTC (0+1 container statuses recorded)&#xA;Sep 19 07:40:22.350: INFO: &#x9;Container istio-ingressgateway ready: true, restart count 0&#xA;Sep 19 07:40:22.350: INFO: auth-idp-kjpmx started at 2018-09-17 07:10:04 +0000 UTC (1+4 container statuses recorded)&#xA;Sep 19 07:40:22.350: INFO: &#x9;Init container init-mariadb ready: true, restart count 0&#xA;Sep 19 07:40:22.350: INFO: &#x9;Container icp-audit-service ready: true, restart count 0&#xA;Sep 19 07:40:22.350: INFO: &#x9;Container platform-auth-service ready: true, restart count 0&#xA;Sep 19 07:40:22.350: INFO: &#x9;Container platform-identity-manager ready: true, restart count 0&#xA;Sep 19 07:40:22.350: INFO: &#x9;Container platform-identity-provider ready: true, restart count 0&#xA;Sep 19 07:40:22.350: INFO: helm-repo-5649f57447-wwdn4 started at 2018-09-17 07:13:54 +0000 UTC (1+2 container statuses recorded)&#xA;Sep 19 07:40:22.350: INFO: &#x9;Init container helm-repo-init ready: true, restart count 0&#xA;Sep 19 07:40:22.350: INFO: &#x9;Container audit-service ready: true, restart count 0&#xA;Sep 19 07:40:22.350: INFO: &#x9;Container helm-repo ready: true, restart count 0&#xA;Sep 19 07:40:22.350: INFO: metering-reader-l7284 started at 2018-09-17 07:14:11 +0000 UTC (1+1 container statuses recorded)&#xA;Sep 19 07:40:22.350: INFO: &#x9;Init container metering-reader-init ready: true, restart count 0&#xA;Sep 19 07:40:22.350: INFO: &#x9;Container metering-reader ready: true, restart count 0&#xA;Sep 19 07:40:22.350: INFO: istio-statsd-prom-bridge-66cb69b666-p76m8 started at 2018-09-17 07:17:29 +0000 UTC (0+1 container statuses recorded)&#xA;Sep 19 07:40:22.350: INFO: &#x9;Container statsd-prom-bridge ready: true, restart count 0&#xA;Sep 19 07:40:22.350: INFO: servicegraph-85578d8fc6-m62z4 started at 2018-09-17 07:17:32 +0000 UTC (0+1 container statuses recorded)&#xA;Sep 19 07:40:22.350: INFO: &#x9;Container servicegraph ready: true, restart count 0&#xA;Sep 19 07:40:22.350: INFO: mgmt-repo-57dc689b74-tmp44 started at 2018-09-17 07:17:51 +0000 UTC (1+2 container statuses recorded)&#xA;Sep 19 07:40:22.350: INFO: &#x9;Init container mgmt-repo-init ready: true, restart count 0&#xA;Sep 19 07:40:22.350: INFO: &#x9;Container audit-service ready: true, restart count 0&#xA;Sep 19 07:40:22.350: INFO: &#x9;Container mgmt-repo ready: true, restart count 0&#xA;Sep 19 07:40:22.350: INFO: istio-telemetry-8b5964dc7-vjqbq started at 2018-09-17 07:27:36 +0000 UTC (0+2 container statuses recorded)&#xA;Sep 19 07:40:22.350: INFO: &#x9;Container istio-proxy ready: true, restart count 0&#xA;Sep 19 07:40:22.350: INFO: &#x9;Container mixer ready: true, restart count 0&#xA;Sep 19 07:40:22.350: INFO: istio-telemetry-8b5964dc7-9q67f started at 2018-09-17 07:31:08 +0000 UTC (0+2 container statuses recorded)&#xA;Sep 19 07:40:22.350: INFO: &#x9;Container istio-proxy ready: true, restart count 0&#xA;Sep 19 07:40:22.350: INFO: &#x9;Container mixer ready: true, restart count 0&#xA;Sep 19 07:40:22.350: INFO: service-catalog-controller-manager-5969cccf86-65phs started at 2018-09-17 07:08:21 +0000 UTC (0+1 container statuses recorded)&#xA;Sep 19 07:40:22.351: INFO: &#x9;Container controller-manager ready: true, restart count 0&#xA;Sep 19 07:40:22.351: INFO: auth-pap-qb5m2 started at 2018-09-17 07:10:20 +0000 UTC (0+1 container statuses recorded)&#xA;Sep 19 07:40:22.351: INFO: &#x9;Container auth-pap ready: true, restart count 0&#xA;Sep 19 07:40:22.351: INFO: istio-pilot-6cf9ccf474-kkb6j started at 2018-09-17 07:17:31 +0000 UTC (0+2 container statuses recorded)&#xA;Sep 19 07:40:22.351: INFO: &#x9;Container discovery ready: true, restart count 0&#xA;Sep 19 07:40:22.351: INFO: &#x9;Container istio-proxy ready: true, restart count 0&#xA;Sep 19 07:40:22.351: INFO: calico-node-m7d5t started at 2018-09-17 07:05:54 +0000 UTC (0+2 container statuses recorded)&#xA;Sep 19 07:40:22.351: INFO: &#x9;Container calico-node ready: true, restart count 0&#xA;Sep 19 07:40:22.351: INFO: &#x9;Container install-cni ready: true, restart count 0&#xA;Sep 19 07:40:22.351: INFO: ibm-cert-manager-cert-manager-74687f689b-7994r started at 2018-09-17 07:07:12 +0000 UTC (0+1 container statuses recorded)&#xA;Sep 19 07:40:22.351: INFO: &#x9;Container ibm-cert-manager ready: true, restart count 0&#xA;Sep 19 07:40:22.351: INFO: nginx-ingress-controller-h5z2v started at 2018-09-17 07:08:28 +0000 UTC (1+1 container statuses recorded)&#xA;Sep 19 07:40:22.351: INFO: &#x9;Init container sysctl ready: true, restart count 0&#xA;Sep 19 07:40:22.351: INFO: &#x9;Container nginx-ingress ready: true, restart count 0&#xA;Sep 19 07:40:22.351: INFO: istio-egressgateway-54448bcdbd-pjbtc started at 2018-09-17 07:28:34 +0000 UTC (0+1 container statuses recorded)&#xA;Sep 19 07:40:22.351: INFO: &#x9;Container istio-egressgateway ready: true, restart count 0&#xA;Sep 19 07:40:22.444: INFO: &#xA;Latency metrics for node 10.46.6.173&#xA;STEP: Dumping a list of prepulled images on each node to file /tmp/results/image-puller.txt&#xA;Sep 19 07:40:22.458: INFO: Waiting up to 3m0s for all (but 0) nodes to be ready&#xA;STEP: Destroying namespace &#34;e2e-tests-gc-wwxwc&#34; for this suite.&#xA;Sep 19 07:40:28.493: INFO: Waiting up to 30s for server preferred namespaced resources to be successfully discovered&#xA;Sep 19 07:40:29.614: INFO: namespace: e2e-tests-gc-wwxwc, resource: bindings, ignored listing per whitelist&#xA;Sep 19 07:40:30.414: INFO: namespace e2e-tests-gc-wwxwc deletion completed in 7.94934039s&#xA;</system-out>
      </testcase>
      <testcase name="[sig-storage] PersistentVolumes NFS with multiple PVs and PVCs all in same ns should create 3 PVs and 3 PVCs: test write access" classname="Kubernetes e2e suite" time="0">
          <skipped></skipped>
      </testcase>
      <testcase name="[sig-auth] [Feature:NodeAuthorizer] Getting a non-existent configmap should exit with the Forbidden error, not a NotFound error" classname="Kubernetes e2e suite" time="0">
          <skipped></skipped>
      </testcase>
      <testcase name="[sig-network] Services should be able to change the type and ports of a service [Slow] [DisabledForLargeClusters]" classname="Kubernetes e2e suite" time="0">
          <skipped></skipped>
      </testcase>
      <testcase name="[sig-network] Services should check NodePort out-of-range" classname="Kubernetes e2e suite" time="0">
          <skipped></skipped>
      </testcase>
      <testcase name="[sig-storage] Subpath [Volume type: hostPath] should support file as subpath" classname="Kubernetes e2e suite" time="0">
          <skipped></skipped>
      </testcase>
      <testcase name="[sig-autoscaling] Cluster size autoscaling [Slow] should increase cluster size if pending pods are small and there is another node pool that is not autoscaled [Feature:ClusterSizeAutoscalingScaleUp]" classname="Kubernetes e2e suite" time="0">
          <skipped></skipped>
      </testcase>
      <testcase name="[sig-network] Network should set TCP CLOSE_WAIT timeout" classname="Kubernetes e2e suite" time="0">
          <skipped></skipped>
      </testcase>
      <testcase name="[sig-network] Services should serve multiport endpoints from pods  [Conformance]" classname="Kubernetes e2e suite" time="9.964951994">
          <failure type="Failure">/workspace/anago-v1.11.2-beta.0.50+bb9ffb1654d4a7/src/k8s.io/kubernetes/_output/dockerized/go/src/k8s.io/kubernetes/test/e2e/framework/framework.go:684&#xA;Expected error:&#xA;    &lt;*errors.StatusError | 0xc42080f710&gt;: {&#xA;        ErrStatus: {&#xA;            TypeMeta: {Kind: &#34;&#34;, APIVersion: &#34;&#34;},&#xA;            ListMeta: {SelfLink: &#34;&#34;, ResourceVersion: &#34;&#34;, Continue: &#34;&#34;},&#xA;            Status: &#34;Failure&#34;,&#xA;            Message: &#34;Internal error occurred: admission webhook \&#34;trust.hooks.securityenforcement.admission.cloud.ibm.com\&#34; denied the request: \nDeny \&#34;k8s.gcr.io/pause:3.1\&#34;, no matching repositories in ClusterImagePolicy and no ImagePolicies in the \&#34;e2e-tests-services-4m6bw\&#34; namespace&#34;,&#xA;            Reason: &#34;InternalError&#34;,&#xA;            Details: {&#xA;                Name: &#34;&#34;,&#xA;                Group: &#34;&#34;,&#xA;                Kind: &#34;&#34;,&#xA;                UID: &#34;&#34;,&#xA;                Causes: [&#xA;                    {&#xA;                        Type: &#34;&#34;,&#xA;                        Message: &#34;admission webhook \&#34;trust.hooks.securityenforcement.admission.cloud.ibm.com\&#34; denied the request: \nDeny \&#34;k8s.gcr.io/pause:3.1\&#34;, no matching repositories in ClusterImagePolicy and no ImagePolicies in the \&#34;e2e-tests-services-4m6bw\&#34; namespace&#34;,&#xA;                        Field: &#34;&#34;,&#xA;                    },&#xA;                ],&#xA;                RetryAfterSeconds: 0,&#xA;            },&#xA;            Code: 500,&#xA;        },&#xA;    }&#xA;    Internal error occurred: admission webhook &#34;trust.hooks.securityenforcement.admission.cloud.ibm.com&#34; denied the request: &#xA;    Deny &#34;k8s.gcr.io/pause:3.1&#34;, no matching repositories in ClusterImagePolicy and no ImagePolicies in the &#34;e2e-tests-services-4m6bw&#34; namespace&#xA;not to have occurred&#xA;/workspace/anago-v1.11.2-beta.0.50+bb9ffb1654d4a7/src/k8s.io/kubernetes/_output/dockerized/go/src/k8s.io/kubernetes/test/e2e/framework/util.go:3487</failure>
          <system-out>[BeforeEach] [sig-network] Services&#xA;  /workspace/anago-v1.11.2-beta.0.50+bb9ffb1654d4a7/src/k8s.io/kubernetes/_output/dockerized/go/src/k8s.io/kubernetes/test/e2e/framework/framework.go:141&#xA;STEP: Creating a kubernetes client&#xA;Sep 19 07:40:30.415: INFO: &gt;&gt;&gt; kubeConfig: /tmp/kubeconfig-172917420&#xA;STEP: Building a namespace api object&#xA;STEP: Binding the e2e-test-privileged-psp PodSecurityPolicy to the default service account in e2e-tests-services-4m6bw&#xA;STEP: Waiting for a default service account to be provisioned in namespace&#xA;[BeforeEach] [sig-network] Services&#xA;  /workspace/anago-v1.11.2-beta.0.50+bb9ffb1654d4a7/src/k8s.io/kubernetes/_output/dockerized/go/src/k8s.io/kubernetes/test/e2e/network/service.go:83&#xA;[It] should serve multiport endpoints from pods  [Conformance]&#xA;  /workspace/anago-v1.11.2-beta.0.50+bb9ffb1654d4a7/src/k8s.io/kubernetes/_output/dockerized/go/src/k8s.io/kubernetes/test/e2e/framework/framework.go:684&#xA;STEP: creating service multi-endpoint-test in namespace e2e-tests-services-4m6bw&#xA;STEP: waiting up to 3m0s for service multi-endpoint-test in namespace e2e-tests-services-4m6bw to expose endpoints map[]&#xA;Sep 19 07:40:30.781: INFO: Get endpoints failed (18.027667ms elapsed, ignoring for 5s): endpoints &#34;multi-endpoint-test&#34; not found&#xA;Sep 19 07:40:31.785: INFO: successfully validated that service multi-endpoint-test in namespace e2e-tests-services-4m6bw exposes endpoints map[] (1.022403093s elapsed)&#xA;STEP: Creating pod pod1 in namespace e2e-tests-services-4m6bw&#xA;[AfterEach] [sig-network] Services&#xA;  /workspace/anago-v1.11.2-beta.0.50+bb9ffb1654d4a7/src/k8s.io/kubernetes/_output/dockerized/go/src/k8s.io/kubernetes/test/e2e/framework/framework.go:142&#xA;STEP: Collecting events from namespace &#34;e2e-tests-services-4m6bw&#34;.&#xA;STEP: Found 0 events.&#xA;Sep 19 07:40:31.929: INFO: POD                                                              NODE         PHASE      GRACE  CONDITIONS&#xA;Sep 19 07:40:31.929: INFO: ibm-cert-manager-cert-manager-74687f689b-7994r                   10.46.6.173  Running           [{Initialized True 0001-01-01 00:00:00 +0000 UTC 2018-09-17 07:07:12 +0000 UTC  } {Ready True 0001-01-01 00:00:00 +0000 UTC 2018-09-17 07:07:37 +0000 UTC  } {ContainersReady True 0001-01-01 00:00:00 +0000 UTC 0001-01-01 00:00:00 +0000 UTC  } {PodScheduled True 0001-01-01 00:00:00 +0000 UTC 2018-09-17 07:07:12 +0000 UTC  }]&#xA;Sep 19 07:40:31.929: INFO: sonobuoy                                                         10.46.6.170  Running           [{Initialized True 0001-01-01 00:00:00 +0000 UTC 2018-09-19 07:22:02 +0000 UTC  } {Ready True 0001-01-01 00:00:00 +0000 UTC 2018-09-19 07:22:08 +0000 UTC  } {ContainersReady True 0001-01-01 00:00:00 +0000 UTC 0001-01-01 00:00:00 +0000 UTC  } {PodScheduled True 0001-01-01 00:00:00 +0000 UTC 2018-09-19 07:22:02 +0000 UTC  }]&#xA;Sep 19 07:40:31.930: INFO: sonobuoy-e2e-job-c3f9b53ea97c48a2                                10.46.6.170  Running           [{Initialized True 0001-01-01 00:00:00 +0000 UTC 2018-09-19 07:22:08 +0000 UTC  } {Ready True 0001-01-01 00:00:00 +0000 UTC 2018-09-19 07:22:25 +0000 UTC  } {ContainersReady True 0001-01-01 00:00:00 +0000 UTC 0001-01-01 00:00:00 +0000 UTC  } {PodScheduled True 0001-01-01 00:00:00 +0000 UTC 2018-09-19 07:22:08 +0000 UTC  }]&#xA;Sep 19 07:40:31.930: INFO: grafana-77676f44f7-c9wr6                                         10.46.6.173  Running           [{Initialized True 0001-01-01 00:00:00 +0000 UTC 2018-09-17 07:17:28 +0000 UTC  } {Ready True 0001-01-01 00:00:00 +0000 UTC 2018-09-17 07:20:34 +0000 UTC  } {ContainersReady True 0001-01-01 00:00:00 +0000 UTC 0001-01-01 00:00:00 +0000 UTC  } {PodScheduled True 0001-01-01 00:00:00 +0000 UTC 2018-09-17 07:17:27 +0000 UTC  }]&#xA;Sep 19 07:40:31.930: INFO: istio-citadel-77694dc965-mwqkp                                   10.46.6.173  Running           [{Initialized True 0001-01-01 00:00:00 +0000 UTC 2018-09-17 07:17:31 +0000 UTC  } {Ready True 0001-01-01 00:00:00 +0000 UTC 2018-09-17 07:18:30 +0000 UTC  } {ContainersReady True 0001-01-01 00:00:00 +0000 UTC 0001-01-01 00:00:00 +0000 UTC  } {PodScheduled True 0001-01-01 00:00:00 +0000 UTC 2018-09-17 07:17:28 +0000 UTC  }]&#xA;Sep 19 07:40:31.930: INFO: istio-egressgateway-54448bcdbd-cqlhf                             10.46.6.173  Running           [{Initialized True 0001-01-01 00:00:00 +0000 UTC 2018-09-17 07:24:11 +0000 UTC  } {Ready True 0001-01-01 00:00:00 +0000 UTC 2018-09-17 07:25:19 +0000 UTC  } {ContainersReady True 0001-01-01 00:00:00 +0000 UTC 0001-01-01 00:00:00 +0000 UTC  } {PodScheduled True 0001-01-01 00:00:00 +0000 UTC 2018-09-17 07:24:10 +0000 UTC  }]&#xA;Sep 19 07:40:31.930: INFO: istio-egressgateway-54448bcdbd-f4v6v                             10.46.6.173  Running           [{Initialized True 0001-01-01 00:00:00 +0000 UTC 2018-09-17 07:17:29 +0000 UTC  } {Ready True 0001-01-01 00:00:00 +0000 UTC 2018-09-17 07:18:31 +0000 UTC  } {ContainersReady True 0001-01-01 00:00:00 +0000 UTC 0001-01-01 00:00:00 +0000 UTC  } {PodScheduled True 0001-01-01 00:00:00 +0000 UTC 2018-09-17 07:17:27 +0000 UTC  }]&#xA;Sep 19 07:40:31.930: INFO: istio-egressgateway-54448bcdbd-lhh5c                             10.46.6.173  Running           [{Initialized True 0001-01-01 00:00:00 +0000 UTC 2018-09-17 07:20:07 +0000 UTC  } {Ready True 0001-01-01 00:00:00 +0000 UTC 2018-09-17 07:21:11 +0000 UTC  } {ContainersReady True 0001-01-01 00:00:00 +0000 UTC 0001-01-01 00:00:00 +0000 UTC  } {PodScheduled True 0001-01-01 00:00:00 +0000 UTC 2018-09-17 07:20:06 +0000 UTC  }]&#xA;Sep 19 07:40:31.930: INFO: istio-egressgateway-54448bcdbd-pjbtc                             10.46.6.173  Running           [{Initialized True 0001-01-01 00:00:00 +0000 UTC 2018-09-17 07:28:34 +0000 UTC  } {Ready True 0001-01-01 00:00:00 +0000 UTC 2018-09-17 07:29:40 +0000 UTC  } {ContainersReady True 0001-01-01 00:00:00 +0000 UTC 0001-01-01 00:00:00 +0000 UTC  } {PodScheduled True 0001-01-01 00:00:00 +0000 UTC 2018-09-17 07:28:34 +0000 UTC  }]&#xA;Sep 19 07:40:31.930: INFO: istio-egressgateway-54448bcdbd-xmkbc                             10.46.6.173  Running           [{Initialized True 0001-01-01 00:00:00 +0000 UTC 2018-09-17 07:24:11 +0000 UTC  } {Ready True 0001-01-01 00:00:00 +0000 UTC 2018-09-17 07:25:10 +0000 UTC  } {ContainersReady True 0001-01-01 00:00:00 +0000 UTC 0001-01-01 00:00:00 +0000 UTC  } {PodScheduled True 0001-01-01 00:00:00 +0000 UTC 2018-09-17 07:24:10 +0000 UTC  }]&#xA;Sep 19 07:40:31.930: INFO: istio-galley-687cd96db-hlpng                                     10.46.6.173  Running           [{Initialized True 0001-01-01 00:00:00 +0000 UTC 2018-09-17 07:17:28 +0000 UTC  } {Ready True 0001-01-01 00:00:00 +0000 UTC 2018-09-17 07:18:35 +0000 UTC  } {ContainersReady True 0001-01-01 00:00:00 +0000 UTC 0001-01-01 00:00:00 +0000 UTC  } {PodScheduled True 0001-01-01 00:00:00 +0000 UTC 2018-09-17 07:17:27 +0000 UTC  }]&#xA;Sep 19 07:40:31.930: INFO: istio-ingressgateway-7bc96d6585-4qnc5                            10.46.6.173  Running           [{Initialized True 0001-01-01 00:00:00 +0000 UTC 2018-09-17 07:24:14 +0000 UTC  } {Ready True 0001-01-01 00:00:00 +0000 UTC 2018-09-17 07:25:22 +0000 UTC  } {ContainersReady True 0001-01-01 00:00:00 +0000 UTC 0001-01-01 00:00:00 +0000 UTC  } {PodScheduled True 0001-01-01 00:00:00 +0000 UTC 2018-09-17 07:24:13 +0000 UTC  }]&#xA;Sep 19 07:40:31.930: INFO: istio-ingressgateway-7bc96d6585-c58zx                            10.46.6.173  Running           [{Initialized True 0001-01-01 00:00:00 +0000 UTC 2018-09-17 07:24:15 +0000 UTC  } {Ready True 0001-01-01 00:00:00 +0000 UTC 2018-09-17 07:25:19 +0000 UTC  } {ContainersReady True 0001-01-01 00:00:00 +0000 UTC 0001-01-01 00:00:00 +0000 UTC  } {PodScheduled True 0001-01-01 00:00:00 +0000 UTC 2018-09-17 07:24:14 +0000 UTC  }]&#xA;Sep 19 07:40:31.930: INFO: istio-ingressgateway-7bc96d6585-m567m                            10.46.6.173  Running           [{Initialized True 0001-01-01 00:00:00 +0000 UTC 2018-09-17 07:20:41 +0000 UTC  } {Ready True 0001-01-01 00:00:00 +0000 UTC 2018-09-17 07:21:43 +0000 UTC  } {ContainersReady True 0001-01-01 00:00:00 +0000 UTC 0001-01-01 00:00:00 +0000 UTC  } {PodScheduled True 0001-01-01 00:00:00 +0000 UTC 2018-09-17 07:20:41 +0000 UTC  }]&#xA;Sep 19 07:40:31.930: INFO: istio-ingressgateway-7bc96d6585-r98nr                            10.46.6.173  Running           [{Initialized True 0001-01-01 00:00:00 +0000 UTC 2018-09-17 07:28:10 +0000 UTC  } {Ready True 0001-01-01 00:00:00 +0000 UTC 2018-09-17 07:29:11 +0000 UTC  } {ContainersReady True 0001-01-01 00:00:00 +0000 UTC 0001-01-01 00:00:00 +0000 UTC  } {PodScheduled True 0001-01-01 00:00:00 +0000 UTC 2018-09-17 07:28:09 +0000 UTC  }]&#xA;Sep 19 07:40:31.930: INFO: istio-ingressgateway-7bc96d6585-smf45                            10.46.6.173  Running           [{Initialized True 0001-01-01 00:00:00 +0000 UTC 2018-09-17 07:17:28 +0000 UTC  } {Ready True 0001-01-01 00:00:00 +0000 UTC 2018-09-17 07:18:37 +0000 UTC  } {ContainersReady True 0001-01-01 00:00:00 +0000 UTC 0001-01-01 00:00:00 +0000 UTC  } {PodScheduled True 0001-01-01 00:00:00 +0000 UTC 2018-09-17 07:17:27 +0000 UTC  }]&#xA;Sep 19 07:40:31.931: INFO: istio-pilot-6cf9ccf474-kkb6j                                     10.46.6.173  Running           [{Initialized True 0001-01-01 00:00:00 +0000 UTC 2018-09-17 07:17:31 +0000 UTC  } {Ready True 0001-01-01 00:00:00 +0000 UTC 2018-09-17 07:19:28 +0000 UTC  } {ContainersReady True 0001-01-01 00:00:00 +0000 UTC 0001-01-01 00:00:00 +0000 UTC  } {PodScheduled True 0001-01-01 00:00:00 +0000 UTC 2018-09-17 07:17:27 +0000 UTC  }]&#xA;Sep 19 07:40:31.931: INFO: istio-policy-5b64d7fd64-5l2m9                                    10.46.6.173  Running           [{Initialized True 0001-01-01 00:00:00 +0000 UTC 2018-09-17 07:31:07 +0000 UTC  } {Ready True 0001-01-01 00:00:00 +0000 UTC 2018-09-17 07:31:51 +0000 UTC  } {ContainersReady True 0001-01-01 00:00:00 +0000 UTC 0001-01-01 00:00:00 +0000 UTC  } {PodScheduled True 0001-01-01 00:00:00 +0000 UTC 2018-09-17 07:31:06 +0000 UTC  }]&#xA;Sep 19 07:40:31.931: INFO: istio-policy-5b64d7fd64-fb4bc                                    10.46.6.173  Running           [{Initialized True 0001-01-01 00:00:00 +0000 UTC 2018-09-17 07:27:37 +0000 UTC  } {Ready True 0001-01-01 00:00:00 +0000 UTC 2018-09-17 07:28:39 +0000 UTC  } {ContainersReady True 0001-01-01 00:00:00 +0000 UTC 0001-01-01 00:00:00 +0000 UTC  } {PodScheduled True 0001-01-01 00:00:00 +0000 UTC 2018-09-17 07:27:36 +0000 UTC  }]&#xA;Sep 19 07:40:31.931: INFO: istio-policy-5b64d7fd64-jrlzt                                    10.46.6.173  Running           [{Initialized True 0001-01-01 00:00:00 +0000 UTC 2018-09-17 07:23:11 +0000 UTC  } {Ready True 0001-01-01 00:00:00 +0000 UTC 2018-09-17 07:24:08 +0000 UTC  } {ContainersReady True 0001-01-01 00:00:00 +0000 UTC 0001-01-01 00:00:00 +0000 UTC  } {PodScheduled True 0001-01-01 00:00:00 +0000 UTC 2018-09-17 07:23:10 +0000 UTC  }]&#xA;Sep 19 07:40:31.931: INFO: istio-policy-5b64d7fd64-pt9z2                                    10.46.6.173  Running           [{Initialized True 0001-01-01 00:00:00 +0000 UTC 2018-09-17 07:17:30 +0000 UTC  } {Ready True 0001-01-01 00:00:00 +0000 UTC 2018-09-17 07:19:02 +0000 UTC  } {ContainersReady True 0001-01-01 00:00:00 +0000 UTC 0001-01-01 00:00:00 +0000 UTC  } {PodScheduled True 0001-01-01 00:00:00 +0000 UTC 2018-09-17 07:17:27 +0000 UTC  }]&#xA;Sep 19 07:40:31.931: INFO: istio-policy-5b64d7fd64-z68j4                                    10.46.6.173  Running           [{Initialized True 0001-01-01 00:00:00 +0000 UTC 2018-09-17 07:19:38 +0000 UTC  } {Ready True 0001-01-01 00:00:00 +0000 UTC 2018-09-17 07:20:44 +0000 UTC  } {ContainersReady True 0001-01-01 00:00:00 +0000 UTC 0001-01-01 00:00:00 +0000 UTC  } {PodScheduled True 0001-01-01 00:00:00 +0000 UTC 2018-09-17 07:19:37 +0000 UTC  }]&#xA;Sep 19 07:40:31.931: INFO: istio-sidecar-injector-86d554f5f7-d57zk                          10.46.6.173  Running           [{Initialized True 0001-01-01 00:00:00 +0000 UTC 2018-09-17 07:17:32 +0000 UTC  } {Ready True 0001-01-01 00:00:00 +0000 UTC 2018-09-17 07:18:41 +0000 UTC  } {ContainersReady True 0001-01-01 00:00:00 +0000 UTC 0001-01-01 00:00:00 +0000 UTC  } {PodScheduled True 0001-01-01 00:00:00 +0000 UTC 2018-09-17 07:17:29 +0000 UTC  }]&#xA;Sep 19 07:40:31.931: INFO: istio-statsd-prom-bridge-66cb69b666-p76m8                        10.46.6.173  Running           [{Initialized True 0001-01-01 00:00:00 +0000 UTC 2018-09-17 07:17:29 +0000 UTC  } {Ready True 0001-01-01 00:00:00 +0000 UTC 2018-09-17 07:18:32 +0000 UTC  } {ContainersReady True 0001-01-01 00:00:00 +0000 UTC 0001-01-01 00:00:00 +0000 UTC  } {PodScheduled True 0001-01-01 00:00:00 +0000 UTC 2018-09-17 07:17:27 +0000 UTC  }]&#xA;Sep 19 07:40:31.931: INFO: istio-telemetry-8b5964dc7-9q67f                                  10.46.6.173  Running           [{Initialized True 0001-01-01 00:00:00 +0000 UTC 2018-09-17 07:31:08 +0000 UTC  } {Ready True 0001-01-01 00:00:00 +0000 UTC 2018-09-17 07:32:00 +0000 UTC  } {ContainersReady True 0001-01-01 00:00:00 +0000 UTC 0001-01-01 00:00:00 +0000 UTC  } {PodScheduled True 0001-01-01 00:00:00 +0000 UTC 2018-09-17 07:31:07 +0000 UTC  }]&#xA;Sep 19 07:40:31.931: INFO: istio-telemetry-8b5964dc7-hcf6d                                  10.46.6.173  Running           [{Initialized True 0001-01-01 00:00:00 +0000 UTC 2018-09-17 07:17:29 +0000 UTC  } {Ready True 0001-01-01 00:00:00 +0000 UTC 2018-09-17 07:18:56 +0000 UTC  } {ContainersReady True 0001-01-01 00:00:00 +0000 UTC 0001-01-01 00:00:00 +0000 UTC  } {PodScheduled True 0001-01-01 00:00:00 +0000 UTC 2018-09-17 07:17:27 +0000 UTC  }]&#xA;Sep 19 07:40:31.931: INFO: istio-telemetry-8b5964dc7-nw9kk                                  10.46.6.173  Running           [{Initialized True 0001-01-01 00:00:00 +0000 UTC 2018-09-17 07:23:11 +0000 UTC  } {Ready True 0001-01-01 00:00:00 +0000 UTC 2018-09-17 07:24:19 +0000 UTC  } {ContainersReady True 0001-01-01 00:00:00 +0000 UTC 0001-01-01 00:00:00 +0000 UTC  } {PodScheduled True 0001-01-01 00:00:00 +0000 UTC 2018-09-17 07:23:10 +0000 UTC  }]&#xA;Sep 19 07:40:31.931: INFO: istio-telemetry-8b5964dc7-rfswc                                  10.46.6.173  Running           [{Initialized True 0001-01-01 00:00:00 +0000 UTC 2018-09-17 07:19:39 +0000 UTC  } {Ready True 0001-01-01 00:00:00 +0000 UTC 2018-09-17 07:20:38 +0000 UTC  } {ContainersReady True 0001-01-01 00:00:00 +0000 UTC 0001-01-01 00:00:00 +0000 UTC  } {PodScheduled True 0001-01-01 00:00:00 +0000 UTC 2018-09-17 07:19:38 +0000 UTC  }]&#xA;Sep 19 07:40:31.931: INFO: istio-telemetry-8b5964dc7-vjqbq                                  10.46.6.173  Running           [{Initialized True 0001-01-01 00:00:00 +0000 UTC 2018-09-17 07:27:36 +0000 UTC  } {Ready True 0001-01-01 00:00:00 +0000 UTC 2018-09-17 07:28:21 +0000 UTC  } {ContainersReady True 0001-01-01 00:00:00 +0000 UTC 0001-01-01 00:00:00 +0000 UTC  } {PodScheduled True 0001-01-01 00:00:00 +0000 UTC 2018-09-17 07:27:36 +0000 UTC  }]&#xA;Sep 19 07:40:31.931: INFO: istio-tracing-77ccfc8844-79ngl                                   10.46.6.173  Running           [{Initialized True 0001-01-01 00:00:00 +0000 UTC 2018-09-17 07:17:32 +0000 UTC  } {Ready True 0001-01-01 00:00:00 +0000 UTC 2018-09-17 07:18:08 +0000 UTC  } {ContainersReady True 0001-01-01 00:00:00 +0000 UTC 0001-01-01 00:00:00 +0000 UTC  } {PodScheduled True 0001-01-01 00:00:00 +0000 UTC 2018-09-17 07:17:29 +0000 UTC  }]&#xA;Sep 19 07:40:31.931: INFO: kiali-7f8c59df94-25qmq                                           10.46.6.173  Running           [{Initialized True 0001-01-01 00:00:00 +0000 UTC 2018-09-17 07:17:27 +0000 UTC  } {Ready True 0001-01-01 00:00:00 +0000 UTC 2018-09-17 07:17:56 +0000 UTC  } {ContainersReady True 0001-01-01 00:00:00 +0000 UTC 0001-01-01 00:00:00 +0000 UTC  } {PodScheduled True 0001-01-01 00:00:00 +0000 UTC 2018-09-17 07:17:27 +0000 UTC  }]&#xA;Sep 19 07:40:31.932: INFO: prometheus-6f98d89664-wh7pb                                      10.46.6.173  Running           [{Initialized True 0001-01-01 00:00:00 +0000 UTC 2018-09-17 07:17:31 +0000 UTC  } {Ready True 0001-01-01 00:00:00 +0000 UTC 2018-09-17 07:17:57 +0000 UTC  } {ContainersReady True 0001-01-01 00:00:00 +0000 UTC 0001-01-01 00:00:00 +0000 UTC  } {PodScheduled True 0001-01-01 00:00:00 +0000 UTC 2018-09-17 07:17:28 +0000 UTC  }]&#xA;Sep 19 07:40:31.932: INFO: servicegraph-85578d8fc6-m62z4                                    10.46.6.173  Running           [{Initialized True 0001-01-01 00:00:00 +0000 UTC 2018-09-17 07:17:32 +0000 UTC  } {Ready True 0001-01-01 00:00:00 +0000 UTC 2018-09-17 07:18:22 +0000 UTC  } {ContainersReady True 0001-01-01 00:00:00 +0000 UTC 0001-01-01 00:00:00 +0000 UTC  } {PodScheduled True 0001-01-01 00:00:00 +0000 UTC 2018-09-17 07:17:28 +0000 UTC  }]&#xA;Sep 19 07:40:31.932: INFO: audit-logging-fluentd-ds-4cgnk                                   10.46.6.170  Running           [{Initialized True 0001-01-01 00:00:00 +0000 UTC 2018-09-17 07:18:46 +0000 UTC  } {Ready True 0001-01-01 00:00:00 +0000 UTC 2018-09-17 07:18:50 +0000 UTC  } {ContainersReady True 0001-01-01 00:00:00 +0000 UTC 0001-01-01 00:00:00 +0000 UTC  } {PodScheduled True 0001-01-01 00:00:00 +0000 UTC 2018-09-17 07:18:46 +0000 UTC  }]&#xA;Sep 19 07:40:31.932: INFO: audit-logging-fluentd-ds-8bh4t                                   10.46.6.172  Running           [{Initialized True 0001-01-01 00:00:00 +0000 UTC 2018-09-17 07:18:46 +0000 UTC  } {Ready True 0001-01-01 00:00:00 +0000 UTC 2018-09-17 07:18:56 +0000 UTC  } {ContainersReady True 0001-01-01 00:00:00 +0000 UTC 0001-01-01 00:00:00 +0000 UTC  } {PodScheduled True 0001-01-01 00:00:00 +0000 UTC 2018-09-17 07:18:46 +0000 UTC  }]&#xA;Sep 19 07:40:31.932: INFO: audit-logging-fluentd-ds-bc22k                                   10.46.6.171  Running           [{Initialized True 0001-01-01 00:00:00 +0000 UTC 2018-09-17 07:18:46 +0000 UTC  } {Ready True 0001-01-01 00:00:00 +0000 UTC 2018-09-17 07:18:56 +0000 UTC  } {ContainersReady True 0001-01-01 00:00:00 +0000 UTC 0001-01-01 00:00:00 +0000 UTC  } {PodScheduled True 0001-01-01 00:00:00 +0000 UTC 2018-09-17 07:18:46 +0000 UTC  }]&#xA;Sep 19 07:40:31.932: INFO: audit-logging-fluentd-ds-dhcg6                                   10.46.6.173  Running           [{Initialized True 0001-01-01 00:00:00 +0000 UTC 2018-09-17 07:18:46 +0000 UTC  } {Ready True 0001-01-01 00:00:00 +0000 UTC 2018-09-17 07:19:00 +0000 UTC  } {ContainersReady True 0001-01-01 00:00:00 +0000 UTC 0001-01-01 00:00:00 +0000 UTC  } {PodScheduled True 0001-01-01 00:00:00 +0000 UTC 2018-09-17 07:18:46 +0000 UTC  }]&#xA;Sep 19 07:40:31.932: INFO: auth-apikeys-x45mz                                               10.46.6.173  Running           [{Initialized True 0001-01-01 00:00:00 +0000 UTC 2018-09-17 07:10:12 +0000 UTC  } {Ready True 0001-01-01 00:00:00 +0000 UTC 2018-09-17 07:11:25 +0000 UTC  } {ContainersReady True 0001-01-01 00:00:00 +0000 UTC 0001-01-01 00:00:00 +0000 UTC  } {PodScheduled True 0001-01-01 00:00:00 +0000 UTC 2018-09-17 07:10:12 +0000 UTC  }]&#xA;Sep 19 07:40:31.932: INFO: auth-idp-kjpmx                                                   10.46.6.173  Running           [{Initialized True 0001-01-01 00:00:00 +0000 UTC 2018-09-17 07:10:19 +0000 UTC  } {Ready True 0001-01-01 00:00:00 +0000 UTC 2018-09-19 07:05:52 +0000 UTC  } {ContainersReady True 0001-01-01 00:00:00 +0000 UTC 0001-01-01 00:00:00 +0000 UTC  } {PodScheduled True 0001-01-01 00:00:00 +0000 UTC 2018-09-17 07:10:04 +0000 UTC  }]&#xA;Sep 19 07:40:31.932: INFO: auth-pap-qb5m2                                                   10.46.6.173  Running           [{Initialized True 0001-01-01 00:00:00 +0000 UTC 2018-09-17 07:10:20 +0000 UTC  } {Ready True 0001-01-01 00:00:00 +0000 UTC 2018-09-17 07:10:46 +0000 UTC  } {ContainersReady True 0001-01-01 00:00:00 +0000 UTC 0001-01-01 00:00:00 +0000 UTC  } {PodScheduled True 0001-01-01 00:00:00 +0000 UTC 2018-09-17 07:10:20 +0000 UTC  }]&#xA;Sep 19 07:40:31.932: INFO: auth-pdp-tk2jm                                                   10.46.6.173  Running           [{Initialized True 0001-01-01 00:00:00 +0000 UTC 2018-09-17 07:13:08 +0000 UTC  } {Ready True 0001-01-01 00:00:00 +0000 UTC 2018-09-17 07:13:19 +0000 UTC  } {ContainersReady True 0001-01-01 00:00:00 +0000 UTC 0001-01-01 00:00:00 +0000 UTC  } {PodScheduled True 0001-01-01 00:00:00 +0000 UTC 2018-09-17 07:10:28 +0000 UTC  }]&#xA;Sep 19 07:40:31.932: INFO: calico-kube-controllers-dcb8cc97c-gtsqp                          10.46.6.173  Running           [{Initialized True 0001-01-01 00:00:00 +0000 UTC 2018-09-17 07:05:53 +0000 UTC  } {Ready True 0001-01-01 00:00:00 +0000 UTC 2018-09-17 07:06:04 +0000 UTC  } {ContainersReady True 0001-01-01 00:00:00 +0000 UTC 0001-01-01 00:00:00 +0000 UTC  } {PodScheduled True 0001-01-01 00:00:00 +0000 UTC 2018-09-17 07:05:53 +0000 UTC  }]&#xA;Sep 19 07:40:31.932: INFO: calico-node-gpm2c                                                10.46.6.171  Running           [{Initialized True 0001-01-01 00:00:00 +0000 UTC 2018-09-17 07:05:53 +0000 UTC  } {Ready True 0001-01-01 00:00:00 +0000 UTC 2018-09-17 07:06:11 +0000 UTC  } {ContainersReady True 0001-01-01 00:00:00 +0000 UTC 0001-01-01 00:00:00 +0000 UTC  } {PodScheduled True 0001-01-01 00:00:00 +0000 UTC 2018-09-17 07:05:53 +0000 UTC  }]&#xA;Sep 19 07:40:31.932: INFO: calico-node-htf97                                                10.46.6.170  Running           [{Initialized True 0001-01-01 00:00:00 +0000 UTC 2018-09-17 07:05:53 +0000 UTC  } {Ready True 0001-01-01 00:00:00 +0000 UTC 2018-09-17 07:06:14 +0000 UTC  } {ContainersReady True 0001-01-01 00:00:00 +0000 UTC 0001-01-01 00:00:00 +0000 UTC  } {PodScheduled True 0001-01-01 00:00:00 +0000 UTC 2018-09-17 07:05:53 +0000 UTC  }]&#xA;Sep 19 07:40:31.932: INFO: calico-node-m7d5t                                                10.46.6.173  Running           [{Initialized True 0001-01-01 00:00:00 +0000 UTC 2018-09-17 07:05:54 +0000 UTC  } {Ready True 0001-01-01 00:00:00 +0000 UTC 2018-09-17 07:06:15 +0000 UTC  } {ContainersReady True 0001-01-01 00:00:00 +0000 UTC 0001-01-01 00:00:00 +0000 UTC  } {PodScheduled True 0001-01-01 00:00:00 +0000 UTC 2018-09-17 07:05:54 +0000 UTC  }]&#xA;Sep 19 07:40:31.932: INFO: calico-node-wsknj                                                10.46.6.172  Running           [{Initialized True 0001-01-01 00:00:00 +0000 UTC 2018-09-17 07:05:53 +0000 UTC  } {Ready True 0001-01-01 00:00:00 +0000 UTC 2018-09-17 07:06:17 +0000 UTC  } {ContainersReady True 0001-01-01 00:00:00 +0000 UTC 0001-01-01 00:00:00 +0000 UTC  } {PodScheduled True 0001-01-01 00:00:00 +0000 UTC 2018-09-17 07:05:53 +0000 UTC  }]&#xA;Sep 19 07:40:31.933: INFO: catalog-ui-5rtkh                                                 10.46.6.173  Running           [{Initialized True 0001-01-01 00:00:00 +0000 UTC 2018-09-17 07:15:57 +0000 UTC  } {Ready True 0001-01-01 00:00:00 +0000 UTC 2018-09-17 07:16:11 +0000 UTC  } {ContainersReady True 0001-01-01 00:00:00 +0000 UTC 0001-01-01 00:00:00 +0000 UTC  } {PodScheduled True 0001-01-01 00:00:00 +0000 UTC 2018-09-17 07:15:57 +0000 UTC  }]&#xA;Sep 19 07:40:31.933: INFO: custom-metrics-adapter-64f64964b4-f9gmc                          10.46.6.171  Running           [{Initialized True 0001-01-01 00:00:00 +0000 UTC 2018-09-17 07:17:13 +0000 UTC  } {Ready True 0001-01-01 00:00:00 +0000 UTC 2018-09-17 07:17:51 +0000 UTC  } {ContainersReady True 0001-01-01 00:00:00 +0000 UTC 0001-01-01 00:00:00 +0000 UTC  } {PodScheduled True 0001-01-01 00:00:00 +0000 UTC 2018-09-17 07:14:28 +0000 UTC  }]&#xA;Sep 19 07:40:31.933: INFO: default-backend-54966589c4-4d47g                                 10.46.6.173  Running           [{Initialized True 0001-01-01 00:00:00 +0000 UTC 2018-09-17 07:08:29 +0000 UTC  } {Ready True 0001-01-01 00:00:00 +0000 UTC 2018-09-17 07:08:40 +0000 UTC  } {ContainersReady True 0001-01-01 00:00:00 +0000 UTC 0001-01-01 00:00:00 +0000 UTC  } {PodScheduled True 0001-01-01 00:00:00 +0000 UTC 2018-09-17 07:08:28 +0000 UTC  }]&#xA;Sep 19 07:40:31.933: INFO: heapster-69b486565b-nt26r                                        10.46.6.173  Running           [{Initialized True 0001-01-01 00:00:00 +0000 UTC 2018-09-17 07:13:48 +0000 UTC  } {Ready True 0001-01-01 00:00:00 +0000 UTC 2018-09-17 07:13:58 +0000 UTC  } {ContainersReady True 0001-01-01 00:00:00 +0000 UTC 0001-01-01 00:00:00 +0000 UTC  } {PodScheduled True 0001-01-01 00:00:00 +0000 UTC 2018-09-17 07:13:48 +0000 UTC  }]&#xA;Sep 19 07:40:31.933: INFO: helm-api-fdd886877-6pwm8                                         10.46.6.173  Running           [{Initialized True 0001-01-01 00:00:00 +0000 UTC 2018-09-17 07:16:36 +0000 UTC  } {Ready True 0001-01-01 00:00:00 +0000 UTC 2018-09-17 07:16:58 +0000 UTC  } {ContainersReady True 0001-01-01 00:00:00 +0000 UTC 0001-01-01 00:00:00 +0000 UTC  } {PodScheduled True 0001-01-01 00:00:00 +0000 UTC 2018-09-17 07:16:35 +0000 UTC  }]&#xA;Sep 19 07:40:31.933: INFO: helm-repo-5649f57447-wwdn4                                       10.46.6.173  Running           [{Initialized True 0001-01-01 00:00:00 +0000 UTC 2018-09-17 07:14:04 +0000 UTC  } {Ready True 0001-01-01 00:00:00 +0000 UTC 2018-09-17 07:14:40 +0000 UTC  } {ContainersReady True 0001-01-01 00:00:00 +0000 UTC 0001-01-01 00:00:00 +0000 UTC  } {PodScheduled True 0001-01-01 00:00:00 +0000 UTC 2018-09-17 07:13:53 +0000 UTC  }]&#xA;Sep 19 07:40:31.933: INFO: ibmcloud-image-enforcement-76ddccbf9f-kqmlb                      10.46.6.171  Running           [{Initialized True 0001-01-01 00:00:00 +0000 UTC 2018-09-17 07:14:02 +0000 UTC  } {Ready True 0001-01-01 00:00:00 +0000 UTC 2018-09-17 07:14:07 +0000 UTC  } {ContainersReady True 0001-01-01 00:00:00 +0000 UTC 0001-01-01 00:00:00 +0000 UTC  } {PodScheduled True 0001-01-01 00:00:00 +0000 UTC 2018-09-17 07:14:02 +0000 UTC  }]&#xA;Sep 19 07:40:31.933: INFO: icp-management-ingress-x6qn8                                     10.46.6.173  Running           [{Initialized True 0001-01-01 00:00:00 +0000 UTC 2018-09-17 07:10:36 +0000 UTC  } {Ready True 0001-01-01 00:00:00 +0000 UTC 2018-09-17 07:10:48 +0000 UTC  } {ContainersReady True 0001-01-01 00:00:00 +0000 UTC 0001-01-01 00:00:00 +0000 UTC  } {PodScheduled True 0001-01-01 00:00:00 +0000 UTC 2018-09-17 07:10:36 +0000 UTC  }]&#xA;Sep 19 07:40:31.933: INFO: icp-mongodb-0                                                    10.46.6.173  Running           [{Initialized True 0001-01-01 00:00:00 +0000 UTC 2018-09-17 07:09:00 +0000 UTC  } {Ready True 0001-01-01 00:00:00 +0000 UTC 2018-09-17 07:09:17 +0000 UTC  } {ContainersReady True 0001-01-01 00:00:00 +0000 UTC 0001-01-01 00:00:00 +0000 UTC  } {PodScheduled True 0001-01-01 00:00:00 +0000 UTC 2018-09-17 07:07:41 +0000 UTC  }]&#xA;Sep 19 07:40:31.933: INFO: image-manager-0                                                  10.46.6.173  Running           [{Initialized True 0001-01-01 00:00:00 +0000 UTC 2018-09-17 06:38:56 +0000 UTC  } {Ready True 0001-01-01 00:00:00 +0000 UTC 2018-09-17 06:39:08 +0000 UTC  } {ContainersReady True 0001-01-01 00:00:00 +0000 UTC 0001-01-01 00:00:00 +0000 UTC  } {PodScheduled True 0001-01-01 00:00:00 +0000 UTC 2018-09-17 06:38:56 +0000 UTC  }]&#xA;Sep 19 07:40:31.933: INFO: k8s-etcd-10.46.6.173                                             10.46.6.173  Running           [{Initialized True 0001-01-01 00:00:00 +0000 UTC 2018-09-17 06:35:49 +0000 UTC  } {Ready True 0001-01-01 00:00:00 +0000 UTC 2018-09-17 06:35:54 +0000 UTC  } {ContainersReady True 0001-01-01 00:00:00 +0000 UTC 0001-01-01 00:00:00 +0000 UTC  } {PodScheduled True 0001-01-01 00:00:00 +0000 UTC 2018-09-17 06:35:49 +0000 UTC  }]&#xA;Sep 19 07:40:31.933: INFO: k8s-master-10.46.6.173                                           10.46.6.173  Running           [{Initialized True 0001-01-01 00:00:00 +0000 UTC 2018-09-17 06:37:18 +0000 UTC  } {Ready True 0001-01-01 00:00:00 +0000 UTC 2018-09-17 06:37:26 +0000 UTC  } {ContainersReady True 0001-01-01 00:00:00 +0000 UTC 0001-01-01 00:00:00 +0000 UTC  } {PodScheduled True 0001-01-01 00:00:00 +0000 UTC 2018-09-17 06:37:18 +0000 UTC  }]&#xA;Sep 19 07:40:31.933: INFO: k8s-proxy-10.46.6.170                                            10.46.6.170  Running           [{Initialized True 0001-01-01 00:00:00 +0000 UTC 2018-09-17 07:05:43 +0000 UTC  } {Ready True 0001-01-01 00:00:00 +0000 UTC 2018-09-17 07:05:46 +0000 UTC  } {ContainersReady True 0001-01-01 00:00:00 +0000 UTC 0001-01-01 00:00:00 +0000 UTC  } {PodScheduled True 0001-01-01 00:00:00 +0000 UTC 2018-09-17 07:05:43 +0000 UTC  }]&#xA;Sep 19 07:40:31.933: INFO: k8s-proxy-10.46.6.171                                            10.46.6.171  Running           [{Initialized True 0001-01-01 00:00:00 +0000 UTC 2018-09-17 07:05:44 +0000 UTC  } {Ready True 0001-01-01 00:00:00 +0000 UTC 2018-09-17 07:05:46 +0000 UTC  } {ContainersReady True 0001-01-01 00:00:00 +0000 UTC 0001-01-01 00:00:00 +0000 UTC  } {PodScheduled True 0001-01-01 00:00:00 +0000 UTC 2018-09-17 07:05:44 +0000 UTC  }]&#xA;Sep 19 07:40:31.933: INFO: k8s-proxy-10.46.6.172                                            10.46.6.172  Running           [{Initialized True 0001-01-01 00:00:00 +0000 UTC 2018-09-17 07:05:44 +0000 UTC  } {Ready True 0001-01-01 00:00:00 +0000 UTC 2018-09-17 07:05:48 +0000 UTC  } {ContainersReady True 0001-01-01 00:00:00 +0000 UTC 0001-01-01 00:00:00 +0000 UTC  } {PodScheduled True 0001-01-01 00:00:00 +0000 UTC 2018-09-17 07:05:44 +0000 UTC  }]&#xA;Sep 19 07:40:31.933: INFO: k8s-proxy-10.46.6.173                                            10.46.6.173  Running           [{Initialized True 0001-01-01 00:00:00 +0000 UTC 2018-09-17 06:35:45 +0000 UTC  } {Ready True 0001-01-01 00:00:00 +0000 UTC 2018-09-17 06:35:50 +0000 UTC  } {ContainersReady True 0001-01-01 00:00:00 +0000 UTC 0001-01-01 00:00:00 +0000 UTC  } {PodScheduled True 0001-01-01 00:00:00 +0000 UTC 2018-09-17 06:35:45 +0000 UTC  }]&#xA;Sep 19 07:40:31.933: INFO: kube-dns-mwjc8                                                   10.46.6.173  Running           [{Initialized True 0001-01-01 00:00:00 +0000 UTC 2018-09-17 07:06:10 +0000 UTC  } {Ready True 0001-01-01 00:00:00 +0000 UTC 2018-09-17 07:06:18 +0000 UTC  } {ContainersReady True 0001-01-01 00:00:00 +0000 UTC 0001-01-01 00:00:00 +0000 UTC  } {PodScheduled True 0001-01-01 00:00:00 +0000 UTC 2018-09-17 07:06:10 +0000 UTC  }]&#xA;Sep 19 07:40:31.934: INFO: logging-elk-client-75d4d7994c-7g7fn                              10.46.6.171  Running           [{Initialized True 0001-01-01 00:00:00 +0000 UTC 2018-09-17 07:15:40 +0000 UTC  } {Ready True 0001-01-01 00:00:00 +0000 UTC 2018-09-17 07:16:22 +0000 UTC  } {ContainersReady True 0001-01-01 00:00:00 +0000 UTC 0001-01-01 00:00:00 +0000 UTC  } {PodScheduled True 0001-01-01 00:00:00 +0000 UTC 2018-09-17 07:15:20 +0000 UTC  }]&#xA;Sep 19 07:40:31.934: INFO: logging-elk-data-0                                               10.46.6.171  Running           [{Initialized True 0001-01-01 00:00:00 +0000 UTC 2018-09-17 07:15:47 +0000 UTC  } {Ready True 0001-01-01 00:00:00 +0000 UTC 2018-09-17 07:16:16 +0000 UTC  } {ContainersReady True 0001-01-01 00:00:00 +0000 UTC 0001-01-01 00:00:00 +0000 UTC  } {PodScheduled True 0001-01-01 00:00:00 +0000 UTC 2018-09-17 07:15:20 +0000 UTC  }]&#xA;Sep 19 07:40:31.934: INFO: logging-elk-elasticsearch-tls-init-6hnl4                         10.46.6.171  Succeeded         [{Initialized True 0001-01-01 00:00:00 +0000 UTC 2018-09-17 07:15:20 +0000 UTC PodCompleted } {Ready False 0001-01-01 00:00:00 +0000 UTC 2018-09-17 07:17:46 +0000 UTC PodCompleted } {ContainersReady False 0001-01-01 00:00:00 +0000 UTC 0001-01-01 00:00:00 +0000 UTC PodCompleted } {PodScheduled True 0001-01-01 00:00:00 +0000 UTC 2018-09-17 07:15:20 +0000 UTC  }]&#xA;Sep 19 07:40:31.934: INFO: logging-elk-filebeat-ds-bs86r                                    10.46.6.171  Running           [{Initialized True 0001-01-01 00:00:00 +0000 UTC 2018-09-17 07:15:20 +0000 UTC  } {Ready True 0001-01-01 00:00:00 +0000 UTC 2018-09-17 07:15:42 +0000 UTC  } {ContainersReady True 0001-01-01 00:00:00 +0000 UTC 0001-01-01 00:00:00 +0000 UTC  } {PodScheduled True 0001-01-01 00:00:00 +0000 UTC 2018-09-17 07:15:20 +0000 UTC  }]&#xA;Sep 19 07:40:31.934: INFO: logging-elk-filebeat-ds-jtd5q                                    10.46.6.170  Running           [{Initialized True 0001-01-01 00:00:00 +0000 UTC 2018-09-17 07:15:20 +0000 UTC  } {Ready True 0001-01-01 00:00:00 +0000 UTC 2018-09-17 07:15:37 +0000 UTC  } {ContainersReady True 0001-01-01 00:00:00 +0000 UTC 0001-01-01 00:00:00 +0000 UTC  } {PodScheduled True 0001-01-01 00:00:00 +0000 UTC 2018-09-17 07:15:20 +0000 UTC  }]&#xA;Sep 19 07:40:31.934: INFO: logging-elk-filebeat-ds-qf2vz                                    10.46.6.173  Running           [{Initialized True 0001-01-01 00:00:00 +0000 UTC 2018-09-17 07:15:20 +0000 UTC  } {Ready True 0001-01-01 00:00:00 +0000 UTC 2018-09-17 07:15:39 +0000 UTC  } {ContainersReady True 0001-01-01 00:00:00 +0000 UTC 0001-01-01 00:00:00 +0000 UTC  } {PodScheduled True 0001-01-01 00:00:00 +0000 UTC 2018-09-17 07:15:20 +0000 UTC  }]&#xA;Sep 19 07:40:31.934: INFO: logging-elk-filebeat-ds-vpk48                                    10.46.6.172  Running           [{Initialized True 0001-01-01 00:00:00 +0000 UTC 2018-09-17 07:15:20 +0000 UTC  } {Ready True 0001-01-01 00:00:00 +0000 UTC 2018-09-17 07:15:39 +0000 UTC  } {ContainersReady True 0001-01-01 00:00:00 +0000 UTC 0001-01-01 00:00:00 +0000 UTC  } {PodScheduled True 0001-01-01 00:00:00 +0000 UTC 2018-09-17 07:15:20 +0000 UTC  }]&#xA;Sep 19 07:40:31.934: INFO: logging-elk-kibana-ff4db4866-s2295                               10.46.6.171  Running           [{Initialized True 0001-01-01 00:00:00 +0000 UTC 2018-09-17 07:15:21 +0000 UTC  } {Ready True 0001-01-01 00:00:00 +0000 UTC 2018-09-17 07:15:45 +0000 UTC  } {ContainersReady True 0001-01-01 00:00:00 +0000 UTC 0001-01-01 00:00:00 +0000 UTC  } {PodScheduled True 0001-01-01 00:00:00 +0000 UTC 2018-09-17 07:15:21 +0000 UTC  }]&#xA;Sep 19 07:40:31.934: INFO: logging-elk-logstash-7994656f46-r89mt                            10.46.6.171  Running           [{Initialized True 0001-01-01 00:00:00 +0000 UTC 2018-09-17 07:15:22 +0000 UTC  } {Ready True 0001-01-01 00:00:00 +0000 UTC 2018-09-17 07:16:16 +0000 UTC  } {ContainersReady True 0001-01-01 00:00:00 +0000 UTC 0001-01-01 00:00:00 +0000 UTC  } {PodScheduled True 0001-01-01 00:00:00 +0000 UTC 2018-09-17 07:15:21 +0000 UTC  }]&#xA;Sep 19 07:40:31.934: INFO: logging-elk-master-6cdcf45f7d-gp28f                              10.46.6.171  Running           [{Initialized True 0001-01-01 00:00:00 +0000 UTC 2018-09-17 07:15:47 +0000 UTC  } {Ready True 0001-01-01 00:00:00 +0000 UTC 2018-09-17 07:16:16 +0000 UTC  } {ContainersReady True 0001-01-01 00:00:00 +0000 UTC 0001-01-01 00:00:00 +0000 UTC  } {PodScheduled True 0001-01-01 00:00:00 +0000 UTC 2018-09-17 07:15:21 +0000 UTC  }]&#xA;Sep 19 07:40:31.934: INFO: mariadb-0                                                        10.46.6.173  Running           [{Initialized True 0001-01-01 00:00:00 +0000 UTC 2018-09-17 07:08:38 +0000 UTC  } {Ready True 0001-01-01 00:00:00 +0000 UTC 2018-09-17 07:09:15 +0000 UTC  } {ContainersReady True 0001-01-01 00:00:00 +0000 UTC 0001-01-01 00:00:00 +0000 UTC  } {PodScheduled True 0001-01-01 00:00:00 +0000 UTC 2018-09-17 07:08:37 +0000 UTC  }]&#xA;Sep 19 07:40:31.934: INFO: metering-dm-8b475fc57-cmm6h                                      10.46.6.171  Running           [{Initialized True 0001-01-01 00:00:00 +0000 UTC 2018-09-17 07:14:20 +0000 UTC  } {Ready True 0001-01-01 00:00:00 +0000 UTC 2018-09-17 07:14:49 +0000 UTC  } {ContainersReady True 0001-01-01 00:00:00 +0000 UTC 0001-01-01 00:00:00 +0000 UTC  } {PodScheduled True 0001-01-01 00:00:00 +0000 UTC 2018-09-17 07:14:12 +0000 UTC  }]&#xA;Sep 19 07:40:31.934: INFO: metering-reader-44wd7                                            10.46.6.170  Running           [{Initialized True 0001-01-01 00:00:00 +0000 UTC 2018-09-17 07:14:20 +0000 UTC  } {Ready True 0001-01-01 00:00:00 +0000 UTC 2018-09-17 07:14:46 +0000 UTC  } {ContainersReady True 0001-01-01 00:00:00 +0000 UTC 0001-01-01 00:00:00 +0000 UTC  } {PodScheduled True 0001-01-01 00:00:00 +0000 UTC 2018-09-17 07:14:11 +0000 UTC  }]&#xA;Sep 19 07:40:31.934: INFO: metering-reader-gsrdg                                            10.46.6.172  Running           [{Initialized True 0001-01-01 00:00:00 +0000 UTC 2018-09-17 07:14:23 +0000 UTC  } {Ready True 0001-01-01 00:00:00 +0000 UTC 2018-09-17 07:14:52 +0000 UTC  } {ContainersReady True 0001-01-01 00:00:00 +0000 UTC 0001-01-01 00:00:00 +0000 UTC  } {PodScheduled True 0001-01-01 00:00:00 +0000 UTC 2018-09-17 07:14:11 +0000 UTC  }]&#xA;Sep 19 07:40:31.934: INFO: metering-reader-l7284                                            10.46.6.173  Running           [{Initialized True 0001-01-01 00:00:00 +0000 UTC 2018-09-17 07:14:24 +0000 UTC  } {Ready True 0001-01-01 00:00:00 +0000 UTC 2018-09-17 07:14:45 +0000 UTC  } {ContainersReady True 0001-01-01 00:00:00 +0000 UTC 0001-01-01 00:00:00 +0000 UTC  } {PodScheduled True 0001-01-01 00:00:00 +0000 UTC 2018-09-17 07:14:11 +0000 UTC  }]&#xA;Sep 19 07:40:31.934: INFO: metering-reader-xq8f2                                            10.46.6.171  Running           [{Initialized True 0001-01-01 00:00:00 +0000 UTC 2018-09-17 07:14:23 +0000 UTC  } {Ready True 0001-01-01 00:00:00 +0000 UTC 2018-09-17 07:14:55 +0000 UTC  } {ContainersReady True 0001-01-01 00:00:00 +0000 UTC 0001-01-01 00:00:00 +0000 UTC  } {PodScheduled True 0001-01-01 00:00:00 +0000 UTC 2018-09-17 07:14:11 +0000 UTC  }]&#xA;Sep 19 07:40:31.934: INFO: metering-ui-5bbfbb5d49-wkh8m                                     10.46.6.171  Running           [{Initialized True 0001-01-01 00:00:00 +0000 UTC 2018-09-17 07:14:22 +0000 UTC  } {Ready True 0001-01-01 00:00:00 +0000 UTC 2018-09-17 07:14:55 +0000 UTC  } {ContainersReady True 0001-01-01 00:00:00 +0000 UTC 0001-01-01 00:00:00 +0000 UTC  } {PodScheduled True 0001-01-01 00:00:00 +0000 UTC 2018-09-17 07:14:12 +0000 UTC  }]&#xA;Sep 19 07:40:31.934: INFO: metrics-server-6d6695f9db-8t4xs                                  10.46.6.171  Running           [{Initialized True 0001-01-01 00:00:00 +0000 UTC 2018-09-17 07:08:51 +0000 UTC  } {Ready True 0001-01-01 00:00:00 +0000 UTC 2018-09-17 07:08:55 +0000 UTC  } {ContainersReady True 0001-01-01 00:00:00 +0000 UTC 0001-01-01 00:00:00 +0000 UTC  } {PodScheduled True 0001-01-01 00:00:00 +0000 UTC 2018-09-17 07:08:51 +0000 UTC  }]&#xA;Sep 19 07:40:31.934: INFO: mgmt-repo-57dc689b74-tmp44                                       10.46.6.173  Running           [{Initialized True 0001-01-01 00:00:00 +0000 UTC 2018-09-17 07:18:10 +0000 UTC  } {Ready True 0001-01-01 00:00:00 +0000 UTC 2018-09-17 07:18:54 +0000 UTC  } {ContainersReady True 0001-01-01 00:00:00 +0000 UTC 0001-01-01 00:00:00 +0000 UTC  } {PodScheduled True 0001-01-01 00:00:00 +0000 UTC 2018-09-17 07:17:50 +0000 UTC  }]&#xA;Sep 19 07:40:31.934: INFO: monitoring-grafana-548b947c8c-dh89z                              10.46.6.171  Running           [{Initialized True 0001-01-01 00:00:00 +0000 UTC 2018-09-17 07:16:14 +0000 UTC  } {Ready True 0001-01-01 00:00:00 +0000 UTC 2018-09-17 07:16:59 +0000 UTC  } {ContainersReady True 0001-01-01 00:00:00 +0000 UTC 0001-01-01 00:00:00 +0000 UTC  } {PodScheduled True 0001-01-01 00:00:00 +0000 UTC 2018-09-17 07:15:46 +0000 UTC  }]&#xA;Sep 19 07:40:31.934: INFO: monitoring-prometheus-6677d7c77f-pnpt5                           10.46.6.171  Running           [{Initialized True 0001-01-01 00:00:00 +0000 UTC 2018-09-17 07:16:14 +0000 UTC  } {Ready True 0001-01-01 00:00:00 +0000 UTC 2018-09-17 07:17:03 +0000 UTC  } {ContainersReady True 0001-01-01 00:00:00 +0000 UTC 0001-01-01 00:00:00 +0000 UTC  } {PodScheduled True 0001-01-01 00:00:00 +0000 UTC 2018-09-17 07:15:45 +0000 UTC  }]&#xA;Sep 19 07:40:31.934: INFO: monitoring-prometheus-alertmanager-7d8749dbb8-xj68d              10.46.6.171  Running           [{Initialized True 0001-01-01 00:00:00 +0000 UTC 2018-09-17 07:15:46 +0000 UTC  } {Ready True 0001-01-01 00:00:00 +0000 UTC 2018-09-17 07:16:45 +0000 UTC  } {ContainersReady True 0001-01-01 00:00:00 +0000 UTC 0001-01-01 00:00:00 +0000 UTC  } {PodScheduled True 0001-01-01 00:00:00 +0000 UTC 2018-09-17 07:15:45 +0000 UTC  }]&#xA;Sep 19 07:40:31.934: INFO: monitoring-prometheus-collectdexporter-77575678dc-v8n2l          10.46.6.171  Running           [{Initialized True 0001-01-01 00:00:00 +0000 UTC 2018-09-17 07:15:46 +0000 UTC  } {Ready True 0001-01-01 00:00:00 +0000 UTC 2018-09-17 07:16:42 +0000 UTC  } {ContainersReady True 0001-01-01 00:00:00 +0000 UTC 0001-01-01 00:00:00 +0000 UTC  } {PodScheduled True 0001-01-01 00:00:00 +0000 UTC 2018-09-17 07:15:45 +0000 UTC  }]&#xA;Sep 19 07:40:31.934: INFO: monitoring-prometheus-elasticsearchexporter-655864cccb-c6tps     10.46.6.171  Running           [{Initialized True 0001-01-01 00:00:00 +0000 UTC 2018-09-17 07:15:46 +0000 UTC  } {Ready True 0001-01-01 00:00:00 +0000 UTC 2018-09-17 07:16:52 +0000 UTC  } {ContainersReady True 0001-01-01 00:00:00 +0000 UTC 0001-01-01 00:00:00 +0000 UTC  } {PodScheduled True 0001-01-01 00:00:00 +0000 UTC 2018-09-17 07:15:45 +0000 UTC  }]&#xA;Sep 19 07:40:31.934: INFO: monitoring-prometheus-kubestatemetrics-54dcbb6cfb-76zmm          10.46.6.171  Running           [{Initialized True 0001-01-01 00:00:00 +0000 UTC 2018-09-17 07:15:45 +0000 UTC  } {Ready True 0001-01-01 00:00:00 +0000 UTC 2018-09-17 07:16:34 +0000 UTC  } {ContainersReady True 0001-01-01 00:00:00 +0000 UTC 0001-01-01 00:00:00 +0000 UTC  } {PodScheduled True 0001-01-01 00:00:00 +0000 UTC 2018-09-17 07:15:45 +0000 UTC  }]&#xA;Sep 19 07:40:31.934: INFO: monitoring-prometheus-nodeexporter-9fnpb                         10.46.6.171  Running           [{Initialized True 0001-01-01 00:00:00 +0000 UTC 2018-09-17 07:15:44 +0000 UTC  } {Ready True 0001-01-01 00:00:00 +0000 UTC 2018-09-17 07:16:44 +0000 UTC  } {ContainersReady True 0001-01-01 00:00:00 +0000 UTC 0001-01-01 00:00:00 +0000 UTC  } {PodScheduled True 0001-01-01 00:00:00 +0000 UTC 2018-09-17 07:15:44 +0000 UTC  }]&#xA;Sep 19 07:40:31.934: INFO: monitoring-prometheus-nodeexporter-f84fv                         10.46.6.173  Running           [{Initialized True 0001-01-01 00:00:00 +0000 UTC 2018-09-17 07:15:45 +0000 UTC  } {Ready True 0001-01-01 00:00:00 +0000 UTC 2018-09-17 07:16:28 +0000 UTC  } {ContainersReady True 0001-01-01 00:00:00 +0000 UTC 0001-01-01 00:00:00 +0000 UTC  } {PodScheduled True 0001-01-01 00:00:00 +0000 UTC 2018-09-17 07:15:45 +0000 UTC  }]&#xA;Sep 19 07:40:31.934: INFO: monitoring-prometheus-nodeexporter-tpbc8                         10.46.6.170  Running           [{Initialized True 0001-01-01 00:00:00 +0000 UTC 2018-09-17 07:15:44 +0000 UTC  } {Ready True 0001-01-01 00:00:00 +0000 UTC 2018-09-17 07:16:27 +0000 UTC  } {ContainersReady True 0001-01-01 00:00:00 +0000 UTC 0001-01-01 00:00:00 +0000 UTC  } {PodScheduled True 0001-01-01 00:00:00 +0000 UTC 2018-09-17 07:15:44 +0000 UTC  }]&#xA;Sep 19 07:40:31.934: INFO: monitoring-prometheus-nodeexporter-v4l7d                         10.46.6.172  Running           [{Initialized True 0001-01-01 00:00:00 +0000 UTC 2018-09-17 07:15:44 +0000 UTC  } {Ready True 0001-01-01 00:00:00 +0000 UTC 2018-09-17 07:16:31 +0000 UTC  } {ContainersReady True 0001-01-01 00:00:00 +0000 UTC 0001-01-01 00:00:00 +0000 UTC  } {PodScheduled True 0001-01-01 00:00:00 +0000 UTC 2018-09-17 07:15:44 +0000 UTC  }]&#xA;Sep 19 07:40:31.934: INFO: my-ibm-open-liberty-ibm-7f7d9778d7-7t5jc                         10.46.6.170  Running           [{Initialized True 0001-01-01 00:00:00 +0000 UTC 2018-09-17 08:22:24 +0000 UTC  } {Ready True 0001-01-01 00:00:00 +0000 UTC 2018-09-17 08:23:21 +0000 UTC  } {ContainersReady True 0001-01-01 00:00:00 +0000 UTC 0001-01-01 00:00:00 +0000 UTC  } {PodScheduled True 0001-01-01 00:00:00 +0000 UTC 2018-09-17 08:22:24 +0000 UTC  }]&#xA;Sep 19 07:40:31.934: INFO: nginx-ingress-controller-h5z2v                                   10.46.6.173  Running           [{Initialized True 0001-01-01 00:00:00 +0000 UTC 2018-09-17 07:08:39 +0000 UTC  } {Ready True 0001-01-01 00:00:00 +0000 UTC 2018-09-17 07:08:54 +0000 UTC  } {ContainersReady True 0001-01-01 00:00:00 +0000 UTC 0001-01-01 00:00:00 +0000 UTC  } {PodScheduled True 0001-01-01 00:00:00 +0000 UTC 2018-09-17 07:08:28 +0000 UTC  }]&#xA;Sep 19 07:40:31.934: INFO: nvidia-device-plugin-9h2k4                                       10.46.6.170  Running           [{Initialized True 0001-01-01 00:00:00 +0000 UTC 2018-09-17 07:07:23 +0000 UTC  } {Ready True 0001-01-01 00:00:00 +0000 UTC 2018-09-17 07:07:24 +0000 UTC  } {ContainersReady True 0001-01-01 00:00:00 +0000 UTC 0001-01-01 00:00:00 +0000 UTC  } {PodScheduled True 0001-01-01 00:00:00 +0000 UTC 2018-09-17 07:07:17 +0000 UTC  }]&#xA;Sep 19 07:40:31.934: INFO: nvidia-device-plugin-nh54k                                       10.46.6.173  Running           [{Initialized True 0001-01-01 00:00:00 +0000 UTC 2018-09-17 07:07:29 +0000 UTC  } {Ready True 0001-01-01 00:00:00 +0000 UTC 2018-09-17 07:07:33 +0000 UTC  } {ContainersReady True 0001-01-01 00:00:00 +0000 UTC 0001-01-01 00:00:00 +0000 UTC  } {PodScheduled True 0001-01-01 00:00:00 +0000 UTC 2018-09-17 07:07:17 +0000 UTC  }]&#xA;Sep 19 07:40:31.934: INFO: nvidia-device-plugin-vh85n                                       10.46.6.171  Running           [{Initialized True 0001-01-01 00:00:00 +0000 UTC 2018-09-17 07:07:21 +0000 UTC  } {Ready True 0001-01-01 00:00:00 +0000 UTC 2018-09-17 07:07:23 +0000 UTC  } {ContainersReady True 0001-01-01 00:00:00 +0000 UTC 0001-01-01 00:00:00 +0000 UTC  } {PodScheduled True 0001-01-01 00:00:00 +0000 UTC 2018-09-17 07:07:17 +0000 UTC  }]&#xA;Sep 19 07:40:31.934: INFO: nvidia-device-plugin-w9jr8                                       10.46.6.172  Running           [{Initialized True 0001-01-01 00:00:00 +0000 UTC 2018-09-17 07:07:24 +0000 UTC  } {Ready True 0001-01-01 00:00:00 +0000 UTC 2018-09-17 07:07:26 +0000 UTC  } {ContainersReady True 0001-01-01 00:00:00 +0000 UTC 0001-01-01 00:00:00 +0000 UTC  } {PodScheduled True 0001-01-01 00:00:00 +0000 UTC 2018-09-17 07:07:17 +0000 UTC  }]&#xA;Sep 19 07:40:31.934: INFO: oidc-client-registration-szxrk                                   10.46.6.173  Succeeded         [{Initialized True 0001-01-01 00:00:00 +0000 UTC 2018-09-17 07:10:05 +0000 UTC PodCompleted } {Ready False 0001-01-01 00:00:00 +0000 UTC 2018-09-17 07:12:27 +0000 UTC PodCompleted } {ContainersReady False 0001-01-01 00:00:00 +0000 UTC 0001-01-01 00:00:00 +0000 UTC PodCompleted } {PodScheduled True 0001-01-01 00:00:00 +0000 UTC 2018-09-17 07:10:04 +0000 UTC  }]&#xA;Sep 19 07:40:31.934: INFO: platform-api-2fs4x                                               10.46.6.173  Running           [{Initialized True 0001-01-01 00:00:00 +0000 UTC 2018-09-17 07:08:45 +0000 UTC  } {Ready True 0001-01-01 00:00:00 +0000 UTC 2018-09-17 07:16:29 +0000 UTC  } {ContainersReady True 0001-01-01 00:00:00 +0000 UTC 0001-01-01 00:00:00 +0000 UTC  } {PodScheduled True 0001-01-01 00:00:00 +0000 UTC 2018-09-17 07:08:45 +0000 UTC  }]&#xA;Sep 19 07:40:31.935: INFO: platform-deploy-dbbks                                            10.46.6.173  Running           [{Initialized True 0001-01-01 00:00:00 +0000 UTC 2018-09-17 07:08:45 +0000 UTC  } {Ready True 0001-01-01 00:00:00 +0000 UTC 2018-09-17 07:08:57 +0000 UTC  } {ContainersReady True 0001-01-01 00:00:00 +0000 UTC 0001-01-01 00:00:00 +0000 UTC  } {PodScheduled True 0001-01-01 00:00:00 +0000 UTC 2018-09-17 07:08:45 +0000 UTC  }]&#xA;Sep 19 07:40:31.935: INFO: platform-ui-6fjgx                                                10.46.6.173  Running           [{Initialized True 0001-01-01 00:00:00 +0000 UTC 2018-09-17 07:14:34 +0000 UTC  } {Ready True 0001-01-01 00:00:00 +0000 UTC 2018-09-17 07:15:20 +0000 UTC  } {ContainersReady True 0001-01-01 00:00:00 +0000 UTC 0001-01-01 00:00:00 +0000 UTC  } {PodScheduled True 0001-01-01 00:00:00 +0000 UTC 2018-09-17 07:14:34 +0000 UTC  }]&#xA;Sep 19 07:40:31.935: INFO: secret-watcher-5f59fcbc69-pfnfk                                  10.46.6.173  Running           [{Initialized True 0001-01-01 00:00:00 +0000 UTC 2018-09-17 07:18:05 +0000 UTC  } {Ready True 0001-01-01 00:00:00 +0000 UTC 2018-09-17 07:18:30 +0000 UTC  } {ContainersReady True 0001-01-01 00:00:00 +0000 UTC 0001-01-01 00:00:00 +0000 UTC  } {PodScheduled True 0001-01-01 00:00:00 +0000 UTC 2018-09-17 07:18:04 +0000 UTC  }]&#xA;Sep 19 07:40:31.935: INFO: security-onboarding-tkf79                                        10.46.6.173  Succeeded         [{Initialized True 0001-01-01 00:00:00 +0000 UTC 2018-09-17 07:18:12 +0000 UTC PodCompleted } {Ready False 0001-01-01 00:00:00 +0000 UTC 2018-09-17 07:20:02 +0000 UTC PodCompleted } {ContainersReady False 0001-01-01 00:00:00 +0000 UTC 0001-01-01 00:00:00 +0000 UTC PodCompleted } {PodScheduled True 0001-01-01 00:00:00 +0000 UTC 2018-09-17 07:18:12 +0000 UTC  }]&#xA;Sep 19 07:40:31.935: INFO: service-catalog-apiserver-967x9                                  10.46.6.173  Running           [{Initialized True 0001-01-01 00:00:00 +0000 UTC 2018-09-17 07:08:20 +0000 UTC  } {Ready True 0001-01-01 00:00:00 +0000 UTC 2018-09-17 07:09:01 +0000 UTC  } {ContainersReady True 0001-01-01 00:00:00 +0000 UTC 0001-01-01 00:00:00 +0000 UTC  } {PodScheduled True 0001-01-01 00:00:00 +0000 UTC 2018-09-17 07:08:20 +0000 UTC  }]&#xA;Sep 19 07:40:31.935: INFO: service-catalog-controller-manager-5969cccf86-65phs              10.46.6.173  Running           [{Initialized True 0001-01-01 00:00:00 +0000 UTC 2018-09-17 07:08:21 +0000 UTC  } {Ready True 0001-01-01 00:00:00 +0000 UTC 2018-09-17 07:08:34 +0000 UTC  } {ContainersReady True 0001-01-01 00:00:00 +0000 UTC 0001-01-01 00:00:00 +0000 UTC  } {PodScheduled True 0001-01-01 00:00:00 +0000 UTC 2018-09-17 07:08:20 +0000 UTC  }]&#xA;Sep 19 07:40:31.935: INFO: tiller-deploy-6b58875cb-5l8kh                                    10.46.6.173  Running           [{Initialized True 0001-01-01 00:00:00 +0000 UTC 2018-09-17 07:05:28 +0000 UTC  } {Ready True 0001-01-01 00:00:00 +0000 UTC 2018-09-17 07:05:43 +0000 UTC  } {ContainersReady True 0001-01-01 00:00:00 +0000 UTC 0001-01-01 00:00:00 +0000 UTC  } {PodScheduled True 0001-01-01 00:00:00 +0000 UTC 2018-09-17 07:05:28 +0000 UTC  }]&#xA;Sep 19 07:40:31.935: INFO: unified-router-lkwnl                                             10.46.6.173  Running           [{Initialized True 0001-01-01 00:00:00 +0000 UTC 2018-09-17 07:15:31 +0000 UTC  } {Ready True 0001-01-01 00:00:00 +0000 UTC 2018-09-17 07:15:40 +0000 UTC  } {ContainersReady True 0001-01-01 00:00:00 +0000 UTC 0001-01-01 00:00:00 +0000 UTC  } {PodScheduled True 0001-01-01 00:00:00 +0000 UTC 2018-09-17 07:15:31 +0000 UTC  }]&#xA;Sep 19 07:40:31.935: INFO: vulnerability-advisor-compliance-annotator-d5659b9d9-kmn8q       10.46.6.172  Running           [{Initialized True 0001-01-01 00:00:00 +0000 UTC 2018-09-17 07:19:03 +0000 UTC  } {Ready True 0001-01-01 00:00:00 +0000 UTC 2018-09-17 07:21:08 +0000 UTC  } {ContainersReady True 0001-01-01 00:00:00 +0000 UTC 0001-01-01 00:00:00 +0000 UTC  } {PodScheduled True 0001-01-01 00:00:00 +0000 UTC 2018-09-17 07:19:03 +0000 UTC  }]&#xA;Sep 19 07:40:31.935: INFO: vulnerability-advisor-compliance-indexer-7cbdc64b57-47lmd        10.46.6.172  Running           [{Initialized True 0001-01-01 00:00:00 +0000 UTC 2018-09-17 07:19:07 +0000 UTC  } {Ready True 0001-01-01 00:00:00 +0000 UTC 2018-09-17 07:19:33 +0000 UTC  } {ContainersReady True 0001-01-01 00:00:00 +0000 UTC 0001-01-01 00:00:00 +0000 UTC  } {PodScheduled True 0001-01-01 00:00:00 +0000 UTC 2018-09-17 07:19:06 +0000 UTC  }]&#xA;Sep 19 07:40:31.935: INFO: vulnerability-advisor-config-parser-5d44b78fd5-z4k9t             10.46.6.172  Running           [{Initialized True 0001-01-01 00:00:00 +0000 UTC 2018-09-17 07:19:04 +0000 UTC  } {Ready True 0001-01-01 00:00:00 +0000 UTC 2018-09-17 07:21:09 +0000 UTC  } {ContainersReady True 0001-01-01 00:00:00 +0000 UTC 0001-01-01 00:00:00 +0000 UTC  } {PodScheduled True 0001-01-01 00:00:00 +0000 UTC 2018-09-17 07:19:03 +0000 UTC  }]&#xA;Sep 19 07:40:31.935: INFO: vulnerability-advisor-cos-indexer-57899b7dd6-7cpf8               10.46.6.172  Running           [{Initialized True 0001-01-01 00:00:00 +0000 UTC 2018-09-17 07:19:04 +0000 UTC  } {Ready True 0001-01-01 00:00:00 +0000 UTC 2018-09-19 07:20:04 +0000 UTC  } {ContainersReady True 0001-01-01 00:00:00 +0000 UTC 0001-01-01 00:00:00 +0000 UTC  } {PodScheduled True 0001-01-01 00:00:00 +0000 UTC 2018-09-17 07:19:04 +0000 UTC  }]&#xA;Sep 19 07:40:31.935: INFO: vulnerability-advisor-kafka-0                                    10.46.6.172  Running           [{Initialized True 0001-01-01 00:00:00 +0000 UTC 2018-09-17 07:19:13 +0000 UTC  } {Ready True 0001-01-01 00:00:00 +0000 UTC 2018-09-17 07:20:53 +0000 UTC  } {ContainersReady True 0001-01-01 00:00:00 +0000 UTC 0001-01-01 00:00:00 +0000 UTC  } {PodScheduled True 0001-01-01 00:00:00 +0000 UTC 2018-09-17 07:19:13 +0000 UTC  }]&#xA;Sep 19 07:40:31.935: INFO: vulnerability-advisor-live-crawler-84st2                         10.46.6.172  Running           [{Initialized True 0001-01-01 00:00:00 +0000 UTC 2018-09-17 07:19:03 +0000 UTC  } {Ready True 0001-01-01 00:00:00 +0000 UTC 2018-09-17 07:19:26 +0000 UTC  } {ContainersReady True 0001-01-01 00:00:00 +0000 UTC 0001-01-01 00:00:00 +0000 UTC  } {PodScheduled True 0001-01-01 00:00:00 +0000 UTC 2018-09-17 07:19:03 +0000 UTC  }]&#xA;Sep 19 07:40:31.935: INFO: vulnerability-advisor-live-crawler-ccxd7                         10.46.6.170  Running           [{Initialized True 0001-01-01 00:00:00 +0000 UTC 2018-09-17 07:19:03 +0000 UTC  } {Ready True 0001-01-01 00:00:00 +0000 UTC 2018-09-17 07:19:14 +0000 UTC  } {ContainersReady True 0001-01-01 00:00:00 +0000 UTC 0001-01-01 00:00:00 +0000 UTC  } {PodScheduled True 0001-01-01 00:00:00 +0000 UTC 2018-09-17 07:19:03 +0000 UTC  }]&#xA;Sep 19 07:40:31.935: INFO: vulnerability-advisor-live-crawler-p6khc                         10.46.6.173  Running           [{Initialized True 0001-01-01 00:00:00 +0000 UTC 2018-09-17 07:19:02 +0000 UTC  } {Ready True 0001-01-01 00:00:00 +0000 UTC 2018-09-17 07:19:22 +0000 UTC  } {ContainersReady True 0001-01-01 00:00:00 +0000 UTC 0001-01-01 00:00:00 +0000 UTC  } {PodScheduled True 0001-01-01 00:00:00 +0000 UTC 2018-09-17 07:19:02 +0000 UTC  }]&#xA;Sep 19 07:40:31.935: INFO: vulnerability-advisor-live-crawler-xxz8p                         10.46.6.171  Running           [{Initialized True 0001-01-01 00:00:00 +0000 UTC 2018-09-17 07:19:03 +0000 UTC  } {Ready True 0001-01-01 00:00:00 +0000 UTC 2018-09-17 07:19:18 +0000 UTC  } {ContainersReady True 0001-01-01 00:00:00 +0000 UTC 0001-01-01 00:00:00 +0000 UTC  } {PodScheduled True 0001-01-01 00:00:00 +0000 UTC 2018-09-17 07:19:03 +0000 UTC  }]&#xA;Sep 19 07:40:31.935: INFO: vulnerability-advisor-ma-file-annotator-6b95df8886-jtczz         10.46.6.172  Running           [{Initialized True 0001-01-01 00:00:00 +0000 UTC 2018-09-17 07:19:04 +0000 UTC  } {Ready True 0001-01-01 00:00:00 +0000 UTC 2018-09-17 07:23:32 +0000 UTC  } {ContainersReady True 0001-01-01 00:00:00 +0000 UTC 0001-01-01 00:00:00 +0000 UTC  } {PodScheduled True 0001-01-01 00:00:00 +0000 UTC 2018-09-17 07:19:04 +0000 UTC  }]&#xA;Sep 19 07:40:31.935: INFO: vulnerability-advisor-minio-0                                    10.46.6.172  Running           [{Initialized True 0001-01-01 00:00:00 +0000 UTC 2018-09-17 07:21:51 +0000 UTC  } {Ready True 0001-01-01 00:00:00 +0000 UTC 2018-09-17 07:21:54 +0000 UTC  } {ContainersReady True 0001-01-01 00:00:00 +0000 UTC 0001-01-01 00:00:00 +0000 UTC  } {PodScheduled True 0001-01-01 00:00:00 +0000 UTC 2018-09-17 07:19:15 +0000 UTC  }]&#xA;Sep 19 07:40:31.935: INFO: vulnerability-advisor-minio-cleaner-1537228740-55f4w             10.46.6.172  Succeeded         [{Initialized True 0001-01-01 00:00:00 +0000 UTC 2018-09-17 23:59:03 +0000 UTC PodCompleted } {Ready False 0001-01-01 00:00:00 +0000 UTC 2018-09-17 23:59:42 +0000 UTC PodCompleted } {ContainersReady False 0001-01-01 00:00:00 +0000 UTC 0001-01-01 00:00:00 +0000 UTC PodCompleted } {PodScheduled True 0001-01-01 00:00:00 +0000 UTC 2018-09-17 23:59:03 +0000 UTC  }]&#xA;Sep 19 07:40:31.935: INFO: vulnerability-advisor-minio-cleaner-1537315140-nqk7v             10.46.6.172  Succeeded         [{Initialized True 0001-01-01 00:00:00 +0000 UTC 2018-09-18 23:59:04 +0000 UTC PodCompleted } {Ready False 0001-01-01 00:00:00 +0000 UTC 2018-09-19 00:00:52 +0000 UTC PodCompleted } {ContainersReady False 0001-01-01 00:00:00 +0000 UTC 0001-01-01 00:00:00 +0000 UTC PodCompleted } {PodScheduled True 0001-01-01 00:00:00 +0000 UTC 2018-09-18 23:59:04 +0000 UTC  }]&#xA;Sep 19 07:40:31.935: INFO: vulnerability-advisor-notification-dispatcher-86f8bf4b4d-cfdzb   10.46.6.172  Running           [{Initialized True 0001-01-01 00:00:00 +0000 UTC 2018-09-17 07:19:04 +0000 UTC  } {Ready True 0001-01-01 00:00:00 +0000 UTC 2018-09-17 07:20:31 +0000 UTC  } {ContainersReady True 0001-01-01 00:00:00 +0000 UTC 0001-01-01 00:00:00 +0000 UTC  } {PodScheduled True 0001-01-01 00:00:00 +0000 UTC 2018-09-17 07:19:04 +0000 UTC  }]&#xA;Sep 19 07:40:31.935: INFO: vulnerability-advisor-password-annotator-79b5d794b5-wnwqn        10.46.6.172  Running           [{Initialized True 0001-01-01 00:00:00 +0000 UTC 2018-09-17 07:19:05 +0000 UTC  } {Ready True 0001-01-01 00:00:00 +0000 UTC 2018-09-17 07:20:29 +0000 UTC  } {ContainersReady True 0001-01-01 00:00:00 +0000 UTC 0001-01-01 00:00:00 +0000 UTC  } {PodScheduled True 0001-01-01 00:00:00 +0000 UTC 2018-09-17 07:19:04 +0000 UTC  }]&#xA;Sep 19 07:40:31.935: INFO: vulnerability-advisor-process-ma-annotator-58f47d5b5f-4wglg      10.46.6.172  Running           [{Initialized True 0001-01-01 00:00:00 +0000 UTC 2018-09-17 07:19:06 +0000 UTC  } {Ready True 0001-01-01 00:00:00 +0000 UTC 2018-09-17 07:20:56 +0000 UTC  } {ContainersReady True 0001-01-01 00:00:00 +0000 UTC 0001-01-01 00:00:00 +0000 UTC  } {PodScheduled True 0001-01-01 00:00:00 +0000 UTC 2018-09-17 07:19:05 +0000 UTC  }]&#xA;Sep 19 07:40:31.935: INFO: vulnerability-advisor-process-ma-annotator-58f47d5b5f-xbxrc      10.46.6.172  Running           [{Initialized True 0001-01-01 00:00:00 +0000 UTC 2018-09-17 07:19:06 +0000 UTC  } {Ready True 0001-01-01 00:00:00 +0000 UTC 2018-09-17 07:21:50 +0000 UTC  } {ContainersReady True 0001-01-01 00:00:00 +0000 UTC 0001-01-01 00:00:00 +0000 UTC  } {PodScheduled True 0001-01-01 00:00:00 +0000 UTC 2018-09-17 07:19:05 +0000 UTC  }]&#xA;Sep 19 07:40:31.935: INFO: vulnerability-advisor-process-ma-annotator-init-869545d547nn27w  10.46.6.172  Running           [{Initialized True 0001-01-01 00:00:00 +0000 UTC 2018-09-17 07:19:06 +0000 UTC  } {Ready True 0001-01-01 00:00:00 +0000 UTC 2018-09-17 07:19:42 +0000 UTC  } {ContainersReady True 0001-01-01 00:00:00 +0000 UTC 0001-01-01 00:00:00 +0000 UTC  } {PodScheduled True 0001-01-01 00:00:00 +0000 UTC 2018-09-17 07:19:05 +0000 UTC  }]&#xA;Sep 19 07:40:31.935: INFO: vulnerability-advisor-process-ma-crawler-24z6k                   10.46.6.172  Running           [{Initialized True 0001-01-01 00:00:00 +0000 UTC 2018-09-17 07:19:03 +0000 UTC  } {Ready True 0001-01-01 00:00:00 +0000 UTC 2018-09-17 07:19:32 +0000 UTC  } {ContainersReady True 0001-01-01 00:00:00 +0000 UTC 0001-01-01 00:00:00 +0000 UTC  } {PodScheduled True 0001-01-01 00:00:00 +0000 UTC 2018-09-17 07:19:03 +0000 UTC  }]&#xA;Sep 19 07:40:31.935: INFO: vulnerability-advisor-process-ma-crawler-5g4zk                   10.46.6.170  Running           [{Initialized True 0001-01-01 00:00:00 +0000 UTC 2018-09-17 07:19:03 +0000 UTC  } {Ready True 0001-01-01 00:00:00 +0000 UTC 2018-09-17 07:19:16 +0000 UTC  } {ContainersReady True 0001-01-01 00:00:00 +0000 UTC 0001-01-01 00:00:00 +0000 UTC  } {PodScheduled True 0001-01-01 00:00:00 +0000 UTC 2018-09-17 07:19:03 +0000 UTC  }]&#xA;Sep 19 07:40:31.935: INFO: vulnerability-advisor-process-ma-crawler-96728                   10.46.6.173  Running           [{Initialized True 0001-01-01 00:00:00 +0000 UTC 2018-09-17 07:19:03 +0000 UTC  } {Ready True 0001-01-01 00:00:00 +0000 UTC 2018-09-17 07:19:23 +0000 UTC  } {ContainersReady True 0001-01-01 00:00:00 +0000 UTC 0001-01-01 00:00:00 +0000 UTC  } {PodScheduled True 0001-01-01 00:00:00 +0000 UTC 2018-09-17 07:19:03 +0000 UTC  }]&#xA;Sep 19 07:40:31.935: INFO: vulnerability-advisor-process-ma-crawler-b7k2d                   10.46.6.171  Running           [{Initialized True 0001-01-01 00:00:00 +0000 UTC 2018-09-17 07:19:03 +0000 UTC  } {Ready True 0001-01-01 00:00:00 +0000 UTC 2018-09-17 07:19:13 +0000 UTC  } {ContainersReady True 0001-01-01 00:00:00 +0000 UTC 0001-01-01 00:00:00 +0000 UTC  } {PodScheduled True 0001-01-01 00:00:00 +0000 UTC 2018-09-17 07:19:03 +0000 UTC  }]&#xA;Sep 19 07:40:31.935: INFO: vulnerability-advisor-registry-crawler-6f9568677b-bfpm6          10.46.6.172  Running           [{Initialized True 0001-01-01 00:00:00 +0000 UTC 2018-09-17 07:19:08 +0000 UTC  } {Ready True 0001-01-01 00:00:00 +0000 UTC 2018-09-17 07:19:48 +0000 UTC  } {ContainersReady True 0001-01-01 00:00:00 +0000 UTC 0001-01-01 00:00:00 +0000 UTC  } {PodScheduled True 0001-01-01 00:00:00 +0000 UTC 2018-09-17 07:19:07 +0000 UTC  }]&#xA;Sep 19 07:40:31.935: INFO: vulnerability-advisor-rootkit-annotator-74cb65b5cf-2dk5j         10.46.6.172  Running           [{Initialized True 0001-01-01 00:00:00 +0000 UTC 2018-09-17 07:19:08 +0000 UTC  } {Ready True 0001-01-01 00:00:00 +0000 UTC 2018-09-17 07:20:26 +0000 UTC  } {ContainersReady True 0001-01-01 00:00:00 +0000 UTC 0001-01-01 00:00:00 +0000 UTC  } {PodScheduled True 0001-01-01 00:00:00 +0000 UTC 2018-09-17 07:19:07 +0000 UTC  }]&#xA;Sep 19 07:40:31.935: INFO: vulnerability-advisor-rootkit-indexer-cd8b4646b-xlhwq            10.46.6.172  Running           [{Initialized True 0001-01-01 00:00:00 +0000 UTC 2018-09-17 07:19:07 +0000 UTC  } {Ready True 0001-01-01 00:00:00 +0000 UTC 2018-09-17 07:19:26 +0000 UTC  } {ContainersReady True 0001-01-01 00:00:00 +0000 UTC 0001-01-01 00:00:00 +0000 UTC  } {PodScheduled True 0001-01-01 00:00:00 +0000 UTC 2018-09-17 07:19:06 +0000 UTC  }]&#xA;Sep 19 07:40:31.935: INFO: vulnerability-advisor-sas-apiserver-5fd8d44bc9-7bvkn             10.46.6.172  Running           [{Initialized True 0001-01-01 00:00:00 +0000 UTC 2018-09-17 07:19:09 +0000 UTC  } {Ready True 0001-01-01 00:00:00 +0000 UTC 2018-09-17 07:20:03 +0000 UTC  } {ContainersReady True 0001-01-01 00:00:00 +0000 UTC 0001-01-01 00:00:00 +0000 UTC  } {PodScheduled True 0001-01-01 00:00:00 +0000 UTC 2018-09-17 07:19:08 +0000 UTC  }]&#xA;Sep 19 07:40:31.935: INFO: vulnerability-advisor-sas-mgmt-64fb95bc44-j9vjc                  10.46.6.172  Running           [{Initialized True 0001-01-01 00:00:00 +0000 UTC 2018-09-17 07:19:08 +0000 UTC  } {Ready True 0001-01-01 00:00:00 +0000 UTC 2018-09-17 07:19:39 +0000 UTC  } {ContainersReady True 0001-01-01 00:00:00 +0000 UTC 0001-01-01 00:00:00 +0000 UTC  } {PodScheduled True 0001-01-01 00:00:00 +0000 UTC 2018-09-17 07:19:08 +0000 UTC  }]&#xA;Sep 19 07:40:31.935: INFO: vulnerability-advisor-secconfig-annotator-7dbcf5d9f4-fkmkb       10.46.6.172  Running           [{Initialized True 0001-01-01 00:00:00 +0000 UTC 2018-09-17 07:19:10 +0000 UTC  } {Ready True 0001-01-01 00:00:00 +0000 UTC 2018-09-17 07:19:45 +0000 UTC  } {ContainersReady True 0001-01-01 00:00:00 +0000 UTC 0001-01-01 00:00:00 +0000 UTC  } {PodScheduled True 0001-01-01 00:00:00 +0000 UTC 2018-09-17 07:19:08 +0000 UTC  }]&#xA;Sep 19 07:40:31.935: INFO: vulnerability-advisor-secconfig-indexer-674647df7c-qq5ff         10.46.6.172  Running           [{Initialized True 0001-01-01 00:00:00 +0000 UTC 2018-09-17 07:19:07 +0000 UTC  } {Ready True 0001-01-01 00:00:00 +0000 UTC 2018-09-17 07:19:33 +0000 UTC  } {ContainersReady True 0001-01-01 00:00:00 +0000 UTC 0001-01-01 00:00:00 +0000 UTC  } {PodScheduled True 0001-01-01 00:00:00 +0000 UTC 2018-09-17 07:19:06 +0000 UTC  }]&#xA;Sep 19 07:40:31.935: INFO: vulnerability-advisor-statsd-7746859df4-jjm6f                    10.46.6.172  Running           [{Initialized True 0001-01-01 00:00:00 +0000 UTC 2018-09-17 07:19:10 +0000 UTC  } {Ready True 0001-01-01 00:00:00 +0000 UTC 2018-09-17 07:19:38 +0000 UTC  } {ContainersReady True 0001-01-01 00:00:00 +0000 UTC 0001-01-01 00:00:00 +0000 UTC  } {PodScheduled True 0001-01-01 00:00:00 +0000 UTC 2018-09-17 07:19:09 +0000 UTC  }]&#xA;Sep 19 07:40:31.935: INFO: vulnerability-advisor-usncrawler-8h976                           10.46.6.172  Succeeded         [{Initialized True 0001-01-01 00:00:00 +0000 UTC 2018-09-17 07:19:11 +0000 UTC PodCompleted } {Ready False 0001-01-01 00:00:00 +0000 UTC 2018-09-17 07:24:06 +0000 UTC PodCompleted } {ContainersReady False 0001-01-01 00:00:00 +0000 UTC 0001-01-01 00:00:00 +0000 UTC PodCompleted } {PodScheduled True 0001-01-01 00:00:00 +0000 UTC 2018-09-17 07:19:11 +0000 UTC  }]&#xA;Sep 19 07:40:31.935: INFO: vulnerability-advisor-vulnerability-annotator-bcbf5595f-hxwst    10.46.6.172  Running           [{Initialized True 0001-01-01 00:00:00 +0000 UTC 2018-09-17 07:19:10 +0000 UTC  } {Ready True 0001-01-01 00:00:00 +0000 UTC 2018-09-17 07:20:29 +0000 UTC  } {ContainersReady True 0001-01-01 00:00:00 +0000 UTC 0001-01-01 00:00:00 +0000 UTC  } {PodScheduled True 0001-01-01 00:00:00 +0000 UTC 2018-09-17 07:19:09 +0000 UTC  }]&#xA;Sep 19 07:40:31.935: INFO: vulnerability-advisor-vulnerability-indexer-7c79b4c964-2n8cg     10.46.6.172  Running           [{Initialized True 0001-01-01 00:00:00 +0000 UTC 2018-09-17 07:19:07 +0000 UTC  } {Ready True 0001-01-01 00:00:00 +0000 UTC 2018-09-17 07:19:37 +0000 UTC  } {ContainersReady True 0001-01-01 00:00:00 +0000 UTC 0001-01-01 00:00:00 +0000 UTC  } {PodScheduled True 0001-01-01 00:00:00 +0000 UTC 2018-09-17 07:19:06 +0000 UTC  }]&#xA;Sep 19 07:40:31.935: INFO: vulnerability-advisor-zookeeper-0                                10.46.6.172  Running           [{Initialized True 0001-01-01 00:00:00 +0000 UTC 2018-09-17 07:19:15 +0000 UTC  } {Ready True 0001-01-01 00:00:00 +0000 UTC 2018-09-17 07:20:10 +0000 UTC  } {ContainersReady True 0001-01-01 00:00:00 +0000 UTC 0001-01-01 00:00:00 +0000 UTC  } {PodScheduled True 0001-01-01 00:00:00 +0000 UTC 2018-09-17 07:19:14 +0000 UTC  }]&#xA;Sep 19 07:40:31.935: INFO: &#xA;Sep 19 07:40:31.942: INFO: &#xA;Logging node info for node 10.46.6.170&#xA;Sep 19 07:40:31.946: INFO: Node Info: &amp;Node{ObjectMeta:k8s_io_apimachinery_pkg_apis_meta_v1.ObjectMeta{Name:10.46.6.170,GenerateName:,Namespace:,SelfLink:/api/v1/nodes/10.46.6.170,UID:0c4508eb-ba48-11e8-b20e-fa163e707b2e,ResourceVersion:457773,Generation:0,CreationTimestamp:2018-09-17 07:05:24 +0000 UTC,DeletionTimestamp:&lt;nil&gt;,DeletionGracePeriodSeconds:nil,Labels:map[string]string{beta.kubernetes.io/arch: amd64,beta.kubernetes.io/os: linux,kubernetes.io/hostname: 10.46.6.170,node-role.kubernetes.io/worker: true,},Annotations:map[string]string{node.alpha.kubernetes.io/ttl: 0,volumes.kubernetes.io/controller-managed-attach-detach: true,},OwnerReferences:[],Finalizers:[],ClusterName:,Initializers:nil,},Spec:NodeSpec{PodCIDR:,DoNotUse_ExternalID:,ProviderID:,Unschedulable:false,Taints:[],ConfigSource:nil,},Status:NodeStatus{Capacity:ResourceList{cpu: {{8 0} {&lt;nil&gt;} 8 DecimalSI},ephemeral-storage: {{107362627584 0} {&lt;nil&gt;} 104846316Ki BinarySI},hugepages-1Gi: {{0 0} {&lt;nil&gt;} 0 DecimalSI},hugepages-2Mi: {{0 0} {&lt;nil&gt;} 0 DecimalSI},memory: {{16825630720 0} {&lt;nil&gt;}  BinarySI},pods: {{80 0} {&lt;nil&gt;} 80 DecimalSI},},Allocatable:ResourceList{cpu: {{8 0} {&lt;nil&gt;} 8 DecimalSI},ephemeral-storage: {{96626364666 0} {&lt;nil&gt;} 96626364666 DecimalSI},hugepages-1Gi: {{0 0} {&lt;nil&gt;} 0 DecimalSI},hugepages-2Mi: {{0 0} {&lt;nil&gt;} 0 DecimalSI},memory: {{16720773120 0} {&lt;nil&gt;}  BinarySI},pods: {{80 0} {&lt;nil&gt;} 80 DecimalSI},},Phase:,Conditions:[{OutOfDisk False 2018-09-19 07:40:29 +0000 UTC 2018-09-17 07:05:24 +0000 UTC KubeletHasSufficientDisk kubelet has sufficient disk space available} {MemoryPressure False 2018-09-19 07:40:29 +0000 UTC 2018-09-17 07:05:24 +0000 UTC KubeletHasSufficientMemory kubelet has sufficient memory available} {DiskPressure False 2018-09-19 07:40:29 +0000 UTC 2018-09-17 07:05:24 +0000 UTC KubeletHasNoDiskPressure kubelet has no disk pressure} {PIDPressure False 2018-09-19 07:40:29 +0000 UTC 2018-09-17 07:05:24 +0000 UTC KubeletHasSufficientPID kubelet has sufficient PID available} {Ready True 2018-09-19 07:40:29 +0000 UTC 2018-09-17 07:06:04 +0000 UTC KubeletReady kubelet is posting ready status}],Addresses:[{InternalIP 10.46.6.170} {Hostname 10.46.6.170}],DaemonEndpoints:NodeDaemonEndpoints{KubeletEndpoint:DaemonEndpoint{Port:10250,},},NodeInfo:NodeSystemInfo{MachineID:52ca0d2c3fb341c79b059a96d10571a6,SystemUUID:B2A91A2D-0576-4E7B-AEBA-AE95FFDDF786,BootID:ae0d54c3-4892-49fd-b5c7-ca2077060a4b,KernelVersion:3.10.0-862.9.1.el7.x86_64,OSImage:Red Hat Enterprise Linux,ContainerRuntimeVersion:docker://18.3.1,KubeletVersion:v1.11.1+icp-ee,KubeProxyVersion:v1.11.1+icp-ee,OperatingSystem:linux,Architecture:amd64,},Images:[{[lzj.icp:8500/ibmcom/live-crawler@sha256:1a648615e7b439f093697f65350262823e6c711c4b21ea81596ced1c28a48133 lzj.icp:8500/ibmcom/live-crawler:1.3.1] 987515538} {[lzj.icp:8500/ibmcom/hyperkube@sha256:9fbddbf2d04354912c8a981395493d250474cb9fa587fa91119e69467078b180 lzj.icp:8500/ibmcom/hyperkube:v1.11.1-ee] 782626408} {[gcr.io/heptio-images/kube-conformance@sha256:5482c7f5f7b874c5c6caec6ddef5406f19a52a2c3a36897cadf0a8f78ab57982 gcr.io/heptio-images/kube-conformance:latest] 532182058} {[open-liberty@sha256:e962af00796d50687a4ac71d5e8ab046696c314b4a84617b0d216b671519df31 open-liberty:latest] 500884023} {[lzj.icp:8500/ibmcom/icp-filebeat@sha256:72669dde64d7ab85bbb9e93428efe548b2693a4eae5168a4705f6e30cd20e584 lzj.icp:8500/ibmcom/icp-filebeat:5.5.1] 317104874} {[lzj.icp:8500/ibmcom/fluentd@sha256:f85a5ffd86438f1a73d04caf6e33ef3474675d9fa0947431f4d0a9602fc981af lzj.icp:8500/ibmcom/fluentd:v1.2.2-icp] 270902701} {[lzj.icp:8500/ibmcom/calico-node@sha256:85a23d8030137d49663d3d82844a61998331606de9fc523dfdd0a75be7fb9828 lzj.icp:8500/ibmcom/calico-node:v3.1.3] 248202699} {[gcr.io/kubernetes-e2e-test-images/jessie-dnsutils-amd64@sha256:9e842e2f77073ec30e2349f9082ec35357a3bf61e12488adc677144295e68c38 gcr.io/kubernetes-e2e-test-images/jessie-dnsutils-amd64:1.0] 195659796} {[lzj.icp:8500/ibmcom/nvidia-device-plugin@sha256:2d57caa41994d1e0b3d952526a651f8da487e068874d1075f915fa48ad969ba6 lzj.icp:8500/ibmcom/nvidia-device-plugin:1.0] 132413452} {[lzj.icp:8500/ibmcom/metering-data-manager@sha256:97803f4458c6f6ca62076cf6958cb8ab98cf9ffed7cd4977550eeaa6db8ead70 lzj.icp:8500/ibmcom/metering-data-manager:3.1.0] 121942877} {[lzj.icp:8500/ibmcom/icp-management-ingress@sha256:259a9d288f5ee4f169c618b6d870b5ae38b954a3bf69f3f392523b1aaa9f4001 lzj.icp:8500/ibmcom/icp-management-ingress:2.2.1] 80410712} {[lzj.icp:8500/ibmcom/calico-cni@sha256:b56c2d3e62bd02f15dd5ec335c25ac81bb39d214e904525227640790686855d7 lzj.icp:8500/ibmcom/calico-cni:v3.1.3] 68849270} {[gcr.io/heptio-images/sonobuoy@sha256:165df6f635ddd0088ed6686e07ffb47f8dd17fdba153f61dbec9aa80c0d2e0b8 gcr.io/heptio-images/sonobuoy:latest gcr.io/heptio-images/sonobuoy:v0.11.6] 33401240} {[gcr.io/kubernetes-e2e-test-images/nettest-amd64@sha256:f2d3eba3ae2043c51389935be4bf41b2b0e60fd7220b9ba9cbc51eceaa74b2b4 gcr.io/kubernetes-e2e-test-images/nettest-amd64:1.0] 27413498} {[lzj.icp:8500/ibmcom/node-exporter@sha256:b24db452b1a0bf46abba095162d0fbc89ea40eeabbfe43ae01dab54107ecff0e lzj.icp:8500/ibmcom/node-exporter:v0.16.0] 22915749} {[gcr.io/kubernetes-e2e-test-images/dnsutils-amd64@sha256:f8eca5c0c2e18b7ee6df876e5587c5885d13c59cb453d93bf51628daf656e4b5 gcr.io/kubernetes-e2e-test-images/dnsutils-amd64:1.0] 9030162} {[gcr.io/kubernetes-e2e-test-images/hostexec-amd64@sha256:e1dadb772c6132e3587fc41b8c07facd81ee7c4e74508891b5d98d45b85462e9 gcr.io/kubernetes-e2e-test-images/hostexec-amd64:1.1] 8490662} {[gcr.io/kubernetes-e2e-test-images/netexec-amd64@sha256:da1c165175d5589ed70384e406a0291b6f76d53fc99e2c31ae23003e11e5bfde gcr.io/kubernetes-e2e-test-images/netexec-amd64:1.0] 6713741} {[gcr.io/kubernetes-e2e-test-images/serve-hostname-amd64@sha256:2dd4032e98a0450d95a0ac71a5e465f542a900812d8c41bc6ca635aed1a5fc91 gcr.io/kubernetes-e2e-test-images/serve-hostname-amd64:1.0] 5470001} {[gcr.io/kubernetes-e2e-test-images/test-webserver-amd64@sha256:8da73e44d6870f86e0e6a87b2e07829470465afbb6febeb900296d99510789ce gcr.io/kubernetes-e2e-test-images/test-webserver-amd64:1.0] 4732240} {[gcr.io/kubernetes-e2e-test-images/mounttest-amd64@sha256:e3e75014e6df02dc21e6fb95f93b989a2ff8a91f36ae88d74eccbabaa21fc211 gcr.io/kubernetes-e2e-test-images/mounttest-amd64:1.0] 1563521} {[gcr.io/kubernetes-e2e-test-images/mounttest-user-amd64@sha256:1ac490f1442cad4b1c886527470393c71302cc62f5e3304fb08854403cbc68dc gcr.io/kubernetes-e2e-test-images/mounttest-user-amd64:1.0] 1450451} {[busybox@sha256:cb63aa0641a885f54de20f61d152187419e8f6b159ed11a251a09d115fdff9bd busybox:latest] 1162769} {[lzj.icp:8500/ibmcom/pause@sha256:8a18035491d4fbbe481be5eac11819315ec94677ab465608d052d87b3cdcff7f lzj.icp:8500/ibmcom/pause:3.1] 742472}],VolumesInUse:[],VolumesAttached:[],Config:&amp;NodeConfigStatus{Assigned:nil,Active:nil,LastKnownGood:nil,Error:,},},}&#xA;Sep 19 07:40:31.947: INFO: &#xA;Logging kubelet events for node 10.46.6.170&#xA;Sep 19 07:40:31.950: INFO: &#xA;Logging pods the kubelet thinks is on node 10.46.6.170&#xA;Sep 19 07:40:31.961: INFO: logging-elk-filebeat-ds-jtd5q started at 2018-09-17 07:15:20 +0000 UTC (0+1 container statuses recorded)&#xA;Sep 19 07:40:31.961: INFO: &#x9;Container filebeat ready: true, restart count 0&#xA;Sep 19 07:40:31.961: INFO: sonobuoy started at 2018-09-19 07:22:02 +0000 UTC (0+1 container statuses recorded)&#xA;Sep 19 07:40:31.961: INFO: &#x9;Container kube-sonobuoy ready: true, restart count 0&#xA;Sep 19 07:40:31.961: INFO: nvidia-device-plugin-9h2k4 started at 2018-09-17 07:07:17 +0000 UTC (1+1 container statuses recorded)&#xA;Sep 19 07:40:31.961: INFO: &#x9;Init container nvidia-driver-collector ready: true, restart count 0&#xA;Sep 19 07:40:31.961: INFO: &#x9;Container nvidia-device-plugin ready: true, restart count 0&#xA;Sep 19 07:40:31.961: INFO: metering-reader-44wd7 started at 2018-09-17 07:14:11 +0000 UTC (1+1 container statuses recorded)&#xA;Sep 19 07:40:31.961: INFO: &#x9;Init container metering-reader-init ready: true, restart count 1&#xA;Sep 19 07:40:31.961: INFO: &#x9;Container metering-reader ready: true, restart count 0&#xA;Sep 19 07:40:31.961: INFO: vulnerability-advisor-live-crawler-ccxd7 started at 2018-09-17 07:19:03 +0000 UTC (0+1 container statuses recorded)&#xA;Sep 19 07:40:31.961: INFO: &#x9;Container live-crawler ready: true, restart count 0&#xA;Sep 19 07:40:31.961: INFO: sonobuoy-e2e-job-c3f9b53ea97c48a2 started at 2018-09-19 07:22:08 +0000 UTC (0+2 container statuses recorded)&#xA;Sep 19 07:40:31.961: INFO: &#x9;Container e2e ready: true, restart count 0&#xA;Sep 19 07:40:31.961: INFO: &#x9;Container sonobuoy-worker ready: true, restart count 0&#xA;Sep 19 07:40:31.961: INFO: monitoring-prometheus-nodeexporter-tpbc8 started at 2018-09-17 07:15:44 +0000 UTC (0+2 container statuses recorded)&#xA;Sep 19 07:40:31.961: INFO: &#x9;Container nodeexporter ready: true, restart count 0&#xA;Sep 19 07:40:31.961: INFO: &#x9;Container router ready: true, restart count 0&#xA;Sep 19 07:40:31.961: INFO: audit-logging-fluentd-ds-4cgnk started at 2018-09-17 07:18:46 +0000 UTC (0+1 container statuses recorded)&#xA;Sep 19 07:40:31.961: INFO: &#x9;Container fluentd ready: true, restart count 0&#xA;Sep 19 07:40:31.961: INFO: vulnerability-advisor-process-ma-crawler-5g4zk started at 2018-09-17 07:19:03 +0000 UTC (0+1 container statuses recorded)&#xA;Sep 19 07:40:31.961: INFO: &#x9;Container process-ma-crawler ready: true, restart count 0&#xA;Sep 19 07:40:31.961: INFO: my-ibm-open-liberty-ibm-7f7d9778d7-7t5jc started at 2018-09-17 08:22:24 +0000 UTC (0+1 container statuses recorded)&#xA;Sep 19 07:40:31.961: INFO: &#x9;Container ibm-open-liberty ready: true, restart count 0&#xA;Sep 19 07:40:31.961: INFO: k8s-proxy-10.46.6.170 started at &lt;nil&gt; (0+0 container statuses recorded)&#xA;Sep 19 07:40:31.961: INFO: calico-node-htf97 started at 2018-09-17 07:05:53 +0000 UTC (0+2 container statuses recorded)&#xA;Sep 19 07:40:31.961: INFO: &#x9;Container calico-node ready: true, restart count 0&#xA;Sep 19 07:40:31.961: INFO: &#x9;Container install-cni ready: true, restart count 0&#xA;Sep 19 07:40:32.052: INFO: &#xA;Latency metrics for node 10.46.6.170&#xA;Sep 19 07:40:32.052: INFO: &#xA;Logging node info for node 10.46.6.171&#xA;Sep 19 07:40:32.057: INFO: Node Info: &amp;Node{ObjectMeta:k8s_io_apimachinery_pkg_apis_meta_v1.ObjectMeta{Name:10.46.6.171,GenerateName:,Namespace:,SelfLink:/api/v1/nodes/10.46.6.171,UID:0c79152a-ba48-11e8-b20e-fa163e707b2e,ResourceVersion:457759,Generation:0,CreationTimestamp:2018-09-17 07:05:24 +0000 UTC,DeletionTimestamp:&lt;nil&gt;,DeletionGracePeriodSeconds:nil,Labels:map[string]string{beta.kubernetes.io/arch: amd64,beta.kubernetes.io/os: linux,kubernetes.io/hostname: 10.46.6.171,management: true,node-role.kubernetes.io/management: true,},Annotations:map[string]string{node.alpha.kubernetes.io/ttl: 0,volumes.kubernetes.io/controller-managed-attach-detach: true,},OwnerReferences:[],Finalizers:[],ClusterName:,Initializers:nil,},Spec:NodeSpec{PodCIDR:,DoNotUse_ExternalID:,ProviderID:,Unschedulable:false,Taints:[{dedicated management NoSchedule &lt;nil&gt;}],ConfigSource:nil,},Status:NodeStatus{Capacity:ResourceList{cpu: {{8 0} {&lt;nil&gt;} 8 DecimalSI},ephemeral-storage: {{107362627584 0} {&lt;nil&gt;} 104846316Ki BinarySI},hugepages-1Gi: {{0 0} {&lt;nil&gt;} 0 DecimalSI},hugepages-2Mi: {{0 0} {&lt;nil&gt;} 0 DecimalSI},memory: {{16825630720 0} {&lt;nil&gt;}  BinarySI},pods: {{80 0} {&lt;nil&gt;} 80 DecimalSI},},Allocatable:ResourceList{cpu: {{8 0} {&lt;nil&gt;} 8 DecimalSI},ephemeral-storage: {{107257769984 0} {&lt;nil&gt;} 104743916Ki BinarySI},hugepages-1Gi: {{0 0} {&lt;nil&gt;} 0 DecimalSI},hugepages-2Mi: {{0 0} {&lt;nil&gt;} 0 DecimalSI},memory: {{16720773120 0} {&lt;nil&gt;}  BinarySI},pods: {{80 0} {&lt;nil&gt;} 80 DecimalSI},},Phase:,Conditions:[{OutOfDisk False 2018-09-19 07:40:27 +0000 UTC 2018-09-17 07:05:24 +0000 UTC KubeletHasSufficientDisk kubelet has sufficient disk space available} {MemoryPressure False 2018-09-19 07:40:27 +0000 UTC 2018-09-17 07:05:24 +0000 UTC KubeletHasSufficientMemory kubelet has sufficient memory available} {DiskPressure False 2018-09-19 07:40:27 +0000 UTC 2018-09-17 07:05:24 +0000 UTC KubeletHasNoDiskPressure kubelet has no disk pressure} {PIDPressure False 2018-09-19 07:40:27 +0000 UTC 2018-09-17 07:05:24 +0000 UTC KubeletHasSufficientPID kubelet has sufficient PID available} {Ready True 2018-09-19 07:40:27 +0000 UTC 2018-09-17 07:06:05 +0000 UTC KubeletReady kubelet is posting ready status}],Addresses:[{InternalIP 10.46.6.171} {Hostname 10.46.6.171}],DaemonEndpoints:NodeDaemonEndpoints{KubeletEndpoint:DaemonEndpoint{Port:10250,},},NodeInfo:NodeSystemInfo{MachineID:52ca0d2c3fb341c79b059a96d10571a6,SystemUUID:00401CD1-AB88-4341-9CDC-C9648BFB2B56,BootID:706dbc67-f432-47c3-840e-f599801336c8,KernelVersion:3.10.0-862.9.1.el7.x86_64,OSImage:Red Hat Enterprise Linux,ContainerRuntimeVersion:docker://18.3.1,KubeletVersion:v1.11.1+icp-ee,KubeProxyVersion:v1.11.1+icp-ee,OperatingSystem:linux,Architecture:amd64,},Images:[{[lzj.icp:8500/ibmcom/live-crawler@sha256:1a648615e7b439f093697f65350262823e6c711c4b21ea81596ced1c28a48133 lzj.icp:8500/ibmcom/live-crawler:1.3.1] 987515538} {[lzj.icp:8500/ibmcom/hyperkube@sha256:9fbddbf2d04354912c8a981395493d250474cb9fa587fa91119e69467078b180 lzj.icp:8500/ibmcom/hyperkube:v1.11.1-ee] 782626408} {[lzj.icp:8500/ibmcom/icp-logstash@sha256:a182a00827aefe7f5f95b18fa1ec8f6897989290b37f3d98bd6440ddda796433 lzj.icp:8500/ibmcom/icp-logstash:5.5.1] 764906887} {[lzj.icp:8500/ibmcom/icp-kibana@sha256:6e2746da64a64f98c5761b87d5e185a9c2ac75c9c4e767ab284062b1847b7571 lzj.icp:8500/ibmcom/icp-kibana:5.5.1] 639622018} {[lzj.icp:8500/ibmcom/icp-elasticsearch@sha256:b410aacb6005fe24bfd87b045ea26fde3d6eb3ca52c3f0e4560cdc208944ba50 lzj.icp:8500/ibmcom/icp-elasticsearch:5.5.1] 520121248} {[lzj.icp:8500/ibmcom/logging-pki-init@sha256:21aa9cbd05a849b4891b15cf636f73545f6001f16c82f8eeed2e90b4f9312377 lzj.icp:8500/ibmcom/logging-pki-init:2.0.0] 501921135} {[lzj.icp:8500/ibmcom/searchguard-init@sha256:3d0d8a8404a9df5ad238bce1e0542cdda609cc445dfc3964952243d9fc103276 lzj.icp:8500/ibmcom/searchguard-init:2.0.0] 457030441} {[lzj.icp:8500/ibmcom/metering-ui@sha256:d6453f9afecc9b1fc778c195e20bbb39d4ef6262af2f7a9a5ce3cddc259fec99 lzj.icp:8500/ibmcom/metering-ui:3.1.0] 385577105} {[lzj.icp:8500/ibmcom/icp-filebeat@sha256:72669dde64d7ab85bbb9e93428efe548b2693a4eae5168a4705f6e30cd20e584 lzj.icp:8500/ibmcom/icp-filebeat:5.5.1] 317104874} {[lzj.icp:8500/ibmcom/fluentd@sha256:f85a5ffd86438f1a73d04caf6e33ef3474675d9fa0947431f4d0a9602fc981af lzj.icp:8500/ibmcom/fluentd:v1.2.2-icp] 270902701} {[lzj.icp:8500/ibmcom/elasticsearch-plugin-searchguard@sha256:f47116021e3eec7b2fed9f6ed8bd77fd890457e5a1546dda7f863c032d4395b1 lzj.icp:8500/ibmcom/elasticsearch-plugin-searchguard:2.0.0] 267864279} {[lzj.icp:8500/ibmcom/calico-node@sha256:85a23d8030137d49663d3d82844a61998331606de9fc523dfdd0a75be7fb9828 lzj.icp:8500/ibmcom/calico-node:v3.1.3] 248202699} {[lzj.icp:8500/ibmcom/grafana@sha256:5d2739d3ec5c7f6ea66d69caa918b764660b99a3d37cb1f4123f1a9623ce8e38 lzj.icp:8500/ibmcom/grafana:5.2.0] 245297582} {[lzj.icp:8500/ibmcom/indices-cleaner@sha256:31dac3be1246f17dddade06b517c073244ce56d85bc54135fdaf010dbb0bca10 lzj.icp:8500/ibmcom/indices-cleaner:1.0.0] 238131553} {[lzj.icp:8500/ibmcom/curl@sha256:adf92a267e351914d041a56d64ebe80331c45f8e20ab23b7ada67bea78da9996 lzj.icp:8500/ibmcom/curl:4.0.0] 221192597} {[lzj.icp:8500/ibmcom/nvidia-device-plugin@sha256:2d57caa41994d1e0b3d952526a651f8da487e068874d1075f915fa48ad969ba6 lzj.icp:8500/ibmcom/nvidia-device-plugin:1.0] 132413452} {[lzj.icp:8500/ibmcom/metering-data-manager@sha256:97803f4458c6f6ca62076cf6958cb8ab98cf9ffed7cd4977550eeaa6db8ead70 lzj.icp:8500/ibmcom/metering-data-manager:3.1.0] 121942877} {[lzj.icp:8500/ibmcom/prometheus@sha256:91cba3cbf7a61499969a8a5a27347830ed1740b2285de9ac31e231e7ce44deb7 lzj.icp:8500/ibmcom/prometheus:v2.3.1] 118818909} {[lzj.icp:8500/ibmcom/icp-management-ingress@sha256:259a9d288f5ee4f169c618b6d870b5ae38b954a3bf69f3f392523b1aaa9f4001 lzj.icp:8500/ibmcom/icp-management-ingress:2.2.1] 80410712} {[lzj.icp:8500/ibmcom/calico-cni@sha256:b56c2d3e62bd02f15dd5ec335c25ac81bb39d214e904525227640790686855d7 lzj.icp:8500/ibmcom/calico-cni:v3.1.3] 68849270} {[lzj.icp:8500/ibmcom/k8s-prometheus-adapter@sha256:cf7f0c35ff0a0ec9cf743ef87e4c951f74d3fd0b4b97925784cc857565b4d7ba lzj.icp:8500/ibmcom/k8s-prometheus-adapter:v0.2.1.1] 52134773} {[lzj.icp:8500/ibmcom/metrics-server@sha256:973b5dd33165e4856f22a9f48a9b7f5bd2f01399d6479c46212ea92336a9ca40 lzj.icp:8500/ibmcom/metrics-server:v0.2.1.1] 42541759} {[lzj.icp:8500/ibmcom/ibmcloud-image-enforcement@sha256:d29efeb868c054eead02eec72c86f690c4a8c81b95f99f22bbc873644b090e99 lzj.icp:8500/ibmcom/ibmcloud-image-enforcement:0.2.0] 40040099} {[lzj.icp:8500/ibmcom/alertmanager@sha256:f3e7d379040499e05c1377862cc8a74cd5ffed2a175bf62fc18dc07b98d6ab00 lzj.icp:8500/ibmcom/alertmanager:v0.15.0] 36095602} {[lzj.icp:8500/ibmcom/kube-state-metrics@sha256:6a574d2e4a7338abdd3d0b85dd2510cbf046cd09a70505b99513feee42d00559 lzj.icp:8500/ibmcom/kube-state-metrics:v1.3.0] 35646776} {[lzj.icp:8500/ibmcom/node-exporter@sha256:b24db452b1a0bf46abba095162d0fbc89ea40eeabbfe43ae01dab54107ecff0e lzj.icp:8500/ibmcom/node-exporter:v0.16.0] 22915749} {[lzj.icp:8500/ibmcom/configmap-reload@sha256:77a4ede137dd4980fe02c70ad189bf7b89dd1a9e134c0fe4475842fe8948f6a9 lzj.icp:8500/ibmcom/configmap-reload:v0.2.2] 22381476} {[lzj.icp:8500/ibmcom/collectd-exporter@sha256:0ef0cfb0a60f66046851bfafbfa1913814c7a4967e4e7561ce5111186338f6d9 lzj.icp:8500/ibmcom/collectd-exporter:v0.4.0] 13695364} {[lzj.icp:8500/ibmcom/elasticsearch-exporter@sha256:27806a00f45314a1c06af096236004020a98202edbbce81d993aadfaca0c66a0 lzj.icp:8500/ibmcom/elasticsearch-exporter:1.0.2] 9202086} {[lzj.icp:8500/ibmcom/icp-initcontainer@sha256:c1b9397380303cfc23505576a19859c7e26936f80a26bb4fae95ef68e7775de8 lzj.icp:8500/ibmcom/icp-initcontainer:1.0.0] 3965926} {[lzj.icp:8500/ibmcom/pause@sha256:8a18035491d4fbbe481be5eac11819315ec94677ab465608d052d87b3cdcff7f lzj.icp:8500/ibmcom/pause:3.1] 742472}],VolumesInUse:[],VolumesAttached:[],Config:&amp;NodeConfigStatus{Assigned:nil,Active:nil,LastKnownGood:nil,Error:,},},}&#xA;Sep 19 07:40:32.057: INFO: &#xA;Logging kubelet events for node 10.46.6.171&#xA;Sep 19 07:40:32.060: INFO: &#xA;Logging pods the kubelet thinks is on node 10.46.6.171&#xA;Sep 19 07:40:32.092: INFO: metrics-server-6d6695f9db-8t4xs started at 2018-09-17 07:08:51 +0000 UTC (0+1 container statuses recorded)&#xA;Sep 19 07:40:32.092: INFO: &#x9;Container metrics-server ready: true, restart count 0&#xA;Sep 19 07:40:32.092: INFO: metering-dm-8b475fc57-cmm6h started at 2018-09-17 07:14:12 +0000 UTC (1+1 container statuses recorded)&#xA;Sep 19 07:40:32.092: INFO: &#x9;Init container metering-dm-init ready: true, restart count 0&#xA;Sep 19 07:40:32.092: INFO: &#x9;Container metering-dm ready: true, restart count 0&#xA;Sep 19 07:40:32.092: INFO: logging-elk-data-0 started at 2018-09-17 07:15:21 +0000 UTC (3+1 container statuses recorded)&#xA;Sep 19 07:40:32.092: INFO: &#x9;Init container chmod ready: true, restart count 0&#xA;Sep 19 07:40:32.092: INFO: &#x9;Init container sysctl ready: true, restart count 0&#xA;Sep 19 07:40:32.092: INFO: &#x9;Init container plugin-bundle ready: true, restart count 0&#xA;Sep 19 07:40:32.092: INFO: &#x9;Container es-data ready: true, restart count 0&#xA;Sep 19 07:40:32.092: INFO: logging-elk-kibana-ff4db4866-s2295 started at 2018-09-17 07:15:21 +0000 UTC (0+2 container statuses recorded)&#xA;Sep 19 07:40:32.092: INFO: &#x9;Container kibana ready: true, restart count 0&#xA;Sep 19 07:40:32.092: INFO: &#x9;Container router ready: true, restart count 0&#xA;Sep 19 07:40:32.092: INFO: monitoring-prometheus-nodeexporter-9fnpb started at 2018-09-17 07:15:44 +0000 UTC (0+2 container statuses recorded)&#xA;Sep 19 07:40:32.092: INFO: &#x9;Container nodeexporter ready: true, restart count 0&#xA;Sep 19 07:40:32.092: INFO: &#x9;Container router ready: true, restart count 0&#xA;Sep 19 07:40:32.092: INFO: monitoring-prometheus-kubestatemetrics-54dcbb6cfb-76zmm started at 2018-09-17 07:15:45 +0000 UTC (0+2 container statuses recorded)&#xA;Sep 19 07:40:32.092: INFO: &#x9;Container kubestatemetrics ready: true, restart count 0&#xA;Sep 19 07:40:32.092: INFO: &#x9;Container router ready: true, restart count 0&#xA;Sep 19 07:40:32.092: INFO: audit-logging-fluentd-ds-bc22k started at 2018-09-17 07:18:46 +0000 UTC (0+1 container statuses recorded)&#xA;Sep 19 07:40:32.092: INFO: &#x9;Container fluentd ready: true, restart count 0&#xA;Sep 19 07:40:32.092: INFO: k8s-proxy-10.46.6.171 started at &lt;nil&gt; (0+0 container statuses recorded)&#xA;Sep 19 07:40:32.092: INFO: custom-metrics-adapter-64f64964b4-f9gmc started at 2018-09-17 07:14:28 +0000 UTC (1+1 container statuses recorded)&#xA;Sep 19 07:40:32.092: INFO: &#x9;Init container init-adapter ready: true, restart count 0&#xA;Sep 19 07:40:32.092: INFO: &#x9;Container custom-metrics-adapter ready: true, restart count 0&#xA;Sep 19 07:40:32.092: INFO: logging-elk-elasticsearch-tls-init-6hnl4 started at 2018-09-17 07:15:20 +0000 UTC (0+1 container statuses recorded)&#xA;Sep 19 07:40:32.092: INFO: &#x9;Container searchguard-init ready: false, restart count 0&#xA;Sep 19 07:40:32.092: INFO: logging-elk-filebeat-ds-bs86r started at 2018-09-17 07:15:20 +0000 UTC (0+1 container statuses recorded)&#xA;Sep 19 07:40:32.092: INFO: &#x9;Container filebeat ready: true, restart count 0&#xA;Sep 19 07:40:32.093: INFO: logging-elk-client-75d4d7994c-7g7fn started at 2018-09-17 07:15:21 +0000 UTC (2+3 container statuses recorded)&#xA;Sep 19 07:40:32.093: INFO: &#x9;Init container sysctl ready: true, restart count 0&#xA;Sep 19 07:40:32.093: INFO: &#x9;Init container plugin-bundle ready: true, restart count 0&#xA;Sep 19 07:40:32.093: INFO: &#x9;Container es-client ready: true, restart count 0&#xA;Sep 19 07:40:32.093: INFO: &#x9;Container indices-cleaner ready: true, restart count 0&#xA;Sep 19 07:40:32.093: INFO: &#x9;Container router ready: true, restart count 0&#xA;Sep 19 07:40:32.093: INFO: monitoring-prometheus-alertmanager-7d8749dbb8-xj68d started at 2018-09-17 07:15:46 +0000 UTC (0+3 container statuses recorded)&#xA;Sep 19 07:40:32.093: INFO: &#x9;Container alertmanager ready: true, restart count 0&#xA;Sep 19 07:40:32.093: INFO: &#x9;Container configmap-reload ready: true, restart count 0&#xA;Sep 19 07:40:32.093: INFO: &#x9;Container router ready: true, restart count 0&#xA;Sep 19 07:40:32.093: INFO: monitoring-prometheus-collectdexporter-77575678dc-v8n2l started at 2018-09-17 07:15:46 +0000 UTC (0+2 container statuses recorded)&#xA;Sep 19 07:40:32.093: INFO: &#x9;Container collectd-exporter ready: true, restart count 0&#xA;Sep 19 07:40:32.093: INFO: &#x9;Container router ready: true, restart count 0&#xA;Sep 19 07:40:32.093: INFO: vulnerability-advisor-live-crawler-xxz8p started at 2018-09-17 07:19:03 +0000 UTC (0+1 container statuses recorded)&#xA;Sep 19 07:40:32.093: INFO: &#x9;Container live-crawler ready: true, restart count 0&#xA;Sep 19 07:40:32.093: INFO: nvidia-device-plugin-vh85n started at 2018-09-17 07:07:17 +0000 UTC (1+1 container statuses recorded)&#xA;Sep 19 07:40:32.093: INFO: &#x9;Init container nvidia-driver-collector ready: true, restart count 0&#xA;Sep 19 07:40:32.093: INFO: &#x9;Container nvidia-device-plugin ready: true, restart count 0&#xA;Sep 19 07:40:32.093: INFO: metering-reader-xq8f2 started at 2018-09-17 07:14:11 +0000 UTC (1+1 container statuses recorded)&#xA;Sep 19 07:40:32.093: INFO: &#x9;Init container metering-reader-init ready: true, restart count 1&#xA;Sep 19 07:40:32.093: INFO: &#x9;Container metering-reader ready: true, restart count 0&#xA;Sep 19 07:40:32.093: INFO: logging-elk-logstash-7994656f46-r89mt started at 2018-09-17 07:15:22 +0000 UTC (0+1 container statuses recorded)&#xA;Sep 19 07:40:32.093: INFO: &#x9;Container logstash ready: true, restart count 0&#xA;Sep 19 07:40:32.093: INFO: monitoring-prometheus-elasticsearchexporter-655864cccb-c6tps started at 2018-09-17 07:15:46 +0000 UTC (0+2 container statuses recorded)&#xA;Sep 19 07:40:32.093: INFO: &#x9;Container elasticsearchexporter ready: true, restart count 0&#xA;Sep 19 07:40:32.093: INFO: &#x9;Container router ready: true, restart count 0&#xA;Sep 19 07:40:32.093: INFO: monitoring-prometheus-6677d7c77f-pnpt5 started at 2018-09-17 07:15:46 +0000 UTC (1+4 container statuses recorded)&#xA;Sep 19 07:40:32.093: INFO: &#x9;Init container init-container ready: true, restart count 0&#xA;Sep 19 07:40:32.093: INFO: &#x9;Container configmap-reload-alertrules ready: true, restart count 0&#xA;Sep 19 07:40:32.093: INFO: &#x9;Container configmap-reload-prometheus ready: true, restart count 0&#xA;Sep 19 07:40:32.093: INFO: &#x9;Container prometheus ready: true, restart count 0&#xA;Sep 19 07:40:32.093: INFO: &#x9;Container router ready: true, restart count 0&#xA;Sep 19 07:40:32.093: INFO: calico-node-gpm2c started at 2018-09-17 07:05:53 +0000 UTC (0+2 container statuses recorded)&#xA;Sep 19 07:40:32.093: INFO: &#x9;Container calico-node ready: true, restart count 0&#xA;Sep 19 07:40:32.093: INFO: &#x9;Container install-cni ready: true, restart count 0&#xA;Sep 19 07:40:32.093: INFO: metering-ui-5bbfbb5d49-wkh8m started at 2018-09-17 07:14:12 +0000 UTC (1+1 container statuses recorded)&#xA;Sep 19 07:40:32.093: INFO: &#x9;Init container metering-ui-init ready: true, restart count 0&#xA;Sep 19 07:40:32.093: INFO: &#x9;Container metering-ui ready: true, restart count 0&#xA;Sep 19 07:40:32.093: INFO: logging-elk-master-6cdcf45f7d-gp28f started at 2018-09-17 07:15:21 +0000 UTC (2+1 container statuses recorded)&#xA;Sep 19 07:40:32.093: INFO: &#x9;Init container sysctl ready: true, restart count 0&#xA;Sep 19 07:40:32.093: INFO: &#x9;Init container plugin-bundle ready: true, restart count 0&#xA;Sep 19 07:40:32.093: INFO: &#x9;Container es-master ready: true, restart count 0&#xA;Sep 19 07:40:32.093: INFO: monitoring-grafana-548b947c8c-dh89z started at 2018-09-17 07:15:46 +0000 UTC (1+2 container statuses recorded)&#xA;Sep 19 07:40:32.093: INFO: &#x9;Init container init-container ready: true, restart count 0&#xA;Sep 19 07:40:32.093: INFO: &#x9;Container grafana ready: true, restart count 0&#xA;Sep 19 07:40:32.093: INFO: &#x9;Container router ready: true, restart count 0&#xA;Sep 19 07:40:32.093: INFO: vulnerability-advisor-process-ma-crawler-b7k2d started at 2018-09-17 07:19:03 +0000 UTC (0+1 container statuses recorded)&#xA;Sep 19 07:40:32.093: INFO: &#x9;Container process-ma-crawler ready: true, restart count 0&#xA;Sep 19 07:40:32.093: INFO: ibmcloud-image-enforcement-76ddccbf9f-kqmlb started at 2018-09-17 07:14:02 +0000 UTC (0+1 container statuses recorded)&#xA;Sep 19 07:40:32.093: INFO: &#x9;Container ibmcloud-image-enforcement ready: true, restart count 0&#xA;Sep 19 07:40:32.154: INFO: &#xA;Latency metrics for node 10.46.6.171&#xA;Sep 19 07:40:32.154: INFO: &#xA;Logging node info for node 10.46.6.172&#xA;Sep 19 07:40:32.159: INFO: Node Info: &amp;Node{ObjectMeta:k8s_io_apimachinery_pkg_apis_meta_v1.ObjectMeta{Name:10.46.6.172,GenerateName:,Namespace:,SelfLink:/api/v1/nodes/10.46.6.172,UID:0c6032ef-ba48-11e8-b20e-fa163e707b2e,ResourceVersion:457786,Generation:0,CreationTimestamp:2018-09-17 07:05:24 +0000 UTC,DeletionTimestamp:&lt;nil&gt;,DeletionGracePeriodSeconds:nil,Labels:map[string]string{beta.kubernetes.io/arch: amd64,beta.kubernetes.io/os: linux,kubernetes.io/hostname: 10.46.6.172,node-role.kubernetes.io/va: true,va: true,},Annotations:map[string]string{node.alpha.kubernetes.io/ttl: 0,volumes.kubernetes.io/controller-managed-attach-detach: true,},OwnerReferences:[],Finalizers:[],ClusterName:,Initializers:nil,},Spec:NodeSpec{PodCIDR:,DoNotUse_ExternalID:,ProviderID:,Unschedulable:false,Taints:[{dedicated va NoSchedule &lt;nil&gt;}],ConfigSource:nil,},Status:NodeStatus{Capacity:ResourceList{cpu: {{8 0} {&lt;nil&gt;} 8 DecimalSI},ephemeral-storage: {{107362627584 0} {&lt;nil&gt;} 104846316Ki BinarySI},hugepages-1Gi: {{0 0} {&lt;nil&gt;} 0 DecimalSI},hugepages-2Mi: {{0 0} {&lt;nil&gt;} 0 DecimalSI},memory: {{16825622528 0} {&lt;nil&gt;}  BinarySI},pods: {{80 0} {&lt;nil&gt;} 80 DecimalSI},},Allocatable:ResourceList{cpu: {{8 0} {&lt;nil&gt;} 8 DecimalSI},ephemeral-storage: {{107257769984 0} {&lt;nil&gt;} 104743916Ki BinarySI},hugepages-1Gi: {{0 0} {&lt;nil&gt;} 0 DecimalSI},hugepages-2Mi: {{0 0} {&lt;nil&gt;} 0 DecimalSI},memory: {{16720764928 0} {&lt;nil&gt;}  BinarySI},pods: {{80 0} {&lt;nil&gt;} 80 DecimalSI},},Phase:,Conditions:[{OutOfDisk False 2018-09-19 07:40:30 +0000 UTC 2018-09-17 07:05:24 +0000 UTC KubeletHasSufficientDisk kubelet has sufficient disk space available} {MemoryPressure False 2018-09-19 07:40:30 +0000 UTC 2018-09-17 07:05:24 +0000 UTC KubeletHasSufficientMemory kubelet has sufficient memory available} {DiskPressure False 2018-09-19 07:40:30 +0000 UTC 2018-09-17 07:05:24 +0000 UTC KubeletHasNoDiskPressure kubelet has no disk pressure} {PIDPressure False 2018-09-19 07:40:30 +0000 UTC 2018-09-17 07:05:24 +0000 UTC KubeletHasSufficientPID kubelet has sufficient PID available} {Ready True 2018-09-19 07:40:30 +0000 UTC 2018-09-17 07:06:04 +0000 UTC KubeletReady kubelet is posting ready status}],Addresses:[{InternalIP 10.46.6.172} {Hostname 10.46.6.172}],DaemonEndpoints:NodeDaemonEndpoints{KubeletEndpoint:DaemonEndpoint{Port:10250,},},NodeInfo:NodeSystemInfo{MachineID:52ca0d2c3fb341c79b059a96d10571a6,SystemUUID:3D48E3C5-99D8-4CA3-9AB5-A8540613166F,BootID:d81d494e-264a-48ce-a4f2-76b16f6ece1f,KernelVersion:3.10.0-862.9.1.el7.x86_64,OSImage:Red Hat Enterprise Linux,ContainerRuntimeVersion:docker://18.3.1,KubeletVersion:v1.11.1+icp-ee,KubeProxyVersion:v1.11.1+icp-ee,OperatingSystem:linux,Architecture:amd64,},Images:[{[lzj.icp:8500/ibmcom/statsd-amd64@sha256:5ee11bc24bced45a77d9d630348680f319c09d9d3b2230b04518d1e2a5263ae2 lzj.icp:8500/ibmcom/statsd@sha256:af7a9d0c4f029d0247da41f67c7e87f3655175962b79a189a6a9ace0ff841049 lzj.icp:8500/ibmcom/statsd-amd64:0.7.2.1 lzj.icp:8500/ibmcom/statsd:0.7.2.1] 1234731808} {[lzj.icp:8500/ibmcom/kafka-amd64@sha256:0d6d348ccd7aa2854d60791331280e58db92029a522c8bfb3eb40c7c0913ca8f lzj.icp:8500/ibmcom/kafka@sha256:f0b4a833c3da439cadb783bb9cb578f96b1328557b8402a98f01c5c21497d93a lzj.icp:8500/ibmcom/kafka-amd64:0.10.0.2 lzj.icp:8500/ibmcom/kafka:0.10.0.2] 1114805679} {[lzj.icp:8500/ibmcom/iam-token-service-amd64@sha256:9211161e5b5b9d892a99b46fad4429333ceb7143b4039419df7ea0efa36381a9 lzj.icp:8500/ibmcom/iam-token-service@sha256:1b9308e68de93b43e9a85c0e005d80d423e88db7d88ee7114a80b2fade7a78ed lzj.icp:8500/ibmcom/iam-token-service-amd64:3.1.0 lzj.icp:8500/ibmcom/iam-token-service:3.1.0] 1051060152} {[lzj.icp:8500/ibmcom/icp-platform-auth-amd64@sha256:abc258009b8696a83214b7a9d9df63f6d83e19cfca2987c4836b0eadfa4c99c7 lzj.icp:8500/ibmcom/icp-platform-auth@sha256:c544b90a099b6c29ba4ee7f2ad4dded1277c948a0826b38ebe3250cdc7d1529c lzj.icp:8500/ibmcom/icp-platform-auth-amd64:3.1.0 lzj.icp:8500/ibmcom/icp-platform-auth:3.1.0] 1028283742} {[lzj.icp:8500/ibmcom/reg-crawler-amd64@sha256:9e5d4ebbac3dd6cbf9f892b5bd634f89fae3d4b2e6a23debd3ecd322e3eb817e lzj.icp:8500/ibmcom/reg-crawler@sha256:a9033d9cb2406d11c616fdfedc9bc56bc4ef970bd0a7b02899b3e5c1b353799b lzj.icp:8500/ibmcom/reg-crawler-amd64:1.3.1 lzj.icp:8500/ibmcom/reg-crawler:1.3.1] 1007817363} {[lzj.icp:8500/ibmcom/live-crawler-amd64@sha256:37a79ec87bd3c8b9af25cf1e25f4f14281ffb9f5ebeaf61c0b7c8a5799baf782 lzj.icp:8500/ibmcom/live-crawler@sha256:1a648615e7b439f093697f65350262823e6c711c4b21ea81596ced1c28a48133 lzj.icp:8500/ibmcom/live-crawler-amd64:1.3.1 lzj.icp:8500/ibmcom/live-crawler:1.3.1] 987515538} {[lzj.icp:8500/ibmcom/cos-indexer-amd64@sha256:adf28ff960ebdcbfcfa5e4522b81aa3565338f8d640dad611a1c3f0d3894393b lzj.icp:8500/ibmcom/cos-indexer@sha256:bb31dc8ef37e8482b2b9dedc0e54f46f7d3c678b22a3130eca9dde80fed65df1 lzj.icp:8500/ibmcom/cos-indexer-amd64:1.3.1 lzj.icp:8500/ibmcom/cos-indexer:1.3.1] 846578165} {[lzj.icp:8500/ibmcom/secure-config-annotator-amd64@sha256:26e845c6a252e0c5ae73e764645993b3270e289d1a2e9784b06ddd7898ca45d9 lzj.icp:8500/ibmcom/secure-config-annotator@sha256:cfaadd13c4ef4bdc937d296faff78e98473be8c9c6ae6b4a38927c952948914f lzj.icp:8500/ibmcom/secure-config-annotator-amd64:1.3.1 lzj.icp:8500/ibmcom/secure-config-annotator:1.3.1] 835555196} {[lzj.icp:8500/ibmcom/hyperkube-amd64@sha256:9eaadf7c2a417ee2a9a219e2eadf21884742199a484be2ca737f0e8a178d490a lzj.icp:8500/ibmcom/hyperkube@sha256:9fbddbf2d04354912c8a981395493d250474cb9fa587fa91119e69467078b180 lzj.icp:8500/ibmcom/hyperkube-amd64:v1.11.1-ee lzj.icp:8500/ibmcom/hyperkube:v1.11.1-ee] 782626408} {[lzj.icp:8500/ibmcom/compliance-annotator-amd64@sha256:5d8bbbef3a7dc54ba9addb256d2aa8a3f7d5c27a454ff4b7ee583b217dac2ce4 lzj.icp:8500/ibmcom/compliance-annotator@sha256:be00ccb777b1e90601cc563112e32ae831b0fb7d4933f1aa3c49379cabe41c3f lzj.icp:8500/ibmcom/compliance-annotator-amd64:1.3.1 lzj.icp:8500/ibmcom/compliance-annotator:1.3.1] 773932738} {[lzj.icp:8500/ibmcom/icp-logstash-amd64@sha256:02a683ee6ad9eeed7ea8ebb1de713aaf902a9e20a39ccc0294ee1f947f1bbd73 lzj.icp:8500/ibmcom/icp-logstash@sha256:a182a00827aefe7f5f95b18fa1ec8f6897989290b37f3d98bd6440ddda796433 lzj.icp:8500/ibmcom/icp-logstash-amd64:5.5.1 lzj.icp:8500/ibmcom/icp-logstash:5.5.1] 764906887} {[lzj.icp:8500/ibmcom/process-ma-hf-amd64@sha256:ef0d164350d07600f8037082db7d98cf81b9c554d8a60692ae90b8d0239a8cdc lzj.icp:8500/ibmcom/process-ma-hf@sha256:114b48d67e46f6ad3624dfa99baab8f9c62fb5ba88d210d0f42e106eda4e0ee8 lzj.icp:8500/ibmcom/process-ma-hf-amd64:1.3.1 lzj.icp:8500/ibmcom/process-ma-hf:1.3.1] 758635128} {[lzj.icp:8500/ibmcom/vulnerability-annotator-amd64@sha256:febedf85b65e0d1800e67249274d474d4ce67e8041e81487f76bce727cb39bd4 lzj.icp:8500/ibmcom/vulnerability-annotator@sha256:2ca368468e5d1c7ed82b3947b8d8904da34969bd72e67b382bfd0579fe3f148d lzj.icp:8500/ibmcom/vulnerability-annotator-amd64:1.3.1 lzj.icp:8500/ibmcom/vulnerability-annotator:1.3.1] 757013017} {[lzj.icp:8500/ibmcom/py-generic-indexer-amd64@sha256:45cb17e23e15f4dfe44471309af12f0655aad5f8e859c718f393290f220b02b2 lzj.icp:8500/ibmcom/py-generic-indexer@sha256:63a28bc72b6588e508ad23b569a228d6219e2d6fdddb2b1b073e1d2c70ec7641 lzj.icp:8500/ibmcom/py-generic-indexer-amd64:1.3.1 lzj.icp:8500/ibmcom/py-generic-indexer:1.3.1] 755588945} {[lzj.icp:8500/ibmcom/icp-inception-amd64@sha256:1dad180d14ae732d17ca5cf41b87dbb316c072323f186d60a08a753f904eb5b2 lzj.icp:8500/ibmcom/icp-inception@sha256:d395315f0fde94a5cacd9945cd7932b4eda45fe404a6b9d55a8ec8ebeed2a0a8 lzj.icp:8500/ibmcom/icp-inception-amd64:3.1.0-ee lzj.icp:8500/ibmcom/icp-inception:3.1.0-ee] 744155119} {[lzj.icp:8500/ibmcom/config-parser-amd64@sha256:7d721e0b5a827921ac16fa9e7570db225211e6dd700cdeaba1d28ba02ff8ef6d lzj.icp:8500/ibmcom/config-parser@sha256:2b7d6f1ea57d6e4d9caaca5d0e2bb35d2e6db316e2f18ef9a51b5bfa48119f69 lzj.icp:8500/ibmcom/config-parser-amd64:1.3.1 lzj.icp:8500/ibmcom/config-parser:1.3.1] 739243486} {[lzj.icp:8500/ibmcom/iam-policy-administration-amd64@sha256:e1941aa09a5b692505cb3be3e497d3ff9acb900786b9a2c8c4c00d0243b37dd0 lzj.icp:8500/ibmcom/iam-policy-administration@sha256:ab0d5c50f5e5fc9a537e97183ed694e34d57fa00121bc08bedb261b80e29b9a4 lzj.icp:8500/ibmcom/iam-policy-administration-amd64:3.1.0 lzj.icp:8500/ibmcom/iam-policy-administration:3.1.0] 711947327} {[lzj.icp:8500/ibmcom/password-annotator-amd64@sha256:bca1b6b222d8ea8ade174a8cc1a549f161d75d3e9d69881f08a1fb316a8e27d3 lzj.icp:8500/ibmcom/password-annotator@sha256:5c7e8db45db52a6bca7d76ae8c2ff74eb43644f7959d66ddc67454bcbca765ec lzj.icp:8500/ibmcom/password-annotator-amd64:1.3.1 lzj.icp:8500/ibmcom/password-annotator:1.3.1] 707627907} {[lzj.icp:8500/ibmcom/notification-dispatcher-amd64@sha256:ec8dfbc351a0d758488f9f8bfa17c3182a5c02819a6ebf7144ab914a2233cf57 lzj.icp:8500/ibmcom/notification-dispatcher@sha256:6d7e6b836f0cfeb5fb18cd29fdd8315fb44013f8d21830b9c5ab60b605c5e3c5 lzj.icp:8500/ibmcom/notification-dispatcher-amd64:1.3.1 lzj.icp:8500/ibmcom/notification-dispatcher:1.3.1] 707588442} {[lzj.icp:8500/ibmcom/sas-base-amd64@sha256:9651b1149c62d5a0968aaeffe71f2da68cd7e07ff8d7ea67538278c00ab08457 lzj.icp:8500/ibmcom/sas-base@sha256:56bb0790e5f06276b7435c731687f733901fedc80af299dc8a8eaf72d7365560 lzj.icp:8500/ibmcom/sas-base-amd64:1.3.1 lzj.icp:8500/ibmcom/sas-base:1.3.1] 653746081} {[lzj.icp:8500/ibmcom/ma-file-annotator-amd64@sha256:8caa6280fd845fd524ad874a6b243510ebf085d58c989229020fcfc743492632 lzj.icp:8500/ibmcom/ma-file-annotator@sha256:cd8dc2a26e2a84bf7d8ba982c6a21c034239de5e2dc12767d3f60985e495d957 lzj.icp:8500/ibmcom/ma-file-annotator-amd64:1.3.1 lzj.icp:8500/ibmcom/ma-file-annotator:1.3.1] 653745236} {[lzj.icp:8500/ibmcom/icp-kibana-amd64@sha256:8b69887ac5297e1d2e68b9c2ce885b9a888f6c278ca1538acb0f03206b48502a lzj.icp:8500/ibmcom/icp-kibana@sha256:6e2746da64a64f98c5761b87d5e185a9c2ac75c9c4e767ab284062b1847b7571 lzj.icp:8500/ibmcom/icp-kibana-amd64:5.5.1 lzj.icp:8500/ibmcom/icp-kibana:5.5.1] 639622018} {[lzj.icp:8500/ibmcom/icp-platform-api-amd64@sha256:1fc47925c2611aef12631b3f3806308f55a298074aebc561fd04cf8a7691c669 lzj.icp:8500/ibmcom/icp-platform-api@sha256:6b5585999f45fa6dc7a6a1d8bcb4d544c96a3e1fd3bd9f133ebed2e356985a0e lzj.icp:8500/ibmcom/icp-platform-api-amd64:3.1.0 lzj.icp:8500/ibmcom/icp-platform-api:3.1.0] 612589125} {[lzj.icp:8500/ibmcom/iam-policy-decision-amd64@sha256:d49eb3845c57bb8370a477949d92da10a178b81ade50f0e9d970981fadd6686d lzj.icp:8500/ibmcom/iam-policy-decision@sha256:ecd9f36e17e57c6be41e744abc17baacddd28178485d29cb112ffc5e558d2c09 lzj.icp:8500/ibmcom/iam-policy-decision-amd64:3.1.0 lzj.icp:8500/ibmcom/iam-policy-decision:3.1.0] 559718344} {[lzj.icp:8500/ibmcom/rootkit-annotator-amd64@sha256:caf6c24136b8785d901f346a640d673b55fe105c3617cfcb432ee2006f5b1cf4 lzj.icp:8500/ibmcom/rootkit-annotator@sha256:9aabe418ab5c5b3ce86dcfad5dc63a14124bf56227a7decb6656382f2cf9606e lzj.icp:8500/ibmcom/rootkit-annotator-amd64:1.3.1 lzj.icp:8500/ibmcom/rootkit-annotator:1.3.1] 549434506} {[lzj.icp:8500/ibmcom/icp-elasticsearch-amd64@sha256:0063a7a931ca4e52d8f7a51f2bdb010345f4373b5b904b52e5c8a48ec0c1fde7 lzj.icp:8500/ibmcom/icp-elasticsearch@sha256:b410aacb6005fe24bfd87b045ea26fde3d6eb3ca52c3f0e4560cdc208944ba50 lzj.icp:8500/ibmcom/icp-elasticsearch-amd64:5.5.1 lzj.icp:8500/ibmcom/icp-elasticsearch:5.5.1] 520121248} {[lzj.icp:8500/ibmcom/logging-pki-init-amd64@sha256:cc4bfa085e1ae99120ee526acd3e62d205e10de6f1c773c521fc5b933914f6a8 lzj.icp:8500/ibmcom/logging-pki-init@sha256:21aa9cbd05a849b4891b15cf636f73545f6001f16c82f8eeed2e90b4f9312377 lzj.icp:8500/ibmcom/logging-pki-init-amd64:2.0.0 lzj.icp:8500/ibmcom/logging-pki-init:2.0.0] 501921135} {[lzj.icp:8500/ibmcom/searchguard-init-amd64@sha256:d19ce1d27f406945d4ed78b0f07007998c2ab3889086e502924847c2186db546 lzj.icp:8500/ibmcom/searchguard-init@sha256:3d0d8a8404a9df5ad238bce1e0542cdda609cc445dfc3964952243d9fc103276 lzj.icp:8500/ibmcom/searchguard-init-amd64:2.0.0 lzj.icp:8500/ibmcom/searchguard-init:2.0.0] 457030441} {[lzj.icp:8500/ibmcom/metering-ui-amd64@sha256:3628a8fe41183c08ea0b02e2e798e3649e4aebe2c2405c34572b9eb7c7c4d9a8 lzj.icp:8500/ibmcom/metering-ui@sha256:d6453f9afecc9b1fc778c195e20bbb39d4ef6262af2f7a9a5ce3cddc259fec99 lzj.icp:8500/ibmcom/metering-ui-amd64:3.1.0 lzj.icp:8500/ibmcom/metering-ui:3.1.0] 385577105} {[lzj.icp:8500/ibmcom/heketi-amd64@sha256:c5b579a4f219c87990f861eb61de86cb9cfb51b6d230b8c299df7d9fd3d02d0e lzj.icp:8500/ibmcom/heketi@sha256:eb6875247a56829a20d0949f034b08a0e682201ab1d88d3cba71972932c254f5 lzj.icp:8500/ibmcom/heketi-amd64:v7.0.0 lzj.icp:8500/ibmcom/heketi:v7.0.0] 384720377} {[lzj.icp:8500/ibmcom/icp-mongodb-amd64@sha256:a305ae8bc309898d86bf60aee968846db3602f77b25924640d5f08a2389ee99d lzj.icp:8500/ibmcom/icp-mongodb@sha256:fe8b55caf7bb855fd4e244450af5195f2243b766c6934d464128bf982b29b345 lzj.icp:8500/ibmcom/icp-mongodb-amd64:3.1.0 lzj.icp:8500/ibmcom/icp-mongodb:3.1.0] 379353410} {[lzj.icp:8500/ibmcom/icp-catalog-ui-amd64@sha256:33993b4eab189e3c78fe27799017da770d47523cf6831460741008bf91297d6d lzj.icp:8500/ibmcom/icp-catalog-ui@sha256:049f3c4946a0ad2c10507e5e42a464448e858fb3ae606cfd84825d340adb1125 lzj.icp:8500/ibmcom/icp-catalog-ui-amd64:3.1.0 lzj.icp:8500/ibmcom/icp-catalog-ui:3.1.0] 363781304} {[lzj.icp:8500/ibmcom/nginx-ingress-controller-amd64@sha256:63b48dd3ba635aa65409f7d6a319e293697810c1b9e885e6255bebf36a2506ab lzj.icp:8500/ibmcom/nginx-ingress-controller@sha256:f68b2ce26292e02ef3dbc6cfae17cec3d54b9afee9bf5298bf95d005c0783143 lzj.icp:8500/ibmcom/nginx-ingress-controller-amd64:0.16.2 lzj.icp:8500/ibmcom/nginx-ingress-controller:0.16.2] 361632894} {[lzj.icp:8500/ibmcom/mariadb-amd64@sha256:1f9876179c32fcf463804f75cbf2fb031106edf2be9d5dbf6705375ca53930bb lzj.icp:8500/ibmcom/mariadb@sha256:2272622e7f6786220d7ee2b482a3050bd34c3e1ecdc99af6175a146610222763 lzj.icp:8500/ibmcom/mariadb-amd64:10.2.17 lzj.icp:8500/ibmcom/mariadb:10.2.17] 358991946} {[lzj.icp:8500/ibmcom/k8szk-amd64@sha256:a9ee22a4df14654552a02303e4560623244683692fd298dd2fb71e9dd66219f3 lzj.icp:8500/ibmcom/k8szk@sha256:20cfeb163fb828c3c3a7c0baf2883e90c72c8d97d20116253903e82aa2be801f lzj.icp:8500/ibmcom/k8szk-amd64:v3 lzj.icp:8500/ibmcom/k8szk:v3] 331472973} {[lzj.icp:8500/ibmcom/gluster-amd64@sha256:647caedb536eb7b8c5c8b0a2b69e52d2a34be9e6c9c7b9c1b21d14fcfa261886 lzj.icp:8500/ibmcom/gluster@sha256:eeabf9b160370078d12a4c2b84f1a9772fe10c64446f0c2251eb53b8b5277baa lzj.icp:8500/ibmcom/gluster-amd64:v4.0.2 lzj.icp:8500/ibmcom/gluster:v4.0.2] 324265531} {[lzj.icp:8500/ibmcom/istio-grafana-amd64@sha256:381a2dd3a5addbc5d43920bc19bb15ba6dbd422e4a9d91163108e72c5a63234c lzj.icp:8500/ibmcom/istio-grafana@sha256:f4fdaf4a51b946f6d4fb9aa82cdbfef53c8e0b7b2223078f9d7f62bb28d3259b lzj.icp:8500/ibmcom/istio-grafana-amd64:1.0.0.1 lzj.icp:8500/ibmcom/istio-grafana:1.0.0.1] 324187770} {[lzj.icp:8500/ibmcom/icp-filebeat-amd64@sha256:03af9b78dad6c2ba857975d10c81e781460796dff1ff1163ea4596f4aa10601d lzj.icp:8500/ibmcom/icp-filebeat@sha256:72669dde64d7ab85bbb9e93428efe548b2693a4eae5168a4705f6e30cd20e584 lzj.icp:8500/ibmcom/icp-filebeat-amd64:5.5.1 lzj.icp:8500/ibmcom/icp-filebeat:5.5.1] 317104874} {[lzj.icp:8500/ibmcom/istio-proxyv2-amd64@sha256:cd77e75fa85ce74914e1b7b0bef980ece8a62ef0d776c9ef51a0d7d30b4b64a0 lzj.icp:8500/ibmcom/istio-proxyv2@sha256:9c94d736c8cbb41e2c5b0b672530eee0df6cbb628d57f4ddaec9f4ff4f49ce35 lzj.icp:8500/ibmcom/istio-proxyv2-amd64:1.0.0.1 lzj.icp:8500/ibmcom/istio-proxyv2:1.0.0.1] 311276139} {[lzj.icp:8500/ibmcom/istio-pilot-amd64@sha256:63352073a964037fd37f6150228231d2e5eca7e0c2920405d6269326d3c54263 lzj.icp:8500/ibmcom/istio-pilot@sha256:ad129a4be7b6d1536c384efd03fb570b973b9c77a56a48e6b9cfe192a76c111e lzj.icp:8500/ibmcom/istio-pilot-amd64:1.0.0.1 lzj.icp:8500/ibmcom/istio-pilot:1.0.0.1] 309502004} {[lzj.icp:8500/ibmcom/fluentd-amd64@sha256:384a99b8d941c93f96ee5b5cbae5b70500219a3f71c73cf4eddd20d9d693e3b3 lzj.icp:8500/ibmcom/fluentd@sha256:f85a5ffd86438f1a73d04caf6e33ef3474675d9fa0947431f4d0a9602fc981af lzj.icp:8500/ibmcom/fluentd-amd64:v1.2.2-icp lzj.icp:8500/ibmcom/fluentd:v1.2.2-icp] 270902701} {[lzj.icp:8500/ibmcom/icp-identity-manager-amd64@sha256:632f31acd0fcfc3d0cebea31cfb71018f6712bd1a1b4da7476942b3c23aa3521 lzj.icp:8500/ibmcom/icp-identity-manager@sha256:993462e02a42c15b03722d935809476c8e10e6e0b3a2669eb528081e92a49859 lzj.icp:8500/ibmcom/icp-identity-manager-amd64:3.1.0 lzj.icp:8500/ibmcom/icp-identity-manager:3.1.0] 268667523} {[lzj.icp:8500/ibmcom/elasticsearch-plugin-searchguard-amd64@sha256:28f88d06bbbc073162702064c1be4ad06272e9021cbc0f929ba8c6da2ca25ae6 lzj.icp:8500/ibmcom/elasticsearch-plugin-searchguard@sha256:f47116021e3eec7b2fed9f6ed8bd77fd890457e5a1546dda7f863c032d4395b1 lzj.icp:8500/ibmcom/elasticsearch-plugin-searchguard-amd64:2.0.0 lzj.icp:8500/ibmcom/elasticsearch-plugin-searchguard:2.0.0] 267864279} {[lzj.icp:8500/ibmcom/kiali-amd64@sha256:bec63b454cf2e597c61f6a9943144050e5e6fc7a4f6474bc3bb6b627ba20c71c lzj.icp:8500/ibmcom/kiali@sha256:71a50e9885495157454657bc93842a7310e96e822a4117ad751ad81af83fde5e lzj.icp:8500/ibmcom/kiali-amd64:istio-release-1.0.0.1 lzj.icp:8500/ibmcom/kiali:istio-release-1.0.0.1] 265771300} {[lzj.icp:8500/ibmcom/calico-node-amd64@sha256:9871f4dde9eab9fd804b12f3114da36505ff5c220e2323b7434eec24e3b23ac5 lzj.icp:8500/ibmcom/calico-node@sha256:85a23d8030137d49663d3d82844a61998331606de9fc523dfdd0a75be7fb9828 lzj.icp:8500/ibmcom/calico-node-amd64:v3.1.3 lzj.icp:8500/ibmcom/calico-node:v3.1.3] 248202699} {[lzj.icp:8500/ibmcom/grafana-amd64@sha256:dc3566257a0c716caedfb33127d8ee385290c1dda006bebfb75c376d56b30c88 lzj.icp:8500/ibmcom/grafana@sha256:5d2739d3ec5c7f6ea66d69caa918b764660b99a3d37cb1f4123f1a9623ce8e38 lzj.icp:8500/ibmcom/grafana-amd64:5.2.0 lzj.icp:8500/ibmcom/grafana:5.2.0] 245297582} {[lzj.icp:8500/ibmcom/indices-cleaner-amd64@sha256:e6c6453d54012488e9ebfaa9e4d829f567d8e66b24c1613e6d88ca192ed5e85b lzj.icp:8500/ibmcom/indices-cleaner@sha256:31dac3be1246f17dddade06b517c073244ce56d85bc54135fdaf010dbb0bca10 lzj.icp:8500/ibmcom/indices-cleaner-amd64:1.0.0 lzj.icp:8500/ibmcom/indices-cleaner:1.0.0] 238131553} {[lzj.icp:8500/ibmcom/icp-identity-provider-amd64@sha256:24dba8b07c8295eef99abbf8d83041908516e4e50e4e4cfbbbcd53bdf415dda1 lzj.icp:8500/ibmcom/icp-identity-provider@sha256:b5bf63419b53ba550cad7a1b835d0d0eaae1fde8851c7936f8deb603fef673a6 lzj.icp:8500/ibmcom/icp-identity-provider-amd64:3.1.0 lzj.icp:8500/ibmcom/icp-identity-provider:3.1.0] 224286517} {[lzj.icp:8500/ibmcom/curl-amd64@sha256:aad05b4e4529f7e70516d8d3028cae6cd1d50de738ce164f2a532ce2470ac43f lzj.icp:8500/ibmcom/curl@sha256:adf92a267e351914d041a56d64ebe80331c45f8e20ab23b7ada67bea78da9996 lzj.icp:8500/ibmcom/curl-amd64:4.0.0 lzj.icp:8500/ibmcom/curl:4.0.0] 221192597} {[lzj.icp:8500/ibmcom/icp-audit-service-amd64@sha256:9add202c06a43da647380c860d9139fa059701fe103c1f229281215bf99dbbd3 lzj.icp:8500/ibmcom/icp-audit-service@sha256:7c3d710c31f6f5ae0227edc1599bdf64bc82e4fcd2b3aa8f197148240d2ab01c lzj.icp:8500/ibmcom/icp-audit-service-amd64:3.1.0 lzj.icp:8500/ibmcom/icp-audit-service:3.1.0] 215897363}],VolumesInUse:[],VolumesAttached:[],Config:&amp;NodeConfigStatus{Assigned:nil,Active:nil,LastKnownGood:nil,Error:,},},}&#xA;Sep 19 07:40:32.160: INFO: &#xA;Logging kubelet events for node 10.46.6.172&#xA;Sep 19 07:40:32.164: INFO: &#xA;Logging pods the kubelet thinks is on node 10.46.6.172&#xA;Sep 19 07:40:32.186: INFO: vulnerability-advisor-process-ma-annotator-58f47d5b5f-xbxrc started at 2018-09-17 07:19:06 +0000 UTC (0+2 container statuses recorded)&#xA;Sep 19 07:40:32.186: INFO: &#x9;Container icp-audit-service ready: true, restart count 0&#xA;Sep 19 07:40:32.186: INFO: &#x9;Container process-ma-annotator ready: true, restart count 2&#xA;Sep 19 07:40:32.186: INFO: vulnerability-advisor-compliance-indexer-7cbdc64b57-47lmd started at 2018-09-17 07:19:07 +0000 UTC (0+1 container statuses recorded)&#xA;Sep 19 07:40:32.186: INFO: &#x9;Container py-compliance-indexer ready: true, restart count 0&#xA;Sep 19 07:40:32.186: INFO: vulnerability-advisor-minio-cleaner-1537228740-55f4w started at 2018-09-17 23:59:03 +0000 UTC (0+1 container statuses recorded)&#xA;Sep 19 07:40:32.186: INFO: &#x9;Container cleaner ready: false, restart count 0&#xA;Sep 19 07:40:32.186: INFO: audit-logging-fluentd-ds-8bh4t started at 2018-09-17 07:18:46 +0000 UTC (0+1 container statuses recorded)&#xA;Sep 19 07:40:32.186: INFO: &#x9;Container fluentd ready: true, restart count 0&#xA;Sep 19 07:40:32.186: INFO: vulnerability-advisor-live-crawler-84st2 started at 2018-09-17 07:19:03 +0000 UTC (0+1 container statuses recorded)&#xA;Sep 19 07:40:32.186: INFO: &#x9;Container live-crawler ready: true, restart count 0&#xA;Sep 19 07:40:32.186: INFO: vulnerability-advisor-config-parser-5d44b78fd5-z4k9t started at 2018-09-17 07:19:04 +0000 UTC (0+1 container statuses recorded)&#xA;Sep 19 07:40:32.186: INFO: &#x9;Container config-parser ready: true, restart count 4&#xA;Sep 19 07:40:32.186: INFO: vulnerability-advisor-notification-dispatcher-86f8bf4b4d-cfdzb started at 2018-09-17 07:19:04 +0000 UTC (0+1 container statuses recorded)&#xA;Sep 19 07:40:32.186: INFO: &#x9;Container notification-dispatcher ready: true, restart count 3&#xA;Sep 19 07:40:32.186: INFO: vulnerability-advisor-process-ma-annotator-init-869545d547nn27w started at 2018-09-17 07:19:06 +0000 UTC (0+1 container statuses recorded)&#xA;Sep 19 07:40:32.186: INFO: &#x9;Container process-ma-annotator ready: true, restart count 0&#xA;Sep 19 07:40:32.186: INFO: vulnerability-advisor-process-ma-annotator-58f47d5b5f-4wglg started at 2018-09-17 07:19:06 +0000 UTC (0+2 container statuses recorded)&#xA;Sep 19 07:40:32.186: INFO: &#x9;Container icp-audit-service ready: true, restart count 0&#xA;Sep 19 07:40:32.186: INFO: &#x9;Container process-ma-annotator ready: true, restart count 1&#xA;Sep 19 07:40:32.186: INFO: vulnerability-advisor-rootkit-indexer-cd8b4646b-xlhwq started at 2018-09-17 07:19:07 +0000 UTC (0+1 container statuses recorded)&#xA;Sep 19 07:40:32.187: INFO: &#x9;Container py-rootkit-indexer ready: true, restart count 0&#xA;Sep 19 07:40:32.187: INFO: vulnerability-advisor-secconfig-indexer-674647df7c-qq5ff started at 2018-09-17 07:19:07 +0000 UTC (0+1 container statuses recorded)&#xA;Sep 19 07:40:32.187: INFO: &#x9;Container py-secconfig-indexer ready: true, restart count 0&#xA;Sep 19 07:40:32.187: INFO: k8s-proxy-10.46.6.172 started at &lt;nil&gt; (0+0 container statuses recorded)&#xA;Sep 19 07:40:32.187: INFO: vulnerability-advisor-process-ma-crawler-24z6k started at 2018-09-17 07:19:03 +0000 UTC (0+1 container statuses recorded)&#xA;Sep 19 07:40:32.187: INFO: &#x9;Container process-ma-crawler ready: true, restart count 0&#xA;Sep 19 07:40:32.187: INFO: vulnerability-advisor-registry-crawler-6f9568677b-bfpm6 started at 2018-09-17 07:19:08 +0000 UTC (0+1 container statuses recorded)&#xA;Sep 19 07:40:32.187: INFO: &#x9;Container reg-crawler ready: true, restart count 0&#xA;Sep 19 07:40:32.187: INFO: vulnerability-advisor-minio-cleaner-1537315140-nqk7v started at 2018-09-18 23:59:04 +0000 UTC (0+1 container statuses recorded)&#xA;Sep 19 07:40:32.187: INFO: &#x9;Container cleaner ready: false, restart count 0&#xA;Sep 19 07:40:32.187: INFO: vulnerability-advisor-zookeeper-0 started at 2018-09-17 07:19:15 +0000 UTC (0+1 container statuses recorded)&#xA;Sep 19 07:40:32.187: INFO: &#x9;Container zookeeper-server ready: true, restart count 0&#xA;Sep 19 07:40:32.187: INFO: vulnerability-advisor-ma-file-annotator-6b95df8886-jtczz started at 2018-09-17 07:19:04 +0000 UTC (0+2 container statuses recorded)&#xA;Sep 19 07:40:32.187: INFO: &#x9;Container icp-audit-service ready: true, restart count 0&#xA;Sep 19 07:40:32.187: INFO: &#x9;Container vulnerability-advisor-ma-file-annotator ready: true, restart count 1&#xA;Sep 19 07:40:32.187: INFO: vulnerability-advisor-sas-apiserver-5fd8d44bc9-7bvkn started at 2018-09-17 07:19:09 +0000 UTC (0+3 container statuses recorded)&#xA;Sep 19 07:40:32.187: INFO: &#x9;Container icp-audit-service ready: true, restart count 0&#xA;Sep 19 07:40:32.187: INFO: &#x9;Container sas-api-server ready: true, restart count 0&#xA;Sep 19 07:40:32.187: INFO: &#x9;Container sas-proxy-server ready: true, restart count 0&#xA;Sep 19 07:40:32.187: INFO: vulnerability-advisor-sas-mgmt-64fb95bc44-j9vjc started at 2018-09-17 07:19:08 +0000 UTC (0+1 container statuses recorded)&#xA;Sep 19 07:40:32.187: INFO: &#x9;Container sas-mgmt-server ready: true, restart count 0&#xA;Sep 19 07:40:32.187: INFO: vulnerability-advisor-compliance-annotator-d5659b9d9-kmn8q started at 2018-09-17 07:19:03 +0000 UTC (0+1 container statuses recorded)&#xA;Sep 19 07:40:32.187: INFO: &#x9;Container compliance-annotator ready: true, restart count 4&#xA;Sep 19 07:40:32.187: INFO: vulnerability-advisor-rootkit-annotator-74cb65b5cf-2dk5j started at 2018-09-17 07:19:08 +0000 UTC (0+1 container statuses recorded)&#xA;Sep 19 07:40:32.187: INFO: &#x9;Container rootkit-annotator ready: true, restart count 3&#xA;Sep 19 07:40:32.187: INFO: vulnerability-advisor-secconfig-annotator-7dbcf5d9f4-fkmkb started at 2018-09-17 07:19:10 +0000 UTC (0+1 container statuses recorded)&#xA;Sep 19 07:40:32.187: INFO: &#x9;Container secconfig-annotator ready: true, restart count 0&#xA;Sep 19 07:40:32.187: INFO: monitoring-prometheus-nodeexporter-v4l7d started at 2018-09-17 07:15:44 +0000 UTC (0+2 container statuses recorded)&#xA;Sep 19 07:40:32.187: INFO: &#x9;Container nodeexporter ready: true, restart count 0&#xA;Sep 19 07:40:32.187: INFO: &#x9;Container router ready: true, restart count 0&#xA;Sep 19 07:40:32.187: INFO: vulnerability-advisor-vulnerability-indexer-7c79b4c964-2n8cg started at 2018-09-17 07:19:07 +0000 UTC (0+1 container statuses recorded)&#xA;Sep 19 07:40:32.187: INFO: &#x9;Container py-vulnerability-indexer ready: true, restart count 0&#xA;Sep 19 07:40:32.187: INFO: vulnerability-advisor-statsd-7746859df4-jjm6f started at 2018-09-17 07:19:10 +0000 UTC (0+1 container statuses recorded)&#xA;Sep 19 07:40:32.187: INFO: &#x9;Container statsd ready: true, restart count 0&#xA;Sep 19 07:40:32.187: INFO: vulnerability-advisor-usncrawler-8h976 started at 2018-09-17 07:19:11 +0000 UTC (0+1 container statuses recorded)&#xA;Sep 19 07:40:32.187: INFO: &#x9;Container usnloader-job ready: false, restart count 0&#xA;Sep 19 07:40:32.187: INFO: vulnerability-advisor-kafka-0 started at 2018-09-17 07:19:13 +0000 UTC (0+1 container statuses recorded)&#xA;Sep 19 07:40:32.187: INFO: &#x9;Container kafka-server ready: true, restart count 2&#xA;Sep 19 07:40:32.187: INFO: calico-node-wsknj started at 2018-09-17 07:05:53 +0000 UTC (0+2 container statuses recorded)&#xA;Sep 19 07:40:32.187: INFO: &#x9;Container calico-node ready: true, restart count 0&#xA;Sep 19 07:40:32.187: INFO: &#x9;Container install-cni ready: true, restart count 0&#xA;Sep 19 07:40:32.187: INFO: vulnerability-advisor-cos-indexer-57899b7dd6-7cpf8 started at 2018-09-17 07:19:04 +0000 UTC (0+1 container statuses recorded)&#xA;Sep 19 07:40:32.187: INFO: &#x9;Container cos-indexer ready: true, restart count 3&#xA;Sep 19 07:40:32.187: INFO: logging-elk-filebeat-ds-vpk48 started at 2018-09-17 07:15:20 +0000 UTC (0+1 container statuses recorded)&#xA;Sep 19 07:40:32.187: INFO: &#x9;Container filebeat ready: true, restart count 0&#xA;Sep 19 07:40:32.187: INFO: vulnerability-advisor-password-annotator-79b5d794b5-wnwqn started at 2018-09-17 07:19:05 +0000 UTC (0+1 container statuses recorded)&#xA;Sep 19 07:40:32.187: INFO: &#x9;Container config-parser ready: true, restart count 3&#xA;Sep 19 07:40:32.187: INFO: vulnerability-advisor-vulnerability-annotator-bcbf5595f-hxwst started at 2018-09-17 07:19:10 +0000 UTC (0+1 container statuses recorded)&#xA;Sep 19 07:40:32.187: INFO: &#x9;Container va-annotator ready: true, restart count 3&#xA;Sep 19 07:40:32.187: INFO: vulnerability-advisor-minio-0 started at 2018-09-17 07:19:16 +0000 UTC (1+1 container statuses recorded)&#xA;Sep 19 07:40:32.187: INFO: &#x9;Init container wait-kafka ready: true, restart count 1&#xA;Sep 19 07:40:32.187: INFO: &#x9;Container minio-server ready: true, restart count 0&#xA;Sep 19 07:40:32.187: INFO: nvidia-device-plugin-w9jr8 started at 2018-09-17 07:07:17 +0000 UTC (1+1 container statuses recorded)&#xA;Sep 19 07:40:32.187: INFO: &#x9;Init container nvidia-driver-collector ready: true, restart count 0&#xA;Sep 19 07:40:32.187: INFO: &#x9;Container nvidia-device-plugin ready: true, restart count 0&#xA;Sep 19 07:40:32.187: INFO: metering-reader-gsrdg started at 2018-09-17 07:14:11 +0000 UTC (1+1 container statuses recorded)&#xA;Sep 19 07:40:32.187: INFO: &#x9;Init container metering-reader-init ready: true, restart count 1&#xA;Sep 19 07:40:32.187: INFO: &#x9;Container metering-reader ready: true, restart count 0&#xA;Sep 19 07:40:32.238: INFO: &#xA;Latency metrics for node 10.46.6.172&#xA;Sep 19 07:40:32.238: INFO: &#xA;Logging node info for node 10.46.6.173&#xA;Sep 19 07:40:32.243: INFO: Node Info: &amp;Node{ObjectMeta:k8s_io_apimachinery_pkg_apis_meta_v1.ObjectMeta{Name:10.46.6.173,GenerateName:,Namespace:,SelfLink:/api/v1/nodes/10.46.6.173,UID:3dc7268b-ba44-11e8-b20e-fa163e707b2e,ResourceVersion:457772,Generation:0,CreationTimestamp:2018-09-17 06:38:09 +0000 UTC,DeletionTimestamp:&lt;nil&gt;,DeletionGracePeriodSeconds:nil,Labels:map[string]string{beta.kubernetes.io/arch: amd64,beta.kubernetes.io/os: linux,etcd: true,kubernetes.io/hostname: 10.46.6.173,master: true,node-role.kubernetes.io/etcd: true,node-role.kubernetes.io/master: true,node-role.kubernetes.io/proxy: true,proxy: true,role: master,},Annotations:map[string]string{node.alpha.kubernetes.io/ttl: 0,volumes.kubernetes.io/controller-managed-attach-detach: true,},OwnerReferences:[],Finalizers:[],ClusterName:,Initializers:nil,},Spec:NodeSpec{PodCIDR:,DoNotUse_ExternalID:,ProviderID:,Unschedulable:false,Taints:[{dedicated proxy NoSchedule &lt;nil&gt;}],ConfigSource:nil,},Status:NodeStatus{Capacity:ResourceList{cpu: {{32 0} {&lt;nil&gt;} 32 DecimalSI},ephemeral-storage: {{107362627584 0} {&lt;nil&gt;} 104846316Ki BinarySI},hugepages-1Gi: {{0 0} {&lt;nil&gt;} 0 DecimalSI},hugepages-2Mi: {{0 0} {&lt;nil&gt;} 0 DecimalSI},memory: {{135202160640 0} {&lt;nil&gt;}  BinarySI},pods: {{320 0} {&lt;nil&gt;} 320 DecimalSI},},Allocatable:ResourceList{cpu: {{32 0} {&lt;nil&gt;} 32 DecimalSI},ephemeral-storage: {{107257769984 0} {&lt;nil&gt;} 104743916Ki BinarySI},hugepages-1Gi: {{0 0} {&lt;nil&gt;} 0 DecimalSI},hugepages-2Mi: {{0 0} {&lt;nil&gt;} 0 DecimalSI},memory: {{135097303040 0} {&lt;nil&gt;}  BinarySI},pods: {{320 0} {&lt;nil&gt;} 320 DecimalSI},},Phase:,Conditions:[{OutOfDisk False 2018-09-19 07:40:29 +0000 UTC 2018-09-17 06:38:09 +0000 UTC KubeletHasSufficientDisk kubelet has sufficient disk space available} {MemoryPressure False 2018-09-19 07:40:29 +0000 UTC 2018-09-17 06:38:09 +0000 UTC KubeletHasSufficientMemory kubelet has sufficient memory available} {DiskPressure False 2018-09-19 07:40:29 +0000 UTC 2018-09-17 06:38:09 +0000 UTC KubeletHasNoDiskPressure kubelet has no disk pressure} {PIDPressure False 2018-09-19 07:40:29 +0000 UTC 2018-09-17 06:38:09 +0000 UTC KubeletHasSufficientPID kubelet has sufficient PID available} {Ready True 2018-09-19 07:40:29 +0000 UTC 2018-09-17 07:06:09 +0000 UTC KubeletReady kubelet is posting ready status}],Addresses:[{InternalIP 10.46.6.173} {Hostname 10.46.6.173}],DaemonEndpoints:NodeDaemonEndpoints{KubeletEndpoint:DaemonEndpoint{Port:10250,},},NodeInfo:NodeSystemInfo{MachineID:52ca0d2c3fb341c79b059a96d10571a6,SystemUUID:DA83D170-F88E-40EB-A0A3-2918CD5F6005,BootID:806b09ea-0a42-4719-bbaa-13e375c7b62f,KernelVersion:3.10.0-862.9.1.el7.x86_64,OSImage:Red Hat Enterprise Linux,ContainerRuntimeVersion:docker://18.3.1,KubeletVersion:v1.11.1+icp-ee,KubeProxyVersion:v1.11.1+icp-ee,OperatingSystem:linux,Architecture:amd64,},Images:[{[lzj.icp:8500/ibmcom/statsd-amd64@sha256:5ee11bc24bced45a77d9d630348680f319c09d9d3b2230b04518d1e2a5263ae2 lzj.icp:8500/ibmcom/statsd-amd64:0.7.2.1 lzj.icp:8500/ibmcom/statsd:0.7.2.1] 1234731808} {[lzj.icp:8500/ibmcom/kafka-amd64@sha256:0d6d348ccd7aa2854d60791331280e58db92029a522c8bfb3eb40c7c0913ca8f lzj.icp:8500/ibmcom/kafka-amd64:0.10.0.2 lzj.icp:8500/ibmcom/kafka:0.10.0.2] 1114805679} {[lzj.icp:8500/ibmcom/iam-token-service-amd64@sha256:9211161e5b5b9d892a99b46fad4429333ceb7143b4039419df7ea0efa36381a9 lzj.icp:8500/ibmcom/iam-token-service-amd64:3.1.0 lzj.icp:8500/ibmcom/iam-token-service:3.1.0] 1051060152} {[lzj.icp:8500/ibmcom/icp-platform-auth-amd64@sha256:abc258009b8696a83214b7a9d9df63f6d83e19cfca2987c4836b0eadfa4c99c7 lzj.icp:8500/ibmcom/icp-platform-auth-amd64:3.1.0 lzj.icp:8500/ibmcom/icp-platform-auth:3.1.0] 1028283742} {[lzj.icp:8500/ibmcom/reg-crawler-amd64@sha256:9e5d4ebbac3dd6cbf9f892b5bd634f89fae3d4b2e6a23debd3ecd322e3eb817e lzj.icp:8500/ibmcom/reg-crawler-amd64:1.3.1 lzj.icp:8500/ibmcom/reg-crawler:1.3.1] 1007817363} {[lzj.icp:8500/ibmcom/live-crawler-amd64@sha256:37a79ec87bd3c8b9af25cf1e25f4f14281ffb9f5ebeaf61c0b7c8a5799baf782 lzj.icp:8500/ibmcom/live-crawler-amd64:1.3.1 lzj.icp:8500/ibmcom/live-crawler:1.3.1] 987515538} {[lzj.icp:8500/ibmcom/cos-indexer-amd64@sha256:adf28ff960ebdcbfcfa5e4522b81aa3565338f8d640dad611a1c3f0d3894393b lzj.icp:8500/ibmcom/cos-indexer-amd64:1.3.1 lzj.icp:8500/ibmcom/cos-indexer:1.3.1] 846578165} {[lzj.icp:8500/ibmcom/secure-config-annotator-amd64@sha256:26e845c6a252e0c5ae73e764645993b3270e289d1a2e9784b06ddd7898ca45d9 lzj.icp:8500/ibmcom/secure-config-annotator-amd64:1.3.1 lzj.icp:8500/ibmcom/secure-config-annotator:1.3.1] 835555196} {[lzj.icp:8500/ibmcom/hyperkube-amd64@sha256:9eaadf7c2a417ee2a9a219e2eadf21884742199a484be2ca737f0e8a178d490a lzj.icp:8500/ibmcom/hyperkube-amd64:v1.11.1-ee lzj.icp:8500/ibmcom/hyperkube:v1.11.1-ee] 782626408} {[lzj.icp:8500/ibmcom/compliance-annotator-amd64@sha256:5d8bbbef3a7dc54ba9addb256d2aa8a3f7d5c27a454ff4b7ee583b217dac2ce4 lzj.icp:8500/ibmcom/compliance-annotator-amd64:1.3.1 lzj.icp:8500/ibmcom/compliance-annotator:1.3.1] 773932738} {[lzj.icp:8500/ibmcom/icp-logstash-amd64@sha256:02a683ee6ad9eeed7ea8ebb1de713aaf902a9e20a39ccc0294ee1f947f1bbd73 lzj.icp:8500/ibmcom/icp-logstash-amd64:5.5.1 lzj.icp:8500/ibmcom/icp-logstash:5.5.1] 764906887} {[lzj.icp:8500/ibmcom/process-ma-hf-amd64@sha256:ef0d164350d07600f8037082db7d98cf81b9c554d8a60692ae90b8d0239a8cdc lzj.icp:8500/ibmcom/process-ma-hf-amd64:1.3.1 lzj.icp:8500/ibmcom/process-ma-hf:1.3.1] 758635128} {[lzj.icp:8500/ibmcom/vulnerability-annotator-amd64@sha256:febedf85b65e0d1800e67249274d474d4ce67e8041e81487f76bce727cb39bd4 lzj.icp:8500/ibmcom/vulnerability-annotator-amd64:1.3.1 lzj.icp:8500/ibmcom/vulnerability-annotator:1.3.1] 757013017} {[lzj.icp:8500/ibmcom/py-generic-indexer-amd64@sha256:45cb17e23e15f4dfe44471309af12f0655aad5f8e859c718f393290f220b02b2 lzj.icp:8500/ibmcom/py-generic-indexer-amd64:1.3.1 lzj.icp:8500/ibmcom/py-generic-indexer:1.3.1] 755588945} {[lzj.icp:8500/ibmcom/icp-inception-amd64@sha256:1dad180d14ae732d17ca5cf41b87dbb316c072323f186d60a08a753f904eb5b2 ibmcom/icp-inception-amd64:3.1.0-ee lzj.icp:8500/ibmcom/icp-inception-amd64:3.1.0-ee lzj.icp:8500/ibmcom/icp-inception:3.1.0-ee] 744155119} {[lzj.icp:8500/ibmcom/config-parser-amd64@sha256:7d721e0b5a827921ac16fa9e7570db225211e6dd700cdeaba1d28ba02ff8ef6d lzj.icp:8500/ibmcom/config-parser-amd64:1.3.1 lzj.icp:8500/ibmcom/config-parser:1.3.1] 739243486} {[lzj.icp:8500/ibmcom/iam-policy-administration-amd64@sha256:e1941aa09a5b692505cb3be3e497d3ff9acb900786b9a2c8c4c00d0243b37dd0 lzj.icp:8500/ibmcom/iam-policy-administration-amd64:3.1.0 lzj.icp:8500/ibmcom/iam-policy-administration:3.1.0] 711947327} {[lzj.icp:8500/ibmcom/password-annotator-amd64@sha256:bca1b6b222d8ea8ade174a8cc1a549f161d75d3e9d69881f08a1fb316a8e27d3 lzj.icp:8500/ibmcom/password-annotator-amd64:1.3.1 lzj.icp:8500/ibmcom/password-annotator:1.3.1] 707627907} {[lzj.icp:8500/ibmcom/notification-dispatcher-amd64@sha256:ec8dfbc351a0d758488f9f8bfa17c3182a5c02819a6ebf7144ab914a2233cf57 lzj.icp:8500/ibmcom/notification-dispatcher-amd64:1.3.1 lzj.icp:8500/ibmcom/notification-dispatcher:1.3.1] 707588442} {[lzj.icp:8500/ibmcom/sas-base-amd64@sha256:9651b1149c62d5a0968aaeffe71f2da68cd7e07ff8d7ea67538278c00ab08457 lzj.icp:8500/ibmcom/sas-base-amd64:1.3.1 lzj.icp:8500/ibmcom/sas-base:1.3.1] 653746081} {[lzj.icp:8500/ibmcom/ma-file-annotator-amd64@sha256:8caa6280fd845fd524ad874a6b243510ebf085d58c989229020fcfc743492632 lzj.icp:8500/ibmcom/ma-file-annotator-amd64:1.3.1 lzj.icp:8500/ibmcom/ma-file-annotator:1.3.1] 653745236} {[lzj.icp:8500/ibmcom/icp-kibana-amd64@sha256:8b69887ac5297e1d2e68b9c2ce885b9a888f6c278ca1538acb0f03206b48502a lzj.icp:8500/ibmcom/icp-kibana-amd64:5.5.1 lzj.icp:8500/ibmcom/icp-kibana:5.5.1] 639622018} {[lzj.icp:8500/ibmcom/icp-platform-api-amd64@sha256:1fc47925c2611aef12631b3f3806308f55a298074aebc561fd04cf8a7691c669 lzj.icp:8500/ibmcom/icp-platform-api-amd64:3.1.0 lzj.icp:8500/ibmcom/icp-platform-api:3.1.0] 612589125} {[lzj.icp:8500/ibmcom/iam-policy-decision-amd64@sha256:d49eb3845c57bb8370a477949d92da10a178b81ade50f0e9d970981fadd6686d lzj.icp:8500/ibmcom/iam-policy-decision-amd64:3.1.0 lzj.icp:8500/ibmcom/iam-policy-decision:3.1.0] 559718344} {[lzj.icp:8500/ibmcom/rootkit-annotator-amd64@sha256:caf6c24136b8785d901f346a640d673b55fe105c3617cfcb432ee2006f5b1cf4 lzj.icp:8500/ibmcom/rootkit-annotator-amd64:1.3.1 lzj.icp:8500/ibmcom/rootkit-annotator:1.3.1] 549434506} {[lzj.icp:8500/ibmcom/icp-elasticsearch-amd64@sha256:0063a7a931ca4e52d8f7a51f2bdb010345f4373b5b904b52e5c8a48ec0c1fde7 lzj.icp:8500/ibmcom/icp-elasticsearch-amd64:5.5.1 lzj.icp:8500/ibmcom/icp-elasticsearch:5.5.1] 520121248} {[lzj.icp:8500/ibmcom/logging-pki-init-amd64@sha256:cc4bfa085e1ae99120ee526acd3e62d205e10de6f1c773c521fc5b933914f6a8 lzj.icp:8500/ibmcom/logging-pki-init-amd64:2.0.0 lzj.icp:8500/ibmcom/logging-pki-init:2.0.0] 501921135} {[lzj.icp:8500/ibmcom/searchguard-init-amd64@sha256:d19ce1d27f406945d4ed78b0f07007998c2ab3889086e502924847c2186db546 lzj.icp:8500/ibmcom/searchguard-init-amd64:2.0.0 lzj.icp:8500/ibmcom/searchguard-init:2.0.0] 457030441} {[lzj.icp:8500/ibmcom/metering-ui-amd64@sha256:3628a8fe41183c08ea0b02e2e798e3649e4aebe2c2405c34572b9eb7c7c4d9a8 lzj.icp:8500/ibmcom/metering-ui-amd64:3.1.0 lzj.icp:8500/ibmcom/metering-ui:3.1.0] 385577105} {[lzj.icp:8500/ibmcom/heketi-amd64@sha256:c5b579a4f219c87990f861eb61de86cb9cfb51b6d230b8c299df7d9fd3d02d0e lzj.icp:8500/ibmcom/heketi-amd64:v7.0.0 lzj.icp:8500/ibmcom/heketi:v7.0.0] 384720377} {[lzj.icp:8500/ibmcom/icp-mongodb-amd64@sha256:a305ae8bc309898d86bf60aee968846db3602f77b25924640d5f08a2389ee99d lzj.icp:8500/ibmcom/icp-mongodb-amd64:3.1.0 lzj.icp:8500/ibmcom/icp-mongodb:3.1.0] 379353410} {[lzj.icp:8500/ibmcom/icp-catalog-ui-amd64@sha256:33993b4eab189e3c78fe27799017da770d47523cf6831460741008bf91297d6d lzj.icp:8500/ibmcom/icp-catalog-ui-amd64:3.1.0 lzj.icp:8500/ibmcom/icp-catalog-ui:3.1.0] 363781304} {[lzj.icp:8500/ibmcom/nginx-ingress-controller-amd64@sha256:63b48dd3ba635aa65409f7d6a319e293697810c1b9e885e6255bebf36a2506ab lzj.icp:8500/ibmcom/nginx-ingress-controller-amd64:0.16.2 lzj.icp:8500/ibmcom/nginx-ingress-controller:0.16.2] 361632894} {[lzj.icp:8500/ibmcom/mariadb-amd64@sha256:1f9876179c32fcf463804f75cbf2fb031106edf2be9d5dbf6705375ca53930bb lzj.icp:8500/ibmcom/mariadb-amd64:10.2.17 lzj.icp:8500/ibmcom/mariadb:10.2.17] 358991946} {[lzj.icp:8500/ibmcom/k8szk-amd64@sha256:a9ee22a4df14654552a02303e4560623244683692fd298dd2fb71e9dd66219f3 lzj.icp:8500/ibmcom/k8szk-amd64:v3 lzj.icp:8500/ibmcom/k8szk:v3] 331472973} {[lzj.icp:8500/ibmcom/gluster-amd64@sha256:647caedb536eb7b8c5c8b0a2b69e52d2a34be9e6c9c7b9c1b21d14fcfa261886 lzj.icp:8500/ibmcom/gluster-amd64:v4.0.2 lzj.icp:8500/ibmcom/gluster:v4.0.2] 324265531} {[lzj.icp:8500/ibmcom/istio-grafana-amd64@sha256:381a2dd3a5addbc5d43920bc19bb15ba6dbd422e4a9d91163108e72c5a63234c lzj.icp:8500/ibmcom/istio-grafana-amd64:1.0.0.1 lzj.icp:8500/ibmcom/istio-grafana:1.0.0.1] 324187770} {[lzj.icp:8500/ibmcom/icp-filebeat-amd64@sha256:03af9b78dad6c2ba857975d10c81e781460796dff1ff1163ea4596f4aa10601d lzj.icp:8500/ibmcom/icp-filebeat-amd64:5.5.1 lzj.icp:8500/ibmcom/icp-filebeat:5.5.1] 317104874} {[lzj.icp:8500/ibmcom/istio-proxyv2-amd64@sha256:cd77e75fa85ce74914e1b7b0bef980ece8a62ef0d776c9ef51a0d7d30b4b64a0 lzj.icp:8500/ibmcom/istio-proxyv2-amd64:1.0.0.1 lzj.icp:8500/ibmcom/istio-proxyv2:1.0.0.1] 311276139} {[lzj.icp:8500/ibmcom/istio-pilot-amd64@sha256:63352073a964037fd37f6150228231d2e5eca7e0c2920405d6269326d3c54263 lzj.icp:8500/ibmcom/istio-pilot-amd64:1.0.0.1 lzj.icp:8500/ibmcom/istio-pilot:1.0.0.1] 309502004} {[lzj.icp:8500/ibmcom/fluentd-amd64@sha256:384a99b8d941c93f96ee5b5cbae5b70500219a3f71c73cf4eddd20d9d693e3b3 lzj.icp:8500/ibmcom/fluentd-amd64:v1.2.2-icp lzj.icp:8500/ibmcom/fluentd:v1.2.2-icp] 270902701} {[lzj.icp:8500/ibmcom/icp-identity-manager-amd64@sha256:632f31acd0fcfc3d0cebea31cfb71018f6712bd1a1b4da7476942b3c23aa3521 lzj.icp:8500/ibmcom/icp-identity-manager-amd64:3.1.0 lzj.icp:8500/ibmcom/icp-identity-manager:3.1.0] 268667523} {[lzj.icp:8500/ibmcom/elasticsearch-plugin-searchguard-amd64@sha256:28f88d06bbbc073162702064c1be4ad06272e9021cbc0f929ba8c6da2ca25ae6 lzj.icp:8500/ibmcom/elasticsearch-plugin-searchguard-amd64:2.0.0 lzj.icp:8500/ibmcom/elasticsearch-plugin-searchguard:2.0.0] 267864279} {[lzj.icp:8500/ibmcom/kiali-amd64@sha256:bec63b454cf2e597c61f6a9943144050e5e6fc7a4f6474bc3bb6b627ba20c71c lzj.icp:8500/ibmcom/kiali-amd64:istio-release-1.0.0.1 lzj.icp:8500/ibmcom/kiali:istio-release-1.0.0.1] 265771300} {[lzj.icp:8500/ibmcom/calico-node-amd64@sha256:9871f4dde9eab9fd804b12f3114da36505ff5c220e2323b7434eec24e3b23ac5 lzj.icp:8500/ibmcom/calico-node-amd64:v3.1.3 lzj.icp:8500/ibmcom/calico-node:v3.1.3] 248202699} {[lzj.icp:8500/ibmcom/grafana-amd64@sha256:dc3566257a0c716caedfb33127d8ee385290c1dda006bebfb75c376d56b30c88 lzj.icp:8500/ibmcom/grafana-amd64:5.2.0 lzj.icp:8500/ibmcom/grafana:5.2.0] 245297582} {[lzj.icp:8500/ibmcom/indices-cleaner-amd64@sha256:e6c6453d54012488e9ebfaa9e4d829f567d8e66b24c1613e6d88ca192ed5e85b lzj.icp:8500/ibmcom/indices-cleaner-amd64:1.0.0 lzj.icp:8500/ibmcom/indices-cleaner:1.0.0] 238131553} {[lzj.icp:8500/ibmcom/icp-identity-provider-amd64@sha256:24dba8b07c8295eef99abbf8d83041908516e4e50e4e4cfbbbcd53bdf415dda1 lzj.icp:8500/ibmcom/icp-identity-provider-amd64:3.1.0 lzj.icp:8500/ibmcom/icp-identity-provider:3.1.0] 224286517} {[lzj.icp:8500/ibmcom/curl-amd64@sha256:aad05b4e4529f7e70516d8d3028cae6cd1d50de738ce164f2a532ce2470ac43f lzj.icp:8500/ibmcom/curl-amd64:4.0.0 lzj.icp:8500/ibmcom/curl:4.0.0] 221192597} {[lzj.icp:8500/ibmcom/icp-audit-service-amd64@sha256:9add202c06a43da647380c860d9139fa059701fe103c1f229281215bf99dbbd3 lzj.icp:8500/ibmcom/icp-audit-service-amd64:3.1.0 lzj.icp:8500/ibmcom/icp-audit-service:3.1.0] 215897363}],VolumesInUse:[],VolumesAttached:[],Config:&amp;NodeConfigStatus{Assigned:nil,Active:nil,LastKnownGood:nil,Error:,},},}&#xA;Sep 19 07:40:32.244: INFO: &#xA;Logging kubelet events for node 10.46.6.173&#xA;Sep 19 07:40:32.247: INFO: &#xA;Logging pods the kubelet thinks is on node 10.46.6.173&#xA;Sep 19 07:40:32.288: INFO: istio-sidecar-injector-86d554f5f7-d57zk started at 2018-09-17 07:17:32 +0000 UTC (0+1 container statuses recorded)&#xA;Sep 19 07:40:32.288: INFO: &#x9;Container sidecar-injector-webhook ready: true, restart count 0&#xA;Sep 19 07:40:32.288: INFO: secret-watcher-5f59fcbc69-pfnfk started at 2018-09-17 07:18:05 +0000 UTC (0+1 container statuses recorded)&#xA;Sep 19 07:40:32.288: INFO: &#x9;Container secret-watcher ready: true, restart count 0&#xA;Sep 19 07:40:32.288: INFO: istio-telemetry-8b5964dc7-nw9kk started at 2018-09-17 07:23:11 +0000 UTC (0+2 container statuses recorded)&#xA;Sep 19 07:40:32.288: INFO: &#x9;Container istio-proxy ready: true, restart count 0&#xA;Sep 19 07:40:32.288: INFO: &#x9;Container mixer ready: true, restart count 0&#xA;Sep 19 07:40:32.288: INFO: platform-api-2fs4x started at 2018-09-17 07:08:45 +0000 UTC (0+2 container statuses recorded)&#xA;Sep 19 07:40:32.288: INFO: &#x9;Container audit-service ready: true, restart count 0&#xA;Sep 19 07:40:32.288: INFO: &#x9;Container platform-api ready: true, restart count 0&#xA;Sep 19 07:40:32.288: INFO: istio-telemetry-8b5964dc7-hcf6d started at 2018-09-17 07:17:29 +0000 UTC (0+2 container statuses recorded)&#xA;Sep 19 07:40:32.288: INFO: &#x9;Container istio-proxy ready: true, restart count 0&#xA;Sep 19 07:40:32.288: INFO: &#x9;Container mixer ready: true, restart count 0&#xA;Sep 19 07:40:32.288: INFO: catalog-ui-5rtkh started at 2018-09-17 07:15:57 +0000 UTC (0+1 container statuses recorded)&#xA;Sep 19 07:40:32.288: INFO: &#x9;Container catalog-ui ready: true, restart count 0&#xA;Sep 19 07:40:32.288: INFO: istio-policy-5b64d7fd64-jrlzt started at 2018-09-17 07:23:11 +0000 UTC (0+2 container statuses recorded)&#xA;Sep 19 07:40:32.288: INFO: &#x9;Container istio-proxy ready: true, restart count 0&#xA;Sep 19 07:40:32.288: INFO: &#x9;Container mixer ready: true, restart count 0&#xA;Sep 19 07:40:32.288: INFO: calico-kube-controllers-dcb8cc97c-gtsqp started at 2018-09-17 07:05:53 +0000 UTC (0+1 container statuses recorded)&#xA;Sep 19 07:40:32.288: INFO: &#x9;Container calico-kube-controllers ready: true, restart count 0&#xA;Sep 19 07:40:32.288: INFO: icp-mongodb-0 started at 2018-09-17 07:07:42 +0000 UTC (2+1 container statuses recorded)&#xA;Sep 19 07:40:32.288: INFO: &#x9;Init container install ready: true, restart count 0&#xA;Sep 19 07:40:32.288: INFO: &#x9;Init container bootstrap ready: true, restart count 0&#xA;Sep 19 07:40:32.288: INFO: &#x9;Container icp-mongodb ready: true, restart count 0&#xA;Sep 19 07:40:32.288: INFO: image-manager-0 started at 2018-09-17 06:38:56 +0000 UTC (0+2 container statuses recorded)&#xA;Sep 19 07:40:32.288: INFO: &#x9;Container icp-registry ready: true, restart count 0&#xA;Sep 19 07:40:32.288: INFO: &#x9;Container image-manager ready: true, restart count 0&#xA;Sep 19 07:40:32.288: INFO: platform-deploy-dbbks started at 2018-09-17 07:08:45 +0000 UTC (0+1 container statuses recorded)&#xA;Sep 19 07:40:32.288: INFO: &#x9;Container platform-deploy ready: true, restart count 0&#xA;Sep 19 07:40:32.288: INFO: auth-apikeys-x45mz started at 2018-09-17 07:10:12 +0000 UTC (0+1 container statuses recorded)&#xA;Sep 19 07:40:32.288: INFO: &#x9;Container auth-apikeys ready: true, restart count 0&#xA;Sep 19 07:40:32.288: INFO: istio-policy-5b64d7fd64-fb4bc started at 2018-09-17 07:27:37 +0000 UTC (0+2 container statuses recorded)&#xA;Sep 19 07:40:32.288: INFO: &#x9;Container istio-proxy ready: true, restart count 0&#xA;Sep 19 07:40:32.288: INFO: &#x9;Container mixer ready: true, restart count 0&#xA;Sep 19 07:40:32.288: INFO: k8s-proxy-10.46.6.173 started at &lt;nil&gt; (0+0 container statuses recorded)&#xA;Sep 19 07:40:32.288: INFO: k8s-etcd-10.46.6.173 started at &lt;nil&gt; (0+0 container statuses recorded)&#xA;Sep 19 07:40:32.288: INFO: istio-ingressgateway-7bc96d6585-r98nr started at 2018-09-17 07:28:10 +0000 UTC (0+1 container statuses recorded)&#xA;Sep 19 07:40:32.288: INFO: &#x9;Container istio-ingressgateway ready: true, restart count 0&#xA;Sep 19 07:40:32.288: INFO: istio-policy-5b64d7fd64-pt9z2 started at 2018-09-17 07:17:30 +0000 UTC (0+2 container statuses recorded)&#xA;Sep 19 07:40:32.288: INFO: &#x9;Container istio-proxy ready: true, restart count 0&#xA;Sep 19 07:40:32.288: INFO: &#x9;Container mixer ready: true, restart count 0&#xA;Sep 19 07:40:32.288: INFO: istio-policy-5b64d7fd64-z68j4 started at 2018-09-17 07:19:38 +0000 UTC (0+2 container statuses recorded)&#xA;Sep 19 07:40:32.288: INFO: &#x9;Container istio-proxy ready: true, restart count 0&#xA;Sep 19 07:40:32.288: INFO: &#x9;Container mixer ready: true, restart count 0&#xA;Sep 19 07:40:32.288: INFO: metering-reader-l7284 started at 2018-09-17 07:14:11 +0000 UTC (1+1 container statuses recorded)&#xA;Sep 19 07:40:32.288: INFO: &#x9;Init container metering-reader-init ready: true, restart count 0&#xA;Sep 19 07:40:32.288: INFO: &#x9;Container metering-reader ready: true, restart count 0&#xA;Sep 19 07:40:32.288: INFO: istio-statsd-prom-bridge-66cb69b666-p76m8 started at 2018-09-17 07:17:29 +0000 UTC (0+1 container statuses recorded)&#xA;Sep 19 07:40:32.288: INFO: &#x9;Container statsd-prom-bridge ready: true, restart count 0&#xA;Sep 19 07:40:32.288: INFO: servicegraph-85578d8fc6-m62z4 started at 2018-09-17 07:17:32 +0000 UTC (0+1 container statuses recorded)&#xA;Sep 19 07:40:32.288: INFO: &#x9;Container servicegraph ready: true, restart count 0&#xA;Sep 19 07:40:32.288: INFO: mgmt-repo-57dc689b74-tmp44 started at 2018-09-17 07:17:51 +0000 UTC (1+2 container statuses recorded)&#xA;Sep 19 07:40:32.288: INFO: &#x9;Init container mgmt-repo-init ready: true, restart count 0&#xA;Sep 19 07:40:32.288: INFO: &#x9;Container audit-service ready: true, restart count 0&#xA;Sep 19 07:40:32.288: INFO: &#x9;Container mgmt-repo ready: true, restart count 0&#xA;Sep 19 07:40:32.288: INFO: istio-egressgateway-54448bcdbd-lhh5c started at 2018-09-17 07:20:07 +0000 UTC (0+1 container statuses recorded)&#xA;Sep 19 07:40:32.288: INFO: &#x9;Container istio-egressgateway ready: true, restart count 0&#xA;Sep 19 07:40:32.288: INFO: istio-ingressgateway-7bc96d6585-4qnc5 started at 2018-09-17 07:24:14 +0000 UTC (0+1 container statuses recorded)&#xA;Sep 19 07:40:32.288: INFO: &#x9;Container istio-ingressgateway ready: true, restart count 0&#xA;Sep 19 07:40:32.288: INFO: auth-idp-kjpmx started at 2018-09-17 07:10:04 +0000 UTC (1+4 container statuses recorded)&#xA;Sep 19 07:40:32.288: INFO: &#x9;Init container init-mariadb ready: true, restart count 0&#xA;Sep 19 07:40:32.288: INFO: &#x9;Container icp-audit-service ready: true, restart count 0&#xA;Sep 19 07:40:32.288: INFO: &#x9;Container platform-auth-service ready: true, restart count 0&#xA;Sep 19 07:40:32.288: INFO: &#x9;Container platform-identity-manager ready: true, restart count 0&#xA;Sep 19 07:40:32.288: INFO: &#x9;Container platform-identity-provider ready: true, restart count 0&#xA;Sep 19 07:40:32.288: INFO: helm-repo-5649f57447-wwdn4 started at 2018-09-17 07:13:54 +0000 UTC (1+2 container statuses recorded)&#xA;Sep 19 07:40:32.288: INFO: &#x9;Init container helm-repo-init ready: true, restart count 0&#xA;Sep 19 07:40:32.288: INFO: &#x9;Container audit-service ready: true, restart count 0&#xA;Sep 19 07:40:32.288: INFO: &#x9;Container helm-repo ready: true, restart count 0&#xA;Sep 19 07:40:32.288: INFO: istio-telemetry-8b5964dc7-vjqbq started at 2018-09-17 07:27:36 +0000 UTC (0+2 container statuses recorded)&#xA;Sep 19 07:40:32.288: INFO: &#x9;Container istio-proxy ready: true, restart count 0&#xA;Sep 19 07:40:32.288: INFO: &#x9;Container mixer ready: true, restart count 0&#xA;Sep 19 07:40:32.288: INFO: istio-telemetry-8b5964dc7-9q67f started at 2018-09-17 07:31:08 +0000 UTC (0+2 container statuses recorded)&#xA;Sep 19 07:40:32.288: INFO: &#x9;Container istio-proxy ready: true, restart count 0&#xA;Sep 19 07:40:32.288: INFO: &#x9;Container mixer ready: true, restart count 0&#xA;Sep 19 07:40:32.288: INFO: service-catalog-controller-manager-5969cccf86-65phs started at 2018-09-17 07:08:21 +0000 UTC (0+1 container statuses recorded)&#xA;Sep 19 07:40:32.288: INFO: &#x9;Container controller-manager ready: true, restart count 0&#xA;Sep 19 07:40:32.288: INFO: auth-pap-qb5m2 started at 2018-09-17 07:10:20 +0000 UTC (0+1 container statuses recorded)&#xA;Sep 19 07:40:32.288: INFO: &#x9;Container auth-pap ready: true, restart count 0&#xA;Sep 19 07:40:32.288: INFO: istio-pilot-6cf9ccf474-kkb6j started at 2018-09-17 07:17:31 +0000 UTC (0+2 container statuses recorded)&#xA;Sep 19 07:40:32.288: INFO: &#x9;Container discovery ready: true, restart count 0&#xA;Sep 19 07:40:32.288: INFO: &#x9;Container istio-proxy ready: true, restart count 0&#xA;Sep 19 07:40:32.288: INFO: nginx-ingress-controller-h5z2v started at 2018-09-17 07:08:28 +0000 UTC (1+1 container statuses recorded)&#xA;Sep 19 07:40:32.288: INFO: &#x9;Init container sysctl ready: true, restart count 0&#xA;Sep 19 07:40:32.288: INFO: &#x9;Container nginx-ingress ready: true, restart count 0&#xA;Sep 19 07:40:32.288: INFO: istio-egressgateway-54448bcdbd-pjbtc started at 2018-09-17 07:28:34 +0000 UTC (0+1 container statuses recorded)&#xA;Sep 19 07:40:32.288: INFO: &#x9;Container istio-egressgateway ready: true, restart count 0&#xA;Sep 19 07:40:32.288: INFO: calico-node-m7d5t started at 2018-09-17 07:05:54 +0000 UTC (0+2 container statuses recorded)&#xA;Sep 19 07:40:32.288: INFO: &#x9;Container calico-node ready: true, restart count 0&#xA;Sep 19 07:40:32.288: INFO: &#x9;Container install-cni ready: true, restart count 0&#xA;Sep 19 07:40:32.288: INFO: ibm-cert-manager-cert-manager-74687f689b-7994r started at 2018-09-17 07:07:12 +0000 UTC (0+1 container statuses recorded)&#xA;Sep 19 07:40:32.288: INFO: &#x9;Container ibm-cert-manager ready: true, restart count 0&#xA;Sep 19 07:40:32.288: INFO: security-onboarding-tkf79 started at 2018-09-17 07:18:12 +0000 UTC (0+1 container statuses recorded)&#xA;Sep 19 07:40:32.288: INFO: &#x9;Container security-onboarding ready: false, restart count 0&#xA;Sep 19 07:40:32.288: INFO: istio-egressgateway-54448bcdbd-xmkbc started at 2018-09-17 07:24:11 +0000 UTC (0+1 container statuses recorded)&#xA;Sep 19 07:40:32.288: INFO: &#x9;Container istio-egressgateway ready: true, restart count 0&#xA;Sep 19 07:40:32.288: INFO: k8s-master-10.46.6.173 started at &lt;nil&gt; (0+0 container statuses recorded)&#xA;Sep 19 07:40:32.288: INFO: grafana-77676f44f7-c9wr6 started at 2018-09-17 07:17:28 +0000 UTC (0+1 container statuses recorded)&#xA;Sep 19 07:40:32.288: INFO: &#x9;Container grafana ready: true, restart count 1&#xA;Sep 19 07:40:32.288: INFO: istio-ingressgateway-7bc96d6585-smf45 started at 2018-09-17 07:17:28 +0000 UTC (0+1 container statuses recorded)&#xA;Sep 19 07:40:32.288: INFO: &#x9;Container istio-ingressgateway ready: true, restart count 0&#xA;Sep 19 07:40:32.288: INFO: tiller-deploy-6b58875cb-5l8kh started at 2018-09-17 07:05:28 +0000 UTC (0+1 container statuses recorded)&#xA;Sep 19 07:40:32.288: INFO: &#x9;Container tiller ready: true, restart count 0&#xA;Sep 19 07:40:32.288: INFO: unified-router-lkwnl started at 2018-09-17 07:15:31 +0000 UTC (0+1 container statuses recorded)&#xA;Sep 19 07:40:32.288: INFO: &#x9;Container unified-router ready: true, restart count 0&#xA;Sep 19 07:40:32.288: INFO: monitoring-prometheus-nodeexporter-f84fv started at 2018-09-17 07:15:45 +0000 UTC (0+2 container statuses recorded)&#xA;Sep 19 07:40:32.288: INFO: &#x9;Container nodeexporter ready: true, restart count 0&#xA;Sep 19 07:40:32.288: INFO: &#x9;Container router ready: true, restart count 0&#xA;Sep 19 07:40:32.288: INFO: prometheus-6f98d89664-wh7pb started at 2018-09-17 07:17:31 +0000 UTC (0+1 container statuses recorded)&#xA;Sep 19 07:40:32.288: INFO: &#x9;Container prometheus ready: true, restart count 0&#xA;Sep 19 07:40:32.288: INFO: vulnerability-advisor-live-crawler-p6khc started at 2018-09-17 07:19:02 +0000 UTC (0+1 container statuses recorded)&#xA;Sep 19 07:40:32.288: INFO: &#x9;Container live-crawler ready: true, restart count 0&#xA;Sep 19 07:40:32.288: INFO: default-backend-54966589c4-4d47g started at 2018-09-17 07:08:29 +0000 UTC (0+1 container statuses recorded)&#xA;Sep 19 07:40:32.288: INFO: &#x9;Container default-backend ready: true, restart count 0&#xA;Sep 19 07:40:32.288: INFO: platform-ui-6fjgx started at 2018-09-17 07:14:34 +0000 UTC (0+1 container statuses recorded)&#xA;Sep 19 07:40:32.288: INFO: &#x9;Container platform-ui ready: true, restart count 0&#xA;Sep 19 07:40:32.288: INFO: kiali-7f8c59df94-25qmq started at 2018-09-17 07:17:27 +0000 UTC (0+1 container statuses recorded)&#xA;Sep 19 07:40:32.288: INFO: &#x9;Container kiali ready: true, restart count 0&#xA;Sep 19 07:40:32.288: INFO: service-catalog-apiserver-967x9 started at 2018-09-17 07:08:20 +0000 UTC (0+1 container statuses recorded)&#xA;Sep 19 07:40:32.288: INFO: &#x9;Container apiserver ready: true, restart count 0&#xA;Sep 19 07:40:32.288: INFO: oidc-client-registration-szxrk started at 2018-09-17 07:10:05 +0000 UTC (0+1 container statuses recorded)&#xA;Sep 19 07:40:32.288: INFO: &#x9;Container oidc-client-registration ready: false, restart count 0&#xA;Sep 19 07:40:32.288: INFO: icp-management-ingress-x6qn8 started at 2018-09-17 07:10:36 +0000 UTC (0+1 container statuses recorded)&#xA;Sep 19 07:40:32.288: INFO: &#x9;Container icp-management-ingress ready: true, restart count 0&#xA;Sep 19 07:40:32.288: INFO: istio-egressgateway-54448bcdbd-cqlhf started at 2018-09-17 07:24:11 +0000 UTC (0+1 container statuses recorded)&#xA;Sep 19 07:40:32.288: INFO: &#x9;Container istio-egressgateway ready: true, restart count 0&#xA;Sep 19 07:40:32.288: INFO: kube-dns-mwjc8 started at 2018-09-17 07:06:10 +0000 UTC (0+1 container statuses recorded)&#xA;Sep 19 07:40:32.288: INFO: &#x9;Container kube-dns ready: true, restart count 0&#xA;Sep 19 07:40:32.288: INFO: auth-pdp-tk2jm started at 2018-09-17 07:10:28 +0000 UTC (5+2 container statuses recorded)&#xA;Sep 19 07:40:32.288: INFO: &#x9;Init container init-auth-service ready: true, restart count 0&#xA;Sep 19 07:40:32.288: INFO: &#x9;Init container init-identity-provider ready: true, restart count 0&#xA;Sep 19 07:40:32.288: INFO: &#x9;Init container init-identity-manager ready: true, restart count 0&#xA;Sep 19 07:40:32.288: INFO: &#x9;Init container init-token-service ready: true, restart count 0&#xA;Sep 19 07:40:32.288: INFO: &#x9;Init container init-pap ready: true, restart count 0&#xA;Sep 19 07:40:32.288: INFO: &#x9;Container auth-pdp ready: true, restart count 0&#xA;Sep 19 07:40:32.288: INFO: &#x9;Container icp-audit-service ready: true, restart count 0&#xA;Sep 19 07:40:32.288: INFO: istio-tracing-77ccfc8844-79ngl started at 2018-09-17 07:17:32 +0000 UTC (0+1 container statuses recorded)&#xA;Sep 19 07:40:32.288: INFO: &#x9;Container jaeger ready: true, restart count 0&#xA;Sep 19 07:40:32.289: INFO: audit-logging-fluentd-ds-dhcg6 started at 2018-09-17 07:18:46 +0000 UTC (0+1 container statuses recorded)&#xA;Sep 19 07:40:32.289: INFO: &#x9;Container fluentd ready: true, restart count 0&#xA;Sep 19 07:40:32.289: INFO: istio-ingressgateway-7bc96d6585-m567m started at 2018-09-17 07:20:41 +0000 UTC (0+1 container statuses recorded)&#xA;Sep 19 07:40:32.289: INFO: &#x9;Container istio-ingressgateway ready: true, restart count 0&#xA;Sep 19 07:40:32.289: INFO: heapster-69b486565b-nt26r started at 2018-09-17 07:13:48 +0000 UTC (0+1 container statuses recorded)&#xA;Sep 19 07:40:32.289: INFO: &#x9;Container heapster ready: true, restart count 0&#xA;Sep 19 07:40:32.289: INFO: istio-galley-687cd96db-hlpng started at 2018-09-17 07:17:28 +0000 UTC (0+1 container statuses recorded)&#xA;Sep 19 07:40:32.289: INFO: &#x9;Container validator ready: true, restart count 0&#xA;Sep 19 07:40:32.289: INFO: istio-citadel-77694dc965-mwqkp started at 2018-09-17 07:17:31 +0000 UTC (0+1 container statuses recorded)&#xA;Sep 19 07:40:32.289: INFO: &#x9;Container citadel ready: true, restart count 0&#xA;Sep 19 07:40:32.289: INFO: vulnerability-advisor-process-ma-crawler-96728 started at 2018-09-17 07:19:03 +0000 UTC (0+1 container statuses recorded)&#xA;Sep 19 07:40:32.289: INFO: &#x9;Container process-ma-crawler ready: true, restart count 0&#xA;Sep 19 07:40:32.289: INFO: istio-telemetry-8b5964dc7-rfswc started at 2018-09-17 07:19:39 +0000 UTC (0+2 container statuses recorded)&#xA;Sep 19 07:40:32.289: INFO: &#x9;Container istio-proxy ready: true, restart count 0&#xA;Sep 19 07:40:32.289: INFO: &#x9;Container mixer ready: true, restart count 0&#xA;Sep 19 07:40:32.289: INFO: helm-api-fdd886877-6pwm8 started at 2018-09-17 07:16:36 +0000 UTC (0+3 container statuses recorded)&#xA;Sep 19 07:40:32.289: INFO: &#x9;Container audit-service ready: true, restart count 0&#xA;Sep 19 07:40:32.289: INFO: &#x9;Container helmapi ready: true, restart count 0&#xA;Sep 19 07:40:32.289: INFO: &#x9;Container rudder ready: true, restart count 0&#xA;Sep 19 07:40:32.289: INFO: istio-egressgateway-54448bcdbd-f4v6v started at 2018-09-17 07:17:29 +0000 UTC (0+1 container statuses recorded)&#xA;Sep 19 07:40:32.289: INFO: &#x9;Container istio-egressgateway ready: true, restart count 0&#xA;Sep 19 07:40:32.289: INFO: logging-elk-filebeat-ds-qf2vz started at 2018-09-17 07:15:20 +0000 UTC (0+1 container statuses recorded)&#xA;Sep 19 07:40:32.289: INFO: &#x9;Container filebeat ready: true, restart count 0&#xA;Sep 19 07:40:32.289: INFO: istio-ingressgateway-7bc96d6585-c58zx started at 2018-09-17 07:24:15 +0000 UTC (0+1 container statuses recorded)&#xA;Sep 19 07:40:32.289: INFO: &#x9;Container istio-ingressgateway ready: true, restart count 0&#xA;Sep 19 07:40:32.289: INFO: istio-policy-5b64d7fd64-5l2m9 started at 2018-09-17 07:31:07 +0000 UTC (0+2 container statuses recorded)&#xA;Sep 19 07:40:32.289: INFO: &#x9;Container istio-proxy ready: true, restart count 0&#xA;Sep 19 07:40:32.289: INFO: &#x9;Container mixer ready: true, restart count 0&#xA;Sep 19 07:40:32.289: INFO: nvidia-device-plugin-nh54k started at 2018-09-17 07:07:17 +0000 UTC (1+1 container statuses recorded)&#xA;Sep 19 07:40:32.289: INFO: &#x9;Init container nvidia-driver-collector ready: true, restart count 0&#xA;Sep 19 07:40:32.289: INFO: &#x9;Container nvidia-device-plugin ready: true, restart count 0&#xA;Sep 19 07:40:32.289: INFO: mariadb-0 started at 2018-09-17 07:08:38 +0000 UTC (0+1 container statuses recorded)&#xA;Sep 19 07:40:32.289: INFO: &#x9;Container mariadb ready: true, restart count 0&#xA;Sep 19 07:40:32.412: INFO: &#xA;Latency metrics for node 10.46.6.173&#xA;STEP: Dumping a list of prepulled images on each node to file /tmp/results/image-puller.txt&#xA;Sep 19 07:40:32.427: INFO: Waiting up to 3m0s for all (but 0) nodes to be ready&#xA;STEP: Destroying namespace &#34;e2e-tests-services-4m6bw&#34; for this suite.&#xA;Sep 19 07:40:38.457: INFO: Waiting up to 30s for server preferred namespaced resources to be successfully discovered&#xA;Sep 19 07:40:38.478: INFO: namespace: e2e-tests-services-4m6bw, resource: bindings, ignored listing per whitelist&#xA;Sep 19 07:40:40.379: INFO: namespace e2e-tests-services-4m6bw deletion completed in 7.945348681s&#xA;[AfterEach] [sig-network] Services&#xA;  /workspace/anago-v1.11.2-beta.0.50+bb9ffb1654d4a7/src/k8s.io/kubernetes/_output/dockerized/go/src/k8s.io/kubernetes/test/e2e/network/service.go:88&#xA;</system-out>
      </testcase>
      <testcase name="[sig-scheduling] Multi-AZ Clusters should spread the pods of a replication controller across zones" classname="Kubernetes e2e suite" time="0">
          <skipped></skipped>
      </testcase>
      <testcase name="[sig-storage] Subpath [Volume type: nfsPVC] should fail if subpath file is outside the volume [Slow]" classname="Kubernetes e2e suite" time="0">
          <skipped></skipped>
      </testcase>
      <testcase name="[sig-storage] PVC Protection Verify &#34;immediate&#34; deletion of a PVC that is not in active use by a pod" classname="Kubernetes e2e suite" time="0">
          <skipped></skipped>
      </testcase>
      <testcase name="[sig-autoscaling] [HPA] Horizontal pod autoscaling (scale resource: Custom Metrics from Stackdriver) should scale down with External Metric with target value from Stackdriver [Feature:CustomMetricsAutoscaling]" classname="Kubernetes e2e suite" time="0">
          <skipped></skipped>
      </testcase>
      <testcase name="[sig-cli] Kubectl Port forwarding [k8s.io] With a server listening on 0.0.0.0 [k8s.io] that expects a client request should support a client that connects, sends DATA, and disconnects" classname="Kubernetes e2e suite" time="0">
          <skipped></skipped>
      </testcase>
      <testcase name="[k8s.io] Variable Expansion should allow substituting values in a volume subpath [Feature:VolumeSubpathEnvExpansion][NodeAlphaFeature:VolumeSubpathEnvExpansion]" classname="Kubernetes e2e suite" time="0">
          <skipped></skipped>
      </testcase>
      <testcase name="[sig-api-machinery] CustomResourceDefinition Watch CustomResourceDefinition Watch watch on custom resource definition objects" classname="Kubernetes e2e suite" time="0">
          <skipped></skipped>
      </testcase>
      <testcase name="[sig-instrumentation] MetricsGrabber should grab all metrics from a Kubelet." classname="Kubernetes e2e suite" time="0">
          <skipped></skipped>
      </testcase>
      <testcase name="[sig-storage] Subpath [Volume type: gcePDPartitioned] should support file as subpath" classname="Kubernetes e2e suite" time="0">
          <skipped></skipped>
      </testcase>
      <testcase name="[k8s.io] Pods should be updated [NodeConformance] [Conformance]" classname="Kubernetes e2e suite" time="9.062298894">
          <failure type="Failure">/workspace/anago-v1.11.2-beta.0.50+bb9ffb1654d4a7/src/k8s.io/kubernetes/_output/dockerized/go/src/k8s.io/kubernetes/test/e2e/framework/framework.go:684&#xA;Error creating Pod&#xA;Expected error:&#xA;    &lt;*errors.StatusError | 0xc420c806c0&gt;: {&#xA;        ErrStatus: {&#xA;            TypeMeta: {Kind: &#34;&#34;, APIVersion: &#34;&#34;},&#xA;            ListMeta: {SelfLink: &#34;&#34;, ResourceVersion: &#34;&#34;, Continue: &#34;&#34;},&#xA;            Status: &#34;Failure&#34;,&#xA;            Message: &#34;Internal error occurred: admission webhook \&#34;trust.hooks.securityenforcement.admission.cloud.ibm.com\&#34; denied the request: \nDeny \&#34;k8s.gcr.io/nginx-slim-amd64:0.20\&#34;, no matching repositories in ClusterImagePolicy and no ImagePolicies in the \&#34;e2e-tests-pods-x252g\&#34; namespace&#34;,&#xA;            Reason: &#34;InternalError&#34;,&#xA;            Details: {&#xA;                Name: &#34;&#34;,&#xA;                Group: &#34;&#34;,&#xA;                Kind: &#34;&#34;,&#xA;                UID: &#34;&#34;,&#xA;                Causes: [&#xA;                    {&#xA;                        Type: &#34;&#34;,&#xA;                        Message: &#34;admission webhook \&#34;trust.hooks.securityenforcement.admission.cloud.ibm.com\&#34; denied the request: \nDeny \&#34;k8s.gcr.io/nginx-slim-amd64:0.20\&#34;, no matching repositories in ClusterImagePolicy and no ImagePolicies in the \&#34;e2e-tests-pods-x252g\&#34; namespace&#34;,&#xA;                        Field: &#34;&#34;,&#xA;                    },&#xA;                ],&#xA;                RetryAfterSeconds: 0,&#xA;            },&#xA;            Code: 500,&#xA;        },&#xA;    }&#xA;    Internal error occurred: admission webhook &#34;trust.hooks.securityenforcement.admission.cloud.ibm.com&#34; denied the request: &#xA;    Deny &#34;k8s.gcr.io/nginx-slim-amd64:0.20&#34;, no matching repositories in ClusterImagePolicy and no ImagePolicies in the &#34;e2e-tests-pods-x252g&#34; namespace&#xA;not to have occurred&#xA;/workspace/anago-v1.11.2-beta.0.50+bb9ffb1654d4a7/src/k8s.io/kubernetes/_output/dockerized/go/src/k8s.io/kubernetes/test/e2e/framework/pods.go:76</failure>
          <system-out>[BeforeEach] [k8s.io] Pods&#xA;  /workspace/anago-v1.11.2-beta.0.50+bb9ffb1654d4a7/src/k8s.io/kubernetes/_output/dockerized/go/src/k8s.io/kubernetes/test/e2e/framework/framework.go:141&#xA;STEP: Creating a kubernetes client&#xA;Sep 19 07:40:40.380: INFO: &gt;&gt;&gt; kubeConfig: /tmp/kubeconfig-172917420&#xA;STEP: Building a namespace api object&#xA;STEP: Binding the e2e-test-privileged-psp PodSecurityPolicy to the default service account in e2e-tests-pods-x252g&#xA;STEP: Waiting for a default service account to be provisioned in namespace&#xA;[BeforeEach] [k8s.io] Pods&#xA;  /workspace/anago-v1.11.2-beta.0.50+bb9ffb1654d4a7/src/k8s.io/kubernetes/_output/dockerized/go/src/k8s.io/kubernetes/test/e2e/common/pods.go:127&#xA;[It] should be updated [NodeConformance] [Conformance]&#xA;  /workspace/anago-v1.11.2-beta.0.50+bb9ffb1654d4a7/src/k8s.io/kubernetes/_output/dockerized/go/src/k8s.io/kubernetes/test/e2e/framework/framework.go:684&#xA;STEP: creating the pod&#xA;STEP: submitting the pod to kubernetes&#xA;Sep 19 07:40:40.863: INFO: Unexpected error occurred: Internal error occurred: admission webhook &#34;trust.hooks.securityenforcement.admission.cloud.ibm.com&#34; denied the request: &#xA;Deny &#34;k8s.gcr.io/nginx-slim-amd64:0.20&#34;, no matching repositories in ClusterImagePolicy and no ImagePolicies in the &#34;e2e-tests-pods-x252g&#34; namespace&#xA;[AfterEach] [k8s.io] Pods&#xA;  /workspace/anago-v1.11.2-beta.0.50+bb9ffb1654d4a7/src/k8s.io/kubernetes/_output/dockerized/go/src/k8s.io/kubernetes/test/e2e/framework/framework.go:142&#xA;STEP: Collecting events from namespace &#34;e2e-tests-pods-x252g&#34;.&#xA;STEP: Found 0 events.&#xA;Sep 19 07:40:40.912: INFO: POD                                                              NODE         PHASE      GRACE  CONDITIONS&#xA;Sep 19 07:40:40.913: INFO: ibm-cert-manager-cert-manager-74687f689b-7994r                   10.46.6.173  Running           [{Initialized True 0001-01-01 00:00:00 +0000 UTC 2018-09-17 07:07:12 +0000 UTC  } {Ready True 0001-01-01 00:00:00 +0000 UTC 2018-09-17 07:07:37 +0000 UTC  } {ContainersReady True 0001-01-01 00:00:00 +0000 UTC 0001-01-01 00:00:00 +0000 UTC  } {PodScheduled True 0001-01-01 00:00:00 +0000 UTC 2018-09-17 07:07:12 +0000 UTC  }]&#xA;Sep 19 07:40:40.913: INFO: sonobuoy                                                         10.46.6.170  Running           [{Initialized True 0001-01-01 00:00:00 +0000 UTC 2018-09-19 07:22:02 +0000 UTC  } {Ready True 0001-01-01 00:00:00 +0000 UTC 2018-09-19 07:22:08 +0000 UTC  } {ContainersReady True 0001-01-01 00:00:00 +0000 UTC 0001-01-01 00:00:00 +0000 UTC  } {PodScheduled True 0001-01-01 00:00:00 +0000 UTC 2018-09-19 07:22:02 +0000 UTC  }]&#xA;Sep 19 07:40:40.913: INFO: sonobuoy-e2e-job-c3f9b53ea97c48a2                                10.46.6.170  Running           [{Initialized True 0001-01-01 00:00:00 +0000 UTC 2018-09-19 07:22:08 +0000 UTC  } {Ready True 0001-01-01 00:00:00 +0000 UTC 2018-09-19 07:22:25 +0000 UTC  } {ContainersReady True 0001-01-01 00:00:00 +0000 UTC 0001-01-01 00:00:00 +0000 UTC  } {PodScheduled True 0001-01-01 00:00:00 +0000 UTC 2018-09-19 07:22:08 +0000 UTC  }]&#xA;Sep 19 07:40:40.913: INFO: grafana-77676f44f7-c9wr6                                         10.46.6.173  Running           [{Initialized True 0001-01-01 00:00:00 +0000 UTC 2018-09-17 07:17:28 +0000 UTC  } {Ready True 0001-01-01 00:00:00 +0000 UTC 2018-09-17 07:20:34 +0000 UTC  } {ContainersReady True 0001-01-01 00:00:00 +0000 UTC 0001-01-01 00:00:00 +0000 UTC  } {PodScheduled True 0001-01-01 00:00:00 +0000 UTC 2018-09-17 07:17:27 +0000 UTC  }]&#xA;Sep 19 07:40:40.913: INFO: istio-citadel-77694dc965-mwqkp                                   10.46.6.173  Running           [{Initialized True 0001-01-01 00:00:00 +0000 UTC 2018-09-17 07:17:31 +0000 UTC  } {Ready True 0001-01-01 00:00:00 +0000 UTC 2018-09-17 07:18:30 +0000 UTC  } {ContainersReady True 0001-01-01 00:00:00 +0000 UTC 0001-01-01 00:00:00 +0000 UTC  } {PodScheduled True 0001-01-01 00:00:00 +0000 UTC 2018-09-17 07:17:28 +0000 UTC  }]&#xA;Sep 19 07:40:40.913: INFO: istio-egressgateway-54448bcdbd-cqlhf                             10.46.6.173  Running           [{Initialized True 0001-01-01 00:00:00 +0000 UTC 2018-09-17 07:24:11 +0000 UTC  } {Ready True 0001-01-01 00:00:00 +0000 UTC 2018-09-17 07:25:19 +0000 UTC  } {ContainersReady True 0001-01-01 00:00:00 +0000 UTC 0001-01-01 00:00:00 +0000 UTC  } {PodScheduled True 0001-01-01 00:00:00 +0000 UTC 2018-09-17 07:24:10 +0000 UTC  }]&#xA;Sep 19 07:40:40.913: INFO: istio-egressgateway-54448bcdbd-f4v6v                             10.46.6.173  Running           [{Initialized True 0001-01-01 00:00:00 +0000 UTC 2018-09-17 07:17:29 +0000 UTC  } {Ready True 0001-01-01 00:00:00 +0000 UTC 2018-09-17 07:18:31 +0000 UTC  } {ContainersReady True 0001-01-01 00:00:00 +0000 UTC 0001-01-01 00:00:00 +0000 UTC  } {PodScheduled True 0001-01-01 00:00:00 +0000 UTC 2018-09-17 07:17:27 +0000 UTC  }]&#xA;Sep 19 07:40:40.913: INFO: istio-egressgateway-54448bcdbd-lhh5c                             10.46.6.173  Running           [{Initialized True 0001-01-01 00:00:00 +0000 UTC 2018-09-17 07:20:07 +0000 UTC  } {Ready True 0001-01-01 00:00:00 +0000 UTC 2018-09-17 07:21:11 +0000 UTC  } {ContainersReady True 0001-01-01 00:00:00 +0000 UTC 0001-01-01 00:00:00 +0000 UTC  } {PodScheduled True 0001-01-01 00:00:00 +0000 UTC 2018-09-17 07:20:06 +0000 UTC  }]&#xA;Sep 19 07:40:40.913: INFO: istio-egressgateway-54448bcdbd-pjbtc                             10.46.6.173  Running           [{Initialized True 0001-01-01 00:00:00 +0000 UTC 2018-09-17 07:28:34 +0000 UTC  } {Ready True 0001-01-01 00:00:00 +0000 UTC 2018-09-17 07:29:40 +0000 UTC  } {ContainersReady True 0001-01-01 00:00:00 +0000 UTC 0001-01-01 00:00:00 +0000 UTC  } {PodScheduled True 0001-01-01 00:00:00 +0000 UTC 2018-09-17 07:28:34 +0000 UTC  }]&#xA;Sep 19 07:40:40.913: INFO: istio-egressgateway-54448bcdbd-xmkbc                             10.46.6.173  Running           [{Initialized True 0001-01-01 00:00:00 +0000 UTC 2018-09-17 07:24:11 +0000 UTC  } {Ready True 0001-01-01 00:00:00 +0000 UTC 2018-09-17 07:25:10 +0000 UTC  } {ContainersReady True 0001-01-01 00:00:00 +0000 UTC 0001-01-01 00:00:00 +0000 UTC  } {PodScheduled True 0001-01-01 00:00:00 +0000 UTC 2018-09-17 07:24:10 +0000 UTC  }]&#xA;Sep 19 07:40:40.913: INFO: istio-galley-687cd96db-hlpng                                     10.46.6.173  Running           [{Initialized True 0001-01-01 00:00:00 +0000 UTC 2018-09-17 07:17:28 +0000 UTC  } {Ready True 0001-01-01 00:00:00 +0000 UTC 2018-09-17 07:18:35 +0000 UTC  } {ContainersReady True 0001-01-01 00:00:00 +0000 UTC 0001-01-01 00:00:00 +0000 UTC  } {PodScheduled True 0001-01-01 00:00:00 +0000 UTC 2018-09-17 07:17:27 +0000 UTC  }]&#xA;Sep 19 07:40:40.913: INFO: istio-ingressgateway-7bc96d6585-4qnc5                            10.46.6.173  Running           [{Initialized True 0001-01-01 00:00:00 +0000 UTC 2018-09-17 07:24:14 +0000 UTC  } {Ready True 0001-01-01 00:00:00 +0000 UTC 2018-09-17 07:25:22 +0000 UTC  } {ContainersReady True 0001-01-01 00:00:00 +0000 UTC 0001-01-01 00:00:00 +0000 UTC  } {PodScheduled True 0001-01-01 00:00:00 +0000 UTC 2018-09-17 07:24:13 +0000 UTC  }]&#xA;Sep 19 07:40:40.913: INFO: istio-ingressgateway-7bc96d6585-c58zx                            10.46.6.173  Running           [{Initialized True 0001-01-01 00:00:00 +0000 UTC 2018-09-17 07:24:15 +0000 UTC  } {Ready True 0001-01-01 00:00:00 +0000 UTC 2018-09-17 07:25:19 +0000 UTC  } {ContainersReady True 0001-01-01 00:00:00 +0000 UTC 0001-01-01 00:00:00 +0000 UTC  } {PodScheduled True 0001-01-01 00:00:00 +0000 UTC 2018-09-17 07:24:14 +0000 UTC  }]&#xA;Sep 19 07:40:40.913: INFO: istio-ingressgateway-7bc96d6585-m567m                            10.46.6.173  Running           [{Initialized True 0001-01-01 00:00:00 +0000 UTC 2018-09-17 07:20:41 +0000 UTC  } {Ready True 0001-01-01 00:00:00 +0000 UTC 2018-09-17 07:21:43 +0000 UTC  } {ContainersReady True 0001-01-01 00:00:00 +0000 UTC 0001-01-01 00:00:00 +0000 UTC  } {PodScheduled True 0001-01-01 00:00:00 +0000 UTC 2018-09-17 07:20:41 +0000 UTC  }]&#xA;Sep 19 07:40:40.913: INFO: istio-ingressgateway-7bc96d6585-r98nr                            10.46.6.173  Running           [{Initialized True 0001-01-01 00:00:00 +0000 UTC 2018-09-17 07:28:10 +0000 UTC  } {Ready True 0001-01-01 00:00:00 +0000 UTC 2018-09-17 07:29:11 +0000 UTC  } {ContainersReady True 0001-01-01 00:00:00 +0000 UTC 0001-01-01 00:00:00 +0000 UTC  } {PodScheduled True 0001-01-01 00:00:00 +0000 UTC 2018-09-17 07:28:09 +0000 UTC  }]&#xA;Sep 19 07:40:40.913: INFO: istio-ingressgateway-7bc96d6585-smf45                            10.46.6.173  Running           [{Initialized True 0001-01-01 00:00:00 +0000 UTC 2018-09-17 07:17:28 +0000 UTC  } {Ready True 0001-01-01 00:00:00 +0000 UTC 2018-09-17 07:18:37 +0000 UTC  } {ContainersReady True 0001-01-01 00:00:00 +0000 UTC 0001-01-01 00:00:00 +0000 UTC  } {PodScheduled True 0001-01-01 00:00:00 +0000 UTC 2018-09-17 07:17:27 +0000 UTC  }]&#xA;Sep 19 07:40:40.913: INFO: istio-pilot-6cf9ccf474-kkb6j                                     10.46.6.173  Running           [{Initialized True 0001-01-01 00:00:00 +0000 UTC 2018-09-17 07:17:31 +0000 UTC  } {Ready True 0001-01-01 00:00:00 +0000 UTC 2018-09-17 07:19:28 +0000 UTC  } {ContainersReady True 0001-01-01 00:00:00 +0000 UTC 0001-01-01 00:00:00 +0000 UTC  } {PodScheduled True 0001-01-01 00:00:00 +0000 UTC 2018-09-17 07:17:27 +0000 UTC  }]&#xA;Sep 19 07:40:40.913: INFO: istio-policy-5b64d7fd64-5l2m9                                    10.46.6.173  Running           [{Initialized True 0001-01-01 00:00:00 +0000 UTC 2018-09-17 07:31:07 +0000 UTC  } {Ready True 0001-01-01 00:00:00 +0000 UTC 2018-09-17 07:31:51 +0000 UTC  } {ContainersReady True 0001-01-01 00:00:00 +0000 UTC 0001-01-01 00:00:00 +0000 UTC  } {PodScheduled True 0001-01-01 00:00:00 +0000 UTC 2018-09-17 07:31:06 +0000 UTC  }]&#xA;Sep 19 07:40:40.913: INFO: istio-policy-5b64d7fd64-fb4bc                                    10.46.6.173  Running           [{Initialized True 0001-01-01 00:00:00 +0000 UTC 2018-09-17 07:27:37 +0000 UTC  } {Ready True 0001-01-01 00:00:00 +0000 UTC 2018-09-17 07:28:39 +0000 UTC  } {ContainersReady True 0001-01-01 00:00:00 +0000 UTC 0001-01-01 00:00:00 +0000 UTC  } {PodScheduled True 0001-01-01 00:00:00 +0000 UTC 2018-09-17 07:27:36 +0000 UTC  }]&#xA;Sep 19 07:40:40.913: INFO: istio-policy-5b64d7fd64-jrlzt                                    10.46.6.173  Running           [{Initialized True 0001-01-01 00:00:00 +0000 UTC 2018-09-17 07:23:11 +0000 UTC  } {Ready True 0001-01-01 00:00:00 +0000 UTC 2018-09-17 07:24:08 +0000 UTC  } {ContainersReady True 0001-01-01 00:00:00 +0000 UTC 0001-01-01 00:00:00 +0000 UTC  } {PodScheduled True 0001-01-01 00:00:00 +0000 UTC 2018-09-17 07:23:10 +0000 UTC  }]&#xA;Sep 19 07:40:40.913: INFO: istio-policy-5b64d7fd64-pt9z2                                    10.46.6.173  Running           [{Initialized True 0001-01-01 00:00:00 +0000 UTC 2018-09-17 07:17:30 +0000 UTC  } {Ready True 0001-01-01 00:00:00 +0000 UTC 2018-09-17 07:19:02 +0000 UTC  } {ContainersReady True 0001-01-01 00:00:00 +0000 UTC 0001-01-01 00:00:00 +0000 UTC  } {PodScheduled True 0001-01-01 00:00:00 +0000 UTC 2018-09-17 07:17:27 +0000 UTC  }]&#xA;Sep 19 07:40:40.913: INFO: istio-policy-5b64d7fd64-z68j4                                    10.46.6.173  Running           [{Initialized True 0001-01-01 00:00:00 +0000 UTC 2018-09-17 07:19:38 +0000 UTC  } {Ready True 0001-01-01 00:00:00 +0000 UTC 2018-09-17 07:20:44 +0000 UTC  } {ContainersReady True 0001-01-01 00:00:00 +0000 UTC 0001-01-01 00:00:00 +0000 UTC  } {PodScheduled True 0001-01-01 00:00:00 +0000 UTC 2018-09-17 07:19:37 +0000 UTC  }]&#xA;Sep 19 07:40:40.913: INFO: istio-sidecar-injector-86d554f5f7-d57zk                          10.46.6.173  Running           [{Initialized True 0001-01-01 00:00:00 +0000 UTC 2018-09-17 07:17:32 +0000 UTC  } {Ready True 0001-01-01 00:00:00 +0000 UTC 2018-09-17 07:18:41 +0000 UTC  } {ContainersReady True 0001-01-01 00:00:00 +0000 UTC 0001-01-01 00:00:00 +0000 UTC  } {PodScheduled True 0001-01-01 00:00:00 +0000 UTC 2018-09-17 07:17:29 +0000 UTC  }]&#xA;Sep 19 07:40:40.913: INFO: istio-statsd-prom-bridge-66cb69b666-p76m8                        10.46.6.173  Running           [{Initialized True 0001-01-01 00:00:00 +0000 UTC 2018-09-17 07:17:29 +0000 UTC  } {Ready True 0001-01-01 00:00:00 +0000 UTC 2018-09-17 07:18:32 +0000 UTC  } {ContainersReady True 0001-01-01 00:00:00 +0000 UTC 0001-01-01 00:00:00 +0000 UTC  } {PodScheduled True 0001-01-01 00:00:00 +0000 UTC 2018-09-17 07:17:27 +0000 UTC  }]&#xA;Sep 19 07:40:40.913: INFO: istio-telemetry-8b5964dc7-9q67f                                  10.46.6.173  Running           [{Initialized True 0001-01-01 00:00:00 +0000 UTC 2018-09-17 07:31:08 +0000 UTC  } {Ready True 0001-01-01 00:00:00 +0000 UTC 2018-09-17 07:32:00 +0000 UTC  } {ContainersReady True 0001-01-01 00:00:00 +0000 UTC 0001-01-01 00:00:00 +0000 UTC  } {PodScheduled True 0001-01-01 00:00:00 +0000 UTC 2018-09-17 07:31:07 +0000 UTC  }]&#xA;Sep 19 07:40:40.913: INFO: istio-telemetry-8b5964dc7-hcf6d                                  10.46.6.173  Running           [{Initialized True 0001-01-01 00:00:00 +0000 UTC 2018-09-17 07:17:29 +0000 UTC  } {Ready True 0001-01-01 00:00:00 +0000 UTC 2018-09-17 07:18:56 +0000 UTC  } {ContainersReady True 0001-01-01 00:00:00 +0000 UTC 0001-01-01 00:00:00 +0000 UTC  } {PodScheduled True 0001-01-01 00:00:00 +0000 UTC 2018-09-17 07:17:27 +0000 UTC  }]&#xA;Sep 19 07:40:40.913: INFO: istio-telemetry-8b5964dc7-nw9kk                                  10.46.6.173  Running           [{Initialized True 0001-01-01 00:00:00 +0000 UTC 2018-09-17 07:23:11 +0000 UTC  } {Ready True 0001-01-01 00:00:00 +0000 UTC 2018-09-17 07:24:19 +0000 UTC  } {ContainersReady True 0001-01-01 00:00:00 +0000 UTC 0001-01-01 00:00:00 +0000 UTC  } {PodScheduled True 0001-01-01 00:00:00 +0000 UTC 2018-09-17 07:23:10 +0000 UTC  }]&#xA;Sep 19 07:40:40.913: INFO: istio-telemetry-8b5964dc7-rfswc                                  10.46.6.173  Running           [{Initialized True 0001-01-01 00:00:00 +0000 UTC 2018-09-17 07:19:39 +0000 UTC  } {Ready True 0001-01-01 00:00:00 +0000 UTC 2018-09-17 07:20:38 +0000 UTC  } {ContainersReady True 0001-01-01 00:00:00 +0000 UTC 0001-01-01 00:00:00 +0000 UTC  } {PodScheduled True 0001-01-01 00:00:00 +0000 UTC 2018-09-17 07:19:38 +0000 UTC  }]&#xA;Sep 19 07:40:40.913: INFO: istio-telemetry-8b5964dc7-vjqbq                                  10.46.6.173  Running           [{Initialized True 0001-01-01 00:00:00 +0000 UTC 2018-09-17 07:27:36 +0000 UTC  } {Ready True 0001-01-01 00:00:00 +0000 UTC 2018-09-17 07:28:21 +0000 UTC  } {ContainersReady True 0001-01-01 00:00:00 +0000 UTC 0001-01-01 00:00:00 +0000 UTC  } {PodScheduled True 0001-01-01 00:00:00 +0000 UTC 2018-09-17 07:27:36 +0000 UTC  }]&#xA;Sep 19 07:40:40.913: INFO: istio-tracing-77ccfc8844-79ngl                                   10.46.6.173  Running           [{Initialized True 0001-01-01 00:00:00 +0000 UTC 2018-09-17 07:17:32 +0000 UTC  } {Ready True 0001-01-01 00:00:00 +0000 UTC 2018-09-17 07:18:08 +0000 UTC  } {ContainersReady True 0001-01-01 00:00:00 +0000 UTC 0001-01-01 00:00:00 +0000 UTC  } {PodScheduled True 0001-01-01 00:00:00 +0000 UTC 2018-09-17 07:17:29 +0000 UTC  }]&#xA;Sep 19 07:40:40.913: INFO: kiali-7f8c59df94-25qmq                                           10.46.6.173  Running           [{Initialized True 0001-01-01 00:00:00 +0000 UTC 2018-09-17 07:17:27 +0000 UTC  } {Ready True 0001-01-01 00:00:00 +0000 UTC 2018-09-17 07:17:56 +0000 UTC  } {ContainersReady True 0001-01-01 00:00:00 +0000 UTC 0001-01-01 00:00:00 +0000 UTC  } {PodScheduled True 0001-01-01 00:00:00 +0000 UTC 2018-09-17 07:17:27 +0000 UTC  }]&#xA;Sep 19 07:40:40.913: INFO: prometheus-6f98d89664-wh7pb                                      10.46.6.173  Running           [{Initialized True 0001-01-01 00:00:00 +0000 UTC 2018-09-17 07:17:31 +0000 UTC  } {Ready True 0001-01-01 00:00:00 +0000 UTC 2018-09-17 07:17:57 +0000 UTC  } {ContainersReady True 0001-01-01 00:00:00 +0000 UTC 0001-01-01 00:00:00 +0000 UTC  } {PodScheduled True 0001-01-01 00:00:00 +0000 UTC 2018-09-17 07:17:28 +0000 UTC  }]&#xA;Sep 19 07:40:40.913: INFO: servicegraph-85578d8fc6-m62z4                                    10.46.6.173  Running           [{Initialized True 0001-01-01 00:00:00 +0000 UTC 2018-09-17 07:17:32 +0000 UTC  } {Ready True 0001-01-01 00:00:00 +0000 UTC 2018-09-17 07:18:22 +0000 UTC  } {ContainersReady True 0001-01-01 00:00:00 +0000 UTC 0001-01-01 00:00:00 +0000 UTC  } {PodScheduled True 0001-01-01 00:00:00 +0000 UTC 2018-09-17 07:17:28 +0000 UTC  }]&#xA;Sep 19 07:40:40.913: INFO: audit-logging-fluentd-ds-4cgnk                                   10.46.6.170  Running           [{Initialized True 0001-01-01 00:00:00 +0000 UTC 2018-09-17 07:18:46 +0000 UTC  } {Ready True 0001-01-01 00:00:00 +0000 UTC 2018-09-17 07:18:50 +0000 UTC  } {ContainersReady True 0001-01-01 00:00:00 +0000 UTC 0001-01-01 00:00:00 +0000 UTC  } {PodScheduled True 0001-01-01 00:00:00 +0000 UTC 2018-09-17 07:18:46 +0000 UTC  }]&#xA;Sep 19 07:40:40.913: INFO: audit-logging-fluentd-ds-8bh4t                                   10.46.6.172  Running           [{Initialized True 0001-01-01 00:00:00 +0000 UTC 2018-09-17 07:18:46 +0000 UTC  } {Ready True 0001-01-01 00:00:00 +0000 UTC 2018-09-17 07:18:56 +0000 UTC  } {ContainersReady True 0001-01-01 00:00:00 +0000 UTC 0001-01-01 00:00:00 +0000 UTC  } {PodScheduled True 0001-01-01 00:00:00 +0000 UTC 2018-09-17 07:18:46 +0000 UTC  }]&#xA;Sep 19 07:40:40.913: INFO: audit-logging-fluentd-ds-bc22k                                   10.46.6.171  Running           [{Initialized True 0001-01-01 00:00:00 +0000 UTC 2018-09-17 07:18:46 +0000 UTC  } {Ready True 0001-01-01 00:00:00 +0000 UTC 2018-09-17 07:18:56 +0000 UTC  } {ContainersReady True 0001-01-01 00:00:00 +0000 UTC 0001-01-01 00:00:00 +0000 UTC  } {PodScheduled True 0001-01-01 00:00:00 +0000 UTC 2018-09-17 07:18:46 +0000 UTC  }]&#xA;Sep 19 07:40:40.913: INFO: audit-logging-fluentd-ds-dhcg6                                   10.46.6.173  Running           [{Initialized True 0001-01-01 00:00:00 +0000 UTC 2018-09-17 07:18:46 +0000 UTC  } {Ready True 0001-01-01 00:00:00 +0000 UTC 2018-09-17 07:19:00 +0000 UTC  } {ContainersReady True 0001-01-01 00:00:00 +0000 UTC 0001-01-01 00:00:00 +0000 UTC  } {PodScheduled True 0001-01-01 00:00:00 +0000 UTC 2018-09-17 07:18:46 +0000 UTC  }]&#xA;Sep 19 07:40:40.913: INFO: auth-apikeys-x45mz                                               10.46.6.173  Running           [{Initialized True 0001-01-01 00:00:00 +0000 UTC 2018-09-17 07:10:12 +0000 UTC  } {Ready True 0001-01-01 00:00:00 +0000 UTC 2018-09-17 07:11:25 +0000 UTC  } {ContainersReady True 0001-01-01 00:00:00 +0000 UTC 0001-01-01 00:00:00 +0000 UTC  } {PodScheduled True 0001-01-01 00:00:00 +0000 UTC 2018-09-17 07:10:12 +0000 UTC  }]&#xA;Sep 19 07:40:40.913: INFO: auth-idp-kjpmx                                                   10.46.6.173  Running           [{Initialized True 0001-01-01 00:00:00 +0000 UTC 2018-09-17 07:10:19 +0000 UTC  } {Ready True 0001-01-01 00:00:00 +0000 UTC 2018-09-19 07:05:52 +0000 UTC  } {ContainersReady True 0001-01-01 00:00:00 +0000 UTC 0001-01-01 00:00:00 +0000 UTC  } {PodScheduled True 0001-01-01 00:00:00 +0000 UTC 2018-09-17 07:10:04 +0000 UTC  }]&#xA;Sep 19 07:40:40.913: INFO: auth-pap-qb5m2                                                   10.46.6.173  Running           [{Initialized True 0001-01-01 00:00:00 +0000 UTC 2018-09-17 07:10:20 +0000 UTC  } {Ready True 0001-01-01 00:00:00 +0000 UTC 2018-09-17 07:10:46 +0000 UTC  } {ContainersReady True 0001-01-01 00:00:00 +0000 UTC 0001-01-01 00:00:00 +0000 UTC  } {PodScheduled True 0001-01-01 00:00:00 +0000 UTC 2018-09-17 07:10:20 +0000 UTC  }]&#xA;Sep 19 07:40:40.914: INFO: auth-pdp-tk2jm                                                   10.46.6.173  Running           [{Initialized True 0001-01-01 00:00:00 +0000 UTC 2018-09-17 07:13:08 +0000 UTC  } {Ready True 0001-01-01 00:00:00 +0000 UTC 2018-09-17 07:13:19 +0000 UTC  } {ContainersReady True 0001-01-01 00:00:00 +0000 UTC 0001-01-01 00:00:00 +0000 UTC  } {PodScheduled True 0001-01-01 00:00:00 +0000 UTC 2018-09-17 07:10:28 +0000 UTC  }]&#xA;Sep 19 07:40:40.914: INFO: calico-kube-controllers-dcb8cc97c-gtsqp                          10.46.6.173  Running           [{Initialized True 0001-01-01 00:00:00 +0000 UTC 2018-09-17 07:05:53 +0000 UTC  } {Ready True 0001-01-01 00:00:00 +0000 UTC 2018-09-17 07:06:04 +0000 UTC  } {ContainersReady True 0001-01-01 00:00:00 +0000 UTC 0001-01-01 00:00:00 +0000 UTC  } {PodScheduled True 0001-01-01 00:00:00 +0000 UTC 2018-09-17 07:05:53 +0000 UTC  }]&#xA;Sep 19 07:40:40.914: INFO: calico-node-gpm2c                                                10.46.6.171  Running           [{Initialized True 0001-01-01 00:00:00 +0000 UTC 2018-09-17 07:05:53 +0000 UTC  } {Ready True 0001-01-01 00:00:00 +0000 UTC 2018-09-17 07:06:11 +0000 UTC  } {ContainersReady True 0001-01-01 00:00:00 +0000 UTC 0001-01-01 00:00:00 +0000 UTC  } {PodScheduled True 0001-01-01 00:00:00 +0000 UTC 2018-09-17 07:05:53 +0000 UTC  }]&#xA;Sep 19 07:40:40.914: INFO: calico-node-htf97                                                10.46.6.170  Running           [{Initialized True 0001-01-01 00:00:00 +0000 UTC 2018-09-17 07:05:53 +0000 UTC  } {Ready True 0001-01-01 00:00:00 +0000 UTC 2018-09-17 07:06:14 +0000 UTC  } {ContainersReady True 0001-01-01 00:00:00 +0000 UTC 0001-01-01 00:00:00 +0000 UTC  } {PodScheduled True 0001-01-01 00:00:00 +0000 UTC 2018-09-17 07:05:53 +0000 UTC  }]&#xA;Sep 19 07:40:40.914: INFO: calico-node-m7d5t                                                10.46.6.173  Running           [{Initialized True 0001-01-01 00:00:00 +0000 UTC 2018-09-17 07:05:54 +0000 UTC  } {Ready True 0001-01-01 00:00:00 +0000 UTC 2018-09-17 07:06:15 +0000 UTC  } {ContainersReady True 0001-01-01 00:00:00 +0000 UTC 0001-01-01 00:00:00 +0000 UTC  } {PodScheduled True 0001-01-01 00:00:00 +0000 UTC 2018-09-17 07:05:54 +0000 UTC  }]&#xA;Sep 19 07:40:40.914: INFO: calico-node-wsknj                                                10.46.6.172  Running           [{Initialized True 0001-01-01 00:00:00 +0000 UTC 2018-09-17 07:05:53 +0000 UTC  } {Ready True 0001-01-01 00:00:00 +0000 UTC 2018-09-17 07:06:17 +0000 UTC  } {ContainersReady True 0001-01-01 00:00:00 +0000 UTC 0001-01-01 00:00:00 +0000 UTC  } {PodScheduled True 0001-01-01 00:00:00 +0000 UTC 2018-09-17 07:05:53 +0000 UTC  }]&#xA;Sep 19 07:40:40.914: INFO: catalog-ui-5rtkh                                                 10.46.6.173  Running           [{Initialized True 0001-01-01 00:00:00 +0000 UTC 2018-09-17 07:15:57 +0000 UTC  } {Ready True 0001-01-01 00:00:00 +0000 UTC 2018-09-17 07:16:11 +0000 UTC  } {ContainersReady True 0001-01-01 00:00:00 +0000 UTC 0001-01-01 00:00:00 +0000 UTC  } {PodScheduled True 0001-01-01 00:00:00 +0000 UTC 2018-09-17 07:15:57 +0000 UTC  }]&#xA;Sep 19 07:40:40.914: INFO: custom-metrics-adapter-64f64964b4-f9gmc                          10.46.6.171  Running           [{Initialized True 0001-01-01 00:00:00 +0000 UTC 2018-09-17 07:17:13 +0000 UTC  } {Ready True 0001-01-01 00:00:00 +0000 UTC 2018-09-17 07:17:51 +0000 UTC  } {ContainersReady True 0001-01-01 00:00:00 +0000 UTC 0001-01-01 00:00:00 +0000 UTC  } {PodScheduled True 0001-01-01 00:00:00 +0000 UTC 2018-09-17 07:14:28 +0000 UTC  }]&#xA;Sep 19 07:40:40.914: INFO: default-backend-54966589c4-4d47g                                 10.46.6.173  Running           [{Initialized True 0001-01-01 00:00:00 +0000 UTC 2018-09-17 07:08:29 +0000 UTC  } {Ready True 0001-01-01 00:00:00 +0000 UTC 2018-09-17 07:08:40 +0000 UTC  } {ContainersReady True 0001-01-01 00:00:00 +0000 UTC 0001-01-01 00:00:00 +0000 UTC  } {PodScheduled True 0001-01-01 00:00:00 +0000 UTC 2018-09-17 07:08:28 +0000 UTC  }]&#xA;Sep 19 07:40:40.914: INFO: heapster-69b486565b-nt26r                                        10.46.6.173  Running           [{Initialized True 0001-01-01 00:00:00 +0000 UTC 2018-09-17 07:13:48 +0000 UTC  } {Ready True 0001-01-01 00:00:00 +0000 UTC 2018-09-17 07:13:58 +0000 UTC  } {ContainersReady True 0001-01-01 00:00:00 +0000 UTC 0001-01-01 00:00:00 +0000 UTC  } {PodScheduled True 0001-01-01 00:00:00 +0000 UTC 2018-09-17 07:13:48 +0000 UTC  }]&#xA;Sep 19 07:40:40.914: INFO: helm-api-fdd886877-6pwm8                                         10.46.6.173  Running           [{Initialized True 0001-01-01 00:00:00 +0000 UTC 2018-09-17 07:16:36 +0000 UTC  } {Ready True 0001-01-01 00:00:00 +0000 UTC 2018-09-17 07:16:58 +0000 UTC  } {ContainersReady True 0001-01-01 00:00:00 +0000 UTC 0001-01-01 00:00:00 +0000 UTC  } {PodScheduled True 0001-01-01 00:00:00 +0000 UTC 2018-09-17 07:16:35 +0000 UTC  }]&#xA;Sep 19 07:40:40.914: INFO: helm-repo-5649f57447-wwdn4                                       10.46.6.173  Running           [{Initialized True 0001-01-01 00:00:00 +0000 UTC 2018-09-17 07:14:04 +0000 UTC  } {Ready True 0001-01-01 00:00:00 +0000 UTC 2018-09-17 07:14:40 +0000 UTC  } {ContainersReady True 0001-01-01 00:00:00 +0000 UTC 0001-01-01 00:00:00 +0000 UTC  } {PodScheduled True 0001-01-01 00:00:00 +0000 UTC 2018-09-17 07:13:53 +0000 UTC  }]&#xA;Sep 19 07:40:40.914: INFO: ibmcloud-image-enforcement-76ddccbf9f-kqmlb                      10.46.6.171  Running           [{Initialized True 0001-01-01 00:00:00 +0000 UTC 2018-09-17 07:14:02 +0000 UTC  } {Ready True 0001-01-01 00:00:00 +0000 UTC 2018-09-17 07:14:07 +0000 UTC  } {ContainersReady True 0001-01-01 00:00:00 +0000 UTC 0001-01-01 00:00:00 +0000 UTC  } {PodScheduled True 0001-01-01 00:00:00 +0000 UTC 2018-09-17 07:14:02 +0000 UTC  }]&#xA;Sep 19 07:40:40.914: INFO: icp-management-ingress-x6qn8                                     10.46.6.173  Running           [{Initialized True 0001-01-01 00:00:00 +0000 UTC 2018-09-17 07:10:36 +0000 UTC  } {Ready True 0001-01-01 00:00:00 +0000 UTC 2018-09-17 07:10:48 +0000 UTC  } {ContainersReady True 0001-01-01 00:00:00 +0000 UTC 0001-01-01 00:00:00 +0000 UTC  } {PodScheduled True 0001-01-01 00:00:00 +0000 UTC 2018-09-17 07:10:36 +0000 UTC  }]&#xA;Sep 19 07:40:40.914: INFO: icp-mongodb-0                                                    10.46.6.173  Running           [{Initialized True 0001-01-01 00:00:00 +0000 UTC 2018-09-17 07:09:00 +0000 UTC  } {Ready True 0001-01-01 00:00:00 +0000 UTC 2018-09-17 07:09:17 +0000 UTC  } {ContainersReady True 0001-01-01 00:00:00 +0000 UTC 0001-01-01 00:00:00 +0000 UTC  } {PodScheduled True 0001-01-01 00:00:00 +0000 UTC 2018-09-17 07:07:41 +0000 UTC  }]&#xA;Sep 19 07:40:40.914: INFO: image-manager-0                                                  10.46.6.173  Running           [{Initialized True 0001-01-01 00:00:00 +0000 UTC 2018-09-17 06:38:56 +0000 UTC  } {Ready True 0001-01-01 00:00:00 +0000 UTC 2018-09-17 06:39:08 +0000 UTC  } {ContainersReady True 0001-01-01 00:00:00 +0000 UTC 0001-01-01 00:00:00 +0000 UTC  } {PodScheduled True 0001-01-01 00:00:00 +0000 UTC 2018-09-17 06:38:56 +0000 UTC  }]&#xA;Sep 19 07:40:40.914: INFO: k8s-etcd-10.46.6.173                                             10.46.6.173  Running           [{Initialized True 0001-01-01 00:00:00 +0000 UTC 2018-09-17 06:35:49 +0000 UTC  } {Ready True 0001-01-01 00:00:00 +0000 UTC 2018-09-17 06:35:54 +0000 UTC  } {ContainersReady True 0001-01-01 00:00:00 +0000 UTC 0001-01-01 00:00:00 +0000 UTC  } {PodScheduled True 0001-01-01 00:00:00 +0000 UTC 2018-09-17 06:35:49 +0000 UTC  }]&#xA;Sep 19 07:40:40.914: INFO: k8s-master-10.46.6.173                                           10.46.6.173  Running           [{Initialized True 0001-01-01 00:00:00 +0000 UTC 2018-09-17 06:37:18 +0000 UTC  } {Ready True 0001-01-01 00:00:00 +0000 UTC 2018-09-17 06:37:26 +0000 UTC  } {ContainersReady True 0001-01-01 00:00:00 +0000 UTC 0001-01-01 00:00:00 +0000 UTC  } {PodScheduled True 0001-01-01 00:00:00 +0000 UTC 2018-09-17 06:37:18 +0000 UTC  }]&#xA;Sep 19 07:40:40.914: INFO: k8s-proxy-10.46.6.170                                            10.46.6.170  Running           [{Initialized True 0001-01-01 00:00:00 +0000 UTC 2018-09-17 07:05:43 +0000 UTC  } {Ready True 0001-01-01 00:00:00 +0000 UTC 2018-09-17 07:05:46 +0000 UTC  } {ContainersReady True 0001-01-01 00:00:00 +0000 UTC 0001-01-01 00:00:00 +0000 UTC  } {PodScheduled True 0001-01-01 00:00:00 +0000 UTC 2018-09-17 07:05:43 +0000 UTC  }]&#xA;Sep 19 07:40:40.914: INFO: k8s-proxy-10.46.6.171                                            10.46.6.171  Running           [{Initialized True 0001-01-01 00:00:00 +0000 UTC 2018-09-17 07:05:44 +0000 UTC  } {Ready True 0001-01-01 00:00:00 +0000 UTC 2018-09-17 07:05:46 +0000 UTC  } {ContainersReady True 0001-01-01 00:00:00 +0000 UTC 0001-01-01 00:00:00 +0000 UTC  } {PodScheduled True 0001-01-01 00:00:00 +0000 UTC 2018-09-17 07:05:44 +0000 UTC  }]&#xA;Sep 19 07:40:40.914: INFO: k8s-proxy-10.46.6.172                                            10.46.6.172  Running           [{Initialized True 0001-01-01 00:00:00 +0000 UTC 2018-09-17 07:05:44 +0000 UTC  } {Ready True 0001-01-01 00:00:00 +0000 UTC 2018-09-17 07:05:48 +0000 UTC  } {ContainersReady True 0001-01-01 00:00:00 +0000 UTC 0001-01-01 00:00:00 +0000 UTC  } {PodScheduled True 0001-01-01 00:00:00 +0000 UTC 2018-09-17 07:05:44 +0000 UTC  }]&#xA;Sep 19 07:40:40.914: INFO: k8s-proxy-10.46.6.173                                            10.46.6.173  Running           [{Initialized True 0001-01-01 00:00:00 +0000 UTC 2018-09-17 06:35:45 +0000 UTC  } {Ready True 0001-01-01 00:00:00 +0000 UTC 2018-09-17 06:35:50 +0000 UTC  } {ContainersReady True 0001-01-01 00:00:00 +0000 UTC 0001-01-01 00:00:00 +0000 UTC  } {PodScheduled True 0001-01-01 00:00:00 +0000 UTC 2018-09-17 06:35:45 +0000 UTC  }]&#xA;Sep 19 07:40:40.914: INFO: kube-dns-mwjc8                                                   10.46.6.173  Running           [{Initialized True 0001-01-01 00:00:00 +0000 UTC 2018-09-17 07:06:10 +0000 UTC  } {Ready True 0001-01-01 00:00:00 +0000 UTC 2018-09-17 07:06:18 +0000 UTC  } {ContainersReady True 0001-01-01 00:00:00 +0000 UTC 0001-01-01 00:00:00 +0000 UTC  } {PodScheduled True 0001-01-01 00:00:00 +0000 UTC 2018-09-17 07:06:10 +0000 UTC  }]&#xA;Sep 19 07:40:40.914: INFO: logging-elk-client-75d4d7994c-7g7fn                              10.46.6.171  Running           [{Initialized True 0001-01-01 00:00:00 +0000 UTC 2018-09-17 07:15:40 +0000 UTC  } {Ready True 0001-01-01 00:00:00 +0000 UTC 2018-09-17 07:16:22 +0000 UTC  } {ContainersReady True 0001-01-01 00:00:00 +0000 UTC 0001-01-01 00:00:00 +0000 UTC  } {PodScheduled True 0001-01-01 00:00:00 +0000 UTC 2018-09-17 07:15:20 +0000 UTC  }]&#xA;Sep 19 07:40:40.914: INFO: logging-elk-data-0                                               10.46.6.171  Running           [{Initialized True 0001-01-01 00:00:00 +0000 UTC 2018-09-17 07:15:47 +0000 UTC  } {Ready True 0001-01-01 00:00:00 +0000 UTC 2018-09-17 07:16:16 +0000 UTC  } {ContainersReady True 0001-01-01 00:00:00 +0000 UTC 0001-01-01 00:00:00 +0000 UTC  } {PodScheduled True 0001-01-01 00:00:00 +0000 UTC 2018-09-17 07:15:20 +0000 UTC  }]&#xA;Sep 19 07:40:40.914: INFO: logging-elk-elasticsearch-tls-init-6hnl4                         10.46.6.171  Succeeded         [{Initialized True 0001-01-01 00:00:00 +0000 UTC 2018-09-17 07:15:20 +0000 UTC PodCompleted } {Ready False 0001-01-01 00:00:00 +0000 UTC 2018-09-17 07:17:46 +0000 UTC PodCompleted } {ContainersReady False 0001-01-01 00:00:00 +0000 UTC 0001-01-01 00:00:00 +0000 UTC PodCompleted } {PodScheduled True 0001-01-01 00:00:00 +0000 UTC 2018-09-17 07:15:20 +0000 UTC  }]&#xA;Sep 19 07:40:40.914: INFO: logging-elk-filebeat-ds-bs86r                                    10.46.6.171  Running           [{Initialized True 0001-01-01 00:00:00 +0000 UTC 2018-09-17 07:15:20 +0000 UTC  } {Ready True 0001-01-01 00:00:00 +0000 UTC 2018-09-17 07:15:42 +0000 UTC  } {ContainersReady True 0001-01-01 00:00:00 +0000 UTC 0001-01-01 00:00:00 +0000 UTC  } {PodScheduled True 0001-01-01 00:00:00 +0000 UTC 2018-09-17 07:15:20 +0000 UTC  }]&#xA;Sep 19 07:40:40.914: INFO: logging-elk-filebeat-ds-jtd5q                                    10.46.6.170  Running           [{Initialized True 0001-01-01 00:00:00 +0000 UTC 2018-09-17 07:15:20 +0000 UTC  } {Ready True 0001-01-01 00:00:00 +0000 UTC 2018-09-17 07:15:37 +0000 UTC  } {ContainersReady True 0001-01-01 00:00:00 +0000 UTC 0001-01-01 00:00:00 +0000 UTC  } {PodScheduled True 0001-01-01 00:00:00 +0000 UTC 2018-09-17 07:15:20 +0000 UTC  }]&#xA;Sep 19 07:40:40.914: INFO: logging-elk-filebeat-ds-qf2vz                                    10.46.6.173  Running           [{Initialized True 0001-01-01 00:00:00 +0000 UTC 2018-09-17 07:15:20 +0000 UTC  } {Ready True 0001-01-01 00:00:00 +0000 UTC 2018-09-17 07:15:39 +0000 UTC  } {ContainersReady True 0001-01-01 00:00:00 +0000 UTC 0001-01-01 00:00:00 +0000 UTC  } {PodScheduled True 0001-01-01 00:00:00 +0000 UTC 2018-09-17 07:15:20 +0000 UTC  }]&#xA;Sep 19 07:40:40.914: INFO: logging-elk-filebeat-ds-vpk48                                    10.46.6.172  Running           [{Initialized True 0001-01-01 00:00:00 +0000 UTC 2018-09-17 07:15:20 +0000 UTC  } {Ready True 0001-01-01 00:00:00 +0000 UTC 2018-09-17 07:15:39 +0000 UTC  } {ContainersReady True 0001-01-01 00:00:00 +0000 UTC 0001-01-01 00:00:00 +0000 UTC  } {PodScheduled True 0001-01-01 00:00:00 +0000 UTC 2018-09-17 07:15:20 +0000 UTC  }]&#xA;Sep 19 07:40:40.914: INFO: logging-elk-kibana-ff4db4866-s2295                               10.46.6.171  Running           [{Initialized True 0001-01-01 00:00:00 +0000 UTC 2018-09-17 07:15:21 +0000 UTC  } {Ready True 0001-01-01 00:00:00 +0000 UTC 2018-09-17 07:15:45 +0000 UTC  } {ContainersReady True 0001-01-01 00:00:00 +0000 UTC 0001-01-01 00:00:00 +0000 UTC  } {PodScheduled True 0001-01-01 00:00:00 +0000 UTC 2018-09-17 07:15:21 +0000 UTC  }]&#xA;Sep 19 07:40:40.914: INFO: logging-elk-logstash-7994656f46-r89mt                            10.46.6.171  Running           [{Initialized True 0001-01-01 00:00:00 +0000 UTC 2018-09-17 07:15:22 +0000 UTC  } {Ready True 0001-01-01 00:00:00 +0000 UTC 2018-09-17 07:16:16 +0000 UTC  } {ContainersReady True 0001-01-01 00:00:00 +0000 UTC 0001-01-01 00:00:00 +0000 UTC  } {PodScheduled True 0001-01-01 00:00:00 +0000 UTC 2018-09-17 07:15:21 +0000 UTC  }]&#xA;Sep 19 07:40:40.914: INFO: logging-elk-master-6cdcf45f7d-gp28f                              10.46.6.171  Running           [{Initialized True 0001-01-01 00:00:00 +0000 UTC 2018-09-17 07:15:47 +0000 UTC  } {Ready True 0001-01-01 00:00:00 +0000 UTC 2018-09-17 07:16:16 +0000 UTC  } {ContainersReady True 0001-01-01 00:00:00 +0000 UTC 0001-01-01 00:00:00 +0000 UTC  } {PodScheduled True 0001-01-01 00:00:00 +0000 UTC 2018-09-17 07:15:21 +0000 UTC  }]&#xA;Sep 19 07:40:40.914: INFO: mariadb-0                                                        10.46.6.173  Running           [{Initialized True 0001-01-01 00:00:00 +0000 UTC 2018-09-17 07:08:38 +0000 UTC  } {Ready True 0001-01-01 00:00:00 +0000 UTC 2018-09-17 07:09:15 +0000 UTC  } {ContainersReady True 0001-01-01 00:00:00 +0000 UTC 0001-01-01 00:00:00 +0000 UTC  } {PodScheduled True 0001-01-01 00:00:00 +0000 UTC 2018-09-17 07:08:37 +0000 UTC  }]&#xA;Sep 19 07:40:40.914: INFO: metering-dm-8b475fc57-cmm6h                                      10.46.6.171  Running           [{Initialized True 0001-01-01 00:00:00 +0000 UTC 2018-09-17 07:14:20 +0000 UTC  } {Ready True 0001-01-01 00:00:00 +0000 UTC 2018-09-17 07:14:49 +0000 UTC  } {ContainersReady True 0001-01-01 00:00:00 +0000 UTC 0001-01-01 00:00:00 +0000 UTC  } {PodScheduled True 0001-01-01 00:00:00 +0000 UTC 2018-09-17 07:14:12 +0000 UTC  }]&#xA;Sep 19 07:40:40.914: INFO: metering-reader-44wd7                                            10.46.6.170  Running           [{Initialized True 0001-01-01 00:00:00 +0000 UTC 2018-09-17 07:14:20 +0000 UTC  } {Ready True 0001-01-01 00:00:00 +0000 UTC 2018-09-17 07:14:46 +0000 UTC  } {ContainersReady True 0001-01-01 00:00:00 +0000 UTC 0001-01-01 00:00:00 +0000 UTC  } {PodScheduled True 0001-01-01 00:00:00 +0000 UTC 2018-09-17 07:14:11 +0000 UTC  }]&#xA;Sep 19 07:40:40.914: INFO: metering-reader-gsrdg                                            10.46.6.172  Running           [{Initialized True 0001-01-01 00:00:00 +0000 UTC 2018-09-17 07:14:23 +0000 UTC  } {Ready True 0001-01-01 00:00:00 +0000 UTC 2018-09-17 07:14:52 +0000 UTC  } {ContainersReady True 0001-01-01 00:00:00 +0000 UTC 0001-01-01 00:00:00 +0000 UTC  } {PodScheduled True 0001-01-01 00:00:00 +0000 UTC 2018-09-17 07:14:11 +0000 UTC  }]&#xA;Sep 19 07:40:40.914: INFO: metering-reader-l7284                                            10.46.6.173  Running           [{Initialized True 0001-01-01 00:00:00 +0000 UTC 2018-09-17 07:14:24 +0000 UTC  } {Ready True 0001-01-01 00:00:00 +0000 UTC 2018-09-17 07:14:45 +0000 UTC  } {ContainersReady True 0001-01-01 00:00:00 +0000 UTC 0001-01-01 00:00:00 +0000 UTC  } {PodScheduled True 0001-01-01 00:00:00 +0000 UTC 2018-09-17 07:14:11 +0000 UTC  }]&#xA;Sep 19 07:40:40.914: INFO: metering-reader-xq8f2                                            10.46.6.171  Running           [{Initialized True 0001-01-01 00:00:00 +0000 UTC 2018-09-17 07:14:23 +0000 UTC  } {Ready True 0001-01-01 00:00:00 +0000 UTC 2018-09-17 07:14:55 +0000 UTC  } {ContainersReady True 0001-01-01 00:00:00 +0000 UTC 0001-01-01 00:00:00 +0000 UTC  } {PodScheduled True 0001-01-01 00:00:00 +0000 UTC 2018-09-17 07:14:11 +0000 UTC  }]&#xA;Sep 19 07:40:40.914: INFO: metering-ui-5bbfbb5d49-wkh8m                                     10.46.6.171  Running           [{Initialized True 0001-01-01 00:00:00 +0000 UTC 2018-09-17 07:14:22 +0000 UTC  } {Ready True 0001-01-01 00:00:00 +0000 UTC 2018-09-17 07:14:55 +0000 UTC  } {ContainersReady True 0001-01-01 00:00:00 +0000 UTC 0001-01-01 00:00:00 +0000 UTC  } {PodScheduled True 0001-01-01 00:00:00 +0000 UTC 2018-09-17 07:14:12 +0000 UTC  }]&#xA;Sep 19 07:40:40.914: INFO: metrics-server-6d6695f9db-8t4xs                                  10.46.6.171  Running           [{Initialized True 0001-01-01 00:00:00 +0000 UTC 2018-09-17 07:08:51 +0000 UTC  } {Ready True 0001-01-01 00:00:00 +0000 UTC 2018-09-17 07:08:55 +0000 UTC  } {ContainersReady True 0001-01-01 00:00:00 +0000 UTC 0001-01-01 00:00:00 +0000 UTC  } {PodScheduled True 0001-01-01 00:00:00 +0000 UTC 2018-09-17 07:08:51 +0000 UTC  }]&#xA;Sep 19 07:40:40.915: INFO: mgmt-repo-57dc689b74-tmp44                                       10.46.6.173  Running           [{Initialized True 0001-01-01 00:00:00 +0000 UTC 2018-09-17 07:18:10 +0000 UTC  } {Ready True 0001-01-01 00:00:00 +0000 UTC 2018-09-17 07:18:54 +0000 UTC  } {ContainersReady True 0001-01-01 00:00:00 +0000 UTC 0001-01-01 00:00:00 +0000 UTC  } {PodScheduled True 0001-01-01 00:00:00 +0000 UTC 2018-09-17 07:17:50 +0000 UTC  }]&#xA;Sep 19 07:40:40.915: INFO: monitoring-grafana-548b947c8c-dh89z                              10.46.6.171  Running           [{Initialized True 0001-01-01 00:00:00 +0000 UTC 2018-09-17 07:16:14 +0000 UTC  } {Ready True 0001-01-01 00:00:00 +0000 UTC 2018-09-17 07:16:59 +0000 UTC  } {ContainersReady True 0001-01-01 00:00:00 +0000 UTC 0001-01-01 00:00:00 +0000 UTC  } {PodScheduled True 0001-01-01 00:00:00 +0000 UTC 2018-09-17 07:15:46 +0000 UTC  }]&#xA;Sep 19 07:40:40.915: INFO: monitoring-prometheus-6677d7c77f-pnpt5                           10.46.6.171  Running           [{Initialized True 0001-01-01 00:00:00 +0000 UTC 2018-09-17 07:16:14 +0000 UTC  } {Ready True 0001-01-01 00:00:00 +0000 UTC 2018-09-17 07:17:03 +0000 UTC  } {ContainersReady True 0001-01-01 00:00:00 +0000 UTC 0001-01-01 00:00:00 +0000 UTC  } {PodScheduled True 0001-01-01 00:00:00 +0000 UTC 2018-09-17 07:15:45 +0000 UTC  }]&#xA;Sep 19 07:40:40.915: INFO: monitoring-prometheus-alertmanager-7d8749dbb8-xj68d              10.46.6.171  Running           [{Initialized True 0001-01-01 00:00:00 +0000 UTC 2018-09-17 07:15:46 +0000 UTC  } {Ready True 0001-01-01 00:00:00 +0000 UTC 2018-09-17 07:16:45 +0000 UTC  } {ContainersReady True 0001-01-01 00:00:00 +0000 UTC 0001-01-01 00:00:00 +0000 UTC  } {PodScheduled True 0001-01-01 00:00:00 +0000 UTC 2018-09-17 07:15:45 +0000 UTC  }]&#xA;Sep 19 07:40:40.915: INFO: monitoring-prometheus-collectdexporter-77575678dc-v8n2l          10.46.6.171  Running           [{Initialized True 0001-01-01 00:00:00 +0000 UTC 2018-09-17 07:15:46 +0000 UTC  } {Ready True 0001-01-01 00:00:00 +0000 UTC 2018-09-17 07:16:42 +0000 UTC  } {ContainersReady True 0001-01-01 00:00:00 +0000 UTC 0001-01-01 00:00:00 +0000 UTC  } {PodScheduled True 0001-01-01 00:00:00 +0000 UTC 2018-09-17 07:15:45 +0000 UTC  }]&#xA;Sep 19 07:40:40.915: INFO: monitoring-prometheus-elasticsearchexporter-655864cccb-c6tps     10.46.6.171  Running           [{Initialized True 0001-01-01 00:00:00 +0000 UTC 2018-09-17 07:15:46 +0000 UTC  } {Ready True 0001-01-01 00:00:00 +0000 UTC 2018-09-17 07:16:52 +0000 UTC  } {ContainersReady True 0001-01-01 00:00:00 +0000 UTC 0001-01-01 00:00:00 +0000 UTC  } {PodScheduled True 0001-01-01 00:00:00 +0000 UTC 2018-09-17 07:15:45 +0000 UTC  }]&#xA;Sep 19 07:40:40.915: INFO: monitoring-prometheus-kubestatemetrics-54dcbb6cfb-76zmm          10.46.6.171  Running           [{Initialized True 0001-01-01 00:00:00 +0000 UTC 2018-09-17 07:15:45 +0000 UTC  } {Ready True 0001-01-01 00:00:00 +0000 UTC 2018-09-17 07:16:34 +0000 UTC  } {ContainersReady True 0001-01-01 00:00:00 +0000 UTC 0001-01-01 00:00:00 +0000 UTC  } {PodScheduled True 0001-01-01 00:00:00 +0000 UTC 2018-09-17 07:15:45 +0000 UTC  }]&#xA;Sep 19 07:40:40.915: INFO: monitoring-prometheus-nodeexporter-9fnpb                         10.46.6.171  Running           [{Initialized True 0001-01-01 00:00:00 +0000 UTC 2018-09-17 07:15:44 +0000 UTC  } {Ready True 0001-01-01 00:00:00 +0000 UTC 2018-09-17 07:16:44 +0000 UTC  } {ContainersReady True 0001-01-01 00:00:00 +0000 UTC 0001-01-01 00:00:00 +0000 UTC  } {PodScheduled True 0001-01-01 00:00:00 +0000 UTC 2018-09-17 07:15:44 +0000 UTC  }]&#xA;Sep 19 07:40:40.915: INFO: monitoring-prometheus-nodeexporter-f84fv                         10.46.6.173  Running           [{Initialized True 0001-01-01 00:00:00 +0000 UTC 2018-09-17 07:15:45 +0000 UTC  } {Ready True 0001-01-01 00:00:00 +0000 UTC 2018-09-17 07:16:28 +0000 UTC  } {ContainersReady True 0001-01-01 00:00:00 +0000 UTC 0001-01-01 00:00:00 +0000 UTC  } {PodScheduled True 0001-01-01 00:00:00 +0000 UTC 2018-09-17 07:15:45 +0000 UTC  }]&#xA;Sep 19 07:40:40.915: INFO: monitoring-prometheus-nodeexporter-tpbc8                         10.46.6.170  Running           [{Initialized True 0001-01-01 00:00:00 +0000 UTC 2018-09-17 07:15:44 +0000 UTC  } {Ready True 0001-01-01 00:00:00 +0000 UTC 2018-09-17 07:16:27 +0000 UTC  } {ContainersReady True 0001-01-01 00:00:00 +0000 UTC 0001-01-01 00:00:00 +0000 UTC  } {PodScheduled True 0001-01-01 00:00:00 +0000 UTC 2018-09-17 07:15:44 +0000 UTC  }]&#xA;Sep 19 07:40:40.915: INFO: monitoring-prometheus-nodeexporter-v4l7d                         10.46.6.172  Running           [{Initialized True 0001-01-01 00:00:00 +0000 UTC 2018-09-17 07:15:44 +0000 UTC  } {Ready True 0001-01-01 00:00:00 +0000 UTC 2018-09-17 07:16:31 +0000 UTC  } {ContainersReady True 0001-01-01 00:00:00 +0000 UTC 0001-01-01 00:00:00 +0000 UTC  } {PodScheduled True 0001-01-01 00:00:00 +0000 UTC 2018-09-17 07:15:44 +0000 UTC  }]&#xA;Sep 19 07:40:40.915: INFO: my-ibm-open-liberty-ibm-7f7d9778d7-7t5jc                         10.46.6.170  Running           [{Initialized True 0001-01-01 00:00:00 +0000 UTC 2018-09-17 08:22:24 +0000 UTC  } {Ready True 0001-01-01 00:00:00 +0000 UTC 2018-09-17 08:23:21 +0000 UTC  } {ContainersReady True 0001-01-01 00:00:00 +0000 UTC 0001-01-01 00:00:00 +0000 UTC  } {PodScheduled True 0001-01-01 00:00:00 +0000 UTC 2018-09-17 08:22:24 +0000 UTC  }]&#xA;Sep 19 07:40:40.915: INFO: nginx-ingress-controller-h5z2v                                   10.46.6.173  Running           [{Initialized True 0001-01-01 00:00:00 +0000 UTC 2018-09-17 07:08:39 +0000 UTC  } {Ready True 0001-01-01 00:00:00 +0000 UTC 2018-09-17 07:08:54 +0000 UTC  } {ContainersReady True 0001-01-01 00:00:00 +0000 UTC 0001-01-01 00:00:00 +0000 UTC  } {PodScheduled True 0001-01-01 00:00:00 +0000 UTC 2018-09-17 07:08:28 +0000 UTC  }]&#xA;Sep 19 07:40:40.915: INFO: nvidia-device-plugin-9h2k4                                       10.46.6.170  Running           [{Initialized True 0001-01-01 00:00:00 +0000 UTC 2018-09-17 07:07:23 +0000 UTC  } {Ready True 0001-01-01 00:00:00 +0000 UTC 2018-09-17 07:07:24 +0000 UTC  } {ContainersReady True 0001-01-01 00:00:00 +0000 UTC 0001-01-01 00:00:00 +0000 UTC  } {PodScheduled True 0001-01-01 00:00:00 +0000 UTC 2018-09-17 07:07:17 +0000 UTC  }]&#xA;Sep 19 07:40:40.915: INFO: nvidia-device-plugin-nh54k                                       10.46.6.173  Running           [{Initialized True 0001-01-01 00:00:00 +0000 UTC 2018-09-17 07:07:29 +0000 UTC  } {Ready True 0001-01-01 00:00:00 +0000 UTC 2018-09-17 07:07:33 +0000 UTC  } {ContainersReady True 0001-01-01 00:00:00 +0000 UTC 0001-01-01 00:00:00 +0000 UTC  } {PodScheduled True 0001-01-01 00:00:00 +0000 UTC 2018-09-17 07:07:17 +0000 UTC  }]&#xA;Sep 19 07:40:40.915: INFO: nvidia-device-plugin-vh85n                                       10.46.6.171  Running           [{Initialized True 0001-01-01 00:00:00 +0000 UTC 2018-09-17 07:07:21 +0000 UTC  } {Ready True 0001-01-01 00:00:00 +0000 UTC 2018-09-17 07:07:23 +0000 UTC  } {ContainersReady True 0001-01-01 00:00:00 +0000 UTC 0001-01-01 00:00:00 +0000 UTC  } {PodScheduled True 0001-01-01 00:00:00 +0000 UTC 2018-09-17 07:07:17 +0000 UTC  }]&#xA;Sep 19 07:40:40.915: INFO: nvidia-device-plugin-w9jr8                                       10.46.6.172  Running           [{Initialized True 0001-01-01 00:00:00 +0000 UTC 2018-09-17 07:07:24 +0000 UTC  } {Ready True 0001-01-01 00:00:00 +0000 UTC 2018-09-17 07:07:26 +0000 UTC  } {ContainersReady True 0001-01-01 00:00:00 +0000 UTC 0001-01-01 00:00:00 +0000 UTC  } {PodScheduled True 0001-01-01 00:00:00 +0000 UTC 2018-09-17 07:07:17 +0000 UTC  }]&#xA;Sep 19 07:40:40.915: INFO: oidc-client-registration-szxrk                                   10.46.6.173  Succeeded         [{Initialized True 0001-01-01 00:00:00 +0000 UTC 2018-09-17 07:10:05 +0000 UTC PodCompleted } {Ready False 0001-01-01 00:00:00 +0000 UTC 2018-09-17 07:12:27 +0000 UTC PodCompleted } {ContainersReady False 0001-01-01 00:00:00 +0000 UTC 0001-01-01 00:00:00 +0000 UTC PodCompleted } {PodScheduled True 0001-01-01 00:00:00 +0000 UTC 2018-09-17 07:10:04 +0000 UTC  }]&#xA;Sep 19 07:40:40.915: INFO: platform-api-2fs4x                                               10.46.6.173  Running           [{Initialized True 0001-01-01 00:00:00 +0000 UTC 2018-09-17 07:08:45 +0000 UTC  } {Ready True 0001-01-01 00:00:00 +0000 UTC 2018-09-17 07:16:29 +0000 UTC  } {ContainersReady True 0001-01-01 00:00:00 +0000 UTC 0001-01-01 00:00:00 +0000 UTC  } {PodScheduled True 0001-01-01 00:00:00 +0000 UTC 2018-09-17 07:08:45 +0000 UTC  }]&#xA;Sep 19 07:40:40.915: INFO: platform-deploy-dbbks                                            10.46.6.173  Running           [{Initialized True 0001-01-01 00:00:00 +0000 UTC 2018-09-17 07:08:45 +0000 UTC  } {Ready True 0001-01-01 00:00:00 +0000 UTC 2018-09-17 07:08:57 +0000 UTC  } {ContainersReady True 0001-01-01 00:00:00 +0000 UTC 0001-01-01 00:00:00 +0000 UTC  } {PodScheduled True 0001-01-01 00:00:00 +0000 UTC 2018-09-17 07:08:45 +0000 UTC  }]&#xA;Sep 19 07:40:40.915: INFO: platform-ui-6fjgx                                                10.46.6.173  Running           [{Initialized True 0001-01-01 00:00:00 +0000 UTC 2018-09-17 07:14:34 +0000 UTC  } {Ready True 0001-01-01 00:00:00 +0000 UTC 2018-09-17 07:15:20 +0000 UTC  } {ContainersReady True 0001-01-01 00:00:00 +0000 UTC 0001-01-01 00:00:00 +0000 UTC  } {PodScheduled True 0001-01-01 00:00:00 +0000 UTC 2018-09-17 07:14:34 +0000 UTC  }]&#xA;Sep 19 07:40:40.915: INFO: secret-watcher-5f59fcbc69-pfnfk                                  10.46.6.173  Running           [{Initialized True 0001-01-01 00:00:00 +0000 UTC 2018-09-17 07:18:05 +0000 UTC  } {Ready True 0001-01-01 00:00:00 +0000 UTC 2018-09-17 07:18:30 +0000 UTC  } {ContainersReady True 0001-01-01 00:00:00 +0000 UTC 0001-01-01 00:00:00 +0000 UTC  } {PodScheduled True 0001-01-01 00:00:00 +0000 UTC 2018-09-17 07:18:04 +0000 UTC  }]&#xA;Sep 19 07:40:40.915: INFO: security-onboarding-tkf79                                        10.46.6.173  Succeeded         [{Initialized True 0001-01-01 00:00:00 +0000 UTC 2018-09-17 07:18:12 +0000 UTC PodCompleted } {Ready False 0001-01-01 00:00:00 +0000 UTC 2018-09-17 07:20:02 +0000 UTC PodCompleted } {ContainersReady False 0001-01-01 00:00:00 +0000 UTC 0001-01-01 00:00:00 +0000 UTC PodCompleted } {PodScheduled True 0001-01-01 00:00:00 +0000 UTC 2018-09-17 07:18:12 +0000 UTC  }]&#xA;Sep 19 07:40:40.915: INFO: service-catalog-apiserver-967x9                                  10.46.6.173  Running           [{Initialized True 0001-01-01 00:00:00 +0000 UTC 2018-09-17 07:08:20 +0000 UTC  } {Ready True 0001-01-01 00:00:00 +0000 UTC 2018-09-17 07:09:01 +0000 UTC  } {ContainersReady True 0001-01-01 00:00:00 +0000 UTC 0001-01-01 00:00:00 +0000 UTC  } {PodScheduled True 0001-01-01 00:00:00 +0000 UTC 2018-09-17 07:08:20 +0000 UTC  }]&#xA;Sep 19 07:40:40.915: INFO: service-catalog-controller-manager-5969cccf86-65phs              10.46.6.173  Running           [{Initialized True 0001-01-01 00:00:00 +0000 UTC 2018-09-17 07:08:21 +0000 UTC  } {Ready True 0001-01-01 00:00:00 +0000 UTC 2018-09-17 07:08:34 +0000 UTC  } {ContainersReady True 0001-01-01 00:00:00 +0000 UTC 0001-01-01 00:00:00 +0000 UTC  } {PodScheduled True 0001-01-01 00:00:00 +0000 UTC 2018-09-17 07:08:20 +0000 UTC  }]&#xA;Sep 19 07:40:40.915: INFO: tiller-deploy-6b58875cb-5l8kh                                    10.46.6.173  Running           [{Initialized True 0001-01-01 00:00:00 +0000 UTC 2018-09-17 07:05:28 +0000 UTC  } {Ready True 0001-01-01 00:00:00 +0000 UTC 2018-09-17 07:05:43 +0000 UTC  } {ContainersReady True 0001-01-01 00:00:00 +0000 UTC 0001-01-01 00:00:00 +0000 UTC  } {PodScheduled True 0001-01-01 00:00:00 +0000 UTC 2018-09-17 07:05:28 +0000 UTC  }]&#xA;Sep 19 07:40:40.915: INFO: unified-router-lkwnl                                             10.46.6.173  Running           [{Initialized True 0001-01-01 00:00:00 +0000 UTC 2018-09-17 07:15:31 +0000 UTC  } {Ready True 0001-01-01 00:00:00 +0000 UTC 2018-09-17 07:15:40 +0000 UTC  } {ContainersReady True 0001-01-01 00:00:00 +0000 UTC 0001-01-01 00:00:00 +0000 UTC  } {PodScheduled True 0001-01-01 00:00:00 +0000 UTC 2018-09-17 07:15:31 +0000 UTC  }]&#xA;Sep 19 07:40:40.915: INFO: vulnerability-advisor-compliance-annotator-d5659b9d9-kmn8q       10.46.6.172  Running           [{Initialized True 0001-01-01 00:00:00 +0000 UTC 2018-09-17 07:19:03 +0000 UTC  } {Ready True 0001-01-01 00:00:00 +0000 UTC 2018-09-17 07:21:08 +0000 UTC  } {ContainersReady True 0001-01-01 00:00:00 +0000 UTC 0001-01-01 00:00:00 +0000 UTC  } {PodScheduled True 0001-01-01 00:00:00 +0000 UTC 2018-09-17 07:19:03 +0000 UTC  }]&#xA;Sep 19 07:40:40.915: INFO: vulnerability-advisor-compliance-indexer-7cbdc64b57-47lmd        10.46.6.172  Running           [{Initialized True 0001-01-01 00:00:00 +0000 UTC 2018-09-17 07:19:07 +0000 UTC  } {Ready True 0001-01-01 00:00:00 +0000 UTC 2018-09-17 07:19:33 +0000 UTC  } {ContainersReady True 0001-01-01 00:00:00 +0000 UTC 0001-01-01 00:00:00 +0000 UTC  } {PodScheduled True 0001-01-01 00:00:00 +0000 UTC 2018-09-17 07:19:06 +0000 UTC  }]&#xA;Sep 19 07:40:40.915: INFO: vulnerability-advisor-config-parser-5d44b78fd5-z4k9t             10.46.6.172  Running           [{Initialized True 0001-01-01 00:00:00 +0000 UTC 2018-09-17 07:19:04 +0000 UTC  } {Ready True 0001-01-01 00:00:00 +0000 UTC 2018-09-17 07:21:09 +0000 UTC  } {ContainersReady True 0001-01-01 00:00:00 +0000 UTC 0001-01-01 00:00:00 +0000 UTC  } {PodScheduled True 0001-01-01 00:00:00 +0000 UTC 2018-09-17 07:19:03 +0000 UTC  }]&#xA;Sep 19 07:40:40.915: INFO: vulnerability-advisor-cos-indexer-57899b7dd6-7cpf8               10.46.6.172  Running           [{Initialized True 0001-01-01 00:00:00 +0000 UTC 2018-09-17 07:19:04 +0000 UTC  } {Ready True 0001-01-01 00:00:00 +0000 UTC 2018-09-19 07:20:04 +0000 UTC  } {ContainersReady True 0001-01-01 00:00:00 +0000 UTC 0001-01-01 00:00:00 +0000 UTC  } {PodScheduled True 0001-01-01 00:00:00 +0000 UTC 2018-09-17 07:19:04 +0000 UTC  }]&#xA;Sep 19 07:40:40.915: INFO: vulnerability-advisor-kafka-0                                    10.46.6.172  Running           [{Initialized True 0001-01-01 00:00:00 +0000 UTC 2018-09-17 07:19:13 +0000 UTC  } {Ready True 0001-01-01 00:00:00 +0000 UTC 2018-09-17 07:20:53 +0000 UTC  } {ContainersReady True 0001-01-01 00:00:00 +0000 UTC 0001-01-01 00:00:00 +0000 UTC  } {PodScheduled True 0001-01-01 00:00:00 +0000 UTC 2018-09-17 07:19:13 +0000 UTC  }]&#xA;Sep 19 07:40:40.916: INFO: vulnerability-advisor-live-crawler-84st2                         10.46.6.172  Running           [{Initialized True 0001-01-01 00:00:00 +0000 UTC 2018-09-17 07:19:03 +0000 UTC  } {Ready True 0001-01-01 00:00:00 +0000 UTC 2018-09-17 07:19:26 +0000 UTC  } {ContainersReady True 0001-01-01 00:00:00 +0000 UTC 0001-01-01 00:00:00 +0000 UTC  } {PodScheduled True 0001-01-01 00:00:00 +0000 UTC 2018-09-17 07:19:03 +0000 UTC  }]&#xA;Sep 19 07:40:40.916: INFO: vulnerability-advisor-live-crawler-ccxd7                         10.46.6.170  Running           [{Initialized True 0001-01-01 00:00:00 +0000 UTC 2018-09-17 07:19:03 +0000 UTC  } {Ready True 0001-01-01 00:00:00 +0000 UTC 2018-09-17 07:19:14 +0000 UTC  } {ContainersReady True 0001-01-01 00:00:00 +0000 UTC 0001-01-01 00:00:00 +0000 UTC  } {PodScheduled True 0001-01-01 00:00:00 +0000 UTC 2018-09-17 07:19:03 +0000 UTC  }]&#xA;Sep 19 07:40:40.916: INFO: vulnerability-advisor-live-crawler-p6khc                         10.46.6.173  Running           [{Initialized True 0001-01-01 00:00:00 +0000 UTC 2018-09-17 07:19:02 +0000 UTC  } {Ready True 0001-01-01 00:00:00 +0000 UTC 2018-09-17 07:19:22 +0000 UTC  } {ContainersReady True 0001-01-01 00:00:00 +0000 UTC 0001-01-01 00:00:00 +0000 UTC  } {PodScheduled True 0001-01-01 00:00:00 +0000 UTC 2018-09-17 07:19:02 +0000 UTC  }]&#xA;Sep 19 07:40:40.916: INFO: vulnerability-advisor-live-crawler-xxz8p                         10.46.6.171  Running           [{Initialized True 0001-01-01 00:00:00 +0000 UTC 2018-09-17 07:19:03 +0000 UTC  } {Ready True 0001-01-01 00:00:00 +0000 UTC 2018-09-17 07:19:18 +0000 UTC  } {ContainersReady True 0001-01-01 00:00:00 +0000 UTC 0001-01-01 00:00:00 +0000 UTC  } {PodScheduled True 0001-01-01 00:00:00 +0000 UTC 2018-09-17 07:19:03 +0000 UTC  }]&#xA;Sep 19 07:40:40.916: INFO: vulnerability-advisor-ma-file-annotator-6b95df8886-jtczz         10.46.6.172  Running           [{Initialized True 0001-01-01 00:00:00 +0000 UTC 2018-09-17 07:19:04 +0000 UTC  } {Ready True 0001-01-01 00:00:00 +0000 UTC 2018-09-17 07:23:32 +0000 UTC  } {ContainersReady True 0001-01-01 00:00:00 +0000 UTC 0001-01-01 00:00:00 +0000 UTC  } {PodScheduled True 0001-01-01 00:00:00 +0000 UTC 2018-09-17 07:19:04 +0000 UTC  }]&#xA;Sep 19 07:40:40.916: INFO: vulnerability-advisor-minio-0                                    10.46.6.172  Running           [{Initialized True 0001-01-01 00:00:00 +0000 UTC 2018-09-17 07:21:51 +0000 UTC  } {Ready True 0001-01-01 00:00:00 +0000 UTC 2018-09-17 07:21:54 +0000 UTC  } {ContainersReady True 0001-01-01 00:00:00 +0000 UTC 0001-01-01 00:00:00 +0000 UTC  } {PodScheduled True 0001-01-01 00:00:00 +0000 UTC 2018-09-17 07:19:15 +0000 UTC  }]&#xA;Sep 19 07:40:40.916: INFO: vulnerability-advisor-minio-cleaner-1537228740-55f4w             10.46.6.172  Succeeded         [{Initialized True 0001-01-01 00:00:00 +0000 UTC 2018-09-17 23:59:03 +0000 UTC PodCompleted } {Ready False 0001-01-01 00:00:00 +0000 UTC 2018-09-17 23:59:42 +0000 UTC PodCompleted } {ContainersReady False 0001-01-01 00:00:00 +0000 UTC 0001-01-01 00:00:00 +0000 UTC PodCompleted } {PodScheduled True 0001-01-01 00:00:00 +0000 UTC 2018-09-17 23:59:03 +0000 UTC  }]&#xA;Sep 19 07:40:40.916: INFO: vulnerability-advisor-minio-cleaner-1537315140-nqk7v             10.46.6.172  Succeeded         [{Initialized True 0001-01-01 00:00:00 +0000 UTC 2018-09-18 23:59:04 +0000 UTC PodCompleted } {Ready False 0001-01-01 00:00:00 +0000 UTC 2018-09-19 00:00:52 +0000 UTC PodCompleted } {ContainersReady False 0001-01-01 00:00:00 +0000 UTC 0001-01-01 00:00:00 +0000 UTC PodCompleted } {PodScheduled True 0001-01-01 00:00:00 +0000 UTC 2018-09-18 23:59:04 +0000 UTC  }]&#xA;Sep 19 07:40:40.916: INFO: vulnerability-advisor-notification-dispatcher-86f8bf4b4d-cfdzb   10.46.6.172  Running           [{Initialized True 0001-01-01 00:00:00 +0000 UTC 2018-09-17 07:19:04 +0000 UTC  } {Ready True 0001-01-01 00:00:00 +0000 UTC 2018-09-17 07:20:31 +0000 UTC  } {ContainersReady True 0001-01-01 00:00:00 +0000 UTC 0001-01-01 00:00:00 +0000 UTC  } {PodScheduled True 0001-01-01 00:00:00 +0000 UTC 2018-09-17 07:19:04 +0000 UTC  }]&#xA;Sep 19 07:40:40.916: INFO: vulnerability-advisor-password-annotator-79b5d794b5-wnwqn        10.46.6.172  Running           [{Initialized True 0001-01-01 00:00:00 +0000 UTC 2018-09-17 07:19:05 +0000 UTC  } {Ready True 0001-01-01 00:00:00 +0000 UTC 2018-09-17 07:20:29 +0000 UTC  } {ContainersReady True 0001-01-01 00:00:00 +0000 UTC 0001-01-01 00:00:00 +0000 UTC  } {PodScheduled True 0001-01-01 00:00:00 +0000 UTC 2018-09-17 07:19:04 +0000 UTC  }]&#xA;Sep 19 07:40:40.916: INFO: vulnerability-advisor-process-ma-annotator-58f47d5b5f-4wglg      10.46.6.172  Running           [{Initialized True 0001-01-01 00:00:00 +0000 UTC 2018-09-17 07:19:06 +0000 UTC  } {Ready True 0001-01-01 00:00:00 +0000 UTC 2018-09-17 07:20:56 +0000 UTC  } {ContainersReady True 0001-01-01 00:00:00 +0000 UTC 0001-01-01 00:00:00 +0000 UTC  } {PodScheduled True 0001-01-01 00:00:00 +0000 UTC 2018-09-17 07:19:05 +0000 UTC  }]&#xA;Sep 19 07:40:40.916: INFO: vulnerability-advisor-process-ma-annotator-58f47d5b5f-xbxrc      10.46.6.172  Running           [{Initialized True 0001-01-01 00:00:00 +0000 UTC 2018-09-17 07:19:06 +0000 UTC  } {Ready True 0001-01-01 00:00:00 +0000 UTC 2018-09-17 07:21:50 +0000 UTC  } {ContainersReady True 0001-01-01 00:00:00 +0000 UTC 0001-01-01 00:00:00 +0000 UTC  } {PodScheduled True 0001-01-01 00:00:00 +0000 UTC 2018-09-17 07:19:05 +0000 UTC  }]&#xA;Sep 19 07:40:40.916: INFO: vulnerability-advisor-process-ma-annotator-init-869545d547nn27w  10.46.6.172  Running           [{Initialized True 0001-01-01 00:00:00 +0000 UTC 2018-09-17 07:19:06 +0000 UTC  } {Ready True 0001-01-01 00:00:00 +0000 UTC 2018-09-17 07:19:42 +0000 UTC  } {ContainersReady True 0001-01-01 00:00:00 +0000 UTC 0001-01-01 00:00:00 +0000 UTC  } {PodScheduled True 0001-01-01 00:00:00 +0000 UTC 2018-09-17 07:19:05 +0000 UTC  }]&#xA;Sep 19 07:40:40.916: INFO: vulnerability-advisor-process-ma-crawler-24z6k                   10.46.6.172  Running           [{Initialized True 0001-01-01 00:00:00 +0000 UTC 2018-09-17 07:19:03 +0000 UTC  } {Ready True 0001-01-01 00:00:00 +0000 UTC 2018-09-17 07:19:32 +0000 UTC  } {ContainersReady True 0001-01-01 00:00:00 +0000 UTC 0001-01-01 00:00:00 +0000 UTC  } {PodScheduled True 0001-01-01 00:00:00 +0000 UTC 2018-09-17 07:19:03 +0000 UTC  }]&#xA;Sep 19 07:40:40.916: INFO: vulnerability-advisor-process-ma-crawler-5g4zk                   10.46.6.170  Running           [{Initialized True 0001-01-01 00:00:00 +0000 UTC 2018-09-17 07:19:03 +0000 UTC  } {Ready True 0001-01-01 00:00:00 +0000 UTC 2018-09-17 07:19:16 +0000 UTC  } {ContainersReady True 0001-01-01 00:00:00 +0000 UTC 0001-01-01 00:00:00 +0000 UTC  } {PodScheduled True 0001-01-01 00:00:00 +0000 UTC 2018-09-17 07:19:03 +0000 UTC  }]&#xA;Sep 19 07:40:40.916: INFO: vulnerability-advisor-process-ma-crawler-96728                   10.46.6.173  Running           [{Initialized True 0001-01-01 00:00:00 +0000 UTC 2018-09-17 07:19:03 +0000 UTC  } {Ready True 0001-01-01 00:00:00 +0000 UTC 2018-09-17 07:19:23 +0000 UTC  } {ContainersReady True 0001-01-01 00:00:00 +0000 UTC 0001-01-01 00:00:00 +0000 UTC  } {PodScheduled True 0001-01-01 00:00:00 +0000 UTC 2018-09-17 07:19:03 +0000 UTC  }]&#xA;Sep 19 07:40:40.916: INFO: vulnerability-advisor-process-ma-crawler-b7k2d                   10.46.6.171  Running           [{Initialized True 0001-01-01 00:00:00 +0000 UTC 2018-09-17 07:19:03 +0000 UTC  } {Ready True 0001-01-01 00:00:00 +0000 UTC 2018-09-17 07:19:13 +0000 UTC  } {ContainersReady True 0001-01-01 00:00:00 +0000 UTC 0001-01-01 00:00:00 +0000 UTC  } {PodScheduled True 0001-01-01 00:00:00 +0000 UTC 2018-09-17 07:19:03 +0000 UTC  }]&#xA;Sep 19 07:40:40.916: INFO: vulnerability-advisor-registry-crawler-6f9568677b-bfpm6          10.46.6.172  Running           [{Initialized True 0001-01-01 00:00:00 +0000 UTC 2018-09-17 07:19:08 +0000 UTC  } {Ready True 0001-01-01 00:00:00 +0000 UTC 2018-09-17 07:19:48 +0000 UTC  } {ContainersReady True 0001-01-01 00:00:00 +0000 UTC 0001-01-01 00:00:00 +0000 UTC  } {PodScheduled True 0001-01-01 00:00:00 +0000 UTC 2018-09-17 07:19:07 +0000 UTC  }]&#xA;Sep 19 07:40:40.916: INFO: vulnerability-advisor-rootkit-annotator-74cb65b5cf-2dk5j         10.46.6.172  Running           [{Initialized True 0001-01-01 00:00:00 +0000 UTC 2018-09-17 07:19:08 +0000 UTC  } {Ready True 0001-01-01 00:00:00 +0000 UTC 2018-09-17 07:20:26 +0000 UTC  } {ContainersReady True 0001-01-01 00:00:00 +0000 UTC 0001-01-01 00:00:00 +0000 UTC  } {PodScheduled True 0001-01-01 00:00:00 +0000 UTC 2018-09-17 07:19:07 +0000 UTC  }]&#xA;Sep 19 07:40:40.916: INFO: vulnerability-advisor-rootkit-indexer-cd8b4646b-xlhwq            10.46.6.172  Running           [{Initialized True 0001-01-01 00:00:00 +0000 UTC 2018-09-17 07:19:07 +0000 UTC  } {Ready True 0001-01-01 00:00:00 +0000 UTC 2018-09-17 07:19:26 +0000 UTC  } {ContainersReady True 0001-01-01 00:00:00 +0000 UTC 0001-01-01 00:00:00 +0000 UTC  } {PodScheduled True 0001-01-01 00:00:00 +0000 UTC 2018-09-17 07:19:06 +0000 UTC  }]&#xA;Sep 19 07:40:40.916: INFO: vulnerability-advisor-sas-apiserver-5fd8d44bc9-7bvkn             10.46.6.172  Running           [{Initialized True 0001-01-01 00:00:00 +0000 UTC 2018-09-17 07:19:09 +0000 UTC  } {Ready True 0001-01-01 00:00:00 +0000 UTC 2018-09-17 07:20:03 +0000 UTC  } {ContainersReady True 0001-01-01 00:00:00 +0000 UTC 0001-01-01 00:00:00 +0000 UTC  } {PodScheduled True 0001-01-01 00:00:00 +0000 UTC 2018-09-17 07:19:08 +0000 UTC  }]&#xA;Sep 19 07:40:40.916: INFO: vulnerability-advisor-sas-mgmt-64fb95bc44-j9vjc                  10.46.6.172  Running           [{Initialized True 0001-01-01 00:00:00 +0000 UTC 2018-09-17 07:19:08 +0000 UTC  } {Ready True 0001-01-01 00:00:00 +0000 UTC 2018-09-17 07:19:39 +0000 UTC  } {ContainersReady True 0001-01-01 00:00:00 +0000 UTC 0001-01-01 00:00:00 +0000 UTC  } {PodScheduled True 0001-01-01 00:00:00 +0000 UTC 2018-09-17 07:19:08 +0000 UTC  }]&#xA;Sep 19 07:40:40.916: INFO: vulnerability-advisor-secconfig-annotator-7dbcf5d9f4-fkmkb       10.46.6.172  Running           [{Initialized True 0001-01-01 00:00:00 +0000 UTC 2018-09-17 07:19:10 +0000 UTC  } {Ready True 0001-01-01 00:00:00 +0000 UTC 2018-09-17 07:19:45 +0000 UTC  } {ContainersReady True 0001-01-01 00:00:00 +0000 UTC 0001-01-01 00:00:00 +0000 UTC  } {PodScheduled True 0001-01-01 00:00:00 +0000 UTC 2018-09-17 07:19:08 +0000 UTC  }]&#xA;Sep 19 07:40:40.916: INFO: vulnerability-advisor-secconfig-indexer-674647df7c-qq5ff         10.46.6.172  Running           [{Initialized True 0001-01-01 00:00:00 +0000 UTC 2018-09-17 07:19:07 +0000 UTC  } {Ready True 0001-01-01 00:00:00 +0000 UTC 2018-09-17 07:19:33 +0000 UTC  } {ContainersReady True 0001-01-01 00:00:00 +0000 UTC 0001-01-01 00:00:00 +0000 UTC  } {PodScheduled True 0001-01-01 00:00:00 +0000 UTC 2018-09-17 07:19:06 +0000 UTC  }]&#xA;Sep 19 07:40:40.916: INFO: vulnerability-advisor-statsd-7746859df4-jjm6f                    10.46.6.172  Running           [{Initialized True 0001-01-01 00:00:00 +0000 UTC 2018-09-17 07:19:10 +0000 UTC  } {Ready True 0001-01-01 00:00:00 +0000 UTC 2018-09-17 07:19:38 +0000 UTC  } {ContainersReady True 0001-01-01 00:00:00 +0000 UTC 0001-01-01 00:00:00 +0000 UTC  } {PodScheduled True 0001-01-01 00:00:00 +0000 UTC 2018-09-17 07:19:09 +0000 UTC  }]&#xA;Sep 19 07:40:40.916: INFO: vulnerability-advisor-usncrawler-8h976                           10.46.6.172  Succeeded         [{Initialized True 0001-01-01 00:00:00 +0000 UTC 2018-09-17 07:19:11 +0000 UTC PodCompleted } {Ready False 0001-01-01 00:00:00 +0000 UTC 2018-09-17 07:24:06 +0000 UTC PodCompleted } {ContainersReady False 0001-01-01 00:00:00 +0000 UTC 0001-01-01 00:00:00 +0000 UTC PodCompleted } {PodScheduled True 0001-01-01 00:00:00 +0000 UTC 2018-09-17 07:19:11 +0000 UTC  }]&#xA;Sep 19 07:40:40.916: INFO: vulnerability-advisor-vulnerability-annotator-bcbf5595f-hxwst    10.46.6.172  Running           [{Initialized True 0001-01-01 00:00:00 +0000 UTC 2018-09-17 07:19:10 +0000 UTC  } {Ready True 0001-01-01 00:00:00 +0000 UTC 2018-09-17 07:20:29 +0000 UTC  } {ContainersReady True 0001-01-01 00:00:00 +0000 UTC 0001-01-01 00:00:00 +0000 UTC  } {PodScheduled True 0001-01-01 00:00:00 +0000 UTC 2018-09-17 07:19:09 +0000 UTC  }]&#xA;Sep 19 07:40:40.916: INFO: vulnerability-advisor-vulnerability-indexer-7c79b4c964-2n8cg     10.46.6.172  Running           [{Initialized True 0001-01-01 00:00:00 +0000 UTC 2018-09-17 07:19:07 +0000 UTC  } {Ready True 0001-01-01 00:00:00 +0000 UTC 2018-09-17 07:19:37 +0000 UTC  } {ContainersReady True 0001-01-01 00:00:00 +0000 UTC 0001-01-01 00:00:00 +0000 UTC  } {PodScheduled True 0001-01-01 00:00:00 +0000 UTC 2018-09-17 07:19:06 +0000 UTC  }]&#xA;Sep 19 07:40:40.916: INFO: vulnerability-advisor-zookeeper-0                                10.46.6.172  Running           [{Initialized True 0001-01-01 00:00:00 +0000 UTC 2018-09-17 07:19:15 +0000 UTC  } {Ready True 0001-01-01 00:00:00 +0000 UTC 2018-09-17 07:20:10 +0000 UTC  } {ContainersReady True 0001-01-01 00:00:00 +0000 UTC 0001-01-01 00:00:00 +0000 UTC  } {PodScheduled True 0001-01-01 00:00:00 +0000 UTC 2018-09-17 07:19:14 +0000 UTC  }]&#xA;Sep 19 07:40:40.916: INFO: &#xA;Sep 19 07:40:40.949: INFO: &#xA;Logging node info for node 10.46.6.170&#xA;Sep 19 07:40:40.952: INFO: Node Info: &amp;Node{ObjectMeta:k8s_io_apimachinery_pkg_apis_meta_v1.ObjectMeta{Name:10.46.6.170,GenerateName:,Namespace:,SelfLink:/api/v1/nodes/10.46.6.170,UID:0c4508eb-ba48-11e8-b20e-fa163e707b2e,ResourceVersion:457819,Generation:0,CreationTimestamp:2018-09-17 07:05:24 +0000 UTC,DeletionTimestamp:&lt;nil&gt;,DeletionGracePeriodSeconds:nil,Labels:map[string]string{beta.kubernetes.io/arch: amd64,beta.kubernetes.io/os: linux,kubernetes.io/hostname: 10.46.6.170,node-role.kubernetes.io/worker: true,},Annotations:map[string]string{node.alpha.kubernetes.io/ttl: 0,volumes.kubernetes.io/controller-managed-attach-detach: true,},OwnerReferences:[],Finalizers:[],ClusterName:,Initializers:nil,},Spec:NodeSpec{PodCIDR:,DoNotUse_ExternalID:,ProviderID:,Unschedulable:false,Taints:[],ConfigSource:nil,},Status:NodeStatus{Capacity:ResourceList{cpu: {{8 0} {&lt;nil&gt;} 8 DecimalSI},ephemeral-storage: {{107362627584 0} {&lt;nil&gt;} 104846316Ki BinarySI},hugepages-1Gi: {{0 0} {&lt;nil&gt;} 0 DecimalSI},hugepages-2Mi: {{0 0} {&lt;nil&gt;} 0 DecimalSI},memory: {{16825630720 0} {&lt;nil&gt;}  BinarySI},pods: {{80 0} {&lt;nil&gt;} 80 DecimalSI},},Allocatable:ResourceList{cpu: {{8 0} {&lt;nil&gt;} 8 DecimalSI},ephemeral-storage: {{96626364666 0} {&lt;nil&gt;} 96626364666 DecimalSI},hugepages-1Gi: {{0 0} {&lt;nil&gt;} 0 DecimalSI},hugepages-2Mi: {{0 0} {&lt;nil&gt;} 0 DecimalSI},memory: {{16720773120 0} {&lt;nil&gt;}  BinarySI},pods: {{80 0} {&lt;nil&gt;} 80 DecimalSI},},Phase:,Conditions:[{OutOfDisk False 2018-09-19 07:40:39 +0000 UTC 2018-09-17 07:05:24 +0000 UTC KubeletHasSufficientDisk kubelet has sufficient disk space available} {MemoryPressure False 2018-09-19 07:40:39 +0000 UTC 2018-09-17 07:05:24 +0000 UTC KubeletHasSufficientMemory kubelet has sufficient memory available} {DiskPressure False 2018-09-19 07:40:39 +0000 UTC 2018-09-17 07:05:24 +0000 UTC KubeletHasNoDiskPressure kubelet has no disk pressure} {PIDPressure False 2018-09-19 07:40:39 +0000 UTC 2018-09-17 07:05:24 +0000 UTC KubeletHasSufficientPID kubelet has sufficient PID available} {Ready True 2018-09-19 07:40:39 +0000 UTC 2018-09-17 07:06:04 +0000 UTC KubeletReady kubelet is posting ready status}],Addresses:[{InternalIP 10.46.6.170} {Hostname 10.46.6.170}],DaemonEndpoints:NodeDaemonEndpoints{KubeletEndpoint:DaemonEndpoint{Port:10250,},},NodeInfo:NodeSystemInfo{MachineID:52ca0d2c3fb341c79b059a96d10571a6,SystemUUID:B2A91A2D-0576-4E7B-AEBA-AE95FFDDF786,BootID:ae0d54c3-4892-49fd-b5c7-ca2077060a4b,KernelVersion:3.10.0-862.9.1.el7.x86_64,OSImage:Red Hat Enterprise Linux,ContainerRuntimeVersion:docker://18.3.1,KubeletVersion:v1.11.1+icp-ee,KubeProxyVersion:v1.11.1+icp-ee,OperatingSystem:linux,Architecture:amd64,},Images:[{[lzj.icp:8500/ibmcom/live-crawler@sha256:1a648615e7b439f093697f65350262823e6c711c4b21ea81596ced1c28a48133 lzj.icp:8500/ibmcom/live-crawler:1.3.1] 987515538} {[lzj.icp:8500/ibmcom/hyperkube@sha256:9fbddbf2d04354912c8a981395493d250474cb9fa587fa91119e69467078b180 lzj.icp:8500/ibmcom/hyperkube:v1.11.1-ee] 782626408} {[gcr.io/heptio-images/kube-conformance@sha256:5482c7f5f7b874c5c6caec6ddef5406f19a52a2c3a36897cadf0a8f78ab57982 gcr.io/heptio-images/kube-conformance:latest] 532182058} {[open-liberty@sha256:e962af00796d50687a4ac71d5e8ab046696c314b4a84617b0d216b671519df31 open-liberty:latest] 500884023} {[lzj.icp:8500/ibmcom/icp-filebeat@sha256:72669dde64d7ab85bbb9e93428efe548b2693a4eae5168a4705f6e30cd20e584 lzj.icp:8500/ibmcom/icp-filebeat:5.5.1] 317104874} {[lzj.icp:8500/ibmcom/fluentd@sha256:f85a5ffd86438f1a73d04caf6e33ef3474675d9fa0947431f4d0a9602fc981af lzj.icp:8500/ibmcom/fluentd:v1.2.2-icp] 270902701} {[lzj.icp:8500/ibmcom/calico-node@sha256:85a23d8030137d49663d3d82844a61998331606de9fc523dfdd0a75be7fb9828 lzj.icp:8500/ibmcom/calico-node:v3.1.3] 248202699} {[gcr.io/kubernetes-e2e-test-images/jessie-dnsutils-amd64@sha256:9e842e2f77073ec30e2349f9082ec35357a3bf61e12488adc677144295e68c38 gcr.io/kubernetes-e2e-test-images/jessie-dnsutils-amd64:1.0] 195659796} {[lzj.icp:8500/ibmcom/nvidia-device-plugin@sha256:2d57caa41994d1e0b3d952526a651f8da487e068874d1075f915fa48ad969ba6 lzj.icp:8500/ibmcom/nvidia-device-plugin:1.0] 132413452} {[lzj.icp:8500/ibmcom/metering-data-manager@sha256:97803f4458c6f6ca62076cf6958cb8ab98cf9ffed7cd4977550eeaa6db8ead70 lzj.icp:8500/ibmcom/metering-data-manager:3.1.0] 121942877} {[lzj.icp:8500/ibmcom/icp-management-ingress@sha256:259a9d288f5ee4f169c618b6d870b5ae38b954a3bf69f3f392523b1aaa9f4001 lzj.icp:8500/ibmcom/icp-management-ingress:2.2.1] 80410712} {[lzj.icp:8500/ibmcom/calico-cni@sha256:b56c2d3e62bd02f15dd5ec335c25ac81bb39d214e904525227640790686855d7 lzj.icp:8500/ibmcom/calico-cni:v3.1.3] 68849270} {[gcr.io/heptio-images/sonobuoy@sha256:165df6f635ddd0088ed6686e07ffb47f8dd17fdba153f61dbec9aa80c0d2e0b8 gcr.io/heptio-images/sonobuoy:latest gcr.io/heptio-images/sonobuoy:v0.11.6] 33401240} {[gcr.io/kubernetes-e2e-test-images/nettest-amd64@sha256:f2d3eba3ae2043c51389935be4bf41b2b0e60fd7220b9ba9cbc51eceaa74b2b4 gcr.io/kubernetes-e2e-test-images/nettest-amd64:1.0] 27413498} {[lzj.icp:8500/ibmcom/node-exporter@sha256:b24db452b1a0bf46abba095162d0fbc89ea40eeabbfe43ae01dab54107ecff0e lzj.icp:8500/ibmcom/node-exporter:v0.16.0] 22915749} {[gcr.io/kubernetes-e2e-test-images/dnsutils-amd64@sha256:f8eca5c0c2e18b7ee6df876e5587c5885d13c59cb453d93bf51628daf656e4b5 gcr.io/kubernetes-e2e-test-images/dnsutils-amd64:1.0] 9030162} {[gcr.io/kubernetes-e2e-test-images/hostexec-amd64@sha256:e1dadb772c6132e3587fc41b8c07facd81ee7c4e74508891b5d98d45b85462e9 gcr.io/kubernetes-e2e-test-images/hostexec-amd64:1.1] 8490662} {[gcr.io/kubernetes-e2e-test-images/netexec-amd64@sha256:da1c165175d5589ed70384e406a0291b6f76d53fc99e2c31ae23003e11e5bfde gcr.io/kubernetes-e2e-test-images/netexec-amd64:1.0] 6713741} {[gcr.io/kubernetes-e2e-test-images/serve-hostname-amd64@sha256:2dd4032e98a0450d95a0ac71a5e465f542a900812d8c41bc6ca635aed1a5fc91 gcr.io/kubernetes-e2e-test-images/serve-hostname-amd64:1.0] 5470001} {[gcr.io/kubernetes-e2e-test-images/test-webserver-amd64@sha256:8da73e44d6870f86e0e6a87b2e07829470465afbb6febeb900296d99510789ce gcr.io/kubernetes-e2e-test-images/test-webserver-amd64:1.0] 4732240} {[gcr.io/kubernetes-e2e-test-images/mounttest-amd64@sha256:e3e75014e6df02dc21e6fb95f93b989a2ff8a91f36ae88d74eccbabaa21fc211 gcr.io/kubernetes-e2e-test-images/mounttest-amd64:1.0] 1563521} {[gcr.io/kubernetes-e2e-test-images/mounttest-user-amd64@sha256:1ac490f1442cad4b1c886527470393c71302cc62f5e3304fb08854403cbc68dc gcr.io/kubernetes-e2e-test-images/mounttest-user-amd64:1.0] 1450451} {[busybox@sha256:cb63aa0641a885f54de20f61d152187419e8f6b159ed11a251a09d115fdff9bd busybox:latest] 1162769} {[lzj.icp:8500/ibmcom/pause@sha256:8a18035491d4fbbe481be5eac11819315ec94677ab465608d052d87b3cdcff7f lzj.icp:8500/ibmcom/pause:3.1] 742472}],VolumesInUse:[],VolumesAttached:[],Config:&amp;NodeConfigStatus{Assigned:nil,Active:nil,LastKnownGood:nil,Error:,},},}&#xA;Sep 19 07:40:40.953: INFO: &#xA;Logging kubelet events for node 10.46.6.170&#xA;Sep 19 07:40:40.956: INFO: &#xA;Logging pods the kubelet thinks is on node 10.46.6.170&#xA;Sep 19 07:40:40.977: INFO: monitoring-prometheus-nodeexporter-tpbc8 started at 2018-09-17 07:15:44 +0000 UTC (0+2 container statuses recorded)&#xA;Sep 19 07:40:40.977: INFO: &#x9;Container nodeexporter ready: true, restart count 0&#xA;Sep 19 07:40:40.977: INFO: &#x9;Container router ready: true, restart count 0&#xA;Sep 19 07:40:40.977: INFO: audit-logging-fluentd-ds-4cgnk started at 2018-09-17 07:18:46 +0000 UTC (0+1 container statuses recorded)&#xA;Sep 19 07:40:40.977: INFO: &#x9;Container fluentd ready: true, restart count 0&#xA;Sep 19 07:40:40.977: INFO: vulnerability-advisor-process-ma-crawler-5g4zk started at 2018-09-17 07:19:03 +0000 UTC (0+1 container statuses recorded)&#xA;Sep 19 07:40:40.977: INFO: &#x9;Container process-ma-crawler ready: true, restart count 0&#xA;Sep 19 07:40:40.977: INFO: my-ibm-open-liberty-ibm-7f7d9778d7-7t5jc started at 2018-09-17 08:22:24 +0000 UTC (0+1 container statuses recorded)&#xA;Sep 19 07:40:40.977: INFO: &#x9;Container ibm-open-liberty ready: true, restart count 0&#xA;Sep 19 07:40:40.977: INFO: k8s-proxy-10.46.6.170 started at &lt;nil&gt; (0+0 container statuses recorded)&#xA;Sep 19 07:40:40.977: INFO: calico-node-htf97 started at 2018-09-17 07:05:53 +0000 UTC (0+2 container statuses recorded)&#xA;Sep 19 07:40:40.977: INFO: &#x9;Container calico-node ready: true, restart count 0&#xA;Sep 19 07:40:40.977: INFO: &#x9;Container install-cni ready: true, restart count 0&#xA;Sep 19 07:40:40.977: INFO: logging-elk-filebeat-ds-jtd5q started at 2018-09-17 07:15:20 +0000 UTC (0+1 container statuses recorded)&#xA;Sep 19 07:40:40.977: INFO: &#x9;Container filebeat ready: true, restart count 0&#xA;Sep 19 07:40:40.977: INFO: sonobuoy started at 2018-09-19 07:22:02 +0000 UTC (0+1 container statuses recorded)&#xA;Sep 19 07:40:40.977: INFO: &#x9;Container kube-sonobuoy ready: true, restart count 0&#xA;Sep 19 07:40:40.977: INFO: nvidia-device-plugin-9h2k4 started at 2018-09-17 07:07:17 +0000 UTC (1+1 container statuses recorded)&#xA;Sep 19 07:40:40.977: INFO: &#x9;Init container nvidia-driver-collector ready: true, restart count 0&#xA;Sep 19 07:40:40.977: INFO: &#x9;Container nvidia-device-plugin ready: true, restart count 0&#xA;Sep 19 07:40:40.977: INFO: metering-reader-44wd7 started at 2018-09-17 07:14:11 +0000 UTC (1+1 container statuses recorded)&#xA;Sep 19 07:40:40.977: INFO: &#x9;Init container metering-reader-init ready: true, restart count 1&#xA;Sep 19 07:40:40.978: INFO: &#x9;Container metering-reader ready: true, restart count 0&#xA;Sep 19 07:40:40.978: INFO: vulnerability-advisor-live-crawler-ccxd7 started at 2018-09-17 07:19:03 +0000 UTC (0+1 container statuses recorded)&#xA;Sep 19 07:40:40.978: INFO: &#x9;Container live-crawler ready: true, restart count 0&#xA;Sep 19 07:40:40.978: INFO: sonobuoy-e2e-job-c3f9b53ea97c48a2 started at 2018-09-19 07:22:08 +0000 UTC (0+2 container statuses recorded)&#xA;Sep 19 07:40:40.978: INFO: &#x9;Container e2e ready: true, restart count 0&#xA;Sep 19 07:40:40.978: INFO: &#x9;Container sonobuoy-worker ready: true, restart count 0&#xA;Sep 19 07:40:41.042: INFO: &#xA;Latency metrics for node 10.46.6.170&#xA;Sep 19 07:40:41.042: INFO: &#xA;Logging node info for node 10.46.6.171&#xA;Sep 19 07:40:41.057: INFO: Node Info: &amp;Node{ObjectMeta:k8s_io_apimachinery_pkg_apis_meta_v1.ObjectMeta{Name:10.46.6.171,GenerateName:,Namespace:,SelfLink:/api/v1/nodes/10.46.6.171,UID:0c79152a-ba48-11e8-b20e-fa163e707b2e,ResourceVersion:457804,Generation:0,CreationTimestamp:2018-09-17 07:05:24 +0000 UTC,DeletionTimestamp:&lt;nil&gt;,DeletionGracePeriodSeconds:nil,Labels:map[string]string{beta.kubernetes.io/arch: amd64,beta.kubernetes.io/os: linux,kubernetes.io/hostname: 10.46.6.171,management: true,node-role.kubernetes.io/management: true,},Annotations:map[string]string{node.alpha.kubernetes.io/ttl: 0,volumes.kubernetes.io/controller-managed-attach-detach: true,},OwnerReferences:[],Finalizers:[],ClusterName:,Initializers:nil,},Spec:NodeSpec{PodCIDR:,DoNotUse_ExternalID:,ProviderID:,Unschedulable:false,Taints:[{dedicated management NoSchedule &lt;nil&gt;}],ConfigSource:nil,},Status:NodeStatus{Capacity:ResourceList{cpu: {{8 0} {&lt;nil&gt;} 8 DecimalSI},ephemeral-storage: {{107362627584 0} {&lt;nil&gt;} 104846316Ki BinarySI},hugepages-1Gi: {{0 0} {&lt;nil&gt;} 0 DecimalSI},hugepages-2Mi: {{0 0} {&lt;nil&gt;} 0 DecimalSI},memory: {{16825630720 0} {&lt;nil&gt;}  BinarySI},pods: {{80 0} {&lt;nil&gt;} 80 DecimalSI},},Allocatable:ResourceList{cpu: {{8 0} {&lt;nil&gt;} 8 DecimalSI},ephemeral-storage: {{107257769984 0} {&lt;nil&gt;} 104743916Ki BinarySI},hugepages-1Gi: {{0 0} {&lt;nil&gt;} 0 DecimalSI},hugepages-2Mi: {{0 0} {&lt;nil&gt;} 0 DecimalSI},memory: {{16720773120 0} {&lt;nil&gt;}  BinarySI},pods: {{80 0} {&lt;nil&gt;} 80 DecimalSI},},Phase:,Conditions:[{OutOfDisk False 2018-09-19 07:40:37 +0000 UTC 2018-09-17 07:05:24 +0000 UTC KubeletHasSufficientDisk kubelet has sufficient disk space available} {MemoryPressure False 2018-09-19 07:40:37 +0000 UTC 2018-09-17 07:05:24 +0000 UTC KubeletHasSufficientMemory kubelet has sufficient memory available} {DiskPressure False 2018-09-19 07:40:37 +0000 UTC 2018-09-17 07:05:24 +0000 UTC KubeletHasNoDiskPressure kubelet has no disk pressure} {PIDPressure False 2018-09-19 07:40:37 +0000 UTC 2018-09-17 07:05:24 +0000 UTC KubeletHasSufficientPID kubelet has sufficient PID available} {Ready True 2018-09-19 07:40:37 +0000 UTC 2018-09-17 07:06:05 +0000 UTC KubeletReady kubelet is posting ready status}],Addresses:[{InternalIP 10.46.6.171} {Hostname 10.46.6.171}],DaemonEndpoints:NodeDaemonEndpoints{KubeletEndpoint:DaemonEndpoint{Port:10250,},},NodeInfo:NodeSystemInfo{MachineID:52ca0d2c3fb341c79b059a96d10571a6,SystemUUID:00401CD1-AB88-4341-9CDC-C9648BFB2B56,BootID:706dbc67-f432-47c3-840e-f599801336c8,KernelVersion:3.10.0-862.9.1.el7.x86_64,OSImage:Red Hat Enterprise Linux,ContainerRuntimeVersion:docker://18.3.1,KubeletVersion:v1.11.1+icp-ee,KubeProxyVersion:v1.11.1+icp-ee,OperatingSystem:linux,Architecture:amd64,},Images:[{[lzj.icp:8500/ibmcom/live-crawler@sha256:1a648615e7b439f093697f65350262823e6c711c4b21ea81596ced1c28a48133 lzj.icp:8500/ibmcom/live-crawler:1.3.1] 987515538} {[lzj.icp:8500/ibmcom/hyperkube@sha256:9fbddbf2d04354912c8a981395493d250474cb9fa587fa91119e69467078b180 lzj.icp:8500/ibmcom/hyperkube:v1.11.1-ee] 782626408} {[lzj.icp:8500/ibmcom/icp-logstash@sha256:a182a00827aefe7f5f95b18fa1ec8f6897989290b37f3d98bd6440ddda796433 lzj.icp:8500/ibmcom/icp-logstash:5.5.1] 764906887} {[lzj.icp:8500/ibmcom/icp-kibana@sha256:6e2746da64a64f98c5761b87d5e185a9c2ac75c9c4e767ab284062b1847b7571 lzj.icp:8500/ibmcom/icp-kibana:5.5.1] 639622018} {[lzj.icp:8500/ibmcom/icp-elasticsearch@sha256:b410aacb6005fe24bfd87b045ea26fde3d6eb3ca52c3f0e4560cdc208944ba50 lzj.icp:8500/ibmcom/icp-elasticsearch:5.5.1] 520121248} {[lzj.icp:8500/ibmcom/logging-pki-init@sha256:21aa9cbd05a849b4891b15cf636f73545f6001f16c82f8eeed2e90b4f9312377 lzj.icp:8500/ibmcom/logging-pki-init:2.0.0] 501921135} {[lzj.icp:8500/ibmcom/searchguard-init@sha256:3d0d8a8404a9df5ad238bce1e0542cdda609cc445dfc3964952243d9fc103276 lzj.icp:8500/ibmcom/searchguard-init:2.0.0] 457030441} {[lzj.icp:8500/ibmcom/metering-ui@sha256:d6453f9afecc9b1fc778c195e20bbb39d4ef6262af2f7a9a5ce3cddc259fec99 lzj.icp:8500/ibmcom/metering-ui:3.1.0] 385577105} {[lzj.icp:8500/ibmcom/icp-filebeat@sha256:72669dde64d7ab85bbb9e93428efe548b2693a4eae5168a4705f6e30cd20e584 lzj.icp:8500/ibmcom/icp-filebeat:5.5.1] 317104874} {[lzj.icp:8500/ibmcom/fluentd@sha256:f85a5ffd86438f1a73d04caf6e33ef3474675d9fa0947431f4d0a9602fc981af lzj.icp:8500/ibmcom/fluentd:v1.2.2-icp] 270902701} {[lzj.icp:8500/ibmcom/elasticsearch-plugin-searchguard@sha256:f47116021e3eec7b2fed9f6ed8bd77fd890457e5a1546dda7f863c032d4395b1 lzj.icp:8500/ibmcom/elasticsearch-plugin-searchguard:2.0.0] 267864279} {[lzj.icp:8500/ibmcom/calico-node@sha256:85a23d8030137d49663d3d82844a61998331606de9fc523dfdd0a75be7fb9828 lzj.icp:8500/ibmcom/calico-node:v3.1.3] 248202699} {[lzj.icp:8500/ibmcom/grafana@sha256:5d2739d3ec5c7f6ea66d69caa918b764660b99a3d37cb1f4123f1a9623ce8e38 lzj.icp:8500/ibmcom/grafana:5.2.0] 245297582} {[lzj.icp:8500/ibmcom/indices-cleaner@sha256:31dac3be1246f17dddade06b517c073244ce56d85bc54135fdaf010dbb0bca10 lzj.icp:8500/ibmcom/indices-cleaner:1.0.0] 238131553} {[lzj.icp:8500/ibmcom/curl@sha256:adf92a267e351914d041a56d64ebe80331c45f8e20ab23b7ada67bea78da9996 lzj.icp:8500/ibmcom/curl:4.0.0] 221192597} {[lzj.icp:8500/ibmcom/nvidia-device-plugin@sha256:2d57caa41994d1e0b3d952526a651f8da487e068874d1075f915fa48ad969ba6 lzj.icp:8500/ibmcom/nvidia-device-plugin:1.0] 132413452} {[lzj.icp:8500/ibmcom/metering-data-manager@sha256:97803f4458c6f6ca62076cf6958cb8ab98cf9ffed7cd4977550eeaa6db8ead70 lzj.icp:8500/ibmcom/metering-data-manager:3.1.0] 121942877} {[lzj.icp:8500/ibmcom/prometheus@sha256:91cba3cbf7a61499969a8a5a27347830ed1740b2285de9ac31e231e7ce44deb7 lzj.icp:8500/ibmcom/prometheus:v2.3.1] 118818909} {[lzj.icp:8500/ibmcom/icp-management-ingress@sha256:259a9d288f5ee4f169c618b6d870b5ae38b954a3bf69f3f392523b1aaa9f4001 lzj.icp:8500/ibmcom/icp-management-ingress:2.2.1] 80410712} {[lzj.icp:8500/ibmcom/calico-cni@sha256:b56c2d3e62bd02f15dd5ec335c25ac81bb39d214e904525227640790686855d7 lzj.icp:8500/ibmcom/calico-cni:v3.1.3] 68849270} {[lzj.icp:8500/ibmcom/k8s-prometheus-adapter@sha256:cf7f0c35ff0a0ec9cf743ef87e4c951f74d3fd0b4b97925784cc857565b4d7ba lzj.icp:8500/ibmcom/k8s-prometheus-adapter:v0.2.1.1] 52134773} {[lzj.icp:8500/ibmcom/metrics-server@sha256:973b5dd33165e4856f22a9f48a9b7f5bd2f01399d6479c46212ea92336a9ca40 lzj.icp:8500/ibmcom/metrics-server:v0.2.1.1] 42541759} {[lzj.icp:8500/ibmcom/ibmcloud-image-enforcement@sha256:d29efeb868c054eead02eec72c86f690c4a8c81b95f99f22bbc873644b090e99 lzj.icp:8500/ibmcom/ibmcloud-image-enforcement:0.2.0] 40040099} {[lzj.icp:8500/ibmcom/alertmanager@sha256:f3e7d379040499e05c1377862cc8a74cd5ffed2a175bf62fc18dc07b98d6ab00 lzj.icp:8500/ibmcom/alertmanager:v0.15.0] 36095602} {[lzj.icp:8500/ibmcom/kube-state-metrics@sha256:6a574d2e4a7338abdd3d0b85dd2510cbf046cd09a70505b99513feee42d00559 lzj.icp:8500/ibmcom/kube-state-metrics:v1.3.0] 35646776} {[lzj.icp:8500/ibmcom/node-exporter@sha256:b24db452b1a0bf46abba095162d0fbc89ea40eeabbfe43ae01dab54107ecff0e lzj.icp:8500/ibmcom/node-exporter:v0.16.0] 22915749} {[lzj.icp:8500/ibmcom/configmap-reload@sha256:77a4ede137dd4980fe02c70ad189bf7b89dd1a9e134c0fe4475842fe8948f6a9 lzj.icp:8500/ibmcom/configmap-reload:v0.2.2] 22381476} {[lzj.icp:8500/ibmcom/collectd-exporter@sha256:0ef0cfb0a60f66046851bfafbfa1913814c7a4967e4e7561ce5111186338f6d9 lzj.icp:8500/ibmcom/collectd-exporter:v0.4.0] 13695364} {[lzj.icp:8500/ibmcom/elasticsearch-exporter@sha256:27806a00f45314a1c06af096236004020a98202edbbce81d993aadfaca0c66a0 lzj.icp:8500/ibmcom/elasticsearch-exporter:1.0.2] 9202086} {[lzj.icp:8500/ibmcom/icp-initcontainer@sha256:c1b9397380303cfc23505576a19859c7e26936f80a26bb4fae95ef68e7775de8 lzj.icp:8500/ibmcom/icp-initcontainer:1.0.0] 3965926} {[lzj.icp:8500/ibmcom/pause@sha256:8a18035491d4fbbe481be5eac11819315ec94677ab465608d052d87b3cdcff7f lzj.icp:8500/ibmcom/pause:3.1] 742472}],VolumesInUse:[],VolumesAttached:[],Config:&amp;NodeConfigStatus{Assigned:nil,Active:nil,LastKnownGood:nil,Error:,},},}&#xA;Sep 19 07:40:41.058: INFO: &#xA;Logging kubelet events for node 10.46.6.171&#xA;Sep 19 07:40:41.062: INFO: &#xA;Logging pods the kubelet thinks is on node 10.46.6.171&#xA;Sep 19 07:40:41.085: INFO: calico-node-gpm2c started at 2018-09-17 07:05:53 +0000 UTC (0+2 container statuses recorded)&#xA;Sep 19 07:40:41.085: INFO: &#x9;Container calico-node ready: true, restart count 0&#xA;Sep 19 07:40:41.085: INFO: &#x9;Container install-cni ready: true, restart count 0&#xA;Sep 19 07:40:41.085: INFO: metering-reader-xq8f2 started at 2018-09-17 07:14:11 +0000 UTC (1+1 container statuses recorded)&#xA;Sep 19 07:40:41.085: INFO: &#x9;Init container metering-reader-init ready: true, restart count 1&#xA;Sep 19 07:40:41.085: INFO: &#x9;Container metering-reader ready: true, restart count 0&#xA;Sep 19 07:40:41.085: INFO: logging-elk-logstash-7994656f46-r89mt started at 2018-09-17 07:15:22 +0000 UTC (0+1 container statuses recorded)&#xA;Sep 19 07:40:41.085: INFO: &#x9;Container logstash ready: true, restart count 0&#xA;Sep 19 07:40:41.085: INFO: monitoring-prometheus-elasticsearchexporter-655864cccb-c6tps started at 2018-09-17 07:15:46 +0000 UTC (0+2 container statuses recorded)&#xA;Sep 19 07:40:41.085: INFO: &#x9;Container elasticsearchexporter ready: true, restart count 0&#xA;Sep 19 07:40:41.085: INFO: &#x9;Container router ready: true, restart count 0&#xA;Sep 19 07:40:41.085: INFO: monitoring-prometheus-6677d7c77f-pnpt5 started at 2018-09-17 07:15:46 +0000 UTC (1+4 container statuses recorded)&#xA;Sep 19 07:40:41.085: INFO: &#x9;Init container init-container ready: true, restart count 0&#xA;Sep 19 07:40:41.085: INFO: &#x9;Container configmap-reload-alertrules ready: true, restart count 0&#xA;Sep 19 07:40:41.085: INFO: &#x9;Container configmap-reload-prometheus ready: true, restart count 0&#xA;Sep 19 07:40:41.085: INFO: &#x9;Container prometheus ready: true, restart count 0&#xA;Sep 19 07:40:41.085: INFO: &#x9;Container router ready: true, restart count 0&#xA;Sep 19 07:40:41.085: INFO: ibmcloud-image-enforcement-76ddccbf9f-kqmlb started at 2018-09-17 07:14:02 +0000 UTC (0+1 container statuses recorded)&#xA;Sep 19 07:40:41.085: INFO: &#x9;Container ibmcloud-image-enforcement ready: true, restart count 0&#xA;Sep 19 07:40:41.085: INFO: metering-ui-5bbfbb5d49-wkh8m started at 2018-09-17 07:14:12 +0000 UTC (1+1 container statuses recorded)&#xA;Sep 19 07:40:41.085: INFO: &#x9;Init container metering-ui-init ready: true, restart count 0&#xA;Sep 19 07:40:41.086: INFO: &#x9;Container metering-ui ready: true, restart count 0&#xA;Sep 19 07:40:41.086: INFO: logging-elk-master-6cdcf45f7d-gp28f started at 2018-09-17 07:15:21 +0000 UTC (2+1 container statuses recorded)&#xA;Sep 19 07:40:41.086: INFO: &#x9;Init container sysctl ready: true, restart count 0&#xA;Sep 19 07:40:41.086: INFO: &#x9;Init container plugin-bundle ready: true, restart count 0&#xA;Sep 19 07:40:41.086: INFO: &#x9;Container es-master ready: true, restart count 0&#xA;Sep 19 07:40:41.086: INFO: monitoring-grafana-548b947c8c-dh89z started at 2018-09-17 07:15:46 +0000 UTC (1+2 container statuses recorded)&#xA;Sep 19 07:40:41.086: INFO: &#x9;Init container init-container ready: true, restart count 0&#xA;Sep 19 07:40:41.086: INFO: &#x9;Container grafana ready: true, restart count 0&#xA;Sep 19 07:40:41.086: INFO: &#x9;Container router ready: true, restart count 0&#xA;Sep 19 07:40:41.086: INFO: vulnerability-advisor-process-ma-crawler-b7k2d started at 2018-09-17 07:19:03 +0000 UTC (0+1 container statuses recorded)&#xA;Sep 19 07:40:41.086: INFO: &#x9;Container process-ma-crawler ready: true, restart count 0&#xA;Sep 19 07:40:41.086: INFO: audit-logging-fluentd-ds-bc22k started at 2018-09-17 07:18:46 +0000 UTC (0+1 container statuses recorded)&#xA;Sep 19 07:40:41.086: INFO: &#x9;Container fluentd ready: true, restart count 0&#xA;Sep 19 07:40:41.086: INFO: k8s-proxy-10.46.6.171 started at &lt;nil&gt; (0+0 container statuses recorded)&#xA;Sep 19 07:40:41.086: INFO: metrics-server-6d6695f9db-8t4xs started at 2018-09-17 07:08:51 +0000 UTC (0+1 container statuses recorded)&#xA;Sep 19 07:40:41.086: INFO: &#x9;Container metrics-server ready: true, restart count 0&#xA;Sep 19 07:40:41.086: INFO: metering-dm-8b475fc57-cmm6h started at 2018-09-17 07:14:12 +0000 UTC (1+1 container statuses recorded)&#xA;Sep 19 07:40:41.086: INFO: &#x9;Init container metering-dm-init ready: true, restart count 0&#xA;Sep 19 07:40:41.086: INFO: &#x9;Container metering-dm ready: true, restart count 0&#xA;Sep 19 07:40:41.086: INFO: logging-elk-data-0 started at 2018-09-17 07:15:21 +0000 UTC (3+1 container statuses recorded)&#xA;Sep 19 07:40:41.086: INFO: &#x9;Init container chmod ready: true, restart count 0&#xA;Sep 19 07:40:41.086: INFO: &#x9;Init container sysctl ready: true, restart count 0&#xA;Sep 19 07:40:41.086: INFO: &#x9;Init container plugin-bundle ready: true, restart count 0&#xA;Sep 19 07:40:41.086: INFO: &#x9;Container es-data ready: true, restart count 0&#xA;Sep 19 07:40:41.086: INFO: logging-elk-kibana-ff4db4866-s2295 started at 2018-09-17 07:15:21 +0000 UTC (0+2 container statuses recorded)&#xA;Sep 19 07:40:41.086: INFO: &#x9;Container kibana ready: true, restart count 0&#xA;Sep 19 07:40:41.086: INFO: &#x9;Container router ready: true, restart count 0&#xA;Sep 19 07:40:41.086: INFO: monitoring-prometheus-nodeexporter-9fnpb started at 2018-09-17 07:15:44 +0000 UTC (0+2 container statuses recorded)&#xA;Sep 19 07:40:41.086: INFO: &#x9;Container nodeexporter ready: true, restart count 0&#xA;Sep 19 07:40:41.086: INFO: &#x9;Container router ready: true, restart count 0&#xA;Sep 19 07:40:41.086: INFO: monitoring-prometheus-kubestatemetrics-54dcbb6cfb-76zmm started at 2018-09-17 07:15:45 +0000 UTC (0+2 container statuses recorded)&#xA;Sep 19 07:40:41.086: INFO: &#x9;Container kubestatemetrics ready: true, restart count 0&#xA;Sep 19 07:40:41.086: INFO: &#x9;Container router ready: true, restart count 0&#xA;Sep 19 07:40:41.086: INFO: vulnerability-advisor-live-crawler-xxz8p started at 2018-09-17 07:19:03 +0000 UTC (0+1 container statuses recorded)&#xA;Sep 19 07:40:41.086: INFO: &#x9;Container live-crawler ready: true, restart count 0&#xA;Sep 19 07:40:41.086: INFO: nvidia-device-plugin-vh85n started at 2018-09-17 07:07:17 +0000 UTC (1+1 container statuses recorded)&#xA;Sep 19 07:40:41.086: INFO: &#x9;Init container nvidia-driver-collector ready: true, restart count 0&#xA;Sep 19 07:40:41.086: INFO: &#x9;Container nvidia-device-plugin ready: true, restart count 0&#xA;Sep 19 07:40:41.086: INFO: custom-metrics-adapter-64f64964b4-f9gmc started at 2018-09-17 07:14:28 +0000 UTC (1+1 container statuses recorded)&#xA;Sep 19 07:40:41.086: INFO: &#x9;Init container init-adapter ready: true, restart count 0&#xA;Sep 19 07:40:41.086: INFO: &#x9;Container custom-metrics-adapter ready: true, restart count 0&#xA;Sep 19 07:40:41.086: INFO: logging-elk-elasticsearch-tls-init-6hnl4 started at 2018-09-17 07:15:20 +0000 UTC (0+1 container statuses recorded)&#xA;Sep 19 07:40:41.086: INFO: &#x9;Container searchguard-init ready: false, restart count 0&#xA;Sep 19 07:40:41.086: INFO: logging-elk-filebeat-ds-bs86r started at 2018-09-17 07:15:20 +0000 UTC (0+1 container statuses recorded)&#xA;Sep 19 07:40:41.086: INFO: &#x9;Container filebeat ready: true, restart count 0&#xA;Sep 19 07:40:41.086: INFO: logging-elk-client-75d4d7994c-7g7fn started at 2018-09-17 07:15:21 +0000 UTC (2+3 container statuses recorded)&#xA;Sep 19 07:40:41.086: INFO: &#x9;Init container sysctl ready: true, restart count 0&#xA;Sep 19 07:40:41.086: INFO: &#x9;Init container plugin-bundle ready: true, restart count 0&#xA;Sep 19 07:40:41.086: INFO: &#x9;Container es-client ready: true, restart count 0&#xA;Sep 19 07:40:41.086: INFO: &#x9;Container indices-cleaner ready: true, restart count 0&#xA;Sep 19 07:40:41.086: INFO: &#x9;Container router ready: true, restart count 0&#xA;Sep 19 07:40:41.086: INFO: monitoring-prometheus-alertmanager-7d8749dbb8-xj68d started at 2018-09-17 07:15:46 +0000 UTC (0+3 container statuses recorded)&#xA;Sep 19 07:40:41.086: INFO: &#x9;Container alertmanager ready: true, restart count 0&#xA;Sep 19 07:40:41.086: INFO: &#x9;Container configmap-reload ready: true, restart count 0&#xA;Sep 19 07:40:41.086: INFO: &#x9;Container router ready: true, restart count 0&#xA;Sep 19 07:40:41.086: INFO: monitoring-prometheus-collectdexporter-77575678dc-v8n2l started at 2018-09-17 07:15:46 +0000 UTC (0+2 container statuses recorded)&#xA;Sep 19 07:40:41.086: INFO: &#x9;Container collectd-exporter ready: true, restart count 0&#xA;Sep 19 07:40:41.086: INFO: &#x9;Container router ready: true, restart count 0&#xA;Sep 19 07:40:41.145: INFO: &#xA;Latency metrics for node 10.46.6.171&#xA;Sep 19 07:40:41.145: INFO: &#xA;Logging node info for node 10.46.6.172&#xA;Sep 19 07:40:41.179: INFO: Node Info: &amp;Node{ObjectMeta:k8s_io_apimachinery_pkg_apis_meta_v1.ObjectMeta{Name:10.46.6.172,GenerateName:,Namespace:,SelfLink:/api/v1/nodes/10.46.6.172,UID:0c6032ef-ba48-11e8-b20e-fa163e707b2e,ResourceVersion:457830,Generation:0,CreationTimestamp:2018-09-17 07:05:24 +0000 UTC,DeletionTimestamp:&lt;nil&gt;,DeletionGracePeriodSeconds:nil,Labels:map[string]string{beta.kubernetes.io/arch: amd64,beta.kubernetes.io/os: linux,kubernetes.io/hostname: 10.46.6.172,node-role.kubernetes.io/va: true,va: true,},Annotations:map[string]string{node.alpha.kubernetes.io/ttl: 0,volumes.kubernetes.io/controller-managed-attach-detach: true,},OwnerReferences:[],Finalizers:[],ClusterName:,Initializers:nil,},Spec:NodeSpec{PodCIDR:,DoNotUse_ExternalID:,ProviderID:,Unschedulable:false,Taints:[{dedicated va NoSchedule &lt;nil&gt;}],ConfigSource:nil,},Status:NodeStatus{Capacity:ResourceList{cpu: {{8 0} {&lt;nil&gt;} 8 DecimalSI},ephemeral-storage: {{107362627584 0} {&lt;nil&gt;} 104846316Ki BinarySI},hugepages-1Gi: {{0 0} {&lt;nil&gt;} 0 DecimalSI},hugepages-2Mi: {{0 0} {&lt;nil&gt;} 0 DecimalSI},memory: {{16825622528 0} {&lt;nil&gt;}  BinarySI},pods: {{80 0} {&lt;nil&gt;} 80 DecimalSI},},Allocatable:ResourceList{cpu: {{8 0} {&lt;nil&gt;} 8 DecimalSI},ephemeral-storage: {{107257769984 0} {&lt;nil&gt;} 104743916Ki BinarySI},hugepages-1Gi: {{0 0} {&lt;nil&gt;} 0 DecimalSI},hugepages-2Mi: {{0 0} {&lt;nil&gt;} 0 DecimalSI},memory: {{16720764928 0} {&lt;nil&gt;}  BinarySI},pods: {{80 0} {&lt;nil&gt;} 80 DecimalSI},},Phase:,Conditions:[{OutOfDisk False 2018-09-19 07:40:40 +0000 UTC 2018-09-17 07:05:24 +0000 UTC KubeletHasSufficientDisk kubelet has sufficient disk space available} {MemoryPressure False 2018-09-19 07:40:40 +0000 UTC 2018-09-17 07:05:24 +0000 UTC KubeletHasSufficientMemory kubelet has sufficient memory available} {DiskPressure False 2018-09-19 07:40:40 +0000 UTC 2018-09-17 07:05:24 +0000 UTC KubeletHasNoDiskPressure kubelet has no disk pressure} {PIDPressure False 2018-09-19 07:40:40 +0000 UTC 2018-09-17 07:05:24 +0000 UTC KubeletHasSufficientPID kubelet has sufficient PID available} {Ready True 2018-09-19 07:40:40 +0000 UTC 2018-09-17 07:06:04 +0000 UTC KubeletReady kubelet is posting ready status}],Addresses:[{InternalIP 10.46.6.172} {Hostname 10.46.6.172}],DaemonEndpoints:NodeDaemonEndpoints{KubeletEndpoint:DaemonEndpoint{Port:10250,},},NodeInfo:NodeSystemInfo{MachineID:52ca0d2c3fb341c79b059a96d10571a6,SystemUUID:3D48E3C5-99D8-4CA3-9AB5-A8540613166F,BootID:d81d494e-264a-48ce-a4f2-76b16f6ece1f,KernelVersion:3.10.0-862.9.1.el7.x86_64,OSImage:Red Hat Enterprise Linux,ContainerRuntimeVersion:docker://18.3.1,KubeletVersion:v1.11.1+icp-ee,KubeProxyVersion:v1.11.1+icp-ee,OperatingSystem:linux,Architecture:amd64,},Images:[{[lzj.icp:8500/ibmcom/statsd-amd64@sha256:5ee11bc24bced45a77d9d630348680f319c09d9d3b2230b04518d1e2a5263ae2 lzj.icp:8500/ibmcom/statsd@sha256:af7a9d0c4f029d0247da41f67c7e87f3655175962b79a189a6a9ace0ff841049 lzj.icp:8500/ibmcom/statsd-amd64:0.7.2.1 lzj.icp:8500/ibmcom/statsd:0.7.2.1] 1234731808} {[lzj.icp:8500/ibmcom/kafka-amd64@sha256:0d6d348ccd7aa2854d60791331280e58db92029a522c8bfb3eb40c7c0913ca8f lzj.icp:8500/ibmcom/kafka@sha256:f0b4a833c3da439cadb783bb9cb578f96b1328557b8402a98f01c5c21497d93a lzj.icp:8500/ibmcom/kafka-amd64:0.10.0.2 lzj.icp:8500/ibmcom/kafka:0.10.0.2] 1114805679} {[lzj.icp:8500/ibmcom/iam-token-service-amd64@sha256:9211161e5b5b9d892a99b46fad4429333ceb7143b4039419df7ea0efa36381a9 lzj.icp:8500/ibmcom/iam-token-service@sha256:1b9308e68de93b43e9a85c0e005d80d423e88db7d88ee7114a80b2fade7a78ed lzj.icp:8500/ibmcom/iam-token-service-amd64:3.1.0 lzj.icp:8500/ibmcom/iam-token-service:3.1.0] 1051060152} {[lzj.icp:8500/ibmcom/icp-platform-auth-amd64@sha256:abc258009b8696a83214b7a9d9df63f6d83e19cfca2987c4836b0eadfa4c99c7 lzj.icp:8500/ibmcom/icp-platform-auth@sha256:c544b90a099b6c29ba4ee7f2ad4dded1277c948a0826b38ebe3250cdc7d1529c lzj.icp:8500/ibmcom/icp-platform-auth-amd64:3.1.0 lzj.icp:8500/ibmcom/icp-platform-auth:3.1.0] 1028283742} {[lzj.icp:8500/ibmcom/reg-crawler-amd64@sha256:9e5d4ebbac3dd6cbf9f892b5bd634f89fae3d4b2e6a23debd3ecd322e3eb817e lzj.icp:8500/ibmcom/reg-crawler@sha256:a9033d9cb2406d11c616fdfedc9bc56bc4ef970bd0a7b02899b3e5c1b353799b lzj.icp:8500/ibmcom/reg-crawler-amd64:1.3.1 lzj.icp:8500/ibmcom/reg-crawler:1.3.1] 1007817363} {[lzj.icp:8500/ibmcom/live-crawler-amd64@sha256:37a79ec87bd3c8b9af25cf1e25f4f14281ffb9f5ebeaf61c0b7c8a5799baf782 lzj.icp:8500/ibmcom/live-crawler@sha256:1a648615e7b439f093697f65350262823e6c711c4b21ea81596ced1c28a48133 lzj.icp:8500/ibmcom/live-crawler-amd64:1.3.1 lzj.icp:8500/ibmcom/live-crawler:1.3.1] 987515538} {[lzj.icp:8500/ibmcom/cos-indexer-amd64@sha256:adf28ff960ebdcbfcfa5e4522b81aa3565338f8d640dad611a1c3f0d3894393b lzj.icp:8500/ibmcom/cos-indexer@sha256:bb31dc8ef37e8482b2b9dedc0e54f46f7d3c678b22a3130eca9dde80fed65df1 lzj.icp:8500/ibmcom/cos-indexer-amd64:1.3.1 lzj.icp:8500/ibmcom/cos-indexer:1.3.1] 846578165} {[lzj.icp:8500/ibmcom/secure-config-annotator-amd64@sha256:26e845c6a252e0c5ae73e764645993b3270e289d1a2e9784b06ddd7898ca45d9 lzj.icp:8500/ibmcom/secure-config-annotator@sha256:cfaadd13c4ef4bdc937d296faff78e98473be8c9c6ae6b4a38927c952948914f lzj.icp:8500/ibmcom/secure-config-annotator-amd64:1.3.1 lzj.icp:8500/ibmcom/secure-config-annotator:1.3.1] 835555196} {[lzj.icp:8500/ibmcom/hyperkube-amd64@sha256:9eaadf7c2a417ee2a9a219e2eadf21884742199a484be2ca737f0e8a178d490a lzj.icp:8500/ibmcom/hyperkube@sha256:9fbddbf2d04354912c8a981395493d250474cb9fa587fa91119e69467078b180 lzj.icp:8500/ibmcom/hyperkube-amd64:v1.11.1-ee lzj.icp:8500/ibmcom/hyperkube:v1.11.1-ee] 782626408} {[lzj.icp:8500/ibmcom/compliance-annotator-amd64@sha256:5d8bbbef3a7dc54ba9addb256d2aa8a3f7d5c27a454ff4b7ee583b217dac2ce4 lzj.icp:8500/ibmcom/compliance-annotator@sha256:be00ccb777b1e90601cc563112e32ae831b0fb7d4933f1aa3c49379cabe41c3f lzj.icp:8500/ibmcom/compliance-annotator-amd64:1.3.1 lzj.icp:8500/ibmcom/compliance-annotator:1.3.1] 773932738} {[lzj.icp:8500/ibmcom/icp-logstash-amd64@sha256:02a683ee6ad9eeed7ea8ebb1de713aaf902a9e20a39ccc0294ee1f947f1bbd73 lzj.icp:8500/ibmcom/icp-logstash@sha256:a182a00827aefe7f5f95b18fa1ec8f6897989290b37f3d98bd6440ddda796433 lzj.icp:8500/ibmcom/icp-logstash-amd64:5.5.1 lzj.icp:8500/ibmcom/icp-logstash:5.5.1] 764906887} {[lzj.icp:8500/ibmcom/process-ma-hf-amd64@sha256:ef0d164350d07600f8037082db7d98cf81b9c554d8a60692ae90b8d0239a8cdc lzj.icp:8500/ibmcom/process-ma-hf@sha256:114b48d67e46f6ad3624dfa99baab8f9c62fb5ba88d210d0f42e106eda4e0ee8 lzj.icp:8500/ibmcom/process-ma-hf-amd64:1.3.1 lzj.icp:8500/ibmcom/process-ma-hf:1.3.1] 758635128} {[lzj.icp:8500/ibmcom/vulnerability-annotator-amd64@sha256:febedf85b65e0d1800e67249274d474d4ce67e8041e81487f76bce727cb39bd4 lzj.icp:8500/ibmcom/vulnerability-annotator@sha256:2ca368468e5d1c7ed82b3947b8d8904da34969bd72e67b382bfd0579fe3f148d lzj.icp:8500/ibmcom/vulnerability-annotator-amd64:1.3.1 lzj.icp:8500/ibmcom/vulnerability-annotator:1.3.1] 757013017} {[lzj.icp:8500/ibmcom/py-generic-indexer-amd64@sha256:45cb17e23e15f4dfe44471309af12f0655aad5f8e859c718f393290f220b02b2 lzj.icp:8500/ibmcom/py-generic-indexer@sha256:63a28bc72b6588e508ad23b569a228d6219e2d6fdddb2b1b073e1d2c70ec7641 lzj.icp:8500/ibmcom/py-generic-indexer-amd64:1.3.1 lzj.icp:8500/ibmcom/py-generic-indexer:1.3.1] 755588945} {[lzj.icp:8500/ibmcom/icp-inception-amd64@sha256:1dad180d14ae732d17ca5cf41b87dbb316c072323f186d60a08a753f904eb5b2 lzj.icp:8500/ibmcom/icp-inception@sha256:d395315f0fde94a5cacd9945cd7932b4eda45fe404a6b9d55a8ec8ebeed2a0a8 lzj.icp:8500/ibmcom/icp-inception-amd64:3.1.0-ee lzj.icp:8500/ibmcom/icp-inception:3.1.0-ee] 744155119} {[lzj.icp:8500/ibmcom/config-parser-amd64@sha256:7d721e0b5a827921ac16fa9e7570db225211e6dd700cdeaba1d28ba02ff8ef6d lzj.icp:8500/ibmcom/config-parser@sha256:2b7d6f1ea57d6e4d9caaca5d0e2bb35d2e6db316e2f18ef9a51b5bfa48119f69 lzj.icp:8500/ibmcom/config-parser-amd64:1.3.1 lzj.icp:8500/ibmcom/config-parser:1.3.1] 739243486} {[lzj.icp:8500/ibmcom/iam-policy-administration-amd64@sha256:e1941aa09a5b692505cb3be3e497d3ff9acb900786b9a2c8c4c00d0243b37dd0 lzj.icp:8500/ibmcom/iam-policy-administration@sha256:ab0d5c50f5e5fc9a537e97183ed694e34d57fa00121bc08bedb261b80e29b9a4 lzj.icp:8500/ibmcom/iam-policy-administration-amd64:3.1.0 lzj.icp:8500/ibmcom/iam-policy-administration:3.1.0] 711947327} {[lzj.icp:8500/ibmcom/password-annotator-amd64@sha256:bca1b6b222d8ea8ade174a8cc1a549f161d75d3e9d69881f08a1fb316a8e27d3 lzj.icp:8500/ibmcom/password-annotator@sha256:5c7e8db45db52a6bca7d76ae8c2ff74eb43644f7959d66ddc67454bcbca765ec lzj.icp:8500/ibmcom/password-annotator-amd64:1.3.1 lzj.icp:8500/ibmcom/password-annotator:1.3.1] 707627907} {[lzj.icp:8500/ibmcom/notification-dispatcher-amd64@sha256:ec8dfbc351a0d758488f9f8bfa17c3182a5c02819a6ebf7144ab914a2233cf57 lzj.icp:8500/ibmcom/notification-dispatcher@sha256:6d7e6b836f0cfeb5fb18cd29fdd8315fb44013f8d21830b9c5ab60b605c5e3c5 lzj.icp:8500/ibmcom/notification-dispatcher-amd64:1.3.1 lzj.icp:8500/ibmcom/notification-dispatcher:1.3.1] 707588442} {[lzj.icp:8500/ibmcom/sas-base-amd64@sha256:9651b1149c62d5a0968aaeffe71f2da68cd7e07ff8d7ea67538278c00ab08457 lzj.icp:8500/ibmcom/sas-base@sha256:56bb0790e5f06276b7435c731687f733901fedc80af299dc8a8eaf72d7365560 lzj.icp:8500/ibmcom/sas-base-amd64:1.3.1 lzj.icp:8500/ibmcom/sas-base:1.3.1] 653746081} {[lzj.icp:8500/ibmcom/ma-file-annotator-amd64@sha256:8caa6280fd845fd524ad874a6b243510ebf085d58c989229020fcfc743492632 lzj.icp:8500/ibmcom/ma-file-annotator@sha256:cd8dc2a26e2a84bf7d8ba982c6a21c034239de5e2dc12767d3f60985e495d957 lzj.icp:8500/ibmcom/ma-file-annotator-amd64:1.3.1 lzj.icp:8500/ibmcom/ma-file-annotator:1.3.1] 653745236} {[lzj.icp:8500/ibmcom/icp-kibana-amd64@sha256:8b69887ac5297e1d2e68b9c2ce885b9a888f6c278ca1538acb0f03206b48502a lzj.icp:8500/ibmcom/icp-kibana@sha256:6e2746da64a64f98c5761b87d5e185a9c2ac75c9c4e767ab284062b1847b7571 lzj.icp:8500/ibmcom/icp-kibana-amd64:5.5.1 lzj.icp:8500/ibmcom/icp-kibana:5.5.1] 639622018} {[lzj.icp:8500/ibmcom/icp-platform-api-amd64@sha256:1fc47925c2611aef12631b3f3806308f55a298074aebc561fd04cf8a7691c669 lzj.icp:8500/ibmcom/icp-platform-api@sha256:6b5585999f45fa6dc7a6a1d8bcb4d544c96a3e1fd3bd9f133ebed2e356985a0e lzj.icp:8500/ibmcom/icp-platform-api-amd64:3.1.0 lzj.icp:8500/ibmcom/icp-platform-api:3.1.0] 612589125} {[lzj.icp:8500/ibmcom/iam-policy-decision-amd64@sha256:d49eb3845c57bb8370a477949d92da10a178b81ade50f0e9d970981fadd6686d lzj.icp:8500/ibmcom/iam-policy-decision@sha256:ecd9f36e17e57c6be41e744abc17baacddd28178485d29cb112ffc5e558d2c09 lzj.icp:8500/ibmcom/iam-policy-decision-amd64:3.1.0 lzj.icp:8500/ibmcom/iam-policy-decision:3.1.0] 559718344} {[lzj.icp:8500/ibmcom/rootkit-annotator-amd64@sha256:caf6c24136b8785d901f346a640d673b55fe105c3617cfcb432ee2006f5b1cf4 lzj.icp:8500/ibmcom/rootkit-annotator@sha256:9aabe418ab5c5b3ce86dcfad5dc63a14124bf56227a7decb6656382f2cf9606e lzj.icp:8500/ibmcom/rootkit-annotator-amd64:1.3.1 lzj.icp:8500/ibmcom/rootkit-annotator:1.3.1] 549434506} {[lzj.icp:8500/ibmcom/icp-elasticsearch-amd64@sha256:0063a7a931ca4e52d8f7a51f2bdb010345f4373b5b904b52e5c8a48ec0c1fde7 lzj.icp:8500/ibmcom/icp-elasticsearch@sha256:b410aacb6005fe24bfd87b045ea26fde3d6eb3ca52c3f0e4560cdc208944ba50 lzj.icp:8500/ibmcom/icp-elasticsearch-amd64:5.5.1 lzj.icp:8500/ibmcom/icp-elasticsearch:5.5.1] 520121248} {[lzj.icp:8500/ibmcom/logging-pki-init-amd64@sha256:cc4bfa085e1ae99120ee526acd3e62d205e10de6f1c773c521fc5b933914f6a8 lzj.icp:8500/ibmcom/logging-pki-init@sha256:21aa9cbd05a849b4891b15cf636f73545f6001f16c82f8eeed2e90b4f9312377 lzj.icp:8500/ibmcom/logging-pki-init-amd64:2.0.0 lzj.icp:8500/ibmcom/logging-pki-init:2.0.0] 501921135} {[lzj.icp:8500/ibmcom/searchguard-init-amd64@sha256:d19ce1d27f406945d4ed78b0f07007998c2ab3889086e502924847c2186db546 lzj.icp:8500/ibmcom/searchguard-init@sha256:3d0d8a8404a9df5ad238bce1e0542cdda609cc445dfc3964952243d9fc103276 lzj.icp:8500/ibmcom/searchguard-init-amd64:2.0.0 lzj.icp:8500/ibmcom/searchguard-init:2.0.0] 457030441} {[lzj.icp:8500/ibmcom/metering-ui-amd64@sha256:3628a8fe41183c08ea0b02e2e798e3649e4aebe2c2405c34572b9eb7c7c4d9a8 lzj.icp:8500/ibmcom/metering-ui@sha256:d6453f9afecc9b1fc778c195e20bbb39d4ef6262af2f7a9a5ce3cddc259fec99 lzj.icp:8500/ibmcom/metering-ui-amd64:3.1.0 lzj.icp:8500/ibmcom/metering-ui:3.1.0] 385577105} {[lzj.icp:8500/ibmcom/heketi-amd64@sha256:c5b579a4f219c87990f861eb61de86cb9cfb51b6d230b8c299df7d9fd3d02d0e lzj.icp:8500/ibmcom/heketi@sha256:eb6875247a56829a20d0949f034b08a0e682201ab1d88d3cba71972932c254f5 lzj.icp:8500/ibmcom/heketi-amd64:v7.0.0 lzj.icp:8500/ibmcom/heketi:v7.0.0] 384720377} {[lzj.icp:8500/ibmcom/icp-mongodb-amd64@sha256:a305ae8bc309898d86bf60aee968846db3602f77b25924640d5f08a2389ee99d lzj.icp:8500/ibmcom/icp-mongodb@sha256:fe8b55caf7bb855fd4e244450af5195f2243b766c6934d464128bf982b29b345 lzj.icp:8500/ibmcom/icp-mongodb-amd64:3.1.0 lzj.icp:8500/ibmcom/icp-mongodb:3.1.0] 379353410} {[lzj.icp:8500/ibmcom/icp-catalog-ui-amd64@sha256:33993b4eab189e3c78fe27799017da770d47523cf6831460741008bf91297d6d lzj.icp:8500/ibmcom/icp-catalog-ui@sha256:049f3c4946a0ad2c10507e5e42a464448e858fb3ae606cfd84825d340adb1125 lzj.icp:8500/ibmcom/icp-catalog-ui-amd64:3.1.0 lzj.icp:8500/ibmcom/icp-catalog-ui:3.1.0] 363781304} {[lzj.icp:8500/ibmcom/nginx-ingress-controller-amd64@sha256:63b48dd3ba635aa65409f7d6a319e293697810c1b9e885e6255bebf36a2506ab lzj.icp:8500/ibmcom/nginx-ingress-controller@sha256:f68b2ce26292e02ef3dbc6cfae17cec3d54b9afee9bf5298bf95d005c0783143 lzj.icp:8500/ibmcom/nginx-ingress-controller-amd64:0.16.2 lzj.icp:8500/ibmcom/nginx-ingress-controller:0.16.2] 361632894} {[lzj.icp:8500/ibmcom/mariadb-amd64@sha256:1f9876179c32fcf463804f75cbf2fb031106edf2be9d5dbf6705375ca53930bb lzj.icp:8500/ibmcom/mariadb@sha256:2272622e7f6786220d7ee2b482a3050bd34c3e1ecdc99af6175a146610222763 lzj.icp:8500/ibmcom/mariadb-amd64:10.2.17 lzj.icp:8500/ibmcom/mariadb:10.2.17] 358991946} {[lzj.icp:8500/ibmcom/k8szk-amd64@sha256:a9ee22a4df14654552a02303e4560623244683692fd298dd2fb71e9dd66219f3 lzj.icp:8500/ibmcom/k8szk@sha256:20cfeb163fb828c3c3a7c0baf2883e90c72c8d97d20116253903e82aa2be801f lzj.icp:8500/ibmcom/k8szk-amd64:v3 lzj.icp:8500/ibmcom/k8szk:v3] 331472973} {[lzj.icp:8500/ibmcom/gluster-amd64@sha256:647caedb536eb7b8c5c8b0a2b69e52d2a34be9e6c9c7b9c1b21d14fcfa261886 lzj.icp:8500/ibmcom/gluster@sha256:eeabf9b160370078d12a4c2b84f1a9772fe10c64446f0c2251eb53b8b5277baa lzj.icp:8500/ibmcom/gluster-amd64:v4.0.2 lzj.icp:8500/ibmcom/gluster:v4.0.2] 324265531} {[lzj.icp:8500/ibmcom/istio-grafana-amd64@sha256:381a2dd3a5addbc5d43920bc19bb15ba6dbd422e4a9d91163108e72c5a63234c lzj.icp:8500/ibmcom/istio-grafana@sha256:f4fdaf4a51b946f6d4fb9aa82cdbfef53c8e0b7b2223078f9d7f62bb28d3259b lzj.icp:8500/ibmcom/istio-grafana-amd64:1.0.0.1 lzj.icp:8500/ibmcom/istio-grafana:1.0.0.1] 324187770} {[lzj.icp:8500/ibmcom/icp-filebeat-amd64@sha256:03af9b78dad6c2ba857975d10c81e781460796dff1ff1163ea4596f4aa10601d lzj.icp:8500/ibmcom/icp-filebeat@sha256:72669dde64d7ab85bbb9e93428efe548b2693a4eae5168a4705f6e30cd20e584 lzj.icp:8500/ibmcom/icp-filebeat-amd64:5.5.1 lzj.icp:8500/ibmcom/icp-filebeat:5.5.1] 317104874} {[lzj.icp:8500/ibmcom/istio-proxyv2-amd64@sha256:cd77e75fa85ce74914e1b7b0bef980ece8a62ef0d776c9ef51a0d7d30b4b64a0 lzj.icp:8500/ibmcom/istio-proxyv2@sha256:9c94d736c8cbb41e2c5b0b672530eee0df6cbb628d57f4ddaec9f4ff4f49ce35 lzj.icp:8500/ibmcom/istio-proxyv2-amd64:1.0.0.1 lzj.icp:8500/ibmcom/istio-proxyv2:1.0.0.1] 311276139} {[lzj.icp:8500/ibmcom/istio-pilot-amd64@sha256:63352073a964037fd37f6150228231d2e5eca7e0c2920405d6269326d3c54263 lzj.icp:8500/ibmcom/istio-pilot@sha256:ad129a4be7b6d1536c384efd03fb570b973b9c77a56a48e6b9cfe192a76c111e lzj.icp:8500/ibmcom/istio-pilot-amd64:1.0.0.1 lzj.icp:8500/ibmcom/istio-pilot:1.0.0.1] 309502004} {[lzj.icp:8500/ibmcom/fluentd-amd64@sha256:384a99b8d941c93f96ee5b5cbae5b70500219a3f71c73cf4eddd20d9d693e3b3 lzj.icp:8500/ibmcom/fluentd@sha256:f85a5ffd86438f1a73d04caf6e33ef3474675d9fa0947431f4d0a9602fc981af lzj.icp:8500/ibmcom/fluentd-amd64:v1.2.2-icp lzj.icp:8500/ibmcom/fluentd:v1.2.2-icp] 270902701} {[lzj.icp:8500/ibmcom/icp-identity-manager-amd64@sha256:632f31acd0fcfc3d0cebea31cfb71018f6712bd1a1b4da7476942b3c23aa3521 lzj.icp:8500/ibmcom/icp-identity-manager@sha256:993462e02a42c15b03722d935809476c8e10e6e0b3a2669eb528081e92a49859 lzj.icp:8500/ibmcom/icp-identity-manager-amd64:3.1.0 lzj.icp:8500/ibmcom/icp-identity-manager:3.1.0] 268667523} {[lzj.icp:8500/ibmcom/elasticsearch-plugin-searchguard-amd64@sha256:28f88d06bbbc073162702064c1be4ad06272e9021cbc0f929ba8c6da2ca25ae6 lzj.icp:8500/ibmcom/elasticsearch-plugin-searchguard@sha256:f47116021e3eec7b2fed9f6ed8bd77fd890457e5a1546dda7f863c032d4395b1 lzj.icp:8500/ibmcom/elasticsearch-plugin-searchguard-amd64:2.0.0 lzj.icp:8500/ibmcom/elasticsearch-plugin-searchguard:2.0.0] 267864279} {[lzj.icp:8500/ibmcom/kiali-amd64@sha256:bec63b454cf2e597c61f6a9943144050e5e6fc7a4f6474bc3bb6b627ba20c71c lzj.icp:8500/ibmcom/kiali@sha256:71a50e9885495157454657bc93842a7310e96e822a4117ad751ad81af83fde5e lzj.icp:8500/ibmcom/kiali-amd64:istio-release-1.0.0.1 lzj.icp:8500/ibmcom/kiali:istio-release-1.0.0.1] 265771300} {[lzj.icp:8500/ibmcom/calico-node-amd64@sha256:9871f4dde9eab9fd804b12f3114da36505ff5c220e2323b7434eec24e3b23ac5 lzj.icp:8500/ibmcom/calico-node@sha256:85a23d8030137d49663d3d82844a61998331606de9fc523dfdd0a75be7fb9828 lzj.icp:8500/ibmcom/calico-node-amd64:v3.1.3 lzj.icp:8500/ibmcom/calico-node:v3.1.3] 248202699} {[lzj.icp:8500/ibmcom/grafana-amd64@sha256:dc3566257a0c716caedfb33127d8ee385290c1dda006bebfb75c376d56b30c88 lzj.icp:8500/ibmcom/grafana@sha256:5d2739d3ec5c7f6ea66d69caa918b764660b99a3d37cb1f4123f1a9623ce8e38 lzj.icp:8500/ibmcom/grafana-amd64:5.2.0 lzj.icp:8500/ibmcom/grafana:5.2.0] 245297582} {[lzj.icp:8500/ibmcom/indices-cleaner-amd64@sha256:e6c6453d54012488e9ebfaa9e4d829f567d8e66b24c1613e6d88ca192ed5e85b lzj.icp:8500/ibmcom/indices-cleaner@sha256:31dac3be1246f17dddade06b517c073244ce56d85bc54135fdaf010dbb0bca10 lzj.icp:8500/ibmcom/indices-cleaner-amd64:1.0.0 lzj.icp:8500/ibmcom/indices-cleaner:1.0.0] 238131553} {[lzj.icp:8500/ibmcom/icp-identity-provider-amd64@sha256:24dba8b07c8295eef99abbf8d83041908516e4e50e4e4cfbbbcd53bdf415dda1 lzj.icp:8500/ibmcom/icp-identity-provider@sha256:b5bf63419b53ba550cad7a1b835d0d0eaae1fde8851c7936f8deb603fef673a6 lzj.icp:8500/ibmcom/icp-identity-provider-amd64:3.1.0 lzj.icp:8500/ibmcom/icp-identity-provider:3.1.0] 224286517} {[lzj.icp:8500/ibmcom/curl-amd64@sha256:aad05b4e4529f7e70516d8d3028cae6cd1d50de738ce164f2a532ce2470ac43f lzj.icp:8500/ibmcom/curl@sha256:adf92a267e351914d041a56d64ebe80331c45f8e20ab23b7ada67bea78da9996 lzj.icp:8500/ibmcom/curl-amd64:4.0.0 lzj.icp:8500/ibmcom/curl:4.0.0] 221192597} {[lzj.icp:8500/ibmcom/icp-audit-service-amd64@sha256:9add202c06a43da647380c860d9139fa059701fe103c1f229281215bf99dbbd3 lzj.icp:8500/ibmcom/icp-audit-service@sha256:7c3d710c31f6f5ae0227edc1599bdf64bc82e4fcd2b3aa8f197148240d2ab01c lzj.icp:8500/ibmcom/icp-audit-service-amd64:3.1.0 lzj.icp:8500/ibmcom/icp-audit-service:3.1.0] 215897363}],VolumesInUse:[],VolumesAttached:[],Config:&amp;NodeConfigStatus{Assigned:nil,Active:nil,LastKnownGood:nil,Error:,},},}&#xA;Sep 19 07:40:41.180: INFO: &#xA;Logging kubelet events for node 10.46.6.172&#xA;Sep 19 07:40:41.184: INFO: &#xA;Logging pods the kubelet thinks is on node 10.46.6.172&#xA;Sep 19 07:40:41.209: INFO: vulnerability-advisor-compliance-annotator-d5659b9d9-kmn8q started at 2018-09-17 07:19:03 +0000 UTC (0+1 container statuses recorded)&#xA;Sep 19 07:40:41.209: INFO: &#x9;Container compliance-annotator ready: true, restart count 4&#xA;Sep 19 07:40:41.209: INFO: vulnerability-advisor-rootkit-annotator-74cb65b5cf-2dk5j started at 2018-09-17 07:19:08 +0000 UTC (0+1 container statuses recorded)&#xA;Sep 19 07:40:41.209: INFO: &#x9;Container rootkit-annotator ready: true, restart count 3&#xA;Sep 19 07:40:41.209: INFO: vulnerability-advisor-sas-mgmt-64fb95bc44-j9vjc started at 2018-09-17 07:19:08 +0000 UTC (0+1 container statuses recorded)&#xA;Sep 19 07:40:41.209: INFO: &#x9;Container sas-mgmt-server ready: true, restart count 0&#xA;Sep 19 07:40:41.209: INFO: monitoring-prometheus-nodeexporter-v4l7d started at 2018-09-17 07:15:44 +0000 UTC (0+2 container statuses recorded)&#xA;Sep 19 07:40:41.209: INFO: &#x9;Container nodeexporter ready: true, restart count 0&#xA;Sep 19 07:40:41.209: INFO: &#x9;Container router ready: true, restart count 0&#xA;Sep 19 07:40:41.209: INFO: vulnerability-advisor-vulnerability-indexer-7c79b4c964-2n8cg started at 2018-09-17 07:19:07 +0000 UTC (0+1 container statuses recorded)&#xA;Sep 19 07:40:41.209: INFO: &#x9;Container py-vulnerability-indexer ready: true, restart count 0&#xA;Sep 19 07:40:41.209: INFO: vulnerability-advisor-secconfig-annotator-7dbcf5d9f4-fkmkb started at 2018-09-17 07:19:10 +0000 UTC (0+1 container statuses recorded)&#xA;Sep 19 07:40:41.209: INFO: &#x9;Container secconfig-annotator ready: true, restart count 0&#xA;Sep 19 07:40:41.209: INFO: vulnerability-advisor-statsd-7746859df4-jjm6f started at 2018-09-17 07:19:10 +0000 UTC (0+1 container statuses recorded)&#xA;Sep 19 07:40:41.209: INFO: &#x9;Container statsd ready: true, restart count 0&#xA;Sep 19 07:40:41.209: INFO: vulnerability-advisor-usncrawler-8h976 started at 2018-09-17 07:19:11 +0000 UTC (0+1 container statuses recorded)&#xA;Sep 19 07:40:41.209: INFO: &#x9;Container usnloader-job ready: false, restart count 0&#xA;Sep 19 07:40:41.209: INFO: calico-node-wsknj started at 2018-09-17 07:05:53 +0000 UTC (0+2 container statuses recorded)&#xA;Sep 19 07:40:41.209: INFO: &#x9;Container calico-node ready: true, restart count 0&#xA;Sep 19 07:40:41.210: INFO: &#x9;Container install-cni ready: true, restart count 0&#xA;Sep 19 07:40:41.210: INFO: vulnerability-advisor-cos-indexer-57899b7dd6-7cpf8 started at 2018-09-17 07:19:04 +0000 UTC (0+1 container statuses recorded)&#xA;Sep 19 07:40:41.210: INFO: &#x9;Container cos-indexer ready: true, restart count 3&#xA;Sep 19 07:40:41.210: INFO: vulnerability-advisor-kafka-0 started at 2018-09-17 07:19:13 +0000 UTC (0+1 container statuses recorded)&#xA;Sep 19 07:40:41.210: INFO: &#x9;Container kafka-server ready: true, restart count 2&#xA;Sep 19 07:40:41.210: INFO: nvidia-device-plugin-w9jr8 started at 2018-09-17 07:07:17 +0000 UTC (1+1 container statuses recorded)&#xA;Sep 19 07:40:41.210: INFO: &#x9;Init container nvidia-driver-collector ready: true, restart count 0&#xA;Sep 19 07:40:41.210: INFO: &#x9;Container nvidia-device-plugin ready: true, restart count 0&#xA;Sep 19 07:40:41.210: INFO: metering-reader-gsrdg started at 2018-09-17 07:14:11 +0000 UTC (1+1 container statuses recorded)&#xA;Sep 19 07:40:41.210: INFO: &#x9;Init container metering-reader-init ready: true, restart count 1&#xA;Sep 19 07:40:41.210: INFO: &#x9;Container metering-reader ready: true, restart count 0&#xA;Sep 19 07:40:41.210: INFO: logging-elk-filebeat-ds-vpk48 started at 2018-09-17 07:15:20 +0000 UTC (0+1 container statuses recorded)&#xA;Sep 19 07:40:41.210: INFO: &#x9;Container filebeat ready: true, restart count 0&#xA;Sep 19 07:40:41.210: INFO: vulnerability-advisor-password-annotator-79b5d794b5-wnwqn started at 2018-09-17 07:19:05 +0000 UTC (0+1 container statuses recorded)&#xA;Sep 19 07:40:41.210: INFO: &#x9;Container config-parser ready: true, restart count 3&#xA;Sep 19 07:40:41.210: INFO: vulnerability-advisor-vulnerability-annotator-bcbf5595f-hxwst started at 2018-09-17 07:19:10 +0000 UTC (0+1 container statuses recorded)&#xA;Sep 19 07:40:41.210: INFO: &#x9;Container va-annotator ready: true, restart count 3&#xA;Sep 19 07:40:41.210: INFO: vulnerability-advisor-minio-0 started at 2018-09-17 07:19:16 +0000 UTC (1+1 container statuses recorded)&#xA;Sep 19 07:40:41.210: INFO: &#x9;Init container wait-kafka ready: true, restart count 1&#xA;Sep 19 07:40:41.210: INFO: &#x9;Container minio-server ready: true, restart count 0&#xA;Sep 19 07:40:41.210: INFO: audit-logging-fluentd-ds-8bh4t started at 2018-09-17 07:18:46 +0000 UTC (0+1 container statuses recorded)&#xA;Sep 19 07:40:41.210: INFO: &#x9;Container fluentd ready: true, restart count 0&#xA;Sep 19 07:40:41.210: INFO: vulnerability-advisor-live-crawler-84st2 started at 2018-09-17 07:19:03 +0000 UTC (0+1 container statuses recorded)&#xA;Sep 19 07:40:41.210: INFO: &#x9;Container live-crawler ready: true, restart count 0&#xA;Sep 19 07:40:41.210: INFO: vulnerability-advisor-process-ma-annotator-58f47d5b5f-xbxrc started at 2018-09-17 07:19:06 +0000 UTC (0+2 container statuses recorded)&#xA;Sep 19 07:40:41.210: INFO: &#x9;Container icp-audit-service ready: true, restart count 0&#xA;Sep 19 07:40:41.210: INFO: &#x9;Container process-ma-annotator ready: true, restart count 2&#xA;Sep 19 07:40:41.210: INFO: vulnerability-advisor-compliance-indexer-7cbdc64b57-47lmd started at 2018-09-17 07:19:07 +0000 UTC (0+1 container statuses recorded)&#xA;Sep 19 07:40:41.210: INFO: &#x9;Container py-compliance-indexer ready: true, restart count 0&#xA;Sep 19 07:40:41.210: INFO: vulnerability-advisor-minio-cleaner-1537228740-55f4w started at 2018-09-17 23:59:03 +0000 UTC (0+1 container statuses recorded)&#xA;Sep 19 07:40:41.210: INFO: &#x9;Container cleaner ready: false, restart count 0&#xA;Sep 19 07:40:41.210: INFO: k8s-proxy-10.46.6.172 started at &lt;nil&gt; (0+0 container statuses recorded)&#xA;Sep 19 07:40:41.210: INFO: vulnerability-advisor-process-ma-crawler-24z6k started at 2018-09-17 07:19:03 +0000 UTC (0+1 container statuses recorded)&#xA;Sep 19 07:40:41.210: INFO: &#x9;Container process-ma-crawler ready: true, restart count 0&#xA;Sep 19 07:40:41.210: INFO: vulnerability-advisor-config-parser-5d44b78fd5-z4k9t started at 2018-09-17 07:19:04 +0000 UTC (0+1 container statuses recorded)&#xA;Sep 19 07:40:41.210: INFO: &#x9;Container config-parser ready: true, restart count 4&#xA;Sep 19 07:40:41.210: INFO: vulnerability-advisor-notification-dispatcher-86f8bf4b4d-cfdzb started at 2018-09-17 07:19:04 +0000 UTC (0+1 container statuses recorded)&#xA;Sep 19 07:40:41.210: INFO: &#x9;Container notification-dispatcher ready: true, restart count 3&#xA;Sep 19 07:40:41.210: INFO: vulnerability-advisor-process-ma-annotator-init-869545d547nn27w started at 2018-09-17 07:19:06 +0000 UTC (0+1 container statuses recorded)&#xA;Sep 19 07:40:41.210: INFO: &#x9;Container process-ma-annotator ready: true, restart count 0&#xA;Sep 19 07:40:41.210: INFO: vulnerability-advisor-process-ma-annotator-58f47d5b5f-4wglg started at 2018-09-17 07:19:06 +0000 UTC (0+2 container statuses recorded)&#xA;Sep 19 07:40:41.210: INFO: &#x9;Container icp-audit-service ready: true, restart count 0&#xA;Sep 19 07:40:41.210: INFO: &#x9;Container process-ma-annotator ready: true, restart count 1&#xA;Sep 19 07:40:41.210: INFO: vulnerability-advisor-rootkit-indexer-cd8b4646b-xlhwq started at 2018-09-17 07:19:07 +0000 UTC (0+1 container statuses recorded)&#xA;Sep 19 07:40:41.210: INFO: &#x9;Container py-rootkit-indexer ready: true, restart count 0&#xA;Sep 19 07:40:41.210: INFO: vulnerability-advisor-secconfig-indexer-674647df7c-qq5ff started at 2018-09-17 07:19:07 +0000 UTC (0+1 container statuses recorded)&#xA;Sep 19 07:40:41.210: INFO: &#x9;Container py-secconfig-indexer ready: true, restart count 0&#xA;Sep 19 07:40:41.210: INFO: vulnerability-advisor-registry-crawler-6f9568677b-bfpm6 started at 2018-09-17 07:19:08 +0000 UTC (0+1 container statuses recorded)&#xA;Sep 19 07:40:41.210: INFO: &#x9;Container reg-crawler ready: true, restart count 0&#xA;Sep 19 07:40:41.210: INFO: vulnerability-advisor-minio-cleaner-1537315140-nqk7v started at 2018-09-18 23:59:04 +0000 UTC (0+1 container statuses recorded)&#xA;Sep 19 07:40:41.210: INFO: &#x9;Container cleaner ready: false, restart count 0&#xA;Sep 19 07:40:41.210: INFO: vulnerability-advisor-ma-file-annotator-6b95df8886-jtczz started at 2018-09-17 07:19:04 +0000 UTC (0+2 container statuses recorded)&#xA;Sep 19 07:40:41.210: INFO: &#x9;Container icp-audit-service ready: true, restart count 0&#xA;Sep 19 07:40:41.210: INFO: &#x9;Container vulnerability-advisor-ma-file-annotator ready: true, restart count 1&#xA;Sep 19 07:40:41.210: INFO: vulnerability-advisor-sas-apiserver-5fd8d44bc9-7bvkn started at 2018-09-17 07:19:09 +0000 UTC (0+3 container statuses recorded)&#xA;Sep 19 07:40:41.210: INFO: &#x9;Container icp-audit-service ready: true, restart count 0&#xA;Sep 19 07:40:41.210: INFO: &#x9;Container sas-api-server ready: true, restart count 0&#xA;Sep 19 07:40:41.210: INFO: &#x9;Container sas-proxy-server ready: true, restart count 0&#xA;Sep 19 07:40:41.210: INFO: vulnerability-advisor-zookeeper-0 started at 2018-09-17 07:19:15 +0000 UTC (0+1 container statuses recorded)&#xA;Sep 19 07:40:41.210: INFO: &#x9;Container zookeeper-server ready: true, restart count 0&#xA;Sep 19 07:40:41.286: INFO: &#xA;Latency metrics for node 10.46.6.172&#xA;Sep 19 07:40:41.286: INFO: &#xA;Logging node info for node 10.46.6.173&#xA;Sep 19 07:40:41.291: INFO: Node Info: &amp;Node{ObjectMeta:k8s_io_apimachinery_pkg_apis_meta_v1.ObjectMeta{Name:10.46.6.173,GenerateName:,Namespace:,SelfLink:/api/v1/nodes/10.46.6.173,UID:3dc7268b-ba44-11e8-b20e-fa163e707b2e,ResourceVersion:457818,Generation:0,CreationTimestamp:2018-09-17 06:38:09 +0000 UTC,DeletionTimestamp:&lt;nil&gt;,DeletionGracePeriodSeconds:nil,Labels:map[string]string{beta.kubernetes.io/arch: amd64,beta.kubernetes.io/os: linux,etcd: true,kubernetes.io/hostname: 10.46.6.173,master: true,node-role.kubernetes.io/etcd: true,node-role.kubernetes.io/master: true,node-role.kubernetes.io/proxy: true,proxy: true,role: master,},Annotations:map[string]string{node.alpha.kubernetes.io/ttl: 0,volumes.kubernetes.io/controller-managed-attach-detach: true,},OwnerReferences:[],Finalizers:[],ClusterName:,Initializers:nil,},Spec:NodeSpec{PodCIDR:,DoNotUse_ExternalID:,ProviderID:,Unschedulable:false,Taints:[{dedicated proxy NoSchedule &lt;nil&gt;}],ConfigSource:nil,},Status:NodeStatus{Capacity:ResourceList{cpu: {{32 0} {&lt;nil&gt;} 32 DecimalSI},ephemeral-storage: {{107362627584 0} {&lt;nil&gt;} 104846316Ki BinarySI},hugepages-1Gi: {{0 0} {&lt;nil&gt;} 0 DecimalSI},hugepages-2Mi: {{0 0} {&lt;nil&gt;} 0 DecimalSI},memory: {{135202160640 0} {&lt;nil&gt;}  BinarySI},pods: {{320 0} {&lt;nil&gt;} 320 DecimalSI},},Allocatable:ResourceList{cpu: {{32 0} {&lt;nil&gt;} 32 DecimalSI},ephemeral-storage: {{107257769984 0} {&lt;nil&gt;} 104743916Ki BinarySI},hugepages-1Gi: {{0 0} {&lt;nil&gt;} 0 DecimalSI},hugepages-2Mi: {{0 0} {&lt;nil&gt;} 0 DecimalSI},memory: {{135097303040 0} {&lt;nil&gt;}  BinarySI},pods: {{320 0} {&lt;nil&gt;} 320 DecimalSI},},Phase:,Conditions:[{OutOfDisk False 2018-09-19 07:40:39 +0000 UTC 2018-09-17 06:38:09 +0000 UTC KubeletHasSufficientDisk kubelet has sufficient disk space available} {MemoryPressure False 2018-09-19 07:40:39 +0000 UTC 2018-09-17 06:38:09 +0000 UTC KubeletHasSufficientMemory kubelet has sufficient memory available} {DiskPressure False 2018-09-19 07:40:39 +0000 UTC 2018-09-17 06:38:09 +0000 UTC KubeletHasNoDiskPressure kubelet has no disk pressure} {PIDPressure False 2018-09-19 07:40:39 +0000 UTC 2018-09-17 06:38:09 +0000 UTC KubeletHasSufficientPID kubelet has sufficient PID available} {Ready True 2018-09-19 07:40:39 +0000 UTC 2018-09-17 07:06:09 +0000 UTC KubeletReady kubelet is posting ready status}],Addresses:[{InternalIP 10.46.6.173} {Hostname 10.46.6.173}],DaemonEndpoints:NodeDaemonEndpoints{KubeletEndpoint:DaemonEndpoint{Port:10250,},},NodeInfo:NodeSystemInfo{MachineID:52ca0d2c3fb341c79b059a96d10571a6,SystemUUID:DA83D170-F88E-40EB-A0A3-2918CD5F6005,BootID:806b09ea-0a42-4719-bbaa-13e375c7b62f,KernelVersion:3.10.0-862.9.1.el7.x86_64,OSImage:Red Hat Enterprise Linux,ContainerRuntimeVersion:docker://18.3.1,KubeletVersion:v1.11.1+icp-ee,KubeProxyVersion:v1.11.1+icp-ee,OperatingSystem:linux,Architecture:amd64,},Images:[{[lzj.icp:8500/ibmcom/statsd-amd64@sha256:5ee11bc24bced45a77d9d630348680f319c09d9d3b2230b04518d1e2a5263ae2 lzj.icp:8500/ibmcom/statsd-amd64:0.7.2.1 lzj.icp:8500/ibmcom/statsd:0.7.2.1] 1234731808} {[lzj.icp:8500/ibmcom/kafka-amd64@sha256:0d6d348ccd7aa2854d60791331280e58db92029a522c8bfb3eb40c7c0913ca8f lzj.icp:8500/ibmcom/kafka-amd64:0.10.0.2 lzj.icp:8500/ibmcom/kafka:0.10.0.2] 1114805679} {[lzj.icp:8500/ibmcom/iam-token-service-amd64@sha256:9211161e5b5b9d892a99b46fad4429333ceb7143b4039419df7ea0efa36381a9 lzj.icp:8500/ibmcom/iam-token-service-amd64:3.1.0 lzj.icp:8500/ibmcom/iam-token-service:3.1.0] 1051060152} {[lzj.icp:8500/ibmcom/icp-platform-auth-amd64@sha256:abc258009b8696a83214b7a9d9df63f6d83e19cfca2987c4836b0eadfa4c99c7 lzj.icp:8500/ibmcom/icp-platform-auth-amd64:3.1.0 lzj.icp:8500/ibmcom/icp-platform-auth:3.1.0] 1028283742} {[lzj.icp:8500/ibmcom/reg-crawler-amd64@sha256:9e5d4ebbac3dd6cbf9f892b5bd634f89fae3d4b2e6a23debd3ecd322e3eb817e lzj.icp:8500/ibmcom/reg-crawler-amd64:1.3.1 lzj.icp:8500/ibmcom/reg-crawler:1.3.1] 1007817363} {[lzj.icp:8500/ibmcom/live-crawler-amd64@sha256:37a79ec87bd3c8b9af25cf1e25f4f14281ffb9f5ebeaf61c0b7c8a5799baf782 lzj.icp:8500/ibmcom/live-crawler-amd64:1.3.1 lzj.icp:8500/ibmcom/live-crawler:1.3.1] 987515538} {[lzj.icp:8500/ibmcom/cos-indexer-amd64@sha256:adf28ff960ebdcbfcfa5e4522b81aa3565338f8d640dad611a1c3f0d3894393b lzj.icp:8500/ibmcom/cos-indexer-amd64:1.3.1 lzj.icp:8500/ibmcom/cos-indexer:1.3.1] 846578165} {[lzj.icp:8500/ibmcom/secure-config-annotator-amd64@sha256:26e845c6a252e0c5ae73e764645993b3270e289d1a2e9784b06ddd7898ca45d9 lzj.icp:8500/ibmcom/secure-config-annotator-amd64:1.3.1 lzj.icp:8500/ibmcom/secure-config-annotator:1.3.1] 835555196} {[lzj.icp:8500/ibmcom/hyperkube-amd64@sha256:9eaadf7c2a417ee2a9a219e2eadf21884742199a484be2ca737f0e8a178d490a lzj.icp:8500/ibmcom/hyperkube-amd64:v1.11.1-ee lzj.icp:8500/ibmcom/hyperkube:v1.11.1-ee] 782626408} {[lzj.icp:8500/ibmcom/compliance-annotator-amd64@sha256:5d8bbbef3a7dc54ba9addb256d2aa8a3f7d5c27a454ff4b7ee583b217dac2ce4 lzj.icp:8500/ibmcom/compliance-annotator-amd64:1.3.1 lzj.icp:8500/ibmcom/compliance-annotator:1.3.1] 773932738} {[lzj.icp:8500/ibmcom/icp-logstash-amd64@sha256:02a683ee6ad9eeed7ea8ebb1de713aaf902a9e20a39ccc0294ee1f947f1bbd73 lzj.icp:8500/ibmcom/icp-logstash-amd64:5.5.1 lzj.icp:8500/ibmcom/icp-logstash:5.5.1] 764906887} {[lzj.icp:8500/ibmcom/process-ma-hf-amd64@sha256:ef0d164350d07600f8037082db7d98cf81b9c554d8a60692ae90b8d0239a8cdc lzj.icp:8500/ibmcom/process-ma-hf-amd64:1.3.1 lzj.icp:8500/ibmcom/process-ma-hf:1.3.1] 758635128} {[lzj.icp:8500/ibmcom/vulnerability-annotator-amd64@sha256:febedf85b65e0d1800e67249274d474d4ce67e8041e81487f76bce727cb39bd4 lzj.icp:8500/ibmcom/vulnerability-annotator-amd64:1.3.1 lzj.icp:8500/ibmcom/vulnerability-annotator:1.3.1] 757013017} {[lzj.icp:8500/ibmcom/py-generic-indexer-amd64@sha256:45cb17e23e15f4dfe44471309af12f0655aad5f8e859c718f393290f220b02b2 lzj.icp:8500/ibmcom/py-generic-indexer-amd64:1.3.1 lzj.icp:8500/ibmcom/py-generic-indexer:1.3.1] 755588945} {[lzj.icp:8500/ibmcom/icp-inception-amd64@sha256:1dad180d14ae732d17ca5cf41b87dbb316c072323f186d60a08a753f904eb5b2 ibmcom/icp-inception-amd64:3.1.0-ee lzj.icp:8500/ibmcom/icp-inception-amd64:3.1.0-ee lzj.icp:8500/ibmcom/icp-inception:3.1.0-ee] 744155119} {[lzj.icp:8500/ibmcom/config-parser-amd64@sha256:7d721e0b5a827921ac16fa9e7570db225211e6dd700cdeaba1d28ba02ff8ef6d lzj.icp:8500/ibmcom/config-parser-amd64:1.3.1 lzj.icp:8500/ibmcom/config-parser:1.3.1] 739243486} {[lzj.icp:8500/ibmcom/iam-policy-administration-amd64@sha256:e1941aa09a5b692505cb3be3e497d3ff9acb900786b9a2c8c4c00d0243b37dd0 lzj.icp:8500/ibmcom/iam-policy-administration-amd64:3.1.0 lzj.icp:8500/ibmcom/iam-policy-administration:3.1.0] 711947327} {[lzj.icp:8500/ibmcom/password-annotator-amd64@sha256:bca1b6b222d8ea8ade174a8cc1a549f161d75d3e9d69881f08a1fb316a8e27d3 lzj.icp:8500/ibmcom/password-annotator-amd64:1.3.1 lzj.icp:8500/ibmcom/password-annotator:1.3.1] 707627907} {[lzj.icp:8500/ibmcom/notification-dispatcher-amd64@sha256:ec8dfbc351a0d758488f9f8bfa17c3182a5c02819a6ebf7144ab914a2233cf57 lzj.icp:8500/ibmcom/notification-dispatcher-amd64:1.3.1 lzj.icp:8500/ibmcom/notification-dispatcher:1.3.1] 707588442} {[lzj.icp:8500/ibmcom/sas-base-amd64@sha256:9651b1149c62d5a0968aaeffe71f2da68cd7e07ff8d7ea67538278c00ab08457 lzj.icp:8500/ibmcom/sas-base-amd64:1.3.1 lzj.icp:8500/ibmcom/sas-base:1.3.1] 653746081} {[lzj.icp:8500/ibmcom/ma-file-annotator-amd64@sha256:8caa6280fd845fd524ad874a6b243510ebf085d58c989229020fcfc743492632 lzj.icp:8500/ibmcom/ma-file-annotator-amd64:1.3.1 lzj.icp:8500/ibmcom/ma-file-annotator:1.3.1] 653745236} {[lzj.icp:8500/ibmcom/icp-kibana-amd64@sha256:8b69887ac5297e1d2e68b9c2ce885b9a888f6c278ca1538acb0f03206b48502a lzj.icp:8500/ibmcom/icp-kibana-amd64:5.5.1 lzj.icp:8500/ibmcom/icp-kibana:5.5.1] 639622018} {[lzj.icp:8500/ibmcom/icp-platform-api-amd64@sha256:1fc47925c2611aef12631b3f3806308f55a298074aebc561fd04cf8a7691c669 lzj.icp:8500/ibmcom/icp-platform-api-amd64:3.1.0 lzj.icp:8500/ibmcom/icp-platform-api:3.1.0] 612589125} {[lzj.icp:8500/ibmcom/iam-policy-decision-amd64@sha256:d49eb3845c57bb8370a477949d92da10a178b81ade50f0e9d970981fadd6686d lzj.icp:8500/ibmcom/iam-policy-decision-amd64:3.1.0 lzj.icp:8500/ibmcom/iam-policy-decision:3.1.0] 559718344} {[lzj.icp:8500/ibmcom/rootkit-annotator-amd64@sha256:caf6c24136b8785d901f346a640d673b55fe105c3617cfcb432ee2006f5b1cf4 lzj.icp:8500/ibmcom/rootkit-annotator-amd64:1.3.1 lzj.icp:8500/ibmcom/rootkit-annotator:1.3.1] 549434506} {[lzj.icp:8500/ibmcom/icp-elasticsearch-amd64@sha256:0063a7a931ca4e52d8f7a51f2bdb010345f4373b5b904b52e5c8a48ec0c1fde7 lzj.icp:8500/ibmcom/icp-elasticsearch-amd64:5.5.1 lzj.icp:8500/ibmcom/icp-elasticsearch:5.5.1] 520121248} {[lzj.icp:8500/ibmcom/logging-pki-init-amd64@sha256:cc4bfa085e1ae99120ee526acd3e62d205e10de6f1c773c521fc5b933914f6a8 lzj.icp:8500/ibmcom/logging-pki-init-amd64:2.0.0 lzj.icp:8500/ibmcom/logging-pki-init:2.0.0] 501921135} {[lzj.icp:8500/ibmcom/searchguard-init-amd64@sha256:d19ce1d27f406945d4ed78b0f07007998c2ab3889086e502924847c2186db546 lzj.icp:8500/ibmcom/searchguard-init-amd64:2.0.0 lzj.icp:8500/ibmcom/searchguard-init:2.0.0] 457030441} {[lzj.icp:8500/ibmcom/metering-ui-amd64@sha256:3628a8fe41183c08ea0b02e2e798e3649e4aebe2c2405c34572b9eb7c7c4d9a8 lzj.icp:8500/ibmcom/metering-ui-amd64:3.1.0 lzj.icp:8500/ibmcom/metering-ui:3.1.0] 385577105} {[lzj.icp:8500/ibmcom/heketi-amd64@sha256:c5b579a4f219c87990f861eb61de86cb9cfb51b6d230b8c299df7d9fd3d02d0e lzj.icp:8500/ibmcom/heketi-amd64:v7.0.0 lzj.icp:8500/ibmcom/heketi:v7.0.0] 384720377} {[lzj.icp:8500/ibmcom/icp-mongodb-amd64@sha256:a305ae8bc309898d86bf60aee968846db3602f77b25924640d5f08a2389ee99d lzj.icp:8500/ibmcom/icp-mongodb-amd64:3.1.0 lzj.icp:8500/ibmcom/icp-mongodb:3.1.0] 379353410} {[lzj.icp:8500/ibmcom/icp-catalog-ui-amd64@sha256:33993b4eab189e3c78fe27799017da770d47523cf6831460741008bf91297d6d lzj.icp:8500/ibmcom/icp-catalog-ui-amd64:3.1.0 lzj.icp:8500/ibmcom/icp-catalog-ui:3.1.0] 363781304} {[lzj.icp:8500/ibmcom/nginx-ingress-controller-amd64@sha256:63b48dd3ba635aa65409f7d6a319e293697810c1b9e885e6255bebf36a2506ab lzj.icp:8500/ibmcom/nginx-ingress-controller-amd64:0.16.2 lzj.icp:8500/ibmcom/nginx-ingress-controller:0.16.2] 361632894} {[lzj.icp:8500/ibmcom/mariadb-amd64@sha256:1f9876179c32fcf463804f75cbf2fb031106edf2be9d5dbf6705375ca53930bb lzj.icp:8500/ibmcom/mariadb-amd64:10.2.17 lzj.icp:8500/ibmcom/mariadb:10.2.17] 358991946} {[lzj.icp:8500/ibmcom/k8szk-amd64@sha256:a9ee22a4df14654552a02303e4560623244683692fd298dd2fb71e9dd66219f3 lzj.icp:8500/ibmcom/k8szk-amd64:v3 lzj.icp:8500/ibmcom/k8szk:v3] 331472973} {[lzj.icp:8500/ibmcom/gluster-amd64@sha256:647caedb536eb7b8c5c8b0a2b69e52d2a34be9e6c9c7b9c1b21d14fcfa261886 lzj.icp:8500/ibmcom/gluster-amd64:v4.0.2 lzj.icp:8500/ibmcom/gluster:v4.0.2] 324265531} {[lzj.icp:8500/ibmcom/istio-grafana-amd64@sha256:381a2dd3a5addbc5d43920bc19bb15ba6dbd422e4a9d91163108e72c5a63234c lzj.icp:8500/ibmcom/istio-grafana-amd64:1.0.0.1 lzj.icp:8500/ibmcom/istio-grafana:1.0.0.1] 324187770} {[lzj.icp:8500/ibmcom/icp-filebeat-amd64@sha256:03af9b78dad6c2ba857975d10c81e781460796dff1ff1163ea4596f4aa10601d lzj.icp:8500/ibmcom/icp-filebeat-amd64:5.5.1 lzj.icp:8500/ibmcom/icp-filebeat:5.5.1] 317104874} {[lzj.icp:8500/ibmcom/istio-proxyv2-amd64@sha256:cd77e75fa85ce74914e1b7b0bef980ece8a62ef0d776c9ef51a0d7d30b4b64a0 lzj.icp:8500/ibmcom/istio-proxyv2-amd64:1.0.0.1 lzj.icp:8500/ibmcom/istio-proxyv2:1.0.0.1] 311276139} {[lzj.icp:8500/ibmcom/istio-pilot-amd64@sha256:63352073a964037fd37f6150228231d2e5eca7e0c2920405d6269326d3c54263 lzj.icp:8500/ibmcom/istio-pilot-amd64:1.0.0.1 lzj.icp:8500/ibmcom/istio-pilot:1.0.0.1] 309502004} {[lzj.icp:8500/ibmcom/fluentd-amd64@sha256:384a99b8d941c93f96ee5b5cbae5b70500219a3f71c73cf4eddd20d9d693e3b3 lzj.icp:8500/ibmcom/fluentd-amd64:v1.2.2-icp lzj.icp:8500/ibmcom/fluentd:v1.2.2-icp] 270902701} {[lzj.icp:8500/ibmcom/icp-identity-manager-amd64@sha256:632f31acd0fcfc3d0cebea31cfb71018f6712bd1a1b4da7476942b3c23aa3521 lzj.icp:8500/ibmcom/icp-identity-manager-amd64:3.1.0 lzj.icp:8500/ibmcom/icp-identity-manager:3.1.0] 268667523} {[lzj.icp:8500/ibmcom/elasticsearch-plugin-searchguard-amd64@sha256:28f88d06bbbc073162702064c1be4ad06272e9021cbc0f929ba8c6da2ca25ae6 lzj.icp:8500/ibmcom/elasticsearch-plugin-searchguard-amd64:2.0.0 lzj.icp:8500/ibmcom/elasticsearch-plugin-searchguard:2.0.0] 267864279} {[lzj.icp:8500/ibmcom/kiali-amd64@sha256:bec63b454cf2e597c61f6a9943144050e5e6fc7a4f6474bc3bb6b627ba20c71c lzj.icp:8500/ibmcom/kiali-amd64:istio-release-1.0.0.1 lzj.icp:8500/ibmcom/kiali:istio-release-1.0.0.1] 265771300} {[lzj.icp:8500/ibmcom/calico-node-amd64@sha256:9871f4dde9eab9fd804b12f3114da36505ff5c220e2323b7434eec24e3b23ac5 lzj.icp:8500/ibmcom/calico-node-amd64:v3.1.3 lzj.icp:8500/ibmcom/calico-node:v3.1.3] 248202699} {[lzj.icp:8500/ibmcom/grafana-amd64@sha256:dc3566257a0c716caedfb33127d8ee385290c1dda006bebfb75c376d56b30c88 lzj.icp:8500/ibmcom/grafana-amd64:5.2.0 lzj.icp:8500/ibmcom/grafana:5.2.0] 245297582} {[lzj.icp:8500/ibmcom/indices-cleaner-amd64@sha256:e6c6453d54012488e9ebfaa9e4d829f567d8e66b24c1613e6d88ca192ed5e85b lzj.icp:8500/ibmcom/indices-cleaner-amd64:1.0.0 lzj.icp:8500/ibmcom/indices-cleaner:1.0.0] 238131553} {[lzj.icp:8500/ibmcom/icp-identity-provider-amd64@sha256:24dba8b07c8295eef99abbf8d83041908516e4e50e4e4cfbbbcd53bdf415dda1 lzj.icp:8500/ibmcom/icp-identity-provider-amd64:3.1.0 lzj.icp:8500/ibmcom/icp-identity-provider:3.1.0] 224286517} {[lzj.icp:8500/ibmcom/curl-amd64@sha256:aad05b4e4529f7e70516d8d3028cae6cd1d50de738ce164f2a532ce2470ac43f lzj.icp:8500/ibmcom/curl-amd64:4.0.0 lzj.icp:8500/ibmcom/curl:4.0.0] 221192597} {[lzj.icp:8500/ibmcom/icp-audit-service-amd64@sha256:9add202c06a43da647380c860d9139fa059701fe103c1f229281215bf99dbbd3 lzj.icp:8500/ibmcom/icp-audit-service-amd64:3.1.0 lzj.icp:8500/ibmcom/icp-audit-service:3.1.0] 215897363}],VolumesInUse:[],VolumesAttached:[],Config:&amp;NodeConfigStatus{Assigned:nil,Active:nil,LastKnownGood:nil,Error:,},},}&#xA;Sep 19 07:40:41.292: INFO: &#xA;Logging kubelet events for node 10.46.6.173&#xA;Sep 19 07:40:41.295: INFO: &#xA;Logging pods the kubelet thinks is on node 10.46.6.173&#xA;Sep 19 07:40:41.333: INFO: heapster-69b486565b-nt26r started at 2018-09-17 07:13:48 +0000 UTC (0+1 container statuses recorded)&#xA;Sep 19 07:40:41.333: INFO: &#x9;Container heapster ready: true, restart count 0&#xA;Sep 19 07:40:41.333: INFO: istio-galley-687cd96db-hlpng started at 2018-09-17 07:17:28 +0000 UTC (0+1 container statuses recorded)&#xA;Sep 19 07:40:41.333: INFO: &#x9;Container validator ready: true, restart count 0&#xA;Sep 19 07:40:41.333: INFO: istio-tracing-77ccfc8844-79ngl started at 2018-09-17 07:17:32 +0000 UTC (0+1 container statuses recorded)&#xA;Sep 19 07:40:41.333: INFO: &#x9;Container jaeger ready: true, restart count 0&#xA;Sep 19 07:40:41.333: INFO: audit-logging-fluentd-ds-dhcg6 started at 2018-09-17 07:18:46 +0000 UTC (0+1 container statuses recorded)&#xA;Sep 19 07:40:41.333: INFO: &#x9;Container fluentd ready: true, restart count 0&#xA;Sep 19 07:40:41.333: INFO: istio-ingressgateway-7bc96d6585-m567m started at 2018-09-17 07:20:41 +0000 UTC (0+1 container statuses recorded)&#xA;Sep 19 07:40:41.333: INFO: &#x9;Container istio-ingressgateway ready: true, restart count 0&#xA;Sep 19 07:40:41.333: INFO: helm-api-fdd886877-6pwm8 started at 2018-09-17 07:16:36 +0000 UTC (0+3 container statuses recorded)&#xA;Sep 19 07:40:41.333: INFO: &#x9;Container audit-service ready: true, restart count 0&#xA;Sep 19 07:40:41.333: INFO: &#x9;Container helmapi ready: true, restart count 0&#xA;Sep 19 07:40:41.333: INFO: &#x9;Container rudder ready: true, restart count 0&#xA;Sep 19 07:40:41.333: INFO: istio-egressgateway-54448bcdbd-f4v6v started at 2018-09-17 07:17:29 +0000 UTC (0+1 container statuses recorded)&#xA;Sep 19 07:40:41.333: INFO: &#x9;Container istio-egressgateway ready: true, restart count 0&#xA;Sep 19 07:40:41.333: INFO: istio-citadel-77694dc965-mwqkp started at 2018-09-17 07:17:31 +0000 UTC (0+1 container statuses recorded)&#xA;Sep 19 07:40:41.333: INFO: &#x9;Container citadel ready: true, restart count 0&#xA;Sep 19 07:40:41.333: INFO: vulnerability-advisor-process-ma-crawler-96728 started at 2018-09-17 07:19:03 +0000 UTC (0+1 container statuses recorded)&#xA;Sep 19 07:40:41.333: INFO: &#x9;Container process-ma-crawler ready: true, restart count 0&#xA;Sep 19 07:40:41.333: INFO: istio-telemetry-8b5964dc7-rfswc started at 2018-09-17 07:19:39 +0000 UTC (0+2 container statuses recorded)&#xA;Sep 19 07:40:41.333: INFO: &#x9;Container istio-proxy ready: true, restart count 0&#xA;Sep 19 07:40:41.333: INFO: &#x9;Container mixer ready: true, restart count 0&#xA;Sep 19 07:40:41.333: INFO: nvidia-device-plugin-nh54k started at 2018-09-17 07:07:17 +0000 UTC (1+1 container statuses recorded)&#xA;Sep 19 07:40:41.333: INFO: &#x9;Init container nvidia-driver-collector ready: true, restart count 0&#xA;Sep 19 07:40:41.333: INFO: &#x9;Container nvidia-device-plugin ready: true, restart count 0&#xA;Sep 19 07:40:41.333: INFO: mariadb-0 started at 2018-09-17 07:08:38 +0000 UTC (0+1 container statuses recorded)&#xA;Sep 19 07:40:41.333: INFO: &#x9;Container mariadb ready: true, restart count 0&#xA;Sep 19 07:40:41.333: INFO: logging-elk-filebeat-ds-qf2vz started at 2018-09-17 07:15:20 +0000 UTC (0+1 container statuses recorded)&#xA;Sep 19 07:40:41.333: INFO: &#x9;Container filebeat ready: true, restart count 0&#xA;Sep 19 07:40:41.333: INFO: istio-ingressgateway-7bc96d6585-c58zx started at 2018-09-17 07:24:15 +0000 UTC (0+1 container statuses recorded)&#xA;Sep 19 07:40:41.333: INFO: &#x9;Container istio-ingressgateway ready: true, restart count 0&#xA;Sep 19 07:40:41.333: INFO: istio-policy-5b64d7fd64-5l2m9 started at 2018-09-17 07:31:07 +0000 UTC (0+2 container statuses recorded)&#xA;Sep 19 07:40:41.333: INFO: &#x9;Container istio-proxy ready: true, restart count 0&#xA;Sep 19 07:40:41.333: INFO: &#x9;Container mixer ready: true, restart count 0&#xA;Sep 19 07:40:41.333: INFO: platform-api-2fs4x started at 2018-09-17 07:08:45 +0000 UTC (0+2 container statuses recorded)&#xA;Sep 19 07:40:41.333: INFO: &#x9;Container audit-service ready: true, restart count 0&#xA;Sep 19 07:40:41.333: INFO: &#x9;Container platform-api ready: true, restart count 0&#xA;Sep 19 07:40:41.333: INFO: istio-telemetry-8b5964dc7-hcf6d started at 2018-09-17 07:17:29 +0000 UTC (0+2 container statuses recorded)&#xA;Sep 19 07:40:41.333: INFO: &#x9;Container istio-proxy ready: true, restart count 0&#xA;Sep 19 07:40:41.333: INFO: &#x9;Container mixer ready: true, restart count 0&#xA;Sep 19 07:40:41.333: INFO: istio-sidecar-injector-86d554f5f7-d57zk started at 2018-09-17 07:17:32 +0000 UTC (0+1 container statuses recorded)&#xA;Sep 19 07:40:41.333: INFO: &#x9;Container sidecar-injector-webhook ready: true, restart count 0&#xA;Sep 19 07:40:41.333: INFO: secret-watcher-5f59fcbc69-pfnfk started at 2018-09-17 07:18:05 +0000 UTC (0+1 container statuses recorded)&#xA;Sep 19 07:40:41.333: INFO: &#x9;Container secret-watcher ready: true, restart count 0&#xA;Sep 19 07:40:41.333: INFO: istio-telemetry-8b5964dc7-nw9kk started at 2018-09-17 07:23:11 +0000 UTC (0+2 container statuses recorded)&#xA;Sep 19 07:40:41.333: INFO: &#x9;Container istio-proxy ready: true, restart count 0&#xA;Sep 19 07:40:41.333: INFO: &#x9;Container mixer ready: true, restart count 0&#xA;Sep 19 07:40:41.333: INFO: calico-kube-controllers-dcb8cc97c-gtsqp started at 2018-09-17 07:05:53 +0000 UTC (0+1 container statuses recorded)&#xA;Sep 19 07:40:41.333: INFO: &#x9;Container calico-kube-controllers ready: true, restart count 0&#xA;Sep 19 07:40:41.333: INFO: icp-mongodb-0 started at 2018-09-17 07:07:42 +0000 UTC (2+1 container statuses recorded)&#xA;Sep 19 07:40:41.333: INFO: &#x9;Init container install ready: true, restart count 0&#xA;Sep 19 07:40:41.333: INFO: &#x9;Init container bootstrap ready: true, restart count 0&#xA;Sep 19 07:40:41.333: INFO: &#x9;Container icp-mongodb ready: true, restart count 0&#xA;Sep 19 07:40:41.333: INFO: catalog-ui-5rtkh started at 2018-09-17 07:15:57 +0000 UTC (0+1 container statuses recorded)&#xA;Sep 19 07:40:41.333: INFO: &#x9;Container catalog-ui ready: true, restart count 0&#xA;Sep 19 07:40:41.333: INFO: istio-policy-5b64d7fd64-jrlzt started at 2018-09-17 07:23:11 +0000 UTC (0+2 container statuses recorded)&#xA;Sep 19 07:40:41.333: INFO: &#x9;Container istio-proxy ready: true, restart count 0&#xA;Sep 19 07:40:41.333: INFO: &#x9;Container mixer ready: true, restart count 0&#xA;Sep 19 07:40:41.333: INFO: k8s-proxy-10.46.6.173 started at &lt;nil&gt; (0+0 container statuses recorded)&#xA;Sep 19 07:40:41.333: INFO: k8s-etcd-10.46.6.173 started at &lt;nil&gt; (0+0 container statuses recorded)&#xA;Sep 19 07:40:41.333: INFO: image-manager-0 started at 2018-09-17 06:38:56 +0000 UTC (0+2 container statuses recorded)&#xA;Sep 19 07:40:41.333: INFO: &#x9;Container icp-registry ready: true, restart count 0&#xA;Sep 19 07:40:41.333: INFO: &#x9;Container image-manager ready: true, restart count 0&#xA;Sep 19 07:40:41.333: INFO: platform-deploy-dbbks started at 2018-09-17 07:08:45 +0000 UTC (0+1 container statuses recorded)&#xA;Sep 19 07:40:41.333: INFO: &#x9;Container platform-deploy ready: true, restart count 0&#xA;Sep 19 07:40:41.333: INFO: auth-apikeys-x45mz started at 2018-09-17 07:10:12 +0000 UTC (0+1 container statuses recorded)&#xA;Sep 19 07:40:41.333: INFO: &#x9;Container auth-apikeys ready: true, restart count 0&#xA;Sep 19 07:40:41.333: INFO: istio-policy-5b64d7fd64-fb4bc started at 2018-09-17 07:27:37 +0000 UTC (0+2 container statuses recorded)&#xA;Sep 19 07:40:41.333: INFO: &#x9;Container istio-proxy ready: true, restart count 0&#xA;Sep 19 07:40:41.333: INFO: &#x9;Container mixer ready: true, restart count 0&#xA;Sep 19 07:40:41.333: INFO: istio-policy-5b64d7fd64-pt9z2 started at 2018-09-17 07:17:30 +0000 UTC (0+2 container statuses recorded)&#xA;Sep 19 07:40:41.333: INFO: &#x9;Container istio-proxy ready: true, restart count 0&#xA;Sep 19 07:40:41.333: INFO: &#x9;Container mixer ready: true, restart count 0&#xA;Sep 19 07:40:41.333: INFO: istio-policy-5b64d7fd64-z68j4 started at 2018-09-17 07:19:38 +0000 UTC (0+2 container statuses recorded)&#xA;Sep 19 07:40:41.333: INFO: &#x9;Container istio-proxy ready: true, restart count 0&#xA;Sep 19 07:40:41.333: INFO: &#x9;Container mixer ready: true, restart count 0&#xA;Sep 19 07:40:41.333: INFO: istio-ingressgateway-7bc96d6585-r98nr started at 2018-09-17 07:28:10 +0000 UTC (0+1 container statuses recorded)&#xA;Sep 19 07:40:41.333: INFO: &#x9;Container istio-ingressgateway ready: true, restart count 0&#xA;Sep 19 07:40:41.333: INFO: auth-idp-kjpmx started at 2018-09-17 07:10:04 +0000 UTC (1+4 container statuses recorded)&#xA;Sep 19 07:40:41.333: INFO: &#x9;Init container init-mariadb ready: true, restart count 0&#xA;Sep 19 07:40:41.333: INFO: &#x9;Container icp-audit-service ready: true, restart count 0&#xA;Sep 19 07:40:41.333: INFO: &#x9;Container platform-auth-service ready: true, restart count 0&#xA;Sep 19 07:40:41.333: INFO: &#x9;Container platform-identity-manager ready: true, restart count 0&#xA;Sep 19 07:40:41.333: INFO: &#x9;Container platform-identity-provider ready: true, restart count 0&#xA;Sep 19 07:40:41.333: INFO: helm-repo-5649f57447-wwdn4 started at 2018-09-17 07:13:54 +0000 UTC (1+2 container statuses recorded)&#xA;Sep 19 07:40:41.333: INFO: &#x9;Init container helm-repo-init ready: true, restart count 0&#xA;Sep 19 07:40:41.333: INFO: &#x9;Container audit-service ready: true, restart count 0&#xA;Sep 19 07:40:41.333: INFO: &#x9;Container helm-repo ready: true, restart count 0&#xA;Sep 19 07:40:41.333: INFO: metering-reader-l7284 started at 2018-09-17 07:14:11 +0000 UTC (1+1 container statuses recorded)&#xA;Sep 19 07:40:41.333: INFO: &#x9;Init container metering-reader-init ready: true, restart count 0&#xA;Sep 19 07:40:41.333: INFO: &#x9;Container metering-reader ready: true, restart count 0&#xA;Sep 19 07:40:41.333: INFO: istio-statsd-prom-bridge-66cb69b666-p76m8 started at 2018-09-17 07:17:29 +0000 UTC (0+1 container statuses recorded)&#xA;Sep 19 07:40:41.333: INFO: &#x9;Container statsd-prom-bridge ready: true, restart count 0&#xA;Sep 19 07:40:41.333: INFO: servicegraph-85578d8fc6-m62z4 started at 2018-09-17 07:17:32 +0000 UTC (0+1 container statuses recorded)&#xA;Sep 19 07:40:41.333: INFO: &#x9;Container servicegraph ready: true, restart count 0&#xA;Sep 19 07:40:41.333: INFO: mgmt-repo-57dc689b74-tmp44 started at 2018-09-17 07:17:51 +0000 UTC (1+2 container statuses recorded)&#xA;Sep 19 07:40:41.333: INFO: &#x9;Init container mgmt-repo-init ready: true, restart count 0&#xA;Sep 19 07:40:41.333: INFO: &#x9;Container audit-service ready: true, restart count 0&#xA;Sep 19 07:40:41.333: INFO: &#x9;Container mgmt-repo ready: true, restart count 0&#xA;Sep 19 07:40:41.333: INFO: istio-egressgateway-54448bcdbd-lhh5c started at 2018-09-17 07:20:07 +0000 UTC (0+1 container statuses recorded)&#xA;Sep 19 07:40:41.333: INFO: &#x9;Container istio-egressgateway ready: true, restart count 0&#xA;Sep 19 07:40:41.333: INFO: istio-ingressgateway-7bc96d6585-4qnc5 started at 2018-09-17 07:24:14 +0000 UTC (0+1 container statuses recorded)&#xA;Sep 19 07:40:41.333: INFO: &#x9;Container istio-ingressgateway ready: true, restart count 0&#xA;Sep 19 07:40:41.333: INFO: istio-telemetry-8b5964dc7-vjqbq started at 2018-09-17 07:27:36 +0000 UTC (0+2 container statuses recorded)&#xA;Sep 19 07:40:41.333: INFO: &#x9;Container istio-proxy ready: true, restart count 0&#xA;Sep 19 07:40:41.333: INFO: &#x9;Container mixer ready: true, restart count 0&#xA;Sep 19 07:40:41.333: INFO: istio-telemetry-8b5964dc7-9q67f started at 2018-09-17 07:31:08 +0000 UTC (0+2 container statuses recorded)&#xA;Sep 19 07:40:41.333: INFO: &#x9;Container istio-proxy ready: true, restart count 0&#xA;Sep 19 07:40:41.333: INFO: &#x9;Container mixer ready: true, restart count 0&#xA;Sep 19 07:40:41.333: INFO: service-catalog-controller-manager-5969cccf86-65phs started at 2018-09-17 07:08:21 +0000 UTC (0+1 container statuses recorded)&#xA;Sep 19 07:40:41.333: INFO: &#x9;Container controller-manager ready: true, restart count 0&#xA;Sep 19 07:40:41.333: INFO: auth-pap-qb5m2 started at 2018-09-17 07:10:20 +0000 UTC (0+1 container statuses recorded)&#xA;Sep 19 07:40:41.334: INFO: &#x9;Container auth-pap ready: true, restart count 0&#xA;Sep 19 07:40:41.334: INFO: istio-pilot-6cf9ccf474-kkb6j started at 2018-09-17 07:17:31 +0000 UTC (0+2 container statuses recorded)&#xA;Sep 19 07:40:41.334: INFO: &#x9;Container discovery ready: true, restart count 0&#xA;Sep 19 07:40:41.334: INFO: &#x9;Container istio-proxy ready: true, restart count 0&#xA;Sep 19 07:40:41.334: INFO: calico-node-m7d5t started at 2018-09-17 07:05:54 +0000 UTC (0+2 container statuses recorded)&#xA;Sep 19 07:40:41.334: INFO: &#x9;Container calico-node ready: true, restart count 0&#xA;Sep 19 07:40:41.334: INFO: &#x9;Container install-cni ready: true, restart count 0&#xA;Sep 19 07:40:41.334: INFO: ibm-cert-manager-cert-manager-74687f689b-7994r started at 2018-09-17 07:07:12 +0000 UTC (0+1 container statuses recorded)&#xA;Sep 19 07:40:41.334: INFO: &#x9;Container ibm-cert-manager ready: true, restart count 0&#xA;Sep 19 07:40:41.334: INFO: nginx-ingress-controller-h5z2v started at 2018-09-17 07:08:28 +0000 UTC (1+1 container statuses recorded)&#xA;Sep 19 07:40:41.334: INFO: &#x9;Init container sysctl ready: true, restart count 0&#xA;Sep 19 07:40:41.334: INFO: &#x9;Container nginx-ingress ready: true, restart count 0&#xA;Sep 19 07:40:41.334: INFO: istio-egressgateway-54448bcdbd-pjbtc started at 2018-09-17 07:28:34 +0000 UTC (0+1 container statuses recorded)&#xA;Sep 19 07:40:41.334: INFO: &#x9;Container istio-egressgateway ready: true, restart count 0&#xA;Sep 19 07:40:41.334: INFO: k8s-master-10.46.6.173 started at &lt;nil&gt; (0+0 container statuses recorded)&#xA;Sep 19 07:40:41.334: INFO: grafana-77676f44f7-c9wr6 started at 2018-09-17 07:17:28 +0000 UTC (0+1 container statuses recorded)&#xA;Sep 19 07:40:41.334: INFO: &#x9;Container grafana ready: true, restart count 1&#xA;Sep 19 07:40:41.334: INFO: security-onboarding-tkf79 started at 2018-09-17 07:18:12 +0000 UTC (0+1 container statuses recorded)&#xA;Sep 19 07:40:41.334: INFO: &#x9;Container security-onboarding ready: false, restart count 0&#xA;Sep 19 07:40:41.334: INFO: istio-egressgateway-54448bcdbd-xmkbc started at 2018-09-17 07:24:11 +0000 UTC (0+1 container statuses recorded)&#xA;Sep 19 07:40:41.334: INFO: &#x9;Container istio-egressgateway ready: true, restart count 0&#xA;Sep 19 07:40:41.334: INFO: tiller-deploy-6b58875cb-5l8kh started at 2018-09-17 07:05:28 +0000 UTC (0+1 container statuses recorded)&#xA;Sep 19 07:40:41.334: INFO: &#x9;Container tiller ready: true, restart count 0&#xA;Sep 19 07:40:41.334: INFO: unified-router-lkwnl started at 2018-09-17 07:15:31 +0000 UTC (0+1 container statuses recorded)&#xA;Sep 19 07:40:41.334: INFO: &#x9;Container unified-router ready: true, restart count 0&#xA;Sep 19 07:40:41.334: INFO: istio-ingressgateway-7bc96d6585-smf45 started at 2018-09-17 07:17:28 +0000 UTC (0+1 container statuses recorded)&#xA;Sep 19 07:40:41.334: INFO: &#x9;Container istio-ingressgateway ready: true, restart count 0&#xA;Sep 19 07:40:41.334: INFO: default-backend-54966589c4-4d47g started at 2018-09-17 07:08:29 +0000 UTC (0+1 container statuses recorded)&#xA;Sep 19 07:40:41.334: INFO: &#x9;Container default-backend ready: true, restart count 0&#xA;Sep 19 07:40:41.334: INFO: platform-ui-6fjgx started at 2018-09-17 07:14:34 +0000 UTC (0+1 container statuses recorded)&#xA;Sep 19 07:40:41.334: INFO: &#x9;Container platform-ui ready: true, restart count 0&#xA;Sep 19 07:40:41.334: INFO: monitoring-prometheus-nodeexporter-f84fv started at 2018-09-17 07:15:45 +0000 UTC (0+2 container statuses recorded)&#xA;Sep 19 07:40:41.334: INFO: &#x9;Container nodeexporter ready: true, restart count 0&#xA;Sep 19 07:40:41.334: INFO: &#x9;Container router ready: true, restart count 0&#xA;Sep 19 07:40:41.334: INFO: prometheus-6f98d89664-wh7pb started at 2018-09-17 07:17:31 +0000 UTC (0+1 container statuses recorded)&#xA;Sep 19 07:40:41.334: INFO: &#x9;Container prometheus ready: true, restart count 0&#xA;Sep 19 07:40:41.334: INFO: vulnerability-advisor-live-crawler-p6khc started at 2018-09-17 07:19:02 +0000 UTC (0+1 container statuses recorded)&#xA;Sep 19 07:40:41.334: INFO: &#x9;Container live-crawler ready: true, restart count 0&#xA;Sep 19 07:40:41.334: INFO: service-catalog-apiserver-967x9 started at 2018-09-17 07:08:20 +0000 UTC (0+1 container statuses recorded)&#xA;Sep 19 07:40:41.334: INFO: &#x9;Container apiserver ready: true, restart count 0&#xA;Sep 19 07:40:41.334: INFO: oidc-client-registration-szxrk started at 2018-09-17 07:10:05 +0000 UTC (0+1 container statuses recorded)&#xA;Sep 19 07:40:41.334: INFO: &#x9;Container oidc-client-registration ready: false, restart count 0&#xA;Sep 19 07:40:41.334: INFO: kiali-7f8c59df94-25qmq started at 2018-09-17 07:17:27 +0000 UTC (0+1 container statuses recorded)&#xA;Sep 19 07:40:41.334: INFO: &#x9;Container kiali ready: true, restart count 0&#xA;Sep 19 07:40:41.334: INFO: kube-dns-mwjc8 started at 2018-09-17 07:06:10 +0000 UTC (0+1 container statuses recorded)&#xA;Sep 19 07:40:41.334: INFO: &#x9;Container kube-dns ready: true, restart count 0&#xA;Sep 19 07:40:41.334: INFO: auth-pdp-tk2jm started at 2018-09-17 07:10:28 +0000 UTC (5+2 container statuses recorded)&#xA;Sep 19 07:40:41.334: INFO: &#x9;Init container init-auth-service ready: true, restart count 0&#xA;Sep 19 07:40:41.334: INFO: &#x9;Init container init-identity-provider ready: true, restart count 0&#xA;Sep 19 07:40:41.334: INFO: &#x9;Init container init-identity-manager ready: true, restart count 0&#xA;Sep 19 07:40:41.334: INFO: &#x9;Init container init-token-service ready: true, restart count 0&#xA;Sep 19 07:40:41.334: INFO: &#x9;Init container init-pap ready: true, restart count 0&#xA;Sep 19 07:40:41.334: INFO: &#x9;Container auth-pdp ready: true, restart count 0&#xA;Sep 19 07:40:41.334: INFO: &#x9;Container icp-audit-service ready: true, restart count 0&#xA;Sep 19 07:40:41.334: INFO: icp-management-ingress-x6qn8 started at 2018-09-17 07:10:36 +0000 UTC (0+1 container statuses recorded)&#xA;Sep 19 07:40:41.334: INFO: &#x9;Container icp-management-ingress ready: true, restart count 0&#xA;Sep 19 07:40:41.334: INFO: istio-egressgateway-54448bcdbd-cqlhf started at 2018-09-17 07:24:11 +0000 UTC (0+1 container statuses recorded)&#xA;Sep 19 07:40:41.334: INFO: &#x9;Container istio-egressgateway ready: true, restart count 0&#xA;Sep 19 07:40:41.432: INFO: &#xA;Latency metrics for node 10.46.6.173&#xA;STEP: Dumping a list of prepulled images on each node to file /tmp/results/image-puller.txt&#xA;Sep 19 07:40:41.449: INFO: Waiting up to 3m0s for all (but 0) nodes to be ready&#xA;STEP: Destroying namespace &#34;e2e-tests-pods-x252g&#34; for this suite.&#xA;Sep 19 07:40:47.524: INFO: Waiting up to 30s for server preferred namespaced resources to be successfully discovered&#xA;Sep 19 07:40:47.596: INFO: namespace: e2e-tests-pods-x252g, resource: bindings, ignored listing per whitelist&#xA;Sep 19 07:40:49.442: INFO: namespace e2e-tests-pods-x252g deletion completed in 7.988008706s&#xA;</system-out>
      </testcase>
      <testcase name="[sig-cli] Kubectl Port forwarding [k8s.io] With a server listening on 0.0.0.0 [k8s.io] that expects a client request should support a client that connects, sends NO DATA, and disconnects" classname="Kubernetes e2e suite" time="0">
          <skipped></skipped>
      </testcase>
      <testcase name="[sig-network] Loadbalancing: L7 GCE [Slow] [Feature:NEG] should sync endpoints to NEG" classname="Kubernetes e2e suite" time="0">
          <skipped></skipped>
      </testcase>
      <testcase name="[sig-storage] HostPath should support existing single file subPath" classname="Kubernetes e2e suite" time="0">
          <skipped></skipped>
      </testcase>
      <testcase name="[sig-network] Services should be able to create a functioning NodePort service" classname="Kubernetes e2e suite" time="0">
          <skipped></skipped>
      </testcase>
      <testcase name="[sig-storage] Subpath [Volume type: nfs] should support readOnly file specified in the volumeMount" classname="Kubernetes e2e suite" time="0">
          <skipped></skipped>
      </testcase>
      <testcase name="[sig-autoscaling] [HPA] Horizontal pod autoscaling (scale resource: CPU) [sig-autoscaling] [Serial] [Slow] ReplicaSet Should scale from 5 pods to 3 pods and from 3 to 1" classname="Kubernetes e2e suite" time="0">
          <skipped></skipped>
      </testcase>
      <testcase name="[sig-scheduling] ResourceQuota should verify ResourceQuota with terminating scopes." classname="Kubernetes e2e suite" time="0">
          <skipped></skipped>
      </testcase>
      <testcase name="[sig-autoscaling] [HPA] Horizontal pod autoscaling (scale resource: CPU) [sig-autoscaling] [Serial] [Slow] ReplicaSet Should scale from 1 pod to 3 pods and from 3 to 5" classname="Kubernetes e2e suite" time="0">
          <skipped></skipped>
      </testcase>
      <testcase name="[sig-apps] Daemon set [Serial] should not update pod when spec was updated and update strategy is OnDelete" classname="Kubernetes e2e suite" time="0">
          <skipped></skipped>
      </testcase>
      <testcase name="[sig-network] Services should be able to change the type from ClusterIP to ExternalName" classname="Kubernetes e2e suite" time="0">
          <skipped></skipped>
      </testcase>
      <testcase name="[sig-storage] PersistentVolumes-local  [Volume type: dir-link] One pod requesting one prebound PVC should be able to mount volume and write from pod1" classname="Kubernetes e2e suite" time="0">
          <skipped></skipped>
      </testcase>
      <testcase name="[sig-network] Firewall rule should have correct firewall rules for e2e cluster" classname="Kubernetes e2e suite" time="0">
          <skipped></skipped>
      </testcase>
      <testcase name="[sig-scheduling] ResourceQuota [Feature:Initializers] should create a ResourceQuota and capture the life of an uninitialized pod." classname="Kubernetes e2e suite" time="0">
          <skipped></skipped>
      </testcase>
      <testcase name="[sig-autoscaling] Cluster size autoscaling [Slow] Should scale up GPU pool from 0 [GpuType:nvidia-tesla-v100] [Feature:ClusterSizeAutoscalingGpu]" classname="Kubernetes e2e suite" time="0">
          <skipped></skipped>
      </testcase>
      <testcase name="[sig-storage] Subpath [Volume type: gcePDPVC] should fail for new directories when readOnly specified in the volumeSource" classname="Kubernetes e2e suite" time="0">
          <skipped></skipped>
      </testcase>
      <testcase name="[sig-network] Services should prevent NodePort collisions" classname="Kubernetes e2e suite" time="0">
          <skipped></skipped>
      </testcase>
      <testcase name="[sig-storage] PersistentVolumes-local  [Volume type: tmpfs] Set fsGroup for local volume should set fsGroup for one pod" classname="Kubernetes e2e suite" time="0">
          <skipped></skipped>
      </testcase>
      <testcase name="[sig-storage] Subpath [Volume type: hostPathSymlink] should support non-existent path" classname="Kubernetes e2e suite" time="0">
          <skipped></skipped>
      </testcase>
      <testcase name="[sig-cluster-lifecycle] Reboot [Disruptive] [Feature:Reboot] each node by switching off the network interface and ensure they function upon switch on" classname="Kubernetes e2e suite" time="0">
          <skipped></skipped>
      </testcase>
      <testcase name="[k8s.io] Probing container should be restarted with a exec &#34;cat /tmp/health&#34; liveness probe [NodeConformance] [Conformance]" classname="Kubernetes e2e suite" time="68.513203051"></testcase>
      <testcase name="[sig-storage] Storage Policy Based Volume Provisioning [Feature:vsphere] verify VSAN storage capability with invalid capability name objectSpaceReserve is not honored for dynamically provisioned pvc using storageclass" classname="Kubernetes e2e suite" time="0">
          <skipped></skipped>
      </testcase>
      <testcase name="[sig-scheduling] SchedulerPredicates [Serial] validates resource limits of pods that are allowed to run  [Conformance]" classname="Kubernetes e2e suite" time="69.343308746">
          <failure type="Failure">/workspace/anago-v1.11.2-beta.0.50+bb9ffb1654d4a7/src/k8s.io/kubernetes/_output/dockerized/go/src/k8s.io/kubernetes/test/e2e/framework/framework.go:684&#xA;Expected error:&#xA;    &lt;*errors.StatusError | 0xc4225782d0&gt;: {&#xA;        ErrStatus: {&#xA;            TypeMeta: {Kind: &#34;&#34;, APIVersion: &#34;&#34;},&#xA;            ListMeta: {SelfLink: &#34;&#34;, ResourceVersion: &#34;&#34;, Continue: &#34;&#34;},&#xA;            Status: &#34;Failure&#34;,&#xA;            Message: &#34;Internal error occurred: admission webhook \&#34;trust.hooks.securityenforcement.admission.cloud.ibm.com\&#34; denied the request: \nDeny \&#34;k8s.gcr.io/pause:3.1\&#34;, no matching repositories in ClusterImagePolicy and no ImagePolicies in the \&#34;e2e-tests-sched-pred-bshdr\&#34; namespace&#34;,&#xA;            Reason: &#34;InternalError&#34;,&#xA;            Details: {&#xA;                Name: &#34;&#34;,&#xA;                Group: &#34;&#34;,&#xA;                Kind: &#34;&#34;,&#xA;                UID: &#34;&#34;,&#xA;                Causes: [&#xA;                    {&#xA;                        Type: &#34;&#34;,&#xA;                        Message: &#34;admission webhook \&#34;trust.hooks.securityenforcement.admission.cloud.ibm.com\&#34; denied the request: \nDeny \&#34;k8s.gcr.io/pause:3.1\&#34;, no matching repositories in ClusterImagePolicy and no ImagePolicies in the \&#34;e2e-tests-sched-pred-bshdr\&#34; namespace&#34;,&#xA;                        Field: &#34;&#34;,&#xA;                    },&#xA;                ],&#xA;                RetryAfterSeconds: 0,&#xA;            },&#xA;            Code: 500,&#xA;        },&#xA;    }&#xA;    Internal error occurred: admission webhook &#34;trust.hooks.securityenforcement.admission.cloud.ibm.com&#34; denied the request: &#xA;    Deny &#34;k8s.gcr.io/pause:3.1&#34;, no matching repositories in ClusterImagePolicy and no ImagePolicies in the &#34;e2e-tests-sched-pred-bshdr&#34; namespace&#xA;not to have occurred&#xA;/workspace/anago-v1.11.2-beta.0.50+bb9ffb1654d4a7/src/k8s.io/kubernetes/_output/dockerized/go/src/k8s.io/kubernetes/test/e2e/scheduling/predicates.go:663</failure>
          <system-out>[BeforeEach] [sig-scheduling] SchedulerPredicates [Serial]&#xA;  /workspace/anago-v1.11.2-beta.0.50+bb9ffb1654d4a7/src/k8s.io/kubernetes/_output/dockerized/go/src/k8s.io/kubernetes/test/e2e/framework/framework.go:141&#xA;STEP: Creating a kubernetes client&#xA;Sep 19 07:41:57.956: INFO: &gt;&gt;&gt; kubeConfig: /tmp/kubeconfig-172917420&#xA;STEP: Building a namespace api object&#xA;STEP: Binding the e2e-test-privileged-psp PodSecurityPolicy to the default service account in e2e-tests-sched-pred-bshdr&#xA;STEP: Waiting for a default service account to be provisioned in namespace&#xA;[BeforeEach] [sig-scheduling] SchedulerPredicates [Serial]&#xA;  /workspace/anago-v1.11.2-beta.0.50+bb9ffb1654d4a7/src/k8s.io/kubernetes/_output/dockerized/go/src/k8s.io/kubernetes/test/e2e/scheduling/predicates.go:80&#xA;Sep 19 07:41:58.322: INFO: Waiting up to 1m0s for all nodes to be ready&#xA;Sep 19 07:42:58.439: INFO: Waiting for terminating namespaces to be deleted...&#xA;Sep 19 07:42:58.445: INFO: Waiting up to 5m0s for all pods (need at least 0) in namespace &#39;kube-system&#39; to be running and ready&#xA;Sep 19 07:42:58.502: INFO: The status of Pod logging-elk-elasticsearch-tls-init-6hnl4 is Succeeded, skipping waiting&#xA;Sep 19 07:42:58.502: INFO: The status of Pod oidc-client-registration-szxrk is Succeeded, skipping waiting&#xA;Sep 19 07:42:58.502: INFO: The status of Pod security-onboarding-tkf79 is Succeeded, skipping waiting&#xA;Sep 19 07:42:58.502: INFO: The status of Pod vulnerability-advisor-minio-cleaner-1537228740-55f4w is Succeeded, skipping waiting&#xA;Sep 19 07:42:58.503: INFO: The status of Pod vulnerability-advisor-minio-cleaner-1537315140-nqk7v is Succeeded, skipping waiting&#xA;Sep 19 07:42:58.503: INFO: The status of Pod vulnerability-advisor-usncrawler-8h976 is Succeeded, skipping waiting&#xA;Sep 19 07:42:58.503: INFO: 103 / 109 pods in namespace &#39;kube-system&#39; are running and ready (0 seconds elapsed)&#xA;Sep 19 07:42:58.503: INFO: expected 45 pod replicas in namespace &#39;kube-system&#39;, 45 are Running and Ready.&#xA;Sep 19 07:42:58.517: INFO: Waiting for pods to enter Success, but no pods in &#34;kube-system&#34; match label map[name:e2e-image-puller]&#xA;Sep 19 07:42:58.518: INFO: &#xA;Logging pods the kubelet thinks is on node 10.46.6.170 before test&#xA;Sep 19 07:42:58.530: INFO: vulnerability-advisor-live-crawler-ccxd7 from kube-system started at 2018-09-17 07:19:03 +0000 UTC (1 container statuses recorded)&#xA;Sep 19 07:42:58.530: INFO: &#x9;Container live-crawler ready: true, restart count 0&#xA;Sep 19 07:42:58.530: INFO: sonobuoy-e2e-job-c3f9b53ea97c48a2 from heptio-sonobuoy started at 2018-09-19 07:22:08 +0000 UTC (2 container statuses recorded)&#xA;Sep 19 07:42:58.530: INFO: &#x9;Container e2e ready: true, restart count 0&#xA;Sep 19 07:42:58.530: INFO: &#x9;Container sonobuoy-worker ready: true, restart count 0&#xA;Sep 19 07:42:58.530: INFO: nvidia-device-plugin-9h2k4 from kube-system started at 2018-09-17 07:07:17 +0000 UTC (1 container statuses recorded)&#xA;Sep 19 07:42:58.530: INFO: &#x9;Container nvidia-device-plugin ready: true, restart count 0&#xA;Sep 19 07:42:58.530: INFO: metering-reader-44wd7 from kube-system started at 2018-09-17 07:14:11 +0000 UTC (1 container statuses recorded)&#xA;Sep 19 07:42:58.530: INFO: &#x9;Container metering-reader ready: true, restart count 0&#xA;Sep 19 07:42:58.531: INFO: vulnerability-advisor-process-ma-crawler-5g4zk from kube-system started at 2018-09-17 07:19:03 +0000 UTC (1 container statuses recorded)&#xA;Sep 19 07:42:58.531: INFO: &#x9;Container process-ma-crawler ready: true, restart count 0&#xA;Sep 19 07:42:58.531: INFO: my-ibm-open-liberty-ibm-7f7d9778d7-7t5jc from kube-system started at 2018-09-17 08:22:24 +0000 UTC (1 container statuses recorded)&#xA;Sep 19 07:42:58.531: INFO: &#x9;Container ibm-open-liberty ready: true, restart count 0&#xA;Sep 19 07:42:58.531: INFO: monitoring-prometheus-nodeexporter-tpbc8 from kube-system started at 2018-09-17 07:15:44 +0000 UTC (2 container statuses recorded)&#xA;Sep 19 07:42:58.531: INFO: &#x9;Container nodeexporter ready: true, restart count 0&#xA;Sep 19 07:42:58.531: INFO: &#x9;Container router ready: true, restart count 0&#xA;Sep 19 07:42:58.531: INFO: audit-logging-fluentd-ds-4cgnk from kube-system started at 2018-09-17 07:18:46 +0000 UTC (1 container statuses recorded)&#xA;Sep 19 07:42:58.531: INFO: &#x9;Container fluentd ready: true, restart count 0&#xA;Sep 19 07:42:58.531: INFO: k8s-proxy-10.46.6.170 from kube-system started at &lt;nil&gt; (0 container statuses recorded)&#xA;Sep 19 07:42:58.531: INFO: calico-node-htf97 from kube-system started at 2018-09-17 07:05:53 +0000 UTC (2 container statuses recorded)&#xA;Sep 19 07:42:58.531: INFO: &#x9;Container calico-node ready: true, restart count 0&#xA;Sep 19 07:42:58.531: INFO: &#x9;Container install-cni ready: true, restart count 0&#xA;Sep 19 07:42:58.531: INFO: logging-elk-filebeat-ds-jtd5q from kube-system started at 2018-09-17 07:15:20 +0000 UTC (1 container statuses recorded)&#xA;Sep 19 07:42:58.531: INFO: &#x9;Container filebeat ready: true, restart count 0&#xA;Sep 19 07:42:58.531: INFO: sonobuoy from heptio-sonobuoy started at 2018-09-19 07:22:02 +0000 UTC (1 container statuses recorded)&#xA;Sep 19 07:42:58.531: INFO: &#x9;Container kube-sonobuoy ready: true, restart count 0&#xA;[It] validates resource limits of pods that are allowed to run  [Conformance]&#xA;  /workspace/anago-v1.11.2-beta.0.50+bb9ffb1654d4a7/src/k8s.io/kubernetes/_output/dockerized/go/src/k8s.io/kubernetes/test/e2e/framework/framework.go:684&#xA;STEP: verifying the node has the label node 10.46.6.170&#xA;Sep 19 07:42:58.643: INFO: Pod sonobuoy requesting resource cpu=0m on Node 10.46.6.170&#xA;Sep 19 07:42:58.643: INFO: Pod sonobuoy-e2e-job-c3f9b53ea97c48a2 requesting resource cpu=0m on Node 10.46.6.170&#xA;Sep 19 07:42:58.643: INFO: Pod audit-logging-fluentd-ds-4cgnk requesting resource cpu=0m on Node 10.46.6.170&#xA;Sep 19 07:42:58.643: INFO: Pod calico-node-htf97 requesting resource cpu=300m on Node 10.46.6.170&#xA;Sep 19 07:42:58.643: INFO: Pod k8s-proxy-10.46.6.170 requesting resource cpu=0m on Node 10.46.6.170&#xA;Sep 19 07:42:58.643: INFO: Pod logging-elk-filebeat-ds-jtd5q requesting resource cpu=0m on Node 10.46.6.170&#xA;Sep 19 07:42:58.643: INFO: Pod metering-reader-44wd7 requesting resource cpu=250m on Node 10.46.6.170&#xA;Sep 19 07:42:58.643: INFO: Pod monitoring-prometheus-nodeexporter-tpbc8 requesting resource cpu=0m on Node 10.46.6.170&#xA;Sep 19 07:42:58.643: INFO: Pod my-ibm-open-liberty-ibm-7f7d9778d7-7t5jc requesting resource cpu=0m on Node 10.46.6.170&#xA;Sep 19 07:42:58.643: INFO: Pod nvidia-device-plugin-9h2k4 requesting resource cpu=0m on Node 10.46.6.170&#xA;Sep 19 07:42:58.643: INFO: Pod vulnerability-advisor-live-crawler-ccxd7 requesting resource cpu=50m on Node 10.46.6.170&#xA;Sep 19 07:42:58.643: INFO: Pod vulnerability-advisor-process-ma-crawler-5g4zk requesting resource cpu=50m on Node 10.46.6.170&#xA;STEP: Starting Pods to consume most of the cluster CPU.&#xA;Sep 19 07:42:58.691: INFO: Unexpected error occurred: Internal error occurred: admission webhook &#34;trust.hooks.securityenforcement.admission.cloud.ibm.com&#34; denied the request: &#xA;Deny &#34;k8s.gcr.io/pause:3.1&#34;, no matching repositories in ClusterImagePolicy and no ImagePolicies in the &#34;e2e-tests-sched-pred-bshdr&#34; namespace&#xA;STEP: removing the label node off the node 10.46.6.170&#xA;STEP: verifying the node doesn&#39;t have the label node&#xA;[AfterEach] [sig-scheduling] SchedulerPredicates [Serial]&#xA;  /workspace/anago-v1.11.2-beta.0.50+bb9ffb1654d4a7/src/k8s.io/kubernetes/_output/dockerized/go/src/k8s.io/kubernetes/test/e2e/framework/framework.go:142&#xA;STEP: Collecting events from namespace &#34;e2e-tests-sched-pred-bshdr&#34;.&#xA;STEP: Found 0 events.&#xA;Sep 19 07:42:58.785: INFO: POD                                                              NODE         PHASE      GRACE  CONDITIONS&#xA;Sep 19 07:42:58.785: INFO: ibm-cert-manager-cert-manager-74687f689b-7994r                   10.46.6.173  Running           [{Initialized True 0001-01-01 00:00:00 +0000 UTC 2018-09-17 07:07:12 +0000 UTC  } {Ready True 0001-01-01 00:00:00 +0000 UTC 2018-09-17 07:07:37 +0000 UTC  } {ContainersReady True 0001-01-01 00:00:00 +0000 UTC 0001-01-01 00:00:00 +0000 UTC  } {PodScheduled True 0001-01-01 00:00:00 +0000 UTC 2018-09-17 07:07:12 +0000 UTC  }]&#xA;Sep 19 07:42:58.785: INFO: sonobuoy                                                         10.46.6.170  Running           [{Initialized True 0001-01-01 00:00:00 +0000 UTC 2018-09-19 07:22:02 +0000 UTC  } {Ready True 0001-01-01 00:00:00 +0000 UTC 2018-09-19 07:22:08 +0000 UTC  } {ContainersReady True 0001-01-01 00:00:00 +0000 UTC 0001-01-01 00:00:00 +0000 UTC  } {PodScheduled True 0001-01-01 00:00:00 +0000 UTC 2018-09-19 07:22:02 +0000 UTC  }]&#xA;Sep 19 07:42:58.785: INFO: sonobuoy-e2e-job-c3f9b53ea97c48a2                                10.46.6.170  Running           [{Initialized True 0001-01-01 00:00:00 +0000 UTC 2018-09-19 07:22:08 +0000 UTC  } {Ready True 0001-01-01 00:00:00 +0000 UTC 2018-09-19 07:22:25 +0000 UTC  } {ContainersReady True 0001-01-01 00:00:00 +0000 UTC 0001-01-01 00:00:00 +0000 UTC  } {PodScheduled True 0001-01-01 00:00:00 +0000 UTC 2018-09-19 07:22:08 +0000 UTC  }]&#xA;Sep 19 07:42:58.785: INFO: grafana-77676f44f7-c9wr6                                         10.46.6.173  Running           [{Initialized True 0001-01-01 00:00:00 +0000 UTC 2018-09-17 07:17:28 +0000 UTC  } {Ready True 0001-01-01 00:00:00 +0000 UTC 2018-09-17 07:20:34 +0000 UTC  } {ContainersReady True 0001-01-01 00:00:00 +0000 UTC 0001-01-01 00:00:00 +0000 UTC  } {PodScheduled True 0001-01-01 00:00:00 +0000 UTC 2018-09-17 07:17:27 +0000 UTC  }]&#xA;Sep 19 07:42:58.785: INFO: istio-citadel-77694dc965-mwqkp                                   10.46.6.173  Running           [{Initialized True 0001-01-01 00:00:00 +0000 UTC 2018-09-17 07:17:31 +0000 UTC  } {Ready True 0001-01-01 00:00:00 +0000 UTC 2018-09-17 07:18:30 +0000 UTC  } {ContainersReady True 0001-01-01 00:00:00 +0000 UTC 0001-01-01 00:00:00 +0000 UTC  } {PodScheduled True 0001-01-01 00:00:00 +0000 UTC 2018-09-17 07:17:28 +0000 UTC  }]&#xA;Sep 19 07:42:58.785: INFO: istio-egressgateway-54448bcdbd-cqlhf                             10.46.6.173  Running           [{Initialized True 0001-01-01 00:00:00 +0000 UTC 2018-09-17 07:24:11 +0000 UTC  } {Ready True 0001-01-01 00:00:00 +0000 UTC 2018-09-17 07:25:19 +0000 UTC  } {ContainersReady True 0001-01-01 00:00:00 +0000 UTC 0001-01-01 00:00:00 +0000 UTC  } {PodScheduled True 0001-01-01 00:00:00 +0000 UTC 2018-09-17 07:24:10 +0000 UTC  }]&#xA;Sep 19 07:42:58.785: INFO: istio-egressgateway-54448bcdbd-f4v6v                             10.46.6.173  Running           [{Initialized True 0001-01-01 00:00:00 +0000 UTC 2018-09-17 07:17:29 +0000 UTC  } {Ready True 0001-01-01 00:00:00 +0000 UTC 2018-09-17 07:18:31 +0000 UTC  } {ContainersReady True 0001-01-01 00:00:00 +0000 UTC 0001-01-01 00:00:00 +0000 UTC  } {PodScheduled True 0001-01-01 00:00:00 +0000 UTC 2018-09-17 07:17:27 +0000 UTC  }]&#xA;Sep 19 07:42:58.785: INFO: istio-egressgateway-54448bcdbd-lhh5c                             10.46.6.173  Running           [{Initialized True 0001-01-01 00:00:00 +0000 UTC 2018-09-17 07:20:07 +0000 UTC  } {Ready True 0001-01-01 00:00:00 +0000 UTC 2018-09-17 07:21:11 +0000 UTC  } {ContainersReady True 0001-01-01 00:00:00 +0000 UTC 0001-01-01 00:00:00 +0000 UTC  } {PodScheduled True 0001-01-01 00:00:00 +0000 UTC 2018-09-17 07:20:06 +0000 UTC  }]&#xA;Sep 19 07:42:58.785: INFO: istio-egressgateway-54448bcdbd-pjbtc                             10.46.6.173  Running           [{Initialized True 0001-01-01 00:00:00 +0000 UTC 2018-09-17 07:28:34 +0000 UTC  } {Ready True 0001-01-01 00:00:00 +0000 UTC 2018-09-17 07:29:40 +0000 UTC  } {ContainersReady True 0001-01-01 00:00:00 +0000 UTC 0001-01-01 00:00:00 +0000 UTC  } {PodScheduled True 0001-01-01 00:00:00 +0000 UTC 2018-09-17 07:28:34 +0000 UTC  }]&#xA;Sep 19 07:42:58.785: INFO: istio-egressgateway-54448bcdbd-xmkbc                             10.46.6.173  Running           [{Initialized True 0001-01-01 00:00:00 +0000 UTC 2018-09-17 07:24:11 +0000 UTC  } {Ready True 0001-01-01 00:00:00 +0000 UTC 2018-09-17 07:25:10 +0000 UTC  } {ContainersReady True 0001-01-01 00:00:00 +0000 UTC 0001-01-01 00:00:00 +0000 UTC  } {PodScheduled True 0001-01-01 00:00:00 +0000 UTC 2018-09-17 07:24:10 +0000 UTC  }]&#xA;Sep 19 07:42:58.786: INFO: istio-galley-687cd96db-hlpng                                     10.46.6.173  Running           [{Initialized True 0001-01-01 00:00:00 +0000 UTC 2018-09-17 07:17:28 +0000 UTC  } {Ready True 0001-01-01 00:00:00 +0000 UTC 2018-09-17 07:18:35 +0000 UTC  } {ContainersReady True 0001-01-01 00:00:00 +0000 UTC 0001-01-01 00:00:00 +0000 UTC  } {PodScheduled True 0001-01-01 00:00:00 +0000 UTC 2018-09-17 07:17:27 +0000 UTC  }]&#xA;Sep 19 07:42:58.786: INFO: istio-ingressgateway-7bc96d6585-4qnc5                            10.46.6.173  Running           [{Initialized True 0001-01-01 00:00:00 +0000 UTC 2018-09-17 07:24:14 +0000 UTC  } {Ready True 0001-01-01 00:00:00 +0000 UTC 2018-09-17 07:25:22 +0000 UTC  } {ContainersReady True 0001-01-01 00:00:00 +0000 UTC 0001-01-01 00:00:00 +0000 UTC  } {PodScheduled True 0001-01-01 00:00:00 +0000 UTC 2018-09-17 07:24:13 +0000 UTC  }]&#xA;Sep 19 07:42:58.786: INFO: istio-ingressgateway-7bc96d6585-c58zx                            10.46.6.173  Running           [{Initialized True 0001-01-01 00:00:00 +0000 UTC 2018-09-17 07:24:15 +0000 UTC  } {Ready True 0001-01-01 00:00:00 +0000 UTC 2018-09-17 07:25:19 +0000 UTC  } {ContainersReady True 0001-01-01 00:00:00 +0000 UTC 0001-01-01 00:00:00 +0000 UTC  } {PodScheduled True 0001-01-01 00:00:00 +0000 UTC 2018-09-17 07:24:14 +0000 UTC  }]&#xA;Sep 19 07:42:58.786: INFO: istio-ingressgateway-7bc96d6585-m567m                            10.46.6.173  Running           [{Initialized True 0001-01-01 00:00:00 +0000 UTC 2018-09-17 07:20:41 +0000 UTC  } {Ready True 0001-01-01 00:00:00 +0000 UTC 2018-09-17 07:21:43 +0000 UTC  } {ContainersReady True 0001-01-01 00:00:00 +0000 UTC 0001-01-01 00:00:00 +0000 UTC  } {PodScheduled True 0001-01-01 00:00:00 +0000 UTC 2018-09-17 07:20:41 +0000 UTC  }]&#xA;Sep 19 07:42:58.786: INFO: istio-ingressgateway-7bc96d6585-r98nr                            10.46.6.173  Running           [{Initialized True 0001-01-01 00:00:00 +0000 UTC 2018-09-17 07:28:10 +0000 UTC  } {Ready True 0001-01-01 00:00:00 +0000 UTC 2018-09-17 07:29:11 +0000 UTC  } {ContainersReady True 0001-01-01 00:00:00 +0000 UTC 0001-01-01 00:00:00 +0000 UTC  } {PodScheduled True 0001-01-01 00:00:00 +0000 UTC 2018-09-17 07:28:09 +0000 UTC  }]&#xA;Sep 19 07:42:58.786: INFO: istio-ingressgateway-7bc96d6585-smf45                            10.46.6.173  Running           [{Initialized True 0001-01-01 00:00:00 +0000 UTC 2018-09-17 07:17:28 +0000 UTC  } {Ready True 0001-01-01 00:00:00 +0000 UTC 2018-09-17 07:18:37 +0000 UTC  } {ContainersReady True 0001-01-01 00:00:00 +0000 UTC 0001-01-01 00:00:00 +0000 UTC  } {PodScheduled True 0001-01-01 00:00:00 +0000 UTC 2018-09-17 07:17:27 +0000 UTC  }]&#xA;Sep 19 07:42:58.786: INFO: istio-pilot-6cf9ccf474-kkb6j                                     10.46.6.173  Running           [{Initialized True 0001-01-01 00:00:00 +0000 UTC 2018-09-17 07:17:31 +0000 UTC  } {Ready True 0001-01-01 00:00:00 +0000 UTC 2018-09-17 07:19:28 +0000 UTC  } {ContainersReady True 0001-01-01 00:00:00 +0000 UTC 0001-01-01 00:00:00 +0000 UTC  } {PodScheduled True 0001-01-01 00:00:00 +0000 UTC 2018-09-17 07:17:27 +0000 UTC  }]&#xA;Sep 19 07:42:58.786: INFO: istio-policy-5b64d7fd64-5l2m9                                    10.46.6.173  Running           [{Initialized True 0001-01-01 00:00:00 +0000 UTC 2018-09-17 07:31:07 +0000 UTC  } {Ready True 0001-01-01 00:00:00 +0000 UTC 2018-09-17 07:31:51 +0000 UTC  } {ContainersReady True 0001-01-01 00:00:00 +0000 UTC 0001-01-01 00:00:00 +0000 UTC  } {PodScheduled True 0001-01-01 00:00:00 +0000 UTC 2018-09-17 07:31:06 +0000 UTC  }]&#xA;Sep 19 07:42:58.786: INFO: istio-policy-5b64d7fd64-fb4bc                                    10.46.6.173  Running           [{Initialized True 0001-01-01 00:00:00 +0000 UTC 2018-09-17 07:27:37 +0000 UTC  } {Ready True 0001-01-01 00:00:00 +0000 UTC 2018-09-17 07:28:39 +0000 UTC  } {ContainersReady True 0001-01-01 00:00:00 +0000 UTC 0001-01-01 00:00:00 +0000 UTC  } {PodScheduled True 0001-01-01 00:00:00 +0000 UTC 2018-09-17 07:27:36 +0000 UTC  }]&#xA;Sep 19 07:42:58.786: INFO: istio-policy-5b64d7fd64-jrlzt                                    10.46.6.173  Running           [{Initialized True 0001-01-01 00:00:00 +0000 UTC 2018-09-17 07:23:11 +0000 UTC  } {Ready True 0001-01-01 00:00:00 +0000 UTC 2018-09-17 07:24:08 +0000 UTC  } {ContainersReady True 0001-01-01 00:00:00 +0000 UTC 0001-01-01 00:00:00 +0000 UTC  } {PodScheduled True 0001-01-01 00:00:00 +0000 UTC 2018-09-17 07:23:10 +0000 UTC  }]&#xA;Sep 19 07:42:58.786: INFO: istio-policy-5b64d7fd64-pt9z2                                    10.46.6.173  Running           [{Initialized True 0001-01-01 00:00:00 +0000 UTC 2018-09-17 07:17:30 +0000 UTC  } {Ready True 0001-01-01 00:00:00 +0000 UTC 2018-09-17 07:19:02 +0000 UTC  } {ContainersReady True 0001-01-01 00:00:00 +0000 UTC 0001-01-01 00:00:00 +0000 UTC  } {PodScheduled True 0001-01-01 00:00:00 +0000 UTC 2018-09-17 07:17:27 +0000 UTC  }]&#xA;Sep 19 07:42:58.786: INFO: istio-policy-5b64d7fd64-z68j4                                    10.46.6.173  Running           [{Initialized True 0001-01-01 00:00:00 +0000 UTC 2018-09-17 07:19:38 +0000 UTC  } {Ready True 0001-01-01 00:00:00 +0000 UTC 2018-09-17 07:20:44 +0000 UTC  } {ContainersReady True 0001-01-01 00:00:00 +0000 UTC 0001-01-01 00:00:00 +0000 UTC  } {PodScheduled True 0001-01-01 00:00:00 +0000 UTC 2018-09-17 07:19:37 +0000 UTC  }]&#xA;Sep 19 07:42:58.786: INFO: istio-sidecar-injector-86d554f5f7-d57zk                          10.46.6.173  Running           [{Initialized True 0001-01-01 00:00:00 +0000 UTC 2018-09-17 07:17:32 +0000 UTC  } {Ready True 0001-01-01 00:00:00 +0000 UTC 2018-09-17 07:18:41 +0000 UTC  } {ContainersReady True 0001-01-01 00:00:00 +0000 UTC 0001-01-01 00:00:00 +0000 UTC  } {PodScheduled True 0001-01-01 00:00:00 +0000 UTC 2018-09-17 07:17:29 +0000 UTC  }]&#xA;Sep 19 07:42:58.786: INFO: istio-statsd-prom-bridge-66cb69b666-p76m8                        10.46.6.173  Running           [{Initialized True 0001-01-01 00:00:00 +0000 UTC 2018-09-17 07:17:29 +0000 UTC  } {Ready True 0001-01-01 00:00:00 +0000 UTC 2018-09-17 07:18:32 +0000 UTC  } {ContainersReady True 0001-01-01 00:00:00 +0000 UTC 0001-01-01 00:00:00 +0000 UTC  } {PodScheduled True 0001-01-01 00:00:00 +0000 UTC 2018-09-17 07:17:27 +0000 UTC  }]&#xA;Sep 19 07:42:58.786: INFO: istio-telemetry-8b5964dc7-9q67f                                  10.46.6.173  Running           [{Initialized True 0001-01-01 00:00:00 +0000 UTC 2018-09-17 07:31:08 +0000 UTC  } {Ready True 0001-01-01 00:00:00 +0000 UTC 2018-09-17 07:32:00 +0000 UTC  } {ContainersReady True 0001-01-01 00:00:00 +0000 UTC 0001-01-01 00:00:00 +0000 UTC  } {PodScheduled True 0001-01-01 00:00:00 +0000 UTC 2018-09-17 07:31:07 +0000 UTC  }]&#xA;Sep 19 07:42:58.786: INFO: istio-telemetry-8b5964dc7-hcf6d                                  10.46.6.173  Running           [{Initialized True 0001-01-01 00:00:00 +0000 UTC 2018-09-17 07:17:29 +0000 UTC  } {Ready True 0001-01-01 00:00:00 +0000 UTC 2018-09-17 07:18:56 +0000 UTC  } {ContainersReady True 0001-01-01 00:00:00 +0000 UTC 0001-01-01 00:00:00 +0000 UTC  } {PodScheduled True 0001-01-01 00:00:00 +0000 UTC 2018-09-17 07:17:27 +0000 UTC  }]&#xA;Sep 19 07:42:58.786: INFO: istio-telemetry-8b5964dc7-nw9kk                                  10.46.6.173  Running           [{Initialized True 0001-01-01 00:00:00 +0000 UTC 2018-09-17 07:23:11 +0000 UTC  } {Ready True 0001-01-01 00:00:00 +0000 UTC 2018-09-17 07:24:19 +0000 UTC  } {ContainersReady True 0001-01-01 00:00:00 +0000 UTC 0001-01-01 00:00:00 +0000 UTC  } {PodScheduled True 0001-01-01 00:00:00 +0000 UTC 2018-09-17 07:23:10 +0000 UTC  }]&#xA;Sep 19 07:42:58.786: INFO: istio-telemetry-8b5964dc7-rfswc                                  10.46.6.173  Running           [{Initialized True 0001-01-01 00:00:00 +0000 UTC 2018-09-17 07:19:39 +0000 UTC  } {Ready True 0001-01-01 00:00:00 +0000 UTC 2018-09-17 07:20:38 +0000 UTC  } {ContainersReady True 0001-01-01 00:00:00 +0000 UTC 0001-01-01 00:00:00 +0000 UTC  } {PodScheduled True 0001-01-01 00:00:00 +0000 UTC 2018-09-17 07:19:38 +0000 UTC  }]&#xA;Sep 19 07:42:58.786: INFO: istio-telemetry-8b5964dc7-vjqbq                                  10.46.6.173  Running           [{Initialized True 0001-01-01 00:00:00 +0000 UTC 2018-09-17 07:27:36 +0000 UTC  } {Ready True 0001-01-01 00:00:00 +0000 UTC 2018-09-17 07:28:21 +0000 UTC  } {ContainersReady True 0001-01-01 00:00:00 +0000 UTC 0001-01-01 00:00:00 +0000 UTC  } {PodScheduled True 0001-01-01 00:00:00 +0000 UTC 2018-09-17 07:27:36 +0000 UTC  }]&#xA;Sep 19 07:42:58.786: INFO: istio-tracing-77ccfc8844-79ngl                                   10.46.6.173  Running           [{Initialized True 0001-01-01 00:00:00 +0000 UTC 2018-09-17 07:17:32 +0000 UTC  } {Ready True 0001-01-01 00:00:00 +0000 UTC 2018-09-17 07:18:08 +0000 UTC  } {ContainersReady True 0001-01-01 00:00:00 +0000 UTC 0001-01-01 00:00:00 +0000 UTC  } {PodScheduled True 0001-01-01 00:00:00 +0000 UTC 2018-09-17 07:17:29 +0000 UTC  }]&#xA;Sep 19 07:42:58.786: INFO: kiali-7f8c59df94-25qmq                                           10.46.6.173  Running           [{Initialized True 0001-01-01 00:00:00 +0000 UTC 2018-09-17 07:17:27 +0000 UTC  } {Ready True 0001-01-01 00:00:00 +0000 UTC 2018-09-17 07:17:56 +0000 UTC  } {ContainersReady True 0001-01-01 00:00:00 +0000 UTC 0001-01-01 00:00:00 +0000 UTC  } {PodScheduled True 0001-01-01 00:00:00 +0000 UTC 2018-09-17 07:17:27 +0000 UTC  }]&#xA;Sep 19 07:42:58.786: INFO: prometheus-6f98d89664-wh7pb                                      10.46.6.173  Running           [{Initialized True 0001-01-01 00:00:00 +0000 UTC 2018-09-17 07:17:31 +0000 UTC  } {Ready True 0001-01-01 00:00:00 +0000 UTC 2018-09-17 07:17:57 +0000 UTC  } {ContainersReady True 0001-01-01 00:00:00 +0000 UTC 0001-01-01 00:00:00 +0000 UTC  } {PodScheduled True 0001-01-01 00:00:00 +0000 UTC 2018-09-17 07:17:28 +0000 UTC  }]&#xA;Sep 19 07:42:58.786: INFO: servicegraph-85578d8fc6-m62z4                                    10.46.6.173  Running           [{Initialized True 0001-01-01 00:00:00 +0000 UTC 2018-09-17 07:17:32 +0000 UTC  } {Ready True 0001-01-01 00:00:00 +0000 UTC 2018-09-17 07:18:22 +0000 UTC  } {ContainersReady True 0001-01-01 00:00:00 +0000 UTC 0001-01-01 00:00:00 +0000 UTC  } {PodScheduled True 0001-01-01 00:00:00 +0000 UTC 2018-09-17 07:17:28 +0000 UTC  }]&#xA;Sep 19 07:42:58.786: INFO: audit-logging-fluentd-ds-4cgnk                                   10.46.6.170  Running           [{Initialized True 0001-01-01 00:00:00 +0000 UTC 2018-09-17 07:18:46 +0000 UTC  } {Ready True 0001-01-01 00:00:00 +0000 UTC 2018-09-17 07:18:50 +0000 UTC  } {ContainersReady True 0001-01-01 00:00:00 +0000 UTC 0001-01-01 00:00:00 +0000 UTC  } {PodScheduled True 0001-01-01 00:00:00 +0000 UTC 2018-09-17 07:18:46 +0000 UTC  }]&#xA;Sep 19 07:42:58.786: INFO: audit-logging-fluentd-ds-8bh4t                                   10.46.6.172  Running           [{Initialized True 0001-01-01 00:00:00 +0000 UTC 2018-09-17 07:18:46 +0000 UTC  } {Ready True 0001-01-01 00:00:00 +0000 UTC 2018-09-17 07:18:56 +0000 UTC  } {ContainersReady True 0001-01-01 00:00:00 +0000 UTC 0001-01-01 00:00:00 +0000 UTC  } {PodScheduled True 0001-01-01 00:00:00 +0000 UTC 2018-09-17 07:18:46 +0000 UTC  }]&#xA;Sep 19 07:42:58.786: INFO: audit-logging-fluentd-ds-bc22k                                   10.46.6.171  Running           [{Initialized True 0001-01-01 00:00:00 +0000 UTC 2018-09-17 07:18:46 +0000 UTC  } {Ready True 0001-01-01 00:00:00 +0000 UTC 2018-09-17 07:18:56 +0000 UTC  } {ContainersReady True 0001-01-01 00:00:00 +0000 UTC 0001-01-01 00:00:00 +0000 UTC  } {PodScheduled True 0001-01-01 00:00:00 +0000 UTC 2018-09-17 07:18:46 +0000 UTC  }]&#xA;Sep 19 07:42:58.786: INFO: audit-logging-fluentd-ds-dhcg6                                   10.46.6.173  Running           [{Initialized True 0001-01-01 00:00:00 +0000 UTC 2018-09-17 07:18:46 +0000 UTC  } {Ready True 0001-01-01 00:00:00 +0000 UTC 2018-09-17 07:19:00 +0000 UTC  } {ContainersReady True 0001-01-01 00:00:00 +0000 UTC 0001-01-01 00:00:00 +0000 UTC  } {PodScheduled True 0001-01-01 00:00:00 +0000 UTC 2018-09-17 07:18:46 +0000 UTC  }]&#xA;Sep 19 07:42:58.786: INFO: auth-apikeys-x45mz                                               10.46.6.173  Running           [{Initialized True 0001-01-01 00:00:00 +0000 UTC 2018-09-17 07:10:12 +0000 UTC  } {Ready True 0001-01-01 00:00:00 +0000 UTC 2018-09-17 07:11:25 +0000 UTC  } {ContainersReady True 0001-01-01 00:00:00 +0000 UTC 0001-01-01 00:00:00 +0000 UTC  } {PodScheduled True 0001-01-01 00:00:00 +0000 UTC 2018-09-17 07:10:12 +0000 UTC  }]&#xA;Sep 19 07:42:58.786: INFO: auth-idp-kjpmx                                                   10.46.6.173  Running           [{Initialized True 0001-01-01 00:00:00 +0000 UTC 2018-09-17 07:10:19 +0000 UTC  } {Ready True 0001-01-01 00:00:00 +0000 UTC 2018-09-19 07:05:52 +0000 UTC  } {ContainersReady True 0001-01-01 00:00:00 +0000 UTC 0001-01-01 00:00:00 +0000 UTC  } {PodScheduled True 0001-01-01 00:00:00 +0000 UTC 2018-09-17 07:10:04 +0000 UTC  }]&#xA;Sep 19 07:42:58.786: INFO: auth-pap-qb5m2                                                   10.46.6.173  Running           [{Initialized True 0001-01-01 00:00:00 +0000 UTC 2018-09-17 07:10:20 +0000 UTC  } {Ready True 0001-01-01 00:00:00 +0000 UTC 2018-09-17 07:10:46 +0000 UTC  } {ContainersReady True 0001-01-01 00:00:00 +0000 UTC 0001-01-01 00:00:00 +0000 UTC  } {PodScheduled True 0001-01-01 00:00:00 +0000 UTC 2018-09-17 07:10:20 +0000 UTC  }]&#xA;Sep 19 07:42:58.786: INFO: auth-pdp-tk2jm                                                   10.46.6.173  Running           [{Initialized True 0001-01-01 00:00:00 +0000 UTC 2018-09-17 07:13:08 +0000 UTC  } {Ready True 0001-01-01 00:00:00 +0000 UTC 2018-09-17 07:13:19 +0000 UTC  } {ContainersReady True 0001-01-01 00:00:00 +0000 UTC 0001-01-01 00:00:00 +0000 UTC  } {PodScheduled True 0001-01-01 00:00:00 +0000 UTC 2018-09-17 07:10:28 +0000 UTC  }]&#xA;Sep 19 07:42:58.786: INFO: calico-kube-controllers-dcb8cc97c-gtsqp                          10.46.6.173  Running           [{Initialized True 0001-01-01 00:00:00 +0000 UTC 2018-09-17 07:05:53 +0000 UTC  } {Ready True 0001-01-01 00:00:00 +0000 UTC 2018-09-17 07:06:04 +0000 UTC  } {ContainersReady True 0001-01-01 00:00:00 +0000 UTC 0001-01-01 00:00:00 +0000 UTC  } {PodScheduled True 0001-01-01 00:00:00 +0000 UTC 2018-09-17 07:05:53 +0000 UTC  }]&#xA;Sep 19 07:42:58.786: INFO: calico-node-gpm2c                                                10.46.6.171  Running           [{Initialized True 0001-01-01 00:00:00 +0000 UTC 2018-09-17 07:05:53 +0000 UTC  } {Ready True 0001-01-01 00:00:00 +0000 UTC 2018-09-17 07:06:11 +0000 UTC  } {ContainersReady True 0001-01-01 00:00:00 +0000 UTC 0001-01-01 00:00:00 +0000 UTC  } {PodScheduled True 0001-01-01 00:00:00 +0000 UTC 2018-09-17 07:05:53 +0000 UTC  }]&#xA;Sep 19 07:42:58.786: INFO: calico-node-htf97                                                10.46.6.170  Running           [{Initialized True 0001-01-01 00:00:00 +0000 UTC 2018-09-17 07:05:53 +0000 UTC  } {Ready True 0001-01-01 00:00:00 +0000 UTC 2018-09-17 07:06:14 +0000 UTC  } {ContainersReady True 0001-01-01 00:00:00 +0000 UTC 0001-01-01 00:00:00 +0000 UTC  } {PodScheduled True 0001-01-01 00:00:00 +0000 UTC 2018-09-17 07:05:53 +0000 UTC  }]&#xA;Sep 19 07:42:58.786: INFO: calico-node-m7d5t                                                10.46.6.173  Running           [{Initialized True 0001-01-01 00:00:00 +0000 UTC 2018-09-17 07:05:54 +0000 UTC  } {Ready True 0001-01-01 00:00:00 +0000 UTC 2018-09-17 07:06:15 +0000 UTC  } {ContainersReady True 0001-01-01 00:00:00 +0000 UTC 0001-01-01 00:00:00 +0000 UTC  } {PodScheduled True 0001-01-01 00:00:00 +0000 UTC 2018-09-17 07:05:54 +0000 UTC  }]&#xA;Sep 19 07:42:58.786: INFO: calico-node-wsknj                                                10.46.6.172  Running           [{Initialized True 0001-01-01 00:00:00 +0000 UTC 2018-09-17 07:05:53 +0000 UTC  } {Ready True 0001-01-01 00:00:00 +0000 UTC 2018-09-17 07:06:17 +0000 UTC  } {ContainersReady True 0001-01-01 00:00:00 +0000 UTC 0001-01-01 00:00:00 +0000 UTC  } {PodScheduled True 0001-01-01 00:00:00 +0000 UTC 2018-09-17 07:05:53 +0000 UTC  }]&#xA;Sep 19 07:42:58.786: INFO: catalog-ui-5rtkh                                                 10.46.6.173  Running           [{Initialized True 0001-01-01 00:00:00 +0000 UTC 2018-09-17 07:15:57 +0000 UTC  } {Ready True 0001-01-01 00:00:00 +0000 UTC 2018-09-17 07:16:11 +0000 UTC  } {ContainersReady True 0001-01-01 00:00:00 +0000 UTC 0001-01-01 00:00:00 +0000 UTC  } {PodScheduled True 0001-01-01 00:00:00 +0000 UTC 2018-09-17 07:15:57 +0000 UTC  }]&#xA;Sep 19 07:42:58.786: INFO: custom-metrics-adapter-64f64964b4-f9gmc                          10.46.6.171  Running           [{Initialized True 0001-01-01 00:00:00 +0000 UTC 2018-09-17 07:17:13 +0000 UTC  } {Ready True 0001-01-01 00:00:00 +0000 UTC 2018-09-17 07:17:51 +0000 UTC  } {ContainersReady True 0001-01-01 00:00:00 +0000 UTC 0001-01-01 00:00:00 +0000 UTC  } {PodScheduled True 0001-01-01 00:00:00 +0000 UTC 2018-09-17 07:14:28 +0000 UTC  }]&#xA;Sep 19 07:42:58.786: INFO: default-backend-54966589c4-4d47g                                 10.46.6.173  Running           [{Initialized True 0001-01-01 00:00:00 +0000 UTC 2018-09-17 07:08:29 +0000 UTC  } {Ready True 0001-01-01 00:00:00 +0000 UTC 2018-09-17 07:08:40 +0000 UTC  } {ContainersReady True 0001-01-01 00:00:00 +0000 UTC 0001-01-01 00:00:00 +0000 UTC  } {PodScheduled True 0001-01-01 00:00:00 +0000 UTC 2018-09-17 07:08:28 +0000 UTC  }]&#xA;Sep 19 07:42:58.786: INFO: heapster-69b486565b-nt26r                                        10.46.6.173  Running           [{Initialized True 0001-01-01 00:00:00 +0000 UTC 2018-09-17 07:13:48 +0000 UTC  } {Ready True 0001-01-01 00:00:00 +0000 UTC 2018-09-17 07:13:58 +0000 UTC  } {ContainersReady True 0001-01-01 00:00:00 +0000 UTC 0001-01-01 00:00:00 +0000 UTC  } {PodScheduled True 0001-01-01 00:00:00 +0000 UTC 2018-09-17 07:13:48 +0000 UTC  }]&#xA;Sep 19 07:42:58.786: INFO: helm-api-fdd886877-6pwm8                                         10.46.6.173  Running           [{Initialized True 0001-01-01 00:00:00 +0000 UTC 2018-09-17 07:16:36 +0000 UTC  } {Ready True 0001-01-01 00:00:00 +0000 UTC 2018-09-17 07:16:58 +0000 UTC  } {ContainersReady True 0001-01-01 00:00:00 +0000 UTC 0001-01-01 00:00:00 +0000 UTC  } {PodScheduled True 0001-01-01 00:00:00 +0000 UTC 2018-09-17 07:16:35 +0000 UTC  }]&#xA;Sep 19 07:42:58.786: INFO: helm-repo-5649f57447-wwdn4                                       10.46.6.173  Running           [{Initialized True 0001-01-01 00:00:00 +0000 UTC 2018-09-17 07:14:04 +0000 UTC  } {Ready True 0001-01-01 00:00:00 +0000 UTC 2018-09-17 07:14:40 +0000 UTC  } {ContainersReady True 0001-01-01 00:00:00 +0000 UTC 0001-01-01 00:00:00 +0000 UTC  } {PodScheduled True 0001-01-01 00:00:00 +0000 UTC 2018-09-17 07:13:53 +0000 UTC  }]&#xA;Sep 19 07:42:58.786: INFO: ibmcloud-image-enforcement-76ddccbf9f-kqmlb                      10.46.6.171  Running           [{Initialized True 0001-01-01 00:00:00 +0000 UTC 2018-09-17 07:14:02 +0000 UTC  } {Ready True 0001-01-01 00:00:00 +0000 UTC 2018-09-17 07:14:07 +0000 UTC  } {ContainersReady True 0001-01-01 00:00:00 +0000 UTC 0001-01-01 00:00:00 +0000 UTC  } {PodScheduled True 0001-01-01 00:00:00 +0000 UTC 2018-09-17 07:14:02 +0000 UTC  }]&#xA;Sep 19 07:42:58.786: INFO: icp-management-ingress-x6qn8                                     10.46.6.173  Running           [{Initialized True 0001-01-01 00:00:00 +0000 UTC 2018-09-17 07:10:36 +0000 UTC  } {Ready True 0001-01-01 00:00:00 +0000 UTC 2018-09-17 07:10:48 +0000 UTC  } {ContainersReady True 0001-01-01 00:00:00 +0000 UTC 0001-01-01 00:00:00 +0000 UTC  } {PodScheduled True 0001-01-01 00:00:00 +0000 UTC 2018-09-17 07:10:36 +0000 UTC  }]&#xA;Sep 19 07:42:58.787: INFO: icp-mongodb-0                                                    10.46.6.173  Running           [{Initialized True 0001-01-01 00:00:00 +0000 UTC 2018-09-17 07:09:00 +0000 UTC  } {Ready True 0001-01-01 00:00:00 +0000 UTC 2018-09-17 07:09:17 +0000 UTC  } {ContainersReady True 0001-01-01 00:00:00 +0000 UTC 0001-01-01 00:00:00 +0000 UTC  } {PodScheduled True 0001-01-01 00:00:00 +0000 UTC 2018-09-17 07:07:41 +0000 UTC  }]&#xA;Sep 19 07:42:58.787: INFO: image-manager-0                                                  10.46.6.173  Running           [{Initialized True 0001-01-01 00:00:00 +0000 UTC 2018-09-17 06:38:56 +0000 UTC  } {Ready True 0001-01-01 00:00:00 +0000 UTC 2018-09-17 06:39:08 +0000 UTC  } {ContainersReady True 0001-01-01 00:00:00 +0000 UTC 0001-01-01 00:00:00 +0000 UTC  } {PodScheduled True 0001-01-01 00:00:00 +0000 UTC 2018-09-17 06:38:56 +0000 UTC  }]&#xA;Sep 19 07:42:58.787: INFO: k8s-etcd-10.46.6.173                                             10.46.6.173  Running           [{Initialized True 0001-01-01 00:00:00 +0000 UTC 2018-09-17 06:35:49 +0000 UTC  } {Ready True 0001-01-01 00:00:00 +0000 UTC 2018-09-17 06:35:54 +0000 UTC  } {ContainersReady True 0001-01-01 00:00:00 +0000 UTC 0001-01-01 00:00:00 +0000 UTC  } {PodScheduled True 0001-01-01 00:00:00 +0000 UTC 2018-09-17 06:35:49 +0000 UTC  }]&#xA;Sep 19 07:42:58.787: INFO: k8s-master-10.46.6.173                                           10.46.6.173  Running           [{Initialized True 0001-01-01 00:00:00 +0000 UTC 2018-09-17 06:37:18 +0000 UTC  } {Ready True 0001-01-01 00:00:00 +0000 UTC 2018-09-17 06:37:26 +0000 UTC  } {ContainersReady True 0001-01-01 00:00:00 +0000 UTC 0001-01-01 00:00:00 +0000 UTC  } {PodScheduled True 0001-01-01 00:00:00 +0000 UTC 2018-09-17 06:37:18 +0000 UTC  }]&#xA;Sep 19 07:42:58.787: INFO: k8s-proxy-10.46.6.170                                            10.46.6.170  Running           [{Initialized True 0001-01-01 00:00:00 +0000 UTC 2018-09-17 07:05:43 +0000 UTC  } {Ready True 0001-01-01 00:00:00 +0000 UTC 2018-09-17 07:05:46 +0000 UTC  } {ContainersReady True 0001-01-01 00:00:00 +0000 UTC 0001-01-01 00:00:00 +0000 UTC  } {PodScheduled True 0001-01-01 00:00:00 +0000 UTC 2018-09-17 07:05:43 +0000 UTC  }]&#xA;Sep 19 07:42:58.787: INFO: k8s-proxy-10.46.6.171                                            10.46.6.171  Running           [{Initialized True 0001-01-01 00:00:00 +0000 UTC 2018-09-17 07:05:44 +0000 UTC  } {Ready True 0001-01-01 00:00:00 +0000 UTC 2018-09-17 07:05:46 +0000 UTC  } {ContainersReady True 0001-01-01 00:00:00 +0000 UTC 0001-01-01 00:00:00 +0000 UTC  } {PodScheduled True 0001-01-01 00:00:00 +0000 UTC 2018-09-17 07:05:44 +0000 UTC  }]&#xA;Sep 19 07:42:58.787: INFO: k8s-proxy-10.46.6.172                                            10.46.6.172  Running           [{Initialized True 0001-01-01 00:00:00 +0000 UTC 2018-09-17 07:05:44 +0000 UTC  } {Ready True 0001-01-01 00:00:00 +0000 UTC 2018-09-17 07:05:48 +0000 UTC  } {ContainersReady True 0001-01-01 00:00:00 +0000 UTC 0001-01-01 00:00:00 +0000 UTC  } {PodScheduled True 0001-01-01 00:00:00 +0000 UTC 2018-09-17 07:05:44 +0000 UTC  }]&#xA;Sep 19 07:42:58.787: INFO: k8s-proxy-10.46.6.173                                            10.46.6.173  Running           [{Initialized True 0001-01-01 00:00:00 +0000 UTC 2018-09-17 06:35:45 +0000 UTC  } {Ready True 0001-01-01 00:00:00 +0000 UTC 2018-09-17 06:35:50 +0000 UTC  } {ContainersReady True 0001-01-01 00:00:00 +0000 UTC 0001-01-01 00:00:00 +0000 UTC  } {PodScheduled True 0001-01-01 00:00:00 +0000 UTC 2018-09-17 06:35:45 +0000 UTC  }]&#xA;Sep 19 07:42:58.787: INFO: kube-dns-mwjc8                                                   10.46.6.173  Running           [{Initialized True 0001-01-01 00:00:00 +0000 UTC 2018-09-17 07:06:10 +0000 UTC  } {Ready True 0001-01-01 00:00:00 +0000 UTC 2018-09-17 07:06:18 +0000 UTC  } {ContainersReady True 0001-01-01 00:00:00 +0000 UTC 0001-01-01 00:00:00 +0000 UTC  } {PodScheduled True 0001-01-01 00:00:00 +0000 UTC 2018-09-17 07:06:10 +0000 UTC  }]&#xA;Sep 19 07:42:58.787: INFO: logging-elk-client-75d4d7994c-7g7fn                              10.46.6.171  Running           [{Initialized True 0001-01-01 00:00:00 +0000 UTC 2018-09-17 07:15:40 +0000 UTC  } {Ready True 0001-01-01 00:00:00 +0000 UTC 2018-09-17 07:16:22 +0000 UTC  } {ContainersReady True 0001-01-01 00:00:00 +0000 UTC 0001-01-01 00:00:00 +0000 UTC  } {PodScheduled True 0001-01-01 00:00:00 +0000 UTC 2018-09-17 07:15:20 +0000 UTC  }]&#xA;Sep 19 07:42:58.787: INFO: logging-elk-data-0                                               10.46.6.171  Running           [{Initialized True 0001-01-01 00:00:00 +0000 UTC 2018-09-17 07:15:47 +0000 UTC  } {Ready True 0001-01-01 00:00:00 +0000 UTC 2018-09-17 07:16:16 +0000 UTC  } {ContainersReady True 0001-01-01 00:00:00 +0000 UTC 0001-01-01 00:00:00 +0000 UTC  } {PodScheduled True 0001-01-01 00:00:00 +0000 UTC 2018-09-17 07:15:20 +0000 UTC  }]&#xA;Sep 19 07:42:58.787: INFO: logging-elk-elasticsearch-tls-init-6hnl4                         10.46.6.171  Succeeded         [{Initialized True 0001-01-01 00:00:00 +0000 UTC 2018-09-17 07:15:20 +0000 UTC PodCompleted } {Ready False 0001-01-01 00:00:00 +0000 UTC 2018-09-17 07:17:46 +0000 UTC PodCompleted } {ContainersReady False 0001-01-01 00:00:00 +0000 UTC 0001-01-01 00:00:00 +0000 UTC PodCompleted } {PodScheduled True 0001-01-01 00:00:00 +0000 UTC 2018-09-17 07:15:20 +0000 UTC  }]&#xA;Sep 19 07:42:58.787: INFO: logging-elk-filebeat-ds-bs86r                                    10.46.6.171  Running           [{Initialized True 0001-01-01 00:00:00 +0000 UTC 2018-09-17 07:15:20 +0000 UTC  } {Ready True 0001-01-01 00:00:00 +0000 UTC 2018-09-17 07:15:42 +0000 UTC  } {ContainersReady True 0001-01-01 00:00:00 +0000 UTC 0001-01-01 00:00:00 +0000 UTC  } {PodScheduled True 0001-01-01 00:00:00 +0000 UTC 2018-09-17 07:15:20 +0000 UTC  }]&#xA;Sep 19 07:42:58.787: INFO: logging-elk-filebeat-ds-jtd5q                                    10.46.6.170  Running           [{Initialized True 0001-01-01 00:00:00 +0000 UTC 2018-09-17 07:15:20 +0000 UTC  } {Ready True 0001-01-01 00:00:00 +0000 UTC 2018-09-17 07:15:37 +0000 UTC  } {ContainersReady True 0001-01-01 00:00:00 +0000 UTC 0001-01-01 00:00:00 +0000 UTC  } {PodScheduled True 0001-01-01 00:00:00 +0000 UTC 2018-09-17 07:15:20 +0000 UTC  }]&#xA;Sep 19 07:42:58.787: INFO: logging-elk-filebeat-ds-qf2vz                                    10.46.6.173  Running           [{Initialized True 0001-01-01 00:00:00 +0000 UTC 2018-09-17 07:15:20 +0000 UTC  } {Ready True 0001-01-01 00:00:00 +0000 UTC 2018-09-17 07:15:39 +0000 UTC  } {ContainersReady True 0001-01-01 00:00:00 +0000 UTC 0001-01-01 00:00:00 +0000 UTC  } {PodScheduled True 0001-01-01 00:00:00 +0000 UTC 2018-09-17 07:15:20 +0000 UTC  }]&#xA;Sep 19 07:42:58.787: INFO: logging-elk-filebeat-ds-vpk48                                    10.46.6.172  Running           [{Initialized True 0001-01-01 00:00:00 +0000 UTC 2018-09-17 07:15:20 +0000 UTC  } {Ready True 0001-01-01 00:00:00 +0000 UTC 2018-09-17 07:15:39 +0000 UTC  } {ContainersReady True 0001-01-01 00:00:00 +0000 UTC 0001-01-01 00:00:00 +0000 UTC  } {PodScheduled True 0001-01-01 00:00:00 +0000 UTC 2018-09-17 07:15:20 +0000 UTC  }]&#xA;Sep 19 07:42:58.787: INFO: logging-elk-kibana-ff4db4866-s2295                               10.46.6.171  Running           [{Initialized True 0001-01-01 00:00:00 +0000 UTC 2018-09-17 07:15:21 +0000 UTC  } {Ready True 0001-01-01 00:00:00 +0000 UTC 2018-09-17 07:15:45 +0000 UTC  } {ContainersReady True 0001-01-01 00:00:00 +0000 UTC 0001-01-01 00:00:00 +0000 UTC  } {PodScheduled True 0001-01-01 00:00:00 +0000 UTC 2018-09-17 07:15:21 +0000 UTC  }]&#xA;Sep 19 07:42:58.787: INFO: logging-elk-logstash-7994656f46-r89mt                            10.46.6.171  Running           [{Initialized True 0001-01-01 00:00:00 +0000 UTC 2018-09-17 07:15:22 +0000 UTC  } {Ready True 0001-01-01 00:00:00 +0000 UTC 2018-09-17 07:16:16 +0000 UTC  } {ContainersReady True 0001-01-01 00:00:00 +0000 UTC 0001-01-01 00:00:00 +0000 UTC  } {PodScheduled True 0001-01-01 00:00:00 +0000 UTC 2018-09-17 07:15:21 +0000 UTC  }]&#xA;Sep 19 07:42:58.787: INFO: logging-elk-master-6cdcf45f7d-gp28f                              10.46.6.171  Running           [{Initialized True 0001-01-01 00:00:00 +0000 UTC 2018-09-17 07:15:47 +0000 UTC  } {Ready True 0001-01-01 00:00:00 +0000 UTC 2018-09-17 07:16:16 +0000 UTC  } {ContainersReady True 0001-01-01 00:00:00 +0000 UTC 0001-01-01 00:00:00 +0000 UTC  } {PodScheduled True 0001-01-01 00:00:00 +0000 UTC 2018-09-17 07:15:21 +0000 UTC  }]&#xA;Sep 19 07:42:58.787: INFO: mariadb-0                                                        10.46.6.173  Running           [{Initialized True 0001-01-01 00:00:00 +0000 UTC 2018-09-17 07:08:38 +0000 UTC  } {Ready True 0001-01-01 00:00:00 +0000 UTC 2018-09-17 07:09:15 +0000 UTC  } {ContainersReady True 0001-01-01 00:00:00 +0000 UTC 0001-01-01 00:00:00 +0000 UTC  } {PodScheduled True 0001-01-01 00:00:00 +0000 UTC 2018-09-17 07:08:37 +0000 UTC  }]&#xA;Sep 19 07:42:58.787: INFO: metering-dm-8b475fc57-cmm6h                                      10.46.6.171  Running           [{Initialized True 0001-01-01 00:00:00 +0000 UTC 2018-09-17 07:14:20 +0000 UTC  } {Ready True 0001-01-01 00:00:00 +0000 UTC 2018-09-17 07:14:49 +0000 UTC  } {ContainersReady True 0001-01-01 00:00:00 +0000 UTC 0001-01-01 00:00:00 +0000 UTC  } {PodScheduled True 0001-01-01 00:00:00 +0000 UTC 2018-09-17 07:14:12 +0000 UTC  }]&#xA;Sep 19 07:42:58.787: INFO: metering-reader-44wd7                                            10.46.6.170  Running           [{Initialized True 0001-01-01 00:00:00 +0000 UTC 2018-09-17 07:14:20 +0000 UTC  } {Ready True 0001-01-01 00:00:00 +0000 UTC 2018-09-17 07:14:46 +0000 UTC  } {ContainersReady True 0001-01-01 00:00:00 +0000 UTC 0001-01-01 00:00:00 +0000 UTC  } {PodScheduled True 0001-01-01 00:00:00 +0000 UTC 2018-09-17 07:14:11 +0000 UTC  }]&#xA;Sep 19 07:42:58.787: INFO: metering-reader-gsrdg                                            10.46.6.172  Running           [{Initialized True 0001-01-01 00:00:00 +0000 UTC 2018-09-17 07:14:23 +0000 UTC  } {Ready True 0001-01-01 00:00:00 +0000 UTC 2018-09-17 07:14:52 +0000 UTC  } {ContainersReady True 0001-01-01 00:00:00 +0000 UTC 0001-01-01 00:00:00 +0000 UTC  } {PodScheduled True 0001-01-01 00:00:00 +0000 UTC 2018-09-17 07:14:11 +0000 UTC  }]&#xA;Sep 19 07:42:58.787: INFO: metering-reader-l7284                                            10.46.6.173  Running           [{Initialized True 0001-01-01 00:00:00 +0000 UTC 2018-09-17 07:14:24 +0000 UTC  } {Ready True 0001-01-01 00:00:00 +0000 UTC 2018-09-17 07:14:45 +0000 UTC  } {ContainersReady True 0001-01-01 00:00:00 +0000 UTC 0001-01-01 00:00:00 +0000 UTC  } {PodScheduled True 0001-01-01 00:00:00 +0000 UTC 2018-09-17 07:14:11 +0000 UTC  }]&#xA;Sep 19 07:42:58.787: INFO: metering-reader-xq8f2                                            10.46.6.171  Running           [{Initialized True 0001-01-01 00:00:00 +0000 UTC 2018-09-17 07:14:23 +0000 UTC  } {Ready True 0001-01-01 00:00:00 +0000 UTC 2018-09-17 07:14:55 +0000 UTC  } {ContainersReady True 0001-01-01 00:00:00 +0000 UTC 0001-01-01 00:00:00 +0000 UTC  } {PodScheduled True 0001-01-01 00:00:00 +0000 UTC 2018-09-17 07:14:11 +0000 UTC  }]&#xA;Sep 19 07:42:58.787: INFO: metering-ui-5bbfbb5d49-wkh8m                                     10.46.6.171  Running           [{Initialized True 0001-01-01 00:00:00 +0000 UTC 2018-09-17 07:14:22 +0000 UTC  } {Ready True 0001-01-01 00:00:00 +0000 UTC 2018-09-17 07:14:55 +0000 UTC  } {ContainersReady True 0001-01-01 00:00:00 +0000 UTC 0001-01-01 00:00:00 +0000 UTC  } {PodScheduled True 0001-01-01 00:00:00 +0000 UTC 2018-09-17 07:14:12 +0000 UTC  }]&#xA;Sep 19 07:42:58.787: INFO: metrics-server-6d6695f9db-8t4xs                                  10.46.6.171  Running           [{Initialized True 0001-01-01 00:00:00 +0000 UTC 2018-09-17 07:08:51 +0000 UTC  } {Ready True 0001-01-01 00:00:00 +0000 UTC 2018-09-17 07:08:55 +0000 UTC  } {ContainersReady True 0001-01-01 00:00:00 +0000 UTC 0001-01-01 00:00:00 +0000 UTC  } {PodScheduled True 0001-01-01 00:00:00 +0000 UTC 2018-09-17 07:08:51 +0000 UTC  }]&#xA;Sep 19 07:42:58.787: INFO: mgmt-repo-57dc689b74-tmp44                                       10.46.6.173  Running           [{Initialized True 0001-01-01 00:00:00 +0000 UTC 2018-09-17 07:18:10 +0000 UTC  } {Ready True 0001-01-01 00:00:00 +0000 UTC 2018-09-17 07:18:54 +0000 UTC  } {ContainersReady True 0001-01-01 00:00:00 +0000 UTC 0001-01-01 00:00:00 +0000 UTC  } {PodScheduled True 0001-01-01 00:00:00 +0000 UTC 2018-09-17 07:17:50 +0000 UTC  }]&#xA;Sep 19 07:42:58.787: INFO: monitoring-grafana-548b947c8c-dh89z                              10.46.6.171  Running           [{Initialized True 0001-01-01 00:00:00 +0000 UTC 2018-09-17 07:16:14 +0000 UTC  } {Ready True 0001-01-01 00:00:00 +0000 UTC 2018-09-17 07:16:59 +0000 UTC  } {ContainersReady True 0001-01-01 00:00:00 +0000 UTC 0001-01-01 00:00:00 +0000 UTC  } {PodScheduled True 0001-01-01 00:00:00 +0000 UTC 2018-09-17 07:15:46 +0000 UTC  }]&#xA;Sep 19 07:42:58.787: INFO: monitoring-prometheus-6677d7c77f-pnpt5                           10.46.6.171  Running           [{Initialized True 0001-01-01 00:00:00 +0000 UTC 2018-09-17 07:16:14 +0000 UTC  } {Ready True 0001-01-01 00:00:00 +0000 UTC 2018-09-17 07:17:03 +0000 UTC  } {ContainersReady True 0001-01-01 00:00:00 +0000 UTC 0001-01-01 00:00:00 +0000 UTC  } {PodScheduled True 0001-01-01 00:00:00 +0000 UTC 2018-09-17 07:15:45 +0000 UTC  }]&#xA;Sep 19 07:42:58.787: INFO: monitoring-prometheus-alertmanager-7d8749dbb8-xj68d              10.46.6.171  Running           [{Initialized True 0001-01-01 00:00:00 +0000 UTC 2018-09-17 07:15:46 +0000 UTC  } {Ready True 0001-01-01 00:00:00 +0000 UTC 2018-09-17 07:16:45 +0000 UTC  } {ContainersReady True 0001-01-01 00:00:00 +0000 UTC 0001-01-01 00:00:00 +0000 UTC  } {PodScheduled True 0001-01-01 00:00:00 +0000 UTC 2018-09-17 07:15:45 +0000 UTC  }]&#xA;Sep 19 07:42:58.787: INFO: monitoring-prometheus-collectdexporter-77575678dc-v8n2l          10.46.6.171  Running           [{Initialized True 0001-01-01 00:00:00 +0000 UTC 2018-09-17 07:15:46 +0000 UTC  } {Ready True 0001-01-01 00:00:00 +0000 UTC 2018-09-17 07:16:42 +0000 UTC  } {ContainersReady True 0001-01-01 00:00:00 +0000 UTC 0001-01-01 00:00:00 +0000 UTC  } {PodScheduled True 0001-01-01 00:00:00 +0000 UTC 2018-09-17 07:15:45 +0000 UTC  }]&#xA;Sep 19 07:42:58.787: INFO: monitoring-prometheus-elasticsearchexporter-655864cccb-c6tps     10.46.6.171  Running           [{Initialized True 0001-01-01 00:00:00 +0000 UTC 2018-09-17 07:15:46 +0000 UTC  } {Ready True 0001-01-01 00:00:00 +0000 UTC 2018-09-17 07:16:52 +0000 UTC  } {ContainersReady True 0001-01-01 00:00:00 +0000 UTC 0001-01-01 00:00:00 +0000 UTC  } {PodScheduled True 0001-01-01 00:00:00 +0000 UTC 2018-09-17 07:15:45 +0000 UTC  }]&#xA;Sep 19 07:42:58.787: INFO: monitoring-prometheus-kubestatemetrics-54dcbb6cfb-76zmm          10.46.6.171  Running           [{Initialized True 0001-01-01 00:00:00 +0000 UTC 2018-09-17 07:15:45 +0000 UTC  } {Ready True 0001-01-01 00:00:00 +0000 UTC 2018-09-17 07:16:34 +0000 UTC  } {ContainersReady True 0001-01-01 00:00:00 +0000 UTC 0001-01-01 00:00:00 +0000 UTC  } {PodScheduled True 0001-01-01 00:00:00 +0000 UTC 2018-09-17 07:15:45 +0000 UTC  }]&#xA;Sep 19 07:42:58.787: INFO: monitoring-prometheus-nodeexporter-9fnpb                         10.46.6.171  Running           [{Initialized True 0001-01-01 00:00:00 +0000 UTC 2018-09-17 07:15:44 +0000 UTC  } {Ready True 0001-01-01 00:00:00 +0000 UTC 2018-09-17 07:16:44 +0000 UTC  } {ContainersReady True 0001-01-01 00:00:00 +0000 UTC 0001-01-01 00:00:00 +0000 UTC  } {PodScheduled True 0001-01-01 00:00:00 +0000 UTC 2018-09-17 07:15:44 +0000 UTC  }]&#xA;Sep 19 07:42:58.787: INFO: monitoring-prometheus-nodeexporter-f84fv                         10.46.6.173  Running           [{Initialized True 0001-01-01 00:00:00 +0000 UTC 2018-09-17 07:15:45 +0000 UTC  } {Ready True 0001-01-01 00:00:00 +0000 UTC 2018-09-17 07:16:28 +0000 UTC  } {ContainersReady True 0001-01-01 00:00:00 +0000 UTC 0001-01-01 00:00:00 +0000 UTC  } {PodScheduled True 0001-01-01 00:00:00 +0000 UTC 2018-09-17 07:15:45 +0000 UTC  }]&#xA;Sep 19 07:42:58.787: INFO: monitoring-prometheus-nodeexporter-tpbc8                         10.46.6.170  Running           [{Initialized True 0001-01-01 00:00:00 +0000 UTC 2018-09-17 07:15:44 +0000 UTC  } {Ready True 0001-01-01 00:00:00 +0000 UTC 2018-09-17 07:16:27 +0000 UTC  } {ContainersReady True 0001-01-01 00:00:00 +0000 UTC 0001-01-01 00:00:00 +0000 UTC  } {PodScheduled True 0001-01-01 00:00:00 +0000 UTC 2018-09-17 07:15:44 +0000 UTC  }]&#xA;Sep 19 07:42:58.787: INFO: monitoring-prometheus-nodeexporter-v4l7d                         10.46.6.172  Running           [{Initialized True 0001-01-01 00:00:00 +0000 UTC 2018-09-17 07:15:44 +0000 UTC  } {Ready True 0001-01-01 00:00:00 +0000 UTC 2018-09-17 07:16:31 +0000 UTC  } {ContainersReady True 0001-01-01 00:00:00 +0000 UTC 0001-01-01 00:00:00 +0000 UTC  } {PodScheduled True 0001-01-01 00:00:00 +0000 UTC 2018-09-17 07:15:44 +0000 UTC  }]&#xA;Sep 19 07:42:58.787: INFO: my-ibm-open-liberty-ibm-7f7d9778d7-7t5jc                         10.46.6.170  Running           [{Initialized True 0001-01-01 00:00:00 +0000 UTC 2018-09-17 08:22:24 +0000 UTC  } {Ready True 0001-01-01 00:00:00 +0000 UTC 2018-09-17 08:23:21 +0000 UTC  } {ContainersReady True 0001-01-01 00:00:00 +0000 UTC 0001-01-01 00:00:00 +0000 UTC  } {PodScheduled True 0001-01-01 00:00:00 +0000 UTC 2018-09-17 08:22:24 +0000 UTC  }]&#xA;Sep 19 07:42:58.787: INFO: nginx-ingress-controller-h5z2v                                   10.46.6.173  Running           [{Initialized True 0001-01-01 00:00:00 +0000 UTC 2018-09-17 07:08:39 +0000 UTC  } {Ready True 0001-01-01 00:00:00 +0000 UTC 2018-09-17 07:08:54 +0000 UTC  } {ContainersReady True 0001-01-01 00:00:00 +0000 UTC 0001-01-01 00:00:00 +0000 UTC  } {PodScheduled True 0001-01-01 00:00:00 +0000 UTC 2018-09-17 07:08:28 +0000 UTC  }]&#xA;Sep 19 07:42:58.787: INFO: nvidia-device-plugin-9h2k4                                       10.46.6.170  Running           [{Initialized True 0001-01-01 00:00:00 +0000 UTC 2018-09-17 07:07:23 +0000 UTC  } {Ready True 0001-01-01 00:00:00 +0000 UTC 2018-09-17 07:07:24 +0000 UTC  } {ContainersReady True 0001-01-01 00:00:00 +0000 UTC 0001-01-01 00:00:00 +0000 UTC  } {PodScheduled True 0001-01-01 00:00:00 +0000 UTC 2018-09-17 07:07:17 +0000 UTC  }]&#xA;Sep 19 07:42:58.787: INFO: nvidia-device-plugin-nh54k                                       10.46.6.173  Running           [{Initialized True 0001-01-01 00:00:00 +0000 UTC 2018-09-17 07:07:29 +0000 UTC  } {Ready True 0001-01-01 00:00:00 +0000 UTC 2018-09-17 07:07:33 +0000 UTC  } {ContainersReady True 0001-01-01 00:00:00 +0000 UTC 0001-01-01 00:00:00 +0000 UTC  } {PodScheduled True 0001-01-01 00:00:00 +0000 UTC 2018-09-17 07:07:17 +0000 UTC  }]&#xA;Sep 19 07:42:58.787: INFO: nvidia-device-plugin-vh85n                                       10.46.6.171  Running           [{Initialized True 0001-01-01 00:00:00 +0000 UTC 2018-09-17 07:07:21 +0000 UTC  } {Ready True 0001-01-01 00:00:00 +0000 UTC 2018-09-17 07:07:23 +0000 UTC  } {ContainersReady True 0001-01-01 00:00:00 +0000 UTC 0001-01-01 00:00:00 +0000 UTC  } {PodScheduled True 0001-01-01 00:00:00 +0000 UTC 2018-09-17 07:07:17 +0000 UTC  }]&#xA;Sep 19 07:42:58.787: INFO: nvidia-device-plugin-w9jr8                                       10.46.6.172  Running           [{Initialized True 0001-01-01 00:00:00 +0000 UTC 2018-09-17 07:07:24 +0000 UTC  } {Ready True 0001-01-01 00:00:00 +0000 UTC 2018-09-17 07:07:26 +0000 UTC  } {ContainersReady True 0001-01-01 00:00:00 +0000 UTC 0001-01-01 00:00:00 +0000 UTC  } {PodScheduled True 0001-01-01 00:00:00 +0000 UTC 2018-09-17 07:07:17 +0000 UTC  }]&#xA;Sep 19 07:42:58.787: INFO: oidc-client-registration-szxrk                                   10.46.6.173  Succeeded         [{Initialized True 0001-01-01 00:00:00 +0000 UTC 2018-09-17 07:10:05 +0000 UTC PodCompleted } {Ready False 0001-01-01 00:00:00 +0000 UTC 2018-09-17 07:12:27 +0000 UTC PodCompleted } {ContainersReady False 0001-01-01 00:00:00 +0000 UTC 0001-01-01 00:00:00 +0000 UTC PodCompleted } {PodScheduled True 0001-01-01 00:00:00 +0000 UTC 2018-09-17 07:10:04 +0000 UTC  }]&#xA;Sep 19 07:42:58.787: INFO: platform-api-2fs4x                                               10.46.6.173  Running           [{Initialized True 0001-01-01 00:00:00 +0000 UTC 2018-09-17 07:08:45 +0000 UTC  } {Ready True 0001-01-01 00:00:00 +0000 UTC 2018-09-17 07:16:29 +0000 UTC  } {ContainersReady True 0001-01-01 00:00:00 +0000 UTC 0001-01-01 00:00:00 +0000 UTC  } {PodScheduled True 0001-01-01 00:00:00 +0000 UTC 2018-09-17 07:08:45 +0000 UTC  }]&#xA;Sep 19 07:42:58.787: INFO: platform-deploy-dbbks                                            10.46.6.173  Running           [{Initialized True 0001-01-01 00:00:00 +0000 UTC 2018-09-17 07:08:45 +0000 UTC  } {Ready True 0001-01-01 00:00:00 +0000 UTC 2018-09-17 07:08:57 +0000 UTC  } {ContainersReady True 0001-01-01 00:00:00 +0000 UTC 0001-01-01 00:00:00 +0000 UTC  } {PodScheduled True 0001-01-01 00:00:00 +0000 UTC 2018-09-17 07:08:45 +0000 UTC  }]&#xA;Sep 19 07:42:58.788: INFO: platform-ui-6fjgx                                                10.46.6.173  Running           [{Initialized True 0001-01-01 00:00:00 +0000 UTC 2018-09-17 07:14:34 +0000 UTC  } {Ready True 0001-01-01 00:00:00 +0000 UTC 2018-09-17 07:15:20 +0000 UTC  } {ContainersReady True 0001-01-01 00:00:00 +0000 UTC 0001-01-01 00:00:00 +0000 UTC  } {PodScheduled True 0001-01-01 00:00:00 +0000 UTC 2018-09-17 07:14:34 +0000 UTC  }]&#xA;Sep 19 07:42:58.788: INFO: secret-watcher-5f59fcbc69-pfnfk                                  10.46.6.173  Running           [{Initialized True 0001-01-01 00:00:00 +0000 UTC 2018-09-17 07:18:05 +0000 UTC  } {Ready True 0001-01-01 00:00:00 +0000 UTC 2018-09-17 07:18:30 +0000 UTC  } {ContainersReady True 0001-01-01 00:00:00 +0000 UTC 0001-01-01 00:00:00 +0000 UTC  } {PodScheduled True 0001-01-01 00:00:00 +0000 UTC 2018-09-17 07:18:04 +0000 UTC  }]&#xA;Sep 19 07:42:58.788: INFO: security-onboarding-tkf79                                        10.46.6.173  Succeeded         [{Initialized True 0001-01-01 00:00:00 +0000 UTC 2018-09-17 07:18:12 +0000 UTC PodCompleted } {Ready False 0001-01-01 00:00:00 +0000 UTC 2018-09-17 07:20:02 +0000 UTC PodCompleted } {ContainersReady False 0001-01-01 00:00:00 +0000 UTC 0001-01-01 00:00:00 +0000 UTC PodCompleted } {PodScheduled True 0001-01-01 00:00:00 +0000 UTC 2018-09-17 07:18:12 +0000 UTC  }]&#xA;Sep 19 07:42:58.788: INFO: service-catalog-apiserver-967x9                                  10.46.6.173  Running           [{Initialized True 0001-01-01 00:00:00 +0000 UTC 2018-09-17 07:08:20 +0000 UTC  } {Ready True 0001-01-01 00:00:00 +0000 UTC 2018-09-17 07:09:01 +0000 UTC  } {ContainersReady True 0001-01-01 00:00:00 +0000 UTC 0001-01-01 00:00:00 +0000 UTC  } {PodScheduled True 0001-01-01 00:00:00 +0000 UTC 2018-09-17 07:08:20 +0000 UTC  }]&#xA;Sep 19 07:42:58.788: INFO: service-catalog-controller-manager-5969cccf86-65phs              10.46.6.173  Running           [{Initialized True 0001-01-01 00:00:00 +0000 UTC 2018-09-17 07:08:21 +0000 UTC  } {Ready True 0001-01-01 00:00:00 +0000 UTC 2018-09-17 07:08:34 +0000 UTC  } {ContainersReady True 0001-01-01 00:00:00 +0000 UTC 0001-01-01 00:00:00 +0000 UTC  } {PodScheduled True 0001-01-01 00:00:00 +0000 UTC 2018-09-17 07:08:20 +0000 UTC  }]&#xA;Sep 19 07:42:58.788: INFO: tiller-deploy-6b58875cb-5l8kh                                    10.46.6.173  Running           [{Initialized True 0001-01-01 00:00:00 +0000 UTC 2018-09-17 07:05:28 +0000 UTC  } {Ready True 0001-01-01 00:00:00 +0000 UTC 2018-09-17 07:05:43 +0000 UTC  } {ContainersReady True 0001-01-01 00:00:00 +0000 UTC 0001-01-01 00:00:00 +0000 UTC  } {PodScheduled True 0001-01-01 00:00:00 +0000 UTC 2018-09-17 07:05:28 +0000 UTC  }]&#xA;Sep 19 07:42:58.788: INFO: unified-router-lkwnl                                             10.46.6.173  Running           [{Initialized True 0001-01-01 00:00:00 +0000 UTC 2018-09-17 07:15:31 +0000 UTC  } {Ready True 0001-01-01 00:00:00 +0000 UTC 2018-09-17 07:15:40 +0000 UTC  } {ContainersReady True 0001-01-01 00:00:00 +0000 UTC 0001-01-01 00:00:00 +0000 UTC  } {PodScheduled True 0001-01-01 00:00:00 +0000 UTC 2018-09-17 07:15:31 +0000 UTC  }]&#xA;Sep 19 07:42:58.788: INFO: vulnerability-advisor-compliance-annotator-d5659b9d9-kmn8q       10.46.6.172  Running           [{Initialized True 0001-01-01 00:00:00 +0000 UTC 2018-09-17 07:19:03 +0000 UTC  } {Ready True 0001-01-01 00:00:00 +0000 UTC 2018-09-17 07:21:08 +0000 UTC  } {ContainersReady True 0001-01-01 00:00:00 +0000 UTC 0001-01-01 00:00:00 +0000 UTC  } {PodScheduled True 0001-01-01 00:00:00 +0000 UTC 2018-09-17 07:19:03 +0000 UTC  }]&#xA;Sep 19 07:42:58.788: INFO: vulnerability-advisor-compliance-indexer-7cbdc64b57-47lmd        10.46.6.172  Running           [{Initialized True 0001-01-01 00:00:00 +0000 UTC 2018-09-17 07:19:07 +0000 UTC  } {Ready True 0001-01-01 00:00:00 +0000 UTC 2018-09-17 07:19:33 +0000 UTC  } {ContainersReady True 0001-01-01 00:00:00 +0000 UTC 0001-01-01 00:00:00 +0000 UTC  } {PodScheduled True 0001-01-01 00:00:00 +0000 UTC 2018-09-17 07:19:06 +0000 UTC  }]&#xA;Sep 19 07:42:58.788: INFO: vulnerability-advisor-config-parser-5d44b78fd5-z4k9t             10.46.6.172  Running           [{Initialized True 0001-01-01 00:00:00 +0000 UTC 2018-09-17 07:19:04 +0000 UTC  } {Ready True 0001-01-01 00:00:00 +0000 UTC 2018-09-17 07:21:09 +0000 UTC  } {ContainersReady True 0001-01-01 00:00:00 +0000 UTC 0001-01-01 00:00:00 +0000 UTC  } {PodScheduled True 0001-01-01 00:00:00 +0000 UTC 2018-09-17 07:19:03 +0000 UTC  }]&#xA;Sep 19 07:42:58.788: INFO: vulnerability-advisor-cos-indexer-57899b7dd6-7cpf8               10.46.6.172  Running           [{Initialized True 0001-01-01 00:00:00 +0000 UTC 2018-09-17 07:19:04 +0000 UTC  } {Ready True 0001-01-01 00:00:00 +0000 UTC 2018-09-19 07:20:04 +0000 UTC  } {ContainersReady True 0001-01-01 00:00:00 +0000 UTC 0001-01-01 00:00:00 +0000 UTC  } {PodScheduled True 0001-01-01 00:00:00 +0000 UTC 2018-09-17 07:19:04 +0000 UTC  }]&#xA;Sep 19 07:42:58.788: INFO: vulnerability-advisor-kafka-0                                    10.46.6.172  Running           [{Initialized True 0001-01-01 00:00:00 +0000 UTC 2018-09-17 07:19:13 +0000 UTC  } {Ready True 0001-01-01 00:00:00 +0000 UTC 2018-09-17 07:20:53 +0000 UTC  } {ContainersReady True 0001-01-01 00:00:00 +0000 UTC 0001-01-01 00:00:00 +0000 UTC  } {PodScheduled True 0001-01-01 00:00:00 +0000 UTC 2018-09-17 07:19:13 +0000 UTC  }]&#xA;Sep 19 07:42:58.788: INFO: vulnerability-advisor-live-crawler-84st2                         10.46.6.172  Running           [{Initialized True 0001-01-01 00:00:00 +0000 UTC 2018-09-17 07:19:03 +0000 UTC  } {Ready True 0001-01-01 00:00:00 +0000 UTC 2018-09-17 07:19:26 +0000 UTC  } {ContainersReady True 0001-01-01 00:00:00 +0000 UTC 0001-01-01 00:00:00 +0000 UTC  } {PodScheduled True 0001-01-01 00:00:00 +0000 UTC 2018-09-17 07:19:03 +0000 UTC  }]&#xA;Sep 19 07:42:58.788: INFO: vulnerability-advisor-live-crawler-ccxd7                         10.46.6.170  Running           [{Initialized True 0001-01-01 00:00:00 +0000 UTC 2018-09-17 07:19:03 +0000 UTC  } {Ready True 0001-01-01 00:00:00 +0000 UTC 2018-09-17 07:19:14 +0000 UTC  } {ContainersReady True 0001-01-01 00:00:00 +0000 UTC 0001-01-01 00:00:00 +0000 UTC  } {PodScheduled True 0001-01-01 00:00:00 +0000 UTC 2018-09-17 07:19:03 +0000 UTC  }]&#xA;Sep 19 07:42:58.788: INFO: vulnerability-advisor-live-crawler-p6khc                         10.46.6.173  Running           [{Initialized True 0001-01-01 00:00:00 +0000 UTC 2018-09-17 07:19:02 +0000 UTC  } {Ready True 0001-01-01 00:00:00 +0000 UTC 2018-09-17 07:19:22 +0000 UTC  } {ContainersReady True 0001-01-01 00:00:00 +0000 UTC 0001-01-01 00:00:00 +0000 UTC  } {PodScheduled True 0001-01-01 00:00:00 +0000 UTC 2018-09-17 07:19:02 +0000 UTC  }]&#xA;Sep 19 07:42:58.788: INFO: vulnerability-advisor-live-crawler-xxz8p                         10.46.6.171  Running           [{Initialized True 0001-01-01 00:00:00 +0000 UTC 2018-09-17 07:19:03 +0000 UTC  } {Ready True 0001-01-01 00:00:00 +0000 UTC 2018-09-17 07:19:18 +0000 UTC  } {ContainersReady True 0001-01-01 00:00:00 +0000 UTC 0001-01-01 00:00:00 +0000 UTC  } {PodScheduled True 0001-01-01 00:00:00 +0000 UTC 2018-09-17 07:19:03 +0000 UTC  }]&#xA;Sep 19 07:42:58.788: INFO: vulnerability-advisor-ma-file-annotator-6b95df8886-jtczz         10.46.6.172  Running           [{Initialized True 0001-01-01 00:00:00 +0000 UTC 2018-09-17 07:19:04 +0000 UTC  } {Ready True 0001-01-01 00:00:00 +0000 UTC 2018-09-17 07:23:32 +0000 UTC  } {ContainersReady True 0001-01-01 00:00:00 +0000 UTC 0001-01-01 00:00:00 +0000 UTC  } {PodScheduled True 0001-01-01 00:00:00 +0000 UTC 2018-09-17 07:19:04 +0000 UTC  }]&#xA;Sep 19 07:42:58.788: INFO: vulnerability-advisor-minio-0                                    10.46.6.172  Running           [{Initialized True 0001-01-01 00:00:00 +0000 UTC 2018-09-17 07:21:51 +0000 UTC  } {Ready True 0001-01-01 00:00:00 +0000 UTC 2018-09-17 07:21:54 +0000 UTC  } {ContainersReady True 0001-01-01 00:00:00 +0000 UTC 0001-01-01 00:00:00 +0000 UTC  } {PodScheduled True 0001-01-01 00:00:00 +0000 UTC 2018-09-17 07:19:15 +0000 UTC  }]&#xA;Sep 19 07:42:58.788: INFO: vulnerability-advisor-minio-cleaner-1537228740-55f4w             10.46.6.172  Succeeded         [{Initialized True 0001-01-01 00:00:00 +0000 UTC 2018-09-17 23:59:03 +0000 UTC PodCompleted } {Ready False 0001-01-01 00:00:00 +0000 UTC 2018-09-17 23:59:42 +0000 UTC PodCompleted } {ContainersReady False 0001-01-01 00:00:00 +0000 UTC 0001-01-01 00:00:00 +0000 UTC PodCompleted } {PodScheduled True 0001-01-01 00:00:00 +0000 UTC 2018-09-17 23:59:03 +0000 UTC  }]&#xA;Sep 19 07:42:58.788: INFO: vulnerability-advisor-minio-cleaner-1537315140-nqk7v             10.46.6.172  Succeeded         [{Initialized True 0001-01-01 00:00:00 +0000 UTC 2018-09-18 23:59:04 +0000 UTC PodCompleted } {Ready False 0001-01-01 00:00:00 +0000 UTC 2018-09-19 00:00:52 +0000 UTC PodCompleted } {ContainersReady False 0001-01-01 00:00:00 +0000 UTC 0001-01-01 00:00:00 +0000 UTC PodCompleted } {PodScheduled True 0001-01-01 00:00:00 +0000 UTC 2018-09-18 23:59:04 +0000 UTC  }]&#xA;Sep 19 07:42:58.788: INFO: vulnerability-advisor-notification-dispatcher-86f8bf4b4d-cfdzb   10.46.6.172  Running           [{Initialized True 0001-01-01 00:00:00 +0000 UTC 2018-09-17 07:19:04 +0000 UTC  } {Ready True 0001-01-01 00:00:00 +0000 UTC 2018-09-17 07:20:31 +0000 UTC  } {ContainersReady True 0001-01-01 00:00:00 +0000 UTC 0001-01-01 00:00:00 +0000 UTC  } {PodScheduled True 0001-01-01 00:00:00 +0000 UTC 2018-09-17 07:19:04 +0000 UTC  }]&#xA;Sep 19 07:42:58.788: INFO: vulnerability-advisor-password-annotator-79b5d794b5-wnwqn        10.46.6.172  Running           [{Initialized True 0001-01-01 00:00:00 +0000 UTC 2018-09-17 07:19:05 +0000 UTC  } {Ready True 0001-01-01 00:00:00 +0000 UTC 2018-09-17 07:20:29 +0000 UTC  } {ContainersReady True 0001-01-01 00:00:00 +0000 UTC 0001-01-01 00:00:00 +0000 UTC  } {PodScheduled True 0001-01-01 00:00:00 +0000 UTC 2018-09-17 07:19:04 +0000 UTC  }]&#xA;Sep 19 07:42:58.788: INFO: vulnerability-advisor-process-ma-annotator-58f47d5b5f-4wglg      10.46.6.172  Running           [{Initialized True 0001-01-01 00:00:00 +0000 UTC 2018-09-17 07:19:06 +0000 UTC  } {Ready True 0001-01-01 00:00:00 +0000 UTC 2018-09-17 07:20:56 +0000 UTC  } {ContainersReady True 0001-01-01 00:00:00 +0000 UTC 0001-01-01 00:00:00 +0000 UTC  } {PodScheduled True 0001-01-01 00:00:00 +0000 UTC 2018-09-17 07:19:05 +0000 UTC  }]&#xA;Sep 19 07:42:58.788: INFO: vulnerability-advisor-process-ma-annotator-58f47d5b5f-xbxrc      10.46.6.172  Running           [{Initialized True 0001-01-01 00:00:00 +0000 UTC 2018-09-17 07:19:06 +0000 UTC  } {Ready True 0001-01-01 00:00:00 +0000 UTC 2018-09-17 07:21:50 +0000 UTC  } {ContainersReady True 0001-01-01 00:00:00 +0000 UTC 0001-01-01 00:00:00 +0000 UTC  } {PodScheduled True 0001-01-01 00:00:00 +0000 UTC 2018-09-17 07:19:05 +0000 UTC  }]&#xA;Sep 19 07:42:58.788: INFO: vulnerability-advisor-process-ma-annotator-init-869545d547nn27w  10.46.6.172  Running           [{Initialized True 0001-01-01 00:00:00 +0000 UTC 2018-09-17 07:19:06 +0000 UTC  } {Ready True 0001-01-01 00:00:00 +0000 UTC 2018-09-17 07:19:42 +0000 UTC  } {ContainersReady True 0001-01-01 00:00:00 +0000 UTC 0001-01-01 00:00:00 +0000 UTC  } {PodScheduled True 0001-01-01 00:00:00 +0000 UTC 2018-09-17 07:19:05 +0000 UTC  }]&#xA;Sep 19 07:42:58.788: INFO: vulnerability-advisor-process-ma-crawler-24z6k                   10.46.6.172  Running           [{Initialized True 0001-01-01 00:00:00 +0000 UTC 2018-09-17 07:19:03 +0000 UTC  } {Ready True 0001-01-01 00:00:00 +0000 UTC 2018-09-17 07:19:32 +0000 UTC  } {ContainersReady True 0001-01-01 00:00:00 +0000 UTC 0001-01-01 00:00:00 +0000 UTC  } {PodScheduled True 0001-01-01 00:00:00 +0000 UTC 2018-09-17 07:19:03 +0000 UTC  }]&#xA;Sep 19 07:42:58.788: INFO: vulnerability-advisor-process-ma-crawler-5g4zk                   10.46.6.170  Running           [{Initialized True 0001-01-01 00:00:00 +0000 UTC 2018-09-17 07:19:03 +0000 UTC  } {Ready True 0001-01-01 00:00:00 +0000 UTC 2018-09-17 07:19:16 +0000 UTC  } {ContainersReady True 0001-01-01 00:00:00 +0000 UTC 0001-01-01 00:00:00 +0000 UTC  } {PodScheduled True 0001-01-01 00:00:00 +0000 UTC 2018-09-17 07:19:03 +0000 UTC  }]&#xA;Sep 19 07:42:58.788: INFO: vulnerability-advisor-process-ma-crawler-96728                   10.46.6.173  Running           [{Initialized True 0001-01-01 00:00:00 +0000 UTC 2018-09-17 07:19:03 +0000 UTC  } {Ready True 0001-01-01 00:00:00 +0000 UTC 2018-09-17 07:19:23 +0000 UTC  } {ContainersReady True 0001-01-01 00:00:00 +0000 UTC 0001-01-01 00:00:00 +0000 UTC  } {PodScheduled True 0001-01-01 00:00:00 +0000 UTC 2018-09-17 07:19:03 +0000 UTC  }]&#xA;Sep 19 07:42:58.788: INFO: vulnerability-advisor-process-ma-crawler-b7k2d                   10.46.6.171  Running           [{Initialized True 0001-01-01 00:00:00 +0000 UTC 2018-09-17 07:19:03 +0000 UTC  } {Ready True 0001-01-01 00:00:00 +0000 UTC 2018-09-17 07:19:13 +0000 UTC  } {ContainersReady True 0001-01-01 00:00:00 +0000 UTC 0001-01-01 00:00:00 +0000 UTC  } {PodScheduled True 0001-01-01 00:00:00 +0000 UTC 2018-09-17 07:19:03 +0000 UTC  }]&#xA;Sep 19 07:42:58.788: INFO: vulnerability-advisor-registry-crawler-6f9568677b-bfpm6          10.46.6.172  Running           [{Initialized True 0001-01-01 00:00:00 +0000 UTC 2018-09-17 07:19:08 +0000 UTC  } {Ready True 0001-01-01 00:00:00 +0000 UTC 2018-09-17 07:19:48 +0000 UTC  } {ContainersReady True 0001-01-01 00:00:00 +0000 UTC 0001-01-01 00:00:00 +0000 UTC  } {PodScheduled True 0001-01-01 00:00:00 +0000 UTC 2018-09-17 07:19:07 +0000 UTC  }]&#xA;Sep 19 07:42:58.788: INFO: vulnerability-advisor-rootkit-annotator-74cb65b5cf-2dk5j         10.46.6.172  Running           [{Initialized True 0001-01-01 00:00:00 +0000 UTC 2018-09-17 07:19:08 +0000 UTC  } {Ready True 0001-01-01 00:00:00 +0000 UTC 2018-09-17 07:20:26 +0000 UTC  } {ContainersReady True 0001-01-01 00:00:00 +0000 UTC 0001-01-01 00:00:00 +0000 UTC  } {PodScheduled True 0001-01-01 00:00:00 +0000 UTC 2018-09-17 07:19:07 +0000 UTC  }]&#xA;Sep 19 07:42:58.788: INFO: vulnerability-advisor-rootkit-indexer-cd8b4646b-xlhwq            10.46.6.172  Running           [{Initialized True 0001-01-01 00:00:00 +0000 UTC 2018-09-17 07:19:07 +0000 UTC  } {Ready True 0001-01-01 00:00:00 +0000 UTC 2018-09-17 07:19:26 +0000 UTC  } {ContainersReady True 0001-01-01 00:00:00 +0000 UTC 0001-01-01 00:00:00 +0000 UTC  } {PodScheduled True 0001-01-01 00:00:00 +0000 UTC 2018-09-17 07:19:06 +0000 UTC  }]&#xA;Sep 19 07:42:58.788: INFO: vulnerability-advisor-sas-apiserver-5fd8d44bc9-7bvkn             10.46.6.172  Running           [{Initialized True 0001-01-01 00:00:00 +0000 UTC 2018-09-17 07:19:09 +0000 UTC  } {Ready True 0001-01-01 00:00:00 +0000 UTC 2018-09-17 07:20:03 +0000 UTC  } {ContainersReady True 0001-01-01 00:00:00 +0000 UTC 0001-01-01 00:00:00 +0000 UTC  } {PodScheduled True 0001-01-01 00:00:00 +0000 UTC 2018-09-17 07:19:08 +0000 UTC  }]&#xA;Sep 19 07:42:58.788: INFO: vulnerability-advisor-sas-mgmt-64fb95bc44-j9vjc                  10.46.6.172  Running           [{Initialized True 0001-01-01 00:00:00 +0000 UTC 2018-09-17 07:19:08 +0000 UTC  } {Ready True 0001-01-01 00:00:00 +0000 UTC 2018-09-17 07:19:39 +0000 UTC  } {ContainersReady True 0001-01-01 00:00:00 +0000 UTC 0001-01-01 00:00:00 +0000 UTC  } {PodScheduled True 0001-01-01 00:00:00 +0000 UTC 2018-09-17 07:19:08 +0000 UTC  }]&#xA;Sep 19 07:42:58.788: INFO: vulnerability-advisor-secconfig-annotator-7dbcf5d9f4-fkmkb       10.46.6.172  Running           [{Initialized True 0001-01-01 00:00:00 +0000 UTC 2018-09-17 07:19:10 +0000 UTC  } {Ready True 0001-01-01 00:00:00 +0000 UTC 2018-09-17 07:19:45 +0000 UTC  } {ContainersReady True 0001-01-01 00:00:00 +0000 UTC 0001-01-01 00:00:00 +0000 UTC  } {PodScheduled True 0001-01-01 00:00:00 +0000 UTC 2018-09-17 07:19:08 +0000 UTC  }]&#xA;Sep 19 07:42:58.788: INFO: vulnerability-advisor-secconfig-indexer-674647df7c-qq5ff         10.46.6.172  Running           [{Initialized True 0001-01-01 00:00:00 +0000 UTC 2018-09-17 07:19:07 +0000 UTC  } {Ready True 0001-01-01 00:00:00 +0000 UTC 2018-09-17 07:19:33 +0000 UTC  } {ContainersReady True 0001-01-01 00:00:00 +0000 UTC 0001-01-01 00:00:00 +0000 UTC  } {PodScheduled True 0001-01-01 00:00:00 +0000 UTC 2018-09-17 07:19:06 +0000 UTC  }]&#xA;Sep 19 07:42:58.788: INFO: vulnerability-advisor-statsd-7746859df4-jjm6f                    10.46.6.172  Running           [{Initialized True 0001-01-01 00:00:00 +0000 UTC 2018-09-17 07:19:10 +0000 UTC  } {Ready True 0001-01-01 00:00:00 +0000 UTC 2018-09-17 07:19:38 +0000 UTC  } {ContainersReady True 0001-01-01 00:00:00 +0000 UTC 0001-01-01 00:00:00 +0000 UTC  } {PodScheduled True 0001-01-01 00:00:00 +0000 UTC 2018-09-17 07:19:09 +0000 UTC  }]&#xA;Sep 19 07:42:58.788: INFO: vulnerability-advisor-usncrawler-8h976                           10.46.6.172  Succeeded         [{Initialized True 0001-01-01 00:00:00 +0000 UTC 2018-09-17 07:19:11 +0000 UTC PodCompleted } {Ready False 0001-01-01 00:00:00 +0000 UTC 2018-09-17 07:24:06 +0000 UTC PodCompleted } {ContainersReady False 0001-01-01 00:00:00 +0000 UTC 0001-01-01 00:00:00 +0000 UTC PodCompleted } {PodScheduled True 0001-01-01 00:00:00 +0000 UTC 2018-09-17 07:19:11 +0000 UTC  }]&#xA;Sep 19 07:42:58.788: INFO: vulnerability-advisor-vulnerability-annotator-bcbf5595f-hxwst    10.46.6.172  Running           [{Initialized True 0001-01-01 00:00:00 +0000 UTC 2018-09-17 07:19:10 +0000 UTC  } {Ready True 0001-01-01 00:00:00 +0000 UTC 2018-09-17 07:20:29 +0000 UTC  } {ContainersReady True 0001-01-01 00:00:00 +0000 UTC 0001-01-01 00:00:00 +0000 UTC  } {PodScheduled True 0001-01-01 00:00:00 +0000 UTC 2018-09-17 07:19:09 +0000 UTC  }]&#xA;Sep 19 07:42:58.788: INFO: vulnerability-advisor-vulnerability-indexer-7c79b4c964-2n8cg     10.46.6.172  Running           [{Initialized True 0001-01-01 00:00:00 +0000 UTC 2018-09-17 07:19:07 +0000 UTC  } {Ready True 0001-01-01 00:00:00 +0000 UTC 2018-09-17 07:19:37 +0000 UTC  } {ContainersReady True 0001-01-01 00:00:00 +0000 UTC 0001-01-01 00:00:00 +0000 UTC  } {PodScheduled True 0001-01-01 00:00:00 +0000 UTC 2018-09-17 07:19:06 +0000 UTC  }]&#xA;Sep 19 07:42:58.788: INFO: vulnerability-advisor-zookeeper-0                                10.46.6.172  Running           [{Initialized True 0001-01-01 00:00:00 +0000 UTC 2018-09-17 07:19:15 +0000 UTC  } {Ready True 0001-01-01 00:00:00 +0000 UTC 2018-09-17 07:20:10 +0000 UTC  } {ContainersReady True 0001-01-01 00:00:00 +0000 UTC 0001-01-01 00:00:00 +0000 UTC  } {PodScheduled True 0001-01-01 00:00:00 +0000 UTC 2018-09-17 07:19:14 +0000 UTC  }]&#xA;Sep 19 07:42:58.788: INFO: &#xA;Sep 19 07:42:58.813: INFO: &#xA;Logging node info for node 10.46.6.170&#xA;Sep 19 07:42:58.817: INFO: Node Info: &amp;Node{ObjectMeta:k8s_io_apimachinery_pkg_apis_meta_v1.ObjectMeta{Name:10.46.6.170,GenerateName:,Namespace:,SelfLink:/api/v1/nodes/10.46.6.170,UID:0c4508eb-ba48-11e8-b20e-fa163e707b2e,ResourceVersion:458237,Generation:0,CreationTimestamp:2018-09-17 07:05:24 +0000 UTC,DeletionTimestamp:&lt;nil&gt;,DeletionGracePeriodSeconds:nil,Labels:map[string]string{beta.kubernetes.io/arch: amd64,beta.kubernetes.io/os: linux,kubernetes.io/hostname: 10.46.6.170,node-role.kubernetes.io/worker: true,},Annotations:map[string]string{node.alpha.kubernetes.io/ttl: 0,volumes.kubernetes.io/controller-managed-attach-detach: true,},OwnerReferences:[],Finalizers:[],ClusterName:,Initializers:nil,},Spec:NodeSpec{PodCIDR:,DoNotUse_ExternalID:,ProviderID:,Unschedulable:false,Taints:[],ConfigSource:nil,},Status:NodeStatus{Capacity:ResourceList{cpu: {{8 0} {&lt;nil&gt;} 8 DecimalSI},ephemeral-storage: {{107362627584 0} {&lt;nil&gt;} 104846316Ki BinarySI},hugepages-1Gi: {{0 0} {&lt;nil&gt;} 0 DecimalSI},hugepages-2Mi: {{0 0} {&lt;nil&gt;} 0 DecimalSI},memory: {{16825630720 0} {&lt;nil&gt;}  BinarySI},pods: {{80 0} {&lt;nil&gt;} 80 DecimalSI},},Allocatable:ResourceList{cpu: {{8 0} {&lt;nil&gt;} 8 DecimalSI},ephemeral-storage: {{96626364666 0} {&lt;nil&gt;} 96626364666 DecimalSI},hugepages-1Gi: {{0 0} {&lt;nil&gt;} 0 DecimalSI},hugepages-2Mi: {{0 0} {&lt;nil&gt;} 0 DecimalSI},memory: {{16720773120 0} {&lt;nil&gt;}  BinarySI},pods: {{80 0} {&lt;nil&gt;} 80 DecimalSI},},Phase:,Conditions:[{OutOfDisk False 2018-09-19 07:42:50 +0000 UTC 2018-09-17 07:05:24 +0000 UTC KubeletHasSufficientDisk kubelet has sufficient disk space available} {MemoryPressure False 2018-09-19 07:42:50 +0000 UTC 2018-09-17 07:05:24 +0000 UTC KubeletHasSufficientMemory kubelet has sufficient memory available} {DiskPressure False 2018-09-19 07:42:50 +0000 UTC 2018-09-17 07:05:24 +0000 UTC KubeletHasNoDiskPressure kubelet has no disk pressure} {PIDPressure False 2018-09-19 07:42:50 +0000 UTC 2018-09-17 07:05:24 +0000 UTC KubeletHasSufficientPID kubelet has sufficient PID available} {Ready True 2018-09-19 07:42:50 +0000 UTC 2018-09-17 07:06:04 +0000 UTC KubeletReady kubelet is posting ready status}],Addresses:[{InternalIP 10.46.6.170} {Hostname 10.46.6.170}],DaemonEndpoints:NodeDaemonEndpoints{KubeletEndpoint:DaemonEndpoint{Port:10250,},},NodeInfo:NodeSystemInfo{MachineID:52ca0d2c3fb341c79b059a96d10571a6,SystemUUID:B2A91A2D-0576-4E7B-AEBA-AE95FFDDF786,BootID:ae0d54c3-4892-49fd-b5c7-ca2077060a4b,KernelVersion:3.10.0-862.9.1.el7.x86_64,OSImage:Red Hat Enterprise Linux,ContainerRuntimeVersion:docker://18.3.1,KubeletVersion:v1.11.1+icp-ee,KubeProxyVersion:v1.11.1+icp-ee,OperatingSystem:linux,Architecture:amd64,},Images:[{[lzj.icp:8500/ibmcom/live-crawler@sha256:1a648615e7b439f093697f65350262823e6c711c4b21ea81596ced1c28a48133 lzj.icp:8500/ibmcom/live-crawler:1.3.1] 987515538} {[lzj.icp:8500/ibmcom/hyperkube@sha256:9fbddbf2d04354912c8a981395493d250474cb9fa587fa91119e69467078b180 lzj.icp:8500/ibmcom/hyperkube:v1.11.1-ee] 782626408} {[gcr.io/heptio-images/kube-conformance@sha256:5482c7f5f7b874c5c6caec6ddef5406f19a52a2c3a36897cadf0a8f78ab57982 gcr.io/heptio-images/kube-conformance:latest] 532182058} {[open-liberty@sha256:e962af00796d50687a4ac71d5e8ab046696c314b4a84617b0d216b671519df31 open-liberty:latest] 500884023} {[lzj.icp:8500/ibmcom/icp-filebeat@sha256:72669dde64d7ab85bbb9e93428efe548b2693a4eae5168a4705f6e30cd20e584 lzj.icp:8500/ibmcom/icp-filebeat:5.5.1] 317104874} {[lzj.icp:8500/ibmcom/fluentd@sha256:f85a5ffd86438f1a73d04caf6e33ef3474675d9fa0947431f4d0a9602fc981af lzj.icp:8500/ibmcom/fluentd:v1.2.2-icp] 270902701} {[lzj.icp:8500/ibmcom/calico-node@sha256:85a23d8030137d49663d3d82844a61998331606de9fc523dfdd0a75be7fb9828 lzj.icp:8500/ibmcom/calico-node:v3.1.3] 248202699} {[gcr.io/kubernetes-e2e-test-images/jessie-dnsutils-amd64@sha256:9e842e2f77073ec30e2349f9082ec35357a3bf61e12488adc677144295e68c38 gcr.io/kubernetes-e2e-test-images/jessie-dnsutils-amd64:1.0] 195659796} {[lzj.icp:8500/ibmcom/nvidia-device-plugin@sha256:2d57caa41994d1e0b3d952526a651f8da487e068874d1075f915fa48ad969ba6 lzj.icp:8500/ibmcom/nvidia-device-plugin:1.0] 132413452} {[lzj.icp:8500/ibmcom/metering-data-manager@sha256:97803f4458c6f6ca62076cf6958cb8ab98cf9ffed7cd4977550eeaa6db8ead70 lzj.icp:8500/ibmcom/metering-data-manager:3.1.0] 121942877} {[lzj.icp:8500/ibmcom/icp-management-ingress@sha256:259a9d288f5ee4f169c618b6d870b5ae38b954a3bf69f3f392523b1aaa9f4001 lzj.icp:8500/ibmcom/icp-management-ingress:2.2.1] 80410712} {[lzj.icp:8500/ibmcom/calico-cni@sha256:b56c2d3e62bd02f15dd5ec335c25ac81bb39d214e904525227640790686855d7 lzj.icp:8500/ibmcom/calico-cni:v3.1.3] 68849270} {[gcr.io/heptio-images/sonobuoy@sha256:165df6f635ddd0088ed6686e07ffb47f8dd17fdba153f61dbec9aa80c0d2e0b8 gcr.io/heptio-images/sonobuoy:latest gcr.io/heptio-images/sonobuoy:v0.11.6] 33401240} {[gcr.io/kubernetes-e2e-test-images/nettest-amd64@sha256:f2d3eba3ae2043c51389935be4bf41b2b0e60fd7220b9ba9cbc51eceaa74b2b4 gcr.io/kubernetes-e2e-test-images/nettest-amd64:1.0] 27413498} {[lzj.icp:8500/ibmcom/node-exporter@sha256:b24db452b1a0bf46abba095162d0fbc89ea40eeabbfe43ae01dab54107ecff0e lzj.icp:8500/ibmcom/node-exporter:v0.16.0] 22915749} {[gcr.io/kubernetes-e2e-test-images/dnsutils-amd64@sha256:f8eca5c0c2e18b7ee6df876e5587c5885d13c59cb453d93bf51628daf656e4b5 gcr.io/kubernetes-e2e-test-images/dnsutils-amd64:1.0] 9030162} {[gcr.io/kubernetes-e2e-test-images/hostexec-amd64@sha256:e1dadb772c6132e3587fc41b8c07facd81ee7c4e74508891b5d98d45b85462e9 gcr.io/kubernetes-e2e-test-images/hostexec-amd64:1.1] 8490662} {[gcr.io/kubernetes-e2e-test-images/netexec-amd64@sha256:da1c165175d5589ed70384e406a0291b6f76d53fc99e2c31ae23003e11e5bfde gcr.io/kubernetes-e2e-test-images/netexec-amd64:1.0] 6713741} {[gcr.io/kubernetes-e2e-test-images/serve-hostname-amd64@sha256:2dd4032e98a0450d95a0ac71a5e465f542a900812d8c41bc6ca635aed1a5fc91 gcr.io/kubernetes-e2e-test-images/serve-hostname-amd64:1.0] 5470001} {[gcr.io/kubernetes-e2e-test-images/test-webserver-amd64@sha256:8da73e44d6870f86e0e6a87b2e07829470465afbb6febeb900296d99510789ce gcr.io/kubernetes-e2e-test-images/test-webserver-amd64:1.0] 4732240} {[gcr.io/kubernetes-e2e-test-images/mounttest-amd64@sha256:e3e75014e6df02dc21e6fb95f93b989a2ff8a91f36ae88d74eccbabaa21fc211 gcr.io/kubernetes-e2e-test-images/mounttest-amd64:1.0] 1563521} {[gcr.io/kubernetes-e2e-test-images/mounttest-user-amd64@sha256:1ac490f1442cad4b1c886527470393c71302cc62f5e3304fb08854403cbc68dc gcr.io/kubernetes-e2e-test-images/mounttest-user-amd64:1.0] 1450451} {[busybox@sha256:cb63aa0641a885f54de20f61d152187419e8f6b159ed11a251a09d115fdff9bd busybox:latest] 1162769} {[lzj.icp:8500/ibmcom/pause@sha256:8a18035491d4fbbe481be5eac11819315ec94677ab465608d052d87b3cdcff7f lzj.icp:8500/ibmcom/pause:3.1] 742472}],VolumesInUse:[],VolumesAttached:[],Config:&amp;NodeConfigStatus{Assigned:nil,Active:nil,LastKnownGood:nil,Error:,},},}&#xA;Sep 19 07:42:58.817: INFO: &#xA;Logging kubelet events for node 10.46.6.170&#xA;Sep 19 07:42:58.834: INFO: &#xA;Logging pods the kubelet thinks is on node 10.46.6.170&#xA;Sep 19 07:42:58.847: INFO: vulnerability-advisor-process-ma-crawler-5g4zk started at 2018-09-17 07:19:03 +0000 UTC (0+1 container statuses recorded)&#xA;Sep 19 07:42:58.847: INFO: &#x9;Container process-ma-crawler ready: true, restart count 0&#xA;Sep 19 07:42:58.847: INFO: my-ibm-open-liberty-ibm-7f7d9778d7-7t5jc started at 2018-09-17 08:22:24 +0000 UTC (0+1 container statuses recorded)&#xA;Sep 19 07:42:58.847: INFO: &#x9;Container ibm-open-liberty ready: true, restart count 0&#xA;Sep 19 07:42:58.847: INFO: monitoring-prometheus-nodeexporter-tpbc8 started at 2018-09-17 07:15:44 +0000 UTC (0+2 container statuses recorded)&#xA;Sep 19 07:42:58.847: INFO: &#x9;Container nodeexporter ready: true, restart count 0&#xA;Sep 19 07:42:58.847: INFO: &#x9;Container router ready: true, restart count 0&#xA;Sep 19 07:42:58.847: INFO: audit-logging-fluentd-ds-4cgnk started at 2018-09-17 07:18:46 +0000 UTC (0+1 container statuses recorded)&#xA;Sep 19 07:42:58.847: INFO: &#x9;Container fluentd ready: true, restart count 0&#xA;Sep 19 07:42:58.847: INFO: k8s-proxy-10.46.6.170 started at &lt;nil&gt; (0+0 container statuses recorded)&#xA;Sep 19 07:42:58.847: INFO: calico-node-htf97 started at 2018-09-17 07:05:53 +0000 UTC (0+2 container statuses recorded)&#xA;Sep 19 07:42:58.847: INFO: &#x9;Container calico-node ready: true, restart count 0&#xA;Sep 19 07:42:58.847: INFO: &#x9;Container install-cni ready: true, restart count 0&#xA;Sep 19 07:42:58.847: INFO: logging-elk-filebeat-ds-jtd5q started at 2018-09-17 07:15:20 +0000 UTC (0+1 container statuses recorded)&#xA;Sep 19 07:42:58.847: INFO: &#x9;Container filebeat ready: true, restart count 0&#xA;Sep 19 07:42:58.847: INFO: sonobuoy started at 2018-09-19 07:22:02 +0000 UTC (0+1 container statuses recorded)&#xA;Sep 19 07:42:58.847: INFO: &#x9;Container kube-sonobuoy ready: true, restart count 0&#xA;Sep 19 07:42:58.847: INFO: vulnerability-advisor-live-crawler-ccxd7 started at 2018-09-17 07:19:03 +0000 UTC (0+1 container statuses recorded)&#xA;Sep 19 07:42:58.847: INFO: &#x9;Container live-crawler ready: true, restart count 0&#xA;Sep 19 07:42:58.847: INFO: sonobuoy-e2e-job-c3f9b53ea97c48a2 started at 2018-09-19 07:22:08 +0000 UTC (0+2 container statuses recorded)&#xA;Sep 19 07:42:58.847: INFO: &#x9;Container e2e ready: true, restart count 0&#xA;Sep 19 07:42:58.847: INFO: &#x9;Container sonobuoy-worker ready: true, restart count 0&#xA;Sep 19 07:42:58.847: INFO: nvidia-device-plugin-9h2k4 started at 2018-09-17 07:07:17 +0000 UTC (1+1 container statuses recorded)&#xA;Sep 19 07:42:58.847: INFO: &#x9;Init container nvidia-driver-collector ready: true, restart count 0&#xA;Sep 19 07:42:58.847: INFO: &#x9;Container nvidia-device-plugin ready: true, restart count 0&#xA;Sep 19 07:42:58.847: INFO: metering-reader-44wd7 started at 2018-09-17 07:14:11 +0000 UTC (1+1 container statuses recorded)&#xA;Sep 19 07:42:58.847: INFO: &#x9;Init container metering-reader-init ready: true, restart count 1&#xA;Sep 19 07:42:58.847: INFO: &#x9;Container metering-reader ready: true, restart count 0&#xA;Sep 19 07:42:58.896: INFO: &#xA;Latency metrics for node 10.46.6.170&#xA;Sep 19 07:42:58.896: INFO: &#xA;Logging node info for node 10.46.6.171&#xA;Sep 19 07:42:58.900: INFO: Node Info: &amp;Node{ObjectMeta:k8s_io_apimachinery_pkg_apis_meta_v1.ObjectMeta{Name:10.46.6.171,GenerateName:,Namespace:,SelfLink:/api/v1/nodes/10.46.6.171,UID:0c79152a-ba48-11e8-b20e-fa163e707b2e,ResourceVersion:458234,Generation:0,CreationTimestamp:2018-09-17 07:05:24 +0000 UTC,DeletionTimestamp:&lt;nil&gt;,DeletionGracePeriodSeconds:nil,Labels:map[string]string{beta.kubernetes.io/arch: amd64,beta.kubernetes.io/os: linux,kubernetes.io/hostname: 10.46.6.171,management: true,node-role.kubernetes.io/management: true,},Annotations:map[string]string{node.alpha.kubernetes.io/ttl: 0,volumes.kubernetes.io/controller-managed-attach-detach: true,},OwnerReferences:[],Finalizers:[],ClusterName:,Initializers:nil,},Spec:NodeSpec{PodCIDR:,DoNotUse_ExternalID:,ProviderID:,Unschedulable:false,Taints:[{dedicated management NoSchedule &lt;nil&gt;}],ConfigSource:nil,},Status:NodeStatus{Capacity:ResourceList{cpu: {{8 0} {&lt;nil&gt;} 8 DecimalSI},ephemeral-storage: {{107362627584 0} {&lt;nil&gt;} 104846316Ki BinarySI},hugepages-1Gi: {{0 0} {&lt;nil&gt;} 0 DecimalSI},hugepages-2Mi: {{0 0} {&lt;nil&gt;} 0 DecimalSI},memory: {{16825630720 0} {&lt;nil&gt;}  BinarySI},pods: {{80 0} {&lt;nil&gt;} 80 DecimalSI},},Allocatable:ResourceList{cpu: {{8 0} {&lt;nil&gt;} 8 DecimalSI},ephemeral-storage: {{107257769984 0} {&lt;nil&gt;} 104743916Ki BinarySI},hugepages-1Gi: {{0 0} {&lt;nil&gt;} 0 DecimalSI},hugepages-2Mi: {{0 0} {&lt;nil&gt;} 0 DecimalSI},memory: {{16720773120 0} {&lt;nil&gt;}  BinarySI},pods: {{80 0} {&lt;nil&gt;} 80 DecimalSI},},Phase:,Conditions:[{OutOfDisk False 2018-09-19 07:42:57 +0000 UTC 2018-09-17 07:05:24 +0000 UTC KubeletHasSufficientDisk kubelet has sufficient disk space available} {MemoryPressure False 2018-09-19 07:42:57 +0000 UTC 2018-09-17 07:05:24 +0000 UTC KubeletHasSufficientMemory kubelet has sufficient memory available} {DiskPressure False 2018-09-19 07:42:57 +0000 UTC 2018-09-17 07:05:24 +0000 UTC KubeletHasNoDiskPressure kubelet has no disk pressure} {PIDPressure False 2018-09-19 07:42:57 +0000 UTC 2018-09-17 07:05:24 +0000 UTC KubeletHasSufficientPID kubelet has sufficient PID available} {Ready True 2018-09-19 07:42:57 +0000 UTC 2018-09-17 07:06:05 +0000 UTC KubeletReady kubelet is posting ready status}],Addresses:[{InternalIP 10.46.6.171} {Hostname 10.46.6.171}],DaemonEndpoints:NodeDaemonEndpoints{KubeletEndpoint:DaemonEndpoint{Port:10250,},},NodeInfo:NodeSystemInfo{MachineID:52ca0d2c3fb341c79b059a96d10571a6,SystemUUID:00401CD1-AB88-4341-9CDC-C9648BFB2B56,BootID:706dbc67-f432-47c3-840e-f599801336c8,KernelVersion:3.10.0-862.9.1.el7.x86_64,OSImage:Red Hat Enterprise Linux,ContainerRuntimeVersion:docker://18.3.1,KubeletVersion:v1.11.1+icp-ee,KubeProxyVersion:v1.11.1+icp-ee,OperatingSystem:linux,Architecture:amd64,},Images:[{[lzj.icp:8500/ibmcom/live-crawler@sha256:1a648615e7b439f093697f65350262823e6c711c4b21ea81596ced1c28a48133 lzj.icp:8500/ibmcom/live-crawler:1.3.1] 987515538} {[lzj.icp:8500/ibmcom/hyperkube@sha256:9fbddbf2d04354912c8a981395493d250474cb9fa587fa91119e69467078b180 lzj.icp:8500/ibmcom/hyperkube:v1.11.1-ee] 782626408} {[lzj.icp:8500/ibmcom/icp-logstash@sha256:a182a00827aefe7f5f95b18fa1ec8f6897989290b37f3d98bd6440ddda796433 lzj.icp:8500/ibmcom/icp-logstash:5.5.1] 764906887} {[lzj.icp:8500/ibmcom/icp-kibana@sha256:6e2746da64a64f98c5761b87d5e185a9c2ac75c9c4e767ab284062b1847b7571 lzj.icp:8500/ibmcom/icp-kibana:5.5.1] 639622018} {[lzj.icp:8500/ibmcom/icp-elasticsearch@sha256:b410aacb6005fe24bfd87b045ea26fde3d6eb3ca52c3f0e4560cdc208944ba50 lzj.icp:8500/ibmcom/icp-elasticsearch:5.5.1] 520121248} {[lzj.icp:8500/ibmcom/logging-pki-init@sha256:21aa9cbd05a849b4891b15cf636f73545f6001f16c82f8eeed2e90b4f9312377 lzj.icp:8500/ibmcom/logging-pki-init:2.0.0] 501921135} {[lzj.icp:8500/ibmcom/searchguard-init@sha256:3d0d8a8404a9df5ad238bce1e0542cdda609cc445dfc3964952243d9fc103276 lzj.icp:8500/ibmcom/searchguard-init:2.0.0] 457030441} {[lzj.icp:8500/ibmcom/metering-ui@sha256:d6453f9afecc9b1fc778c195e20bbb39d4ef6262af2f7a9a5ce3cddc259fec99 lzj.icp:8500/ibmcom/metering-ui:3.1.0] 385577105} {[lzj.icp:8500/ibmcom/icp-filebeat@sha256:72669dde64d7ab85bbb9e93428efe548b2693a4eae5168a4705f6e30cd20e584 lzj.icp:8500/ibmcom/icp-filebeat:5.5.1] 317104874} {[lzj.icp:8500/ibmcom/fluentd@sha256:f85a5ffd86438f1a73d04caf6e33ef3474675d9fa0947431f4d0a9602fc981af lzj.icp:8500/ibmcom/fluentd:v1.2.2-icp] 270902701} {[lzj.icp:8500/ibmcom/elasticsearch-plugin-searchguard@sha256:f47116021e3eec7b2fed9f6ed8bd77fd890457e5a1546dda7f863c032d4395b1 lzj.icp:8500/ibmcom/elasticsearch-plugin-searchguard:2.0.0] 267864279} {[lzj.icp:8500/ibmcom/calico-node@sha256:85a23d8030137d49663d3d82844a61998331606de9fc523dfdd0a75be7fb9828 lzj.icp:8500/ibmcom/calico-node:v3.1.3] 248202699} {[lzj.icp:8500/ibmcom/grafana@sha256:5d2739d3ec5c7f6ea66d69caa918b764660b99a3d37cb1f4123f1a9623ce8e38 lzj.icp:8500/ibmcom/grafana:5.2.0] 245297582} {[lzj.icp:8500/ibmcom/indices-cleaner@sha256:31dac3be1246f17dddade06b517c073244ce56d85bc54135fdaf010dbb0bca10 lzj.icp:8500/ibmcom/indices-cleaner:1.0.0] 238131553} {[lzj.icp:8500/ibmcom/curl@sha256:adf92a267e351914d041a56d64ebe80331c45f8e20ab23b7ada67bea78da9996 lzj.icp:8500/ibmcom/curl:4.0.0] 221192597} {[lzj.icp:8500/ibmcom/nvidia-device-plugin@sha256:2d57caa41994d1e0b3d952526a651f8da487e068874d1075f915fa48ad969ba6 lzj.icp:8500/ibmcom/nvidia-device-plugin:1.0] 132413452} {[lzj.icp:8500/ibmcom/metering-data-manager@sha256:97803f4458c6f6ca62076cf6958cb8ab98cf9ffed7cd4977550eeaa6db8ead70 lzj.icp:8500/ibmcom/metering-data-manager:3.1.0] 121942877} {[lzj.icp:8500/ibmcom/prometheus@sha256:91cba3cbf7a61499969a8a5a27347830ed1740b2285de9ac31e231e7ce44deb7 lzj.icp:8500/ibmcom/prometheus:v2.3.1] 118818909} {[lzj.icp:8500/ibmcom/icp-management-ingress@sha256:259a9d288f5ee4f169c618b6d870b5ae38b954a3bf69f3f392523b1aaa9f4001 lzj.icp:8500/ibmcom/icp-management-ingress:2.2.1] 80410712} {[lzj.icp:8500/ibmcom/calico-cni@sha256:b56c2d3e62bd02f15dd5ec335c25ac81bb39d214e904525227640790686855d7 lzj.icp:8500/ibmcom/calico-cni:v3.1.3] 68849270} {[lzj.icp:8500/ibmcom/k8s-prometheus-adapter@sha256:cf7f0c35ff0a0ec9cf743ef87e4c951f74d3fd0b4b97925784cc857565b4d7ba lzj.icp:8500/ibmcom/k8s-prometheus-adapter:v0.2.1.1] 52134773} {[lzj.icp:8500/ibmcom/metrics-server@sha256:973b5dd33165e4856f22a9f48a9b7f5bd2f01399d6479c46212ea92336a9ca40 lzj.icp:8500/ibmcom/metrics-server:v0.2.1.1] 42541759} {[lzj.icp:8500/ibmcom/ibmcloud-image-enforcement@sha256:d29efeb868c054eead02eec72c86f690c4a8c81b95f99f22bbc873644b090e99 lzj.icp:8500/ibmcom/ibmcloud-image-enforcement:0.2.0] 40040099} {[lzj.icp:8500/ibmcom/alertmanager@sha256:f3e7d379040499e05c1377862cc8a74cd5ffed2a175bf62fc18dc07b98d6ab00 lzj.icp:8500/ibmcom/alertmanager:v0.15.0] 36095602} {[lzj.icp:8500/ibmcom/kube-state-metrics@sha256:6a574d2e4a7338abdd3d0b85dd2510cbf046cd09a70505b99513feee42d00559 lzj.icp:8500/ibmcom/kube-state-metrics:v1.3.0] 35646776} {[lzj.icp:8500/ibmcom/node-exporter@sha256:b24db452b1a0bf46abba095162d0fbc89ea40eeabbfe43ae01dab54107ecff0e lzj.icp:8500/ibmcom/node-exporter:v0.16.0] 22915749} {[lzj.icp:8500/ibmcom/configmap-reload@sha256:77a4ede137dd4980fe02c70ad189bf7b89dd1a9e134c0fe4475842fe8948f6a9 lzj.icp:8500/ibmcom/configmap-reload:v0.2.2] 22381476} {[lzj.icp:8500/ibmcom/collectd-exporter@sha256:0ef0cfb0a60f66046851bfafbfa1913814c7a4967e4e7561ce5111186338f6d9 lzj.icp:8500/ibmcom/collectd-exporter:v0.4.0] 13695364} {[lzj.icp:8500/ibmcom/elasticsearch-exporter@sha256:27806a00f45314a1c06af096236004020a98202edbbce81d993aadfaca0c66a0 lzj.icp:8500/ibmcom/elasticsearch-exporter:1.0.2] 9202086} {[lzj.icp:8500/ibmcom/icp-initcontainer@sha256:c1b9397380303cfc23505576a19859c7e26936f80a26bb4fae95ef68e7775de8 lzj.icp:8500/ibmcom/icp-initcontainer:1.0.0] 3965926} {[lzj.icp:8500/ibmcom/pause@sha256:8a18035491d4fbbe481be5eac11819315ec94677ab465608d052d87b3cdcff7f lzj.icp:8500/ibmcom/pause:3.1] 742472}],VolumesInUse:[],VolumesAttached:[],Config:&amp;NodeConfigStatus{Assigned:nil,Active:nil,LastKnownGood:nil,Error:,},},}&#xA;Sep 19 07:42:58.901: INFO: &#xA;Logging kubelet events for node 10.46.6.171&#xA;Sep 19 07:42:58.904: INFO: &#xA;Logging pods the kubelet thinks is on node 10.46.6.171&#xA;Sep 19 07:42:58.928: INFO: logging-elk-data-0 started at 2018-09-17 07:15:21 +0000 UTC (3+1 container statuses recorded)&#xA;Sep 19 07:42:58.928: INFO: &#x9;Init container chmod ready: true, restart count 0&#xA;Sep 19 07:42:58.928: INFO: &#x9;Init container sysctl ready: true, restart count 0&#xA;Sep 19 07:42:58.928: INFO: &#x9;Init container plugin-bundle ready: true, restart count 0&#xA;Sep 19 07:42:58.928: INFO: &#x9;Container es-data ready: true, restart count 0&#xA;Sep 19 07:42:58.928: INFO: logging-elk-kibana-ff4db4866-s2295 started at 2018-09-17 07:15:21 +0000 UTC (0+2 container statuses recorded)&#xA;Sep 19 07:42:58.928: INFO: &#x9;Container kibana ready: true, restart count 0&#xA;Sep 19 07:42:58.928: INFO: &#x9;Container router ready: true, restart count 0&#xA;Sep 19 07:42:58.928: INFO: monitoring-prometheus-nodeexporter-9fnpb started at 2018-09-17 07:15:44 +0000 UTC (0+2 container statuses recorded)&#xA;Sep 19 07:42:58.928: INFO: &#x9;Container nodeexporter ready: true, restart count 0&#xA;Sep 19 07:42:58.928: INFO: &#x9;Container router ready: true, restart count 0&#xA;Sep 19 07:42:58.928: INFO: monitoring-prometheus-kubestatemetrics-54dcbb6cfb-76zmm started at 2018-09-17 07:15:45 +0000 UTC (0+2 container statuses recorded)&#xA;Sep 19 07:42:58.928: INFO: &#x9;Container kubestatemetrics ready: true, restart count 0&#xA;Sep 19 07:42:58.928: INFO: &#x9;Container router ready: true, restart count 0&#xA;Sep 19 07:42:58.928: INFO: audit-logging-fluentd-ds-bc22k started at 2018-09-17 07:18:46 +0000 UTC (0+1 container statuses recorded)&#xA;Sep 19 07:42:58.928: INFO: &#x9;Container fluentd ready: true, restart count 0&#xA;Sep 19 07:42:58.928: INFO: k8s-proxy-10.46.6.171 started at &lt;nil&gt; (0+0 container statuses recorded)&#xA;Sep 19 07:42:58.928: INFO: metrics-server-6d6695f9db-8t4xs started at 2018-09-17 07:08:51 +0000 UTC (0+1 container statuses recorded)&#xA;Sep 19 07:42:58.928: INFO: &#x9;Container metrics-server ready: true, restart count 0&#xA;Sep 19 07:42:58.928: INFO: metering-dm-8b475fc57-cmm6h started at 2018-09-17 07:14:12 +0000 UTC (1+1 container statuses recorded)&#xA;Sep 19 07:42:58.928: INFO: &#x9;Init container metering-dm-init ready: true, restart count 0&#xA;Sep 19 07:42:58.928: INFO: &#x9;Container metering-dm ready: true, restart count 0&#xA;Sep 19 07:42:58.928: INFO: logging-elk-filebeat-ds-bs86r started at 2018-09-17 07:15:20 +0000 UTC (0+1 container statuses recorded)&#xA;Sep 19 07:42:58.928: INFO: &#x9;Container filebeat ready: true, restart count 0&#xA;Sep 19 07:42:58.928: INFO: logging-elk-client-75d4d7994c-7g7fn started at 2018-09-17 07:15:21 +0000 UTC (2+3 container statuses recorded)&#xA;Sep 19 07:42:58.928: INFO: &#x9;Init container sysctl ready: true, restart count 0&#xA;Sep 19 07:42:58.928: INFO: &#x9;Init container plugin-bundle ready: true, restart count 0&#xA;Sep 19 07:42:58.928: INFO: &#x9;Container es-client ready: true, restart count 0&#xA;Sep 19 07:42:58.928: INFO: &#x9;Container indices-cleaner ready: true, restart count 0&#xA;Sep 19 07:42:58.928: INFO: &#x9;Container router ready: true, restart count 0&#xA;Sep 19 07:42:58.928: INFO: monitoring-prometheus-alertmanager-7d8749dbb8-xj68d started at 2018-09-17 07:15:46 +0000 UTC (0+3 container statuses recorded)&#xA;Sep 19 07:42:58.928: INFO: &#x9;Container alertmanager ready: true, restart count 0&#xA;Sep 19 07:42:58.928: INFO: &#x9;Container configmap-reload ready: true, restart count 0&#xA;Sep 19 07:42:58.928: INFO: &#x9;Container router ready: true, restart count 0&#xA;Sep 19 07:42:58.928: INFO: monitoring-prometheus-collectdexporter-77575678dc-v8n2l started at 2018-09-17 07:15:46 +0000 UTC (0+2 container statuses recorded)&#xA;Sep 19 07:42:58.928: INFO: &#x9;Container collectd-exporter ready: true, restart count 0&#xA;Sep 19 07:42:58.928: INFO: &#x9;Container router ready: true, restart count 0&#xA;Sep 19 07:42:58.928: INFO: vulnerability-advisor-live-crawler-xxz8p started at 2018-09-17 07:19:03 +0000 UTC (0+1 container statuses recorded)&#xA;Sep 19 07:42:58.928: INFO: &#x9;Container live-crawler ready: true, restart count 0&#xA;Sep 19 07:42:58.928: INFO: nvidia-device-plugin-vh85n started at 2018-09-17 07:07:17 +0000 UTC (1+1 container statuses recorded)&#xA;Sep 19 07:42:58.928: INFO: &#x9;Init container nvidia-driver-collector ready: true, restart count 0&#xA;Sep 19 07:42:58.928: INFO: &#x9;Container nvidia-device-plugin ready: true, restart count 0&#xA;Sep 19 07:42:58.928: INFO: custom-metrics-adapter-64f64964b4-f9gmc started at 2018-09-17 07:14:28 +0000 UTC (1+1 container statuses recorded)&#xA;Sep 19 07:42:58.928: INFO: &#x9;Init container init-adapter ready: true, restart count 0&#xA;Sep 19 07:42:58.928: INFO: &#x9;Container custom-metrics-adapter ready: true, restart count 0&#xA;Sep 19 07:42:58.928: INFO: logging-elk-elasticsearch-tls-init-6hnl4 started at 2018-09-17 07:15:20 +0000 UTC (0+1 container statuses recorded)&#xA;Sep 19 07:42:58.928: INFO: &#x9;Container searchguard-init ready: false, restart count 0&#xA;Sep 19 07:42:58.928: INFO: monitoring-prometheus-elasticsearchexporter-655864cccb-c6tps started at 2018-09-17 07:15:46 +0000 UTC (0+2 container statuses recorded)&#xA;Sep 19 07:42:58.928: INFO: &#x9;Container elasticsearchexporter ready: true, restart count 0&#xA;Sep 19 07:42:58.928: INFO: &#x9;Container router ready: true, restart count 0&#xA;Sep 19 07:42:58.928: INFO: monitoring-prometheus-6677d7c77f-pnpt5 started at 2018-09-17 07:15:46 +0000 UTC (1+4 container statuses recorded)&#xA;Sep 19 07:42:58.928: INFO: &#x9;Init container init-container ready: true, restart count 0&#xA;Sep 19 07:42:58.928: INFO: &#x9;Container configmap-reload-alertrules ready: true, restart count 0&#xA;Sep 19 07:42:58.929: INFO: &#x9;Container configmap-reload-prometheus ready: true, restart count 0&#xA;Sep 19 07:42:58.929: INFO: &#x9;Container prometheus ready: true, restart count 0&#xA;Sep 19 07:42:58.929: INFO: &#x9;Container router ready: true, restart count 0&#xA;Sep 19 07:42:58.929: INFO: calico-node-gpm2c started at 2018-09-17 07:05:53 +0000 UTC (0+2 container statuses recorded)&#xA;Sep 19 07:42:58.929: INFO: &#x9;Container calico-node ready: true, restart count 0&#xA;Sep 19 07:42:58.929: INFO: &#x9;Container install-cni ready: true, restart count 0&#xA;Sep 19 07:42:58.929: INFO: metering-reader-xq8f2 started at 2018-09-17 07:14:11 +0000 UTC (1+1 container statuses recorded)&#xA;Sep 19 07:42:58.929: INFO: &#x9;Init container metering-reader-init ready: true, restart count 1&#xA;Sep 19 07:42:58.929: INFO: &#x9;Container metering-reader ready: true, restart count 0&#xA;Sep 19 07:42:58.929: INFO: logging-elk-logstash-7994656f46-r89mt started at 2018-09-17 07:15:22 +0000 UTC (0+1 container statuses recorded)&#xA;Sep 19 07:42:58.929: INFO: &#x9;Container logstash ready: true, restart count 0&#xA;Sep 19 07:42:58.929: INFO: monitoring-grafana-548b947c8c-dh89z started at 2018-09-17 07:15:46 +0000 UTC (1+2 container statuses recorded)&#xA;Sep 19 07:42:58.929: INFO: &#x9;Init container init-container ready: true, restart count 0&#xA;Sep 19 07:42:58.929: INFO: &#x9;Container grafana ready: true, restart count 0&#xA;Sep 19 07:42:58.929: INFO: &#x9;Container router ready: true, restart count 0&#xA;Sep 19 07:42:58.929: INFO: vulnerability-advisor-process-ma-crawler-b7k2d started at 2018-09-17 07:19:03 +0000 UTC (0+1 container statuses recorded)&#xA;Sep 19 07:42:58.929: INFO: &#x9;Container process-ma-crawler ready: true, restart count 0&#xA;Sep 19 07:42:58.929: INFO: ibmcloud-image-enforcement-76ddccbf9f-kqmlb started at 2018-09-17 07:14:02 +0000 UTC (0+1 container statuses recorded)&#xA;Sep 19 07:42:58.929: INFO: &#x9;Container ibmcloud-image-enforcement ready: true, restart count 0&#xA;Sep 19 07:42:58.929: INFO: metering-ui-5bbfbb5d49-wkh8m started at 2018-09-17 07:14:12 +0000 UTC (1+1 container statuses recorded)&#xA;Sep 19 07:42:58.929: INFO: &#x9;Init container metering-ui-init ready: true, restart count 0&#xA;Sep 19 07:42:58.929: INFO: &#x9;Container metering-ui ready: true, restart count 0&#xA;Sep 19 07:42:58.929: INFO: logging-elk-master-6cdcf45f7d-gp28f started at 2018-09-17 07:15:21 +0000 UTC (2+1 container statuses recorded)&#xA;Sep 19 07:42:58.929: INFO: &#x9;Init container sysctl ready: true, restart count 0&#xA;Sep 19 07:42:58.929: INFO: &#x9;Init container plugin-bundle ready: true, restart count 0&#xA;Sep 19 07:42:58.929: INFO: &#x9;Container es-master ready: true, restart count 0&#xA;Sep 19 07:42:58.996: INFO: &#xA;Latency metrics for node 10.46.6.171&#xA;Sep 19 07:42:58.996: INFO: &#xA;Logging node info for node 10.46.6.172&#xA;Sep 19 07:42:59.000: INFO: Node Info: &amp;Node{ObjectMeta:k8s_io_apimachinery_pkg_apis_meta_v1.ObjectMeta{Name:10.46.6.172,GenerateName:,Namespace:,SelfLink:/api/v1/nodes/10.46.6.172,UID:0c6032ef-ba48-11e8-b20e-fa163e707b2e,ResourceVersion:458220,Generation:0,CreationTimestamp:2018-09-17 07:05:24 +0000 UTC,DeletionTimestamp:&lt;nil&gt;,DeletionGracePeriodSeconds:nil,Labels:map[string]string{beta.kubernetes.io/arch: amd64,beta.kubernetes.io/os: linux,kubernetes.io/hostname: 10.46.6.172,node-role.kubernetes.io/va: true,va: true,},Annotations:map[string]string{node.alpha.kubernetes.io/ttl: 0,volumes.kubernetes.io/controller-managed-attach-detach: true,},OwnerReferences:[],Finalizers:[],ClusterName:,Initializers:nil,},Spec:NodeSpec{PodCIDR:,DoNotUse_ExternalID:,ProviderID:,Unschedulable:false,Taints:[{dedicated va NoSchedule &lt;nil&gt;}],ConfigSource:nil,},Status:NodeStatus{Capacity:ResourceList{cpu: {{8 0} {&lt;nil&gt;} 8 DecimalSI},ephemeral-storage: {{107362627584 0} {&lt;nil&gt;} 104846316Ki BinarySI},hugepages-1Gi: {{0 0} {&lt;nil&gt;} 0 DecimalSI},hugepages-2Mi: {{0 0} {&lt;nil&gt;} 0 DecimalSI},memory: {{16825622528 0} {&lt;nil&gt;}  BinarySI},pods: {{80 0} {&lt;nil&gt;} 80 DecimalSI},},Allocatable:ResourceList{cpu: {{8 0} {&lt;nil&gt;} 8 DecimalSI},ephemeral-storage: {{107257769984 0} {&lt;nil&gt;} 104743916Ki BinarySI},hugepages-1Gi: {{0 0} {&lt;nil&gt;} 0 DecimalSI},hugepages-2Mi: {{0 0} {&lt;nil&gt;} 0 DecimalSI},memory: {{16720764928 0} {&lt;nil&gt;}  BinarySI},pods: {{80 0} {&lt;nil&gt;} 80 DecimalSI},},Phase:,Conditions:[{OutOfDisk False 2018-09-19 07:42:51 +0000 UTC 2018-09-17 07:05:24 +0000 UTC KubeletHasSufficientDisk kubelet has sufficient disk space available} {MemoryPressure False 2018-09-19 07:42:51 +0000 UTC 2018-09-17 07:05:24 +0000 UTC KubeletHasSufficientMemory kubelet has sufficient memory available} {DiskPressure False 2018-09-19 07:42:51 +0000 UTC 2018-09-17 07:05:24 +0000 UTC KubeletHasNoDiskPressure kubelet has no disk pressure} {PIDPressure False 2018-09-19 07:42:51 +0000 UTC 2018-09-17 07:05:24 +0000 UTC KubeletHasSufficientPID kubelet has sufficient PID available} {Ready True 2018-09-19 07:42:51 +0000 UTC 2018-09-17 07:06:04 +0000 UTC KubeletReady kubelet is posting ready status}],Addresses:[{InternalIP 10.46.6.172} {Hostname 10.46.6.172}],DaemonEndpoints:NodeDaemonEndpoints{KubeletEndpoint:DaemonEndpoint{Port:10250,},},NodeInfo:NodeSystemInfo{MachineID:52ca0d2c3fb341c79b059a96d10571a6,SystemUUID:3D48E3C5-99D8-4CA3-9AB5-A8540613166F,BootID:d81d494e-264a-48ce-a4f2-76b16f6ece1f,KernelVersion:3.10.0-862.9.1.el7.x86_64,OSImage:Red Hat Enterprise Linux,ContainerRuntimeVersion:docker://18.3.1,KubeletVersion:v1.11.1+icp-ee,KubeProxyVersion:v1.11.1+icp-ee,OperatingSystem:linux,Architecture:amd64,},Images:[{[lzj.icp:8500/ibmcom/statsd-amd64@sha256:5ee11bc24bced45a77d9d630348680f319c09d9d3b2230b04518d1e2a5263ae2 lzj.icp:8500/ibmcom/statsd@sha256:af7a9d0c4f029d0247da41f67c7e87f3655175962b79a189a6a9ace0ff841049 lzj.icp:8500/ibmcom/statsd-amd64:0.7.2.1 lzj.icp:8500/ibmcom/statsd:0.7.2.1] 1234731808} {[lzj.icp:8500/ibmcom/kafka-amd64@sha256:0d6d348ccd7aa2854d60791331280e58db92029a522c8bfb3eb40c7c0913ca8f lzj.icp:8500/ibmcom/kafka@sha256:f0b4a833c3da439cadb783bb9cb578f96b1328557b8402a98f01c5c21497d93a lzj.icp:8500/ibmcom/kafka-amd64:0.10.0.2 lzj.icp:8500/ibmcom/kafka:0.10.0.2] 1114805679} {[lzj.icp:8500/ibmcom/iam-token-service-amd64@sha256:9211161e5b5b9d892a99b46fad4429333ceb7143b4039419df7ea0efa36381a9 lzj.icp:8500/ibmcom/iam-token-service@sha256:1b9308e68de93b43e9a85c0e005d80d423e88db7d88ee7114a80b2fade7a78ed lzj.icp:8500/ibmcom/iam-token-service-amd64:3.1.0 lzj.icp:8500/ibmcom/iam-token-service:3.1.0] 1051060152} {[lzj.icp:8500/ibmcom/icp-platform-auth-amd64@sha256:abc258009b8696a83214b7a9d9df63f6d83e19cfca2987c4836b0eadfa4c99c7 lzj.icp:8500/ibmcom/icp-platform-auth@sha256:c544b90a099b6c29ba4ee7f2ad4dded1277c948a0826b38ebe3250cdc7d1529c lzj.icp:8500/ibmcom/icp-platform-auth-amd64:3.1.0 lzj.icp:8500/ibmcom/icp-platform-auth:3.1.0] 1028283742} {[lzj.icp:8500/ibmcom/reg-crawler-amd64@sha256:9e5d4ebbac3dd6cbf9f892b5bd634f89fae3d4b2e6a23debd3ecd322e3eb817e lzj.icp:8500/ibmcom/reg-crawler@sha256:a9033d9cb2406d11c616fdfedc9bc56bc4ef970bd0a7b02899b3e5c1b353799b lzj.icp:8500/ibmcom/reg-crawler-amd64:1.3.1 lzj.icp:8500/ibmcom/reg-crawler:1.3.1] 1007817363} {[lzj.icp:8500/ibmcom/live-crawler-amd64@sha256:37a79ec87bd3c8b9af25cf1e25f4f14281ffb9f5ebeaf61c0b7c8a5799baf782 lzj.icp:8500/ibmcom/live-crawler@sha256:1a648615e7b439f093697f65350262823e6c711c4b21ea81596ced1c28a48133 lzj.icp:8500/ibmcom/live-crawler-amd64:1.3.1 lzj.icp:8500/ibmcom/live-crawler:1.3.1] 987515538} {[lzj.icp:8500/ibmcom/cos-indexer-amd64@sha256:adf28ff960ebdcbfcfa5e4522b81aa3565338f8d640dad611a1c3f0d3894393b lzj.icp:8500/ibmcom/cos-indexer@sha256:bb31dc8ef37e8482b2b9dedc0e54f46f7d3c678b22a3130eca9dde80fed65df1 lzj.icp:8500/ibmcom/cos-indexer-amd64:1.3.1 lzj.icp:8500/ibmcom/cos-indexer:1.3.1] 846578165} {[lzj.icp:8500/ibmcom/secure-config-annotator-amd64@sha256:26e845c6a252e0c5ae73e764645993b3270e289d1a2e9784b06ddd7898ca45d9 lzj.icp:8500/ibmcom/secure-config-annotator@sha256:cfaadd13c4ef4bdc937d296faff78e98473be8c9c6ae6b4a38927c952948914f lzj.icp:8500/ibmcom/secure-config-annotator-amd64:1.3.1 lzj.icp:8500/ibmcom/secure-config-annotator:1.3.1] 835555196} {[lzj.icp:8500/ibmcom/hyperkube-amd64@sha256:9eaadf7c2a417ee2a9a219e2eadf21884742199a484be2ca737f0e8a178d490a lzj.icp:8500/ibmcom/hyperkube@sha256:9fbddbf2d04354912c8a981395493d250474cb9fa587fa91119e69467078b180 lzj.icp:8500/ibmcom/hyperkube-amd64:v1.11.1-ee lzj.icp:8500/ibmcom/hyperkube:v1.11.1-ee] 782626408} {[lzj.icp:8500/ibmcom/compliance-annotator-amd64@sha256:5d8bbbef3a7dc54ba9addb256d2aa8a3f7d5c27a454ff4b7ee583b217dac2ce4 lzj.icp:8500/ibmcom/compliance-annotator@sha256:be00ccb777b1e90601cc563112e32ae831b0fb7d4933f1aa3c49379cabe41c3f lzj.icp:8500/ibmcom/compliance-annotator-amd64:1.3.1 lzj.icp:8500/ibmcom/compliance-annotator:1.3.1] 773932738} {[lzj.icp:8500/ibmcom/icp-logstash-amd64@sha256:02a683ee6ad9eeed7ea8ebb1de713aaf902a9e20a39ccc0294ee1f947f1bbd73 lzj.icp:8500/ibmcom/icp-logstash@sha256:a182a00827aefe7f5f95b18fa1ec8f6897989290b37f3d98bd6440ddda796433 lzj.icp:8500/ibmcom/icp-logstash-amd64:5.5.1 lzj.icp:8500/ibmcom/icp-logstash:5.5.1] 764906887} {[lzj.icp:8500/ibmcom/process-ma-hf-amd64@sha256:ef0d164350d07600f8037082db7d98cf81b9c554d8a60692ae90b8d0239a8cdc lzj.icp:8500/ibmcom/process-ma-hf@sha256:114b48d67e46f6ad3624dfa99baab8f9c62fb5ba88d210d0f42e106eda4e0ee8 lzj.icp:8500/ibmcom/process-ma-hf-amd64:1.3.1 lzj.icp:8500/ibmcom/process-ma-hf:1.3.1] 758635128} {[lzj.icp:8500/ibmcom/vulnerability-annotator-amd64@sha256:febedf85b65e0d1800e67249274d474d4ce67e8041e81487f76bce727cb39bd4 lzj.icp:8500/ibmcom/vulnerability-annotator@sha256:2ca368468e5d1c7ed82b3947b8d8904da34969bd72e67b382bfd0579fe3f148d lzj.icp:8500/ibmcom/vulnerability-annotator-amd64:1.3.1 lzj.icp:8500/ibmcom/vulnerability-annotator:1.3.1] 757013017} {[lzj.icp:8500/ibmcom/py-generic-indexer-amd64@sha256:45cb17e23e15f4dfe44471309af12f0655aad5f8e859c718f393290f220b02b2 lzj.icp:8500/ibmcom/py-generic-indexer@sha256:63a28bc72b6588e508ad23b569a228d6219e2d6fdddb2b1b073e1d2c70ec7641 lzj.icp:8500/ibmcom/py-generic-indexer-amd64:1.3.1 lzj.icp:8500/ibmcom/py-generic-indexer:1.3.1] 755588945} {[lzj.icp:8500/ibmcom/icp-inception-amd64@sha256:1dad180d14ae732d17ca5cf41b87dbb316c072323f186d60a08a753f904eb5b2 lzj.icp:8500/ibmcom/icp-inception@sha256:d395315f0fde94a5cacd9945cd7932b4eda45fe404a6b9d55a8ec8ebeed2a0a8 lzj.icp:8500/ibmcom/icp-inception-amd64:3.1.0-ee lzj.icp:8500/ibmcom/icp-inception:3.1.0-ee] 744155119} {[lzj.icp:8500/ibmcom/config-parser-amd64@sha256:7d721e0b5a827921ac16fa9e7570db225211e6dd700cdeaba1d28ba02ff8ef6d lzj.icp:8500/ibmcom/config-parser@sha256:2b7d6f1ea57d6e4d9caaca5d0e2bb35d2e6db316e2f18ef9a51b5bfa48119f69 lzj.icp:8500/ibmcom/config-parser-amd64:1.3.1 lzj.icp:8500/ibmcom/config-parser:1.3.1] 739243486} {[lzj.icp:8500/ibmcom/iam-policy-administration-amd64@sha256:e1941aa09a5b692505cb3be3e497d3ff9acb900786b9a2c8c4c00d0243b37dd0 lzj.icp:8500/ibmcom/iam-policy-administration@sha256:ab0d5c50f5e5fc9a537e97183ed694e34d57fa00121bc08bedb261b80e29b9a4 lzj.icp:8500/ibmcom/iam-policy-administration-amd64:3.1.0 lzj.icp:8500/ibmcom/iam-policy-administration:3.1.0] 711947327} {[lzj.icp:8500/ibmcom/password-annotator-amd64@sha256:bca1b6b222d8ea8ade174a8cc1a549f161d75d3e9d69881f08a1fb316a8e27d3 lzj.icp:8500/ibmcom/password-annotator@sha256:5c7e8db45db52a6bca7d76ae8c2ff74eb43644f7959d66ddc67454bcbca765ec lzj.icp:8500/ibmcom/password-annotator-amd64:1.3.1 lzj.icp:8500/ibmcom/password-annotator:1.3.1] 707627907} {[lzj.icp:8500/ibmcom/notification-dispatcher-amd64@sha256:ec8dfbc351a0d758488f9f8bfa17c3182a5c02819a6ebf7144ab914a2233cf57 lzj.icp:8500/ibmcom/notification-dispatcher@sha256:6d7e6b836f0cfeb5fb18cd29fdd8315fb44013f8d21830b9c5ab60b605c5e3c5 lzj.icp:8500/ibmcom/notification-dispatcher-amd64:1.3.1 lzj.icp:8500/ibmcom/notification-dispatcher:1.3.1] 707588442} {[lzj.icp:8500/ibmcom/sas-base-amd64@sha256:9651b1149c62d5a0968aaeffe71f2da68cd7e07ff8d7ea67538278c00ab08457 lzj.icp:8500/ibmcom/sas-base@sha256:56bb0790e5f06276b7435c731687f733901fedc80af299dc8a8eaf72d7365560 lzj.icp:8500/ibmcom/sas-base-amd64:1.3.1 lzj.icp:8500/ibmcom/sas-base:1.3.1] 653746081} {[lzj.icp:8500/ibmcom/ma-file-annotator-amd64@sha256:8caa6280fd845fd524ad874a6b243510ebf085d58c989229020fcfc743492632 lzj.icp:8500/ibmcom/ma-file-annotator@sha256:cd8dc2a26e2a84bf7d8ba982c6a21c034239de5e2dc12767d3f60985e495d957 lzj.icp:8500/ibmcom/ma-file-annotator-amd64:1.3.1 lzj.icp:8500/ibmcom/ma-file-annotator:1.3.1] 653745236} {[lzj.icp:8500/ibmcom/icp-kibana-amd64@sha256:8b69887ac5297e1d2e68b9c2ce885b9a888f6c278ca1538acb0f03206b48502a lzj.icp:8500/ibmcom/icp-kibana@sha256:6e2746da64a64f98c5761b87d5e185a9c2ac75c9c4e767ab284062b1847b7571 lzj.icp:8500/ibmcom/icp-kibana-amd64:5.5.1 lzj.icp:8500/ibmcom/icp-kibana:5.5.1] 639622018} {[lzj.icp:8500/ibmcom/icp-platform-api-amd64@sha256:1fc47925c2611aef12631b3f3806308f55a298074aebc561fd04cf8a7691c669 lzj.icp:8500/ibmcom/icp-platform-api@sha256:6b5585999f45fa6dc7a6a1d8bcb4d544c96a3e1fd3bd9f133ebed2e356985a0e lzj.icp:8500/ibmcom/icp-platform-api-amd64:3.1.0 lzj.icp:8500/ibmcom/icp-platform-api:3.1.0] 612589125} {[lzj.icp:8500/ibmcom/iam-policy-decision-amd64@sha256:d49eb3845c57bb8370a477949d92da10a178b81ade50f0e9d970981fadd6686d lzj.icp:8500/ibmcom/iam-policy-decision@sha256:ecd9f36e17e57c6be41e744abc17baacddd28178485d29cb112ffc5e558d2c09 lzj.icp:8500/ibmcom/iam-policy-decision-amd64:3.1.0 lzj.icp:8500/ibmcom/iam-policy-decision:3.1.0] 559718344} {[lzj.icp:8500/ibmcom/rootkit-annotator-amd64@sha256:caf6c24136b8785d901f346a640d673b55fe105c3617cfcb432ee2006f5b1cf4 lzj.icp:8500/ibmcom/rootkit-annotator@sha256:9aabe418ab5c5b3ce86dcfad5dc63a14124bf56227a7decb6656382f2cf9606e lzj.icp:8500/ibmcom/rootkit-annotator-amd64:1.3.1 lzj.icp:8500/ibmcom/rootkit-annotator:1.3.1] 549434506} {[lzj.icp:8500/ibmcom/icp-elasticsearch-amd64@sha256:0063a7a931ca4e52d8f7a51f2bdb010345f4373b5b904b52e5c8a48ec0c1fde7 lzj.icp:8500/ibmcom/icp-elasticsearch@sha256:b410aacb6005fe24bfd87b045ea26fde3d6eb3ca52c3f0e4560cdc208944ba50 lzj.icp:8500/ibmcom/icp-elasticsearch-amd64:5.5.1 lzj.icp:8500/ibmcom/icp-elasticsearch:5.5.1] 520121248} {[lzj.icp:8500/ibmcom/logging-pki-init-amd64@sha256:cc4bfa085e1ae99120ee526acd3e62d205e10de6f1c773c521fc5b933914f6a8 lzj.icp:8500/ibmcom/logging-pki-init@sha256:21aa9cbd05a849b4891b15cf636f73545f6001f16c82f8eeed2e90b4f9312377 lzj.icp:8500/ibmcom/logging-pki-init-amd64:2.0.0 lzj.icp:8500/ibmcom/logging-pki-init:2.0.0] 501921135} {[lzj.icp:8500/ibmcom/searchguard-init-amd64@sha256:d19ce1d27f406945d4ed78b0f07007998c2ab3889086e502924847c2186db546 lzj.icp:8500/ibmcom/searchguard-init@sha256:3d0d8a8404a9df5ad238bce1e0542cdda609cc445dfc3964952243d9fc103276 lzj.icp:8500/ibmcom/searchguard-init-amd64:2.0.0 lzj.icp:8500/ibmcom/searchguard-init:2.0.0] 457030441} {[lzj.icp:8500/ibmcom/metering-ui-amd64@sha256:3628a8fe41183c08ea0b02e2e798e3649e4aebe2c2405c34572b9eb7c7c4d9a8 lzj.icp:8500/ibmcom/metering-ui@sha256:d6453f9afecc9b1fc778c195e20bbb39d4ef6262af2f7a9a5ce3cddc259fec99 lzj.icp:8500/ibmcom/metering-ui-amd64:3.1.0 lzj.icp:8500/ibmcom/metering-ui:3.1.0] 385577105} {[lzj.icp:8500/ibmcom/heketi-amd64@sha256:c5b579a4f219c87990f861eb61de86cb9cfb51b6d230b8c299df7d9fd3d02d0e lzj.icp:8500/ibmcom/heketi@sha256:eb6875247a56829a20d0949f034b08a0e682201ab1d88d3cba71972932c254f5 lzj.icp:8500/ibmcom/heketi-amd64:v7.0.0 lzj.icp:8500/ibmcom/heketi:v7.0.0] 384720377} {[lzj.icp:8500/ibmcom/icp-mongodb-amd64@sha256:a305ae8bc309898d86bf60aee968846db3602f77b25924640d5f08a2389ee99d lzj.icp:8500/ibmcom/icp-mongodb@sha256:fe8b55caf7bb855fd4e244450af5195f2243b766c6934d464128bf982b29b345 lzj.icp:8500/ibmcom/icp-mongodb-amd64:3.1.0 lzj.icp:8500/ibmcom/icp-mongodb:3.1.0] 379353410} {[lzj.icp:8500/ibmcom/icp-catalog-ui-amd64@sha256:33993b4eab189e3c78fe27799017da770d47523cf6831460741008bf91297d6d lzj.icp:8500/ibmcom/icp-catalog-ui@sha256:049f3c4946a0ad2c10507e5e42a464448e858fb3ae606cfd84825d340adb1125 lzj.icp:8500/ibmcom/icp-catalog-ui-amd64:3.1.0 lzj.icp:8500/ibmcom/icp-catalog-ui:3.1.0] 363781304} {[lzj.icp:8500/ibmcom/nginx-ingress-controller-amd64@sha256:63b48dd3ba635aa65409f7d6a319e293697810c1b9e885e6255bebf36a2506ab lzj.icp:8500/ibmcom/nginx-ingress-controller@sha256:f68b2ce26292e02ef3dbc6cfae17cec3d54b9afee9bf5298bf95d005c0783143 lzj.icp:8500/ibmcom/nginx-ingress-controller-amd64:0.16.2 lzj.icp:8500/ibmcom/nginx-ingress-controller:0.16.2] 361632894} {[lzj.icp:8500/ibmcom/mariadb-amd64@sha256:1f9876179c32fcf463804f75cbf2fb031106edf2be9d5dbf6705375ca53930bb lzj.icp:8500/ibmcom/mariadb@sha256:2272622e7f6786220d7ee2b482a3050bd34c3e1ecdc99af6175a146610222763 lzj.icp:8500/ibmcom/mariadb-amd64:10.2.17 lzj.icp:8500/ibmcom/mariadb:10.2.17] 358991946} {[lzj.icp:8500/ibmcom/k8szk-amd64@sha256:a9ee22a4df14654552a02303e4560623244683692fd298dd2fb71e9dd66219f3 lzj.icp:8500/ibmcom/k8szk@sha256:20cfeb163fb828c3c3a7c0baf2883e90c72c8d97d20116253903e82aa2be801f lzj.icp:8500/ibmcom/k8szk-amd64:v3 lzj.icp:8500/ibmcom/k8szk:v3] 331472973} {[lzj.icp:8500/ibmcom/gluster-amd64@sha256:647caedb536eb7b8c5c8b0a2b69e52d2a34be9e6c9c7b9c1b21d14fcfa261886 lzj.icp:8500/ibmcom/gluster@sha256:eeabf9b160370078d12a4c2b84f1a9772fe10c64446f0c2251eb53b8b5277baa lzj.icp:8500/ibmcom/gluster-amd64:v4.0.2 lzj.icp:8500/ibmcom/gluster:v4.0.2] 324265531} {[lzj.icp:8500/ibmcom/istio-grafana-amd64@sha256:381a2dd3a5addbc5d43920bc19bb15ba6dbd422e4a9d91163108e72c5a63234c lzj.icp:8500/ibmcom/istio-grafana@sha256:f4fdaf4a51b946f6d4fb9aa82cdbfef53c8e0b7b2223078f9d7f62bb28d3259b lzj.icp:8500/ibmcom/istio-grafana-amd64:1.0.0.1 lzj.icp:8500/ibmcom/istio-grafana:1.0.0.1] 324187770} {[lzj.icp:8500/ibmcom/icp-filebeat-amd64@sha256:03af9b78dad6c2ba857975d10c81e781460796dff1ff1163ea4596f4aa10601d lzj.icp:8500/ibmcom/icp-filebeat@sha256:72669dde64d7ab85bbb9e93428efe548b2693a4eae5168a4705f6e30cd20e584 lzj.icp:8500/ibmcom/icp-filebeat-amd64:5.5.1 lzj.icp:8500/ibmcom/icp-filebeat:5.5.1] 317104874} {[lzj.icp:8500/ibmcom/istio-proxyv2-amd64@sha256:cd77e75fa85ce74914e1b7b0bef980ece8a62ef0d776c9ef51a0d7d30b4b64a0 lzj.icp:8500/ibmcom/istio-proxyv2@sha256:9c94d736c8cbb41e2c5b0b672530eee0df6cbb628d57f4ddaec9f4ff4f49ce35 lzj.icp:8500/ibmcom/istio-proxyv2-amd64:1.0.0.1 lzj.icp:8500/ibmcom/istio-proxyv2:1.0.0.1] 311276139} {[lzj.icp:8500/ibmcom/istio-pilot-amd64@sha256:63352073a964037fd37f6150228231d2e5eca7e0c2920405d6269326d3c54263 lzj.icp:8500/ibmcom/istio-pilot@sha256:ad129a4be7b6d1536c384efd03fb570b973b9c77a56a48e6b9cfe192a76c111e lzj.icp:8500/ibmcom/istio-pilot-amd64:1.0.0.1 lzj.icp:8500/ibmcom/istio-pilot:1.0.0.1] 309502004} {[lzj.icp:8500/ibmcom/fluentd-amd64@sha256:384a99b8d941c93f96ee5b5cbae5b70500219a3f71c73cf4eddd20d9d693e3b3 lzj.icp:8500/ibmcom/fluentd@sha256:f85a5ffd86438f1a73d04caf6e33ef3474675d9fa0947431f4d0a9602fc981af lzj.icp:8500/ibmcom/fluentd-amd64:v1.2.2-icp lzj.icp:8500/ibmcom/fluentd:v1.2.2-icp] 270902701} {[lzj.icp:8500/ibmcom/icp-identity-manager-amd64@sha256:632f31acd0fcfc3d0cebea31cfb71018f6712bd1a1b4da7476942b3c23aa3521 lzj.icp:8500/ibmcom/icp-identity-manager@sha256:993462e02a42c15b03722d935809476c8e10e6e0b3a2669eb528081e92a49859 lzj.icp:8500/ibmcom/icp-identity-manager-amd64:3.1.0 lzj.icp:8500/ibmcom/icp-identity-manager:3.1.0] 268667523} {[lzj.icp:8500/ibmcom/elasticsearch-plugin-searchguard-amd64@sha256:28f88d06bbbc073162702064c1be4ad06272e9021cbc0f929ba8c6da2ca25ae6 lzj.icp:8500/ibmcom/elasticsearch-plugin-searchguard@sha256:f47116021e3eec7b2fed9f6ed8bd77fd890457e5a1546dda7f863c032d4395b1 lzj.icp:8500/ibmcom/elasticsearch-plugin-searchguard-amd64:2.0.0 lzj.icp:8500/ibmcom/elasticsearch-plugin-searchguard:2.0.0] 267864279} {[lzj.icp:8500/ibmcom/kiali-amd64@sha256:bec63b454cf2e597c61f6a9943144050e5e6fc7a4f6474bc3bb6b627ba20c71c lzj.icp:8500/ibmcom/kiali@sha256:71a50e9885495157454657bc93842a7310e96e822a4117ad751ad81af83fde5e lzj.icp:8500/ibmcom/kiali-amd64:istio-release-1.0.0.1 lzj.icp:8500/ibmcom/kiali:istio-release-1.0.0.1] 265771300} {[lzj.icp:8500/ibmcom/calico-node-amd64@sha256:9871f4dde9eab9fd804b12f3114da36505ff5c220e2323b7434eec24e3b23ac5 lzj.icp:8500/ibmcom/calico-node@sha256:85a23d8030137d49663d3d82844a61998331606de9fc523dfdd0a75be7fb9828 lzj.icp:8500/ibmcom/calico-node-amd64:v3.1.3 lzj.icp:8500/ibmcom/calico-node:v3.1.3] 248202699} {[lzj.icp:8500/ibmcom/grafana-amd64@sha256:dc3566257a0c716caedfb33127d8ee385290c1dda006bebfb75c376d56b30c88 lzj.icp:8500/ibmcom/grafana@sha256:5d2739d3ec5c7f6ea66d69caa918b764660b99a3d37cb1f4123f1a9623ce8e38 lzj.icp:8500/ibmcom/grafana-amd64:5.2.0 lzj.icp:8500/ibmcom/grafana:5.2.0] 245297582} {[lzj.icp:8500/ibmcom/indices-cleaner-amd64@sha256:e6c6453d54012488e9ebfaa9e4d829f567d8e66b24c1613e6d88ca192ed5e85b lzj.icp:8500/ibmcom/indices-cleaner@sha256:31dac3be1246f17dddade06b517c073244ce56d85bc54135fdaf010dbb0bca10 lzj.icp:8500/ibmcom/indices-cleaner-amd64:1.0.0 lzj.icp:8500/ibmcom/indices-cleaner:1.0.0] 238131553} {[lzj.icp:8500/ibmcom/icp-identity-provider-amd64@sha256:24dba8b07c8295eef99abbf8d83041908516e4e50e4e4cfbbbcd53bdf415dda1 lzj.icp:8500/ibmcom/icp-identity-provider@sha256:b5bf63419b53ba550cad7a1b835d0d0eaae1fde8851c7936f8deb603fef673a6 lzj.icp:8500/ibmcom/icp-identity-provider-amd64:3.1.0 lzj.icp:8500/ibmcom/icp-identity-provider:3.1.0] 224286517} {[lzj.icp:8500/ibmcom/curl-amd64@sha256:aad05b4e4529f7e70516d8d3028cae6cd1d50de738ce164f2a532ce2470ac43f lzj.icp:8500/ibmcom/curl@sha256:adf92a267e351914d041a56d64ebe80331c45f8e20ab23b7ada67bea78da9996 lzj.icp:8500/ibmcom/curl-amd64:4.0.0 lzj.icp:8500/ibmcom/curl:4.0.0] 221192597} {[lzj.icp:8500/ibmcom/icp-audit-service-amd64@sha256:9add202c06a43da647380c860d9139fa059701fe103c1f229281215bf99dbbd3 lzj.icp:8500/ibmcom/icp-audit-service@sha256:7c3d710c31f6f5ae0227edc1599bdf64bc82e4fcd2b3aa8f197148240d2ab01c lzj.icp:8500/ibmcom/icp-audit-service-amd64:3.1.0 lzj.icp:8500/ibmcom/icp-audit-service:3.1.0] 215897363}],VolumesInUse:[],VolumesAttached:[],Config:&amp;NodeConfigStatus{Assigned:nil,Active:nil,LastKnownGood:nil,Error:,},},}&#xA;Sep 19 07:42:59.000: INFO: &#xA;Logging kubelet events for node 10.46.6.172&#xA;Sep 19 07:42:59.004: INFO: &#xA;Logging pods the kubelet thinks is on node 10.46.6.172&#xA;Sep 19 07:42:59.038: INFO: vulnerability-advisor-cos-indexer-57899b7dd6-7cpf8 started at 2018-09-17 07:19:04 +0000 UTC (0+1 container statuses recorded)&#xA;Sep 19 07:42:59.038: INFO: &#x9;Container cos-indexer ready: true, restart count 3&#xA;Sep 19 07:42:59.038: INFO: vulnerability-advisor-kafka-0 started at 2018-09-17 07:19:13 +0000 UTC (0+1 container statuses recorded)&#xA;Sep 19 07:42:59.038: INFO: &#x9;Container kafka-server ready: true, restart count 2&#xA;Sep 19 07:42:59.039: INFO: calico-node-wsknj started at 2018-09-17 07:05:53 +0000 UTC (0+2 container statuses recorded)&#xA;Sep 19 07:42:59.039: INFO: &#x9;Container calico-node ready: true, restart count 0&#xA;Sep 19 07:42:59.039: INFO: &#x9;Container install-cni ready: true, restart count 0&#xA;Sep 19 07:42:59.039: INFO: metering-reader-gsrdg started at 2018-09-17 07:14:11 +0000 UTC (1+1 container statuses recorded)&#xA;Sep 19 07:42:59.039: INFO: &#x9;Init container metering-reader-init ready: true, restart count 1&#xA;Sep 19 07:42:59.039: INFO: &#x9;Container metering-reader ready: true, restart count 0&#xA;Sep 19 07:42:59.039: INFO: logging-elk-filebeat-ds-vpk48 started at 2018-09-17 07:15:20 +0000 UTC (0+1 container statuses recorded)&#xA;Sep 19 07:42:59.039: INFO: &#x9;Container filebeat ready: true, restart count 0&#xA;Sep 19 07:42:59.039: INFO: vulnerability-advisor-password-annotator-79b5d794b5-wnwqn started at 2018-09-17 07:19:05 +0000 UTC (0+1 container statuses recorded)&#xA;Sep 19 07:42:59.039: INFO: &#x9;Container config-parser ready: true, restart count 3&#xA;Sep 19 07:42:59.039: INFO: vulnerability-advisor-vulnerability-annotator-bcbf5595f-hxwst started at 2018-09-17 07:19:10 +0000 UTC (0+1 container statuses recorded)&#xA;Sep 19 07:42:59.039: INFO: &#x9;Container va-annotator ready: true, restart count 3&#xA;Sep 19 07:42:59.039: INFO: vulnerability-advisor-minio-0 started at 2018-09-17 07:19:16 +0000 UTC (1+1 container statuses recorded)&#xA;Sep 19 07:42:59.039: INFO: &#x9;Init container wait-kafka ready: true, restart count 1&#xA;Sep 19 07:42:59.039: INFO: &#x9;Container minio-server ready: true, restart count 0&#xA;Sep 19 07:42:59.039: INFO: nvidia-device-plugin-w9jr8 started at 2018-09-17 07:07:17 +0000 UTC (1+1 container statuses recorded)&#xA;Sep 19 07:42:59.039: INFO: &#x9;Init container nvidia-driver-collector ready: true, restart count 0&#xA;Sep 19 07:42:59.039: INFO: &#x9;Container nvidia-device-plugin ready: true, restart count 0&#xA;Sep 19 07:42:59.039: INFO: vulnerability-advisor-live-crawler-84st2 started at 2018-09-17 07:19:03 +0000 UTC (0+1 container statuses recorded)&#xA;Sep 19 07:42:59.039: INFO: &#x9;Container live-crawler ready: true, restart count 0&#xA;Sep 19 07:42:59.039: INFO: vulnerability-advisor-process-ma-annotator-58f47d5b5f-xbxrc started at 2018-09-17 07:19:06 +0000 UTC (0+2 container statuses recorded)&#xA;Sep 19 07:42:59.039: INFO: &#x9;Container icp-audit-service ready: true, restart count 0&#xA;Sep 19 07:42:59.039: INFO: &#x9;Container process-ma-annotator ready: true, restart count 2&#xA;Sep 19 07:42:59.039: INFO: vulnerability-advisor-compliance-indexer-7cbdc64b57-47lmd started at 2018-09-17 07:19:07 +0000 UTC (0+1 container statuses recorded)&#xA;Sep 19 07:42:59.039: INFO: &#x9;Container py-compliance-indexer ready: true, restart count 0&#xA;Sep 19 07:42:59.039: INFO: vulnerability-advisor-minio-cleaner-1537228740-55f4w started at 2018-09-17 23:59:03 +0000 UTC (0+1 container statuses recorded)&#xA;Sep 19 07:42:59.039: INFO: &#x9;Container cleaner ready: false, restart count 0&#xA;Sep 19 07:42:59.039: INFO: audit-logging-fluentd-ds-8bh4t started at 2018-09-17 07:18:46 +0000 UTC (0+1 container statuses recorded)&#xA;Sep 19 07:42:59.039: INFO: &#x9;Container fluentd ready: true, restart count 0&#xA;Sep 19 07:42:59.039: INFO: vulnerability-advisor-process-ma-crawler-24z6k started at 2018-09-17 07:19:03 +0000 UTC (0+1 container statuses recorded)&#xA;Sep 19 07:42:59.039: INFO: &#x9;Container process-ma-crawler ready: true, restart count 0&#xA;Sep 19 07:42:59.039: INFO: vulnerability-advisor-config-parser-5d44b78fd5-z4k9t started at 2018-09-17 07:19:04 +0000 UTC (0+1 container statuses recorded)&#xA;Sep 19 07:42:59.039: INFO: &#x9;Container config-parser ready: true, restart count 4&#xA;Sep 19 07:42:59.039: INFO: vulnerability-advisor-notification-dispatcher-86f8bf4b4d-cfdzb started at 2018-09-17 07:19:04 +0000 UTC (0+1 container statuses recorded)&#xA;Sep 19 07:42:59.039: INFO: &#x9;Container notification-dispatcher ready: true, restart count 3&#xA;Sep 19 07:42:59.039: INFO: vulnerability-advisor-process-ma-annotator-init-869545d547nn27w started at 2018-09-17 07:19:06 +0000 UTC (0+1 container statuses recorded)&#xA;Sep 19 07:42:59.039: INFO: &#x9;Container process-ma-annotator ready: true, restart count 0&#xA;Sep 19 07:42:59.039: INFO: vulnerability-advisor-process-ma-annotator-58f47d5b5f-4wglg started at 2018-09-17 07:19:06 +0000 UTC (0+2 container statuses recorded)&#xA;Sep 19 07:42:59.039: INFO: &#x9;Container icp-audit-service ready: true, restart count 0&#xA;Sep 19 07:42:59.039: INFO: &#x9;Container process-ma-annotator ready: true, restart count 1&#xA;Sep 19 07:42:59.039: INFO: vulnerability-advisor-rootkit-indexer-cd8b4646b-xlhwq started at 2018-09-17 07:19:07 +0000 UTC (0+1 container statuses recorded)&#xA;Sep 19 07:42:59.039: INFO: &#x9;Container py-rootkit-indexer ready: true, restart count 0&#xA;Sep 19 07:42:59.039: INFO: vulnerability-advisor-secconfig-indexer-674647df7c-qq5ff started at 2018-09-17 07:19:07 +0000 UTC (0+1 container statuses recorded)&#xA;Sep 19 07:42:59.039: INFO: &#x9;Container py-secconfig-indexer ready: true, restart count 0&#xA;Sep 19 07:42:59.039: INFO: k8s-proxy-10.46.6.172 started at &lt;nil&gt; (0+0 container statuses recorded)&#xA;Sep 19 07:42:59.039: INFO: vulnerability-advisor-minio-cleaner-1537315140-nqk7v started at 2018-09-18 23:59:04 +0000 UTC (0+1 container statuses recorded)&#xA;Sep 19 07:42:59.039: INFO: &#x9;Container cleaner ready: false, restart count 0&#xA;Sep 19 07:42:59.039: INFO: vulnerability-advisor-registry-crawler-6f9568677b-bfpm6 started at 2018-09-17 07:19:08 +0000 UTC (0+1 container statuses recorded)&#xA;Sep 19 07:42:59.039: INFO: &#x9;Container reg-crawler ready: true, restart count 0&#xA;Sep 19 07:42:59.039: INFO: vulnerability-advisor-sas-apiserver-5fd8d44bc9-7bvkn started at 2018-09-17 07:19:09 +0000 UTC (0+3 container statuses recorded)&#xA;Sep 19 07:42:59.039: INFO: &#x9;Container icp-audit-service ready: true, restart count 0&#xA;Sep 19 07:42:59.039: INFO: &#x9;Container sas-api-server ready: true, restart count 0&#xA;Sep 19 07:42:59.039: INFO: &#x9;Container sas-proxy-server ready: true, restart count 0&#xA;Sep 19 07:42:59.039: INFO: vulnerability-advisor-zookeeper-0 started at 2018-09-17 07:19:15 +0000 UTC (0+1 container statuses recorded)&#xA;Sep 19 07:42:59.039: INFO: &#x9;Container zookeeper-server ready: true, restart count 0&#xA;Sep 19 07:42:59.039: INFO: vulnerability-advisor-ma-file-annotator-6b95df8886-jtczz started at 2018-09-17 07:19:04 +0000 UTC (0+2 container statuses recorded)&#xA;Sep 19 07:42:59.039: INFO: &#x9;Container icp-audit-service ready: true, restart count 0&#xA;Sep 19 07:42:59.039: INFO: &#x9;Container vulnerability-advisor-ma-file-annotator ready: true, restart count 1&#xA;Sep 19 07:42:59.039: INFO: vulnerability-advisor-rootkit-annotator-74cb65b5cf-2dk5j started at 2018-09-17 07:19:08 +0000 UTC (0+1 container statuses recorded)&#xA;Sep 19 07:42:59.039: INFO: &#x9;Container rootkit-annotator ready: true, restart count 3&#xA;Sep 19 07:42:59.039: INFO: vulnerability-advisor-sas-mgmt-64fb95bc44-j9vjc started at 2018-09-17 07:19:08 +0000 UTC (0+1 container statuses recorded)&#xA;Sep 19 07:42:59.039: INFO: &#x9;Container sas-mgmt-server ready: true, restart count 0&#xA;Sep 19 07:42:59.039: INFO: vulnerability-advisor-compliance-annotator-d5659b9d9-kmn8q started at 2018-09-17 07:19:03 +0000 UTC (0+1 container statuses recorded)&#xA;Sep 19 07:42:59.039: INFO: &#x9;Container compliance-annotator ready: true, restart count 4&#xA;Sep 19 07:42:59.039: INFO: vulnerability-advisor-vulnerability-indexer-7c79b4c964-2n8cg started at 2018-09-17 07:19:07 +0000 UTC (0+1 container statuses recorded)&#xA;Sep 19 07:42:59.039: INFO: &#x9;Container py-vulnerability-indexer ready: true, restart count 0&#xA;Sep 19 07:42:59.039: INFO: vulnerability-advisor-secconfig-annotator-7dbcf5d9f4-fkmkb started at 2018-09-17 07:19:10 +0000 UTC (0+1 container statuses recorded)&#xA;Sep 19 07:42:59.039: INFO: &#x9;Container secconfig-annotator ready: true, restart count 0&#xA;Sep 19 07:42:59.039: INFO: monitoring-prometheus-nodeexporter-v4l7d started at 2018-09-17 07:15:44 +0000 UTC (0+2 container statuses recorded)&#xA;Sep 19 07:42:59.039: INFO: &#x9;Container nodeexporter ready: true, restart count 0&#xA;Sep 19 07:42:59.039: INFO: &#x9;Container router ready: true, restart count 0&#xA;Sep 19 07:42:59.039: INFO: vulnerability-advisor-usncrawler-8h976 started at 2018-09-17 07:19:11 +0000 UTC (0+1 container statuses recorded)&#xA;Sep 19 07:42:59.039: INFO: &#x9;Container usnloader-job ready: false, restart count 0&#xA;Sep 19 07:42:59.039: INFO: vulnerability-advisor-statsd-7746859df4-jjm6f started at 2018-09-17 07:19:10 +0000 UTC (0+1 container statuses recorded)&#xA;Sep 19 07:42:59.039: INFO: &#x9;Container statsd ready: true, restart count 0&#xA;Sep 19 07:42:59.102: INFO: &#xA;Latency metrics for node 10.46.6.172&#xA;Sep 19 07:42:59.102: INFO: &#xA;Logging node info for node 10.46.6.173&#xA;Sep 19 07:42:59.106: INFO: Node Info: &amp;Node{ObjectMeta:k8s_io_apimachinery_pkg_apis_meta_v1.ObjectMeta{Name:10.46.6.173,GenerateName:,Namespace:,SelfLink:/api/v1/nodes/10.46.6.173,UID:3dc7268b-ba44-11e8-b20e-fa163e707b2e,ResourceVersion:458216,Generation:0,CreationTimestamp:2018-09-17 06:38:09 +0000 UTC,DeletionTimestamp:&lt;nil&gt;,DeletionGracePeriodSeconds:nil,Labels:map[string]string{beta.kubernetes.io/arch: amd64,beta.kubernetes.io/os: linux,etcd: true,kubernetes.io/hostname: 10.46.6.173,master: true,node-role.kubernetes.io/etcd: true,node-role.kubernetes.io/master: true,node-role.kubernetes.io/proxy: true,proxy: true,role: master,},Annotations:map[string]string{node.alpha.kubernetes.io/ttl: 0,volumes.kubernetes.io/controller-managed-attach-detach: true,},OwnerReferences:[],Finalizers:[],ClusterName:,Initializers:nil,},Spec:NodeSpec{PodCIDR:,DoNotUse_ExternalID:,ProviderID:,Unschedulable:false,Taints:[{dedicated proxy NoSchedule &lt;nil&gt;}],ConfigSource:nil,},Status:NodeStatus{Capacity:ResourceList{cpu: {{32 0} {&lt;nil&gt;} 32 DecimalSI},ephemeral-storage: {{107362627584 0} {&lt;nil&gt;} 104846316Ki BinarySI},hugepages-1Gi: {{0 0} {&lt;nil&gt;} 0 DecimalSI},hugepages-2Mi: {{0 0} {&lt;nil&gt;} 0 DecimalSI},memory: {{135202160640 0} {&lt;nil&gt;}  BinarySI},pods: {{320 0} {&lt;nil&gt;} 320 DecimalSI},},Allocatable:ResourceList{cpu: {{32 0} {&lt;nil&gt;} 32 DecimalSI},ephemeral-storage: {{107257769984 0} {&lt;nil&gt;} 104743916Ki BinarySI},hugepages-1Gi: {{0 0} {&lt;nil&gt;} 0 DecimalSI},hugepages-2Mi: {{0 0} {&lt;nil&gt;} 0 DecimalSI},memory: {{135097303040 0} {&lt;nil&gt;}  BinarySI},pods: {{320 0} {&lt;nil&gt;} 320 DecimalSI},},Phase:,Conditions:[{OutOfDisk False 2018-09-19 07:42:50 +0000 UTC 2018-09-17 06:38:09 +0000 UTC KubeletHasSufficientDisk kubelet has sufficient disk space available} {MemoryPressure False 2018-09-19 07:42:50 +0000 UTC 2018-09-17 06:38:09 +0000 UTC KubeletHasSufficientMemory kubelet has sufficient memory available} {DiskPressure False 2018-09-19 07:42:50 +0000 UTC 2018-09-17 06:38:09 +0000 UTC KubeletHasNoDiskPressure kubelet has no disk pressure} {PIDPressure False 2018-09-19 07:42:50 +0000 UTC 2018-09-17 06:38:09 +0000 UTC KubeletHasSufficientPID kubelet has sufficient PID available} {Ready True 2018-09-19 07:42:50 +0000 UTC 2018-09-17 07:06:09 +0000 UTC KubeletReady kubelet is posting ready status}],Addresses:[{InternalIP 10.46.6.173} {Hostname 10.46.6.173}],DaemonEndpoints:NodeDaemonEndpoints{KubeletEndpoint:DaemonEndpoint{Port:10250,},},NodeInfo:NodeSystemInfo{MachineID:52ca0d2c3fb341c79b059a96d10571a6,SystemUUID:DA83D170-F88E-40EB-A0A3-2918CD5F6005,BootID:806b09ea-0a42-4719-bbaa-13e375c7b62f,KernelVersion:3.10.0-862.9.1.el7.x86_64,OSImage:Red Hat Enterprise Linux,ContainerRuntimeVersion:docker://18.3.1,KubeletVersion:v1.11.1+icp-ee,KubeProxyVersion:v1.11.1+icp-ee,OperatingSystem:linux,Architecture:amd64,},Images:[{[lzj.icp:8500/ibmcom/statsd-amd64@sha256:5ee11bc24bced45a77d9d630348680f319c09d9d3b2230b04518d1e2a5263ae2 lzj.icp:8500/ibmcom/statsd-amd64:0.7.2.1 lzj.icp:8500/ibmcom/statsd:0.7.2.1] 1234731808} {[lzj.icp:8500/ibmcom/kafka-amd64@sha256:0d6d348ccd7aa2854d60791331280e58db92029a522c8bfb3eb40c7c0913ca8f lzj.icp:8500/ibmcom/kafka-amd64:0.10.0.2 lzj.icp:8500/ibmcom/kafka:0.10.0.2] 1114805679} {[lzj.icp:8500/ibmcom/iam-token-service-amd64@sha256:9211161e5b5b9d892a99b46fad4429333ceb7143b4039419df7ea0efa36381a9 lzj.icp:8500/ibmcom/iam-token-service-amd64:3.1.0 lzj.icp:8500/ibmcom/iam-token-service:3.1.0] 1051060152} {[lzj.icp:8500/ibmcom/icp-platform-auth-amd64@sha256:abc258009b8696a83214b7a9d9df63f6d83e19cfca2987c4836b0eadfa4c99c7 lzj.icp:8500/ibmcom/icp-platform-auth-amd64:3.1.0 lzj.icp:8500/ibmcom/icp-platform-auth:3.1.0] 1028283742} {[lzj.icp:8500/ibmcom/reg-crawler-amd64@sha256:9e5d4ebbac3dd6cbf9f892b5bd634f89fae3d4b2e6a23debd3ecd322e3eb817e lzj.icp:8500/ibmcom/reg-crawler-amd64:1.3.1 lzj.icp:8500/ibmcom/reg-crawler:1.3.1] 1007817363} {[lzj.icp:8500/ibmcom/live-crawler-amd64@sha256:37a79ec87bd3c8b9af25cf1e25f4f14281ffb9f5ebeaf61c0b7c8a5799baf782 lzj.icp:8500/ibmcom/live-crawler-amd64:1.3.1 lzj.icp:8500/ibmcom/live-crawler:1.3.1] 987515538} {[lzj.icp:8500/ibmcom/cos-indexer-amd64@sha256:adf28ff960ebdcbfcfa5e4522b81aa3565338f8d640dad611a1c3f0d3894393b lzj.icp:8500/ibmcom/cos-indexer-amd64:1.3.1 lzj.icp:8500/ibmcom/cos-indexer:1.3.1] 846578165} {[lzj.icp:8500/ibmcom/secure-config-annotator-amd64@sha256:26e845c6a252e0c5ae73e764645993b3270e289d1a2e9784b06ddd7898ca45d9 lzj.icp:8500/ibmcom/secure-config-annotator-amd64:1.3.1 lzj.icp:8500/ibmcom/secure-config-annotator:1.3.1] 835555196} {[lzj.icp:8500/ibmcom/hyperkube-amd64@sha256:9eaadf7c2a417ee2a9a219e2eadf21884742199a484be2ca737f0e8a178d490a lzj.icp:8500/ibmcom/hyperkube-amd64:v1.11.1-ee lzj.icp:8500/ibmcom/hyperkube:v1.11.1-ee] 782626408} {[lzj.icp:8500/ibmcom/compliance-annotator-amd64@sha256:5d8bbbef3a7dc54ba9addb256d2aa8a3f7d5c27a454ff4b7ee583b217dac2ce4 lzj.icp:8500/ibmcom/compliance-annotator-amd64:1.3.1 lzj.icp:8500/ibmcom/compliance-annotator:1.3.1] 773932738} {[lzj.icp:8500/ibmcom/icp-logstash-amd64@sha256:02a683ee6ad9eeed7ea8ebb1de713aaf902a9e20a39ccc0294ee1f947f1bbd73 lzj.icp:8500/ibmcom/icp-logstash-amd64:5.5.1 lzj.icp:8500/ibmcom/icp-logstash:5.5.1] 764906887} {[lzj.icp:8500/ibmcom/process-ma-hf-amd64@sha256:ef0d164350d07600f8037082db7d98cf81b9c554d8a60692ae90b8d0239a8cdc lzj.icp:8500/ibmcom/process-ma-hf-amd64:1.3.1 lzj.icp:8500/ibmcom/process-ma-hf:1.3.1] 758635128} {[lzj.icp:8500/ibmcom/vulnerability-annotator-amd64@sha256:febedf85b65e0d1800e67249274d474d4ce67e8041e81487f76bce727cb39bd4 lzj.icp:8500/ibmcom/vulnerability-annotator-amd64:1.3.1 lzj.icp:8500/ibmcom/vulnerability-annotator:1.3.1] 757013017} {[lzj.icp:8500/ibmcom/py-generic-indexer-amd64@sha256:45cb17e23e15f4dfe44471309af12f0655aad5f8e859c718f393290f220b02b2 lzj.icp:8500/ibmcom/py-generic-indexer-amd64:1.3.1 lzj.icp:8500/ibmcom/py-generic-indexer:1.3.1] 755588945} {[lzj.icp:8500/ibmcom/icp-inception-amd64@sha256:1dad180d14ae732d17ca5cf41b87dbb316c072323f186d60a08a753f904eb5b2 ibmcom/icp-inception-amd64:3.1.0-ee lzj.icp:8500/ibmcom/icp-inception-amd64:3.1.0-ee lzj.icp:8500/ibmcom/icp-inception:3.1.0-ee] 744155119} {[lzj.icp:8500/ibmcom/config-parser-amd64@sha256:7d721e0b5a827921ac16fa9e7570db225211e6dd700cdeaba1d28ba02ff8ef6d lzj.icp:8500/ibmcom/config-parser-amd64:1.3.1 lzj.icp:8500/ibmcom/config-parser:1.3.1] 739243486} {[lzj.icp:8500/ibmcom/iam-policy-administration-amd64@sha256:e1941aa09a5b692505cb3be3e497d3ff9acb900786b9a2c8c4c00d0243b37dd0 lzj.icp:8500/ibmcom/iam-policy-administration-amd64:3.1.0 lzj.icp:8500/ibmcom/iam-policy-administration:3.1.0] 711947327} {[lzj.icp:8500/ibmcom/password-annotator-amd64@sha256:bca1b6b222d8ea8ade174a8cc1a549f161d75d3e9d69881f08a1fb316a8e27d3 lzj.icp:8500/ibmcom/password-annotator-amd64:1.3.1 lzj.icp:8500/ibmcom/password-annotator:1.3.1] 707627907} {[lzj.icp:8500/ibmcom/notification-dispatcher-amd64@sha256:ec8dfbc351a0d758488f9f8bfa17c3182a5c02819a6ebf7144ab914a2233cf57 lzj.icp:8500/ibmcom/notification-dispatcher-amd64:1.3.1 lzj.icp:8500/ibmcom/notification-dispatcher:1.3.1] 707588442} {[lzj.icp:8500/ibmcom/sas-base-amd64@sha256:9651b1149c62d5a0968aaeffe71f2da68cd7e07ff8d7ea67538278c00ab08457 lzj.icp:8500/ibmcom/sas-base-amd64:1.3.1 lzj.icp:8500/ibmcom/sas-base:1.3.1] 653746081} {[lzj.icp:8500/ibmcom/ma-file-annotator-amd64@sha256:8caa6280fd845fd524ad874a6b243510ebf085d58c989229020fcfc743492632 lzj.icp:8500/ibmcom/ma-file-annotator-amd64:1.3.1 lzj.icp:8500/ibmcom/ma-file-annotator:1.3.1] 653745236} {[lzj.icp:8500/ibmcom/icp-kibana-amd64@sha256:8b69887ac5297e1d2e68b9c2ce885b9a888f6c278ca1538acb0f03206b48502a lzj.icp:8500/ibmcom/icp-kibana-amd64:5.5.1 lzj.icp:8500/ibmcom/icp-kibana:5.5.1] 639622018} {[lzj.icp:8500/ibmcom/icp-platform-api-amd64@sha256:1fc47925c2611aef12631b3f3806308f55a298074aebc561fd04cf8a7691c669 lzj.icp:8500/ibmcom/icp-platform-api-amd64:3.1.0 lzj.icp:8500/ibmcom/icp-platform-api:3.1.0] 612589125} {[lzj.icp:8500/ibmcom/iam-policy-decision-amd64@sha256:d49eb3845c57bb8370a477949d92da10a178b81ade50f0e9d970981fadd6686d lzj.icp:8500/ibmcom/iam-policy-decision-amd64:3.1.0 lzj.icp:8500/ibmcom/iam-policy-decision:3.1.0] 559718344} {[lzj.icp:8500/ibmcom/rootkit-annotator-amd64@sha256:caf6c24136b8785d901f346a640d673b55fe105c3617cfcb432ee2006f5b1cf4 lzj.icp:8500/ibmcom/rootkit-annotator-amd64:1.3.1 lzj.icp:8500/ibmcom/rootkit-annotator:1.3.1] 549434506} {[lzj.icp:8500/ibmcom/icp-elasticsearch-amd64@sha256:0063a7a931ca4e52d8f7a51f2bdb010345f4373b5b904b52e5c8a48ec0c1fde7 lzj.icp:8500/ibmcom/icp-elasticsearch-amd64:5.5.1 lzj.icp:8500/ibmcom/icp-elasticsearch:5.5.1] 520121248} {[lzj.icp:8500/ibmcom/logging-pki-init-amd64@sha256:cc4bfa085e1ae99120ee526acd3e62d205e10de6f1c773c521fc5b933914f6a8 lzj.icp:8500/ibmcom/logging-pki-init-amd64:2.0.0 lzj.icp:8500/ibmcom/logging-pki-init:2.0.0] 501921135} {[lzj.icp:8500/ibmcom/searchguard-init-amd64@sha256:d19ce1d27f406945d4ed78b0f07007998c2ab3889086e502924847c2186db546 lzj.icp:8500/ibmcom/searchguard-init-amd64:2.0.0 lzj.icp:8500/ibmcom/searchguard-init:2.0.0] 457030441} {[lzj.icp:8500/ibmcom/metering-ui-amd64@sha256:3628a8fe41183c08ea0b02e2e798e3649e4aebe2c2405c34572b9eb7c7c4d9a8 lzj.icp:8500/ibmcom/metering-ui-amd64:3.1.0 lzj.icp:8500/ibmcom/metering-ui:3.1.0] 385577105} {[lzj.icp:8500/ibmcom/heketi-amd64@sha256:c5b579a4f219c87990f861eb61de86cb9cfb51b6d230b8c299df7d9fd3d02d0e lzj.icp:8500/ibmcom/heketi-amd64:v7.0.0 lzj.icp:8500/ibmcom/heketi:v7.0.0] 384720377} {[lzj.icp:8500/ibmcom/icp-mongodb-amd64@sha256:a305ae8bc309898d86bf60aee968846db3602f77b25924640d5f08a2389ee99d lzj.icp:8500/ibmcom/icp-mongodb-amd64:3.1.0 lzj.icp:8500/ibmcom/icp-mongodb:3.1.0] 379353410} {[lzj.icp:8500/ibmcom/icp-catalog-ui-amd64@sha256:33993b4eab189e3c78fe27799017da770d47523cf6831460741008bf91297d6d lzj.icp:8500/ibmcom/icp-catalog-ui-amd64:3.1.0 lzj.icp:8500/ibmcom/icp-catalog-ui:3.1.0] 363781304} {[lzj.icp:8500/ibmcom/nginx-ingress-controller-amd64@sha256:63b48dd3ba635aa65409f7d6a319e293697810c1b9e885e6255bebf36a2506ab lzj.icp:8500/ibmcom/nginx-ingress-controller-amd64:0.16.2 lzj.icp:8500/ibmcom/nginx-ingress-controller:0.16.2] 361632894} {[lzj.icp:8500/ibmcom/mariadb-amd64@sha256:1f9876179c32fcf463804f75cbf2fb031106edf2be9d5dbf6705375ca53930bb lzj.icp:8500/ibmcom/mariadb-amd64:10.2.17 lzj.icp:8500/ibmcom/mariadb:10.2.17] 358991946} {[lzj.icp:8500/ibmcom/k8szk-amd64@sha256:a9ee22a4df14654552a02303e4560623244683692fd298dd2fb71e9dd66219f3 lzj.icp:8500/ibmcom/k8szk-amd64:v3 lzj.icp:8500/ibmcom/k8szk:v3] 331472973} {[lzj.icp:8500/ibmcom/gluster-amd64@sha256:647caedb536eb7b8c5c8b0a2b69e52d2a34be9e6c9c7b9c1b21d14fcfa261886 lzj.icp:8500/ibmcom/gluster-amd64:v4.0.2 lzj.icp:8500/ibmcom/gluster:v4.0.2] 324265531} {[lzj.icp:8500/ibmcom/istio-grafana-amd64@sha256:381a2dd3a5addbc5d43920bc19bb15ba6dbd422e4a9d91163108e72c5a63234c lzj.icp:8500/ibmcom/istio-grafana-amd64:1.0.0.1 lzj.icp:8500/ibmcom/istio-grafana:1.0.0.1] 324187770} {[lzj.icp:8500/ibmcom/icp-filebeat-amd64@sha256:03af9b78dad6c2ba857975d10c81e781460796dff1ff1163ea4596f4aa10601d lzj.icp:8500/ibmcom/icp-filebeat-amd64:5.5.1 lzj.icp:8500/ibmcom/icp-filebeat:5.5.1] 317104874} {[lzj.icp:8500/ibmcom/istio-proxyv2-amd64@sha256:cd77e75fa85ce74914e1b7b0bef980ece8a62ef0d776c9ef51a0d7d30b4b64a0 lzj.icp:8500/ibmcom/istio-proxyv2-amd64:1.0.0.1 lzj.icp:8500/ibmcom/istio-proxyv2:1.0.0.1] 311276139} {[lzj.icp:8500/ibmcom/istio-pilot-amd64@sha256:63352073a964037fd37f6150228231d2e5eca7e0c2920405d6269326d3c54263 lzj.icp:8500/ibmcom/istio-pilot-amd64:1.0.0.1 lzj.icp:8500/ibmcom/istio-pilot:1.0.0.1] 309502004} {[lzj.icp:8500/ibmcom/fluentd-amd64@sha256:384a99b8d941c93f96ee5b5cbae5b70500219a3f71c73cf4eddd20d9d693e3b3 lzj.icp:8500/ibmcom/fluentd-amd64:v1.2.2-icp lzj.icp:8500/ibmcom/fluentd:v1.2.2-icp] 270902701} {[lzj.icp:8500/ibmcom/icp-identity-manager-amd64@sha256:632f31acd0fcfc3d0cebea31cfb71018f6712bd1a1b4da7476942b3c23aa3521 lzj.icp:8500/ibmcom/icp-identity-manager-amd64:3.1.0 lzj.icp:8500/ibmcom/icp-identity-manager:3.1.0] 268667523} {[lzj.icp:8500/ibmcom/elasticsearch-plugin-searchguard-amd64@sha256:28f88d06bbbc073162702064c1be4ad06272e9021cbc0f929ba8c6da2ca25ae6 lzj.icp:8500/ibmcom/elasticsearch-plugin-searchguard-amd64:2.0.0 lzj.icp:8500/ibmcom/elasticsearch-plugin-searchguard:2.0.0] 267864279} {[lzj.icp:8500/ibmcom/kiali-amd64@sha256:bec63b454cf2e597c61f6a9943144050e5e6fc7a4f6474bc3bb6b627ba20c71c lzj.icp:8500/ibmcom/kiali-amd64:istio-release-1.0.0.1 lzj.icp:8500/ibmcom/kiali:istio-release-1.0.0.1] 265771300} {[lzj.icp:8500/ibmcom/calico-node-amd64@sha256:9871f4dde9eab9fd804b12f3114da36505ff5c220e2323b7434eec24e3b23ac5 lzj.icp:8500/ibmcom/calico-node-amd64:v3.1.3 lzj.icp:8500/ibmcom/calico-node:v3.1.3] 248202699} {[lzj.icp:8500/ibmcom/grafana-amd64@sha256:dc3566257a0c716caedfb33127d8ee385290c1dda006bebfb75c376d56b30c88 lzj.icp:8500/ibmcom/grafana-amd64:5.2.0 lzj.icp:8500/ibmcom/grafana:5.2.0] 245297582} {[lzj.icp:8500/ibmcom/indices-cleaner-amd64@sha256:e6c6453d54012488e9ebfaa9e4d829f567d8e66b24c1613e6d88ca192ed5e85b lzj.icp:8500/ibmcom/indices-cleaner-amd64:1.0.0 lzj.icp:8500/ibmcom/indices-cleaner:1.0.0] 238131553} {[lzj.icp:8500/ibmcom/icp-identity-provider-amd64@sha256:24dba8b07c8295eef99abbf8d83041908516e4e50e4e4cfbbbcd53bdf415dda1 lzj.icp:8500/ibmcom/icp-identity-provider-amd64:3.1.0 lzj.icp:8500/ibmcom/icp-identity-provider:3.1.0] 224286517} {[lzj.icp:8500/ibmcom/curl-amd64@sha256:aad05b4e4529f7e70516d8d3028cae6cd1d50de738ce164f2a532ce2470ac43f lzj.icp:8500/ibmcom/curl-amd64:4.0.0 lzj.icp:8500/ibmcom/curl:4.0.0] 221192597} {[lzj.icp:8500/ibmcom/icp-audit-service-amd64@sha256:9add202c06a43da647380c860d9139fa059701fe103c1f229281215bf99dbbd3 lzj.icp:8500/ibmcom/icp-audit-service-amd64:3.1.0 lzj.icp:8500/ibmcom/icp-audit-service:3.1.0] 215897363}],VolumesInUse:[],VolumesAttached:[],Config:&amp;NodeConfigStatus{Assigned:nil,Active:nil,LastKnownGood:nil,Error:,},},}&#xA;Sep 19 07:42:59.107: INFO: &#xA;Logging kubelet events for node 10.46.6.173&#xA;Sep 19 07:42:59.126: INFO: &#xA;Logging pods the kubelet thinks is on node 10.46.6.173&#xA;Sep 19 07:42:59.163: INFO: istio-citadel-77694dc965-mwqkp started at 2018-09-17 07:17:31 +0000 UTC (0+1 container statuses recorded)&#xA;Sep 19 07:42:59.163: INFO: &#x9;Container citadel ready: true, restart count 0&#xA;Sep 19 07:42:59.163: INFO: vulnerability-advisor-process-ma-crawler-96728 started at 2018-09-17 07:19:03 +0000 UTC (0+1 container statuses recorded)&#xA;Sep 19 07:42:59.163: INFO: &#x9;Container process-ma-crawler ready: true, restart count 0&#xA;Sep 19 07:42:59.163: INFO: istio-telemetry-8b5964dc7-rfswc started at 2018-09-17 07:19:39 +0000 UTC (0+2 container statuses recorded)&#xA;Sep 19 07:42:59.163: INFO: &#x9;Container istio-proxy ready: true, restart count 0&#xA;Sep 19 07:42:59.163: INFO: &#x9;Container mixer ready: true, restart count 0&#xA;Sep 19 07:42:59.163: INFO: helm-api-fdd886877-6pwm8 started at 2018-09-17 07:16:36 +0000 UTC (0+3 container statuses recorded)&#xA;Sep 19 07:42:59.163: INFO: &#x9;Container audit-service ready: true, restart count 0&#xA;Sep 19 07:42:59.163: INFO: &#x9;Container helmapi ready: true, restart count 0&#xA;Sep 19 07:42:59.163: INFO: &#x9;Container rudder ready: true, restart count 0&#xA;Sep 19 07:42:59.163: INFO: istio-egressgateway-54448bcdbd-f4v6v started at 2018-09-17 07:17:29 +0000 UTC (0+1 container statuses recorded)&#xA;Sep 19 07:42:59.163: INFO: &#x9;Container istio-egressgateway ready: true, restart count 0&#xA;Sep 19 07:42:59.163: INFO: logging-elk-filebeat-ds-qf2vz started at 2018-09-17 07:15:20 +0000 UTC (0+1 container statuses recorded)&#xA;Sep 19 07:42:59.163: INFO: &#x9;Container filebeat ready: true, restart count 0&#xA;Sep 19 07:42:59.163: INFO: istio-ingressgateway-7bc96d6585-c58zx started at 2018-09-17 07:24:15 +0000 UTC (0+1 container statuses recorded)&#xA;Sep 19 07:42:59.163: INFO: &#x9;Container istio-ingressgateway ready: true, restart count 0&#xA;Sep 19 07:42:59.163: INFO: istio-policy-5b64d7fd64-5l2m9 started at 2018-09-17 07:31:07 +0000 UTC (0+2 container statuses recorded)&#xA;Sep 19 07:42:59.163: INFO: &#x9;Container istio-proxy ready: true, restart count 0&#xA;Sep 19 07:42:59.163: INFO: &#x9;Container mixer ready: true, restart count 0&#xA;Sep 19 07:42:59.163: INFO: nvidia-device-plugin-nh54k started at 2018-09-17 07:07:17 +0000 UTC (1+1 container statuses recorded)&#xA;Sep 19 07:42:59.163: INFO: &#x9;Init container nvidia-driver-collector ready: true, restart count 0&#xA;Sep 19 07:42:59.163: INFO: &#x9;Container nvidia-device-plugin ready: true, restart count 0&#xA;Sep 19 07:42:59.163: INFO: mariadb-0 started at 2018-09-17 07:08:38 +0000 UTC (0+1 container statuses recorded)&#xA;Sep 19 07:42:59.163: INFO: &#x9;Container mariadb ready: true, restart count 0&#xA;Sep 19 07:42:59.163: INFO: istio-sidecar-injector-86d554f5f7-d57zk started at 2018-09-17 07:17:32 +0000 UTC (0+1 container statuses recorded)&#xA;Sep 19 07:42:59.163: INFO: &#x9;Container sidecar-injector-webhook ready: true, restart count 0&#xA;Sep 19 07:42:59.163: INFO: secret-watcher-5f59fcbc69-pfnfk started at 2018-09-17 07:18:05 +0000 UTC (0+1 container statuses recorded)&#xA;Sep 19 07:42:59.163: INFO: &#x9;Container secret-watcher ready: true, restart count 0&#xA;Sep 19 07:42:59.163: INFO: istio-telemetry-8b5964dc7-nw9kk started at 2018-09-17 07:23:11 +0000 UTC (0+2 container statuses recorded)&#xA;Sep 19 07:42:59.163: INFO: &#x9;Container istio-proxy ready: true, restart count 0&#xA;Sep 19 07:42:59.163: INFO: &#x9;Container mixer ready: true, restart count 0&#xA;Sep 19 07:42:59.163: INFO: platform-api-2fs4x started at 2018-09-17 07:08:45 +0000 UTC (0+2 container statuses recorded)&#xA;Sep 19 07:42:59.163: INFO: &#x9;Container audit-service ready: true, restart count 0&#xA;Sep 19 07:42:59.163: INFO: &#x9;Container platform-api ready: true, restart count 0&#xA;Sep 19 07:42:59.163: INFO: istio-telemetry-8b5964dc7-hcf6d started at 2018-09-17 07:17:29 +0000 UTC (0+2 container statuses recorded)&#xA;Sep 19 07:42:59.163: INFO: &#x9;Container istio-proxy ready: true, restart count 0&#xA;Sep 19 07:42:59.163: INFO: &#x9;Container mixer ready: true, restart count 0&#xA;Sep 19 07:42:59.163: INFO: catalog-ui-5rtkh started at 2018-09-17 07:15:57 +0000 UTC (0+1 container statuses recorded)&#xA;Sep 19 07:42:59.163: INFO: &#x9;Container catalog-ui ready: true, restart count 0&#xA;Sep 19 07:42:59.163: INFO: istio-policy-5b64d7fd64-jrlzt started at 2018-09-17 07:23:11 +0000 UTC (0+2 container statuses recorded)&#xA;Sep 19 07:42:59.163: INFO: &#x9;Container istio-proxy ready: true, restart count 0&#xA;Sep 19 07:42:59.163: INFO: &#x9;Container mixer ready: true, restart count 0&#xA;Sep 19 07:42:59.163: INFO: calico-kube-controllers-dcb8cc97c-gtsqp started at 2018-09-17 07:05:53 +0000 UTC (0+1 container statuses recorded)&#xA;Sep 19 07:42:59.163: INFO: &#x9;Container calico-kube-controllers ready: true, restart count 0&#xA;Sep 19 07:42:59.163: INFO: icp-mongodb-0 started at 2018-09-17 07:07:42 +0000 UTC (2+1 container statuses recorded)&#xA;Sep 19 07:42:59.163: INFO: &#x9;Init container install ready: true, restart count 0&#xA;Sep 19 07:42:59.163: INFO: &#x9;Init container bootstrap ready: true, restart count 0&#xA;Sep 19 07:42:59.163: INFO: &#x9;Container icp-mongodb ready: true, restart count 0&#xA;Sep 19 07:42:59.163: INFO: image-manager-0 started at 2018-09-17 06:38:56 +0000 UTC (0+2 container statuses recorded)&#xA;Sep 19 07:42:59.163: INFO: &#x9;Container icp-registry ready: true, restart count 0&#xA;Sep 19 07:42:59.163: INFO: &#x9;Container image-manager ready: true, restart count 0&#xA;Sep 19 07:42:59.163: INFO: platform-deploy-dbbks started at 2018-09-17 07:08:45 +0000 UTC (0+1 container statuses recorded)&#xA;Sep 19 07:42:59.163: INFO: &#x9;Container platform-deploy ready: true, restart count 0&#xA;Sep 19 07:42:59.163: INFO: auth-apikeys-x45mz started at 2018-09-17 07:10:12 +0000 UTC (0+1 container statuses recorded)&#xA;Sep 19 07:42:59.163: INFO: &#x9;Container auth-apikeys ready: true, restart count 0&#xA;Sep 19 07:42:59.163: INFO: istio-policy-5b64d7fd64-fb4bc started at 2018-09-17 07:27:37 +0000 UTC (0+2 container statuses recorded)&#xA;Sep 19 07:42:59.163: INFO: &#x9;Container istio-proxy ready: true, restart count 0&#xA;Sep 19 07:42:59.163: INFO: &#x9;Container mixer ready: true, restart count 0&#xA;Sep 19 07:42:59.163: INFO: k8s-proxy-10.46.6.173 started at &lt;nil&gt; (0+0 container statuses recorded)&#xA;Sep 19 07:42:59.163: INFO: k8s-etcd-10.46.6.173 started at &lt;nil&gt; (0+0 container statuses recorded)&#xA;Sep 19 07:42:59.163: INFO: istio-ingressgateway-7bc96d6585-r98nr started at 2018-09-17 07:28:10 +0000 UTC (0+1 container statuses recorded)&#xA;Sep 19 07:42:59.163: INFO: &#x9;Container istio-ingressgateway ready: true, restart count 0&#xA;Sep 19 07:42:59.163: INFO: istio-policy-5b64d7fd64-pt9z2 started at 2018-09-17 07:17:30 +0000 UTC (0+2 container statuses recorded)&#xA;Sep 19 07:42:59.163: INFO: &#x9;Container istio-proxy ready: true, restart count 0&#xA;Sep 19 07:42:59.163: INFO: &#x9;Container mixer ready: true, restart count 0&#xA;Sep 19 07:42:59.163: INFO: istio-policy-5b64d7fd64-z68j4 started at 2018-09-17 07:19:38 +0000 UTC (0+2 container statuses recorded)&#xA;Sep 19 07:42:59.163: INFO: &#x9;Container istio-proxy ready: true, restart count 0&#xA;Sep 19 07:42:59.163: INFO: &#x9;Container mixer ready: true, restart count 0&#xA;Sep 19 07:42:59.163: INFO: metering-reader-l7284 started at 2018-09-17 07:14:11 +0000 UTC (1+1 container statuses recorded)&#xA;Sep 19 07:42:59.163: INFO: &#x9;Init container metering-reader-init ready: true, restart count 0&#xA;Sep 19 07:42:59.163: INFO: &#x9;Container metering-reader ready: true, restart count 0&#xA;Sep 19 07:42:59.163: INFO: istio-statsd-prom-bridge-66cb69b666-p76m8 started at 2018-09-17 07:17:29 +0000 UTC (0+1 container statuses recorded)&#xA;Sep 19 07:42:59.163: INFO: &#x9;Container statsd-prom-bridge ready: true, restart count 0&#xA;Sep 19 07:42:59.163: INFO: servicegraph-85578d8fc6-m62z4 started at 2018-09-17 07:17:32 +0000 UTC (0+1 container statuses recorded)&#xA;Sep 19 07:42:59.163: INFO: &#x9;Container servicegraph ready: true, restart count 0&#xA;Sep 19 07:42:59.163: INFO: mgmt-repo-57dc689b74-tmp44 started at 2018-09-17 07:17:51 +0000 UTC (1+2 container statuses recorded)&#xA;Sep 19 07:42:59.163: INFO: &#x9;Init container mgmt-repo-init ready: true, restart count 0&#xA;Sep 19 07:42:59.163: INFO: &#x9;Container audit-service ready: true, restart count 0&#xA;Sep 19 07:42:59.163: INFO: &#x9;Container mgmt-repo ready: true, restart count 0&#xA;Sep 19 07:42:59.163: INFO: istio-egressgateway-54448bcdbd-lhh5c started at 2018-09-17 07:20:07 +0000 UTC (0+1 container statuses recorded)&#xA;Sep 19 07:42:59.163: INFO: &#x9;Container istio-egressgateway ready: true, restart count 0&#xA;Sep 19 07:42:59.163: INFO: istio-ingressgateway-7bc96d6585-4qnc5 started at 2018-09-17 07:24:14 +0000 UTC (0+1 container statuses recorded)&#xA;Sep 19 07:42:59.163: INFO: &#x9;Container istio-ingressgateway ready: true, restart count 0&#xA;Sep 19 07:42:59.163: INFO: auth-idp-kjpmx started at 2018-09-17 07:10:04 +0000 UTC (1+4 container statuses recorded)&#xA;Sep 19 07:42:59.163: INFO: &#x9;Init container init-mariadb ready: true, restart count 0&#xA;Sep 19 07:42:59.163: INFO: &#x9;Container icp-audit-service ready: true, restart count 0&#xA;Sep 19 07:42:59.163: INFO: &#x9;Container platform-auth-service ready: true, restart count 0&#xA;Sep 19 07:42:59.163: INFO: &#x9;Container platform-identity-manager ready: true, restart count 0&#xA;Sep 19 07:42:59.163: INFO: &#x9;Container platform-identity-provider ready: true, restart count 0&#xA;Sep 19 07:42:59.163: INFO: helm-repo-5649f57447-wwdn4 started at 2018-09-17 07:13:54 +0000 UTC (1+2 container statuses recorded)&#xA;Sep 19 07:42:59.163: INFO: &#x9;Init container helm-repo-init ready: true, restart count 0&#xA;Sep 19 07:42:59.163: INFO: &#x9;Container audit-service ready: true, restart count 0&#xA;Sep 19 07:42:59.163: INFO: &#x9;Container helm-repo ready: true, restart count 0&#xA;Sep 19 07:42:59.163: INFO: istio-telemetry-8b5964dc7-vjqbq started at 2018-09-17 07:27:36 +0000 UTC (0+2 container statuses recorded)&#xA;Sep 19 07:42:59.163: INFO: &#x9;Container istio-proxy ready: true, restart count 0&#xA;Sep 19 07:42:59.163: INFO: &#x9;Container mixer ready: true, restart count 0&#xA;Sep 19 07:42:59.163: INFO: istio-telemetry-8b5964dc7-9q67f started at 2018-09-17 07:31:08 +0000 UTC (0+2 container statuses recorded)&#xA;Sep 19 07:42:59.163: INFO: &#x9;Container istio-proxy ready: true, restart count 0&#xA;Sep 19 07:42:59.163: INFO: &#x9;Container mixer ready: true, restart count 0&#xA;Sep 19 07:42:59.163: INFO: service-catalog-controller-manager-5969cccf86-65phs started at 2018-09-17 07:08:21 +0000 UTC (0+1 container statuses recorded)&#xA;Sep 19 07:42:59.163: INFO: &#x9;Container controller-manager ready: true, restart count 0&#xA;Sep 19 07:42:59.163: INFO: auth-pap-qb5m2 started at 2018-09-17 07:10:20 +0000 UTC (0+1 container statuses recorded)&#xA;Sep 19 07:42:59.163: INFO: &#x9;Container auth-pap ready: true, restart count 0&#xA;Sep 19 07:42:59.163: INFO: istio-pilot-6cf9ccf474-kkb6j started at 2018-09-17 07:17:31 +0000 UTC (0+2 container statuses recorded)&#xA;Sep 19 07:42:59.163: INFO: &#x9;Container discovery ready: true, restart count 0&#xA;Sep 19 07:42:59.164: INFO: &#x9;Container istio-proxy ready: true, restart count 0&#xA;Sep 19 07:42:59.164: INFO: nginx-ingress-controller-h5z2v started at 2018-09-17 07:08:28 +0000 UTC (1+1 container statuses recorded)&#xA;Sep 19 07:42:59.164: INFO: &#x9;Init container sysctl ready: true, restart count 0&#xA;Sep 19 07:42:59.164: INFO: &#x9;Container nginx-ingress ready: true, restart count 0&#xA;Sep 19 07:42:59.164: INFO: istio-egressgateway-54448bcdbd-pjbtc started at 2018-09-17 07:28:34 +0000 UTC (0+1 container statuses recorded)&#xA;Sep 19 07:42:59.164: INFO: &#x9;Container istio-egressgateway ready: true, restart count 0&#xA;Sep 19 07:42:59.164: INFO: calico-node-m7d5t started at 2018-09-17 07:05:54 +0000 UTC (0+2 container statuses recorded)&#xA;Sep 19 07:42:59.164: INFO: &#x9;Container calico-node ready: true, restart count 0&#xA;Sep 19 07:42:59.164: INFO: &#x9;Container install-cni ready: true, restart count 0&#xA;Sep 19 07:42:59.164: INFO: ibm-cert-manager-cert-manager-74687f689b-7994r started at 2018-09-17 07:07:12 +0000 UTC (0+1 container statuses recorded)&#xA;Sep 19 07:42:59.164: INFO: &#x9;Container ibm-cert-manager ready: true, restart count 0&#xA;Sep 19 07:42:59.164: INFO: security-onboarding-tkf79 started at 2018-09-17 07:18:12 +0000 UTC (0+1 container statuses recorded)&#xA;Sep 19 07:42:59.164: INFO: &#x9;Container security-onboarding ready: false, restart count 0&#xA;Sep 19 07:42:59.164: INFO: istio-egressgateway-54448bcdbd-xmkbc started at 2018-09-17 07:24:11 +0000 UTC (0+1 container statuses recorded)&#xA;Sep 19 07:42:59.164: INFO: &#x9;Container istio-egressgateway ready: true, restart count 0&#xA;Sep 19 07:42:59.164: INFO: k8s-master-10.46.6.173 started at &lt;nil&gt; (0+0 container statuses recorded)&#xA;Sep 19 07:42:59.164: INFO: grafana-77676f44f7-c9wr6 started at 2018-09-17 07:17:28 +0000 UTC (0+1 container statuses recorded)&#xA;Sep 19 07:42:59.164: INFO: &#x9;Container grafana ready: true, restart count 1&#xA;Sep 19 07:42:59.164: INFO: istio-ingressgateway-7bc96d6585-smf45 started at 2018-09-17 07:17:28 +0000 UTC (0+1 container statuses recorded)&#xA;Sep 19 07:42:59.164: INFO: &#x9;Container istio-ingressgateway ready: true, restart count 0&#xA;Sep 19 07:42:59.164: INFO: tiller-deploy-6b58875cb-5l8kh started at 2018-09-17 07:05:28 +0000 UTC (0+1 container statuses recorded)&#xA;Sep 19 07:42:59.164: INFO: &#x9;Container tiller ready: true, restart count 0&#xA;Sep 19 07:42:59.164: INFO: unified-router-lkwnl started at 2018-09-17 07:15:31 +0000 UTC (0+1 container statuses recorded)&#xA;Sep 19 07:42:59.164: INFO: &#x9;Container unified-router ready: true, restart count 0&#xA;Sep 19 07:42:59.164: INFO: monitoring-prometheus-nodeexporter-f84fv started at 2018-09-17 07:15:45 +0000 UTC (0+2 container statuses recorded)&#xA;Sep 19 07:42:59.164: INFO: &#x9;Container nodeexporter ready: true, restart count 0&#xA;Sep 19 07:42:59.164: INFO: &#x9;Container router ready: true, restart count 0&#xA;Sep 19 07:42:59.164: INFO: prometheus-6f98d89664-wh7pb started at 2018-09-17 07:17:31 +0000 UTC (0+1 container statuses recorded)&#xA;Sep 19 07:42:59.164: INFO: &#x9;Container prometheus ready: true, restart count 0&#xA;Sep 19 07:42:59.164: INFO: vulnerability-advisor-live-crawler-p6khc started at 2018-09-17 07:19:02 +0000 UTC (0+1 container statuses recorded)&#xA;Sep 19 07:42:59.164: INFO: &#x9;Container live-crawler ready: true, restart count 0&#xA;Sep 19 07:42:59.164: INFO: default-backend-54966589c4-4d47g started at 2018-09-17 07:08:29 +0000 UTC (0+1 container statuses recorded)&#xA;Sep 19 07:42:59.164: INFO: &#x9;Container default-backend ready: true, restart count 0&#xA;Sep 19 07:42:59.164: INFO: platform-ui-6fjgx started at 2018-09-17 07:14:34 +0000 UTC (0+1 container statuses recorded)&#xA;Sep 19 07:42:59.164: INFO: &#x9;Container platform-ui ready: true, restart count 0&#xA;Sep 19 07:42:59.164: INFO: kiali-7f8c59df94-25qmq started at 2018-09-17 07:17:27 +0000 UTC (0+1 container statuses recorded)&#xA;Sep 19 07:42:59.164: INFO: &#x9;Container kiali ready: true, restart count 0&#xA;Sep 19 07:42:59.164: INFO: service-catalog-apiserver-967x9 started at 2018-09-17 07:08:20 +0000 UTC (0+1 container statuses recorded)&#xA;Sep 19 07:42:59.164: INFO: &#x9;Container apiserver ready: true, restart count 0&#xA;Sep 19 07:42:59.164: INFO: oidc-client-registration-szxrk started at 2018-09-17 07:10:05 +0000 UTC (0+1 container statuses recorded)&#xA;Sep 19 07:42:59.164: INFO: &#x9;Container oidc-client-registration ready: false, restart count 0&#xA;Sep 19 07:42:59.164: INFO: icp-management-ingress-x6qn8 started at 2018-09-17 07:10:36 +0000 UTC (0+1 container statuses recorded)&#xA;Sep 19 07:42:59.164: INFO: &#x9;Container icp-management-ingress ready: true, restart count 0&#xA;Sep 19 07:42:59.164: INFO: istio-egressgateway-54448bcdbd-cqlhf started at 2018-09-17 07:24:11 +0000 UTC (0+1 container statuses recorded)&#xA;Sep 19 07:42:59.164: INFO: &#x9;Container istio-egressgateway ready: true, restart count 0&#xA;Sep 19 07:42:59.164: INFO: kube-dns-mwjc8 started at 2018-09-17 07:06:10 +0000 UTC (0+1 container statuses recorded)&#xA;Sep 19 07:42:59.164: INFO: &#x9;Container kube-dns ready: true, restart count 0&#xA;Sep 19 07:42:59.164: INFO: auth-pdp-tk2jm started at 2018-09-17 07:10:28 +0000 UTC (5+2 container statuses recorded)&#xA;Sep 19 07:42:59.164: INFO: &#x9;Init container init-auth-service ready: true, restart count 0&#xA;Sep 19 07:42:59.164: INFO: &#x9;Init container init-identity-provider ready: true, restart count 0&#xA;Sep 19 07:42:59.164: INFO: &#x9;Init container init-identity-manager ready: true, restart count 0&#xA;Sep 19 07:42:59.164: INFO: &#x9;Init container init-token-service ready: true, restart count 0&#xA;Sep 19 07:42:59.164: INFO: &#x9;Init container init-pap ready: true, restart count 0&#xA;Sep 19 07:42:59.164: INFO: &#x9;Container auth-pdp ready: true, restart count 0&#xA;Sep 19 07:42:59.164: INFO: &#x9;Container icp-audit-service ready: true, restart count 0&#xA;Sep 19 07:42:59.164: INFO: istio-tracing-77ccfc8844-79ngl started at 2018-09-17 07:17:32 +0000 UTC (0+1 container statuses recorded)&#xA;Sep 19 07:42:59.164: INFO: &#x9;Container jaeger ready: true, restart count 0&#xA;Sep 19 07:42:59.164: INFO: audit-logging-fluentd-ds-dhcg6 started at 2018-09-17 07:18:46 +0000 UTC (0+1 container statuses recorded)&#xA;Sep 19 07:42:59.164: INFO: &#x9;Container fluentd ready: true, restart count 0&#xA;Sep 19 07:42:59.164: INFO: istio-ingressgateway-7bc96d6585-m567m started at 2018-09-17 07:20:41 +0000 UTC (0+1 container statuses recorded)&#xA;Sep 19 07:42:59.164: INFO: &#x9;Container istio-ingressgateway ready: true, restart count 0&#xA;Sep 19 07:42:59.164: INFO: heapster-69b486565b-nt26r started at 2018-09-17 07:13:48 +0000 UTC (0+1 container statuses recorded)&#xA;Sep 19 07:42:59.164: INFO: &#x9;Container heapster ready: true, restart count 0&#xA;Sep 19 07:42:59.164: INFO: istio-galley-687cd96db-hlpng started at 2018-09-17 07:17:28 +0000 UTC (0+1 container statuses recorded)&#xA;Sep 19 07:42:59.164: INFO: &#x9;Container validator ready: true, restart count 0&#xA;Sep 19 07:42:59.272: INFO: &#xA;Latency metrics for node 10.46.6.173&#xA;STEP: Dumping a list of prepulled images on each node to file /tmp/results/image-puller.txt&#xA;Sep 19 07:42:59.299: INFO: Waiting up to 3m0s for all (but 0) nodes to be ready&#xA;STEP: Destroying namespace &#34;e2e-tests-sched-pred-bshdr&#34; for this suite.&#xA;Sep 19 07:43:05.378: INFO: Waiting up to 30s for server preferred namespaced resources to be successfully discovered&#xA;Sep 19 07:43:05.531: INFO: namespace: e2e-tests-sched-pred-bshdr, resource: bindings, ignored listing per whitelist&#xA;Sep 19 07:43:07.299: INFO: namespace e2e-tests-sched-pred-bshdr deletion completed in 7.994295539s&#xA;[AfterEach] [sig-scheduling] SchedulerPredicates [Serial]&#xA;  /workspace/anago-v1.11.2-beta.0.50+bb9ffb1654d4a7/src/k8s.io/kubernetes/_output/dockerized/go/src/k8s.io/kubernetes/test/e2e/scheduling/predicates.go:71&#xA;</system-out>
      </testcase>
      <testcase name="[sig-storage] PersistentVolumes NFS with Single PV - PVC pairs should create a non-pre-bound PV and PVC: test write access " classname="Kubernetes e2e suite" time="0">
          <skipped></skipped>
      </testcase>
      <testcase name="[sig-storage] Subpath [Volume type: gluster] should support readOnly file specified in the volumeMount" classname="Kubernetes e2e suite" time="0">
          <skipped></skipped>
      </testcase>
      <testcase name="[sig-storage] Dynamic Provisioning DynamicProvisioner should provision storage with mount options" classname="Kubernetes e2e suite" time="0">
          <skipped></skipped>
      </testcase>
      <testcase name="[sig-scalability] Density [Feature:ManualPerformance] should allow starting 50 pods per node using { ReplicationController} with 0 secrets, 0 configmaps and 0 daemons" classname="Kubernetes e2e suite" time="0">
          <skipped></skipped>
      </testcase>
      <testcase name="[sig-storage] Subpath [Volume type: hostPathSymlink] should support restarting containers using directory as subpath [Slow]" classname="Kubernetes e2e suite" time="0">
          <skipped></skipped>
      </testcase>
      <testcase name="[sig-storage] Flexvolumes [Disruptive] should install plugin without kubelet restart" classname="Kubernetes e2e suite" time="0">
          <skipped></skipped>
      </testcase>
      <testcase name="[sig-apps] CronJob should replace jobs when ReplaceConcurrent" classname="Kubernetes e2e suite" time="0">
          <skipped></skipped>
      </testcase>
      <testcase name="[sig-storage] Projected should provide container&#39;s memory limit [NodeConformance] [Conformance]" classname="Kubernetes e2e suite" time="14.524967393"></testcase>
      <testcase name="[sig-storage] PersistentVolumes GCEPD should test that deleting the PV before the pod does not cause pod deletion to fail on PD detach" classname="Kubernetes e2e suite" time="0">
          <skipped></skipped>
      </testcase>
      <testcase name="[sig-autoscaling] [HPA] Horizontal pod autoscaling (scale resource: CPU) [sig-autoscaling] ReplicationController light Should scale from 1 pod to 2 pods" classname="Kubernetes e2e suite" time="0">
          <skipped></skipped>
      </testcase>
      <testcase name="[sig-storage] Subpath [Volume type: gluster] should unmount if pod is gracefully deleted while kubelet is down [Disruptive][Slow]" classname="Kubernetes e2e suite" time="0">
          <skipped></skipped>
      </testcase>
      <testcase name="[sig-storage] Subpath [Volume type: emptyDir] should support creating multiple subpath from same volumes [Slow]" classname="Kubernetes e2e suite" time="0">
          <skipped></skipped>
      </testcase>
      <testcase name="[sig-storage] PersistentVolumes [Feature:ReclaimPolicy] [sig-storage] persistentvolumereclaim:vsphere should delete persistent volume when reclaimPolicy set to delete and associated claim is deleted" classname="Kubernetes e2e suite" time="0">
          <skipped></skipped>
      </testcase>
      <testcase name="[sig-storage] EmptyDir volumes should support (non-root,0644,default) [NodeConformance] [Conformance]" classname="Kubernetes e2e suite" time="14.492869168"></testcase>
      <testcase name="[sig-autoscaling] Cluster size autoscaling [Slow] shouldn&#39;t scale up when expendable pod is created [Feature:ClusterSizeAutoscalingScaleUp]" classname="Kubernetes e2e suite" time="0">
          <skipped></skipped>
      </testcase>
      <testcase name="[sig-cluster-lifecycle] Reboot [Disruptive] [Feature:Reboot] each node by dropping all inbound packets for a while and ensure they function afterwards" classname="Kubernetes e2e suite" time="0">
          <skipped></skipped>
      </testcase>
      <testcase name="[sig-storage] Volume Provisioning On Clustered Datastore [Feature:vsphere] verify dynamic provision with spbm policy on clustered datastore" classname="Kubernetes e2e suite" time="0">
          <skipped></skipped>
      </testcase>
      <testcase name="[sig-cluster-lifecycle] [Feature:BootstrapTokens] should delete the signed bootstrap tokens from clusterInfo ConfigMap when bootstrap token is deleted" classname="Kubernetes e2e suite" time="0">
          <skipped></skipped>
      </testcase>
      <testcase name="[sig-api-machinery] Aggregator Should be able to support the 1.7 Sample API Server using the current Aggregator" classname="Kubernetes e2e suite" time="0">
          <skipped></skipped>
      </testcase>
      <testcase name="[sig-api-machinery] Garbage collector should support orphan deletion of custom resources" classname="Kubernetes e2e suite" time="0">
          <skipped></skipped>
      </testcase>
      <testcase name="[sig-storage] Subpath [Volume type: emptyDir] should support existing directory" classname="Kubernetes e2e suite" time="0">
          <skipped></skipped>
      </testcase>
      <testcase name="[sig-scalability] Density [Feature:ManualPerformance] should allow starting 30 pods per node using {extensions Deployment} with 0 secrets, 0 configmaps and 0 daemons" classname="Kubernetes e2e suite" time="0">
          <skipped></skipped>
      </testcase>
      <testcase name="[k8s.io] EquivalenceCache [Serial] validates pod affinity works properly when new replica pod is scheduled" classname="Kubernetes e2e suite" time="0">
          <skipped></skipped>
      </testcase>
      <testcase name="[sig-apps] DisruptionController evictions: no PDB =&gt; should allow an eviction" classname="Kubernetes e2e suite" time="0">
          <skipped></skipped>
      </testcase>
      <testcase name="[k8s.io] Cluster size autoscaler scalability [Slow] should scale up at all [Feature:ClusterAutoscalerScalability1]" classname="Kubernetes e2e suite" time="0">
          <skipped></skipped>
      </testcase>
      <testcase name="[sig-storage] Volumes CephFS [Feature:Volumes] should be mountable" classname="Kubernetes e2e suite" time="0">
          <skipped></skipped>
      </testcase>
      <testcase name="[sig-cluster-lifecycle] Upgrade [Feature:Upgrade] cluster upgrade should maintain a functioning cluster [Feature:ClusterUpgrade]" classname="Kubernetes e2e suite" time="0">
          <skipped></skipped>
      </testcase>
      <testcase name="[sig-scheduling] SchedulerPredicates [Serial] validates that NodeAffinity is respected if not matching" classname="Kubernetes e2e suite" time="0">
          <skipped></skipped>
      </testcase>
      <testcase name="[sig-autoscaling] [HPA] Horizontal pod autoscaling (scale resource: Custom Metrics from Stackdriver) should scale up with two External metrics from Stackdriver [Feature:CustomMetricsAutoscaling]" classname="Kubernetes e2e suite" time="0">
          <skipped></skipped>
      </testcase>
      <testcase name="[sig-apps] Daemon set [Serial] should rollback without unnecessary restarts [Conformance]" classname="Kubernetes e2e suite" time="8.396332543">
          <skipped></skipped>
      </testcase>
      <testcase name="[sig-apps] Daemon set [Serial] should run and stop simple daemon [Conformance]" classname="Kubernetes e2e suite" time="21.696470981"></testcase>
      <testcase name="[sig-apps] DaemonRestart [Disruptive] Scheduler should continue assigning pods to nodes across restart" classname="Kubernetes e2e suite" time="0">
          <skipped></skipped>
      </testcase>
      <testcase name="[sig-storage] PersistentVolumes-local  [Volume type: dir-link] Set fsGroup for local volume should set different fsGroup for second pod if first pod is deleted" classname="Kubernetes e2e suite" time="0">
          <skipped></skipped>
      </testcase>
      <testcase name="[sig-network] DNS should provide DNS for ExternalName services" classname="Kubernetes e2e suite" time="0">
          <skipped></skipped>
      </testcase>
      <testcase name="[sig-autoscaling] Cluster size autoscaling [Slow] shouldn&#39;t increase cluster size if pending pod is too large [Feature:ClusterSizeAutoscalingScaleUp]" classname="Kubernetes e2e suite" time="0">
          <skipped></skipped>
      </testcase>
      <testcase name="[sig-network] Firewall rule [Slow] [Serial] should create valid firewall rules for LoadBalancer type service" classname="Kubernetes e2e suite" time="0">
          <skipped></skipped>
      </testcase>
      <testcase name="[sig-api-machinery] Namespaces [Serial] should ensure that all pods are removed when a namespace is deleted." classname="Kubernetes e2e suite" time="0">
          <skipped></skipped>
      </testcase>
      <testcase name="[sig-network] Services should release NodePorts on delete" classname="Kubernetes e2e suite" time="0">
          <skipped></skipped>
      </testcase>
      <testcase name="[sig-storage] PersistentVolumes [Feature:ReclaimPolicy] [sig-storage] persistentvolumereclaim:vsphere should retain persistent volume when reclaimPolicy set to retain when associated claim is deleted" classname="Kubernetes e2e suite" time="0">
          <skipped></skipped>
      </testcase>
      <testcase name="[sig-network] Networking should check kube-proxy urls" classname="Kubernetes e2e suite" time="0">
          <skipped></skipped>
      </testcase>
      <testcase name="[sig-scheduling] ResourceQuota should create a ResourceQuota and capture the life of a replica set." classname="Kubernetes e2e suite" time="0">
          <skipped></skipped>
      </testcase>
      <testcase name="[sig-auth] ServiceAccounts should mount an API token into pods  [Conformance]" classname="Kubernetes e2e suite" time="25.428313958"></testcase>
      <testcase name="[sig-storage] PersistentVolumes-local  [Volume type: dir-link] Two pods mounting a local volume one after the other should be able to write from pod1 and read from pod2" classname="Kubernetes e2e suite" time="0">
          <skipped></skipped>
      </testcase>
      <testcase name="[sig-cli] Kubectl client [k8s.io] Kubectl apply apply set/view last-applied" classname="Kubernetes e2e suite" time="0">
          <skipped></skipped>
      </testcase>
      <testcase name="[sig-storage] PersistentVolumes-local  [Volume type: blockfs] Set fsGroup for local volume should set fsGroup for one pod" classname="Kubernetes e2e suite" time="0">
          <skipped></skipped>
      </testcase>
      <testcase name="[k8s.io] Probing container should have monotonically increasing restart count [Slow][NodeConformance] [Conformance]" classname="Kubernetes e2e suite" time="159.205267961"></testcase>
      <testcase name="[sig-scheduling] SchedulerPredicates [Serial] validates local ephemeral storage resource limits of pods that are allowed to run [Feature:LocalStorageCapacityIsolation]" classname="Kubernetes e2e suite" time="0">
          <skipped></skipped>
      </testcase>
      <testcase name="[sig-storage] Subpath [Volume type: nfs] should fail for new directories when readOnly specified in the volumeSource" classname="Kubernetes e2e suite" time="0">
          <skipped></skipped>
      </testcase>
      <testcase name="[sig-autoscaling] Cluster size autoscaling [Slow] should disable node pool autoscaling [Feature:ClusterSizeAutoscalingScaleUp]" classname="Kubernetes e2e suite" time="0">
          <skipped></skipped>
      </testcase>
      <testcase name="[sig-instrumentation] MetricsGrabber should grab all metrics from API server." classname="Kubernetes e2e suite" time="0">
          <skipped></skipped>
      </testcase>
      <testcase name="[sig-storage] PersistentVolumes-local  Local volume that cannot be mounted [Slow] should fail due to non-existent path" classname="Kubernetes e2e suite" time="0">
          <skipped></skipped>
      </testcase>
      <testcase name="[sig-storage] Storage Policy Based Volume Provisioning [Feature:vsphere] verify VSAN storage capability with valid hostFailuresToTolerate and cacheReservation values is honored for dynamically provisioned pvc using storageclass" classname="Kubernetes e2e suite" time="0">
          <skipped></skipped>
      </testcase>
      <testcase name="[sig-storage] Subpath [Volume type: nfsPVC] should support readOnly file specified in the volumeMount" classname="Kubernetes e2e suite" time="0">
          <skipped></skipped>
      </testcase>
      <testcase name="[sig-storage] PersistentVolumes-local  [Volume type: dir-link-bindmounted] Two pods mounting a local volume at the same time should be able to write from pod1 and read from pod2" classname="Kubernetes e2e suite" time="0">
          <skipped></skipped>
      </testcase>
      <testcase name="[sig-apps] Network Partition [Disruptive] [Slow] [k8s.io] [ReplicationController] should recreate pods scheduled on the unreachable node AND allow scheduling of pods on a node after it rejoins the cluster" classname="Kubernetes e2e suite" time="0">
          <skipped></skipped>
      </testcase>
      <testcase name="[sig-cluster-lifecycle] [Feature:BootstrapTokens] should not delete the token secret when the secret is not expired" classname="Kubernetes e2e suite" time="0">
          <skipped></skipped>
      </testcase>
      <testcase name="[sig-network] Networking Granular Checks: Services [Slow] should function for pod-Service: http" classname="Kubernetes e2e suite" time="0">
          <skipped></skipped>
      </testcase>
      <testcase name="[sig-storage] Subpath [Volume type: gluster] should support restarting containers using directory as subpath [Slow]" classname="Kubernetes e2e suite" time="0">
          <skipped></skipped>
      </testcase>
      <testcase name="[sig-scalability] Load capacity [Feature:ManualPerformance] should be able to handle 30 pods per node { ReplicationController} with 0 secrets, 0 configmaps and 2 daemons" classname="Kubernetes e2e suite" time="0">
          <skipped></skipped>
      </testcase>
      <testcase name="[k8s.io] [sig-node] Security Context [Feature:SecurityContext] should support pod.Spec.SecurityContext.SupplementalGroups" classname="Kubernetes e2e suite" time="0">
          <skipped></skipped>
      </testcase>
      <testcase name="[sig-cli] Kubectl client [k8s.io] Kubectl version should check is all data is printed  [Conformance]" classname="Kubernetes e2e suite" time="0">
          <skipped></skipped>
      </testcase>
      <testcase name="[sig-storage] Downward API volume should provide node allocatable (cpu) as default cpu limit if the limit is not set [NodeConformance] [Conformance]" classname="Kubernetes e2e suite" time="14.4489459"></testcase>
      <testcase name="[sig-storage] Volume Operations Storm [Feature:vsphere] should create pod with many volumes and verify no attach call fails" classname="Kubernetes e2e suite" time="0">
          <skipped></skipped>
      </testcase>
      <testcase name="[sig-storage] Dynamic Provisioning DynamicProvisioner should test that deleting a claim before the volume is provisioned deletes the volume." classname="Kubernetes e2e suite" time="0">
          <skipped></skipped>
      </testcase>
      <testcase name="[sig-cluster-lifecycle] Nodes [Disruptive] Resize [Slow] should be able to add nodes" classname="Kubernetes e2e suite" time="0">
          <skipped></skipped>
      </testcase>
      <testcase name="[sig-storage] EmptyDir volumes should support (root,0666,tmpfs) [NodeConformance] [Conformance]" classname="Kubernetes e2e suite" time="12.617772179"></testcase>
      <testcase name="[sig-cluster-lifecycle] HA-master [Feature:HAMaster] survive addition/removal replicas multizone workers [Serial][Disruptive]" classname="Kubernetes e2e suite" time="0">
          <skipped></skipped>
      </testcase>
      <testcase name="[sig-storage] Subpath [Volume type: nfsPVC] should fail if non-existent subpath is outside the volume [Slow]" classname="Kubernetes e2e suite" time="0">
          <skipped></skipped>
      </testcase>
      <testcase name="[sig-storage] Subpath [Volume type: gluster] should support readOnly directory specified in the volumeMount" classname="Kubernetes e2e suite" time="0">
          <skipped></skipped>
      </testcase>
      <testcase name="[sig-storage] Projected should be consumable from pods in volume as non-root with FSGroup [NodeFeature:FSGroup]" classname="Kubernetes e2e suite" time="0">
          <skipped></skipped>
      </testcase>
      <testcase name="[sig-api-machinery] AdmissionWebhook Should deny crd creation" classname="Kubernetes e2e suite" time="0">
          <skipped></skipped>
      </testcase>
      <testcase name="[sig-storage] Subpath [Volume type: emptyDir] should fail if non-existent subpath is outside the volume [Slow]" classname="Kubernetes e2e suite" time="0">
          <skipped></skipped>
      </testcase>
      <testcase name="[sig-apps] CronJob should delete successful finished jobs with limit of one successful job" classname="Kubernetes e2e suite" time="0">
          <skipped></skipped>
      </testcase>
      <testcase name="[sig-network] Networking Granular Checks: Pods should function for intra-pod communication: udp [NodeConformance] [Conformance]" classname="Kubernetes e2e suite" time="46.804822876"></testcase>
      <testcase name="[sig-storage] EmptyDir volumes when FSGroup is specified [NodeFeature:FSGroup] new files should be created with FSGroup ownership when container is root" classname="Kubernetes e2e suite" time="0">
          <skipped></skipped>
      </testcase>
      <testcase name="[sig-storage] Projected should provide podname as non-root with fsgroup [NodeFeature:FSGroup]" classname="Kubernetes e2e suite" time="0">
          <skipped></skipped>
      </testcase>
      <testcase name="[k8s.io] Variable Expansion should allow substituting values in a container&#39;s command [NodeConformance] [Conformance]" classname="Kubernetes e2e suite" time="16.491589022"></testcase>
      <testcase name="[sig-storage] Subpath [Volume type: gcePDPVC] should fail if subpath with backstepping is outside the volume [Slow]" classname="Kubernetes e2e suite" time="0">
          <skipped></skipped>
      </testcase>
      <testcase name="[sig-auth] Metadata Concealment should run a check-metadata-concealment job to completion" classname="Kubernetes e2e suite" time="0">
          <skipped></skipped>
      </testcase>
      <testcase name="[sig-network] Proxy version v1 should proxy logs on node with explicit kubelet port using proxy subresource  [Conformance]" classname="Kubernetes e2e suite" time="7.10165415"></testcase>
      <testcase name="[sig-storage] PersistentVolumes NFS with Single PV - PVC pairs create a PVC and a pre-bound PV: test write access" classname="Kubernetes e2e suite" time="0">
          <skipped></skipped>
      </testcase>
      <testcase name="[sig-storage] PersistentVolumes Default StorageClass pods that use multiple volumes should be reschedulable" classname="Kubernetes e2e suite" time="0">
          <skipped></skipped>
      </testcase>
      <testcase name="[sig-cluster-lifecycle] Nodes [Disruptive] Resize [Slow] should be able to delete nodes" classname="Kubernetes e2e suite" time="0">
          <skipped></skipped>
      </testcase>
      <testcase name="[sig-storage] Verify Volume Attach Through vpxd Restart [Feature:vsphere][Serial][Disruptive] verify volume remains attached through vpxd restart" classname="Kubernetes e2e suite" time="0">
          <skipped></skipped>
      </testcase>
      <testcase name="[sig-storage] Subpath [Volume type: gluster] should support file as subpath" classname="Kubernetes e2e suite" time="0">
          <skipped></skipped>
      </testcase>
      <testcase name="[sig-cluster-lifecycle] Upgrade [Feature:Upgrade] master upgrade should maintain a functioning cluster [Feature:MasterUpgrade]" classname="Kubernetes e2e suite" time="0">
          <skipped></skipped>
      </testcase>
      <testcase name="[sig-autoscaling] Cluster size autoscaling [Slow] shouldn&#39;t scale down when non expendable pod is running [Feature:ClusterSizeAutoscalingScaleDown]" classname="Kubernetes e2e suite" time="0">
          <skipped></skipped>
      </testcase>
      <testcase name="[sig-cli] Kubectl client [k8s.io] Simple pod should handle in-cluster config" classname="Kubernetes e2e suite" time="0">
          <skipped></skipped>
      </testcase>
      <testcase name="[sig-network] Loadbalancing: L7 GCE [Slow] [Feature:Ingress] should support multiple TLS certs" classname="Kubernetes e2e suite" time="0">
          <skipped></skipped>
      </testcase>
      <testcase name="[sig-storage] Projected optional updates should be reflected in volume [NodeConformance] [Conformance]" classname="Kubernetes e2e suite" time="35.047860169"></testcase>
      <testcase name="[sig-autoscaling] [HPA] Horizontal pod autoscaling (scale resource: CPU) [sig-autoscaling] ReplicationController light Should scale from 2 pods to 1 pod" classname="Kubernetes e2e suite" time="0">
          <skipped></skipped>
      </testcase>
      <testcase name="[sig-apps] Deployment iterative rollouts should eventually progress" classname="Kubernetes e2e suite" time="0">
          <skipped></skipped>
      </testcase>
      <testcase name="[sig-storage] PersistentVolumes-local  [Volume type: dir] One pod requesting one prebound PVC should be able to mount volume and read from pod1" classname="Kubernetes e2e suite" time="0">
          <skipped></skipped>
      </testcase>
      <testcase name="[sig-api-machinery] Servers with support for API chunking should return chunks of results for list calls" classname="Kubernetes e2e suite" time="0">
          <skipped></skipped>
      </testcase>
      <testcase name="[sig-storage] PVC Protection Verify that PVC in active use by a pod is not removed immediately" classname="Kubernetes e2e suite" time="0">
          <skipped></skipped>
      </testcase>
      <testcase name="[sig-cluster-lifecycle] ingress Upgrade [Feature:IngressUpgrade] ingress upgrade should maintain a functioning ingress" classname="Kubernetes e2e suite" time="0">
          <skipped></skipped>
      </testcase>
      <testcase name="[sig-cli] Kubectl Port forwarding [k8s.io] With a server listening on localhost [k8s.io] that expects a client request should support a client that connects, sends DATA, and disconnects" classname="Kubernetes e2e suite" time="0">
          <skipped></skipped>
      </testcase>
      <testcase name="[sig-storage] Subpath [Volume type: gcePDPVC] should support readOnly directory specified in the volumeMount" classname="Kubernetes e2e suite" time="0">
          <skipped></skipped>
      </testcase>
      <testcase name="[sig-network] Services should provide secure master service  [Conformance]" classname="Kubernetes e2e suite" time="8.327349263"></testcase>
      <testcase name="[k8s.io] [Feature:Example] [k8s.io] RethinkDB should create and stop rethinkdb servers" classname="Kubernetes e2e suite" time="0">
          <skipped></skipped>
      </testcase>
      <testcase name="[sig-network] ESIPP [Slow] [DisabledForLargeClusters] should handle updates to ExternalTrafficPolicy field" classname="Kubernetes e2e suite" time="0">
          <skipped></skipped>
      </testcase>
      <testcase name="[sig-storage] [Serial] Volume metrics PVController should create none metrics for pvc controller before creating any PV or PVC" classname="Kubernetes e2e suite" time="0">
          <skipped></skipped>
      </testcase>
      <testcase name="[k8s.io] GKE local SSD [Feature:GKELocalSSD] should write and read from node local SSD [Feature:GKELocalSSD]" classname="Kubernetes e2e suite" time="0">
          <skipped></skipped>
      </testcase>
      <testcase name="[sig-network] Loadbalancing: L7 GCE [Slow] [Feature:Ingress] should update ingress while sync failures occur on other ingresses" classname="Kubernetes e2e suite" time="0">
          <skipped></skipped>
      </testcase>
      <testcase name="[sig-network] Services should be able to create an internal type load balancer [Slow] [DisabledForLargeClusters]" classname="Kubernetes e2e suite" time="0">
          <skipped></skipped>
      </testcase>
      <testcase name="[sig-storage] Subpath [Volume type: emptyDir] should support existing directories when readOnly specified in the volumeSource" classname="Kubernetes e2e suite" time="0">
          <skipped></skipped>
      </testcase>
      <testcase name="[sig-network] NetworkPolicy NetworkPolicy between server and client should support a &#39;default-deny&#39; policy [Feature:NetworkPolicy]" classname="Kubernetes e2e suite" time="0">
          <skipped></skipped>
      </testcase>
      <testcase name="[k8s.io] [sig-node] Kubelet [Serial] [Slow] [k8s.io] [sig-node] experimental resource usage tracking [Feature:ExperimentalResourceUsageTracking] resource tracking for 100 pods per node" classname="Kubernetes e2e suite" time="0">
          <skipped></skipped>
      </testcase>
      <testcase name="[sig-scheduling] SchedulerPreemption [Serial] [Feature:PodPreemption] validates pod anti-affinity works in preemption" classname="Kubernetes e2e suite" time="0">
          <skipped></skipped>
      </testcase>
      <testcase name="[sig-network] NoSNAT [Feature:NoSNAT] [Slow] Should be able to send traffic between Pods without SNAT" classname="Kubernetes e2e suite" time="0">
          <skipped></skipped>
      </testcase>
      <testcase name="[sig-storage] NFSPersistentVolumes[Disruptive][Flaky] when kubelet restarts Should test that a volume mounted to a pod that is force deleted while the kubelet is down unmounts when the kubelet returns." classname="Kubernetes e2e suite" time="0">
          <skipped></skipped>
      </testcase>
      <testcase name="[k8s.io] [Feature:Example] [k8s.io] Redis should create and stop redis servers" classname="Kubernetes e2e suite" time="0">
          <skipped></skipped>
      </testcase>
      <testcase name="[sig-scalability] Density [Feature:HighDensityPerformance] should allow starting 95 pods per node using { ReplicationController} with 0 secrets, 0 configmaps and 0 daemons" classname="Kubernetes e2e suite" time="0">
          <skipped></skipped>
      </testcase>
      <testcase name="[sig-network] Loadbalancing: L7 GCE [Slow] [Feature:kubemci] should create ingress with backend HTTPS" classname="Kubernetes e2e suite" time="0">
          <skipped></skipped>
      </testcase>
      <testcase name="[sig-autoscaling] Cluster size autoscaling [Slow] should add node to the particular mig [Feature:ClusterSizeAutoscalingScaleUp]" classname="Kubernetes e2e suite" time="0">
          <skipped></skipped>
      </testcase>
      <testcase name="[sig-storage] Subpath [Volume type: gcePDPartitioned] should unmount if pod is force deleted while kubelet is down [Disruptive][Slow]" classname="Kubernetes e2e suite" time="0">
          <skipped></skipped>
      </testcase>
      <testcase name="[sig-autoscaling] Cluster size autoscaling [Slow] Should not scale GPU pool up if pod does not require GPUs [GpuType:nvidia-tesla-v100] [Feature:ClusterSizeAutoscalingGpu]" classname="Kubernetes e2e suite" time="0">
          <skipped></skipped>
      </testcase>
      <testcase name="[sig-storage] [Serial] Volume metrics should create prometheus metrics for volume provisioning and attach/detach" classname="Kubernetes e2e suite" time="0">
          <skipped></skipped>
      </testcase>
      <testcase name="[sig-network] NetworkPolicy NetworkPolicy between server and client should enforce multiple, stacked policies with overlapping podSelectors [Feature:NetworkPolicy]" classname="Kubernetes e2e suite" time="0">
          <skipped></skipped>
      </testcase>
      <testcase name="[sig-storage] PersistentVolumes-local  [Volume type: tmpfs] Set fsGroup for local volume should not set different fsGroups for two pods simultaneously" classname="Kubernetes e2e suite" time="0">
          <skipped></skipped>
      </testcase>
      <testcase name="[sig-storage] Subpath [Volume type: nfsPVC] should support restarting containers using file as subpath [Slow]" classname="Kubernetes e2e suite" time="0">
          <skipped></skipped>
      </testcase>
      <testcase name="[sig-cluster-lifecycle] etcd Upgrade [Feature:EtcdUpgrade] etcd upgrade should maintain a functioning cluster" classname="Kubernetes e2e suite" time="0">
          <skipped></skipped>
      </testcase>
      <testcase name="[sig-cli] Kubectl client [k8s.io] Simple pod should support inline execution and attach" classname="Kubernetes e2e suite" time="0">
          <skipped></skipped>
      </testcase>
      <testcase name="[sig-cluster-lifecycle] Restart [Disruptive] should restart all nodes and ensure all nodes and pods recover" classname="Kubernetes e2e suite" time="0">
          <skipped></skipped>
      </testcase>
      <testcase name="[sig-storage] Storage Policy Based Volume Provisioning [Feature:vsphere] verify VSAN storage capability with valid diskStripes and objectSpaceReservation values is honored for dynamically provisioned pvc using storageclass" classname="Kubernetes e2e suite" time="0">
          <skipped></skipped>
      </testcase>
      <testcase name="[sig-scheduling] PodPriorityResolution [Serial] [Feature:PodPreemption] validates critical system priorities are created and resolved" classname="Kubernetes e2e suite" time="0">
          <skipped></skipped>
      </testcase>
      <testcase name="[sig-storage] Pod Disks detach in a disrupted environment [Slow] [Disruptive] when node&#39;s API object is deleted" classname="Kubernetes e2e suite" time="0">
          <skipped></skipped>
      </testcase>
      <testcase name="[sig-apps] DisruptionController should update PodDisruptionBudget status" classname="Kubernetes e2e suite" time="0">
          <skipped></skipped>
      </testcase>
      <testcase name="[sig-storage] PersistentVolumes GCEPD should test that deleting the Namespace of a PVC and Pod causes the successful detach of Persistent Disk" classname="Kubernetes e2e suite" time="0">
          <skipped></skipped>
      </testcase>
      <testcase name="[sig-api-machinery] Servers with support for Table transformation should return pod details" classname="Kubernetes e2e suite" time="0">
          <skipped></skipped>
      </testcase>
      <testcase name="[sig-autoscaling] Cluster size autoscaling [Slow] should be able to scale down by draining multiple pods one by one as dictated by pdb[Feature:ClusterSizeAutoscalingScaleDown]" classname="Kubernetes e2e suite" time="0">
          <skipped></skipped>
      </testcase>
      <testcase name="[sig-scalability] Load capacity [Feature:ManualPerformance] should be able to handle 30 pods per node { Random} with 0 secrets, 0 configmaps and 0 daemons with quotas" classname="Kubernetes e2e suite" time="0">
          <skipped></skipped>
      </testcase>
      <testcase name="[sig-api-machinery] Downward API should provide pod UID as env vars [NodeConformance] [Conformance]" classname="Kubernetes e2e suite" time="14.434761272"></testcase>
      <testcase name="[sig-storage] Subpath [Volume type: hostPath] should support existing directory" classname="Kubernetes e2e suite" time="0">
          <skipped></skipped>
      </testcase>
      <testcase name="[sig-storage] Projected should be consumable in multiple volumes in a pod [NodeConformance] [Conformance]" classname="Kubernetes e2e suite" time="14.538114087"></testcase>
      <testcase name="[sig-storage] Volume Placement should create and delete pod with the same volume source on the same worker node" classname="Kubernetes e2e suite" time="0">
          <skipped></skipped>
      </testcase>
      <testcase name="[sig-storage] Subpath [Volume type: gcePDPartitioned] should support existing directory" classname="Kubernetes e2e suite" time="0">
          <skipped></skipped>
      </testcase>
      <testcase name="[sig-storage] Downward API volume should set DefaultMode on files [NodeConformance] [Conformance]" classname="Kubernetes e2e suite" time="12.552622037999999"></testcase>
      <testcase name="[sig-storage] Subpath [Volume type: nfs] should fail if subpath with backstepping is outside the volume [Slow]" classname="Kubernetes e2e suite" time="0">
          <skipped></skipped>
      </testcase>
      <testcase name="[sig-storage] CSI Volumes CSI plugin test using CSI driver: hostPath should provision storage" classname="Kubernetes e2e suite" time="0">
          <skipped></skipped>
      </testcase>
      <testcase name="[sig-network] ESIPP [Slow] [DisabledForLargeClusters] should work for type=LoadBalancer" classname="Kubernetes e2e suite" time="0">
          <skipped></skipped>
      </testcase>
      <testcase name="[sig-storage] Subpath [Volume type: nfsPVC] should unmount if pod is force deleted while kubelet is down [Disruptive][Slow]" classname="Kubernetes e2e suite" time="0">
          <skipped></skipped>
      </testcase>
      <testcase name="[sig-storage] Volumes NFS should be mountable" classname="Kubernetes e2e suite" time="0">
          <skipped></skipped>
      </testcase>
      <testcase name="[sig-cli] Kubectl client [k8s.io] Kubectl run --rm job should create a job from an image, then delete the job  [Conformance]" classname="Kubernetes e2e suite" time="0">
          <skipped></skipped>
      </testcase>
      <testcase name="[sig-storage] Subpath [Volume type: nfs] should unmount if pod is gracefully deleted while kubelet is down [Disruptive][Slow]" classname="Kubernetes e2e suite" time="0">
          <skipped></skipped>
      </testcase>
      <testcase name="[sig-scheduling] ResourceQuota should create a ResourceQuota and ensure its status is promptly calculated." classname="Kubernetes e2e suite" time="0">
          <skipped></skipped>
      </testcase>
      <testcase name="[sig-storage] PersistentVolumes-local  [Volume type: blockfs] Two pods mounting a local volume one after the other should be able to write from pod1 and read from pod2" classname="Kubernetes e2e suite" time="0">
          <skipped></skipped>
      </testcase>
      <testcase name="[sig-network] Services should be able to switch session affinity for LoadBalancer service with ESIPP off [Slow] [DisabledForLargeClusters]" classname="Kubernetes e2e suite" time="0">
          <skipped></skipped>
      </testcase>
      <testcase name="[sig-api-machinery] Secrets should be consumable via the environment [NodeConformance] [Conformance]" classname="Kubernetes e2e suite" time="16.600128679"></testcase>
      <testcase name="[sig-cluster-lifecycle] Upgrade [Feature:Upgrade] node upgrade should maintain a functioning cluster [Feature:NodeUpgrade]" classname="Kubernetes e2e suite" time="0">
          <skipped></skipped>
      </testcase>
      <testcase name="[sig-network] ESIPP [Slow] [DisabledForLargeClusters] should work from pods" classname="Kubernetes e2e suite" time="0">
          <skipped></skipped>
      </testcase>
      <testcase name="[k8s.io] [sig-node] AppArmor load AppArmor profiles should enforce an AppArmor profile" classname="Kubernetes e2e suite" time="0">
          <skipped></skipped>
      </testcase>
      <testcase name="[sig-cli] Kubectl client [k8s.io] Kubectl label should update the label on a resource  [Conformance]" classname="Kubernetes e2e suite" time="0">
          <skipped></skipped>
      </testcase>
      <testcase name="[sig-service-catalog] [Feature:PodPreset] PodPreset should not modify the pod on conflict" classname="Kubernetes e2e suite" time="0">
          <skipped></skipped>
      </testcase>
      <testcase name="[sig-storage] Subpath [Volume type: hostPath] should support existing directories when readOnly specified in the volumeSource" classname="Kubernetes e2e suite" time="0">
          <skipped></skipped>
      </testcase>
      <testcase name="[k8s.io] [sig-node] Security Context [Feature:SecurityContext] should support seccomp alpha unconfined annotation on the pod [Feature:Seccomp]" classname="Kubernetes e2e suite" time="0">
          <skipped></skipped>
      </testcase>
      <testcase name="[sig-api-machinery] Garbage collector should support cascading deletion of custom resources" classname="Kubernetes e2e suite" time="0">
          <skipped></skipped>
      </testcase>
      <testcase name="[sig-storage] Volume Provisioning On Clustered Datastore [Feature:vsphere] verify static provisioning on clustered datastore" classname="Kubernetes e2e suite" time="0">
          <skipped></skipped>
      </testcase>
      <testcase name="[sig-apps] DaemonRestart [Disruptive] Controller Manager should not create/delete replicas across restart" classname="Kubernetes e2e suite" time="0">
          <skipped></skipped>
      </testcase>
      <testcase name="[sig-storage] Projected should provide container&#39;s cpu request [NodeConformance] [Conformance]" classname="Kubernetes e2e suite" time="14.717823468"></testcase>
      <testcase name="[sig-api-machinery] Etcd failure [Disruptive] should recover from SIGKILL" classname="Kubernetes e2e suite" time="0">
          <skipped></skipped>
      </testcase>
      <testcase name="[sig-cluster-lifecycle] HA-master [Feature:HAMaster] survive addition/removal replicas different zones [Serial][Disruptive]" classname="Kubernetes e2e suite" time="0">
          <skipped></skipped>
      </testcase>
      <testcase name="[k8s.io] Variable Expansion should allow substituting values in a container&#39;s args [NodeConformance] [Conformance]" classname="Kubernetes e2e suite" time="16.5286968"></testcase>
      <testcase name="[sig-storage] Subpath [Volume type: nfs] should fail if non-existent subpath is outside the volume [Slow]" classname="Kubernetes e2e suite" time="0">
          <skipped></skipped>
      </testcase>
      <testcase name="[sig-storage] Projected optional updates should be reflected in volume [NodeConformance] [Conformance]" classname="Kubernetes e2e suite" time="35.106387919"></testcase>
      <testcase name="[sig-storage] Subpath [Volume type: gluster] should fail if subpath directory is outside the volume [Slow]" classname="Kubernetes e2e suite" time="0">
          <skipped></skipped>
      </testcase>
      <testcase name="[sig-api-machinery] AdmissionWebhook Should mutate configmap" classname="Kubernetes e2e suite" time="0">
          <skipped></skipped>
      </testcase>
      <testcase name="[sig-auth] Advanced Audit should audit API calls [DisabledForLargeClusters]" classname="Kubernetes e2e suite" time="0">
          <skipped></skipped>
      </testcase>
      <testcase name="[sig-instrumentation] Cluster level logging implemented by Stackdriver [Feature:StackdriverLogging] [Soak] should ingest logs from applications running for a prolonged amount of time" classname="Kubernetes e2e suite" time="0">
          <skipped></skipped>
      </testcase>
      <testcase name="[sig-network] Proxy version v1 should proxy through a service and a pod  [Conformance]" classname="Kubernetes e2e suite" time="26.17405498"></testcase>
      <testcase name="[k8s.io] Pods should have their auto-restart back-off timer reset on image update [Slow][NodeConformance]" classname="Kubernetes e2e suite" time="0">
          <skipped></skipped>
      </testcase>
      <testcase name="[sig-autoscaling] Cluster size autoscaling [Slow] should increase cluster size if pods are pending due to host port conflict [Feature:ClusterSizeAutoscalingScaleUp]" classname="Kubernetes e2e suite" time="0">
          <skipped></skipped>
      </testcase>
      <testcase name="[sig-scalability] Load capacity [Feature:Performance] should be able to handle 30 pods per node { ReplicationController} with 0 secrets, 0 configmaps and 0 daemons" classname="Kubernetes e2e suite" time="0">
          <skipped></skipped>
      </testcase>
      <testcase name="[sig-storage] PersistentVolumes-local  [Volume type: tmpfs] Set fsGroup for local volume should set different fsGroup for second pod if first pod is deleted" classname="Kubernetes e2e suite" time="0">
          <skipped></skipped>
      </testcase>
      <testcase name="[sig-cli] Kubectl client [k8s.io] Kubectl expose should create services for rc  [Conformance]" classname="Kubernetes e2e suite" time="0">
          <skipped></skipped>
      </testcase>
      <testcase name="[sig-storage] Subpath [Volume type: nfs] should support restarting containers using file as subpath [Slow]" classname="Kubernetes e2e suite" time="0">
          <skipped></skipped>
      </testcase>
      <testcase name="[k8s.io] Cluster size autoscaler scalability [Slow] should scale down underutilized nodes [Feature:ClusterAutoscalerScalability4]" classname="Kubernetes e2e suite" time="0">
          <skipped></skipped>
      </testcase>
      <testcase name="[sig-autoscaling] Cluster size autoscaling [Slow] should correctly scale down after a node is not needed when there is non autoscaled pool[Feature:ClusterSizeAutoscalingScaleDown]" classname="Kubernetes e2e suite" time="0">
          <skipped></skipped>
      </testcase>
      <testcase name="[sig-storage] PersistentVolumes-local  [Volume type: dir-bindmounted] Set fsGroup for local volume should set fsGroup for one pod" classname="Kubernetes e2e suite" time="0">
          <skipped></skipped>
      </testcase>
      <testcase name="[sig-storage] PersistentVolumes-local  [Volume type: block] [Feature:BlockVolume] Set fsGroup for local volume should set fsGroup for one pod" classname="Kubernetes e2e suite" time="0">
          <skipped></skipped>
      </testcase>
      <testcase name="[k8s.io] [sig-node] Security Context [Feature:SecurityContext] should support container.SecurityContext.RunAsUser" classname="Kubernetes e2e suite" time="0">
          <skipped></skipped>
      </testcase>
      <testcase name="[k8s.io] EquivalenceCache [Serial] validates pod anti-affinity works properly when new replica pod is scheduled" classname="Kubernetes e2e suite" time="0">
          <skipped></skipped>
      </testcase>
      <testcase name="[sig-storage] Subpath [Volume type: emptyDir] should support restarting containers using file as subpath [Slow]" classname="Kubernetes e2e suite" time="0">
          <skipped></skipped>
      </testcase>
      <testcase name="[sig-api-machinery] Watchers should be able to restart watching from the last resource version observed by the previous watch [Conformance]" classname="Kubernetes e2e suite" time="8.52866221"></testcase>
      <testcase name="[sig-storage] Dynamic Provisioning DynamicProvisioner should not provision a volume in an unmanaged GCE zone." classname="Kubernetes e2e suite" time="0">
          <skipped></skipped>
      </testcase>
      <testcase name="[sig-network] Networking Granular Checks: Pods should function for intra-pod communication: http [NodeConformance] [Conformance]" classname="Kubernetes e2e suite" time="48.688918875"></testcase>
      <testcase name="[sig-scheduling] ResourceQuota should create a ResourceQuota and capture the life of a service." classname="Kubernetes e2e suite" time="0">
          <skipped></skipped>
      </testcase>
      <testcase name="[sig-auth] PodSecurityPolicy should enforce the restricted policy.PodSecurityPolicy" classname="Kubernetes e2e suite" time="0">
          <skipped></skipped>
      </testcase>
      <testcase name="[sig-autoscaling] Cluster size autoscaling [Slow] shouldn&#39;t trigger additional scale-ups during processing scale-up [Feature:ClusterSizeAutoscalingScaleUp]" classname="Kubernetes e2e suite" time="0">
          <skipped></skipped>
      </testcase>
      <testcase name="[sig-storage] Storage Policy Based Volume Provisioning [Feature:vsphere] verify VSAN storage capability with valid objectSpaceReservation and iopsLimit values is honored for dynamically provisioned pvc using storageclass" classname="Kubernetes e2e suite" time="0">
          <skipped></skipped>
      </testcase>
      <testcase name="[sig-autoscaling] [Feature:ClusterSizeAutoscalingScaleUp] [Slow] Autoscaling [sig-autoscaling] Autoscaling a service from 1 pod and 3 nodes to 8 pods and &gt;=4 nodes takes less than 15 minutes" classname="Kubernetes e2e suite" time="0">
          <skipped></skipped>
      </testcase>
      <testcase name="[sig-apps] StatefulSet [k8s.io] Basic StatefulSet functionality [StatefulSetBasic] should perform canary updates and phased rolling updates of template modifications [Conformance]" classname="Kubernetes e2e suite" time="9.095236971">
          <failure type="Failure">/workspace/anago-v1.11.2-beta.0.50+bb9ffb1654d4a7/src/k8s.io/kubernetes/_output/dockerized/go/src/k8s.io/kubernetes/test/e2e/framework/framework.go:684&#xA;Expected error:&#xA;    &lt;*errors.StatusError | 0xc4212ea1b0&gt;: {&#xA;        ErrStatus: {&#xA;            TypeMeta: {Kind: &#34;&#34;, APIVersion: &#34;&#34;},&#xA;            ListMeta: {SelfLink: &#34;&#34;, ResourceVersion: &#34;&#34;, Continue: &#34;&#34;},&#xA;            Status: &#34;Failure&#34;,&#xA;            Message: &#34;Internal error occurred: admission webhook \&#34;trust.hooks.securityenforcement.admission.cloud.ibm.com\&#34; denied the request: \nDeny \&#34;k8s.gcr.io/nginx-slim-amd64:0.20\&#34;, no matching repositories in ClusterImagePolicy and no ImagePolicies in the \&#34;e2e-tests-statefulset-g9l6p\&#34; namespace&#34;,&#xA;            Reason: &#34;InternalError&#34;,&#xA;            Details: {&#xA;                Name: &#34;&#34;,&#xA;                Group: &#34;&#34;,&#xA;                Kind: &#34;&#34;,&#xA;                UID: &#34;&#34;,&#xA;                Causes: [&#xA;                    {&#xA;                        Type: &#34;&#34;,&#xA;                        Message: &#34;admission webhook \&#34;trust.hooks.securityenforcement.admission.cloud.ibm.com\&#34; denied the request: \nDeny \&#34;k8s.gcr.io/nginx-slim-amd64:0.20\&#34;, no matching repositories in ClusterImagePolicy and no ImagePolicies in the \&#34;e2e-tests-statefulset-g9l6p\&#34; namespace&#34;,&#xA;                        Field: &#34;&#34;,&#xA;                    },&#xA;                ],&#xA;                RetryAfterSeconds: 0,&#xA;            },&#xA;            Code: 500,&#xA;        },&#xA;    }&#xA;    Internal error occurred: admission webhook &#34;trust.hooks.securityenforcement.admission.cloud.ibm.com&#34; denied the request: &#xA;    Deny &#34;k8s.gcr.io/nginx-slim-amd64:0.20&#34;, no matching repositories in ClusterImagePolicy and no ImagePolicies in the &#34;e2e-tests-statefulset-g9l6p&#34; namespace&#xA;not to have occurred&#xA;/workspace/anago-v1.11.2-beta.0.50+bb9ffb1654d4a7/src/k8s.io/kubernetes/_output/dockerized/go/src/k8s.io/kubernetes/test/e2e/apps/statefulset.go:392</failure>
          <system-out>[BeforeEach] [sig-apps] StatefulSet&#xA;  /workspace/anago-v1.11.2-beta.0.50+bb9ffb1654d4a7/src/k8s.io/kubernetes/_output/dockerized/go/src/k8s.io/kubernetes/test/e2e/framework/framework.go:141&#xA;STEP: Creating a kubernetes client&#xA;Sep 19 07:52:59.758: INFO: &gt;&gt;&gt; kubeConfig: /tmp/kubeconfig-172917420&#xA;STEP: Building a namespace api object&#xA;STEP: Binding the e2e-test-privileged-psp PodSecurityPolicy to the default service account in e2e-tests-statefulset-g9l6p&#xA;STEP: Waiting for a default service account to be provisioned in namespace&#xA;[BeforeEach] [sig-apps] StatefulSet&#xA;  /workspace/anago-v1.11.2-beta.0.50+bb9ffb1654d4a7/src/k8s.io/kubernetes/_output/dockerized/go/src/k8s.io/kubernetes/test/e2e/apps/statefulset.go:57&#xA;[BeforeEach] [k8s.io] Basic StatefulSet functionality [StatefulSetBasic]&#xA;  /workspace/anago-v1.11.2-beta.0.50+bb9ffb1654d4a7/src/k8s.io/kubernetes/_output/dockerized/go/src/k8s.io/kubernetes/test/e2e/apps/statefulset.go:72&#xA;STEP: Creating service test in namespace e2e-tests-statefulset-g9l6p&#xA;[It] should perform canary updates and phased rolling updates of template modifications [Conformance]&#xA;  /workspace/anago-v1.11.2-beta.0.50+bb9ffb1654d4a7/src/k8s.io/kubernetes/_output/dockerized/go/src/k8s.io/kubernetes/test/e2e/framework/framework.go:684&#xA;STEP: Creating a new StaefulSet&#xA;[AfterEach] [k8s.io] Basic StatefulSet functionality [StatefulSetBasic]&#xA;  /workspace/anago-v1.11.2-beta.0.50+bb9ffb1654d4a7/src/k8s.io/kubernetes/_output/dockerized/go/src/k8s.io/kubernetes/test/e2e/apps/statefulset.go:83&#xA;Sep 19 07:53:00.242: INFO: Deleting all statefulset in ns e2e-tests-statefulset-g9l6p&#xA;[AfterEach] [sig-apps] StatefulSet&#xA;  /workspace/anago-v1.11.2-beta.0.50+bb9ffb1654d4a7/src/k8s.io/kubernetes/_output/dockerized/go/src/k8s.io/kubernetes/test/e2e/framework/framework.go:142&#xA;STEP: Collecting events from namespace &#34;e2e-tests-statefulset-g9l6p&#34;.&#xA;STEP: Found 0 events.&#xA;Sep 19 07:53:00.307: INFO: POD                                                              NODE         PHASE      GRACE  CONDITIONS&#xA;Sep 19 07:53:00.307: INFO: ibm-cert-manager-cert-manager-74687f689b-7994r                   10.46.6.173  Running           [{Initialized True 0001-01-01 00:00:00 +0000 UTC 2018-09-17 07:07:12 +0000 UTC  } {Ready True 0001-01-01 00:00:00 +0000 UTC 2018-09-17 07:07:37 +0000 UTC  } {ContainersReady True 0001-01-01 00:00:00 +0000 UTC 0001-01-01 00:00:00 +0000 UTC  } {PodScheduled True 0001-01-01 00:00:00 +0000 UTC 2018-09-17 07:07:12 +0000 UTC  }]&#xA;Sep 19 07:53:00.307: INFO: sonobuoy                                                         10.46.6.170  Running           [{Initialized True 0001-01-01 00:00:00 +0000 UTC 2018-09-19 07:22:02 +0000 UTC  } {Ready True 0001-01-01 00:00:00 +0000 UTC 2018-09-19 07:22:08 +0000 UTC  } {ContainersReady True 0001-01-01 00:00:00 +0000 UTC 0001-01-01 00:00:00 +0000 UTC  } {PodScheduled True 0001-01-01 00:00:00 +0000 UTC 2018-09-19 07:22:02 +0000 UTC  }]&#xA;Sep 19 07:53:00.307: INFO: sonobuoy-e2e-job-c3f9b53ea97c48a2                                10.46.6.170  Running           [{Initialized True 0001-01-01 00:00:00 +0000 UTC 2018-09-19 07:22:08 +0000 UTC  } {Ready True 0001-01-01 00:00:00 +0000 UTC 2018-09-19 07:22:25 +0000 UTC  } {ContainersReady True 0001-01-01 00:00:00 +0000 UTC 0001-01-01 00:00:00 +0000 UTC  } {PodScheduled True 0001-01-01 00:00:00 +0000 UTC 2018-09-19 07:22:08 +0000 UTC  }]&#xA;Sep 19 07:53:00.307: INFO: grafana-77676f44f7-c9wr6                                         10.46.6.173  Running           [{Initialized True 0001-01-01 00:00:00 +0000 UTC 2018-09-17 07:17:28 +0000 UTC  } {Ready True 0001-01-01 00:00:00 +0000 UTC 2018-09-17 07:20:34 +0000 UTC  } {ContainersReady True 0001-01-01 00:00:00 +0000 UTC 0001-01-01 00:00:00 +0000 UTC  } {PodScheduled True 0001-01-01 00:00:00 +0000 UTC 2018-09-17 07:17:27 +0000 UTC  }]&#xA;Sep 19 07:53:00.307: INFO: istio-citadel-77694dc965-mwqkp                                   10.46.6.173  Running           [{Initialized True 0001-01-01 00:00:00 +0000 UTC 2018-09-17 07:17:31 +0000 UTC  } {Ready True 0001-01-01 00:00:00 +0000 UTC 2018-09-17 07:18:30 +0000 UTC  } {ContainersReady True 0001-01-01 00:00:00 +0000 UTC 0001-01-01 00:00:00 +0000 UTC  } {PodScheduled True 0001-01-01 00:00:00 +0000 UTC 2018-09-17 07:17:28 +0000 UTC  }]&#xA;Sep 19 07:53:00.307: INFO: istio-egressgateway-54448bcdbd-cqlhf                             10.46.6.173  Running           [{Initialized True 0001-01-01 00:00:00 +0000 UTC 2018-09-17 07:24:11 +0000 UTC  } {Ready True 0001-01-01 00:00:00 +0000 UTC 2018-09-17 07:25:19 +0000 UTC  } {ContainersReady True 0001-01-01 00:00:00 +0000 UTC 0001-01-01 00:00:00 +0000 UTC  } {PodScheduled True 0001-01-01 00:00:00 +0000 UTC 2018-09-17 07:24:10 +0000 UTC  }]&#xA;Sep 19 07:53:00.307: INFO: istio-egressgateway-54448bcdbd-f4v6v                             10.46.6.173  Running           [{Initialized True 0001-01-01 00:00:00 +0000 UTC 2018-09-17 07:17:29 +0000 UTC  } {Ready True 0001-01-01 00:00:00 +0000 UTC 2018-09-17 07:18:31 +0000 UTC  } {ContainersReady True 0001-01-01 00:00:00 +0000 UTC 0001-01-01 00:00:00 +0000 UTC  } {PodScheduled True 0001-01-01 00:00:00 +0000 UTC 2018-09-17 07:17:27 +0000 UTC  }]&#xA;Sep 19 07:53:00.307: INFO: istio-egressgateway-54448bcdbd-lhh5c                             10.46.6.173  Running           [{Initialized True 0001-01-01 00:00:00 +0000 UTC 2018-09-17 07:20:07 +0000 UTC  } {Ready True 0001-01-01 00:00:00 +0000 UTC 2018-09-17 07:21:11 +0000 UTC  } {ContainersReady True 0001-01-01 00:00:00 +0000 UTC 0001-01-01 00:00:00 +0000 UTC  } {PodScheduled True 0001-01-01 00:00:00 +0000 UTC 2018-09-17 07:20:06 +0000 UTC  }]&#xA;Sep 19 07:53:00.307: INFO: istio-egressgateway-54448bcdbd-pjbtc                             10.46.6.173  Running           [{Initialized True 0001-01-01 00:00:00 +0000 UTC 2018-09-17 07:28:34 +0000 UTC  } {Ready True 0001-01-01 00:00:00 +0000 UTC 2018-09-17 07:29:40 +0000 UTC  } {ContainersReady True 0001-01-01 00:00:00 +0000 UTC 0001-01-01 00:00:00 +0000 UTC  } {PodScheduled True 0001-01-01 00:00:00 +0000 UTC 2018-09-17 07:28:34 +0000 UTC  }]&#xA;Sep 19 07:53:00.307: INFO: istio-egressgateway-54448bcdbd-xmkbc                             10.46.6.173  Running           [{Initialized True 0001-01-01 00:00:00 +0000 UTC 2018-09-17 07:24:11 +0000 UTC  } {Ready True 0001-01-01 00:00:00 +0000 UTC 2018-09-17 07:25:10 +0000 UTC  } {ContainersReady True 0001-01-01 00:00:00 +0000 UTC 0001-01-01 00:00:00 +0000 UTC  } {PodScheduled True 0001-01-01 00:00:00 +0000 UTC 2018-09-17 07:24:10 +0000 UTC  }]&#xA;Sep 19 07:53:00.307: INFO: istio-galley-687cd96db-hlpng                                     10.46.6.173  Running           [{Initialized True 0001-01-01 00:00:00 +0000 UTC 2018-09-17 07:17:28 +0000 UTC  } {Ready True 0001-01-01 00:00:00 +0000 UTC 2018-09-17 07:18:35 +0000 UTC  } {ContainersReady True 0001-01-01 00:00:00 +0000 UTC 0001-01-01 00:00:00 +0000 UTC  } {PodScheduled True 0001-01-01 00:00:00 +0000 UTC 2018-09-17 07:17:27 +0000 UTC  }]&#xA;Sep 19 07:53:00.307: INFO: istio-ingressgateway-7bc96d6585-4qnc5                            10.46.6.173  Running           [{Initialized True 0001-01-01 00:00:00 +0000 UTC 2018-09-17 07:24:14 +0000 UTC  } {Ready True 0001-01-01 00:00:00 +0000 UTC 2018-09-17 07:25:22 +0000 UTC  } {ContainersReady True 0001-01-01 00:00:00 +0000 UTC 0001-01-01 00:00:00 +0000 UTC  } {PodScheduled True 0001-01-01 00:00:00 +0000 UTC 2018-09-17 07:24:13 +0000 UTC  }]&#xA;Sep 19 07:53:00.307: INFO: istio-ingressgateway-7bc96d6585-c58zx                            10.46.6.173  Running           [{Initialized True 0001-01-01 00:00:00 +0000 UTC 2018-09-17 07:24:15 +0000 UTC  } {Ready True 0001-01-01 00:00:00 +0000 UTC 2018-09-17 07:25:19 +0000 UTC  } {ContainersReady True 0001-01-01 00:00:00 +0000 UTC 0001-01-01 00:00:00 +0000 UTC  } {PodScheduled True 0001-01-01 00:00:00 +0000 UTC 2018-09-17 07:24:14 +0000 UTC  }]&#xA;Sep 19 07:53:00.307: INFO: istio-ingressgateway-7bc96d6585-m567m                            10.46.6.173  Running           [{Initialized True 0001-01-01 00:00:00 +0000 UTC 2018-09-17 07:20:41 +0000 UTC  } {Ready True 0001-01-01 00:00:00 +0000 UTC 2018-09-17 07:21:43 +0000 UTC  } {ContainersReady True 0001-01-01 00:00:00 +0000 UTC 0001-01-01 00:00:00 +0000 UTC  } {PodScheduled True 0001-01-01 00:00:00 +0000 UTC 2018-09-17 07:20:41 +0000 UTC  }]&#xA;Sep 19 07:53:00.307: INFO: istio-ingressgateway-7bc96d6585-r98nr                            10.46.6.173  Running           [{Initialized True 0001-01-01 00:00:00 +0000 UTC 2018-09-17 07:28:10 +0000 UTC  } {Ready True 0001-01-01 00:00:00 +0000 UTC 2018-09-17 07:29:11 +0000 UTC  } {ContainersReady True 0001-01-01 00:00:00 +0000 UTC 0001-01-01 00:00:00 +0000 UTC  } {PodScheduled True 0001-01-01 00:00:00 +0000 UTC 2018-09-17 07:28:09 +0000 UTC  }]&#xA;Sep 19 07:53:00.307: INFO: istio-ingressgateway-7bc96d6585-smf45                            10.46.6.173  Running           [{Initialized True 0001-01-01 00:00:00 +0000 UTC 2018-09-17 07:17:28 +0000 UTC  } {Ready True 0001-01-01 00:00:00 +0000 UTC 2018-09-17 07:18:37 +0000 UTC  } {ContainersReady True 0001-01-01 00:00:00 +0000 UTC 0001-01-01 00:00:00 +0000 UTC  } {PodScheduled True 0001-01-01 00:00:00 +0000 UTC 2018-09-17 07:17:27 +0000 UTC  }]&#xA;Sep 19 07:53:00.307: INFO: istio-pilot-6cf9ccf474-kkb6j                                     10.46.6.173  Running           [{Initialized True 0001-01-01 00:00:00 +0000 UTC 2018-09-17 07:17:31 +0000 UTC  } {Ready True 0001-01-01 00:00:00 +0000 UTC 2018-09-17 07:19:28 +0000 UTC  } {ContainersReady True 0001-01-01 00:00:00 +0000 UTC 0001-01-01 00:00:00 +0000 UTC  } {PodScheduled True 0001-01-01 00:00:00 +0000 UTC 2018-09-17 07:17:27 +0000 UTC  }]&#xA;Sep 19 07:53:00.307: INFO: istio-policy-5b64d7fd64-5l2m9                                    10.46.6.173  Running           [{Initialized True 0001-01-01 00:00:00 +0000 UTC 2018-09-17 07:31:07 +0000 UTC  } {Ready True 0001-01-01 00:00:00 +0000 UTC 2018-09-17 07:31:51 +0000 UTC  } {ContainersReady True 0001-01-01 00:00:00 +0000 UTC 0001-01-01 00:00:00 +0000 UTC  } {PodScheduled True 0001-01-01 00:00:00 +0000 UTC 2018-09-17 07:31:06 +0000 UTC  }]&#xA;Sep 19 07:53:00.307: INFO: istio-policy-5b64d7fd64-fb4bc                                    10.46.6.173  Running           [{Initialized True 0001-01-01 00:00:00 +0000 UTC 2018-09-17 07:27:37 +0000 UTC  } {Ready True 0001-01-01 00:00:00 +0000 UTC 2018-09-17 07:28:39 +0000 UTC  } {ContainersReady True 0001-01-01 00:00:00 +0000 UTC 0001-01-01 00:00:00 +0000 UTC  } {PodScheduled True 0001-01-01 00:00:00 +0000 UTC 2018-09-17 07:27:36 +0000 UTC  }]&#xA;Sep 19 07:53:00.307: INFO: istio-policy-5b64d7fd64-jrlzt                                    10.46.6.173  Running           [{Initialized True 0001-01-01 00:00:00 +0000 UTC 2018-09-17 07:23:11 +0000 UTC  } {Ready True 0001-01-01 00:00:00 +0000 UTC 2018-09-17 07:24:08 +0000 UTC  } {ContainersReady True 0001-01-01 00:00:00 +0000 UTC 0001-01-01 00:00:00 +0000 UTC  } {PodScheduled True 0001-01-01 00:00:00 +0000 UTC 2018-09-17 07:23:10 +0000 UTC  }]&#xA;Sep 19 07:53:00.307: INFO: istio-policy-5b64d7fd64-pt9z2                                    10.46.6.173  Running           [{Initialized True 0001-01-01 00:00:00 +0000 UTC 2018-09-17 07:17:30 +0000 UTC  } {Ready True 0001-01-01 00:00:00 +0000 UTC 2018-09-17 07:19:02 +0000 UTC  } {ContainersReady True 0001-01-01 00:00:00 +0000 UTC 0001-01-01 00:00:00 +0000 UTC  } {PodScheduled True 0001-01-01 00:00:00 +0000 UTC 2018-09-17 07:17:27 +0000 UTC  }]&#xA;Sep 19 07:53:00.307: INFO: istio-policy-5b64d7fd64-z68j4                                    10.46.6.173  Running           [{Initialized True 0001-01-01 00:00:00 +0000 UTC 2018-09-17 07:19:38 +0000 UTC  } {Ready True 0001-01-01 00:00:00 +0000 UTC 2018-09-17 07:20:44 +0000 UTC  } {ContainersReady True 0001-01-01 00:00:00 +0000 UTC 0001-01-01 00:00:00 +0000 UTC  } {PodScheduled True 0001-01-01 00:00:00 +0000 UTC 2018-09-17 07:19:37 +0000 UTC  }]&#xA;Sep 19 07:53:00.307: INFO: istio-sidecar-injector-86d554f5f7-d57zk                          10.46.6.173  Running           [{Initialized True 0001-01-01 00:00:00 +0000 UTC 2018-09-17 07:17:32 +0000 UTC  } {Ready True 0001-01-01 00:00:00 +0000 UTC 2018-09-17 07:18:41 +0000 UTC  } {ContainersReady True 0001-01-01 00:00:00 +0000 UTC 0001-01-01 00:00:00 +0000 UTC  } {PodScheduled True 0001-01-01 00:00:00 +0000 UTC 2018-09-17 07:17:29 +0000 UTC  }]&#xA;Sep 19 07:53:00.307: INFO: istio-statsd-prom-bridge-66cb69b666-p76m8                        10.46.6.173  Running           [{Initialized True 0001-01-01 00:00:00 +0000 UTC 2018-09-17 07:17:29 +0000 UTC  } {Ready True 0001-01-01 00:00:00 +0000 UTC 2018-09-17 07:18:32 +0000 UTC  } {ContainersReady True 0001-01-01 00:00:00 +0000 UTC 0001-01-01 00:00:00 +0000 UTC  } {PodScheduled True 0001-01-01 00:00:00 +0000 UTC 2018-09-17 07:17:27 +0000 UTC  }]&#xA;Sep 19 07:53:00.307: INFO: istio-telemetry-8b5964dc7-9q67f                                  10.46.6.173  Running           [{Initialized True 0001-01-01 00:00:00 +0000 UTC 2018-09-17 07:31:08 +0000 UTC  } {Ready True 0001-01-01 00:00:00 +0000 UTC 2018-09-17 07:32:00 +0000 UTC  } {ContainersReady True 0001-01-01 00:00:00 +0000 UTC 0001-01-01 00:00:00 +0000 UTC  } {PodScheduled True 0001-01-01 00:00:00 +0000 UTC 2018-09-17 07:31:07 +0000 UTC  }]&#xA;Sep 19 07:53:00.307: INFO: istio-telemetry-8b5964dc7-hcf6d                                  10.46.6.173  Running           [{Initialized True 0001-01-01 00:00:00 +0000 UTC 2018-09-17 07:17:29 +0000 UTC  } {Ready True 0001-01-01 00:00:00 +0000 UTC 2018-09-17 07:18:56 +0000 UTC  } {ContainersReady True 0001-01-01 00:00:00 +0000 UTC 0001-01-01 00:00:00 +0000 UTC  } {PodScheduled True 0001-01-01 00:00:00 +0000 UTC 2018-09-17 07:17:27 +0000 UTC  }]&#xA;Sep 19 07:53:00.307: INFO: istio-telemetry-8b5964dc7-nw9kk                                  10.46.6.173  Running           [{Initialized True 0001-01-01 00:00:00 +0000 UTC 2018-09-17 07:23:11 +0000 UTC  } {Ready True 0001-01-01 00:00:00 +0000 UTC 2018-09-17 07:24:19 +0000 UTC  } {ContainersReady True 0001-01-01 00:00:00 +0000 UTC 0001-01-01 00:00:00 +0000 UTC  } {PodScheduled True 0001-01-01 00:00:00 +0000 UTC 2018-09-17 07:23:10 +0000 UTC  }]&#xA;Sep 19 07:53:00.307: INFO: istio-telemetry-8b5964dc7-rfswc                                  10.46.6.173  Running           [{Initialized True 0001-01-01 00:00:00 +0000 UTC 2018-09-17 07:19:39 +0000 UTC  } {Ready True 0001-01-01 00:00:00 +0000 UTC 2018-09-17 07:20:38 +0000 UTC  } {ContainersReady True 0001-01-01 00:00:00 +0000 UTC 0001-01-01 00:00:00 +0000 UTC  } {PodScheduled True 0001-01-01 00:00:00 +0000 UTC 2018-09-17 07:19:38 +0000 UTC  }]&#xA;Sep 19 07:53:00.307: INFO: istio-telemetry-8b5964dc7-vjqbq                                  10.46.6.173  Running           [{Initialized True 0001-01-01 00:00:00 +0000 UTC 2018-09-17 07:27:36 +0000 UTC  } {Ready True 0001-01-01 00:00:00 +0000 UTC 2018-09-17 07:28:21 +0000 UTC  } {ContainersReady True 0001-01-01 00:00:00 +0000 UTC 0001-01-01 00:00:00 +0000 UTC  } {PodScheduled True 0001-01-01 00:00:00 +0000 UTC 2018-09-17 07:27:36 +0000 UTC  }]&#xA;Sep 19 07:53:00.307: INFO: istio-tracing-77ccfc8844-79ngl                                   10.46.6.173  Running           [{Initialized True 0001-01-01 00:00:00 +0000 UTC 2018-09-17 07:17:32 +0000 UTC  } {Ready True 0001-01-01 00:00:00 +0000 UTC 2018-09-17 07:18:08 +0000 UTC  } {ContainersReady True 0001-01-01 00:00:00 +0000 UTC 0001-01-01 00:00:00 +0000 UTC  } {PodScheduled True 0001-01-01 00:00:00 +0000 UTC 2018-09-17 07:17:29 +0000 UTC  }]&#xA;Sep 19 07:53:00.307: INFO: kiali-7f8c59df94-25qmq                                           10.46.6.173  Running           [{Initialized True 0001-01-01 00:00:00 +0000 UTC 2018-09-17 07:17:27 +0000 UTC  } {Ready True 0001-01-01 00:00:00 +0000 UTC 2018-09-17 07:17:56 +0000 UTC  } {ContainersReady True 0001-01-01 00:00:00 +0000 UTC 0001-01-01 00:00:00 +0000 UTC  } {PodScheduled True 0001-01-01 00:00:00 +0000 UTC 2018-09-17 07:17:27 +0000 UTC  }]&#xA;Sep 19 07:53:00.307: INFO: prometheus-6f98d89664-wh7pb                                      10.46.6.173  Running           [{Initialized True 0001-01-01 00:00:00 +0000 UTC 2018-09-17 07:17:31 +0000 UTC  } {Ready True 0001-01-01 00:00:00 +0000 UTC 2018-09-17 07:17:57 +0000 UTC  } {ContainersReady True 0001-01-01 00:00:00 +0000 UTC 0001-01-01 00:00:00 +0000 UTC  } {PodScheduled True 0001-01-01 00:00:00 +0000 UTC 2018-09-17 07:17:28 +0000 UTC  }]&#xA;Sep 19 07:53:00.308: INFO: servicegraph-85578d8fc6-m62z4                                    10.46.6.173  Running           [{Initialized True 0001-01-01 00:00:00 +0000 UTC 2018-09-17 07:17:32 +0000 UTC  } {Ready True 0001-01-01 00:00:00 +0000 UTC 2018-09-17 07:18:22 +0000 UTC  } {ContainersReady True 0001-01-01 00:00:00 +0000 UTC 0001-01-01 00:00:00 +0000 UTC  } {PodScheduled True 0001-01-01 00:00:00 +0000 UTC 2018-09-17 07:17:28 +0000 UTC  }]&#xA;Sep 19 07:53:00.308: INFO: audit-logging-fluentd-ds-4cgnk                                   10.46.6.170  Running           [{Initialized True 0001-01-01 00:00:00 +0000 UTC 2018-09-17 07:18:46 +0000 UTC  } {Ready True 0001-01-01 00:00:00 +0000 UTC 2018-09-17 07:18:50 +0000 UTC  } {ContainersReady True 0001-01-01 00:00:00 +0000 UTC 0001-01-01 00:00:00 +0000 UTC  } {PodScheduled True 0001-01-01 00:00:00 +0000 UTC 2018-09-17 07:18:46 +0000 UTC  }]&#xA;Sep 19 07:53:00.308: INFO: audit-logging-fluentd-ds-8bh4t                                   10.46.6.172  Running           [{Initialized True 0001-01-01 00:00:00 +0000 UTC 2018-09-17 07:18:46 +0000 UTC  } {Ready True 0001-01-01 00:00:00 +0000 UTC 2018-09-17 07:18:56 +0000 UTC  } {ContainersReady True 0001-01-01 00:00:00 +0000 UTC 0001-01-01 00:00:00 +0000 UTC  } {PodScheduled True 0001-01-01 00:00:00 +0000 UTC 2018-09-17 07:18:46 +0000 UTC  }]&#xA;Sep 19 07:53:00.308: INFO: audit-logging-fluentd-ds-bc22k                                   10.46.6.171  Running           [{Initialized True 0001-01-01 00:00:00 +0000 UTC 2018-09-17 07:18:46 +0000 UTC  } {Ready True 0001-01-01 00:00:00 +0000 UTC 2018-09-17 07:18:56 +0000 UTC  } {ContainersReady True 0001-01-01 00:00:00 +0000 UTC 0001-01-01 00:00:00 +0000 UTC  } {PodScheduled True 0001-01-01 00:00:00 +0000 UTC 2018-09-17 07:18:46 +0000 UTC  }]&#xA;Sep 19 07:53:00.308: INFO: audit-logging-fluentd-ds-dhcg6                                   10.46.6.173  Running           [{Initialized True 0001-01-01 00:00:00 +0000 UTC 2018-09-17 07:18:46 +0000 UTC  } {Ready True 0001-01-01 00:00:00 +0000 UTC 2018-09-17 07:19:00 +0000 UTC  } {ContainersReady True 0001-01-01 00:00:00 +0000 UTC 0001-01-01 00:00:00 +0000 UTC  } {PodScheduled True 0001-01-01 00:00:00 +0000 UTC 2018-09-17 07:18:46 +0000 UTC  }]&#xA;Sep 19 07:53:00.308: INFO: auth-apikeys-x45mz                                               10.46.6.173  Running           [{Initialized True 0001-01-01 00:00:00 +0000 UTC 2018-09-17 07:10:12 +0000 UTC  } {Ready True 0001-01-01 00:00:00 +0000 UTC 2018-09-17 07:11:25 +0000 UTC  } {ContainersReady True 0001-01-01 00:00:00 +0000 UTC 0001-01-01 00:00:00 +0000 UTC  } {PodScheduled True 0001-01-01 00:00:00 +0000 UTC 2018-09-17 07:10:12 +0000 UTC  }]&#xA;Sep 19 07:53:00.308: INFO: auth-idp-kjpmx                                                   10.46.6.173  Running           [{Initialized True 0001-01-01 00:00:00 +0000 UTC 2018-09-17 07:10:19 +0000 UTC  } {Ready True 0001-01-01 00:00:00 +0000 UTC 2018-09-19 07:05:52 +0000 UTC  } {ContainersReady True 0001-01-01 00:00:00 +0000 UTC 0001-01-01 00:00:00 +0000 UTC  } {PodScheduled True 0001-01-01 00:00:00 +0000 UTC 2018-09-17 07:10:04 +0000 UTC  }]&#xA;Sep 19 07:53:00.308: INFO: auth-pap-qb5m2                                                   10.46.6.173  Running           [{Initialized True 0001-01-01 00:00:00 +0000 UTC 2018-09-17 07:10:20 +0000 UTC  } {Ready True 0001-01-01 00:00:00 +0000 UTC 2018-09-17 07:10:46 +0000 UTC  } {ContainersReady True 0001-01-01 00:00:00 +0000 UTC 0001-01-01 00:00:00 +0000 UTC  } {PodScheduled True 0001-01-01 00:00:00 +0000 UTC 2018-09-17 07:10:20 +0000 UTC  }]&#xA;Sep 19 07:53:00.308: INFO: auth-pdp-tk2jm                                                   10.46.6.173  Running           [{Initialized True 0001-01-01 00:00:00 +0000 UTC 2018-09-17 07:13:08 +0000 UTC  } {Ready True 0001-01-01 00:00:00 +0000 UTC 2018-09-17 07:13:19 +0000 UTC  } {ContainersReady True 0001-01-01 00:00:00 +0000 UTC 0001-01-01 00:00:00 +0000 UTC  } {PodScheduled True 0001-01-01 00:00:00 +0000 UTC 2018-09-17 07:10:28 +0000 UTC  }]&#xA;Sep 19 07:53:00.308: INFO: calico-kube-controllers-dcb8cc97c-gtsqp                          10.46.6.173  Running           [{Initialized True 0001-01-01 00:00:00 +0000 UTC 2018-09-17 07:05:53 +0000 UTC  } {Ready True 0001-01-01 00:00:00 +0000 UTC 2018-09-17 07:06:04 +0000 UTC  } {ContainersReady True 0001-01-01 00:00:00 +0000 UTC 0001-01-01 00:00:00 +0000 UTC  } {PodScheduled True 0001-01-01 00:00:00 +0000 UTC 2018-09-17 07:05:53 +0000 UTC  }]&#xA;Sep 19 07:53:00.308: INFO: calico-node-gpm2c                                                10.46.6.171  Running           [{Initialized True 0001-01-01 00:00:00 +0000 UTC 2018-09-17 07:05:53 +0000 UTC  } {Ready True 0001-01-01 00:00:00 +0000 UTC 2018-09-17 07:06:11 +0000 UTC  } {ContainersReady True 0001-01-01 00:00:00 +0000 UTC 0001-01-01 00:00:00 +0000 UTC  } {PodScheduled True 0001-01-01 00:00:00 +0000 UTC 2018-09-17 07:05:53 +0000 UTC  }]&#xA;Sep 19 07:53:00.308: INFO: calico-node-htf97                                                10.46.6.170  Running           [{Initialized True 0001-01-01 00:00:00 +0000 UTC 2018-09-17 07:05:53 +0000 UTC  } {Ready True 0001-01-01 00:00:00 +0000 UTC 2018-09-17 07:06:14 +0000 UTC  } {ContainersReady True 0001-01-01 00:00:00 +0000 UTC 0001-01-01 00:00:00 +0000 UTC  } {PodScheduled True 0001-01-01 00:00:00 +0000 UTC 2018-09-17 07:05:53 +0000 UTC  }]&#xA;Sep 19 07:53:00.308: INFO: calico-node-m7d5t                                                10.46.6.173  Running           [{Initialized True 0001-01-01 00:00:00 +0000 UTC 2018-09-17 07:05:54 +0000 UTC  } {Ready True 0001-01-01 00:00:00 +0000 UTC 2018-09-17 07:06:15 +0000 UTC  } {ContainersReady True 0001-01-01 00:00:00 +0000 UTC 0001-01-01 00:00:00 +0000 UTC  } {PodScheduled True 0001-01-01 00:00:00 +0000 UTC 2018-09-17 07:05:54 +0000 UTC  }]&#xA;Sep 19 07:53:00.308: INFO: calico-node-wsknj                                                10.46.6.172  Running           [{Initialized True 0001-01-01 00:00:00 +0000 UTC 2018-09-17 07:05:53 +0000 UTC  } {Ready True 0001-01-01 00:00:00 +0000 UTC 2018-09-17 07:06:17 +0000 UTC  } {ContainersReady True 0001-01-01 00:00:00 +0000 UTC 0001-01-01 00:00:00 +0000 UTC  } {PodScheduled True 0001-01-01 00:00:00 +0000 UTC 2018-09-17 07:05:53 +0000 UTC  }]&#xA;Sep 19 07:53:00.308: INFO: catalog-ui-5rtkh                                                 10.46.6.173  Running           [{Initialized True 0001-01-01 00:00:00 +0000 UTC 2018-09-17 07:15:57 +0000 UTC  } {Ready True 0001-01-01 00:00:00 +0000 UTC 2018-09-17 07:16:11 +0000 UTC  } {ContainersReady True 0001-01-01 00:00:00 +0000 UTC 0001-01-01 00:00:00 +0000 UTC  } {PodScheduled True 0001-01-01 00:00:00 +0000 UTC 2018-09-17 07:15:57 +0000 UTC  }]&#xA;Sep 19 07:53:00.308: INFO: custom-metrics-adapter-64f64964b4-f9gmc                          10.46.6.171  Running           [{Initialized True 0001-01-01 00:00:00 +0000 UTC 2018-09-17 07:17:13 +0000 UTC  } {Ready True 0001-01-01 00:00:00 +0000 UTC 2018-09-17 07:17:51 +0000 UTC  } {ContainersReady True 0001-01-01 00:00:00 +0000 UTC 0001-01-01 00:00:00 +0000 UTC  } {PodScheduled True 0001-01-01 00:00:00 +0000 UTC 2018-09-17 07:14:28 +0000 UTC  }]&#xA;Sep 19 07:53:00.308: INFO: default-backend-54966589c4-4d47g                                 10.46.6.173  Running           [{Initialized True 0001-01-01 00:00:00 +0000 UTC 2018-09-17 07:08:29 +0000 UTC  } {Ready True 0001-01-01 00:00:00 +0000 UTC 2018-09-17 07:08:40 +0000 UTC  } {ContainersReady True 0001-01-01 00:00:00 +0000 UTC 0001-01-01 00:00:00 +0000 UTC  } {PodScheduled True 0001-01-01 00:00:00 +0000 UTC 2018-09-17 07:08:28 +0000 UTC  }]&#xA;Sep 19 07:53:00.308: INFO: heapster-69b486565b-nt26r                                        10.46.6.173  Running           [{Initialized True 0001-01-01 00:00:00 +0000 UTC 2018-09-17 07:13:48 +0000 UTC  } {Ready True 0001-01-01 00:00:00 +0000 UTC 2018-09-17 07:13:58 +0000 UTC  } {ContainersReady True 0001-01-01 00:00:00 +0000 UTC 0001-01-01 00:00:00 +0000 UTC  } {PodScheduled True 0001-01-01 00:00:00 +0000 UTC 2018-09-17 07:13:48 +0000 UTC  }]&#xA;Sep 19 07:53:00.308: INFO: helm-api-fdd886877-6pwm8                                         10.46.6.173  Running           [{Initialized True 0001-01-01 00:00:00 +0000 UTC 2018-09-17 07:16:36 +0000 UTC  } {Ready True 0001-01-01 00:00:00 +0000 UTC 2018-09-17 07:16:58 +0000 UTC  } {ContainersReady True 0001-01-01 00:00:00 +0000 UTC 0001-01-01 00:00:00 +0000 UTC  } {PodScheduled True 0001-01-01 00:00:00 +0000 UTC 2018-09-17 07:16:35 +0000 UTC  }]&#xA;Sep 19 07:53:00.308: INFO: helm-repo-5649f57447-wwdn4                                       10.46.6.173  Running           [{Initialized True 0001-01-01 00:00:00 +0000 UTC 2018-09-17 07:14:04 +0000 UTC  } {Ready True 0001-01-01 00:00:00 +0000 UTC 2018-09-17 07:14:40 +0000 UTC  } {ContainersReady True 0001-01-01 00:00:00 +0000 UTC 0001-01-01 00:00:00 +0000 UTC  } {PodScheduled True 0001-01-01 00:00:00 +0000 UTC 2018-09-17 07:13:53 +0000 UTC  }]&#xA;Sep 19 07:53:00.308: INFO: ibmcloud-image-enforcement-76ddccbf9f-kqmlb                      10.46.6.171  Running           [{Initialized True 0001-01-01 00:00:00 +0000 UTC 2018-09-17 07:14:02 +0000 UTC  } {Ready True 0001-01-01 00:00:00 +0000 UTC 2018-09-17 07:14:07 +0000 UTC  } {ContainersReady True 0001-01-01 00:00:00 +0000 UTC 0001-01-01 00:00:00 +0000 UTC  } {PodScheduled True 0001-01-01 00:00:00 +0000 UTC 2018-09-17 07:14:02 +0000 UTC  }]&#xA;Sep 19 07:53:00.308: INFO: icp-management-ingress-x6qn8                                     10.46.6.173  Running           [{Initialized True 0001-01-01 00:00:00 +0000 UTC 2018-09-17 07:10:36 +0000 UTC  } {Ready True 0001-01-01 00:00:00 +0000 UTC 2018-09-17 07:10:48 +0000 UTC  } {ContainersReady True 0001-01-01 00:00:00 +0000 UTC 0001-01-01 00:00:00 +0000 UTC  } {PodScheduled True 0001-01-01 00:00:00 +0000 UTC 2018-09-17 07:10:36 +0000 UTC  }]&#xA;Sep 19 07:53:00.308: INFO: icp-mongodb-0                                                    10.46.6.173  Running           [{Initialized True 0001-01-01 00:00:00 +0000 UTC 2018-09-17 07:09:00 +0000 UTC  } {Ready True 0001-01-01 00:00:00 +0000 UTC 2018-09-17 07:09:17 +0000 UTC  } {ContainersReady True 0001-01-01 00:00:00 +0000 UTC 0001-01-01 00:00:00 +0000 UTC  } {PodScheduled True 0001-01-01 00:00:00 +0000 UTC 2018-09-17 07:07:41 +0000 UTC  }]&#xA;Sep 19 07:53:00.308: INFO: image-manager-0                                                  10.46.6.173  Running           [{Initialized True 0001-01-01 00:00:00 +0000 UTC 2018-09-17 06:38:56 +0000 UTC  } {Ready True 0001-01-01 00:00:00 +0000 UTC 2018-09-17 06:39:08 +0000 UTC  } {ContainersReady True 0001-01-01 00:00:00 +0000 UTC 0001-01-01 00:00:00 +0000 UTC  } {PodScheduled True 0001-01-01 00:00:00 +0000 UTC 2018-09-17 06:38:56 +0000 UTC  }]&#xA;Sep 19 07:53:00.308: INFO: k8s-etcd-10.46.6.173                                             10.46.6.173  Running           [{Initialized True 0001-01-01 00:00:00 +0000 UTC 2018-09-17 06:35:49 +0000 UTC  } {Ready True 0001-01-01 00:00:00 +0000 UTC 2018-09-17 06:35:54 +0000 UTC  } {ContainersReady True 0001-01-01 00:00:00 +0000 UTC 0001-01-01 00:00:00 +0000 UTC  } {PodScheduled True 0001-01-01 00:00:00 +0000 UTC 2018-09-17 06:35:49 +0000 UTC  }]&#xA;Sep 19 07:53:00.308: INFO: k8s-master-10.46.6.173                                           10.46.6.173  Running           [{Initialized True 0001-01-01 00:00:00 +0000 UTC 2018-09-17 06:37:18 +0000 UTC  } {Ready True 0001-01-01 00:00:00 +0000 UTC 2018-09-17 06:37:26 +0000 UTC  } {ContainersReady True 0001-01-01 00:00:00 +0000 UTC 0001-01-01 00:00:00 +0000 UTC  } {PodScheduled True 0001-01-01 00:00:00 +0000 UTC 2018-09-17 06:37:18 +0000 UTC  }]&#xA;Sep 19 07:53:00.308: INFO: k8s-proxy-10.46.6.170                                            10.46.6.170  Running           [{Initialized True 0001-01-01 00:00:00 +0000 UTC 2018-09-17 07:05:43 +0000 UTC  } {Ready True 0001-01-01 00:00:00 +0000 UTC 2018-09-17 07:05:46 +0000 UTC  } {ContainersReady True 0001-01-01 00:00:00 +0000 UTC 0001-01-01 00:00:00 +0000 UTC  } {PodScheduled True 0001-01-01 00:00:00 +0000 UTC 2018-09-17 07:05:43 +0000 UTC  }]&#xA;Sep 19 07:53:00.308: INFO: k8s-proxy-10.46.6.171                                            10.46.6.171  Running           [{Initialized True 0001-01-01 00:00:00 +0000 UTC 2018-09-17 07:05:44 +0000 UTC  } {Ready True 0001-01-01 00:00:00 +0000 UTC 2018-09-17 07:05:46 +0000 UTC  } {ContainersReady True 0001-01-01 00:00:00 +0000 UTC 0001-01-01 00:00:00 +0000 UTC  } {PodScheduled True 0001-01-01 00:00:00 +0000 UTC 2018-09-17 07:05:44 +0000 UTC  }]&#xA;Sep 19 07:53:00.308: INFO: k8s-proxy-10.46.6.172                                            10.46.6.172  Running           [{Initialized True 0001-01-01 00:00:00 +0000 UTC 2018-09-17 07:05:44 +0000 UTC  } {Ready True 0001-01-01 00:00:00 +0000 UTC 2018-09-17 07:05:48 +0000 UTC  } {ContainersReady True 0001-01-01 00:00:00 +0000 UTC 0001-01-01 00:00:00 +0000 UTC  } {PodScheduled True 0001-01-01 00:00:00 +0000 UTC 2018-09-17 07:05:44 +0000 UTC  }]&#xA;Sep 19 07:53:00.308: INFO: k8s-proxy-10.46.6.173                                            10.46.6.173  Running           [{Initialized True 0001-01-01 00:00:00 +0000 UTC 2018-09-17 06:35:45 +0000 UTC  } {Ready True 0001-01-01 00:00:00 +0000 UTC 2018-09-17 06:35:50 +0000 UTC  } {ContainersReady True 0001-01-01 00:00:00 +0000 UTC 0001-01-01 00:00:00 +0000 UTC  } {PodScheduled True 0001-01-01 00:00:00 +0000 UTC 2018-09-17 06:35:45 +0000 UTC  }]&#xA;Sep 19 07:53:00.308: INFO: kube-dns-mwjc8                                                   10.46.6.173  Running           [{Initialized True 0001-01-01 00:00:00 +0000 UTC 2018-09-17 07:06:10 +0000 UTC  } {Ready True 0001-01-01 00:00:00 +0000 UTC 2018-09-17 07:06:18 +0000 UTC  } {ContainersReady True 0001-01-01 00:00:00 +0000 UTC 0001-01-01 00:00:00 +0000 UTC  } {PodScheduled True 0001-01-01 00:00:00 +0000 UTC 2018-09-17 07:06:10 +0000 UTC  }]&#xA;Sep 19 07:53:00.309: INFO: logging-elk-client-75d4d7994c-7g7fn                              10.46.6.171  Running           [{Initialized True 0001-01-01 00:00:00 +0000 UTC 2018-09-17 07:15:40 +0000 UTC  } {Ready True 0001-01-01 00:00:00 +0000 UTC 2018-09-17 07:16:22 +0000 UTC  } {ContainersReady True 0001-01-01 00:00:00 +0000 UTC 0001-01-01 00:00:00 +0000 UTC  } {PodScheduled True 0001-01-01 00:00:00 +0000 UTC 2018-09-17 07:15:20 +0000 UTC  }]&#xA;Sep 19 07:53:00.309: INFO: logging-elk-data-0                                               10.46.6.171  Running           [{Initialized True 0001-01-01 00:00:00 +0000 UTC 2018-09-17 07:15:47 +0000 UTC  } {Ready True 0001-01-01 00:00:00 +0000 UTC 2018-09-17 07:16:16 +0000 UTC  } {ContainersReady True 0001-01-01 00:00:00 +0000 UTC 0001-01-01 00:00:00 +0000 UTC  } {PodScheduled True 0001-01-01 00:00:00 +0000 UTC 2018-09-17 07:15:20 +0000 UTC  }]&#xA;Sep 19 07:53:00.309: INFO: logging-elk-elasticsearch-tls-init-6hnl4                         10.46.6.171  Succeeded         [{Initialized True 0001-01-01 00:00:00 +0000 UTC 2018-09-17 07:15:20 +0000 UTC PodCompleted } {Ready False 0001-01-01 00:00:00 +0000 UTC 2018-09-17 07:17:46 +0000 UTC PodCompleted } {ContainersReady False 0001-01-01 00:00:00 +0000 UTC 0001-01-01 00:00:00 +0000 UTC PodCompleted } {PodScheduled True 0001-01-01 00:00:00 +0000 UTC 2018-09-17 07:15:20 +0000 UTC  }]&#xA;Sep 19 07:53:00.309: INFO: logging-elk-filebeat-ds-bs86r                                    10.46.6.171  Running           [{Initialized True 0001-01-01 00:00:00 +0000 UTC 2018-09-17 07:15:20 +0000 UTC  } {Ready True 0001-01-01 00:00:00 +0000 UTC 2018-09-17 07:15:42 +0000 UTC  } {ContainersReady True 0001-01-01 00:00:00 +0000 UTC 0001-01-01 00:00:00 +0000 UTC  } {PodScheduled True 0001-01-01 00:00:00 +0000 UTC 2018-09-17 07:15:20 +0000 UTC  }]&#xA;Sep 19 07:53:00.309: INFO: logging-elk-filebeat-ds-jtd5q                                    10.46.6.170  Running           [{Initialized True 0001-01-01 00:00:00 +0000 UTC 2018-09-17 07:15:20 +0000 UTC  } {Ready True 0001-01-01 00:00:00 +0000 UTC 2018-09-17 07:15:37 +0000 UTC  } {ContainersReady True 0001-01-01 00:00:00 +0000 UTC 0001-01-01 00:00:00 +0000 UTC  } {PodScheduled True 0001-01-01 00:00:00 +0000 UTC 2018-09-17 07:15:20 +0000 UTC  }]&#xA;Sep 19 07:53:00.309: INFO: logging-elk-filebeat-ds-qf2vz                                    10.46.6.173  Running           [{Initialized True 0001-01-01 00:00:00 +0000 UTC 2018-09-17 07:15:20 +0000 UTC  } {Ready True 0001-01-01 00:00:00 +0000 UTC 2018-09-17 07:15:39 +0000 UTC  } {ContainersReady True 0001-01-01 00:00:00 +0000 UTC 0001-01-01 00:00:00 +0000 UTC  } {PodScheduled True 0001-01-01 00:00:00 +0000 UTC 2018-09-17 07:15:20 +0000 UTC  }]&#xA;Sep 19 07:53:00.309: INFO: logging-elk-filebeat-ds-vpk48                                    10.46.6.172  Running           [{Initialized True 0001-01-01 00:00:00 +0000 UTC 2018-09-17 07:15:20 +0000 UTC  } {Ready True 0001-01-01 00:00:00 +0000 UTC 2018-09-17 07:15:39 +0000 UTC  } {ContainersReady True 0001-01-01 00:00:00 +0000 UTC 0001-01-01 00:00:00 +0000 UTC  } {PodScheduled True 0001-01-01 00:00:00 +0000 UTC 2018-09-17 07:15:20 +0000 UTC  }]&#xA;Sep 19 07:53:00.309: INFO: logging-elk-kibana-ff4db4866-s2295                               10.46.6.171  Running           [{Initialized True 0001-01-01 00:00:00 +0000 UTC 2018-09-17 07:15:21 +0000 UTC  } {Ready True 0001-01-01 00:00:00 +0000 UTC 2018-09-17 07:15:45 +0000 UTC  } {ContainersReady True 0001-01-01 00:00:00 +0000 UTC 0001-01-01 00:00:00 +0000 UTC  } {PodScheduled True 0001-01-01 00:00:00 +0000 UTC 2018-09-17 07:15:21 +0000 UTC  }]&#xA;Sep 19 07:53:00.309: INFO: logging-elk-logstash-7994656f46-r89mt                            10.46.6.171  Running           [{Initialized True 0001-01-01 00:00:00 +0000 UTC 2018-09-17 07:15:22 +0000 UTC  } {Ready True 0001-01-01 00:00:00 +0000 UTC 2018-09-17 07:16:16 +0000 UTC  } {ContainersReady True 0001-01-01 00:00:00 +0000 UTC 0001-01-01 00:00:00 +0000 UTC  } {PodScheduled True 0001-01-01 00:00:00 +0000 UTC 2018-09-17 07:15:21 +0000 UTC  }]&#xA;Sep 19 07:53:00.309: INFO: logging-elk-master-6cdcf45f7d-gp28f                              10.46.6.171  Running           [{Initialized True 0001-01-01 00:00:00 +0000 UTC 2018-09-17 07:15:47 +0000 UTC  } {Ready True 0001-01-01 00:00:00 +0000 UTC 2018-09-17 07:16:16 +0000 UTC  } {ContainersReady True 0001-01-01 00:00:00 +0000 UTC 0001-01-01 00:00:00 +0000 UTC  } {PodScheduled True 0001-01-01 00:00:00 +0000 UTC 2018-09-17 07:15:21 +0000 UTC  }]&#xA;Sep 19 07:53:00.309: INFO: mariadb-0                                                        10.46.6.173  Running           [{Initialized True 0001-01-01 00:00:00 +0000 UTC 2018-09-17 07:08:38 +0000 UTC  } {Ready True 0001-01-01 00:00:00 +0000 UTC 2018-09-17 07:09:15 +0000 UTC  } {ContainersReady True 0001-01-01 00:00:00 +0000 UTC 0001-01-01 00:00:00 +0000 UTC  } {PodScheduled True 0001-01-01 00:00:00 +0000 UTC 2018-09-17 07:08:37 +0000 UTC  }]&#xA;Sep 19 07:53:00.309: INFO: metering-dm-8b475fc57-cmm6h                                      10.46.6.171  Running           [{Initialized True 0001-01-01 00:00:00 +0000 UTC 2018-09-17 07:14:20 +0000 UTC  } {Ready True 0001-01-01 00:00:00 +0000 UTC 2018-09-17 07:14:49 +0000 UTC  } {ContainersReady True 0001-01-01 00:00:00 +0000 UTC 0001-01-01 00:00:00 +0000 UTC  } {PodScheduled True 0001-01-01 00:00:00 +0000 UTC 2018-09-17 07:14:12 +0000 UTC  }]&#xA;Sep 19 07:53:00.309: INFO: metering-reader-44wd7                                            10.46.6.170  Running           [{Initialized True 0001-01-01 00:00:00 +0000 UTC 2018-09-17 07:14:20 +0000 UTC  } {Ready True 0001-01-01 00:00:00 +0000 UTC 2018-09-17 07:14:46 +0000 UTC  } {ContainersReady True 0001-01-01 00:00:00 +0000 UTC 0001-01-01 00:00:00 +0000 UTC  } {PodScheduled True 0001-01-01 00:00:00 +0000 UTC 2018-09-17 07:14:11 +0000 UTC  }]&#xA;Sep 19 07:53:00.309: INFO: metering-reader-gsrdg                                            10.46.6.172  Running           [{Initialized True 0001-01-01 00:00:00 +0000 UTC 2018-09-17 07:14:23 +0000 UTC  } {Ready True 0001-01-01 00:00:00 +0000 UTC 2018-09-17 07:14:52 +0000 UTC  } {ContainersReady True 0001-01-01 00:00:00 +0000 UTC 0001-01-01 00:00:00 +0000 UTC  } {PodScheduled True 0001-01-01 00:00:00 +0000 UTC 2018-09-17 07:14:11 +0000 UTC  }]&#xA;Sep 19 07:53:00.309: INFO: metering-reader-l7284                                            10.46.6.173  Running           [{Initialized True 0001-01-01 00:00:00 +0000 UTC 2018-09-17 07:14:24 +0000 UTC  } {Ready True 0001-01-01 00:00:00 +0000 UTC 2018-09-17 07:14:45 +0000 UTC  } {ContainersReady True 0001-01-01 00:00:00 +0000 UTC 0001-01-01 00:00:00 +0000 UTC  } {PodScheduled True 0001-01-01 00:00:00 +0000 UTC 2018-09-17 07:14:11 +0000 UTC  }]&#xA;Sep 19 07:53:00.309: INFO: metering-reader-xq8f2                                            10.46.6.171  Running           [{Initialized True 0001-01-01 00:00:00 +0000 UTC 2018-09-17 07:14:23 +0000 UTC  } {Ready True 0001-01-01 00:00:00 +0000 UTC 2018-09-17 07:14:55 +0000 UTC  } {ContainersReady True 0001-01-01 00:00:00 +0000 UTC 0001-01-01 00:00:00 +0000 UTC  } {PodScheduled True 0001-01-01 00:00:00 +0000 UTC 2018-09-17 07:14:11 +0000 UTC  }]&#xA;Sep 19 07:53:00.309: INFO: metering-ui-5bbfbb5d49-wkh8m                                     10.46.6.171  Running           [{Initialized True 0001-01-01 00:00:00 +0000 UTC 2018-09-17 07:14:22 +0000 UTC  } {Ready True 0001-01-01 00:00:00 +0000 UTC 2018-09-17 07:14:55 +0000 UTC  } {ContainersReady True 0001-01-01 00:00:00 +0000 UTC 0001-01-01 00:00:00 +0000 UTC  } {PodScheduled True 0001-01-01 00:00:00 +0000 UTC 2018-09-17 07:14:12 +0000 UTC  }]&#xA;Sep 19 07:53:00.309: INFO: metrics-server-6d6695f9db-8t4xs                                  10.46.6.171  Running           [{Initialized True 0001-01-01 00:00:00 +0000 UTC 2018-09-17 07:08:51 +0000 UTC  } {Ready True 0001-01-01 00:00:00 +0000 UTC 2018-09-17 07:08:55 +0000 UTC  } {ContainersReady True 0001-01-01 00:00:00 +0000 UTC 0001-01-01 00:00:00 +0000 UTC  } {PodScheduled True 0001-01-01 00:00:00 +0000 UTC 2018-09-17 07:08:51 +0000 UTC  }]&#xA;Sep 19 07:53:00.309: INFO: mgmt-repo-57dc689b74-tmp44                                       10.46.6.173  Running           [{Initialized True 0001-01-01 00:00:00 +0000 UTC 2018-09-17 07:18:10 +0000 UTC  } {Ready True 0001-01-01 00:00:00 +0000 UTC 2018-09-17 07:18:54 +0000 UTC  } {ContainersReady True 0001-01-01 00:00:00 +0000 UTC 0001-01-01 00:00:00 +0000 UTC  } {PodScheduled True 0001-01-01 00:00:00 +0000 UTC 2018-09-17 07:17:50 +0000 UTC  }]&#xA;Sep 19 07:53:00.309: INFO: monitoring-grafana-548b947c8c-dh89z                              10.46.6.171  Running           [{Initialized True 0001-01-01 00:00:00 +0000 UTC 2018-09-17 07:16:14 +0000 UTC  } {Ready True 0001-01-01 00:00:00 +0000 UTC 2018-09-17 07:16:59 +0000 UTC  } {ContainersReady True 0001-01-01 00:00:00 +0000 UTC 0001-01-01 00:00:00 +0000 UTC  } {PodScheduled True 0001-01-01 00:00:00 +0000 UTC 2018-09-17 07:15:46 +0000 UTC  }]&#xA;Sep 19 07:53:00.309: INFO: monitoring-prometheus-6677d7c77f-pnpt5                           10.46.6.171  Running           [{Initialized True 0001-01-01 00:00:00 +0000 UTC 2018-09-17 07:16:14 +0000 UTC  } {Ready True 0001-01-01 00:00:00 +0000 UTC 2018-09-17 07:17:03 +0000 UTC  } {ContainersReady True 0001-01-01 00:00:00 +0000 UTC 0001-01-01 00:00:00 +0000 UTC  } {PodScheduled True 0001-01-01 00:00:00 +0000 UTC 2018-09-17 07:15:45 +0000 UTC  }]&#xA;Sep 19 07:53:00.309: INFO: monitoring-prometheus-alertmanager-7d8749dbb8-xj68d              10.46.6.171  Running           [{Initialized True 0001-01-01 00:00:00 +0000 UTC 2018-09-17 07:15:46 +0000 UTC  } {Ready True 0001-01-01 00:00:00 +0000 UTC 2018-09-17 07:16:45 +0000 UTC  } {ContainersReady True 0001-01-01 00:00:00 +0000 UTC 0001-01-01 00:00:00 +0000 UTC  } {PodScheduled True 0001-01-01 00:00:00 +0000 UTC 2018-09-17 07:15:45 +0000 UTC  }]&#xA;Sep 19 07:53:00.309: INFO: monitoring-prometheus-collectdexporter-77575678dc-v8n2l          10.46.6.171  Running           [{Initialized True 0001-01-01 00:00:00 +0000 UTC 2018-09-17 07:15:46 +0000 UTC  } {Ready True 0001-01-01 00:00:00 +0000 UTC 2018-09-17 07:16:42 +0000 UTC  } {ContainersReady True 0001-01-01 00:00:00 +0000 UTC 0001-01-01 00:00:00 +0000 UTC  } {PodScheduled True 0001-01-01 00:00:00 +0000 UTC 2018-09-17 07:15:45 +0000 UTC  }]&#xA;Sep 19 07:53:00.309: INFO: monitoring-prometheus-elasticsearchexporter-655864cccb-c6tps     10.46.6.171  Running           [{Initialized True 0001-01-01 00:00:00 +0000 UTC 2018-09-17 07:15:46 +0000 UTC  } {Ready True 0001-01-01 00:00:00 +0000 UTC 2018-09-17 07:16:52 +0000 UTC  } {ContainersReady True 0001-01-01 00:00:00 +0000 UTC 0001-01-01 00:00:00 +0000 UTC  } {PodScheduled True 0001-01-01 00:00:00 +0000 UTC 2018-09-17 07:15:45 +0000 UTC  }]&#xA;Sep 19 07:53:00.309: INFO: monitoring-prometheus-kubestatemetrics-54dcbb6cfb-76zmm          10.46.6.171  Running           [{Initialized True 0001-01-01 00:00:00 +0000 UTC 2018-09-17 07:15:45 +0000 UTC  } {Ready True 0001-01-01 00:00:00 +0000 UTC 2018-09-17 07:16:34 +0000 UTC  } {ContainersReady True 0001-01-01 00:00:00 +0000 UTC 0001-01-01 00:00:00 +0000 UTC  } {PodScheduled True 0001-01-01 00:00:00 +0000 UTC 2018-09-17 07:15:45 +0000 UTC  }]&#xA;Sep 19 07:53:00.309: INFO: monitoring-prometheus-nodeexporter-9fnpb                         10.46.6.171  Running           [{Initialized True 0001-01-01 00:00:00 +0000 UTC 2018-09-17 07:15:44 +0000 UTC  } {Ready True 0001-01-01 00:00:00 +0000 UTC 2018-09-17 07:16:44 +0000 UTC  } {ContainersReady True 0001-01-01 00:00:00 +0000 UTC 0001-01-01 00:00:00 +0000 UTC  } {PodScheduled True 0001-01-01 00:00:00 +0000 UTC 2018-09-17 07:15:44 +0000 UTC  }]&#xA;Sep 19 07:53:00.309: INFO: monitoring-prometheus-nodeexporter-f84fv                         10.46.6.173  Running           [{Initialized True 0001-01-01 00:00:00 +0000 UTC 2018-09-17 07:15:45 +0000 UTC  } {Ready True 0001-01-01 00:00:00 +0000 UTC 2018-09-17 07:16:28 +0000 UTC  } {ContainersReady True 0001-01-01 00:00:00 +0000 UTC 0001-01-01 00:00:00 +0000 UTC  } {PodScheduled True 0001-01-01 00:00:00 +0000 UTC 2018-09-17 07:15:45 +0000 UTC  }]&#xA;Sep 19 07:53:00.309: INFO: monitoring-prometheus-nodeexporter-tpbc8                         10.46.6.170  Running           [{Initialized True 0001-01-01 00:00:00 +0000 UTC 2018-09-17 07:15:44 +0000 UTC  } {Ready True 0001-01-01 00:00:00 +0000 UTC 2018-09-17 07:16:27 +0000 UTC  } {ContainersReady True 0001-01-01 00:00:00 +0000 UTC 0001-01-01 00:00:00 +0000 UTC  } {PodScheduled True 0001-01-01 00:00:00 +0000 UTC 2018-09-17 07:15:44 +0000 UTC  }]&#xA;Sep 19 07:53:00.309: INFO: monitoring-prometheus-nodeexporter-v4l7d                         10.46.6.172  Running           [{Initialized True 0001-01-01 00:00:00 +0000 UTC 2018-09-17 07:15:44 +0000 UTC  } {Ready True 0001-01-01 00:00:00 +0000 UTC 2018-09-17 07:16:31 +0000 UTC  } {ContainersReady True 0001-01-01 00:00:00 +0000 UTC 0001-01-01 00:00:00 +0000 UTC  } {PodScheduled True 0001-01-01 00:00:00 +0000 UTC 2018-09-17 07:15:44 +0000 UTC  }]&#xA;Sep 19 07:53:00.309: INFO: my-ibm-open-liberty-ibm-7f7d9778d7-7t5jc                         10.46.6.170  Running           [{Initialized True 0001-01-01 00:00:00 +0000 UTC 2018-09-17 08:22:24 +0000 UTC  } {Ready True 0001-01-01 00:00:00 +0000 UTC 2018-09-17 08:23:21 +0000 UTC  } {ContainersReady True 0001-01-01 00:00:00 +0000 UTC 0001-01-01 00:00:00 +0000 UTC  } {PodScheduled True 0001-01-01 00:00:00 +0000 UTC 2018-09-17 08:22:24 +0000 UTC  }]&#xA;Sep 19 07:53:00.309: INFO: nginx-ingress-controller-h5z2v                                   10.46.6.173  Running           [{Initialized True 0001-01-01 00:00:00 +0000 UTC 2018-09-17 07:08:39 +0000 UTC  } {Ready True 0001-01-01 00:00:00 +0000 UTC 2018-09-17 07:08:54 +0000 UTC  } {ContainersReady True 0001-01-01 00:00:00 +0000 UTC 0001-01-01 00:00:00 +0000 UTC  } {PodScheduled True 0001-01-01 00:00:00 +0000 UTC 2018-09-17 07:08:28 +0000 UTC  }]&#xA;Sep 19 07:53:00.309: INFO: nvidia-device-plugin-9h2k4                                       10.46.6.170  Running           [{Initialized True 0001-01-01 00:00:00 +0000 UTC 2018-09-17 07:07:23 +0000 UTC  } {Ready True 0001-01-01 00:00:00 +0000 UTC 2018-09-17 07:07:24 +0000 UTC  } {ContainersReady True 0001-01-01 00:00:00 +0000 UTC 0001-01-01 00:00:00 +0000 UTC  } {PodScheduled True 0001-01-01 00:00:00 +0000 UTC 2018-09-17 07:07:17 +0000 UTC  }]&#xA;Sep 19 07:53:00.310: INFO: nvidia-device-plugin-nh54k                                       10.46.6.173  Running           [{Initialized True 0001-01-01 00:00:00 +0000 UTC 2018-09-17 07:07:29 +0000 UTC  } {Ready True 0001-01-01 00:00:00 +0000 UTC 2018-09-17 07:07:33 +0000 UTC  } {ContainersReady True 0001-01-01 00:00:00 +0000 UTC 0001-01-01 00:00:00 +0000 UTC  } {PodScheduled True 0001-01-01 00:00:00 +0000 UTC 2018-09-17 07:07:17 +0000 UTC  }]&#xA;Sep 19 07:53:00.310: INFO: nvidia-device-plugin-vh85n                                       10.46.6.171  Running           [{Initialized True 0001-01-01 00:00:00 +0000 UTC 2018-09-17 07:07:21 +0000 UTC  } {Ready True 0001-01-01 00:00:00 +0000 UTC 2018-09-17 07:07:23 +0000 UTC  } {ContainersReady True 0001-01-01 00:00:00 +0000 UTC 0001-01-01 00:00:00 +0000 UTC  } {PodScheduled True 0001-01-01 00:00:00 +0000 UTC 2018-09-17 07:07:17 +0000 UTC  }]&#xA;Sep 19 07:53:00.310: INFO: nvidia-device-plugin-w9jr8                                       10.46.6.172  Running           [{Initialized True 0001-01-01 00:00:00 +0000 UTC 2018-09-17 07:07:24 +0000 UTC  } {Ready True 0001-01-01 00:00:00 +0000 UTC 2018-09-17 07:07:26 +0000 UTC  } {ContainersReady True 0001-01-01 00:00:00 +0000 UTC 0001-01-01 00:00:00 +0000 UTC  } {PodScheduled True 0001-01-01 00:00:00 +0000 UTC 2018-09-17 07:07:17 +0000 UTC  }]&#xA;Sep 19 07:53:00.310: INFO: oidc-client-registration-szxrk                                   10.46.6.173  Succeeded         [{Initialized True 0001-01-01 00:00:00 +0000 UTC 2018-09-17 07:10:05 +0000 UTC PodCompleted } {Ready False 0001-01-01 00:00:00 +0000 UTC 2018-09-17 07:12:27 +0000 UTC PodCompleted } {ContainersReady False 0001-01-01 00:00:00 +0000 UTC 0001-01-01 00:00:00 +0000 UTC PodCompleted } {PodScheduled True 0001-01-01 00:00:00 +0000 UTC 2018-09-17 07:10:04 +0000 UTC  }]&#xA;Sep 19 07:53:00.310: INFO: platform-api-2fs4x                                               10.46.6.173  Running           [{Initialized True 0001-01-01 00:00:00 +0000 UTC 2018-09-17 07:08:45 +0000 UTC  } {Ready True 0001-01-01 00:00:00 +0000 UTC 2018-09-17 07:16:29 +0000 UTC  } {ContainersReady True 0001-01-01 00:00:00 +0000 UTC 0001-01-01 00:00:00 +0000 UTC  } {PodScheduled True 0001-01-01 00:00:00 +0000 UTC 2018-09-17 07:08:45 +0000 UTC  }]&#xA;Sep 19 07:53:00.310: INFO: platform-deploy-dbbks                                            10.46.6.173  Running           [{Initialized True 0001-01-01 00:00:00 +0000 UTC 2018-09-17 07:08:45 +0000 UTC  } {Ready True 0001-01-01 00:00:00 +0000 UTC 2018-09-17 07:08:57 +0000 UTC  } {ContainersReady True 0001-01-01 00:00:00 +0000 UTC 0001-01-01 00:00:00 +0000 UTC  } {PodScheduled True 0001-01-01 00:00:00 +0000 UTC 2018-09-17 07:08:45 +0000 UTC  }]&#xA;Sep 19 07:53:00.310: INFO: platform-ui-6fjgx                                                10.46.6.173  Running           [{Initialized True 0001-01-01 00:00:00 +0000 UTC 2018-09-17 07:14:34 +0000 UTC  } {Ready True 0001-01-01 00:00:00 +0000 UTC 2018-09-17 07:15:20 +0000 UTC  } {ContainersReady True 0001-01-01 00:00:00 +0000 UTC 0001-01-01 00:00:00 +0000 UTC  } {PodScheduled True 0001-01-01 00:00:00 +0000 UTC 2018-09-17 07:14:34 +0000 UTC  }]&#xA;Sep 19 07:53:00.310: INFO: secret-watcher-5f59fcbc69-pfnfk                                  10.46.6.173  Running           [{Initialized True 0001-01-01 00:00:00 +0000 UTC 2018-09-17 07:18:05 +0000 UTC  } {Ready True 0001-01-01 00:00:00 +0000 UTC 2018-09-17 07:18:30 +0000 UTC  } {ContainersReady True 0001-01-01 00:00:00 +0000 UTC 0001-01-01 00:00:00 +0000 UTC  } {PodScheduled True 0001-01-01 00:00:00 +0000 UTC 2018-09-17 07:18:04 +0000 UTC  }]&#xA;Sep 19 07:53:00.310: INFO: security-onboarding-tkf79                                        10.46.6.173  Succeeded         [{Initialized True 0001-01-01 00:00:00 +0000 UTC 2018-09-17 07:18:12 +0000 UTC PodCompleted } {Ready False 0001-01-01 00:00:00 +0000 UTC 2018-09-17 07:20:02 +0000 UTC PodCompleted } {ContainersReady False 0001-01-01 00:00:00 +0000 UTC 0001-01-01 00:00:00 +0000 UTC PodCompleted } {PodScheduled True 0001-01-01 00:00:00 +0000 UTC 2018-09-17 07:18:12 +0000 UTC  }]&#xA;Sep 19 07:53:00.310: INFO: service-catalog-apiserver-967x9                                  10.46.6.173  Running           [{Initialized True 0001-01-01 00:00:00 +0000 UTC 2018-09-17 07:08:20 +0000 UTC  } {Ready True 0001-01-01 00:00:00 +0000 UTC 2018-09-17 07:09:01 +0000 UTC  } {ContainersReady True 0001-01-01 00:00:00 +0000 UTC 0001-01-01 00:00:00 +0000 UTC  } {PodScheduled True 0001-01-01 00:00:00 +0000 UTC 2018-09-17 07:08:20 +0000 UTC  }]&#xA;Sep 19 07:53:00.310: INFO: service-catalog-controller-manager-5969cccf86-65phs              10.46.6.173  Running           [{Initialized True 0001-01-01 00:00:00 +0000 UTC 2018-09-17 07:08:21 +0000 UTC  } {Ready True 0001-01-01 00:00:00 +0000 UTC 2018-09-17 07:08:34 +0000 UTC  } {ContainersReady True 0001-01-01 00:00:00 +0000 UTC 0001-01-01 00:00:00 +0000 UTC  } {PodScheduled True 0001-01-01 00:00:00 +0000 UTC 2018-09-17 07:08:20 +0000 UTC  }]&#xA;Sep 19 07:53:00.310: INFO: tiller-deploy-6b58875cb-5l8kh                                    10.46.6.173  Running           [{Initialized True 0001-01-01 00:00:00 +0000 UTC 2018-09-17 07:05:28 +0000 UTC  } {Ready True 0001-01-01 00:00:00 +0000 UTC 2018-09-17 07:05:43 +0000 UTC  } {ContainersReady True 0001-01-01 00:00:00 +0000 UTC 0001-01-01 00:00:00 +0000 UTC  } {PodScheduled True 0001-01-01 00:00:00 +0000 UTC 2018-09-17 07:05:28 +0000 UTC  }]&#xA;Sep 19 07:53:00.310: INFO: unified-router-lkwnl                                             10.46.6.173  Running           [{Initialized True 0001-01-01 00:00:00 +0000 UTC 2018-09-17 07:15:31 +0000 UTC  } {Ready True 0001-01-01 00:00:00 +0000 UTC 2018-09-17 07:15:40 +0000 UTC  } {ContainersReady True 0001-01-01 00:00:00 +0000 UTC 0001-01-01 00:00:00 +0000 UTC  } {PodScheduled True 0001-01-01 00:00:00 +0000 UTC 2018-09-17 07:15:31 +0000 UTC  }]&#xA;Sep 19 07:53:00.310: INFO: vulnerability-advisor-compliance-annotator-d5659b9d9-kmn8q       10.46.6.172  Running           [{Initialized True 0001-01-01 00:00:00 +0000 UTC 2018-09-17 07:19:03 +0000 UTC  } {Ready True 0001-01-01 00:00:00 +0000 UTC 2018-09-17 07:21:08 +0000 UTC  } {ContainersReady True 0001-01-01 00:00:00 +0000 UTC 0001-01-01 00:00:00 +0000 UTC  } {PodScheduled True 0001-01-01 00:00:00 +0000 UTC 2018-09-17 07:19:03 +0000 UTC  }]&#xA;Sep 19 07:53:00.310: INFO: vulnerability-advisor-compliance-indexer-7cbdc64b57-47lmd        10.46.6.172  Running           [{Initialized True 0001-01-01 00:00:00 +0000 UTC 2018-09-17 07:19:07 +0000 UTC  } {Ready True 0001-01-01 00:00:00 +0000 UTC 2018-09-17 07:19:33 +0000 UTC  } {ContainersReady True 0001-01-01 00:00:00 +0000 UTC 0001-01-01 00:00:00 +0000 UTC  } {PodScheduled True 0001-01-01 00:00:00 +0000 UTC 2018-09-17 07:19:06 +0000 UTC  }]&#xA;Sep 19 07:53:00.310: INFO: vulnerability-advisor-config-parser-5d44b78fd5-z4k9t             10.46.6.172  Running           [{Initialized True 0001-01-01 00:00:00 +0000 UTC 2018-09-17 07:19:04 +0000 UTC  } {Ready True 0001-01-01 00:00:00 +0000 UTC 2018-09-17 07:21:09 +0000 UTC  } {ContainersReady True 0001-01-01 00:00:00 +0000 UTC 0001-01-01 00:00:00 +0000 UTC  } {PodScheduled True 0001-01-01 00:00:00 +0000 UTC 2018-09-17 07:19:03 +0000 UTC  }]&#xA;Sep 19 07:53:00.310: INFO: vulnerability-advisor-cos-indexer-57899b7dd6-7cpf8               10.46.6.172  Running           [{Initialized True 0001-01-01 00:00:00 +0000 UTC 2018-09-17 07:19:04 +0000 UTC  } {Ready True 0001-01-01 00:00:00 +0000 UTC 2018-09-19 07:20:04 +0000 UTC  } {ContainersReady True 0001-01-01 00:00:00 +0000 UTC 0001-01-01 00:00:00 +0000 UTC  } {PodScheduled True 0001-01-01 00:00:00 +0000 UTC 2018-09-17 07:19:04 +0000 UTC  }]&#xA;Sep 19 07:53:00.310: INFO: vulnerability-advisor-kafka-0                                    10.46.6.172  Running           [{Initialized True 0001-01-01 00:00:00 +0000 UTC 2018-09-17 07:19:13 +0000 UTC  } {Ready True 0001-01-01 00:00:00 +0000 UTC 2018-09-17 07:20:53 +0000 UTC  } {ContainersReady True 0001-01-01 00:00:00 +0000 UTC 0001-01-01 00:00:00 +0000 UTC  } {PodScheduled True 0001-01-01 00:00:00 +0000 UTC 2018-09-17 07:19:13 +0000 UTC  }]&#xA;Sep 19 07:53:00.310: INFO: vulnerability-advisor-live-crawler-84st2                         10.46.6.172  Running           [{Initialized True 0001-01-01 00:00:00 +0000 UTC 2018-09-17 07:19:03 +0000 UTC  } {Ready True 0001-01-01 00:00:00 +0000 UTC 2018-09-17 07:19:26 +0000 UTC  } {ContainersReady True 0001-01-01 00:00:00 +0000 UTC 0001-01-01 00:00:00 +0000 UTC  } {PodScheduled True 0001-01-01 00:00:00 +0000 UTC 2018-09-17 07:19:03 +0000 UTC  }]&#xA;Sep 19 07:53:00.311: INFO: vulnerability-advisor-live-crawler-ccxd7                         10.46.6.170  Running           [{Initialized True 0001-01-01 00:00:00 +0000 UTC 2018-09-17 07:19:03 +0000 UTC  } {Ready True 0001-01-01 00:00:00 +0000 UTC 2018-09-17 07:19:14 +0000 UTC  } {ContainersReady True 0001-01-01 00:00:00 +0000 UTC 0001-01-01 00:00:00 +0000 UTC  } {PodScheduled True 0001-01-01 00:00:00 +0000 UTC 2018-09-17 07:19:03 +0000 UTC  }]&#xA;Sep 19 07:53:00.311: INFO: vulnerability-advisor-live-crawler-p6khc                         10.46.6.173  Running           [{Initialized True 0001-01-01 00:00:00 +0000 UTC 2018-09-17 07:19:02 +0000 UTC  } {Ready True 0001-01-01 00:00:00 +0000 UTC 2018-09-17 07:19:22 +0000 UTC  } {ContainersReady True 0001-01-01 00:00:00 +0000 UTC 0001-01-01 00:00:00 +0000 UTC  } {PodScheduled True 0001-01-01 00:00:00 +0000 UTC 2018-09-17 07:19:02 +0000 UTC  }]&#xA;Sep 19 07:53:00.311: INFO: vulnerability-advisor-live-crawler-xxz8p                         10.46.6.171  Running           [{Initialized True 0001-01-01 00:00:00 +0000 UTC 2018-09-17 07:19:03 +0000 UTC  } {Ready True 0001-01-01 00:00:00 +0000 UTC 2018-09-17 07:19:18 +0000 UTC  } {ContainersReady True 0001-01-01 00:00:00 +0000 UTC 0001-01-01 00:00:00 +0000 UTC  } {PodScheduled True 0001-01-01 00:00:00 +0000 UTC 2018-09-17 07:19:03 +0000 UTC  }]&#xA;Sep 19 07:53:00.311: INFO: vulnerability-advisor-ma-file-annotator-6b95df8886-jtczz         10.46.6.172  Running           [{Initialized True 0001-01-01 00:00:00 +0000 UTC 2018-09-17 07:19:04 +0000 UTC  } {Ready True 0001-01-01 00:00:00 +0000 UTC 2018-09-17 07:23:32 +0000 UTC  } {ContainersReady True 0001-01-01 00:00:00 +0000 UTC 0001-01-01 00:00:00 +0000 UTC  } {PodScheduled True 0001-01-01 00:00:00 +0000 UTC 2018-09-17 07:19:04 +0000 UTC  }]&#xA;Sep 19 07:53:00.311: INFO: vulnerability-advisor-minio-0                                    10.46.6.172  Running           [{Initialized True 0001-01-01 00:00:00 +0000 UTC 2018-09-17 07:21:51 +0000 UTC  } {Ready True 0001-01-01 00:00:00 +0000 UTC 2018-09-17 07:21:54 +0000 UTC  } {ContainersReady True 0001-01-01 00:00:00 +0000 UTC 0001-01-01 00:00:00 +0000 UTC  } {PodScheduled True 0001-01-01 00:00:00 +0000 UTC 2018-09-17 07:19:15 +0000 UTC  }]&#xA;Sep 19 07:53:00.311: INFO: vulnerability-advisor-minio-cleaner-1537228740-55f4w             10.46.6.172  Succeeded         [{Initialized True 0001-01-01 00:00:00 +0000 UTC 2018-09-17 23:59:03 +0000 UTC PodCompleted } {Ready False 0001-01-01 00:00:00 +0000 UTC 2018-09-17 23:59:42 +0000 UTC PodCompleted } {ContainersReady False 0001-01-01 00:00:00 +0000 UTC 0001-01-01 00:00:00 +0000 UTC PodCompleted } {PodScheduled True 0001-01-01 00:00:00 +0000 UTC 2018-09-17 23:59:03 +0000 UTC  }]&#xA;Sep 19 07:53:00.311: INFO: vulnerability-advisor-minio-cleaner-1537315140-nqk7v             10.46.6.172  Succeeded         [{Initialized True 0001-01-01 00:00:00 +0000 UTC 2018-09-18 23:59:04 +0000 UTC PodCompleted } {Ready False 0001-01-01 00:00:00 +0000 UTC 2018-09-19 00:00:52 +0000 UTC PodCompleted } {ContainersReady False 0001-01-01 00:00:00 +0000 UTC 0001-01-01 00:00:00 +0000 UTC PodCompleted } {PodScheduled True 0001-01-01 00:00:00 +0000 UTC 2018-09-18 23:59:04 +0000 UTC  }]&#xA;Sep 19 07:53:00.311: INFO: vulnerability-advisor-notification-dispatcher-86f8bf4b4d-cfdzb   10.46.6.172  Running           [{Initialized True 0001-01-01 00:00:00 +0000 UTC 2018-09-17 07:19:04 +0000 UTC  } {Ready True 0001-01-01 00:00:00 +0000 UTC 2018-09-17 07:20:31 +0000 UTC  } {ContainersReady True 0001-01-01 00:00:00 +0000 UTC 0001-01-01 00:00:00 +0000 UTC  } {PodScheduled True 0001-01-01 00:00:00 +0000 UTC 2018-09-17 07:19:04 +0000 UTC  }]&#xA;Sep 19 07:53:00.311: INFO: vulnerability-advisor-password-annotator-79b5d794b5-wnwqn        10.46.6.172  Running           [{Initialized True 0001-01-01 00:00:00 +0000 UTC 2018-09-17 07:19:05 +0000 UTC  } {Ready True 0001-01-01 00:00:00 +0000 UTC 2018-09-17 07:20:29 +0000 UTC  } {ContainersReady True 0001-01-01 00:00:00 +0000 UTC 0001-01-01 00:00:00 +0000 UTC  } {PodScheduled True 0001-01-01 00:00:00 +0000 UTC 2018-09-17 07:19:04 +0000 UTC  }]&#xA;Sep 19 07:53:00.311: INFO: vulnerability-advisor-process-ma-annotator-58f47d5b5f-4wglg      10.46.6.172  Running           [{Initialized True 0001-01-01 00:00:00 +0000 UTC 2018-09-17 07:19:06 +0000 UTC  } {Ready True 0001-01-01 00:00:00 +0000 UTC 2018-09-17 07:20:56 +0000 UTC  } {ContainersReady True 0001-01-01 00:00:00 +0000 UTC 0001-01-01 00:00:00 +0000 UTC  } {PodScheduled True 0001-01-01 00:00:00 +0000 UTC 2018-09-17 07:19:05 +0000 UTC  }]&#xA;Sep 19 07:53:00.311: INFO: vulnerability-advisor-process-ma-annotator-58f47d5b5f-xbxrc      10.46.6.172  Running           [{Initialized True 0001-01-01 00:00:00 +0000 UTC 2018-09-17 07:19:06 +0000 UTC  } {Ready True 0001-01-01 00:00:00 +0000 UTC 2018-09-17 07:21:50 +0000 UTC  } {ContainersReady True 0001-01-01 00:00:00 +0000 UTC 0001-01-01 00:00:00 +0000 UTC  } {PodScheduled True 0001-01-01 00:00:00 +0000 UTC 2018-09-17 07:19:05 +0000 UTC  }]&#xA;Sep 19 07:53:00.311: INFO: vulnerability-advisor-process-ma-annotator-init-869545d547nn27w  10.46.6.172  Running           [{Initialized True 0001-01-01 00:00:00 +0000 UTC 2018-09-17 07:19:06 +0000 UTC  } {Ready True 0001-01-01 00:00:00 +0000 UTC 2018-09-17 07:19:42 +0000 UTC  } {ContainersReady True 0001-01-01 00:00:00 +0000 UTC 0001-01-01 00:00:00 +0000 UTC  } {PodScheduled True 0001-01-01 00:00:00 +0000 UTC 2018-09-17 07:19:05 +0000 UTC  }]&#xA;Sep 19 07:53:00.311: INFO: vulnerability-advisor-process-ma-crawler-24z6k                   10.46.6.172  Running           [{Initialized True 0001-01-01 00:00:00 +0000 UTC 2018-09-17 07:19:03 +0000 UTC  } {Ready True 0001-01-01 00:00:00 +0000 UTC 2018-09-17 07:19:32 +0000 UTC  } {ContainersReady True 0001-01-01 00:00:00 +0000 UTC 0001-01-01 00:00:00 +0000 UTC  } {PodScheduled True 0001-01-01 00:00:00 +0000 UTC 2018-09-17 07:19:03 +0000 UTC  }]&#xA;Sep 19 07:53:00.311: INFO: vulnerability-advisor-process-ma-crawler-5g4zk                   10.46.6.170  Running           [{Initialized True 0001-01-01 00:00:00 +0000 UTC 2018-09-17 07:19:03 +0000 UTC  } {Ready True 0001-01-01 00:00:00 +0000 UTC 2018-09-17 07:19:16 +0000 UTC  } {ContainersReady True 0001-01-01 00:00:00 +0000 UTC 0001-01-01 00:00:00 +0000 UTC  } {PodScheduled True 0001-01-01 00:00:00 +0000 UTC 2018-09-17 07:19:03 +0000 UTC  }]&#xA;Sep 19 07:53:00.311: INFO: vulnerability-advisor-process-ma-crawler-96728                   10.46.6.173  Running           [{Initialized True 0001-01-01 00:00:00 +0000 UTC 2018-09-17 07:19:03 +0000 UTC  } {Ready True 0001-01-01 00:00:00 +0000 UTC 2018-09-17 07:19:23 +0000 UTC  } {ContainersReady True 0001-01-01 00:00:00 +0000 UTC 0001-01-01 00:00:00 +0000 UTC  } {PodScheduled True 0001-01-01 00:00:00 +0000 UTC 2018-09-17 07:19:03 +0000 UTC  }]&#xA;Sep 19 07:53:00.311: INFO: vulnerability-advisor-process-ma-crawler-b7k2d                   10.46.6.171  Running           [{Initialized True 0001-01-01 00:00:00 +0000 UTC 2018-09-17 07:19:03 +0000 UTC  } {Ready True 0001-01-01 00:00:00 +0000 UTC 2018-09-17 07:19:13 +0000 UTC  } {ContainersReady True 0001-01-01 00:00:00 +0000 UTC 0001-01-01 00:00:00 +0000 UTC  } {PodScheduled True 0001-01-01 00:00:00 +0000 UTC 2018-09-17 07:19:03 +0000 UTC  }]&#xA;Sep 19 07:53:00.311: INFO: vulnerability-advisor-registry-crawler-6f9568677b-bfpm6          10.46.6.172  Running           [{Initialized True 0001-01-01 00:00:00 +0000 UTC 2018-09-17 07:19:08 +0000 UTC  } {Ready True 0001-01-01 00:00:00 +0000 UTC 2018-09-17 07:19:48 +0000 UTC  } {ContainersReady True 0001-01-01 00:00:00 +0000 UTC 0001-01-01 00:00:00 +0000 UTC  } {PodScheduled True 0001-01-01 00:00:00 +0000 UTC 2018-09-17 07:19:07 +0000 UTC  }]&#xA;Sep 19 07:53:00.311: INFO: vulnerability-advisor-rootkit-annotator-74cb65b5cf-2dk5j         10.46.6.172  Running           [{Initialized True 0001-01-01 00:00:00 +0000 UTC 2018-09-17 07:19:08 +0000 UTC  } {Ready True 0001-01-01 00:00:00 +0000 UTC 2018-09-17 07:20:26 +0000 UTC  } {ContainersReady True 0001-01-01 00:00:00 +0000 UTC 0001-01-01 00:00:00 +0000 UTC  } {PodScheduled True 0001-01-01 00:00:00 +0000 UTC 2018-09-17 07:19:07 +0000 UTC  }]&#xA;Sep 19 07:53:00.312: INFO: vulnerability-advisor-rootkit-indexer-cd8b4646b-xlhwq            10.46.6.172  Running           [{Initialized True 0001-01-01 00:00:00 +0000 UTC 2018-09-17 07:19:07 +0000 UTC  } {Ready True 0001-01-01 00:00:00 +0000 UTC 2018-09-17 07:19:26 +0000 UTC  } {ContainersReady True 0001-01-01 00:00:00 +0000 UTC 0001-01-01 00:00:00 +0000 UTC  } {PodScheduled True 0001-01-01 00:00:00 +0000 UTC 2018-09-17 07:19:06 +0000 UTC  }]&#xA;Sep 19 07:53:00.312: INFO: vulnerability-advisor-sas-apiserver-5fd8d44bc9-7bvkn             10.46.6.172  Running           [{Initialized True 0001-01-01 00:00:00 +0000 UTC 2018-09-17 07:19:09 +0000 UTC  } {Ready True 0001-01-01 00:00:00 +0000 UTC 2018-09-17 07:20:03 +0000 UTC  } {ContainersReady True 0001-01-01 00:00:00 +0000 UTC 0001-01-01 00:00:00 +0000 UTC  } {PodScheduled True 0001-01-01 00:00:00 +0000 UTC 2018-09-17 07:19:08 +0000 UTC  }]&#xA;Sep 19 07:53:00.312: INFO: vulnerability-advisor-sas-mgmt-64fb95bc44-j9vjc                  10.46.6.172  Running           [{Initialized True 0001-01-01 00:00:00 +0000 UTC 2018-09-17 07:19:08 +0000 UTC  } {Ready True 0001-01-01 00:00:00 +0000 UTC 2018-09-17 07:19:39 +0000 UTC  } {ContainersReady True 0001-01-01 00:00:00 +0000 UTC 0001-01-01 00:00:00 +0000 UTC  } {PodScheduled True 0001-01-01 00:00:00 +0000 UTC 2018-09-17 07:19:08 +0000 UTC  }]&#xA;Sep 19 07:53:00.312: INFO: vulnerability-advisor-secconfig-annotator-7dbcf5d9f4-fkmkb       10.46.6.172  Running           [{Initialized True 0001-01-01 00:00:00 +0000 UTC 2018-09-17 07:19:10 +0000 UTC  } {Ready True 0001-01-01 00:00:00 +0000 UTC 2018-09-17 07:19:45 +0000 UTC  } {ContainersReady True 0001-01-01 00:00:00 +0000 UTC 0001-01-01 00:00:00 +0000 UTC  } {PodScheduled True 0001-01-01 00:00:00 +0000 UTC 2018-09-17 07:19:08 +0000 UTC  }]&#xA;Sep 19 07:53:00.312: INFO: vulnerability-advisor-secconfig-indexer-674647df7c-qq5ff         10.46.6.172  Running           [{Initialized True 0001-01-01 00:00:00 +0000 UTC 2018-09-17 07:19:07 +0000 UTC  } {Ready True 0001-01-01 00:00:00 +0000 UTC 2018-09-17 07:19:33 +0000 UTC  } {ContainersReady True 0001-01-01 00:00:00 +0000 UTC 0001-01-01 00:00:00 +0000 UTC  } {PodScheduled True 0001-01-01 00:00:00 +0000 UTC 2018-09-17 07:19:06 +0000 UTC  }]&#xA;Sep 19 07:53:00.312: INFO: vulnerability-advisor-statsd-7746859df4-jjm6f                    10.46.6.172  Running           [{Initialized True 0001-01-01 00:00:00 +0000 UTC 2018-09-17 07:19:10 +0000 UTC  } {Ready True 0001-01-01 00:00:00 +0000 UTC 2018-09-17 07:19:38 +0000 UTC  } {ContainersReady True 0001-01-01 00:00:00 +0000 UTC 0001-01-01 00:00:00 +0000 UTC  } {PodScheduled True 0001-01-01 00:00:00 +0000 UTC 2018-09-17 07:19:09 +0000 UTC  }]&#xA;Sep 19 07:53:00.312: INFO: vulnerability-advisor-usncrawler-8h976                           10.46.6.172  Succeeded         [{Initialized True 0001-01-01 00:00:00 +0000 UTC 2018-09-17 07:19:11 +0000 UTC PodCompleted } {Ready False 0001-01-01 00:00:00 +0000 UTC 2018-09-17 07:24:06 +0000 UTC PodCompleted } {ContainersReady False 0001-01-01 00:00:00 +0000 UTC 0001-01-01 00:00:00 +0000 UTC PodCompleted } {PodScheduled True 0001-01-01 00:00:00 +0000 UTC 2018-09-17 07:19:11 +0000 UTC  }]&#xA;Sep 19 07:53:00.312: INFO: vulnerability-advisor-vulnerability-annotator-bcbf5595f-hxwst    10.46.6.172  Running           [{Initialized True 0001-01-01 00:00:00 +0000 UTC 2018-09-17 07:19:10 +0000 UTC  } {Ready True 0001-01-01 00:00:00 +0000 UTC 2018-09-17 07:20:29 +0000 UTC  } {ContainersReady True 0001-01-01 00:00:00 +0000 UTC 0001-01-01 00:00:00 +0000 UTC  } {PodScheduled True 0001-01-01 00:00:00 +0000 UTC 2018-09-17 07:19:09 +0000 UTC  }]&#xA;Sep 19 07:53:00.312: INFO: vulnerability-advisor-vulnerability-indexer-7c79b4c964-2n8cg     10.46.6.172  Running           [{Initialized True 0001-01-01 00:00:00 +0000 UTC 2018-09-17 07:19:07 +0000 UTC  } {Ready True 0001-01-01 00:00:00 +0000 UTC 2018-09-17 07:19:37 +0000 UTC  } {ContainersReady True 0001-01-01 00:00:00 +0000 UTC 0001-01-01 00:00:00 +0000 UTC  } {PodScheduled True 0001-01-01 00:00:00 +0000 UTC 2018-09-17 07:19:06 +0000 UTC  }]&#xA;Sep 19 07:53:00.312: INFO: vulnerability-advisor-zookeeper-0                                10.46.6.172  Running           [{Initialized True 0001-01-01 00:00:00 +0000 UTC 2018-09-17 07:19:15 +0000 UTC  } {Ready True 0001-01-01 00:00:00 +0000 UTC 2018-09-17 07:20:10 +0000 UTC  } {ContainersReady True 0001-01-01 00:00:00 +0000 UTC 0001-01-01 00:00:00 +0000 UTC  } {PodScheduled True 0001-01-01 00:00:00 +0000 UTC 2018-09-17 07:19:14 +0000 UTC  }]&#xA;Sep 19 07:53:00.312: INFO: &#xA;Sep 19 07:53:00.328: INFO: &#xA;Logging node info for node 10.46.6.170&#xA;Sep 19 07:53:00.379: INFO: Node Info: &amp;Node{ObjectMeta:k8s_io_apimachinery_pkg_apis_meta_v1.ObjectMeta{Name:10.46.6.170,GenerateName:,Namespace:,SelfLink:/api/v1/nodes/10.46.6.170,UID:0c4508eb-ba48-11e8-b20e-fa163e707b2e,ResourceVersion:460840,Generation:0,CreationTimestamp:2018-09-17 07:05:24 +0000 UTC,DeletionTimestamp:&lt;nil&gt;,DeletionGracePeriodSeconds:nil,Labels:map[string]string{beta.kubernetes.io/arch: amd64,beta.kubernetes.io/os: linux,kubernetes.io/hostname: 10.46.6.170,node-role.kubernetes.io/worker: true,},Annotations:map[string]string{node.alpha.kubernetes.io/ttl: 0,volumes.kubernetes.io/controller-managed-attach-detach: true,},OwnerReferences:[],Finalizers:[],ClusterName:,Initializers:nil,},Spec:NodeSpec{PodCIDR:,DoNotUse_ExternalID:,ProviderID:,Unschedulable:false,Taints:[],ConfigSource:nil,},Status:NodeStatus{Capacity:ResourceList{cpu: {{8 0} {&lt;nil&gt;} 8 DecimalSI},ephemeral-storage: {{107362627584 0} {&lt;nil&gt;} 104846316Ki BinarySI},hugepages-1Gi: {{0 0} {&lt;nil&gt;} 0 DecimalSI},hugepages-2Mi: {{0 0} {&lt;nil&gt;} 0 DecimalSI},memory: {{16825630720 0} {&lt;nil&gt;}  BinarySI},pods: {{80 0} {&lt;nil&gt;} 80 DecimalSI},},Allocatable:ResourceList{cpu: {{8 0} {&lt;nil&gt;} 8 DecimalSI},ephemeral-storage: {{96626364666 0} {&lt;nil&gt;} 96626364666 DecimalSI},hugepages-1Gi: {{0 0} {&lt;nil&gt;} 0 DecimalSI},hugepages-2Mi: {{0 0} {&lt;nil&gt;} 0 DecimalSI},memory: {{16720773120 0} {&lt;nil&gt;}  BinarySI},pods: {{80 0} {&lt;nil&gt;} 80 DecimalSI},},Phase:,Conditions:[{OutOfDisk False 2018-09-19 07:52:51 +0000 UTC 2018-09-17 07:05:24 +0000 UTC KubeletHasSufficientDisk kubelet has sufficient disk space available} {MemoryPressure False 2018-09-19 07:52:51 +0000 UTC 2018-09-17 07:05:24 +0000 UTC KubeletHasSufficientMemory kubelet has sufficient memory available} {DiskPressure False 2018-09-19 07:52:51 +0000 UTC 2018-09-17 07:05:24 +0000 UTC KubeletHasNoDiskPressure kubelet has no disk pressure} {PIDPressure False 2018-09-19 07:52:51 +0000 UTC 2018-09-17 07:05:24 +0000 UTC KubeletHasSufficientPID kubelet has sufficient PID available} {Ready True 2018-09-19 07:52:51 +0000 UTC 2018-09-17 07:06:04 +0000 UTC KubeletReady kubelet is posting ready status}],Addresses:[{InternalIP 10.46.6.170} {Hostname 10.46.6.170}],DaemonEndpoints:NodeDaemonEndpoints{KubeletEndpoint:DaemonEndpoint{Port:10250,},},NodeInfo:NodeSystemInfo{MachineID:52ca0d2c3fb341c79b059a96d10571a6,SystemUUID:B2A91A2D-0576-4E7B-AEBA-AE95FFDDF786,BootID:ae0d54c3-4892-49fd-b5c7-ca2077060a4b,KernelVersion:3.10.0-862.9.1.el7.x86_64,OSImage:Red Hat Enterprise Linux,ContainerRuntimeVersion:docker://18.3.1,KubeletVersion:v1.11.1+icp-ee,KubeProxyVersion:v1.11.1+icp-ee,OperatingSystem:linux,Architecture:amd64,},Images:[{[lzj.icp:8500/ibmcom/live-crawler@sha256:1a648615e7b439f093697f65350262823e6c711c4b21ea81596ced1c28a48133 lzj.icp:8500/ibmcom/live-crawler:1.3.1] 987515538} {[lzj.icp:8500/ibmcom/hyperkube@sha256:9fbddbf2d04354912c8a981395493d250474cb9fa587fa91119e69467078b180 lzj.icp:8500/ibmcom/hyperkube:v1.11.1-ee] 782626408} {[gcr.io/heptio-images/kube-conformance@sha256:5482c7f5f7b874c5c6caec6ddef5406f19a52a2c3a36897cadf0a8f78ab57982 gcr.io/heptio-images/kube-conformance:latest] 532182058} {[open-liberty@sha256:e962af00796d50687a4ac71d5e8ab046696c314b4a84617b0d216b671519df31 open-liberty:latest] 500884023} {[lzj.icp:8500/ibmcom/icp-filebeat@sha256:72669dde64d7ab85bbb9e93428efe548b2693a4eae5168a4705f6e30cd20e584 lzj.icp:8500/ibmcom/icp-filebeat:5.5.1] 317104874} {[lzj.icp:8500/ibmcom/fluentd@sha256:f85a5ffd86438f1a73d04caf6e33ef3474675d9fa0947431f4d0a9602fc981af lzj.icp:8500/ibmcom/fluentd:v1.2.2-icp] 270902701} {[lzj.icp:8500/ibmcom/calico-node@sha256:85a23d8030137d49663d3d82844a61998331606de9fc523dfdd0a75be7fb9828 lzj.icp:8500/ibmcom/calico-node:v3.1.3] 248202699} {[gcr.io/kubernetes-e2e-test-images/jessie-dnsutils-amd64@sha256:9e842e2f77073ec30e2349f9082ec35357a3bf61e12488adc677144295e68c38 gcr.io/kubernetes-e2e-test-images/jessie-dnsutils-amd64:1.0] 195659796} {[lzj.icp:8500/ibmcom/nvidia-device-plugin@sha256:2d57caa41994d1e0b3d952526a651f8da487e068874d1075f915fa48ad969ba6 lzj.icp:8500/ibmcom/nvidia-device-plugin:1.0] 132413452} {[lzj.icp:8500/ibmcom/metering-data-manager@sha256:97803f4458c6f6ca62076cf6958cb8ab98cf9ffed7cd4977550eeaa6db8ead70 lzj.icp:8500/ibmcom/metering-data-manager:3.1.0] 121942877} {[lzj.icp:8500/ibmcom/icp-management-ingress@sha256:259a9d288f5ee4f169c618b6d870b5ae38b954a3bf69f3f392523b1aaa9f4001 lzj.icp:8500/ibmcom/icp-management-ingress:2.2.1] 80410712} {[lzj.icp:8500/ibmcom/calico-cni@sha256:b56c2d3e62bd02f15dd5ec335c25ac81bb39d214e904525227640790686855d7 lzj.icp:8500/ibmcom/calico-cni:v3.1.3] 68849270} {[gcr.io/heptio-images/sonobuoy@sha256:165df6f635ddd0088ed6686e07ffb47f8dd17fdba153f61dbec9aa80c0d2e0b8 gcr.io/heptio-images/sonobuoy:latest gcr.io/heptio-images/sonobuoy:v0.11.6] 33401240} {[gcr.io/kubernetes-e2e-test-images/nettest-amd64@sha256:f2d3eba3ae2043c51389935be4bf41b2b0e60fd7220b9ba9cbc51eceaa74b2b4 gcr.io/kubernetes-e2e-test-images/nettest-amd64:1.0] 27413498} {[lzj.icp:8500/ibmcom/node-exporter@sha256:b24db452b1a0bf46abba095162d0fbc89ea40eeabbfe43ae01dab54107ecff0e lzj.icp:8500/ibmcom/node-exporter:v0.16.0] 22915749} {[gcr.io/kubernetes-e2e-test-images/dnsutils-amd64@sha256:f8eca5c0c2e18b7ee6df876e5587c5885d13c59cb453d93bf51628daf656e4b5 gcr.io/kubernetes-e2e-test-images/dnsutils-amd64:1.0] 9030162} {[gcr.io/kubernetes-e2e-test-images/hostexec-amd64@sha256:e1dadb772c6132e3587fc41b8c07facd81ee7c4e74508891b5d98d45b85462e9 gcr.io/kubernetes-e2e-test-images/hostexec-amd64:1.1] 8490662} {[gcr.io/kubernetes-e2e-test-images/netexec-amd64@sha256:da1c165175d5589ed70384e406a0291b6f76d53fc99e2c31ae23003e11e5bfde gcr.io/kubernetes-e2e-test-images/netexec-amd64:1.0] 6713741} {[gcr.io/kubernetes-e2e-test-images/serve-hostname-amd64@sha256:2dd4032e98a0450d95a0ac71a5e465f542a900812d8c41bc6ca635aed1a5fc91 gcr.io/kubernetes-e2e-test-images/serve-hostname-amd64:1.0] 5470001} {[gcr.io/kubernetes-e2e-test-images/test-webserver-amd64@sha256:8da73e44d6870f86e0e6a87b2e07829470465afbb6febeb900296d99510789ce gcr.io/kubernetes-e2e-test-images/test-webserver-amd64:1.0] 4732240} {[gcr.io/kubernetes-e2e-test-images/porter-amd64@sha256:824f041b2757f8da2980092ace0991b4b8c6689e76c3b94f677521f7157bc7b8 gcr.io/kubernetes-e2e-test-images/porter-amd64:1.0] 4681408} {[gcr.io/kubernetes-e2e-test-images/liveness-amd64@sha256:0a64aa5318ade9f4ed6cd625d8dffdb4ac6a411da30694c53809e99a65de9eff gcr.io/kubernetes-e2e-test-images/liveness-amd64:1.0] 4608721} {[gcr.io/kubernetes-e2e-test-images/mounttest-amd64@sha256:e3e75014e6df02dc21e6fb95f93b989a2ff8a91f36ae88d74eccbabaa21fc211 gcr.io/kubernetes-e2e-test-images/mounttest-amd64:1.0] 1563521} {[gcr.io/kubernetes-e2e-test-images/mounttest-user-amd64@sha256:1ac490f1442cad4b1c886527470393c71302cc62f5e3304fb08854403cbc68dc gcr.io/kubernetes-e2e-test-images/mounttest-user-amd64:1.0] 1450451} {[busybox@sha256:cb63aa0641a885f54de20f61d152187419e8f6b159ed11a251a09d115fdff9bd busybox:latest] 1162769} {[lzj.icp:8500/ibmcom/pause@sha256:8a18035491d4fbbe481be5eac11819315ec94677ab465608d052d87b3cdcff7f lzj.icp:8500/ibmcom/pause:3.1] 742472}],VolumesInUse:[],VolumesAttached:[],Config:&amp;NodeConfigStatus{Assigned:nil,Active:nil,LastKnownGood:nil,Error:,},},}&#xA;Sep 19 07:53:00.379: INFO: &#xA;Logging kubelet events for node 10.46.6.170&#xA;Sep 19 07:53:00.383: INFO: &#xA;Logging pods the kubelet thinks is on node 10.46.6.170&#xA;Sep 19 07:53:00.394: INFO: logging-elk-filebeat-ds-jtd5q started at 2018-09-17 07:15:20 +0000 UTC (0+1 container statuses recorded)&#xA;Sep 19 07:53:00.394: INFO: &#x9;Container filebeat ready: true, restart count 0&#xA;Sep 19 07:53:00.394: INFO: sonobuoy started at 2018-09-19 07:22:02 +0000 UTC (0+1 container statuses recorded)&#xA;Sep 19 07:53:00.394: INFO: &#x9;Container kube-sonobuoy ready: true, restart count 0&#xA;Sep 19 07:53:00.394: INFO: vulnerability-advisor-live-crawler-ccxd7 started at 2018-09-17 07:19:03 +0000 UTC (0+1 container statuses recorded)&#xA;Sep 19 07:53:00.394: INFO: &#x9;Container live-crawler ready: true, restart count 0&#xA;Sep 19 07:53:00.394: INFO: sonobuoy-e2e-job-c3f9b53ea97c48a2 started at 2018-09-19 07:22:08 +0000 UTC (0+2 container statuses recorded)&#xA;Sep 19 07:53:00.394: INFO: &#x9;Container e2e ready: true, restart count 0&#xA;Sep 19 07:53:00.394: INFO: &#x9;Container sonobuoy-worker ready: true, restart count 0&#xA;Sep 19 07:53:00.394: INFO: nvidia-device-plugin-9h2k4 started at 2018-09-17 07:07:17 +0000 UTC (1+1 container statuses recorded)&#xA;Sep 19 07:53:00.394: INFO: &#x9;Init container nvidia-driver-collector ready: true, restart count 0&#xA;Sep 19 07:53:00.394: INFO: &#x9;Container nvidia-device-plugin ready: true, restart count 0&#xA;Sep 19 07:53:00.394: INFO: metering-reader-44wd7 started at 2018-09-17 07:14:11 +0000 UTC (1+1 container statuses recorded)&#xA;Sep 19 07:53:00.394: INFO: &#x9;Init container metering-reader-init ready: true, restart count 1&#xA;Sep 19 07:53:00.394: INFO: &#x9;Container metering-reader ready: true, restart count 0&#xA;Sep 19 07:53:00.394: INFO: vulnerability-advisor-process-ma-crawler-5g4zk started at 2018-09-17 07:19:03 +0000 UTC (0+1 container statuses recorded)&#xA;Sep 19 07:53:00.394: INFO: &#x9;Container process-ma-crawler ready: true, restart count 0&#xA;Sep 19 07:53:00.394: INFO: my-ibm-open-liberty-ibm-7f7d9778d7-7t5jc started at 2018-09-17 08:22:24 +0000 UTC (0+1 container statuses recorded)&#xA;Sep 19 07:53:00.394: INFO: &#x9;Container ibm-open-liberty ready: true, restart count 0&#xA;Sep 19 07:53:00.394: INFO: monitoring-prometheus-nodeexporter-tpbc8 started at 2018-09-17 07:15:44 +0000 UTC (0+2 container statuses recorded)&#xA;Sep 19 07:53:00.394: INFO: &#x9;Container nodeexporter ready: true, restart count 0&#xA;Sep 19 07:53:00.394: INFO: &#x9;Container router ready: true, restart count 0&#xA;Sep 19 07:53:00.394: INFO: audit-logging-fluentd-ds-4cgnk started at 2018-09-17 07:18:46 +0000 UTC (0+1 container statuses recorded)&#xA;Sep 19 07:53:00.394: INFO: &#x9;Container fluentd ready: true, restart count 0&#xA;Sep 19 07:53:00.394: INFO: k8s-proxy-10.46.6.170 started at &lt;nil&gt; (0+0 container statuses recorded)&#xA;Sep 19 07:53:00.395: INFO: calico-node-htf97 started at 2018-09-17 07:05:53 +0000 UTC (0+2 container statuses recorded)&#xA;Sep 19 07:53:00.395: INFO: &#x9;Container calico-node ready: true, restart count 0&#xA;Sep 19 07:53:00.395: INFO: &#x9;Container install-cni ready: true, restart count 0&#xA;Sep 19 07:53:00.441: INFO: &#xA;Latency metrics for node 10.46.6.170&#xA;Sep 19 07:53:00.441: INFO: &#xA;Logging node info for node 10.46.6.171&#xA;Sep 19 07:53:00.467: INFO: Node Info: &amp;Node{ObjectMeta:k8s_io_apimachinery_pkg_apis_meta_v1.ObjectMeta{Name:10.46.6.171,GenerateName:,Namespace:,SelfLink:/api/v1/nodes/10.46.6.171,UID:0c79152a-ba48-11e8-b20e-fa163e707b2e,ResourceVersion:460860,Generation:0,CreationTimestamp:2018-09-17 07:05:24 +0000 UTC,DeletionTimestamp:&lt;nil&gt;,DeletionGracePeriodSeconds:nil,Labels:map[string]string{beta.kubernetes.io/arch: amd64,beta.kubernetes.io/os: linux,kubernetes.io/hostname: 10.46.6.171,management: true,node-role.kubernetes.io/management: true,},Annotations:map[string]string{node.alpha.kubernetes.io/ttl: 0,volumes.kubernetes.io/controller-managed-attach-detach: true,},OwnerReferences:[],Finalizers:[],ClusterName:,Initializers:nil,},Spec:NodeSpec{PodCIDR:,DoNotUse_ExternalID:,ProviderID:,Unschedulable:false,Taints:[{dedicated management NoSchedule &lt;nil&gt;}],ConfigSource:nil,},Status:NodeStatus{Capacity:ResourceList{cpu: {{8 0} {&lt;nil&gt;} 8 DecimalSI},ephemeral-storage: {{107362627584 0} {&lt;nil&gt;} 104846316Ki BinarySI},hugepages-1Gi: {{0 0} {&lt;nil&gt;} 0 DecimalSI},hugepages-2Mi: {{0 0} {&lt;nil&gt;} 0 DecimalSI},memory: {{16825630720 0} {&lt;nil&gt;}  BinarySI},pods: {{80 0} {&lt;nil&gt;} 80 DecimalSI},},Allocatable:ResourceList{cpu: {{8 0} {&lt;nil&gt;} 8 DecimalSI},ephemeral-storage: {{107257769984 0} {&lt;nil&gt;} 104743916Ki BinarySI},hugepages-1Gi: {{0 0} {&lt;nil&gt;} 0 DecimalSI},hugepages-2Mi: {{0 0} {&lt;nil&gt;} 0 DecimalSI},memory: {{16720773120 0} {&lt;nil&gt;}  BinarySI},pods: {{80 0} {&lt;nil&gt;} 80 DecimalSI},},Phase:,Conditions:[{OutOfDisk False 2018-09-19 07:52:58 +0000 UTC 2018-09-17 07:05:24 +0000 UTC KubeletHasSufficientDisk kubelet has sufficient disk space available} {MemoryPressure False 2018-09-19 07:52:58 +0000 UTC 2018-09-17 07:05:24 +0000 UTC KubeletHasSufficientMemory kubelet has sufficient memory available} {DiskPressure False 2018-09-19 07:52:58 +0000 UTC 2018-09-17 07:05:24 +0000 UTC KubeletHasNoDiskPressure kubelet has no disk pressure} {PIDPressure False 2018-09-19 07:52:58 +0000 UTC 2018-09-17 07:05:24 +0000 UTC KubeletHasSufficientPID kubelet has sufficient PID available} {Ready True 2018-09-19 07:52:58 +0000 UTC 2018-09-17 07:06:05 +0000 UTC KubeletReady kubelet is posting ready status}],Addresses:[{InternalIP 10.46.6.171} {Hostname 10.46.6.171}],DaemonEndpoints:NodeDaemonEndpoints{KubeletEndpoint:DaemonEndpoint{Port:10250,},},NodeInfo:NodeSystemInfo{MachineID:52ca0d2c3fb341c79b059a96d10571a6,SystemUUID:00401CD1-AB88-4341-9CDC-C9648BFB2B56,BootID:706dbc67-f432-47c3-840e-f599801336c8,KernelVersion:3.10.0-862.9.1.el7.x86_64,OSImage:Red Hat Enterprise Linux,ContainerRuntimeVersion:docker://18.3.1,KubeletVersion:v1.11.1+icp-ee,KubeProxyVersion:v1.11.1+icp-ee,OperatingSystem:linux,Architecture:amd64,},Images:[{[lzj.icp:8500/ibmcom/live-crawler@sha256:1a648615e7b439f093697f65350262823e6c711c4b21ea81596ced1c28a48133 lzj.icp:8500/ibmcom/live-crawler:1.3.1] 987515538} {[lzj.icp:8500/ibmcom/hyperkube@sha256:9fbddbf2d04354912c8a981395493d250474cb9fa587fa91119e69467078b180 lzj.icp:8500/ibmcom/hyperkube:v1.11.1-ee] 782626408} {[lzj.icp:8500/ibmcom/icp-logstash@sha256:a182a00827aefe7f5f95b18fa1ec8f6897989290b37f3d98bd6440ddda796433 lzj.icp:8500/ibmcom/icp-logstash:5.5.1] 764906887} {[lzj.icp:8500/ibmcom/icp-kibana@sha256:6e2746da64a64f98c5761b87d5e185a9c2ac75c9c4e767ab284062b1847b7571 lzj.icp:8500/ibmcom/icp-kibana:5.5.1] 639622018} {[lzj.icp:8500/ibmcom/icp-elasticsearch@sha256:b410aacb6005fe24bfd87b045ea26fde3d6eb3ca52c3f0e4560cdc208944ba50 lzj.icp:8500/ibmcom/icp-elasticsearch:5.5.1] 520121248} {[lzj.icp:8500/ibmcom/logging-pki-init@sha256:21aa9cbd05a849b4891b15cf636f73545f6001f16c82f8eeed2e90b4f9312377 lzj.icp:8500/ibmcom/logging-pki-init:2.0.0] 501921135} {[lzj.icp:8500/ibmcom/searchguard-init@sha256:3d0d8a8404a9df5ad238bce1e0542cdda609cc445dfc3964952243d9fc103276 lzj.icp:8500/ibmcom/searchguard-init:2.0.0] 457030441} {[lzj.icp:8500/ibmcom/metering-ui@sha256:d6453f9afecc9b1fc778c195e20bbb39d4ef6262af2f7a9a5ce3cddc259fec99 lzj.icp:8500/ibmcom/metering-ui:3.1.0] 385577105} {[lzj.icp:8500/ibmcom/icp-filebeat@sha256:72669dde64d7ab85bbb9e93428efe548b2693a4eae5168a4705f6e30cd20e584 lzj.icp:8500/ibmcom/icp-filebeat:5.5.1] 317104874} {[lzj.icp:8500/ibmcom/fluentd@sha256:f85a5ffd86438f1a73d04caf6e33ef3474675d9fa0947431f4d0a9602fc981af lzj.icp:8500/ibmcom/fluentd:v1.2.2-icp] 270902701} {[lzj.icp:8500/ibmcom/elasticsearch-plugin-searchguard@sha256:f47116021e3eec7b2fed9f6ed8bd77fd890457e5a1546dda7f863c032d4395b1 lzj.icp:8500/ibmcom/elasticsearch-plugin-searchguard:2.0.0] 267864279} {[lzj.icp:8500/ibmcom/calico-node@sha256:85a23d8030137d49663d3d82844a61998331606de9fc523dfdd0a75be7fb9828 lzj.icp:8500/ibmcom/calico-node:v3.1.3] 248202699} {[lzj.icp:8500/ibmcom/grafana@sha256:5d2739d3ec5c7f6ea66d69caa918b764660b99a3d37cb1f4123f1a9623ce8e38 lzj.icp:8500/ibmcom/grafana:5.2.0] 245297582} {[lzj.icp:8500/ibmcom/indices-cleaner@sha256:31dac3be1246f17dddade06b517c073244ce56d85bc54135fdaf010dbb0bca10 lzj.icp:8500/ibmcom/indices-cleaner:1.0.0] 238131553} {[lzj.icp:8500/ibmcom/curl@sha256:adf92a267e351914d041a56d64ebe80331c45f8e20ab23b7ada67bea78da9996 lzj.icp:8500/ibmcom/curl:4.0.0] 221192597} {[lzj.icp:8500/ibmcom/nvidia-device-plugin@sha256:2d57caa41994d1e0b3d952526a651f8da487e068874d1075f915fa48ad969ba6 lzj.icp:8500/ibmcom/nvidia-device-plugin:1.0] 132413452} {[lzj.icp:8500/ibmcom/metering-data-manager@sha256:97803f4458c6f6ca62076cf6958cb8ab98cf9ffed7cd4977550eeaa6db8ead70 lzj.icp:8500/ibmcom/metering-data-manager:3.1.0] 121942877} {[lzj.icp:8500/ibmcom/prometheus@sha256:91cba3cbf7a61499969a8a5a27347830ed1740b2285de9ac31e231e7ce44deb7 lzj.icp:8500/ibmcom/prometheus:v2.3.1] 118818909} {[lzj.icp:8500/ibmcom/icp-management-ingress@sha256:259a9d288f5ee4f169c618b6d870b5ae38b954a3bf69f3f392523b1aaa9f4001 lzj.icp:8500/ibmcom/icp-management-ingress:2.2.1] 80410712} {[lzj.icp:8500/ibmcom/calico-cni@sha256:b56c2d3e62bd02f15dd5ec335c25ac81bb39d214e904525227640790686855d7 lzj.icp:8500/ibmcom/calico-cni:v3.1.3] 68849270} {[lzj.icp:8500/ibmcom/k8s-prometheus-adapter@sha256:cf7f0c35ff0a0ec9cf743ef87e4c951f74d3fd0b4b97925784cc857565b4d7ba lzj.icp:8500/ibmcom/k8s-prometheus-adapter:v0.2.1.1] 52134773} {[lzj.icp:8500/ibmcom/metrics-server@sha256:973b5dd33165e4856f22a9f48a9b7f5bd2f01399d6479c46212ea92336a9ca40 lzj.icp:8500/ibmcom/metrics-server:v0.2.1.1] 42541759} {[lzj.icp:8500/ibmcom/ibmcloud-image-enforcement@sha256:d29efeb868c054eead02eec72c86f690c4a8c81b95f99f22bbc873644b090e99 lzj.icp:8500/ibmcom/ibmcloud-image-enforcement:0.2.0] 40040099} {[lzj.icp:8500/ibmcom/alertmanager@sha256:f3e7d379040499e05c1377862cc8a74cd5ffed2a175bf62fc18dc07b98d6ab00 lzj.icp:8500/ibmcom/alertmanager:v0.15.0] 36095602} {[lzj.icp:8500/ibmcom/kube-state-metrics@sha256:6a574d2e4a7338abdd3d0b85dd2510cbf046cd09a70505b99513feee42d00559 lzj.icp:8500/ibmcom/kube-state-metrics:v1.3.0] 35646776} {[lzj.icp:8500/ibmcom/node-exporter@sha256:b24db452b1a0bf46abba095162d0fbc89ea40eeabbfe43ae01dab54107ecff0e lzj.icp:8500/ibmcom/node-exporter:v0.16.0] 22915749} {[lzj.icp:8500/ibmcom/configmap-reload@sha256:77a4ede137dd4980fe02c70ad189bf7b89dd1a9e134c0fe4475842fe8948f6a9 lzj.icp:8500/ibmcom/configmap-reload:v0.2.2] 22381476} {[lzj.icp:8500/ibmcom/collectd-exporter@sha256:0ef0cfb0a60f66046851bfafbfa1913814c7a4967e4e7561ce5111186338f6d9 lzj.icp:8500/ibmcom/collectd-exporter:v0.4.0] 13695364} {[lzj.icp:8500/ibmcom/elasticsearch-exporter@sha256:27806a00f45314a1c06af096236004020a98202edbbce81d993aadfaca0c66a0 lzj.icp:8500/ibmcom/elasticsearch-exporter:1.0.2] 9202086} {[lzj.icp:8500/ibmcom/icp-initcontainer@sha256:c1b9397380303cfc23505576a19859c7e26936f80a26bb4fae95ef68e7775de8 lzj.icp:8500/ibmcom/icp-initcontainer:1.0.0] 3965926} {[lzj.icp:8500/ibmcom/pause@sha256:8a18035491d4fbbe481be5eac11819315ec94677ab465608d052d87b3cdcff7f lzj.icp:8500/ibmcom/pause:3.1] 742472}],VolumesInUse:[],VolumesAttached:[],Config:&amp;NodeConfigStatus{Assigned:nil,Active:nil,LastKnownGood:nil,Error:,},},}&#xA;Sep 19 07:53:00.468: INFO: &#xA;Logging kubelet events for node 10.46.6.171&#xA;Sep 19 07:53:00.472: INFO: &#xA;Logging pods the kubelet thinks is on node 10.46.6.171&#xA;Sep 19 07:53:00.500: INFO: vulnerability-advisor-process-ma-crawler-b7k2d started at 2018-09-17 07:19:03 +0000 UTC (0+1 container statuses recorded)&#xA;Sep 19 07:53:00.500: INFO: &#x9;Container process-ma-crawler ready: true, restart count 0&#xA;Sep 19 07:53:00.500: INFO: ibmcloud-image-enforcement-76ddccbf9f-kqmlb started at 2018-09-17 07:14:02 +0000 UTC (0+1 container statuses recorded)&#xA;Sep 19 07:53:00.500: INFO: &#x9;Container ibmcloud-image-enforcement ready: true, restart count 0&#xA;Sep 19 07:53:00.500: INFO: metering-ui-5bbfbb5d49-wkh8m started at 2018-09-17 07:14:12 +0000 UTC (1+1 container statuses recorded)&#xA;Sep 19 07:53:00.500: INFO: &#x9;Init container metering-ui-init ready: true, restart count 0&#xA;Sep 19 07:53:00.500: INFO: &#x9;Container metering-ui ready: true, restart count 0&#xA;Sep 19 07:53:00.500: INFO: logging-elk-master-6cdcf45f7d-gp28f started at 2018-09-17 07:15:21 +0000 UTC (2+1 container statuses recorded)&#xA;Sep 19 07:53:00.500: INFO: &#x9;Init container sysctl ready: true, restart count 0&#xA;Sep 19 07:53:00.500: INFO: &#x9;Init container plugin-bundle ready: true, restart count 0&#xA;Sep 19 07:53:00.500: INFO: &#x9;Container es-master ready: true, restart count 0&#xA;Sep 19 07:53:00.500: INFO: monitoring-grafana-548b947c8c-dh89z started at 2018-09-17 07:15:46 +0000 UTC (1+2 container statuses recorded)&#xA;Sep 19 07:53:00.500: INFO: &#x9;Init container init-container ready: true, restart count 0&#xA;Sep 19 07:53:00.500: INFO: &#x9;Container grafana ready: true, restart count 0&#xA;Sep 19 07:53:00.500: INFO: &#x9;Container router ready: true, restart count 0&#xA;Sep 19 07:53:00.500: INFO: logging-elk-kibana-ff4db4866-s2295 started at 2018-09-17 07:15:21 +0000 UTC (0+2 container statuses recorded)&#xA;Sep 19 07:53:00.500: INFO: &#x9;Container kibana ready: true, restart count 0&#xA;Sep 19 07:53:00.500: INFO: &#x9;Container router ready: true, restart count 0&#xA;Sep 19 07:53:00.500: INFO: monitoring-prometheus-nodeexporter-9fnpb started at 2018-09-17 07:15:44 +0000 UTC (0+2 container statuses recorded)&#xA;Sep 19 07:53:00.500: INFO: &#x9;Container nodeexporter ready: true, restart count 0&#xA;Sep 19 07:53:00.500: INFO: &#x9;Container router ready: true, restart count 0&#xA;Sep 19 07:53:00.500: INFO: monitoring-prometheus-kubestatemetrics-54dcbb6cfb-76zmm started at 2018-09-17 07:15:45 +0000 UTC (0+2 container statuses recorded)&#xA;Sep 19 07:53:00.500: INFO: &#x9;Container kubestatemetrics ready: true, restart count 0&#xA;Sep 19 07:53:00.500: INFO: &#x9;Container router ready: true, restart count 0&#xA;Sep 19 07:53:00.500: INFO: audit-logging-fluentd-ds-bc22k started at 2018-09-17 07:18:46 +0000 UTC (0+1 container statuses recorded)&#xA;Sep 19 07:53:00.500: INFO: &#x9;Container fluentd ready: true, restart count 0&#xA;Sep 19 07:53:00.500: INFO: k8s-proxy-10.46.6.171 started at &lt;nil&gt; (0+0 container statuses recorded)&#xA;Sep 19 07:53:00.500: INFO: metrics-server-6d6695f9db-8t4xs started at 2018-09-17 07:08:51 +0000 UTC (0+1 container statuses recorded)&#xA;Sep 19 07:53:00.500: INFO: &#x9;Container metrics-server ready: true, restart count 0&#xA;Sep 19 07:53:00.500: INFO: metering-dm-8b475fc57-cmm6h started at 2018-09-17 07:14:12 +0000 UTC (1+1 container statuses recorded)&#xA;Sep 19 07:53:00.500: INFO: &#x9;Init container metering-dm-init ready: true, restart count 0&#xA;Sep 19 07:53:00.500: INFO: &#x9;Container metering-dm ready: true, restart count 0&#xA;Sep 19 07:53:00.500: INFO: logging-elk-data-0 started at 2018-09-17 07:15:21 +0000 UTC (3+1 container statuses recorded)&#xA;Sep 19 07:53:00.500: INFO: &#x9;Init container chmod ready: true, restart count 0&#xA;Sep 19 07:53:00.500: INFO: &#x9;Init container sysctl ready: true, restart count 0&#xA;Sep 19 07:53:00.500: INFO: &#x9;Init container plugin-bundle ready: true, restart count 0&#xA;Sep 19 07:53:00.500: INFO: &#x9;Container es-data ready: true, restart count 0&#xA;Sep 19 07:53:00.500: INFO: logging-elk-client-75d4d7994c-7g7fn started at 2018-09-17 07:15:21 +0000 UTC (2+3 container statuses recorded)&#xA;Sep 19 07:53:00.500: INFO: &#x9;Init container sysctl ready: true, restart count 0&#xA;Sep 19 07:53:00.500: INFO: &#x9;Init container plugin-bundle ready: true, restart count 0&#xA;Sep 19 07:53:00.500: INFO: &#x9;Container es-client ready: true, restart count 0&#xA;Sep 19 07:53:00.500: INFO: &#x9;Container indices-cleaner ready: true, restart count 0&#xA;Sep 19 07:53:00.500: INFO: &#x9;Container router ready: true, restart count 0&#xA;Sep 19 07:53:00.500: INFO: monitoring-prometheus-alertmanager-7d8749dbb8-xj68d started at 2018-09-17 07:15:46 +0000 UTC (0+3 container statuses recorded)&#xA;Sep 19 07:53:00.500: INFO: &#x9;Container alertmanager ready: true, restart count 0&#xA;Sep 19 07:53:00.500: INFO: &#x9;Container configmap-reload ready: true, restart count 0&#xA;Sep 19 07:53:00.500: INFO: &#x9;Container router ready: true, restart count 0&#xA;Sep 19 07:53:00.500: INFO: monitoring-prometheus-collectdexporter-77575678dc-v8n2l started at 2018-09-17 07:15:46 +0000 UTC (0+2 container statuses recorded)&#xA;Sep 19 07:53:00.500: INFO: &#x9;Container collectd-exporter ready: true, restart count 0&#xA;Sep 19 07:53:00.500: INFO: &#x9;Container router ready: true, restart count 0&#xA;Sep 19 07:53:00.500: INFO: vulnerability-advisor-live-crawler-xxz8p started at 2018-09-17 07:19:03 +0000 UTC (0+1 container statuses recorded)&#xA;Sep 19 07:53:00.500: INFO: &#x9;Container live-crawler ready: true, restart count 0&#xA;Sep 19 07:53:00.501: INFO: nvidia-device-plugin-vh85n started at 2018-09-17 07:07:17 +0000 UTC (1+1 container statuses recorded)&#xA;Sep 19 07:53:00.501: INFO: &#x9;Init container nvidia-driver-collector ready: true, restart count 0&#xA;Sep 19 07:53:00.501: INFO: &#x9;Container nvidia-device-plugin ready: true, restart count 0&#xA;Sep 19 07:53:00.501: INFO: custom-metrics-adapter-64f64964b4-f9gmc started at 2018-09-17 07:14:28 +0000 UTC (1+1 container statuses recorded)&#xA;Sep 19 07:53:00.501: INFO: &#x9;Init container init-adapter ready: true, restart count 0&#xA;Sep 19 07:53:00.501: INFO: &#x9;Container custom-metrics-adapter ready: true, restart count 0&#xA;Sep 19 07:53:00.501: INFO: logging-elk-elasticsearch-tls-init-6hnl4 started at 2018-09-17 07:15:20 +0000 UTC (0+1 container statuses recorded)&#xA;Sep 19 07:53:00.501: INFO: &#x9;Container searchguard-init ready: false, restart count 0&#xA;Sep 19 07:53:00.501: INFO: logging-elk-filebeat-ds-bs86r started at 2018-09-17 07:15:20 +0000 UTC (0+1 container statuses recorded)&#xA;Sep 19 07:53:00.501: INFO: &#x9;Container filebeat ready: true, restart count 0&#xA;Sep 19 07:53:00.501: INFO: monitoring-prometheus-6677d7c77f-pnpt5 started at 2018-09-17 07:15:46 +0000 UTC (1+4 container statuses recorded)&#xA;Sep 19 07:53:00.501: INFO: &#x9;Init container init-container ready: true, restart count 0&#xA;Sep 19 07:53:00.501: INFO: &#x9;Container configmap-reload-alertrules ready: true, restart count 0&#xA;Sep 19 07:53:00.501: INFO: &#x9;Container configmap-reload-prometheus ready: true, restart count 0&#xA;Sep 19 07:53:00.501: INFO: &#x9;Container prometheus ready: true, restart count 0&#xA;Sep 19 07:53:00.501: INFO: &#x9;Container router ready: true, restart count 0&#xA;Sep 19 07:53:00.501: INFO: calico-node-gpm2c started at 2018-09-17 07:05:53 +0000 UTC (0+2 container statuses recorded)&#xA;Sep 19 07:53:00.501: INFO: &#x9;Container calico-node ready: true, restart count 0&#xA;Sep 19 07:53:00.501: INFO: &#x9;Container install-cni ready: true, restart count 0&#xA;Sep 19 07:53:00.501: INFO: metering-reader-xq8f2 started at 2018-09-17 07:14:11 +0000 UTC (1+1 container statuses recorded)&#xA;Sep 19 07:53:00.501: INFO: &#x9;Init container metering-reader-init ready: true, restart count 1&#xA;Sep 19 07:53:00.501: INFO: &#x9;Container metering-reader ready: true, restart count 0&#xA;Sep 19 07:53:00.501: INFO: logging-elk-logstash-7994656f46-r89mt started at 2018-09-17 07:15:22 +0000 UTC (0+1 container statuses recorded)&#xA;Sep 19 07:53:00.501: INFO: &#x9;Container logstash ready: true, restart count 0&#xA;Sep 19 07:53:00.501: INFO: monitoring-prometheus-elasticsearchexporter-655864cccb-c6tps started at 2018-09-17 07:15:46 +0000 UTC (0+2 container statuses recorded)&#xA;Sep 19 07:53:00.501: INFO: &#x9;Container elasticsearchexporter ready: true, restart count 0&#xA;Sep 19 07:53:00.501: INFO: &#x9;Container router ready: true, restart count 0&#xA;Sep 19 07:53:00.565: INFO: &#xA;Latency metrics for node 10.46.6.171&#xA;Sep 19 07:53:00.565: INFO: &#xA;Logging node info for node 10.46.6.172&#xA;Sep 19 07:53:00.574: INFO: Node Info: &amp;Node{ObjectMeta:k8s_io_apimachinery_pkg_apis_meta_v1.ObjectMeta{Name:10.46.6.172,GenerateName:,Namespace:,SelfLink:/api/v1/nodes/10.46.6.172,UID:0c6032ef-ba48-11e8-b20e-fa163e707b2e,ResourceVersion:460843,Generation:0,CreationTimestamp:2018-09-17 07:05:24 +0000 UTC,DeletionTimestamp:&lt;nil&gt;,DeletionGracePeriodSeconds:nil,Labels:map[string]string{beta.kubernetes.io/arch: amd64,beta.kubernetes.io/os: linux,kubernetes.io/hostname: 10.46.6.172,node-role.kubernetes.io/va: true,va: true,},Annotations:map[string]string{node.alpha.kubernetes.io/ttl: 0,volumes.kubernetes.io/controller-managed-attach-detach: true,},OwnerReferences:[],Finalizers:[],ClusterName:,Initializers:nil,},Spec:NodeSpec{PodCIDR:,DoNotUse_ExternalID:,ProviderID:,Unschedulable:false,Taints:[{dedicated va NoSchedule &lt;nil&gt;}],ConfigSource:nil,},Status:NodeStatus{Capacity:ResourceList{cpu: {{8 0} {&lt;nil&gt;} 8 DecimalSI},ephemeral-storage: {{107362627584 0} {&lt;nil&gt;} 104846316Ki BinarySI},hugepages-1Gi: {{0 0} {&lt;nil&gt;} 0 DecimalSI},hugepages-2Mi: {{0 0} {&lt;nil&gt;} 0 DecimalSI},memory: {{16825622528 0} {&lt;nil&gt;}  BinarySI},pods: {{80 0} {&lt;nil&gt;} 80 DecimalSI},},Allocatable:ResourceList{cpu: {{8 0} {&lt;nil&gt;} 8 DecimalSI},ephemeral-storage: {{107257769984 0} {&lt;nil&gt;} 104743916Ki BinarySI},hugepages-1Gi: {{0 0} {&lt;nil&gt;} 0 DecimalSI},hugepages-2Mi: {{0 0} {&lt;nil&gt;} 0 DecimalSI},memory: {{16720764928 0} {&lt;nil&gt;}  BinarySI},pods: {{80 0} {&lt;nil&gt;} 80 DecimalSI},},Phase:,Conditions:[{OutOfDisk False 2018-09-19 07:52:53 +0000 UTC 2018-09-17 07:05:24 +0000 UTC KubeletHasSufficientDisk kubelet has sufficient disk space available} {MemoryPressure False 2018-09-19 07:52:53 +0000 UTC 2018-09-17 07:05:24 +0000 UTC KubeletHasSufficientMemory kubelet has sufficient memory available} {DiskPressure False 2018-09-19 07:52:53 +0000 UTC 2018-09-17 07:05:24 +0000 UTC KubeletHasNoDiskPressure kubelet has no disk pressure} {PIDPressure False 2018-09-19 07:52:53 +0000 UTC 2018-09-17 07:05:24 +0000 UTC KubeletHasSufficientPID kubelet has sufficient PID available} {Ready True 2018-09-19 07:52:53 +0000 UTC 2018-09-17 07:06:04 +0000 UTC KubeletReady kubelet is posting ready status}],Addresses:[{InternalIP 10.46.6.172} {Hostname 10.46.6.172}],DaemonEndpoints:NodeDaemonEndpoints{KubeletEndpoint:DaemonEndpoint{Port:10250,},},NodeInfo:NodeSystemInfo{MachineID:52ca0d2c3fb341c79b059a96d10571a6,SystemUUID:3D48E3C5-99D8-4CA3-9AB5-A8540613166F,BootID:d81d494e-264a-48ce-a4f2-76b16f6ece1f,KernelVersion:3.10.0-862.9.1.el7.x86_64,OSImage:Red Hat Enterprise Linux,ContainerRuntimeVersion:docker://18.3.1,KubeletVersion:v1.11.1+icp-ee,KubeProxyVersion:v1.11.1+icp-ee,OperatingSystem:linux,Architecture:amd64,},Images:[{[lzj.icp:8500/ibmcom/statsd-amd64@sha256:5ee11bc24bced45a77d9d630348680f319c09d9d3b2230b04518d1e2a5263ae2 lzj.icp:8500/ibmcom/statsd@sha256:af7a9d0c4f029d0247da41f67c7e87f3655175962b79a189a6a9ace0ff841049 lzj.icp:8500/ibmcom/statsd-amd64:0.7.2.1 lzj.icp:8500/ibmcom/statsd:0.7.2.1] 1234731808} {[lzj.icp:8500/ibmcom/kafka-amd64@sha256:0d6d348ccd7aa2854d60791331280e58db92029a522c8bfb3eb40c7c0913ca8f lzj.icp:8500/ibmcom/kafka@sha256:f0b4a833c3da439cadb783bb9cb578f96b1328557b8402a98f01c5c21497d93a lzj.icp:8500/ibmcom/kafka-amd64:0.10.0.2 lzj.icp:8500/ibmcom/kafka:0.10.0.2] 1114805679} {[lzj.icp:8500/ibmcom/iam-token-service-amd64@sha256:9211161e5b5b9d892a99b46fad4429333ceb7143b4039419df7ea0efa36381a9 lzj.icp:8500/ibmcom/iam-token-service@sha256:1b9308e68de93b43e9a85c0e005d80d423e88db7d88ee7114a80b2fade7a78ed lzj.icp:8500/ibmcom/iam-token-service-amd64:3.1.0 lzj.icp:8500/ibmcom/iam-token-service:3.1.0] 1051060152} {[lzj.icp:8500/ibmcom/icp-platform-auth-amd64@sha256:abc258009b8696a83214b7a9d9df63f6d83e19cfca2987c4836b0eadfa4c99c7 lzj.icp:8500/ibmcom/icp-platform-auth@sha256:c544b90a099b6c29ba4ee7f2ad4dded1277c948a0826b38ebe3250cdc7d1529c lzj.icp:8500/ibmcom/icp-platform-auth-amd64:3.1.0 lzj.icp:8500/ibmcom/icp-platform-auth:3.1.0] 1028283742} {[lzj.icp:8500/ibmcom/reg-crawler-amd64@sha256:9e5d4ebbac3dd6cbf9f892b5bd634f89fae3d4b2e6a23debd3ecd322e3eb817e lzj.icp:8500/ibmcom/reg-crawler@sha256:a9033d9cb2406d11c616fdfedc9bc56bc4ef970bd0a7b02899b3e5c1b353799b lzj.icp:8500/ibmcom/reg-crawler-amd64:1.3.1 lzj.icp:8500/ibmcom/reg-crawler:1.3.1] 1007817363} {[lzj.icp:8500/ibmcom/live-crawler-amd64@sha256:37a79ec87bd3c8b9af25cf1e25f4f14281ffb9f5ebeaf61c0b7c8a5799baf782 lzj.icp:8500/ibmcom/live-crawler@sha256:1a648615e7b439f093697f65350262823e6c711c4b21ea81596ced1c28a48133 lzj.icp:8500/ibmcom/live-crawler-amd64:1.3.1 lzj.icp:8500/ibmcom/live-crawler:1.3.1] 987515538} {[lzj.icp:8500/ibmcom/cos-indexer-amd64@sha256:adf28ff960ebdcbfcfa5e4522b81aa3565338f8d640dad611a1c3f0d3894393b lzj.icp:8500/ibmcom/cos-indexer@sha256:bb31dc8ef37e8482b2b9dedc0e54f46f7d3c678b22a3130eca9dde80fed65df1 lzj.icp:8500/ibmcom/cos-indexer-amd64:1.3.1 lzj.icp:8500/ibmcom/cos-indexer:1.3.1] 846578165} {[lzj.icp:8500/ibmcom/secure-config-annotator-amd64@sha256:26e845c6a252e0c5ae73e764645993b3270e289d1a2e9784b06ddd7898ca45d9 lzj.icp:8500/ibmcom/secure-config-annotator@sha256:cfaadd13c4ef4bdc937d296faff78e98473be8c9c6ae6b4a38927c952948914f lzj.icp:8500/ibmcom/secure-config-annotator-amd64:1.3.1 lzj.icp:8500/ibmcom/secure-config-annotator:1.3.1] 835555196} {[lzj.icp:8500/ibmcom/hyperkube-amd64@sha256:9eaadf7c2a417ee2a9a219e2eadf21884742199a484be2ca737f0e8a178d490a lzj.icp:8500/ibmcom/hyperkube@sha256:9fbddbf2d04354912c8a981395493d250474cb9fa587fa91119e69467078b180 lzj.icp:8500/ibmcom/hyperkube-amd64:v1.11.1-ee lzj.icp:8500/ibmcom/hyperkube:v1.11.1-ee] 782626408} {[lzj.icp:8500/ibmcom/compliance-annotator-amd64@sha256:5d8bbbef3a7dc54ba9addb256d2aa8a3f7d5c27a454ff4b7ee583b217dac2ce4 lzj.icp:8500/ibmcom/compliance-annotator@sha256:be00ccb777b1e90601cc563112e32ae831b0fb7d4933f1aa3c49379cabe41c3f lzj.icp:8500/ibmcom/compliance-annotator-amd64:1.3.1 lzj.icp:8500/ibmcom/compliance-annotator:1.3.1] 773932738} {[lzj.icp:8500/ibmcom/icp-logstash-amd64@sha256:02a683ee6ad9eeed7ea8ebb1de713aaf902a9e20a39ccc0294ee1f947f1bbd73 lzj.icp:8500/ibmcom/icp-logstash@sha256:a182a00827aefe7f5f95b18fa1ec8f6897989290b37f3d98bd6440ddda796433 lzj.icp:8500/ibmcom/icp-logstash-amd64:5.5.1 lzj.icp:8500/ibmcom/icp-logstash:5.5.1] 764906887} {[lzj.icp:8500/ibmcom/process-ma-hf-amd64@sha256:ef0d164350d07600f8037082db7d98cf81b9c554d8a60692ae90b8d0239a8cdc lzj.icp:8500/ibmcom/process-ma-hf@sha256:114b48d67e46f6ad3624dfa99baab8f9c62fb5ba88d210d0f42e106eda4e0ee8 lzj.icp:8500/ibmcom/process-ma-hf-amd64:1.3.1 lzj.icp:8500/ibmcom/process-ma-hf:1.3.1] 758635128} {[lzj.icp:8500/ibmcom/vulnerability-annotator-amd64@sha256:febedf85b65e0d1800e67249274d474d4ce67e8041e81487f76bce727cb39bd4 lzj.icp:8500/ibmcom/vulnerability-annotator@sha256:2ca368468e5d1c7ed82b3947b8d8904da34969bd72e67b382bfd0579fe3f148d lzj.icp:8500/ibmcom/vulnerability-annotator-amd64:1.3.1 lzj.icp:8500/ibmcom/vulnerability-annotator:1.3.1] 757013017} {[lzj.icp:8500/ibmcom/py-generic-indexer-amd64@sha256:45cb17e23e15f4dfe44471309af12f0655aad5f8e859c718f393290f220b02b2 lzj.icp:8500/ibmcom/py-generic-indexer@sha256:63a28bc72b6588e508ad23b569a228d6219e2d6fdddb2b1b073e1d2c70ec7641 lzj.icp:8500/ibmcom/py-generic-indexer-amd64:1.3.1 lzj.icp:8500/ibmcom/py-generic-indexer:1.3.1] 755588945} {[lzj.icp:8500/ibmcom/icp-inception-amd64@sha256:1dad180d14ae732d17ca5cf41b87dbb316c072323f186d60a08a753f904eb5b2 lzj.icp:8500/ibmcom/icp-inception@sha256:d395315f0fde94a5cacd9945cd7932b4eda45fe404a6b9d55a8ec8ebeed2a0a8 lzj.icp:8500/ibmcom/icp-inception-amd64:3.1.0-ee lzj.icp:8500/ibmcom/icp-inception:3.1.0-ee] 744155119} {[lzj.icp:8500/ibmcom/config-parser-amd64@sha256:7d721e0b5a827921ac16fa9e7570db225211e6dd700cdeaba1d28ba02ff8ef6d lzj.icp:8500/ibmcom/config-parser@sha256:2b7d6f1ea57d6e4d9caaca5d0e2bb35d2e6db316e2f18ef9a51b5bfa48119f69 lzj.icp:8500/ibmcom/config-parser-amd64:1.3.1 lzj.icp:8500/ibmcom/config-parser:1.3.1] 739243486} {[lzj.icp:8500/ibmcom/iam-policy-administration-amd64@sha256:e1941aa09a5b692505cb3be3e497d3ff9acb900786b9a2c8c4c00d0243b37dd0 lzj.icp:8500/ibmcom/iam-policy-administration@sha256:ab0d5c50f5e5fc9a537e97183ed694e34d57fa00121bc08bedb261b80e29b9a4 lzj.icp:8500/ibmcom/iam-policy-administration-amd64:3.1.0 lzj.icp:8500/ibmcom/iam-policy-administration:3.1.0] 711947327} {[lzj.icp:8500/ibmcom/password-annotator-amd64@sha256:bca1b6b222d8ea8ade174a8cc1a549f161d75d3e9d69881f08a1fb316a8e27d3 lzj.icp:8500/ibmcom/password-annotator@sha256:5c7e8db45db52a6bca7d76ae8c2ff74eb43644f7959d66ddc67454bcbca765ec lzj.icp:8500/ibmcom/password-annotator-amd64:1.3.1 lzj.icp:8500/ibmcom/password-annotator:1.3.1] 707627907} {[lzj.icp:8500/ibmcom/notification-dispatcher-amd64@sha256:ec8dfbc351a0d758488f9f8bfa17c3182a5c02819a6ebf7144ab914a2233cf57 lzj.icp:8500/ibmcom/notification-dispatcher@sha256:6d7e6b836f0cfeb5fb18cd29fdd8315fb44013f8d21830b9c5ab60b605c5e3c5 lzj.icp:8500/ibmcom/notification-dispatcher-amd64:1.3.1 lzj.icp:8500/ibmcom/notification-dispatcher:1.3.1] 707588442} {[lzj.icp:8500/ibmcom/sas-base-amd64@sha256:9651b1149c62d5a0968aaeffe71f2da68cd7e07ff8d7ea67538278c00ab08457 lzj.icp:8500/ibmcom/sas-base@sha256:56bb0790e5f06276b7435c731687f733901fedc80af299dc8a8eaf72d7365560 lzj.icp:8500/ibmcom/sas-base-amd64:1.3.1 lzj.icp:8500/ibmcom/sas-base:1.3.1] 653746081} {[lzj.icp:8500/ibmcom/ma-file-annotator-amd64@sha256:8caa6280fd845fd524ad874a6b243510ebf085d58c989229020fcfc743492632 lzj.icp:8500/ibmcom/ma-file-annotator@sha256:cd8dc2a26e2a84bf7d8ba982c6a21c034239de5e2dc12767d3f60985e495d957 lzj.icp:8500/ibmcom/ma-file-annotator-amd64:1.3.1 lzj.icp:8500/ibmcom/ma-file-annotator:1.3.1] 653745236} {[lzj.icp:8500/ibmcom/icp-kibana-amd64@sha256:8b69887ac5297e1d2e68b9c2ce885b9a888f6c278ca1538acb0f03206b48502a lzj.icp:8500/ibmcom/icp-kibana@sha256:6e2746da64a64f98c5761b87d5e185a9c2ac75c9c4e767ab284062b1847b7571 lzj.icp:8500/ibmcom/icp-kibana-amd64:5.5.1 lzj.icp:8500/ibmcom/icp-kibana:5.5.1] 639622018} {[lzj.icp:8500/ibmcom/icp-platform-api-amd64@sha256:1fc47925c2611aef12631b3f3806308f55a298074aebc561fd04cf8a7691c669 lzj.icp:8500/ibmcom/icp-platform-api@sha256:6b5585999f45fa6dc7a6a1d8bcb4d544c96a3e1fd3bd9f133ebed2e356985a0e lzj.icp:8500/ibmcom/icp-platform-api-amd64:3.1.0 lzj.icp:8500/ibmcom/icp-platform-api:3.1.0] 612589125} {[lzj.icp:8500/ibmcom/iam-policy-decision-amd64@sha256:d49eb3845c57bb8370a477949d92da10a178b81ade50f0e9d970981fadd6686d lzj.icp:8500/ibmcom/iam-policy-decision@sha256:ecd9f36e17e57c6be41e744abc17baacddd28178485d29cb112ffc5e558d2c09 lzj.icp:8500/ibmcom/iam-policy-decision-amd64:3.1.0 lzj.icp:8500/ibmcom/iam-policy-decision:3.1.0] 559718344} {[lzj.icp:8500/ibmcom/rootkit-annotator-amd64@sha256:caf6c24136b8785d901f346a640d673b55fe105c3617cfcb432ee2006f5b1cf4 lzj.icp:8500/ibmcom/rootkit-annotator@sha256:9aabe418ab5c5b3ce86dcfad5dc63a14124bf56227a7decb6656382f2cf9606e lzj.icp:8500/ibmcom/rootkit-annotator-amd64:1.3.1 lzj.icp:8500/ibmcom/rootkit-annotator:1.3.1] 549434506} {[lzj.icp:8500/ibmcom/icp-elasticsearch-amd64@sha256:0063a7a931ca4e52d8f7a51f2bdb010345f4373b5b904b52e5c8a48ec0c1fde7 lzj.icp:8500/ibmcom/icp-elasticsearch@sha256:b410aacb6005fe24bfd87b045ea26fde3d6eb3ca52c3f0e4560cdc208944ba50 lzj.icp:8500/ibmcom/icp-elasticsearch-amd64:5.5.1 lzj.icp:8500/ibmcom/icp-elasticsearch:5.5.1] 520121248} {[lzj.icp:8500/ibmcom/logging-pki-init-amd64@sha256:cc4bfa085e1ae99120ee526acd3e62d205e10de6f1c773c521fc5b933914f6a8 lzj.icp:8500/ibmcom/logging-pki-init@sha256:21aa9cbd05a849b4891b15cf636f73545f6001f16c82f8eeed2e90b4f9312377 lzj.icp:8500/ibmcom/logging-pki-init-amd64:2.0.0 lzj.icp:8500/ibmcom/logging-pki-init:2.0.0] 501921135} {[lzj.icp:8500/ibmcom/searchguard-init-amd64@sha256:d19ce1d27f406945d4ed78b0f07007998c2ab3889086e502924847c2186db546 lzj.icp:8500/ibmcom/searchguard-init@sha256:3d0d8a8404a9df5ad238bce1e0542cdda609cc445dfc3964952243d9fc103276 lzj.icp:8500/ibmcom/searchguard-init-amd64:2.0.0 lzj.icp:8500/ibmcom/searchguard-init:2.0.0] 457030441} {[lzj.icp:8500/ibmcom/metering-ui-amd64@sha256:3628a8fe41183c08ea0b02e2e798e3649e4aebe2c2405c34572b9eb7c7c4d9a8 lzj.icp:8500/ibmcom/metering-ui@sha256:d6453f9afecc9b1fc778c195e20bbb39d4ef6262af2f7a9a5ce3cddc259fec99 lzj.icp:8500/ibmcom/metering-ui-amd64:3.1.0 lzj.icp:8500/ibmcom/metering-ui:3.1.0] 385577105} {[lzj.icp:8500/ibmcom/heketi-amd64@sha256:c5b579a4f219c87990f861eb61de86cb9cfb51b6d230b8c299df7d9fd3d02d0e lzj.icp:8500/ibmcom/heketi@sha256:eb6875247a56829a20d0949f034b08a0e682201ab1d88d3cba71972932c254f5 lzj.icp:8500/ibmcom/heketi-amd64:v7.0.0 lzj.icp:8500/ibmcom/heketi:v7.0.0] 384720377} {[lzj.icp:8500/ibmcom/icp-mongodb-amd64@sha256:a305ae8bc309898d86bf60aee968846db3602f77b25924640d5f08a2389ee99d lzj.icp:8500/ibmcom/icp-mongodb@sha256:fe8b55caf7bb855fd4e244450af5195f2243b766c6934d464128bf982b29b345 lzj.icp:8500/ibmcom/icp-mongodb-amd64:3.1.0 lzj.icp:8500/ibmcom/icp-mongodb:3.1.0] 379353410} {[lzj.icp:8500/ibmcom/icp-catalog-ui-amd64@sha256:33993b4eab189e3c78fe27799017da770d47523cf6831460741008bf91297d6d lzj.icp:8500/ibmcom/icp-catalog-ui@sha256:049f3c4946a0ad2c10507e5e42a464448e858fb3ae606cfd84825d340adb1125 lzj.icp:8500/ibmcom/icp-catalog-ui-amd64:3.1.0 lzj.icp:8500/ibmcom/icp-catalog-ui:3.1.0] 363781304} {[lzj.icp:8500/ibmcom/nginx-ingress-controller-amd64@sha256:63b48dd3ba635aa65409f7d6a319e293697810c1b9e885e6255bebf36a2506ab lzj.icp:8500/ibmcom/nginx-ingress-controller@sha256:f68b2ce26292e02ef3dbc6cfae17cec3d54b9afee9bf5298bf95d005c0783143 lzj.icp:8500/ibmcom/nginx-ingress-controller-amd64:0.16.2 lzj.icp:8500/ibmcom/nginx-ingress-controller:0.16.2] 361632894} {[lzj.icp:8500/ibmcom/mariadb-amd64@sha256:1f9876179c32fcf463804f75cbf2fb031106edf2be9d5dbf6705375ca53930bb lzj.icp:8500/ibmcom/mariadb@sha256:2272622e7f6786220d7ee2b482a3050bd34c3e1ecdc99af6175a146610222763 lzj.icp:8500/ibmcom/mariadb-amd64:10.2.17 lzj.icp:8500/ibmcom/mariadb:10.2.17] 358991946} {[lzj.icp:8500/ibmcom/k8szk-amd64@sha256:a9ee22a4df14654552a02303e4560623244683692fd298dd2fb71e9dd66219f3 lzj.icp:8500/ibmcom/k8szk@sha256:20cfeb163fb828c3c3a7c0baf2883e90c72c8d97d20116253903e82aa2be801f lzj.icp:8500/ibmcom/k8szk-amd64:v3 lzj.icp:8500/ibmcom/k8szk:v3] 331472973} {[lzj.icp:8500/ibmcom/gluster-amd64@sha256:647caedb536eb7b8c5c8b0a2b69e52d2a34be9e6c9c7b9c1b21d14fcfa261886 lzj.icp:8500/ibmcom/gluster@sha256:eeabf9b160370078d12a4c2b84f1a9772fe10c64446f0c2251eb53b8b5277baa lzj.icp:8500/ibmcom/gluster-amd64:v4.0.2 lzj.icp:8500/ibmcom/gluster:v4.0.2] 324265531} {[lzj.icp:8500/ibmcom/istio-grafana-amd64@sha256:381a2dd3a5addbc5d43920bc19bb15ba6dbd422e4a9d91163108e72c5a63234c lzj.icp:8500/ibmcom/istio-grafana@sha256:f4fdaf4a51b946f6d4fb9aa82cdbfef53c8e0b7b2223078f9d7f62bb28d3259b lzj.icp:8500/ibmcom/istio-grafana-amd64:1.0.0.1 lzj.icp:8500/ibmcom/istio-grafana:1.0.0.1] 324187770} {[lzj.icp:8500/ibmcom/icp-filebeat-amd64@sha256:03af9b78dad6c2ba857975d10c81e781460796dff1ff1163ea4596f4aa10601d lzj.icp:8500/ibmcom/icp-filebeat@sha256:72669dde64d7ab85bbb9e93428efe548b2693a4eae5168a4705f6e30cd20e584 lzj.icp:8500/ibmcom/icp-filebeat-amd64:5.5.1 lzj.icp:8500/ibmcom/icp-filebeat:5.5.1] 317104874} {[lzj.icp:8500/ibmcom/istio-proxyv2-amd64@sha256:cd77e75fa85ce74914e1b7b0bef980ece8a62ef0d776c9ef51a0d7d30b4b64a0 lzj.icp:8500/ibmcom/istio-proxyv2@sha256:9c94d736c8cbb41e2c5b0b672530eee0df6cbb628d57f4ddaec9f4ff4f49ce35 lzj.icp:8500/ibmcom/istio-proxyv2-amd64:1.0.0.1 lzj.icp:8500/ibmcom/istio-proxyv2:1.0.0.1] 311276139} {[lzj.icp:8500/ibmcom/istio-pilot-amd64@sha256:63352073a964037fd37f6150228231d2e5eca7e0c2920405d6269326d3c54263 lzj.icp:8500/ibmcom/istio-pilot@sha256:ad129a4be7b6d1536c384efd03fb570b973b9c77a56a48e6b9cfe192a76c111e lzj.icp:8500/ibmcom/istio-pilot-amd64:1.0.0.1 lzj.icp:8500/ibmcom/istio-pilot:1.0.0.1] 309502004} {[lzj.icp:8500/ibmcom/fluentd-amd64@sha256:384a99b8d941c93f96ee5b5cbae5b70500219a3f71c73cf4eddd20d9d693e3b3 lzj.icp:8500/ibmcom/fluentd@sha256:f85a5ffd86438f1a73d04caf6e33ef3474675d9fa0947431f4d0a9602fc981af lzj.icp:8500/ibmcom/fluentd-amd64:v1.2.2-icp lzj.icp:8500/ibmcom/fluentd:v1.2.2-icp] 270902701} {[lzj.icp:8500/ibmcom/icp-identity-manager-amd64@sha256:632f31acd0fcfc3d0cebea31cfb71018f6712bd1a1b4da7476942b3c23aa3521 lzj.icp:8500/ibmcom/icp-identity-manager@sha256:993462e02a42c15b03722d935809476c8e10e6e0b3a2669eb528081e92a49859 lzj.icp:8500/ibmcom/icp-identity-manager-amd64:3.1.0 lzj.icp:8500/ibmcom/icp-identity-manager:3.1.0] 268667523} {[lzj.icp:8500/ibmcom/elasticsearch-plugin-searchguard-amd64@sha256:28f88d06bbbc073162702064c1be4ad06272e9021cbc0f929ba8c6da2ca25ae6 lzj.icp:8500/ibmcom/elasticsearch-plugin-searchguard@sha256:f47116021e3eec7b2fed9f6ed8bd77fd890457e5a1546dda7f863c032d4395b1 lzj.icp:8500/ibmcom/elasticsearch-plugin-searchguard-amd64:2.0.0 lzj.icp:8500/ibmcom/elasticsearch-plugin-searchguard:2.0.0] 267864279} {[lzj.icp:8500/ibmcom/kiali-amd64@sha256:bec63b454cf2e597c61f6a9943144050e5e6fc7a4f6474bc3bb6b627ba20c71c lzj.icp:8500/ibmcom/kiali@sha256:71a50e9885495157454657bc93842a7310e96e822a4117ad751ad81af83fde5e lzj.icp:8500/ibmcom/kiali-amd64:istio-release-1.0.0.1 lzj.icp:8500/ibmcom/kiali:istio-release-1.0.0.1] 265771300} {[lzj.icp:8500/ibmcom/calico-node-amd64@sha256:9871f4dde9eab9fd804b12f3114da36505ff5c220e2323b7434eec24e3b23ac5 lzj.icp:8500/ibmcom/calico-node@sha256:85a23d8030137d49663d3d82844a61998331606de9fc523dfdd0a75be7fb9828 lzj.icp:8500/ibmcom/calico-node-amd64:v3.1.3 lzj.icp:8500/ibmcom/calico-node:v3.1.3] 248202699} {[lzj.icp:8500/ibmcom/grafana-amd64@sha256:dc3566257a0c716caedfb33127d8ee385290c1dda006bebfb75c376d56b30c88 lzj.icp:8500/ibmcom/grafana@sha256:5d2739d3ec5c7f6ea66d69caa918b764660b99a3d37cb1f4123f1a9623ce8e38 lzj.icp:8500/ibmcom/grafana-amd64:5.2.0 lzj.icp:8500/ibmcom/grafana:5.2.0] 245297582} {[lzj.icp:8500/ibmcom/indices-cleaner-amd64@sha256:e6c6453d54012488e9ebfaa9e4d829f567d8e66b24c1613e6d88ca192ed5e85b lzj.icp:8500/ibmcom/indices-cleaner@sha256:31dac3be1246f17dddade06b517c073244ce56d85bc54135fdaf010dbb0bca10 lzj.icp:8500/ibmcom/indices-cleaner-amd64:1.0.0 lzj.icp:8500/ibmcom/indices-cleaner:1.0.0] 238131553} {[lzj.icp:8500/ibmcom/icp-identity-provider-amd64@sha256:24dba8b07c8295eef99abbf8d83041908516e4e50e4e4cfbbbcd53bdf415dda1 lzj.icp:8500/ibmcom/icp-identity-provider@sha256:b5bf63419b53ba550cad7a1b835d0d0eaae1fde8851c7936f8deb603fef673a6 lzj.icp:8500/ibmcom/icp-identity-provider-amd64:3.1.0 lzj.icp:8500/ibmcom/icp-identity-provider:3.1.0] 224286517} {[lzj.icp:8500/ibmcom/curl-amd64@sha256:aad05b4e4529f7e70516d8d3028cae6cd1d50de738ce164f2a532ce2470ac43f lzj.icp:8500/ibmcom/curl@sha256:adf92a267e351914d041a56d64ebe80331c45f8e20ab23b7ada67bea78da9996 lzj.icp:8500/ibmcom/curl-amd64:4.0.0 lzj.icp:8500/ibmcom/curl:4.0.0] 221192597} {[lzj.icp:8500/ibmcom/icp-audit-service-amd64@sha256:9add202c06a43da647380c860d9139fa059701fe103c1f229281215bf99dbbd3 lzj.icp:8500/ibmcom/icp-audit-service@sha256:7c3d710c31f6f5ae0227edc1599bdf64bc82e4fcd2b3aa8f197148240d2ab01c lzj.icp:8500/ibmcom/icp-audit-service-amd64:3.1.0 lzj.icp:8500/ibmcom/icp-audit-service:3.1.0] 215897363}],VolumesInUse:[],VolumesAttached:[],Config:&amp;NodeConfigStatus{Assigned:nil,Active:nil,LastKnownGood:nil,Error:,},},}&#xA;Sep 19 07:53:00.574: INFO: &#xA;Logging kubelet events for node 10.46.6.172&#xA;Sep 19 07:53:00.578: INFO: &#xA;Logging pods the kubelet thinks is on node 10.46.6.172&#xA;Sep 19 07:53:00.609: INFO: vulnerability-advisor-compliance-indexer-7cbdc64b57-47lmd started at 2018-09-17 07:19:07 +0000 UTC (0+1 container statuses recorded)&#xA;Sep 19 07:53:00.609: INFO: &#x9;Container py-compliance-indexer ready: true, restart count 0&#xA;Sep 19 07:53:00.609: INFO: vulnerability-advisor-minio-cleaner-1537228740-55f4w started at 2018-09-17 23:59:03 +0000 UTC (0+1 container statuses recorded)&#xA;Sep 19 07:53:00.609: INFO: &#x9;Container cleaner ready: false, restart count 0&#xA;Sep 19 07:53:00.609: INFO: audit-logging-fluentd-ds-8bh4t started at 2018-09-17 07:18:46 +0000 UTC (0+1 container statuses recorded)&#xA;Sep 19 07:53:00.609: INFO: &#x9;Container fluentd ready: true, restart count 0&#xA;Sep 19 07:53:00.609: INFO: vulnerability-advisor-live-crawler-84st2 started at 2018-09-17 07:19:03 +0000 UTC (0+1 container statuses recorded)&#xA;Sep 19 07:53:00.609: INFO: &#x9;Container live-crawler ready: true, restart count 0&#xA;Sep 19 07:53:00.609: INFO: vulnerability-advisor-process-ma-annotator-58f47d5b5f-xbxrc started at 2018-09-17 07:19:06 +0000 UTC (0+2 container statuses recorded)&#xA;Sep 19 07:53:00.609: INFO: &#x9;Container icp-audit-service ready: true, restart count 0&#xA;Sep 19 07:53:00.609: INFO: &#x9;Container process-ma-annotator ready: true, restart count 2&#xA;Sep 19 07:53:00.609: INFO: vulnerability-advisor-notification-dispatcher-86f8bf4b4d-cfdzb started at 2018-09-17 07:19:04 +0000 UTC (0+1 container statuses recorded)&#xA;Sep 19 07:53:00.609: INFO: &#x9;Container notification-dispatcher ready: true, restart count 3&#xA;Sep 19 07:53:00.609: INFO: vulnerability-advisor-process-ma-annotator-init-869545d547nn27w started at 2018-09-17 07:19:06 +0000 UTC (0+1 container statuses recorded)&#xA;Sep 19 07:53:00.609: INFO: &#x9;Container process-ma-annotator ready: true, restart count 0&#xA;Sep 19 07:53:00.609: INFO: vulnerability-advisor-process-ma-annotator-58f47d5b5f-4wglg started at 2018-09-17 07:19:06 +0000 UTC (0+2 container statuses recorded)&#xA;Sep 19 07:53:00.609: INFO: &#x9;Container icp-audit-service ready: true, restart count 0&#xA;Sep 19 07:53:00.609: INFO: &#x9;Container process-ma-annotator ready: true, restart count 1&#xA;Sep 19 07:53:00.609: INFO: vulnerability-advisor-rootkit-indexer-cd8b4646b-xlhwq started at 2018-09-17 07:19:07 +0000 UTC (0+1 container statuses recorded)&#xA;Sep 19 07:53:00.609: INFO: &#x9;Container py-rootkit-indexer ready: true, restart count 0&#xA;Sep 19 07:53:00.609: INFO: vulnerability-advisor-secconfig-indexer-674647df7c-qq5ff started at 2018-09-17 07:19:07 +0000 UTC (0+1 container statuses recorded)&#xA;Sep 19 07:53:00.609: INFO: &#x9;Container py-secconfig-indexer ready: true, restart count 0&#xA;Sep 19 07:53:00.609: INFO: k8s-proxy-10.46.6.172 started at &lt;nil&gt; (0+0 container statuses recorded)&#xA;Sep 19 07:53:00.609: INFO: vulnerability-advisor-process-ma-crawler-24z6k started at 2018-09-17 07:19:03 +0000 UTC (0+1 container statuses recorded)&#xA;Sep 19 07:53:00.609: INFO: &#x9;Container process-ma-crawler ready: true, restart count 0&#xA;Sep 19 07:53:00.609: INFO: vulnerability-advisor-config-parser-5d44b78fd5-z4k9t started at 2018-09-17 07:19:04 +0000 UTC (0+1 container statuses recorded)&#xA;Sep 19 07:53:00.609: INFO: &#x9;Container config-parser ready: true, restart count 4&#xA;Sep 19 07:53:00.609: INFO: vulnerability-advisor-registry-crawler-6f9568677b-bfpm6 started at 2018-09-17 07:19:08 +0000 UTC (0+1 container statuses recorded)&#xA;Sep 19 07:53:00.609: INFO: &#x9;Container reg-crawler ready: true, restart count 0&#xA;Sep 19 07:53:00.609: INFO: vulnerability-advisor-minio-cleaner-1537315140-nqk7v started at 2018-09-18 23:59:04 +0000 UTC (0+1 container statuses recorded)&#xA;Sep 19 07:53:00.609: INFO: &#x9;Container cleaner ready: false, restart count 0&#xA;Sep 19 07:53:00.609: INFO: vulnerability-advisor-ma-file-annotator-6b95df8886-jtczz started at 2018-09-17 07:19:04 +0000 UTC (0+2 container statuses recorded)&#xA;Sep 19 07:53:00.609: INFO: &#x9;Container icp-audit-service ready: true, restart count 0&#xA;Sep 19 07:53:00.609: INFO: &#x9;Container vulnerability-advisor-ma-file-annotator ready: true, restart count 1&#xA;Sep 19 07:53:00.609: INFO: vulnerability-advisor-sas-apiserver-5fd8d44bc9-7bvkn started at 2018-09-17 07:19:09 +0000 UTC (0+3 container statuses recorded)&#xA;Sep 19 07:53:00.609: INFO: &#x9;Container icp-audit-service ready: true, restart count 0&#xA;Sep 19 07:53:00.609: INFO: &#x9;Container sas-api-server ready: true, restart count 0&#xA;Sep 19 07:53:00.609: INFO: &#x9;Container sas-proxy-server ready: true, restart count 0&#xA;Sep 19 07:53:00.609: INFO: vulnerability-advisor-zookeeper-0 started at 2018-09-17 07:19:15 +0000 UTC (0+1 container statuses recorded)&#xA;Sep 19 07:53:00.609: INFO: &#x9;Container zookeeper-server ready: true, restart count 0&#xA;Sep 19 07:53:00.609: INFO: vulnerability-advisor-compliance-annotator-d5659b9d9-kmn8q started at 2018-09-17 07:19:03 +0000 UTC (0+1 container statuses recorded)&#xA;Sep 19 07:53:00.609: INFO: &#x9;Container compliance-annotator ready: true, restart count 4&#xA;Sep 19 07:53:00.609: INFO: vulnerability-advisor-rootkit-annotator-74cb65b5cf-2dk5j started at 2018-09-17 07:19:08 +0000 UTC (0+1 container statuses recorded)&#xA;Sep 19 07:53:00.609: INFO: &#x9;Container rootkit-annotator ready: true, restart count 3&#xA;Sep 19 07:53:00.609: INFO: vulnerability-advisor-sas-mgmt-64fb95bc44-j9vjc started at 2018-09-17 07:19:08 +0000 UTC (0+1 container statuses recorded)&#xA;Sep 19 07:53:00.609: INFO: &#x9;Container sas-mgmt-server ready: true, restart count 0&#xA;Sep 19 07:53:00.609: INFO: monitoring-prometheus-nodeexporter-v4l7d started at 2018-09-17 07:15:44 +0000 UTC (0+2 container statuses recorded)&#xA;Sep 19 07:53:00.609: INFO: &#x9;Container nodeexporter ready: true, restart count 0&#xA;Sep 19 07:53:00.609: INFO: &#x9;Container router ready: true, restart count 0&#xA;Sep 19 07:53:00.609: INFO: vulnerability-advisor-vulnerability-indexer-7c79b4c964-2n8cg started at 2018-09-17 07:19:07 +0000 UTC (0+1 container statuses recorded)&#xA;Sep 19 07:53:00.609: INFO: &#x9;Container py-vulnerability-indexer ready: true, restart count 0&#xA;Sep 19 07:53:00.609: INFO: vulnerability-advisor-secconfig-annotator-7dbcf5d9f4-fkmkb started at 2018-09-17 07:19:10 +0000 UTC (0+1 container statuses recorded)&#xA;Sep 19 07:53:00.609: INFO: &#x9;Container secconfig-annotator ready: true, restart count 0&#xA;Sep 19 07:53:00.609: INFO: vulnerability-advisor-statsd-7746859df4-jjm6f started at 2018-09-17 07:19:10 +0000 UTC (0+1 container statuses recorded)&#xA;Sep 19 07:53:00.609: INFO: &#x9;Container statsd ready: true, restart count 0&#xA;Sep 19 07:53:00.609: INFO: vulnerability-advisor-usncrawler-8h976 started at 2018-09-17 07:19:11 +0000 UTC (0+1 container statuses recorded)&#xA;Sep 19 07:53:00.609: INFO: &#x9;Container usnloader-job ready: false, restart count 0&#xA;Sep 19 07:53:00.609: INFO: calico-node-wsknj started at 2018-09-17 07:05:53 +0000 UTC (0+2 container statuses recorded)&#xA;Sep 19 07:53:00.609: INFO: &#x9;Container calico-node ready: true, restart count 0&#xA;Sep 19 07:53:00.609: INFO: &#x9;Container install-cni ready: true, restart count 0&#xA;Sep 19 07:53:00.609: INFO: vulnerability-advisor-cos-indexer-57899b7dd6-7cpf8 started at 2018-09-17 07:19:04 +0000 UTC (0+1 container statuses recorded)&#xA;Sep 19 07:53:00.609: INFO: &#x9;Container cos-indexer ready: true, restart count 3&#xA;Sep 19 07:53:00.609: INFO: vulnerability-advisor-kafka-0 started at 2018-09-17 07:19:13 +0000 UTC (0+1 container statuses recorded)&#xA;Sep 19 07:53:00.609: INFO: &#x9;Container kafka-server ready: true, restart count 2&#xA;Sep 19 07:53:00.609: INFO: vulnerability-advisor-password-annotator-79b5d794b5-wnwqn started at 2018-09-17 07:19:05 +0000 UTC (0+1 container statuses recorded)&#xA;Sep 19 07:53:00.609: INFO: &#x9;Container config-parser ready: true, restart count 3&#xA;Sep 19 07:53:00.609: INFO: vulnerability-advisor-vulnerability-annotator-bcbf5595f-hxwst started at 2018-09-17 07:19:10 +0000 UTC (0+1 container statuses recorded)&#xA;Sep 19 07:53:00.609: INFO: &#x9;Container va-annotator ready: true, restart count 3&#xA;Sep 19 07:53:00.609: INFO: vulnerability-advisor-minio-0 started at 2018-09-17 07:19:16 +0000 UTC (1+1 container statuses recorded)&#xA;Sep 19 07:53:00.609: INFO: &#x9;Init container wait-kafka ready: true, restart count 1&#xA;Sep 19 07:53:00.609: INFO: &#x9;Container minio-server ready: true, restart count 0&#xA;Sep 19 07:53:00.609: INFO: nvidia-device-plugin-w9jr8 started at 2018-09-17 07:07:17 +0000 UTC (1+1 container statuses recorded)&#xA;Sep 19 07:53:00.609: INFO: &#x9;Init container nvidia-driver-collector ready: true, restart count 0&#xA;Sep 19 07:53:00.609: INFO: &#x9;Container nvidia-device-plugin ready: true, restart count 0&#xA;Sep 19 07:53:00.609: INFO: metering-reader-gsrdg started at 2018-09-17 07:14:11 +0000 UTC (1+1 container statuses recorded)&#xA;Sep 19 07:53:00.609: INFO: &#x9;Init container metering-reader-init ready: true, restart count 1&#xA;Sep 19 07:53:00.609: INFO: &#x9;Container metering-reader ready: true, restart count 0&#xA;Sep 19 07:53:00.609: INFO: logging-elk-filebeat-ds-vpk48 started at 2018-09-17 07:15:20 +0000 UTC (0+1 container statuses recorded)&#xA;Sep 19 07:53:00.609: INFO: &#x9;Container filebeat ready: true, restart count 0&#xA;Sep 19 07:53:00.671: INFO: &#xA;Latency metrics for node 10.46.6.172&#xA;Sep 19 07:53:00.671: INFO: &#xA;Logging node info for node 10.46.6.173&#xA;Sep 19 07:53:00.675: INFO: Node Info: &amp;Node{ObjectMeta:k8s_io_apimachinery_pkg_apis_meta_v1.ObjectMeta{Name:10.46.6.173,GenerateName:,Namespace:,SelfLink:/api/v1/nodes/10.46.6.173,UID:3dc7268b-ba44-11e8-b20e-fa163e707b2e,ResourceVersion:460841,Generation:0,CreationTimestamp:2018-09-17 06:38:09 +0000 UTC,DeletionTimestamp:&lt;nil&gt;,DeletionGracePeriodSeconds:nil,Labels:map[string]string{beta.kubernetes.io/arch: amd64,beta.kubernetes.io/os: linux,etcd: true,kubernetes.io/hostname: 10.46.6.173,master: true,node-role.kubernetes.io/etcd: true,node-role.kubernetes.io/master: true,node-role.kubernetes.io/proxy: true,proxy: true,role: master,},Annotations:map[string]string{node.alpha.kubernetes.io/ttl: 0,volumes.kubernetes.io/controller-managed-attach-detach: true,},OwnerReferences:[],Finalizers:[],ClusterName:,Initializers:nil,},Spec:NodeSpec{PodCIDR:,DoNotUse_ExternalID:,ProviderID:,Unschedulable:false,Taints:[{dedicated proxy NoSchedule &lt;nil&gt;}],ConfigSource:nil,},Status:NodeStatus{Capacity:ResourceList{cpu: {{32 0} {&lt;nil&gt;} 32 DecimalSI},ephemeral-storage: {{107362627584 0} {&lt;nil&gt;} 104846316Ki BinarySI},hugepages-1Gi: {{0 0} {&lt;nil&gt;} 0 DecimalSI},hugepages-2Mi: {{0 0} {&lt;nil&gt;} 0 DecimalSI},memory: {{135202160640 0} {&lt;nil&gt;}  BinarySI},pods: {{320 0} {&lt;nil&gt;} 320 DecimalSI},},Allocatable:ResourceList{cpu: {{32 0} {&lt;nil&gt;} 32 DecimalSI},ephemeral-storage: {{107257769984 0} {&lt;nil&gt;} 104743916Ki BinarySI},hugepages-1Gi: {{0 0} {&lt;nil&gt;} 0 DecimalSI},hugepages-2Mi: {{0 0} {&lt;nil&gt;} 0 DecimalSI},memory: {{135097303040 0} {&lt;nil&gt;}  BinarySI},pods: {{320 0} {&lt;nil&gt;} 320 DecimalSI},},Phase:,Conditions:[{OutOfDisk False 2018-09-19 07:52:52 +0000 UTC 2018-09-17 06:38:09 +0000 UTC KubeletHasSufficientDisk kubelet has sufficient disk space available} {MemoryPressure False 2018-09-19 07:52:52 +0000 UTC 2018-09-17 06:38:09 +0000 UTC KubeletHasSufficientMemory kubelet has sufficient memory available} {DiskPressure False 2018-09-19 07:52:52 +0000 UTC 2018-09-17 06:38:09 +0000 UTC KubeletHasNoDiskPressure kubelet has no disk pressure} {PIDPressure False 2018-09-19 07:52:52 +0000 UTC 2018-09-17 06:38:09 +0000 UTC KubeletHasSufficientPID kubelet has sufficient PID available} {Ready True 2018-09-19 07:52:52 +0000 UTC 2018-09-17 07:06:09 +0000 UTC KubeletReady kubelet is posting ready status}],Addresses:[{InternalIP 10.46.6.173} {Hostname 10.46.6.173}],DaemonEndpoints:NodeDaemonEndpoints{KubeletEndpoint:DaemonEndpoint{Port:10250,},},NodeInfo:NodeSystemInfo{MachineID:52ca0d2c3fb341c79b059a96d10571a6,SystemUUID:DA83D170-F88E-40EB-A0A3-2918CD5F6005,BootID:806b09ea-0a42-4719-bbaa-13e375c7b62f,KernelVersion:3.10.0-862.9.1.el7.x86_64,OSImage:Red Hat Enterprise Linux,ContainerRuntimeVersion:docker://18.3.1,KubeletVersion:v1.11.1+icp-ee,KubeProxyVersion:v1.11.1+icp-ee,OperatingSystem:linux,Architecture:amd64,},Images:[{[lzj.icp:8500/ibmcom/statsd-amd64@sha256:5ee11bc24bced45a77d9d630348680f319c09d9d3b2230b04518d1e2a5263ae2 lzj.icp:8500/ibmcom/statsd-amd64:0.7.2.1 lzj.icp:8500/ibmcom/statsd:0.7.2.1] 1234731808} {[lzj.icp:8500/ibmcom/kafka-amd64@sha256:0d6d348ccd7aa2854d60791331280e58db92029a522c8bfb3eb40c7c0913ca8f lzj.icp:8500/ibmcom/kafka-amd64:0.10.0.2 lzj.icp:8500/ibmcom/kafka:0.10.0.2] 1114805679} {[lzj.icp:8500/ibmcom/iam-token-service-amd64@sha256:9211161e5b5b9d892a99b46fad4429333ceb7143b4039419df7ea0efa36381a9 lzj.icp:8500/ibmcom/iam-token-service-amd64:3.1.0 lzj.icp:8500/ibmcom/iam-token-service:3.1.0] 1051060152} {[lzj.icp:8500/ibmcom/icp-platform-auth-amd64@sha256:abc258009b8696a83214b7a9d9df63f6d83e19cfca2987c4836b0eadfa4c99c7 lzj.icp:8500/ibmcom/icp-platform-auth-amd64:3.1.0 lzj.icp:8500/ibmcom/icp-platform-auth:3.1.0] 1028283742} {[lzj.icp:8500/ibmcom/reg-crawler-amd64@sha256:9e5d4ebbac3dd6cbf9f892b5bd634f89fae3d4b2e6a23debd3ecd322e3eb817e lzj.icp:8500/ibmcom/reg-crawler-amd64:1.3.1 lzj.icp:8500/ibmcom/reg-crawler:1.3.1] 1007817363} {[lzj.icp:8500/ibmcom/live-crawler-amd64@sha256:37a79ec87bd3c8b9af25cf1e25f4f14281ffb9f5ebeaf61c0b7c8a5799baf782 lzj.icp:8500/ibmcom/live-crawler-amd64:1.3.1 lzj.icp:8500/ibmcom/live-crawler:1.3.1] 987515538} {[lzj.icp:8500/ibmcom/cos-indexer-amd64@sha256:adf28ff960ebdcbfcfa5e4522b81aa3565338f8d640dad611a1c3f0d3894393b lzj.icp:8500/ibmcom/cos-indexer-amd64:1.3.1 lzj.icp:8500/ibmcom/cos-indexer:1.3.1] 846578165} {[lzj.icp:8500/ibmcom/secure-config-annotator-amd64@sha256:26e845c6a252e0c5ae73e764645993b3270e289d1a2e9784b06ddd7898ca45d9 lzj.icp:8500/ibmcom/secure-config-annotator-amd64:1.3.1 lzj.icp:8500/ibmcom/secure-config-annotator:1.3.1] 835555196} {[lzj.icp:8500/ibmcom/hyperkube-amd64@sha256:9eaadf7c2a417ee2a9a219e2eadf21884742199a484be2ca737f0e8a178d490a lzj.icp:8500/ibmcom/hyperkube-amd64:v1.11.1-ee lzj.icp:8500/ibmcom/hyperkube:v1.11.1-ee] 782626408} {[lzj.icp:8500/ibmcom/compliance-annotator-amd64@sha256:5d8bbbef3a7dc54ba9addb256d2aa8a3f7d5c27a454ff4b7ee583b217dac2ce4 lzj.icp:8500/ibmcom/compliance-annotator-amd64:1.3.1 lzj.icp:8500/ibmcom/compliance-annotator:1.3.1] 773932738} {[lzj.icp:8500/ibmcom/icp-logstash-amd64@sha256:02a683ee6ad9eeed7ea8ebb1de713aaf902a9e20a39ccc0294ee1f947f1bbd73 lzj.icp:8500/ibmcom/icp-logstash-amd64:5.5.1 lzj.icp:8500/ibmcom/icp-logstash:5.5.1] 764906887} {[lzj.icp:8500/ibmcom/process-ma-hf-amd64@sha256:ef0d164350d07600f8037082db7d98cf81b9c554d8a60692ae90b8d0239a8cdc lzj.icp:8500/ibmcom/process-ma-hf-amd64:1.3.1 lzj.icp:8500/ibmcom/process-ma-hf:1.3.1] 758635128} {[lzj.icp:8500/ibmcom/vulnerability-annotator-amd64@sha256:febedf85b65e0d1800e67249274d474d4ce67e8041e81487f76bce727cb39bd4 lzj.icp:8500/ibmcom/vulnerability-annotator-amd64:1.3.1 lzj.icp:8500/ibmcom/vulnerability-annotator:1.3.1] 757013017} {[lzj.icp:8500/ibmcom/py-generic-indexer-amd64@sha256:45cb17e23e15f4dfe44471309af12f0655aad5f8e859c718f393290f220b02b2 lzj.icp:8500/ibmcom/py-generic-indexer-amd64:1.3.1 lzj.icp:8500/ibmcom/py-generic-indexer:1.3.1] 755588945} {[lzj.icp:8500/ibmcom/icp-inception-amd64@sha256:1dad180d14ae732d17ca5cf41b87dbb316c072323f186d60a08a753f904eb5b2 ibmcom/icp-inception-amd64:3.1.0-ee lzj.icp:8500/ibmcom/icp-inception-amd64:3.1.0-ee lzj.icp:8500/ibmcom/icp-inception:3.1.0-ee] 744155119} {[lzj.icp:8500/ibmcom/config-parser-amd64@sha256:7d721e0b5a827921ac16fa9e7570db225211e6dd700cdeaba1d28ba02ff8ef6d lzj.icp:8500/ibmcom/config-parser-amd64:1.3.1 lzj.icp:8500/ibmcom/config-parser:1.3.1] 739243486} {[lzj.icp:8500/ibmcom/iam-policy-administration-amd64@sha256:e1941aa09a5b692505cb3be3e497d3ff9acb900786b9a2c8c4c00d0243b37dd0 lzj.icp:8500/ibmcom/iam-policy-administration-amd64:3.1.0 lzj.icp:8500/ibmcom/iam-policy-administration:3.1.0] 711947327} {[lzj.icp:8500/ibmcom/password-annotator-amd64@sha256:bca1b6b222d8ea8ade174a8cc1a549f161d75d3e9d69881f08a1fb316a8e27d3 lzj.icp:8500/ibmcom/password-annotator-amd64:1.3.1 lzj.icp:8500/ibmcom/password-annotator:1.3.1] 707627907} {[lzj.icp:8500/ibmcom/notification-dispatcher-amd64@sha256:ec8dfbc351a0d758488f9f8bfa17c3182a5c02819a6ebf7144ab914a2233cf57 lzj.icp:8500/ibmcom/notification-dispatcher-amd64:1.3.1 lzj.icp:8500/ibmcom/notification-dispatcher:1.3.1] 707588442} {[lzj.icp:8500/ibmcom/sas-base-amd64@sha256:9651b1149c62d5a0968aaeffe71f2da68cd7e07ff8d7ea67538278c00ab08457 lzj.icp:8500/ibmcom/sas-base-amd64:1.3.1 lzj.icp:8500/ibmcom/sas-base:1.3.1] 653746081} {[lzj.icp:8500/ibmcom/ma-file-annotator-amd64@sha256:8caa6280fd845fd524ad874a6b243510ebf085d58c989229020fcfc743492632 lzj.icp:8500/ibmcom/ma-file-annotator-amd64:1.3.1 lzj.icp:8500/ibmcom/ma-file-annotator:1.3.1] 653745236} {[lzj.icp:8500/ibmcom/icp-kibana-amd64@sha256:8b69887ac5297e1d2e68b9c2ce885b9a888f6c278ca1538acb0f03206b48502a lzj.icp:8500/ibmcom/icp-kibana-amd64:5.5.1 lzj.icp:8500/ibmcom/icp-kibana:5.5.1] 639622018} {[lzj.icp:8500/ibmcom/icp-platform-api-amd64@sha256:1fc47925c2611aef12631b3f3806308f55a298074aebc561fd04cf8a7691c669 lzj.icp:8500/ibmcom/icp-platform-api-amd64:3.1.0 lzj.icp:8500/ibmcom/icp-platform-api:3.1.0] 612589125} {[lzj.icp:8500/ibmcom/iam-policy-decision-amd64@sha256:d49eb3845c57bb8370a477949d92da10a178b81ade50f0e9d970981fadd6686d lzj.icp:8500/ibmcom/iam-policy-decision-amd64:3.1.0 lzj.icp:8500/ibmcom/iam-policy-decision:3.1.0] 559718344} {[lzj.icp:8500/ibmcom/rootkit-annotator-amd64@sha256:caf6c24136b8785d901f346a640d673b55fe105c3617cfcb432ee2006f5b1cf4 lzj.icp:8500/ibmcom/rootkit-annotator-amd64:1.3.1 lzj.icp:8500/ibmcom/rootkit-annotator:1.3.1] 549434506} {[lzj.icp:8500/ibmcom/icp-elasticsearch-amd64@sha256:0063a7a931ca4e52d8f7a51f2bdb010345f4373b5b904b52e5c8a48ec0c1fde7 lzj.icp:8500/ibmcom/icp-elasticsearch-amd64:5.5.1 lzj.icp:8500/ibmcom/icp-elasticsearch:5.5.1] 520121248} {[lzj.icp:8500/ibmcom/logging-pki-init-amd64@sha256:cc4bfa085e1ae99120ee526acd3e62d205e10de6f1c773c521fc5b933914f6a8 lzj.icp:8500/ibmcom/logging-pki-init-amd64:2.0.0 lzj.icp:8500/ibmcom/logging-pki-init:2.0.0] 501921135} {[lzj.icp:8500/ibmcom/searchguard-init-amd64@sha256:d19ce1d27f406945d4ed78b0f07007998c2ab3889086e502924847c2186db546 lzj.icp:8500/ibmcom/searchguard-init-amd64:2.0.0 lzj.icp:8500/ibmcom/searchguard-init:2.0.0] 457030441} {[lzj.icp:8500/ibmcom/metering-ui-amd64@sha256:3628a8fe41183c08ea0b02e2e798e3649e4aebe2c2405c34572b9eb7c7c4d9a8 lzj.icp:8500/ibmcom/metering-ui-amd64:3.1.0 lzj.icp:8500/ibmcom/metering-ui:3.1.0] 385577105} {[lzj.icp:8500/ibmcom/heketi-amd64@sha256:c5b579a4f219c87990f861eb61de86cb9cfb51b6d230b8c299df7d9fd3d02d0e lzj.icp:8500/ibmcom/heketi-amd64:v7.0.0 lzj.icp:8500/ibmcom/heketi:v7.0.0] 384720377} {[lzj.icp:8500/ibmcom/icp-mongodb-amd64@sha256:a305ae8bc309898d86bf60aee968846db3602f77b25924640d5f08a2389ee99d lzj.icp:8500/ibmcom/icp-mongodb-amd64:3.1.0 lzj.icp:8500/ibmcom/icp-mongodb:3.1.0] 379353410} {[lzj.icp:8500/ibmcom/icp-catalog-ui-amd64@sha256:33993b4eab189e3c78fe27799017da770d47523cf6831460741008bf91297d6d lzj.icp:8500/ibmcom/icp-catalog-ui-amd64:3.1.0 lzj.icp:8500/ibmcom/icp-catalog-ui:3.1.0] 363781304} {[lzj.icp:8500/ibmcom/nginx-ingress-controller-amd64@sha256:63b48dd3ba635aa65409f7d6a319e293697810c1b9e885e6255bebf36a2506ab lzj.icp:8500/ibmcom/nginx-ingress-controller-amd64:0.16.2 lzj.icp:8500/ibmcom/nginx-ingress-controller:0.16.2] 361632894} {[lzj.icp:8500/ibmcom/mariadb-amd64@sha256:1f9876179c32fcf463804f75cbf2fb031106edf2be9d5dbf6705375ca53930bb lzj.icp:8500/ibmcom/mariadb-amd64:10.2.17 lzj.icp:8500/ibmcom/mariadb:10.2.17] 358991946} {[lzj.icp:8500/ibmcom/k8szk-amd64@sha256:a9ee22a4df14654552a02303e4560623244683692fd298dd2fb71e9dd66219f3 lzj.icp:8500/ibmcom/k8szk-amd64:v3 lzj.icp:8500/ibmcom/k8szk:v3] 331472973} {[lzj.icp:8500/ibmcom/gluster-amd64@sha256:647caedb536eb7b8c5c8b0a2b69e52d2a34be9e6c9c7b9c1b21d14fcfa261886 lzj.icp:8500/ibmcom/gluster-amd64:v4.0.2 lzj.icp:8500/ibmcom/gluster:v4.0.2] 324265531} {[lzj.icp:8500/ibmcom/istio-grafana-amd64@sha256:381a2dd3a5addbc5d43920bc19bb15ba6dbd422e4a9d91163108e72c5a63234c lzj.icp:8500/ibmcom/istio-grafana-amd64:1.0.0.1 lzj.icp:8500/ibmcom/istio-grafana:1.0.0.1] 324187770} {[lzj.icp:8500/ibmcom/icp-filebeat-amd64@sha256:03af9b78dad6c2ba857975d10c81e781460796dff1ff1163ea4596f4aa10601d lzj.icp:8500/ibmcom/icp-filebeat-amd64:5.5.1 lzj.icp:8500/ibmcom/icp-filebeat:5.5.1] 317104874} {[lzj.icp:8500/ibmcom/istio-proxyv2-amd64@sha256:cd77e75fa85ce74914e1b7b0bef980ece8a62ef0d776c9ef51a0d7d30b4b64a0 lzj.icp:8500/ibmcom/istio-proxyv2-amd64:1.0.0.1 lzj.icp:8500/ibmcom/istio-proxyv2:1.0.0.1] 311276139} {[lzj.icp:8500/ibmcom/istio-pilot-amd64@sha256:63352073a964037fd37f6150228231d2e5eca7e0c2920405d6269326d3c54263 lzj.icp:8500/ibmcom/istio-pilot-amd64:1.0.0.1 lzj.icp:8500/ibmcom/istio-pilot:1.0.0.1] 309502004} {[lzj.icp:8500/ibmcom/fluentd-amd64@sha256:384a99b8d941c93f96ee5b5cbae5b70500219a3f71c73cf4eddd20d9d693e3b3 lzj.icp:8500/ibmcom/fluentd-amd64:v1.2.2-icp lzj.icp:8500/ibmcom/fluentd:v1.2.2-icp] 270902701} {[lzj.icp:8500/ibmcom/icp-identity-manager-amd64@sha256:632f31acd0fcfc3d0cebea31cfb71018f6712bd1a1b4da7476942b3c23aa3521 lzj.icp:8500/ibmcom/icp-identity-manager-amd64:3.1.0 lzj.icp:8500/ibmcom/icp-identity-manager:3.1.0] 268667523} {[lzj.icp:8500/ibmcom/elasticsearch-plugin-searchguard-amd64@sha256:28f88d06bbbc073162702064c1be4ad06272e9021cbc0f929ba8c6da2ca25ae6 lzj.icp:8500/ibmcom/elasticsearch-plugin-searchguard-amd64:2.0.0 lzj.icp:8500/ibmcom/elasticsearch-plugin-searchguard:2.0.0] 267864279} {[lzj.icp:8500/ibmcom/kiali-amd64@sha256:bec63b454cf2e597c61f6a9943144050e5e6fc7a4f6474bc3bb6b627ba20c71c lzj.icp:8500/ibmcom/kiali-amd64:istio-release-1.0.0.1 lzj.icp:8500/ibmcom/kiali:istio-release-1.0.0.1] 265771300} {[lzj.icp:8500/ibmcom/calico-node-amd64@sha256:9871f4dde9eab9fd804b12f3114da36505ff5c220e2323b7434eec24e3b23ac5 lzj.icp:8500/ibmcom/calico-node-amd64:v3.1.3 lzj.icp:8500/ibmcom/calico-node:v3.1.3] 248202699} {[lzj.icp:8500/ibmcom/grafana-amd64@sha256:dc3566257a0c716caedfb33127d8ee385290c1dda006bebfb75c376d56b30c88 lzj.icp:8500/ibmcom/grafana-amd64:5.2.0 lzj.icp:8500/ibmcom/grafana:5.2.0] 245297582} {[lzj.icp:8500/ibmcom/indices-cleaner-amd64@sha256:e6c6453d54012488e9ebfaa9e4d829f567d8e66b24c1613e6d88ca192ed5e85b lzj.icp:8500/ibmcom/indices-cleaner-amd64:1.0.0 lzj.icp:8500/ibmcom/indices-cleaner:1.0.0] 238131553} {[lzj.icp:8500/ibmcom/icp-identity-provider-amd64@sha256:24dba8b07c8295eef99abbf8d83041908516e4e50e4e4cfbbbcd53bdf415dda1 lzj.icp:8500/ibmcom/icp-identity-provider-amd64:3.1.0 lzj.icp:8500/ibmcom/icp-identity-provider:3.1.0] 224286517} {[lzj.icp:8500/ibmcom/curl-amd64@sha256:aad05b4e4529f7e70516d8d3028cae6cd1d50de738ce164f2a532ce2470ac43f lzj.icp:8500/ibmcom/curl-amd64:4.0.0 lzj.icp:8500/ibmcom/curl:4.0.0] 221192597} {[lzj.icp:8500/ibmcom/icp-audit-service-amd64@sha256:9add202c06a43da647380c860d9139fa059701fe103c1f229281215bf99dbbd3 lzj.icp:8500/ibmcom/icp-audit-service-amd64:3.1.0 lzj.icp:8500/ibmcom/icp-audit-service:3.1.0] 215897363}],VolumesInUse:[],VolumesAttached:[],Config:&amp;NodeConfigStatus{Assigned:nil,Active:nil,LastKnownGood:nil,Error:,},},}&#xA;Sep 19 07:53:00.675: INFO: &#xA;Logging kubelet events for node 10.46.6.173&#xA;Sep 19 07:53:00.680: INFO: &#xA;Logging pods the kubelet thinks is on node 10.46.6.173&#xA;Sep 19 07:53:00.729: INFO: nvidia-device-plugin-nh54k started at 2018-09-17 07:07:17 +0000 UTC (1+1 container statuses recorded)&#xA;Sep 19 07:53:00.729: INFO: &#x9;Init container nvidia-driver-collector ready: true, restart count 0&#xA;Sep 19 07:53:00.729: INFO: &#x9;Container nvidia-device-plugin ready: true, restart count 0&#xA;Sep 19 07:53:00.729: INFO: mariadb-0 started at 2018-09-17 07:08:38 +0000 UTC (0+1 container statuses recorded)&#xA;Sep 19 07:53:00.729: INFO: &#x9;Container mariadb ready: true, restart count 0&#xA;Sep 19 07:53:00.729: INFO: logging-elk-filebeat-ds-qf2vz started at 2018-09-17 07:15:20 +0000 UTC (0+1 container statuses recorded)&#xA;Sep 19 07:53:00.729: INFO: &#x9;Container filebeat ready: true, restart count 0&#xA;Sep 19 07:53:00.729: INFO: istio-ingressgateway-7bc96d6585-c58zx started at 2018-09-17 07:24:15 +0000 UTC (0+1 container statuses recorded)&#xA;Sep 19 07:53:00.729: INFO: &#x9;Container istio-ingressgateway ready: true, restart count 0&#xA;Sep 19 07:53:00.729: INFO: istio-policy-5b64d7fd64-5l2m9 started at 2018-09-17 07:31:07 +0000 UTC (0+2 container statuses recorded)&#xA;Sep 19 07:53:00.729: INFO: &#x9;Container istio-proxy ready: true, restart count 0&#xA;Sep 19 07:53:00.729: INFO: &#x9;Container mixer ready: true, restart count 0&#xA;Sep 19 07:53:00.729: INFO: platform-api-2fs4x started at 2018-09-17 07:08:45 +0000 UTC (0+2 container statuses recorded)&#xA;Sep 19 07:53:00.729: INFO: &#x9;Container audit-service ready: true, restart count 0&#xA;Sep 19 07:53:00.729: INFO: &#x9;Container platform-api ready: true, restart count 0&#xA;Sep 19 07:53:00.729: INFO: istio-telemetry-8b5964dc7-hcf6d started at 2018-09-17 07:17:29 +0000 UTC (0+2 container statuses recorded)&#xA;Sep 19 07:53:00.729: INFO: &#x9;Container istio-proxy ready: true, restart count 0&#xA;Sep 19 07:53:00.729: INFO: &#x9;Container mixer ready: true, restart count 0&#xA;Sep 19 07:53:00.729: INFO: istio-sidecar-injector-86d554f5f7-d57zk started at 2018-09-17 07:17:32 +0000 UTC (0+1 container statuses recorded)&#xA;Sep 19 07:53:00.729: INFO: &#x9;Container sidecar-injector-webhook ready: true, restart count 0&#xA;Sep 19 07:53:00.729: INFO: secret-watcher-5f59fcbc69-pfnfk started at 2018-09-17 07:18:05 +0000 UTC (0+1 container statuses recorded)&#xA;Sep 19 07:53:00.729: INFO: &#x9;Container secret-watcher ready: true, restart count 0&#xA;Sep 19 07:53:00.729: INFO: istio-telemetry-8b5964dc7-nw9kk started at 2018-09-17 07:23:11 +0000 UTC (0+2 container statuses recorded)&#xA;Sep 19 07:53:00.729: INFO: &#x9;Container istio-proxy ready: true, restart count 0&#xA;Sep 19 07:53:00.729: INFO: &#x9;Container mixer ready: true, restart count 0&#xA;Sep 19 07:53:00.729: INFO: calico-kube-controllers-dcb8cc97c-gtsqp started at 2018-09-17 07:05:53 +0000 UTC (0+1 container statuses recorded)&#xA;Sep 19 07:53:00.729: INFO: &#x9;Container calico-kube-controllers ready: true, restart count 0&#xA;Sep 19 07:53:00.729: INFO: icp-mongodb-0 started at 2018-09-17 07:07:42 +0000 UTC (2+1 container statuses recorded)&#xA;Sep 19 07:53:00.729: INFO: &#x9;Init container install ready: true, restart count 0&#xA;Sep 19 07:53:00.729: INFO: &#x9;Init container bootstrap ready: true, restart count 0&#xA;Sep 19 07:53:00.729: INFO: &#x9;Container icp-mongodb ready: true, restart count 0&#xA;Sep 19 07:53:00.729: INFO: catalog-ui-5rtkh started at 2018-09-17 07:15:57 +0000 UTC (0+1 container statuses recorded)&#xA;Sep 19 07:53:00.729: INFO: &#x9;Container catalog-ui ready: true, restart count 0&#xA;Sep 19 07:53:00.729: INFO: istio-policy-5b64d7fd64-jrlzt started at 2018-09-17 07:23:11 +0000 UTC (0+2 container statuses recorded)&#xA;Sep 19 07:53:00.729: INFO: &#x9;Container istio-proxy ready: true, restart count 0&#xA;Sep 19 07:53:00.729: INFO: &#x9;Container mixer ready: true, restart count 0&#xA;Sep 19 07:53:00.729: INFO: istio-policy-5b64d7fd64-fb4bc started at 2018-09-17 07:27:37 +0000 UTC (0+2 container statuses recorded)&#xA;Sep 19 07:53:00.729: INFO: &#x9;Container istio-proxy ready: true, restart count 0&#xA;Sep 19 07:53:00.729: INFO: &#x9;Container mixer ready: true, restart count 0&#xA;Sep 19 07:53:00.729: INFO: k8s-proxy-10.46.6.173 started at &lt;nil&gt; (0+0 container statuses recorded)&#xA;Sep 19 07:53:00.729: INFO: k8s-etcd-10.46.6.173 started at &lt;nil&gt; (0+0 container statuses recorded)&#xA;Sep 19 07:53:00.729: INFO: image-manager-0 started at 2018-09-17 06:38:56 +0000 UTC (0+2 container statuses recorded)&#xA;Sep 19 07:53:00.729: INFO: &#x9;Container icp-registry ready: true, restart count 0&#xA;Sep 19 07:53:00.729: INFO: &#x9;Container image-manager ready: true, restart count 0&#xA;Sep 19 07:53:00.729: INFO: platform-deploy-dbbks started at 2018-09-17 07:08:45 +0000 UTC (0+1 container statuses recorded)&#xA;Sep 19 07:53:00.729: INFO: &#x9;Container platform-deploy ready: true, restart count 0&#xA;Sep 19 07:53:00.729: INFO: auth-apikeys-x45mz started at 2018-09-17 07:10:12 +0000 UTC (0+1 container statuses recorded)&#xA;Sep 19 07:53:00.729: INFO: &#x9;Container auth-apikeys ready: true, restart count 0&#xA;Sep 19 07:53:00.729: INFO: istio-policy-5b64d7fd64-pt9z2 started at 2018-09-17 07:17:30 +0000 UTC (0+2 container statuses recorded)&#xA;Sep 19 07:53:00.729: INFO: &#x9;Container istio-proxy ready: true, restart count 0&#xA;Sep 19 07:53:00.729: INFO: &#x9;Container mixer ready: true, restart count 0&#xA;Sep 19 07:53:00.729: INFO: istio-policy-5b64d7fd64-z68j4 started at 2018-09-17 07:19:38 +0000 UTC (0+2 container statuses recorded)&#xA;Sep 19 07:53:00.729: INFO: &#x9;Container istio-proxy ready: true, restart count 0&#xA;Sep 19 07:53:00.729: INFO: &#x9;Container mixer ready: true, restart count 0&#xA;Sep 19 07:53:00.729: INFO: istio-ingressgateway-7bc96d6585-r98nr started at 2018-09-17 07:28:10 +0000 UTC (0+1 container statuses recorded)&#xA;Sep 19 07:53:00.729: INFO: &#x9;Container istio-ingressgateway ready: true, restart count 0&#xA;Sep 19 07:53:00.729: INFO: mgmt-repo-57dc689b74-tmp44 started at 2018-09-17 07:17:51 +0000 UTC (1+2 container statuses recorded)&#xA;Sep 19 07:53:00.729: INFO: &#x9;Init container mgmt-repo-init ready: true, restart count 0&#xA;Sep 19 07:53:00.729: INFO: &#x9;Container audit-service ready: true, restart count 0&#xA;Sep 19 07:53:00.729: INFO: &#x9;Container mgmt-repo ready: true, restart count 0&#xA;Sep 19 07:53:00.729: INFO: istio-egressgateway-54448bcdbd-lhh5c started at 2018-09-17 07:20:07 +0000 UTC (0+1 container statuses recorded)&#xA;Sep 19 07:53:00.729: INFO: &#x9;Container istio-egressgateway ready: true, restart count 0&#xA;Sep 19 07:53:00.729: INFO: istio-ingressgateway-7bc96d6585-4qnc5 started at 2018-09-17 07:24:14 +0000 UTC (0+1 container statuses recorded)&#xA;Sep 19 07:53:00.729: INFO: &#x9;Container istio-ingressgateway ready: true, restart count 0&#xA;Sep 19 07:53:00.729: INFO: auth-idp-kjpmx started at 2018-09-17 07:10:04 +0000 UTC (1+4 container statuses recorded)&#xA;Sep 19 07:53:00.729: INFO: &#x9;Init container init-mariadb ready: true, restart count 0&#xA;Sep 19 07:53:00.729: INFO: &#x9;Container icp-audit-service ready: true, restart count 0&#xA;Sep 19 07:53:00.729: INFO: &#x9;Container platform-auth-service ready: true, restart count 0&#xA;Sep 19 07:53:00.729: INFO: &#x9;Container platform-identity-manager ready: true, restart count 0&#xA;Sep 19 07:53:00.729: INFO: &#x9;Container platform-identity-provider ready: true, restart count 0&#xA;Sep 19 07:53:00.729: INFO: helm-repo-5649f57447-wwdn4 started at 2018-09-17 07:13:54 +0000 UTC (1+2 container statuses recorded)&#xA;Sep 19 07:53:00.729: INFO: &#x9;Init container helm-repo-init ready: true, restart count 0&#xA;Sep 19 07:53:00.729: INFO: &#x9;Container audit-service ready: true, restart count 0&#xA;Sep 19 07:53:00.729: INFO: &#x9;Container helm-repo ready: true, restart count 0&#xA;Sep 19 07:53:00.729: INFO: metering-reader-l7284 started at 2018-09-17 07:14:11 +0000 UTC (1+1 container statuses recorded)&#xA;Sep 19 07:53:00.729: INFO: &#x9;Init container metering-reader-init ready: true, restart count 0&#xA;Sep 19 07:53:00.729: INFO: &#x9;Container metering-reader ready: true, restart count 0&#xA;Sep 19 07:53:00.729: INFO: istio-statsd-prom-bridge-66cb69b666-p76m8 started at 2018-09-17 07:17:29 +0000 UTC (0+1 container statuses recorded)&#xA;Sep 19 07:53:00.729: INFO: &#x9;Container statsd-prom-bridge ready: true, restart count 0&#xA;Sep 19 07:53:00.729: INFO: servicegraph-85578d8fc6-m62z4 started at 2018-09-17 07:17:32 +0000 UTC (0+1 container statuses recorded)&#xA;Sep 19 07:53:00.729: INFO: &#x9;Container servicegraph ready: true, restart count 0&#xA;Sep 19 07:53:00.729: INFO: istio-telemetry-8b5964dc7-vjqbq started at 2018-09-17 07:27:36 +0000 UTC (0+2 container statuses recorded)&#xA;Sep 19 07:53:00.729: INFO: &#x9;Container istio-proxy ready: true, restart count 0&#xA;Sep 19 07:53:00.729: INFO: &#x9;Container mixer ready: true, restart count 0&#xA;Sep 19 07:53:00.729: INFO: istio-telemetry-8b5964dc7-9q67f started at 2018-09-17 07:31:08 +0000 UTC (0+2 container statuses recorded)&#xA;Sep 19 07:53:00.729: INFO: &#x9;Container istio-proxy ready: true, restart count 0&#xA;Sep 19 07:53:00.729: INFO: &#x9;Container mixer ready: true, restart count 0&#xA;Sep 19 07:53:00.729: INFO: service-catalog-controller-manager-5969cccf86-65phs started at 2018-09-17 07:08:21 +0000 UTC (0+1 container statuses recorded)&#xA;Sep 19 07:53:00.729: INFO: &#x9;Container controller-manager ready: true, restart count 0&#xA;Sep 19 07:53:00.729: INFO: auth-pap-qb5m2 started at 2018-09-17 07:10:20 +0000 UTC (0+1 container statuses recorded)&#xA;Sep 19 07:53:00.729: INFO: &#x9;Container auth-pap ready: true, restart count 0&#xA;Sep 19 07:53:00.729: INFO: istio-pilot-6cf9ccf474-kkb6j started at 2018-09-17 07:17:31 +0000 UTC (0+2 container statuses recorded)&#xA;Sep 19 07:53:00.729: INFO: &#x9;Container discovery ready: true, restart count 0&#xA;Sep 19 07:53:00.729: INFO: &#x9;Container istio-proxy ready: true, restart count 0&#xA;Sep 19 07:53:00.729: INFO: calico-node-m7d5t started at 2018-09-17 07:05:54 +0000 UTC (0+2 container statuses recorded)&#xA;Sep 19 07:53:00.729: INFO: &#x9;Container calico-node ready: true, restart count 0&#xA;Sep 19 07:53:00.729: INFO: &#x9;Container install-cni ready: true, restart count 0&#xA;Sep 19 07:53:00.729: INFO: ibm-cert-manager-cert-manager-74687f689b-7994r started at 2018-09-17 07:07:12 +0000 UTC (0+1 container statuses recorded)&#xA;Sep 19 07:53:00.729: INFO: &#x9;Container ibm-cert-manager ready: true, restart count 0&#xA;Sep 19 07:53:00.729: INFO: nginx-ingress-controller-h5z2v started at 2018-09-17 07:08:28 +0000 UTC (1+1 container statuses recorded)&#xA;Sep 19 07:53:00.729: INFO: &#x9;Init container sysctl ready: true, restart count 0&#xA;Sep 19 07:53:00.729: INFO: &#x9;Container nginx-ingress ready: true, restart count 0&#xA;Sep 19 07:53:00.729: INFO: istio-egressgateway-54448bcdbd-pjbtc started at 2018-09-17 07:28:34 +0000 UTC (0+1 container statuses recorded)&#xA;Sep 19 07:53:00.729: INFO: &#x9;Container istio-egressgateway ready: true, restart count 0&#xA;Sep 19 07:53:00.729: INFO: k8s-master-10.46.6.173 started at &lt;nil&gt; (0+0 container statuses recorded)&#xA;Sep 19 07:53:00.729: INFO: grafana-77676f44f7-c9wr6 started at 2018-09-17 07:17:28 +0000 UTC (0+1 container statuses recorded)&#xA;Sep 19 07:53:00.729: INFO: &#x9;Container grafana ready: true, restart count 1&#xA;Sep 19 07:53:00.729: INFO: security-onboarding-tkf79 started at 2018-09-17 07:18:12 +0000 UTC (0+1 container statuses recorded)&#xA;Sep 19 07:53:00.729: INFO: &#x9;Container security-onboarding ready: false, restart count 0&#xA;Sep 19 07:53:00.729: INFO: istio-egressgateway-54448bcdbd-xmkbc started at 2018-09-17 07:24:11 +0000 UTC (0+1 container statuses recorded)&#xA;Sep 19 07:53:00.729: INFO: &#x9;Container istio-egressgateway ready: true, restart count 0&#xA;Sep 19 07:53:00.729: INFO: tiller-deploy-6b58875cb-5l8kh started at 2018-09-17 07:05:28 +0000 UTC (0+1 container statuses recorded)&#xA;Sep 19 07:53:00.729: INFO: &#x9;Container tiller ready: true, restart count 0&#xA;Sep 19 07:53:00.729: INFO: unified-router-lkwnl started at 2018-09-17 07:15:31 +0000 UTC (0+1 container statuses recorded)&#xA;Sep 19 07:53:00.729: INFO: &#x9;Container unified-router ready: true, restart count 0&#xA;Sep 19 07:53:00.729: INFO: istio-ingressgateway-7bc96d6585-smf45 started at 2018-09-17 07:17:28 +0000 UTC (0+1 container statuses recorded)&#xA;Sep 19 07:53:00.729: INFO: &#x9;Container istio-ingressgateway ready: true, restart count 0&#xA;Sep 19 07:53:00.729: INFO: default-backend-54966589c4-4d47g started at 2018-09-17 07:08:29 +0000 UTC (0+1 container statuses recorded)&#xA;Sep 19 07:53:00.729: INFO: &#x9;Container default-backend ready: true, restart count 0&#xA;Sep 19 07:53:00.729: INFO: platform-ui-6fjgx started at 2018-09-17 07:14:34 +0000 UTC (0+1 container statuses recorded)&#xA;Sep 19 07:53:00.729: INFO: &#x9;Container platform-ui ready: true, restart count 0&#xA;Sep 19 07:53:00.729: INFO: monitoring-prometheus-nodeexporter-f84fv started at 2018-09-17 07:15:45 +0000 UTC (0+2 container statuses recorded)&#xA;Sep 19 07:53:00.729: INFO: &#x9;Container nodeexporter ready: true, restart count 0&#xA;Sep 19 07:53:00.729: INFO: &#x9;Container router ready: true, restart count 0&#xA;Sep 19 07:53:00.729: INFO: prometheus-6f98d89664-wh7pb started at 2018-09-17 07:17:31 +0000 UTC (0+1 container statuses recorded)&#xA;Sep 19 07:53:00.729: INFO: &#x9;Container prometheus ready: true, restart count 0&#xA;Sep 19 07:53:00.729: INFO: vulnerability-advisor-live-crawler-p6khc started at 2018-09-17 07:19:02 +0000 UTC (0+1 container statuses recorded)&#xA;Sep 19 07:53:00.729: INFO: &#x9;Container live-crawler ready: true, restart count 0&#xA;Sep 19 07:53:00.729: INFO: service-catalog-apiserver-967x9 started at 2018-09-17 07:08:20 +0000 UTC (0+1 container statuses recorded)&#xA;Sep 19 07:53:00.729: INFO: &#x9;Container apiserver ready: true, restart count 0&#xA;Sep 19 07:53:00.729: INFO: oidc-client-registration-szxrk started at 2018-09-17 07:10:05 +0000 UTC (0+1 container statuses recorded)&#xA;Sep 19 07:53:00.729: INFO: &#x9;Container oidc-client-registration ready: false, restart count 0&#xA;Sep 19 07:53:00.729: INFO: kiali-7f8c59df94-25qmq started at 2018-09-17 07:17:27 +0000 UTC (0+1 container statuses recorded)&#xA;Sep 19 07:53:00.729: INFO: &#x9;Container kiali ready: true, restart count 0&#xA;Sep 19 07:53:00.729: INFO: kube-dns-mwjc8 started at 2018-09-17 07:06:10 +0000 UTC (0+1 container statuses recorded)&#xA;Sep 19 07:53:00.729: INFO: &#x9;Container kube-dns ready: true, restart count 0&#xA;Sep 19 07:53:00.729: INFO: auth-pdp-tk2jm started at 2018-09-17 07:10:28 +0000 UTC (5+2 container statuses recorded)&#xA;Sep 19 07:53:00.729: INFO: &#x9;Init container init-auth-service ready: true, restart count 0&#xA;Sep 19 07:53:00.729: INFO: &#x9;Init container init-identity-provider ready: true, restart count 0&#xA;Sep 19 07:53:00.729: INFO: &#x9;Init container init-identity-manager ready: true, restart count 0&#xA;Sep 19 07:53:00.729: INFO: &#x9;Init container init-token-service ready: true, restart count 0&#xA;Sep 19 07:53:00.729: INFO: &#x9;Init container init-pap ready: true, restart count 0&#xA;Sep 19 07:53:00.729: INFO: &#x9;Container auth-pdp ready: true, restart count 0&#xA;Sep 19 07:53:00.729: INFO: &#x9;Container icp-audit-service ready: true, restart count 0&#xA;Sep 19 07:53:00.729: INFO: icp-management-ingress-x6qn8 started at 2018-09-17 07:10:36 +0000 UTC (0+1 container statuses recorded)&#xA;Sep 19 07:53:00.729: INFO: &#x9;Container icp-management-ingress ready: true, restart count 0&#xA;Sep 19 07:53:00.729: INFO: istio-egressgateway-54448bcdbd-cqlhf started at 2018-09-17 07:24:11 +0000 UTC (0+1 container statuses recorded)&#xA;Sep 19 07:53:00.729: INFO: &#x9;Container istio-egressgateway ready: true, restart count 0&#xA;Sep 19 07:53:00.729: INFO: heapster-69b486565b-nt26r started at 2018-09-17 07:13:48 +0000 UTC (0+1 container statuses recorded)&#xA;Sep 19 07:53:00.729: INFO: &#x9;Container heapster ready: true, restart count 0&#xA;Sep 19 07:53:00.729: INFO: istio-galley-687cd96db-hlpng started at 2018-09-17 07:17:28 +0000 UTC (0+1 container statuses recorded)&#xA;Sep 19 07:53:00.729: INFO: &#x9;Container validator ready: true, restart count 0&#xA;Sep 19 07:53:00.729: INFO: istio-tracing-77ccfc8844-79ngl started at 2018-09-17 07:17:32 +0000 UTC (0+1 container statuses recorded)&#xA;Sep 19 07:53:00.729: INFO: &#x9;Container jaeger ready: true, restart count 0&#xA;Sep 19 07:53:00.729: INFO: audit-logging-fluentd-ds-dhcg6 started at 2018-09-17 07:18:46 +0000 UTC (0+1 container statuses recorded)&#xA;Sep 19 07:53:00.729: INFO: &#x9;Container fluentd ready: true, restart count 0&#xA;Sep 19 07:53:00.730: INFO: istio-ingressgateway-7bc96d6585-m567m started at 2018-09-17 07:20:41 +0000 UTC (0+1 container statuses recorded)&#xA;Sep 19 07:53:00.730: INFO: &#x9;Container istio-ingressgateway ready: true, restart count 0&#xA;Sep 19 07:53:00.730: INFO: helm-api-fdd886877-6pwm8 started at 2018-09-17 07:16:36 +0000 UTC (0+3 container statuses recorded)&#xA;Sep 19 07:53:00.730: INFO: &#x9;Container audit-service ready: true, restart count 0&#xA;Sep 19 07:53:00.730: INFO: &#x9;Container helmapi ready: true, restart count 0&#xA;Sep 19 07:53:00.730: INFO: &#x9;Container rudder ready: true, restart count 0&#xA;Sep 19 07:53:00.730: INFO: istio-egressgateway-54448bcdbd-f4v6v started at 2018-09-17 07:17:29 +0000 UTC (0+1 container statuses recorded)&#xA;Sep 19 07:53:00.730: INFO: &#x9;Container istio-egressgateway ready: true, restart count 0&#xA;Sep 19 07:53:00.730: INFO: istio-citadel-77694dc965-mwqkp started at 2018-09-17 07:17:31 +0000 UTC (0+1 container statuses recorded)&#xA;Sep 19 07:53:00.730: INFO: &#x9;Container citadel ready: true, restart count 0&#xA;Sep 19 07:53:00.730: INFO: vulnerability-advisor-process-ma-crawler-96728 started at 2018-09-17 07:19:03 +0000 UTC (0+1 container statuses recorded)&#xA;Sep 19 07:53:00.730: INFO: &#x9;Container process-ma-crawler ready: true, restart count 0&#xA;Sep 19 07:53:00.730: INFO: istio-telemetry-8b5964dc7-rfswc started at 2018-09-17 07:19:39 +0000 UTC (0+2 container statuses recorded)&#xA;Sep 19 07:53:00.730: INFO: &#x9;Container istio-proxy ready: true, restart count 0&#xA;Sep 19 07:53:00.730: INFO: &#x9;Container mixer ready: true, restart count 0&#xA;Sep 19 07:53:00.862: INFO: &#xA;Latency metrics for node 10.46.6.173&#xA;STEP: Dumping a list of prepulled images on each node to file /tmp/results/image-puller.txt&#xA;Sep 19 07:53:00.876: INFO: Waiting up to 3m0s for all (but 0) nodes to be ready&#xA;STEP: Destroying namespace &#34;e2e-tests-statefulset-g9l6p&#34; for this suite.&#xA;Sep 19 07:53:06.918: INFO: Waiting up to 30s for server preferred namespaced resources to be successfully discovered&#xA;Sep 19 07:53:07.936: INFO: namespace: e2e-tests-statefulset-g9l6p, resource: bindings, ignored listing per whitelist&#xA;Sep 19 07:53:08.853: INFO: namespace e2e-tests-statefulset-g9l6p deletion completed in 7.971055453s&#xA;</system-out>
      </testcase>
      <testcase name="[sig-network] DNS configMap nameserver Forward PTR lookup should forward PTR records lookup to upstream nameserver [Slow][Serial]" classname="Kubernetes e2e suite" time="0">
          <skipped></skipped>
      </testcase>
      <testcase name="[sig-storage] Subpath [Volume type: gluster] should support existing directories when readOnly specified in the volumeSource" classname="Kubernetes e2e suite" time="0">
          <skipped></skipped>
      </testcase>
      <testcase name="[sig-storage] Subpath [Volume type: nfsPVC] should fail for new directories when readOnly specified in the volumeSource" classname="Kubernetes e2e suite" time="0">
          <skipped></skipped>
      </testcase>
      <testcase name="[sig-apps] ReplicationController should adopt matching pods on creation" classname="Kubernetes e2e suite" time="0">
          <skipped></skipped>
      </testcase>
      <testcase name="[sig-autoscaling] Cluster size autoscaling [Slow] should increase cluster size if pending pods are small [Feature:ClusterSizeAutoscalingScaleUp]" classname="Kubernetes e2e suite" time="0">
          <skipped></skipped>
      </testcase>
      <testcase name="[sig-storage] Subpath [Volume type: nfsPVC] should fail if subpath with backstepping is outside the volume [Slow]" classname="Kubernetes e2e suite" time="0">
          <skipped></skipped>
      </testcase>
      <testcase name="[sig-apps] ReplicationController should surface a failure condition on a common issue like exceeded quota" classname="Kubernetes e2e suite" time="0">
          <skipped></skipped>
      </testcase>
      <testcase name="[sig-storage] Projected should be consumable from pods in volume as non-root with defaultMode and fsGroup set [NodeConformance] [Conformance]" classname="Kubernetes e2e suite" time="12.502483594"></testcase>
      <testcase name="[sig-scalability] Load capacity [Feature:ManualPerformance] should be able to handle 30 pods per node {extensions Deployment} with 0 secrets, 2 configmaps and 0 daemons" classname="Kubernetes e2e suite" time="0">
          <skipped></skipped>
      </testcase>
      <testcase name="[sig-storage] PersistentVolumes-local  [Volume type: gce-localssd-scsi-fs] [Serial] One pod requesting one prebound PVC should be able to mount volume and read from pod1" classname="Kubernetes e2e suite" time="0">
          <skipped></skipped>
      </testcase>
      <testcase name="[k8s.io] Sysctls [NodeFeature:Sysctls] should not launch unsafe, but not explicitly enabled sysctls on the node" classname="Kubernetes e2e suite" time="0">
          <skipped></skipped>
      </testcase>
      <testcase name="[sig-network] Loadbalancing: L7 Scalability GCE [Slow] [Serial] [Feature:IngressScale] Creating and updating ingresses should happen promptly with small/medium/large amount of ingresses" classname="Kubernetes e2e suite" time="0">
          <skipped></skipped>
      </testcase>
      <testcase name="[sig-network] Services should be able to change the type from ExternalName to ClusterIP" classname="Kubernetes e2e suite" time="0">
          <skipped></skipped>
      </testcase>
      <testcase name="[sig-storage] Subpath [Volume type: gcePDPVC] should support file as subpath" classname="Kubernetes e2e suite" time="0">
          <skipped></skipped>
      </testcase>
      <testcase name="[sig-storage] Projected should be consumable from pods in volume with mappings [NodeConformance] [Conformance]" classname="Kubernetes e2e suite" time="10.573479571"></testcase>
      <testcase name="[k8s.io] Cluster size autoscaler scalability [Slow] CA ignores unschedulable pods while scheduling schedulable pods [Feature:ClusterAutoscalerScalability6]" classname="Kubernetes e2e suite" time="0">
          <skipped></skipped>
      </testcase>
      <testcase name="[sig-scheduling] ResourceQuota should create a ResourceQuota and capture the life of a pod." classname="Kubernetes e2e suite" time="0">
          <skipped></skipped>
      </testcase>
      <testcase name="[sig-cluster-lifecycle] gpu Upgrade [Feature:GPUUpgrade] cluster upgrade should be able to run gpu pod after upgrade [Feature:GPUClusterUpgrade]" classname="Kubernetes e2e suite" time="0">
          <skipped></skipped>
      </testcase>
      <testcase name="[sig-instrumentation] Cluster level logging implemented by Stackdriver should ingest system logs from all nodes [Feature:StackdriverLogging]" classname="Kubernetes e2e suite" time="0">
          <skipped></skipped>
      </testcase>
      <testcase name="[sig-api-machinery] Namespaces [Serial] should ensure that all services are removed when a namespace is deleted." classname="Kubernetes e2e suite" time="0">
          <skipped></skipped>
      </testcase>
      <testcase name="[sig-network] Services should use same NodePort with same port but different protocols" classname="Kubernetes e2e suite" time="0">
          <skipped></skipped>
      </testcase>
      <testcase name="[sig-storage] Subpath [Volume type: hostPathSymlink] should unmount if pod is force deleted while kubelet is down [Disruptive][Slow]" classname="Kubernetes e2e suite" time="0">
          <skipped></skipped>
      </testcase>
      <testcase name="[sig-autoscaling] Cluster size autoscaling [Slow] should correctly scale down after a node is not needed [Feature:ClusterSizeAutoscalingScaleDown]" classname="Kubernetes e2e suite" time="0">
          <skipped></skipped>
      </testcase>
      <testcase name="[sig-storage] Dynamic Provisioning DynamicProvisioner Default should be disabled by changing the default annotation [Serial] [Disruptive]" classname="Kubernetes e2e suite" time="0">
          <skipped></skipped>
      </testcase>
      <testcase name="[sig-storage] Subpath [Volume type: gcePDPartitioned] should unmount if pod is gracefully deleted while kubelet is down [Disruptive][Slow]" classname="Kubernetes e2e suite" time="0">
          <skipped></skipped>
      </testcase>
      <testcase name="[sig-storage] Subpath [Volume type: hostPathSymlink] should support file as subpath" classname="Kubernetes e2e suite" time="0">
          <skipped></skipped>
      </testcase>
      <testcase name="[sig-storage] Subpath [Volume type: nfsPVC] should unmount if pod is gracefully deleted while kubelet is down [Disruptive][Slow]" classname="Kubernetes e2e suite" time="0">
          <skipped></skipped>
      </testcase>
      <testcase name="[sig-storage] ConfigMap should be consumable from pods in volume as non-root [NodeConformance] [Conformance]" classname="Kubernetes e2e suite" time="14.653024129"></testcase>
      <testcase name="[sig-scheduling] Multi-AZ Cluster Volumes [sig-storage] should schedule pods in the same zones as statically provisioned PVs" classname="Kubernetes e2e suite" time="0">
          <skipped></skipped>
      </testcase>
      <testcase name="[sig-autoscaling] Cluster size autoscaling [Slow] should scale up correct target pool [Feature:ClusterSizeAutoscalingScaleUp]" classname="Kubernetes e2e suite" time="0">
          <skipped></skipped>
      </testcase>
      <testcase name="[sig-network] Services [Feature:GCEAlphaFeature][Slow] should be able to create and tear down a standard-tier load balancer [Slow]" classname="Kubernetes e2e suite" time="0">
          <skipped></skipped>
      </testcase>
      <testcase name="[sig-autoscaling] Cluster size autoscaling [Slow] Should be able to scale a node group up from 0[Feature:ClusterSizeAutoscalingScaleUp]" classname="Kubernetes e2e suite" time="0">
          <skipped></skipped>
      </testcase>
      <testcase name="[sig-instrumentation] Logging soak [Performance] [Slow] [Disruptive] should survive logging 1KB every 1s seconds, for a duration of 2m0s, scaling up to 1 pods per node" classname="Kubernetes e2e suite" time="0">
          <skipped></skipped>
      </testcase>
      <testcase name="[sig-autoscaling] Cluster size autoscaling [Slow] Should scale up GPU pool from 0 [GpuType:nvidia-tesla-k80] [Feature:ClusterSizeAutoscalingGpu]" classname="Kubernetes e2e suite" time="0">
          <skipped></skipped>
      </testcase>
      <testcase name="[sig-storage] Volumes PD should be mountable with xfs" classname="Kubernetes e2e suite" time="0">
          <skipped></skipped>
      </testcase>
      <testcase name="[sig-storage] Storage Policy Based Volume Provisioning [Feature:vsphere] verify if a non-existing SPBM policy is not honored for dynamically provisioned pvc using storageclass" classname="Kubernetes e2e suite" time="0">
          <skipped></skipped>
      </testcase>
      <testcase name="[sig-apps] Job should delete a job" classname="Kubernetes e2e suite" time="0">
          <skipped></skipped>
      </testcase>
      <testcase name="[sig-autoscaling] [HPA] Horizontal pod autoscaling (scale resource: CPU) [sig-autoscaling] [Serial] [Slow] Deployment Should scale from 1 pod to 3 pods and from 3 to 5" classname="Kubernetes e2e suite" time="0">
          <skipped></skipped>
      </testcase>
      <testcase name="[sig-storage] Pod Disks schedule pods each with a PD, delete pod and verify detach [Slow] for read-only PD with pod delete grace period of &#34;default (30s)&#34;" classname="Kubernetes e2e suite" time="0">
          <skipped></skipped>
      </testcase>
      <testcase name="[k8s.io] [sig-node] Security Context [Feature:SecurityContext] should support seccomp default which is unconfined [Feature:Seccomp]" classname="Kubernetes e2e suite" time="0">
          <skipped></skipped>
      </testcase>
      <testcase name="[sig-storage] Secrets should be consumable from pods in volume [NodeConformance] [Conformance]" classname="Kubernetes e2e suite" time="14.436088699999999"></testcase>
      <testcase name="[sig-storage] Subpath [Volume type: nfs] should fail if subpath file is outside the volume [Slow]" classname="Kubernetes e2e suite" time="0">
          <skipped></skipped>
      </testcase>
      <testcase name="[sig-cluster-lifecycle] gpu Upgrade [Feature:GPUUpgrade] cluster downgrade should be able to run gpu pod after downgrade [Feature:GPUClusterDowngrade]" classname="Kubernetes e2e suite" time="0">
          <skipped></skipped>
      </testcase>
      <testcase name="[sig-storage] Subpath [Volume type: nfsPVC] should support restarting containers using directory as subpath [Slow]" classname="Kubernetes e2e suite" time="0">
          <skipped></skipped>
      </testcase>
      <testcase name="[sig-storage] Subpath [Volume type: hostPath] should support creating multiple subpath from same volumes [Slow]" classname="Kubernetes e2e suite" time="0">
          <skipped></skipped>
      </testcase>
      <testcase name="[sig-storage] PV Protection Verify that PV bound to a PVC is not removed immediately" classname="Kubernetes e2e suite" time="0">
          <skipped></skipped>
      </testcase>
      <testcase name="[k8s.io] [sig-node] kubelet [k8s.io] [sig-node] Clean up pods on node kubelet should be able to delete 10 pods per node in 1m0s." classname="Kubernetes e2e suite" time="0">
          <skipped></skipped>
      </testcase>
      <testcase name="[sig-cluster-lifecycle] Reboot [Disruptive] [Feature:Reboot] each node by ordering unclean reboot and ensure they function upon restart" classname="Kubernetes e2e suite" time="0">
          <skipped></skipped>
      </testcase>
      <testcase name="[k8s.io] Probing container should *not* be restarted with a exec &#34;cat /tmp/health&#34; liveness probe [NodeConformance] [Conformance]" classname="Kubernetes e2e suite" time="257.112967519"></testcase>
      <testcase name="[sig-storage] Subpath [Volume type: gluster] should support creating multiple subpath from same volumes [Slow]" classname="Kubernetes e2e suite" time="0">
          <skipped></skipped>
      </testcase>
      <testcase name="[sig-storage] PVC Protection Verify that scheduling of a pod that uses PVC that is being deleted fails and the pod becomes Unschedulable" classname="Kubernetes e2e suite" time="0">
          <skipped></skipped>
      </testcase>
      <testcase name="[sig-storage] Projected should be consumable from pods in volume with mappings as non-root [NodeConformance] [Conformance]" classname="Kubernetes e2e suite" time="12.535436424"></testcase>
      <testcase name="[sig-storage] Subpath [Volume type: hostPath] should support existing single file" classname="Kubernetes e2e suite" time="0">
          <skipped></skipped>
      </testcase>
      <testcase name="[sig-storage] Storage Policy Based Volume Provisioning [Feature:vsphere] verify clean up of stale dummy VM for dynamically provisioned pvc using SPBM policy" classname="Kubernetes e2e suite" time="0">
          <skipped></skipped>
      </testcase>
      <testcase name="[sig-network] Networking Granular Checks: Services [Slow] should update nodePort: udp [Slow]" classname="Kubernetes e2e suite" time="0">
          <skipped></skipped>
      </testcase>
      <testcase name="[sig-storage] Subpath [Volume type: hostPathSymlink] should support creating multiple subpath from same volumes [Slow]" classname="Kubernetes e2e suite" time="0">
          <skipped></skipped>
      </testcase>
      <testcase name="[sig-storage] Subpath [Volume type: hostPathSymlink] should fail if non-existent subpath is outside the volume [Slow]" classname="Kubernetes e2e suite" time="0">
          <skipped></skipped>
      </testcase>
      <testcase name="[k8s.io] [sig-node] Security Context [Feature:SecurityContext] should support pod.Spec.SecurityContext.RunAsUser And pod.Spec.SecurityContext.RunAsGroup [Feature:RunAsGroup]" classname="Kubernetes e2e suite" time="0">
          <skipped></skipped>
      </testcase>
      <testcase name="[k8s.io] Cluster size autoscaler scalability [Slow] should scale up twice [Feature:ClusterAutoscalerScalability2]" classname="Kubernetes e2e suite" time="0">
          <skipped></skipped>
      </testcase>
      <testcase name="[sig-storage] PersistentVolumes-local  [Volume type: dir-link] Set fsGroup for local volume should set same fsGroup for two pods simultaneously" classname="Kubernetes e2e suite" time="0">
          <skipped></skipped>
      </testcase>
      <testcase name="[k8s.io] [sig-node] Security Context [Feature:SecurityContext] should support container.SecurityContext.RunAsUser And container.SecurityContext.RunAsGroup [Feature:RunAsGroup]" classname="Kubernetes e2e suite" time="0">
          <skipped></skipped>
      </testcase>
      <testcase name="[sig-storage] PersistentVolumes-local  [Volume type: tmpfs] One pod requesting one prebound PVC should be able to mount volume and write from pod1" classname="Kubernetes e2e suite" time="0">
          <skipped></skipped>
      </testcase>
      <testcase name="[sig-storage] PersistentVolumes [Feature:ReclaimPolicy] [sig-storage] persistentvolumereclaim:vsphere should not detach and unmount PV when associated pvc with delete as reclaimPolicy is deleted when it is in use by the pod" classname="Kubernetes e2e suite" time="0">
          <skipped></skipped>
      </testcase>
      <testcase name="[sig-api-machinery] Watchers should observe an object deletion if it stops meeting the requirements of the selector [Conformance]" classname="Kubernetes e2e suite" time="18.477302113"></testcase>
      <testcase name="[sig-cli] Kubectl Port forwarding [k8s.io] With a server listening on localhost [k8s.io] that expects NO client request should support a client that connects, sends DATA, and disconnects" classname="Kubernetes e2e suite" time="0">
          <skipped></skipped>
      </testcase>
      <testcase name="[sig-storage] EmptyDir volumes should support (non-root,0777,default) [NodeConformance] [Conformance]" classname="Kubernetes e2e suite" time="10.589331761"></testcase>
      <testcase name="[sig-cli] Kubectl client [k8s.io] Kubectl run pod should create a pod from an image when restart is Never  [Conformance]" classname="Kubernetes e2e suite" time="0">
          <skipped></skipped>
      </testcase>
      <testcase name="[sig-storage] Projected should set mode on item file [NodeConformance] [Conformance]" classname="Kubernetes e2e suite" time="14.586021923"></testcase>
      <testcase name="[sig-storage] Subpath [Volume type: gcePDPartitioned] should fail if subpath directory is outside the volume [Slow]" classname="Kubernetes e2e suite" time="0">
          <skipped></skipped>
      </testcase>
      <testcase name="[sig-cli] Kubectl client [k8s.io] Update Demo should do a rolling update of a replication controller  [Conformance]" classname="Kubernetes e2e suite" time="0">
          <skipped></skipped>
      </testcase>
      <testcase name="[sig-storage] Volume plugin streaming [Slow] GlusterFS should write files of various sizes, verify size, validate content" classname="Kubernetes e2e suite" time="0">
          <skipped></skipped>
      </testcase>
      <testcase name="[sig-scheduling] SchedulerPredicates [Serial] validates that taints-tolerations is respected if matching" classname="Kubernetes e2e suite" time="0">
          <skipped></skipped>
      </testcase>
      <testcase name="[sig-storage] Projected should update annotations on modification [NodeConformance] [Conformance]" classname="Kubernetes e2e suite" time="33.094363132"></testcase>
      <testcase name="[sig-storage] Projected should be consumable from pods in volume [NodeConformance] [Conformance]" classname="Kubernetes e2e suite" time="14.537277251999999"></testcase>
      <testcase name="[k8s.io] Docker Containers should be able to override the image&#39;s default command (docker entrypoint) [NodeConformance] [Conformance]" classname="Kubernetes e2e suite" time="16.512258126"></testcase>
      <testcase name="[sig-storage] Pod Disks detach in a disrupted environment [Slow] [Disruptive] when pod is evicted" classname="Kubernetes e2e suite" time="0">
          <skipped></skipped>
      </testcase>
      <testcase name="[sig-storage] Volumes iSCSI [Feature:Volumes] should be mountable" classname="Kubernetes e2e suite" time="0">
          <skipped></skipped>
      </testcase>
      <testcase name="[sig-scheduling] SchedulerPriorities [Serial] Pod should perfer to scheduled to nodes pod can tolerate" classname="Kubernetes e2e suite" time="0">
          <skipped></skipped>
      </testcase>
      <testcase name="[sig-cluster-lifecycle] [Feature:BootstrapTokens] should sign the new added bootstrap tokens" classname="Kubernetes e2e suite" time="0">
          <skipped></skipped>
      </testcase>
      <testcase name="[sig-storage] Subpath [Volume type: gcePDPVC] should support restarting containers using directory as subpath [Slow]" classname="Kubernetes e2e suite" time="0">
          <skipped></skipped>
      </testcase>
      <testcase name="[sig-storage] Ephemeralstorage When pod refers to non-existent ephemeral storage should allow deletion of pod with invalid volume : configmap" classname="Kubernetes e2e suite" time="0">
          <skipped></skipped>
      </testcase>
      <testcase name="[sig-scheduling] SchedulerPredicates [Serial] validates that taints-tolerations is respected if not matching" classname="Kubernetes e2e suite" time="0">
          <skipped></skipped>
      </testcase>
      <testcase name="[sig-autoscaling] Cluster size autoscaling [Slow] Should scale down GPU pool from 1 [GpuType:nvidia-tesla-v100] [Feature:ClusterSizeAutoscalingGpu]" classname="Kubernetes e2e suite" time="0">
          <skipped></skipped>
      </testcase>
      <testcase name="[sig-scheduling] ResourceQuota should create a ResourceQuota and capture the life of a persistent volume claim. [sig-storage]" classname="Kubernetes e2e suite" time="0">
          <skipped></skipped>
      </testcase>
      <testcase name="[sig-network] Services should have session affinity work for LoadBalancer service with ESIPP off [Slow] [DisabledForLargeClusters]" classname="Kubernetes e2e suite" time="0">
          <skipped></skipped>
      </testcase>
      <testcase name="[sig-storage] EmptyDir volumes when FSGroup is specified [NodeFeature:FSGroup] files with FSGroup ownership should support (root,0644,tmpfs)" classname="Kubernetes e2e suite" time="0">
          <skipped></skipped>
      </testcase>
      <testcase name="[sig-network] Loadbalancing: L7 GCE [Slow] [Feature:Ingress] should create ingress with pre-shared certificate" classname="Kubernetes e2e suite" time="0">
          <skipped></skipped>
      </testcase>
      <testcase name="[sig-storage] EmptyDir volumes when FSGroup is specified [NodeFeature:FSGroup] nonexistent volume subPath should have the correct mode and owner using FSGroup" classname="Kubernetes e2e suite" time="0">
          <skipped></skipped>
      </testcase>
      <testcase name="[sig-network] Service endpoints latency should not be very high  [Conformance]" classname="Kubernetes e2e suite" time="23.080483717">
          <failure type="Failure">/workspace/anago-v1.11.2-beta.0.50+bb9ffb1654d4a7/src/k8s.io/kubernetes/_output/dockerized/go/src/k8s.io/kubernetes/test/e2e/framework/framework.go:684&#xA;Sep 19 08:00:31.074: Did not get a good sample size: []&#xA;Less than two runs succeeded; aborting.&#xA;Not all RC/pod/service trials succeeded: Error creating replication controller: timed out waiting for the condition&#xA;/workspace/anago-v1.11.2-beta.0.50+bb9ffb1654d4a7/src/k8s.io/kubernetes/_output/dockerized/go/src/k8s.io/kubernetes/test/e2e/network/service_latency.go:95</failure>
          <system-out>[BeforeEach] [sig-network] Service endpoints latency&#xA;  /workspace/anago-v1.11.2-beta.0.50+bb9ffb1654d4a7/src/k8s.io/kubernetes/_output/dockerized/go/src/k8s.io/kubernetes/test/e2e/framework/framework.go:141&#xA;STEP: Creating a kubernetes client&#xA;Sep 19 08:00:18.465: INFO: &gt;&gt;&gt; kubeConfig: /tmp/kubeconfig-172917420&#xA;STEP: Building a namespace api object&#xA;STEP: Binding the e2e-test-privileged-psp PodSecurityPolicy to the default service account in e2e-tests-svc-latency-jxx99&#xA;STEP: Waiting for a default service account to be provisioned in namespace&#xA;[It] should not be very high  [Conformance]&#xA;  /workspace/anago-v1.11.2-beta.0.50+bb9ffb1654d4a7/src/k8s.io/kubernetes/_output/dockerized/go/src/k8s.io/kubernetes/test/e2e/framework/framework.go:684&#xA;STEP: creating replication controller svc-latency-rc in namespace e2e-tests-svc-latency-jxx99&#xA;Sep 19 08:00:31.074: INFO: Did not get a good sample size: []&#xA;Less than two runs succeeded; aborting.&#xA;Not all RC/pod/service trials succeeded: Error creating replication controller: timed out waiting for the condition&#xA;[AfterEach] [sig-network] Service endpoints latency&#xA;  /workspace/anago-v1.11.2-beta.0.50+bb9ffb1654d4a7/src/k8s.io/kubernetes/_output/dockerized/go/src/k8s.io/kubernetes/test/e2e/framework/framework.go:142&#xA;STEP: Collecting events from namespace &#34;e2e-tests-svc-latency-jxx99&#34;.&#xA;STEP: Found 0 events.&#xA;Sep 19 08:00:31.130: INFO: POD                                                              NODE         PHASE      GRACE  CONDITIONS&#xA;Sep 19 08:00:31.130: INFO: ibm-cert-manager-cert-manager-74687f689b-7994r                   10.46.6.173  Running           [{Initialized True 0001-01-01 00:00:00 +0000 UTC 2018-09-17 07:07:12 +0000 UTC  } {Ready True 0001-01-01 00:00:00 +0000 UTC 2018-09-17 07:07:37 +0000 UTC  } {ContainersReady True 0001-01-01 00:00:00 +0000 UTC 0001-01-01 00:00:00 +0000 UTC  } {PodScheduled True 0001-01-01 00:00:00 +0000 UTC 2018-09-17 07:07:12 +0000 UTC  }]&#xA;Sep 19 08:00:31.130: INFO: sonobuoy                                                         10.46.6.170  Running           [{Initialized True 0001-01-01 00:00:00 +0000 UTC 2018-09-19 07:22:02 +0000 UTC  } {Ready True 0001-01-01 00:00:00 +0000 UTC 2018-09-19 07:22:08 +0000 UTC  } {ContainersReady True 0001-01-01 00:00:00 +0000 UTC 0001-01-01 00:00:00 +0000 UTC  } {PodScheduled True 0001-01-01 00:00:00 +0000 UTC 2018-09-19 07:22:02 +0000 UTC  }]&#xA;Sep 19 08:00:31.130: INFO: sonobuoy-e2e-job-c3f9b53ea97c48a2                                10.46.6.170  Running           [{Initialized True 0001-01-01 00:00:00 +0000 UTC 2018-09-19 07:22:08 +0000 UTC  } {Ready True 0001-01-01 00:00:00 +0000 UTC 2018-09-19 07:22:25 +0000 UTC  } {ContainersReady True 0001-01-01 00:00:00 +0000 UTC 0001-01-01 00:00:00 +0000 UTC  } {PodScheduled True 0001-01-01 00:00:00 +0000 UTC 2018-09-19 07:22:08 +0000 UTC  }]&#xA;Sep 19 08:00:31.130: INFO: grafana-77676f44f7-c9wr6                                         10.46.6.173  Running           [{Initialized True 0001-01-01 00:00:00 +0000 UTC 2018-09-17 07:17:28 +0000 UTC  } {Ready True 0001-01-01 00:00:00 +0000 UTC 2018-09-17 07:20:34 +0000 UTC  } {ContainersReady True 0001-01-01 00:00:00 +0000 UTC 0001-01-01 00:00:00 +0000 UTC  } {PodScheduled True 0001-01-01 00:00:00 +0000 UTC 2018-09-17 07:17:27 +0000 UTC  }]&#xA;Sep 19 08:00:31.130: INFO: istio-citadel-77694dc965-mwqkp                                   10.46.6.173  Running           [{Initialized True 0001-01-01 00:00:00 +0000 UTC 2018-09-17 07:17:31 +0000 UTC  } {Ready True 0001-01-01 00:00:00 +0000 UTC 2018-09-17 07:18:30 +0000 UTC  } {ContainersReady True 0001-01-01 00:00:00 +0000 UTC 0001-01-01 00:00:00 +0000 UTC  } {PodScheduled True 0001-01-01 00:00:00 +0000 UTC 2018-09-17 07:17:28 +0000 UTC  }]&#xA;Sep 19 08:00:31.130: INFO: istio-egressgateway-54448bcdbd-cqlhf                             10.46.6.173  Running           [{Initialized True 0001-01-01 00:00:00 +0000 UTC 2018-09-17 07:24:11 +0000 UTC  } {Ready True 0001-01-01 00:00:00 +0000 UTC 2018-09-17 07:25:19 +0000 UTC  } {ContainersReady True 0001-01-01 00:00:00 +0000 UTC 0001-01-01 00:00:00 +0000 UTC  } {PodScheduled True 0001-01-01 00:00:00 +0000 UTC 2018-09-17 07:24:10 +0000 UTC  }]&#xA;Sep 19 08:00:31.130: INFO: istio-egressgateway-54448bcdbd-f4v6v                             10.46.6.173  Running           [{Initialized True 0001-01-01 00:00:00 +0000 UTC 2018-09-17 07:17:29 +0000 UTC  } {Ready True 0001-01-01 00:00:00 +0000 UTC 2018-09-17 07:18:31 +0000 UTC  } {ContainersReady True 0001-01-01 00:00:00 +0000 UTC 0001-01-01 00:00:00 +0000 UTC  } {PodScheduled True 0001-01-01 00:00:00 +0000 UTC 2018-09-17 07:17:27 +0000 UTC  }]&#xA;Sep 19 08:00:31.130: INFO: istio-egressgateway-54448bcdbd-lhh5c                             10.46.6.173  Running           [{Initialized True 0001-01-01 00:00:00 +0000 UTC 2018-09-17 07:20:07 +0000 UTC  } {Ready True 0001-01-01 00:00:00 +0000 UTC 2018-09-17 07:21:11 +0000 UTC  } {ContainersReady True 0001-01-01 00:00:00 +0000 UTC 0001-01-01 00:00:00 +0000 UTC  } {PodScheduled True 0001-01-01 00:00:00 +0000 UTC 2018-09-17 07:20:06 +0000 UTC  }]&#xA;Sep 19 08:00:31.130: INFO: istio-egressgateway-54448bcdbd-pjbtc                             10.46.6.173  Running           [{Initialized True 0001-01-01 00:00:00 +0000 UTC 2018-09-17 07:28:34 +0000 UTC  } {Ready True 0001-01-01 00:00:00 +0000 UTC 2018-09-17 07:29:40 +0000 UTC  } {ContainersReady True 0001-01-01 00:00:00 +0000 UTC 0001-01-01 00:00:00 +0000 UTC  } {PodScheduled True 0001-01-01 00:00:00 +0000 UTC 2018-09-17 07:28:34 +0000 UTC  }]&#xA;Sep 19 08:00:31.130: INFO: istio-egressgateway-54448bcdbd-xmkbc                             10.46.6.173  Running           [{Initialized True 0001-01-01 00:00:00 +0000 UTC 2018-09-17 07:24:11 +0000 UTC  } {Ready True 0001-01-01 00:00:00 +0000 UTC 2018-09-17 07:25:10 +0000 UTC  } {ContainersReady True 0001-01-01 00:00:00 +0000 UTC 0001-01-01 00:00:00 +0000 UTC  } {PodScheduled True 0001-01-01 00:00:00 +0000 UTC 2018-09-17 07:24:10 +0000 UTC  }]&#xA;Sep 19 08:00:31.130: INFO: istio-galley-687cd96db-hlpng                                     10.46.6.173  Running           [{Initialized True 0001-01-01 00:00:00 +0000 UTC 2018-09-17 07:17:28 +0000 UTC  } {Ready True 0001-01-01 00:00:00 +0000 UTC 2018-09-17 07:18:35 +0000 UTC  } {ContainersReady True 0001-01-01 00:00:00 +0000 UTC 0001-01-01 00:00:00 +0000 UTC  } {PodScheduled True 0001-01-01 00:00:00 +0000 UTC 2018-09-17 07:17:27 +0000 UTC  }]&#xA;Sep 19 08:00:31.130: INFO: istio-ingressgateway-7bc96d6585-4qnc5                            10.46.6.173  Running           [{Initialized True 0001-01-01 00:00:00 +0000 UTC 2018-09-17 07:24:14 +0000 UTC  } {Ready True 0001-01-01 00:00:00 +0000 UTC 2018-09-17 07:25:22 +0000 UTC  } {ContainersReady True 0001-01-01 00:00:00 +0000 UTC 0001-01-01 00:00:00 +0000 UTC  } {PodScheduled True 0001-01-01 00:00:00 +0000 UTC 2018-09-17 07:24:13 +0000 UTC  }]&#xA;Sep 19 08:00:31.130: INFO: istio-ingressgateway-7bc96d6585-c58zx                            10.46.6.173  Running           [{Initialized True 0001-01-01 00:00:00 +0000 UTC 2018-09-17 07:24:15 +0000 UTC  } {Ready True 0001-01-01 00:00:00 +0000 UTC 2018-09-17 07:25:19 +0000 UTC  } {ContainersReady True 0001-01-01 00:00:00 +0000 UTC 0001-01-01 00:00:00 +0000 UTC  } {PodScheduled True 0001-01-01 00:00:00 +0000 UTC 2018-09-17 07:24:14 +0000 UTC  }]&#xA;Sep 19 08:00:31.130: INFO: istio-ingressgateway-7bc96d6585-m567m                            10.46.6.173  Running           [{Initialized True 0001-01-01 00:00:00 +0000 UTC 2018-09-17 07:20:41 +0000 UTC  } {Ready True 0001-01-01 00:00:00 +0000 UTC 2018-09-17 07:21:43 +0000 UTC  } {ContainersReady True 0001-01-01 00:00:00 +0000 UTC 0001-01-01 00:00:00 +0000 UTC  } {PodScheduled True 0001-01-01 00:00:00 +0000 UTC 2018-09-17 07:20:41 +0000 UTC  }]&#xA;Sep 19 08:00:31.130: INFO: istio-ingressgateway-7bc96d6585-r98nr                            10.46.6.173  Running           [{Initialized True 0001-01-01 00:00:00 +0000 UTC 2018-09-17 07:28:10 +0000 UTC  } {Ready True 0001-01-01 00:00:00 +0000 UTC 2018-09-17 07:29:11 +0000 UTC  } {ContainersReady True 0001-01-01 00:00:00 +0000 UTC 0001-01-01 00:00:00 +0000 UTC  } {PodScheduled True 0001-01-01 00:00:00 +0000 UTC 2018-09-17 07:28:09 +0000 UTC  }]&#xA;Sep 19 08:00:31.130: INFO: istio-ingressgateway-7bc96d6585-smf45                            10.46.6.173  Running           [{Initialized True 0001-01-01 00:00:00 +0000 UTC 2018-09-17 07:17:28 +0000 UTC  } {Ready True 0001-01-01 00:00:00 +0000 UTC 2018-09-17 07:18:37 +0000 UTC  } {ContainersReady True 0001-01-01 00:00:00 +0000 UTC 0001-01-01 00:00:00 +0000 UTC  } {PodScheduled True 0001-01-01 00:00:00 +0000 UTC 2018-09-17 07:17:27 +0000 UTC  }]&#xA;Sep 19 08:00:31.130: INFO: istio-pilot-6cf9ccf474-kkb6j                                     10.46.6.173  Running           [{Initialized True 0001-01-01 00:00:00 +0000 UTC 2018-09-17 07:17:31 +0000 UTC  } {Ready True 0001-01-01 00:00:00 +0000 UTC 2018-09-17 07:19:28 +0000 UTC  } {ContainersReady True 0001-01-01 00:00:00 +0000 UTC 0001-01-01 00:00:00 +0000 UTC  } {PodScheduled True 0001-01-01 00:00:00 +0000 UTC 2018-09-17 07:17:27 +0000 UTC  }]&#xA;Sep 19 08:00:31.130: INFO: istio-policy-5b64d7fd64-5l2m9                                    10.46.6.173  Running           [{Initialized True 0001-01-01 00:00:00 +0000 UTC 2018-09-17 07:31:07 +0000 UTC  } {Ready True 0001-01-01 00:00:00 +0000 UTC 2018-09-17 07:31:51 +0000 UTC  } {ContainersReady True 0001-01-01 00:00:00 +0000 UTC 0001-01-01 00:00:00 +0000 UTC  } {PodScheduled True 0001-01-01 00:00:00 +0000 UTC 2018-09-17 07:31:06 +0000 UTC  }]&#xA;Sep 19 08:00:31.131: INFO: istio-policy-5b64d7fd64-fb4bc                                    10.46.6.173  Running           [{Initialized True 0001-01-01 00:00:00 +0000 UTC 2018-09-17 07:27:37 +0000 UTC  } {Ready True 0001-01-01 00:00:00 +0000 UTC 2018-09-17 07:28:39 +0000 UTC  } {ContainersReady True 0001-01-01 00:00:00 +0000 UTC 0001-01-01 00:00:00 +0000 UTC  } {PodScheduled True 0001-01-01 00:00:00 +0000 UTC 2018-09-17 07:27:36 +0000 UTC  }]&#xA;Sep 19 08:00:31.131: INFO: istio-policy-5b64d7fd64-jrlzt                                    10.46.6.173  Running           [{Initialized True 0001-01-01 00:00:00 +0000 UTC 2018-09-17 07:23:11 +0000 UTC  } {Ready True 0001-01-01 00:00:00 +0000 UTC 2018-09-17 07:24:08 +0000 UTC  } {ContainersReady True 0001-01-01 00:00:00 +0000 UTC 0001-01-01 00:00:00 +0000 UTC  } {PodScheduled True 0001-01-01 00:00:00 +0000 UTC 2018-09-17 07:23:10 +0000 UTC  }]&#xA;Sep 19 08:00:31.131: INFO: istio-policy-5b64d7fd64-pt9z2                                    10.46.6.173  Running           [{Initialized True 0001-01-01 00:00:00 +0000 UTC 2018-09-17 07:17:30 +0000 UTC  } {Ready True 0001-01-01 00:00:00 +0000 UTC 2018-09-17 07:19:02 +0000 UTC  } {ContainersReady True 0001-01-01 00:00:00 +0000 UTC 0001-01-01 00:00:00 +0000 UTC  } {PodScheduled True 0001-01-01 00:00:00 +0000 UTC 2018-09-17 07:17:27 +0000 UTC  }]&#xA;Sep 19 08:00:31.131: INFO: istio-policy-5b64d7fd64-z68j4                                    10.46.6.173  Running           [{Initialized True 0001-01-01 00:00:00 +0000 UTC 2018-09-17 07:19:38 +0000 UTC  } {Ready True 0001-01-01 00:00:00 +0000 UTC 2018-09-17 07:20:44 +0000 UTC  } {ContainersReady True 0001-01-01 00:00:00 +0000 UTC 0001-01-01 00:00:00 +0000 UTC  } {PodScheduled True 0001-01-01 00:00:00 +0000 UTC 2018-09-17 07:19:37 +0000 UTC  }]&#xA;Sep 19 08:00:31.131: INFO: istio-sidecar-injector-86d554f5f7-d57zk                          10.46.6.173  Running           [{Initialized True 0001-01-01 00:00:00 +0000 UTC 2018-09-17 07:17:32 +0000 UTC  } {Ready True 0001-01-01 00:00:00 +0000 UTC 2018-09-17 07:18:41 +0000 UTC  } {ContainersReady True 0001-01-01 00:00:00 +0000 UTC 0001-01-01 00:00:00 +0000 UTC  } {PodScheduled True 0001-01-01 00:00:00 +0000 UTC 2018-09-17 07:17:29 +0000 UTC  }]&#xA;Sep 19 08:00:31.131: INFO: istio-statsd-prom-bridge-66cb69b666-p76m8                        10.46.6.173  Running           [{Initialized True 0001-01-01 00:00:00 +0000 UTC 2018-09-17 07:17:29 +0000 UTC  } {Ready True 0001-01-01 00:00:00 +0000 UTC 2018-09-17 07:18:32 +0000 UTC  } {ContainersReady True 0001-01-01 00:00:00 +0000 UTC 0001-01-01 00:00:00 +0000 UTC  } {PodScheduled True 0001-01-01 00:00:00 +0000 UTC 2018-09-17 07:17:27 +0000 UTC  }]&#xA;Sep 19 08:00:31.131: INFO: istio-telemetry-8b5964dc7-9q67f                                  10.46.6.173  Running           [{Initialized True 0001-01-01 00:00:00 +0000 UTC 2018-09-17 07:31:08 +0000 UTC  } {Ready True 0001-01-01 00:00:00 +0000 UTC 2018-09-17 07:32:00 +0000 UTC  } {ContainersReady True 0001-01-01 00:00:00 +0000 UTC 0001-01-01 00:00:00 +0000 UTC  } {PodScheduled True 0001-01-01 00:00:00 +0000 UTC 2018-09-17 07:31:07 +0000 UTC  }]&#xA;Sep 19 08:00:31.131: INFO: istio-telemetry-8b5964dc7-hcf6d                                  10.46.6.173  Running           [{Initialized True 0001-01-01 00:00:00 +0000 UTC 2018-09-17 07:17:29 +0000 UTC  } {Ready True 0001-01-01 00:00:00 +0000 UTC 2018-09-17 07:18:56 +0000 UTC  } {ContainersReady True 0001-01-01 00:00:00 +0000 UTC 0001-01-01 00:00:00 +0000 UTC  } {PodScheduled True 0001-01-01 00:00:00 +0000 UTC 2018-09-17 07:17:27 +0000 UTC  }]&#xA;Sep 19 08:00:31.131: INFO: istio-telemetry-8b5964dc7-nw9kk                                  10.46.6.173  Running           [{Initialized True 0001-01-01 00:00:00 +0000 UTC 2018-09-17 07:23:11 +0000 UTC  } {Ready True 0001-01-01 00:00:00 +0000 UTC 2018-09-17 07:24:19 +0000 UTC  } {ContainersReady True 0001-01-01 00:00:00 +0000 UTC 0001-01-01 00:00:00 +0000 UTC  } {PodScheduled True 0001-01-01 00:00:00 +0000 UTC 2018-09-17 07:23:10 +0000 UTC  }]&#xA;Sep 19 08:00:31.131: INFO: istio-telemetry-8b5964dc7-rfswc                                  10.46.6.173  Running           [{Initialized True 0001-01-01 00:00:00 +0000 UTC 2018-09-17 07:19:39 +0000 UTC  } {Ready True 0001-01-01 00:00:00 +0000 UTC 2018-09-17 07:20:38 +0000 UTC  } {ContainersReady True 0001-01-01 00:00:00 +0000 UTC 0001-01-01 00:00:00 +0000 UTC  } {PodScheduled True 0001-01-01 00:00:00 +0000 UTC 2018-09-17 07:19:38 +0000 UTC  }]&#xA;Sep 19 08:00:31.131: INFO: istio-telemetry-8b5964dc7-vjqbq                                  10.46.6.173  Running           [{Initialized True 0001-01-01 00:00:00 +0000 UTC 2018-09-17 07:27:36 +0000 UTC  } {Ready True 0001-01-01 00:00:00 +0000 UTC 2018-09-17 07:28:21 +0000 UTC  } {ContainersReady True 0001-01-01 00:00:00 +0000 UTC 0001-01-01 00:00:00 +0000 UTC  } {PodScheduled True 0001-01-01 00:00:00 +0000 UTC 2018-09-17 07:27:36 +0000 UTC  }]&#xA;Sep 19 08:00:31.131: INFO: istio-tracing-77ccfc8844-79ngl                                   10.46.6.173  Running           [{Initialized True 0001-01-01 00:00:00 +0000 UTC 2018-09-17 07:17:32 +0000 UTC  } {Ready True 0001-01-01 00:00:00 +0000 UTC 2018-09-17 07:18:08 +0000 UTC  } {ContainersReady True 0001-01-01 00:00:00 +0000 UTC 0001-01-01 00:00:00 +0000 UTC  } {PodScheduled True 0001-01-01 00:00:00 +0000 UTC 2018-09-17 07:17:29 +0000 UTC  }]&#xA;Sep 19 08:00:31.131: INFO: kiali-7f8c59df94-25qmq                                           10.46.6.173  Running           [{Initialized True 0001-01-01 00:00:00 +0000 UTC 2018-09-17 07:17:27 +0000 UTC  } {Ready True 0001-01-01 00:00:00 +0000 UTC 2018-09-17 07:17:56 +0000 UTC  } {ContainersReady True 0001-01-01 00:00:00 +0000 UTC 0001-01-01 00:00:00 +0000 UTC  } {PodScheduled True 0001-01-01 00:00:00 +0000 UTC 2018-09-17 07:17:27 +0000 UTC  }]&#xA;Sep 19 08:00:31.131: INFO: prometheus-6f98d89664-wh7pb                                      10.46.6.173  Running           [{Initialized True 0001-01-01 00:00:00 +0000 UTC 2018-09-17 07:17:31 +0000 UTC  } {Ready True 0001-01-01 00:00:00 +0000 UTC 2018-09-17 07:17:57 +0000 UTC  } {ContainersReady True 0001-01-01 00:00:00 +0000 UTC 0001-01-01 00:00:00 +0000 UTC  } {PodScheduled True 0001-01-01 00:00:00 +0000 UTC 2018-09-17 07:17:28 +0000 UTC  }]&#xA;Sep 19 08:00:31.131: INFO: servicegraph-85578d8fc6-m62z4                                    10.46.6.173  Running           [{Initialized True 0001-01-01 00:00:00 +0000 UTC 2018-09-17 07:17:32 +0000 UTC  } {Ready True 0001-01-01 00:00:00 +0000 UTC 2018-09-17 07:18:22 +0000 UTC  } {ContainersReady True 0001-01-01 00:00:00 +0000 UTC 0001-01-01 00:00:00 +0000 UTC  } {PodScheduled True 0001-01-01 00:00:00 +0000 UTC 2018-09-17 07:17:28 +0000 UTC  }]&#xA;Sep 19 08:00:31.131: INFO: audit-logging-fluentd-ds-4cgnk                                   10.46.6.170  Running           [{Initialized True 0001-01-01 00:00:00 +0000 UTC 2018-09-17 07:18:46 +0000 UTC  } {Ready True 0001-01-01 00:00:00 +0000 UTC 2018-09-17 07:18:50 +0000 UTC  } {ContainersReady True 0001-01-01 00:00:00 +0000 UTC 0001-01-01 00:00:00 +0000 UTC  } {PodScheduled True 0001-01-01 00:00:00 +0000 UTC 2018-09-17 07:18:46 +0000 UTC  }]&#xA;Sep 19 08:00:31.131: INFO: audit-logging-fluentd-ds-8bh4t                                   10.46.6.172  Running           [{Initialized True 0001-01-01 00:00:00 +0000 UTC 2018-09-17 07:18:46 +0000 UTC  } {Ready True 0001-01-01 00:00:00 +0000 UTC 2018-09-17 07:18:56 +0000 UTC  } {ContainersReady True 0001-01-01 00:00:00 +0000 UTC 0001-01-01 00:00:00 +0000 UTC  } {PodScheduled True 0001-01-01 00:00:00 +0000 UTC 2018-09-17 07:18:46 +0000 UTC  }]&#xA;Sep 19 08:00:31.131: INFO: audit-logging-fluentd-ds-bc22k                                   10.46.6.171  Running           [{Initialized True 0001-01-01 00:00:00 +0000 UTC 2018-09-17 07:18:46 +0000 UTC  } {Ready True 0001-01-01 00:00:00 +0000 UTC 2018-09-17 07:18:56 +0000 UTC  } {ContainersReady True 0001-01-01 00:00:00 +0000 UTC 0001-01-01 00:00:00 +0000 UTC  } {PodScheduled True 0001-01-01 00:00:00 +0000 UTC 2018-09-17 07:18:46 +0000 UTC  }]&#xA;Sep 19 08:00:31.131: INFO: audit-logging-fluentd-ds-dhcg6                                   10.46.6.173  Running           [{Initialized True 0001-01-01 00:00:00 +0000 UTC 2018-09-17 07:18:46 +0000 UTC  } {Ready True 0001-01-01 00:00:00 +0000 UTC 2018-09-17 07:19:00 +0000 UTC  } {ContainersReady True 0001-01-01 00:00:00 +0000 UTC 0001-01-01 00:00:00 +0000 UTC  } {PodScheduled True 0001-01-01 00:00:00 +0000 UTC 2018-09-17 07:18:46 +0000 UTC  }]&#xA;Sep 19 08:00:31.131: INFO: auth-apikeys-x45mz                                               10.46.6.173  Running           [{Initialized True 0001-01-01 00:00:00 +0000 UTC 2018-09-17 07:10:12 +0000 UTC  } {Ready True 0001-01-01 00:00:00 +0000 UTC 2018-09-17 07:11:25 +0000 UTC  } {ContainersReady True 0001-01-01 00:00:00 +0000 UTC 0001-01-01 00:00:00 +0000 UTC  } {PodScheduled True 0001-01-01 00:00:00 +0000 UTC 2018-09-17 07:10:12 +0000 UTC  }]&#xA;Sep 19 08:00:31.131: INFO: auth-idp-kjpmx                                                   10.46.6.173  Running           [{Initialized True 0001-01-01 00:00:00 +0000 UTC 2018-09-17 07:10:19 +0000 UTC  } {Ready True 0001-01-01 00:00:00 +0000 UTC 2018-09-19 07:05:52 +0000 UTC  } {ContainersReady True 0001-01-01 00:00:00 +0000 UTC 0001-01-01 00:00:00 +0000 UTC  } {PodScheduled True 0001-01-01 00:00:00 +0000 UTC 2018-09-17 07:10:04 +0000 UTC  }]&#xA;Sep 19 08:00:31.131: INFO: auth-pap-qb5m2                                                   10.46.6.173  Running           [{Initialized True 0001-01-01 00:00:00 +0000 UTC 2018-09-17 07:10:20 +0000 UTC  } {Ready True 0001-01-01 00:00:00 +0000 UTC 2018-09-17 07:10:46 +0000 UTC  } {ContainersReady True 0001-01-01 00:00:00 +0000 UTC 0001-01-01 00:00:00 +0000 UTC  } {PodScheduled True 0001-01-01 00:00:00 +0000 UTC 2018-09-17 07:10:20 +0000 UTC  }]&#xA;Sep 19 08:00:31.131: INFO: auth-pdp-tk2jm                                                   10.46.6.173  Running           [{Initialized True 0001-01-01 00:00:00 +0000 UTC 2018-09-17 07:13:08 +0000 UTC  } {Ready True 0001-01-01 00:00:00 +0000 UTC 2018-09-17 07:13:19 +0000 UTC  } {ContainersReady True 0001-01-01 00:00:00 +0000 UTC 0001-01-01 00:00:00 +0000 UTC  } {PodScheduled True 0001-01-01 00:00:00 +0000 UTC 2018-09-17 07:10:28 +0000 UTC  }]&#xA;Sep 19 08:00:31.131: INFO: calico-kube-controllers-dcb8cc97c-gtsqp                          10.46.6.173  Running           [{Initialized True 0001-01-01 00:00:00 +0000 UTC 2018-09-17 07:05:53 +0000 UTC  } {Ready True 0001-01-01 00:00:00 +0000 UTC 2018-09-17 07:06:04 +0000 UTC  } {ContainersReady True 0001-01-01 00:00:00 +0000 UTC 0001-01-01 00:00:00 +0000 UTC  } {PodScheduled True 0001-01-01 00:00:00 +0000 UTC 2018-09-17 07:05:53 +0000 UTC  }]&#xA;Sep 19 08:00:31.131: INFO: calico-node-gpm2c                                                10.46.6.171  Running           [{Initialized True 0001-01-01 00:00:00 +0000 UTC 2018-09-17 07:05:53 +0000 UTC  } {Ready True 0001-01-01 00:00:00 +0000 UTC 2018-09-17 07:06:11 +0000 UTC  } {ContainersReady True 0001-01-01 00:00:00 +0000 UTC 0001-01-01 00:00:00 +0000 UTC  } {PodScheduled True 0001-01-01 00:00:00 +0000 UTC 2018-09-17 07:05:53 +0000 UTC  }]&#xA;Sep 19 08:00:31.131: INFO: calico-node-htf97                                                10.46.6.170  Running           [{Initialized True 0001-01-01 00:00:00 +0000 UTC 2018-09-17 07:05:53 +0000 UTC  } {Ready True 0001-01-01 00:00:00 +0000 UTC 2018-09-17 07:06:14 +0000 UTC  } {ContainersReady True 0001-01-01 00:00:00 +0000 UTC 0001-01-01 00:00:00 +0000 UTC  } {PodScheduled True 0001-01-01 00:00:00 +0000 UTC 2018-09-17 07:05:53 +0000 UTC  }]&#xA;Sep 19 08:00:31.131: INFO: calico-node-m7d5t                                                10.46.6.173  Running           [{Initialized True 0001-01-01 00:00:00 +0000 UTC 2018-09-17 07:05:54 +0000 UTC  } {Ready True 0001-01-01 00:00:00 +0000 UTC 2018-09-17 07:06:15 +0000 UTC  } {ContainersReady True 0001-01-01 00:00:00 +0000 UTC 0001-01-01 00:00:00 +0000 UTC  } {PodScheduled True 0001-01-01 00:00:00 +0000 UTC 2018-09-17 07:05:54 +0000 UTC  }]&#xA;Sep 19 08:00:31.131: INFO: calico-node-wsknj                                                10.46.6.172  Running           [{Initialized True 0001-01-01 00:00:00 +0000 UTC 2018-09-17 07:05:53 +0000 UTC  } {Ready True 0001-01-01 00:00:00 +0000 UTC 2018-09-17 07:06:17 +0000 UTC  } {ContainersReady True 0001-01-01 00:00:00 +0000 UTC 0001-01-01 00:00:00 +0000 UTC  } {PodScheduled True 0001-01-01 00:00:00 +0000 UTC 2018-09-17 07:05:53 +0000 UTC  }]&#xA;Sep 19 08:00:31.131: INFO: catalog-ui-5rtkh                                                 10.46.6.173  Running           [{Initialized True 0001-01-01 00:00:00 +0000 UTC 2018-09-17 07:15:57 +0000 UTC  } {Ready True 0001-01-01 00:00:00 +0000 UTC 2018-09-17 07:16:11 +0000 UTC  } {ContainersReady True 0001-01-01 00:00:00 +0000 UTC 0001-01-01 00:00:00 +0000 UTC  } {PodScheduled True 0001-01-01 00:00:00 +0000 UTC 2018-09-17 07:15:57 +0000 UTC  }]&#xA;Sep 19 08:00:31.131: INFO: custom-metrics-adapter-64f64964b4-f9gmc                          10.46.6.171  Running           [{Initialized True 0001-01-01 00:00:00 +0000 UTC 2018-09-17 07:17:13 +0000 UTC  } {Ready True 0001-01-01 00:00:00 +0000 UTC 2018-09-17 07:17:51 +0000 UTC  } {ContainersReady True 0001-01-01 00:00:00 +0000 UTC 0001-01-01 00:00:00 +0000 UTC  } {PodScheduled True 0001-01-01 00:00:00 +0000 UTC 2018-09-17 07:14:28 +0000 UTC  }]&#xA;Sep 19 08:00:31.131: INFO: default-backend-54966589c4-4d47g                                 10.46.6.173  Running           [{Initialized True 0001-01-01 00:00:00 +0000 UTC 2018-09-17 07:08:29 +0000 UTC  } {Ready True 0001-01-01 00:00:00 +0000 UTC 2018-09-17 07:08:40 +0000 UTC  } {ContainersReady True 0001-01-01 00:00:00 +0000 UTC 0001-01-01 00:00:00 +0000 UTC  } {PodScheduled True 0001-01-01 00:00:00 +0000 UTC 2018-09-17 07:08:28 +0000 UTC  }]&#xA;Sep 19 08:00:31.131: INFO: heapster-69b486565b-nt26r                                        10.46.6.173  Running           [{Initialized True 0001-01-01 00:00:00 +0000 UTC 2018-09-17 07:13:48 +0000 UTC  } {Ready True 0001-01-01 00:00:00 +0000 UTC 2018-09-17 07:13:58 +0000 UTC  } {ContainersReady True 0001-01-01 00:00:00 +0000 UTC 0001-01-01 00:00:00 +0000 UTC  } {PodScheduled True 0001-01-01 00:00:00 +0000 UTC 2018-09-17 07:13:48 +0000 UTC  }]&#xA;Sep 19 08:00:31.131: INFO: helm-api-fdd886877-6pwm8                                         10.46.6.173  Running           [{Initialized True 0001-01-01 00:00:00 +0000 UTC 2018-09-17 07:16:36 +0000 UTC  } {Ready True 0001-01-01 00:00:00 +0000 UTC 2018-09-17 07:16:58 +0000 UTC  } {ContainersReady True 0001-01-01 00:00:00 +0000 UTC 0001-01-01 00:00:00 +0000 UTC  } {PodScheduled True 0001-01-01 00:00:00 +0000 UTC 2018-09-17 07:16:35 +0000 UTC  }]&#xA;Sep 19 08:00:31.131: INFO: helm-repo-5649f57447-wwdn4                                       10.46.6.173  Running           [{Initialized True 0001-01-01 00:00:00 +0000 UTC 2018-09-17 07:14:04 +0000 UTC  } {Ready True 0001-01-01 00:00:00 +0000 UTC 2018-09-17 07:14:40 +0000 UTC  } {ContainersReady True 0001-01-01 00:00:00 +0000 UTC 0001-01-01 00:00:00 +0000 UTC  } {PodScheduled True 0001-01-01 00:00:00 +0000 UTC 2018-09-17 07:13:53 +0000 UTC  }]&#xA;Sep 19 08:00:31.131: INFO: ibmcloud-image-enforcement-76ddccbf9f-kqmlb                      10.46.6.171  Running           [{Initialized True 0001-01-01 00:00:00 +0000 UTC 2018-09-17 07:14:02 +0000 UTC  } {Ready True 0001-01-01 00:00:00 +0000 UTC 2018-09-17 07:14:07 +0000 UTC  } {ContainersReady True 0001-01-01 00:00:00 +0000 UTC 0001-01-01 00:00:00 +0000 UTC  } {PodScheduled True 0001-01-01 00:00:00 +0000 UTC 2018-09-17 07:14:02 +0000 UTC  }]&#xA;Sep 19 08:00:31.131: INFO: icp-management-ingress-x6qn8                                     10.46.6.173  Running           [{Initialized True 0001-01-01 00:00:00 +0000 UTC 2018-09-17 07:10:36 +0000 UTC  } {Ready True 0001-01-01 00:00:00 +0000 UTC 2018-09-17 07:10:48 +0000 UTC  } {ContainersReady True 0001-01-01 00:00:00 +0000 UTC 0001-01-01 00:00:00 +0000 UTC  } {PodScheduled True 0001-01-01 00:00:00 +0000 UTC 2018-09-17 07:10:36 +0000 UTC  }]&#xA;Sep 19 08:00:31.131: INFO: icp-mongodb-0                                                    10.46.6.173  Running           [{Initialized True 0001-01-01 00:00:00 +0000 UTC 2018-09-17 07:09:00 +0000 UTC  } {Ready True 0001-01-01 00:00:00 +0000 UTC 2018-09-17 07:09:17 +0000 UTC  } {ContainersReady True 0001-01-01 00:00:00 +0000 UTC 0001-01-01 00:00:00 +0000 UTC  } {PodScheduled True 0001-01-01 00:00:00 +0000 UTC 2018-09-17 07:07:41 +0000 UTC  }]&#xA;Sep 19 08:00:31.131: INFO: image-manager-0                                                  10.46.6.173  Running           [{Initialized True 0001-01-01 00:00:00 +0000 UTC 2018-09-17 06:38:56 +0000 UTC  } {Ready True 0001-01-01 00:00:00 +0000 UTC 2018-09-17 06:39:08 +0000 UTC  } {ContainersReady True 0001-01-01 00:00:00 +0000 UTC 0001-01-01 00:00:00 +0000 UTC  } {PodScheduled True 0001-01-01 00:00:00 +0000 UTC 2018-09-17 06:38:56 +0000 UTC  }]&#xA;Sep 19 08:00:31.131: INFO: k8s-etcd-10.46.6.173                                             10.46.6.173  Running           [{Initialized True 0001-01-01 00:00:00 +0000 UTC 2018-09-17 06:35:49 +0000 UTC  } {Ready True 0001-01-01 00:00:00 +0000 UTC 2018-09-17 06:35:54 +0000 UTC  } {ContainersReady True 0001-01-01 00:00:00 +0000 UTC 0001-01-01 00:00:00 +0000 UTC  } {PodScheduled True 0001-01-01 00:00:00 +0000 UTC 2018-09-17 06:35:49 +0000 UTC  }]&#xA;Sep 19 08:00:31.131: INFO: k8s-master-10.46.6.173                                           10.46.6.173  Running           [{Initialized True 0001-01-01 00:00:00 +0000 UTC 2018-09-17 06:37:18 +0000 UTC  } {Ready True 0001-01-01 00:00:00 +0000 UTC 2018-09-17 06:37:26 +0000 UTC  } {ContainersReady True 0001-01-01 00:00:00 +0000 UTC 0001-01-01 00:00:00 +0000 UTC  } {PodScheduled True 0001-01-01 00:00:00 +0000 UTC 2018-09-17 06:37:18 +0000 UTC  }]&#xA;Sep 19 08:00:31.131: INFO: k8s-proxy-10.46.6.170                                            10.46.6.170  Running           [{Initialized True 0001-01-01 00:00:00 +0000 UTC 2018-09-17 07:05:43 +0000 UTC  } {Ready True 0001-01-01 00:00:00 +0000 UTC 2018-09-17 07:05:46 +0000 UTC  } {ContainersReady True 0001-01-01 00:00:00 +0000 UTC 0001-01-01 00:00:00 +0000 UTC  } {PodScheduled True 0001-01-01 00:00:00 +0000 UTC 2018-09-17 07:05:43 +0000 UTC  }]&#xA;Sep 19 08:00:31.131: INFO: k8s-proxy-10.46.6.171                                            10.46.6.171  Running           [{Initialized True 0001-01-01 00:00:00 +0000 UTC 2018-09-17 07:05:44 +0000 UTC  } {Ready True 0001-01-01 00:00:00 +0000 UTC 2018-09-17 07:05:46 +0000 UTC  } {ContainersReady True 0001-01-01 00:00:00 +0000 UTC 0001-01-01 00:00:00 +0000 UTC  } {PodScheduled True 0001-01-01 00:00:00 +0000 UTC 2018-09-17 07:05:44 +0000 UTC  }]&#xA;Sep 19 08:00:31.131: INFO: k8s-proxy-10.46.6.172                                            10.46.6.172  Running           [{Initialized True 0001-01-01 00:00:00 +0000 UTC 2018-09-17 07:05:44 +0000 UTC  } {Ready True 0001-01-01 00:00:00 +0000 UTC 2018-09-17 07:05:48 +0000 UTC  } {ContainersReady True 0001-01-01 00:00:00 +0000 UTC 0001-01-01 00:00:00 +0000 UTC  } {PodScheduled True 0001-01-01 00:00:00 +0000 UTC 2018-09-17 07:05:44 +0000 UTC  }]&#xA;Sep 19 08:00:31.131: INFO: k8s-proxy-10.46.6.173                                            10.46.6.173  Running           [{Initialized True 0001-01-01 00:00:00 +0000 UTC 2018-09-17 06:35:45 +0000 UTC  } {Ready True 0001-01-01 00:00:00 +0000 UTC 2018-09-17 06:35:50 +0000 UTC  } {ContainersReady True 0001-01-01 00:00:00 +0000 UTC 0001-01-01 00:00:00 +0000 UTC  } {PodScheduled True 0001-01-01 00:00:00 +0000 UTC 2018-09-17 06:35:45 +0000 UTC  }]&#xA;Sep 19 08:00:31.131: INFO: kube-dns-mwjc8                                                   10.46.6.173  Running           [{Initialized True 0001-01-01 00:00:00 +0000 UTC 2018-09-17 07:06:10 +0000 UTC  } {Ready True 0001-01-01 00:00:00 +0000 UTC 2018-09-17 07:06:18 +0000 UTC  } {ContainersReady True 0001-01-01 00:00:00 +0000 UTC 0001-01-01 00:00:00 +0000 UTC  } {PodScheduled True 0001-01-01 00:00:00 +0000 UTC 2018-09-17 07:06:10 +0000 UTC  }]&#xA;Sep 19 08:00:31.131: INFO: logging-elk-client-75d4d7994c-7g7fn                              10.46.6.171  Running           [{Initialized True 0001-01-01 00:00:00 +0000 UTC 2018-09-17 07:15:40 +0000 UTC  } {Ready True 0001-01-01 00:00:00 +0000 UTC 2018-09-17 07:16:22 +0000 UTC  } {ContainersReady True 0001-01-01 00:00:00 +0000 UTC 0001-01-01 00:00:00 +0000 UTC  } {PodScheduled True 0001-01-01 00:00:00 +0000 UTC 2018-09-17 07:15:20 +0000 UTC  }]&#xA;Sep 19 08:00:31.131: INFO: logging-elk-data-0                                               10.46.6.171  Running           [{Initialized True 0001-01-01 00:00:00 +0000 UTC 2018-09-17 07:15:47 +0000 UTC  } {Ready True 0001-01-01 00:00:00 +0000 UTC 2018-09-17 07:16:16 +0000 UTC  } {ContainersReady True 0001-01-01 00:00:00 +0000 UTC 0001-01-01 00:00:00 +0000 UTC  } {PodScheduled True 0001-01-01 00:00:00 +0000 UTC 2018-09-17 07:15:20 +0000 UTC  }]&#xA;Sep 19 08:00:31.131: INFO: logging-elk-elasticsearch-tls-init-6hnl4                         10.46.6.171  Succeeded         [{Initialized True 0001-01-01 00:00:00 +0000 UTC 2018-09-17 07:15:20 +0000 UTC PodCompleted } {Ready False 0001-01-01 00:00:00 +0000 UTC 2018-09-17 07:17:46 +0000 UTC PodCompleted } {ContainersReady False 0001-01-01 00:00:00 +0000 UTC 0001-01-01 00:00:00 +0000 UTC PodCompleted } {PodScheduled True 0001-01-01 00:00:00 +0000 UTC 2018-09-17 07:15:20 +0000 UTC  }]&#xA;Sep 19 08:00:31.131: INFO: logging-elk-filebeat-ds-bs86r                                    10.46.6.171  Running           [{Initialized True 0001-01-01 00:00:00 +0000 UTC 2018-09-17 07:15:20 +0000 UTC  } {Ready True 0001-01-01 00:00:00 +0000 UTC 2018-09-17 07:15:42 +0000 UTC  } {ContainersReady True 0001-01-01 00:00:00 +0000 UTC 0001-01-01 00:00:00 +0000 UTC  } {PodScheduled True 0001-01-01 00:00:00 +0000 UTC 2018-09-17 07:15:20 +0000 UTC  }]&#xA;Sep 19 08:00:31.131: INFO: logging-elk-filebeat-ds-jtd5q                                    10.46.6.170  Running           [{Initialized True 0001-01-01 00:00:00 +0000 UTC 2018-09-17 07:15:20 +0000 UTC  } {Ready True 0001-01-01 00:00:00 +0000 UTC 2018-09-17 07:15:37 +0000 UTC  } {ContainersReady True 0001-01-01 00:00:00 +0000 UTC 0001-01-01 00:00:00 +0000 UTC  } {PodScheduled True 0001-01-01 00:00:00 +0000 UTC 2018-09-17 07:15:20 +0000 UTC  }]&#xA;Sep 19 08:00:31.131: INFO: logging-elk-filebeat-ds-qf2vz                                    10.46.6.173  Running           [{Initialized True 0001-01-01 00:00:00 +0000 UTC 2018-09-17 07:15:20 +0000 UTC  } {Ready True 0001-01-01 00:00:00 +0000 UTC 2018-09-17 07:15:39 +0000 UTC  } {ContainersReady True 0001-01-01 00:00:00 +0000 UTC 0001-01-01 00:00:00 +0000 UTC  } {PodScheduled True 0001-01-01 00:00:00 +0000 UTC 2018-09-17 07:15:20 +0000 UTC  }]&#xA;Sep 19 08:00:31.131: INFO: logging-elk-filebeat-ds-vpk48                                    10.46.6.172  Running           [{Initialized True 0001-01-01 00:00:00 +0000 UTC 2018-09-17 07:15:20 +0000 UTC  } {Ready True 0001-01-01 00:00:00 +0000 UTC 2018-09-17 07:15:39 +0000 UTC  } {ContainersReady True 0001-01-01 00:00:00 +0000 UTC 0001-01-01 00:00:00 +0000 UTC  } {PodScheduled True 0001-01-01 00:00:00 +0000 UTC 2018-09-17 07:15:20 +0000 UTC  }]&#xA;Sep 19 08:00:31.131: INFO: logging-elk-kibana-ff4db4866-s2295                               10.46.6.171  Running           [{Initialized True 0001-01-01 00:00:00 +0000 UTC 2018-09-17 07:15:21 +0000 UTC  } {Ready True 0001-01-01 00:00:00 +0000 UTC 2018-09-17 07:15:45 +0000 UTC  } {ContainersReady True 0001-01-01 00:00:00 +0000 UTC 0001-01-01 00:00:00 +0000 UTC  } {PodScheduled True 0001-01-01 00:00:00 +0000 UTC 2018-09-17 07:15:21 +0000 UTC  }]&#xA;Sep 19 08:00:31.131: INFO: logging-elk-logstash-7994656f46-r89mt                            10.46.6.171  Running           [{Initialized True 0001-01-01 00:00:00 +0000 UTC 2018-09-17 07:15:22 +0000 UTC  } {Ready True 0001-01-01 00:00:00 +0000 UTC 2018-09-17 07:16:16 +0000 UTC  } {ContainersReady True 0001-01-01 00:00:00 +0000 UTC 0001-01-01 00:00:00 +0000 UTC  } {PodScheduled True 0001-01-01 00:00:00 +0000 UTC 2018-09-17 07:15:21 +0000 UTC  }]&#xA;Sep 19 08:00:31.131: INFO: logging-elk-master-6cdcf45f7d-gp28f                              10.46.6.171  Running           [{Initialized True 0001-01-01 00:00:00 +0000 UTC 2018-09-17 07:15:47 +0000 UTC  } {Ready True 0001-01-01 00:00:00 +0000 UTC 2018-09-17 07:16:16 +0000 UTC  } {ContainersReady True 0001-01-01 00:00:00 +0000 UTC 0001-01-01 00:00:00 +0000 UTC  } {PodScheduled True 0001-01-01 00:00:00 +0000 UTC 2018-09-17 07:15:21 +0000 UTC  }]&#xA;Sep 19 08:00:31.131: INFO: mariadb-0                                                        10.46.6.173  Running           [{Initialized True 0001-01-01 00:00:00 +0000 UTC 2018-09-17 07:08:38 +0000 UTC  } {Ready True 0001-01-01 00:00:00 +0000 UTC 2018-09-17 07:09:15 +0000 UTC  } {ContainersReady True 0001-01-01 00:00:00 +0000 UTC 0001-01-01 00:00:00 +0000 UTC  } {PodScheduled True 0001-01-01 00:00:00 +0000 UTC 2018-09-17 07:08:37 +0000 UTC  }]&#xA;Sep 19 08:00:31.131: INFO: metering-dm-8b475fc57-cmm6h                                      10.46.6.171  Running           [{Initialized True 0001-01-01 00:00:00 +0000 UTC 2018-09-17 07:14:20 +0000 UTC  } {Ready True 0001-01-01 00:00:00 +0000 UTC 2018-09-17 07:14:49 +0000 UTC  } {ContainersReady True 0001-01-01 00:00:00 +0000 UTC 0001-01-01 00:00:00 +0000 UTC  } {PodScheduled True 0001-01-01 00:00:00 +0000 UTC 2018-09-17 07:14:12 +0000 UTC  }]&#xA;Sep 19 08:00:31.131: INFO: metering-reader-44wd7                                            10.46.6.170  Running           [{Initialized True 0001-01-01 00:00:00 +0000 UTC 2018-09-17 07:14:20 +0000 UTC  } {Ready True 0001-01-01 00:00:00 +0000 UTC 2018-09-17 07:14:46 +0000 UTC  } {ContainersReady True 0001-01-01 00:00:00 +0000 UTC 0001-01-01 00:00:00 +0000 UTC  } {PodScheduled True 0001-01-01 00:00:00 +0000 UTC 2018-09-17 07:14:11 +0000 UTC  }]&#xA;Sep 19 08:00:31.131: INFO: metering-reader-gsrdg                                            10.46.6.172  Running           [{Initialized True 0001-01-01 00:00:00 +0000 UTC 2018-09-17 07:14:23 +0000 UTC  } {Ready True 0001-01-01 00:00:00 +0000 UTC 2018-09-17 07:14:52 +0000 UTC  } {ContainersReady True 0001-01-01 00:00:00 +0000 UTC 0001-01-01 00:00:00 +0000 UTC  } {PodScheduled True 0001-01-01 00:00:00 +0000 UTC 2018-09-17 07:14:11 +0000 UTC  }]&#xA;Sep 19 08:00:31.131: INFO: metering-reader-l7284                                            10.46.6.173  Running           [{Initialized True 0001-01-01 00:00:00 +0000 UTC 2018-09-17 07:14:24 +0000 UTC  } {Ready True 0001-01-01 00:00:00 +0000 UTC 2018-09-17 07:14:45 +0000 UTC  } {ContainersReady True 0001-01-01 00:00:00 +0000 UTC 0001-01-01 00:00:00 +0000 UTC  } {PodScheduled True 0001-01-01 00:00:00 +0000 UTC 2018-09-17 07:14:11 +0000 UTC  }]&#xA;Sep 19 08:00:31.131: INFO: metering-reader-xq8f2                                            10.46.6.171  Running           [{Initialized True 0001-01-01 00:00:00 +0000 UTC 2018-09-17 07:14:23 +0000 UTC  } {Ready True 0001-01-01 00:00:00 +0000 UTC 2018-09-17 07:14:55 +0000 UTC  } {ContainersReady True 0001-01-01 00:00:00 +0000 UTC 0001-01-01 00:00:00 +0000 UTC  } {PodScheduled True 0001-01-01 00:00:00 +0000 UTC 2018-09-17 07:14:11 +0000 UTC  }]&#xA;Sep 19 08:00:31.131: INFO: metering-ui-5bbfbb5d49-wkh8m                                     10.46.6.171  Running           [{Initialized True 0001-01-01 00:00:00 +0000 UTC 2018-09-17 07:14:22 +0000 UTC  } {Ready True 0001-01-01 00:00:00 +0000 UTC 2018-09-17 07:14:55 +0000 UTC  } {ContainersReady True 0001-01-01 00:00:00 +0000 UTC 0001-01-01 00:00:00 +0000 UTC  } {PodScheduled True 0001-01-01 00:00:00 +0000 UTC 2018-09-17 07:14:12 +0000 UTC  }]&#xA;Sep 19 08:00:31.131: INFO: metrics-server-6d6695f9db-8t4xs                                  10.46.6.171  Running           [{Initialized True 0001-01-01 00:00:00 +0000 UTC 2018-09-17 07:08:51 +0000 UTC  } {Ready True 0001-01-01 00:00:00 +0000 UTC 2018-09-17 07:08:55 +0000 UTC  } {ContainersReady True 0001-01-01 00:00:00 +0000 UTC 0001-01-01 00:00:00 +0000 UTC  } {PodScheduled True 0001-01-01 00:00:00 +0000 UTC 2018-09-17 07:08:51 +0000 UTC  }]&#xA;Sep 19 08:00:31.131: INFO: mgmt-repo-57dc689b74-tmp44                                       10.46.6.173  Running           [{Initialized True 0001-01-01 00:00:00 +0000 UTC 2018-09-17 07:18:10 +0000 UTC  } {Ready True 0001-01-01 00:00:00 +0000 UTC 2018-09-17 07:18:54 +0000 UTC  } {ContainersReady True 0001-01-01 00:00:00 +0000 UTC 0001-01-01 00:00:00 +0000 UTC  } {PodScheduled True 0001-01-01 00:00:00 +0000 UTC 2018-09-17 07:17:50 +0000 UTC  }]&#xA;Sep 19 08:00:31.131: INFO: monitoring-grafana-548b947c8c-dh89z                              10.46.6.171  Running           [{Initialized True 0001-01-01 00:00:00 +0000 UTC 2018-09-17 07:16:14 +0000 UTC  } {Ready True 0001-01-01 00:00:00 +0000 UTC 2018-09-17 07:16:59 +0000 UTC  } {ContainersReady True 0001-01-01 00:00:00 +0000 UTC 0001-01-01 00:00:00 +0000 UTC  } {PodScheduled True 0001-01-01 00:00:00 +0000 UTC 2018-09-17 07:15:46 +0000 UTC  }]&#xA;Sep 19 08:00:31.131: INFO: monitoring-prometheus-6677d7c77f-pnpt5                           10.46.6.171  Running           [{Initialized True 0001-01-01 00:00:00 +0000 UTC 2018-09-17 07:16:14 +0000 UTC  } {Ready True 0001-01-01 00:00:00 +0000 UTC 2018-09-17 07:17:03 +0000 UTC  } {ContainersReady True 0001-01-01 00:00:00 +0000 UTC 0001-01-01 00:00:00 +0000 UTC  } {PodScheduled True 0001-01-01 00:00:00 +0000 UTC 2018-09-17 07:15:45 +0000 UTC  }]&#xA;Sep 19 08:00:31.132: INFO: monitoring-prometheus-alertmanager-7d8749dbb8-xj68d              10.46.6.171  Running           [{Initialized True 0001-01-01 00:00:00 +0000 UTC 2018-09-17 07:15:46 +0000 UTC  } {Ready True 0001-01-01 00:00:00 +0000 UTC 2018-09-17 07:16:45 +0000 UTC  } {ContainersReady True 0001-01-01 00:00:00 +0000 UTC 0001-01-01 00:00:00 +0000 UTC  } {PodScheduled True 0001-01-01 00:00:00 +0000 UTC 2018-09-17 07:15:45 +0000 UTC  }]&#xA;Sep 19 08:00:31.132: INFO: monitoring-prometheus-collectdexporter-77575678dc-v8n2l          10.46.6.171  Running           [{Initialized True 0001-01-01 00:00:00 +0000 UTC 2018-09-17 07:15:46 +0000 UTC  } {Ready True 0001-01-01 00:00:00 +0000 UTC 2018-09-17 07:16:42 +0000 UTC  } {ContainersReady True 0001-01-01 00:00:00 +0000 UTC 0001-01-01 00:00:00 +0000 UTC  } {PodScheduled True 0001-01-01 00:00:00 +0000 UTC 2018-09-17 07:15:45 +0000 UTC  }]&#xA;Sep 19 08:00:31.132: INFO: monitoring-prometheus-elasticsearchexporter-655864cccb-c6tps     10.46.6.171  Running           [{Initialized True 0001-01-01 00:00:00 +0000 UTC 2018-09-17 07:15:46 +0000 UTC  } {Ready True 0001-01-01 00:00:00 +0000 UTC 2018-09-17 07:16:52 +0000 UTC  } {ContainersReady True 0001-01-01 00:00:00 +0000 UTC 0001-01-01 00:00:00 +0000 UTC  } {PodScheduled True 0001-01-01 00:00:00 +0000 UTC 2018-09-17 07:15:45 +0000 UTC  }]&#xA;Sep 19 08:00:31.132: INFO: monitoring-prometheus-kubestatemetrics-54dcbb6cfb-76zmm          10.46.6.171  Running           [{Initialized True 0001-01-01 00:00:00 +0000 UTC 2018-09-17 07:15:45 +0000 UTC  } {Ready True 0001-01-01 00:00:00 +0000 UTC 2018-09-17 07:16:34 +0000 UTC  } {ContainersReady True 0001-01-01 00:00:00 +0000 UTC 0001-01-01 00:00:00 +0000 UTC  } {PodScheduled True 0001-01-01 00:00:00 +0000 UTC 2018-09-17 07:15:45 +0000 UTC  }]&#xA;Sep 19 08:00:31.132: INFO: monitoring-prometheus-nodeexporter-9fnpb                         10.46.6.171  Running           [{Initialized True 0001-01-01 00:00:00 +0000 UTC 2018-09-17 07:15:44 +0000 UTC  } {Ready True 0001-01-01 00:00:00 +0000 UTC 2018-09-17 07:16:44 +0000 UTC  } {ContainersReady True 0001-01-01 00:00:00 +0000 UTC 0001-01-01 00:00:00 +0000 UTC  } {PodScheduled True 0001-01-01 00:00:00 +0000 UTC 2018-09-17 07:15:44 +0000 UTC  }]&#xA;Sep 19 08:00:31.132: INFO: monitoring-prometheus-nodeexporter-f84fv                         10.46.6.173  Running           [{Initialized True 0001-01-01 00:00:00 +0000 UTC 2018-09-17 07:15:45 +0000 UTC  } {Ready True 0001-01-01 00:00:00 +0000 UTC 2018-09-17 07:16:28 +0000 UTC  } {ContainersReady True 0001-01-01 00:00:00 +0000 UTC 0001-01-01 00:00:00 +0000 UTC  } {PodScheduled True 0001-01-01 00:00:00 +0000 UTC 2018-09-17 07:15:45 +0000 UTC  }]&#xA;Sep 19 08:00:31.132: INFO: monitoring-prometheus-nodeexporter-tpbc8                         10.46.6.170  Running           [{Initialized True 0001-01-01 00:00:00 +0000 UTC 2018-09-17 07:15:44 +0000 UTC  } {Ready True 0001-01-01 00:00:00 +0000 UTC 2018-09-17 07:16:27 +0000 UTC  } {ContainersReady True 0001-01-01 00:00:00 +0000 UTC 0001-01-01 00:00:00 +0000 UTC  } {PodScheduled True 0001-01-01 00:00:00 +0000 UTC 2018-09-17 07:15:44 +0000 UTC  }]&#xA;Sep 19 08:00:31.132: INFO: monitoring-prometheus-nodeexporter-v4l7d                         10.46.6.172  Running           [{Initialized True 0001-01-01 00:00:00 +0000 UTC 2018-09-17 07:15:44 +0000 UTC  } {Ready True 0001-01-01 00:00:00 +0000 UTC 2018-09-17 07:16:31 +0000 UTC  } {ContainersReady True 0001-01-01 00:00:00 +0000 UTC 0001-01-01 00:00:00 +0000 UTC  } {PodScheduled True 0001-01-01 00:00:00 +0000 UTC 2018-09-17 07:15:44 +0000 UTC  }]&#xA;Sep 19 08:00:31.132: INFO: my-ibm-open-liberty-ibm-7f7d9778d7-7t5jc                         10.46.6.170  Running           [{Initialized True 0001-01-01 00:00:00 +0000 UTC 2018-09-17 08:22:24 +0000 UTC  } {Ready True 0001-01-01 00:00:00 +0000 UTC 2018-09-17 08:23:21 +0000 UTC  } {ContainersReady True 0001-01-01 00:00:00 +0000 UTC 0001-01-01 00:00:00 +0000 UTC  } {PodScheduled True 0001-01-01 00:00:00 +0000 UTC 2018-09-17 08:22:24 +0000 UTC  }]&#xA;Sep 19 08:00:31.132: INFO: nginx-ingress-controller-h5z2v                                   10.46.6.173  Running           [{Initialized True 0001-01-01 00:00:00 +0000 UTC 2018-09-17 07:08:39 +0000 UTC  } {Ready True 0001-01-01 00:00:00 +0000 UTC 2018-09-17 07:08:54 +0000 UTC  } {ContainersReady True 0001-01-01 00:00:00 +0000 UTC 0001-01-01 00:00:00 +0000 UTC  } {PodScheduled True 0001-01-01 00:00:00 +0000 UTC 2018-09-17 07:08:28 +0000 UTC  }]&#xA;Sep 19 08:00:31.132: INFO: nvidia-device-plugin-9h2k4                                       10.46.6.170  Running           [{Initialized True 0001-01-01 00:00:00 +0000 UTC 2018-09-17 07:07:23 +0000 UTC  } {Ready True 0001-01-01 00:00:00 +0000 UTC 2018-09-17 07:07:24 +0000 UTC  } {ContainersReady True 0001-01-01 00:00:00 +0000 UTC 0001-01-01 00:00:00 +0000 UTC  } {PodScheduled True 0001-01-01 00:00:00 +0000 UTC 2018-09-17 07:07:17 +0000 UTC  }]&#xA;Sep 19 08:00:31.132: INFO: nvidia-device-plugin-nh54k                                       10.46.6.173  Running           [{Initialized True 0001-01-01 00:00:00 +0000 UTC 2018-09-17 07:07:29 +0000 UTC  } {Ready True 0001-01-01 00:00:00 +0000 UTC 2018-09-17 07:07:33 +0000 UTC  } {ContainersReady True 0001-01-01 00:00:00 +0000 UTC 0001-01-01 00:00:00 +0000 UTC  } {PodScheduled True 0001-01-01 00:00:00 +0000 UTC 2018-09-17 07:07:17 +0000 UTC  }]&#xA;Sep 19 08:00:31.132: INFO: nvidia-device-plugin-vh85n                                       10.46.6.171  Running           [{Initialized True 0001-01-01 00:00:00 +0000 UTC 2018-09-17 07:07:21 +0000 UTC  } {Ready True 0001-01-01 00:00:00 +0000 UTC 2018-09-17 07:07:23 +0000 UTC  } {ContainersReady True 0001-01-01 00:00:00 +0000 UTC 0001-01-01 00:00:00 +0000 UTC  } {PodScheduled True 0001-01-01 00:00:00 +0000 UTC 2018-09-17 07:07:17 +0000 UTC  }]&#xA;Sep 19 08:00:31.132: INFO: nvidia-device-plugin-w9jr8                                       10.46.6.172  Running           [{Initialized True 0001-01-01 00:00:00 +0000 UTC 2018-09-17 07:07:24 +0000 UTC  } {Ready True 0001-01-01 00:00:00 +0000 UTC 2018-09-17 07:07:26 +0000 UTC  } {ContainersReady True 0001-01-01 00:00:00 +0000 UTC 0001-01-01 00:00:00 +0000 UTC  } {PodScheduled True 0001-01-01 00:00:00 +0000 UTC 2018-09-17 07:07:17 +0000 UTC  }]&#xA;Sep 19 08:00:31.132: INFO: oidc-client-registration-szxrk                                   10.46.6.173  Succeeded         [{Initialized True 0001-01-01 00:00:00 +0000 UTC 2018-09-17 07:10:05 +0000 UTC PodCompleted } {Ready False 0001-01-01 00:00:00 +0000 UTC 2018-09-17 07:12:27 +0000 UTC PodCompleted } {ContainersReady False 0001-01-01 00:00:00 +0000 UTC 0001-01-01 00:00:00 +0000 UTC PodCompleted } {PodScheduled True 0001-01-01 00:00:00 +0000 UTC 2018-09-17 07:10:04 +0000 UTC  }]&#xA;Sep 19 08:00:31.132: INFO: platform-api-2fs4x                                               10.46.6.173  Running           [{Initialized True 0001-01-01 00:00:00 +0000 UTC 2018-09-17 07:08:45 +0000 UTC  } {Ready True 0001-01-01 00:00:00 +0000 UTC 2018-09-17 07:16:29 +0000 UTC  } {ContainersReady True 0001-01-01 00:00:00 +0000 UTC 0001-01-01 00:00:00 +0000 UTC  } {PodScheduled True 0001-01-01 00:00:00 +0000 UTC 2018-09-17 07:08:45 +0000 UTC  }]&#xA;Sep 19 08:00:31.132: INFO: platform-deploy-dbbks                                            10.46.6.173  Running           [{Initialized True 0001-01-01 00:00:00 +0000 UTC 2018-09-17 07:08:45 +0000 UTC  } {Ready True 0001-01-01 00:00:00 +0000 UTC 2018-09-17 07:08:57 +0000 UTC  } {ContainersReady True 0001-01-01 00:00:00 +0000 UTC 0001-01-01 00:00:00 +0000 UTC  } {PodScheduled True 0001-01-01 00:00:00 +0000 UTC 2018-09-17 07:08:45 +0000 UTC  }]&#xA;Sep 19 08:00:31.132: INFO: platform-ui-6fjgx                                                10.46.6.173  Running           [{Initialized True 0001-01-01 00:00:00 +0000 UTC 2018-09-17 07:14:34 +0000 UTC  } {Ready True 0001-01-01 00:00:00 +0000 UTC 2018-09-17 07:15:20 +0000 UTC  } {ContainersReady True 0001-01-01 00:00:00 +0000 UTC 0001-01-01 00:00:00 +0000 UTC  } {PodScheduled True 0001-01-01 00:00:00 +0000 UTC 2018-09-17 07:14:34 +0000 UTC  }]&#xA;Sep 19 08:00:31.132: INFO: secret-watcher-5f59fcbc69-pfnfk                                  10.46.6.173  Running           [{Initialized True 0001-01-01 00:00:00 +0000 UTC 2018-09-17 07:18:05 +0000 UTC  } {Ready True 0001-01-01 00:00:00 +0000 UTC 2018-09-17 07:18:30 +0000 UTC  } {ContainersReady True 0001-01-01 00:00:00 +0000 UTC 0001-01-01 00:00:00 +0000 UTC  } {PodScheduled True 0001-01-01 00:00:00 +0000 UTC 2018-09-17 07:18:04 +0000 UTC  }]&#xA;Sep 19 08:00:31.132: INFO: security-onboarding-tkf79                                        10.46.6.173  Succeeded         [{Initialized True 0001-01-01 00:00:00 +0000 UTC 2018-09-17 07:18:12 +0000 UTC PodCompleted } {Ready False 0001-01-01 00:00:00 +0000 UTC 2018-09-17 07:20:02 +0000 UTC PodCompleted } {ContainersReady False 0001-01-01 00:00:00 +0000 UTC 0001-01-01 00:00:00 +0000 UTC PodCompleted } {PodScheduled True 0001-01-01 00:00:00 +0000 UTC 2018-09-17 07:18:12 +0000 UTC  }]&#xA;Sep 19 08:00:31.132: INFO: service-catalog-apiserver-967x9                                  10.46.6.173  Running           [{Initialized True 0001-01-01 00:00:00 +0000 UTC 2018-09-17 07:08:20 +0000 UTC  } {Ready True 0001-01-01 00:00:00 +0000 UTC 2018-09-17 07:09:01 +0000 UTC  } {ContainersReady True 0001-01-01 00:00:00 +0000 UTC 0001-01-01 00:00:00 +0000 UTC  } {PodScheduled True 0001-01-01 00:00:00 +0000 UTC 2018-09-17 07:08:20 +0000 UTC  }]&#xA;Sep 19 08:00:31.132: INFO: service-catalog-controller-manager-5969cccf86-65phs              10.46.6.173  Running           [{Initialized True 0001-01-01 00:00:00 +0000 UTC 2018-09-17 07:08:21 +0000 UTC  } {Ready True 0001-01-01 00:00:00 +0000 UTC 2018-09-17 07:08:34 +0000 UTC  } {ContainersReady True 0001-01-01 00:00:00 +0000 UTC 0001-01-01 00:00:00 +0000 UTC  } {PodScheduled True 0001-01-01 00:00:00 +0000 UTC 2018-09-17 07:08:20 +0000 UTC  }]&#xA;Sep 19 08:00:31.132: INFO: tiller-deploy-6b58875cb-5l8kh                                    10.46.6.173  Running           [{Initialized True 0001-01-01 00:00:00 +0000 UTC 2018-09-17 07:05:28 +0000 UTC  } {Ready True 0001-01-01 00:00:00 +0000 UTC 2018-09-17 07:05:43 +0000 UTC  } {ContainersReady True 0001-01-01 00:00:00 +0000 UTC 0001-01-01 00:00:00 +0000 UTC  } {PodScheduled True 0001-01-01 00:00:00 +0000 UTC 2018-09-17 07:05:28 +0000 UTC  }]&#xA;Sep 19 08:00:31.132: INFO: unified-router-lkwnl                                             10.46.6.173  Running           [{Initialized True 0001-01-01 00:00:00 +0000 UTC 2018-09-17 07:15:31 +0000 UTC  } {Ready True 0001-01-01 00:00:00 +0000 UTC 2018-09-17 07:15:40 +0000 UTC  } {ContainersReady True 0001-01-01 00:00:00 +0000 UTC 0001-01-01 00:00:00 +0000 UTC  } {PodScheduled True 0001-01-01 00:00:00 +0000 UTC 2018-09-17 07:15:31 +0000 UTC  }]&#xA;Sep 19 08:00:31.132: INFO: vulnerability-advisor-compliance-annotator-d5659b9d9-kmn8q       10.46.6.172  Running           [{Initialized True 0001-01-01 00:00:00 +0000 UTC 2018-09-17 07:19:03 +0000 UTC  } {Ready True 0001-01-01 00:00:00 +0000 UTC 2018-09-17 07:21:08 +0000 UTC  } {ContainersReady True 0001-01-01 00:00:00 +0000 UTC 0001-01-01 00:00:00 +0000 UTC  } {PodScheduled True 0001-01-01 00:00:00 +0000 UTC 2018-09-17 07:19:03 +0000 UTC  }]&#xA;Sep 19 08:00:31.132: INFO: vulnerability-advisor-compliance-indexer-7cbdc64b57-47lmd        10.46.6.172  Running           [{Initialized True 0001-01-01 00:00:00 +0000 UTC 2018-09-17 07:19:07 +0000 UTC  } {Ready True 0001-01-01 00:00:00 +0000 UTC 2018-09-17 07:19:33 +0000 UTC  } {ContainersReady True 0001-01-01 00:00:00 +0000 UTC 0001-01-01 00:00:00 +0000 UTC  } {PodScheduled True 0001-01-01 00:00:00 +0000 UTC 2018-09-17 07:19:06 +0000 UTC  }]&#xA;Sep 19 08:00:31.132: INFO: vulnerability-advisor-config-parser-5d44b78fd5-z4k9t             10.46.6.172  Running           [{Initialized True 0001-01-01 00:00:00 +0000 UTC 2018-09-17 07:19:04 +0000 UTC  } {Ready True 0001-01-01 00:00:00 +0000 UTC 2018-09-17 07:21:09 +0000 UTC  } {ContainersReady True 0001-01-01 00:00:00 +0000 UTC 0001-01-01 00:00:00 +0000 UTC  } {PodScheduled True 0001-01-01 00:00:00 +0000 UTC 2018-09-17 07:19:03 +0000 UTC  }]&#xA;Sep 19 08:00:31.132: INFO: vulnerability-advisor-cos-indexer-57899b7dd6-7cpf8               10.46.6.172  Running           [{Initialized True 0001-01-01 00:00:00 +0000 UTC 2018-09-17 07:19:04 +0000 UTC  } {Ready True 0001-01-01 00:00:00 +0000 UTC 2018-09-19 07:20:04 +0000 UTC  } {ContainersReady True 0001-01-01 00:00:00 +0000 UTC 0001-01-01 00:00:00 +0000 UTC  } {PodScheduled True 0001-01-01 00:00:00 +0000 UTC 2018-09-17 07:19:04 +0000 UTC  }]&#xA;Sep 19 08:00:31.132: INFO: vulnerability-advisor-kafka-0                                    10.46.6.172  Running           [{Initialized True 0001-01-01 00:00:00 +0000 UTC 2018-09-17 07:19:13 +0000 UTC  } {Ready True 0001-01-01 00:00:00 +0000 UTC 2018-09-17 07:20:53 +0000 UTC  } {ContainersReady True 0001-01-01 00:00:00 +0000 UTC 0001-01-01 00:00:00 +0000 UTC  } {PodScheduled True 0001-01-01 00:00:00 +0000 UTC 2018-09-17 07:19:13 +0000 UTC  }]&#xA;Sep 19 08:00:31.132: INFO: vulnerability-advisor-live-crawler-84st2                         10.46.6.172  Running           [{Initialized True 0001-01-01 00:00:00 +0000 UTC 2018-09-17 07:19:03 +0000 UTC  } {Ready True 0001-01-01 00:00:00 +0000 UTC 2018-09-17 07:19:26 +0000 UTC  } {ContainersReady True 0001-01-01 00:00:00 +0000 UTC 0001-01-01 00:00:00 +0000 UTC  } {PodScheduled True 0001-01-01 00:00:00 +0000 UTC 2018-09-17 07:19:03 +0000 UTC  }]&#xA;Sep 19 08:00:31.132: INFO: vulnerability-advisor-live-crawler-ccxd7                         10.46.6.170  Running           [{Initialized True 0001-01-01 00:00:00 +0000 UTC 2018-09-17 07:19:03 +0000 UTC  } {Ready True 0001-01-01 00:00:00 +0000 UTC 2018-09-17 07:19:14 +0000 UTC  } {ContainersReady True 0001-01-01 00:00:00 +0000 UTC 0001-01-01 00:00:00 +0000 UTC  } {PodScheduled True 0001-01-01 00:00:00 +0000 UTC 2018-09-17 07:19:03 +0000 UTC  }]&#xA;Sep 19 08:00:31.132: INFO: vulnerability-advisor-live-crawler-p6khc                         10.46.6.173  Running           [{Initialized True 0001-01-01 00:00:00 +0000 UTC 2018-09-17 07:19:02 +0000 UTC  } {Ready True 0001-01-01 00:00:00 +0000 UTC 2018-09-17 07:19:22 +0000 UTC  } {ContainersReady True 0001-01-01 00:00:00 +0000 UTC 0001-01-01 00:00:00 +0000 UTC  } {PodScheduled True 0001-01-01 00:00:00 +0000 UTC 2018-09-17 07:19:02 +0000 UTC  }]&#xA;Sep 19 08:00:31.132: INFO: vulnerability-advisor-live-crawler-xxz8p                         10.46.6.171  Running           [{Initialized True 0001-01-01 00:00:00 +0000 UTC 2018-09-17 07:19:03 +0000 UTC  } {Ready True 0001-01-01 00:00:00 +0000 UTC 2018-09-17 07:19:18 +0000 UTC  } {ContainersReady True 0001-01-01 00:00:00 +0000 UTC 0001-01-01 00:00:00 +0000 UTC  } {PodScheduled True 0001-01-01 00:00:00 +0000 UTC 2018-09-17 07:19:03 +0000 UTC  }]&#xA;Sep 19 08:00:31.132: INFO: vulnerability-advisor-ma-file-annotator-6b95df8886-jtczz         10.46.6.172  Running           [{Initialized True 0001-01-01 00:00:00 +0000 UTC 2018-09-17 07:19:04 +0000 UTC  } {Ready True 0001-01-01 00:00:00 +0000 UTC 2018-09-17 07:23:32 +0000 UTC  } {ContainersReady True 0001-01-01 00:00:00 +0000 UTC 0001-01-01 00:00:00 +0000 UTC  } {PodScheduled True 0001-01-01 00:00:00 +0000 UTC 2018-09-17 07:19:04 +0000 UTC  }]&#xA;Sep 19 08:00:31.132: INFO: vulnerability-advisor-minio-0                                    10.46.6.172  Running           [{Initialized True 0001-01-01 00:00:00 +0000 UTC 2018-09-17 07:21:51 +0000 UTC  } {Ready True 0001-01-01 00:00:00 +0000 UTC 2018-09-17 07:21:54 +0000 UTC  } {ContainersReady True 0001-01-01 00:00:00 +0000 UTC 0001-01-01 00:00:00 +0000 UTC  } {PodScheduled True 0001-01-01 00:00:00 +0000 UTC 2018-09-17 07:19:15 +0000 UTC  }]&#xA;Sep 19 08:00:31.132: INFO: vulnerability-advisor-minio-cleaner-1537228740-55f4w             10.46.6.172  Succeeded         [{Initialized True 0001-01-01 00:00:00 +0000 UTC 2018-09-17 23:59:03 +0000 UTC PodCompleted } {Ready False 0001-01-01 00:00:00 +0000 UTC 2018-09-17 23:59:42 +0000 UTC PodCompleted } {ContainersReady False 0001-01-01 00:00:00 +0000 UTC 0001-01-01 00:00:00 +0000 UTC PodCompleted } {PodScheduled True 0001-01-01 00:00:00 +0000 UTC 2018-09-17 23:59:03 +0000 UTC  }]&#xA;Sep 19 08:00:31.132: INFO: vulnerability-advisor-minio-cleaner-1537315140-nqk7v             10.46.6.172  Succeeded         [{Initialized True 0001-01-01 00:00:00 +0000 UTC 2018-09-18 23:59:04 +0000 UTC PodCompleted } {Ready False 0001-01-01 00:00:00 +0000 UTC 2018-09-19 00:00:52 +0000 UTC PodCompleted } {ContainersReady False 0001-01-01 00:00:00 +0000 UTC 0001-01-01 00:00:00 +0000 UTC PodCompleted } {PodScheduled True 0001-01-01 00:00:00 +0000 UTC 2018-09-18 23:59:04 +0000 UTC  }]&#xA;Sep 19 08:00:31.132: INFO: vulnerability-advisor-notification-dispatcher-86f8bf4b4d-cfdzb   10.46.6.172  Running           [{Initialized True 0001-01-01 00:00:00 +0000 UTC 2018-09-17 07:19:04 +0000 UTC  } {Ready True 0001-01-01 00:00:00 +0000 UTC 2018-09-17 07:20:31 +0000 UTC  } {ContainersReady True 0001-01-01 00:00:00 +0000 UTC 0001-01-01 00:00:00 +0000 UTC  } {PodScheduled True 0001-01-01 00:00:00 +0000 UTC 2018-09-17 07:19:04 +0000 UTC  }]&#xA;Sep 19 08:00:31.132: INFO: vulnerability-advisor-password-annotator-79b5d794b5-wnwqn        10.46.6.172  Running           [{Initialized True 0001-01-01 00:00:00 +0000 UTC 2018-09-17 07:19:05 +0000 UTC  } {Ready True 0001-01-01 00:00:00 +0000 UTC 2018-09-17 07:20:29 +0000 UTC  } {ContainersReady True 0001-01-01 00:00:00 +0000 UTC 0001-01-01 00:00:00 +0000 UTC  } {PodScheduled True 0001-01-01 00:00:00 +0000 UTC 2018-09-17 07:19:04 +0000 UTC  }]&#xA;Sep 19 08:00:31.132: INFO: vulnerability-advisor-process-ma-annotator-58f47d5b5f-4wglg      10.46.6.172  Running           [{Initialized True 0001-01-01 00:00:00 +0000 UTC 2018-09-17 07:19:06 +0000 UTC  } {Ready True 0001-01-01 00:00:00 +0000 UTC 2018-09-17 07:20:56 +0000 UTC  } {ContainersReady True 0001-01-01 00:00:00 +0000 UTC 0001-01-01 00:00:00 +0000 UTC  } {PodScheduled True 0001-01-01 00:00:00 +0000 UTC 2018-09-17 07:19:05 +0000 UTC  }]&#xA;Sep 19 08:00:31.132: INFO: vulnerability-advisor-process-ma-annotator-58f47d5b5f-xbxrc      10.46.6.172  Running           [{Initialized True 0001-01-01 00:00:00 +0000 UTC 2018-09-17 07:19:06 +0000 UTC  } {Ready True 0001-01-01 00:00:00 +0000 UTC 2018-09-17 07:21:50 +0000 UTC  } {ContainersReady True 0001-01-01 00:00:00 +0000 UTC 0001-01-01 00:00:00 +0000 UTC  } {PodScheduled True 0001-01-01 00:00:00 +0000 UTC 2018-09-17 07:19:05 +0000 UTC  }]&#xA;Sep 19 08:00:31.132: INFO: vulnerability-advisor-process-ma-annotator-init-869545d547nn27w  10.46.6.172  Running           [{Initialized True 0001-01-01 00:00:00 +0000 UTC 2018-09-17 07:19:06 +0000 UTC  } {Ready True 0001-01-01 00:00:00 +0000 UTC 2018-09-17 07:19:42 +0000 UTC  } {ContainersReady True 0001-01-01 00:00:00 +0000 UTC 0001-01-01 00:00:00 +0000 UTC  } {PodScheduled True 0001-01-01 00:00:00 +0000 UTC 2018-09-17 07:19:05 +0000 UTC  }]&#xA;Sep 19 08:00:31.132: INFO: vulnerability-advisor-process-ma-crawler-24z6k                   10.46.6.172  Running           [{Initialized True 0001-01-01 00:00:00 +0000 UTC 2018-09-17 07:19:03 +0000 UTC  } {Ready True 0001-01-01 00:00:00 +0000 UTC 2018-09-17 07:19:32 +0000 UTC  } {ContainersReady True 0001-01-01 00:00:00 +0000 UTC 0001-01-01 00:00:00 +0000 UTC  } {PodScheduled True 0001-01-01 00:00:00 +0000 UTC 2018-09-17 07:19:03 +0000 UTC  }]&#xA;Sep 19 08:00:31.132: INFO: vulnerability-advisor-process-ma-crawler-5g4zk                   10.46.6.170  Running           [{Initialized True 0001-01-01 00:00:00 +0000 UTC 2018-09-17 07:19:03 +0000 UTC  } {Ready True 0001-01-01 00:00:00 +0000 UTC 2018-09-17 07:19:16 +0000 UTC  } {ContainersReady True 0001-01-01 00:00:00 +0000 UTC 0001-01-01 00:00:00 +0000 UTC  } {PodScheduled True 0001-01-01 00:00:00 +0000 UTC 2018-09-17 07:19:03 +0000 UTC  }]&#xA;Sep 19 08:00:31.132: INFO: vulnerability-advisor-process-ma-crawler-96728                   10.46.6.173  Running           [{Initialized True 0001-01-01 00:00:00 +0000 UTC 2018-09-17 07:19:03 +0000 UTC  } {Ready True 0001-01-01 00:00:00 +0000 UTC 2018-09-17 07:19:23 +0000 UTC  } {ContainersReady True 0001-01-01 00:00:00 +0000 UTC 0001-01-01 00:00:00 +0000 UTC  } {PodScheduled True 0001-01-01 00:00:00 +0000 UTC 2018-09-17 07:19:03 +0000 UTC  }]&#xA;Sep 19 08:00:31.132: INFO: vulnerability-advisor-process-ma-crawler-b7k2d                   10.46.6.171  Running           [{Initialized True 0001-01-01 00:00:00 +0000 UTC 2018-09-17 07:19:03 +0000 UTC  } {Ready True 0001-01-01 00:00:00 +0000 UTC 2018-09-17 07:19:13 +0000 UTC  } {ContainersReady True 0001-01-01 00:00:00 +0000 UTC 0001-01-01 00:00:00 +0000 UTC  } {PodScheduled True 0001-01-01 00:00:00 +0000 UTC 2018-09-17 07:19:03 +0000 UTC  }]&#xA;Sep 19 08:00:31.132: INFO: vulnerability-advisor-registry-crawler-6f9568677b-bfpm6          10.46.6.172  Running           [{Initialized True 0001-01-01 00:00:00 +0000 UTC 2018-09-17 07:19:08 +0000 UTC  } {Ready True 0001-01-01 00:00:00 +0000 UTC 2018-09-17 07:19:48 +0000 UTC  } {ContainersReady True 0001-01-01 00:00:00 +0000 UTC 0001-01-01 00:00:00 +0000 UTC  } {PodScheduled True 0001-01-01 00:00:00 +0000 UTC 2018-09-17 07:19:07 +0000 UTC  }]&#xA;Sep 19 08:00:31.132: INFO: vulnerability-advisor-rootkit-annotator-74cb65b5cf-2dk5j         10.46.6.172  Running           [{Initialized True 0001-01-01 00:00:00 +0000 UTC 2018-09-17 07:19:08 +0000 UTC  } {Ready True 0001-01-01 00:00:00 +0000 UTC 2018-09-17 07:20:26 +0000 UTC  } {ContainersReady True 0001-01-01 00:00:00 +0000 UTC 0001-01-01 00:00:00 +0000 UTC  } {PodScheduled True 0001-01-01 00:00:00 +0000 UTC 2018-09-17 07:19:07 +0000 UTC  }]&#xA;Sep 19 08:00:31.132: INFO: vulnerability-advisor-rootkit-indexer-cd8b4646b-xlhwq            10.46.6.172  Running           [{Initialized True 0001-01-01 00:00:00 +0000 UTC 2018-09-17 07:19:07 +0000 UTC  } {Ready True 0001-01-01 00:00:00 +0000 UTC 2018-09-17 07:19:26 +0000 UTC  } {ContainersReady True 0001-01-01 00:00:00 +0000 UTC 0001-01-01 00:00:00 +0000 UTC  } {PodScheduled True 0001-01-01 00:00:00 +0000 UTC 2018-09-17 07:19:06 +0000 UTC  }]&#xA;Sep 19 08:00:31.132: INFO: vulnerability-advisor-sas-apiserver-5fd8d44bc9-7bvkn             10.46.6.172  Running           [{Initialized True 0001-01-01 00:00:00 +0000 UTC 2018-09-17 07:19:09 +0000 UTC  } {Ready True 0001-01-01 00:00:00 +0000 UTC 2018-09-17 07:20:03 +0000 UTC  } {ContainersReady True 0001-01-01 00:00:00 +0000 UTC 0001-01-01 00:00:00 +0000 UTC  } {PodScheduled True 0001-01-01 00:00:00 +0000 UTC 2018-09-17 07:19:08 +0000 UTC  }]&#xA;Sep 19 08:00:31.132: INFO: vulnerability-advisor-sas-mgmt-64fb95bc44-j9vjc                  10.46.6.172  Running           [{Initialized True 0001-01-01 00:00:00 +0000 UTC 2018-09-17 07:19:08 +0000 UTC  } {Ready True 0001-01-01 00:00:00 +0000 UTC 2018-09-17 07:19:39 +0000 UTC  } {ContainersReady True 0001-01-01 00:00:00 +0000 UTC 0001-01-01 00:00:00 +0000 UTC  } {PodScheduled True 0001-01-01 00:00:00 +0000 UTC 2018-09-17 07:19:08 +0000 UTC  }]&#xA;Sep 19 08:00:31.132: INFO: vulnerability-advisor-secconfig-annotator-7dbcf5d9f4-fkmkb       10.46.6.172  Running           [{Initialized True 0001-01-01 00:00:00 +0000 UTC 2018-09-17 07:19:10 +0000 UTC  } {Ready True 0001-01-01 00:00:00 +0000 UTC 2018-09-17 07:19:45 +0000 UTC  } {ContainersReady True 0001-01-01 00:00:00 +0000 UTC 0001-01-01 00:00:00 +0000 UTC  } {PodScheduled True 0001-01-01 00:00:00 +0000 UTC 2018-09-17 07:19:08 +0000 UTC  }]&#xA;Sep 19 08:00:31.132: INFO: vulnerability-advisor-secconfig-indexer-674647df7c-qq5ff         10.46.6.172  Running           [{Initialized True 0001-01-01 00:00:00 +0000 UTC 2018-09-17 07:19:07 +0000 UTC  } {Ready True 0001-01-01 00:00:00 +0000 UTC 2018-09-17 07:19:33 +0000 UTC  } {ContainersReady True 0001-01-01 00:00:00 +0000 UTC 0001-01-01 00:00:00 +0000 UTC  } {PodScheduled True 0001-01-01 00:00:00 +0000 UTC 2018-09-17 07:19:06 +0000 UTC  }]&#xA;Sep 19 08:00:31.132: INFO: vulnerability-advisor-statsd-7746859df4-jjm6f                    10.46.6.172  Running           [{Initialized True 0001-01-01 00:00:00 +0000 UTC 2018-09-17 07:19:10 +0000 UTC  } {Ready True 0001-01-01 00:00:00 +0000 UTC 2018-09-17 07:19:38 +0000 UTC  } {ContainersReady True 0001-01-01 00:00:00 +0000 UTC 0001-01-01 00:00:00 +0000 UTC  } {PodScheduled True 0001-01-01 00:00:00 +0000 UTC 2018-09-17 07:19:09 +0000 UTC  }]&#xA;Sep 19 08:00:31.132: INFO: vulnerability-advisor-usncrawler-8h976                           10.46.6.172  Succeeded         [{Initialized True 0001-01-01 00:00:00 +0000 UTC 2018-09-17 07:19:11 +0000 UTC PodCompleted } {Ready False 0001-01-01 00:00:00 +0000 UTC 2018-09-17 07:24:06 +0000 UTC PodCompleted } {ContainersReady False 0001-01-01 00:00:00 +0000 UTC 0001-01-01 00:00:00 +0000 UTC PodCompleted } {PodScheduled True 0001-01-01 00:00:00 +0000 UTC 2018-09-17 07:19:11 +0000 UTC  }]&#xA;Sep 19 08:00:31.132: INFO: vulnerability-advisor-vulnerability-annotator-bcbf5595f-hxwst    10.46.6.172  Running           [{Initialized True 0001-01-01 00:00:00 +0000 UTC 2018-09-17 07:19:10 +0000 UTC  } {Ready True 0001-01-01 00:00:00 +0000 UTC 2018-09-17 07:20:29 +0000 UTC  } {ContainersReady True 0001-01-01 00:00:00 +0000 UTC 0001-01-01 00:00:00 +0000 UTC  } {PodScheduled True 0001-01-01 00:00:00 +0000 UTC 2018-09-17 07:19:09 +0000 UTC  }]&#xA;Sep 19 08:00:31.132: INFO: vulnerability-advisor-vulnerability-indexer-7c79b4c964-2n8cg     10.46.6.172  Running           [{Initialized True 0001-01-01 00:00:00 +0000 UTC 2018-09-17 07:19:07 +0000 UTC  } {Ready True 0001-01-01 00:00:00 +0000 UTC 2018-09-17 07:19:37 +0000 UTC  } {ContainersReady True 0001-01-01 00:00:00 +0000 UTC 0001-01-01 00:00:00 +0000 UTC  } {PodScheduled True 0001-01-01 00:00:00 +0000 UTC 2018-09-17 07:19:06 +0000 UTC  }]&#xA;Sep 19 08:00:31.132: INFO: vulnerability-advisor-zookeeper-0                                10.46.6.172  Running           [{Initialized True 0001-01-01 00:00:00 +0000 UTC 2018-09-17 07:19:15 +0000 UTC  } {Ready True 0001-01-01 00:00:00 +0000 UTC 2018-09-17 07:20:10 +0000 UTC  } {ContainersReady True 0001-01-01 00:00:00 +0000 UTC 0001-01-01 00:00:00 +0000 UTC  } {PodScheduled True 0001-01-01 00:00:00 +0000 UTC 2018-09-17 07:19:14 +0000 UTC  }]&#xA;Sep 19 08:00:31.132: INFO: &#xA;Sep 19 08:00:31.138: INFO: &#xA;Logging node info for node 10.46.6.170&#xA;Sep 19 08:00:31.143: INFO: Node Info: &amp;Node{ObjectMeta:k8s_io_apimachinery_pkg_apis_meta_v1.ObjectMeta{Name:10.46.6.170,GenerateName:,Namespace:,SelfLink:/api/v1/nodes/10.46.6.170,UID:0c4508eb-ba48-11e8-b20e-fa163e707b2e,ResourceVersion:462464,Generation:0,CreationTimestamp:2018-09-17 07:05:24 +0000 UTC,DeletionTimestamp:&lt;nil&gt;,DeletionGracePeriodSeconds:nil,Labels:map[string]string{beta.kubernetes.io/arch: amd64,beta.kubernetes.io/os: linux,kubernetes.io/hostname: 10.46.6.170,node-role.kubernetes.io/worker: true,},Annotations:map[string]string{node.alpha.kubernetes.io/ttl: 0,volumes.kubernetes.io/controller-managed-attach-detach: true,},OwnerReferences:[],Finalizers:[],ClusterName:,Initializers:nil,},Spec:NodeSpec{PodCIDR:,DoNotUse_ExternalID:,ProviderID:,Unschedulable:false,Taints:[],ConfigSource:nil,},Status:NodeStatus{Capacity:ResourceList{cpu: {{8 0} {&lt;nil&gt;} 8 DecimalSI},ephemeral-storage: {{107362627584 0} {&lt;nil&gt;} 104846316Ki BinarySI},hugepages-1Gi: {{0 0} {&lt;nil&gt;} 0 DecimalSI},hugepages-2Mi: {{0 0} {&lt;nil&gt;} 0 DecimalSI},memory: {{16825630720 0} {&lt;nil&gt;}  BinarySI},pods: {{80 0} {&lt;nil&gt;} 80 DecimalSI},},Allocatable:ResourceList{cpu: {{8 0} {&lt;nil&gt;} 8 DecimalSI},ephemeral-storage: {{96626364666 0} {&lt;nil&gt;} 96626364666 DecimalSI},hugepages-1Gi: {{0 0} {&lt;nil&gt;} 0 DecimalSI},hugepages-2Mi: {{0 0} {&lt;nil&gt;} 0 DecimalSI},memory: {{16720773120 0} {&lt;nil&gt;}  BinarySI},pods: {{80 0} {&lt;nil&gt;} 80 DecimalSI},},Phase:,Conditions:[{OutOfDisk False 2018-09-19 08:00:23 +0000 UTC 2018-09-17 07:05:24 +0000 UTC KubeletHasSufficientDisk kubelet has sufficient disk space available} {MemoryPressure False 2018-09-19 08:00:23 +0000 UTC 2018-09-17 07:05:24 +0000 UTC KubeletHasSufficientMemory kubelet has sufficient memory available} {DiskPressure False 2018-09-19 08:00:23 +0000 UTC 2018-09-17 07:05:24 +0000 UTC KubeletHasNoDiskPressure kubelet has no disk pressure} {PIDPressure False 2018-09-19 08:00:23 +0000 UTC 2018-09-17 07:05:24 +0000 UTC KubeletHasSufficientPID kubelet has sufficient PID available} {Ready True 2018-09-19 08:00:23 +0000 UTC 2018-09-17 07:06:04 +0000 UTC KubeletReady kubelet is posting ready status}],Addresses:[{InternalIP 10.46.6.170} {Hostname 10.46.6.170}],DaemonEndpoints:NodeDaemonEndpoints{KubeletEndpoint:DaemonEndpoint{Port:10250,},},NodeInfo:NodeSystemInfo{MachineID:52ca0d2c3fb341c79b059a96d10571a6,SystemUUID:B2A91A2D-0576-4E7B-AEBA-AE95FFDDF786,BootID:ae0d54c3-4892-49fd-b5c7-ca2077060a4b,KernelVersion:3.10.0-862.9.1.el7.x86_64,OSImage:Red Hat Enterprise Linux,ContainerRuntimeVersion:docker://18.3.1,KubeletVersion:v1.11.1+icp-ee,KubeProxyVersion:v1.11.1+icp-ee,OperatingSystem:linux,Architecture:amd64,},Images:[{[lzj.icp:8500/ibmcom/live-crawler@sha256:1a648615e7b439f093697f65350262823e6c711c4b21ea81596ced1c28a48133 lzj.icp:8500/ibmcom/live-crawler:1.3.1] 987515538} {[lzj.icp:8500/ibmcom/hyperkube@sha256:9fbddbf2d04354912c8a981395493d250474cb9fa587fa91119e69467078b180 lzj.icp:8500/ibmcom/hyperkube:v1.11.1-ee] 782626408} {[gcr.io/heptio-images/kube-conformance@sha256:5482c7f5f7b874c5c6caec6ddef5406f19a52a2c3a36897cadf0a8f78ab57982 gcr.io/heptio-images/kube-conformance:latest] 532182058} {[open-liberty@sha256:e962af00796d50687a4ac71d5e8ab046696c314b4a84617b0d216b671519df31 open-liberty:latest] 500884023} {[lzj.icp:8500/ibmcom/icp-filebeat@sha256:72669dde64d7ab85bbb9e93428efe548b2693a4eae5168a4705f6e30cd20e584 lzj.icp:8500/ibmcom/icp-filebeat:5.5.1] 317104874} {[lzj.icp:8500/ibmcom/fluentd@sha256:f85a5ffd86438f1a73d04caf6e33ef3474675d9fa0947431f4d0a9602fc981af lzj.icp:8500/ibmcom/fluentd:v1.2.2-icp] 270902701} {[lzj.icp:8500/ibmcom/calico-node@sha256:85a23d8030137d49663d3d82844a61998331606de9fc523dfdd0a75be7fb9828 lzj.icp:8500/ibmcom/calico-node:v3.1.3] 248202699} {[gcr.io/kubernetes-e2e-test-images/jessie-dnsutils-amd64@sha256:9e842e2f77073ec30e2349f9082ec35357a3bf61e12488adc677144295e68c38 gcr.io/kubernetes-e2e-test-images/jessie-dnsutils-amd64:1.0] 195659796} {[lzj.icp:8500/ibmcom/nvidia-device-plugin@sha256:2d57caa41994d1e0b3d952526a651f8da487e068874d1075f915fa48ad969ba6 lzj.icp:8500/ibmcom/nvidia-device-plugin:1.0] 132413452} {[lzj.icp:8500/ibmcom/metering-data-manager@sha256:97803f4458c6f6ca62076cf6958cb8ab98cf9ffed7cd4977550eeaa6db8ead70 lzj.icp:8500/ibmcom/metering-data-manager:3.1.0] 121942877} {[lzj.icp:8500/ibmcom/icp-management-ingress@sha256:259a9d288f5ee4f169c618b6d870b5ae38b954a3bf69f3f392523b1aaa9f4001 lzj.icp:8500/ibmcom/icp-management-ingress:2.2.1] 80410712} {[lzj.icp:8500/ibmcom/calico-cni@sha256:b56c2d3e62bd02f15dd5ec335c25ac81bb39d214e904525227640790686855d7 lzj.icp:8500/ibmcom/calico-cni:v3.1.3] 68849270} {[gcr.io/heptio-images/sonobuoy@sha256:165df6f635ddd0088ed6686e07ffb47f8dd17fdba153f61dbec9aa80c0d2e0b8 gcr.io/heptio-images/sonobuoy:latest gcr.io/heptio-images/sonobuoy:v0.11.6] 33401240} {[gcr.io/kubernetes-e2e-test-images/nettest-amd64@sha256:f2d3eba3ae2043c51389935be4bf41b2b0e60fd7220b9ba9cbc51eceaa74b2b4 gcr.io/kubernetes-e2e-test-images/nettest-amd64:1.0] 27413498} {[lzj.icp:8500/ibmcom/node-exporter@sha256:b24db452b1a0bf46abba095162d0fbc89ea40eeabbfe43ae01dab54107ecff0e lzj.icp:8500/ibmcom/node-exporter:v0.16.0] 22915749} {[gcr.io/kubernetes-e2e-test-images/dnsutils-amd64@sha256:f8eca5c0c2e18b7ee6df876e5587c5885d13c59cb453d93bf51628daf656e4b5 gcr.io/kubernetes-e2e-test-images/dnsutils-amd64:1.0] 9030162} {[gcr.io/kubernetes-e2e-test-images/hostexec-amd64@sha256:e1dadb772c6132e3587fc41b8c07facd81ee7c4e74508891b5d98d45b85462e9 gcr.io/kubernetes-e2e-test-images/hostexec-amd64:1.1] 8490662} {[gcr.io/kubernetes-e2e-test-images/netexec-amd64@sha256:da1c165175d5589ed70384e406a0291b6f76d53fc99e2c31ae23003e11e5bfde gcr.io/kubernetes-e2e-test-images/netexec-amd64:1.0] 6713741} {[gcr.io/kubernetes-e2e-test-images/serve-hostname-amd64@sha256:2dd4032e98a0450d95a0ac71a5e465f542a900812d8c41bc6ca635aed1a5fc91 gcr.io/kubernetes-e2e-test-images/serve-hostname-amd64:1.0] 5470001} {[gcr.io/kubernetes-e2e-test-images/test-webserver-amd64@sha256:8da73e44d6870f86e0e6a87b2e07829470465afbb6febeb900296d99510789ce gcr.io/kubernetes-e2e-test-images/test-webserver-amd64:1.0] 4732240} {[gcr.io/kubernetes-e2e-test-images/porter-amd64@sha256:824f041b2757f8da2980092ace0991b4b8c6689e76c3b94f677521f7157bc7b8 gcr.io/kubernetes-e2e-test-images/porter-amd64:1.0] 4681408} {[gcr.io/kubernetes-e2e-test-images/liveness-amd64@sha256:0a64aa5318ade9f4ed6cd625d8dffdb4ac6a411da30694c53809e99a65de9eff gcr.io/kubernetes-e2e-test-images/liveness-amd64:1.0] 4608721} {[gcr.io/kubernetes-e2e-test-images/mounttest-amd64@sha256:e3e75014e6df02dc21e6fb95f93b989a2ff8a91f36ae88d74eccbabaa21fc211 gcr.io/kubernetes-e2e-test-images/mounttest-amd64:1.0] 1563521} {[gcr.io/kubernetes-e2e-test-images/mounttest-user-amd64@sha256:1ac490f1442cad4b1c886527470393c71302cc62f5e3304fb08854403cbc68dc gcr.io/kubernetes-e2e-test-images/mounttest-user-amd64:1.0] 1450451} {[busybox@sha256:cb63aa0641a885f54de20f61d152187419e8f6b159ed11a251a09d115fdff9bd busybox:latest] 1162769} {[lzj.icp:8500/ibmcom/pause@sha256:8a18035491d4fbbe481be5eac11819315ec94677ab465608d052d87b3cdcff7f lzj.icp:8500/ibmcom/pause:3.1] 742472}],VolumesInUse:[],VolumesAttached:[],Config:&amp;NodeConfigStatus{Assigned:nil,Active:nil,LastKnownGood:nil,Error:,},},}&#xA;Sep 19 08:00:31.143: INFO: &#xA;Logging kubelet events for node 10.46.6.170&#xA;Sep 19 08:00:31.148: INFO: &#xA;Logging pods the kubelet thinks is on node 10.46.6.170&#xA;Sep 19 08:00:31.160: INFO: logging-elk-filebeat-ds-jtd5q started at 2018-09-17 07:15:20 +0000 UTC (0+1 container statuses recorded)&#xA;Sep 19 08:00:31.160: INFO: &#x9;Container filebeat ready: true, restart count 0&#xA;Sep 19 08:00:31.160: INFO: sonobuoy started at 2018-09-19 07:22:02 +0000 UTC (0+1 container statuses recorded)&#xA;Sep 19 08:00:31.161: INFO: &#x9;Container kube-sonobuoy ready: true, restart count 0&#xA;Sep 19 08:00:31.161: INFO: nvidia-device-plugin-9h2k4 started at 2018-09-17 07:07:17 +0000 UTC (1+1 container statuses recorded)&#xA;Sep 19 08:00:31.161: INFO: &#x9;Init container nvidia-driver-collector ready: true, restart count 0&#xA;Sep 19 08:00:31.161: INFO: &#x9;Container nvidia-device-plugin ready: true, restart count 0&#xA;Sep 19 08:00:31.161: INFO: metering-reader-44wd7 started at 2018-09-17 07:14:11 +0000 UTC (1+1 container statuses recorded)&#xA;Sep 19 08:00:31.161: INFO: &#x9;Init container metering-reader-init ready: true, restart count 1&#xA;Sep 19 08:00:31.161: INFO: &#x9;Container metering-reader ready: true, restart count 0&#xA;Sep 19 08:00:31.161: INFO: vulnerability-advisor-live-crawler-ccxd7 started at 2018-09-17 07:19:03 +0000 UTC (0+1 container statuses recorded)&#xA;Sep 19 08:00:31.161: INFO: &#x9;Container live-crawler ready: true, restart count 0&#xA;Sep 19 08:00:31.161: INFO: sonobuoy-e2e-job-c3f9b53ea97c48a2 started at 2018-09-19 07:22:08 +0000 UTC (0+2 container statuses recorded)&#xA;Sep 19 08:00:31.161: INFO: &#x9;Container e2e ready: true, restart count 0&#xA;Sep 19 08:00:31.161: INFO: &#x9;Container sonobuoy-worker ready: true, restart count 0&#xA;Sep 19 08:00:31.161: INFO: monitoring-prometheus-nodeexporter-tpbc8 started at 2018-09-17 07:15:44 +0000 UTC (0+2 container statuses recorded)&#xA;Sep 19 08:00:31.161: INFO: &#x9;Container nodeexporter ready: true, restart count 0&#xA;Sep 19 08:00:31.161: INFO: &#x9;Container router ready: true, restart count 0&#xA;Sep 19 08:00:31.161: INFO: audit-logging-fluentd-ds-4cgnk started at 2018-09-17 07:18:46 +0000 UTC (0+1 container statuses recorded)&#xA;Sep 19 08:00:31.161: INFO: &#x9;Container fluentd ready: true, restart count 0&#xA;Sep 19 08:00:31.161: INFO: vulnerability-advisor-process-ma-crawler-5g4zk started at 2018-09-17 07:19:03 +0000 UTC (0+1 container statuses recorded)&#xA;Sep 19 08:00:31.161: INFO: &#x9;Container process-ma-crawler ready: true, restart count 0&#xA;Sep 19 08:00:31.161: INFO: my-ibm-open-liberty-ibm-7f7d9778d7-7t5jc started at 2018-09-17 08:22:24 +0000 UTC (0+1 container statuses recorded)&#xA;Sep 19 08:00:31.161: INFO: &#x9;Container ibm-open-liberty ready: true, restart count 0&#xA;Sep 19 08:00:31.161: INFO: k8s-proxy-10.46.6.170 started at &lt;nil&gt; (0+0 container statuses recorded)&#xA;Sep 19 08:00:31.161: INFO: calico-node-htf97 started at 2018-09-17 07:05:53 +0000 UTC (0+2 container statuses recorded)&#xA;Sep 19 08:00:31.161: INFO: &#x9;Container calico-node ready: true, restart count 0&#xA;Sep 19 08:00:31.161: INFO: &#x9;Container install-cni ready: true, restart count 0&#xA;Sep 19 08:00:31.227: INFO: &#xA;Latency metrics for node 10.46.6.170&#xA;Sep 19 08:00:31.227: INFO: &#xA;Logging node info for node 10.46.6.171&#xA;Sep 19 08:00:31.256: INFO: Node Info: &amp;Node{ObjectMeta:k8s_io_apimachinery_pkg_apis_meta_v1.ObjectMeta{Name:10.46.6.171,GenerateName:,Namespace:,SelfLink:/api/v1/nodes/10.46.6.171,UID:0c79152a-ba48-11e8-b20e-fa163e707b2e,ResourceVersion:462481,Generation:0,CreationTimestamp:2018-09-17 07:05:24 +0000 UTC,DeletionTimestamp:&lt;nil&gt;,DeletionGracePeriodSeconds:nil,Labels:map[string]string{beta.kubernetes.io/arch: amd64,beta.kubernetes.io/os: linux,kubernetes.io/hostname: 10.46.6.171,management: true,node-role.kubernetes.io/management: true,},Annotations:map[string]string{node.alpha.kubernetes.io/ttl: 0,volumes.kubernetes.io/controller-managed-attach-detach: true,},OwnerReferences:[],Finalizers:[],ClusterName:,Initializers:nil,},Spec:NodeSpec{PodCIDR:,DoNotUse_ExternalID:,ProviderID:,Unschedulable:false,Taints:[{dedicated management NoSchedule &lt;nil&gt;}],ConfigSource:nil,},Status:NodeStatus{Capacity:ResourceList{cpu: {{8 0} {&lt;nil&gt;} 8 DecimalSI},ephemeral-storage: {{107362627584 0} {&lt;nil&gt;} 104846316Ki BinarySI},hugepages-1Gi: {{0 0} {&lt;nil&gt;} 0 DecimalSI},hugepages-2Mi: {{0 0} {&lt;nil&gt;} 0 DecimalSI},memory: {{16825630720 0} {&lt;nil&gt;}  BinarySI},pods: {{80 0} {&lt;nil&gt;} 80 DecimalSI},},Allocatable:ResourceList{cpu: {{8 0} {&lt;nil&gt;} 8 DecimalSI},ephemeral-storage: {{107257769984 0} {&lt;nil&gt;} 104743916Ki BinarySI},hugepages-1Gi: {{0 0} {&lt;nil&gt;} 0 DecimalSI},hugepages-2Mi: {{0 0} {&lt;nil&gt;} 0 DecimalSI},memory: {{16720773120 0} {&lt;nil&gt;}  BinarySI},pods: {{80 0} {&lt;nil&gt;} 80 DecimalSI},},Phase:,Conditions:[{OutOfDisk False 2018-09-19 08:00:29 +0000 UTC 2018-09-17 07:05:24 +0000 UTC KubeletHasSufficientDisk kubelet has sufficient disk space available} {MemoryPressure False 2018-09-19 08:00:29 +0000 UTC 2018-09-17 07:05:24 +0000 UTC KubeletHasSufficientMemory kubelet has sufficient memory available} {DiskPressure False 2018-09-19 08:00:29 +0000 UTC 2018-09-17 07:05:24 +0000 UTC KubeletHasNoDiskPressure kubelet has no disk pressure} {PIDPressure False 2018-09-19 08:00:29 +0000 UTC 2018-09-17 07:05:24 +0000 UTC KubeletHasSufficientPID kubelet has sufficient PID available} {Ready True 2018-09-19 08:00:29 +0000 UTC 2018-09-17 07:06:05 +0000 UTC KubeletReady kubelet is posting ready status}],Addresses:[{InternalIP 10.46.6.171} {Hostname 10.46.6.171}],DaemonEndpoints:NodeDaemonEndpoints{KubeletEndpoint:DaemonEndpoint{Port:10250,},},NodeInfo:NodeSystemInfo{MachineID:52ca0d2c3fb341c79b059a96d10571a6,SystemUUID:00401CD1-AB88-4341-9CDC-C9648BFB2B56,BootID:706dbc67-f432-47c3-840e-f599801336c8,KernelVersion:3.10.0-862.9.1.el7.x86_64,OSImage:Red Hat Enterprise Linux,ContainerRuntimeVersion:docker://18.3.1,KubeletVersion:v1.11.1+icp-ee,KubeProxyVersion:v1.11.1+icp-ee,OperatingSystem:linux,Architecture:amd64,},Images:[{[lzj.icp:8500/ibmcom/live-crawler@sha256:1a648615e7b439f093697f65350262823e6c711c4b21ea81596ced1c28a48133 lzj.icp:8500/ibmcom/live-crawler:1.3.1] 987515538} {[lzj.icp:8500/ibmcom/hyperkube@sha256:9fbddbf2d04354912c8a981395493d250474cb9fa587fa91119e69467078b180 lzj.icp:8500/ibmcom/hyperkube:v1.11.1-ee] 782626408} {[lzj.icp:8500/ibmcom/icp-logstash@sha256:a182a00827aefe7f5f95b18fa1ec8f6897989290b37f3d98bd6440ddda796433 lzj.icp:8500/ibmcom/icp-logstash:5.5.1] 764906887} {[lzj.icp:8500/ibmcom/icp-kibana@sha256:6e2746da64a64f98c5761b87d5e185a9c2ac75c9c4e767ab284062b1847b7571 lzj.icp:8500/ibmcom/icp-kibana:5.5.1] 639622018} {[lzj.icp:8500/ibmcom/icp-elasticsearch@sha256:b410aacb6005fe24bfd87b045ea26fde3d6eb3ca52c3f0e4560cdc208944ba50 lzj.icp:8500/ibmcom/icp-elasticsearch:5.5.1] 520121248} {[lzj.icp:8500/ibmcom/logging-pki-init@sha256:21aa9cbd05a849b4891b15cf636f73545f6001f16c82f8eeed2e90b4f9312377 lzj.icp:8500/ibmcom/logging-pki-init:2.0.0] 501921135} {[lzj.icp:8500/ibmcom/searchguard-init@sha256:3d0d8a8404a9df5ad238bce1e0542cdda609cc445dfc3964952243d9fc103276 lzj.icp:8500/ibmcom/searchguard-init:2.0.0] 457030441} {[lzj.icp:8500/ibmcom/metering-ui@sha256:d6453f9afecc9b1fc778c195e20bbb39d4ef6262af2f7a9a5ce3cddc259fec99 lzj.icp:8500/ibmcom/metering-ui:3.1.0] 385577105} {[lzj.icp:8500/ibmcom/icp-filebeat@sha256:72669dde64d7ab85bbb9e93428efe548b2693a4eae5168a4705f6e30cd20e584 lzj.icp:8500/ibmcom/icp-filebeat:5.5.1] 317104874} {[lzj.icp:8500/ibmcom/fluentd@sha256:f85a5ffd86438f1a73d04caf6e33ef3474675d9fa0947431f4d0a9602fc981af lzj.icp:8500/ibmcom/fluentd:v1.2.2-icp] 270902701} {[lzj.icp:8500/ibmcom/elasticsearch-plugin-searchguard@sha256:f47116021e3eec7b2fed9f6ed8bd77fd890457e5a1546dda7f863c032d4395b1 lzj.icp:8500/ibmcom/elasticsearch-plugin-searchguard:2.0.0] 267864279} {[lzj.icp:8500/ibmcom/calico-node@sha256:85a23d8030137d49663d3d82844a61998331606de9fc523dfdd0a75be7fb9828 lzj.icp:8500/ibmcom/calico-node:v3.1.3] 248202699} {[lzj.icp:8500/ibmcom/grafana@sha256:5d2739d3ec5c7f6ea66d69caa918b764660b99a3d37cb1f4123f1a9623ce8e38 lzj.icp:8500/ibmcom/grafana:5.2.0] 245297582} {[lzj.icp:8500/ibmcom/indices-cleaner@sha256:31dac3be1246f17dddade06b517c073244ce56d85bc54135fdaf010dbb0bca10 lzj.icp:8500/ibmcom/indices-cleaner:1.0.0] 238131553} {[lzj.icp:8500/ibmcom/curl@sha256:adf92a267e351914d041a56d64ebe80331c45f8e20ab23b7ada67bea78da9996 lzj.icp:8500/ibmcom/curl:4.0.0] 221192597} {[lzj.icp:8500/ibmcom/nvidia-device-plugin@sha256:2d57caa41994d1e0b3d952526a651f8da487e068874d1075f915fa48ad969ba6 lzj.icp:8500/ibmcom/nvidia-device-plugin:1.0] 132413452} {[lzj.icp:8500/ibmcom/metering-data-manager@sha256:97803f4458c6f6ca62076cf6958cb8ab98cf9ffed7cd4977550eeaa6db8ead70 lzj.icp:8500/ibmcom/metering-data-manager:3.1.0] 121942877} {[lzj.icp:8500/ibmcom/prometheus@sha256:91cba3cbf7a61499969a8a5a27347830ed1740b2285de9ac31e231e7ce44deb7 lzj.icp:8500/ibmcom/prometheus:v2.3.1] 118818909} {[lzj.icp:8500/ibmcom/icp-management-ingress@sha256:259a9d288f5ee4f169c618b6d870b5ae38b954a3bf69f3f392523b1aaa9f4001 lzj.icp:8500/ibmcom/icp-management-ingress:2.2.1] 80410712} {[lzj.icp:8500/ibmcom/calico-cni@sha256:b56c2d3e62bd02f15dd5ec335c25ac81bb39d214e904525227640790686855d7 lzj.icp:8500/ibmcom/calico-cni:v3.1.3] 68849270} {[lzj.icp:8500/ibmcom/k8s-prometheus-adapter@sha256:cf7f0c35ff0a0ec9cf743ef87e4c951f74d3fd0b4b97925784cc857565b4d7ba lzj.icp:8500/ibmcom/k8s-prometheus-adapter:v0.2.1.1] 52134773} {[lzj.icp:8500/ibmcom/metrics-server@sha256:973b5dd33165e4856f22a9f48a9b7f5bd2f01399d6479c46212ea92336a9ca40 lzj.icp:8500/ibmcom/metrics-server:v0.2.1.1] 42541759} {[lzj.icp:8500/ibmcom/ibmcloud-image-enforcement@sha256:d29efeb868c054eead02eec72c86f690c4a8c81b95f99f22bbc873644b090e99 lzj.icp:8500/ibmcom/ibmcloud-image-enforcement:0.2.0] 40040099} {[lzj.icp:8500/ibmcom/alertmanager@sha256:f3e7d379040499e05c1377862cc8a74cd5ffed2a175bf62fc18dc07b98d6ab00 lzj.icp:8500/ibmcom/alertmanager:v0.15.0] 36095602} {[lzj.icp:8500/ibmcom/kube-state-metrics@sha256:6a574d2e4a7338abdd3d0b85dd2510cbf046cd09a70505b99513feee42d00559 lzj.icp:8500/ibmcom/kube-state-metrics:v1.3.0] 35646776} {[lzj.icp:8500/ibmcom/node-exporter@sha256:b24db452b1a0bf46abba095162d0fbc89ea40eeabbfe43ae01dab54107ecff0e lzj.icp:8500/ibmcom/node-exporter:v0.16.0] 22915749} {[lzj.icp:8500/ibmcom/configmap-reload@sha256:77a4ede137dd4980fe02c70ad189bf7b89dd1a9e134c0fe4475842fe8948f6a9 lzj.icp:8500/ibmcom/configmap-reload:v0.2.2] 22381476} {[lzj.icp:8500/ibmcom/collectd-exporter@sha256:0ef0cfb0a60f66046851bfafbfa1913814c7a4967e4e7561ce5111186338f6d9 lzj.icp:8500/ibmcom/collectd-exporter:v0.4.0] 13695364} {[lzj.icp:8500/ibmcom/elasticsearch-exporter@sha256:27806a00f45314a1c06af096236004020a98202edbbce81d993aadfaca0c66a0 lzj.icp:8500/ibmcom/elasticsearch-exporter:1.0.2] 9202086} {[lzj.icp:8500/ibmcom/icp-initcontainer@sha256:c1b9397380303cfc23505576a19859c7e26936f80a26bb4fae95ef68e7775de8 lzj.icp:8500/ibmcom/icp-initcontainer:1.0.0] 3965926} {[lzj.icp:8500/ibmcom/pause@sha256:8a18035491d4fbbe481be5eac11819315ec94677ab465608d052d87b3cdcff7f lzj.icp:8500/ibmcom/pause:3.1] 742472}],VolumesInUse:[],VolumesAttached:[],Config:&amp;NodeConfigStatus{Assigned:nil,Active:nil,LastKnownGood:nil,Error:,},},}&#xA;Sep 19 08:00:31.256: INFO: &#xA;Logging kubelet events for node 10.46.6.171&#xA;Sep 19 08:00:31.261: INFO: &#xA;Logging pods the kubelet thinks is on node 10.46.6.171&#xA;Sep 19 08:00:31.285: INFO: monitoring-grafana-548b947c8c-dh89z started at 2018-09-17 07:15:46 +0000 UTC (1+2 container statuses recorded)&#xA;Sep 19 08:00:31.285: INFO: &#x9;Init container init-container ready: true, restart count 0&#xA;Sep 19 08:00:31.285: INFO: &#x9;Container grafana ready: true, restart count 0&#xA;Sep 19 08:00:31.285: INFO: &#x9;Container router ready: true, restart count 0&#xA;Sep 19 08:00:31.285: INFO: vulnerability-advisor-process-ma-crawler-b7k2d started at 2018-09-17 07:19:03 +0000 UTC (0+1 container statuses recorded)&#xA;Sep 19 08:00:31.285: INFO: &#x9;Container process-ma-crawler ready: true, restart count 0&#xA;Sep 19 08:00:31.285: INFO: ibmcloud-image-enforcement-76ddccbf9f-kqmlb started at 2018-09-17 07:14:02 +0000 UTC (0+1 container statuses recorded)&#xA;Sep 19 08:00:31.285: INFO: &#x9;Container ibmcloud-image-enforcement ready: true, restart count 0&#xA;Sep 19 08:00:31.285: INFO: metering-ui-5bbfbb5d49-wkh8m started at 2018-09-17 07:14:12 +0000 UTC (1+1 container statuses recorded)&#xA;Sep 19 08:00:31.285: INFO: &#x9;Init container metering-ui-init ready: true, restart count 0&#xA;Sep 19 08:00:31.285: INFO: &#x9;Container metering-ui ready: true, restart count 0&#xA;Sep 19 08:00:31.285: INFO: logging-elk-master-6cdcf45f7d-gp28f started at 2018-09-17 07:15:21 +0000 UTC (2+1 container statuses recorded)&#xA;Sep 19 08:00:31.285: INFO: &#x9;Init container sysctl ready: true, restart count 0&#xA;Sep 19 08:00:31.285: INFO: &#x9;Init container plugin-bundle ready: true, restart count 0&#xA;Sep 19 08:00:31.285: INFO: &#x9;Container es-master ready: true, restart count 0&#xA;Sep 19 08:00:31.285: INFO: logging-elk-data-0 started at 2018-09-17 07:15:21 +0000 UTC (3+1 container statuses recorded)&#xA;Sep 19 08:00:31.285: INFO: &#x9;Init container chmod ready: true, restart count 0&#xA;Sep 19 08:00:31.285: INFO: &#x9;Init container sysctl ready: true, restart count 0&#xA;Sep 19 08:00:31.285: INFO: &#x9;Init container plugin-bundle ready: true, restart count 0&#xA;Sep 19 08:00:31.285: INFO: &#x9;Container es-data ready: true, restart count 0&#xA;Sep 19 08:00:31.285: INFO: logging-elk-kibana-ff4db4866-s2295 started at 2018-09-17 07:15:21 +0000 UTC (0+2 container statuses recorded)&#xA;Sep 19 08:00:31.285: INFO: &#x9;Container kibana ready: true, restart count 0&#xA;Sep 19 08:00:31.285: INFO: &#x9;Container router ready: true, restart count 0&#xA;Sep 19 08:00:31.285: INFO: monitoring-prometheus-nodeexporter-9fnpb started at 2018-09-17 07:15:44 +0000 UTC (0+2 container statuses recorded)&#xA;Sep 19 08:00:31.285: INFO: &#x9;Container nodeexporter ready: true, restart count 0&#xA;Sep 19 08:00:31.285: INFO: &#x9;Container router ready: true, restart count 0&#xA;Sep 19 08:00:31.285: INFO: monitoring-prometheus-kubestatemetrics-54dcbb6cfb-76zmm started at 2018-09-17 07:15:45 +0000 UTC (0+2 container statuses recorded)&#xA;Sep 19 08:00:31.285: INFO: &#x9;Container kubestatemetrics ready: true, restart count 0&#xA;Sep 19 08:00:31.285: INFO: &#x9;Container router ready: true, restart count 0&#xA;Sep 19 08:00:31.285: INFO: audit-logging-fluentd-ds-bc22k started at 2018-09-17 07:18:46 +0000 UTC (0+1 container statuses recorded)&#xA;Sep 19 08:00:31.285: INFO: &#x9;Container fluentd ready: true, restart count 0&#xA;Sep 19 08:00:31.285: INFO: k8s-proxy-10.46.6.171 started at &lt;nil&gt; (0+0 container statuses recorded)&#xA;Sep 19 08:00:31.285: INFO: metrics-server-6d6695f9db-8t4xs started at 2018-09-17 07:08:51 +0000 UTC (0+1 container statuses recorded)&#xA;Sep 19 08:00:31.285: INFO: &#x9;Container metrics-server ready: true, restart count 0&#xA;Sep 19 08:00:31.285: INFO: metering-dm-8b475fc57-cmm6h started at 2018-09-17 07:14:12 +0000 UTC (1+1 container statuses recorded)&#xA;Sep 19 08:00:31.285: INFO: &#x9;Init container metering-dm-init ready: true, restart count 0&#xA;Sep 19 08:00:31.285: INFO: &#x9;Container metering-dm ready: true, restart count 0&#xA;Sep 19 08:00:31.285: INFO: logging-elk-filebeat-ds-bs86r started at 2018-09-17 07:15:20 +0000 UTC (0+1 container statuses recorded)&#xA;Sep 19 08:00:31.285: INFO: &#x9;Container filebeat ready: true, restart count 0&#xA;Sep 19 08:00:31.285: INFO: logging-elk-client-75d4d7994c-7g7fn started at 2018-09-17 07:15:21 +0000 UTC (2+3 container statuses recorded)&#xA;Sep 19 08:00:31.285: INFO: &#x9;Init container sysctl ready: true, restart count 0&#xA;Sep 19 08:00:31.285: INFO: &#x9;Init container plugin-bundle ready: true, restart count 0&#xA;Sep 19 08:00:31.285: INFO: &#x9;Container es-client ready: true, restart count 0&#xA;Sep 19 08:00:31.285: INFO: &#x9;Container indices-cleaner ready: true, restart count 0&#xA;Sep 19 08:00:31.285: INFO: &#x9;Container router ready: true, restart count 0&#xA;Sep 19 08:00:31.285: INFO: monitoring-prometheus-alertmanager-7d8749dbb8-xj68d started at 2018-09-17 07:15:46 +0000 UTC (0+3 container statuses recorded)&#xA;Sep 19 08:00:31.285: INFO: &#x9;Container alertmanager ready: true, restart count 0&#xA;Sep 19 08:00:31.285: INFO: &#x9;Container configmap-reload ready: true, restart count 0&#xA;Sep 19 08:00:31.285: INFO: &#x9;Container router ready: true, restart count 0&#xA;Sep 19 08:00:31.285: INFO: monitoring-prometheus-collectdexporter-77575678dc-v8n2l started at 2018-09-17 07:15:46 +0000 UTC (0+2 container statuses recorded)&#xA;Sep 19 08:00:31.285: INFO: &#x9;Container collectd-exporter ready: true, restart count 0&#xA;Sep 19 08:00:31.285: INFO: &#x9;Container router ready: true, restart count 0&#xA;Sep 19 08:00:31.285: INFO: vulnerability-advisor-live-crawler-xxz8p started at 2018-09-17 07:19:03 +0000 UTC (0+1 container statuses recorded)&#xA;Sep 19 08:00:31.285: INFO: &#x9;Container live-crawler ready: true, restart count 0&#xA;Sep 19 08:00:31.285: INFO: nvidia-device-plugin-vh85n started at 2018-09-17 07:07:17 +0000 UTC (1+1 container statuses recorded)&#xA;Sep 19 08:00:31.285: INFO: &#x9;Init container nvidia-driver-collector ready: true, restart count 0&#xA;Sep 19 08:00:31.285: INFO: &#x9;Container nvidia-device-plugin ready: true, restart count 0&#xA;Sep 19 08:00:31.285: INFO: custom-metrics-adapter-64f64964b4-f9gmc started at 2018-09-17 07:14:28 +0000 UTC (1+1 container statuses recorded)&#xA;Sep 19 08:00:31.285: INFO: &#x9;Init container init-adapter ready: true, restart count 0&#xA;Sep 19 08:00:31.285: INFO: &#x9;Container custom-metrics-adapter ready: true, restart count 0&#xA;Sep 19 08:00:31.285: INFO: logging-elk-elasticsearch-tls-init-6hnl4 started at 2018-09-17 07:15:20 +0000 UTC (0+1 container statuses recorded)&#xA;Sep 19 08:00:31.285: INFO: &#x9;Container searchguard-init ready: false, restart count 0&#xA;Sep 19 08:00:31.285: INFO: monitoring-prometheus-elasticsearchexporter-655864cccb-c6tps started at 2018-09-17 07:15:46 +0000 UTC (0+2 container statuses recorded)&#xA;Sep 19 08:00:31.285: INFO: &#x9;Container elasticsearchexporter ready: true, restart count 0&#xA;Sep 19 08:00:31.285: INFO: &#x9;Container router ready: true, restart count 0&#xA;Sep 19 08:00:31.285: INFO: monitoring-prometheus-6677d7c77f-pnpt5 started at 2018-09-17 07:15:46 +0000 UTC (1+4 container statuses recorded)&#xA;Sep 19 08:00:31.285: INFO: &#x9;Init container init-container ready: true, restart count 0&#xA;Sep 19 08:00:31.285: INFO: &#x9;Container configmap-reload-alertrules ready: true, restart count 0&#xA;Sep 19 08:00:31.285: INFO: &#x9;Container configmap-reload-prometheus ready: true, restart count 0&#xA;Sep 19 08:00:31.285: INFO: &#x9;Container prometheus ready: true, restart count 0&#xA;Sep 19 08:00:31.285: INFO: &#x9;Container router ready: true, restart count 0&#xA;Sep 19 08:00:31.285: INFO: calico-node-gpm2c started at 2018-09-17 07:05:53 +0000 UTC (0+2 container statuses recorded)&#xA;Sep 19 08:00:31.285: INFO: &#x9;Container calico-node ready: true, restart count 0&#xA;Sep 19 08:00:31.285: INFO: &#x9;Container install-cni ready: true, restart count 0&#xA;Sep 19 08:00:31.285: INFO: metering-reader-xq8f2 started at 2018-09-17 07:14:11 +0000 UTC (1+1 container statuses recorded)&#xA;Sep 19 08:00:31.285: INFO: &#x9;Init container metering-reader-init ready: true, restart count 1&#xA;Sep 19 08:00:31.285: INFO: &#x9;Container metering-reader ready: true, restart count 0&#xA;Sep 19 08:00:31.285: INFO: logging-elk-logstash-7994656f46-r89mt started at 2018-09-17 07:15:22 +0000 UTC (0+1 container statuses recorded)&#xA;Sep 19 08:00:31.285: INFO: &#x9;Container logstash ready: true, restart count 0&#xA;Sep 19 08:00:31.351: INFO: &#xA;Latency metrics for node 10.46.6.171&#xA;Sep 19 08:00:31.351: INFO: &#xA;Logging node info for node 10.46.6.172&#xA;Sep 19 08:00:31.355: INFO: Node Info: &amp;Node{ObjectMeta:k8s_io_apimachinery_pkg_apis_meta_v1.ObjectMeta{Name:10.46.6.172,GenerateName:,Namespace:,SelfLink:/api/v1/nodes/10.46.6.172,UID:0c6032ef-ba48-11e8-b20e-fa163e707b2e,ResourceVersion:462468,Generation:0,CreationTimestamp:2018-09-17 07:05:24 +0000 UTC,DeletionTimestamp:&lt;nil&gt;,DeletionGracePeriodSeconds:nil,Labels:map[string]string{beta.kubernetes.io/arch: amd64,beta.kubernetes.io/os: linux,kubernetes.io/hostname: 10.46.6.172,node-role.kubernetes.io/va: true,va: true,},Annotations:map[string]string{node.alpha.kubernetes.io/ttl: 0,volumes.kubernetes.io/controller-managed-attach-detach: true,},OwnerReferences:[],Finalizers:[],ClusterName:,Initializers:nil,},Spec:NodeSpec{PodCIDR:,DoNotUse_ExternalID:,ProviderID:,Unschedulable:false,Taints:[{dedicated va NoSchedule &lt;nil&gt;}],ConfigSource:nil,},Status:NodeStatus{Capacity:ResourceList{cpu: {{8 0} {&lt;nil&gt;} 8 DecimalSI},ephemeral-storage: {{107362627584 0} {&lt;nil&gt;} 104846316Ki BinarySI},hugepages-1Gi: {{0 0} {&lt;nil&gt;} 0 DecimalSI},hugepages-2Mi: {{0 0} {&lt;nil&gt;} 0 DecimalSI},memory: {{16825622528 0} {&lt;nil&gt;}  BinarySI},pods: {{80 0} {&lt;nil&gt;} 80 DecimalSI},},Allocatable:ResourceList{cpu: {{8 0} {&lt;nil&gt;} 8 DecimalSI},ephemeral-storage: {{107257769984 0} {&lt;nil&gt;} 104743916Ki BinarySI},hugepages-1Gi: {{0 0} {&lt;nil&gt;} 0 DecimalSI},hugepages-2Mi: {{0 0} {&lt;nil&gt;} 0 DecimalSI},memory: {{16720764928 0} {&lt;nil&gt;}  BinarySI},pods: {{80 0} {&lt;nil&gt;} 80 DecimalSI},},Phase:,Conditions:[{OutOfDisk False 2018-09-19 08:00:24 +0000 UTC 2018-09-17 07:05:24 +0000 UTC KubeletHasSufficientDisk kubelet has sufficient disk space available} {MemoryPressure False 2018-09-19 08:00:24 +0000 UTC 2018-09-17 07:05:24 +0000 UTC KubeletHasSufficientMemory kubelet has sufficient memory available} {DiskPressure False 2018-09-19 08:00:24 +0000 UTC 2018-09-17 07:05:24 +0000 UTC KubeletHasNoDiskPressure kubelet has no disk pressure} {PIDPressure False 2018-09-19 08:00:24 +0000 UTC 2018-09-17 07:05:24 +0000 UTC KubeletHasSufficientPID kubelet has sufficient PID available} {Ready True 2018-09-19 08:00:24 +0000 UTC 2018-09-17 07:06:04 +0000 UTC KubeletReady kubelet is posting ready status}],Addresses:[{InternalIP 10.46.6.172} {Hostname 10.46.6.172}],DaemonEndpoints:NodeDaemonEndpoints{KubeletEndpoint:DaemonEndpoint{Port:10250,},},NodeInfo:NodeSystemInfo{MachineID:52ca0d2c3fb341c79b059a96d10571a6,SystemUUID:3D48E3C5-99D8-4CA3-9AB5-A8540613166F,BootID:d81d494e-264a-48ce-a4f2-76b16f6ece1f,KernelVersion:3.10.0-862.9.1.el7.x86_64,OSImage:Red Hat Enterprise Linux,ContainerRuntimeVersion:docker://18.3.1,KubeletVersion:v1.11.1+icp-ee,KubeProxyVersion:v1.11.1+icp-ee,OperatingSystem:linux,Architecture:amd64,},Images:[{[lzj.icp:8500/ibmcom/statsd-amd64@sha256:5ee11bc24bced45a77d9d630348680f319c09d9d3b2230b04518d1e2a5263ae2 lzj.icp:8500/ibmcom/statsd@sha256:af7a9d0c4f029d0247da41f67c7e87f3655175962b79a189a6a9ace0ff841049 lzj.icp:8500/ibmcom/statsd-amd64:0.7.2.1 lzj.icp:8500/ibmcom/statsd:0.7.2.1] 1234731808} {[lzj.icp:8500/ibmcom/kafka-amd64@sha256:0d6d348ccd7aa2854d60791331280e58db92029a522c8bfb3eb40c7c0913ca8f lzj.icp:8500/ibmcom/kafka@sha256:f0b4a833c3da439cadb783bb9cb578f96b1328557b8402a98f01c5c21497d93a lzj.icp:8500/ibmcom/kafka-amd64:0.10.0.2 lzj.icp:8500/ibmcom/kafka:0.10.0.2] 1114805679} {[lzj.icp:8500/ibmcom/iam-token-service-amd64@sha256:9211161e5b5b9d892a99b46fad4429333ceb7143b4039419df7ea0efa36381a9 lzj.icp:8500/ibmcom/iam-token-service@sha256:1b9308e68de93b43e9a85c0e005d80d423e88db7d88ee7114a80b2fade7a78ed lzj.icp:8500/ibmcom/iam-token-service-amd64:3.1.0 lzj.icp:8500/ibmcom/iam-token-service:3.1.0] 1051060152} {[lzj.icp:8500/ibmcom/icp-platform-auth-amd64@sha256:abc258009b8696a83214b7a9d9df63f6d83e19cfca2987c4836b0eadfa4c99c7 lzj.icp:8500/ibmcom/icp-platform-auth@sha256:c544b90a099b6c29ba4ee7f2ad4dded1277c948a0826b38ebe3250cdc7d1529c lzj.icp:8500/ibmcom/icp-platform-auth-amd64:3.1.0 lzj.icp:8500/ibmcom/icp-platform-auth:3.1.0] 1028283742} {[lzj.icp:8500/ibmcom/reg-crawler-amd64@sha256:9e5d4ebbac3dd6cbf9f892b5bd634f89fae3d4b2e6a23debd3ecd322e3eb817e lzj.icp:8500/ibmcom/reg-crawler@sha256:a9033d9cb2406d11c616fdfedc9bc56bc4ef970bd0a7b02899b3e5c1b353799b lzj.icp:8500/ibmcom/reg-crawler-amd64:1.3.1 lzj.icp:8500/ibmcom/reg-crawler:1.3.1] 1007817363} {[lzj.icp:8500/ibmcom/live-crawler-amd64@sha256:37a79ec87bd3c8b9af25cf1e25f4f14281ffb9f5ebeaf61c0b7c8a5799baf782 lzj.icp:8500/ibmcom/live-crawler@sha256:1a648615e7b439f093697f65350262823e6c711c4b21ea81596ced1c28a48133 lzj.icp:8500/ibmcom/live-crawler-amd64:1.3.1 lzj.icp:8500/ibmcom/live-crawler:1.3.1] 987515538} {[lzj.icp:8500/ibmcom/cos-indexer-amd64@sha256:adf28ff960ebdcbfcfa5e4522b81aa3565338f8d640dad611a1c3f0d3894393b lzj.icp:8500/ibmcom/cos-indexer@sha256:bb31dc8ef37e8482b2b9dedc0e54f46f7d3c678b22a3130eca9dde80fed65df1 lzj.icp:8500/ibmcom/cos-indexer-amd64:1.3.1 lzj.icp:8500/ibmcom/cos-indexer:1.3.1] 846578165} {[lzj.icp:8500/ibmcom/secure-config-annotator-amd64@sha256:26e845c6a252e0c5ae73e764645993b3270e289d1a2e9784b06ddd7898ca45d9 lzj.icp:8500/ibmcom/secure-config-annotator@sha256:cfaadd13c4ef4bdc937d296faff78e98473be8c9c6ae6b4a38927c952948914f lzj.icp:8500/ibmcom/secure-config-annotator-amd64:1.3.1 lzj.icp:8500/ibmcom/secure-config-annotator:1.3.1] 835555196} {[lzj.icp:8500/ibmcom/hyperkube-amd64@sha256:9eaadf7c2a417ee2a9a219e2eadf21884742199a484be2ca737f0e8a178d490a lzj.icp:8500/ibmcom/hyperkube@sha256:9fbddbf2d04354912c8a981395493d250474cb9fa587fa91119e69467078b180 lzj.icp:8500/ibmcom/hyperkube-amd64:v1.11.1-ee lzj.icp:8500/ibmcom/hyperkube:v1.11.1-ee] 782626408} {[lzj.icp:8500/ibmcom/compliance-annotator-amd64@sha256:5d8bbbef3a7dc54ba9addb256d2aa8a3f7d5c27a454ff4b7ee583b217dac2ce4 lzj.icp:8500/ibmcom/compliance-annotator@sha256:be00ccb777b1e90601cc563112e32ae831b0fb7d4933f1aa3c49379cabe41c3f lzj.icp:8500/ibmcom/compliance-annotator-amd64:1.3.1 lzj.icp:8500/ibmcom/compliance-annotator:1.3.1] 773932738} {[lzj.icp:8500/ibmcom/icp-logstash-amd64@sha256:02a683ee6ad9eeed7ea8ebb1de713aaf902a9e20a39ccc0294ee1f947f1bbd73 lzj.icp:8500/ibmcom/icp-logstash@sha256:a182a00827aefe7f5f95b18fa1ec8f6897989290b37f3d98bd6440ddda796433 lzj.icp:8500/ibmcom/icp-logstash-amd64:5.5.1 lzj.icp:8500/ibmcom/icp-logstash:5.5.1] 764906887} {[lzj.icp:8500/ibmcom/process-ma-hf-amd64@sha256:ef0d164350d07600f8037082db7d98cf81b9c554d8a60692ae90b8d0239a8cdc lzj.icp:8500/ibmcom/process-ma-hf@sha256:114b48d67e46f6ad3624dfa99baab8f9c62fb5ba88d210d0f42e106eda4e0ee8 lzj.icp:8500/ibmcom/process-ma-hf-amd64:1.3.1 lzj.icp:8500/ibmcom/process-ma-hf:1.3.1] 758635128} {[lzj.icp:8500/ibmcom/vulnerability-annotator-amd64@sha256:febedf85b65e0d1800e67249274d474d4ce67e8041e81487f76bce727cb39bd4 lzj.icp:8500/ibmcom/vulnerability-annotator@sha256:2ca368468e5d1c7ed82b3947b8d8904da34969bd72e67b382bfd0579fe3f148d lzj.icp:8500/ibmcom/vulnerability-annotator-amd64:1.3.1 lzj.icp:8500/ibmcom/vulnerability-annotator:1.3.1] 757013017} {[lzj.icp:8500/ibmcom/py-generic-indexer-amd64@sha256:45cb17e23e15f4dfe44471309af12f0655aad5f8e859c718f393290f220b02b2 lzj.icp:8500/ibmcom/py-generic-indexer@sha256:63a28bc72b6588e508ad23b569a228d6219e2d6fdddb2b1b073e1d2c70ec7641 lzj.icp:8500/ibmcom/py-generic-indexer-amd64:1.3.1 lzj.icp:8500/ibmcom/py-generic-indexer:1.3.1] 755588945} {[lzj.icp:8500/ibmcom/icp-inception-amd64@sha256:1dad180d14ae732d17ca5cf41b87dbb316c072323f186d60a08a753f904eb5b2 lzj.icp:8500/ibmcom/icp-inception@sha256:d395315f0fde94a5cacd9945cd7932b4eda45fe404a6b9d55a8ec8ebeed2a0a8 lzj.icp:8500/ibmcom/icp-inception-amd64:3.1.0-ee lzj.icp:8500/ibmcom/icp-inception:3.1.0-ee] 744155119} {[lzj.icp:8500/ibmcom/config-parser-amd64@sha256:7d721e0b5a827921ac16fa9e7570db225211e6dd700cdeaba1d28ba02ff8ef6d lzj.icp:8500/ibmcom/config-parser@sha256:2b7d6f1ea57d6e4d9caaca5d0e2bb35d2e6db316e2f18ef9a51b5bfa48119f69 lzj.icp:8500/ibmcom/config-parser-amd64:1.3.1 lzj.icp:8500/ibmcom/config-parser:1.3.1] 739243486} {[lzj.icp:8500/ibmcom/iam-policy-administration-amd64@sha256:e1941aa09a5b692505cb3be3e497d3ff9acb900786b9a2c8c4c00d0243b37dd0 lzj.icp:8500/ibmcom/iam-policy-administration@sha256:ab0d5c50f5e5fc9a537e97183ed694e34d57fa00121bc08bedb261b80e29b9a4 lzj.icp:8500/ibmcom/iam-policy-administration-amd64:3.1.0 lzj.icp:8500/ibmcom/iam-policy-administration:3.1.0] 711947327} {[lzj.icp:8500/ibmcom/password-annotator-amd64@sha256:bca1b6b222d8ea8ade174a8cc1a549f161d75d3e9d69881f08a1fb316a8e27d3 lzj.icp:8500/ibmcom/password-annotator@sha256:5c7e8db45db52a6bca7d76ae8c2ff74eb43644f7959d66ddc67454bcbca765ec lzj.icp:8500/ibmcom/password-annotator-amd64:1.3.1 lzj.icp:8500/ibmcom/password-annotator:1.3.1] 707627907} {[lzj.icp:8500/ibmcom/notification-dispatcher-amd64@sha256:ec8dfbc351a0d758488f9f8bfa17c3182a5c02819a6ebf7144ab914a2233cf57 lzj.icp:8500/ibmcom/notification-dispatcher@sha256:6d7e6b836f0cfeb5fb18cd29fdd8315fb44013f8d21830b9c5ab60b605c5e3c5 lzj.icp:8500/ibmcom/notification-dispatcher-amd64:1.3.1 lzj.icp:8500/ibmcom/notification-dispatcher:1.3.1] 707588442} {[lzj.icp:8500/ibmcom/sas-base-amd64@sha256:9651b1149c62d5a0968aaeffe71f2da68cd7e07ff8d7ea67538278c00ab08457 lzj.icp:8500/ibmcom/sas-base@sha256:56bb0790e5f06276b7435c731687f733901fedc80af299dc8a8eaf72d7365560 lzj.icp:8500/ibmcom/sas-base-amd64:1.3.1 lzj.icp:8500/ibmcom/sas-base:1.3.1] 653746081} {[lzj.icp:8500/ibmcom/ma-file-annotator-amd64@sha256:8caa6280fd845fd524ad874a6b243510ebf085d58c989229020fcfc743492632 lzj.icp:8500/ibmcom/ma-file-annotator@sha256:cd8dc2a26e2a84bf7d8ba982c6a21c034239de5e2dc12767d3f60985e495d957 lzj.icp:8500/ibmcom/ma-file-annotator-amd64:1.3.1 lzj.icp:8500/ibmcom/ma-file-annotator:1.3.1] 653745236} {[lzj.icp:8500/ibmcom/icp-kibana-amd64@sha256:8b69887ac5297e1d2e68b9c2ce885b9a888f6c278ca1538acb0f03206b48502a lzj.icp:8500/ibmcom/icp-kibana@sha256:6e2746da64a64f98c5761b87d5e185a9c2ac75c9c4e767ab284062b1847b7571 lzj.icp:8500/ibmcom/icp-kibana-amd64:5.5.1 lzj.icp:8500/ibmcom/icp-kibana:5.5.1] 639622018} {[lzj.icp:8500/ibmcom/icp-platform-api-amd64@sha256:1fc47925c2611aef12631b3f3806308f55a298074aebc561fd04cf8a7691c669 lzj.icp:8500/ibmcom/icp-platform-api@sha256:6b5585999f45fa6dc7a6a1d8bcb4d544c96a3e1fd3bd9f133ebed2e356985a0e lzj.icp:8500/ibmcom/icp-platform-api-amd64:3.1.0 lzj.icp:8500/ibmcom/icp-platform-api:3.1.0] 612589125} {[lzj.icp:8500/ibmcom/iam-policy-decision-amd64@sha256:d49eb3845c57bb8370a477949d92da10a178b81ade50f0e9d970981fadd6686d lzj.icp:8500/ibmcom/iam-policy-decision@sha256:ecd9f36e17e57c6be41e744abc17baacddd28178485d29cb112ffc5e558d2c09 lzj.icp:8500/ibmcom/iam-policy-decision-amd64:3.1.0 lzj.icp:8500/ibmcom/iam-policy-decision:3.1.0] 559718344} {[lzj.icp:8500/ibmcom/rootkit-annotator-amd64@sha256:caf6c24136b8785d901f346a640d673b55fe105c3617cfcb432ee2006f5b1cf4 lzj.icp:8500/ibmcom/rootkit-annotator@sha256:9aabe418ab5c5b3ce86dcfad5dc63a14124bf56227a7decb6656382f2cf9606e lzj.icp:8500/ibmcom/rootkit-annotator-amd64:1.3.1 lzj.icp:8500/ibmcom/rootkit-annotator:1.3.1] 549434506} {[lzj.icp:8500/ibmcom/icp-elasticsearch-amd64@sha256:0063a7a931ca4e52d8f7a51f2bdb010345f4373b5b904b52e5c8a48ec0c1fde7 lzj.icp:8500/ibmcom/icp-elasticsearch@sha256:b410aacb6005fe24bfd87b045ea26fde3d6eb3ca52c3f0e4560cdc208944ba50 lzj.icp:8500/ibmcom/icp-elasticsearch-amd64:5.5.1 lzj.icp:8500/ibmcom/icp-elasticsearch:5.5.1] 520121248} {[lzj.icp:8500/ibmcom/logging-pki-init-amd64@sha256:cc4bfa085e1ae99120ee526acd3e62d205e10de6f1c773c521fc5b933914f6a8 lzj.icp:8500/ibmcom/logging-pki-init@sha256:21aa9cbd05a849b4891b15cf636f73545f6001f16c82f8eeed2e90b4f9312377 lzj.icp:8500/ibmcom/logging-pki-init-amd64:2.0.0 lzj.icp:8500/ibmcom/logging-pki-init:2.0.0] 501921135} {[lzj.icp:8500/ibmcom/searchguard-init-amd64@sha256:d19ce1d27f406945d4ed78b0f07007998c2ab3889086e502924847c2186db546 lzj.icp:8500/ibmcom/searchguard-init@sha256:3d0d8a8404a9df5ad238bce1e0542cdda609cc445dfc3964952243d9fc103276 lzj.icp:8500/ibmcom/searchguard-init-amd64:2.0.0 lzj.icp:8500/ibmcom/searchguard-init:2.0.0] 457030441} {[lzj.icp:8500/ibmcom/metering-ui-amd64@sha256:3628a8fe41183c08ea0b02e2e798e3649e4aebe2c2405c34572b9eb7c7c4d9a8 lzj.icp:8500/ibmcom/metering-ui@sha256:d6453f9afecc9b1fc778c195e20bbb39d4ef6262af2f7a9a5ce3cddc259fec99 lzj.icp:8500/ibmcom/metering-ui-amd64:3.1.0 lzj.icp:8500/ibmcom/metering-ui:3.1.0] 385577105} {[lzj.icp:8500/ibmcom/heketi-amd64@sha256:c5b579a4f219c87990f861eb61de86cb9cfb51b6d230b8c299df7d9fd3d02d0e lzj.icp:8500/ibmcom/heketi@sha256:eb6875247a56829a20d0949f034b08a0e682201ab1d88d3cba71972932c254f5 lzj.icp:8500/ibmcom/heketi-amd64:v7.0.0 lzj.icp:8500/ibmcom/heketi:v7.0.0] 384720377} {[lzj.icp:8500/ibmcom/icp-mongodb-amd64@sha256:a305ae8bc309898d86bf60aee968846db3602f77b25924640d5f08a2389ee99d lzj.icp:8500/ibmcom/icp-mongodb@sha256:fe8b55caf7bb855fd4e244450af5195f2243b766c6934d464128bf982b29b345 lzj.icp:8500/ibmcom/icp-mongodb-amd64:3.1.0 lzj.icp:8500/ibmcom/icp-mongodb:3.1.0] 379353410} {[lzj.icp:8500/ibmcom/icp-catalog-ui-amd64@sha256:33993b4eab189e3c78fe27799017da770d47523cf6831460741008bf91297d6d lzj.icp:8500/ibmcom/icp-catalog-ui@sha256:049f3c4946a0ad2c10507e5e42a464448e858fb3ae606cfd84825d340adb1125 lzj.icp:8500/ibmcom/icp-catalog-ui-amd64:3.1.0 lzj.icp:8500/ibmcom/icp-catalog-ui:3.1.0] 363781304} {[lzj.icp:8500/ibmcom/nginx-ingress-controller-amd64@sha256:63b48dd3ba635aa65409f7d6a319e293697810c1b9e885e6255bebf36a2506ab lzj.icp:8500/ibmcom/nginx-ingress-controller@sha256:f68b2ce26292e02ef3dbc6cfae17cec3d54b9afee9bf5298bf95d005c0783143 lzj.icp:8500/ibmcom/nginx-ingress-controller-amd64:0.16.2 lzj.icp:8500/ibmcom/nginx-ingress-controller:0.16.2] 361632894} {[lzj.icp:8500/ibmcom/mariadb-amd64@sha256:1f9876179c32fcf463804f75cbf2fb031106edf2be9d5dbf6705375ca53930bb lzj.icp:8500/ibmcom/mariadb@sha256:2272622e7f6786220d7ee2b482a3050bd34c3e1ecdc99af6175a146610222763 lzj.icp:8500/ibmcom/mariadb-amd64:10.2.17 lzj.icp:8500/ibmcom/mariadb:10.2.17] 358991946} {[lzj.icp:8500/ibmcom/k8szk-amd64@sha256:a9ee22a4df14654552a02303e4560623244683692fd298dd2fb71e9dd66219f3 lzj.icp:8500/ibmcom/k8szk@sha256:20cfeb163fb828c3c3a7c0baf2883e90c72c8d97d20116253903e82aa2be801f lzj.icp:8500/ibmcom/k8szk-amd64:v3 lzj.icp:8500/ibmcom/k8szk:v3] 331472973} {[lzj.icp:8500/ibmcom/gluster-amd64@sha256:647caedb536eb7b8c5c8b0a2b69e52d2a34be9e6c9c7b9c1b21d14fcfa261886 lzj.icp:8500/ibmcom/gluster@sha256:eeabf9b160370078d12a4c2b84f1a9772fe10c64446f0c2251eb53b8b5277baa lzj.icp:8500/ibmcom/gluster-amd64:v4.0.2 lzj.icp:8500/ibmcom/gluster:v4.0.2] 324265531} {[lzj.icp:8500/ibmcom/istio-grafana-amd64@sha256:381a2dd3a5addbc5d43920bc19bb15ba6dbd422e4a9d91163108e72c5a63234c lzj.icp:8500/ibmcom/istio-grafana@sha256:f4fdaf4a51b946f6d4fb9aa82cdbfef53c8e0b7b2223078f9d7f62bb28d3259b lzj.icp:8500/ibmcom/istio-grafana-amd64:1.0.0.1 lzj.icp:8500/ibmcom/istio-grafana:1.0.0.1] 324187770} {[lzj.icp:8500/ibmcom/icp-filebeat-amd64@sha256:03af9b78dad6c2ba857975d10c81e781460796dff1ff1163ea4596f4aa10601d lzj.icp:8500/ibmcom/icp-filebeat@sha256:72669dde64d7ab85bbb9e93428efe548b2693a4eae5168a4705f6e30cd20e584 lzj.icp:8500/ibmcom/icp-filebeat-amd64:5.5.1 lzj.icp:8500/ibmcom/icp-filebeat:5.5.1] 317104874} {[lzj.icp:8500/ibmcom/istio-proxyv2-amd64@sha256:cd77e75fa85ce74914e1b7b0bef980ece8a62ef0d776c9ef51a0d7d30b4b64a0 lzj.icp:8500/ibmcom/istio-proxyv2@sha256:9c94d736c8cbb41e2c5b0b672530eee0df6cbb628d57f4ddaec9f4ff4f49ce35 lzj.icp:8500/ibmcom/istio-proxyv2-amd64:1.0.0.1 lzj.icp:8500/ibmcom/istio-proxyv2:1.0.0.1] 311276139} {[lzj.icp:8500/ibmcom/istio-pilot-amd64@sha256:63352073a964037fd37f6150228231d2e5eca7e0c2920405d6269326d3c54263 lzj.icp:8500/ibmcom/istio-pilot@sha256:ad129a4be7b6d1536c384efd03fb570b973b9c77a56a48e6b9cfe192a76c111e lzj.icp:8500/ibmcom/istio-pilot-amd64:1.0.0.1 lzj.icp:8500/ibmcom/istio-pilot:1.0.0.1] 309502004} {[lzj.icp:8500/ibmcom/fluentd-amd64@sha256:384a99b8d941c93f96ee5b5cbae5b70500219a3f71c73cf4eddd20d9d693e3b3 lzj.icp:8500/ibmcom/fluentd@sha256:f85a5ffd86438f1a73d04caf6e33ef3474675d9fa0947431f4d0a9602fc981af lzj.icp:8500/ibmcom/fluentd-amd64:v1.2.2-icp lzj.icp:8500/ibmcom/fluentd:v1.2.2-icp] 270902701} {[lzj.icp:8500/ibmcom/icp-identity-manager-amd64@sha256:632f31acd0fcfc3d0cebea31cfb71018f6712bd1a1b4da7476942b3c23aa3521 lzj.icp:8500/ibmcom/icp-identity-manager@sha256:993462e02a42c15b03722d935809476c8e10e6e0b3a2669eb528081e92a49859 lzj.icp:8500/ibmcom/icp-identity-manager-amd64:3.1.0 lzj.icp:8500/ibmcom/icp-identity-manager:3.1.0] 268667523} {[lzj.icp:8500/ibmcom/elasticsearch-plugin-searchguard-amd64@sha256:28f88d06bbbc073162702064c1be4ad06272e9021cbc0f929ba8c6da2ca25ae6 lzj.icp:8500/ibmcom/elasticsearch-plugin-searchguard@sha256:f47116021e3eec7b2fed9f6ed8bd77fd890457e5a1546dda7f863c032d4395b1 lzj.icp:8500/ibmcom/elasticsearch-plugin-searchguard-amd64:2.0.0 lzj.icp:8500/ibmcom/elasticsearch-plugin-searchguard:2.0.0] 267864279} {[lzj.icp:8500/ibmcom/kiali-amd64@sha256:bec63b454cf2e597c61f6a9943144050e5e6fc7a4f6474bc3bb6b627ba20c71c lzj.icp:8500/ibmcom/kiali@sha256:71a50e9885495157454657bc93842a7310e96e822a4117ad751ad81af83fde5e lzj.icp:8500/ibmcom/kiali-amd64:istio-release-1.0.0.1 lzj.icp:8500/ibmcom/kiali:istio-release-1.0.0.1] 265771300} {[lzj.icp:8500/ibmcom/calico-node-amd64@sha256:9871f4dde9eab9fd804b12f3114da36505ff5c220e2323b7434eec24e3b23ac5 lzj.icp:8500/ibmcom/calico-node@sha256:85a23d8030137d49663d3d82844a61998331606de9fc523dfdd0a75be7fb9828 lzj.icp:8500/ibmcom/calico-node-amd64:v3.1.3 lzj.icp:8500/ibmcom/calico-node:v3.1.3] 248202699} {[lzj.icp:8500/ibmcom/grafana-amd64@sha256:dc3566257a0c716caedfb33127d8ee385290c1dda006bebfb75c376d56b30c88 lzj.icp:8500/ibmcom/grafana@sha256:5d2739d3ec5c7f6ea66d69caa918b764660b99a3d37cb1f4123f1a9623ce8e38 lzj.icp:8500/ibmcom/grafana-amd64:5.2.0 lzj.icp:8500/ibmcom/grafana:5.2.0] 245297582} {[lzj.icp:8500/ibmcom/indices-cleaner-amd64@sha256:e6c6453d54012488e9ebfaa9e4d829f567d8e66b24c1613e6d88ca192ed5e85b lzj.icp:8500/ibmcom/indices-cleaner@sha256:31dac3be1246f17dddade06b517c073244ce56d85bc54135fdaf010dbb0bca10 lzj.icp:8500/ibmcom/indices-cleaner-amd64:1.0.0 lzj.icp:8500/ibmcom/indices-cleaner:1.0.0] 238131553} {[lzj.icp:8500/ibmcom/icp-identity-provider-amd64@sha256:24dba8b07c8295eef99abbf8d83041908516e4e50e4e4cfbbbcd53bdf415dda1 lzj.icp:8500/ibmcom/icp-identity-provider@sha256:b5bf63419b53ba550cad7a1b835d0d0eaae1fde8851c7936f8deb603fef673a6 lzj.icp:8500/ibmcom/icp-identity-provider-amd64:3.1.0 lzj.icp:8500/ibmcom/icp-identity-provider:3.1.0] 224286517} {[lzj.icp:8500/ibmcom/curl-amd64@sha256:aad05b4e4529f7e70516d8d3028cae6cd1d50de738ce164f2a532ce2470ac43f lzj.icp:8500/ibmcom/curl@sha256:adf92a267e351914d041a56d64ebe80331c45f8e20ab23b7ada67bea78da9996 lzj.icp:8500/ibmcom/curl-amd64:4.0.0 lzj.icp:8500/ibmcom/curl:4.0.0] 221192597} {[lzj.icp:8500/ibmcom/icp-audit-service-amd64@sha256:9add202c06a43da647380c860d9139fa059701fe103c1f229281215bf99dbbd3 lzj.icp:8500/ibmcom/icp-audit-service@sha256:7c3d710c31f6f5ae0227edc1599bdf64bc82e4fcd2b3aa8f197148240d2ab01c lzj.icp:8500/ibmcom/icp-audit-service-amd64:3.1.0 lzj.icp:8500/ibmcom/icp-audit-service:3.1.0] 215897363}],VolumesInUse:[],VolumesAttached:[],Config:&amp;NodeConfigStatus{Assigned:nil,Active:nil,LastKnownGood:nil,Error:,},},}&#xA;Sep 19 08:00:31.355: INFO: &#xA;Logging kubelet events for node 10.46.6.172&#xA;Sep 19 08:00:31.359: INFO: &#xA;Logging pods the kubelet thinks is on node 10.46.6.172&#xA;Sep 19 08:00:31.387: INFO: vulnerability-advisor-rootkit-indexer-cd8b4646b-xlhwq started at 2018-09-17 07:19:07 +0000 UTC (0+1 container statuses recorded)&#xA;Sep 19 08:00:31.387: INFO: &#x9;Container py-rootkit-indexer ready: true, restart count 0&#xA;Sep 19 08:00:31.387: INFO: vulnerability-advisor-secconfig-indexer-674647df7c-qq5ff started at 2018-09-17 07:19:07 +0000 UTC (0+1 container statuses recorded)&#xA;Sep 19 08:00:31.387: INFO: &#x9;Container py-secconfig-indexer ready: true, restart count 0&#xA;Sep 19 08:00:31.387: INFO: k8s-proxy-10.46.6.172 started at &lt;nil&gt; (0+0 container statuses recorded)&#xA;Sep 19 08:00:31.387: INFO: vulnerability-advisor-process-ma-crawler-24z6k started at 2018-09-17 07:19:03 +0000 UTC (0+1 container statuses recorded)&#xA;Sep 19 08:00:31.387: INFO: &#x9;Container process-ma-crawler ready: true, restart count 0&#xA;Sep 19 08:00:31.387: INFO: vulnerability-advisor-config-parser-5d44b78fd5-z4k9t started at 2018-09-17 07:19:04 +0000 UTC (0+1 container statuses recorded)&#xA;Sep 19 08:00:31.387: INFO: &#x9;Container config-parser ready: true, restart count 4&#xA;Sep 19 08:00:31.387: INFO: vulnerability-advisor-notification-dispatcher-86f8bf4b4d-cfdzb started at 2018-09-17 07:19:04 +0000 UTC (0+1 container statuses recorded)&#xA;Sep 19 08:00:31.387: INFO: &#x9;Container notification-dispatcher ready: true, restart count 3&#xA;Sep 19 08:00:31.387: INFO: vulnerability-advisor-process-ma-annotator-init-869545d547nn27w started at 2018-09-17 07:19:06 +0000 UTC (0+1 container statuses recorded)&#xA;Sep 19 08:00:31.387: INFO: &#x9;Container process-ma-annotator ready: true, restart count 0&#xA;Sep 19 08:00:31.387: INFO: vulnerability-advisor-process-ma-annotator-58f47d5b5f-4wglg started at 2018-09-17 07:19:06 +0000 UTC (0+2 container statuses recorded)&#xA;Sep 19 08:00:31.387: INFO: &#x9;Container icp-audit-service ready: true, restart count 0&#xA;Sep 19 08:00:31.387: INFO: &#x9;Container process-ma-annotator ready: true, restart count 1&#xA;Sep 19 08:00:31.387: INFO: vulnerability-advisor-registry-crawler-6f9568677b-bfpm6 started at 2018-09-17 07:19:08 +0000 UTC (0+1 container statuses recorded)&#xA;Sep 19 08:00:31.387: INFO: &#x9;Container reg-crawler ready: true, restart count 0&#xA;Sep 19 08:00:31.387: INFO: vulnerability-advisor-minio-cleaner-1537315140-nqk7v started at 2018-09-18 23:59:04 +0000 UTC (0+1 container statuses recorded)&#xA;Sep 19 08:00:31.387: INFO: &#x9;Container cleaner ready: false, restart count 0&#xA;Sep 19 08:00:31.387: INFO: vulnerability-advisor-ma-file-annotator-6b95df8886-jtczz started at 2018-09-17 07:19:04 +0000 UTC (0+2 container statuses recorded)&#xA;Sep 19 08:00:31.387: INFO: &#x9;Container icp-audit-service ready: true, restart count 0&#xA;Sep 19 08:00:31.387: INFO: &#x9;Container vulnerability-advisor-ma-file-annotator ready: true, restart count 1&#xA;Sep 19 08:00:31.387: INFO: vulnerability-advisor-sas-apiserver-5fd8d44bc9-7bvkn started at 2018-09-17 07:19:09 +0000 UTC (0+3 container statuses recorded)&#xA;Sep 19 08:00:31.387: INFO: &#x9;Container icp-audit-service ready: true, restart count 0&#xA;Sep 19 08:00:31.387: INFO: &#x9;Container sas-api-server ready: true, restart count 0&#xA;Sep 19 08:00:31.387: INFO: &#x9;Container sas-proxy-server ready: true, restart count 0&#xA;Sep 19 08:00:31.387: INFO: vulnerability-advisor-zookeeper-0 started at 2018-09-17 07:19:15 +0000 UTC (0+1 container statuses recorded)&#xA;Sep 19 08:00:31.387: INFO: &#x9;Container zookeeper-server ready: true, restart count 0&#xA;Sep 19 08:00:31.387: INFO: vulnerability-advisor-compliance-annotator-d5659b9d9-kmn8q started at 2018-09-17 07:19:03 +0000 UTC (0+1 container statuses recorded)&#xA;Sep 19 08:00:31.387: INFO: &#x9;Container compliance-annotator ready: true, restart count 4&#xA;Sep 19 08:00:31.387: INFO: vulnerability-advisor-rootkit-annotator-74cb65b5cf-2dk5j started at 2018-09-17 07:19:08 +0000 UTC (0+1 container statuses recorded)&#xA;Sep 19 08:00:31.387: INFO: &#x9;Container rootkit-annotator ready: true, restart count 3&#xA;Sep 19 08:00:31.387: INFO: vulnerability-advisor-sas-mgmt-64fb95bc44-j9vjc started at 2018-09-17 07:19:08 +0000 UTC (0+1 container statuses recorded)&#xA;Sep 19 08:00:31.387: INFO: &#x9;Container sas-mgmt-server ready: true, restart count 0&#xA;Sep 19 08:00:31.387: INFO: monitoring-prometheus-nodeexporter-v4l7d started at 2018-09-17 07:15:44 +0000 UTC (0+2 container statuses recorded)&#xA;Sep 19 08:00:31.387: INFO: &#x9;Container nodeexporter ready: true, restart count 0&#xA;Sep 19 08:00:31.387: INFO: &#x9;Container router ready: true, restart count 0&#xA;Sep 19 08:00:31.387: INFO: vulnerability-advisor-vulnerability-indexer-7c79b4c964-2n8cg started at 2018-09-17 07:19:07 +0000 UTC (0+1 container statuses recorded)&#xA;Sep 19 08:00:31.387: INFO: &#x9;Container py-vulnerability-indexer ready: true, restart count 0&#xA;Sep 19 08:00:31.387: INFO: vulnerability-advisor-secconfig-annotator-7dbcf5d9f4-fkmkb started at 2018-09-17 07:19:10 +0000 UTC (0+1 container statuses recorded)&#xA;Sep 19 08:00:31.387: INFO: &#x9;Container secconfig-annotator ready: true, restart count 0&#xA;Sep 19 08:00:31.387: INFO: vulnerability-advisor-statsd-7746859df4-jjm6f started at 2018-09-17 07:19:10 +0000 UTC (0+1 container statuses recorded)&#xA;Sep 19 08:00:31.387: INFO: &#x9;Container statsd ready: true, restart count 0&#xA;Sep 19 08:00:31.387: INFO: vulnerability-advisor-usncrawler-8h976 started at 2018-09-17 07:19:11 +0000 UTC (0+1 container statuses recorded)&#xA;Sep 19 08:00:31.387: INFO: &#x9;Container usnloader-job ready: false, restart count 0&#xA;Sep 19 08:00:31.387: INFO: calico-node-wsknj started at 2018-09-17 07:05:53 +0000 UTC (0+2 container statuses recorded)&#xA;Sep 19 08:00:31.387: INFO: &#x9;Container calico-node ready: true, restart count 0&#xA;Sep 19 08:00:31.387: INFO: &#x9;Container install-cni ready: true, restart count 0&#xA;Sep 19 08:00:31.387: INFO: vulnerability-advisor-cos-indexer-57899b7dd6-7cpf8 started at 2018-09-17 07:19:04 +0000 UTC (0+1 container statuses recorded)&#xA;Sep 19 08:00:31.387: INFO: &#x9;Container cos-indexer ready: true, restart count 3&#xA;Sep 19 08:00:31.387: INFO: vulnerability-advisor-kafka-0 started at 2018-09-17 07:19:13 +0000 UTC (0+1 container statuses recorded)&#xA;Sep 19 08:00:31.387: INFO: &#x9;Container kafka-server ready: true, restart count 2&#xA;Sep 19 08:00:31.387: INFO: nvidia-device-plugin-w9jr8 started at 2018-09-17 07:07:17 +0000 UTC (1+1 container statuses recorded)&#xA;Sep 19 08:00:31.387: INFO: &#x9;Init container nvidia-driver-collector ready: true, restart count 0&#xA;Sep 19 08:00:31.387: INFO: &#x9;Container nvidia-device-plugin ready: true, restart count 0&#xA;Sep 19 08:00:31.387: INFO: metering-reader-gsrdg started at 2018-09-17 07:14:11 +0000 UTC (1+1 container statuses recorded)&#xA;Sep 19 08:00:31.387: INFO: &#x9;Init container metering-reader-init ready: true, restart count 1&#xA;Sep 19 08:00:31.387: INFO: &#x9;Container metering-reader ready: true, restart count 0&#xA;Sep 19 08:00:31.387: INFO: logging-elk-filebeat-ds-vpk48 started at 2018-09-17 07:15:20 +0000 UTC (0+1 container statuses recorded)&#xA;Sep 19 08:00:31.387: INFO: &#x9;Container filebeat ready: true, restart count 0&#xA;Sep 19 08:00:31.387: INFO: vulnerability-advisor-password-annotator-79b5d794b5-wnwqn started at 2018-09-17 07:19:05 +0000 UTC (0+1 container statuses recorded)&#xA;Sep 19 08:00:31.387: INFO: &#x9;Container config-parser ready: true, restart count 3&#xA;Sep 19 08:00:31.387: INFO: vulnerability-advisor-vulnerability-annotator-bcbf5595f-hxwst started at 2018-09-17 07:19:10 +0000 UTC (0+1 container statuses recorded)&#xA;Sep 19 08:00:31.387: INFO: &#x9;Container va-annotator ready: true, restart count 3&#xA;Sep 19 08:00:31.387: INFO: vulnerability-advisor-minio-0 started at 2018-09-17 07:19:16 +0000 UTC (1+1 container statuses recorded)&#xA;Sep 19 08:00:31.388: INFO: &#x9;Init container wait-kafka ready: true, restart count 1&#xA;Sep 19 08:00:31.388: INFO: &#x9;Container minio-server ready: true, restart count 0&#xA;Sep 19 08:00:31.388: INFO: audit-logging-fluentd-ds-8bh4t started at 2018-09-17 07:18:46 +0000 UTC (0+1 container statuses recorded)&#xA;Sep 19 08:00:31.388: INFO: &#x9;Container fluentd ready: true, restart count 0&#xA;Sep 19 08:00:31.388: INFO: vulnerability-advisor-live-crawler-84st2 started at 2018-09-17 07:19:03 +0000 UTC (0+1 container statuses recorded)&#xA;Sep 19 08:00:31.388: INFO: &#x9;Container live-crawler ready: true, restart count 0&#xA;Sep 19 08:00:31.388: INFO: vulnerability-advisor-process-ma-annotator-58f47d5b5f-xbxrc started at 2018-09-17 07:19:06 +0000 UTC (0+2 container statuses recorded)&#xA;Sep 19 08:00:31.388: INFO: &#x9;Container icp-audit-service ready: true, restart count 0&#xA;Sep 19 08:00:31.388: INFO: &#x9;Container process-ma-annotator ready: true, restart count 2&#xA;Sep 19 08:00:31.388: INFO: vulnerability-advisor-compliance-indexer-7cbdc64b57-47lmd started at 2018-09-17 07:19:07 +0000 UTC (0+1 container statuses recorded)&#xA;Sep 19 08:00:31.388: INFO: &#x9;Container py-compliance-indexer ready: true, restart count 0&#xA;Sep 19 08:00:31.388: INFO: vulnerability-advisor-minio-cleaner-1537228740-55f4w started at 2018-09-17 23:59:03 +0000 UTC (0+1 container statuses recorded)&#xA;Sep 19 08:00:31.388: INFO: &#x9;Container cleaner ready: false, restart count 0&#xA;Sep 19 08:00:31.428: INFO: &#xA;Latency metrics for node 10.46.6.172&#xA;Sep 19 08:00:31.428: INFO: &#xA;Logging node info for node 10.46.6.173&#xA;Sep 19 08:00:31.433: INFO: Node Info: &amp;Node{ObjectMeta:k8s_io_apimachinery_pkg_apis_meta_v1.ObjectMeta{Name:10.46.6.173,GenerateName:,Namespace:,SelfLink:/api/v1/nodes/10.46.6.173,UID:3dc7268b-ba44-11e8-b20e-fa163e707b2e,ResourceVersion:462466,Generation:0,CreationTimestamp:2018-09-17 06:38:09 +0000 UTC,DeletionTimestamp:&lt;nil&gt;,DeletionGracePeriodSeconds:nil,Labels:map[string]string{beta.kubernetes.io/arch: amd64,beta.kubernetes.io/os: linux,etcd: true,kubernetes.io/hostname: 10.46.6.173,master: true,node-role.kubernetes.io/etcd: true,node-role.kubernetes.io/master: true,node-role.kubernetes.io/proxy: true,proxy: true,role: master,},Annotations:map[string]string{node.alpha.kubernetes.io/ttl: 0,volumes.kubernetes.io/controller-managed-attach-detach: true,},OwnerReferences:[],Finalizers:[],ClusterName:,Initializers:nil,},Spec:NodeSpec{PodCIDR:,DoNotUse_ExternalID:,ProviderID:,Unschedulable:false,Taints:[{dedicated proxy NoSchedule &lt;nil&gt;}],ConfigSource:nil,},Status:NodeStatus{Capacity:ResourceList{cpu: {{32 0} {&lt;nil&gt;} 32 DecimalSI},ephemeral-storage: {{107362627584 0} {&lt;nil&gt;} 104846316Ki BinarySI},hugepages-1Gi: {{0 0} {&lt;nil&gt;} 0 DecimalSI},hugepages-2Mi: {{0 0} {&lt;nil&gt;} 0 DecimalSI},memory: {{135202160640 0} {&lt;nil&gt;}  BinarySI},pods: {{320 0} {&lt;nil&gt;} 320 DecimalSI},},Allocatable:ResourceList{cpu: {{32 0} {&lt;nil&gt;} 32 DecimalSI},ephemeral-storage: {{107257769984 0} {&lt;nil&gt;} 104743916Ki BinarySI},hugepages-1Gi: {{0 0} {&lt;nil&gt;} 0 DecimalSI},hugepages-2Mi: {{0 0} {&lt;nil&gt;} 0 DecimalSI},memory: {{135097303040 0} {&lt;nil&gt;}  BinarySI},pods: {{320 0} {&lt;nil&gt;} 320 DecimalSI},},Phase:,Conditions:[{OutOfDisk False 2018-09-19 08:00:23 +0000 UTC 2018-09-17 06:38:09 +0000 UTC KubeletHasSufficientDisk kubelet has sufficient disk space available} {MemoryPressure False 2018-09-19 08:00:23 +0000 UTC 2018-09-17 06:38:09 +0000 UTC KubeletHasSufficientMemory kubelet has sufficient memory available} {DiskPressure False 2018-09-19 08:00:23 +0000 UTC 2018-09-17 06:38:09 +0000 UTC KubeletHasNoDiskPressure kubelet has no disk pressure} {PIDPressure False 2018-09-19 08:00:23 +0000 UTC 2018-09-17 06:38:09 +0000 UTC KubeletHasSufficientPID kubelet has sufficient PID available} {Ready True 2018-09-19 08:00:23 +0000 UTC 2018-09-17 07:06:09 +0000 UTC KubeletReady kubelet is posting ready status}],Addresses:[{InternalIP 10.46.6.173} {Hostname 10.46.6.173}],DaemonEndpoints:NodeDaemonEndpoints{KubeletEndpoint:DaemonEndpoint{Port:10250,},},NodeInfo:NodeSystemInfo{MachineID:52ca0d2c3fb341c79b059a96d10571a6,SystemUUID:DA83D170-F88E-40EB-A0A3-2918CD5F6005,BootID:806b09ea-0a42-4719-bbaa-13e375c7b62f,KernelVersion:3.10.0-862.9.1.el7.x86_64,OSImage:Red Hat Enterprise Linux,ContainerRuntimeVersion:docker://18.3.1,KubeletVersion:v1.11.1+icp-ee,KubeProxyVersion:v1.11.1+icp-ee,OperatingSystem:linux,Architecture:amd64,},Images:[{[lzj.icp:8500/ibmcom/statsd-amd64@sha256:5ee11bc24bced45a77d9d630348680f319c09d9d3b2230b04518d1e2a5263ae2 lzj.icp:8500/ibmcom/statsd-amd64:0.7.2.1 lzj.icp:8500/ibmcom/statsd:0.7.2.1] 1234731808} {[lzj.icp:8500/ibmcom/kafka-amd64@sha256:0d6d348ccd7aa2854d60791331280e58db92029a522c8bfb3eb40c7c0913ca8f lzj.icp:8500/ibmcom/kafka-amd64:0.10.0.2 lzj.icp:8500/ibmcom/kafka:0.10.0.2] 1114805679} {[lzj.icp:8500/ibmcom/iam-token-service-amd64@sha256:9211161e5b5b9d892a99b46fad4429333ceb7143b4039419df7ea0efa36381a9 lzj.icp:8500/ibmcom/iam-token-service-amd64:3.1.0 lzj.icp:8500/ibmcom/iam-token-service:3.1.0] 1051060152} {[lzj.icp:8500/ibmcom/icp-platform-auth-amd64@sha256:abc258009b8696a83214b7a9d9df63f6d83e19cfca2987c4836b0eadfa4c99c7 lzj.icp:8500/ibmcom/icp-platform-auth-amd64:3.1.0 lzj.icp:8500/ibmcom/icp-platform-auth:3.1.0] 1028283742} {[lzj.icp:8500/ibmcom/reg-crawler-amd64@sha256:9e5d4ebbac3dd6cbf9f892b5bd634f89fae3d4b2e6a23debd3ecd322e3eb817e lzj.icp:8500/ibmcom/reg-crawler-amd64:1.3.1 lzj.icp:8500/ibmcom/reg-crawler:1.3.1] 1007817363} {[lzj.icp:8500/ibmcom/live-crawler-amd64@sha256:37a79ec87bd3c8b9af25cf1e25f4f14281ffb9f5ebeaf61c0b7c8a5799baf782 lzj.icp:8500/ibmcom/live-crawler-amd64:1.3.1 lzj.icp:8500/ibmcom/live-crawler:1.3.1] 987515538} {[lzj.icp:8500/ibmcom/cos-indexer-amd64@sha256:adf28ff960ebdcbfcfa5e4522b81aa3565338f8d640dad611a1c3f0d3894393b lzj.icp:8500/ibmcom/cos-indexer-amd64:1.3.1 lzj.icp:8500/ibmcom/cos-indexer:1.3.1] 846578165} {[lzj.icp:8500/ibmcom/secure-config-annotator-amd64@sha256:26e845c6a252e0c5ae73e764645993b3270e289d1a2e9784b06ddd7898ca45d9 lzj.icp:8500/ibmcom/secure-config-annotator-amd64:1.3.1 lzj.icp:8500/ibmcom/secure-config-annotator:1.3.1] 835555196} {[lzj.icp:8500/ibmcom/hyperkube-amd64@sha256:9eaadf7c2a417ee2a9a219e2eadf21884742199a484be2ca737f0e8a178d490a lzj.icp:8500/ibmcom/hyperkube-amd64:v1.11.1-ee lzj.icp:8500/ibmcom/hyperkube:v1.11.1-ee] 782626408} {[lzj.icp:8500/ibmcom/compliance-annotator-amd64@sha256:5d8bbbef3a7dc54ba9addb256d2aa8a3f7d5c27a454ff4b7ee583b217dac2ce4 lzj.icp:8500/ibmcom/compliance-annotator-amd64:1.3.1 lzj.icp:8500/ibmcom/compliance-annotator:1.3.1] 773932738} {[lzj.icp:8500/ibmcom/icp-logstash-amd64@sha256:02a683ee6ad9eeed7ea8ebb1de713aaf902a9e20a39ccc0294ee1f947f1bbd73 lzj.icp:8500/ibmcom/icp-logstash-amd64:5.5.1 lzj.icp:8500/ibmcom/icp-logstash:5.5.1] 764906887} {[lzj.icp:8500/ibmcom/process-ma-hf-amd64@sha256:ef0d164350d07600f8037082db7d98cf81b9c554d8a60692ae90b8d0239a8cdc lzj.icp:8500/ibmcom/process-ma-hf-amd64:1.3.1 lzj.icp:8500/ibmcom/process-ma-hf:1.3.1] 758635128} {[lzj.icp:8500/ibmcom/vulnerability-annotator-amd64@sha256:febedf85b65e0d1800e67249274d474d4ce67e8041e81487f76bce727cb39bd4 lzj.icp:8500/ibmcom/vulnerability-annotator-amd64:1.3.1 lzj.icp:8500/ibmcom/vulnerability-annotator:1.3.1] 757013017} {[lzj.icp:8500/ibmcom/py-generic-indexer-amd64@sha256:45cb17e23e15f4dfe44471309af12f0655aad5f8e859c718f393290f220b02b2 lzj.icp:8500/ibmcom/py-generic-indexer-amd64:1.3.1 lzj.icp:8500/ibmcom/py-generic-indexer:1.3.1] 755588945} {[lzj.icp:8500/ibmcom/icp-inception-amd64@sha256:1dad180d14ae732d17ca5cf41b87dbb316c072323f186d60a08a753f904eb5b2 ibmcom/icp-inception-amd64:3.1.0-ee lzj.icp:8500/ibmcom/icp-inception-amd64:3.1.0-ee lzj.icp:8500/ibmcom/icp-inception:3.1.0-ee] 744155119} {[lzj.icp:8500/ibmcom/config-parser-amd64@sha256:7d721e0b5a827921ac16fa9e7570db225211e6dd700cdeaba1d28ba02ff8ef6d lzj.icp:8500/ibmcom/config-parser-amd64:1.3.1 lzj.icp:8500/ibmcom/config-parser:1.3.1] 739243486} {[lzj.icp:8500/ibmcom/iam-policy-administration-amd64@sha256:e1941aa09a5b692505cb3be3e497d3ff9acb900786b9a2c8c4c00d0243b37dd0 lzj.icp:8500/ibmcom/iam-policy-administration-amd64:3.1.0 lzj.icp:8500/ibmcom/iam-policy-administration:3.1.0] 711947327} {[lzj.icp:8500/ibmcom/password-annotator-amd64@sha256:bca1b6b222d8ea8ade174a8cc1a549f161d75d3e9d69881f08a1fb316a8e27d3 lzj.icp:8500/ibmcom/password-annotator-amd64:1.3.1 lzj.icp:8500/ibmcom/password-annotator:1.3.1] 707627907} {[lzj.icp:8500/ibmcom/notification-dispatcher-amd64@sha256:ec8dfbc351a0d758488f9f8bfa17c3182a5c02819a6ebf7144ab914a2233cf57 lzj.icp:8500/ibmcom/notification-dispatcher-amd64:1.3.1 lzj.icp:8500/ibmcom/notification-dispatcher:1.3.1] 707588442} {[lzj.icp:8500/ibmcom/sas-base-amd64@sha256:9651b1149c62d5a0968aaeffe71f2da68cd7e07ff8d7ea67538278c00ab08457 lzj.icp:8500/ibmcom/sas-base-amd64:1.3.1 lzj.icp:8500/ibmcom/sas-base:1.3.1] 653746081} {[lzj.icp:8500/ibmcom/ma-file-annotator-amd64@sha256:8caa6280fd845fd524ad874a6b243510ebf085d58c989229020fcfc743492632 lzj.icp:8500/ibmcom/ma-file-annotator-amd64:1.3.1 lzj.icp:8500/ibmcom/ma-file-annotator:1.3.1] 653745236} {[lzj.icp:8500/ibmcom/icp-kibana-amd64@sha256:8b69887ac5297e1d2e68b9c2ce885b9a888f6c278ca1538acb0f03206b48502a lzj.icp:8500/ibmcom/icp-kibana-amd64:5.5.1 lzj.icp:8500/ibmcom/icp-kibana:5.5.1] 639622018} {[lzj.icp:8500/ibmcom/icp-platform-api-amd64@sha256:1fc47925c2611aef12631b3f3806308f55a298074aebc561fd04cf8a7691c669 lzj.icp:8500/ibmcom/icp-platform-api-amd64:3.1.0 lzj.icp:8500/ibmcom/icp-platform-api:3.1.0] 612589125} {[lzj.icp:8500/ibmcom/iam-policy-decision-amd64@sha256:d49eb3845c57bb8370a477949d92da10a178b81ade50f0e9d970981fadd6686d lzj.icp:8500/ibmcom/iam-policy-decision-amd64:3.1.0 lzj.icp:8500/ibmcom/iam-policy-decision:3.1.0] 559718344} {[lzj.icp:8500/ibmcom/rootkit-annotator-amd64@sha256:caf6c24136b8785d901f346a640d673b55fe105c3617cfcb432ee2006f5b1cf4 lzj.icp:8500/ibmcom/rootkit-annotator-amd64:1.3.1 lzj.icp:8500/ibmcom/rootkit-annotator:1.3.1] 549434506} {[lzj.icp:8500/ibmcom/icp-elasticsearch-amd64@sha256:0063a7a931ca4e52d8f7a51f2bdb010345f4373b5b904b52e5c8a48ec0c1fde7 lzj.icp:8500/ibmcom/icp-elasticsearch-amd64:5.5.1 lzj.icp:8500/ibmcom/icp-elasticsearch:5.5.1] 520121248} {[lzj.icp:8500/ibmcom/logging-pki-init-amd64@sha256:cc4bfa085e1ae99120ee526acd3e62d205e10de6f1c773c521fc5b933914f6a8 lzj.icp:8500/ibmcom/logging-pki-init-amd64:2.0.0 lzj.icp:8500/ibmcom/logging-pki-init:2.0.0] 501921135} {[lzj.icp:8500/ibmcom/searchguard-init-amd64@sha256:d19ce1d27f406945d4ed78b0f07007998c2ab3889086e502924847c2186db546 lzj.icp:8500/ibmcom/searchguard-init-amd64:2.0.0 lzj.icp:8500/ibmcom/searchguard-init:2.0.0] 457030441} {[lzj.icp:8500/ibmcom/metering-ui-amd64@sha256:3628a8fe41183c08ea0b02e2e798e3649e4aebe2c2405c34572b9eb7c7c4d9a8 lzj.icp:8500/ibmcom/metering-ui-amd64:3.1.0 lzj.icp:8500/ibmcom/metering-ui:3.1.0] 385577105} {[lzj.icp:8500/ibmcom/heketi-amd64@sha256:c5b579a4f219c87990f861eb61de86cb9cfb51b6d230b8c299df7d9fd3d02d0e lzj.icp:8500/ibmcom/heketi-amd64:v7.0.0 lzj.icp:8500/ibmcom/heketi:v7.0.0] 384720377} {[lzj.icp:8500/ibmcom/icp-mongodb-amd64@sha256:a305ae8bc309898d86bf60aee968846db3602f77b25924640d5f08a2389ee99d lzj.icp:8500/ibmcom/icp-mongodb-amd64:3.1.0 lzj.icp:8500/ibmcom/icp-mongodb:3.1.0] 379353410} {[lzj.icp:8500/ibmcom/icp-catalog-ui-amd64@sha256:33993b4eab189e3c78fe27799017da770d47523cf6831460741008bf91297d6d lzj.icp:8500/ibmcom/icp-catalog-ui-amd64:3.1.0 lzj.icp:8500/ibmcom/icp-catalog-ui:3.1.0] 363781304} {[lzj.icp:8500/ibmcom/nginx-ingress-controller-amd64@sha256:63b48dd3ba635aa65409f7d6a319e293697810c1b9e885e6255bebf36a2506ab lzj.icp:8500/ibmcom/nginx-ingress-controller-amd64:0.16.2 lzj.icp:8500/ibmcom/nginx-ingress-controller:0.16.2] 361632894} {[lzj.icp:8500/ibmcom/mariadb-amd64@sha256:1f9876179c32fcf463804f75cbf2fb031106edf2be9d5dbf6705375ca53930bb lzj.icp:8500/ibmcom/mariadb-amd64:10.2.17 lzj.icp:8500/ibmcom/mariadb:10.2.17] 358991946} {[lzj.icp:8500/ibmcom/k8szk-amd64@sha256:a9ee22a4df14654552a02303e4560623244683692fd298dd2fb71e9dd66219f3 lzj.icp:8500/ibmcom/k8szk-amd64:v3 lzj.icp:8500/ibmcom/k8szk:v3] 331472973} {[lzj.icp:8500/ibmcom/gluster-amd64@sha256:647caedb536eb7b8c5c8b0a2b69e52d2a34be9e6c9c7b9c1b21d14fcfa261886 lzj.icp:8500/ibmcom/gluster-amd64:v4.0.2 lzj.icp:8500/ibmcom/gluster:v4.0.2] 324265531} {[lzj.icp:8500/ibmcom/istio-grafana-amd64@sha256:381a2dd3a5addbc5d43920bc19bb15ba6dbd422e4a9d91163108e72c5a63234c lzj.icp:8500/ibmcom/istio-grafana-amd64:1.0.0.1 lzj.icp:8500/ibmcom/istio-grafana:1.0.0.1] 324187770} {[lzj.icp:8500/ibmcom/icp-filebeat-amd64@sha256:03af9b78dad6c2ba857975d10c81e781460796dff1ff1163ea4596f4aa10601d lzj.icp:8500/ibmcom/icp-filebeat-amd64:5.5.1 lzj.icp:8500/ibmcom/icp-filebeat:5.5.1] 317104874} {[lzj.icp:8500/ibmcom/istio-proxyv2-amd64@sha256:cd77e75fa85ce74914e1b7b0bef980ece8a62ef0d776c9ef51a0d7d30b4b64a0 lzj.icp:8500/ibmcom/istio-proxyv2-amd64:1.0.0.1 lzj.icp:8500/ibmcom/istio-proxyv2:1.0.0.1] 311276139} {[lzj.icp:8500/ibmcom/istio-pilot-amd64@sha256:63352073a964037fd37f6150228231d2e5eca7e0c2920405d6269326d3c54263 lzj.icp:8500/ibmcom/istio-pilot-amd64:1.0.0.1 lzj.icp:8500/ibmcom/istio-pilot:1.0.0.1] 309502004} {[lzj.icp:8500/ibmcom/fluentd-amd64@sha256:384a99b8d941c93f96ee5b5cbae5b70500219a3f71c73cf4eddd20d9d693e3b3 lzj.icp:8500/ibmcom/fluentd-amd64:v1.2.2-icp lzj.icp:8500/ibmcom/fluentd:v1.2.2-icp] 270902701} {[lzj.icp:8500/ibmcom/icp-identity-manager-amd64@sha256:632f31acd0fcfc3d0cebea31cfb71018f6712bd1a1b4da7476942b3c23aa3521 lzj.icp:8500/ibmcom/icp-identity-manager-amd64:3.1.0 lzj.icp:8500/ibmcom/icp-identity-manager:3.1.0] 268667523} {[lzj.icp:8500/ibmcom/elasticsearch-plugin-searchguard-amd64@sha256:28f88d06bbbc073162702064c1be4ad06272e9021cbc0f929ba8c6da2ca25ae6 lzj.icp:8500/ibmcom/elasticsearch-plugin-searchguard-amd64:2.0.0 lzj.icp:8500/ibmcom/elasticsearch-plugin-searchguard:2.0.0] 267864279} {[lzj.icp:8500/ibmcom/kiali-amd64@sha256:bec63b454cf2e597c61f6a9943144050e5e6fc7a4f6474bc3bb6b627ba20c71c lzj.icp:8500/ibmcom/kiali-amd64:istio-release-1.0.0.1 lzj.icp:8500/ibmcom/kiali:istio-release-1.0.0.1] 265771300} {[lzj.icp:8500/ibmcom/calico-node-amd64@sha256:9871f4dde9eab9fd804b12f3114da36505ff5c220e2323b7434eec24e3b23ac5 lzj.icp:8500/ibmcom/calico-node-amd64:v3.1.3 lzj.icp:8500/ibmcom/calico-node:v3.1.3] 248202699} {[lzj.icp:8500/ibmcom/grafana-amd64@sha256:dc3566257a0c716caedfb33127d8ee385290c1dda006bebfb75c376d56b30c88 lzj.icp:8500/ibmcom/grafana-amd64:5.2.0 lzj.icp:8500/ibmcom/grafana:5.2.0] 245297582} {[lzj.icp:8500/ibmcom/indices-cleaner-amd64@sha256:e6c6453d54012488e9ebfaa9e4d829f567d8e66b24c1613e6d88ca192ed5e85b lzj.icp:8500/ibmcom/indices-cleaner-amd64:1.0.0 lzj.icp:8500/ibmcom/indices-cleaner:1.0.0] 238131553} {[lzj.icp:8500/ibmcom/icp-identity-provider-amd64@sha256:24dba8b07c8295eef99abbf8d83041908516e4e50e4e4cfbbbcd53bdf415dda1 lzj.icp:8500/ibmcom/icp-identity-provider-amd64:3.1.0 lzj.icp:8500/ibmcom/icp-identity-provider:3.1.0] 224286517} {[lzj.icp:8500/ibmcom/curl-amd64@sha256:aad05b4e4529f7e70516d8d3028cae6cd1d50de738ce164f2a532ce2470ac43f lzj.icp:8500/ibmcom/curl-amd64:4.0.0 lzj.icp:8500/ibmcom/curl:4.0.0] 221192597} {[lzj.icp:8500/ibmcom/icp-audit-service-amd64@sha256:9add202c06a43da647380c860d9139fa059701fe103c1f229281215bf99dbbd3 lzj.icp:8500/ibmcom/icp-audit-service-amd64:3.1.0 lzj.icp:8500/ibmcom/icp-audit-service:3.1.0] 215897363}],VolumesInUse:[],VolumesAttached:[],Config:&amp;NodeConfigStatus{Assigned:nil,Active:nil,LastKnownGood:nil,Error:,},},}&#xA;Sep 19 08:00:31.434: INFO: &#xA;Logging kubelet events for node 10.46.6.173&#xA;Sep 19 08:00:31.438: INFO: &#xA;Logging pods the kubelet thinks is on node 10.46.6.173&#xA;Sep 19 08:00:31.486: INFO: istio-pilot-6cf9ccf474-kkb6j started at 2018-09-17 07:17:31 +0000 UTC (0+2 container statuses recorded)&#xA;Sep 19 08:00:31.486: INFO: &#x9;Container discovery ready: true, restart count 0&#xA;Sep 19 08:00:31.486: INFO: &#x9;Container istio-proxy ready: true, restart count 0&#xA;Sep 19 08:00:31.486: INFO: calico-node-m7d5t started at 2018-09-17 07:05:54 +0000 UTC (0+2 container statuses recorded)&#xA;Sep 19 08:00:31.486: INFO: &#x9;Container calico-node ready: true, restart count 0&#xA;Sep 19 08:00:31.486: INFO: &#x9;Container install-cni ready: true, restart count 0&#xA;Sep 19 08:00:31.486: INFO: ibm-cert-manager-cert-manager-74687f689b-7994r started at 2018-09-17 07:07:12 +0000 UTC (0+1 container statuses recorded)&#xA;Sep 19 08:00:31.486: INFO: &#x9;Container ibm-cert-manager ready: true, restart count 0&#xA;Sep 19 08:00:31.486: INFO: nginx-ingress-controller-h5z2v started at 2018-09-17 07:08:28 +0000 UTC (1+1 container statuses recorded)&#xA;Sep 19 08:00:31.486: INFO: &#x9;Init container sysctl ready: true, restart count 0&#xA;Sep 19 08:00:31.486: INFO: &#x9;Container nginx-ingress ready: true, restart count 0&#xA;Sep 19 08:00:31.486: INFO: istio-egressgateway-54448bcdbd-pjbtc started at 2018-09-17 07:28:34 +0000 UTC (0+1 container statuses recorded)&#xA;Sep 19 08:00:31.486: INFO: &#x9;Container istio-egressgateway ready: true, restart count 0&#xA;Sep 19 08:00:31.486: INFO: k8s-master-10.46.6.173 started at &lt;nil&gt; (0+0 container statuses recorded)&#xA;Sep 19 08:00:31.486: INFO: grafana-77676f44f7-c9wr6 started at 2018-09-17 07:17:28 +0000 UTC (0+1 container statuses recorded)&#xA;Sep 19 08:00:31.486: INFO: &#x9;Container grafana ready: true, restart count 1&#xA;Sep 19 08:00:31.486: INFO: security-onboarding-tkf79 started at 2018-09-17 07:18:12 +0000 UTC (0+1 container statuses recorded)&#xA;Sep 19 08:00:31.486: INFO: &#x9;Container security-onboarding ready: false, restart count 0&#xA;Sep 19 08:00:31.486: INFO: istio-egressgateway-54448bcdbd-xmkbc started at 2018-09-17 07:24:11 +0000 UTC (0+1 container statuses recorded)&#xA;Sep 19 08:00:31.486: INFO: &#x9;Container istio-egressgateway ready: true, restart count 0&#xA;Sep 19 08:00:31.486: INFO: tiller-deploy-6b58875cb-5l8kh started at 2018-09-17 07:05:28 +0000 UTC (0+1 container statuses recorded)&#xA;Sep 19 08:00:31.486: INFO: &#x9;Container tiller ready: true, restart count 0&#xA;Sep 19 08:00:31.486: INFO: unified-router-lkwnl started at 2018-09-17 07:15:31 +0000 UTC (0+1 container statuses recorded)&#xA;Sep 19 08:00:31.486: INFO: &#x9;Container unified-router ready: true, restart count 0&#xA;Sep 19 08:00:31.486: INFO: istio-ingressgateway-7bc96d6585-smf45 started at 2018-09-17 07:17:28 +0000 UTC (0+1 container statuses recorded)&#xA;Sep 19 08:00:31.486: INFO: &#x9;Container istio-ingressgateway ready: true, restart count 0&#xA;Sep 19 08:00:31.486: INFO: vulnerability-advisor-live-crawler-p6khc started at 2018-09-17 07:19:02 +0000 UTC (0+1 container statuses recorded)&#xA;Sep 19 08:00:31.486: INFO: &#x9;Container live-crawler ready: true, restart count 0&#xA;Sep 19 08:00:31.486: INFO: default-backend-54966589c4-4d47g started at 2018-09-17 07:08:29 +0000 UTC (0+1 container statuses recorded)&#xA;Sep 19 08:00:31.486: INFO: &#x9;Container default-backend ready: true, restart count 0&#xA;Sep 19 08:00:31.486: INFO: platform-ui-6fjgx started at 2018-09-17 07:14:34 +0000 UTC (0+1 container statuses recorded)&#xA;Sep 19 08:00:31.486: INFO: &#x9;Container platform-ui ready: true, restart count 0&#xA;Sep 19 08:00:31.486: INFO: monitoring-prometheus-nodeexporter-f84fv started at 2018-09-17 07:15:45 +0000 UTC (0+2 container statuses recorded)&#xA;Sep 19 08:00:31.486: INFO: &#x9;Container nodeexporter ready: true, restart count 0&#xA;Sep 19 08:00:31.486: INFO: &#x9;Container router ready: true, restart count 0&#xA;Sep 19 08:00:31.486: INFO: prometheus-6f98d89664-wh7pb started at 2018-09-17 07:17:31 +0000 UTC (0+1 container statuses recorded)&#xA;Sep 19 08:00:31.486: INFO: &#x9;Container prometheus ready: true, restart count 0&#xA;Sep 19 08:00:31.486: INFO: service-catalog-apiserver-967x9 started at 2018-09-17 07:08:20 +0000 UTC (0+1 container statuses recorded)&#xA;Sep 19 08:00:31.486: INFO: &#x9;Container apiserver ready: true, restart count 0&#xA;Sep 19 08:00:31.486: INFO: oidc-client-registration-szxrk started at 2018-09-17 07:10:05 +0000 UTC (0+1 container statuses recorded)&#xA;Sep 19 08:00:31.486: INFO: &#x9;Container oidc-client-registration ready: false, restart count 0&#xA;Sep 19 08:00:31.486: INFO: kiali-7f8c59df94-25qmq started at 2018-09-17 07:17:27 +0000 UTC (0+1 container statuses recorded)&#xA;Sep 19 08:00:31.486: INFO: &#x9;Container kiali ready: true, restart count 0&#xA;Sep 19 08:00:31.486: INFO: kube-dns-mwjc8 started at 2018-09-17 07:06:10 +0000 UTC (0+1 container statuses recorded)&#xA;Sep 19 08:00:31.486: INFO: &#x9;Container kube-dns ready: true, restart count 0&#xA;Sep 19 08:00:31.486: INFO: auth-pdp-tk2jm started at 2018-09-17 07:10:28 +0000 UTC (5+2 container statuses recorded)&#xA;Sep 19 08:00:31.486: INFO: &#x9;Init container init-auth-service ready: true, restart count 0&#xA;Sep 19 08:00:31.486: INFO: &#x9;Init container init-identity-provider ready: true, restart count 0&#xA;Sep 19 08:00:31.486: INFO: &#x9;Init container init-identity-manager ready: true, restart count 0&#xA;Sep 19 08:00:31.486: INFO: &#x9;Init container init-token-service ready: true, restart count 0&#xA;Sep 19 08:00:31.486: INFO: &#x9;Init container init-pap ready: true, restart count 0&#xA;Sep 19 08:00:31.486: INFO: &#x9;Container auth-pdp ready: true, restart count 0&#xA;Sep 19 08:00:31.486: INFO: &#x9;Container icp-audit-service ready: true, restart count 0&#xA;Sep 19 08:00:31.486: INFO: icp-management-ingress-x6qn8 started at 2018-09-17 07:10:36 +0000 UTC (0+1 container statuses recorded)&#xA;Sep 19 08:00:31.486: INFO: &#x9;Container icp-management-ingress ready: true, restart count 0&#xA;Sep 19 08:00:31.486: INFO: istio-egressgateway-54448bcdbd-cqlhf started at 2018-09-17 07:24:11 +0000 UTC (0+1 container statuses recorded)&#xA;Sep 19 08:00:31.486: INFO: &#x9;Container istio-egressgateway ready: true, restart count 0&#xA;Sep 19 08:00:31.486: INFO: istio-ingressgateway-7bc96d6585-m567m started at 2018-09-17 07:20:41 +0000 UTC (0+1 container statuses recorded)&#xA;Sep 19 08:00:31.486: INFO: &#x9;Container istio-ingressgateway ready: true, restart count 0&#xA;Sep 19 08:00:31.486: INFO: heapster-69b486565b-nt26r started at 2018-09-17 07:13:48 +0000 UTC (0+1 container statuses recorded)&#xA;Sep 19 08:00:31.486: INFO: &#x9;Container heapster ready: true, restart count 0&#xA;Sep 19 08:00:31.486: INFO: istio-galley-687cd96db-hlpng started at 2018-09-17 07:17:28 +0000 UTC (0+1 container statuses recorded)&#xA;Sep 19 08:00:31.486: INFO: &#x9;Container validator ready: true, restart count 0&#xA;Sep 19 08:00:31.486: INFO: istio-tracing-77ccfc8844-79ngl started at 2018-09-17 07:17:32 +0000 UTC (0+1 container statuses recorded)&#xA;Sep 19 08:00:31.486: INFO: &#x9;Container jaeger ready: true, restart count 0&#xA;Sep 19 08:00:31.486: INFO: audit-logging-fluentd-ds-dhcg6 started at 2018-09-17 07:18:46 +0000 UTC (0+1 container statuses recorded)&#xA;Sep 19 08:00:31.486: INFO: &#x9;Container fluentd ready: true, restart count 0&#xA;Sep 19 08:00:31.486: INFO: istio-telemetry-8b5964dc7-rfswc started at 2018-09-17 07:19:39 +0000 UTC (0+2 container statuses recorded)&#xA;Sep 19 08:00:31.486: INFO: &#x9;Container istio-proxy ready: true, restart count 0&#xA;Sep 19 08:00:31.486: INFO: &#x9;Container mixer ready: true, restart count 0&#xA;Sep 19 08:00:31.486: INFO: helm-api-fdd886877-6pwm8 started at 2018-09-17 07:16:36 +0000 UTC (0+3 container statuses recorded)&#xA;Sep 19 08:00:31.486: INFO: &#x9;Container audit-service ready: true, restart count 0&#xA;Sep 19 08:00:31.487: INFO: &#x9;Container helmapi ready: true, restart count 0&#xA;Sep 19 08:00:31.487: INFO: &#x9;Container rudder ready: true, restart count 0&#xA;Sep 19 08:00:31.487: INFO: istio-egressgateway-54448bcdbd-f4v6v started at 2018-09-17 07:17:29 +0000 UTC (0+1 container statuses recorded)&#xA;Sep 19 08:00:31.487: INFO: &#x9;Container istio-egressgateway ready: true, restart count 0&#xA;Sep 19 08:00:31.487: INFO: istio-citadel-77694dc965-mwqkp started at 2018-09-17 07:17:31 +0000 UTC (0+1 container statuses recorded)&#xA;Sep 19 08:00:31.487: INFO: &#x9;Container citadel ready: true, restart count 0&#xA;Sep 19 08:00:31.487: INFO: vulnerability-advisor-process-ma-crawler-96728 started at 2018-09-17 07:19:03 +0000 UTC (0+1 container statuses recorded)&#xA;Sep 19 08:00:31.487: INFO: &#x9;Container process-ma-crawler ready: true, restart count 0&#xA;Sep 19 08:00:31.487: INFO: istio-policy-5b64d7fd64-5l2m9 started at 2018-09-17 07:31:07 +0000 UTC (0+2 container statuses recorded)&#xA;Sep 19 08:00:31.487: INFO: &#x9;Container istio-proxy ready: true, restart count 0&#xA;Sep 19 08:00:31.487: INFO: &#x9;Container mixer ready: true, restart count 0&#xA;Sep 19 08:00:31.487: INFO: nvidia-device-plugin-nh54k started at 2018-09-17 07:07:17 +0000 UTC (1+1 container statuses recorded)&#xA;Sep 19 08:00:31.487: INFO: &#x9;Init container nvidia-driver-collector ready: true, restart count 0&#xA;Sep 19 08:00:31.487: INFO: &#x9;Container nvidia-device-plugin ready: true, restart count 0&#xA;Sep 19 08:00:31.487: INFO: mariadb-0 started at 2018-09-17 07:08:38 +0000 UTC (0+1 container statuses recorded)&#xA;Sep 19 08:00:31.487: INFO: &#x9;Container mariadb ready: true, restart count 0&#xA;Sep 19 08:00:31.487: INFO: logging-elk-filebeat-ds-qf2vz started at 2018-09-17 07:15:20 +0000 UTC (0+1 container statuses recorded)&#xA;Sep 19 08:00:31.487: INFO: &#x9;Container filebeat ready: true, restart count 0&#xA;Sep 19 08:00:31.487: INFO: istio-ingressgateway-7bc96d6585-c58zx started at 2018-09-17 07:24:15 +0000 UTC (0+1 container statuses recorded)&#xA;Sep 19 08:00:31.487: INFO: &#x9;Container istio-ingressgateway ready: true, restart count 0&#xA;Sep 19 08:00:31.487: INFO: istio-telemetry-8b5964dc7-nw9kk started at 2018-09-17 07:23:11 +0000 UTC (0+2 container statuses recorded)&#xA;Sep 19 08:00:31.487: INFO: &#x9;Container istio-proxy ready: true, restart count 0&#xA;Sep 19 08:00:31.487: INFO: &#x9;Container mixer ready: true, restart count 0&#xA;Sep 19 08:00:31.487: INFO: platform-api-2fs4x started at 2018-09-17 07:08:45 +0000 UTC (0+2 container statuses recorded)&#xA;Sep 19 08:00:31.487: INFO: &#x9;Container audit-service ready: true, restart count 0&#xA;Sep 19 08:00:31.487: INFO: &#x9;Container platform-api ready: true, restart count 0&#xA;Sep 19 08:00:31.487: INFO: istio-telemetry-8b5964dc7-hcf6d started at 2018-09-17 07:17:29 +0000 UTC (0+2 container statuses recorded)&#xA;Sep 19 08:00:31.487: INFO: &#x9;Container istio-proxy ready: true, restart count 0&#xA;Sep 19 08:00:31.487: INFO: &#x9;Container mixer ready: true, restart count 0&#xA;Sep 19 08:00:31.487: INFO: istio-sidecar-injector-86d554f5f7-d57zk started at 2018-09-17 07:17:32 +0000 UTC (0+1 container statuses recorded)&#xA;Sep 19 08:00:31.487: INFO: &#x9;Container sidecar-injector-webhook ready: true, restart count 0&#xA;Sep 19 08:00:31.487: INFO: secret-watcher-5f59fcbc69-pfnfk started at 2018-09-17 07:18:05 +0000 UTC (0+1 container statuses recorded)&#xA;Sep 19 08:00:31.487: INFO: &#x9;Container secret-watcher ready: true, restart count 0&#xA;Sep 19 08:00:31.487: INFO: calico-kube-controllers-dcb8cc97c-gtsqp started at 2018-09-17 07:05:53 +0000 UTC (0+1 container statuses recorded)&#xA;Sep 19 08:00:31.487: INFO: &#x9;Container calico-kube-controllers ready: true, restart count 0&#xA;Sep 19 08:00:31.487: INFO: icp-mongodb-0 started at 2018-09-17 07:07:42 +0000 UTC (2+1 container statuses recorded)&#xA;Sep 19 08:00:31.487: INFO: &#x9;Init container install ready: true, restart count 0&#xA;Sep 19 08:00:31.487: INFO: &#x9;Init container bootstrap ready: true, restart count 0&#xA;Sep 19 08:00:31.487: INFO: &#x9;Container icp-mongodb ready: true, restart count 0&#xA;Sep 19 08:00:31.487: INFO: catalog-ui-5rtkh started at 2018-09-17 07:15:57 +0000 UTC (0+1 container statuses recorded)&#xA;Sep 19 08:00:31.487: INFO: &#x9;Container catalog-ui ready: true, restart count 0&#xA;Sep 19 08:00:31.487: INFO: istio-policy-5b64d7fd64-jrlzt started at 2018-09-17 07:23:11 +0000 UTC (0+2 container statuses recorded)&#xA;Sep 19 08:00:31.487: INFO: &#x9;Container istio-proxy ready: true, restart count 0&#xA;Sep 19 08:00:31.487: INFO: &#x9;Container mixer ready: true, restart count 0&#xA;Sep 19 08:00:31.487: INFO: auth-apikeys-x45mz started at 2018-09-17 07:10:12 +0000 UTC (0+1 container statuses recorded)&#xA;Sep 19 08:00:31.487: INFO: &#x9;Container auth-apikeys ready: true, restart count 0&#xA;Sep 19 08:00:31.487: INFO: istio-policy-5b64d7fd64-fb4bc started at 2018-09-17 07:27:37 +0000 UTC (0+2 container statuses recorded)&#xA;Sep 19 08:00:31.487: INFO: &#x9;Container istio-proxy ready: true, restart count 0&#xA;Sep 19 08:00:31.487: INFO: &#x9;Container mixer ready: true, restart count 0&#xA;Sep 19 08:00:31.487: INFO: k8s-proxy-10.46.6.173 started at &lt;nil&gt; (0+0 container statuses recorded)&#xA;Sep 19 08:00:31.487: INFO: k8s-etcd-10.46.6.173 started at &lt;nil&gt; (0+0 container statuses recorded)&#xA;Sep 19 08:00:31.487: INFO: image-manager-0 started at 2018-09-17 06:38:56 +0000 UTC (0+2 container statuses recorded)&#xA;Sep 19 08:00:31.487: INFO: &#x9;Container icp-registry ready: true, restart count 0&#xA;Sep 19 08:00:31.487: INFO: &#x9;Container image-manager ready: true, restart count 0&#xA;Sep 19 08:00:31.487: INFO: platform-deploy-dbbks started at 2018-09-17 07:08:45 +0000 UTC (0+1 container statuses recorded)&#xA;Sep 19 08:00:31.487: INFO: &#x9;Container platform-deploy ready: true, restart count 0&#xA;Sep 19 08:00:31.487: INFO: istio-policy-5b64d7fd64-pt9z2 started at 2018-09-17 07:17:30 +0000 UTC (0+2 container statuses recorded)&#xA;Sep 19 08:00:31.487: INFO: &#x9;Container istio-proxy ready: true, restart count 0&#xA;Sep 19 08:00:31.487: INFO: &#x9;Container mixer ready: true, restart count 0&#xA;Sep 19 08:00:31.487: INFO: istio-policy-5b64d7fd64-z68j4 started at 2018-09-17 07:19:38 +0000 UTC (0+2 container statuses recorded)&#xA;Sep 19 08:00:31.487: INFO: &#x9;Container istio-proxy ready: true, restart count 0&#xA;Sep 19 08:00:31.487: INFO: &#x9;Container mixer ready: true, restart count 0&#xA;Sep 19 08:00:31.487: INFO: istio-ingressgateway-7bc96d6585-r98nr started at 2018-09-17 07:28:10 +0000 UTC (0+1 container statuses recorded)&#xA;Sep 19 08:00:31.487: INFO: &#x9;Container istio-ingressgateway ready: true, restart count 0&#xA;Sep 19 08:00:31.487: INFO: servicegraph-85578d8fc6-m62z4 started at 2018-09-17 07:17:32 +0000 UTC (0+1 container statuses recorded)&#xA;Sep 19 08:00:31.487: INFO: &#x9;Container servicegraph ready: true, restart count 0&#xA;Sep 19 08:00:31.487: INFO: mgmt-repo-57dc689b74-tmp44 started at 2018-09-17 07:17:51 +0000 UTC (1+2 container statuses recorded)&#xA;Sep 19 08:00:31.487: INFO: &#x9;Init container mgmt-repo-init ready: true, restart count 0&#xA;Sep 19 08:00:31.487: INFO: &#x9;Container audit-service ready: true, restart count 0&#xA;Sep 19 08:00:31.487: INFO: &#x9;Container mgmt-repo ready: true, restart count 0&#xA;Sep 19 08:00:31.487: INFO: istio-egressgateway-54448bcdbd-lhh5c started at 2018-09-17 07:20:07 +0000 UTC (0+1 container statuses recorded)&#xA;Sep 19 08:00:31.487: INFO: &#x9;Container istio-egressgateway ready: true, restart count 0&#xA;Sep 19 08:00:31.487: INFO: istio-ingressgateway-7bc96d6585-4qnc5 started at 2018-09-17 07:24:14 +0000 UTC (0+1 container statuses recorded)&#xA;Sep 19 08:00:31.487: INFO: &#x9;Container istio-ingressgateway ready: true, restart count 0&#xA;Sep 19 08:00:31.487: INFO: auth-idp-kjpmx started at 2018-09-17 07:10:04 +0000 UTC (1+4 container statuses recorded)&#xA;Sep 19 08:00:31.487: INFO: &#x9;Init container init-mariadb ready: true, restart count 0&#xA;Sep 19 08:00:31.487: INFO: &#x9;Container icp-audit-service ready: true, restart count 0&#xA;Sep 19 08:00:31.487: INFO: &#x9;Container platform-auth-service ready: true, restart count 0&#xA;Sep 19 08:00:31.487: INFO: &#x9;Container platform-identity-manager ready: true, restart count 0&#xA;Sep 19 08:00:31.487: INFO: &#x9;Container platform-identity-provider ready: true, restart count 0&#xA;Sep 19 08:00:31.487: INFO: helm-repo-5649f57447-wwdn4 started at 2018-09-17 07:13:54 +0000 UTC (1+2 container statuses recorded)&#xA;Sep 19 08:00:31.487: INFO: &#x9;Init container helm-repo-init ready: true, restart count 0&#xA;Sep 19 08:00:31.487: INFO: &#x9;Container audit-service ready: true, restart count 0&#xA;Sep 19 08:00:31.487: INFO: &#x9;Container helm-repo ready: true, restart count 0&#xA;Sep 19 08:00:31.487: INFO: metering-reader-l7284 started at 2018-09-17 07:14:11 +0000 UTC (1+1 container statuses recorded)&#xA;Sep 19 08:00:31.487: INFO: &#x9;Init container metering-reader-init ready: true, restart count 0&#xA;Sep 19 08:00:31.487: INFO: &#x9;Container metering-reader ready: true, restart count 0&#xA;Sep 19 08:00:31.487: INFO: istio-statsd-prom-bridge-66cb69b666-p76m8 started at 2018-09-17 07:17:29 +0000 UTC (0+1 container statuses recorded)&#xA;Sep 19 08:00:31.487: INFO: &#x9;Container statsd-prom-bridge ready: true, restart count 0&#xA;Sep 19 08:00:31.487: INFO: istio-telemetry-8b5964dc7-vjqbq started at 2018-09-17 07:27:36 +0000 UTC (0+2 container statuses recorded)&#xA;Sep 19 08:00:31.487: INFO: &#x9;Container istio-proxy ready: true, restart count 0&#xA;Sep 19 08:00:31.487: INFO: &#x9;Container mixer ready: true, restart count 0&#xA;Sep 19 08:00:31.487: INFO: istio-telemetry-8b5964dc7-9q67f started at 2018-09-17 07:31:08 +0000 UTC (0+2 container statuses recorded)&#xA;Sep 19 08:00:31.487: INFO: &#x9;Container istio-proxy ready: true, restart count 0&#xA;Sep 19 08:00:31.487: INFO: &#x9;Container mixer ready: true, restart count 0&#xA;Sep 19 08:00:31.487: INFO: service-catalog-controller-manager-5969cccf86-65phs started at 2018-09-17 07:08:21 +0000 UTC (0+1 container statuses recorded)&#xA;Sep 19 08:00:31.487: INFO: &#x9;Container controller-manager ready: true, restart count 0&#xA;Sep 19 08:00:31.487: INFO: auth-pap-qb5m2 started at 2018-09-17 07:10:20 +0000 UTC (0+1 container statuses recorded)&#xA;Sep 19 08:00:31.487: INFO: &#x9;Container auth-pap ready: true, restart count 0&#xA;Sep 19 08:00:31.564: INFO: &#xA;Latency metrics for node 10.46.6.173&#xA;STEP: Dumping a list of prepulled images on each node to file /tmp/results/image-puller.txt&#xA;Sep 19 08:00:31.582: INFO: Waiting up to 3m0s for all (but 0) nodes to be ready&#xA;STEP: Destroying namespace &#34;e2e-tests-svc-latency-jxx99&#34; for this suite.&#xA;Sep 19 08:00:39.614: INFO: Waiting up to 30s for server preferred namespaced resources to be successfully discovered&#xA;Sep 19 08:00:39.650: INFO: namespace: e2e-tests-svc-latency-jxx99, resource: bindings, ignored listing per whitelist&#xA;Sep 19 08:00:41.546: INFO: namespace e2e-tests-svc-latency-jxx99 deletion completed in 9.95662994s&#xA;</system-out>
      </testcase>
      <testcase name="[sig-storage] Volume Placement should create and delete pod with multiple volumes from same datastore" classname="Kubernetes e2e suite" time="0">
          <skipped></skipped>
      </testcase>
      <testcase name="[k8s.io] Probing container with readiness probe should not be ready before initial delay and never restart [NodeConformance] [Conformance]" classname="Kubernetes e2e suite" time="46.479812216"></testcase>
      <testcase name="[sig-api-machinery] Downward API should provide default limits.cpu/memory from node allocatable [NodeConformance] [Conformance]" classname="Kubernetes e2e suite" time="16.607700255"></testcase>
      <testcase name="[sig-storage] HostPath should support subPath [NodeConformance]" classname="Kubernetes e2e suite" time="0">
          <skipped></skipped>
      </testcase>
      <testcase name="[sig-autoscaling] Cluster size autoscaling [Slow] should correctly scale down after a node is not needed and one node is broken [Feature:ClusterSizeAutoscalingScaleDown]" classname="Kubernetes e2e suite" time="0">
          <skipped></skipped>
      </testcase>
      <testcase name="[k8s.io] InitContainer [NodeConformance] should not start app containers if init containers fail on a RestartAlways pod" classname="Kubernetes e2e suite" time="0">
          <skipped></skipped>
      </testcase>
      <testcase name="[sig-storage] ConfigMap should be consumable in multiple volumes in the same pod [NodeConformance] [Conformance]" classname="Kubernetes e2e suite" time="14.707447486"></testcase>
      <testcase name="[sig-storage] Volume Placement test back to back pod creation and deletion with different volume sources on the same worker node" classname="Kubernetes e2e suite" time="0">
          <skipped></skipped>
      </testcase>
      <testcase name="[sig-scheduling] ResourceQuota should create a ResourceQuota and capture the life of a secret." classname="Kubernetes e2e suite" time="0">
          <skipped></skipped>
      </testcase>
      <testcase name="[sig-autoscaling] [HPA] Horizontal pod autoscaling (scale resource: CPU) [sig-autoscaling] [Serial] [Slow] ReplicationController Should scale from 1 pod to 3 pods and from 3 to 5 and verify decision stability" classname="Kubernetes e2e suite" time="0">
          <skipped></skipped>
      </testcase>
      <testcase name="[sig-auth] [Feature:NodeAuthorizer] Getting a secret for a workload the node has access to should succeed" classname="Kubernetes e2e suite" time="0">
          <skipped></skipped>
      </testcase>
      <testcase name="[sig-storage] Subpath [Volume type: gcePDPVC] should support existing directory" classname="Kubernetes e2e suite" time="0">
          <skipped></skipped>
      </testcase>
      <testcase name="[sig-storage] Storage Policy Based Volume Provisioning [Feature:vsphere] verify an if a SPBM policy and VSAN capabilities cannot be honored for dynamically provisioned pvc using storageclass" classname="Kubernetes e2e suite" time="0">
          <skipped></skipped>
      </testcase>
      <testcase name="[sig-cli] Kubectl client [k8s.io] Simple pod should return command exit codes" classname="Kubernetes e2e suite" time="0">
          <skipped></skipped>
      </testcase>
      <testcase name="[sig-storage] Volume Provisioning On Clustered Datastore [Feature:vsphere] verify dynamic provision with default parameter on clustered datastore" classname="Kubernetes e2e suite" time="0">
          <skipped></skipped>
      </testcase>
      <testcase name="[sig-scheduling] SchedulerPreemption [Serial] [Feature:PodPreemption] validates lower priority pod preemption by critical pod" classname="Kubernetes e2e suite" time="0">
          <skipped></skipped>
      </testcase>
      <testcase name="[sig-network] NetworkPolicy NetworkPolicy between server and client should enforce policy based on NamespaceSelector [Feature:NetworkPolicy]" classname="Kubernetes e2e suite" time="0">
          <skipped></skipped>
      </testcase>
      <testcase name="[sig-cli] Kubectl client [k8s.io] Kubectl patch should add annotations for pods in rc  [Conformance]" classname="Kubernetes e2e suite" time="0">
          <skipped></skipped>
      </testcase>
      <testcase name="[sig-storage] Subpath [Volume type: nfs] should fail if subpath directory is outside the volume [Slow]" classname="Kubernetes e2e suite" time="0">
          <skipped></skipped>
      </testcase>
      <testcase name="[sig-storage] Downward API volume should provide container&#39;s cpu limit [NodeConformance] [Conformance]" classname="Kubernetes e2e suite" time="12.491199783999999"></testcase>
      <testcase name="[sig-autoscaling] Cluster size autoscaling [Slow] shouldn&#39;t scale up when expendable pod is preempted [Feature:ClusterSizeAutoscalingScaleUp]" classname="Kubernetes e2e suite" time="0">
          <skipped></skipped>
      </testcase>
      <testcase name="[sig-storage] Downward API volume should provide container&#39;s memory request [NodeConformance] [Conformance]" classname="Kubernetes e2e suite" time="12.555074249"></testcase>
      <testcase name="[sig-storage] Volume Disk Size [Feature:vsphere] verify dynamically provisioned pv using storageclass with an invalid disk size fails" classname="Kubernetes e2e suite" time="0">
          <skipped></skipped>
      </testcase>
      <testcase name="[k8s.io] Pods should support remote command execution over websockets [NodeConformance]" classname="Kubernetes e2e suite" time="0">
          <skipped></skipped>
      </testcase>
      <testcase name="[k8s.io] Pods should allow activeDeadlineSeconds to be updated [NodeConformance] [Conformance]" classname="Kubernetes e2e suite" time="9.007869377">
          <failure type="Failure">/workspace/anago-v1.11.2-beta.0.50+bb9ffb1654d4a7/src/k8s.io/kubernetes/_output/dockerized/go/src/k8s.io/kubernetes/test/e2e/framework/framework.go:684&#xA;Error creating Pod&#xA;Expected error:&#xA;    &lt;*errors.StatusError | 0xc421656090&gt;: {&#xA;        ErrStatus: {&#xA;            TypeMeta: {Kind: &#34;&#34;, APIVersion: &#34;&#34;},&#xA;            ListMeta: {SelfLink: &#34;&#34;, ResourceVersion: &#34;&#34;, Continue: &#34;&#34;},&#xA;            Status: &#34;Failure&#34;,&#xA;            Message: &#34;Internal error occurred: admission webhook \&#34;trust.hooks.securityenforcement.admission.cloud.ibm.com\&#34; denied the request: \nDeny \&#34;k8s.gcr.io/nginx-slim-amd64:0.20\&#34;, no matching repositories in ClusterImagePolicy and no ImagePolicies in the \&#34;e2e-tests-pods-9hjvz\&#34; namespace&#34;,&#xA;            Reason: &#34;InternalError&#34;,&#xA;            Details: {&#xA;                Name: &#34;&#34;,&#xA;                Group: &#34;&#34;,&#xA;                Kind: &#34;&#34;,&#xA;                UID: &#34;&#34;,&#xA;                Causes: [&#xA;                    {&#xA;                        Type: &#34;&#34;,&#xA;                        Message: &#34;admission webhook \&#34;trust.hooks.securityenforcement.admission.cloud.ibm.com\&#34; denied the request: \nDeny \&#34;k8s.gcr.io/nginx-slim-amd64:0.20\&#34;, no matching repositories in ClusterImagePolicy and no ImagePolicies in the \&#34;e2e-tests-pods-9hjvz\&#34; namespace&#34;,&#xA;                        Field: &#34;&#34;,&#xA;                    },&#xA;                ],&#xA;                RetryAfterSeconds: 0,&#xA;            },&#xA;            Code: 500,&#xA;        },&#xA;    }&#xA;    Internal error occurred: admission webhook &#34;trust.hooks.securityenforcement.admission.cloud.ibm.com&#34; denied the request: &#xA;    Deny &#34;k8s.gcr.io/nginx-slim-amd64:0.20&#34;, no matching repositories in ClusterImagePolicy and no ImagePolicies in the &#34;e2e-tests-pods-9hjvz&#34; namespace&#xA;not to have occurred&#xA;/workspace/anago-v1.11.2-beta.0.50+bb9ffb1654d4a7/src/k8s.io/kubernetes/_output/dockerized/go/src/k8s.io/kubernetes/test/e2e/framework/pods.go:76</failure>
          <system-out>[BeforeEach] [k8s.io] Pods&#xA;  /workspace/anago-v1.11.2-beta.0.50+bb9ffb1654d4a7/src/k8s.io/kubernetes/_output/dockerized/go/src/k8s.io/kubernetes/test/e2e/framework/framework.go:141&#xA;STEP: Creating a kubernetes client&#xA;Sep 19 08:02:24.388: INFO: &gt;&gt;&gt; kubeConfig: /tmp/kubeconfig-172917420&#xA;STEP: Building a namespace api object&#xA;STEP: Binding the e2e-test-privileged-psp PodSecurityPolicy to the default service account in e2e-tests-pods-9hjvz&#xA;STEP: Waiting for a default service account to be provisioned in namespace&#xA;[BeforeEach] [k8s.io] Pods&#xA;  /workspace/anago-v1.11.2-beta.0.50+bb9ffb1654d4a7/src/k8s.io/kubernetes/_output/dockerized/go/src/k8s.io/kubernetes/test/e2e/common/pods.go:127&#xA;[It] should allow activeDeadlineSeconds to be updated [NodeConformance] [Conformance]&#xA;  /workspace/anago-v1.11.2-beta.0.50+bb9ffb1654d4a7/src/k8s.io/kubernetes/_output/dockerized/go/src/k8s.io/kubernetes/test/e2e/framework/framework.go:684&#xA;STEP: creating the pod&#xA;STEP: submitting the pod to kubernetes&#xA;Sep 19 08:02:24.834: INFO: Unexpected error occurred: Internal error occurred: admission webhook &#34;trust.hooks.securityenforcement.admission.cloud.ibm.com&#34; denied the request: &#xA;Deny &#34;k8s.gcr.io/nginx-slim-amd64:0.20&#34;, no matching repositories in ClusterImagePolicy and no ImagePolicies in the &#34;e2e-tests-pods-9hjvz&#34; namespace&#xA;[AfterEach] [k8s.io] Pods&#xA;  /workspace/anago-v1.11.2-beta.0.50+bb9ffb1654d4a7/src/k8s.io/kubernetes/_output/dockerized/go/src/k8s.io/kubernetes/test/e2e/framework/framework.go:142&#xA;STEP: Collecting events from namespace &#34;e2e-tests-pods-9hjvz&#34;.&#xA;STEP: Found 0 events.&#xA;Sep 19 08:02:24.888: INFO: POD                                                              NODE         PHASE      GRACE  CONDITIONS&#xA;Sep 19 08:02:24.888: INFO: ibm-cert-manager-cert-manager-74687f689b-7994r                   10.46.6.173  Running           [{Initialized True 0001-01-01 00:00:00 +0000 UTC 2018-09-17 07:07:12 +0000 UTC  } {Ready True 0001-01-01 00:00:00 +0000 UTC 2018-09-17 07:07:37 +0000 UTC  } {ContainersReady True 0001-01-01 00:00:00 +0000 UTC 0001-01-01 00:00:00 +0000 UTC  } {PodScheduled True 0001-01-01 00:00:00 +0000 UTC 2018-09-17 07:07:12 +0000 UTC  }]&#xA;Sep 19 08:02:24.888: INFO: sonobuoy                                                         10.46.6.170  Running           [{Initialized True 0001-01-01 00:00:00 +0000 UTC 2018-09-19 07:22:02 +0000 UTC  } {Ready True 0001-01-01 00:00:00 +0000 UTC 2018-09-19 07:22:08 +0000 UTC  } {ContainersReady True 0001-01-01 00:00:00 +0000 UTC 0001-01-01 00:00:00 +0000 UTC  } {PodScheduled True 0001-01-01 00:00:00 +0000 UTC 2018-09-19 07:22:02 +0000 UTC  }]&#xA;Sep 19 08:02:24.888: INFO: sonobuoy-e2e-job-c3f9b53ea97c48a2                                10.46.6.170  Running           [{Initialized True 0001-01-01 00:00:00 +0000 UTC 2018-09-19 07:22:08 +0000 UTC  } {Ready True 0001-01-01 00:00:00 +0000 UTC 2018-09-19 07:22:25 +0000 UTC  } {ContainersReady True 0001-01-01 00:00:00 +0000 UTC 0001-01-01 00:00:00 +0000 UTC  } {PodScheduled True 0001-01-01 00:00:00 +0000 UTC 2018-09-19 07:22:08 +0000 UTC  }]&#xA;Sep 19 08:02:24.888: INFO: grafana-77676f44f7-c9wr6                                         10.46.6.173  Running           [{Initialized True 0001-01-01 00:00:00 +0000 UTC 2018-09-17 07:17:28 +0000 UTC  } {Ready True 0001-01-01 00:00:00 +0000 UTC 2018-09-17 07:20:34 +0000 UTC  } {ContainersReady True 0001-01-01 00:00:00 +0000 UTC 0001-01-01 00:00:00 +0000 UTC  } {PodScheduled True 0001-01-01 00:00:00 +0000 UTC 2018-09-17 07:17:27 +0000 UTC  }]&#xA;Sep 19 08:02:24.888: INFO: istio-citadel-77694dc965-mwqkp                                   10.46.6.173  Running           [{Initialized True 0001-01-01 00:00:00 +0000 UTC 2018-09-17 07:17:31 +0000 UTC  } {Ready True 0001-01-01 00:00:00 +0000 UTC 2018-09-17 07:18:30 +0000 UTC  } {ContainersReady True 0001-01-01 00:00:00 +0000 UTC 0001-01-01 00:00:00 +0000 UTC  } {PodScheduled True 0001-01-01 00:00:00 +0000 UTC 2018-09-17 07:17:28 +0000 UTC  }]&#xA;Sep 19 08:02:24.888: INFO: istio-egressgateway-54448bcdbd-cqlhf                             10.46.6.173  Running           [{Initialized True 0001-01-01 00:00:00 +0000 UTC 2018-09-17 07:24:11 +0000 UTC  } {Ready True 0001-01-01 00:00:00 +0000 UTC 2018-09-17 07:25:19 +0000 UTC  } {ContainersReady True 0001-01-01 00:00:00 +0000 UTC 0001-01-01 00:00:00 +0000 UTC  } {PodScheduled True 0001-01-01 00:00:00 +0000 UTC 2018-09-17 07:24:10 +0000 UTC  }]&#xA;Sep 19 08:02:24.888: INFO: istio-egressgateway-54448bcdbd-f4v6v                             10.46.6.173  Running           [{Initialized True 0001-01-01 00:00:00 +0000 UTC 2018-09-17 07:17:29 +0000 UTC  } {Ready True 0001-01-01 00:00:00 +0000 UTC 2018-09-17 07:18:31 +0000 UTC  } {ContainersReady True 0001-01-01 00:00:00 +0000 UTC 0001-01-01 00:00:00 +0000 UTC  } {PodScheduled True 0001-01-01 00:00:00 +0000 UTC 2018-09-17 07:17:27 +0000 UTC  }]&#xA;Sep 19 08:02:24.888: INFO: istio-egressgateway-54448bcdbd-lhh5c                             10.46.6.173  Running           [{Initialized True 0001-01-01 00:00:00 +0000 UTC 2018-09-17 07:20:07 +0000 UTC  } {Ready True 0001-01-01 00:00:00 +0000 UTC 2018-09-17 07:21:11 +0000 UTC  } {ContainersReady True 0001-01-01 00:00:00 +0000 UTC 0001-01-01 00:00:00 +0000 UTC  } {PodScheduled True 0001-01-01 00:00:00 +0000 UTC 2018-09-17 07:20:06 +0000 UTC  }]&#xA;Sep 19 08:02:24.888: INFO: istio-egressgateway-54448bcdbd-pjbtc                             10.46.6.173  Running           [{Initialized True 0001-01-01 00:00:00 +0000 UTC 2018-09-17 07:28:34 +0000 UTC  } {Ready True 0001-01-01 00:00:00 +0000 UTC 2018-09-17 07:29:40 +0000 UTC  } {ContainersReady True 0001-01-01 00:00:00 +0000 UTC 0001-01-01 00:00:00 +0000 UTC  } {PodScheduled True 0001-01-01 00:00:00 +0000 UTC 2018-09-17 07:28:34 +0000 UTC  }]&#xA;Sep 19 08:02:24.888: INFO: istio-egressgateway-54448bcdbd-xmkbc                             10.46.6.173  Running           [{Initialized True 0001-01-01 00:00:00 +0000 UTC 2018-09-17 07:24:11 +0000 UTC  } {Ready True 0001-01-01 00:00:00 +0000 UTC 2018-09-17 07:25:10 +0000 UTC  } {ContainersReady True 0001-01-01 00:00:00 +0000 UTC 0001-01-01 00:00:00 +0000 UTC  } {PodScheduled True 0001-01-01 00:00:00 +0000 UTC 2018-09-17 07:24:10 +0000 UTC  }]&#xA;Sep 19 08:02:24.888: INFO: istio-galley-687cd96db-hlpng                                     10.46.6.173  Running           [{Initialized True 0001-01-01 00:00:00 +0000 UTC 2018-09-17 07:17:28 +0000 UTC  } {Ready True 0001-01-01 00:00:00 +0000 UTC 2018-09-17 07:18:35 +0000 UTC  } {ContainersReady True 0001-01-01 00:00:00 +0000 UTC 0001-01-01 00:00:00 +0000 UTC  } {PodScheduled True 0001-01-01 00:00:00 +0000 UTC 2018-09-17 07:17:27 +0000 UTC  }]&#xA;Sep 19 08:02:24.888: INFO: istio-ingressgateway-7bc96d6585-4qnc5                            10.46.6.173  Running           [{Initialized True 0001-01-01 00:00:00 +0000 UTC 2018-09-17 07:24:14 +0000 UTC  } {Ready True 0001-01-01 00:00:00 +0000 UTC 2018-09-17 07:25:22 +0000 UTC  } {ContainersReady True 0001-01-01 00:00:00 +0000 UTC 0001-01-01 00:00:00 +0000 UTC  } {PodScheduled True 0001-01-01 00:00:00 +0000 UTC 2018-09-17 07:24:13 +0000 UTC  }]&#xA;Sep 19 08:02:24.888: INFO: istio-ingressgateway-7bc96d6585-c58zx                            10.46.6.173  Running           [{Initialized True 0001-01-01 00:00:00 +0000 UTC 2018-09-17 07:24:15 +0000 UTC  } {Ready True 0001-01-01 00:00:00 +0000 UTC 2018-09-17 07:25:19 +0000 UTC  } {ContainersReady True 0001-01-01 00:00:00 +0000 UTC 0001-01-01 00:00:00 +0000 UTC  } {PodScheduled True 0001-01-01 00:00:00 +0000 UTC 2018-09-17 07:24:14 +0000 UTC  }]&#xA;Sep 19 08:02:24.888: INFO: istio-ingressgateway-7bc96d6585-m567m                            10.46.6.173  Running           [{Initialized True 0001-01-01 00:00:00 +0000 UTC 2018-09-17 07:20:41 +0000 UTC  } {Ready True 0001-01-01 00:00:00 +0000 UTC 2018-09-17 07:21:43 +0000 UTC  } {ContainersReady True 0001-01-01 00:00:00 +0000 UTC 0001-01-01 00:00:00 +0000 UTC  } {PodScheduled True 0001-01-01 00:00:00 +0000 UTC 2018-09-17 07:20:41 +0000 UTC  }]&#xA;Sep 19 08:02:24.888: INFO: istio-ingressgateway-7bc96d6585-r98nr                            10.46.6.173  Running           [{Initialized True 0001-01-01 00:00:00 +0000 UTC 2018-09-17 07:28:10 +0000 UTC  } {Ready True 0001-01-01 00:00:00 +0000 UTC 2018-09-17 07:29:11 +0000 UTC  } {ContainersReady True 0001-01-01 00:00:00 +0000 UTC 0001-01-01 00:00:00 +0000 UTC  } {PodScheduled True 0001-01-01 00:00:00 +0000 UTC 2018-09-17 07:28:09 +0000 UTC  }]&#xA;Sep 19 08:02:24.888: INFO: istio-ingressgateway-7bc96d6585-smf45                            10.46.6.173  Running           [{Initialized True 0001-01-01 00:00:00 +0000 UTC 2018-09-17 07:17:28 +0000 UTC  } {Ready True 0001-01-01 00:00:00 +0000 UTC 2018-09-17 07:18:37 +0000 UTC  } {ContainersReady True 0001-01-01 00:00:00 +0000 UTC 0001-01-01 00:00:00 +0000 UTC  } {PodScheduled True 0001-01-01 00:00:00 +0000 UTC 2018-09-17 07:17:27 +0000 UTC  }]&#xA;Sep 19 08:02:24.888: INFO: istio-pilot-6cf9ccf474-kkb6j                                     10.46.6.173  Running           [{Initialized True 0001-01-01 00:00:00 +0000 UTC 2018-09-17 07:17:31 +0000 UTC  } {Ready True 0001-01-01 00:00:00 +0000 UTC 2018-09-17 07:19:28 +0000 UTC  } {ContainersReady True 0001-01-01 00:00:00 +0000 UTC 0001-01-01 00:00:00 +0000 UTC  } {PodScheduled True 0001-01-01 00:00:00 +0000 UTC 2018-09-17 07:17:27 +0000 UTC  }]&#xA;Sep 19 08:02:24.888: INFO: istio-policy-5b64d7fd64-5l2m9                                    10.46.6.173  Running           [{Initialized True 0001-01-01 00:00:00 +0000 UTC 2018-09-17 07:31:07 +0000 UTC  } {Ready True 0001-01-01 00:00:00 +0000 UTC 2018-09-17 07:31:51 +0000 UTC  } {ContainersReady True 0001-01-01 00:00:00 +0000 UTC 0001-01-01 00:00:00 +0000 UTC  } {PodScheduled True 0001-01-01 00:00:00 +0000 UTC 2018-09-17 07:31:06 +0000 UTC  }]&#xA;Sep 19 08:02:24.888: INFO: istio-policy-5b64d7fd64-fb4bc                                    10.46.6.173  Running           [{Initialized True 0001-01-01 00:00:00 +0000 UTC 2018-09-17 07:27:37 +0000 UTC  } {Ready True 0001-01-01 00:00:00 +0000 UTC 2018-09-17 07:28:39 +0000 UTC  } {ContainersReady True 0001-01-01 00:00:00 +0000 UTC 0001-01-01 00:00:00 +0000 UTC  } {PodScheduled True 0001-01-01 00:00:00 +0000 UTC 2018-09-17 07:27:36 +0000 UTC  }]&#xA;Sep 19 08:02:24.888: INFO: istio-policy-5b64d7fd64-jrlzt                                    10.46.6.173  Running           [{Initialized True 0001-01-01 00:00:00 +0000 UTC 2018-09-17 07:23:11 +0000 UTC  } {Ready True 0001-01-01 00:00:00 +0000 UTC 2018-09-17 07:24:08 +0000 UTC  } {ContainersReady True 0001-01-01 00:00:00 +0000 UTC 0001-01-01 00:00:00 +0000 UTC  } {PodScheduled True 0001-01-01 00:00:00 +0000 UTC 2018-09-17 07:23:10 +0000 UTC  }]&#xA;Sep 19 08:02:24.888: INFO: istio-policy-5b64d7fd64-pt9z2                                    10.46.6.173  Running           [{Initialized True 0001-01-01 00:00:00 +0000 UTC 2018-09-17 07:17:30 +0000 UTC  } {Ready True 0001-01-01 00:00:00 +0000 UTC 2018-09-17 07:19:02 +0000 UTC  } {ContainersReady True 0001-01-01 00:00:00 +0000 UTC 0001-01-01 00:00:00 +0000 UTC  } {PodScheduled True 0001-01-01 00:00:00 +0000 UTC 2018-09-17 07:17:27 +0000 UTC  }]&#xA;Sep 19 08:02:24.888: INFO: istio-policy-5b64d7fd64-z68j4                                    10.46.6.173  Running           [{Initialized True 0001-01-01 00:00:00 +0000 UTC 2018-09-17 07:19:38 +0000 UTC  } {Ready True 0001-01-01 00:00:00 +0000 UTC 2018-09-17 07:20:44 +0000 UTC  } {ContainersReady True 0001-01-01 00:00:00 +0000 UTC 0001-01-01 00:00:00 +0000 UTC  } {PodScheduled True 0001-01-01 00:00:00 +0000 UTC 2018-09-17 07:19:37 +0000 UTC  }]&#xA;Sep 19 08:02:24.888: INFO: istio-sidecar-injector-86d554f5f7-d57zk                          10.46.6.173  Running           [{Initialized True 0001-01-01 00:00:00 +0000 UTC 2018-09-17 07:17:32 +0000 UTC  } {Ready True 0001-01-01 00:00:00 +0000 UTC 2018-09-17 07:18:41 +0000 UTC  } {ContainersReady True 0001-01-01 00:00:00 +0000 UTC 0001-01-01 00:00:00 +0000 UTC  } {PodScheduled True 0001-01-01 00:00:00 +0000 UTC 2018-09-17 07:17:29 +0000 UTC  }]&#xA;Sep 19 08:02:24.888: INFO: istio-statsd-prom-bridge-66cb69b666-p76m8                        10.46.6.173  Running           [{Initialized True 0001-01-01 00:00:00 +0000 UTC 2018-09-17 07:17:29 +0000 UTC  } {Ready True 0001-01-01 00:00:00 +0000 UTC 2018-09-17 07:18:32 +0000 UTC  } {ContainersReady True 0001-01-01 00:00:00 +0000 UTC 0001-01-01 00:00:00 +0000 UTC  } {PodScheduled True 0001-01-01 00:00:00 +0000 UTC 2018-09-17 07:17:27 +0000 UTC  }]&#xA;Sep 19 08:02:24.888: INFO: istio-telemetry-8b5964dc7-9q67f                                  10.46.6.173  Running           [{Initialized True 0001-01-01 00:00:00 +0000 UTC 2018-09-17 07:31:08 +0000 UTC  } {Ready True 0001-01-01 00:00:00 +0000 UTC 2018-09-17 07:32:00 +0000 UTC  } {ContainersReady True 0001-01-01 00:00:00 +0000 UTC 0001-01-01 00:00:00 +0000 UTC  } {PodScheduled True 0001-01-01 00:00:00 +0000 UTC 2018-09-17 07:31:07 +0000 UTC  }]&#xA;Sep 19 08:02:24.888: INFO: istio-telemetry-8b5964dc7-hcf6d                                  10.46.6.173  Running           [{Initialized True 0001-01-01 00:00:00 +0000 UTC 2018-09-17 07:17:29 +0000 UTC  } {Ready True 0001-01-01 00:00:00 +0000 UTC 2018-09-17 07:18:56 +0000 UTC  } {ContainersReady True 0001-01-01 00:00:00 +0000 UTC 0001-01-01 00:00:00 +0000 UTC  } {PodScheduled True 0001-01-01 00:00:00 +0000 UTC 2018-09-17 07:17:27 +0000 UTC  }]&#xA;Sep 19 08:02:24.889: INFO: istio-telemetry-8b5964dc7-nw9kk                                  10.46.6.173  Running           [{Initialized True 0001-01-01 00:00:00 +0000 UTC 2018-09-17 07:23:11 +0000 UTC  } {Ready True 0001-01-01 00:00:00 +0000 UTC 2018-09-17 07:24:19 +0000 UTC  } {ContainersReady True 0001-01-01 00:00:00 +0000 UTC 0001-01-01 00:00:00 +0000 UTC  } {PodScheduled True 0001-01-01 00:00:00 +0000 UTC 2018-09-17 07:23:10 +0000 UTC  }]&#xA;Sep 19 08:02:24.889: INFO: istio-telemetry-8b5964dc7-rfswc                                  10.46.6.173  Running           [{Initialized True 0001-01-01 00:00:00 +0000 UTC 2018-09-17 07:19:39 +0000 UTC  } {Ready True 0001-01-01 00:00:00 +0000 UTC 2018-09-17 07:20:38 +0000 UTC  } {ContainersReady True 0001-01-01 00:00:00 +0000 UTC 0001-01-01 00:00:00 +0000 UTC  } {PodScheduled True 0001-01-01 00:00:00 +0000 UTC 2018-09-17 07:19:38 +0000 UTC  }]&#xA;Sep 19 08:02:24.889: INFO: istio-telemetry-8b5964dc7-vjqbq                                  10.46.6.173  Running           [{Initialized True 0001-01-01 00:00:00 +0000 UTC 2018-09-17 07:27:36 +0000 UTC  } {Ready True 0001-01-01 00:00:00 +0000 UTC 2018-09-17 07:28:21 +0000 UTC  } {ContainersReady True 0001-01-01 00:00:00 +0000 UTC 0001-01-01 00:00:00 +0000 UTC  } {PodScheduled True 0001-01-01 00:00:00 +0000 UTC 2018-09-17 07:27:36 +0000 UTC  }]&#xA;Sep 19 08:02:24.889: INFO: istio-tracing-77ccfc8844-79ngl                                   10.46.6.173  Running           [{Initialized True 0001-01-01 00:00:00 +0000 UTC 2018-09-17 07:17:32 +0000 UTC  } {Ready True 0001-01-01 00:00:00 +0000 UTC 2018-09-17 07:18:08 +0000 UTC  } {ContainersReady True 0001-01-01 00:00:00 +0000 UTC 0001-01-01 00:00:00 +0000 UTC  } {PodScheduled True 0001-01-01 00:00:00 +0000 UTC 2018-09-17 07:17:29 +0000 UTC  }]&#xA;Sep 19 08:02:24.889: INFO: kiali-7f8c59df94-25qmq                                           10.46.6.173  Running           [{Initialized True 0001-01-01 00:00:00 +0000 UTC 2018-09-17 07:17:27 +0000 UTC  } {Ready True 0001-01-01 00:00:00 +0000 UTC 2018-09-17 07:17:56 +0000 UTC  } {ContainersReady True 0001-01-01 00:00:00 +0000 UTC 0001-01-01 00:00:00 +0000 UTC  } {PodScheduled True 0001-01-01 00:00:00 +0000 UTC 2018-09-17 07:17:27 +0000 UTC  }]&#xA;Sep 19 08:02:24.889: INFO: prometheus-6f98d89664-wh7pb                                      10.46.6.173  Running           [{Initialized True 0001-01-01 00:00:00 +0000 UTC 2018-09-17 07:17:31 +0000 UTC  } {Ready True 0001-01-01 00:00:00 +0000 UTC 2018-09-17 07:17:57 +0000 UTC  } {ContainersReady True 0001-01-01 00:00:00 +0000 UTC 0001-01-01 00:00:00 +0000 UTC  } {PodScheduled True 0001-01-01 00:00:00 +0000 UTC 2018-09-17 07:17:28 +0000 UTC  }]&#xA;Sep 19 08:02:24.889: INFO: servicegraph-85578d8fc6-m62z4                                    10.46.6.173  Running           [{Initialized True 0001-01-01 00:00:00 +0000 UTC 2018-09-17 07:17:32 +0000 UTC  } {Ready True 0001-01-01 00:00:00 +0000 UTC 2018-09-17 07:18:22 +0000 UTC  } {ContainersReady True 0001-01-01 00:00:00 +0000 UTC 0001-01-01 00:00:00 +0000 UTC  } {PodScheduled True 0001-01-01 00:00:00 +0000 UTC 2018-09-17 07:17:28 +0000 UTC  }]&#xA;Sep 19 08:02:24.889: INFO: audit-logging-fluentd-ds-4cgnk                                   10.46.6.170  Running           [{Initialized True 0001-01-01 00:00:00 +0000 UTC 2018-09-17 07:18:46 +0000 UTC  } {Ready True 0001-01-01 00:00:00 +0000 UTC 2018-09-17 07:18:50 +0000 UTC  } {ContainersReady True 0001-01-01 00:00:00 +0000 UTC 0001-01-01 00:00:00 +0000 UTC  } {PodScheduled True 0001-01-01 00:00:00 +0000 UTC 2018-09-17 07:18:46 +0000 UTC  }]&#xA;Sep 19 08:02:24.889: INFO: audit-logging-fluentd-ds-8bh4t                                   10.46.6.172  Running           [{Initialized True 0001-01-01 00:00:00 +0000 UTC 2018-09-17 07:18:46 +0000 UTC  } {Ready True 0001-01-01 00:00:00 +0000 UTC 2018-09-17 07:18:56 +0000 UTC  } {ContainersReady True 0001-01-01 00:00:00 +0000 UTC 0001-01-01 00:00:00 +0000 UTC  } {PodScheduled True 0001-01-01 00:00:00 +0000 UTC 2018-09-17 07:18:46 +0000 UTC  }]&#xA;Sep 19 08:02:24.889: INFO: audit-logging-fluentd-ds-bc22k                                   10.46.6.171  Running           [{Initialized True 0001-01-01 00:00:00 +0000 UTC 2018-09-17 07:18:46 +0000 UTC  } {Ready True 0001-01-01 00:00:00 +0000 UTC 2018-09-17 07:18:56 +0000 UTC  } {ContainersReady True 0001-01-01 00:00:00 +0000 UTC 0001-01-01 00:00:00 +0000 UTC  } {PodScheduled True 0001-01-01 00:00:00 +0000 UTC 2018-09-17 07:18:46 +0000 UTC  }]&#xA;Sep 19 08:02:24.889: INFO: audit-logging-fluentd-ds-dhcg6                                   10.46.6.173  Running           [{Initialized True 0001-01-01 00:00:00 +0000 UTC 2018-09-17 07:18:46 +0000 UTC  } {Ready True 0001-01-01 00:00:00 +0000 UTC 2018-09-17 07:19:00 +0000 UTC  } {ContainersReady True 0001-01-01 00:00:00 +0000 UTC 0001-01-01 00:00:00 +0000 UTC  } {PodScheduled True 0001-01-01 00:00:00 +0000 UTC 2018-09-17 07:18:46 +0000 UTC  }]&#xA;Sep 19 08:02:24.889: INFO: auth-apikeys-x45mz                                               10.46.6.173  Running           [{Initialized True 0001-01-01 00:00:00 +0000 UTC 2018-09-17 07:10:12 +0000 UTC  } {Ready True 0001-01-01 00:00:00 +0000 UTC 2018-09-17 07:11:25 +0000 UTC  } {ContainersReady True 0001-01-01 00:00:00 +0000 UTC 0001-01-01 00:00:00 +0000 UTC  } {PodScheduled True 0001-01-01 00:00:00 +0000 UTC 2018-09-17 07:10:12 +0000 UTC  }]&#xA;Sep 19 08:02:24.889: INFO: auth-idp-kjpmx                                                   10.46.6.173  Running           [{Initialized True 0001-01-01 00:00:00 +0000 UTC 2018-09-17 07:10:19 +0000 UTC  } {Ready True 0001-01-01 00:00:00 +0000 UTC 2018-09-19 07:05:52 +0000 UTC  } {ContainersReady True 0001-01-01 00:00:00 +0000 UTC 0001-01-01 00:00:00 +0000 UTC  } {PodScheduled True 0001-01-01 00:00:00 +0000 UTC 2018-09-17 07:10:04 +0000 UTC  }]&#xA;Sep 19 08:02:24.889: INFO: auth-pap-qb5m2                                                   10.46.6.173  Running           [{Initialized True 0001-01-01 00:00:00 +0000 UTC 2018-09-17 07:10:20 +0000 UTC  } {Ready True 0001-01-01 00:00:00 +0000 UTC 2018-09-17 07:10:46 +0000 UTC  } {ContainersReady True 0001-01-01 00:00:00 +0000 UTC 0001-01-01 00:00:00 +0000 UTC  } {PodScheduled True 0001-01-01 00:00:00 +0000 UTC 2018-09-17 07:10:20 +0000 UTC  }]&#xA;Sep 19 08:02:24.889: INFO: auth-pdp-tk2jm                                                   10.46.6.173  Running           [{Initialized True 0001-01-01 00:00:00 +0000 UTC 2018-09-17 07:13:08 +0000 UTC  } {Ready True 0001-01-01 00:00:00 +0000 UTC 2018-09-17 07:13:19 +0000 UTC  } {ContainersReady True 0001-01-01 00:00:00 +0000 UTC 0001-01-01 00:00:00 +0000 UTC  } {PodScheduled True 0001-01-01 00:00:00 +0000 UTC 2018-09-17 07:10:28 +0000 UTC  }]&#xA;Sep 19 08:02:24.889: INFO: calico-kube-controllers-dcb8cc97c-gtsqp                          10.46.6.173  Running           [{Initialized True 0001-01-01 00:00:00 +0000 UTC 2018-09-17 07:05:53 +0000 UTC  } {Ready True 0001-01-01 00:00:00 +0000 UTC 2018-09-17 07:06:04 +0000 UTC  } {ContainersReady True 0001-01-01 00:00:00 +0000 UTC 0001-01-01 00:00:00 +0000 UTC  } {PodScheduled True 0001-01-01 00:00:00 +0000 UTC 2018-09-17 07:05:53 +0000 UTC  }]&#xA;Sep 19 08:02:24.889: INFO: calico-node-gpm2c                                                10.46.6.171  Running           [{Initialized True 0001-01-01 00:00:00 +0000 UTC 2018-09-17 07:05:53 +0000 UTC  } {Ready True 0001-01-01 00:00:00 +0000 UTC 2018-09-17 07:06:11 +0000 UTC  } {ContainersReady True 0001-01-01 00:00:00 +0000 UTC 0001-01-01 00:00:00 +0000 UTC  } {PodScheduled True 0001-01-01 00:00:00 +0000 UTC 2018-09-17 07:05:53 +0000 UTC  }]&#xA;Sep 19 08:02:24.889: INFO: calico-node-htf97                                                10.46.6.170  Running           [{Initialized True 0001-01-01 00:00:00 +0000 UTC 2018-09-17 07:05:53 +0000 UTC  } {Ready True 0001-01-01 00:00:00 +0000 UTC 2018-09-17 07:06:14 +0000 UTC  } {ContainersReady True 0001-01-01 00:00:00 +0000 UTC 0001-01-01 00:00:00 +0000 UTC  } {PodScheduled True 0001-01-01 00:00:00 +0000 UTC 2018-09-17 07:05:53 +0000 UTC  }]&#xA;Sep 19 08:02:24.889: INFO: calico-node-m7d5t                                                10.46.6.173  Running           [{Initialized True 0001-01-01 00:00:00 +0000 UTC 2018-09-17 07:05:54 +0000 UTC  } {Ready True 0001-01-01 00:00:00 +0000 UTC 2018-09-17 07:06:15 +0000 UTC  } {ContainersReady True 0001-01-01 00:00:00 +0000 UTC 0001-01-01 00:00:00 +0000 UTC  } {PodScheduled True 0001-01-01 00:00:00 +0000 UTC 2018-09-17 07:05:54 +0000 UTC  }]&#xA;Sep 19 08:02:24.889: INFO: calico-node-wsknj                                                10.46.6.172  Running           [{Initialized True 0001-01-01 00:00:00 +0000 UTC 2018-09-17 07:05:53 +0000 UTC  } {Ready True 0001-01-01 00:00:00 +0000 UTC 2018-09-17 07:06:17 +0000 UTC  } {ContainersReady True 0001-01-01 00:00:00 +0000 UTC 0001-01-01 00:00:00 +0000 UTC  } {PodScheduled True 0001-01-01 00:00:00 +0000 UTC 2018-09-17 07:05:53 +0000 UTC  }]&#xA;Sep 19 08:02:24.889: INFO: catalog-ui-5rtkh                                                 10.46.6.173  Running           [{Initialized True 0001-01-01 00:00:00 +0000 UTC 2018-09-17 07:15:57 +0000 UTC  } {Ready True 0001-01-01 00:00:00 +0000 UTC 2018-09-17 07:16:11 +0000 UTC  } {ContainersReady True 0001-01-01 00:00:00 +0000 UTC 0001-01-01 00:00:00 +0000 UTC  } {PodScheduled True 0001-01-01 00:00:00 +0000 UTC 2018-09-17 07:15:57 +0000 UTC  }]&#xA;Sep 19 08:02:24.889: INFO: custom-metrics-adapter-64f64964b4-f9gmc                          10.46.6.171  Running           [{Initialized True 0001-01-01 00:00:00 +0000 UTC 2018-09-17 07:17:13 +0000 UTC  } {Ready True 0001-01-01 00:00:00 +0000 UTC 2018-09-17 07:17:51 +0000 UTC  } {ContainersReady True 0001-01-01 00:00:00 +0000 UTC 0001-01-01 00:00:00 +0000 UTC  } {PodScheduled True 0001-01-01 00:00:00 +0000 UTC 2018-09-17 07:14:28 +0000 UTC  }]&#xA;Sep 19 08:02:24.889: INFO: default-backend-54966589c4-4d47g                                 10.46.6.173  Running           [{Initialized True 0001-01-01 00:00:00 +0000 UTC 2018-09-17 07:08:29 +0000 UTC  } {Ready True 0001-01-01 00:00:00 +0000 UTC 2018-09-17 07:08:40 +0000 UTC  } {ContainersReady True 0001-01-01 00:00:00 +0000 UTC 0001-01-01 00:00:00 +0000 UTC  } {PodScheduled True 0001-01-01 00:00:00 +0000 UTC 2018-09-17 07:08:28 +0000 UTC  }]&#xA;Sep 19 08:02:24.889: INFO: heapster-69b486565b-nt26r                                        10.46.6.173  Running           [{Initialized True 0001-01-01 00:00:00 +0000 UTC 2018-09-17 07:13:48 +0000 UTC  } {Ready True 0001-01-01 00:00:00 +0000 UTC 2018-09-17 07:13:58 +0000 UTC  } {ContainersReady True 0001-01-01 00:00:00 +0000 UTC 0001-01-01 00:00:00 +0000 UTC  } {PodScheduled True 0001-01-01 00:00:00 +0000 UTC 2018-09-17 07:13:48 +0000 UTC  }]&#xA;Sep 19 08:02:24.889: INFO: helm-api-fdd886877-6pwm8                                         10.46.6.173  Running           [{Initialized True 0001-01-01 00:00:00 +0000 UTC 2018-09-17 07:16:36 +0000 UTC  } {Ready True 0001-01-01 00:00:00 +0000 UTC 2018-09-17 07:16:58 +0000 UTC  } {ContainersReady True 0001-01-01 00:00:00 +0000 UTC 0001-01-01 00:00:00 +0000 UTC  } {PodScheduled True 0001-01-01 00:00:00 +0000 UTC 2018-09-17 07:16:35 +0000 UTC  }]&#xA;Sep 19 08:02:24.889: INFO: helm-repo-5649f57447-wwdn4                                       10.46.6.173  Running           [{Initialized True 0001-01-01 00:00:00 +0000 UTC 2018-09-17 07:14:04 +0000 UTC  } {Ready True 0001-01-01 00:00:00 +0000 UTC 2018-09-17 07:14:40 +0000 UTC  } {ContainersReady True 0001-01-01 00:00:00 +0000 UTC 0001-01-01 00:00:00 +0000 UTC  } {PodScheduled True 0001-01-01 00:00:00 +0000 UTC 2018-09-17 07:13:53 +0000 UTC  }]&#xA;Sep 19 08:02:24.889: INFO: ibmcloud-image-enforcement-76ddccbf9f-kqmlb                      10.46.6.171  Running           [{Initialized True 0001-01-01 00:00:00 +0000 UTC 2018-09-17 07:14:02 +0000 UTC  } {Ready True 0001-01-01 00:00:00 +0000 UTC 2018-09-17 07:14:07 +0000 UTC  } {ContainersReady True 0001-01-01 00:00:00 +0000 UTC 0001-01-01 00:00:00 +0000 UTC  } {PodScheduled True 0001-01-01 00:00:00 +0000 UTC 2018-09-17 07:14:02 +0000 UTC  }]&#xA;Sep 19 08:02:24.889: INFO: icp-management-ingress-x6qn8                                     10.46.6.173  Running           [{Initialized True 0001-01-01 00:00:00 +0000 UTC 2018-09-17 07:10:36 +0000 UTC  } {Ready True 0001-01-01 00:00:00 +0000 UTC 2018-09-17 07:10:48 +0000 UTC  } {ContainersReady True 0001-01-01 00:00:00 +0000 UTC 0001-01-01 00:00:00 +0000 UTC  } {PodScheduled True 0001-01-01 00:00:00 +0000 UTC 2018-09-17 07:10:36 +0000 UTC  }]&#xA;Sep 19 08:02:24.889: INFO: icp-mongodb-0                                                    10.46.6.173  Running           [{Initialized True 0001-01-01 00:00:00 +0000 UTC 2018-09-17 07:09:00 +0000 UTC  } {Ready True 0001-01-01 00:00:00 +0000 UTC 2018-09-17 07:09:17 +0000 UTC  } {ContainersReady True 0001-01-01 00:00:00 +0000 UTC 0001-01-01 00:00:00 +0000 UTC  } {PodScheduled True 0001-01-01 00:00:00 +0000 UTC 2018-09-17 07:07:41 +0000 UTC  }]&#xA;Sep 19 08:02:24.889: INFO: image-manager-0                                                  10.46.6.173  Running           [{Initialized True 0001-01-01 00:00:00 +0000 UTC 2018-09-17 06:38:56 +0000 UTC  } {Ready True 0001-01-01 00:00:00 +0000 UTC 2018-09-17 06:39:08 +0000 UTC  } {ContainersReady True 0001-01-01 00:00:00 +0000 UTC 0001-01-01 00:00:00 +0000 UTC  } {PodScheduled True 0001-01-01 00:00:00 +0000 UTC 2018-09-17 06:38:56 +0000 UTC  }]&#xA;Sep 19 08:02:24.889: INFO: k8s-etcd-10.46.6.173                                             10.46.6.173  Running           [{Initialized True 0001-01-01 00:00:00 +0000 UTC 2018-09-17 06:35:49 +0000 UTC  } {Ready True 0001-01-01 00:00:00 +0000 UTC 2018-09-17 06:35:54 +0000 UTC  } {ContainersReady True 0001-01-01 00:00:00 +0000 UTC 0001-01-01 00:00:00 +0000 UTC  } {PodScheduled True 0001-01-01 00:00:00 +0000 UTC 2018-09-17 06:35:49 +0000 UTC  }]&#xA;Sep 19 08:02:24.890: INFO: k8s-master-10.46.6.173                                           10.46.6.173  Running           [{Initialized True 0001-01-01 00:00:00 +0000 UTC 2018-09-17 06:37:18 +0000 UTC  } {Ready True 0001-01-01 00:00:00 +0000 UTC 2018-09-17 06:37:26 +0000 UTC  } {ContainersReady True 0001-01-01 00:00:00 +0000 UTC 0001-01-01 00:00:00 +0000 UTC  } {PodScheduled True 0001-01-01 00:00:00 +0000 UTC 2018-09-17 06:37:18 +0000 UTC  }]&#xA;Sep 19 08:02:24.890: INFO: k8s-proxy-10.46.6.170                                            10.46.6.170  Running           [{Initialized True 0001-01-01 00:00:00 +0000 UTC 2018-09-17 07:05:43 +0000 UTC  } {Ready True 0001-01-01 00:00:00 +0000 UTC 2018-09-17 07:05:46 +0000 UTC  } {ContainersReady True 0001-01-01 00:00:00 +0000 UTC 0001-01-01 00:00:00 +0000 UTC  } {PodScheduled True 0001-01-01 00:00:00 +0000 UTC 2018-09-17 07:05:43 +0000 UTC  }]&#xA;Sep 19 08:02:24.890: INFO: k8s-proxy-10.46.6.171                                            10.46.6.171  Running           [{Initialized True 0001-01-01 00:00:00 +0000 UTC 2018-09-17 07:05:44 +0000 UTC  } {Ready True 0001-01-01 00:00:00 +0000 UTC 2018-09-17 07:05:46 +0000 UTC  } {ContainersReady True 0001-01-01 00:00:00 +0000 UTC 0001-01-01 00:00:00 +0000 UTC  } {PodScheduled True 0001-01-01 00:00:00 +0000 UTC 2018-09-17 07:05:44 +0000 UTC  }]&#xA;Sep 19 08:02:24.890: INFO: k8s-proxy-10.46.6.172                                            10.46.6.172  Running           [{Initialized True 0001-01-01 00:00:00 +0000 UTC 2018-09-17 07:05:44 +0000 UTC  } {Ready True 0001-01-01 00:00:00 +0000 UTC 2018-09-17 07:05:48 +0000 UTC  } {ContainersReady True 0001-01-01 00:00:00 +0000 UTC 0001-01-01 00:00:00 +0000 UTC  } {PodScheduled True 0001-01-01 00:00:00 +0000 UTC 2018-09-17 07:05:44 +0000 UTC  }]&#xA;Sep 19 08:02:24.890: INFO: k8s-proxy-10.46.6.173                                            10.46.6.173  Running           [{Initialized True 0001-01-01 00:00:00 +0000 UTC 2018-09-17 06:35:45 +0000 UTC  } {Ready True 0001-01-01 00:00:00 +0000 UTC 2018-09-17 06:35:50 +0000 UTC  } {ContainersReady True 0001-01-01 00:00:00 +0000 UTC 0001-01-01 00:00:00 +0000 UTC  } {PodScheduled True 0001-01-01 00:00:00 +0000 UTC 2018-09-17 06:35:45 +0000 UTC  }]&#xA;Sep 19 08:02:24.890: INFO: kube-dns-mwjc8                                                   10.46.6.173  Running           [{Initialized True 0001-01-01 00:00:00 +0000 UTC 2018-09-17 07:06:10 +0000 UTC  } {Ready True 0001-01-01 00:00:00 +0000 UTC 2018-09-17 07:06:18 +0000 UTC  } {ContainersReady True 0001-01-01 00:00:00 +0000 UTC 0001-01-01 00:00:00 +0000 UTC  } {PodScheduled True 0001-01-01 00:00:00 +0000 UTC 2018-09-17 07:06:10 +0000 UTC  }]&#xA;Sep 19 08:02:24.890: INFO: logging-elk-client-75d4d7994c-7g7fn                              10.46.6.171  Running           [{Initialized True 0001-01-01 00:00:00 +0000 UTC 2018-09-17 07:15:40 +0000 UTC  } {Ready True 0001-01-01 00:00:00 +0000 UTC 2018-09-17 07:16:22 +0000 UTC  } {ContainersReady True 0001-01-01 00:00:00 +0000 UTC 0001-01-01 00:00:00 +0000 UTC  } {PodScheduled True 0001-01-01 00:00:00 +0000 UTC 2018-09-17 07:15:20 +0000 UTC  }]&#xA;Sep 19 08:02:24.890: INFO: logging-elk-data-0                                               10.46.6.171  Running           [{Initialized True 0001-01-01 00:00:00 +0000 UTC 2018-09-17 07:15:47 +0000 UTC  } {Ready True 0001-01-01 00:00:00 +0000 UTC 2018-09-17 07:16:16 +0000 UTC  } {ContainersReady True 0001-01-01 00:00:00 +0000 UTC 0001-01-01 00:00:00 +0000 UTC  } {PodScheduled True 0001-01-01 00:00:00 +0000 UTC 2018-09-17 07:15:20 +0000 UTC  }]&#xA;Sep 19 08:02:24.890: INFO: logging-elk-elasticsearch-tls-init-6hnl4                         10.46.6.171  Succeeded         [{Initialized True 0001-01-01 00:00:00 +0000 UTC 2018-09-17 07:15:20 +0000 UTC PodCompleted } {Ready False 0001-01-01 00:00:00 +0000 UTC 2018-09-17 07:17:46 +0000 UTC PodCompleted } {ContainersReady False 0001-01-01 00:00:00 +0000 UTC 0001-01-01 00:00:00 +0000 UTC PodCompleted } {PodScheduled True 0001-01-01 00:00:00 +0000 UTC 2018-09-17 07:15:20 +0000 UTC  }]&#xA;Sep 19 08:02:24.890: INFO: logging-elk-filebeat-ds-bs86r                                    10.46.6.171  Running           [{Initialized True 0001-01-01 00:00:00 +0000 UTC 2018-09-17 07:15:20 +0000 UTC  } {Ready True 0001-01-01 00:00:00 +0000 UTC 2018-09-17 07:15:42 +0000 UTC  } {ContainersReady True 0001-01-01 00:00:00 +0000 UTC 0001-01-01 00:00:00 +0000 UTC  } {PodScheduled True 0001-01-01 00:00:00 +0000 UTC 2018-09-17 07:15:20 +0000 UTC  }]&#xA;Sep 19 08:02:24.890: INFO: logging-elk-filebeat-ds-jtd5q                                    10.46.6.170  Running           [{Initialized True 0001-01-01 00:00:00 +0000 UTC 2018-09-17 07:15:20 +0000 UTC  } {Ready True 0001-01-01 00:00:00 +0000 UTC 2018-09-17 07:15:37 +0000 UTC  } {ContainersReady True 0001-01-01 00:00:00 +0000 UTC 0001-01-01 00:00:00 +0000 UTC  } {PodScheduled True 0001-01-01 00:00:00 +0000 UTC 2018-09-17 07:15:20 +0000 UTC  }]&#xA;Sep 19 08:02:24.890: INFO: logging-elk-filebeat-ds-qf2vz                                    10.46.6.173  Running           [{Initialized True 0001-01-01 00:00:00 +0000 UTC 2018-09-17 07:15:20 +0000 UTC  } {Ready True 0001-01-01 00:00:00 +0000 UTC 2018-09-17 07:15:39 +0000 UTC  } {ContainersReady True 0001-01-01 00:00:00 +0000 UTC 0001-01-01 00:00:00 +0000 UTC  } {PodScheduled True 0001-01-01 00:00:00 +0000 UTC 2018-09-17 07:15:20 +0000 UTC  }]&#xA;Sep 19 08:02:24.890: INFO: logging-elk-filebeat-ds-vpk48                                    10.46.6.172  Running           [{Initialized True 0001-01-01 00:00:00 +0000 UTC 2018-09-17 07:15:20 +0000 UTC  } {Ready True 0001-01-01 00:00:00 +0000 UTC 2018-09-17 07:15:39 +0000 UTC  } {ContainersReady True 0001-01-01 00:00:00 +0000 UTC 0001-01-01 00:00:00 +0000 UTC  } {PodScheduled True 0001-01-01 00:00:00 +0000 UTC 2018-09-17 07:15:20 +0000 UTC  }]&#xA;Sep 19 08:02:24.890: INFO: logging-elk-kibana-ff4db4866-s2295                               10.46.6.171  Running           [{Initialized True 0001-01-01 00:00:00 +0000 UTC 2018-09-17 07:15:21 +0000 UTC  } {Ready True 0001-01-01 00:00:00 +0000 UTC 2018-09-17 07:15:45 +0000 UTC  } {ContainersReady True 0001-01-01 00:00:00 +0000 UTC 0001-01-01 00:00:00 +0000 UTC  } {PodScheduled True 0001-01-01 00:00:00 +0000 UTC 2018-09-17 07:15:21 +0000 UTC  }]&#xA;Sep 19 08:02:24.890: INFO: logging-elk-logstash-7994656f46-r89mt                            10.46.6.171  Running           [{Initialized True 0001-01-01 00:00:00 +0000 UTC 2018-09-17 07:15:22 +0000 UTC  } {Ready True 0001-01-01 00:00:00 +0000 UTC 2018-09-17 07:16:16 +0000 UTC  } {ContainersReady True 0001-01-01 00:00:00 +0000 UTC 0001-01-01 00:00:00 +0000 UTC  } {PodScheduled True 0001-01-01 00:00:00 +0000 UTC 2018-09-17 07:15:21 +0000 UTC  }]&#xA;Sep 19 08:02:24.890: INFO: logging-elk-master-6cdcf45f7d-gp28f                              10.46.6.171  Running           [{Initialized True 0001-01-01 00:00:00 +0000 UTC 2018-09-17 07:15:47 +0000 UTC  } {Ready True 0001-01-01 00:00:00 +0000 UTC 2018-09-17 07:16:16 +0000 UTC  } {ContainersReady True 0001-01-01 00:00:00 +0000 UTC 0001-01-01 00:00:00 +0000 UTC  } {PodScheduled True 0001-01-01 00:00:00 +0000 UTC 2018-09-17 07:15:21 +0000 UTC  }]&#xA;Sep 19 08:02:24.890: INFO: mariadb-0                                                        10.46.6.173  Running           [{Initialized True 0001-01-01 00:00:00 +0000 UTC 2018-09-17 07:08:38 +0000 UTC  } {Ready True 0001-01-01 00:00:00 +0000 UTC 2018-09-17 07:09:15 +0000 UTC  } {ContainersReady True 0001-01-01 00:00:00 +0000 UTC 0001-01-01 00:00:00 +0000 UTC  } {PodScheduled True 0001-01-01 00:00:00 +0000 UTC 2018-09-17 07:08:37 +0000 UTC  }]&#xA;Sep 19 08:02:24.890: INFO: metering-dm-8b475fc57-cmm6h                                      10.46.6.171  Running           [{Initialized True 0001-01-01 00:00:00 +0000 UTC 2018-09-17 07:14:20 +0000 UTC  } {Ready True 0001-01-01 00:00:00 +0000 UTC 2018-09-17 07:14:49 +0000 UTC  } {ContainersReady True 0001-01-01 00:00:00 +0000 UTC 0001-01-01 00:00:00 +0000 UTC  } {PodScheduled True 0001-01-01 00:00:00 +0000 UTC 2018-09-17 07:14:12 +0000 UTC  }]&#xA;Sep 19 08:02:24.890: INFO: metering-reader-44wd7                                            10.46.6.170  Running           [{Initialized True 0001-01-01 00:00:00 +0000 UTC 2018-09-17 07:14:20 +0000 UTC  } {Ready True 0001-01-01 00:00:00 +0000 UTC 2018-09-17 07:14:46 +0000 UTC  } {ContainersReady True 0001-01-01 00:00:00 +0000 UTC 0001-01-01 00:00:00 +0000 UTC  } {PodScheduled True 0001-01-01 00:00:00 +0000 UTC 2018-09-17 07:14:11 +0000 UTC  }]&#xA;Sep 19 08:02:24.890: INFO: metering-reader-gsrdg                                            10.46.6.172  Running           [{Initialized True 0001-01-01 00:00:00 +0000 UTC 2018-09-17 07:14:23 +0000 UTC  } {Ready True 0001-01-01 00:00:00 +0000 UTC 2018-09-17 07:14:52 +0000 UTC  } {ContainersReady True 0001-01-01 00:00:00 +0000 UTC 0001-01-01 00:00:00 +0000 UTC  } {PodScheduled True 0001-01-01 00:00:00 +0000 UTC 2018-09-17 07:14:11 +0000 UTC  }]&#xA;Sep 19 08:02:24.890: INFO: metering-reader-l7284                                            10.46.6.173  Running           [{Initialized True 0001-01-01 00:00:00 +0000 UTC 2018-09-17 07:14:24 +0000 UTC  } {Ready True 0001-01-01 00:00:00 +0000 UTC 2018-09-17 07:14:45 +0000 UTC  } {ContainersReady True 0001-01-01 00:00:00 +0000 UTC 0001-01-01 00:00:00 +0000 UTC  } {PodScheduled True 0001-01-01 00:00:00 +0000 UTC 2018-09-17 07:14:11 +0000 UTC  }]&#xA;Sep 19 08:02:24.890: INFO: metering-reader-xq8f2                                            10.46.6.171  Running           [{Initialized True 0001-01-01 00:00:00 +0000 UTC 2018-09-17 07:14:23 +0000 UTC  } {Ready True 0001-01-01 00:00:00 +0000 UTC 2018-09-17 07:14:55 +0000 UTC  } {ContainersReady True 0001-01-01 00:00:00 +0000 UTC 0001-01-01 00:00:00 +0000 UTC  } {PodScheduled True 0001-01-01 00:00:00 +0000 UTC 2018-09-17 07:14:11 +0000 UTC  }]&#xA;Sep 19 08:02:24.890: INFO: metering-ui-5bbfbb5d49-wkh8m                                     10.46.6.171  Running           [{Initialized True 0001-01-01 00:00:00 +0000 UTC 2018-09-17 07:14:22 +0000 UTC  } {Ready True 0001-01-01 00:00:00 +0000 UTC 2018-09-17 07:14:55 +0000 UTC  } {ContainersReady True 0001-01-01 00:00:00 +0000 UTC 0001-01-01 00:00:00 +0000 UTC  } {PodScheduled True 0001-01-01 00:00:00 +0000 UTC 2018-09-17 07:14:12 +0000 UTC  }]&#xA;Sep 19 08:02:24.890: INFO: metrics-server-6d6695f9db-8t4xs                                  10.46.6.171  Running           [{Initialized True 0001-01-01 00:00:00 +0000 UTC 2018-09-17 07:08:51 +0000 UTC  } {Ready True 0001-01-01 00:00:00 +0000 UTC 2018-09-17 07:08:55 +0000 UTC  } {ContainersReady True 0001-01-01 00:00:00 +0000 UTC 0001-01-01 00:00:00 +0000 UTC  } {PodScheduled True 0001-01-01 00:00:00 +0000 UTC 2018-09-17 07:08:51 +0000 UTC  }]&#xA;Sep 19 08:02:24.890: INFO: mgmt-repo-57dc689b74-tmp44                                       10.46.6.173  Running           [{Initialized True 0001-01-01 00:00:00 +0000 UTC 2018-09-17 07:18:10 +0000 UTC  } {Ready True 0001-01-01 00:00:00 +0000 UTC 2018-09-17 07:18:54 +0000 UTC  } {ContainersReady True 0001-01-01 00:00:00 +0000 UTC 0001-01-01 00:00:00 +0000 UTC  } {PodScheduled True 0001-01-01 00:00:00 +0000 UTC 2018-09-17 07:17:50 +0000 UTC  }]&#xA;Sep 19 08:02:24.890: INFO: monitoring-grafana-548b947c8c-dh89z                              10.46.6.171  Running           [{Initialized True 0001-01-01 00:00:00 +0000 UTC 2018-09-17 07:16:14 +0000 UTC  } {Ready True 0001-01-01 00:00:00 +0000 UTC 2018-09-17 07:16:59 +0000 UTC  } {ContainersReady True 0001-01-01 00:00:00 +0000 UTC 0001-01-01 00:00:00 +0000 UTC  } {PodScheduled True 0001-01-01 00:00:00 +0000 UTC 2018-09-17 07:15:46 +0000 UTC  }]&#xA;Sep 19 08:02:24.890: INFO: monitoring-prometheus-6677d7c77f-pnpt5                           10.46.6.171  Running           [{Initialized True 0001-01-01 00:00:00 +0000 UTC 2018-09-17 07:16:14 +0000 UTC  } {Ready True 0001-01-01 00:00:00 +0000 UTC 2018-09-17 07:17:03 +0000 UTC  } {ContainersReady True 0001-01-01 00:00:00 +0000 UTC 0001-01-01 00:00:00 +0000 UTC  } {PodScheduled True 0001-01-01 00:00:00 +0000 UTC 2018-09-17 07:15:45 +0000 UTC  }]&#xA;Sep 19 08:02:24.890: INFO: monitoring-prometheus-alertmanager-7d8749dbb8-xj68d              10.46.6.171  Running           [{Initialized True 0001-01-01 00:00:00 +0000 UTC 2018-09-17 07:15:46 +0000 UTC  } {Ready True 0001-01-01 00:00:00 +0000 UTC 2018-09-17 07:16:45 +0000 UTC  } {ContainersReady True 0001-01-01 00:00:00 +0000 UTC 0001-01-01 00:00:00 +0000 UTC  } {PodScheduled True 0001-01-01 00:00:00 +0000 UTC 2018-09-17 07:15:45 +0000 UTC  }]&#xA;Sep 19 08:02:24.890: INFO: monitoring-prometheus-collectdexporter-77575678dc-v8n2l          10.46.6.171  Running           [{Initialized True 0001-01-01 00:00:00 +0000 UTC 2018-09-17 07:15:46 +0000 UTC  } {Ready True 0001-01-01 00:00:00 +0000 UTC 2018-09-17 07:16:42 +0000 UTC  } {ContainersReady True 0001-01-01 00:00:00 +0000 UTC 0001-01-01 00:00:00 +0000 UTC  } {PodScheduled True 0001-01-01 00:00:00 +0000 UTC 2018-09-17 07:15:45 +0000 UTC  }]&#xA;Sep 19 08:02:24.890: INFO: monitoring-prometheus-elasticsearchexporter-655864cccb-c6tps     10.46.6.171  Running           [{Initialized True 0001-01-01 00:00:00 +0000 UTC 2018-09-17 07:15:46 +0000 UTC  } {Ready True 0001-01-01 00:00:00 +0000 UTC 2018-09-17 07:16:52 +0000 UTC  } {ContainersReady True 0001-01-01 00:00:00 +0000 UTC 0001-01-01 00:00:00 +0000 UTC  } {PodScheduled True 0001-01-01 00:00:00 +0000 UTC 2018-09-17 07:15:45 +0000 UTC  }]&#xA;Sep 19 08:02:24.891: INFO: monitoring-prometheus-kubestatemetrics-54dcbb6cfb-76zmm          10.46.6.171  Running           [{Initialized True 0001-01-01 00:00:00 +0000 UTC 2018-09-17 07:15:45 +0000 UTC  } {Ready True 0001-01-01 00:00:00 +0000 UTC 2018-09-17 07:16:34 +0000 UTC  } {ContainersReady True 0001-01-01 00:00:00 +0000 UTC 0001-01-01 00:00:00 +0000 UTC  } {PodScheduled True 0001-01-01 00:00:00 +0000 UTC 2018-09-17 07:15:45 +0000 UTC  }]&#xA;Sep 19 08:02:24.891: INFO: monitoring-prometheus-nodeexporter-9fnpb                         10.46.6.171  Running           [{Initialized True 0001-01-01 00:00:00 +0000 UTC 2018-09-17 07:15:44 +0000 UTC  } {Ready True 0001-01-01 00:00:00 +0000 UTC 2018-09-17 07:16:44 +0000 UTC  } {ContainersReady True 0001-01-01 00:00:00 +0000 UTC 0001-01-01 00:00:00 +0000 UTC  } {PodScheduled True 0001-01-01 00:00:00 +0000 UTC 2018-09-17 07:15:44 +0000 UTC  }]&#xA;Sep 19 08:02:24.891: INFO: monitoring-prometheus-nodeexporter-f84fv                         10.46.6.173  Running           [{Initialized True 0001-01-01 00:00:00 +0000 UTC 2018-09-17 07:15:45 +0000 UTC  } {Ready True 0001-01-01 00:00:00 +0000 UTC 2018-09-17 07:16:28 +0000 UTC  } {ContainersReady True 0001-01-01 00:00:00 +0000 UTC 0001-01-01 00:00:00 +0000 UTC  } {PodScheduled True 0001-01-01 00:00:00 +0000 UTC 2018-09-17 07:15:45 +0000 UTC  }]&#xA;Sep 19 08:02:24.891: INFO: monitoring-prometheus-nodeexporter-tpbc8                         10.46.6.170  Running           [{Initialized True 0001-01-01 00:00:00 +0000 UTC 2018-09-17 07:15:44 +0000 UTC  } {Ready True 0001-01-01 00:00:00 +0000 UTC 2018-09-17 07:16:27 +0000 UTC  } {ContainersReady True 0001-01-01 00:00:00 +0000 UTC 0001-01-01 00:00:00 +0000 UTC  } {PodScheduled True 0001-01-01 00:00:00 +0000 UTC 2018-09-17 07:15:44 +0000 UTC  }]&#xA;Sep 19 08:02:24.891: INFO: monitoring-prometheus-nodeexporter-v4l7d                         10.46.6.172  Running           [{Initialized True 0001-01-01 00:00:00 +0000 UTC 2018-09-17 07:15:44 +0000 UTC  } {Ready True 0001-01-01 00:00:00 +0000 UTC 2018-09-17 07:16:31 +0000 UTC  } {ContainersReady True 0001-01-01 00:00:00 +0000 UTC 0001-01-01 00:00:00 +0000 UTC  } {PodScheduled True 0001-01-01 00:00:00 +0000 UTC 2018-09-17 07:15:44 +0000 UTC  }]&#xA;Sep 19 08:02:24.891: INFO: my-ibm-open-liberty-ibm-7f7d9778d7-7t5jc                         10.46.6.170  Running           [{Initialized True 0001-01-01 00:00:00 +0000 UTC 2018-09-17 08:22:24 +0000 UTC  } {Ready True 0001-01-01 00:00:00 +0000 UTC 2018-09-17 08:23:21 +0000 UTC  } {ContainersReady True 0001-01-01 00:00:00 +0000 UTC 0001-01-01 00:00:00 +0000 UTC  } {PodScheduled True 0001-01-01 00:00:00 +0000 UTC 2018-09-17 08:22:24 +0000 UTC  }]&#xA;Sep 19 08:02:24.891: INFO: nginx-ingress-controller-h5z2v                                   10.46.6.173  Running           [{Initialized True 0001-01-01 00:00:00 +0000 UTC 2018-09-17 07:08:39 +0000 UTC  } {Ready True 0001-01-01 00:00:00 +0000 UTC 2018-09-17 07:08:54 +0000 UTC  } {ContainersReady True 0001-01-01 00:00:00 +0000 UTC 0001-01-01 00:00:00 +0000 UTC  } {PodScheduled True 0001-01-01 00:00:00 +0000 UTC 2018-09-17 07:08:28 +0000 UTC  }]&#xA;Sep 19 08:02:24.891: INFO: nvidia-device-plugin-9h2k4                                       10.46.6.170  Running           [{Initialized True 0001-01-01 00:00:00 +0000 UTC 2018-09-17 07:07:23 +0000 UTC  } {Ready True 0001-01-01 00:00:00 +0000 UTC 2018-09-17 07:07:24 +0000 UTC  } {ContainersReady True 0001-01-01 00:00:00 +0000 UTC 0001-01-01 00:00:00 +0000 UTC  } {PodScheduled True 0001-01-01 00:00:00 +0000 UTC 2018-09-17 07:07:17 +0000 UTC  }]&#xA;Sep 19 08:02:24.891: INFO: nvidia-device-plugin-nh54k                                       10.46.6.173  Running           [{Initialized True 0001-01-01 00:00:00 +0000 UTC 2018-09-17 07:07:29 +0000 UTC  } {Ready True 0001-01-01 00:00:00 +0000 UTC 2018-09-17 07:07:33 +0000 UTC  } {ContainersReady True 0001-01-01 00:00:00 +0000 UTC 0001-01-01 00:00:00 +0000 UTC  } {PodScheduled True 0001-01-01 00:00:00 +0000 UTC 2018-09-17 07:07:17 +0000 UTC  }]&#xA;Sep 19 08:02:24.891: INFO: nvidia-device-plugin-vh85n                                       10.46.6.171  Running           [{Initialized True 0001-01-01 00:00:00 +0000 UTC 2018-09-17 07:07:21 +0000 UTC  } {Ready True 0001-01-01 00:00:00 +0000 UTC 2018-09-17 07:07:23 +0000 UTC  } {ContainersReady True 0001-01-01 00:00:00 +0000 UTC 0001-01-01 00:00:00 +0000 UTC  } {PodScheduled True 0001-01-01 00:00:00 +0000 UTC 2018-09-17 07:07:17 +0000 UTC  }]&#xA;Sep 19 08:02:24.891: INFO: nvidia-device-plugin-w9jr8                                       10.46.6.172  Running           [{Initialized True 0001-01-01 00:00:00 +0000 UTC 2018-09-17 07:07:24 +0000 UTC  } {Ready True 0001-01-01 00:00:00 +0000 UTC 2018-09-17 07:07:26 +0000 UTC  } {ContainersReady True 0001-01-01 00:00:00 +0000 UTC 0001-01-01 00:00:00 +0000 UTC  } {PodScheduled True 0001-01-01 00:00:00 +0000 UTC 2018-09-17 07:07:17 +0000 UTC  }]&#xA;Sep 19 08:02:24.891: INFO: oidc-client-registration-szxrk                                   10.46.6.173  Succeeded         [{Initialized True 0001-01-01 00:00:00 +0000 UTC 2018-09-17 07:10:05 +0000 UTC PodCompleted } {Ready False 0001-01-01 00:00:00 +0000 UTC 2018-09-17 07:12:27 +0000 UTC PodCompleted } {ContainersReady False 0001-01-01 00:00:00 +0000 UTC 0001-01-01 00:00:00 +0000 UTC PodCompleted } {PodScheduled True 0001-01-01 00:00:00 +0000 UTC 2018-09-17 07:10:04 +0000 UTC  }]&#xA;Sep 19 08:02:24.891: INFO: platform-api-2fs4x                                               10.46.6.173  Running           [{Initialized True 0001-01-01 00:00:00 +0000 UTC 2018-09-17 07:08:45 +0000 UTC  } {Ready True 0001-01-01 00:00:00 +0000 UTC 2018-09-17 07:16:29 +0000 UTC  } {ContainersReady True 0001-01-01 00:00:00 +0000 UTC 0001-01-01 00:00:00 +0000 UTC  } {PodScheduled True 0001-01-01 00:00:00 +0000 UTC 2018-09-17 07:08:45 +0000 UTC  }]&#xA;Sep 19 08:02:24.891: INFO: platform-deploy-dbbks                                            10.46.6.173  Running           [{Initialized True 0001-01-01 00:00:00 +0000 UTC 2018-09-17 07:08:45 +0000 UTC  } {Ready True 0001-01-01 00:00:00 +0000 UTC 2018-09-17 07:08:57 +0000 UTC  } {ContainersReady True 0001-01-01 00:00:00 +0000 UTC 0001-01-01 00:00:00 +0000 UTC  } {PodScheduled True 0001-01-01 00:00:00 +0000 UTC 2018-09-17 07:08:45 +0000 UTC  }]&#xA;Sep 19 08:02:24.891: INFO: platform-ui-6fjgx                                                10.46.6.173  Running           [{Initialized True 0001-01-01 00:00:00 +0000 UTC 2018-09-17 07:14:34 +0000 UTC  } {Ready True 0001-01-01 00:00:00 +0000 UTC 2018-09-17 07:15:20 +0000 UTC  } {ContainersReady True 0001-01-01 00:00:00 +0000 UTC 0001-01-01 00:00:00 +0000 UTC  } {PodScheduled True 0001-01-01 00:00:00 +0000 UTC 2018-09-17 07:14:34 +0000 UTC  }]&#xA;Sep 19 08:02:24.891: INFO: secret-watcher-5f59fcbc69-pfnfk                                  10.46.6.173  Running           [{Initialized True 0001-01-01 00:00:00 +0000 UTC 2018-09-17 07:18:05 +0000 UTC  } {Ready True 0001-01-01 00:00:00 +0000 UTC 2018-09-17 07:18:30 +0000 UTC  } {ContainersReady True 0001-01-01 00:00:00 +0000 UTC 0001-01-01 00:00:00 +0000 UTC  } {PodScheduled True 0001-01-01 00:00:00 +0000 UTC 2018-09-17 07:18:04 +0000 UTC  }]&#xA;Sep 19 08:02:24.891: INFO: security-onboarding-tkf79                                        10.46.6.173  Succeeded         [{Initialized True 0001-01-01 00:00:00 +0000 UTC 2018-09-17 07:18:12 +0000 UTC PodCompleted } {Ready False 0001-01-01 00:00:00 +0000 UTC 2018-09-17 07:20:02 +0000 UTC PodCompleted } {ContainersReady False 0001-01-01 00:00:00 +0000 UTC 0001-01-01 00:00:00 +0000 UTC PodCompleted } {PodScheduled True 0001-01-01 00:00:00 +0000 UTC 2018-09-17 07:18:12 +0000 UTC  }]&#xA;Sep 19 08:02:24.891: INFO: service-catalog-apiserver-967x9                                  10.46.6.173  Running           [{Initialized True 0001-01-01 00:00:00 +0000 UTC 2018-09-17 07:08:20 +0000 UTC  } {Ready True 0001-01-01 00:00:00 +0000 UTC 2018-09-17 07:09:01 +0000 UTC  } {ContainersReady True 0001-01-01 00:00:00 +0000 UTC 0001-01-01 00:00:00 +0000 UTC  } {PodScheduled True 0001-01-01 00:00:00 +0000 UTC 2018-09-17 07:08:20 +0000 UTC  }]&#xA;Sep 19 08:02:24.891: INFO: service-catalog-controller-manager-5969cccf86-65phs              10.46.6.173  Running           [{Initialized True 0001-01-01 00:00:00 +0000 UTC 2018-09-17 07:08:21 +0000 UTC  } {Ready True 0001-01-01 00:00:00 +0000 UTC 2018-09-17 07:08:34 +0000 UTC  } {ContainersReady True 0001-01-01 00:00:00 +0000 UTC 0001-01-01 00:00:00 +0000 UTC  } {PodScheduled True 0001-01-01 00:00:00 +0000 UTC 2018-09-17 07:08:20 +0000 UTC  }]&#xA;Sep 19 08:02:24.891: INFO: tiller-deploy-6b58875cb-5l8kh                                    10.46.6.173  Running           [{Initialized True 0001-01-01 00:00:00 +0000 UTC 2018-09-17 07:05:28 +0000 UTC  } {Ready True 0001-01-01 00:00:00 +0000 UTC 2018-09-17 07:05:43 +0000 UTC  } {ContainersReady True 0001-01-01 00:00:00 +0000 UTC 0001-01-01 00:00:00 +0000 UTC  } {PodScheduled True 0001-01-01 00:00:00 +0000 UTC 2018-09-17 07:05:28 +0000 UTC  }]&#xA;Sep 19 08:02:24.891: INFO: unified-router-lkwnl                                             10.46.6.173  Running           [{Initialized True 0001-01-01 00:00:00 +0000 UTC 2018-09-17 07:15:31 +0000 UTC  } {Ready True 0001-01-01 00:00:00 +0000 UTC 2018-09-17 07:15:40 +0000 UTC  } {ContainersReady True 0001-01-01 00:00:00 +0000 UTC 0001-01-01 00:00:00 +0000 UTC  } {PodScheduled True 0001-01-01 00:00:00 +0000 UTC 2018-09-17 07:15:31 +0000 UTC  }]&#xA;Sep 19 08:02:24.891: INFO: vulnerability-advisor-compliance-annotator-d5659b9d9-kmn8q       10.46.6.172  Running           [{Initialized True 0001-01-01 00:00:00 +0000 UTC 2018-09-17 07:19:03 +0000 UTC  } {Ready True 0001-01-01 00:00:00 +0000 UTC 2018-09-17 07:21:08 +0000 UTC  } {ContainersReady True 0001-01-01 00:00:00 +0000 UTC 0001-01-01 00:00:00 +0000 UTC  } {PodScheduled True 0001-01-01 00:00:00 +0000 UTC 2018-09-17 07:19:03 +0000 UTC  }]&#xA;Sep 19 08:02:24.891: INFO: vulnerability-advisor-compliance-indexer-7cbdc64b57-47lmd        10.46.6.172  Running           [{Initialized True 0001-01-01 00:00:00 +0000 UTC 2018-09-17 07:19:07 +0000 UTC  } {Ready True 0001-01-01 00:00:00 +0000 UTC 2018-09-17 07:19:33 +0000 UTC  } {ContainersReady True 0001-01-01 00:00:00 +0000 UTC 0001-01-01 00:00:00 +0000 UTC  } {PodScheduled True 0001-01-01 00:00:00 +0000 UTC 2018-09-17 07:19:06 +0000 UTC  }]&#xA;Sep 19 08:02:24.891: INFO: vulnerability-advisor-config-parser-5d44b78fd5-z4k9t             10.46.6.172  Running           [{Initialized True 0001-01-01 00:00:00 +0000 UTC 2018-09-17 07:19:04 +0000 UTC  } {Ready True 0001-01-01 00:00:00 +0000 UTC 2018-09-17 07:21:09 +0000 UTC  } {ContainersReady True 0001-01-01 00:00:00 +0000 UTC 0001-01-01 00:00:00 +0000 UTC  } {PodScheduled True 0001-01-01 00:00:00 +0000 UTC 2018-09-17 07:19:03 +0000 UTC  }]&#xA;Sep 19 08:02:24.891: INFO: vulnerability-advisor-cos-indexer-57899b7dd6-7cpf8               10.46.6.172  Running           [{Initialized True 0001-01-01 00:00:00 +0000 UTC 2018-09-17 07:19:04 +0000 UTC  } {Ready True 0001-01-01 00:00:00 +0000 UTC 2018-09-19 07:20:04 +0000 UTC  } {ContainersReady True 0001-01-01 00:00:00 +0000 UTC 0001-01-01 00:00:00 +0000 UTC  } {PodScheduled True 0001-01-01 00:00:00 +0000 UTC 2018-09-17 07:19:04 +0000 UTC  }]&#xA;Sep 19 08:02:24.891: INFO: vulnerability-advisor-kafka-0                                    10.46.6.172  Running           [{Initialized True 0001-01-01 00:00:00 +0000 UTC 2018-09-17 07:19:13 +0000 UTC  } {Ready True 0001-01-01 00:00:00 +0000 UTC 2018-09-17 07:20:53 +0000 UTC  } {ContainersReady True 0001-01-01 00:00:00 +0000 UTC 0001-01-01 00:00:00 +0000 UTC  } {PodScheduled True 0001-01-01 00:00:00 +0000 UTC 2018-09-17 07:19:13 +0000 UTC  }]&#xA;Sep 19 08:02:24.892: INFO: vulnerability-advisor-live-crawler-84st2                         10.46.6.172  Running           [{Initialized True 0001-01-01 00:00:00 +0000 UTC 2018-09-17 07:19:03 +0000 UTC  } {Ready True 0001-01-01 00:00:00 +0000 UTC 2018-09-17 07:19:26 +0000 UTC  } {ContainersReady True 0001-01-01 00:00:00 +0000 UTC 0001-01-01 00:00:00 +0000 UTC  } {PodScheduled True 0001-01-01 00:00:00 +0000 UTC 2018-09-17 07:19:03 +0000 UTC  }]&#xA;Sep 19 08:02:24.892: INFO: vulnerability-advisor-live-crawler-ccxd7                         10.46.6.170  Running           [{Initialized True 0001-01-01 00:00:00 +0000 UTC 2018-09-17 07:19:03 +0000 UTC  } {Ready True 0001-01-01 00:00:00 +0000 UTC 2018-09-17 07:19:14 +0000 UTC  } {ContainersReady True 0001-01-01 00:00:00 +0000 UTC 0001-01-01 00:00:00 +0000 UTC  } {PodScheduled True 0001-01-01 00:00:00 +0000 UTC 2018-09-17 07:19:03 +0000 UTC  }]&#xA;Sep 19 08:02:24.892: INFO: vulnerability-advisor-live-crawler-p6khc                         10.46.6.173  Running           [{Initialized True 0001-01-01 00:00:00 +0000 UTC 2018-09-17 07:19:02 +0000 UTC  } {Ready True 0001-01-01 00:00:00 +0000 UTC 2018-09-17 07:19:22 +0000 UTC  } {ContainersReady True 0001-01-01 00:00:00 +0000 UTC 0001-01-01 00:00:00 +0000 UTC  } {PodScheduled True 0001-01-01 00:00:00 +0000 UTC 2018-09-17 07:19:02 +0000 UTC  }]&#xA;Sep 19 08:02:24.892: INFO: vulnerability-advisor-live-crawler-xxz8p                         10.46.6.171  Running           [{Initialized True 0001-01-01 00:00:00 +0000 UTC 2018-09-17 07:19:03 +0000 UTC  } {Ready True 0001-01-01 00:00:00 +0000 UTC 2018-09-17 07:19:18 +0000 UTC  } {ContainersReady True 0001-01-01 00:00:00 +0000 UTC 0001-01-01 00:00:00 +0000 UTC  } {PodScheduled True 0001-01-01 00:00:00 +0000 UTC 2018-09-17 07:19:03 +0000 UTC  }]&#xA;Sep 19 08:02:24.892: INFO: vulnerability-advisor-ma-file-annotator-6b95df8886-jtczz         10.46.6.172  Running           [{Initialized True 0001-01-01 00:00:00 +0000 UTC 2018-09-17 07:19:04 +0000 UTC  } {Ready True 0001-01-01 00:00:00 +0000 UTC 2018-09-17 07:23:32 +0000 UTC  } {ContainersReady True 0001-01-01 00:00:00 +0000 UTC 0001-01-01 00:00:00 +0000 UTC  } {PodScheduled True 0001-01-01 00:00:00 +0000 UTC 2018-09-17 07:19:04 +0000 UTC  }]&#xA;Sep 19 08:02:24.892: INFO: vulnerability-advisor-minio-0                                    10.46.6.172  Running           [{Initialized True 0001-01-01 00:00:00 +0000 UTC 2018-09-17 07:21:51 +0000 UTC  } {Ready True 0001-01-01 00:00:00 +0000 UTC 2018-09-17 07:21:54 +0000 UTC  } {ContainersReady True 0001-01-01 00:00:00 +0000 UTC 0001-01-01 00:00:00 +0000 UTC  } {PodScheduled True 0001-01-01 00:00:00 +0000 UTC 2018-09-17 07:19:15 +0000 UTC  }]&#xA;Sep 19 08:02:24.892: INFO: vulnerability-advisor-minio-cleaner-1537228740-55f4w             10.46.6.172  Succeeded         [{Initialized True 0001-01-01 00:00:00 +0000 UTC 2018-09-17 23:59:03 +0000 UTC PodCompleted } {Ready False 0001-01-01 00:00:00 +0000 UTC 2018-09-17 23:59:42 +0000 UTC PodCompleted } {ContainersReady False 0001-01-01 00:00:00 +0000 UTC 0001-01-01 00:00:00 +0000 UTC PodCompleted } {PodScheduled True 0001-01-01 00:00:00 +0000 UTC 2018-09-17 23:59:03 +0000 UTC  }]&#xA;Sep 19 08:02:24.892: INFO: vulnerability-advisor-minio-cleaner-1537315140-nqk7v             10.46.6.172  Succeeded         [{Initialized True 0001-01-01 00:00:00 +0000 UTC 2018-09-18 23:59:04 +0000 UTC PodCompleted } {Ready False 0001-01-01 00:00:00 +0000 UTC 2018-09-19 00:00:52 +0000 UTC PodCompleted } {ContainersReady False 0001-01-01 00:00:00 +0000 UTC 0001-01-01 00:00:00 +0000 UTC PodCompleted } {PodScheduled True 0001-01-01 00:00:00 +0000 UTC 2018-09-18 23:59:04 +0000 UTC  }]&#xA;Sep 19 08:02:24.892: INFO: vulnerability-advisor-notification-dispatcher-86f8bf4b4d-cfdzb   10.46.6.172  Running           [{Initialized True 0001-01-01 00:00:00 +0000 UTC 2018-09-17 07:19:04 +0000 UTC  } {Ready True 0001-01-01 00:00:00 +0000 UTC 2018-09-17 07:20:31 +0000 UTC  } {ContainersReady True 0001-01-01 00:00:00 +0000 UTC 0001-01-01 00:00:00 +0000 UTC  } {PodScheduled True 0001-01-01 00:00:00 +0000 UTC 2018-09-17 07:19:04 +0000 UTC  }]&#xA;Sep 19 08:02:24.892: INFO: vulnerability-advisor-password-annotator-79b5d794b5-wnwqn        10.46.6.172  Running           [{Initialized True 0001-01-01 00:00:00 +0000 UTC 2018-09-17 07:19:05 +0000 UTC  } {Ready True 0001-01-01 00:00:00 +0000 UTC 2018-09-17 07:20:29 +0000 UTC  } {ContainersReady True 0001-01-01 00:00:00 +0000 UTC 0001-01-01 00:00:00 +0000 UTC  } {PodScheduled True 0001-01-01 00:00:00 +0000 UTC 2018-09-17 07:19:04 +0000 UTC  }]&#xA;Sep 19 08:02:24.892: INFO: vulnerability-advisor-process-ma-annotator-58f47d5b5f-4wglg      10.46.6.172  Running           [{Initialized True 0001-01-01 00:00:00 +0000 UTC 2018-09-17 07:19:06 +0000 UTC  } {Ready True 0001-01-01 00:00:00 +0000 UTC 2018-09-17 07:20:56 +0000 UTC  } {ContainersReady True 0001-01-01 00:00:00 +0000 UTC 0001-01-01 00:00:00 +0000 UTC  } {PodScheduled True 0001-01-01 00:00:00 +0000 UTC 2018-09-17 07:19:05 +0000 UTC  }]&#xA;Sep 19 08:02:24.892: INFO: vulnerability-advisor-process-ma-annotator-58f47d5b5f-xbxrc      10.46.6.172  Running           [{Initialized True 0001-01-01 00:00:00 +0000 UTC 2018-09-17 07:19:06 +0000 UTC  } {Ready True 0001-01-01 00:00:00 +0000 UTC 2018-09-17 07:21:50 +0000 UTC  } {ContainersReady True 0001-01-01 00:00:00 +0000 UTC 0001-01-01 00:00:00 +0000 UTC  } {PodScheduled True 0001-01-01 00:00:00 +0000 UTC 2018-09-17 07:19:05 +0000 UTC  }]&#xA;Sep 19 08:02:24.892: INFO: vulnerability-advisor-process-ma-annotator-init-869545d547nn27w  10.46.6.172  Running           [{Initialized True 0001-01-01 00:00:00 +0000 UTC 2018-09-17 07:19:06 +0000 UTC  } {Ready True 0001-01-01 00:00:00 +0000 UTC 2018-09-17 07:19:42 +0000 UTC  } {ContainersReady True 0001-01-01 00:00:00 +0000 UTC 0001-01-01 00:00:00 +0000 UTC  } {PodScheduled True 0001-01-01 00:00:00 +0000 UTC 2018-09-17 07:19:05 +0000 UTC  }]&#xA;Sep 19 08:02:24.892: INFO: vulnerability-advisor-process-ma-crawler-24z6k                   10.46.6.172  Running           [{Initialized True 0001-01-01 00:00:00 +0000 UTC 2018-09-17 07:19:03 +0000 UTC  } {Ready True 0001-01-01 00:00:00 +0000 UTC 2018-09-17 07:19:32 +0000 UTC  } {ContainersReady True 0001-01-01 00:00:00 +0000 UTC 0001-01-01 00:00:00 +0000 UTC  } {PodScheduled True 0001-01-01 00:00:00 +0000 UTC 2018-09-17 07:19:03 +0000 UTC  }]&#xA;Sep 19 08:02:24.892: INFO: vulnerability-advisor-process-ma-crawler-5g4zk                   10.46.6.170  Running           [{Initialized True 0001-01-01 00:00:00 +0000 UTC 2018-09-17 07:19:03 +0000 UTC  } {Ready True 0001-01-01 00:00:00 +0000 UTC 2018-09-17 07:19:16 +0000 UTC  } {ContainersReady True 0001-01-01 00:00:00 +0000 UTC 0001-01-01 00:00:00 +0000 UTC  } {PodScheduled True 0001-01-01 00:00:00 +0000 UTC 2018-09-17 07:19:03 +0000 UTC  }]&#xA;Sep 19 08:02:24.892: INFO: vulnerability-advisor-process-ma-crawler-96728                   10.46.6.173  Running           [{Initialized True 0001-01-01 00:00:00 +0000 UTC 2018-09-17 07:19:03 +0000 UTC  } {Ready True 0001-01-01 00:00:00 +0000 UTC 2018-09-17 07:19:23 +0000 UTC  } {ContainersReady True 0001-01-01 00:00:00 +0000 UTC 0001-01-01 00:00:00 +0000 UTC  } {PodScheduled True 0001-01-01 00:00:00 +0000 UTC 2018-09-17 07:19:03 +0000 UTC  }]&#xA;Sep 19 08:02:24.892: INFO: vulnerability-advisor-process-ma-crawler-b7k2d                   10.46.6.171  Running           [{Initialized True 0001-01-01 00:00:00 +0000 UTC 2018-09-17 07:19:03 +0000 UTC  } {Ready True 0001-01-01 00:00:00 +0000 UTC 2018-09-17 07:19:13 +0000 UTC  } {ContainersReady True 0001-01-01 00:00:00 +0000 UTC 0001-01-01 00:00:00 +0000 UTC  } {PodScheduled True 0001-01-01 00:00:00 +0000 UTC 2018-09-17 07:19:03 +0000 UTC  }]&#xA;Sep 19 08:02:24.892: INFO: vulnerability-advisor-registry-crawler-6f9568677b-bfpm6          10.46.6.172  Running           [{Initialized True 0001-01-01 00:00:00 +0000 UTC 2018-09-17 07:19:08 +0000 UTC  } {Ready True 0001-01-01 00:00:00 +0000 UTC 2018-09-17 07:19:48 +0000 UTC  } {ContainersReady True 0001-01-01 00:00:00 +0000 UTC 0001-01-01 00:00:00 +0000 UTC  } {PodScheduled True 0001-01-01 00:00:00 +0000 UTC 2018-09-17 07:19:07 +0000 UTC  }]&#xA;Sep 19 08:02:24.892: INFO: vulnerability-advisor-rootkit-annotator-74cb65b5cf-2dk5j         10.46.6.172  Running           [{Initialized True 0001-01-01 00:00:00 +0000 UTC 2018-09-17 07:19:08 +0000 UTC  } {Ready True 0001-01-01 00:00:00 +0000 UTC 2018-09-17 07:20:26 +0000 UTC  } {ContainersReady True 0001-01-01 00:00:00 +0000 UTC 0001-01-01 00:00:00 +0000 UTC  } {PodScheduled True 0001-01-01 00:00:00 +0000 UTC 2018-09-17 07:19:07 +0000 UTC  }]&#xA;Sep 19 08:02:24.892: INFO: vulnerability-advisor-rootkit-indexer-cd8b4646b-xlhwq            10.46.6.172  Running           [{Initialized True 0001-01-01 00:00:00 +0000 UTC 2018-09-17 07:19:07 +0000 UTC  } {Ready True 0001-01-01 00:00:00 +0000 UTC 2018-09-17 07:19:26 +0000 UTC  } {ContainersReady True 0001-01-01 00:00:00 +0000 UTC 0001-01-01 00:00:00 +0000 UTC  } {PodScheduled True 0001-01-01 00:00:00 +0000 UTC 2018-09-17 07:19:06 +0000 UTC  }]&#xA;Sep 19 08:02:24.892: INFO: vulnerability-advisor-sas-apiserver-5fd8d44bc9-7bvkn             10.46.6.172  Running           [{Initialized True 0001-01-01 00:00:00 +0000 UTC 2018-09-17 07:19:09 +0000 UTC  } {Ready True 0001-01-01 00:00:00 +0000 UTC 2018-09-17 07:20:03 +0000 UTC  } {ContainersReady True 0001-01-01 00:00:00 +0000 UTC 0001-01-01 00:00:00 +0000 UTC  } {PodScheduled True 0001-01-01 00:00:00 +0000 UTC 2018-09-17 07:19:08 +0000 UTC  }]&#xA;Sep 19 08:02:24.892: INFO: vulnerability-advisor-sas-mgmt-64fb95bc44-j9vjc                  10.46.6.172  Running           [{Initialized True 0001-01-01 00:00:00 +0000 UTC 2018-09-17 07:19:08 +0000 UTC  } {Ready True 0001-01-01 00:00:00 +0000 UTC 2018-09-17 07:19:39 +0000 UTC  } {ContainersReady True 0001-01-01 00:00:00 +0000 UTC 0001-01-01 00:00:00 +0000 UTC  } {PodScheduled True 0001-01-01 00:00:00 +0000 UTC 2018-09-17 07:19:08 +0000 UTC  }]&#xA;Sep 19 08:02:24.892: INFO: vulnerability-advisor-secconfig-annotator-7dbcf5d9f4-fkmkb       10.46.6.172  Running           [{Initialized True 0001-01-01 00:00:00 +0000 UTC 2018-09-17 07:19:10 +0000 UTC  } {Ready True 0001-01-01 00:00:00 +0000 UTC 2018-09-17 07:19:45 +0000 UTC  } {ContainersReady True 0001-01-01 00:00:00 +0000 UTC 0001-01-01 00:00:00 +0000 UTC  } {PodScheduled True 0001-01-01 00:00:00 +0000 UTC 2018-09-17 07:19:08 +0000 UTC  }]&#xA;Sep 19 08:02:24.892: INFO: vulnerability-advisor-secconfig-indexer-674647df7c-qq5ff         10.46.6.172  Running           [{Initialized True 0001-01-01 00:00:00 +0000 UTC 2018-09-17 07:19:07 +0000 UTC  } {Ready True 0001-01-01 00:00:00 +0000 UTC 2018-09-17 07:19:33 +0000 UTC  } {ContainersReady True 0001-01-01 00:00:00 +0000 UTC 0001-01-01 00:00:00 +0000 UTC  } {PodScheduled True 0001-01-01 00:00:00 +0000 UTC 2018-09-17 07:19:06 +0000 UTC  }]&#xA;Sep 19 08:02:24.892: INFO: vulnerability-advisor-statsd-7746859df4-jjm6f                    10.46.6.172  Running           [{Initialized True 0001-01-01 00:00:00 +0000 UTC 2018-09-17 07:19:10 +0000 UTC  } {Ready True 0001-01-01 00:00:00 +0000 UTC 2018-09-17 07:19:38 +0000 UTC  } {ContainersReady True 0001-01-01 00:00:00 +0000 UTC 0001-01-01 00:00:00 +0000 UTC  } {PodScheduled True 0001-01-01 00:00:00 +0000 UTC 2018-09-17 07:19:09 +0000 UTC  }]&#xA;Sep 19 08:02:24.892: INFO: vulnerability-advisor-usncrawler-8h976                           10.46.6.172  Succeeded         [{Initialized True 0001-01-01 00:00:00 +0000 UTC 2018-09-17 07:19:11 +0000 UTC PodCompleted } {Ready False 0001-01-01 00:00:00 +0000 UTC 2018-09-17 07:24:06 +0000 UTC PodCompleted } {ContainersReady False 0001-01-01 00:00:00 +0000 UTC 0001-01-01 00:00:00 +0000 UTC PodCompleted } {PodScheduled True 0001-01-01 00:00:00 +0000 UTC 2018-09-17 07:19:11 +0000 UTC  }]&#xA;Sep 19 08:02:24.892: INFO: vulnerability-advisor-vulnerability-annotator-bcbf5595f-hxwst    10.46.6.172  Running           [{Initialized True 0001-01-01 00:00:00 +0000 UTC 2018-09-17 07:19:10 +0000 UTC  } {Ready True 0001-01-01 00:00:00 +0000 UTC 2018-09-17 07:20:29 +0000 UTC  } {ContainersReady True 0001-01-01 00:00:00 +0000 UTC 0001-01-01 00:00:00 +0000 UTC  } {PodScheduled True 0001-01-01 00:00:00 +0000 UTC 2018-09-17 07:19:09 +0000 UTC  }]&#xA;Sep 19 08:02:24.892: INFO: vulnerability-advisor-vulnerability-indexer-7c79b4c964-2n8cg     10.46.6.172  Running           [{Initialized True 0001-01-01 00:00:00 +0000 UTC 2018-09-17 07:19:07 +0000 UTC  } {Ready True 0001-01-01 00:00:00 +0000 UTC 2018-09-17 07:19:37 +0000 UTC  } {ContainersReady True 0001-01-01 00:00:00 +0000 UTC 0001-01-01 00:00:00 +0000 UTC  } {PodScheduled True 0001-01-01 00:00:00 +0000 UTC 2018-09-17 07:19:06 +0000 UTC  }]&#xA;Sep 19 08:02:24.892: INFO: vulnerability-advisor-zookeeper-0                                10.46.6.172  Running           [{Initialized True 0001-01-01 00:00:00 +0000 UTC 2018-09-17 07:19:15 +0000 UTC  } {Ready True 0001-01-01 00:00:00 +0000 UTC 2018-09-17 07:20:10 +0000 UTC  } {ContainersReady True 0001-01-01 00:00:00 +0000 UTC 0001-01-01 00:00:00 +0000 UTC  } {PodScheduled True 0001-01-01 00:00:00 +0000 UTC 2018-09-17 07:19:14 +0000 UTC  }]&#xA;Sep 19 08:02:24.892: INFO: &#xA;Sep 19 08:02:24.899: INFO: &#xA;Logging node info for node 10.46.6.170&#xA;Sep 19 08:02:24.902: INFO: Node Info: &amp;Node{ObjectMeta:k8s_io_apimachinery_pkg_apis_meta_v1.ObjectMeta{Name:10.46.6.170,GenerateName:,Namespace:,SelfLink:/api/v1/nodes/10.46.6.170,UID:0c4508eb-ba48-11e8-b20e-fa163e707b2e,ResourceVersion:462975,Generation:0,CreationTimestamp:2018-09-17 07:05:24 +0000 UTC,DeletionTimestamp:&lt;nil&gt;,DeletionGracePeriodSeconds:nil,Labels:map[string]string{beta.kubernetes.io/arch: amd64,beta.kubernetes.io/os: linux,kubernetes.io/hostname: 10.46.6.170,node-role.kubernetes.io/worker: true,},Annotations:map[string]string{node.alpha.kubernetes.io/ttl: 0,volumes.kubernetes.io/controller-managed-attach-detach: true,},OwnerReferences:[],Finalizers:[],ClusterName:,Initializers:nil,},Spec:NodeSpec{PodCIDR:,DoNotUse_ExternalID:,ProviderID:,Unschedulable:false,Taints:[],ConfigSource:nil,},Status:NodeStatus{Capacity:ResourceList{cpu: {{8 0} {&lt;nil&gt;} 8 DecimalSI},ephemeral-storage: {{107362627584 0} {&lt;nil&gt;} 104846316Ki BinarySI},hugepages-1Gi: {{0 0} {&lt;nil&gt;} 0 DecimalSI},hugepages-2Mi: {{0 0} {&lt;nil&gt;} 0 DecimalSI},memory: {{16825630720 0} {&lt;nil&gt;}  BinarySI},pods: {{80 0} {&lt;nil&gt;} 80 DecimalSI},},Allocatable:ResourceList{cpu: {{8 0} {&lt;nil&gt;} 8 DecimalSI},ephemeral-storage: {{96626364666 0} {&lt;nil&gt;} 96626364666 DecimalSI},hugepages-1Gi: {{0 0} {&lt;nil&gt;} 0 DecimalSI},hugepages-2Mi: {{0 0} {&lt;nil&gt;} 0 DecimalSI},memory: {{16720773120 0} {&lt;nil&gt;}  BinarySI},pods: {{80 0} {&lt;nil&gt;} 80 DecimalSI},},Phase:,Conditions:[{OutOfDisk False 2018-09-19 08:02:23 +0000 UTC 2018-09-17 07:05:24 +0000 UTC KubeletHasSufficientDisk kubelet has sufficient disk space available} {MemoryPressure False 2018-09-19 08:02:23 +0000 UTC 2018-09-17 07:05:24 +0000 UTC KubeletHasSufficientMemory kubelet has sufficient memory available} {DiskPressure False 2018-09-19 08:02:23 +0000 UTC 2018-09-17 07:05:24 +0000 UTC KubeletHasNoDiskPressure kubelet has no disk pressure} {PIDPressure False 2018-09-19 08:02:23 +0000 UTC 2018-09-17 07:05:24 +0000 UTC KubeletHasSufficientPID kubelet has sufficient PID available} {Ready True 2018-09-19 08:02:23 +0000 UTC 2018-09-17 07:06:04 +0000 UTC KubeletReady kubelet is posting ready status}],Addresses:[{InternalIP 10.46.6.170} {Hostname 10.46.6.170}],DaemonEndpoints:NodeDaemonEndpoints{KubeletEndpoint:DaemonEndpoint{Port:10250,},},NodeInfo:NodeSystemInfo{MachineID:52ca0d2c3fb341c79b059a96d10571a6,SystemUUID:B2A91A2D-0576-4E7B-AEBA-AE95FFDDF786,BootID:ae0d54c3-4892-49fd-b5c7-ca2077060a4b,KernelVersion:3.10.0-862.9.1.el7.x86_64,OSImage:Red Hat Enterprise Linux,ContainerRuntimeVersion:docker://18.3.1,KubeletVersion:v1.11.1+icp-ee,KubeProxyVersion:v1.11.1+icp-ee,OperatingSystem:linux,Architecture:amd64,},Images:[{[lzj.icp:8500/ibmcom/live-crawler@sha256:1a648615e7b439f093697f65350262823e6c711c4b21ea81596ced1c28a48133 lzj.icp:8500/ibmcom/live-crawler:1.3.1] 987515538} {[lzj.icp:8500/ibmcom/hyperkube@sha256:9fbddbf2d04354912c8a981395493d250474cb9fa587fa91119e69467078b180 lzj.icp:8500/ibmcom/hyperkube:v1.11.1-ee] 782626408} {[gcr.io/heptio-images/kube-conformance@sha256:5482c7f5f7b874c5c6caec6ddef5406f19a52a2c3a36897cadf0a8f78ab57982 gcr.io/heptio-images/kube-conformance:latest] 532182058} {[open-liberty@sha256:e962af00796d50687a4ac71d5e8ab046696c314b4a84617b0d216b671519df31 open-liberty:latest] 500884023} {[lzj.icp:8500/ibmcom/icp-filebeat@sha256:72669dde64d7ab85bbb9e93428efe548b2693a4eae5168a4705f6e30cd20e584 lzj.icp:8500/ibmcom/icp-filebeat:5.5.1] 317104874} {[lzj.icp:8500/ibmcom/fluentd@sha256:f85a5ffd86438f1a73d04caf6e33ef3474675d9fa0947431f4d0a9602fc981af lzj.icp:8500/ibmcom/fluentd:v1.2.2-icp] 270902701} {[lzj.icp:8500/ibmcom/calico-node@sha256:85a23d8030137d49663d3d82844a61998331606de9fc523dfdd0a75be7fb9828 lzj.icp:8500/ibmcom/calico-node:v3.1.3] 248202699} {[gcr.io/kubernetes-e2e-test-images/jessie-dnsutils-amd64@sha256:9e842e2f77073ec30e2349f9082ec35357a3bf61e12488adc677144295e68c38 gcr.io/kubernetes-e2e-test-images/jessie-dnsutils-amd64:1.0] 195659796} {[lzj.icp:8500/ibmcom/nvidia-device-plugin@sha256:2d57caa41994d1e0b3d952526a651f8da487e068874d1075f915fa48ad969ba6 lzj.icp:8500/ibmcom/nvidia-device-plugin:1.0] 132413452} {[lzj.icp:8500/ibmcom/metering-data-manager@sha256:97803f4458c6f6ca62076cf6958cb8ab98cf9ffed7cd4977550eeaa6db8ead70 lzj.icp:8500/ibmcom/metering-data-manager:3.1.0] 121942877} {[lzj.icp:8500/ibmcom/icp-management-ingress@sha256:259a9d288f5ee4f169c618b6d870b5ae38b954a3bf69f3f392523b1aaa9f4001 lzj.icp:8500/ibmcom/icp-management-ingress:2.2.1] 80410712} {[lzj.icp:8500/ibmcom/calico-cni@sha256:b56c2d3e62bd02f15dd5ec335c25ac81bb39d214e904525227640790686855d7 lzj.icp:8500/ibmcom/calico-cni:v3.1.3] 68849270} {[gcr.io/heptio-images/sonobuoy@sha256:165df6f635ddd0088ed6686e07ffb47f8dd17fdba153f61dbec9aa80c0d2e0b8 gcr.io/heptio-images/sonobuoy:latest gcr.io/heptio-images/sonobuoy:v0.11.6] 33401240} {[gcr.io/kubernetes-e2e-test-images/nettest-amd64@sha256:f2d3eba3ae2043c51389935be4bf41b2b0e60fd7220b9ba9cbc51eceaa74b2b4 gcr.io/kubernetes-e2e-test-images/nettest-amd64:1.0] 27413498} {[lzj.icp:8500/ibmcom/node-exporter@sha256:b24db452b1a0bf46abba095162d0fbc89ea40eeabbfe43ae01dab54107ecff0e lzj.icp:8500/ibmcom/node-exporter:v0.16.0] 22915749} {[gcr.io/kubernetes-e2e-test-images/dnsutils-amd64@sha256:f8eca5c0c2e18b7ee6df876e5587c5885d13c59cb453d93bf51628daf656e4b5 gcr.io/kubernetes-e2e-test-images/dnsutils-amd64:1.0] 9030162} {[gcr.io/kubernetes-e2e-test-images/hostexec-amd64@sha256:e1dadb772c6132e3587fc41b8c07facd81ee7c4e74508891b5d98d45b85462e9 gcr.io/kubernetes-e2e-test-images/hostexec-amd64:1.1] 8490662} {[gcr.io/kubernetes-e2e-test-images/netexec-amd64@sha256:da1c165175d5589ed70384e406a0291b6f76d53fc99e2c31ae23003e11e5bfde gcr.io/kubernetes-e2e-test-images/netexec-amd64:1.0] 6713741} {[gcr.io/kubernetes-e2e-test-images/serve-hostname-amd64@sha256:2dd4032e98a0450d95a0ac71a5e465f542a900812d8c41bc6ca635aed1a5fc91 gcr.io/kubernetes-e2e-test-images/serve-hostname-amd64:1.0] 5470001} {[gcr.io/kubernetes-e2e-test-images/test-webserver-amd64@sha256:8da73e44d6870f86e0e6a87b2e07829470465afbb6febeb900296d99510789ce gcr.io/kubernetes-e2e-test-images/test-webserver-amd64:1.0] 4732240} {[gcr.io/kubernetes-e2e-test-images/porter-amd64@sha256:824f041b2757f8da2980092ace0991b4b8c6689e76c3b94f677521f7157bc7b8 gcr.io/kubernetes-e2e-test-images/porter-amd64:1.0] 4681408} {[gcr.io/kubernetes-e2e-test-images/liveness-amd64@sha256:0a64aa5318ade9f4ed6cd625d8dffdb4ac6a411da30694c53809e99a65de9eff gcr.io/kubernetes-e2e-test-images/liveness-amd64:1.0] 4608721} {[gcr.io/kubernetes-e2e-test-images/entrypoint-tester-amd64@sha256:ef1e5bf4aa80f899f51d173dfcc3106e8daf4c78c28be135b1d421c97f4c9354 gcr.io/kubernetes-e2e-test-images/entrypoint-tester-amd64:1.0] 2729534} {[gcr.io/kubernetes-e2e-test-images/mounttest-amd64@sha256:e3e75014e6df02dc21e6fb95f93b989a2ff8a91f36ae88d74eccbabaa21fc211 gcr.io/kubernetes-e2e-test-images/mounttest-amd64:1.0] 1563521} {[gcr.io/kubernetes-e2e-test-images/mounttest-user-amd64@sha256:1ac490f1442cad4b1c886527470393c71302cc62f5e3304fb08854403cbc68dc gcr.io/kubernetes-e2e-test-images/mounttest-user-amd64:1.0] 1450451} {[busybox@sha256:cb63aa0641a885f54de20f61d152187419e8f6b159ed11a251a09d115fdff9bd busybox:latest] 1162769} {[lzj.icp:8500/ibmcom/pause@sha256:8a18035491d4fbbe481be5eac11819315ec94677ab465608d052d87b3cdcff7f lzj.icp:8500/ibmcom/pause:3.1] 742472}],VolumesInUse:[],VolumesAttached:[],Config:&amp;NodeConfigStatus{Assigned:nil,Active:nil,LastKnownGood:nil,Error:,},},}&#xA;Sep 19 08:02:24.903: INFO: &#xA;Logging kubelet events for node 10.46.6.170&#xA;Sep 19 08:02:24.907: INFO: &#xA;Logging pods the kubelet thinks is on node 10.46.6.170&#xA;Sep 19 08:02:24.921: INFO: sonobuoy-e2e-job-c3f9b53ea97c48a2 started at 2018-09-19 07:22:08 +0000 UTC (0+2 container statuses recorded)&#xA;Sep 19 08:02:24.921: INFO: &#x9;Container e2e ready: true, restart count 0&#xA;Sep 19 08:02:24.921: INFO: &#x9;Container sonobuoy-worker ready: true, restart count 0&#xA;Sep 19 08:02:24.921: INFO: nvidia-device-plugin-9h2k4 started at 2018-09-17 07:07:17 +0000 UTC (1+1 container statuses recorded)&#xA;Sep 19 08:02:24.921: INFO: &#x9;Init container nvidia-driver-collector ready: true, restart count 0&#xA;Sep 19 08:02:24.921: INFO: &#x9;Container nvidia-device-plugin ready: true, restart count 0&#xA;Sep 19 08:02:24.921: INFO: metering-reader-44wd7 started at 2018-09-17 07:14:11 +0000 UTC (1+1 container statuses recorded)&#xA;Sep 19 08:02:24.921: INFO: &#x9;Init container metering-reader-init ready: true, restart count 1&#xA;Sep 19 08:02:24.921: INFO: &#x9;Container metering-reader ready: true, restart count 0&#xA;Sep 19 08:02:24.921: INFO: vulnerability-advisor-live-crawler-ccxd7 started at 2018-09-17 07:19:03 +0000 UTC (0+1 container statuses recorded)&#xA;Sep 19 08:02:24.921: INFO: &#x9;Container live-crawler ready: true, restart count 0&#xA;Sep 19 08:02:24.921: INFO: my-ibm-open-liberty-ibm-7f7d9778d7-7t5jc started at 2018-09-17 08:22:24 +0000 UTC (0+1 container statuses recorded)&#xA;Sep 19 08:02:24.921: INFO: &#x9;Container ibm-open-liberty ready: true, restart count 0&#xA;Sep 19 08:02:24.921: INFO: monitoring-prometheus-nodeexporter-tpbc8 started at 2018-09-17 07:15:44 +0000 UTC (0+2 container statuses recorded)&#xA;Sep 19 08:02:24.921: INFO: &#x9;Container nodeexporter ready: true, restart count 0&#xA;Sep 19 08:02:24.921: INFO: &#x9;Container router ready: true, restart count 0&#xA;Sep 19 08:02:24.921: INFO: audit-logging-fluentd-ds-4cgnk started at 2018-09-17 07:18:46 +0000 UTC (0+1 container statuses recorded)&#xA;Sep 19 08:02:24.921: INFO: &#x9;Container fluentd ready: true, restart count 0&#xA;Sep 19 08:02:24.921: INFO: vulnerability-advisor-process-ma-crawler-5g4zk started at 2018-09-17 07:19:03 +0000 UTC (0+1 container statuses recorded)&#xA;Sep 19 08:02:24.921: INFO: &#x9;Container process-ma-crawler ready: true, restart count 0&#xA;Sep 19 08:02:24.921: INFO: k8s-proxy-10.46.6.170 started at &lt;nil&gt; (0+0 container statuses recorded)&#xA;Sep 19 08:02:24.921: INFO: calico-node-htf97 started at 2018-09-17 07:05:53 +0000 UTC (0+2 container statuses recorded)&#xA;Sep 19 08:02:24.921: INFO: &#x9;Container calico-node ready: true, restart count 0&#xA;Sep 19 08:02:24.921: INFO: &#x9;Container install-cni ready: true, restart count 0&#xA;Sep 19 08:02:24.921: INFO: logging-elk-filebeat-ds-jtd5q started at 2018-09-17 07:15:20 +0000 UTC (0+1 container statuses recorded)&#xA;Sep 19 08:02:24.921: INFO: &#x9;Container filebeat ready: true, restart count 0&#xA;Sep 19 08:02:24.921: INFO: sonobuoy started at 2018-09-19 07:22:02 +0000 UTC (0+1 container statuses recorded)&#xA;Sep 19 08:02:24.921: INFO: &#x9;Container kube-sonobuoy ready: true, restart count 0&#xA;Sep 19 08:02:25.010: INFO: &#xA;Latency metrics for node 10.46.6.170&#xA;Sep 19 08:02:25.010: INFO: &#xA;Logging node info for node 10.46.6.171&#xA;Sep 19 08:02:25.015: INFO: Node Info: &amp;Node{ObjectMeta:k8s_io_apimachinery_pkg_apis_meta_v1.ObjectMeta{Name:10.46.6.171,GenerateName:,Namespace:,SelfLink:/api/v1/nodes/10.46.6.171,UID:0c79152a-ba48-11e8-b20e-fa163e707b2e,ResourceVersion:462964,Generation:0,CreationTimestamp:2018-09-17 07:05:24 +0000 UTC,DeletionTimestamp:&lt;nil&gt;,DeletionGracePeriodSeconds:nil,Labels:map[string]string{beta.kubernetes.io/arch: amd64,beta.kubernetes.io/os: linux,kubernetes.io/hostname: 10.46.6.171,management: true,node-role.kubernetes.io/management: true,},Annotations:map[string]string{node.alpha.kubernetes.io/ttl: 0,volumes.kubernetes.io/controller-managed-attach-detach: true,},OwnerReferences:[],Finalizers:[],ClusterName:,Initializers:nil,},Spec:NodeSpec{PodCIDR:,DoNotUse_ExternalID:,ProviderID:,Unschedulable:false,Taints:[{dedicated management NoSchedule &lt;nil&gt;}],ConfigSource:nil,},Status:NodeStatus{Capacity:ResourceList{cpu: {{8 0} {&lt;nil&gt;} 8 DecimalSI},ephemeral-storage: {{107362627584 0} {&lt;nil&gt;} 104846316Ki BinarySI},hugepages-1Gi: {{0 0} {&lt;nil&gt;} 0 DecimalSI},hugepages-2Mi: {{0 0} {&lt;nil&gt;} 0 DecimalSI},memory: {{16825630720 0} {&lt;nil&gt;}  BinarySI},pods: {{80 0} {&lt;nil&gt;} 80 DecimalSI},},Allocatable:ResourceList{cpu: {{8 0} {&lt;nil&gt;} 8 DecimalSI},ephemeral-storage: {{107257769984 0} {&lt;nil&gt;} 104743916Ki BinarySI},hugepages-1Gi: {{0 0} {&lt;nil&gt;} 0 DecimalSI},hugepages-2Mi: {{0 0} {&lt;nil&gt;} 0 DecimalSI},memory: {{16720773120 0} {&lt;nil&gt;}  BinarySI},pods: {{80 0} {&lt;nil&gt;} 80 DecimalSI},},Phase:,Conditions:[{OutOfDisk False 2018-09-19 08:02:20 +0000 UTC 2018-09-17 07:05:24 +0000 UTC KubeletHasSufficientDisk kubelet has sufficient disk space available} {MemoryPressure False 2018-09-19 08:02:20 +0000 UTC 2018-09-17 07:05:24 +0000 UTC KubeletHasSufficientMemory kubelet has sufficient memory available} {DiskPressure False 2018-09-19 08:02:20 +0000 UTC 2018-09-17 07:05:24 +0000 UTC KubeletHasNoDiskPressure kubelet has no disk pressure} {PIDPressure False 2018-09-19 08:02:20 +0000 UTC 2018-09-17 07:05:24 +0000 UTC KubeletHasSufficientPID kubelet has sufficient PID available} {Ready True 2018-09-19 08:02:20 +0000 UTC 2018-09-17 07:06:05 +0000 UTC KubeletReady kubelet is posting ready status}],Addresses:[{InternalIP 10.46.6.171} {Hostname 10.46.6.171}],DaemonEndpoints:NodeDaemonEndpoints{KubeletEndpoint:DaemonEndpoint{Port:10250,},},NodeInfo:NodeSystemInfo{MachineID:52ca0d2c3fb341c79b059a96d10571a6,SystemUUID:00401CD1-AB88-4341-9CDC-C9648BFB2B56,BootID:706dbc67-f432-47c3-840e-f599801336c8,KernelVersion:3.10.0-862.9.1.el7.x86_64,OSImage:Red Hat Enterprise Linux,ContainerRuntimeVersion:docker://18.3.1,KubeletVersion:v1.11.1+icp-ee,KubeProxyVersion:v1.11.1+icp-ee,OperatingSystem:linux,Architecture:amd64,},Images:[{[lzj.icp:8500/ibmcom/live-crawler@sha256:1a648615e7b439f093697f65350262823e6c711c4b21ea81596ced1c28a48133 lzj.icp:8500/ibmcom/live-crawler:1.3.1] 987515538} {[lzj.icp:8500/ibmcom/hyperkube@sha256:9fbddbf2d04354912c8a981395493d250474cb9fa587fa91119e69467078b180 lzj.icp:8500/ibmcom/hyperkube:v1.11.1-ee] 782626408} {[lzj.icp:8500/ibmcom/icp-logstash@sha256:a182a00827aefe7f5f95b18fa1ec8f6897989290b37f3d98bd6440ddda796433 lzj.icp:8500/ibmcom/icp-logstash:5.5.1] 764906887} {[lzj.icp:8500/ibmcom/icp-kibana@sha256:6e2746da64a64f98c5761b87d5e185a9c2ac75c9c4e767ab284062b1847b7571 lzj.icp:8500/ibmcom/icp-kibana:5.5.1] 639622018} {[lzj.icp:8500/ibmcom/icp-elasticsearch@sha256:b410aacb6005fe24bfd87b045ea26fde3d6eb3ca52c3f0e4560cdc208944ba50 lzj.icp:8500/ibmcom/icp-elasticsearch:5.5.1] 520121248} {[lzj.icp:8500/ibmcom/logging-pki-init@sha256:21aa9cbd05a849b4891b15cf636f73545f6001f16c82f8eeed2e90b4f9312377 lzj.icp:8500/ibmcom/logging-pki-init:2.0.0] 501921135} {[lzj.icp:8500/ibmcom/searchguard-init@sha256:3d0d8a8404a9df5ad238bce1e0542cdda609cc445dfc3964952243d9fc103276 lzj.icp:8500/ibmcom/searchguard-init:2.0.0] 457030441} {[lzj.icp:8500/ibmcom/metering-ui@sha256:d6453f9afecc9b1fc778c195e20bbb39d4ef6262af2f7a9a5ce3cddc259fec99 lzj.icp:8500/ibmcom/metering-ui:3.1.0] 385577105} {[lzj.icp:8500/ibmcom/icp-filebeat@sha256:72669dde64d7ab85bbb9e93428efe548b2693a4eae5168a4705f6e30cd20e584 lzj.icp:8500/ibmcom/icp-filebeat:5.5.1] 317104874} {[lzj.icp:8500/ibmcom/fluentd@sha256:f85a5ffd86438f1a73d04caf6e33ef3474675d9fa0947431f4d0a9602fc981af lzj.icp:8500/ibmcom/fluentd:v1.2.2-icp] 270902701} {[lzj.icp:8500/ibmcom/elasticsearch-plugin-searchguard@sha256:f47116021e3eec7b2fed9f6ed8bd77fd890457e5a1546dda7f863c032d4395b1 lzj.icp:8500/ibmcom/elasticsearch-plugin-searchguard:2.0.0] 267864279} {[lzj.icp:8500/ibmcom/calico-node@sha256:85a23d8030137d49663d3d82844a61998331606de9fc523dfdd0a75be7fb9828 lzj.icp:8500/ibmcom/calico-node:v3.1.3] 248202699} {[lzj.icp:8500/ibmcom/grafana@sha256:5d2739d3ec5c7f6ea66d69caa918b764660b99a3d37cb1f4123f1a9623ce8e38 lzj.icp:8500/ibmcom/grafana:5.2.0] 245297582} {[lzj.icp:8500/ibmcom/indices-cleaner@sha256:31dac3be1246f17dddade06b517c073244ce56d85bc54135fdaf010dbb0bca10 lzj.icp:8500/ibmcom/indices-cleaner:1.0.0] 238131553} {[lzj.icp:8500/ibmcom/curl@sha256:adf92a267e351914d041a56d64ebe80331c45f8e20ab23b7ada67bea78da9996 lzj.icp:8500/ibmcom/curl:4.0.0] 221192597} {[lzj.icp:8500/ibmcom/nvidia-device-plugin@sha256:2d57caa41994d1e0b3d952526a651f8da487e068874d1075f915fa48ad969ba6 lzj.icp:8500/ibmcom/nvidia-device-plugin:1.0] 132413452} {[lzj.icp:8500/ibmcom/metering-data-manager@sha256:97803f4458c6f6ca62076cf6958cb8ab98cf9ffed7cd4977550eeaa6db8ead70 lzj.icp:8500/ibmcom/metering-data-manager:3.1.0] 121942877} {[lzj.icp:8500/ibmcom/prometheus@sha256:91cba3cbf7a61499969a8a5a27347830ed1740b2285de9ac31e231e7ce44deb7 lzj.icp:8500/ibmcom/prometheus:v2.3.1] 118818909} {[lzj.icp:8500/ibmcom/icp-management-ingress@sha256:259a9d288f5ee4f169c618b6d870b5ae38b954a3bf69f3f392523b1aaa9f4001 lzj.icp:8500/ibmcom/icp-management-ingress:2.2.1] 80410712} {[lzj.icp:8500/ibmcom/calico-cni@sha256:b56c2d3e62bd02f15dd5ec335c25ac81bb39d214e904525227640790686855d7 lzj.icp:8500/ibmcom/calico-cni:v3.1.3] 68849270} {[lzj.icp:8500/ibmcom/k8s-prometheus-adapter@sha256:cf7f0c35ff0a0ec9cf743ef87e4c951f74d3fd0b4b97925784cc857565b4d7ba lzj.icp:8500/ibmcom/k8s-prometheus-adapter:v0.2.1.1] 52134773} {[lzj.icp:8500/ibmcom/metrics-server@sha256:973b5dd33165e4856f22a9f48a9b7f5bd2f01399d6479c46212ea92336a9ca40 lzj.icp:8500/ibmcom/metrics-server:v0.2.1.1] 42541759} {[lzj.icp:8500/ibmcom/ibmcloud-image-enforcement@sha256:d29efeb868c054eead02eec72c86f690c4a8c81b95f99f22bbc873644b090e99 lzj.icp:8500/ibmcom/ibmcloud-image-enforcement:0.2.0] 40040099} {[lzj.icp:8500/ibmcom/alertmanager@sha256:f3e7d379040499e05c1377862cc8a74cd5ffed2a175bf62fc18dc07b98d6ab00 lzj.icp:8500/ibmcom/alertmanager:v0.15.0] 36095602} {[lzj.icp:8500/ibmcom/kube-state-metrics@sha256:6a574d2e4a7338abdd3d0b85dd2510cbf046cd09a70505b99513feee42d00559 lzj.icp:8500/ibmcom/kube-state-metrics:v1.3.0] 35646776} {[lzj.icp:8500/ibmcom/node-exporter@sha256:b24db452b1a0bf46abba095162d0fbc89ea40eeabbfe43ae01dab54107ecff0e lzj.icp:8500/ibmcom/node-exporter:v0.16.0] 22915749} {[lzj.icp:8500/ibmcom/configmap-reload@sha256:77a4ede137dd4980fe02c70ad189bf7b89dd1a9e134c0fe4475842fe8948f6a9 lzj.icp:8500/ibmcom/configmap-reload:v0.2.2] 22381476} {[lzj.icp:8500/ibmcom/collectd-exporter@sha256:0ef0cfb0a60f66046851bfafbfa1913814c7a4967e4e7561ce5111186338f6d9 lzj.icp:8500/ibmcom/collectd-exporter:v0.4.0] 13695364} {[lzj.icp:8500/ibmcom/elasticsearch-exporter@sha256:27806a00f45314a1c06af096236004020a98202edbbce81d993aadfaca0c66a0 lzj.icp:8500/ibmcom/elasticsearch-exporter:1.0.2] 9202086} {[lzj.icp:8500/ibmcom/icp-initcontainer@sha256:c1b9397380303cfc23505576a19859c7e26936f80a26bb4fae95ef68e7775de8 lzj.icp:8500/ibmcom/icp-initcontainer:1.0.0] 3965926} {[lzj.icp:8500/ibmcom/pause@sha256:8a18035491d4fbbe481be5eac11819315ec94677ab465608d052d87b3cdcff7f lzj.icp:8500/ibmcom/pause:3.1] 742472}],VolumesInUse:[],VolumesAttached:[],Config:&amp;NodeConfigStatus{Assigned:nil,Active:nil,LastKnownGood:nil,Error:,},},}&#xA;Sep 19 08:02:25.015: INFO: &#xA;Logging kubelet events for node 10.46.6.171&#xA;Sep 19 08:02:25.019: INFO: &#xA;Logging pods the kubelet thinks is on node 10.46.6.171&#xA;Sep 19 08:02:25.039: INFO: monitoring-prometheus-nodeexporter-9fnpb started at 2018-09-17 07:15:44 +0000 UTC (0+2 container statuses recorded)&#xA;Sep 19 08:02:25.039: INFO: &#x9;Container nodeexporter ready: true, restart count 0&#xA;Sep 19 08:02:25.039: INFO: &#x9;Container router ready: true, restart count 0&#xA;Sep 19 08:02:25.039: INFO: monitoring-prometheus-kubestatemetrics-54dcbb6cfb-76zmm started at 2018-09-17 07:15:45 +0000 UTC (0+2 container statuses recorded)&#xA;Sep 19 08:02:25.039: INFO: &#x9;Container kubestatemetrics ready: true, restart count 0&#xA;Sep 19 08:02:25.039: INFO: &#x9;Container router ready: true, restart count 0&#xA;Sep 19 08:02:25.039: INFO: audit-logging-fluentd-ds-bc22k started at 2018-09-17 07:18:46 +0000 UTC (0+1 container statuses recorded)&#xA;Sep 19 08:02:25.039: INFO: &#x9;Container fluentd ready: true, restart count 0&#xA;Sep 19 08:02:25.039: INFO: k8s-proxy-10.46.6.171 started at &lt;nil&gt; (0+0 container statuses recorded)&#xA;Sep 19 08:02:25.039: INFO: metrics-server-6d6695f9db-8t4xs started at 2018-09-17 07:08:51 +0000 UTC (0+1 container statuses recorded)&#xA;Sep 19 08:02:25.039: INFO: &#x9;Container metrics-server ready: true, restart count 0&#xA;Sep 19 08:02:25.039: INFO: metering-dm-8b475fc57-cmm6h started at 2018-09-17 07:14:12 +0000 UTC (1+1 container statuses recorded)&#xA;Sep 19 08:02:25.039: INFO: &#x9;Init container metering-dm-init ready: true, restart count 0&#xA;Sep 19 08:02:25.039: INFO: &#x9;Container metering-dm ready: true, restart count 0&#xA;Sep 19 08:02:25.039: INFO: logging-elk-data-0 started at 2018-09-17 07:15:21 +0000 UTC (3+1 container statuses recorded)&#xA;Sep 19 08:02:25.039: INFO: &#x9;Init container chmod ready: true, restart count 0&#xA;Sep 19 08:02:25.039: INFO: &#x9;Init container sysctl ready: true, restart count 0&#xA;Sep 19 08:02:25.039: INFO: &#x9;Init container plugin-bundle ready: true, restart count 0&#xA;Sep 19 08:02:25.039: INFO: &#x9;Container es-data ready: true, restart count 0&#xA;Sep 19 08:02:25.039: INFO: logging-elk-kibana-ff4db4866-s2295 started at 2018-09-17 07:15:21 +0000 UTC (0+2 container statuses recorded)&#xA;Sep 19 08:02:25.039: INFO: &#x9;Container kibana ready: true, restart count 0&#xA;Sep 19 08:02:25.039: INFO: &#x9;Container router ready: true, restart count 0&#xA;Sep 19 08:02:25.039: INFO: monitoring-prometheus-alertmanager-7d8749dbb8-xj68d started at 2018-09-17 07:15:46 +0000 UTC (0+3 container statuses recorded)&#xA;Sep 19 08:02:25.039: INFO: &#x9;Container alertmanager ready: true, restart count 0&#xA;Sep 19 08:02:25.039: INFO: &#x9;Container configmap-reload ready: true, restart count 0&#xA;Sep 19 08:02:25.039: INFO: &#x9;Container router ready: true, restart count 0&#xA;Sep 19 08:02:25.039: INFO: monitoring-prometheus-collectdexporter-77575678dc-v8n2l started at 2018-09-17 07:15:46 +0000 UTC (0+2 container statuses recorded)&#xA;Sep 19 08:02:25.039: INFO: &#x9;Container collectd-exporter ready: true, restart count 0&#xA;Sep 19 08:02:25.039: INFO: &#x9;Container router ready: true, restart count 0&#xA;Sep 19 08:02:25.039: INFO: vulnerability-advisor-live-crawler-xxz8p started at 2018-09-17 07:19:03 +0000 UTC (0+1 container statuses recorded)&#xA;Sep 19 08:02:25.039: INFO: &#x9;Container live-crawler ready: true, restart count 0&#xA;Sep 19 08:02:25.039: INFO: nvidia-device-plugin-vh85n started at 2018-09-17 07:07:17 +0000 UTC (1+1 container statuses recorded)&#xA;Sep 19 08:02:25.039: INFO: &#x9;Init container nvidia-driver-collector ready: true, restart count 0&#xA;Sep 19 08:02:25.039: INFO: &#x9;Container nvidia-device-plugin ready: true, restart count 0&#xA;Sep 19 08:02:25.039: INFO: custom-metrics-adapter-64f64964b4-f9gmc started at 2018-09-17 07:14:28 +0000 UTC (1+1 container statuses recorded)&#xA;Sep 19 08:02:25.039: INFO: &#x9;Init container init-adapter ready: true, restart count 0&#xA;Sep 19 08:02:25.039: INFO: &#x9;Container custom-metrics-adapter ready: true, restart count 0&#xA;Sep 19 08:02:25.039: INFO: logging-elk-elasticsearch-tls-init-6hnl4 started at 2018-09-17 07:15:20 +0000 UTC (0+1 container statuses recorded)&#xA;Sep 19 08:02:25.039: INFO: &#x9;Container searchguard-init ready: false, restart count 0&#xA;Sep 19 08:02:25.039: INFO: logging-elk-filebeat-ds-bs86r started at 2018-09-17 07:15:20 +0000 UTC (0+1 container statuses recorded)&#xA;Sep 19 08:02:25.039: INFO: &#x9;Container filebeat ready: true, restart count 0&#xA;Sep 19 08:02:25.039: INFO: logging-elk-client-75d4d7994c-7g7fn started at 2018-09-17 07:15:21 +0000 UTC (2+3 container statuses recorded)&#xA;Sep 19 08:02:25.039: INFO: &#x9;Init container sysctl ready: true, restart count 0&#xA;Sep 19 08:02:25.039: INFO: &#x9;Init container plugin-bundle ready: true, restart count 0&#xA;Sep 19 08:02:25.039: INFO: &#x9;Container es-client ready: true, restart count 0&#xA;Sep 19 08:02:25.039: INFO: &#x9;Container indices-cleaner ready: true, restart count 0&#xA;Sep 19 08:02:25.039: INFO: &#x9;Container router ready: true, restart count 0&#xA;Sep 19 08:02:25.039: INFO: calico-node-gpm2c started at 2018-09-17 07:05:53 +0000 UTC (0+2 container statuses recorded)&#xA;Sep 19 08:02:25.039: INFO: &#x9;Container calico-node ready: true, restart count 0&#xA;Sep 19 08:02:25.039: INFO: &#x9;Container install-cni ready: true, restart count 0&#xA;Sep 19 08:02:25.039: INFO: metering-reader-xq8f2 started at 2018-09-17 07:14:11 +0000 UTC (1+1 container statuses recorded)&#xA;Sep 19 08:02:25.039: INFO: &#x9;Init container metering-reader-init ready: true, restart count 1&#xA;Sep 19 08:02:25.039: INFO: &#x9;Container metering-reader ready: true, restart count 0&#xA;Sep 19 08:02:25.039: INFO: logging-elk-logstash-7994656f46-r89mt started at 2018-09-17 07:15:22 +0000 UTC (0+1 container statuses recorded)&#xA;Sep 19 08:02:25.039: INFO: &#x9;Container logstash ready: true, restart count 0&#xA;Sep 19 08:02:25.039: INFO: monitoring-prometheus-elasticsearchexporter-655864cccb-c6tps started at 2018-09-17 07:15:46 +0000 UTC (0+2 container statuses recorded)&#xA;Sep 19 08:02:25.039: INFO: &#x9;Container elasticsearchexporter ready: true, restart count 0&#xA;Sep 19 08:02:25.039: INFO: &#x9;Container router ready: true, restart count 0&#xA;Sep 19 08:02:25.039: INFO: monitoring-prometheus-6677d7c77f-pnpt5 started at 2018-09-17 07:15:46 +0000 UTC (1+4 container statuses recorded)&#xA;Sep 19 08:02:25.039: INFO: &#x9;Init container init-container ready: true, restart count 0&#xA;Sep 19 08:02:25.039: INFO: &#x9;Container configmap-reload-alertrules ready: true, restart count 0&#xA;Sep 19 08:02:25.039: INFO: &#x9;Container configmap-reload-prometheus ready: true, restart count 0&#xA;Sep 19 08:02:25.039: INFO: &#x9;Container prometheus ready: true, restart count 0&#xA;Sep 19 08:02:25.039: INFO: &#x9;Container router ready: true, restart count 0&#xA;Sep 19 08:02:25.039: INFO: ibmcloud-image-enforcement-76ddccbf9f-kqmlb started at 2018-09-17 07:14:02 +0000 UTC (0+1 container statuses recorded)&#xA;Sep 19 08:02:25.039: INFO: &#x9;Container ibmcloud-image-enforcement ready: true, restart count 0&#xA;Sep 19 08:02:25.039: INFO: metering-ui-5bbfbb5d49-wkh8m started at 2018-09-17 07:14:12 +0000 UTC (1+1 container statuses recorded)&#xA;Sep 19 08:02:25.039: INFO: &#x9;Init container metering-ui-init ready: true, restart count 0&#xA;Sep 19 08:02:25.039: INFO: &#x9;Container metering-ui ready: true, restart count 0&#xA;Sep 19 08:02:25.039: INFO: logging-elk-master-6cdcf45f7d-gp28f started at 2018-09-17 07:15:21 +0000 UTC (2+1 container statuses recorded)&#xA;Sep 19 08:02:25.039: INFO: &#x9;Init container sysctl ready: true, restart count 0&#xA;Sep 19 08:02:25.039: INFO: &#x9;Init container plugin-bundle ready: true, restart count 0&#xA;Sep 19 08:02:25.039: INFO: &#x9;Container es-master ready: true, restart count 0&#xA;Sep 19 08:02:25.039: INFO: monitoring-grafana-548b947c8c-dh89z started at 2018-09-17 07:15:46 +0000 UTC (1+2 container statuses recorded)&#xA;Sep 19 08:02:25.039: INFO: &#x9;Init container init-container ready: true, restart count 0&#xA;Sep 19 08:02:25.039: INFO: &#x9;Container grafana ready: true, restart count 0&#xA;Sep 19 08:02:25.039: INFO: &#x9;Container router ready: true, restart count 0&#xA;Sep 19 08:02:25.039: INFO: vulnerability-advisor-process-ma-crawler-b7k2d started at 2018-09-17 07:19:03 +0000 UTC (0+1 container statuses recorded)&#xA;Sep 19 08:02:25.039: INFO: &#x9;Container process-ma-crawler ready: true, restart count 0&#xA;Sep 19 08:02:25.103: INFO: &#xA;Latency metrics for node 10.46.6.171&#xA;Sep 19 08:02:25.103: INFO: &#xA;Logging node info for node 10.46.6.172&#xA;Sep 19 08:02:25.107: INFO: Node Info: &amp;Node{ObjectMeta:k8s_io_apimachinery_pkg_apis_meta_v1.ObjectMeta{Name:10.46.6.172,GenerateName:,Namespace:,SelfLink:/api/v1/nodes/10.46.6.172,UID:0c6032ef-ba48-11e8-b20e-fa163e707b2e,ResourceVersion:462985,Generation:0,CreationTimestamp:2018-09-17 07:05:24 +0000 UTC,DeletionTimestamp:&lt;nil&gt;,DeletionGracePeriodSeconds:nil,Labels:map[string]string{beta.kubernetes.io/arch: amd64,beta.kubernetes.io/os: linux,kubernetes.io/hostname: 10.46.6.172,node-role.kubernetes.io/va: true,va: true,},Annotations:map[string]string{node.alpha.kubernetes.io/ttl: 0,volumes.kubernetes.io/controller-managed-attach-detach: true,},OwnerReferences:[],Finalizers:[],ClusterName:,Initializers:nil,},Spec:NodeSpec{PodCIDR:,DoNotUse_ExternalID:,ProviderID:,Unschedulable:false,Taints:[{dedicated va NoSchedule &lt;nil&gt;}],ConfigSource:nil,},Status:NodeStatus{Capacity:ResourceList{cpu: {{8 0} {&lt;nil&gt;} 8 DecimalSI},ephemeral-storage: {{107362627584 0} {&lt;nil&gt;} 104846316Ki BinarySI},hugepages-1Gi: {{0 0} {&lt;nil&gt;} 0 DecimalSI},hugepages-2Mi: {{0 0} {&lt;nil&gt;} 0 DecimalSI},memory: {{16825622528 0} {&lt;nil&gt;}  BinarySI},pods: {{80 0} {&lt;nil&gt;} 80 DecimalSI},},Allocatable:ResourceList{cpu: {{8 0} {&lt;nil&gt;} 8 DecimalSI},ephemeral-storage: {{107257769984 0} {&lt;nil&gt;} 104743916Ki BinarySI},hugepages-1Gi: {{0 0} {&lt;nil&gt;} 0 DecimalSI},hugepages-2Mi: {{0 0} {&lt;nil&gt;} 0 DecimalSI},memory: {{16720764928 0} {&lt;nil&gt;}  BinarySI},pods: {{80 0} {&lt;nil&gt;} 80 DecimalSI},},Phase:,Conditions:[{OutOfDisk False 2018-09-19 08:02:24 +0000 UTC 2018-09-17 07:05:24 +0000 UTC KubeletHasSufficientDisk kubelet has sufficient disk space available} {MemoryPressure False 2018-09-19 08:02:24 +0000 UTC 2018-09-17 07:05:24 +0000 UTC KubeletHasSufficientMemory kubelet has sufficient memory available} {DiskPressure False 2018-09-19 08:02:24 +0000 UTC 2018-09-17 07:05:24 +0000 UTC KubeletHasNoDiskPressure kubelet has no disk pressure} {PIDPressure False 2018-09-19 08:02:24 +0000 UTC 2018-09-17 07:05:24 +0000 UTC KubeletHasSufficientPID kubelet has sufficient PID available} {Ready True 2018-09-19 08:02:24 +0000 UTC 2018-09-17 07:06:04 +0000 UTC KubeletReady kubelet is posting ready status}],Addresses:[{InternalIP 10.46.6.172} {Hostname 10.46.6.172}],DaemonEndpoints:NodeDaemonEndpoints{KubeletEndpoint:DaemonEndpoint{Port:10250,},},NodeInfo:NodeSystemInfo{MachineID:52ca0d2c3fb341c79b059a96d10571a6,SystemUUID:3D48E3C5-99D8-4CA3-9AB5-A8540613166F,BootID:d81d494e-264a-48ce-a4f2-76b16f6ece1f,KernelVersion:3.10.0-862.9.1.el7.x86_64,OSImage:Red Hat Enterprise Linux,ContainerRuntimeVersion:docker://18.3.1,KubeletVersion:v1.11.1+icp-ee,KubeProxyVersion:v1.11.1+icp-ee,OperatingSystem:linux,Architecture:amd64,},Images:[{[lzj.icp:8500/ibmcom/statsd-amd64@sha256:5ee11bc24bced45a77d9d630348680f319c09d9d3b2230b04518d1e2a5263ae2 lzj.icp:8500/ibmcom/statsd@sha256:af7a9d0c4f029d0247da41f67c7e87f3655175962b79a189a6a9ace0ff841049 lzj.icp:8500/ibmcom/statsd-amd64:0.7.2.1 lzj.icp:8500/ibmcom/statsd:0.7.2.1] 1234731808} {[lzj.icp:8500/ibmcom/kafka-amd64@sha256:0d6d348ccd7aa2854d60791331280e58db92029a522c8bfb3eb40c7c0913ca8f lzj.icp:8500/ibmcom/kafka@sha256:f0b4a833c3da439cadb783bb9cb578f96b1328557b8402a98f01c5c21497d93a lzj.icp:8500/ibmcom/kafka-amd64:0.10.0.2 lzj.icp:8500/ibmcom/kafka:0.10.0.2] 1114805679} {[lzj.icp:8500/ibmcom/iam-token-service-amd64@sha256:9211161e5b5b9d892a99b46fad4429333ceb7143b4039419df7ea0efa36381a9 lzj.icp:8500/ibmcom/iam-token-service@sha256:1b9308e68de93b43e9a85c0e005d80d423e88db7d88ee7114a80b2fade7a78ed lzj.icp:8500/ibmcom/iam-token-service-amd64:3.1.0 lzj.icp:8500/ibmcom/iam-token-service:3.1.0] 1051060152} {[lzj.icp:8500/ibmcom/icp-platform-auth-amd64@sha256:abc258009b8696a83214b7a9d9df63f6d83e19cfca2987c4836b0eadfa4c99c7 lzj.icp:8500/ibmcom/icp-platform-auth@sha256:c544b90a099b6c29ba4ee7f2ad4dded1277c948a0826b38ebe3250cdc7d1529c lzj.icp:8500/ibmcom/icp-platform-auth-amd64:3.1.0 lzj.icp:8500/ibmcom/icp-platform-auth:3.1.0] 1028283742} {[lzj.icp:8500/ibmcom/reg-crawler-amd64@sha256:9e5d4ebbac3dd6cbf9f892b5bd634f89fae3d4b2e6a23debd3ecd322e3eb817e lzj.icp:8500/ibmcom/reg-crawler@sha256:a9033d9cb2406d11c616fdfedc9bc56bc4ef970bd0a7b02899b3e5c1b353799b lzj.icp:8500/ibmcom/reg-crawler-amd64:1.3.1 lzj.icp:8500/ibmcom/reg-crawler:1.3.1] 1007817363} {[lzj.icp:8500/ibmcom/live-crawler-amd64@sha256:37a79ec87bd3c8b9af25cf1e25f4f14281ffb9f5ebeaf61c0b7c8a5799baf782 lzj.icp:8500/ibmcom/live-crawler@sha256:1a648615e7b439f093697f65350262823e6c711c4b21ea81596ced1c28a48133 lzj.icp:8500/ibmcom/live-crawler-amd64:1.3.1 lzj.icp:8500/ibmcom/live-crawler:1.3.1] 987515538} {[lzj.icp:8500/ibmcom/cos-indexer-amd64@sha256:adf28ff960ebdcbfcfa5e4522b81aa3565338f8d640dad611a1c3f0d3894393b lzj.icp:8500/ibmcom/cos-indexer@sha256:bb31dc8ef37e8482b2b9dedc0e54f46f7d3c678b22a3130eca9dde80fed65df1 lzj.icp:8500/ibmcom/cos-indexer-amd64:1.3.1 lzj.icp:8500/ibmcom/cos-indexer:1.3.1] 846578165} {[lzj.icp:8500/ibmcom/secure-config-annotator-amd64@sha256:26e845c6a252e0c5ae73e764645993b3270e289d1a2e9784b06ddd7898ca45d9 lzj.icp:8500/ibmcom/secure-config-annotator@sha256:cfaadd13c4ef4bdc937d296faff78e98473be8c9c6ae6b4a38927c952948914f lzj.icp:8500/ibmcom/secure-config-annotator-amd64:1.3.1 lzj.icp:8500/ibmcom/secure-config-annotator:1.3.1] 835555196} {[lzj.icp:8500/ibmcom/hyperkube-amd64@sha256:9eaadf7c2a417ee2a9a219e2eadf21884742199a484be2ca737f0e8a178d490a lzj.icp:8500/ibmcom/hyperkube@sha256:9fbddbf2d04354912c8a981395493d250474cb9fa587fa91119e69467078b180 lzj.icp:8500/ibmcom/hyperkube-amd64:v1.11.1-ee lzj.icp:8500/ibmcom/hyperkube:v1.11.1-ee] 782626408} {[lzj.icp:8500/ibmcom/compliance-annotator-amd64@sha256:5d8bbbef3a7dc54ba9addb256d2aa8a3f7d5c27a454ff4b7ee583b217dac2ce4 lzj.icp:8500/ibmcom/compliance-annotator@sha256:be00ccb777b1e90601cc563112e32ae831b0fb7d4933f1aa3c49379cabe41c3f lzj.icp:8500/ibmcom/compliance-annotator-amd64:1.3.1 lzj.icp:8500/ibmcom/compliance-annotator:1.3.1] 773932738} {[lzj.icp:8500/ibmcom/icp-logstash-amd64@sha256:02a683ee6ad9eeed7ea8ebb1de713aaf902a9e20a39ccc0294ee1f947f1bbd73 lzj.icp:8500/ibmcom/icp-logstash@sha256:a182a00827aefe7f5f95b18fa1ec8f6897989290b37f3d98bd6440ddda796433 lzj.icp:8500/ibmcom/icp-logstash-amd64:5.5.1 lzj.icp:8500/ibmcom/icp-logstash:5.5.1] 764906887} {[lzj.icp:8500/ibmcom/process-ma-hf-amd64@sha256:ef0d164350d07600f8037082db7d98cf81b9c554d8a60692ae90b8d0239a8cdc lzj.icp:8500/ibmcom/process-ma-hf@sha256:114b48d67e46f6ad3624dfa99baab8f9c62fb5ba88d210d0f42e106eda4e0ee8 lzj.icp:8500/ibmcom/process-ma-hf-amd64:1.3.1 lzj.icp:8500/ibmcom/process-ma-hf:1.3.1] 758635128} {[lzj.icp:8500/ibmcom/vulnerability-annotator-amd64@sha256:febedf85b65e0d1800e67249274d474d4ce67e8041e81487f76bce727cb39bd4 lzj.icp:8500/ibmcom/vulnerability-annotator@sha256:2ca368468e5d1c7ed82b3947b8d8904da34969bd72e67b382bfd0579fe3f148d lzj.icp:8500/ibmcom/vulnerability-annotator-amd64:1.3.1 lzj.icp:8500/ibmcom/vulnerability-annotator:1.3.1] 757013017} {[lzj.icp:8500/ibmcom/py-generic-indexer-amd64@sha256:45cb17e23e15f4dfe44471309af12f0655aad5f8e859c718f393290f220b02b2 lzj.icp:8500/ibmcom/py-generic-indexer@sha256:63a28bc72b6588e508ad23b569a228d6219e2d6fdddb2b1b073e1d2c70ec7641 lzj.icp:8500/ibmcom/py-generic-indexer-amd64:1.3.1 lzj.icp:8500/ibmcom/py-generic-indexer:1.3.1] 755588945} {[lzj.icp:8500/ibmcom/icp-inception-amd64@sha256:1dad180d14ae732d17ca5cf41b87dbb316c072323f186d60a08a753f904eb5b2 lzj.icp:8500/ibmcom/icp-inception@sha256:d395315f0fde94a5cacd9945cd7932b4eda45fe404a6b9d55a8ec8ebeed2a0a8 lzj.icp:8500/ibmcom/icp-inception-amd64:3.1.0-ee lzj.icp:8500/ibmcom/icp-inception:3.1.0-ee] 744155119} {[lzj.icp:8500/ibmcom/config-parser-amd64@sha256:7d721e0b5a827921ac16fa9e7570db225211e6dd700cdeaba1d28ba02ff8ef6d lzj.icp:8500/ibmcom/config-parser@sha256:2b7d6f1ea57d6e4d9caaca5d0e2bb35d2e6db316e2f18ef9a51b5bfa48119f69 lzj.icp:8500/ibmcom/config-parser-amd64:1.3.1 lzj.icp:8500/ibmcom/config-parser:1.3.1] 739243486} {[lzj.icp:8500/ibmcom/iam-policy-administration-amd64@sha256:e1941aa09a5b692505cb3be3e497d3ff9acb900786b9a2c8c4c00d0243b37dd0 lzj.icp:8500/ibmcom/iam-policy-administration@sha256:ab0d5c50f5e5fc9a537e97183ed694e34d57fa00121bc08bedb261b80e29b9a4 lzj.icp:8500/ibmcom/iam-policy-administration-amd64:3.1.0 lzj.icp:8500/ibmcom/iam-policy-administration:3.1.0] 711947327} {[lzj.icp:8500/ibmcom/password-annotator-amd64@sha256:bca1b6b222d8ea8ade174a8cc1a549f161d75d3e9d69881f08a1fb316a8e27d3 lzj.icp:8500/ibmcom/password-annotator@sha256:5c7e8db45db52a6bca7d76ae8c2ff74eb43644f7959d66ddc67454bcbca765ec lzj.icp:8500/ibmcom/password-annotator-amd64:1.3.1 lzj.icp:8500/ibmcom/password-annotator:1.3.1] 707627907} {[lzj.icp:8500/ibmcom/notification-dispatcher-amd64@sha256:ec8dfbc351a0d758488f9f8bfa17c3182a5c02819a6ebf7144ab914a2233cf57 lzj.icp:8500/ibmcom/notification-dispatcher@sha256:6d7e6b836f0cfeb5fb18cd29fdd8315fb44013f8d21830b9c5ab60b605c5e3c5 lzj.icp:8500/ibmcom/notification-dispatcher-amd64:1.3.1 lzj.icp:8500/ibmcom/notification-dispatcher:1.3.1] 707588442} {[lzj.icp:8500/ibmcom/sas-base-amd64@sha256:9651b1149c62d5a0968aaeffe71f2da68cd7e07ff8d7ea67538278c00ab08457 lzj.icp:8500/ibmcom/sas-base@sha256:56bb0790e5f06276b7435c731687f733901fedc80af299dc8a8eaf72d7365560 lzj.icp:8500/ibmcom/sas-base-amd64:1.3.1 lzj.icp:8500/ibmcom/sas-base:1.3.1] 653746081} {[lzj.icp:8500/ibmcom/ma-file-annotator-amd64@sha256:8caa6280fd845fd524ad874a6b243510ebf085d58c989229020fcfc743492632 lzj.icp:8500/ibmcom/ma-file-annotator@sha256:cd8dc2a26e2a84bf7d8ba982c6a21c034239de5e2dc12767d3f60985e495d957 lzj.icp:8500/ibmcom/ma-file-annotator-amd64:1.3.1 lzj.icp:8500/ibmcom/ma-file-annotator:1.3.1] 653745236} {[lzj.icp:8500/ibmcom/icp-kibana-amd64@sha256:8b69887ac5297e1d2e68b9c2ce885b9a888f6c278ca1538acb0f03206b48502a lzj.icp:8500/ibmcom/icp-kibana@sha256:6e2746da64a64f98c5761b87d5e185a9c2ac75c9c4e767ab284062b1847b7571 lzj.icp:8500/ibmcom/icp-kibana-amd64:5.5.1 lzj.icp:8500/ibmcom/icp-kibana:5.5.1] 639622018} {[lzj.icp:8500/ibmcom/icp-platform-api-amd64@sha256:1fc47925c2611aef12631b3f3806308f55a298074aebc561fd04cf8a7691c669 lzj.icp:8500/ibmcom/icp-platform-api@sha256:6b5585999f45fa6dc7a6a1d8bcb4d544c96a3e1fd3bd9f133ebed2e356985a0e lzj.icp:8500/ibmcom/icp-platform-api-amd64:3.1.0 lzj.icp:8500/ibmcom/icp-platform-api:3.1.0] 612589125} {[lzj.icp:8500/ibmcom/iam-policy-decision-amd64@sha256:d49eb3845c57bb8370a477949d92da10a178b81ade50f0e9d970981fadd6686d lzj.icp:8500/ibmcom/iam-policy-decision@sha256:ecd9f36e17e57c6be41e744abc17baacddd28178485d29cb112ffc5e558d2c09 lzj.icp:8500/ibmcom/iam-policy-decision-amd64:3.1.0 lzj.icp:8500/ibmcom/iam-policy-decision:3.1.0] 559718344} {[lzj.icp:8500/ibmcom/rootkit-annotator-amd64@sha256:caf6c24136b8785d901f346a640d673b55fe105c3617cfcb432ee2006f5b1cf4 lzj.icp:8500/ibmcom/rootkit-annotator@sha256:9aabe418ab5c5b3ce86dcfad5dc63a14124bf56227a7decb6656382f2cf9606e lzj.icp:8500/ibmcom/rootkit-annotator-amd64:1.3.1 lzj.icp:8500/ibmcom/rootkit-annotator:1.3.1] 549434506} {[lzj.icp:8500/ibmcom/icp-elasticsearch-amd64@sha256:0063a7a931ca4e52d8f7a51f2bdb010345f4373b5b904b52e5c8a48ec0c1fde7 lzj.icp:8500/ibmcom/icp-elasticsearch@sha256:b410aacb6005fe24bfd87b045ea26fde3d6eb3ca52c3f0e4560cdc208944ba50 lzj.icp:8500/ibmcom/icp-elasticsearch-amd64:5.5.1 lzj.icp:8500/ibmcom/icp-elasticsearch:5.5.1] 520121248} {[lzj.icp:8500/ibmcom/logging-pki-init-amd64@sha256:cc4bfa085e1ae99120ee526acd3e62d205e10de6f1c773c521fc5b933914f6a8 lzj.icp:8500/ibmcom/logging-pki-init@sha256:21aa9cbd05a849b4891b15cf636f73545f6001f16c82f8eeed2e90b4f9312377 lzj.icp:8500/ibmcom/logging-pki-init-amd64:2.0.0 lzj.icp:8500/ibmcom/logging-pki-init:2.0.0] 501921135} {[lzj.icp:8500/ibmcom/searchguard-init-amd64@sha256:d19ce1d27f406945d4ed78b0f07007998c2ab3889086e502924847c2186db546 lzj.icp:8500/ibmcom/searchguard-init@sha256:3d0d8a8404a9df5ad238bce1e0542cdda609cc445dfc3964952243d9fc103276 lzj.icp:8500/ibmcom/searchguard-init-amd64:2.0.0 lzj.icp:8500/ibmcom/searchguard-init:2.0.0] 457030441} {[lzj.icp:8500/ibmcom/metering-ui-amd64@sha256:3628a8fe41183c08ea0b02e2e798e3649e4aebe2c2405c34572b9eb7c7c4d9a8 lzj.icp:8500/ibmcom/metering-ui@sha256:d6453f9afecc9b1fc778c195e20bbb39d4ef6262af2f7a9a5ce3cddc259fec99 lzj.icp:8500/ibmcom/metering-ui-amd64:3.1.0 lzj.icp:8500/ibmcom/metering-ui:3.1.0] 385577105} {[lzj.icp:8500/ibmcom/heketi-amd64@sha256:c5b579a4f219c87990f861eb61de86cb9cfb51b6d230b8c299df7d9fd3d02d0e lzj.icp:8500/ibmcom/heketi@sha256:eb6875247a56829a20d0949f034b08a0e682201ab1d88d3cba71972932c254f5 lzj.icp:8500/ibmcom/heketi-amd64:v7.0.0 lzj.icp:8500/ibmcom/heketi:v7.0.0] 384720377} {[lzj.icp:8500/ibmcom/icp-mongodb-amd64@sha256:a305ae8bc309898d86bf60aee968846db3602f77b25924640d5f08a2389ee99d lzj.icp:8500/ibmcom/icp-mongodb@sha256:fe8b55caf7bb855fd4e244450af5195f2243b766c6934d464128bf982b29b345 lzj.icp:8500/ibmcom/icp-mongodb-amd64:3.1.0 lzj.icp:8500/ibmcom/icp-mongodb:3.1.0] 379353410} {[lzj.icp:8500/ibmcom/icp-catalog-ui-amd64@sha256:33993b4eab189e3c78fe27799017da770d47523cf6831460741008bf91297d6d lzj.icp:8500/ibmcom/icp-catalog-ui@sha256:049f3c4946a0ad2c10507e5e42a464448e858fb3ae606cfd84825d340adb1125 lzj.icp:8500/ibmcom/icp-catalog-ui-amd64:3.1.0 lzj.icp:8500/ibmcom/icp-catalog-ui:3.1.0] 363781304} {[lzj.icp:8500/ibmcom/nginx-ingress-controller-amd64@sha256:63b48dd3ba635aa65409f7d6a319e293697810c1b9e885e6255bebf36a2506ab lzj.icp:8500/ibmcom/nginx-ingress-controller@sha256:f68b2ce26292e02ef3dbc6cfae17cec3d54b9afee9bf5298bf95d005c0783143 lzj.icp:8500/ibmcom/nginx-ingress-controller-amd64:0.16.2 lzj.icp:8500/ibmcom/nginx-ingress-controller:0.16.2] 361632894} {[lzj.icp:8500/ibmcom/mariadb-amd64@sha256:1f9876179c32fcf463804f75cbf2fb031106edf2be9d5dbf6705375ca53930bb lzj.icp:8500/ibmcom/mariadb@sha256:2272622e7f6786220d7ee2b482a3050bd34c3e1ecdc99af6175a146610222763 lzj.icp:8500/ibmcom/mariadb-amd64:10.2.17 lzj.icp:8500/ibmcom/mariadb:10.2.17] 358991946} {[lzj.icp:8500/ibmcom/k8szk-amd64@sha256:a9ee22a4df14654552a02303e4560623244683692fd298dd2fb71e9dd66219f3 lzj.icp:8500/ibmcom/k8szk@sha256:20cfeb163fb828c3c3a7c0baf2883e90c72c8d97d20116253903e82aa2be801f lzj.icp:8500/ibmcom/k8szk-amd64:v3 lzj.icp:8500/ibmcom/k8szk:v3] 331472973} {[lzj.icp:8500/ibmcom/gluster-amd64@sha256:647caedb536eb7b8c5c8b0a2b69e52d2a34be9e6c9c7b9c1b21d14fcfa261886 lzj.icp:8500/ibmcom/gluster@sha256:eeabf9b160370078d12a4c2b84f1a9772fe10c64446f0c2251eb53b8b5277baa lzj.icp:8500/ibmcom/gluster-amd64:v4.0.2 lzj.icp:8500/ibmcom/gluster:v4.0.2] 324265531} {[lzj.icp:8500/ibmcom/istio-grafana-amd64@sha256:381a2dd3a5addbc5d43920bc19bb15ba6dbd422e4a9d91163108e72c5a63234c lzj.icp:8500/ibmcom/istio-grafana@sha256:f4fdaf4a51b946f6d4fb9aa82cdbfef53c8e0b7b2223078f9d7f62bb28d3259b lzj.icp:8500/ibmcom/istio-grafana-amd64:1.0.0.1 lzj.icp:8500/ibmcom/istio-grafana:1.0.0.1] 324187770} {[lzj.icp:8500/ibmcom/icp-filebeat-amd64@sha256:03af9b78dad6c2ba857975d10c81e781460796dff1ff1163ea4596f4aa10601d lzj.icp:8500/ibmcom/icp-filebeat@sha256:72669dde64d7ab85bbb9e93428efe548b2693a4eae5168a4705f6e30cd20e584 lzj.icp:8500/ibmcom/icp-filebeat-amd64:5.5.1 lzj.icp:8500/ibmcom/icp-filebeat:5.5.1] 317104874} {[lzj.icp:8500/ibmcom/istio-proxyv2-amd64@sha256:cd77e75fa85ce74914e1b7b0bef980ece8a62ef0d776c9ef51a0d7d30b4b64a0 lzj.icp:8500/ibmcom/istio-proxyv2@sha256:9c94d736c8cbb41e2c5b0b672530eee0df6cbb628d57f4ddaec9f4ff4f49ce35 lzj.icp:8500/ibmcom/istio-proxyv2-amd64:1.0.0.1 lzj.icp:8500/ibmcom/istio-proxyv2:1.0.0.1] 311276139} {[lzj.icp:8500/ibmcom/istio-pilot-amd64@sha256:63352073a964037fd37f6150228231d2e5eca7e0c2920405d6269326d3c54263 lzj.icp:8500/ibmcom/istio-pilot@sha256:ad129a4be7b6d1536c384efd03fb570b973b9c77a56a48e6b9cfe192a76c111e lzj.icp:8500/ibmcom/istio-pilot-amd64:1.0.0.1 lzj.icp:8500/ibmcom/istio-pilot:1.0.0.1] 309502004} {[lzj.icp:8500/ibmcom/fluentd-amd64@sha256:384a99b8d941c93f96ee5b5cbae5b70500219a3f71c73cf4eddd20d9d693e3b3 lzj.icp:8500/ibmcom/fluentd@sha256:f85a5ffd86438f1a73d04caf6e33ef3474675d9fa0947431f4d0a9602fc981af lzj.icp:8500/ibmcom/fluentd-amd64:v1.2.2-icp lzj.icp:8500/ibmcom/fluentd:v1.2.2-icp] 270902701} {[lzj.icp:8500/ibmcom/icp-identity-manager-amd64@sha256:632f31acd0fcfc3d0cebea31cfb71018f6712bd1a1b4da7476942b3c23aa3521 lzj.icp:8500/ibmcom/icp-identity-manager@sha256:993462e02a42c15b03722d935809476c8e10e6e0b3a2669eb528081e92a49859 lzj.icp:8500/ibmcom/icp-identity-manager-amd64:3.1.0 lzj.icp:8500/ibmcom/icp-identity-manager:3.1.0] 268667523} {[lzj.icp:8500/ibmcom/elasticsearch-plugin-searchguard-amd64@sha256:28f88d06bbbc073162702064c1be4ad06272e9021cbc0f929ba8c6da2ca25ae6 lzj.icp:8500/ibmcom/elasticsearch-plugin-searchguard@sha256:f47116021e3eec7b2fed9f6ed8bd77fd890457e5a1546dda7f863c032d4395b1 lzj.icp:8500/ibmcom/elasticsearch-plugin-searchguard-amd64:2.0.0 lzj.icp:8500/ibmcom/elasticsearch-plugin-searchguard:2.0.0] 267864279} {[lzj.icp:8500/ibmcom/kiali-amd64@sha256:bec63b454cf2e597c61f6a9943144050e5e6fc7a4f6474bc3bb6b627ba20c71c lzj.icp:8500/ibmcom/kiali@sha256:71a50e9885495157454657bc93842a7310e96e822a4117ad751ad81af83fde5e lzj.icp:8500/ibmcom/kiali-amd64:istio-release-1.0.0.1 lzj.icp:8500/ibmcom/kiali:istio-release-1.0.0.1] 265771300} {[lzj.icp:8500/ibmcom/calico-node-amd64@sha256:9871f4dde9eab9fd804b12f3114da36505ff5c220e2323b7434eec24e3b23ac5 lzj.icp:8500/ibmcom/calico-node@sha256:85a23d8030137d49663d3d82844a61998331606de9fc523dfdd0a75be7fb9828 lzj.icp:8500/ibmcom/calico-node-amd64:v3.1.3 lzj.icp:8500/ibmcom/calico-node:v3.1.3] 248202699} {[lzj.icp:8500/ibmcom/grafana-amd64@sha256:dc3566257a0c716caedfb33127d8ee385290c1dda006bebfb75c376d56b30c88 lzj.icp:8500/ibmcom/grafana@sha256:5d2739d3ec5c7f6ea66d69caa918b764660b99a3d37cb1f4123f1a9623ce8e38 lzj.icp:8500/ibmcom/grafana-amd64:5.2.0 lzj.icp:8500/ibmcom/grafana:5.2.0] 245297582} {[lzj.icp:8500/ibmcom/indices-cleaner-amd64@sha256:e6c6453d54012488e9ebfaa9e4d829f567d8e66b24c1613e6d88ca192ed5e85b lzj.icp:8500/ibmcom/indices-cleaner@sha256:31dac3be1246f17dddade06b517c073244ce56d85bc54135fdaf010dbb0bca10 lzj.icp:8500/ibmcom/indices-cleaner-amd64:1.0.0 lzj.icp:8500/ibmcom/indices-cleaner:1.0.0] 238131553} {[lzj.icp:8500/ibmcom/icp-identity-provider-amd64@sha256:24dba8b07c8295eef99abbf8d83041908516e4e50e4e4cfbbbcd53bdf415dda1 lzj.icp:8500/ibmcom/icp-identity-provider@sha256:b5bf63419b53ba550cad7a1b835d0d0eaae1fde8851c7936f8deb603fef673a6 lzj.icp:8500/ibmcom/icp-identity-provider-amd64:3.1.0 lzj.icp:8500/ibmcom/icp-identity-provider:3.1.0] 224286517} {[lzj.icp:8500/ibmcom/curl-amd64@sha256:aad05b4e4529f7e70516d8d3028cae6cd1d50de738ce164f2a532ce2470ac43f lzj.icp:8500/ibmcom/curl@sha256:adf92a267e351914d041a56d64ebe80331c45f8e20ab23b7ada67bea78da9996 lzj.icp:8500/ibmcom/curl-amd64:4.0.0 lzj.icp:8500/ibmcom/curl:4.0.0] 221192597} {[lzj.icp:8500/ibmcom/icp-audit-service-amd64@sha256:9add202c06a43da647380c860d9139fa059701fe103c1f229281215bf99dbbd3 lzj.icp:8500/ibmcom/icp-audit-service@sha256:7c3d710c31f6f5ae0227edc1599bdf64bc82e4fcd2b3aa8f197148240d2ab01c lzj.icp:8500/ibmcom/icp-audit-service-amd64:3.1.0 lzj.icp:8500/ibmcom/icp-audit-service:3.1.0] 215897363}],VolumesInUse:[],VolumesAttached:[],Config:&amp;NodeConfigStatus{Assigned:nil,Active:nil,LastKnownGood:nil,Error:,},},}&#xA;Sep 19 08:02:25.107: INFO: &#xA;Logging kubelet events for node 10.46.6.172&#xA;Sep 19 08:02:25.110: INFO: &#xA;Logging pods the kubelet thinks is on node 10.46.6.172&#xA;Sep 19 08:02:25.136: INFO: audit-logging-fluentd-ds-8bh4t started at 2018-09-17 07:18:46 +0000 UTC (0+1 container statuses recorded)&#xA;Sep 19 08:02:25.136: INFO: &#x9;Container fluentd ready: true, restart count 0&#xA;Sep 19 08:02:25.136: INFO: vulnerability-advisor-live-crawler-84st2 started at 2018-09-17 07:19:03 +0000 UTC (0+1 container statuses recorded)&#xA;Sep 19 08:02:25.136: INFO: &#x9;Container live-crawler ready: true, restart count 0&#xA;Sep 19 08:02:25.136: INFO: vulnerability-advisor-process-ma-annotator-58f47d5b5f-xbxrc started at 2018-09-17 07:19:06 +0000 UTC (0+2 container statuses recorded)&#xA;Sep 19 08:02:25.136: INFO: &#x9;Container icp-audit-service ready: true, restart count 0&#xA;Sep 19 08:02:25.136: INFO: &#x9;Container process-ma-annotator ready: true, restart count 2&#xA;Sep 19 08:02:25.136: INFO: vulnerability-advisor-compliance-indexer-7cbdc64b57-47lmd started at 2018-09-17 07:19:07 +0000 UTC (0+1 container statuses recorded)&#xA;Sep 19 08:02:25.136: INFO: &#x9;Container py-compliance-indexer ready: true, restart count 0&#xA;Sep 19 08:02:25.136: INFO: vulnerability-advisor-minio-cleaner-1537228740-55f4w started at 2018-09-17 23:59:03 +0000 UTC (0+1 container statuses recorded)&#xA;Sep 19 08:02:25.136: INFO: &#x9;Container cleaner ready: false, restart count 0&#xA;Sep 19 08:02:25.136: INFO: vulnerability-advisor-rootkit-indexer-cd8b4646b-xlhwq started at 2018-09-17 07:19:07 +0000 UTC (0+1 container statuses recorded)&#xA;Sep 19 08:02:25.136: INFO: &#x9;Container py-rootkit-indexer ready: true, restart count 0&#xA;Sep 19 08:02:25.136: INFO: vulnerability-advisor-secconfig-indexer-674647df7c-qq5ff started at 2018-09-17 07:19:07 +0000 UTC (0+1 container statuses recorded)&#xA;Sep 19 08:02:25.136: INFO: &#x9;Container py-secconfig-indexer ready: true, restart count 0&#xA;Sep 19 08:02:25.136: INFO: k8s-proxy-10.46.6.172 started at &lt;nil&gt; (0+0 container statuses recorded)&#xA;Sep 19 08:02:25.136: INFO: vulnerability-advisor-process-ma-crawler-24z6k started at 2018-09-17 07:19:03 +0000 UTC (0+1 container statuses recorded)&#xA;Sep 19 08:02:25.136: INFO: &#x9;Container process-ma-crawler ready: true, restart count 0&#xA;Sep 19 08:02:25.136: INFO: vulnerability-advisor-config-parser-5d44b78fd5-z4k9t started at 2018-09-17 07:19:04 +0000 UTC (0+1 container statuses recorded)&#xA;Sep 19 08:02:25.136: INFO: &#x9;Container config-parser ready: true, restart count 4&#xA;Sep 19 08:02:25.136: INFO: vulnerability-advisor-notification-dispatcher-86f8bf4b4d-cfdzb started at 2018-09-17 07:19:04 +0000 UTC (0+1 container statuses recorded)&#xA;Sep 19 08:02:25.136: INFO: &#x9;Container notification-dispatcher ready: true, restart count 3&#xA;Sep 19 08:02:25.136: INFO: vulnerability-advisor-process-ma-annotator-init-869545d547nn27w started at 2018-09-17 07:19:06 +0000 UTC (0+1 container statuses recorded)&#xA;Sep 19 08:02:25.136: INFO: &#x9;Container process-ma-annotator ready: true, restart count 0&#xA;Sep 19 08:02:25.136: INFO: vulnerability-advisor-process-ma-annotator-58f47d5b5f-4wglg started at 2018-09-17 07:19:06 +0000 UTC (0+2 container statuses recorded)&#xA;Sep 19 08:02:25.136: INFO: &#x9;Container icp-audit-service ready: true, restart count 0&#xA;Sep 19 08:02:25.136: INFO: &#x9;Container process-ma-annotator ready: true, restart count 1&#xA;Sep 19 08:02:25.136: INFO: vulnerability-advisor-registry-crawler-6f9568677b-bfpm6 started at 2018-09-17 07:19:08 +0000 UTC (0+1 container statuses recorded)&#xA;Sep 19 08:02:25.136: INFO: &#x9;Container reg-crawler ready: true, restart count 0&#xA;Sep 19 08:02:25.136: INFO: vulnerability-advisor-minio-cleaner-1537315140-nqk7v started at 2018-09-18 23:59:04 +0000 UTC (0+1 container statuses recorded)&#xA;Sep 19 08:02:25.136: INFO: &#x9;Container cleaner ready: false, restart count 0&#xA;Sep 19 08:02:25.136: INFO: vulnerability-advisor-ma-file-annotator-6b95df8886-jtczz started at 2018-09-17 07:19:04 +0000 UTC (0+2 container statuses recorded)&#xA;Sep 19 08:02:25.136: INFO: &#x9;Container icp-audit-service ready: true, restart count 0&#xA;Sep 19 08:02:25.136: INFO: &#x9;Container vulnerability-advisor-ma-file-annotator ready: true, restart count 1&#xA;Sep 19 08:02:25.136: INFO: vulnerability-advisor-sas-apiserver-5fd8d44bc9-7bvkn started at 2018-09-17 07:19:09 +0000 UTC (0+3 container statuses recorded)&#xA;Sep 19 08:02:25.136: INFO: &#x9;Container icp-audit-service ready: true, restart count 0&#xA;Sep 19 08:02:25.136: INFO: &#x9;Container sas-api-server ready: true, restart count 0&#xA;Sep 19 08:02:25.136: INFO: &#x9;Container sas-proxy-server ready: true, restart count 0&#xA;Sep 19 08:02:25.136: INFO: vulnerability-advisor-zookeeper-0 started at 2018-09-17 07:19:15 +0000 UTC (0+1 container statuses recorded)&#xA;Sep 19 08:02:25.136: INFO: &#x9;Container zookeeper-server ready: true, restart count 0&#xA;Sep 19 08:02:25.136: INFO: vulnerability-advisor-compliance-annotator-d5659b9d9-kmn8q started at 2018-09-17 07:19:03 +0000 UTC (0+1 container statuses recorded)&#xA;Sep 19 08:02:25.136: INFO: &#x9;Container compliance-annotator ready: true, restart count 4&#xA;Sep 19 08:02:25.136: INFO: vulnerability-advisor-rootkit-annotator-74cb65b5cf-2dk5j started at 2018-09-17 07:19:08 +0000 UTC (0+1 container statuses recorded)&#xA;Sep 19 08:02:25.136: INFO: &#x9;Container rootkit-annotator ready: true, restart count 3&#xA;Sep 19 08:02:25.136: INFO: vulnerability-advisor-sas-mgmt-64fb95bc44-j9vjc started at 2018-09-17 07:19:08 +0000 UTC (0+1 container statuses recorded)&#xA;Sep 19 08:02:25.136: INFO: &#x9;Container sas-mgmt-server ready: true, restart count 0&#xA;Sep 19 08:02:25.136: INFO: monitoring-prometheus-nodeexporter-v4l7d started at 2018-09-17 07:15:44 +0000 UTC (0+2 container statuses recorded)&#xA;Sep 19 08:02:25.136: INFO: &#x9;Container nodeexporter ready: true, restart count 0&#xA;Sep 19 08:02:25.136: INFO: &#x9;Container router ready: true, restart count 0&#xA;Sep 19 08:02:25.136: INFO: vulnerability-advisor-vulnerability-indexer-7c79b4c964-2n8cg started at 2018-09-17 07:19:07 +0000 UTC (0+1 container statuses recorded)&#xA;Sep 19 08:02:25.136: INFO: &#x9;Container py-vulnerability-indexer ready: true, restart count 0&#xA;Sep 19 08:02:25.136: INFO: vulnerability-advisor-secconfig-annotator-7dbcf5d9f4-fkmkb started at 2018-09-17 07:19:10 +0000 UTC (0+1 container statuses recorded)&#xA;Sep 19 08:02:25.136: INFO: &#x9;Container secconfig-annotator ready: true, restart count 0&#xA;Sep 19 08:02:25.136: INFO: vulnerability-advisor-statsd-7746859df4-jjm6f started at 2018-09-17 07:19:10 +0000 UTC (0+1 container statuses recorded)&#xA;Sep 19 08:02:25.136: INFO: &#x9;Container statsd ready: true, restart count 0&#xA;Sep 19 08:02:25.136: INFO: vulnerability-advisor-usncrawler-8h976 started at 2018-09-17 07:19:11 +0000 UTC (0+1 container statuses recorded)&#xA;Sep 19 08:02:25.136: INFO: &#x9;Container usnloader-job ready: false, restart count 0&#xA;Sep 19 08:02:25.136: INFO: calico-node-wsknj started at 2018-09-17 07:05:53 +0000 UTC (0+2 container statuses recorded)&#xA;Sep 19 08:02:25.136: INFO: &#x9;Container calico-node ready: true, restart count 0&#xA;Sep 19 08:02:25.136: INFO: &#x9;Container install-cni ready: true, restart count 0&#xA;Sep 19 08:02:25.136: INFO: vulnerability-advisor-cos-indexer-57899b7dd6-7cpf8 started at 2018-09-17 07:19:04 +0000 UTC (0+1 container statuses recorded)&#xA;Sep 19 08:02:25.136: INFO: &#x9;Container cos-indexer ready: true, restart count 3&#xA;Sep 19 08:02:25.136: INFO: vulnerability-advisor-kafka-0 started at 2018-09-17 07:19:13 +0000 UTC (0+1 container statuses recorded)&#xA;Sep 19 08:02:25.136: INFO: &#x9;Container kafka-server ready: true, restart count 2&#xA;Sep 19 08:02:25.136: INFO: nvidia-device-plugin-w9jr8 started at 2018-09-17 07:07:17 +0000 UTC (1+1 container statuses recorded)&#xA;Sep 19 08:02:25.136: INFO: &#x9;Init container nvidia-driver-collector ready: true, restart count 0&#xA;Sep 19 08:02:25.136: INFO: &#x9;Container nvidia-device-plugin ready: true, restart count 0&#xA;Sep 19 08:02:25.136: INFO: metering-reader-gsrdg started at 2018-09-17 07:14:11 +0000 UTC (1+1 container statuses recorded)&#xA;Sep 19 08:02:25.136: INFO: &#x9;Init container metering-reader-init ready: true, restart count 1&#xA;Sep 19 08:02:25.136: INFO: &#x9;Container metering-reader ready: true, restart count 0&#xA;Sep 19 08:02:25.136: INFO: logging-elk-filebeat-ds-vpk48 started at 2018-09-17 07:15:20 +0000 UTC (0+1 container statuses recorded)&#xA;Sep 19 08:02:25.136: INFO: &#x9;Container filebeat ready: true, restart count 0&#xA;Sep 19 08:02:25.136: INFO: vulnerability-advisor-password-annotator-79b5d794b5-wnwqn started at 2018-09-17 07:19:05 +0000 UTC (0+1 container statuses recorded)&#xA;Sep 19 08:02:25.136: INFO: &#x9;Container config-parser ready: true, restart count 3&#xA;Sep 19 08:02:25.136: INFO: vulnerability-advisor-vulnerability-annotator-bcbf5595f-hxwst started at 2018-09-17 07:19:10 +0000 UTC (0+1 container statuses recorded)&#xA;Sep 19 08:02:25.136: INFO: &#x9;Container va-annotator ready: true, restart count 3&#xA;Sep 19 08:02:25.136: INFO: vulnerability-advisor-minio-0 started at 2018-09-17 07:19:16 +0000 UTC (1+1 container statuses recorded)&#xA;Sep 19 08:02:25.136: INFO: &#x9;Init container wait-kafka ready: true, restart count 1&#xA;Sep 19 08:02:25.136: INFO: &#x9;Container minio-server ready: true, restart count 0&#xA;Sep 19 08:02:25.213: INFO: &#xA;Latency metrics for node 10.46.6.172&#xA;Sep 19 08:02:25.213: INFO: &#xA;Logging node info for node 10.46.6.173&#xA;Sep 19 08:02:25.218: INFO: Node Info: &amp;Node{ObjectMeta:k8s_io_apimachinery_pkg_apis_meta_v1.ObjectMeta{Name:10.46.6.173,GenerateName:,Namespace:,SelfLink:/api/v1/nodes/10.46.6.173,UID:3dc7268b-ba44-11e8-b20e-fa163e707b2e,ResourceVersion:462976,Generation:0,CreationTimestamp:2018-09-17 06:38:09 +0000 UTC,DeletionTimestamp:&lt;nil&gt;,DeletionGracePeriodSeconds:nil,Labels:map[string]string{beta.kubernetes.io/arch: amd64,beta.kubernetes.io/os: linux,etcd: true,kubernetes.io/hostname: 10.46.6.173,master: true,node-role.kubernetes.io/etcd: true,node-role.kubernetes.io/master: true,node-role.kubernetes.io/proxy: true,proxy: true,role: master,},Annotations:map[string]string{node.alpha.kubernetes.io/ttl: 0,volumes.kubernetes.io/controller-managed-attach-detach: true,},OwnerReferences:[],Finalizers:[],ClusterName:,Initializers:nil,},Spec:NodeSpec{PodCIDR:,DoNotUse_ExternalID:,ProviderID:,Unschedulable:false,Taints:[{dedicated proxy NoSchedule &lt;nil&gt;}],ConfigSource:nil,},Status:NodeStatus{Capacity:ResourceList{cpu: {{32 0} {&lt;nil&gt;} 32 DecimalSI},ephemeral-storage: {{107362627584 0} {&lt;nil&gt;} 104846316Ki BinarySI},hugepages-1Gi: {{0 0} {&lt;nil&gt;} 0 DecimalSI},hugepages-2Mi: {{0 0} {&lt;nil&gt;} 0 DecimalSI},memory: {{135202160640 0} {&lt;nil&gt;}  BinarySI},pods: {{320 0} {&lt;nil&gt;} 320 DecimalSI},},Allocatable:ResourceList{cpu: {{32 0} {&lt;nil&gt;} 32 DecimalSI},ephemeral-storage: {{107257769984 0} {&lt;nil&gt;} 104743916Ki BinarySI},hugepages-1Gi: {{0 0} {&lt;nil&gt;} 0 DecimalSI},hugepages-2Mi: {{0 0} {&lt;nil&gt;} 0 DecimalSI},memory: {{135097303040 0} {&lt;nil&gt;}  BinarySI},pods: {{320 0} {&lt;nil&gt;} 320 DecimalSI},},Phase:,Conditions:[{OutOfDisk False 2018-09-19 08:02:23 +0000 UTC 2018-09-17 06:38:09 +0000 UTC KubeletHasSufficientDisk kubelet has sufficient disk space available} {MemoryPressure False 2018-09-19 08:02:23 +0000 UTC 2018-09-17 06:38:09 +0000 UTC KubeletHasSufficientMemory kubelet has sufficient memory available} {DiskPressure False 2018-09-19 08:02:23 +0000 UTC 2018-09-17 06:38:09 +0000 UTC KubeletHasNoDiskPressure kubelet has no disk pressure} {PIDPressure False 2018-09-19 08:02:23 +0000 UTC 2018-09-17 06:38:09 +0000 UTC KubeletHasSufficientPID kubelet has sufficient PID available} {Ready True 2018-09-19 08:02:23 +0000 UTC 2018-09-17 07:06:09 +0000 UTC KubeletReady kubelet is posting ready status}],Addresses:[{InternalIP 10.46.6.173} {Hostname 10.46.6.173}],DaemonEndpoints:NodeDaemonEndpoints{KubeletEndpoint:DaemonEndpoint{Port:10250,},},NodeInfo:NodeSystemInfo{MachineID:52ca0d2c3fb341c79b059a96d10571a6,SystemUUID:DA83D170-F88E-40EB-A0A3-2918CD5F6005,BootID:806b09ea-0a42-4719-bbaa-13e375c7b62f,KernelVersion:3.10.0-862.9.1.el7.x86_64,OSImage:Red Hat Enterprise Linux,ContainerRuntimeVersion:docker://18.3.1,KubeletVersion:v1.11.1+icp-ee,KubeProxyVersion:v1.11.1+icp-ee,OperatingSystem:linux,Architecture:amd64,},Images:[{[lzj.icp:8500/ibmcom/statsd-amd64@sha256:5ee11bc24bced45a77d9d630348680f319c09d9d3b2230b04518d1e2a5263ae2 lzj.icp:8500/ibmcom/statsd-amd64:0.7.2.1 lzj.icp:8500/ibmcom/statsd:0.7.2.1] 1234731808} {[lzj.icp:8500/ibmcom/kafka-amd64@sha256:0d6d348ccd7aa2854d60791331280e58db92029a522c8bfb3eb40c7c0913ca8f lzj.icp:8500/ibmcom/kafka-amd64:0.10.0.2 lzj.icp:8500/ibmcom/kafka:0.10.0.2] 1114805679} {[lzj.icp:8500/ibmcom/iam-token-service-amd64@sha256:9211161e5b5b9d892a99b46fad4429333ceb7143b4039419df7ea0efa36381a9 lzj.icp:8500/ibmcom/iam-token-service-amd64:3.1.0 lzj.icp:8500/ibmcom/iam-token-service:3.1.0] 1051060152} {[lzj.icp:8500/ibmcom/icp-platform-auth-amd64@sha256:abc258009b8696a83214b7a9d9df63f6d83e19cfca2987c4836b0eadfa4c99c7 lzj.icp:8500/ibmcom/icp-platform-auth-amd64:3.1.0 lzj.icp:8500/ibmcom/icp-platform-auth:3.1.0] 1028283742} {[lzj.icp:8500/ibmcom/reg-crawler-amd64@sha256:9e5d4ebbac3dd6cbf9f892b5bd634f89fae3d4b2e6a23debd3ecd322e3eb817e lzj.icp:8500/ibmcom/reg-crawler-amd64:1.3.1 lzj.icp:8500/ibmcom/reg-crawler:1.3.1] 1007817363} {[lzj.icp:8500/ibmcom/live-crawler-amd64@sha256:37a79ec87bd3c8b9af25cf1e25f4f14281ffb9f5ebeaf61c0b7c8a5799baf782 lzj.icp:8500/ibmcom/live-crawler-amd64:1.3.1 lzj.icp:8500/ibmcom/live-crawler:1.3.1] 987515538} {[lzj.icp:8500/ibmcom/cos-indexer-amd64@sha256:adf28ff960ebdcbfcfa5e4522b81aa3565338f8d640dad611a1c3f0d3894393b lzj.icp:8500/ibmcom/cos-indexer-amd64:1.3.1 lzj.icp:8500/ibmcom/cos-indexer:1.3.1] 846578165} {[lzj.icp:8500/ibmcom/secure-config-annotator-amd64@sha256:26e845c6a252e0c5ae73e764645993b3270e289d1a2e9784b06ddd7898ca45d9 lzj.icp:8500/ibmcom/secure-config-annotator-amd64:1.3.1 lzj.icp:8500/ibmcom/secure-config-annotator:1.3.1] 835555196} {[lzj.icp:8500/ibmcom/hyperkube-amd64@sha256:9eaadf7c2a417ee2a9a219e2eadf21884742199a484be2ca737f0e8a178d490a lzj.icp:8500/ibmcom/hyperkube-amd64:v1.11.1-ee lzj.icp:8500/ibmcom/hyperkube:v1.11.1-ee] 782626408} {[lzj.icp:8500/ibmcom/compliance-annotator-amd64@sha256:5d8bbbef3a7dc54ba9addb256d2aa8a3f7d5c27a454ff4b7ee583b217dac2ce4 lzj.icp:8500/ibmcom/compliance-annotator-amd64:1.3.1 lzj.icp:8500/ibmcom/compliance-annotator:1.3.1] 773932738} {[lzj.icp:8500/ibmcom/icp-logstash-amd64@sha256:02a683ee6ad9eeed7ea8ebb1de713aaf902a9e20a39ccc0294ee1f947f1bbd73 lzj.icp:8500/ibmcom/icp-logstash-amd64:5.5.1 lzj.icp:8500/ibmcom/icp-logstash:5.5.1] 764906887} {[lzj.icp:8500/ibmcom/process-ma-hf-amd64@sha256:ef0d164350d07600f8037082db7d98cf81b9c554d8a60692ae90b8d0239a8cdc lzj.icp:8500/ibmcom/process-ma-hf-amd64:1.3.1 lzj.icp:8500/ibmcom/process-ma-hf:1.3.1] 758635128} {[lzj.icp:8500/ibmcom/vulnerability-annotator-amd64@sha256:febedf85b65e0d1800e67249274d474d4ce67e8041e81487f76bce727cb39bd4 lzj.icp:8500/ibmcom/vulnerability-annotator-amd64:1.3.1 lzj.icp:8500/ibmcom/vulnerability-annotator:1.3.1] 757013017} {[lzj.icp:8500/ibmcom/py-generic-indexer-amd64@sha256:45cb17e23e15f4dfe44471309af12f0655aad5f8e859c718f393290f220b02b2 lzj.icp:8500/ibmcom/py-generic-indexer-amd64:1.3.1 lzj.icp:8500/ibmcom/py-generic-indexer:1.3.1] 755588945} {[lzj.icp:8500/ibmcom/icp-inception-amd64@sha256:1dad180d14ae732d17ca5cf41b87dbb316c072323f186d60a08a753f904eb5b2 ibmcom/icp-inception-amd64:3.1.0-ee lzj.icp:8500/ibmcom/icp-inception-amd64:3.1.0-ee lzj.icp:8500/ibmcom/icp-inception:3.1.0-ee] 744155119} {[lzj.icp:8500/ibmcom/config-parser-amd64@sha256:7d721e0b5a827921ac16fa9e7570db225211e6dd700cdeaba1d28ba02ff8ef6d lzj.icp:8500/ibmcom/config-parser-amd64:1.3.1 lzj.icp:8500/ibmcom/config-parser:1.3.1] 739243486} {[lzj.icp:8500/ibmcom/iam-policy-administration-amd64@sha256:e1941aa09a5b692505cb3be3e497d3ff9acb900786b9a2c8c4c00d0243b37dd0 lzj.icp:8500/ibmcom/iam-policy-administration-amd64:3.1.0 lzj.icp:8500/ibmcom/iam-policy-administration:3.1.0] 711947327} {[lzj.icp:8500/ibmcom/password-annotator-amd64@sha256:bca1b6b222d8ea8ade174a8cc1a549f161d75d3e9d69881f08a1fb316a8e27d3 lzj.icp:8500/ibmcom/password-annotator-amd64:1.3.1 lzj.icp:8500/ibmcom/password-annotator:1.3.1] 707627907} {[lzj.icp:8500/ibmcom/notification-dispatcher-amd64@sha256:ec8dfbc351a0d758488f9f8bfa17c3182a5c02819a6ebf7144ab914a2233cf57 lzj.icp:8500/ibmcom/notification-dispatcher-amd64:1.3.1 lzj.icp:8500/ibmcom/notification-dispatcher:1.3.1] 707588442} {[lzj.icp:8500/ibmcom/sas-base-amd64@sha256:9651b1149c62d5a0968aaeffe71f2da68cd7e07ff8d7ea67538278c00ab08457 lzj.icp:8500/ibmcom/sas-base-amd64:1.3.1 lzj.icp:8500/ibmcom/sas-base:1.3.1] 653746081} {[lzj.icp:8500/ibmcom/ma-file-annotator-amd64@sha256:8caa6280fd845fd524ad874a6b243510ebf085d58c989229020fcfc743492632 lzj.icp:8500/ibmcom/ma-file-annotator-amd64:1.3.1 lzj.icp:8500/ibmcom/ma-file-annotator:1.3.1] 653745236} {[lzj.icp:8500/ibmcom/icp-kibana-amd64@sha256:8b69887ac5297e1d2e68b9c2ce885b9a888f6c278ca1538acb0f03206b48502a lzj.icp:8500/ibmcom/icp-kibana-amd64:5.5.1 lzj.icp:8500/ibmcom/icp-kibana:5.5.1] 639622018} {[lzj.icp:8500/ibmcom/icp-platform-api-amd64@sha256:1fc47925c2611aef12631b3f3806308f55a298074aebc561fd04cf8a7691c669 lzj.icp:8500/ibmcom/icp-platform-api-amd64:3.1.0 lzj.icp:8500/ibmcom/icp-platform-api:3.1.0] 612589125} {[lzj.icp:8500/ibmcom/iam-policy-decision-amd64@sha256:d49eb3845c57bb8370a477949d92da10a178b81ade50f0e9d970981fadd6686d lzj.icp:8500/ibmcom/iam-policy-decision-amd64:3.1.0 lzj.icp:8500/ibmcom/iam-policy-decision:3.1.0] 559718344} {[lzj.icp:8500/ibmcom/rootkit-annotator-amd64@sha256:caf6c24136b8785d901f346a640d673b55fe105c3617cfcb432ee2006f5b1cf4 lzj.icp:8500/ibmcom/rootkit-annotator-amd64:1.3.1 lzj.icp:8500/ibmcom/rootkit-annotator:1.3.1] 549434506} {[lzj.icp:8500/ibmcom/icp-elasticsearch-amd64@sha256:0063a7a931ca4e52d8f7a51f2bdb010345f4373b5b904b52e5c8a48ec0c1fde7 lzj.icp:8500/ibmcom/icp-elasticsearch-amd64:5.5.1 lzj.icp:8500/ibmcom/icp-elasticsearch:5.5.1] 520121248} {[lzj.icp:8500/ibmcom/logging-pki-init-amd64@sha256:cc4bfa085e1ae99120ee526acd3e62d205e10de6f1c773c521fc5b933914f6a8 lzj.icp:8500/ibmcom/logging-pki-init-amd64:2.0.0 lzj.icp:8500/ibmcom/logging-pki-init:2.0.0] 501921135} {[lzj.icp:8500/ibmcom/searchguard-init-amd64@sha256:d19ce1d27f406945d4ed78b0f07007998c2ab3889086e502924847c2186db546 lzj.icp:8500/ibmcom/searchguard-init-amd64:2.0.0 lzj.icp:8500/ibmcom/searchguard-init:2.0.0] 457030441} {[lzj.icp:8500/ibmcom/metering-ui-amd64@sha256:3628a8fe41183c08ea0b02e2e798e3649e4aebe2c2405c34572b9eb7c7c4d9a8 lzj.icp:8500/ibmcom/metering-ui-amd64:3.1.0 lzj.icp:8500/ibmcom/metering-ui:3.1.0] 385577105} {[lzj.icp:8500/ibmcom/heketi-amd64@sha256:c5b579a4f219c87990f861eb61de86cb9cfb51b6d230b8c299df7d9fd3d02d0e lzj.icp:8500/ibmcom/heketi-amd64:v7.0.0 lzj.icp:8500/ibmcom/heketi:v7.0.0] 384720377} {[lzj.icp:8500/ibmcom/icp-mongodb-amd64@sha256:a305ae8bc309898d86bf60aee968846db3602f77b25924640d5f08a2389ee99d lzj.icp:8500/ibmcom/icp-mongodb-amd64:3.1.0 lzj.icp:8500/ibmcom/icp-mongodb:3.1.0] 379353410} {[lzj.icp:8500/ibmcom/icp-catalog-ui-amd64@sha256:33993b4eab189e3c78fe27799017da770d47523cf6831460741008bf91297d6d lzj.icp:8500/ibmcom/icp-catalog-ui-amd64:3.1.0 lzj.icp:8500/ibmcom/icp-catalog-ui:3.1.0] 363781304} {[lzj.icp:8500/ibmcom/nginx-ingress-controller-amd64@sha256:63b48dd3ba635aa65409f7d6a319e293697810c1b9e885e6255bebf36a2506ab lzj.icp:8500/ibmcom/nginx-ingress-controller-amd64:0.16.2 lzj.icp:8500/ibmcom/nginx-ingress-controller:0.16.2] 361632894} {[lzj.icp:8500/ibmcom/mariadb-amd64@sha256:1f9876179c32fcf463804f75cbf2fb031106edf2be9d5dbf6705375ca53930bb lzj.icp:8500/ibmcom/mariadb-amd64:10.2.17 lzj.icp:8500/ibmcom/mariadb:10.2.17] 358991946} {[lzj.icp:8500/ibmcom/k8szk-amd64@sha256:a9ee22a4df14654552a02303e4560623244683692fd298dd2fb71e9dd66219f3 lzj.icp:8500/ibmcom/k8szk-amd64:v3 lzj.icp:8500/ibmcom/k8szk:v3] 331472973} {[lzj.icp:8500/ibmcom/gluster-amd64@sha256:647caedb536eb7b8c5c8b0a2b69e52d2a34be9e6c9c7b9c1b21d14fcfa261886 lzj.icp:8500/ibmcom/gluster-amd64:v4.0.2 lzj.icp:8500/ibmcom/gluster:v4.0.2] 324265531} {[lzj.icp:8500/ibmcom/istio-grafana-amd64@sha256:381a2dd3a5addbc5d43920bc19bb15ba6dbd422e4a9d91163108e72c5a63234c lzj.icp:8500/ibmcom/istio-grafana-amd64:1.0.0.1 lzj.icp:8500/ibmcom/istio-grafana:1.0.0.1] 324187770} {[lzj.icp:8500/ibmcom/icp-filebeat-amd64@sha256:03af9b78dad6c2ba857975d10c81e781460796dff1ff1163ea4596f4aa10601d lzj.icp:8500/ibmcom/icp-filebeat-amd64:5.5.1 lzj.icp:8500/ibmcom/icp-filebeat:5.5.1] 317104874} {[lzj.icp:8500/ibmcom/istio-proxyv2-amd64@sha256:cd77e75fa85ce74914e1b7b0bef980ece8a62ef0d776c9ef51a0d7d30b4b64a0 lzj.icp:8500/ibmcom/istio-proxyv2-amd64:1.0.0.1 lzj.icp:8500/ibmcom/istio-proxyv2:1.0.0.1] 311276139} {[lzj.icp:8500/ibmcom/istio-pilot-amd64@sha256:63352073a964037fd37f6150228231d2e5eca7e0c2920405d6269326d3c54263 lzj.icp:8500/ibmcom/istio-pilot-amd64:1.0.0.1 lzj.icp:8500/ibmcom/istio-pilot:1.0.0.1] 309502004} {[lzj.icp:8500/ibmcom/fluentd-amd64@sha256:384a99b8d941c93f96ee5b5cbae5b70500219a3f71c73cf4eddd20d9d693e3b3 lzj.icp:8500/ibmcom/fluentd-amd64:v1.2.2-icp lzj.icp:8500/ibmcom/fluentd:v1.2.2-icp] 270902701} {[lzj.icp:8500/ibmcom/icp-identity-manager-amd64@sha256:632f31acd0fcfc3d0cebea31cfb71018f6712bd1a1b4da7476942b3c23aa3521 lzj.icp:8500/ibmcom/icp-identity-manager-amd64:3.1.0 lzj.icp:8500/ibmcom/icp-identity-manager:3.1.0] 268667523} {[lzj.icp:8500/ibmcom/elasticsearch-plugin-searchguard-amd64@sha256:28f88d06bbbc073162702064c1be4ad06272e9021cbc0f929ba8c6da2ca25ae6 lzj.icp:8500/ibmcom/elasticsearch-plugin-searchguard-amd64:2.0.0 lzj.icp:8500/ibmcom/elasticsearch-plugin-searchguard:2.0.0] 267864279} {[lzj.icp:8500/ibmcom/kiali-amd64@sha256:bec63b454cf2e597c61f6a9943144050e5e6fc7a4f6474bc3bb6b627ba20c71c lzj.icp:8500/ibmcom/kiali-amd64:istio-release-1.0.0.1 lzj.icp:8500/ibmcom/kiali:istio-release-1.0.0.1] 265771300} {[lzj.icp:8500/ibmcom/calico-node-amd64@sha256:9871f4dde9eab9fd804b12f3114da36505ff5c220e2323b7434eec24e3b23ac5 lzj.icp:8500/ibmcom/calico-node-amd64:v3.1.3 lzj.icp:8500/ibmcom/calico-node:v3.1.3] 248202699} {[lzj.icp:8500/ibmcom/grafana-amd64@sha256:dc3566257a0c716caedfb33127d8ee385290c1dda006bebfb75c376d56b30c88 lzj.icp:8500/ibmcom/grafana-amd64:5.2.0 lzj.icp:8500/ibmcom/grafana:5.2.0] 245297582} {[lzj.icp:8500/ibmcom/indices-cleaner-amd64@sha256:e6c6453d54012488e9ebfaa9e4d829f567d8e66b24c1613e6d88ca192ed5e85b lzj.icp:8500/ibmcom/indices-cleaner-amd64:1.0.0 lzj.icp:8500/ibmcom/indices-cleaner:1.0.0] 238131553} {[lzj.icp:8500/ibmcom/icp-identity-provider-amd64@sha256:24dba8b07c8295eef99abbf8d83041908516e4e50e4e4cfbbbcd53bdf415dda1 lzj.icp:8500/ibmcom/icp-identity-provider-amd64:3.1.0 lzj.icp:8500/ibmcom/icp-identity-provider:3.1.0] 224286517} {[lzj.icp:8500/ibmcom/curl-amd64@sha256:aad05b4e4529f7e70516d8d3028cae6cd1d50de738ce164f2a532ce2470ac43f lzj.icp:8500/ibmcom/curl-amd64:4.0.0 lzj.icp:8500/ibmcom/curl:4.0.0] 221192597} {[lzj.icp:8500/ibmcom/icp-audit-service-amd64@sha256:9add202c06a43da647380c860d9139fa059701fe103c1f229281215bf99dbbd3 lzj.icp:8500/ibmcom/icp-audit-service-amd64:3.1.0 lzj.icp:8500/ibmcom/icp-audit-service:3.1.0] 215897363}],VolumesInUse:[],VolumesAttached:[],Config:&amp;NodeConfigStatus{Assigned:nil,Active:nil,LastKnownGood:nil,Error:,},},}&#xA;Sep 19 08:02:25.219: INFO: &#xA;Logging kubelet events for node 10.46.6.173&#xA;Sep 19 08:02:25.222: INFO: &#xA;Logging pods the kubelet thinks is on node 10.46.6.173&#xA;Sep 19 08:02:25.260: INFO: default-backend-54966589c4-4d47g started at 2018-09-17 07:08:29 +0000 UTC (0+1 container statuses recorded)&#xA;Sep 19 08:02:25.260: INFO: &#x9;Container default-backend ready: true, restart count 0&#xA;Sep 19 08:02:25.260: INFO: platform-ui-6fjgx started at 2018-09-17 07:14:34 +0000 UTC (0+1 container statuses recorded)&#xA;Sep 19 08:02:25.260: INFO: &#x9;Container platform-ui ready: true, restart count 0&#xA;Sep 19 08:02:25.260: INFO: monitoring-prometheus-nodeexporter-f84fv started at 2018-09-17 07:15:45 +0000 UTC (0+2 container statuses recorded)&#xA;Sep 19 08:02:25.260: INFO: &#x9;Container nodeexporter ready: true, restart count 0&#xA;Sep 19 08:02:25.261: INFO: &#x9;Container router ready: true, restart count 0&#xA;Sep 19 08:02:25.261: INFO: prometheus-6f98d89664-wh7pb started at 2018-09-17 07:17:31 +0000 UTC (0+1 container statuses recorded)&#xA;Sep 19 08:02:25.261: INFO: &#x9;Container prometheus ready: true, restart count 0&#xA;Sep 19 08:02:25.261: INFO: vulnerability-advisor-live-crawler-p6khc started at 2018-09-17 07:19:02 +0000 UTC (0+1 container statuses recorded)&#xA;Sep 19 08:02:25.261: INFO: &#x9;Container live-crawler ready: true, restart count 0&#xA;Sep 19 08:02:25.261: INFO: service-catalog-apiserver-967x9 started at 2018-09-17 07:08:20 +0000 UTC (0+1 container statuses recorded)&#xA;Sep 19 08:02:25.261: INFO: &#x9;Container apiserver ready: true, restart count 0&#xA;Sep 19 08:02:25.261: INFO: oidc-client-registration-szxrk started at 2018-09-17 07:10:05 +0000 UTC (0+1 container statuses recorded)&#xA;Sep 19 08:02:25.261: INFO: &#x9;Container oidc-client-registration ready: false, restart count 0&#xA;Sep 19 08:02:25.261: INFO: kiali-7f8c59df94-25qmq started at 2018-09-17 07:17:27 +0000 UTC (0+1 container statuses recorded)&#xA;Sep 19 08:02:25.261: INFO: &#x9;Container kiali ready: true, restart count 0&#xA;Sep 19 08:02:25.261: INFO: kube-dns-mwjc8 started at 2018-09-17 07:06:10 +0000 UTC (0+1 container statuses recorded)&#xA;Sep 19 08:02:25.261: INFO: &#x9;Container kube-dns ready: true, restart count 0&#xA;Sep 19 08:02:25.261: INFO: auth-pdp-tk2jm started at 2018-09-17 07:10:28 +0000 UTC (5+2 container statuses recorded)&#xA;Sep 19 08:02:25.261: INFO: &#x9;Init container init-auth-service ready: true, restart count 0&#xA;Sep 19 08:02:25.261: INFO: &#x9;Init container init-identity-provider ready: true, restart count 0&#xA;Sep 19 08:02:25.261: INFO: &#x9;Init container init-identity-manager ready: true, restart count 0&#xA;Sep 19 08:02:25.261: INFO: &#x9;Init container init-token-service ready: true, restart count 0&#xA;Sep 19 08:02:25.261: INFO: &#x9;Init container init-pap ready: true, restart count 0&#xA;Sep 19 08:02:25.261: INFO: &#x9;Container auth-pdp ready: true, restart count 0&#xA;Sep 19 08:02:25.261: INFO: &#x9;Container icp-audit-service ready: true, restart count 0&#xA;Sep 19 08:02:25.261: INFO: icp-management-ingress-x6qn8 started at 2018-09-17 07:10:36 +0000 UTC (0+1 container statuses recorded)&#xA;Sep 19 08:02:25.261: INFO: &#x9;Container icp-management-ingress ready: true, restart count 0&#xA;Sep 19 08:02:25.261: INFO: istio-egressgateway-54448bcdbd-cqlhf started at 2018-09-17 07:24:11 +0000 UTC (0+1 container statuses recorded)&#xA;Sep 19 08:02:25.261: INFO: &#x9;Container istio-egressgateway ready: true, restart count 0&#xA;Sep 19 08:02:25.261: INFO: heapster-69b486565b-nt26r started at 2018-09-17 07:13:48 +0000 UTC (0+1 container statuses recorded)&#xA;Sep 19 08:02:25.261: INFO: &#x9;Container heapster ready: true, restart count 0&#xA;Sep 19 08:02:25.261: INFO: istio-galley-687cd96db-hlpng started at 2018-09-17 07:17:28 +0000 UTC (0+1 container statuses recorded)&#xA;Sep 19 08:02:25.261: INFO: &#x9;Container validator ready: true, restart count 0&#xA;Sep 19 08:02:25.261: INFO: istio-tracing-77ccfc8844-79ngl started at 2018-09-17 07:17:32 +0000 UTC (0+1 container statuses recorded)&#xA;Sep 19 08:02:25.261: INFO: &#x9;Container jaeger ready: true, restart count 0&#xA;Sep 19 08:02:25.261: INFO: audit-logging-fluentd-ds-dhcg6 started at 2018-09-17 07:18:46 +0000 UTC (0+1 container statuses recorded)&#xA;Sep 19 08:02:25.261: INFO: &#x9;Container fluentd ready: true, restart count 0&#xA;Sep 19 08:02:25.261: INFO: istio-ingressgateway-7bc96d6585-m567m started at 2018-09-17 07:20:41 +0000 UTC (0+1 container statuses recorded)&#xA;Sep 19 08:02:25.261: INFO: &#x9;Container istio-ingressgateway ready: true, restart count 0&#xA;Sep 19 08:02:25.261: INFO: helm-api-fdd886877-6pwm8 started at 2018-09-17 07:16:36 +0000 UTC (0+3 container statuses recorded)&#xA;Sep 19 08:02:25.261: INFO: &#x9;Container audit-service ready: true, restart count 0&#xA;Sep 19 08:02:25.261: INFO: &#x9;Container helmapi ready: true, restart count 0&#xA;Sep 19 08:02:25.261: INFO: &#x9;Container rudder ready: true, restart count 0&#xA;Sep 19 08:02:25.261: INFO: istio-egressgateway-54448bcdbd-f4v6v started at 2018-09-17 07:17:29 +0000 UTC (0+1 container statuses recorded)&#xA;Sep 19 08:02:25.261: INFO: &#x9;Container istio-egressgateway ready: true, restart count 0&#xA;Sep 19 08:02:25.261: INFO: istio-citadel-77694dc965-mwqkp started at 2018-09-17 07:17:31 +0000 UTC (0+1 container statuses recorded)&#xA;Sep 19 08:02:25.261: INFO: &#x9;Container citadel ready: true, restart count 0&#xA;Sep 19 08:02:25.261: INFO: vulnerability-advisor-process-ma-crawler-96728 started at 2018-09-17 07:19:03 +0000 UTC (0+1 container statuses recorded)&#xA;Sep 19 08:02:25.261: INFO: &#x9;Container process-ma-crawler ready: true, restart count 0&#xA;Sep 19 08:02:25.261: INFO: istio-telemetry-8b5964dc7-rfswc started at 2018-09-17 07:19:39 +0000 UTC (0+2 container statuses recorded)&#xA;Sep 19 08:02:25.261: INFO: &#x9;Container istio-proxy ready: true, restart count 0&#xA;Sep 19 08:02:25.261: INFO: &#x9;Container mixer ready: true, restart count 0&#xA;Sep 19 08:02:25.261: INFO: nvidia-device-plugin-nh54k started at 2018-09-17 07:07:17 +0000 UTC (1+1 container statuses recorded)&#xA;Sep 19 08:02:25.261: INFO: &#x9;Init container nvidia-driver-collector ready: true, restart count 0&#xA;Sep 19 08:02:25.261: INFO: &#x9;Container nvidia-device-plugin ready: true, restart count 0&#xA;Sep 19 08:02:25.261: INFO: mariadb-0 started at 2018-09-17 07:08:38 +0000 UTC (0+1 container statuses recorded)&#xA;Sep 19 08:02:25.261: INFO: &#x9;Container mariadb ready: true, restart count 0&#xA;Sep 19 08:02:25.261: INFO: logging-elk-filebeat-ds-qf2vz started at 2018-09-17 07:15:20 +0000 UTC (0+1 container statuses recorded)&#xA;Sep 19 08:02:25.261: INFO: &#x9;Container filebeat ready: true, restart count 0&#xA;Sep 19 08:02:25.261: INFO: istio-ingressgateway-7bc96d6585-c58zx started at 2018-09-17 07:24:15 +0000 UTC (0+1 container statuses recorded)&#xA;Sep 19 08:02:25.261: INFO: &#x9;Container istio-ingressgateway ready: true, restart count 0&#xA;Sep 19 08:02:25.261: INFO: istio-policy-5b64d7fd64-5l2m9 started at 2018-09-17 07:31:07 +0000 UTC (0+2 container statuses recorded)&#xA;Sep 19 08:02:25.261: INFO: &#x9;Container istio-proxy ready: true, restart count 0&#xA;Sep 19 08:02:25.261: INFO: &#x9;Container mixer ready: true, restart count 0&#xA;Sep 19 08:02:25.261: INFO: platform-api-2fs4x started at 2018-09-17 07:08:45 +0000 UTC (0+2 container statuses recorded)&#xA;Sep 19 08:02:25.261: INFO: &#x9;Container audit-service ready: true, restart count 0&#xA;Sep 19 08:02:25.261: INFO: &#x9;Container platform-api ready: true, restart count 0&#xA;Sep 19 08:02:25.261: INFO: istio-telemetry-8b5964dc7-hcf6d started at 2018-09-17 07:17:29 +0000 UTC (0+2 container statuses recorded)&#xA;Sep 19 08:02:25.261: INFO: &#x9;Container istio-proxy ready: true, restart count 0&#xA;Sep 19 08:02:25.261: INFO: &#x9;Container mixer ready: true, restart count 0&#xA;Sep 19 08:02:25.261: INFO: istio-sidecar-injector-86d554f5f7-d57zk started at 2018-09-17 07:17:32 +0000 UTC (0+1 container statuses recorded)&#xA;Sep 19 08:02:25.261: INFO: &#x9;Container sidecar-injector-webhook ready: true, restart count 0&#xA;Sep 19 08:02:25.261: INFO: secret-watcher-5f59fcbc69-pfnfk started at 2018-09-17 07:18:05 +0000 UTC (0+1 container statuses recorded)&#xA;Sep 19 08:02:25.261: INFO: &#x9;Container secret-watcher ready: true, restart count 0&#xA;Sep 19 08:02:25.261: INFO: istio-telemetry-8b5964dc7-nw9kk started at 2018-09-17 07:23:11 +0000 UTC (0+2 container statuses recorded)&#xA;Sep 19 08:02:25.261: INFO: &#x9;Container istio-proxy ready: true, restart count 0&#xA;Sep 19 08:02:25.261: INFO: &#x9;Container mixer ready: true, restart count 0&#xA;Sep 19 08:02:25.261: INFO: calico-kube-controllers-dcb8cc97c-gtsqp started at 2018-09-17 07:05:53 +0000 UTC (0+1 container statuses recorded)&#xA;Sep 19 08:02:25.261: INFO: &#x9;Container calico-kube-controllers ready: true, restart count 0&#xA;Sep 19 08:02:25.261: INFO: icp-mongodb-0 started at 2018-09-17 07:07:42 +0000 UTC (2+1 container statuses recorded)&#xA;Sep 19 08:02:25.261: INFO: &#x9;Init container install ready: true, restart count 0&#xA;Sep 19 08:02:25.261: INFO: &#x9;Init container bootstrap ready: true, restart count 0&#xA;Sep 19 08:02:25.261: INFO: &#x9;Container icp-mongodb ready: true, restart count 0&#xA;Sep 19 08:02:25.261: INFO: catalog-ui-5rtkh started at 2018-09-17 07:15:57 +0000 UTC (0+1 container statuses recorded)&#xA;Sep 19 08:02:25.261: INFO: &#x9;Container catalog-ui ready: true, restart count 0&#xA;Sep 19 08:02:25.261: INFO: istio-policy-5b64d7fd64-jrlzt started at 2018-09-17 07:23:11 +0000 UTC (0+2 container statuses recorded)&#xA;Sep 19 08:02:25.261: INFO: &#x9;Container istio-proxy ready: true, restart count 0&#xA;Sep 19 08:02:25.261: INFO: &#x9;Container mixer ready: true, restart count 0&#xA;Sep 19 08:02:25.261: INFO: istio-policy-5b64d7fd64-fb4bc started at 2018-09-17 07:27:37 +0000 UTC (0+2 container statuses recorded)&#xA;Sep 19 08:02:25.261: INFO: &#x9;Container istio-proxy ready: true, restart count 0&#xA;Sep 19 08:02:25.261: INFO: &#x9;Container mixer ready: true, restart count 0&#xA;Sep 19 08:02:25.261: INFO: k8s-proxy-10.46.6.173 started at &lt;nil&gt; (0+0 container statuses recorded)&#xA;Sep 19 08:02:25.261: INFO: k8s-etcd-10.46.6.173 started at &lt;nil&gt; (0+0 container statuses recorded)&#xA;Sep 19 08:02:25.261: INFO: image-manager-0 started at 2018-09-17 06:38:56 +0000 UTC (0+2 container statuses recorded)&#xA;Sep 19 08:02:25.261: INFO: &#x9;Container icp-registry ready: true, restart count 0&#xA;Sep 19 08:02:25.261: INFO: &#x9;Container image-manager ready: true, restart count 0&#xA;Sep 19 08:02:25.261: INFO: platform-deploy-dbbks started at 2018-09-17 07:08:45 +0000 UTC (0+1 container statuses recorded)&#xA;Sep 19 08:02:25.261: INFO: &#x9;Container platform-deploy ready: true, restart count 0&#xA;Sep 19 08:02:25.261: INFO: auth-apikeys-x45mz started at 2018-09-17 07:10:12 +0000 UTC (0+1 container statuses recorded)&#xA;Sep 19 08:02:25.261: INFO: &#x9;Container auth-apikeys ready: true, restart count 0&#xA;Sep 19 08:02:25.261: INFO: istio-policy-5b64d7fd64-pt9z2 started at 2018-09-17 07:17:30 +0000 UTC (0+2 container statuses recorded)&#xA;Sep 19 08:02:25.261: INFO: &#x9;Container istio-proxy ready: true, restart count 0&#xA;Sep 19 08:02:25.261: INFO: &#x9;Container mixer ready: true, restart count 0&#xA;Sep 19 08:02:25.261: INFO: istio-policy-5b64d7fd64-z68j4 started at 2018-09-17 07:19:38 +0000 UTC (0+2 container statuses recorded)&#xA;Sep 19 08:02:25.261: INFO: &#x9;Container istio-proxy ready: true, restart count 0&#xA;Sep 19 08:02:25.261: INFO: &#x9;Container mixer ready: true, restart count 0&#xA;Sep 19 08:02:25.261: INFO: istio-ingressgateway-7bc96d6585-r98nr started at 2018-09-17 07:28:10 +0000 UTC (0+1 container statuses recorded)&#xA;Sep 19 08:02:25.261: INFO: &#x9;Container istio-ingressgateway ready: true, restart count 0&#xA;Sep 19 08:02:25.261: INFO: mgmt-repo-57dc689b74-tmp44 started at 2018-09-17 07:17:51 +0000 UTC (1+2 container statuses recorded)&#xA;Sep 19 08:02:25.261: INFO: &#x9;Init container mgmt-repo-init ready: true, restart count 0&#xA;Sep 19 08:02:25.261: INFO: &#x9;Container audit-service ready: true, restart count 0&#xA;Sep 19 08:02:25.261: INFO: &#x9;Container mgmt-repo ready: true, restart count 0&#xA;Sep 19 08:02:25.261: INFO: istio-egressgateway-54448bcdbd-lhh5c started at 2018-09-17 07:20:07 +0000 UTC (0+1 container statuses recorded)&#xA;Sep 19 08:02:25.261: INFO: &#x9;Container istio-egressgateway ready: true, restart count 0&#xA;Sep 19 08:02:25.261: INFO: istio-ingressgateway-7bc96d6585-4qnc5 started at 2018-09-17 07:24:14 +0000 UTC (0+1 container statuses recorded)&#xA;Sep 19 08:02:25.261: INFO: &#x9;Container istio-ingressgateway ready: true, restart count 0&#xA;Sep 19 08:02:25.261: INFO: auth-idp-kjpmx started at 2018-09-17 07:10:04 +0000 UTC (1+4 container statuses recorded)&#xA;Sep 19 08:02:25.261: INFO: &#x9;Init container init-mariadb ready: true, restart count 0&#xA;Sep 19 08:02:25.261: INFO: &#x9;Container icp-audit-service ready: true, restart count 0&#xA;Sep 19 08:02:25.261: INFO: &#x9;Container platform-auth-service ready: true, restart count 0&#xA;Sep 19 08:02:25.261: INFO: &#x9;Container platform-identity-manager ready: true, restart count 0&#xA;Sep 19 08:02:25.261: INFO: &#x9;Container platform-identity-provider ready: true, restart count 0&#xA;Sep 19 08:02:25.261: INFO: helm-repo-5649f57447-wwdn4 started at 2018-09-17 07:13:54 +0000 UTC (1+2 container statuses recorded)&#xA;Sep 19 08:02:25.261: INFO: &#x9;Init container helm-repo-init ready: true, restart count 0&#xA;Sep 19 08:02:25.261: INFO: &#x9;Container audit-service ready: true, restart count 0&#xA;Sep 19 08:02:25.261: INFO: &#x9;Container helm-repo ready: true, restart count 0&#xA;Sep 19 08:02:25.262: INFO: metering-reader-l7284 started at 2018-09-17 07:14:11 +0000 UTC (1+1 container statuses recorded)&#xA;Sep 19 08:02:25.262: INFO: &#x9;Init container metering-reader-init ready: true, restart count 0&#xA;Sep 19 08:02:25.262: INFO: &#x9;Container metering-reader ready: true, restart count 0&#xA;Sep 19 08:02:25.262: INFO: istio-statsd-prom-bridge-66cb69b666-p76m8 started at 2018-09-17 07:17:29 +0000 UTC (0+1 container statuses recorded)&#xA;Sep 19 08:02:25.262: INFO: &#x9;Container statsd-prom-bridge ready: true, restart count 0&#xA;Sep 19 08:02:25.262: INFO: servicegraph-85578d8fc6-m62z4 started at 2018-09-17 07:17:32 +0000 UTC (0+1 container statuses recorded)&#xA;Sep 19 08:02:25.262: INFO: &#x9;Container servicegraph ready: true, restart count 0&#xA;Sep 19 08:02:25.262: INFO: istio-telemetry-8b5964dc7-vjqbq started at 2018-09-17 07:27:36 +0000 UTC (0+2 container statuses recorded)&#xA;Sep 19 08:02:25.262: INFO: &#x9;Container istio-proxy ready: true, restart count 0&#xA;Sep 19 08:02:25.262: INFO: &#x9;Container mixer ready: true, restart count 0&#xA;Sep 19 08:02:25.262: INFO: istio-telemetry-8b5964dc7-9q67f started at 2018-09-17 07:31:08 +0000 UTC (0+2 container statuses recorded)&#xA;Sep 19 08:02:25.262: INFO: &#x9;Container istio-proxy ready: true, restart count 0&#xA;Sep 19 08:02:25.262: INFO: &#x9;Container mixer ready: true, restart count 0&#xA;Sep 19 08:02:25.262: INFO: service-catalog-controller-manager-5969cccf86-65phs started at 2018-09-17 07:08:21 +0000 UTC (0+1 container statuses recorded)&#xA;Sep 19 08:02:25.262: INFO: &#x9;Container controller-manager ready: true, restart count 0&#xA;Sep 19 08:02:25.262: INFO: auth-pap-qb5m2 started at 2018-09-17 07:10:20 +0000 UTC (0+1 container statuses recorded)&#xA;Sep 19 08:02:25.262: INFO: &#x9;Container auth-pap ready: true, restart count 0&#xA;Sep 19 08:02:25.262: INFO: istio-pilot-6cf9ccf474-kkb6j started at 2018-09-17 07:17:31 +0000 UTC (0+2 container statuses recorded)&#xA;Sep 19 08:02:25.262: INFO: &#x9;Container discovery ready: true, restart count 0&#xA;Sep 19 08:02:25.262: INFO: &#x9;Container istio-proxy ready: true, restart count 0&#xA;Sep 19 08:02:25.262: INFO: calico-node-m7d5t started at 2018-09-17 07:05:54 +0000 UTC (0+2 container statuses recorded)&#xA;Sep 19 08:02:25.262: INFO: &#x9;Container calico-node ready: true, restart count 0&#xA;Sep 19 08:02:25.262: INFO: &#x9;Container install-cni ready: true, restart count 0&#xA;Sep 19 08:02:25.262: INFO: ibm-cert-manager-cert-manager-74687f689b-7994r started at 2018-09-17 07:07:12 +0000 UTC (0+1 container statuses recorded)&#xA;Sep 19 08:02:25.262: INFO: &#x9;Container ibm-cert-manager ready: true, restart count 0&#xA;Sep 19 08:02:25.262: INFO: nginx-ingress-controller-h5z2v started at 2018-09-17 07:08:28 +0000 UTC (1+1 container statuses recorded)&#xA;Sep 19 08:02:25.262: INFO: &#x9;Init container sysctl ready: true, restart count 0&#xA;Sep 19 08:02:25.262: INFO: &#x9;Container nginx-ingress ready: true, restart count 0&#xA;Sep 19 08:02:25.262: INFO: istio-egressgateway-54448bcdbd-pjbtc started at 2018-09-17 07:28:34 +0000 UTC (0+1 container statuses recorded)&#xA;Sep 19 08:02:25.262: INFO: &#x9;Container istio-egressgateway ready: true, restart count 0&#xA;Sep 19 08:02:25.262: INFO: k8s-master-10.46.6.173 started at &lt;nil&gt; (0+0 container statuses recorded)&#xA;Sep 19 08:02:25.262: INFO: grafana-77676f44f7-c9wr6 started at 2018-09-17 07:17:28 +0000 UTC (0+1 container statuses recorded)&#xA;Sep 19 08:02:25.262: INFO: &#x9;Container grafana ready: true, restart count 1&#xA;Sep 19 08:02:25.262: INFO: security-onboarding-tkf79 started at 2018-09-17 07:18:12 +0000 UTC (0+1 container statuses recorded)&#xA;Sep 19 08:02:25.262: INFO: &#x9;Container security-onboarding ready: false, restart count 0&#xA;Sep 19 08:02:25.262: INFO: istio-egressgateway-54448bcdbd-xmkbc started at 2018-09-17 07:24:11 +0000 UTC (0+1 container statuses recorded)&#xA;Sep 19 08:02:25.262: INFO: &#x9;Container istio-egressgateway ready: true, restart count 0&#xA;Sep 19 08:02:25.262: INFO: tiller-deploy-6b58875cb-5l8kh started at 2018-09-17 07:05:28 +0000 UTC (0+1 container statuses recorded)&#xA;Sep 19 08:02:25.262: INFO: &#x9;Container tiller ready: true, restart count 0&#xA;Sep 19 08:02:25.262: INFO: unified-router-lkwnl started at 2018-09-17 07:15:31 +0000 UTC (0+1 container statuses recorded)&#xA;Sep 19 08:02:25.262: INFO: &#x9;Container unified-router ready: true, restart count 0&#xA;Sep 19 08:02:25.262: INFO: istio-ingressgateway-7bc96d6585-smf45 started at 2018-09-17 07:17:28 +0000 UTC (0+1 container statuses recorded)&#xA;Sep 19 08:02:25.262: INFO: &#x9;Container istio-ingressgateway ready: true, restart count 0&#xA;Sep 19 08:02:25.394: INFO: &#xA;Latency metrics for node 10.46.6.173&#xA;STEP: Dumping a list of prepulled images on each node to file /tmp/results/image-puller.txt&#xA;Sep 19 08:02:25.413: INFO: Waiting up to 3m0s for all (but 0) nodes to be ready&#xA;STEP: Destroying namespace &#34;e2e-tests-pods-9hjvz&#34; for this suite.&#xA;Sep 19 08:02:31.445: INFO: Waiting up to 30s for server preferred namespaced resources to be successfully discovered&#xA;Sep 19 08:02:31.463: INFO: namespace: e2e-tests-pods-9hjvz, resource: bindings, ignored listing per whitelist&#xA;Sep 19 08:02:33.396: INFO: namespace e2e-tests-pods-9hjvz deletion completed in 7.976088237s&#xA;</system-out>
      </testcase>
      <testcase name="[sig-scalability] Load capacity [Feature:ManualPerformance] should be able to handle 3 pods per node { ReplicationController} with 0 secrets, 0 configmaps and 0 daemons" classname="Kubernetes e2e suite" time="0">
          <skipped></skipped>
      </testcase>
      <testcase name="[sig-storage] Dynamic Provisioning DynamicProvisioner Default should be disabled by removing the default annotation [Serial] [Disruptive]" classname="Kubernetes e2e suite" time="0">
          <skipped></skipped>
      </testcase>
      <testcase name="[sig-network] Networking Granular Checks: Services [Slow] should update nodePort: http [Slow]" classname="Kubernetes e2e suite" time="0">
          <skipped></skipped>
      </testcase>
      <testcase name="[sig-cluster-lifecycle] Reboot [Disruptive] [Feature:Reboot] each node by ordering clean reboot and ensure they function upon restart" classname="Kubernetes e2e suite" time="0">
          <skipped></skipped>
      </testcase>
      <testcase name="[k8s.io] [sig-node] kubelet [k8s.io] [sig-node] host cleanup with volume mounts [sig-storage][HostCleanup][Flaky] Host cleanup after disrupting NFS volume [NFS] after stopping the nfs-server and deleting the (active) client pod, the NFS mount and the pod&#39;s UID directory should be removed." classname="Kubernetes e2e suite" time="0">
          <skipped></skipped>
      </testcase>
      <testcase name="[k8s.io] Docker Containers should be able to override the image&#39;s default command and arguments [NodeConformance] [Conformance]" classname="Kubernetes e2e suite" time="14.577199512"></testcase>
      <testcase name="[sig-storage] Subpath [Volume type: gcePDPVC] should support existing directories when readOnly specified in the volumeSource" classname="Kubernetes e2e suite" time="0">
          <skipped></skipped>
      </testcase>
      <testcase name="[sig-storage] Volume FStype [Feature:vsphere] verify fstype - default value should be ext4" classname="Kubernetes e2e suite" time="0">
          <skipped></skipped>
      </testcase>
      <testcase name="[sig-apps] StatefulSet [k8s.io] Basic StatefulSet functionality [StatefulSetBasic] Should recreate evicted statefulset [Conformance]" classname="Kubernetes e2e suite" time="9.051246186">
          <failure type="Failure">/workspace/anago-v1.11.2-beta.0.50+bb9ffb1654d4a7/src/k8s.io/kubernetes/_output/dockerized/go/src/k8s.io/kubernetes/test/e2e/framework/framework.go:684&#xA;Expected error:&#xA;    &lt;*errors.StatusError | 0xc422178fc0&gt;: {&#xA;        ErrStatus: {&#xA;            TypeMeta: {Kind: &#34;&#34;, APIVersion: &#34;&#34;},&#xA;            ListMeta: {SelfLink: &#34;&#34;, ResourceVersion: &#34;&#34;, Continue: &#34;&#34;},&#xA;            Status: &#34;Failure&#34;,&#xA;            Message: &#34;Internal error occurred: admission webhook \&#34;trust.hooks.securityenforcement.admission.cloud.ibm.com\&#34; denied the request: \nDeny \&#34;k8s.gcr.io/nginx-slim-amd64:0.20\&#34;, no matching repositories in ClusterImagePolicy and no ImagePolicies in the \&#34;e2e-tests-statefulset-gg46j\&#34; namespace&#34;,&#xA;            Reason: &#34;InternalError&#34;,&#xA;            Details: {&#xA;                Name: &#34;&#34;,&#xA;                Group: &#34;&#34;,&#xA;                Kind: &#34;&#34;,&#xA;                UID: &#34;&#34;,&#xA;                Causes: [&#xA;                    {&#xA;                        Type: &#34;&#34;,&#xA;                        Message: &#34;admission webhook \&#34;trust.hooks.securityenforcement.admission.cloud.ibm.com\&#34; denied the request: \nDeny \&#34;k8s.gcr.io/nginx-slim-amd64:0.20\&#34;, no matching repositories in ClusterImagePolicy and no ImagePolicies in the \&#34;e2e-tests-statefulset-gg46j\&#34; namespace&#34;,&#xA;                        Field: &#34;&#34;,&#xA;                    },&#xA;                ],&#xA;                RetryAfterSeconds: 0,&#xA;            },&#xA;            Code: 500,&#xA;        },&#xA;    }&#xA;    Internal error occurred: admission webhook &#34;trust.hooks.securityenforcement.admission.cloud.ibm.com&#34; denied the request: &#xA;    Deny &#34;k8s.gcr.io/nginx-slim-amd64:0.20&#34;, no matching repositories in ClusterImagePolicy and no ImagePolicies in the &#34;e2e-tests-statefulset-gg46j&#34; namespace&#xA;not to have occurred&#xA;/workspace/anago-v1.11.2-beta.0.50+bb9ffb1654d4a7/src/k8s.io/kubernetes/_output/dockerized/go/src/k8s.io/kubernetes/test/e2e/apps/statefulset.go:821</failure>
          <system-out>[BeforeEach] [sig-apps] StatefulSet&#xA;  /workspace/anago-v1.11.2-beta.0.50+bb9ffb1654d4a7/src/k8s.io/kubernetes/_output/dockerized/go/src/k8s.io/kubernetes/test/e2e/framework/framework.go:141&#xA;STEP: Creating a kubernetes client&#xA;Sep 19 08:02:47.973: INFO: &gt;&gt;&gt; kubeConfig: /tmp/kubeconfig-172917420&#xA;STEP: Building a namespace api object&#xA;STEP: Binding the e2e-test-privileged-psp PodSecurityPolicy to the default service account in e2e-tests-statefulset-gg46j&#xA;STEP: Waiting for a default service account to be provisioned in namespace&#xA;[BeforeEach] [sig-apps] StatefulSet&#xA;  /workspace/anago-v1.11.2-beta.0.50+bb9ffb1654d4a7/src/k8s.io/kubernetes/_output/dockerized/go/src/k8s.io/kubernetes/test/e2e/apps/statefulset.go:57&#xA;[BeforeEach] [k8s.io] Basic StatefulSet functionality [StatefulSetBasic]&#xA;  /workspace/anago-v1.11.2-beta.0.50+bb9ffb1654d4a7/src/k8s.io/kubernetes/_output/dockerized/go/src/k8s.io/kubernetes/test/e2e/apps/statefulset.go:72&#xA;STEP: Creating service test in namespace e2e-tests-statefulset-gg46j&#xA;[It] Should recreate evicted statefulset [Conformance]&#xA;  /workspace/anago-v1.11.2-beta.0.50+bb9ffb1654d4a7/src/k8s.io/kubernetes/_output/dockerized/go/src/k8s.io/kubernetes/test/e2e/framework/framework.go:684&#xA;STEP: Looking for a node to schedule stateful set and pod&#xA;STEP: Creating pod with conflicting port in namespace e2e-tests-statefulset-gg46j&#xA;Sep 19 08:02:48.364: INFO: Unexpected error occurred: Internal error occurred: admission webhook &#34;trust.hooks.securityenforcement.admission.cloud.ibm.com&#34; denied the request: &#xA;Deny &#34;k8s.gcr.io/nginx-slim-amd64:0.20&#34;, no matching repositories in ClusterImagePolicy and no ImagePolicies in the &#34;e2e-tests-statefulset-gg46j&#34; namespace&#xA;[AfterEach] [k8s.io] Basic StatefulSet functionality [StatefulSetBasic]&#xA;  /workspace/anago-v1.11.2-beta.0.50+bb9ffb1654d4a7/src/k8s.io/kubernetes/_output/dockerized/go/src/k8s.io/kubernetes/test/e2e/apps/statefulset.go:83&#xA;Sep 19 08:02:48.369: INFO: Deleting all statefulset in ns e2e-tests-statefulset-gg46j&#xA;[AfterEach] [sig-apps] StatefulSet&#xA;  /workspace/anago-v1.11.2-beta.0.50+bb9ffb1654d4a7/src/k8s.io/kubernetes/_output/dockerized/go/src/k8s.io/kubernetes/test/e2e/framework/framework.go:142&#xA;STEP: Collecting events from namespace &#34;e2e-tests-statefulset-gg46j&#34;.&#xA;STEP: Found 0 events.&#xA;Sep 19 08:02:48.423: INFO: POD                                                              NODE         PHASE      GRACE  CONDITIONS&#xA;Sep 19 08:02:48.423: INFO: ibm-cert-manager-cert-manager-74687f689b-7994r                   10.46.6.173  Running           [{Initialized True 0001-01-01 00:00:00 +0000 UTC 2018-09-17 07:07:12 +0000 UTC  } {Ready True 0001-01-01 00:00:00 +0000 UTC 2018-09-17 07:07:37 +0000 UTC  } {ContainersReady True 0001-01-01 00:00:00 +0000 UTC 0001-01-01 00:00:00 +0000 UTC  } {PodScheduled True 0001-01-01 00:00:00 +0000 UTC 2018-09-17 07:07:12 +0000 UTC  }]&#xA;Sep 19 08:02:48.423: INFO: sonobuoy                                                         10.46.6.170  Running           [{Initialized True 0001-01-01 00:00:00 +0000 UTC 2018-09-19 07:22:02 +0000 UTC  } {Ready True 0001-01-01 00:00:00 +0000 UTC 2018-09-19 07:22:08 +0000 UTC  } {ContainersReady True 0001-01-01 00:00:00 +0000 UTC 0001-01-01 00:00:00 +0000 UTC  } {PodScheduled True 0001-01-01 00:00:00 +0000 UTC 2018-09-19 07:22:02 +0000 UTC  }]&#xA;Sep 19 08:02:48.423: INFO: sonobuoy-e2e-job-c3f9b53ea97c48a2                                10.46.6.170  Running           [{Initialized True 0001-01-01 00:00:00 +0000 UTC 2018-09-19 07:22:08 +0000 UTC  } {Ready True 0001-01-01 00:00:00 +0000 UTC 2018-09-19 07:22:25 +0000 UTC  } {ContainersReady True 0001-01-01 00:00:00 +0000 UTC 0001-01-01 00:00:00 +0000 UTC  } {PodScheduled True 0001-01-01 00:00:00 +0000 UTC 2018-09-19 07:22:08 +0000 UTC  }]&#xA;Sep 19 08:02:48.423: INFO: grafana-77676f44f7-c9wr6                                         10.46.6.173  Running           [{Initialized True 0001-01-01 00:00:00 +0000 UTC 2018-09-17 07:17:28 +0000 UTC  } {Ready True 0001-01-01 00:00:00 +0000 UTC 2018-09-17 07:20:34 +0000 UTC  } {ContainersReady True 0001-01-01 00:00:00 +0000 UTC 0001-01-01 00:00:00 +0000 UTC  } {PodScheduled True 0001-01-01 00:00:00 +0000 UTC 2018-09-17 07:17:27 +0000 UTC  }]&#xA;Sep 19 08:02:48.423: INFO: istio-citadel-77694dc965-mwqkp                                   10.46.6.173  Running           [{Initialized True 0001-01-01 00:00:00 +0000 UTC 2018-09-17 07:17:31 +0000 UTC  } {Ready True 0001-01-01 00:00:00 +0000 UTC 2018-09-17 07:18:30 +0000 UTC  } {ContainersReady True 0001-01-01 00:00:00 +0000 UTC 0001-01-01 00:00:00 +0000 UTC  } {PodScheduled True 0001-01-01 00:00:00 +0000 UTC 2018-09-17 07:17:28 +0000 UTC  }]&#xA;Sep 19 08:02:48.423: INFO: istio-egressgateway-54448bcdbd-cqlhf                             10.46.6.173  Running           [{Initialized True 0001-01-01 00:00:00 +0000 UTC 2018-09-17 07:24:11 +0000 UTC  } {Ready True 0001-01-01 00:00:00 +0000 UTC 2018-09-17 07:25:19 +0000 UTC  } {ContainersReady True 0001-01-01 00:00:00 +0000 UTC 0001-01-01 00:00:00 +0000 UTC  } {PodScheduled True 0001-01-01 00:00:00 +0000 UTC 2018-09-17 07:24:10 +0000 UTC  }]&#xA;Sep 19 08:02:48.423: INFO: istio-egressgateway-54448bcdbd-f4v6v                             10.46.6.173  Running           [{Initialized True 0001-01-01 00:00:00 +0000 UTC 2018-09-17 07:17:29 +0000 UTC  } {Ready True 0001-01-01 00:00:00 +0000 UTC 2018-09-17 07:18:31 +0000 UTC  } {ContainersReady True 0001-01-01 00:00:00 +0000 UTC 0001-01-01 00:00:00 +0000 UTC  } {PodScheduled True 0001-01-01 00:00:00 +0000 UTC 2018-09-17 07:17:27 +0000 UTC  }]&#xA;Sep 19 08:02:48.423: INFO: istio-egressgateway-54448bcdbd-lhh5c                             10.46.6.173  Running           [{Initialized True 0001-01-01 00:00:00 +0000 UTC 2018-09-17 07:20:07 +0000 UTC  } {Ready True 0001-01-01 00:00:00 +0000 UTC 2018-09-17 07:21:11 +0000 UTC  } {ContainersReady True 0001-01-01 00:00:00 +0000 UTC 0001-01-01 00:00:00 +0000 UTC  } {PodScheduled True 0001-01-01 00:00:00 +0000 UTC 2018-09-17 07:20:06 +0000 UTC  }]&#xA;Sep 19 08:02:48.423: INFO: istio-egressgateway-54448bcdbd-pjbtc                             10.46.6.173  Running           [{Initialized True 0001-01-01 00:00:00 +0000 UTC 2018-09-17 07:28:34 +0000 UTC  } {Ready True 0001-01-01 00:00:00 +0000 UTC 2018-09-17 07:29:40 +0000 UTC  } {ContainersReady True 0001-01-01 00:00:00 +0000 UTC 0001-01-01 00:00:00 +0000 UTC  } {PodScheduled True 0001-01-01 00:00:00 +0000 UTC 2018-09-17 07:28:34 +0000 UTC  }]&#xA;Sep 19 08:02:48.423: INFO: istio-egressgateway-54448bcdbd-xmkbc                             10.46.6.173  Running           [{Initialized True 0001-01-01 00:00:00 +0000 UTC 2018-09-17 07:24:11 +0000 UTC  } {Ready True 0001-01-01 00:00:00 +0000 UTC 2018-09-17 07:25:10 +0000 UTC  } {ContainersReady True 0001-01-01 00:00:00 +0000 UTC 0001-01-01 00:00:00 +0000 UTC  } {PodScheduled True 0001-01-01 00:00:00 +0000 UTC 2018-09-17 07:24:10 +0000 UTC  }]&#xA;Sep 19 08:02:48.423: INFO: istio-galley-687cd96db-hlpng                                     10.46.6.173  Running           [{Initialized True 0001-01-01 00:00:00 +0000 UTC 2018-09-17 07:17:28 +0000 UTC  } {Ready True 0001-01-01 00:00:00 +0000 UTC 2018-09-17 07:18:35 +0000 UTC  } {ContainersReady True 0001-01-01 00:00:00 +0000 UTC 0001-01-01 00:00:00 +0000 UTC  } {PodScheduled True 0001-01-01 00:00:00 +0000 UTC 2018-09-17 07:17:27 +0000 UTC  }]&#xA;Sep 19 08:02:48.423: INFO: istio-ingressgateway-7bc96d6585-4qnc5                            10.46.6.173  Running           [{Initialized True 0001-01-01 00:00:00 +0000 UTC 2018-09-17 07:24:14 +0000 UTC  } {Ready True 0001-01-01 00:00:00 +0000 UTC 2018-09-17 07:25:22 +0000 UTC  } {ContainersReady True 0001-01-01 00:00:00 +0000 UTC 0001-01-01 00:00:00 +0000 UTC  } {PodScheduled True 0001-01-01 00:00:00 +0000 UTC 2018-09-17 07:24:13 +0000 UTC  }]&#xA;Sep 19 08:02:48.423: INFO: istio-ingressgateway-7bc96d6585-c58zx                            10.46.6.173  Running           [{Initialized True 0001-01-01 00:00:00 +0000 UTC 2018-09-17 07:24:15 +0000 UTC  } {Ready True 0001-01-01 00:00:00 +0000 UTC 2018-09-17 07:25:19 +0000 UTC  } {ContainersReady True 0001-01-01 00:00:00 +0000 UTC 0001-01-01 00:00:00 +0000 UTC  } {PodScheduled True 0001-01-01 00:00:00 +0000 UTC 2018-09-17 07:24:14 +0000 UTC  }]&#xA;Sep 19 08:02:48.424: INFO: istio-ingressgateway-7bc96d6585-m567m                            10.46.6.173  Running           [{Initialized True 0001-01-01 00:00:00 +0000 UTC 2018-09-17 07:20:41 +0000 UTC  } {Ready True 0001-01-01 00:00:00 +0000 UTC 2018-09-17 07:21:43 +0000 UTC  } {ContainersReady True 0001-01-01 00:00:00 +0000 UTC 0001-01-01 00:00:00 +0000 UTC  } {PodScheduled True 0001-01-01 00:00:00 +0000 UTC 2018-09-17 07:20:41 +0000 UTC  }]&#xA;Sep 19 08:02:48.424: INFO: istio-ingressgateway-7bc96d6585-r98nr                            10.46.6.173  Running           [{Initialized True 0001-01-01 00:00:00 +0000 UTC 2018-09-17 07:28:10 +0000 UTC  } {Ready True 0001-01-01 00:00:00 +0000 UTC 2018-09-17 07:29:11 +0000 UTC  } {ContainersReady True 0001-01-01 00:00:00 +0000 UTC 0001-01-01 00:00:00 +0000 UTC  } {PodScheduled True 0001-01-01 00:00:00 +0000 UTC 2018-09-17 07:28:09 +0000 UTC  }]&#xA;Sep 19 08:02:48.424: INFO: istio-ingressgateway-7bc96d6585-smf45                            10.46.6.173  Running           [{Initialized True 0001-01-01 00:00:00 +0000 UTC 2018-09-17 07:17:28 +0000 UTC  } {Ready True 0001-01-01 00:00:00 +0000 UTC 2018-09-17 07:18:37 +0000 UTC  } {ContainersReady True 0001-01-01 00:00:00 +0000 UTC 0001-01-01 00:00:00 +0000 UTC  } {PodScheduled True 0001-01-01 00:00:00 +0000 UTC 2018-09-17 07:17:27 +0000 UTC  }]&#xA;Sep 19 08:02:48.424: INFO: istio-pilot-6cf9ccf474-kkb6j                                     10.46.6.173  Running           [{Initialized True 0001-01-01 00:00:00 +0000 UTC 2018-09-17 07:17:31 +0000 UTC  } {Ready True 0001-01-01 00:00:00 +0000 UTC 2018-09-17 07:19:28 +0000 UTC  } {ContainersReady True 0001-01-01 00:00:00 +0000 UTC 0001-01-01 00:00:00 +0000 UTC  } {PodScheduled True 0001-01-01 00:00:00 +0000 UTC 2018-09-17 07:17:27 +0000 UTC  }]&#xA;Sep 19 08:02:48.424: INFO: istio-policy-5b64d7fd64-5l2m9                                    10.46.6.173  Running           [{Initialized True 0001-01-01 00:00:00 +0000 UTC 2018-09-17 07:31:07 +0000 UTC  } {Ready True 0001-01-01 00:00:00 +0000 UTC 2018-09-17 07:31:51 +0000 UTC  } {ContainersReady True 0001-01-01 00:00:00 +0000 UTC 0001-01-01 00:00:00 +0000 UTC  } {PodScheduled True 0001-01-01 00:00:00 +0000 UTC 2018-09-17 07:31:06 +0000 UTC  }]&#xA;Sep 19 08:02:48.424: INFO: istio-policy-5b64d7fd64-fb4bc                                    10.46.6.173  Running           [{Initialized True 0001-01-01 00:00:00 +0000 UTC 2018-09-17 07:27:37 +0000 UTC  } {Ready True 0001-01-01 00:00:00 +0000 UTC 2018-09-17 07:28:39 +0000 UTC  } {ContainersReady True 0001-01-01 00:00:00 +0000 UTC 0001-01-01 00:00:00 +0000 UTC  } {PodScheduled True 0001-01-01 00:00:00 +0000 UTC 2018-09-17 07:27:36 +0000 UTC  }]&#xA;Sep 19 08:02:48.424: INFO: istio-policy-5b64d7fd64-jrlzt                                    10.46.6.173  Running           [{Initialized True 0001-01-01 00:00:00 +0000 UTC 2018-09-17 07:23:11 +0000 UTC  } {Ready True 0001-01-01 00:00:00 +0000 UTC 2018-09-17 07:24:08 +0000 UTC  } {ContainersReady True 0001-01-01 00:00:00 +0000 UTC 0001-01-01 00:00:00 +0000 UTC  } {PodScheduled True 0001-01-01 00:00:00 +0000 UTC 2018-09-17 07:23:10 +0000 UTC  }]&#xA;Sep 19 08:02:48.424: INFO: istio-policy-5b64d7fd64-pt9z2                                    10.46.6.173  Running           [{Initialized True 0001-01-01 00:00:00 +0000 UTC 2018-09-17 07:17:30 +0000 UTC  } {Ready True 0001-01-01 00:00:00 +0000 UTC 2018-09-17 07:19:02 +0000 UTC  } {ContainersReady True 0001-01-01 00:00:00 +0000 UTC 0001-01-01 00:00:00 +0000 UTC  } {PodScheduled True 0001-01-01 00:00:00 +0000 UTC 2018-09-17 07:17:27 +0000 UTC  }]&#xA;Sep 19 08:02:48.424: INFO: istio-policy-5b64d7fd64-z68j4                                    10.46.6.173  Running           [{Initialized True 0001-01-01 00:00:00 +0000 UTC 2018-09-17 07:19:38 +0000 UTC  } {Ready True 0001-01-01 00:00:00 +0000 UTC 2018-09-17 07:20:44 +0000 UTC  } {ContainersReady True 0001-01-01 00:00:00 +0000 UTC 0001-01-01 00:00:00 +0000 UTC  } {PodScheduled True 0001-01-01 00:00:00 +0000 UTC 2018-09-17 07:19:37 +0000 UTC  }]&#xA;Sep 19 08:02:48.424: INFO: istio-sidecar-injector-86d554f5f7-d57zk                          10.46.6.173  Running           [{Initialized True 0001-01-01 00:00:00 +0000 UTC 2018-09-17 07:17:32 +0000 UTC  } {Ready True 0001-01-01 00:00:00 +0000 UTC 2018-09-17 07:18:41 +0000 UTC  } {ContainersReady True 0001-01-01 00:00:00 +0000 UTC 0001-01-01 00:00:00 +0000 UTC  } {PodScheduled True 0001-01-01 00:00:00 +0000 UTC 2018-09-17 07:17:29 +0000 UTC  }]&#xA;Sep 19 08:02:48.424: INFO: istio-statsd-prom-bridge-66cb69b666-p76m8                        10.46.6.173  Running           [{Initialized True 0001-01-01 00:00:00 +0000 UTC 2018-09-17 07:17:29 +0000 UTC  } {Ready True 0001-01-01 00:00:00 +0000 UTC 2018-09-17 07:18:32 +0000 UTC  } {ContainersReady True 0001-01-01 00:00:00 +0000 UTC 0001-01-01 00:00:00 +0000 UTC  } {PodScheduled True 0001-01-01 00:00:00 +0000 UTC 2018-09-17 07:17:27 +0000 UTC  }]&#xA;Sep 19 08:02:48.424: INFO: istio-telemetry-8b5964dc7-9q67f                                  10.46.6.173  Running           [{Initialized True 0001-01-01 00:00:00 +0000 UTC 2018-09-17 07:31:08 +0000 UTC  } {Ready True 0001-01-01 00:00:00 +0000 UTC 2018-09-17 07:32:00 +0000 UTC  } {ContainersReady True 0001-01-01 00:00:00 +0000 UTC 0001-01-01 00:00:00 +0000 UTC  } {PodScheduled True 0001-01-01 00:00:00 +0000 UTC 2018-09-17 07:31:07 +0000 UTC  }]&#xA;Sep 19 08:02:48.424: INFO: istio-telemetry-8b5964dc7-hcf6d                                  10.46.6.173  Running           [{Initialized True 0001-01-01 00:00:00 +0000 UTC 2018-09-17 07:17:29 +0000 UTC  } {Ready True 0001-01-01 00:00:00 +0000 UTC 2018-09-17 07:18:56 +0000 UTC  } {ContainersReady True 0001-01-01 00:00:00 +0000 UTC 0001-01-01 00:00:00 +0000 UTC  } {PodScheduled True 0001-01-01 00:00:00 +0000 UTC 2018-09-17 07:17:27 +0000 UTC  }]&#xA;Sep 19 08:02:48.424: INFO: istio-telemetry-8b5964dc7-nw9kk                                  10.46.6.173  Running           [{Initialized True 0001-01-01 00:00:00 +0000 UTC 2018-09-17 07:23:11 +0000 UTC  } {Ready True 0001-01-01 00:00:00 +0000 UTC 2018-09-17 07:24:19 +0000 UTC  } {ContainersReady True 0001-01-01 00:00:00 +0000 UTC 0001-01-01 00:00:00 +0000 UTC  } {PodScheduled True 0001-01-01 00:00:00 +0000 UTC 2018-09-17 07:23:10 +0000 UTC  }]&#xA;Sep 19 08:02:48.424: INFO: istio-telemetry-8b5964dc7-rfswc                                  10.46.6.173  Running           [{Initialized True 0001-01-01 00:00:00 +0000 UTC 2018-09-17 07:19:39 +0000 UTC  } {Ready True 0001-01-01 00:00:00 +0000 UTC 2018-09-17 07:20:38 +0000 UTC  } {ContainersReady True 0001-01-01 00:00:00 +0000 UTC 0001-01-01 00:00:00 +0000 UTC  } {PodScheduled True 0001-01-01 00:00:00 +0000 UTC 2018-09-17 07:19:38 +0000 UTC  }]&#xA;Sep 19 08:02:48.424: INFO: istio-telemetry-8b5964dc7-vjqbq                                  10.46.6.173  Running           [{Initialized True 0001-01-01 00:00:00 +0000 UTC 2018-09-17 07:27:36 +0000 UTC  } {Ready True 0001-01-01 00:00:00 +0000 UTC 2018-09-17 07:28:21 +0000 UTC  } {ContainersReady True 0001-01-01 00:00:00 +0000 UTC 0001-01-01 00:00:00 +0000 UTC  } {PodScheduled True 0001-01-01 00:00:00 +0000 UTC 2018-09-17 07:27:36 +0000 UTC  }]&#xA;Sep 19 08:02:48.424: INFO: istio-tracing-77ccfc8844-79ngl                                   10.46.6.173  Running           [{Initialized True 0001-01-01 00:00:00 +0000 UTC 2018-09-17 07:17:32 +0000 UTC  } {Ready True 0001-01-01 00:00:00 +0000 UTC 2018-09-17 07:18:08 +0000 UTC  } {ContainersReady True 0001-01-01 00:00:00 +0000 UTC 0001-01-01 00:00:00 +0000 UTC  } {PodScheduled True 0001-01-01 00:00:00 +0000 UTC 2018-09-17 07:17:29 +0000 UTC  }]&#xA;Sep 19 08:02:48.424: INFO: kiali-7f8c59df94-25qmq                                           10.46.6.173  Running           [{Initialized True 0001-01-01 00:00:00 +0000 UTC 2018-09-17 07:17:27 +0000 UTC  } {Ready True 0001-01-01 00:00:00 +0000 UTC 2018-09-17 07:17:56 +0000 UTC  } {ContainersReady True 0001-01-01 00:00:00 +0000 UTC 0001-01-01 00:00:00 +0000 UTC  } {PodScheduled True 0001-01-01 00:00:00 +0000 UTC 2018-09-17 07:17:27 +0000 UTC  }]&#xA;Sep 19 08:02:48.424: INFO: prometheus-6f98d89664-wh7pb                                      10.46.6.173  Running           [{Initialized True 0001-01-01 00:00:00 +0000 UTC 2018-09-17 07:17:31 +0000 UTC  } {Ready True 0001-01-01 00:00:00 +0000 UTC 2018-09-17 07:17:57 +0000 UTC  } {ContainersReady True 0001-01-01 00:00:00 +0000 UTC 0001-01-01 00:00:00 +0000 UTC  } {PodScheduled True 0001-01-01 00:00:00 +0000 UTC 2018-09-17 07:17:28 +0000 UTC  }]&#xA;Sep 19 08:02:48.424: INFO: servicegraph-85578d8fc6-m62z4                                    10.46.6.173  Running           [{Initialized True 0001-01-01 00:00:00 +0000 UTC 2018-09-17 07:17:32 +0000 UTC  } {Ready True 0001-01-01 00:00:00 +0000 UTC 2018-09-17 07:18:22 +0000 UTC  } {ContainersReady True 0001-01-01 00:00:00 +0000 UTC 0001-01-01 00:00:00 +0000 UTC  } {PodScheduled True 0001-01-01 00:00:00 +0000 UTC 2018-09-17 07:17:28 +0000 UTC  }]&#xA;Sep 19 08:02:48.424: INFO: audit-logging-fluentd-ds-4cgnk                                   10.46.6.170  Running           [{Initialized True 0001-01-01 00:00:00 +0000 UTC 2018-09-17 07:18:46 +0000 UTC  } {Ready True 0001-01-01 00:00:00 +0000 UTC 2018-09-17 07:18:50 +0000 UTC  } {ContainersReady True 0001-01-01 00:00:00 +0000 UTC 0001-01-01 00:00:00 +0000 UTC  } {PodScheduled True 0001-01-01 00:00:00 +0000 UTC 2018-09-17 07:18:46 +0000 UTC  }]&#xA;Sep 19 08:02:48.424: INFO: audit-logging-fluentd-ds-8bh4t                                   10.46.6.172  Running           [{Initialized True 0001-01-01 00:00:00 +0000 UTC 2018-09-17 07:18:46 +0000 UTC  } {Ready True 0001-01-01 00:00:00 +0000 UTC 2018-09-17 07:18:56 +0000 UTC  } {ContainersReady True 0001-01-01 00:00:00 +0000 UTC 0001-01-01 00:00:00 +0000 UTC  } {PodScheduled True 0001-01-01 00:00:00 +0000 UTC 2018-09-17 07:18:46 +0000 UTC  }]&#xA;Sep 19 08:02:48.424: INFO: audit-logging-fluentd-ds-bc22k                                   10.46.6.171  Running           [{Initialized True 0001-01-01 00:00:00 +0000 UTC 2018-09-17 07:18:46 +0000 UTC  } {Ready True 0001-01-01 00:00:00 +0000 UTC 2018-09-17 07:18:56 +0000 UTC  } {ContainersReady True 0001-01-01 00:00:00 +0000 UTC 0001-01-01 00:00:00 +0000 UTC  } {PodScheduled True 0001-01-01 00:00:00 +0000 UTC 2018-09-17 07:18:46 +0000 UTC  }]&#xA;Sep 19 08:02:48.424: INFO: audit-logging-fluentd-ds-dhcg6                                   10.46.6.173  Running           [{Initialized True 0001-01-01 00:00:00 +0000 UTC 2018-09-17 07:18:46 +0000 UTC  } {Ready True 0001-01-01 00:00:00 +0000 UTC 2018-09-17 07:19:00 +0000 UTC  } {ContainersReady True 0001-01-01 00:00:00 +0000 UTC 0001-01-01 00:00:00 +0000 UTC  } {PodScheduled True 0001-01-01 00:00:00 +0000 UTC 2018-09-17 07:18:46 +0000 UTC  }]&#xA;Sep 19 08:02:48.424: INFO: auth-apikeys-x45mz                                               10.46.6.173  Running           [{Initialized True 0001-01-01 00:00:00 +0000 UTC 2018-09-17 07:10:12 +0000 UTC  } {Ready True 0001-01-01 00:00:00 +0000 UTC 2018-09-17 07:11:25 +0000 UTC  } {ContainersReady True 0001-01-01 00:00:00 +0000 UTC 0001-01-01 00:00:00 +0000 UTC  } {PodScheduled True 0001-01-01 00:00:00 +0000 UTC 2018-09-17 07:10:12 +0000 UTC  }]&#xA;Sep 19 08:02:48.424: INFO: auth-idp-kjpmx                                                   10.46.6.173  Running           [{Initialized True 0001-01-01 00:00:00 +0000 UTC 2018-09-17 07:10:19 +0000 UTC  } {Ready True 0001-01-01 00:00:00 +0000 UTC 2018-09-19 07:05:52 +0000 UTC  } {ContainersReady True 0001-01-01 00:00:00 +0000 UTC 0001-01-01 00:00:00 +0000 UTC  } {PodScheduled True 0001-01-01 00:00:00 +0000 UTC 2018-09-17 07:10:04 +0000 UTC  }]&#xA;Sep 19 08:02:48.424: INFO: auth-pap-qb5m2                                                   10.46.6.173  Running           [{Initialized True 0001-01-01 00:00:00 +0000 UTC 2018-09-17 07:10:20 +0000 UTC  } {Ready True 0001-01-01 00:00:00 +0000 UTC 2018-09-17 07:10:46 +0000 UTC  } {ContainersReady True 0001-01-01 00:00:00 +0000 UTC 0001-01-01 00:00:00 +0000 UTC  } {PodScheduled True 0001-01-01 00:00:00 +0000 UTC 2018-09-17 07:10:20 +0000 UTC  }]&#xA;Sep 19 08:02:48.424: INFO: auth-pdp-tk2jm                                                   10.46.6.173  Running           [{Initialized True 0001-01-01 00:00:00 +0000 UTC 2018-09-17 07:13:08 +0000 UTC  } {Ready True 0001-01-01 00:00:00 +0000 UTC 2018-09-17 07:13:19 +0000 UTC  } {ContainersReady True 0001-01-01 00:00:00 +0000 UTC 0001-01-01 00:00:00 +0000 UTC  } {PodScheduled True 0001-01-01 00:00:00 +0000 UTC 2018-09-17 07:10:28 +0000 UTC  }]&#xA;Sep 19 08:02:48.424: INFO: calico-kube-controllers-dcb8cc97c-gtsqp                          10.46.6.173  Running           [{Initialized True 0001-01-01 00:00:00 +0000 UTC 2018-09-17 07:05:53 +0000 UTC  } {Ready True 0001-01-01 00:00:00 +0000 UTC 2018-09-17 07:06:04 +0000 UTC  } {ContainersReady True 0001-01-01 00:00:00 +0000 UTC 0001-01-01 00:00:00 +0000 UTC  } {PodScheduled True 0001-01-01 00:00:00 +0000 UTC 2018-09-17 07:05:53 +0000 UTC  }]&#xA;Sep 19 08:02:48.424: INFO: calico-node-gpm2c                                                10.46.6.171  Running           [{Initialized True 0001-01-01 00:00:00 +0000 UTC 2018-09-17 07:05:53 +0000 UTC  } {Ready True 0001-01-01 00:00:00 +0000 UTC 2018-09-17 07:06:11 +0000 UTC  } {ContainersReady True 0001-01-01 00:00:00 +0000 UTC 0001-01-01 00:00:00 +0000 UTC  } {PodScheduled True 0001-01-01 00:00:00 +0000 UTC 2018-09-17 07:05:53 +0000 UTC  }]&#xA;Sep 19 08:02:48.424: INFO: calico-node-htf97                                                10.46.6.170  Running           [{Initialized True 0001-01-01 00:00:00 +0000 UTC 2018-09-17 07:05:53 +0000 UTC  } {Ready True 0001-01-01 00:00:00 +0000 UTC 2018-09-17 07:06:14 +0000 UTC  } {ContainersReady True 0001-01-01 00:00:00 +0000 UTC 0001-01-01 00:00:00 +0000 UTC  } {PodScheduled True 0001-01-01 00:00:00 +0000 UTC 2018-09-17 07:05:53 +0000 UTC  }]&#xA;Sep 19 08:02:48.424: INFO: calico-node-m7d5t                                                10.46.6.173  Running           [{Initialized True 0001-01-01 00:00:00 +0000 UTC 2018-09-17 07:05:54 +0000 UTC  } {Ready True 0001-01-01 00:00:00 +0000 UTC 2018-09-17 07:06:15 +0000 UTC  } {ContainersReady True 0001-01-01 00:00:00 +0000 UTC 0001-01-01 00:00:00 +0000 UTC  } {PodScheduled True 0001-01-01 00:00:00 +0000 UTC 2018-09-17 07:05:54 +0000 UTC  }]&#xA;Sep 19 08:02:48.424: INFO: calico-node-wsknj                                                10.46.6.172  Running           [{Initialized True 0001-01-01 00:00:00 +0000 UTC 2018-09-17 07:05:53 +0000 UTC  } {Ready True 0001-01-01 00:00:00 +0000 UTC 2018-09-17 07:06:17 +0000 UTC  } {ContainersReady True 0001-01-01 00:00:00 +0000 UTC 0001-01-01 00:00:00 +0000 UTC  } {PodScheduled True 0001-01-01 00:00:00 +0000 UTC 2018-09-17 07:05:53 +0000 UTC  }]&#xA;Sep 19 08:02:48.424: INFO: catalog-ui-5rtkh                                                 10.46.6.173  Running           [{Initialized True 0001-01-01 00:00:00 +0000 UTC 2018-09-17 07:15:57 +0000 UTC  } {Ready True 0001-01-01 00:00:00 +0000 UTC 2018-09-17 07:16:11 +0000 UTC  } {ContainersReady True 0001-01-01 00:00:00 +0000 UTC 0001-01-01 00:00:00 +0000 UTC  } {PodScheduled True 0001-01-01 00:00:00 +0000 UTC 2018-09-17 07:15:57 +0000 UTC  }]&#xA;Sep 19 08:02:48.424: INFO: custom-metrics-adapter-64f64964b4-f9gmc                          10.46.6.171  Running           [{Initialized True 0001-01-01 00:00:00 +0000 UTC 2018-09-17 07:17:13 +0000 UTC  } {Ready True 0001-01-01 00:00:00 +0000 UTC 2018-09-17 07:17:51 +0000 UTC  } {ContainersReady True 0001-01-01 00:00:00 +0000 UTC 0001-01-01 00:00:00 +0000 UTC  } {PodScheduled True 0001-01-01 00:00:00 +0000 UTC 2018-09-17 07:14:28 +0000 UTC  }]&#xA;Sep 19 08:02:48.424: INFO: default-backend-54966589c4-4d47g                                 10.46.6.173  Running           [{Initialized True 0001-01-01 00:00:00 +0000 UTC 2018-09-17 07:08:29 +0000 UTC  } {Ready True 0001-01-01 00:00:00 +0000 UTC 2018-09-17 07:08:40 +0000 UTC  } {ContainersReady True 0001-01-01 00:00:00 +0000 UTC 0001-01-01 00:00:00 +0000 UTC  } {PodScheduled True 0001-01-01 00:00:00 +0000 UTC 2018-09-17 07:08:28 +0000 UTC  }]&#xA;Sep 19 08:02:48.424: INFO: heapster-69b486565b-nt26r                                        10.46.6.173  Running           [{Initialized True 0001-01-01 00:00:00 +0000 UTC 2018-09-17 07:13:48 +0000 UTC  } {Ready True 0001-01-01 00:00:00 +0000 UTC 2018-09-17 07:13:58 +0000 UTC  } {ContainersReady True 0001-01-01 00:00:00 +0000 UTC 0001-01-01 00:00:00 +0000 UTC  } {PodScheduled True 0001-01-01 00:00:00 +0000 UTC 2018-09-17 07:13:48 +0000 UTC  }]&#xA;Sep 19 08:02:48.424: INFO: helm-api-fdd886877-6pwm8                                         10.46.6.173  Running           [{Initialized True 0001-01-01 00:00:00 +0000 UTC 2018-09-17 07:16:36 +0000 UTC  } {Ready True 0001-01-01 00:00:00 +0000 UTC 2018-09-17 07:16:58 +0000 UTC  } {ContainersReady True 0001-01-01 00:00:00 +0000 UTC 0001-01-01 00:00:00 +0000 UTC  } {PodScheduled True 0001-01-01 00:00:00 +0000 UTC 2018-09-17 07:16:35 +0000 UTC  }]&#xA;Sep 19 08:02:48.424: INFO: helm-repo-5649f57447-wwdn4                                       10.46.6.173  Running           [{Initialized True 0001-01-01 00:00:00 +0000 UTC 2018-09-17 07:14:04 +0000 UTC  } {Ready True 0001-01-01 00:00:00 +0000 UTC 2018-09-17 07:14:40 +0000 UTC  } {ContainersReady True 0001-01-01 00:00:00 +0000 UTC 0001-01-01 00:00:00 +0000 UTC  } {PodScheduled True 0001-01-01 00:00:00 +0000 UTC 2018-09-17 07:13:53 +0000 UTC  }]&#xA;Sep 19 08:02:48.424: INFO: ibmcloud-image-enforcement-76ddccbf9f-kqmlb                      10.46.6.171  Running           [{Initialized True 0001-01-01 00:00:00 +0000 UTC 2018-09-17 07:14:02 +0000 UTC  } {Ready True 0001-01-01 00:00:00 +0000 UTC 2018-09-17 07:14:07 +0000 UTC  } {ContainersReady True 0001-01-01 00:00:00 +0000 UTC 0001-01-01 00:00:00 +0000 UTC  } {PodScheduled True 0001-01-01 00:00:00 +0000 UTC 2018-09-17 07:14:02 +0000 UTC  }]&#xA;Sep 19 08:02:48.424: INFO: icp-management-ingress-x6qn8                                     10.46.6.173  Running           [{Initialized True 0001-01-01 00:00:00 +0000 UTC 2018-09-17 07:10:36 +0000 UTC  } {Ready True 0001-01-01 00:00:00 +0000 UTC 2018-09-17 07:10:48 +0000 UTC  } {ContainersReady True 0001-01-01 00:00:00 +0000 UTC 0001-01-01 00:00:00 +0000 UTC  } {PodScheduled True 0001-01-01 00:00:00 +0000 UTC 2018-09-17 07:10:36 +0000 UTC  }]&#xA;Sep 19 08:02:48.424: INFO: icp-mongodb-0                                                    10.46.6.173  Running           [{Initialized True 0001-01-01 00:00:00 +0000 UTC 2018-09-17 07:09:00 +0000 UTC  } {Ready True 0001-01-01 00:00:00 +0000 UTC 2018-09-17 07:09:17 +0000 UTC  } {ContainersReady True 0001-01-01 00:00:00 +0000 UTC 0001-01-01 00:00:00 +0000 UTC  } {PodScheduled True 0001-01-01 00:00:00 +0000 UTC 2018-09-17 07:07:41 +0000 UTC  }]&#xA;Sep 19 08:02:48.424: INFO: image-manager-0                                                  10.46.6.173  Running           [{Initialized True 0001-01-01 00:00:00 +0000 UTC 2018-09-17 06:38:56 +0000 UTC  } {Ready True 0001-01-01 00:00:00 +0000 UTC 2018-09-17 06:39:08 +0000 UTC  } {ContainersReady True 0001-01-01 00:00:00 +0000 UTC 0001-01-01 00:00:00 +0000 UTC  } {PodScheduled True 0001-01-01 00:00:00 +0000 UTC 2018-09-17 06:38:56 +0000 UTC  }]&#xA;Sep 19 08:02:48.424: INFO: k8s-etcd-10.46.6.173                                             10.46.6.173  Running           [{Initialized True 0001-01-01 00:00:00 +0000 UTC 2018-09-17 06:35:49 +0000 UTC  } {Ready True 0001-01-01 00:00:00 +0000 UTC 2018-09-17 06:35:54 +0000 UTC  } {ContainersReady True 0001-01-01 00:00:00 +0000 UTC 0001-01-01 00:00:00 +0000 UTC  } {PodScheduled True 0001-01-01 00:00:00 +0000 UTC 2018-09-17 06:35:49 +0000 UTC  }]&#xA;Sep 19 08:02:48.424: INFO: k8s-master-10.46.6.173                                           10.46.6.173  Running           [{Initialized True 0001-01-01 00:00:00 +0000 UTC 2018-09-17 06:37:18 +0000 UTC  } {Ready True 0001-01-01 00:00:00 +0000 UTC 2018-09-17 06:37:26 +0000 UTC  } {ContainersReady True 0001-01-01 00:00:00 +0000 UTC 0001-01-01 00:00:00 +0000 UTC  } {PodScheduled True 0001-01-01 00:00:00 +0000 UTC 2018-09-17 06:37:18 +0000 UTC  }]&#xA;Sep 19 08:02:48.424: INFO: k8s-proxy-10.46.6.170                                            10.46.6.170  Running           [{Initialized True 0001-01-01 00:00:00 +0000 UTC 2018-09-17 07:05:43 +0000 UTC  } {Ready True 0001-01-01 00:00:00 +0000 UTC 2018-09-17 07:05:46 +0000 UTC  } {ContainersReady True 0001-01-01 00:00:00 +0000 UTC 0001-01-01 00:00:00 +0000 UTC  } {PodScheduled True 0001-01-01 00:00:00 +0000 UTC 2018-09-17 07:05:43 +0000 UTC  }]&#xA;Sep 19 08:02:48.425: INFO: k8s-proxy-10.46.6.171                                            10.46.6.171  Running           [{Initialized True 0001-01-01 00:00:00 +0000 UTC 2018-09-17 07:05:44 +0000 UTC  } {Ready True 0001-01-01 00:00:00 +0000 UTC 2018-09-17 07:05:46 +0000 UTC  } {ContainersReady True 0001-01-01 00:00:00 +0000 UTC 0001-01-01 00:00:00 +0000 UTC  } {PodScheduled True 0001-01-01 00:00:00 +0000 UTC 2018-09-17 07:05:44 +0000 UTC  }]&#xA;Sep 19 08:02:48.425: INFO: k8s-proxy-10.46.6.172                                            10.46.6.172  Running           [{Initialized True 0001-01-01 00:00:00 +0000 UTC 2018-09-17 07:05:44 +0000 UTC  } {Ready True 0001-01-01 00:00:00 +0000 UTC 2018-09-17 07:05:48 +0000 UTC  } {ContainersReady True 0001-01-01 00:00:00 +0000 UTC 0001-01-01 00:00:00 +0000 UTC  } {PodScheduled True 0001-01-01 00:00:00 +0000 UTC 2018-09-17 07:05:44 +0000 UTC  }]&#xA;Sep 19 08:02:48.425: INFO: k8s-proxy-10.46.6.173                                            10.46.6.173  Running           [{Initialized True 0001-01-01 00:00:00 +0000 UTC 2018-09-17 06:35:45 +0000 UTC  } {Ready True 0001-01-01 00:00:00 +0000 UTC 2018-09-17 06:35:50 +0000 UTC  } {ContainersReady True 0001-01-01 00:00:00 +0000 UTC 0001-01-01 00:00:00 +0000 UTC  } {PodScheduled True 0001-01-01 00:00:00 +0000 UTC 2018-09-17 06:35:45 +0000 UTC  }]&#xA;Sep 19 08:02:48.425: INFO: kube-dns-mwjc8                                                   10.46.6.173  Running           [{Initialized True 0001-01-01 00:00:00 +0000 UTC 2018-09-17 07:06:10 +0000 UTC  } {Ready True 0001-01-01 00:00:00 +0000 UTC 2018-09-17 07:06:18 +0000 UTC  } {ContainersReady True 0001-01-01 00:00:00 +0000 UTC 0001-01-01 00:00:00 +0000 UTC  } {PodScheduled True 0001-01-01 00:00:00 +0000 UTC 2018-09-17 07:06:10 +0000 UTC  }]&#xA;Sep 19 08:02:48.425: INFO: logging-elk-client-75d4d7994c-7g7fn                              10.46.6.171  Running           [{Initialized True 0001-01-01 00:00:00 +0000 UTC 2018-09-17 07:15:40 +0000 UTC  } {Ready True 0001-01-01 00:00:00 +0000 UTC 2018-09-17 07:16:22 +0000 UTC  } {ContainersReady True 0001-01-01 00:00:00 +0000 UTC 0001-01-01 00:00:00 +0000 UTC  } {PodScheduled True 0001-01-01 00:00:00 +0000 UTC 2018-09-17 07:15:20 +0000 UTC  }]&#xA;Sep 19 08:02:48.425: INFO: logging-elk-data-0                                               10.46.6.171  Running           [{Initialized True 0001-01-01 00:00:00 +0000 UTC 2018-09-17 07:15:47 +0000 UTC  } {Ready True 0001-01-01 00:00:00 +0000 UTC 2018-09-17 07:16:16 +0000 UTC  } {ContainersReady True 0001-01-01 00:00:00 +0000 UTC 0001-01-01 00:00:00 +0000 UTC  } {PodScheduled True 0001-01-01 00:00:00 +0000 UTC 2018-09-17 07:15:20 +0000 UTC  }]&#xA;Sep 19 08:02:48.425: INFO: logging-elk-elasticsearch-tls-init-6hnl4                         10.46.6.171  Succeeded         [{Initialized True 0001-01-01 00:00:00 +0000 UTC 2018-09-17 07:15:20 +0000 UTC PodCompleted } {Ready False 0001-01-01 00:00:00 +0000 UTC 2018-09-17 07:17:46 +0000 UTC PodCompleted } {ContainersReady False 0001-01-01 00:00:00 +0000 UTC 0001-01-01 00:00:00 +0000 UTC PodCompleted } {PodScheduled True 0001-01-01 00:00:00 +0000 UTC 2018-09-17 07:15:20 +0000 UTC  }]&#xA;Sep 19 08:02:48.425: INFO: logging-elk-filebeat-ds-bs86r                                    10.46.6.171  Running           [{Initialized True 0001-01-01 00:00:00 +0000 UTC 2018-09-17 07:15:20 +0000 UTC  } {Ready True 0001-01-01 00:00:00 +0000 UTC 2018-09-17 07:15:42 +0000 UTC  } {ContainersReady True 0001-01-01 00:00:00 +0000 UTC 0001-01-01 00:00:00 +0000 UTC  } {PodScheduled True 0001-01-01 00:00:00 +0000 UTC 2018-09-17 07:15:20 +0000 UTC  }]&#xA;Sep 19 08:02:48.425: INFO: logging-elk-filebeat-ds-jtd5q                                    10.46.6.170  Running           [{Initialized True 0001-01-01 00:00:00 +0000 UTC 2018-09-17 07:15:20 +0000 UTC  } {Ready True 0001-01-01 00:00:00 +0000 UTC 2018-09-17 07:15:37 +0000 UTC  } {ContainersReady True 0001-01-01 00:00:00 +0000 UTC 0001-01-01 00:00:00 +0000 UTC  } {PodScheduled True 0001-01-01 00:00:00 +0000 UTC 2018-09-17 07:15:20 +0000 UTC  }]&#xA;Sep 19 08:02:48.425: INFO: logging-elk-filebeat-ds-qf2vz                                    10.46.6.173  Running           [{Initialized True 0001-01-01 00:00:00 +0000 UTC 2018-09-17 07:15:20 +0000 UTC  } {Ready True 0001-01-01 00:00:00 +0000 UTC 2018-09-17 07:15:39 +0000 UTC  } {ContainersReady True 0001-01-01 00:00:00 +0000 UTC 0001-01-01 00:00:00 +0000 UTC  } {PodScheduled True 0001-01-01 00:00:00 +0000 UTC 2018-09-17 07:15:20 +0000 UTC  }]&#xA;Sep 19 08:02:48.425: INFO: logging-elk-filebeat-ds-vpk48                                    10.46.6.172  Running           [{Initialized True 0001-01-01 00:00:00 +0000 UTC 2018-09-17 07:15:20 +0000 UTC  } {Ready True 0001-01-01 00:00:00 +0000 UTC 2018-09-17 07:15:39 +0000 UTC  } {ContainersReady True 0001-01-01 00:00:00 +0000 UTC 0001-01-01 00:00:00 +0000 UTC  } {PodScheduled True 0001-01-01 00:00:00 +0000 UTC 2018-09-17 07:15:20 +0000 UTC  }]&#xA;Sep 19 08:02:48.425: INFO: logging-elk-kibana-ff4db4866-s2295                               10.46.6.171  Running           [{Initialized True 0001-01-01 00:00:00 +0000 UTC 2018-09-17 07:15:21 +0000 UTC  } {Ready True 0001-01-01 00:00:00 +0000 UTC 2018-09-17 07:15:45 +0000 UTC  } {ContainersReady True 0001-01-01 00:00:00 +0000 UTC 0001-01-01 00:00:00 +0000 UTC  } {PodScheduled True 0001-01-01 00:00:00 +0000 UTC 2018-09-17 07:15:21 +0000 UTC  }]&#xA;Sep 19 08:02:48.425: INFO: logging-elk-logstash-7994656f46-r89mt                            10.46.6.171  Running           [{Initialized True 0001-01-01 00:00:00 +0000 UTC 2018-09-17 07:15:22 +0000 UTC  } {Ready True 0001-01-01 00:00:00 +0000 UTC 2018-09-17 07:16:16 +0000 UTC  } {ContainersReady True 0001-01-01 00:00:00 +0000 UTC 0001-01-01 00:00:00 +0000 UTC  } {PodScheduled True 0001-01-01 00:00:00 +0000 UTC 2018-09-17 07:15:21 +0000 UTC  }]&#xA;Sep 19 08:02:48.425: INFO: logging-elk-master-6cdcf45f7d-gp28f                              10.46.6.171  Running           [{Initialized True 0001-01-01 00:00:00 +0000 UTC 2018-09-17 07:15:47 +0000 UTC  } {Ready True 0001-01-01 00:00:00 +0000 UTC 2018-09-17 07:16:16 +0000 UTC  } {ContainersReady True 0001-01-01 00:00:00 +0000 UTC 0001-01-01 00:00:00 +0000 UTC  } {PodScheduled True 0001-01-01 00:00:00 +0000 UTC 2018-09-17 07:15:21 +0000 UTC  }]&#xA;Sep 19 08:02:48.425: INFO: mariadb-0                                                        10.46.6.173  Running           [{Initialized True 0001-01-01 00:00:00 +0000 UTC 2018-09-17 07:08:38 +0000 UTC  } {Ready True 0001-01-01 00:00:00 +0000 UTC 2018-09-17 07:09:15 +0000 UTC  } {ContainersReady True 0001-01-01 00:00:00 +0000 UTC 0001-01-01 00:00:00 +0000 UTC  } {PodScheduled True 0001-01-01 00:00:00 +0000 UTC 2018-09-17 07:08:37 +0000 UTC  }]&#xA;Sep 19 08:02:48.425: INFO: metering-dm-8b475fc57-cmm6h                                      10.46.6.171  Running           [{Initialized True 0001-01-01 00:00:00 +0000 UTC 2018-09-17 07:14:20 +0000 UTC  } {Ready True 0001-01-01 00:00:00 +0000 UTC 2018-09-17 07:14:49 +0000 UTC  } {ContainersReady True 0001-01-01 00:00:00 +0000 UTC 0001-01-01 00:00:00 +0000 UTC  } {PodScheduled True 0001-01-01 00:00:00 +0000 UTC 2018-09-17 07:14:12 +0000 UTC  }]&#xA;Sep 19 08:02:48.425: INFO: metering-reader-44wd7                                            10.46.6.170  Running           [{Initialized True 0001-01-01 00:00:00 +0000 UTC 2018-09-17 07:14:20 +0000 UTC  } {Ready True 0001-01-01 00:00:00 +0000 UTC 2018-09-17 07:14:46 +0000 UTC  } {ContainersReady True 0001-01-01 00:00:00 +0000 UTC 0001-01-01 00:00:00 +0000 UTC  } {PodScheduled True 0001-01-01 00:00:00 +0000 UTC 2018-09-17 07:14:11 +0000 UTC  }]&#xA;Sep 19 08:02:48.425: INFO: metering-reader-gsrdg                                            10.46.6.172  Running           [{Initialized True 0001-01-01 00:00:00 +0000 UTC 2018-09-17 07:14:23 +0000 UTC  } {Ready True 0001-01-01 00:00:00 +0000 UTC 2018-09-17 07:14:52 +0000 UTC  } {ContainersReady True 0001-01-01 00:00:00 +0000 UTC 0001-01-01 00:00:00 +0000 UTC  } {PodScheduled True 0001-01-01 00:00:00 +0000 UTC 2018-09-17 07:14:11 +0000 UTC  }]&#xA;Sep 19 08:02:48.425: INFO: metering-reader-l7284                                            10.46.6.173  Running           [{Initialized True 0001-01-01 00:00:00 +0000 UTC 2018-09-17 07:14:24 +0000 UTC  } {Ready True 0001-01-01 00:00:00 +0000 UTC 2018-09-17 07:14:45 +0000 UTC  } {ContainersReady True 0001-01-01 00:00:00 +0000 UTC 0001-01-01 00:00:00 +0000 UTC  } {PodScheduled True 0001-01-01 00:00:00 +0000 UTC 2018-09-17 07:14:11 +0000 UTC  }]&#xA;Sep 19 08:02:48.425: INFO: metering-reader-xq8f2                                            10.46.6.171  Running           [{Initialized True 0001-01-01 00:00:00 +0000 UTC 2018-09-17 07:14:23 +0000 UTC  } {Ready True 0001-01-01 00:00:00 +0000 UTC 2018-09-17 07:14:55 +0000 UTC  } {ContainersReady True 0001-01-01 00:00:00 +0000 UTC 0001-01-01 00:00:00 +0000 UTC  } {PodScheduled True 0001-01-01 00:00:00 +0000 UTC 2018-09-17 07:14:11 +0000 UTC  }]&#xA;Sep 19 08:02:48.425: INFO: metering-ui-5bbfbb5d49-wkh8m                                     10.46.6.171  Running           [{Initialized True 0001-01-01 00:00:00 +0000 UTC 2018-09-17 07:14:22 +0000 UTC  } {Ready True 0001-01-01 00:00:00 +0000 UTC 2018-09-17 07:14:55 +0000 UTC  } {ContainersReady True 0001-01-01 00:00:00 +0000 UTC 0001-01-01 00:00:00 +0000 UTC  } {PodScheduled True 0001-01-01 00:00:00 +0000 UTC 2018-09-17 07:14:12 +0000 UTC  }]&#xA;Sep 19 08:02:48.425: INFO: metrics-server-6d6695f9db-8t4xs                                  10.46.6.171  Running           [{Initialized True 0001-01-01 00:00:00 +0000 UTC 2018-09-17 07:08:51 +0000 UTC  } {Ready True 0001-01-01 00:00:00 +0000 UTC 2018-09-17 07:08:55 +0000 UTC  } {ContainersReady True 0001-01-01 00:00:00 +0000 UTC 0001-01-01 00:00:00 +0000 UTC  } {PodScheduled True 0001-01-01 00:00:00 +0000 UTC 2018-09-17 07:08:51 +0000 UTC  }]&#xA;Sep 19 08:02:48.425: INFO: mgmt-repo-57dc689b74-tmp44                                       10.46.6.173  Running           [{Initialized True 0001-01-01 00:00:00 +0000 UTC 2018-09-17 07:18:10 +0000 UTC  } {Ready True 0001-01-01 00:00:00 +0000 UTC 2018-09-17 07:18:54 +0000 UTC  } {ContainersReady True 0001-01-01 00:00:00 +0000 UTC 0001-01-01 00:00:00 +0000 UTC  } {PodScheduled True 0001-01-01 00:00:00 +0000 UTC 2018-09-17 07:17:50 +0000 UTC  }]&#xA;Sep 19 08:02:48.425: INFO: monitoring-grafana-548b947c8c-dh89z                              10.46.6.171  Running           [{Initialized True 0001-01-01 00:00:00 +0000 UTC 2018-09-17 07:16:14 +0000 UTC  } {Ready True 0001-01-01 00:00:00 +0000 UTC 2018-09-17 07:16:59 +0000 UTC  } {ContainersReady True 0001-01-01 00:00:00 +0000 UTC 0001-01-01 00:00:00 +0000 UTC  } {PodScheduled True 0001-01-01 00:00:00 +0000 UTC 2018-09-17 07:15:46 +0000 UTC  }]&#xA;Sep 19 08:02:48.425: INFO: monitoring-prometheus-6677d7c77f-pnpt5                           10.46.6.171  Running           [{Initialized True 0001-01-01 00:00:00 +0000 UTC 2018-09-17 07:16:14 +0000 UTC  } {Ready True 0001-01-01 00:00:00 +0000 UTC 2018-09-17 07:17:03 +0000 UTC  } {ContainersReady True 0001-01-01 00:00:00 +0000 UTC 0001-01-01 00:00:00 +0000 UTC  } {PodScheduled True 0001-01-01 00:00:00 +0000 UTC 2018-09-17 07:15:45 +0000 UTC  }]&#xA;Sep 19 08:02:48.425: INFO: monitoring-prometheus-alertmanager-7d8749dbb8-xj68d              10.46.6.171  Running           [{Initialized True 0001-01-01 00:00:00 +0000 UTC 2018-09-17 07:15:46 +0000 UTC  } {Ready True 0001-01-01 00:00:00 +0000 UTC 2018-09-17 07:16:45 +0000 UTC  } {ContainersReady True 0001-01-01 00:00:00 +0000 UTC 0001-01-01 00:00:00 +0000 UTC  } {PodScheduled True 0001-01-01 00:00:00 +0000 UTC 2018-09-17 07:15:45 +0000 UTC  }]&#xA;Sep 19 08:02:48.425: INFO: monitoring-prometheus-collectdexporter-77575678dc-v8n2l          10.46.6.171  Running           [{Initialized True 0001-01-01 00:00:00 +0000 UTC 2018-09-17 07:15:46 +0000 UTC  } {Ready True 0001-01-01 00:00:00 +0000 UTC 2018-09-17 07:16:42 +0000 UTC  } {ContainersReady True 0001-01-01 00:00:00 +0000 UTC 0001-01-01 00:00:00 +0000 UTC  } {PodScheduled True 0001-01-01 00:00:00 +0000 UTC 2018-09-17 07:15:45 +0000 UTC  }]&#xA;Sep 19 08:02:48.425: INFO: monitoring-prometheus-elasticsearchexporter-655864cccb-c6tps     10.46.6.171  Running           [{Initialized True 0001-01-01 00:00:00 +0000 UTC 2018-09-17 07:15:46 +0000 UTC  } {Ready True 0001-01-01 00:00:00 +0000 UTC 2018-09-17 07:16:52 +0000 UTC  } {ContainersReady True 0001-01-01 00:00:00 +0000 UTC 0001-01-01 00:00:00 +0000 UTC  } {PodScheduled True 0001-01-01 00:00:00 +0000 UTC 2018-09-17 07:15:45 +0000 UTC  }]&#xA;Sep 19 08:02:48.425: INFO: monitoring-prometheus-kubestatemetrics-54dcbb6cfb-76zmm          10.46.6.171  Running           [{Initialized True 0001-01-01 00:00:00 +0000 UTC 2018-09-17 07:15:45 +0000 UTC  } {Ready True 0001-01-01 00:00:00 +0000 UTC 2018-09-17 07:16:34 +0000 UTC  } {ContainersReady True 0001-01-01 00:00:00 +0000 UTC 0001-01-01 00:00:00 +0000 UTC  } {PodScheduled True 0001-01-01 00:00:00 +0000 UTC 2018-09-17 07:15:45 +0000 UTC  }]&#xA;Sep 19 08:02:48.425: INFO: monitoring-prometheus-nodeexporter-9fnpb                         10.46.6.171  Running           [{Initialized True 0001-01-01 00:00:00 +0000 UTC 2018-09-17 07:15:44 +0000 UTC  } {Ready True 0001-01-01 00:00:00 +0000 UTC 2018-09-17 07:16:44 +0000 UTC  } {ContainersReady True 0001-01-01 00:00:00 +0000 UTC 0001-01-01 00:00:00 +0000 UTC  } {PodScheduled True 0001-01-01 00:00:00 +0000 UTC 2018-09-17 07:15:44 +0000 UTC  }]&#xA;Sep 19 08:02:48.425: INFO: monitoring-prometheus-nodeexporter-f84fv                         10.46.6.173  Running           [{Initialized True 0001-01-01 00:00:00 +0000 UTC 2018-09-17 07:15:45 +0000 UTC  } {Ready True 0001-01-01 00:00:00 +0000 UTC 2018-09-17 07:16:28 +0000 UTC  } {ContainersReady True 0001-01-01 00:00:00 +0000 UTC 0001-01-01 00:00:00 +0000 UTC  } {PodScheduled True 0001-01-01 00:00:00 +0000 UTC 2018-09-17 07:15:45 +0000 UTC  }]&#xA;Sep 19 08:02:48.425: INFO: monitoring-prometheus-nodeexporter-tpbc8                         10.46.6.170  Running           [{Initialized True 0001-01-01 00:00:00 +0000 UTC 2018-09-17 07:15:44 +0000 UTC  } {Ready True 0001-01-01 00:00:00 +0000 UTC 2018-09-17 07:16:27 +0000 UTC  } {ContainersReady True 0001-01-01 00:00:00 +0000 UTC 0001-01-01 00:00:00 +0000 UTC  } {PodScheduled True 0001-01-01 00:00:00 +0000 UTC 2018-09-17 07:15:44 +0000 UTC  }]&#xA;Sep 19 08:02:48.425: INFO: monitoring-prometheus-nodeexporter-v4l7d                         10.46.6.172  Running           [{Initialized True 0001-01-01 00:00:00 +0000 UTC 2018-09-17 07:15:44 +0000 UTC  } {Ready True 0001-01-01 00:00:00 +0000 UTC 2018-09-17 07:16:31 +0000 UTC  } {ContainersReady True 0001-01-01 00:00:00 +0000 UTC 0001-01-01 00:00:00 +0000 UTC  } {PodScheduled True 0001-01-01 00:00:00 +0000 UTC 2018-09-17 07:15:44 +0000 UTC  }]&#xA;Sep 19 08:02:48.425: INFO: my-ibm-open-liberty-ibm-7f7d9778d7-7t5jc                         10.46.6.170  Running           [{Initialized True 0001-01-01 00:00:00 +0000 UTC 2018-09-17 08:22:24 +0000 UTC  } {Ready True 0001-01-01 00:00:00 +0000 UTC 2018-09-17 08:23:21 +0000 UTC  } {ContainersReady True 0001-01-01 00:00:00 +0000 UTC 0001-01-01 00:00:00 +0000 UTC  } {PodScheduled True 0001-01-01 00:00:00 +0000 UTC 2018-09-17 08:22:24 +0000 UTC  }]&#xA;Sep 19 08:02:48.425: INFO: nginx-ingress-controller-h5z2v                                   10.46.6.173  Running           [{Initialized True 0001-01-01 00:00:00 +0000 UTC 2018-09-17 07:08:39 +0000 UTC  } {Ready True 0001-01-01 00:00:00 +0000 UTC 2018-09-17 07:08:54 +0000 UTC  } {ContainersReady True 0001-01-01 00:00:00 +0000 UTC 0001-01-01 00:00:00 +0000 UTC  } {PodScheduled True 0001-01-01 00:00:00 +0000 UTC 2018-09-17 07:08:28 +0000 UTC  }]&#xA;Sep 19 08:02:48.425: INFO: nvidia-device-plugin-9h2k4                                       10.46.6.170  Running           [{Initialized True 0001-01-01 00:00:00 +0000 UTC 2018-09-17 07:07:23 +0000 UTC  } {Ready True 0001-01-01 00:00:00 +0000 UTC 2018-09-17 07:07:24 +0000 UTC  } {ContainersReady True 0001-01-01 00:00:00 +0000 UTC 0001-01-01 00:00:00 +0000 UTC  } {PodScheduled True 0001-01-01 00:00:00 +0000 UTC 2018-09-17 07:07:17 +0000 UTC  }]&#xA;Sep 19 08:02:48.425: INFO: nvidia-device-plugin-nh54k                                       10.46.6.173  Running           [{Initialized True 0001-01-01 00:00:00 +0000 UTC 2018-09-17 07:07:29 +0000 UTC  } {Ready True 0001-01-01 00:00:00 +0000 UTC 2018-09-17 07:07:33 +0000 UTC  } {ContainersReady True 0001-01-01 00:00:00 +0000 UTC 0001-01-01 00:00:00 +0000 UTC  } {PodScheduled True 0001-01-01 00:00:00 +0000 UTC 2018-09-17 07:07:17 +0000 UTC  }]&#xA;Sep 19 08:02:48.425: INFO: nvidia-device-plugin-vh85n                                       10.46.6.171  Running           [{Initialized True 0001-01-01 00:00:00 +0000 UTC 2018-09-17 07:07:21 +0000 UTC  } {Ready True 0001-01-01 00:00:00 +0000 UTC 2018-09-17 07:07:23 +0000 UTC  } {ContainersReady True 0001-01-01 00:00:00 +0000 UTC 0001-01-01 00:00:00 +0000 UTC  } {PodScheduled True 0001-01-01 00:00:00 +0000 UTC 2018-09-17 07:07:17 +0000 UTC  }]&#xA;Sep 19 08:02:48.425: INFO: nvidia-device-plugin-w9jr8                                       10.46.6.172  Running           [{Initialized True 0001-01-01 00:00:00 +0000 UTC 2018-09-17 07:07:24 +0000 UTC  } {Ready True 0001-01-01 00:00:00 +0000 UTC 2018-09-17 07:07:26 +0000 UTC  } {ContainersReady True 0001-01-01 00:00:00 +0000 UTC 0001-01-01 00:00:00 +0000 UTC  } {PodScheduled True 0001-01-01 00:00:00 +0000 UTC 2018-09-17 07:07:17 +0000 UTC  }]&#xA;Sep 19 08:02:48.425: INFO: oidc-client-registration-szxrk                                   10.46.6.173  Succeeded         [{Initialized True 0001-01-01 00:00:00 +0000 UTC 2018-09-17 07:10:05 +0000 UTC PodCompleted } {Ready False 0001-01-01 00:00:00 +0000 UTC 2018-09-17 07:12:27 +0000 UTC PodCompleted } {ContainersReady False 0001-01-01 00:00:00 +0000 UTC 0001-01-01 00:00:00 +0000 UTC PodCompleted } {PodScheduled True 0001-01-01 00:00:00 +0000 UTC 2018-09-17 07:10:04 +0000 UTC  }]&#xA;Sep 19 08:02:48.425: INFO: platform-api-2fs4x                                               10.46.6.173  Running           [{Initialized True 0001-01-01 00:00:00 +0000 UTC 2018-09-17 07:08:45 +0000 UTC  } {Ready True 0001-01-01 00:00:00 +0000 UTC 2018-09-17 07:16:29 +0000 UTC  } {ContainersReady True 0001-01-01 00:00:00 +0000 UTC 0001-01-01 00:00:00 +0000 UTC  } {PodScheduled True 0001-01-01 00:00:00 +0000 UTC 2018-09-17 07:08:45 +0000 UTC  }]&#xA;Sep 19 08:02:48.425: INFO: platform-deploy-dbbks                                            10.46.6.173  Running           [{Initialized True 0001-01-01 00:00:00 +0000 UTC 2018-09-17 07:08:45 +0000 UTC  } {Ready True 0001-01-01 00:00:00 +0000 UTC 2018-09-17 07:08:57 +0000 UTC  } {ContainersReady True 0001-01-01 00:00:00 +0000 UTC 0001-01-01 00:00:00 +0000 UTC  } {PodScheduled True 0001-01-01 00:00:00 +0000 UTC 2018-09-17 07:08:45 +0000 UTC  }]&#xA;Sep 19 08:02:48.425: INFO: platform-ui-6fjgx                                                10.46.6.173  Running           [{Initialized True 0001-01-01 00:00:00 +0000 UTC 2018-09-17 07:14:34 +0000 UTC  } {Ready True 0001-01-01 00:00:00 +0000 UTC 2018-09-17 07:15:20 +0000 UTC  } {ContainersReady True 0001-01-01 00:00:00 +0000 UTC 0001-01-01 00:00:00 +0000 UTC  } {PodScheduled True 0001-01-01 00:00:00 +0000 UTC 2018-09-17 07:14:34 +0000 UTC  }]&#xA;Sep 19 08:02:48.425: INFO: secret-watcher-5f59fcbc69-pfnfk                                  10.46.6.173  Running           [{Initialized True 0001-01-01 00:00:00 +0000 UTC 2018-09-17 07:18:05 +0000 UTC  } {Ready True 0001-01-01 00:00:00 +0000 UTC 2018-09-17 07:18:30 +0000 UTC  } {ContainersReady True 0001-01-01 00:00:00 +0000 UTC 0001-01-01 00:00:00 +0000 UTC  } {PodScheduled True 0001-01-01 00:00:00 +0000 UTC 2018-09-17 07:18:04 +0000 UTC  }]&#xA;Sep 19 08:02:48.425: INFO: security-onboarding-tkf79                                        10.46.6.173  Succeeded         [{Initialized True 0001-01-01 00:00:00 +0000 UTC 2018-09-17 07:18:12 +0000 UTC PodCompleted } {Ready False 0001-01-01 00:00:00 +0000 UTC 2018-09-17 07:20:02 +0000 UTC PodCompleted } {ContainersReady False 0001-01-01 00:00:00 +0000 UTC 0001-01-01 00:00:00 +0000 UTC PodCompleted } {PodScheduled True 0001-01-01 00:00:00 +0000 UTC 2018-09-17 07:18:12 +0000 UTC  }]&#xA;Sep 19 08:02:48.425: INFO: service-catalog-apiserver-967x9                                  10.46.6.173  Running           [{Initialized True 0001-01-01 00:00:00 +0000 UTC 2018-09-17 07:08:20 +0000 UTC  } {Ready True 0001-01-01 00:00:00 +0000 UTC 2018-09-17 07:09:01 +0000 UTC  } {ContainersReady True 0001-01-01 00:00:00 +0000 UTC 0001-01-01 00:00:00 +0000 UTC  } {PodScheduled True 0001-01-01 00:00:00 +0000 UTC 2018-09-17 07:08:20 +0000 UTC  }]&#xA;Sep 19 08:02:48.425: INFO: service-catalog-controller-manager-5969cccf86-65phs              10.46.6.173  Running           [{Initialized True 0001-01-01 00:00:00 +0000 UTC 2018-09-17 07:08:21 +0000 UTC  } {Ready True 0001-01-01 00:00:00 +0000 UTC 2018-09-17 07:08:34 +0000 UTC  } {ContainersReady True 0001-01-01 00:00:00 +0000 UTC 0001-01-01 00:00:00 +0000 UTC  } {PodScheduled True 0001-01-01 00:00:00 +0000 UTC 2018-09-17 07:08:20 +0000 UTC  }]&#xA;Sep 19 08:02:48.425: INFO: tiller-deploy-6b58875cb-5l8kh                                    10.46.6.173  Running           [{Initialized True 0001-01-01 00:00:00 +0000 UTC 2018-09-17 07:05:28 +0000 UTC  } {Ready True 0001-01-01 00:00:00 +0000 UTC 2018-09-17 07:05:43 +0000 UTC  } {ContainersReady True 0001-01-01 00:00:00 +0000 UTC 0001-01-01 00:00:00 +0000 UTC  } {PodScheduled True 0001-01-01 00:00:00 +0000 UTC 2018-09-17 07:05:28 +0000 UTC  }]&#xA;Sep 19 08:02:48.426: INFO: unified-router-lkwnl                                             10.46.6.173  Running           [{Initialized True 0001-01-01 00:00:00 +0000 UTC 2018-09-17 07:15:31 +0000 UTC  } {Ready True 0001-01-01 00:00:00 +0000 UTC 2018-09-17 07:15:40 +0000 UTC  } {ContainersReady True 0001-01-01 00:00:00 +0000 UTC 0001-01-01 00:00:00 +0000 UTC  } {PodScheduled True 0001-01-01 00:00:00 +0000 UTC 2018-09-17 07:15:31 +0000 UTC  }]&#xA;Sep 19 08:02:48.426: INFO: vulnerability-advisor-compliance-annotator-d5659b9d9-kmn8q       10.46.6.172  Running           [{Initialized True 0001-01-01 00:00:00 +0000 UTC 2018-09-17 07:19:03 +0000 UTC  } {Ready True 0001-01-01 00:00:00 +0000 UTC 2018-09-17 07:21:08 +0000 UTC  } {ContainersReady True 0001-01-01 00:00:00 +0000 UTC 0001-01-01 00:00:00 +0000 UTC  } {PodScheduled True 0001-01-01 00:00:00 +0000 UTC 2018-09-17 07:19:03 +0000 UTC  }]&#xA;Sep 19 08:02:48.426: INFO: vulnerability-advisor-compliance-indexer-7cbdc64b57-47lmd        10.46.6.172  Running           [{Initialized True 0001-01-01 00:00:00 +0000 UTC 2018-09-17 07:19:07 +0000 UTC  } {Ready True 0001-01-01 00:00:00 +0000 UTC 2018-09-17 07:19:33 +0000 UTC  } {ContainersReady True 0001-01-01 00:00:00 +0000 UTC 0001-01-01 00:00:00 +0000 UTC  } {PodScheduled True 0001-01-01 00:00:00 +0000 UTC 2018-09-17 07:19:06 +0000 UTC  }]&#xA;Sep 19 08:02:48.426: INFO: vulnerability-advisor-config-parser-5d44b78fd5-z4k9t             10.46.6.172  Running           [{Initialized True 0001-01-01 00:00:00 +0000 UTC 2018-09-17 07:19:04 +0000 UTC  } {Ready True 0001-01-01 00:00:00 +0000 UTC 2018-09-17 07:21:09 +0000 UTC  } {ContainersReady True 0001-01-01 00:00:00 +0000 UTC 0001-01-01 00:00:00 +0000 UTC  } {PodScheduled True 0001-01-01 00:00:00 +0000 UTC 2018-09-17 07:19:03 +0000 UTC  }]&#xA;Sep 19 08:02:48.426: INFO: vulnerability-advisor-cos-indexer-57899b7dd6-7cpf8               10.46.6.172  Running           [{Initialized True 0001-01-01 00:00:00 +0000 UTC 2018-09-17 07:19:04 +0000 UTC  } {Ready True 0001-01-01 00:00:00 +0000 UTC 2018-09-19 07:20:04 +0000 UTC  } {ContainersReady True 0001-01-01 00:00:00 +0000 UTC 0001-01-01 00:00:00 +0000 UTC  } {PodScheduled True 0001-01-01 00:00:00 +0000 UTC 2018-09-17 07:19:04 +0000 UTC  }]&#xA;Sep 19 08:02:48.426: INFO: vulnerability-advisor-kafka-0                                    10.46.6.172  Running           [{Initialized True 0001-01-01 00:00:00 +0000 UTC 2018-09-17 07:19:13 +0000 UTC  } {Ready True 0001-01-01 00:00:00 +0000 UTC 2018-09-17 07:20:53 +0000 UTC  } {ContainersReady True 0001-01-01 00:00:00 +0000 UTC 0001-01-01 00:00:00 +0000 UTC  } {PodScheduled True 0001-01-01 00:00:00 +0000 UTC 2018-09-17 07:19:13 +0000 UTC  }]&#xA;Sep 19 08:02:48.426: INFO: vulnerability-advisor-live-crawler-84st2                         10.46.6.172  Running           [{Initialized True 0001-01-01 00:00:00 +0000 UTC 2018-09-17 07:19:03 +0000 UTC  } {Ready True 0001-01-01 00:00:00 +0000 UTC 2018-09-17 07:19:26 +0000 UTC  } {ContainersReady True 0001-01-01 00:00:00 +0000 UTC 0001-01-01 00:00:00 +0000 UTC  } {PodScheduled True 0001-01-01 00:00:00 +0000 UTC 2018-09-17 07:19:03 +0000 UTC  }]&#xA;Sep 19 08:02:48.426: INFO: vulnerability-advisor-live-crawler-ccxd7                         10.46.6.170  Running           [{Initialized True 0001-01-01 00:00:00 +0000 UTC 2018-09-17 07:19:03 +0000 UTC  } {Ready True 0001-01-01 00:00:00 +0000 UTC 2018-09-17 07:19:14 +0000 UTC  } {ContainersReady True 0001-01-01 00:00:00 +0000 UTC 0001-01-01 00:00:00 +0000 UTC  } {PodScheduled True 0001-01-01 00:00:00 +0000 UTC 2018-09-17 07:19:03 +0000 UTC  }]&#xA;Sep 19 08:02:48.426: INFO: vulnerability-advisor-live-crawler-p6khc                         10.46.6.173  Running           [{Initialized True 0001-01-01 00:00:00 +0000 UTC 2018-09-17 07:19:02 +0000 UTC  } {Ready True 0001-01-01 00:00:00 +0000 UTC 2018-09-17 07:19:22 +0000 UTC  } {ContainersReady True 0001-01-01 00:00:00 +0000 UTC 0001-01-01 00:00:00 +0000 UTC  } {PodScheduled True 0001-01-01 00:00:00 +0000 UTC 2018-09-17 07:19:02 +0000 UTC  }]&#xA;Sep 19 08:02:48.426: INFO: vulnerability-advisor-live-crawler-xxz8p                         10.46.6.171  Running           [{Initialized True 0001-01-01 00:00:00 +0000 UTC 2018-09-17 07:19:03 +0000 UTC  } {Ready True 0001-01-01 00:00:00 +0000 UTC 2018-09-17 07:19:18 +0000 UTC  } {ContainersReady True 0001-01-01 00:00:00 +0000 UTC 0001-01-01 00:00:00 +0000 UTC  } {PodScheduled True 0001-01-01 00:00:00 +0000 UTC 2018-09-17 07:19:03 +0000 UTC  }]&#xA;Sep 19 08:02:48.426: INFO: vulnerability-advisor-ma-file-annotator-6b95df8886-jtczz         10.46.6.172  Running           [{Initialized True 0001-01-01 00:00:00 +0000 UTC 2018-09-17 07:19:04 +0000 UTC  } {Ready True 0001-01-01 00:00:00 +0000 UTC 2018-09-17 07:23:32 +0000 UTC  } {ContainersReady True 0001-01-01 00:00:00 +0000 UTC 0001-01-01 00:00:00 +0000 UTC  } {PodScheduled True 0001-01-01 00:00:00 +0000 UTC 2018-09-17 07:19:04 +0000 UTC  }]&#xA;Sep 19 08:02:48.426: INFO: vulnerability-advisor-minio-0                                    10.46.6.172  Running           [{Initialized True 0001-01-01 00:00:00 +0000 UTC 2018-09-17 07:21:51 +0000 UTC  } {Ready True 0001-01-01 00:00:00 +0000 UTC 2018-09-17 07:21:54 +0000 UTC  } {ContainersReady True 0001-01-01 00:00:00 +0000 UTC 0001-01-01 00:00:00 +0000 UTC  } {PodScheduled True 0001-01-01 00:00:00 +0000 UTC 2018-09-17 07:19:15 +0000 UTC  }]&#xA;Sep 19 08:02:48.426: INFO: vulnerability-advisor-minio-cleaner-1537228740-55f4w             10.46.6.172  Succeeded         [{Initialized True 0001-01-01 00:00:00 +0000 UTC 2018-09-17 23:59:03 +0000 UTC PodCompleted } {Ready False 0001-01-01 00:00:00 +0000 UTC 2018-09-17 23:59:42 +0000 UTC PodCompleted } {ContainersReady False 0001-01-01 00:00:00 +0000 UTC 0001-01-01 00:00:00 +0000 UTC PodCompleted } {PodScheduled True 0001-01-01 00:00:00 +0000 UTC 2018-09-17 23:59:03 +0000 UTC  }]&#xA;Sep 19 08:02:48.426: INFO: vulnerability-advisor-minio-cleaner-1537315140-nqk7v             10.46.6.172  Succeeded         [{Initialized True 0001-01-01 00:00:00 +0000 UTC 2018-09-18 23:59:04 +0000 UTC PodCompleted } {Ready False 0001-01-01 00:00:00 +0000 UTC 2018-09-19 00:00:52 +0000 UTC PodCompleted } {ContainersReady False 0001-01-01 00:00:00 +0000 UTC 0001-01-01 00:00:00 +0000 UTC PodCompleted } {PodScheduled True 0001-01-01 00:00:00 +0000 UTC 2018-09-18 23:59:04 +0000 UTC  }]&#xA;Sep 19 08:02:48.426: INFO: vulnerability-advisor-notification-dispatcher-86f8bf4b4d-cfdzb   10.46.6.172  Running           [{Initialized True 0001-01-01 00:00:00 +0000 UTC 2018-09-17 07:19:04 +0000 UTC  } {Ready True 0001-01-01 00:00:00 +0000 UTC 2018-09-17 07:20:31 +0000 UTC  } {ContainersReady True 0001-01-01 00:00:00 +0000 UTC 0001-01-01 00:00:00 +0000 UTC  } {PodScheduled True 0001-01-01 00:00:00 +0000 UTC 2018-09-17 07:19:04 +0000 UTC  }]&#xA;Sep 19 08:02:48.426: INFO: vulnerability-advisor-password-annotator-79b5d794b5-wnwqn        10.46.6.172  Running           [{Initialized True 0001-01-01 00:00:00 +0000 UTC 2018-09-17 07:19:05 +0000 UTC  } {Ready True 0001-01-01 00:00:00 +0000 UTC 2018-09-17 07:20:29 +0000 UTC  } {ContainersReady True 0001-01-01 00:00:00 +0000 UTC 0001-01-01 00:00:00 +0000 UTC  } {PodScheduled True 0001-01-01 00:00:00 +0000 UTC 2018-09-17 07:19:04 +0000 UTC  }]&#xA;Sep 19 08:02:48.426: INFO: vulnerability-advisor-process-ma-annotator-58f47d5b5f-4wglg      10.46.6.172  Running           [{Initialized True 0001-01-01 00:00:00 +0000 UTC 2018-09-17 07:19:06 +0000 UTC  } {Ready True 0001-01-01 00:00:00 +0000 UTC 2018-09-17 07:20:56 +0000 UTC  } {ContainersReady True 0001-01-01 00:00:00 +0000 UTC 0001-01-01 00:00:00 +0000 UTC  } {PodScheduled True 0001-01-01 00:00:00 +0000 UTC 2018-09-17 07:19:05 +0000 UTC  }]&#xA;Sep 19 08:02:48.426: INFO: vulnerability-advisor-process-ma-annotator-58f47d5b5f-xbxrc      10.46.6.172  Running           [{Initialized True 0001-01-01 00:00:00 +0000 UTC 2018-09-17 07:19:06 +0000 UTC  } {Ready True 0001-01-01 00:00:00 +0000 UTC 2018-09-17 07:21:50 +0000 UTC  } {ContainersReady True 0001-01-01 00:00:00 +0000 UTC 0001-01-01 00:00:00 +0000 UTC  } {PodScheduled True 0001-01-01 00:00:00 +0000 UTC 2018-09-17 07:19:05 +0000 UTC  }]&#xA;Sep 19 08:02:48.426: INFO: vulnerability-advisor-process-ma-annotator-init-869545d547nn27w  10.46.6.172  Running           [{Initialized True 0001-01-01 00:00:00 +0000 UTC 2018-09-17 07:19:06 +0000 UTC  } {Ready True 0001-01-01 00:00:00 +0000 UTC 2018-09-17 07:19:42 +0000 UTC  } {ContainersReady True 0001-01-01 00:00:00 +0000 UTC 0001-01-01 00:00:00 +0000 UTC  } {PodScheduled True 0001-01-01 00:00:00 +0000 UTC 2018-09-17 07:19:05 +0000 UTC  }]&#xA;Sep 19 08:02:48.426: INFO: vulnerability-advisor-process-ma-crawler-24z6k                   10.46.6.172  Running           [{Initialized True 0001-01-01 00:00:00 +0000 UTC 2018-09-17 07:19:03 +0000 UTC  } {Ready True 0001-01-01 00:00:00 +0000 UTC 2018-09-17 07:19:32 +0000 UTC  } {ContainersReady True 0001-01-01 00:00:00 +0000 UTC 0001-01-01 00:00:00 +0000 UTC  } {PodScheduled True 0001-01-01 00:00:00 +0000 UTC 2018-09-17 07:19:03 +0000 UTC  }]&#xA;Sep 19 08:02:48.426: INFO: vulnerability-advisor-process-ma-crawler-5g4zk                   10.46.6.170  Running           [{Initialized True 0001-01-01 00:00:00 +0000 UTC 2018-09-17 07:19:03 +0000 UTC  } {Ready True 0001-01-01 00:00:00 +0000 UTC 2018-09-17 07:19:16 +0000 UTC  } {ContainersReady True 0001-01-01 00:00:00 +0000 UTC 0001-01-01 00:00:00 +0000 UTC  } {PodScheduled True 0001-01-01 00:00:00 +0000 UTC 2018-09-17 07:19:03 +0000 UTC  }]&#xA;Sep 19 08:02:48.426: INFO: vulnerability-advisor-process-ma-crawler-96728                   10.46.6.173  Running           [{Initialized True 0001-01-01 00:00:00 +0000 UTC 2018-09-17 07:19:03 +0000 UTC  } {Ready True 0001-01-01 00:00:00 +0000 UTC 2018-09-17 07:19:23 +0000 UTC  } {ContainersReady True 0001-01-01 00:00:00 +0000 UTC 0001-01-01 00:00:00 +0000 UTC  } {PodScheduled True 0001-01-01 00:00:00 +0000 UTC 2018-09-17 07:19:03 +0000 UTC  }]&#xA;Sep 19 08:02:48.426: INFO: vulnerability-advisor-process-ma-crawler-b7k2d                   10.46.6.171  Running           [{Initialized True 0001-01-01 00:00:00 +0000 UTC 2018-09-17 07:19:03 +0000 UTC  } {Ready True 0001-01-01 00:00:00 +0000 UTC 2018-09-17 07:19:13 +0000 UTC  } {ContainersReady True 0001-01-01 00:00:00 +0000 UTC 0001-01-01 00:00:00 +0000 UTC  } {PodScheduled True 0001-01-01 00:00:00 +0000 UTC 2018-09-17 07:19:03 +0000 UTC  }]&#xA;Sep 19 08:02:48.426: INFO: vulnerability-advisor-registry-crawler-6f9568677b-bfpm6          10.46.6.172  Running           [{Initialized True 0001-01-01 00:00:00 +0000 UTC 2018-09-17 07:19:08 +0000 UTC  } {Ready True 0001-01-01 00:00:00 +0000 UTC 2018-09-17 07:19:48 +0000 UTC  } {ContainersReady True 0001-01-01 00:00:00 +0000 UTC 0001-01-01 00:00:00 +0000 UTC  } {PodScheduled True 0001-01-01 00:00:00 +0000 UTC 2018-09-17 07:19:07 +0000 UTC  }]&#xA;Sep 19 08:02:48.426: INFO: vulnerability-advisor-rootkit-annotator-74cb65b5cf-2dk5j         10.46.6.172  Running           [{Initialized True 0001-01-01 00:00:00 +0000 UTC 2018-09-17 07:19:08 +0000 UTC  } {Ready True 0001-01-01 00:00:00 +0000 UTC 2018-09-17 07:20:26 +0000 UTC  } {ContainersReady True 0001-01-01 00:00:00 +0000 UTC 0001-01-01 00:00:00 +0000 UTC  } {PodScheduled True 0001-01-01 00:00:00 +0000 UTC 2018-09-17 07:19:07 +0000 UTC  }]&#xA;Sep 19 08:02:48.426: INFO: vulnerability-advisor-rootkit-indexer-cd8b4646b-xlhwq            10.46.6.172  Running           [{Initialized True 0001-01-01 00:00:00 +0000 UTC 2018-09-17 07:19:07 +0000 UTC  } {Ready True 0001-01-01 00:00:00 +0000 UTC 2018-09-17 07:19:26 +0000 UTC  } {ContainersReady True 0001-01-01 00:00:00 +0000 UTC 0001-01-01 00:00:00 +0000 UTC  } {PodScheduled True 0001-01-01 00:00:00 +0000 UTC 2018-09-17 07:19:06 +0000 UTC  }]&#xA;Sep 19 08:02:48.426: INFO: vulnerability-advisor-sas-apiserver-5fd8d44bc9-7bvkn             10.46.6.172  Running           [{Initialized True 0001-01-01 00:00:00 +0000 UTC 2018-09-17 07:19:09 +0000 UTC  } {Ready True 0001-01-01 00:00:00 +0000 UTC 2018-09-17 07:20:03 +0000 UTC  } {ContainersReady True 0001-01-01 00:00:00 +0000 UTC 0001-01-01 00:00:00 +0000 UTC  } {PodScheduled True 0001-01-01 00:00:00 +0000 UTC 2018-09-17 07:19:08 +0000 UTC  }]&#xA;Sep 19 08:02:48.426: INFO: vulnerability-advisor-sas-mgmt-64fb95bc44-j9vjc                  10.46.6.172  Running           [{Initialized True 0001-01-01 00:00:00 +0000 UTC 2018-09-17 07:19:08 +0000 UTC  } {Ready True 0001-01-01 00:00:00 +0000 UTC 2018-09-17 07:19:39 +0000 UTC  } {ContainersReady True 0001-01-01 00:00:00 +0000 UTC 0001-01-01 00:00:00 +0000 UTC  } {PodScheduled True 0001-01-01 00:00:00 +0000 UTC 2018-09-17 07:19:08 +0000 UTC  }]&#xA;Sep 19 08:02:48.426: INFO: vulnerability-advisor-secconfig-annotator-7dbcf5d9f4-fkmkb       10.46.6.172  Running           [{Initialized True 0001-01-01 00:00:00 +0000 UTC 2018-09-17 07:19:10 +0000 UTC  } {Ready True 0001-01-01 00:00:00 +0000 UTC 2018-09-17 07:19:45 +0000 UTC  } {ContainersReady True 0001-01-01 00:00:00 +0000 UTC 0001-01-01 00:00:00 +0000 UTC  } {PodScheduled True 0001-01-01 00:00:00 +0000 UTC 2018-09-17 07:19:08 +0000 UTC  }]&#xA;Sep 19 08:02:48.426: INFO: vulnerability-advisor-secconfig-indexer-674647df7c-qq5ff         10.46.6.172  Running           [{Initialized True 0001-01-01 00:00:00 +0000 UTC 2018-09-17 07:19:07 +0000 UTC  } {Ready True 0001-01-01 00:00:00 +0000 UTC 2018-09-17 07:19:33 +0000 UTC  } {ContainersReady True 0001-01-01 00:00:00 +0000 UTC 0001-01-01 00:00:00 +0000 UTC  } {PodScheduled True 0001-01-01 00:00:00 +0000 UTC 2018-09-17 07:19:06 +0000 UTC  }]&#xA;Sep 19 08:02:48.426: INFO: vulnerability-advisor-statsd-7746859df4-jjm6f                    10.46.6.172  Running           [{Initialized True 0001-01-01 00:00:00 +0000 UTC 2018-09-17 07:19:10 +0000 UTC  } {Ready True 0001-01-01 00:00:00 +0000 UTC 2018-09-17 07:19:38 +0000 UTC  } {ContainersReady True 0001-01-01 00:00:00 +0000 UTC 0001-01-01 00:00:00 +0000 UTC  } {PodScheduled True 0001-01-01 00:00:00 +0000 UTC 2018-09-17 07:19:09 +0000 UTC  }]&#xA;Sep 19 08:02:48.426: INFO: vulnerability-advisor-usncrawler-8h976                           10.46.6.172  Succeeded         [{Initialized True 0001-01-01 00:00:00 +0000 UTC 2018-09-17 07:19:11 +0000 UTC PodCompleted } {Ready False 0001-01-01 00:00:00 +0000 UTC 2018-09-17 07:24:06 +0000 UTC PodCompleted } {ContainersReady False 0001-01-01 00:00:00 +0000 UTC 0001-01-01 00:00:00 +0000 UTC PodCompleted } {PodScheduled True 0001-01-01 00:00:00 +0000 UTC 2018-09-17 07:19:11 +0000 UTC  }]&#xA;Sep 19 08:02:48.426: INFO: vulnerability-advisor-vulnerability-annotator-bcbf5595f-hxwst    10.46.6.172  Running           [{Initialized True 0001-01-01 00:00:00 +0000 UTC 2018-09-17 07:19:10 +0000 UTC  } {Ready True 0001-01-01 00:00:00 +0000 UTC 2018-09-17 07:20:29 +0000 UTC  } {ContainersReady True 0001-01-01 00:00:00 +0000 UTC 0001-01-01 00:00:00 +0000 UTC  } {PodScheduled True 0001-01-01 00:00:00 +0000 UTC 2018-09-17 07:19:09 +0000 UTC  }]&#xA;Sep 19 08:02:48.426: INFO: vulnerability-advisor-vulnerability-indexer-7c79b4c964-2n8cg     10.46.6.172  Running           [{Initialized True 0001-01-01 00:00:00 +0000 UTC 2018-09-17 07:19:07 +0000 UTC  } {Ready True 0001-01-01 00:00:00 +0000 UTC 2018-09-17 07:19:37 +0000 UTC  } {ContainersReady True 0001-01-01 00:00:00 +0000 UTC 0001-01-01 00:00:00 +0000 UTC  } {PodScheduled True 0001-01-01 00:00:00 +0000 UTC 2018-09-17 07:19:06 +0000 UTC  }]&#xA;Sep 19 08:02:48.426: INFO: vulnerability-advisor-zookeeper-0                                10.46.6.172  Running           [{Initialized True 0001-01-01 00:00:00 +0000 UTC 2018-09-17 07:19:15 +0000 UTC  } {Ready True 0001-01-01 00:00:00 +0000 UTC 2018-09-17 07:20:10 +0000 UTC  } {ContainersReady True 0001-01-01 00:00:00 +0000 UTC 0001-01-01 00:00:00 +0000 UTC  } {PodScheduled True 0001-01-01 00:00:00 +0000 UTC 2018-09-17 07:19:14 +0000 UTC  }]&#xA;Sep 19 08:02:48.426: INFO: &#xA;Sep 19 08:02:48.432: INFO: &#xA;Logging node info for node 10.46.6.170&#xA;Sep 19 08:02:48.448: INFO: Node Info: &amp;Node{ObjectMeta:k8s_io_apimachinery_pkg_apis_meta_v1.ObjectMeta{Name:10.46.6.170,GenerateName:,Namespace:,SelfLink:/api/v1/nodes/10.46.6.170,UID:0c4508eb-ba48-11e8-b20e-fa163e707b2e,ResourceVersion:463069,Generation:0,CreationTimestamp:2018-09-17 07:05:24 +0000 UTC,DeletionTimestamp:&lt;nil&gt;,DeletionGracePeriodSeconds:nil,Labels:map[string]string{beta.kubernetes.io/arch: amd64,beta.kubernetes.io/os: linux,kubernetes.io/hostname: 10.46.6.170,node-role.kubernetes.io/worker: true,},Annotations:map[string]string{node.alpha.kubernetes.io/ttl: 0,volumes.kubernetes.io/controller-managed-attach-detach: true,},OwnerReferences:[],Finalizers:[],ClusterName:,Initializers:nil,},Spec:NodeSpec{PodCIDR:,DoNotUse_ExternalID:,ProviderID:,Unschedulable:false,Taints:[],ConfigSource:nil,},Status:NodeStatus{Capacity:ResourceList{cpu: {{8 0} {&lt;nil&gt;} 8 DecimalSI},ephemeral-storage: {{107362627584 0} {&lt;nil&gt;} 104846316Ki BinarySI},hugepages-1Gi: {{0 0} {&lt;nil&gt;} 0 DecimalSI},hugepages-2Mi: {{0 0} {&lt;nil&gt;} 0 DecimalSI},memory: {{16825630720 0} {&lt;nil&gt;}  BinarySI},pods: {{80 0} {&lt;nil&gt;} 80 DecimalSI},},Allocatable:ResourceList{cpu: {{8 0} {&lt;nil&gt;} 8 DecimalSI},ephemeral-storage: {{96626364666 0} {&lt;nil&gt;} 96626364666 DecimalSI},hugepages-1Gi: {{0 0} {&lt;nil&gt;} 0 DecimalSI},hugepages-2Mi: {{0 0} {&lt;nil&gt;} 0 DecimalSI},memory: {{16720773120 0} {&lt;nil&gt;}  BinarySI},pods: {{80 0} {&lt;nil&gt;} 80 DecimalSI},},Phase:,Conditions:[{OutOfDisk False 2018-09-19 08:02:43 +0000 UTC 2018-09-17 07:05:24 +0000 UTC KubeletHasSufficientDisk kubelet has sufficient disk space available} {MemoryPressure False 2018-09-19 08:02:43 +0000 UTC 2018-09-17 07:05:24 +0000 UTC KubeletHasSufficientMemory kubelet has sufficient memory available} {DiskPressure False 2018-09-19 08:02:43 +0000 UTC 2018-09-17 07:05:24 +0000 UTC KubeletHasNoDiskPressure kubelet has no disk pressure} {PIDPressure False 2018-09-19 08:02:43 +0000 UTC 2018-09-17 07:05:24 +0000 UTC KubeletHasSufficientPID kubelet has sufficient PID available} {Ready True 2018-09-19 08:02:43 +0000 UTC 2018-09-17 07:06:04 +0000 UTC KubeletReady kubelet is posting ready status}],Addresses:[{InternalIP 10.46.6.170} {Hostname 10.46.6.170}],DaemonEndpoints:NodeDaemonEndpoints{KubeletEndpoint:DaemonEndpoint{Port:10250,},},NodeInfo:NodeSystemInfo{MachineID:52ca0d2c3fb341c79b059a96d10571a6,SystemUUID:B2A91A2D-0576-4E7B-AEBA-AE95FFDDF786,BootID:ae0d54c3-4892-49fd-b5c7-ca2077060a4b,KernelVersion:3.10.0-862.9.1.el7.x86_64,OSImage:Red Hat Enterprise Linux,ContainerRuntimeVersion:docker://18.3.1,KubeletVersion:v1.11.1+icp-ee,KubeProxyVersion:v1.11.1+icp-ee,OperatingSystem:linux,Architecture:amd64,},Images:[{[lzj.icp:8500/ibmcom/live-crawler@sha256:1a648615e7b439f093697f65350262823e6c711c4b21ea81596ced1c28a48133 lzj.icp:8500/ibmcom/live-crawler:1.3.1] 987515538} {[lzj.icp:8500/ibmcom/hyperkube@sha256:9fbddbf2d04354912c8a981395493d250474cb9fa587fa91119e69467078b180 lzj.icp:8500/ibmcom/hyperkube:v1.11.1-ee] 782626408} {[gcr.io/heptio-images/kube-conformance@sha256:5482c7f5f7b874c5c6caec6ddef5406f19a52a2c3a36897cadf0a8f78ab57982 gcr.io/heptio-images/kube-conformance:latest] 532182058} {[open-liberty@sha256:e962af00796d50687a4ac71d5e8ab046696c314b4a84617b0d216b671519df31 open-liberty:latest] 500884023} {[lzj.icp:8500/ibmcom/icp-filebeat@sha256:72669dde64d7ab85bbb9e93428efe548b2693a4eae5168a4705f6e30cd20e584 lzj.icp:8500/ibmcom/icp-filebeat:5.5.1] 317104874} {[lzj.icp:8500/ibmcom/fluentd@sha256:f85a5ffd86438f1a73d04caf6e33ef3474675d9fa0947431f4d0a9602fc981af lzj.icp:8500/ibmcom/fluentd:v1.2.2-icp] 270902701} {[lzj.icp:8500/ibmcom/calico-node@sha256:85a23d8030137d49663d3d82844a61998331606de9fc523dfdd0a75be7fb9828 lzj.icp:8500/ibmcom/calico-node:v3.1.3] 248202699} {[gcr.io/kubernetes-e2e-test-images/jessie-dnsutils-amd64@sha256:9e842e2f77073ec30e2349f9082ec35357a3bf61e12488adc677144295e68c38 gcr.io/kubernetes-e2e-test-images/jessie-dnsutils-amd64:1.0] 195659796} {[lzj.icp:8500/ibmcom/nvidia-device-plugin@sha256:2d57caa41994d1e0b3d952526a651f8da487e068874d1075f915fa48ad969ba6 lzj.icp:8500/ibmcom/nvidia-device-plugin:1.0] 132413452} {[lzj.icp:8500/ibmcom/metering-data-manager@sha256:97803f4458c6f6ca62076cf6958cb8ab98cf9ffed7cd4977550eeaa6db8ead70 lzj.icp:8500/ibmcom/metering-data-manager:3.1.0] 121942877} {[lzj.icp:8500/ibmcom/icp-management-ingress@sha256:259a9d288f5ee4f169c618b6d870b5ae38b954a3bf69f3f392523b1aaa9f4001 lzj.icp:8500/ibmcom/icp-management-ingress:2.2.1] 80410712} {[lzj.icp:8500/ibmcom/calico-cni@sha256:b56c2d3e62bd02f15dd5ec335c25ac81bb39d214e904525227640790686855d7 lzj.icp:8500/ibmcom/calico-cni:v3.1.3] 68849270} {[gcr.io/heptio-images/sonobuoy@sha256:165df6f635ddd0088ed6686e07ffb47f8dd17fdba153f61dbec9aa80c0d2e0b8 gcr.io/heptio-images/sonobuoy:latest gcr.io/heptio-images/sonobuoy:v0.11.6] 33401240} {[gcr.io/kubernetes-e2e-test-images/nettest-amd64@sha256:f2d3eba3ae2043c51389935be4bf41b2b0e60fd7220b9ba9cbc51eceaa74b2b4 gcr.io/kubernetes-e2e-test-images/nettest-amd64:1.0] 27413498} {[lzj.icp:8500/ibmcom/node-exporter@sha256:b24db452b1a0bf46abba095162d0fbc89ea40eeabbfe43ae01dab54107ecff0e lzj.icp:8500/ibmcom/node-exporter:v0.16.0] 22915749} {[gcr.io/kubernetes-e2e-test-images/dnsutils-amd64@sha256:f8eca5c0c2e18b7ee6df876e5587c5885d13c59cb453d93bf51628daf656e4b5 gcr.io/kubernetes-e2e-test-images/dnsutils-amd64:1.0] 9030162} {[gcr.io/kubernetes-e2e-test-images/hostexec-amd64@sha256:e1dadb772c6132e3587fc41b8c07facd81ee7c4e74508891b5d98d45b85462e9 gcr.io/kubernetes-e2e-test-images/hostexec-amd64:1.1] 8490662} {[gcr.io/kubernetes-e2e-test-images/netexec-amd64@sha256:da1c165175d5589ed70384e406a0291b6f76d53fc99e2c31ae23003e11e5bfde gcr.io/kubernetes-e2e-test-images/netexec-amd64:1.0] 6713741} {[gcr.io/kubernetes-e2e-test-images/serve-hostname-amd64@sha256:2dd4032e98a0450d95a0ac71a5e465f542a900812d8c41bc6ca635aed1a5fc91 gcr.io/kubernetes-e2e-test-images/serve-hostname-amd64:1.0] 5470001} {[gcr.io/kubernetes-e2e-test-images/test-webserver-amd64@sha256:8da73e44d6870f86e0e6a87b2e07829470465afbb6febeb900296d99510789ce gcr.io/kubernetes-e2e-test-images/test-webserver-amd64:1.0] 4732240} {[gcr.io/kubernetes-e2e-test-images/porter-amd64@sha256:824f041b2757f8da2980092ace0991b4b8c6689e76c3b94f677521f7157bc7b8 gcr.io/kubernetes-e2e-test-images/porter-amd64:1.0] 4681408} {[gcr.io/kubernetes-e2e-test-images/liveness-amd64@sha256:0a64aa5318ade9f4ed6cd625d8dffdb4ac6a411da30694c53809e99a65de9eff gcr.io/kubernetes-e2e-test-images/liveness-amd64:1.0] 4608721} {[gcr.io/kubernetes-e2e-test-images/entrypoint-tester-amd64@sha256:ef1e5bf4aa80f899f51d173dfcc3106e8daf4c78c28be135b1d421c97f4c9354 gcr.io/kubernetes-e2e-test-images/entrypoint-tester-amd64:1.0] 2729534} {[gcr.io/kubernetes-e2e-test-images/mounttest-amd64@sha256:e3e75014e6df02dc21e6fb95f93b989a2ff8a91f36ae88d74eccbabaa21fc211 gcr.io/kubernetes-e2e-test-images/mounttest-amd64:1.0] 1563521} {[gcr.io/kubernetes-e2e-test-images/mounttest-user-amd64@sha256:1ac490f1442cad4b1c886527470393c71302cc62f5e3304fb08854403cbc68dc gcr.io/kubernetes-e2e-test-images/mounttest-user-amd64:1.0] 1450451} {[busybox@sha256:cb63aa0641a885f54de20f61d152187419e8f6b159ed11a251a09d115fdff9bd busybox:latest] 1162769} {[lzj.icp:8500/ibmcom/pause@sha256:8a18035491d4fbbe481be5eac11819315ec94677ab465608d052d87b3cdcff7f lzj.icp:8500/ibmcom/pause:3.1] 742472}],VolumesInUse:[],VolumesAttached:[],Config:&amp;NodeConfigStatus{Assigned:nil,Active:nil,LastKnownGood:nil,Error:,},},}&#xA;Sep 19 08:02:48.448: INFO: &#xA;Logging kubelet events for node 10.46.6.170&#xA;Sep 19 08:02:48.452: INFO: &#xA;Logging pods the kubelet thinks is on node 10.46.6.170&#xA;Sep 19 08:02:48.464: INFO: logging-elk-filebeat-ds-jtd5q started at 2018-09-17 07:15:20 +0000 UTC (0+1 container statuses recorded)&#xA;Sep 19 08:02:48.464: INFO: &#x9;Container filebeat ready: true, restart count 0&#xA;Sep 19 08:02:48.464: INFO: sonobuoy started at 2018-09-19 07:22:02 +0000 UTC (0+1 container statuses recorded)&#xA;Sep 19 08:02:48.464: INFO: &#x9;Container kube-sonobuoy ready: true, restart count 0&#xA;Sep 19 08:02:48.464: INFO: nvidia-device-plugin-9h2k4 started at 2018-09-17 07:07:17 +0000 UTC (1+1 container statuses recorded)&#xA;Sep 19 08:02:48.464: INFO: &#x9;Init container nvidia-driver-collector ready: true, restart count 0&#xA;Sep 19 08:02:48.464: INFO: &#x9;Container nvidia-device-plugin ready: true, restart count 0&#xA;Sep 19 08:02:48.464: INFO: metering-reader-44wd7 started at 2018-09-17 07:14:11 +0000 UTC (1+1 container statuses recorded)&#xA;Sep 19 08:02:48.464: INFO: &#x9;Init container metering-reader-init ready: true, restart count 1&#xA;Sep 19 08:02:48.464: INFO: &#x9;Container metering-reader ready: true, restart count 0&#xA;Sep 19 08:02:48.464: INFO: vulnerability-advisor-live-crawler-ccxd7 started at 2018-09-17 07:19:03 +0000 UTC (0+1 container statuses recorded)&#xA;Sep 19 08:02:48.464: INFO: &#x9;Container live-crawler ready: true, restart count 0&#xA;Sep 19 08:02:48.464: INFO: sonobuoy-e2e-job-c3f9b53ea97c48a2 started at 2018-09-19 07:22:08 +0000 UTC (0+2 container statuses recorded)&#xA;Sep 19 08:02:48.464: INFO: &#x9;Container e2e ready: true, restart count 0&#xA;Sep 19 08:02:48.464: INFO: &#x9;Container sonobuoy-worker ready: true, restart count 0&#xA;Sep 19 08:02:48.464: INFO: monitoring-prometheus-nodeexporter-tpbc8 started at 2018-09-17 07:15:44 +0000 UTC (0+2 container statuses recorded)&#xA;Sep 19 08:02:48.464: INFO: &#x9;Container nodeexporter ready: true, restart count 0&#xA;Sep 19 08:02:48.464: INFO: &#x9;Container router ready: true, restart count 0&#xA;Sep 19 08:02:48.464: INFO: audit-logging-fluentd-ds-4cgnk started at 2018-09-17 07:18:46 +0000 UTC (0+1 container statuses recorded)&#xA;Sep 19 08:02:48.464: INFO: &#x9;Container fluentd ready: true, restart count 0&#xA;Sep 19 08:02:48.464: INFO: vulnerability-advisor-process-ma-crawler-5g4zk started at 2018-09-17 07:19:03 +0000 UTC (0+1 container statuses recorded)&#xA;Sep 19 08:02:48.464: INFO: &#x9;Container process-ma-crawler ready: true, restart count 0&#xA;Sep 19 08:02:48.464: INFO: my-ibm-open-liberty-ibm-7f7d9778d7-7t5jc started at 2018-09-17 08:22:24 +0000 UTC (0+1 container statuses recorded)&#xA;Sep 19 08:02:48.464: INFO: &#x9;Container ibm-open-liberty ready: true, restart count 0&#xA;Sep 19 08:02:48.464: INFO: k8s-proxy-10.46.6.170 started at &lt;nil&gt; (0+0 container statuses recorded)&#xA;Sep 19 08:02:48.464: INFO: calico-node-htf97 started at 2018-09-17 07:05:53 +0000 UTC (0+2 container statuses recorded)&#xA;Sep 19 08:02:48.464: INFO: &#x9;Container calico-node ready: true, restart count 0&#xA;Sep 19 08:02:48.464: INFO: &#x9;Container install-cni ready: true, restart count 0&#xA;Sep 19 08:02:48.516: INFO: &#xA;Latency metrics for node 10.46.6.170&#xA;Sep 19 08:02:48.516: INFO: &#xA;Logging node info for node 10.46.6.171&#xA;Sep 19 08:02:48.520: INFO: Node Info: &amp;Node{ObjectMeta:k8s_io_apimachinery_pkg_apis_meta_v1.ObjectMeta{Name:10.46.6.171,GenerateName:,Namespace:,SelfLink:/api/v1/nodes/10.46.6.171,UID:0c79152a-ba48-11e8-b20e-fa163e707b2e,ResourceVersion:463056,Generation:0,CreationTimestamp:2018-09-17 07:05:24 +0000 UTC,DeletionTimestamp:&lt;nil&gt;,DeletionGracePeriodSeconds:nil,Labels:map[string]string{beta.kubernetes.io/arch: amd64,beta.kubernetes.io/os: linux,kubernetes.io/hostname: 10.46.6.171,management: true,node-role.kubernetes.io/management: true,},Annotations:map[string]string{node.alpha.kubernetes.io/ttl: 0,volumes.kubernetes.io/controller-managed-attach-detach: true,},OwnerReferences:[],Finalizers:[],ClusterName:,Initializers:nil,},Spec:NodeSpec{PodCIDR:,DoNotUse_ExternalID:,ProviderID:,Unschedulable:false,Taints:[{dedicated management NoSchedule &lt;nil&gt;}],ConfigSource:nil,},Status:NodeStatus{Capacity:ResourceList{cpu: {{8 0} {&lt;nil&gt;} 8 DecimalSI},ephemeral-storage: {{107362627584 0} {&lt;nil&gt;} 104846316Ki BinarySI},hugepages-1Gi: {{0 0} {&lt;nil&gt;} 0 DecimalSI},hugepages-2Mi: {{0 0} {&lt;nil&gt;} 0 DecimalSI},memory: {{16825630720 0} {&lt;nil&gt;}  BinarySI},pods: {{80 0} {&lt;nil&gt;} 80 DecimalSI},},Allocatable:ResourceList{cpu: {{8 0} {&lt;nil&gt;} 8 DecimalSI},ephemeral-storage: {{107257769984 0} {&lt;nil&gt;} 104743916Ki BinarySI},hugepages-1Gi: {{0 0} {&lt;nil&gt;} 0 DecimalSI},hugepages-2Mi: {{0 0} {&lt;nil&gt;} 0 DecimalSI},memory: {{16720773120 0} {&lt;nil&gt;}  BinarySI},pods: {{80 0} {&lt;nil&gt;} 80 DecimalSI},},Phase:,Conditions:[{OutOfDisk False 2018-09-19 08:02:40 +0000 UTC 2018-09-17 07:05:24 +0000 UTC KubeletHasSufficientDisk kubelet has sufficient disk space available} {MemoryPressure False 2018-09-19 08:02:40 +0000 UTC 2018-09-17 07:05:24 +0000 UTC KubeletHasSufficientMemory kubelet has sufficient memory available} {DiskPressure False 2018-09-19 08:02:40 +0000 UTC 2018-09-17 07:05:24 +0000 UTC KubeletHasNoDiskPressure kubelet has no disk pressure} {PIDPressure False 2018-09-19 08:02:40 +0000 UTC 2018-09-17 07:05:24 +0000 UTC KubeletHasSufficientPID kubelet has sufficient PID available} {Ready True 2018-09-19 08:02:40 +0000 UTC 2018-09-17 07:06:05 +0000 UTC KubeletReady kubelet is posting ready status}],Addresses:[{InternalIP 10.46.6.171} {Hostname 10.46.6.171}],DaemonEndpoints:NodeDaemonEndpoints{KubeletEndpoint:DaemonEndpoint{Port:10250,},},NodeInfo:NodeSystemInfo{MachineID:52ca0d2c3fb341c79b059a96d10571a6,SystemUUID:00401CD1-AB88-4341-9CDC-C9648BFB2B56,BootID:706dbc67-f432-47c3-840e-f599801336c8,KernelVersion:3.10.0-862.9.1.el7.x86_64,OSImage:Red Hat Enterprise Linux,ContainerRuntimeVersion:docker://18.3.1,KubeletVersion:v1.11.1+icp-ee,KubeProxyVersion:v1.11.1+icp-ee,OperatingSystem:linux,Architecture:amd64,},Images:[{[lzj.icp:8500/ibmcom/live-crawler@sha256:1a648615e7b439f093697f65350262823e6c711c4b21ea81596ced1c28a48133 lzj.icp:8500/ibmcom/live-crawler:1.3.1] 987515538} {[lzj.icp:8500/ibmcom/hyperkube@sha256:9fbddbf2d04354912c8a981395493d250474cb9fa587fa91119e69467078b180 lzj.icp:8500/ibmcom/hyperkube:v1.11.1-ee] 782626408} {[lzj.icp:8500/ibmcom/icp-logstash@sha256:a182a00827aefe7f5f95b18fa1ec8f6897989290b37f3d98bd6440ddda796433 lzj.icp:8500/ibmcom/icp-logstash:5.5.1] 764906887} {[lzj.icp:8500/ibmcom/icp-kibana@sha256:6e2746da64a64f98c5761b87d5e185a9c2ac75c9c4e767ab284062b1847b7571 lzj.icp:8500/ibmcom/icp-kibana:5.5.1] 639622018} {[lzj.icp:8500/ibmcom/icp-elasticsearch@sha256:b410aacb6005fe24bfd87b045ea26fde3d6eb3ca52c3f0e4560cdc208944ba50 lzj.icp:8500/ibmcom/icp-elasticsearch:5.5.1] 520121248} {[lzj.icp:8500/ibmcom/logging-pki-init@sha256:21aa9cbd05a849b4891b15cf636f73545f6001f16c82f8eeed2e90b4f9312377 lzj.icp:8500/ibmcom/logging-pki-init:2.0.0] 501921135} {[lzj.icp:8500/ibmcom/searchguard-init@sha256:3d0d8a8404a9df5ad238bce1e0542cdda609cc445dfc3964952243d9fc103276 lzj.icp:8500/ibmcom/searchguard-init:2.0.0] 457030441} {[lzj.icp:8500/ibmcom/metering-ui@sha256:d6453f9afecc9b1fc778c195e20bbb39d4ef6262af2f7a9a5ce3cddc259fec99 lzj.icp:8500/ibmcom/metering-ui:3.1.0] 385577105} {[lzj.icp:8500/ibmcom/icp-filebeat@sha256:72669dde64d7ab85bbb9e93428efe548b2693a4eae5168a4705f6e30cd20e584 lzj.icp:8500/ibmcom/icp-filebeat:5.5.1] 317104874} {[lzj.icp:8500/ibmcom/fluentd@sha256:f85a5ffd86438f1a73d04caf6e33ef3474675d9fa0947431f4d0a9602fc981af lzj.icp:8500/ibmcom/fluentd:v1.2.2-icp] 270902701} {[lzj.icp:8500/ibmcom/elasticsearch-plugin-searchguard@sha256:f47116021e3eec7b2fed9f6ed8bd77fd890457e5a1546dda7f863c032d4395b1 lzj.icp:8500/ibmcom/elasticsearch-plugin-searchguard:2.0.0] 267864279} {[lzj.icp:8500/ibmcom/calico-node@sha256:85a23d8030137d49663d3d82844a61998331606de9fc523dfdd0a75be7fb9828 lzj.icp:8500/ibmcom/calico-node:v3.1.3] 248202699} {[lzj.icp:8500/ibmcom/grafana@sha256:5d2739d3ec5c7f6ea66d69caa918b764660b99a3d37cb1f4123f1a9623ce8e38 lzj.icp:8500/ibmcom/grafana:5.2.0] 245297582} {[lzj.icp:8500/ibmcom/indices-cleaner@sha256:31dac3be1246f17dddade06b517c073244ce56d85bc54135fdaf010dbb0bca10 lzj.icp:8500/ibmcom/indices-cleaner:1.0.0] 238131553} {[lzj.icp:8500/ibmcom/curl@sha256:adf92a267e351914d041a56d64ebe80331c45f8e20ab23b7ada67bea78da9996 lzj.icp:8500/ibmcom/curl:4.0.0] 221192597} {[lzj.icp:8500/ibmcom/nvidia-device-plugin@sha256:2d57caa41994d1e0b3d952526a651f8da487e068874d1075f915fa48ad969ba6 lzj.icp:8500/ibmcom/nvidia-device-plugin:1.0] 132413452} {[lzj.icp:8500/ibmcom/metering-data-manager@sha256:97803f4458c6f6ca62076cf6958cb8ab98cf9ffed7cd4977550eeaa6db8ead70 lzj.icp:8500/ibmcom/metering-data-manager:3.1.0] 121942877} {[lzj.icp:8500/ibmcom/prometheus@sha256:91cba3cbf7a61499969a8a5a27347830ed1740b2285de9ac31e231e7ce44deb7 lzj.icp:8500/ibmcom/prometheus:v2.3.1] 118818909} {[lzj.icp:8500/ibmcom/icp-management-ingress@sha256:259a9d288f5ee4f169c618b6d870b5ae38b954a3bf69f3f392523b1aaa9f4001 lzj.icp:8500/ibmcom/icp-management-ingress:2.2.1] 80410712} {[lzj.icp:8500/ibmcom/calico-cni@sha256:b56c2d3e62bd02f15dd5ec335c25ac81bb39d214e904525227640790686855d7 lzj.icp:8500/ibmcom/calico-cni:v3.1.3] 68849270} {[lzj.icp:8500/ibmcom/k8s-prometheus-adapter@sha256:cf7f0c35ff0a0ec9cf743ef87e4c951f74d3fd0b4b97925784cc857565b4d7ba lzj.icp:8500/ibmcom/k8s-prometheus-adapter:v0.2.1.1] 52134773} {[lzj.icp:8500/ibmcom/metrics-server@sha256:973b5dd33165e4856f22a9f48a9b7f5bd2f01399d6479c46212ea92336a9ca40 lzj.icp:8500/ibmcom/metrics-server:v0.2.1.1] 42541759} {[lzj.icp:8500/ibmcom/ibmcloud-image-enforcement@sha256:d29efeb868c054eead02eec72c86f690c4a8c81b95f99f22bbc873644b090e99 lzj.icp:8500/ibmcom/ibmcloud-image-enforcement:0.2.0] 40040099} {[lzj.icp:8500/ibmcom/alertmanager@sha256:f3e7d379040499e05c1377862cc8a74cd5ffed2a175bf62fc18dc07b98d6ab00 lzj.icp:8500/ibmcom/alertmanager:v0.15.0] 36095602} {[lzj.icp:8500/ibmcom/kube-state-metrics@sha256:6a574d2e4a7338abdd3d0b85dd2510cbf046cd09a70505b99513feee42d00559 lzj.icp:8500/ibmcom/kube-state-metrics:v1.3.0] 35646776} {[lzj.icp:8500/ibmcom/node-exporter@sha256:b24db452b1a0bf46abba095162d0fbc89ea40eeabbfe43ae01dab54107ecff0e lzj.icp:8500/ibmcom/node-exporter:v0.16.0] 22915749} {[lzj.icp:8500/ibmcom/configmap-reload@sha256:77a4ede137dd4980fe02c70ad189bf7b89dd1a9e134c0fe4475842fe8948f6a9 lzj.icp:8500/ibmcom/configmap-reload:v0.2.2] 22381476} {[lzj.icp:8500/ibmcom/collectd-exporter@sha256:0ef0cfb0a60f66046851bfafbfa1913814c7a4967e4e7561ce5111186338f6d9 lzj.icp:8500/ibmcom/collectd-exporter:v0.4.0] 13695364} {[lzj.icp:8500/ibmcom/elasticsearch-exporter@sha256:27806a00f45314a1c06af096236004020a98202edbbce81d993aadfaca0c66a0 lzj.icp:8500/ibmcom/elasticsearch-exporter:1.0.2] 9202086} {[lzj.icp:8500/ibmcom/icp-initcontainer@sha256:c1b9397380303cfc23505576a19859c7e26936f80a26bb4fae95ef68e7775de8 lzj.icp:8500/ibmcom/icp-initcontainer:1.0.0] 3965926} {[lzj.icp:8500/ibmcom/pause@sha256:8a18035491d4fbbe481be5eac11819315ec94677ab465608d052d87b3cdcff7f lzj.icp:8500/ibmcom/pause:3.1] 742472}],VolumesInUse:[],VolumesAttached:[],Config:&amp;NodeConfigStatus{Assigned:nil,Active:nil,LastKnownGood:nil,Error:,},},}&#xA;Sep 19 08:02:48.520: INFO: &#xA;Logging kubelet events for node 10.46.6.171&#xA;Sep 19 08:02:48.524: INFO: &#xA;Logging pods the kubelet thinks is on node 10.46.6.171&#xA;Sep 19 08:02:48.573: INFO: metering-reader-xq8f2 started at 2018-09-17 07:14:11 +0000 UTC (1+1 container statuses recorded)&#xA;Sep 19 08:02:48.573: INFO: &#x9;Init container metering-reader-init ready: true, restart count 1&#xA;Sep 19 08:02:48.573: INFO: &#x9;Container metering-reader ready: true, restart count 0&#xA;Sep 19 08:02:48.573: INFO: logging-elk-logstash-7994656f46-r89mt started at 2018-09-17 07:15:22 +0000 UTC (0+1 container statuses recorded)&#xA;Sep 19 08:02:48.573: INFO: &#x9;Container logstash ready: true, restart count 0&#xA;Sep 19 08:02:48.573: INFO: monitoring-prometheus-elasticsearchexporter-655864cccb-c6tps started at 2018-09-17 07:15:46 +0000 UTC (0+2 container statuses recorded)&#xA;Sep 19 08:02:48.573: INFO: &#x9;Container elasticsearchexporter ready: true, restart count 0&#xA;Sep 19 08:02:48.573: INFO: &#x9;Container router ready: true, restart count 0&#xA;Sep 19 08:02:48.573: INFO: monitoring-prometheus-6677d7c77f-pnpt5 started at 2018-09-17 07:15:46 +0000 UTC (1+4 container statuses recorded)&#xA;Sep 19 08:02:48.573: INFO: &#x9;Init container init-container ready: true, restart count 0&#xA;Sep 19 08:02:48.573: INFO: &#x9;Container configmap-reload-alertrules ready: true, restart count 0&#xA;Sep 19 08:02:48.573: INFO: &#x9;Container configmap-reload-prometheus ready: true, restart count 0&#xA;Sep 19 08:02:48.573: INFO: &#x9;Container prometheus ready: true, restart count 0&#xA;Sep 19 08:02:48.573: INFO: &#x9;Container router ready: true, restart count 0&#xA;Sep 19 08:02:48.573: INFO: calico-node-gpm2c started at 2018-09-17 07:05:53 +0000 UTC (0+2 container statuses recorded)&#xA;Sep 19 08:02:48.573: INFO: &#x9;Container calico-node ready: true, restart count 0&#xA;Sep 19 08:02:48.573: INFO: &#x9;Container install-cni ready: true, restart count 0&#xA;Sep 19 08:02:48.573: INFO: metering-ui-5bbfbb5d49-wkh8m started at 2018-09-17 07:14:12 +0000 UTC (1+1 container statuses recorded)&#xA;Sep 19 08:02:48.573: INFO: &#x9;Init container metering-ui-init ready: true, restart count 0&#xA;Sep 19 08:02:48.573: INFO: &#x9;Container metering-ui ready: true, restart count 0&#xA;Sep 19 08:02:48.573: INFO: logging-elk-master-6cdcf45f7d-gp28f started at 2018-09-17 07:15:21 +0000 UTC (2+1 container statuses recorded)&#xA;Sep 19 08:02:48.573: INFO: &#x9;Init container sysctl ready: true, restart count 0&#xA;Sep 19 08:02:48.573: INFO: &#x9;Init container plugin-bundle ready: true, restart count 0&#xA;Sep 19 08:02:48.573: INFO: &#x9;Container es-master ready: true, restart count 0&#xA;Sep 19 08:02:48.573: INFO: monitoring-grafana-548b947c8c-dh89z started at 2018-09-17 07:15:46 +0000 UTC (1+2 container statuses recorded)&#xA;Sep 19 08:02:48.573: INFO: &#x9;Init container init-container ready: true, restart count 0&#xA;Sep 19 08:02:48.573: INFO: &#x9;Container grafana ready: true, restart count 0&#xA;Sep 19 08:02:48.573: INFO: &#x9;Container router ready: true, restart count 0&#xA;Sep 19 08:02:48.573: INFO: vulnerability-advisor-process-ma-crawler-b7k2d started at 2018-09-17 07:19:03 +0000 UTC (0+1 container statuses recorded)&#xA;Sep 19 08:02:48.573: INFO: &#x9;Container process-ma-crawler ready: true, restart count 0&#xA;Sep 19 08:02:48.573: INFO: ibmcloud-image-enforcement-76ddccbf9f-kqmlb started at 2018-09-17 07:14:02 +0000 UTC (0+1 container statuses recorded)&#xA;Sep 19 08:02:48.573: INFO: &#x9;Container ibmcloud-image-enforcement ready: true, restart count 0&#xA;Sep 19 08:02:48.573: INFO: metrics-server-6d6695f9db-8t4xs started at 2018-09-17 07:08:51 +0000 UTC (0+1 container statuses recorded)&#xA;Sep 19 08:02:48.573: INFO: &#x9;Container metrics-server ready: true, restart count 0&#xA;Sep 19 08:02:48.573: INFO: metering-dm-8b475fc57-cmm6h started at 2018-09-17 07:14:12 +0000 UTC (1+1 container statuses recorded)&#xA;Sep 19 08:02:48.573: INFO: &#x9;Init container metering-dm-init ready: true, restart count 0&#xA;Sep 19 08:02:48.573: INFO: &#x9;Container metering-dm ready: true, restart count 0&#xA;Sep 19 08:02:48.573: INFO: logging-elk-data-0 started at 2018-09-17 07:15:21 +0000 UTC (3+1 container statuses recorded)&#xA;Sep 19 08:02:48.573: INFO: &#x9;Init container chmod ready: true, restart count 0&#xA;Sep 19 08:02:48.573: INFO: &#x9;Init container sysctl ready: true, restart count 0&#xA;Sep 19 08:02:48.573: INFO: &#x9;Init container plugin-bundle ready: true, restart count 0&#xA;Sep 19 08:02:48.573: INFO: &#x9;Container es-data ready: true, restart count 0&#xA;Sep 19 08:02:48.573: INFO: logging-elk-kibana-ff4db4866-s2295 started at 2018-09-17 07:15:21 +0000 UTC (0+2 container statuses recorded)&#xA;Sep 19 08:02:48.573: INFO: &#x9;Container kibana ready: true, restart count 0&#xA;Sep 19 08:02:48.573: INFO: &#x9;Container router ready: true, restart count 0&#xA;Sep 19 08:02:48.573: INFO: monitoring-prometheus-nodeexporter-9fnpb started at 2018-09-17 07:15:44 +0000 UTC (0+2 container statuses recorded)&#xA;Sep 19 08:02:48.573: INFO: &#x9;Container nodeexporter ready: true, restart count 0&#xA;Sep 19 08:02:48.573: INFO: &#x9;Container router ready: true, restart count 0&#xA;Sep 19 08:02:48.573: INFO: monitoring-prometheus-kubestatemetrics-54dcbb6cfb-76zmm started at 2018-09-17 07:15:45 +0000 UTC (0+2 container statuses recorded)&#xA;Sep 19 08:02:48.573: INFO: &#x9;Container kubestatemetrics ready: true, restart count 0&#xA;Sep 19 08:02:48.573: INFO: &#x9;Container router ready: true, restart count 0&#xA;Sep 19 08:02:48.573: INFO: audit-logging-fluentd-ds-bc22k started at 2018-09-17 07:18:46 +0000 UTC (0+1 container statuses recorded)&#xA;Sep 19 08:02:48.573: INFO: &#x9;Container fluentd ready: true, restart count 0&#xA;Sep 19 08:02:48.573: INFO: k8s-proxy-10.46.6.171 started at &lt;nil&gt; (0+0 container statuses recorded)&#xA;Sep 19 08:02:48.573: INFO: custom-metrics-adapter-64f64964b4-f9gmc started at 2018-09-17 07:14:28 +0000 UTC (1+1 container statuses recorded)&#xA;Sep 19 08:02:48.573: INFO: &#x9;Init container init-adapter ready: true, restart count 0&#xA;Sep 19 08:02:48.573: INFO: &#x9;Container custom-metrics-adapter ready: true, restart count 0&#xA;Sep 19 08:02:48.573: INFO: logging-elk-elasticsearch-tls-init-6hnl4 started at 2018-09-17 07:15:20 +0000 UTC (0+1 container statuses recorded)&#xA;Sep 19 08:02:48.573: INFO: &#x9;Container searchguard-init ready: false, restart count 0&#xA;Sep 19 08:02:48.573: INFO: logging-elk-filebeat-ds-bs86r started at 2018-09-17 07:15:20 +0000 UTC (0+1 container statuses recorded)&#xA;Sep 19 08:02:48.574: INFO: &#x9;Container filebeat ready: true, restart count 0&#xA;Sep 19 08:02:48.574: INFO: logging-elk-client-75d4d7994c-7g7fn started at 2018-09-17 07:15:21 +0000 UTC (2+3 container statuses recorded)&#xA;Sep 19 08:02:48.574: INFO: &#x9;Init container sysctl ready: true, restart count 0&#xA;Sep 19 08:02:48.574: INFO: &#x9;Init container plugin-bundle ready: true, restart count 0&#xA;Sep 19 08:02:48.574: INFO: &#x9;Container es-client ready: true, restart count 0&#xA;Sep 19 08:02:48.574: INFO: &#x9;Container indices-cleaner ready: true, restart count 0&#xA;Sep 19 08:02:48.574: INFO: &#x9;Container router ready: true, restart count 0&#xA;Sep 19 08:02:48.574: INFO: monitoring-prometheus-alertmanager-7d8749dbb8-xj68d started at 2018-09-17 07:15:46 +0000 UTC (0+3 container statuses recorded)&#xA;Sep 19 08:02:48.574: INFO: &#x9;Container alertmanager ready: true, restart count 0&#xA;Sep 19 08:02:48.574: INFO: &#x9;Container configmap-reload ready: true, restart count 0&#xA;Sep 19 08:02:48.574: INFO: &#x9;Container router ready: true, restart count 0&#xA;Sep 19 08:02:48.574: INFO: monitoring-prometheus-collectdexporter-77575678dc-v8n2l started at 2018-09-17 07:15:46 +0000 UTC (0+2 container statuses recorded)&#xA;Sep 19 08:02:48.574: INFO: &#x9;Container collectd-exporter ready: true, restart count 0&#xA;Sep 19 08:02:48.574: INFO: &#x9;Container router ready: true, restart count 0&#xA;Sep 19 08:02:48.574: INFO: vulnerability-advisor-live-crawler-xxz8p started at 2018-09-17 07:19:03 +0000 UTC (0+1 container statuses recorded)&#xA;Sep 19 08:02:48.574: INFO: &#x9;Container live-crawler ready: true, restart count 0&#xA;Sep 19 08:02:48.574: INFO: nvidia-device-plugin-vh85n started at 2018-09-17 07:07:17 +0000 UTC (1+1 container statuses recorded)&#xA;Sep 19 08:02:48.574: INFO: &#x9;Init container nvidia-driver-collector ready: true, restart count 0&#xA;Sep 19 08:02:48.574: INFO: &#x9;Container nvidia-device-plugin ready: true, restart count 0&#xA;Sep 19 08:02:48.643: INFO: &#xA;Latency metrics for node 10.46.6.171&#xA;Sep 19 08:02:48.643: INFO: &#xA;Logging node info for node 10.46.6.172&#xA;Sep 19 08:02:48.752: INFO: Node Info: &amp;Node{ObjectMeta:k8s_io_apimachinery_pkg_apis_meta_v1.ObjectMeta{Name:10.46.6.172,GenerateName:,Namespace:,SelfLink:/api/v1/nodes/10.46.6.172,UID:0c6032ef-ba48-11e8-b20e-fa163e707b2e,ResourceVersion:463081,Generation:0,CreationTimestamp:2018-09-17 07:05:24 +0000 UTC,DeletionTimestamp:&lt;nil&gt;,DeletionGracePeriodSeconds:nil,Labels:map[string]string{beta.kubernetes.io/arch: amd64,beta.kubernetes.io/os: linux,kubernetes.io/hostname: 10.46.6.172,node-role.kubernetes.io/va: true,va: true,},Annotations:map[string]string{node.alpha.kubernetes.io/ttl: 0,volumes.kubernetes.io/controller-managed-attach-detach: true,},OwnerReferences:[],Finalizers:[],ClusterName:,Initializers:nil,},Spec:NodeSpec{PodCIDR:,DoNotUse_ExternalID:,ProviderID:,Unschedulable:false,Taints:[{dedicated va NoSchedule &lt;nil&gt;}],ConfigSource:nil,},Status:NodeStatus{Capacity:ResourceList{cpu: {{8 0} {&lt;nil&gt;} 8 DecimalSI},ephemeral-storage: {{107362627584 0} {&lt;nil&gt;} 104846316Ki BinarySI},hugepages-1Gi: {{0 0} {&lt;nil&gt;} 0 DecimalSI},hugepages-2Mi: {{0 0} {&lt;nil&gt;} 0 DecimalSI},memory: {{16825622528 0} {&lt;nil&gt;}  BinarySI},pods: {{80 0} {&lt;nil&gt;} 80 DecimalSI},},Allocatable:ResourceList{cpu: {{8 0} {&lt;nil&gt;} 8 DecimalSI},ephemeral-storage: {{107257769984 0} {&lt;nil&gt;} 104743916Ki BinarySI},hugepages-1Gi: {{0 0} {&lt;nil&gt;} 0 DecimalSI},hugepages-2Mi: {{0 0} {&lt;nil&gt;} 0 DecimalSI},memory: {{16720764928 0} {&lt;nil&gt;}  BinarySI},pods: {{80 0} {&lt;nil&gt;} 80 DecimalSI},},Phase:,Conditions:[{OutOfDisk False 2018-09-19 08:02:44 +0000 UTC 2018-09-17 07:05:24 +0000 UTC KubeletHasSufficientDisk kubelet has sufficient disk space available} {MemoryPressure False 2018-09-19 08:02:44 +0000 UTC 2018-09-17 07:05:24 +0000 UTC KubeletHasSufficientMemory kubelet has sufficient memory available} {DiskPressure False 2018-09-19 08:02:44 +0000 UTC 2018-09-17 07:05:24 +0000 UTC KubeletHasNoDiskPressure kubelet has no disk pressure} {PIDPressure False 2018-09-19 08:02:44 +0000 UTC 2018-09-17 07:05:24 +0000 UTC KubeletHasSufficientPID kubelet has sufficient PID available} {Ready True 2018-09-19 08:02:44 +0000 UTC 2018-09-17 07:06:04 +0000 UTC KubeletReady kubelet is posting ready status}],Addresses:[{InternalIP 10.46.6.172} {Hostname 10.46.6.172}],DaemonEndpoints:NodeDaemonEndpoints{KubeletEndpoint:DaemonEndpoint{Port:10250,},},NodeInfo:NodeSystemInfo{MachineID:52ca0d2c3fb341c79b059a96d10571a6,SystemUUID:3D48E3C5-99D8-4CA3-9AB5-A8540613166F,BootID:d81d494e-264a-48ce-a4f2-76b16f6ece1f,KernelVersion:3.10.0-862.9.1.el7.x86_64,OSImage:Red Hat Enterprise Linux,ContainerRuntimeVersion:docker://18.3.1,KubeletVersion:v1.11.1+icp-ee,KubeProxyVersion:v1.11.1+icp-ee,OperatingSystem:linux,Architecture:amd64,},Images:[{[lzj.icp:8500/ibmcom/statsd-amd64@sha256:5ee11bc24bced45a77d9d630348680f319c09d9d3b2230b04518d1e2a5263ae2 lzj.icp:8500/ibmcom/statsd@sha256:af7a9d0c4f029d0247da41f67c7e87f3655175962b79a189a6a9ace0ff841049 lzj.icp:8500/ibmcom/statsd-amd64:0.7.2.1 lzj.icp:8500/ibmcom/statsd:0.7.2.1] 1234731808} {[lzj.icp:8500/ibmcom/kafka-amd64@sha256:0d6d348ccd7aa2854d60791331280e58db92029a522c8bfb3eb40c7c0913ca8f lzj.icp:8500/ibmcom/kafka@sha256:f0b4a833c3da439cadb783bb9cb578f96b1328557b8402a98f01c5c21497d93a lzj.icp:8500/ibmcom/kafka-amd64:0.10.0.2 lzj.icp:8500/ibmcom/kafka:0.10.0.2] 1114805679} {[lzj.icp:8500/ibmcom/iam-token-service-amd64@sha256:9211161e5b5b9d892a99b46fad4429333ceb7143b4039419df7ea0efa36381a9 lzj.icp:8500/ibmcom/iam-token-service@sha256:1b9308e68de93b43e9a85c0e005d80d423e88db7d88ee7114a80b2fade7a78ed lzj.icp:8500/ibmcom/iam-token-service-amd64:3.1.0 lzj.icp:8500/ibmcom/iam-token-service:3.1.0] 1051060152} {[lzj.icp:8500/ibmcom/icp-platform-auth-amd64@sha256:abc258009b8696a83214b7a9d9df63f6d83e19cfca2987c4836b0eadfa4c99c7 lzj.icp:8500/ibmcom/icp-platform-auth@sha256:c544b90a099b6c29ba4ee7f2ad4dded1277c948a0826b38ebe3250cdc7d1529c lzj.icp:8500/ibmcom/icp-platform-auth-amd64:3.1.0 lzj.icp:8500/ibmcom/icp-platform-auth:3.1.0] 1028283742} {[lzj.icp:8500/ibmcom/reg-crawler-amd64@sha256:9e5d4ebbac3dd6cbf9f892b5bd634f89fae3d4b2e6a23debd3ecd322e3eb817e lzj.icp:8500/ibmcom/reg-crawler@sha256:a9033d9cb2406d11c616fdfedc9bc56bc4ef970bd0a7b02899b3e5c1b353799b lzj.icp:8500/ibmcom/reg-crawler-amd64:1.3.1 lzj.icp:8500/ibmcom/reg-crawler:1.3.1] 1007817363} {[lzj.icp:8500/ibmcom/live-crawler-amd64@sha256:37a79ec87bd3c8b9af25cf1e25f4f14281ffb9f5ebeaf61c0b7c8a5799baf782 lzj.icp:8500/ibmcom/live-crawler@sha256:1a648615e7b439f093697f65350262823e6c711c4b21ea81596ced1c28a48133 lzj.icp:8500/ibmcom/live-crawler-amd64:1.3.1 lzj.icp:8500/ibmcom/live-crawler:1.3.1] 987515538} {[lzj.icp:8500/ibmcom/cos-indexer-amd64@sha256:adf28ff960ebdcbfcfa5e4522b81aa3565338f8d640dad611a1c3f0d3894393b lzj.icp:8500/ibmcom/cos-indexer@sha256:bb31dc8ef37e8482b2b9dedc0e54f46f7d3c678b22a3130eca9dde80fed65df1 lzj.icp:8500/ibmcom/cos-indexer-amd64:1.3.1 lzj.icp:8500/ibmcom/cos-indexer:1.3.1] 846578165} {[lzj.icp:8500/ibmcom/secure-config-annotator-amd64@sha256:26e845c6a252e0c5ae73e764645993b3270e289d1a2e9784b06ddd7898ca45d9 lzj.icp:8500/ibmcom/secure-config-annotator@sha256:cfaadd13c4ef4bdc937d296faff78e98473be8c9c6ae6b4a38927c952948914f lzj.icp:8500/ibmcom/secure-config-annotator-amd64:1.3.1 lzj.icp:8500/ibmcom/secure-config-annotator:1.3.1] 835555196} {[lzj.icp:8500/ibmcom/hyperkube-amd64@sha256:9eaadf7c2a417ee2a9a219e2eadf21884742199a484be2ca737f0e8a178d490a lzj.icp:8500/ibmcom/hyperkube@sha256:9fbddbf2d04354912c8a981395493d250474cb9fa587fa91119e69467078b180 lzj.icp:8500/ibmcom/hyperkube-amd64:v1.11.1-ee lzj.icp:8500/ibmcom/hyperkube:v1.11.1-ee] 782626408} {[lzj.icp:8500/ibmcom/compliance-annotator-amd64@sha256:5d8bbbef3a7dc54ba9addb256d2aa8a3f7d5c27a454ff4b7ee583b217dac2ce4 lzj.icp:8500/ibmcom/compliance-annotator@sha256:be00ccb777b1e90601cc563112e32ae831b0fb7d4933f1aa3c49379cabe41c3f lzj.icp:8500/ibmcom/compliance-annotator-amd64:1.3.1 lzj.icp:8500/ibmcom/compliance-annotator:1.3.1] 773932738} {[lzj.icp:8500/ibmcom/icp-logstash-amd64@sha256:02a683ee6ad9eeed7ea8ebb1de713aaf902a9e20a39ccc0294ee1f947f1bbd73 lzj.icp:8500/ibmcom/icp-logstash@sha256:a182a00827aefe7f5f95b18fa1ec8f6897989290b37f3d98bd6440ddda796433 lzj.icp:8500/ibmcom/icp-logstash-amd64:5.5.1 lzj.icp:8500/ibmcom/icp-logstash:5.5.1] 764906887} {[lzj.icp:8500/ibmcom/process-ma-hf-amd64@sha256:ef0d164350d07600f8037082db7d98cf81b9c554d8a60692ae90b8d0239a8cdc lzj.icp:8500/ibmcom/process-ma-hf@sha256:114b48d67e46f6ad3624dfa99baab8f9c62fb5ba88d210d0f42e106eda4e0ee8 lzj.icp:8500/ibmcom/process-ma-hf-amd64:1.3.1 lzj.icp:8500/ibmcom/process-ma-hf:1.3.1] 758635128} {[lzj.icp:8500/ibmcom/vulnerability-annotator-amd64@sha256:febedf85b65e0d1800e67249274d474d4ce67e8041e81487f76bce727cb39bd4 lzj.icp:8500/ibmcom/vulnerability-annotator@sha256:2ca368468e5d1c7ed82b3947b8d8904da34969bd72e67b382bfd0579fe3f148d lzj.icp:8500/ibmcom/vulnerability-annotator-amd64:1.3.1 lzj.icp:8500/ibmcom/vulnerability-annotator:1.3.1] 757013017} {[lzj.icp:8500/ibmcom/py-generic-indexer-amd64@sha256:45cb17e23e15f4dfe44471309af12f0655aad5f8e859c718f393290f220b02b2 lzj.icp:8500/ibmcom/py-generic-indexer@sha256:63a28bc72b6588e508ad23b569a228d6219e2d6fdddb2b1b073e1d2c70ec7641 lzj.icp:8500/ibmcom/py-generic-indexer-amd64:1.3.1 lzj.icp:8500/ibmcom/py-generic-indexer:1.3.1] 755588945} {[lzj.icp:8500/ibmcom/icp-inception-amd64@sha256:1dad180d14ae732d17ca5cf41b87dbb316c072323f186d60a08a753f904eb5b2 lzj.icp:8500/ibmcom/icp-inception@sha256:d395315f0fde94a5cacd9945cd7932b4eda45fe404a6b9d55a8ec8ebeed2a0a8 lzj.icp:8500/ibmcom/icp-inception-amd64:3.1.0-ee lzj.icp:8500/ibmcom/icp-inception:3.1.0-ee] 744155119} {[lzj.icp:8500/ibmcom/config-parser-amd64@sha256:7d721e0b5a827921ac16fa9e7570db225211e6dd700cdeaba1d28ba02ff8ef6d lzj.icp:8500/ibmcom/config-parser@sha256:2b7d6f1ea57d6e4d9caaca5d0e2bb35d2e6db316e2f18ef9a51b5bfa48119f69 lzj.icp:8500/ibmcom/config-parser-amd64:1.3.1 lzj.icp:8500/ibmcom/config-parser:1.3.1] 739243486} {[lzj.icp:8500/ibmcom/iam-policy-administration-amd64@sha256:e1941aa09a5b692505cb3be3e497d3ff9acb900786b9a2c8c4c00d0243b37dd0 lzj.icp:8500/ibmcom/iam-policy-administration@sha256:ab0d5c50f5e5fc9a537e97183ed694e34d57fa00121bc08bedb261b80e29b9a4 lzj.icp:8500/ibmcom/iam-policy-administration-amd64:3.1.0 lzj.icp:8500/ibmcom/iam-policy-administration:3.1.0] 711947327} {[lzj.icp:8500/ibmcom/password-annotator-amd64@sha256:bca1b6b222d8ea8ade174a8cc1a549f161d75d3e9d69881f08a1fb316a8e27d3 lzj.icp:8500/ibmcom/password-annotator@sha256:5c7e8db45db52a6bca7d76ae8c2ff74eb43644f7959d66ddc67454bcbca765ec lzj.icp:8500/ibmcom/password-annotator-amd64:1.3.1 lzj.icp:8500/ibmcom/password-annotator:1.3.1] 707627907} {[lzj.icp:8500/ibmcom/notification-dispatcher-amd64@sha256:ec8dfbc351a0d758488f9f8bfa17c3182a5c02819a6ebf7144ab914a2233cf57 lzj.icp:8500/ibmcom/notification-dispatcher@sha256:6d7e6b836f0cfeb5fb18cd29fdd8315fb44013f8d21830b9c5ab60b605c5e3c5 lzj.icp:8500/ibmcom/notification-dispatcher-amd64:1.3.1 lzj.icp:8500/ibmcom/notification-dispatcher:1.3.1] 707588442} {[lzj.icp:8500/ibmcom/sas-base-amd64@sha256:9651b1149c62d5a0968aaeffe71f2da68cd7e07ff8d7ea67538278c00ab08457 lzj.icp:8500/ibmcom/sas-base@sha256:56bb0790e5f06276b7435c731687f733901fedc80af299dc8a8eaf72d7365560 lzj.icp:8500/ibmcom/sas-base-amd64:1.3.1 lzj.icp:8500/ibmcom/sas-base:1.3.1] 653746081} {[lzj.icp:8500/ibmcom/ma-file-annotator-amd64@sha256:8caa6280fd845fd524ad874a6b243510ebf085d58c989229020fcfc743492632 lzj.icp:8500/ibmcom/ma-file-annotator@sha256:cd8dc2a26e2a84bf7d8ba982c6a21c034239de5e2dc12767d3f60985e495d957 lzj.icp:8500/ibmcom/ma-file-annotator-amd64:1.3.1 lzj.icp:8500/ibmcom/ma-file-annotator:1.3.1] 653745236} {[lzj.icp:8500/ibmcom/icp-kibana-amd64@sha256:8b69887ac5297e1d2e68b9c2ce885b9a888f6c278ca1538acb0f03206b48502a lzj.icp:8500/ibmcom/icp-kibana@sha256:6e2746da64a64f98c5761b87d5e185a9c2ac75c9c4e767ab284062b1847b7571 lzj.icp:8500/ibmcom/icp-kibana-amd64:5.5.1 lzj.icp:8500/ibmcom/icp-kibana:5.5.1] 639622018} {[lzj.icp:8500/ibmcom/icp-platform-api-amd64@sha256:1fc47925c2611aef12631b3f3806308f55a298074aebc561fd04cf8a7691c669 lzj.icp:8500/ibmcom/icp-platform-api@sha256:6b5585999f45fa6dc7a6a1d8bcb4d544c96a3e1fd3bd9f133ebed2e356985a0e lzj.icp:8500/ibmcom/icp-platform-api-amd64:3.1.0 lzj.icp:8500/ibmcom/icp-platform-api:3.1.0] 612589125} {[lzj.icp:8500/ibmcom/iam-policy-decision-amd64@sha256:d49eb3845c57bb8370a477949d92da10a178b81ade50f0e9d970981fadd6686d lzj.icp:8500/ibmcom/iam-policy-decision@sha256:ecd9f36e17e57c6be41e744abc17baacddd28178485d29cb112ffc5e558d2c09 lzj.icp:8500/ibmcom/iam-policy-decision-amd64:3.1.0 lzj.icp:8500/ibmcom/iam-policy-decision:3.1.0] 559718344} {[lzj.icp:8500/ibmcom/rootkit-annotator-amd64@sha256:caf6c24136b8785d901f346a640d673b55fe105c3617cfcb432ee2006f5b1cf4 lzj.icp:8500/ibmcom/rootkit-annotator@sha256:9aabe418ab5c5b3ce86dcfad5dc63a14124bf56227a7decb6656382f2cf9606e lzj.icp:8500/ibmcom/rootkit-annotator-amd64:1.3.1 lzj.icp:8500/ibmcom/rootkit-annotator:1.3.1] 549434506} {[lzj.icp:8500/ibmcom/icp-elasticsearch-amd64@sha256:0063a7a931ca4e52d8f7a51f2bdb010345f4373b5b904b52e5c8a48ec0c1fde7 lzj.icp:8500/ibmcom/icp-elasticsearch@sha256:b410aacb6005fe24bfd87b045ea26fde3d6eb3ca52c3f0e4560cdc208944ba50 lzj.icp:8500/ibmcom/icp-elasticsearch-amd64:5.5.1 lzj.icp:8500/ibmcom/icp-elasticsearch:5.5.1] 520121248} {[lzj.icp:8500/ibmcom/logging-pki-init-amd64@sha256:cc4bfa085e1ae99120ee526acd3e62d205e10de6f1c773c521fc5b933914f6a8 lzj.icp:8500/ibmcom/logging-pki-init@sha256:21aa9cbd05a849b4891b15cf636f73545f6001f16c82f8eeed2e90b4f9312377 lzj.icp:8500/ibmcom/logging-pki-init-amd64:2.0.0 lzj.icp:8500/ibmcom/logging-pki-init:2.0.0] 501921135} {[lzj.icp:8500/ibmcom/searchguard-init-amd64@sha256:d19ce1d27f406945d4ed78b0f07007998c2ab3889086e502924847c2186db546 lzj.icp:8500/ibmcom/searchguard-init@sha256:3d0d8a8404a9df5ad238bce1e0542cdda609cc445dfc3964952243d9fc103276 lzj.icp:8500/ibmcom/searchguard-init-amd64:2.0.0 lzj.icp:8500/ibmcom/searchguard-init:2.0.0] 457030441} {[lzj.icp:8500/ibmcom/metering-ui-amd64@sha256:3628a8fe41183c08ea0b02e2e798e3649e4aebe2c2405c34572b9eb7c7c4d9a8 lzj.icp:8500/ibmcom/metering-ui@sha256:d6453f9afecc9b1fc778c195e20bbb39d4ef6262af2f7a9a5ce3cddc259fec99 lzj.icp:8500/ibmcom/metering-ui-amd64:3.1.0 lzj.icp:8500/ibmcom/metering-ui:3.1.0] 385577105} {[lzj.icp:8500/ibmcom/heketi-amd64@sha256:c5b579a4f219c87990f861eb61de86cb9cfb51b6d230b8c299df7d9fd3d02d0e lzj.icp:8500/ibmcom/heketi@sha256:eb6875247a56829a20d0949f034b08a0e682201ab1d88d3cba71972932c254f5 lzj.icp:8500/ibmcom/heketi-amd64:v7.0.0 lzj.icp:8500/ibmcom/heketi:v7.0.0] 384720377} {[lzj.icp:8500/ibmcom/icp-mongodb-amd64@sha256:a305ae8bc309898d86bf60aee968846db3602f77b25924640d5f08a2389ee99d lzj.icp:8500/ibmcom/icp-mongodb@sha256:fe8b55caf7bb855fd4e244450af5195f2243b766c6934d464128bf982b29b345 lzj.icp:8500/ibmcom/icp-mongodb-amd64:3.1.0 lzj.icp:8500/ibmcom/icp-mongodb:3.1.0] 379353410} {[lzj.icp:8500/ibmcom/icp-catalog-ui-amd64@sha256:33993b4eab189e3c78fe27799017da770d47523cf6831460741008bf91297d6d lzj.icp:8500/ibmcom/icp-catalog-ui@sha256:049f3c4946a0ad2c10507e5e42a464448e858fb3ae606cfd84825d340adb1125 lzj.icp:8500/ibmcom/icp-catalog-ui-amd64:3.1.0 lzj.icp:8500/ibmcom/icp-catalog-ui:3.1.0] 363781304} {[lzj.icp:8500/ibmcom/nginx-ingress-controller-amd64@sha256:63b48dd3ba635aa65409f7d6a319e293697810c1b9e885e6255bebf36a2506ab lzj.icp:8500/ibmcom/nginx-ingress-controller@sha256:f68b2ce26292e02ef3dbc6cfae17cec3d54b9afee9bf5298bf95d005c0783143 lzj.icp:8500/ibmcom/nginx-ingress-controller-amd64:0.16.2 lzj.icp:8500/ibmcom/nginx-ingress-controller:0.16.2] 361632894} {[lzj.icp:8500/ibmcom/mariadb-amd64@sha256:1f9876179c32fcf463804f75cbf2fb031106edf2be9d5dbf6705375ca53930bb lzj.icp:8500/ibmcom/mariadb@sha256:2272622e7f6786220d7ee2b482a3050bd34c3e1ecdc99af6175a146610222763 lzj.icp:8500/ibmcom/mariadb-amd64:10.2.17 lzj.icp:8500/ibmcom/mariadb:10.2.17] 358991946} {[lzj.icp:8500/ibmcom/k8szk-amd64@sha256:a9ee22a4df14654552a02303e4560623244683692fd298dd2fb71e9dd66219f3 lzj.icp:8500/ibmcom/k8szk@sha256:20cfeb163fb828c3c3a7c0baf2883e90c72c8d97d20116253903e82aa2be801f lzj.icp:8500/ibmcom/k8szk-amd64:v3 lzj.icp:8500/ibmcom/k8szk:v3] 331472973} {[lzj.icp:8500/ibmcom/gluster-amd64@sha256:647caedb536eb7b8c5c8b0a2b69e52d2a34be9e6c9c7b9c1b21d14fcfa261886 lzj.icp:8500/ibmcom/gluster@sha256:eeabf9b160370078d12a4c2b84f1a9772fe10c64446f0c2251eb53b8b5277baa lzj.icp:8500/ibmcom/gluster-amd64:v4.0.2 lzj.icp:8500/ibmcom/gluster:v4.0.2] 324265531} {[lzj.icp:8500/ibmcom/istio-grafana-amd64@sha256:381a2dd3a5addbc5d43920bc19bb15ba6dbd422e4a9d91163108e72c5a63234c lzj.icp:8500/ibmcom/istio-grafana@sha256:f4fdaf4a51b946f6d4fb9aa82cdbfef53c8e0b7b2223078f9d7f62bb28d3259b lzj.icp:8500/ibmcom/istio-grafana-amd64:1.0.0.1 lzj.icp:8500/ibmcom/istio-grafana:1.0.0.1] 324187770} {[lzj.icp:8500/ibmcom/icp-filebeat-amd64@sha256:03af9b78dad6c2ba857975d10c81e781460796dff1ff1163ea4596f4aa10601d lzj.icp:8500/ibmcom/icp-filebeat@sha256:72669dde64d7ab85bbb9e93428efe548b2693a4eae5168a4705f6e30cd20e584 lzj.icp:8500/ibmcom/icp-filebeat-amd64:5.5.1 lzj.icp:8500/ibmcom/icp-filebeat:5.5.1] 317104874} {[lzj.icp:8500/ibmcom/istio-proxyv2-amd64@sha256:cd77e75fa85ce74914e1b7b0bef980ece8a62ef0d776c9ef51a0d7d30b4b64a0 lzj.icp:8500/ibmcom/istio-proxyv2@sha256:9c94d736c8cbb41e2c5b0b672530eee0df6cbb628d57f4ddaec9f4ff4f49ce35 lzj.icp:8500/ibmcom/istio-proxyv2-amd64:1.0.0.1 lzj.icp:8500/ibmcom/istio-proxyv2:1.0.0.1] 311276139} {[lzj.icp:8500/ibmcom/istio-pilot-amd64@sha256:63352073a964037fd37f6150228231d2e5eca7e0c2920405d6269326d3c54263 lzj.icp:8500/ibmcom/istio-pilot@sha256:ad129a4be7b6d1536c384efd03fb570b973b9c77a56a48e6b9cfe192a76c111e lzj.icp:8500/ibmcom/istio-pilot-amd64:1.0.0.1 lzj.icp:8500/ibmcom/istio-pilot:1.0.0.1] 309502004} {[lzj.icp:8500/ibmcom/fluentd-amd64@sha256:384a99b8d941c93f96ee5b5cbae5b70500219a3f71c73cf4eddd20d9d693e3b3 lzj.icp:8500/ibmcom/fluentd@sha256:f85a5ffd86438f1a73d04caf6e33ef3474675d9fa0947431f4d0a9602fc981af lzj.icp:8500/ibmcom/fluentd-amd64:v1.2.2-icp lzj.icp:8500/ibmcom/fluentd:v1.2.2-icp] 270902701} {[lzj.icp:8500/ibmcom/icp-identity-manager-amd64@sha256:632f31acd0fcfc3d0cebea31cfb71018f6712bd1a1b4da7476942b3c23aa3521 lzj.icp:8500/ibmcom/icp-identity-manager@sha256:993462e02a42c15b03722d935809476c8e10e6e0b3a2669eb528081e92a49859 lzj.icp:8500/ibmcom/icp-identity-manager-amd64:3.1.0 lzj.icp:8500/ibmcom/icp-identity-manager:3.1.0] 268667523} {[lzj.icp:8500/ibmcom/elasticsearch-plugin-searchguard-amd64@sha256:28f88d06bbbc073162702064c1be4ad06272e9021cbc0f929ba8c6da2ca25ae6 lzj.icp:8500/ibmcom/elasticsearch-plugin-searchguard@sha256:f47116021e3eec7b2fed9f6ed8bd77fd890457e5a1546dda7f863c032d4395b1 lzj.icp:8500/ibmcom/elasticsearch-plugin-searchguard-amd64:2.0.0 lzj.icp:8500/ibmcom/elasticsearch-plugin-searchguard:2.0.0] 267864279} {[lzj.icp:8500/ibmcom/kiali-amd64@sha256:bec63b454cf2e597c61f6a9943144050e5e6fc7a4f6474bc3bb6b627ba20c71c lzj.icp:8500/ibmcom/kiali@sha256:71a50e9885495157454657bc93842a7310e96e822a4117ad751ad81af83fde5e lzj.icp:8500/ibmcom/kiali-amd64:istio-release-1.0.0.1 lzj.icp:8500/ibmcom/kiali:istio-release-1.0.0.1] 265771300} {[lzj.icp:8500/ibmcom/calico-node-amd64@sha256:9871f4dde9eab9fd804b12f3114da36505ff5c220e2323b7434eec24e3b23ac5 lzj.icp:8500/ibmcom/calico-node@sha256:85a23d8030137d49663d3d82844a61998331606de9fc523dfdd0a75be7fb9828 lzj.icp:8500/ibmcom/calico-node-amd64:v3.1.3 lzj.icp:8500/ibmcom/calico-node:v3.1.3] 248202699} {[lzj.icp:8500/ibmcom/grafana-amd64@sha256:dc3566257a0c716caedfb33127d8ee385290c1dda006bebfb75c376d56b30c88 lzj.icp:8500/ibmcom/grafana@sha256:5d2739d3ec5c7f6ea66d69caa918b764660b99a3d37cb1f4123f1a9623ce8e38 lzj.icp:8500/ibmcom/grafana-amd64:5.2.0 lzj.icp:8500/ibmcom/grafana:5.2.0] 245297582} {[lzj.icp:8500/ibmcom/indices-cleaner-amd64@sha256:e6c6453d54012488e9ebfaa9e4d829f567d8e66b24c1613e6d88ca192ed5e85b lzj.icp:8500/ibmcom/indices-cleaner@sha256:31dac3be1246f17dddade06b517c073244ce56d85bc54135fdaf010dbb0bca10 lzj.icp:8500/ibmcom/indices-cleaner-amd64:1.0.0 lzj.icp:8500/ibmcom/indices-cleaner:1.0.0] 238131553} {[lzj.icp:8500/ibmcom/icp-identity-provider-amd64@sha256:24dba8b07c8295eef99abbf8d83041908516e4e50e4e4cfbbbcd53bdf415dda1 lzj.icp:8500/ibmcom/icp-identity-provider@sha256:b5bf63419b53ba550cad7a1b835d0d0eaae1fde8851c7936f8deb603fef673a6 lzj.icp:8500/ibmcom/icp-identity-provider-amd64:3.1.0 lzj.icp:8500/ibmcom/icp-identity-provider:3.1.0] 224286517} {[lzj.icp:8500/ibmcom/curl-amd64@sha256:aad05b4e4529f7e70516d8d3028cae6cd1d50de738ce164f2a532ce2470ac43f lzj.icp:8500/ibmcom/curl@sha256:adf92a267e351914d041a56d64ebe80331c45f8e20ab23b7ada67bea78da9996 lzj.icp:8500/ibmcom/curl-amd64:4.0.0 lzj.icp:8500/ibmcom/curl:4.0.0] 221192597} {[lzj.icp:8500/ibmcom/icp-audit-service-amd64@sha256:9add202c06a43da647380c860d9139fa059701fe103c1f229281215bf99dbbd3 lzj.icp:8500/ibmcom/icp-audit-service@sha256:7c3d710c31f6f5ae0227edc1599bdf64bc82e4fcd2b3aa8f197148240d2ab01c lzj.icp:8500/ibmcom/icp-audit-service-amd64:3.1.0 lzj.icp:8500/ibmcom/icp-audit-service:3.1.0] 215897363}],VolumesInUse:[],VolumesAttached:[],Config:&amp;NodeConfigStatus{Assigned:nil,Active:nil,LastKnownGood:nil,Error:,},},}&#xA;Sep 19 08:02:48.752: INFO: &#xA;Logging kubelet events for node 10.46.6.172&#xA;Sep 19 08:02:48.756: INFO: &#xA;Logging pods the kubelet thinks is on node 10.46.6.172&#xA;Sep 19 08:02:48.781: INFO: audit-logging-fluentd-ds-8bh4t started at 2018-09-17 07:18:46 +0000 UTC (0+1 container statuses recorded)&#xA;Sep 19 08:02:48.781: INFO: &#x9;Container fluentd ready: true, restart count 0&#xA;Sep 19 08:02:48.781: INFO: vulnerability-advisor-live-crawler-84st2 started at 2018-09-17 07:19:03 +0000 UTC (0+1 container statuses recorded)&#xA;Sep 19 08:02:48.781: INFO: &#x9;Container live-crawler ready: true, restart count 0&#xA;Sep 19 08:02:48.781: INFO: vulnerability-advisor-process-ma-annotator-58f47d5b5f-xbxrc started at 2018-09-17 07:19:06 +0000 UTC (0+2 container statuses recorded)&#xA;Sep 19 08:02:48.781: INFO: &#x9;Container icp-audit-service ready: true, restart count 0&#xA;Sep 19 08:02:48.781: INFO: &#x9;Container process-ma-annotator ready: true, restart count 2&#xA;Sep 19 08:02:48.781: INFO: vulnerability-advisor-compliance-indexer-7cbdc64b57-47lmd started at 2018-09-17 07:19:07 +0000 UTC (0+1 container statuses recorded)&#xA;Sep 19 08:02:48.781: INFO: &#x9;Container py-compliance-indexer ready: true, restart count 0&#xA;Sep 19 08:02:48.781: INFO: vulnerability-advisor-minio-cleaner-1537228740-55f4w started at 2018-09-17 23:59:03 +0000 UTC (0+1 container statuses recorded)&#xA;Sep 19 08:02:48.781: INFO: &#x9;Container cleaner ready: false, restart count 0&#xA;Sep 19 08:02:48.781: INFO: vulnerability-advisor-process-ma-annotator-58f47d5b5f-4wglg started at 2018-09-17 07:19:06 +0000 UTC (0+2 container statuses recorded)&#xA;Sep 19 08:02:48.781: INFO: &#x9;Container icp-audit-service ready: true, restart count 0&#xA;Sep 19 08:02:48.781: INFO: &#x9;Container process-ma-annotator ready: true, restart count 1&#xA;Sep 19 08:02:48.782: INFO: vulnerability-advisor-rootkit-indexer-cd8b4646b-xlhwq started at 2018-09-17 07:19:07 +0000 UTC (0+1 container statuses recorded)&#xA;Sep 19 08:02:48.782: INFO: &#x9;Container py-rootkit-indexer ready: true, restart count 0&#xA;Sep 19 08:02:48.782: INFO: vulnerability-advisor-secconfig-indexer-674647df7c-qq5ff started at 2018-09-17 07:19:07 +0000 UTC (0+1 container statuses recorded)&#xA;Sep 19 08:02:48.782: INFO: &#x9;Container py-secconfig-indexer ready: true, restart count 0&#xA;Sep 19 08:02:48.782: INFO: k8s-proxy-10.46.6.172 started at &lt;nil&gt; (0+0 container statuses recorded)&#xA;Sep 19 08:02:48.782: INFO: vulnerability-advisor-process-ma-crawler-24z6k started at 2018-09-17 07:19:03 +0000 UTC (0+1 container statuses recorded)&#xA;Sep 19 08:02:48.782: INFO: &#x9;Container process-ma-crawler ready: true, restart count 0&#xA;Sep 19 08:02:48.782: INFO: vulnerability-advisor-config-parser-5d44b78fd5-z4k9t started at 2018-09-17 07:19:04 +0000 UTC (0+1 container statuses recorded)&#xA;Sep 19 08:02:48.782: INFO: &#x9;Container config-parser ready: true, restart count 4&#xA;Sep 19 08:02:48.782: INFO: vulnerability-advisor-notification-dispatcher-86f8bf4b4d-cfdzb started at 2018-09-17 07:19:04 +0000 UTC (0+1 container statuses recorded)&#xA;Sep 19 08:02:48.782: INFO: &#x9;Container notification-dispatcher ready: true, restart count 3&#xA;Sep 19 08:02:48.782: INFO: vulnerability-advisor-process-ma-annotator-init-869545d547nn27w started at 2018-09-17 07:19:06 +0000 UTC (0+1 container statuses recorded)&#xA;Sep 19 08:02:48.782: INFO: &#x9;Container process-ma-annotator ready: true, restart count 0&#xA;Sep 19 08:02:48.782: INFO: vulnerability-advisor-registry-crawler-6f9568677b-bfpm6 started at 2018-09-17 07:19:08 +0000 UTC (0+1 container statuses recorded)&#xA;Sep 19 08:02:48.782: INFO: &#x9;Container reg-crawler ready: true, restart count 0&#xA;Sep 19 08:02:48.782: INFO: vulnerability-advisor-minio-cleaner-1537315140-nqk7v started at 2018-09-18 23:59:04 +0000 UTC (0+1 container statuses recorded)&#xA;Sep 19 08:02:48.782: INFO: &#x9;Container cleaner ready: false, restart count 0&#xA;Sep 19 08:02:48.782: INFO: vulnerability-advisor-ma-file-annotator-6b95df8886-jtczz started at 2018-09-17 07:19:04 +0000 UTC (0+2 container statuses recorded)&#xA;Sep 19 08:02:48.782: INFO: &#x9;Container icp-audit-service ready: true, restart count 0&#xA;Sep 19 08:02:48.782: INFO: &#x9;Container vulnerability-advisor-ma-file-annotator ready: true, restart count 1&#xA;Sep 19 08:02:48.782: INFO: vulnerability-advisor-sas-apiserver-5fd8d44bc9-7bvkn started at 2018-09-17 07:19:09 +0000 UTC (0+3 container statuses recorded)&#xA;Sep 19 08:02:48.782: INFO: &#x9;Container icp-audit-service ready: true, restart count 0&#xA;Sep 19 08:02:48.782: INFO: &#x9;Container sas-api-server ready: true, restart count 0&#xA;Sep 19 08:02:48.782: INFO: &#x9;Container sas-proxy-server ready: true, restart count 0&#xA;Sep 19 08:02:48.782: INFO: vulnerability-advisor-zookeeper-0 started at 2018-09-17 07:19:15 +0000 UTC (0+1 container statuses recorded)&#xA;Sep 19 08:02:48.782: INFO: &#x9;Container zookeeper-server ready: true, restart count 0&#xA;Sep 19 08:02:48.782: INFO: vulnerability-advisor-compliance-annotator-d5659b9d9-kmn8q started at 2018-09-17 07:19:03 +0000 UTC (0+1 container statuses recorded)&#xA;Sep 19 08:02:48.782: INFO: &#x9;Container compliance-annotator ready: true, restart count 4&#xA;Sep 19 08:02:48.782: INFO: vulnerability-advisor-rootkit-annotator-74cb65b5cf-2dk5j started at 2018-09-17 07:19:08 +0000 UTC (0+1 container statuses recorded)&#xA;Sep 19 08:02:48.782: INFO: &#x9;Container rootkit-annotator ready: true, restart count 3&#xA;Sep 19 08:02:48.782: INFO: vulnerability-advisor-sas-mgmt-64fb95bc44-j9vjc started at 2018-09-17 07:19:08 +0000 UTC (0+1 container statuses recorded)&#xA;Sep 19 08:02:48.782: INFO: &#x9;Container sas-mgmt-server ready: true, restart count 0&#xA;Sep 19 08:02:48.782: INFO: monitoring-prometheus-nodeexporter-v4l7d started at 2018-09-17 07:15:44 +0000 UTC (0+2 container statuses recorded)&#xA;Sep 19 08:02:48.782: INFO: &#x9;Container nodeexporter ready: true, restart count 0&#xA;Sep 19 08:02:48.782: INFO: &#x9;Container router ready: true, restart count 0&#xA;Sep 19 08:02:48.782: INFO: vulnerability-advisor-vulnerability-indexer-7c79b4c964-2n8cg started at 2018-09-17 07:19:07 +0000 UTC (0+1 container statuses recorded)&#xA;Sep 19 08:02:48.782: INFO: &#x9;Container py-vulnerability-indexer ready: true, restart count 0&#xA;Sep 19 08:02:48.782: INFO: vulnerability-advisor-secconfig-annotator-7dbcf5d9f4-fkmkb started at 2018-09-17 07:19:10 +0000 UTC (0+1 container statuses recorded)&#xA;Sep 19 08:02:48.782: INFO: &#x9;Container secconfig-annotator ready: true, restart count 0&#xA;Sep 19 08:02:48.782: INFO: vulnerability-advisor-statsd-7746859df4-jjm6f started at 2018-09-17 07:19:10 +0000 UTC (0+1 container statuses recorded)&#xA;Sep 19 08:02:48.782: INFO: &#x9;Container statsd ready: true, restart count 0&#xA;Sep 19 08:02:48.782: INFO: vulnerability-advisor-usncrawler-8h976 started at 2018-09-17 07:19:11 +0000 UTC (0+1 container statuses recorded)&#xA;Sep 19 08:02:48.782: INFO: &#x9;Container usnloader-job ready: false, restart count 0&#xA;Sep 19 08:02:48.782: INFO: calico-node-wsknj started at 2018-09-17 07:05:53 +0000 UTC (0+2 container statuses recorded)&#xA;Sep 19 08:02:48.782: INFO: &#x9;Container calico-node ready: true, restart count 0&#xA;Sep 19 08:02:48.782: INFO: &#x9;Container install-cni ready: true, restart count 0&#xA;Sep 19 08:02:48.782: INFO: vulnerability-advisor-cos-indexer-57899b7dd6-7cpf8 started at 2018-09-17 07:19:04 +0000 UTC (0+1 container statuses recorded)&#xA;Sep 19 08:02:48.782: INFO: &#x9;Container cos-indexer ready: true, restart count 3&#xA;Sep 19 08:02:48.782: INFO: vulnerability-advisor-kafka-0 started at 2018-09-17 07:19:13 +0000 UTC (0+1 container statuses recorded)&#xA;Sep 19 08:02:48.782: INFO: &#x9;Container kafka-server ready: true, restart count 2&#xA;Sep 19 08:02:48.782: INFO: vulnerability-advisor-minio-0 started at 2018-09-17 07:19:16 +0000 UTC (1+1 container statuses recorded)&#xA;Sep 19 08:02:48.782: INFO: &#x9;Init container wait-kafka ready: true, restart count 1&#xA;Sep 19 08:02:48.782: INFO: &#x9;Container minio-server ready: true, restart count 0&#xA;Sep 19 08:02:48.782: INFO: nvidia-device-plugin-w9jr8 started at 2018-09-17 07:07:17 +0000 UTC (1+1 container statuses recorded)&#xA;Sep 19 08:02:48.782: INFO: &#x9;Init container nvidia-driver-collector ready: true, restart count 0&#xA;Sep 19 08:02:48.782: INFO: &#x9;Container nvidia-device-plugin ready: true, restart count 0&#xA;Sep 19 08:02:48.782: INFO: metering-reader-gsrdg started at 2018-09-17 07:14:11 +0000 UTC (1+1 container statuses recorded)&#xA;Sep 19 08:02:48.782: INFO: &#x9;Init container metering-reader-init ready: true, restart count 1&#xA;Sep 19 08:02:48.782: INFO: &#x9;Container metering-reader ready: true, restart count 0&#xA;Sep 19 08:02:48.782: INFO: logging-elk-filebeat-ds-vpk48 started at 2018-09-17 07:15:20 +0000 UTC (0+1 container statuses recorded)&#xA;Sep 19 08:02:48.782: INFO: &#x9;Container filebeat ready: true, restart count 0&#xA;Sep 19 08:02:48.782: INFO: vulnerability-advisor-password-annotator-79b5d794b5-wnwqn started at 2018-09-17 07:19:05 +0000 UTC (0+1 container statuses recorded)&#xA;Sep 19 08:02:48.782: INFO: &#x9;Container config-parser ready: true, restart count 3&#xA;Sep 19 08:02:48.782: INFO: vulnerability-advisor-vulnerability-annotator-bcbf5595f-hxwst started at 2018-09-17 07:19:10 +0000 UTC (0+1 container statuses recorded)&#xA;Sep 19 08:02:48.782: INFO: &#x9;Container va-annotator ready: true, restart count 3&#xA;Sep 19 08:02:48.848: INFO: &#xA;Latency metrics for node 10.46.6.172&#xA;Sep 19 08:02:48.848: INFO: &#xA;Logging node info for node 10.46.6.173&#xA;Sep 19 08:02:48.851: INFO: Node Info: &amp;Node{ObjectMeta:k8s_io_apimachinery_pkg_apis_meta_v1.ObjectMeta{Name:10.46.6.173,GenerateName:,Namespace:,SelfLink:/api/v1/nodes/10.46.6.173,UID:3dc7268b-ba44-11e8-b20e-fa163e707b2e,ResourceVersion:463074,Generation:0,CreationTimestamp:2018-09-17 06:38:09 +0000 UTC,DeletionTimestamp:&lt;nil&gt;,DeletionGracePeriodSeconds:nil,Labels:map[string]string{beta.kubernetes.io/arch: amd64,beta.kubernetes.io/os: linux,etcd: true,kubernetes.io/hostname: 10.46.6.173,master: true,node-role.kubernetes.io/etcd: true,node-role.kubernetes.io/master: true,node-role.kubernetes.io/proxy: true,proxy: true,role: master,},Annotations:map[string]string{node.alpha.kubernetes.io/ttl: 0,volumes.kubernetes.io/controller-managed-attach-detach: true,},OwnerReferences:[],Finalizers:[],ClusterName:,Initializers:nil,},Spec:NodeSpec{PodCIDR:,DoNotUse_ExternalID:,ProviderID:,Unschedulable:false,Taints:[{dedicated proxy NoSchedule &lt;nil&gt;}],ConfigSource:nil,},Status:NodeStatus{Capacity:ResourceList{cpu: {{32 0} {&lt;nil&gt;} 32 DecimalSI},ephemeral-storage: {{107362627584 0} {&lt;nil&gt;} 104846316Ki BinarySI},hugepages-1Gi: {{0 0} {&lt;nil&gt;} 0 DecimalSI},hugepages-2Mi: {{0 0} {&lt;nil&gt;} 0 DecimalSI},memory: {{135202160640 0} {&lt;nil&gt;}  BinarySI},pods: {{320 0} {&lt;nil&gt;} 320 DecimalSI},},Allocatable:ResourceList{cpu: {{32 0} {&lt;nil&gt;} 32 DecimalSI},ephemeral-storage: {{107257769984 0} {&lt;nil&gt;} 104743916Ki BinarySI},hugepages-1Gi: {{0 0} {&lt;nil&gt;} 0 DecimalSI},hugepages-2Mi: {{0 0} {&lt;nil&gt;} 0 DecimalSI},memory: {{135097303040 0} {&lt;nil&gt;}  BinarySI},pods: {{320 0} {&lt;nil&gt;} 320 DecimalSI},},Phase:,Conditions:[{OutOfDisk False 2018-09-19 08:02:43 +0000 UTC 2018-09-17 06:38:09 +0000 UTC KubeletHasSufficientDisk kubelet has sufficient disk space available} {MemoryPressure False 2018-09-19 08:02:43 +0000 UTC 2018-09-17 06:38:09 +0000 UTC KubeletHasSufficientMemory kubelet has sufficient memory available} {DiskPressure False 2018-09-19 08:02:43 +0000 UTC 2018-09-17 06:38:09 +0000 UTC KubeletHasNoDiskPressure kubelet has no disk pressure} {PIDPressure False 2018-09-19 08:02:43 +0000 UTC 2018-09-17 06:38:09 +0000 UTC KubeletHasSufficientPID kubelet has sufficient PID available} {Ready True 2018-09-19 08:02:43 +0000 UTC 2018-09-17 07:06:09 +0000 UTC KubeletReady kubelet is posting ready status}],Addresses:[{InternalIP 10.46.6.173} {Hostname 10.46.6.173}],DaemonEndpoints:NodeDaemonEndpoints{KubeletEndpoint:DaemonEndpoint{Port:10250,},},NodeInfo:NodeSystemInfo{MachineID:52ca0d2c3fb341c79b059a96d10571a6,SystemUUID:DA83D170-F88E-40EB-A0A3-2918CD5F6005,BootID:806b09ea-0a42-4719-bbaa-13e375c7b62f,KernelVersion:3.10.0-862.9.1.el7.x86_64,OSImage:Red Hat Enterprise Linux,ContainerRuntimeVersion:docker://18.3.1,KubeletVersion:v1.11.1+icp-ee,KubeProxyVersion:v1.11.1+icp-ee,OperatingSystem:linux,Architecture:amd64,},Images:[{[lzj.icp:8500/ibmcom/statsd-amd64@sha256:5ee11bc24bced45a77d9d630348680f319c09d9d3b2230b04518d1e2a5263ae2 lzj.icp:8500/ibmcom/statsd-amd64:0.7.2.1 lzj.icp:8500/ibmcom/statsd:0.7.2.1] 1234731808} {[lzj.icp:8500/ibmcom/kafka-amd64@sha256:0d6d348ccd7aa2854d60791331280e58db92029a522c8bfb3eb40c7c0913ca8f lzj.icp:8500/ibmcom/kafka-amd64:0.10.0.2 lzj.icp:8500/ibmcom/kafka:0.10.0.2] 1114805679} {[lzj.icp:8500/ibmcom/iam-token-service-amd64@sha256:9211161e5b5b9d892a99b46fad4429333ceb7143b4039419df7ea0efa36381a9 lzj.icp:8500/ibmcom/iam-token-service-amd64:3.1.0 lzj.icp:8500/ibmcom/iam-token-service:3.1.0] 1051060152} {[lzj.icp:8500/ibmcom/icp-platform-auth-amd64@sha256:abc258009b8696a83214b7a9d9df63f6d83e19cfca2987c4836b0eadfa4c99c7 lzj.icp:8500/ibmcom/icp-platform-auth-amd64:3.1.0 lzj.icp:8500/ibmcom/icp-platform-auth:3.1.0] 1028283742} {[lzj.icp:8500/ibmcom/reg-crawler-amd64@sha256:9e5d4ebbac3dd6cbf9f892b5bd634f89fae3d4b2e6a23debd3ecd322e3eb817e lzj.icp:8500/ibmcom/reg-crawler-amd64:1.3.1 lzj.icp:8500/ibmcom/reg-crawler:1.3.1] 1007817363} {[lzj.icp:8500/ibmcom/live-crawler-amd64@sha256:37a79ec87bd3c8b9af25cf1e25f4f14281ffb9f5ebeaf61c0b7c8a5799baf782 lzj.icp:8500/ibmcom/live-crawler-amd64:1.3.1 lzj.icp:8500/ibmcom/live-crawler:1.3.1] 987515538} {[lzj.icp:8500/ibmcom/cos-indexer-amd64@sha256:adf28ff960ebdcbfcfa5e4522b81aa3565338f8d640dad611a1c3f0d3894393b lzj.icp:8500/ibmcom/cos-indexer-amd64:1.3.1 lzj.icp:8500/ibmcom/cos-indexer:1.3.1] 846578165} {[lzj.icp:8500/ibmcom/secure-config-annotator-amd64@sha256:26e845c6a252e0c5ae73e764645993b3270e289d1a2e9784b06ddd7898ca45d9 lzj.icp:8500/ibmcom/secure-config-annotator-amd64:1.3.1 lzj.icp:8500/ibmcom/secure-config-annotator:1.3.1] 835555196} {[lzj.icp:8500/ibmcom/hyperkube-amd64@sha256:9eaadf7c2a417ee2a9a219e2eadf21884742199a484be2ca737f0e8a178d490a lzj.icp:8500/ibmcom/hyperkube-amd64:v1.11.1-ee lzj.icp:8500/ibmcom/hyperkube:v1.11.1-ee] 782626408} {[lzj.icp:8500/ibmcom/compliance-annotator-amd64@sha256:5d8bbbef3a7dc54ba9addb256d2aa8a3f7d5c27a454ff4b7ee583b217dac2ce4 lzj.icp:8500/ibmcom/compliance-annotator-amd64:1.3.1 lzj.icp:8500/ibmcom/compliance-annotator:1.3.1] 773932738} {[lzj.icp:8500/ibmcom/icp-logstash-amd64@sha256:02a683ee6ad9eeed7ea8ebb1de713aaf902a9e20a39ccc0294ee1f947f1bbd73 lzj.icp:8500/ibmcom/icp-logstash-amd64:5.5.1 lzj.icp:8500/ibmcom/icp-logstash:5.5.1] 764906887} {[lzj.icp:8500/ibmcom/process-ma-hf-amd64@sha256:ef0d164350d07600f8037082db7d98cf81b9c554d8a60692ae90b8d0239a8cdc lzj.icp:8500/ibmcom/process-ma-hf-amd64:1.3.1 lzj.icp:8500/ibmcom/process-ma-hf:1.3.1] 758635128} {[lzj.icp:8500/ibmcom/vulnerability-annotator-amd64@sha256:febedf85b65e0d1800e67249274d474d4ce67e8041e81487f76bce727cb39bd4 lzj.icp:8500/ibmcom/vulnerability-annotator-amd64:1.3.1 lzj.icp:8500/ibmcom/vulnerability-annotator:1.3.1] 757013017} {[lzj.icp:8500/ibmcom/py-generic-indexer-amd64@sha256:45cb17e23e15f4dfe44471309af12f0655aad5f8e859c718f393290f220b02b2 lzj.icp:8500/ibmcom/py-generic-indexer-amd64:1.3.1 lzj.icp:8500/ibmcom/py-generic-indexer:1.3.1] 755588945} {[lzj.icp:8500/ibmcom/icp-inception-amd64@sha256:1dad180d14ae732d17ca5cf41b87dbb316c072323f186d60a08a753f904eb5b2 ibmcom/icp-inception-amd64:3.1.0-ee lzj.icp:8500/ibmcom/icp-inception-amd64:3.1.0-ee lzj.icp:8500/ibmcom/icp-inception:3.1.0-ee] 744155119} {[lzj.icp:8500/ibmcom/config-parser-amd64@sha256:7d721e0b5a827921ac16fa9e7570db225211e6dd700cdeaba1d28ba02ff8ef6d lzj.icp:8500/ibmcom/config-parser-amd64:1.3.1 lzj.icp:8500/ibmcom/config-parser:1.3.1] 739243486} {[lzj.icp:8500/ibmcom/iam-policy-administration-amd64@sha256:e1941aa09a5b692505cb3be3e497d3ff9acb900786b9a2c8c4c00d0243b37dd0 lzj.icp:8500/ibmcom/iam-policy-administration-amd64:3.1.0 lzj.icp:8500/ibmcom/iam-policy-administration:3.1.0] 711947327} {[lzj.icp:8500/ibmcom/password-annotator-amd64@sha256:bca1b6b222d8ea8ade174a8cc1a549f161d75d3e9d69881f08a1fb316a8e27d3 lzj.icp:8500/ibmcom/password-annotator-amd64:1.3.1 lzj.icp:8500/ibmcom/password-annotator:1.3.1] 707627907} {[lzj.icp:8500/ibmcom/notification-dispatcher-amd64@sha256:ec8dfbc351a0d758488f9f8bfa17c3182a5c02819a6ebf7144ab914a2233cf57 lzj.icp:8500/ibmcom/notification-dispatcher-amd64:1.3.1 lzj.icp:8500/ibmcom/notification-dispatcher:1.3.1] 707588442} {[lzj.icp:8500/ibmcom/sas-base-amd64@sha256:9651b1149c62d5a0968aaeffe71f2da68cd7e07ff8d7ea67538278c00ab08457 lzj.icp:8500/ibmcom/sas-base-amd64:1.3.1 lzj.icp:8500/ibmcom/sas-base:1.3.1] 653746081} {[lzj.icp:8500/ibmcom/ma-file-annotator-amd64@sha256:8caa6280fd845fd524ad874a6b243510ebf085d58c989229020fcfc743492632 lzj.icp:8500/ibmcom/ma-file-annotator-amd64:1.3.1 lzj.icp:8500/ibmcom/ma-file-annotator:1.3.1] 653745236} {[lzj.icp:8500/ibmcom/icp-kibana-amd64@sha256:8b69887ac5297e1d2e68b9c2ce885b9a888f6c278ca1538acb0f03206b48502a lzj.icp:8500/ibmcom/icp-kibana-amd64:5.5.1 lzj.icp:8500/ibmcom/icp-kibana:5.5.1] 639622018} {[lzj.icp:8500/ibmcom/icp-platform-api-amd64@sha256:1fc47925c2611aef12631b3f3806308f55a298074aebc561fd04cf8a7691c669 lzj.icp:8500/ibmcom/icp-platform-api-amd64:3.1.0 lzj.icp:8500/ibmcom/icp-platform-api:3.1.0] 612589125} {[lzj.icp:8500/ibmcom/iam-policy-decision-amd64@sha256:d49eb3845c57bb8370a477949d92da10a178b81ade50f0e9d970981fadd6686d lzj.icp:8500/ibmcom/iam-policy-decision-amd64:3.1.0 lzj.icp:8500/ibmcom/iam-policy-decision:3.1.0] 559718344} {[lzj.icp:8500/ibmcom/rootkit-annotator-amd64@sha256:caf6c24136b8785d901f346a640d673b55fe105c3617cfcb432ee2006f5b1cf4 lzj.icp:8500/ibmcom/rootkit-annotator-amd64:1.3.1 lzj.icp:8500/ibmcom/rootkit-annotator:1.3.1] 549434506} {[lzj.icp:8500/ibmcom/icp-elasticsearch-amd64@sha256:0063a7a931ca4e52d8f7a51f2bdb010345f4373b5b904b52e5c8a48ec0c1fde7 lzj.icp:8500/ibmcom/icp-elasticsearch-amd64:5.5.1 lzj.icp:8500/ibmcom/icp-elasticsearch:5.5.1] 520121248} {[lzj.icp:8500/ibmcom/logging-pki-init-amd64@sha256:cc4bfa085e1ae99120ee526acd3e62d205e10de6f1c773c521fc5b933914f6a8 lzj.icp:8500/ibmcom/logging-pki-init-amd64:2.0.0 lzj.icp:8500/ibmcom/logging-pki-init:2.0.0] 501921135} {[lzj.icp:8500/ibmcom/searchguard-init-amd64@sha256:d19ce1d27f406945d4ed78b0f07007998c2ab3889086e502924847c2186db546 lzj.icp:8500/ibmcom/searchguard-init-amd64:2.0.0 lzj.icp:8500/ibmcom/searchguard-init:2.0.0] 457030441} {[lzj.icp:8500/ibmcom/metering-ui-amd64@sha256:3628a8fe41183c08ea0b02e2e798e3649e4aebe2c2405c34572b9eb7c7c4d9a8 lzj.icp:8500/ibmcom/metering-ui-amd64:3.1.0 lzj.icp:8500/ibmcom/metering-ui:3.1.0] 385577105} {[lzj.icp:8500/ibmcom/heketi-amd64@sha256:c5b579a4f219c87990f861eb61de86cb9cfb51b6d230b8c299df7d9fd3d02d0e lzj.icp:8500/ibmcom/heketi-amd64:v7.0.0 lzj.icp:8500/ibmcom/heketi:v7.0.0] 384720377} {[lzj.icp:8500/ibmcom/icp-mongodb-amd64@sha256:a305ae8bc309898d86bf60aee968846db3602f77b25924640d5f08a2389ee99d lzj.icp:8500/ibmcom/icp-mongodb-amd64:3.1.0 lzj.icp:8500/ibmcom/icp-mongodb:3.1.0] 379353410} {[lzj.icp:8500/ibmcom/icp-catalog-ui-amd64@sha256:33993b4eab189e3c78fe27799017da770d47523cf6831460741008bf91297d6d lzj.icp:8500/ibmcom/icp-catalog-ui-amd64:3.1.0 lzj.icp:8500/ibmcom/icp-catalog-ui:3.1.0] 363781304} {[lzj.icp:8500/ibmcom/nginx-ingress-controller-amd64@sha256:63b48dd3ba635aa65409f7d6a319e293697810c1b9e885e6255bebf36a2506ab lzj.icp:8500/ibmcom/nginx-ingress-controller-amd64:0.16.2 lzj.icp:8500/ibmcom/nginx-ingress-controller:0.16.2] 361632894} {[lzj.icp:8500/ibmcom/mariadb-amd64@sha256:1f9876179c32fcf463804f75cbf2fb031106edf2be9d5dbf6705375ca53930bb lzj.icp:8500/ibmcom/mariadb-amd64:10.2.17 lzj.icp:8500/ibmcom/mariadb:10.2.17] 358991946} {[lzj.icp:8500/ibmcom/k8szk-amd64@sha256:a9ee22a4df14654552a02303e4560623244683692fd298dd2fb71e9dd66219f3 lzj.icp:8500/ibmcom/k8szk-amd64:v3 lzj.icp:8500/ibmcom/k8szk:v3] 331472973} {[lzj.icp:8500/ibmcom/gluster-amd64@sha256:647caedb536eb7b8c5c8b0a2b69e52d2a34be9e6c9c7b9c1b21d14fcfa261886 lzj.icp:8500/ibmcom/gluster-amd64:v4.0.2 lzj.icp:8500/ibmcom/gluster:v4.0.2] 324265531} {[lzj.icp:8500/ibmcom/istio-grafana-amd64@sha256:381a2dd3a5addbc5d43920bc19bb15ba6dbd422e4a9d91163108e72c5a63234c lzj.icp:8500/ibmcom/istio-grafana-amd64:1.0.0.1 lzj.icp:8500/ibmcom/istio-grafana:1.0.0.1] 324187770} {[lzj.icp:8500/ibmcom/icp-filebeat-amd64@sha256:03af9b78dad6c2ba857975d10c81e781460796dff1ff1163ea4596f4aa10601d lzj.icp:8500/ibmcom/icp-filebeat-amd64:5.5.1 lzj.icp:8500/ibmcom/icp-filebeat:5.5.1] 317104874} {[lzj.icp:8500/ibmcom/istio-proxyv2-amd64@sha256:cd77e75fa85ce74914e1b7b0bef980ece8a62ef0d776c9ef51a0d7d30b4b64a0 lzj.icp:8500/ibmcom/istio-proxyv2-amd64:1.0.0.1 lzj.icp:8500/ibmcom/istio-proxyv2:1.0.0.1] 311276139} {[lzj.icp:8500/ibmcom/istio-pilot-amd64@sha256:63352073a964037fd37f6150228231d2e5eca7e0c2920405d6269326d3c54263 lzj.icp:8500/ibmcom/istio-pilot-amd64:1.0.0.1 lzj.icp:8500/ibmcom/istio-pilot:1.0.0.1] 309502004} {[lzj.icp:8500/ibmcom/fluentd-amd64@sha256:384a99b8d941c93f96ee5b5cbae5b70500219a3f71c73cf4eddd20d9d693e3b3 lzj.icp:8500/ibmcom/fluentd-amd64:v1.2.2-icp lzj.icp:8500/ibmcom/fluentd:v1.2.2-icp] 270902701} {[lzj.icp:8500/ibmcom/icp-identity-manager-amd64@sha256:632f31acd0fcfc3d0cebea31cfb71018f6712bd1a1b4da7476942b3c23aa3521 lzj.icp:8500/ibmcom/icp-identity-manager-amd64:3.1.0 lzj.icp:8500/ibmcom/icp-identity-manager:3.1.0] 268667523} {[lzj.icp:8500/ibmcom/elasticsearch-plugin-searchguard-amd64@sha256:28f88d06bbbc073162702064c1be4ad06272e9021cbc0f929ba8c6da2ca25ae6 lzj.icp:8500/ibmcom/elasticsearch-plugin-searchguard-amd64:2.0.0 lzj.icp:8500/ibmcom/elasticsearch-plugin-searchguard:2.0.0] 267864279} {[lzj.icp:8500/ibmcom/kiali-amd64@sha256:bec63b454cf2e597c61f6a9943144050e5e6fc7a4f6474bc3bb6b627ba20c71c lzj.icp:8500/ibmcom/kiali-amd64:istio-release-1.0.0.1 lzj.icp:8500/ibmcom/kiali:istio-release-1.0.0.1] 265771300} {[lzj.icp:8500/ibmcom/calico-node-amd64@sha256:9871f4dde9eab9fd804b12f3114da36505ff5c220e2323b7434eec24e3b23ac5 lzj.icp:8500/ibmcom/calico-node-amd64:v3.1.3 lzj.icp:8500/ibmcom/calico-node:v3.1.3] 248202699} {[lzj.icp:8500/ibmcom/grafana-amd64@sha256:dc3566257a0c716caedfb33127d8ee385290c1dda006bebfb75c376d56b30c88 lzj.icp:8500/ibmcom/grafana-amd64:5.2.0 lzj.icp:8500/ibmcom/grafana:5.2.0] 245297582} {[lzj.icp:8500/ibmcom/indices-cleaner-amd64@sha256:e6c6453d54012488e9ebfaa9e4d829f567d8e66b24c1613e6d88ca192ed5e85b lzj.icp:8500/ibmcom/indices-cleaner-amd64:1.0.0 lzj.icp:8500/ibmcom/indices-cleaner:1.0.0] 238131553} {[lzj.icp:8500/ibmcom/icp-identity-provider-amd64@sha256:24dba8b07c8295eef99abbf8d83041908516e4e50e4e4cfbbbcd53bdf415dda1 lzj.icp:8500/ibmcom/icp-identity-provider-amd64:3.1.0 lzj.icp:8500/ibmcom/icp-identity-provider:3.1.0] 224286517} {[lzj.icp:8500/ibmcom/curl-amd64@sha256:aad05b4e4529f7e70516d8d3028cae6cd1d50de738ce164f2a532ce2470ac43f lzj.icp:8500/ibmcom/curl-amd64:4.0.0 lzj.icp:8500/ibmcom/curl:4.0.0] 221192597} {[lzj.icp:8500/ibmcom/icp-audit-service-amd64@sha256:9add202c06a43da647380c860d9139fa059701fe103c1f229281215bf99dbbd3 lzj.icp:8500/ibmcom/icp-audit-service-amd64:3.1.0 lzj.icp:8500/ibmcom/icp-audit-service:3.1.0] 215897363}],VolumesInUse:[],VolumesAttached:[],Config:&amp;NodeConfigStatus{Assigned:nil,Active:nil,LastKnownGood:nil,Error:,},},}&#xA;Sep 19 08:02:48.851: INFO: &#xA;Logging kubelet events for node 10.46.6.173&#xA;Sep 19 08:02:48.881: INFO: &#xA;Logging pods the kubelet thinks is on node 10.46.6.173&#xA;Sep 19 08:02:48.921: INFO: kube-dns-mwjc8 started at 2018-09-17 07:06:10 +0000 UTC (0+1 container statuses recorded)&#xA;Sep 19 08:02:48.921: INFO: &#x9;Container kube-dns ready: true, restart count 0&#xA;Sep 19 08:02:48.921: INFO: auth-pdp-tk2jm started at 2018-09-17 07:10:28 +0000 UTC (5+2 container statuses recorded)&#xA;Sep 19 08:02:48.921: INFO: &#x9;Init container init-auth-service ready: true, restart count 0&#xA;Sep 19 08:02:48.921: INFO: &#x9;Init container init-identity-provider ready: true, restart count 0&#xA;Sep 19 08:02:48.921: INFO: &#x9;Init container init-identity-manager ready: true, restart count 0&#xA;Sep 19 08:02:48.921: INFO: &#x9;Init container init-token-service ready: true, restart count 0&#xA;Sep 19 08:02:48.921: INFO: &#x9;Init container init-pap ready: true, restart count 0&#xA;Sep 19 08:02:48.921: INFO: &#x9;Container auth-pdp ready: true, restart count 0&#xA;Sep 19 08:02:48.921: INFO: &#x9;Container icp-audit-service ready: true, restart count 0&#xA;Sep 19 08:02:48.921: INFO: icp-management-ingress-x6qn8 started at 2018-09-17 07:10:36 +0000 UTC (0+1 container statuses recorded)&#xA;Sep 19 08:02:48.921: INFO: &#x9;Container icp-management-ingress ready: true, restart count 0&#xA;Sep 19 08:02:48.921: INFO: istio-egressgateway-54448bcdbd-cqlhf started at 2018-09-17 07:24:11 +0000 UTC (0+1 container statuses recorded)&#xA;Sep 19 08:02:48.921: INFO: &#x9;Container istio-egressgateway ready: true, restart count 0&#xA;Sep 19 08:02:48.921: INFO: heapster-69b486565b-nt26r started at 2018-09-17 07:13:48 +0000 UTC (0+1 container statuses recorded)&#xA;Sep 19 08:02:48.921: INFO: &#x9;Container heapster ready: true, restart count 0&#xA;Sep 19 08:02:48.921: INFO: istio-galley-687cd96db-hlpng started at 2018-09-17 07:17:28 +0000 UTC (0+1 container statuses recorded)&#xA;Sep 19 08:02:48.921: INFO: &#x9;Container validator ready: true, restart count 0&#xA;Sep 19 08:02:48.921: INFO: istio-tracing-77ccfc8844-79ngl started at 2018-09-17 07:17:32 +0000 UTC (0+1 container statuses recorded)&#xA;Sep 19 08:02:48.921: INFO: &#x9;Container jaeger ready: true, restart count 0&#xA;Sep 19 08:02:48.921: INFO: audit-logging-fluentd-ds-dhcg6 started at 2018-09-17 07:18:46 +0000 UTC (0+1 container statuses recorded)&#xA;Sep 19 08:02:48.921: INFO: &#x9;Container fluentd ready: true, restart count 0&#xA;Sep 19 08:02:48.921: INFO: istio-ingressgateway-7bc96d6585-m567m started at 2018-09-17 07:20:41 +0000 UTC (0+1 container statuses recorded)&#xA;Sep 19 08:02:48.921: INFO: &#x9;Container istio-ingressgateway ready: true, restart count 0&#xA;Sep 19 08:02:48.921: INFO: helm-api-fdd886877-6pwm8 started at 2018-09-17 07:16:36 +0000 UTC (0+3 container statuses recorded)&#xA;Sep 19 08:02:48.921: INFO: &#x9;Container audit-service ready: true, restart count 0&#xA;Sep 19 08:02:48.921: INFO: &#x9;Container helmapi ready: true, restart count 0&#xA;Sep 19 08:02:48.921: INFO: &#x9;Container rudder ready: true, restart count 0&#xA;Sep 19 08:02:48.921: INFO: istio-egressgateway-54448bcdbd-f4v6v started at 2018-09-17 07:17:29 +0000 UTC (0+1 container statuses recorded)&#xA;Sep 19 08:02:48.921: INFO: &#x9;Container istio-egressgateway ready: true, restart count 0&#xA;Sep 19 08:02:48.921: INFO: istio-citadel-77694dc965-mwqkp started at 2018-09-17 07:17:31 +0000 UTC (0+1 container statuses recorded)&#xA;Sep 19 08:02:48.921: INFO: &#x9;Container citadel ready: true, restart count 0&#xA;Sep 19 08:02:48.921: INFO: vulnerability-advisor-process-ma-crawler-96728 started at 2018-09-17 07:19:03 +0000 UTC (0+1 container statuses recorded)&#xA;Sep 19 08:02:48.921: INFO: &#x9;Container process-ma-crawler ready: true, restart count 0&#xA;Sep 19 08:02:48.921: INFO: istio-telemetry-8b5964dc7-rfswc started at 2018-09-17 07:19:39 +0000 UTC (0+2 container statuses recorded)&#xA;Sep 19 08:02:48.921: INFO: &#x9;Container istio-proxy ready: true, restart count 0&#xA;Sep 19 08:02:48.921: INFO: &#x9;Container mixer ready: true, restart count 0&#xA;Sep 19 08:02:48.921: INFO: nvidia-device-plugin-nh54k started at 2018-09-17 07:07:17 +0000 UTC (1+1 container statuses recorded)&#xA;Sep 19 08:02:48.921: INFO: &#x9;Init container nvidia-driver-collector ready: true, restart count 0&#xA;Sep 19 08:02:48.921: INFO: &#x9;Container nvidia-device-plugin ready: true, restart count 0&#xA;Sep 19 08:02:48.921: INFO: mariadb-0 started at 2018-09-17 07:08:38 +0000 UTC (0+1 container statuses recorded)&#xA;Sep 19 08:02:48.921: INFO: &#x9;Container mariadb ready: true, restart count 0&#xA;Sep 19 08:02:48.921: INFO: logging-elk-filebeat-ds-qf2vz started at 2018-09-17 07:15:20 +0000 UTC (0+1 container statuses recorded)&#xA;Sep 19 08:02:48.921: INFO: &#x9;Container filebeat ready: true, restart count 0&#xA;Sep 19 08:02:48.921: INFO: istio-ingressgateway-7bc96d6585-c58zx started at 2018-09-17 07:24:15 +0000 UTC (0+1 container statuses recorded)&#xA;Sep 19 08:02:48.921: INFO: &#x9;Container istio-ingressgateway ready: true, restart count 0&#xA;Sep 19 08:02:48.921: INFO: istio-policy-5b64d7fd64-5l2m9 started at 2018-09-17 07:31:07 +0000 UTC (0+2 container statuses recorded)&#xA;Sep 19 08:02:48.921: INFO: &#x9;Container istio-proxy ready: true, restart count 0&#xA;Sep 19 08:02:48.921: INFO: &#x9;Container mixer ready: true, restart count 0&#xA;Sep 19 08:02:48.921: INFO: platform-api-2fs4x started at 2018-09-17 07:08:45 +0000 UTC (0+2 container statuses recorded)&#xA;Sep 19 08:02:48.921: INFO: &#x9;Container audit-service ready: true, restart count 0&#xA;Sep 19 08:02:48.921: INFO: &#x9;Container platform-api ready: true, restart count 0&#xA;Sep 19 08:02:48.921: INFO: istio-telemetry-8b5964dc7-hcf6d started at 2018-09-17 07:17:29 +0000 UTC (0+2 container statuses recorded)&#xA;Sep 19 08:02:48.921: INFO: &#x9;Container istio-proxy ready: true, restart count 0&#xA;Sep 19 08:02:48.921: INFO: &#x9;Container mixer ready: true, restart count 0&#xA;Sep 19 08:02:48.921: INFO: istio-sidecar-injector-86d554f5f7-d57zk started at 2018-09-17 07:17:32 +0000 UTC (0+1 container statuses recorded)&#xA;Sep 19 08:02:48.921: INFO: &#x9;Container sidecar-injector-webhook ready: true, restart count 0&#xA;Sep 19 08:02:48.921: INFO: secret-watcher-5f59fcbc69-pfnfk started at 2018-09-17 07:18:05 +0000 UTC (0+1 container statuses recorded)&#xA;Sep 19 08:02:48.921: INFO: &#x9;Container secret-watcher ready: true, restart count 0&#xA;Sep 19 08:02:48.921: INFO: istio-telemetry-8b5964dc7-nw9kk started at 2018-09-17 07:23:11 +0000 UTC (0+2 container statuses recorded)&#xA;Sep 19 08:02:48.921: INFO: &#x9;Container istio-proxy ready: true, restart count 0&#xA;Sep 19 08:02:48.921: INFO: &#x9;Container mixer ready: true, restart count 0&#xA;Sep 19 08:02:48.921: INFO: calico-kube-controllers-dcb8cc97c-gtsqp started at 2018-09-17 07:05:53 +0000 UTC (0+1 container statuses recorded)&#xA;Sep 19 08:02:48.921: INFO: &#x9;Container calico-kube-controllers ready: true, restart count 0&#xA;Sep 19 08:02:48.921: INFO: icp-mongodb-0 started at 2018-09-17 07:07:42 +0000 UTC (2+1 container statuses recorded)&#xA;Sep 19 08:02:48.921: INFO: &#x9;Init container install ready: true, restart count 0&#xA;Sep 19 08:02:48.921: INFO: &#x9;Init container bootstrap ready: true, restart count 0&#xA;Sep 19 08:02:48.921: INFO: &#x9;Container icp-mongodb ready: true, restart count 0&#xA;Sep 19 08:02:48.921: INFO: catalog-ui-5rtkh started at 2018-09-17 07:15:57 +0000 UTC (0+1 container statuses recorded)&#xA;Sep 19 08:02:48.921: INFO: &#x9;Container catalog-ui ready: true, restart count 0&#xA;Sep 19 08:02:48.921: INFO: istio-policy-5b64d7fd64-jrlzt started at 2018-09-17 07:23:11 +0000 UTC (0+2 container statuses recorded)&#xA;Sep 19 08:02:48.921: INFO: &#x9;Container istio-proxy ready: true, restart count 0&#xA;Sep 19 08:02:48.921: INFO: &#x9;Container mixer ready: true, restart count 0&#xA;Sep 19 08:02:48.921: INFO: istio-policy-5b64d7fd64-fb4bc started at 2018-09-17 07:27:37 +0000 UTC (0+2 container statuses recorded)&#xA;Sep 19 08:02:48.921: INFO: &#x9;Container istio-proxy ready: true, restart count 0&#xA;Sep 19 08:02:48.921: INFO: &#x9;Container mixer ready: true, restart count 0&#xA;Sep 19 08:02:48.921: INFO: k8s-proxy-10.46.6.173 started at &lt;nil&gt; (0+0 container statuses recorded)&#xA;Sep 19 08:02:48.921: INFO: k8s-etcd-10.46.6.173 started at &lt;nil&gt; (0+0 container statuses recorded)&#xA;Sep 19 08:02:48.921: INFO: image-manager-0 started at 2018-09-17 06:38:56 +0000 UTC (0+2 container statuses recorded)&#xA;Sep 19 08:02:48.921: INFO: &#x9;Container icp-registry ready: true, restart count 0&#xA;Sep 19 08:02:48.921: INFO: &#x9;Container image-manager ready: true, restart count 0&#xA;Sep 19 08:02:48.921: INFO: platform-deploy-dbbks started at 2018-09-17 07:08:45 +0000 UTC (0+1 container statuses recorded)&#xA;Sep 19 08:02:48.921: INFO: &#x9;Container platform-deploy ready: true, restart count 0&#xA;Sep 19 08:02:48.921: INFO: auth-apikeys-x45mz started at 2018-09-17 07:10:12 +0000 UTC (0+1 container statuses recorded)&#xA;Sep 19 08:02:48.921: INFO: &#x9;Container auth-apikeys ready: true, restart count 0&#xA;Sep 19 08:02:48.921: INFO: istio-policy-5b64d7fd64-pt9z2 started at 2018-09-17 07:17:30 +0000 UTC (0+2 container statuses recorded)&#xA;Sep 19 08:02:48.921: INFO: &#x9;Container istio-proxy ready: true, restart count 0&#xA;Sep 19 08:02:48.921: INFO: &#x9;Container mixer ready: true, restart count 0&#xA;Sep 19 08:02:48.921: INFO: istio-policy-5b64d7fd64-z68j4 started at 2018-09-17 07:19:38 +0000 UTC (0+2 container statuses recorded)&#xA;Sep 19 08:02:48.921: INFO: &#x9;Container istio-proxy ready: true, restart count 0&#xA;Sep 19 08:02:48.921: INFO: &#x9;Container mixer ready: true, restart count 0&#xA;Sep 19 08:02:48.921: INFO: istio-ingressgateway-7bc96d6585-r98nr started at 2018-09-17 07:28:10 +0000 UTC (0+1 container statuses recorded)&#xA;Sep 19 08:02:48.921: INFO: &#x9;Container istio-ingressgateway ready: true, restart count 0&#xA;Sep 19 08:02:48.921: INFO: mgmt-repo-57dc689b74-tmp44 started at 2018-09-17 07:17:51 +0000 UTC (1+2 container statuses recorded)&#xA;Sep 19 08:02:48.921: INFO: &#x9;Init container mgmt-repo-init ready: true, restart count 0&#xA;Sep 19 08:02:48.921: INFO: &#x9;Container audit-service ready: true, restart count 0&#xA;Sep 19 08:02:48.921: INFO: &#x9;Container mgmt-repo ready: true, restart count 0&#xA;Sep 19 08:02:48.921: INFO: istio-egressgateway-54448bcdbd-lhh5c started at 2018-09-17 07:20:07 +0000 UTC (0+1 container statuses recorded)&#xA;Sep 19 08:02:48.922: INFO: &#x9;Container istio-egressgateway ready: true, restart count 0&#xA;Sep 19 08:02:48.922: INFO: istio-ingressgateway-7bc96d6585-4qnc5 started at 2018-09-17 07:24:14 +0000 UTC (0+1 container statuses recorded)&#xA;Sep 19 08:02:48.922: INFO: &#x9;Container istio-ingressgateway ready: true, restart count 0&#xA;Sep 19 08:02:48.922: INFO: auth-idp-kjpmx started at 2018-09-17 07:10:04 +0000 UTC (1+4 container statuses recorded)&#xA;Sep 19 08:02:48.922: INFO: &#x9;Init container init-mariadb ready: true, restart count 0&#xA;Sep 19 08:02:48.922: INFO: &#x9;Container icp-audit-service ready: true, restart count 0&#xA;Sep 19 08:02:48.922: INFO: &#x9;Container platform-auth-service ready: true, restart count 0&#xA;Sep 19 08:02:48.922: INFO: &#x9;Container platform-identity-manager ready: true, restart count 0&#xA;Sep 19 08:02:48.922: INFO: &#x9;Container platform-identity-provider ready: true, restart count 0&#xA;Sep 19 08:02:48.922: INFO: helm-repo-5649f57447-wwdn4 started at 2018-09-17 07:13:54 +0000 UTC (1+2 container statuses recorded)&#xA;Sep 19 08:02:48.922: INFO: &#x9;Init container helm-repo-init ready: true, restart count 0&#xA;Sep 19 08:02:48.922: INFO: &#x9;Container audit-service ready: true, restart count 0&#xA;Sep 19 08:02:48.922: INFO: &#x9;Container helm-repo ready: true, restart count 0&#xA;Sep 19 08:02:48.922: INFO: metering-reader-l7284 started at 2018-09-17 07:14:11 +0000 UTC (1+1 container statuses recorded)&#xA;Sep 19 08:02:48.922: INFO: &#x9;Init container metering-reader-init ready: true, restart count 0&#xA;Sep 19 08:02:48.922: INFO: &#x9;Container metering-reader ready: true, restart count 0&#xA;Sep 19 08:02:48.922: INFO: istio-statsd-prom-bridge-66cb69b666-p76m8 started at 2018-09-17 07:17:29 +0000 UTC (0+1 container statuses recorded)&#xA;Sep 19 08:02:48.922: INFO: &#x9;Container statsd-prom-bridge ready: true, restart count 0&#xA;Sep 19 08:02:48.922: INFO: servicegraph-85578d8fc6-m62z4 started at 2018-09-17 07:17:32 +0000 UTC (0+1 container statuses recorded)&#xA;Sep 19 08:02:48.922: INFO: &#x9;Container servicegraph ready: true, restart count 0&#xA;Sep 19 08:02:48.922: INFO: istio-telemetry-8b5964dc7-vjqbq started at 2018-09-17 07:27:36 +0000 UTC (0+2 container statuses recorded)&#xA;Sep 19 08:02:48.922: INFO: &#x9;Container istio-proxy ready: true, restart count 0&#xA;Sep 19 08:02:48.922: INFO: &#x9;Container mixer ready: true, restart count 0&#xA;Sep 19 08:02:48.922: INFO: istio-telemetry-8b5964dc7-9q67f started at 2018-09-17 07:31:08 +0000 UTC (0+2 container statuses recorded)&#xA;Sep 19 08:02:48.922: INFO: &#x9;Container istio-proxy ready: true, restart count 0&#xA;Sep 19 08:02:48.922: INFO: &#x9;Container mixer ready: true, restart count 0&#xA;Sep 19 08:02:48.922: INFO: service-catalog-controller-manager-5969cccf86-65phs started at 2018-09-17 07:08:21 +0000 UTC (0+1 container statuses recorded)&#xA;Sep 19 08:02:48.922: INFO: &#x9;Container controller-manager ready: true, restart count 0&#xA;Sep 19 08:02:48.922: INFO: auth-pap-qb5m2 started at 2018-09-17 07:10:20 +0000 UTC (0+1 container statuses recorded)&#xA;Sep 19 08:02:48.922: INFO: &#x9;Container auth-pap ready: true, restart count 0&#xA;Sep 19 08:02:48.922: INFO: istio-pilot-6cf9ccf474-kkb6j started at 2018-09-17 07:17:31 +0000 UTC (0+2 container statuses recorded)&#xA;Sep 19 08:02:48.922: INFO: &#x9;Container discovery ready: true, restart count 0&#xA;Sep 19 08:02:48.922: INFO: &#x9;Container istio-proxy ready: true, restart count 0&#xA;Sep 19 08:02:48.922: INFO: calico-node-m7d5t started at 2018-09-17 07:05:54 +0000 UTC (0+2 container statuses recorded)&#xA;Sep 19 08:02:48.922: INFO: &#x9;Container calico-node ready: true, restart count 0&#xA;Sep 19 08:02:48.922: INFO: &#x9;Container install-cni ready: true, restart count 0&#xA;Sep 19 08:02:48.922: INFO: ibm-cert-manager-cert-manager-74687f689b-7994r started at 2018-09-17 07:07:12 +0000 UTC (0+1 container statuses recorded)&#xA;Sep 19 08:02:48.922: INFO: &#x9;Container ibm-cert-manager ready: true, restart count 0&#xA;Sep 19 08:02:48.922: INFO: nginx-ingress-controller-h5z2v started at 2018-09-17 07:08:28 +0000 UTC (1+1 container statuses recorded)&#xA;Sep 19 08:02:48.922: INFO: &#x9;Init container sysctl ready: true, restart count 0&#xA;Sep 19 08:02:48.922: INFO: &#x9;Container nginx-ingress ready: true, restart count 0&#xA;Sep 19 08:02:48.922: INFO: istio-egressgateway-54448bcdbd-pjbtc started at 2018-09-17 07:28:34 +0000 UTC (0+1 container statuses recorded)&#xA;Sep 19 08:02:48.922: INFO: &#x9;Container istio-egressgateway ready: true, restart count 0&#xA;Sep 19 08:02:48.922: INFO: k8s-master-10.46.6.173 started at &lt;nil&gt; (0+0 container statuses recorded)&#xA;Sep 19 08:02:48.922: INFO: grafana-77676f44f7-c9wr6 started at 2018-09-17 07:17:28 +0000 UTC (0+1 container statuses recorded)&#xA;Sep 19 08:02:48.922: INFO: &#x9;Container grafana ready: true, restart count 1&#xA;Sep 19 08:02:48.922: INFO: security-onboarding-tkf79 started at 2018-09-17 07:18:12 +0000 UTC (0+1 container statuses recorded)&#xA;Sep 19 08:02:48.922: INFO: &#x9;Container security-onboarding ready: false, restart count 0&#xA;Sep 19 08:02:48.922: INFO: istio-egressgateway-54448bcdbd-xmkbc started at 2018-09-17 07:24:11 +0000 UTC (0+1 container statuses recorded)&#xA;Sep 19 08:02:48.922: INFO: &#x9;Container istio-egressgateway ready: true, restart count 0&#xA;Sep 19 08:02:48.922: INFO: tiller-deploy-6b58875cb-5l8kh started at 2018-09-17 07:05:28 +0000 UTC (0+1 container statuses recorded)&#xA;Sep 19 08:02:48.922: INFO: &#x9;Container tiller ready: true, restart count 0&#xA;Sep 19 08:02:48.922: INFO: unified-router-lkwnl started at 2018-09-17 07:15:31 +0000 UTC (0+1 container statuses recorded)&#xA;Sep 19 08:02:48.922: INFO: &#x9;Container unified-router ready: true, restart count 0&#xA;Sep 19 08:02:48.922: INFO: istio-ingressgateway-7bc96d6585-smf45 started at 2018-09-17 07:17:28 +0000 UTC (0+1 container statuses recorded)&#xA;Sep 19 08:02:48.922: INFO: &#x9;Container istio-ingressgateway ready: true, restart count 0&#xA;Sep 19 08:02:48.922: INFO: default-backend-54966589c4-4d47g started at 2018-09-17 07:08:29 +0000 UTC (0+1 container statuses recorded)&#xA;Sep 19 08:02:48.922: INFO: &#x9;Container default-backend ready: true, restart count 0&#xA;Sep 19 08:02:48.922: INFO: platform-ui-6fjgx started at 2018-09-17 07:14:34 +0000 UTC (0+1 container statuses recorded)&#xA;Sep 19 08:02:48.922: INFO: &#x9;Container platform-ui ready: true, restart count 0&#xA;Sep 19 08:02:48.922: INFO: monitoring-prometheus-nodeexporter-f84fv started at 2018-09-17 07:15:45 +0000 UTC (0+2 container statuses recorded)&#xA;Sep 19 08:02:48.922: INFO: &#x9;Container nodeexporter ready: true, restart count 0&#xA;Sep 19 08:02:48.922: INFO: &#x9;Container router ready: true, restart count 0&#xA;Sep 19 08:02:48.922: INFO: prometheus-6f98d89664-wh7pb started at 2018-09-17 07:17:31 +0000 UTC (0+1 container statuses recorded)&#xA;Sep 19 08:02:48.922: INFO: &#x9;Container prometheus ready: true, restart count 0&#xA;Sep 19 08:02:48.922: INFO: vulnerability-advisor-live-crawler-p6khc started at 2018-09-17 07:19:02 +0000 UTC (0+1 container statuses recorded)&#xA;Sep 19 08:02:48.922: INFO: &#x9;Container live-crawler ready: true, restart count 0&#xA;Sep 19 08:02:48.922: INFO: service-catalog-apiserver-967x9 started at 2018-09-17 07:08:20 +0000 UTC (0+1 container statuses recorded)&#xA;Sep 19 08:02:48.922: INFO: &#x9;Container apiserver ready: true, restart count 0&#xA;Sep 19 08:02:48.922: INFO: oidc-client-registration-szxrk started at 2018-09-17 07:10:05 +0000 UTC (0+1 container statuses recorded)&#xA;Sep 19 08:02:48.922: INFO: &#x9;Container oidc-client-registration ready: false, restart count 0&#xA;Sep 19 08:02:48.922: INFO: kiali-7f8c59df94-25qmq started at 2018-09-17 07:17:27 +0000 UTC (0+1 container statuses recorded)&#xA;Sep 19 08:02:48.922: INFO: &#x9;Container kiali ready: true, restart count 0&#xA;Sep 19 08:02:49.008: INFO: &#xA;Latency metrics for node 10.46.6.173&#xA;STEP: Dumping a list of prepulled images on each node to file /tmp/results/image-puller.txt&#xA;Sep 19 08:02:49.025: INFO: Waiting up to 3m0s for all (but 0) nodes to be ready&#xA;STEP: Destroying namespace &#34;e2e-tests-statefulset-gg46j&#34; for this suite.&#xA;Sep 19 08:02:55.084: INFO: Waiting up to 30s for server preferred namespaced resources to be successfully discovered&#xA;Sep 19 08:02:55.235: INFO: namespace: e2e-tests-statefulset-gg46j, resource: bindings, ignored listing per whitelist&#xA;Sep 19 08:02:57.024: INFO: namespace e2e-tests-statefulset-gg46j deletion completed in 7.993834971s&#xA;</system-out>
      </testcase>
      <testcase name="[sig-storage] PersistentVolumes:vsphere should test that a file written to the vspehre volume mount before kubelet restart can be read after restart [Disruptive]" classname="Kubernetes e2e suite" time="0">
          <skipped></skipped>
      </testcase>
      <testcase name="[sig-storage] Pod Disks schedule a pod w/ RW PD(s) mounted to 1 or more containers, write to PD, verify content, delete pod, and repeat in rapid succession [Slow] using 4 containers and 1 PDs" classname="Kubernetes e2e suite" time="0">
          <skipped></skipped>
      </testcase>
      <testcase name="[sig-storage] CSI Volumes CSI plugin test using CSI driver: [Feature: GCE PD CSI Plugin] gcePD should provision storage" classname="Kubernetes e2e suite" time="0">
          <skipped></skipped>
      </testcase>
      <testcase name="[sig-storage] Subpath [Volume type: nfs] should support existing single file" classname="Kubernetes e2e suite" time="0">
          <skipped></skipped>
      </testcase>
      <testcase name="[k8s.io] Cluster size autoscaler scalability [Slow] shouldn&#39;t scale down with underutilized nodes due to host port conflicts [Feature:ClusterAutoscalerScalability5]" classname="Kubernetes e2e suite" time="0">
          <skipped></skipped>
      </testcase>
      <testcase name="[k8s.io] Sysctls [NodeFeature:Sysctls] should support unsafe sysctls which are actually whitelisted" classname="Kubernetes e2e suite" time="0">
          <skipped></skipped>
      </testcase>
      <testcase name="[sig-storage] PersistentVolumes NFS with Single PV - PVC pairs create a PV and a pre-bound PVC: test write access" classname="Kubernetes e2e suite" time="0">
          <skipped></skipped>
      </testcase>
      <testcase name="[sig-storage] HostPath should give a volume the correct mode [NodeConformance] [Conformance]" classname="Kubernetes e2e suite" time="14.582494612"></testcase>
      <testcase name="[sig-instrumentation] [Feature:PrometheusMonitoring] Prometheus should scrape container metrics from all nodes." classname="Kubernetes e2e suite" time="0">
          <skipped></skipped>
      </testcase>
      <testcase name="[sig-apps] DisruptionController should create a PodDisruptionBudget" classname="Kubernetes e2e suite" time="0">
          <skipped></skipped>
      </testcase>
      <testcase name="[k8s.io] Docker Containers should be able to override the image&#39;s default arguments (docker cmd) [NodeConformance] [Conformance]" classname="Kubernetes e2e suite" time="14.467880213"></testcase>
      <testcase name="[sig-network] Loadbalancing: L7 GCE [Slow] [Feature:kubemci] should remove clusters as expected" classname="Kubernetes e2e suite" time="0">
          <skipped></skipped>
      </testcase>
      <testcase name="[sig-cluster-lifecycle] [Feature:BootstrapTokens] should resign the bootstrap tokens when the clusterInfo ConfigMap updated [Serial][Disruptive]" classname="Kubernetes e2e suite" time="0">
          <skipped></skipped>
      </testcase>
      <testcase name="[sig-network] Services should be able to change the type from NodePort to ExternalName" classname="Kubernetes e2e suite" time="0">
          <skipped></skipped>
      </testcase>
      <testcase name="[sig-storage] PersistentVolumes-local  [Volume type: dir-bindmounted] One pod requesting one prebound PVC should be able to mount volume and read from pod1" classname="Kubernetes e2e suite" time="0">
          <skipped></skipped>
      </testcase>
      <testcase name="[sig-network] Networking IPerf IPv4 [Experimental] [Feature:Networking-IPv4] [Slow] [Feature:Networking-Performance] should transfer ~ 1GB onto the service endpoint 1 servers (maximum of 1 clients)" classname="Kubernetes e2e suite" time="0">
          <skipped></skipped>
      </testcase>
      <testcase name="[sig-scheduling] SchedulerPriorities [Serial] Pod should avoid to schedule to node that have avoidPod annotation" classname="Kubernetes e2e suite" time="0">
          <skipped></skipped>
      </testcase>
      <testcase name="[sig-storage] ConfigMap should be consumable from pods in volume with mappings as non-root [NodeConformance] [Conformance]" classname="Kubernetes e2e suite" time="14.553126778"></testcase>
      <testcase name="[sig-scheduling] ResourceQuota should create a ResourceQuota and capture the life of a configMap." classname="Kubernetes e2e suite" time="0">
          <skipped></skipped>
      </testcase>
      <testcase name="[sig-storage] PersistentVolumes NFS with multiple PVs and PVCs all in same ns should create 2 PVs and 4 PVCs: test write access" classname="Kubernetes e2e suite" time="0">
          <skipped></skipped>
      </testcase>
      <testcase name="[sig-network] Services should be able to switch session affinity for service with type clusterIP" classname="Kubernetes e2e suite" time="0">
          <skipped></skipped>
      </testcase>
      <testcase name="[sig-storage] Volumes PD should be mountable with ext3" classname="Kubernetes e2e suite" time="0">
          <skipped></skipped>
      </testcase>
      <testcase name="[sig-autoscaling] Cluster size autoscaling [Slow] should scale up when non expendable pod is created [Feature:ClusterSizeAutoscalingScaleUp]" classname="Kubernetes e2e suite" time="0">
          <skipped></skipped>
      </testcase>
      <testcase name="[sig-storage] PersistentVolumes-local  [Volume type: dir] Two pods mounting a local volume one after the other should be able to write from pod1 and read from pod2" classname="Kubernetes e2e suite" time="0">
          <skipped></skipped>
      </testcase>
      <testcase name="[sig-api-machinery] Garbage collector should delete jobs and pods created by cronjob" classname="Kubernetes e2e suite" time="0">
          <skipped></skipped>
      </testcase>
      <testcase name="[sig-service-catalog] [Feature:PodPreset] PodPreset should create a pod preset" classname="Kubernetes e2e suite" time="0">
          <skipped></skipped>
      </testcase>
      <testcase name="[sig-autoscaling] Cluster size autoscaling [Slow] should increase cluster size if pod requesting volume is pending [Feature:ClusterSizeAutoscalingScaleUp]" classname="Kubernetes e2e suite" time="0">
          <skipped></skipped>
      </testcase>
      <testcase name="[sig-apps] Network Partition [Disruptive] [Slow] [k8s.io] [StatefulSet] should come back up if node goes down [Slow] [Disruptive]" classname="Kubernetes e2e suite" time="0">
          <skipped></skipped>
      </testcase>
      <testcase name="[sig-cluster-lifecycle] HA-master [Feature:HAMaster] survive addition/removal replicas same zone [Serial][Disruptive]" classname="Kubernetes e2e suite" time="0">
          <skipped></skipped>
      </testcase>
      <testcase name="[sig-network] Loadbalancing: L7 GCE [Slow] [Feature:Ingress] multicluster ingress should get instance group annotation" classname="Kubernetes e2e suite" time="0">
          <skipped></skipped>
      </testcase>
      <testcase name="[sig-cli] Kubectl client [k8s.io] Guestbook application should create and stop a working application  [Conformance]" classname="Kubernetes e2e suite" time="0">
          <skipped></skipped>
      </testcase>
      <testcase name="[sig-network] Services should serve a basic endpoint from pods  [Conformance]" classname="Kubernetes e2e suite" time="10.111513233">
          <failure type="Failure">/workspace/anago-v1.11.2-beta.0.50+bb9ffb1654d4a7/src/k8s.io/kubernetes/_output/dockerized/go/src/k8s.io/kubernetes/test/e2e/framework/framework.go:684&#xA;Expected error:&#xA;    &lt;*errors.StatusError | 0xc42194f5f0&gt;: {&#xA;        ErrStatus: {&#xA;            TypeMeta: {Kind: &#34;&#34;, APIVersion: &#34;&#34;},&#xA;            ListMeta: {SelfLink: &#34;&#34;, ResourceVersion: &#34;&#34;, Continue: &#34;&#34;},&#xA;            Status: &#34;Failure&#34;,&#xA;            Message: &#34;Internal error occurred: admission webhook \&#34;trust.hooks.securityenforcement.admission.cloud.ibm.com\&#34; denied the request: \nDeny \&#34;k8s.gcr.io/pause:3.1\&#34;, no matching repositories in ClusterImagePolicy and no ImagePolicies in the \&#34;e2e-tests-services-v75hf\&#34; namespace&#34;,&#xA;            Reason: &#34;InternalError&#34;,&#xA;            Details: {&#xA;                Name: &#34;&#34;,&#xA;                Group: &#34;&#34;,&#xA;                Kind: &#34;&#34;,&#xA;                UID: &#34;&#34;,&#xA;                Causes: [&#xA;                    {&#xA;                        Type: &#34;&#34;,&#xA;                        Message: &#34;admission webhook \&#34;trust.hooks.securityenforcement.admission.cloud.ibm.com\&#34; denied the request: \nDeny \&#34;k8s.gcr.io/pause:3.1\&#34;, no matching repositories in ClusterImagePolicy and no ImagePolicies in the \&#34;e2e-tests-services-v75hf\&#34; namespace&#34;,&#xA;                        Field: &#34;&#34;,&#xA;                    },&#xA;                ],&#xA;                RetryAfterSeconds: 0,&#xA;            },&#xA;            Code: 500,&#xA;        },&#xA;    }&#xA;    Internal error occurred: admission webhook &#34;trust.hooks.securityenforcement.admission.cloud.ibm.com&#34; denied the request: &#xA;    Deny &#34;k8s.gcr.io/pause:3.1&#34;, no matching repositories in ClusterImagePolicy and no ImagePolicies in the &#34;e2e-tests-services-v75hf&#34; namespace&#xA;not to have occurred&#xA;/workspace/anago-v1.11.2-beta.0.50+bb9ffb1654d4a7/src/k8s.io/kubernetes/_output/dockerized/go/src/k8s.io/kubernetes/test/e2e/framework/util.go:3487</failure>
          <system-out>[BeforeEach] [sig-network] Services&#xA;  /workspace/anago-v1.11.2-beta.0.50+bb9ffb1654d4a7/src/k8s.io/kubernetes/_output/dockerized/go/src/k8s.io/kubernetes/test/e2e/framework/framework.go:141&#xA;STEP: Creating a kubernetes client&#xA;Sep 19 08:03:40.629: INFO: &gt;&gt;&gt; kubeConfig: /tmp/kubeconfig-172917420&#xA;STEP: Building a namespace api object&#xA;STEP: Binding the e2e-test-privileged-psp PodSecurityPolicy to the default service account in e2e-tests-services-v75hf&#xA;STEP: Waiting for a default service account to be provisioned in namespace&#xA;[BeforeEach] [sig-network] Services&#xA;  /workspace/anago-v1.11.2-beta.0.50+bb9ffb1654d4a7/src/k8s.io/kubernetes/_output/dockerized/go/src/k8s.io/kubernetes/test/e2e/network/service.go:83&#xA;[It] should serve a basic endpoint from pods  [Conformance]&#xA;  /workspace/anago-v1.11.2-beta.0.50+bb9ffb1654d4a7/src/k8s.io/kubernetes/_output/dockerized/go/src/k8s.io/kubernetes/test/e2e/framework/framework.go:684&#xA;STEP: creating service endpoint-test2 in namespace e2e-tests-services-v75hf&#xA;STEP: waiting up to 3m0s for service endpoint-test2 in namespace e2e-tests-services-v75hf to expose endpoints map[]&#xA;Sep 19 08:03:41.033: INFO: Get endpoints failed (14.191165ms elapsed, ignoring for 5s): endpoints &#34;endpoint-test2&#34; not found&#xA;Sep 19 08:03:42.037: INFO: successfully validated that service endpoint-test2 in namespace e2e-tests-services-v75hf exposes endpoints map[] (1.018943674s elapsed)&#xA;STEP: Creating pod pod1 in namespace e2e-tests-services-v75hf&#xA;[AfterEach] [sig-network] Services&#xA;  /workspace/anago-v1.11.2-beta.0.50+bb9ffb1654d4a7/src/k8s.io/kubernetes/_output/dockerized/go/src/k8s.io/kubernetes/test/e2e/framework/framework.go:142&#xA;STEP: Collecting events from namespace &#34;e2e-tests-services-v75hf&#34;.&#xA;STEP: Found 0 events.&#xA;Sep 19 08:03:42.215: INFO: POD                                                              NODE         PHASE      GRACE  CONDITIONS&#xA;Sep 19 08:03:42.215: INFO: ibm-cert-manager-cert-manager-74687f689b-7994r                   10.46.6.173  Running           [{Initialized True 0001-01-01 00:00:00 +0000 UTC 2018-09-17 07:07:12 +0000 UTC  } {Ready True 0001-01-01 00:00:00 +0000 UTC 2018-09-17 07:07:37 +0000 UTC  } {ContainersReady True 0001-01-01 00:00:00 +0000 UTC 0001-01-01 00:00:00 +0000 UTC  } {PodScheduled True 0001-01-01 00:00:00 +0000 UTC 2018-09-17 07:07:12 +0000 UTC  }]&#xA;Sep 19 08:03:42.215: INFO: sonobuoy                                                         10.46.6.170  Running           [{Initialized True 0001-01-01 00:00:00 +0000 UTC 2018-09-19 07:22:02 +0000 UTC  } {Ready True 0001-01-01 00:00:00 +0000 UTC 2018-09-19 07:22:08 +0000 UTC  } {ContainersReady True 0001-01-01 00:00:00 +0000 UTC 0001-01-01 00:00:00 +0000 UTC  } {PodScheduled True 0001-01-01 00:00:00 +0000 UTC 2018-09-19 07:22:02 +0000 UTC  }]&#xA;Sep 19 08:03:42.215: INFO: sonobuoy-e2e-job-c3f9b53ea97c48a2                                10.46.6.170  Running           [{Initialized True 0001-01-01 00:00:00 +0000 UTC 2018-09-19 07:22:08 +0000 UTC  } {Ready True 0001-01-01 00:00:00 +0000 UTC 2018-09-19 07:22:25 +0000 UTC  } {ContainersReady True 0001-01-01 00:00:00 +0000 UTC 0001-01-01 00:00:00 +0000 UTC  } {PodScheduled True 0001-01-01 00:00:00 +0000 UTC 2018-09-19 07:22:08 +0000 UTC  }]&#xA;Sep 19 08:03:42.215: INFO: grafana-77676f44f7-c9wr6                                         10.46.6.173  Running           [{Initialized True 0001-01-01 00:00:00 +0000 UTC 2018-09-17 07:17:28 +0000 UTC  } {Ready True 0001-01-01 00:00:00 +0000 UTC 2018-09-17 07:20:34 +0000 UTC  } {ContainersReady True 0001-01-01 00:00:00 +0000 UTC 0001-01-01 00:00:00 +0000 UTC  } {PodScheduled True 0001-01-01 00:00:00 +0000 UTC 2018-09-17 07:17:27 +0000 UTC  }]&#xA;Sep 19 08:03:42.215: INFO: istio-citadel-77694dc965-mwqkp                                   10.46.6.173  Running           [{Initialized True 0001-01-01 00:00:00 +0000 UTC 2018-09-17 07:17:31 +0000 UTC  } {Ready True 0001-01-01 00:00:00 +0000 UTC 2018-09-17 07:18:30 +0000 UTC  } {ContainersReady True 0001-01-01 00:00:00 +0000 UTC 0001-01-01 00:00:00 +0000 UTC  } {PodScheduled True 0001-01-01 00:00:00 +0000 UTC 2018-09-17 07:17:28 +0000 UTC  }]&#xA;Sep 19 08:03:42.215: INFO: istio-egressgateway-54448bcdbd-cqlhf                             10.46.6.173  Running           [{Initialized True 0001-01-01 00:00:00 +0000 UTC 2018-09-17 07:24:11 +0000 UTC  } {Ready True 0001-01-01 00:00:00 +0000 UTC 2018-09-17 07:25:19 +0000 UTC  } {ContainersReady True 0001-01-01 00:00:00 +0000 UTC 0001-01-01 00:00:00 +0000 UTC  } {PodScheduled True 0001-01-01 00:00:00 +0000 UTC 2018-09-17 07:24:10 +0000 UTC  }]&#xA;Sep 19 08:03:42.215: INFO: istio-egressgateway-54448bcdbd-f4v6v                             10.46.6.173  Running           [{Initialized True 0001-01-01 00:00:00 +0000 UTC 2018-09-17 07:17:29 +0000 UTC  } {Ready True 0001-01-01 00:00:00 +0000 UTC 2018-09-17 07:18:31 +0000 UTC  } {ContainersReady True 0001-01-01 00:00:00 +0000 UTC 0001-01-01 00:00:00 +0000 UTC  } {PodScheduled True 0001-01-01 00:00:00 +0000 UTC 2018-09-17 07:17:27 +0000 UTC  }]&#xA;Sep 19 08:03:42.215: INFO: istio-egressgateway-54448bcdbd-lhh5c                             10.46.6.173  Running           [{Initialized True 0001-01-01 00:00:00 +0000 UTC 2018-09-17 07:20:07 +0000 UTC  } {Ready True 0001-01-01 00:00:00 +0000 UTC 2018-09-17 07:21:11 +0000 UTC  } {ContainersReady True 0001-01-01 00:00:00 +0000 UTC 0001-01-01 00:00:00 +0000 UTC  } {PodScheduled True 0001-01-01 00:00:00 +0000 UTC 2018-09-17 07:20:06 +0000 UTC  }]&#xA;Sep 19 08:03:42.215: INFO: istio-egressgateway-54448bcdbd-pjbtc                             10.46.6.173  Running           [{Initialized True 0001-01-01 00:00:00 +0000 UTC 2018-09-17 07:28:34 +0000 UTC  } {Ready True 0001-01-01 00:00:00 +0000 UTC 2018-09-17 07:29:40 +0000 UTC  } {ContainersReady True 0001-01-01 00:00:00 +0000 UTC 0001-01-01 00:00:00 +0000 UTC  } {PodScheduled True 0001-01-01 00:00:00 +0000 UTC 2018-09-17 07:28:34 +0000 UTC  }]&#xA;Sep 19 08:03:42.215: INFO: istio-egressgateway-54448bcdbd-xmkbc                             10.46.6.173  Running           [{Initialized True 0001-01-01 00:00:00 +0000 UTC 2018-09-17 07:24:11 +0000 UTC  } {Ready True 0001-01-01 00:00:00 +0000 UTC 2018-09-17 07:25:10 +0000 UTC  } {ContainersReady True 0001-01-01 00:00:00 +0000 UTC 0001-01-01 00:00:00 +0000 UTC  } {PodScheduled True 0001-01-01 00:00:00 +0000 UTC 2018-09-17 07:24:10 +0000 UTC  }]&#xA;Sep 19 08:03:42.216: INFO: istio-galley-687cd96db-hlpng                                     10.46.6.173  Running           [{Initialized True 0001-01-01 00:00:00 +0000 UTC 2018-09-17 07:17:28 +0000 UTC  } {Ready True 0001-01-01 00:00:00 +0000 UTC 2018-09-17 07:18:35 +0000 UTC  } {ContainersReady True 0001-01-01 00:00:00 +0000 UTC 0001-01-01 00:00:00 +0000 UTC  } {PodScheduled True 0001-01-01 00:00:00 +0000 UTC 2018-09-17 07:17:27 +0000 UTC  }]&#xA;Sep 19 08:03:42.216: INFO: istio-ingressgateway-7bc96d6585-4qnc5                            10.46.6.173  Running           [{Initialized True 0001-01-01 00:00:00 +0000 UTC 2018-09-17 07:24:14 +0000 UTC  } {Ready True 0001-01-01 00:00:00 +0000 UTC 2018-09-17 07:25:22 +0000 UTC  } {ContainersReady True 0001-01-01 00:00:00 +0000 UTC 0001-01-01 00:00:00 +0000 UTC  } {PodScheduled True 0001-01-01 00:00:00 +0000 UTC 2018-09-17 07:24:13 +0000 UTC  }]&#xA;Sep 19 08:03:42.216: INFO: istio-ingressgateway-7bc96d6585-c58zx                            10.46.6.173  Running           [{Initialized True 0001-01-01 00:00:00 +0000 UTC 2018-09-17 07:24:15 +0000 UTC  } {Ready True 0001-01-01 00:00:00 +0000 UTC 2018-09-17 07:25:19 +0000 UTC  } {ContainersReady True 0001-01-01 00:00:00 +0000 UTC 0001-01-01 00:00:00 +0000 UTC  } {PodScheduled True 0001-01-01 00:00:00 +0000 UTC 2018-09-17 07:24:14 +0000 UTC  }]&#xA;Sep 19 08:03:42.216: INFO: istio-ingressgateway-7bc96d6585-m567m                            10.46.6.173  Running           [{Initialized True 0001-01-01 00:00:00 +0000 UTC 2018-09-17 07:20:41 +0000 UTC  } {Ready True 0001-01-01 00:00:00 +0000 UTC 2018-09-17 07:21:43 +0000 UTC  } {ContainersReady True 0001-01-01 00:00:00 +0000 UTC 0001-01-01 00:00:00 +0000 UTC  } {PodScheduled True 0001-01-01 00:00:00 +0000 UTC 2018-09-17 07:20:41 +0000 UTC  }]&#xA;Sep 19 08:03:42.216: INFO: istio-ingressgateway-7bc96d6585-r98nr                            10.46.6.173  Running           [{Initialized True 0001-01-01 00:00:00 +0000 UTC 2018-09-17 07:28:10 +0000 UTC  } {Ready True 0001-01-01 00:00:00 +0000 UTC 2018-09-17 07:29:11 +0000 UTC  } {ContainersReady True 0001-01-01 00:00:00 +0000 UTC 0001-01-01 00:00:00 +0000 UTC  } {PodScheduled True 0001-01-01 00:00:00 +0000 UTC 2018-09-17 07:28:09 +0000 UTC  }]&#xA;Sep 19 08:03:42.216: INFO: istio-ingressgateway-7bc96d6585-smf45                            10.46.6.173  Running           [{Initialized True 0001-01-01 00:00:00 +0000 UTC 2018-09-17 07:17:28 +0000 UTC  } {Ready True 0001-01-01 00:00:00 +0000 UTC 2018-09-17 07:18:37 +0000 UTC  } {ContainersReady True 0001-01-01 00:00:00 +0000 UTC 0001-01-01 00:00:00 +0000 UTC  } {PodScheduled True 0001-01-01 00:00:00 +0000 UTC 2018-09-17 07:17:27 +0000 UTC  }]&#xA;Sep 19 08:03:42.216: INFO: istio-pilot-6cf9ccf474-kkb6j                                     10.46.6.173  Running           [{Initialized True 0001-01-01 00:00:00 +0000 UTC 2018-09-17 07:17:31 +0000 UTC  } {Ready True 0001-01-01 00:00:00 +0000 UTC 2018-09-17 07:19:28 +0000 UTC  } {ContainersReady True 0001-01-01 00:00:00 +0000 UTC 0001-01-01 00:00:00 +0000 UTC  } {PodScheduled True 0001-01-01 00:00:00 +0000 UTC 2018-09-17 07:17:27 +0000 UTC  }]&#xA;Sep 19 08:03:42.216: INFO: istio-policy-5b64d7fd64-5l2m9                                    10.46.6.173  Running           [{Initialized True 0001-01-01 00:00:00 +0000 UTC 2018-09-17 07:31:07 +0000 UTC  } {Ready True 0001-01-01 00:00:00 +0000 UTC 2018-09-17 07:31:51 +0000 UTC  } {ContainersReady True 0001-01-01 00:00:00 +0000 UTC 0001-01-01 00:00:00 +0000 UTC  } {PodScheduled True 0001-01-01 00:00:00 +0000 UTC 2018-09-17 07:31:06 +0000 UTC  }]&#xA;Sep 19 08:03:42.216: INFO: istio-policy-5b64d7fd64-fb4bc                                    10.46.6.173  Running           [{Initialized True 0001-01-01 00:00:00 +0000 UTC 2018-09-17 07:27:37 +0000 UTC  } {Ready True 0001-01-01 00:00:00 +0000 UTC 2018-09-17 07:28:39 +0000 UTC  } {ContainersReady True 0001-01-01 00:00:00 +0000 UTC 0001-01-01 00:00:00 +0000 UTC  } {PodScheduled True 0001-01-01 00:00:00 +0000 UTC 2018-09-17 07:27:36 +0000 UTC  }]&#xA;Sep 19 08:03:42.216: INFO: istio-policy-5b64d7fd64-jrlzt                                    10.46.6.173  Running           [{Initialized True 0001-01-01 00:00:00 +0000 UTC 2018-09-17 07:23:11 +0000 UTC  } {Ready True 0001-01-01 00:00:00 +0000 UTC 2018-09-17 07:24:08 +0000 UTC  } {ContainersReady True 0001-01-01 00:00:00 +0000 UTC 0001-01-01 00:00:00 +0000 UTC  } {PodScheduled True 0001-01-01 00:00:00 +0000 UTC 2018-09-17 07:23:10 +0000 UTC  }]&#xA;Sep 19 08:03:42.216: INFO: istio-policy-5b64d7fd64-pt9z2                                    10.46.6.173  Running           [{Initialized True 0001-01-01 00:00:00 +0000 UTC 2018-09-17 07:17:30 +0000 UTC  } {Ready True 0001-01-01 00:00:00 +0000 UTC 2018-09-17 07:19:02 +0000 UTC  } {ContainersReady True 0001-01-01 00:00:00 +0000 UTC 0001-01-01 00:00:00 +0000 UTC  } {PodScheduled True 0001-01-01 00:00:00 +0000 UTC 2018-09-17 07:17:27 +0000 UTC  }]&#xA;Sep 19 08:03:42.216: INFO: istio-policy-5b64d7fd64-z68j4                                    10.46.6.173  Running           [{Initialized True 0001-01-01 00:00:00 +0000 UTC 2018-09-17 07:19:38 +0000 UTC  } {Ready True 0001-01-01 00:00:00 +0000 UTC 2018-09-17 07:20:44 +0000 UTC  } {ContainersReady True 0001-01-01 00:00:00 +0000 UTC 0001-01-01 00:00:00 +0000 UTC  } {PodScheduled True 0001-01-01 00:00:00 +0000 UTC 2018-09-17 07:19:37 +0000 UTC  }]&#xA;Sep 19 08:03:42.216: INFO: istio-sidecar-injector-86d554f5f7-d57zk                          10.46.6.173  Running           [{Initialized True 0001-01-01 00:00:00 +0000 UTC 2018-09-17 07:17:32 +0000 UTC  } {Ready True 0001-01-01 00:00:00 +0000 UTC 2018-09-17 07:18:41 +0000 UTC  } {ContainersReady True 0001-01-01 00:00:00 +0000 UTC 0001-01-01 00:00:00 +0000 UTC  } {PodScheduled True 0001-01-01 00:00:00 +0000 UTC 2018-09-17 07:17:29 +0000 UTC  }]&#xA;Sep 19 08:03:42.216: INFO: istio-statsd-prom-bridge-66cb69b666-p76m8                        10.46.6.173  Running           [{Initialized True 0001-01-01 00:00:00 +0000 UTC 2018-09-17 07:17:29 +0000 UTC  } {Ready True 0001-01-01 00:00:00 +0000 UTC 2018-09-17 07:18:32 +0000 UTC  } {ContainersReady True 0001-01-01 00:00:00 +0000 UTC 0001-01-01 00:00:00 +0000 UTC  } {PodScheduled True 0001-01-01 00:00:00 +0000 UTC 2018-09-17 07:17:27 +0000 UTC  }]&#xA;Sep 19 08:03:42.216: INFO: istio-telemetry-8b5964dc7-9q67f                                  10.46.6.173  Running           [{Initialized True 0001-01-01 00:00:00 +0000 UTC 2018-09-17 07:31:08 +0000 UTC  } {Ready True 0001-01-01 00:00:00 +0000 UTC 2018-09-17 07:32:00 +0000 UTC  } {ContainersReady True 0001-01-01 00:00:00 +0000 UTC 0001-01-01 00:00:00 +0000 UTC  } {PodScheduled True 0001-01-01 00:00:00 +0000 UTC 2018-09-17 07:31:07 +0000 UTC  }]&#xA;Sep 19 08:03:42.216: INFO: istio-telemetry-8b5964dc7-hcf6d                                  10.46.6.173  Running           [{Initialized True 0001-01-01 00:00:00 +0000 UTC 2018-09-17 07:17:29 +0000 UTC  } {Ready True 0001-01-01 00:00:00 +0000 UTC 2018-09-17 07:18:56 +0000 UTC  } {ContainersReady True 0001-01-01 00:00:00 +0000 UTC 0001-01-01 00:00:00 +0000 UTC  } {PodScheduled True 0001-01-01 00:00:00 +0000 UTC 2018-09-17 07:17:27 +0000 UTC  }]&#xA;Sep 19 08:03:42.216: INFO: istio-telemetry-8b5964dc7-nw9kk                                  10.46.6.173  Running           [{Initialized True 0001-01-01 00:00:00 +0000 UTC 2018-09-17 07:23:11 +0000 UTC  } {Ready True 0001-01-01 00:00:00 +0000 UTC 2018-09-17 07:24:19 +0000 UTC  } {ContainersReady True 0001-01-01 00:00:00 +0000 UTC 0001-01-01 00:00:00 +0000 UTC  } {PodScheduled True 0001-01-01 00:00:00 +0000 UTC 2018-09-17 07:23:10 +0000 UTC  }]&#xA;Sep 19 08:03:42.216: INFO: istio-telemetry-8b5964dc7-rfswc                                  10.46.6.173  Running           [{Initialized True 0001-01-01 00:00:00 +0000 UTC 2018-09-17 07:19:39 +0000 UTC  } {Ready True 0001-01-01 00:00:00 +0000 UTC 2018-09-17 07:20:38 +0000 UTC  } {ContainersReady True 0001-01-01 00:00:00 +0000 UTC 0001-01-01 00:00:00 +0000 UTC  } {PodScheduled True 0001-01-01 00:00:00 +0000 UTC 2018-09-17 07:19:38 +0000 UTC  }]&#xA;Sep 19 08:03:42.216: INFO: istio-telemetry-8b5964dc7-vjqbq                                  10.46.6.173  Running           [{Initialized True 0001-01-01 00:00:00 +0000 UTC 2018-09-17 07:27:36 +0000 UTC  } {Ready True 0001-01-01 00:00:00 +0000 UTC 2018-09-17 07:28:21 +0000 UTC  } {ContainersReady True 0001-01-01 00:00:00 +0000 UTC 0001-01-01 00:00:00 +0000 UTC  } {PodScheduled True 0001-01-01 00:00:00 +0000 UTC 2018-09-17 07:27:36 +0000 UTC  }]&#xA;Sep 19 08:03:42.216: INFO: istio-tracing-77ccfc8844-79ngl                                   10.46.6.173  Running           [{Initialized True 0001-01-01 00:00:00 +0000 UTC 2018-09-17 07:17:32 +0000 UTC  } {Ready True 0001-01-01 00:00:00 +0000 UTC 2018-09-17 07:18:08 +0000 UTC  } {ContainersReady True 0001-01-01 00:00:00 +0000 UTC 0001-01-01 00:00:00 +0000 UTC  } {PodScheduled True 0001-01-01 00:00:00 +0000 UTC 2018-09-17 07:17:29 +0000 UTC  }]&#xA;Sep 19 08:03:42.216: INFO: kiali-7f8c59df94-25qmq                                           10.46.6.173  Running           [{Initialized True 0001-01-01 00:00:00 +0000 UTC 2018-09-17 07:17:27 +0000 UTC  } {Ready True 0001-01-01 00:00:00 +0000 UTC 2018-09-17 07:17:56 +0000 UTC  } {ContainersReady True 0001-01-01 00:00:00 +0000 UTC 0001-01-01 00:00:00 +0000 UTC  } {PodScheduled True 0001-01-01 00:00:00 +0000 UTC 2018-09-17 07:17:27 +0000 UTC  }]&#xA;Sep 19 08:03:42.216: INFO: prometheus-6f98d89664-wh7pb                                      10.46.6.173  Running           [{Initialized True 0001-01-01 00:00:00 +0000 UTC 2018-09-17 07:17:31 +0000 UTC  } {Ready True 0001-01-01 00:00:00 +0000 UTC 2018-09-17 07:17:57 +0000 UTC  } {ContainersReady True 0001-01-01 00:00:00 +0000 UTC 0001-01-01 00:00:00 +0000 UTC  } {PodScheduled True 0001-01-01 00:00:00 +0000 UTC 2018-09-17 07:17:28 +0000 UTC  }]&#xA;Sep 19 08:03:42.216: INFO: servicegraph-85578d8fc6-m62z4                                    10.46.6.173  Running           [{Initialized True 0001-01-01 00:00:00 +0000 UTC 2018-09-17 07:17:32 +0000 UTC  } {Ready True 0001-01-01 00:00:00 +0000 UTC 2018-09-17 07:18:22 +0000 UTC  } {ContainersReady True 0001-01-01 00:00:00 +0000 UTC 0001-01-01 00:00:00 +0000 UTC  } {PodScheduled True 0001-01-01 00:00:00 +0000 UTC 2018-09-17 07:17:28 +0000 UTC  }]&#xA;Sep 19 08:03:42.216: INFO: audit-logging-fluentd-ds-4cgnk                                   10.46.6.170  Running           [{Initialized True 0001-01-01 00:00:00 +0000 UTC 2018-09-17 07:18:46 +0000 UTC  } {Ready True 0001-01-01 00:00:00 +0000 UTC 2018-09-17 07:18:50 +0000 UTC  } {ContainersReady True 0001-01-01 00:00:00 +0000 UTC 0001-01-01 00:00:00 +0000 UTC  } {PodScheduled True 0001-01-01 00:00:00 +0000 UTC 2018-09-17 07:18:46 +0000 UTC  }]&#xA;Sep 19 08:03:42.216: INFO: audit-logging-fluentd-ds-8bh4t                                   10.46.6.172  Running           [{Initialized True 0001-01-01 00:00:00 +0000 UTC 2018-09-17 07:18:46 +0000 UTC  } {Ready True 0001-01-01 00:00:00 +0000 UTC 2018-09-17 07:18:56 +0000 UTC  } {ContainersReady True 0001-01-01 00:00:00 +0000 UTC 0001-01-01 00:00:00 +0000 UTC  } {PodScheduled True 0001-01-01 00:00:00 +0000 UTC 2018-09-17 07:18:46 +0000 UTC  }]&#xA;Sep 19 08:03:42.216: INFO: audit-logging-fluentd-ds-bc22k                                   10.46.6.171  Running           [{Initialized True 0001-01-01 00:00:00 +0000 UTC 2018-09-17 07:18:46 +0000 UTC  } {Ready True 0001-01-01 00:00:00 +0000 UTC 2018-09-17 07:18:56 +0000 UTC  } {ContainersReady True 0001-01-01 00:00:00 +0000 UTC 0001-01-01 00:00:00 +0000 UTC  } {PodScheduled True 0001-01-01 00:00:00 +0000 UTC 2018-09-17 07:18:46 +0000 UTC  }]&#xA;Sep 19 08:03:42.217: INFO: audit-logging-fluentd-ds-dhcg6                                   10.46.6.173  Running           [{Initialized True 0001-01-01 00:00:00 +0000 UTC 2018-09-17 07:18:46 +0000 UTC  } {Ready True 0001-01-01 00:00:00 +0000 UTC 2018-09-17 07:19:00 +0000 UTC  } {ContainersReady True 0001-01-01 00:00:00 +0000 UTC 0001-01-01 00:00:00 +0000 UTC  } {PodScheduled True 0001-01-01 00:00:00 +0000 UTC 2018-09-17 07:18:46 +0000 UTC  }]&#xA;Sep 19 08:03:42.217: INFO: auth-apikeys-x45mz                                               10.46.6.173  Running           [{Initialized True 0001-01-01 00:00:00 +0000 UTC 2018-09-17 07:10:12 +0000 UTC  } {Ready True 0001-01-01 00:00:00 +0000 UTC 2018-09-17 07:11:25 +0000 UTC  } {ContainersReady True 0001-01-01 00:00:00 +0000 UTC 0001-01-01 00:00:00 +0000 UTC  } {PodScheduled True 0001-01-01 00:00:00 +0000 UTC 2018-09-17 07:10:12 +0000 UTC  }]&#xA;Sep 19 08:03:42.217: INFO: auth-idp-kjpmx                                                   10.46.6.173  Running           [{Initialized True 0001-01-01 00:00:00 +0000 UTC 2018-09-17 07:10:19 +0000 UTC  } {Ready True 0001-01-01 00:00:00 +0000 UTC 2018-09-19 07:05:52 +0000 UTC  } {ContainersReady True 0001-01-01 00:00:00 +0000 UTC 0001-01-01 00:00:00 +0000 UTC  } {PodScheduled True 0001-01-01 00:00:00 +0000 UTC 2018-09-17 07:10:04 +0000 UTC  }]&#xA;Sep 19 08:03:42.217: INFO: auth-pap-qb5m2                                                   10.46.6.173  Running           [{Initialized True 0001-01-01 00:00:00 +0000 UTC 2018-09-17 07:10:20 +0000 UTC  } {Ready True 0001-01-01 00:00:00 +0000 UTC 2018-09-17 07:10:46 +0000 UTC  } {ContainersReady True 0001-01-01 00:00:00 +0000 UTC 0001-01-01 00:00:00 +0000 UTC  } {PodScheduled True 0001-01-01 00:00:00 +0000 UTC 2018-09-17 07:10:20 +0000 UTC  }]&#xA;Sep 19 08:03:42.217: INFO: auth-pdp-tk2jm                                                   10.46.6.173  Running           [{Initialized True 0001-01-01 00:00:00 +0000 UTC 2018-09-17 07:13:08 +0000 UTC  } {Ready True 0001-01-01 00:00:00 +0000 UTC 2018-09-17 07:13:19 +0000 UTC  } {ContainersReady True 0001-01-01 00:00:00 +0000 UTC 0001-01-01 00:00:00 +0000 UTC  } {PodScheduled True 0001-01-01 00:00:00 +0000 UTC 2018-09-17 07:10:28 +0000 UTC  }]&#xA;Sep 19 08:03:42.217: INFO: calico-kube-controllers-dcb8cc97c-gtsqp                          10.46.6.173  Running           [{Initialized True 0001-01-01 00:00:00 +0000 UTC 2018-09-17 07:05:53 +0000 UTC  } {Ready True 0001-01-01 00:00:00 +0000 UTC 2018-09-17 07:06:04 +0000 UTC  } {ContainersReady True 0001-01-01 00:00:00 +0000 UTC 0001-01-01 00:00:00 +0000 UTC  } {PodScheduled True 0001-01-01 00:00:00 +0000 UTC 2018-09-17 07:05:53 +0000 UTC  }]&#xA;Sep 19 08:03:42.217: INFO: calico-node-gpm2c                                                10.46.6.171  Running           [{Initialized True 0001-01-01 00:00:00 +0000 UTC 2018-09-17 07:05:53 +0000 UTC  } {Ready True 0001-01-01 00:00:00 +0000 UTC 2018-09-17 07:06:11 +0000 UTC  } {ContainersReady True 0001-01-01 00:00:00 +0000 UTC 0001-01-01 00:00:00 +0000 UTC  } {PodScheduled True 0001-01-01 00:00:00 +0000 UTC 2018-09-17 07:05:53 +0000 UTC  }]&#xA;Sep 19 08:03:42.217: INFO: calico-node-htf97                                                10.46.6.170  Running           [{Initialized True 0001-01-01 00:00:00 +0000 UTC 2018-09-17 07:05:53 +0000 UTC  } {Ready True 0001-01-01 00:00:00 +0000 UTC 2018-09-17 07:06:14 +0000 UTC  } {ContainersReady True 0001-01-01 00:00:00 +0000 UTC 0001-01-01 00:00:00 +0000 UTC  } {PodScheduled True 0001-01-01 00:00:00 +0000 UTC 2018-09-17 07:05:53 +0000 UTC  }]&#xA;Sep 19 08:03:42.217: INFO: calico-node-m7d5t                                                10.46.6.173  Running           [{Initialized True 0001-01-01 00:00:00 +0000 UTC 2018-09-17 07:05:54 +0000 UTC  } {Ready True 0001-01-01 00:00:00 +0000 UTC 2018-09-17 07:06:15 +0000 UTC  } {ContainersReady True 0001-01-01 00:00:00 +0000 UTC 0001-01-01 00:00:00 +0000 UTC  } {PodScheduled True 0001-01-01 00:00:00 +0000 UTC 2018-09-17 07:05:54 +0000 UTC  }]&#xA;Sep 19 08:03:42.217: INFO: calico-node-wsknj                                                10.46.6.172  Running           [{Initialized True 0001-01-01 00:00:00 +0000 UTC 2018-09-17 07:05:53 +0000 UTC  } {Ready True 0001-01-01 00:00:00 +0000 UTC 2018-09-17 07:06:17 +0000 UTC  } {ContainersReady True 0001-01-01 00:00:00 +0000 UTC 0001-01-01 00:00:00 +0000 UTC  } {PodScheduled True 0001-01-01 00:00:00 +0000 UTC 2018-09-17 07:05:53 +0000 UTC  }]&#xA;Sep 19 08:03:42.217: INFO: catalog-ui-5rtkh                                                 10.46.6.173  Running           [{Initialized True 0001-01-01 00:00:00 +0000 UTC 2018-09-17 07:15:57 +0000 UTC  } {Ready True 0001-01-01 00:00:00 +0000 UTC 2018-09-17 07:16:11 +0000 UTC  } {ContainersReady True 0001-01-01 00:00:00 +0000 UTC 0001-01-01 00:00:00 +0000 UTC  } {PodScheduled True 0001-01-01 00:00:00 +0000 UTC 2018-09-17 07:15:57 +0000 UTC  }]&#xA;Sep 19 08:03:42.217: INFO: custom-metrics-adapter-64f64964b4-f9gmc                          10.46.6.171  Running           [{Initialized True 0001-01-01 00:00:00 +0000 UTC 2018-09-17 07:17:13 +0000 UTC  } {Ready True 0001-01-01 00:00:00 +0000 UTC 2018-09-17 07:17:51 +0000 UTC  } {ContainersReady True 0001-01-01 00:00:00 +0000 UTC 0001-01-01 00:00:00 +0000 UTC  } {PodScheduled True 0001-01-01 00:00:00 +0000 UTC 2018-09-17 07:14:28 +0000 UTC  }]&#xA;Sep 19 08:03:42.217: INFO: default-backend-54966589c4-4d47g                                 10.46.6.173  Running           [{Initialized True 0001-01-01 00:00:00 +0000 UTC 2018-09-17 07:08:29 +0000 UTC  } {Ready True 0001-01-01 00:00:00 +0000 UTC 2018-09-17 07:08:40 +0000 UTC  } {ContainersReady True 0001-01-01 00:00:00 +0000 UTC 0001-01-01 00:00:00 +0000 UTC  } {PodScheduled True 0001-01-01 00:00:00 +0000 UTC 2018-09-17 07:08:28 +0000 UTC  }]&#xA;Sep 19 08:03:42.217: INFO: heapster-69b486565b-nt26r                                        10.46.6.173  Running           [{Initialized True 0001-01-01 00:00:00 +0000 UTC 2018-09-17 07:13:48 +0000 UTC  } {Ready True 0001-01-01 00:00:00 +0000 UTC 2018-09-17 07:13:58 +0000 UTC  } {ContainersReady True 0001-01-01 00:00:00 +0000 UTC 0001-01-01 00:00:00 +0000 UTC  } {PodScheduled True 0001-01-01 00:00:00 +0000 UTC 2018-09-17 07:13:48 +0000 UTC  }]&#xA;Sep 19 08:03:42.217: INFO: helm-api-fdd886877-6pwm8                                         10.46.6.173  Running           [{Initialized True 0001-01-01 00:00:00 +0000 UTC 2018-09-17 07:16:36 +0000 UTC  } {Ready True 0001-01-01 00:00:00 +0000 UTC 2018-09-17 07:16:58 +0000 UTC  } {ContainersReady True 0001-01-01 00:00:00 +0000 UTC 0001-01-01 00:00:00 +0000 UTC  } {PodScheduled True 0001-01-01 00:00:00 +0000 UTC 2018-09-17 07:16:35 +0000 UTC  }]&#xA;Sep 19 08:03:42.217: INFO: helm-repo-5649f57447-wwdn4                                       10.46.6.173  Running           [{Initialized True 0001-01-01 00:00:00 +0000 UTC 2018-09-17 07:14:04 +0000 UTC  } {Ready True 0001-01-01 00:00:00 +0000 UTC 2018-09-17 07:14:40 +0000 UTC  } {ContainersReady True 0001-01-01 00:00:00 +0000 UTC 0001-01-01 00:00:00 +0000 UTC  } {PodScheduled True 0001-01-01 00:00:00 +0000 UTC 2018-09-17 07:13:53 +0000 UTC  }]&#xA;Sep 19 08:03:42.217: INFO: ibmcloud-image-enforcement-76ddccbf9f-kqmlb                      10.46.6.171  Running           [{Initialized True 0001-01-01 00:00:00 +0000 UTC 2018-09-17 07:14:02 +0000 UTC  } {Ready True 0001-01-01 00:00:00 +0000 UTC 2018-09-17 07:14:07 +0000 UTC  } {ContainersReady True 0001-01-01 00:00:00 +0000 UTC 0001-01-01 00:00:00 +0000 UTC  } {PodScheduled True 0001-01-01 00:00:00 +0000 UTC 2018-09-17 07:14:02 +0000 UTC  }]&#xA;Sep 19 08:03:42.217: INFO: icp-management-ingress-x6qn8                                     10.46.6.173  Running           [{Initialized True 0001-01-01 00:00:00 +0000 UTC 2018-09-17 07:10:36 +0000 UTC  } {Ready True 0001-01-01 00:00:00 +0000 UTC 2018-09-17 07:10:48 +0000 UTC  } {ContainersReady True 0001-01-01 00:00:00 +0000 UTC 0001-01-01 00:00:00 +0000 UTC  } {PodScheduled True 0001-01-01 00:00:00 +0000 UTC 2018-09-17 07:10:36 +0000 UTC  }]&#xA;Sep 19 08:03:42.217: INFO: icp-mongodb-0                                                    10.46.6.173  Running           [{Initialized True 0001-01-01 00:00:00 +0000 UTC 2018-09-17 07:09:00 +0000 UTC  } {Ready True 0001-01-01 00:00:00 +0000 UTC 2018-09-17 07:09:17 +0000 UTC  } {ContainersReady True 0001-01-01 00:00:00 +0000 UTC 0001-01-01 00:00:00 +0000 UTC  } {PodScheduled True 0001-01-01 00:00:00 +0000 UTC 2018-09-17 07:07:41 +0000 UTC  }]&#xA;Sep 19 08:03:42.217: INFO: image-manager-0                                                  10.46.6.173  Running           [{Initialized True 0001-01-01 00:00:00 +0000 UTC 2018-09-17 06:38:56 +0000 UTC  } {Ready True 0001-01-01 00:00:00 +0000 UTC 2018-09-17 06:39:08 +0000 UTC  } {ContainersReady True 0001-01-01 00:00:00 +0000 UTC 0001-01-01 00:00:00 +0000 UTC  } {PodScheduled True 0001-01-01 00:00:00 +0000 UTC 2018-09-17 06:38:56 +0000 UTC  }]&#xA;Sep 19 08:03:42.217: INFO: k8s-etcd-10.46.6.173                                             10.46.6.173  Running           [{Initialized True 0001-01-01 00:00:00 +0000 UTC 2018-09-17 06:35:49 +0000 UTC  } {Ready True 0001-01-01 00:00:00 +0000 UTC 2018-09-17 06:35:54 +0000 UTC  } {ContainersReady True 0001-01-01 00:00:00 +0000 UTC 0001-01-01 00:00:00 +0000 UTC  } {PodScheduled True 0001-01-01 00:00:00 +0000 UTC 2018-09-17 06:35:49 +0000 UTC  }]&#xA;Sep 19 08:03:42.217: INFO: k8s-master-10.46.6.173                                           10.46.6.173  Running           [{Initialized True 0001-01-01 00:00:00 +0000 UTC 2018-09-17 06:37:18 +0000 UTC  } {Ready True 0001-01-01 00:00:00 +0000 UTC 2018-09-17 06:37:26 +0000 UTC  } {ContainersReady True 0001-01-01 00:00:00 +0000 UTC 0001-01-01 00:00:00 +0000 UTC  } {PodScheduled True 0001-01-01 00:00:00 +0000 UTC 2018-09-17 06:37:18 +0000 UTC  }]&#xA;Sep 19 08:03:42.217: INFO: k8s-proxy-10.46.6.170                                            10.46.6.170  Running           [{Initialized True 0001-01-01 00:00:00 +0000 UTC 2018-09-17 07:05:43 +0000 UTC  } {Ready True 0001-01-01 00:00:00 +0000 UTC 2018-09-17 07:05:46 +0000 UTC  } {ContainersReady True 0001-01-01 00:00:00 +0000 UTC 0001-01-01 00:00:00 +0000 UTC  } {PodScheduled True 0001-01-01 00:00:00 +0000 UTC 2018-09-17 07:05:43 +0000 UTC  }]&#xA;Sep 19 08:03:42.217: INFO: k8s-proxy-10.46.6.171                                            10.46.6.171  Running           [{Initialized True 0001-01-01 00:00:00 +0000 UTC 2018-09-17 07:05:44 +0000 UTC  } {Ready True 0001-01-01 00:00:00 +0000 UTC 2018-09-17 07:05:46 +0000 UTC  } {ContainersReady True 0001-01-01 00:00:00 +0000 UTC 0001-01-01 00:00:00 +0000 UTC  } {PodScheduled True 0001-01-01 00:00:00 +0000 UTC 2018-09-17 07:05:44 +0000 UTC  }]&#xA;Sep 19 08:03:42.217: INFO: k8s-proxy-10.46.6.172                                            10.46.6.172  Running           [{Initialized True 0001-01-01 00:00:00 +0000 UTC 2018-09-17 07:05:44 +0000 UTC  } {Ready True 0001-01-01 00:00:00 +0000 UTC 2018-09-17 07:05:48 +0000 UTC  } {ContainersReady True 0001-01-01 00:00:00 +0000 UTC 0001-01-01 00:00:00 +0000 UTC  } {PodScheduled True 0001-01-01 00:00:00 +0000 UTC 2018-09-17 07:05:44 +0000 UTC  }]&#xA;Sep 19 08:03:42.217: INFO: k8s-proxy-10.46.6.173                                            10.46.6.173  Running           [{Initialized True 0001-01-01 00:00:00 +0000 UTC 2018-09-17 06:35:45 +0000 UTC  } {Ready True 0001-01-01 00:00:00 +0000 UTC 2018-09-17 06:35:50 +0000 UTC  } {ContainersReady True 0001-01-01 00:00:00 +0000 UTC 0001-01-01 00:00:00 +0000 UTC  } {PodScheduled True 0001-01-01 00:00:00 +0000 UTC 2018-09-17 06:35:45 +0000 UTC  }]&#xA;Sep 19 08:03:42.217: INFO: kube-dns-mwjc8                                                   10.46.6.173  Running           [{Initialized True 0001-01-01 00:00:00 +0000 UTC 2018-09-17 07:06:10 +0000 UTC  } {Ready True 0001-01-01 00:00:00 +0000 UTC 2018-09-17 07:06:18 +0000 UTC  } {ContainersReady True 0001-01-01 00:00:00 +0000 UTC 0001-01-01 00:00:00 +0000 UTC  } {PodScheduled True 0001-01-01 00:00:00 +0000 UTC 2018-09-17 07:06:10 +0000 UTC  }]&#xA;Sep 19 08:03:42.218: INFO: logging-elk-client-75d4d7994c-7g7fn                              10.46.6.171  Running           [{Initialized True 0001-01-01 00:00:00 +0000 UTC 2018-09-17 07:15:40 +0000 UTC  } {Ready True 0001-01-01 00:00:00 +0000 UTC 2018-09-17 07:16:22 +0000 UTC  } {ContainersReady True 0001-01-01 00:00:00 +0000 UTC 0001-01-01 00:00:00 +0000 UTC  } {PodScheduled True 0001-01-01 00:00:00 +0000 UTC 2018-09-17 07:15:20 +0000 UTC  }]&#xA;Sep 19 08:03:42.218: INFO: logging-elk-data-0                                               10.46.6.171  Running           [{Initialized True 0001-01-01 00:00:00 +0000 UTC 2018-09-17 07:15:47 +0000 UTC  } {Ready True 0001-01-01 00:00:00 +0000 UTC 2018-09-17 07:16:16 +0000 UTC  } {ContainersReady True 0001-01-01 00:00:00 +0000 UTC 0001-01-01 00:00:00 +0000 UTC  } {PodScheduled True 0001-01-01 00:00:00 +0000 UTC 2018-09-17 07:15:20 +0000 UTC  }]&#xA;Sep 19 08:03:42.218: INFO: logging-elk-elasticsearch-tls-init-6hnl4                         10.46.6.171  Succeeded         [{Initialized True 0001-01-01 00:00:00 +0000 UTC 2018-09-17 07:15:20 +0000 UTC PodCompleted } {Ready False 0001-01-01 00:00:00 +0000 UTC 2018-09-17 07:17:46 +0000 UTC PodCompleted } {ContainersReady False 0001-01-01 00:00:00 +0000 UTC 0001-01-01 00:00:00 +0000 UTC PodCompleted } {PodScheduled True 0001-01-01 00:00:00 +0000 UTC 2018-09-17 07:15:20 +0000 UTC  }]&#xA;Sep 19 08:03:42.218: INFO: logging-elk-filebeat-ds-bs86r                                    10.46.6.171  Running           [{Initialized True 0001-01-01 00:00:00 +0000 UTC 2018-09-17 07:15:20 +0000 UTC  } {Ready True 0001-01-01 00:00:00 +0000 UTC 2018-09-17 07:15:42 +0000 UTC  } {ContainersReady True 0001-01-01 00:00:00 +0000 UTC 0001-01-01 00:00:00 +0000 UTC  } {PodScheduled True 0001-01-01 00:00:00 +0000 UTC 2018-09-17 07:15:20 +0000 UTC  }]&#xA;Sep 19 08:03:42.218: INFO: logging-elk-filebeat-ds-jtd5q                                    10.46.6.170  Running           [{Initialized True 0001-01-01 00:00:00 +0000 UTC 2018-09-17 07:15:20 +0000 UTC  } {Ready True 0001-01-01 00:00:00 +0000 UTC 2018-09-17 07:15:37 +0000 UTC  } {ContainersReady True 0001-01-01 00:00:00 +0000 UTC 0001-01-01 00:00:00 +0000 UTC  } {PodScheduled True 0001-01-01 00:00:00 +0000 UTC 2018-09-17 07:15:20 +0000 UTC  }]&#xA;Sep 19 08:03:42.218: INFO: logging-elk-filebeat-ds-qf2vz                                    10.46.6.173  Running           [{Initialized True 0001-01-01 00:00:00 +0000 UTC 2018-09-17 07:15:20 +0000 UTC  } {Ready True 0001-01-01 00:00:00 +0000 UTC 2018-09-17 07:15:39 +0000 UTC  } {ContainersReady True 0001-01-01 00:00:00 +0000 UTC 0001-01-01 00:00:00 +0000 UTC  } {PodScheduled True 0001-01-01 00:00:00 +0000 UTC 2018-09-17 07:15:20 +0000 UTC  }]&#xA;Sep 19 08:03:42.218: INFO: logging-elk-filebeat-ds-vpk48                                    10.46.6.172  Running           [{Initialized True 0001-01-01 00:00:00 +0000 UTC 2018-09-17 07:15:20 +0000 UTC  } {Ready True 0001-01-01 00:00:00 +0000 UTC 2018-09-17 07:15:39 +0000 UTC  } {ContainersReady True 0001-01-01 00:00:00 +0000 UTC 0001-01-01 00:00:00 +0000 UTC  } {PodScheduled True 0001-01-01 00:00:00 +0000 UTC 2018-09-17 07:15:20 +0000 UTC  }]&#xA;Sep 19 08:03:42.218: INFO: logging-elk-kibana-ff4db4866-s2295                               10.46.6.171  Running           [{Initialized True 0001-01-01 00:00:00 +0000 UTC 2018-09-17 07:15:21 +0000 UTC  } {Ready True 0001-01-01 00:00:00 +0000 UTC 2018-09-17 07:15:45 +0000 UTC  } {ContainersReady True 0001-01-01 00:00:00 +0000 UTC 0001-01-01 00:00:00 +0000 UTC  } {PodScheduled True 0001-01-01 00:00:00 +0000 UTC 2018-09-17 07:15:21 +0000 UTC  }]&#xA;Sep 19 08:03:42.218: INFO: logging-elk-logstash-7994656f46-r89mt                            10.46.6.171  Running           [{Initialized True 0001-01-01 00:00:00 +0000 UTC 2018-09-17 07:15:22 +0000 UTC  } {Ready True 0001-01-01 00:00:00 +0000 UTC 2018-09-17 07:16:16 +0000 UTC  } {ContainersReady True 0001-01-01 00:00:00 +0000 UTC 0001-01-01 00:00:00 +0000 UTC  } {PodScheduled True 0001-01-01 00:00:00 +0000 UTC 2018-09-17 07:15:21 +0000 UTC  }]&#xA;Sep 19 08:03:42.218: INFO: logging-elk-master-6cdcf45f7d-gp28f                              10.46.6.171  Running           [{Initialized True 0001-01-01 00:00:00 +0000 UTC 2018-09-17 07:15:47 +0000 UTC  } {Ready True 0001-01-01 00:00:00 +0000 UTC 2018-09-17 07:16:16 +0000 UTC  } {ContainersReady True 0001-01-01 00:00:00 +0000 UTC 0001-01-01 00:00:00 +0000 UTC  } {PodScheduled True 0001-01-01 00:00:00 +0000 UTC 2018-09-17 07:15:21 +0000 UTC  }]&#xA;Sep 19 08:03:42.218: INFO: mariadb-0                                                        10.46.6.173  Running           [{Initialized True 0001-01-01 00:00:00 +0000 UTC 2018-09-17 07:08:38 +0000 UTC  } {Ready True 0001-01-01 00:00:00 +0000 UTC 2018-09-17 07:09:15 +0000 UTC  } {ContainersReady True 0001-01-01 00:00:00 +0000 UTC 0001-01-01 00:00:00 +0000 UTC  } {PodScheduled True 0001-01-01 00:00:00 +0000 UTC 2018-09-17 07:08:37 +0000 UTC  }]&#xA;Sep 19 08:03:42.218: INFO: metering-dm-8b475fc57-cmm6h                                      10.46.6.171  Running           [{Initialized True 0001-01-01 00:00:00 +0000 UTC 2018-09-17 07:14:20 +0000 UTC  } {Ready True 0001-01-01 00:00:00 +0000 UTC 2018-09-17 07:14:49 +0000 UTC  } {ContainersReady True 0001-01-01 00:00:00 +0000 UTC 0001-01-01 00:00:00 +0000 UTC  } {PodScheduled True 0001-01-01 00:00:00 +0000 UTC 2018-09-17 07:14:12 +0000 UTC  }]&#xA;Sep 19 08:03:42.218: INFO: metering-reader-44wd7                                            10.46.6.170  Running           [{Initialized True 0001-01-01 00:00:00 +0000 UTC 2018-09-17 07:14:20 +0000 UTC  } {Ready True 0001-01-01 00:00:00 +0000 UTC 2018-09-17 07:14:46 +0000 UTC  } {ContainersReady True 0001-01-01 00:00:00 +0000 UTC 0001-01-01 00:00:00 +0000 UTC  } {PodScheduled True 0001-01-01 00:00:00 +0000 UTC 2018-09-17 07:14:11 +0000 UTC  }]&#xA;Sep 19 08:03:42.218: INFO: metering-reader-gsrdg                                            10.46.6.172  Running           [{Initialized True 0001-01-01 00:00:00 +0000 UTC 2018-09-17 07:14:23 +0000 UTC  } {Ready True 0001-01-01 00:00:00 +0000 UTC 2018-09-17 07:14:52 +0000 UTC  } {ContainersReady True 0001-01-01 00:00:00 +0000 UTC 0001-01-01 00:00:00 +0000 UTC  } {PodScheduled True 0001-01-01 00:00:00 +0000 UTC 2018-09-17 07:14:11 +0000 UTC  }]&#xA;Sep 19 08:03:42.218: INFO: metering-reader-l7284                                            10.46.6.173  Running           [{Initialized True 0001-01-01 00:00:00 +0000 UTC 2018-09-17 07:14:24 +0000 UTC  } {Ready True 0001-01-01 00:00:00 +0000 UTC 2018-09-17 07:14:45 +0000 UTC  } {ContainersReady True 0001-01-01 00:00:00 +0000 UTC 0001-01-01 00:00:00 +0000 UTC  } {PodScheduled True 0001-01-01 00:00:00 +0000 UTC 2018-09-17 07:14:11 +0000 UTC  }]&#xA;Sep 19 08:03:42.218: INFO: metering-reader-xq8f2                                            10.46.6.171  Running           [{Initialized True 0001-01-01 00:00:00 +0000 UTC 2018-09-17 07:14:23 +0000 UTC  } {Ready True 0001-01-01 00:00:00 +0000 UTC 2018-09-17 07:14:55 +0000 UTC  } {ContainersReady True 0001-01-01 00:00:00 +0000 UTC 0001-01-01 00:00:00 +0000 UTC  } {PodScheduled True 0001-01-01 00:00:00 +0000 UTC 2018-09-17 07:14:11 +0000 UTC  }]&#xA;Sep 19 08:03:42.218: INFO: metering-ui-5bbfbb5d49-wkh8m                                     10.46.6.171  Running           [{Initialized True 0001-01-01 00:00:00 +0000 UTC 2018-09-17 07:14:22 +0000 UTC  } {Ready True 0001-01-01 00:00:00 +0000 UTC 2018-09-17 07:14:55 +0000 UTC  } {ContainersReady True 0001-01-01 00:00:00 +0000 UTC 0001-01-01 00:00:00 +0000 UTC  } {PodScheduled True 0001-01-01 00:00:00 +0000 UTC 2018-09-17 07:14:12 +0000 UTC  }]&#xA;Sep 19 08:03:42.218: INFO: metrics-server-6d6695f9db-8t4xs                                  10.46.6.171  Running           [{Initialized True 0001-01-01 00:00:00 +0000 UTC 2018-09-17 07:08:51 +0000 UTC  } {Ready True 0001-01-01 00:00:00 +0000 UTC 2018-09-17 07:08:55 +0000 UTC  } {ContainersReady True 0001-01-01 00:00:00 +0000 UTC 0001-01-01 00:00:00 +0000 UTC  } {PodScheduled True 0001-01-01 00:00:00 +0000 UTC 2018-09-17 07:08:51 +0000 UTC  }]&#xA;Sep 19 08:03:42.218: INFO: mgmt-repo-57dc689b74-tmp44                                       10.46.6.173  Running           [{Initialized True 0001-01-01 00:00:00 +0000 UTC 2018-09-17 07:18:10 +0000 UTC  } {Ready True 0001-01-01 00:00:00 +0000 UTC 2018-09-17 07:18:54 +0000 UTC  } {ContainersReady True 0001-01-01 00:00:00 +0000 UTC 0001-01-01 00:00:00 +0000 UTC  } {PodScheduled True 0001-01-01 00:00:00 +0000 UTC 2018-09-17 07:17:50 +0000 UTC  }]&#xA;Sep 19 08:03:42.218: INFO: monitoring-grafana-548b947c8c-dh89z                              10.46.6.171  Running           [{Initialized True 0001-01-01 00:00:00 +0000 UTC 2018-09-17 07:16:14 +0000 UTC  } {Ready True 0001-01-01 00:00:00 +0000 UTC 2018-09-17 07:16:59 +0000 UTC  } {ContainersReady True 0001-01-01 00:00:00 +0000 UTC 0001-01-01 00:00:00 +0000 UTC  } {PodScheduled True 0001-01-01 00:00:00 +0000 UTC 2018-09-17 07:15:46 +0000 UTC  }]&#xA;Sep 19 08:03:42.218: INFO: monitoring-prometheus-6677d7c77f-pnpt5                           10.46.6.171  Running           [{Initialized True 0001-01-01 00:00:00 +0000 UTC 2018-09-17 07:16:14 +0000 UTC  } {Ready True 0001-01-01 00:00:00 +0000 UTC 2018-09-17 07:17:03 +0000 UTC  } {ContainersReady True 0001-01-01 00:00:00 +0000 UTC 0001-01-01 00:00:00 +0000 UTC  } {PodScheduled True 0001-01-01 00:00:00 +0000 UTC 2018-09-17 07:15:45 +0000 UTC  }]&#xA;Sep 19 08:03:42.218: INFO: monitoring-prometheus-alertmanager-7d8749dbb8-xj68d              10.46.6.171  Running           [{Initialized True 0001-01-01 00:00:00 +0000 UTC 2018-09-17 07:15:46 +0000 UTC  } {Ready True 0001-01-01 00:00:00 +0000 UTC 2018-09-17 07:16:45 +0000 UTC  } {ContainersReady True 0001-01-01 00:00:00 +0000 UTC 0001-01-01 00:00:00 +0000 UTC  } {PodScheduled True 0001-01-01 00:00:00 +0000 UTC 2018-09-17 07:15:45 +0000 UTC  }]&#xA;Sep 19 08:03:42.218: INFO: monitoring-prometheus-collectdexporter-77575678dc-v8n2l          10.46.6.171  Running           [{Initialized True 0001-01-01 00:00:00 +0000 UTC 2018-09-17 07:15:46 +0000 UTC  } {Ready True 0001-01-01 00:00:00 +0000 UTC 2018-09-17 07:16:42 +0000 UTC  } {ContainersReady True 0001-01-01 00:00:00 +0000 UTC 0001-01-01 00:00:00 +0000 UTC  } {PodScheduled True 0001-01-01 00:00:00 +0000 UTC 2018-09-17 07:15:45 +0000 UTC  }]&#xA;Sep 19 08:03:42.218: INFO: monitoring-prometheus-elasticsearchexporter-655864cccb-c6tps     10.46.6.171  Running           [{Initialized True 0001-01-01 00:00:00 +0000 UTC 2018-09-17 07:15:46 +0000 UTC  } {Ready True 0001-01-01 00:00:00 +0000 UTC 2018-09-17 07:16:52 +0000 UTC  } {ContainersReady True 0001-01-01 00:00:00 +0000 UTC 0001-01-01 00:00:00 +0000 UTC  } {PodScheduled True 0001-01-01 00:00:00 +0000 UTC 2018-09-17 07:15:45 +0000 UTC  }]&#xA;Sep 19 08:03:42.218: INFO: monitoring-prometheus-kubestatemetrics-54dcbb6cfb-76zmm          10.46.6.171  Running           [{Initialized True 0001-01-01 00:00:00 +0000 UTC 2018-09-17 07:15:45 +0000 UTC  } {Ready True 0001-01-01 00:00:00 +0000 UTC 2018-09-17 07:16:34 +0000 UTC  } {ContainersReady True 0001-01-01 00:00:00 +0000 UTC 0001-01-01 00:00:00 +0000 UTC  } {PodScheduled True 0001-01-01 00:00:00 +0000 UTC 2018-09-17 07:15:45 +0000 UTC  }]&#xA;Sep 19 08:03:42.218: INFO: monitoring-prometheus-nodeexporter-9fnpb                         10.46.6.171  Running           [{Initialized True 0001-01-01 00:00:00 +0000 UTC 2018-09-17 07:15:44 +0000 UTC  } {Ready True 0001-01-01 00:00:00 +0000 UTC 2018-09-17 07:16:44 +0000 UTC  } {ContainersReady True 0001-01-01 00:00:00 +0000 UTC 0001-01-01 00:00:00 +0000 UTC  } {PodScheduled True 0001-01-01 00:00:00 +0000 UTC 2018-09-17 07:15:44 +0000 UTC  }]&#xA;Sep 19 08:03:42.218: INFO: monitoring-prometheus-nodeexporter-f84fv                         10.46.6.173  Running           [{Initialized True 0001-01-01 00:00:00 +0000 UTC 2018-09-17 07:15:45 +0000 UTC  } {Ready True 0001-01-01 00:00:00 +0000 UTC 2018-09-17 07:16:28 +0000 UTC  } {ContainersReady True 0001-01-01 00:00:00 +0000 UTC 0001-01-01 00:00:00 +0000 UTC  } {PodScheduled True 0001-01-01 00:00:00 +0000 UTC 2018-09-17 07:15:45 +0000 UTC  }]&#xA;Sep 19 08:03:42.219: INFO: monitoring-prometheus-nodeexporter-tpbc8                         10.46.6.170  Running           [{Initialized True 0001-01-01 00:00:00 +0000 UTC 2018-09-17 07:15:44 +0000 UTC  } {Ready True 0001-01-01 00:00:00 +0000 UTC 2018-09-17 07:16:27 +0000 UTC  } {ContainersReady True 0001-01-01 00:00:00 +0000 UTC 0001-01-01 00:00:00 +0000 UTC  } {PodScheduled True 0001-01-01 00:00:00 +0000 UTC 2018-09-17 07:15:44 +0000 UTC  }]&#xA;Sep 19 08:03:42.219: INFO: monitoring-prometheus-nodeexporter-v4l7d                         10.46.6.172  Running           [{Initialized True 0001-01-01 00:00:00 +0000 UTC 2018-09-17 07:15:44 +0000 UTC  } {Ready True 0001-01-01 00:00:00 +0000 UTC 2018-09-17 07:16:31 +0000 UTC  } {ContainersReady True 0001-01-01 00:00:00 +0000 UTC 0001-01-01 00:00:00 +0000 UTC  } {PodScheduled True 0001-01-01 00:00:00 +0000 UTC 2018-09-17 07:15:44 +0000 UTC  }]&#xA;Sep 19 08:03:42.219: INFO: my-ibm-open-liberty-ibm-7f7d9778d7-7t5jc                         10.46.6.170  Running           [{Initialized True 0001-01-01 00:00:00 +0000 UTC 2018-09-17 08:22:24 +0000 UTC  } {Ready True 0001-01-01 00:00:00 +0000 UTC 2018-09-17 08:23:21 +0000 UTC  } {ContainersReady True 0001-01-01 00:00:00 +0000 UTC 0001-01-01 00:00:00 +0000 UTC  } {PodScheduled True 0001-01-01 00:00:00 +0000 UTC 2018-09-17 08:22:24 +0000 UTC  }]&#xA;Sep 19 08:03:42.219: INFO: nginx-ingress-controller-h5z2v                                   10.46.6.173  Running           [{Initialized True 0001-01-01 00:00:00 +0000 UTC 2018-09-17 07:08:39 +0000 UTC  } {Ready True 0001-01-01 00:00:00 +0000 UTC 2018-09-17 07:08:54 +0000 UTC  } {ContainersReady True 0001-01-01 00:00:00 +0000 UTC 0001-01-01 00:00:00 +0000 UTC  } {PodScheduled True 0001-01-01 00:00:00 +0000 UTC 2018-09-17 07:08:28 +0000 UTC  }]&#xA;Sep 19 08:03:42.219: INFO: nvidia-device-plugin-9h2k4                                       10.46.6.170  Running           [{Initialized True 0001-01-01 00:00:00 +0000 UTC 2018-09-17 07:07:23 +0000 UTC  } {Ready True 0001-01-01 00:00:00 +0000 UTC 2018-09-17 07:07:24 +0000 UTC  } {ContainersReady True 0001-01-01 00:00:00 +0000 UTC 0001-01-01 00:00:00 +0000 UTC  } {PodScheduled True 0001-01-01 00:00:00 +0000 UTC 2018-09-17 07:07:17 +0000 UTC  }]&#xA;Sep 19 08:03:42.219: INFO: nvidia-device-plugin-nh54k                                       10.46.6.173  Running           [{Initialized True 0001-01-01 00:00:00 +0000 UTC 2018-09-17 07:07:29 +0000 UTC  } {Ready True 0001-01-01 00:00:00 +0000 UTC 2018-09-17 07:07:33 +0000 UTC  } {ContainersReady True 0001-01-01 00:00:00 +0000 UTC 0001-01-01 00:00:00 +0000 UTC  } {PodScheduled True 0001-01-01 00:00:00 +0000 UTC 2018-09-17 07:07:17 +0000 UTC  }]&#xA;Sep 19 08:03:42.219: INFO: nvidia-device-plugin-vh85n                                       10.46.6.171  Running           [{Initialized True 0001-01-01 00:00:00 +0000 UTC 2018-09-17 07:07:21 +0000 UTC  } {Ready True 0001-01-01 00:00:00 +0000 UTC 2018-09-17 07:07:23 +0000 UTC  } {ContainersReady True 0001-01-01 00:00:00 +0000 UTC 0001-01-01 00:00:00 +0000 UTC  } {PodScheduled True 0001-01-01 00:00:00 +0000 UTC 2018-09-17 07:07:17 +0000 UTC  }]&#xA;Sep 19 08:03:42.219: INFO: nvidia-device-plugin-w9jr8                                       10.46.6.172  Running           [{Initialized True 0001-01-01 00:00:00 +0000 UTC 2018-09-17 07:07:24 +0000 UTC  } {Ready True 0001-01-01 00:00:00 +0000 UTC 2018-09-17 07:07:26 +0000 UTC  } {ContainersReady True 0001-01-01 00:00:00 +0000 UTC 0001-01-01 00:00:00 +0000 UTC  } {PodScheduled True 0001-01-01 00:00:00 +0000 UTC 2018-09-17 07:07:17 +0000 UTC  }]&#xA;Sep 19 08:03:42.219: INFO: oidc-client-registration-szxrk                                   10.46.6.173  Succeeded         [{Initialized True 0001-01-01 00:00:00 +0000 UTC 2018-09-17 07:10:05 +0000 UTC PodCompleted } {Ready False 0001-01-01 00:00:00 +0000 UTC 2018-09-17 07:12:27 +0000 UTC PodCompleted } {ContainersReady False 0001-01-01 00:00:00 +0000 UTC 0001-01-01 00:00:00 +0000 UTC PodCompleted } {PodScheduled True 0001-01-01 00:00:00 +0000 UTC 2018-09-17 07:10:04 +0000 UTC  }]&#xA;Sep 19 08:03:42.219: INFO: platform-api-2fs4x                                               10.46.6.173  Running           [{Initialized True 0001-01-01 00:00:00 +0000 UTC 2018-09-17 07:08:45 +0000 UTC  } {Ready True 0001-01-01 00:00:00 +0000 UTC 2018-09-17 07:16:29 +0000 UTC  } {ContainersReady True 0001-01-01 00:00:00 +0000 UTC 0001-01-01 00:00:00 +0000 UTC  } {PodScheduled True 0001-01-01 00:00:00 +0000 UTC 2018-09-17 07:08:45 +0000 UTC  }]&#xA;Sep 19 08:03:42.219: INFO: platform-deploy-dbbks                                            10.46.6.173  Running           [{Initialized True 0001-01-01 00:00:00 +0000 UTC 2018-09-17 07:08:45 +0000 UTC  } {Ready True 0001-01-01 00:00:00 +0000 UTC 2018-09-17 07:08:57 +0000 UTC  } {ContainersReady True 0001-01-01 00:00:00 +0000 UTC 0001-01-01 00:00:00 +0000 UTC  } {PodScheduled True 0001-01-01 00:00:00 +0000 UTC 2018-09-17 07:08:45 +0000 UTC  }]&#xA;Sep 19 08:03:42.219: INFO: platform-ui-6fjgx                                                10.46.6.173  Running           [{Initialized True 0001-01-01 00:00:00 +0000 UTC 2018-09-17 07:14:34 +0000 UTC  } {Ready True 0001-01-01 00:00:00 +0000 UTC 2018-09-17 07:15:20 +0000 UTC  } {ContainersReady True 0001-01-01 00:00:00 +0000 UTC 0001-01-01 00:00:00 +0000 UTC  } {PodScheduled True 0001-01-01 00:00:00 +0000 UTC 2018-09-17 07:14:34 +0000 UTC  }]&#xA;Sep 19 08:03:42.219: INFO: secret-watcher-5f59fcbc69-pfnfk                                  10.46.6.173  Running           [{Initialized True 0001-01-01 00:00:00 +0000 UTC 2018-09-17 07:18:05 +0000 UTC  } {Ready True 0001-01-01 00:00:00 +0000 UTC 2018-09-17 07:18:30 +0000 UTC  } {ContainersReady True 0001-01-01 00:00:00 +0000 UTC 0001-01-01 00:00:00 +0000 UTC  } {PodScheduled True 0001-01-01 00:00:00 +0000 UTC 2018-09-17 07:18:04 +0000 UTC  }]&#xA;Sep 19 08:03:42.219: INFO: security-onboarding-tkf79                                        10.46.6.173  Succeeded         [{Initialized True 0001-01-01 00:00:00 +0000 UTC 2018-09-17 07:18:12 +0000 UTC PodCompleted } {Ready False 0001-01-01 00:00:00 +0000 UTC 2018-09-17 07:20:02 +0000 UTC PodCompleted } {ContainersReady False 0001-01-01 00:00:00 +0000 UTC 0001-01-01 00:00:00 +0000 UTC PodCompleted } {PodScheduled True 0001-01-01 00:00:00 +0000 UTC 2018-09-17 07:18:12 +0000 UTC  }]&#xA;Sep 19 08:03:42.219: INFO: service-catalog-apiserver-967x9                                  10.46.6.173  Running           [{Initialized True 0001-01-01 00:00:00 +0000 UTC 2018-09-17 07:08:20 +0000 UTC  } {Ready True 0001-01-01 00:00:00 +0000 UTC 2018-09-17 07:09:01 +0000 UTC  } {ContainersReady True 0001-01-01 00:00:00 +0000 UTC 0001-01-01 00:00:00 +0000 UTC  } {PodScheduled True 0001-01-01 00:00:00 +0000 UTC 2018-09-17 07:08:20 +0000 UTC  }]&#xA;Sep 19 08:03:42.219: INFO: service-catalog-controller-manager-5969cccf86-65phs              10.46.6.173  Running           [{Initialized True 0001-01-01 00:00:00 +0000 UTC 2018-09-17 07:08:21 +0000 UTC  } {Ready True 0001-01-01 00:00:00 +0000 UTC 2018-09-17 07:08:34 +0000 UTC  } {ContainersReady True 0001-01-01 00:00:00 +0000 UTC 0001-01-01 00:00:00 +0000 UTC  } {PodScheduled True 0001-01-01 00:00:00 +0000 UTC 2018-09-17 07:08:20 +0000 UTC  }]&#xA;Sep 19 08:03:42.219: INFO: tiller-deploy-6b58875cb-5l8kh                                    10.46.6.173  Running           [{Initialized True 0001-01-01 00:00:00 +0000 UTC 2018-09-17 07:05:28 +0000 UTC  } {Ready True 0001-01-01 00:00:00 +0000 UTC 2018-09-17 07:05:43 +0000 UTC  } {ContainersReady True 0001-01-01 00:00:00 +0000 UTC 0001-01-01 00:00:00 +0000 UTC  } {PodScheduled True 0001-01-01 00:00:00 +0000 UTC 2018-09-17 07:05:28 +0000 UTC  }]&#xA;Sep 19 08:03:42.219: INFO: unified-router-lkwnl                                             10.46.6.173  Running           [{Initialized True 0001-01-01 00:00:00 +0000 UTC 2018-09-17 07:15:31 +0000 UTC  } {Ready True 0001-01-01 00:00:00 +0000 UTC 2018-09-17 07:15:40 +0000 UTC  } {ContainersReady True 0001-01-01 00:00:00 +0000 UTC 0001-01-01 00:00:00 +0000 UTC  } {PodScheduled True 0001-01-01 00:00:00 +0000 UTC 2018-09-17 07:15:31 +0000 UTC  }]&#xA;Sep 19 08:03:42.219: INFO: vulnerability-advisor-compliance-annotator-d5659b9d9-kmn8q       10.46.6.172  Running           [{Initialized True 0001-01-01 00:00:00 +0000 UTC 2018-09-17 07:19:03 +0000 UTC  } {Ready True 0001-01-01 00:00:00 +0000 UTC 2018-09-17 07:21:08 +0000 UTC  } {ContainersReady True 0001-01-01 00:00:00 +0000 UTC 0001-01-01 00:00:00 +0000 UTC  } {PodScheduled True 0001-01-01 00:00:00 +0000 UTC 2018-09-17 07:19:03 +0000 UTC  }]&#xA;Sep 19 08:03:42.219: INFO: vulnerability-advisor-compliance-indexer-7cbdc64b57-47lmd        10.46.6.172  Running           [{Initialized True 0001-01-01 00:00:00 +0000 UTC 2018-09-17 07:19:07 +0000 UTC  } {Ready True 0001-01-01 00:00:00 +0000 UTC 2018-09-17 07:19:33 +0000 UTC  } {ContainersReady True 0001-01-01 00:00:00 +0000 UTC 0001-01-01 00:00:00 +0000 UTC  } {PodScheduled True 0001-01-01 00:00:00 +0000 UTC 2018-09-17 07:19:06 +0000 UTC  }]&#xA;Sep 19 08:03:42.219: INFO: vulnerability-advisor-config-parser-5d44b78fd5-z4k9t             10.46.6.172  Running           [{Initialized True 0001-01-01 00:00:00 +0000 UTC 2018-09-17 07:19:04 +0000 UTC  } {Ready True 0001-01-01 00:00:00 +0000 UTC 2018-09-17 07:21:09 +0000 UTC  } {ContainersReady True 0001-01-01 00:00:00 +0000 UTC 0001-01-01 00:00:00 +0000 UTC  } {PodScheduled True 0001-01-01 00:00:00 +0000 UTC 2018-09-17 07:19:03 +0000 UTC  }]&#xA;Sep 19 08:03:42.219: INFO: vulnerability-advisor-cos-indexer-57899b7dd6-7cpf8               10.46.6.172  Running           [{Initialized True 0001-01-01 00:00:00 +0000 UTC 2018-09-17 07:19:04 +0000 UTC  } {Ready True 0001-01-01 00:00:00 +0000 UTC 2018-09-19 07:20:04 +0000 UTC  } {ContainersReady True 0001-01-01 00:00:00 +0000 UTC 0001-01-01 00:00:00 +0000 UTC  } {PodScheduled True 0001-01-01 00:00:00 +0000 UTC 2018-09-17 07:19:04 +0000 UTC  }]&#xA;Sep 19 08:03:42.219: INFO: vulnerability-advisor-kafka-0                                    10.46.6.172  Running           [{Initialized True 0001-01-01 00:00:00 +0000 UTC 2018-09-17 07:19:13 +0000 UTC  } {Ready True 0001-01-01 00:00:00 +0000 UTC 2018-09-17 07:20:53 +0000 UTC  } {ContainersReady True 0001-01-01 00:00:00 +0000 UTC 0001-01-01 00:00:00 +0000 UTC  } {PodScheduled True 0001-01-01 00:00:00 +0000 UTC 2018-09-17 07:19:13 +0000 UTC  }]&#xA;Sep 19 08:03:42.219: INFO: vulnerability-advisor-live-crawler-84st2                         10.46.6.172  Running           [{Initialized True 0001-01-01 00:00:00 +0000 UTC 2018-09-17 07:19:03 +0000 UTC  } {Ready True 0001-01-01 00:00:00 +0000 UTC 2018-09-17 07:19:26 +0000 UTC  } {ContainersReady True 0001-01-01 00:00:00 +0000 UTC 0001-01-01 00:00:00 +0000 UTC  } {PodScheduled True 0001-01-01 00:00:00 +0000 UTC 2018-09-17 07:19:03 +0000 UTC  }]&#xA;Sep 19 08:03:42.219: INFO: vulnerability-advisor-live-crawler-ccxd7                         10.46.6.170  Running           [{Initialized True 0001-01-01 00:00:00 +0000 UTC 2018-09-17 07:19:03 +0000 UTC  } {Ready True 0001-01-01 00:00:00 +0000 UTC 2018-09-17 07:19:14 +0000 UTC  } {ContainersReady True 0001-01-01 00:00:00 +0000 UTC 0001-01-01 00:00:00 +0000 UTC  } {PodScheduled True 0001-01-01 00:00:00 +0000 UTC 2018-09-17 07:19:03 +0000 UTC  }]&#xA;Sep 19 08:03:42.219: INFO: vulnerability-advisor-live-crawler-p6khc                         10.46.6.173  Running           [{Initialized True 0001-01-01 00:00:00 +0000 UTC 2018-09-17 07:19:02 +0000 UTC  } {Ready True 0001-01-01 00:00:00 +0000 UTC 2018-09-17 07:19:22 +0000 UTC  } {ContainersReady True 0001-01-01 00:00:00 +0000 UTC 0001-01-01 00:00:00 +0000 UTC  } {PodScheduled True 0001-01-01 00:00:00 +0000 UTC 2018-09-17 07:19:02 +0000 UTC  }]&#xA;Sep 19 08:03:42.219: INFO: vulnerability-advisor-live-crawler-xxz8p                         10.46.6.171  Running           [{Initialized True 0001-01-01 00:00:00 +0000 UTC 2018-09-17 07:19:03 +0000 UTC  } {Ready True 0001-01-01 00:00:00 +0000 UTC 2018-09-17 07:19:18 +0000 UTC  } {ContainersReady True 0001-01-01 00:00:00 +0000 UTC 0001-01-01 00:00:00 +0000 UTC  } {PodScheduled True 0001-01-01 00:00:00 +0000 UTC 2018-09-17 07:19:03 +0000 UTC  }]&#xA;Sep 19 08:03:42.219: INFO: vulnerability-advisor-ma-file-annotator-6b95df8886-jtczz         10.46.6.172  Running           [{Initialized True 0001-01-01 00:00:00 +0000 UTC 2018-09-17 07:19:04 +0000 UTC  } {Ready True 0001-01-01 00:00:00 +0000 UTC 2018-09-17 07:23:32 +0000 UTC  } {ContainersReady True 0001-01-01 00:00:00 +0000 UTC 0001-01-01 00:00:00 +0000 UTC  } {PodScheduled True 0001-01-01 00:00:00 +0000 UTC 2018-09-17 07:19:04 +0000 UTC  }]&#xA;Sep 19 08:03:42.219: INFO: vulnerability-advisor-minio-0                                    10.46.6.172  Running           [{Initialized True 0001-01-01 00:00:00 +0000 UTC 2018-09-17 07:21:51 +0000 UTC  } {Ready True 0001-01-01 00:00:00 +0000 UTC 2018-09-17 07:21:54 +0000 UTC  } {ContainersReady True 0001-01-01 00:00:00 +0000 UTC 0001-01-01 00:00:00 +0000 UTC  } {PodScheduled True 0001-01-01 00:00:00 +0000 UTC 2018-09-17 07:19:15 +0000 UTC  }]&#xA;Sep 19 08:03:42.219: INFO: vulnerability-advisor-minio-cleaner-1537228740-55f4w             10.46.6.172  Succeeded         [{Initialized True 0001-01-01 00:00:00 +0000 UTC 2018-09-17 23:59:03 +0000 UTC PodCompleted } {Ready False 0001-01-01 00:00:00 +0000 UTC 2018-09-17 23:59:42 +0000 UTC PodCompleted } {ContainersReady False 0001-01-01 00:00:00 +0000 UTC 0001-01-01 00:00:00 +0000 UTC PodCompleted } {PodScheduled True 0001-01-01 00:00:00 +0000 UTC 2018-09-17 23:59:03 +0000 UTC  }]&#xA;Sep 19 08:03:42.220: INFO: vulnerability-advisor-minio-cleaner-1537315140-nqk7v             10.46.6.172  Succeeded         [{Initialized True 0001-01-01 00:00:00 +0000 UTC 2018-09-18 23:59:04 +0000 UTC PodCompleted } {Ready False 0001-01-01 00:00:00 +0000 UTC 2018-09-19 00:00:52 +0000 UTC PodCompleted } {ContainersReady False 0001-01-01 00:00:00 +0000 UTC 0001-01-01 00:00:00 +0000 UTC PodCompleted } {PodScheduled True 0001-01-01 00:00:00 +0000 UTC 2018-09-18 23:59:04 +0000 UTC  }]&#xA;Sep 19 08:03:42.220: INFO: vulnerability-advisor-notification-dispatcher-86f8bf4b4d-cfdzb   10.46.6.172  Running           [{Initialized True 0001-01-01 00:00:00 +0000 UTC 2018-09-17 07:19:04 +0000 UTC  } {Ready True 0001-01-01 00:00:00 +0000 UTC 2018-09-17 07:20:31 +0000 UTC  } {ContainersReady True 0001-01-01 00:00:00 +0000 UTC 0001-01-01 00:00:00 +0000 UTC  } {PodScheduled True 0001-01-01 00:00:00 +0000 UTC 2018-09-17 07:19:04 +0000 UTC  }]&#xA;Sep 19 08:03:42.220: INFO: vulnerability-advisor-password-annotator-79b5d794b5-wnwqn        10.46.6.172  Running           [{Initialized True 0001-01-01 00:00:00 +0000 UTC 2018-09-17 07:19:05 +0000 UTC  } {Ready True 0001-01-01 00:00:00 +0000 UTC 2018-09-17 07:20:29 +0000 UTC  } {ContainersReady True 0001-01-01 00:00:00 +0000 UTC 0001-01-01 00:00:00 +0000 UTC  } {PodScheduled True 0001-01-01 00:00:00 +0000 UTC 2018-09-17 07:19:04 +0000 UTC  }]&#xA;Sep 19 08:03:42.220: INFO: vulnerability-advisor-process-ma-annotator-58f47d5b5f-4wglg      10.46.6.172  Running           [{Initialized True 0001-01-01 00:00:00 +0000 UTC 2018-09-17 07:19:06 +0000 UTC  } {Ready True 0001-01-01 00:00:00 +0000 UTC 2018-09-17 07:20:56 +0000 UTC  } {ContainersReady True 0001-01-01 00:00:00 +0000 UTC 0001-01-01 00:00:00 +0000 UTC  } {PodScheduled True 0001-01-01 00:00:00 +0000 UTC 2018-09-17 07:19:05 +0000 UTC  }]&#xA;Sep 19 08:03:42.220: INFO: vulnerability-advisor-process-ma-annotator-58f47d5b5f-xbxrc      10.46.6.172  Running           [{Initialized True 0001-01-01 00:00:00 +0000 UTC 2018-09-17 07:19:06 +0000 UTC  } {Ready True 0001-01-01 00:00:00 +0000 UTC 2018-09-17 07:21:50 +0000 UTC  } {ContainersReady True 0001-01-01 00:00:00 +0000 UTC 0001-01-01 00:00:00 +0000 UTC  } {PodScheduled True 0001-01-01 00:00:00 +0000 UTC 2018-09-17 07:19:05 +0000 UTC  }]&#xA;Sep 19 08:03:42.220: INFO: vulnerability-advisor-process-ma-annotator-init-869545d547nn27w  10.46.6.172  Running           [{Initialized True 0001-01-01 00:00:00 +0000 UTC 2018-09-17 07:19:06 +0000 UTC  } {Ready True 0001-01-01 00:00:00 +0000 UTC 2018-09-17 07:19:42 +0000 UTC  } {ContainersReady True 0001-01-01 00:00:00 +0000 UTC 0001-01-01 00:00:00 +0000 UTC  } {PodScheduled True 0001-01-01 00:00:00 +0000 UTC 2018-09-17 07:19:05 +0000 UTC  }]&#xA;Sep 19 08:03:42.220: INFO: vulnerability-advisor-process-ma-crawler-24z6k                   10.46.6.172  Running           [{Initialized True 0001-01-01 00:00:00 +0000 UTC 2018-09-17 07:19:03 +0000 UTC  } {Ready True 0001-01-01 00:00:00 +0000 UTC 2018-09-17 07:19:32 +0000 UTC  } {ContainersReady True 0001-01-01 00:00:00 +0000 UTC 0001-01-01 00:00:00 +0000 UTC  } {PodScheduled True 0001-01-01 00:00:00 +0000 UTC 2018-09-17 07:19:03 +0000 UTC  }]&#xA;Sep 19 08:03:42.220: INFO: vulnerability-advisor-process-ma-crawler-5g4zk                   10.46.6.170  Running           [{Initialized True 0001-01-01 00:00:00 +0000 UTC 2018-09-17 07:19:03 +0000 UTC  } {Ready True 0001-01-01 00:00:00 +0000 UTC 2018-09-17 07:19:16 +0000 UTC  } {ContainersReady True 0001-01-01 00:00:00 +0000 UTC 0001-01-01 00:00:00 +0000 UTC  } {PodScheduled True 0001-01-01 00:00:00 +0000 UTC 2018-09-17 07:19:03 +0000 UTC  }]&#xA;Sep 19 08:03:42.220: INFO: vulnerability-advisor-process-ma-crawler-96728                   10.46.6.173  Running           [{Initialized True 0001-01-01 00:00:00 +0000 UTC 2018-09-17 07:19:03 +0000 UTC  } {Ready True 0001-01-01 00:00:00 +0000 UTC 2018-09-17 07:19:23 +0000 UTC  } {ContainersReady True 0001-01-01 00:00:00 +0000 UTC 0001-01-01 00:00:00 +0000 UTC  } {PodScheduled True 0001-01-01 00:00:00 +0000 UTC 2018-09-17 07:19:03 +0000 UTC  }]&#xA;Sep 19 08:03:42.220: INFO: vulnerability-advisor-process-ma-crawler-b7k2d                   10.46.6.171  Running           [{Initialized True 0001-01-01 00:00:00 +0000 UTC 2018-09-17 07:19:03 +0000 UTC  } {Ready True 0001-01-01 00:00:00 +0000 UTC 2018-09-17 07:19:13 +0000 UTC  } {ContainersReady True 0001-01-01 00:00:00 +0000 UTC 0001-01-01 00:00:00 +0000 UTC  } {PodScheduled True 0001-01-01 00:00:00 +0000 UTC 2018-09-17 07:19:03 +0000 UTC  }]&#xA;Sep 19 08:03:42.220: INFO: vulnerability-advisor-registry-crawler-6f9568677b-bfpm6          10.46.6.172  Running           [{Initialized True 0001-01-01 00:00:00 +0000 UTC 2018-09-17 07:19:08 +0000 UTC  } {Ready True 0001-01-01 00:00:00 +0000 UTC 2018-09-17 07:19:48 +0000 UTC  } {ContainersReady True 0001-01-01 00:00:00 +0000 UTC 0001-01-01 00:00:00 +0000 UTC  } {PodScheduled True 0001-01-01 00:00:00 +0000 UTC 2018-09-17 07:19:07 +0000 UTC  }]&#xA;Sep 19 08:03:42.220: INFO: vulnerability-advisor-rootkit-annotator-74cb65b5cf-2dk5j         10.46.6.172  Running           [{Initialized True 0001-01-01 00:00:00 +0000 UTC 2018-09-17 07:19:08 +0000 UTC  } {Ready True 0001-01-01 00:00:00 +0000 UTC 2018-09-17 07:20:26 +0000 UTC  } {ContainersReady True 0001-01-01 00:00:00 +0000 UTC 0001-01-01 00:00:00 +0000 UTC  } {PodScheduled True 0001-01-01 00:00:00 +0000 UTC 2018-09-17 07:19:07 +0000 UTC  }]&#xA;Sep 19 08:03:42.220: INFO: vulnerability-advisor-rootkit-indexer-cd8b4646b-xlhwq            10.46.6.172  Running           [{Initialized True 0001-01-01 00:00:00 +0000 UTC 2018-09-17 07:19:07 +0000 UTC  } {Ready True 0001-01-01 00:00:00 +0000 UTC 2018-09-17 07:19:26 +0000 UTC  } {ContainersReady True 0001-01-01 00:00:00 +0000 UTC 0001-01-01 00:00:00 +0000 UTC  } {PodScheduled True 0001-01-01 00:00:00 +0000 UTC 2018-09-17 07:19:06 +0000 UTC  }]&#xA;Sep 19 08:03:42.220: INFO: vulnerability-advisor-sas-apiserver-5fd8d44bc9-7bvkn             10.46.6.172  Running           [{Initialized True 0001-01-01 00:00:00 +0000 UTC 2018-09-17 07:19:09 +0000 UTC  } {Ready True 0001-01-01 00:00:00 +0000 UTC 2018-09-17 07:20:03 +0000 UTC  } {ContainersReady True 0001-01-01 00:00:00 +0000 UTC 0001-01-01 00:00:00 +0000 UTC  } {PodScheduled True 0001-01-01 00:00:00 +0000 UTC 2018-09-17 07:19:08 +0000 UTC  }]&#xA;Sep 19 08:03:42.220: INFO: vulnerability-advisor-sas-mgmt-64fb95bc44-j9vjc                  10.46.6.172  Running           [{Initialized True 0001-01-01 00:00:00 +0000 UTC 2018-09-17 07:19:08 +0000 UTC  } {Ready True 0001-01-01 00:00:00 +0000 UTC 2018-09-17 07:19:39 +0000 UTC  } {ContainersReady True 0001-01-01 00:00:00 +0000 UTC 0001-01-01 00:00:00 +0000 UTC  } {PodScheduled True 0001-01-01 00:00:00 +0000 UTC 2018-09-17 07:19:08 +0000 UTC  }]&#xA;Sep 19 08:03:42.220: INFO: vulnerability-advisor-secconfig-annotator-7dbcf5d9f4-fkmkb       10.46.6.172  Running           [{Initialized True 0001-01-01 00:00:00 +0000 UTC 2018-09-17 07:19:10 +0000 UTC  } {Ready True 0001-01-01 00:00:00 +0000 UTC 2018-09-17 07:19:45 +0000 UTC  } {ContainersReady True 0001-01-01 00:00:00 +0000 UTC 0001-01-01 00:00:00 +0000 UTC  } {PodScheduled True 0001-01-01 00:00:00 +0000 UTC 2018-09-17 07:19:08 +0000 UTC  }]&#xA;Sep 19 08:03:42.220: INFO: vulnerability-advisor-secconfig-indexer-674647df7c-qq5ff         10.46.6.172  Running           [{Initialized True 0001-01-01 00:00:00 +0000 UTC 2018-09-17 07:19:07 +0000 UTC  } {Ready True 0001-01-01 00:00:00 +0000 UTC 2018-09-17 07:19:33 +0000 UTC  } {ContainersReady True 0001-01-01 00:00:00 +0000 UTC 0001-01-01 00:00:00 +0000 UTC  } {PodScheduled True 0001-01-01 00:00:00 +0000 UTC 2018-09-17 07:19:06 +0000 UTC  }]&#xA;Sep 19 08:03:42.220: INFO: vulnerability-advisor-statsd-7746859df4-jjm6f                    10.46.6.172  Running           [{Initialized True 0001-01-01 00:00:00 +0000 UTC 2018-09-17 07:19:10 +0000 UTC  } {Ready True 0001-01-01 00:00:00 +0000 UTC 2018-09-17 07:19:38 +0000 UTC  } {ContainersReady True 0001-01-01 00:00:00 +0000 UTC 0001-01-01 00:00:00 +0000 UTC  } {PodScheduled True 0001-01-01 00:00:00 +0000 UTC 2018-09-17 07:19:09 +0000 UTC  }]&#xA;Sep 19 08:03:42.220: INFO: vulnerability-advisor-usncrawler-8h976                           10.46.6.172  Succeeded         [{Initialized True 0001-01-01 00:00:00 +0000 UTC 2018-09-17 07:19:11 +0000 UTC PodCompleted } {Ready False 0001-01-01 00:00:00 +0000 UTC 2018-09-17 07:24:06 +0000 UTC PodCompleted } {ContainersReady False 0001-01-01 00:00:00 +0000 UTC 0001-01-01 00:00:00 +0000 UTC PodCompleted } {PodScheduled True 0001-01-01 00:00:00 +0000 UTC 2018-09-17 07:19:11 +0000 UTC  }]&#xA;Sep 19 08:03:42.220: INFO: vulnerability-advisor-vulnerability-annotator-bcbf5595f-hxwst    10.46.6.172  Running           [{Initialized True 0001-01-01 00:00:00 +0000 UTC 2018-09-17 07:19:10 +0000 UTC  } {Ready True 0001-01-01 00:00:00 +0000 UTC 2018-09-17 07:20:29 +0000 UTC  } {ContainersReady True 0001-01-01 00:00:00 +0000 UTC 0001-01-01 00:00:00 +0000 UTC  } {PodScheduled True 0001-01-01 00:00:00 +0000 UTC 2018-09-17 07:19:09 +0000 UTC  }]&#xA;Sep 19 08:03:42.220: INFO: vulnerability-advisor-vulnerability-indexer-7c79b4c964-2n8cg     10.46.6.172  Running           [{Initialized True 0001-01-01 00:00:00 +0000 UTC 2018-09-17 07:19:07 +0000 UTC  } {Ready True 0001-01-01 00:00:00 +0000 UTC 2018-09-17 07:19:37 +0000 UTC  } {ContainersReady True 0001-01-01 00:00:00 +0000 UTC 0001-01-01 00:00:00 +0000 UTC  } {PodScheduled True 0001-01-01 00:00:00 +0000 UTC 2018-09-17 07:19:06 +0000 UTC  }]&#xA;Sep 19 08:03:42.220: INFO: vulnerability-advisor-zookeeper-0                                10.46.6.172  Running           [{Initialized True 0001-01-01 00:00:00 +0000 UTC 2018-09-17 07:19:15 +0000 UTC  } {Ready True 0001-01-01 00:00:00 +0000 UTC 2018-09-17 07:20:10 +0000 UTC  } {ContainersReady True 0001-01-01 00:00:00 +0000 UTC 0001-01-01 00:00:00 +0000 UTC  } {PodScheduled True 0001-01-01 00:00:00 +0000 UTC 2018-09-17 07:19:14 +0000 UTC  }]&#xA;Sep 19 08:03:42.220: INFO: &#xA;Sep 19 08:03:42.255: INFO: &#xA;Logging node info for node 10.46.6.170&#xA;Sep 19 08:03:42.260: INFO: Node Info: &amp;Node{ObjectMeta:k8s_io_apimachinery_pkg_apis_meta_v1.ObjectMeta{Name:10.46.6.170,GenerateName:,Namespace:,SelfLink:/api/v1/nodes/10.46.6.170,UID:0c4508eb-ba48-11e8-b20e-fa163e707b2e,ResourceVersion:463334,Generation:0,CreationTimestamp:2018-09-17 07:05:24 +0000 UTC,DeletionTimestamp:&lt;nil&gt;,DeletionGracePeriodSeconds:nil,Labels:map[string]string{beta.kubernetes.io/arch: amd64,beta.kubernetes.io/os: linux,kubernetes.io/hostname: 10.46.6.170,node-role.kubernetes.io/worker: true,},Annotations:map[string]string{node.alpha.kubernetes.io/ttl: 0,volumes.kubernetes.io/controller-managed-attach-detach: true,},OwnerReferences:[],Finalizers:[],ClusterName:,Initializers:nil,},Spec:NodeSpec{PodCIDR:,DoNotUse_ExternalID:,ProviderID:,Unschedulable:false,Taints:[],ConfigSource:nil,},Status:NodeStatus{Capacity:ResourceList{cpu: {{8 0} {&lt;nil&gt;} 8 DecimalSI},ephemeral-storage: {{107362627584 0} {&lt;nil&gt;} 104846316Ki BinarySI},hugepages-1Gi: {{0 0} {&lt;nil&gt;} 0 DecimalSI},hugepages-2Mi: {{0 0} {&lt;nil&gt;} 0 DecimalSI},memory: {{16825630720 0} {&lt;nil&gt;}  BinarySI},pods: {{80 0} {&lt;nil&gt;} 80 DecimalSI},},Allocatable:ResourceList{cpu: {{8 0} {&lt;nil&gt;} 8 DecimalSI},ephemeral-storage: {{96626364666 0} {&lt;nil&gt;} 96626364666 DecimalSI},hugepages-1Gi: {{0 0} {&lt;nil&gt;} 0 DecimalSI},hugepages-2Mi: {{0 0} {&lt;nil&gt;} 0 DecimalSI},memory: {{16720773120 0} {&lt;nil&gt;}  BinarySI},pods: {{80 0} {&lt;nil&gt;} 80 DecimalSI},},Phase:,Conditions:[{OutOfDisk False 2018-09-19 08:03:33 +0000 UTC 2018-09-17 07:05:24 +0000 UTC KubeletHasSufficientDisk kubelet has sufficient disk space available} {MemoryPressure False 2018-09-19 08:03:33 +0000 UTC 2018-09-17 07:05:24 +0000 UTC KubeletHasSufficientMemory kubelet has sufficient memory available} {DiskPressure False 2018-09-19 08:03:33 +0000 UTC 2018-09-17 07:05:24 +0000 UTC KubeletHasNoDiskPressure kubelet has no disk pressure} {PIDPressure False 2018-09-19 08:03:33 +0000 UTC 2018-09-17 07:05:24 +0000 UTC KubeletHasSufficientPID kubelet has sufficient PID available} {Ready True 2018-09-19 08:03:33 +0000 UTC 2018-09-17 07:06:04 +0000 UTC KubeletReady kubelet is posting ready status}],Addresses:[{InternalIP 10.46.6.170} {Hostname 10.46.6.170}],DaemonEndpoints:NodeDaemonEndpoints{KubeletEndpoint:DaemonEndpoint{Port:10250,},},NodeInfo:NodeSystemInfo{MachineID:52ca0d2c3fb341c79b059a96d10571a6,SystemUUID:B2A91A2D-0576-4E7B-AEBA-AE95FFDDF786,BootID:ae0d54c3-4892-49fd-b5c7-ca2077060a4b,KernelVersion:3.10.0-862.9.1.el7.x86_64,OSImage:Red Hat Enterprise Linux,ContainerRuntimeVersion:docker://18.3.1,KubeletVersion:v1.11.1+icp-ee,KubeProxyVersion:v1.11.1+icp-ee,OperatingSystem:linux,Architecture:amd64,},Images:[{[lzj.icp:8500/ibmcom/live-crawler@sha256:1a648615e7b439f093697f65350262823e6c711c4b21ea81596ced1c28a48133 lzj.icp:8500/ibmcom/live-crawler:1.3.1] 987515538} {[lzj.icp:8500/ibmcom/hyperkube@sha256:9fbddbf2d04354912c8a981395493d250474cb9fa587fa91119e69467078b180 lzj.icp:8500/ibmcom/hyperkube:v1.11.1-ee] 782626408} {[gcr.io/heptio-images/kube-conformance@sha256:5482c7f5f7b874c5c6caec6ddef5406f19a52a2c3a36897cadf0a8f78ab57982 gcr.io/heptio-images/kube-conformance:latest] 532182058} {[open-liberty@sha256:e962af00796d50687a4ac71d5e8ab046696c314b4a84617b0d216b671519df31 open-liberty:latest] 500884023} {[lzj.icp:8500/ibmcom/icp-filebeat@sha256:72669dde64d7ab85bbb9e93428efe548b2693a4eae5168a4705f6e30cd20e584 lzj.icp:8500/ibmcom/icp-filebeat:5.5.1] 317104874} {[lzj.icp:8500/ibmcom/fluentd@sha256:f85a5ffd86438f1a73d04caf6e33ef3474675d9fa0947431f4d0a9602fc981af lzj.icp:8500/ibmcom/fluentd:v1.2.2-icp] 270902701} {[lzj.icp:8500/ibmcom/calico-node@sha256:85a23d8030137d49663d3d82844a61998331606de9fc523dfdd0a75be7fb9828 lzj.icp:8500/ibmcom/calico-node:v3.1.3] 248202699} {[gcr.io/kubernetes-e2e-test-images/jessie-dnsutils-amd64@sha256:9e842e2f77073ec30e2349f9082ec35357a3bf61e12488adc677144295e68c38 gcr.io/kubernetes-e2e-test-images/jessie-dnsutils-amd64:1.0] 195659796} {[lzj.icp:8500/ibmcom/nvidia-device-plugin@sha256:2d57caa41994d1e0b3d952526a651f8da487e068874d1075f915fa48ad969ba6 lzj.icp:8500/ibmcom/nvidia-device-plugin:1.0] 132413452} {[lzj.icp:8500/ibmcom/metering-data-manager@sha256:97803f4458c6f6ca62076cf6958cb8ab98cf9ffed7cd4977550eeaa6db8ead70 lzj.icp:8500/ibmcom/metering-data-manager:3.1.0] 121942877} {[lzj.icp:8500/ibmcom/icp-management-ingress@sha256:259a9d288f5ee4f169c618b6d870b5ae38b954a3bf69f3f392523b1aaa9f4001 lzj.icp:8500/ibmcom/icp-management-ingress:2.2.1] 80410712} {[lzj.icp:8500/ibmcom/calico-cni@sha256:b56c2d3e62bd02f15dd5ec335c25ac81bb39d214e904525227640790686855d7 lzj.icp:8500/ibmcom/calico-cni:v3.1.3] 68849270} {[gcr.io/heptio-images/sonobuoy@sha256:165df6f635ddd0088ed6686e07ffb47f8dd17fdba153f61dbec9aa80c0d2e0b8 gcr.io/heptio-images/sonobuoy:latest gcr.io/heptio-images/sonobuoy:v0.11.6] 33401240} {[gcr.io/kubernetes-e2e-test-images/nettest-amd64@sha256:f2d3eba3ae2043c51389935be4bf41b2b0e60fd7220b9ba9cbc51eceaa74b2b4 gcr.io/kubernetes-e2e-test-images/nettest-amd64:1.0] 27413498} {[lzj.icp:8500/ibmcom/node-exporter@sha256:b24db452b1a0bf46abba095162d0fbc89ea40eeabbfe43ae01dab54107ecff0e lzj.icp:8500/ibmcom/node-exporter:v0.16.0] 22915749} {[gcr.io/kubernetes-e2e-test-images/dnsutils-amd64@sha256:f8eca5c0c2e18b7ee6df876e5587c5885d13c59cb453d93bf51628daf656e4b5 gcr.io/kubernetes-e2e-test-images/dnsutils-amd64:1.0] 9030162} {[gcr.io/kubernetes-e2e-test-images/hostexec-amd64@sha256:e1dadb772c6132e3587fc41b8c07facd81ee7c4e74508891b5d98d45b85462e9 gcr.io/kubernetes-e2e-test-images/hostexec-amd64:1.1] 8490662} {[gcr.io/kubernetes-e2e-test-images/netexec-amd64@sha256:da1c165175d5589ed70384e406a0291b6f76d53fc99e2c31ae23003e11e5bfde gcr.io/kubernetes-e2e-test-images/netexec-amd64:1.0] 6713741} {[gcr.io/kubernetes-e2e-test-images/serve-hostname-amd64@sha256:2dd4032e98a0450d95a0ac71a5e465f542a900812d8c41bc6ca635aed1a5fc91 gcr.io/kubernetes-e2e-test-images/serve-hostname-amd64:1.0] 5470001} {[gcr.io/kubernetes-e2e-test-images/test-webserver-amd64@sha256:8da73e44d6870f86e0e6a87b2e07829470465afbb6febeb900296d99510789ce gcr.io/kubernetes-e2e-test-images/test-webserver-amd64:1.0] 4732240} {[gcr.io/kubernetes-e2e-test-images/porter-amd64@sha256:824f041b2757f8da2980092ace0991b4b8c6689e76c3b94f677521f7157bc7b8 gcr.io/kubernetes-e2e-test-images/porter-amd64:1.0] 4681408} {[gcr.io/kubernetes-e2e-test-images/liveness-amd64@sha256:0a64aa5318ade9f4ed6cd625d8dffdb4ac6a411da30694c53809e99a65de9eff gcr.io/kubernetes-e2e-test-images/liveness-amd64:1.0] 4608721} {[gcr.io/kubernetes-e2e-test-images/entrypoint-tester-amd64@sha256:ef1e5bf4aa80f899f51d173dfcc3106e8daf4c78c28be135b1d421c97f4c9354 gcr.io/kubernetes-e2e-test-images/entrypoint-tester-amd64:1.0] 2729534} {[gcr.io/kubernetes-e2e-test-images/mounttest-amd64@sha256:e3e75014e6df02dc21e6fb95f93b989a2ff8a91f36ae88d74eccbabaa21fc211 gcr.io/kubernetes-e2e-test-images/mounttest-amd64:1.0] 1563521} {[gcr.io/kubernetes-e2e-test-images/mounttest-user-amd64@sha256:1ac490f1442cad4b1c886527470393c71302cc62f5e3304fb08854403cbc68dc gcr.io/kubernetes-e2e-test-images/mounttest-user-amd64:1.0] 1450451} {[busybox@sha256:cb63aa0641a885f54de20f61d152187419e8f6b159ed11a251a09d115fdff9bd busybox:latest] 1162769} {[lzj.icp:8500/ibmcom/pause@sha256:8a18035491d4fbbe481be5eac11819315ec94677ab465608d052d87b3cdcff7f lzj.icp:8500/ibmcom/pause:3.1] 742472}],VolumesInUse:[],VolumesAttached:[],Config:&amp;NodeConfigStatus{Assigned:nil,Active:nil,LastKnownGood:nil,Error:,},},}&#xA;Sep 19 08:03:42.260: INFO: &#xA;Logging kubelet events for node 10.46.6.170&#xA;Sep 19 08:03:42.265: INFO: &#xA;Logging pods the kubelet thinks is on node 10.46.6.170&#xA;Sep 19 08:03:42.287: INFO: metering-reader-44wd7 started at 2018-09-17 07:14:11 +0000 UTC (1+1 container statuses recorded)&#xA;Sep 19 08:03:42.287: INFO: &#x9;Init container metering-reader-init ready: true, restart count 1&#xA;Sep 19 08:03:42.287: INFO: &#x9;Container metering-reader ready: true, restart count 0&#xA;Sep 19 08:03:42.287: INFO: vulnerability-advisor-live-crawler-ccxd7 started at 2018-09-17 07:19:03 +0000 UTC (0+1 container statuses recorded)&#xA;Sep 19 08:03:42.287: INFO: &#x9;Container live-crawler ready: true, restart count 0&#xA;Sep 19 08:03:42.287: INFO: sonobuoy-e2e-job-c3f9b53ea97c48a2 started at 2018-09-19 07:22:08 +0000 UTC (0+2 container statuses recorded)&#xA;Sep 19 08:03:42.287: INFO: &#x9;Container e2e ready: true, restart count 0&#xA;Sep 19 08:03:42.287: INFO: &#x9;Container sonobuoy-worker ready: true, restart count 0&#xA;Sep 19 08:03:42.287: INFO: nvidia-device-plugin-9h2k4 started at 2018-09-17 07:07:17 +0000 UTC (1+1 container statuses recorded)&#xA;Sep 19 08:03:42.287: INFO: &#x9;Init container nvidia-driver-collector ready: true, restart count 0&#xA;Sep 19 08:03:42.287: INFO: &#x9;Container nvidia-device-plugin ready: true, restart count 0&#xA;Sep 19 08:03:42.287: INFO: audit-logging-fluentd-ds-4cgnk started at 2018-09-17 07:18:46 +0000 UTC (0+1 container statuses recorded)&#xA;Sep 19 08:03:42.287: INFO: &#x9;Container fluentd ready: true, restart count 0&#xA;Sep 19 08:03:42.287: INFO: vulnerability-advisor-process-ma-crawler-5g4zk started at 2018-09-17 07:19:03 +0000 UTC (0+1 container statuses recorded)&#xA;Sep 19 08:03:42.287: INFO: &#x9;Container process-ma-crawler ready: true, restart count 0&#xA;Sep 19 08:03:42.287: INFO: my-ibm-open-liberty-ibm-7f7d9778d7-7t5jc started at 2018-09-17 08:22:24 +0000 UTC (0+1 container statuses recorded)&#xA;Sep 19 08:03:42.287: INFO: &#x9;Container ibm-open-liberty ready: true, restart count 0&#xA;Sep 19 08:03:42.287: INFO: monitoring-prometheus-nodeexporter-tpbc8 started at 2018-09-17 07:15:44 +0000 UTC (0+2 container statuses recorded)&#xA;Sep 19 08:03:42.287: INFO: &#x9;Container nodeexporter ready: true, restart count 0&#xA;Sep 19 08:03:42.287: INFO: &#x9;Container router ready: true, restart count 0&#xA;Sep 19 08:03:42.287: INFO: calico-node-htf97 started at 2018-09-17 07:05:53 +0000 UTC (0+2 container statuses recorded)&#xA;Sep 19 08:03:42.287: INFO: &#x9;Container calico-node ready: true, restart count 0&#xA;Sep 19 08:03:42.287: INFO: &#x9;Container install-cni ready: true, restart count 0&#xA;Sep 19 08:03:42.287: INFO: k8s-proxy-10.46.6.170 started at &lt;nil&gt; (0+0 container statuses recorded)&#xA;Sep 19 08:03:42.287: INFO: sonobuoy started at 2018-09-19 07:22:02 +0000 UTC (0+1 container statuses recorded)&#xA;Sep 19 08:03:42.287: INFO: &#x9;Container kube-sonobuoy ready: true, restart count 0&#xA;Sep 19 08:03:42.287: INFO: logging-elk-filebeat-ds-jtd5q started at 2018-09-17 07:15:20 +0000 UTC (0+1 container statuses recorded)&#xA;Sep 19 08:03:42.287: INFO: &#x9;Container filebeat ready: true, restart count 0&#xA;Sep 19 08:03:42.351: INFO: &#xA;Latency metrics for node 10.46.6.170&#xA;Sep 19 08:03:42.351: INFO: &#xA;Logging node info for node 10.46.6.171&#xA;Sep 19 08:03:42.362: INFO: Node Info: &amp;Node{ObjectMeta:k8s_io_apimachinery_pkg_apis_meta_v1.ObjectMeta{Name:10.46.6.171,GenerateName:,Namespace:,SelfLink:/api/v1/nodes/10.46.6.171,UID:0c79152a-ba48-11e8-b20e-fa163e707b2e,ResourceVersion:463365,Generation:0,CreationTimestamp:2018-09-17 07:05:24 +0000 UTC,DeletionTimestamp:&lt;nil&gt;,DeletionGracePeriodSeconds:nil,Labels:map[string]string{beta.kubernetes.io/arch: amd64,beta.kubernetes.io/os: linux,kubernetes.io/hostname: 10.46.6.171,management: true,node-role.kubernetes.io/management: true,},Annotations:map[string]string{node.alpha.kubernetes.io/ttl: 0,volumes.kubernetes.io/controller-managed-attach-detach: true,},OwnerReferences:[],Finalizers:[],ClusterName:,Initializers:nil,},Spec:NodeSpec{PodCIDR:,DoNotUse_ExternalID:,ProviderID:,Unschedulable:false,Taints:[{dedicated management NoSchedule &lt;nil&gt;}],ConfigSource:nil,},Status:NodeStatus{Capacity:ResourceList{cpu: {{8 0} {&lt;nil&gt;} 8 DecimalSI},ephemeral-storage: {{107362627584 0} {&lt;nil&gt;} 104846316Ki BinarySI},hugepages-1Gi: {{0 0} {&lt;nil&gt;} 0 DecimalSI},hugepages-2Mi: {{0 0} {&lt;nil&gt;} 0 DecimalSI},memory: {{16825630720 0} {&lt;nil&gt;}  BinarySI},pods: {{80 0} {&lt;nil&gt;} 80 DecimalSI},},Allocatable:ResourceList{cpu: {{8 0} {&lt;nil&gt;} 8 DecimalSI},ephemeral-storage: {{107257769984 0} {&lt;nil&gt;} 104743916Ki BinarySI},hugepages-1Gi: {{0 0} {&lt;nil&gt;} 0 DecimalSI},hugepages-2Mi: {{0 0} {&lt;nil&gt;} 0 DecimalSI},memory: {{16720773120 0} {&lt;nil&gt;}  BinarySI},pods: {{80 0} {&lt;nil&gt;} 80 DecimalSI},},Phase:,Conditions:[{OutOfDisk False 2018-09-19 08:03:40 +0000 UTC 2018-09-17 07:05:24 +0000 UTC KubeletHasSufficientDisk kubelet has sufficient disk space available} {MemoryPressure False 2018-09-19 08:03:40 +0000 UTC 2018-09-17 07:05:24 +0000 UTC KubeletHasSufficientMemory kubelet has sufficient memory available} {DiskPressure False 2018-09-19 08:03:40 +0000 UTC 2018-09-17 07:05:24 +0000 UTC KubeletHasNoDiskPressure kubelet has no disk pressure} {PIDPressure False 2018-09-19 08:03:40 +0000 UTC 2018-09-17 07:05:24 +0000 UTC KubeletHasSufficientPID kubelet has sufficient PID available} {Ready True 2018-09-19 08:03:40 +0000 UTC 2018-09-17 07:06:05 +0000 UTC KubeletReady kubelet is posting ready status}],Addresses:[{InternalIP 10.46.6.171} {Hostname 10.46.6.171}],DaemonEndpoints:NodeDaemonEndpoints{KubeletEndpoint:DaemonEndpoint{Port:10250,},},NodeInfo:NodeSystemInfo{MachineID:52ca0d2c3fb341c79b059a96d10571a6,SystemUUID:00401CD1-AB88-4341-9CDC-C9648BFB2B56,BootID:706dbc67-f432-47c3-840e-f599801336c8,KernelVersion:3.10.0-862.9.1.el7.x86_64,OSImage:Red Hat Enterprise Linux,ContainerRuntimeVersion:docker://18.3.1,KubeletVersion:v1.11.1+icp-ee,KubeProxyVersion:v1.11.1+icp-ee,OperatingSystem:linux,Architecture:amd64,},Images:[{[lzj.icp:8500/ibmcom/live-crawler@sha256:1a648615e7b439f093697f65350262823e6c711c4b21ea81596ced1c28a48133 lzj.icp:8500/ibmcom/live-crawler:1.3.1] 987515538} {[lzj.icp:8500/ibmcom/hyperkube@sha256:9fbddbf2d04354912c8a981395493d250474cb9fa587fa91119e69467078b180 lzj.icp:8500/ibmcom/hyperkube:v1.11.1-ee] 782626408} {[lzj.icp:8500/ibmcom/icp-logstash@sha256:a182a00827aefe7f5f95b18fa1ec8f6897989290b37f3d98bd6440ddda796433 lzj.icp:8500/ibmcom/icp-logstash:5.5.1] 764906887} {[lzj.icp:8500/ibmcom/icp-kibana@sha256:6e2746da64a64f98c5761b87d5e185a9c2ac75c9c4e767ab284062b1847b7571 lzj.icp:8500/ibmcom/icp-kibana:5.5.1] 639622018} {[lzj.icp:8500/ibmcom/icp-elasticsearch@sha256:b410aacb6005fe24bfd87b045ea26fde3d6eb3ca52c3f0e4560cdc208944ba50 lzj.icp:8500/ibmcom/icp-elasticsearch:5.5.1] 520121248} {[lzj.icp:8500/ibmcom/logging-pki-init@sha256:21aa9cbd05a849b4891b15cf636f73545f6001f16c82f8eeed2e90b4f9312377 lzj.icp:8500/ibmcom/logging-pki-init:2.0.0] 501921135} {[lzj.icp:8500/ibmcom/searchguard-init@sha256:3d0d8a8404a9df5ad238bce1e0542cdda609cc445dfc3964952243d9fc103276 lzj.icp:8500/ibmcom/searchguard-init:2.0.0] 457030441} {[lzj.icp:8500/ibmcom/metering-ui@sha256:d6453f9afecc9b1fc778c195e20bbb39d4ef6262af2f7a9a5ce3cddc259fec99 lzj.icp:8500/ibmcom/metering-ui:3.1.0] 385577105} {[lzj.icp:8500/ibmcom/icp-filebeat@sha256:72669dde64d7ab85bbb9e93428efe548b2693a4eae5168a4705f6e30cd20e584 lzj.icp:8500/ibmcom/icp-filebeat:5.5.1] 317104874} {[lzj.icp:8500/ibmcom/fluentd@sha256:f85a5ffd86438f1a73d04caf6e33ef3474675d9fa0947431f4d0a9602fc981af lzj.icp:8500/ibmcom/fluentd:v1.2.2-icp] 270902701} {[lzj.icp:8500/ibmcom/elasticsearch-plugin-searchguard@sha256:f47116021e3eec7b2fed9f6ed8bd77fd890457e5a1546dda7f863c032d4395b1 lzj.icp:8500/ibmcom/elasticsearch-plugin-searchguard:2.0.0] 267864279} {[lzj.icp:8500/ibmcom/calico-node@sha256:85a23d8030137d49663d3d82844a61998331606de9fc523dfdd0a75be7fb9828 lzj.icp:8500/ibmcom/calico-node:v3.1.3] 248202699} {[lzj.icp:8500/ibmcom/grafana@sha256:5d2739d3ec5c7f6ea66d69caa918b764660b99a3d37cb1f4123f1a9623ce8e38 lzj.icp:8500/ibmcom/grafana:5.2.0] 245297582} {[lzj.icp:8500/ibmcom/indices-cleaner@sha256:31dac3be1246f17dddade06b517c073244ce56d85bc54135fdaf010dbb0bca10 lzj.icp:8500/ibmcom/indices-cleaner:1.0.0] 238131553} {[lzj.icp:8500/ibmcom/curl@sha256:adf92a267e351914d041a56d64ebe80331c45f8e20ab23b7ada67bea78da9996 lzj.icp:8500/ibmcom/curl:4.0.0] 221192597} {[lzj.icp:8500/ibmcom/nvidia-device-plugin@sha256:2d57caa41994d1e0b3d952526a651f8da487e068874d1075f915fa48ad969ba6 lzj.icp:8500/ibmcom/nvidia-device-plugin:1.0] 132413452} {[lzj.icp:8500/ibmcom/metering-data-manager@sha256:97803f4458c6f6ca62076cf6958cb8ab98cf9ffed7cd4977550eeaa6db8ead70 lzj.icp:8500/ibmcom/metering-data-manager:3.1.0] 121942877} {[lzj.icp:8500/ibmcom/prometheus@sha256:91cba3cbf7a61499969a8a5a27347830ed1740b2285de9ac31e231e7ce44deb7 lzj.icp:8500/ibmcom/prometheus:v2.3.1] 118818909} {[lzj.icp:8500/ibmcom/icp-management-ingress@sha256:259a9d288f5ee4f169c618b6d870b5ae38b954a3bf69f3f392523b1aaa9f4001 lzj.icp:8500/ibmcom/icp-management-ingress:2.2.1] 80410712} {[lzj.icp:8500/ibmcom/calico-cni@sha256:b56c2d3e62bd02f15dd5ec335c25ac81bb39d214e904525227640790686855d7 lzj.icp:8500/ibmcom/calico-cni:v3.1.3] 68849270} {[lzj.icp:8500/ibmcom/k8s-prometheus-adapter@sha256:cf7f0c35ff0a0ec9cf743ef87e4c951f74d3fd0b4b97925784cc857565b4d7ba lzj.icp:8500/ibmcom/k8s-prometheus-adapter:v0.2.1.1] 52134773} {[lzj.icp:8500/ibmcom/metrics-server@sha256:973b5dd33165e4856f22a9f48a9b7f5bd2f01399d6479c46212ea92336a9ca40 lzj.icp:8500/ibmcom/metrics-server:v0.2.1.1] 42541759} {[lzj.icp:8500/ibmcom/ibmcloud-image-enforcement@sha256:d29efeb868c054eead02eec72c86f690c4a8c81b95f99f22bbc873644b090e99 lzj.icp:8500/ibmcom/ibmcloud-image-enforcement:0.2.0] 40040099} {[lzj.icp:8500/ibmcom/alertmanager@sha256:f3e7d379040499e05c1377862cc8a74cd5ffed2a175bf62fc18dc07b98d6ab00 lzj.icp:8500/ibmcom/alertmanager:v0.15.0] 36095602} {[lzj.icp:8500/ibmcom/kube-state-metrics@sha256:6a574d2e4a7338abdd3d0b85dd2510cbf046cd09a70505b99513feee42d00559 lzj.icp:8500/ibmcom/kube-state-metrics:v1.3.0] 35646776} {[lzj.icp:8500/ibmcom/node-exporter@sha256:b24db452b1a0bf46abba095162d0fbc89ea40eeabbfe43ae01dab54107ecff0e lzj.icp:8500/ibmcom/node-exporter:v0.16.0] 22915749} {[lzj.icp:8500/ibmcom/configmap-reload@sha256:77a4ede137dd4980fe02c70ad189bf7b89dd1a9e134c0fe4475842fe8948f6a9 lzj.icp:8500/ibmcom/configmap-reload:v0.2.2] 22381476} {[lzj.icp:8500/ibmcom/collectd-exporter@sha256:0ef0cfb0a60f66046851bfafbfa1913814c7a4967e4e7561ce5111186338f6d9 lzj.icp:8500/ibmcom/collectd-exporter:v0.4.0] 13695364} {[lzj.icp:8500/ibmcom/elasticsearch-exporter@sha256:27806a00f45314a1c06af096236004020a98202edbbce81d993aadfaca0c66a0 lzj.icp:8500/ibmcom/elasticsearch-exporter:1.0.2] 9202086} {[lzj.icp:8500/ibmcom/icp-initcontainer@sha256:c1b9397380303cfc23505576a19859c7e26936f80a26bb4fae95ef68e7775de8 lzj.icp:8500/ibmcom/icp-initcontainer:1.0.0] 3965926} {[lzj.icp:8500/ibmcom/pause@sha256:8a18035491d4fbbe481be5eac11819315ec94677ab465608d052d87b3cdcff7f lzj.icp:8500/ibmcom/pause:3.1] 742472}],VolumesInUse:[],VolumesAttached:[],Config:&amp;NodeConfigStatus{Assigned:nil,Active:nil,LastKnownGood:nil,Error:,},},}&#xA;Sep 19 08:03:42.363: INFO: &#xA;Logging kubelet events for node 10.46.6.171&#xA;Sep 19 08:03:42.369: INFO: &#xA;Logging pods the kubelet thinks is on node 10.46.6.171&#xA;Sep 19 08:03:42.391: INFO: monitoring-prometheus-elasticsearchexporter-655864cccb-c6tps started at 2018-09-17 07:15:46 +0000 UTC (0+2 container statuses recorded)&#xA;Sep 19 08:03:42.391: INFO: &#x9;Container elasticsearchexporter ready: true, restart count 0&#xA;Sep 19 08:03:42.391: INFO: &#x9;Container router ready: true, restart count 0&#xA;Sep 19 08:03:42.391: INFO: monitoring-prometheus-6677d7c77f-pnpt5 started at 2018-09-17 07:15:46 +0000 UTC (1+4 container statuses recorded)&#xA;Sep 19 08:03:42.391: INFO: &#x9;Init container init-container ready: true, restart count 0&#xA;Sep 19 08:03:42.391: INFO: &#x9;Container configmap-reload-alertrules ready: true, restart count 0&#xA;Sep 19 08:03:42.391: INFO: &#x9;Container configmap-reload-prometheus ready: true, restart count 0&#xA;Sep 19 08:03:42.391: INFO: &#x9;Container prometheus ready: true, restart count 0&#xA;Sep 19 08:03:42.391: INFO: &#x9;Container router ready: true, restart count 0&#xA;Sep 19 08:03:42.391: INFO: calico-node-gpm2c started at 2018-09-17 07:05:53 +0000 UTC (0+2 container statuses recorded)&#xA;Sep 19 08:03:42.391: INFO: &#x9;Container calico-node ready: true, restart count 0&#xA;Sep 19 08:03:42.391: INFO: &#x9;Container install-cni ready: true, restart count 0&#xA;Sep 19 08:03:42.391: INFO: metering-reader-xq8f2 started at 2018-09-17 07:14:11 +0000 UTC (1+1 container statuses recorded)&#xA;Sep 19 08:03:42.391: INFO: &#x9;Init container metering-reader-init ready: true, restart count 1&#xA;Sep 19 08:03:42.391: INFO: &#x9;Container metering-reader ready: true, restart count 0&#xA;Sep 19 08:03:42.391: INFO: logging-elk-logstash-7994656f46-r89mt started at 2018-09-17 07:15:22 +0000 UTC (0+1 container statuses recorded)&#xA;Sep 19 08:03:42.391: INFO: &#x9;Container logstash ready: true, restart count 0&#xA;Sep 19 08:03:42.391: INFO: monitoring-grafana-548b947c8c-dh89z started at 2018-09-17 07:15:46 +0000 UTC (1+2 container statuses recorded)&#xA;Sep 19 08:03:42.391: INFO: &#x9;Init container init-container ready: true, restart count 0&#xA;Sep 19 08:03:42.391: INFO: &#x9;Container grafana ready: true, restart count 0&#xA;Sep 19 08:03:42.391: INFO: &#x9;Container router ready: true, restart count 0&#xA;Sep 19 08:03:42.391: INFO: vulnerability-advisor-process-ma-crawler-b7k2d started at 2018-09-17 07:19:03 +0000 UTC (0+1 container statuses recorded)&#xA;Sep 19 08:03:42.391: INFO: &#x9;Container process-ma-crawler ready: true, restart count 0&#xA;Sep 19 08:03:42.391: INFO: ibmcloud-image-enforcement-76ddccbf9f-kqmlb started at 2018-09-17 07:14:02 +0000 UTC (0+1 container statuses recorded)&#xA;Sep 19 08:03:42.391: INFO: &#x9;Container ibmcloud-image-enforcement ready: true, restart count 0&#xA;Sep 19 08:03:42.391: INFO: metering-ui-5bbfbb5d49-wkh8m started at 2018-09-17 07:14:12 +0000 UTC (1+1 container statuses recorded)&#xA;Sep 19 08:03:42.391: INFO: &#x9;Init container metering-ui-init ready: true, restart count 0&#xA;Sep 19 08:03:42.391: INFO: &#x9;Container metering-ui ready: true, restart count 0&#xA;Sep 19 08:03:42.391: INFO: logging-elk-master-6cdcf45f7d-gp28f started at 2018-09-17 07:15:21 +0000 UTC (2+1 container statuses recorded)&#xA;Sep 19 08:03:42.391: INFO: &#x9;Init container sysctl ready: true, restart count 0&#xA;Sep 19 08:03:42.391: INFO: &#x9;Init container plugin-bundle ready: true, restart count 0&#xA;Sep 19 08:03:42.391: INFO: &#x9;Container es-master ready: true, restart count 0&#xA;Sep 19 08:03:42.391: INFO: logging-elk-data-0 started at 2018-09-17 07:15:21 +0000 UTC (3+1 container statuses recorded)&#xA;Sep 19 08:03:42.391: INFO: &#x9;Init container chmod ready: true, restart count 0&#xA;Sep 19 08:03:42.391: INFO: &#x9;Init container sysctl ready: true, restart count 0&#xA;Sep 19 08:03:42.391: INFO: &#x9;Init container plugin-bundle ready: true, restart count 0&#xA;Sep 19 08:03:42.391: INFO: &#x9;Container es-data ready: true, restart count 0&#xA;Sep 19 08:03:42.391: INFO: logging-elk-kibana-ff4db4866-s2295 started at 2018-09-17 07:15:21 +0000 UTC (0+2 container statuses recorded)&#xA;Sep 19 08:03:42.391: INFO: &#x9;Container kibana ready: true, restart count 0&#xA;Sep 19 08:03:42.391: INFO: &#x9;Container router ready: true, restart count 0&#xA;Sep 19 08:03:42.391: INFO: monitoring-prometheus-nodeexporter-9fnpb started at 2018-09-17 07:15:44 +0000 UTC (0+2 container statuses recorded)&#xA;Sep 19 08:03:42.391: INFO: &#x9;Container nodeexporter ready: true, restart count 0&#xA;Sep 19 08:03:42.391: INFO: &#x9;Container router ready: true, restart count 0&#xA;Sep 19 08:03:42.391: INFO: monitoring-prometheus-kubestatemetrics-54dcbb6cfb-76zmm started at 2018-09-17 07:15:45 +0000 UTC (0+2 container statuses recorded)&#xA;Sep 19 08:03:42.391: INFO: &#x9;Container kubestatemetrics ready: true, restart count 0&#xA;Sep 19 08:03:42.391: INFO: &#x9;Container router ready: true, restart count 0&#xA;Sep 19 08:03:42.391: INFO: audit-logging-fluentd-ds-bc22k started at 2018-09-17 07:18:46 +0000 UTC (0+1 container statuses recorded)&#xA;Sep 19 08:03:42.392: INFO: &#x9;Container fluentd ready: true, restart count 0&#xA;Sep 19 08:03:42.392: INFO: k8s-proxy-10.46.6.171 started at &lt;nil&gt; (0+0 container statuses recorded)&#xA;Sep 19 08:03:42.392: INFO: metrics-server-6d6695f9db-8t4xs started at 2018-09-17 07:08:51 +0000 UTC (0+1 container statuses recorded)&#xA;Sep 19 08:03:42.392: INFO: &#x9;Container metrics-server ready: true, restart count 0&#xA;Sep 19 08:03:42.392: INFO: metering-dm-8b475fc57-cmm6h started at 2018-09-17 07:14:12 +0000 UTC (1+1 container statuses recorded)&#xA;Sep 19 08:03:42.392: INFO: &#x9;Init container metering-dm-init ready: true, restart count 0&#xA;Sep 19 08:03:42.392: INFO: &#x9;Container metering-dm ready: true, restart count 0&#xA;Sep 19 08:03:42.392: INFO: logging-elk-filebeat-ds-bs86r started at 2018-09-17 07:15:20 +0000 UTC (0+1 container statuses recorded)&#xA;Sep 19 08:03:42.392: INFO: &#x9;Container filebeat ready: true, restart count 0&#xA;Sep 19 08:03:42.392: INFO: logging-elk-client-75d4d7994c-7g7fn started at 2018-09-17 07:15:21 +0000 UTC (2+3 container statuses recorded)&#xA;Sep 19 08:03:42.392: INFO: &#x9;Init container sysctl ready: true, restart count 0&#xA;Sep 19 08:03:42.392: INFO: &#x9;Init container plugin-bundle ready: true, restart count 0&#xA;Sep 19 08:03:42.392: INFO: &#x9;Container es-client ready: true, restart count 0&#xA;Sep 19 08:03:42.392: INFO: &#x9;Container indices-cleaner ready: true, restart count 0&#xA;Sep 19 08:03:42.392: INFO: &#x9;Container router ready: true, restart count 0&#xA;Sep 19 08:03:42.392: INFO: monitoring-prometheus-alertmanager-7d8749dbb8-xj68d started at 2018-09-17 07:15:46 +0000 UTC (0+3 container statuses recorded)&#xA;Sep 19 08:03:42.392: INFO: &#x9;Container alertmanager ready: true, restart count 0&#xA;Sep 19 08:03:42.392: INFO: &#x9;Container configmap-reload ready: true, restart count 0&#xA;Sep 19 08:03:42.392: INFO: &#x9;Container router ready: true, restart count 0&#xA;Sep 19 08:03:42.392: INFO: monitoring-prometheus-collectdexporter-77575678dc-v8n2l started at 2018-09-17 07:15:46 +0000 UTC (0+2 container statuses recorded)&#xA;Sep 19 08:03:42.392: INFO: &#x9;Container collectd-exporter ready: true, restart count 0&#xA;Sep 19 08:03:42.392: INFO: &#x9;Container router ready: true, restart count 0&#xA;Sep 19 08:03:42.392: INFO: vulnerability-advisor-live-crawler-xxz8p started at 2018-09-17 07:19:03 +0000 UTC (0+1 container statuses recorded)&#xA;Sep 19 08:03:42.392: INFO: &#x9;Container live-crawler ready: true, restart count 0&#xA;Sep 19 08:03:42.392: INFO: nvidia-device-plugin-vh85n started at 2018-09-17 07:07:17 +0000 UTC (1+1 container statuses recorded)&#xA;Sep 19 08:03:42.392: INFO: &#x9;Init container nvidia-driver-collector ready: true, restart count 0&#xA;Sep 19 08:03:42.392: INFO: &#x9;Container nvidia-device-plugin ready: true, restart count 0&#xA;Sep 19 08:03:42.392: INFO: custom-metrics-adapter-64f64964b4-f9gmc started at 2018-09-17 07:14:28 +0000 UTC (1+1 container statuses recorded)&#xA;Sep 19 08:03:42.392: INFO: &#x9;Init container init-adapter ready: true, restart count 0&#xA;Sep 19 08:03:42.392: INFO: &#x9;Container custom-metrics-adapter ready: true, restart count 0&#xA;Sep 19 08:03:42.392: INFO: logging-elk-elasticsearch-tls-init-6hnl4 started at 2018-09-17 07:15:20 +0000 UTC (0+1 container statuses recorded)&#xA;Sep 19 08:03:42.392: INFO: &#x9;Container searchguard-init ready: false, restart count 0&#xA;Sep 19 08:03:42.437: INFO: &#xA;Latency metrics for node 10.46.6.171&#xA;Sep 19 08:03:42.437: INFO: &#xA;Logging node info for node 10.46.6.172&#xA;Sep 19 08:03:42.442: INFO: Node Info: &amp;Node{ObjectMeta:k8s_io_apimachinery_pkg_apis_meta_v1.ObjectMeta{Name:10.46.6.172,GenerateName:,Namespace:,SelfLink:/api/v1/nodes/10.46.6.172,UID:0c6032ef-ba48-11e8-b20e-fa163e707b2e,ResourceVersion:463340,Generation:0,CreationTimestamp:2018-09-17 07:05:24 +0000 UTC,DeletionTimestamp:&lt;nil&gt;,DeletionGracePeriodSeconds:nil,Labels:map[string]string{beta.kubernetes.io/arch: amd64,beta.kubernetes.io/os: linux,kubernetes.io/hostname: 10.46.6.172,node-role.kubernetes.io/va: true,va: true,},Annotations:map[string]string{node.alpha.kubernetes.io/ttl: 0,volumes.kubernetes.io/controller-managed-attach-detach: true,},OwnerReferences:[],Finalizers:[],ClusterName:,Initializers:nil,},Spec:NodeSpec{PodCIDR:,DoNotUse_ExternalID:,ProviderID:,Unschedulable:false,Taints:[{dedicated va NoSchedule &lt;nil&gt;}],ConfigSource:nil,},Status:NodeStatus{Capacity:ResourceList{cpu: {{8 0} {&lt;nil&gt;} 8 DecimalSI},ephemeral-storage: {{107362627584 0} {&lt;nil&gt;} 104846316Ki BinarySI},hugepages-1Gi: {{0 0} {&lt;nil&gt;} 0 DecimalSI},hugepages-2Mi: {{0 0} {&lt;nil&gt;} 0 DecimalSI},memory: {{16825622528 0} {&lt;nil&gt;}  BinarySI},pods: {{80 0} {&lt;nil&gt;} 80 DecimalSI},},Allocatable:ResourceList{cpu: {{8 0} {&lt;nil&gt;} 8 DecimalSI},ephemeral-storage: {{107257769984 0} {&lt;nil&gt;} 104743916Ki BinarySI},hugepages-1Gi: {{0 0} {&lt;nil&gt;} 0 DecimalSI},hugepages-2Mi: {{0 0} {&lt;nil&gt;} 0 DecimalSI},memory: {{16720764928 0} {&lt;nil&gt;}  BinarySI},pods: {{80 0} {&lt;nil&gt;} 80 DecimalSI},},Phase:,Conditions:[{OutOfDisk False 2018-09-19 08:03:34 +0000 UTC 2018-09-17 07:05:24 +0000 UTC KubeletHasSufficientDisk kubelet has sufficient disk space available} {MemoryPressure False 2018-09-19 08:03:34 +0000 UTC 2018-09-17 07:05:24 +0000 UTC KubeletHasSufficientMemory kubelet has sufficient memory available} {DiskPressure False 2018-09-19 08:03:34 +0000 UTC 2018-09-17 07:05:24 +0000 UTC KubeletHasNoDiskPressure kubelet has no disk pressure} {PIDPressure False 2018-09-19 08:03:34 +0000 UTC 2018-09-17 07:05:24 +0000 UTC KubeletHasSufficientPID kubelet has sufficient PID available} {Ready True 2018-09-19 08:03:34 +0000 UTC 2018-09-17 07:06:04 +0000 UTC KubeletReady kubelet is posting ready status}],Addresses:[{InternalIP 10.46.6.172} {Hostname 10.46.6.172}],DaemonEndpoints:NodeDaemonEndpoints{KubeletEndpoint:DaemonEndpoint{Port:10250,},},NodeInfo:NodeSystemInfo{MachineID:52ca0d2c3fb341c79b059a96d10571a6,SystemUUID:3D48E3C5-99D8-4CA3-9AB5-A8540613166F,BootID:d81d494e-264a-48ce-a4f2-76b16f6ece1f,KernelVersion:3.10.0-862.9.1.el7.x86_64,OSImage:Red Hat Enterprise Linux,ContainerRuntimeVersion:docker://18.3.1,KubeletVersion:v1.11.1+icp-ee,KubeProxyVersion:v1.11.1+icp-ee,OperatingSystem:linux,Architecture:amd64,},Images:[{[lzj.icp:8500/ibmcom/statsd-amd64@sha256:5ee11bc24bced45a77d9d630348680f319c09d9d3b2230b04518d1e2a5263ae2 lzj.icp:8500/ibmcom/statsd@sha256:af7a9d0c4f029d0247da41f67c7e87f3655175962b79a189a6a9ace0ff841049 lzj.icp:8500/ibmcom/statsd-amd64:0.7.2.1 lzj.icp:8500/ibmcom/statsd:0.7.2.1] 1234731808} {[lzj.icp:8500/ibmcom/kafka-amd64@sha256:0d6d348ccd7aa2854d60791331280e58db92029a522c8bfb3eb40c7c0913ca8f lzj.icp:8500/ibmcom/kafka@sha256:f0b4a833c3da439cadb783bb9cb578f96b1328557b8402a98f01c5c21497d93a lzj.icp:8500/ibmcom/kafka-amd64:0.10.0.2 lzj.icp:8500/ibmcom/kafka:0.10.0.2] 1114805679} {[lzj.icp:8500/ibmcom/iam-token-service-amd64@sha256:9211161e5b5b9d892a99b46fad4429333ceb7143b4039419df7ea0efa36381a9 lzj.icp:8500/ibmcom/iam-token-service@sha256:1b9308e68de93b43e9a85c0e005d80d423e88db7d88ee7114a80b2fade7a78ed lzj.icp:8500/ibmcom/iam-token-service-amd64:3.1.0 lzj.icp:8500/ibmcom/iam-token-service:3.1.0] 1051060152} {[lzj.icp:8500/ibmcom/icp-platform-auth-amd64@sha256:abc258009b8696a83214b7a9d9df63f6d83e19cfca2987c4836b0eadfa4c99c7 lzj.icp:8500/ibmcom/icp-platform-auth@sha256:c544b90a099b6c29ba4ee7f2ad4dded1277c948a0826b38ebe3250cdc7d1529c lzj.icp:8500/ibmcom/icp-platform-auth-amd64:3.1.0 lzj.icp:8500/ibmcom/icp-platform-auth:3.1.0] 1028283742} {[lzj.icp:8500/ibmcom/reg-crawler-amd64@sha256:9e5d4ebbac3dd6cbf9f892b5bd634f89fae3d4b2e6a23debd3ecd322e3eb817e lzj.icp:8500/ibmcom/reg-crawler@sha256:a9033d9cb2406d11c616fdfedc9bc56bc4ef970bd0a7b02899b3e5c1b353799b lzj.icp:8500/ibmcom/reg-crawler-amd64:1.3.1 lzj.icp:8500/ibmcom/reg-crawler:1.3.1] 1007817363} {[lzj.icp:8500/ibmcom/live-crawler-amd64@sha256:37a79ec87bd3c8b9af25cf1e25f4f14281ffb9f5ebeaf61c0b7c8a5799baf782 lzj.icp:8500/ibmcom/live-crawler@sha256:1a648615e7b439f093697f65350262823e6c711c4b21ea81596ced1c28a48133 lzj.icp:8500/ibmcom/live-crawler-amd64:1.3.1 lzj.icp:8500/ibmcom/live-crawler:1.3.1] 987515538} {[lzj.icp:8500/ibmcom/cos-indexer-amd64@sha256:adf28ff960ebdcbfcfa5e4522b81aa3565338f8d640dad611a1c3f0d3894393b lzj.icp:8500/ibmcom/cos-indexer@sha256:bb31dc8ef37e8482b2b9dedc0e54f46f7d3c678b22a3130eca9dde80fed65df1 lzj.icp:8500/ibmcom/cos-indexer-amd64:1.3.1 lzj.icp:8500/ibmcom/cos-indexer:1.3.1] 846578165} {[lzj.icp:8500/ibmcom/secure-config-annotator-amd64@sha256:26e845c6a252e0c5ae73e764645993b3270e289d1a2e9784b06ddd7898ca45d9 lzj.icp:8500/ibmcom/secure-config-annotator@sha256:cfaadd13c4ef4bdc937d296faff78e98473be8c9c6ae6b4a38927c952948914f lzj.icp:8500/ibmcom/secure-config-annotator-amd64:1.3.1 lzj.icp:8500/ibmcom/secure-config-annotator:1.3.1] 835555196} {[lzj.icp:8500/ibmcom/hyperkube-amd64@sha256:9eaadf7c2a417ee2a9a219e2eadf21884742199a484be2ca737f0e8a178d490a lzj.icp:8500/ibmcom/hyperkube@sha256:9fbddbf2d04354912c8a981395493d250474cb9fa587fa91119e69467078b180 lzj.icp:8500/ibmcom/hyperkube-amd64:v1.11.1-ee lzj.icp:8500/ibmcom/hyperkube:v1.11.1-ee] 782626408} {[lzj.icp:8500/ibmcom/compliance-annotator-amd64@sha256:5d8bbbef3a7dc54ba9addb256d2aa8a3f7d5c27a454ff4b7ee583b217dac2ce4 lzj.icp:8500/ibmcom/compliance-annotator@sha256:be00ccb777b1e90601cc563112e32ae831b0fb7d4933f1aa3c49379cabe41c3f lzj.icp:8500/ibmcom/compliance-annotator-amd64:1.3.1 lzj.icp:8500/ibmcom/compliance-annotator:1.3.1] 773932738} {[lzj.icp:8500/ibmcom/icp-logstash-amd64@sha256:02a683ee6ad9eeed7ea8ebb1de713aaf902a9e20a39ccc0294ee1f947f1bbd73 lzj.icp:8500/ibmcom/icp-logstash@sha256:a182a00827aefe7f5f95b18fa1ec8f6897989290b37f3d98bd6440ddda796433 lzj.icp:8500/ibmcom/icp-logstash-amd64:5.5.1 lzj.icp:8500/ibmcom/icp-logstash:5.5.1] 764906887} {[lzj.icp:8500/ibmcom/process-ma-hf-amd64@sha256:ef0d164350d07600f8037082db7d98cf81b9c554d8a60692ae90b8d0239a8cdc lzj.icp:8500/ibmcom/process-ma-hf@sha256:114b48d67e46f6ad3624dfa99baab8f9c62fb5ba88d210d0f42e106eda4e0ee8 lzj.icp:8500/ibmcom/process-ma-hf-amd64:1.3.1 lzj.icp:8500/ibmcom/process-ma-hf:1.3.1] 758635128} {[lzj.icp:8500/ibmcom/vulnerability-annotator-amd64@sha256:febedf85b65e0d1800e67249274d474d4ce67e8041e81487f76bce727cb39bd4 lzj.icp:8500/ibmcom/vulnerability-annotator@sha256:2ca368468e5d1c7ed82b3947b8d8904da34969bd72e67b382bfd0579fe3f148d lzj.icp:8500/ibmcom/vulnerability-annotator-amd64:1.3.1 lzj.icp:8500/ibmcom/vulnerability-annotator:1.3.1] 757013017} {[lzj.icp:8500/ibmcom/py-generic-indexer-amd64@sha256:45cb17e23e15f4dfe44471309af12f0655aad5f8e859c718f393290f220b02b2 lzj.icp:8500/ibmcom/py-generic-indexer@sha256:63a28bc72b6588e508ad23b569a228d6219e2d6fdddb2b1b073e1d2c70ec7641 lzj.icp:8500/ibmcom/py-generic-indexer-amd64:1.3.1 lzj.icp:8500/ibmcom/py-generic-indexer:1.3.1] 755588945} {[lzj.icp:8500/ibmcom/icp-inception-amd64@sha256:1dad180d14ae732d17ca5cf41b87dbb316c072323f186d60a08a753f904eb5b2 lzj.icp:8500/ibmcom/icp-inception@sha256:d395315f0fde94a5cacd9945cd7932b4eda45fe404a6b9d55a8ec8ebeed2a0a8 lzj.icp:8500/ibmcom/icp-inception-amd64:3.1.0-ee lzj.icp:8500/ibmcom/icp-inception:3.1.0-ee] 744155119} {[lzj.icp:8500/ibmcom/config-parser-amd64@sha256:7d721e0b5a827921ac16fa9e7570db225211e6dd700cdeaba1d28ba02ff8ef6d lzj.icp:8500/ibmcom/config-parser@sha256:2b7d6f1ea57d6e4d9caaca5d0e2bb35d2e6db316e2f18ef9a51b5bfa48119f69 lzj.icp:8500/ibmcom/config-parser-amd64:1.3.1 lzj.icp:8500/ibmcom/config-parser:1.3.1] 739243486} {[lzj.icp:8500/ibmcom/iam-policy-administration-amd64@sha256:e1941aa09a5b692505cb3be3e497d3ff9acb900786b9a2c8c4c00d0243b37dd0 lzj.icp:8500/ibmcom/iam-policy-administration@sha256:ab0d5c50f5e5fc9a537e97183ed694e34d57fa00121bc08bedb261b80e29b9a4 lzj.icp:8500/ibmcom/iam-policy-administration-amd64:3.1.0 lzj.icp:8500/ibmcom/iam-policy-administration:3.1.0] 711947327} {[lzj.icp:8500/ibmcom/password-annotator-amd64@sha256:bca1b6b222d8ea8ade174a8cc1a549f161d75d3e9d69881f08a1fb316a8e27d3 lzj.icp:8500/ibmcom/password-annotator@sha256:5c7e8db45db52a6bca7d76ae8c2ff74eb43644f7959d66ddc67454bcbca765ec lzj.icp:8500/ibmcom/password-annotator-amd64:1.3.1 lzj.icp:8500/ibmcom/password-annotator:1.3.1] 707627907} {[lzj.icp:8500/ibmcom/notification-dispatcher-amd64@sha256:ec8dfbc351a0d758488f9f8bfa17c3182a5c02819a6ebf7144ab914a2233cf57 lzj.icp:8500/ibmcom/notification-dispatcher@sha256:6d7e6b836f0cfeb5fb18cd29fdd8315fb44013f8d21830b9c5ab60b605c5e3c5 lzj.icp:8500/ibmcom/notification-dispatcher-amd64:1.3.1 lzj.icp:8500/ibmcom/notification-dispatcher:1.3.1] 707588442} {[lzj.icp:8500/ibmcom/sas-base-amd64@sha256:9651b1149c62d5a0968aaeffe71f2da68cd7e07ff8d7ea67538278c00ab08457 lzj.icp:8500/ibmcom/sas-base@sha256:56bb0790e5f06276b7435c731687f733901fedc80af299dc8a8eaf72d7365560 lzj.icp:8500/ibmcom/sas-base-amd64:1.3.1 lzj.icp:8500/ibmcom/sas-base:1.3.1] 653746081} {[lzj.icp:8500/ibmcom/ma-file-annotator-amd64@sha256:8caa6280fd845fd524ad874a6b243510ebf085d58c989229020fcfc743492632 lzj.icp:8500/ibmcom/ma-file-annotator@sha256:cd8dc2a26e2a84bf7d8ba982c6a21c034239de5e2dc12767d3f60985e495d957 lzj.icp:8500/ibmcom/ma-file-annotator-amd64:1.3.1 lzj.icp:8500/ibmcom/ma-file-annotator:1.3.1] 653745236} {[lzj.icp:8500/ibmcom/icp-kibana-amd64@sha256:8b69887ac5297e1d2e68b9c2ce885b9a888f6c278ca1538acb0f03206b48502a lzj.icp:8500/ibmcom/icp-kibana@sha256:6e2746da64a64f98c5761b87d5e185a9c2ac75c9c4e767ab284062b1847b7571 lzj.icp:8500/ibmcom/icp-kibana-amd64:5.5.1 lzj.icp:8500/ibmcom/icp-kibana:5.5.1] 639622018} {[lzj.icp:8500/ibmcom/icp-platform-api-amd64@sha256:1fc47925c2611aef12631b3f3806308f55a298074aebc561fd04cf8a7691c669 lzj.icp:8500/ibmcom/icp-platform-api@sha256:6b5585999f45fa6dc7a6a1d8bcb4d544c96a3e1fd3bd9f133ebed2e356985a0e lzj.icp:8500/ibmcom/icp-platform-api-amd64:3.1.0 lzj.icp:8500/ibmcom/icp-platform-api:3.1.0] 612589125} {[lzj.icp:8500/ibmcom/iam-policy-decision-amd64@sha256:d49eb3845c57bb8370a477949d92da10a178b81ade50f0e9d970981fadd6686d lzj.icp:8500/ibmcom/iam-policy-decision@sha256:ecd9f36e17e57c6be41e744abc17baacddd28178485d29cb112ffc5e558d2c09 lzj.icp:8500/ibmcom/iam-policy-decision-amd64:3.1.0 lzj.icp:8500/ibmcom/iam-policy-decision:3.1.0] 559718344} {[lzj.icp:8500/ibmcom/rootkit-annotator-amd64@sha256:caf6c24136b8785d901f346a640d673b55fe105c3617cfcb432ee2006f5b1cf4 lzj.icp:8500/ibmcom/rootkit-annotator@sha256:9aabe418ab5c5b3ce86dcfad5dc63a14124bf56227a7decb6656382f2cf9606e lzj.icp:8500/ibmcom/rootkit-annotator-amd64:1.3.1 lzj.icp:8500/ibmcom/rootkit-annotator:1.3.1] 549434506} {[lzj.icp:8500/ibmcom/icp-elasticsearch-amd64@sha256:0063a7a931ca4e52d8f7a51f2bdb010345f4373b5b904b52e5c8a48ec0c1fde7 lzj.icp:8500/ibmcom/icp-elasticsearch@sha256:b410aacb6005fe24bfd87b045ea26fde3d6eb3ca52c3f0e4560cdc208944ba50 lzj.icp:8500/ibmcom/icp-elasticsearch-amd64:5.5.1 lzj.icp:8500/ibmcom/icp-elasticsearch:5.5.1] 520121248} {[lzj.icp:8500/ibmcom/logging-pki-init-amd64@sha256:cc4bfa085e1ae99120ee526acd3e62d205e10de6f1c773c521fc5b933914f6a8 lzj.icp:8500/ibmcom/logging-pki-init@sha256:21aa9cbd05a849b4891b15cf636f73545f6001f16c82f8eeed2e90b4f9312377 lzj.icp:8500/ibmcom/logging-pki-init-amd64:2.0.0 lzj.icp:8500/ibmcom/logging-pki-init:2.0.0] 501921135} {[lzj.icp:8500/ibmcom/searchguard-init-amd64@sha256:d19ce1d27f406945d4ed78b0f07007998c2ab3889086e502924847c2186db546 lzj.icp:8500/ibmcom/searchguard-init@sha256:3d0d8a8404a9df5ad238bce1e0542cdda609cc445dfc3964952243d9fc103276 lzj.icp:8500/ibmcom/searchguard-init-amd64:2.0.0 lzj.icp:8500/ibmcom/searchguard-init:2.0.0] 457030441} {[lzj.icp:8500/ibmcom/metering-ui-amd64@sha256:3628a8fe41183c08ea0b02e2e798e3649e4aebe2c2405c34572b9eb7c7c4d9a8 lzj.icp:8500/ibmcom/metering-ui@sha256:d6453f9afecc9b1fc778c195e20bbb39d4ef6262af2f7a9a5ce3cddc259fec99 lzj.icp:8500/ibmcom/metering-ui-amd64:3.1.0 lzj.icp:8500/ibmcom/metering-ui:3.1.0] 385577105} {[lzj.icp:8500/ibmcom/heketi-amd64@sha256:c5b579a4f219c87990f861eb61de86cb9cfb51b6d230b8c299df7d9fd3d02d0e lzj.icp:8500/ibmcom/heketi@sha256:eb6875247a56829a20d0949f034b08a0e682201ab1d88d3cba71972932c254f5 lzj.icp:8500/ibmcom/heketi-amd64:v7.0.0 lzj.icp:8500/ibmcom/heketi:v7.0.0] 384720377} {[lzj.icp:8500/ibmcom/icp-mongodb-amd64@sha256:a305ae8bc309898d86bf60aee968846db3602f77b25924640d5f08a2389ee99d lzj.icp:8500/ibmcom/icp-mongodb@sha256:fe8b55caf7bb855fd4e244450af5195f2243b766c6934d464128bf982b29b345 lzj.icp:8500/ibmcom/icp-mongodb-amd64:3.1.0 lzj.icp:8500/ibmcom/icp-mongodb:3.1.0] 379353410} {[lzj.icp:8500/ibmcom/icp-catalog-ui-amd64@sha256:33993b4eab189e3c78fe27799017da770d47523cf6831460741008bf91297d6d lzj.icp:8500/ibmcom/icp-catalog-ui@sha256:049f3c4946a0ad2c10507e5e42a464448e858fb3ae606cfd84825d340adb1125 lzj.icp:8500/ibmcom/icp-catalog-ui-amd64:3.1.0 lzj.icp:8500/ibmcom/icp-catalog-ui:3.1.0] 363781304} {[lzj.icp:8500/ibmcom/nginx-ingress-controller-amd64@sha256:63b48dd3ba635aa65409f7d6a319e293697810c1b9e885e6255bebf36a2506ab lzj.icp:8500/ibmcom/nginx-ingress-controller@sha256:f68b2ce26292e02ef3dbc6cfae17cec3d54b9afee9bf5298bf95d005c0783143 lzj.icp:8500/ibmcom/nginx-ingress-controller-amd64:0.16.2 lzj.icp:8500/ibmcom/nginx-ingress-controller:0.16.2] 361632894} {[lzj.icp:8500/ibmcom/mariadb-amd64@sha256:1f9876179c32fcf463804f75cbf2fb031106edf2be9d5dbf6705375ca53930bb lzj.icp:8500/ibmcom/mariadb@sha256:2272622e7f6786220d7ee2b482a3050bd34c3e1ecdc99af6175a146610222763 lzj.icp:8500/ibmcom/mariadb-amd64:10.2.17 lzj.icp:8500/ibmcom/mariadb:10.2.17] 358991946} {[lzj.icp:8500/ibmcom/k8szk-amd64@sha256:a9ee22a4df14654552a02303e4560623244683692fd298dd2fb71e9dd66219f3 lzj.icp:8500/ibmcom/k8szk@sha256:20cfeb163fb828c3c3a7c0baf2883e90c72c8d97d20116253903e82aa2be801f lzj.icp:8500/ibmcom/k8szk-amd64:v3 lzj.icp:8500/ibmcom/k8szk:v3] 331472973} {[lzj.icp:8500/ibmcom/gluster-amd64@sha256:647caedb536eb7b8c5c8b0a2b69e52d2a34be9e6c9c7b9c1b21d14fcfa261886 lzj.icp:8500/ibmcom/gluster@sha256:eeabf9b160370078d12a4c2b84f1a9772fe10c64446f0c2251eb53b8b5277baa lzj.icp:8500/ibmcom/gluster-amd64:v4.0.2 lzj.icp:8500/ibmcom/gluster:v4.0.2] 324265531} {[lzj.icp:8500/ibmcom/istio-grafana-amd64@sha256:381a2dd3a5addbc5d43920bc19bb15ba6dbd422e4a9d91163108e72c5a63234c lzj.icp:8500/ibmcom/istio-grafana@sha256:f4fdaf4a51b946f6d4fb9aa82cdbfef53c8e0b7b2223078f9d7f62bb28d3259b lzj.icp:8500/ibmcom/istio-grafana-amd64:1.0.0.1 lzj.icp:8500/ibmcom/istio-grafana:1.0.0.1] 324187770} {[lzj.icp:8500/ibmcom/icp-filebeat-amd64@sha256:03af9b78dad6c2ba857975d10c81e781460796dff1ff1163ea4596f4aa10601d lzj.icp:8500/ibmcom/icp-filebeat@sha256:72669dde64d7ab85bbb9e93428efe548b2693a4eae5168a4705f6e30cd20e584 lzj.icp:8500/ibmcom/icp-filebeat-amd64:5.5.1 lzj.icp:8500/ibmcom/icp-filebeat:5.5.1] 317104874} {[lzj.icp:8500/ibmcom/istio-proxyv2-amd64@sha256:cd77e75fa85ce74914e1b7b0bef980ece8a62ef0d776c9ef51a0d7d30b4b64a0 lzj.icp:8500/ibmcom/istio-proxyv2@sha256:9c94d736c8cbb41e2c5b0b672530eee0df6cbb628d57f4ddaec9f4ff4f49ce35 lzj.icp:8500/ibmcom/istio-proxyv2-amd64:1.0.0.1 lzj.icp:8500/ibmcom/istio-proxyv2:1.0.0.1] 311276139} {[lzj.icp:8500/ibmcom/istio-pilot-amd64@sha256:63352073a964037fd37f6150228231d2e5eca7e0c2920405d6269326d3c54263 lzj.icp:8500/ibmcom/istio-pilot@sha256:ad129a4be7b6d1536c384efd03fb570b973b9c77a56a48e6b9cfe192a76c111e lzj.icp:8500/ibmcom/istio-pilot-amd64:1.0.0.1 lzj.icp:8500/ibmcom/istio-pilot:1.0.0.1] 309502004} {[lzj.icp:8500/ibmcom/fluentd-amd64@sha256:384a99b8d941c93f96ee5b5cbae5b70500219a3f71c73cf4eddd20d9d693e3b3 lzj.icp:8500/ibmcom/fluentd@sha256:f85a5ffd86438f1a73d04caf6e33ef3474675d9fa0947431f4d0a9602fc981af lzj.icp:8500/ibmcom/fluentd-amd64:v1.2.2-icp lzj.icp:8500/ibmcom/fluentd:v1.2.2-icp] 270902701} {[lzj.icp:8500/ibmcom/icp-identity-manager-amd64@sha256:632f31acd0fcfc3d0cebea31cfb71018f6712bd1a1b4da7476942b3c23aa3521 lzj.icp:8500/ibmcom/icp-identity-manager@sha256:993462e02a42c15b03722d935809476c8e10e6e0b3a2669eb528081e92a49859 lzj.icp:8500/ibmcom/icp-identity-manager-amd64:3.1.0 lzj.icp:8500/ibmcom/icp-identity-manager:3.1.0] 268667523} {[lzj.icp:8500/ibmcom/elasticsearch-plugin-searchguard-amd64@sha256:28f88d06bbbc073162702064c1be4ad06272e9021cbc0f929ba8c6da2ca25ae6 lzj.icp:8500/ibmcom/elasticsearch-plugin-searchguard@sha256:f47116021e3eec7b2fed9f6ed8bd77fd890457e5a1546dda7f863c032d4395b1 lzj.icp:8500/ibmcom/elasticsearch-plugin-searchguard-amd64:2.0.0 lzj.icp:8500/ibmcom/elasticsearch-plugin-searchguard:2.0.0] 267864279} {[lzj.icp:8500/ibmcom/kiali-amd64@sha256:bec63b454cf2e597c61f6a9943144050e5e6fc7a4f6474bc3bb6b627ba20c71c lzj.icp:8500/ibmcom/kiali@sha256:71a50e9885495157454657bc93842a7310e96e822a4117ad751ad81af83fde5e lzj.icp:8500/ibmcom/kiali-amd64:istio-release-1.0.0.1 lzj.icp:8500/ibmcom/kiali:istio-release-1.0.0.1] 265771300} {[lzj.icp:8500/ibmcom/calico-node-amd64@sha256:9871f4dde9eab9fd804b12f3114da36505ff5c220e2323b7434eec24e3b23ac5 lzj.icp:8500/ibmcom/calico-node@sha256:85a23d8030137d49663d3d82844a61998331606de9fc523dfdd0a75be7fb9828 lzj.icp:8500/ibmcom/calico-node-amd64:v3.1.3 lzj.icp:8500/ibmcom/calico-node:v3.1.3] 248202699} {[lzj.icp:8500/ibmcom/grafana-amd64@sha256:dc3566257a0c716caedfb33127d8ee385290c1dda006bebfb75c376d56b30c88 lzj.icp:8500/ibmcom/grafana@sha256:5d2739d3ec5c7f6ea66d69caa918b764660b99a3d37cb1f4123f1a9623ce8e38 lzj.icp:8500/ibmcom/grafana-amd64:5.2.0 lzj.icp:8500/ibmcom/grafana:5.2.0] 245297582} {[lzj.icp:8500/ibmcom/indices-cleaner-amd64@sha256:e6c6453d54012488e9ebfaa9e4d829f567d8e66b24c1613e6d88ca192ed5e85b lzj.icp:8500/ibmcom/indices-cleaner@sha256:31dac3be1246f17dddade06b517c073244ce56d85bc54135fdaf010dbb0bca10 lzj.icp:8500/ibmcom/indices-cleaner-amd64:1.0.0 lzj.icp:8500/ibmcom/indices-cleaner:1.0.0] 238131553} {[lzj.icp:8500/ibmcom/icp-identity-provider-amd64@sha256:24dba8b07c8295eef99abbf8d83041908516e4e50e4e4cfbbbcd53bdf415dda1 lzj.icp:8500/ibmcom/icp-identity-provider@sha256:b5bf63419b53ba550cad7a1b835d0d0eaae1fde8851c7936f8deb603fef673a6 lzj.icp:8500/ibmcom/icp-identity-provider-amd64:3.1.0 lzj.icp:8500/ibmcom/icp-identity-provider:3.1.0] 224286517} {[lzj.icp:8500/ibmcom/curl-amd64@sha256:aad05b4e4529f7e70516d8d3028cae6cd1d50de738ce164f2a532ce2470ac43f lzj.icp:8500/ibmcom/curl@sha256:adf92a267e351914d041a56d64ebe80331c45f8e20ab23b7ada67bea78da9996 lzj.icp:8500/ibmcom/curl-amd64:4.0.0 lzj.icp:8500/ibmcom/curl:4.0.0] 221192597} {[lzj.icp:8500/ibmcom/icp-audit-service-amd64@sha256:9add202c06a43da647380c860d9139fa059701fe103c1f229281215bf99dbbd3 lzj.icp:8500/ibmcom/icp-audit-service@sha256:7c3d710c31f6f5ae0227edc1599bdf64bc82e4fcd2b3aa8f197148240d2ab01c lzj.icp:8500/ibmcom/icp-audit-service-amd64:3.1.0 lzj.icp:8500/ibmcom/icp-audit-service:3.1.0] 215897363}],VolumesInUse:[],VolumesAttached:[],Config:&amp;NodeConfigStatus{Assigned:nil,Active:nil,LastKnownGood:nil,Error:,},},}&#xA;Sep 19 08:03:42.443: INFO: &#xA;Logging kubelet events for node 10.46.6.172&#xA;Sep 19 08:03:42.448: INFO: &#xA;Logging pods the kubelet thinks is on node 10.46.6.172&#xA;Sep 19 08:03:42.474: INFO: vulnerability-advisor-minio-cleaner-1537228740-55f4w started at 2018-09-17 23:59:03 +0000 UTC (0+1 container statuses recorded)&#xA;Sep 19 08:03:42.474: INFO: &#x9;Container cleaner ready: false, restart count 0&#xA;Sep 19 08:03:42.474: INFO: audit-logging-fluentd-ds-8bh4t started at 2018-09-17 07:18:46 +0000 UTC (0+1 container statuses recorded)&#xA;Sep 19 08:03:42.474: INFO: &#x9;Container fluentd ready: true, restart count 0&#xA;Sep 19 08:03:42.474: INFO: vulnerability-advisor-live-crawler-84st2 started at 2018-09-17 07:19:03 +0000 UTC (0+1 container statuses recorded)&#xA;Sep 19 08:03:42.474: INFO: &#x9;Container live-crawler ready: true, restart count 0&#xA;Sep 19 08:03:42.474: INFO: vulnerability-advisor-process-ma-annotator-58f47d5b5f-xbxrc started at 2018-09-17 07:19:06 +0000 UTC (0+2 container statuses recorded)&#xA;Sep 19 08:03:42.474: INFO: &#x9;Container icp-audit-service ready: true, restart count 0&#xA;Sep 19 08:03:42.474: INFO: &#x9;Container process-ma-annotator ready: true, restart count 2&#xA;Sep 19 08:03:42.474: INFO: vulnerability-advisor-compliance-indexer-7cbdc64b57-47lmd started at 2018-09-17 07:19:07 +0000 UTC (0+1 container statuses recorded)&#xA;Sep 19 08:03:42.474: INFO: &#x9;Container py-compliance-indexer ready: true, restart count 0&#xA;Sep 19 08:03:42.474: INFO: vulnerability-advisor-process-ma-annotator-init-869545d547nn27w started at 2018-09-17 07:19:06 +0000 UTC (0+1 container statuses recorded)&#xA;Sep 19 08:03:42.474: INFO: &#x9;Container process-ma-annotator ready: true, restart count 0&#xA;Sep 19 08:03:42.474: INFO: vulnerability-advisor-process-ma-annotator-58f47d5b5f-4wglg started at 2018-09-17 07:19:06 +0000 UTC (0+2 container statuses recorded)&#xA;Sep 19 08:03:42.474: INFO: &#x9;Container icp-audit-service ready: true, restart count 0&#xA;Sep 19 08:03:42.474: INFO: &#x9;Container process-ma-annotator ready: true, restart count 1&#xA;Sep 19 08:03:42.474: INFO: vulnerability-advisor-rootkit-indexer-cd8b4646b-xlhwq started at 2018-09-17 07:19:07 +0000 UTC (0+1 container statuses recorded)&#xA;Sep 19 08:03:42.474: INFO: &#x9;Container py-rootkit-indexer ready: true, restart count 0&#xA;Sep 19 08:03:42.474: INFO: vulnerability-advisor-secconfig-indexer-674647df7c-qq5ff started at 2018-09-17 07:19:07 +0000 UTC (0+1 container statuses recorded)&#xA;Sep 19 08:03:42.474: INFO: &#x9;Container py-secconfig-indexer ready: true, restart count 0&#xA;Sep 19 08:03:42.474: INFO: k8s-proxy-10.46.6.172 started at &lt;nil&gt; (0+0 container statuses recorded)&#xA;Sep 19 08:03:42.474: INFO: vulnerability-advisor-process-ma-crawler-24z6k started at 2018-09-17 07:19:03 +0000 UTC (0+1 container statuses recorded)&#xA;Sep 19 08:03:42.474: INFO: &#x9;Container process-ma-crawler ready: true, restart count 0&#xA;Sep 19 08:03:42.474: INFO: vulnerability-advisor-config-parser-5d44b78fd5-z4k9t started at 2018-09-17 07:19:04 +0000 UTC (0+1 container statuses recorded)&#xA;Sep 19 08:03:42.474: INFO: &#x9;Container config-parser ready: true, restart count 4&#xA;Sep 19 08:03:42.474: INFO: vulnerability-advisor-notification-dispatcher-86f8bf4b4d-cfdzb started at 2018-09-17 07:19:04 +0000 UTC (0+1 container statuses recorded)&#xA;Sep 19 08:03:42.474: INFO: &#x9;Container notification-dispatcher ready: true, restart count 3&#xA;Sep 19 08:03:42.474: INFO: vulnerability-advisor-registry-crawler-6f9568677b-bfpm6 started at 2018-09-17 07:19:08 +0000 UTC (0+1 container statuses recorded)&#xA;Sep 19 08:03:42.474: INFO: &#x9;Container reg-crawler ready: true, restart count 0&#xA;Sep 19 08:03:42.474: INFO: vulnerability-advisor-minio-cleaner-1537315140-nqk7v started at 2018-09-18 23:59:04 +0000 UTC (0+1 container statuses recorded)&#xA;Sep 19 08:03:42.474: INFO: &#x9;Container cleaner ready: false, restart count 0&#xA;Sep 19 08:03:42.474: INFO: vulnerability-advisor-ma-file-annotator-6b95df8886-jtczz started at 2018-09-17 07:19:04 +0000 UTC (0+2 container statuses recorded)&#xA;Sep 19 08:03:42.474: INFO: &#x9;Container icp-audit-service ready: true, restart count 0&#xA;Sep 19 08:03:42.474: INFO: &#x9;Container vulnerability-advisor-ma-file-annotator ready: true, restart count 1&#xA;Sep 19 08:03:42.474: INFO: vulnerability-advisor-sas-apiserver-5fd8d44bc9-7bvkn started at 2018-09-17 07:19:09 +0000 UTC (0+3 container statuses recorded)&#xA;Sep 19 08:03:42.474: INFO: &#x9;Container icp-audit-service ready: true, restart count 0&#xA;Sep 19 08:03:42.474: INFO: &#x9;Container sas-api-server ready: true, restart count 0&#xA;Sep 19 08:03:42.474: INFO: &#x9;Container sas-proxy-server ready: true, restart count 0&#xA;Sep 19 08:03:42.474: INFO: vulnerability-advisor-zookeeper-0 started at 2018-09-17 07:19:15 +0000 UTC (0+1 container statuses recorded)&#xA;Sep 19 08:03:42.474: INFO: &#x9;Container zookeeper-server ready: true, restart count 0&#xA;Sep 19 08:03:42.474: INFO: vulnerability-advisor-compliance-annotator-d5659b9d9-kmn8q started at 2018-09-17 07:19:03 +0000 UTC (0+1 container statuses recorded)&#xA;Sep 19 08:03:42.474: INFO: &#x9;Container compliance-annotator ready: true, restart count 4&#xA;Sep 19 08:03:42.474: INFO: vulnerability-advisor-rootkit-annotator-74cb65b5cf-2dk5j started at 2018-09-17 07:19:08 +0000 UTC (0+1 container statuses recorded)&#xA;Sep 19 08:03:42.474: INFO: &#x9;Container rootkit-annotator ready: true, restart count 3&#xA;Sep 19 08:03:42.474: INFO: vulnerability-advisor-sas-mgmt-64fb95bc44-j9vjc started at 2018-09-17 07:19:08 +0000 UTC (0+1 container statuses recorded)&#xA;Sep 19 08:03:42.474: INFO: &#x9;Container sas-mgmt-server ready: true, restart count 0&#xA;Sep 19 08:03:42.474: INFO: monitoring-prometheus-nodeexporter-v4l7d started at 2018-09-17 07:15:44 +0000 UTC (0+2 container statuses recorded)&#xA;Sep 19 08:03:42.474: INFO: &#x9;Container nodeexporter ready: true, restart count 0&#xA;Sep 19 08:03:42.474: INFO: &#x9;Container router ready: true, restart count 0&#xA;Sep 19 08:03:42.474: INFO: vulnerability-advisor-vulnerability-indexer-7c79b4c964-2n8cg started at 2018-09-17 07:19:07 +0000 UTC (0+1 container statuses recorded)&#xA;Sep 19 08:03:42.474: INFO: &#x9;Container py-vulnerability-indexer ready: true, restart count 0&#xA;Sep 19 08:03:42.474: INFO: vulnerability-advisor-secconfig-annotator-7dbcf5d9f4-fkmkb started at 2018-09-17 07:19:10 +0000 UTC (0+1 container statuses recorded)&#xA;Sep 19 08:03:42.474: INFO: &#x9;Container secconfig-annotator ready: true, restart count 0&#xA;Sep 19 08:03:42.474: INFO: vulnerability-advisor-statsd-7746859df4-jjm6f started at 2018-09-17 07:19:10 +0000 UTC (0+1 container statuses recorded)&#xA;Sep 19 08:03:42.474: INFO: &#x9;Container statsd ready: true, restart count 0&#xA;Sep 19 08:03:42.475: INFO: vulnerability-advisor-usncrawler-8h976 started at 2018-09-17 07:19:11 +0000 UTC (0+1 container statuses recorded)&#xA;Sep 19 08:03:42.475: INFO: &#x9;Container usnloader-job ready: false, restart count 0&#xA;Sep 19 08:03:42.475: INFO: calico-node-wsknj started at 2018-09-17 07:05:53 +0000 UTC (0+2 container statuses recorded)&#xA;Sep 19 08:03:42.475: INFO: &#x9;Container calico-node ready: true, restart count 0&#xA;Sep 19 08:03:42.475: INFO: &#x9;Container install-cni ready: true, restart count 0&#xA;Sep 19 08:03:42.475: INFO: vulnerability-advisor-cos-indexer-57899b7dd6-7cpf8 started at 2018-09-17 07:19:04 +0000 UTC (0+1 container statuses recorded)&#xA;Sep 19 08:03:42.475: INFO: &#x9;Container cos-indexer ready: true, restart count 3&#xA;Sep 19 08:03:42.475: INFO: vulnerability-advisor-kafka-0 started at 2018-09-17 07:19:13 +0000 UTC (0+1 container statuses recorded)&#xA;Sep 19 08:03:42.475: INFO: &#x9;Container kafka-server ready: true, restart count 2&#xA;Sep 19 08:03:42.475: INFO: vulnerability-advisor-vulnerability-annotator-bcbf5595f-hxwst started at 2018-09-17 07:19:10 +0000 UTC (0+1 container statuses recorded)&#xA;Sep 19 08:03:42.475: INFO: &#x9;Container va-annotator ready: true, restart count 3&#xA;Sep 19 08:03:42.475: INFO: vulnerability-advisor-minio-0 started at 2018-09-17 07:19:16 +0000 UTC (1+1 container statuses recorded)&#xA;Sep 19 08:03:42.475: INFO: &#x9;Init container wait-kafka ready: true, restart count 1&#xA;Sep 19 08:03:42.475: INFO: &#x9;Container minio-server ready: true, restart count 0&#xA;Sep 19 08:03:42.475: INFO: nvidia-device-plugin-w9jr8 started at 2018-09-17 07:07:17 +0000 UTC (1+1 container statuses recorded)&#xA;Sep 19 08:03:42.475: INFO: &#x9;Init container nvidia-driver-collector ready: true, restart count 0&#xA;Sep 19 08:03:42.475: INFO: &#x9;Container nvidia-device-plugin ready: true, restart count 0&#xA;Sep 19 08:03:42.475: INFO: metering-reader-gsrdg started at 2018-09-17 07:14:11 +0000 UTC (1+1 container statuses recorded)&#xA;Sep 19 08:03:42.475: INFO: &#x9;Init container metering-reader-init ready: true, restart count 1&#xA;Sep 19 08:03:42.475: INFO: &#x9;Container metering-reader ready: true, restart count 0&#xA;Sep 19 08:03:42.475: INFO: logging-elk-filebeat-ds-vpk48 started at 2018-09-17 07:15:20 +0000 UTC (0+1 container statuses recorded)&#xA;Sep 19 08:03:42.475: INFO: &#x9;Container filebeat ready: true, restart count 0&#xA;Sep 19 08:03:42.475: INFO: vulnerability-advisor-password-annotator-79b5d794b5-wnwqn started at 2018-09-17 07:19:05 +0000 UTC (0+1 container statuses recorded)&#xA;Sep 19 08:03:42.475: INFO: &#x9;Container config-parser ready: true, restart count 3&#xA;Sep 19 08:03:42.552: INFO: &#xA;Latency metrics for node 10.46.6.172&#xA;Sep 19 08:03:42.552: INFO: &#xA;Logging node info for node 10.46.6.173&#xA;Sep 19 08:03:42.556: INFO: Node Info: &amp;Node{ObjectMeta:k8s_io_apimachinery_pkg_apis_meta_v1.ObjectMeta{Name:10.46.6.173,GenerateName:,Namespace:,SelfLink:/api/v1/nodes/10.46.6.173,UID:3dc7268b-ba44-11e8-b20e-fa163e707b2e,ResourceVersion:463337,Generation:0,CreationTimestamp:2018-09-17 06:38:09 +0000 UTC,DeletionTimestamp:&lt;nil&gt;,DeletionGracePeriodSeconds:nil,Labels:map[string]string{beta.kubernetes.io/arch: amd64,beta.kubernetes.io/os: linux,etcd: true,kubernetes.io/hostname: 10.46.6.173,master: true,node-role.kubernetes.io/etcd: true,node-role.kubernetes.io/master: true,node-role.kubernetes.io/proxy: true,proxy: true,role: master,},Annotations:map[string]string{node.alpha.kubernetes.io/ttl: 0,volumes.kubernetes.io/controller-managed-attach-detach: true,},OwnerReferences:[],Finalizers:[],ClusterName:,Initializers:nil,},Spec:NodeSpec{PodCIDR:,DoNotUse_ExternalID:,ProviderID:,Unschedulable:false,Taints:[{dedicated proxy NoSchedule &lt;nil&gt;}],ConfigSource:nil,},Status:NodeStatus{Capacity:ResourceList{cpu: {{32 0} {&lt;nil&gt;} 32 DecimalSI},ephemeral-storage: {{107362627584 0} {&lt;nil&gt;} 104846316Ki BinarySI},hugepages-1Gi: {{0 0} {&lt;nil&gt;} 0 DecimalSI},hugepages-2Mi: {{0 0} {&lt;nil&gt;} 0 DecimalSI},memory: {{135202160640 0} {&lt;nil&gt;}  BinarySI},pods: {{320 0} {&lt;nil&gt;} 320 DecimalSI},},Allocatable:ResourceList{cpu: {{32 0} {&lt;nil&gt;} 32 DecimalSI},ephemeral-storage: {{107257769984 0} {&lt;nil&gt;} 104743916Ki BinarySI},hugepages-1Gi: {{0 0} {&lt;nil&gt;} 0 DecimalSI},hugepages-2Mi: {{0 0} {&lt;nil&gt;} 0 DecimalSI},memory: {{135097303040 0} {&lt;nil&gt;}  BinarySI},pods: {{320 0} {&lt;nil&gt;} 320 DecimalSI},},Phase:,Conditions:[{OutOfDisk False 2018-09-19 08:03:33 +0000 UTC 2018-09-17 06:38:09 +0000 UTC KubeletHasSufficientDisk kubelet has sufficient disk space available} {MemoryPressure False 2018-09-19 08:03:33 +0000 UTC 2018-09-17 06:38:09 +0000 UTC KubeletHasSufficientMemory kubelet has sufficient memory available} {DiskPressure False 2018-09-19 08:03:33 +0000 UTC 2018-09-17 06:38:09 +0000 UTC KubeletHasNoDiskPressure kubelet has no disk pressure} {PIDPressure False 2018-09-19 08:03:33 +0000 UTC 2018-09-17 06:38:09 +0000 UTC KubeletHasSufficientPID kubelet has sufficient PID available} {Ready True 2018-09-19 08:03:33 +0000 UTC 2018-09-17 07:06:09 +0000 UTC KubeletReady kubelet is posting ready status}],Addresses:[{InternalIP 10.46.6.173} {Hostname 10.46.6.173}],DaemonEndpoints:NodeDaemonEndpoints{KubeletEndpoint:DaemonEndpoint{Port:10250,},},NodeInfo:NodeSystemInfo{MachineID:52ca0d2c3fb341c79b059a96d10571a6,SystemUUID:DA83D170-F88E-40EB-A0A3-2918CD5F6005,BootID:806b09ea-0a42-4719-bbaa-13e375c7b62f,KernelVersion:3.10.0-862.9.1.el7.x86_64,OSImage:Red Hat Enterprise Linux,ContainerRuntimeVersion:docker://18.3.1,KubeletVersion:v1.11.1+icp-ee,KubeProxyVersion:v1.11.1+icp-ee,OperatingSystem:linux,Architecture:amd64,},Images:[{[lzj.icp:8500/ibmcom/statsd-amd64@sha256:5ee11bc24bced45a77d9d630348680f319c09d9d3b2230b04518d1e2a5263ae2 lzj.icp:8500/ibmcom/statsd-amd64:0.7.2.1 lzj.icp:8500/ibmcom/statsd:0.7.2.1] 1234731808} {[lzj.icp:8500/ibmcom/kafka-amd64@sha256:0d6d348ccd7aa2854d60791331280e58db92029a522c8bfb3eb40c7c0913ca8f lzj.icp:8500/ibmcom/kafka-amd64:0.10.0.2 lzj.icp:8500/ibmcom/kafka:0.10.0.2] 1114805679} {[lzj.icp:8500/ibmcom/iam-token-service-amd64@sha256:9211161e5b5b9d892a99b46fad4429333ceb7143b4039419df7ea0efa36381a9 lzj.icp:8500/ibmcom/iam-token-service-amd64:3.1.0 lzj.icp:8500/ibmcom/iam-token-service:3.1.0] 1051060152} {[lzj.icp:8500/ibmcom/icp-platform-auth-amd64@sha256:abc258009b8696a83214b7a9d9df63f6d83e19cfca2987c4836b0eadfa4c99c7 lzj.icp:8500/ibmcom/icp-platform-auth-amd64:3.1.0 lzj.icp:8500/ibmcom/icp-platform-auth:3.1.0] 1028283742} {[lzj.icp:8500/ibmcom/reg-crawler-amd64@sha256:9e5d4ebbac3dd6cbf9f892b5bd634f89fae3d4b2e6a23debd3ecd322e3eb817e lzj.icp:8500/ibmcom/reg-crawler-amd64:1.3.1 lzj.icp:8500/ibmcom/reg-crawler:1.3.1] 1007817363} {[lzj.icp:8500/ibmcom/live-crawler-amd64@sha256:37a79ec87bd3c8b9af25cf1e25f4f14281ffb9f5ebeaf61c0b7c8a5799baf782 lzj.icp:8500/ibmcom/live-crawler-amd64:1.3.1 lzj.icp:8500/ibmcom/live-crawler:1.3.1] 987515538} {[lzj.icp:8500/ibmcom/cos-indexer-amd64@sha256:adf28ff960ebdcbfcfa5e4522b81aa3565338f8d640dad611a1c3f0d3894393b lzj.icp:8500/ibmcom/cos-indexer-amd64:1.3.1 lzj.icp:8500/ibmcom/cos-indexer:1.3.1] 846578165} {[lzj.icp:8500/ibmcom/secure-config-annotator-amd64@sha256:26e845c6a252e0c5ae73e764645993b3270e289d1a2e9784b06ddd7898ca45d9 lzj.icp:8500/ibmcom/secure-config-annotator-amd64:1.3.1 lzj.icp:8500/ibmcom/secure-config-annotator:1.3.1] 835555196} {[lzj.icp:8500/ibmcom/hyperkube-amd64@sha256:9eaadf7c2a417ee2a9a219e2eadf21884742199a484be2ca737f0e8a178d490a lzj.icp:8500/ibmcom/hyperkube-amd64:v1.11.1-ee lzj.icp:8500/ibmcom/hyperkube:v1.11.1-ee] 782626408} {[lzj.icp:8500/ibmcom/compliance-annotator-amd64@sha256:5d8bbbef3a7dc54ba9addb256d2aa8a3f7d5c27a454ff4b7ee583b217dac2ce4 lzj.icp:8500/ibmcom/compliance-annotator-amd64:1.3.1 lzj.icp:8500/ibmcom/compliance-annotator:1.3.1] 773932738} {[lzj.icp:8500/ibmcom/icp-logstash-amd64@sha256:02a683ee6ad9eeed7ea8ebb1de713aaf902a9e20a39ccc0294ee1f947f1bbd73 lzj.icp:8500/ibmcom/icp-logstash-amd64:5.5.1 lzj.icp:8500/ibmcom/icp-logstash:5.5.1] 764906887} {[lzj.icp:8500/ibmcom/process-ma-hf-amd64@sha256:ef0d164350d07600f8037082db7d98cf81b9c554d8a60692ae90b8d0239a8cdc lzj.icp:8500/ibmcom/process-ma-hf-amd64:1.3.1 lzj.icp:8500/ibmcom/process-ma-hf:1.3.1] 758635128} {[lzj.icp:8500/ibmcom/vulnerability-annotator-amd64@sha256:febedf85b65e0d1800e67249274d474d4ce67e8041e81487f76bce727cb39bd4 lzj.icp:8500/ibmcom/vulnerability-annotator-amd64:1.3.1 lzj.icp:8500/ibmcom/vulnerability-annotator:1.3.1] 757013017} {[lzj.icp:8500/ibmcom/py-generic-indexer-amd64@sha256:45cb17e23e15f4dfe44471309af12f0655aad5f8e859c718f393290f220b02b2 lzj.icp:8500/ibmcom/py-generic-indexer-amd64:1.3.1 lzj.icp:8500/ibmcom/py-generic-indexer:1.3.1] 755588945} {[lzj.icp:8500/ibmcom/icp-inception-amd64@sha256:1dad180d14ae732d17ca5cf41b87dbb316c072323f186d60a08a753f904eb5b2 ibmcom/icp-inception-amd64:3.1.0-ee lzj.icp:8500/ibmcom/icp-inception-amd64:3.1.0-ee lzj.icp:8500/ibmcom/icp-inception:3.1.0-ee] 744155119} {[lzj.icp:8500/ibmcom/config-parser-amd64@sha256:7d721e0b5a827921ac16fa9e7570db225211e6dd700cdeaba1d28ba02ff8ef6d lzj.icp:8500/ibmcom/config-parser-amd64:1.3.1 lzj.icp:8500/ibmcom/config-parser:1.3.1] 739243486} {[lzj.icp:8500/ibmcom/iam-policy-administration-amd64@sha256:e1941aa09a5b692505cb3be3e497d3ff9acb900786b9a2c8c4c00d0243b37dd0 lzj.icp:8500/ibmcom/iam-policy-administration-amd64:3.1.0 lzj.icp:8500/ibmcom/iam-policy-administration:3.1.0] 711947327} {[lzj.icp:8500/ibmcom/password-annotator-amd64@sha256:bca1b6b222d8ea8ade174a8cc1a549f161d75d3e9d69881f08a1fb316a8e27d3 lzj.icp:8500/ibmcom/password-annotator-amd64:1.3.1 lzj.icp:8500/ibmcom/password-annotator:1.3.1] 707627907} {[lzj.icp:8500/ibmcom/notification-dispatcher-amd64@sha256:ec8dfbc351a0d758488f9f8bfa17c3182a5c02819a6ebf7144ab914a2233cf57 lzj.icp:8500/ibmcom/notification-dispatcher-amd64:1.3.1 lzj.icp:8500/ibmcom/notification-dispatcher:1.3.1] 707588442} {[lzj.icp:8500/ibmcom/sas-base-amd64@sha256:9651b1149c62d5a0968aaeffe71f2da68cd7e07ff8d7ea67538278c00ab08457 lzj.icp:8500/ibmcom/sas-base-amd64:1.3.1 lzj.icp:8500/ibmcom/sas-base:1.3.1] 653746081} {[lzj.icp:8500/ibmcom/ma-file-annotator-amd64@sha256:8caa6280fd845fd524ad874a6b243510ebf085d58c989229020fcfc743492632 lzj.icp:8500/ibmcom/ma-file-annotator-amd64:1.3.1 lzj.icp:8500/ibmcom/ma-file-annotator:1.3.1] 653745236} {[lzj.icp:8500/ibmcom/icp-kibana-amd64@sha256:8b69887ac5297e1d2e68b9c2ce885b9a888f6c278ca1538acb0f03206b48502a lzj.icp:8500/ibmcom/icp-kibana-amd64:5.5.1 lzj.icp:8500/ibmcom/icp-kibana:5.5.1] 639622018} {[lzj.icp:8500/ibmcom/icp-platform-api-amd64@sha256:1fc47925c2611aef12631b3f3806308f55a298074aebc561fd04cf8a7691c669 lzj.icp:8500/ibmcom/icp-platform-api-amd64:3.1.0 lzj.icp:8500/ibmcom/icp-platform-api:3.1.0] 612589125} {[lzj.icp:8500/ibmcom/iam-policy-decision-amd64@sha256:d49eb3845c57bb8370a477949d92da10a178b81ade50f0e9d970981fadd6686d lzj.icp:8500/ibmcom/iam-policy-decision-amd64:3.1.0 lzj.icp:8500/ibmcom/iam-policy-decision:3.1.0] 559718344} {[lzj.icp:8500/ibmcom/rootkit-annotator-amd64@sha256:caf6c24136b8785d901f346a640d673b55fe105c3617cfcb432ee2006f5b1cf4 lzj.icp:8500/ibmcom/rootkit-annotator-amd64:1.3.1 lzj.icp:8500/ibmcom/rootkit-annotator:1.3.1] 549434506} {[lzj.icp:8500/ibmcom/icp-elasticsearch-amd64@sha256:0063a7a931ca4e52d8f7a51f2bdb010345f4373b5b904b52e5c8a48ec0c1fde7 lzj.icp:8500/ibmcom/icp-elasticsearch-amd64:5.5.1 lzj.icp:8500/ibmcom/icp-elasticsearch:5.5.1] 520121248} {[lzj.icp:8500/ibmcom/logging-pki-init-amd64@sha256:cc4bfa085e1ae99120ee526acd3e62d205e10de6f1c773c521fc5b933914f6a8 lzj.icp:8500/ibmcom/logging-pki-init-amd64:2.0.0 lzj.icp:8500/ibmcom/logging-pki-init:2.0.0] 501921135} {[lzj.icp:8500/ibmcom/searchguard-init-amd64@sha256:d19ce1d27f406945d4ed78b0f07007998c2ab3889086e502924847c2186db546 lzj.icp:8500/ibmcom/searchguard-init-amd64:2.0.0 lzj.icp:8500/ibmcom/searchguard-init:2.0.0] 457030441} {[lzj.icp:8500/ibmcom/metering-ui-amd64@sha256:3628a8fe41183c08ea0b02e2e798e3649e4aebe2c2405c34572b9eb7c7c4d9a8 lzj.icp:8500/ibmcom/metering-ui-amd64:3.1.0 lzj.icp:8500/ibmcom/metering-ui:3.1.0] 385577105} {[lzj.icp:8500/ibmcom/heketi-amd64@sha256:c5b579a4f219c87990f861eb61de86cb9cfb51b6d230b8c299df7d9fd3d02d0e lzj.icp:8500/ibmcom/heketi-amd64:v7.0.0 lzj.icp:8500/ibmcom/heketi:v7.0.0] 384720377} {[lzj.icp:8500/ibmcom/icp-mongodb-amd64@sha256:a305ae8bc309898d86bf60aee968846db3602f77b25924640d5f08a2389ee99d lzj.icp:8500/ibmcom/icp-mongodb-amd64:3.1.0 lzj.icp:8500/ibmcom/icp-mongodb:3.1.0] 379353410} {[lzj.icp:8500/ibmcom/icp-catalog-ui-amd64@sha256:33993b4eab189e3c78fe27799017da770d47523cf6831460741008bf91297d6d lzj.icp:8500/ibmcom/icp-catalog-ui-amd64:3.1.0 lzj.icp:8500/ibmcom/icp-catalog-ui:3.1.0] 363781304} {[lzj.icp:8500/ibmcom/nginx-ingress-controller-amd64@sha256:63b48dd3ba635aa65409f7d6a319e293697810c1b9e885e6255bebf36a2506ab lzj.icp:8500/ibmcom/nginx-ingress-controller-amd64:0.16.2 lzj.icp:8500/ibmcom/nginx-ingress-controller:0.16.2] 361632894} {[lzj.icp:8500/ibmcom/mariadb-amd64@sha256:1f9876179c32fcf463804f75cbf2fb031106edf2be9d5dbf6705375ca53930bb lzj.icp:8500/ibmcom/mariadb-amd64:10.2.17 lzj.icp:8500/ibmcom/mariadb:10.2.17] 358991946} {[lzj.icp:8500/ibmcom/k8szk-amd64@sha256:a9ee22a4df14654552a02303e4560623244683692fd298dd2fb71e9dd66219f3 lzj.icp:8500/ibmcom/k8szk-amd64:v3 lzj.icp:8500/ibmcom/k8szk:v3] 331472973} {[lzj.icp:8500/ibmcom/gluster-amd64@sha256:647caedb536eb7b8c5c8b0a2b69e52d2a34be9e6c9c7b9c1b21d14fcfa261886 lzj.icp:8500/ibmcom/gluster-amd64:v4.0.2 lzj.icp:8500/ibmcom/gluster:v4.0.2] 324265531} {[lzj.icp:8500/ibmcom/istio-grafana-amd64@sha256:381a2dd3a5addbc5d43920bc19bb15ba6dbd422e4a9d91163108e72c5a63234c lzj.icp:8500/ibmcom/istio-grafana-amd64:1.0.0.1 lzj.icp:8500/ibmcom/istio-grafana:1.0.0.1] 324187770} {[lzj.icp:8500/ibmcom/icp-filebeat-amd64@sha256:03af9b78dad6c2ba857975d10c81e781460796dff1ff1163ea4596f4aa10601d lzj.icp:8500/ibmcom/icp-filebeat-amd64:5.5.1 lzj.icp:8500/ibmcom/icp-filebeat:5.5.1] 317104874} {[lzj.icp:8500/ibmcom/istio-proxyv2-amd64@sha256:cd77e75fa85ce74914e1b7b0bef980ece8a62ef0d776c9ef51a0d7d30b4b64a0 lzj.icp:8500/ibmcom/istio-proxyv2-amd64:1.0.0.1 lzj.icp:8500/ibmcom/istio-proxyv2:1.0.0.1] 311276139} {[lzj.icp:8500/ibmcom/istio-pilot-amd64@sha256:63352073a964037fd37f6150228231d2e5eca7e0c2920405d6269326d3c54263 lzj.icp:8500/ibmcom/istio-pilot-amd64:1.0.0.1 lzj.icp:8500/ibmcom/istio-pilot:1.0.0.1] 309502004} {[lzj.icp:8500/ibmcom/fluentd-amd64@sha256:384a99b8d941c93f96ee5b5cbae5b70500219a3f71c73cf4eddd20d9d693e3b3 lzj.icp:8500/ibmcom/fluentd-amd64:v1.2.2-icp lzj.icp:8500/ibmcom/fluentd:v1.2.2-icp] 270902701} {[lzj.icp:8500/ibmcom/icp-identity-manager-amd64@sha256:632f31acd0fcfc3d0cebea31cfb71018f6712bd1a1b4da7476942b3c23aa3521 lzj.icp:8500/ibmcom/icp-identity-manager-amd64:3.1.0 lzj.icp:8500/ibmcom/icp-identity-manager:3.1.0] 268667523} {[lzj.icp:8500/ibmcom/elasticsearch-plugin-searchguard-amd64@sha256:28f88d06bbbc073162702064c1be4ad06272e9021cbc0f929ba8c6da2ca25ae6 lzj.icp:8500/ibmcom/elasticsearch-plugin-searchguard-amd64:2.0.0 lzj.icp:8500/ibmcom/elasticsearch-plugin-searchguard:2.0.0] 267864279} {[lzj.icp:8500/ibmcom/kiali-amd64@sha256:bec63b454cf2e597c61f6a9943144050e5e6fc7a4f6474bc3bb6b627ba20c71c lzj.icp:8500/ibmcom/kiali-amd64:istio-release-1.0.0.1 lzj.icp:8500/ibmcom/kiali:istio-release-1.0.0.1] 265771300} {[lzj.icp:8500/ibmcom/calico-node-amd64@sha256:9871f4dde9eab9fd804b12f3114da36505ff5c220e2323b7434eec24e3b23ac5 lzj.icp:8500/ibmcom/calico-node-amd64:v3.1.3 lzj.icp:8500/ibmcom/calico-node:v3.1.3] 248202699} {[lzj.icp:8500/ibmcom/grafana-amd64@sha256:dc3566257a0c716caedfb33127d8ee385290c1dda006bebfb75c376d56b30c88 lzj.icp:8500/ibmcom/grafana-amd64:5.2.0 lzj.icp:8500/ibmcom/grafana:5.2.0] 245297582} {[lzj.icp:8500/ibmcom/indices-cleaner-amd64@sha256:e6c6453d54012488e9ebfaa9e4d829f567d8e66b24c1613e6d88ca192ed5e85b lzj.icp:8500/ibmcom/indices-cleaner-amd64:1.0.0 lzj.icp:8500/ibmcom/indices-cleaner:1.0.0] 238131553} {[lzj.icp:8500/ibmcom/icp-identity-provider-amd64@sha256:24dba8b07c8295eef99abbf8d83041908516e4e50e4e4cfbbbcd53bdf415dda1 lzj.icp:8500/ibmcom/icp-identity-provider-amd64:3.1.0 lzj.icp:8500/ibmcom/icp-identity-provider:3.1.0] 224286517} {[lzj.icp:8500/ibmcom/curl-amd64@sha256:aad05b4e4529f7e70516d8d3028cae6cd1d50de738ce164f2a532ce2470ac43f lzj.icp:8500/ibmcom/curl-amd64:4.0.0 lzj.icp:8500/ibmcom/curl:4.0.0] 221192597} {[lzj.icp:8500/ibmcom/icp-audit-service-amd64@sha256:9add202c06a43da647380c860d9139fa059701fe103c1f229281215bf99dbbd3 lzj.icp:8500/ibmcom/icp-audit-service-amd64:3.1.0 lzj.icp:8500/ibmcom/icp-audit-service:3.1.0] 215897363}],VolumesInUse:[],VolumesAttached:[],Config:&amp;NodeConfigStatus{Assigned:nil,Active:nil,LastKnownGood:nil,Error:,},},}&#xA;Sep 19 08:03:42.556: INFO: &#xA;Logging kubelet events for node 10.46.6.173&#xA;Sep 19 08:03:42.569: INFO: &#xA;Logging pods the kubelet thinks is on node 10.46.6.173&#xA;Sep 19 08:03:42.620: INFO: tiller-deploy-6b58875cb-5l8kh started at 2018-09-17 07:05:28 +0000 UTC (0+1 container statuses recorded)&#xA;Sep 19 08:03:42.620: INFO: &#x9;Container tiller ready: true, restart count 0&#xA;Sep 19 08:03:42.620: INFO: unified-router-lkwnl started at 2018-09-17 07:15:31 +0000 UTC (0+1 container statuses recorded)&#xA;Sep 19 08:03:42.620: INFO: &#x9;Container unified-router ready: true, restart count 0&#xA;Sep 19 08:03:42.620: INFO: istio-ingressgateway-7bc96d6585-smf45 started at 2018-09-17 07:17:28 +0000 UTC (0+1 container statuses recorded)&#xA;Sep 19 08:03:42.620: INFO: &#x9;Container istio-ingressgateway ready: true, restart count 0&#xA;Sep 19 08:03:42.620: INFO: default-backend-54966589c4-4d47g started at 2018-09-17 07:08:29 +0000 UTC (0+1 container statuses recorded)&#xA;Sep 19 08:03:42.620: INFO: &#x9;Container default-backend ready: true, restart count 0&#xA;Sep 19 08:03:42.620: INFO: platform-ui-6fjgx started at 2018-09-17 07:14:34 +0000 UTC (0+1 container statuses recorded)&#xA;Sep 19 08:03:42.620: INFO: &#x9;Container platform-ui ready: true, restart count 0&#xA;Sep 19 08:03:42.620: INFO: monitoring-prometheus-nodeexporter-f84fv started at 2018-09-17 07:15:45 +0000 UTC (0+2 container statuses recorded)&#xA;Sep 19 08:03:42.620: INFO: &#x9;Container nodeexporter ready: true, restart count 0&#xA;Sep 19 08:03:42.620: INFO: &#x9;Container router ready: true, restart count 0&#xA;Sep 19 08:03:42.620: INFO: prometheus-6f98d89664-wh7pb started at 2018-09-17 07:17:31 +0000 UTC (0+1 container statuses recorded)&#xA;Sep 19 08:03:42.620: INFO: &#x9;Container prometheus ready: true, restart count 0&#xA;Sep 19 08:03:42.620: INFO: vulnerability-advisor-live-crawler-p6khc started at 2018-09-17 07:19:02 +0000 UTC (0+1 container statuses recorded)&#xA;Sep 19 08:03:42.620: INFO: &#x9;Container live-crawler ready: true, restart count 0&#xA;Sep 19 08:03:42.620: INFO: service-catalog-apiserver-967x9 started at 2018-09-17 07:08:20 +0000 UTC (0+1 container statuses recorded)&#xA;Sep 19 08:03:42.620: INFO: &#x9;Container apiserver ready: true, restart count 0&#xA;Sep 19 08:03:42.620: INFO: oidc-client-registration-szxrk started at 2018-09-17 07:10:05 +0000 UTC (0+1 container statuses recorded)&#xA;Sep 19 08:03:42.620: INFO: &#x9;Container oidc-client-registration ready: false, restart count 0&#xA;Sep 19 08:03:42.620: INFO: kiali-7f8c59df94-25qmq started at 2018-09-17 07:17:27 +0000 UTC (0+1 container statuses recorded)&#xA;Sep 19 08:03:42.620: INFO: &#x9;Container kiali ready: true, restart count 0&#xA;Sep 19 08:03:42.620: INFO: kube-dns-mwjc8 started at 2018-09-17 07:06:10 +0000 UTC (0+1 container statuses recorded)&#xA;Sep 19 08:03:42.620: INFO: &#x9;Container kube-dns ready: true, restart count 0&#xA;Sep 19 08:03:42.620: INFO: auth-pdp-tk2jm started at 2018-09-17 07:10:28 +0000 UTC (5+2 container statuses recorded)&#xA;Sep 19 08:03:42.620: INFO: &#x9;Init container init-auth-service ready: true, restart count 0&#xA;Sep 19 08:03:42.620: INFO: &#x9;Init container init-identity-provider ready: true, restart count 0&#xA;Sep 19 08:03:42.620: INFO: &#x9;Init container init-identity-manager ready: true, restart count 0&#xA;Sep 19 08:03:42.620: INFO: &#x9;Init container init-token-service ready: true, restart count 0&#xA;Sep 19 08:03:42.620: INFO: &#x9;Init container init-pap ready: true, restart count 0&#xA;Sep 19 08:03:42.620: INFO: &#x9;Container auth-pdp ready: true, restart count 0&#xA;Sep 19 08:03:42.620: INFO: &#x9;Container icp-audit-service ready: true, restart count 0&#xA;Sep 19 08:03:42.620: INFO: icp-management-ingress-x6qn8 started at 2018-09-17 07:10:36 +0000 UTC (0+1 container statuses recorded)&#xA;Sep 19 08:03:42.620: INFO: &#x9;Container icp-management-ingress ready: true, restart count 0&#xA;Sep 19 08:03:42.620: INFO: istio-egressgateway-54448bcdbd-cqlhf started at 2018-09-17 07:24:11 +0000 UTC (0+1 container statuses recorded)&#xA;Sep 19 08:03:42.620: INFO: &#x9;Container istio-egressgateway ready: true, restart count 0&#xA;Sep 19 08:03:42.620: INFO: heapster-69b486565b-nt26r started at 2018-09-17 07:13:48 +0000 UTC (0+1 container statuses recorded)&#xA;Sep 19 08:03:42.620: INFO: &#x9;Container heapster ready: true, restart count 0&#xA;Sep 19 08:03:42.620: INFO: istio-galley-687cd96db-hlpng started at 2018-09-17 07:17:28 +0000 UTC (0+1 container statuses recorded)&#xA;Sep 19 08:03:42.620: INFO: &#x9;Container validator ready: true, restart count 0&#xA;Sep 19 08:03:42.620: INFO: istio-tracing-77ccfc8844-79ngl started at 2018-09-17 07:17:32 +0000 UTC (0+1 container statuses recorded)&#xA;Sep 19 08:03:42.620: INFO: &#x9;Container jaeger ready: true, restart count 0&#xA;Sep 19 08:03:42.620: INFO: audit-logging-fluentd-ds-dhcg6 started at 2018-09-17 07:18:46 +0000 UTC (0+1 container statuses recorded)&#xA;Sep 19 08:03:42.620: INFO: &#x9;Container fluentd ready: true, restart count 0&#xA;Sep 19 08:03:42.620: INFO: istio-ingressgateway-7bc96d6585-m567m started at 2018-09-17 07:20:41 +0000 UTC (0+1 container statuses recorded)&#xA;Sep 19 08:03:42.620: INFO: &#x9;Container istio-ingressgateway ready: true, restart count 0&#xA;Sep 19 08:03:42.620: INFO: helm-api-fdd886877-6pwm8 started at 2018-09-17 07:16:36 +0000 UTC (0+3 container statuses recorded)&#xA;Sep 19 08:03:42.620: INFO: &#x9;Container audit-service ready: true, restart count 0&#xA;Sep 19 08:03:42.620: INFO: &#x9;Container helmapi ready: true, restart count 0&#xA;Sep 19 08:03:42.620: INFO: &#x9;Container rudder ready: true, restart count 0&#xA;Sep 19 08:03:42.620: INFO: istio-egressgateway-54448bcdbd-f4v6v started at 2018-09-17 07:17:29 +0000 UTC (0+1 container statuses recorded)&#xA;Sep 19 08:03:42.620: INFO: &#x9;Container istio-egressgateway ready: true, restart count 0&#xA;Sep 19 08:03:42.620: INFO: istio-citadel-77694dc965-mwqkp started at 2018-09-17 07:17:31 +0000 UTC (0+1 container statuses recorded)&#xA;Sep 19 08:03:42.620: INFO: &#x9;Container citadel ready: true, restart count 0&#xA;Sep 19 08:03:42.620: INFO: vulnerability-advisor-process-ma-crawler-96728 started at 2018-09-17 07:19:03 +0000 UTC (0+1 container statuses recorded)&#xA;Sep 19 08:03:42.620: INFO: &#x9;Container process-ma-crawler ready: true, restart count 0&#xA;Sep 19 08:03:42.620: INFO: istio-telemetry-8b5964dc7-rfswc started at 2018-09-17 07:19:39 +0000 UTC (0+2 container statuses recorded)&#xA;Sep 19 08:03:42.620: INFO: &#x9;Container istio-proxy ready: true, restart count 0&#xA;Sep 19 08:03:42.620: INFO: &#x9;Container mixer ready: true, restart count 0&#xA;Sep 19 08:03:42.620: INFO: nvidia-device-plugin-nh54k started at 2018-09-17 07:07:17 +0000 UTC (1+1 container statuses recorded)&#xA;Sep 19 08:03:42.620: INFO: &#x9;Init container nvidia-driver-collector ready: true, restart count 0&#xA;Sep 19 08:03:42.620: INFO: &#x9;Container nvidia-device-plugin ready: true, restart count 0&#xA;Sep 19 08:03:42.620: INFO: mariadb-0 started at 2018-09-17 07:08:38 +0000 UTC (0+1 container statuses recorded)&#xA;Sep 19 08:03:42.620: INFO: &#x9;Container mariadb ready: true, restart count 0&#xA;Sep 19 08:03:42.620: INFO: logging-elk-filebeat-ds-qf2vz started at 2018-09-17 07:15:20 +0000 UTC (0+1 container statuses recorded)&#xA;Sep 19 08:03:42.620: INFO: &#x9;Container filebeat ready: true, restart count 0&#xA;Sep 19 08:03:42.620: INFO: istio-ingressgateway-7bc96d6585-c58zx started at 2018-09-17 07:24:15 +0000 UTC (0+1 container statuses recorded)&#xA;Sep 19 08:03:42.620: INFO: &#x9;Container istio-ingressgateway ready: true, restart count 0&#xA;Sep 19 08:03:42.620: INFO: istio-policy-5b64d7fd64-5l2m9 started at 2018-09-17 07:31:07 +0000 UTC (0+2 container statuses recorded)&#xA;Sep 19 08:03:42.620: INFO: &#x9;Container istio-proxy ready: true, restart count 0&#xA;Sep 19 08:03:42.620: INFO: &#x9;Container mixer ready: true, restart count 0&#xA;Sep 19 08:03:42.620: INFO: platform-api-2fs4x started at 2018-09-17 07:08:45 +0000 UTC (0+2 container statuses recorded)&#xA;Sep 19 08:03:42.620: INFO: &#x9;Container audit-service ready: true, restart count 0&#xA;Sep 19 08:03:42.620: INFO: &#x9;Container platform-api ready: true, restart count 0&#xA;Sep 19 08:03:42.620: INFO: istio-telemetry-8b5964dc7-hcf6d started at 2018-09-17 07:17:29 +0000 UTC (0+2 container statuses recorded)&#xA;Sep 19 08:03:42.620: INFO: &#x9;Container istio-proxy ready: true, restart count 0&#xA;Sep 19 08:03:42.620: INFO: &#x9;Container mixer ready: true, restart count 0&#xA;Sep 19 08:03:42.620: INFO: istio-sidecar-injector-86d554f5f7-d57zk started at 2018-09-17 07:17:32 +0000 UTC (0+1 container statuses recorded)&#xA;Sep 19 08:03:42.620: INFO: &#x9;Container sidecar-injector-webhook ready: true, restart count 0&#xA;Sep 19 08:03:42.620: INFO: secret-watcher-5f59fcbc69-pfnfk started at 2018-09-17 07:18:05 +0000 UTC (0+1 container statuses recorded)&#xA;Sep 19 08:03:42.620: INFO: &#x9;Container secret-watcher ready: true, restart count 0&#xA;Sep 19 08:03:42.620: INFO: istio-telemetry-8b5964dc7-nw9kk started at 2018-09-17 07:23:11 +0000 UTC (0+2 container statuses recorded)&#xA;Sep 19 08:03:42.620: INFO: &#x9;Container istio-proxy ready: true, restart count 0&#xA;Sep 19 08:03:42.620: INFO: &#x9;Container mixer ready: true, restart count 0&#xA;Sep 19 08:03:42.620: INFO: calico-kube-controllers-dcb8cc97c-gtsqp started at 2018-09-17 07:05:53 +0000 UTC (0+1 container statuses recorded)&#xA;Sep 19 08:03:42.620: INFO: &#x9;Container calico-kube-controllers ready: true, restart count 0&#xA;Sep 19 08:03:42.620: INFO: icp-mongodb-0 started at 2018-09-17 07:07:42 +0000 UTC (2+1 container statuses recorded)&#xA;Sep 19 08:03:42.620: INFO: &#x9;Init container install ready: true, restart count 0&#xA;Sep 19 08:03:42.620: INFO: &#x9;Init container bootstrap ready: true, restart count 0&#xA;Sep 19 08:03:42.620: INFO: &#x9;Container icp-mongodb ready: true, restart count 0&#xA;Sep 19 08:03:42.620: INFO: catalog-ui-5rtkh started at 2018-09-17 07:15:57 +0000 UTC (0+1 container statuses recorded)&#xA;Sep 19 08:03:42.620: INFO: &#x9;Container catalog-ui ready: true, restart count 0&#xA;Sep 19 08:03:42.620: INFO: istio-policy-5b64d7fd64-jrlzt started at 2018-09-17 07:23:11 +0000 UTC (0+2 container statuses recorded)&#xA;Sep 19 08:03:42.620: INFO: &#x9;Container istio-proxy ready: true, restart count 0&#xA;Sep 19 08:03:42.620: INFO: &#x9;Container mixer ready: true, restart count 0&#xA;Sep 19 08:03:42.620: INFO: istio-policy-5b64d7fd64-fb4bc started at 2018-09-17 07:27:37 +0000 UTC (0+2 container statuses recorded)&#xA;Sep 19 08:03:42.620: INFO: &#x9;Container istio-proxy ready: true, restart count 0&#xA;Sep 19 08:03:42.620: INFO: &#x9;Container mixer ready: true, restart count 0&#xA;Sep 19 08:03:42.620: INFO: k8s-proxy-10.46.6.173 started at &lt;nil&gt; (0+0 container statuses recorded)&#xA;Sep 19 08:03:42.620: INFO: k8s-etcd-10.46.6.173 started at &lt;nil&gt; (0+0 container statuses recorded)&#xA;Sep 19 08:03:42.620: INFO: image-manager-0 started at 2018-09-17 06:38:56 +0000 UTC (0+2 container statuses recorded)&#xA;Sep 19 08:03:42.620: INFO: &#x9;Container icp-registry ready: true, restart count 0&#xA;Sep 19 08:03:42.620: INFO: &#x9;Container image-manager ready: true, restart count 0&#xA;Sep 19 08:03:42.620: INFO: platform-deploy-dbbks started at 2018-09-17 07:08:45 +0000 UTC (0+1 container statuses recorded)&#xA;Sep 19 08:03:42.620: INFO: &#x9;Container platform-deploy ready: true, restart count 0&#xA;Sep 19 08:03:42.620: INFO: auth-apikeys-x45mz started at 2018-09-17 07:10:12 +0000 UTC (0+1 container statuses recorded)&#xA;Sep 19 08:03:42.620: INFO: &#x9;Container auth-apikeys ready: true, restart count 0&#xA;Sep 19 08:03:42.620: INFO: istio-policy-5b64d7fd64-pt9z2 started at 2018-09-17 07:17:30 +0000 UTC (0+2 container statuses recorded)&#xA;Sep 19 08:03:42.620: INFO: &#x9;Container istio-proxy ready: true, restart count 0&#xA;Sep 19 08:03:42.620: INFO: &#x9;Container mixer ready: true, restart count 0&#xA;Sep 19 08:03:42.620: INFO: istio-policy-5b64d7fd64-z68j4 started at 2018-09-17 07:19:38 +0000 UTC (0+2 container statuses recorded)&#xA;Sep 19 08:03:42.620: INFO: &#x9;Container istio-proxy ready: true, restart count 0&#xA;Sep 19 08:03:42.620: INFO: &#x9;Container mixer ready: true, restart count 0&#xA;Sep 19 08:03:42.620: INFO: istio-ingressgateway-7bc96d6585-r98nr started at 2018-09-17 07:28:10 +0000 UTC (0+1 container statuses recorded)&#xA;Sep 19 08:03:42.620: INFO: &#x9;Container istio-ingressgateway ready: true, restart count 0&#xA;Sep 19 08:03:42.620: INFO: mgmt-repo-57dc689b74-tmp44 started at 2018-09-17 07:17:51 +0000 UTC (1+2 container statuses recorded)&#xA;Sep 19 08:03:42.620: INFO: &#x9;Init container mgmt-repo-init ready: true, restart count 0&#xA;Sep 19 08:03:42.620: INFO: &#x9;Container audit-service ready: true, restart count 0&#xA;Sep 19 08:03:42.620: INFO: &#x9;Container mgmt-repo ready: true, restart count 0&#xA;Sep 19 08:03:42.620: INFO: istio-egressgateway-54448bcdbd-lhh5c started at 2018-09-17 07:20:07 +0000 UTC (0+1 container statuses recorded)&#xA;Sep 19 08:03:42.620: INFO: &#x9;Container istio-egressgateway ready: true, restart count 0&#xA;Sep 19 08:03:42.620: INFO: istio-ingressgateway-7bc96d6585-4qnc5 started at 2018-09-17 07:24:14 +0000 UTC (0+1 container statuses recorded)&#xA;Sep 19 08:03:42.620: INFO: &#x9;Container istio-ingressgateway ready: true, restart count 0&#xA;Sep 19 08:03:42.620: INFO: auth-idp-kjpmx started at 2018-09-17 07:10:04 +0000 UTC (1+4 container statuses recorded)&#xA;Sep 19 08:03:42.620: INFO: &#x9;Init container init-mariadb ready: true, restart count 0&#xA;Sep 19 08:03:42.620: INFO: &#x9;Container icp-audit-service ready: true, restart count 0&#xA;Sep 19 08:03:42.620: INFO: &#x9;Container platform-auth-service ready: true, restart count 0&#xA;Sep 19 08:03:42.620: INFO: &#x9;Container platform-identity-manager ready: true, restart count 0&#xA;Sep 19 08:03:42.620: INFO: &#x9;Container platform-identity-provider ready: true, restart count 0&#xA;Sep 19 08:03:42.620: INFO: helm-repo-5649f57447-wwdn4 started at 2018-09-17 07:13:54 +0000 UTC (1+2 container statuses recorded)&#xA;Sep 19 08:03:42.620: INFO: &#x9;Init container helm-repo-init ready: true, restart count 0&#xA;Sep 19 08:03:42.620: INFO: &#x9;Container audit-service ready: true, restart count 0&#xA;Sep 19 08:03:42.620: INFO: &#x9;Container helm-repo ready: true, restart count 0&#xA;Sep 19 08:03:42.620: INFO: metering-reader-l7284 started at 2018-09-17 07:14:11 +0000 UTC (1+1 container statuses recorded)&#xA;Sep 19 08:03:42.620: INFO: &#x9;Init container metering-reader-init ready: true, restart count 0&#xA;Sep 19 08:03:42.620: INFO: &#x9;Container metering-reader ready: true, restart count 0&#xA;Sep 19 08:03:42.620: INFO: istio-statsd-prom-bridge-66cb69b666-p76m8 started at 2018-09-17 07:17:29 +0000 UTC (0+1 container statuses recorded)&#xA;Sep 19 08:03:42.620: INFO: &#x9;Container statsd-prom-bridge ready: true, restart count 0&#xA;Sep 19 08:03:42.620: INFO: servicegraph-85578d8fc6-m62z4 started at 2018-09-17 07:17:32 +0000 UTC (0+1 container statuses recorded)&#xA;Sep 19 08:03:42.620: INFO: &#x9;Container servicegraph ready: true, restart count 0&#xA;Sep 19 08:03:42.620: INFO: istio-telemetry-8b5964dc7-vjqbq started at 2018-09-17 07:27:36 +0000 UTC (0+2 container statuses recorded)&#xA;Sep 19 08:03:42.620: INFO: &#x9;Container istio-proxy ready: true, restart count 0&#xA;Sep 19 08:03:42.620: INFO: &#x9;Container mixer ready: true, restart count 0&#xA;Sep 19 08:03:42.620: INFO: istio-telemetry-8b5964dc7-9q67f started at 2018-09-17 07:31:08 +0000 UTC (0+2 container statuses recorded)&#xA;Sep 19 08:03:42.620: INFO: &#x9;Container istio-proxy ready: true, restart count 0&#xA;Sep 19 08:03:42.620: INFO: &#x9;Container mixer ready: true, restart count 0&#xA;Sep 19 08:03:42.620: INFO: service-catalog-controller-manager-5969cccf86-65phs started at 2018-09-17 07:08:21 +0000 UTC (0+1 container statuses recorded)&#xA;Sep 19 08:03:42.620: INFO: &#x9;Container controller-manager ready: true, restart count 0&#xA;Sep 19 08:03:42.620: INFO: auth-pap-qb5m2 started at 2018-09-17 07:10:20 +0000 UTC (0+1 container statuses recorded)&#xA;Sep 19 08:03:42.620: INFO: &#x9;Container auth-pap ready: true, restart count 0&#xA;Sep 19 08:03:42.620: INFO: istio-pilot-6cf9ccf474-kkb6j started at 2018-09-17 07:17:31 +0000 UTC (0+2 container statuses recorded)&#xA;Sep 19 08:03:42.620: INFO: &#x9;Container discovery ready: true, restart count 0&#xA;Sep 19 08:03:42.620: INFO: &#x9;Container istio-proxy ready: true, restart count 0&#xA;Sep 19 08:03:42.620: INFO: calico-node-m7d5t started at 2018-09-17 07:05:54 +0000 UTC (0+2 container statuses recorded)&#xA;Sep 19 08:03:42.620: INFO: &#x9;Container calico-node ready: true, restart count 0&#xA;Sep 19 08:03:42.620: INFO: &#x9;Container install-cni ready: true, restart count 0&#xA;Sep 19 08:03:42.620: INFO: ibm-cert-manager-cert-manager-74687f689b-7994r started at 2018-09-17 07:07:12 +0000 UTC (0+1 container statuses recorded)&#xA;Sep 19 08:03:42.620: INFO: &#x9;Container ibm-cert-manager ready: true, restart count 0&#xA;Sep 19 08:03:42.620: INFO: nginx-ingress-controller-h5z2v started at 2018-09-17 07:08:28 +0000 UTC (1+1 container statuses recorded)&#xA;Sep 19 08:03:42.620: INFO: &#x9;Init container sysctl ready: true, restart count 0&#xA;Sep 19 08:03:42.620: INFO: &#x9;Container nginx-ingress ready: true, restart count 0&#xA;Sep 19 08:03:42.620: INFO: istio-egressgateway-54448bcdbd-pjbtc started at 2018-09-17 07:28:34 +0000 UTC (0+1 container statuses recorded)&#xA;Sep 19 08:03:42.620: INFO: &#x9;Container istio-egressgateway ready: true, restart count 0&#xA;Sep 19 08:03:42.620: INFO: k8s-master-10.46.6.173 started at &lt;nil&gt; (0+0 container statuses recorded)&#xA;Sep 19 08:03:42.620: INFO: grafana-77676f44f7-c9wr6 started at 2018-09-17 07:17:28 +0000 UTC (0+1 container statuses recorded)&#xA;Sep 19 08:03:42.620: INFO: &#x9;Container grafana ready: true, restart count 1&#xA;Sep 19 08:03:42.620: INFO: security-onboarding-tkf79 started at 2018-09-17 07:18:12 +0000 UTC (0+1 container statuses recorded)&#xA;Sep 19 08:03:42.620: INFO: &#x9;Container security-onboarding ready: false, restart count 0&#xA;Sep 19 08:03:42.620: INFO: istio-egressgateway-54448bcdbd-xmkbc started at 2018-09-17 07:24:11 +0000 UTC (0+1 container statuses recorded)&#xA;Sep 19 08:03:42.621: INFO: &#x9;Container istio-egressgateway ready: true, restart count 0&#xA;Sep 19 08:03:42.723: INFO: &#xA;Latency metrics for node 10.46.6.173&#xA;STEP: Dumping a list of prepulled images on each node to file /tmp/results/image-puller.txt&#xA;Sep 19 08:03:42.742: INFO: Waiting up to 3m0s for all (but 0) nodes to be ready&#xA;STEP: Destroying namespace &#34;e2e-tests-services-v75hf&#34; for this suite.&#xA;Sep 19 08:03:48.813: INFO: Waiting up to 30s for server preferred namespaced resources to be successfully discovered&#xA;Sep 19 08:03:48.835: INFO: namespace: e2e-tests-services-v75hf, resource: bindings, ignored listing per whitelist&#xA;Sep 19 08:03:50.740: INFO: namespace e2e-tests-services-v75hf deletion completed in 7.991603108s&#xA;[AfterEach] [sig-network] Services&#xA;  /workspace/anago-v1.11.2-beta.0.50+bb9ffb1654d4a7/src/k8s.io/kubernetes/_output/dockerized/go/src/k8s.io/kubernetes/test/e2e/network/service.go:88&#xA;</system-out>
      </testcase>
      <testcase name="[sig-storage] ConfigMap should be consumable from pods in volume as non-root with defaultMode and fsGroup set [NodeFeature:FSGroup]" classname="Kubernetes e2e suite" time="0">
          <skipped></skipped>
      </testcase>
      <testcase name="[sig-api-machinery] Garbage collector should orphan pods created by rc if deleteOptions.OrphanDependents is nil" classname="Kubernetes e2e suite" time="0">
          <skipped></skipped>
      </testcase>
      <testcase name="[sig-storage] Subpath [Volume type: gcePDPVC] should unmount if pod is force deleted while kubelet is down [Disruptive][Slow]" classname="Kubernetes e2e suite" time="0">
          <skipped></skipped>
      </testcase>
      <testcase name="[sig-storage] Pod Disks detach in a disrupted environment [Slow] [Disruptive] when node is deleted" classname="Kubernetes e2e suite" time="0">
          <skipped></skipped>
      </testcase>
      <testcase name="[sig-cli] Kubectl client [k8s.io] Kubectl run job should create a job from an image when restart is OnFailure  [Conformance]" classname="Kubernetes e2e suite" time="0">
          <skipped></skipped>
      </testcase>
      <testcase name="[sig-network] Services should have session affinity work for service with type clusterIP" classname="Kubernetes e2e suite" time="0">
          <skipped></skipped>
      </testcase>
      <testcase name="[sig-storage] Subpath [Volume type: hostPath] should fail for new directories when readOnly specified in the volumeSource" classname="Kubernetes e2e suite" time="0">
          <skipped></skipped>
      </testcase>
      <testcase name="[sig-storage] Subpath [Volume type: gcePDPartitioned] should support restarting containers using directory as subpath [Slow]" classname="Kubernetes e2e suite" time="0">
          <skipped></skipped>
      </testcase>
      <testcase name="[sig-storage] Volume Placement should create and delete pod with the same volume source attach/detach to different worker nodes" classname="Kubernetes e2e suite" time="0">
          <skipped></skipped>
      </testcase>
      <testcase name="[sig-autoscaling] Cluster size autoscaling [Slow] should scale down when expendable pod is running [Feature:ClusterSizeAutoscalingScaleDown]" classname="Kubernetes e2e suite" time="0">
          <skipped></skipped>
      </testcase>
      <testcase name="[sig-scalability] Empty [Feature:Empty] starts a pod" classname="Kubernetes e2e suite" time="0">
          <skipped></skipped>
      </testcase>
      <testcase name="[sig-storage] Dynamic Provisioning DynamicProvisioner deletion should be idempotent" classname="Kubernetes e2e suite" time="0">
          <skipped></skipped>
      </testcase>
      <testcase name="[sig-api-machinery] CustomResourceDefinition resources Simple CustomResourceDefinition creating/deleting custom resource definition objects works  [Conformance]" classname="Kubernetes e2e suite" time="9.474115945"></testcase>
      <testcase name="[sig-instrumentation] Cluster level logging using Elasticsearch [Feature:Elasticsearch] should check that logs from containers are ingested into Elasticsearch" classname="Kubernetes e2e suite" time="0">
          <skipped></skipped>
      </testcase>
      <testcase name="[sig-storage] Subpath [Volume type: hostPath] should fail if subpath file is outside the volume [Slow]" classname="Kubernetes e2e suite" time="0">
          <skipped></skipped>
      </testcase>
      <testcase name="[sig-network] Loadbalancing: L7 GCE [Slow] [Feature:Ingress] should not reconcile manually modified health check for ingress" classname="Kubernetes e2e suite" time="0">
          <skipped></skipped>
      </testcase>
      <testcase name="[sig-instrumentation] Stackdriver Monitoring should run Stackdriver Metadata Agent [Feature:StackdriverMetadataAgent]" classname="Kubernetes e2e suite" time="0">
          <skipped></skipped>
      </testcase>
      <testcase name="[k8s.io] GKE node pools [Feature:GKENodePool] should create a cluster with multiple node pools [Feature:GKENodePool]" classname="Kubernetes e2e suite" time="0">
          <skipped></skipped>
      </testcase>
      <testcase name="[sig-network] Networking Granular Checks: Services [Slow] should function for endpoint-Service: udp" classname="Kubernetes e2e suite" time="0">
          <skipped></skipped>
      </testcase>
      <testcase name="[sig-storage] Downward API volume should provide container&#39;s memory limit [NodeConformance] [Conformance]" classname="Kubernetes e2e suite" time="14.644441862"></testcase>
      <testcase name="[k8s.io] [Feature:Example] [k8s.io] Hazelcast should create and scale hazelcast" classname="Kubernetes e2e suite" time="0">
          <skipped></skipped>
      </testcase>
      <testcase name="[k8s.io] [sig-node] Kubelet [Serial] [Slow] [k8s.io] [sig-node] regular resource usage tracking resource tracking for 0 pods per node" classname="Kubernetes e2e suite" time="0">
          <skipped></skipped>
      </testcase>
      <testcase name="[sig-scheduling] SchedulerPredicates [Serial] validates that required NodeAffinity setting is respected if matching" classname="Kubernetes e2e suite" time="0">
          <skipped></skipped>
      </testcase>
      <testcase name="[sig-storage] Downward API volume should provide podname as non-root with fsgroup and defaultMode [NodeFeature:FSGroup]" classname="Kubernetes e2e suite" time="0">
          <skipped></skipped>
      </testcase>
      <testcase name="[k8s.io] Sysctls [NodeFeature:Sysctls] should support sysctls" classname="Kubernetes e2e suite" time="0">
          <skipped></skipped>
      </testcase>
      <testcase name="[sig-apps] Job should exceed backoffLimit" classname="Kubernetes e2e suite" time="0">
          <skipped></skipped>
      </testcase>
      <testcase name="[sig-cluster-lifecycle] Addon update should propagate add-on file changes [Slow]" classname="Kubernetes e2e suite" time="0">
          <skipped></skipped>
      </testcase>
      <testcase name="[k8s.io] [Feature:Example] [k8s.io] Cassandra should create and scale cassandra" classname="Kubernetes e2e suite" time="0">
          <skipped></skipped>
      </testcase>
      <testcase name="[sig-storage] ConfigMap binary data should be reflected in volume [NodeConformance]" classname="Kubernetes e2e suite" time="0">
          <skipped></skipped>
      </testcase>
      <testcase name="[sig-api-machinery] Garbage collector should delete RS created by deployment when not orphaning [Conformance]" classname="Kubernetes e2e suite" time="8.929135955">
          <failure type="Failure">/workspace/anago-v1.11.2-beta.0.50+bb9ffb1654d4a7/src/k8s.io/kubernetes/_output/dockerized/go/src/k8s.io/kubernetes/test/e2e/framework/framework.go:684&#xA;Sep 19 08:04:15.305: Failed to create deployment: Internal error occurred: admission webhook &#34;trust.hooks.securityenforcement.admission.cloud.ibm.com&#34; denied the request: &#xA;Deny &#34;k8s.gcr.io/nginx-slim-amd64:0.20&#34;, no matching repositories in ClusterImagePolicy and no ImagePolicies in the &#34;e2e-tests-gc-6sss8&#34; namespace&#xA;/workspace/anago-v1.11.2-beta.0.50+bb9ffb1654d4a7/src/k8s.io/kubernetes/_output/dockerized/go/src/k8s.io/kubernetes/test/e2e/apimachinery/garbage_collector.go:526</failure>
          <system-out>[BeforeEach] [sig-api-machinery] Garbage collector&#xA;  /workspace/anago-v1.11.2-beta.0.50+bb9ffb1654d4a7/src/k8s.io/kubernetes/_output/dockerized/go/src/k8s.io/kubernetes/test/e2e/framework/framework.go:141&#xA;STEP: Creating a kubernetes client&#xA;Sep 19 08:04:14.860: INFO: &gt;&gt;&gt; kubeConfig: /tmp/kubeconfig-172917420&#xA;STEP: Building a namespace api object&#xA;STEP: Binding the e2e-test-privileged-psp PodSecurityPolicy to the default service account in e2e-tests-gc-6sss8&#xA;STEP: Waiting for a default service account to be provisioned in namespace&#xA;[It] should delete RS created by deployment when not orphaning [Conformance]&#xA;  /workspace/anago-v1.11.2-beta.0.50+bb9ffb1654d4a7/src/k8s.io/kubernetes/_output/dockerized/go/src/k8s.io/kubernetes/test/e2e/framework/framework.go:684&#xA;STEP: create the deployment&#xA;Sep 19 08:04:15.305: INFO: Failed to create deployment: Internal error occurred: admission webhook &#34;trust.hooks.securityenforcement.admission.cloud.ibm.com&#34; denied the request: &#xA;Deny &#34;k8s.gcr.io/nginx-slim-amd64:0.20&#34;, no matching repositories in ClusterImagePolicy and no ImagePolicies in the &#34;e2e-tests-gc-6sss8&#34; namespace&#xA;[AfterEach] [sig-api-machinery] Garbage collector&#xA;  /workspace/anago-v1.11.2-beta.0.50+bb9ffb1654d4a7/src/k8s.io/kubernetes/_output/dockerized/go/src/k8s.io/kubernetes/test/e2e/framework/framework.go:142&#xA;STEP: Collecting events from namespace &#34;e2e-tests-gc-6sss8&#34;.&#xA;STEP: Found 0 events.&#xA;Sep 19 08:04:15.360: INFO: POD                                                              NODE         PHASE      GRACE  CONDITIONS&#xA;Sep 19 08:04:15.360: INFO: ibm-cert-manager-cert-manager-74687f689b-7994r                   10.46.6.173  Running           [{Initialized True 0001-01-01 00:00:00 +0000 UTC 2018-09-17 07:07:12 +0000 UTC  } {Ready True 0001-01-01 00:00:00 +0000 UTC 2018-09-17 07:07:37 +0000 UTC  } {ContainersReady True 0001-01-01 00:00:00 +0000 UTC 0001-01-01 00:00:00 +0000 UTC  } {PodScheduled True 0001-01-01 00:00:00 +0000 UTC 2018-09-17 07:07:12 +0000 UTC  }]&#xA;Sep 19 08:04:15.360: INFO: sonobuoy                                                         10.46.6.170  Running           [{Initialized True 0001-01-01 00:00:00 +0000 UTC 2018-09-19 07:22:02 +0000 UTC  } {Ready True 0001-01-01 00:00:00 +0000 UTC 2018-09-19 07:22:08 +0000 UTC  } {ContainersReady True 0001-01-01 00:00:00 +0000 UTC 0001-01-01 00:00:00 +0000 UTC  } {PodScheduled True 0001-01-01 00:00:00 +0000 UTC 2018-09-19 07:22:02 +0000 UTC  }]&#xA;Sep 19 08:04:15.360: INFO: sonobuoy-e2e-job-c3f9b53ea97c48a2                                10.46.6.170  Running           [{Initialized True 0001-01-01 00:00:00 +0000 UTC 2018-09-19 07:22:08 +0000 UTC  } {Ready True 0001-01-01 00:00:00 +0000 UTC 2018-09-19 07:22:25 +0000 UTC  } {ContainersReady True 0001-01-01 00:00:00 +0000 UTC 0001-01-01 00:00:00 +0000 UTC  } {PodScheduled True 0001-01-01 00:00:00 +0000 UTC 2018-09-19 07:22:08 +0000 UTC  }]&#xA;Sep 19 08:04:15.360: INFO: grafana-77676f44f7-c9wr6                                         10.46.6.173  Running           [{Initialized True 0001-01-01 00:00:00 +0000 UTC 2018-09-17 07:17:28 +0000 UTC  } {Ready True 0001-01-01 00:00:00 +0000 UTC 2018-09-17 07:20:34 +0000 UTC  } {ContainersReady True 0001-01-01 00:00:00 +0000 UTC 0001-01-01 00:00:00 +0000 UTC  } {PodScheduled True 0001-01-01 00:00:00 +0000 UTC 2018-09-17 07:17:27 +0000 UTC  }]&#xA;Sep 19 08:04:15.360: INFO: istio-citadel-77694dc965-mwqkp                                   10.46.6.173  Running           [{Initialized True 0001-01-01 00:00:00 +0000 UTC 2018-09-17 07:17:31 +0000 UTC  } {Ready True 0001-01-01 00:00:00 +0000 UTC 2018-09-17 07:18:30 +0000 UTC  } {ContainersReady True 0001-01-01 00:00:00 +0000 UTC 0001-01-01 00:00:00 +0000 UTC  } {PodScheduled True 0001-01-01 00:00:00 +0000 UTC 2018-09-17 07:17:28 +0000 UTC  }]&#xA;Sep 19 08:04:15.360: INFO: istio-egressgateway-54448bcdbd-cqlhf                             10.46.6.173  Running           [{Initialized True 0001-01-01 00:00:00 +0000 UTC 2018-09-17 07:24:11 +0000 UTC  } {Ready True 0001-01-01 00:00:00 +0000 UTC 2018-09-17 07:25:19 +0000 UTC  } {ContainersReady True 0001-01-01 00:00:00 +0000 UTC 0001-01-01 00:00:00 +0000 UTC  } {PodScheduled True 0001-01-01 00:00:00 +0000 UTC 2018-09-17 07:24:10 +0000 UTC  }]&#xA;Sep 19 08:04:15.360: INFO: istio-egressgateway-54448bcdbd-f4v6v                             10.46.6.173  Running           [{Initialized True 0001-01-01 00:00:00 +0000 UTC 2018-09-17 07:17:29 +0000 UTC  } {Ready True 0001-01-01 00:00:00 +0000 UTC 2018-09-17 07:18:31 +0000 UTC  } {ContainersReady True 0001-01-01 00:00:00 +0000 UTC 0001-01-01 00:00:00 +0000 UTC  } {PodScheduled True 0001-01-01 00:00:00 +0000 UTC 2018-09-17 07:17:27 +0000 UTC  }]&#xA;Sep 19 08:04:15.360: INFO: istio-egressgateway-54448bcdbd-lhh5c                             10.46.6.173  Running           [{Initialized True 0001-01-01 00:00:00 +0000 UTC 2018-09-17 07:20:07 +0000 UTC  } {Ready True 0001-01-01 00:00:00 +0000 UTC 2018-09-17 07:21:11 +0000 UTC  } {ContainersReady True 0001-01-01 00:00:00 +0000 UTC 0001-01-01 00:00:00 +0000 UTC  } {PodScheduled True 0001-01-01 00:00:00 +0000 UTC 2018-09-17 07:20:06 +0000 UTC  }]&#xA;Sep 19 08:04:15.360: INFO: istio-egressgateway-54448bcdbd-pjbtc                             10.46.6.173  Running           [{Initialized True 0001-01-01 00:00:00 +0000 UTC 2018-09-17 07:28:34 +0000 UTC  } {Ready True 0001-01-01 00:00:00 +0000 UTC 2018-09-17 07:29:40 +0000 UTC  } {ContainersReady True 0001-01-01 00:00:00 +0000 UTC 0001-01-01 00:00:00 +0000 UTC  } {PodScheduled True 0001-01-01 00:00:00 +0000 UTC 2018-09-17 07:28:34 +0000 UTC  }]&#xA;Sep 19 08:04:15.360: INFO: istio-egressgateway-54448bcdbd-xmkbc                             10.46.6.173  Running           [{Initialized True 0001-01-01 00:00:00 +0000 UTC 2018-09-17 07:24:11 +0000 UTC  } {Ready True 0001-01-01 00:00:00 +0000 UTC 2018-09-17 07:25:10 +0000 UTC  } {ContainersReady True 0001-01-01 00:00:00 +0000 UTC 0001-01-01 00:00:00 +0000 UTC  } {PodScheduled True 0001-01-01 00:00:00 +0000 UTC 2018-09-17 07:24:10 +0000 UTC  }]&#xA;Sep 19 08:04:15.360: INFO: istio-galley-687cd96db-hlpng                                     10.46.6.173  Running           [{Initialized True 0001-01-01 00:00:00 +0000 UTC 2018-09-17 07:17:28 +0000 UTC  } {Ready True 0001-01-01 00:00:00 +0000 UTC 2018-09-17 07:18:35 +0000 UTC  } {ContainersReady True 0001-01-01 00:00:00 +0000 UTC 0001-01-01 00:00:00 +0000 UTC  } {PodScheduled True 0001-01-01 00:00:00 +0000 UTC 2018-09-17 07:17:27 +0000 UTC  }]&#xA;Sep 19 08:04:15.360: INFO: istio-ingressgateway-7bc96d6585-4qnc5                            10.46.6.173  Running           [{Initialized True 0001-01-01 00:00:00 +0000 UTC 2018-09-17 07:24:14 +0000 UTC  } {Ready True 0001-01-01 00:00:00 +0000 UTC 2018-09-17 07:25:22 +0000 UTC  } {ContainersReady True 0001-01-01 00:00:00 +0000 UTC 0001-01-01 00:00:00 +0000 UTC  } {PodScheduled True 0001-01-01 00:00:00 +0000 UTC 2018-09-17 07:24:13 +0000 UTC  }]&#xA;Sep 19 08:04:15.360: INFO: istio-ingressgateway-7bc96d6585-c58zx                            10.46.6.173  Running           [{Initialized True 0001-01-01 00:00:00 +0000 UTC 2018-09-17 07:24:15 +0000 UTC  } {Ready True 0001-01-01 00:00:00 +0000 UTC 2018-09-17 07:25:19 +0000 UTC  } {ContainersReady True 0001-01-01 00:00:00 +0000 UTC 0001-01-01 00:00:00 +0000 UTC  } {PodScheduled True 0001-01-01 00:00:00 +0000 UTC 2018-09-17 07:24:14 +0000 UTC  }]&#xA;Sep 19 08:04:15.360: INFO: istio-ingressgateway-7bc96d6585-m567m                            10.46.6.173  Running           [{Initialized True 0001-01-01 00:00:00 +0000 UTC 2018-09-17 07:20:41 +0000 UTC  } {Ready True 0001-01-01 00:00:00 +0000 UTC 2018-09-17 07:21:43 +0000 UTC  } {ContainersReady True 0001-01-01 00:00:00 +0000 UTC 0001-01-01 00:00:00 +0000 UTC  } {PodScheduled True 0001-01-01 00:00:00 +0000 UTC 2018-09-17 07:20:41 +0000 UTC  }]&#xA;Sep 19 08:04:15.360: INFO: istio-ingressgateway-7bc96d6585-r98nr                            10.46.6.173  Running           [{Initialized True 0001-01-01 00:00:00 +0000 UTC 2018-09-17 07:28:10 +0000 UTC  } {Ready True 0001-01-01 00:00:00 +0000 UTC 2018-09-17 07:29:11 +0000 UTC  } {ContainersReady True 0001-01-01 00:00:00 +0000 UTC 0001-01-01 00:00:00 +0000 UTC  } {PodScheduled True 0001-01-01 00:00:00 +0000 UTC 2018-09-17 07:28:09 +0000 UTC  }]&#xA;Sep 19 08:04:15.360: INFO: istio-ingressgateway-7bc96d6585-smf45                            10.46.6.173  Running           [{Initialized True 0001-01-01 00:00:00 +0000 UTC 2018-09-17 07:17:28 +0000 UTC  } {Ready True 0001-01-01 00:00:00 +0000 UTC 2018-09-17 07:18:37 +0000 UTC  } {ContainersReady True 0001-01-01 00:00:00 +0000 UTC 0001-01-01 00:00:00 +0000 UTC  } {PodScheduled True 0001-01-01 00:00:00 +0000 UTC 2018-09-17 07:17:27 +0000 UTC  }]&#xA;Sep 19 08:04:15.360: INFO: istio-pilot-6cf9ccf474-kkb6j                                     10.46.6.173  Running           [{Initialized True 0001-01-01 00:00:00 +0000 UTC 2018-09-17 07:17:31 +0000 UTC  } {Ready True 0001-01-01 00:00:00 +0000 UTC 2018-09-17 07:19:28 +0000 UTC  } {ContainersReady True 0001-01-01 00:00:00 +0000 UTC 0001-01-01 00:00:00 +0000 UTC  } {PodScheduled True 0001-01-01 00:00:00 +0000 UTC 2018-09-17 07:17:27 +0000 UTC  }]&#xA;Sep 19 08:04:15.360: INFO: istio-policy-5b64d7fd64-5l2m9                                    10.46.6.173  Running           [{Initialized True 0001-01-01 00:00:00 +0000 UTC 2018-09-17 07:31:07 +0000 UTC  } {Ready True 0001-01-01 00:00:00 +0000 UTC 2018-09-17 07:31:51 +0000 UTC  } {ContainersReady True 0001-01-01 00:00:00 +0000 UTC 0001-01-01 00:00:00 +0000 UTC  } {PodScheduled True 0001-01-01 00:00:00 +0000 UTC 2018-09-17 07:31:06 +0000 UTC  }]&#xA;Sep 19 08:04:15.360: INFO: istio-policy-5b64d7fd64-fb4bc                                    10.46.6.173  Running           [{Initialized True 0001-01-01 00:00:00 +0000 UTC 2018-09-17 07:27:37 +0000 UTC  } {Ready True 0001-01-01 00:00:00 +0000 UTC 2018-09-17 07:28:39 +0000 UTC  } {ContainersReady True 0001-01-01 00:00:00 +0000 UTC 0001-01-01 00:00:00 +0000 UTC  } {PodScheduled True 0001-01-01 00:00:00 +0000 UTC 2018-09-17 07:27:36 +0000 UTC  }]&#xA;Sep 19 08:04:15.360: INFO: istio-policy-5b64d7fd64-jrlzt                                    10.46.6.173  Running           [{Initialized True 0001-01-01 00:00:00 +0000 UTC 2018-09-17 07:23:11 +0000 UTC  } {Ready True 0001-01-01 00:00:00 +0000 UTC 2018-09-17 07:24:08 +0000 UTC  } {ContainersReady True 0001-01-01 00:00:00 +0000 UTC 0001-01-01 00:00:00 +0000 UTC  } {PodScheduled True 0001-01-01 00:00:00 +0000 UTC 2018-09-17 07:23:10 +0000 UTC  }]&#xA;Sep 19 08:04:15.360: INFO: istio-policy-5b64d7fd64-pt9z2                                    10.46.6.173  Running           [{Initialized True 0001-01-01 00:00:00 +0000 UTC 2018-09-17 07:17:30 +0000 UTC  } {Ready True 0001-01-01 00:00:00 +0000 UTC 2018-09-17 07:19:02 +0000 UTC  } {ContainersReady True 0001-01-01 00:00:00 +0000 UTC 0001-01-01 00:00:00 +0000 UTC  } {PodScheduled True 0001-01-01 00:00:00 +0000 UTC 2018-09-17 07:17:27 +0000 UTC  }]&#xA;Sep 19 08:04:15.360: INFO: istio-policy-5b64d7fd64-z68j4                                    10.46.6.173  Running           [{Initialized True 0001-01-01 00:00:00 +0000 UTC 2018-09-17 07:19:38 +0000 UTC  } {Ready True 0001-01-01 00:00:00 +0000 UTC 2018-09-17 07:20:44 +0000 UTC  } {ContainersReady True 0001-01-01 00:00:00 +0000 UTC 0001-01-01 00:00:00 +0000 UTC  } {PodScheduled True 0001-01-01 00:00:00 +0000 UTC 2018-09-17 07:19:37 +0000 UTC  }]&#xA;Sep 19 08:04:15.360: INFO: istio-sidecar-injector-86d554f5f7-d57zk                          10.46.6.173  Running           [{Initialized True 0001-01-01 00:00:00 +0000 UTC 2018-09-17 07:17:32 +0000 UTC  } {Ready True 0001-01-01 00:00:00 +0000 UTC 2018-09-17 07:18:41 +0000 UTC  } {ContainersReady True 0001-01-01 00:00:00 +0000 UTC 0001-01-01 00:00:00 +0000 UTC  } {PodScheduled True 0001-01-01 00:00:00 +0000 UTC 2018-09-17 07:17:29 +0000 UTC  }]&#xA;Sep 19 08:04:15.360: INFO: istio-statsd-prom-bridge-66cb69b666-p76m8                        10.46.6.173  Running           [{Initialized True 0001-01-01 00:00:00 +0000 UTC 2018-09-17 07:17:29 +0000 UTC  } {Ready True 0001-01-01 00:00:00 +0000 UTC 2018-09-17 07:18:32 +0000 UTC  } {ContainersReady True 0001-01-01 00:00:00 +0000 UTC 0001-01-01 00:00:00 +0000 UTC  } {PodScheduled True 0001-01-01 00:00:00 +0000 UTC 2018-09-17 07:17:27 +0000 UTC  }]&#xA;Sep 19 08:04:15.360: INFO: istio-telemetry-8b5964dc7-9q67f                                  10.46.6.173  Running           [{Initialized True 0001-01-01 00:00:00 +0000 UTC 2018-09-17 07:31:08 +0000 UTC  } {Ready True 0001-01-01 00:00:00 +0000 UTC 2018-09-17 07:32:00 +0000 UTC  } {ContainersReady True 0001-01-01 00:00:00 +0000 UTC 0001-01-01 00:00:00 +0000 UTC  } {PodScheduled True 0001-01-01 00:00:00 +0000 UTC 2018-09-17 07:31:07 +0000 UTC  }]&#xA;Sep 19 08:04:15.360: INFO: istio-telemetry-8b5964dc7-hcf6d                                  10.46.6.173  Running           [{Initialized True 0001-01-01 00:00:00 +0000 UTC 2018-09-17 07:17:29 +0000 UTC  } {Ready True 0001-01-01 00:00:00 +0000 UTC 2018-09-17 07:18:56 +0000 UTC  } {ContainersReady True 0001-01-01 00:00:00 +0000 UTC 0001-01-01 00:00:00 +0000 UTC  } {PodScheduled True 0001-01-01 00:00:00 +0000 UTC 2018-09-17 07:17:27 +0000 UTC  }]&#xA;Sep 19 08:04:15.360: INFO: istio-telemetry-8b5964dc7-nw9kk                                  10.46.6.173  Running           [{Initialized True 0001-01-01 00:00:00 +0000 UTC 2018-09-17 07:23:11 +0000 UTC  } {Ready True 0001-01-01 00:00:00 +0000 UTC 2018-09-17 07:24:19 +0000 UTC  } {ContainersReady True 0001-01-01 00:00:00 +0000 UTC 0001-01-01 00:00:00 +0000 UTC  } {PodScheduled True 0001-01-01 00:00:00 +0000 UTC 2018-09-17 07:23:10 +0000 UTC  }]&#xA;Sep 19 08:04:15.360: INFO: istio-telemetry-8b5964dc7-rfswc                                  10.46.6.173  Running           [{Initialized True 0001-01-01 00:00:00 +0000 UTC 2018-09-17 07:19:39 +0000 UTC  } {Ready True 0001-01-01 00:00:00 +0000 UTC 2018-09-17 07:20:38 +0000 UTC  } {ContainersReady True 0001-01-01 00:00:00 +0000 UTC 0001-01-01 00:00:00 +0000 UTC  } {PodScheduled True 0001-01-01 00:00:00 +0000 UTC 2018-09-17 07:19:38 +0000 UTC  }]&#xA;Sep 19 08:04:15.360: INFO: istio-telemetry-8b5964dc7-vjqbq                                  10.46.6.173  Running           [{Initialized True 0001-01-01 00:00:00 +0000 UTC 2018-09-17 07:27:36 +0000 UTC  } {Ready True 0001-01-01 00:00:00 +0000 UTC 2018-09-17 07:28:21 +0000 UTC  } {ContainersReady True 0001-01-01 00:00:00 +0000 UTC 0001-01-01 00:00:00 +0000 UTC  } {PodScheduled True 0001-01-01 00:00:00 +0000 UTC 2018-09-17 07:27:36 +0000 UTC  }]&#xA;Sep 19 08:04:15.360: INFO: istio-tracing-77ccfc8844-79ngl                                   10.46.6.173  Running           [{Initialized True 0001-01-01 00:00:00 +0000 UTC 2018-09-17 07:17:32 +0000 UTC  } {Ready True 0001-01-01 00:00:00 +0000 UTC 2018-09-17 07:18:08 +0000 UTC  } {ContainersReady True 0001-01-01 00:00:00 +0000 UTC 0001-01-01 00:00:00 +0000 UTC  } {PodScheduled True 0001-01-01 00:00:00 +0000 UTC 2018-09-17 07:17:29 +0000 UTC  }]&#xA;Sep 19 08:04:15.360: INFO: kiali-7f8c59df94-25qmq                                           10.46.6.173  Running           [{Initialized True 0001-01-01 00:00:00 +0000 UTC 2018-09-17 07:17:27 +0000 UTC  } {Ready True 0001-01-01 00:00:00 +0000 UTC 2018-09-17 07:17:56 +0000 UTC  } {ContainersReady True 0001-01-01 00:00:00 +0000 UTC 0001-01-01 00:00:00 +0000 UTC  } {PodScheduled True 0001-01-01 00:00:00 +0000 UTC 2018-09-17 07:17:27 +0000 UTC  }]&#xA;Sep 19 08:04:15.360: INFO: prometheus-6f98d89664-wh7pb                                      10.46.6.173  Running           [{Initialized True 0001-01-01 00:00:00 +0000 UTC 2018-09-17 07:17:31 +0000 UTC  } {Ready True 0001-01-01 00:00:00 +0000 UTC 2018-09-17 07:17:57 +0000 UTC  } {ContainersReady True 0001-01-01 00:00:00 +0000 UTC 0001-01-01 00:00:00 +0000 UTC  } {PodScheduled True 0001-01-01 00:00:00 +0000 UTC 2018-09-17 07:17:28 +0000 UTC  }]&#xA;Sep 19 08:04:15.360: INFO: servicegraph-85578d8fc6-m62z4                                    10.46.6.173  Running           [{Initialized True 0001-01-01 00:00:00 +0000 UTC 2018-09-17 07:17:32 +0000 UTC  } {Ready True 0001-01-01 00:00:00 +0000 UTC 2018-09-17 07:18:22 +0000 UTC  } {ContainersReady True 0001-01-01 00:00:00 +0000 UTC 0001-01-01 00:00:00 +0000 UTC  } {PodScheduled True 0001-01-01 00:00:00 +0000 UTC 2018-09-17 07:17:28 +0000 UTC  }]&#xA;Sep 19 08:04:15.360: INFO: audit-logging-fluentd-ds-4cgnk                                   10.46.6.170  Running           [{Initialized True 0001-01-01 00:00:00 +0000 UTC 2018-09-17 07:18:46 +0000 UTC  } {Ready True 0001-01-01 00:00:00 +0000 UTC 2018-09-17 07:18:50 +0000 UTC  } {ContainersReady True 0001-01-01 00:00:00 +0000 UTC 0001-01-01 00:00:00 +0000 UTC  } {PodScheduled True 0001-01-01 00:00:00 +0000 UTC 2018-09-17 07:18:46 +0000 UTC  }]&#xA;Sep 19 08:04:15.360: INFO: audit-logging-fluentd-ds-8bh4t                                   10.46.6.172  Running           [{Initialized True 0001-01-01 00:00:00 +0000 UTC 2018-09-17 07:18:46 +0000 UTC  } {Ready True 0001-01-01 00:00:00 +0000 UTC 2018-09-17 07:18:56 +0000 UTC  } {ContainersReady True 0001-01-01 00:00:00 +0000 UTC 0001-01-01 00:00:00 +0000 UTC  } {PodScheduled True 0001-01-01 00:00:00 +0000 UTC 2018-09-17 07:18:46 +0000 UTC  }]&#xA;Sep 19 08:04:15.360: INFO: audit-logging-fluentd-ds-bc22k                                   10.46.6.171  Running           [{Initialized True 0001-01-01 00:00:00 +0000 UTC 2018-09-17 07:18:46 +0000 UTC  } {Ready True 0001-01-01 00:00:00 +0000 UTC 2018-09-17 07:18:56 +0000 UTC  } {ContainersReady True 0001-01-01 00:00:00 +0000 UTC 0001-01-01 00:00:00 +0000 UTC  } {PodScheduled True 0001-01-01 00:00:00 +0000 UTC 2018-09-17 07:18:46 +0000 UTC  }]&#xA;Sep 19 08:04:15.360: INFO: audit-logging-fluentd-ds-dhcg6                                   10.46.6.173  Running           [{Initialized True 0001-01-01 00:00:00 +0000 UTC 2018-09-17 07:18:46 +0000 UTC  } {Ready True 0001-01-01 00:00:00 +0000 UTC 2018-09-17 07:19:00 +0000 UTC  } {ContainersReady True 0001-01-01 00:00:00 +0000 UTC 0001-01-01 00:00:00 +0000 UTC  } {PodScheduled True 0001-01-01 00:00:00 +0000 UTC 2018-09-17 07:18:46 +0000 UTC  }]&#xA;Sep 19 08:04:15.360: INFO: auth-apikeys-x45mz                                               10.46.6.173  Running           [{Initialized True 0001-01-01 00:00:00 +0000 UTC 2018-09-17 07:10:12 +0000 UTC  } {Ready True 0001-01-01 00:00:00 +0000 UTC 2018-09-17 07:11:25 +0000 UTC  } {ContainersReady True 0001-01-01 00:00:00 +0000 UTC 0001-01-01 00:00:00 +0000 UTC  } {PodScheduled True 0001-01-01 00:00:00 +0000 UTC 2018-09-17 07:10:12 +0000 UTC  }]&#xA;Sep 19 08:04:15.360: INFO: auth-idp-kjpmx                                                   10.46.6.173  Running           [{Initialized True 0001-01-01 00:00:00 +0000 UTC 2018-09-17 07:10:19 +0000 UTC  } {Ready True 0001-01-01 00:00:00 +0000 UTC 2018-09-19 07:05:52 +0000 UTC  } {ContainersReady True 0001-01-01 00:00:00 +0000 UTC 0001-01-01 00:00:00 +0000 UTC  } {PodScheduled True 0001-01-01 00:00:00 +0000 UTC 2018-09-17 07:10:04 +0000 UTC  }]&#xA;Sep 19 08:04:15.360: INFO: auth-pap-qb5m2                                                   10.46.6.173  Running           [{Initialized True 0001-01-01 00:00:00 +0000 UTC 2018-09-17 07:10:20 +0000 UTC  } {Ready True 0001-01-01 00:00:00 +0000 UTC 2018-09-17 07:10:46 +0000 UTC  } {ContainersReady True 0001-01-01 00:00:00 +0000 UTC 0001-01-01 00:00:00 +0000 UTC  } {PodScheduled True 0001-01-01 00:00:00 +0000 UTC 2018-09-17 07:10:20 +0000 UTC  }]&#xA;Sep 19 08:04:15.360: INFO: auth-pdp-tk2jm                                                   10.46.6.173  Running           [{Initialized True 0001-01-01 00:00:00 +0000 UTC 2018-09-17 07:13:08 +0000 UTC  } {Ready True 0001-01-01 00:00:00 +0000 UTC 2018-09-17 07:13:19 +0000 UTC  } {ContainersReady True 0001-01-01 00:00:00 +0000 UTC 0001-01-01 00:00:00 +0000 UTC  } {PodScheduled True 0001-01-01 00:00:00 +0000 UTC 2018-09-17 07:10:28 +0000 UTC  }]&#xA;Sep 19 08:04:15.360: INFO: calico-kube-controllers-dcb8cc97c-gtsqp                          10.46.6.173  Running           [{Initialized True 0001-01-01 00:00:00 +0000 UTC 2018-09-17 07:05:53 +0000 UTC  } {Ready True 0001-01-01 00:00:00 +0000 UTC 2018-09-17 07:06:04 +0000 UTC  } {ContainersReady True 0001-01-01 00:00:00 +0000 UTC 0001-01-01 00:00:00 +0000 UTC  } {PodScheduled True 0001-01-01 00:00:00 +0000 UTC 2018-09-17 07:05:53 +0000 UTC  }]&#xA;Sep 19 08:04:15.360: INFO: calico-node-gpm2c                                                10.46.6.171  Running           [{Initialized True 0001-01-01 00:00:00 +0000 UTC 2018-09-17 07:05:53 +0000 UTC  } {Ready True 0001-01-01 00:00:00 +0000 UTC 2018-09-17 07:06:11 +0000 UTC  } {ContainersReady True 0001-01-01 00:00:00 +0000 UTC 0001-01-01 00:00:00 +0000 UTC  } {PodScheduled True 0001-01-01 00:00:00 +0000 UTC 2018-09-17 07:05:53 +0000 UTC  }]&#xA;Sep 19 08:04:15.360: INFO: calico-node-htf97                                                10.46.6.170  Running           [{Initialized True 0001-01-01 00:00:00 +0000 UTC 2018-09-17 07:05:53 +0000 UTC  } {Ready True 0001-01-01 00:00:00 +0000 UTC 2018-09-17 07:06:14 +0000 UTC  } {ContainersReady True 0001-01-01 00:00:00 +0000 UTC 0001-01-01 00:00:00 +0000 UTC  } {PodScheduled True 0001-01-01 00:00:00 +0000 UTC 2018-09-17 07:05:53 +0000 UTC  }]&#xA;Sep 19 08:04:15.360: INFO: calico-node-m7d5t                                                10.46.6.173  Running           [{Initialized True 0001-01-01 00:00:00 +0000 UTC 2018-09-17 07:05:54 +0000 UTC  } {Ready True 0001-01-01 00:00:00 +0000 UTC 2018-09-17 07:06:15 +0000 UTC  } {ContainersReady True 0001-01-01 00:00:00 +0000 UTC 0001-01-01 00:00:00 +0000 UTC  } {PodScheduled True 0001-01-01 00:00:00 +0000 UTC 2018-09-17 07:05:54 +0000 UTC  }]&#xA;Sep 19 08:04:15.360: INFO: calico-node-wsknj                                                10.46.6.172  Running           [{Initialized True 0001-01-01 00:00:00 +0000 UTC 2018-09-17 07:05:53 +0000 UTC  } {Ready True 0001-01-01 00:00:00 +0000 UTC 2018-09-17 07:06:17 +0000 UTC  } {ContainersReady True 0001-01-01 00:00:00 +0000 UTC 0001-01-01 00:00:00 +0000 UTC  } {PodScheduled True 0001-01-01 00:00:00 +0000 UTC 2018-09-17 07:05:53 +0000 UTC  }]&#xA;Sep 19 08:04:15.360: INFO: catalog-ui-5rtkh                                                 10.46.6.173  Running           [{Initialized True 0001-01-01 00:00:00 +0000 UTC 2018-09-17 07:15:57 +0000 UTC  } {Ready True 0001-01-01 00:00:00 +0000 UTC 2018-09-17 07:16:11 +0000 UTC  } {ContainersReady True 0001-01-01 00:00:00 +0000 UTC 0001-01-01 00:00:00 +0000 UTC  } {PodScheduled True 0001-01-01 00:00:00 +0000 UTC 2018-09-17 07:15:57 +0000 UTC  }]&#xA;Sep 19 08:04:15.361: INFO: custom-metrics-adapter-64f64964b4-f9gmc                          10.46.6.171  Running           [{Initialized True 0001-01-01 00:00:00 +0000 UTC 2018-09-17 07:17:13 +0000 UTC  } {Ready True 0001-01-01 00:00:00 +0000 UTC 2018-09-17 07:17:51 +0000 UTC  } {ContainersReady True 0001-01-01 00:00:00 +0000 UTC 0001-01-01 00:00:00 +0000 UTC  } {PodScheduled True 0001-01-01 00:00:00 +0000 UTC 2018-09-17 07:14:28 +0000 UTC  }]&#xA;Sep 19 08:04:15.361: INFO: default-backend-54966589c4-4d47g                                 10.46.6.173  Running           [{Initialized True 0001-01-01 00:00:00 +0000 UTC 2018-09-17 07:08:29 +0000 UTC  } {Ready True 0001-01-01 00:00:00 +0000 UTC 2018-09-17 07:08:40 +0000 UTC  } {ContainersReady True 0001-01-01 00:00:00 +0000 UTC 0001-01-01 00:00:00 +0000 UTC  } {PodScheduled True 0001-01-01 00:00:00 +0000 UTC 2018-09-17 07:08:28 +0000 UTC  }]&#xA;Sep 19 08:04:15.361: INFO: heapster-69b486565b-nt26r                                        10.46.6.173  Running           [{Initialized True 0001-01-01 00:00:00 +0000 UTC 2018-09-17 07:13:48 +0000 UTC  } {Ready True 0001-01-01 00:00:00 +0000 UTC 2018-09-17 07:13:58 +0000 UTC  } {ContainersReady True 0001-01-01 00:00:00 +0000 UTC 0001-01-01 00:00:00 +0000 UTC  } {PodScheduled True 0001-01-01 00:00:00 +0000 UTC 2018-09-17 07:13:48 +0000 UTC  }]&#xA;Sep 19 08:04:15.361: INFO: helm-api-fdd886877-6pwm8                                         10.46.6.173  Running           [{Initialized True 0001-01-01 00:00:00 +0000 UTC 2018-09-17 07:16:36 +0000 UTC  } {Ready True 0001-01-01 00:00:00 +0000 UTC 2018-09-17 07:16:58 +0000 UTC  } {ContainersReady True 0001-01-01 00:00:00 +0000 UTC 0001-01-01 00:00:00 +0000 UTC  } {PodScheduled True 0001-01-01 00:00:00 +0000 UTC 2018-09-17 07:16:35 +0000 UTC  }]&#xA;Sep 19 08:04:15.361: INFO: helm-repo-5649f57447-wwdn4                                       10.46.6.173  Running           [{Initialized True 0001-01-01 00:00:00 +0000 UTC 2018-09-17 07:14:04 +0000 UTC  } {Ready True 0001-01-01 00:00:00 +0000 UTC 2018-09-17 07:14:40 +0000 UTC  } {ContainersReady True 0001-01-01 00:00:00 +0000 UTC 0001-01-01 00:00:00 +0000 UTC  } {PodScheduled True 0001-01-01 00:00:00 +0000 UTC 2018-09-17 07:13:53 +0000 UTC  }]&#xA;Sep 19 08:04:15.361: INFO: ibmcloud-image-enforcement-76ddccbf9f-kqmlb                      10.46.6.171  Running           [{Initialized True 0001-01-01 00:00:00 +0000 UTC 2018-09-17 07:14:02 +0000 UTC  } {Ready True 0001-01-01 00:00:00 +0000 UTC 2018-09-17 07:14:07 +0000 UTC  } {ContainersReady True 0001-01-01 00:00:00 +0000 UTC 0001-01-01 00:00:00 +0000 UTC  } {PodScheduled True 0001-01-01 00:00:00 +0000 UTC 2018-09-17 07:14:02 +0000 UTC  }]&#xA;Sep 19 08:04:15.361: INFO: icp-management-ingress-x6qn8                                     10.46.6.173  Running           [{Initialized True 0001-01-01 00:00:00 +0000 UTC 2018-09-17 07:10:36 +0000 UTC  } {Ready True 0001-01-01 00:00:00 +0000 UTC 2018-09-17 07:10:48 +0000 UTC  } {ContainersReady True 0001-01-01 00:00:00 +0000 UTC 0001-01-01 00:00:00 +0000 UTC  } {PodScheduled True 0001-01-01 00:00:00 +0000 UTC 2018-09-17 07:10:36 +0000 UTC  }]&#xA;Sep 19 08:04:15.361: INFO: icp-mongodb-0                                                    10.46.6.173  Running           [{Initialized True 0001-01-01 00:00:00 +0000 UTC 2018-09-17 07:09:00 +0000 UTC  } {Ready True 0001-01-01 00:00:00 +0000 UTC 2018-09-17 07:09:17 +0000 UTC  } {ContainersReady True 0001-01-01 00:00:00 +0000 UTC 0001-01-01 00:00:00 +0000 UTC  } {PodScheduled True 0001-01-01 00:00:00 +0000 UTC 2018-09-17 07:07:41 +0000 UTC  }]&#xA;Sep 19 08:04:15.361: INFO: image-manager-0                                                  10.46.6.173  Running           [{Initialized True 0001-01-01 00:00:00 +0000 UTC 2018-09-17 06:38:56 +0000 UTC  } {Ready True 0001-01-01 00:00:00 +0000 UTC 2018-09-17 06:39:08 +0000 UTC  } {ContainersReady True 0001-01-01 00:00:00 +0000 UTC 0001-01-01 00:00:00 +0000 UTC  } {PodScheduled True 0001-01-01 00:00:00 +0000 UTC 2018-09-17 06:38:56 +0000 UTC  }]&#xA;Sep 19 08:04:15.361: INFO: k8s-etcd-10.46.6.173                                             10.46.6.173  Running           [{Initialized True 0001-01-01 00:00:00 +0000 UTC 2018-09-17 06:35:49 +0000 UTC  } {Ready True 0001-01-01 00:00:00 +0000 UTC 2018-09-17 06:35:54 +0000 UTC  } {ContainersReady True 0001-01-01 00:00:00 +0000 UTC 0001-01-01 00:00:00 +0000 UTC  } {PodScheduled True 0001-01-01 00:00:00 +0000 UTC 2018-09-17 06:35:49 +0000 UTC  }]&#xA;Sep 19 08:04:15.361: INFO: k8s-master-10.46.6.173                                           10.46.6.173  Running           [{Initialized True 0001-01-01 00:00:00 +0000 UTC 2018-09-17 06:37:18 +0000 UTC  } {Ready True 0001-01-01 00:00:00 +0000 UTC 2018-09-17 06:37:26 +0000 UTC  } {ContainersReady True 0001-01-01 00:00:00 +0000 UTC 0001-01-01 00:00:00 +0000 UTC  } {PodScheduled True 0001-01-01 00:00:00 +0000 UTC 2018-09-17 06:37:18 +0000 UTC  }]&#xA;Sep 19 08:04:15.361: INFO: k8s-proxy-10.46.6.170                                            10.46.6.170  Running           [{Initialized True 0001-01-01 00:00:00 +0000 UTC 2018-09-17 07:05:43 +0000 UTC  } {Ready True 0001-01-01 00:00:00 +0000 UTC 2018-09-17 07:05:46 +0000 UTC  } {ContainersReady True 0001-01-01 00:00:00 +0000 UTC 0001-01-01 00:00:00 +0000 UTC  } {PodScheduled True 0001-01-01 00:00:00 +0000 UTC 2018-09-17 07:05:43 +0000 UTC  }]&#xA;Sep 19 08:04:15.361: INFO: k8s-proxy-10.46.6.171                                            10.46.6.171  Running           [{Initialized True 0001-01-01 00:00:00 +0000 UTC 2018-09-17 07:05:44 +0000 UTC  } {Ready True 0001-01-01 00:00:00 +0000 UTC 2018-09-17 07:05:46 +0000 UTC  } {ContainersReady True 0001-01-01 00:00:00 +0000 UTC 0001-01-01 00:00:00 +0000 UTC  } {PodScheduled True 0001-01-01 00:00:00 +0000 UTC 2018-09-17 07:05:44 +0000 UTC  }]&#xA;Sep 19 08:04:15.361: INFO: k8s-proxy-10.46.6.172                                            10.46.6.172  Running           [{Initialized True 0001-01-01 00:00:00 +0000 UTC 2018-09-17 07:05:44 +0000 UTC  } {Ready True 0001-01-01 00:00:00 +0000 UTC 2018-09-17 07:05:48 +0000 UTC  } {ContainersReady True 0001-01-01 00:00:00 +0000 UTC 0001-01-01 00:00:00 +0000 UTC  } {PodScheduled True 0001-01-01 00:00:00 +0000 UTC 2018-09-17 07:05:44 +0000 UTC  }]&#xA;Sep 19 08:04:15.361: INFO: k8s-proxy-10.46.6.173                                            10.46.6.173  Running           [{Initialized True 0001-01-01 00:00:00 +0000 UTC 2018-09-17 06:35:45 +0000 UTC  } {Ready True 0001-01-01 00:00:00 +0000 UTC 2018-09-17 06:35:50 +0000 UTC  } {ContainersReady True 0001-01-01 00:00:00 +0000 UTC 0001-01-01 00:00:00 +0000 UTC  } {PodScheduled True 0001-01-01 00:00:00 +0000 UTC 2018-09-17 06:35:45 +0000 UTC  }]&#xA;Sep 19 08:04:15.361: INFO: kube-dns-mwjc8                                                   10.46.6.173  Running           [{Initialized True 0001-01-01 00:00:00 +0000 UTC 2018-09-17 07:06:10 +0000 UTC  } {Ready True 0001-01-01 00:00:00 +0000 UTC 2018-09-17 07:06:18 +0000 UTC  } {ContainersReady True 0001-01-01 00:00:00 +0000 UTC 0001-01-01 00:00:00 +0000 UTC  } {PodScheduled True 0001-01-01 00:00:00 +0000 UTC 2018-09-17 07:06:10 +0000 UTC  }]&#xA;Sep 19 08:04:15.361: INFO: logging-elk-client-75d4d7994c-7g7fn                              10.46.6.171  Running           [{Initialized True 0001-01-01 00:00:00 +0000 UTC 2018-09-17 07:15:40 +0000 UTC  } {Ready True 0001-01-01 00:00:00 +0000 UTC 2018-09-17 07:16:22 +0000 UTC  } {ContainersReady True 0001-01-01 00:00:00 +0000 UTC 0001-01-01 00:00:00 +0000 UTC  } {PodScheduled True 0001-01-01 00:00:00 +0000 UTC 2018-09-17 07:15:20 +0000 UTC  }]&#xA;Sep 19 08:04:15.361: INFO: logging-elk-data-0                                               10.46.6.171  Running           [{Initialized True 0001-01-01 00:00:00 +0000 UTC 2018-09-17 07:15:47 +0000 UTC  } {Ready True 0001-01-01 00:00:00 +0000 UTC 2018-09-17 07:16:16 +0000 UTC  } {ContainersReady True 0001-01-01 00:00:00 +0000 UTC 0001-01-01 00:00:00 +0000 UTC  } {PodScheduled True 0001-01-01 00:00:00 +0000 UTC 2018-09-17 07:15:20 +0000 UTC  }]&#xA;Sep 19 08:04:15.361: INFO: logging-elk-elasticsearch-tls-init-6hnl4                         10.46.6.171  Succeeded         [{Initialized True 0001-01-01 00:00:00 +0000 UTC 2018-09-17 07:15:20 +0000 UTC PodCompleted } {Ready False 0001-01-01 00:00:00 +0000 UTC 2018-09-17 07:17:46 +0000 UTC PodCompleted } {ContainersReady False 0001-01-01 00:00:00 +0000 UTC 0001-01-01 00:00:00 +0000 UTC PodCompleted } {PodScheduled True 0001-01-01 00:00:00 +0000 UTC 2018-09-17 07:15:20 +0000 UTC  }]&#xA;Sep 19 08:04:15.361: INFO: logging-elk-filebeat-ds-bs86r                                    10.46.6.171  Running           [{Initialized True 0001-01-01 00:00:00 +0000 UTC 2018-09-17 07:15:20 +0000 UTC  } {Ready True 0001-01-01 00:00:00 +0000 UTC 2018-09-17 07:15:42 +0000 UTC  } {ContainersReady True 0001-01-01 00:00:00 +0000 UTC 0001-01-01 00:00:00 +0000 UTC  } {PodScheduled True 0001-01-01 00:00:00 +0000 UTC 2018-09-17 07:15:20 +0000 UTC  }]&#xA;Sep 19 08:04:15.361: INFO: logging-elk-filebeat-ds-jtd5q                                    10.46.6.170  Running           [{Initialized True 0001-01-01 00:00:00 +0000 UTC 2018-09-17 07:15:20 +0000 UTC  } {Ready True 0001-01-01 00:00:00 +0000 UTC 2018-09-17 07:15:37 +0000 UTC  } {ContainersReady True 0001-01-01 00:00:00 +0000 UTC 0001-01-01 00:00:00 +0000 UTC  } {PodScheduled True 0001-01-01 00:00:00 +0000 UTC 2018-09-17 07:15:20 +0000 UTC  }]&#xA;Sep 19 08:04:15.361: INFO: logging-elk-filebeat-ds-qf2vz                                    10.46.6.173  Running           [{Initialized True 0001-01-01 00:00:00 +0000 UTC 2018-09-17 07:15:20 +0000 UTC  } {Ready True 0001-01-01 00:00:00 +0000 UTC 2018-09-17 07:15:39 +0000 UTC  } {ContainersReady True 0001-01-01 00:00:00 +0000 UTC 0001-01-01 00:00:00 +0000 UTC  } {PodScheduled True 0001-01-01 00:00:00 +0000 UTC 2018-09-17 07:15:20 +0000 UTC  }]&#xA;Sep 19 08:04:15.361: INFO: logging-elk-filebeat-ds-vpk48                                    10.46.6.172  Running           [{Initialized True 0001-01-01 00:00:00 +0000 UTC 2018-09-17 07:15:20 +0000 UTC  } {Ready True 0001-01-01 00:00:00 +0000 UTC 2018-09-17 07:15:39 +0000 UTC  } {ContainersReady True 0001-01-01 00:00:00 +0000 UTC 0001-01-01 00:00:00 +0000 UTC  } {PodScheduled True 0001-01-01 00:00:00 +0000 UTC 2018-09-17 07:15:20 +0000 UTC  }]&#xA;Sep 19 08:04:15.361: INFO: logging-elk-kibana-ff4db4866-s2295                               10.46.6.171  Running           [{Initialized True 0001-01-01 00:00:00 +0000 UTC 2018-09-17 07:15:21 +0000 UTC  } {Ready True 0001-01-01 00:00:00 +0000 UTC 2018-09-17 07:15:45 +0000 UTC  } {ContainersReady True 0001-01-01 00:00:00 +0000 UTC 0001-01-01 00:00:00 +0000 UTC  } {PodScheduled True 0001-01-01 00:00:00 +0000 UTC 2018-09-17 07:15:21 +0000 UTC  }]&#xA;Sep 19 08:04:15.361: INFO: logging-elk-logstash-7994656f46-r89mt                            10.46.6.171  Running           [{Initialized True 0001-01-01 00:00:00 +0000 UTC 2018-09-17 07:15:22 +0000 UTC  } {Ready True 0001-01-01 00:00:00 +0000 UTC 2018-09-17 07:16:16 +0000 UTC  } {ContainersReady True 0001-01-01 00:00:00 +0000 UTC 0001-01-01 00:00:00 +0000 UTC  } {PodScheduled True 0001-01-01 00:00:00 +0000 UTC 2018-09-17 07:15:21 +0000 UTC  }]&#xA;Sep 19 08:04:15.361: INFO: logging-elk-master-6cdcf45f7d-gp28f                              10.46.6.171  Running           [{Initialized True 0001-01-01 00:00:00 +0000 UTC 2018-09-17 07:15:47 +0000 UTC  } {Ready True 0001-01-01 00:00:00 +0000 UTC 2018-09-17 07:16:16 +0000 UTC  } {ContainersReady True 0001-01-01 00:00:00 +0000 UTC 0001-01-01 00:00:00 +0000 UTC  } {PodScheduled True 0001-01-01 00:00:00 +0000 UTC 2018-09-17 07:15:21 +0000 UTC  }]&#xA;Sep 19 08:04:15.361: INFO: mariadb-0                                                        10.46.6.173  Running           [{Initialized True 0001-01-01 00:00:00 +0000 UTC 2018-09-17 07:08:38 +0000 UTC  } {Ready True 0001-01-01 00:00:00 +0000 UTC 2018-09-17 07:09:15 +0000 UTC  } {ContainersReady True 0001-01-01 00:00:00 +0000 UTC 0001-01-01 00:00:00 +0000 UTC  } {PodScheduled True 0001-01-01 00:00:00 +0000 UTC 2018-09-17 07:08:37 +0000 UTC  }]&#xA;Sep 19 08:04:15.361: INFO: metering-dm-8b475fc57-cmm6h                                      10.46.6.171  Running           [{Initialized True 0001-01-01 00:00:00 +0000 UTC 2018-09-17 07:14:20 +0000 UTC  } {Ready True 0001-01-01 00:00:00 +0000 UTC 2018-09-17 07:14:49 +0000 UTC  } {ContainersReady True 0001-01-01 00:00:00 +0000 UTC 0001-01-01 00:00:00 +0000 UTC  } {PodScheduled True 0001-01-01 00:00:00 +0000 UTC 2018-09-17 07:14:12 +0000 UTC  }]&#xA;Sep 19 08:04:15.361: INFO: metering-reader-44wd7                                            10.46.6.170  Running           [{Initialized True 0001-01-01 00:00:00 +0000 UTC 2018-09-17 07:14:20 +0000 UTC  } {Ready True 0001-01-01 00:00:00 +0000 UTC 2018-09-17 07:14:46 +0000 UTC  } {ContainersReady True 0001-01-01 00:00:00 +0000 UTC 0001-01-01 00:00:00 +0000 UTC  } {PodScheduled True 0001-01-01 00:00:00 +0000 UTC 2018-09-17 07:14:11 +0000 UTC  }]&#xA;Sep 19 08:04:15.361: INFO: metering-reader-gsrdg                                            10.46.6.172  Running           [{Initialized True 0001-01-01 00:00:00 +0000 UTC 2018-09-17 07:14:23 +0000 UTC  } {Ready True 0001-01-01 00:00:00 +0000 UTC 2018-09-17 07:14:52 +0000 UTC  } {ContainersReady True 0001-01-01 00:00:00 +0000 UTC 0001-01-01 00:00:00 +0000 UTC  } {PodScheduled True 0001-01-01 00:00:00 +0000 UTC 2018-09-17 07:14:11 +0000 UTC  }]&#xA;Sep 19 08:04:15.361: INFO: metering-reader-l7284                                            10.46.6.173  Running           [{Initialized True 0001-01-01 00:00:00 +0000 UTC 2018-09-17 07:14:24 +0000 UTC  } {Ready True 0001-01-01 00:00:00 +0000 UTC 2018-09-17 07:14:45 +0000 UTC  } {ContainersReady True 0001-01-01 00:00:00 +0000 UTC 0001-01-01 00:00:00 +0000 UTC  } {PodScheduled True 0001-01-01 00:00:00 +0000 UTC 2018-09-17 07:14:11 +0000 UTC  }]&#xA;Sep 19 08:04:15.361: INFO: metering-reader-xq8f2                                            10.46.6.171  Running           [{Initialized True 0001-01-01 00:00:00 +0000 UTC 2018-09-17 07:14:23 +0000 UTC  } {Ready True 0001-01-01 00:00:00 +0000 UTC 2018-09-17 07:14:55 +0000 UTC  } {ContainersReady True 0001-01-01 00:00:00 +0000 UTC 0001-01-01 00:00:00 +0000 UTC  } {PodScheduled True 0001-01-01 00:00:00 +0000 UTC 2018-09-17 07:14:11 +0000 UTC  }]&#xA;Sep 19 08:04:15.361: INFO: metering-ui-5bbfbb5d49-wkh8m                                     10.46.6.171  Running           [{Initialized True 0001-01-01 00:00:00 +0000 UTC 2018-09-17 07:14:22 +0000 UTC  } {Ready True 0001-01-01 00:00:00 +0000 UTC 2018-09-17 07:14:55 +0000 UTC  } {ContainersReady True 0001-01-01 00:00:00 +0000 UTC 0001-01-01 00:00:00 +0000 UTC  } {PodScheduled True 0001-01-01 00:00:00 +0000 UTC 2018-09-17 07:14:12 +0000 UTC  }]&#xA;Sep 19 08:04:15.361: INFO: metrics-server-6d6695f9db-8t4xs                                  10.46.6.171  Running           [{Initialized True 0001-01-01 00:00:00 +0000 UTC 2018-09-17 07:08:51 +0000 UTC  } {Ready True 0001-01-01 00:00:00 +0000 UTC 2018-09-17 07:08:55 +0000 UTC  } {ContainersReady True 0001-01-01 00:00:00 +0000 UTC 0001-01-01 00:00:00 +0000 UTC  } {PodScheduled True 0001-01-01 00:00:00 +0000 UTC 2018-09-17 07:08:51 +0000 UTC  }]&#xA;Sep 19 08:04:15.361: INFO: mgmt-repo-57dc689b74-tmp44                                       10.46.6.173  Running           [{Initialized True 0001-01-01 00:00:00 +0000 UTC 2018-09-17 07:18:10 +0000 UTC  } {Ready True 0001-01-01 00:00:00 +0000 UTC 2018-09-17 07:18:54 +0000 UTC  } {ContainersReady True 0001-01-01 00:00:00 +0000 UTC 0001-01-01 00:00:00 +0000 UTC  } {PodScheduled True 0001-01-01 00:00:00 +0000 UTC 2018-09-17 07:17:50 +0000 UTC  }]&#xA;Sep 19 08:04:15.361: INFO: monitoring-grafana-548b947c8c-dh89z                              10.46.6.171  Running           [{Initialized True 0001-01-01 00:00:00 +0000 UTC 2018-09-17 07:16:14 +0000 UTC  } {Ready True 0001-01-01 00:00:00 +0000 UTC 2018-09-17 07:16:59 +0000 UTC  } {ContainersReady True 0001-01-01 00:00:00 +0000 UTC 0001-01-01 00:00:00 +0000 UTC  } {PodScheduled True 0001-01-01 00:00:00 +0000 UTC 2018-09-17 07:15:46 +0000 UTC  }]&#xA;Sep 19 08:04:15.361: INFO: monitoring-prometheus-6677d7c77f-pnpt5                           10.46.6.171  Running           [{Initialized True 0001-01-01 00:00:00 +0000 UTC 2018-09-17 07:16:14 +0000 UTC  } {Ready True 0001-01-01 00:00:00 +0000 UTC 2018-09-17 07:17:03 +0000 UTC  } {ContainersReady True 0001-01-01 00:00:00 +0000 UTC 0001-01-01 00:00:00 +0000 UTC  } {PodScheduled True 0001-01-01 00:00:00 +0000 UTC 2018-09-17 07:15:45 +0000 UTC  }]&#xA;Sep 19 08:04:15.361: INFO: monitoring-prometheus-alertmanager-7d8749dbb8-xj68d              10.46.6.171  Running           [{Initialized True 0001-01-01 00:00:00 +0000 UTC 2018-09-17 07:15:46 +0000 UTC  } {Ready True 0001-01-01 00:00:00 +0000 UTC 2018-09-17 07:16:45 +0000 UTC  } {ContainersReady True 0001-01-01 00:00:00 +0000 UTC 0001-01-01 00:00:00 +0000 UTC  } {PodScheduled True 0001-01-01 00:00:00 +0000 UTC 2018-09-17 07:15:45 +0000 UTC  }]&#xA;Sep 19 08:04:15.361: INFO: monitoring-prometheus-collectdexporter-77575678dc-v8n2l          10.46.6.171  Running           [{Initialized True 0001-01-01 00:00:00 +0000 UTC 2018-09-17 07:15:46 +0000 UTC  } {Ready True 0001-01-01 00:00:00 +0000 UTC 2018-09-17 07:16:42 +0000 UTC  } {ContainersReady True 0001-01-01 00:00:00 +0000 UTC 0001-01-01 00:00:00 +0000 UTC  } {PodScheduled True 0001-01-01 00:00:00 +0000 UTC 2018-09-17 07:15:45 +0000 UTC  }]&#xA;Sep 19 08:04:15.361: INFO: monitoring-prometheus-elasticsearchexporter-655864cccb-c6tps     10.46.6.171  Running           [{Initialized True 0001-01-01 00:00:00 +0000 UTC 2018-09-17 07:15:46 +0000 UTC  } {Ready True 0001-01-01 00:00:00 +0000 UTC 2018-09-17 07:16:52 +0000 UTC  } {ContainersReady True 0001-01-01 00:00:00 +0000 UTC 0001-01-01 00:00:00 +0000 UTC  } {PodScheduled True 0001-01-01 00:00:00 +0000 UTC 2018-09-17 07:15:45 +0000 UTC  }]&#xA;Sep 19 08:04:15.361: INFO: monitoring-prometheus-kubestatemetrics-54dcbb6cfb-76zmm          10.46.6.171  Running           [{Initialized True 0001-01-01 00:00:00 +0000 UTC 2018-09-17 07:15:45 +0000 UTC  } {Ready True 0001-01-01 00:00:00 +0000 UTC 2018-09-17 07:16:34 +0000 UTC  } {ContainersReady True 0001-01-01 00:00:00 +0000 UTC 0001-01-01 00:00:00 +0000 UTC  } {PodScheduled True 0001-01-01 00:00:00 +0000 UTC 2018-09-17 07:15:45 +0000 UTC  }]&#xA;Sep 19 08:04:15.361: INFO: monitoring-prometheus-nodeexporter-9fnpb                         10.46.6.171  Running           [{Initialized True 0001-01-01 00:00:00 +0000 UTC 2018-09-17 07:15:44 +0000 UTC  } {Ready True 0001-01-01 00:00:00 +0000 UTC 2018-09-17 07:16:44 +0000 UTC  } {ContainersReady True 0001-01-01 00:00:00 +0000 UTC 0001-01-01 00:00:00 +0000 UTC  } {PodScheduled True 0001-01-01 00:00:00 +0000 UTC 2018-09-17 07:15:44 +0000 UTC  }]&#xA;Sep 19 08:04:15.361: INFO: monitoring-prometheus-nodeexporter-f84fv                         10.46.6.173  Running           [{Initialized True 0001-01-01 00:00:00 +0000 UTC 2018-09-17 07:15:45 +0000 UTC  } {Ready True 0001-01-01 00:00:00 +0000 UTC 2018-09-17 07:16:28 +0000 UTC  } {ContainersReady True 0001-01-01 00:00:00 +0000 UTC 0001-01-01 00:00:00 +0000 UTC  } {PodScheduled True 0001-01-01 00:00:00 +0000 UTC 2018-09-17 07:15:45 +0000 UTC  }]&#xA;Sep 19 08:04:15.361: INFO: monitoring-prometheus-nodeexporter-tpbc8                         10.46.6.170  Running           [{Initialized True 0001-01-01 00:00:00 +0000 UTC 2018-09-17 07:15:44 +0000 UTC  } {Ready True 0001-01-01 00:00:00 +0000 UTC 2018-09-17 07:16:27 +0000 UTC  } {ContainersReady True 0001-01-01 00:00:00 +0000 UTC 0001-01-01 00:00:00 +0000 UTC  } {PodScheduled True 0001-01-01 00:00:00 +0000 UTC 2018-09-17 07:15:44 +0000 UTC  }]&#xA;Sep 19 08:04:15.361: INFO: monitoring-prometheus-nodeexporter-v4l7d                         10.46.6.172  Running           [{Initialized True 0001-01-01 00:00:00 +0000 UTC 2018-09-17 07:15:44 +0000 UTC  } {Ready True 0001-01-01 00:00:00 +0000 UTC 2018-09-17 07:16:31 +0000 UTC  } {ContainersReady True 0001-01-01 00:00:00 +0000 UTC 0001-01-01 00:00:00 +0000 UTC  } {PodScheduled True 0001-01-01 00:00:00 +0000 UTC 2018-09-17 07:15:44 +0000 UTC  }]&#xA;Sep 19 08:04:15.361: INFO: my-ibm-open-liberty-ibm-7f7d9778d7-7t5jc                         10.46.6.170  Running           [{Initialized True 0001-01-01 00:00:00 +0000 UTC 2018-09-17 08:22:24 +0000 UTC  } {Ready True 0001-01-01 00:00:00 +0000 UTC 2018-09-17 08:23:21 +0000 UTC  } {ContainersReady True 0001-01-01 00:00:00 +0000 UTC 0001-01-01 00:00:00 +0000 UTC  } {PodScheduled True 0001-01-01 00:00:00 +0000 UTC 2018-09-17 08:22:24 +0000 UTC  }]&#xA;Sep 19 08:04:15.361: INFO: nginx-ingress-controller-h5z2v                                   10.46.6.173  Running           [{Initialized True 0001-01-01 00:00:00 +0000 UTC 2018-09-17 07:08:39 +0000 UTC  } {Ready True 0001-01-01 00:00:00 +0000 UTC 2018-09-17 07:08:54 +0000 UTC  } {ContainersReady True 0001-01-01 00:00:00 +0000 UTC 0001-01-01 00:00:00 +0000 UTC  } {PodScheduled True 0001-01-01 00:00:00 +0000 UTC 2018-09-17 07:08:28 +0000 UTC  }]&#xA;Sep 19 08:04:15.361: INFO: nvidia-device-plugin-9h2k4                                       10.46.6.170  Running           [{Initialized True 0001-01-01 00:00:00 +0000 UTC 2018-09-17 07:07:23 +0000 UTC  } {Ready True 0001-01-01 00:00:00 +0000 UTC 2018-09-17 07:07:24 +0000 UTC  } {ContainersReady True 0001-01-01 00:00:00 +0000 UTC 0001-01-01 00:00:00 +0000 UTC  } {PodScheduled True 0001-01-01 00:00:00 +0000 UTC 2018-09-17 07:07:17 +0000 UTC  }]&#xA;Sep 19 08:04:15.361: INFO: nvidia-device-plugin-nh54k                                       10.46.6.173  Running           [{Initialized True 0001-01-01 00:00:00 +0000 UTC 2018-09-17 07:07:29 +0000 UTC  } {Ready True 0001-01-01 00:00:00 +0000 UTC 2018-09-17 07:07:33 +0000 UTC  } {ContainersReady True 0001-01-01 00:00:00 +0000 UTC 0001-01-01 00:00:00 +0000 UTC  } {PodScheduled True 0001-01-01 00:00:00 +0000 UTC 2018-09-17 07:07:17 +0000 UTC  }]&#xA;Sep 19 08:04:15.361: INFO: nvidia-device-plugin-vh85n                                       10.46.6.171  Running           [{Initialized True 0001-01-01 00:00:00 +0000 UTC 2018-09-17 07:07:21 +0000 UTC  } {Ready True 0001-01-01 00:00:00 +0000 UTC 2018-09-17 07:07:23 +0000 UTC  } {ContainersReady True 0001-01-01 00:00:00 +0000 UTC 0001-01-01 00:00:00 +0000 UTC  } {PodScheduled True 0001-01-01 00:00:00 +0000 UTC 2018-09-17 07:07:17 +0000 UTC  }]&#xA;Sep 19 08:04:15.361: INFO: nvidia-device-plugin-w9jr8                                       10.46.6.172  Running           [{Initialized True 0001-01-01 00:00:00 +0000 UTC 2018-09-17 07:07:24 +0000 UTC  } {Ready True 0001-01-01 00:00:00 +0000 UTC 2018-09-17 07:07:26 +0000 UTC  } {ContainersReady True 0001-01-01 00:00:00 +0000 UTC 0001-01-01 00:00:00 +0000 UTC  } {PodScheduled True 0001-01-01 00:00:00 +0000 UTC 2018-09-17 07:07:17 +0000 UTC  }]&#xA;Sep 19 08:04:15.361: INFO: oidc-client-registration-szxrk                                   10.46.6.173  Succeeded         [{Initialized True 0001-01-01 00:00:00 +0000 UTC 2018-09-17 07:10:05 +0000 UTC PodCompleted } {Ready False 0001-01-01 00:00:00 +0000 UTC 2018-09-17 07:12:27 +0000 UTC PodCompleted } {ContainersReady False 0001-01-01 00:00:00 +0000 UTC 0001-01-01 00:00:00 +0000 UTC PodCompleted } {PodScheduled True 0001-01-01 00:00:00 +0000 UTC 2018-09-17 07:10:04 +0000 UTC  }]&#xA;Sep 19 08:04:15.361: INFO: platform-api-2fs4x                                               10.46.6.173  Running           [{Initialized True 0001-01-01 00:00:00 +0000 UTC 2018-09-17 07:08:45 +0000 UTC  } {Ready True 0001-01-01 00:00:00 +0000 UTC 2018-09-17 07:16:29 +0000 UTC  } {ContainersReady True 0001-01-01 00:00:00 +0000 UTC 0001-01-01 00:00:00 +0000 UTC  } {PodScheduled True 0001-01-01 00:00:00 +0000 UTC 2018-09-17 07:08:45 +0000 UTC  }]&#xA;Sep 19 08:04:15.361: INFO: platform-deploy-dbbks                                            10.46.6.173  Running           [{Initialized True 0001-01-01 00:00:00 +0000 UTC 2018-09-17 07:08:45 +0000 UTC  } {Ready True 0001-01-01 00:00:00 +0000 UTC 2018-09-17 07:08:57 +0000 UTC  } {ContainersReady True 0001-01-01 00:00:00 +0000 UTC 0001-01-01 00:00:00 +0000 UTC  } {PodScheduled True 0001-01-01 00:00:00 +0000 UTC 2018-09-17 07:08:45 +0000 UTC  }]&#xA;Sep 19 08:04:15.361: INFO: platform-ui-6fjgx                                                10.46.6.173  Running           [{Initialized True 0001-01-01 00:00:00 +0000 UTC 2018-09-17 07:14:34 +0000 UTC  } {Ready True 0001-01-01 00:00:00 +0000 UTC 2018-09-17 07:15:20 +0000 UTC  } {ContainersReady True 0001-01-01 00:00:00 +0000 UTC 0001-01-01 00:00:00 +0000 UTC  } {PodScheduled True 0001-01-01 00:00:00 +0000 UTC 2018-09-17 07:14:34 +0000 UTC  }]&#xA;Sep 19 08:04:15.362: INFO: secret-watcher-5f59fcbc69-pfnfk                                  10.46.6.173  Running           [{Initialized True 0001-01-01 00:00:00 +0000 UTC 2018-09-17 07:18:05 +0000 UTC  } {Ready True 0001-01-01 00:00:00 +0000 UTC 2018-09-17 07:18:30 +0000 UTC  } {ContainersReady True 0001-01-01 00:00:00 +0000 UTC 0001-01-01 00:00:00 +0000 UTC  } {PodScheduled True 0001-01-01 00:00:00 +0000 UTC 2018-09-17 07:18:04 +0000 UTC  }]&#xA;Sep 19 08:04:15.362: INFO: security-onboarding-tkf79                                        10.46.6.173  Succeeded         [{Initialized True 0001-01-01 00:00:00 +0000 UTC 2018-09-17 07:18:12 +0000 UTC PodCompleted } {Ready False 0001-01-01 00:00:00 +0000 UTC 2018-09-17 07:20:02 +0000 UTC PodCompleted } {ContainersReady False 0001-01-01 00:00:00 +0000 UTC 0001-01-01 00:00:00 +0000 UTC PodCompleted } {PodScheduled True 0001-01-01 00:00:00 +0000 UTC 2018-09-17 07:18:12 +0000 UTC  }]&#xA;Sep 19 08:04:15.362: INFO: service-catalog-apiserver-967x9                                  10.46.6.173  Running           [{Initialized True 0001-01-01 00:00:00 +0000 UTC 2018-09-17 07:08:20 +0000 UTC  } {Ready True 0001-01-01 00:00:00 +0000 UTC 2018-09-17 07:09:01 +0000 UTC  } {ContainersReady True 0001-01-01 00:00:00 +0000 UTC 0001-01-01 00:00:00 +0000 UTC  } {PodScheduled True 0001-01-01 00:00:00 +0000 UTC 2018-09-17 07:08:20 +0000 UTC  }]&#xA;Sep 19 08:04:15.362: INFO: service-catalog-controller-manager-5969cccf86-65phs              10.46.6.173  Running           [{Initialized True 0001-01-01 00:00:00 +0000 UTC 2018-09-17 07:08:21 +0000 UTC  } {Ready True 0001-01-01 00:00:00 +0000 UTC 2018-09-17 07:08:34 +0000 UTC  } {ContainersReady True 0001-01-01 00:00:00 +0000 UTC 0001-01-01 00:00:00 +0000 UTC  } {PodScheduled True 0001-01-01 00:00:00 +0000 UTC 2018-09-17 07:08:20 +0000 UTC  }]&#xA;Sep 19 08:04:15.362: INFO: tiller-deploy-6b58875cb-5l8kh                                    10.46.6.173  Running           [{Initialized True 0001-01-01 00:00:00 +0000 UTC 2018-09-17 07:05:28 +0000 UTC  } {Ready True 0001-01-01 00:00:00 +0000 UTC 2018-09-17 07:05:43 +0000 UTC  } {ContainersReady True 0001-01-01 00:00:00 +0000 UTC 0001-01-01 00:00:00 +0000 UTC  } {PodScheduled True 0001-01-01 00:00:00 +0000 UTC 2018-09-17 07:05:28 +0000 UTC  }]&#xA;Sep 19 08:04:15.362: INFO: unified-router-lkwnl                                             10.46.6.173  Running           [{Initialized True 0001-01-01 00:00:00 +0000 UTC 2018-09-17 07:15:31 +0000 UTC  } {Ready True 0001-01-01 00:00:00 +0000 UTC 2018-09-17 07:15:40 +0000 UTC  } {ContainersReady True 0001-01-01 00:00:00 +0000 UTC 0001-01-01 00:00:00 +0000 UTC  } {PodScheduled True 0001-01-01 00:00:00 +0000 UTC 2018-09-17 07:15:31 +0000 UTC  }]&#xA;Sep 19 08:04:15.362: INFO: vulnerability-advisor-compliance-annotator-d5659b9d9-kmn8q       10.46.6.172  Running           [{Initialized True 0001-01-01 00:00:00 +0000 UTC 2018-09-17 07:19:03 +0000 UTC  } {Ready True 0001-01-01 00:00:00 +0000 UTC 2018-09-17 07:21:08 +0000 UTC  } {ContainersReady True 0001-01-01 00:00:00 +0000 UTC 0001-01-01 00:00:00 +0000 UTC  } {PodScheduled True 0001-01-01 00:00:00 +0000 UTC 2018-09-17 07:19:03 +0000 UTC  }]&#xA;Sep 19 08:04:15.362: INFO: vulnerability-advisor-compliance-indexer-7cbdc64b57-47lmd        10.46.6.172  Running           [{Initialized True 0001-01-01 00:00:00 +0000 UTC 2018-09-17 07:19:07 +0000 UTC  } {Ready True 0001-01-01 00:00:00 +0000 UTC 2018-09-17 07:19:33 +0000 UTC  } {ContainersReady True 0001-01-01 00:00:00 +0000 UTC 0001-01-01 00:00:00 +0000 UTC  } {PodScheduled True 0001-01-01 00:00:00 +0000 UTC 2018-09-17 07:19:06 +0000 UTC  }]&#xA;Sep 19 08:04:15.362: INFO: vulnerability-advisor-config-parser-5d44b78fd5-z4k9t             10.46.6.172  Running           [{Initialized True 0001-01-01 00:00:00 +0000 UTC 2018-09-17 07:19:04 +0000 UTC  } {Ready True 0001-01-01 00:00:00 +0000 UTC 2018-09-17 07:21:09 +0000 UTC  } {ContainersReady True 0001-01-01 00:00:00 +0000 UTC 0001-01-01 00:00:00 +0000 UTC  } {PodScheduled True 0001-01-01 00:00:00 +0000 UTC 2018-09-17 07:19:03 +0000 UTC  }]&#xA;Sep 19 08:04:15.362: INFO: vulnerability-advisor-cos-indexer-57899b7dd6-7cpf8               10.46.6.172  Running           [{Initialized True 0001-01-01 00:00:00 +0000 UTC 2018-09-17 07:19:04 +0000 UTC  } {Ready True 0001-01-01 00:00:00 +0000 UTC 2018-09-19 07:20:04 +0000 UTC  } {ContainersReady True 0001-01-01 00:00:00 +0000 UTC 0001-01-01 00:00:00 +0000 UTC  } {PodScheduled True 0001-01-01 00:00:00 +0000 UTC 2018-09-17 07:19:04 +0000 UTC  }]&#xA;Sep 19 08:04:15.362: INFO: vulnerability-advisor-kafka-0                                    10.46.6.172  Running           [{Initialized True 0001-01-01 00:00:00 +0000 UTC 2018-09-17 07:19:13 +0000 UTC  } {Ready True 0001-01-01 00:00:00 +0000 UTC 2018-09-17 07:20:53 +0000 UTC  } {ContainersReady True 0001-01-01 00:00:00 +0000 UTC 0001-01-01 00:00:00 +0000 UTC  } {PodScheduled True 0001-01-01 00:00:00 +0000 UTC 2018-09-17 07:19:13 +0000 UTC  }]&#xA;Sep 19 08:04:15.362: INFO: vulnerability-advisor-live-crawler-84st2                         10.46.6.172  Running           [{Initialized True 0001-01-01 00:00:00 +0000 UTC 2018-09-17 07:19:03 +0000 UTC  } {Ready True 0001-01-01 00:00:00 +0000 UTC 2018-09-17 07:19:26 +0000 UTC  } {ContainersReady True 0001-01-01 00:00:00 +0000 UTC 0001-01-01 00:00:00 +0000 UTC  } {PodScheduled True 0001-01-01 00:00:00 +0000 UTC 2018-09-17 07:19:03 +0000 UTC  }]&#xA;Sep 19 08:04:15.362: INFO: vulnerability-advisor-live-crawler-ccxd7                         10.46.6.170  Running           [{Initialized True 0001-01-01 00:00:00 +0000 UTC 2018-09-17 07:19:03 +0000 UTC  } {Ready True 0001-01-01 00:00:00 +0000 UTC 2018-09-17 07:19:14 +0000 UTC  } {ContainersReady True 0001-01-01 00:00:00 +0000 UTC 0001-01-01 00:00:00 +0000 UTC  } {PodScheduled True 0001-01-01 00:00:00 +0000 UTC 2018-09-17 07:19:03 +0000 UTC  }]&#xA;Sep 19 08:04:15.362: INFO: vulnerability-advisor-live-crawler-p6khc                         10.46.6.173  Running           [{Initialized True 0001-01-01 00:00:00 +0000 UTC 2018-09-17 07:19:02 +0000 UTC  } {Ready True 0001-01-01 00:00:00 +0000 UTC 2018-09-17 07:19:22 +0000 UTC  } {ContainersReady True 0001-01-01 00:00:00 +0000 UTC 0001-01-01 00:00:00 +0000 UTC  } {PodScheduled True 0001-01-01 00:00:00 +0000 UTC 2018-09-17 07:19:02 +0000 UTC  }]&#xA;Sep 19 08:04:15.362: INFO: vulnerability-advisor-live-crawler-xxz8p                         10.46.6.171  Running           [{Initialized True 0001-01-01 00:00:00 +0000 UTC 2018-09-17 07:19:03 +0000 UTC  } {Ready True 0001-01-01 00:00:00 +0000 UTC 2018-09-17 07:19:18 +0000 UTC  } {ContainersReady True 0001-01-01 00:00:00 +0000 UTC 0001-01-01 00:00:00 +0000 UTC  } {PodScheduled True 0001-01-01 00:00:00 +0000 UTC 2018-09-17 07:19:03 +0000 UTC  }]&#xA;Sep 19 08:04:15.362: INFO: vulnerability-advisor-ma-file-annotator-6b95df8886-jtczz         10.46.6.172  Running           [{Initialized True 0001-01-01 00:00:00 +0000 UTC 2018-09-17 07:19:04 +0000 UTC  } {Ready True 0001-01-01 00:00:00 +0000 UTC 2018-09-17 07:23:32 +0000 UTC  } {ContainersReady True 0001-01-01 00:00:00 +0000 UTC 0001-01-01 00:00:00 +0000 UTC  } {PodScheduled True 0001-01-01 00:00:00 +0000 UTC 2018-09-17 07:19:04 +0000 UTC  }]&#xA;Sep 19 08:04:15.362: INFO: vulnerability-advisor-minio-0                                    10.46.6.172  Running           [{Initialized True 0001-01-01 00:00:00 +0000 UTC 2018-09-17 07:21:51 +0000 UTC  } {Ready True 0001-01-01 00:00:00 +0000 UTC 2018-09-17 07:21:54 +0000 UTC  } {ContainersReady True 0001-01-01 00:00:00 +0000 UTC 0001-01-01 00:00:00 +0000 UTC  } {PodScheduled True 0001-01-01 00:00:00 +0000 UTC 2018-09-17 07:19:15 +0000 UTC  }]&#xA;Sep 19 08:04:15.362: INFO: vulnerability-advisor-minio-cleaner-1537228740-55f4w             10.46.6.172  Succeeded         [{Initialized True 0001-01-01 00:00:00 +0000 UTC 2018-09-17 23:59:03 +0000 UTC PodCompleted } {Ready False 0001-01-01 00:00:00 +0000 UTC 2018-09-17 23:59:42 +0000 UTC PodCompleted } {ContainersReady False 0001-01-01 00:00:00 +0000 UTC 0001-01-01 00:00:00 +0000 UTC PodCompleted } {PodScheduled True 0001-01-01 00:00:00 +0000 UTC 2018-09-17 23:59:03 +0000 UTC  }]&#xA;Sep 19 08:04:15.362: INFO: vulnerability-advisor-minio-cleaner-1537315140-nqk7v             10.46.6.172  Succeeded         [{Initialized True 0001-01-01 00:00:00 +0000 UTC 2018-09-18 23:59:04 +0000 UTC PodCompleted } {Ready False 0001-01-01 00:00:00 +0000 UTC 2018-09-19 00:00:52 +0000 UTC PodCompleted } {ContainersReady False 0001-01-01 00:00:00 +0000 UTC 0001-01-01 00:00:00 +0000 UTC PodCompleted } {PodScheduled True 0001-01-01 00:00:00 +0000 UTC 2018-09-18 23:59:04 +0000 UTC  }]&#xA;Sep 19 08:04:15.362: INFO: vulnerability-advisor-notification-dispatcher-86f8bf4b4d-cfdzb   10.46.6.172  Running           [{Initialized True 0001-01-01 00:00:00 +0000 UTC 2018-09-17 07:19:04 +0000 UTC  } {Ready True 0001-01-01 00:00:00 +0000 UTC 2018-09-17 07:20:31 +0000 UTC  } {ContainersReady True 0001-01-01 00:00:00 +0000 UTC 0001-01-01 00:00:00 +0000 UTC  } {PodScheduled True 0001-01-01 00:00:00 +0000 UTC 2018-09-17 07:19:04 +0000 UTC  }]&#xA;Sep 19 08:04:15.362: INFO: vulnerability-advisor-password-annotator-79b5d794b5-wnwqn        10.46.6.172  Running           [{Initialized True 0001-01-01 00:00:00 +0000 UTC 2018-09-17 07:19:05 +0000 UTC  } {Ready True 0001-01-01 00:00:00 +0000 UTC 2018-09-17 07:20:29 +0000 UTC  } {ContainersReady True 0001-01-01 00:00:00 +0000 UTC 0001-01-01 00:00:00 +0000 UTC  } {PodScheduled True 0001-01-01 00:00:00 +0000 UTC 2018-09-17 07:19:04 +0000 UTC  }]&#xA;Sep 19 08:04:15.362: INFO: vulnerability-advisor-process-ma-annotator-58f47d5b5f-4wglg      10.46.6.172  Running           [{Initialized True 0001-01-01 00:00:00 +0000 UTC 2018-09-17 07:19:06 +0000 UTC  } {Ready True 0001-01-01 00:00:00 +0000 UTC 2018-09-17 07:20:56 +0000 UTC  } {ContainersReady True 0001-01-01 00:00:00 +0000 UTC 0001-01-01 00:00:00 +0000 UTC  } {PodScheduled True 0001-01-01 00:00:00 +0000 UTC 2018-09-17 07:19:05 +0000 UTC  }]&#xA;Sep 19 08:04:15.362: INFO: vulnerability-advisor-process-ma-annotator-58f47d5b5f-xbxrc      10.46.6.172  Running           [{Initialized True 0001-01-01 00:00:00 +0000 UTC 2018-09-17 07:19:06 +0000 UTC  } {Ready True 0001-01-01 00:00:00 +0000 UTC 2018-09-17 07:21:50 +0000 UTC  } {ContainersReady True 0001-01-01 00:00:00 +0000 UTC 0001-01-01 00:00:00 +0000 UTC  } {PodScheduled True 0001-01-01 00:00:00 +0000 UTC 2018-09-17 07:19:05 +0000 UTC  }]&#xA;Sep 19 08:04:15.362: INFO: vulnerability-advisor-process-ma-annotator-init-869545d547nn27w  10.46.6.172  Running           [{Initialized True 0001-01-01 00:00:00 +0000 UTC 2018-09-17 07:19:06 +0000 UTC  } {Ready True 0001-01-01 00:00:00 +0000 UTC 2018-09-17 07:19:42 +0000 UTC  } {ContainersReady True 0001-01-01 00:00:00 +0000 UTC 0001-01-01 00:00:00 +0000 UTC  } {PodScheduled True 0001-01-01 00:00:00 +0000 UTC 2018-09-17 07:19:05 +0000 UTC  }]&#xA;Sep 19 08:04:15.362: INFO: vulnerability-advisor-process-ma-crawler-24z6k                   10.46.6.172  Running           [{Initialized True 0001-01-01 00:00:00 +0000 UTC 2018-09-17 07:19:03 +0000 UTC  } {Ready True 0001-01-01 00:00:00 +0000 UTC 2018-09-17 07:19:32 +0000 UTC  } {ContainersReady True 0001-01-01 00:00:00 +0000 UTC 0001-01-01 00:00:00 +0000 UTC  } {PodScheduled True 0001-01-01 00:00:00 +0000 UTC 2018-09-17 07:19:03 +0000 UTC  }]&#xA;Sep 19 08:04:15.362: INFO: vulnerability-advisor-process-ma-crawler-5g4zk                   10.46.6.170  Running           [{Initialized True 0001-01-01 00:00:00 +0000 UTC 2018-09-17 07:19:03 +0000 UTC  } {Ready True 0001-01-01 00:00:00 +0000 UTC 2018-09-17 07:19:16 +0000 UTC  } {ContainersReady True 0001-01-01 00:00:00 +0000 UTC 0001-01-01 00:00:00 +0000 UTC  } {PodScheduled True 0001-01-01 00:00:00 +0000 UTC 2018-09-17 07:19:03 +0000 UTC  }]&#xA;Sep 19 08:04:15.362: INFO: vulnerability-advisor-process-ma-crawler-96728                   10.46.6.173  Running           [{Initialized True 0001-01-01 00:00:00 +0000 UTC 2018-09-17 07:19:03 +0000 UTC  } {Ready True 0001-01-01 00:00:00 +0000 UTC 2018-09-17 07:19:23 +0000 UTC  } {ContainersReady True 0001-01-01 00:00:00 +0000 UTC 0001-01-01 00:00:00 +0000 UTC  } {PodScheduled True 0001-01-01 00:00:00 +0000 UTC 2018-09-17 07:19:03 +0000 UTC  }]&#xA;Sep 19 08:04:15.362: INFO: vulnerability-advisor-process-ma-crawler-b7k2d                   10.46.6.171  Running           [{Initialized True 0001-01-01 00:00:00 +0000 UTC 2018-09-17 07:19:03 +0000 UTC  } {Ready True 0001-01-01 00:00:00 +0000 UTC 2018-09-17 07:19:13 +0000 UTC  } {ContainersReady True 0001-01-01 00:00:00 +0000 UTC 0001-01-01 00:00:00 +0000 UTC  } {PodScheduled True 0001-01-01 00:00:00 +0000 UTC 2018-09-17 07:19:03 +0000 UTC  }]&#xA;Sep 19 08:04:15.362: INFO: vulnerability-advisor-registry-crawler-6f9568677b-bfpm6          10.46.6.172  Running           [{Initialized True 0001-01-01 00:00:00 +0000 UTC 2018-09-17 07:19:08 +0000 UTC  } {Ready True 0001-01-01 00:00:00 +0000 UTC 2018-09-17 07:19:48 +0000 UTC  } {ContainersReady True 0001-01-01 00:00:00 +0000 UTC 0001-01-01 00:00:00 +0000 UTC  } {PodScheduled True 0001-01-01 00:00:00 +0000 UTC 2018-09-17 07:19:07 +0000 UTC  }]&#xA;Sep 19 08:04:15.362: INFO: vulnerability-advisor-rootkit-annotator-74cb65b5cf-2dk5j         10.46.6.172  Running           [{Initialized True 0001-01-01 00:00:00 +0000 UTC 2018-09-17 07:19:08 +0000 UTC  } {Ready True 0001-01-01 00:00:00 +0000 UTC 2018-09-17 07:20:26 +0000 UTC  } {ContainersReady True 0001-01-01 00:00:00 +0000 UTC 0001-01-01 00:00:00 +0000 UTC  } {PodScheduled True 0001-01-01 00:00:00 +0000 UTC 2018-09-17 07:19:07 +0000 UTC  }]&#xA;Sep 19 08:04:15.362: INFO: vulnerability-advisor-rootkit-indexer-cd8b4646b-xlhwq            10.46.6.172  Running           [{Initialized True 0001-01-01 00:00:00 +0000 UTC 2018-09-17 07:19:07 +0000 UTC  } {Ready True 0001-01-01 00:00:00 +0000 UTC 2018-09-17 07:19:26 +0000 UTC  } {ContainersReady True 0001-01-01 00:00:00 +0000 UTC 0001-01-01 00:00:00 +0000 UTC  } {PodScheduled True 0001-01-01 00:00:00 +0000 UTC 2018-09-17 07:19:06 +0000 UTC  }]&#xA;Sep 19 08:04:15.362: INFO: vulnerability-advisor-sas-apiserver-5fd8d44bc9-7bvkn             10.46.6.172  Running           [{Initialized True 0001-01-01 00:00:00 +0000 UTC 2018-09-17 07:19:09 +0000 UTC  } {Ready True 0001-01-01 00:00:00 +0000 UTC 2018-09-17 07:20:03 +0000 UTC  } {ContainersReady True 0001-01-01 00:00:00 +0000 UTC 0001-01-01 00:00:00 +0000 UTC  } {PodScheduled True 0001-01-01 00:00:00 +0000 UTC 2018-09-17 07:19:08 +0000 UTC  }]&#xA;Sep 19 08:04:15.362: INFO: vulnerability-advisor-sas-mgmt-64fb95bc44-j9vjc                  10.46.6.172  Running           [{Initialized True 0001-01-01 00:00:00 +0000 UTC 2018-09-17 07:19:08 +0000 UTC  } {Ready True 0001-01-01 00:00:00 +0000 UTC 2018-09-17 07:19:39 +0000 UTC  } {ContainersReady True 0001-01-01 00:00:00 +0000 UTC 0001-01-01 00:00:00 +0000 UTC  } {PodScheduled True 0001-01-01 00:00:00 +0000 UTC 2018-09-17 07:19:08 +0000 UTC  }]&#xA;Sep 19 08:04:15.362: INFO: vulnerability-advisor-secconfig-annotator-7dbcf5d9f4-fkmkb       10.46.6.172  Running           [{Initialized True 0001-01-01 00:00:00 +0000 UTC 2018-09-17 07:19:10 +0000 UTC  } {Ready True 0001-01-01 00:00:00 +0000 UTC 2018-09-17 07:19:45 +0000 UTC  } {ContainersReady True 0001-01-01 00:00:00 +0000 UTC 0001-01-01 00:00:00 +0000 UTC  } {PodScheduled True 0001-01-01 00:00:00 +0000 UTC 2018-09-17 07:19:08 +0000 UTC  }]&#xA;Sep 19 08:04:15.362: INFO: vulnerability-advisor-secconfig-indexer-674647df7c-qq5ff         10.46.6.172  Running           [{Initialized True 0001-01-01 00:00:00 +0000 UTC 2018-09-17 07:19:07 +0000 UTC  } {Ready True 0001-01-01 00:00:00 +0000 UTC 2018-09-17 07:19:33 +0000 UTC  } {ContainersReady True 0001-01-01 00:00:00 +0000 UTC 0001-01-01 00:00:00 +0000 UTC  } {PodScheduled True 0001-01-01 00:00:00 +0000 UTC 2018-09-17 07:19:06 +0000 UTC  }]&#xA;Sep 19 08:04:15.362: INFO: vulnerability-advisor-statsd-7746859df4-jjm6f                    10.46.6.172  Running           [{Initialized True 0001-01-01 00:00:00 +0000 UTC 2018-09-17 07:19:10 +0000 UTC  } {Ready True 0001-01-01 00:00:00 +0000 UTC 2018-09-17 07:19:38 +0000 UTC  } {ContainersReady True 0001-01-01 00:00:00 +0000 UTC 0001-01-01 00:00:00 +0000 UTC  } {PodScheduled True 0001-01-01 00:00:00 +0000 UTC 2018-09-17 07:19:09 +0000 UTC  }]&#xA;Sep 19 08:04:15.362: INFO: vulnerability-advisor-usncrawler-8h976                           10.46.6.172  Succeeded         [{Initialized True 0001-01-01 00:00:00 +0000 UTC 2018-09-17 07:19:11 +0000 UTC PodCompleted } {Ready False 0001-01-01 00:00:00 +0000 UTC 2018-09-17 07:24:06 +0000 UTC PodCompleted } {ContainersReady False 0001-01-01 00:00:00 +0000 UTC 0001-01-01 00:00:00 +0000 UTC PodCompleted } {PodScheduled True 0001-01-01 00:00:00 +0000 UTC 2018-09-17 07:19:11 +0000 UTC  }]&#xA;Sep 19 08:04:15.362: INFO: vulnerability-advisor-vulnerability-annotator-bcbf5595f-hxwst    10.46.6.172  Running           [{Initialized True 0001-01-01 00:00:00 +0000 UTC 2018-09-17 07:19:10 +0000 UTC  } {Ready True 0001-01-01 00:00:00 +0000 UTC 2018-09-17 07:20:29 +0000 UTC  } {ContainersReady True 0001-01-01 00:00:00 +0000 UTC 0001-01-01 00:00:00 +0000 UTC  } {PodScheduled True 0001-01-01 00:00:00 +0000 UTC 2018-09-17 07:19:09 +0000 UTC  }]&#xA;Sep 19 08:04:15.362: INFO: vulnerability-advisor-vulnerability-indexer-7c79b4c964-2n8cg     10.46.6.172  Running           [{Initialized True 0001-01-01 00:00:00 +0000 UTC 2018-09-17 07:19:07 +0000 UTC  } {Ready True 0001-01-01 00:00:00 +0000 UTC 2018-09-17 07:19:37 +0000 UTC  } {ContainersReady True 0001-01-01 00:00:00 +0000 UTC 0001-01-01 00:00:00 +0000 UTC  } {PodScheduled True 0001-01-01 00:00:00 +0000 UTC 2018-09-17 07:19:06 +0000 UTC  }]&#xA;Sep 19 08:04:15.362: INFO: vulnerability-advisor-zookeeper-0                                10.46.6.172  Running           [{Initialized True 0001-01-01 00:00:00 +0000 UTC 2018-09-17 07:19:15 +0000 UTC  } {Ready True 0001-01-01 00:00:00 +0000 UTC 2018-09-17 07:20:10 +0000 UTC  } {ContainersReady True 0001-01-01 00:00:00 +0000 UTC 0001-01-01 00:00:00 +0000 UTC  } {PodScheduled True 0001-01-01 00:00:00 +0000 UTC 2018-09-17 07:19:14 +0000 UTC  }]&#xA;Sep 19 08:04:15.363: INFO: &#xA;Sep 19 08:04:15.369: INFO: &#xA;Logging node info for node 10.46.6.170&#xA;Sep 19 08:04:15.373: INFO: Node Info: &amp;Node{ObjectMeta:k8s_io_apimachinery_pkg_apis_meta_v1.ObjectMeta{Name:10.46.6.170,GenerateName:,Namespace:,SelfLink:/api/v1/nodes/10.46.6.170,UID:0c4508eb-ba48-11e8-b20e-fa163e707b2e,ResourceVersion:463544,Generation:0,CreationTimestamp:2018-09-17 07:05:24 +0000 UTC,DeletionTimestamp:&lt;nil&gt;,DeletionGracePeriodSeconds:nil,Labels:map[string]string{beta.kubernetes.io/arch: amd64,beta.kubernetes.io/os: linux,kubernetes.io/hostname: 10.46.6.170,node-role.kubernetes.io/worker: true,},Annotations:map[string]string{node.alpha.kubernetes.io/ttl: 0,volumes.kubernetes.io/controller-managed-attach-detach: true,},OwnerReferences:[],Finalizers:[],ClusterName:,Initializers:nil,},Spec:NodeSpec{PodCIDR:,DoNotUse_ExternalID:,ProviderID:,Unschedulable:false,Taints:[],ConfigSource:nil,},Status:NodeStatus{Capacity:ResourceList{cpu: {{8 0} {&lt;nil&gt;} 8 DecimalSI},ephemeral-storage: {{107362627584 0} {&lt;nil&gt;} 104846316Ki BinarySI},hugepages-1Gi: {{0 0} {&lt;nil&gt;} 0 DecimalSI},hugepages-2Mi: {{0 0} {&lt;nil&gt;} 0 DecimalSI},memory: {{16825630720 0} {&lt;nil&gt;}  BinarySI},pods: {{80 0} {&lt;nil&gt;} 80 DecimalSI},},Allocatable:ResourceList{cpu: {{8 0} {&lt;nil&gt;} 8 DecimalSI},ephemeral-storage: {{96626364666 0} {&lt;nil&gt;} 96626364666 DecimalSI},hugepages-1Gi: {{0 0} {&lt;nil&gt;} 0 DecimalSI},hugepages-2Mi: {{0 0} {&lt;nil&gt;} 0 DecimalSI},memory: {{16720773120 0} {&lt;nil&gt;}  BinarySI},pods: {{80 0} {&lt;nil&gt;} 80 DecimalSI},},Phase:,Conditions:[{OutOfDisk False 2018-09-19 08:04:13 +0000 UTC 2018-09-17 07:05:24 +0000 UTC KubeletHasSufficientDisk kubelet has sufficient disk space available} {MemoryPressure False 2018-09-19 08:04:13 +0000 UTC 2018-09-17 07:05:24 +0000 UTC KubeletHasSufficientMemory kubelet has sufficient memory available} {DiskPressure False 2018-09-19 08:04:13 +0000 UTC 2018-09-17 07:05:24 +0000 UTC KubeletHasNoDiskPressure kubelet has no disk pressure} {PIDPressure False 2018-09-19 08:04:13 +0000 UTC 2018-09-17 07:05:24 +0000 UTC KubeletHasSufficientPID kubelet has sufficient PID available} {Ready True 2018-09-19 08:04:13 +0000 UTC 2018-09-17 07:06:04 +0000 UTC KubeletReady kubelet is posting ready status}],Addresses:[{InternalIP 10.46.6.170} {Hostname 10.46.6.170}],DaemonEndpoints:NodeDaemonEndpoints{KubeletEndpoint:DaemonEndpoint{Port:10250,},},NodeInfo:NodeSystemInfo{MachineID:52ca0d2c3fb341c79b059a96d10571a6,SystemUUID:B2A91A2D-0576-4E7B-AEBA-AE95FFDDF786,BootID:ae0d54c3-4892-49fd-b5c7-ca2077060a4b,KernelVersion:3.10.0-862.9.1.el7.x86_64,OSImage:Red Hat Enterprise Linux,ContainerRuntimeVersion:docker://18.3.1,KubeletVersion:v1.11.1+icp-ee,KubeProxyVersion:v1.11.1+icp-ee,OperatingSystem:linux,Architecture:amd64,},Images:[{[lzj.icp:8500/ibmcom/live-crawler@sha256:1a648615e7b439f093697f65350262823e6c711c4b21ea81596ced1c28a48133 lzj.icp:8500/ibmcom/live-crawler:1.3.1] 987515538} {[lzj.icp:8500/ibmcom/hyperkube@sha256:9fbddbf2d04354912c8a981395493d250474cb9fa587fa91119e69467078b180 lzj.icp:8500/ibmcom/hyperkube:v1.11.1-ee] 782626408} {[gcr.io/heptio-images/kube-conformance@sha256:5482c7f5f7b874c5c6caec6ddef5406f19a52a2c3a36897cadf0a8f78ab57982 gcr.io/heptio-images/kube-conformance:latest] 532182058} {[open-liberty@sha256:e962af00796d50687a4ac71d5e8ab046696c314b4a84617b0d216b671519df31 open-liberty:latest] 500884023} {[lzj.icp:8500/ibmcom/icp-filebeat@sha256:72669dde64d7ab85bbb9e93428efe548b2693a4eae5168a4705f6e30cd20e584 lzj.icp:8500/ibmcom/icp-filebeat:5.5.1] 317104874} {[lzj.icp:8500/ibmcom/fluentd@sha256:f85a5ffd86438f1a73d04caf6e33ef3474675d9fa0947431f4d0a9602fc981af lzj.icp:8500/ibmcom/fluentd:v1.2.2-icp] 270902701} {[lzj.icp:8500/ibmcom/calico-node@sha256:85a23d8030137d49663d3d82844a61998331606de9fc523dfdd0a75be7fb9828 lzj.icp:8500/ibmcom/calico-node:v3.1.3] 248202699} {[gcr.io/kubernetes-e2e-test-images/jessie-dnsutils-amd64@sha256:9e842e2f77073ec30e2349f9082ec35357a3bf61e12488adc677144295e68c38 gcr.io/kubernetes-e2e-test-images/jessie-dnsutils-amd64:1.0] 195659796} {[lzj.icp:8500/ibmcom/nvidia-device-plugin@sha256:2d57caa41994d1e0b3d952526a651f8da487e068874d1075f915fa48ad969ba6 lzj.icp:8500/ibmcom/nvidia-device-plugin:1.0] 132413452} {[lzj.icp:8500/ibmcom/metering-data-manager@sha256:97803f4458c6f6ca62076cf6958cb8ab98cf9ffed7cd4977550eeaa6db8ead70 lzj.icp:8500/ibmcom/metering-data-manager:3.1.0] 121942877} {[lzj.icp:8500/ibmcom/icp-management-ingress@sha256:259a9d288f5ee4f169c618b6d870b5ae38b954a3bf69f3f392523b1aaa9f4001 lzj.icp:8500/ibmcom/icp-management-ingress:2.2.1] 80410712} {[lzj.icp:8500/ibmcom/calico-cni@sha256:b56c2d3e62bd02f15dd5ec335c25ac81bb39d214e904525227640790686855d7 lzj.icp:8500/ibmcom/calico-cni:v3.1.3] 68849270} {[gcr.io/heptio-images/sonobuoy@sha256:165df6f635ddd0088ed6686e07ffb47f8dd17fdba153f61dbec9aa80c0d2e0b8 gcr.io/heptio-images/sonobuoy:latest gcr.io/heptio-images/sonobuoy:v0.11.6] 33401240} {[gcr.io/kubernetes-e2e-test-images/nettest-amd64@sha256:f2d3eba3ae2043c51389935be4bf41b2b0e60fd7220b9ba9cbc51eceaa74b2b4 gcr.io/kubernetes-e2e-test-images/nettest-amd64:1.0] 27413498} {[lzj.icp:8500/ibmcom/node-exporter@sha256:b24db452b1a0bf46abba095162d0fbc89ea40eeabbfe43ae01dab54107ecff0e lzj.icp:8500/ibmcom/node-exporter:v0.16.0] 22915749} {[gcr.io/kubernetes-e2e-test-images/dnsutils-amd64@sha256:f8eca5c0c2e18b7ee6df876e5587c5885d13c59cb453d93bf51628daf656e4b5 gcr.io/kubernetes-e2e-test-images/dnsutils-amd64:1.0] 9030162} {[gcr.io/kubernetes-e2e-test-images/hostexec-amd64@sha256:e1dadb772c6132e3587fc41b8c07facd81ee7c4e74508891b5d98d45b85462e9 gcr.io/kubernetes-e2e-test-images/hostexec-amd64:1.1] 8490662} {[gcr.io/kubernetes-e2e-test-images/netexec-amd64@sha256:da1c165175d5589ed70384e406a0291b6f76d53fc99e2c31ae23003e11e5bfde gcr.io/kubernetes-e2e-test-images/netexec-amd64:1.0] 6713741} {[gcr.io/kubernetes-e2e-test-images/serve-hostname-amd64@sha256:2dd4032e98a0450d95a0ac71a5e465f542a900812d8c41bc6ca635aed1a5fc91 gcr.io/kubernetes-e2e-test-images/serve-hostname-amd64:1.0] 5470001} {[gcr.io/kubernetes-e2e-test-images/test-webserver-amd64@sha256:8da73e44d6870f86e0e6a87b2e07829470465afbb6febeb900296d99510789ce gcr.io/kubernetes-e2e-test-images/test-webserver-amd64:1.0] 4732240} {[gcr.io/kubernetes-e2e-test-images/porter-amd64@sha256:824f041b2757f8da2980092ace0991b4b8c6689e76c3b94f677521f7157bc7b8 gcr.io/kubernetes-e2e-test-images/porter-amd64:1.0] 4681408} {[gcr.io/kubernetes-e2e-test-images/liveness-amd64@sha256:0a64aa5318ade9f4ed6cd625d8dffdb4ac6a411da30694c53809e99a65de9eff gcr.io/kubernetes-e2e-test-images/liveness-amd64:1.0] 4608721} {[gcr.io/kubernetes-e2e-test-images/entrypoint-tester-amd64@sha256:ef1e5bf4aa80f899f51d173dfcc3106e8daf4c78c28be135b1d421c97f4c9354 gcr.io/kubernetes-e2e-test-images/entrypoint-tester-amd64:1.0] 2729534} {[gcr.io/kubernetes-e2e-test-images/mounttest-amd64@sha256:e3e75014e6df02dc21e6fb95f93b989a2ff8a91f36ae88d74eccbabaa21fc211 gcr.io/kubernetes-e2e-test-images/mounttest-amd64:1.0] 1563521} {[gcr.io/kubernetes-e2e-test-images/mounttest-user-amd64@sha256:1ac490f1442cad4b1c886527470393c71302cc62f5e3304fb08854403cbc68dc gcr.io/kubernetes-e2e-test-images/mounttest-user-amd64:1.0] 1450451} {[busybox@sha256:cb63aa0641a885f54de20f61d152187419e8f6b159ed11a251a09d115fdff9bd busybox:latest] 1162769} {[lzj.icp:8500/ibmcom/pause@sha256:8a18035491d4fbbe481be5eac11819315ec94677ab465608d052d87b3cdcff7f lzj.icp:8500/ibmcom/pause:3.1] 742472}],VolumesInUse:[],VolumesAttached:[],Config:&amp;NodeConfigStatus{Assigned:nil,Active:nil,LastKnownGood:nil,Error:,},},}&#xA;Sep 19 08:04:15.374: INFO: &#xA;Logging kubelet events for node 10.46.6.170&#xA;Sep 19 08:04:15.378: INFO: &#xA;Logging pods the kubelet thinks is on node 10.46.6.170&#xA;Sep 19 08:04:15.391: INFO: my-ibm-open-liberty-ibm-7f7d9778d7-7t5jc started at 2018-09-17 08:22:24 +0000 UTC (0+1 container statuses recorded)&#xA;Sep 19 08:04:15.391: INFO: &#x9;Container ibm-open-liberty ready: true, restart count 0&#xA;Sep 19 08:04:15.391: INFO: monitoring-prometheus-nodeexporter-tpbc8 started at 2018-09-17 07:15:44 +0000 UTC (0+2 container statuses recorded)&#xA;Sep 19 08:04:15.391: INFO: &#x9;Container nodeexporter ready: true, restart count 0&#xA;Sep 19 08:04:15.391: INFO: &#x9;Container router ready: true, restart count 0&#xA;Sep 19 08:04:15.391: INFO: audit-logging-fluentd-ds-4cgnk started at 2018-09-17 07:18:46 +0000 UTC (0+1 container statuses recorded)&#xA;Sep 19 08:04:15.391: INFO: &#x9;Container fluentd ready: true, restart count 0&#xA;Sep 19 08:04:15.391: INFO: vulnerability-advisor-process-ma-crawler-5g4zk started at 2018-09-17 07:19:03 +0000 UTC (0+1 container statuses recorded)&#xA;Sep 19 08:04:15.391: INFO: &#x9;Container process-ma-crawler ready: true, restart count 0&#xA;Sep 19 08:04:15.391: INFO: k8s-proxy-10.46.6.170 started at &lt;nil&gt; (0+0 container statuses recorded)&#xA;Sep 19 08:04:15.391: INFO: calico-node-htf97 started at 2018-09-17 07:05:53 +0000 UTC (0+2 container statuses recorded)&#xA;Sep 19 08:04:15.391: INFO: &#x9;Container calico-node ready: true, restart count 0&#xA;Sep 19 08:04:15.391: INFO: &#x9;Container install-cni ready: true, restart count 0&#xA;Sep 19 08:04:15.391: INFO: logging-elk-filebeat-ds-jtd5q started at 2018-09-17 07:15:20 +0000 UTC (0+1 container statuses recorded)&#xA;Sep 19 08:04:15.391: INFO: &#x9;Container filebeat ready: true, restart count 0&#xA;Sep 19 08:04:15.391: INFO: sonobuoy started at 2018-09-19 07:22:02 +0000 UTC (0+1 container statuses recorded)&#xA;Sep 19 08:04:15.391: INFO: &#x9;Container kube-sonobuoy ready: true, restart count 0&#xA;Sep 19 08:04:15.391: INFO: sonobuoy-e2e-job-c3f9b53ea97c48a2 started at 2018-09-19 07:22:08 +0000 UTC (0+2 container statuses recorded)&#xA;Sep 19 08:04:15.391: INFO: &#x9;Container e2e ready: true, restart count 0&#xA;Sep 19 08:04:15.391: INFO: &#x9;Container sonobuoy-worker ready: true, restart count 0&#xA;Sep 19 08:04:15.391: INFO: nvidia-device-plugin-9h2k4 started at 2018-09-17 07:07:17 +0000 UTC (1+1 container statuses recorded)&#xA;Sep 19 08:04:15.391: INFO: &#x9;Init container nvidia-driver-collector ready: true, restart count 0&#xA;Sep 19 08:04:15.391: INFO: &#x9;Container nvidia-device-plugin ready: true, restart count 0&#xA;Sep 19 08:04:15.391: INFO: metering-reader-44wd7 started at 2018-09-17 07:14:11 +0000 UTC (1+1 container statuses recorded)&#xA;Sep 19 08:04:15.391: INFO: &#x9;Init container metering-reader-init ready: true, restart count 1&#xA;Sep 19 08:04:15.391: INFO: &#x9;Container metering-reader ready: true, restart count 0&#xA;Sep 19 08:04:15.391: INFO: vulnerability-advisor-live-crawler-ccxd7 started at 2018-09-17 07:19:03 +0000 UTC (0+1 container statuses recorded)&#xA;Sep 19 08:04:15.391: INFO: &#x9;Container live-crawler ready: true, restart count 0&#xA;Sep 19 08:04:15.472: INFO: &#xA;Latency metrics for node 10.46.6.170&#xA;Sep 19 08:04:15.472: INFO: &#xA;Logging node info for node 10.46.6.171&#xA;Sep 19 08:04:15.476: INFO: Node Info: &amp;Node{ObjectMeta:k8s_io_apimachinery_pkg_apis_meta_v1.ObjectMeta{Name:10.46.6.171,GenerateName:,Namespace:,SelfLink:/api/v1/nodes/10.46.6.171,UID:0c79152a-ba48-11e8-b20e-fa163e707b2e,ResourceVersion:463520,Generation:0,CreationTimestamp:2018-09-17 07:05:24 +0000 UTC,DeletionTimestamp:&lt;nil&gt;,DeletionGracePeriodSeconds:nil,Labels:map[string]string{beta.kubernetes.io/arch: amd64,beta.kubernetes.io/os: linux,kubernetes.io/hostname: 10.46.6.171,management: true,node-role.kubernetes.io/management: true,},Annotations:map[string]string{node.alpha.kubernetes.io/ttl: 0,volumes.kubernetes.io/controller-managed-attach-detach: true,},OwnerReferences:[],Finalizers:[],ClusterName:,Initializers:nil,},Spec:NodeSpec{PodCIDR:,DoNotUse_ExternalID:,ProviderID:,Unschedulable:false,Taints:[{dedicated management NoSchedule &lt;nil&gt;}],ConfigSource:nil,},Status:NodeStatus{Capacity:ResourceList{cpu: {{8 0} {&lt;nil&gt;} 8 DecimalSI},ephemeral-storage: {{107362627584 0} {&lt;nil&gt;} 104846316Ki BinarySI},hugepages-1Gi: {{0 0} {&lt;nil&gt;} 0 DecimalSI},hugepages-2Mi: {{0 0} {&lt;nil&gt;} 0 DecimalSI},memory: {{16825630720 0} {&lt;nil&gt;}  BinarySI},pods: {{80 0} {&lt;nil&gt;} 80 DecimalSI},},Allocatable:ResourceList{cpu: {{8 0} {&lt;nil&gt;} 8 DecimalSI},ephemeral-storage: {{107257769984 0} {&lt;nil&gt;} 104743916Ki BinarySI},hugepages-1Gi: {{0 0} {&lt;nil&gt;} 0 DecimalSI},hugepages-2Mi: {{0 0} {&lt;nil&gt;} 0 DecimalSI},memory: {{16720773120 0} {&lt;nil&gt;}  BinarySI},pods: {{80 0} {&lt;nil&gt;} 80 DecimalSI},},Phase:,Conditions:[{OutOfDisk False 2018-09-19 08:04:10 +0000 UTC 2018-09-17 07:05:24 +0000 UTC KubeletHasSufficientDisk kubelet has sufficient disk space available} {MemoryPressure False 2018-09-19 08:04:10 +0000 UTC 2018-09-17 07:05:24 +0000 UTC KubeletHasSufficientMemory kubelet has sufficient memory available} {DiskPressure False 2018-09-19 08:04:10 +0000 UTC 2018-09-17 07:05:24 +0000 UTC KubeletHasNoDiskPressure kubelet has no disk pressure} {PIDPressure False 2018-09-19 08:04:10 +0000 UTC 2018-09-17 07:05:24 +0000 UTC KubeletHasSufficientPID kubelet has sufficient PID available} {Ready True 2018-09-19 08:04:10 +0000 UTC 2018-09-17 07:06:05 +0000 UTC KubeletReady kubelet is posting ready status}],Addresses:[{InternalIP 10.46.6.171} {Hostname 10.46.6.171}],DaemonEndpoints:NodeDaemonEndpoints{KubeletEndpoint:DaemonEndpoint{Port:10250,},},NodeInfo:NodeSystemInfo{MachineID:52ca0d2c3fb341c79b059a96d10571a6,SystemUUID:00401CD1-AB88-4341-9CDC-C9648BFB2B56,BootID:706dbc67-f432-47c3-840e-f599801336c8,KernelVersion:3.10.0-862.9.1.el7.x86_64,OSImage:Red Hat Enterprise Linux,ContainerRuntimeVersion:docker://18.3.1,KubeletVersion:v1.11.1+icp-ee,KubeProxyVersion:v1.11.1+icp-ee,OperatingSystem:linux,Architecture:amd64,},Images:[{[lzj.icp:8500/ibmcom/live-crawler@sha256:1a648615e7b439f093697f65350262823e6c711c4b21ea81596ced1c28a48133 lzj.icp:8500/ibmcom/live-crawler:1.3.1] 987515538} {[lzj.icp:8500/ibmcom/hyperkube@sha256:9fbddbf2d04354912c8a981395493d250474cb9fa587fa91119e69467078b180 lzj.icp:8500/ibmcom/hyperkube:v1.11.1-ee] 782626408} {[lzj.icp:8500/ibmcom/icp-logstash@sha256:a182a00827aefe7f5f95b18fa1ec8f6897989290b37f3d98bd6440ddda796433 lzj.icp:8500/ibmcom/icp-logstash:5.5.1] 764906887} {[lzj.icp:8500/ibmcom/icp-kibana@sha256:6e2746da64a64f98c5761b87d5e185a9c2ac75c9c4e767ab284062b1847b7571 lzj.icp:8500/ibmcom/icp-kibana:5.5.1] 639622018} {[lzj.icp:8500/ibmcom/icp-elasticsearch@sha256:b410aacb6005fe24bfd87b045ea26fde3d6eb3ca52c3f0e4560cdc208944ba50 lzj.icp:8500/ibmcom/icp-elasticsearch:5.5.1] 520121248} {[lzj.icp:8500/ibmcom/logging-pki-init@sha256:21aa9cbd05a849b4891b15cf636f73545f6001f16c82f8eeed2e90b4f9312377 lzj.icp:8500/ibmcom/logging-pki-init:2.0.0] 501921135} {[lzj.icp:8500/ibmcom/searchguard-init@sha256:3d0d8a8404a9df5ad238bce1e0542cdda609cc445dfc3964952243d9fc103276 lzj.icp:8500/ibmcom/searchguard-init:2.0.0] 457030441} {[lzj.icp:8500/ibmcom/metering-ui@sha256:d6453f9afecc9b1fc778c195e20bbb39d4ef6262af2f7a9a5ce3cddc259fec99 lzj.icp:8500/ibmcom/metering-ui:3.1.0] 385577105} {[lzj.icp:8500/ibmcom/icp-filebeat@sha256:72669dde64d7ab85bbb9e93428efe548b2693a4eae5168a4705f6e30cd20e584 lzj.icp:8500/ibmcom/icp-filebeat:5.5.1] 317104874} {[lzj.icp:8500/ibmcom/fluentd@sha256:f85a5ffd86438f1a73d04caf6e33ef3474675d9fa0947431f4d0a9602fc981af lzj.icp:8500/ibmcom/fluentd:v1.2.2-icp] 270902701} {[lzj.icp:8500/ibmcom/elasticsearch-plugin-searchguard@sha256:f47116021e3eec7b2fed9f6ed8bd77fd890457e5a1546dda7f863c032d4395b1 lzj.icp:8500/ibmcom/elasticsearch-plugin-searchguard:2.0.0] 267864279} {[lzj.icp:8500/ibmcom/calico-node@sha256:85a23d8030137d49663d3d82844a61998331606de9fc523dfdd0a75be7fb9828 lzj.icp:8500/ibmcom/calico-node:v3.1.3] 248202699} {[lzj.icp:8500/ibmcom/grafana@sha256:5d2739d3ec5c7f6ea66d69caa918b764660b99a3d37cb1f4123f1a9623ce8e38 lzj.icp:8500/ibmcom/grafana:5.2.0] 245297582} {[lzj.icp:8500/ibmcom/indices-cleaner@sha256:31dac3be1246f17dddade06b517c073244ce56d85bc54135fdaf010dbb0bca10 lzj.icp:8500/ibmcom/indices-cleaner:1.0.0] 238131553} {[lzj.icp:8500/ibmcom/curl@sha256:adf92a267e351914d041a56d64ebe80331c45f8e20ab23b7ada67bea78da9996 lzj.icp:8500/ibmcom/curl:4.0.0] 221192597} {[lzj.icp:8500/ibmcom/nvidia-device-plugin@sha256:2d57caa41994d1e0b3d952526a651f8da487e068874d1075f915fa48ad969ba6 lzj.icp:8500/ibmcom/nvidia-device-plugin:1.0] 132413452} {[lzj.icp:8500/ibmcom/metering-data-manager@sha256:97803f4458c6f6ca62076cf6958cb8ab98cf9ffed7cd4977550eeaa6db8ead70 lzj.icp:8500/ibmcom/metering-data-manager:3.1.0] 121942877} {[lzj.icp:8500/ibmcom/prometheus@sha256:91cba3cbf7a61499969a8a5a27347830ed1740b2285de9ac31e231e7ce44deb7 lzj.icp:8500/ibmcom/prometheus:v2.3.1] 118818909} {[lzj.icp:8500/ibmcom/icp-management-ingress@sha256:259a9d288f5ee4f169c618b6d870b5ae38b954a3bf69f3f392523b1aaa9f4001 lzj.icp:8500/ibmcom/icp-management-ingress:2.2.1] 80410712} {[lzj.icp:8500/ibmcom/calico-cni@sha256:b56c2d3e62bd02f15dd5ec335c25ac81bb39d214e904525227640790686855d7 lzj.icp:8500/ibmcom/calico-cni:v3.1.3] 68849270} {[lzj.icp:8500/ibmcom/k8s-prometheus-adapter@sha256:cf7f0c35ff0a0ec9cf743ef87e4c951f74d3fd0b4b97925784cc857565b4d7ba lzj.icp:8500/ibmcom/k8s-prometheus-adapter:v0.2.1.1] 52134773} {[lzj.icp:8500/ibmcom/metrics-server@sha256:973b5dd33165e4856f22a9f48a9b7f5bd2f01399d6479c46212ea92336a9ca40 lzj.icp:8500/ibmcom/metrics-server:v0.2.1.1] 42541759} {[lzj.icp:8500/ibmcom/ibmcloud-image-enforcement@sha256:d29efeb868c054eead02eec72c86f690c4a8c81b95f99f22bbc873644b090e99 lzj.icp:8500/ibmcom/ibmcloud-image-enforcement:0.2.0] 40040099} {[lzj.icp:8500/ibmcom/alertmanager@sha256:f3e7d379040499e05c1377862cc8a74cd5ffed2a175bf62fc18dc07b98d6ab00 lzj.icp:8500/ibmcom/alertmanager:v0.15.0] 36095602} {[lzj.icp:8500/ibmcom/kube-state-metrics@sha256:6a574d2e4a7338abdd3d0b85dd2510cbf046cd09a70505b99513feee42d00559 lzj.icp:8500/ibmcom/kube-state-metrics:v1.3.0] 35646776} {[lzj.icp:8500/ibmcom/node-exporter@sha256:b24db452b1a0bf46abba095162d0fbc89ea40eeabbfe43ae01dab54107ecff0e lzj.icp:8500/ibmcom/node-exporter:v0.16.0] 22915749} {[lzj.icp:8500/ibmcom/configmap-reload@sha256:77a4ede137dd4980fe02c70ad189bf7b89dd1a9e134c0fe4475842fe8948f6a9 lzj.icp:8500/ibmcom/configmap-reload:v0.2.2] 22381476} {[lzj.icp:8500/ibmcom/collectd-exporter@sha256:0ef0cfb0a60f66046851bfafbfa1913814c7a4967e4e7561ce5111186338f6d9 lzj.icp:8500/ibmcom/collectd-exporter:v0.4.0] 13695364} {[lzj.icp:8500/ibmcom/elasticsearch-exporter@sha256:27806a00f45314a1c06af096236004020a98202edbbce81d993aadfaca0c66a0 lzj.icp:8500/ibmcom/elasticsearch-exporter:1.0.2] 9202086} {[lzj.icp:8500/ibmcom/icp-initcontainer@sha256:c1b9397380303cfc23505576a19859c7e26936f80a26bb4fae95ef68e7775de8 lzj.icp:8500/ibmcom/icp-initcontainer:1.0.0] 3965926} {[lzj.icp:8500/ibmcom/pause@sha256:8a18035491d4fbbe481be5eac11819315ec94677ab465608d052d87b3cdcff7f lzj.icp:8500/ibmcom/pause:3.1] 742472}],VolumesInUse:[],VolumesAttached:[],Config:&amp;NodeConfigStatus{Assigned:nil,Active:nil,LastKnownGood:nil,Error:,},},}&#xA;Sep 19 08:04:15.476: INFO: &#xA;Logging kubelet events for node 10.46.6.171&#xA;Sep 19 08:04:15.481: INFO: &#xA;Logging pods the kubelet thinks is on node 10.46.6.171&#xA;Sep 19 08:04:15.511: INFO: logging-elk-elasticsearch-tls-init-6hnl4 started at 2018-09-17 07:15:20 +0000 UTC (0+1 container statuses recorded)&#xA;Sep 19 08:04:15.511: INFO: &#x9;Container searchguard-init ready: false, restart count 0&#xA;Sep 19 08:04:15.511: INFO: logging-elk-filebeat-ds-bs86r started at 2018-09-17 07:15:20 +0000 UTC (0+1 container statuses recorded)&#xA;Sep 19 08:04:15.511: INFO: &#x9;Container filebeat ready: true, restart count 0&#xA;Sep 19 08:04:15.511: INFO: logging-elk-client-75d4d7994c-7g7fn started at 2018-09-17 07:15:21 +0000 UTC (2+3 container statuses recorded)&#xA;Sep 19 08:04:15.511: INFO: &#x9;Init container sysctl ready: true, restart count 0&#xA;Sep 19 08:04:15.511: INFO: &#x9;Init container plugin-bundle ready: true, restart count 0&#xA;Sep 19 08:04:15.511: INFO: &#x9;Container es-client ready: true, restart count 0&#xA;Sep 19 08:04:15.511: INFO: &#x9;Container indices-cleaner ready: true, restart count 0&#xA;Sep 19 08:04:15.511: INFO: &#x9;Container router ready: true, restart count 0&#xA;Sep 19 08:04:15.511: INFO: monitoring-prometheus-alertmanager-7d8749dbb8-xj68d started at 2018-09-17 07:15:46 +0000 UTC (0+3 container statuses recorded)&#xA;Sep 19 08:04:15.511: INFO: &#x9;Container alertmanager ready: true, restart count 0&#xA;Sep 19 08:04:15.511: INFO: &#x9;Container configmap-reload ready: true, restart count 0&#xA;Sep 19 08:04:15.511: INFO: &#x9;Container router ready: true, restart count 0&#xA;Sep 19 08:04:15.511: INFO: monitoring-prometheus-collectdexporter-77575678dc-v8n2l started at 2018-09-17 07:15:46 +0000 UTC (0+2 container statuses recorded)&#xA;Sep 19 08:04:15.511: INFO: &#x9;Container collectd-exporter ready: true, restart count 0&#xA;Sep 19 08:04:15.511: INFO: &#x9;Container router ready: true, restart count 0&#xA;Sep 19 08:04:15.511: INFO: vulnerability-advisor-live-crawler-xxz8p started at 2018-09-17 07:19:03 +0000 UTC (0+1 container statuses recorded)&#xA;Sep 19 08:04:15.511: INFO: &#x9;Container live-crawler ready: true, restart count 0&#xA;Sep 19 08:04:15.511: INFO: nvidia-device-plugin-vh85n started at 2018-09-17 07:07:17 +0000 UTC (1+1 container statuses recorded)&#xA;Sep 19 08:04:15.511: INFO: &#x9;Init container nvidia-driver-collector ready: true, restart count 0&#xA;Sep 19 08:04:15.511: INFO: &#x9;Container nvidia-device-plugin ready: true, restart count 0&#xA;Sep 19 08:04:15.511: INFO: custom-metrics-adapter-64f64964b4-f9gmc started at 2018-09-17 07:14:28 +0000 UTC (1+1 container statuses recorded)&#xA;Sep 19 08:04:15.511: INFO: &#x9;Init container init-adapter ready: true, restart count 0&#xA;Sep 19 08:04:15.511: INFO: &#x9;Container custom-metrics-adapter ready: true, restart count 0&#xA;Sep 19 08:04:15.511: INFO: logging-elk-logstash-7994656f46-r89mt started at 2018-09-17 07:15:22 +0000 UTC (0+1 container statuses recorded)&#xA;Sep 19 08:04:15.511: INFO: &#x9;Container logstash ready: true, restart count 0&#xA;Sep 19 08:04:15.511: INFO: monitoring-prometheus-elasticsearchexporter-655864cccb-c6tps started at 2018-09-17 07:15:46 +0000 UTC (0+2 container statuses recorded)&#xA;Sep 19 08:04:15.511: INFO: &#x9;Container elasticsearchexporter ready: true, restart count 0&#xA;Sep 19 08:04:15.511: INFO: &#x9;Container router ready: true, restart count 0&#xA;Sep 19 08:04:15.511: INFO: monitoring-prometheus-6677d7c77f-pnpt5 started at 2018-09-17 07:15:46 +0000 UTC (1+4 container statuses recorded)&#xA;Sep 19 08:04:15.511: INFO: &#x9;Init container init-container ready: true, restart count 0&#xA;Sep 19 08:04:15.511: INFO: &#x9;Container configmap-reload-alertrules ready: true, restart count 0&#xA;Sep 19 08:04:15.511: INFO: &#x9;Container configmap-reload-prometheus ready: true, restart count 0&#xA;Sep 19 08:04:15.511: INFO: &#x9;Container prometheus ready: true, restart count 0&#xA;Sep 19 08:04:15.511: INFO: &#x9;Container router ready: true, restart count 0&#xA;Sep 19 08:04:15.511: INFO: calico-node-gpm2c started at 2018-09-17 07:05:53 +0000 UTC (0+2 container statuses recorded)&#xA;Sep 19 08:04:15.511: INFO: &#x9;Container calico-node ready: true, restart count 0&#xA;Sep 19 08:04:15.511: INFO: &#x9;Container install-cni ready: true, restart count 0&#xA;Sep 19 08:04:15.511: INFO: metering-reader-xq8f2 started at 2018-09-17 07:14:11 +0000 UTC (1+1 container statuses recorded)&#xA;Sep 19 08:04:15.511: INFO: &#x9;Init container metering-reader-init ready: true, restart count 1&#xA;Sep 19 08:04:15.511: INFO: &#x9;Container metering-reader ready: true, restart count 0&#xA;Sep 19 08:04:15.511: INFO: logging-elk-master-6cdcf45f7d-gp28f started at 2018-09-17 07:15:21 +0000 UTC (2+1 container statuses recorded)&#xA;Sep 19 08:04:15.511: INFO: &#x9;Init container sysctl ready: true, restart count 0&#xA;Sep 19 08:04:15.511: INFO: &#x9;Init container plugin-bundle ready: true, restart count 0&#xA;Sep 19 08:04:15.511: INFO: &#x9;Container es-master ready: true, restart count 0&#xA;Sep 19 08:04:15.511: INFO: monitoring-grafana-548b947c8c-dh89z started at 2018-09-17 07:15:46 +0000 UTC (1+2 container statuses recorded)&#xA;Sep 19 08:04:15.511: INFO: &#x9;Init container init-container ready: true, restart count 0&#xA;Sep 19 08:04:15.511: INFO: &#x9;Container grafana ready: true, restart count 0&#xA;Sep 19 08:04:15.511: INFO: &#x9;Container router ready: true, restart count 0&#xA;Sep 19 08:04:15.511: INFO: vulnerability-advisor-process-ma-crawler-b7k2d started at 2018-09-17 07:19:03 +0000 UTC (0+1 container statuses recorded)&#xA;Sep 19 08:04:15.511: INFO: &#x9;Container process-ma-crawler ready: true, restart count 0&#xA;Sep 19 08:04:15.511: INFO: ibmcloud-image-enforcement-76ddccbf9f-kqmlb started at 2018-09-17 07:14:02 +0000 UTC (0+1 container statuses recorded)&#xA;Sep 19 08:04:15.511: INFO: &#x9;Container ibmcloud-image-enforcement ready: true, restart count 0&#xA;Sep 19 08:04:15.511: INFO: metering-ui-5bbfbb5d49-wkh8m started at 2018-09-17 07:14:12 +0000 UTC (1+1 container statuses recorded)&#xA;Sep 19 08:04:15.511: INFO: &#x9;Init container metering-ui-init ready: true, restart count 0&#xA;Sep 19 08:04:15.511: INFO: &#x9;Container metering-ui ready: true, restart count 0&#xA;Sep 19 08:04:15.511: INFO: metering-dm-8b475fc57-cmm6h started at 2018-09-17 07:14:12 +0000 UTC (1+1 container statuses recorded)&#xA;Sep 19 08:04:15.511: INFO: &#x9;Init container metering-dm-init ready: true, restart count 0&#xA;Sep 19 08:04:15.511: INFO: &#x9;Container metering-dm ready: true, restart count 0&#xA;Sep 19 08:04:15.511: INFO: logging-elk-data-0 started at 2018-09-17 07:15:21 +0000 UTC (3+1 container statuses recorded)&#xA;Sep 19 08:04:15.511: INFO: &#x9;Init container chmod ready: true, restart count 0&#xA;Sep 19 08:04:15.511: INFO: &#x9;Init container sysctl ready: true, restart count 0&#xA;Sep 19 08:04:15.511: INFO: &#x9;Init container plugin-bundle ready: true, restart count 0&#xA;Sep 19 08:04:15.511: INFO: &#x9;Container es-data ready: true, restart count 0&#xA;Sep 19 08:04:15.511: INFO: logging-elk-kibana-ff4db4866-s2295 started at 2018-09-17 07:15:21 +0000 UTC (0+2 container statuses recorded)&#xA;Sep 19 08:04:15.511: INFO: &#x9;Container kibana ready: true, restart count 0&#xA;Sep 19 08:04:15.511: INFO: &#x9;Container router ready: true, restart count 0&#xA;Sep 19 08:04:15.511: INFO: monitoring-prometheus-nodeexporter-9fnpb started at 2018-09-17 07:15:44 +0000 UTC (0+2 container statuses recorded)&#xA;Sep 19 08:04:15.512: INFO: &#x9;Container nodeexporter ready: true, restart count 0&#xA;Sep 19 08:04:15.512: INFO: &#x9;Container router ready: true, restart count 0&#xA;Sep 19 08:04:15.512: INFO: monitoring-prometheus-kubestatemetrics-54dcbb6cfb-76zmm started at 2018-09-17 07:15:45 +0000 UTC (0+2 container statuses recorded)&#xA;Sep 19 08:04:15.512: INFO: &#x9;Container kubestatemetrics ready: true, restart count 0&#xA;Sep 19 08:04:15.512: INFO: &#x9;Container router ready: true, restart count 0&#xA;Sep 19 08:04:15.512: INFO: audit-logging-fluentd-ds-bc22k started at 2018-09-17 07:18:46 +0000 UTC (0+1 container statuses recorded)&#xA;Sep 19 08:04:15.512: INFO: &#x9;Container fluentd ready: true, restart count 0&#xA;Sep 19 08:04:15.512: INFO: k8s-proxy-10.46.6.171 started at &lt;nil&gt; (0+0 container statuses recorded)&#xA;Sep 19 08:04:15.512: INFO: metrics-server-6d6695f9db-8t4xs started at 2018-09-17 07:08:51 +0000 UTC (0+1 container statuses recorded)&#xA;Sep 19 08:04:15.512: INFO: &#x9;Container metrics-server ready: true, restart count 0&#xA;Sep 19 08:04:15.591: INFO: &#xA;Latency metrics for node 10.46.6.171&#xA;Sep 19 08:04:15.591: INFO: &#xA;Logging node info for node 10.46.6.172&#xA;Sep 19 08:04:15.595: INFO: Node Info: &amp;Node{ObjectMeta:k8s_io_apimachinery_pkg_apis_meta_v1.ObjectMeta{Name:10.46.6.172,GenerateName:,Namespace:,SelfLink:/api/v1/nodes/10.46.6.172,UID:0c6032ef-ba48-11e8-b20e-fa163e707b2e,ResourceVersion:463550,Generation:0,CreationTimestamp:2018-09-17 07:05:24 +0000 UTC,DeletionTimestamp:&lt;nil&gt;,DeletionGracePeriodSeconds:nil,Labels:map[string]string{beta.kubernetes.io/arch: amd64,beta.kubernetes.io/os: linux,kubernetes.io/hostname: 10.46.6.172,node-role.kubernetes.io/va: true,va: true,},Annotations:map[string]string{node.alpha.kubernetes.io/ttl: 0,volumes.kubernetes.io/controller-managed-attach-detach: true,},OwnerReferences:[],Finalizers:[],ClusterName:,Initializers:nil,},Spec:NodeSpec{PodCIDR:,DoNotUse_ExternalID:,ProviderID:,Unschedulable:false,Taints:[{dedicated va NoSchedule &lt;nil&gt;}],ConfigSource:nil,},Status:NodeStatus{Capacity:ResourceList{cpu: {{8 0} {&lt;nil&gt;} 8 DecimalSI},ephemeral-storage: {{107362627584 0} {&lt;nil&gt;} 104846316Ki BinarySI},hugepages-1Gi: {{0 0} {&lt;nil&gt;} 0 DecimalSI},hugepages-2Mi: {{0 0} {&lt;nil&gt;} 0 DecimalSI},memory: {{16825622528 0} {&lt;nil&gt;}  BinarySI},pods: {{80 0} {&lt;nil&gt;} 80 DecimalSI},},Allocatable:ResourceList{cpu: {{8 0} {&lt;nil&gt;} 8 DecimalSI},ephemeral-storage: {{107257769984 0} {&lt;nil&gt;} 104743916Ki BinarySI},hugepages-1Gi: {{0 0} {&lt;nil&gt;} 0 DecimalSI},hugepages-2Mi: {{0 0} {&lt;nil&gt;} 0 DecimalSI},memory: {{16720764928 0} {&lt;nil&gt;}  BinarySI},pods: {{80 0} {&lt;nil&gt;} 80 DecimalSI},},Phase:,Conditions:[{OutOfDisk False 2018-09-19 08:04:14 +0000 UTC 2018-09-17 07:05:24 +0000 UTC KubeletHasSufficientDisk kubelet has sufficient disk space available} {MemoryPressure False 2018-09-19 08:04:14 +0000 UTC 2018-09-17 07:05:24 +0000 UTC KubeletHasSufficientMemory kubelet has sufficient memory available} {DiskPressure False 2018-09-19 08:04:14 +0000 UTC 2018-09-17 07:05:24 +0000 UTC KubeletHasNoDiskPressure kubelet has no disk pressure} {PIDPressure False 2018-09-19 08:04:14 +0000 UTC 2018-09-17 07:05:24 +0000 UTC KubeletHasSufficientPID kubelet has sufficient PID available} {Ready True 2018-09-19 08:04:14 +0000 UTC 2018-09-17 07:06:04 +0000 UTC KubeletReady kubelet is posting ready status}],Addresses:[{InternalIP 10.46.6.172} {Hostname 10.46.6.172}],DaemonEndpoints:NodeDaemonEndpoints{KubeletEndpoint:DaemonEndpoint{Port:10250,},},NodeInfo:NodeSystemInfo{MachineID:52ca0d2c3fb341c79b059a96d10571a6,SystemUUID:3D48E3C5-99D8-4CA3-9AB5-A8540613166F,BootID:d81d494e-264a-48ce-a4f2-76b16f6ece1f,KernelVersion:3.10.0-862.9.1.el7.x86_64,OSImage:Red Hat Enterprise Linux,ContainerRuntimeVersion:docker://18.3.1,KubeletVersion:v1.11.1+icp-ee,KubeProxyVersion:v1.11.1+icp-ee,OperatingSystem:linux,Architecture:amd64,},Images:[{[lzj.icp:8500/ibmcom/statsd-amd64@sha256:5ee11bc24bced45a77d9d630348680f319c09d9d3b2230b04518d1e2a5263ae2 lzj.icp:8500/ibmcom/statsd@sha256:af7a9d0c4f029d0247da41f67c7e87f3655175962b79a189a6a9ace0ff841049 lzj.icp:8500/ibmcom/statsd-amd64:0.7.2.1 lzj.icp:8500/ibmcom/statsd:0.7.2.1] 1234731808} {[lzj.icp:8500/ibmcom/kafka-amd64@sha256:0d6d348ccd7aa2854d60791331280e58db92029a522c8bfb3eb40c7c0913ca8f lzj.icp:8500/ibmcom/kafka@sha256:f0b4a833c3da439cadb783bb9cb578f96b1328557b8402a98f01c5c21497d93a lzj.icp:8500/ibmcom/kafka-amd64:0.10.0.2 lzj.icp:8500/ibmcom/kafka:0.10.0.2] 1114805679} {[lzj.icp:8500/ibmcom/iam-token-service-amd64@sha256:9211161e5b5b9d892a99b46fad4429333ceb7143b4039419df7ea0efa36381a9 lzj.icp:8500/ibmcom/iam-token-service@sha256:1b9308e68de93b43e9a85c0e005d80d423e88db7d88ee7114a80b2fade7a78ed lzj.icp:8500/ibmcom/iam-token-service-amd64:3.1.0 lzj.icp:8500/ibmcom/iam-token-service:3.1.0] 1051060152} {[lzj.icp:8500/ibmcom/icp-platform-auth-amd64@sha256:abc258009b8696a83214b7a9d9df63f6d83e19cfca2987c4836b0eadfa4c99c7 lzj.icp:8500/ibmcom/icp-platform-auth@sha256:c544b90a099b6c29ba4ee7f2ad4dded1277c948a0826b38ebe3250cdc7d1529c lzj.icp:8500/ibmcom/icp-platform-auth-amd64:3.1.0 lzj.icp:8500/ibmcom/icp-platform-auth:3.1.0] 1028283742} {[lzj.icp:8500/ibmcom/reg-crawler-amd64@sha256:9e5d4ebbac3dd6cbf9f892b5bd634f89fae3d4b2e6a23debd3ecd322e3eb817e lzj.icp:8500/ibmcom/reg-crawler@sha256:a9033d9cb2406d11c616fdfedc9bc56bc4ef970bd0a7b02899b3e5c1b353799b lzj.icp:8500/ibmcom/reg-crawler-amd64:1.3.1 lzj.icp:8500/ibmcom/reg-crawler:1.3.1] 1007817363} {[lzj.icp:8500/ibmcom/live-crawler-amd64@sha256:37a79ec87bd3c8b9af25cf1e25f4f14281ffb9f5ebeaf61c0b7c8a5799baf782 lzj.icp:8500/ibmcom/live-crawler@sha256:1a648615e7b439f093697f65350262823e6c711c4b21ea81596ced1c28a48133 lzj.icp:8500/ibmcom/live-crawler-amd64:1.3.1 lzj.icp:8500/ibmcom/live-crawler:1.3.1] 987515538} {[lzj.icp:8500/ibmcom/cos-indexer-amd64@sha256:adf28ff960ebdcbfcfa5e4522b81aa3565338f8d640dad611a1c3f0d3894393b lzj.icp:8500/ibmcom/cos-indexer@sha256:bb31dc8ef37e8482b2b9dedc0e54f46f7d3c678b22a3130eca9dde80fed65df1 lzj.icp:8500/ibmcom/cos-indexer-amd64:1.3.1 lzj.icp:8500/ibmcom/cos-indexer:1.3.1] 846578165} {[lzj.icp:8500/ibmcom/secure-config-annotator-amd64@sha256:26e845c6a252e0c5ae73e764645993b3270e289d1a2e9784b06ddd7898ca45d9 lzj.icp:8500/ibmcom/secure-config-annotator@sha256:cfaadd13c4ef4bdc937d296faff78e98473be8c9c6ae6b4a38927c952948914f lzj.icp:8500/ibmcom/secure-config-annotator-amd64:1.3.1 lzj.icp:8500/ibmcom/secure-config-annotator:1.3.1] 835555196} {[lzj.icp:8500/ibmcom/hyperkube-amd64@sha256:9eaadf7c2a417ee2a9a219e2eadf21884742199a484be2ca737f0e8a178d490a lzj.icp:8500/ibmcom/hyperkube@sha256:9fbddbf2d04354912c8a981395493d250474cb9fa587fa91119e69467078b180 lzj.icp:8500/ibmcom/hyperkube-amd64:v1.11.1-ee lzj.icp:8500/ibmcom/hyperkube:v1.11.1-ee] 782626408} {[lzj.icp:8500/ibmcom/compliance-annotator-amd64@sha256:5d8bbbef3a7dc54ba9addb256d2aa8a3f7d5c27a454ff4b7ee583b217dac2ce4 lzj.icp:8500/ibmcom/compliance-annotator@sha256:be00ccb777b1e90601cc563112e32ae831b0fb7d4933f1aa3c49379cabe41c3f lzj.icp:8500/ibmcom/compliance-annotator-amd64:1.3.1 lzj.icp:8500/ibmcom/compliance-annotator:1.3.1] 773932738} {[lzj.icp:8500/ibmcom/icp-logstash-amd64@sha256:02a683ee6ad9eeed7ea8ebb1de713aaf902a9e20a39ccc0294ee1f947f1bbd73 lzj.icp:8500/ibmcom/icp-logstash@sha256:a182a00827aefe7f5f95b18fa1ec8f6897989290b37f3d98bd6440ddda796433 lzj.icp:8500/ibmcom/icp-logstash-amd64:5.5.1 lzj.icp:8500/ibmcom/icp-logstash:5.5.1] 764906887} {[lzj.icp:8500/ibmcom/process-ma-hf-amd64@sha256:ef0d164350d07600f8037082db7d98cf81b9c554d8a60692ae90b8d0239a8cdc lzj.icp:8500/ibmcom/process-ma-hf@sha256:114b48d67e46f6ad3624dfa99baab8f9c62fb5ba88d210d0f42e106eda4e0ee8 lzj.icp:8500/ibmcom/process-ma-hf-amd64:1.3.1 lzj.icp:8500/ibmcom/process-ma-hf:1.3.1] 758635128} {[lzj.icp:8500/ibmcom/vulnerability-annotator-amd64@sha256:febedf85b65e0d1800e67249274d474d4ce67e8041e81487f76bce727cb39bd4 lzj.icp:8500/ibmcom/vulnerability-annotator@sha256:2ca368468e5d1c7ed82b3947b8d8904da34969bd72e67b382bfd0579fe3f148d lzj.icp:8500/ibmcom/vulnerability-annotator-amd64:1.3.1 lzj.icp:8500/ibmcom/vulnerability-annotator:1.3.1] 757013017} {[lzj.icp:8500/ibmcom/py-generic-indexer-amd64@sha256:45cb17e23e15f4dfe44471309af12f0655aad5f8e859c718f393290f220b02b2 lzj.icp:8500/ibmcom/py-generic-indexer@sha256:63a28bc72b6588e508ad23b569a228d6219e2d6fdddb2b1b073e1d2c70ec7641 lzj.icp:8500/ibmcom/py-generic-indexer-amd64:1.3.1 lzj.icp:8500/ibmcom/py-generic-indexer:1.3.1] 755588945} {[lzj.icp:8500/ibmcom/icp-inception-amd64@sha256:1dad180d14ae732d17ca5cf41b87dbb316c072323f186d60a08a753f904eb5b2 lzj.icp:8500/ibmcom/icp-inception@sha256:d395315f0fde94a5cacd9945cd7932b4eda45fe404a6b9d55a8ec8ebeed2a0a8 lzj.icp:8500/ibmcom/icp-inception-amd64:3.1.0-ee lzj.icp:8500/ibmcom/icp-inception:3.1.0-ee] 744155119} {[lzj.icp:8500/ibmcom/config-parser-amd64@sha256:7d721e0b5a827921ac16fa9e7570db225211e6dd700cdeaba1d28ba02ff8ef6d lzj.icp:8500/ibmcom/config-parser@sha256:2b7d6f1ea57d6e4d9caaca5d0e2bb35d2e6db316e2f18ef9a51b5bfa48119f69 lzj.icp:8500/ibmcom/config-parser-amd64:1.3.1 lzj.icp:8500/ibmcom/config-parser:1.3.1] 739243486} {[lzj.icp:8500/ibmcom/iam-policy-administration-amd64@sha256:e1941aa09a5b692505cb3be3e497d3ff9acb900786b9a2c8c4c00d0243b37dd0 lzj.icp:8500/ibmcom/iam-policy-administration@sha256:ab0d5c50f5e5fc9a537e97183ed694e34d57fa00121bc08bedb261b80e29b9a4 lzj.icp:8500/ibmcom/iam-policy-administration-amd64:3.1.0 lzj.icp:8500/ibmcom/iam-policy-administration:3.1.0] 711947327} {[lzj.icp:8500/ibmcom/password-annotator-amd64@sha256:bca1b6b222d8ea8ade174a8cc1a549f161d75d3e9d69881f08a1fb316a8e27d3 lzj.icp:8500/ibmcom/password-annotator@sha256:5c7e8db45db52a6bca7d76ae8c2ff74eb43644f7959d66ddc67454bcbca765ec lzj.icp:8500/ibmcom/password-annotator-amd64:1.3.1 lzj.icp:8500/ibmcom/password-annotator:1.3.1] 707627907} {[lzj.icp:8500/ibmcom/notification-dispatcher-amd64@sha256:ec8dfbc351a0d758488f9f8bfa17c3182a5c02819a6ebf7144ab914a2233cf57 lzj.icp:8500/ibmcom/notification-dispatcher@sha256:6d7e6b836f0cfeb5fb18cd29fdd8315fb44013f8d21830b9c5ab60b605c5e3c5 lzj.icp:8500/ibmcom/notification-dispatcher-amd64:1.3.1 lzj.icp:8500/ibmcom/notification-dispatcher:1.3.1] 707588442} {[lzj.icp:8500/ibmcom/sas-base-amd64@sha256:9651b1149c62d5a0968aaeffe71f2da68cd7e07ff8d7ea67538278c00ab08457 lzj.icp:8500/ibmcom/sas-base@sha256:56bb0790e5f06276b7435c731687f733901fedc80af299dc8a8eaf72d7365560 lzj.icp:8500/ibmcom/sas-base-amd64:1.3.1 lzj.icp:8500/ibmcom/sas-base:1.3.1] 653746081} {[lzj.icp:8500/ibmcom/ma-file-annotator-amd64@sha256:8caa6280fd845fd524ad874a6b243510ebf085d58c989229020fcfc743492632 lzj.icp:8500/ibmcom/ma-file-annotator@sha256:cd8dc2a26e2a84bf7d8ba982c6a21c034239de5e2dc12767d3f60985e495d957 lzj.icp:8500/ibmcom/ma-file-annotator-amd64:1.3.1 lzj.icp:8500/ibmcom/ma-file-annotator:1.3.1] 653745236} {[lzj.icp:8500/ibmcom/icp-kibana-amd64@sha256:8b69887ac5297e1d2e68b9c2ce885b9a888f6c278ca1538acb0f03206b48502a lzj.icp:8500/ibmcom/icp-kibana@sha256:6e2746da64a64f98c5761b87d5e185a9c2ac75c9c4e767ab284062b1847b7571 lzj.icp:8500/ibmcom/icp-kibana-amd64:5.5.1 lzj.icp:8500/ibmcom/icp-kibana:5.5.1] 639622018} {[lzj.icp:8500/ibmcom/icp-platform-api-amd64@sha256:1fc47925c2611aef12631b3f3806308f55a298074aebc561fd04cf8a7691c669 lzj.icp:8500/ibmcom/icp-platform-api@sha256:6b5585999f45fa6dc7a6a1d8bcb4d544c96a3e1fd3bd9f133ebed2e356985a0e lzj.icp:8500/ibmcom/icp-platform-api-amd64:3.1.0 lzj.icp:8500/ibmcom/icp-platform-api:3.1.0] 612589125} {[lzj.icp:8500/ibmcom/iam-policy-decision-amd64@sha256:d49eb3845c57bb8370a477949d92da10a178b81ade50f0e9d970981fadd6686d lzj.icp:8500/ibmcom/iam-policy-decision@sha256:ecd9f36e17e57c6be41e744abc17baacddd28178485d29cb112ffc5e558d2c09 lzj.icp:8500/ibmcom/iam-policy-decision-amd64:3.1.0 lzj.icp:8500/ibmcom/iam-policy-decision:3.1.0] 559718344} {[lzj.icp:8500/ibmcom/rootkit-annotator-amd64@sha256:caf6c24136b8785d901f346a640d673b55fe105c3617cfcb432ee2006f5b1cf4 lzj.icp:8500/ibmcom/rootkit-annotator@sha256:9aabe418ab5c5b3ce86dcfad5dc63a14124bf56227a7decb6656382f2cf9606e lzj.icp:8500/ibmcom/rootkit-annotator-amd64:1.3.1 lzj.icp:8500/ibmcom/rootkit-annotator:1.3.1] 549434506} {[lzj.icp:8500/ibmcom/icp-elasticsearch-amd64@sha256:0063a7a931ca4e52d8f7a51f2bdb010345f4373b5b904b52e5c8a48ec0c1fde7 lzj.icp:8500/ibmcom/icp-elasticsearch@sha256:b410aacb6005fe24bfd87b045ea26fde3d6eb3ca52c3f0e4560cdc208944ba50 lzj.icp:8500/ibmcom/icp-elasticsearch-amd64:5.5.1 lzj.icp:8500/ibmcom/icp-elasticsearch:5.5.1] 520121248} {[lzj.icp:8500/ibmcom/logging-pki-init-amd64@sha256:cc4bfa085e1ae99120ee526acd3e62d205e10de6f1c773c521fc5b933914f6a8 lzj.icp:8500/ibmcom/logging-pki-init@sha256:21aa9cbd05a849b4891b15cf636f73545f6001f16c82f8eeed2e90b4f9312377 lzj.icp:8500/ibmcom/logging-pki-init-amd64:2.0.0 lzj.icp:8500/ibmcom/logging-pki-init:2.0.0] 501921135} {[lzj.icp:8500/ibmcom/searchguard-init-amd64@sha256:d19ce1d27f406945d4ed78b0f07007998c2ab3889086e502924847c2186db546 lzj.icp:8500/ibmcom/searchguard-init@sha256:3d0d8a8404a9df5ad238bce1e0542cdda609cc445dfc3964952243d9fc103276 lzj.icp:8500/ibmcom/searchguard-init-amd64:2.0.0 lzj.icp:8500/ibmcom/searchguard-init:2.0.0] 457030441} {[lzj.icp:8500/ibmcom/metering-ui-amd64@sha256:3628a8fe41183c08ea0b02e2e798e3649e4aebe2c2405c34572b9eb7c7c4d9a8 lzj.icp:8500/ibmcom/metering-ui@sha256:d6453f9afecc9b1fc778c195e20bbb39d4ef6262af2f7a9a5ce3cddc259fec99 lzj.icp:8500/ibmcom/metering-ui-amd64:3.1.0 lzj.icp:8500/ibmcom/metering-ui:3.1.0] 385577105} {[lzj.icp:8500/ibmcom/heketi-amd64@sha256:c5b579a4f219c87990f861eb61de86cb9cfb51b6d230b8c299df7d9fd3d02d0e lzj.icp:8500/ibmcom/heketi@sha256:eb6875247a56829a20d0949f034b08a0e682201ab1d88d3cba71972932c254f5 lzj.icp:8500/ibmcom/heketi-amd64:v7.0.0 lzj.icp:8500/ibmcom/heketi:v7.0.0] 384720377} {[lzj.icp:8500/ibmcom/icp-mongodb-amd64@sha256:a305ae8bc309898d86bf60aee968846db3602f77b25924640d5f08a2389ee99d lzj.icp:8500/ibmcom/icp-mongodb@sha256:fe8b55caf7bb855fd4e244450af5195f2243b766c6934d464128bf982b29b345 lzj.icp:8500/ibmcom/icp-mongodb-amd64:3.1.0 lzj.icp:8500/ibmcom/icp-mongodb:3.1.0] 379353410} {[lzj.icp:8500/ibmcom/icp-catalog-ui-amd64@sha256:33993b4eab189e3c78fe27799017da770d47523cf6831460741008bf91297d6d lzj.icp:8500/ibmcom/icp-catalog-ui@sha256:049f3c4946a0ad2c10507e5e42a464448e858fb3ae606cfd84825d340adb1125 lzj.icp:8500/ibmcom/icp-catalog-ui-amd64:3.1.0 lzj.icp:8500/ibmcom/icp-catalog-ui:3.1.0] 363781304} {[lzj.icp:8500/ibmcom/nginx-ingress-controller-amd64@sha256:63b48dd3ba635aa65409f7d6a319e293697810c1b9e885e6255bebf36a2506ab lzj.icp:8500/ibmcom/nginx-ingress-controller@sha256:f68b2ce26292e02ef3dbc6cfae17cec3d54b9afee9bf5298bf95d005c0783143 lzj.icp:8500/ibmcom/nginx-ingress-controller-amd64:0.16.2 lzj.icp:8500/ibmcom/nginx-ingress-controller:0.16.2] 361632894} {[lzj.icp:8500/ibmcom/mariadb-amd64@sha256:1f9876179c32fcf463804f75cbf2fb031106edf2be9d5dbf6705375ca53930bb lzj.icp:8500/ibmcom/mariadb@sha256:2272622e7f6786220d7ee2b482a3050bd34c3e1ecdc99af6175a146610222763 lzj.icp:8500/ibmcom/mariadb-amd64:10.2.17 lzj.icp:8500/ibmcom/mariadb:10.2.17] 358991946} {[lzj.icp:8500/ibmcom/k8szk-amd64@sha256:a9ee22a4df14654552a02303e4560623244683692fd298dd2fb71e9dd66219f3 lzj.icp:8500/ibmcom/k8szk@sha256:20cfeb163fb828c3c3a7c0baf2883e90c72c8d97d20116253903e82aa2be801f lzj.icp:8500/ibmcom/k8szk-amd64:v3 lzj.icp:8500/ibmcom/k8szk:v3] 331472973} {[lzj.icp:8500/ibmcom/gluster-amd64@sha256:647caedb536eb7b8c5c8b0a2b69e52d2a34be9e6c9c7b9c1b21d14fcfa261886 lzj.icp:8500/ibmcom/gluster@sha256:eeabf9b160370078d12a4c2b84f1a9772fe10c64446f0c2251eb53b8b5277baa lzj.icp:8500/ibmcom/gluster-amd64:v4.0.2 lzj.icp:8500/ibmcom/gluster:v4.0.2] 324265531} {[lzj.icp:8500/ibmcom/istio-grafana-amd64@sha256:381a2dd3a5addbc5d43920bc19bb15ba6dbd422e4a9d91163108e72c5a63234c lzj.icp:8500/ibmcom/istio-grafana@sha256:f4fdaf4a51b946f6d4fb9aa82cdbfef53c8e0b7b2223078f9d7f62bb28d3259b lzj.icp:8500/ibmcom/istio-grafana-amd64:1.0.0.1 lzj.icp:8500/ibmcom/istio-grafana:1.0.0.1] 324187770} {[lzj.icp:8500/ibmcom/icp-filebeat-amd64@sha256:03af9b78dad6c2ba857975d10c81e781460796dff1ff1163ea4596f4aa10601d lzj.icp:8500/ibmcom/icp-filebeat@sha256:72669dde64d7ab85bbb9e93428efe548b2693a4eae5168a4705f6e30cd20e584 lzj.icp:8500/ibmcom/icp-filebeat-amd64:5.5.1 lzj.icp:8500/ibmcom/icp-filebeat:5.5.1] 317104874} {[lzj.icp:8500/ibmcom/istio-proxyv2-amd64@sha256:cd77e75fa85ce74914e1b7b0bef980ece8a62ef0d776c9ef51a0d7d30b4b64a0 lzj.icp:8500/ibmcom/istio-proxyv2@sha256:9c94d736c8cbb41e2c5b0b672530eee0df6cbb628d57f4ddaec9f4ff4f49ce35 lzj.icp:8500/ibmcom/istio-proxyv2-amd64:1.0.0.1 lzj.icp:8500/ibmcom/istio-proxyv2:1.0.0.1] 311276139} {[lzj.icp:8500/ibmcom/istio-pilot-amd64@sha256:63352073a964037fd37f6150228231d2e5eca7e0c2920405d6269326d3c54263 lzj.icp:8500/ibmcom/istio-pilot@sha256:ad129a4be7b6d1536c384efd03fb570b973b9c77a56a48e6b9cfe192a76c111e lzj.icp:8500/ibmcom/istio-pilot-amd64:1.0.0.1 lzj.icp:8500/ibmcom/istio-pilot:1.0.0.1] 309502004} {[lzj.icp:8500/ibmcom/fluentd-amd64@sha256:384a99b8d941c93f96ee5b5cbae5b70500219a3f71c73cf4eddd20d9d693e3b3 lzj.icp:8500/ibmcom/fluentd@sha256:f85a5ffd86438f1a73d04caf6e33ef3474675d9fa0947431f4d0a9602fc981af lzj.icp:8500/ibmcom/fluentd-amd64:v1.2.2-icp lzj.icp:8500/ibmcom/fluentd:v1.2.2-icp] 270902701} {[lzj.icp:8500/ibmcom/icp-identity-manager-amd64@sha256:632f31acd0fcfc3d0cebea31cfb71018f6712bd1a1b4da7476942b3c23aa3521 lzj.icp:8500/ibmcom/icp-identity-manager@sha256:993462e02a42c15b03722d935809476c8e10e6e0b3a2669eb528081e92a49859 lzj.icp:8500/ibmcom/icp-identity-manager-amd64:3.1.0 lzj.icp:8500/ibmcom/icp-identity-manager:3.1.0] 268667523} {[lzj.icp:8500/ibmcom/elasticsearch-plugin-searchguard-amd64@sha256:28f88d06bbbc073162702064c1be4ad06272e9021cbc0f929ba8c6da2ca25ae6 lzj.icp:8500/ibmcom/elasticsearch-plugin-searchguard@sha256:f47116021e3eec7b2fed9f6ed8bd77fd890457e5a1546dda7f863c032d4395b1 lzj.icp:8500/ibmcom/elasticsearch-plugin-searchguard-amd64:2.0.0 lzj.icp:8500/ibmcom/elasticsearch-plugin-searchguard:2.0.0] 267864279} {[lzj.icp:8500/ibmcom/kiali-amd64@sha256:bec63b454cf2e597c61f6a9943144050e5e6fc7a4f6474bc3bb6b627ba20c71c lzj.icp:8500/ibmcom/kiali@sha256:71a50e9885495157454657bc93842a7310e96e822a4117ad751ad81af83fde5e lzj.icp:8500/ibmcom/kiali-amd64:istio-release-1.0.0.1 lzj.icp:8500/ibmcom/kiali:istio-release-1.0.0.1] 265771300} {[lzj.icp:8500/ibmcom/calico-node-amd64@sha256:9871f4dde9eab9fd804b12f3114da36505ff5c220e2323b7434eec24e3b23ac5 lzj.icp:8500/ibmcom/calico-node@sha256:85a23d8030137d49663d3d82844a61998331606de9fc523dfdd0a75be7fb9828 lzj.icp:8500/ibmcom/calico-node-amd64:v3.1.3 lzj.icp:8500/ibmcom/calico-node:v3.1.3] 248202699} {[lzj.icp:8500/ibmcom/grafana-amd64@sha256:dc3566257a0c716caedfb33127d8ee385290c1dda006bebfb75c376d56b30c88 lzj.icp:8500/ibmcom/grafana@sha256:5d2739d3ec5c7f6ea66d69caa918b764660b99a3d37cb1f4123f1a9623ce8e38 lzj.icp:8500/ibmcom/grafana-amd64:5.2.0 lzj.icp:8500/ibmcom/grafana:5.2.0] 245297582} {[lzj.icp:8500/ibmcom/indices-cleaner-amd64@sha256:e6c6453d54012488e9ebfaa9e4d829f567d8e66b24c1613e6d88ca192ed5e85b lzj.icp:8500/ibmcom/indices-cleaner@sha256:31dac3be1246f17dddade06b517c073244ce56d85bc54135fdaf010dbb0bca10 lzj.icp:8500/ibmcom/indices-cleaner-amd64:1.0.0 lzj.icp:8500/ibmcom/indices-cleaner:1.0.0] 238131553} {[lzj.icp:8500/ibmcom/icp-identity-provider-amd64@sha256:24dba8b07c8295eef99abbf8d83041908516e4e50e4e4cfbbbcd53bdf415dda1 lzj.icp:8500/ibmcom/icp-identity-provider@sha256:b5bf63419b53ba550cad7a1b835d0d0eaae1fde8851c7936f8deb603fef673a6 lzj.icp:8500/ibmcom/icp-identity-provider-amd64:3.1.0 lzj.icp:8500/ibmcom/icp-identity-provider:3.1.0] 224286517} {[lzj.icp:8500/ibmcom/curl-amd64@sha256:aad05b4e4529f7e70516d8d3028cae6cd1d50de738ce164f2a532ce2470ac43f lzj.icp:8500/ibmcom/curl@sha256:adf92a267e351914d041a56d64ebe80331c45f8e20ab23b7ada67bea78da9996 lzj.icp:8500/ibmcom/curl-amd64:4.0.0 lzj.icp:8500/ibmcom/curl:4.0.0] 221192597} {[lzj.icp:8500/ibmcom/icp-audit-service-amd64@sha256:9add202c06a43da647380c860d9139fa059701fe103c1f229281215bf99dbbd3 lzj.icp:8500/ibmcom/icp-audit-service@sha256:7c3d710c31f6f5ae0227edc1599bdf64bc82e4fcd2b3aa8f197148240d2ab01c lzj.icp:8500/ibmcom/icp-audit-service-amd64:3.1.0 lzj.icp:8500/ibmcom/icp-audit-service:3.1.0] 215897363}],VolumesInUse:[],VolumesAttached:[],Config:&amp;NodeConfigStatus{Assigned:nil,Active:nil,LastKnownGood:nil,Error:,},},}&#xA;Sep 19 08:04:15.596: INFO: &#xA;Logging kubelet events for node 10.46.6.172&#xA;Sep 19 08:04:15.603: INFO: &#xA;Logging pods the kubelet thinks is on node 10.46.6.172&#xA;Sep 19 08:04:15.627: INFO: vulnerability-advisor-vulnerability-indexer-7c79b4c964-2n8cg started at 2018-09-17 07:19:07 +0000 UTC (0+1 container statuses recorded)&#xA;Sep 19 08:04:15.627: INFO: &#x9;Container py-vulnerability-indexer ready: true, restart count 0&#xA;Sep 19 08:04:15.627: INFO: vulnerability-advisor-secconfig-annotator-7dbcf5d9f4-fkmkb started at 2018-09-17 07:19:10 +0000 UTC (0+1 container statuses recorded)&#xA;Sep 19 08:04:15.627: INFO: &#x9;Container secconfig-annotator ready: true, restart count 0&#xA;Sep 19 08:04:15.627: INFO: monitoring-prometheus-nodeexporter-v4l7d started at 2018-09-17 07:15:44 +0000 UTC (0+2 container statuses recorded)&#xA;Sep 19 08:04:15.627: INFO: &#x9;Container nodeexporter ready: true, restart count 0&#xA;Sep 19 08:04:15.627: INFO: &#x9;Container router ready: true, restart count 0&#xA;Sep 19 08:04:15.627: INFO: vulnerability-advisor-usncrawler-8h976 started at 2018-09-17 07:19:11 +0000 UTC (0+1 container statuses recorded)&#xA;Sep 19 08:04:15.627: INFO: &#x9;Container usnloader-job ready: false, restart count 0&#xA;Sep 19 08:04:15.627: INFO: vulnerability-advisor-statsd-7746859df4-jjm6f started at 2018-09-17 07:19:10 +0000 UTC (0+1 container statuses recorded)&#xA;Sep 19 08:04:15.627: INFO: &#x9;Container statsd ready: true, restart count 0&#xA;Sep 19 08:04:15.627: INFO: vulnerability-advisor-cos-indexer-57899b7dd6-7cpf8 started at 2018-09-17 07:19:04 +0000 UTC (0+1 container statuses recorded)&#xA;Sep 19 08:04:15.627: INFO: &#x9;Container cos-indexer ready: true, restart count 3&#xA;Sep 19 08:04:15.627: INFO: vulnerability-advisor-kafka-0 started at 2018-09-17 07:19:13 +0000 UTC (0+1 container statuses recorded)&#xA;Sep 19 08:04:15.627: INFO: &#x9;Container kafka-server ready: true, restart count 2&#xA;Sep 19 08:04:15.627: INFO: calico-node-wsknj started at 2018-09-17 07:05:53 +0000 UTC (0+2 container statuses recorded)&#xA;Sep 19 08:04:15.627: INFO: &#x9;Container calico-node ready: true, restart count 0&#xA;Sep 19 08:04:15.627: INFO: &#x9;Container install-cni ready: true, restart count 0&#xA;Sep 19 08:04:15.627: INFO: metering-reader-gsrdg started at 2018-09-17 07:14:11 +0000 UTC (1+1 container statuses recorded)&#xA;Sep 19 08:04:15.627: INFO: &#x9;Init container metering-reader-init ready: true, restart count 1&#xA;Sep 19 08:04:15.627: INFO: &#x9;Container metering-reader ready: true, restart count 0&#xA;Sep 19 08:04:15.627: INFO: logging-elk-filebeat-ds-vpk48 started at 2018-09-17 07:15:20 +0000 UTC (0+1 container statuses recorded)&#xA;Sep 19 08:04:15.627: INFO: &#x9;Container filebeat ready: true, restart count 0&#xA;Sep 19 08:04:15.627: INFO: vulnerability-advisor-password-annotator-79b5d794b5-wnwqn started at 2018-09-17 07:19:05 +0000 UTC (0+1 container statuses recorded)&#xA;Sep 19 08:04:15.627: INFO: &#x9;Container config-parser ready: true, restart count 3&#xA;Sep 19 08:04:15.627: INFO: vulnerability-advisor-vulnerability-annotator-bcbf5595f-hxwst started at 2018-09-17 07:19:10 +0000 UTC (0+1 container statuses recorded)&#xA;Sep 19 08:04:15.627: INFO: &#x9;Container va-annotator ready: true, restart count 3&#xA;Sep 19 08:04:15.627: INFO: vulnerability-advisor-minio-0 started at 2018-09-17 07:19:16 +0000 UTC (1+1 container statuses recorded)&#xA;Sep 19 08:04:15.627: INFO: &#x9;Init container wait-kafka ready: true, restart count 1&#xA;Sep 19 08:04:15.627: INFO: &#x9;Container minio-server ready: true, restart count 0&#xA;Sep 19 08:04:15.627: INFO: nvidia-device-plugin-w9jr8 started at 2018-09-17 07:07:17 +0000 UTC (1+1 container statuses recorded)&#xA;Sep 19 08:04:15.627: INFO: &#x9;Init container nvidia-driver-collector ready: true, restart count 0&#xA;Sep 19 08:04:15.627: INFO: &#x9;Container nvidia-device-plugin ready: true, restart count 0&#xA;Sep 19 08:04:15.627: INFO: vulnerability-advisor-live-crawler-84st2 started at 2018-09-17 07:19:03 +0000 UTC (0+1 container statuses recorded)&#xA;Sep 19 08:04:15.627: INFO: &#x9;Container live-crawler ready: true, restart count 0&#xA;Sep 19 08:04:15.627: INFO: vulnerability-advisor-process-ma-annotator-58f47d5b5f-xbxrc started at 2018-09-17 07:19:06 +0000 UTC (0+2 container statuses recorded)&#xA;Sep 19 08:04:15.627: INFO: &#x9;Container icp-audit-service ready: true, restart count 0&#xA;Sep 19 08:04:15.627: INFO: &#x9;Container process-ma-annotator ready: true, restart count 2&#xA;Sep 19 08:04:15.627: INFO: vulnerability-advisor-compliance-indexer-7cbdc64b57-47lmd started at 2018-09-17 07:19:07 +0000 UTC (0+1 container statuses recorded)&#xA;Sep 19 08:04:15.627: INFO: &#x9;Container py-compliance-indexer ready: true, restart count 0&#xA;Sep 19 08:04:15.627: INFO: vulnerability-advisor-minio-cleaner-1537228740-55f4w started at 2018-09-17 23:59:03 +0000 UTC (0+1 container statuses recorded)&#xA;Sep 19 08:04:15.627: INFO: &#x9;Container cleaner ready: false, restart count 0&#xA;Sep 19 08:04:15.627: INFO: audit-logging-fluentd-ds-8bh4t started at 2018-09-17 07:18:46 +0000 UTC (0+1 container statuses recorded)&#xA;Sep 19 08:04:15.627: INFO: &#x9;Container fluentd ready: true, restart count 0&#xA;Sep 19 08:04:15.627: INFO: vulnerability-advisor-process-ma-crawler-24z6k started at 2018-09-17 07:19:03 +0000 UTC (0+1 container statuses recorded)&#xA;Sep 19 08:04:15.627: INFO: &#x9;Container process-ma-crawler ready: true, restart count 0&#xA;Sep 19 08:04:15.627: INFO: vulnerability-advisor-config-parser-5d44b78fd5-z4k9t started at 2018-09-17 07:19:04 +0000 UTC (0+1 container statuses recorded)&#xA;Sep 19 08:04:15.627: INFO: &#x9;Container config-parser ready: true, restart count 4&#xA;Sep 19 08:04:15.627: INFO: vulnerability-advisor-notification-dispatcher-86f8bf4b4d-cfdzb started at 2018-09-17 07:19:04 +0000 UTC (0+1 container statuses recorded)&#xA;Sep 19 08:04:15.627: INFO: &#x9;Container notification-dispatcher ready: true, restart count 3&#xA;Sep 19 08:04:15.627: INFO: vulnerability-advisor-process-ma-annotator-init-869545d547nn27w started at 2018-09-17 07:19:06 +0000 UTC (0+1 container statuses recorded)&#xA;Sep 19 08:04:15.627: INFO: &#x9;Container process-ma-annotator ready: true, restart count 0&#xA;Sep 19 08:04:15.627: INFO: vulnerability-advisor-process-ma-annotator-58f47d5b5f-4wglg started at 2018-09-17 07:19:06 +0000 UTC (0+2 container statuses recorded)&#xA;Sep 19 08:04:15.627: INFO: &#x9;Container icp-audit-service ready: true, restart count 0&#xA;Sep 19 08:04:15.627: INFO: &#x9;Container process-ma-annotator ready: true, restart count 1&#xA;Sep 19 08:04:15.627: INFO: vulnerability-advisor-rootkit-indexer-cd8b4646b-xlhwq started at 2018-09-17 07:19:07 +0000 UTC (0+1 container statuses recorded)&#xA;Sep 19 08:04:15.627: INFO: &#x9;Container py-rootkit-indexer ready: true, restart count 0&#xA;Sep 19 08:04:15.627: INFO: vulnerability-advisor-secconfig-indexer-674647df7c-qq5ff started at 2018-09-17 07:19:07 +0000 UTC (0+1 container statuses recorded)&#xA;Sep 19 08:04:15.628: INFO: &#x9;Container py-secconfig-indexer ready: true, restart count 0&#xA;Sep 19 08:04:15.628: INFO: k8s-proxy-10.46.6.172 started at &lt;nil&gt; (0+0 container statuses recorded)&#xA;Sep 19 08:04:15.628: INFO: vulnerability-advisor-minio-cleaner-1537315140-nqk7v started at 2018-09-18 23:59:04 +0000 UTC (0+1 container statuses recorded)&#xA;Sep 19 08:04:15.628: INFO: &#x9;Container cleaner ready: false, restart count 0&#xA;Sep 19 08:04:15.628: INFO: vulnerability-advisor-registry-crawler-6f9568677b-bfpm6 started at 2018-09-17 07:19:08 +0000 UTC (0+1 container statuses recorded)&#xA;Sep 19 08:04:15.628: INFO: &#x9;Container reg-crawler ready: true, restart count 0&#xA;Sep 19 08:04:15.628: INFO: vulnerability-advisor-sas-apiserver-5fd8d44bc9-7bvkn started at 2018-09-17 07:19:09 +0000 UTC (0+3 container statuses recorded)&#xA;Sep 19 08:04:15.628: INFO: &#x9;Container icp-audit-service ready: true, restart count 0&#xA;Sep 19 08:04:15.628: INFO: &#x9;Container sas-api-server ready: true, restart count 0&#xA;Sep 19 08:04:15.628: INFO: &#x9;Container sas-proxy-server ready: true, restart count 0&#xA;Sep 19 08:04:15.628: INFO: vulnerability-advisor-zookeeper-0 started at 2018-09-17 07:19:15 +0000 UTC (0+1 container statuses recorded)&#xA;Sep 19 08:04:15.628: INFO: &#x9;Container zookeeper-server ready: true, restart count 0&#xA;Sep 19 08:04:15.628: INFO: vulnerability-advisor-ma-file-annotator-6b95df8886-jtczz started at 2018-09-17 07:19:04 +0000 UTC (0+2 container statuses recorded)&#xA;Sep 19 08:04:15.628: INFO: &#x9;Container icp-audit-service ready: true, restart count 0&#xA;Sep 19 08:04:15.628: INFO: &#x9;Container vulnerability-advisor-ma-file-annotator ready: true, restart count 1&#xA;Sep 19 08:04:15.628: INFO: vulnerability-advisor-rootkit-annotator-74cb65b5cf-2dk5j started at 2018-09-17 07:19:08 +0000 UTC (0+1 container statuses recorded)&#xA;Sep 19 08:04:15.628: INFO: &#x9;Container rootkit-annotator ready: true, restart count 3&#xA;Sep 19 08:04:15.628: INFO: vulnerability-advisor-sas-mgmt-64fb95bc44-j9vjc started at 2018-09-17 07:19:08 +0000 UTC (0+1 container statuses recorded)&#xA;Sep 19 08:04:15.628: INFO: &#x9;Container sas-mgmt-server ready: true, restart count 0&#xA;Sep 19 08:04:15.628: INFO: vulnerability-advisor-compliance-annotator-d5659b9d9-kmn8q started at 2018-09-17 07:19:03 +0000 UTC (0+1 container statuses recorded)&#xA;Sep 19 08:04:15.628: INFO: &#x9;Container compliance-annotator ready: true, restart count 4&#xA;Sep 19 08:04:15.674: INFO: &#xA;Latency metrics for node 10.46.6.172&#xA;Sep 19 08:04:15.674: INFO: &#xA;Logging node info for node 10.46.6.173&#xA;Sep 19 08:04:15.679: INFO: Node Info: &amp;Node{ObjectMeta:k8s_io_apimachinery_pkg_apis_meta_v1.ObjectMeta{Name:10.46.6.173,GenerateName:,Namespace:,SelfLink:/api/v1/nodes/10.46.6.173,UID:3dc7268b-ba44-11e8-b20e-fa163e707b2e,ResourceVersion:463546,Generation:0,CreationTimestamp:2018-09-17 06:38:09 +0000 UTC,DeletionTimestamp:&lt;nil&gt;,DeletionGracePeriodSeconds:nil,Labels:map[string]string{beta.kubernetes.io/arch: amd64,beta.kubernetes.io/os: linux,etcd: true,kubernetes.io/hostname: 10.46.6.173,master: true,node-role.kubernetes.io/etcd: true,node-role.kubernetes.io/master: true,node-role.kubernetes.io/proxy: true,proxy: true,role: master,},Annotations:map[string]string{node.alpha.kubernetes.io/ttl: 0,volumes.kubernetes.io/controller-managed-attach-detach: true,},OwnerReferences:[],Finalizers:[],ClusterName:,Initializers:nil,},Spec:NodeSpec{PodCIDR:,DoNotUse_ExternalID:,ProviderID:,Unschedulable:false,Taints:[{dedicated proxy NoSchedule &lt;nil&gt;}],ConfigSource:nil,},Status:NodeStatus{Capacity:ResourceList{cpu: {{32 0} {&lt;nil&gt;} 32 DecimalSI},ephemeral-storage: {{107362627584 0} {&lt;nil&gt;} 104846316Ki BinarySI},hugepages-1Gi: {{0 0} {&lt;nil&gt;} 0 DecimalSI},hugepages-2Mi: {{0 0} {&lt;nil&gt;} 0 DecimalSI},memory: {{135202160640 0} {&lt;nil&gt;}  BinarySI},pods: {{320 0} {&lt;nil&gt;} 320 DecimalSI},},Allocatable:ResourceList{cpu: {{32 0} {&lt;nil&gt;} 32 DecimalSI},ephemeral-storage: {{107257769984 0} {&lt;nil&gt;} 104743916Ki BinarySI},hugepages-1Gi: {{0 0} {&lt;nil&gt;} 0 DecimalSI},hugepages-2Mi: {{0 0} {&lt;nil&gt;} 0 DecimalSI},memory: {{135097303040 0} {&lt;nil&gt;}  BinarySI},pods: {{320 0} {&lt;nil&gt;} 320 DecimalSI},},Phase:,Conditions:[{OutOfDisk False 2018-09-19 08:04:14 +0000 UTC 2018-09-17 06:38:09 +0000 UTC KubeletHasSufficientDisk kubelet has sufficient disk space available} {MemoryPressure False 2018-09-19 08:04:14 +0000 UTC 2018-09-17 06:38:09 +0000 UTC KubeletHasSufficientMemory kubelet has sufficient memory available} {DiskPressure False 2018-09-19 08:04:14 +0000 UTC 2018-09-17 06:38:09 +0000 UTC KubeletHasNoDiskPressure kubelet has no disk pressure} {PIDPressure False 2018-09-19 08:04:14 +0000 UTC 2018-09-17 06:38:09 +0000 UTC KubeletHasSufficientPID kubelet has sufficient PID available} {Ready True 2018-09-19 08:04:14 +0000 UTC 2018-09-17 07:06:09 +0000 UTC KubeletReady kubelet is posting ready status}],Addresses:[{InternalIP 10.46.6.173} {Hostname 10.46.6.173}],DaemonEndpoints:NodeDaemonEndpoints{KubeletEndpoint:DaemonEndpoint{Port:10250,},},NodeInfo:NodeSystemInfo{MachineID:52ca0d2c3fb341c79b059a96d10571a6,SystemUUID:DA83D170-F88E-40EB-A0A3-2918CD5F6005,BootID:806b09ea-0a42-4719-bbaa-13e375c7b62f,KernelVersion:3.10.0-862.9.1.el7.x86_64,OSImage:Red Hat Enterprise Linux,ContainerRuntimeVersion:docker://18.3.1,KubeletVersion:v1.11.1+icp-ee,KubeProxyVersion:v1.11.1+icp-ee,OperatingSystem:linux,Architecture:amd64,},Images:[{[lzj.icp:8500/ibmcom/statsd-amd64@sha256:5ee11bc24bced45a77d9d630348680f319c09d9d3b2230b04518d1e2a5263ae2 lzj.icp:8500/ibmcom/statsd-amd64:0.7.2.1 lzj.icp:8500/ibmcom/statsd:0.7.2.1] 1234731808} {[lzj.icp:8500/ibmcom/kafka-amd64@sha256:0d6d348ccd7aa2854d60791331280e58db92029a522c8bfb3eb40c7c0913ca8f lzj.icp:8500/ibmcom/kafka-amd64:0.10.0.2 lzj.icp:8500/ibmcom/kafka:0.10.0.2] 1114805679} {[lzj.icp:8500/ibmcom/iam-token-service-amd64@sha256:9211161e5b5b9d892a99b46fad4429333ceb7143b4039419df7ea0efa36381a9 lzj.icp:8500/ibmcom/iam-token-service-amd64:3.1.0 lzj.icp:8500/ibmcom/iam-token-service:3.1.0] 1051060152} {[lzj.icp:8500/ibmcom/icp-platform-auth-amd64@sha256:abc258009b8696a83214b7a9d9df63f6d83e19cfca2987c4836b0eadfa4c99c7 lzj.icp:8500/ibmcom/icp-platform-auth-amd64:3.1.0 lzj.icp:8500/ibmcom/icp-platform-auth:3.1.0] 1028283742} {[lzj.icp:8500/ibmcom/reg-crawler-amd64@sha256:9e5d4ebbac3dd6cbf9f892b5bd634f89fae3d4b2e6a23debd3ecd322e3eb817e lzj.icp:8500/ibmcom/reg-crawler-amd64:1.3.1 lzj.icp:8500/ibmcom/reg-crawler:1.3.1] 1007817363} {[lzj.icp:8500/ibmcom/live-crawler-amd64@sha256:37a79ec87bd3c8b9af25cf1e25f4f14281ffb9f5ebeaf61c0b7c8a5799baf782 lzj.icp:8500/ibmcom/live-crawler-amd64:1.3.1 lzj.icp:8500/ibmcom/live-crawler:1.3.1] 987515538} {[lzj.icp:8500/ibmcom/cos-indexer-amd64@sha256:adf28ff960ebdcbfcfa5e4522b81aa3565338f8d640dad611a1c3f0d3894393b lzj.icp:8500/ibmcom/cos-indexer-amd64:1.3.1 lzj.icp:8500/ibmcom/cos-indexer:1.3.1] 846578165} {[lzj.icp:8500/ibmcom/secure-config-annotator-amd64@sha256:26e845c6a252e0c5ae73e764645993b3270e289d1a2e9784b06ddd7898ca45d9 lzj.icp:8500/ibmcom/secure-config-annotator-amd64:1.3.1 lzj.icp:8500/ibmcom/secure-config-annotator:1.3.1] 835555196} {[lzj.icp:8500/ibmcom/hyperkube-amd64@sha256:9eaadf7c2a417ee2a9a219e2eadf21884742199a484be2ca737f0e8a178d490a lzj.icp:8500/ibmcom/hyperkube-amd64:v1.11.1-ee lzj.icp:8500/ibmcom/hyperkube:v1.11.1-ee] 782626408} {[lzj.icp:8500/ibmcom/compliance-annotator-amd64@sha256:5d8bbbef3a7dc54ba9addb256d2aa8a3f7d5c27a454ff4b7ee583b217dac2ce4 lzj.icp:8500/ibmcom/compliance-annotator-amd64:1.3.1 lzj.icp:8500/ibmcom/compliance-annotator:1.3.1] 773932738} {[lzj.icp:8500/ibmcom/icp-logstash-amd64@sha256:02a683ee6ad9eeed7ea8ebb1de713aaf902a9e20a39ccc0294ee1f947f1bbd73 lzj.icp:8500/ibmcom/icp-logstash-amd64:5.5.1 lzj.icp:8500/ibmcom/icp-logstash:5.5.1] 764906887} {[lzj.icp:8500/ibmcom/process-ma-hf-amd64@sha256:ef0d164350d07600f8037082db7d98cf81b9c554d8a60692ae90b8d0239a8cdc lzj.icp:8500/ibmcom/process-ma-hf-amd64:1.3.1 lzj.icp:8500/ibmcom/process-ma-hf:1.3.1] 758635128} {[lzj.icp:8500/ibmcom/vulnerability-annotator-amd64@sha256:febedf85b65e0d1800e67249274d474d4ce67e8041e81487f76bce727cb39bd4 lzj.icp:8500/ibmcom/vulnerability-annotator-amd64:1.3.1 lzj.icp:8500/ibmcom/vulnerability-annotator:1.3.1] 757013017} {[lzj.icp:8500/ibmcom/py-generic-indexer-amd64@sha256:45cb17e23e15f4dfe44471309af12f0655aad5f8e859c718f393290f220b02b2 lzj.icp:8500/ibmcom/py-generic-indexer-amd64:1.3.1 lzj.icp:8500/ibmcom/py-generic-indexer:1.3.1] 755588945} {[lzj.icp:8500/ibmcom/icp-inception-amd64@sha256:1dad180d14ae732d17ca5cf41b87dbb316c072323f186d60a08a753f904eb5b2 ibmcom/icp-inception-amd64:3.1.0-ee lzj.icp:8500/ibmcom/icp-inception-amd64:3.1.0-ee lzj.icp:8500/ibmcom/icp-inception:3.1.0-ee] 744155119} {[lzj.icp:8500/ibmcom/config-parser-amd64@sha256:7d721e0b5a827921ac16fa9e7570db225211e6dd700cdeaba1d28ba02ff8ef6d lzj.icp:8500/ibmcom/config-parser-amd64:1.3.1 lzj.icp:8500/ibmcom/config-parser:1.3.1] 739243486} {[lzj.icp:8500/ibmcom/iam-policy-administration-amd64@sha256:e1941aa09a5b692505cb3be3e497d3ff9acb900786b9a2c8c4c00d0243b37dd0 lzj.icp:8500/ibmcom/iam-policy-administration-amd64:3.1.0 lzj.icp:8500/ibmcom/iam-policy-administration:3.1.0] 711947327} {[lzj.icp:8500/ibmcom/password-annotator-amd64@sha256:bca1b6b222d8ea8ade174a8cc1a549f161d75d3e9d69881f08a1fb316a8e27d3 lzj.icp:8500/ibmcom/password-annotator-amd64:1.3.1 lzj.icp:8500/ibmcom/password-annotator:1.3.1] 707627907} {[lzj.icp:8500/ibmcom/notification-dispatcher-amd64@sha256:ec8dfbc351a0d758488f9f8bfa17c3182a5c02819a6ebf7144ab914a2233cf57 lzj.icp:8500/ibmcom/notification-dispatcher-amd64:1.3.1 lzj.icp:8500/ibmcom/notification-dispatcher:1.3.1] 707588442} {[lzj.icp:8500/ibmcom/sas-base-amd64@sha256:9651b1149c62d5a0968aaeffe71f2da68cd7e07ff8d7ea67538278c00ab08457 lzj.icp:8500/ibmcom/sas-base-amd64:1.3.1 lzj.icp:8500/ibmcom/sas-base:1.3.1] 653746081} {[lzj.icp:8500/ibmcom/ma-file-annotator-amd64@sha256:8caa6280fd845fd524ad874a6b243510ebf085d58c989229020fcfc743492632 lzj.icp:8500/ibmcom/ma-file-annotator-amd64:1.3.1 lzj.icp:8500/ibmcom/ma-file-annotator:1.3.1] 653745236} {[lzj.icp:8500/ibmcom/icp-kibana-amd64@sha256:8b69887ac5297e1d2e68b9c2ce885b9a888f6c278ca1538acb0f03206b48502a lzj.icp:8500/ibmcom/icp-kibana-amd64:5.5.1 lzj.icp:8500/ibmcom/icp-kibana:5.5.1] 639622018} {[lzj.icp:8500/ibmcom/icp-platform-api-amd64@sha256:1fc47925c2611aef12631b3f3806308f55a298074aebc561fd04cf8a7691c669 lzj.icp:8500/ibmcom/icp-platform-api-amd64:3.1.0 lzj.icp:8500/ibmcom/icp-platform-api:3.1.0] 612589125} {[lzj.icp:8500/ibmcom/iam-policy-decision-amd64@sha256:d49eb3845c57bb8370a477949d92da10a178b81ade50f0e9d970981fadd6686d lzj.icp:8500/ibmcom/iam-policy-decision-amd64:3.1.0 lzj.icp:8500/ibmcom/iam-policy-decision:3.1.0] 559718344} {[lzj.icp:8500/ibmcom/rootkit-annotator-amd64@sha256:caf6c24136b8785d901f346a640d673b55fe105c3617cfcb432ee2006f5b1cf4 lzj.icp:8500/ibmcom/rootkit-annotator-amd64:1.3.1 lzj.icp:8500/ibmcom/rootkit-annotator:1.3.1] 549434506} {[lzj.icp:8500/ibmcom/icp-elasticsearch-amd64@sha256:0063a7a931ca4e52d8f7a51f2bdb010345f4373b5b904b52e5c8a48ec0c1fde7 lzj.icp:8500/ibmcom/icp-elasticsearch-amd64:5.5.1 lzj.icp:8500/ibmcom/icp-elasticsearch:5.5.1] 520121248} {[lzj.icp:8500/ibmcom/logging-pki-init-amd64@sha256:cc4bfa085e1ae99120ee526acd3e62d205e10de6f1c773c521fc5b933914f6a8 lzj.icp:8500/ibmcom/logging-pki-init-amd64:2.0.0 lzj.icp:8500/ibmcom/logging-pki-init:2.0.0] 501921135} {[lzj.icp:8500/ibmcom/searchguard-init-amd64@sha256:d19ce1d27f406945d4ed78b0f07007998c2ab3889086e502924847c2186db546 lzj.icp:8500/ibmcom/searchguard-init-amd64:2.0.0 lzj.icp:8500/ibmcom/searchguard-init:2.0.0] 457030441} {[lzj.icp:8500/ibmcom/metering-ui-amd64@sha256:3628a8fe41183c08ea0b02e2e798e3649e4aebe2c2405c34572b9eb7c7c4d9a8 lzj.icp:8500/ibmcom/metering-ui-amd64:3.1.0 lzj.icp:8500/ibmcom/metering-ui:3.1.0] 385577105} {[lzj.icp:8500/ibmcom/heketi-amd64@sha256:c5b579a4f219c87990f861eb61de86cb9cfb51b6d230b8c299df7d9fd3d02d0e lzj.icp:8500/ibmcom/heketi-amd64:v7.0.0 lzj.icp:8500/ibmcom/heketi:v7.0.0] 384720377} {[lzj.icp:8500/ibmcom/icp-mongodb-amd64@sha256:a305ae8bc309898d86bf60aee968846db3602f77b25924640d5f08a2389ee99d lzj.icp:8500/ibmcom/icp-mongodb-amd64:3.1.0 lzj.icp:8500/ibmcom/icp-mongodb:3.1.0] 379353410} {[lzj.icp:8500/ibmcom/icp-catalog-ui-amd64@sha256:33993b4eab189e3c78fe27799017da770d47523cf6831460741008bf91297d6d lzj.icp:8500/ibmcom/icp-catalog-ui-amd64:3.1.0 lzj.icp:8500/ibmcom/icp-catalog-ui:3.1.0] 363781304} {[lzj.icp:8500/ibmcom/nginx-ingress-controller-amd64@sha256:63b48dd3ba635aa65409f7d6a319e293697810c1b9e885e6255bebf36a2506ab lzj.icp:8500/ibmcom/nginx-ingress-controller-amd64:0.16.2 lzj.icp:8500/ibmcom/nginx-ingress-controller:0.16.2] 361632894} {[lzj.icp:8500/ibmcom/mariadb-amd64@sha256:1f9876179c32fcf463804f75cbf2fb031106edf2be9d5dbf6705375ca53930bb lzj.icp:8500/ibmcom/mariadb-amd64:10.2.17 lzj.icp:8500/ibmcom/mariadb:10.2.17] 358991946} {[lzj.icp:8500/ibmcom/k8szk-amd64@sha256:a9ee22a4df14654552a02303e4560623244683692fd298dd2fb71e9dd66219f3 lzj.icp:8500/ibmcom/k8szk-amd64:v3 lzj.icp:8500/ibmcom/k8szk:v3] 331472973} {[lzj.icp:8500/ibmcom/gluster-amd64@sha256:647caedb536eb7b8c5c8b0a2b69e52d2a34be9e6c9c7b9c1b21d14fcfa261886 lzj.icp:8500/ibmcom/gluster-amd64:v4.0.2 lzj.icp:8500/ibmcom/gluster:v4.0.2] 324265531} {[lzj.icp:8500/ibmcom/istio-grafana-amd64@sha256:381a2dd3a5addbc5d43920bc19bb15ba6dbd422e4a9d91163108e72c5a63234c lzj.icp:8500/ibmcom/istio-grafana-amd64:1.0.0.1 lzj.icp:8500/ibmcom/istio-grafana:1.0.0.1] 324187770} {[lzj.icp:8500/ibmcom/icp-filebeat-amd64@sha256:03af9b78dad6c2ba857975d10c81e781460796dff1ff1163ea4596f4aa10601d lzj.icp:8500/ibmcom/icp-filebeat-amd64:5.5.1 lzj.icp:8500/ibmcom/icp-filebeat:5.5.1] 317104874} {[lzj.icp:8500/ibmcom/istio-proxyv2-amd64@sha256:cd77e75fa85ce74914e1b7b0bef980ece8a62ef0d776c9ef51a0d7d30b4b64a0 lzj.icp:8500/ibmcom/istio-proxyv2-amd64:1.0.0.1 lzj.icp:8500/ibmcom/istio-proxyv2:1.0.0.1] 311276139} {[lzj.icp:8500/ibmcom/istio-pilot-amd64@sha256:63352073a964037fd37f6150228231d2e5eca7e0c2920405d6269326d3c54263 lzj.icp:8500/ibmcom/istio-pilot-amd64:1.0.0.1 lzj.icp:8500/ibmcom/istio-pilot:1.0.0.1] 309502004} {[lzj.icp:8500/ibmcom/fluentd-amd64@sha256:384a99b8d941c93f96ee5b5cbae5b70500219a3f71c73cf4eddd20d9d693e3b3 lzj.icp:8500/ibmcom/fluentd-amd64:v1.2.2-icp lzj.icp:8500/ibmcom/fluentd:v1.2.2-icp] 270902701} {[lzj.icp:8500/ibmcom/icp-identity-manager-amd64@sha256:632f31acd0fcfc3d0cebea31cfb71018f6712bd1a1b4da7476942b3c23aa3521 lzj.icp:8500/ibmcom/icp-identity-manager-amd64:3.1.0 lzj.icp:8500/ibmcom/icp-identity-manager:3.1.0] 268667523} {[lzj.icp:8500/ibmcom/elasticsearch-plugin-searchguard-amd64@sha256:28f88d06bbbc073162702064c1be4ad06272e9021cbc0f929ba8c6da2ca25ae6 lzj.icp:8500/ibmcom/elasticsearch-plugin-searchguard-amd64:2.0.0 lzj.icp:8500/ibmcom/elasticsearch-plugin-searchguard:2.0.0] 267864279} {[lzj.icp:8500/ibmcom/kiali-amd64@sha256:bec63b454cf2e597c61f6a9943144050e5e6fc7a4f6474bc3bb6b627ba20c71c lzj.icp:8500/ibmcom/kiali-amd64:istio-release-1.0.0.1 lzj.icp:8500/ibmcom/kiali:istio-release-1.0.0.1] 265771300} {[lzj.icp:8500/ibmcom/calico-node-amd64@sha256:9871f4dde9eab9fd804b12f3114da36505ff5c220e2323b7434eec24e3b23ac5 lzj.icp:8500/ibmcom/calico-node-amd64:v3.1.3 lzj.icp:8500/ibmcom/calico-node:v3.1.3] 248202699} {[lzj.icp:8500/ibmcom/grafana-amd64@sha256:dc3566257a0c716caedfb33127d8ee385290c1dda006bebfb75c376d56b30c88 lzj.icp:8500/ibmcom/grafana-amd64:5.2.0 lzj.icp:8500/ibmcom/grafana:5.2.0] 245297582} {[lzj.icp:8500/ibmcom/indices-cleaner-amd64@sha256:e6c6453d54012488e9ebfaa9e4d829f567d8e66b24c1613e6d88ca192ed5e85b lzj.icp:8500/ibmcom/indices-cleaner-amd64:1.0.0 lzj.icp:8500/ibmcom/indices-cleaner:1.0.0] 238131553} {[lzj.icp:8500/ibmcom/icp-identity-provider-amd64@sha256:24dba8b07c8295eef99abbf8d83041908516e4e50e4e4cfbbbcd53bdf415dda1 lzj.icp:8500/ibmcom/icp-identity-provider-amd64:3.1.0 lzj.icp:8500/ibmcom/icp-identity-provider:3.1.0] 224286517} {[lzj.icp:8500/ibmcom/curl-amd64@sha256:aad05b4e4529f7e70516d8d3028cae6cd1d50de738ce164f2a532ce2470ac43f lzj.icp:8500/ibmcom/curl-amd64:4.0.0 lzj.icp:8500/ibmcom/curl:4.0.0] 221192597} {[lzj.icp:8500/ibmcom/icp-audit-service-amd64@sha256:9add202c06a43da647380c860d9139fa059701fe103c1f229281215bf99dbbd3 lzj.icp:8500/ibmcom/icp-audit-service-amd64:3.1.0 lzj.icp:8500/ibmcom/icp-audit-service:3.1.0] 215897363}],VolumesInUse:[],VolumesAttached:[],Config:&amp;NodeConfigStatus{Assigned:nil,Active:nil,LastKnownGood:nil,Error:,},},}&#xA;Sep 19 08:04:15.679: INFO: &#xA;Logging kubelet events for node 10.46.6.173&#xA;Sep 19 08:04:15.683: INFO: &#xA;Logging pods the kubelet thinks is on node 10.46.6.173&#xA;Sep 19 08:04:15.730: INFO: helm-api-fdd886877-6pwm8 started at 2018-09-17 07:16:36 +0000 UTC (0+3 container statuses recorded)&#xA;Sep 19 08:04:15.730: INFO: &#x9;Container audit-service ready: true, restart count 0&#xA;Sep 19 08:04:15.730: INFO: &#x9;Container helmapi ready: true, restart count 0&#xA;Sep 19 08:04:15.730: INFO: &#x9;Container rudder ready: true, restart count 0&#xA;Sep 19 08:04:15.730: INFO: istio-egressgateway-54448bcdbd-f4v6v started at 2018-09-17 07:17:29 +0000 UTC (0+1 container statuses recorded)&#xA;Sep 19 08:04:15.730: INFO: &#x9;Container istio-egressgateway ready: true, restart count 0&#xA;Sep 19 08:04:15.730: INFO: istio-citadel-77694dc965-mwqkp started at 2018-09-17 07:17:31 +0000 UTC (0+1 container statuses recorded)&#xA;Sep 19 08:04:15.730: INFO: &#x9;Container citadel ready: true, restart count 0&#xA;Sep 19 08:04:15.730: INFO: vulnerability-advisor-process-ma-crawler-96728 started at 2018-09-17 07:19:03 +0000 UTC (0+1 container statuses recorded)&#xA;Sep 19 08:04:15.730: INFO: &#x9;Container process-ma-crawler ready: true, restart count 0&#xA;Sep 19 08:04:15.730: INFO: istio-telemetry-8b5964dc7-rfswc started at 2018-09-17 07:19:39 +0000 UTC (0+2 container statuses recorded)&#xA;Sep 19 08:04:15.730: INFO: &#x9;Container istio-proxy ready: true, restart count 0&#xA;Sep 19 08:04:15.730: INFO: &#x9;Container mixer ready: true, restart count 0&#xA;Sep 19 08:04:15.730: INFO: nvidia-device-plugin-nh54k started at 2018-09-17 07:07:17 +0000 UTC (1+1 container statuses recorded)&#xA;Sep 19 08:04:15.730: INFO: &#x9;Init container nvidia-driver-collector ready: true, restart count 0&#xA;Sep 19 08:04:15.730: INFO: &#x9;Container nvidia-device-plugin ready: true, restart count 0&#xA;Sep 19 08:04:15.730: INFO: mariadb-0 started at 2018-09-17 07:08:38 +0000 UTC (0+1 container statuses recorded)&#xA;Sep 19 08:04:15.730: INFO: &#x9;Container mariadb ready: true, restart count 0&#xA;Sep 19 08:04:15.730: INFO: logging-elk-filebeat-ds-qf2vz started at 2018-09-17 07:15:20 +0000 UTC (0+1 container statuses recorded)&#xA;Sep 19 08:04:15.730: INFO: &#x9;Container filebeat ready: true, restart count 0&#xA;Sep 19 08:04:15.730: INFO: istio-ingressgateway-7bc96d6585-c58zx started at 2018-09-17 07:24:15 +0000 UTC (0+1 container statuses recorded)&#xA;Sep 19 08:04:15.730: INFO: &#x9;Container istio-ingressgateway ready: true, restart count 0&#xA;Sep 19 08:04:15.730: INFO: istio-policy-5b64d7fd64-5l2m9 started at 2018-09-17 07:31:07 +0000 UTC (0+2 container statuses recorded)&#xA;Sep 19 08:04:15.730: INFO: &#x9;Container istio-proxy ready: true, restart count 0&#xA;Sep 19 08:04:15.730: INFO: &#x9;Container mixer ready: true, restart count 0&#xA;Sep 19 08:04:15.730: INFO: platform-api-2fs4x started at 2018-09-17 07:08:45 +0000 UTC (0+2 container statuses recorded)&#xA;Sep 19 08:04:15.730: INFO: &#x9;Container audit-service ready: true, restart count 0&#xA;Sep 19 08:04:15.730: INFO: &#x9;Container platform-api ready: true, restart count 0&#xA;Sep 19 08:04:15.730: INFO: istio-telemetry-8b5964dc7-hcf6d started at 2018-09-17 07:17:29 +0000 UTC (0+2 container statuses recorded)&#xA;Sep 19 08:04:15.730: INFO: &#x9;Container istio-proxy ready: true, restart count 0&#xA;Sep 19 08:04:15.730: INFO: &#x9;Container mixer ready: true, restart count 0&#xA;Sep 19 08:04:15.730: INFO: istio-sidecar-injector-86d554f5f7-d57zk started at 2018-09-17 07:17:32 +0000 UTC (0+1 container statuses recorded)&#xA;Sep 19 08:04:15.730: INFO: &#x9;Container sidecar-injector-webhook ready: true, restart count 0&#xA;Sep 19 08:04:15.730: INFO: secret-watcher-5f59fcbc69-pfnfk started at 2018-09-17 07:18:05 +0000 UTC (0+1 container statuses recorded)&#xA;Sep 19 08:04:15.730: INFO: &#x9;Container secret-watcher ready: true, restart count 0&#xA;Sep 19 08:04:15.730: INFO: istio-telemetry-8b5964dc7-nw9kk started at 2018-09-17 07:23:11 +0000 UTC (0+2 container statuses recorded)&#xA;Sep 19 08:04:15.730: INFO: &#x9;Container istio-proxy ready: true, restart count 0&#xA;Sep 19 08:04:15.730: INFO: &#x9;Container mixer ready: true, restart count 0&#xA;Sep 19 08:04:15.730: INFO: calico-kube-controllers-dcb8cc97c-gtsqp started at 2018-09-17 07:05:53 +0000 UTC (0+1 container statuses recorded)&#xA;Sep 19 08:04:15.730: INFO: &#x9;Container calico-kube-controllers ready: true, restart count 0&#xA;Sep 19 08:04:15.730: INFO: icp-mongodb-0 started at 2018-09-17 07:07:42 +0000 UTC (2+1 container statuses recorded)&#xA;Sep 19 08:04:15.730: INFO: &#x9;Init container install ready: true, restart count 0&#xA;Sep 19 08:04:15.730: INFO: &#x9;Init container bootstrap ready: true, restart count 0&#xA;Sep 19 08:04:15.730: INFO: &#x9;Container icp-mongodb ready: true, restart count 0&#xA;Sep 19 08:04:15.730: INFO: catalog-ui-5rtkh started at 2018-09-17 07:15:57 +0000 UTC (0+1 container statuses recorded)&#xA;Sep 19 08:04:15.730: INFO: &#x9;Container catalog-ui ready: true, restart count 0&#xA;Sep 19 08:04:15.730: INFO: istio-policy-5b64d7fd64-jrlzt started at 2018-09-17 07:23:11 +0000 UTC (0+2 container statuses recorded)&#xA;Sep 19 08:04:15.730: INFO: &#x9;Container istio-proxy ready: true, restart count 0&#xA;Sep 19 08:04:15.730: INFO: &#x9;Container mixer ready: true, restart count 0&#xA;Sep 19 08:04:15.730: INFO: istio-policy-5b64d7fd64-fb4bc started at 2018-09-17 07:27:37 +0000 UTC (0+2 container statuses recorded)&#xA;Sep 19 08:04:15.730: INFO: &#x9;Container istio-proxy ready: true, restart count 0&#xA;Sep 19 08:04:15.730: INFO: &#x9;Container mixer ready: true, restart count 0&#xA;Sep 19 08:04:15.730: INFO: k8s-proxy-10.46.6.173 started at &lt;nil&gt; (0+0 container statuses recorded)&#xA;Sep 19 08:04:15.730: INFO: k8s-etcd-10.46.6.173 started at &lt;nil&gt; (0+0 container statuses recorded)&#xA;Sep 19 08:04:15.730: INFO: image-manager-0 started at 2018-09-17 06:38:56 +0000 UTC (0+2 container statuses recorded)&#xA;Sep 19 08:04:15.730: INFO: &#x9;Container icp-registry ready: true, restart count 0&#xA;Sep 19 08:04:15.730: INFO: &#x9;Container image-manager ready: true, restart count 0&#xA;Sep 19 08:04:15.730: INFO: platform-deploy-dbbks started at 2018-09-17 07:08:45 +0000 UTC (0+1 container statuses recorded)&#xA;Sep 19 08:04:15.730: INFO: &#x9;Container platform-deploy ready: true, restart count 0&#xA;Sep 19 08:04:15.730: INFO: auth-apikeys-x45mz started at 2018-09-17 07:10:12 +0000 UTC (0+1 container statuses recorded)&#xA;Sep 19 08:04:15.730: INFO: &#x9;Container auth-apikeys ready: true, restart count 0&#xA;Sep 19 08:04:15.730: INFO: istio-policy-5b64d7fd64-pt9z2 started at 2018-09-17 07:17:30 +0000 UTC (0+2 container statuses recorded)&#xA;Sep 19 08:04:15.730: INFO: &#x9;Container istio-proxy ready: true, restart count 0&#xA;Sep 19 08:04:15.730: INFO: &#x9;Container mixer ready: true, restart count 0&#xA;Sep 19 08:04:15.730: INFO: istio-policy-5b64d7fd64-z68j4 started at 2018-09-17 07:19:38 +0000 UTC (0+2 container statuses recorded)&#xA;Sep 19 08:04:15.730: INFO: &#x9;Container istio-proxy ready: true, restart count 0&#xA;Sep 19 08:04:15.730: INFO: &#x9;Container mixer ready: true, restart count 0&#xA;Sep 19 08:04:15.730: INFO: istio-ingressgateway-7bc96d6585-r98nr started at 2018-09-17 07:28:10 +0000 UTC (0+1 container statuses recorded)&#xA;Sep 19 08:04:15.730: INFO: &#x9;Container istio-ingressgateway ready: true, restart count 0&#xA;Sep 19 08:04:15.730: INFO: mgmt-repo-57dc689b74-tmp44 started at 2018-09-17 07:17:51 +0000 UTC (1+2 container statuses recorded)&#xA;Sep 19 08:04:15.730: INFO: &#x9;Init container mgmt-repo-init ready: true, restart count 0&#xA;Sep 19 08:04:15.730: INFO: &#x9;Container audit-service ready: true, restart count 0&#xA;Sep 19 08:04:15.730: INFO: &#x9;Container mgmt-repo ready: true, restart count 0&#xA;Sep 19 08:04:15.730: INFO: istio-egressgateway-54448bcdbd-lhh5c started at 2018-09-17 07:20:07 +0000 UTC (0+1 container statuses recorded)&#xA;Sep 19 08:04:15.730: INFO: &#x9;Container istio-egressgateway ready: true, restart count 0&#xA;Sep 19 08:04:15.730: INFO: istio-ingressgateway-7bc96d6585-4qnc5 started at 2018-09-17 07:24:14 +0000 UTC (0+1 container statuses recorded)&#xA;Sep 19 08:04:15.730: INFO: &#x9;Container istio-ingressgateway ready: true, restart count 0&#xA;Sep 19 08:04:15.730: INFO: auth-idp-kjpmx started at 2018-09-17 07:10:04 +0000 UTC (1+4 container statuses recorded)&#xA;Sep 19 08:04:15.730: INFO: &#x9;Init container init-mariadb ready: true, restart count 0&#xA;Sep 19 08:04:15.730: INFO: &#x9;Container icp-audit-service ready: true, restart count 0&#xA;Sep 19 08:04:15.730: INFO: &#x9;Container platform-auth-service ready: true, restart count 0&#xA;Sep 19 08:04:15.730: INFO: &#x9;Container platform-identity-manager ready: true, restart count 0&#xA;Sep 19 08:04:15.730: INFO: &#x9;Container platform-identity-provider ready: true, restart count 0&#xA;Sep 19 08:04:15.730: INFO: helm-repo-5649f57447-wwdn4 started at 2018-09-17 07:13:54 +0000 UTC (1+2 container statuses recorded)&#xA;Sep 19 08:04:15.730: INFO: &#x9;Init container helm-repo-init ready: true, restart count 0&#xA;Sep 19 08:04:15.730: INFO: &#x9;Container audit-service ready: true, restart count 0&#xA;Sep 19 08:04:15.730: INFO: &#x9;Container helm-repo ready: true, restart count 0&#xA;Sep 19 08:04:15.730: INFO: metering-reader-l7284 started at 2018-09-17 07:14:11 +0000 UTC (1+1 container statuses recorded)&#xA;Sep 19 08:04:15.730: INFO: &#x9;Init container metering-reader-init ready: true, restart count 0&#xA;Sep 19 08:04:15.730: INFO: &#x9;Container metering-reader ready: true, restart count 0&#xA;Sep 19 08:04:15.730: INFO: istio-statsd-prom-bridge-66cb69b666-p76m8 started at 2018-09-17 07:17:29 +0000 UTC (0+1 container statuses recorded)&#xA;Sep 19 08:04:15.730: INFO: &#x9;Container statsd-prom-bridge ready: true, restart count 0&#xA;Sep 19 08:04:15.730: INFO: servicegraph-85578d8fc6-m62z4 started at 2018-09-17 07:17:32 +0000 UTC (0+1 container statuses recorded)&#xA;Sep 19 08:04:15.730: INFO: &#x9;Container servicegraph ready: true, restart count 0&#xA;Sep 19 08:04:15.730: INFO: istio-telemetry-8b5964dc7-vjqbq started at 2018-09-17 07:27:36 +0000 UTC (0+2 container statuses recorded)&#xA;Sep 19 08:04:15.730: INFO: &#x9;Container istio-proxy ready: true, restart count 0&#xA;Sep 19 08:04:15.730: INFO: &#x9;Container mixer ready: true, restart count 0&#xA;Sep 19 08:04:15.730: INFO: istio-telemetry-8b5964dc7-9q67f started at 2018-09-17 07:31:08 +0000 UTC (0+2 container statuses recorded)&#xA;Sep 19 08:04:15.730: INFO: &#x9;Container istio-proxy ready: true, restart count 0&#xA;Sep 19 08:04:15.730: INFO: &#x9;Container mixer ready: true, restart count 0&#xA;Sep 19 08:04:15.730: INFO: service-catalog-controller-manager-5969cccf86-65phs started at 2018-09-17 07:08:21 +0000 UTC (0+1 container statuses recorded)&#xA;Sep 19 08:04:15.730: INFO: &#x9;Container controller-manager ready: true, restart count 0&#xA;Sep 19 08:04:15.730: INFO: auth-pap-qb5m2 started at 2018-09-17 07:10:20 +0000 UTC (0+1 container statuses recorded)&#xA;Sep 19 08:04:15.730: INFO: &#x9;Container auth-pap ready: true, restart count 0&#xA;Sep 19 08:04:15.730: INFO: istio-pilot-6cf9ccf474-kkb6j started at 2018-09-17 07:17:31 +0000 UTC (0+2 container statuses recorded)&#xA;Sep 19 08:04:15.730: INFO: &#x9;Container discovery ready: true, restart count 0&#xA;Sep 19 08:04:15.730: INFO: &#x9;Container istio-proxy ready: true, restart count 0&#xA;Sep 19 08:04:15.730: INFO: calico-node-m7d5t started at 2018-09-17 07:05:54 +0000 UTC (0+2 container statuses recorded)&#xA;Sep 19 08:04:15.730: INFO: &#x9;Container calico-node ready: true, restart count 0&#xA;Sep 19 08:04:15.730: INFO: &#x9;Container install-cni ready: true, restart count 0&#xA;Sep 19 08:04:15.730: INFO: ibm-cert-manager-cert-manager-74687f689b-7994r started at 2018-09-17 07:07:12 +0000 UTC (0+1 container statuses recorded)&#xA;Sep 19 08:04:15.730: INFO: &#x9;Container ibm-cert-manager ready: true, restart count 0&#xA;Sep 19 08:04:15.730: INFO: nginx-ingress-controller-h5z2v started at 2018-09-17 07:08:28 +0000 UTC (1+1 container statuses recorded)&#xA;Sep 19 08:04:15.730: INFO: &#x9;Init container sysctl ready: true, restart count 0&#xA;Sep 19 08:04:15.730: INFO: &#x9;Container nginx-ingress ready: true, restart count 0&#xA;Sep 19 08:04:15.730: INFO: istio-egressgateway-54448bcdbd-pjbtc started at 2018-09-17 07:28:34 +0000 UTC (0+1 container statuses recorded)&#xA;Sep 19 08:04:15.730: INFO: &#x9;Container istio-egressgateway ready: true, restart count 0&#xA;Sep 19 08:04:15.730: INFO: k8s-master-10.46.6.173 started at &lt;nil&gt; (0+0 container statuses recorded)&#xA;Sep 19 08:04:15.730: INFO: grafana-77676f44f7-c9wr6 started at 2018-09-17 07:17:28 +0000 UTC (0+1 container statuses recorded)&#xA;Sep 19 08:04:15.730: INFO: &#x9;Container grafana ready: true, restart count 1&#xA;Sep 19 08:04:15.730: INFO: security-onboarding-tkf79 started at 2018-09-17 07:18:12 +0000 UTC (0+1 container statuses recorded)&#xA;Sep 19 08:04:15.730: INFO: &#x9;Container security-onboarding ready: false, restart count 0&#xA;Sep 19 08:04:15.730: INFO: istio-egressgateway-54448bcdbd-xmkbc started at 2018-09-17 07:24:11 +0000 UTC (0+1 container statuses recorded)&#xA;Sep 19 08:04:15.730: INFO: &#x9;Container istio-egressgateway ready: true, restart count 0&#xA;Sep 19 08:04:15.730: INFO: tiller-deploy-6b58875cb-5l8kh started at 2018-09-17 07:05:28 +0000 UTC (0+1 container statuses recorded)&#xA;Sep 19 08:04:15.730: INFO: &#x9;Container tiller ready: true, restart count 0&#xA;Sep 19 08:04:15.730: INFO: unified-router-lkwnl started at 2018-09-17 07:15:31 +0000 UTC (0+1 container statuses recorded)&#xA;Sep 19 08:04:15.730: INFO: &#x9;Container unified-router ready: true, restart count 0&#xA;Sep 19 08:04:15.730: INFO: istio-ingressgateway-7bc96d6585-smf45 started at 2018-09-17 07:17:28 +0000 UTC (0+1 container statuses recorded)&#xA;Sep 19 08:04:15.730: INFO: &#x9;Container istio-ingressgateway ready: true, restart count 0&#xA;Sep 19 08:04:15.730: INFO: default-backend-54966589c4-4d47g started at 2018-09-17 07:08:29 +0000 UTC (0+1 container statuses recorded)&#xA;Sep 19 08:04:15.730: INFO: &#x9;Container default-backend ready: true, restart count 0&#xA;Sep 19 08:04:15.730: INFO: platform-ui-6fjgx started at 2018-09-17 07:14:34 +0000 UTC (0+1 container statuses recorded)&#xA;Sep 19 08:04:15.730: INFO: &#x9;Container platform-ui ready: true, restart count 0&#xA;Sep 19 08:04:15.730: INFO: monitoring-prometheus-nodeexporter-f84fv started at 2018-09-17 07:15:45 +0000 UTC (0+2 container statuses recorded)&#xA;Sep 19 08:04:15.730: INFO: &#x9;Container nodeexporter ready: true, restart count 0&#xA;Sep 19 08:04:15.730: INFO: &#x9;Container router ready: true, restart count 0&#xA;Sep 19 08:04:15.730: INFO: prometheus-6f98d89664-wh7pb started at 2018-09-17 07:17:31 +0000 UTC (0+1 container statuses recorded)&#xA;Sep 19 08:04:15.730: INFO: &#x9;Container prometheus ready: true, restart count 0&#xA;Sep 19 08:04:15.730: INFO: vulnerability-advisor-live-crawler-p6khc started at 2018-09-17 07:19:02 +0000 UTC (0+1 container statuses recorded)&#xA;Sep 19 08:04:15.730: INFO: &#x9;Container live-crawler ready: true, restart count 0&#xA;Sep 19 08:04:15.730: INFO: service-catalog-apiserver-967x9 started at 2018-09-17 07:08:20 +0000 UTC (0+1 container statuses recorded)&#xA;Sep 19 08:04:15.730: INFO: &#x9;Container apiserver ready: true, restart count 0&#xA;Sep 19 08:04:15.730: INFO: oidc-client-registration-szxrk started at 2018-09-17 07:10:05 +0000 UTC (0+1 container statuses recorded)&#xA;Sep 19 08:04:15.730: INFO: &#x9;Container oidc-client-registration ready: false, restart count 0&#xA;Sep 19 08:04:15.730: INFO: kiali-7f8c59df94-25qmq started at 2018-09-17 07:17:27 +0000 UTC (0+1 container statuses recorded)&#xA;Sep 19 08:04:15.730: INFO: &#x9;Container kiali ready: true, restart count 0&#xA;Sep 19 08:04:15.730: INFO: kube-dns-mwjc8 started at 2018-09-17 07:06:10 +0000 UTC (0+1 container statuses recorded)&#xA;Sep 19 08:04:15.730: INFO: &#x9;Container kube-dns ready: true, restart count 0&#xA;Sep 19 08:04:15.730: INFO: auth-pdp-tk2jm started at 2018-09-17 07:10:28 +0000 UTC (5+2 container statuses recorded)&#xA;Sep 19 08:04:15.730: INFO: &#x9;Init container init-auth-service ready: true, restart count 0&#xA;Sep 19 08:04:15.730: INFO: &#x9;Init container init-identity-provider ready: true, restart count 0&#xA;Sep 19 08:04:15.730: INFO: &#x9;Init container init-identity-manager ready: true, restart count 0&#xA;Sep 19 08:04:15.730: INFO: &#x9;Init container init-token-service ready: true, restart count 0&#xA;Sep 19 08:04:15.730: INFO: &#x9;Init container init-pap ready: true, restart count 0&#xA;Sep 19 08:04:15.730: INFO: &#x9;Container auth-pdp ready: true, restart count 0&#xA;Sep 19 08:04:15.730: INFO: &#x9;Container icp-audit-service ready: true, restart count 0&#xA;Sep 19 08:04:15.730: INFO: icp-management-ingress-x6qn8 started at 2018-09-17 07:10:36 +0000 UTC (0+1 container statuses recorded)&#xA;Sep 19 08:04:15.730: INFO: &#x9;Container icp-management-ingress ready: true, restart count 0&#xA;Sep 19 08:04:15.730: INFO: istio-egressgateway-54448bcdbd-cqlhf started at 2018-09-17 07:24:11 +0000 UTC (0+1 container statuses recorded)&#xA;Sep 19 08:04:15.730: INFO: &#x9;Container istio-egressgateway ready: true, restart count 0&#xA;Sep 19 08:04:15.730: INFO: heapster-69b486565b-nt26r started at 2018-09-17 07:13:48 +0000 UTC (0+1 container statuses recorded)&#xA;Sep 19 08:04:15.730: INFO: &#x9;Container heapster ready: true, restart count 0&#xA;Sep 19 08:04:15.730: INFO: istio-galley-687cd96db-hlpng started at 2018-09-17 07:17:28 +0000 UTC (0+1 container statuses recorded)&#xA;Sep 19 08:04:15.730: INFO: &#x9;Container validator ready: true, restart count 0&#xA;Sep 19 08:04:15.730: INFO: istio-tracing-77ccfc8844-79ngl started at 2018-09-17 07:17:32 +0000 UTC (0+1 container statuses recorded)&#xA;Sep 19 08:04:15.730: INFO: &#x9;Container jaeger ready: true, restart count 0&#xA;Sep 19 08:04:15.730: INFO: audit-logging-fluentd-ds-dhcg6 started at 2018-09-17 07:18:46 +0000 UTC (0+1 container statuses recorded)&#xA;Sep 19 08:04:15.730: INFO: &#x9;Container fluentd ready: true, restart count 0&#xA;Sep 19 08:04:15.730: INFO: istio-ingressgateway-7bc96d6585-m567m started at 2018-09-17 07:20:41 +0000 UTC (0+1 container statuses recorded)&#xA;Sep 19 08:04:15.730: INFO: &#x9;Container istio-ingressgateway ready: true, restart count 0&#xA;Sep 19 08:04:15.810: INFO: &#xA;Latency metrics for node 10.46.6.173&#xA;STEP: Dumping a list of prepulled images on each node to file /tmp/results/image-puller.txt&#xA;Sep 19 08:04:15.835: INFO: Waiting up to 3m0s for all (but 0) nodes to be ready&#xA;STEP: Destroying namespace &#34;e2e-tests-gc-6sss8&#34; for this suite.&#xA;Sep 19 08:04:21.868: INFO: Waiting up to 30s for server preferred namespaced resources to be successfully discovered&#xA;Sep 19 08:04:21.884: INFO: namespace: e2e-tests-gc-6sss8, resource: bindings, ignored listing per whitelist&#xA;Sep 19 08:04:23.789: INFO: namespace e2e-tests-gc-6sss8 deletion completed in 7.946024794s&#xA;</system-out>
      </testcase>
      <testcase name="[sig-network] Loadbalancing: L7 GCE [Slow] [Feature:kubemci] should support https-only annotation" classname="Kubernetes e2e suite" time="0">
          <skipped></skipped>
      </testcase>
      <testcase name="[sig-apps] Job should run a job to completion when tasks succeed" classname="Kubernetes e2e suite" time="0">
          <skipped></skipped>
      </testcase>
      <testcase name="[sig-storage] Subpath [Volume type: hostPath] should unmount if pod is force deleted while kubelet is down [Disruptive][Slow]" classname="Kubernetes e2e suite" time="0">
          <skipped></skipped>
      </testcase>
      <testcase name="[sig-storage] PersistentVolumes-local  [Volume type: tmpfs] Two pods mounting a local volume one after the other should be able to write from pod1 and read from pod2" classname="Kubernetes e2e suite" time="0">
          <skipped></skipped>
      </testcase>
      <testcase name="[sig-storage] Subpath [Volume type: hostPathSymlink] should fail if subpath with backstepping is outside the volume [Slow]" classname="Kubernetes e2e suite" time="0">
          <skipped></skipped>
      </testcase>
      <testcase name="[k8s.io] [sig-node] Pods Extended [k8s.io] Delete Grace Period should be submitted and removed  [Flaky] [Conformance]" classname="Kubernetes e2e suite" time="0">
          <skipped></skipped>
      </testcase>
      <testcase name="[sig-storage] PersistentVolumes-local  [Volume type: gce-localssd-scsi-fs] [Serial] Set fsGroup for local volume should not set different fsGroups for two pods simultaneously" classname="Kubernetes e2e suite" time="0">
          <skipped></skipped>
      </testcase>
      <testcase name="[sig-cli] Kubectl Port forwarding [k8s.io] With a server listening on 0.0.0.0 should support forwarding over websockets" classname="Kubernetes e2e suite" time="0">
          <skipped></skipped>
      </testcase>
      <testcase name="[sig-network] Services should be able to switch session affinity for NodePort service" classname="Kubernetes e2e suite" time="0">
          <skipped></skipped>
      </testcase>
      <testcase name="[sig-storage] Subpath [Volume type: nfs] should support file as subpath" classname="Kubernetes e2e suite" time="0">
          <skipped></skipped>
      </testcase>
      <testcase name="[sig-network] Services should have session affinity work for LoadBalancer service with ESIPP on [Slow] [DisabledForLargeClusters]" classname="Kubernetes e2e suite" time="0">
          <skipped></skipped>
      </testcase>
      <testcase name="[sig-storage] Dynamic Provisioning DynamicProvisioner External should let an external dynamic provisioner create and delete persistent volumes [Slow]" classname="Kubernetes e2e suite" time="0">
          <skipped></skipped>
      </testcase>
      <testcase name="[sig-storage] Volumes Azure Disk [Feature:Volumes] should be mountable [Slow]" classname="Kubernetes e2e suite" time="0">
          <skipped></skipped>
      </testcase>
      <testcase name="[sig-storage] Projected should be consumable from pods in volume [NodeConformance] [Conformance]" classname="Kubernetes e2e suite" time="10.633738432"></testcase>
      <testcase name="[sig-instrumentation] Stackdriver Monitoring should run Custom Metrics - Stackdriver Adapter for external metrics [Feature:StackdriverExternalMetrics]" classname="Kubernetes e2e suite" time="0">
          <skipped></skipped>
      </testcase>
      <testcase name="[sig-storage] Subpath [Volume type: nfs] should support existing directories when readOnly specified in the volumeSource" classname="Kubernetes e2e suite" time="0">
          <skipped></skipped>
      </testcase>
      <testcase name="[sig-storage] Projected should be consumable from pods in volume with mappings as non-root with FSGroup [NodeFeature:FSGroup]" classname="Kubernetes e2e suite" time="0">
          <skipped></skipped>
      </testcase>
      <testcase name="[sig-storage] PersistentVolumes:vsphere should test that deleting the PV before the pod does not cause pod deletion to fail on vspehre volume detach" classname="Kubernetes e2e suite" time="0">
          <skipped></skipped>
      </testcase>
      <testcase name="[sig-storage] Projected should be consumable from pods in volume as non-root [NodeConformance] [Conformance]" classname="Kubernetes e2e suite" time="14.67509371"></testcase>
      <testcase name="[sig-storage] Subpath [Volume type: nfsPVC] should support existing directory" classname="Kubernetes e2e suite" time="0">
          <skipped></skipped>
      </testcase>
      <testcase name="[sig-cluster-lifecycle] kube-proxy migration [Feature:KubeProxyDaemonSetMigration] Downgrade kube-proxy from a DaemonSet to static pods should maintain a functioning cluster [Feature:KubeProxyDaemonSetDowngrade]" classname="Kubernetes e2e suite" time="0">
          <skipped></skipped>
      </testcase>
      <testcase name="[sig-network] Loadbalancing: L7 GCE [Slow] [Feature:kubemci] single and multi-cluster ingresses should be able to exist together" classname="Kubernetes e2e suite" time="0">
          <skipped></skipped>
      </testcase>
      <testcase name="[k8s.io] [sig-node] AppArmor load AppArmor profiles can disable an AppArmor profile, using unconfined" classname="Kubernetes e2e suite" time="0">
          <skipped></skipped>
      </testcase>
      <testcase name="[sig-scalability] Density [Feature:ManualPerformance] should allow starting 3 pods per node using { ReplicationController} with 0 secrets, 0 configmaps and 0 daemons" classname="Kubernetes e2e suite" time="0">
          <skipped></skipped>
      </testcase>
      <testcase name="[sig-storage] Subpath [Volume type: gcePDPVC] should support creating multiple subpath from same volumes [Slow]" classname="Kubernetes e2e suite" time="0">
          <skipped></skipped>
      </testcase>
      <testcase name="[k8s.io] InitContainer [NodeConformance] should invoke init containers on a RestartAlways pod" classname="Kubernetes e2e suite" time="0">
          <skipped></skipped>
      </testcase>
      <testcase name="[sig-storage] Subpath [Volume type: hostPathSymlink] should support existing directory" classname="Kubernetes e2e suite" time="0">
          <skipped></skipped>
      </testcase>
      <testcase name="[k8s.io] [sig-node] Security Context [Feature:SecurityContext] should support pod.Spec.SecurityContext.RunAsUser" classname="Kubernetes e2e suite" time="0">
          <skipped></skipped>
      </testcase>
      <testcase name="[sig-storage] Subpath [Volume type: hostPathSymlink] should support existing single file" classname="Kubernetes e2e suite" time="0">
          <skipped></skipped>
      </testcase>
      <testcase name="[sig-storage] Downward API volume should provide podname as non-root with fsgroup [NodeFeature:FSGroup]" classname="Kubernetes e2e suite" time="0">
          <skipped></skipped>
      </testcase>
      <testcase name="[sig-storage] Subpath [Volume type: gcePDPartitioned] should support readOnly directory specified in the volumeMount" classname="Kubernetes e2e suite" time="0">
          <skipped></skipped>
      </testcase>
      <testcase name="[sig-api-machinery] Downward API should provide host IP as an env var [NodeConformance] [Conformance]" classname="Kubernetes e2e suite" time="16.512481597"></testcase>
      <testcase name="[sig-storage] PersistentVolumes [Feature:LabelSelector] [sig-storage] Selector-Label Volume Binding:vsphere should bind volume with claim for given label" classname="Kubernetes e2e suite" time="0">
          <skipped></skipped>
      </testcase>
      <testcase name="[sig-apps] ReplicaSet should serve a basic image on each replica with a public image  [Conformance]" classname="Kubernetes e2e suite" time="20.489448948"></testcase>
      <testcase name="[sig-autoscaling] Cluster size autoscaling [Slow] Should not scale GPU pool up if pod does not require GPUs [GpuType:nvidia-tesla-k80] [Feature:ClusterSizeAutoscalingGpu]" classname="Kubernetes e2e suite" time="0">
          <skipped></skipped>
      </testcase>
      <testcase name="[sig-scheduling] SchedulerPredicates [Serial] validates that NodeSelector is respected if matching  [Conformance]" classname="Kubernetes e2e suite" time="69.064802373">
          <failure type="Failure">/workspace/anago-v1.11.2-beta.0.50+bb9ffb1654d4a7/src/k8s.io/kubernetes/_output/dockerized/go/src/k8s.io/kubernetes/test/e2e/framework/framework.go:684&#xA;Expected error:&#xA;    &lt;*errors.StatusError | 0xc422579b90&gt;: {&#xA;        ErrStatus: {&#xA;            TypeMeta: {Kind: &#34;&#34;, APIVersion: &#34;&#34;},&#xA;            ListMeta: {SelfLink: &#34;&#34;, ResourceVersion: &#34;&#34;, Continue: &#34;&#34;},&#xA;            Status: &#34;Failure&#34;,&#xA;            Message: &#34;Internal error occurred: admission webhook \&#34;trust.hooks.securityenforcement.admission.cloud.ibm.com\&#34; denied the request: \nDeny \&#34;k8s.gcr.io/pause:3.1\&#34;, no matching repositories in ClusterImagePolicy and no ImagePolicies in the \&#34;e2e-tests-sched-pred-fcv2p\&#34; namespace&#34;,&#xA;            Reason: &#34;InternalError&#34;,&#xA;            Details: {&#xA;                Name: &#34;&#34;,&#xA;                Group: &#34;&#34;,&#xA;                Kind: &#34;&#34;,&#xA;                UID: &#34;&#34;,&#xA;                Causes: [&#xA;                    {&#xA;                        Type: &#34;&#34;,&#xA;                        Message: &#34;admission webhook \&#34;trust.hooks.securityenforcement.admission.cloud.ibm.com\&#34; denied the request: \nDeny \&#34;k8s.gcr.io/pause:3.1\&#34;, no matching repositories in ClusterImagePolicy and no ImagePolicies in the \&#34;e2e-tests-sched-pred-fcv2p\&#34; namespace&#34;,&#xA;                        Field: &#34;&#34;,&#xA;                    },&#xA;                ],&#xA;                RetryAfterSeconds: 0,&#xA;            },&#xA;            Code: 500,&#xA;        },&#xA;    }&#xA;    Internal error occurred: admission webhook &#34;trust.hooks.securityenforcement.admission.cloud.ibm.com&#34; denied the request: &#xA;    Deny &#34;k8s.gcr.io/pause:3.1&#34;, no matching repositories in ClusterImagePolicy and no ImagePolicies in the &#34;e2e-tests-sched-pred-fcv2p&#34; namespace&#xA;not to have occurred&#xA;/workspace/anago-v1.11.2-beta.0.50+bb9ffb1654d4a7/src/k8s.io/kubernetes/_output/dockerized/go/src/k8s.io/kubernetes/test/e2e/scheduling/predicates.go:663</failure>
          <system-out>[BeforeEach] [sig-scheduling] SchedulerPredicates [Serial]&#xA;  /workspace/anago-v1.11.2-beta.0.50+bb9ffb1654d4a7/src/k8s.io/kubernetes/_output/dockerized/go/src/k8s.io/kubernetes/test/e2e/framework/framework.go:141&#xA;STEP: Creating a kubernetes client&#xA;Sep 19 08:05:26.101: INFO: &gt;&gt;&gt; kubeConfig: /tmp/kubeconfig-172917420&#xA;STEP: Building a namespace api object&#xA;STEP: Binding the e2e-test-privileged-psp PodSecurityPolicy to the default service account in e2e-tests-sched-pred-fcv2p&#xA;STEP: Waiting for a default service account to be provisioned in namespace&#xA;[BeforeEach] [sig-scheduling] SchedulerPredicates [Serial]&#xA;  /workspace/anago-v1.11.2-beta.0.50+bb9ffb1654d4a7/src/k8s.io/kubernetes/_output/dockerized/go/src/k8s.io/kubernetes/test/e2e/scheduling/predicates.go:80&#xA;Sep 19 08:05:26.437: INFO: Waiting up to 1m0s for all nodes to be ready&#xA;Sep 19 08:06:26.530: INFO: Waiting for terminating namespaces to be deleted...&#xA;Sep 19 08:06:26.537: INFO: Waiting up to 5m0s for all pods (need at least 0) in namespace &#39;kube-system&#39; to be running and ready&#xA;Sep 19 08:06:26.586: INFO: The status of Pod logging-elk-elasticsearch-tls-init-6hnl4 is Succeeded, skipping waiting&#xA;Sep 19 08:06:26.587: INFO: The status of Pod oidc-client-registration-szxrk is Succeeded, skipping waiting&#xA;Sep 19 08:06:26.587: INFO: The status of Pod security-onboarding-tkf79 is Succeeded, skipping waiting&#xA;Sep 19 08:06:26.587: INFO: The status of Pod vulnerability-advisor-minio-cleaner-1537228740-55f4w is Succeeded, skipping waiting&#xA;Sep 19 08:06:26.587: INFO: The status of Pod vulnerability-advisor-minio-cleaner-1537315140-nqk7v is Succeeded, skipping waiting&#xA;Sep 19 08:06:26.587: INFO: The status of Pod vulnerability-advisor-usncrawler-8h976 is Succeeded, skipping waiting&#xA;Sep 19 08:06:26.587: INFO: 103 / 109 pods in namespace &#39;kube-system&#39; are running and ready (0 seconds elapsed)&#xA;Sep 19 08:06:26.587: INFO: expected 45 pod replicas in namespace &#39;kube-system&#39;, 45 are Running and Ready.&#xA;Sep 19 08:06:26.602: INFO: Waiting for pods to enter Success, but no pods in &#34;kube-system&#34; match label map[name:e2e-image-puller]&#xA;Sep 19 08:06:26.602: INFO: &#xA;Logging pods the kubelet thinks is on node 10.46.6.170 before test&#xA;Sep 19 08:06:26.621: INFO: monitoring-prometheus-nodeexporter-tpbc8 from kube-system started at 2018-09-17 07:15:44 +0000 UTC (2 container statuses recorded)&#xA;Sep 19 08:06:26.621: INFO: &#x9;Container nodeexporter ready: true, restart count 0&#xA;Sep 19 08:06:26.621: INFO: &#x9;Container router ready: true, restart count 0&#xA;Sep 19 08:06:26.621: INFO: audit-logging-fluentd-ds-4cgnk from kube-system started at 2018-09-17 07:18:46 +0000 UTC (1 container statuses recorded)&#xA;Sep 19 08:06:26.621: INFO: &#x9;Container fluentd ready: true, restart count 0&#xA;Sep 19 08:06:26.621: INFO: vulnerability-advisor-process-ma-crawler-5g4zk from kube-system started at 2018-09-17 07:19:03 +0000 UTC (1 container statuses recorded)&#xA;Sep 19 08:06:26.621: INFO: &#x9;Container process-ma-crawler ready: true, restart count 0&#xA;Sep 19 08:06:26.621: INFO: my-ibm-open-liberty-ibm-7f7d9778d7-7t5jc from kube-system started at 2018-09-17 08:22:24 +0000 UTC (1 container statuses recorded)&#xA;Sep 19 08:06:26.621: INFO: &#x9;Container ibm-open-liberty ready: true, restart count 0&#xA;Sep 19 08:06:26.621: INFO: k8s-proxy-10.46.6.170 from kube-system started at &lt;nil&gt; (0 container statuses recorded)&#xA;Sep 19 08:06:26.621: INFO: calico-node-htf97 from kube-system started at 2018-09-17 07:05:53 +0000 UTC (2 container statuses recorded)&#xA;Sep 19 08:06:26.621: INFO: &#x9;Container calico-node ready: true, restart count 0&#xA;Sep 19 08:06:26.621: INFO: &#x9;Container install-cni ready: true, restart count 0&#xA;Sep 19 08:06:26.621: INFO: logging-elk-filebeat-ds-jtd5q from kube-system started at 2018-09-17 07:15:20 +0000 UTC (1 container statuses recorded)&#xA;Sep 19 08:06:26.621: INFO: &#x9;Container filebeat ready: true, restart count 0&#xA;Sep 19 08:06:26.621: INFO: sonobuoy from heptio-sonobuoy started at 2018-09-19 07:22:02 +0000 UTC (1 container statuses recorded)&#xA;Sep 19 08:06:26.621: INFO: &#x9;Container kube-sonobuoy ready: true, restart count 0&#xA;Sep 19 08:06:26.621: INFO: nvidia-device-plugin-9h2k4 from kube-system started at 2018-09-17 07:07:17 +0000 UTC (1 container statuses recorded)&#xA;Sep 19 08:06:26.621: INFO: &#x9;Container nvidia-device-plugin ready: true, restart count 0&#xA;Sep 19 08:06:26.621: INFO: metering-reader-44wd7 from kube-system started at 2018-09-17 07:14:11 +0000 UTC (1 container statuses recorded)&#xA;Sep 19 08:06:26.621: INFO: &#x9;Container metering-reader ready: true, restart count 0&#xA;Sep 19 08:06:26.621: INFO: vulnerability-advisor-live-crawler-ccxd7 from kube-system started at 2018-09-17 07:19:03 +0000 UTC (1 container statuses recorded)&#xA;Sep 19 08:06:26.621: INFO: &#x9;Container live-crawler ready: true, restart count 0&#xA;Sep 19 08:06:26.621: INFO: sonobuoy-e2e-job-c3f9b53ea97c48a2 from heptio-sonobuoy started at 2018-09-19 07:22:08 +0000 UTC (2 container statuses recorded)&#xA;Sep 19 08:06:26.621: INFO: &#x9;Container e2e ready: true, restart count 0&#xA;Sep 19 08:06:26.621: INFO: &#x9;Container sonobuoy-worker ready: true, restart count 0&#xA;[It] validates that NodeSelector is respected if matching  [Conformance]&#xA;  /workspace/anago-v1.11.2-beta.0.50+bb9ffb1654d4a7/src/k8s.io/kubernetes/_output/dockerized/go/src/k8s.io/kubernetes/test/e2e/framework/framework.go:684&#xA;STEP: Trying to launch a pod without a label to get a node which can launch it.&#xA;Sep 19 08:06:26.669: INFO: Unexpected error occurred: Internal error occurred: admission webhook &#34;trust.hooks.securityenforcement.admission.cloud.ibm.com&#34; denied the request: &#xA;Deny &#34;k8s.gcr.io/pause:3.1&#34;, no matching repositories in ClusterImagePolicy and no ImagePolicies in the &#34;e2e-tests-sched-pred-fcv2p&#34; namespace&#xA;[AfterEach] [sig-scheduling] SchedulerPredicates [Serial]&#xA;  /workspace/anago-v1.11.2-beta.0.50+bb9ffb1654d4a7/src/k8s.io/kubernetes/_output/dockerized/go/src/k8s.io/kubernetes/test/e2e/framework/framework.go:142&#xA;STEP: Collecting events from namespace &#34;e2e-tests-sched-pred-fcv2p&#34;.&#xA;STEP: Found 0 events.&#xA;Sep 19 08:06:26.726: INFO: POD                                                              NODE         PHASE      GRACE  CONDITIONS&#xA;Sep 19 08:06:26.726: INFO: ibm-cert-manager-cert-manager-74687f689b-7994r                   10.46.6.173  Running           [{Initialized True 0001-01-01 00:00:00 +0000 UTC 2018-09-17 07:07:12 +0000 UTC  } {Ready True 0001-01-01 00:00:00 +0000 UTC 2018-09-17 07:07:37 +0000 UTC  } {ContainersReady True 0001-01-01 00:00:00 +0000 UTC 0001-01-01 00:00:00 +0000 UTC  } {PodScheduled True 0001-01-01 00:00:00 +0000 UTC 2018-09-17 07:07:12 +0000 UTC  }]&#xA;Sep 19 08:06:26.726: INFO: sonobuoy                                                         10.46.6.170  Running           [{Initialized True 0001-01-01 00:00:00 +0000 UTC 2018-09-19 07:22:02 +0000 UTC  } {Ready True 0001-01-01 00:00:00 +0000 UTC 2018-09-19 07:22:08 +0000 UTC  } {ContainersReady True 0001-01-01 00:00:00 +0000 UTC 0001-01-01 00:00:00 +0000 UTC  } {PodScheduled True 0001-01-01 00:00:00 +0000 UTC 2018-09-19 07:22:02 +0000 UTC  }]&#xA;Sep 19 08:06:26.726: INFO: sonobuoy-e2e-job-c3f9b53ea97c48a2                                10.46.6.170  Running           [{Initialized True 0001-01-01 00:00:00 +0000 UTC 2018-09-19 07:22:08 +0000 UTC  } {Ready True 0001-01-01 00:00:00 +0000 UTC 2018-09-19 07:22:25 +0000 UTC  } {ContainersReady True 0001-01-01 00:00:00 +0000 UTC 0001-01-01 00:00:00 +0000 UTC  } {PodScheduled True 0001-01-01 00:00:00 +0000 UTC 2018-09-19 07:22:08 +0000 UTC  }]&#xA;Sep 19 08:06:26.726: INFO: grafana-77676f44f7-c9wr6                                         10.46.6.173  Running           [{Initialized True 0001-01-01 00:00:00 +0000 UTC 2018-09-17 07:17:28 +0000 UTC  } {Ready True 0001-01-01 00:00:00 +0000 UTC 2018-09-17 07:20:34 +0000 UTC  } {ContainersReady True 0001-01-01 00:00:00 +0000 UTC 0001-01-01 00:00:00 +0000 UTC  } {PodScheduled True 0001-01-01 00:00:00 +0000 UTC 2018-09-17 07:17:27 +0000 UTC  }]&#xA;Sep 19 08:06:26.726: INFO: istio-citadel-77694dc965-mwqkp                                   10.46.6.173  Running           [{Initialized True 0001-01-01 00:00:00 +0000 UTC 2018-09-17 07:17:31 +0000 UTC  } {Ready True 0001-01-01 00:00:00 +0000 UTC 2018-09-17 07:18:30 +0000 UTC  } {ContainersReady True 0001-01-01 00:00:00 +0000 UTC 0001-01-01 00:00:00 +0000 UTC  } {PodScheduled True 0001-01-01 00:00:00 +0000 UTC 2018-09-17 07:17:28 +0000 UTC  }]&#xA;Sep 19 08:06:26.726: INFO: istio-egressgateway-54448bcdbd-cqlhf                             10.46.6.173  Running           [{Initialized True 0001-01-01 00:00:00 +0000 UTC 2018-09-17 07:24:11 +0000 UTC  } {Ready True 0001-01-01 00:00:00 +0000 UTC 2018-09-17 07:25:19 +0000 UTC  } {ContainersReady True 0001-01-01 00:00:00 +0000 UTC 0001-01-01 00:00:00 +0000 UTC  } {PodScheduled True 0001-01-01 00:00:00 +0000 UTC 2018-09-17 07:24:10 +0000 UTC  }]&#xA;Sep 19 08:06:26.726: INFO: istio-egressgateway-54448bcdbd-f4v6v                             10.46.6.173  Running           [{Initialized True 0001-01-01 00:00:00 +0000 UTC 2018-09-17 07:17:29 +0000 UTC  } {Ready True 0001-01-01 00:00:00 +0000 UTC 2018-09-17 07:18:31 +0000 UTC  } {ContainersReady True 0001-01-01 00:00:00 +0000 UTC 0001-01-01 00:00:00 +0000 UTC  } {PodScheduled True 0001-01-01 00:00:00 +0000 UTC 2018-09-17 07:17:27 +0000 UTC  }]&#xA;Sep 19 08:06:26.726: INFO: istio-egressgateway-54448bcdbd-lhh5c                             10.46.6.173  Running           [{Initialized True 0001-01-01 00:00:00 +0000 UTC 2018-09-17 07:20:07 +0000 UTC  } {Ready True 0001-01-01 00:00:00 +0000 UTC 2018-09-17 07:21:11 +0000 UTC  } {ContainersReady True 0001-01-01 00:00:00 +0000 UTC 0001-01-01 00:00:00 +0000 UTC  } {PodScheduled True 0001-01-01 00:00:00 +0000 UTC 2018-09-17 07:20:06 +0000 UTC  }]&#xA;Sep 19 08:06:26.726: INFO: istio-egressgateway-54448bcdbd-pjbtc                             10.46.6.173  Running           [{Initialized True 0001-01-01 00:00:00 +0000 UTC 2018-09-17 07:28:34 +0000 UTC  } {Ready True 0001-01-01 00:00:00 +0000 UTC 2018-09-17 07:29:40 +0000 UTC  } {ContainersReady True 0001-01-01 00:00:00 +0000 UTC 0001-01-01 00:00:00 +0000 UTC  } {PodScheduled True 0001-01-01 00:00:00 +0000 UTC 2018-09-17 07:28:34 +0000 UTC  }]&#xA;Sep 19 08:06:26.726: INFO: istio-egressgateway-54448bcdbd-xmkbc                             10.46.6.173  Running           [{Initialized True 0001-01-01 00:00:00 +0000 UTC 2018-09-17 07:24:11 +0000 UTC  } {Ready True 0001-01-01 00:00:00 +0000 UTC 2018-09-17 07:25:10 +0000 UTC  } {ContainersReady True 0001-01-01 00:00:00 +0000 UTC 0001-01-01 00:00:00 +0000 UTC  } {PodScheduled True 0001-01-01 00:00:00 +0000 UTC 2018-09-17 07:24:10 +0000 UTC  }]&#xA;Sep 19 08:06:26.726: INFO: istio-galley-687cd96db-hlpng                                     10.46.6.173  Running           [{Initialized True 0001-01-01 00:00:00 +0000 UTC 2018-09-17 07:17:28 +0000 UTC  } {Ready True 0001-01-01 00:00:00 +0000 UTC 2018-09-17 07:18:35 +0000 UTC  } {ContainersReady True 0001-01-01 00:00:00 +0000 UTC 0001-01-01 00:00:00 +0000 UTC  } {PodScheduled True 0001-01-01 00:00:00 +0000 UTC 2018-09-17 07:17:27 +0000 UTC  }]&#xA;Sep 19 08:06:26.726: INFO: istio-ingressgateway-7bc96d6585-4qnc5                            10.46.6.173  Running           [{Initialized True 0001-01-01 00:00:00 +0000 UTC 2018-09-17 07:24:14 +0000 UTC  } {Ready True 0001-01-01 00:00:00 +0000 UTC 2018-09-17 07:25:22 +0000 UTC  } {ContainersReady True 0001-01-01 00:00:00 +0000 UTC 0001-01-01 00:00:00 +0000 UTC  } {PodScheduled True 0001-01-01 00:00:00 +0000 UTC 2018-09-17 07:24:13 +0000 UTC  }]&#xA;Sep 19 08:06:26.726: INFO: istio-ingressgateway-7bc96d6585-c58zx                            10.46.6.173  Running           [{Initialized True 0001-01-01 00:00:00 +0000 UTC 2018-09-17 07:24:15 +0000 UTC  } {Ready True 0001-01-01 00:00:00 +0000 UTC 2018-09-17 07:25:19 +0000 UTC  } {ContainersReady True 0001-01-01 00:00:00 +0000 UTC 0001-01-01 00:00:00 +0000 UTC  } {PodScheduled True 0001-01-01 00:00:00 +0000 UTC 2018-09-17 07:24:14 +0000 UTC  }]&#xA;Sep 19 08:06:26.726: INFO: istio-ingressgateway-7bc96d6585-m567m                            10.46.6.173  Running           [{Initialized True 0001-01-01 00:00:00 +0000 UTC 2018-09-17 07:20:41 +0000 UTC  } {Ready True 0001-01-01 00:00:00 +0000 UTC 2018-09-17 07:21:43 +0000 UTC  } {ContainersReady True 0001-01-01 00:00:00 +0000 UTC 0001-01-01 00:00:00 +0000 UTC  } {PodScheduled True 0001-01-01 00:00:00 +0000 UTC 2018-09-17 07:20:41 +0000 UTC  }]&#xA;Sep 19 08:06:26.726: INFO: istio-ingressgateway-7bc96d6585-r98nr                            10.46.6.173  Running           [{Initialized True 0001-01-01 00:00:00 +0000 UTC 2018-09-17 07:28:10 +0000 UTC  } {Ready True 0001-01-01 00:00:00 +0000 UTC 2018-09-17 07:29:11 +0000 UTC  } {ContainersReady True 0001-01-01 00:00:00 +0000 UTC 0001-01-01 00:00:00 +0000 UTC  } {PodScheduled True 0001-01-01 00:00:00 +0000 UTC 2018-09-17 07:28:09 +0000 UTC  }]&#xA;Sep 19 08:06:26.726: INFO: istio-ingressgateway-7bc96d6585-smf45                            10.46.6.173  Running           [{Initialized True 0001-01-01 00:00:00 +0000 UTC 2018-09-17 07:17:28 +0000 UTC  } {Ready True 0001-01-01 00:00:00 +0000 UTC 2018-09-17 07:18:37 +0000 UTC  } {ContainersReady True 0001-01-01 00:00:00 +0000 UTC 0001-01-01 00:00:00 +0000 UTC  } {PodScheduled True 0001-01-01 00:00:00 +0000 UTC 2018-09-17 07:17:27 +0000 UTC  }]&#xA;Sep 19 08:06:26.726: INFO: istio-pilot-6cf9ccf474-kkb6j                                     10.46.6.173  Running           [{Initialized True 0001-01-01 00:00:00 +0000 UTC 2018-09-17 07:17:31 +0000 UTC  } {Ready True 0001-01-01 00:00:00 +0000 UTC 2018-09-17 07:19:28 +0000 UTC  } {ContainersReady True 0001-01-01 00:00:00 +0000 UTC 0001-01-01 00:00:00 +0000 UTC  } {PodScheduled True 0001-01-01 00:00:00 +0000 UTC 2018-09-17 07:17:27 +0000 UTC  }]&#xA;Sep 19 08:06:26.726: INFO: istio-policy-5b64d7fd64-5l2m9                                    10.46.6.173  Running           [{Initialized True 0001-01-01 00:00:00 +0000 UTC 2018-09-17 07:31:07 +0000 UTC  } {Ready True 0001-01-01 00:00:00 +0000 UTC 2018-09-17 07:31:51 +0000 UTC  } {ContainersReady True 0001-01-01 00:00:00 +0000 UTC 0001-01-01 00:00:00 +0000 UTC  } {PodScheduled True 0001-01-01 00:00:00 +0000 UTC 2018-09-17 07:31:06 +0000 UTC  }]&#xA;Sep 19 08:06:26.726: INFO: istio-policy-5b64d7fd64-fb4bc                                    10.46.6.173  Running           [{Initialized True 0001-01-01 00:00:00 +0000 UTC 2018-09-17 07:27:37 +0000 UTC  } {Ready True 0001-01-01 00:00:00 +0000 UTC 2018-09-17 07:28:39 +0000 UTC  } {ContainersReady True 0001-01-01 00:00:00 +0000 UTC 0001-01-01 00:00:00 +0000 UTC  } {PodScheduled True 0001-01-01 00:00:00 +0000 UTC 2018-09-17 07:27:36 +0000 UTC  }]&#xA;Sep 19 08:06:26.726: INFO: istio-policy-5b64d7fd64-jrlzt                                    10.46.6.173  Running           [{Initialized True 0001-01-01 00:00:00 +0000 UTC 2018-09-17 07:23:11 +0000 UTC  } {Ready True 0001-01-01 00:00:00 +0000 UTC 2018-09-17 07:24:08 +0000 UTC  } {ContainersReady True 0001-01-01 00:00:00 +0000 UTC 0001-01-01 00:00:00 +0000 UTC  } {PodScheduled True 0001-01-01 00:00:00 +0000 UTC 2018-09-17 07:23:10 +0000 UTC  }]&#xA;Sep 19 08:06:26.726: INFO: istio-policy-5b64d7fd64-pt9z2                                    10.46.6.173  Running           [{Initialized True 0001-01-01 00:00:00 +0000 UTC 2018-09-17 07:17:30 +0000 UTC  } {Ready True 0001-01-01 00:00:00 +0000 UTC 2018-09-17 07:19:02 +0000 UTC  } {ContainersReady True 0001-01-01 00:00:00 +0000 UTC 0001-01-01 00:00:00 +0000 UTC  } {PodScheduled True 0001-01-01 00:00:00 +0000 UTC 2018-09-17 07:17:27 +0000 UTC  }]&#xA;Sep 19 08:06:26.726: INFO: istio-policy-5b64d7fd64-z68j4                                    10.46.6.173  Running           [{Initialized True 0001-01-01 00:00:00 +0000 UTC 2018-09-17 07:19:38 +0000 UTC  } {Ready True 0001-01-01 00:00:00 +0000 UTC 2018-09-17 07:20:44 +0000 UTC  } {ContainersReady True 0001-01-01 00:00:00 +0000 UTC 0001-01-01 00:00:00 +0000 UTC  } {PodScheduled True 0001-01-01 00:00:00 +0000 UTC 2018-09-17 07:19:37 +0000 UTC  }]&#xA;Sep 19 08:06:26.726: INFO: istio-sidecar-injector-86d554f5f7-d57zk                          10.46.6.173  Running           [{Initialized True 0001-01-01 00:00:00 +0000 UTC 2018-09-17 07:17:32 +0000 UTC  } {Ready True 0001-01-01 00:00:00 +0000 UTC 2018-09-17 07:18:41 +0000 UTC  } {ContainersReady True 0001-01-01 00:00:00 +0000 UTC 0001-01-01 00:00:00 +0000 UTC  } {PodScheduled True 0001-01-01 00:00:00 +0000 UTC 2018-09-17 07:17:29 +0000 UTC  }]&#xA;Sep 19 08:06:26.726: INFO: istio-statsd-prom-bridge-66cb69b666-p76m8                        10.46.6.173  Running           [{Initialized True 0001-01-01 00:00:00 +0000 UTC 2018-09-17 07:17:29 +0000 UTC  } {Ready True 0001-01-01 00:00:00 +0000 UTC 2018-09-17 07:18:32 +0000 UTC  } {ContainersReady True 0001-01-01 00:00:00 +0000 UTC 0001-01-01 00:00:00 +0000 UTC  } {PodScheduled True 0001-01-01 00:00:00 +0000 UTC 2018-09-17 07:17:27 +0000 UTC  }]&#xA;Sep 19 08:06:26.727: INFO: istio-telemetry-8b5964dc7-9q67f                                  10.46.6.173  Running           [{Initialized True 0001-01-01 00:00:00 +0000 UTC 2018-09-17 07:31:08 +0000 UTC  } {Ready True 0001-01-01 00:00:00 +0000 UTC 2018-09-17 07:32:00 +0000 UTC  } {ContainersReady True 0001-01-01 00:00:00 +0000 UTC 0001-01-01 00:00:00 +0000 UTC  } {PodScheduled True 0001-01-01 00:00:00 +0000 UTC 2018-09-17 07:31:07 +0000 UTC  }]&#xA;Sep 19 08:06:26.727: INFO: istio-telemetry-8b5964dc7-hcf6d                                  10.46.6.173  Running           [{Initialized True 0001-01-01 00:00:00 +0000 UTC 2018-09-17 07:17:29 +0000 UTC  } {Ready True 0001-01-01 00:00:00 +0000 UTC 2018-09-17 07:18:56 +0000 UTC  } {ContainersReady True 0001-01-01 00:00:00 +0000 UTC 0001-01-01 00:00:00 +0000 UTC  } {PodScheduled True 0001-01-01 00:00:00 +0000 UTC 2018-09-17 07:17:27 +0000 UTC  }]&#xA;Sep 19 08:06:26.727: INFO: istio-telemetry-8b5964dc7-nw9kk                                  10.46.6.173  Running           [{Initialized True 0001-01-01 00:00:00 +0000 UTC 2018-09-17 07:23:11 +0000 UTC  } {Ready True 0001-01-01 00:00:00 +0000 UTC 2018-09-17 07:24:19 +0000 UTC  } {ContainersReady True 0001-01-01 00:00:00 +0000 UTC 0001-01-01 00:00:00 +0000 UTC  } {PodScheduled True 0001-01-01 00:00:00 +0000 UTC 2018-09-17 07:23:10 +0000 UTC  }]&#xA;Sep 19 08:06:26.727: INFO: istio-telemetry-8b5964dc7-rfswc                                  10.46.6.173  Running           [{Initialized True 0001-01-01 00:00:00 +0000 UTC 2018-09-17 07:19:39 +0000 UTC  } {Ready True 0001-01-01 00:00:00 +0000 UTC 2018-09-17 07:20:38 +0000 UTC  } {ContainersReady True 0001-01-01 00:00:00 +0000 UTC 0001-01-01 00:00:00 +0000 UTC  } {PodScheduled True 0001-01-01 00:00:00 +0000 UTC 2018-09-17 07:19:38 +0000 UTC  }]&#xA;Sep 19 08:06:26.727: INFO: istio-telemetry-8b5964dc7-vjqbq                                  10.46.6.173  Running           [{Initialized True 0001-01-01 00:00:00 +0000 UTC 2018-09-17 07:27:36 +0000 UTC  } {Ready True 0001-01-01 00:00:00 +0000 UTC 2018-09-17 07:28:21 +0000 UTC  } {ContainersReady True 0001-01-01 00:00:00 +0000 UTC 0001-01-01 00:00:00 +0000 UTC  } {PodScheduled True 0001-01-01 00:00:00 +0000 UTC 2018-09-17 07:27:36 +0000 UTC  }]&#xA;Sep 19 08:06:26.727: INFO: istio-tracing-77ccfc8844-79ngl                                   10.46.6.173  Running           [{Initialized True 0001-01-01 00:00:00 +0000 UTC 2018-09-17 07:17:32 +0000 UTC  } {Ready True 0001-01-01 00:00:00 +0000 UTC 2018-09-17 07:18:08 +0000 UTC  } {ContainersReady True 0001-01-01 00:00:00 +0000 UTC 0001-01-01 00:00:00 +0000 UTC  } {PodScheduled True 0001-01-01 00:00:00 +0000 UTC 2018-09-17 07:17:29 +0000 UTC  }]&#xA;Sep 19 08:06:26.727: INFO: kiali-7f8c59df94-25qmq                                           10.46.6.173  Running           [{Initialized True 0001-01-01 00:00:00 +0000 UTC 2018-09-17 07:17:27 +0000 UTC  } {Ready True 0001-01-01 00:00:00 +0000 UTC 2018-09-17 07:17:56 +0000 UTC  } {ContainersReady True 0001-01-01 00:00:00 +0000 UTC 0001-01-01 00:00:00 +0000 UTC  } {PodScheduled True 0001-01-01 00:00:00 +0000 UTC 2018-09-17 07:17:27 +0000 UTC  }]&#xA;Sep 19 08:06:26.727: INFO: prometheus-6f98d89664-wh7pb                                      10.46.6.173  Running           [{Initialized True 0001-01-01 00:00:00 +0000 UTC 2018-09-17 07:17:31 +0000 UTC  } {Ready True 0001-01-01 00:00:00 +0000 UTC 2018-09-17 07:17:57 +0000 UTC  } {ContainersReady True 0001-01-01 00:00:00 +0000 UTC 0001-01-01 00:00:00 +0000 UTC  } {PodScheduled True 0001-01-01 00:00:00 +0000 UTC 2018-09-17 07:17:28 +0000 UTC  }]&#xA;Sep 19 08:06:26.727: INFO: servicegraph-85578d8fc6-m62z4                                    10.46.6.173  Running           [{Initialized True 0001-01-01 00:00:00 +0000 UTC 2018-09-17 07:17:32 +0000 UTC  } {Ready True 0001-01-01 00:00:00 +0000 UTC 2018-09-17 07:18:22 +0000 UTC  } {ContainersReady True 0001-01-01 00:00:00 +0000 UTC 0001-01-01 00:00:00 +0000 UTC  } {PodScheduled True 0001-01-01 00:00:00 +0000 UTC 2018-09-17 07:17:28 +0000 UTC  }]&#xA;Sep 19 08:06:26.727: INFO: audit-logging-fluentd-ds-4cgnk                                   10.46.6.170  Running           [{Initialized True 0001-01-01 00:00:00 +0000 UTC 2018-09-17 07:18:46 +0000 UTC  } {Ready True 0001-01-01 00:00:00 +0000 UTC 2018-09-17 07:18:50 +0000 UTC  } {ContainersReady True 0001-01-01 00:00:00 +0000 UTC 0001-01-01 00:00:00 +0000 UTC  } {PodScheduled True 0001-01-01 00:00:00 +0000 UTC 2018-09-17 07:18:46 +0000 UTC  }]&#xA;Sep 19 08:06:26.727: INFO: audit-logging-fluentd-ds-8bh4t                                   10.46.6.172  Running           [{Initialized True 0001-01-01 00:00:00 +0000 UTC 2018-09-17 07:18:46 +0000 UTC  } {Ready True 0001-01-01 00:00:00 +0000 UTC 2018-09-17 07:18:56 +0000 UTC  } {ContainersReady True 0001-01-01 00:00:00 +0000 UTC 0001-01-01 00:00:00 +0000 UTC  } {PodScheduled True 0001-01-01 00:00:00 +0000 UTC 2018-09-17 07:18:46 +0000 UTC  }]&#xA;Sep 19 08:06:26.727: INFO: audit-logging-fluentd-ds-bc22k                                   10.46.6.171  Running           [{Initialized True 0001-01-01 00:00:00 +0000 UTC 2018-09-17 07:18:46 +0000 UTC  } {Ready True 0001-01-01 00:00:00 +0000 UTC 2018-09-17 07:18:56 +0000 UTC  } {ContainersReady True 0001-01-01 00:00:00 +0000 UTC 0001-01-01 00:00:00 +0000 UTC  } {PodScheduled True 0001-01-01 00:00:00 +0000 UTC 2018-09-17 07:18:46 +0000 UTC  }]&#xA;Sep 19 08:06:26.727: INFO: audit-logging-fluentd-ds-dhcg6                                   10.46.6.173  Running           [{Initialized True 0001-01-01 00:00:00 +0000 UTC 2018-09-17 07:18:46 +0000 UTC  } {Ready True 0001-01-01 00:00:00 +0000 UTC 2018-09-17 07:19:00 +0000 UTC  } {ContainersReady True 0001-01-01 00:00:00 +0000 UTC 0001-01-01 00:00:00 +0000 UTC  } {PodScheduled True 0001-01-01 00:00:00 +0000 UTC 2018-09-17 07:18:46 +0000 UTC  }]&#xA;Sep 19 08:06:26.727: INFO: auth-apikeys-x45mz                                               10.46.6.173  Running           [{Initialized True 0001-01-01 00:00:00 +0000 UTC 2018-09-17 07:10:12 +0000 UTC  } {Ready True 0001-01-01 00:00:00 +0000 UTC 2018-09-17 07:11:25 +0000 UTC  } {ContainersReady True 0001-01-01 00:00:00 +0000 UTC 0001-01-01 00:00:00 +0000 UTC  } {PodScheduled True 0001-01-01 00:00:00 +0000 UTC 2018-09-17 07:10:12 +0000 UTC  }]&#xA;Sep 19 08:06:26.727: INFO: auth-idp-kjpmx                                                   10.46.6.173  Running           [{Initialized True 0001-01-01 00:00:00 +0000 UTC 2018-09-17 07:10:19 +0000 UTC  } {Ready True 0001-01-01 00:00:00 +0000 UTC 2018-09-19 07:05:52 +0000 UTC  } {ContainersReady True 0001-01-01 00:00:00 +0000 UTC 0001-01-01 00:00:00 +0000 UTC  } {PodScheduled True 0001-01-01 00:00:00 +0000 UTC 2018-09-17 07:10:04 +0000 UTC  }]&#xA;Sep 19 08:06:26.727: INFO: auth-pap-qb5m2                                                   10.46.6.173  Running           [{Initialized True 0001-01-01 00:00:00 +0000 UTC 2018-09-17 07:10:20 +0000 UTC  } {Ready True 0001-01-01 00:00:00 +0000 UTC 2018-09-17 07:10:46 +0000 UTC  } {ContainersReady True 0001-01-01 00:00:00 +0000 UTC 0001-01-01 00:00:00 +0000 UTC  } {PodScheduled True 0001-01-01 00:00:00 +0000 UTC 2018-09-17 07:10:20 +0000 UTC  }]&#xA;Sep 19 08:06:26.727: INFO: auth-pdp-tk2jm                                                   10.46.6.173  Running           [{Initialized True 0001-01-01 00:00:00 +0000 UTC 2018-09-17 07:13:08 +0000 UTC  } {Ready True 0001-01-01 00:00:00 +0000 UTC 2018-09-17 07:13:19 +0000 UTC  } {ContainersReady True 0001-01-01 00:00:00 +0000 UTC 0001-01-01 00:00:00 +0000 UTC  } {PodScheduled True 0001-01-01 00:00:00 +0000 UTC 2018-09-17 07:10:28 +0000 UTC  }]&#xA;Sep 19 08:06:26.727: INFO: calico-kube-controllers-dcb8cc97c-gtsqp                          10.46.6.173  Running           [{Initialized True 0001-01-01 00:00:00 +0000 UTC 2018-09-17 07:05:53 +0000 UTC  } {Ready True 0001-01-01 00:00:00 +0000 UTC 2018-09-17 07:06:04 +0000 UTC  } {ContainersReady True 0001-01-01 00:00:00 +0000 UTC 0001-01-01 00:00:00 +0000 UTC  } {PodScheduled True 0001-01-01 00:00:00 +0000 UTC 2018-09-17 07:05:53 +0000 UTC  }]&#xA;Sep 19 08:06:26.727: INFO: calico-node-gpm2c                                                10.46.6.171  Running           [{Initialized True 0001-01-01 00:00:00 +0000 UTC 2018-09-17 07:05:53 +0000 UTC  } {Ready True 0001-01-01 00:00:00 +0000 UTC 2018-09-17 07:06:11 +0000 UTC  } {ContainersReady True 0001-01-01 00:00:00 +0000 UTC 0001-01-01 00:00:00 +0000 UTC  } {PodScheduled True 0001-01-01 00:00:00 +0000 UTC 2018-09-17 07:05:53 +0000 UTC  }]&#xA;Sep 19 08:06:26.727: INFO: calico-node-htf97                                                10.46.6.170  Running           [{Initialized True 0001-01-01 00:00:00 +0000 UTC 2018-09-17 07:05:53 +0000 UTC  } {Ready True 0001-01-01 00:00:00 +0000 UTC 2018-09-17 07:06:14 +0000 UTC  } {ContainersReady True 0001-01-01 00:00:00 +0000 UTC 0001-01-01 00:00:00 +0000 UTC  } {PodScheduled True 0001-01-01 00:00:00 +0000 UTC 2018-09-17 07:05:53 +0000 UTC  }]&#xA;Sep 19 08:06:26.727: INFO: calico-node-m7d5t                                                10.46.6.173  Running           [{Initialized True 0001-01-01 00:00:00 +0000 UTC 2018-09-17 07:05:54 +0000 UTC  } {Ready True 0001-01-01 00:00:00 +0000 UTC 2018-09-17 07:06:15 +0000 UTC  } {ContainersReady True 0001-01-01 00:00:00 +0000 UTC 0001-01-01 00:00:00 +0000 UTC  } {PodScheduled True 0001-01-01 00:00:00 +0000 UTC 2018-09-17 07:05:54 +0000 UTC  }]&#xA;Sep 19 08:06:26.727: INFO: calico-node-wsknj                                                10.46.6.172  Running           [{Initialized True 0001-01-01 00:00:00 +0000 UTC 2018-09-17 07:05:53 +0000 UTC  } {Ready True 0001-01-01 00:00:00 +0000 UTC 2018-09-17 07:06:17 +0000 UTC  } {ContainersReady True 0001-01-01 00:00:00 +0000 UTC 0001-01-01 00:00:00 +0000 UTC  } {PodScheduled True 0001-01-01 00:00:00 +0000 UTC 2018-09-17 07:05:53 +0000 UTC  }]&#xA;Sep 19 08:06:26.727: INFO: catalog-ui-5rtkh                                                 10.46.6.173  Running           [{Initialized True 0001-01-01 00:00:00 +0000 UTC 2018-09-17 07:15:57 +0000 UTC  } {Ready True 0001-01-01 00:00:00 +0000 UTC 2018-09-17 07:16:11 +0000 UTC  } {ContainersReady True 0001-01-01 00:00:00 +0000 UTC 0001-01-01 00:00:00 +0000 UTC  } {PodScheduled True 0001-01-01 00:00:00 +0000 UTC 2018-09-17 07:15:57 +0000 UTC  }]&#xA;Sep 19 08:06:26.727: INFO: custom-metrics-adapter-64f64964b4-f9gmc                          10.46.6.171  Running           [{Initialized True 0001-01-01 00:00:00 +0000 UTC 2018-09-17 07:17:13 +0000 UTC  } {Ready True 0001-01-01 00:00:00 +0000 UTC 2018-09-17 07:17:51 +0000 UTC  } {ContainersReady True 0001-01-01 00:00:00 +0000 UTC 0001-01-01 00:00:00 +0000 UTC  } {PodScheduled True 0001-01-01 00:00:00 +0000 UTC 2018-09-17 07:14:28 +0000 UTC  }]&#xA;Sep 19 08:06:26.727: INFO: default-backend-54966589c4-4d47g                                 10.46.6.173  Running           [{Initialized True 0001-01-01 00:00:00 +0000 UTC 2018-09-17 07:08:29 +0000 UTC  } {Ready True 0001-01-01 00:00:00 +0000 UTC 2018-09-17 07:08:40 +0000 UTC  } {ContainersReady True 0001-01-01 00:00:00 +0000 UTC 0001-01-01 00:00:00 +0000 UTC  } {PodScheduled True 0001-01-01 00:00:00 +0000 UTC 2018-09-17 07:08:28 +0000 UTC  }]&#xA;Sep 19 08:06:26.727: INFO: heapster-69b486565b-nt26r                                        10.46.6.173  Running           [{Initialized True 0001-01-01 00:00:00 +0000 UTC 2018-09-17 07:13:48 +0000 UTC  } {Ready True 0001-01-01 00:00:00 +0000 UTC 2018-09-17 07:13:58 +0000 UTC  } {ContainersReady True 0001-01-01 00:00:00 +0000 UTC 0001-01-01 00:00:00 +0000 UTC  } {PodScheduled True 0001-01-01 00:00:00 +0000 UTC 2018-09-17 07:13:48 +0000 UTC  }]&#xA;Sep 19 08:06:26.727: INFO: helm-api-fdd886877-6pwm8                                         10.46.6.173  Running           [{Initialized True 0001-01-01 00:00:00 +0000 UTC 2018-09-17 07:16:36 +0000 UTC  } {Ready True 0001-01-01 00:00:00 +0000 UTC 2018-09-17 07:16:58 +0000 UTC  } {ContainersReady True 0001-01-01 00:00:00 +0000 UTC 0001-01-01 00:00:00 +0000 UTC  } {PodScheduled True 0001-01-01 00:00:00 +0000 UTC 2018-09-17 07:16:35 +0000 UTC  }]&#xA;Sep 19 08:06:26.727: INFO: helm-repo-5649f57447-wwdn4                                       10.46.6.173  Running           [{Initialized True 0001-01-01 00:00:00 +0000 UTC 2018-09-17 07:14:04 +0000 UTC  } {Ready True 0001-01-01 00:00:00 +0000 UTC 2018-09-17 07:14:40 +0000 UTC  } {ContainersReady True 0001-01-01 00:00:00 +0000 UTC 0001-01-01 00:00:00 +0000 UTC  } {PodScheduled True 0001-01-01 00:00:00 +0000 UTC 2018-09-17 07:13:53 +0000 UTC  }]&#xA;Sep 19 08:06:26.727: INFO: ibmcloud-image-enforcement-76ddccbf9f-kqmlb                      10.46.6.171  Running           [{Initialized True 0001-01-01 00:00:00 +0000 UTC 2018-09-17 07:14:02 +0000 UTC  } {Ready True 0001-01-01 00:00:00 +0000 UTC 2018-09-17 07:14:07 +0000 UTC  } {ContainersReady True 0001-01-01 00:00:00 +0000 UTC 0001-01-01 00:00:00 +0000 UTC  } {PodScheduled True 0001-01-01 00:00:00 +0000 UTC 2018-09-17 07:14:02 +0000 UTC  }]&#xA;Sep 19 08:06:26.727: INFO: icp-management-ingress-x6qn8                                     10.46.6.173  Running           [{Initialized True 0001-01-01 00:00:00 +0000 UTC 2018-09-17 07:10:36 +0000 UTC  } {Ready True 0001-01-01 00:00:00 +0000 UTC 2018-09-17 07:10:48 +0000 UTC  } {ContainersReady True 0001-01-01 00:00:00 +0000 UTC 0001-01-01 00:00:00 +0000 UTC  } {PodScheduled True 0001-01-01 00:00:00 +0000 UTC 2018-09-17 07:10:36 +0000 UTC  }]&#xA;Sep 19 08:06:26.727: INFO: icp-mongodb-0                                                    10.46.6.173  Running           [{Initialized True 0001-01-01 00:00:00 +0000 UTC 2018-09-17 07:09:00 +0000 UTC  } {Ready True 0001-01-01 00:00:00 +0000 UTC 2018-09-17 07:09:17 +0000 UTC  } {ContainersReady True 0001-01-01 00:00:00 +0000 UTC 0001-01-01 00:00:00 +0000 UTC  } {PodScheduled True 0001-01-01 00:00:00 +0000 UTC 2018-09-17 07:07:41 +0000 UTC  }]&#xA;Sep 19 08:06:26.728: INFO: image-manager-0                                                  10.46.6.173  Running           [{Initialized True 0001-01-01 00:00:00 +0000 UTC 2018-09-17 06:38:56 +0000 UTC  } {Ready True 0001-01-01 00:00:00 +0000 UTC 2018-09-17 06:39:08 +0000 UTC  } {ContainersReady True 0001-01-01 00:00:00 +0000 UTC 0001-01-01 00:00:00 +0000 UTC  } {PodScheduled True 0001-01-01 00:00:00 +0000 UTC 2018-09-17 06:38:56 +0000 UTC  }]&#xA;Sep 19 08:06:26.728: INFO: k8s-etcd-10.46.6.173                                             10.46.6.173  Running           [{Initialized True 0001-01-01 00:00:00 +0000 UTC 2018-09-17 06:35:49 +0000 UTC  } {Ready True 0001-01-01 00:00:00 +0000 UTC 2018-09-17 06:35:54 +0000 UTC  } {ContainersReady True 0001-01-01 00:00:00 +0000 UTC 0001-01-01 00:00:00 +0000 UTC  } {PodScheduled True 0001-01-01 00:00:00 +0000 UTC 2018-09-17 06:35:49 +0000 UTC  }]&#xA;Sep 19 08:06:26.728: INFO: k8s-master-10.46.6.173                                           10.46.6.173  Running           [{Initialized True 0001-01-01 00:00:00 +0000 UTC 2018-09-17 06:37:18 +0000 UTC  } {Ready True 0001-01-01 00:00:00 +0000 UTC 2018-09-17 06:37:26 +0000 UTC  } {ContainersReady True 0001-01-01 00:00:00 +0000 UTC 0001-01-01 00:00:00 +0000 UTC  } {PodScheduled True 0001-01-01 00:00:00 +0000 UTC 2018-09-17 06:37:18 +0000 UTC  }]&#xA;Sep 19 08:06:26.728: INFO: k8s-proxy-10.46.6.170                                            10.46.6.170  Running           [{Initialized True 0001-01-01 00:00:00 +0000 UTC 2018-09-17 07:05:43 +0000 UTC  } {Ready True 0001-01-01 00:00:00 +0000 UTC 2018-09-17 07:05:46 +0000 UTC  } {ContainersReady True 0001-01-01 00:00:00 +0000 UTC 0001-01-01 00:00:00 +0000 UTC  } {PodScheduled True 0001-01-01 00:00:00 +0000 UTC 2018-09-17 07:05:43 +0000 UTC  }]&#xA;Sep 19 08:06:26.728: INFO: k8s-proxy-10.46.6.171                                            10.46.6.171  Running           [{Initialized True 0001-01-01 00:00:00 +0000 UTC 2018-09-17 07:05:44 +0000 UTC  } {Ready True 0001-01-01 00:00:00 +0000 UTC 2018-09-17 07:05:46 +0000 UTC  } {ContainersReady True 0001-01-01 00:00:00 +0000 UTC 0001-01-01 00:00:00 +0000 UTC  } {PodScheduled True 0001-01-01 00:00:00 +0000 UTC 2018-09-17 07:05:44 +0000 UTC  }]&#xA;Sep 19 08:06:26.728: INFO: k8s-proxy-10.46.6.172                                            10.46.6.172  Running           [{Initialized True 0001-01-01 00:00:00 +0000 UTC 2018-09-17 07:05:44 +0000 UTC  } {Ready True 0001-01-01 00:00:00 +0000 UTC 2018-09-17 07:05:48 +0000 UTC  } {ContainersReady True 0001-01-01 00:00:00 +0000 UTC 0001-01-01 00:00:00 +0000 UTC  } {PodScheduled True 0001-01-01 00:00:00 +0000 UTC 2018-09-17 07:05:44 +0000 UTC  }]&#xA;Sep 19 08:06:26.728: INFO: k8s-proxy-10.46.6.173                                            10.46.6.173  Running           [{Initialized True 0001-01-01 00:00:00 +0000 UTC 2018-09-17 06:35:45 +0000 UTC  } {Ready True 0001-01-01 00:00:00 +0000 UTC 2018-09-17 06:35:50 +0000 UTC  } {ContainersReady True 0001-01-01 00:00:00 +0000 UTC 0001-01-01 00:00:00 +0000 UTC  } {PodScheduled True 0001-01-01 00:00:00 +0000 UTC 2018-09-17 06:35:45 +0000 UTC  }]&#xA;Sep 19 08:06:26.728: INFO: kube-dns-mwjc8                                                   10.46.6.173  Running           [{Initialized True 0001-01-01 00:00:00 +0000 UTC 2018-09-17 07:06:10 +0000 UTC  } {Ready True 0001-01-01 00:00:00 +0000 UTC 2018-09-17 07:06:18 +0000 UTC  } {ContainersReady True 0001-01-01 00:00:00 +0000 UTC 0001-01-01 00:00:00 +0000 UTC  } {PodScheduled True 0001-01-01 00:00:00 +0000 UTC 2018-09-17 07:06:10 +0000 UTC  }]&#xA;Sep 19 08:06:26.728: INFO: logging-elk-client-75d4d7994c-7g7fn                              10.46.6.171  Running           [{Initialized True 0001-01-01 00:00:00 +0000 UTC 2018-09-17 07:15:40 +0000 UTC  } {Ready True 0001-01-01 00:00:00 +0000 UTC 2018-09-17 07:16:22 +0000 UTC  } {ContainersReady True 0001-01-01 00:00:00 +0000 UTC 0001-01-01 00:00:00 +0000 UTC  } {PodScheduled True 0001-01-01 00:00:00 +0000 UTC 2018-09-17 07:15:20 +0000 UTC  }]&#xA;Sep 19 08:06:26.728: INFO: logging-elk-data-0                                               10.46.6.171  Running           [{Initialized True 0001-01-01 00:00:00 +0000 UTC 2018-09-17 07:15:47 +0000 UTC  } {Ready True 0001-01-01 00:00:00 +0000 UTC 2018-09-17 07:16:16 +0000 UTC  } {ContainersReady True 0001-01-01 00:00:00 +0000 UTC 0001-01-01 00:00:00 +0000 UTC  } {PodScheduled True 0001-01-01 00:00:00 +0000 UTC 2018-09-17 07:15:20 +0000 UTC  }]&#xA;Sep 19 08:06:26.728: INFO: logging-elk-elasticsearch-tls-init-6hnl4                         10.46.6.171  Succeeded         [{Initialized True 0001-01-01 00:00:00 +0000 UTC 2018-09-17 07:15:20 +0000 UTC PodCompleted } {Ready False 0001-01-01 00:00:00 +0000 UTC 2018-09-17 07:17:46 +0000 UTC PodCompleted } {ContainersReady False 0001-01-01 00:00:00 +0000 UTC 0001-01-01 00:00:00 +0000 UTC PodCompleted } {PodScheduled True 0001-01-01 00:00:00 +0000 UTC 2018-09-17 07:15:20 +0000 UTC  }]&#xA;Sep 19 08:06:26.728: INFO: logging-elk-filebeat-ds-bs86r                                    10.46.6.171  Running           [{Initialized True 0001-01-01 00:00:00 +0000 UTC 2018-09-17 07:15:20 +0000 UTC  } {Ready True 0001-01-01 00:00:00 +0000 UTC 2018-09-17 07:15:42 +0000 UTC  } {ContainersReady True 0001-01-01 00:00:00 +0000 UTC 0001-01-01 00:00:00 +0000 UTC  } {PodScheduled True 0001-01-01 00:00:00 +0000 UTC 2018-09-17 07:15:20 +0000 UTC  }]&#xA;Sep 19 08:06:26.728: INFO: logging-elk-filebeat-ds-jtd5q                                    10.46.6.170  Running           [{Initialized True 0001-01-01 00:00:00 +0000 UTC 2018-09-17 07:15:20 +0000 UTC  } {Ready True 0001-01-01 00:00:00 +0000 UTC 2018-09-17 07:15:37 +0000 UTC  } {ContainersReady True 0001-01-01 00:00:00 +0000 UTC 0001-01-01 00:00:00 +0000 UTC  } {PodScheduled True 0001-01-01 00:00:00 +0000 UTC 2018-09-17 07:15:20 +0000 UTC  }]&#xA;Sep 19 08:06:26.728: INFO: logging-elk-filebeat-ds-qf2vz                                    10.46.6.173  Running           [{Initialized True 0001-01-01 00:00:00 +0000 UTC 2018-09-17 07:15:20 +0000 UTC  } {Ready True 0001-01-01 00:00:00 +0000 UTC 2018-09-17 07:15:39 +0000 UTC  } {ContainersReady True 0001-01-01 00:00:00 +0000 UTC 0001-01-01 00:00:00 +0000 UTC  } {PodScheduled True 0001-01-01 00:00:00 +0000 UTC 2018-09-17 07:15:20 +0000 UTC  }]&#xA;Sep 19 08:06:26.728: INFO: logging-elk-filebeat-ds-vpk48                                    10.46.6.172  Running           [{Initialized True 0001-01-01 00:00:00 +0000 UTC 2018-09-17 07:15:20 +0000 UTC  } {Ready True 0001-01-01 00:00:00 +0000 UTC 2018-09-17 07:15:39 +0000 UTC  } {ContainersReady True 0001-01-01 00:00:00 +0000 UTC 0001-01-01 00:00:00 +0000 UTC  } {PodScheduled True 0001-01-01 00:00:00 +0000 UTC 2018-09-17 07:15:20 +0000 UTC  }]&#xA;Sep 19 08:06:26.728: INFO: logging-elk-kibana-ff4db4866-s2295                               10.46.6.171  Running           [{Initialized True 0001-01-01 00:00:00 +0000 UTC 2018-09-17 07:15:21 +0000 UTC  } {Ready True 0001-01-01 00:00:00 +0000 UTC 2018-09-17 07:15:45 +0000 UTC  } {ContainersReady True 0001-01-01 00:00:00 +0000 UTC 0001-01-01 00:00:00 +0000 UTC  } {PodScheduled True 0001-01-01 00:00:00 +0000 UTC 2018-09-17 07:15:21 +0000 UTC  }]&#xA;Sep 19 08:06:26.728: INFO: logging-elk-logstash-7994656f46-r89mt                            10.46.6.171  Running           [{Initialized True 0001-01-01 00:00:00 +0000 UTC 2018-09-17 07:15:22 +0000 UTC  } {Ready True 0001-01-01 00:00:00 +0000 UTC 2018-09-17 07:16:16 +0000 UTC  } {ContainersReady True 0001-01-01 00:00:00 +0000 UTC 0001-01-01 00:00:00 +0000 UTC  } {PodScheduled True 0001-01-01 00:00:00 +0000 UTC 2018-09-17 07:15:21 +0000 UTC  }]&#xA;Sep 19 08:06:26.728: INFO: logging-elk-master-6cdcf45f7d-gp28f                              10.46.6.171  Running           [{Initialized True 0001-01-01 00:00:00 +0000 UTC 2018-09-17 07:15:47 +0000 UTC  } {Ready True 0001-01-01 00:00:00 +0000 UTC 2018-09-17 07:16:16 +0000 UTC  } {ContainersReady True 0001-01-01 00:00:00 +0000 UTC 0001-01-01 00:00:00 +0000 UTC  } {PodScheduled True 0001-01-01 00:00:00 +0000 UTC 2018-09-17 07:15:21 +0000 UTC  }]&#xA;Sep 19 08:06:26.728: INFO: mariadb-0                                                        10.46.6.173  Running           [{Initialized True 0001-01-01 00:00:00 +0000 UTC 2018-09-17 07:08:38 +0000 UTC  } {Ready True 0001-01-01 00:00:00 +0000 UTC 2018-09-17 07:09:15 +0000 UTC  } {ContainersReady True 0001-01-01 00:00:00 +0000 UTC 0001-01-01 00:00:00 +0000 UTC  } {PodScheduled True 0001-01-01 00:00:00 +0000 UTC 2018-09-17 07:08:37 +0000 UTC  }]&#xA;Sep 19 08:06:26.728: INFO: metering-dm-8b475fc57-cmm6h                                      10.46.6.171  Running           [{Initialized True 0001-01-01 00:00:00 +0000 UTC 2018-09-17 07:14:20 +0000 UTC  } {Ready True 0001-01-01 00:00:00 +0000 UTC 2018-09-17 07:14:49 +0000 UTC  } {ContainersReady True 0001-01-01 00:00:00 +0000 UTC 0001-01-01 00:00:00 +0000 UTC  } {PodScheduled True 0001-01-01 00:00:00 +0000 UTC 2018-09-17 07:14:12 +0000 UTC  }]&#xA;Sep 19 08:06:26.728: INFO: metering-reader-44wd7                                            10.46.6.170  Running           [{Initialized True 0001-01-01 00:00:00 +0000 UTC 2018-09-17 07:14:20 +0000 UTC  } {Ready True 0001-01-01 00:00:00 +0000 UTC 2018-09-17 07:14:46 +0000 UTC  } {ContainersReady True 0001-01-01 00:00:00 +0000 UTC 0001-01-01 00:00:00 +0000 UTC  } {PodScheduled True 0001-01-01 00:00:00 +0000 UTC 2018-09-17 07:14:11 +0000 UTC  }]&#xA;Sep 19 08:06:26.728: INFO: metering-reader-gsrdg                                            10.46.6.172  Running           [{Initialized True 0001-01-01 00:00:00 +0000 UTC 2018-09-17 07:14:23 +0000 UTC  } {Ready True 0001-01-01 00:00:00 +0000 UTC 2018-09-17 07:14:52 +0000 UTC  } {ContainersReady True 0001-01-01 00:00:00 +0000 UTC 0001-01-01 00:00:00 +0000 UTC  } {PodScheduled True 0001-01-01 00:00:00 +0000 UTC 2018-09-17 07:14:11 +0000 UTC  }]&#xA;Sep 19 08:06:26.728: INFO: metering-reader-l7284                                            10.46.6.173  Running           [{Initialized True 0001-01-01 00:00:00 +0000 UTC 2018-09-17 07:14:24 +0000 UTC  } {Ready True 0001-01-01 00:00:00 +0000 UTC 2018-09-17 07:14:45 +0000 UTC  } {ContainersReady True 0001-01-01 00:00:00 +0000 UTC 0001-01-01 00:00:00 +0000 UTC  } {PodScheduled True 0001-01-01 00:00:00 +0000 UTC 2018-09-17 07:14:11 +0000 UTC  }]&#xA;Sep 19 08:06:26.728: INFO: metering-reader-xq8f2                                            10.46.6.171  Running           [{Initialized True 0001-01-01 00:00:00 +0000 UTC 2018-09-17 07:14:23 +0000 UTC  } {Ready True 0001-01-01 00:00:00 +0000 UTC 2018-09-17 07:14:55 +0000 UTC  } {ContainersReady True 0001-01-01 00:00:00 +0000 UTC 0001-01-01 00:00:00 +0000 UTC  } {PodScheduled True 0001-01-01 00:00:00 +0000 UTC 2018-09-17 07:14:11 +0000 UTC  }]&#xA;Sep 19 08:06:26.728: INFO: metering-ui-5bbfbb5d49-wkh8m                                     10.46.6.171  Running           [{Initialized True 0001-01-01 00:00:00 +0000 UTC 2018-09-17 07:14:22 +0000 UTC  } {Ready True 0001-01-01 00:00:00 +0000 UTC 2018-09-17 07:14:55 +0000 UTC  } {ContainersReady True 0001-01-01 00:00:00 +0000 UTC 0001-01-01 00:00:00 +0000 UTC  } {PodScheduled True 0001-01-01 00:00:00 +0000 UTC 2018-09-17 07:14:12 +0000 UTC  }]&#xA;Sep 19 08:06:26.728: INFO: metrics-server-6d6695f9db-8t4xs                                  10.46.6.171  Running           [{Initialized True 0001-01-01 00:00:00 +0000 UTC 2018-09-17 07:08:51 +0000 UTC  } {Ready True 0001-01-01 00:00:00 +0000 UTC 2018-09-17 07:08:55 +0000 UTC  } {ContainersReady True 0001-01-01 00:00:00 +0000 UTC 0001-01-01 00:00:00 +0000 UTC  } {PodScheduled True 0001-01-01 00:00:00 +0000 UTC 2018-09-17 07:08:51 +0000 UTC  }]&#xA;Sep 19 08:06:26.728: INFO: mgmt-repo-57dc689b74-tmp44                                       10.46.6.173  Running           [{Initialized True 0001-01-01 00:00:00 +0000 UTC 2018-09-17 07:18:10 +0000 UTC  } {Ready True 0001-01-01 00:00:00 +0000 UTC 2018-09-17 07:18:54 +0000 UTC  } {ContainersReady True 0001-01-01 00:00:00 +0000 UTC 0001-01-01 00:00:00 +0000 UTC  } {PodScheduled True 0001-01-01 00:00:00 +0000 UTC 2018-09-17 07:17:50 +0000 UTC  }]&#xA;Sep 19 08:06:26.728: INFO: monitoring-grafana-548b947c8c-dh89z                              10.46.6.171  Running           [{Initialized True 0001-01-01 00:00:00 +0000 UTC 2018-09-17 07:16:14 +0000 UTC  } {Ready True 0001-01-01 00:00:00 +0000 UTC 2018-09-17 07:16:59 +0000 UTC  } {ContainersReady True 0001-01-01 00:00:00 +0000 UTC 0001-01-01 00:00:00 +0000 UTC  } {PodScheduled True 0001-01-01 00:00:00 +0000 UTC 2018-09-17 07:15:46 +0000 UTC  }]&#xA;Sep 19 08:06:26.728: INFO: monitoring-prometheus-6677d7c77f-pnpt5                           10.46.6.171  Running           [{Initialized True 0001-01-01 00:00:00 +0000 UTC 2018-09-17 07:16:14 +0000 UTC  } {Ready True 0001-01-01 00:00:00 +0000 UTC 2018-09-17 07:17:03 +0000 UTC  } {ContainersReady True 0001-01-01 00:00:00 +0000 UTC 0001-01-01 00:00:00 +0000 UTC  } {PodScheduled True 0001-01-01 00:00:00 +0000 UTC 2018-09-17 07:15:45 +0000 UTC  }]&#xA;Sep 19 08:06:26.728: INFO: monitoring-prometheus-alertmanager-7d8749dbb8-xj68d              10.46.6.171  Running           [{Initialized True 0001-01-01 00:00:00 +0000 UTC 2018-09-17 07:15:46 +0000 UTC  } {Ready True 0001-01-01 00:00:00 +0000 UTC 2018-09-17 07:16:45 +0000 UTC  } {ContainersReady True 0001-01-01 00:00:00 +0000 UTC 0001-01-01 00:00:00 +0000 UTC  } {PodScheduled True 0001-01-01 00:00:00 +0000 UTC 2018-09-17 07:15:45 +0000 UTC  }]&#xA;Sep 19 08:06:26.728: INFO: monitoring-prometheus-collectdexporter-77575678dc-v8n2l          10.46.6.171  Running           [{Initialized True 0001-01-01 00:00:00 +0000 UTC 2018-09-17 07:15:46 +0000 UTC  } {Ready True 0001-01-01 00:00:00 +0000 UTC 2018-09-17 07:16:42 +0000 UTC  } {ContainersReady True 0001-01-01 00:00:00 +0000 UTC 0001-01-01 00:00:00 +0000 UTC  } {PodScheduled True 0001-01-01 00:00:00 +0000 UTC 2018-09-17 07:15:45 +0000 UTC  }]&#xA;Sep 19 08:06:26.728: INFO: monitoring-prometheus-elasticsearchexporter-655864cccb-c6tps     10.46.6.171  Running           [{Initialized True 0001-01-01 00:00:00 +0000 UTC 2018-09-17 07:15:46 +0000 UTC  } {Ready True 0001-01-01 00:00:00 +0000 UTC 2018-09-17 07:16:52 +0000 UTC  } {ContainersReady True 0001-01-01 00:00:00 +0000 UTC 0001-01-01 00:00:00 +0000 UTC  } {PodScheduled True 0001-01-01 00:00:00 +0000 UTC 2018-09-17 07:15:45 +0000 UTC  }]&#xA;Sep 19 08:06:26.728: INFO: monitoring-prometheus-kubestatemetrics-54dcbb6cfb-76zmm          10.46.6.171  Running           [{Initialized True 0001-01-01 00:00:00 +0000 UTC 2018-09-17 07:15:45 +0000 UTC  } {Ready True 0001-01-01 00:00:00 +0000 UTC 2018-09-17 07:16:34 +0000 UTC  } {ContainersReady True 0001-01-01 00:00:00 +0000 UTC 0001-01-01 00:00:00 +0000 UTC  } {PodScheduled True 0001-01-01 00:00:00 +0000 UTC 2018-09-17 07:15:45 +0000 UTC  }]&#xA;Sep 19 08:06:26.728: INFO: monitoring-prometheus-nodeexporter-9fnpb                         10.46.6.171  Running           [{Initialized True 0001-01-01 00:00:00 +0000 UTC 2018-09-17 07:15:44 +0000 UTC  } {Ready True 0001-01-01 00:00:00 +0000 UTC 2018-09-17 07:16:44 +0000 UTC  } {ContainersReady True 0001-01-01 00:00:00 +0000 UTC 0001-01-01 00:00:00 +0000 UTC  } {PodScheduled True 0001-01-01 00:00:00 +0000 UTC 2018-09-17 07:15:44 +0000 UTC  }]&#xA;Sep 19 08:06:26.728: INFO: monitoring-prometheus-nodeexporter-f84fv                         10.46.6.173  Running           [{Initialized True 0001-01-01 00:00:00 +0000 UTC 2018-09-17 07:15:45 +0000 UTC  } {Ready True 0001-01-01 00:00:00 +0000 UTC 2018-09-17 07:16:28 +0000 UTC  } {ContainersReady True 0001-01-01 00:00:00 +0000 UTC 0001-01-01 00:00:00 +0000 UTC  } {PodScheduled True 0001-01-01 00:00:00 +0000 UTC 2018-09-17 07:15:45 +0000 UTC  }]&#xA;Sep 19 08:06:26.729: INFO: monitoring-prometheus-nodeexporter-tpbc8                         10.46.6.170  Running           [{Initialized True 0001-01-01 00:00:00 +0000 UTC 2018-09-17 07:15:44 +0000 UTC  } {Ready True 0001-01-01 00:00:00 +0000 UTC 2018-09-17 07:16:27 +0000 UTC  } {ContainersReady True 0001-01-01 00:00:00 +0000 UTC 0001-01-01 00:00:00 +0000 UTC  } {PodScheduled True 0001-01-01 00:00:00 +0000 UTC 2018-09-17 07:15:44 +0000 UTC  }]&#xA;Sep 19 08:06:26.729: INFO: monitoring-prometheus-nodeexporter-v4l7d                         10.46.6.172  Running           [{Initialized True 0001-01-01 00:00:00 +0000 UTC 2018-09-17 07:15:44 +0000 UTC  } {Ready True 0001-01-01 00:00:00 +0000 UTC 2018-09-17 07:16:31 +0000 UTC  } {ContainersReady True 0001-01-01 00:00:00 +0000 UTC 0001-01-01 00:00:00 +0000 UTC  } {PodScheduled True 0001-01-01 00:00:00 +0000 UTC 2018-09-17 07:15:44 +0000 UTC  }]&#xA;Sep 19 08:06:26.729: INFO: my-ibm-open-liberty-ibm-7f7d9778d7-7t5jc                         10.46.6.170  Running           [{Initialized True 0001-01-01 00:00:00 +0000 UTC 2018-09-17 08:22:24 +0000 UTC  } {Ready True 0001-01-01 00:00:00 +0000 UTC 2018-09-17 08:23:21 +0000 UTC  } {ContainersReady True 0001-01-01 00:00:00 +0000 UTC 0001-01-01 00:00:00 +0000 UTC  } {PodScheduled True 0001-01-01 00:00:00 +0000 UTC 2018-09-17 08:22:24 +0000 UTC  }]&#xA;Sep 19 08:06:26.729: INFO: nginx-ingress-controller-h5z2v                                   10.46.6.173  Running           [{Initialized True 0001-01-01 00:00:00 +0000 UTC 2018-09-17 07:08:39 +0000 UTC  } {Ready True 0001-01-01 00:00:00 +0000 UTC 2018-09-17 07:08:54 +0000 UTC  } {ContainersReady True 0001-01-01 00:00:00 +0000 UTC 0001-01-01 00:00:00 +0000 UTC  } {PodScheduled True 0001-01-01 00:00:00 +0000 UTC 2018-09-17 07:08:28 +0000 UTC  }]&#xA;Sep 19 08:06:26.729: INFO: nvidia-device-plugin-9h2k4                                       10.46.6.170  Running           [{Initialized True 0001-01-01 00:00:00 +0000 UTC 2018-09-17 07:07:23 +0000 UTC  } {Ready True 0001-01-01 00:00:00 +0000 UTC 2018-09-17 07:07:24 +0000 UTC  } {ContainersReady True 0001-01-01 00:00:00 +0000 UTC 0001-01-01 00:00:00 +0000 UTC  } {PodScheduled True 0001-01-01 00:00:00 +0000 UTC 2018-09-17 07:07:17 +0000 UTC  }]&#xA;Sep 19 08:06:26.729: INFO: nvidia-device-plugin-nh54k                                       10.46.6.173  Running           [{Initialized True 0001-01-01 00:00:00 +0000 UTC 2018-09-17 07:07:29 +0000 UTC  } {Ready True 0001-01-01 00:00:00 +0000 UTC 2018-09-17 07:07:33 +0000 UTC  } {ContainersReady True 0001-01-01 00:00:00 +0000 UTC 0001-01-01 00:00:00 +0000 UTC  } {PodScheduled True 0001-01-01 00:00:00 +0000 UTC 2018-09-17 07:07:17 +0000 UTC  }]&#xA;Sep 19 08:06:26.729: INFO: nvidia-device-plugin-vh85n                                       10.46.6.171  Running           [{Initialized True 0001-01-01 00:00:00 +0000 UTC 2018-09-17 07:07:21 +0000 UTC  } {Ready True 0001-01-01 00:00:00 +0000 UTC 2018-09-17 07:07:23 +0000 UTC  } {ContainersReady True 0001-01-01 00:00:00 +0000 UTC 0001-01-01 00:00:00 +0000 UTC  } {PodScheduled True 0001-01-01 00:00:00 +0000 UTC 2018-09-17 07:07:17 +0000 UTC  }]&#xA;Sep 19 08:06:26.729: INFO: nvidia-device-plugin-w9jr8                                       10.46.6.172  Running           [{Initialized True 0001-01-01 00:00:00 +0000 UTC 2018-09-17 07:07:24 +0000 UTC  } {Ready True 0001-01-01 00:00:00 +0000 UTC 2018-09-17 07:07:26 +0000 UTC  } {ContainersReady True 0001-01-01 00:00:00 +0000 UTC 0001-01-01 00:00:00 +0000 UTC  } {PodScheduled True 0001-01-01 00:00:00 +0000 UTC 2018-09-17 07:07:17 +0000 UTC  }]&#xA;Sep 19 08:06:26.729: INFO: oidc-client-registration-szxrk                                   10.46.6.173  Succeeded         [{Initialized True 0001-01-01 00:00:00 +0000 UTC 2018-09-17 07:10:05 +0000 UTC PodCompleted } {Ready False 0001-01-01 00:00:00 +0000 UTC 2018-09-17 07:12:27 +0000 UTC PodCompleted } {ContainersReady False 0001-01-01 00:00:00 +0000 UTC 0001-01-01 00:00:00 +0000 UTC PodCompleted } {PodScheduled True 0001-01-01 00:00:00 +0000 UTC 2018-09-17 07:10:04 +0000 UTC  }]&#xA;Sep 19 08:06:26.729: INFO: platform-api-2fs4x                                               10.46.6.173  Running           [{Initialized True 0001-01-01 00:00:00 +0000 UTC 2018-09-17 07:08:45 +0000 UTC  } {Ready True 0001-01-01 00:00:00 +0000 UTC 2018-09-17 07:16:29 +0000 UTC  } {ContainersReady True 0001-01-01 00:00:00 +0000 UTC 0001-01-01 00:00:00 +0000 UTC  } {PodScheduled True 0001-01-01 00:00:00 +0000 UTC 2018-09-17 07:08:45 +0000 UTC  }]&#xA;Sep 19 08:06:26.729: INFO: platform-deploy-dbbks                                            10.46.6.173  Running           [{Initialized True 0001-01-01 00:00:00 +0000 UTC 2018-09-17 07:08:45 +0000 UTC  } {Ready True 0001-01-01 00:00:00 +0000 UTC 2018-09-17 07:08:57 +0000 UTC  } {ContainersReady True 0001-01-01 00:00:00 +0000 UTC 0001-01-01 00:00:00 +0000 UTC  } {PodScheduled True 0001-01-01 00:00:00 +0000 UTC 2018-09-17 07:08:45 +0000 UTC  }]&#xA;Sep 19 08:06:26.729: INFO: platform-ui-6fjgx                                                10.46.6.173  Running           [{Initialized True 0001-01-01 00:00:00 +0000 UTC 2018-09-17 07:14:34 +0000 UTC  } {Ready True 0001-01-01 00:00:00 +0000 UTC 2018-09-17 07:15:20 +0000 UTC  } {ContainersReady True 0001-01-01 00:00:00 +0000 UTC 0001-01-01 00:00:00 +0000 UTC  } {PodScheduled True 0001-01-01 00:00:00 +0000 UTC 2018-09-17 07:14:34 +0000 UTC  }]&#xA;Sep 19 08:06:26.729: INFO: secret-watcher-5f59fcbc69-pfnfk                                  10.46.6.173  Running           [{Initialized True 0001-01-01 00:00:00 +0000 UTC 2018-09-17 07:18:05 +0000 UTC  } {Ready True 0001-01-01 00:00:00 +0000 UTC 2018-09-17 07:18:30 +0000 UTC  } {ContainersReady True 0001-01-01 00:00:00 +0000 UTC 0001-01-01 00:00:00 +0000 UTC  } {PodScheduled True 0001-01-01 00:00:00 +0000 UTC 2018-09-17 07:18:04 +0000 UTC  }]&#xA;Sep 19 08:06:26.729: INFO: security-onboarding-tkf79                                        10.46.6.173  Succeeded         [{Initialized True 0001-01-01 00:00:00 +0000 UTC 2018-09-17 07:18:12 +0000 UTC PodCompleted } {Ready False 0001-01-01 00:00:00 +0000 UTC 2018-09-17 07:20:02 +0000 UTC PodCompleted } {ContainersReady False 0001-01-01 00:00:00 +0000 UTC 0001-01-01 00:00:00 +0000 UTC PodCompleted } {PodScheduled True 0001-01-01 00:00:00 +0000 UTC 2018-09-17 07:18:12 +0000 UTC  }]&#xA;Sep 19 08:06:26.729: INFO: service-catalog-apiserver-967x9                                  10.46.6.173  Running           [{Initialized True 0001-01-01 00:00:00 +0000 UTC 2018-09-17 07:08:20 +0000 UTC  } {Ready True 0001-01-01 00:00:00 +0000 UTC 2018-09-17 07:09:01 +0000 UTC  } {ContainersReady True 0001-01-01 00:00:00 +0000 UTC 0001-01-01 00:00:00 +0000 UTC  } {PodScheduled True 0001-01-01 00:00:00 +0000 UTC 2018-09-17 07:08:20 +0000 UTC  }]&#xA;Sep 19 08:06:26.729: INFO: service-catalog-controller-manager-5969cccf86-65phs              10.46.6.173  Running           [{Initialized True 0001-01-01 00:00:00 +0000 UTC 2018-09-17 07:08:21 +0000 UTC  } {Ready True 0001-01-01 00:00:00 +0000 UTC 2018-09-17 07:08:34 +0000 UTC  } {ContainersReady True 0001-01-01 00:00:00 +0000 UTC 0001-01-01 00:00:00 +0000 UTC  } {PodScheduled True 0001-01-01 00:00:00 +0000 UTC 2018-09-17 07:08:20 +0000 UTC  }]&#xA;Sep 19 08:06:26.729: INFO: tiller-deploy-6b58875cb-5l8kh                                    10.46.6.173  Running           [{Initialized True 0001-01-01 00:00:00 +0000 UTC 2018-09-17 07:05:28 +0000 UTC  } {Ready True 0001-01-01 00:00:00 +0000 UTC 2018-09-17 07:05:43 +0000 UTC  } {ContainersReady True 0001-01-01 00:00:00 +0000 UTC 0001-01-01 00:00:00 +0000 UTC  } {PodScheduled True 0001-01-01 00:00:00 +0000 UTC 2018-09-17 07:05:28 +0000 UTC  }]&#xA;Sep 19 08:06:26.729: INFO: unified-router-lkwnl                                             10.46.6.173  Running           [{Initialized True 0001-01-01 00:00:00 +0000 UTC 2018-09-17 07:15:31 +0000 UTC  } {Ready True 0001-01-01 00:00:00 +0000 UTC 2018-09-17 07:15:40 +0000 UTC  } {ContainersReady True 0001-01-01 00:00:00 +0000 UTC 0001-01-01 00:00:00 +0000 UTC  } {PodScheduled True 0001-01-01 00:00:00 +0000 UTC 2018-09-17 07:15:31 +0000 UTC  }]&#xA;Sep 19 08:06:26.729: INFO: vulnerability-advisor-compliance-annotator-d5659b9d9-kmn8q       10.46.6.172  Running           [{Initialized True 0001-01-01 00:00:00 +0000 UTC 2018-09-17 07:19:03 +0000 UTC  } {Ready True 0001-01-01 00:00:00 +0000 UTC 2018-09-17 07:21:08 +0000 UTC  } {ContainersReady True 0001-01-01 00:00:00 +0000 UTC 0001-01-01 00:00:00 +0000 UTC  } {PodScheduled True 0001-01-01 00:00:00 +0000 UTC 2018-09-17 07:19:03 +0000 UTC  }]&#xA;Sep 19 08:06:26.729: INFO: vulnerability-advisor-compliance-indexer-7cbdc64b57-47lmd        10.46.6.172  Running           [{Initialized True 0001-01-01 00:00:00 +0000 UTC 2018-09-17 07:19:07 +0000 UTC  } {Ready True 0001-01-01 00:00:00 +0000 UTC 2018-09-17 07:19:33 +0000 UTC  } {ContainersReady True 0001-01-01 00:00:00 +0000 UTC 0001-01-01 00:00:00 +0000 UTC  } {PodScheduled True 0001-01-01 00:00:00 +0000 UTC 2018-09-17 07:19:06 +0000 UTC  }]&#xA;Sep 19 08:06:26.729: INFO: vulnerability-advisor-config-parser-5d44b78fd5-z4k9t             10.46.6.172  Running           [{Initialized True 0001-01-01 00:00:00 +0000 UTC 2018-09-17 07:19:04 +0000 UTC  } {Ready True 0001-01-01 00:00:00 +0000 UTC 2018-09-17 07:21:09 +0000 UTC  } {ContainersReady True 0001-01-01 00:00:00 +0000 UTC 0001-01-01 00:00:00 +0000 UTC  } {PodScheduled True 0001-01-01 00:00:00 +0000 UTC 2018-09-17 07:19:03 +0000 UTC  }]&#xA;Sep 19 08:06:26.729: INFO: vulnerability-advisor-cos-indexer-57899b7dd6-7cpf8               10.46.6.172  Running           [{Initialized True 0001-01-01 00:00:00 +0000 UTC 2018-09-17 07:19:04 +0000 UTC  } {Ready True 0001-01-01 00:00:00 +0000 UTC 2018-09-19 07:20:04 +0000 UTC  } {ContainersReady True 0001-01-01 00:00:00 +0000 UTC 0001-01-01 00:00:00 +0000 UTC  } {PodScheduled True 0001-01-01 00:00:00 +0000 UTC 2018-09-17 07:19:04 +0000 UTC  }]&#xA;Sep 19 08:06:26.729: INFO: vulnerability-advisor-kafka-0                                    10.46.6.172  Running           [{Initialized True 0001-01-01 00:00:00 +0000 UTC 2018-09-17 07:19:13 +0000 UTC  } {Ready True 0001-01-01 00:00:00 +0000 UTC 2018-09-17 07:20:53 +0000 UTC  } {ContainersReady True 0001-01-01 00:00:00 +0000 UTC 0001-01-01 00:00:00 +0000 UTC  } {PodScheduled True 0001-01-01 00:00:00 +0000 UTC 2018-09-17 07:19:13 +0000 UTC  }]&#xA;Sep 19 08:06:26.729: INFO: vulnerability-advisor-live-crawler-84st2                         10.46.6.172  Running           [{Initialized True 0001-01-01 00:00:00 +0000 UTC 2018-09-17 07:19:03 +0000 UTC  } {Ready True 0001-01-01 00:00:00 +0000 UTC 2018-09-17 07:19:26 +0000 UTC  } {ContainersReady True 0001-01-01 00:00:00 +0000 UTC 0001-01-01 00:00:00 +0000 UTC  } {PodScheduled True 0001-01-01 00:00:00 +0000 UTC 2018-09-17 07:19:03 +0000 UTC  }]&#xA;Sep 19 08:06:26.729: INFO: vulnerability-advisor-live-crawler-ccxd7                         10.46.6.170  Running           [{Initialized True 0001-01-01 00:00:00 +0000 UTC 2018-09-17 07:19:03 +0000 UTC  } {Ready True 0001-01-01 00:00:00 +0000 UTC 2018-09-17 07:19:14 +0000 UTC  } {ContainersReady True 0001-01-01 00:00:00 +0000 UTC 0001-01-01 00:00:00 +0000 UTC  } {PodScheduled True 0001-01-01 00:00:00 +0000 UTC 2018-09-17 07:19:03 +0000 UTC  }]&#xA;Sep 19 08:06:26.729: INFO: vulnerability-advisor-live-crawler-p6khc                         10.46.6.173  Running           [{Initialized True 0001-01-01 00:00:00 +0000 UTC 2018-09-17 07:19:02 +0000 UTC  } {Ready True 0001-01-01 00:00:00 +0000 UTC 2018-09-17 07:19:22 +0000 UTC  } {ContainersReady True 0001-01-01 00:00:00 +0000 UTC 0001-01-01 00:00:00 +0000 UTC  } {PodScheduled True 0001-01-01 00:00:00 +0000 UTC 2018-09-17 07:19:02 +0000 UTC  }]&#xA;Sep 19 08:06:26.729: INFO: vulnerability-advisor-live-crawler-xxz8p                         10.46.6.171  Running           [{Initialized True 0001-01-01 00:00:00 +0000 UTC 2018-09-17 07:19:03 +0000 UTC  } {Ready True 0001-01-01 00:00:00 +0000 UTC 2018-09-17 07:19:18 +0000 UTC  } {ContainersReady True 0001-01-01 00:00:00 +0000 UTC 0001-01-01 00:00:00 +0000 UTC  } {PodScheduled True 0001-01-01 00:00:00 +0000 UTC 2018-09-17 07:19:03 +0000 UTC  }]&#xA;Sep 19 08:06:26.729: INFO: vulnerability-advisor-ma-file-annotator-6b95df8886-jtczz         10.46.6.172  Running           [{Initialized True 0001-01-01 00:00:00 +0000 UTC 2018-09-17 07:19:04 +0000 UTC  } {Ready True 0001-01-01 00:00:00 +0000 UTC 2018-09-17 07:23:32 +0000 UTC  } {ContainersReady True 0001-01-01 00:00:00 +0000 UTC 0001-01-01 00:00:00 +0000 UTC  } {PodScheduled True 0001-01-01 00:00:00 +0000 UTC 2018-09-17 07:19:04 +0000 UTC  }]&#xA;Sep 19 08:06:26.729: INFO: vulnerability-advisor-minio-0                                    10.46.6.172  Running           [{Initialized True 0001-01-01 00:00:00 +0000 UTC 2018-09-17 07:21:51 +0000 UTC  } {Ready True 0001-01-01 00:00:00 +0000 UTC 2018-09-17 07:21:54 +0000 UTC  } {ContainersReady True 0001-01-01 00:00:00 +0000 UTC 0001-01-01 00:00:00 +0000 UTC  } {PodScheduled True 0001-01-01 00:00:00 +0000 UTC 2018-09-17 07:19:15 +0000 UTC  }]&#xA;Sep 19 08:06:26.729: INFO: vulnerability-advisor-minio-cleaner-1537228740-55f4w             10.46.6.172  Succeeded         [{Initialized True 0001-01-01 00:00:00 +0000 UTC 2018-09-17 23:59:03 +0000 UTC PodCompleted } {Ready False 0001-01-01 00:00:00 +0000 UTC 2018-09-17 23:59:42 +0000 UTC PodCompleted } {ContainersReady False 0001-01-01 00:00:00 +0000 UTC 0001-01-01 00:00:00 +0000 UTC PodCompleted } {PodScheduled True 0001-01-01 00:00:00 +0000 UTC 2018-09-17 23:59:03 +0000 UTC  }]&#xA;Sep 19 08:06:26.729: INFO: vulnerability-advisor-minio-cleaner-1537315140-nqk7v             10.46.6.172  Succeeded         [{Initialized True 0001-01-01 00:00:00 +0000 UTC 2018-09-18 23:59:04 +0000 UTC PodCompleted } {Ready False 0001-01-01 00:00:00 +0000 UTC 2018-09-19 00:00:52 +0000 UTC PodCompleted } {ContainersReady False 0001-01-01 00:00:00 +0000 UTC 0001-01-01 00:00:00 +0000 UTC PodCompleted } {PodScheduled True 0001-01-01 00:00:00 +0000 UTC 2018-09-18 23:59:04 +0000 UTC  }]&#xA;Sep 19 08:06:26.729: INFO: vulnerability-advisor-notification-dispatcher-86f8bf4b4d-cfdzb   10.46.6.172  Running           [{Initialized True 0001-01-01 00:00:00 +0000 UTC 2018-09-17 07:19:04 +0000 UTC  } {Ready True 0001-01-01 00:00:00 +0000 UTC 2018-09-17 07:20:31 +0000 UTC  } {ContainersReady True 0001-01-01 00:00:00 +0000 UTC 0001-01-01 00:00:00 +0000 UTC  } {PodScheduled True 0001-01-01 00:00:00 +0000 UTC 2018-09-17 07:19:04 +0000 UTC  }]&#xA;Sep 19 08:06:26.729: INFO: vulnerability-advisor-password-annotator-79b5d794b5-wnwqn        10.46.6.172  Running           [{Initialized True 0001-01-01 00:00:00 +0000 UTC 2018-09-17 07:19:05 +0000 UTC  } {Ready True 0001-01-01 00:00:00 +0000 UTC 2018-09-17 07:20:29 +0000 UTC  } {ContainersReady True 0001-01-01 00:00:00 +0000 UTC 0001-01-01 00:00:00 +0000 UTC  } {PodScheduled True 0001-01-01 00:00:00 +0000 UTC 2018-09-17 07:19:04 +0000 UTC  }]&#xA;Sep 19 08:06:26.729: INFO: vulnerability-advisor-process-ma-annotator-58f47d5b5f-4wglg      10.46.6.172  Running           [{Initialized True 0001-01-01 00:00:00 +0000 UTC 2018-09-17 07:19:06 +0000 UTC  } {Ready True 0001-01-01 00:00:00 +0000 UTC 2018-09-17 07:20:56 +0000 UTC  } {ContainersReady True 0001-01-01 00:00:00 +0000 UTC 0001-01-01 00:00:00 +0000 UTC  } {PodScheduled True 0001-01-01 00:00:00 +0000 UTC 2018-09-17 07:19:05 +0000 UTC  }]&#xA;Sep 19 08:06:26.730: INFO: vulnerability-advisor-process-ma-annotator-58f47d5b5f-xbxrc      10.46.6.172  Running           [{Initialized True 0001-01-01 00:00:00 +0000 UTC 2018-09-17 07:19:06 +0000 UTC  } {Ready True 0001-01-01 00:00:00 +0000 UTC 2018-09-17 07:21:50 +0000 UTC  } {ContainersReady True 0001-01-01 00:00:00 +0000 UTC 0001-01-01 00:00:00 +0000 UTC  } {PodScheduled True 0001-01-01 00:00:00 +0000 UTC 2018-09-17 07:19:05 +0000 UTC  }]&#xA;Sep 19 08:06:26.730: INFO: vulnerability-advisor-process-ma-annotator-init-869545d547nn27w  10.46.6.172  Running           [{Initialized True 0001-01-01 00:00:00 +0000 UTC 2018-09-17 07:19:06 +0000 UTC  } {Ready True 0001-01-01 00:00:00 +0000 UTC 2018-09-17 07:19:42 +0000 UTC  } {ContainersReady True 0001-01-01 00:00:00 +0000 UTC 0001-01-01 00:00:00 +0000 UTC  } {PodScheduled True 0001-01-01 00:00:00 +0000 UTC 2018-09-17 07:19:05 +0000 UTC  }]&#xA;Sep 19 08:06:26.730: INFO: vulnerability-advisor-process-ma-crawler-24z6k                   10.46.6.172  Running           [{Initialized True 0001-01-01 00:00:00 +0000 UTC 2018-09-17 07:19:03 +0000 UTC  } {Ready True 0001-01-01 00:00:00 +0000 UTC 2018-09-17 07:19:32 +0000 UTC  } {ContainersReady True 0001-01-01 00:00:00 +0000 UTC 0001-01-01 00:00:00 +0000 UTC  } {PodScheduled True 0001-01-01 00:00:00 +0000 UTC 2018-09-17 07:19:03 +0000 UTC  }]&#xA;Sep 19 08:06:26.730: INFO: vulnerability-advisor-process-ma-crawler-5g4zk                   10.46.6.170  Running           [{Initialized True 0001-01-01 00:00:00 +0000 UTC 2018-09-17 07:19:03 +0000 UTC  } {Ready True 0001-01-01 00:00:00 +0000 UTC 2018-09-17 07:19:16 +0000 UTC  } {ContainersReady True 0001-01-01 00:00:00 +0000 UTC 0001-01-01 00:00:00 +0000 UTC  } {PodScheduled True 0001-01-01 00:00:00 +0000 UTC 2018-09-17 07:19:03 +0000 UTC  }]&#xA;Sep 19 08:06:26.730: INFO: vulnerability-advisor-process-ma-crawler-96728                   10.46.6.173  Running           [{Initialized True 0001-01-01 00:00:00 +0000 UTC 2018-09-17 07:19:03 +0000 UTC  } {Ready True 0001-01-01 00:00:00 +0000 UTC 2018-09-17 07:19:23 +0000 UTC  } {ContainersReady True 0001-01-01 00:00:00 +0000 UTC 0001-01-01 00:00:00 +0000 UTC  } {PodScheduled True 0001-01-01 00:00:00 +0000 UTC 2018-09-17 07:19:03 +0000 UTC  }]&#xA;Sep 19 08:06:26.730: INFO: vulnerability-advisor-process-ma-crawler-b7k2d                   10.46.6.171  Running           [{Initialized True 0001-01-01 00:00:00 +0000 UTC 2018-09-17 07:19:03 +0000 UTC  } {Ready True 0001-01-01 00:00:00 +0000 UTC 2018-09-17 07:19:13 +0000 UTC  } {ContainersReady True 0001-01-01 00:00:00 +0000 UTC 0001-01-01 00:00:00 +0000 UTC  } {PodScheduled True 0001-01-01 00:00:00 +0000 UTC 2018-09-17 07:19:03 +0000 UTC  }]&#xA;Sep 19 08:06:26.730: INFO: vulnerability-advisor-registry-crawler-6f9568677b-bfpm6          10.46.6.172  Running           [{Initialized True 0001-01-01 00:00:00 +0000 UTC 2018-09-17 07:19:08 +0000 UTC  } {Ready True 0001-01-01 00:00:00 +0000 UTC 2018-09-17 07:19:48 +0000 UTC  } {ContainersReady True 0001-01-01 00:00:00 +0000 UTC 0001-01-01 00:00:00 +0000 UTC  } {PodScheduled True 0001-01-01 00:00:00 +0000 UTC 2018-09-17 07:19:07 +0000 UTC  }]&#xA;Sep 19 08:06:26.730: INFO: vulnerability-advisor-rootkit-annotator-74cb65b5cf-2dk5j         10.46.6.172  Running           [{Initialized True 0001-01-01 00:00:00 +0000 UTC 2018-09-17 07:19:08 +0000 UTC  } {Ready True 0001-01-01 00:00:00 +0000 UTC 2018-09-17 07:20:26 +0000 UTC  } {ContainersReady True 0001-01-01 00:00:00 +0000 UTC 0001-01-01 00:00:00 +0000 UTC  } {PodScheduled True 0001-01-01 00:00:00 +0000 UTC 2018-09-17 07:19:07 +0000 UTC  }]&#xA;Sep 19 08:06:26.730: INFO: vulnerability-advisor-rootkit-indexer-cd8b4646b-xlhwq            10.46.6.172  Running           [{Initialized True 0001-01-01 00:00:00 +0000 UTC 2018-09-17 07:19:07 +0000 UTC  } {Ready True 0001-01-01 00:00:00 +0000 UTC 2018-09-17 07:19:26 +0000 UTC  } {ContainersReady True 0001-01-01 00:00:00 +0000 UTC 0001-01-01 00:00:00 +0000 UTC  } {PodScheduled True 0001-01-01 00:00:00 +0000 UTC 2018-09-17 07:19:06 +0000 UTC  }]&#xA;Sep 19 08:06:26.730: INFO: vulnerability-advisor-sas-apiserver-5fd8d44bc9-7bvkn             10.46.6.172  Running           [{Initialized True 0001-01-01 00:00:00 +0000 UTC 2018-09-17 07:19:09 +0000 UTC  } {Ready True 0001-01-01 00:00:00 +0000 UTC 2018-09-17 07:20:03 +0000 UTC  } {ContainersReady True 0001-01-01 00:00:00 +0000 UTC 0001-01-01 00:00:00 +0000 UTC  } {PodScheduled True 0001-01-01 00:00:00 +0000 UTC 2018-09-17 07:19:08 +0000 UTC  }]&#xA;Sep 19 08:06:26.730: INFO: vulnerability-advisor-sas-mgmt-64fb95bc44-j9vjc                  10.46.6.172  Running           [{Initialized True 0001-01-01 00:00:00 +0000 UTC 2018-09-17 07:19:08 +0000 UTC  } {Ready True 0001-01-01 00:00:00 +0000 UTC 2018-09-17 07:19:39 +0000 UTC  } {ContainersReady True 0001-01-01 00:00:00 +0000 UTC 0001-01-01 00:00:00 +0000 UTC  } {PodScheduled True 0001-01-01 00:00:00 +0000 UTC 2018-09-17 07:19:08 +0000 UTC  }]&#xA;Sep 19 08:06:26.730: INFO: vulnerability-advisor-secconfig-annotator-7dbcf5d9f4-fkmkb       10.46.6.172  Running           [{Initialized True 0001-01-01 00:00:00 +0000 UTC 2018-09-17 07:19:10 +0000 UTC  } {Ready True 0001-01-01 00:00:00 +0000 UTC 2018-09-17 07:19:45 +0000 UTC  } {ContainersReady True 0001-01-01 00:00:00 +0000 UTC 0001-01-01 00:00:00 +0000 UTC  } {PodScheduled True 0001-01-01 00:00:00 +0000 UTC 2018-09-17 07:19:08 +0000 UTC  }]&#xA;Sep 19 08:06:26.730: INFO: vulnerability-advisor-secconfig-indexer-674647df7c-qq5ff         10.46.6.172  Running           [{Initialized True 0001-01-01 00:00:00 +0000 UTC 2018-09-17 07:19:07 +0000 UTC  } {Ready True 0001-01-01 00:00:00 +0000 UTC 2018-09-17 07:19:33 +0000 UTC  } {ContainersReady True 0001-01-01 00:00:00 +0000 UTC 0001-01-01 00:00:00 +0000 UTC  } {PodScheduled True 0001-01-01 00:00:00 +0000 UTC 2018-09-17 07:19:06 +0000 UTC  }]&#xA;Sep 19 08:06:26.730: INFO: vulnerability-advisor-statsd-7746859df4-jjm6f                    10.46.6.172  Running           [{Initialized True 0001-01-01 00:00:00 +0000 UTC 2018-09-17 07:19:10 +0000 UTC  } {Ready True 0001-01-01 00:00:00 +0000 UTC 2018-09-17 07:19:38 +0000 UTC  } {ContainersReady True 0001-01-01 00:00:00 +0000 UTC 0001-01-01 00:00:00 +0000 UTC  } {PodScheduled True 0001-01-01 00:00:00 +0000 UTC 2018-09-17 07:19:09 +0000 UTC  }]&#xA;Sep 19 08:06:26.730: INFO: vulnerability-advisor-usncrawler-8h976                           10.46.6.172  Succeeded         [{Initialized True 0001-01-01 00:00:00 +0000 UTC 2018-09-17 07:19:11 +0000 UTC PodCompleted } {Ready False 0001-01-01 00:00:00 +0000 UTC 2018-09-17 07:24:06 +0000 UTC PodCompleted } {ContainersReady False 0001-01-01 00:00:00 +0000 UTC 0001-01-01 00:00:00 +0000 UTC PodCompleted } {PodScheduled True 0001-01-01 00:00:00 +0000 UTC 2018-09-17 07:19:11 +0000 UTC  }]&#xA;Sep 19 08:06:26.730: INFO: vulnerability-advisor-vulnerability-annotator-bcbf5595f-hxwst    10.46.6.172  Running           [{Initialized True 0001-01-01 00:00:00 +0000 UTC 2018-09-17 07:19:10 +0000 UTC  } {Ready True 0001-01-01 00:00:00 +0000 UTC 2018-09-17 07:20:29 +0000 UTC  } {ContainersReady True 0001-01-01 00:00:00 +0000 UTC 0001-01-01 00:00:00 +0000 UTC  } {PodScheduled True 0001-01-01 00:00:00 +0000 UTC 2018-09-17 07:19:09 +0000 UTC  }]&#xA;Sep 19 08:06:26.730: INFO: vulnerability-advisor-vulnerability-indexer-7c79b4c964-2n8cg     10.46.6.172  Running           [{Initialized True 0001-01-01 00:00:00 +0000 UTC 2018-09-17 07:19:07 +0000 UTC  } {Ready True 0001-01-01 00:00:00 +0000 UTC 2018-09-17 07:19:37 +0000 UTC  } {ContainersReady True 0001-01-01 00:00:00 +0000 UTC 0001-01-01 00:00:00 +0000 UTC  } {PodScheduled True 0001-01-01 00:00:00 +0000 UTC 2018-09-17 07:19:06 +0000 UTC  }]&#xA;Sep 19 08:06:26.730: INFO: vulnerability-advisor-zookeeper-0                                10.46.6.172  Running           [{Initialized True 0001-01-01 00:00:00 +0000 UTC 2018-09-17 07:19:15 +0000 UTC  } {Ready True 0001-01-01 00:00:00 +0000 UTC 2018-09-17 07:20:10 +0000 UTC  } {ContainersReady True 0001-01-01 00:00:00 +0000 UTC 0001-01-01 00:00:00 +0000 UTC  } {PodScheduled True 0001-01-01 00:00:00 +0000 UTC 2018-09-17 07:19:14 +0000 UTC  }]&#xA;Sep 19 08:06:26.730: INFO: &#xA;Sep 19 08:06:26.734: INFO: &#xA;Logging node info for node 10.46.6.170&#xA;Sep 19 08:06:26.740: INFO: Node Info: &amp;Node{ObjectMeta:k8s_io_apimachinery_pkg_apis_meta_v1.ObjectMeta{Name:10.46.6.170,GenerateName:,Namespace:,SelfLink:/api/v1/nodes/10.46.6.170,UID:0c4508eb-ba48-11e8-b20e-fa163e707b2e,ResourceVersion:464062,Generation:0,CreationTimestamp:2018-09-17 07:05:24 +0000 UTC,DeletionTimestamp:&lt;nil&gt;,DeletionGracePeriodSeconds:nil,Labels:map[string]string{beta.kubernetes.io/arch: amd64,beta.kubernetes.io/os: linux,kubernetes.io/hostname: 10.46.6.170,node-role.kubernetes.io/worker: true,},Annotations:map[string]string{node.alpha.kubernetes.io/ttl: 0,volumes.kubernetes.io/controller-managed-attach-detach: true,},OwnerReferences:[],Finalizers:[],ClusterName:,Initializers:nil,},Spec:NodeSpec{PodCIDR:,DoNotUse_ExternalID:,ProviderID:,Unschedulable:false,Taints:[],ConfigSource:nil,},Status:NodeStatus{Capacity:ResourceList{cpu: {{8 0} {&lt;nil&gt;} 8 DecimalSI},ephemeral-storage: {{107362627584 0} {&lt;nil&gt;} 104846316Ki BinarySI},hugepages-1Gi: {{0 0} {&lt;nil&gt;} 0 DecimalSI},hugepages-2Mi: {{0 0} {&lt;nil&gt;} 0 DecimalSI},memory: {{16825630720 0} {&lt;nil&gt;}  BinarySI},pods: {{80 0} {&lt;nil&gt;} 80 DecimalSI},},Allocatable:ResourceList{cpu: {{8 0} {&lt;nil&gt;} 8 DecimalSI},ephemeral-storage: {{96626364666 0} {&lt;nil&gt;} 96626364666 DecimalSI},hugepages-1Gi: {{0 0} {&lt;nil&gt;} 0 DecimalSI},hugepages-2Mi: {{0 0} {&lt;nil&gt;} 0 DecimalSI},memory: {{16720773120 0} {&lt;nil&gt;}  BinarySI},pods: {{80 0} {&lt;nil&gt;} 80 DecimalSI},},Phase:,Conditions:[{OutOfDisk False 2018-09-19 08:06:23 +0000 UTC 2018-09-17 07:05:24 +0000 UTC KubeletHasSufficientDisk kubelet has sufficient disk space available} {MemoryPressure False 2018-09-19 08:06:23 +0000 UTC 2018-09-17 07:05:24 +0000 UTC KubeletHasSufficientMemory kubelet has sufficient memory available} {DiskPressure False 2018-09-19 08:06:23 +0000 UTC 2018-09-17 07:05:24 +0000 UTC KubeletHasNoDiskPressure kubelet has no disk pressure} {PIDPressure False 2018-09-19 08:06:23 +0000 UTC 2018-09-17 07:05:24 +0000 UTC KubeletHasSufficientPID kubelet has sufficient PID available} {Ready True 2018-09-19 08:06:23 +0000 UTC 2018-09-17 07:06:04 +0000 UTC KubeletReady kubelet is posting ready status}],Addresses:[{InternalIP 10.46.6.170} {Hostname 10.46.6.170}],DaemonEndpoints:NodeDaemonEndpoints{KubeletEndpoint:DaemonEndpoint{Port:10250,},},NodeInfo:NodeSystemInfo{MachineID:52ca0d2c3fb341c79b059a96d10571a6,SystemUUID:B2A91A2D-0576-4E7B-AEBA-AE95FFDDF786,BootID:ae0d54c3-4892-49fd-b5c7-ca2077060a4b,KernelVersion:3.10.0-862.9.1.el7.x86_64,OSImage:Red Hat Enterprise Linux,ContainerRuntimeVersion:docker://18.3.1,KubeletVersion:v1.11.1+icp-ee,KubeProxyVersion:v1.11.1+icp-ee,OperatingSystem:linux,Architecture:amd64,},Images:[{[lzj.icp:8500/ibmcom/live-crawler@sha256:1a648615e7b439f093697f65350262823e6c711c4b21ea81596ced1c28a48133 lzj.icp:8500/ibmcom/live-crawler:1.3.1] 987515538} {[lzj.icp:8500/ibmcom/hyperkube@sha256:9fbddbf2d04354912c8a981395493d250474cb9fa587fa91119e69467078b180 lzj.icp:8500/ibmcom/hyperkube:v1.11.1-ee] 782626408} {[gcr.io/heptio-images/kube-conformance@sha256:5482c7f5f7b874c5c6caec6ddef5406f19a52a2c3a36897cadf0a8f78ab57982 gcr.io/heptio-images/kube-conformance:latest] 532182058} {[open-liberty@sha256:e962af00796d50687a4ac71d5e8ab046696c314b4a84617b0d216b671519df31 open-liberty:latest] 500884023} {[lzj.icp:8500/ibmcom/icp-filebeat@sha256:72669dde64d7ab85bbb9e93428efe548b2693a4eae5168a4705f6e30cd20e584 lzj.icp:8500/ibmcom/icp-filebeat:5.5.1] 317104874} {[lzj.icp:8500/ibmcom/fluentd@sha256:f85a5ffd86438f1a73d04caf6e33ef3474675d9fa0947431f4d0a9602fc981af lzj.icp:8500/ibmcom/fluentd:v1.2.2-icp] 270902701} {[lzj.icp:8500/ibmcom/calico-node@sha256:85a23d8030137d49663d3d82844a61998331606de9fc523dfdd0a75be7fb9828 lzj.icp:8500/ibmcom/calico-node:v3.1.3] 248202699} {[gcr.io/kubernetes-e2e-test-images/jessie-dnsutils-amd64@sha256:9e842e2f77073ec30e2349f9082ec35357a3bf61e12488adc677144295e68c38 gcr.io/kubernetes-e2e-test-images/jessie-dnsutils-amd64:1.0] 195659796} {[lzj.icp:8500/ibmcom/nvidia-device-plugin@sha256:2d57caa41994d1e0b3d952526a651f8da487e068874d1075f915fa48ad969ba6 lzj.icp:8500/ibmcom/nvidia-device-plugin:1.0] 132413452} {[lzj.icp:8500/ibmcom/metering-data-manager@sha256:97803f4458c6f6ca62076cf6958cb8ab98cf9ffed7cd4977550eeaa6db8ead70 lzj.icp:8500/ibmcom/metering-data-manager:3.1.0] 121942877} {[lzj.icp:8500/ibmcom/icp-management-ingress@sha256:259a9d288f5ee4f169c618b6d870b5ae38b954a3bf69f3f392523b1aaa9f4001 lzj.icp:8500/ibmcom/icp-management-ingress:2.2.1] 80410712} {[lzj.icp:8500/ibmcom/calico-cni@sha256:b56c2d3e62bd02f15dd5ec335c25ac81bb39d214e904525227640790686855d7 lzj.icp:8500/ibmcom/calico-cni:v3.1.3] 68849270} {[gcr.io/heptio-images/sonobuoy@sha256:165df6f635ddd0088ed6686e07ffb47f8dd17fdba153f61dbec9aa80c0d2e0b8 gcr.io/heptio-images/sonobuoy:latest gcr.io/heptio-images/sonobuoy:v0.11.6] 33401240} {[gcr.io/kubernetes-e2e-test-images/nettest-amd64@sha256:f2d3eba3ae2043c51389935be4bf41b2b0e60fd7220b9ba9cbc51eceaa74b2b4 gcr.io/kubernetes-e2e-test-images/nettest-amd64:1.0] 27413498} {[lzj.icp:8500/ibmcom/node-exporter@sha256:b24db452b1a0bf46abba095162d0fbc89ea40eeabbfe43ae01dab54107ecff0e lzj.icp:8500/ibmcom/node-exporter:v0.16.0] 22915749} {[gcr.io/kubernetes-e2e-test-images/dnsutils-amd64@sha256:f8eca5c0c2e18b7ee6df876e5587c5885d13c59cb453d93bf51628daf656e4b5 gcr.io/kubernetes-e2e-test-images/dnsutils-amd64:1.0] 9030162} {[gcr.io/kubernetes-e2e-test-images/hostexec-amd64@sha256:e1dadb772c6132e3587fc41b8c07facd81ee7c4e74508891b5d98d45b85462e9 gcr.io/kubernetes-e2e-test-images/hostexec-amd64:1.1] 8490662} {[gcr.io/kubernetes-e2e-test-images/netexec-amd64@sha256:da1c165175d5589ed70384e406a0291b6f76d53fc99e2c31ae23003e11e5bfde gcr.io/kubernetes-e2e-test-images/netexec-amd64:1.0] 6713741} {[gcr.io/kubernetes-e2e-test-images/serve-hostname-amd64@sha256:2dd4032e98a0450d95a0ac71a5e465f542a900812d8c41bc6ca635aed1a5fc91 gcr.io/kubernetes-e2e-test-images/serve-hostname-amd64:1.0] 5470001} {[gcr.io/kubernetes-e2e-test-images/test-webserver-amd64@sha256:8da73e44d6870f86e0e6a87b2e07829470465afbb6febeb900296d99510789ce gcr.io/kubernetes-e2e-test-images/test-webserver-amd64:1.0] 4732240} {[gcr.io/kubernetes-e2e-test-images/porter-amd64@sha256:824f041b2757f8da2980092ace0991b4b8c6689e76c3b94f677521f7157bc7b8 gcr.io/kubernetes-e2e-test-images/porter-amd64:1.0] 4681408} {[gcr.io/kubernetes-e2e-test-images/liveness-amd64@sha256:0a64aa5318ade9f4ed6cd625d8dffdb4ac6a411da30694c53809e99a65de9eff gcr.io/kubernetes-e2e-test-images/liveness-amd64:1.0] 4608721} {[gcr.io/kubernetes-e2e-test-images/entrypoint-tester-amd64@sha256:ef1e5bf4aa80f899f51d173dfcc3106e8daf4c78c28be135b1d421c97f4c9354 gcr.io/kubernetes-e2e-test-images/entrypoint-tester-amd64:1.0] 2729534} {[gcr.io/kubernetes-e2e-test-images/mounttest-amd64@sha256:e3e75014e6df02dc21e6fb95f93b989a2ff8a91f36ae88d74eccbabaa21fc211 gcr.io/kubernetes-e2e-test-images/mounttest-amd64:1.0] 1563521} {[gcr.io/kubernetes-e2e-test-images/mounttest-user-amd64@sha256:1ac490f1442cad4b1c886527470393c71302cc62f5e3304fb08854403cbc68dc gcr.io/kubernetes-e2e-test-images/mounttest-user-amd64:1.0] 1450451} {[busybox@sha256:cb63aa0641a885f54de20f61d152187419e8f6b159ed11a251a09d115fdff9bd busybox:latest] 1162769} {[lzj.icp:8500/ibmcom/pause@sha256:8a18035491d4fbbe481be5eac11819315ec94677ab465608d052d87b3cdcff7f lzj.icp:8500/ibmcom/pause:3.1] 742472}],VolumesInUse:[],VolumesAttached:[],Config:&amp;NodeConfigStatus{Assigned:nil,Active:nil,LastKnownGood:nil,Error:,},},}&#xA;Sep 19 08:06:26.740: INFO: &#xA;Logging kubelet events for node 10.46.6.170&#xA;Sep 19 08:06:26.744: INFO: &#xA;Logging pods the kubelet thinks is on node 10.46.6.170&#xA;Sep 19 08:06:26.756: INFO: monitoring-prometheus-nodeexporter-tpbc8 started at 2018-09-17 07:15:44 +0000 UTC (0+2 container statuses recorded)&#xA;Sep 19 08:06:26.756: INFO: &#x9;Container nodeexporter ready: true, restart count 0&#xA;Sep 19 08:06:26.756: INFO: &#x9;Container router ready: true, restart count 0&#xA;Sep 19 08:06:26.756: INFO: audit-logging-fluentd-ds-4cgnk started at 2018-09-17 07:18:46 +0000 UTC (0+1 container statuses recorded)&#xA;Sep 19 08:06:26.756: INFO: &#x9;Container fluentd ready: true, restart count 0&#xA;Sep 19 08:06:26.756: INFO: vulnerability-advisor-process-ma-crawler-5g4zk started at 2018-09-17 07:19:03 +0000 UTC (0+1 container statuses recorded)&#xA;Sep 19 08:06:26.756: INFO: &#x9;Container process-ma-crawler ready: true, restart count 0&#xA;Sep 19 08:06:26.756: INFO: my-ibm-open-liberty-ibm-7f7d9778d7-7t5jc started at 2018-09-17 08:22:24 +0000 UTC (0+1 container statuses recorded)&#xA;Sep 19 08:06:26.756: INFO: &#x9;Container ibm-open-liberty ready: true, restart count 0&#xA;Sep 19 08:06:26.756: INFO: k8s-proxy-10.46.6.170 started at &lt;nil&gt; (0+0 container statuses recorded)&#xA;Sep 19 08:06:26.756: INFO: calico-node-htf97 started at 2018-09-17 07:05:53 +0000 UTC (0+2 container statuses recorded)&#xA;Sep 19 08:06:26.756: INFO: &#x9;Container calico-node ready: true, restart count 0&#xA;Sep 19 08:06:26.756: INFO: &#x9;Container install-cni ready: true, restart count 0&#xA;Sep 19 08:06:26.756: INFO: logging-elk-filebeat-ds-jtd5q started at 2018-09-17 07:15:20 +0000 UTC (0+1 container statuses recorded)&#xA;Sep 19 08:06:26.756: INFO: &#x9;Container filebeat ready: true, restart count 0&#xA;Sep 19 08:06:26.756: INFO: sonobuoy started at 2018-09-19 07:22:02 +0000 UTC (0+1 container statuses recorded)&#xA;Sep 19 08:06:26.756: INFO: &#x9;Container kube-sonobuoy ready: true, restart count 0&#xA;Sep 19 08:06:26.756: INFO: nvidia-device-plugin-9h2k4 started at 2018-09-17 07:07:17 +0000 UTC (1+1 container statuses recorded)&#xA;Sep 19 08:06:26.756: INFO: &#x9;Init container nvidia-driver-collector ready: true, restart count 0&#xA;Sep 19 08:06:26.756: INFO: &#x9;Container nvidia-device-plugin ready: true, restart count 0&#xA;Sep 19 08:06:26.756: INFO: metering-reader-44wd7 started at 2018-09-17 07:14:11 +0000 UTC (1+1 container statuses recorded)&#xA;Sep 19 08:06:26.756: INFO: &#x9;Init container metering-reader-init ready: true, restart count 1&#xA;Sep 19 08:06:26.756: INFO: &#x9;Container metering-reader ready: true, restart count 0&#xA;Sep 19 08:06:26.756: INFO: vulnerability-advisor-live-crawler-ccxd7 started at 2018-09-17 07:19:03 +0000 UTC (0+1 container statuses recorded)&#xA;Sep 19 08:06:26.756: INFO: &#x9;Container live-crawler ready: true, restart count 0&#xA;Sep 19 08:06:26.756: INFO: sonobuoy-e2e-job-c3f9b53ea97c48a2 started at 2018-09-19 07:22:08 +0000 UTC (0+2 container statuses recorded)&#xA;Sep 19 08:06:26.756: INFO: &#x9;Container e2e ready: true, restart count 0&#xA;Sep 19 08:06:26.756: INFO: &#x9;Container sonobuoy-worker ready: true, restart count 0&#xA;Sep 19 08:06:26.807: INFO: &#xA;Latency metrics for node 10.46.6.170&#xA;Sep 19 08:06:26.807: INFO: &#xA;Logging node info for node 10.46.6.171&#xA;Sep 19 08:06:26.814: INFO: Node Info: &amp;Node{ObjectMeta:k8s_io_apimachinery_pkg_apis_meta_v1.ObjectMeta{Name:10.46.6.171,GenerateName:,Namespace:,SelfLink:/api/v1/nodes/10.46.6.171,UID:0c79152a-ba48-11e8-b20e-fa163e707b2e,ResourceVersion:464053,Generation:0,CreationTimestamp:2018-09-17 07:05:24 +0000 UTC,DeletionTimestamp:&lt;nil&gt;,DeletionGracePeriodSeconds:nil,Labels:map[string]string{beta.kubernetes.io/arch: amd64,beta.kubernetes.io/os: linux,kubernetes.io/hostname: 10.46.6.171,management: true,node-role.kubernetes.io/management: true,},Annotations:map[string]string{node.alpha.kubernetes.io/ttl: 0,volumes.kubernetes.io/controller-managed-attach-detach: true,},OwnerReferences:[],Finalizers:[],ClusterName:,Initializers:nil,},Spec:NodeSpec{PodCIDR:,DoNotUse_ExternalID:,ProviderID:,Unschedulable:false,Taints:[{dedicated management NoSchedule &lt;nil&gt;}],ConfigSource:nil,},Status:NodeStatus{Capacity:ResourceList{cpu: {{8 0} {&lt;nil&gt;} 8 DecimalSI},ephemeral-storage: {{107362627584 0} {&lt;nil&gt;} 104846316Ki BinarySI},hugepages-1Gi: {{0 0} {&lt;nil&gt;} 0 DecimalSI},hugepages-2Mi: {{0 0} {&lt;nil&gt;} 0 DecimalSI},memory: {{16825630720 0} {&lt;nil&gt;}  BinarySI},pods: {{80 0} {&lt;nil&gt;} 80 DecimalSI},},Allocatable:ResourceList{cpu: {{8 0} {&lt;nil&gt;} 8 DecimalSI},ephemeral-storage: {{107257769984 0} {&lt;nil&gt;} 104743916Ki BinarySI},hugepages-1Gi: {{0 0} {&lt;nil&gt;} 0 DecimalSI},hugepages-2Mi: {{0 0} {&lt;nil&gt;} 0 DecimalSI},memory: {{16720773120 0} {&lt;nil&gt;}  BinarySI},pods: {{80 0} {&lt;nil&gt;} 80 DecimalSI},},Phase:,Conditions:[{OutOfDisk False 2018-09-19 08:06:20 +0000 UTC 2018-09-17 07:05:24 +0000 UTC KubeletHasSufficientDisk kubelet has sufficient disk space available} {MemoryPressure False 2018-09-19 08:06:20 +0000 UTC 2018-09-17 07:05:24 +0000 UTC KubeletHasSufficientMemory kubelet has sufficient memory available} {DiskPressure False 2018-09-19 08:06:20 +0000 UTC 2018-09-17 07:05:24 +0000 UTC KubeletHasNoDiskPressure kubelet has no disk pressure} {PIDPressure False 2018-09-19 08:06:20 +0000 UTC 2018-09-17 07:05:24 +0000 UTC KubeletHasSufficientPID kubelet has sufficient PID available} {Ready True 2018-09-19 08:06:20 +0000 UTC 2018-09-17 07:06:05 +0000 UTC KubeletReady kubelet is posting ready status}],Addresses:[{InternalIP 10.46.6.171} {Hostname 10.46.6.171}],DaemonEndpoints:NodeDaemonEndpoints{KubeletEndpoint:DaemonEndpoint{Port:10250,},},NodeInfo:NodeSystemInfo{MachineID:52ca0d2c3fb341c79b059a96d10571a6,SystemUUID:00401CD1-AB88-4341-9CDC-C9648BFB2B56,BootID:706dbc67-f432-47c3-840e-f599801336c8,KernelVersion:3.10.0-862.9.1.el7.x86_64,OSImage:Red Hat Enterprise Linux,ContainerRuntimeVersion:docker://18.3.1,KubeletVersion:v1.11.1+icp-ee,KubeProxyVersion:v1.11.1+icp-ee,OperatingSystem:linux,Architecture:amd64,},Images:[{[lzj.icp:8500/ibmcom/live-crawler@sha256:1a648615e7b439f093697f65350262823e6c711c4b21ea81596ced1c28a48133 lzj.icp:8500/ibmcom/live-crawler:1.3.1] 987515538} {[lzj.icp:8500/ibmcom/hyperkube@sha256:9fbddbf2d04354912c8a981395493d250474cb9fa587fa91119e69467078b180 lzj.icp:8500/ibmcom/hyperkube:v1.11.1-ee] 782626408} {[lzj.icp:8500/ibmcom/icp-logstash@sha256:a182a00827aefe7f5f95b18fa1ec8f6897989290b37f3d98bd6440ddda796433 lzj.icp:8500/ibmcom/icp-logstash:5.5.1] 764906887} {[lzj.icp:8500/ibmcom/icp-kibana@sha256:6e2746da64a64f98c5761b87d5e185a9c2ac75c9c4e767ab284062b1847b7571 lzj.icp:8500/ibmcom/icp-kibana:5.5.1] 639622018} {[lzj.icp:8500/ibmcom/icp-elasticsearch@sha256:b410aacb6005fe24bfd87b045ea26fde3d6eb3ca52c3f0e4560cdc208944ba50 lzj.icp:8500/ibmcom/icp-elasticsearch:5.5.1] 520121248} {[lzj.icp:8500/ibmcom/logging-pki-init@sha256:21aa9cbd05a849b4891b15cf636f73545f6001f16c82f8eeed2e90b4f9312377 lzj.icp:8500/ibmcom/logging-pki-init:2.0.0] 501921135} {[lzj.icp:8500/ibmcom/searchguard-init@sha256:3d0d8a8404a9df5ad238bce1e0542cdda609cc445dfc3964952243d9fc103276 lzj.icp:8500/ibmcom/searchguard-init:2.0.0] 457030441} {[lzj.icp:8500/ibmcom/metering-ui@sha256:d6453f9afecc9b1fc778c195e20bbb39d4ef6262af2f7a9a5ce3cddc259fec99 lzj.icp:8500/ibmcom/metering-ui:3.1.0] 385577105} {[lzj.icp:8500/ibmcom/icp-filebeat@sha256:72669dde64d7ab85bbb9e93428efe548b2693a4eae5168a4705f6e30cd20e584 lzj.icp:8500/ibmcom/icp-filebeat:5.5.1] 317104874} {[lzj.icp:8500/ibmcom/fluentd@sha256:f85a5ffd86438f1a73d04caf6e33ef3474675d9fa0947431f4d0a9602fc981af lzj.icp:8500/ibmcom/fluentd:v1.2.2-icp] 270902701} {[lzj.icp:8500/ibmcom/elasticsearch-plugin-searchguard@sha256:f47116021e3eec7b2fed9f6ed8bd77fd890457e5a1546dda7f863c032d4395b1 lzj.icp:8500/ibmcom/elasticsearch-plugin-searchguard:2.0.0] 267864279} {[lzj.icp:8500/ibmcom/calico-node@sha256:85a23d8030137d49663d3d82844a61998331606de9fc523dfdd0a75be7fb9828 lzj.icp:8500/ibmcom/calico-node:v3.1.3] 248202699} {[lzj.icp:8500/ibmcom/grafana@sha256:5d2739d3ec5c7f6ea66d69caa918b764660b99a3d37cb1f4123f1a9623ce8e38 lzj.icp:8500/ibmcom/grafana:5.2.0] 245297582} {[lzj.icp:8500/ibmcom/indices-cleaner@sha256:31dac3be1246f17dddade06b517c073244ce56d85bc54135fdaf010dbb0bca10 lzj.icp:8500/ibmcom/indices-cleaner:1.0.0] 238131553} {[lzj.icp:8500/ibmcom/curl@sha256:adf92a267e351914d041a56d64ebe80331c45f8e20ab23b7ada67bea78da9996 lzj.icp:8500/ibmcom/curl:4.0.0] 221192597} {[lzj.icp:8500/ibmcom/nvidia-device-plugin@sha256:2d57caa41994d1e0b3d952526a651f8da487e068874d1075f915fa48ad969ba6 lzj.icp:8500/ibmcom/nvidia-device-plugin:1.0] 132413452} {[lzj.icp:8500/ibmcom/metering-data-manager@sha256:97803f4458c6f6ca62076cf6958cb8ab98cf9ffed7cd4977550eeaa6db8ead70 lzj.icp:8500/ibmcom/metering-data-manager:3.1.0] 121942877} {[lzj.icp:8500/ibmcom/prometheus@sha256:91cba3cbf7a61499969a8a5a27347830ed1740b2285de9ac31e231e7ce44deb7 lzj.icp:8500/ibmcom/prometheus:v2.3.1] 118818909} {[lzj.icp:8500/ibmcom/icp-management-ingress@sha256:259a9d288f5ee4f169c618b6d870b5ae38b954a3bf69f3f392523b1aaa9f4001 lzj.icp:8500/ibmcom/icp-management-ingress:2.2.1] 80410712} {[lzj.icp:8500/ibmcom/calico-cni@sha256:b56c2d3e62bd02f15dd5ec335c25ac81bb39d214e904525227640790686855d7 lzj.icp:8500/ibmcom/calico-cni:v3.1.3] 68849270} {[lzj.icp:8500/ibmcom/k8s-prometheus-adapter@sha256:cf7f0c35ff0a0ec9cf743ef87e4c951f74d3fd0b4b97925784cc857565b4d7ba lzj.icp:8500/ibmcom/k8s-prometheus-adapter:v0.2.1.1] 52134773} {[lzj.icp:8500/ibmcom/metrics-server@sha256:973b5dd33165e4856f22a9f48a9b7f5bd2f01399d6479c46212ea92336a9ca40 lzj.icp:8500/ibmcom/metrics-server:v0.2.1.1] 42541759} {[lzj.icp:8500/ibmcom/ibmcloud-image-enforcement@sha256:d29efeb868c054eead02eec72c86f690c4a8c81b95f99f22bbc873644b090e99 lzj.icp:8500/ibmcom/ibmcloud-image-enforcement:0.2.0] 40040099} {[lzj.icp:8500/ibmcom/alertmanager@sha256:f3e7d379040499e05c1377862cc8a74cd5ffed2a175bf62fc18dc07b98d6ab00 lzj.icp:8500/ibmcom/alertmanager:v0.15.0] 36095602} {[lzj.icp:8500/ibmcom/kube-state-metrics@sha256:6a574d2e4a7338abdd3d0b85dd2510cbf046cd09a70505b99513feee42d00559 lzj.icp:8500/ibmcom/kube-state-metrics:v1.3.0] 35646776} {[lzj.icp:8500/ibmcom/node-exporter@sha256:b24db452b1a0bf46abba095162d0fbc89ea40eeabbfe43ae01dab54107ecff0e lzj.icp:8500/ibmcom/node-exporter:v0.16.0] 22915749} {[lzj.icp:8500/ibmcom/configmap-reload@sha256:77a4ede137dd4980fe02c70ad189bf7b89dd1a9e134c0fe4475842fe8948f6a9 lzj.icp:8500/ibmcom/configmap-reload:v0.2.2] 22381476} {[lzj.icp:8500/ibmcom/collectd-exporter@sha256:0ef0cfb0a60f66046851bfafbfa1913814c7a4967e4e7561ce5111186338f6d9 lzj.icp:8500/ibmcom/collectd-exporter:v0.4.0] 13695364} {[lzj.icp:8500/ibmcom/elasticsearch-exporter@sha256:27806a00f45314a1c06af096236004020a98202edbbce81d993aadfaca0c66a0 lzj.icp:8500/ibmcom/elasticsearch-exporter:1.0.2] 9202086} {[lzj.icp:8500/ibmcom/icp-initcontainer@sha256:c1b9397380303cfc23505576a19859c7e26936f80a26bb4fae95ef68e7775de8 lzj.icp:8500/ibmcom/icp-initcontainer:1.0.0] 3965926} {[lzj.icp:8500/ibmcom/pause@sha256:8a18035491d4fbbe481be5eac11819315ec94677ab465608d052d87b3cdcff7f lzj.icp:8500/ibmcom/pause:3.1] 742472}],VolumesInUse:[],VolumesAttached:[],Config:&amp;NodeConfigStatus{Assigned:nil,Active:nil,LastKnownGood:nil,Error:,},},}&#xA;Sep 19 08:06:26.814: INFO: &#xA;Logging kubelet events for node 10.46.6.171&#xA;Sep 19 08:06:26.817: INFO: &#xA;Logging pods the kubelet thinks is on node 10.46.6.171&#xA;Sep 19 08:06:26.840: INFO: vulnerability-advisor-live-crawler-xxz8p started at 2018-09-17 07:19:03 +0000 UTC (0+1 container statuses recorded)&#xA;Sep 19 08:06:26.840: INFO: &#x9;Container live-crawler ready: true, restart count 0&#xA;Sep 19 08:06:26.840: INFO: nvidia-device-plugin-vh85n started at 2018-09-17 07:07:17 +0000 UTC (1+1 container statuses recorded)&#xA;Sep 19 08:06:26.840: INFO: &#x9;Init container nvidia-driver-collector ready: true, restart count 0&#xA;Sep 19 08:06:26.840: INFO: &#x9;Container nvidia-device-plugin ready: true, restart count 0&#xA;Sep 19 08:06:26.840: INFO: custom-metrics-adapter-64f64964b4-f9gmc started at 2018-09-17 07:14:28 +0000 UTC (1+1 container statuses recorded)&#xA;Sep 19 08:06:26.840: INFO: &#x9;Init container init-adapter ready: true, restart count 0&#xA;Sep 19 08:06:26.840: INFO: &#x9;Container custom-metrics-adapter ready: true, restart count 0&#xA;Sep 19 08:06:26.840: INFO: logging-elk-elasticsearch-tls-init-6hnl4 started at 2018-09-17 07:15:20 +0000 UTC (0+1 container statuses recorded)&#xA;Sep 19 08:06:26.840: INFO: &#x9;Container searchguard-init ready: false, restart count 0&#xA;Sep 19 08:06:26.840: INFO: logging-elk-filebeat-ds-bs86r started at 2018-09-17 07:15:20 +0000 UTC (0+1 container statuses recorded)&#xA;Sep 19 08:06:26.840: INFO: &#x9;Container filebeat ready: true, restart count 0&#xA;Sep 19 08:06:26.840: INFO: logging-elk-client-75d4d7994c-7g7fn started at 2018-09-17 07:15:21 +0000 UTC (2+3 container statuses recorded)&#xA;Sep 19 08:06:26.840: INFO: &#x9;Init container sysctl ready: true, restart count 0&#xA;Sep 19 08:06:26.840: INFO: &#x9;Init container plugin-bundle ready: true, restart count 0&#xA;Sep 19 08:06:26.840: INFO: &#x9;Container es-client ready: true, restart count 0&#xA;Sep 19 08:06:26.840: INFO: &#x9;Container indices-cleaner ready: true, restart count 0&#xA;Sep 19 08:06:26.840: INFO: &#x9;Container router ready: true, restart count 0&#xA;Sep 19 08:06:26.840: INFO: monitoring-prometheus-alertmanager-7d8749dbb8-xj68d started at 2018-09-17 07:15:46 +0000 UTC (0+3 container statuses recorded)&#xA;Sep 19 08:06:26.840: INFO: &#x9;Container alertmanager ready: true, restart count 0&#xA;Sep 19 08:06:26.840: INFO: &#x9;Container configmap-reload ready: true, restart count 0&#xA;Sep 19 08:06:26.840: INFO: &#x9;Container router ready: true, restart count 0&#xA;Sep 19 08:06:26.840: INFO: monitoring-prometheus-collectdexporter-77575678dc-v8n2l started at 2018-09-17 07:15:46 +0000 UTC (0+2 container statuses recorded)&#xA;Sep 19 08:06:26.840: INFO: &#x9;Container collectd-exporter ready: true, restart count 0&#xA;Sep 19 08:06:26.840: INFO: &#x9;Container router ready: true, restart count 0&#xA;Sep 19 08:06:26.840: INFO: calico-node-gpm2c started at 2018-09-17 07:05:53 +0000 UTC (0+2 container statuses recorded)&#xA;Sep 19 08:06:26.840: INFO: &#x9;Container calico-node ready: true, restart count 0&#xA;Sep 19 08:06:26.840: INFO: &#x9;Container install-cni ready: true, restart count 0&#xA;Sep 19 08:06:26.840: INFO: metering-reader-xq8f2 started at 2018-09-17 07:14:11 +0000 UTC (1+1 container statuses recorded)&#xA;Sep 19 08:06:26.840: INFO: &#x9;Init container metering-reader-init ready: true, restart count 1&#xA;Sep 19 08:06:26.840: INFO: &#x9;Container metering-reader ready: true, restart count 0&#xA;Sep 19 08:06:26.840: INFO: logging-elk-logstash-7994656f46-r89mt started at 2018-09-17 07:15:22 +0000 UTC (0+1 container statuses recorded)&#xA;Sep 19 08:06:26.840: INFO: &#x9;Container logstash ready: true, restart count 0&#xA;Sep 19 08:06:26.840: INFO: monitoring-prometheus-elasticsearchexporter-655864cccb-c6tps started at 2018-09-17 07:15:46 +0000 UTC (0+2 container statuses recorded)&#xA;Sep 19 08:06:26.840: INFO: &#x9;Container elasticsearchexporter ready: true, restart count 0&#xA;Sep 19 08:06:26.840: INFO: &#x9;Container router ready: true, restart count 0&#xA;Sep 19 08:06:26.840: INFO: monitoring-prometheus-6677d7c77f-pnpt5 started at 2018-09-17 07:15:46 +0000 UTC (1+4 container statuses recorded)&#xA;Sep 19 08:06:26.840: INFO: &#x9;Init container init-container ready: true, restart count 0&#xA;Sep 19 08:06:26.840: INFO: &#x9;Container configmap-reload-alertrules ready: true, restart count 0&#xA;Sep 19 08:06:26.840: INFO: &#x9;Container configmap-reload-prometheus ready: true, restart count 0&#xA;Sep 19 08:06:26.840: INFO: &#x9;Container prometheus ready: true, restart count 0&#xA;Sep 19 08:06:26.840: INFO: &#x9;Container router ready: true, restart count 0&#xA;Sep 19 08:06:26.840: INFO: ibmcloud-image-enforcement-76ddccbf9f-kqmlb started at 2018-09-17 07:14:02 +0000 UTC (0+1 container statuses recorded)&#xA;Sep 19 08:06:26.840: INFO: &#x9;Container ibmcloud-image-enforcement ready: true, restart count 0&#xA;Sep 19 08:06:26.840: INFO: metering-ui-5bbfbb5d49-wkh8m started at 2018-09-17 07:14:12 +0000 UTC (1+1 container statuses recorded)&#xA;Sep 19 08:06:26.840: INFO: &#x9;Init container metering-ui-init ready: true, restart count 0&#xA;Sep 19 08:06:26.840: INFO: &#x9;Container metering-ui ready: true, restart count 0&#xA;Sep 19 08:06:26.840: INFO: logging-elk-master-6cdcf45f7d-gp28f started at 2018-09-17 07:15:21 +0000 UTC (2+1 container statuses recorded)&#xA;Sep 19 08:06:26.840: INFO: &#x9;Init container sysctl ready: true, restart count 0&#xA;Sep 19 08:06:26.840: INFO: &#x9;Init container plugin-bundle ready: true, restart count 0&#xA;Sep 19 08:06:26.841: INFO: &#x9;Container es-master ready: true, restart count 0&#xA;Sep 19 08:06:26.841: INFO: monitoring-grafana-548b947c8c-dh89z started at 2018-09-17 07:15:46 +0000 UTC (1+2 container statuses recorded)&#xA;Sep 19 08:06:26.841: INFO: &#x9;Init container init-container ready: true, restart count 0&#xA;Sep 19 08:06:26.841: INFO: &#x9;Container grafana ready: true, restart count 0&#xA;Sep 19 08:06:26.841: INFO: &#x9;Container router ready: true, restart count 0&#xA;Sep 19 08:06:26.841: INFO: vulnerability-advisor-process-ma-crawler-b7k2d started at 2018-09-17 07:19:03 +0000 UTC (0+1 container statuses recorded)&#xA;Sep 19 08:06:26.841: INFO: &#x9;Container process-ma-crawler ready: true, restart count 0&#xA;Sep 19 08:06:26.841: INFO: audit-logging-fluentd-ds-bc22k started at 2018-09-17 07:18:46 +0000 UTC (0+1 container statuses recorded)&#xA;Sep 19 08:06:26.841: INFO: &#x9;Container fluentd ready: true, restart count 0&#xA;Sep 19 08:06:26.841: INFO: k8s-proxy-10.46.6.171 started at &lt;nil&gt; (0+0 container statuses recorded)&#xA;Sep 19 08:06:26.841: INFO: metrics-server-6d6695f9db-8t4xs started at 2018-09-17 07:08:51 +0000 UTC (0+1 container statuses recorded)&#xA;Sep 19 08:06:26.841: INFO: &#x9;Container metrics-server ready: true, restart count 0&#xA;Sep 19 08:06:26.841: INFO: metering-dm-8b475fc57-cmm6h started at 2018-09-17 07:14:12 +0000 UTC (1+1 container statuses recorded)&#xA;Sep 19 08:06:26.841: INFO: &#x9;Init container metering-dm-init ready: true, restart count 0&#xA;Sep 19 08:06:26.841: INFO: &#x9;Container metering-dm ready: true, restart count 0&#xA;Sep 19 08:06:26.841: INFO: logging-elk-data-0 started at 2018-09-17 07:15:21 +0000 UTC (3+1 container statuses recorded)&#xA;Sep 19 08:06:26.841: INFO: &#x9;Init container chmod ready: true, restart count 0&#xA;Sep 19 08:06:26.841: INFO: &#x9;Init container sysctl ready: true, restart count 0&#xA;Sep 19 08:06:26.841: INFO: &#x9;Init container plugin-bundle ready: true, restart count 0&#xA;Sep 19 08:06:26.841: INFO: &#x9;Container es-data ready: true, restart count 0&#xA;Sep 19 08:06:26.841: INFO: logging-elk-kibana-ff4db4866-s2295 started at 2018-09-17 07:15:21 +0000 UTC (0+2 container statuses recorded)&#xA;Sep 19 08:06:26.841: INFO: &#x9;Container kibana ready: true, restart count 0&#xA;Sep 19 08:06:26.841: INFO: &#x9;Container router ready: true, restart count 0&#xA;Sep 19 08:06:26.841: INFO: monitoring-prometheus-nodeexporter-9fnpb started at 2018-09-17 07:15:44 +0000 UTC (0+2 container statuses recorded)&#xA;Sep 19 08:06:26.841: INFO: &#x9;Container nodeexporter ready: true, restart count 0&#xA;Sep 19 08:06:26.841: INFO: &#x9;Container router ready: true, restart count 0&#xA;Sep 19 08:06:26.841: INFO: monitoring-prometheus-kubestatemetrics-54dcbb6cfb-76zmm started at 2018-09-17 07:15:45 +0000 UTC (0+2 container statuses recorded)&#xA;Sep 19 08:06:26.841: INFO: &#x9;Container kubestatemetrics ready: true, restart count 0&#xA;Sep 19 08:06:26.841: INFO: &#x9;Container router ready: true, restart count 0&#xA;Sep 19 08:06:26.897: INFO: &#xA;Latency metrics for node 10.46.6.171&#xA;Sep 19 08:06:26.897: INFO: &#xA;Logging node info for node 10.46.6.172&#xA;Sep 19 08:06:26.901: INFO: Node Info: &amp;Node{ObjectMeta:k8s_io_apimachinery_pkg_apis_meta_v1.ObjectMeta{Name:10.46.6.172,GenerateName:,Namespace:,SelfLink:/api/v1/nodes/10.46.6.172,UID:0c6032ef-ba48-11e8-b20e-fa163e707b2e,ResourceVersion:464066,Generation:0,CreationTimestamp:2018-09-17 07:05:24 +0000 UTC,DeletionTimestamp:&lt;nil&gt;,DeletionGracePeriodSeconds:nil,Labels:map[string]string{beta.kubernetes.io/arch: amd64,beta.kubernetes.io/os: linux,kubernetes.io/hostname: 10.46.6.172,node-role.kubernetes.io/va: true,va: true,},Annotations:map[string]string{node.alpha.kubernetes.io/ttl: 0,volumes.kubernetes.io/controller-managed-attach-detach: true,},OwnerReferences:[],Finalizers:[],ClusterName:,Initializers:nil,},Spec:NodeSpec{PodCIDR:,DoNotUse_ExternalID:,ProviderID:,Unschedulable:false,Taints:[{dedicated va NoSchedule &lt;nil&gt;}],ConfigSource:nil,},Status:NodeStatus{Capacity:ResourceList{cpu: {{8 0} {&lt;nil&gt;} 8 DecimalSI},ephemeral-storage: {{107362627584 0} {&lt;nil&gt;} 104846316Ki BinarySI},hugepages-1Gi: {{0 0} {&lt;nil&gt;} 0 DecimalSI},hugepages-2Mi: {{0 0} {&lt;nil&gt;} 0 DecimalSI},memory: {{16825622528 0} {&lt;nil&gt;}  BinarySI},pods: {{80 0} {&lt;nil&gt;} 80 DecimalSI},},Allocatable:ResourceList{cpu: {{8 0} {&lt;nil&gt;} 8 DecimalSI},ephemeral-storage: {{107257769984 0} {&lt;nil&gt;} 104743916Ki BinarySI},hugepages-1Gi: {{0 0} {&lt;nil&gt;} 0 DecimalSI},hugepages-2Mi: {{0 0} {&lt;nil&gt;} 0 DecimalSI},memory: {{16720764928 0} {&lt;nil&gt;}  BinarySI},pods: {{80 0} {&lt;nil&gt;} 80 DecimalSI},},Phase:,Conditions:[{OutOfDisk False 2018-09-19 08:06:25 +0000 UTC 2018-09-17 07:05:24 +0000 UTC KubeletHasSufficientDisk kubelet has sufficient disk space available} {MemoryPressure False 2018-09-19 08:06:25 +0000 UTC 2018-09-17 07:05:24 +0000 UTC KubeletHasSufficientMemory kubelet has sufficient memory available} {DiskPressure False 2018-09-19 08:06:25 +0000 UTC 2018-09-17 07:05:24 +0000 UTC KubeletHasNoDiskPressure kubelet has no disk pressure} {PIDPressure False 2018-09-19 08:06:25 +0000 UTC 2018-09-17 07:05:24 +0000 UTC KubeletHasSufficientPID kubelet has sufficient PID available} {Ready True 2018-09-19 08:06:25 +0000 UTC 2018-09-17 07:06:04 +0000 UTC KubeletReady kubelet is posting ready status}],Addresses:[{InternalIP 10.46.6.172} {Hostname 10.46.6.172}],DaemonEndpoints:NodeDaemonEndpoints{KubeletEndpoint:DaemonEndpoint{Port:10250,},},NodeInfo:NodeSystemInfo{MachineID:52ca0d2c3fb341c79b059a96d10571a6,SystemUUID:3D48E3C5-99D8-4CA3-9AB5-A8540613166F,BootID:d81d494e-264a-48ce-a4f2-76b16f6ece1f,KernelVersion:3.10.0-862.9.1.el7.x86_64,OSImage:Red Hat Enterprise Linux,ContainerRuntimeVersion:docker://18.3.1,KubeletVersion:v1.11.1+icp-ee,KubeProxyVersion:v1.11.1+icp-ee,OperatingSystem:linux,Architecture:amd64,},Images:[{[lzj.icp:8500/ibmcom/statsd-amd64@sha256:5ee11bc24bced45a77d9d630348680f319c09d9d3b2230b04518d1e2a5263ae2 lzj.icp:8500/ibmcom/statsd@sha256:af7a9d0c4f029d0247da41f67c7e87f3655175962b79a189a6a9ace0ff841049 lzj.icp:8500/ibmcom/statsd-amd64:0.7.2.1 lzj.icp:8500/ibmcom/statsd:0.7.2.1] 1234731808} {[lzj.icp:8500/ibmcom/kafka-amd64@sha256:0d6d348ccd7aa2854d60791331280e58db92029a522c8bfb3eb40c7c0913ca8f lzj.icp:8500/ibmcom/kafka@sha256:f0b4a833c3da439cadb783bb9cb578f96b1328557b8402a98f01c5c21497d93a lzj.icp:8500/ibmcom/kafka-amd64:0.10.0.2 lzj.icp:8500/ibmcom/kafka:0.10.0.2] 1114805679} {[lzj.icp:8500/ibmcom/iam-token-service-amd64@sha256:9211161e5b5b9d892a99b46fad4429333ceb7143b4039419df7ea0efa36381a9 lzj.icp:8500/ibmcom/iam-token-service@sha256:1b9308e68de93b43e9a85c0e005d80d423e88db7d88ee7114a80b2fade7a78ed lzj.icp:8500/ibmcom/iam-token-service-amd64:3.1.0 lzj.icp:8500/ibmcom/iam-token-service:3.1.0] 1051060152} {[lzj.icp:8500/ibmcom/icp-platform-auth-amd64@sha256:abc258009b8696a83214b7a9d9df63f6d83e19cfca2987c4836b0eadfa4c99c7 lzj.icp:8500/ibmcom/icp-platform-auth@sha256:c544b90a099b6c29ba4ee7f2ad4dded1277c948a0826b38ebe3250cdc7d1529c lzj.icp:8500/ibmcom/icp-platform-auth-amd64:3.1.0 lzj.icp:8500/ibmcom/icp-platform-auth:3.1.0] 1028283742} {[lzj.icp:8500/ibmcom/reg-crawler-amd64@sha256:9e5d4ebbac3dd6cbf9f892b5bd634f89fae3d4b2e6a23debd3ecd322e3eb817e lzj.icp:8500/ibmcom/reg-crawler@sha256:a9033d9cb2406d11c616fdfedc9bc56bc4ef970bd0a7b02899b3e5c1b353799b lzj.icp:8500/ibmcom/reg-crawler-amd64:1.3.1 lzj.icp:8500/ibmcom/reg-crawler:1.3.1] 1007817363} {[lzj.icp:8500/ibmcom/live-crawler-amd64@sha256:37a79ec87bd3c8b9af25cf1e25f4f14281ffb9f5ebeaf61c0b7c8a5799baf782 lzj.icp:8500/ibmcom/live-crawler@sha256:1a648615e7b439f093697f65350262823e6c711c4b21ea81596ced1c28a48133 lzj.icp:8500/ibmcom/live-crawler-amd64:1.3.1 lzj.icp:8500/ibmcom/live-crawler:1.3.1] 987515538} {[lzj.icp:8500/ibmcom/cos-indexer-amd64@sha256:adf28ff960ebdcbfcfa5e4522b81aa3565338f8d640dad611a1c3f0d3894393b lzj.icp:8500/ibmcom/cos-indexer@sha256:bb31dc8ef37e8482b2b9dedc0e54f46f7d3c678b22a3130eca9dde80fed65df1 lzj.icp:8500/ibmcom/cos-indexer-amd64:1.3.1 lzj.icp:8500/ibmcom/cos-indexer:1.3.1] 846578165} {[lzj.icp:8500/ibmcom/secure-config-annotator-amd64@sha256:26e845c6a252e0c5ae73e764645993b3270e289d1a2e9784b06ddd7898ca45d9 lzj.icp:8500/ibmcom/secure-config-annotator@sha256:cfaadd13c4ef4bdc937d296faff78e98473be8c9c6ae6b4a38927c952948914f lzj.icp:8500/ibmcom/secure-config-annotator-amd64:1.3.1 lzj.icp:8500/ibmcom/secure-config-annotator:1.3.1] 835555196} {[lzj.icp:8500/ibmcom/hyperkube-amd64@sha256:9eaadf7c2a417ee2a9a219e2eadf21884742199a484be2ca737f0e8a178d490a lzj.icp:8500/ibmcom/hyperkube@sha256:9fbddbf2d04354912c8a981395493d250474cb9fa587fa91119e69467078b180 lzj.icp:8500/ibmcom/hyperkube-amd64:v1.11.1-ee lzj.icp:8500/ibmcom/hyperkube:v1.11.1-ee] 782626408} {[lzj.icp:8500/ibmcom/compliance-annotator-amd64@sha256:5d8bbbef3a7dc54ba9addb256d2aa8a3f7d5c27a454ff4b7ee583b217dac2ce4 lzj.icp:8500/ibmcom/compliance-annotator@sha256:be00ccb777b1e90601cc563112e32ae831b0fb7d4933f1aa3c49379cabe41c3f lzj.icp:8500/ibmcom/compliance-annotator-amd64:1.3.1 lzj.icp:8500/ibmcom/compliance-annotator:1.3.1] 773932738} {[lzj.icp:8500/ibmcom/icp-logstash-amd64@sha256:02a683ee6ad9eeed7ea8ebb1de713aaf902a9e20a39ccc0294ee1f947f1bbd73 lzj.icp:8500/ibmcom/icp-logstash@sha256:a182a00827aefe7f5f95b18fa1ec8f6897989290b37f3d98bd6440ddda796433 lzj.icp:8500/ibmcom/icp-logstash-amd64:5.5.1 lzj.icp:8500/ibmcom/icp-logstash:5.5.1] 764906887} {[lzj.icp:8500/ibmcom/process-ma-hf-amd64@sha256:ef0d164350d07600f8037082db7d98cf81b9c554d8a60692ae90b8d0239a8cdc lzj.icp:8500/ibmcom/process-ma-hf@sha256:114b48d67e46f6ad3624dfa99baab8f9c62fb5ba88d210d0f42e106eda4e0ee8 lzj.icp:8500/ibmcom/process-ma-hf-amd64:1.3.1 lzj.icp:8500/ibmcom/process-ma-hf:1.3.1] 758635128} {[lzj.icp:8500/ibmcom/vulnerability-annotator-amd64@sha256:febedf85b65e0d1800e67249274d474d4ce67e8041e81487f76bce727cb39bd4 lzj.icp:8500/ibmcom/vulnerability-annotator@sha256:2ca368468e5d1c7ed82b3947b8d8904da34969bd72e67b382bfd0579fe3f148d lzj.icp:8500/ibmcom/vulnerability-annotator-amd64:1.3.1 lzj.icp:8500/ibmcom/vulnerability-annotator:1.3.1] 757013017} {[lzj.icp:8500/ibmcom/py-generic-indexer-amd64@sha256:45cb17e23e15f4dfe44471309af12f0655aad5f8e859c718f393290f220b02b2 lzj.icp:8500/ibmcom/py-generic-indexer@sha256:63a28bc72b6588e508ad23b569a228d6219e2d6fdddb2b1b073e1d2c70ec7641 lzj.icp:8500/ibmcom/py-generic-indexer-amd64:1.3.1 lzj.icp:8500/ibmcom/py-generic-indexer:1.3.1] 755588945} {[lzj.icp:8500/ibmcom/icp-inception-amd64@sha256:1dad180d14ae732d17ca5cf41b87dbb316c072323f186d60a08a753f904eb5b2 lzj.icp:8500/ibmcom/icp-inception@sha256:d395315f0fde94a5cacd9945cd7932b4eda45fe404a6b9d55a8ec8ebeed2a0a8 lzj.icp:8500/ibmcom/icp-inception-amd64:3.1.0-ee lzj.icp:8500/ibmcom/icp-inception:3.1.0-ee] 744155119} {[lzj.icp:8500/ibmcom/config-parser-amd64@sha256:7d721e0b5a827921ac16fa9e7570db225211e6dd700cdeaba1d28ba02ff8ef6d lzj.icp:8500/ibmcom/config-parser@sha256:2b7d6f1ea57d6e4d9caaca5d0e2bb35d2e6db316e2f18ef9a51b5bfa48119f69 lzj.icp:8500/ibmcom/config-parser-amd64:1.3.1 lzj.icp:8500/ibmcom/config-parser:1.3.1] 739243486} {[lzj.icp:8500/ibmcom/iam-policy-administration-amd64@sha256:e1941aa09a5b692505cb3be3e497d3ff9acb900786b9a2c8c4c00d0243b37dd0 lzj.icp:8500/ibmcom/iam-policy-administration@sha256:ab0d5c50f5e5fc9a537e97183ed694e34d57fa00121bc08bedb261b80e29b9a4 lzj.icp:8500/ibmcom/iam-policy-administration-amd64:3.1.0 lzj.icp:8500/ibmcom/iam-policy-administration:3.1.0] 711947327} {[lzj.icp:8500/ibmcom/password-annotator-amd64@sha256:bca1b6b222d8ea8ade174a8cc1a549f161d75d3e9d69881f08a1fb316a8e27d3 lzj.icp:8500/ibmcom/password-annotator@sha256:5c7e8db45db52a6bca7d76ae8c2ff74eb43644f7959d66ddc67454bcbca765ec lzj.icp:8500/ibmcom/password-annotator-amd64:1.3.1 lzj.icp:8500/ibmcom/password-annotator:1.3.1] 707627907} {[lzj.icp:8500/ibmcom/notification-dispatcher-amd64@sha256:ec8dfbc351a0d758488f9f8bfa17c3182a5c02819a6ebf7144ab914a2233cf57 lzj.icp:8500/ibmcom/notification-dispatcher@sha256:6d7e6b836f0cfeb5fb18cd29fdd8315fb44013f8d21830b9c5ab60b605c5e3c5 lzj.icp:8500/ibmcom/notification-dispatcher-amd64:1.3.1 lzj.icp:8500/ibmcom/notification-dispatcher:1.3.1] 707588442} {[lzj.icp:8500/ibmcom/sas-base-amd64@sha256:9651b1149c62d5a0968aaeffe71f2da68cd7e07ff8d7ea67538278c00ab08457 lzj.icp:8500/ibmcom/sas-base@sha256:56bb0790e5f06276b7435c731687f733901fedc80af299dc8a8eaf72d7365560 lzj.icp:8500/ibmcom/sas-base-amd64:1.3.1 lzj.icp:8500/ibmcom/sas-base:1.3.1] 653746081} {[lzj.icp:8500/ibmcom/ma-file-annotator-amd64@sha256:8caa6280fd845fd524ad874a6b243510ebf085d58c989229020fcfc743492632 lzj.icp:8500/ibmcom/ma-file-annotator@sha256:cd8dc2a26e2a84bf7d8ba982c6a21c034239de5e2dc12767d3f60985e495d957 lzj.icp:8500/ibmcom/ma-file-annotator-amd64:1.3.1 lzj.icp:8500/ibmcom/ma-file-annotator:1.3.1] 653745236} {[lzj.icp:8500/ibmcom/icp-kibana-amd64@sha256:8b69887ac5297e1d2e68b9c2ce885b9a888f6c278ca1538acb0f03206b48502a lzj.icp:8500/ibmcom/icp-kibana@sha256:6e2746da64a64f98c5761b87d5e185a9c2ac75c9c4e767ab284062b1847b7571 lzj.icp:8500/ibmcom/icp-kibana-amd64:5.5.1 lzj.icp:8500/ibmcom/icp-kibana:5.5.1] 639622018} {[lzj.icp:8500/ibmcom/icp-platform-api-amd64@sha256:1fc47925c2611aef12631b3f3806308f55a298074aebc561fd04cf8a7691c669 lzj.icp:8500/ibmcom/icp-platform-api@sha256:6b5585999f45fa6dc7a6a1d8bcb4d544c96a3e1fd3bd9f133ebed2e356985a0e lzj.icp:8500/ibmcom/icp-platform-api-amd64:3.1.0 lzj.icp:8500/ibmcom/icp-platform-api:3.1.0] 612589125} {[lzj.icp:8500/ibmcom/iam-policy-decision-amd64@sha256:d49eb3845c57bb8370a477949d92da10a178b81ade50f0e9d970981fadd6686d lzj.icp:8500/ibmcom/iam-policy-decision@sha256:ecd9f36e17e57c6be41e744abc17baacddd28178485d29cb112ffc5e558d2c09 lzj.icp:8500/ibmcom/iam-policy-decision-amd64:3.1.0 lzj.icp:8500/ibmcom/iam-policy-decision:3.1.0] 559718344} {[lzj.icp:8500/ibmcom/rootkit-annotator-amd64@sha256:caf6c24136b8785d901f346a640d673b55fe105c3617cfcb432ee2006f5b1cf4 lzj.icp:8500/ibmcom/rootkit-annotator@sha256:9aabe418ab5c5b3ce86dcfad5dc63a14124bf56227a7decb6656382f2cf9606e lzj.icp:8500/ibmcom/rootkit-annotator-amd64:1.3.1 lzj.icp:8500/ibmcom/rootkit-annotator:1.3.1] 549434506} {[lzj.icp:8500/ibmcom/icp-elasticsearch-amd64@sha256:0063a7a931ca4e52d8f7a51f2bdb010345f4373b5b904b52e5c8a48ec0c1fde7 lzj.icp:8500/ibmcom/icp-elasticsearch@sha256:b410aacb6005fe24bfd87b045ea26fde3d6eb3ca52c3f0e4560cdc208944ba50 lzj.icp:8500/ibmcom/icp-elasticsearch-amd64:5.5.1 lzj.icp:8500/ibmcom/icp-elasticsearch:5.5.1] 520121248} {[lzj.icp:8500/ibmcom/logging-pki-init-amd64@sha256:cc4bfa085e1ae99120ee526acd3e62d205e10de6f1c773c521fc5b933914f6a8 lzj.icp:8500/ibmcom/logging-pki-init@sha256:21aa9cbd05a849b4891b15cf636f73545f6001f16c82f8eeed2e90b4f9312377 lzj.icp:8500/ibmcom/logging-pki-init-amd64:2.0.0 lzj.icp:8500/ibmcom/logging-pki-init:2.0.0] 501921135} {[lzj.icp:8500/ibmcom/searchguard-init-amd64@sha256:d19ce1d27f406945d4ed78b0f07007998c2ab3889086e502924847c2186db546 lzj.icp:8500/ibmcom/searchguard-init@sha256:3d0d8a8404a9df5ad238bce1e0542cdda609cc445dfc3964952243d9fc103276 lzj.icp:8500/ibmcom/searchguard-init-amd64:2.0.0 lzj.icp:8500/ibmcom/searchguard-init:2.0.0] 457030441} {[lzj.icp:8500/ibmcom/metering-ui-amd64@sha256:3628a8fe41183c08ea0b02e2e798e3649e4aebe2c2405c34572b9eb7c7c4d9a8 lzj.icp:8500/ibmcom/metering-ui@sha256:d6453f9afecc9b1fc778c195e20bbb39d4ef6262af2f7a9a5ce3cddc259fec99 lzj.icp:8500/ibmcom/metering-ui-amd64:3.1.0 lzj.icp:8500/ibmcom/metering-ui:3.1.0] 385577105} {[lzj.icp:8500/ibmcom/heketi-amd64@sha256:c5b579a4f219c87990f861eb61de86cb9cfb51b6d230b8c299df7d9fd3d02d0e lzj.icp:8500/ibmcom/heketi@sha256:eb6875247a56829a20d0949f034b08a0e682201ab1d88d3cba71972932c254f5 lzj.icp:8500/ibmcom/heketi-amd64:v7.0.0 lzj.icp:8500/ibmcom/heketi:v7.0.0] 384720377} {[lzj.icp:8500/ibmcom/icp-mongodb-amd64@sha256:a305ae8bc309898d86bf60aee968846db3602f77b25924640d5f08a2389ee99d lzj.icp:8500/ibmcom/icp-mongodb@sha256:fe8b55caf7bb855fd4e244450af5195f2243b766c6934d464128bf982b29b345 lzj.icp:8500/ibmcom/icp-mongodb-amd64:3.1.0 lzj.icp:8500/ibmcom/icp-mongodb:3.1.0] 379353410} {[lzj.icp:8500/ibmcom/icp-catalog-ui-amd64@sha256:33993b4eab189e3c78fe27799017da770d47523cf6831460741008bf91297d6d lzj.icp:8500/ibmcom/icp-catalog-ui@sha256:049f3c4946a0ad2c10507e5e42a464448e858fb3ae606cfd84825d340adb1125 lzj.icp:8500/ibmcom/icp-catalog-ui-amd64:3.1.0 lzj.icp:8500/ibmcom/icp-catalog-ui:3.1.0] 363781304} {[lzj.icp:8500/ibmcom/nginx-ingress-controller-amd64@sha256:63b48dd3ba635aa65409f7d6a319e293697810c1b9e885e6255bebf36a2506ab lzj.icp:8500/ibmcom/nginx-ingress-controller@sha256:f68b2ce26292e02ef3dbc6cfae17cec3d54b9afee9bf5298bf95d005c0783143 lzj.icp:8500/ibmcom/nginx-ingress-controller-amd64:0.16.2 lzj.icp:8500/ibmcom/nginx-ingress-controller:0.16.2] 361632894} {[lzj.icp:8500/ibmcom/mariadb-amd64@sha256:1f9876179c32fcf463804f75cbf2fb031106edf2be9d5dbf6705375ca53930bb lzj.icp:8500/ibmcom/mariadb@sha256:2272622e7f6786220d7ee2b482a3050bd34c3e1ecdc99af6175a146610222763 lzj.icp:8500/ibmcom/mariadb-amd64:10.2.17 lzj.icp:8500/ibmcom/mariadb:10.2.17] 358991946} {[lzj.icp:8500/ibmcom/k8szk-amd64@sha256:a9ee22a4df14654552a02303e4560623244683692fd298dd2fb71e9dd66219f3 lzj.icp:8500/ibmcom/k8szk@sha256:20cfeb163fb828c3c3a7c0baf2883e90c72c8d97d20116253903e82aa2be801f lzj.icp:8500/ibmcom/k8szk-amd64:v3 lzj.icp:8500/ibmcom/k8szk:v3] 331472973} {[lzj.icp:8500/ibmcom/gluster-amd64@sha256:647caedb536eb7b8c5c8b0a2b69e52d2a34be9e6c9c7b9c1b21d14fcfa261886 lzj.icp:8500/ibmcom/gluster@sha256:eeabf9b160370078d12a4c2b84f1a9772fe10c64446f0c2251eb53b8b5277baa lzj.icp:8500/ibmcom/gluster-amd64:v4.0.2 lzj.icp:8500/ibmcom/gluster:v4.0.2] 324265531} {[lzj.icp:8500/ibmcom/istio-grafana-amd64@sha256:381a2dd3a5addbc5d43920bc19bb15ba6dbd422e4a9d91163108e72c5a63234c lzj.icp:8500/ibmcom/istio-grafana@sha256:f4fdaf4a51b946f6d4fb9aa82cdbfef53c8e0b7b2223078f9d7f62bb28d3259b lzj.icp:8500/ibmcom/istio-grafana-amd64:1.0.0.1 lzj.icp:8500/ibmcom/istio-grafana:1.0.0.1] 324187770} {[lzj.icp:8500/ibmcom/icp-filebeat-amd64@sha256:03af9b78dad6c2ba857975d10c81e781460796dff1ff1163ea4596f4aa10601d lzj.icp:8500/ibmcom/icp-filebeat@sha256:72669dde64d7ab85bbb9e93428efe548b2693a4eae5168a4705f6e30cd20e584 lzj.icp:8500/ibmcom/icp-filebeat-amd64:5.5.1 lzj.icp:8500/ibmcom/icp-filebeat:5.5.1] 317104874} {[lzj.icp:8500/ibmcom/istio-proxyv2-amd64@sha256:cd77e75fa85ce74914e1b7b0bef980ece8a62ef0d776c9ef51a0d7d30b4b64a0 lzj.icp:8500/ibmcom/istio-proxyv2@sha256:9c94d736c8cbb41e2c5b0b672530eee0df6cbb628d57f4ddaec9f4ff4f49ce35 lzj.icp:8500/ibmcom/istio-proxyv2-amd64:1.0.0.1 lzj.icp:8500/ibmcom/istio-proxyv2:1.0.0.1] 311276139} {[lzj.icp:8500/ibmcom/istio-pilot-amd64@sha256:63352073a964037fd37f6150228231d2e5eca7e0c2920405d6269326d3c54263 lzj.icp:8500/ibmcom/istio-pilot@sha256:ad129a4be7b6d1536c384efd03fb570b973b9c77a56a48e6b9cfe192a76c111e lzj.icp:8500/ibmcom/istio-pilot-amd64:1.0.0.1 lzj.icp:8500/ibmcom/istio-pilot:1.0.0.1] 309502004} {[lzj.icp:8500/ibmcom/fluentd-amd64@sha256:384a99b8d941c93f96ee5b5cbae5b70500219a3f71c73cf4eddd20d9d693e3b3 lzj.icp:8500/ibmcom/fluentd@sha256:f85a5ffd86438f1a73d04caf6e33ef3474675d9fa0947431f4d0a9602fc981af lzj.icp:8500/ibmcom/fluentd-amd64:v1.2.2-icp lzj.icp:8500/ibmcom/fluentd:v1.2.2-icp] 270902701} {[lzj.icp:8500/ibmcom/icp-identity-manager-amd64@sha256:632f31acd0fcfc3d0cebea31cfb71018f6712bd1a1b4da7476942b3c23aa3521 lzj.icp:8500/ibmcom/icp-identity-manager@sha256:993462e02a42c15b03722d935809476c8e10e6e0b3a2669eb528081e92a49859 lzj.icp:8500/ibmcom/icp-identity-manager-amd64:3.1.0 lzj.icp:8500/ibmcom/icp-identity-manager:3.1.0] 268667523} {[lzj.icp:8500/ibmcom/elasticsearch-plugin-searchguard-amd64@sha256:28f88d06bbbc073162702064c1be4ad06272e9021cbc0f929ba8c6da2ca25ae6 lzj.icp:8500/ibmcom/elasticsearch-plugin-searchguard@sha256:f47116021e3eec7b2fed9f6ed8bd77fd890457e5a1546dda7f863c032d4395b1 lzj.icp:8500/ibmcom/elasticsearch-plugin-searchguard-amd64:2.0.0 lzj.icp:8500/ibmcom/elasticsearch-plugin-searchguard:2.0.0] 267864279} {[lzj.icp:8500/ibmcom/kiali-amd64@sha256:bec63b454cf2e597c61f6a9943144050e5e6fc7a4f6474bc3bb6b627ba20c71c lzj.icp:8500/ibmcom/kiali@sha256:71a50e9885495157454657bc93842a7310e96e822a4117ad751ad81af83fde5e lzj.icp:8500/ibmcom/kiali-amd64:istio-release-1.0.0.1 lzj.icp:8500/ibmcom/kiali:istio-release-1.0.0.1] 265771300} {[lzj.icp:8500/ibmcom/calico-node-amd64@sha256:9871f4dde9eab9fd804b12f3114da36505ff5c220e2323b7434eec24e3b23ac5 lzj.icp:8500/ibmcom/calico-node@sha256:85a23d8030137d49663d3d82844a61998331606de9fc523dfdd0a75be7fb9828 lzj.icp:8500/ibmcom/calico-node-amd64:v3.1.3 lzj.icp:8500/ibmcom/calico-node:v3.1.3] 248202699} {[lzj.icp:8500/ibmcom/grafana-amd64@sha256:dc3566257a0c716caedfb33127d8ee385290c1dda006bebfb75c376d56b30c88 lzj.icp:8500/ibmcom/grafana@sha256:5d2739d3ec5c7f6ea66d69caa918b764660b99a3d37cb1f4123f1a9623ce8e38 lzj.icp:8500/ibmcom/grafana-amd64:5.2.0 lzj.icp:8500/ibmcom/grafana:5.2.0] 245297582} {[lzj.icp:8500/ibmcom/indices-cleaner-amd64@sha256:e6c6453d54012488e9ebfaa9e4d829f567d8e66b24c1613e6d88ca192ed5e85b lzj.icp:8500/ibmcom/indices-cleaner@sha256:31dac3be1246f17dddade06b517c073244ce56d85bc54135fdaf010dbb0bca10 lzj.icp:8500/ibmcom/indices-cleaner-amd64:1.0.0 lzj.icp:8500/ibmcom/indices-cleaner:1.0.0] 238131553} {[lzj.icp:8500/ibmcom/icp-identity-provider-amd64@sha256:24dba8b07c8295eef99abbf8d83041908516e4e50e4e4cfbbbcd53bdf415dda1 lzj.icp:8500/ibmcom/icp-identity-provider@sha256:b5bf63419b53ba550cad7a1b835d0d0eaae1fde8851c7936f8deb603fef673a6 lzj.icp:8500/ibmcom/icp-identity-provider-amd64:3.1.0 lzj.icp:8500/ibmcom/icp-identity-provider:3.1.0] 224286517} {[lzj.icp:8500/ibmcom/curl-amd64@sha256:aad05b4e4529f7e70516d8d3028cae6cd1d50de738ce164f2a532ce2470ac43f lzj.icp:8500/ibmcom/curl@sha256:adf92a267e351914d041a56d64ebe80331c45f8e20ab23b7ada67bea78da9996 lzj.icp:8500/ibmcom/curl-amd64:4.0.0 lzj.icp:8500/ibmcom/curl:4.0.0] 221192597} {[lzj.icp:8500/ibmcom/icp-audit-service-amd64@sha256:9add202c06a43da647380c860d9139fa059701fe103c1f229281215bf99dbbd3 lzj.icp:8500/ibmcom/icp-audit-service@sha256:7c3d710c31f6f5ae0227edc1599bdf64bc82e4fcd2b3aa8f197148240d2ab01c lzj.icp:8500/ibmcom/icp-audit-service-amd64:3.1.0 lzj.icp:8500/ibmcom/icp-audit-service:3.1.0] 215897363}],VolumesInUse:[],VolumesAttached:[],Config:&amp;NodeConfigStatus{Assigned:nil,Active:nil,LastKnownGood:nil,Error:,},},}&#xA;Sep 19 08:06:26.901: INFO: &#xA;Logging kubelet events for node 10.46.6.172&#xA;Sep 19 08:06:26.906: INFO: &#xA;Logging pods the kubelet thinks is on node 10.46.6.172&#xA;Sep 19 08:06:26.953: INFO: vulnerability-advisor-sas-apiserver-5fd8d44bc9-7bvkn started at 2018-09-17 07:19:09 +0000 UTC (0+3 container statuses recorded)&#xA;Sep 19 08:06:26.953: INFO: &#x9;Container icp-audit-service ready: true, restart count 0&#xA;Sep 19 08:06:26.953: INFO: &#x9;Container sas-api-server ready: true, restart count 0&#xA;Sep 19 08:06:26.953: INFO: &#x9;Container sas-proxy-server ready: true, restart count 0&#xA;Sep 19 08:06:26.953: INFO: vulnerability-advisor-zookeeper-0 started at 2018-09-17 07:19:15 +0000 UTC (0+1 container statuses recorded)&#xA;Sep 19 08:06:26.953: INFO: &#x9;Container zookeeper-server ready: true, restart count 0&#xA;Sep 19 08:06:26.953: INFO: vulnerability-advisor-ma-file-annotator-6b95df8886-jtczz started at 2018-09-17 07:19:04 +0000 UTC (0+2 container statuses recorded)&#xA;Sep 19 08:06:26.953: INFO: &#x9;Container icp-audit-service ready: true, restart count 0&#xA;Sep 19 08:06:26.953: INFO: &#x9;Container vulnerability-advisor-ma-file-annotator ready: true, restart count 1&#xA;Sep 19 08:06:26.953: INFO: vulnerability-advisor-rootkit-annotator-74cb65b5cf-2dk5j started at 2018-09-17 07:19:08 +0000 UTC (0+1 container statuses recorded)&#xA;Sep 19 08:06:26.953: INFO: &#x9;Container rootkit-annotator ready: true, restart count 3&#xA;Sep 19 08:06:26.953: INFO: vulnerability-advisor-sas-mgmt-64fb95bc44-j9vjc started at 2018-09-17 07:19:08 +0000 UTC (0+1 container statuses recorded)&#xA;Sep 19 08:06:26.953: INFO: &#x9;Container sas-mgmt-server ready: true, restart count 0&#xA;Sep 19 08:06:26.953: INFO: vulnerability-advisor-compliance-annotator-d5659b9d9-kmn8q started at 2018-09-17 07:19:03 +0000 UTC (0+1 container statuses recorded)&#xA;Sep 19 08:06:26.953: INFO: &#x9;Container compliance-annotator ready: true, restart count 4&#xA;Sep 19 08:06:26.953: INFO: vulnerability-advisor-vulnerability-indexer-7c79b4c964-2n8cg started at 2018-09-17 07:19:07 +0000 UTC (0+1 container statuses recorded)&#xA;Sep 19 08:06:26.953: INFO: &#x9;Container py-vulnerability-indexer ready: true, restart count 0&#xA;Sep 19 08:06:26.953: INFO: vulnerability-advisor-secconfig-annotator-7dbcf5d9f4-fkmkb started at 2018-09-17 07:19:10 +0000 UTC (0+1 container statuses recorded)&#xA;Sep 19 08:06:26.953: INFO: &#x9;Container secconfig-annotator ready: true, restart count 0&#xA;Sep 19 08:06:26.953: INFO: monitoring-prometheus-nodeexporter-v4l7d started at 2018-09-17 07:15:44 +0000 UTC (0+2 container statuses recorded)&#xA;Sep 19 08:06:26.953: INFO: &#x9;Container nodeexporter ready: true, restart count 0&#xA;Sep 19 08:06:26.953: INFO: &#x9;Container router ready: true, restart count 0&#xA;Sep 19 08:06:26.953: INFO: vulnerability-advisor-usncrawler-8h976 started at 2018-09-17 07:19:11 +0000 UTC (0+1 container statuses recorded)&#xA;Sep 19 08:06:26.953: INFO: &#x9;Container usnloader-job ready: false, restart count 0&#xA;Sep 19 08:06:26.953: INFO: vulnerability-advisor-statsd-7746859df4-jjm6f started at 2018-09-17 07:19:10 +0000 UTC (0+1 container statuses recorded)&#xA;Sep 19 08:06:26.953: INFO: &#x9;Container statsd ready: true, restart count 0&#xA;Sep 19 08:06:26.953: INFO: vulnerability-advisor-cos-indexer-57899b7dd6-7cpf8 started at 2018-09-17 07:19:04 +0000 UTC (0+1 container statuses recorded)&#xA;Sep 19 08:06:26.953: INFO: &#x9;Container cos-indexer ready: true, restart count 3&#xA;Sep 19 08:06:26.953: INFO: vulnerability-advisor-kafka-0 started at 2018-09-17 07:19:13 +0000 UTC (0+1 container statuses recorded)&#xA;Sep 19 08:06:26.954: INFO: &#x9;Container kafka-server ready: true, restart count 2&#xA;Sep 19 08:06:26.954: INFO: calico-node-wsknj started at 2018-09-17 07:05:53 +0000 UTC (0+2 container statuses recorded)&#xA;Sep 19 08:06:26.954: INFO: &#x9;Container calico-node ready: true, restart count 0&#xA;Sep 19 08:06:26.954: INFO: &#x9;Container install-cni ready: true, restart count 0&#xA;Sep 19 08:06:26.954: INFO: metering-reader-gsrdg started at 2018-09-17 07:14:11 +0000 UTC (1+1 container statuses recorded)&#xA;Sep 19 08:06:26.954: INFO: &#x9;Init container metering-reader-init ready: true, restart count 1&#xA;Sep 19 08:06:26.954: INFO: &#x9;Container metering-reader ready: true, restart count 0&#xA;Sep 19 08:06:26.954: INFO: logging-elk-filebeat-ds-vpk48 started at 2018-09-17 07:15:20 +0000 UTC (0+1 container statuses recorded)&#xA;Sep 19 08:06:26.954: INFO: &#x9;Container filebeat ready: true, restart count 0&#xA;Sep 19 08:06:26.954: INFO: vulnerability-advisor-password-annotator-79b5d794b5-wnwqn started at 2018-09-17 07:19:05 +0000 UTC (0+1 container statuses recorded)&#xA;Sep 19 08:06:26.954: INFO: &#x9;Container config-parser ready: true, restart count 3&#xA;Sep 19 08:06:26.954: INFO: vulnerability-advisor-vulnerability-annotator-bcbf5595f-hxwst started at 2018-09-17 07:19:10 +0000 UTC (0+1 container statuses recorded)&#xA;Sep 19 08:06:26.954: INFO: &#x9;Container va-annotator ready: true, restart count 3&#xA;Sep 19 08:06:26.954: INFO: vulnerability-advisor-minio-0 started at 2018-09-17 07:19:16 +0000 UTC (1+1 container statuses recorded)&#xA;Sep 19 08:06:26.954: INFO: &#x9;Init container wait-kafka ready: true, restart count 1&#xA;Sep 19 08:06:26.954: INFO: &#x9;Container minio-server ready: true, restart count 0&#xA;Sep 19 08:06:26.954: INFO: nvidia-device-plugin-w9jr8 started at 2018-09-17 07:07:17 +0000 UTC (1+1 container statuses recorded)&#xA;Sep 19 08:06:26.954: INFO: &#x9;Init container nvidia-driver-collector ready: true, restart count 0&#xA;Sep 19 08:06:26.954: INFO: &#x9;Container nvidia-device-plugin ready: true, restart count 0&#xA;Sep 19 08:06:26.954: INFO: vulnerability-advisor-live-crawler-84st2 started at 2018-09-17 07:19:03 +0000 UTC (0+1 container statuses recorded)&#xA;Sep 19 08:06:26.954: INFO: &#x9;Container live-crawler ready: true, restart count 0&#xA;Sep 19 08:06:26.954: INFO: vulnerability-advisor-process-ma-annotator-58f47d5b5f-xbxrc started at 2018-09-17 07:19:06 +0000 UTC (0+2 container statuses recorded)&#xA;Sep 19 08:06:26.954: INFO: &#x9;Container icp-audit-service ready: true, restart count 0&#xA;Sep 19 08:06:26.954: INFO: &#x9;Container process-ma-annotator ready: true, restart count 2&#xA;Sep 19 08:06:26.954: INFO: vulnerability-advisor-compliance-indexer-7cbdc64b57-47lmd started at 2018-09-17 07:19:07 +0000 UTC (0+1 container statuses recorded)&#xA;Sep 19 08:06:26.954: INFO: &#x9;Container py-compliance-indexer ready: true, restart count 0&#xA;Sep 19 08:06:26.954: INFO: vulnerability-advisor-minio-cleaner-1537228740-55f4w started at 2018-09-17 23:59:03 +0000 UTC (0+1 container statuses recorded)&#xA;Sep 19 08:06:26.954: INFO: &#x9;Container cleaner ready: false, restart count 0&#xA;Sep 19 08:06:26.954: INFO: audit-logging-fluentd-ds-8bh4t started at 2018-09-17 07:18:46 +0000 UTC (0+1 container statuses recorded)&#xA;Sep 19 08:06:26.954: INFO: &#x9;Container fluentd ready: true, restart count 0&#xA;Sep 19 08:06:26.954: INFO: vulnerability-advisor-process-ma-crawler-24z6k started at 2018-09-17 07:19:03 +0000 UTC (0+1 container statuses recorded)&#xA;Sep 19 08:06:26.954: INFO: &#x9;Container process-ma-crawler ready: true, restart count 0&#xA;Sep 19 08:06:26.954: INFO: vulnerability-advisor-config-parser-5d44b78fd5-z4k9t started at 2018-09-17 07:19:04 +0000 UTC (0+1 container statuses recorded)&#xA;Sep 19 08:06:26.954: INFO: &#x9;Container config-parser ready: true, restart count 4&#xA;Sep 19 08:06:26.954: INFO: vulnerability-advisor-notification-dispatcher-86f8bf4b4d-cfdzb started at 2018-09-17 07:19:04 +0000 UTC (0+1 container statuses recorded)&#xA;Sep 19 08:06:26.954: INFO: &#x9;Container notification-dispatcher ready: true, restart count 3&#xA;Sep 19 08:06:26.954: INFO: vulnerability-advisor-process-ma-annotator-init-869545d547nn27w started at 2018-09-17 07:19:06 +0000 UTC (0+1 container statuses recorded)&#xA;Sep 19 08:06:26.954: INFO: &#x9;Container process-ma-annotator ready: true, restart count 0&#xA;Sep 19 08:06:26.954: INFO: vulnerability-advisor-process-ma-annotator-58f47d5b5f-4wglg started at 2018-09-17 07:19:06 +0000 UTC (0+2 container statuses recorded)&#xA;Sep 19 08:06:26.954: INFO: &#x9;Container icp-audit-service ready: true, restart count 0&#xA;Sep 19 08:06:26.954: INFO: &#x9;Container process-ma-annotator ready: true, restart count 1&#xA;Sep 19 08:06:26.954: INFO: vulnerability-advisor-rootkit-indexer-cd8b4646b-xlhwq started at 2018-09-17 07:19:07 +0000 UTC (0+1 container statuses recorded)&#xA;Sep 19 08:06:26.954: INFO: &#x9;Container py-rootkit-indexer ready: true, restart count 0&#xA;Sep 19 08:06:26.954: INFO: vulnerability-advisor-secconfig-indexer-674647df7c-qq5ff started at 2018-09-17 07:19:07 +0000 UTC (0+1 container statuses recorded)&#xA;Sep 19 08:06:26.954: INFO: &#x9;Container py-secconfig-indexer ready: true, restart count 0&#xA;Sep 19 08:06:26.954: INFO: k8s-proxy-10.46.6.172 started at &lt;nil&gt; (0+0 container statuses recorded)&#xA;Sep 19 08:06:26.954: INFO: vulnerability-advisor-minio-cleaner-1537315140-nqk7v started at 2018-09-18 23:59:04 +0000 UTC (0+1 container statuses recorded)&#xA;Sep 19 08:06:26.954: INFO: &#x9;Container cleaner ready: false, restart count 0&#xA;Sep 19 08:06:26.954: INFO: vulnerability-advisor-registry-crawler-6f9568677b-bfpm6 started at 2018-09-17 07:19:08 +0000 UTC (0+1 container statuses recorded)&#xA;Sep 19 08:06:26.954: INFO: &#x9;Container reg-crawler ready: true, restart count 0&#xA;Sep 19 08:06:27.051: INFO: &#xA;Latency metrics for node 10.46.6.172&#xA;Sep 19 08:06:27.051: INFO: &#xA;Logging node info for node 10.46.6.173&#xA;Sep 19 08:06:27.055: INFO: Node Info: &amp;Node{ObjectMeta:k8s_io_apimachinery_pkg_apis_meta_v1.ObjectMeta{Name:10.46.6.173,GenerateName:,Namespace:,SelfLink:/api/v1/nodes/10.46.6.173,UID:3dc7268b-ba44-11e8-b20e-fa163e707b2e,ResourceVersion:464063,Generation:0,CreationTimestamp:2018-09-17 06:38:09 +0000 UTC,DeletionTimestamp:&lt;nil&gt;,DeletionGracePeriodSeconds:nil,Labels:map[string]string{beta.kubernetes.io/arch: amd64,beta.kubernetes.io/os: linux,etcd: true,kubernetes.io/hostname: 10.46.6.173,master: true,node-role.kubernetes.io/etcd: true,node-role.kubernetes.io/master: true,node-role.kubernetes.io/proxy: true,proxy: true,role: master,},Annotations:map[string]string{node.alpha.kubernetes.io/ttl: 0,volumes.kubernetes.io/controller-managed-attach-detach: true,},OwnerReferences:[],Finalizers:[],ClusterName:,Initializers:nil,},Spec:NodeSpec{PodCIDR:,DoNotUse_ExternalID:,ProviderID:,Unschedulable:false,Taints:[{dedicated proxy NoSchedule &lt;nil&gt;}],ConfigSource:nil,},Status:NodeStatus{Capacity:ResourceList{cpu: {{32 0} {&lt;nil&gt;} 32 DecimalSI},ephemeral-storage: {{107362627584 0} {&lt;nil&gt;} 104846316Ki BinarySI},hugepages-1Gi: {{0 0} {&lt;nil&gt;} 0 DecimalSI},hugepages-2Mi: {{0 0} {&lt;nil&gt;} 0 DecimalSI},memory: {{135202160640 0} {&lt;nil&gt;}  BinarySI},pods: {{320 0} {&lt;nil&gt;} 320 DecimalSI},},Allocatable:ResourceList{cpu: {{32 0} {&lt;nil&gt;} 32 DecimalSI},ephemeral-storage: {{107257769984 0} {&lt;nil&gt;} 104743916Ki BinarySI},hugepages-1Gi: {{0 0} {&lt;nil&gt;} 0 DecimalSI},hugepages-2Mi: {{0 0} {&lt;nil&gt;} 0 DecimalSI},memory: {{135097303040 0} {&lt;nil&gt;}  BinarySI},pods: {{320 0} {&lt;nil&gt;} 320 DecimalSI},},Phase:,Conditions:[{OutOfDisk False 2018-09-19 08:06:24 +0000 UTC 2018-09-17 06:38:09 +0000 UTC KubeletHasSufficientDisk kubelet has sufficient disk space available} {MemoryPressure False 2018-09-19 08:06:24 +0000 UTC 2018-09-17 06:38:09 +0000 UTC KubeletHasSufficientMemory kubelet has sufficient memory available} {DiskPressure False 2018-09-19 08:06:24 +0000 UTC 2018-09-17 06:38:09 +0000 UTC KubeletHasNoDiskPressure kubelet has no disk pressure} {PIDPressure False 2018-09-19 08:06:24 +0000 UTC 2018-09-17 06:38:09 +0000 UTC KubeletHasSufficientPID kubelet has sufficient PID available} {Ready True 2018-09-19 08:06:24 +0000 UTC 2018-09-17 07:06:09 +0000 UTC KubeletReady kubelet is posting ready status}],Addresses:[{InternalIP 10.46.6.173} {Hostname 10.46.6.173}],DaemonEndpoints:NodeDaemonEndpoints{KubeletEndpoint:DaemonEndpoint{Port:10250,},},NodeInfo:NodeSystemInfo{MachineID:52ca0d2c3fb341c79b059a96d10571a6,SystemUUID:DA83D170-F88E-40EB-A0A3-2918CD5F6005,BootID:806b09ea-0a42-4719-bbaa-13e375c7b62f,KernelVersion:3.10.0-862.9.1.el7.x86_64,OSImage:Red Hat Enterprise Linux,ContainerRuntimeVersion:docker://18.3.1,KubeletVersion:v1.11.1+icp-ee,KubeProxyVersion:v1.11.1+icp-ee,OperatingSystem:linux,Architecture:amd64,},Images:[{[lzj.icp:8500/ibmcom/statsd-amd64@sha256:5ee11bc24bced45a77d9d630348680f319c09d9d3b2230b04518d1e2a5263ae2 lzj.icp:8500/ibmcom/statsd-amd64:0.7.2.1 lzj.icp:8500/ibmcom/statsd:0.7.2.1] 1234731808} {[lzj.icp:8500/ibmcom/kafka-amd64@sha256:0d6d348ccd7aa2854d60791331280e58db92029a522c8bfb3eb40c7c0913ca8f lzj.icp:8500/ibmcom/kafka-amd64:0.10.0.2 lzj.icp:8500/ibmcom/kafka:0.10.0.2] 1114805679} {[lzj.icp:8500/ibmcom/iam-token-service-amd64@sha256:9211161e5b5b9d892a99b46fad4429333ceb7143b4039419df7ea0efa36381a9 lzj.icp:8500/ibmcom/iam-token-service-amd64:3.1.0 lzj.icp:8500/ibmcom/iam-token-service:3.1.0] 1051060152} {[lzj.icp:8500/ibmcom/icp-platform-auth-amd64@sha256:abc258009b8696a83214b7a9d9df63f6d83e19cfca2987c4836b0eadfa4c99c7 lzj.icp:8500/ibmcom/icp-platform-auth-amd64:3.1.0 lzj.icp:8500/ibmcom/icp-platform-auth:3.1.0] 1028283742} {[lzj.icp:8500/ibmcom/reg-crawler-amd64@sha256:9e5d4ebbac3dd6cbf9f892b5bd634f89fae3d4b2e6a23debd3ecd322e3eb817e lzj.icp:8500/ibmcom/reg-crawler-amd64:1.3.1 lzj.icp:8500/ibmcom/reg-crawler:1.3.1] 1007817363} {[lzj.icp:8500/ibmcom/live-crawler-amd64@sha256:37a79ec87bd3c8b9af25cf1e25f4f14281ffb9f5ebeaf61c0b7c8a5799baf782 lzj.icp:8500/ibmcom/live-crawler-amd64:1.3.1 lzj.icp:8500/ibmcom/live-crawler:1.3.1] 987515538} {[lzj.icp:8500/ibmcom/cos-indexer-amd64@sha256:adf28ff960ebdcbfcfa5e4522b81aa3565338f8d640dad611a1c3f0d3894393b lzj.icp:8500/ibmcom/cos-indexer-amd64:1.3.1 lzj.icp:8500/ibmcom/cos-indexer:1.3.1] 846578165} {[lzj.icp:8500/ibmcom/secure-config-annotator-amd64@sha256:26e845c6a252e0c5ae73e764645993b3270e289d1a2e9784b06ddd7898ca45d9 lzj.icp:8500/ibmcom/secure-config-annotator-amd64:1.3.1 lzj.icp:8500/ibmcom/secure-config-annotator:1.3.1] 835555196} {[lzj.icp:8500/ibmcom/hyperkube-amd64@sha256:9eaadf7c2a417ee2a9a219e2eadf21884742199a484be2ca737f0e8a178d490a lzj.icp:8500/ibmcom/hyperkube-amd64:v1.11.1-ee lzj.icp:8500/ibmcom/hyperkube:v1.11.1-ee] 782626408} {[lzj.icp:8500/ibmcom/compliance-annotator-amd64@sha256:5d8bbbef3a7dc54ba9addb256d2aa8a3f7d5c27a454ff4b7ee583b217dac2ce4 lzj.icp:8500/ibmcom/compliance-annotator-amd64:1.3.1 lzj.icp:8500/ibmcom/compliance-annotator:1.3.1] 773932738} {[lzj.icp:8500/ibmcom/icp-logstash-amd64@sha256:02a683ee6ad9eeed7ea8ebb1de713aaf902a9e20a39ccc0294ee1f947f1bbd73 lzj.icp:8500/ibmcom/icp-logstash-amd64:5.5.1 lzj.icp:8500/ibmcom/icp-logstash:5.5.1] 764906887} {[lzj.icp:8500/ibmcom/process-ma-hf-amd64@sha256:ef0d164350d07600f8037082db7d98cf81b9c554d8a60692ae90b8d0239a8cdc lzj.icp:8500/ibmcom/process-ma-hf-amd64:1.3.1 lzj.icp:8500/ibmcom/process-ma-hf:1.3.1] 758635128} {[lzj.icp:8500/ibmcom/vulnerability-annotator-amd64@sha256:febedf85b65e0d1800e67249274d474d4ce67e8041e81487f76bce727cb39bd4 lzj.icp:8500/ibmcom/vulnerability-annotator-amd64:1.3.1 lzj.icp:8500/ibmcom/vulnerability-annotator:1.3.1] 757013017} {[lzj.icp:8500/ibmcom/py-generic-indexer-amd64@sha256:45cb17e23e15f4dfe44471309af12f0655aad5f8e859c718f393290f220b02b2 lzj.icp:8500/ibmcom/py-generic-indexer-amd64:1.3.1 lzj.icp:8500/ibmcom/py-generic-indexer:1.3.1] 755588945} {[lzj.icp:8500/ibmcom/icp-inception-amd64@sha256:1dad180d14ae732d17ca5cf41b87dbb316c072323f186d60a08a753f904eb5b2 ibmcom/icp-inception-amd64:3.1.0-ee lzj.icp:8500/ibmcom/icp-inception-amd64:3.1.0-ee lzj.icp:8500/ibmcom/icp-inception:3.1.0-ee] 744155119} {[lzj.icp:8500/ibmcom/config-parser-amd64@sha256:7d721e0b5a827921ac16fa9e7570db225211e6dd700cdeaba1d28ba02ff8ef6d lzj.icp:8500/ibmcom/config-parser-amd64:1.3.1 lzj.icp:8500/ibmcom/config-parser:1.3.1] 739243486} {[lzj.icp:8500/ibmcom/iam-policy-administration-amd64@sha256:e1941aa09a5b692505cb3be3e497d3ff9acb900786b9a2c8c4c00d0243b37dd0 lzj.icp:8500/ibmcom/iam-policy-administration-amd64:3.1.0 lzj.icp:8500/ibmcom/iam-policy-administration:3.1.0] 711947327} {[lzj.icp:8500/ibmcom/password-annotator-amd64@sha256:bca1b6b222d8ea8ade174a8cc1a549f161d75d3e9d69881f08a1fb316a8e27d3 lzj.icp:8500/ibmcom/password-annotator-amd64:1.3.1 lzj.icp:8500/ibmcom/password-annotator:1.3.1] 707627907} {[lzj.icp:8500/ibmcom/notification-dispatcher-amd64@sha256:ec8dfbc351a0d758488f9f8bfa17c3182a5c02819a6ebf7144ab914a2233cf57 lzj.icp:8500/ibmcom/notification-dispatcher-amd64:1.3.1 lzj.icp:8500/ibmcom/notification-dispatcher:1.3.1] 707588442} {[lzj.icp:8500/ibmcom/sas-base-amd64@sha256:9651b1149c62d5a0968aaeffe71f2da68cd7e07ff8d7ea67538278c00ab08457 lzj.icp:8500/ibmcom/sas-base-amd64:1.3.1 lzj.icp:8500/ibmcom/sas-base:1.3.1] 653746081} {[lzj.icp:8500/ibmcom/ma-file-annotator-amd64@sha256:8caa6280fd845fd524ad874a6b243510ebf085d58c989229020fcfc743492632 lzj.icp:8500/ibmcom/ma-file-annotator-amd64:1.3.1 lzj.icp:8500/ibmcom/ma-file-annotator:1.3.1] 653745236} {[lzj.icp:8500/ibmcom/icp-kibana-amd64@sha256:8b69887ac5297e1d2e68b9c2ce885b9a888f6c278ca1538acb0f03206b48502a lzj.icp:8500/ibmcom/icp-kibana-amd64:5.5.1 lzj.icp:8500/ibmcom/icp-kibana:5.5.1] 639622018} {[lzj.icp:8500/ibmcom/icp-platform-api-amd64@sha256:1fc47925c2611aef12631b3f3806308f55a298074aebc561fd04cf8a7691c669 lzj.icp:8500/ibmcom/icp-platform-api-amd64:3.1.0 lzj.icp:8500/ibmcom/icp-platform-api:3.1.0] 612589125} {[lzj.icp:8500/ibmcom/iam-policy-decision-amd64@sha256:d49eb3845c57bb8370a477949d92da10a178b81ade50f0e9d970981fadd6686d lzj.icp:8500/ibmcom/iam-policy-decision-amd64:3.1.0 lzj.icp:8500/ibmcom/iam-policy-decision:3.1.0] 559718344} {[lzj.icp:8500/ibmcom/rootkit-annotator-amd64@sha256:caf6c24136b8785d901f346a640d673b55fe105c3617cfcb432ee2006f5b1cf4 lzj.icp:8500/ibmcom/rootkit-annotator-amd64:1.3.1 lzj.icp:8500/ibmcom/rootkit-annotator:1.3.1] 549434506} {[lzj.icp:8500/ibmcom/icp-elasticsearch-amd64@sha256:0063a7a931ca4e52d8f7a51f2bdb010345f4373b5b904b52e5c8a48ec0c1fde7 lzj.icp:8500/ibmcom/icp-elasticsearch-amd64:5.5.1 lzj.icp:8500/ibmcom/icp-elasticsearch:5.5.1] 520121248} {[lzj.icp:8500/ibmcom/logging-pki-init-amd64@sha256:cc4bfa085e1ae99120ee526acd3e62d205e10de6f1c773c521fc5b933914f6a8 lzj.icp:8500/ibmcom/logging-pki-init-amd64:2.0.0 lzj.icp:8500/ibmcom/logging-pki-init:2.0.0] 501921135} {[lzj.icp:8500/ibmcom/searchguard-init-amd64@sha256:d19ce1d27f406945d4ed78b0f07007998c2ab3889086e502924847c2186db546 lzj.icp:8500/ibmcom/searchguard-init-amd64:2.0.0 lzj.icp:8500/ibmcom/searchguard-init:2.0.0] 457030441} {[lzj.icp:8500/ibmcom/metering-ui-amd64@sha256:3628a8fe41183c08ea0b02e2e798e3649e4aebe2c2405c34572b9eb7c7c4d9a8 lzj.icp:8500/ibmcom/metering-ui-amd64:3.1.0 lzj.icp:8500/ibmcom/metering-ui:3.1.0] 385577105} {[lzj.icp:8500/ibmcom/heketi-amd64@sha256:c5b579a4f219c87990f861eb61de86cb9cfb51b6d230b8c299df7d9fd3d02d0e lzj.icp:8500/ibmcom/heketi-amd64:v7.0.0 lzj.icp:8500/ibmcom/heketi:v7.0.0] 384720377} {[lzj.icp:8500/ibmcom/icp-mongodb-amd64@sha256:a305ae8bc309898d86bf60aee968846db3602f77b25924640d5f08a2389ee99d lzj.icp:8500/ibmcom/icp-mongodb-amd64:3.1.0 lzj.icp:8500/ibmcom/icp-mongodb:3.1.0] 379353410} {[lzj.icp:8500/ibmcom/icp-catalog-ui-amd64@sha256:33993b4eab189e3c78fe27799017da770d47523cf6831460741008bf91297d6d lzj.icp:8500/ibmcom/icp-catalog-ui-amd64:3.1.0 lzj.icp:8500/ibmcom/icp-catalog-ui:3.1.0] 363781304} {[lzj.icp:8500/ibmcom/nginx-ingress-controller-amd64@sha256:63b48dd3ba635aa65409f7d6a319e293697810c1b9e885e6255bebf36a2506ab lzj.icp:8500/ibmcom/nginx-ingress-controller-amd64:0.16.2 lzj.icp:8500/ibmcom/nginx-ingress-controller:0.16.2] 361632894} {[lzj.icp:8500/ibmcom/mariadb-amd64@sha256:1f9876179c32fcf463804f75cbf2fb031106edf2be9d5dbf6705375ca53930bb lzj.icp:8500/ibmcom/mariadb-amd64:10.2.17 lzj.icp:8500/ibmcom/mariadb:10.2.17] 358991946} {[lzj.icp:8500/ibmcom/k8szk-amd64@sha256:a9ee22a4df14654552a02303e4560623244683692fd298dd2fb71e9dd66219f3 lzj.icp:8500/ibmcom/k8szk-amd64:v3 lzj.icp:8500/ibmcom/k8szk:v3] 331472973} {[lzj.icp:8500/ibmcom/gluster-amd64@sha256:647caedb536eb7b8c5c8b0a2b69e52d2a34be9e6c9c7b9c1b21d14fcfa261886 lzj.icp:8500/ibmcom/gluster-amd64:v4.0.2 lzj.icp:8500/ibmcom/gluster:v4.0.2] 324265531} {[lzj.icp:8500/ibmcom/istio-grafana-amd64@sha256:381a2dd3a5addbc5d43920bc19bb15ba6dbd422e4a9d91163108e72c5a63234c lzj.icp:8500/ibmcom/istio-grafana-amd64:1.0.0.1 lzj.icp:8500/ibmcom/istio-grafana:1.0.0.1] 324187770} {[lzj.icp:8500/ibmcom/icp-filebeat-amd64@sha256:03af9b78dad6c2ba857975d10c81e781460796dff1ff1163ea4596f4aa10601d lzj.icp:8500/ibmcom/icp-filebeat-amd64:5.5.1 lzj.icp:8500/ibmcom/icp-filebeat:5.5.1] 317104874} {[lzj.icp:8500/ibmcom/istio-proxyv2-amd64@sha256:cd77e75fa85ce74914e1b7b0bef980ece8a62ef0d776c9ef51a0d7d30b4b64a0 lzj.icp:8500/ibmcom/istio-proxyv2-amd64:1.0.0.1 lzj.icp:8500/ibmcom/istio-proxyv2:1.0.0.1] 311276139} {[lzj.icp:8500/ibmcom/istio-pilot-amd64@sha256:63352073a964037fd37f6150228231d2e5eca7e0c2920405d6269326d3c54263 lzj.icp:8500/ibmcom/istio-pilot-amd64:1.0.0.1 lzj.icp:8500/ibmcom/istio-pilot:1.0.0.1] 309502004} {[lzj.icp:8500/ibmcom/fluentd-amd64@sha256:384a99b8d941c93f96ee5b5cbae5b70500219a3f71c73cf4eddd20d9d693e3b3 lzj.icp:8500/ibmcom/fluentd-amd64:v1.2.2-icp lzj.icp:8500/ibmcom/fluentd:v1.2.2-icp] 270902701} {[lzj.icp:8500/ibmcom/icp-identity-manager-amd64@sha256:632f31acd0fcfc3d0cebea31cfb71018f6712bd1a1b4da7476942b3c23aa3521 lzj.icp:8500/ibmcom/icp-identity-manager-amd64:3.1.0 lzj.icp:8500/ibmcom/icp-identity-manager:3.1.0] 268667523} {[lzj.icp:8500/ibmcom/elasticsearch-plugin-searchguard-amd64@sha256:28f88d06bbbc073162702064c1be4ad06272e9021cbc0f929ba8c6da2ca25ae6 lzj.icp:8500/ibmcom/elasticsearch-plugin-searchguard-amd64:2.0.0 lzj.icp:8500/ibmcom/elasticsearch-plugin-searchguard:2.0.0] 267864279} {[lzj.icp:8500/ibmcom/kiali-amd64@sha256:bec63b454cf2e597c61f6a9943144050e5e6fc7a4f6474bc3bb6b627ba20c71c lzj.icp:8500/ibmcom/kiali-amd64:istio-release-1.0.0.1 lzj.icp:8500/ibmcom/kiali:istio-release-1.0.0.1] 265771300} {[lzj.icp:8500/ibmcom/calico-node-amd64@sha256:9871f4dde9eab9fd804b12f3114da36505ff5c220e2323b7434eec24e3b23ac5 lzj.icp:8500/ibmcom/calico-node-amd64:v3.1.3 lzj.icp:8500/ibmcom/calico-node:v3.1.3] 248202699} {[lzj.icp:8500/ibmcom/grafana-amd64@sha256:dc3566257a0c716caedfb33127d8ee385290c1dda006bebfb75c376d56b30c88 lzj.icp:8500/ibmcom/grafana-amd64:5.2.0 lzj.icp:8500/ibmcom/grafana:5.2.0] 245297582} {[lzj.icp:8500/ibmcom/indices-cleaner-amd64@sha256:e6c6453d54012488e9ebfaa9e4d829f567d8e66b24c1613e6d88ca192ed5e85b lzj.icp:8500/ibmcom/indices-cleaner-amd64:1.0.0 lzj.icp:8500/ibmcom/indices-cleaner:1.0.0] 238131553} {[lzj.icp:8500/ibmcom/icp-identity-provider-amd64@sha256:24dba8b07c8295eef99abbf8d83041908516e4e50e4e4cfbbbcd53bdf415dda1 lzj.icp:8500/ibmcom/icp-identity-provider-amd64:3.1.0 lzj.icp:8500/ibmcom/icp-identity-provider:3.1.0] 224286517} {[lzj.icp:8500/ibmcom/curl-amd64@sha256:aad05b4e4529f7e70516d8d3028cae6cd1d50de738ce164f2a532ce2470ac43f lzj.icp:8500/ibmcom/curl-amd64:4.0.0 lzj.icp:8500/ibmcom/curl:4.0.0] 221192597} {[lzj.icp:8500/ibmcom/icp-audit-service-amd64@sha256:9add202c06a43da647380c860d9139fa059701fe103c1f229281215bf99dbbd3 lzj.icp:8500/ibmcom/icp-audit-service-amd64:3.1.0 lzj.icp:8500/ibmcom/icp-audit-service:3.1.0] 215897363}],VolumesInUse:[],VolumesAttached:[],Config:&amp;NodeConfigStatus{Assigned:nil,Active:nil,LastKnownGood:nil,Error:,},},}&#xA;Sep 19 08:06:27.055: INFO: &#xA;Logging kubelet events for node 10.46.6.173&#xA;Sep 19 08:06:27.058: INFO: &#xA;Logging pods the kubelet thinks is on node 10.46.6.173&#xA;Sep 19 08:06:27.102: INFO: istio-statsd-prom-bridge-66cb69b666-p76m8 started at 2018-09-17 07:17:29 +0000 UTC (0+1 container statuses recorded)&#xA;Sep 19 08:06:27.102: INFO: &#x9;Container statsd-prom-bridge ready: true, restart count 0&#xA;Sep 19 08:06:27.102: INFO: servicegraph-85578d8fc6-m62z4 started at 2018-09-17 07:17:32 +0000 UTC (0+1 container statuses recorded)&#xA;Sep 19 08:06:27.102: INFO: &#x9;Container servicegraph ready: true, restart count 0&#xA;Sep 19 08:06:27.102: INFO: mgmt-repo-57dc689b74-tmp44 started at 2018-09-17 07:17:51 +0000 UTC (1+2 container statuses recorded)&#xA;Sep 19 08:06:27.102: INFO: &#x9;Init container mgmt-repo-init ready: true, restart count 0&#xA;Sep 19 08:06:27.102: INFO: &#x9;Container audit-service ready: true, restart count 0&#xA;Sep 19 08:06:27.102: INFO: &#x9;Container mgmt-repo ready: true, restart count 0&#xA;Sep 19 08:06:27.102: INFO: istio-egressgateway-54448bcdbd-lhh5c started at 2018-09-17 07:20:07 +0000 UTC (0+1 container statuses recorded)&#xA;Sep 19 08:06:27.102: INFO: &#x9;Container istio-egressgateway ready: true, restart count 0&#xA;Sep 19 08:06:27.102: INFO: istio-ingressgateway-7bc96d6585-4qnc5 started at 2018-09-17 07:24:14 +0000 UTC (0+1 container statuses recorded)&#xA;Sep 19 08:06:27.102: INFO: &#x9;Container istio-ingressgateway ready: true, restart count 0&#xA;Sep 19 08:06:27.102: INFO: auth-idp-kjpmx started at 2018-09-17 07:10:04 +0000 UTC (1+4 container statuses recorded)&#xA;Sep 19 08:06:27.102: INFO: &#x9;Init container init-mariadb ready: true, restart count 0&#xA;Sep 19 08:06:27.102: INFO: &#x9;Container icp-audit-service ready: true, restart count 0&#xA;Sep 19 08:06:27.102: INFO: &#x9;Container platform-auth-service ready: true, restart count 0&#xA;Sep 19 08:06:27.102: INFO: &#x9;Container platform-identity-manager ready: true, restart count 0&#xA;Sep 19 08:06:27.102: INFO: &#x9;Container platform-identity-provider ready: true, restart count 0&#xA;Sep 19 08:06:27.102: INFO: helm-repo-5649f57447-wwdn4 started at 2018-09-17 07:13:54 +0000 UTC (1+2 container statuses recorded)&#xA;Sep 19 08:06:27.102: INFO: &#x9;Init container helm-repo-init ready: true, restart count 0&#xA;Sep 19 08:06:27.102: INFO: &#x9;Container audit-service ready: true, restart count 0&#xA;Sep 19 08:06:27.102: INFO: &#x9;Container helm-repo ready: true, restart count 0&#xA;Sep 19 08:06:27.102: INFO: metering-reader-l7284 started at 2018-09-17 07:14:11 +0000 UTC (1+1 container statuses recorded)&#xA;Sep 19 08:06:27.102: INFO: &#x9;Init container metering-reader-init ready: true, restart count 0&#xA;Sep 19 08:06:27.102: INFO: &#x9;Container metering-reader ready: true, restart count 0&#xA;Sep 19 08:06:27.102: INFO: istio-telemetry-8b5964dc7-vjqbq started at 2018-09-17 07:27:36 +0000 UTC (0+2 container statuses recorded)&#xA;Sep 19 08:06:27.102: INFO: &#x9;Container istio-proxy ready: true, restart count 0&#xA;Sep 19 08:06:27.102: INFO: &#x9;Container mixer ready: true, restart count 0&#xA;Sep 19 08:06:27.102: INFO: istio-telemetry-8b5964dc7-9q67f started at 2018-09-17 07:31:08 +0000 UTC (0+2 container statuses recorded)&#xA;Sep 19 08:06:27.102: INFO: &#x9;Container istio-proxy ready: true, restart count 0&#xA;Sep 19 08:06:27.102: INFO: &#x9;Container mixer ready: true, restart count 0&#xA;Sep 19 08:06:27.102: INFO: service-catalog-controller-manager-5969cccf86-65phs started at 2018-09-17 07:08:21 +0000 UTC (0+1 container statuses recorded)&#xA;Sep 19 08:06:27.102: INFO: &#x9;Container controller-manager ready: true, restart count 0&#xA;Sep 19 08:06:27.102: INFO: auth-pap-qb5m2 started at 2018-09-17 07:10:20 +0000 UTC (0+1 container statuses recorded)&#xA;Sep 19 08:06:27.102: INFO: &#x9;Container auth-pap ready: true, restart count 0&#xA;Sep 19 08:06:27.102: INFO: istio-pilot-6cf9ccf474-kkb6j started at 2018-09-17 07:17:31 +0000 UTC (0+2 container statuses recorded)&#xA;Sep 19 08:06:27.102: INFO: &#x9;Container discovery ready: true, restart count 0&#xA;Sep 19 08:06:27.102: INFO: &#x9;Container istio-proxy ready: true, restart count 0&#xA;Sep 19 08:06:27.102: INFO: istio-egressgateway-54448bcdbd-pjbtc started at 2018-09-17 07:28:34 +0000 UTC (0+1 container statuses recorded)&#xA;Sep 19 08:06:27.102: INFO: &#x9;Container istio-egressgateway ready: true, restart count 0&#xA;Sep 19 08:06:27.102: INFO: calico-node-m7d5t started at 2018-09-17 07:05:54 +0000 UTC (0+2 container statuses recorded)&#xA;Sep 19 08:06:27.102: INFO: &#x9;Container calico-node ready: true, restart count 0&#xA;Sep 19 08:06:27.102: INFO: &#x9;Container install-cni ready: true, restart count 0&#xA;Sep 19 08:06:27.102: INFO: ibm-cert-manager-cert-manager-74687f689b-7994r started at 2018-09-17 07:07:12 +0000 UTC (0+1 container statuses recorded)&#xA;Sep 19 08:06:27.102: INFO: &#x9;Container ibm-cert-manager ready: true, restart count 0&#xA;Sep 19 08:06:27.102: INFO: nginx-ingress-controller-h5z2v started at 2018-09-17 07:08:28 +0000 UTC (1+1 container statuses recorded)&#xA;Sep 19 08:06:27.102: INFO: &#x9;Init container sysctl ready: true, restart count 0&#xA;Sep 19 08:06:27.102: INFO: &#x9;Container nginx-ingress ready: true, restart count 0&#xA;Sep 19 08:06:27.102: INFO: istio-egressgateway-54448bcdbd-xmkbc started at 2018-09-17 07:24:11 +0000 UTC (0+1 container statuses recorded)&#xA;Sep 19 08:06:27.102: INFO: &#x9;Container istio-egressgateway ready: true, restart count 0&#xA;Sep 19 08:06:27.102: INFO: k8s-master-10.46.6.173 started at &lt;nil&gt; (0+0 container statuses recorded)&#xA;Sep 19 08:06:27.102: INFO: grafana-77676f44f7-c9wr6 started at 2018-09-17 07:17:28 +0000 UTC (0+1 container statuses recorded)&#xA;Sep 19 08:06:27.102: INFO: &#x9;Container grafana ready: true, restart count 1&#xA;Sep 19 08:06:27.102: INFO: security-onboarding-tkf79 started at 2018-09-17 07:18:12 +0000 UTC (0+1 container statuses recorded)&#xA;Sep 19 08:06:27.102: INFO: &#x9;Container security-onboarding ready: false, restart count 0&#xA;Sep 19 08:06:27.102: INFO: tiller-deploy-6b58875cb-5l8kh started at 2018-09-17 07:05:28 +0000 UTC (0+1 container statuses recorded)&#xA;Sep 19 08:06:27.102: INFO: &#x9;Container tiller ready: true, restart count 0&#xA;Sep 19 08:06:27.102: INFO: unified-router-lkwnl started at 2018-09-17 07:15:31 +0000 UTC (0+1 container statuses recorded)&#xA;Sep 19 08:06:27.102: INFO: &#x9;Container unified-router ready: true, restart count 0&#xA;Sep 19 08:06:27.102: INFO: istio-ingressgateway-7bc96d6585-smf45 started at 2018-09-17 07:17:28 +0000 UTC (0+1 container statuses recorded)&#xA;Sep 19 08:06:27.102: INFO: &#x9;Container istio-ingressgateway ready: true, restart count 0&#xA;Sep 19 08:06:27.102: INFO: prometheus-6f98d89664-wh7pb started at 2018-09-17 07:17:31 +0000 UTC (0+1 container statuses recorded)&#xA;Sep 19 08:06:27.102: INFO: &#x9;Container prometheus ready: true, restart count 0&#xA;Sep 19 08:06:27.102: INFO: vulnerability-advisor-live-crawler-p6khc started at 2018-09-17 07:19:02 +0000 UTC (0+1 container statuses recorded)&#xA;Sep 19 08:06:27.102: INFO: &#x9;Container live-crawler ready: true, restart count 0&#xA;Sep 19 08:06:27.102: INFO: default-backend-54966589c4-4d47g started at 2018-09-17 07:08:29 +0000 UTC (0+1 container statuses recorded)&#xA;Sep 19 08:06:27.102: INFO: &#x9;Container default-backend ready: true, restart count 0&#xA;Sep 19 08:06:27.102: INFO: platform-ui-6fjgx started at 2018-09-17 07:14:34 +0000 UTC (0+1 container statuses recorded)&#xA;Sep 19 08:06:27.102: INFO: &#x9;Container platform-ui ready: true, restart count 0&#xA;Sep 19 08:06:27.102: INFO: monitoring-prometheus-nodeexporter-f84fv started at 2018-09-17 07:15:45 +0000 UTC (0+2 container statuses recorded)&#xA;Sep 19 08:06:27.102: INFO: &#x9;Container nodeexporter ready: true, restart count 0&#xA;Sep 19 08:06:27.102: INFO: &#x9;Container router ready: true, restart count 0&#xA;Sep 19 08:06:27.102: INFO: service-catalog-apiserver-967x9 started at 2018-09-17 07:08:20 +0000 UTC (0+1 container statuses recorded)&#xA;Sep 19 08:06:27.102: INFO: &#x9;Container apiserver ready: true, restart count 0&#xA;Sep 19 08:06:27.102: INFO: oidc-client-registration-szxrk started at 2018-09-17 07:10:05 +0000 UTC (0+1 container statuses recorded)&#xA;Sep 19 08:06:27.102: INFO: &#x9;Container oidc-client-registration ready: false, restart count 0&#xA;Sep 19 08:06:27.102: INFO: kiali-7f8c59df94-25qmq started at 2018-09-17 07:17:27 +0000 UTC (0+1 container statuses recorded)&#xA;Sep 19 08:06:27.102: INFO: &#x9;Container kiali ready: true, restart count 0&#xA;Sep 19 08:06:27.102: INFO: istio-egressgateway-54448bcdbd-cqlhf started at 2018-09-17 07:24:11 +0000 UTC (0+1 container statuses recorded)&#xA;Sep 19 08:06:27.102: INFO: &#x9;Container istio-egressgateway ready: true, restart count 0&#xA;Sep 19 08:06:27.102: INFO: kube-dns-mwjc8 started at 2018-09-17 07:06:10 +0000 UTC (0+1 container statuses recorded)&#xA;Sep 19 08:06:27.102: INFO: &#x9;Container kube-dns ready: true, restart count 0&#xA;Sep 19 08:06:27.102: INFO: auth-pdp-tk2jm started at 2018-09-17 07:10:28 +0000 UTC (5+2 container statuses recorded)&#xA;Sep 19 08:06:27.103: INFO: &#x9;Init container init-auth-service ready: true, restart count 0&#xA;Sep 19 08:06:27.103: INFO: &#x9;Init container init-identity-provider ready: true, restart count 0&#xA;Sep 19 08:06:27.103: INFO: &#x9;Init container init-identity-manager ready: true, restart count 0&#xA;Sep 19 08:06:27.103: INFO: &#x9;Init container init-token-service ready: true, restart count 0&#xA;Sep 19 08:06:27.103: INFO: &#x9;Init container init-pap ready: true, restart count 0&#xA;Sep 19 08:06:27.103: INFO: &#x9;Container auth-pdp ready: true, restart count 0&#xA;Sep 19 08:06:27.103: INFO: &#x9;Container icp-audit-service ready: true, restart count 0&#xA;Sep 19 08:06:27.103: INFO: icp-management-ingress-x6qn8 started at 2018-09-17 07:10:36 +0000 UTC (0+1 container statuses recorded)&#xA;Sep 19 08:06:27.103: INFO: &#x9;Container icp-management-ingress ready: true, restart count 0&#xA;Sep 19 08:06:27.103: INFO: audit-logging-fluentd-ds-dhcg6 started at 2018-09-17 07:18:46 +0000 UTC (0+1 container statuses recorded)&#xA;Sep 19 08:06:27.103: INFO: &#x9;Container fluentd ready: true, restart count 0&#xA;Sep 19 08:06:27.103: INFO: istio-ingressgateway-7bc96d6585-m567m started at 2018-09-17 07:20:41 +0000 UTC (0+1 container statuses recorded)&#xA;Sep 19 08:06:27.103: INFO: &#x9;Container istio-ingressgateway ready: true, restart count 0&#xA;Sep 19 08:06:27.103: INFO: heapster-69b486565b-nt26r started at 2018-09-17 07:13:48 +0000 UTC (0+1 container statuses recorded)&#xA;Sep 19 08:06:27.103: INFO: &#x9;Container heapster ready: true, restart count 0&#xA;Sep 19 08:06:27.103: INFO: istio-galley-687cd96db-hlpng started at 2018-09-17 07:17:28 +0000 UTC (0+1 container statuses recorded)&#xA;Sep 19 08:06:27.103: INFO: &#x9;Container validator ready: true, restart count 0&#xA;Sep 19 08:06:27.103: INFO: istio-tracing-77ccfc8844-79ngl started at 2018-09-17 07:17:32 +0000 UTC (0+1 container statuses recorded)&#xA;Sep 19 08:06:27.103: INFO: &#x9;Container jaeger ready: true, restart count 0&#xA;Sep 19 08:06:27.103: INFO: vulnerability-advisor-process-ma-crawler-96728 started at 2018-09-17 07:19:03 +0000 UTC (0+1 container statuses recorded)&#xA;Sep 19 08:06:27.103: INFO: &#x9;Container process-ma-crawler ready: true, restart count 0&#xA;Sep 19 08:06:27.103: INFO: istio-telemetry-8b5964dc7-rfswc started at 2018-09-17 07:19:39 +0000 UTC (0+2 container statuses recorded)&#xA;Sep 19 08:06:27.103: INFO: &#x9;Container istio-proxy ready: true, restart count 0&#xA;Sep 19 08:06:27.103: INFO: &#x9;Container mixer ready: true, restart count 0&#xA;Sep 19 08:06:27.103: INFO: helm-api-fdd886877-6pwm8 started at 2018-09-17 07:16:36 +0000 UTC (0+3 container statuses recorded)&#xA;Sep 19 08:06:27.103: INFO: &#x9;Container audit-service ready: true, restart count 0&#xA;Sep 19 08:06:27.103: INFO: &#x9;Container helmapi ready: true, restart count 0&#xA;Sep 19 08:06:27.103: INFO: &#x9;Container rudder ready: true, restart count 0&#xA;Sep 19 08:06:27.103: INFO: istio-egressgateway-54448bcdbd-f4v6v started at 2018-09-17 07:17:29 +0000 UTC (0+1 container statuses recorded)&#xA;Sep 19 08:06:27.103: INFO: &#x9;Container istio-egressgateway ready: true, restart count 0&#xA;Sep 19 08:06:27.103: INFO: istio-citadel-77694dc965-mwqkp started at 2018-09-17 07:17:31 +0000 UTC (0+1 container statuses recorded)&#xA;Sep 19 08:06:27.103: INFO: &#x9;Container citadel ready: true, restart count 0&#xA;Sep 19 08:06:27.103: INFO: istio-ingressgateway-7bc96d6585-c58zx started at 2018-09-17 07:24:15 +0000 UTC (0+1 container statuses recorded)&#xA;Sep 19 08:06:27.103: INFO: &#x9;Container istio-ingressgateway ready: true, restart count 0&#xA;Sep 19 08:06:27.103: INFO: istio-policy-5b64d7fd64-5l2m9 started at 2018-09-17 07:31:07 +0000 UTC (0+2 container statuses recorded)&#xA;Sep 19 08:06:27.103: INFO: &#x9;Container istio-proxy ready: true, restart count 0&#xA;Sep 19 08:06:27.103: INFO: &#x9;Container mixer ready: true, restart count 0&#xA;Sep 19 08:06:27.103: INFO: nvidia-device-plugin-nh54k started at 2018-09-17 07:07:17 +0000 UTC (1+1 container statuses recorded)&#xA;Sep 19 08:06:27.103: INFO: &#x9;Init container nvidia-driver-collector ready: true, restart count 0&#xA;Sep 19 08:06:27.103: INFO: &#x9;Container nvidia-device-plugin ready: true, restart count 0&#xA;Sep 19 08:06:27.103: INFO: mariadb-0 started at 2018-09-17 07:08:38 +0000 UTC (0+1 container statuses recorded)&#xA;Sep 19 08:06:27.103: INFO: &#x9;Container mariadb ready: true, restart count 0&#xA;Sep 19 08:06:27.103: INFO: logging-elk-filebeat-ds-qf2vz started at 2018-09-17 07:15:20 +0000 UTC (0+1 container statuses recorded)&#xA;Sep 19 08:06:27.103: INFO: &#x9;Container filebeat ready: true, restart count 0&#xA;Sep 19 08:06:27.103: INFO: secret-watcher-5f59fcbc69-pfnfk started at 2018-09-17 07:18:05 +0000 UTC (0+1 container statuses recorded)&#xA;Sep 19 08:06:27.103: INFO: &#x9;Container secret-watcher ready: true, restart count 0&#xA;Sep 19 08:06:27.103: INFO: istio-telemetry-8b5964dc7-nw9kk started at 2018-09-17 07:23:11 +0000 UTC (0+2 container statuses recorded)&#xA;Sep 19 08:06:27.103: INFO: &#x9;Container istio-proxy ready: true, restart count 0&#xA;Sep 19 08:06:27.103: INFO: &#x9;Container mixer ready: true, restart count 0&#xA;Sep 19 08:06:27.103: INFO: platform-api-2fs4x started at 2018-09-17 07:08:45 +0000 UTC (0+2 container statuses recorded)&#xA;Sep 19 08:06:27.103: INFO: &#x9;Container audit-service ready: true, restart count 0&#xA;Sep 19 08:06:27.103: INFO: &#x9;Container platform-api ready: true, restart count 0&#xA;Sep 19 08:06:27.103: INFO: istio-telemetry-8b5964dc7-hcf6d started at 2018-09-17 07:17:29 +0000 UTC (0+2 container statuses recorded)&#xA;Sep 19 08:06:27.103: INFO: &#x9;Container istio-proxy ready: true, restart count 0&#xA;Sep 19 08:06:27.103: INFO: &#x9;Container mixer ready: true, restart count 0&#xA;Sep 19 08:06:27.103: INFO: istio-sidecar-injector-86d554f5f7-d57zk started at 2018-09-17 07:17:32 +0000 UTC (0+1 container statuses recorded)&#xA;Sep 19 08:06:27.103: INFO: &#x9;Container sidecar-injector-webhook ready: true, restart count 0&#xA;Sep 19 08:06:27.103: INFO: istio-policy-5b64d7fd64-jrlzt started at 2018-09-17 07:23:11 +0000 UTC (0+2 container statuses recorded)&#xA;Sep 19 08:06:27.103: INFO: &#x9;Container istio-proxy ready: true, restart count 0&#xA;Sep 19 08:06:27.103: INFO: &#x9;Container mixer ready: true, restart count 0&#xA;Sep 19 08:06:27.103: INFO: calico-kube-controllers-dcb8cc97c-gtsqp started at 2018-09-17 07:05:53 +0000 UTC (0+1 container statuses recorded)&#xA;Sep 19 08:06:27.103: INFO: &#x9;Container calico-kube-controllers ready: true, restart count 0&#xA;Sep 19 08:06:27.103: INFO: icp-mongodb-0 started at 2018-09-17 07:07:42 +0000 UTC (2+1 container statuses recorded)&#xA;Sep 19 08:06:27.103: INFO: &#x9;Init container install ready: true, restart count 0&#xA;Sep 19 08:06:27.103: INFO: &#x9;Init container bootstrap ready: true, restart count 0&#xA;Sep 19 08:06:27.103: INFO: &#x9;Container icp-mongodb ready: true, restart count 0&#xA;Sep 19 08:06:27.103: INFO: catalog-ui-5rtkh started at 2018-09-17 07:15:57 +0000 UTC (0+1 container statuses recorded)&#xA;Sep 19 08:06:27.103: INFO: &#x9;Container catalog-ui ready: true, restart count 0&#xA;Sep 19 08:06:27.103: INFO: platform-deploy-dbbks started at 2018-09-17 07:08:45 +0000 UTC (0+1 container statuses recorded)&#xA;Sep 19 08:06:27.103: INFO: &#x9;Container platform-deploy ready: true, restart count 0&#xA;Sep 19 08:06:27.103: INFO: auth-apikeys-x45mz started at 2018-09-17 07:10:12 +0000 UTC (0+1 container statuses recorded)&#xA;Sep 19 08:06:27.103: INFO: &#x9;Container auth-apikeys ready: true, restart count 0&#xA;Sep 19 08:06:27.103: INFO: istio-policy-5b64d7fd64-fb4bc started at 2018-09-17 07:27:37 +0000 UTC (0+2 container statuses recorded)&#xA;Sep 19 08:06:27.103: INFO: &#x9;Container istio-proxy ready: true, restart count 0&#xA;Sep 19 08:06:27.103: INFO: &#x9;Container mixer ready: true, restart count 0&#xA;Sep 19 08:06:27.103: INFO: k8s-proxy-10.46.6.173 started at &lt;nil&gt; (0+0 container statuses recorded)&#xA;Sep 19 08:06:27.103: INFO: k8s-etcd-10.46.6.173 started at &lt;nil&gt; (0+0 container statuses recorded)&#xA;Sep 19 08:06:27.103: INFO: image-manager-0 started at 2018-09-17 06:38:56 +0000 UTC (0+2 container statuses recorded)&#xA;Sep 19 08:06:27.103: INFO: &#x9;Container icp-registry ready: true, restart count 0&#xA;Sep 19 08:06:27.103: INFO: &#x9;Container image-manager ready: true, restart count 0&#xA;Sep 19 08:06:27.103: INFO: istio-policy-5b64d7fd64-pt9z2 started at 2018-09-17 07:17:30 +0000 UTC (0+2 container statuses recorded)&#xA;Sep 19 08:06:27.103: INFO: &#x9;Container istio-proxy ready: true, restart count 0&#xA;Sep 19 08:06:27.103: INFO: &#x9;Container mixer ready: true, restart count 0&#xA;Sep 19 08:06:27.103: INFO: istio-policy-5b64d7fd64-z68j4 started at 2018-09-17 07:19:38 +0000 UTC (0+2 container statuses recorded)&#xA;Sep 19 08:06:27.103: INFO: &#x9;Container istio-proxy ready: true, restart count 0&#xA;Sep 19 08:06:27.103: INFO: &#x9;Container mixer ready: true, restart count 0&#xA;Sep 19 08:06:27.103: INFO: istio-ingressgateway-7bc96d6585-r98nr started at 2018-09-17 07:28:10 +0000 UTC (0+1 container statuses recorded)&#xA;Sep 19 08:06:27.103: INFO: &#x9;Container istio-ingressgateway ready: true, restart count 0&#xA;Sep 19 08:06:27.145: INFO: &#xA;Latency metrics for node 10.46.6.173&#xA;STEP: Dumping a list of prepulled images on each node to file /tmp/results/image-puller.txt&#xA;Sep 19 08:06:27.161: INFO: Waiting up to 3m0s for all (but 0) nodes to be ready&#xA;STEP: Destroying namespace &#34;e2e-tests-sched-pred-fcv2p&#34; for this suite.&#xA;Sep 19 08:06:33.242: INFO: Waiting up to 30s for server preferred namespaced resources to be successfully discovered&#xA;Sep 19 08:06:34.979: INFO: namespace: e2e-tests-sched-pred-fcv2p, resource: bindings, ignored listing per whitelist&#xA;Sep 19 08:06:35.165: INFO: namespace e2e-tests-sched-pred-fcv2p deletion completed in 7.997489771s&#xA;[AfterEach] [sig-scheduling] SchedulerPredicates [Serial]&#xA;  /workspace/anago-v1.11.2-beta.0.50+bb9ffb1654d4a7/src/k8s.io/kubernetes/_output/dockerized/go/src/k8s.io/kubernetes/test/e2e/scheduling/predicates.go:71&#xA;</system-out>
      </testcase>
      <testcase name="[sig-apps] Deployment deployment should support rollback" classname="Kubernetes e2e suite" time="0">
          <skipped></skipped>
      </testcase>
      <testcase name="[sig-storage] Projected should provide container&#39;s memory request [NodeConformance] [Conformance]" classname="Kubernetes e2e suite" time="14.589975683"></testcase>
      <testcase name="[sig-storage] PersistentVolumes-local  [Volume type: block] [Feature:BlockVolume] One pod requesting one prebound PVC should be able to mount volume and write from pod1" classname="Kubernetes e2e suite" time="0">
          <skipped></skipped>
      </testcase>
      <testcase name="[sig-storage] Subpath [Volume type: hostPathSymlink] should fail if subpath directory is outside the volume [Slow]" classname="Kubernetes e2e suite" time="0">
          <skipped></skipped>
      </testcase>
      <testcase name="[sig-storage] Subpath Atomic writer volumes should support subpaths with configmap pod" classname="Kubernetes e2e suite" time="0">
          <skipped></skipped>
      </testcase>
      <testcase name="[sig-cli] Kubectl client [k8s.io] Kubectl run default should create an rc or deployment from an image  [Conformance]" classname="Kubernetes e2e suite" time="0">
          <skipped></skipped>
      </testcase>
      <testcase name="[sig-storage] Subpath [Volume type: gcePDPVC] should fail if subpath directory is outside the volume [Slow]" classname="Kubernetes e2e suite" time="0">
          <skipped></skipped>
      </testcase>
      <testcase name="[sig-storage] Projected should be consumable from pods in volume with mappings and Item Mode set [NodeConformance] [Conformance]" classname="Kubernetes e2e suite" time="14.6545118"></testcase>
      <testcase name="[sig-storage] Subpath Atomic writer volumes should support subpaths with downward pod" classname="Kubernetes e2e suite" time="0">
          <skipped></skipped>
      </testcase>
      <testcase name="[sig-storage] PersistentVolumes-local  [Volume type: tmpfs] One pod requesting one prebound PVC should be able to mount volume and read from pod1" classname="Kubernetes e2e suite" time="0">
          <skipped></skipped>
      </testcase>
      <testcase name="[sig-storage] Volume Disk Format [Feature:vsphere] verify disk format type - eagerzeroedthick is honored for dynamically provisioned pv using storageclass" classname="Kubernetes e2e suite" time="0">
          <skipped></skipped>
      </testcase>
      <testcase name="[sig-storage] [Serial] Volume metrics PVController should create bound pv/pvc count metrics for pvc controller after creating both pv and pvc" classname="Kubernetes e2e suite" time="0">
          <skipped></skipped>
      </testcase>
      <testcase name="[sig-scalability] Load capacity [Feature:ManualPerformance] should be able to handle 30 pods per node { Random} with 0 secrets, 0 configmaps and 0 daemons" classname="Kubernetes e2e suite" time="0">
          <skipped></skipped>
      </testcase>
      <testcase name="[sig-network] [Feature:PerformanceDNS] Should answer DNS query for maximum number of services per cluster" classname="Kubernetes e2e suite" time="0">
          <skipped></skipped>
      </testcase>
      <testcase name="[k8s.io] [sig-node] kubelet [k8s.io] [sig-node] host cleanup with volume mounts [sig-storage][HostCleanup][Flaky] Host cleanup after disrupting NFS volume [NFS] after stopping the nfs-server and deleting the (sleeping) client pod, the NFS mount and the pod&#39;s UID directory should be removed." classname="Kubernetes e2e suite" time="0">
          <skipped></skipped>
      </testcase>
      <testcase name="[sig-apps] StatefulSet [k8s.io] Basic StatefulSet functionality [StatefulSetBasic] should provide basic identity" classname="Kubernetes e2e suite" time="0">
          <skipped></skipped>
      </testcase>
      <testcase name="[sig-storage] Volumes ConfigMap should be mountable" classname="Kubernetes e2e suite" time="0">
          <skipped></skipped>
      </testcase>
      <testcase name="[sig-storage] PersistentVolumes-local  Local volume that cannot be mounted [Slow] should fail due to wrong node" classname="Kubernetes e2e suite" time="0">
          <skipped></skipped>
      </testcase>
      <testcase name="[sig-apps] CronJob should not emit unexpected warnings" classname="Kubernetes e2e suite" time="0">
          <skipped></skipped>
      </testcase>
      <testcase name="[sig-storage] vcp-performance [Feature:vsphere] vcp performance tests" classname="Kubernetes e2e suite" time="0">
          <skipped></skipped>
      </testcase>
      <testcase name="[sig-storage] Subpath [Volume type: hostPathSymlink] should support readOnly directory specified in the volumeMount" classname="Kubernetes e2e suite" time="0">
          <skipped></skipped>
      </testcase>
      <testcase name="[sig-storage] Subpath [Volume type: gcePDPVC] should support restarting containers using file as subpath [Slow]" classname="Kubernetes e2e suite" time="0">
          <skipped></skipped>
      </testcase>
      <testcase name="[sig-autoscaling] [HPA] Horizontal pod autoscaling (scale resource: Custom Metrics from Stackdriver) should scale up with two metrics of type Pod from Stackdriver [Feature:CustomMetricsAutoscaling]" classname="Kubernetes e2e suite" time="0">
          <skipped></skipped>
      </testcase>
      <testcase name="[sig-storage] HostPath should support r/w [NodeConformance]" classname="Kubernetes e2e suite" time="0">
          <skipped></skipped>
      </testcase>
      <testcase name="[k8s.io] InitContainer [NodeConformance] should invoke init containers on a RestartNever pod" classname="Kubernetes e2e suite" time="0">
          <skipped></skipped>
      </testcase>
      <testcase name="[sig-storage] Volumes PD should be mountable with ext4" classname="Kubernetes e2e suite" time="0">
          <skipped></skipped>
      </testcase>
      <testcase name="[sig-storage] Projected should be consumable from pods in volume with mappings [NodeConformance] [Conformance]" classname="Kubernetes e2e suite" time="14.634434186"></testcase>
      <testcase name="[sig-storage] Subpath [Volume type: hostPath] should fail if subpath with backstepping is outside the volume [Slow]" classname="Kubernetes e2e suite" time="0">
          <skipped></skipped>
      </testcase>
      <testcase name="[sig-network] ClusterDns [Feature:Example] should create pod that uses dns" classname="Kubernetes e2e suite" time="0">
          <skipped></skipped>
      </testcase>
      <testcase name="[sig-apps] Deployment deployment should support rollover" classname="Kubernetes e2e suite" time="0">
          <skipped></skipped>
      </testcase>
      <testcase name="[sig-api-machinery] Garbage collector should delete pods created by rc when not orphaning [Conformance]" classname="Kubernetes e2e suite" time="8.84685692">
          <failure type="Failure">/workspace/anago-v1.11.2-beta.0.50+bb9ffb1654d4a7/src/k8s.io/kubernetes/_output/dockerized/go/src/k8s.io/kubernetes/test/e2e/framework/framework.go:684&#xA;Sep 19 08:07:19.423: Failed to create replication controller: Internal error occurred: admission webhook &#34;trust.hooks.securityenforcement.admission.cloud.ibm.com&#34; denied the request: &#xA;Deny &#34;k8s.gcr.io/nginx-slim-amd64:0.20&#34;, no matching repositories in ClusterImagePolicy and no ImagePolicies in the &#34;e2e-tests-gc-rhhwf&#34; namespace&#xA;/workspace/anago-v1.11.2-beta.0.50+bb9ffb1654d4a7/src/k8s.io/kubernetes/_output/dockerized/go/src/k8s.io/kubernetes/test/e2e/apimachinery/garbage_collector.go:354</failure>
          <system-out>[BeforeEach] [sig-api-machinery] Garbage collector&#xA;  /workspace/anago-v1.11.2-beta.0.50+bb9ffb1654d4a7/src/k8s.io/kubernetes/_output/dockerized/go/src/k8s.io/kubernetes/test/e2e/framework/framework.go:141&#xA;STEP: Creating a kubernetes client&#xA;Sep 19 08:07:19.045: INFO: &gt;&gt;&gt; kubeConfig: /tmp/kubeconfig-172917420&#xA;STEP: Building a namespace api object&#xA;STEP: Binding the e2e-test-privileged-psp PodSecurityPolicy to the default service account in e2e-tests-gc-rhhwf&#xA;STEP: Waiting for a default service account to be provisioned in namespace&#xA;[It] should delete pods created by rc when not orphaning [Conformance]&#xA;  /workspace/anago-v1.11.2-beta.0.50+bb9ffb1654d4a7/src/k8s.io/kubernetes/_output/dockerized/go/src/k8s.io/kubernetes/test/e2e/framework/framework.go:684&#xA;STEP: create the rc&#xA;Sep 19 08:07:19.423: INFO: Failed to create replication controller: Internal error occurred: admission webhook &#34;trust.hooks.securityenforcement.admission.cloud.ibm.com&#34; denied the request: &#xA;Deny &#34;k8s.gcr.io/nginx-slim-amd64:0.20&#34;, no matching repositories in ClusterImagePolicy and no ImagePolicies in the &#34;e2e-tests-gc-rhhwf&#34; namespace&#xA;[AfterEach] [sig-api-machinery] Garbage collector&#xA;  /workspace/anago-v1.11.2-beta.0.50+bb9ffb1654d4a7/src/k8s.io/kubernetes/_output/dockerized/go/src/k8s.io/kubernetes/test/e2e/framework/framework.go:142&#xA;STEP: Collecting events from namespace &#34;e2e-tests-gc-rhhwf&#34;.&#xA;STEP: Found 0 events.&#xA;Sep 19 08:07:19.490: INFO: POD                                                              NODE         PHASE      GRACE  CONDITIONS&#xA;Sep 19 08:07:19.490: INFO: ibm-cert-manager-cert-manager-74687f689b-7994r                   10.46.6.173  Running           [{Initialized True 0001-01-01 00:00:00 +0000 UTC 2018-09-17 07:07:12 +0000 UTC  } {Ready True 0001-01-01 00:00:00 +0000 UTC 2018-09-17 07:07:37 +0000 UTC  } {ContainersReady True 0001-01-01 00:00:00 +0000 UTC 0001-01-01 00:00:00 +0000 UTC  } {PodScheduled True 0001-01-01 00:00:00 +0000 UTC 2018-09-17 07:07:12 +0000 UTC  }]&#xA;Sep 19 08:07:19.490: INFO: sonobuoy                                                         10.46.6.170  Running           [{Initialized True 0001-01-01 00:00:00 +0000 UTC 2018-09-19 07:22:02 +0000 UTC  } {Ready True 0001-01-01 00:00:00 +0000 UTC 2018-09-19 07:22:08 +0000 UTC  } {ContainersReady True 0001-01-01 00:00:00 +0000 UTC 0001-01-01 00:00:00 +0000 UTC  } {PodScheduled True 0001-01-01 00:00:00 +0000 UTC 2018-09-19 07:22:02 +0000 UTC  }]&#xA;Sep 19 08:07:19.490: INFO: sonobuoy-e2e-job-c3f9b53ea97c48a2                                10.46.6.170  Running           [{Initialized True 0001-01-01 00:00:00 +0000 UTC 2018-09-19 07:22:08 +0000 UTC  } {Ready True 0001-01-01 00:00:00 +0000 UTC 2018-09-19 07:22:25 +0000 UTC  } {ContainersReady True 0001-01-01 00:00:00 +0000 UTC 0001-01-01 00:00:00 +0000 UTC  } {PodScheduled True 0001-01-01 00:00:00 +0000 UTC 2018-09-19 07:22:08 +0000 UTC  }]&#xA;Sep 19 08:07:19.490: INFO: grafana-77676f44f7-c9wr6                                         10.46.6.173  Running           [{Initialized True 0001-01-01 00:00:00 +0000 UTC 2018-09-17 07:17:28 +0000 UTC  } {Ready True 0001-01-01 00:00:00 +0000 UTC 2018-09-17 07:20:34 +0000 UTC  } {ContainersReady True 0001-01-01 00:00:00 +0000 UTC 0001-01-01 00:00:00 +0000 UTC  } {PodScheduled True 0001-01-01 00:00:00 +0000 UTC 2018-09-17 07:17:27 +0000 UTC  }]&#xA;Sep 19 08:07:19.490: INFO: istio-citadel-77694dc965-mwqkp                                   10.46.6.173  Running           [{Initialized True 0001-01-01 00:00:00 +0000 UTC 2018-09-17 07:17:31 +0000 UTC  } {Ready True 0001-01-01 00:00:00 +0000 UTC 2018-09-17 07:18:30 +0000 UTC  } {ContainersReady True 0001-01-01 00:00:00 +0000 UTC 0001-01-01 00:00:00 +0000 UTC  } {PodScheduled True 0001-01-01 00:00:00 +0000 UTC 2018-09-17 07:17:28 +0000 UTC  }]&#xA;Sep 19 08:07:19.490: INFO: istio-egressgateway-54448bcdbd-cqlhf                             10.46.6.173  Running           [{Initialized True 0001-01-01 00:00:00 +0000 UTC 2018-09-17 07:24:11 +0000 UTC  } {Ready True 0001-01-01 00:00:00 +0000 UTC 2018-09-17 07:25:19 +0000 UTC  } {ContainersReady True 0001-01-01 00:00:00 +0000 UTC 0001-01-01 00:00:00 +0000 UTC  } {PodScheduled True 0001-01-01 00:00:00 +0000 UTC 2018-09-17 07:24:10 +0000 UTC  }]&#xA;Sep 19 08:07:19.491: INFO: istio-egressgateway-54448bcdbd-f4v6v                             10.46.6.173  Running           [{Initialized True 0001-01-01 00:00:00 +0000 UTC 2018-09-17 07:17:29 +0000 UTC  } {Ready True 0001-01-01 00:00:00 +0000 UTC 2018-09-17 07:18:31 +0000 UTC  } {ContainersReady True 0001-01-01 00:00:00 +0000 UTC 0001-01-01 00:00:00 +0000 UTC  } {PodScheduled True 0001-01-01 00:00:00 +0000 UTC 2018-09-17 07:17:27 +0000 UTC  }]&#xA;Sep 19 08:07:19.491: INFO: istio-egressgateway-54448bcdbd-lhh5c                             10.46.6.173  Running           [{Initialized True 0001-01-01 00:00:00 +0000 UTC 2018-09-17 07:20:07 +0000 UTC  } {Ready True 0001-01-01 00:00:00 +0000 UTC 2018-09-17 07:21:11 +0000 UTC  } {ContainersReady True 0001-01-01 00:00:00 +0000 UTC 0001-01-01 00:00:00 +0000 UTC  } {PodScheduled True 0001-01-01 00:00:00 +0000 UTC 2018-09-17 07:20:06 +0000 UTC  }]&#xA;Sep 19 08:07:19.491: INFO: istio-egressgateway-54448bcdbd-pjbtc                             10.46.6.173  Running           [{Initialized True 0001-01-01 00:00:00 +0000 UTC 2018-09-17 07:28:34 +0000 UTC  } {Ready True 0001-01-01 00:00:00 +0000 UTC 2018-09-17 07:29:40 +0000 UTC  } {ContainersReady True 0001-01-01 00:00:00 +0000 UTC 0001-01-01 00:00:00 +0000 UTC  } {PodScheduled True 0001-01-01 00:00:00 +0000 UTC 2018-09-17 07:28:34 +0000 UTC  }]&#xA;Sep 19 08:07:19.491: INFO: istio-egressgateway-54448bcdbd-xmkbc                             10.46.6.173  Running           [{Initialized True 0001-01-01 00:00:00 +0000 UTC 2018-09-17 07:24:11 +0000 UTC  } {Ready True 0001-01-01 00:00:00 +0000 UTC 2018-09-17 07:25:10 +0000 UTC  } {ContainersReady True 0001-01-01 00:00:00 +0000 UTC 0001-01-01 00:00:00 +0000 UTC  } {PodScheduled True 0001-01-01 00:00:00 +0000 UTC 2018-09-17 07:24:10 +0000 UTC  }]&#xA;Sep 19 08:07:19.491: INFO: istio-galley-687cd96db-hlpng                                     10.46.6.173  Running           [{Initialized True 0001-01-01 00:00:00 +0000 UTC 2018-09-17 07:17:28 +0000 UTC  } {Ready True 0001-01-01 00:00:00 +0000 UTC 2018-09-17 07:18:35 +0000 UTC  } {ContainersReady True 0001-01-01 00:00:00 +0000 UTC 0001-01-01 00:00:00 +0000 UTC  } {PodScheduled True 0001-01-01 00:00:00 +0000 UTC 2018-09-17 07:17:27 +0000 UTC  }]&#xA;Sep 19 08:07:19.491: INFO: istio-ingressgateway-7bc96d6585-4qnc5                            10.46.6.173  Running           [{Initialized True 0001-01-01 00:00:00 +0000 UTC 2018-09-17 07:24:14 +0000 UTC  } {Ready True 0001-01-01 00:00:00 +0000 UTC 2018-09-17 07:25:22 +0000 UTC  } {ContainersReady True 0001-01-01 00:00:00 +0000 UTC 0001-01-01 00:00:00 +0000 UTC  } {PodScheduled True 0001-01-01 00:00:00 +0000 UTC 2018-09-17 07:24:13 +0000 UTC  }]&#xA;Sep 19 08:07:19.491: INFO: istio-ingressgateway-7bc96d6585-c58zx                            10.46.6.173  Running           [{Initialized True 0001-01-01 00:00:00 +0000 UTC 2018-09-17 07:24:15 +0000 UTC  } {Ready True 0001-01-01 00:00:00 +0000 UTC 2018-09-17 07:25:19 +0000 UTC  } {ContainersReady True 0001-01-01 00:00:00 +0000 UTC 0001-01-01 00:00:00 +0000 UTC  } {PodScheduled True 0001-01-01 00:00:00 +0000 UTC 2018-09-17 07:24:14 +0000 UTC  }]&#xA;Sep 19 08:07:19.491: INFO: istio-ingressgateway-7bc96d6585-m567m                            10.46.6.173  Running           [{Initialized True 0001-01-01 00:00:00 +0000 UTC 2018-09-17 07:20:41 +0000 UTC  } {Ready True 0001-01-01 00:00:00 +0000 UTC 2018-09-17 07:21:43 +0000 UTC  } {ContainersReady True 0001-01-01 00:00:00 +0000 UTC 0001-01-01 00:00:00 +0000 UTC  } {PodScheduled True 0001-01-01 00:00:00 +0000 UTC 2018-09-17 07:20:41 +0000 UTC  }]&#xA;Sep 19 08:07:19.491: INFO: istio-ingressgateway-7bc96d6585-r98nr                            10.46.6.173  Running           [{Initialized True 0001-01-01 00:00:00 +0000 UTC 2018-09-17 07:28:10 +0000 UTC  } {Ready True 0001-01-01 00:00:00 +0000 UTC 2018-09-17 07:29:11 +0000 UTC  } {ContainersReady True 0001-01-01 00:00:00 +0000 UTC 0001-01-01 00:00:00 +0000 UTC  } {PodScheduled True 0001-01-01 00:00:00 +0000 UTC 2018-09-17 07:28:09 +0000 UTC  }]&#xA;Sep 19 08:07:19.491: INFO: istio-ingressgateway-7bc96d6585-smf45                            10.46.6.173  Running           [{Initialized True 0001-01-01 00:00:00 +0000 UTC 2018-09-17 07:17:28 +0000 UTC  } {Ready True 0001-01-01 00:00:00 +0000 UTC 2018-09-17 07:18:37 +0000 UTC  } {ContainersReady True 0001-01-01 00:00:00 +0000 UTC 0001-01-01 00:00:00 +0000 UTC  } {PodScheduled True 0001-01-01 00:00:00 +0000 UTC 2018-09-17 07:17:27 +0000 UTC  }]&#xA;Sep 19 08:07:19.491: INFO: istio-pilot-6cf9ccf474-kkb6j                                     10.46.6.173  Running           [{Initialized True 0001-01-01 00:00:00 +0000 UTC 2018-09-17 07:17:31 +0000 UTC  } {Ready True 0001-01-01 00:00:00 +0000 UTC 2018-09-17 07:19:28 +0000 UTC  } {ContainersReady True 0001-01-01 00:00:00 +0000 UTC 0001-01-01 00:00:00 +0000 UTC  } {PodScheduled True 0001-01-01 00:00:00 +0000 UTC 2018-09-17 07:17:27 +0000 UTC  }]&#xA;Sep 19 08:07:19.491: INFO: istio-policy-5b64d7fd64-5l2m9                                    10.46.6.173  Running           [{Initialized True 0001-01-01 00:00:00 +0000 UTC 2018-09-17 07:31:07 +0000 UTC  } {Ready True 0001-01-01 00:00:00 +0000 UTC 2018-09-17 07:31:51 +0000 UTC  } {ContainersReady True 0001-01-01 00:00:00 +0000 UTC 0001-01-01 00:00:00 +0000 UTC  } {PodScheduled True 0001-01-01 00:00:00 +0000 UTC 2018-09-17 07:31:06 +0000 UTC  }]&#xA;Sep 19 08:07:19.491: INFO: istio-policy-5b64d7fd64-fb4bc                                    10.46.6.173  Running           [{Initialized True 0001-01-01 00:00:00 +0000 UTC 2018-09-17 07:27:37 +0000 UTC  } {Ready True 0001-01-01 00:00:00 +0000 UTC 2018-09-17 07:28:39 +0000 UTC  } {ContainersReady True 0001-01-01 00:00:00 +0000 UTC 0001-01-01 00:00:00 +0000 UTC  } {PodScheduled True 0001-01-01 00:00:00 +0000 UTC 2018-09-17 07:27:36 +0000 UTC  }]&#xA;Sep 19 08:07:19.491: INFO: istio-policy-5b64d7fd64-jrlzt                                    10.46.6.173  Running           [{Initialized True 0001-01-01 00:00:00 +0000 UTC 2018-09-17 07:23:11 +0000 UTC  } {Ready True 0001-01-01 00:00:00 +0000 UTC 2018-09-17 07:24:08 +0000 UTC  } {ContainersReady True 0001-01-01 00:00:00 +0000 UTC 0001-01-01 00:00:00 +0000 UTC  } {PodScheduled True 0001-01-01 00:00:00 +0000 UTC 2018-09-17 07:23:10 +0000 UTC  }]&#xA;Sep 19 08:07:19.491: INFO: istio-policy-5b64d7fd64-pt9z2                                    10.46.6.173  Running           [{Initialized True 0001-01-01 00:00:00 +0000 UTC 2018-09-17 07:17:30 +0000 UTC  } {Ready True 0001-01-01 00:00:00 +0000 UTC 2018-09-17 07:19:02 +0000 UTC  } {ContainersReady True 0001-01-01 00:00:00 +0000 UTC 0001-01-01 00:00:00 +0000 UTC  } {PodScheduled True 0001-01-01 00:00:00 +0000 UTC 2018-09-17 07:17:27 +0000 UTC  }]&#xA;Sep 19 08:07:19.491: INFO: istio-policy-5b64d7fd64-z68j4                                    10.46.6.173  Running           [{Initialized True 0001-01-01 00:00:00 +0000 UTC 2018-09-17 07:19:38 +0000 UTC  } {Ready True 0001-01-01 00:00:00 +0000 UTC 2018-09-17 07:20:44 +0000 UTC  } {ContainersReady True 0001-01-01 00:00:00 +0000 UTC 0001-01-01 00:00:00 +0000 UTC  } {PodScheduled True 0001-01-01 00:00:00 +0000 UTC 2018-09-17 07:19:37 +0000 UTC  }]&#xA;Sep 19 08:07:19.491: INFO: istio-sidecar-injector-86d554f5f7-d57zk                          10.46.6.173  Running           [{Initialized True 0001-01-01 00:00:00 +0000 UTC 2018-09-17 07:17:32 +0000 UTC  } {Ready True 0001-01-01 00:00:00 +0000 UTC 2018-09-17 07:18:41 +0000 UTC  } {ContainersReady True 0001-01-01 00:00:00 +0000 UTC 0001-01-01 00:00:00 +0000 UTC  } {PodScheduled True 0001-01-01 00:00:00 +0000 UTC 2018-09-17 07:17:29 +0000 UTC  }]&#xA;Sep 19 08:07:19.491: INFO: istio-statsd-prom-bridge-66cb69b666-p76m8                        10.46.6.173  Running           [{Initialized True 0001-01-01 00:00:00 +0000 UTC 2018-09-17 07:17:29 +0000 UTC  } {Ready True 0001-01-01 00:00:00 +0000 UTC 2018-09-17 07:18:32 +0000 UTC  } {ContainersReady True 0001-01-01 00:00:00 +0000 UTC 0001-01-01 00:00:00 +0000 UTC  } {PodScheduled True 0001-01-01 00:00:00 +0000 UTC 2018-09-17 07:17:27 +0000 UTC  }]&#xA;Sep 19 08:07:19.491: INFO: istio-telemetry-8b5964dc7-9q67f                                  10.46.6.173  Running           [{Initialized True 0001-01-01 00:00:00 +0000 UTC 2018-09-17 07:31:08 +0000 UTC  } {Ready True 0001-01-01 00:00:00 +0000 UTC 2018-09-17 07:32:00 +0000 UTC  } {ContainersReady True 0001-01-01 00:00:00 +0000 UTC 0001-01-01 00:00:00 +0000 UTC  } {PodScheduled True 0001-01-01 00:00:00 +0000 UTC 2018-09-17 07:31:07 +0000 UTC  }]&#xA;Sep 19 08:07:19.491: INFO: istio-telemetry-8b5964dc7-hcf6d                                  10.46.6.173  Running           [{Initialized True 0001-01-01 00:00:00 +0000 UTC 2018-09-17 07:17:29 +0000 UTC  } {Ready True 0001-01-01 00:00:00 +0000 UTC 2018-09-17 07:18:56 +0000 UTC  } {ContainersReady True 0001-01-01 00:00:00 +0000 UTC 0001-01-01 00:00:00 +0000 UTC  } {PodScheduled True 0001-01-01 00:00:00 +0000 UTC 2018-09-17 07:17:27 +0000 UTC  }]&#xA;Sep 19 08:07:19.491: INFO: istio-telemetry-8b5964dc7-nw9kk                                  10.46.6.173  Running           [{Initialized True 0001-01-01 00:00:00 +0000 UTC 2018-09-17 07:23:11 +0000 UTC  } {Ready True 0001-01-01 00:00:00 +0000 UTC 2018-09-17 07:24:19 +0000 UTC  } {ContainersReady True 0001-01-01 00:00:00 +0000 UTC 0001-01-01 00:00:00 +0000 UTC  } {PodScheduled True 0001-01-01 00:00:00 +0000 UTC 2018-09-17 07:23:10 +0000 UTC  }]&#xA;Sep 19 08:07:19.491: INFO: istio-telemetry-8b5964dc7-rfswc                                  10.46.6.173  Running           [{Initialized True 0001-01-01 00:00:00 +0000 UTC 2018-09-17 07:19:39 +0000 UTC  } {Ready True 0001-01-01 00:00:00 +0000 UTC 2018-09-17 07:20:38 +0000 UTC  } {ContainersReady True 0001-01-01 00:00:00 +0000 UTC 0001-01-01 00:00:00 +0000 UTC  } {PodScheduled True 0001-01-01 00:00:00 +0000 UTC 2018-09-17 07:19:38 +0000 UTC  }]&#xA;Sep 19 08:07:19.491: INFO: istio-telemetry-8b5964dc7-vjqbq                                  10.46.6.173  Running           [{Initialized True 0001-01-01 00:00:00 +0000 UTC 2018-09-17 07:27:36 +0000 UTC  } {Ready True 0001-01-01 00:00:00 +0000 UTC 2018-09-17 07:28:21 +0000 UTC  } {ContainersReady True 0001-01-01 00:00:00 +0000 UTC 0001-01-01 00:00:00 +0000 UTC  } {PodScheduled True 0001-01-01 00:00:00 +0000 UTC 2018-09-17 07:27:36 +0000 UTC  }]&#xA;Sep 19 08:07:19.491: INFO: istio-tracing-77ccfc8844-79ngl                                   10.46.6.173  Running           [{Initialized True 0001-01-01 00:00:00 +0000 UTC 2018-09-17 07:17:32 +0000 UTC  } {Ready True 0001-01-01 00:00:00 +0000 UTC 2018-09-17 07:18:08 +0000 UTC  } {ContainersReady True 0001-01-01 00:00:00 +0000 UTC 0001-01-01 00:00:00 +0000 UTC  } {PodScheduled True 0001-01-01 00:00:00 +0000 UTC 2018-09-17 07:17:29 +0000 UTC  }]&#xA;Sep 19 08:07:19.491: INFO: kiali-7f8c59df94-25qmq                                           10.46.6.173  Running           [{Initialized True 0001-01-01 00:00:00 +0000 UTC 2018-09-17 07:17:27 +0000 UTC  } {Ready True 0001-01-01 00:00:00 +0000 UTC 2018-09-17 07:17:56 +0000 UTC  } {ContainersReady True 0001-01-01 00:00:00 +0000 UTC 0001-01-01 00:00:00 +0000 UTC  } {PodScheduled True 0001-01-01 00:00:00 +0000 UTC 2018-09-17 07:17:27 +0000 UTC  }]&#xA;Sep 19 08:07:19.491: INFO: prometheus-6f98d89664-wh7pb                                      10.46.6.173  Running           [{Initialized True 0001-01-01 00:00:00 +0000 UTC 2018-09-17 07:17:31 +0000 UTC  } {Ready True 0001-01-01 00:00:00 +0000 UTC 2018-09-17 07:17:57 +0000 UTC  } {ContainersReady True 0001-01-01 00:00:00 +0000 UTC 0001-01-01 00:00:00 +0000 UTC  } {PodScheduled True 0001-01-01 00:00:00 +0000 UTC 2018-09-17 07:17:28 +0000 UTC  }]&#xA;Sep 19 08:07:19.491: INFO: servicegraph-85578d8fc6-m62z4                                    10.46.6.173  Running           [{Initialized True 0001-01-01 00:00:00 +0000 UTC 2018-09-17 07:17:32 +0000 UTC  } {Ready True 0001-01-01 00:00:00 +0000 UTC 2018-09-17 07:18:22 +0000 UTC  } {ContainersReady True 0001-01-01 00:00:00 +0000 UTC 0001-01-01 00:00:00 +0000 UTC  } {PodScheduled True 0001-01-01 00:00:00 +0000 UTC 2018-09-17 07:17:28 +0000 UTC  }]&#xA;Sep 19 08:07:19.491: INFO: audit-logging-fluentd-ds-4cgnk                                   10.46.6.170  Running           [{Initialized True 0001-01-01 00:00:00 +0000 UTC 2018-09-17 07:18:46 +0000 UTC  } {Ready True 0001-01-01 00:00:00 +0000 UTC 2018-09-17 07:18:50 +0000 UTC  } {ContainersReady True 0001-01-01 00:00:00 +0000 UTC 0001-01-01 00:00:00 +0000 UTC  } {PodScheduled True 0001-01-01 00:00:00 +0000 UTC 2018-09-17 07:18:46 +0000 UTC  }]&#xA;Sep 19 08:07:19.491: INFO: audit-logging-fluentd-ds-8bh4t                                   10.46.6.172  Running           [{Initialized True 0001-01-01 00:00:00 +0000 UTC 2018-09-17 07:18:46 +0000 UTC  } {Ready True 0001-01-01 00:00:00 +0000 UTC 2018-09-17 07:18:56 +0000 UTC  } {ContainersReady True 0001-01-01 00:00:00 +0000 UTC 0001-01-01 00:00:00 +0000 UTC  } {PodScheduled True 0001-01-01 00:00:00 +0000 UTC 2018-09-17 07:18:46 +0000 UTC  }]&#xA;Sep 19 08:07:19.491: INFO: audit-logging-fluentd-ds-bc22k                                   10.46.6.171  Running           [{Initialized True 0001-01-01 00:00:00 +0000 UTC 2018-09-17 07:18:46 +0000 UTC  } {Ready True 0001-01-01 00:00:00 +0000 UTC 2018-09-17 07:18:56 +0000 UTC  } {ContainersReady True 0001-01-01 00:00:00 +0000 UTC 0001-01-01 00:00:00 +0000 UTC  } {PodScheduled True 0001-01-01 00:00:00 +0000 UTC 2018-09-17 07:18:46 +0000 UTC  }]&#xA;Sep 19 08:07:19.491: INFO: audit-logging-fluentd-ds-dhcg6                                   10.46.6.173  Running           [{Initialized True 0001-01-01 00:00:00 +0000 UTC 2018-09-17 07:18:46 +0000 UTC  } {Ready True 0001-01-01 00:00:00 +0000 UTC 2018-09-17 07:19:00 +0000 UTC  } {ContainersReady True 0001-01-01 00:00:00 +0000 UTC 0001-01-01 00:00:00 +0000 UTC  } {PodScheduled True 0001-01-01 00:00:00 +0000 UTC 2018-09-17 07:18:46 +0000 UTC  }]&#xA;Sep 19 08:07:19.491: INFO: auth-apikeys-x45mz                                               10.46.6.173  Running           [{Initialized True 0001-01-01 00:00:00 +0000 UTC 2018-09-17 07:10:12 +0000 UTC  } {Ready True 0001-01-01 00:00:00 +0000 UTC 2018-09-17 07:11:25 +0000 UTC  } {ContainersReady True 0001-01-01 00:00:00 +0000 UTC 0001-01-01 00:00:00 +0000 UTC  } {PodScheduled True 0001-01-01 00:00:00 +0000 UTC 2018-09-17 07:10:12 +0000 UTC  }]&#xA;Sep 19 08:07:19.491: INFO: auth-idp-kjpmx                                                   10.46.6.173  Running           [{Initialized True 0001-01-01 00:00:00 +0000 UTC 2018-09-17 07:10:19 +0000 UTC  } {Ready True 0001-01-01 00:00:00 +0000 UTC 2018-09-19 07:05:52 +0000 UTC  } {ContainersReady True 0001-01-01 00:00:00 +0000 UTC 0001-01-01 00:00:00 +0000 UTC  } {PodScheduled True 0001-01-01 00:00:00 +0000 UTC 2018-09-17 07:10:04 +0000 UTC  }]&#xA;Sep 19 08:07:19.491: INFO: auth-pap-qb5m2                                                   10.46.6.173  Running           [{Initialized True 0001-01-01 00:00:00 +0000 UTC 2018-09-17 07:10:20 +0000 UTC  } {Ready True 0001-01-01 00:00:00 +0000 UTC 2018-09-17 07:10:46 +0000 UTC  } {ContainersReady True 0001-01-01 00:00:00 +0000 UTC 0001-01-01 00:00:00 +0000 UTC  } {PodScheduled True 0001-01-01 00:00:00 +0000 UTC 2018-09-17 07:10:20 +0000 UTC  }]&#xA;Sep 19 08:07:19.491: INFO: auth-pdp-tk2jm                                                   10.46.6.173  Running           [{Initialized True 0001-01-01 00:00:00 +0000 UTC 2018-09-17 07:13:08 +0000 UTC  } {Ready True 0001-01-01 00:00:00 +0000 UTC 2018-09-17 07:13:19 +0000 UTC  } {ContainersReady True 0001-01-01 00:00:00 +0000 UTC 0001-01-01 00:00:00 +0000 UTC  } {PodScheduled True 0001-01-01 00:00:00 +0000 UTC 2018-09-17 07:10:28 +0000 UTC  }]&#xA;Sep 19 08:07:19.491: INFO: calico-kube-controllers-dcb8cc97c-gtsqp                          10.46.6.173  Running           [{Initialized True 0001-01-01 00:00:00 +0000 UTC 2018-09-17 07:05:53 +0000 UTC  } {Ready True 0001-01-01 00:00:00 +0000 UTC 2018-09-17 07:06:04 +0000 UTC  } {ContainersReady True 0001-01-01 00:00:00 +0000 UTC 0001-01-01 00:00:00 +0000 UTC  } {PodScheduled True 0001-01-01 00:00:00 +0000 UTC 2018-09-17 07:05:53 +0000 UTC  }]&#xA;Sep 19 08:07:19.491: INFO: calico-node-gpm2c                                                10.46.6.171  Running           [{Initialized True 0001-01-01 00:00:00 +0000 UTC 2018-09-17 07:05:53 +0000 UTC  } {Ready True 0001-01-01 00:00:00 +0000 UTC 2018-09-17 07:06:11 +0000 UTC  } {ContainersReady True 0001-01-01 00:00:00 +0000 UTC 0001-01-01 00:00:00 +0000 UTC  } {PodScheduled True 0001-01-01 00:00:00 +0000 UTC 2018-09-17 07:05:53 +0000 UTC  }]&#xA;Sep 19 08:07:19.491: INFO: calico-node-htf97                                                10.46.6.170  Running           [{Initialized True 0001-01-01 00:00:00 +0000 UTC 2018-09-17 07:05:53 +0000 UTC  } {Ready True 0001-01-01 00:00:00 +0000 UTC 2018-09-17 07:06:14 +0000 UTC  } {ContainersReady True 0001-01-01 00:00:00 +0000 UTC 0001-01-01 00:00:00 +0000 UTC  } {PodScheduled True 0001-01-01 00:00:00 +0000 UTC 2018-09-17 07:05:53 +0000 UTC  }]&#xA;Sep 19 08:07:19.492: INFO: calico-node-m7d5t                                                10.46.6.173  Running           [{Initialized True 0001-01-01 00:00:00 +0000 UTC 2018-09-17 07:05:54 +0000 UTC  } {Ready True 0001-01-01 00:00:00 +0000 UTC 2018-09-17 07:06:15 +0000 UTC  } {ContainersReady True 0001-01-01 00:00:00 +0000 UTC 0001-01-01 00:00:00 +0000 UTC  } {PodScheduled True 0001-01-01 00:00:00 +0000 UTC 2018-09-17 07:05:54 +0000 UTC  }]&#xA;Sep 19 08:07:19.492: INFO: calico-node-wsknj                                                10.46.6.172  Running           [{Initialized True 0001-01-01 00:00:00 +0000 UTC 2018-09-17 07:05:53 +0000 UTC  } {Ready True 0001-01-01 00:00:00 +0000 UTC 2018-09-17 07:06:17 +0000 UTC  } {ContainersReady True 0001-01-01 00:00:00 +0000 UTC 0001-01-01 00:00:00 +0000 UTC  } {PodScheduled True 0001-01-01 00:00:00 +0000 UTC 2018-09-17 07:05:53 +0000 UTC  }]&#xA;Sep 19 08:07:19.492: INFO: catalog-ui-5rtkh                                                 10.46.6.173  Running           [{Initialized True 0001-01-01 00:00:00 +0000 UTC 2018-09-17 07:15:57 +0000 UTC  } {Ready True 0001-01-01 00:00:00 +0000 UTC 2018-09-17 07:16:11 +0000 UTC  } {ContainersReady True 0001-01-01 00:00:00 +0000 UTC 0001-01-01 00:00:00 +0000 UTC  } {PodScheduled True 0001-01-01 00:00:00 +0000 UTC 2018-09-17 07:15:57 +0000 UTC  }]&#xA;Sep 19 08:07:19.492: INFO: custom-metrics-adapter-64f64964b4-f9gmc                          10.46.6.171  Running           [{Initialized True 0001-01-01 00:00:00 +0000 UTC 2018-09-17 07:17:13 +0000 UTC  } {Ready True 0001-01-01 00:00:00 +0000 UTC 2018-09-17 07:17:51 +0000 UTC  } {ContainersReady True 0001-01-01 00:00:00 +0000 UTC 0001-01-01 00:00:00 +0000 UTC  } {PodScheduled True 0001-01-01 00:00:00 +0000 UTC 2018-09-17 07:14:28 +0000 UTC  }]&#xA;Sep 19 08:07:19.492: INFO: default-backend-54966589c4-4d47g                                 10.46.6.173  Running           [{Initialized True 0001-01-01 00:00:00 +0000 UTC 2018-09-17 07:08:29 +0000 UTC  } {Ready True 0001-01-01 00:00:00 +0000 UTC 2018-09-17 07:08:40 +0000 UTC  } {ContainersReady True 0001-01-01 00:00:00 +0000 UTC 0001-01-01 00:00:00 +0000 UTC  } {PodScheduled True 0001-01-01 00:00:00 +0000 UTC 2018-09-17 07:08:28 +0000 UTC  }]&#xA;Sep 19 08:07:19.492: INFO: heapster-69b486565b-nt26r                                        10.46.6.173  Running           [{Initialized True 0001-01-01 00:00:00 +0000 UTC 2018-09-17 07:13:48 +0000 UTC  } {Ready True 0001-01-01 00:00:00 +0000 UTC 2018-09-17 07:13:58 +0000 UTC  } {ContainersReady True 0001-01-01 00:00:00 +0000 UTC 0001-01-01 00:00:00 +0000 UTC  } {PodScheduled True 0001-01-01 00:00:00 +0000 UTC 2018-09-17 07:13:48 +0000 UTC  }]&#xA;Sep 19 08:07:19.492: INFO: helm-api-fdd886877-6pwm8                                         10.46.6.173  Running           [{Initialized True 0001-01-01 00:00:00 +0000 UTC 2018-09-17 07:16:36 +0000 UTC  } {Ready True 0001-01-01 00:00:00 +0000 UTC 2018-09-17 07:16:58 +0000 UTC  } {ContainersReady True 0001-01-01 00:00:00 +0000 UTC 0001-01-01 00:00:00 +0000 UTC  } {PodScheduled True 0001-01-01 00:00:00 +0000 UTC 2018-09-17 07:16:35 +0000 UTC  }]&#xA;Sep 19 08:07:19.492: INFO: helm-repo-5649f57447-wwdn4                                       10.46.6.173  Running           [{Initialized True 0001-01-01 00:00:00 +0000 UTC 2018-09-17 07:14:04 +0000 UTC  } {Ready True 0001-01-01 00:00:00 +0000 UTC 2018-09-17 07:14:40 +0000 UTC  } {ContainersReady True 0001-01-01 00:00:00 +0000 UTC 0001-01-01 00:00:00 +0000 UTC  } {PodScheduled True 0001-01-01 00:00:00 +0000 UTC 2018-09-17 07:13:53 +0000 UTC  }]&#xA;Sep 19 08:07:19.492: INFO: ibmcloud-image-enforcement-76ddccbf9f-kqmlb                      10.46.6.171  Running           [{Initialized True 0001-01-01 00:00:00 +0000 UTC 2018-09-17 07:14:02 +0000 UTC  } {Ready True 0001-01-01 00:00:00 +0000 UTC 2018-09-17 07:14:07 +0000 UTC  } {ContainersReady True 0001-01-01 00:00:00 +0000 UTC 0001-01-01 00:00:00 +0000 UTC  } {PodScheduled True 0001-01-01 00:00:00 +0000 UTC 2018-09-17 07:14:02 +0000 UTC  }]&#xA;Sep 19 08:07:19.492: INFO: icp-management-ingress-x6qn8                                     10.46.6.173  Running           [{Initialized True 0001-01-01 00:00:00 +0000 UTC 2018-09-17 07:10:36 +0000 UTC  } {Ready True 0001-01-01 00:00:00 +0000 UTC 2018-09-17 07:10:48 +0000 UTC  } {ContainersReady True 0001-01-01 00:00:00 +0000 UTC 0001-01-01 00:00:00 +0000 UTC  } {PodScheduled True 0001-01-01 00:00:00 +0000 UTC 2018-09-17 07:10:36 +0000 UTC  }]&#xA;Sep 19 08:07:19.492: INFO: icp-mongodb-0                                                    10.46.6.173  Running           [{Initialized True 0001-01-01 00:00:00 +0000 UTC 2018-09-17 07:09:00 +0000 UTC  } {Ready True 0001-01-01 00:00:00 +0000 UTC 2018-09-17 07:09:17 +0000 UTC  } {ContainersReady True 0001-01-01 00:00:00 +0000 UTC 0001-01-01 00:00:00 +0000 UTC  } {PodScheduled True 0001-01-01 00:00:00 +0000 UTC 2018-09-17 07:07:41 +0000 UTC  }]&#xA;Sep 19 08:07:19.492: INFO: image-manager-0                                                  10.46.6.173  Running           [{Initialized True 0001-01-01 00:00:00 +0000 UTC 2018-09-17 06:38:56 +0000 UTC  } {Ready True 0001-01-01 00:00:00 +0000 UTC 2018-09-17 06:39:08 +0000 UTC  } {ContainersReady True 0001-01-01 00:00:00 +0000 UTC 0001-01-01 00:00:00 +0000 UTC  } {PodScheduled True 0001-01-01 00:00:00 +0000 UTC 2018-09-17 06:38:56 +0000 UTC  }]&#xA;Sep 19 08:07:19.492: INFO: k8s-etcd-10.46.6.173                                             10.46.6.173  Running           [{Initialized True 0001-01-01 00:00:00 +0000 UTC 2018-09-17 06:35:49 +0000 UTC  } {Ready True 0001-01-01 00:00:00 +0000 UTC 2018-09-17 06:35:54 +0000 UTC  } {ContainersReady True 0001-01-01 00:00:00 +0000 UTC 0001-01-01 00:00:00 +0000 UTC  } {PodScheduled True 0001-01-01 00:00:00 +0000 UTC 2018-09-17 06:35:49 +0000 UTC  }]&#xA;Sep 19 08:07:19.492: INFO: k8s-master-10.46.6.173                                           10.46.6.173  Running           [{Initialized True 0001-01-01 00:00:00 +0000 UTC 2018-09-17 06:37:18 +0000 UTC  } {Ready True 0001-01-01 00:00:00 +0000 UTC 2018-09-17 06:37:26 +0000 UTC  } {ContainersReady True 0001-01-01 00:00:00 +0000 UTC 0001-01-01 00:00:00 +0000 UTC  } {PodScheduled True 0001-01-01 00:00:00 +0000 UTC 2018-09-17 06:37:18 +0000 UTC  }]&#xA;Sep 19 08:07:19.492: INFO: k8s-proxy-10.46.6.170                                            10.46.6.170  Running           [{Initialized True 0001-01-01 00:00:00 +0000 UTC 2018-09-17 07:05:43 +0000 UTC  } {Ready True 0001-01-01 00:00:00 +0000 UTC 2018-09-17 07:05:46 +0000 UTC  } {ContainersReady True 0001-01-01 00:00:00 +0000 UTC 0001-01-01 00:00:00 +0000 UTC  } {PodScheduled True 0001-01-01 00:00:00 +0000 UTC 2018-09-17 07:05:43 +0000 UTC  }]&#xA;Sep 19 08:07:19.492: INFO: k8s-proxy-10.46.6.171                                            10.46.6.171  Running           [{Initialized True 0001-01-01 00:00:00 +0000 UTC 2018-09-17 07:05:44 +0000 UTC  } {Ready True 0001-01-01 00:00:00 +0000 UTC 2018-09-17 07:05:46 +0000 UTC  } {ContainersReady True 0001-01-01 00:00:00 +0000 UTC 0001-01-01 00:00:00 +0000 UTC  } {PodScheduled True 0001-01-01 00:00:00 +0000 UTC 2018-09-17 07:05:44 +0000 UTC  }]&#xA;Sep 19 08:07:19.492: INFO: k8s-proxy-10.46.6.172                                            10.46.6.172  Running           [{Initialized True 0001-01-01 00:00:00 +0000 UTC 2018-09-17 07:05:44 +0000 UTC  } {Ready True 0001-01-01 00:00:00 +0000 UTC 2018-09-17 07:05:48 +0000 UTC  } {ContainersReady True 0001-01-01 00:00:00 +0000 UTC 0001-01-01 00:00:00 +0000 UTC  } {PodScheduled True 0001-01-01 00:00:00 +0000 UTC 2018-09-17 07:05:44 +0000 UTC  }]&#xA;Sep 19 08:07:19.492: INFO: k8s-proxy-10.46.6.173                                            10.46.6.173  Running           [{Initialized True 0001-01-01 00:00:00 +0000 UTC 2018-09-17 06:35:45 +0000 UTC  } {Ready True 0001-01-01 00:00:00 +0000 UTC 2018-09-17 06:35:50 +0000 UTC  } {ContainersReady True 0001-01-01 00:00:00 +0000 UTC 0001-01-01 00:00:00 +0000 UTC  } {PodScheduled True 0001-01-01 00:00:00 +0000 UTC 2018-09-17 06:35:45 +0000 UTC  }]&#xA;Sep 19 08:07:19.492: INFO: kube-dns-mwjc8                                                   10.46.6.173  Running           [{Initialized True 0001-01-01 00:00:00 +0000 UTC 2018-09-17 07:06:10 +0000 UTC  } {Ready True 0001-01-01 00:00:00 +0000 UTC 2018-09-17 07:06:18 +0000 UTC  } {ContainersReady True 0001-01-01 00:00:00 +0000 UTC 0001-01-01 00:00:00 +0000 UTC  } {PodScheduled True 0001-01-01 00:00:00 +0000 UTC 2018-09-17 07:06:10 +0000 UTC  }]&#xA;Sep 19 08:07:19.492: INFO: logging-elk-client-75d4d7994c-7g7fn                              10.46.6.171  Running           [{Initialized True 0001-01-01 00:00:00 +0000 UTC 2018-09-17 07:15:40 +0000 UTC  } {Ready True 0001-01-01 00:00:00 +0000 UTC 2018-09-17 07:16:22 +0000 UTC  } {ContainersReady True 0001-01-01 00:00:00 +0000 UTC 0001-01-01 00:00:00 +0000 UTC  } {PodScheduled True 0001-01-01 00:00:00 +0000 UTC 2018-09-17 07:15:20 +0000 UTC  }]&#xA;Sep 19 08:07:19.492: INFO: logging-elk-data-0                                               10.46.6.171  Running           [{Initialized True 0001-01-01 00:00:00 +0000 UTC 2018-09-17 07:15:47 +0000 UTC  } {Ready True 0001-01-01 00:00:00 +0000 UTC 2018-09-17 07:16:16 +0000 UTC  } {ContainersReady True 0001-01-01 00:00:00 +0000 UTC 0001-01-01 00:00:00 +0000 UTC  } {PodScheduled True 0001-01-01 00:00:00 +0000 UTC 2018-09-17 07:15:20 +0000 UTC  }]&#xA;Sep 19 08:07:19.492: INFO: logging-elk-elasticsearch-tls-init-6hnl4                         10.46.6.171  Succeeded         [{Initialized True 0001-01-01 00:00:00 +0000 UTC 2018-09-17 07:15:20 +0000 UTC PodCompleted } {Ready False 0001-01-01 00:00:00 +0000 UTC 2018-09-17 07:17:46 +0000 UTC PodCompleted } {ContainersReady False 0001-01-01 00:00:00 +0000 UTC 0001-01-01 00:00:00 +0000 UTC PodCompleted } {PodScheduled True 0001-01-01 00:00:00 +0000 UTC 2018-09-17 07:15:20 +0000 UTC  }]&#xA;Sep 19 08:07:19.492: INFO: logging-elk-filebeat-ds-bs86r                                    10.46.6.171  Running           [{Initialized True 0001-01-01 00:00:00 +0000 UTC 2018-09-17 07:15:20 +0000 UTC  } {Ready True 0001-01-01 00:00:00 +0000 UTC 2018-09-17 07:15:42 +0000 UTC  } {ContainersReady True 0001-01-01 00:00:00 +0000 UTC 0001-01-01 00:00:00 +0000 UTC  } {PodScheduled True 0001-01-01 00:00:00 +0000 UTC 2018-09-17 07:15:20 +0000 UTC  }]&#xA;Sep 19 08:07:19.492: INFO: logging-elk-filebeat-ds-jtd5q                                    10.46.6.170  Running           [{Initialized True 0001-01-01 00:00:00 +0000 UTC 2018-09-17 07:15:20 +0000 UTC  } {Ready True 0001-01-01 00:00:00 +0000 UTC 2018-09-17 07:15:37 +0000 UTC  } {ContainersReady True 0001-01-01 00:00:00 +0000 UTC 0001-01-01 00:00:00 +0000 UTC  } {PodScheduled True 0001-01-01 00:00:00 +0000 UTC 2018-09-17 07:15:20 +0000 UTC  }]&#xA;Sep 19 08:07:19.492: INFO: logging-elk-filebeat-ds-qf2vz                                    10.46.6.173  Running           [{Initialized True 0001-01-01 00:00:00 +0000 UTC 2018-09-17 07:15:20 +0000 UTC  } {Ready True 0001-01-01 00:00:00 +0000 UTC 2018-09-17 07:15:39 +0000 UTC  } {ContainersReady True 0001-01-01 00:00:00 +0000 UTC 0001-01-01 00:00:00 +0000 UTC  } {PodScheduled True 0001-01-01 00:00:00 +0000 UTC 2018-09-17 07:15:20 +0000 UTC  }]&#xA;Sep 19 08:07:19.492: INFO: logging-elk-filebeat-ds-vpk48                                    10.46.6.172  Running           [{Initialized True 0001-01-01 00:00:00 +0000 UTC 2018-09-17 07:15:20 +0000 UTC  } {Ready True 0001-01-01 00:00:00 +0000 UTC 2018-09-17 07:15:39 +0000 UTC  } {ContainersReady True 0001-01-01 00:00:00 +0000 UTC 0001-01-01 00:00:00 +0000 UTC  } {PodScheduled True 0001-01-01 00:00:00 +0000 UTC 2018-09-17 07:15:20 +0000 UTC  }]&#xA;Sep 19 08:07:19.492: INFO: logging-elk-kibana-ff4db4866-s2295                               10.46.6.171  Running           [{Initialized True 0001-01-01 00:00:00 +0000 UTC 2018-09-17 07:15:21 +0000 UTC  } {Ready True 0001-01-01 00:00:00 +0000 UTC 2018-09-17 07:15:45 +0000 UTC  } {ContainersReady True 0001-01-01 00:00:00 +0000 UTC 0001-01-01 00:00:00 +0000 UTC  } {PodScheduled True 0001-01-01 00:00:00 +0000 UTC 2018-09-17 07:15:21 +0000 UTC  }]&#xA;Sep 19 08:07:19.492: INFO: logging-elk-logstash-7994656f46-r89mt                            10.46.6.171  Running           [{Initialized True 0001-01-01 00:00:00 +0000 UTC 2018-09-17 07:15:22 +0000 UTC  } {Ready True 0001-01-01 00:00:00 +0000 UTC 2018-09-17 07:16:16 +0000 UTC  } {ContainersReady True 0001-01-01 00:00:00 +0000 UTC 0001-01-01 00:00:00 +0000 UTC  } {PodScheduled True 0001-01-01 00:00:00 +0000 UTC 2018-09-17 07:15:21 +0000 UTC  }]&#xA;Sep 19 08:07:19.492: INFO: logging-elk-master-6cdcf45f7d-gp28f                              10.46.6.171  Running           [{Initialized True 0001-01-01 00:00:00 +0000 UTC 2018-09-17 07:15:47 +0000 UTC  } {Ready True 0001-01-01 00:00:00 +0000 UTC 2018-09-17 07:16:16 +0000 UTC  } {ContainersReady True 0001-01-01 00:00:00 +0000 UTC 0001-01-01 00:00:00 +0000 UTC  } {PodScheduled True 0001-01-01 00:00:00 +0000 UTC 2018-09-17 07:15:21 +0000 UTC  }]&#xA;Sep 19 08:07:19.492: INFO: mariadb-0                                                        10.46.6.173  Running           [{Initialized True 0001-01-01 00:00:00 +0000 UTC 2018-09-17 07:08:38 +0000 UTC  } {Ready True 0001-01-01 00:00:00 +0000 UTC 2018-09-17 07:09:15 +0000 UTC  } {ContainersReady True 0001-01-01 00:00:00 +0000 UTC 0001-01-01 00:00:00 +0000 UTC  } {PodScheduled True 0001-01-01 00:00:00 +0000 UTC 2018-09-17 07:08:37 +0000 UTC  }]&#xA;Sep 19 08:07:19.492: INFO: metering-dm-8b475fc57-cmm6h                                      10.46.6.171  Running           [{Initialized True 0001-01-01 00:00:00 +0000 UTC 2018-09-17 07:14:20 +0000 UTC  } {Ready True 0001-01-01 00:00:00 +0000 UTC 2018-09-17 07:14:49 +0000 UTC  } {ContainersReady True 0001-01-01 00:00:00 +0000 UTC 0001-01-01 00:00:00 +0000 UTC  } {PodScheduled True 0001-01-01 00:00:00 +0000 UTC 2018-09-17 07:14:12 +0000 UTC  }]&#xA;Sep 19 08:07:19.492: INFO: metering-reader-44wd7                                            10.46.6.170  Running           [{Initialized True 0001-01-01 00:00:00 +0000 UTC 2018-09-17 07:14:20 +0000 UTC  } {Ready True 0001-01-01 00:00:00 +0000 UTC 2018-09-17 07:14:46 +0000 UTC  } {ContainersReady True 0001-01-01 00:00:00 +0000 UTC 0001-01-01 00:00:00 +0000 UTC  } {PodScheduled True 0001-01-01 00:00:00 +0000 UTC 2018-09-17 07:14:11 +0000 UTC  }]&#xA;Sep 19 08:07:19.492: INFO: metering-reader-gsrdg                                            10.46.6.172  Running           [{Initialized True 0001-01-01 00:00:00 +0000 UTC 2018-09-17 07:14:23 +0000 UTC  } {Ready True 0001-01-01 00:00:00 +0000 UTC 2018-09-17 07:14:52 +0000 UTC  } {ContainersReady True 0001-01-01 00:00:00 +0000 UTC 0001-01-01 00:00:00 +0000 UTC  } {PodScheduled True 0001-01-01 00:00:00 +0000 UTC 2018-09-17 07:14:11 +0000 UTC  }]&#xA;Sep 19 08:07:19.492: INFO: metering-reader-l7284                                            10.46.6.173  Running           [{Initialized True 0001-01-01 00:00:00 +0000 UTC 2018-09-17 07:14:24 +0000 UTC  } {Ready True 0001-01-01 00:00:00 +0000 UTC 2018-09-17 07:14:45 +0000 UTC  } {ContainersReady True 0001-01-01 00:00:00 +0000 UTC 0001-01-01 00:00:00 +0000 UTC  } {PodScheduled True 0001-01-01 00:00:00 +0000 UTC 2018-09-17 07:14:11 +0000 UTC  }]&#xA;Sep 19 08:07:19.492: INFO: metering-reader-xq8f2                                            10.46.6.171  Running           [{Initialized True 0001-01-01 00:00:00 +0000 UTC 2018-09-17 07:14:23 +0000 UTC  } {Ready True 0001-01-01 00:00:00 +0000 UTC 2018-09-17 07:14:55 +0000 UTC  } {ContainersReady True 0001-01-01 00:00:00 +0000 UTC 0001-01-01 00:00:00 +0000 UTC  } {PodScheduled True 0001-01-01 00:00:00 +0000 UTC 2018-09-17 07:14:11 +0000 UTC  }]&#xA;Sep 19 08:07:19.492: INFO: metering-ui-5bbfbb5d49-wkh8m                                     10.46.6.171  Running           [{Initialized True 0001-01-01 00:00:00 +0000 UTC 2018-09-17 07:14:22 +0000 UTC  } {Ready True 0001-01-01 00:00:00 +0000 UTC 2018-09-17 07:14:55 +0000 UTC  } {ContainersReady True 0001-01-01 00:00:00 +0000 UTC 0001-01-01 00:00:00 +0000 UTC  } {PodScheduled True 0001-01-01 00:00:00 +0000 UTC 2018-09-17 07:14:12 +0000 UTC  }]&#xA;Sep 19 08:07:19.492: INFO: metrics-server-6d6695f9db-8t4xs                                  10.46.6.171  Running           [{Initialized True 0001-01-01 00:00:00 +0000 UTC 2018-09-17 07:08:51 +0000 UTC  } {Ready True 0001-01-01 00:00:00 +0000 UTC 2018-09-17 07:08:55 +0000 UTC  } {ContainersReady True 0001-01-01 00:00:00 +0000 UTC 0001-01-01 00:00:00 +0000 UTC  } {PodScheduled True 0001-01-01 00:00:00 +0000 UTC 2018-09-17 07:08:51 +0000 UTC  }]&#xA;Sep 19 08:07:19.492: INFO: mgmt-repo-57dc689b74-tmp44                                       10.46.6.173  Running           [{Initialized True 0001-01-01 00:00:00 +0000 UTC 2018-09-17 07:18:10 +0000 UTC  } {Ready True 0001-01-01 00:00:00 +0000 UTC 2018-09-17 07:18:54 +0000 UTC  } {ContainersReady True 0001-01-01 00:00:00 +0000 UTC 0001-01-01 00:00:00 +0000 UTC  } {PodScheduled True 0001-01-01 00:00:00 +0000 UTC 2018-09-17 07:17:50 +0000 UTC  }]&#xA;Sep 19 08:07:19.493: INFO: monitoring-grafana-548b947c8c-dh89z                              10.46.6.171  Running           [{Initialized True 0001-01-01 00:00:00 +0000 UTC 2018-09-17 07:16:14 +0000 UTC  } {Ready True 0001-01-01 00:00:00 +0000 UTC 2018-09-17 07:16:59 +0000 UTC  } {ContainersReady True 0001-01-01 00:00:00 +0000 UTC 0001-01-01 00:00:00 +0000 UTC  } {PodScheduled True 0001-01-01 00:00:00 +0000 UTC 2018-09-17 07:15:46 +0000 UTC  }]&#xA;Sep 19 08:07:19.493: INFO: monitoring-prometheus-6677d7c77f-pnpt5                           10.46.6.171  Running           [{Initialized True 0001-01-01 00:00:00 +0000 UTC 2018-09-17 07:16:14 +0000 UTC  } {Ready True 0001-01-01 00:00:00 +0000 UTC 2018-09-17 07:17:03 +0000 UTC  } {ContainersReady True 0001-01-01 00:00:00 +0000 UTC 0001-01-01 00:00:00 +0000 UTC  } {PodScheduled True 0001-01-01 00:00:00 +0000 UTC 2018-09-17 07:15:45 +0000 UTC  }]&#xA;Sep 19 08:07:19.493: INFO: monitoring-prometheus-alertmanager-7d8749dbb8-xj68d              10.46.6.171  Running           [{Initialized True 0001-01-01 00:00:00 +0000 UTC 2018-09-17 07:15:46 +0000 UTC  } {Ready True 0001-01-01 00:00:00 +0000 UTC 2018-09-17 07:16:45 +0000 UTC  } {ContainersReady True 0001-01-01 00:00:00 +0000 UTC 0001-01-01 00:00:00 +0000 UTC  } {PodScheduled True 0001-01-01 00:00:00 +0000 UTC 2018-09-17 07:15:45 +0000 UTC  }]&#xA;Sep 19 08:07:19.493: INFO: monitoring-prometheus-collectdexporter-77575678dc-v8n2l          10.46.6.171  Running           [{Initialized True 0001-01-01 00:00:00 +0000 UTC 2018-09-17 07:15:46 +0000 UTC  } {Ready True 0001-01-01 00:00:00 +0000 UTC 2018-09-17 07:16:42 +0000 UTC  } {ContainersReady True 0001-01-01 00:00:00 +0000 UTC 0001-01-01 00:00:00 +0000 UTC  } {PodScheduled True 0001-01-01 00:00:00 +0000 UTC 2018-09-17 07:15:45 +0000 UTC  }]&#xA;Sep 19 08:07:19.493: INFO: monitoring-prometheus-elasticsearchexporter-655864cccb-c6tps     10.46.6.171  Running           [{Initialized True 0001-01-01 00:00:00 +0000 UTC 2018-09-17 07:15:46 +0000 UTC  } {Ready True 0001-01-01 00:00:00 +0000 UTC 2018-09-17 07:16:52 +0000 UTC  } {ContainersReady True 0001-01-01 00:00:00 +0000 UTC 0001-01-01 00:00:00 +0000 UTC  } {PodScheduled True 0001-01-01 00:00:00 +0000 UTC 2018-09-17 07:15:45 +0000 UTC  }]&#xA;Sep 19 08:07:19.493: INFO: monitoring-prometheus-kubestatemetrics-54dcbb6cfb-76zmm          10.46.6.171  Running           [{Initialized True 0001-01-01 00:00:00 +0000 UTC 2018-09-17 07:15:45 +0000 UTC  } {Ready True 0001-01-01 00:00:00 +0000 UTC 2018-09-17 07:16:34 +0000 UTC  } {ContainersReady True 0001-01-01 00:00:00 +0000 UTC 0001-01-01 00:00:00 +0000 UTC  } {PodScheduled True 0001-01-01 00:00:00 +0000 UTC 2018-09-17 07:15:45 +0000 UTC  }]&#xA;Sep 19 08:07:19.493: INFO: monitoring-prometheus-nodeexporter-9fnpb                         10.46.6.171  Running           [{Initialized True 0001-01-01 00:00:00 +0000 UTC 2018-09-17 07:15:44 +0000 UTC  } {Ready True 0001-01-01 00:00:00 +0000 UTC 2018-09-17 07:16:44 +0000 UTC  } {ContainersReady True 0001-01-01 00:00:00 +0000 UTC 0001-01-01 00:00:00 +0000 UTC  } {PodScheduled True 0001-01-01 00:00:00 +0000 UTC 2018-09-17 07:15:44 +0000 UTC  }]&#xA;Sep 19 08:07:19.493: INFO: monitoring-prometheus-nodeexporter-f84fv                         10.46.6.173  Running           [{Initialized True 0001-01-01 00:00:00 +0000 UTC 2018-09-17 07:15:45 +0000 UTC  } {Ready True 0001-01-01 00:00:00 +0000 UTC 2018-09-17 07:16:28 +0000 UTC  } {ContainersReady True 0001-01-01 00:00:00 +0000 UTC 0001-01-01 00:00:00 +0000 UTC  } {PodScheduled True 0001-01-01 00:00:00 +0000 UTC 2018-09-17 07:15:45 +0000 UTC  }]&#xA;Sep 19 08:07:19.493: INFO: monitoring-prometheus-nodeexporter-tpbc8                         10.46.6.170  Running           [{Initialized True 0001-01-01 00:00:00 +0000 UTC 2018-09-17 07:15:44 +0000 UTC  } {Ready True 0001-01-01 00:00:00 +0000 UTC 2018-09-17 07:16:27 +0000 UTC  } {ContainersReady True 0001-01-01 00:00:00 +0000 UTC 0001-01-01 00:00:00 +0000 UTC  } {PodScheduled True 0001-01-01 00:00:00 +0000 UTC 2018-09-17 07:15:44 +0000 UTC  }]&#xA;Sep 19 08:07:19.493: INFO: monitoring-prometheus-nodeexporter-v4l7d                         10.46.6.172  Running           [{Initialized True 0001-01-01 00:00:00 +0000 UTC 2018-09-17 07:15:44 +0000 UTC  } {Ready True 0001-01-01 00:00:00 +0000 UTC 2018-09-17 07:16:31 +0000 UTC  } {ContainersReady True 0001-01-01 00:00:00 +0000 UTC 0001-01-01 00:00:00 +0000 UTC  } {PodScheduled True 0001-01-01 00:00:00 +0000 UTC 2018-09-17 07:15:44 +0000 UTC  }]&#xA;Sep 19 08:07:19.493: INFO: my-ibm-open-liberty-ibm-7f7d9778d7-7t5jc                         10.46.6.170  Running           [{Initialized True 0001-01-01 00:00:00 +0000 UTC 2018-09-17 08:22:24 +0000 UTC  } {Ready True 0001-01-01 00:00:00 +0000 UTC 2018-09-17 08:23:21 +0000 UTC  } {ContainersReady True 0001-01-01 00:00:00 +0000 UTC 0001-01-01 00:00:00 +0000 UTC  } {PodScheduled True 0001-01-01 00:00:00 +0000 UTC 2018-09-17 08:22:24 +0000 UTC  }]&#xA;Sep 19 08:07:19.493: INFO: nginx-ingress-controller-h5z2v                                   10.46.6.173  Running           [{Initialized True 0001-01-01 00:00:00 +0000 UTC 2018-09-17 07:08:39 +0000 UTC  } {Ready True 0001-01-01 00:00:00 +0000 UTC 2018-09-17 07:08:54 +0000 UTC  } {ContainersReady True 0001-01-01 00:00:00 +0000 UTC 0001-01-01 00:00:00 +0000 UTC  } {PodScheduled True 0001-01-01 00:00:00 +0000 UTC 2018-09-17 07:08:28 +0000 UTC  }]&#xA;Sep 19 08:07:19.493: INFO: nvidia-device-plugin-9h2k4                                       10.46.6.170  Running           [{Initialized True 0001-01-01 00:00:00 +0000 UTC 2018-09-17 07:07:23 +0000 UTC  } {Ready True 0001-01-01 00:00:00 +0000 UTC 2018-09-17 07:07:24 +0000 UTC  } {ContainersReady True 0001-01-01 00:00:00 +0000 UTC 0001-01-01 00:00:00 +0000 UTC  } {PodScheduled True 0001-01-01 00:00:00 +0000 UTC 2018-09-17 07:07:17 +0000 UTC  }]&#xA;Sep 19 08:07:19.493: INFO: nvidia-device-plugin-nh54k                                       10.46.6.173  Running           [{Initialized True 0001-01-01 00:00:00 +0000 UTC 2018-09-17 07:07:29 +0000 UTC  } {Ready True 0001-01-01 00:00:00 +0000 UTC 2018-09-17 07:07:33 +0000 UTC  } {ContainersReady True 0001-01-01 00:00:00 +0000 UTC 0001-01-01 00:00:00 +0000 UTC  } {PodScheduled True 0001-01-01 00:00:00 +0000 UTC 2018-09-17 07:07:17 +0000 UTC  }]&#xA;Sep 19 08:07:19.493: INFO: nvidia-device-plugin-vh85n                                       10.46.6.171  Running           [{Initialized True 0001-01-01 00:00:00 +0000 UTC 2018-09-17 07:07:21 +0000 UTC  } {Ready True 0001-01-01 00:00:00 +0000 UTC 2018-09-17 07:07:23 +0000 UTC  } {ContainersReady True 0001-01-01 00:00:00 +0000 UTC 0001-01-01 00:00:00 +0000 UTC  } {PodScheduled True 0001-01-01 00:00:00 +0000 UTC 2018-09-17 07:07:17 +0000 UTC  }]&#xA;Sep 19 08:07:19.493: INFO: nvidia-device-plugin-w9jr8                                       10.46.6.172  Running           [{Initialized True 0001-01-01 00:00:00 +0000 UTC 2018-09-17 07:07:24 +0000 UTC  } {Ready True 0001-01-01 00:00:00 +0000 UTC 2018-09-17 07:07:26 +0000 UTC  } {ContainersReady True 0001-01-01 00:00:00 +0000 UTC 0001-01-01 00:00:00 +0000 UTC  } {PodScheduled True 0001-01-01 00:00:00 +0000 UTC 2018-09-17 07:07:17 +0000 UTC  }]&#xA;Sep 19 08:07:19.493: INFO: oidc-client-registration-szxrk                                   10.46.6.173  Succeeded         [{Initialized True 0001-01-01 00:00:00 +0000 UTC 2018-09-17 07:10:05 +0000 UTC PodCompleted } {Ready False 0001-01-01 00:00:00 +0000 UTC 2018-09-17 07:12:27 +0000 UTC PodCompleted } {ContainersReady False 0001-01-01 00:00:00 +0000 UTC 0001-01-01 00:00:00 +0000 UTC PodCompleted } {PodScheduled True 0001-01-01 00:00:00 +0000 UTC 2018-09-17 07:10:04 +0000 UTC  }]&#xA;Sep 19 08:07:19.493: INFO: platform-api-2fs4x                                               10.46.6.173  Running           [{Initialized True 0001-01-01 00:00:00 +0000 UTC 2018-09-17 07:08:45 +0000 UTC  } {Ready True 0001-01-01 00:00:00 +0000 UTC 2018-09-17 07:16:29 +0000 UTC  } {ContainersReady True 0001-01-01 00:00:00 +0000 UTC 0001-01-01 00:00:00 +0000 UTC  } {PodScheduled True 0001-01-01 00:00:00 +0000 UTC 2018-09-17 07:08:45 +0000 UTC  }]&#xA;Sep 19 08:07:19.493: INFO: platform-deploy-dbbks                                            10.46.6.173  Running           [{Initialized True 0001-01-01 00:00:00 +0000 UTC 2018-09-17 07:08:45 +0000 UTC  } {Ready True 0001-01-01 00:00:00 +0000 UTC 2018-09-17 07:08:57 +0000 UTC  } {ContainersReady True 0001-01-01 00:00:00 +0000 UTC 0001-01-01 00:00:00 +0000 UTC  } {PodScheduled True 0001-01-01 00:00:00 +0000 UTC 2018-09-17 07:08:45 +0000 UTC  }]&#xA;Sep 19 08:07:19.493: INFO: platform-ui-6fjgx                                                10.46.6.173  Running           [{Initialized True 0001-01-01 00:00:00 +0000 UTC 2018-09-17 07:14:34 +0000 UTC  } {Ready True 0001-01-01 00:00:00 +0000 UTC 2018-09-17 07:15:20 +0000 UTC  } {ContainersReady True 0001-01-01 00:00:00 +0000 UTC 0001-01-01 00:00:00 +0000 UTC  } {PodScheduled True 0001-01-01 00:00:00 +0000 UTC 2018-09-17 07:14:34 +0000 UTC  }]&#xA;Sep 19 08:07:19.493: INFO: secret-watcher-5f59fcbc69-pfnfk                                  10.46.6.173  Running           [{Initialized True 0001-01-01 00:00:00 +0000 UTC 2018-09-17 07:18:05 +0000 UTC  } {Ready True 0001-01-01 00:00:00 +0000 UTC 2018-09-17 07:18:30 +0000 UTC  } {ContainersReady True 0001-01-01 00:00:00 +0000 UTC 0001-01-01 00:00:00 +0000 UTC  } {PodScheduled True 0001-01-01 00:00:00 +0000 UTC 2018-09-17 07:18:04 +0000 UTC  }]&#xA;Sep 19 08:07:19.493: INFO: security-onboarding-tkf79                                        10.46.6.173  Succeeded         [{Initialized True 0001-01-01 00:00:00 +0000 UTC 2018-09-17 07:18:12 +0000 UTC PodCompleted } {Ready False 0001-01-01 00:00:00 +0000 UTC 2018-09-17 07:20:02 +0000 UTC PodCompleted } {ContainersReady False 0001-01-01 00:00:00 +0000 UTC 0001-01-01 00:00:00 +0000 UTC PodCompleted } {PodScheduled True 0001-01-01 00:00:00 +0000 UTC 2018-09-17 07:18:12 +0000 UTC  }]&#xA;Sep 19 08:07:19.493: INFO: service-catalog-apiserver-967x9                                  10.46.6.173  Running           [{Initialized True 0001-01-01 00:00:00 +0000 UTC 2018-09-17 07:08:20 +0000 UTC  } {Ready True 0001-01-01 00:00:00 +0000 UTC 2018-09-17 07:09:01 +0000 UTC  } {ContainersReady True 0001-01-01 00:00:00 +0000 UTC 0001-01-01 00:00:00 +0000 UTC  } {PodScheduled True 0001-01-01 00:00:00 +0000 UTC 2018-09-17 07:08:20 +0000 UTC  }]&#xA;Sep 19 08:07:19.493: INFO: service-catalog-controller-manager-5969cccf86-65phs              10.46.6.173  Running           [{Initialized True 0001-01-01 00:00:00 +0000 UTC 2018-09-17 07:08:21 +0000 UTC  } {Ready True 0001-01-01 00:00:00 +0000 UTC 2018-09-17 07:08:34 +0000 UTC  } {ContainersReady True 0001-01-01 00:00:00 +0000 UTC 0001-01-01 00:00:00 +0000 UTC  } {PodScheduled True 0001-01-01 00:00:00 +0000 UTC 2018-09-17 07:08:20 +0000 UTC  }]&#xA;Sep 19 08:07:19.493: INFO: tiller-deploy-6b58875cb-5l8kh                                    10.46.6.173  Running           [{Initialized True 0001-01-01 00:00:00 +0000 UTC 2018-09-17 07:05:28 +0000 UTC  } {Ready True 0001-01-01 00:00:00 +0000 UTC 2018-09-17 07:05:43 +0000 UTC  } {ContainersReady True 0001-01-01 00:00:00 +0000 UTC 0001-01-01 00:00:00 +0000 UTC  } {PodScheduled True 0001-01-01 00:00:00 +0000 UTC 2018-09-17 07:05:28 +0000 UTC  }]&#xA;Sep 19 08:07:19.493: INFO: unified-router-lkwnl                                             10.46.6.173  Running           [{Initialized True 0001-01-01 00:00:00 +0000 UTC 2018-09-17 07:15:31 +0000 UTC  } {Ready True 0001-01-01 00:00:00 +0000 UTC 2018-09-17 07:15:40 +0000 UTC  } {ContainersReady True 0001-01-01 00:00:00 +0000 UTC 0001-01-01 00:00:00 +0000 UTC  } {PodScheduled True 0001-01-01 00:00:00 +0000 UTC 2018-09-17 07:15:31 +0000 UTC  }]&#xA;Sep 19 08:07:19.493: INFO: vulnerability-advisor-compliance-annotator-d5659b9d9-kmn8q       10.46.6.172  Running           [{Initialized True 0001-01-01 00:00:00 +0000 UTC 2018-09-17 07:19:03 +0000 UTC  } {Ready True 0001-01-01 00:00:00 +0000 UTC 2018-09-17 07:21:08 +0000 UTC  } {ContainersReady True 0001-01-01 00:00:00 +0000 UTC 0001-01-01 00:00:00 +0000 UTC  } {PodScheduled True 0001-01-01 00:00:00 +0000 UTC 2018-09-17 07:19:03 +0000 UTC  }]&#xA;Sep 19 08:07:19.493: INFO: vulnerability-advisor-compliance-indexer-7cbdc64b57-47lmd        10.46.6.172  Running           [{Initialized True 0001-01-01 00:00:00 +0000 UTC 2018-09-17 07:19:07 +0000 UTC  } {Ready True 0001-01-01 00:00:00 +0000 UTC 2018-09-17 07:19:33 +0000 UTC  } {ContainersReady True 0001-01-01 00:00:00 +0000 UTC 0001-01-01 00:00:00 +0000 UTC  } {PodScheduled True 0001-01-01 00:00:00 +0000 UTC 2018-09-17 07:19:06 +0000 UTC  }]&#xA;Sep 19 08:07:19.493: INFO: vulnerability-advisor-config-parser-5d44b78fd5-z4k9t             10.46.6.172  Running           [{Initialized True 0001-01-01 00:00:00 +0000 UTC 2018-09-17 07:19:04 +0000 UTC  } {Ready True 0001-01-01 00:00:00 +0000 UTC 2018-09-17 07:21:09 +0000 UTC  } {ContainersReady True 0001-01-01 00:00:00 +0000 UTC 0001-01-01 00:00:00 +0000 UTC  } {PodScheduled True 0001-01-01 00:00:00 +0000 UTC 2018-09-17 07:19:03 +0000 UTC  }]&#xA;Sep 19 08:07:19.493: INFO: vulnerability-advisor-cos-indexer-57899b7dd6-7cpf8               10.46.6.172  Running           [{Initialized True 0001-01-01 00:00:00 +0000 UTC 2018-09-17 07:19:04 +0000 UTC  } {Ready True 0001-01-01 00:00:00 +0000 UTC 2018-09-19 07:20:04 +0000 UTC  } {ContainersReady True 0001-01-01 00:00:00 +0000 UTC 0001-01-01 00:00:00 +0000 UTC  } {PodScheduled True 0001-01-01 00:00:00 +0000 UTC 2018-09-17 07:19:04 +0000 UTC  }]&#xA;Sep 19 08:07:19.493: INFO: vulnerability-advisor-kafka-0                                    10.46.6.172  Running           [{Initialized True 0001-01-01 00:00:00 +0000 UTC 2018-09-17 07:19:13 +0000 UTC  } {Ready True 0001-01-01 00:00:00 +0000 UTC 2018-09-17 07:20:53 +0000 UTC  } {ContainersReady True 0001-01-01 00:00:00 +0000 UTC 0001-01-01 00:00:00 +0000 UTC  } {PodScheduled True 0001-01-01 00:00:00 +0000 UTC 2018-09-17 07:19:13 +0000 UTC  }]&#xA;Sep 19 08:07:19.493: INFO: vulnerability-advisor-live-crawler-84st2                         10.46.6.172  Running           [{Initialized True 0001-01-01 00:00:00 +0000 UTC 2018-09-17 07:19:03 +0000 UTC  } {Ready True 0001-01-01 00:00:00 +0000 UTC 2018-09-17 07:19:26 +0000 UTC  } {ContainersReady True 0001-01-01 00:00:00 +0000 UTC 0001-01-01 00:00:00 +0000 UTC  } {PodScheduled True 0001-01-01 00:00:00 +0000 UTC 2018-09-17 07:19:03 +0000 UTC  }]&#xA;Sep 19 08:07:19.493: INFO: vulnerability-advisor-live-crawler-ccxd7                         10.46.6.170  Running           [{Initialized True 0001-01-01 00:00:00 +0000 UTC 2018-09-17 07:19:03 +0000 UTC  } {Ready True 0001-01-01 00:00:00 +0000 UTC 2018-09-17 07:19:14 +0000 UTC  } {ContainersReady True 0001-01-01 00:00:00 +0000 UTC 0001-01-01 00:00:00 +0000 UTC  } {PodScheduled True 0001-01-01 00:00:00 +0000 UTC 2018-09-17 07:19:03 +0000 UTC  }]&#xA;Sep 19 08:07:19.493: INFO: vulnerability-advisor-live-crawler-p6khc                         10.46.6.173  Running           [{Initialized True 0001-01-01 00:00:00 +0000 UTC 2018-09-17 07:19:02 +0000 UTC  } {Ready True 0001-01-01 00:00:00 +0000 UTC 2018-09-17 07:19:22 +0000 UTC  } {ContainersReady True 0001-01-01 00:00:00 +0000 UTC 0001-01-01 00:00:00 +0000 UTC  } {PodScheduled True 0001-01-01 00:00:00 +0000 UTC 2018-09-17 07:19:02 +0000 UTC  }]&#xA;Sep 19 08:07:19.493: INFO: vulnerability-advisor-live-crawler-xxz8p                         10.46.6.171  Running           [{Initialized True 0001-01-01 00:00:00 +0000 UTC 2018-09-17 07:19:03 +0000 UTC  } {Ready True 0001-01-01 00:00:00 +0000 UTC 2018-09-17 07:19:18 +0000 UTC  } {ContainersReady True 0001-01-01 00:00:00 +0000 UTC 0001-01-01 00:00:00 +0000 UTC  } {PodScheduled True 0001-01-01 00:00:00 +0000 UTC 2018-09-17 07:19:03 +0000 UTC  }]&#xA;Sep 19 08:07:19.493: INFO: vulnerability-advisor-ma-file-annotator-6b95df8886-jtczz         10.46.6.172  Running           [{Initialized True 0001-01-01 00:00:00 +0000 UTC 2018-09-17 07:19:04 +0000 UTC  } {Ready True 0001-01-01 00:00:00 +0000 UTC 2018-09-17 07:23:32 +0000 UTC  } {ContainersReady True 0001-01-01 00:00:00 +0000 UTC 0001-01-01 00:00:00 +0000 UTC  } {PodScheduled True 0001-01-01 00:00:00 +0000 UTC 2018-09-17 07:19:04 +0000 UTC  }]&#xA;Sep 19 08:07:19.494: INFO: vulnerability-advisor-minio-0                                    10.46.6.172  Running           [{Initialized True 0001-01-01 00:00:00 +0000 UTC 2018-09-17 07:21:51 +0000 UTC  } {Ready True 0001-01-01 00:00:00 +0000 UTC 2018-09-17 07:21:54 +0000 UTC  } {ContainersReady True 0001-01-01 00:00:00 +0000 UTC 0001-01-01 00:00:00 +0000 UTC  } {PodScheduled True 0001-01-01 00:00:00 +0000 UTC 2018-09-17 07:19:15 +0000 UTC  }]&#xA;Sep 19 08:07:19.494: INFO: vulnerability-advisor-minio-cleaner-1537228740-55f4w             10.46.6.172  Succeeded         [{Initialized True 0001-01-01 00:00:00 +0000 UTC 2018-09-17 23:59:03 +0000 UTC PodCompleted } {Ready False 0001-01-01 00:00:00 +0000 UTC 2018-09-17 23:59:42 +0000 UTC PodCompleted } {ContainersReady False 0001-01-01 00:00:00 +0000 UTC 0001-01-01 00:00:00 +0000 UTC PodCompleted } {PodScheduled True 0001-01-01 00:00:00 +0000 UTC 2018-09-17 23:59:03 +0000 UTC  }]&#xA;Sep 19 08:07:19.494: INFO: vulnerability-advisor-minio-cleaner-1537315140-nqk7v             10.46.6.172  Succeeded         [{Initialized True 0001-01-01 00:00:00 +0000 UTC 2018-09-18 23:59:04 +0000 UTC PodCompleted } {Ready False 0001-01-01 00:00:00 +0000 UTC 2018-09-19 00:00:52 +0000 UTC PodCompleted } {ContainersReady False 0001-01-01 00:00:00 +0000 UTC 0001-01-01 00:00:00 +0000 UTC PodCompleted } {PodScheduled True 0001-01-01 00:00:00 +0000 UTC 2018-09-18 23:59:04 +0000 UTC  }]&#xA;Sep 19 08:07:19.494: INFO: vulnerability-advisor-notification-dispatcher-86f8bf4b4d-cfdzb   10.46.6.172  Running           [{Initialized True 0001-01-01 00:00:00 +0000 UTC 2018-09-17 07:19:04 +0000 UTC  } {Ready True 0001-01-01 00:00:00 +0000 UTC 2018-09-17 07:20:31 +0000 UTC  } {ContainersReady True 0001-01-01 00:00:00 +0000 UTC 0001-01-01 00:00:00 +0000 UTC  } {PodScheduled True 0001-01-01 00:00:00 +0000 UTC 2018-09-17 07:19:04 +0000 UTC  }]&#xA;Sep 19 08:07:19.494: INFO: vulnerability-advisor-password-annotator-79b5d794b5-wnwqn        10.46.6.172  Running           [{Initialized True 0001-01-01 00:00:00 +0000 UTC 2018-09-17 07:19:05 +0000 UTC  } {Ready True 0001-01-01 00:00:00 +0000 UTC 2018-09-17 07:20:29 +0000 UTC  } {ContainersReady True 0001-01-01 00:00:00 +0000 UTC 0001-01-01 00:00:00 +0000 UTC  } {PodScheduled True 0001-01-01 00:00:00 +0000 UTC 2018-09-17 07:19:04 +0000 UTC  }]&#xA;Sep 19 08:07:19.494: INFO: vulnerability-advisor-process-ma-annotator-58f47d5b5f-4wglg      10.46.6.172  Running           [{Initialized True 0001-01-01 00:00:00 +0000 UTC 2018-09-17 07:19:06 +0000 UTC  } {Ready True 0001-01-01 00:00:00 +0000 UTC 2018-09-17 07:20:56 +0000 UTC  } {ContainersReady True 0001-01-01 00:00:00 +0000 UTC 0001-01-01 00:00:00 +0000 UTC  } {PodScheduled True 0001-01-01 00:00:00 +0000 UTC 2018-09-17 07:19:05 +0000 UTC  }]&#xA;Sep 19 08:07:19.494: INFO: vulnerability-advisor-process-ma-annotator-58f47d5b5f-xbxrc      10.46.6.172  Running           [{Initialized True 0001-01-01 00:00:00 +0000 UTC 2018-09-17 07:19:06 +0000 UTC  } {Ready True 0001-01-01 00:00:00 +0000 UTC 2018-09-17 07:21:50 +0000 UTC  } {ContainersReady True 0001-01-01 00:00:00 +0000 UTC 0001-01-01 00:00:00 +0000 UTC  } {PodScheduled True 0001-01-01 00:00:00 +0000 UTC 2018-09-17 07:19:05 +0000 UTC  }]&#xA;Sep 19 08:07:19.494: INFO: vulnerability-advisor-process-ma-annotator-init-869545d547nn27w  10.46.6.172  Running           [{Initialized True 0001-01-01 00:00:00 +0000 UTC 2018-09-17 07:19:06 +0000 UTC  } {Ready True 0001-01-01 00:00:00 +0000 UTC 2018-09-17 07:19:42 +0000 UTC  } {ContainersReady True 0001-01-01 00:00:00 +0000 UTC 0001-01-01 00:00:00 +0000 UTC  } {PodScheduled True 0001-01-01 00:00:00 +0000 UTC 2018-09-17 07:19:05 +0000 UTC  }]&#xA;Sep 19 08:07:19.494: INFO: vulnerability-advisor-process-ma-crawler-24z6k                   10.46.6.172  Running           [{Initialized True 0001-01-01 00:00:00 +0000 UTC 2018-09-17 07:19:03 +0000 UTC  } {Ready True 0001-01-01 00:00:00 +0000 UTC 2018-09-17 07:19:32 +0000 UTC  } {ContainersReady True 0001-01-01 00:00:00 +0000 UTC 0001-01-01 00:00:00 +0000 UTC  } {PodScheduled True 0001-01-01 00:00:00 +0000 UTC 2018-09-17 07:19:03 +0000 UTC  }]&#xA;Sep 19 08:07:19.494: INFO: vulnerability-advisor-process-ma-crawler-5g4zk                   10.46.6.170  Running           [{Initialized True 0001-01-01 00:00:00 +0000 UTC 2018-09-17 07:19:03 +0000 UTC  } {Ready True 0001-01-01 00:00:00 +0000 UTC 2018-09-17 07:19:16 +0000 UTC  } {ContainersReady True 0001-01-01 00:00:00 +0000 UTC 0001-01-01 00:00:00 +0000 UTC  } {PodScheduled True 0001-01-01 00:00:00 +0000 UTC 2018-09-17 07:19:03 +0000 UTC  }]&#xA;Sep 19 08:07:19.494: INFO: vulnerability-advisor-process-ma-crawler-96728                   10.46.6.173  Running           [{Initialized True 0001-01-01 00:00:00 +0000 UTC 2018-09-17 07:19:03 +0000 UTC  } {Ready True 0001-01-01 00:00:00 +0000 UTC 2018-09-17 07:19:23 +0000 UTC  } {ContainersReady True 0001-01-01 00:00:00 +0000 UTC 0001-01-01 00:00:00 +0000 UTC  } {PodScheduled True 0001-01-01 00:00:00 +0000 UTC 2018-09-17 07:19:03 +0000 UTC  }]&#xA;Sep 19 08:07:19.494: INFO: vulnerability-advisor-process-ma-crawler-b7k2d                   10.46.6.171  Running           [{Initialized True 0001-01-01 00:00:00 +0000 UTC 2018-09-17 07:19:03 +0000 UTC  } {Ready True 0001-01-01 00:00:00 +0000 UTC 2018-09-17 07:19:13 +0000 UTC  } {ContainersReady True 0001-01-01 00:00:00 +0000 UTC 0001-01-01 00:00:00 +0000 UTC  } {PodScheduled True 0001-01-01 00:00:00 +0000 UTC 2018-09-17 07:19:03 +0000 UTC  }]&#xA;Sep 19 08:07:19.494: INFO: vulnerability-advisor-registry-crawler-6f9568677b-bfpm6          10.46.6.172  Running           [{Initialized True 0001-01-01 00:00:00 +0000 UTC 2018-09-17 07:19:08 +0000 UTC  } {Ready True 0001-01-01 00:00:00 +0000 UTC 2018-09-17 07:19:48 +0000 UTC  } {ContainersReady True 0001-01-01 00:00:00 +0000 UTC 0001-01-01 00:00:00 +0000 UTC  } {PodScheduled True 0001-01-01 00:00:00 +0000 UTC 2018-09-17 07:19:07 +0000 UTC  }]&#xA;Sep 19 08:07:19.494: INFO: vulnerability-advisor-rootkit-annotator-74cb65b5cf-2dk5j         10.46.6.172  Running           [{Initialized True 0001-01-01 00:00:00 +0000 UTC 2018-09-17 07:19:08 +0000 UTC  } {Ready True 0001-01-01 00:00:00 +0000 UTC 2018-09-17 07:20:26 +0000 UTC  } {ContainersReady True 0001-01-01 00:00:00 +0000 UTC 0001-01-01 00:00:00 +0000 UTC  } {PodScheduled True 0001-01-01 00:00:00 +0000 UTC 2018-09-17 07:19:07 +0000 UTC  }]&#xA;Sep 19 08:07:19.494: INFO: vulnerability-advisor-rootkit-indexer-cd8b4646b-xlhwq            10.46.6.172  Running           [{Initialized True 0001-01-01 00:00:00 +0000 UTC 2018-09-17 07:19:07 +0000 UTC  } {Ready True 0001-01-01 00:00:00 +0000 UTC 2018-09-17 07:19:26 +0000 UTC  } {ContainersReady True 0001-01-01 00:00:00 +0000 UTC 0001-01-01 00:00:00 +0000 UTC  } {PodScheduled True 0001-01-01 00:00:00 +0000 UTC 2018-09-17 07:19:06 +0000 UTC  }]&#xA;Sep 19 08:07:19.494: INFO: vulnerability-advisor-sas-apiserver-5fd8d44bc9-7bvkn             10.46.6.172  Running           [{Initialized True 0001-01-01 00:00:00 +0000 UTC 2018-09-17 07:19:09 +0000 UTC  } {Ready True 0001-01-01 00:00:00 +0000 UTC 2018-09-17 07:20:03 +0000 UTC  } {ContainersReady True 0001-01-01 00:00:00 +0000 UTC 0001-01-01 00:00:00 +0000 UTC  } {PodScheduled True 0001-01-01 00:00:00 +0000 UTC 2018-09-17 07:19:08 +0000 UTC  }]&#xA;Sep 19 08:07:19.494: INFO: vulnerability-advisor-sas-mgmt-64fb95bc44-j9vjc                  10.46.6.172  Running           [{Initialized True 0001-01-01 00:00:00 +0000 UTC 2018-09-17 07:19:08 +0000 UTC  } {Ready True 0001-01-01 00:00:00 +0000 UTC 2018-09-17 07:19:39 +0000 UTC  } {ContainersReady True 0001-01-01 00:00:00 +0000 UTC 0001-01-01 00:00:00 +0000 UTC  } {PodScheduled True 0001-01-01 00:00:00 +0000 UTC 2018-09-17 07:19:08 +0000 UTC  }]&#xA;Sep 19 08:07:19.494: INFO: vulnerability-advisor-secconfig-annotator-7dbcf5d9f4-fkmkb       10.46.6.172  Running           [{Initialized True 0001-01-01 00:00:00 +0000 UTC 2018-09-17 07:19:10 +0000 UTC  } {Ready True 0001-01-01 00:00:00 +0000 UTC 2018-09-17 07:19:45 +0000 UTC  } {ContainersReady True 0001-01-01 00:00:00 +0000 UTC 0001-01-01 00:00:00 +0000 UTC  } {PodScheduled True 0001-01-01 00:00:00 +0000 UTC 2018-09-17 07:19:08 +0000 UTC  }]&#xA;Sep 19 08:07:19.494: INFO: vulnerability-advisor-secconfig-indexer-674647df7c-qq5ff         10.46.6.172  Running           [{Initialized True 0001-01-01 00:00:00 +0000 UTC 2018-09-17 07:19:07 +0000 UTC  } {Ready True 0001-01-01 00:00:00 +0000 UTC 2018-09-17 07:19:33 +0000 UTC  } {ContainersReady True 0001-01-01 00:00:00 +0000 UTC 0001-01-01 00:00:00 +0000 UTC  } {PodScheduled True 0001-01-01 00:00:00 +0000 UTC 2018-09-17 07:19:06 +0000 UTC  }]&#xA;Sep 19 08:07:19.494: INFO: vulnerability-advisor-statsd-7746859df4-jjm6f                    10.46.6.172  Running           [{Initialized True 0001-01-01 00:00:00 +0000 UTC 2018-09-17 07:19:10 +0000 UTC  } {Ready True 0001-01-01 00:00:00 +0000 UTC 2018-09-17 07:19:38 +0000 UTC  } {ContainersReady True 0001-01-01 00:00:00 +0000 UTC 0001-01-01 00:00:00 +0000 UTC  } {PodScheduled True 0001-01-01 00:00:00 +0000 UTC 2018-09-17 07:19:09 +0000 UTC  }]&#xA;Sep 19 08:07:19.494: INFO: vulnerability-advisor-usncrawler-8h976                           10.46.6.172  Succeeded         [{Initialized True 0001-01-01 00:00:00 +0000 UTC 2018-09-17 07:19:11 +0000 UTC PodCompleted } {Ready False 0001-01-01 00:00:00 +0000 UTC 2018-09-17 07:24:06 +0000 UTC PodCompleted } {ContainersReady False 0001-01-01 00:00:00 +0000 UTC 0001-01-01 00:00:00 +0000 UTC PodCompleted } {PodScheduled True 0001-01-01 00:00:00 +0000 UTC 2018-09-17 07:19:11 +0000 UTC  }]&#xA;Sep 19 08:07:19.494: INFO: vulnerability-advisor-vulnerability-annotator-bcbf5595f-hxwst    10.46.6.172  Running           [{Initialized True 0001-01-01 00:00:00 +0000 UTC 2018-09-17 07:19:10 +0000 UTC  } {Ready True 0001-01-01 00:00:00 +0000 UTC 2018-09-17 07:20:29 +0000 UTC  } {ContainersReady True 0001-01-01 00:00:00 +0000 UTC 0001-01-01 00:00:00 +0000 UTC  } {PodScheduled True 0001-01-01 00:00:00 +0000 UTC 2018-09-17 07:19:09 +0000 UTC  }]&#xA;Sep 19 08:07:19.494: INFO: vulnerability-advisor-vulnerability-indexer-7c79b4c964-2n8cg     10.46.6.172  Running           [{Initialized True 0001-01-01 00:00:00 +0000 UTC 2018-09-17 07:19:07 +0000 UTC  } {Ready True 0001-01-01 00:00:00 +0000 UTC 2018-09-17 07:19:37 +0000 UTC  } {ContainersReady True 0001-01-01 00:00:00 +0000 UTC 0001-01-01 00:00:00 +0000 UTC  } {PodScheduled True 0001-01-01 00:00:00 +0000 UTC 2018-09-17 07:19:06 +0000 UTC  }]&#xA;Sep 19 08:07:19.494: INFO: vulnerability-advisor-zookeeper-0                                10.46.6.172  Running           [{Initialized True 0001-01-01 00:00:00 +0000 UTC 2018-09-17 07:19:15 +0000 UTC  } {Ready True 0001-01-01 00:00:00 +0000 UTC 2018-09-17 07:20:10 +0000 UTC  } {ContainersReady True 0001-01-01 00:00:00 +0000 UTC 0001-01-01 00:00:00 +0000 UTC  } {PodScheduled True 0001-01-01 00:00:00 +0000 UTC 2018-09-17 07:19:14 +0000 UTC  }]&#xA;Sep 19 08:07:19.494: INFO: &#xA;Sep 19 08:07:19.523: INFO: &#xA;Logging node info for node 10.46.6.170&#xA;Sep 19 08:07:19.558: INFO: Node Info: &amp;Node{ObjectMeta:k8s_io_apimachinery_pkg_apis_meta_v1.ObjectMeta{Name:10.46.6.170,GenerateName:,Namespace:,SelfLink:/api/v1/nodes/10.46.6.170,UID:0c4508eb-ba48-11e8-b20e-fa163e707b2e,ResourceVersion:464299,Generation:0,CreationTimestamp:2018-09-17 07:05:24 +0000 UTC,DeletionTimestamp:&lt;nil&gt;,DeletionGracePeriodSeconds:nil,Labels:map[string]string{beta.kubernetes.io/arch: amd64,beta.kubernetes.io/os: linux,kubernetes.io/hostname: 10.46.6.170,node-role.kubernetes.io/worker: true,},Annotations:map[string]string{node.alpha.kubernetes.io/ttl: 0,volumes.kubernetes.io/controller-managed-attach-detach: true,},OwnerReferences:[],Finalizers:[],ClusterName:,Initializers:nil,},Spec:NodeSpec{PodCIDR:,DoNotUse_ExternalID:,ProviderID:,Unschedulable:false,Taints:[],ConfigSource:nil,},Status:NodeStatus{Capacity:ResourceList{cpu: {{8 0} {&lt;nil&gt;} 8 DecimalSI},ephemeral-storage: {{107362627584 0} {&lt;nil&gt;} 104846316Ki BinarySI},hugepages-1Gi: {{0 0} {&lt;nil&gt;} 0 DecimalSI},hugepages-2Mi: {{0 0} {&lt;nil&gt;} 0 DecimalSI},memory: {{16825630720 0} {&lt;nil&gt;}  BinarySI},pods: {{80 0} {&lt;nil&gt;} 80 DecimalSI},},Allocatable:ResourceList{cpu: {{8 0} {&lt;nil&gt;} 8 DecimalSI},ephemeral-storage: {{96626364666 0} {&lt;nil&gt;} 96626364666 DecimalSI},hugepages-1Gi: {{0 0} {&lt;nil&gt;} 0 DecimalSI},hugepages-2Mi: {{0 0} {&lt;nil&gt;} 0 DecimalSI},memory: {{16720773120 0} {&lt;nil&gt;}  BinarySI},pods: {{80 0} {&lt;nil&gt;} 80 DecimalSI},},Phase:,Conditions:[{OutOfDisk False 2018-09-19 08:07:14 +0000 UTC 2018-09-17 07:05:24 +0000 UTC KubeletHasSufficientDisk kubelet has sufficient disk space available} {MemoryPressure False 2018-09-19 08:07:14 +0000 UTC 2018-09-17 07:05:24 +0000 UTC KubeletHasSufficientMemory kubelet has sufficient memory available} {DiskPressure False 2018-09-19 08:07:14 +0000 UTC 2018-09-17 07:05:24 +0000 UTC KubeletHasNoDiskPressure kubelet has no disk pressure} {PIDPressure False 2018-09-19 08:07:14 +0000 UTC 2018-09-17 07:05:24 +0000 UTC KubeletHasSufficientPID kubelet has sufficient PID available} {Ready True 2018-09-19 08:07:14 +0000 UTC 2018-09-17 07:06:04 +0000 UTC KubeletReady kubelet is posting ready status}],Addresses:[{InternalIP 10.46.6.170} {Hostname 10.46.6.170}],DaemonEndpoints:NodeDaemonEndpoints{KubeletEndpoint:DaemonEndpoint{Port:10250,},},NodeInfo:NodeSystemInfo{MachineID:52ca0d2c3fb341c79b059a96d10571a6,SystemUUID:B2A91A2D-0576-4E7B-AEBA-AE95FFDDF786,BootID:ae0d54c3-4892-49fd-b5c7-ca2077060a4b,KernelVersion:3.10.0-862.9.1.el7.x86_64,OSImage:Red Hat Enterprise Linux,ContainerRuntimeVersion:docker://18.3.1,KubeletVersion:v1.11.1+icp-ee,KubeProxyVersion:v1.11.1+icp-ee,OperatingSystem:linux,Architecture:amd64,},Images:[{[lzj.icp:8500/ibmcom/live-crawler@sha256:1a648615e7b439f093697f65350262823e6c711c4b21ea81596ced1c28a48133 lzj.icp:8500/ibmcom/live-crawler:1.3.1] 987515538} {[lzj.icp:8500/ibmcom/hyperkube@sha256:9fbddbf2d04354912c8a981395493d250474cb9fa587fa91119e69467078b180 lzj.icp:8500/ibmcom/hyperkube:v1.11.1-ee] 782626408} {[gcr.io/heptio-images/kube-conformance@sha256:5482c7f5f7b874c5c6caec6ddef5406f19a52a2c3a36897cadf0a8f78ab57982 gcr.io/heptio-images/kube-conformance:latest] 532182058} {[open-liberty@sha256:e962af00796d50687a4ac71d5e8ab046696c314b4a84617b0d216b671519df31 open-liberty:latest] 500884023} {[lzj.icp:8500/ibmcom/icp-filebeat@sha256:72669dde64d7ab85bbb9e93428efe548b2693a4eae5168a4705f6e30cd20e584 lzj.icp:8500/ibmcom/icp-filebeat:5.5.1] 317104874} {[lzj.icp:8500/ibmcom/fluentd@sha256:f85a5ffd86438f1a73d04caf6e33ef3474675d9fa0947431f4d0a9602fc981af lzj.icp:8500/ibmcom/fluentd:v1.2.2-icp] 270902701} {[lzj.icp:8500/ibmcom/calico-node@sha256:85a23d8030137d49663d3d82844a61998331606de9fc523dfdd0a75be7fb9828 lzj.icp:8500/ibmcom/calico-node:v3.1.3] 248202699} {[gcr.io/kubernetes-e2e-test-images/jessie-dnsutils-amd64@sha256:9e842e2f77073ec30e2349f9082ec35357a3bf61e12488adc677144295e68c38 gcr.io/kubernetes-e2e-test-images/jessie-dnsutils-amd64:1.0] 195659796} {[lzj.icp:8500/ibmcom/nvidia-device-plugin@sha256:2d57caa41994d1e0b3d952526a651f8da487e068874d1075f915fa48ad969ba6 lzj.icp:8500/ibmcom/nvidia-device-plugin:1.0] 132413452} {[lzj.icp:8500/ibmcom/metering-data-manager@sha256:97803f4458c6f6ca62076cf6958cb8ab98cf9ffed7cd4977550eeaa6db8ead70 lzj.icp:8500/ibmcom/metering-data-manager:3.1.0] 121942877} {[lzj.icp:8500/ibmcom/icp-management-ingress@sha256:259a9d288f5ee4f169c618b6d870b5ae38b954a3bf69f3f392523b1aaa9f4001 lzj.icp:8500/ibmcom/icp-management-ingress:2.2.1] 80410712} {[lzj.icp:8500/ibmcom/calico-cni@sha256:b56c2d3e62bd02f15dd5ec335c25ac81bb39d214e904525227640790686855d7 lzj.icp:8500/ibmcom/calico-cni:v3.1.3] 68849270} {[gcr.io/heptio-images/sonobuoy@sha256:165df6f635ddd0088ed6686e07ffb47f8dd17fdba153f61dbec9aa80c0d2e0b8 gcr.io/heptio-images/sonobuoy:latest gcr.io/heptio-images/sonobuoy:v0.11.6] 33401240} {[gcr.io/kubernetes-e2e-test-images/nettest-amd64@sha256:f2d3eba3ae2043c51389935be4bf41b2b0e60fd7220b9ba9cbc51eceaa74b2b4 gcr.io/kubernetes-e2e-test-images/nettest-amd64:1.0] 27413498} {[lzj.icp:8500/ibmcom/node-exporter@sha256:b24db452b1a0bf46abba095162d0fbc89ea40eeabbfe43ae01dab54107ecff0e lzj.icp:8500/ibmcom/node-exporter:v0.16.0] 22915749} {[gcr.io/kubernetes-e2e-test-images/dnsutils-amd64@sha256:f8eca5c0c2e18b7ee6df876e5587c5885d13c59cb453d93bf51628daf656e4b5 gcr.io/kubernetes-e2e-test-images/dnsutils-amd64:1.0] 9030162} {[gcr.io/kubernetes-e2e-test-images/hostexec-amd64@sha256:e1dadb772c6132e3587fc41b8c07facd81ee7c4e74508891b5d98d45b85462e9 gcr.io/kubernetes-e2e-test-images/hostexec-amd64:1.1] 8490662} {[gcr.io/kubernetes-e2e-test-images/netexec-amd64@sha256:da1c165175d5589ed70384e406a0291b6f76d53fc99e2c31ae23003e11e5bfde gcr.io/kubernetes-e2e-test-images/netexec-amd64:1.0] 6713741} {[gcr.io/kubernetes-e2e-test-images/serve-hostname-amd64@sha256:2dd4032e98a0450d95a0ac71a5e465f542a900812d8c41bc6ca635aed1a5fc91 gcr.io/kubernetes-e2e-test-images/serve-hostname-amd64:1.0] 5470001} {[gcr.io/kubernetes-e2e-test-images/test-webserver-amd64@sha256:8da73e44d6870f86e0e6a87b2e07829470465afbb6febeb900296d99510789ce gcr.io/kubernetes-e2e-test-images/test-webserver-amd64:1.0] 4732240} {[gcr.io/kubernetes-e2e-test-images/porter-amd64@sha256:824f041b2757f8da2980092ace0991b4b8c6689e76c3b94f677521f7157bc7b8 gcr.io/kubernetes-e2e-test-images/porter-amd64:1.0] 4681408} {[gcr.io/kubernetes-e2e-test-images/liveness-amd64@sha256:0a64aa5318ade9f4ed6cd625d8dffdb4ac6a411da30694c53809e99a65de9eff gcr.io/kubernetes-e2e-test-images/liveness-amd64:1.0] 4608721} {[gcr.io/kubernetes-e2e-test-images/entrypoint-tester-amd64@sha256:ef1e5bf4aa80f899f51d173dfcc3106e8daf4c78c28be135b1d421c97f4c9354 gcr.io/kubernetes-e2e-test-images/entrypoint-tester-amd64:1.0] 2729534} {[gcr.io/kubernetes-e2e-test-images/mounttest-amd64@sha256:e3e75014e6df02dc21e6fb95f93b989a2ff8a91f36ae88d74eccbabaa21fc211 gcr.io/kubernetes-e2e-test-images/mounttest-amd64:1.0] 1563521} {[gcr.io/kubernetes-e2e-test-images/mounttest-user-amd64@sha256:1ac490f1442cad4b1c886527470393c71302cc62f5e3304fb08854403cbc68dc gcr.io/kubernetes-e2e-test-images/mounttest-user-amd64:1.0] 1450451} {[busybox@sha256:cb63aa0641a885f54de20f61d152187419e8f6b159ed11a251a09d115fdff9bd busybox:latest] 1162769} {[lzj.icp:8500/ibmcom/pause@sha256:8a18035491d4fbbe481be5eac11819315ec94677ab465608d052d87b3cdcff7f lzj.icp:8500/ibmcom/pause:3.1] 742472}],VolumesInUse:[],VolumesAttached:[],Config:&amp;NodeConfigStatus{Assigned:nil,Active:nil,LastKnownGood:nil,Error:,},},}&#xA;Sep 19 08:07:19.559: INFO: &#xA;Logging kubelet events for node 10.46.6.170&#xA;Sep 19 08:07:19.562: INFO: &#xA;Logging pods the kubelet thinks is on node 10.46.6.170&#xA;Sep 19 08:07:19.574: INFO: nvidia-device-plugin-9h2k4 started at 2018-09-17 07:07:17 +0000 UTC (1+1 container statuses recorded)&#xA;Sep 19 08:07:19.574: INFO: &#x9;Init container nvidia-driver-collector ready: true, restart count 0&#xA;Sep 19 08:07:19.574: INFO: &#x9;Container nvidia-device-plugin ready: true, restart count 0&#xA;Sep 19 08:07:19.574: INFO: metering-reader-44wd7 started at 2018-09-17 07:14:11 +0000 UTC (1+1 container statuses recorded)&#xA;Sep 19 08:07:19.574: INFO: &#x9;Init container metering-reader-init ready: true, restart count 1&#xA;Sep 19 08:07:19.574: INFO: &#x9;Container metering-reader ready: true, restart count 0&#xA;Sep 19 08:07:19.574: INFO: vulnerability-advisor-live-crawler-ccxd7 started at 2018-09-17 07:19:03 +0000 UTC (0+1 container statuses recorded)&#xA;Sep 19 08:07:19.574: INFO: &#x9;Container live-crawler ready: true, restart count 0&#xA;Sep 19 08:07:19.574: INFO: sonobuoy-e2e-job-c3f9b53ea97c48a2 started at 2018-09-19 07:22:08 +0000 UTC (0+2 container statuses recorded)&#xA;Sep 19 08:07:19.574: INFO: &#x9;Container e2e ready: true, restart count 0&#xA;Sep 19 08:07:19.574: INFO: &#x9;Container sonobuoy-worker ready: true, restart count 0&#xA;Sep 19 08:07:19.574: INFO: monitoring-prometheus-nodeexporter-tpbc8 started at 2018-09-17 07:15:44 +0000 UTC (0+2 container statuses recorded)&#xA;Sep 19 08:07:19.574: INFO: &#x9;Container nodeexporter ready: true, restart count 0&#xA;Sep 19 08:07:19.574: INFO: &#x9;Container router ready: true, restart count 0&#xA;Sep 19 08:07:19.574: INFO: audit-logging-fluentd-ds-4cgnk started at 2018-09-17 07:18:46 +0000 UTC (0+1 container statuses recorded)&#xA;Sep 19 08:07:19.574: INFO: &#x9;Container fluentd ready: true, restart count 0&#xA;Sep 19 08:07:19.574: INFO: vulnerability-advisor-process-ma-crawler-5g4zk started at 2018-09-17 07:19:03 +0000 UTC (0+1 container statuses recorded)&#xA;Sep 19 08:07:19.574: INFO: &#x9;Container process-ma-crawler ready: true, restart count 0&#xA;Sep 19 08:07:19.574: INFO: my-ibm-open-liberty-ibm-7f7d9778d7-7t5jc started at 2018-09-17 08:22:24 +0000 UTC (0+1 container statuses recorded)&#xA;Sep 19 08:07:19.574: INFO: &#x9;Container ibm-open-liberty ready: true, restart count 0&#xA;Sep 19 08:07:19.574: INFO: k8s-proxy-10.46.6.170 started at &lt;nil&gt; (0+0 container statuses recorded)&#xA;Sep 19 08:07:19.574: INFO: calico-node-htf97 started at 2018-09-17 07:05:53 +0000 UTC (0+2 container statuses recorded)&#xA;Sep 19 08:07:19.574: INFO: &#x9;Container calico-node ready: true, restart count 0&#xA;Sep 19 08:07:19.574: INFO: &#x9;Container install-cni ready: true, restart count 0&#xA;Sep 19 08:07:19.574: INFO: logging-elk-filebeat-ds-jtd5q started at 2018-09-17 07:15:20 +0000 UTC (0+1 container statuses recorded)&#xA;Sep 19 08:07:19.574: INFO: &#x9;Container filebeat ready: true, restart count 0&#xA;Sep 19 08:07:19.574: INFO: sonobuoy started at 2018-09-19 07:22:02 +0000 UTC (0+1 container statuses recorded)&#xA;Sep 19 08:07:19.574: INFO: &#x9;Container kube-sonobuoy ready: true, restart count 0&#xA;Sep 19 08:07:19.628: INFO: &#xA;Latency metrics for node 10.46.6.170&#xA;Sep 19 08:07:19.628: INFO: &#xA;Logging node info for node 10.46.6.171&#xA;Sep 19 08:07:19.672: INFO: Node Info: &amp;Node{ObjectMeta:k8s_io_apimachinery_pkg_apis_meta_v1.ObjectMeta{Name:10.46.6.171,GenerateName:,Namespace:,SelfLink:/api/v1/nodes/10.46.6.171,UID:0c79152a-ba48-11e8-b20e-fa163e707b2e,ResourceVersion:464285,Generation:0,CreationTimestamp:2018-09-17 07:05:24 +0000 UTC,DeletionTimestamp:&lt;nil&gt;,DeletionGracePeriodSeconds:nil,Labels:map[string]string{beta.kubernetes.io/arch: amd64,beta.kubernetes.io/os: linux,kubernetes.io/hostname: 10.46.6.171,management: true,node-role.kubernetes.io/management: true,},Annotations:map[string]string{node.alpha.kubernetes.io/ttl: 0,volumes.kubernetes.io/controller-managed-attach-detach: true,},OwnerReferences:[],Finalizers:[],ClusterName:,Initializers:nil,},Spec:NodeSpec{PodCIDR:,DoNotUse_ExternalID:,ProviderID:,Unschedulable:false,Taints:[{dedicated management NoSchedule &lt;nil&gt;}],ConfigSource:nil,},Status:NodeStatus{Capacity:ResourceList{cpu: {{8 0} {&lt;nil&gt;} 8 DecimalSI},ephemeral-storage: {{107362627584 0} {&lt;nil&gt;} 104846316Ki BinarySI},hugepages-1Gi: {{0 0} {&lt;nil&gt;} 0 DecimalSI},hugepages-2Mi: {{0 0} {&lt;nil&gt;} 0 DecimalSI},memory: {{16825630720 0} {&lt;nil&gt;}  BinarySI},pods: {{80 0} {&lt;nil&gt;} 80 DecimalSI},},Allocatable:ResourceList{cpu: {{8 0} {&lt;nil&gt;} 8 DecimalSI},ephemeral-storage: {{107257769984 0} {&lt;nil&gt;} 104743916Ki BinarySI},hugepages-1Gi: {{0 0} {&lt;nil&gt;} 0 DecimalSI},hugepages-2Mi: {{0 0} {&lt;nil&gt;} 0 DecimalSI},memory: {{16720773120 0} {&lt;nil&gt;}  BinarySI},pods: {{80 0} {&lt;nil&gt;} 80 DecimalSI},},Phase:,Conditions:[{OutOfDisk False 2018-09-19 08:07:10 +0000 UTC 2018-09-17 07:05:24 +0000 UTC KubeletHasSufficientDisk kubelet has sufficient disk space available} {MemoryPressure False 2018-09-19 08:07:10 +0000 UTC 2018-09-17 07:05:24 +0000 UTC KubeletHasSufficientMemory kubelet has sufficient memory available} {DiskPressure False 2018-09-19 08:07:10 +0000 UTC 2018-09-17 07:05:24 +0000 UTC KubeletHasNoDiskPressure kubelet has no disk pressure} {PIDPressure False 2018-09-19 08:07:10 +0000 UTC 2018-09-17 07:05:24 +0000 UTC KubeletHasSufficientPID kubelet has sufficient PID available} {Ready True 2018-09-19 08:07:10 +0000 UTC 2018-09-17 07:06:05 +0000 UTC KubeletReady kubelet is posting ready status}],Addresses:[{InternalIP 10.46.6.171} {Hostname 10.46.6.171}],DaemonEndpoints:NodeDaemonEndpoints{KubeletEndpoint:DaemonEndpoint{Port:10250,},},NodeInfo:NodeSystemInfo{MachineID:52ca0d2c3fb341c79b059a96d10571a6,SystemUUID:00401CD1-AB88-4341-9CDC-C9648BFB2B56,BootID:706dbc67-f432-47c3-840e-f599801336c8,KernelVersion:3.10.0-862.9.1.el7.x86_64,OSImage:Red Hat Enterprise Linux,ContainerRuntimeVersion:docker://18.3.1,KubeletVersion:v1.11.1+icp-ee,KubeProxyVersion:v1.11.1+icp-ee,OperatingSystem:linux,Architecture:amd64,},Images:[{[lzj.icp:8500/ibmcom/live-crawler@sha256:1a648615e7b439f093697f65350262823e6c711c4b21ea81596ced1c28a48133 lzj.icp:8500/ibmcom/live-crawler:1.3.1] 987515538} {[lzj.icp:8500/ibmcom/hyperkube@sha256:9fbddbf2d04354912c8a981395493d250474cb9fa587fa91119e69467078b180 lzj.icp:8500/ibmcom/hyperkube:v1.11.1-ee] 782626408} {[lzj.icp:8500/ibmcom/icp-logstash@sha256:a182a00827aefe7f5f95b18fa1ec8f6897989290b37f3d98bd6440ddda796433 lzj.icp:8500/ibmcom/icp-logstash:5.5.1] 764906887} {[lzj.icp:8500/ibmcom/icp-kibana@sha256:6e2746da64a64f98c5761b87d5e185a9c2ac75c9c4e767ab284062b1847b7571 lzj.icp:8500/ibmcom/icp-kibana:5.5.1] 639622018} {[lzj.icp:8500/ibmcom/icp-elasticsearch@sha256:b410aacb6005fe24bfd87b045ea26fde3d6eb3ca52c3f0e4560cdc208944ba50 lzj.icp:8500/ibmcom/icp-elasticsearch:5.5.1] 520121248} {[lzj.icp:8500/ibmcom/logging-pki-init@sha256:21aa9cbd05a849b4891b15cf636f73545f6001f16c82f8eeed2e90b4f9312377 lzj.icp:8500/ibmcom/logging-pki-init:2.0.0] 501921135} {[lzj.icp:8500/ibmcom/searchguard-init@sha256:3d0d8a8404a9df5ad238bce1e0542cdda609cc445dfc3964952243d9fc103276 lzj.icp:8500/ibmcom/searchguard-init:2.0.0] 457030441} {[lzj.icp:8500/ibmcom/metering-ui@sha256:d6453f9afecc9b1fc778c195e20bbb39d4ef6262af2f7a9a5ce3cddc259fec99 lzj.icp:8500/ibmcom/metering-ui:3.1.0] 385577105} {[lzj.icp:8500/ibmcom/icp-filebeat@sha256:72669dde64d7ab85bbb9e93428efe548b2693a4eae5168a4705f6e30cd20e584 lzj.icp:8500/ibmcom/icp-filebeat:5.5.1] 317104874} {[lzj.icp:8500/ibmcom/fluentd@sha256:f85a5ffd86438f1a73d04caf6e33ef3474675d9fa0947431f4d0a9602fc981af lzj.icp:8500/ibmcom/fluentd:v1.2.2-icp] 270902701} {[lzj.icp:8500/ibmcom/elasticsearch-plugin-searchguard@sha256:f47116021e3eec7b2fed9f6ed8bd77fd890457e5a1546dda7f863c032d4395b1 lzj.icp:8500/ibmcom/elasticsearch-plugin-searchguard:2.0.0] 267864279} {[lzj.icp:8500/ibmcom/calico-node@sha256:85a23d8030137d49663d3d82844a61998331606de9fc523dfdd0a75be7fb9828 lzj.icp:8500/ibmcom/calico-node:v3.1.3] 248202699} {[lzj.icp:8500/ibmcom/grafana@sha256:5d2739d3ec5c7f6ea66d69caa918b764660b99a3d37cb1f4123f1a9623ce8e38 lzj.icp:8500/ibmcom/grafana:5.2.0] 245297582} {[lzj.icp:8500/ibmcom/indices-cleaner@sha256:31dac3be1246f17dddade06b517c073244ce56d85bc54135fdaf010dbb0bca10 lzj.icp:8500/ibmcom/indices-cleaner:1.0.0] 238131553} {[lzj.icp:8500/ibmcom/curl@sha256:adf92a267e351914d041a56d64ebe80331c45f8e20ab23b7ada67bea78da9996 lzj.icp:8500/ibmcom/curl:4.0.0] 221192597} {[lzj.icp:8500/ibmcom/nvidia-device-plugin@sha256:2d57caa41994d1e0b3d952526a651f8da487e068874d1075f915fa48ad969ba6 lzj.icp:8500/ibmcom/nvidia-device-plugin:1.0] 132413452} {[lzj.icp:8500/ibmcom/metering-data-manager@sha256:97803f4458c6f6ca62076cf6958cb8ab98cf9ffed7cd4977550eeaa6db8ead70 lzj.icp:8500/ibmcom/metering-data-manager:3.1.0] 121942877} {[lzj.icp:8500/ibmcom/prometheus@sha256:91cba3cbf7a61499969a8a5a27347830ed1740b2285de9ac31e231e7ce44deb7 lzj.icp:8500/ibmcom/prometheus:v2.3.1] 118818909} {[lzj.icp:8500/ibmcom/icp-management-ingress@sha256:259a9d288f5ee4f169c618b6d870b5ae38b954a3bf69f3f392523b1aaa9f4001 lzj.icp:8500/ibmcom/icp-management-ingress:2.2.1] 80410712} {[lzj.icp:8500/ibmcom/calico-cni@sha256:b56c2d3e62bd02f15dd5ec335c25ac81bb39d214e904525227640790686855d7 lzj.icp:8500/ibmcom/calico-cni:v3.1.3] 68849270} {[lzj.icp:8500/ibmcom/k8s-prometheus-adapter@sha256:cf7f0c35ff0a0ec9cf743ef87e4c951f74d3fd0b4b97925784cc857565b4d7ba lzj.icp:8500/ibmcom/k8s-prometheus-adapter:v0.2.1.1] 52134773} {[lzj.icp:8500/ibmcom/metrics-server@sha256:973b5dd33165e4856f22a9f48a9b7f5bd2f01399d6479c46212ea92336a9ca40 lzj.icp:8500/ibmcom/metrics-server:v0.2.1.1] 42541759} {[lzj.icp:8500/ibmcom/ibmcloud-image-enforcement@sha256:d29efeb868c054eead02eec72c86f690c4a8c81b95f99f22bbc873644b090e99 lzj.icp:8500/ibmcom/ibmcloud-image-enforcement:0.2.0] 40040099} {[lzj.icp:8500/ibmcom/alertmanager@sha256:f3e7d379040499e05c1377862cc8a74cd5ffed2a175bf62fc18dc07b98d6ab00 lzj.icp:8500/ibmcom/alertmanager:v0.15.0] 36095602} {[lzj.icp:8500/ibmcom/kube-state-metrics@sha256:6a574d2e4a7338abdd3d0b85dd2510cbf046cd09a70505b99513feee42d00559 lzj.icp:8500/ibmcom/kube-state-metrics:v1.3.0] 35646776} {[lzj.icp:8500/ibmcom/node-exporter@sha256:b24db452b1a0bf46abba095162d0fbc89ea40eeabbfe43ae01dab54107ecff0e lzj.icp:8500/ibmcom/node-exporter:v0.16.0] 22915749} {[lzj.icp:8500/ibmcom/configmap-reload@sha256:77a4ede137dd4980fe02c70ad189bf7b89dd1a9e134c0fe4475842fe8948f6a9 lzj.icp:8500/ibmcom/configmap-reload:v0.2.2] 22381476} {[lzj.icp:8500/ibmcom/collectd-exporter@sha256:0ef0cfb0a60f66046851bfafbfa1913814c7a4967e4e7561ce5111186338f6d9 lzj.icp:8500/ibmcom/collectd-exporter:v0.4.0] 13695364} {[lzj.icp:8500/ibmcom/elasticsearch-exporter@sha256:27806a00f45314a1c06af096236004020a98202edbbce81d993aadfaca0c66a0 lzj.icp:8500/ibmcom/elasticsearch-exporter:1.0.2] 9202086} {[lzj.icp:8500/ibmcom/icp-initcontainer@sha256:c1b9397380303cfc23505576a19859c7e26936f80a26bb4fae95ef68e7775de8 lzj.icp:8500/ibmcom/icp-initcontainer:1.0.0] 3965926} {[lzj.icp:8500/ibmcom/pause@sha256:8a18035491d4fbbe481be5eac11819315ec94677ab465608d052d87b3cdcff7f lzj.icp:8500/ibmcom/pause:3.1] 742472}],VolumesInUse:[],VolumesAttached:[],Config:&amp;NodeConfigStatus{Assigned:nil,Active:nil,LastKnownGood:nil,Error:,},},}&#xA;Sep 19 08:07:19.673: INFO: &#xA;Logging kubelet events for node 10.46.6.171&#xA;Sep 19 08:07:19.676: INFO: &#xA;Logging pods the kubelet thinks is on node 10.46.6.171&#xA;Sep 19 08:07:19.702: INFO: calico-node-gpm2c started at 2018-09-17 07:05:53 +0000 UTC (0+2 container statuses recorded)&#xA;Sep 19 08:07:19.702: INFO: &#x9;Container calico-node ready: true, restart count 0&#xA;Sep 19 08:07:19.702: INFO: &#x9;Container install-cni ready: true, restart count 0&#xA;Sep 19 08:07:19.702: INFO: metering-reader-xq8f2 started at 2018-09-17 07:14:11 +0000 UTC (1+1 container statuses recorded)&#xA;Sep 19 08:07:19.702: INFO: &#x9;Init container metering-reader-init ready: true, restart count 1&#xA;Sep 19 08:07:19.702: INFO: &#x9;Container metering-reader ready: true, restart count 0&#xA;Sep 19 08:07:19.702: INFO: logging-elk-logstash-7994656f46-r89mt started at 2018-09-17 07:15:22 +0000 UTC (0+1 container statuses recorded)&#xA;Sep 19 08:07:19.702: INFO: &#x9;Container logstash ready: true, restart count 0&#xA;Sep 19 08:07:19.702: INFO: monitoring-prometheus-elasticsearchexporter-655864cccb-c6tps started at 2018-09-17 07:15:46 +0000 UTC (0+2 container statuses recorded)&#xA;Sep 19 08:07:19.702: INFO: &#x9;Container elasticsearchexporter ready: true, restart count 0&#xA;Sep 19 08:07:19.702: INFO: &#x9;Container router ready: true, restart count 0&#xA;Sep 19 08:07:19.702: INFO: monitoring-prometheus-6677d7c77f-pnpt5 started at 2018-09-17 07:15:46 +0000 UTC (1+4 container statuses recorded)&#xA;Sep 19 08:07:19.702: INFO: &#x9;Init container init-container ready: true, restart count 0&#xA;Sep 19 08:07:19.702: INFO: &#x9;Container configmap-reload-alertrules ready: true, restart count 0&#xA;Sep 19 08:07:19.702: INFO: &#x9;Container configmap-reload-prometheus ready: true, restart count 0&#xA;Sep 19 08:07:19.702: INFO: &#x9;Container prometheus ready: true, restart count 0&#xA;Sep 19 08:07:19.702: INFO: &#x9;Container router ready: true, restart count 0&#xA;Sep 19 08:07:19.702: INFO: ibmcloud-image-enforcement-76ddccbf9f-kqmlb started at 2018-09-17 07:14:02 +0000 UTC (0+1 container statuses recorded)&#xA;Sep 19 08:07:19.702: INFO: &#x9;Container ibmcloud-image-enforcement ready: true, restart count 0&#xA;Sep 19 08:07:19.702: INFO: metering-ui-5bbfbb5d49-wkh8m started at 2018-09-17 07:14:12 +0000 UTC (1+1 container statuses recorded)&#xA;Sep 19 08:07:19.702: INFO: &#x9;Init container metering-ui-init ready: true, restart count 0&#xA;Sep 19 08:07:19.702: INFO: &#x9;Container metering-ui ready: true, restart count 0&#xA;Sep 19 08:07:19.702: INFO: logging-elk-master-6cdcf45f7d-gp28f started at 2018-09-17 07:15:21 +0000 UTC (2+1 container statuses recorded)&#xA;Sep 19 08:07:19.702: INFO: &#x9;Init container sysctl ready: true, restart count 0&#xA;Sep 19 08:07:19.702: INFO: &#x9;Init container plugin-bundle ready: true, restart count 0&#xA;Sep 19 08:07:19.702: INFO: &#x9;Container es-master ready: true, restart count 0&#xA;Sep 19 08:07:19.702: INFO: monitoring-grafana-548b947c8c-dh89z started at 2018-09-17 07:15:46 +0000 UTC (1+2 container statuses recorded)&#xA;Sep 19 08:07:19.702: INFO: &#x9;Init container init-container ready: true, restart count 0&#xA;Sep 19 08:07:19.702: INFO: &#x9;Container grafana ready: true, restart count 0&#xA;Sep 19 08:07:19.702: INFO: &#x9;Container router ready: true, restart count 0&#xA;Sep 19 08:07:19.702: INFO: vulnerability-advisor-process-ma-crawler-b7k2d started at 2018-09-17 07:19:03 +0000 UTC (0+1 container statuses recorded)&#xA;Sep 19 08:07:19.702: INFO: &#x9;Container process-ma-crawler ready: true, restart count 0&#xA;Sep 19 08:07:19.702: INFO: monitoring-prometheus-kubestatemetrics-54dcbb6cfb-76zmm started at 2018-09-17 07:15:45 +0000 UTC (0+2 container statuses recorded)&#xA;Sep 19 08:07:19.702: INFO: &#x9;Container kubestatemetrics ready: true, restart count 0&#xA;Sep 19 08:07:19.702: INFO: &#x9;Container router ready: true, restart count 0&#xA;Sep 19 08:07:19.702: INFO: audit-logging-fluentd-ds-bc22k started at 2018-09-17 07:18:46 +0000 UTC (0+1 container statuses recorded)&#xA;Sep 19 08:07:19.702: INFO: &#x9;Container fluentd ready: true, restart count 0&#xA;Sep 19 08:07:19.702: INFO: k8s-proxy-10.46.6.171 started at &lt;nil&gt; (0+0 container statuses recorded)&#xA;Sep 19 08:07:19.702: INFO: metrics-server-6d6695f9db-8t4xs started at 2018-09-17 07:08:51 +0000 UTC (0+1 container statuses recorded)&#xA;Sep 19 08:07:19.702: INFO: &#x9;Container metrics-server ready: true, restart count 0&#xA;Sep 19 08:07:19.702: INFO: metering-dm-8b475fc57-cmm6h started at 2018-09-17 07:14:12 +0000 UTC (1+1 container statuses recorded)&#xA;Sep 19 08:07:19.702: INFO: &#x9;Init container metering-dm-init ready: true, restart count 0&#xA;Sep 19 08:07:19.702: INFO: &#x9;Container metering-dm ready: true, restart count 0&#xA;Sep 19 08:07:19.702: INFO: logging-elk-data-0 started at 2018-09-17 07:15:21 +0000 UTC (3+1 container statuses recorded)&#xA;Sep 19 08:07:19.702: INFO: &#x9;Init container chmod ready: true, restart count 0&#xA;Sep 19 08:07:19.702: INFO: &#x9;Init container sysctl ready: true, restart count 0&#xA;Sep 19 08:07:19.702: INFO: &#x9;Init container plugin-bundle ready: true, restart count 0&#xA;Sep 19 08:07:19.702: INFO: &#x9;Container es-data ready: true, restart count 0&#xA;Sep 19 08:07:19.702: INFO: logging-elk-kibana-ff4db4866-s2295 started at 2018-09-17 07:15:21 +0000 UTC (0+2 container statuses recorded)&#xA;Sep 19 08:07:19.702: INFO: &#x9;Container kibana ready: true, restart count 0&#xA;Sep 19 08:07:19.702: INFO: &#x9;Container router ready: true, restart count 0&#xA;Sep 19 08:07:19.702: INFO: monitoring-prometheus-nodeexporter-9fnpb started at 2018-09-17 07:15:44 +0000 UTC (0+2 container statuses recorded)&#xA;Sep 19 08:07:19.702: INFO: &#x9;Container nodeexporter ready: true, restart count 0&#xA;Sep 19 08:07:19.702: INFO: &#x9;Container router ready: true, restart count 0&#xA;Sep 19 08:07:19.702: INFO: monitoring-prometheus-collectdexporter-77575678dc-v8n2l started at 2018-09-17 07:15:46 +0000 UTC (0+2 container statuses recorded)&#xA;Sep 19 08:07:19.702: INFO: &#x9;Container collectd-exporter ready: true, restart count 0&#xA;Sep 19 08:07:19.702: INFO: &#x9;Container router ready: true, restart count 0&#xA;Sep 19 08:07:19.702: INFO: vulnerability-advisor-live-crawler-xxz8p started at 2018-09-17 07:19:03 +0000 UTC (0+1 container statuses recorded)&#xA;Sep 19 08:07:19.702: INFO: &#x9;Container live-crawler ready: true, restart count 0&#xA;Sep 19 08:07:19.702: INFO: nvidia-device-plugin-vh85n started at 2018-09-17 07:07:17 +0000 UTC (1+1 container statuses recorded)&#xA;Sep 19 08:07:19.702: INFO: &#x9;Init container nvidia-driver-collector ready: true, restart count 0&#xA;Sep 19 08:07:19.702: INFO: &#x9;Container nvidia-device-plugin ready: true, restart count 0&#xA;Sep 19 08:07:19.702: INFO: custom-metrics-adapter-64f64964b4-f9gmc started at 2018-09-17 07:14:28 +0000 UTC (1+1 container statuses recorded)&#xA;Sep 19 08:07:19.702: INFO: &#x9;Init container init-adapter ready: true, restart count 0&#xA;Sep 19 08:07:19.702: INFO: &#x9;Container custom-metrics-adapter ready: true, restart count 0&#xA;Sep 19 08:07:19.702: INFO: logging-elk-elasticsearch-tls-init-6hnl4 started at 2018-09-17 07:15:20 +0000 UTC (0+1 container statuses recorded)&#xA;Sep 19 08:07:19.702: INFO: &#x9;Container searchguard-init ready: false, restart count 0&#xA;Sep 19 08:07:19.702: INFO: logging-elk-filebeat-ds-bs86r started at 2018-09-17 07:15:20 +0000 UTC (0+1 container statuses recorded)&#xA;Sep 19 08:07:19.702: INFO: &#x9;Container filebeat ready: true, restart count 0&#xA;Sep 19 08:07:19.702: INFO: logging-elk-client-75d4d7994c-7g7fn started at 2018-09-17 07:15:21 +0000 UTC (2+3 container statuses recorded)&#xA;Sep 19 08:07:19.702: INFO: &#x9;Init container sysctl ready: true, restart count 0&#xA;Sep 19 08:07:19.702: INFO: &#x9;Init container plugin-bundle ready: true, restart count 0&#xA;Sep 19 08:07:19.702: INFO: &#x9;Container es-client ready: true, restart count 0&#xA;Sep 19 08:07:19.702: INFO: &#x9;Container indices-cleaner ready: true, restart count 0&#xA;Sep 19 08:07:19.702: INFO: &#x9;Container router ready: true, restart count 0&#xA;Sep 19 08:07:19.702: INFO: monitoring-prometheus-alertmanager-7d8749dbb8-xj68d started at 2018-09-17 07:15:46 +0000 UTC (0+3 container statuses recorded)&#xA;Sep 19 08:07:19.703: INFO: &#x9;Container alertmanager ready: true, restart count 0&#xA;Sep 19 08:07:19.703: INFO: &#x9;Container configmap-reload ready: true, restart count 0&#xA;Sep 19 08:07:19.703: INFO: &#x9;Container router ready: true, restart count 0&#xA;Sep 19 08:07:19.737: INFO: &#xA;Latency metrics for node 10.46.6.171&#xA;Sep 19 08:07:19.737: INFO: &#xA;Logging node info for node 10.46.6.172&#xA;Sep 19 08:07:19.741: INFO: Node Info: &amp;Node{ObjectMeta:k8s_io_apimachinery_pkg_apis_meta_v1.ObjectMeta{Name:10.46.6.172,GenerateName:,Namespace:,SelfLink:/api/v1/nodes/10.46.6.172,UID:0c6032ef-ba48-11e8-b20e-fa163e707b2e,ResourceVersion:464316,Generation:0,CreationTimestamp:2018-09-17 07:05:24 +0000 UTC,DeletionTimestamp:&lt;nil&gt;,DeletionGracePeriodSeconds:nil,Labels:map[string]string{beta.kubernetes.io/arch: amd64,beta.kubernetes.io/os: linux,kubernetes.io/hostname: 10.46.6.172,node-role.kubernetes.io/va: true,va: true,},Annotations:map[string]string{node.alpha.kubernetes.io/ttl: 0,volumes.kubernetes.io/controller-managed-attach-detach: true,},OwnerReferences:[],Finalizers:[],ClusterName:,Initializers:nil,},Spec:NodeSpec{PodCIDR:,DoNotUse_ExternalID:,ProviderID:,Unschedulable:false,Taints:[{dedicated va NoSchedule &lt;nil&gt;}],ConfigSource:nil,},Status:NodeStatus{Capacity:ResourceList{cpu: {{8 0} {&lt;nil&gt;} 8 DecimalSI},ephemeral-storage: {{107362627584 0} {&lt;nil&gt;} 104846316Ki BinarySI},hugepages-1Gi: {{0 0} {&lt;nil&gt;} 0 DecimalSI},hugepages-2Mi: {{0 0} {&lt;nil&gt;} 0 DecimalSI},memory: {{16825622528 0} {&lt;nil&gt;}  BinarySI},pods: {{80 0} {&lt;nil&gt;} 80 DecimalSI},},Allocatable:ResourceList{cpu: {{8 0} {&lt;nil&gt;} 8 DecimalSI},ephemeral-storage: {{107257769984 0} {&lt;nil&gt;} 104743916Ki BinarySI},hugepages-1Gi: {{0 0} {&lt;nil&gt;} 0 DecimalSI},hugepages-2Mi: {{0 0} {&lt;nil&gt;} 0 DecimalSI},memory: {{16720764928 0} {&lt;nil&gt;}  BinarySI},pods: {{80 0} {&lt;nil&gt;} 80 DecimalSI},},Phase:,Conditions:[{OutOfDisk False 2018-09-19 08:07:15 +0000 UTC 2018-09-17 07:05:24 +0000 UTC KubeletHasSufficientDisk kubelet has sufficient disk space available} {MemoryPressure False 2018-09-19 08:07:15 +0000 UTC 2018-09-17 07:05:24 +0000 UTC KubeletHasSufficientMemory kubelet has sufficient memory available} {DiskPressure False 2018-09-19 08:07:15 +0000 UTC 2018-09-17 07:05:24 +0000 UTC KubeletHasNoDiskPressure kubelet has no disk pressure} {PIDPressure False 2018-09-19 08:07:15 +0000 UTC 2018-09-17 07:05:24 +0000 UTC KubeletHasSufficientPID kubelet has sufficient PID available} {Ready True 2018-09-19 08:07:15 +0000 UTC 2018-09-17 07:06:04 +0000 UTC KubeletReady kubelet is posting ready status}],Addresses:[{InternalIP 10.46.6.172} {Hostname 10.46.6.172}],DaemonEndpoints:NodeDaemonEndpoints{KubeletEndpoint:DaemonEndpoint{Port:10250,},},NodeInfo:NodeSystemInfo{MachineID:52ca0d2c3fb341c79b059a96d10571a6,SystemUUID:3D48E3C5-99D8-4CA3-9AB5-A8540613166F,BootID:d81d494e-264a-48ce-a4f2-76b16f6ece1f,KernelVersion:3.10.0-862.9.1.el7.x86_64,OSImage:Red Hat Enterprise Linux,ContainerRuntimeVersion:docker://18.3.1,KubeletVersion:v1.11.1+icp-ee,KubeProxyVersion:v1.11.1+icp-ee,OperatingSystem:linux,Architecture:amd64,},Images:[{[lzj.icp:8500/ibmcom/statsd-amd64@sha256:5ee11bc24bced45a77d9d630348680f319c09d9d3b2230b04518d1e2a5263ae2 lzj.icp:8500/ibmcom/statsd@sha256:af7a9d0c4f029d0247da41f67c7e87f3655175962b79a189a6a9ace0ff841049 lzj.icp:8500/ibmcom/statsd-amd64:0.7.2.1 lzj.icp:8500/ibmcom/statsd:0.7.2.1] 1234731808} {[lzj.icp:8500/ibmcom/kafka-amd64@sha256:0d6d348ccd7aa2854d60791331280e58db92029a522c8bfb3eb40c7c0913ca8f lzj.icp:8500/ibmcom/kafka@sha256:f0b4a833c3da439cadb783bb9cb578f96b1328557b8402a98f01c5c21497d93a lzj.icp:8500/ibmcom/kafka-amd64:0.10.0.2 lzj.icp:8500/ibmcom/kafka:0.10.0.2] 1114805679} {[lzj.icp:8500/ibmcom/iam-token-service-amd64@sha256:9211161e5b5b9d892a99b46fad4429333ceb7143b4039419df7ea0efa36381a9 lzj.icp:8500/ibmcom/iam-token-service@sha256:1b9308e68de93b43e9a85c0e005d80d423e88db7d88ee7114a80b2fade7a78ed lzj.icp:8500/ibmcom/iam-token-service-amd64:3.1.0 lzj.icp:8500/ibmcom/iam-token-service:3.1.0] 1051060152} {[lzj.icp:8500/ibmcom/icp-platform-auth-amd64@sha256:abc258009b8696a83214b7a9d9df63f6d83e19cfca2987c4836b0eadfa4c99c7 lzj.icp:8500/ibmcom/icp-platform-auth@sha256:c544b90a099b6c29ba4ee7f2ad4dded1277c948a0826b38ebe3250cdc7d1529c lzj.icp:8500/ibmcom/icp-platform-auth-amd64:3.1.0 lzj.icp:8500/ibmcom/icp-platform-auth:3.1.0] 1028283742} {[lzj.icp:8500/ibmcom/reg-crawler-amd64@sha256:9e5d4ebbac3dd6cbf9f892b5bd634f89fae3d4b2e6a23debd3ecd322e3eb817e lzj.icp:8500/ibmcom/reg-crawler@sha256:a9033d9cb2406d11c616fdfedc9bc56bc4ef970bd0a7b02899b3e5c1b353799b lzj.icp:8500/ibmcom/reg-crawler-amd64:1.3.1 lzj.icp:8500/ibmcom/reg-crawler:1.3.1] 1007817363} {[lzj.icp:8500/ibmcom/live-crawler-amd64@sha256:37a79ec87bd3c8b9af25cf1e25f4f14281ffb9f5ebeaf61c0b7c8a5799baf782 lzj.icp:8500/ibmcom/live-crawler@sha256:1a648615e7b439f093697f65350262823e6c711c4b21ea81596ced1c28a48133 lzj.icp:8500/ibmcom/live-crawler-amd64:1.3.1 lzj.icp:8500/ibmcom/live-crawler:1.3.1] 987515538} {[lzj.icp:8500/ibmcom/cos-indexer-amd64@sha256:adf28ff960ebdcbfcfa5e4522b81aa3565338f8d640dad611a1c3f0d3894393b lzj.icp:8500/ibmcom/cos-indexer@sha256:bb31dc8ef37e8482b2b9dedc0e54f46f7d3c678b22a3130eca9dde80fed65df1 lzj.icp:8500/ibmcom/cos-indexer-amd64:1.3.1 lzj.icp:8500/ibmcom/cos-indexer:1.3.1] 846578165} {[lzj.icp:8500/ibmcom/secure-config-annotator-amd64@sha256:26e845c6a252e0c5ae73e764645993b3270e289d1a2e9784b06ddd7898ca45d9 lzj.icp:8500/ibmcom/secure-config-annotator@sha256:cfaadd13c4ef4bdc937d296faff78e98473be8c9c6ae6b4a38927c952948914f lzj.icp:8500/ibmcom/secure-config-annotator-amd64:1.3.1 lzj.icp:8500/ibmcom/secure-config-annotator:1.3.1] 835555196} {[lzj.icp:8500/ibmcom/hyperkube-amd64@sha256:9eaadf7c2a417ee2a9a219e2eadf21884742199a484be2ca737f0e8a178d490a lzj.icp:8500/ibmcom/hyperkube@sha256:9fbddbf2d04354912c8a981395493d250474cb9fa587fa91119e69467078b180 lzj.icp:8500/ibmcom/hyperkube-amd64:v1.11.1-ee lzj.icp:8500/ibmcom/hyperkube:v1.11.1-ee] 782626408} {[lzj.icp:8500/ibmcom/compliance-annotator-amd64@sha256:5d8bbbef3a7dc54ba9addb256d2aa8a3f7d5c27a454ff4b7ee583b217dac2ce4 lzj.icp:8500/ibmcom/compliance-annotator@sha256:be00ccb777b1e90601cc563112e32ae831b0fb7d4933f1aa3c49379cabe41c3f lzj.icp:8500/ibmcom/compliance-annotator-amd64:1.3.1 lzj.icp:8500/ibmcom/compliance-annotator:1.3.1] 773932738} {[lzj.icp:8500/ibmcom/icp-logstash-amd64@sha256:02a683ee6ad9eeed7ea8ebb1de713aaf902a9e20a39ccc0294ee1f947f1bbd73 lzj.icp:8500/ibmcom/icp-logstash@sha256:a182a00827aefe7f5f95b18fa1ec8f6897989290b37f3d98bd6440ddda796433 lzj.icp:8500/ibmcom/icp-logstash-amd64:5.5.1 lzj.icp:8500/ibmcom/icp-logstash:5.5.1] 764906887} {[lzj.icp:8500/ibmcom/process-ma-hf-amd64@sha256:ef0d164350d07600f8037082db7d98cf81b9c554d8a60692ae90b8d0239a8cdc lzj.icp:8500/ibmcom/process-ma-hf@sha256:114b48d67e46f6ad3624dfa99baab8f9c62fb5ba88d210d0f42e106eda4e0ee8 lzj.icp:8500/ibmcom/process-ma-hf-amd64:1.3.1 lzj.icp:8500/ibmcom/process-ma-hf:1.3.1] 758635128} {[lzj.icp:8500/ibmcom/vulnerability-annotator-amd64@sha256:febedf85b65e0d1800e67249274d474d4ce67e8041e81487f76bce727cb39bd4 lzj.icp:8500/ibmcom/vulnerability-annotator@sha256:2ca368468e5d1c7ed82b3947b8d8904da34969bd72e67b382bfd0579fe3f148d lzj.icp:8500/ibmcom/vulnerability-annotator-amd64:1.3.1 lzj.icp:8500/ibmcom/vulnerability-annotator:1.3.1] 757013017} {[lzj.icp:8500/ibmcom/py-generic-indexer-amd64@sha256:45cb17e23e15f4dfe44471309af12f0655aad5f8e859c718f393290f220b02b2 lzj.icp:8500/ibmcom/py-generic-indexer@sha256:63a28bc72b6588e508ad23b569a228d6219e2d6fdddb2b1b073e1d2c70ec7641 lzj.icp:8500/ibmcom/py-generic-indexer-amd64:1.3.1 lzj.icp:8500/ibmcom/py-generic-indexer:1.3.1] 755588945} {[lzj.icp:8500/ibmcom/icp-inception-amd64@sha256:1dad180d14ae732d17ca5cf41b87dbb316c072323f186d60a08a753f904eb5b2 lzj.icp:8500/ibmcom/icp-inception@sha256:d395315f0fde94a5cacd9945cd7932b4eda45fe404a6b9d55a8ec8ebeed2a0a8 lzj.icp:8500/ibmcom/icp-inception-amd64:3.1.0-ee lzj.icp:8500/ibmcom/icp-inception:3.1.0-ee] 744155119} {[lzj.icp:8500/ibmcom/config-parser-amd64@sha256:7d721e0b5a827921ac16fa9e7570db225211e6dd700cdeaba1d28ba02ff8ef6d lzj.icp:8500/ibmcom/config-parser@sha256:2b7d6f1ea57d6e4d9caaca5d0e2bb35d2e6db316e2f18ef9a51b5bfa48119f69 lzj.icp:8500/ibmcom/config-parser-amd64:1.3.1 lzj.icp:8500/ibmcom/config-parser:1.3.1] 739243486} {[lzj.icp:8500/ibmcom/iam-policy-administration-amd64@sha256:e1941aa09a5b692505cb3be3e497d3ff9acb900786b9a2c8c4c00d0243b37dd0 lzj.icp:8500/ibmcom/iam-policy-administration@sha256:ab0d5c50f5e5fc9a537e97183ed694e34d57fa00121bc08bedb261b80e29b9a4 lzj.icp:8500/ibmcom/iam-policy-administration-amd64:3.1.0 lzj.icp:8500/ibmcom/iam-policy-administration:3.1.0] 711947327} {[lzj.icp:8500/ibmcom/password-annotator-amd64@sha256:bca1b6b222d8ea8ade174a8cc1a549f161d75d3e9d69881f08a1fb316a8e27d3 lzj.icp:8500/ibmcom/password-annotator@sha256:5c7e8db45db52a6bca7d76ae8c2ff74eb43644f7959d66ddc67454bcbca765ec lzj.icp:8500/ibmcom/password-annotator-amd64:1.3.1 lzj.icp:8500/ibmcom/password-annotator:1.3.1] 707627907} {[lzj.icp:8500/ibmcom/notification-dispatcher-amd64@sha256:ec8dfbc351a0d758488f9f8bfa17c3182a5c02819a6ebf7144ab914a2233cf57 lzj.icp:8500/ibmcom/notification-dispatcher@sha256:6d7e6b836f0cfeb5fb18cd29fdd8315fb44013f8d21830b9c5ab60b605c5e3c5 lzj.icp:8500/ibmcom/notification-dispatcher-amd64:1.3.1 lzj.icp:8500/ibmcom/notification-dispatcher:1.3.1] 707588442} {[lzj.icp:8500/ibmcom/sas-base-amd64@sha256:9651b1149c62d5a0968aaeffe71f2da68cd7e07ff8d7ea67538278c00ab08457 lzj.icp:8500/ibmcom/sas-base@sha256:56bb0790e5f06276b7435c731687f733901fedc80af299dc8a8eaf72d7365560 lzj.icp:8500/ibmcom/sas-base-amd64:1.3.1 lzj.icp:8500/ibmcom/sas-base:1.3.1] 653746081} {[lzj.icp:8500/ibmcom/ma-file-annotator-amd64@sha256:8caa6280fd845fd524ad874a6b243510ebf085d58c989229020fcfc743492632 lzj.icp:8500/ibmcom/ma-file-annotator@sha256:cd8dc2a26e2a84bf7d8ba982c6a21c034239de5e2dc12767d3f60985e495d957 lzj.icp:8500/ibmcom/ma-file-annotator-amd64:1.3.1 lzj.icp:8500/ibmcom/ma-file-annotator:1.3.1] 653745236} {[lzj.icp:8500/ibmcom/icp-kibana-amd64@sha256:8b69887ac5297e1d2e68b9c2ce885b9a888f6c278ca1538acb0f03206b48502a lzj.icp:8500/ibmcom/icp-kibana@sha256:6e2746da64a64f98c5761b87d5e185a9c2ac75c9c4e767ab284062b1847b7571 lzj.icp:8500/ibmcom/icp-kibana-amd64:5.5.1 lzj.icp:8500/ibmcom/icp-kibana:5.5.1] 639622018} {[lzj.icp:8500/ibmcom/icp-platform-api-amd64@sha256:1fc47925c2611aef12631b3f3806308f55a298074aebc561fd04cf8a7691c669 lzj.icp:8500/ibmcom/icp-platform-api@sha256:6b5585999f45fa6dc7a6a1d8bcb4d544c96a3e1fd3bd9f133ebed2e356985a0e lzj.icp:8500/ibmcom/icp-platform-api-amd64:3.1.0 lzj.icp:8500/ibmcom/icp-platform-api:3.1.0] 612589125} {[lzj.icp:8500/ibmcom/iam-policy-decision-amd64@sha256:d49eb3845c57bb8370a477949d92da10a178b81ade50f0e9d970981fadd6686d lzj.icp:8500/ibmcom/iam-policy-decision@sha256:ecd9f36e17e57c6be41e744abc17baacddd28178485d29cb112ffc5e558d2c09 lzj.icp:8500/ibmcom/iam-policy-decision-amd64:3.1.0 lzj.icp:8500/ibmcom/iam-policy-decision:3.1.0] 559718344} {[lzj.icp:8500/ibmcom/rootkit-annotator-amd64@sha256:caf6c24136b8785d901f346a640d673b55fe105c3617cfcb432ee2006f5b1cf4 lzj.icp:8500/ibmcom/rootkit-annotator@sha256:9aabe418ab5c5b3ce86dcfad5dc63a14124bf56227a7decb6656382f2cf9606e lzj.icp:8500/ibmcom/rootkit-annotator-amd64:1.3.1 lzj.icp:8500/ibmcom/rootkit-annotator:1.3.1] 549434506} {[lzj.icp:8500/ibmcom/icp-elasticsearch-amd64@sha256:0063a7a931ca4e52d8f7a51f2bdb010345f4373b5b904b52e5c8a48ec0c1fde7 lzj.icp:8500/ibmcom/icp-elasticsearch@sha256:b410aacb6005fe24bfd87b045ea26fde3d6eb3ca52c3f0e4560cdc208944ba50 lzj.icp:8500/ibmcom/icp-elasticsearch-amd64:5.5.1 lzj.icp:8500/ibmcom/icp-elasticsearch:5.5.1] 520121248} {[lzj.icp:8500/ibmcom/logging-pki-init-amd64@sha256:cc4bfa085e1ae99120ee526acd3e62d205e10de6f1c773c521fc5b933914f6a8 lzj.icp:8500/ibmcom/logging-pki-init@sha256:21aa9cbd05a849b4891b15cf636f73545f6001f16c82f8eeed2e90b4f9312377 lzj.icp:8500/ibmcom/logging-pki-init-amd64:2.0.0 lzj.icp:8500/ibmcom/logging-pki-init:2.0.0] 501921135} {[lzj.icp:8500/ibmcom/searchguard-init-amd64@sha256:d19ce1d27f406945d4ed78b0f07007998c2ab3889086e502924847c2186db546 lzj.icp:8500/ibmcom/searchguard-init@sha256:3d0d8a8404a9df5ad238bce1e0542cdda609cc445dfc3964952243d9fc103276 lzj.icp:8500/ibmcom/searchguard-init-amd64:2.0.0 lzj.icp:8500/ibmcom/searchguard-init:2.0.0] 457030441} {[lzj.icp:8500/ibmcom/metering-ui-amd64@sha256:3628a8fe41183c08ea0b02e2e798e3649e4aebe2c2405c34572b9eb7c7c4d9a8 lzj.icp:8500/ibmcom/metering-ui@sha256:d6453f9afecc9b1fc778c195e20bbb39d4ef6262af2f7a9a5ce3cddc259fec99 lzj.icp:8500/ibmcom/metering-ui-amd64:3.1.0 lzj.icp:8500/ibmcom/metering-ui:3.1.0] 385577105} {[lzj.icp:8500/ibmcom/heketi-amd64@sha256:c5b579a4f219c87990f861eb61de86cb9cfb51b6d230b8c299df7d9fd3d02d0e lzj.icp:8500/ibmcom/heketi@sha256:eb6875247a56829a20d0949f034b08a0e682201ab1d88d3cba71972932c254f5 lzj.icp:8500/ibmcom/heketi-amd64:v7.0.0 lzj.icp:8500/ibmcom/heketi:v7.0.0] 384720377} {[lzj.icp:8500/ibmcom/icp-mongodb-amd64@sha256:a305ae8bc309898d86bf60aee968846db3602f77b25924640d5f08a2389ee99d lzj.icp:8500/ibmcom/icp-mongodb@sha256:fe8b55caf7bb855fd4e244450af5195f2243b766c6934d464128bf982b29b345 lzj.icp:8500/ibmcom/icp-mongodb-amd64:3.1.0 lzj.icp:8500/ibmcom/icp-mongodb:3.1.0] 379353410} {[lzj.icp:8500/ibmcom/icp-catalog-ui-amd64@sha256:33993b4eab189e3c78fe27799017da770d47523cf6831460741008bf91297d6d lzj.icp:8500/ibmcom/icp-catalog-ui@sha256:049f3c4946a0ad2c10507e5e42a464448e858fb3ae606cfd84825d340adb1125 lzj.icp:8500/ibmcom/icp-catalog-ui-amd64:3.1.0 lzj.icp:8500/ibmcom/icp-catalog-ui:3.1.0] 363781304} {[lzj.icp:8500/ibmcom/nginx-ingress-controller-amd64@sha256:63b48dd3ba635aa65409f7d6a319e293697810c1b9e885e6255bebf36a2506ab lzj.icp:8500/ibmcom/nginx-ingress-controller@sha256:f68b2ce26292e02ef3dbc6cfae17cec3d54b9afee9bf5298bf95d005c0783143 lzj.icp:8500/ibmcom/nginx-ingress-controller-amd64:0.16.2 lzj.icp:8500/ibmcom/nginx-ingress-controller:0.16.2] 361632894} {[lzj.icp:8500/ibmcom/mariadb-amd64@sha256:1f9876179c32fcf463804f75cbf2fb031106edf2be9d5dbf6705375ca53930bb lzj.icp:8500/ibmcom/mariadb@sha256:2272622e7f6786220d7ee2b482a3050bd34c3e1ecdc99af6175a146610222763 lzj.icp:8500/ibmcom/mariadb-amd64:10.2.17 lzj.icp:8500/ibmcom/mariadb:10.2.17] 358991946} {[lzj.icp:8500/ibmcom/k8szk-amd64@sha256:a9ee22a4df14654552a02303e4560623244683692fd298dd2fb71e9dd66219f3 lzj.icp:8500/ibmcom/k8szk@sha256:20cfeb163fb828c3c3a7c0baf2883e90c72c8d97d20116253903e82aa2be801f lzj.icp:8500/ibmcom/k8szk-amd64:v3 lzj.icp:8500/ibmcom/k8szk:v3] 331472973} {[lzj.icp:8500/ibmcom/gluster-amd64@sha256:647caedb536eb7b8c5c8b0a2b69e52d2a34be9e6c9c7b9c1b21d14fcfa261886 lzj.icp:8500/ibmcom/gluster@sha256:eeabf9b160370078d12a4c2b84f1a9772fe10c64446f0c2251eb53b8b5277baa lzj.icp:8500/ibmcom/gluster-amd64:v4.0.2 lzj.icp:8500/ibmcom/gluster:v4.0.2] 324265531} {[lzj.icp:8500/ibmcom/istio-grafana-amd64@sha256:381a2dd3a5addbc5d43920bc19bb15ba6dbd422e4a9d91163108e72c5a63234c lzj.icp:8500/ibmcom/istio-grafana@sha256:f4fdaf4a51b946f6d4fb9aa82cdbfef53c8e0b7b2223078f9d7f62bb28d3259b lzj.icp:8500/ibmcom/istio-grafana-amd64:1.0.0.1 lzj.icp:8500/ibmcom/istio-grafana:1.0.0.1] 324187770} {[lzj.icp:8500/ibmcom/icp-filebeat-amd64@sha256:03af9b78dad6c2ba857975d10c81e781460796dff1ff1163ea4596f4aa10601d lzj.icp:8500/ibmcom/icp-filebeat@sha256:72669dde64d7ab85bbb9e93428efe548b2693a4eae5168a4705f6e30cd20e584 lzj.icp:8500/ibmcom/icp-filebeat-amd64:5.5.1 lzj.icp:8500/ibmcom/icp-filebeat:5.5.1] 317104874} {[lzj.icp:8500/ibmcom/istio-proxyv2-amd64@sha256:cd77e75fa85ce74914e1b7b0bef980ece8a62ef0d776c9ef51a0d7d30b4b64a0 lzj.icp:8500/ibmcom/istio-proxyv2@sha256:9c94d736c8cbb41e2c5b0b672530eee0df6cbb628d57f4ddaec9f4ff4f49ce35 lzj.icp:8500/ibmcom/istio-proxyv2-amd64:1.0.0.1 lzj.icp:8500/ibmcom/istio-proxyv2:1.0.0.1] 311276139} {[lzj.icp:8500/ibmcom/istio-pilot-amd64@sha256:63352073a964037fd37f6150228231d2e5eca7e0c2920405d6269326d3c54263 lzj.icp:8500/ibmcom/istio-pilot@sha256:ad129a4be7b6d1536c384efd03fb570b973b9c77a56a48e6b9cfe192a76c111e lzj.icp:8500/ibmcom/istio-pilot-amd64:1.0.0.1 lzj.icp:8500/ibmcom/istio-pilot:1.0.0.1] 309502004} {[lzj.icp:8500/ibmcom/fluentd-amd64@sha256:384a99b8d941c93f96ee5b5cbae5b70500219a3f71c73cf4eddd20d9d693e3b3 lzj.icp:8500/ibmcom/fluentd@sha256:f85a5ffd86438f1a73d04caf6e33ef3474675d9fa0947431f4d0a9602fc981af lzj.icp:8500/ibmcom/fluentd-amd64:v1.2.2-icp lzj.icp:8500/ibmcom/fluentd:v1.2.2-icp] 270902701} {[lzj.icp:8500/ibmcom/icp-identity-manager-amd64@sha256:632f31acd0fcfc3d0cebea31cfb71018f6712bd1a1b4da7476942b3c23aa3521 lzj.icp:8500/ibmcom/icp-identity-manager@sha256:993462e02a42c15b03722d935809476c8e10e6e0b3a2669eb528081e92a49859 lzj.icp:8500/ibmcom/icp-identity-manager-amd64:3.1.0 lzj.icp:8500/ibmcom/icp-identity-manager:3.1.0] 268667523} {[lzj.icp:8500/ibmcom/elasticsearch-plugin-searchguard-amd64@sha256:28f88d06bbbc073162702064c1be4ad06272e9021cbc0f929ba8c6da2ca25ae6 lzj.icp:8500/ibmcom/elasticsearch-plugin-searchguard@sha256:f47116021e3eec7b2fed9f6ed8bd77fd890457e5a1546dda7f863c032d4395b1 lzj.icp:8500/ibmcom/elasticsearch-plugin-searchguard-amd64:2.0.0 lzj.icp:8500/ibmcom/elasticsearch-plugin-searchguard:2.0.0] 267864279} {[lzj.icp:8500/ibmcom/kiali-amd64@sha256:bec63b454cf2e597c61f6a9943144050e5e6fc7a4f6474bc3bb6b627ba20c71c lzj.icp:8500/ibmcom/kiali@sha256:71a50e9885495157454657bc93842a7310e96e822a4117ad751ad81af83fde5e lzj.icp:8500/ibmcom/kiali-amd64:istio-release-1.0.0.1 lzj.icp:8500/ibmcom/kiali:istio-release-1.0.0.1] 265771300} {[lzj.icp:8500/ibmcom/calico-node-amd64@sha256:9871f4dde9eab9fd804b12f3114da36505ff5c220e2323b7434eec24e3b23ac5 lzj.icp:8500/ibmcom/calico-node@sha256:85a23d8030137d49663d3d82844a61998331606de9fc523dfdd0a75be7fb9828 lzj.icp:8500/ibmcom/calico-node-amd64:v3.1.3 lzj.icp:8500/ibmcom/calico-node:v3.1.3] 248202699} {[lzj.icp:8500/ibmcom/grafana-amd64@sha256:dc3566257a0c716caedfb33127d8ee385290c1dda006bebfb75c376d56b30c88 lzj.icp:8500/ibmcom/grafana@sha256:5d2739d3ec5c7f6ea66d69caa918b764660b99a3d37cb1f4123f1a9623ce8e38 lzj.icp:8500/ibmcom/grafana-amd64:5.2.0 lzj.icp:8500/ibmcom/grafana:5.2.0] 245297582} {[lzj.icp:8500/ibmcom/indices-cleaner-amd64@sha256:e6c6453d54012488e9ebfaa9e4d829f567d8e66b24c1613e6d88ca192ed5e85b lzj.icp:8500/ibmcom/indices-cleaner@sha256:31dac3be1246f17dddade06b517c073244ce56d85bc54135fdaf010dbb0bca10 lzj.icp:8500/ibmcom/indices-cleaner-amd64:1.0.0 lzj.icp:8500/ibmcom/indices-cleaner:1.0.0] 238131553} {[lzj.icp:8500/ibmcom/icp-identity-provider-amd64@sha256:24dba8b07c8295eef99abbf8d83041908516e4e50e4e4cfbbbcd53bdf415dda1 lzj.icp:8500/ibmcom/icp-identity-provider@sha256:b5bf63419b53ba550cad7a1b835d0d0eaae1fde8851c7936f8deb603fef673a6 lzj.icp:8500/ibmcom/icp-identity-provider-amd64:3.1.0 lzj.icp:8500/ibmcom/icp-identity-provider:3.1.0] 224286517} {[lzj.icp:8500/ibmcom/curl-amd64@sha256:aad05b4e4529f7e70516d8d3028cae6cd1d50de738ce164f2a532ce2470ac43f lzj.icp:8500/ibmcom/curl@sha256:adf92a267e351914d041a56d64ebe80331c45f8e20ab23b7ada67bea78da9996 lzj.icp:8500/ibmcom/curl-amd64:4.0.0 lzj.icp:8500/ibmcom/curl:4.0.0] 221192597} {[lzj.icp:8500/ibmcom/icp-audit-service-amd64@sha256:9add202c06a43da647380c860d9139fa059701fe103c1f229281215bf99dbbd3 lzj.icp:8500/ibmcom/icp-audit-service@sha256:7c3d710c31f6f5ae0227edc1599bdf64bc82e4fcd2b3aa8f197148240d2ab01c lzj.icp:8500/ibmcom/icp-audit-service-amd64:3.1.0 lzj.icp:8500/ibmcom/icp-audit-service:3.1.0] 215897363}],VolumesInUse:[],VolumesAttached:[],Config:&amp;NodeConfigStatus{Assigned:nil,Active:nil,LastKnownGood:nil,Error:,},},}&#xA;Sep 19 08:07:19.742: INFO: &#xA;Logging kubelet events for node 10.46.6.172&#xA;Sep 19 08:07:19.745: INFO: &#xA;Logging pods the kubelet thinks is on node 10.46.6.172&#xA;Sep 19 08:07:19.767: INFO: nvidia-device-plugin-w9jr8 started at 2018-09-17 07:07:17 +0000 UTC (1+1 container statuses recorded)&#xA;Sep 19 08:07:19.767: INFO: &#x9;Init container nvidia-driver-collector ready: true, restart count 0&#xA;Sep 19 08:07:19.767: INFO: &#x9;Container nvidia-device-plugin ready: true, restart count 0&#xA;Sep 19 08:07:19.767: INFO: metering-reader-gsrdg started at 2018-09-17 07:14:11 +0000 UTC (1+1 container statuses recorded)&#xA;Sep 19 08:07:19.767: INFO: &#x9;Init container metering-reader-init ready: true, restart count 1&#xA;Sep 19 08:07:19.767: INFO: &#x9;Container metering-reader ready: true, restart count 0&#xA;Sep 19 08:07:19.767: INFO: logging-elk-filebeat-ds-vpk48 started at 2018-09-17 07:15:20 +0000 UTC (0+1 container statuses recorded)&#xA;Sep 19 08:07:19.767: INFO: &#x9;Container filebeat ready: true, restart count 0&#xA;Sep 19 08:07:19.767: INFO: vulnerability-advisor-password-annotator-79b5d794b5-wnwqn started at 2018-09-17 07:19:05 +0000 UTC (0+1 container statuses recorded)&#xA;Sep 19 08:07:19.767: INFO: &#x9;Container config-parser ready: true, restart count 3&#xA;Sep 19 08:07:19.767: INFO: vulnerability-advisor-vulnerability-annotator-bcbf5595f-hxwst started at 2018-09-17 07:19:10 +0000 UTC (0+1 container statuses recorded)&#xA;Sep 19 08:07:19.767: INFO: &#x9;Container va-annotator ready: true, restart count 3&#xA;Sep 19 08:07:19.767: INFO: vulnerability-advisor-minio-0 started at 2018-09-17 07:19:16 +0000 UTC (1+1 container statuses recorded)&#xA;Sep 19 08:07:19.767: INFO: &#x9;Init container wait-kafka ready: true, restart count 1&#xA;Sep 19 08:07:19.767: INFO: &#x9;Container minio-server ready: true, restart count 0&#xA;Sep 19 08:07:19.767: INFO: audit-logging-fluentd-ds-8bh4t started at 2018-09-17 07:18:46 +0000 UTC (0+1 container statuses recorded)&#xA;Sep 19 08:07:19.767: INFO: &#x9;Container fluentd ready: true, restart count 0&#xA;Sep 19 08:07:19.767: INFO: vulnerability-advisor-live-crawler-84st2 started at 2018-09-17 07:19:03 +0000 UTC (0+1 container statuses recorded)&#xA;Sep 19 08:07:19.767: INFO: &#x9;Container live-crawler ready: true, restart count 0&#xA;Sep 19 08:07:19.767: INFO: vulnerability-advisor-process-ma-annotator-58f47d5b5f-xbxrc started at 2018-09-17 07:19:06 +0000 UTC (0+2 container statuses recorded)&#xA;Sep 19 08:07:19.767: INFO: &#x9;Container icp-audit-service ready: true, restart count 0&#xA;Sep 19 08:07:19.767: INFO: &#x9;Container process-ma-annotator ready: true, restart count 2&#xA;Sep 19 08:07:19.767: INFO: vulnerability-advisor-compliance-indexer-7cbdc64b57-47lmd started at 2018-09-17 07:19:07 +0000 UTC (0+1 container statuses recorded)&#xA;Sep 19 08:07:19.767: INFO: &#x9;Container py-compliance-indexer ready: true, restart count 0&#xA;Sep 19 08:07:19.767: INFO: vulnerability-advisor-minio-cleaner-1537228740-55f4w started at 2018-09-17 23:59:03 +0000 UTC (0+1 container statuses recorded)&#xA;Sep 19 08:07:19.767: INFO: &#x9;Container cleaner ready: false, restart count 0&#xA;Sep 19 08:07:19.767: INFO: vulnerability-advisor-rootkit-indexer-cd8b4646b-xlhwq started at 2018-09-17 07:19:07 +0000 UTC (0+1 container statuses recorded)&#xA;Sep 19 08:07:19.767: INFO: &#x9;Container py-rootkit-indexer ready: true, restart count 0&#xA;Sep 19 08:07:19.767: INFO: vulnerability-advisor-secconfig-indexer-674647df7c-qq5ff started at 2018-09-17 07:19:07 +0000 UTC (0+1 container statuses recorded)&#xA;Sep 19 08:07:19.767: INFO: &#x9;Container py-secconfig-indexer ready: true, restart count 0&#xA;Sep 19 08:07:19.767: INFO: k8s-proxy-10.46.6.172 started at &lt;nil&gt; (0+0 container statuses recorded)&#xA;Sep 19 08:07:19.767: INFO: vulnerability-advisor-process-ma-crawler-24z6k started at 2018-09-17 07:19:03 +0000 UTC (0+1 container statuses recorded)&#xA;Sep 19 08:07:19.767: INFO: &#x9;Container process-ma-crawler ready: true, restart count 0&#xA;Sep 19 08:07:19.767: INFO: vulnerability-advisor-config-parser-5d44b78fd5-z4k9t started at 2018-09-17 07:19:04 +0000 UTC (0+1 container statuses recorded)&#xA;Sep 19 08:07:19.767: INFO: &#x9;Container config-parser ready: true, restart count 4&#xA;Sep 19 08:07:19.768: INFO: vulnerability-advisor-notification-dispatcher-86f8bf4b4d-cfdzb started at 2018-09-17 07:19:04 +0000 UTC (0+1 container statuses recorded)&#xA;Sep 19 08:07:19.768: INFO: &#x9;Container notification-dispatcher ready: true, restart count 3&#xA;Sep 19 08:07:19.768: INFO: vulnerability-advisor-process-ma-annotator-init-869545d547nn27w started at 2018-09-17 07:19:06 +0000 UTC (0+1 container statuses recorded)&#xA;Sep 19 08:07:19.768: INFO: &#x9;Container process-ma-annotator ready: true, restart count 0&#xA;Sep 19 08:07:19.768: INFO: vulnerability-advisor-process-ma-annotator-58f47d5b5f-4wglg started at 2018-09-17 07:19:06 +0000 UTC (0+2 container statuses recorded)&#xA;Sep 19 08:07:19.768: INFO: &#x9;Container icp-audit-service ready: true, restart count 0&#xA;Sep 19 08:07:19.768: INFO: &#x9;Container process-ma-annotator ready: true, restart count 1&#xA;Sep 19 08:07:19.768: INFO: vulnerability-advisor-registry-crawler-6f9568677b-bfpm6 started at 2018-09-17 07:19:08 +0000 UTC (0+1 container statuses recorded)&#xA;Sep 19 08:07:19.768: INFO: &#x9;Container reg-crawler ready: true, restart count 0&#xA;Sep 19 08:07:19.768: INFO: vulnerability-advisor-minio-cleaner-1537315140-nqk7v started at 2018-09-18 23:59:04 +0000 UTC (0+1 container statuses recorded)&#xA;Sep 19 08:07:19.768: INFO: &#x9;Container cleaner ready: false, restart count 0&#xA;Sep 19 08:07:19.768: INFO: vulnerability-advisor-ma-file-annotator-6b95df8886-jtczz started at 2018-09-17 07:19:04 +0000 UTC (0+2 container statuses recorded)&#xA;Sep 19 08:07:19.768: INFO: &#x9;Container icp-audit-service ready: true, restart count 0&#xA;Sep 19 08:07:19.768: INFO: &#x9;Container vulnerability-advisor-ma-file-annotator ready: true, restart count 1&#xA;Sep 19 08:07:19.768: INFO: vulnerability-advisor-sas-apiserver-5fd8d44bc9-7bvkn started at 2018-09-17 07:19:09 +0000 UTC (0+3 container statuses recorded)&#xA;Sep 19 08:07:19.768: INFO: &#x9;Container icp-audit-service ready: true, restart count 0&#xA;Sep 19 08:07:19.768: INFO: &#x9;Container sas-api-server ready: true, restart count 0&#xA;Sep 19 08:07:19.768: INFO: &#x9;Container sas-proxy-server ready: true, restart count 0&#xA;Sep 19 08:07:19.768: INFO: vulnerability-advisor-zookeeper-0 started at 2018-09-17 07:19:15 +0000 UTC (0+1 container statuses recorded)&#xA;Sep 19 08:07:19.768: INFO: &#x9;Container zookeeper-server ready: true, restart count 0&#xA;Sep 19 08:07:19.768: INFO: vulnerability-advisor-compliance-annotator-d5659b9d9-kmn8q started at 2018-09-17 07:19:03 +0000 UTC (0+1 container statuses recorded)&#xA;Sep 19 08:07:19.768: INFO: &#x9;Container compliance-annotator ready: true, restart count 4&#xA;Sep 19 08:07:19.768: INFO: vulnerability-advisor-rootkit-annotator-74cb65b5cf-2dk5j started at 2018-09-17 07:19:08 +0000 UTC (0+1 container statuses recorded)&#xA;Sep 19 08:07:19.768: INFO: &#x9;Container rootkit-annotator ready: true, restart count 3&#xA;Sep 19 08:07:19.768: INFO: vulnerability-advisor-sas-mgmt-64fb95bc44-j9vjc started at 2018-09-17 07:19:08 +0000 UTC (0+1 container statuses recorded)&#xA;Sep 19 08:07:19.768: INFO: &#x9;Container sas-mgmt-server ready: true, restart count 0&#xA;Sep 19 08:07:19.768: INFO: monitoring-prometheus-nodeexporter-v4l7d started at 2018-09-17 07:15:44 +0000 UTC (0+2 container statuses recorded)&#xA;Sep 19 08:07:19.768: INFO: &#x9;Container nodeexporter ready: true, restart count 0&#xA;Sep 19 08:07:19.768: INFO: &#x9;Container router ready: true, restart count 0&#xA;Sep 19 08:07:19.768: INFO: vulnerability-advisor-vulnerability-indexer-7c79b4c964-2n8cg started at 2018-09-17 07:19:07 +0000 UTC (0+1 container statuses recorded)&#xA;Sep 19 08:07:19.768: INFO: &#x9;Container py-vulnerability-indexer ready: true, restart count 0&#xA;Sep 19 08:07:19.768: INFO: vulnerability-advisor-secconfig-annotator-7dbcf5d9f4-fkmkb started at 2018-09-17 07:19:10 +0000 UTC (0+1 container statuses recorded)&#xA;Sep 19 08:07:19.768: INFO: &#x9;Container secconfig-annotator ready: true, restart count 0&#xA;Sep 19 08:07:19.768: INFO: vulnerability-advisor-statsd-7746859df4-jjm6f started at 2018-09-17 07:19:10 +0000 UTC (0+1 container statuses recorded)&#xA;Sep 19 08:07:19.768: INFO: &#x9;Container statsd ready: true, restart count 0&#xA;Sep 19 08:07:19.768: INFO: vulnerability-advisor-usncrawler-8h976 started at 2018-09-17 07:19:11 +0000 UTC (0+1 container statuses recorded)&#xA;Sep 19 08:07:19.768: INFO: &#x9;Container usnloader-job ready: false, restart count 0&#xA;Sep 19 08:07:19.768: INFO: calico-node-wsknj started at 2018-09-17 07:05:53 +0000 UTC (0+2 container statuses recorded)&#xA;Sep 19 08:07:19.768: INFO: &#x9;Container calico-node ready: true, restart count 0&#xA;Sep 19 08:07:19.768: INFO: &#x9;Container install-cni ready: true, restart count 0&#xA;Sep 19 08:07:19.768: INFO: vulnerability-advisor-cos-indexer-57899b7dd6-7cpf8 started at 2018-09-17 07:19:04 +0000 UTC (0+1 container statuses recorded)&#xA;Sep 19 08:07:19.768: INFO: &#x9;Container cos-indexer ready: true, restart count 3&#xA;Sep 19 08:07:19.768: INFO: vulnerability-advisor-kafka-0 started at 2018-09-17 07:19:13 +0000 UTC (0+1 container statuses recorded)&#xA;Sep 19 08:07:19.768: INFO: &#x9;Container kafka-server ready: true, restart count 2&#xA;Sep 19 08:07:19.817: INFO: &#xA;Latency metrics for node 10.46.6.172&#xA;Sep 19 08:07:19.817: INFO: &#xA;Logging node info for node 10.46.6.173&#xA;Sep 19 08:07:19.820: INFO: Node Info: &amp;Node{ObjectMeta:k8s_io_apimachinery_pkg_apis_meta_v1.ObjectMeta{Name:10.46.6.173,GenerateName:,Namespace:,SelfLink:/api/v1/nodes/10.46.6.173,UID:3dc7268b-ba44-11e8-b20e-fa163e707b2e,ResourceVersion:464309,Generation:0,CreationTimestamp:2018-09-17 06:38:09 +0000 UTC,DeletionTimestamp:&lt;nil&gt;,DeletionGracePeriodSeconds:nil,Labels:map[string]string{beta.kubernetes.io/arch: amd64,beta.kubernetes.io/os: linux,etcd: true,kubernetes.io/hostname: 10.46.6.173,master: true,node-role.kubernetes.io/etcd: true,node-role.kubernetes.io/master: true,node-role.kubernetes.io/proxy: true,proxy: true,role: master,},Annotations:map[string]string{node.alpha.kubernetes.io/ttl: 0,volumes.kubernetes.io/controller-managed-attach-detach: true,},OwnerReferences:[],Finalizers:[],ClusterName:,Initializers:nil,},Spec:NodeSpec{PodCIDR:,DoNotUse_ExternalID:,ProviderID:,Unschedulable:false,Taints:[{dedicated proxy NoSchedule &lt;nil&gt;}],ConfigSource:nil,},Status:NodeStatus{Capacity:ResourceList{cpu: {{32 0} {&lt;nil&gt;} 32 DecimalSI},ephemeral-storage: {{107362627584 0} {&lt;nil&gt;} 104846316Ki BinarySI},hugepages-1Gi: {{0 0} {&lt;nil&gt;} 0 DecimalSI},hugepages-2Mi: {{0 0} {&lt;nil&gt;} 0 DecimalSI},memory: {{135202160640 0} {&lt;nil&gt;}  BinarySI},pods: {{320 0} {&lt;nil&gt;} 320 DecimalSI},},Allocatable:ResourceList{cpu: {{32 0} {&lt;nil&gt;} 32 DecimalSI},ephemeral-storage: {{107257769984 0} {&lt;nil&gt;} 104743916Ki BinarySI},hugepages-1Gi: {{0 0} {&lt;nil&gt;} 0 DecimalSI},hugepages-2Mi: {{0 0} {&lt;nil&gt;} 0 DecimalSI},memory: {{135097303040 0} {&lt;nil&gt;}  BinarySI},pods: {{320 0} {&lt;nil&gt;} 320 DecimalSI},},Phase:,Conditions:[{OutOfDisk False 2018-09-19 08:07:14 +0000 UTC 2018-09-17 06:38:09 +0000 UTC KubeletHasSufficientDisk kubelet has sufficient disk space available} {MemoryPressure False 2018-09-19 08:07:14 +0000 UTC 2018-09-17 06:38:09 +0000 UTC KubeletHasSufficientMemory kubelet has sufficient memory available} {DiskPressure False 2018-09-19 08:07:14 +0000 UTC 2018-09-17 06:38:09 +0000 UTC KubeletHasNoDiskPressure kubelet has no disk pressure} {PIDPressure False 2018-09-19 08:07:14 +0000 UTC 2018-09-17 06:38:09 +0000 UTC KubeletHasSufficientPID kubelet has sufficient PID available} {Ready True 2018-09-19 08:07:14 +0000 UTC 2018-09-17 07:06:09 +0000 UTC KubeletReady kubelet is posting ready status}],Addresses:[{InternalIP 10.46.6.173} {Hostname 10.46.6.173}],DaemonEndpoints:NodeDaemonEndpoints{KubeletEndpoint:DaemonEndpoint{Port:10250,},},NodeInfo:NodeSystemInfo{MachineID:52ca0d2c3fb341c79b059a96d10571a6,SystemUUID:DA83D170-F88E-40EB-A0A3-2918CD5F6005,BootID:806b09ea-0a42-4719-bbaa-13e375c7b62f,KernelVersion:3.10.0-862.9.1.el7.x86_64,OSImage:Red Hat Enterprise Linux,ContainerRuntimeVersion:docker://18.3.1,KubeletVersion:v1.11.1+icp-ee,KubeProxyVersion:v1.11.1+icp-ee,OperatingSystem:linux,Architecture:amd64,},Images:[{[lzj.icp:8500/ibmcom/statsd-amd64@sha256:5ee11bc24bced45a77d9d630348680f319c09d9d3b2230b04518d1e2a5263ae2 lzj.icp:8500/ibmcom/statsd-amd64:0.7.2.1 lzj.icp:8500/ibmcom/statsd:0.7.2.1] 1234731808} {[lzj.icp:8500/ibmcom/kafka-amd64@sha256:0d6d348ccd7aa2854d60791331280e58db92029a522c8bfb3eb40c7c0913ca8f lzj.icp:8500/ibmcom/kafka-amd64:0.10.0.2 lzj.icp:8500/ibmcom/kafka:0.10.0.2] 1114805679} {[lzj.icp:8500/ibmcom/iam-token-service-amd64@sha256:9211161e5b5b9d892a99b46fad4429333ceb7143b4039419df7ea0efa36381a9 lzj.icp:8500/ibmcom/iam-token-service-amd64:3.1.0 lzj.icp:8500/ibmcom/iam-token-service:3.1.0] 1051060152} {[lzj.icp:8500/ibmcom/icp-platform-auth-amd64@sha256:abc258009b8696a83214b7a9d9df63f6d83e19cfca2987c4836b0eadfa4c99c7 lzj.icp:8500/ibmcom/icp-platform-auth-amd64:3.1.0 lzj.icp:8500/ibmcom/icp-platform-auth:3.1.0] 1028283742} {[lzj.icp:8500/ibmcom/reg-crawler-amd64@sha256:9e5d4ebbac3dd6cbf9f892b5bd634f89fae3d4b2e6a23debd3ecd322e3eb817e lzj.icp:8500/ibmcom/reg-crawler-amd64:1.3.1 lzj.icp:8500/ibmcom/reg-crawler:1.3.1] 1007817363} {[lzj.icp:8500/ibmcom/live-crawler-amd64@sha256:37a79ec87bd3c8b9af25cf1e25f4f14281ffb9f5ebeaf61c0b7c8a5799baf782 lzj.icp:8500/ibmcom/live-crawler-amd64:1.3.1 lzj.icp:8500/ibmcom/live-crawler:1.3.1] 987515538} {[lzj.icp:8500/ibmcom/cos-indexer-amd64@sha256:adf28ff960ebdcbfcfa5e4522b81aa3565338f8d640dad611a1c3f0d3894393b lzj.icp:8500/ibmcom/cos-indexer-amd64:1.3.1 lzj.icp:8500/ibmcom/cos-indexer:1.3.1] 846578165} {[lzj.icp:8500/ibmcom/secure-config-annotator-amd64@sha256:26e845c6a252e0c5ae73e764645993b3270e289d1a2e9784b06ddd7898ca45d9 lzj.icp:8500/ibmcom/secure-config-annotator-amd64:1.3.1 lzj.icp:8500/ibmcom/secure-config-annotator:1.3.1] 835555196} {[lzj.icp:8500/ibmcom/hyperkube-amd64@sha256:9eaadf7c2a417ee2a9a219e2eadf21884742199a484be2ca737f0e8a178d490a lzj.icp:8500/ibmcom/hyperkube-amd64:v1.11.1-ee lzj.icp:8500/ibmcom/hyperkube:v1.11.1-ee] 782626408} {[lzj.icp:8500/ibmcom/compliance-annotator-amd64@sha256:5d8bbbef3a7dc54ba9addb256d2aa8a3f7d5c27a454ff4b7ee583b217dac2ce4 lzj.icp:8500/ibmcom/compliance-annotator-amd64:1.3.1 lzj.icp:8500/ibmcom/compliance-annotator:1.3.1] 773932738} {[lzj.icp:8500/ibmcom/icp-logstash-amd64@sha256:02a683ee6ad9eeed7ea8ebb1de713aaf902a9e20a39ccc0294ee1f947f1bbd73 lzj.icp:8500/ibmcom/icp-logstash-amd64:5.5.1 lzj.icp:8500/ibmcom/icp-logstash:5.5.1] 764906887} {[lzj.icp:8500/ibmcom/process-ma-hf-amd64@sha256:ef0d164350d07600f8037082db7d98cf81b9c554d8a60692ae90b8d0239a8cdc lzj.icp:8500/ibmcom/process-ma-hf-amd64:1.3.1 lzj.icp:8500/ibmcom/process-ma-hf:1.3.1] 758635128} {[lzj.icp:8500/ibmcom/vulnerability-annotator-amd64@sha256:febedf85b65e0d1800e67249274d474d4ce67e8041e81487f76bce727cb39bd4 lzj.icp:8500/ibmcom/vulnerability-annotator-amd64:1.3.1 lzj.icp:8500/ibmcom/vulnerability-annotator:1.3.1] 757013017} {[lzj.icp:8500/ibmcom/py-generic-indexer-amd64@sha256:45cb17e23e15f4dfe44471309af12f0655aad5f8e859c718f393290f220b02b2 lzj.icp:8500/ibmcom/py-generic-indexer-amd64:1.3.1 lzj.icp:8500/ibmcom/py-generic-indexer:1.3.1] 755588945} {[lzj.icp:8500/ibmcom/icp-inception-amd64@sha256:1dad180d14ae732d17ca5cf41b87dbb316c072323f186d60a08a753f904eb5b2 ibmcom/icp-inception-amd64:3.1.0-ee lzj.icp:8500/ibmcom/icp-inception-amd64:3.1.0-ee lzj.icp:8500/ibmcom/icp-inception:3.1.0-ee] 744155119} {[lzj.icp:8500/ibmcom/config-parser-amd64@sha256:7d721e0b5a827921ac16fa9e7570db225211e6dd700cdeaba1d28ba02ff8ef6d lzj.icp:8500/ibmcom/config-parser-amd64:1.3.1 lzj.icp:8500/ibmcom/config-parser:1.3.1] 739243486} {[lzj.icp:8500/ibmcom/iam-policy-administration-amd64@sha256:e1941aa09a5b692505cb3be3e497d3ff9acb900786b9a2c8c4c00d0243b37dd0 lzj.icp:8500/ibmcom/iam-policy-administration-amd64:3.1.0 lzj.icp:8500/ibmcom/iam-policy-administration:3.1.0] 711947327} {[lzj.icp:8500/ibmcom/password-annotator-amd64@sha256:bca1b6b222d8ea8ade174a8cc1a549f161d75d3e9d69881f08a1fb316a8e27d3 lzj.icp:8500/ibmcom/password-annotator-amd64:1.3.1 lzj.icp:8500/ibmcom/password-annotator:1.3.1] 707627907} {[lzj.icp:8500/ibmcom/notification-dispatcher-amd64@sha256:ec8dfbc351a0d758488f9f8bfa17c3182a5c02819a6ebf7144ab914a2233cf57 lzj.icp:8500/ibmcom/notification-dispatcher-amd64:1.3.1 lzj.icp:8500/ibmcom/notification-dispatcher:1.3.1] 707588442} {[lzj.icp:8500/ibmcom/sas-base-amd64@sha256:9651b1149c62d5a0968aaeffe71f2da68cd7e07ff8d7ea67538278c00ab08457 lzj.icp:8500/ibmcom/sas-base-amd64:1.3.1 lzj.icp:8500/ibmcom/sas-base:1.3.1] 653746081} {[lzj.icp:8500/ibmcom/ma-file-annotator-amd64@sha256:8caa6280fd845fd524ad874a6b243510ebf085d58c989229020fcfc743492632 lzj.icp:8500/ibmcom/ma-file-annotator-amd64:1.3.1 lzj.icp:8500/ibmcom/ma-file-annotator:1.3.1] 653745236} {[lzj.icp:8500/ibmcom/icp-kibana-amd64@sha256:8b69887ac5297e1d2e68b9c2ce885b9a888f6c278ca1538acb0f03206b48502a lzj.icp:8500/ibmcom/icp-kibana-amd64:5.5.1 lzj.icp:8500/ibmcom/icp-kibana:5.5.1] 639622018} {[lzj.icp:8500/ibmcom/icp-platform-api-amd64@sha256:1fc47925c2611aef12631b3f3806308f55a298074aebc561fd04cf8a7691c669 lzj.icp:8500/ibmcom/icp-platform-api-amd64:3.1.0 lzj.icp:8500/ibmcom/icp-platform-api:3.1.0] 612589125} {[lzj.icp:8500/ibmcom/iam-policy-decision-amd64@sha256:d49eb3845c57bb8370a477949d92da10a178b81ade50f0e9d970981fadd6686d lzj.icp:8500/ibmcom/iam-policy-decision-amd64:3.1.0 lzj.icp:8500/ibmcom/iam-policy-decision:3.1.0] 559718344} {[lzj.icp:8500/ibmcom/rootkit-annotator-amd64@sha256:caf6c24136b8785d901f346a640d673b55fe105c3617cfcb432ee2006f5b1cf4 lzj.icp:8500/ibmcom/rootkit-annotator-amd64:1.3.1 lzj.icp:8500/ibmcom/rootkit-annotator:1.3.1] 549434506} {[lzj.icp:8500/ibmcom/icp-elasticsearch-amd64@sha256:0063a7a931ca4e52d8f7a51f2bdb010345f4373b5b904b52e5c8a48ec0c1fde7 lzj.icp:8500/ibmcom/icp-elasticsearch-amd64:5.5.1 lzj.icp:8500/ibmcom/icp-elasticsearch:5.5.1] 520121248} {[lzj.icp:8500/ibmcom/logging-pki-init-amd64@sha256:cc4bfa085e1ae99120ee526acd3e62d205e10de6f1c773c521fc5b933914f6a8 lzj.icp:8500/ibmcom/logging-pki-init-amd64:2.0.0 lzj.icp:8500/ibmcom/logging-pki-init:2.0.0] 501921135} {[lzj.icp:8500/ibmcom/searchguard-init-amd64@sha256:d19ce1d27f406945d4ed78b0f07007998c2ab3889086e502924847c2186db546 lzj.icp:8500/ibmcom/searchguard-init-amd64:2.0.0 lzj.icp:8500/ibmcom/searchguard-init:2.0.0] 457030441} {[lzj.icp:8500/ibmcom/metering-ui-amd64@sha256:3628a8fe41183c08ea0b02e2e798e3649e4aebe2c2405c34572b9eb7c7c4d9a8 lzj.icp:8500/ibmcom/metering-ui-amd64:3.1.0 lzj.icp:8500/ibmcom/metering-ui:3.1.0] 385577105} {[lzj.icp:8500/ibmcom/heketi-amd64@sha256:c5b579a4f219c87990f861eb61de86cb9cfb51b6d230b8c299df7d9fd3d02d0e lzj.icp:8500/ibmcom/heketi-amd64:v7.0.0 lzj.icp:8500/ibmcom/heketi:v7.0.0] 384720377} {[lzj.icp:8500/ibmcom/icp-mongodb-amd64@sha256:a305ae8bc309898d86bf60aee968846db3602f77b25924640d5f08a2389ee99d lzj.icp:8500/ibmcom/icp-mongodb-amd64:3.1.0 lzj.icp:8500/ibmcom/icp-mongodb:3.1.0] 379353410} {[lzj.icp:8500/ibmcom/icp-catalog-ui-amd64@sha256:33993b4eab189e3c78fe27799017da770d47523cf6831460741008bf91297d6d lzj.icp:8500/ibmcom/icp-catalog-ui-amd64:3.1.0 lzj.icp:8500/ibmcom/icp-catalog-ui:3.1.0] 363781304} {[lzj.icp:8500/ibmcom/nginx-ingress-controller-amd64@sha256:63b48dd3ba635aa65409f7d6a319e293697810c1b9e885e6255bebf36a2506ab lzj.icp:8500/ibmcom/nginx-ingress-controller-amd64:0.16.2 lzj.icp:8500/ibmcom/nginx-ingress-controller:0.16.2] 361632894} {[lzj.icp:8500/ibmcom/mariadb-amd64@sha256:1f9876179c32fcf463804f75cbf2fb031106edf2be9d5dbf6705375ca53930bb lzj.icp:8500/ibmcom/mariadb-amd64:10.2.17 lzj.icp:8500/ibmcom/mariadb:10.2.17] 358991946} {[lzj.icp:8500/ibmcom/k8szk-amd64@sha256:a9ee22a4df14654552a02303e4560623244683692fd298dd2fb71e9dd66219f3 lzj.icp:8500/ibmcom/k8szk-amd64:v3 lzj.icp:8500/ibmcom/k8szk:v3] 331472973} {[lzj.icp:8500/ibmcom/gluster-amd64@sha256:647caedb536eb7b8c5c8b0a2b69e52d2a34be9e6c9c7b9c1b21d14fcfa261886 lzj.icp:8500/ibmcom/gluster-amd64:v4.0.2 lzj.icp:8500/ibmcom/gluster:v4.0.2] 324265531} {[lzj.icp:8500/ibmcom/istio-grafana-amd64@sha256:381a2dd3a5addbc5d43920bc19bb15ba6dbd422e4a9d91163108e72c5a63234c lzj.icp:8500/ibmcom/istio-grafana-amd64:1.0.0.1 lzj.icp:8500/ibmcom/istio-grafana:1.0.0.1] 324187770} {[lzj.icp:8500/ibmcom/icp-filebeat-amd64@sha256:03af9b78dad6c2ba857975d10c81e781460796dff1ff1163ea4596f4aa10601d lzj.icp:8500/ibmcom/icp-filebeat-amd64:5.5.1 lzj.icp:8500/ibmcom/icp-filebeat:5.5.1] 317104874} {[lzj.icp:8500/ibmcom/istio-proxyv2-amd64@sha256:cd77e75fa85ce74914e1b7b0bef980ece8a62ef0d776c9ef51a0d7d30b4b64a0 lzj.icp:8500/ibmcom/istio-proxyv2-amd64:1.0.0.1 lzj.icp:8500/ibmcom/istio-proxyv2:1.0.0.1] 311276139} {[lzj.icp:8500/ibmcom/istio-pilot-amd64@sha256:63352073a964037fd37f6150228231d2e5eca7e0c2920405d6269326d3c54263 lzj.icp:8500/ibmcom/istio-pilot-amd64:1.0.0.1 lzj.icp:8500/ibmcom/istio-pilot:1.0.0.1] 309502004} {[lzj.icp:8500/ibmcom/fluentd-amd64@sha256:384a99b8d941c93f96ee5b5cbae5b70500219a3f71c73cf4eddd20d9d693e3b3 lzj.icp:8500/ibmcom/fluentd-amd64:v1.2.2-icp lzj.icp:8500/ibmcom/fluentd:v1.2.2-icp] 270902701} {[lzj.icp:8500/ibmcom/icp-identity-manager-amd64@sha256:632f31acd0fcfc3d0cebea31cfb71018f6712bd1a1b4da7476942b3c23aa3521 lzj.icp:8500/ibmcom/icp-identity-manager-amd64:3.1.0 lzj.icp:8500/ibmcom/icp-identity-manager:3.1.0] 268667523} {[lzj.icp:8500/ibmcom/elasticsearch-plugin-searchguard-amd64@sha256:28f88d06bbbc073162702064c1be4ad06272e9021cbc0f929ba8c6da2ca25ae6 lzj.icp:8500/ibmcom/elasticsearch-plugin-searchguard-amd64:2.0.0 lzj.icp:8500/ibmcom/elasticsearch-plugin-searchguard:2.0.0] 267864279} {[lzj.icp:8500/ibmcom/kiali-amd64@sha256:bec63b454cf2e597c61f6a9943144050e5e6fc7a4f6474bc3bb6b627ba20c71c lzj.icp:8500/ibmcom/kiali-amd64:istio-release-1.0.0.1 lzj.icp:8500/ibmcom/kiali:istio-release-1.0.0.1] 265771300} {[lzj.icp:8500/ibmcom/calico-node-amd64@sha256:9871f4dde9eab9fd804b12f3114da36505ff5c220e2323b7434eec24e3b23ac5 lzj.icp:8500/ibmcom/calico-node-amd64:v3.1.3 lzj.icp:8500/ibmcom/calico-node:v3.1.3] 248202699} {[lzj.icp:8500/ibmcom/grafana-amd64@sha256:dc3566257a0c716caedfb33127d8ee385290c1dda006bebfb75c376d56b30c88 lzj.icp:8500/ibmcom/grafana-amd64:5.2.0 lzj.icp:8500/ibmcom/grafana:5.2.0] 245297582} {[lzj.icp:8500/ibmcom/indices-cleaner-amd64@sha256:e6c6453d54012488e9ebfaa9e4d829f567d8e66b24c1613e6d88ca192ed5e85b lzj.icp:8500/ibmcom/indices-cleaner-amd64:1.0.0 lzj.icp:8500/ibmcom/indices-cleaner:1.0.0] 238131553} {[lzj.icp:8500/ibmcom/icp-identity-provider-amd64@sha256:24dba8b07c8295eef99abbf8d83041908516e4e50e4e4cfbbbcd53bdf415dda1 lzj.icp:8500/ibmcom/icp-identity-provider-amd64:3.1.0 lzj.icp:8500/ibmcom/icp-identity-provider:3.1.0] 224286517} {[lzj.icp:8500/ibmcom/curl-amd64@sha256:aad05b4e4529f7e70516d8d3028cae6cd1d50de738ce164f2a532ce2470ac43f lzj.icp:8500/ibmcom/curl-amd64:4.0.0 lzj.icp:8500/ibmcom/curl:4.0.0] 221192597} {[lzj.icp:8500/ibmcom/icp-audit-service-amd64@sha256:9add202c06a43da647380c860d9139fa059701fe103c1f229281215bf99dbbd3 lzj.icp:8500/ibmcom/icp-audit-service-amd64:3.1.0 lzj.icp:8500/ibmcom/icp-audit-service:3.1.0] 215897363}],VolumesInUse:[],VolumesAttached:[],Config:&amp;NodeConfigStatus{Assigned:nil,Active:nil,LastKnownGood:nil,Error:,},},}&#xA;Sep 19 08:07:19.821: INFO: &#xA;Logging kubelet events for node 10.46.6.173&#xA;Sep 19 08:07:19.824: INFO: &#xA;Logging pods the kubelet thinks is on node 10.46.6.173&#xA;Sep 19 08:07:19.859: INFO: service-catalog-apiserver-967x9 started at 2018-09-17 07:08:20 +0000 UTC (0+1 container statuses recorded)&#xA;Sep 19 08:07:19.859: INFO: &#x9;Container apiserver ready: true, restart count 0&#xA;Sep 19 08:07:19.859: INFO: oidc-client-registration-szxrk started at 2018-09-17 07:10:05 +0000 UTC (0+1 container statuses recorded)&#xA;Sep 19 08:07:19.859: INFO: &#x9;Container oidc-client-registration ready: false, restart count 0&#xA;Sep 19 08:07:19.859: INFO: kiali-7f8c59df94-25qmq started at 2018-09-17 07:17:27 +0000 UTC (0+1 container statuses recorded)&#xA;Sep 19 08:07:19.859: INFO: &#x9;Container kiali ready: true, restart count 0&#xA;Sep 19 08:07:19.859: INFO: istio-egressgateway-54448bcdbd-cqlhf started at 2018-09-17 07:24:11 +0000 UTC (0+1 container statuses recorded)&#xA;Sep 19 08:07:19.859: INFO: &#x9;Container istio-egressgateway ready: true, restart count 0&#xA;Sep 19 08:07:19.859: INFO: kube-dns-mwjc8 started at 2018-09-17 07:06:10 +0000 UTC (0+1 container statuses recorded)&#xA;Sep 19 08:07:19.859: INFO: &#x9;Container kube-dns ready: true, restart count 0&#xA;Sep 19 08:07:19.859: INFO: auth-pdp-tk2jm started at 2018-09-17 07:10:28 +0000 UTC (5+2 container statuses recorded)&#xA;Sep 19 08:07:19.860: INFO: &#x9;Init container init-auth-service ready: true, restart count 0&#xA;Sep 19 08:07:19.860: INFO: &#x9;Init container init-identity-provider ready: true, restart count 0&#xA;Sep 19 08:07:19.860: INFO: &#x9;Init container init-identity-manager ready: true, restart count 0&#xA;Sep 19 08:07:19.860: INFO: &#x9;Init container init-token-service ready: true, restart count 0&#xA;Sep 19 08:07:19.860: INFO: &#x9;Init container init-pap ready: true, restart count 0&#xA;Sep 19 08:07:19.860: INFO: &#x9;Container auth-pdp ready: true, restart count 0&#xA;Sep 19 08:07:19.860: INFO: &#x9;Container icp-audit-service ready: true, restart count 0&#xA;Sep 19 08:07:19.860: INFO: icp-management-ingress-x6qn8 started at 2018-09-17 07:10:36 +0000 UTC (0+1 container statuses recorded)&#xA;Sep 19 08:07:19.860: INFO: &#x9;Container icp-management-ingress ready: true, restart count 0&#xA;Sep 19 08:07:19.860: INFO: audit-logging-fluentd-ds-dhcg6 started at 2018-09-17 07:18:46 +0000 UTC (0+1 container statuses recorded)&#xA;Sep 19 08:07:19.860: INFO: &#x9;Container fluentd ready: true, restart count 0&#xA;Sep 19 08:07:19.860: INFO: istio-ingressgateway-7bc96d6585-m567m started at 2018-09-17 07:20:41 +0000 UTC (0+1 container statuses recorded)&#xA;Sep 19 08:07:19.860: INFO: &#x9;Container istio-ingressgateway ready: true, restart count 0&#xA;Sep 19 08:07:19.860: INFO: heapster-69b486565b-nt26r started at 2018-09-17 07:13:48 +0000 UTC (0+1 container statuses recorded)&#xA;Sep 19 08:07:19.860: INFO: &#x9;Container heapster ready: true, restart count 0&#xA;Sep 19 08:07:19.860: INFO: istio-galley-687cd96db-hlpng started at 2018-09-17 07:17:28 +0000 UTC (0+1 container statuses recorded)&#xA;Sep 19 08:07:19.860: INFO: &#x9;Container validator ready: true, restart count 0&#xA;Sep 19 08:07:19.860: INFO: istio-tracing-77ccfc8844-79ngl started at 2018-09-17 07:17:32 +0000 UTC (0+1 container statuses recorded)&#xA;Sep 19 08:07:19.860: INFO: &#x9;Container jaeger ready: true, restart count 0&#xA;Sep 19 08:07:19.860: INFO: vulnerability-advisor-process-ma-crawler-96728 started at 2018-09-17 07:19:03 +0000 UTC (0+1 container statuses recorded)&#xA;Sep 19 08:07:19.860: INFO: &#x9;Container process-ma-crawler ready: true, restart count 0&#xA;Sep 19 08:07:19.860: INFO: istio-telemetry-8b5964dc7-rfswc started at 2018-09-17 07:19:39 +0000 UTC (0+2 container statuses recorded)&#xA;Sep 19 08:07:19.860: INFO: &#x9;Container istio-proxy ready: true, restart count 0&#xA;Sep 19 08:07:19.860: INFO: &#x9;Container mixer ready: true, restart count 0&#xA;Sep 19 08:07:19.860: INFO: helm-api-fdd886877-6pwm8 started at 2018-09-17 07:16:36 +0000 UTC (0+3 container statuses recorded)&#xA;Sep 19 08:07:19.860: INFO: &#x9;Container audit-service ready: true, restart count 0&#xA;Sep 19 08:07:19.860: INFO: &#x9;Container helmapi ready: true, restart count 0&#xA;Sep 19 08:07:19.860: INFO: &#x9;Container rudder ready: true, restart count 0&#xA;Sep 19 08:07:19.860: INFO: istio-egressgateway-54448bcdbd-f4v6v started at 2018-09-17 07:17:29 +0000 UTC (0+1 container statuses recorded)&#xA;Sep 19 08:07:19.860: INFO: &#x9;Container istio-egressgateway ready: true, restart count 0&#xA;Sep 19 08:07:19.860: INFO: istio-citadel-77694dc965-mwqkp started at 2018-09-17 07:17:31 +0000 UTC (0+1 container statuses recorded)&#xA;Sep 19 08:07:19.860: INFO: &#x9;Container citadel ready: true, restart count 0&#xA;Sep 19 08:07:19.860: INFO: istio-ingressgateway-7bc96d6585-c58zx started at 2018-09-17 07:24:15 +0000 UTC (0+1 container statuses recorded)&#xA;Sep 19 08:07:19.860: INFO: &#x9;Container istio-ingressgateway ready: true, restart count 0&#xA;Sep 19 08:07:19.860: INFO: istio-policy-5b64d7fd64-5l2m9 started at 2018-09-17 07:31:07 +0000 UTC (0+2 container statuses recorded)&#xA;Sep 19 08:07:19.860: INFO: &#x9;Container istio-proxy ready: true, restart count 0&#xA;Sep 19 08:07:19.860: INFO: &#x9;Container mixer ready: true, restart count 0&#xA;Sep 19 08:07:19.860: INFO: nvidia-device-plugin-nh54k started at 2018-09-17 07:07:17 +0000 UTC (1+1 container statuses recorded)&#xA;Sep 19 08:07:19.860: INFO: &#x9;Init container nvidia-driver-collector ready: true, restart count 0&#xA;Sep 19 08:07:19.860: INFO: &#x9;Container nvidia-device-plugin ready: true, restart count 0&#xA;Sep 19 08:07:19.860: INFO: mariadb-0 started at 2018-09-17 07:08:38 +0000 UTC (0+1 container statuses recorded)&#xA;Sep 19 08:07:19.860: INFO: &#x9;Container mariadb ready: true, restart count 0&#xA;Sep 19 08:07:19.860: INFO: logging-elk-filebeat-ds-qf2vz started at 2018-09-17 07:15:20 +0000 UTC (0+1 container statuses recorded)&#xA;Sep 19 08:07:19.860: INFO: &#x9;Container filebeat ready: true, restart count 0&#xA;Sep 19 08:07:19.860: INFO: secret-watcher-5f59fcbc69-pfnfk started at 2018-09-17 07:18:05 +0000 UTC (0+1 container statuses recorded)&#xA;Sep 19 08:07:19.860: INFO: &#x9;Container secret-watcher ready: true, restart count 0&#xA;Sep 19 08:07:19.860: INFO: istio-telemetry-8b5964dc7-nw9kk started at 2018-09-17 07:23:11 +0000 UTC (0+2 container statuses recorded)&#xA;Sep 19 08:07:19.860: INFO: &#x9;Container istio-proxy ready: true, restart count 0&#xA;Sep 19 08:07:19.860: INFO: &#x9;Container mixer ready: true, restart count 0&#xA;Sep 19 08:07:19.860: INFO: platform-api-2fs4x started at 2018-09-17 07:08:45 +0000 UTC (0+2 container statuses recorded)&#xA;Sep 19 08:07:19.860: INFO: &#x9;Container audit-service ready: true, restart count 0&#xA;Sep 19 08:07:19.860: INFO: &#x9;Container platform-api ready: true, restart count 0&#xA;Sep 19 08:07:19.860: INFO: istio-telemetry-8b5964dc7-hcf6d started at 2018-09-17 07:17:29 +0000 UTC (0+2 container statuses recorded)&#xA;Sep 19 08:07:19.860: INFO: &#x9;Container istio-proxy ready: true, restart count 0&#xA;Sep 19 08:07:19.860: INFO: &#x9;Container mixer ready: true, restart count 0&#xA;Sep 19 08:07:19.860: INFO: istio-sidecar-injector-86d554f5f7-d57zk started at 2018-09-17 07:17:32 +0000 UTC (0+1 container statuses recorded)&#xA;Sep 19 08:07:19.860: INFO: &#x9;Container sidecar-injector-webhook ready: true, restart count 0&#xA;Sep 19 08:07:19.860: INFO: istio-policy-5b64d7fd64-jrlzt started at 2018-09-17 07:23:11 +0000 UTC (0+2 container statuses recorded)&#xA;Sep 19 08:07:19.860: INFO: &#x9;Container istio-proxy ready: true, restart count 0&#xA;Sep 19 08:07:19.860: INFO: &#x9;Container mixer ready: true, restart count 0&#xA;Sep 19 08:07:19.860: INFO: calico-kube-controllers-dcb8cc97c-gtsqp started at 2018-09-17 07:05:53 +0000 UTC (0+1 container statuses recorded)&#xA;Sep 19 08:07:19.860: INFO: &#x9;Container calico-kube-controllers ready: true, restart count 0&#xA;Sep 19 08:07:19.860: INFO: icp-mongodb-0 started at 2018-09-17 07:07:42 +0000 UTC (2+1 container statuses recorded)&#xA;Sep 19 08:07:19.860: INFO: &#x9;Init container install ready: true, restart count 0&#xA;Sep 19 08:07:19.860: INFO: &#x9;Init container bootstrap ready: true, restart count 0&#xA;Sep 19 08:07:19.860: INFO: &#x9;Container icp-mongodb ready: true, restart count 0&#xA;Sep 19 08:07:19.860: INFO: catalog-ui-5rtkh started at 2018-09-17 07:15:57 +0000 UTC (0+1 container statuses recorded)&#xA;Sep 19 08:07:19.860: INFO: &#x9;Container catalog-ui ready: true, restart count 0&#xA;Sep 19 08:07:19.860: INFO: platform-deploy-dbbks started at 2018-09-17 07:08:45 +0000 UTC (0+1 container statuses recorded)&#xA;Sep 19 08:07:19.860: INFO: &#x9;Container platform-deploy ready: true, restart count 0&#xA;Sep 19 08:07:19.860: INFO: auth-apikeys-x45mz started at 2018-09-17 07:10:12 +0000 UTC (0+1 container statuses recorded)&#xA;Sep 19 08:07:19.860: INFO: &#x9;Container auth-apikeys ready: true, restart count 0&#xA;Sep 19 08:07:19.860: INFO: istio-policy-5b64d7fd64-fb4bc started at 2018-09-17 07:27:37 +0000 UTC (0+2 container statuses recorded)&#xA;Sep 19 08:07:19.860: INFO: &#x9;Container istio-proxy ready: true, restart count 0&#xA;Sep 19 08:07:19.860: INFO: &#x9;Container mixer ready: true, restart count 0&#xA;Sep 19 08:07:19.860: INFO: k8s-proxy-10.46.6.173 started at &lt;nil&gt; (0+0 container statuses recorded)&#xA;Sep 19 08:07:19.860: INFO: k8s-etcd-10.46.6.173 started at &lt;nil&gt; (0+0 container statuses recorded)&#xA;Sep 19 08:07:19.860: INFO: image-manager-0 started at 2018-09-17 06:38:56 +0000 UTC (0+2 container statuses recorded)&#xA;Sep 19 08:07:19.860: INFO: &#x9;Container icp-registry ready: true, restart count 0&#xA;Sep 19 08:07:19.860: INFO: &#x9;Container image-manager ready: true, restart count 0&#xA;Sep 19 08:07:19.860: INFO: istio-policy-5b64d7fd64-pt9z2 started at 2018-09-17 07:17:30 +0000 UTC (0+2 container statuses recorded)&#xA;Sep 19 08:07:19.860: INFO: &#x9;Container istio-proxy ready: true, restart count 0&#xA;Sep 19 08:07:19.860: INFO: &#x9;Container mixer ready: true, restart count 0&#xA;Sep 19 08:07:19.860: INFO: istio-policy-5b64d7fd64-z68j4 started at 2018-09-17 07:19:38 +0000 UTC (0+2 container statuses recorded)&#xA;Sep 19 08:07:19.860: INFO: &#x9;Container istio-proxy ready: true, restart count 0&#xA;Sep 19 08:07:19.860: INFO: &#x9;Container mixer ready: true, restart count 0&#xA;Sep 19 08:07:19.860: INFO: istio-ingressgateway-7bc96d6585-r98nr started at 2018-09-17 07:28:10 +0000 UTC (0+1 container statuses recorded)&#xA;Sep 19 08:07:19.860: INFO: &#x9;Container istio-ingressgateway ready: true, restart count 0&#xA;Sep 19 08:07:19.860: INFO: istio-statsd-prom-bridge-66cb69b666-p76m8 started at 2018-09-17 07:17:29 +0000 UTC (0+1 container statuses recorded)&#xA;Sep 19 08:07:19.860: INFO: &#x9;Container statsd-prom-bridge ready: true, restart count 0&#xA;Sep 19 08:07:19.860: INFO: servicegraph-85578d8fc6-m62z4 started at 2018-09-17 07:17:32 +0000 UTC (0+1 container statuses recorded)&#xA;Sep 19 08:07:19.860: INFO: &#x9;Container servicegraph ready: true, restart count 0&#xA;Sep 19 08:07:19.860: INFO: mgmt-repo-57dc689b74-tmp44 started at 2018-09-17 07:17:51 +0000 UTC (1+2 container statuses recorded)&#xA;Sep 19 08:07:19.860: INFO: &#x9;Init container mgmt-repo-init ready: true, restart count 0&#xA;Sep 19 08:07:19.860: INFO: &#x9;Container audit-service ready: true, restart count 0&#xA;Sep 19 08:07:19.860: INFO: &#x9;Container mgmt-repo ready: true, restart count 0&#xA;Sep 19 08:07:19.860: INFO: istio-egressgateway-54448bcdbd-lhh5c started at 2018-09-17 07:20:07 +0000 UTC (0+1 container statuses recorded)&#xA;Sep 19 08:07:19.860: INFO: &#x9;Container istio-egressgateway ready: true, restart count 0&#xA;Sep 19 08:07:19.860: INFO: istio-ingressgateway-7bc96d6585-4qnc5 started at 2018-09-17 07:24:14 +0000 UTC (0+1 container statuses recorded)&#xA;Sep 19 08:07:19.860: INFO: &#x9;Container istio-ingressgateway ready: true, restart count 0&#xA;Sep 19 08:07:19.860: INFO: auth-idp-kjpmx started at 2018-09-17 07:10:04 +0000 UTC (1+4 container statuses recorded)&#xA;Sep 19 08:07:19.860: INFO: &#x9;Init container init-mariadb ready: true, restart count 0&#xA;Sep 19 08:07:19.860: INFO: &#x9;Container icp-audit-service ready: true, restart count 0&#xA;Sep 19 08:07:19.860: INFO: &#x9;Container platform-auth-service ready: true, restart count 0&#xA;Sep 19 08:07:19.860: INFO: &#x9;Container platform-identity-manager ready: true, restart count 0&#xA;Sep 19 08:07:19.860: INFO: &#x9;Container platform-identity-provider ready: true, restart count 0&#xA;Sep 19 08:07:19.860: INFO: helm-repo-5649f57447-wwdn4 started at 2018-09-17 07:13:54 +0000 UTC (1+2 container statuses recorded)&#xA;Sep 19 08:07:19.860: INFO: &#x9;Init container helm-repo-init ready: true, restart count 0&#xA;Sep 19 08:07:19.860: INFO: &#x9;Container audit-service ready: true, restart count 0&#xA;Sep 19 08:07:19.860: INFO: &#x9;Container helm-repo ready: true, restart count 0&#xA;Sep 19 08:07:19.860: INFO: metering-reader-l7284 started at 2018-09-17 07:14:11 +0000 UTC (1+1 container statuses recorded)&#xA;Sep 19 08:07:19.860: INFO: &#x9;Init container metering-reader-init ready: true, restart count 0&#xA;Sep 19 08:07:19.860: INFO: &#x9;Container metering-reader ready: true, restart count 0&#xA;Sep 19 08:07:19.860: INFO: istio-telemetry-8b5964dc7-vjqbq started at 2018-09-17 07:27:36 +0000 UTC (0+2 container statuses recorded)&#xA;Sep 19 08:07:19.860: INFO: &#x9;Container istio-proxy ready: true, restart count 0&#xA;Sep 19 08:07:19.860: INFO: &#x9;Container mixer ready: true, restart count 0&#xA;Sep 19 08:07:19.860: INFO: istio-telemetry-8b5964dc7-9q67f started at 2018-09-17 07:31:08 +0000 UTC (0+2 container statuses recorded)&#xA;Sep 19 08:07:19.860: INFO: &#x9;Container istio-proxy ready: true, restart count 0&#xA;Sep 19 08:07:19.860: INFO: &#x9;Container mixer ready: true, restart count 0&#xA;Sep 19 08:07:19.860: INFO: service-catalog-controller-manager-5969cccf86-65phs started at 2018-09-17 07:08:21 +0000 UTC (0+1 container statuses recorded)&#xA;Sep 19 08:07:19.860: INFO: &#x9;Container controller-manager ready: true, restart count 0&#xA;Sep 19 08:07:19.860: INFO: auth-pap-qb5m2 started at 2018-09-17 07:10:20 +0000 UTC (0+1 container statuses recorded)&#xA;Sep 19 08:07:19.860: INFO: &#x9;Container auth-pap ready: true, restart count 0&#xA;Sep 19 08:07:19.860: INFO: istio-pilot-6cf9ccf474-kkb6j started at 2018-09-17 07:17:31 +0000 UTC (0+2 container statuses recorded)&#xA;Sep 19 08:07:19.860: INFO: &#x9;Container discovery ready: true, restart count 0&#xA;Sep 19 08:07:19.860: INFO: &#x9;Container istio-proxy ready: true, restart count 0&#xA;Sep 19 08:07:19.860: INFO: istio-egressgateway-54448bcdbd-pjbtc started at 2018-09-17 07:28:34 +0000 UTC (0+1 container statuses recorded)&#xA;Sep 19 08:07:19.860: INFO: &#x9;Container istio-egressgateway ready: true, restart count 0&#xA;Sep 19 08:07:19.860: INFO: calico-node-m7d5t started at 2018-09-17 07:05:54 +0000 UTC (0+2 container statuses recorded)&#xA;Sep 19 08:07:19.860: INFO: &#x9;Container calico-node ready: true, restart count 0&#xA;Sep 19 08:07:19.860: INFO: &#x9;Container install-cni ready: true, restart count 0&#xA;Sep 19 08:07:19.860: INFO: ibm-cert-manager-cert-manager-74687f689b-7994r started at 2018-09-17 07:07:12 +0000 UTC (0+1 container statuses recorded)&#xA;Sep 19 08:07:19.860: INFO: &#x9;Container ibm-cert-manager ready: true, restart count 0&#xA;Sep 19 08:07:19.860: INFO: nginx-ingress-controller-h5z2v started at 2018-09-17 07:08:28 +0000 UTC (1+1 container statuses recorded)&#xA;Sep 19 08:07:19.860: INFO: &#x9;Init container sysctl ready: true, restart count 0&#xA;Sep 19 08:07:19.860: INFO: &#x9;Container nginx-ingress ready: true, restart count 0&#xA;Sep 19 08:07:19.860: INFO: istio-egressgateway-54448bcdbd-xmkbc started at 2018-09-17 07:24:11 +0000 UTC (0+1 container statuses recorded)&#xA;Sep 19 08:07:19.860: INFO: &#x9;Container istio-egressgateway ready: true, restart count 0&#xA;Sep 19 08:07:19.860: INFO: k8s-master-10.46.6.173 started at &lt;nil&gt; (0+0 container statuses recorded)&#xA;Sep 19 08:07:19.860: INFO: grafana-77676f44f7-c9wr6 started at 2018-09-17 07:17:28 +0000 UTC (0+1 container statuses recorded)&#xA;Sep 19 08:07:19.860: INFO: &#x9;Container grafana ready: true, restart count 1&#xA;Sep 19 08:07:19.860: INFO: security-onboarding-tkf79 started at 2018-09-17 07:18:12 +0000 UTC (0+1 container statuses recorded)&#xA;Sep 19 08:07:19.860: INFO: &#x9;Container security-onboarding ready: false, restart count 0&#xA;Sep 19 08:07:19.860: INFO: tiller-deploy-6b58875cb-5l8kh started at 2018-09-17 07:05:28 +0000 UTC (0+1 container statuses recorded)&#xA;Sep 19 08:07:19.860: INFO: &#x9;Container tiller ready: true, restart count 0&#xA;Sep 19 08:07:19.860: INFO: unified-router-lkwnl started at 2018-09-17 07:15:31 +0000 UTC (0+1 container statuses recorded)&#xA;Sep 19 08:07:19.860: INFO: &#x9;Container unified-router ready: true, restart count 0&#xA;Sep 19 08:07:19.860: INFO: istio-ingressgateway-7bc96d6585-smf45 started at 2018-09-17 07:17:28 +0000 UTC (0+1 container statuses recorded)&#xA;Sep 19 08:07:19.860: INFO: &#x9;Container istio-ingressgateway ready: true, restart count 0&#xA;Sep 19 08:07:19.860: INFO: prometheus-6f98d89664-wh7pb started at 2018-09-17 07:17:31 +0000 UTC (0+1 container statuses recorded)&#xA;Sep 19 08:07:19.860: INFO: &#x9;Container prometheus ready: true, restart count 0&#xA;Sep 19 08:07:19.860: INFO: vulnerability-advisor-live-crawler-p6khc started at 2018-09-17 07:19:02 +0000 UTC (0+1 container statuses recorded)&#xA;Sep 19 08:07:19.860: INFO: &#x9;Container live-crawler ready: true, restart count 0&#xA;Sep 19 08:07:19.860: INFO: default-backend-54966589c4-4d47g started at 2018-09-17 07:08:29 +0000 UTC (0+1 container statuses recorded)&#xA;Sep 19 08:07:19.860: INFO: &#x9;Container default-backend ready: true, restart count 0&#xA;Sep 19 08:07:19.860: INFO: platform-ui-6fjgx started at 2018-09-17 07:14:34 +0000 UTC (0+1 container statuses recorded)&#xA;Sep 19 08:07:19.860: INFO: &#x9;Container platform-ui ready: true, restart count 0&#xA;Sep 19 08:07:19.860: INFO: monitoring-prometheus-nodeexporter-f84fv started at 2018-09-17 07:15:45 +0000 UTC (0+2 container statuses recorded)&#xA;Sep 19 08:07:19.860: INFO: &#x9;Container nodeexporter ready: true, restart count 0&#xA;Sep 19 08:07:19.860: INFO: &#x9;Container router ready: true, restart count 0&#xA;Sep 19 08:07:19.901: INFO: &#xA;Latency metrics for node 10.46.6.173&#xA;STEP: Dumping a list of prepulled images on each node to file /tmp/results/image-puller.txt&#xA;Sep 19 08:07:19.922: INFO: Waiting up to 3m0s for all (but 0) nodes to be ready&#xA;STEP: Destroying namespace &#34;e2e-tests-gc-rhhwf&#34; for this suite.&#xA;Sep 19 08:07:25.968: INFO: Waiting up to 30s for server preferred namespaced resources to be successfully discovered&#xA;Sep 19 08:07:26.001: INFO: namespace: e2e-tests-gc-rhhwf, resource: bindings, ignored listing per whitelist&#xA;Sep 19 08:07:27.892: INFO: namespace e2e-tests-gc-rhhwf deletion completed in 7.964068542s&#xA;</system-out>
      </testcase>
      <testcase name="[sig-storage] PersistentVolumes-local  StatefulSet with pod anti-affinity should use volumes spread across nodes" classname="Kubernetes e2e suite" time="0">
          <skipped></skipped>
      </testcase>
      <testcase name="[sig-network] NetworkPolicy NetworkPolicy between server and client should enforce policy based on PodSelector [Feature:NetworkPolicy]" classname="Kubernetes e2e suite" time="0">
          <skipped></skipped>
      </testcase>
      <testcase name="[sig-storage] Flexvolumes [Disruptive] should be mountable when attachable" classname="Kubernetes e2e suite" time="0">
          <skipped></skipped>
      </testcase>
      <testcase name="[sig-storage] Subpath [Volume type: gluster] should support existing directory" classname="Kubernetes e2e suite" time="0">
          <skipped></skipped>
      </testcase>
      <testcase name="[sig-apps] StatefulSet [k8s.io] Deploy clustered applications [Feature:StatefulSet] [Slow] should creating a working zookeeper cluster" classname="Kubernetes e2e suite" time="0">
          <skipped></skipped>
      </testcase>
      <testcase name="[sig-network] NetworkPolicy NetworkPolicy between server and client should enforce policy based on Ports [Feature:NetworkPolicy]" classname="Kubernetes e2e suite" time="0">
          <skipped></skipped>
      </testcase>
      <testcase name="[sig-apps] Daemon set [Serial] should update pod when spec was updated and update strategy is RollingUpdate [Conformance]" classname="Kubernetes e2e suite" time="34.592151519"></testcase>
      <testcase name="[sig-instrumentation] Stackdriver Monitoring should run Custom Metrics - Stackdriver Adapter for old resource model [Feature:StackdriverCustomMetrics]" classname="Kubernetes e2e suite" time="0">
          <skipped></skipped>
      </testcase>
      <testcase name="[sig-storage] EmptyDir wrapper volumes should not cause race condition when used for git_repo [Serial] [Slow]" classname="Kubernetes e2e suite" time="0">
          <skipped></skipped>
      </testcase>
      <testcase name="[sig-storage] GCP Volumes NFSv4 should be mountable for NFSv4" classname="Kubernetes e2e suite" time="0">
          <skipped></skipped>
      </testcase>
      <testcase name="[sig-storage] PersistentVolumes-local  [Volume type: block] [Feature:BlockVolume] Two pods mounting a local volume one after the other should be able to write from pod1 and read from pod2" classname="Kubernetes e2e suite" time="0">
          <skipped></skipped>
      </testcase>
      <testcase name="[sig-scheduling] ResourceQuota should verify ResourceQuota with best effort scope." classname="Kubernetes e2e suite" time="0">
          <skipped></skipped>
      </testcase>
      <testcase name="[sig-storage] [Serial] Volume metrics should create volume metrics with the correct PVC ref" classname="Kubernetes e2e suite" time="0">
          <skipped></skipped>
      </testcase>
      <testcase name="[sig-scheduling] ResourceQuota should create a ResourceQuota and capture the life of a persistent volume claim with a storage class. [sig-storage]" classname="Kubernetes e2e suite" time="0">
          <skipped></skipped>
      </testcase>
      <testcase name="[sig-storage] EmptyDir volumes should support (non-root,0666,tmpfs) [NodeConformance] [Conformance]" classname="Kubernetes e2e suite" time="14.742335236"></testcase>
      <testcase name="[k8s.io] Pods should support retrieving logs from the container over websockets [NodeConformance]" classname="Kubernetes e2e suite" time="0">
          <skipped></skipped>
      </testcase>
      <testcase name="[sig-storage] [Serial] Volume metrics PVController should create unbound pv count metrics for pvc controller after creating pv only" classname="Kubernetes e2e suite" time="0">
          <skipped></skipped>
      </testcase>
      <testcase name="[sig-storage] PersistentVolumes-local  [Volume type: dir-link] Set fsGroup for local volume should not set different fsGroups for two pods simultaneously" classname="Kubernetes e2e suite" time="0">
          <skipped></skipped>
      </testcase>
      <testcase name="[k8s.io] [sig-node] Security Context [Feature:SecurityContext] should support volume SELinux relabeling" classname="Kubernetes e2e suite" time="0">
          <skipped></skipped>
      </testcase>
      <testcase name="[sig-storage] EmptyDir volumes when FSGroup is specified [NodeFeature:FSGroup] volume on default medium should have the correct mode using FSGroup" classname="Kubernetes e2e suite" time="0">
          <skipped></skipped>
      </testcase>
      <testcase name="[k8s.io] Variable Expansion should allow composing env vars into new env vars [NodeConformance] [Conformance]" classname="Kubernetes e2e suite" time="14.525514699"></testcase>
      <testcase name="[sig-network] Services should have session affinity work for NodePort service" classname="Kubernetes e2e suite" time="0">
          <skipped></skipped>
      </testcase>
      <testcase name="[sig-storage] PersistentVolumes-local  [Volume type: blockfs] Set fsGroup for local volume should set same fsGroup for two pods simultaneously" classname="Kubernetes e2e suite" time="0">
          <skipped></skipped>
      </testcase>
      <testcase name="[sig-storage] Volumes Ceph RBD [Feature:Volumes] should be mountable" classname="Kubernetes e2e suite" time="0">
          <skipped></skipped>
      </testcase>
      <testcase name="[sig-instrumentation] Cluster level logging implemented by Stackdriver should ingest logs" classname="Kubernetes e2e suite" time="0">
          <skipped></skipped>
      </testcase>
      <testcase name="[sig-storage] PV Protection Verify &#34;immediate&#34; deletion of a PV that is not bound to a PVC" classname="Kubernetes e2e suite" time="0">
          <skipped></skipped>
      </testcase>
      <testcase name="[sig-storage] Projected should provide container&#39;s cpu limit [NodeConformance] [Conformance]" classname="Kubernetes e2e suite" time="14.640051412"></testcase>
      <testcase name="[sig-storage] Projected updates should be reflected in volume [NodeConformance] [Conformance]" classname="Kubernetes e2e suite" time="117.38645545"></testcase>
      <testcase name="[sig-scheduling] Rescheduler [Serial] should ensure that critical pod is scheduled in case there is no resources available" classname="Kubernetes e2e suite" time="0">
          <skipped></skipped>
      </testcase>
      <testcase name="[sig-auth] [Feature:NodeAuthorizer] Getting an existing secret should exit with the Forbidden error" classname="Kubernetes e2e suite" time="0">
          <skipped></skipped>
      </testcase>
      <testcase name="[sig-apps] Network Partition [Disruptive] [Slow] [k8s.io] Pods should return to running and ready state after network partition is healed All pods on the unreachable node should be marked as NotReady upon the node turn NotReady AND all pods should be mark back to Ready when the node get back to Ready before pod eviction timeout" classname="Kubernetes e2e suite" time="0">
          <skipped></skipped>
      </testcase>
      <testcase name="[sig-storage] PersistentVolumes-local  [Volume type: dir-link] Set fsGroup for local volume should set fsGroup for one pod" classname="Kubernetes e2e suite" time="0">
          <skipped></skipped>
      </testcase>
      <testcase name="[sig-apps] ReplicationController should serve a basic image on each replica with a public image  [Conformance]" classname="Kubernetes e2e suite" time="20.486770202"></testcase>
      <testcase name="[sig-storage] EmptyDir volumes should support (root,0644,default) [NodeConformance] [Conformance]" classname="Kubernetes e2e suite" time="14.645102554"></testcase>
      <testcase name="[sig-apps] CronJob should not schedule new jobs when ForbidConcurrent [Slow]" classname="Kubernetes e2e suite" time="0">
          <skipped></skipped>
      </testcase>
      <testcase name="[sig-api-machinery] Garbage collector should not be blocked by dependency circle [Conformance]" classname="Kubernetes e2e suite" time="8.83654952">
          <failure type="Failure">/workspace/anago-v1.11.2-beta.0.50+bb9ffb1654d4a7/src/k8s.io/kubernetes/_output/dockerized/go/src/k8s.io/kubernetes/test/e2e/framework/framework.go:684&#xA;Expected error:&#xA;    &lt;*errors.StatusError | 0xc422579e60&gt;: {&#xA;        ErrStatus: {&#xA;            TypeMeta: {Kind: &#34;&#34;, APIVersion: &#34;&#34;},&#xA;            ListMeta: {SelfLink: &#34;&#34;, ResourceVersion: &#34;&#34;, Continue: &#34;&#34;},&#xA;            Status: &#34;Failure&#34;,&#xA;            Message: &#34;Internal error occurred: admission webhook \&#34;trust.hooks.securityenforcement.admission.cloud.ibm.com\&#34; denied the request: \nDeny \&#34;k8s.gcr.io/nginx-slim-amd64:0.20\&#34;, no matching repositories in ClusterImagePolicy and no ImagePolicies in the \&#34;e2e-tests-gc-7h9jx\&#34; namespace&#34;,&#xA;            Reason: &#34;InternalError&#34;,&#xA;            Details: {&#xA;                Name: &#34;&#34;,&#xA;                Group: &#34;&#34;,&#xA;                Kind: &#34;&#34;,&#xA;                UID: &#34;&#34;,&#xA;                Causes: [&#xA;                    {&#xA;                        Type: &#34;&#34;,&#xA;                        Message: &#34;admission webhook \&#34;trust.hooks.securityenforcement.admission.cloud.ibm.com\&#34; denied the request: \nDeny \&#34;k8s.gcr.io/nginx-slim-amd64:0.20\&#34;, no matching repositories in ClusterImagePolicy and no ImagePolicies in the \&#34;e2e-tests-gc-7h9jx\&#34; namespace&#34;,&#xA;                        Field: &#34;&#34;,&#xA;                    },&#xA;                ],&#xA;                RetryAfterSeconds: 0,&#xA;            },&#xA;            Code: 500,&#xA;        },&#xA;    }&#xA;    Internal error occurred: admission webhook &#34;trust.hooks.securityenforcement.admission.cloud.ibm.com&#34; denied the request: &#xA;    Deny &#34;k8s.gcr.io/nginx-slim-amd64:0.20&#34;, no matching repositories in ClusterImagePolicy and no ImagePolicies in the &#34;e2e-tests-gc-7h9jx&#34; namespace&#xA;not to have occurred&#xA;/workspace/anago-v1.11.2-beta.0.50+bb9ffb1654d4a7/src/k8s.io/kubernetes/_output/dockerized/go/src/k8s.io/kubernetes/test/e2e/apimachinery/garbage_collector.go:855</failure>
          <system-out>[BeforeEach] [sig-api-machinery] Garbage collector&#xA;  /workspace/anago-v1.11.2-beta.0.50+bb9ffb1654d4a7/src/k8s.io/kubernetes/_output/dockerized/go/src/k8s.io/kubernetes/test/e2e/framework/framework.go:141&#xA;STEP: Creating a kubernetes client&#xA;Sep 19 08:11:18.912: INFO: &gt;&gt;&gt; kubeConfig: /tmp/kubeconfig-172917420&#xA;STEP: Building a namespace api object&#xA;STEP: Binding the e2e-test-privileged-psp PodSecurityPolicy to the default service account in e2e-tests-gc-7h9jx&#xA;STEP: Waiting for a default service account to be provisioned in namespace&#xA;[It] should not be blocked by dependency circle [Conformance]&#xA;  /workspace/anago-v1.11.2-beta.0.50+bb9ffb1654d4a7/src/k8s.io/kubernetes/_output/dockerized/go/src/k8s.io/kubernetes/test/e2e/framework/framework.go:684&#xA;[AfterEach] [sig-api-machinery] Garbage collector&#xA;  /workspace/anago-v1.11.2-beta.0.50+bb9ffb1654d4a7/src/k8s.io/kubernetes/_output/dockerized/go/src/k8s.io/kubernetes/test/e2e/framework/framework.go:142&#xA;STEP: Collecting events from namespace &#34;e2e-tests-gc-7h9jx&#34;.&#xA;STEP: Found 0 events.&#xA;Sep 19 08:11:19.297: INFO: POD                                                              NODE         PHASE      GRACE  CONDITIONS&#xA;Sep 19 08:11:19.297: INFO: ibm-cert-manager-cert-manager-74687f689b-7994r                   10.46.6.173  Running           [{Initialized True 0001-01-01 00:00:00 +0000 UTC 2018-09-17 07:07:12 +0000 UTC  } {Ready True 0001-01-01 00:00:00 +0000 UTC 2018-09-17 07:07:37 +0000 UTC  } {ContainersReady True 0001-01-01 00:00:00 +0000 UTC 0001-01-01 00:00:00 +0000 UTC  } {PodScheduled True 0001-01-01 00:00:00 +0000 UTC 2018-09-17 07:07:12 +0000 UTC  }]&#xA;Sep 19 08:11:19.297: INFO: sonobuoy                                                         10.46.6.170  Running           [{Initialized True 0001-01-01 00:00:00 +0000 UTC 2018-09-19 07:22:02 +0000 UTC  } {Ready True 0001-01-01 00:00:00 +0000 UTC 2018-09-19 07:22:08 +0000 UTC  } {ContainersReady True 0001-01-01 00:00:00 +0000 UTC 0001-01-01 00:00:00 +0000 UTC  } {PodScheduled True 0001-01-01 00:00:00 +0000 UTC 2018-09-19 07:22:02 +0000 UTC  }]&#xA;Sep 19 08:11:19.297: INFO: sonobuoy-e2e-job-c3f9b53ea97c48a2                                10.46.6.170  Running           [{Initialized True 0001-01-01 00:00:00 +0000 UTC 2018-09-19 07:22:08 +0000 UTC  } {Ready True 0001-01-01 00:00:00 +0000 UTC 2018-09-19 07:22:25 +0000 UTC  } {ContainersReady True 0001-01-01 00:00:00 +0000 UTC 0001-01-01 00:00:00 +0000 UTC  } {PodScheduled True 0001-01-01 00:00:00 +0000 UTC 2018-09-19 07:22:08 +0000 UTC  }]&#xA;Sep 19 08:11:19.297: INFO: grafana-77676f44f7-c9wr6                                         10.46.6.173  Running           [{Initialized True 0001-01-01 00:00:00 +0000 UTC 2018-09-17 07:17:28 +0000 UTC  } {Ready True 0001-01-01 00:00:00 +0000 UTC 2018-09-17 07:20:34 +0000 UTC  } {ContainersReady True 0001-01-01 00:00:00 +0000 UTC 0001-01-01 00:00:00 +0000 UTC  } {PodScheduled True 0001-01-01 00:00:00 +0000 UTC 2018-09-17 07:17:27 +0000 UTC  }]&#xA;Sep 19 08:11:19.297: INFO: istio-citadel-77694dc965-mwqkp                                   10.46.6.173  Running           [{Initialized True 0001-01-01 00:00:00 +0000 UTC 2018-09-17 07:17:31 +0000 UTC  } {Ready True 0001-01-01 00:00:00 +0000 UTC 2018-09-17 07:18:30 +0000 UTC  } {ContainersReady True 0001-01-01 00:00:00 +0000 UTC 0001-01-01 00:00:00 +0000 UTC  } {PodScheduled True 0001-01-01 00:00:00 +0000 UTC 2018-09-17 07:17:28 +0000 UTC  }]&#xA;Sep 19 08:11:19.297: INFO: istio-egressgateway-54448bcdbd-cqlhf                             10.46.6.173  Running           [{Initialized True 0001-01-01 00:00:00 +0000 UTC 2018-09-17 07:24:11 +0000 UTC  } {Ready True 0001-01-01 00:00:00 +0000 UTC 2018-09-17 07:25:19 +0000 UTC  } {ContainersReady True 0001-01-01 00:00:00 +0000 UTC 0001-01-01 00:00:00 +0000 UTC  } {PodScheduled True 0001-01-01 00:00:00 +0000 UTC 2018-09-17 07:24:10 +0000 UTC  }]&#xA;Sep 19 08:11:19.297: INFO: istio-egressgateway-54448bcdbd-f4v6v                             10.46.6.173  Running           [{Initialized True 0001-01-01 00:00:00 +0000 UTC 2018-09-17 07:17:29 +0000 UTC  } {Ready True 0001-01-01 00:00:00 +0000 UTC 2018-09-17 07:18:31 +0000 UTC  } {ContainersReady True 0001-01-01 00:00:00 +0000 UTC 0001-01-01 00:00:00 +0000 UTC  } {PodScheduled True 0001-01-01 00:00:00 +0000 UTC 2018-09-17 07:17:27 +0000 UTC  }]&#xA;Sep 19 08:11:19.297: INFO: istio-egressgateway-54448bcdbd-lhh5c                             10.46.6.173  Running           [{Initialized True 0001-01-01 00:00:00 +0000 UTC 2018-09-17 07:20:07 +0000 UTC  } {Ready True 0001-01-01 00:00:00 +0000 UTC 2018-09-17 07:21:11 +0000 UTC  } {ContainersReady True 0001-01-01 00:00:00 +0000 UTC 0001-01-01 00:00:00 +0000 UTC  } {PodScheduled True 0001-01-01 00:00:00 +0000 UTC 2018-09-17 07:20:06 +0000 UTC  }]&#xA;Sep 19 08:11:19.297: INFO: istio-egressgateway-54448bcdbd-pjbtc                             10.46.6.173  Running           [{Initialized True 0001-01-01 00:00:00 +0000 UTC 2018-09-17 07:28:34 +0000 UTC  } {Ready True 0001-01-01 00:00:00 +0000 UTC 2018-09-17 07:29:40 +0000 UTC  } {ContainersReady True 0001-01-01 00:00:00 +0000 UTC 0001-01-01 00:00:00 +0000 UTC  } {PodScheduled True 0001-01-01 00:00:00 +0000 UTC 2018-09-17 07:28:34 +0000 UTC  }]&#xA;Sep 19 08:11:19.297: INFO: istio-egressgateway-54448bcdbd-xmkbc                             10.46.6.173  Running           [{Initialized True 0001-01-01 00:00:00 +0000 UTC 2018-09-17 07:24:11 +0000 UTC  } {Ready True 0001-01-01 00:00:00 +0000 UTC 2018-09-17 07:25:10 +0000 UTC  } {ContainersReady True 0001-01-01 00:00:00 +0000 UTC 0001-01-01 00:00:00 +0000 UTC  } {PodScheduled True 0001-01-01 00:00:00 +0000 UTC 2018-09-17 07:24:10 +0000 UTC  }]&#xA;Sep 19 08:11:19.297: INFO: istio-galley-687cd96db-hlpng                                     10.46.6.173  Running           [{Initialized True 0001-01-01 00:00:00 +0000 UTC 2018-09-17 07:17:28 +0000 UTC  } {Ready True 0001-01-01 00:00:00 +0000 UTC 2018-09-17 07:18:35 +0000 UTC  } {ContainersReady True 0001-01-01 00:00:00 +0000 UTC 0001-01-01 00:00:00 +0000 UTC  } {PodScheduled True 0001-01-01 00:00:00 +0000 UTC 2018-09-17 07:17:27 +0000 UTC  }]&#xA;Sep 19 08:11:19.297: INFO: istio-ingressgateway-7bc96d6585-4qnc5                            10.46.6.173  Running           [{Initialized True 0001-01-01 00:00:00 +0000 UTC 2018-09-17 07:24:14 +0000 UTC  } {Ready True 0001-01-01 00:00:00 +0000 UTC 2018-09-17 07:25:22 +0000 UTC  } {ContainersReady True 0001-01-01 00:00:00 +0000 UTC 0001-01-01 00:00:00 +0000 UTC  } {PodScheduled True 0001-01-01 00:00:00 +0000 UTC 2018-09-17 07:24:13 +0000 UTC  }]&#xA;Sep 19 08:11:19.297: INFO: istio-ingressgateway-7bc96d6585-c58zx                            10.46.6.173  Running           [{Initialized True 0001-01-01 00:00:00 +0000 UTC 2018-09-17 07:24:15 +0000 UTC  } {Ready True 0001-01-01 00:00:00 +0000 UTC 2018-09-17 07:25:19 +0000 UTC  } {ContainersReady True 0001-01-01 00:00:00 +0000 UTC 0001-01-01 00:00:00 +0000 UTC  } {PodScheduled True 0001-01-01 00:00:00 +0000 UTC 2018-09-17 07:24:14 +0000 UTC  }]&#xA;Sep 19 08:11:19.297: INFO: istio-ingressgateway-7bc96d6585-m567m                            10.46.6.173  Running           [{Initialized True 0001-01-01 00:00:00 +0000 UTC 2018-09-17 07:20:41 +0000 UTC  } {Ready True 0001-01-01 00:00:00 +0000 UTC 2018-09-17 07:21:43 +0000 UTC  } {ContainersReady True 0001-01-01 00:00:00 +0000 UTC 0001-01-01 00:00:00 +0000 UTC  } {PodScheduled True 0001-01-01 00:00:00 +0000 UTC 2018-09-17 07:20:41 +0000 UTC  }]&#xA;Sep 19 08:11:19.297: INFO: istio-ingressgateway-7bc96d6585-r98nr                            10.46.6.173  Running           [{Initialized True 0001-01-01 00:00:00 +0000 UTC 2018-09-17 07:28:10 +0000 UTC  } {Ready True 0001-01-01 00:00:00 +0000 UTC 2018-09-17 07:29:11 +0000 UTC  } {ContainersReady True 0001-01-01 00:00:00 +0000 UTC 0001-01-01 00:00:00 +0000 UTC  } {PodScheduled True 0001-01-01 00:00:00 +0000 UTC 2018-09-17 07:28:09 +0000 UTC  }]&#xA;Sep 19 08:11:19.297: INFO: istio-ingressgateway-7bc96d6585-smf45                            10.46.6.173  Running           [{Initialized True 0001-01-01 00:00:00 +0000 UTC 2018-09-17 07:17:28 +0000 UTC  } {Ready True 0001-01-01 00:00:00 +0000 UTC 2018-09-17 07:18:37 +0000 UTC  } {ContainersReady True 0001-01-01 00:00:00 +0000 UTC 0001-01-01 00:00:00 +0000 UTC  } {PodScheduled True 0001-01-01 00:00:00 +0000 UTC 2018-09-17 07:17:27 +0000 UTC  }]&#xA;Sep 19 08:11:19.297: INFO: istio-pilot-6cf9ccf474-kkb6j                                     10.46.6.173  Running           [{Initialized True 0001-01-01 00:00:00 +0000 UTC 2018-09-17 07:17:31 +0000 UTC  } {Ready True 0001-01-01 00:00:00 +0000 UTC 2018-09-17 07:19:28 +0000 UTC  } {ContainersReady True 0001-01-01 00:00:00 +0000 UTC 0001-01-01 00:00:00 +0000 UTC  } {PodScheduled True 0001-01-01 00:00:00 +0000 UTC 2018-09-17 07:17:27 +0000 UTC  }]&#xA;Sep 19 08:11:19.297: INFO: istio-policy-5b64d7fd64-5l2m9                                    10.46.6.173  Running           [{Initialized True 0001-01-01 00:00:00 +0000 UTC 2018-09-17 07:31:07 +0000 UTC  } {Ready True 0001-01-01 00:00:00 +0000 UTC 2018-09-17 07:31:51 +0000 UTC  } {ContainersReady True 0001-01-01 00:00:00 +0000 UTC 0001-01-01 00:00:00 +0000 UTC  } {PodScheduled True 0001-01-01 00:00:00 +0000 UTC 2018-09-17 07:31:06 +0000 UTC  }]&#xA;Sep 19 08:11:19.297: INFO: istio-policy-5b64d7fd64-fb4bc                                    10.46.6.173  Running           [{Initialized True 0001-01-01 00:00:00 +0000 UTC 2018-09-17 07:27:37 +0000 UTC  } {Ready True 0001-01-01 00:00:00 +0000 UTC 2018-09-17 07:28:39 +0000 UTC  } {ContainersReady True 0001-01-01 00:00:00 +0000 UTC 0001-01-01 00:00:00 +0000 UTC  } {PodScheduled True 0001-01-01 00:00:00 +0000 UTC 2018-09-17 07:27:36 +0000 UTC  }]&#xA;Sep 19 08:11:19.297: INFO: istio-policy-5b64d7fd64-jrlzt                                    10.46.6.173  Running           [{Initialized True 0001-01-01 00:00:00 +0000 UTC 2018-09-17 07:23:11 +0000 UTC  } {Ready True 0001-01-01 00:00:00 +0000 UTC 2018-09-17 07:24:08 +0000 UTC  } {ContainersReady True 0001-01-01 00:00:00 +0000 UTC 0001-01-01 00:00:00 +0000 UTC  } {PodScheduled True 0001-01-01 00:00:00 +0000 UTC 2018-09-17 07:23:10 +0000 UTC  }]&#xA;Sep 19 08:11:19.297: INFO: istio-policy-5b64d7fd64-pt9z2                                    10.46.6.173  Running           [{Initialized True 0001-01-01 00:00:00 +0000 UTC 2018-09-17 07:17:30 +0000 UTC  } {Ready True 0001-01-01 00:00:00 +0000 UTC 2018-09-17 07:19:02 +0000 UTC  } {ContainersReady True 0001-01-01 00:00:00 +0000 UTC 0001-01-01 00:00:00 +0000 UTC  } {PodScheduled True 0001-01-01 00:00:00 +0000 UTC 2018-09-17 07:17:27 +0000 UTC  }]&#xA;Sep 19 08:11:19.297: INFO: istio-policy-5b64d7fd64-z68j4                                    10.46.6.173  Running           [{Initialized True 0001-01-01 00:00:00 +0000 UTC 2018-09-17 07:19:38 +0000 UTC  } {Ready True 0001-01-01 00:00:00 +0000 UTC 2018-09-17 07:20:44 +0000 UTC  } {ContainersReady True 0001-01-01 00:00:00 +0000 UTC 0001-01-01 00:00:00 +0000 UTC  } {PodScheduled True 0001-01-01 00:00:00 +0000 UTC 2018-09-17 07:19:37 +0000 UTC  }]&#xA;Sep 19 08:11:19.297: INFO: istio-sidecar-injector-86d554f5f7-d57zk                          10.46.6.173  Running           [{Initialized True 0001-01-01 00:00:00 +0000 UTC 2018-09-17 07:17:32 +0000 UTC  } {Ready True 0001-01-01 00:00:00 +0000 UTC 2018-09-17 07:18:41 +0000 UTC  } {ContainersReady True 0001-01-01 00:00:00 +0000 UTC 0001-01-01 00:00:00 +0000 UTC  } {PodScheduled True 0001-01-01 00:00:00 +0000 UTC 2018-09-17 07:17:29 +0000 UTC  }]&#xA;Sep 19 08:11:19.297: INFO: istio-statsd-prom-bridge-66cb69b666-p76m8                        10.46.6.173  Running           [{Initialized True 0001-01-01 00:00:00 +0000 UTC 2018-09-17 07:17:29 +0000 UTC  } {Ready True 0001-01-01 00:00:00 +0000 UTC 2018-09-17 07:18:32 +0000 UTC  } {ContainersReady True 0001-01-01 00:00:00 +0000 UTC 0001-01-01 00:00:00 +0000 UTC  } {PodScheduled True 0001-01-01 00:00:00 +0000 UTC 2018-09-17 07:17:27 +0000 UTC  }]&#xA;Sep 19 08:11:19.297: INFO: istio-telemetry-8b5964dc7-9q67f                                  10.46.6.173  Running           [{Initialized True 0001-01-01 00:00:00 +0000 UTC 2018-09-17 07:31:08 +0000 UTC  } {Ready True 0001-01-01 00:00:00 +0000 UTC 2018-09-17 07:32:00 +0000 UTC  } {ContainersReady True 0001-01-01 00:00:00 +0000 UTC 0001-01-01 00:00:00 +0000 UTC  } {PodScheduled True 0001-01-01 00:00:00 +0000 UTC 2018-09-17 07:31:07 +0000 UTC  }]&#xA;Sep 19 08:11:19.297: INFO: istio-telemetry-8b5964dc7-hcf6d                                  10.46.6.173  Running           [{Initialized True 0001-01-01 00:00:00 +0000 UTC 2018-09-17 07:17:29 +0000 UTC  } {Ready True 0001-01-01 00:00:00 +0000 UTC 2018-09-17 07:18:56 +0000 UTC  } {ContainersReady True 0001-01-01 00:00:00 +0000 UTC 0001-01-01 00:00:00 +0000 UTC  } {PodScheduled True 0001-01-01 00:00:00 +0000 UTC 2018-09-17 07:17:27 +0000 UTC  }]&#xA;Sep 19 08:11:19.297: INFO: istio-telemetry-8b5964dc7-nw9kk                                  10.46.6.173  Running           [{Initialized True 0001-01-01 00:00:00 +0000 UTC 2018-09-17 07:23:11 +0000 UTC  } {Ready True 0001-01-01 00:00:00 +0000 UTC 2018-09-17 07:24:19 +0000 UTC  } {ContainersReady True 0001-01-01 00:00:00 +0000 UTC 0001-01-01 00:00:00 +0000 UTC  } {PodScheduled True 0001-01-01 00:00:00 +0000 UTC 2018-09-17 07:23:10 +0000 UTC  }]&#xA;Sep 19 08:11:19.297: INFO: istio-telemetry-8b5964dc7-rfswc                                  10.46.6.173  Running           [{Initialized True 0001-01-01 00:00:00 +0000 UTC 2018-09-17 07:19:39 +0000 UTC  } {Ready True 0001-01-01 00:00:00 +0000 UTC 2018-09-17 07:20:38 +0000 UTC  } {ContainersReady True 0001-01-01 00:00:00 +0000 UTC 0001-01-01 00:00:00 +0000 UTC  } {PodScheduled True 0001-01-01 00:00:00 +0000 UTC 2018-09-17 07:19:38 +0000 UTC  }]&#xA;Sep 19 08:11:19.298: INFO: istio-telemetry-8b5964dc7-vjqbq                                  10.46.6.173  Running           [{Initialized True 0001-01-01 00:00:00 +0000 UTC 2018-09-17 07:27:36 +0000 UTC  } {Ready True 0001-01-01 00:00:00 +0000 UTC 2018-09-17 07:28:21 +0000 UTC  } {ContainersReady True 0001-01-01 00:00:00 +0000 UTC 0001-01-01 00:00:00 +0000 UTC  } {PodScheduled True 0001-01-01 00:00:00 +0000 UTC 2018-09-17 07:27:36 +0000 UTC  }]&#xA;Sep 19 08:11:19.298: INFO: istio-tracing-77ccfc8844-79ngl                                   10.46.6.173  Running           [{Initialized True 0001-01-01 00:00:00 +0000 UTC 2018-09-17 07:17:32 +0000 UTC  } {Ready True 0001-01-01 00:00:00 +0000 UTC 2018-09-17 07:18:08 +0000 UTC  } {ContainersReady True 0001-01-01 00:00:00 +0000 UTC 0001-01-01 00:00:00 +0000 UTC  } {PodScheduled True 0001-01-01 00:00:00 +0000 UTC 2018-09-17 07:17:29 +0000 UTC  }]&#xA;Sep 19 08:11:19.298: INFO: kiali-7f8c59df94-25qmq                                           10.46.6.173  Running           [{Initialized True 0001-01-01 00:00:00 +0000 UTC 2018-09-17 07:17:27 +0000 UTC  } {Ready True 0001-01-01 00:00:00 +0000 UTC 2018-09-17 07:17:56 +0000 UTC  } {ContainersReady True 0001-01-01 00:00:00 +0000 UTC 0001-01-01 00:00:00 +0000 UTC  } {PodScheduled True 0001-01-01 00:00:00 +0000 UTC 2018-09-17 07:17:27 +0000 UTC  }]&#xA;Sep 19 08:11:19.298: INFO: prometheus-6f98d89664-wh7pb                                      10.46.6.173  Running           [{Initialized True 0001-01-01 00:00:00 +0000 UTC 2018-09-17 07:17:31 +0000 UTC  } {Ready True 0001-01-01 00:00:00 +0000 UTC 2018-09-17 07:17:57 +0000 UTC  } {ContainersReady True 0001-01-01 00:00:00 +0000 UTC 0001-01-01 00:00:00 +0000 UTC  } {PodScheduled True 0001-01-01 00:00:00 +0000 UTC 2018-09-17 07:17:28 +0000 UTC  }]&#xA;Sep 19 08:11:19.298: INFO: servicegraph-85578d8fc6-m62z4                                    10.46.6.173  Running           [{Initialized True 0001-01-01 00:00:00 +0000 UTC 2018-09-17 07:17:32 +0000 UTC  } {Ready True 0001-01-01 00:00:00 +0000 UTC 2018-09-17 07:18:22 +0000 UTC  } {ContainersReady True 0001-01-01 00:00:00 +0000 UTC 0001-01-01 00:00:00 +0000 UTC  } {PodScheduled True 0001-01-01 00:00:00 +0000 UTC 2018-09-17 07:17:28 +0000 UTC  }]&#xA;Sep 19 08:11:19.298: INFO: audit-logging-fluentd-ds-4cgnk                                   10.46.6.170  Running           [{Initialized True 0001-01-01 00:00:00 +0000 UTC 2018-09-17 07:18:46 +0000 UTC  } {Ready True 0001-01-01 00:00:00 +0000 UTC 2018-09-17 07:18:50 +0000 UTC  } {ContainersReady True 0001-01-01 00:00:00 +0000 UTC 0001-01-01 00:00:00 +0000 UTC  } {PodScheduled True 0001-01-01 00:00:00 +0000 UTC 2018-09-17 07:18:46 +0000 UTC  }]&#xA;Sep 19 08:11:19.298: INFO: audit-logging-fluentd-ds-8bh4t                                   10.46.6.172  Running           [{Initialized True 0001-01-01 00:00:00 +0000 UTC 2018-09-17 07:18:46 +0000 UTC  } {Ready True 0001-01-01 00:00:00 +0000 UTC 2018-09-17 07:18:56 +0000 UTC  } {ContainersReady True 0001-01-01 00:00:00 +0000 UTC 0001-01-01 00:00:00 +0000 UTC  } {PodScheduled True 0001-01-01 00:00:00 +0000 UTC 2018-09-17 07:18:46 +0000 UTC  }]&#xA;Sep 19 08:11:19.298: INFO: audit-logging-fluentd-ds-bc22k                                   10.46.6.171  Running           [{Initialized True 0001-01-01 00:00:00 +0000 UTC 2018-09-17 07:18:46 +0000 UTC  } {Ready True 0001-01-01 00:00:00 +0000 UTC 2018-09-17 07:18:56 +0000 UTC  } {ContainersReady True 0001-01-01 00:00:00 +0000 UTC 0001-01-01 00:00:00 +0000 UTC  } {PodScheduled True 0001-01-01 00:00:00 +0000 UTC 2018-09-17 07:18:46 +0000 UTC  }]&#xA;Sep 19 08:11:19.298: INFO: audit-logging-fluentd-ds-dhcg6                                   10.46.6.173  Running           [{Initialized True 0001-01-01 00:00:00 +0000 UTC 2018-09-17 07:18:46 +0000 UTC  } {Ready True 0001-01-01 00:00:00 +0000 UTC 2018-09-17 07:19:00 +0000 UTC  } {ContainersReady True 0001-01-01 00:00:00 +0000 UTC 0001-01-01 00:00:00 +0000 UTC  } {PodScheduled True 0001-01-01 00:00:00 +0000 UTC 2018-09-17 07:18:46 +0000 UTC  }]&#xA;Sep 19 08:11:19.298: INFO: auth-apikeys-x45mz                                               10.46.6.173  Running           [{Initialized True 0001-01-01 00:00:00 +0000 UTC 2018-09-17 07:10:12 +0000 UTC  } {Ready True 0001-01-01 00:00:00 +0000 UTC 2018-09-17 07:11:25 +0000 UTC  } {ContainersReady True 0001-01-01 00:00:00 +0000 UTC 0001-01-01 00:00:00 +0000 UTC  } {PodScheduled True 0001-01-01 00:00:00 +0000 UTC 2018-09-17 07:10:12 +0000 UTC  }]&#xA;Sep 19 08:11:19.298: INFO: auth-idp-kjpmx                                                   10.46.6.173  Running           [{Initialized True 0001-01-01 00:00:00 +0000 UTC 2018-09-17 07:10:19 +0000 UTC  } {Ready True 0001-01-01 00:00:00 +0000 UTC 2018-09-19 07:05:52 +0000 UTC  } {ContainersReady True 0001-01-01 00:00:00 +0000 UTC 0001-01-01 00:00:00 +0000 UTC  } {PodScheduled True 0001-01-01 00:00:00 +0000 UTC 2018-09-17 07:10:04 +0000 UTC  }]&#xA;Sep 19 08:11:19.298: INFO: auth-pap-qb5m2                                                   10.46.6.173  Running           [{Initialized True 0001-01-01 00:00:00 +0000 UTC 2018-09-17 07:10:20 +0000 UTC  } {Ready True 0001-01-01 00:00:00 +0000 UTC 2018-09-17 07:10:46 +0000 UTC  } {ContainersReady True 0001-01-01 00:00:00 +0000 UTC 0001-01-01 00:00:00 +0000 UTC  } {PodScheduled True 0001-01-01 00:00:00 +0000 UTC 2018-09-17 07:10:20 +0000 UTC  }]&#xA;Sep 19 08:11:19.298: INFO: auth-pdp-tk2jm                                                   10.46.6.173  Running           [{Initialized True 0001-01-01 00:00:00 +0000 UTC 2018-09-17 07:13:08 +0000 UTC  } {Ready True 0001-01-01 00:00:00 +0000 UTC 2018-09-17 07:13:19 +0000 UTC  } {ContainersReady True 0001-01-01 00:00:00 +0000 UTC 0001-01-01 00:00:00 +0000 UTC  } {PodScheduled True 0001-01-01 00:00:00 +0000 UTC 2018-09-17 07:10:28 +0000 UTC  }]&#xA;Sep 19 08:11:19.298: INFO: calico-kube-controllers-dcb8cc97c-gtsqp                          10.46.6.173  Running           [{Initialized True 0001-01-01 00:00:00 +0000 UTC 2018-09-17 07:05:53 +0000 UTC  } {Ready True 0001-01-01 00:00:00 +0000 UTC 2018-09-17 07:06:04 +0000 UTC  } {ContainersReady True 0001-01-01 00:00:00 +0000 UTC 0001-01-01 00:00:00 +0000 UTC  } {PodScheduled True 0001-01-01 00:00:00 +0000 UTC 2018-09-17 07:05:53 +0000 UTC  }]&#xA;Sep 19 08:11:19.298: INFO: calico-node-gpm2c                                                10.46.6.171  Running           [{Initialized True 0001-01-01 00:00:00 +0000 UTC 2018-09-17 07:05:53 +0000 UTC  } {Ready True 0001-01-01 00:00:00 +0000 UTC 2018-09-17 07:06:11 +0000 UTC  } {ContainersReady True 0001-01-01 00:00:00 +0000 UTC 0001-01-01 00:00:00 +0000 UTC  } {PodScheduled True 0001-01-01 00:00:00 +0000 UTC 2018-09-17 07:05:53 +0000 UTC  }]&#xA;Sep 19 08:11:19.298: INFO: calico-node-htf97                                                10.46.6.170  Running           [{Initialized True 0001-01-01 00:00:00 +0000 UTC 2018-09-17 07:05:53 +0000 UTC  } {Ready True 0001-01-01 00:00:00 +0000 UTC 2018-09-17 07:06:14 +0000 UTC  } {ContainersReady True 0001-01-01 00:00:00 +0000 UTC 0001-01-01 00:00:00 +0000 UTC  } {PodScheduled True 0001-01-01 00:00:00 +0000 UTC 2018-09-17 07:05:53 +0000 UTC  }]&#xA;Sep 19 08:11:19.298: INFO: calico-node-m7d5t                                                10.46.6.173  Running           [{Initialized True 0001-01-01 00:00:00 +0000 UTC 2018-09-17 07:05:54 +0000 UTC  } {Ready True 0001-01-01 00:00:00 +0000 UTC 2018-09-17 07:06:15 +0000 UTC  } {ContainersReady True 0001-01-01 00:00:00 +0000 UTC 0001-01-01 00:00:00 +0000 UTC  } {PodScheduled True 0001-01-01 00:00:00 +0000 UTC 2018-09-17 07:05:54 +0000 UTC  }]&#xA;Sep 19 08:11:19.298: INFO: calico-node-wsknj                                                10.46.6.172  Running           [{Initialized True 0001-01-01 00:00:00 +0000 UTC 2018-09-17 07:05:53 +0000 UTC  } {Ready True 0001-01-01 00:00:00 +0000 UTC 2018-09-17 07:06:17 +0000 UTC  } {ContainersReady True 0001-01-01 00:00:00 +0000 UTC 0001-01-01 00:00:00 +0000 UTC  } {PodScheduled True 0001-01-01 00:00:00 +0000 UTC 2018-09-17 07:05:53 +0000 UTC  }]&#xA;Sep 19 08:11:19.298: INFO: catalog-ui-5rtkh                                                 10.46.6.173  Running           [{Initialized True 0001-01-01 00:00:00 +0000 UTC 2018-09-17 07:15:57 +0000 UTC  } {Ready True 0001-01-01 00:00:00 +0000 UTC 2018-09-17 07:16:11 +0000 UTC  } {ContainersReady True 0001-01-01 00:00:00 +0000 UTC 0001-01-01 00:00:00 +0000 UTC  } {PodScheduled True 0001-01-01 00:00:00 +0000 UTC 2018-09-17 07:15:57 +0000 UTC  }]&#xA;Sep 19 08:11:19.298: INFO: custom-metrics-adapter-64f64964b4-f9gmc                          10.46.6.171  Running           [{Initialized True 0001-01-01 00:00:00 +0000 UTC 2018-09-17 07:17:13 +0000 UTC  } {Ready True 0001-01-01 00:00:00 +0000 UTC 2018-09-17 07:17:51 +0000 UTC  } {ContainersReady True 0001-01-01 00:00:00 +0000 UTC 0001-01-01 00:00:00 +0000 UTC  } {PodScheduled True 0001-01-01 00:00:00 +0000 UTC 2018-09-17 07:14:28 +0000 UTC  }]&#xA;Sep 19 08:11:19.298: INFO: default-backend-54966589c4-4d47g                                 10.46.6.173  Running           [{Initialized True 0001-01-01 00:00:00 +0000 UTC 2018-09-17 07:08:29 +0000 UTC  } {Ready True 0001-01-01 00:00:00 +0000 UTC 2018-09-17 07:08:40 +0000 UTC  } {ContainersReady True 0001-01-01 00:00:00 +0000 UTC 0001-01-01 00:00:00 +0000 UTC  } {PodScheduled True 0001-01-01 00:00:00 +0000 UTC 2018-09-17 07:08:28 +0000 UTC  }]&#xA;Sep 19 08:11:19.298: INFO: heapster-69b486565b-nt26r                                        10.46.6.173  Running           [{Initialized True 0001-01-01 00:00:00 +0000 UTC 2018-09-17 07:13:48 +0000 UTC  } {Ready True 0001-01-01 00:00:00 +0000 UTC 2018-09-17 07:13:58 +0000 UTC  } {ContainersReady True 0001-01-01 00:00:00 +0000 UTC 0001-01-01 00:00:00 +0000 UTC  } {PodScheduled True 0001-01-01 00:00:00 +0000 UTC 2018-09-17 07:13:48 +0000 UTC  }]&#xA;Sep 19 08:11:19.298: INFO: helm-api-fdd886877-6pwm8                                         10.46.6.173  Running           [{Initialized True 0001-01-01 00:00:00 +0000 UTC 2018-09-17 07:16:36 +0000 UTC  } {Ready True 0001-01-01 00:00:00 +0000 UTC 2018-09-17 07:16:58 +0000 UTC  } {ContainersReady True 0001-01-01 00:00:00 +0000 UTC 0001-01-01 00:00:00 +0000 UTC  } {PodScheduled True 0001-01-01 00:00:00 +0000 UTC 2018-09-17 07:16:35 +0000 UTC  }]&#xA;Sep 19 08:11:19.298: INFO: helm-repo-5649f57447-wwdn4                                       10.46.6.173  Running           [{Initialized True 0001-01-01 00:00:00 +0000 UTC 2018-09-17 07:14:04 +0000 UTC  } {Ready True 0001-01-01 00:00:00 +0000 UTC 2018-09-17 07:14:40 +0000 UTC  } {ContainersReady True 0001-01-01 00:00:00 +0000 UTC 0001-01-01 00:00:00 +0000 UTC  } {PodScheduled True 0001-01-01 00:00:00 +0000 UTC 2018-09-17 07:13:53 +0000 UTC  }]&#xA;Sep 19 08:11:19.298: INFO: ibmcloud-image-enforcement-76ddccbf9f-kqmlb                      10.46.6.171  Running           [{Initialized True 0001-01-01 00:00:00 +0000 UTC 2018-09-17 07:14:02 +0000 UTC  } {Ready True 0001-01-01 00:00:00 +0000 UTC 2018-09-17 07:14:07 +0000 UTC  } {ContainersReady True 0001-01-01 00:00:00 +0000 UTC 0001-01-01 00:00:00 +0000 UTC  } {PodScheduled True 0001-01-01 00:00:00 +0000 UTC 2018-09-17 07:14:02 +0000 UTC  }]&#xA;Sep 19 08:11:19.298: INFO: icp-management-ingress-x6qn8                                     10.46.6.173  Running           [{Initialized True 0001-01-01 00:00:00 +0000 UTC 2018-09-17 07:10:36 +0000 UTC  } {Ready True 0001-01-01 00:00:00 +0000 UTC 2018-09-17 07:10:48 +0000 UTC  } {ContainersReady True 0001-01-01 00:00:00 +0000 UTC 0001-01-01 00:00:00 +0000 UTC  } {PodScheduled True 0001-01-01 00:00:00 +0000 UTC 2018-09-17 07:10:36 +0000 UTC  }]&#xA;Sep 19 08:11:19.298: INFO: icp-mongodb-0                                                    10.46.6.173  Running           [{Initialized True 0001-01-01 00:00:00 +0000 UTC 2018-09-17 07:09:00 +0000 UTC  } {Ready True 0001-01-01 00:00:00 +0000 UTC 2018-09-17 07:09:17 +0000 UTC  } {ContainersReady True 0001-01-01 00:00:00 +0000 UTC 0001-01-01 00:00:00 +0000 UTC  } {PodScheduled True 0001-01-01 00:00:00 +0000 UTC 2018-09-17 07:07:41 +0000 UTC  }]&#xA;Sep 19 08:11:19.298: INFO: image-manager-0                                                  10.46.6.173  Running           [{Initialized True 0001-01-01 00:00:00 +0000 UTC 2018-09-17 06:38:56 +0000 UTC  } {Ready True 0001-01-01 00:00:00 +0000 UTC 2018-09-17 06:39:08 +0000 UTC  } {ContainersReady True 0001-01-01 00:00:00 +0000 UTC 0001-01-01 00:00:00 +0000 UTC  } {PodScheduled True 0001-01-01 00:00:00 +0000 UTC 2018-09-17 06:38:56 +0000 UTC  }]&#xA;Sep 19 08:11:19.298: INFO: k8s-etcd-10.46.6.173                                             10.46.6.173  Running           [{Initialized True 0001-01-01 00:00:00 +0000 UTC 2018-09-17 06:35:49 +0000 UTC  } {Ready True 0001-01-01 00:00:00 +0000 UTC 2018-09-17 06:35:54 +0000 UTC  } {ContainersReady True 0001-01-01 00:00:00 +0000 UTC 0001-01-01 00:00:00 +0000 UTC  } {PodScheduled True 0001-01-01 00:00:00 +0000 UTC 2018-09-17 06:35:49 +0000 UTC  }]&#xA;Sep 19 08:11:19.298: INFO: k8s-master-10.46.6.173                                           10.46.6.173  Running           [{Initialized True 0001-01-01 00:00:00 +0000 UTC 2018-09-17 06:37:18 +0000 UTC  } {Ready True 0001-01-01 00:00:00 +0000 UTC 2018-09-17 06:37:26 +0000 UTC  } {ContainersReady True 0001-01-01 00:00:00 +0000 UTC 0001-01-01 00:00:00 +0000 UTC  } {PodScheduled True 0001-01-01 00:00:00 +0000 UTC 2018-09-17 06:37:18 +0000 UTC  }]&#xA;Sep 19 08:11:19.298: INFO: k8s-proxy-10.46.6.170                                            10.46.6.170  Running           [{Initialized True 0001-01-01 00:00:00 +0000 UTC 2018-09-17 07:05:43 +0000 UTC  } {Ready True 0001-01-01 00:00:00 +0000 UTC 2018-09-17 07:05:46 +0000 UTC  } {ContainersReady True 0001-01-01 00:00:00 +0000 UTC 0001-01-01 00:00:00 +0000 UTC  } {PodScheduled True 0001-01-01 00:00:00 +0000 UTC 2018-09-17 07:05:43 +0000 UTC  }]&#xA;Sep 19 08:11:19.298: INFO: k8s-proxy-10.46.6.171                                            10.46.6.171  Running           [{Initialized True 0001-01-01 00:00:00 +0000 UTC 2018-09-17 07:05:44 +0000 UTC  } {Ready True 0001-01-01 00:00:00 +0000 UTC 2018-09-17 07:05:46 +0000 UTC  } {ContainersReady True 0001-01-01 00:00:00 +0000 UTC 0001-01-01 00:00:00 +0000 UTC  } {PodScheduled True 0001-01-01 00:00:00 +0000 UTC 2018-09-17 07:05:44 +0000 UTC  }]&#xA;Sep 19 08:11:19.298: INFO: k8s-proxy-10.46.6.172                                            10.46.6.172  Running           [{Initialized True 0001-01-01 00:00:00 +0000 UTC 2018-09-17 07:05:44 +0000 UTC  } {Ready True 0001-01-01 00:00:00 +0000 UTC 2018-09-17 07:05:48 +0000 UTC  } {ContainersReady True 0001-01-01 00:00:00 +0000 UTC 0001-01-01 00:00:00 +0000 UTC  } {PodScheduled True 0001-01-01 00:00:00 +0000 UTC 2018-09-17 07:05:44 +0000 UTC  }]&#xA;Sep 19 08:11:19.298: INFO: k8s-proxy-10.46.6.173                                            10.46.6.173  Running           [{Initialized True 0001-01-01 00:00:00 +0000 UTC 2018-09-17 06:35:45 +0000 UTC  } {Ready True 0001-01-01 00:00:00 +0000 UTC 2018-09-17 06:35:50 +0000 UTC  } {ContainersReady True 0001-01-01 00:00:00 +0000 UTC 0001-01-01 00:00:00 +0000 UTC  } {PodScheduled True 0001-01-01 00:00:00 +0000 UTC 2018-09-17 06:35:45 +0000 UTC  }]&#xA;Sep 19 08:11:19.299: INFO: kube-dns-mwjc8                                                   10.46.6.173  Running           [{Initialized True 0001-01-01 00:00:00 +0000 UTC 2018-09-17 07:06:10 +0000 UTC  } {Ready True 0001-01-01 00:00:00 +0000 UTC 2018-09-17 07:06:18 +0000 UTC  } {ContainersReady True 0001-01-01 00:00:00 +0000 UTC 0001-01-01 00:00:00 +0000 UTC  } {PodScheduled True 0001-01-01 00:00:00 +0000 UTC 2018-09-17 07:06:10 +0000 UTC  }]&#xA;Sep 19 08:11:19.299: INFO: logging-elk-client-75d4d7994c-7g7fn                              10.46.6.171  Running           [{Initialized True 0001-01-01 00:00:00 +0000 UTC 2018-09-17 07:15:40 +0000 UTC  } {Ready True 0001-01-01 00:00:00 +0000 UTC 2018-09-17 07:16:22 +0000 UTC  } {ContainersReady True 0001-01-01 00:00:00 +0000 UTC 0001-01-01 00:00:00 +0000 UTC  } {PodScheduled True 0001-01-01 00:00:00 +0000 UTC 2018-09-17 07:15:20 +0000 UTC  }]&#xA;Sep 19 08:11:19.299: INFO: logging-elk-data-0                                               10.46.6.171  Running           [{Initialized True 0001-01-01 00:00:00 +0000 UTC 2018-09-17 07:15:47 +0000 UTC  } {Ready True 0001-01-01 00:00:00 +0000 UTC 2018-09-17 07:16:16 +0000 UTC  } {ContainersReady True 0001-01-01 00:00:00 +0000 UTC 0001-01-01 00:00:00 +0000 UTC  } {PodScheduled True 0001-01-01 00:00:00 +0000 UTC 2018-09-17 07:15:20 +0000 UTC  }]&#xA;Sep 19 08:11:19.299: INFO: logging-elk-elasticsearch-tls-init-6hnl4                         10.46.6.171  Succeeded         [{Initialized True 0001-01-01 00:00:00 +0000 UTC 2018-09-17 07:15:20 +0000 UTC PodCompleted } {Ready False 0001-01-01 00:00:00 +0000 UTC 2018-09-17 07:17:46 +0000 UTC PodCompleted } {ContainersReady False 0001-01-01 00:00:00 +0000 UTC 0001-01-01 00:00:00 +0000 UTC PodCompleted } {PodScheduled True 0001-01-01 00:00:00 +0000 UTC 2018-09-17 07:15:20 +0000 UTC  }]&#xA;Sep 19 08:11:19.299: INFO: logging-elk-filebeat-ds-bs86r                                    10.46.6.171  Running           [{Initialized True 0001-01-01 00:00:00 +0000 UTC 2018-09-17 07:15:20 +0000 UTC  } {Ready True 0001-01-01 00:00:00 +0000 UTC 2018-09-17 07:15:42 +0000 UTC  } {ContainersReady True 0001-01-01 00:00:00 +0000 UTC 0001-01-01 00:00:00 +0000 UTC  } {PodScheduled True 0001-01-01 00:00:00 +0000 UTC 2018-09-17 07:15:20 +0000 UTC  }]&#xA;Sep 19 08:11:19.299: INFO: logging-elk-filebeat-ds-jtd5q                                    10.46.6.170  Running           [{Initialized True 0001-01-01 00:00:00 +0000 UTC 2018-09-17 07:15:20 +0000 UTC  } {Ready True 0001-01-01 00:00:00 +0000 UTC 2018-09-17 07:15:37 +0000 UTC  } {ContainersReady True 0001-01-01 00:00:00 +0000 UTC 0001-01-01 00:00:00 +0000 UTC  } {PodScheduled True 0001-01-01 00:00:00 +0000 UTC 2018-09-17 07:15:20 +0000 UTC  }]&#xA;Sep 19 08:11:19.299: INFO: logging-elk-filebeat-ds-qf2vz                                    10.46.6.173  Running           [{Initialized True 0001-01-01 00:00:00 +0000 UTC 2018-09-17 07:15:20 +0000 UTC  } {Ready True 0001-01-01 00:00:00 +0000 UTC 2018-09-17 07:15:39 +0000 UTC  } {ContainersReady True 0001-01-01 00:00:00 +0000 UTC 0001-01-01 00:00:00 +0000 UTC  } {PodScheduled True 0001-01-01 00:00:00 +0000 UTC 2018-09-17 07:15:20 +0000 UTC  }]&#xA;Sep 19 08:11:19.299: INFO: logging-elk-filebeat-ds-vpk48                                    10.46.6.172  Running           [{Initialized True 0001-01-01 00:00:00 +0000 UTC 2018-09-17 07:15:20 +0000 UTC  } {Ready True 0001-01-01 00:00:00 +0000 UTC 2018-09-17 07:15:39 +0000 UTC  } {ContainersReady True 0001-01-01 00:00:00 +0000 UTC 0001-01-01 00:00:00 +0000 UTC  } {PodScheduled True 0001-01-01 00:00:00 +0000 UTC 2018-09-17 07:15:20 +0000 UTC  }]&#xA;Sep 19 08:11:19.299: INFO: logging-elk-kibana-ff4db4866-s2295                               10.46.6.171  Running           [{Initialized True 0001-01-01 00:00:00 +0000 UTC 2018-09-17 07:15:21 +0000 UTC  } {Ready True 0001-01-01 00:00:00 +0000 UTC 2018-09-17 07:15:45 +0000 UTC  } {ContainersReady True 0001-01-01 00:00:00 +0000 UTC 0001-01-01 00:00:00 +0000 UTC  } {PodScheduled True 0001-01-01 00:00:00 +0000 UTC 2018-09-17 07:15:21 +0000 UTC  }]&#xA;Sep 19 08:11:19.299: INFO: logging-elk-logstash-7994656f46-r89mt                            10.46.6.171  Running           [{Initialized True 0001-01-01 00:00:00 +0000 UTC 2018-09-17 07:15:22 +0000 UTC  } {Ready True 0001-01-01 00:00:00 +0000 UTC 2018-09-17 07:16:16 +0000 UTC  } {ContainersReady True 0001-01-01 00:00:00 +0000 UTC 0001-01-01 00:00:00 +0000 UTC  } {PodScheduled True 0001-01-01 00:00:00 +0000 UTC 2018-09-17 07:15:21 +0000 UTC  }]&#xA;Sep 19 08:11:19.299: INFO: logging-elk-master-6cdcf45f7d-gp28f                              10.46.6.171  Running           [{Initialized True 0001-01-01 00:00:00 +0000 UTC 2018-09-17 07:15:47 +0000 UTC  } {Ready True 0001-01-01 00:00:00 +0000 UTC 2018-09-17 07:16:16 +0000 UTC  } {ContainersReady True 0001-01-01 00:00:00 +0000 UTC 0001-01-01 00:00:00 +0000 UTC  } {PodScheduled True 0001-01-01 00:00:00 +0000 UTC 2018-09-17 07:15:21 +0000 UTC  }]&#xA;Sep 19 08:11:19.299: INFO: mariadb-0                                                        10.46.6.173  Running           [{Initialized True 0001-01-01 00:00:00 +0000 UTC 2018-09-17 07:08:38 +0000 UTC  } {Ready True 0001-01-01 00:00:00 +0000 UTC 2018-09-17 07:09:15 +0000 UTC  } {ContainersReady True 0001-01-01 00:00:00 +0000 UTC 0001-01-01 00:00:00 +0000 UTC  } {PodScheduled True 0001-01-01 00:00:00 +0000 UTC 2018-09-17 07:08:37 +0000 UTC  }]&#xA;Sep 19 08:11:19.299: INFO: metering-dm-8b475fc57-cmm6h                                      10.46.6.171  Running           [{Initialized True 0001-01-01 00:00:00 +0000 UTC 2018-09-17 07:14:20 +0000 UTC  } {Ready True 0001-01-01 00:00:00 +0000 UTC 2018-09-17 07:14:49 +0000 UTC  } {ContainersReady True 0001-01-01 00:00:00 +0000 UTC 0001-01-01 00:00:00 +0000 UTC  } {PodScheduled True 0001-01-01 00:00:00 +0000 UTC 2018-09-17 07:14:12 +0000 UTC  }]&#xA;Sep 19 08:11:19.299: INFO: metering-reader-44wd7                                            10.46.6.170  Running           [{Initialized True 0001-01-01 00:00:00 +0000 UTC 2018-09-17 07:14:20 +0000 UTC  } {Ready True 0001-01-01 00:00:00 +0000 UTC 2018-09-17 07:14:46 +0000 UTC  } {ContainersReady True 0001-01-01 00:00:00 +0000 UTC 0001-01-01 00:00:00 +0000 UTC  } {PodScheduled True 0001-01-01 00:00:00 +0000 UTC 2018-09-17 07:14:11 +0000 UTC  }]&#xA;Sep 19 08:11:19.299: INFO: metering-reader-gsrdg                                            10.46.6.172  Running           [{Initialized True 0001-01-01 00:00:00 +0000 UTC 2018-09-17 07:14:23 +0000 UTC  } {Ready True 0001-01-01 00:00:00 +0000 UTC 2018-09-17 07:14:52 +0000 UTC  } {ContainersReady True 0001-01-01 00:00:00 +0000 UTC 0001-01-01 00:00:00 +0000 UTC  } {PodScheduled True 0001-01-01 00:00:00 +0000 UTC 2018-09-17 07:14:11 +0000 UTC  }]&#xA;Sep 19 08:11:19.299: INFO: metering-reader-l7284                                            10.46.6.173  Running           [{Initialized True 0001-01-01 00:00:00 +0000 UTC 2018-09-17 07:14:24 +0000 UTC  } {Ready True 0001-01-01 00:00:00 +0000 UTC 2018-09-17 07:14:45 +0000 UTC  } {ContainersReady True 0001-01-01 00:00:00 +0000 UTC 0001-01-01 00:00:00 +0000 UTC  } {PodScheduled True 0001-01-01 00:00:00 +0000 UTC 2018-09-17 07:14:11 +0000 UTC  }]&#xA;Sep 19 08:11:19.299: INFO: metering-reader-xq8f2                                            10.46.6.171  Running           [{Initialized True 0001-01-01 00:00:00 +0000 UTC 2018-09-17 07:14:23 +0000 UTC  } {Ready True 0001-01-01 00:00:00 +0000 UTC 2018-09-17 07:14:55 +0000 UTC  } {ContainersReady True 0001-01-01 00:00:00 +0000 UTC 0001-01-01 00:00:00 +0000 UTC  } {PodScheduled True 0001-01-01 00:00:00 +0000 UTC 2018-09-17 07:14:11 +0000 UTC  }]&#xA;Sep 19 08:11:19.299: INFO: metering-ui-5bbfbb5d49-wkh8m                                     10.46.6.171  Running           [{Initialized True 0001-01-01 00:00:00 +0000 UTC 2018-09-17 07:14:22 +0000 UTC  } {Ready True 0001-01-01 00:00:00 +0000 UTC 2018-09-17 07:14:55 +0000 UTC  } {ContainersReady True 0001-01-01 00:00:00 +0000 UTC 0001-01-01 00:00:00 +0000 UTC  } {PodScheduled True 0001-01-01 00:00:00 +0000 UTC 2018-09-17 07:14:12 +0000 UTC  }]&#xA;Sep 19 08:11:19.299: INFO: metrics-server-6d6695f9db-8t4xs                                  10.46.6.171  Running           [{Initialized True 0001-01-01 00:00:00 +0000 UTC 2018-09-17 07:08:51 +0000 UTC  } {Ready True 0001-01-01 00:00:00 +0000 UTC 2018-09-17 07:08:55 +0000 UTC  } {ContainersReady True 0001-01-01 00:00:00 +0000 UTC 0001-01-01 00:00:00 +0000 UTC  } {PodScheduled True 0001-01-01 00:00:00 +0000 UTC 2018-09-17 07:08:51 +0000 UTC  }]&#xA;Sep 19 08:11:19.299: INFO: mgmt-repo-57dc689b74-tmp44                                       10.46.6.173  Running           [{Initialized True 0001-01-01 00:00:00 +0000 UTC 2018-09-17 07:18:10 +0000 UTC  } {Ready True 0001-01-01 00:00:00 +0000 UTC 2018-09-17 07:18:54 +0000 UTC  } {ContainersReady True 0001-01-01 00:00:00 +0000 UTC 0001-01-01 00:00:00 +0000 UTC  } {PodScheduled True 0001-01-01 00:00:00 +0000 UTC 2018-09-17 07:17:50 +0000 UTC  }]&#xA;Sep 19 08:11:19.299: INFO: monitoring-grafana-548b947c8c-dh89z                              10.46.6.171  Running           [{Initialized True 0001-01-01 00:00:00 +0000 UTC 2018-09-17 07:16:14 +0000 UTC  } {Ready True 0001-01-01 00:00:00 +0000 UTC 2018-09-17 07:16:59 +0000 UTC  } {ContainersReady True 0001-01-01 00:00:00 +0000 UTC 0001-01-01 00:00:00 +0000 UTC  } {PodScheduled True 0001-01-01 00:00:00 +0000 UTC 2018-09-17 07:15:46 +0000 UTC  }]&#xA;Sep 19 08:11:19.299: INFO: monitoring-prometheus-6677d7c77f-pnpt5                           10.46.6.171  Running           [{Initialized True 0001-01-01 00:00:00 +0000 UTC 2018-09-17 07:16:14 +0000 UTC  } {Ready True 0001-01-01 00:00:00 +0000 UTC 2018-09-17 07:17:03 +0000 UTC  } {ContainersReady True 0001-01-01 00:00:00 +0000 UTC 0001-01-01 00:00:00 +0000 UTC  } {PodScheduled True 0001-01-01 00:00:00 +0000 UTC 2018-09-17 07:15:45 +0000 UTC  }]&#xA;Sep 19 08:11:19.299: INFO: monitoring-prometheus-alertmanager-7d8749dbb8-xj68d              10.46.6.171  Running           [{Initialized True 0001-01-01 00:00:00 +0000 UTC 2018-09-17 07:15:46 +0000 UTC  } {Ready True 0001-01-01 00:00:00 +0000 UTC 2018-09-17 07:16:45 +0000 UTC  } {ContainersReady True 0001-01-01 00:00:00 +0000 UTC 0001-01-01 00:00:00 +0000 UTC  } {PodScheduled True 0001-01-01 00:00:00 +0000 UTC 2018-09-17 07:15:45 +0000 UTC  }]&#xA;Sep 19 08:11:19.299: INFO: monitoring-prometheus-collectdexporter-77575678dc-v8n2l          10.46.6.171  Running           [{Initialized True 0001-01-01 00:00:00 +0000 UTC 2018-09-17 07:15:46 +0000 UTC  } {Ready True 0001-01-01 00:00:00 +0000 UTC 2018-09-17 07:16:42 +0000 UTC  } {ContainersReady True 0001-01-01 00:00:00 +0000 UTC 0001-01-01 00:00:00 +0000 UTC  } {PodScheduled True 0001-01-01 00:00:00 +0000 UTC 2018-09-17 07:15:45 +0000 UTC  }]&#xA;Sep 19 08:11:19.299: INFO: monitoring-prometheus-elasticsearchexporter-655864cccb-c6tps     10.46.6.171  Running           [{Initialized True 0001-01-01 00:00:00 +0000 UTC 2018-09-17 07:15:46 +0000 UTC  } {Ready True 0001-01-01 00:00:00 +0000 UTC 2018-09-17 07:16:52 +0000 UTC  } {ContainersReady True 0001-01-01 00:00:00 +0000 UTC 0001-01-01 00:00:00 +0000 UTC  } {PodScheduled True 0001-01-01 00:00:00 +0000 UTC 2018-09-17 07:15:45 +0000 UTC  }]&#xA;Sep 19 08:11:19.299: INFO: monitoring-prometheus-kubestatemetrics-54dcbb6cfb-76zmm          10.46.6.171  Running           [{Initialized True 0001-01-01 00:00:00 +0000 UTC 2018-09-17 07:15:45 +0000 UTC  } {Ready True 0001-01-01 00:00:00 +0000 UTC 2018-09-17 07:16:34 +0000 UTC  } {ContainersReady True 0001-01-01 00:00:00 +0000 UTC 0001-01-01 00:00:00 +0000 UTC  } {PodScheduled True 0001-01-01 00:00:00 +0000 UTC 2018-09-17 07:15:45 +0000 UTC  }]&#xA;Sep 19 08:11:19.299: INFO: monitoring-prometheus-nodeexporter-9fnpb                         10.46.6.171  Running           [{Initialized True 0001-01-01 00:00:00 +0000 UTC 2018-09-17 07:15:44 +0000 UTC  } {Ready True 0001-01-01 00:00:00 +0000 UTC 2018-09-17 07:16:44 +0000 UTC  } {ContainersReady True 0001-01-01 00:00:00 +0000 UTC 0001-01-01 00:00:00 +0000 UTC  } {PodScheduled True 0001-01-01 00:00:00 +0000 UTC 2018-09-17 07:15:44 +0000 UTC  }]&#xA;Sep 19 08:11:19.299: INFO: monitoring-prometheus-nodeexporter-f84fv                         10.46.6.173  Running           [{Initialized True 0001-01-01 00:00:00 +0000 UTC 2018-09-17 07:15:45 +0000 UTC  } {Ready True 0001-01-01 00:00:00 +0000 UTC 2018-09-17 07:16:28 +0000 UTC  } {ContainersReady True 0001-01-01 00:00:00 +0000 UTC 0001-01-01 00:00:00 +0000 UTC  } {PodScheduled True 0001-01-01 00:00:00 +0000 UTC 2018-09-17 07:15:45 +0000 UTC  }]&#xA;Sep 19 08:11:19.299: INFO: monitoring-prometheus-nodeexporter-tpbc8                         10.46.6.170  Running           [{Initialized True 0001-01-01 00:00:00 +0000 UTC 2018-09-17 07:15:44 +0000 UTC  } {Ready True 0001-01-01 00:00:00 +0000 UTC 2018-09-17 07:16:27 +0000 UTC  } {ContainersReady True 0001-01-01 00:00:00 +0000 UTC 0001-01-01 00:00:00 +0000 UTC  } {PodScheduled True 0001-01-01 00:00:00 +0000 UTC 2018-09-17 07:15:44 +0000 UTC  }]&#xA;Sep 19 08:11:19.299: INFO: monitoring-prometheus-nodeexporter-v4l7d                         10.46.6.172  Running           [{Initialized True 0001-01-01 00:00:00 +0000 UTC 2018-09-17 07:15:44 +0000 UTC  } {Ready True 0001-01-01 00:00:00 +0000 UTC 2018-09-17 07:16:31 +0000 UTC  } {ContainersReady True 0001-01-01 00:00:00 +0000 UTC 0001-01-01 00:00:00 +0000 UTC  } {PodScheduled True 0001-01-01 00:00:00 +0000 UTC 2018-09-17 07:15:44 +0000 UTC  }]&#xA;Sep 19 08:11:19.299: INFO: my-ibm-open-liberty-ibm-7f7d9778d7-7t5jc                         10.46.6.170  Running           [{Initialized True 0001-01-01 00:00:00 +0000 UTC 2018-09-17 08:22:24 +0000 UTC  } {Ready True 0001-01-01 00:00:00 +0000 UTC 2018-09-17 08:23:21 +0000 UTC  } {ContainersReady True 0001-01-01 00:00:00 +0000 UTC 0001-01-01 00:00:00 +0000 UTC  } {PodScheduled True 0001-01-01 00:00:00 +0000 UTC 2018-09-17 08:22:24 +0000 UTC  }]&#xA;Sep 19 08:11:19.299: INFO: nginx-ingress-controller-h5z2v                                   10.46.6.173  Running           [{Initialized True 0001-01-01 00:00:00 +0000 UTC 2018-09-17 07:08:39 +0000 UTC  } {Ready True 0001-01-01 00:00:00 +0000 UTC 2018-09-17 07:08:54 +0000 UTC  } {ContainersReady True 0001-01-01 00:00:00 +0000 UTC 0001-01-01 00:00:00 +0000 UTC  } {PodScheduled True 0001-01-01 00:00:00 +0000 UTC 2018-09-17 07:08:28 +0000 UTC  }]&#xA;Sep 19 08:11:19.299: INFO: nvidia-device-plugin-9h2k4                                       10.46.6.170  Running           [{Initialized True 0001-01-01 00:00:00 +0000 UTC 2018-09-17 07:07:23 +0000 UTC  } {Ready True 0001-01-01 00:00:00 +0000 UTC 2018-09-17 07:07:24 +0000 UTC  } {ContainersReady True 0001-01-01 00:00:00 +0000 UTC 0001-01-01 00:00:00 +0000 UTC  } {PodScheduled True 0001-01-01 00:00:00 +0000 UTC 2018-09-17 07:07:17 +0000 UTC  }]&#xA;Sep 19 08:11:19.299: INFO: nvidia-device-plugin-nh54k                                       10.46.6.173  Running           [{Initialized True 0001-01-01 00:00:00 +0000 UTC 2018-09-17 07:07:29 +0000 UTC  } {Ready True 0001-01-01 00:00:00 +0000 UTC 2018-09-17 07:07:33 +0000 UTC  } {ContainersReady True 0001-01-01 00:00:00 +0000 UTC 0001-01-01 00:00:00 +0000 UTC  } {PodScheduled True 0001-01-01 00:00:00 +0000 UTC 2018-09-17 07:07:17 +0000 UTC  }]&#xA;Sep 19 08:11:19.300: INFO: nvidia-device-plugin-vh85n                                       10.46.6.171  Running           [{Initialized True 0001-01-01 00:00:00 +0000 UTC 2018-09-17 07:07:21 +0000 UTC  } {Ready True 0001-01-01 00:00:00 +0000 UTC 2018-09-17 07:07:23 +0000 UTC  } {ContainersReady True 0001-01-01 00:00:00 +0000 UTC 0001-01-01 00:00:00 +0000 UTC  } {PodScheduled True 0001-01-01 00:00:00 +0000 UTC 2018-09-17 07:07:17 +0000 UTC  }]&#xA;Sep 19 08:11:19.300: INFO: nvidia-device-plugin-w9jr8                                       10.46.6.172  Running           [{Initialized True 0001-01-01 00:00:00 +0000 UTC 2018-09-17 07:07:24 +0000 UTC  } {Ready True 0001-01-01 00:00:00 +0000 UTC 2018-09-17 07:07:26 +0000 UTC  } {ContainersReady True 0001-01-01 00:00:00 +0000 UTC 0001-01-01 00:00:00 +0000 UTC  } {PodScheduled True 0001-01-01 00:00:00 +0000 UTC 2018-09-17 07:07:17 +0000 UTC  }]&#xA;Sep 19 08:11:19.300: INFO: oidc-client-registration-szxrk                                   10.46.6.173  Succeeded         [{Initialized True 0001-01-01 00:00:00 +0000 UTC 2018-09-17 07:10:05 +0000 UTC PodCompleted } {Ready False 0001-01-01 00:00:00 +0000 UTC 2018-09-17 07:12:27 +0000 UTC PodCompleted } {ContainersReady False 0001-01-01 00:00:00 +0000 UTC 0001-01-01 00:00:00 +0000 UTC PodCompleted } {PodScheduled True 0001-01-01 00:00:00 +0000 UTC 2018-09-17 07:10:04 +0000 UTC  }]&#xA;Sep 19 08:11:19.300: INFO: platform-api-2fs4x                                               10.46.6.173  Running           [{Initialized True 0001-01-01 00:00:00 +0000 UTC 2018-09-17 07:08:45 +0000 UTC  } {Ready True 0001-01-01 00:00:00 +0000 UTC 2018-09-17 07:16:29 +0000 UTC  } {ContainersReady True 0001-01-01 00:00:00 +0000 UTC 0001-01-01 00:00:00 +0000 UTC  } {PodScheduled True 0001-01-01 00:00:00 +0000 UTC 2018-09-17 07:08:45 +0000 UTC  }]&#xA;Sep 19 08:11:19.300: INFO: platform-deploy-dbbks                                            10.46.6.173  Running           [{Initialized True 0001-01-01 00:00:00 +0000 UTC 2018-09-17 07:08:45 +0000 UTC  } {Ready True 0001-01-01 00:00:00 +0000 UTC 2018-09-17 07:08:57 +0000 UTC  } {ContainersReady True 0001-01-01 00:00:00 +0000 UTC 0001-01-01 00:00:00 +0000 UTC  } {PodScheduled True 0001-01-01 00:00:00 +0000 UTC 2018-09-17 07:08:45 +0000 UTC  }]&#xA;Sep 19 08:11:19.300: INFO: platform-ui-6fjgx                                                10.46.6.173  Running           [{Initialized True 0001-01-01 00:00:00 +0000 UTC 2018-09-17 07:14:34 +0000 UTC  } {Ready True 0001-01-01 00:00:00 +0000 UTC 2018-09-17 07:15:20 +0000 UTC  } {ContainersReady True 0001-01-01 00:00:00 +0000 UTC 0001-01-01 00:00:00 +0000 UTC  } {PodScheduled True 0001-01-01 00:00:00 +0000 UTC 2018-09-17 07:14:34 +0000 UTC  }]&#xA;Sep 19 08:11:19.300: INFO: secret-watcher-5f59fcbc69-pfnfk                                  10.46.6.173  Running           [{Initialized True 0001-01-01 00:00:00 +0000 UTC 2018-09-17 07:18:05 +0000 UTC  } {Ready True 0001-01-01 00:00:00 +0000 UTC 2018-09-17 07:18:30 +0000 UTC  } {ContainersReady True 0001-01-01 00:00:00 +0000 UTC 0001-01-01 00:00:00 +0000 UTC  } {PodScheduled True 0001-01-01 00:00:00 +0000 UTC 2018-09-17 07:18:04 +0000 UTC  }]&#xA;Sep 19 08:11:19.300: INFO: security-onboarding-tkf79                                        10.46.6.173  Succeeded         [{Initialized True 0001-01-01 00:00:00 +0000 UTC 2018-09-17 07:18:12 +0000 UTC PodCompleted } {Ready False 0001-01-01 00:00:00 +0000 UTC 2018-09-17 07:20:02 +0000 UTC PodCompleted } {ContainersReady False 0001-01-01 00:00:00 +0000 UTC 0001-01-01 00:00:00 +0000 UTC PodCompleted } {PodScheduled True 0001-01-01 00:00:00 +0000 UTC 2018-09-17 07:18:12 +0000 UTC  }]&#xA;Sep 19 08:11:19.300: INFO: service-catalog-apiserver-967x9                                  10.46.6.173  Running           [{Initialized True 0001-01-01 00:00:00 +0000 UTC 2018-09-17 07:08:20 +0000 UTC  } {Ready True 0001-01-01 00:00:00 +0000 UTC 2018-09-17 07:09:01 +0000 UTC  } {ContainersReady True 0001-01-01 00:00:00 +0000 UTC 0001-01-01 00:00:00 +0000 UTC  } {PodScheduled True 0001-01-01 00:00:00 +0000 UTC 2018-09-17 07:08:20 +0000 UTC  }]&#xA;Sep 19 08:11:19.300: INFO: service-catalog-controller-manager-5969cccf86-65phs              10.46.6.173  Running           [{Initialized True 0001-01-01 00:00:00 +0000 UTC 2018-09-17 07:08:21 +0000 UTC  } {Ready True 0001-01-01 00:00:00 +0000 UTC 2018-09-17 07:08:34 +0000 UTC  } {ContainersReady True 0001-01-01 00:00:00 +0000 UTC 0001-01-01 00:00:00 +0000 UTC  } {PodScheduled True 0001-01-01 00:00:00 +0000 UTC 2018-09-17 07:08:20 +0000 UTC  }]&#xA;Sep 19 08:11:19.300: INFO: tiller-deploy-6b58875cb-5l8kh                                    10.46.6.173  Running           [{Initialized True 0001-01-01 00:00:00 +0000 UTC 2018-09-17 07:05:28 +0000 UTC  } {Ready True 0001-01-01 00:00:00 +0000 UTC 2018-09-17 07:05:43 +0000 UTC  } {ContainersReady True 0001-01-01 00:00:00 +0000 UTC 0001-01-01 00:00:00 +0000 UTC  } {PodScheduled True 0001-01-01 00:00:00 +0000 UTC 2018-09-17 07:05:28 +0000 UTC  }]&#xA;Sep 19 08:11:19.300: INFO: unified-router-lkwnl                                             10.46.6.173  Running           [{Initialized True 0001-01-01 00:00:00 +0000 UTC 2018-09-17 07:15:31 +0000 UTC  } {Ready True 0001-01-01 00:00:00 +0000 UTC 2018-09-17 07:15:40 +0000 UTC  } {ContainersReady True 0001-01-01 00:00:00 +0000 UTC 0001-01-01 00:00:00 +0000 UTC  } {PodScheduled True 0001-01-01 00:00:00 +0000 UTC 2018-09-17 07:15:31 +0000 UTC  }]&#xA;Sep 19 08:11:19.300: INFO: vulnerability-advisor-compliance-annotator-d5659b9d9-kmn8q       10.46.6.172  Running           [{Initialized True 0001-01-01 00:00:00 +0000 UTC 2018-09-17 07:19:03 +0000 UTC  } {Ready True 0001-01-01 00:00:00 +0000 UTC 2018-09-17 07:21:08 +0000 UTC  } {ContainersReady True 0001-01-01 00:00:00 +0000 UTC 0001-01-01 00:00:00 +0000 UTC  } {PodScheduled True 0001-01-01 00:00:00 +0000 UTC 2018-09-17 07:19:03 +0000 UTC  }]&#xA;Sep 19 08:11:19.300: INFO: vulnerability-advisor-compliance-indexer-7cbdc64b57-47lmd        10.46.6.172  Running           [{Initialized True 0001-01-01 00:00:00 +0000 UTC 2018-09-17 07:19:07 +0000 UTC  } {Ready True 0001-01-01 00:00:00 +0000 UTC 2018-09-17 07:19:33 +0000 UTC  } {ContainersReady True 0001-01-01 00:00:00 +0000 UTC 0001-01-01 00:00:00 +0000 UTC  } {PodScheduled True 0001-01-01 00:00:00 +0000 UTC 2018-09-17 07:19:06 +0000 UTC  }]&#xA;Sep 19 08:11:19.300: INFO: vulnerability-advisor-config-parser-5d44b78fd5-z4k9t             10.46.6.172  Running           [{Initialized True 0001-01-01 00:00:00 +0000 UTC 2018-09-17 07:19:04 +0000 UTC  } {Ready True 0001-01-01 00:00:00 +0000 UTC 2018-09-17 07:21:09 +0000 UTC  } {ContainersReady True 0001-01-01 00:00:00 +0000 UTC 0001-01-01 00:00:00 +0000 UTC  } {PodScheduled True 0001-01-01 00:00:00 +0000 UTC 2018-09-17 07:19:03 +0000 UTC  }]&#xA;Sep 19 08:11:19.300: INFO: vulnerability-advisor-cos-indexer-57899b7dd6-7cpf8               10.46.6.172  Running           [{Initialized True 0001-01-01 00:00:00 +0000 UTC 2018-09-17 07:19:04 +0000 UTC  } {Ready True 0001-01-01 00:00:00 +0000 UTC 2018-09-19 07:20:04 +0000 UTC  } {ContainersReady True 0001-01-01 00:00:00 +0000 UTC 0001-01-01 00:00:00 +0000 UTC  } {PodScheduled True 0001-01-01 00:00:00 +0000 UTC 2018-09-17 07:19:04 +0000 UTC  }]&#xA;Sep 19 08:11:19.300: INFO: vulnerability-advisor-kafka-0                                    10.46.6.172  Running           [{Initialized True 0001-01-01 00:00:00 +0000 UTC 2018-09-17 07:19:13 +0000 UTC  } {Ready True 0001-01-01 00:00:00 +0000 UTC 2018-09-17 07:20:53 +0000 UTC  } {ContainersReady True 0001-01-01 00:00:00 +0000 UTC 0001-01-01 00:00:00 +0000 UTC  } {PodScheduled True 0001-01-01 00:00:00 +0000 UTC 2018-09-17 07:19:13 +0000 UTC  }]&#xA;Sep 19 08:11:19.300: INFO: vulnerability-advisor-live-crawler-84st2                         10.46.6.172  Running           [{Initialized True 0001-01-01 00:00:00 +0000 UTC 2018-09-17 07:19:03 +0000 UTC  } {Ready True 0001-01-01 00:00:00 +0000 UTC 2018-09-17 07:19:26 +0000 UTC  } {ContainersReady True 0001-01-01 00:00:00 +0000 UTC 0001-01-01 00:00:00 +0000 UTC  } {PodScheduled True 0001-01-01 00:00:00 +0000 UTC 2018-09-17 07:19:03 +0000 UTC  }]&#xA;Sep 19 08:11:19.300: INFO: vulnerability-advisor-live-crawler-ccxd7                         10.46.6.170  Running           [{Initialized True 0001-01-01 00:00:00 +0000 UTC 2018-09-17 07:19:03 +0000 UTC  } {Ready True 0001-01-01 00:00:00 +0000 UTC 2018-09-17 07:19:14 +0000 UTC  } {ContainersReady True 0001-01-01 00:00:00 +0000 UTC 0001-01-01 00:00:00 +0000 UTC  } {PodScheduled True 0001-01-01 00:00:00 +0000 UTC 2018-09-17 07:19:03 +0000 UTC  }]&#xA;Sep 19 08:11:19.300: INFO: vulnerability-advisor-live-crawler-p6khc                         10.46.6.173  Running           [{Initialized True 0001-01-01 00:00:00 +0000 UTC 2018-09-17 07:19:02 +0000 UTC  } {Ready True 0001-01-01 00:00:00 +0000 UTC 2018-09-17 07:19:22 +0000 UTC  } {ContainersReady True 0001-01-01 00:00:00 +0000 UTC 0001-01-01 00:00:00 +0000 UTC  } {PodScheduled True 0001-01-01 00:00:00 +0000 UTC 2018-09-17 07:19:02 +0000 UTC  }]&#xA;Sep 19 08:11:19.300: INFO: vulnerability-advisor-live-crawler-xxz8p                         10.46.6.171  Running           [{Initialized True 0001-01-01 00:00:00 +0000 UTC 2018-09-17 07:19:03 +0000 UTC  } {Ready True 0001-01-01 00:00:00 +0000 UTC 2018-09-17 07:19:18 +0000 UTC  } {ContainersReady True 0001-01-01 00:00:00 +0000 UTC 0001-01-01 00:00:00 +0000 UTC  } {PodScheduled True 0001-01-01 00:00:00 +0000 UTC 2018-09-17 07:19:03 +0000 UTC  }]&#xA;Sep 19 08:11:19.300: INFO: vulnerability-advisor-ma-file-annotator-6b95df8886-jtczz         10.46.6.172  Running           [{Initialized True 0001-01-01 00:00:00 +0000 UTC 2018-09-17 07:19:04 +0000 UTC  } {Ready True 0001-01-01 00:00:00 +0000 UTC 2018-09-17 07:23:32 +0000 UTC  } {ContainersReady True 0001-01-01 00:00:00 +0000 UTC 0001-01-01 00:00:00 +0000 UTC  } {PodScheduled True 0001-01-01 00:00:00 +0000 UTC 2018-09-17 07:19:04 +0000 UTC  }]&#xA;Sep 19 08:11:19.300: INFO: vulnerability-advisor-minio-0                                    10.46.6.172  Running           [{Initialized True 0001-01-01 00:00:00 +0000 UTC 2018-09-17 07:21:51 +0000 UTC  } {Ready True 0001-01-01 00:00:00 +0000 UTC 2018-09-17 07:21:54 +0000 UTC  } {ContainersReady True 0001-01-01 00:00:00 +0000 UTC 0001-01-01 00:00:00 +0000 UTC  } {PodScheduled True 0001-01-01 00:00:00 +0000 UTC 2018-09-17 07:19:15 +0000 UTC  }]&#xA;Sep 19 08:11:19.300: INFO: vulnerability-advisor-minio-cleaner-1537228740-55f4w             10.46.6.172  Succeeded         [{Initialized True 0001-01-01 00:00:00 +0000 UTC 2018-09-17 23:59:03 +0000 UTC PodCompleted } {Ready False 0001-01-01 00:00:00 +0000 UTC 2018-09-17 23:59:42 +0000 UTC PodCompleted } {ContainersReady False 0001-01-01 00:00:00 +0000 UTC 0001-01-01 00:00:00 +0000 UTC PodCompleted } {PodScheduled True 0001-01-01 00:00:00 +0000 UTC 2018-09-17 23:59:03 +0000 UTC  }]&#xA;Sep 19 08:11:19.300: INFO: vulnerability-advisor-minio-cleaner-1537315140-nqk7v             10.46.6.172  Succeeded         [{Initialized True 0001-01-01 00:00:00 +0000 UTC 2018-09-18 23:59:04 +0000 UTC PodCompleted } {Ready False 0001-01-01 00:00:00 +0000 UTC 2018-09-19 00:00:52 +0000 UTC PodCompleted } {ContainersReady False 0001-01-01 00:00:00 +0000 UTC 0001-01-01 00:00:00 +0000 UTC PodCompleted } {PodScheduled True 0001-01-01 00:00:00 +0000 UTC 2018-09-18 23:59:04 +0000 UTC  }]&#xA;Sep 19 08:11:19.300: INFO: vulnerability-advisor-notification-dispatcher-86f8bf4b4d-cfdzb   10.46.6.172  Running           [{Initialized True 0001-01-01 00:00:00 +0000 UTC 2018-09-17 07:19:04 +0000 UTC  } {Ready True 0001-01-01 00:00:00 +0000 UTC 2018-09-17 07:20:31 +0000 UTC  } {ContainersReady True 0001-01-01 00:00:00 +0000 UTC 0001-01-01 00:00:00 +0000 UTC  } {PodScheduled True 0001-01-01 00:00:00 +0000 UTC 2018-09-17 07:19:04 +0000 UTC  }]&#xA;Sep 19 08:11:19.300: INFO: vulnerability-advisor-password-annotator-79b5d794b5-wnwqn        10.46.6.172  Running           [{Initialized True 0001-01-01 00:00:00 +0000 UTC 2018-09-17 07:19:05 +0000 UTC  } {Ready True 0001-01-01 00:00:00 +0000 UTC 2018-09-17 07:20:29 +0000 UTC  } {ContainersReady True 0001-01-01 00:00:00 +0000 UTC 0001-01-01 00:00:00 +0000 UTC  } {PodScheduled True 0001-01-01 00:00:00 +0000 UTC 2018-09-17 07:19:04 +0000 UTC  }]&#xA;Sep 19 08:11:19.300: INFO: vulnerability-advisor-process-ma-annotator-58f47d5b5f-4wglg      10.46.6.172  Running           [{Initialized True 0001-01-01 00:00:00 +0000 UTC 2018-09-17 07:19:06 +0000 UTC  } {Ready True 0001-01-01 00:00:00 +0000 UTC 2018-09-17 07:20:56 +0000 UTC  } {ContainersReady True 0001-01-01 00:00:00 +0000 UTC 0001-01-01 00:00:00 +0000 UTC  } {PodScheduled True 0001-01-01 00:00:00 +0000 UTC 2018-09-17 07:19:05 +0000 UTC  }]&#xA;Sep 19 08:11:19.300: INFO: vulnerability-advisor-process-ma-annotator-58f47d5b5f-xbxrc      10.46.6.172  Running           [{Initialized True 0001-01-01 00:00:00 +0000 UTC 2018-09-17 07:19:06 +0000 UTC  } {Ready True 0001-01-01 00:00:00 +0000 UTC 2018-09-17 07:21:50 +0000 UTC  } {ContainersReady True 0001-01-01 00:00:00 +0000 UTC 0001-01-01 00:00:00 +0000 UTC  } {PodScheduled True 0001-01-01 00:00:00 +0000 UTC 2018-09-17 07:19:05 +0000 UTC  }]&#xA;Sep 19 08:11:19.300: INFO: vulnerability-advisor-process-ma-annotator-init-869545d547nn27w  10.46.6.172  Running           [{Initialized True 0001-01-01 00:00:00 +0000 UTC 2018-09-17 07:19:06 +0000 UTC  } {Ready True 0001-01-01 00:00:00 +0000 UTC 2018-09-17 07:19:42 +0000 UTC  } {ContainersReady True 0001-01-01 00:00:00 +0000 UTC 0001-01-01 00:00:00 +0000 UTC  } {PodScheduled True 0001-01-01 00:00:00 +0000 UTC 2018-09-17 07:19:05 +0000 UTC  }]&#xA;Sep 19 08:11:19.300: INFO: vulnerability-advisor-process-ma-crawler-24z6k                   10.46.6.172  Running           [{Initialized True 0001-01-01 00:00:00 +0000 UTC 2018-09-17 07:19:03 +0000 UTC  } {Ready True 0001-01-01 00:00:00 +0000 UTC 2018-09-17 07:19:32 +0000 UTC  } {ContainersReady True 0001-01-01 00:00:00 +0000 UTC 0001-01-01 00:00:00 +0000 UTC  } {PodScheduled True 0001-01-01 00:00:00 +0000 UTC 2018-09-17 07:19:03 +0000 UTC  }]&#xA;Sep 19 08:11:19.300: INFO: vulnerability-advisor-process-ma-crawler-5g4zk                   10.46.6.170  Running           [{Initialized True 0001-01-01 00:00:00 +0000 UTC 2018-09-17 07:19:03 +0000 UTC  } {Ready True 0001-01-01 00:00:00 +0000 UTC 2018-09-17 07:19:16 +0000 UTC  } {ContainersReady True 0001-01-01 00:00:00 +0000 UTC 0001-01-01 00:00:00 +0000 UTC  } {PodScheduled True 0001-01-01 00:00:00 +0000 UTC 2018-09-17 07:19:03 +0000 UTC  }]&#xA;Sep 19 08:11:19.300: INFO: vulnerability-advisor-process-ma-crawler-96728                   10.46.6.173  Running           [{Initialized True 0001-01-01 00:00:00 +0000 UTC 2018-09-17 07:19:03 +0000 UTC  } {Ready True 0001-01-01 00:00:00 +0000 UTC 2018-09-17 07:19:23 +0000 UTC  } {ContainersReady True 0001-01-01 00:00:00 +0000 UTC 0001-01-01 00:00:00 +0000 UTC  } {PodScheduled True 0001-01-01 00:00:00 +0000 UTC 2018-09-17 07:19:03 +0000 UTC  }]&#xA;Sep 19 08:11:19.301: INFO: vulnerability-advisor-process-ma-crawler-b7k2d                   10.46.6.171  Running           [{Initialized True 0001-01-01 00:00:00 +0000 UTC 2018-09-17 07:19:03 +0000 UTC  } {Ready True 0001-01-01 00:00:00 +0000 UTC 2018-09-17 07:19:13 +0000 UTC  } {ContainersReady True 0001-01-01 00:00:00 +0000 UTC 0001-01-01 00:00:00 +0000 UTC  } {PodScheduled True 0001-01-01 00:00:00 +0000 UTC 2018-09-17 07:19:03 +0000 UTC  }]&#xA;Sep 19 08:11:19.301: INFO: vulnerability-advisor-registry-crawler-6f9568677b-bfpm6          10.46.6.172  Running           [{Initialized True 0001-01-01 00:00:00 +0000 UTC 2018-09-17 07:19:08 +0000 UTC  } {Ready True 0001-01-01 00:00:00 +0000 UTC 2018-09-17 07:19:48 +0000 UTC  } {ContainersReady True 0001-01-01 00:00:00 +0000 UTC 0001-01-01 00:00:00 +0000 UTC  } {PodScheduled True 0001-01-01 00:00:00 +0000 UTC 2018-09-17 07:19:07 +0000 UTC  }]&#xA;Sep 19 08:11:19.301: INFO: vulnerability-advisor-rootkit-annotator-74cb65b5cf-2dk5j         10.46.6.172  Running           [{Initialized True 0001-01-01 00:00:00 +0000 UTC 2018-09-17 07:19:08 +0000 UTC  } {Ready True 0001-01-01 00:00:00 +0000 UTC 2018-09-17 07:20:26 +0000 UTC  } {ContainersReady True 0001-01-01 00:00:00 +0000 UTC 0001-01-01 00:00:00 +0000 UTC  } {PodScheduled True 0001-01-01 00:00:00 +0000 UTC 2018-09-17 07:19:07 +0000 UTC  }]&#xA;Sep 19 08:11:19.301: INFO: vulnerability-advisor-rootkit-indexer-cd8b4646b-xlhwq            10.46.6.172  Running           [{Initialized True 0001-01-01 00:00:00 +0000 UTC 2018-09-17 07:19:07 +0000 UTC  } {Ready True 0001-01-01 00:00:00 +0000 UTC 2018-09-17 07:19:26 +0000 UTC  } {ContainersReady True 0001-01-01 00:00:00 +0000 UTC 0001-01-01 00:00:00 +0000 UTC  } {PodScheduled True 0001-01-01 00:00:00 +0000 UTC 2018-09-17 07:19:06 +0000 UTC  }]&#xA;Sep 19 08:11:19.301: INFO: vulnerability-advisor-sas-apiserver-5fd8d44bc9-7bvkn             10.46.6.172  Running           [{Initialized True 0001-01-01 00:00:00 +0000 UTC 2018-09-17 07:19:09 +0000 UTC  } {Ready True 0001-01-01 00:00:00 +0000 UTC 2018-09-17 07:20:03 +0000 UTC  } {ContainersReady True 0001-01-01 00:00:00 +0000 UTC 0001-01-01 00:00:00 +0000 UTC  } {PodScheduled True 0001-01-01 00:00:00 +0000 UTC 2018-09-17 07:19:08 +0000 UTC  }]&#xA;Sep 19 08:11:19.301: INFO: vulnerability-advisor-sas-mgmt-64fb95bc44-j9vjc                  10.46.6.172  Running           [{Initialized True 0001-01-01 00:00:00 +0000 UTC 2018-09-17 07:19:08 +0000 UTC  } {Ready True 0001-01-01 00:00:00 +0000 UTC 2018-09-17 07:19:39 +0000 UTC  } {ContainersReady True 0001-01-01 00:00:00 +0000 UTC 0001-01-01 00:00:00 +0000 UTC  } {PodScheduled True 0001-01-01 00:00:00 +0000 UTC 2018-09-17 07:19:08 +0000 UTC  }]&#xA;Sep 19 08:11:19.301: INFO: vulnerability-advisor-secconfig-annotator-7dbcf5d9f4-fkmkb       10.46.6.172  Running           [{Initialized True 0001-01-01 00:00:00 +0000 UTC 2018-09-17 07:19:10 +0000 UTC  } {Ready True 0001-01-01 00:00:00 +0000 UTC 2018-09-17 07:19:45 +0000 UTC  } {ContainersReady True 0001-01-01 00:00:00 +0000 UTC 0001-01-01 00:00:00 +0000 UTC  } {PodScheduled True 0001-01-01 00:00:00 +0000 UTC 2018-09-17 07:19:08 +0000 UTC  }]&#xA;Sep 19 08:11:19.301: INFO: vulnerability-advisor-secconfig-indexer-674647df7c-qq5ff         10.46.6.172  Running           [{Initialized True 0001-01-01 00:00:00 +0000 UTC 2018-09-17 07:19:07 +0000 UTC  } {Ready True 0001-01-01 00:00:00 +0000 UTC 2018-09-17 07:19:33 +0000 UTC  } {ContainersReady True 0001-01-01 00:00:00 +0000 UTC 0001-01-01 00:00:00 +0000 UTC  } {PodScheduled True 0001-01-01 00:00:00 +0000 UTC 2018-09-17 07:19:06 +0000 UTC  }]&#xA;Sep 19 08:11:19.301: INFO: vulnerability-advisor-statsd-7746859df4-jjm6f                    10.46.6.172  Running           [{Initialized True 0001-01-01 00:00:00 +0000 UTC 2018-09-17 07:19:10 +0000 UTC  } {Ready True 0001-01-01 00:00:00 +0000 UTC 2018-09-17 07:19:38 +0000 UTC  } {ContainersReady True 0001-01-01 00:00:00 +0000 UTC 0001-01-01 00:00:00 +0000 UTC  } {PodScheduled True 0001-01-01 00:00:00 +0000 UTC 2018-09-17 07:19:09 +0000 UTC  }]&#xA;Sep 19 08:11:19.301: INFO: vulnerability-advisor-usncrawler-8h976                           10.46.6.172  Succeeded         [{Initialized True 0001-01-01 00:00:00 +0000 UTC 2018-09-17 07:19:11 +0000 UTC PodCompleted } {Ready False 0001-01-01 00:00:00 +0000 UTC 2018-09-17 07:24:06 +0000 UTC PodCompleted } {ContainersReady False 0001-01-01 00:00:00 +0000 UTC 0001-01-01 00:00:00 +0000 UTC PodCompleted } {PodScheduled True 0001-01-01 00:00:00 +0000 UTC 2018-09-17 07:19:11 +0000 UTC  }]&#xA;Sep 19 08:11:19.301: INFO: vulnerability-advisor-vulnerability-annotator-bcbf5595f-hxwst    10.46.6.172  Running           [{Initialized True 0001-01-01 00:00:00 +0000 UTC 2018-09-17 07:19:10 +0000 UTC  } {Ready True 0001-01-01 00:00:00 +0000 UTC 2018-09-17 07:20:29 +0000 UTC  } {ContainersReady True 0001-01-01 00:00:00 +0000 UTC 0001-01-01 00:00:00 +0000 UTC  } {PodScheduled True 0001-01-01 00:00:00 +0000 UTC 2018-09-17 07:19:09 +0000 UTC  }]&#xA;Sep 19 08:11:19.301: INFO: vulnerability-advisor-vulnerability-indexer-7c79b4c964-2n8cg     10.46.6.172  Running           [{Initialized True 0001-01-01 00:00:00 +0000 UTC 2018-09-17 07:19:07 +0000 UTC  } {Ready True 0001-01-01 00:00:00 +0000 UTC 2018-09-17 07:19:37 +0000 UTC  } {ContainersReady True 0001-01-01 00:00:00 +0000 UTC 0001-01-01 00:00:00 +0000 UTC  } {PodScheduled True 0001-01-01 00:00:00 +0000 UTC 2018-09-17 07:19:06 +0000 UTC  }]&#xA;Sep 19 08:11:19.301: INFO: vulnerability-advisor-zookeeper-0                                10.46.6.172  Running           [{Initialized True 0001-01-01 00:00:00 +0000 UTC 2018-09-17 07:19:15 +0000 UTC  } {Ready True 0001-01-01 00:00:00 +0000 UTC 2018-09-17 07:20:10 +0000 UTC  } {ContainersReady True 0001-01-01 00:00:00 +0000 UTC 0001-01-01 00:00:00 +0000 UTC  } {PodScheduled True 0001-01-01 00:00:00 +0000 UTC 2018-09-17 07:19:14 +0000 UTC  }]&#xA;Sep 19 08:11:19.301: INFO: &#xA;Sep 19 08:11:19.307: INFO: &#xA;Logging node info for node 10.46.6.170&#xA;Sep 19 08:11:19.311: INFO: Node Info: &amp;Node{ObjectMeta:k8s_io_apimachinery_pkg_apis_meta_v1.ObjectMeta{Name:10.46.6.170,GenerateName:,Namespace:,SelfLink:/api/v1/nodes/10.46.6.170,UID:0c4508eb-ba48-11e8-b20e-fa163e707b2e,ResourceVersion:465260,Generation:0,CreationTimestamp:2018-09-17 07:05:24 +0000 UTC,DeletionTimestamp:&lt;nil&gt;,DeletionGracePeriodSeconds:nil,Labels:map[string]string{beta.kubernetes.io/arch: amd64,beta.kubernetes.io/os: linux,kubernetes.io/hostname: 10.46.6.170,node-role.kubernetes.io/worker: true,},Annotations:map[string]string{node.alpha.kubernetes.io/ttl: 0,volumes.kubernetes.io/controller-managed-attach-detach: true,},OwnerReferences:[],Finalizers:[],ClusterName:,Initializers:nil,},Spec:NodeSpec{PodCIDR:,DoNotUse_ExternalID:,ProviderID:,Unschedulable:false,Taints:[],ConfigSource:nil,},Status:NodeStatus{Capacity:ResourceList{cpu: {{8 0} {&lt;nil&gt;} 8 DecimalSI},ephemeral-storage: {{107362627584 0} {&lt;nil&gt;} 104846316Ki BinarySI},hugepages-1Gi: {{0 0} {&lt;nil&gt;} 0 DecimalSI},hugepages-2Mi: {{0 0} {&lt;nil&gt;} 0 DecimalSI},memory: {{16825630720 0} {&lt;nil&gt;}  BinarySI},pods: {{80 0} {&lt;nil&gt;} 80 DecimalSI},},Allocatable:ResourceList{cpu: {{8 0} {&lt;nil&gt;} 8 DecimalSI},ephemeral-storage: {{96626364666 0} {&lt;nil&gt;} 96626364666 DecimalSI},hugepages-1Gi: {{0 0} {&lt;nil&gt;} 0 DecimalSI},hugepages-2Mi: {{0 0} {&lt;nil&gt;} 0 DecimalSI},memory: {{16720773120 0} {&lt;nil&gt;}  BinarySI},pods: {{80 0} {&lt;nil&gt;} 80 DecimalSI},},Phase:,Conditions:[{OutOfDisk False 2018-09-19 08:11:14 +0000 UTC 2018-09-17 07:05:24 +0000 UTC KubeletHasSufficientDisk kubelet has sufficient disk space available} {MemoryPressure False 2018-09-19 08:11:14 +0000 UTC 2018-09-17 07:05:24 +0000 UTC KubeletHasSufficientMemory kubelet has sufficient memory available} {DiskPressure False 2018-09-19 08:11:14 +0000 UTC 2018-09-17 07:05:24 +0000 UTC KubeletHasNoDiskPressure kubelet has no disk pressure} {PIDPressure False 2018-09-19 08:11:14 +0000 UTC 2018-09-17 07:05:24 +0000 UTC KubeletHasSufficientPID kubelet has sufficient PID available} {Ready True 2018-09-19 08:11:14 +0000 UTC 2018-09-17 07:06:04 +0000 UTC KubeletReady kubelet is posting ready status}],Addresses:[{InternalIP 10.46.6.170} {Hostname 10.46.6.170}],DaemonEndpoints:NodeDaemonEndpoints{KubeletEndpoint:DaemonEndpoint{Port:10250,},},NodeInfo:NodeSystemInfo{MachineID:52ca0d2c3fb341c79b059a96d10571a6,SystemUUID:B2A91A2D-0576-4E7B-AEBA-AE95FFDDF786,BootID:ae0d54c3-4892-49fd-b5c7-ca2077060a4b,KernelVersion:3.10.0-862.9.1.el7.x86_64,OSImage:Red Hat Enterprise Linux,ContainerRuntimeVersion:docker://18.3.1,KubeletVersion:v1.11.1+icp-ee,KubeProxyVersion:v1.11.1+icp-ee,OperatingSystem:linux,Architecture:amd64,},Images:[{[lzj.icp:8500/ibmcom/live-crawler@sha256:1a648615e7b439f093697f65350262823e6c711c4b21ea81596ced1c28a48133 lzj.icp:8500/ibmcom/live-crawler:1.3.1] 987515538} {[lzj.icp:8500/ibmcom/hyperkube@sha256:9fbddbf2d04354912c8a981395493d250474cb9fa587fa91119e69467078b180 lzj.icp:8500/ibmcom/hyperkube:v1.11.1-ee] 782626408} {[gcr.io/heptio-images/kube-conformance@sha256:5482c7f5f7b874c5c6caec6ddef5406f19a52a2c3a36897cadf0a8f78ab57982 gcr.io/heptio-images/kube-conformance:latest] 532182058} {[open-liberty@sha256:e962af00796d50687a4ac71d5e8ab046696c314b4a84617b0d216b671519df31 open-liberty:latest] 500884023} {[lzj.icp:8500/ibmcom/icp-filebeat@sha256:72669dde64d7ab85bbb9e93428efe548b2693a4eae5168a4705f6e30cd20e584 lzj.icp:8500/ibmcom/icp-filebeat:5.5.1] 317104874} {[lzj.icp:8500/ibmcom/fluentd@sha256:f85a5ffd86438f1a73d04caf6e33ef3474675d9fa0947431f4d0a9602fc981af lzj.icp:8500/ibmcom/fluentd:v1.2.2-icp] 270902701} {[lzj.icp:8500/ibmcom/calico-node@sha256:85a23d8030137d49663d3d82844a61998331606de9fc523dfdd0a75be7fb9828 lzj.icp:8500/ibmcom/calico-node:v3.1.3] 248202699} {[gcr.io/kubernetes-e2e-test-images/jessie-dnsutils-amd64@sha256:9e842e2f77073ec30e2349f9082ec35357a3bf61e12488adc677144295e68c38 gcr.io/kubernetes-e2e-test-images/jessie-dnsutils-amd64:1.0] 195659796} {[lzj.icp:8500/ibmcom/nvidia-device-plugin@sha256:2d57caa41994d1e0b3d952526a651f8da487e068874d1075f915fa48ad969ba6 lzj.icp:8500/ibmcom/nvidia-device-plugin:1.0] 132413452} {[lzj.icp:8500/ibmcom/metering-data-manager@sha256:97803f4458c6f6ca62076cf6958cb8ab98cf9ffed7cd4977550eeaa6db8ead70 lzj.icp:8500/ibmcom/metering-data-manager:3.1.0] 121942877} {[lzj.icp:8500/ibmcom/icp-management-ingress@sha256:259a9d288f5ee4f169c618b6d870b5ae38b954a3bf69f3f392523b1aaa9f4001 lzj.icp:8500/ibmcom/icp-management-ingress:2.2.1] 80410712} {[lzj.icp:8500/ibmcom/calico-cni@sha256:b56c2d3e62bd02f15dd5ec335c25ac81bb39d214e904525227640790686855d7 lzj.icp:8500/ibmcom/calico-cni:v3.1.3] 68849270} {[gcr.io/heptio-images/sonobuoy@sha256:165df6f635ddd0088ed6686e07ffb47f8dd17fdba153f61dbec9aa80c0d2e0b8 gcr.io/heptio-images/sonobuoy:latest gcr.io/heptio-images/sonobuoy:v0.11.6] 33401240} {[gcr.io/kubernetes-e2e-test-images/nettest-amd64@sha256:f2d3eba3ae2043c51389935be4bf41b2b0e60fd7220b9ba9cbc51eceaa74b2b4 gcr.io/kubernetes-e2e-test-images/nettest-amd64:1.0] 27413498} {[lzj.icp:8500/ibmcom/node-exporter@sha256:b24db452b1a0bf46abba095162d0fbc89ea40eeabbfe43ae01dab54107ecff0e lzj.icp:8500/ibmcom/node-exporter:v0.16.0] 22915749} {[gcr.io/kubernetes-e2e-test-images/dnsutils-amd64@sha256:f8eca5c0c2e18b7ee6df876e5587c5885d13c59cb453d93bf51628daf656e4b5 gcr.io/kubernetes-e2e-test-images/dnsutils-amd64:1.0] 9030162} {[gcr.io/kubernetes-e2e-test-images/hostexec-amd64@sha256:e1dadb772c6132e3587fc41b8c07facd81ee7c4e74508891b5d98d45b85462e9 gcr.io/kubernetes-e2e-test-images/hostexec-amd64:1.1] 8490662} {[gcr.io/kubernetes-e2e-test-images/netexec-amd64@sha256:da1c165175d5589ed70384e406a0291b6f76d53fc99e2c31ae23003e11e5bfde gcr.io/kubernetes-e2e-test-images/netexec-amd64:1.0] 6713741} {[gcr.io/kubernetes-e2e-test-images/redis-amd64@sha256:2238f5a02d2648d41cc94a88f084060fbfa860890220328eb92696bf2ac649c9 gcr.io/kubernetes-e2e-test-images/redis-amd64:1.0] 5905732} {[gcr.io/kubernetes-e2e-test-images/serve-hostname-amd64@sha256:2dd4032e98a0450d95a0ac71a5e465f542a900812d8c41bc6ca635aed1a5fc91 gcr.io/kubernetes-e2e-test-images/serve-hostname-amd64:1.0] 5470001} {[gcr.io/kubernetes-e2e-test-images/test-webserver-amd64@sha256:8da73e44d6870f86e0e6a87b2e07829470465afbb6febeb900296d99510789ce gcr.io/kubernetes-e2e-test-images/test-webserver-amd64:1.0] 4732240} {[gcr.io/kubernetes-e2e-test-images/porter-amd64@sha256:824f041b2757f8da2980092ace0991b4b8c6689e76c3b94f677521f7157bc7b8 gcr.io/kubernetes-e2e-test-images/porter-amd64:1.0] 4681408} {[gcr.io/kubernetes-e2e-test-images/liveness-amd64@sha256:0a64aa5318ade9f4ed6cd625d8dffdb4ac6a411da30694c53809e99a65de9eff gcr.io/kubernetes-e2e-test-images/liveness-amd64:1.0] 4608721} {[gcr.io/kubernetes-e2e-test-images/entrypoint-tester-amd64@sha256:ef1e5bf4aa80f899f51d173dfcc3106e8daf4c78c28be135b1d421c97f4c9354 gcr.io/kubernetes-e2e-test-images/entrypoint-tester-amd64:1.0] 2729534} {[gcr.io/kubernetes-e2e-test-images/mounttest-amd64@sha256:e3e75014e6df02dc21e6fb95f93b989a2ff8a91f36ae88d74eccbabaa21fc211 gcr.io/kubernetes-e2e-test-images/mounttest-amd64:1.0] 1563521} {[gcr.io/kubernetes-e2e-test-images/mounttest-user-amd64@sha256:1ac490f1442cad4b1c886527470393c71302cc62f5e3304fb08854403cbc68dc gcr.io/kubernetes-e2e-test-images/mounttest-user-amd64:1.0] 1450451} {[busybox@sha256:cb63aa0641a885f54de20f61d152187419e8f6b159ed11a251a09d115fdff9bd busybox:latest] 1162769} {[lzj.icp:8500/ibmcom/pause@sha256:8a18035491d4fbbe481be5eac11819315ec94677ab465608d052d87b3cdcff7f lzj.icp:8500/ibmcom/pause:3.1] 742472}],VolumesInUse:[],VolumesAttached:[],Config:&amp;NodeConfigStatus{Assigned:nil,Active:nil,LastKnownGood:nil,Error:,},},}&#xA;Sep 19 08:11:19.311: INFO: &#xA;Logging kubelet events for node 10.46.6.170&#xA;Sep 19 08:11:19.316: INFO: &#xA;Logging pods the kubelet thinks is on node 10.46.6.170&#xA;Sep 19 08:11:19.326: INFO: logging-elk-filebeat-ds-jtd5q started at 2018-09-17 07:15:20 +0000 UTC (0+1 container statuses recorded)&#xA;Sep 19 08:11:19.326: INFO: &#x9;Container filebeat ready: true, restart count 0&#xA;Sep 19 08:11:19.326: INFO: sonobuoy started at 2018-09-19 07:22:02 +0000 UTC (0+1 container statuses recorded)&#xA;Sep 19 08:11:19.326: INFO: &#x9;Container kube-sonobuoy ready: true, restart count 0&#xA;Sep 19 08:11:19.326: INFO: nvidia-device-plugin-9h2k4 started at 2018-09-17 07:07:17 +0000 UTC (1+1 container statuses recorded)&#xA;Sep 19 08:11:19.326: INFO: &#x9;Init container nvidia-driver-collector ready: true, restart count 0&#xA;Sep 19 08:11:19.326: INFO: &#x9;Container nvidia-device-plugin ready: true, restart count 0&#xA;Sep 19 08:11:19.326: INFO: metering-reader-44wd7 started at 2018-09-17 07:14:11 +0000 UTC (1+1 container statuses recorded)&#xA;Sep 19 08:11:19.326: INFO: &#x9;Init container metering-reader-init ready: true, restart count 1&#xA;Sep 19 08:11:19.326: INFO: &#x9;Container metering-reader ready: true, restart count 0&#xA;Sep 19 08:11:19.326: INFO: vulnerability-advisor-live-crawler-ccxd7 started at 2018-09-17 07:19:03 +0000 UTC (0+1 container statuses recorded)&#xA;Sep 19 08:11:19.326: INFO: &#x9;Container live-crawler ready: true, restart count 0&#xA;Sep 19 08:11:19.326: INFO: sonobuoy-e2e-job-c3f9b53ea97c48a2 started at 2018-09-19 07:22:08 +0000 UTC (0+2 container statuses recorded)&#xA;Sep 19 08:11:19.326: INFO: &#x9;Container e2e ready: true, restart count 0&#xA;Sep 19 08:11:19.326: INFO: &#x9;Container sonobuoy-worker ready: true, restart count 0&#xA;Sep 19 08:11:19.326: INFO: monitoring-prometheus-nodeexporter-tpbc8 started at 2018-09-17 07:15:44 +0000 UTC (0+2 container statuses recorded)&#xA;Sep 19 08:11:19.326: INFO: &#x9;Container nodeexporter ready: true, restart count 0&#xA;Sep 19 08:11:19.326: INFO: &#x9;Container router ready: true, restart count 0&#xA;Sep 19 08:11:19.326: INFO: audit-logging-fluentd-ds-4cgnk started at 2018-09-17 07:18:46 +0000 UTC (0+1 container statuses recorded)&#xA;Sep 19 08:11:19.326: INFO: &#x9;Container fluentd ready: true, restart count 0&#xA;Sep 19 08:11:19.326: INFO: vulnerability-advisor-process-ma-crawler-5g4zk started at 2018-09-17 07:19:03 +0000 UTC (0+1 container statuses recorded)&#xA;Sep 19 08:11:19.326: INFO: &#x9;Container process-ma-crawler ready: true, restart count 0&#xA;Sep 19 08:11:19.326: INFO: my-ibm-open-liberty-ibm-7f7d9778d7-7t5jc started at 2018-09-17 08:22:24 +0000 UTC (0+1 container statuses recorded)&#xA;Sep 19 08:11:19.326: INFO: &#x9;Container ibm-open-liberty ready: true, restart count 0&#xA;Sep 19 08:11:19.326: INFO: k8s-proxy-10.46.6.170 started at &lt;nil&gt; (0+0 container statuses recorded)&#xA;Sep 19 08:11:19.326: INFO: calico-node-htf97 started at 2018-09-17 07:05:53 +0000 UTC (0+2 container statuses recorded)&#xA;Sep 19 08:11:19.326: INFO: &#x9;Container calico-node ready: true, restart count 0&#xA;Sep 19 08:11:19.326: INFO: &#x9;Container install-cni ready: true, restart count 0&#xA;Sep 19 08:11:19.421: INFO: &#xA;Latency metrics for node 10.46.6.170&#xA;Sep 19 08:11:19.421: INFO: &#xA;Logging node info for node 10.46.6.171&#xA;Sep 19 08:11:19.426: INFO: Node Info: &amp;Node{ObjectMeta:k8s_io_apimachinery_pkg_apis_meta_v1.ObjectMeta{Name:10.46.6.171,GenerateName:,Namespace:,SelfLink:/api/v1/nodes/10.46.6.171,UID:0c79152a-ba48-11e8-b20e-fa163e707b2e,ResourceVersion:465236,Generation:0,CreationTimestamp:2018-09-17 07:05:24 +0000 UTC,DeletionTimestamp:&lt;nil&gt;,DeletionGracePeriodSeconds:nil,Labels:map[string]string{beta.kubernetes.io/arch: amd64,beta.kubernetes.io/os: linux,kubernetes.io/hostname: 10.46.6.171,management: true,node-role.kubernetes.io/management: true,},Annotations:map[string]string{node.alpha.kubernetes.io/ttl: 0,volumes.kubernetes.io/controller-managed-attach-detach: true,},OwnerReferences:[],Finalizers:[],ClusterName:,Initializers:nil,},Spec:NodeSpec{PodCIDR:,DoNotUse_ExternalID:,ProviderID:,Unschedulable:false,Taints:[{dedicated management NoSchedule &lt;nil&gt;}],ConfigSource:nil,},Status:NodeStatus{Capacity:ResourceList{cpu: {{8 0} {&lt;nil&gt;} 8 DecimalSI},ephemeral-storage: {{107362627584 0} {&lt;nil&gt;} 104846316Ki BinarySI},hugepages-1Gi: {{0 0} {&lt;nil&gt;} 0 DecimalSI},hugepages-2Mi: {{0 0} {&lt;nil&gt;} 0 DecimalSI},memory: {{16825630720 0} {&lt;nil&gt;}  BinarySI},pods: {{80 0} {&lt;nil&gt;} 80 DecimalSI},},Allocatable:ResourceList{cpu: {{8 0} {&lt;nil&gt;} 8 DecimalSI},ephemeral-storage: {{107257769984 0} {&lt;nil&gt;} 104743916Ki BinarySI},hugepages-1Gi: {{0 0} {&lt;nil&gt;} 0 DecimalSI},hugepages-2Mi: {{0 0} {&lt;nil&gt;} 0 DecimalSI},memory: {{16720773120 0} {&lt;nil&gt;}  BinarySI},pods: {{80 0} {&lt;nil&gt;} 80 DecimalSI},},Phase:,Conditions:[{OutOfDisk False 2018-09-19 08:11:11 +0000 UTC 2018-09-17 07:05:24 +0000 UTC KubeletHasSufficientDisk kubelet has sufficient disk space available} {MemoryPressure False 2018-09-19 08:11:11 +0000 UTC 2018-09-17 07:05:24 +0000 UTC KubeletHasSufficientMemory kubelet has sufficient memory available} {DiskPressure False 2018-09-19 08:11:11 +0000 UTC 2018-09-17 07:05:24 +0000 UTC KubeletHasNoDiskPressure kubelet has no disk pressure} {PIDPressure False 2018-09-19 08:11:11 +0000 UTC 2018-09-17 07:05:24 +0000 UTC KubeletHasSufficientPID kubelet has sufficient PID available} {Ready True 2018-09-19 08:11:11 +0000 UTC 2018-09-17 07:06:05 +0000 UTC KubeletReady kubelet is posting ready status}],Addresses:[{InternalIP 10.46.6.171} {Hostname 10.46.6.171}],DaemonEndpoints:NodeDaemonEndpoints{KubeletEndpoint:DaemonEndpoint{Port:10250,},},NodeInfo:NodeSystemInfo{MachineID:52ca0d2c3fb341c79b059a96d10571a6,SystemUUID:00401CD1-AB88-4341-9CDC-C9648BFB2B56,BootID:706dbc67-f432-47c3-840e-f599801336c8,KernelVersion:3.10.0-862.9.1.el7.x86_64,OSImage:Red Hat Enterprise Linux,ContainerRuntimeVersion:docker://18.3.1,KubeletVersion:v1.11.1+icp-ee,KubeProxyVersion:v1.11.1+icp-ee,OperatingSystem:linux,Architecture:amd64,},Images:[{[lzj.icp:8500/ibmcom/live-crawler@sha256:1a648615e7b439f093697f65350262823e6c711c4b21ea81596ced1c28a48133 lzj.icp:8500/ibmcom/live-crawler:1.3.1] 987515538} {[lzj.icp:8500/ibmcom/hyperkube@sha256:9fbddbf2d04354912c8a981395493d250474cb9fa587fa91119e69467078b180 lzj.icp:8500/ibmcom/hyperkube:v1.11.1-ee] 782626408} {[lzj.icp:8500/ibmcom/icp-logstash@sha256:a182a00827aefe7f5f95b18fa1ec8f6897989290b37f3d98bd6440ddda796433 lzj.icp:8500/ibmcom/icp-logstash:5.5.1] 764906887} {[lzj.icp:8500/ibmcom/icp-kibana@sha256:6e2746da64a64f98c5761b87d5e185a9c2ac75c9c4e767ab284062b1847b7571 lzj.icp:8500/ibmcom/icp-kibana:5.5.1] 639622018} {[lzj.icp:8500/ibmcom/icp-elasticsearch@sha256:b410aacb6005fe24bfd87b045ea26fde3d6eb3ca52c3f0e4560cdc208944ba50 lzj.icp:8500/ibmcom/icp-elasticsearch:5.5.1] 520121248} {[lzj.icp:8500/ibmcom/logging-pki-init@sha256:21aa9cbd05a849b4891b15cf636f73545f6001f16c82f8eeed2e90b4f9312377 lzj.icp:8500/ibmcom/logging-pki-init:2.0.0] 501921135} {[lzj.icp:8500/ibmcom/searchguard-init@sha256:3d0d8a8404a9df5ad238bce1e0542cdda609cc445dfc3964952243d9fc103276 lzj.icp:8500/ibmcom/searchguard-init:2.0.0] 457030441} {[lzj.icp:8500/ibmcom/metering-ui@sha256:d6453f9afecc9b1fc778c195e20bbb39d4ef6262af2f7a9a5ce3cddc259fec99 lzj.icp:8500/ibmcom/metering-ui:3.1.0] 385577105} {[lzj.icp:8500/ibmcom/icp-filebeat@sha256:72669dde64d7ab85bbb9e93428efe548b2693a4eae5168a4705f6e30cd20e584 lzj.icp:8500/ibmcom/icp-filebeat:5.5.1] 317104874} {[lzj.icp:8500/ibmcom/fluentd@sha256:f85a5ffd86438f1a73d04caf6e33ef3474675d9fa0947431f4d0a9602fc981af lzj.icp:8500/ibmcom/fluentd:v1.2.2-icp] 270902701} {[lzj.icp:8500/ibmcom/elasticsearch-plugin-searchguard@sha256:f47116021e3eec7b2fed9f6ed8bd77fd890457e5a1546dda7f863c032d4395b1 lzj.icp:8500/ibmcom/elasticsearch-plugin-searchguard:2.0.0] 267864279} {[lzj.icp:8500/ibmcom/calico-node@sha256:85a23d8030137d49663d3d82844a61998331606de9fc523dfdd0a75be7fb9828 lzj.icp:8500/ibmcom/calico-node:v3.1.3] 248202699} {[lzj.icp:8500/ibmcom/grafana@sha256:5d2739d3ec5c7f6ea66d69caa918b764660b99a3d37cb1f4123f1a9623ce8e38 lzj.icp:8500/ibmcom/grafana:5.2.0] 245297582} {[lzj.icp:8500/ibmcom/indices-cleaner@sha256:31dac3be1246f17dddade06b517c073244ce56d85bc54135fdaf010dbb0bca10 lzj.icp:8500/ibmcom/indices-cleaner:1.0.0] 238131553} {[lzj.icp:8500/ibmcom/curl@sha256:adf92a267e351914d041a56d64ebe80331c45f8e20ab23b7ada67bea78da9996 lzj.icp:8500/ibmcom/curl:4.0.0] 221192597} {[lzj.icp:8500/ibmcom/nvidia-device-plugin@sha256:2d57caa41994d1e0b3d952526a651f8da487e068874d1075f915fa48ad969ba6 lzj.icp:8500/ibmcom/nvidia-device-plugin:1.0] 132413452} {[lzj.icp:8500/ibmcom/metering-data-manager@sha256:97803f4458c6f6ca62076cf6958cb8ab98cf9ffed7cd4977550eeaa6db8ead70 lzj.icp:8500/ibmcom/metering-data-manager:3.1.0] 121942877} {[lzj.icp:8500/ibmcom/prometheus@sha256:91cba3cbf7a61499969a8a5a27347830ed1740b2285de9ac31e231e7ce44deb7 lzj.icp:8500/ibmcom/prometheus:v2.3.1] 118818909} {[lzj.icp:8500/ibmcom/icp-management-ingress@sha256:259a9d288f5ee4f169c618b6d870b5ae38b954a3bf69f3f392523b1aaa9f4001 lzj.icp:8500/ibmcom/icp-management-ingress:2.2.1] 80410712} {[lzj.icp:8500/ibmcom/calico-cni@sha256:b56c2d3e62bd02f15dd5ec335c25ac81bb39d214e904525227640790686855d7 lzj.icp:8500/ibmcom/calico-cni:v3.1.3] 68849270} {[lzj.icp:8500/ibmcom/k8s-prometheus-adapter@sha256:cf7f0c35ff0a0ec9cf743ef87e4c951f74d3fd0b4b97925784cc857565b4d7ba lzj.icp:8500/ibmcom/k8s-prometheus-adapter:v0.2.1.1] 52134773} {[lzj.icp:8500/ibmcom/metrics-server@sha256:973b5dd33165e4856f22a9f48a9b7f5bd2f01399d6479c46212ea92336a9ca40 lzj.icp:8500/ibmcom/metrics-server:v0.2.1.1] 42541759} {[lzj.icp:8500/ibmcom/ibmcloud-image-enforcement@sha256:d29efeb868c054eead02eec72c86f690c4a8c81b95f99f22bbc873644b090e99 lzj.icp:8500/ibmcom/ibmcloud-image-enforcement:0.2.0] 40040099} {[lzj.icp:8500/ibmcom/alertmanager@sha256:f3e7d379040499e05c1377862cc8a74cd5ffed2a175bf62fc18dc07b98d6ab00 lzj.icp:8500/ibmcom/alertmanager:v0.15.0] 36095602} {[lzj.icp:8500/ibmcom/kube-state-metrics@sha256:6a574d2e4a7338abdd3d0b85dd2510cbf046cd09a70505b99513feee42d00559 lzj.icp:8500/ibmcom/kube-state-metrics:v1.3.0] 35646776} {[lzj.icp:8500/ibmcom/node-exporter@sha256:b24db452b1a0bf46abba095162d0fbc89ea40eeabbfe43ae01dab54107ecff0e lzj.icp:8500/ibmcom/node-exporter:v0.16.0] 22915749} {[lzj.icp:8500/ibmcom/configmap-reload@sha256:77a4ede137dd4980fe02c70ad189bf7b89dd1a9e134c0fe4475842fe8948f6a9 lzj.icp:8500/ibmcom/configmap-reload:v0.2.2] 22381476} {[lzj.icp:8500/ibmcom/collectd-exporter@sha256:0ef0cfb0a60f66046851bfafbfa1913814c7a4967e4e7561ce5111186338f6d9 lzj.icp:8500/ibmcom/collectd-exporter:v0.4.0] 13695364} {[lzj.icp:8500/ibmcom/elasticsearch-exporter@sha256:27806a00f45314a1c06af096236004020a98202edbbce81d993aadfaca0c66a0 lzj.icp:8500/ibmcom/elasticsearch-exporter:1.0.2] 9202086} {[lzj.icp:8500/ibmcom/icp-initcontainer@sha256:c1b9397380303cfc23505576a19859c7e26936f80a26bb4fae95ef68e7775de8 lzj.icp:8500/ibmcom/icp-initcontainer:1.0.0] 3965926} {[lzj.icp:8500/ibmcom/pause@sha256:8a18035491d4fbbe481be5eac11819315ec94677ab465608d052d87b3cdcff7f lzj.icp:8500/ibmcom/pause:3.1] 742472}],VolumesInUse:[],VolumesAttached:[],Config:&amp;NodeConfigStatus{Assigned:nil,Active:nil,LastKnownGood:nil,Error:,},},}&#xA;Sep 19 08:11:19.426: INFO: &#xA;Logging kubelet events for node 10.46.6.171&#xA;Sep 19 08:11:19.430: INFO: &#xA;Logging pods the kubelet thinks is on node 10.46.6.171&#xA;Sep 19 08:11:19.457: INFO: monitoring-grafana-548b947c8c-dh89z started at 2018-09-17 07:15:46 +0000 UTC (1+2 container statuses recorded)&#xA;Sep 19 08:11:19.457: INFO: &#x9;Init container init-container ready: true, restart count 0&#xA;Sep 19 08:11:19.458: INFO: &#x9;Container grafana ready: true, restart count 0&#xA;Sep 19 08:11:19.458: INFO: &#x9;Container router ready: true, restart count 0&#xA;Sep 19 08:11:19.458: INFO: vulnerability-advisor-process-ma-crawler-b7k2d started at 2018-09-17 07:19:03 +0000 UTC (0+1 container statuses recorded)&#xA;Sep 19 08:11:19.458: INFO: &#x9;Container process-ma-crawler ready: true, restart count 0&#xA;Sep 19 08:11:19.458: INFO: ibmcloud-image-enforcement-76ddccbf9f-kqmlb started at 2018-09-17 07:14:02 +0000 UTC (0+1 container statuses recorded)&#xA;Sep 19 08:11:19.458: INFO: &#x9;Container ibmcloud-image-enforcement ready: true, restart count 0&#xA;Sep 19 08:11:19.458: INFO: metering-ui-5bbfbb5d49-wkh8m started at 2018-09-17 07:14:12 +0000 UTC (1+1 container statuses recorded)&#xA;Sep 19 08:11:19.458: INFO: &#x9;Init container metering-ui-init ready: true, restart count 0&#xA;Sep 19 08:11:19.458: INFO: &#x9;Container metering-ui ready: true, restart count 0&#xA;Sep 19 08:11:19.458: INFO: logging-elk-master-6cdcf45f7d-gp28f started at 2018-09-17 07:15:21 +0000 UTC (2+1 container statuses recorded)&#xA;Sep 19 08:11:19.458: INFO: &#x9;Init container sysctl ready: true, restart count 0&#xA;Sep 19 08:11:19.458: INFO: &#x9;Init container plugin-bundle ready: true, restart count 0&#xA;Sep 19 08:11:19.458: INFO: &#x9;Container es-master ready: true, restart count 0&#xA;Sep 19 08:11:19.458: INFO: logging-elk-data-0 started at 2018-09-17 07:15:21 +0000 UTC (3+1 container statuses recorded)&#xA;Sep 19 08:11:19.458: INFO: &#x9;Init container chmod ready: true, restart count 0&#xA;Sep 19 08:11:19.458: INFO: &#x9;Init container sysctl ready: true, restart count 0&#xA;Sep 19 08:11:19.458: INFO: &#x9;Init container plugin-bundle ready: true, restart count 0&#xA;Sep 19 08:11:19.458: INFO: &#x9;Container es-data ready: true, restart count 0&#xA;Sep 19 08:11:19.458: INFO: logging-elk-kibana-ff4db4866-s2295 started at 2018-09-17 07:15:21 +0000 UTC (0+2 container statuses recorded)&#xA;Sep 19 08:11:19.458: INFO: &#x9;Container kibana ready: true, restart count 0&#xA;Sep 19 08:11:19.458: INFO: &#x9;Container router ready: true, restart count 0&#xA;Sep 19 08:11:19.458: INFO: monitoring-prometheus-nodeexporter-9fnpb started at 2018-09-17 07:15:44 +0000 UTC (0+2 container statuses recorded)&#xA;Sep 19 08:11:19.458: INFO: &#x9;Container nodeexporter ready: true, restart count 0&#xA;Sep 19 08:11:19.458: INFO: &#x9;Container router ready: true, restart count 0&#xA;Sep 19 08:11:19.458: INFO: monitoring-prometheus-kubestatemetrics-54dcbb6cfb-76zmm started at 2018-09-17 07:15:45 +0000 UTC (0+2 container statuses recorded)&#xA;Sep 19 08:11:19.458: INFO: &#x9;Container kubestatemetrics ready: true, restart count 0&#xA;Sep 19 08:11:19.458: INFO: &#x9;Container router ready: true, restart count 0&#xA;Sep 19 08:11:19.458: INFO: audit-logging-fluentd-ds-bc22k started at 2018-09-17 07:18:46 +0000 UTC (0+1 container statuses recorded)&#xA;Sep 19 08:11:19.458: INFO: &#x9;Container fluentd ready: true, restart count 0&#xA;Sep 19 08:11:19.458: INFO: k8s-proxy-10.46.6.171 started at &lt;nil&gt; (0+0 container statuses recorded)&#xA;Sep 19 08:11:19.458: INFO: metrics-server-6d6695f9db-8t4xs started at 2018-09-17 07:08:51 +0000 UTC (0+1 container statuses recorded)&#xA;Sep 19 08:11:19.458: INFO: &#x9;Container metrics-server ready: true, restart count 0&#xA;Sep 19 08:11:19.458: INFO: metering-dm-8b475fc57-cmm6h started at 2018-09-17 07:14:12 +0000 UTC (1+1 container statuses recorded)&#xA;Sep 19 08:11:19.458: INFO: &#x9;Init container metering-dm-init ready: true, restart count 0&#xA;Sep 19 08:11:19.458: INFO: &#x9;Container metering-dm ready: true, restart count 0&#xA;Sep 19 08:11:19.458: INFO: logging-elk-filebeat-ds-bs86r started at 2018-09-17 07:15:20 +0000 UTC (0+1 container statuses recorded)&#xA;Sep 19 08:11:19.458: INFO: &#x9;Container filebeat ready: true, restart count 0&#xA;Sep 19 08:11:19.458: INFO: logging-elk-client-75d4d7994c-7g7fn started at 2018-09-17 07:15:21 +0000 UTC (2+3 container statuses recorded)&#xA;Sep 19 08:11:19.458: INFO: &#x9;Init container sysctl ready: true, restart count 0&#xA;Sep 19 08:11:19.458: INFO: &#x9;Init container plugin-bundle ready: true, restart count 0&#xA;Sep 19 08:11:19.458: INFO: &#x9;Container es-client ready: true, restart count 0&#xA;Sep 19 08:11:19.458: INFO: &#x9;Container indices-cleaner ready: true, restart count 0&#xA;Sep 19 08:11:19.458: INFO: &#x9;Container router ready: true, restart count 0&#xA;Sep 19 08:11:19.458: INFO: monitoring-prometheus-alertmanager-7d8749dbb8-xj68d started at 2018-09-17 07:15:46 +0000 UTC (0+3 container statuses recorded)&#xA;Sep 19 08:11:19.458: INFO: &#x9;Container alertmanager ready: true, restart count 0&#xA;Sep 19 08:11:19.458: INFO: &#x9;Container configmap-reload ready: true, restart count 0&#xA;Sep 19 08:11:19.458: INFO: &#x9;Container router ready: true, restart count 0&#xA;Sep 19 08:11:19.458: INFO: monitoring-prometheus-collectdexporter-77575678dc-v8n2l started at 2018-09-17 07:15:46 +0000 UTC (0+2 container statuses recorded)&#xA;Sep 19 08:11:19.458: INFO: &#x9;Container collectd-exporter ready: true, restart count 0&#xA;Sep 19 08:11:19.458: INFO: &#x9;Container router ready: true, restart count 0&#xA;Sep 19 08:11:19.458: INFO: vulnerability-advisor-live-crawler-xxz8p started at 2018-09-17 07:19:03 +0000 UTC (0+1 container statuses recorded)&#xA;Sep 19 08:11:19.458: INFO: &#x9;Container live-crawler ready: true, restart count 0&#xA;Sep 19 08:11:19.458: INFO: nvidia-device-plugin-vh85n started at 2018-09-17 07:07:17 +0000 UTC (1+1 container statuses recorded)&#xA;Sep 19 08:11:19.458: INFO: &#x9;Init container nvidia-driver-collector ready: true, restart count 0&#xA;Sep 19 08:11:19.458: INFO: &#x9;Container nvidia-device-plugin ready: true, restart count 0&#xA;Sep 19 08:11:19.458: INFO: custom-metrics-adapter-64f64964b4-f9gmc started at 2018-09-17 07:14:28 +0000 UTC (1+1 container statuses recorded)&#xA;Sep 19 08:11:19.458: INFO: &#x9;Init container init-adapter ready: true, restart count 0&#xA;Sep 19 08:11:19.458: INFO: &#x9;Container custom-metrics-adapter ready: true, restart count 0&#xA;Sep 19 08:11:19.458: INFO: logging-elk-elasticsearch-tls-init-6hnl4 started at 2018-09-17 07:15:20 +0000 UTC (0+1 container statuses recorded)&#xA;Sep 19 08:11:19.458: INFO: &#x9;Container searchguard-init ready: false, restart count 0&#xA;Sep 19 08:11:19.458: INFO: monitoring-prometheus-elasticsearchexporter-655864cccb-c6tps started at 2018-09-17 07:15:46 +0000 UTC (0+2 container statuses recorded)&#xA;Sep 19 08:11:19.458: INFO: &#x9;Container elasticsearchexporter ready: true, restart count 0&#xA;Sep 19 08:11:19.458: INFO: &#x9;Container router ready: true, restart count 0&#xA;Sep 19 08:11:19.458: INFO: monitoring-prometheus-6677d7c77f-pnpt5 started at 2018-09-17 07:15:46 +0000 UTC (1+4 container statuses recorded)&#xA;Sep 19 08:11:19.458: INFO: &#x9;Init container init-container ready: true, restart count 0&#xA;Sep 19 08:11:19.458: INFO: &#x9;Container configmap-reload-alertrules ready: true, restart count 0&#xA;Sep 19 08:11:19.458: INFO: &#x9;Container configmap-reload-prometheus ready: true, restart count 0&#xA;Sep 19 08:11:19.458: INFO: &#x9;Container prometheus ready: true, restart count 0&#xA;Sep 19 08:11:19.458: INFO: &#x9;Container router ready: true, restart count 0&#xA;Sep 19 08:11:19.458: INFO: calico-node-gpm2c started at 2018-09-17 07:05:53 +0000 UTC (0+2 container statuses recorded)&#xA;Sep 19 08:11:19.458: INFO: &#x9;Container calico-node ready: true, restart count 0&#xA;Sep 19 08:11:19.458: INFO: &#x9;Container install-cni ready: true, restart count 0&#xA;Sep 19 08:11:19.458: INFO: metering-reader-xq8f2 started at 2018-09-17 07:14:11 +0000 UTC (1+1 container statuses recorded)&#xA;Sep 19 08:11:19.458: INFO: &#x9;Init container metering-reader-init ready: true, restart count 1&#xA;Sep 19 08:11:19.458: INFO: &#x9;Container metering-reader ready: true, restart count 0&#xA;Sep 19 08:11:19.458: INFO: logging-elk-logstash-7994656f46-r89mt started at 2018-09-17 07:15:22 +0000 UTC (0+1 container statuses recorded)&#xA;Sep 19 08:11:19.458: INFO: &#x9;Container logstash ready: true, restart count 0&#xA;Sep 19 08:11:19.492: INFO: &#xA;Latency metrics for node 10.46.6.171&#xA;Sep 19 08:11:19.492: INFO: &#xA;Logging node info for node 10.46.6.172&#xA;Sep 19 08:11:19.497: INFO: Node Info: &amp;Node{ObjectMeta:k8s_io_apimachinery_pkg_apis_meta_v1.ObjectMeta{Name:10.46.6.172,GenerateName:,Namespace:,SelfLink:/api/v1/nodes/10.46.6.172,UID:0c6032ef-ba48-11e8-b20e-fa163e707b2e,ResourceVersion:465267,Generation:0,CreationTimestamp:2018-09-17 07:05:24 +0000 UTC,DeletionTimestamp:&lt;nil&gt;,DeletionGracePeriodSeconds:nil,Labels:map[string]string{beta.kubernetes.io/arch: amd64,beta.kubernetes.io/os: linux,kubernetes.io/hostname: 10.46.6.172,node-role.kubernetes.io/va: true,va: true,},Annotations:map[string]string{node.alpha.kubernetes.io/ttl: 0,volumes.kubernetes.io/controller-managed-attach-detach: true,},OwnerReferences:[],Finalizers:[],ClusterName:,Initializers:nil,},Spec:NodeSpec{PodCIDR:,DoNotUse_ExternalID:,ProviderID:,Unschedulable:false,Taints:[{dedicated va NoSchedule &lt;nil&gt;}],ConfigSource:nil,},Status:NodeStatus{Capacity:ResourceList{cpu: {{8 0} {&lt;nil&gt;} 8 DecimalSI},ephemeral-storage: {{107362627584 0} {&lt;nil&gt;} 104846316Ki BinarySI},hugepages-1Gi: {{0 0} {&lt;nil&gt;} 0 DecimalSI},hugepages-2Mi: {{0 0} {&lt;nil&gt;} 0 DecimalSI},memory: {{16825622528 0} {&lt;nil&gt;}  BinarySI},pods: {{80 0} {&lt;nil&gt;} 80 DecimalSI},},Allocatable:ResourceList{cpu: {{8 0} {&lt;nil&gt;} 8 DecimalSI},ephemeral-storage: {{107257769984 0} {&lt;nil&gt;} 104743916Ki BinarySI},hugepages-1Gi: {{0 0} {&lt;nil&gt;} 0 DecimalSI},hugepages-2Mi: {{0 0} {&lt;nil&gt;} 0 DecimalSI},memory: {{16720764928 0} {&lt;nil&gt;}  BinarySI},pods: {{80 0} {&lt;nil&gt;} 80 DecimalSI},},Phase:,Conditions:[{OutOfDisk False 2018-09-19 08:11:16 +0000 UTC 2018-09-17 07:05:24 +0000 UTC KubeletHasSufficientDisk kubelet has sufficient disk space available} {MemoryPressure False 2018-09-19 08:11:16 +0000 UTC 2018-09-17 07:05:24 +0000 UTC KubeletHasSufficientMemory kubelet has sufficient memory available} {DiskPressure False 2018-09-19 08:11:16 +0000 UTC 2018-09-17 07:05:24 +0000 UTC KubeletHasNoDiskPressure kubelet has no disk pressure} {PIDPressure False 2018-09-19 08:11:16 +0000 UTC 2018-09-17 07:05:24 +0000 UTC KubeletHasSufficientPID kubelet has sufficient PID available} {Ready True 2018-09-19 08:11:16 +0000 UTC 2018-09-17 07:06:04 +0000 UTC KubeletReady kubelet is posting ready status}],Addresses:[{InternalIP 10.46.6.172} {Hostname 10.46.6.172}],DaemonEndpoints:NodeDaemonEndpoints{KubeletEndpoint:DaemonEndpoint{Port:10250,},},NodeInfo:NodeSystemInfo{MachineID:52ca0d2c3fb341c79b059a96d10571a6,SystemUUID:3D48E3C5-99D8-4CA3-9AB5-A8540613166F,BootID:d81d494e-264a-48ce-a4f2-76b16f6ece1f,KernelVersion:3.10.0-862.9.1.el7.x86_64,OSImage:Red Hat Enterprise Linux,ContainerRuntimeVersion:docker://18.3.1,KubeletVersion:v1.11.1+icp-ee,KubeProxyVersion:v1.11.1+icp-ee,OperatingSystem:linux,Architecture:amd64,},Images:[{[lzj.icp:8500/ibmcom/statsd-amd64@sha256:5ee11bc24bced45a77d9d630348680f319c09d9d3b2230b04518d1e2a5263ae2 lzj.icp:8500/ibmcom/statsd@sha256:af7a9d0c4f029d0247da41f67c7e87f3655175962b79a189a6a9ace0ff841049 lzj.icp:8500/ibmcom/statsd-amd64:0.7.2.1 lzj.icp:8500/ibmcom/statsd:0.7.2.1] 1234731808} {[lzj.icp:8500/ibmcom/kafka-amd64@sha256:0d6d348ccd7aa2854d60791331280e58db92029a522c8bfb3eb40c7c0913ca8f lzj.icp:8500/ibmcom/kafka@sha256:f0b4a833c3da439cadb783bb9cb578f96b1328557b8402a98f01c5c21497d93a lzj.icp:8500/ibmcom/kafka-amd64:0.10.0.2 lzj.icp:8500/ibmcom/kafka:0.10.0.2] 1114805679} {[lzj.icp:8500/ibmcom/iam-token-service-amd64@sha256:9211161e5b5b9d892a99b46fad4429333ceb7143b4039419df7ea0efa36381a9 lzj.icp:8500/ibmcom/iam-token-service@sha256:1b9308e68de93b43e9a85c0e005d80d423e88db7d88ee7114a80b2fade7a78ed lzj.icp:8500/ibmcom/iam-token-service-amd64:3.1.0 lzj.icp:8500/ibmcom/iam-token-service:3.1.0] 1051060152} {[lzj.icp:8500/ibmcom/icp-platform-auth-amd64@sha256:abc258009b8696a83214b7a9d9df63f6d83e19cfca2987c4836b0eadfa4c99c7 lzj.icp:8500/ibmcom/icp-platform-auth@sha256:c544b90a099b6c29ba4ee7f2ad4dded1277c948a0826b38ebe3250cdc7d1529c lzj.icp:8500/ibmcom/icp-platform-auth-amd64:3.1.0 lzj.icp:8500/ibmcom/icp-platform-auth:3.1.0] 1028283742} {[lzj.icp:8500/ibmcom/reg-crawler-amd64@sha256:9e5d4ebbac3dd6cbf9f892b5bd634f89fae3d4b2e6a23debd3ecd322e3eb817e lzj.icp:8500/ibmcom/reg-crawler@sha256:a9033d9cb2406d11c616fdfedc9bc56bc4ef970bd0a7b02899b3e5c1b353799b lzj.icp:8500/ibmcom/reg-crawler-amd64:1.3.1 lzj.icp:8500/ibmcom/reg-crawler:1.3.1] 1007817363} {[lzj.icp:8500/ibmcom/live-crawler-amd64@sha256:37a79ec87bd3c8b9af25cf1e25f4f14281ffb9f5ebeaf61c0b7c8a5799baf782 lzj.icp:8500/ibmcom/live-crawler@sha256:1a648615e7b439f093697f65350262823e6c711c4b21ea81596ced1c28a48133 lzj.icp:8500/ibmcom/live-crawler-amd64:1.3.1 lzj.icp:8500/ibmcom/live-crawler:1.3.1] 987515538} {[lzj.icp:8500/ibmcom/cos-indexer-amd64@sha256:adf28ff960ebdcbfcfa5e4522b81aa3565338f8d640dad611a1c3f0d3894393b lzj.icp:8500/ibmcom/cos-indexer@sha256:bb31dc8ef37e8482b2b9dedc0e54f46f7d3c678b22a3130eca9dde80fed65df1 lzj.icp:8500/ibmcom/cos-indexer-amd64:1.3.1 lzj.icp:8500/ibmcom/cos-indexer:1.3.1] 846578165} {[lzj.icp:8500/ibmcom/secure-config-annotator-amd64@sha256:26e845c6a252e0c5ae73e764645993b3270e289d1a2e9784b06ddd7898ca45d9 lzj.icp:8500/ibmcom/secure-config-annotator@sha256:cfaadd13c4ef4bdc937d296faff78e98473be8c9c6ae6b4a38927c952948914f lzj.icp:8500/ibmcom/secure-config-annotator-amd64:1.3.1 lzj.icp:8500/ibmcom/secure-config-annotator:1.3.1] 835555196} {[lzj.icp:8500/ibmcom/hyperkube-amd64@sha256:9eaadf7c2a417ee2a9a219e2eadf21884742199a484be2ca737f0e8a178d490a lzj.icp:8500/ibmcom/hyperkube@sha256:9fbddbf2d04354912c8a981395493d250474cb9fa587fa91119e69467078b180 lzj.icp:8500/ibmcom/hyperkube-amd64:v1.11.1-ee lzj.icp:8500/ibmcom/hyperkube:v1.11.1-ee] 782626408} {[lzj.icp:8500/ibmcom/compliance-annotator-amd64@sha256:5d8bbbef3a7dc54ba9addb256d2aa8a3f7d5c27a454ff4b7ee583b217dac2ce4 lzj.icp:8500/ibmcom/compliance-annotator@sha256:be00ccb777b1e90601cc563112e32ae831b0fb7d4933f1aa3c49379cabe41c3f lzj.icp:8500/ibmcom/compliance-annotator-amd64:1.3.1 lzj.icp:8500/ibmcom/compliance-annotator:1.3.1] 773932738} {[lzj.icp:8500/ibmcom/icp-logstash-amd64@sha256:02a683ee6ad9eeed7ea8ebb1de713aaf902a9e20a39ccc0294ee1f947f1bbd73 lzj.icp:8500/ibmcom/icp-logstash@sha256:a182a00827aefe7f5f95b18fa1ec8f6897989290b37f3d98bd6440ddda796433 lzj.icp:8500/ibmcom/icp-logstash-amd64:5.5.1 lzj.icp:8500/ibmcom/icp-logstash:5.5.1] 764906887} {[lzj.icp:8500/ibmcom/process-ma-hf-amd64@sha256:ef0d164350d07600f8037082db7d98cf81b9c554d8a60692ae90b8d0239a8cdc lzj.icp:8500/ibmcom/process-ma-hf@sha256:114b48d67e46f6ad3624dfa99baab8f9c62fb5ba88d210d0f42e106eda4e0ee8 lzj.icp:8500/ibmcom/process-ma-hf-amd64:1.3.1 lzj.icp:8500/ibmcom/process-ma-hf:1.3.1] 758635128} {[lzj.icp:8500/ibmcom/vulnerability-annotator-amd64@sha256:febedf85b65e0d1800e67249274d474d4ce67e8041e81487f76bce727cb39bd4 lzj.icp:8500/ibmcom/vulnerability-annotator@sha256:2ca368468e5d1c7ed82b3947b8d8904da34969bd72e67b382bfd0579fe3f148d lzj.icp:8500/ibmcom/vulnerability-annotator-amd64:1.3.1 lzj.icp:8500/ibmcom/vulnerability-annotator:1.3.1] 757013017} {[lzj.icp:8500/ibmcom/py-generic-indexer-amd64@sha256:45cb17e23e15f4dfe44471309af12f0655aad5f8e859c718f393290f220b02b2 lzj.icp:8500/ibmcom/py-generic-indexer@sha256:63a28bc72b6588e508ad23b569a228d6219e2d6fdddb2b1b073e1d2c70ec7641 lzj.icp:8500/ibmcom/py-generic-indexer-amd64:1.3.1 lzj.icp:8500/ibmcom/py-generic-indexer:1.3.1] 755588945} {[lzj.icp:8500/ibmcom/icp-inception-amd64@sha256:1dad180d14ae732d17ca5cf41b87dbb316c072323f186d60a08a753f904eb5b2 lzj.icp:8500/ibmcom/icp-inception@sha256:d395315f0fde94a5cacd9945cd7932b4eda45fe404a6b9d55a8ec8ebeed2a0a8 lzj.icp:8500/ibmcom/icp-inception-amd64:3.1.0-ee lzj.icp:8500/ibmcom/icp-inception:3.1.0-ee] 744155119} {[lzj.icp:8500/ibmcom/config-parser-amd64@sha256:7d721e0b5a827921ac16fa9e7570db225211e6dd700cdeaba1d28ba02ff8ef6d lzj.icp:8500/ibmcom/config-parser@sha256:2b7d6f1ea57d6e4d9caaca5d0e2bb35d2e6db316e2f18ef9a51b5bfa48119f69 lzj.icp:8500/ibmcom/config-parser-amd64:1.3.1 lzj.icp:8500/ibmcom/config-parser:1.3.1] 739243486} {[lzj.icp:8500/ibmcom/iam-policy-administration-amd64@sha256:e1941aa09a5b692505cb3be3e497d3ff9acb900786b9a2c8c4c00d0243b37dd0 lzj.icp:8500/ibmcom/iam-policy-administration@sha256:ab0d5c50f5e5fc9a537e97183ed694e34d57fa00121bc08bedb261b80e29b9a4 lzj.icp:8500/ibmcom/iam-policy-administration-amd64:3.1.0 lzj.icp:8500/ibmcom/iam-policy-administration:3.1.0] 711947327} {[lzj.icp:8500/ibmcom/password-annotator-amd64@sha256:bca1b6b222d8ea8ade174a8cc1a549f161d75d3e9d69881f08a1fb316a8e27d3 lzj.icp:8500/ibmcom/password-annotator@sha256:5c7e8db45db52a6bca7d76ae8c2ff74eb43644f7959d66ddc67454bcbca765ec lzj.icp:8500/ibmcom/password-annotator-amd64:1.3.1 lzj.icp:8500/ibmcom/password-annotator:1.3.1] 707627907} {[lzj.icp:8500/ibmcom/notification-dispatcher-amd64@sha256:ec8dfbc351a0d758488f9f8bfa17c3182a5c02819a6ebf7144ab914a2233cf57 lzj.icp:8500/ibmcom/notification-dispatcher@sha256:6d7e6b836f0cfeb5fb18cd29fdd8315fb44013f8d21830b9c5ab60b605c5e3c5 lzj.icp:8500/ibmcom/notification-dispatcher-amd64:1.3.1 lzj.icp:8500/ibmcom/notification-dispatcher:1.3.1] 707588442} {[lzj.icp:8500/ibmcom/sas-base-amd64@sha256:9651b1149c62d5a0968aaeffe71f2da68cd7e07ff8d7ea67538278c00ab08457 lzj.icp:8500/ibmcom/sas-base@sha256:56bb0790e5f06276b7435c731687f733901fedc80af299dc8a8eaf72d7365560 lzj.icp:8500/ibmcom/sas-base-amd64:1.3.1 lzj.icp:8500/ibmcom/sas-base:1.3.1] 653746081} {[lzj.icp:8500/ibmcom/ma-file-annotator-amd64@sha256:8caa6280fd845fd524ad874a6b243510ebf085d58c989229020fcfc743492632 lzj.icp:8500/ibmcom/ma-file-annotator@sha256:cd8dc2a26e2a84bf7d8ba982c6a21c034239de5e2dc12767d3f60985e495d957 lzj.icp:8500/ibmcom/ma-file-annotator-amd64:1.3.1 lzj.icp:8500/ibmcom/ma-file-annotator:1.3.1] 653745236} {[lzj.icp:8500/ibmcom/icp-kibana-amd64@sha256:8b69887ac5297e1d2e68b9c2ce885b9a888f6c278ca1538acb0f03206b48502a lzj.icp:8500/ibmcom/icp-kibana@sha256:6e2746da64a64f98c5761b87d5e185a9c2ac75c9c4e767ab284062b1847b7571 lzj.icp:8500/ibmcom/icp-kibana-amd64:5.5.1 lzj.icp:8500/ibmcom/icp-kibana:5.5.1] 639622018} {[lzj.icp:8500/ibmcom/icp-platform-api-amd64@sha256:1fc47925c2611aef12631b3f3806308f55a298074aebc561fd04cf8a7691c669 lzj.icp:8500/ibmcom/icp-platform-api@sha256:6b5585999f45fa6dc7a6a1d8bcb4d544c96a3e1fd3bd9f133ebed2e356985a0e lzj.icp:8500/ibmcom/icp-platform-api-amd64:3.1.0 lzj.icp:8500/ibmcom/icp-platform-api:3.1.0] 612589125} {[lzj.icp:8500/ibmcom/iam-policy-decision-amd64@sha256:d49eb3845c57bb8370a477949d92da10a178b81ade50f0e9d970981fadd6686d lzj.icp:8500/ibmcom/iam-policy-decision@sha256:ecd9f36e17e57c6be41e744abc17baacddd28178485d29cb112ffc5e558d2c09 lzj.icp:8500/ibmcom/iam-policy-decision-amd64:3.1.0 lzj.icp:8500/ibmcom/iam-policy-decision:3.1.0] 559718344} {[lzj.icp:8500/ibmcom/rootkit-annotator-amd64@sha256:caf6c24136b8785d901f346a640d673b55fe105c3617cfcb432ee2006f5b1cf4 lzj.icp:8500/ibmcom/rootkit-annotator@sha256:9aabe418ab5c5b3ce86dcfad5dc63a14124bf56227a7decb6656382f2cf9606e lzj.icp:8500/ibmcom/rootkit-annotator-amd64:1.3.1 lzj.icp:8500/ibmcom/rootkit-annotator:1.3.1] 549434506} {[lzj.icp:8500/ibmcom/icp-elasticsearch-amd64@sha256:0063a7a931ca4e52d8f7a51f2bdb010345f4373b5b904b52e5c8a48ec0c1fde7 lzj.icp:8500/ibmcom/icp-elasticsearch@sha256:b410aacb6005fe24bfd87b045ea26fde3d6eb3ca52c3f0e4560cdc208944ba50 lzj.icp:8500/ibmcom/icp-elasticsearch-amd64:5.5.1 lzj.icp:8500/ibmcom/icp-elasticsearch:5.5.1] 520121248} {[lzj.icp:8500/ibmcom/logging-pki-init-amd64@sha256:cc4bfa085e1ae99120ee526acd3e62d205e10de6f1c773c521fc5b933914f6a8 lzj.icp:8500/ibmcom/logging-pki-init@sha256:21aa9cbd05a849b4891b15cf636f73545f6001f16c82f8eeed2e90b4f9312377 lzj.icp:8500/ibmcom/logging-pki-init-amd64:2.0.0 lzj.icp:8500/ibmcom/logging-pki-init:2.0.0] 501921135} {[lzj.icp:8500/ibmcom/searchguard-init-amd64@sha256:d19ce1d27f406945d4ed78b0f07007998c2ab3889086e502924847c2186db546 lzj.icp:8500/ibmcom/searchguard-init@sha256:3d0d8a8404a9df5ad238bce1e0542cdda609cc445dfc3964952243d9fc103276 lzj.icp:8500/ibmcom/searchguard-init-amd64:2.0.0 lzj.icp:8500/ibmcom/searchguard-init:2.0.0] 457030441} {[lzj.icp:8500/ibmcom/metering-ui-amd64@sha256:3628a8fe41183c08ea0b02e2e798e3649e4aebe2c2405c34572b9eb7c7c4d9a8 lzj.icp:8500/ibmcom/metering-ui@sha256:d6453f9afecc9b1fc778c195e20bbb39d4ef6262af2f7a9a5ce3cddc259fec99 lzj.icp:8500/ibmcom/metering-ui-amd64:3.1.0 lzj.icp:8500/ibmcom/metering-ui:3.1.0] 385577105} {[lzj.icp:8500/ibmcom/heketi-amd64@sha256:c5b579a4f219c87990f861eb61de86cb9cfb51b6d230b8c299df7d9fd3d02d0e lzj.icp:8500/ibmcom/heketi@sha256:eb6875247a56829a20d0949f034b08a0e682201ab1d88d3cba71972932c254f5 lzj.icp:8500/ibmcom/heketi-amd64:v7.0.0 lzj.icp:8500/ibmcom/heketi:v7.0.0] 384720377} {[lzj.icp:8500/ibmcom/icp-mongodb-amd64@sha256:a305ae8bc309898d86bf60aee968846db3602f77b25924640d5f08a2389ee99d lzj.icp:8500/ibmcom/icp-mongodb@sha256:fe8b55caf7bb855fd4e244450af5195f2243b766c6934d464128bf982b29b345 lzj.icp:8500/ibmcom/icp-mongodb-amd64:3.1.0 lzj.icp:8500/ibmcom/icp-mongodb:3.1.0] 379353410} {[lzj.icp:8500/ibmcom/icp-catalog-ui-amd64@sha256:33993b4eab189e3c78fe27799017da770d47523cf6831460741008bf91297d6d lzj.icp:8500/ibmcom/icp-catalog-ui@sha256:049f3c4946a0ad2c10507e5e42a464448e858fb3ae606cfd84825d340adb1125 lzj.icp:8500/ibmcom/icp-catalog-ui-amd64:3.1.0 lzj.icp:8500/ibmcom/icp-catalog-ui:3.1.0] 363781304} {[lzj.icp:8500/ibmcom/nginx-ingress-controller-amd64@sha256:63b48dd3ba635aa65409f7d6a319e293697810c1b9e885e6255bebf36a2506ab lzj.icp:8500/ibmcom/nginx-ingress-controller@sha256:f68b2ce26292e02ef3dbc6cfae17cec3d54b9afee9bf5298bf95d005c0783143 lzj.icp:8500/ibmcom/nginx-ingress-controller-amd64:0.16.2 lzj.icp:8500/ibmcom/nginx-ingress-controller:0.16.2] 361632894} {[lzj.icp:8500/ibmcom/mariadb-amd64@sha256:1f9876179c32fcf463804f75cbf2fb031106edf2be9d5dbf6705375ca53930bb lzj.icp:8500/ibmcom/mariadb@sha256:2272622e7f6786220d7ee2b482a3050bd34c3e1ecdc99af6175a146610222763 lzj.icp:8500/ibmcom/mariadb-amd64:10.2.17 lzj.icp:8500/ibmcom/mariadb:10.2.17] 358991946} {[lzj.icp:8500/ibmcom/k8szk-amd64@sha256:a9ee22a4df14654552a02303e4560623244683692fd298dd2fb71e9dd66219f3 lzj.icp:8500/ibmcom/k8szk@sha256:20cfeb163fb828c3c3a7c0baf2883e90c72c8d97d20116253903e82aa2be801f lzj.icp:8500/ibmcom/k8szk-amd64:v3 lzj.icp:8500/ibmcom/k8szk:v3] 331472973} {[lzj.icp:8500/ibmcom/gluster-amd64@sha256:647caedb536eb7b8c5c8b0a2b69e52d2a34be9e6c9c7b9c1b21d14fcfa261886 lzj.icp:8500/ibmcom/gluster@sha256:eeabf9b160370078d12a4c2b84f1a9772fe10c64446f0c2251eb53b8b5277baa lzj.icp:8500/ibmcom/gluster-amd64:v4.0.2 lzj.icp:8500/ibmcom/gluster:v4.0.2] 324265531} {[lzj.icp:8500/ibmcom/istio-grafana-amd64@sha256:381a2dd3a5addbc5d43920bc19bb15ba6dbd422e4a9d91163108e72c5a63234c lzj.icp:8500/ibmcom/istio-grafana@sha256:f4fdaf4a51b946f6d4fb9aa82cdbfef53c8e0b7b2223078f9d7f62bb28d3259b lzj.icp:8500/ibmcom/istio-grafana-amd64:1.0.0.1 lzj.icp:8500/ibmcom/istio-grafana:1.0.0.1] 324187770} {[lzj.icp:8500/ibmcom/icp-filebeat-amd64@sha256:03af9b78dad6c2ba857975d10c81e781460796dff1ff1163ea4596f4aa10601d lzj.icp:8500/ibmcom/icp-filebeat@sha256:72669dde64d7ab85bbb9e93428efe548b2693a4eae5168a4705f6e30cd20e584 lzj.icp:8500/ibmcom/icp-filebeat-amd64:5.5.1 lzj.icp:8500/ibmcom/icp-filebeat:5.5.1] 317104874} {[lzj.icp:8500/ibmcom/istio-proxyv2-amd64@sha256:cd77e75fa85ce74914e1b7b0bef980ece8a62ef0d776c9ef51a0d7d30b4b64a0 lzj.icp:8500/ibmcom/istio-proxyv2@sha256:9c94d736c8cbb41e2c5b0b672530eee0df6cbb628d57f4ddaec9f4ff4f49ce35 lzj.icp:8500/ibmcom/istio-proxyv2-amd64:1.0.0.1 lzj.icp:8500/ibmcom/istio-proxyv2:1.0.0.1] 311276139} {[lzj.icp:8500/ibmcom/istio-pilot-amd64@sha256:63352073a964037fd37f6150228231d2e5eca7e0c2920405d6269326d3c54263 lzj.icp:8500/ibmcom/istio-pilot@sha256:ad129a4be7b6d1536c384efd03fb570b973b9c77a56a48e6b9cfe192a76c111e lzj.icp:8500/ibmcom/istio-pilot-amd64:1.0.0.1 lzj.icp:8500/ibmcom/istio-pilot:1.0.0.1] 309502004} {[lzj.icp:8500/ibmcom/fluentd-amd64@sha256:384a99b8d941c93f96ee5b5cbae5b70500219a3f71c73cf4eddd20d9d693e3b3 lzj.icp:8500/ibmcom/fluentd@sha256:f85a5ffd86438f1a73d04caf6e33ef3474675d9fa0947431f4d0a9602fc981af lzj.icp:8500/ibmcom/fluentd-amd64:v1.2.2-icp lzj.icp:8500/ibmcom/fluentd:v1.2.2-icp] 270902701} {[lzj.icp:8500/ibmcom/icp-identity-manager-amd64@sha256:632f31acd0fcfc3d0cebea31cfb71018f6712bd1a1b4da7476942b3c23aa3521 lzj.icp:8500/ibmcom/icp-identity-manager@sha256:993462e02a42c15b03722d935809476c8e10e6e0b3a2669eb528081e92a49859 lzj.icp:8500/ibmcom/icp-identity-manager-amd64:3.1.0 lzj.icp:8500/ibmcom/icp-identity-manager:3.1.0] 268667523} {[lzj.icp:8500/ibmcom/elasticsearch-plugin-searchguard-amd64@sha256:28f88d06bbbc073162702064c1be4ad06272e9021cbc0f929ba8c6da2ca25ae6 lzj.icp:8500/ibmcom/elasticsearch-plugin-searchguard@sha256:f47116021e3eec7b2fed9f6ed8bd77fd890457e5a1546dda7f863c032d4395b1 lzj.icp:8500/ibmcom/elasticsearch-plugin-searchguard-amd64:2.0.0 lzj.icp:8500/ibmcom/elasticsearch-plugin-searchguard:2.0.0] 267864279} {[lzj.icp:8500/ibmcom/kiali-amd64@sha256:bec63b454cf2e597c61f6a9943144050e5e6fc7a4f6474bc3bb6b627ba20c71c lzj.icp:8500/ibmcom/kiali@sha256:71a50e9885495157454657bc93842a7310e96e822a4117ad751ad81af83fde5e lzj.icp:8500/ibmcom/kiali-amd64:istio-release-1.0.0.1 lzj.icp:8500/ibmcom/kiali:istio-release-1.0.0.1] 265771300} {[lzj.icp:8500/ibmcom/calico-node-amd64@sha256:9871f4dde9eab9fd804b12f3114da36505ff5c220e2323b7434eec24e3b23ac5 lzj.icp:8500/ibmcom/calico-node@sha256:85a23d8030137d49663d3d82844a61998331606de9fc523dfdd0a75be7fb9828 lzj.icp:8500/ibmcom/calico-node-amd64:v3.1.3 lzj.icp:8500/ibmcom/calico-node:v3.1.3] 248202699} {[lzj.icp:8500/ibmcom/grafana-amd64@sha256:dc3566257a0c716caedfb33127d8ee385290c1dda006bebfb75c376d56b30c88 lzj.icp:8500/ibmcom/grafana@sha256:5d2739d3ec5c7f6ea66d69caa918b764660b99a3d37cb1f4123f1a9623ce8e38 lzj.icp:8500/ibmcom/grafana-amd64:5.2.0 lzj.icp:8500/ibmcom/grafana:5.2.0] 245297582} {[lzj.icp:8500/ibmcom/indices-cleaner-amd64@sha256:e6c6453d54012488e9ebfaa9e4d829f567d8e66b24c1613e6d88ca192ed5e85b lzj.icp:8500/ibmcom/indices-cleaner@sha256:31dac3be1246f17dddade06b517c073244ce56d85bc54135fdaf010dbb0bca10 lzj.icp:8500/ibmcom/indices-cleaner-amd64:1.0.0 lzj.icp:8500/ibmcom/indices-cleaner:1.0.0] 238131553} {[lzj.icp:8500/ibmcom/icp-identity-provider-amd64@sha256:24dba8b07c8295eef99abbf8d83041908516e4e50e4e4cfbbbcd53bdf415dda1 lzj.icp:8500/ibmcom/icp-identity-provider@sha256:b5bf63419b53ba550cad7a1b835d0d0eaae1fde8851c7936f8deb603fef673a6 lzj.icp:8500/ibmcom/icp-identity-provider-amd64:3.1.0 lzj.icp:8500/ibmcom/icp-identity-provider:3.1.0] 224286517} {[lzj.icp:8500/ibmcom/curl-amd64@sha256:aad05b4e4529f7e70516d8d3028cae6cd1d50de738ce164f2a532ce2470ac43f lzj.icp:8500/ibmcom/curl@sha256:adf92a267e351914d041a56d64ebe80331c45f8e20ab23b7ada67bea78da9996 lzj.icp:8500/ibmcom/curl-amd64:4.0.0 lzj.icp:8500/ibmcom/curl:4.0.0] 221192597} {[lzj.icp:8500/ibmcom/icp-audit-service-amd64@sha256:9add202c06a43da647380c860d9139fa059701fe103c1f229281215bf99dbbd3 lzj.icp:8500/ibmcom/icp-audit-service@sha256:7c3d710c31f6f5ae0227edc1599bdf64bc82e4fcd2b3aa8f197148240d2ab01c lzj.icp:8500/ibmcom/icp-audit-service-amd64:3.1.0 lzj.icp:8500/ibmcom/icp-audit-service:3.1.0] 215897363}],VolumesInUse:[],VolumesAttached:[],Config:&amp;NodeConfigStatus{Assigned:nil,Active:nil,LastKnownGood:nil,Error:,},},}&#xA;Sep 19 08:11:19.497: INFO: &#xA;Logging kubelet events for node 10.46.6.172&#xA;Sep 19 08:11:19.502: INFO: &#xA;Logging pods the kubelet thinks is on node 10.46.6.172&#xA;Sep 19 08:11:19.523: INFO: vulnerability-advisor-ma-file-annotator-6b95df8886-jtczz started at 2018-09-17 07:19:04 +0000 UTC (0+2 container statuses recorded)&#xA;Sep 19 08:11:19.523: INFO: &#x9;Container icp-audit-service ready: true, restart count 0&#xA;Sep 19 08:11:19.523: INFO: &#x9;Container vulnerability-advisor-ma-file-annotator ready: true, restart count 1&#xA;Sep 19 08:11:19.523: INFO: vulnerability-advisor-sas-apiserver-5fd8d44bc9-7bvkn started at 2018-09-17 07:19:09 +0000 UTC (0+3 container statuses recorded)&#xA;Sep 19 08:11:19.523: INFO: &#x9;Container icp-audit-service ready: true, restart count 0&#xA;Sep 19 08:11:19.523: INFO: &#x9;Container sas-api-server ready: true, restart count 0&#xA;Sep 19 08:11:19.523: INFO: &#x9;Container sas-proxy-server ready: true, restart count 0&#xA;Sep 19 08:11:19.523: INFO: vulnerability-advisor-zookeeper-0 started at 2018-09-17 07:19:15 +0000 UTC (0+1 container statuses recorded)&#xA;Sep 19 08:11:19.523: INFO: &#x9;Container zookeeper-server ready: true, restart count 0&#xA;Sep 19 08:11:19.523: INFO: vulnerability-advisor-compliance-annotator-d5659b9d9-kmn8q started at 2018-09-17 07:19:03 +0000 UTC (0+1 container statuses recorded)&#xA;Sep 19 08:11:19.523: INFO: &#x9;Container compliance-annotator ready: true, restart count 4&#xA;Sep 19 08:11:19.523: INFO: vulnerability-advisor-rootkit-annotator-74cb65b5cf-2dk5j started at 2018-09-17 07:19:08 +0000 UTC (0+1 container statuses recorded)&#xA;Sep 19 08:11:19.523: INFO: &#x9;Container rootkit-annotator ready: true, restart count 3&#xA;Sep 19 08:11:19.523: INFO: vulnerability-advisor-sas-mgmt-64fb95bc44-j9vjc started at 2018-09-17 07:19:08 +0000 UTC (0+1 container statuses recorded)&#xA;Sep 19 08:11:19.523: INFO: &#x9;Container sas-mgmt-server ready: true, restart count 0&#xA;Sep 19 08:11:19.523: INFO: monitoring-prometheus-nodeexporter-v4l7d started at 2018-09-17 07:15:44 +0000 UTC (0+2 container statuses recorded)&#xA;Sep 19 08:11:19.523: INFO: &#x9;Container nodeexporter ready: true, restart count 0&#xA;Sep 19 08:11:19.523: INFO: &#x9;Container router ready: true, restart count 0&#xA;Sep 19 08:11:19.523: INFO: vulnerability-advisor-vulnerability-indexer-7c79b4c964-2n8cg started at 2018-09-17 07:19:07 +0000 UTC (0+1 container statuses recorded)&#xA;Sep 19 08:11:19.523: INFO: &#x9;Container py-vulnerability-indexer ready: true, restart count 0&#xA;Sep 19 08:11:19.523: INFO: vulnerability-advisor-secconfig-annotator-7dbcf5d9f4-fkmkb started at 2018-09-17 07:19:10 +0000 UTC (0+1 container statuses recorded)&#xA;Sep 19 08:11:19.523: INFO: &#x9;Container secconfig-annotator ready: true, restart count 0&#xA;Sep 19 08:11:19.523: INFO: vulnerability-advisor-statsd-7746859df4-jjm6f started at 2018-09-17 07:19:10 +0000 UTC (0+1 container statuses recorded)&#xA;Sep 19 08:11:19.523: INFO: &#x9;Container statsd ready: true, restart count 0&#xA;Sep 19 08:11:19.523: INFO: vulnerability-advisor-usncrawler-8h976 started at 2018-09-17 07:19:11 +0000 UTC (0+1 container statuses recorded)&#xA;Sep 19 08:11:19.524: INFO: &#x9;Container usnloader-job ready: false, restart count 0&#xA;Sep 19 08:11:19.524: INFO: calico-node-wsknj started at 2018-09-17 07:05:53 +0000 UTC (0+2 container statuses recorded)&#xA;Sep 19 08:11:19.524: INFO: &#x9;Container calico-node ready: true, restart count 0&#xA;Sep 19 08:11:19.524: INFO: &#x9;Container install-cni ready: true, restart count 0&#xA;Sep 19 08:11:19.524: INFO: vulnerability-advisor-cos-indexer-57899b7dd6-7cpf8 started at 2018-09-17 07:19:04 +0000 UTC (0+1 container statuses recorded)&#xA;Sep 19 08:11:19.524: INFO: &#x9;Container cos-indexer ready: true, restart count 3&#xA;Sep 19 08:11:19.524: INFO: vulnerability-advisor-kafka-0 started at 2018-09-17 07:19:13 +0000 UTC (0+1 container statuses recorded)&#xA;Sep 19 08:11:19.524: INFO: &#x9;Container kafka-server ready: true, restart count 2&#xA;Sep 19 08:11:19.524: INFO: vulnerability-advisor-minio-0 started at 2018-09-17 07:19:16 +0000 UTC (1+1 container statuses recorded)&#xA;Sep 19 08:11:19.524: INFO: &#x9;Init container wait-kafka ready: true, restart count 1&#xA;Sep 19 08:11:19.524: INFO: &#x9;Container minio-server ready: true, restart count 0&#xA;Sep 19 08:11:19.524: INFO: nvidia-device-plugin-w9jr8 started at 2018-09-17 07:07:17 +0000 UTC (1+1 container statuses recorded)&#xA;Sep 19 08:11:19.524: INFO: &#x9;Init container nvidia-driver-collector ready: true, restart count 0&#xA;Sep 19 08:11:19.524: INFO: &#x9;Container nvidia-device-plugin ready: true, restart count 0&#xA;Sep 19 08:11:19.524: INFO: metering-reader-gsrdg started at 2018-09-17 07:14:11 +0000 UTC (1+1 container statuses recorded)&#xA;Sep 19 08:11:19.524: INFO: &#x9;Init container metering-reader-init ready: true, restart count 1&#xA;Sep 19 08:11:19.524: INFO: &#x9;Container metering-reader ready: true, restart count 0&#xA;Sep 19 08:11:19.524: INFO: logging-elk-filebeat-ds-vpk48 started at 2018-09-17 07:15:20 +0000 UTC (0+1 container statuses recorded)&#xA;Sep 19 08:11:19.524: INFO: &#x9;Container filebeat ready: true, restart count 0&#xA;Sep 19 08:11:19.524: INFO: vulnerability-advisor-password-annotator-79b5d794b5-wnwqn started at 2018-09-17 07:19:05 +0000 UTC (0+1 container statuses recorded)&#xA;Sep 19 08:11:19.524: INFO: &#x9;Container config-parser ready: true, restart count 3&#xA;Sep 19 08:11:19.524: INFO: vulnerability-advisor-vulnerability-annotator-bcbf5595f-hxwst started at 2018-09-17 07:19:10 +0000 UTC (0+1 container statuses recorded)&#xA;Sep 19 08:11:19.524: INFO: &#x9;Container va-annotator ready: true, restart count 3&#xA;Sep 19 08:11:19.524: INFO: audit-logging-fluentd-ds-8bh4t started at 2018-09-17 07:18:46 +0000 UTC (0+1 container statuses recorded)&#xA;Sep 19 08:11:19.524: INFO: &#x9;Container fluentd ready: true, restart count 0&#xA;Sep 19 08:11:19.524: INFO: vulnerability-advisor-live-crawler-84st2 started at 2018-09-17 07:19:03 +0000 UTC (0+1 container statuses recorded)&#xA;Sep 19 08:11:19.524: INFO: &#x9;Container live-crawler ready: true, restart count 0&#xA;Sep 19 08:11:19.524: INFO: vulnerability-advisor-process-ma-annotator-58f47d5b5f-xbxrc started at 2018-09-17 07:19:06 +0000 UTC (0+2 container statuses recorded)&#xA;Sep 19 08:11:19.524: INFO: &#x9;Container icp-audit-service ready: true, restart count 0&#xA;Sep 19 08:11:19.524: INFO: &#x9;Container process-ma-annotator ready: true, restart count 2&#xA;Sep 19 08:11:19.524: INFO: vulnerability-advisor-compliance-indexer-7cbdc64b57-47lmd started at 2018-09-17 07:19:07 +0000 UTC (0+1 container statuses recorded)&#xA;Sep 19 08:11:19.524: INFO: &#x9;Container py-compliance-indexer ready: true, restart count 0&#xA;Sep 19 08:11:19.524: INFO: vulnerability-advisor-minio-cleaner-1537228740-55f4w started at 2018-09-17 23:59:03 +0000 UTC (0+1 container statuses recorded)&#xA;Sep 19 08:11:19.524: INFO: &#x9;Container cleaner ready: false, restart count 0&#xA;Sep 19 08:11:19.524: INFO: vulnerability-advisor-process-ma-annotator-58f47d5b5f-4wglg started at 2018-09-17 07:19:06 +0000 UTC (0+2 container statuses recorded)&#xA;Sep 19 08:11:19.524: INFO: &#x9;Container icp-audit-service ready: true, restart count 0&#xA;Sep 19 08:11:19.524: INFO: &#x9;Container process-ma-annotator ready: true, restart count 1&#xA;Sep 19 08:11:19.524: INFO: vulnerability-advisor-rootkit-indexer-cd8b4646b-xlhwq started at 2018-09-17 07:19:07 +0000 UTC (0+1 container statuses recorded)&#xA;Sep 19 08:11:19.524: INFO: &#x9;Container py-rootkit-indexer ready: true, restart count 0&#xA;Sep 19 08:11:19.524: INFO: vulnerability-advisor-secconfig-indexer-674647df7c-qq5ff started at 2018-09-17 07:19:07 +0000 UTC (0+1 container statuses recorded)&#xA;Sep 19 08:11:19.524: INFO: &#x9;Container py-secconfig-indexer ready: true, restart count 0&#xA;Sep 19 08:11:19.524: INFO: k8s-proxy-10.46.6.172 started at &lt;nil&gt; (0+0 container statuses recorded)&#xA;Sep 19 08:11:19.524: INFO: vulnerability-advisor-process-ma-crawler-24z6k started at 2018-09-17 07:19:03 +0000 UTC (0+1 container statuses recorded)&#xA;Sep 19 08:11:19.524: INFO: &#x9;Container process-ma-crawler ready: true, restart count 0&#xA;Sep 19 08:11:19.524: INFO: vulnerability-advisor-config-parser-5d44b78fd5-z4k9t started at 2018-09-17 07:19:04 +0000 UTC (0+1 container statuses recorded)&#xA;Sep 19 08:11:19.524: INFO: &#x9;Container config-parser ready: true, restart count 4&#xA;Sep 19 08:11:19.524: INFO: vulnerability-advisor-notification-dispatcher-86f8bf4b4d-cfdzb started at 2018-09-17 07:19:04 +0000 UTC (0+1 container statuses recorded)&#xA;Sep 19 08:11:19.524: INFO: &#x9;Container notification-dispatcher ready: true, restart count 3&#xA;Sep 19 08:11:19.524: INFO: vulnerability-advisor-process-ma-annotator-init-869545d547nn27w started at 2018-09-17 07:19:06 +0000 UTC (0+1 container statuses recorded)&#xA;Sep 19 08:11:19.524: INFO: &#x9;Container process-ma-annotator ready: true, restart count 0&#xA;Sep 19 08:11:19.524: INFO: vulnerability-advisor-registry-crawler-6f9568677b-bfpm6 started at 2018-09-17 07:19:08 +0000 UTC (0+1 container statuses recorded)&#xA;Sep 19 08:11:19.524: INFO: &#x9;Container reg-crawler ready: true, restart count 0&#xA;Sep 19 08:11:19.524: INFO: vulnerability-advisor-minio-cleaner-1537315140-nqk7v started at 2018-09-18 23:59:04 +0000 UTC (0+1 container statuses recorded)&#xA;Sep 19 08:11:19.524: INFO: &#x9;Container cleaner ready: false, restart count 0&#xA;Sep 19 08:11:19.565: INFO: &#xA;Latency metrics for node 10.46.6.172&#xA;Sep 19 08:11:19.565: INFO: &#xA;Logging node info for node 10.46.6.173&#xA;Sep 19 08:11:19.569: INFO: Node Info: &amp;Node{ObjectMeta:k8s_io_apimachinery_pkg_apis_meta_v1.ObjectMeta{Name:10.46.6.173,GenerateName:,Namespace:,SelfLink:/api/v1/nodes/10.46.6.173,UID:3dc7268b-ba44-11e8-b20e-fa163e707b2e,ResourceVersion:465265,Generation:0,CreationTimestamp:2018-09-17 06:38:09 +0000 UTC,DeletionTimestamp:&lt;nil&gt;,DeletionGracePeriodSeconds:nil,Labels:map[string]string{beta.kubernetes.io/arch: amd64,beta.kubernetes.io/os: linux,etcd: true,kubernetes.io/hostname: 10.46.6.173,master: true,node-role.kubernetes.io/etcd: true,node-role.kubernetes.io/master: true,node-role.kubernetes.io/proxy: true,proxy: true,role: master,},Annotations:map[string]string{node.alpha.kubernetes.io/ttl: 0,volumes.kubernetes.io/controller-managed-attach-detach: true,},OwnerReferences:[],Finalizers:[],ClusterName:,Initializers:nil,},Spec:NodeSpec{PodCIDR:,DoNotUse_ExternalID:,ProviderID:,Unschedulable:false,Taints:[{dedicated proxy NoSchedule &lt;nil&gt;}],ConfigSource:nil,},Status:NodeStatus{Capacity:ResourceList{cpu: {{32 0} {&lt;nil&gt;} 32 DecimalSI},ephemeral-storage: {{107362627584 0} {&lt;nil&gt;} 104846316Ki BinarySI},hugepages-1Gi: {{0 0} {&lt;nil&gt;} 0 DecimalSI},hugepages-2Mi: {{0 0} {&lt;nil&gt;} 0 DecimalSI},memory: {{135202160640 0} {&lt;nil&gt;}  BinarySI},pods: {{320 0} {&lt;nil&gt;} 320 DecimalSI},},Allocatable:ResourceList{cpu: {{32 0} {&lt;nil&gt;} 32 DecimalSI},ephemeral-storage: {{107257769984 0} {&lt;nil&gt;} 104743916Ki BinarySI},hugepages-1Gi: {{0 0} {&lt;nil&gt;} 0 DecimalSI},hugepages-2Mi: {{0 0} {&lt;nil&gt;} 0 DecimalSI},memory: {{135097303040 0} {&lt;nil&gt;}  BinarySI},pods: {{320 0} {&lt;nil&gt;} 320 DecimalSI},},Phase:,Conditions:[{OutOfDisk False 2018-09-19 08:11:15 +0000 UTC 2018-09-17 06:38:09 +0000 UTC KubeletHasSufficientDisk kubelet has sufficient disk space available} {MemoryPressure False 2018-09-19 08:11:15 +0000 UTC 2018-09-17 06:38:09 +0000 UTC KubeletHasSufficientMemory kubelet has sufficient memory available} {DiskPressure False 2018-09-19 08:11:15 +0000 UTC 2018-09-17 06:38:09 +0000 UTC KubeletHasNoDiskPressure kubelet has no disk pressure} {PIDPressure False 2018-09-19 08:11:15 +0000 UTC 2018-09-17 06:38:09 +0000 UTC KubeletHasSufficientPID kubelet has sufficient PID available} {Ready True 2018-09-19 08:11:15 +0000 UTC 2018-09-17 07:06:09 +0000 UTC KubeletReady kubelet is posting ready status}],Addresses:[{InternalIP 10.46.6.173} {Hostname 10.46.6.173}],DaemonEndpoints:NodeDaemonEndpoints{KubeletEndpoint:DaemonEndpoint{Port:10250,},},NodeInfo:NodeSystemInfo{MachineID:52ca0d2c3fb341c79b059a96d10571a6,SystemUUID:DA83D170-F88E-40EB-A0A3-2918CD5F6005,BootID:806b09ea-0a42-4719-bbaa-13e375c7b62f,KernelVersion:3.10.0-862.9.1.el7.x86_64,OSImage:Red Hat Enterprise Linux,ContainerRuntimeVersion:docker://18.3.1,KubeletVersion:v1.11.1+icp-ee,KubeProxyVersion:v1.11.1+icp-ee,OperatingSystem:linux,Architecture:amd64,},Images:[{[lzj.icp:8500/ibmcom/statsd-amd64@sha256:5ee11bc24bced45a77d9d630348680f319c09d9d3b2230b04518d1e2a5263ae2 lzj.icp:8500/ibmcom/statsd-amd64:0.7.2.1 lzj.icp:8500/ibmcom/statsd:0.7.2.1] 1234731808} {[lzj.icp:8500/ibmcom/kafka-amd64@sha256:0d6d348ccd7aa2854d60791331280e58db92029a522c8bfb3eb40c7c0913ca8f lzj.icp:8500/ibmcom/kafka-amd64:0.10.0.2 lzj.icp:8500/ibmcom/kafka:0.10.0.2] 1114805679} {[lzj.icp:8500/ibmcom/iam-token-service-amd64@sha256:9211161e5b5b9d892a99b46fad4429333ceb7143b4039419df7ea0efa36381a9 lzj.icp:8500/ibmcom/iam-token-service-amd64:3.1.0 lzj.icp:8500/ibmcom/iam-token-service:3.1.0] 1051060152} {[lzj.icp:8500/ibmcom/icp-platform-auth-amd64@sha256:abc258009b8696a83214b7a9d9df63f6d83e19cfca2987c4836b0eadfa4c99c7 lzj.icp:8500/ibmcom/icp-platform-auth-amd64:3.1.0 lzj.icp:8500/ibmcom/icp-platform-auth:3.1.0] 1028283742} {[lzj.icp:8500/ibmcom/reg-crawler-amd64@sha256:9e5d4ebbac3dd6cbf9f892b5bd634f89fae3d4b2e6a23debd3ecd322e3eb817e lzj.icp:8500/ibmcom/reg-crawler-amd64:1.3.1 lzj.icp:8500/ibmcom/reg-crawler:1.3.1] 1007817363} {[lzj.icp:8500/ibmcom/live-crawler-amd64@sha256:37a79ec87bd3c8b9af25cf1e25f4f14281ffb9f5ebeaf61c0b7c8a5799baf782 lzj.icp:8500/ibmcom/live-crawler-amd64:1.3.1 lzj.icp:8500/ibmcom/live-crawler:1.3.1] 987515538} {[lzj.icp:8500/ibmcom/cos-indexer-amd64@sha256:adf28ff960ebdcbfcfa5e4522b81aa3565338f8d640dad611a1c3f0d3894393b lzj.icp:8500/ibmcom/cos-indexer-amd64:1.3.1 lzj.icp:8500/ibmcom/cos-indexer:1.3.1] 846578165} {[lzj.icp:8500/ibmcom/secure-config-annotator-amd64@sha256:26e845c6a252e0c5ae73e764645993b3270e289d1a2e9784b06ddd7898ca45d9 lzj.icp:8500/ibmcom/secure-config-annotator-amd64:1.3.1 lzj.icp:8500/ibmcom/secure-config-annotator:1.3.1] 835555196} {[lzj.icp:8500/ibmcom/hyperkube-amd64@sha256:9eaadf7c2a417ee2a9a219e2eadf21884742199a484be2ca737f0e8a178d490a lzj.icp:8500/ibmcom/hyperkube-amd64:v1.11.1-ee lzj.icp:8500/ibmcom/hyperkube:v1.11.1-ee] 782626408} {[lzj.icp:8500/ibmcom/compliance-annotator-amd64@sha256:5d8bbbef3a7dc54ba9addb256d2aa8a3f7d5c27a454ff4b7ee583b217dac2ce4 lzj.icp:8500/ibmcom/compliance-annotator-amd64:1.3.1 lzj.icp:8500/ibmcom/compliance-annotator:1.3.1] 773932738} {[lzj.icp:8500/ibmcom/icp-logstash-amd64@sha256:02a683ee6ad9eeed7ea8ebb1de713aaf902a9e20a39ccc0294ee1f947f1bbd73 lzj.icp:8500/ibmcom/icp-logstash-amd64:5.5.1 lzj.icp:8500/ibmcom/icp-logstash:5.5.1] 764906887} {[lzj.icp:8500/ibmcom/process-ma-hf-amd64@sha256:ef0d164350d07600f8037082db7d98cf81b9c554d8a60692ae90b8d0239a8cdc lzj.icp:8500/ibmcom/process-ma-hf-amd64:1.3.1 lzj.icp:8500/ibmcom/process-ma-hf:1.3.1] 758635128} {[lzj.icp:8500/ibmcom/vulnerability-annotator-amd64@sha256:febedf85b65e0d1800e67249274d474d4ce67e8041e81487f76bce727cb39bd4 lzj.icp:8500/ibmcom/vulnerability-annotator-amd64:1.3.1 lzj.icp:8500/ibmcom/vulnerability-annotator:1.3.1] 757013017} {[lzj.icp:8500/ibmcom/py-generic-indexer-amd64@sha256:45cb17e23e15f4dfe44471309af12f0655aad5f8e859c718f393290f220b02b2 lzj.icp:8500/ibmcom/py-generic-indexer-amd64:1.3.1 lzj.icp:8500/ibmcom/py-generic-indexer:1.3.1] 755588945} {[lzj.icp:8500/ibmcom/icp-inception-amd64@sha256:1dad180d14ae732d17ca5cf41b87dbb316c072323f186d60a08a753f904eb5b2 ibmcom/icp-inception-amd64:3.1.0-ee lzj.icp:8500/ibmcom/icp-inception-amd64:3.1.0-ee lzj.icp:8500/ibmcom/icp-inception:3.1.0-ee] 744155119} {[lzj.icp:8500/ibmcom/config-parser-amd64@sha256:7d721e0b5a827921ac16fa9e7570db225211e6dd700cdeaba1d28ba02ff8ef6d lzj.icp:8500/ibmcom/config-parser-amd64:1.3.1 lzj.icp:8500/ibmcom/config-parser:1.3.1] 739243486} {[lzj.icp:8500/ibmcom/iam-policy-administration-amd64@sha256:e1941aa09a5b692505cb3be3e497d3ff9acb900786b9a2c8c4c00d0243b37dd0 lzj.icp:8500/ibmcom/iam-policy-administration-amd64:3.1.0 lzj.icp:8500/ibmcom/iam-policy-administration:3.1.0] 711947327} {[lzj.icp:8500/ibmcom/password-annotator-amd64@sha256:bca1b6b222d8ea8ade174a8cc1a549f161d75d3e9d69881f08a1fb316a8e27d3 lzj.icp:8500/ibmcom/password-annotator-amd64:1.3.1 lzj.icp:8500/ibmcom/password-annotator:1.3.1] 707627907} {[lzj.icp:8500/ibmcom/notification-dispatcher-amd64@sha256:ec8dfbc351a0d758488f9f8bfa17c3182a5c02819a6ebf7144ab914a2233cf57 lzj.icp:8500/ibmcom/notification-dispatcher-amd64:1.3.1 lzj.icp:8500/ibmcom/notification-dispatcher:1.3.1] 707588442} {[lzj.icp:8500/ibmcom/sas-base-amd64@sha256:9651b1149c62d5a0968aaeffe71f2da68cd7e07ff8d7ea67538278c00ab08457 lzj.icp:8500/ibmcom/sas-base-amd64:1.3.1 lzj.icp:8500/ibmcom/sas-base:1.3.1] 653746081} {[lzj.icp:8500/ibmcom/ma-file-annotator-amd64@sha256:8caa6280fd845fd524ad874a6b243510ebf085d58c989229020fcfc743492632 lzj.icp:8500/ibmcom/ma-file-annotator-amd64:1.3.1 lzj.icp:8500/ibmcom/ma-file-annotator:1.3.1] 653745236} {[lzj.icp:8500/ibmcom/icp-kibana-amd64@sha256:8b69887ac5297e1d2e68b9c2ce885b9a888f6c278ca1538acb0f03206b48502a lzj.icp:8500/ibmcom/icp-kibana-amd64:5.5.1 lzj.icp:8500/ibmcom/icp-kibana:5.5.1] 639622018} {[lzj.icp:8500/ibmcom/icp-platform-api-amd64@sha256:1fc47925c2611aef12631b3f3806308f55a298074aebc561fd04cf8a7691c669 lzj.icp:8500/ibmcom/icp-platform-api-amd64:3.1.0 lzj.icp:8500/ibmcom/icp-platform-api:3.1.0] 612589125} {[lzj.icp:8500/ibmcom/iam-policy-decision-amd64@sha256:d49eb3845c57bb8370a477949d92da10a178b81ade50f0e9d970981fadd6686d lzj.icp:8500/ibmcom/iam-policy-decision-amd64:3.1.0 lzj.icp:8500/ibmcom/iam-policy-decision:3.1.0] 559718344} {[lzj.icp:8500/ibmcom/rootkit-annotator-amd64@sha256:caf6c24136b8785d901f346a640d673b55fe105c3617cfcb432ee2006f5b1cf4 lzj.icp:8500/ibmcom/rootkit-annotator-amd64:1.3.1 lzj.icp:8500/ibmcom/rootkit-annotator:1.3.1] 549434506} {[lzj.icp:8500/ibmcom/icp-elasticsearch-amd64@sha256:0063a7a931ca4e52d8f7a51f2bdb010345f4373b5b904b52e5c8a48ec0c1fde7 lzj.icp:8500/ibmcom/icp-elasticsearch-amd64:5.5.1 lzj.icp:8500/ibmcom/icp-elasticsearch:5.5.1] 520121248} {[lzj.icp:8500/ibmcom/logging-pki-init-amd64@sha256:cc4bfa085e1ae99120ee526acd3e62d205e10de6f1c773c521fc5b933914f6a8 lzj.icp:8500/ibmcom/logging-pki-init-amd64:2.0.0 lzj.icp:8500/ibmcom/logging-pki-init:2.0.0] 501921135} {[lzj.icp:8500/ibmcom/searchguard-init-amd64@sha256:d19ce1d27f406945d4ed78b0f07007998c2ab3889086e502924847c2186db546 lzj.icp:8500/ibmcom/searchguard-init-amd64:2.0.0 lzj.icp:8500/ibmcom/searchguard-init:2.0.0] 457030441} {[lzj.icp:8500/ibmcom/metering-ui-amd64@sha256:3628a8fe41183c08ea0b02e2e798e3649e4aebe2c2405c34572b9eb7c7c4d9a8 lzj.icp:8500/ibmcom/metering-ui-amd64:3.1.0 lzj.icp:8500/ibmcom/metering-ui:3.1.0] 385577105} {[lzj.icp:8500/ibmcom/heketi-amd64@sha256:c5b579a4f219c87990f861eb61de86cb9cfb51b6d230b8c299df7d9fd3d02d0e lzj.icp:8500/ibmcom/heketi-amd64:v7.0.0 lzj.icp:8500/ibmcom/heketi:v7.0.0] 384720377} {[lzj.icp:8500/ibmcom/icp-mongodb-amd64@sha256:a305ae8bc309898d86bf60aee968846db3602f77b25924640d5f08a2389ee99d lzj.icp:8500/ibmcom/icp-mongodb-amd64:3.1.0 lzj.icp:8500/ibmcom/icp-mongodb:3.1.0] 379353410} {[lzj.icp:8500/ibmcom/icp-catalog-ui-amd64@sha256:33993b4eab189e3c78fe27799017da770d47523cf6831460741008bf91297d6d lzj.icp:8500/ibmcom/icp-catalog-ui-amd64:3.1.0 lzj.icp:8500/ibmcom/icp-catalog-ui:3.1.0] 363781304} {[lzj.icp:8500/ibmcom/nginx-ingress-controller-amd64@sha256:63b48dd3ba635aa65409f7d6a319e293697810c1b9e885e6255bebf36a2506ab lzj.icp:8500/ibmcom/nginx-ingress-controller-amd64:0.16.2 lzj.icp:8500/ibmcom/nginx-ingress-controller:0.16.2] 361632894} {[lzj.icp:8500/ibmcom/mariadb-amd64@sha256:1f9876179c32fcf463804f75cbf2fb031106edf2be9d5dbf6705375ca53930bb lzj.icp:8500/ibmcom/mariadb-amd64:10.2.17 lzj.icp:8500/ibmcom/mariadb:10.2.17] 358991946} {[lzj.icp:8500/ibmcom/k8szk-amd64@sha256:a9ee22a4df14654552a02303e4560623244683692fd298dd2fb71e9dd66219f3 lzj.icp:8500/ibmcom/k8szk-amd64:v3 lzj.icp:8500/ibmcom/k8szk:v3] 331472973} {[lzj.icp:8500/ibmcom/gluster-amd64@sha256:647caedb536eb7b8c5c8b0a2b69e52d2a34be9e6c9c7b9c1b21d14fcfa261886 lzj.icp:8500/ibmcom/gluster-amd64:v4.0.2 lzj.icp:8500/ibmcom/gluster:v4.0.2] 324265531} {[lzj.icp:8500/ibmcom/istio-grafana-amd64@sha256:381a2dd3a5addbc5d43920bc19bb15ba6dbd422e4a9d91163108e72c5a63234c lzj.icp:8500/ibmcom/istio-grafana-amd64:1.0.0.1 lzj.icp:8500/ibmcom/istio-grafana:1.0.0.1] 324187770} {[lzj.icp:8500/ibmcom/icp-filebeat-amd64@sha256:03af9b78dad6c2ba857975d10c81e781460796dff1ff1163ea4596f4aa10601d lzj.icp:8500/ibmcom/icp-filebeat-amd64:5.5.1 lzj.icp:8500/ibmcom/icp-filebeat:5.5.1] 317104874} {[lzj.icp:8500/ibmcom/istio-proxyv2-amd64@sha256:cd77e75fa85ce74914e1b7b0bef980ece8a62ef0d776c9ef51a0d7d30b4b64a0 lzj.icp:8500/ibmcom/istio-proxyv2-amd64:1.0.0.1 lzj.icp:8500/ibmcom/istio-proxyv2:1.0.0.1] 311276139} {[lzj.icp:8500/ibmcom/istio-pilot-amd64@sha256:63352073a964037fd37f6150228231d2e5eca7e0c2920405d6269326d3c54263 lzj.icp:8500/ibmcom/istio-pilot-amd64:1.0.0.1 lzj.icp:8500/ibmcom/istio-pilot:1.0.0.1] 309502004} {[lzj.icp:8500/ibmcom/fluentd-amd64@sha256:384a99b8d941c93f96ee5b5cbae5b70500219a3f71c73cf4eddd20d9d693e3b3 lzj.icp:8500/ibmcom/fluentd-amd64:v1.2.2-icp lzj.icp:8500/ibmcom/fluentd:v1.2.2-icp] 270902701} {[lzj.icp:8500/ibmcom/icp-identity-manager-amd64@sha256:632f31acd0fcfc3d0cebea31cfb71018f6712bd1a1b4da7476942b3c23aa3521 lzj.icp:8500/ibmcom/icp-identity-manager-amd64:3.1.0 lzj.icp:8500/ibmcom/icp-identity-manager:3.1.0] 268667523} {[lzj.icp:8500/ibmcom/elasticsearch-plugin-searchguard-amd64@sha256:28f88d06bbbc073162702064c1be4ad06272e9021cbc0f929ba8c6da2ca25ae6 lzj.icp:8500/ibmcom/elasticsearch-plugin-searchguard-amd64:2.0.0 lzj.icp:8500/ibmcom/elasticsearch-plugin-searchguard:2.0.0] 267864279} {[lzj.icp:8500/ibmcom/kiali-amd64@sha256:bec63b454cf2e597c61f6a9943144050e5e6fc7a4f6474bc3bb6b627ba20c71c lzj.icp:8500/ibmcom/kiali-amd64:istio-release-1.0.0.1 lzj.icp:8500/ibmcom/kiali:istio-release-1.0.0.1] 265771300} {[lzj.icp:8500/ibmcom/calico-node-amd64@sha256:9871f4dde9eab9fd804b12f3114da36505ff5c220e2323b7434eec24e3b23ac5 lzj.icp:8500/ibmcom/calico-node-amd64:v3.1.3 lzj.icp:8500/ibmcom/calico-node:v3.1.3] 248202699} {[lzj.icp:8500/ibmcom/grafana-amd64@sha256:dc3566257a0c716caedfb33127d8ee385290c1dda006bebfb75c376d56b30c88 lzj.icp:8500/ibmcom/grafana-amd64:5.2.0 lzj.icp:8500/ibmcom/grafana:5.2.0] 245297582} {[lzj.icp:8500/ibmcom/indices-cleaner-amd64@sha256:e6c6453d54012488e9ebfaa9e4d829f567d8e66b24c1613e6d88ca192ed5e85b lzj.icp:8500/ibmcom/indices-cleaner-amd64:1.0.0 lzj.icp:8500/ibmcom/indices-cleaner:1.0.0] 238131553} {[lzj.icp:8500/ibmcom/icp-identity-provider-amd64@sha256:24dba8b07c8295eef99abbf8d83041908516e4e50e4e4cfbbbcd53bdf415dda1 lzj.icp:8500/ibmcom/icp-identity-provider-amd64:3.1.0 lzj.icp:8500/ibmcom/icp-identity-provider:3.1.0] 224286517} {[lzj.icp:8500/ibmcom/curl-amd64@sha256:aad05b4e4529f7e70516d8d3028cae6cd1d50de738ce164f2a532ce2470ac43f lzj.icp:8500/ibmcom/curl-amd64:4.0.0 lzj.icp:8500/ibmcom/curl:4.0.0] 221192597} {[lzj.icp:8500/ibmcom/icp-audit-service-amd64@sha256:9add202c06a43da647380c860d9139fa059701fe103c1f229281215bf99dbbd3 lzj.icp:8500/ibmcom/icp-audit-service-amd64:3.1.0 lzj.icp:8500/ibmcom/icp-audit-service:3.1.0] 215897363}],VolumesInUse:[],VolumesAttached:[],Config:&amp;NodeConfigStatus{Assigned:nil,Active:nil,LastKnownGood:nil,Error:,},},}&#xA;Sep 19 08:11:19.570: INFO: &#xA;Logging kubelet events for node 10.46.6.173&#xA;Sep 19 08:11:19.574: INFO: &#xA;Logging pods the kubelet thinks is on node 10.46.6.173&#xA;Sep 19 08:11:19.614: INFO: icp-mongodb-0 started at 2018-09-17 07:07:42 +0000 UTC (2+1 container statuses recorded)&#xA;Sep 19 08:11:19.614: INFO: &#x9;Init container install ready: true, restart count 0&#xA;Sep 19 08:11:19.614: INFO: &#x9;Init container bootstrap ready: true, restart count 0&#xA;Sep 19 08:11:19.614: INFO: &#x9;Container icp-mongodb ready: true, restart count 0&#xA;Sep 19 08:11:19.614: INFO: catalog-ui-5rtkh started at 2018-09-17 07:15:57 +0000 UTC (0+1 container statuses recorded)&#xA;Sep 19 08:11:19.614: INFO: &#x9;Container catalog-ui ready: true, restart count 0&#xA;Sep 19 08:11:19.614: INFO: istio-policy-5b64d7fd64-jrlzt started at 2018-09-17 07:23:11 +0000 UTC (0+2 container statuses recorded)&#xA;Sep 19 08:11:19.614: INFO: &#x9;Container istio-proxy ready: true, restart count 0&#xA;Sep 19 08:11:19.614: INFO: &#x9;Container mixer ready: true, restart count 0&#xA;Sep 19 08:11:19.614: INFO: calico-kube-controllers-dcb8cc97c-gtsqp started at 2018-09-17 07:05:53 +0000 UTC (0+1 container statuses recorded)&#xA;Sep 19 08:11:19.614: INFO: &#x9;Container calico-kube-controllers ready: true, restart count 0&#xA;Sep 19 08:11:19.614: INFO: k8s-etcd-10.46.6.173 started at &lt;nil&gt; (0+0 container statuses recorded)&#xA;Sep 19 08:11:19.614: INFO: image-manager-0 started at 2018-09-17 06:38:56 +0000 UTC (0+2 container statuses recorded)&#xA;Sep 19 08:11:19.614: INFO: &#x9;Container icp-registry ready: true, restart count 0&#xA;Sep 19 08:11:19.614: INFO: &#x9;Container image-manager ready: true, restart count 0&#xA;Sep 19 08:11:19.614: INFO: platform-deploy-dbbks started at 2018-09-17 07:08:45 +0000 UTC (0+1 container statuses recorded)&#xA;Sep 19 08:11:19.614: INFO: &#x9;Container platform-deploy ready: true, restart count 0&#xA;Sep 19 08:11:19.614: INFO: auth-apikeys-x45mz started at 2018-09-17 07:10:12 +0000 UTC (0+1 container statuses recorded)&#xA;Sep 19 08:11:19.614: INFO: &#x9;Container auth-apikeys ready: true, restart count 0&#xA;Sep 19 08:11:19.614: INFO: istio-policy-5b64d7fd64-fb4bc started at 2018-09-17 07:27:37 +0000 UTC (0+2 container statuses recorded)&#xA;Sep 19 08:11:19.614: INFO: &#x9;Container istio-proxy ready: true, restart count 0&#xA;Sep 19 08:11:19.614: INFO: &#x9;Container mixer ready: true, restart count 0&#xA;Sep 19 08:11:19.614: INFO: k8s-proxy-10.46.6.173 started at &lt;nil&gt; (0+0 container statuses recorded)&#xA;Sep 19 08:11:19.614: INFO: istio-policy-5b64d7fd64-z68j4 started at 2018-09-17 07:19:38 +0000 UTC (0+2 container statuses recorded)&#xA;Sep 19 08:11:19.614: INFO: &#x9;Container istio-proxy ready: true, restart count 0&#xA;Sep 19 08:11:19.614: INFO: &#x9;Container mixer ready: true, restart count 0&#xA;Sep 19 08:11:19.614: INFO: istio-ingressgateway-7bc96d6585-r98nr started at 2018-09-17 07:28:10 +0000 UTC (0+1 container statuses recorded)&#xA;Sep 19 08:11:19.614: INFO: &#x9;Container istio-ingressgateway ready: true, restart count 0&#xA;Sep 19 08:11:19.614: INFO: istio-policy-5b64d7fd64-pt9z2 started at 2018-09-17 07:17:30 +0000 UTC (0+2 container statuses recorded)&#xA;Sep 19 08:11:19.614: INFO: &#x9;Container istio-proxy ready: true, restart count 0&#xA;Sep 19 08:11:19.614: INFO: &#x9;Container mixer ready: true, restart count 0&#xA;Sep 19 08:11:19.614: INFO: helm-repo-5649f57447-wwdn4 started at 2018-09-17 07:13:54 +0000 UTC (1+2 container statuses recorded)&#xA;Sep 19 08:11:19.614: INFO: &#x9;Init container helm-repo-init ready: true, restart count 0&#xA;Sep 19 08:11:19.614: INFO: &#x9;Container audit-service ready: true, restart count 0&#xA;Sep 19 08:11:19.614: INFO: &#x9;Container helm-repo ready: true, restart count 0&#xA;Sep 19 08:11:19.614: INFO: metering-reader-l7284 started at 2018-09-17 07:14:11 +0000 UTC (1+1 container statuses recorded)&#xA;Sep 19 08:11:19.614: INFO: &#x9;Init container metering-reader-init ready: true, restart count 0&#xA;Sep 19 08:11:19.614: INFO: &#x9;Container metering-reader ready: true, restart count 0&#xA;Sep 19 08:11:19.614: INFO: istio-statsd-prom-bridge-66cb69b666-p76m8 started at 2018-09-17 07:17:29 +0000 UTC (0+1 container statuses recorded)&#xA;Sep 19 08:11:19.614: INFO: &#x9;Container statsd-prom-bridge ready: true, restart count 0&#xA;Sep 19 08:11:19.614: INFO: servicegraph-85578d8fc6-m62z4 started at 2018-09-17 07:17:32 +0000 UTC (0+1 container statuses recorded)&#xA;Sep 19 08:11:19.614: INFO: &#x9;Container servicegraph ready: true, restart count 0&#xA;Sep 19 08:11:19.614: INFO: mgmt-repo-57dc689b74-tmp44 started at 2018-09-17 07:17:51 +0000 UTC (1+2 container statuses recorded)&#xA;Sep 19 08:11:19.614: INFO: &#x9;Init container mgmt-repo-init ready: true, restart count 0&#xA;Sep 19 08:11:19.614: INFO: &#x9;Container audit-service ready: true, restart count 0&#xA;Sep 19 08:11:19.614: INFO: &#x9;Container mgmt-repo ready: true, restart count 0&#xA;Sep 19 08:11:19.614: INFO: istio-egressgateway-54448bcdbd-lhh5c started at 2018-09-17 07:20:07 +0000 UTC (0+1 container statuses recorded)&#xA;Sep 19 08:11:19.614: INFO: &#x9;Container istio-egressgateway ready: true, restart count 0&#xA;Sep 19 08:11:19.614: INFO: istio-ingressgateway-7bc96d6585-4qnc5 started at 2018-09-17 07:24:14 +0000 UTC (0+1 container statuses recorded)&#xA;Sep 19 08:11:19.614: INFO: &#x9;Container istio-ingressgateway ready: true, restart count 0&#xA;Sep 19 08:11:19.614: INFO: auth-idp-kjpmx started at 2018-09-17 07:10:04 +0000 UTC (1+4 container statuses recorded)&#xA;Sep 19 08:11:19.614: INFO: &#x9;Init container init-mariadb ready: true, restart count 0&#xA;Sep 19 08:11:19.614: INFO: &#x9;Container icp-audit-service ready: true, restart count 0&#xA;Sep 19 08:11:19.614: INFO: &#x9;Container platform-auth-service ready: true, restart count 0&#xA;Sep 19 08:11:19.614: INFO: &#x9;Container platform-identity-manager ready: true, restart count 0&#xA;Sep 19 08:11:19.614: INFO: &#x9;Container platform-identity-provider ready: true, restart count 0&#xA;Sep 19 08:11:19.614: INFO: istio-telemetry-8b5964dc7-9q67f started at 2018-09-17 07:31:08 +0000 UTC (0+2 container statuses recorded)&#xA;Sep 19 08:11:19.614: INFO: &#x9;Container istio-proxy ready: true, restart count 0&#xA;Sep 19 08:11:19.614: INFO: &#x9;Container mixer ready: true, restart count 0&#xA;Sep 19 08:11:19.614: INFO: istio-telemetry-8b5964dc7-vjqbq started at 2018-09-17 07:27:36 +0000 UTC (0+2 container statuses recorded)&#xA;Sep 19 08:11:19.614: INFO: &#x9;Container istio-proxy ready: true, restart count 0&#xA;Sep 19 08:11:19.614: INFO: &#x9;Container mixer ready: true, restart count 0&#xA;Sep 19 08:11:19.614: INFO: auth-pap-qb5m2 started at 2018-09-17 07:10:20 +0000 UTC (0+1 container statuses recorded)&#xA;Sep 19 08:11:19.614: INFO: &#x9;Container auth-pap ready: true, restart count 0&#xA;Sep 19 08:11:19.614: INFO: service-catalog-controller-manager-5969cccf86-65phs started at 2018-09-17 07:08:21 +0000 UTC (0+1 container statuses recorded)&#xA;Sep 19 08:11:19.614: INFO: &#x9;Container controller-manager ready: true, restart count 0&#xA;Sep 19 08:11:19.614: INFO: istio-pilot-6cf9ccf474-kkb6j started at 2018-09-17 07:17:31 +0000 UTC (0+2 container statuses recorded)&#xA;Sep 19 08:11:19.615: INFO: &#x9;Container discovery ready: true, restart count 0&#xA;Sep 19 08:11:19.615: INFO: &#x9;Container istio-proxy ready: true, restart count 0&#xA;Sep 19 08:11:19.615: INFO: ibm-cert-manager-cert-manager-74687f689b-7994r started at 2018-09-17 07:07:12 +0000 UTC (0+1 container statuses recorded)&#xA;Sep 19 08:11:19.615: INFO: &#x9;Container ibm-cert-manager ready: true, restart count 0&#xA;Sep 19 08:11:19.615: INFO: nginx-ingress-controller-h5z2v started at 2018-09-17 07:08:28 +0000 UTC (1+1 container statuses recorded)&#xA;Sep 19 08:11:19.615: INFO: &#x9;Init container sysctl ready: true, restart count 0&#xA;Sep 19 08:11:19.615: INFO: &#x9;Container nginx-ingress ready: true, restart count 0&#xA;Sep 19 08:11:19.615: INFO: istio-egressgateway-54448bcdbd-pjbtc started at 2018-09-17 07:28:34 +0000 UTC (0+1 container statuses recorded)&#xA;Sep 19 08:11:19.615: INFO: &#x9;Container istio-egressgateway ready: true, restart count 0&#xA;Sep 19 08:11:19.615: INFO: calico-node-m7d5t started at 2018-09-17 07:05:54 +0000 UTC (0+2 container statuses recorded)&#xA;Sep 19 08:11:19.615: INFO: &#x9;Container calico-node ready: true, restart count 0&#xA;Sep 19 08:11:19.615: INFO: &#x9;Container install-cni ready: true, restart count 0&#xA;Sep 19 08:11:19.615: INFO: grafana-77676f44f7-c9wr6 started at 2018-09-17 07:17:28 +0000 UTC (0+1 container statuses recorded)&#xA;Sep 19 08:11:19.615: INFO: &#x9;Container grafana ready: true, restart count 1&#xA;Sep 19 08:11:19.615: INFO: security-onboarding-tkf79 started at 2018-09-17 07:18:12 +0000 UTC (0+1 container statuses recorded)&#xA;Sep 19 08:11:19.615: INFO: &#x9;Container security-onboarding ready: false, restart count 0&#xA;Sep 19 08:11:19.615: INFO: istio-egressgateway-54448bcdbd-xmkbc started at 2018-09-17 07:24:11 +0000 UTC (0+1 container statuses recorded)&#xA;Sep 19 08:11:19.615: INFO: &#x9;Container istio-egressgateway ready: true, restart count 0&#xA;Sep 19 08:11:19.615: INFO: k8s-master-10.46.6.173 started at &lt;nil&gt; (0+0 container statuses recorded)&#xA;Sep 19 08:11:19.615: INFO: unified-router-lkwnl started at 2018-09-17 07:15:31 +0000 UTC (0+1 container statuses recorded)&#xA;Sep 19 08:11:19.615: INFO: &#x9;Container unified-router ready: true, restart count 0&#xA;Sep 19 08:11:19.615: INFO: istio-ingressgateway-7bc96d6585-smf45 started at 2018-09-17 07:17:28 +0000 UTC (0+1 container statuses recorded)&#xA;Sep 19 08:11:19.615: INFO: &#x9;Container istio-ingressgateway ready: true, restart count 0&#xA;Sep 19 08:11:19.615: INFO: tiller-deploy-6b58875cb-5l8kh started at 2018-09-17 07:05:28 +0000 UTC (0+1 container statuses recorded)&#xA;Sep 19 08:11:19.615: INFO: &#x9;Container tiller ready: true, restart count 0&#xA;Sep 19 08:11:19.615: INFO: platform-ui-6fjgx started at 2018-09-17 07:14:34 +0000 UTC (0+1 container statuses recorded)&#xA;Sep 19 08:11:19.615: INFO: &#x9;Container platform-ui ready: true, restart count 0&#xA;Sep 19 08:11:19.615: INFO: monitoring-prometheus-nodeexporter-f84fv started at 2018-09-17 07:15:45 +0000 UTC (0+2 container statuses recorded)&#xA;Sep 19 08:11:19.615: INFO: &#x9;Container nodeexporter ready: true, restart count 0&#xA;Sep 19 08:11:19.615: INFO: &#x9;Container router ready: true, restart count 0&#xA;Sep 19 08:11:19.615: INFO: prometheus-6f98d89664-wh7pb started at 2018-09-17 07:17:31 +0000 UTC (0+1 container statuses recorded)&#xA;Sep 19 08:11:19.615: INFO: &#x9;Container prometheus ready: true, restart count 0&#xA;Sep 19 08:11:19.615: INFO: vulnerability-advisor-live-crawler-p6khc started at 2018-09-17 07:19:02 +0000 UTC (0+1 container statuses recorded)&#xA;Sep 19 08:11:19.615: INFO: &#x9;Container live-crawler ready: true, restart count 0&#xA;Sep 19 08:11:19.615: INFO: default-backend-54966589c4-4d47g started at 2018-09-17 07:08:29 +0000 UTC (0+1 container statuses recorded)&#xA;Sep 19 08:11:19.615: INFO: &#x9;Container default-backend ready: true, restart count 0&#xA;Sep 19 08:11:19.615: INFO: oidc-client-registration-szxrk started at 2018-09-17 07:10:05 +0000 UTC (0+1 container statuses recorded)&#xA;Sep 19 08:11:19.615: INFO: &#x9;Container oidc-client-registration ready: false, restart count 0&#xA;Sep 19 08:11:19.615: INFO: kiali-7f8c59df94-25qmq started at 2018-09-17 07:17:27 +0000 UTC (0+1 container statuses recorded)&#xA;Sep 19 08:11:19.615: INFO: &#x9;Container kiali ready: true, restart count 0&#xA;Sep 19 08:11:19.615: INFO: service-catalog-apiserver-967x9 started at 2018-09-17 07:08:20 +0000 UTC (0+1 container statuses recorded)&#xA;Sep 19 08:11:19.615: INFO: &#x9;Container apiserver ready: true, restart count 0&#xA;Sep 19 08:11:19.615: INFO: auth-pdp-tk2jm started at 2018-09-17 07:10:28 +0000 UTC (5+2 container statuses recorded)&#xA;Sep 19 08:11:19.615: INFO: &#x9;Init container init-auth-service ready: true, restart count 0&#xA;Sep 19 08:11:19.615: INFO: &#x9;Init container init-identity-provider ready: true, restart count 0&#xA;Sep 19 08:11:19.615: INFO: &#x9;Init container init-identity-manager ready: true, restart count 0&#xA;Sep 19 08:11:19.615: INFO: &#x9;Init container init-token-service ready: true, restart count 0&#xA;Sep 19 08:11:19.615: INFO: &#x9;Init container init-pap ready: true, restart count 0&#xA;Sep 19 08:11:19.615: INFO: &#x9;Container auth-pdp ready: true, restart count 0&#xA;Sep 19 08:11:19.615: INFO: &#x9;Container icp-audit-service ready: true, restart count 0&#xA;Sep 19 08:11:19.615: INFO: icp-management-ingress-x6qn8 started at 2018-09-17 07:10:36 +0000 UTC (0+1 container statuses recorded)&#xA;Sep 19 08:11:19.615: INFO: &#x9;Container icp-management-ingress ready: true, restart count 0&#xA;Sep 19 08:11:19.615: INFO: istio-egressgateway-54448bcdbd-cqlhf started at 2018-09-17 07:24:11 +0000 UTC (0+1 container statuses recorded)&#xA;Sep 19 08:11:19.615: INFO: &#x9;Container istio-egressgateway ready: true, restart count 0&#xA;Sep 19 08:11:19.615: INFO: kube-dns-mwjc8 started at 2018-09-17 07:06:10 +0000 UTC (0+1 container statuses recorded)&#xA;Sep 19 08:11:19.615: INFO: &#x9;Container kube-dns ready: true, restart count 0&#xA;Sep 19 08:11:19.615: INFO: istio-galley-687cd96db-hlpng started at 2018-09-17 07:17:28 +0000 UTC (0+1 container statuses recorded)&#xA;Sep 19 08:11:19.615: INFO: &#x9;Container validator ready: true, restart count 0&#xA;Sep 19 08:11:19.615: INFO: istio-tracing-77ccfc8844-79ngl started at 2018-09-17 07:17:32 +0000 UTC (0+1 container statuses recorded)&#xA;Sep 19 08:11:19.615: INFO: &#x9;Container jaeger ready: true, restart count 0&#xA;Sep 19 08:11:19.615: INFO: audit-logging-fluentd-ds-dhcg6 started at 2018-09-17 07:18:46 +0000 UTC (0+1 container statuses recorded)&#xA;Sep 19 08:11:19.615: INFO: &#x9;Container fluentd ready: true, restart count 0&#xA;Sep 19 08:11:19.615: INFO: istio-ingressgateway-7bc96d6585-m567m started at 2018-09-17 07:20:41 +0000 UTC (0+1 container statuses recorded)&#xA;Sep 19 08:11:19.615: INFO: &#x9;Container istio-ingressgateway ready: true, restart count 0&#xA;Sep 19 08:11:19.615: INFO: heapster-69b486565b-nt26r started at 2018-09-17 07:13:48 +0000 UTC (0+1 container statuses recorded)&#xA;Sep 19 08:11:19.615: INFO: &#x9;Container heapster ready: true, restart count 0&#xA;Sep 19 08:11:19.615: INFO: istio-egressgateway-54448bcdbd-f4v6v started at 2018-09-17 07:17:29 +0000 UTC (0+1 container statuses recorded)&#xA;Sep 19 08:11:19.615: INFO: &#x9;Container istio-egressgateway ready: true, restart count 0&#xA;Sep 19 08:11:19.615: INFO: istio-citadel-77694dc965-mwqkp started at 2018-09-17 07:17:31 +0000 UTC (0+1 container statuses recorded)&#xA;Sep 19 08:11:19.615: INFO: &#x9;Container citadel ready: true, restart count 0&#xA;Sep 19 08:11:19.615: INFO: vulnerability-advisor-process-ma-crawler-96728 started at 2018-09-17 07:19:03 +0000 UTC (0+1 container statuses recorded)&#xA;Sep 19 08:11:19.615: INFO: &#x9;Container process-ma-crawler ready: true, restart count 0&#xA;Sep 19 08:11:19.615: INFO: istio-telemetry-8b5964dc7-rfswc started at 2018-09-17 07:19:39 +0000 UTC (0+2 container statuses recorded)&#xA;Sep 19 08:11:19.615: INFO: &#x9;Container istio-proxy ready: true, restart count 0&#xA;Sep 19 08:11:19.615: INFO: &#x9;Container mixer ready: true, restart count 0&#xA;Sep 19 08:11:19.615: INFO: helm-api-fdd886877-6pwm8 started at 2018-09-17 07:16:36 +0000 UTC (0+3 container statuses recorded)&#xA;Sep 19 08:11:19.615: INFO: &#x9;Container audit-service ready: true, restart count 0&#xA;Sep 19 08:11:19.615: INFO: &#x9;Container helmapi ready: true, restart count 0&#xA;Sep 19 08:11:19.615: INFO: &#x9;Container rudder ready: true, restart count 0&#xA;Sep 19 08:11:19.615: INFO: mariadb-0 started at 2018-09-17 07:08:38 +0000 UTC (0+1 container statuses recorded)&#xA;Sep 19 08:11:19.615: INFO: &#x9;Container mariadb ready: true, restart count 0&#xA;Sep 19 08:11:19.615: INFO: logging-elk-filebeat-ds-qf2vz started at 2018-09-17 07:15:20 +0000 UTC (0+1 container statuses recorded)&#xA;Sep 19 08:11:19.615: INFO: &#x9;Container filebeat ready: true, restart count 0&#xA;Sep 19 08:11:19.615: INFO: istio-ingressgateway-7bc96d6585-c58zx started at 2018-09-17 07:24:15 +0000 UTC (0+1 container statuses recorded)&#xA;Sep 19 08:11:19.615: INFO: &#x9;Container istio-ingressgateway ready: true, restart count 0&#xA;Sep 19 08:11:19.615: INFO: istio-policy-5b64d7fd64-5l2m9 started at 2018-09-17 07:31:07 +0000 UTC (0+2 container statuses recorded)&#xA;Sep 19 08:11:19.615: INFO: &#x9;Container istio-proxy ready: true, restart count 0&#xA;Sep 19 08:11:19.615: INFO: &#x9;Container mixer ready: true, restart count 0&#xA;Sep 19 08:11:19.615: INFO: nvidia-device-plugin-nh54k started at 2018-09-17 07:07:17 +0000 UTC (1+1 container statuses recorded)&#xA;Sep 19 08:11:19.615: INFO: &#x9;Init container nvidia-driver-collector ready: true, restart count 0&#xA;Sep 19 08:11:19.615: INFO: &#x9;Container nvidia-device-plugin ready: true, restart count 0&#xA;Sep 19 08:11:19.615: INFO: istio-telemetry-8b5964dc7-hcf6d started at 2018-09-17 07:17:29 +0000 UTC (0+2 container statuses recorded)&#xA;Sep 19 08:11:19.615: INFO: &#x9;Container istio-proxy ready: true, restart count 0&#xA;Sep 19 08:11:19.615: INFO: &#x9;Container mixer ready: true, restart count 0&#xA;Sep 19 08:11:19.615: INFO: istio-sidecar-injector-86d554f5f7-d57zk started at 2018-09-17 07:17:32 +0000 UTC (0+1 container statuses recorded)&#xA;Sep 19 08:11:19.615: INFO: &#x9;Container sidecar-injector-webhook ready: true, restart count 0&#xA;Sep 19 08:11:19.615: INFO: secret-watcher-5f59fcbc69-pfnfk started at 2018-09-17 07:18:05 +0000 UTC (0+1 container statuses recorded)&#xA;Sep 19 08:11:19.615: INFO: &#x9;Container secret-watcher ready: true, restart count 0&#xA;Sep 19 08:11:19.615: INFO: istio-telemetry-8b5964dc7-nw9kk started at 2018-09-17 07:23:11 +0000 UTC (0+2 container statuses recorded)&#xA;Sep 19 08:11:19.615: INFO: &#x9;Container istio-proxy ready: true, restart count 0&#xA;Sep 19 08:11:19.615: INFO: &#x9;Container mixer ready: true, restart count 0&#xA;Sep 19 08:11:19.615: INFO: platform-api-2fs4x started at 2018-09-17 07:08:45 +0000 UTC (0+2 container statuses recorded)&#xA;Sep 19 08:11:19.615: INFO: &#x9;Container audit-service ready: true, restart count 0&#xA;Sep 19 08:11:19.615: INFO: &#x9;Container platform-api ready: true, restart count 0&#xA;Sep 19 08:11:19.674: INFO: &#xA;Latency metrics for node 10.46.6.173&#xA;STEP: Dumping a list of prepulled images on each node to file /tmp/results/image-puller.txt&#xA;Sep 19 08:11:19.742: INFO: Waiting up to 3m0s for all (but 0) nodes to be ready&#xA;STEP: Destroying namespace &#34;e2e-tests-gc-7h9jx&#34; for this suite.&#xA;Sep 19 08:11:25.815: INFO: Waiting up to 30s for server preferred namespaced resources to be successfully discovered&#xA;Sep 19 08:11:25.948: INFO: namespace: e2e-tests-gc-7h9jx, resource: bindings, ignored listing per whitelist&#xA;Sep 19 08:11:27.749: INFO: namespace e2e-tests-gc-7h9jx deletion completed in 8.001262104s&#xA;</system-out>
      </testcase>
      <testcase name="[sig-storage] PersistentVolumes-local  [Volume type: dir-link] One pod requesting one prebound PVC should be able to mount volume and read from pod1" classname="Kubernetes e2e suite" time="0">
          <skipped></skipped>
      </testcase>
      <testcase name="[sig-storage] Subpath [Volume type: emptyDir] should unmount if pod is gracefully deleted while kubelet is down [Disruptive][Slow]" classname="Kubernetes e2e suite" time="0">
          <skipped></skipped>
      </testcase>
      <testcase name="[sig-autoscaling] Cluster size autoscaling [Slow] should be able to scale down when rescheduling a pod is required and pdb allows for it[Feature:ClusterSizeAutoscalingScaleDown]" classname="Kubernetes e2e suite" time="0">
          <skipped></skipped>
      </testcase>
      <testcase name="[sig-storage] Ephemeralstorage When pod refers to non-existent ephemeral storage should allow deletion of pod with invalid volume : secret" classname="Kubernetes e2e suite" time="0">
          <skipped></skipped>
      </testcase>
      <testcase name="[sig-storage] Dynamic Provisioning DynamicProvisioner Default should create and delete default persistent volumes [Slow]" classname="Kubernetes e2e suite" time="0">
          <skipped></skipped>
      </testcase>
      <testcase name="[sig-storage] PersistentVolumes:vsphere should test that deleting a PVC before the pod does not cause pod deletion to fail on vsphere volume detach" classname="Kubernetes e2e suite" time="0">
          <skipped></skipped>
      </testcase>
      <testcase name="[sig-scalability] Density [Feature:ManualPerformance] should allow starting 30 pods per node using { ReplicationController} with 0 secrets, 0 configmaps and 0 daemons with quotas" classname="Kubernetes e2e suite" time="0">
          <skipped></skipped>
      </testcase>
      <testcase name="[sig-autoscaling] [HPA] Horizontal pod autoscaling (scale resource: Custom Metrics from Stackdriver) should scale down with Custom Metric of type Object from Stackdriver [Feature:CustomMetricsAutoscaling]" classname="Kubernetes e2e suite" time="0">
          <skipped></skipped>
      </testcase>
      <testcase name="[sig-instrumentation] Monitoring should verify monitoring pods and all cluster nodes are available on influxdb using heapster [Feature:InfluxdbMonitoring]" classname="Kubernetes e2e suite" time="0">
          <skipped></skipped>
      </testcase>
      <testcase name="[k8s.io] Docker Containers should use the image defaults if command and args are blank [NodeConformance] [Conformance]" classname="Kubernetes e2e suite" time="14.571959481"></testcase>
      <testcase name="[sig-network] Networking IPerf IPv6 [Experimental] [Feature:Networking-IPv6] [Slow] [Feature:Networking-Performance] should transfer ~ 1GB onto the service endpoint 1 servers (maximum of 1 clients)" classname="Kubernetes e2e suite" time="0">
          <skipped></skipped>
      </testcase>
      <testcase name="[sig-storage] PersistentVolumes-local  [Volume type: blockfs] Two pods mounting a local volume at the same time should be able to write from pod1 and read from pod2" classname="Kubernetes e2e suite" time="0">
          <skipped></skipped>
      </testcase>
      <testcase name="[sig-cli] Kubectl client [k8s.io] Proxy server should support proxy with --port 0  [Conformance]" classname="Kubernetes e2e suite" time="0">
          <skipped></skipped>
      </testcase>
      <testcase name="[sig-storage] Subpath [Volume type: hostPathSymlink] should unmount if pod is gracefully deleted while kubelet is down [Disruptive][Slow]" classname="Kubernetes e2e suite" time="0">
          <skipped></skipped>
      </testcase>
      <testcase name="[sig-storage] Storage Policy Based Volume Provisioning [Feature:vsphere] verify VSAN storage capability with valid diskStripes and objectSpaceReservation values and a VSAN datastore is honored for dynamically provisioned pvc using storageclass" classname="Kubernetes e2e suite" time="0">
          <skipped></skipped>
      </testcase>
      <testcase name="[sig-network] DNS configMap nameserver Forward external name lookup should forward externalname lookup to upstream nameserver [Slow][Serial]" classname="Kubernetes e2e suite" time="0">
          <skipped></skipped>
      </testcase>
      <testcase name="[sig-apps] ReplicaSet should serve a basic image on each replica with a private image" classname="Kubernetes e2e suite" time="0">
          <skipped></skipped>
      </testcase>
      <testcase name="[sig-cli] Kubectl client [k8s.io] Kubectl run CronJob should create a CronJob" classname="Kubernetes e2e suite" time="0">
          <skipped></skipped>
      </testcase>
      <testcase name="[sig-storage] PersistentVolumes-local  [Volume type: dir] Set fsGroup for local volume should not set different fsGroups for two pods simultaneously" classname="Kubernetes e2e suite" time="0">
          <skipped></skipped>
      </testcase>
      <testcase name="[sig-storage] Volumes GlusterFS should be mountable" classname="Kubernetes e2e suite" time="0">
          <skipped></skipped>
      </testcase>
      <testcase name="[sig-storage] Subpath [Volume type: hostPathSymlink] should support existing directories when readOnly specified in the volumeSource" classname="Kubernetes e2e suite" time="0">
          <skipped></skipped>
      </testcase>
      <testcase name="[sig-storage] EmptyDir volumes volume on tmpfs should have the correct mode [NodeConformance] [Conformance]" classname="Kubernetes e2e suite" time="14.634128999"></testcase>
      <testcase name="[sig-storage] PersistentVolumes-local  [Volume type: dir-bindmounted] Two pods mounting a local volume one after the other should be able to write from pod1 and read from pod2" classname="Kubernetes e2e suite" time="0">
          <skipped></skipped>
      </testcase>
      <testcase name="[sig-apps] StatefulSet [k8s.io] Basic StatefulSet functionality [StatefulSetBasic] should adopt matching orphans and release non-matching pods" classname="Kubernetes e2e suite" time="0">
          <skipped></skipped>
      </testcase>
      <testcase name="[sig-storage] PersistentVolumes-local  [Volume type: block] [Feature:BlockVolume] Set fsGroup for local volume should not set different fsGroups for two pods simultaneously" classname="Kubernetes e2e suite" time="0">
          <skipped></skipped>
      </testcase>
      <testcase name="[sig-cli] Kubectl client [k8s.io] Kubectl describe should check if kubectl describe prints relevant information for rc and pods  [Conformance]" classname="Kubernetes e2e suite" time="0">
          <skipped></skipped>
      </testcase>
      <testcase name="[sig-storage] Pod Disks schedule pods each with a PD, delete pod and verify detach [Slow] for read-only PD with pod delete grace period of &#34;immediate (0s)&#34;" classname="Kubernetes e2e suite" time="0">
          <skipped></skipped>
      </testcase>
      <testcase name="[sig-storage] PersistentVolumes-local  [Volume type: dir-link-bindmounted] Two pods mounting a local volume one after the other should be able to write from pod1 and read from pod2" classname="Kubernetes e2e suite" time="0">
          <skipped></skipped>
      </testcase>
      <testcase name="[sig-storage] ConfigMap should be consumable from pods in volume with mappings and Item mode set [NodeConformance] [Conformance]" classname="Kubernetes e2e suite" time="14.501451724"></testcase>
      <testcase name="[sig-apps] Network Partition [Disruptive] [Slow] [k8s.io] [ReplicationController] should eagerly create replacement pod during network partition when termination grace is non-zero" classname="Kubernetes e2e suite" time="0">
          <skipped></skipped>
      </testcase>
      <testcase name="[sig-cluster-lifecycle] gpu Upgrade [Feature:GPUUpgrade] master upgrade should NOT disrupt gpu pod [Feature:GPUMasterUpgrade]" classname="Kubernetes e2e suite" time="0">
          <skipped></skipped>
      </testcase>
      <testcase name="[sig-storage] NFSPersistentVolumes[Disruptive][Flaky] when kubelet restarts Should test that a volume mounted to a pod that is deleted while the kubelet is down unmounts when the kubelet returns." classname="Kubernetes e2e suite" time="0">
          <skipped></skipped>
      </testcase>
      <testcase name="[sig-autoscaling] [HPA] Horizontal pod autoscaling (scale resource: Custom Metrics from Stackdriver) should scale down with External Metric with target average value from Stackdriver [Feature:CustomMetricsAutoscaling]" classname="Kubernetes e2e suite" time="0">
          <skipped></skipped>
      </testcase>
      <testcase name="[sig-storage] Subpath [Volume type: nfsPVC] should support readOnly directory specified in the volumeMount" classname="Kubernetes e2e suite" time="0">
          <skipped></skipped>
      </testcase>
      <testcase name="[sig-scalability] Density [Feature:ManualPerformance] should allow starting 30 pods per node using {batch Job} with 0 secrets, 0 configmaps and 0 daemons" classname="Kubernetes e2e suite" time="0">
          <skipped></skipped>
      </testcase>
      <testcase name="[sig-instrumentation] Cadvisor should be healthy on every node." classname="Kubernetes e2e suite" time="0">
          <skipped></skipped>
      </testcase>
      <testcase name="[sig-network] ServiceLoadBalancer [Feature:ServiceLoadBalancer] should support simple GET on Ingress ips" classname="Kubernetes e2e suite" time="0">
          <skipped></skipped>
      </testcase>
      <testcase name="[sig-apps] Deployment RecreateDeployment should delete old pods and create new ones" classname="Kubernetes e2e suite" time="0">
          <skipped></skipped>
      </testcase>
      <testcase name="[sig-cli] Kubectl client [k8s.io] Proxy server should support --unix-socket=/path  [Conformance]" classname="Kubernetes e2e suite" time="0">
          <skipped></skipped>
      </testcase>
      <testcase name="[sig-storage] Subpath [Volume type: emptyDir] should support file as subpath" classname="Kubernetes e2e suite" time="0">
          <skipped></skipped>
      </testcase>
      <testcase name="[sig-storage] PersistentVolumes-local  [Volume type: dir-bindmounted] Set fsGroup for local volume should not set different fsGroups for two pods simultaneously" classname="Kubernetes e2e suite" time="0">
          <skipped></skipped>
      </testcase>
      <testcase name="[sig-storage] PersistentVolumes:vsphere should test that a vspehre volume mounted to a pod that is deleted while the kubelet is down unmounts when the kubelet returns [Disruptive]" classname="Kubernetes e2e suite" time="0">
          <skipped></skipped>
      </testcase>
      <testcase name="[sig-storage] PersistentVolumes-local  [Volume type: dir] Set fsGroup for local volume should set fsGroup for one pod" classname="Kubernetes e2e suite" time="0">
          <skipped></skipped>
      </testcase>
      <testcase name="[sig-storage] Subpath [Volume type: gcePDPVC] should support readOnly file specified in the volumeMount" classname="Kubernetes e2e suite" time="0">
          <skipped></skipped>
      </testcase>
      <testcase name="[sig-cli] Kubectl Port forwarding [k8s.io] With a server listening on 0.0.0.0 [k8s.io] that expects NO client request should support a client that connects, sends DATA, and disconnects" classname="Kubernetes e2e suite" time="0">
          <skipped></skipped>
      </testcase>
      <testcase name="[k8s.io] Pods should be submitted and removed [NodeConformance] [Conformance]" classname="Kubernetes e2e suite" time="8.981609663">
          <failure type="Failure">/workspace/anago-v1.11.2-beta.0.50+bb9ffb1654d4a7/src/k8s.io/kubernetes/_output/dockerized/go/src/k8s.io/kubernetes/test/e2e/framework/framework.go:684&#xA;Error creating Pod&#xA;Expected error:&#xA;    &lt;*errors.StatusError | 0xc422168900&gt;: {&#xA;        ErrStatus: {&#xA;            TypeMeta: {Kind: &#34;&#34;, APIVersion: &#34;&#34;},&#xA;            ListMeta: {SelfLink: &#34;&#34;, ResourceVersion: &#34;&#34;, Continue: &#34;&#34;},&#xA;            Status: &#34;Failure&#34;,&#xA;            Message: &#34;Internal error occurred: admission webhook \&#34;trust.hooks.securityenforcement.admission.cloud.ibm.com\&#34; denied the request: \nDeny \&#34;k8s.gcr.io/nginx-slim-amd64:0.20\&#34;, no matching repositories in ClusterImagePolicy and no ImagePolicies in the \&#34;e2e-tests-pods-4dj2l\&#34; namespace&#34;,&#xA;            Reason: &#34;InternalError&#34;,&#xA;            Details: {&#xA;                Name: &#34;&#34;,&#xA;                Group: &#34;&#34;,&#xA;                Kind: &#34;&#34;,&#xA;                UID: &#34;&#34;,&#xA;                Causes: [&#xA;                    {&#xA;                        Type: &#34;&#34;,&#xA;                        Message: &#34;admission webhook \&#34;trust.hooks.securityenforcement.admission.cloud.ibm.com\&#34; denied the request: \nDeny \&#34;k8s.gcr.io/nginx-slim-amd64:0.20\&#34;, no matching repositories in ClusterImagePolicy and no ImagePolicies in the \&#34;e2e-tests-pods-4dj2l\&#34; namespace&#34;,&#xA;                        Field: &#34;&#34;,&#xA;                    },&#xA;                ],&#xA;                RetryAfterSeconds: 0,&#xA;            },&#xA;            Code: 500,&#xA;        },&#xA;    }&#xA;    Internal error occurred: admission webhook &#34;trust.hooks.securityenforcement.admission.cloud.ibm.com&#34; denied the request: &#xA;    Deny &#34;k8s.gcr.io/nginx-slim-amd64:0.20&#34;, no matching repositories in ClusterImagePolicy and no ImagePolicies in the &#34;e2e-tests-pods-4dj2l&#34; namespace&#xA;not to have occurred&#xA;/workspace/anago-v1.11.2-beta.0.50+bb9ffb1654d4a7/src/k8s.io/kubernetes/_output/dockerized/go/src/k8s.io/kubernetes/test/e2e/framework/pods.go:76</failure>
          <system-out>[BeforeEach] [k8s.io] Pods&#xA;  /workspace/anago-v1.11.2-beta.0.50+bb9ffb1654d4a7/src/k8s.io/kubernetes/_output/dockerized/go/src/k8s.io/kubernetes/test/e2e/framework/framework.go:141&#xA;STEP: Creating a kubernetes client&#xA;Sep 19 08:12:11.458: INFO: &gt;&gt;&gt; kubeConfig: /tmp/kubeconfig-172917420&#xA;STEP: Building a namespace api object&#xA;STEP: Binding the e2e-test-privileged-psp PodSecurityPolicy to the default service account in e2e-tests-pods-4dj2l&#xA;STEP: Waiting for a default service account to be provisioned in namespace&#xA;[BeforeEach] [k8s.io] Pods&#xA;  /workspace/anago-v1.11.2-beta.0.50+bb9ffb1654d4a7/src/k8s.io/kubernetes/_output/dockerized/go/src/k8s.io/kubernetes/test/e2e/common/pods.go:127&#xA;[It] should be submitted and removed [NodeConformance] [Conformance]&#xA;  /workspace/anago-v1.11.2-beta.0.50+bb9ffb1654d4a7/src/k8s.io/kubernetes/_output/dockerized/go/src/k8s.io/kubernetes/test/e2e/framework/framework.go:684&#xA;STEP: creating the pod&#xA;STEP: setting up watch&#xA;STEP: submitting the pod to kubernetes&#xA;Sep 19 08:12:11.861: INFO: Unexpected error occurred: Internal error occurred: admission webhook &#34;trust.hooks.securityenforcement.admission.cloud.ibm.com&#34; denied the request: &#xA;Deny &#34;k8s.gcr.io/nginx-slim-amd64:0.20&#34;, no matching repositories in ClusterImagePolicy and no ImagePolicies in the &#34;e2e-tests-pods-4dj2l&#34; namespace&#xA;[AfterEach] [k8s.io] Pods&#xA;  /workspace/anago-v1.11.2-beta.0.50+bb9ffb1654d4a7/src/k8s.io/kubernetes/_output/dockerized/go/src/k8s.io/kubernetes/test/e2e/framework/framework.go:142&#xA;STEP: Collecting events from namespace &#34;e2e-tests-pods-4dj2l&#34;.&#xA;STEP: Found 0 events.&#xA;Sep 19 08:12:11.953: INFO: POD                                                              NODE         PHASE      GRACE  CONDITIONS&#xA;Sep 19 08:12:11.953: INFO: ibm-cert-manager-cert-manager-74687f689b-7994r                   10.46.6.173  Running           [{Initialized True 0001-01-01 00:00:00 +0000 UTC 2018-09-17 07:07:12 +0000 UTC  } {Ready True 0001-01-01 00:00:00 +0000 UTC 2018-09-17 07:07:37 +0000 UTC  } {ContainersReady True 0001-01-01 00:00:00 +0000 UTC 0001-01-01 00:00:00 +0000 UTC  } {PodScheduled True 0001-01-01 00:00:00 +0000 UTC 2018-09-17 07:07:12 +0000 UTC  }]&#xA;Sep 19 08:12:11.953: INFO: sonobuoy                                                         10.46.6.170  Running           [{Initialized True 0001-01-01 00:00:00 +0000 UTC 2018-09-19 07:22:02 +0000 UTC  } {Ready True 0001-01-01 00:00:00 +0000 UTC 2018-09-19 07:22:08 +0000 UTC  } {ContainersReady True 0001-01-01 00:00:00 +0000 UTC 0001-01-01 00:00:00 +0000 UTC  } {PodScheduled True 0001-01-01 00:00:00 +0000 UTC 2018-09-19 07:22:02 +0000 UTC  }]&#xA;Sep 19 08:12:11.953: INFO: sonobuoy-e2e-job-c3f9b53ea97c48a2                                10.46.6.170  Running           [{Initialized True 0001-01-01 00:00:00 +0000 UTC 2018-09-19 07:22:08 +0000 UTC  } {Ready True 0001-01-01 00:00:00 +0000 UTC 2018-09-19 07:22:25 +0000 UTC  } {ContainersReady True 0001-01-01 00:00:00 +0000 UTC 0001-01-01 00:00:00 +0000 UTC  } {PodScheduled True 0001-01-01 00:00:00 +0000 UTC 2018-09-19 07:22:08 +0000 UTC  }]&#xA;Sep 19 08:12:11.953: INFO: grafana-77676f44f7-c9wr6                                         10.46.6.173  Running           [{Initialized True 0001-01-01 00:00:00 +0000 UTC 2018-09-17 07:17:28 +0000 UTC  } {Ready True 0001-01-01 00:00:00 +0000 UTC 2018-09-17 07:20:34 +0000 UTC  } {ContainersReady True 0001-01-01 00:00:00 +0000 UTC 0001-01-01 00:00:00 +0000 UTC  } {PodScheduled True 0001-01-01 00:00:00 +0000 UTC 2018-09-17 07:17:27 +0000 UTC  }]&#xA;Sep 19 08:12:11.953: INFO: istio-citadel-77694dc965-mwqkp                                   10.46.6.173  Running           [{Initialized True 0001-01-01 00:00:00 +0000 UTC 2018-09-17 07:17:31 +0000 UTC  } {Ready True 0001-01-01 00:00:00 +0000 UTC 2018-09-17 07:18:30 +0000 UTC  } {ContainersReady True 0001-01-01 00:00:00 +0000 UTC 0001-01-01 00:00:00 +0000 UTC  } {PodScheduled True 0001-01-01 00:00:00 +0000 UTC 2018-09-17 07:17:28 +0000 UTC  }]&#xA;Sep 19 08:12:11.953: INFO: istio-egressgateway-54448bcdbd-cqlhf                             10.46.6.173  Running           [{Initialized True 0001-01-01 00:00:00 +0000 UTC 2018-09-17 07:24:11 +0000 UTC  } {Ready True 0001-01-01 00:00:00 +0000 UTC 2018-09-17 07:25:19 +0000 UTC  } {ContainersReady True 0001-01-01 00:00:00 +0000 UTC 0001-01-01 00:00:00 +0000 UTC  } {PodScheduled True 0001-01-01 00:00:00 +0000 UTC 2018-09-17 07:24:10 +0000 UTC  }]&#xA;Sep 19 08:12:11.953: INFO: istio-egressgateway-54448bcdbd-f4v6v                             10.46.6.173  Running           [{Initialized True 0001-01-01 00:00:00 +0000 UTC 2018-09-17 07:17:29 +0000 UTC  } {Ready True 0001-01-01 00:00:00 +0000 UTC 2018-09-17 07:18:31 +0000 UTC  } {ContainersReady True 0001-01-01 00:00:00 +0000 UTC 0001-01-01 00:00:00 +0000 UTC  } {PodScheduled True 0001-01-01 00:00:00 +0000 UTC 2018-09-17 07:17:27 +0000 UTC  }]&#xA;Sep 19 08:12:11.953: INFO: istio-egressgateway-54448bcdbd-lhh5c                             10.46.6.173  Running           [{Initialized True 0001-01-01 00:00:00 +0000 UTC 2018-09-17 07:20:07 +0000 UTC  } {Ready True 0001-01-01 00:00:00 +0000 UTC 2018-09-17 07:21:11 +0000 UTC  } {ContainersReady True 0001-01-01 00:00:00 +0000 UTC 0001-01-01 00:00:00 +0000 UTC  } {PodScheduled True 0001-01-01 00:00:00 +0000 UTC 2018-09-17 07:20:06 +0000 UTC  }]&#xA;Sep 19 08:12:11.954: INFO: istio-egressgateway-54448bcdbd-pjbtc                             10.46.6.173  Running           [{Initialized True 0001-01-01 00:00:00 +0000 UTC 2018-09-17 07:28:34 +0000 UTC  } {Ready True 0001-01-01 00:00:00 +0000 UTC 2018-09-17 07:29:40 +0000 UTC  } {ContainersReady True 0001-01-01 00:00:00 +0000 UTC 0001-01-01 00:00:00 +0000 UTC  } {PodScheduled True 0001-01-01 00:00:00 +0000 UTC 2018-09-17 07:28:34 +0000 UTC  }]&#xA;Sep 19 08:12:11.954: INFO: istio-egressgateway-54448bcdbd-xmkbc                             10.46.6.173  Running           [{Initialized True 0001-01-01 00:00:00 +0000 UTC 2018-09-17 07:24:11 +0000 UTC  } {Ready True 0001-01-01 00:00:00 +0000 UTC 2018-09-17 07:25:10 +0000 UTC  } {ContainersReady True 0001-01-01 00:00:00 +0000 UTC 0001-01-01 00:00:00 +0000 UTC  } {PodScheduled True 0001-01-01 00:00:00 +0000 UTC 2018-09-17 07:24:10 +0000 UTC  }]&#xA;Sep 19 08:12:11.954: INFO: istio-galley-687cd96db-hlpng                                     10.46.6.173  Running           [{Initialized True 0001-01-01 00:00:00 +0000 UTC 2018-09-17 07:17:28 +0000 UTC  } {Ready True 0001-01-01 00:00:00 +0000 UTC 2018-09-17 07:18:35 +0000 UTC  } {ContainersReady True 0001-01-01 00:00:00 +0000 UTC 0001-01-01 00:00:00 +0000 UTC  } {PodScheduled True 0001-01-01 00:00:00 +0000 UTC 2018-09-17 07:17:27 +0000 UTC  }]&#xA;Sep 19 08:12:11.954: INFO: istio-ingressgateway-7bc96d6585-4qnc5                            10.46.6.173  Running           [{Initialized True 0001-01-01 00:00:00 +0000 UTC 2018-09-17 07:24:14 +0000 UTC  } {Ready True 0001-01-01 00:00:00 +0000 UTC 2018-09-17 07:25:22 +0000 UTC  } {ContainersReady True 0001-01-01 00:00:00 +0000 UTC 0001-01-01 00:00:00 +0000 UTC  } {PodScheduled True 0001-01-01 00:00:00 +0000 UTC 2018-09-17 07:24:13 +0000 UTC  }]&#xA;Sep 19 08:12:11.954: INFO: istio-ingressgateway-7bc96d6585-c58zx                            10.46.6.173  Running           [{Initialized True 0001-01-01 00:00:00 +0000 UTC 2018-09-17 07:24:15 +0000 UTC  } {Ready True 0001-01-01 00:00:00 +0000 UTC 2018-09-17 07:25:19 +0000 UTC  } {ContainersReady True 0001-01-01 00:00:00 +0000 UTC 0001-01-01 00:00:00 +0000 UTC  } {PodScheduled True 0001-01-01 00:00:00 +0000 UTC 2018-09-17 07:24:14 +0000 UTC  }]&#xA;Sep 19 08:12:11.954: INFO: istio-ingressgateway-7bc96d6585-m567m                            10.46.6.173  Running           [{Initialized True 0001-01-01 00:00:00 +0000 UTC 2018-09-17 07:20:41 +0000 UTC  } {Ready True 0001-01-01 00:00:00 +0000 UTC 2018-09-17 07:21:43 +0000 UTC  } {ContainersReady True 0001-01-01 00:00:00 +0000 UTC 0001-01-01 00:00:00 +0000 UTC  } {PodScheduled True 0001-01-01 00:00:00 +0000 UTC 2018-09-17 07:20:41 +0000 UTC  }]&#xA;Sep 19 08:12:11.954: INFO: istio-ingressgateway-7bc96d6585-r98nr                            10.46.6.173  Running           [{Initialized True 0001-01-01 00:00:00 +0000 UTC 2018-09-17 07:28:10 +0000 UTC  } {Ready True 0001-01-01 00:00:00 +0000 UTC 2018-09-17 07:29:11 +0000 UTC  } {ContainersReady True 0001-01-01 00:00:00 +0000 UTC 0001-01-01 00:00:00 +0000 UTC  } {PodScheduled True 0001-01-01 00:00:00 +0000 UTC 2018-09-17 07:28:09 +0000 UTC  }]&#xA;Sep 19 08:12:11.954: INFO: istio-ingressgateway-7bc96d6585-smf45                            10.46.6.173  Running           [{Initialized True 0001-01-01 00:00:00 +0000 UTC 2018-09-17 07:17:28 +0000 UTC  } {Ready True 0001-01-01 00:00:00 +0000 UTC 2018-09-17 07:18:37 +0000 UTC  } {ContainersReady True 0001-01-01 00:00:00 +0000 UTC 0001-01-01 00:00:00 +0000 UTC  } {PodScheduled True 0001-01-01 00:00:00 +0000 UTC 2018-09-17 07:17:27 +0000 UTC  }]&#xA;Sep 19 08:12:11.954: INFO: istio-pilot-6cf9ccf474-kkb6j                                     10.46.6.173  Running           [{Initialized True 0001-01-01 00:00:00 +0000 UTC 2018-09-17 07:17:31 +0000 UTC  } {Ready True 0001-01-01 00:00:00 +0000 UTC 2018-09-17 07:19:28 +0000 UTC  } {ContainersReady True 0001-01-01 00:00:00 +0000 UTC 0001-01-01 00:00:00 +0000 UTC  } {PodScheduled True 0001-01-01 00:00:00 +0000 UTC 2018-09-17 07:17:27 +0000 UTC  }]&#xA;Sep 19 08:12:11.954: INFO: istio-policy-5b64d7fd64-5l2m9                                    10.46.6.173  Running           [{Initialized True 0001-01-01 00:00:00 +0000 UTC 2018-09-17 07:31:07 +0000 UTC  } {Ready True 0001-01-01 00:00:00 +0000 UTC 2018-09-17 07:31:51 +0000 UTC  } {ContainersReady True 0001-01-01 00:00:00 +0000 UTC 0001-01-01 00:00:00 +0000 UTC  } {PodScheduled True 0001-01-01 00:00:00 +0000 UTC 2018-09-17 07:31:06 +0000 UTC  }]&#xA;Sep 19 08:12:11.954: INFO: istio-policy-5b64d7fd64-fb4bc                                    10.46.6.173  Running           [{Initialized True 0001-01-01 00:00:00 +0000 UTC 2018-09-17 07:27:37 +0000 UTC  } {Ready True 0001-01-01 00:00:00 +0000 UTC 2018-09-17 07:28:39 +0000 UTC  } {ContainersReady True 0001-01-01 00:00:00 +0000 UTC 0001-01-01 00:00:00 +0000 UTC  } {PodScheduled True 0001-01-01 00:00:00 +0000 UTC 2018-09-17 07:27:36 +0000 UTC  }]&#xA;Sep 19 08:12:11.954: INFO: istio-policy-5b64d7fd64-jrlzt                                    10.46.6.173  Running           [{Initialized True 0001-01-01 00:00:00 +0000 UTC 2018-09-17 07:23:11 +0000 UTC  } {Ready True 0001-01-01 00:00:00 +0000 UTC 2018-09-17 07:24:08 +0000 UTC  } {ContainersReady True 0001-01-01 00:00:00 +0000 UTC 0001-01-01 00:00:00 +0000 UTC  } {PodScheduled True 0001-01-01 00:00:00 +0000 UTC 2018-09-17 07:23:10 +0000 UTC  }]&#xA;Sep 19 08:12:11.954: INFO: istio-policy-5b64d7fd64-pt9z2                                    10.46.6.173  Running           [{Initialized True 0001-01-01 00:00:00 +0000 UTC 2018-09-17 07:17:30 +0000 UTC  } {Ready True 0001-01-01 00:00:00 +0000 UTC 2018-09-17 07:19:02 +0000 UTC  } {ContainersReady True 0001-01-01 00:00:00 +0000 UTC 0001-01-01 00:00:00 +0000 UTC  } {PodScheduled True 0001-01-01 00:00:00 +0000 UTC 2018-09-17 07:17:27 +0000 UTC  }]&#xA;Sep 19 08:12:11.954: INFO: istio-policy-5b64d7fd64-z68j4                                    10.46.6.173  Running           [{Initialized True 0001-01-01 00:00:00 +0000 UTC 2018-09-17 07:19:38 +0000 UTC  } {Ready True 0001-01-01 00:00:00 +0000 UTC 2018-09-17 07:20:44 +0000 UTC  } {ContainersReady True 0001-01-01 00:00:00 +0000 UTC 0001-01-01 00:00:00 +0000 UTC  } {PodScheduled True 0001-01-01 00:00:00 +0000 UTC 2018-09-17 07:19:37 +0000 UTC  }]&#xA;Sep 19 08:12:11.954: INFO: istio-sidecar-injector-86d554f5f7-d57zk                          10.46.6.173  Running           [{Initialized True 0001-01-01 00:00:00 +0000 UTC 2018-09-17 07:17:32 +0000 UTC  } {Ready True 0001-01-01 00:00:00 +0000 UTC 2018-09-17 07:18:41 +0000 UTC  } {ContainersReady True 0001-01-01 00:00:00 +0000 UTC 0001-01-01 00:00:00 +0000 UTC  } {PodScheduled True 0001-01-01 00:00:00 +0000 UTC 2018-09-17 07:17:29 +0000 UTC  }]&#xA;Sep 19 08:12:11.954: INFO: istio-statsd-prom-bridge-66cb69b666-p76m8                        10.46.6.173  Running           [{Initialized True 0001-01-01 00:00:00 +0000 UTC 2018-09-17 07:17:29 +0000 UTC  } {Ready True 0001-01-01 00:00:00 +0000 UTC 2018-09-17 07:18:32 +0000 UTC  } {ContainersReady True 0001-01-01 00:00:00 +0000 UTC 0001-01-01 00:00:00 +0000 UTC  } {PodScheduled True 0001-01-01 00:00:00 +0000 UTC 2018-09-17 07:17:27 +0000 UTC  }]&#xA;Sep 19 08:12:11.954: INFO: istio-telemetry-8b5964dc7-9q67f                                  10.46.6.173  Running           [{Initialized True 0001-01-01 00:00:00 +0000 UTC 2018-09-17 07:31:08 +0000 UTC  } {Ready True 0001-01-01 00:00:00 +0000 UTC 2018-09-17 07:32:00 +0000 UTC  } {ContainersReady True 0001-01-01 00:00:00 +0000 UTC 0001-01-01 00:00:00 +0000 UTC  } {PodScheduled True 0001-01-01 00:00:00 +0000 UTC 2018-09-17 07:31:07 +0000 UTC  }]&#xA;Sep 19 08:12:11.954: INFO: istio-telemetry-8b5964dc7-hcf6d                                  10.46.6.173  Running           [{Initialized True 0001-01-01 00:00:00 +0000 UTC 2018-09-17 07:17:29 +0000 UTC  } {Ready True 0001-01-01 00:00:00 +0000 UTC 2018-09-17 07:18:56 +0000 UTC  } {ContainersReady True 0001-01-01 00:00:00 +0000 UTC 0001-01-01 00:00:00 +0000 UTC  } {PodScheduled True 0001-01-01 00:00:00 +0000 UTC 2018-09-17 07:17:27 +0000 UTC  }]&#xA;Sep 19 08:12:11.954: INFO: istio-telemetry-8b5964dc7-nw9kk                                  10.46.6.173  Running           [{Initialized True 0001-01-01 00:00:00 +0000 UTC 2018-09-17 07:23:11 +0000 UTC  } {Ready True 0001-01-01 00:00:00 +0000 UTC 2018-09-17 07:24:19 +0000 UTC  } {ContainersReady True 0001-01-01 00:00:00 +0000 UTC 0001-01-01 00:00:00 +0000 UTC  } {PodScheduled True 0001-01-01 00:00:00 +0000 UTC 2018-09-17 07:23:10 +0000 UTC  }]&#xA;Sep 19 08:12:11.954: INFO: istio-telemetry-8b5964dc7-rfswc                                  10.46.6.173  Running           [{Initialized True 0001-01-01 00:00:00 +0000 UTC 2018-09-17 07:19:39 +0000 UTC  } {Ready True 0001-01-01 00:00:00 +0000 UTC 2018-09-17 07:20:38 +0000 UTC  } {ContainersReady True 0001-01-01 00:00:00 +0000 UTC 0001-01-01 00:00:00 +0000 UTC  } {PodScheduled True 0001-01-01 00:00:00 +0000 UTC 2018-09-17 07:19:38 +0000 UTC  }]&#xA;Sep 19 08:12:11.954: INFO: istio-telemetry-8b5964dc7-vjqbq                                  10.46.6.173  Running           [{Initialized True 0001-01-01 00:00:00 +0000 UTC 2018-09-17 07:27:36 +0000 UTC  } {Ready True 0001-01-01 00:00:00 +0000 UTC 2018-09-17 07:28:21 +0000 UTC  } {ContainersReady True 0001-01-01 00:00:00 +0000 UTC 0001-01-01 00:00:00 +0000 UTC  } {PodScheduled True 0001-01-01 00:00:00 +0000 UTC 2018-09-17 07:27:36 +0000 UTC  }]&#xA;Sep 19 08:12:11.954: INFO: istio-tracing-77ccfc8844-79ngl                                   10.46.6.173  Running           [{Initialized True 0001-01-01 00:00:00 +0000 UTC 2018-09-17 07:17:32 +0000 UTC  } {Ready True 0001-01-01 00:00:00 +0000 UTC 2018-09-17 07:18:08 +0000 UTC  } {ContainersReady True 0001-01-01 00:00:00 +0000 UTC 0001-01-01 00:00:00 +0000 UTC  } {PodScheduled True 0001-01-01 00:00:00 +0000 UTC 2018-09-17 07:17:29 +0000 UTC  }]&#xA;Sep 19 08:12:11.954: INFO: kiali-7f8c59df94-25qmq                                           10.46.6.173  Running           [{Initialized True 0001-01-01 00:00:00 +0000 UTC 2018-09-17 07:17:27 +0000 UTC  } {Ready True 0001-01-01 00:00:00 +0000 UTC 2018-09-17 07:17:56 +0000 UTC  } {ContainersReady True 0001-01-01 00:00:00 +0000 UTC 0001-01-01 00:00:00 +0000 UTC  } {PodScheduled True 0001-01-01 00:00:00 +0000 UTC 2018-09-17 07:17:27 +0000 UTC  }]&#xA;Sep 19 08:12:11.954: INFO: prometheus-6f98d89664-wh7pb                                      10.46.6.173  Running           [{Initialized True 0001-01-01 00:00:00 +0000 UTC 2018-09-17 07:17:31 +0000 UTC  } {Ready True 0001-01-01 00:00:00 +0000 UTC 2018-09-17 07:17:57 +0000 UTC  } {ContainersReady True 0001-01-01 00:00:00 +0000 UTC 0001-01-01 00:00:00 +0000 UTC  } {PodScheduled True 0001-01-01 00:00:00 +0000 UTC 2018-09-17 07:17:28 +0000 UTC  }]&#xA;Sep 19 08:12:11.955: INFO: servicegraph-85578d8fc6-m62z4                                    10.46.6.173  Running           [{Initialized True 0001-01-01 00:00:00 +0000 UTC 2018-09-17 07:17:32 +0000 UTC  } {Ready True 0001-01-01 00:00:00 +0000 UTC 2018-09-17 07:18:22 +0000 UTC  } {ContainersReady True 0001-01-01 00:00:00 +0000 UTC 0001-01-01 00:00:00 +0000 UTC  } {PodScheduled True 0001-01-01 00:00:00 +0000 UTC 2018-09-17 07:17:28 +0000 UTC  }]&#xA;Sep 19 08:12:11.955: INFO: audit-logging-fluentd-ds-4cgnk                                   10.46.6.170  Running           [{Initialized True 0001-01-01 00:00:00 +0000 UTC 2018-09-17 07:18:46 +0000 UTC  } {Ready True 0001-01-01 00:00:00 +0000 UTC 2018-09-17 07:18:50 +0000 UTC  } {ContainersReady True 0001-01-01 00:00:00 +0000 UTC 0001-01-01 00:00:00 +0000 UTC  } {PodScheduled True 0001-01-01 00:00:00 +0000 UTC 2018-09-17 07:18:46 +0000 UTC  }]&#xA;Sep 19 08:12:11.955: INFO: audit-logging-fluentd-ds-8bh4t                                   10.46.6.172  Running           [{Initialized True 0001-01-01 00:00:00 +0000 UTC 2018-09-17 07:18:46 +0000 UTC  } {Ready True 0001-01-01 00:00:00 +0000 UTC 2018-09-17 07:18:56 +0000 UTC  } {ContainersReady True 0001-01-01 00:00:00 +0000 UTC 0001-01-01 00:00:00 +0000 UTC  } {PodScheduled True 0001-01-01 00:00:00 +0000 UTC 2018-09-17 07:18:46 +0000 UTC  }]&#xA;Sep 19 08:12:11.955: INFO: audit-logging-fluentd-ds-bc22k                                   10.46.6.171  Running           [{Initialized True 0001-01-01 00:00:00 +0000 UTC 2018-09-17 07:18:46 +0000 UTC  } {Ready True 0001-01-01 00:00:00 +0000 UTC 2018-09-17 07:18:56 +0000 UTC  } {ContainersReady True 0001-01-01 00:00:00 +0000 UTC 0001-01-01 00:00:00 +0000 UTC  } {PodScheduled True 0001-01-01 00:00:00 +0000 UTC 2018-09-17 07:18:46 +0000 UTC  }]&#xA;Sep 19 08:12:11.955: INFO: audit-logging-fluentd-ds-dhcg6                                   10.46.6.173  Running           [{Initialized True 0001-01-01 00:00:00 +0000 UTC 2018-09-17 07:18:46 +0000 UTC  } {Ready True 0001-01-01 00:00:00 +0000 UTC 2018-09-17 07:19:00 +0000 UTC  } {ContainersReady True 0001-01-01 00:00:00 +0000 UTC 0001-01-01 00:00:00 +0000 UTC  } {PodScheduled True 0001-01-01 00:00:00 +0000 UTC 2018-09-17 07:18:46 +0000 UTC  }]&#xA;Sep 19 08:12:11.955: INFO: auth-apikeys-x45mz                                               10.46.6.173  Running           [{Initialized True 0001-01-01 00:00:00 +0000 UTC 2018-09-17 07:10:12 +0000 UTC  } {Ready True 0001-01-01 00:00:00 +0000 UTC 2018-09-17 07:11:25 +0000 UTC  } {ContainersReady True 0001-01-01 00:00:00 +0000 UTC 0001-01-01 00:00:00 +0000 UTC  } {PodScheduled True 0001-01-01 00:00:00 +0000 UTC 2018-09-17 07:10:12 +0000 UTC  }]&#xA;Sep 19 08:12:11.955: INFO: auth-idp-kjpmx                                                   10.46.6.173  Running           [{Initialized True 0001-01-01 00:00:00 +0000 UTC 2018-09-17 07:10:19 +0000 UTC  } {Ready True 0001-01-01 00:00:00 +0000 UTC 2018-09-19 07:05:52 +0000 UTC  } {ContainersReady True 0001-01-01 00:00:00 +0000 UTC 0001-01-01 00:00:00 +0000 UTC  } {PodScheduled True 0001-01-01 00:00:00 +0000 UTC 2018-09-17 07:10:04 +0000 UTC  }]&#xA;Sep 19 08:12:11.955: INFO: auth-pap-qb5m2                                                   10.46.6.173  Running           [{Initialized True 0001-01-01 00:00:00 +0000 UTC 2018-09-17 07:10:20 +0000 UTC  } {Ready True 0001-01-01 00:00:00 +0000 UTC 2018-09-17 07:10:46 +0000 UTC  } {ContainersReady True 0001-01-01 00:00:00 +0000 UTC 0001-01-01 00:00:00 +0000 UTC  } {PodScheduled True 0001-01-01 00:00:00 +0000 UTC 2018-09-17 07:10:20 +0000 UTC  }]&#xA;Sep 19 08:12:11.955: INFO: auth-pdp-tk2jm                                                   10.46.6.173  Running           [{Initialized True 0001-01-01 00:00:00 +0000 UTC 2018-09-17 07:13:08 +0000 UTC  } {Ready True 0001-01-01 00:00:00 +0000 UTC 2018-09-17 07:13:19 +0000 UTC  } {ContainersReady True 0001-01-01 00:00:00 +0000 UTC 0001-01-01 00:00:00 +0000 UTC  } {PodScheduled True 0001-01-01 00:00:00 +0000 UTC 2018-09-17 07:10:28 +0000 UTC  }]&#xA;Sep 19 08:12:11.955: INFO: calico-kube-controllers-dcb8cc97c-gtsqp                          10.46.6.173  Running           [{Initialized True 0001-01-01 00:00:00 +0000 UTC 2018-09-17 07:05:53 +0000 UTC  } {Ready True 0001-01-01 00:00:00 +0000 UTC 2018-09-17 07:06:04 +0000 UTC  } {ContainersReady True 0001-01-01 00:00:00 +0000 UTC 0001-01-01 00:00:00 +0000 UTC  } {PodScheduled True 0001-01-01 00:00:00 +0000 UTC 2018-09-17 07:05:53 +0000 UTC  }]&#xA;Sep 19 08:12:11.955: INFO: calico-node-gpm2c                                                10.46.6.171  Running           [{Initialized True 0001-01-01 00:00:00 +0000 UTC 2018-09-17 07:05:53 +0000 UTC  } {Ready True 0001-01-01 00:00:00 +0000 UTC 2018-09-17 07:06:11 +0000 UTC  } {ContainersReady True 0001-01-01 00:00:00 +0000 UTC 0001-01-01 00:00:00 +0000 UTC  } {PodScheduled True 0001-01-01 00:00:00 +0000 UTC 2018-09-17 07:05:53 +0000 UTC  }]&#xA;Sep 19 08:12:11.955: INFO: calico-node-htf97                                                10.46.6.170  Running           [{Initialized True 0001-01-01 00:00:00 +0000 UTC 2018-09-17 07:05:53 +0000 UTC  } {Ready True 0001-01-01 00:00:00 +0000 UTC 2018-09-17 07:06:14 +0000 UTC  } {ContainersReady True 0001-01-01 00:00:00 +0000 UTC 0001-01-01 00:00:00 +0000 UTC  } {PodScheduled True 0001-01-01 00:00:00 +0000 UTC 2018-09-17 07:05:53 +0000 UTC  }]&#xA;Sep 19 08:12:11.955: INFO: calico-node-m7d5t                                                10.46.6.173  Running           [{Initialized True 0001-01-01 00:00:00 +0000 UTC 2018-09-17 07:05:54 +0000 UTC  } {Ready True 0001-01-01 00:00:00 +0000 UTC 2018-09-17 07:06:15 +0000 UTC  } {ContainersReady True 0001-01-01 00:00:00 +0000 UTC 0001-01-01 00:00:00 +0000 UTC  } {PodScheduled True 0001-01-01 00:00:00 +0000 UTC 2018-09-17 07:05:54 +0000 UTC  }]&#xA;Sep 19 08:12:11.955: INFO: calico-node-wsknj                                                10.46.6.172  Running           [{Initialized True 0001-01-01 00:00:00 +0000 UTC 2018-09-17 07:05:53 +0000 UTC  } {Ready True 0001-01-01 00:00:00 +0000 UTC 2018-09-17 07:06:17 +0000 UTC  } {ContainersReady True 0001-01-01 00:00:00 +0000 UTC 0001-01-01 00:00:00 +0000 UTC  } {PodScheduled True 0001-01-01 00:00:00 +0000 UTC 2018-09-17 07:05:53 +0000 UTC  }]&#xA;Sep 19 08:12:11.955: INFO: catalog-ui-5rtkh                                                 10.46.6.173  Running           [{Initialized True 0001-01-01 00:00:00 +0000 UTC 2018-09-17 07:15:57 +0000 UTC  } {Ready True 0001-01-01 00:00:00 +0000 UTC 2018-09-17 07:16:11 +0000 UTC  } {ContainersReady True 0001-01-01 00:00:00 +0000 UTC 0001-01-01 00:00:00 +0000 UTC  } {PodScheduled True 0001-01-01 00:00:00 +0000 UTC 2018-09-17 07:15:57 +0000 UTC  }]&#xA;Sep 19 08:12:11.955: INFO: custom-metrics-adapter-64f64964b4-f9gmc                          10.46.6.171  Running           [{Initialized True 0001-01-01 00:00:00 +0000 UTC 2018-09-17 07:17:13 +0000 UTC  } {Ready True 0001-01-01 00:00:00 +0000 UTC 2018-09-17 07:17:51 +0000 UTC  } {ContainersReady True 0001-01-01 00:00:00 +0000 UTC 0001-01-01 00:00:00 +0000 UTC  } {PodScheduled True 0001-01-01 00:00:00 +0000 UTC 2018-09-17 07:14:28 +0000 UTC  }]&#xA;Sep 19 08:12:11.955: INFO: default-backend-54966589c4-4d47g                                 10.46.6.173  Running           [{Initialized True 0001-01-01 00:00:00 +0000 UTC 2018-09-17 07:08:29 +0000 UTC  } {Ready True 0001-01-01 00:00:00 +0000 UTC 2018-09-17 07:08:40 +0000 UTC  } {ContainersReady True 0001-01-01 00:00:00 +0000 UTC 0001-01-01 00:00:00 +0000 UTC  } {PodScheduled True 0001-01-01 00:00:00 +0000 UTC 2018-09-17 07:08:28 +0000 UTC  }]&#xA;Sep 19 08:12:11.955: INFO: heapster-69b486565b-nt26r                                        10.46.6.173  Running           [{Initialized True 0001-01-01 00:00:00 +0000 UTC 2018-09-17 07:13:48 +0000 UTC  } {Ready True 0001-01-01 00:00:00 +0000 UTC 2018-09-17 07:13:58 +0000 UTC  } {ContainersReady True 0001-01-01 00:00:00 +0000 UTC 0001-01-01 00:00:00 +0000 UTC  } {PodScheduled True 0001-01-01 00:00:00 +0000 UTC 2018-09-17 07:13:48 +0000 UTC  }]&#xA;Sep 19 08:12:11.955: INFO: helm-api-fdd886877-6pwm8                                         10.46.6.173  Running           [{Initialized True 0001-01-01 00:00:00 +0000 UTC 2018-09-17 07:16:36 +0000 UTC  } {Ready True 0001-01-01 00:00:00 +0000 UTC 2018-09-17 07:16:58 +0000 UTC  } {ContainersReady True 0001-01-01 00:00:00 +0000 UTC 0001-01-01 00:00:00 +0000 UTC  } {PodScheduled True 0001-01-01 00:00:00 +0000 UTC 2018-09-17 07:16:35 +0000 UTC  }]&#xA;Sep 19 08:12:11.955: INFO: helm-repo-5649f57447-wwdn4                                       10.46.6.173  Running           [{Initialized True 0001-01-01 00:00:00 +0000 UTC 2018-09-17 07:14:04 +0000 UTC  } {Ready True 0001-01-01 00:00:00 +0000 UTC 2018-09-17 07:14:40 +0000 UTC  } {ContainersReady True 0001-01-01 00:00:00 +0000 UTC 0001-01-01 00:00:00 +0000 UTC  } {PodScheduled True 0001-01-01 00:00:00 +0000 UTC 2018-09-17 07:13:53 +0000 UTC  }]&#xA;Sep 19 08:12:11.955: INFO: ibmcloud-image-enforcement-76ddccbf9f-kqmlb                      10.46.6.171  Running           [{Initialized True 0001-01-01 00:00:00 +0000 UTC 2018-09-17 07:14:02 +0000 UTC  } {Ready True 0001-01-01 00:00:00 +0000 UTC 2018-09-17 07:14:07 +0000 UTC  } {ContainersReady True 0001-01-01 00:00:00 +0000 UTC 0001-01-01 00:00:00 +0000 UTC  } {PodScheduled True 0001-01-01 00:00:00 +0000 UTC 2018-09-17 07:14:02 +0000 UTC  }]&#xA;Sep 19 08:12:11.955: INFO: icp-management-ingress-x6qn8                                     10.46.6.173  Running           [{Initialized True 0001-01-01 00:00:00 +0000 UTC 2018-09-17 07:10:36 +0000 UTC  } {Ready True 0001-01-01 00:00:00 +0000 UTC 2018-09-17 07:10:48 +0000 UTC  } {ContainersReady True 0001-01-01 00:00:00 +0000 UTC 0001-01-01 00:00:00 +0000 UTC  } {PodScheduled True 0001-01-01 00:00:00 +0000 UTC 2018-09-17 07:10:36 +0000 UTC  }]&#xA;Sep 19 08:12:11.955: INFO: icp-mongodb-0                                                    10.46.6.173  Running           [{Initialized True 0001-01-01 00:00:00 +0000 UTC 2018-09-17 07:09:00 +0000 UTC  } {Ready True 0001-01-01 00:00:00 +0000 UTC 2018-09-17 07:09:17 +0000 UTC  } {ContainersReady True 0001-01-01 00:00:00 +0000 UTC 0001-01-01 00:00:00 +0000 UTC  } {PodScheduled True 0001-01-01 00:00:00 +0000 UTC 2018-09-17 07:07:41 +0000 UTC  }]&#xA;Sep 19 08:12:11.955: INFO: image-manager-0                                                  10.46.6.173  Running           [{Initialized True 0001-01-01 00:00:00 +0000 UTC 2018-09-17 06:38:56 +0000 UTC  } {Ready True 0001-01-01 00:00:00 +0000 UTC 2018-09-17 06:39:08 +0000 UTC  } {ContainersReady True 0001-01-01 00:00:00 +0000 UTC 0001-01-01 00:00:00 +0000 UTC  } {PodScheduled True 0001-01-01 00:00:00 +0000 UTC 2018-09-17 06:38:56 +0000 UTC  }]&#xA;Sep 19 08:12:11.956: INFO: k8s-etcd-10.46.6.173                                             10.46.6.173  Running           [{Initialized True 0001-01-01 00:00:00 +0000 UTC 2018-09-17 06:35:49 +0000 UTC  } {Ready True 0001-01-01 00:00:00 +0000 UTC 2018-09-17 06:35:54 +0000 UTC  } {ContainersReady True 0001-01-01 00:00:00 +0000 UTC 0001-01-01 00:00:00 +0000 UTC  } {PodScheduled True 0001-01-01 00:00:00 +0000 UTC 2018-09-17 06:35:49 +0000 UTC  }]&#xA;Sep 19 08:12:11.956: INFO: k8s-master-10.46.6.173                                           10.46.6.173  Running           [{Initialized True 0001-01-01 00:00:00 +0000 UTC 2018-09-17 06:37:18 +0000 UTC  } {Ready True 0001-01-01 00:00:00 +0000 UTC 2018-09-17 06:37:26 +0000 UTC  } {ContainersReady True 0001-01-01 00:00:00 +0000 UTC 0001-01-01 00:00:00 +0000 UTC  } {PodScheduled True 0001-01-01 00:00:00 +0000 UTC 2018-09-17 06:37:18 +0000 UTC  }]&#xA;Sep 19 08:12:11.956: INFO: k8s-proxy-10.46.6.170                                            10.46.6.170  Running           [{Initialized True 0001-01-01 00:00:00 +0000 UTC 2018-09-17 07:05:43 +0000 UTC  } {Ready True 0001-01-01 00:00:00 +0000 UTC 2018-09-17 07:05:46 +0000 UTC  } {ContainersReady True 0001-01-01 00:00:00 +0000 UTC 0001-01-01 00:00:00 +0000 UTC  } {PodScheduled True 0001-01-01 00:00:00 +0000 UTC 2018-09-17 07:05:43 +0000 UTC  }]&#xA;Sep 19 08:12:11.956: INFO: k8s-proxy-10.46.6.171                                            10.46.6.171  Running           [{Initialized True 0001-01-01 00:00:00 +0000 UTC 2018-09-17 07:05:44 +0000 UTC  } {Ready True 0001-01-01 00:00:00 +0000 UTC 2018-09-17 07:05:46 +0000 UTC  } {ContainersReady True 0001-01-01 00:00:00 +0000 UTC 0001-01-01 00:00:00 +0000 UTC  } {PodScheduled True 0001-01-01 00:00:00 +0000 UTC 2018-09-17 07:05:44 +0000 UTC  }]&#xA;Sep 19 08:12:11.956: INFO: k8s-proxy-10.46.6.172                                            10.46.6.172  Running           [{Initialized True 0001-01-01 00:00:00 +0000 UTC 2018-09-17 07:05:44 +0000 UTC  } {Ready True 0001-01-01 00:00:00 +0000 UTC 2018-09-17 07:05:48 +0000 UTC  } {ContainersReady True 0001-01-01 00:00:00 +0000 UTC 0001-01-01 00:00:00 +0000 UTC  } {PodScheduled True 0001-01-01 00:00:00 +0000 UTC 2018-09-17 07:05:44 +0000 UTC  }]&#xA;Sep 19 08:12:11.956: INFO: k8s-proxy-10.46.6.173                                            10.46.6.173  Running           [{Initialized True 0001-01-01 00:00:00 +0000 UTC 2018-09-17 06:35:45 +0000 UTC  } {Ready True 0001-01-01 00:00:00 +0000 UTC 2018-09-17 06:35:50 +0000 UTC  } {ContainersReady True 0001-01-01 00:00:00 +0000 UTC 0001-01-01 00:00:00 +0000 UTC  } {PodScheduled True 0001-01-01 00:00:00 +0000 UTC 2018-09-17 06:35:45 +0000 UTC  }]&#xA;Sep 19 08:12:11.956: INFO: kube-dns-mwjc8                                                   10.46.6.173  Running           [{Initialized True 0001-01-01 00:00:00 +0000 UTC 2018-09-17 07:06:10 +0000 UTC  } {Ready True 0001-01-01 00:00:00 +0000 UTC 2018-09-17 07:06:18 +0000 UTC  } {ContainersReady True 0001-01-01 00:00:00 +0000 UTC 0001-01-01 00:00:00 +0000 UTC  } {PodScheduled True 0001-01-01 00:00:00 +0000 UTC 2018-09-17 07:06:10 +0000 UTC  }]&#xA;Sep 19 08:12:11.956: INFO: logging-elk-client-75d4d7994c-7g7fn                              10.46.6.171  Running           [{Initialized True 0001-01-01 00:00:00 +0000 UTC 2018-09-17 07:15:40 +0000 UTC  } {Ready True 0001-01-01 00:00:00 +0000 UTC 2018-09-17 07:16:22 +0000 UTC  } {ContainersReady True 0001-01-01 00:00:00 +0000 UTC 0001-01-01 00:00:00 +0000 UTC  } {PodScheduled True 0001-01-01 00:00:00 +0000 UTC 2018-09-17 07:15:20 +0000 UTC  }]&#xA;Sep 19 08:12:11.956: INFO: logging-elk-data-0                                               10.46.6.171  Running           [{Initialized True 0001-01-01 00:00:00 +0000 UTC 2018-09-17 07:15:47 +0000 UTC  } {Ready True 0001-01-01 00:00:00 +0000 UTC 2018-09-17 07:16:16 +0000 UTC  } {ContainersReady True 0001-01-01 00:00:00 +0000 UTC 0001-01-01 00:00:00 +0000 UTC  } {PodScheduled True 0001-01-01 00:00:00 +0000 UTC 2018-09-17 07:15:20 +0000 UTC  }]&#xA;Sep 19 08:12:11.956: INFO: logging-elk-elasticsearch-tls-init-6hnl4                         10.46.6.171  Succeeded         [{Initialized True 0001-01-01 00:00:00 +0000 UTC 2018-09-17 07:15:20 +0000 UTC PodCompleted } {Ready False 0001-01-01 00:00:00 +0000 UTC 2018-09-17 07:17:46 +0000 UTC PodCompleted } {ContainersReady False 0001-01-01 00:00:00 +0000 UTC 0001-01-01 00:00:00 +0000 UTC PodCompleted } {PodScheduled True 0001-01-01 00:00:00 +0000 UTC 2018-09-17 07:15:20 +0000 UTC  }]&#xA;Sep 19 08:12:11.956: INFO: logging-elk-filebeat-ds-bs86r                                    10.46.6.171  Running           [{Initialized True 0001-01-01 00:00:00 +0000 UTC 2018-09-17 07:15:20 +0000 UTC  } {Ready True 0001-01-01 00:00:00 +0000 UTC 2018-09-17 07:15:42 +0000 UTC  } {ContainersReady True 0001-01-01 00:00:00 +0000 UTC 0001-01-01 00:00:00 +0000 UTC  } {PodScheduled True 0001-01-01 00:00:00 +0000 UTC 2018-09-17 07:15:20 +0000 UTC  }]&#xA;Sep 19 08:12:11.956: INFO: logging-elk-filebeat-ds-jtd5q                                    10.46.6.170  Running           [{Initialized True 0001-01-01 00:00:00 +0000 UTC 2018-09-17 07:15:20 +0000 UTC  } {Ready True 0001-01-01 00:00:00 +0000 UTC 2018-09-17 07:15:37 +0000 UTC  } {ContainersReady True 0001-01-01 00:00:00 +0000 UTC 0001-01-01 00:00:00 +0000 UTC  } {PodScheduled True 0001-01-01 00:00:00 +0000 UTC 2018-09-17 07:15:20 +0000 UTC  }]&#xA;Sep 19 08:12:11.956: INFO: logging-elk-filebeat-ds-qf2vz                                    10.46.6.173  Running           [{Initialized True 0001-01-01 00:00:00 +0000 UTC 2018-09-17 07:15:20 +0000 UTC  } {Ready True 0001-01-01 00:00:00 +0000 UTC 2018-09-17 07:15:39 +0000 UTC  } {ContainersReady True 0001-01-01 00:00:00 +0000 UTC 0001-01-01 00:00:00 +0000 UTC  } {PodScheduled True 0001-01-01 00:00:00 +0000 UTC 2018-09-17 07:15:20 +0000 UTC  }]&#xA;Sep 19 08:12:11.956: INFO: logging-elk-filebeat-ds-vpk48                                    10.46.6.172  Running           [{Initialized True 0001-01-01 00:00:00 +0000 UTC 2018-09-17 07:15:20 +0000 UTC  } {Ready True 0001-01-01 00:00:00 +0000 UTC 2018-09-17 07:15:39 +0000 UTC  } {ContainersReady True 0001-01-01 00:00:00 +0000 UTC 0001-01-01 00:00:00 +0000 UTC  } {PodScheduled True 0001-01-01 00:00:00 +0000 UTC 2018-09-17 07:15:20 +0000 UTC  }]&#xA;Sep 19 08:12:11.956: INFO: logging-elk-kibana-ff4db4866-s2295                               10.46.6.171  Running           [{Initialized True 0001-01-01 00:00:00 +0000 UTC 2018-09-17 07:15:21 +0000 UTC  } {Ready True 0001-01-01 00:00:00 +0000 UTC 2018-09-17 07:15:45 +0000 UTC  } {ContainersReady True 0001-01-01 00:00:00 +0000 UTC 0001-01-01 00:00:00 +0000 UTC  } {PodScheduled True 0001-01-01 00:00:00 +0000 UTC 2018-09-17 07:15:21 +0000 UTC  }]&#xA;Sep 19 08:12:11.956: INFO: logging-elk-logstash-7994656f46-r89mt                            10.46.6.171  Running           [{Initialized True 0001-01-01 00:00:00 +0000 UTC 2018-09-17 07:15:22 +0000 UTC  } {Ready True 0001-01-01 00:00:00 +0000 UTC 2018-09-17 07:16:16 +0000 UTC  } {ContainersReady True 0001-01-01 00:00:00 +0000 UTC 0001-01-01 00:00:00 +0000 UTC  } {PodScheduled True 0001-01-01 00:00:00 +0000 UTC 2018-09-17 07:15:21 +0000 UTC  }]&#xA;Sep 19 08:12:11.956: INFO: logging-elk-master-6cdcf45f7d-gp28f                              10.46.6.171  Running           [{Initialized True 0001-01-01 00:00:00 +0000 UTC 2018-09-17 07:15:47 +0000 UTC  } {Ready True 0001-01-01 00:00:00 +0000 UTC 2018-09-17 07:16:16 +0000 UTC  } {ContainersReady True 0001-01-01 00:00:00 +0000 UTC 0001-01-01 00:00:00 +0000 UTC  } {PodScheduled True 0001-01-01 00:00:00 +0000 UTC 2018-09-17 07:15:21 +0000 UTC  }]&#xA;Sep 19 08:12:11.956: INFO: mariadb-0                                                        10.46.6.173  Running           [{Initialized True 0001-01-01 00:00:00 +0000 UTC 2018-09-17 07:08:38 +0000 UTC  } {Ready True 0001-01-01 00:00:00 +0000 UTC 2018-09-17 07:09:15 +0000 UTC  } {ContainersReady True 0001-01-01 00:00:00 +0000 UTC 0001-01-01 00:00:00 +0000 UTC  } {PodScheduled True 0001-01-01 00:00:00 +0000 UTC 2018-09-17 07:08:37 +0000 UTC  }]&#xA;Sep 19 08:12:11.956: INFO: metering-dm-8b475fc57-cmm6h                                      10.46.6.171  Running           [{Initialized True 0001-01-01 00:00:00 +0000 UTC 2018-09-17 07:14:20 +0000 UTC  } {Ready True 0001-01-01 00:00:00 +0000 UTC 2018-09-17 07:14:49 +0000 UTC  } {ContainersReady True 0001-01-01 00:00:00 +0000 UTC 0001-01-01 00:00:00 +0000 UTC  } {PodScheduled True 0001-01-01 00:00:00 +0000 UTC 2018-09-17 07:14:12 +0000 UTC  }]&#xA;Sep 19 08:12:11.956: INFO: metering-reader-44wd7                                            10.46.6.170  Running           [{Initialized True 0001-01-01 00:00:00 +0000 UTC 2018-09-17 07:14:20 +0000 UTC  } {Ready True 0001-01-01 00:00:00 +0000 UTC 2018-09-17 07:14:46 +0000 UTC  } {ContainersReady True 0001-01-01 00:00:00 +0000 UTC 0001-01-01 00:00:00 +0000 UTC  } {PodScheduled True 0001-01-01 00:00:00 +0000 UTC 2018-09-17 07:14:11 +0000 UTC  }]&#xA;Sep 19 08:12:11.956: INFO: metering-reader-gsrdg                                            10.46.6.172  Running           [{Initialized True 0001-01-01 00:00:00 +0000 UTC 2018-09-17 07:14:23 +0000 UTC  } {Ready True 0001-01-01 00:00:00 +0000 UTC 2018-09-17 07:14:52 +0000 UTC  } {ContainersReady True 0001-01-01 00:00:00 +0000 UTC 0001-01-01 00:00:00 +0000 UTC  } {PodScheduled True 0001-01-01 00:00:00 +0000 UTC 2018-09-17 07:14:11 +0000 UTC  }]&#xA;Sep 19 08:12:11.956: INFO: metering-reader-l7284                                            10.46.6.173  Running           [{Initialized True 0001-01-01 00:00:00 +0000 UTC 2018-09-17 07:14:24 +0000 UTC  } {Ready True 0001-01-01 00:00:00 +0000 UTC 2018-09-17 07:14:45 +0000 UTC  } {ContainersReady True 0001-01-01 00:00:00 +0000 UTC 0001-01-01 00:00:00 +0000 UTC  } {PodScheduled True 0001-01-01 00:00:00 +0000 UTC 2018-09-17 07:14:11 +0000 UTC  }]&#xA;Sep 19 08:12:11.956: INFO: metering-reader-xq8f2                                            10.46.6.171  Running           [{Initialized True 0001-01-01 00:00:00 +0000 UTC 2018-09-17 07:14:23 +0000 UTC  } {Ready True 0001-01-01 00:00:00 +0000 UTC 2018-09-17 07:14:55 +0000 UTC  } {ContainersReady True 0001-01-01 00:00:00 +0000 UTC 0001-01-01 00:00:00 +0000 UTC  } {PodScheduled True 0001-01-01 00:00:00 +0000 UTC 2018-09-17 07:14:11 +0000 UTC  }]&#xA;Sep 19 08:12:11.956: INFO: metering-ui-5bbfbb5d49-wkh8m                                     10.46.6.171  Running           [{Initialized True 0001-01-01 00:00:00 +0000 UTC 2018-09-17 07:14:22 +0000 UTC  } {Ready True 0001-01-01 00:00:00 +0000 UTC 2018-09-17 07:14:55 +0000 UTC  } {ContainersReady True 0001-01-01 00:00:00 +0000 UTC 0001-01-01 00:00:00 +0000 UTC  } {PodScheduled True 0001-01-01 00:00:00 +0000 UTC 2018-09-17 07:14:12 +0000 UTC  }]&#xA;Sep 19 08:12:11.957: INFO: metrics-server-6d6695f9db-8t4xs                                  10.46.6.171  Running           [{Initialized True 0001-01-01 00:00:00 +0000 UTC 2018-09-17 07:08:51 +0000 UTC  } {Ready True 0001-01-01 00:00:00 +0000 UTC 2018-09-17 07:08:55 +0000 UTC  } {ContainersReady True 0001-01-01 00:00:00 +0000 UTC 0001-01-01 00:00:00 +0000 UTC  } {PodScheduled True 0001-01-01 00:00:00 +0000 UTC 2018-09-17 07:08:51 +0000 UTC  }]&#xA;Sep 19 08:12:11.957: INFO: mgmt-repo-57dc689b74-tmp44                                       10.46.6.173  Running           [{Initialized True 0001-01-01 00:00:00 +0000 UTC 2018-09-17 07:18:10 +0000 UTC  } {Ready True 0001-01-01 00:00:00 +0000 UTC 2018-09-17 07:18:54 +0000 UTC  } {ContainersReady True 0001-01-01 00:00:00 +0000 UTC 0001-01-01 00:00:00 +0000 UTC  } {PodScheduled True 0001-01-01 00:00:00 +0000 UTC 2018-09-17 07:17:50 +0000 UTC  }]&#xA;Sep 19 08:12:11.957: INFO: monitoring-grafana-548b947c8c-dh89z                              10.46.6.171  Running           [{Initialized True 0001-01-01 00:00:00 +0000 UTC 2018-09-17 07:16:14 +0000 UTC  } {Ready True 0001-01-01 00:00:00 +0000 UTC 2018-09-17 07:16:59 +0000 UTC  } {ContainersReady True 0001-01-01 00:00:00 +0000 UTC 0001-01-01 00:00:00 +0000 UTC  } {PodScheduled True 0001-01-01 00:00:00 +0000 UTC 2018-09-17 07:15:46 +0000 UTC  }]&#xA;Sep 19 08:12:11.957: INFO: monitoring-prometheus-6677d7c77f-pnpt5                           10.46.6.171  Running           [{Initialized True 0001-01-01 00:00:00 +0000 UTC 2018-09-17 07:16:14 +0000 UTC  } {Ready True 0001-01-01 00:00:00 +0000 UTC 2018-09-17 07:17:03 +0000 UTC  } {ContainersReady True 0001-01-01 00:00:00 +0000 UTC 0001-01-01 00:00:00 +0000 UTC  } {PodScheduled True 0001-01-01 00:00:00 +0000 UTC 2018-09-17 07:15:45 +0000 UTC  }]&#xA;Sep 19 08:12:11.957: INFO: monitoring-prometheus-alertmanager-7d8749dbb8-xj68d              10.46.6.171  Running           [{Initialized True 0001-01-01 00:00:00 +0000 UTC 2018-09-17 07:15:46 +0000 UTC  } {Ready True 0001-01-01 00:00:00 +0000 UTC 2018-09-17 07:16:45 +0000 UTC  } {ContainersReady True 0001-01-01 00:00:00 +0000 UTC 0001-01-01 00:00:00 +0000 UTC  } {PodScheduled True 0001-01-01 00:00:00 +0000 UTC 2018-09-17 07:15:45 +0000 UTC  }]&#xA;Sep 19 08:12:11.957: INFO: monitoring-prometheus-collectdexporter-77575678dc-v8n2l          10.46.6.171  Running           [{Initialized True 0001-01-01 00:00:00 +0000 UTC 2018-09-17 07:15:46 +0000 UTC  } {Ready True 0001-01-01 00:00:00 +0000 UTC 2018-09-17 07:16:42 +0000 UTC  } {ContainersReady True 0001-01-01 00:00:00 +0000 UTC 0001-01-01 00:00:00 +0000 UTC  } {PodScheduled True 0001-01-01 00:00:00 +0000 UTC 2018-09-17 07:15:45 +0000 UTC  }]&#xA;Sep 19 08:12:11.957: INFO: monitoring-prometheus-elasticsearchexporter-655864cccb-c6tps     10.46.6.171  Running           [{Initialized True 0001-01-01 00:00:00 +0000 UTC 2018-09-17 07:15:46 +0000 UTC  } {Ready True 0001-01-01 00:00:00 +0000 UTC 2018-09-17 07:16:52 +0000 UTC  } {ContainersReady True 0001-01-01 00:00:00 +0000 UTC 0001-01-01 00:00:00 +0000 UTC  } {PodScheduled True 0001-01-01 00:00:00 +0000 UTC 2018-09-17 07:15:45 +0000 UTC  }]&#xA;Sep 19 08:12:11.957: INFO: monitoring-prometheus-kubestatemetrics-54dcbb6cfb-76zmm          10.46.6.171  Running           [{Initialized True 0001-01-01 00:00:00 +0000 UTC 2018-09-17 07:15:45 +0000 UTC  } {Ready True 0001-01-01 00:00:00 +0000 UTC 2018-09-17 07:16:34 +0000 UTC  } {ContainersReady True 0001-01-01 00:00:00 +0000 UTC 0001-01-01 00:00:00 +0000 UTC  } {PodScheduled True 0001-01-01 00:00:00 +0000 UTC 2018-09-17 07:15:45 +0000 UTC  }]&#xA;Sep 19 08:12:11.957: INFO: monitoring-prometheus-nodeexporter-9fnpb                         10.46.6.171  Running           [{Initialized True 0001-01-01 00:00:00 +0000 UTC 2018-09-17 07:15:44 +0000 UTC  } {Ready True 0001-01-01 00:00:00 +0000 UTC 2018-09-17 07:16:44 +0000 UTC  } {ContainersReady True 0001-01-01 00:00:00 +0000 UTC 0001-01-01 00:00:00 +0000 UTC  } {PodScheduled True 0001-01-01 00:00:00 +0000 UTC 2018-09-17 07:15:44 +0000 UTC  }]&#xA;Sep 19 08:12:11.957: INFO: monitoring-prometheus-nodeexporter-f84fv                         10.46.6.173  Running           [{Initialized True 0001-01-01 00:00:00 +0000 UTC 2018-09-17 07:15:45 +0000 UTC  } {Ready True 0001-01-01 00:00:00 +0000 UTC 2018-09-17 07:16:28 +0000 UTC  } {ContainersReady True 0001-01-01 00:00:00 +0000 UTC 0001-01-01 00:00:00 +0000 UTC  } {PodScheduled True 0001-01-01 00:00:00 +0000 UTC 2018-09-17 07:15:45 +0000 UTC  }]&#xA;Sep 19 08:12:11.957: INFO: monitoring-prometheus-nodeexporter-tpbc8                         10.46.6.170  Running           [{Initialized True 0001-01-01 00:00:00 +0000 UTC 2018-09-17 07:15:44 +0000 UTC  } {Ready True 0001-01-01 00:00:00 +0000 UTC 2018-09-17 07:16:27 +0000 UTC  } {ContainersReady True 0001-01-01 00:00:00 +0000 UTC 0001-01-01 00:00:00 +0000 UTC  } {PodScheduled True 0001-01-01 00:00:00 +0000 UTC 2018-09-17 07:15:44 +0000 UTC  }]&#xA;Sep 19 08:12:11.957: INFO: monitoring-prometheus-nodeexporter-v4l7d                         10.46.6.172  Running           [{Initialized True 0001-01-01 00:00:00 +0000 UTC 2018-09-17 07:15:44 +0000 UTC  } {Ready True 0001-01-01 00:00:00 +0000 UTC 2018-09-17 07:16:31 +0000 UTC  } {ContainersReady True 0001-01-01 00:00:00 +0000 UTC 0001-01-01 00:00:00 +0000 UTC  } {PodScheduled True 0001-01-01 00:00:00 +0000 UTC 2018-09-17 07:15:44 +0000 UTC  }]&#xA;Sep 19 08:12:11.957: INFO: my-ibm-open-liberty-ibm-7f7d9778d7-7t5jc                         10.46.6.170  Running           [{Initialized True 0001-01-01 00:00:00 +0000 UTC 2018-09-17 08:22:24 +0000 UTC  } {Ready True 0001-01-01 00:00:00 +0000 UTC 2018-09-17 08:23:21 +0000 UTC  } {ContainersReady True 0001-01-01 00:00:00 +0000 UTC 0001-01-01 00:00:00 +0000 UTC  } {PodScheduled True 0001-01-01 00:00:00 +0000 UTC 2018-09-17 08:22:24 +0000 UTC  }]&#xA;Sep 19 08:12:11.957: INFO: nginx-ingress-controller-h5z2v                                   10.46.6.173  Running           [{Initialized True 0001-01-01 00:00:00 +0000 UTC 2018-09-17 07:08:39 +0000 UTC  } {Ready True 0001-01-01 00:00:00 +0000 UTC 2018-09-17 07:08:54 +0000 UTC  } {ContainersReady True 0001-01-01 00:00:00 +0000 UTC 0001-01-01 00:00:00 +0000 UTC  } {PodScheduled True 0001-01-01 00:00:00 +0000 UTC 2018-09-17 07:08:28 +0000 UTC  }]&#xA;Sep 19 08:12:11.957: INFO: nvidia-device-plugin-9h2k4                                       10.46.6.170  Running           [{Initialized True 0001-01-01 00:00:00 +0000 UTC 2018-09-17 07:07:23 +0000 UTC  } {Ready True 0001-01-01 00:00:00 +0000 UTC 2018-09-17 07:07:24 +0000 UTC  } {ContainersReady True 0001-01-01 00:00:00 +0000 UTC 0001-01-01 00:00:00 +0000 UTC  } {PodScheduled True 0001-01-01 00:00:00 +0000 UTC 2018-09-17 07:07:17 +0000 UTC  }]&#xA;Sep 19 08:12:11.957: INFO: nvidia-device-plugin-nh54k                                       10.46.6.173  Running           [{Initialized True 0001-01-01 00:00:00 +0000 UTC 2018-09-17 07:07:29 +0000 UTC  } {Ready True 0001-01-01 00:00:00 +0000 UTC 2018-09-17 07:07:33 +0000 UTC  } {ContainersReady True 0001-01-01 00:00:00 +0000 UTC 0001-01-01 00:00:00 +0000 UTC  } {PodScheduled True 0001-01-01 00:00:00 +0000 UTC 2018-09-17 07:07:17 +0000 UTC  }]&#xA;Sep 19 08:12:11.957: INFO: nvidia-device-plugin-vh85n                                       10.46.6.171  Running           [{Initialized True 0001-01-01 00:00:00 +0000 UTC 2018-09-17 07:07:21 +0000 UTC  } {Ready True 0001-01-01 00:00:00 +0000 UTC 2018-09-17 07:07:23 +0000 UTC  } {ContainersReady True 0001-01-01 00:00:00 +0000 UTC 0001-01-01 00:00:00 +0000 UTC  } {PodScheduled True 0001-01-01 00:00:00 +0000 UTC 2018-09-17 07:07:17 +0000 UTC  }]&#xA;Sep 19 08:12:11.957: INFO: nvidia-device-plugin-w9jr8                                       10.46.6.172  Running           [{Initialized True 0001-01-01 00:00:00 +0000 UTC 2018-09-17 07:07:24 +0000 UTC  } {Ready True 0001-01-01 00:00:00 +0000 UTC 2018-09-17 07:07:26 +0000 UTC  } {ContainersReady True 0001-01-01 00:00:00 +0000 UTC 0001-01-01 00:00:00 +0000 UTC  } {PodScheduled True 0001-01-01 00:00:00 +0000 UTC 2018-09-17 07:07:17 +0000 UTC  }]&#xA;Sep 19 08:12:11.957: INFO: oidc-client-registration-szxrk                                   10.46.6.173  Succeeded         [{Initialized True 0001-01-01 00:00:00 +0000 UTC 2018-09-17 07:10:05 +0000 UTC PodCompleted } {Ready False 0001-01-01 00:00:00 +0000 UTC 2018-09-17 07:12:27 +0000 UTC PodCompleted } {ContainersReady False 0001-01-01 00:00:00 +0000 UTC 0001-01-01 00:00:00 +0000 UTC PodCompleted } {PodScheduled True 0001-01-01 00:00:00 +0000 UTC 2018-09-17 07:10:04 +0000 UTC  }]&#xA;Sep 19 08:12:11.957: INFO: platform-api-2fs4x                                               10.46.6.173  Running           [{Initialized True 0001-01-01 00:00:00 +0000 UTC 2018-09-17 07:08:45 +0000 UTC  } {Ready True 0001-01-01 00:00:00 +0000 UTC 2018-09-17 07:16:29 +0000 UTC  } {ContainersReady True 0001-01-01 00:00:00 +0000 UTC 0001-01-01 00:00:00 +0000 UTC  } {PodScheduled True 0001-01-01 00:00:00 +0000 UTC 2018-09-17 07:08:45 +0000 UTC  }]&#xA;Sep 19 08:12:11.957: INFO: platform-deploy-dbbks                                            10.46.6.173  Running           [{Initialized True 0001-01-01 00:00:00 +0000 UTC 2018-09-17 07:08:45 +0000 UTC  } {Ready True 0001-01-01 00:00:00 +0000 UTC 2018-09-17 07:08:57 +0000 UTC  } {ContainersReady True 0001-01-01 00:00:00 +0000 UTC 0001-01-01 00:00:00 +0000 UTC  } {PodScheduled True 0001-01-01 00:00:00 +0000 UTC 2018-09-17 07:08:45 +0000 UTC  }]&#xA;Sep 19 08:12:11.957: INFO: platform-ui-6fjgx                                                10.46.6.173  Running           [{Initialized True 0001-01-01 00:00:00 +0000 UTC 2018-09-17 07:14:34 +0000 UTC  } {Ready True 0001-01-01 00:00:00 +0000 UTC 2018-09-17 07:15:20 +0000 UTC  } {ContainersReady True 0001-01-01 00:00:00 +0000 UTC 0001-01-01 00:00:00 +0000 UTC  } {PodScheduled True 0001-01-01 00:00:00 +0000 UTC 2018-09-17 07:14:34 +0000 UTC  }]&#xA;Sep 19 08:12:11.957: INFO: secret-watcher-5f59fcbc69-pfnfk                                  10.46.6.173  Running           [{Initialized True 0001-01-01 00:00:00 +0000 UTC 2018-09-17 07:18:05 +0000 UTC  } {Ready True 0001-01-01 00:00:00 +0000 UTC 2018-09-17 07:18:30 +0000 UTC  } {ContainersReady True 0001-01-01 00:00:00 +0000 UTC 0001-01-01 00:00:00 +0000 UTC  } {PodScheduled True 0001-01-01 00:00:00 +0000 UTC 2018-09-17 07:18:04 +0000 UTC  }]&#xA;Sep 19 08:12:11.957: INFO: security-onboarding-tkf79                                        10.46.6.173  Succeeded         [{Initialized True 0001-01-01 00:00:00 +0000 UTC 2018-09-17 07:18:12 +0000 UTC PodCompleted } {Ready False 0001-01-01 00:00:00 +0000 UTC 2018-09-17 07:20:02 +0000 UTC PodCompleted } {ContainersReady False 0001-01-01 00:00:00 +0000 UTC 0001-01-01 00:00:00 +0000 UTC PodCompleted } {PodScheduled True 0001-01-01 00:00:00 +0000 UTC 2018-09-17 07:18:12 +0000 UTC  }]&#xA;Sep 19 08:12:11.957: INFO: service-catalog-apiserver-967x9                                  10.46.6.173  Running           [{Initialized True 0001-01-01 00:00:00 +0000 UTC 2018-09-17 07:08:20 +0000 UTC  } {Ready True 0001-01-01 00:00:00 +0000 UTC 2018-09-17 07:09:01 +0000 UTC  } {ContainersReady True 0001-01-01 00:00:00 +0000 UTC 0001-01-01 00:00:00 +0000 UTC  } {PodScheduled True 0001-01-01 00:00:00 +0000 UTC 2018-09-17 07:08:20 +0000 UTC  }]&#xA;Sep 19 08:12:11.957: INFO: service-catalog-controller-manager-5969cccf86-65phs              10.46.6.173  Running           [{Initialized True 0001-01-01 00:00:00 +0000 UTC 2018-09-17 07:08:21 +0000 UTC  } {Ready True 0001-01-01 00:00:00 +0000 UTC 2018-09-17 07:08:34 +0000 UTC  } {ContainersReady True 0001-01-01 00:00:00 +0000 UTC 0001-01-01 00:00:00 +0000 UTC  } {PodScheduled True 0001-01-01 00:00:00 +0000 UTC 2018-09-17 07:08:20 +0000 UTC  }]&#xA;Sep 19 08:12:11.958: INFO: tiller-deploy-6b58875cb-5l8kh                                    10.46.6.173  Running           [{Initialized True 0001-01-01 00:00:00 +0000 UTC 2018-09-17 07:05:28 +0000 UTC  } {Ready True 0001-01-01 00:00:00 +0000 UTC 2018-09-17 07:05:43 +0000 UTC  } {ContainersReady True 0001-01-01 00:00:00 +0000 UTC 0001-01-01 00:00:00 +0000 UTC  } {PodScheduled True 0001-01-01 00:00:00 +0000 UTC 2018-09-17 07:05:28 +0000 UTC  }]&#xA;Sep 19 08:12:11.958: INFO: unified-router-lkwnl                                             10.46.6.173  Running           [{Initialized True 0001-01-01 00:00:00 +0000 UTC 2018-09-17 07:15:31 +0000 UTC  } {Ready True 0001-01-01 00:00:00 +0000 UTC 2018-09-17 07:15:40 +0000 UTC  } {ContainersReady True 0001-01-01 00:00:00 +0000 UTC 0001-01-01 00:00:00 +0000 UTC  } {PodScheduled True 0001-01-01 00:00:00 +0000 UTC 2018-09-17 07:15:31 +0000 UTC  }]&#xA;Sep 19 08:12:11.958: INFO: vulnerability-advisor-compliance-annotator-d5659b9d9-kmn8q       10.46.6.172  Running           [{Initialized True 0001-01-01 00:00:00 +0000 UTC 2018-09-17 07:19:03 +0000 UTC  } {Ready True 0001-01-01 00:00:00 +0000 UTC 2018-09-17 07:21:08 +0000 UTC  } {ContainersReady True 0001-01-01 00:00:00 +0000 UTC 0001-01-01 00:00:00 +0000 UTC  } {PodScheduled True 0001-01-01 00:00:00 +0000 UTC 2018-09-17 07:19:03 +0000 UTC  }]&#xA;Sep 19 08:12:11.958: INFO: vulnerability-advisor-compliance-indexer-7cbdc64b57-47lmd        10.46.6.172  Running           [{Initialized True 0001-01-01 00:00:00 +0000 UTC 2018-09-17 07:19:07 +0000 UTC  } {Ready True 0001-01-01 00:00:00 +0000 UTC 2018-09-17 07:19:33 +0000 UTC  } {ContainersReady True 0001-01-01 00:00:00 +0000 UTC 0001-01-01 00:00:00 +0000 UTC  } {PodScheduled True 0001-01-01 00:00:00 +0000 UTC 2018-09-17 07:19:06 +0000 UTC  }]&#xA;Sep 19 08:12:11.958: INFO: vulnerability-advisor-config-parser-5d44b78fd5-z4k9t             10.46.6.172  Running           [{Initialized True 0001-01-01 00:00:00 +0000 UTC 2018-09-17 07:19:04 +0000 UTC  } {Ready True 0001-01-01 00:00:00 +0000 UTC 2018-09-17 07:21:09 +0000 UTC  } {ContainersReady True 0001-01-01 00:00:00 +0000 UTC 0001-01-01 00:00:00 +0000 UTC  } {PodScheduled True 0001-01-01 00:00:00 +0000 UTC 2018-09-17 07:19:03 +0000 UTC  }]&#xA;Sep 19 08:12:11.958: INFO: vulnerability-advisor-cos-indexer-57899b7dd6-7cpf8               10.46.6.172  Running           [{Initialized True 0001-01-01 00:00:00 +0000 UTC 2018-09-17 07:19:04 +0000 UTC  } {Ready True 0001-01-01 00:00:00 +0000 UTC 2018-09-19 07:20:04 +0000 UTC  } {ContainersReady True 0001-01-01 00:00:00 +0000 UTC 0001-01-01 00:00:00 +0000 UTC  } {PodScheduled True 0001-01-01 00:00:00 +0000 UTC 2018-09-17 07:19:04 +0000 UTC  }]&#xA;Sep 19 08:12:11.958: INFO: vulnerability-advisor-kafka-0                                    10.46.6.172  Running           [{Initialized True 0001-01-01 00:00:00 +0000 UTC 2018-09-17 07:19:13 +0000 UTC  } {Ready True 0001-01-01 00:00:00 +0000 UTC 2018-09-17 07:20:53 +0000 UTC  } {ContainersReady True 0001-01-01 00:00:00 +0000 UTC 0001-01-01 00:00:00 +0000 UTC  } {PodScheduled True 0001-01-01 00:00:00 +0000 UTC 2018-09-17 07:19:13 +0000 UTC  }]&#xA;Sep 19 08:12:11.958: INFO: vulnerability-advisor-live-crawler-84st2                         10.46.6.172  Running           [{Initialized True 0001-01-01 00:00:00 +0000 UTC 2018-09-17 07:19:03 +0000 UTC  } {Ready True 0001-01-01 00:00:00 +0000 UTC 2018-09-17 07:19:26 +0000 UTC  } {ContainersReady True 0001-01-01 00:00:00 +0000 UTC 0001-01-01 00:00:00 +0000 UTC  } {PodScheduled True 0001-01-01 00:00:00 +0000 UTC 2018-09-17 07:19:03 +0000 UTC  }]&#xA;Sep 19 08:12:11.958: INFO: vulnerability-advisor-live-crawler-ccxd7                         10.46.6.170  Running           [{Initialized True 0001-01-01 00:00:00 +0000 UTC 2018-09-17 07:19:03 +0000 UTC  } {Ready True 0001-01-01 00:00:00 +0000 UTC 2018-09-17 07:19:14 +0000 UTC  } {ContainersReady True 0001-01-01 00:00:00 +0000 UTC 0001-01-01 00:00:00 +0000 UTC  } {PodScheduled True 0001-01-01 00:00:00 +0000 UTC 2018-09-17 07:19:03 +0000 UTC  }]&#xA;Sep 19 08:12:11.958: INFO: vulnerability-advisor-live-crawler-p6khc                         10.46.6.173  Running           [{Initialized True 0001-01-01 00:00:00 +0000 UTC 2018-09-17 07:19:02 +0000 UTC  } {Ready True 0001-01-01 00:00:00 +0000 UTC 2018-09-17 07:19:22 +0000 UTC  } {ContainersReady True 0001-01-01 00:00:00 +0000 UTC 0001-01-01 00:00:00 +0000 UTC  } {PodScheduled True 0001-01-01 00:00:00 +0000 UTC 2018-09-17 07:19:02 +0000 UTC  }]&#xA;Sep 19 08:12:11.958: INFO: vulnerability-advisor-live-crawler-xxz8p                         10.46.6.171  Running           [{Initialized True 0001-01-01 00:00:00 +0000 UTC 2018-09-17 07:19:03 +0000 UTC  } {Ready True 0001-01-01 00:00:00 +0000 UTC 2018-09-17 07:19:18 +0000 UTC  } {ContainersReady True 0001-01-01 00:00:00 +0000 UTC 0001-01-01 00:00:00 +0000 UTC  } {PodScheduled True 0001-01-01 00:00:00 +0000 UTC 2018-09-17 07:19:03 +0000 UTC  }]&#xA;Sep 19 08:12:11.958: INFO: vulnerability-advisor-ma-file-annotator-6b95df8886-jtczz         10.46.6.172  Running           [{Initialized True 0001-01-01 00:00:00 +0000 UTC 2018-09-17 07:19:04 +0000 UTC  } {Ready True 0001-01-01 00:00:00 +0000 UTC 2018-09-17 07:23:32 +0000 UTC  } {ContainersReady True 0001-01-01 00:00:00 +0000 UTC 0001-01-01 00:00:00 +0000 UTC  } {PodScheduled True 0001-01-01 00:00:00 +0000 UTC 2018-09-17 07:19:04 +0000 UTC  }]&#xA;Sep 19 08:12:11.958: INFO: vulnerability-advisor-minio-0                                    10.46.6.172  Running           [{Initialized True 0001-01-01 00:00:00 +0000 UTC 2018-09-17 07:21:51 +0000 UTC  } {Ready True 0001-01-01 00:00:00 +0000 UTC 2018-09-17 07:21:54 +0000 UTC  } {ContainersReady True 0001-01-01 00:00:00 +0000 UTC 0001-01-01 00:00:00 +0000 UTC  } {PodScheduled True 0001-01-01 00:00:00 +0000 UTC 2018-09-17 07:19:15 +0000 UTC  }]&#xA;Sep 19 08:12:11.958: INFO: vulnerability-advisor-minio-cleaner-1537228740-55f4w             10.46.6.172  Succeeded         [{Initialized True 0001-01-01 00:00:00 +0000 UTC 2018-09-17 23:59:03 +0000 UTC PodCompleted } {Ready False 0001-01-01 00:00:00 +0000 UTC 2018-09-17 23:59:42 +0000 UTC PodCompleted } {ContainersReady False 0001-01-01 00:00:00 +0000 UTC 0001-01-01 00:00:00 +0000 UTC PodCompleted } {PodScheduled True 0001-01-01 00:00:00 +0000 UTC 2018-09-17 23:59:03 +0000 UTC  }]&#xA;Sep 19 08:12:11.958: INFO: vulnerability-advisor-minio-cleaner-1537315140-nqk7v             10.46.6.172  Succeeded         [{Initialized True 0001-01-01 00:00:00 +0000 UTC 2018-09-18 23:59:04 +0000 UTC PodCompleted } {Ready False 0001-01-01 00:00:00 +0000 UTC 2018-09-19 00:00:52 +0000 UTC PodCompleted } {ContainersReady False 0001-01-01 00:00:00 +0000 UTC 0001-01-01 00:00:00 +0000 UTC PodCompleted } {PodScheduled True 0001-01-01 00:00:00 +0000 UTC 2018-09-18 23:59:04 +0000 UTC  }]&#xA;Sep 19 08:12:11.958: INFO: vulnerability-advisor-notification-dispatcher-86f8bf4b4d-cfdzb   10.46.6.172  Running           [{Initialized True 0001-01-01 00:00:00 +0000 UTC 2018-09-17 07:19:04 +0000 UTC  } {Ready True 0001-01-01 00:00:00 +0000 UTC 2018-09-17 07:20:31 +0000 UTC  } {ContainersReady True 0001-01-01 00:00:00 +0000 UTC 0001-01-01 00:00:00 +0000 UTC  } {PodScheduled True 0001-01-01 00:00:00 +0000 UTC 2018-09-17 07:19:04 +0000 UTC  }]&#xA;Sep 19 08:12:11.958: INFO: vulnerability-advisor-password-annotator-79b5d794b5-wnwqn        10.46.6.172  Running           [{Initialized True 0001-01-01 00:00:00 +0000 UTC 2018-09-17 07:19:05 +0000 UTC  } {Ready True 0001-01-01 00:00:00 +0000 UTC 2018-09-17 07:20:29 +0000 UTC  } {ContainersReady True 0001-01-01 00:00:00 +0000 UTC 0001-01-01 00:00:00 +0000 UTC  } {PodScheduled True 0001-01-01 00:00:00 +0000 UTC 2018-09-17 07:19:04 +0000 UTC  }]&#xA;Sep 19 08:12:11.958: INFO: vulnerability-advisor-process-ma-annotator-58f47d5b5f-4wglg      10.46.6.172  Running           [{Initialized True 0001-01-01 00:00:00 +0000 UTC 2018-09-17 07:19:06 +0000 UTC  } {Ready True 0001-01-01 00:00:00 +0000 UTC 2018-09-17 07:20:56 +0000 UTC  } {ContainersReady True 0001-01-01 00:00:00 +0000 UTC 0001-01-01 00:00:00 +0000 UTC  } {PodScheduled True 0001-01-01 00:00:00 +0000 UTC 2018-09-17 07:19:05 +0000 UTC  }]&#xA;Sep 19 08:12:11.958: INFO: vulnerability-advisor-process-ma-annotator-58f47d5b5f-xbxrc      10.46.6.172  Running           [{Initialized True 0001-01-01 00:00:00 +0000 UTC 2018-09-17 07:19:06 +0000 UTC  } {Ready True 0001-01-01 00:00:00 +0000 UTC 2018-09-17 07:21:50 +0000 UTC  } {ContainersReady True 0001-01-01 00:00:00 +0000 UTC 0001-01-01 00:00:00 +0000 UTC  } {PodScheduled True 0001-01-01 00:00:00 +0000 UTC 2018-09-17 07:19:05 +0000 UTC  }]&#xA;Sep 19 08:12:11.958: INFO: vulnerability-advisor-process-ma-annotator-init-869545d547nn27w  10.46.6.172  Running           [{Initialized True 0001-01-01 00:00:00 +0000 UTC 2018-09-17 07:19:06 +0000 UTC  } {Ready True 0001-01-01 00:00:00 +0000 UTC 2018-09-17 07:19:42 +0000 UTC  } {ContainersReady True 0001-01-01 00:00:00 +0000 UTC 0001-01-01 00:00:00 +0000 UTC  } {PodScheduled True 0001-01-01 00:00:00 +0000 UTC 2018-09-17 07:19:05 +0000 UTC  }]&#xA;Sep 19 08:12:11.958: INFO: vulnerability-advisor-process-ma-crawler-24z6k                   10.46.6.172  Running           [{Initialized True 0001-01-01 00:00:00 +0000 UTC 2018-09-17 07:19:03 +0000 UTC  } {Ready True 0001-01-01 00:00:00 +0000 UTC 2018-09-17 07:19:32 +0000 UTC  } {ContainersReady True 0001-01-01 00:00:00 +0000 UTC 0001-01-01 00:00:00 +0000 UTC  } {PodScheduled True 0001-01-01 00:00:00 +0000 UTC 2018-09-17 07:19:03 +0000 UTC  }]&#xA;Sep 19 08:12:11.958: INFO: vulnerability-advisor-process-ma-crawler-5g4zk                   10.46.6.170  Running           [{Initialized True 0001-01-01 00:00:00 +0000 UTC 2018-09-17 07:19:03 +0000 UTC  } {Ready True 0001-01-01 00:00:00 +0000 UTC 2018-09-17 07:19:16 +0000 UTC  } {ContainersReady True 0001-01-01 00:00:00 +0000 UTC 0001-01-01 00:00:00 +0000 UTC  } {PodScheduled True 0001-01-01 00:00:00 +0000 UTC 2018-09-17 07:19:03 +0000 UTC  }]&#xA;Sep 19 08:12:11.958: INFO: vulnerability-advisor-process-ma-crawler-96728                   10.46.6.173  Running           [{Initialized True 0001-01-01 00:00:00 +0000 UTC 2018-09-17 07:19:03 +0000 UTC  } {Ready True 0001-01-01 00:00:00 +0000 UTC 2018-09-17 07:19:23 +0000 UTC  } {ContainersReady True 0001-01-01 00:00:00 +0000 UTC 0001-01-01 00:00:00 +0000 UTC  } {PodScheduled True 0001-01-01 00:00:00 +0000 UTC 2018-09-17 07:19:03 +0000 UTC  }]&#xA;Sep 19 08:12:11.958: INFO: vulnerability-advisor-process-ma-crawler-b7k2d                   10.46.6.171  Running           [{Initialized True 0001-01-01 00:00:00 +0000 UTC 2018-09-17 07:19:03 +0000 UTC  } {Ready True 0001-01-01 00:00:00 +0000 UTC 2018-09-17 07:19:13 +0000 UTC  } {ContainersReady True 0001-01-01 00:00:00 +0000 UTC 0001-01-01 00:00:00 +0000 UTC  } {PodScheduled True 0001-01-01 00:00:00 +0000 UTC 2018-09-17 07:19:03 +0000 UTC  }]&#xA;Sep 19 08:12:11.959: INFO: vulnerability-advisor-registry-crawler-6f9568677b-bfpm6          10.46.6.172  Running           [{Initialized True 0001-01-01 00:00:00 +0000 UTC 2018-09-17 07:19:08 +0000 UTC  } {Ready True 0001-01-01 00:00:00 +0000 UTC 2018-09-17 07:19:48 +0000 UTC  } {ContainersReady True 0001-01-01 00:00:00 +0000 UTC 0001-01-01 00:00:00 +0000 UTC  } {PodScheduled True 0001-01-01 00:00:00 +0000 UTC 2018-09-17 07:19:07 +0000 UTC  }]&#xA;Sep 19 08:12:11.959: INFO: vulnerability-advisor-rootkit-annotator-74cb65b5cf-2dk5j         10.46.6.172  Running           [{Initialized True 0001-01-01 00:00:00 +0000 UTC 2018-09-17 07:19:08 +0000 UTC  } {Ready True 0001-01-01 00:00:00 +0000 UTC 2018-09-17 07:20:26 +0000 UTC  } {ContainersReady True 0001-01-01 00:00:00 +0000 UTC 0001-01-01 00:00:00 +0000 UTC  } {PodScheduled True 0001-01-01 00:00:00 +0000 UTC 2018-09-17 07:19:07 +0000 UTC  }]&#xA;Sep 19 08:12:11.959: INFO: vulnerability-advisor-rootkit-indexer-cd8b4646b-xlhwq            10.46.6.172  Running           [{Initialized True 0001-01-01 00:00:00 +0000 UTC 2018-09-17 07:19:07 +0000 UTC  } {Ready True 0001-01-01 00:00:00 +0000 UTC 2018-09-17 07:19:26 +0000 UTC  } {ContainersReady True 0001-01-01 00:00:00 +0000 UTC 0001-01-01 00:00:00 +0000 UTC  } {PodScheduled True 0001-01-01 00:00:00 +0000 UTC 2018-09-17 07:19:06 +0000 UTC  }]&#xA;Sep 19 08:12:11.959: INFO: vulnerability-advisor-sas-apiserver-5fd8d44bc9-7bvkn             10.46.6.172  Running           [{Initialized True 0001-01-01 00:00:00 +0000 UTC 2018-09-17 07:19:09 +0000 UTC  } {Ready True 0001-01-01 00:00:00 +0000 UTC 2018-09-17 07:20:03 +0000 UTC  } {ContainersReady True 0001-01-01 00:00:00 +0000 UTC 0001-01-01 00:00:00 +0000 UTC  } {PodScheduled True 0001-01-01 00:00:00 +0000 UTC 2018-09-17 07:19:08 +0000 UTC  }]&#xA;Sep 19 08:12:11.959: INFO: vulnerability-advisor-sas-mgmt-64fb95bc44-j9vjc                  10.46.6.172  Running           [{Initialized True 0001-01-01 00:00:00 +0000 UTC 2018-09-17 07:19:08 +0000 UTC  } {Ready True 0001-01-01 00:00:00 +0000 UTC 2018-09-17 07:19:39 +0000 UTC  } {ContainersReady True 0001-01-01 00:00:00 +0000 UTC 0001-01-01 00:00:00 +0000 UTC  } {PodScheduled True 0001-01-01 00:00:00 +0000 UTC 2018-09-17 07:19:08 +0000 UTC  }]&#xA;Sep 19 08:12:11.959: INFO: vulnerability-advisor-secconfig-annotator-7dbcf5d9f4-fkmkb       10.46.6.172  Running           [{Initialized True 0001-01-01 00:00:00 +0000 UTC 2018-09-17 07:19:10 +0000 UTC  } {Ready True 0001-01-01 00:00:00 +0000 UTC 2018-09-17 07:19:45 +0000 UTC  } {ContainersReady True 0001-01-01 00:00:00 +0000 UTC 0001-01-01 00:00:00 +0000 UTC  } {PodScheduled True 0001-01-01 00:00:00 +0000 UTC 2018-09-17 07:19:08 +0000 UTC  }]&#xA;Sep 19 08:12:11.959: INFO: vulnerability-advisor-secconfig-indexer-674647df7c-qq5ff         10.46.6.172  Running           [{Initialized True 0001-01-01 00:00:00 +0000 UTC 2018-09-17 07:19:07 +0000 UTC  } {Ready True 0001-01-01 00:00:00 +0000 UTC 2018-09-17 07:19:33 +0000 UTC  } {ContainersReady True 0001-01-01 00:00:00 +0000 UTC 0001-01-01 00:00:00 +0000 UTC  } {PodScheduled True 0001-01-01 00:00:00 +0000 UTC 2018-09-17 07:19:06 +0000 UTC  }]&#xA;Sep 19 08:12:11.959: INFO: vulnerability-advisor-statsd-7746859df4-jjm6f                    10.46.6.172  Running           [{Initialized True 0001-01-01 00:00:00 +0000 UTC 2018-09-17 07:19:10 +0000 UTC  } {Ready True 0001-01-01 00:00:00 +0000 UTC 2018-09-17 07:19:38 +0000 UTC  } {ContainersReady True 0001-01-01 00:00:00 +0000 UTC 0001-01-01 00:00:00 +0000 UTC  } {PodScheduled True 0001-01-01 00:00:00 +0000 UTC 2018-09-17 07:19:09 +0000 UTC  }]&#xA;Sep 19 08:12:11.959: INFO: vulnerability-advisor-usncrawler-8h976                           10.46.6.172  Succeeded         [{Initialized True 0001-01-01 00:00:00 +0000 UTC 2018-09-17 07:19:11 +0000 UTC PodCompleted } {Ready False 0001-01-01 00:00:00 +0000 UTC 2018-09-17 07:24:06 +0000 UTC PodCompleted } {ContainersReady False 0001-01-01 00:00:00 +0000 UTC 0001-01-01 00:00:00 +0000 UTC PodCompleted } {PodScheduled True 0001-01-01 00:00:00 +0000 UTC 2018-09-17 07:19:11 +0000 UTC  }]&#xA;Sep 19 08:12:11.959: INFO: vulnerability-advisor-vulnerability-annotator-bcbf5595f-hxwst    10.46.6.172  Running           [{Initialized True 0001-01-01 00:00:00 +0000 UTC 2018-09-17 07:19:10 +0000 UTC  } {Ready True 0001-01-01 00:00:00 +0000 UTC 2018-09-17 07:20:29 +0000 UTC  } {ContainersReady True 0001-01-01 00:00:00 +0000 UTC 0001-01-01 00:00:00 +0000 UTC  } {PodScheduled True 0001-01-01 00:00:00 +0000 UTC 2018-09-17 07:19:09 +0000 UTC  }]&#xA;Sep 19 08:12:11.959: INFO: vulnerability-advisor-vulnerability-indexer-7c79b4c964-2n8cg     10.46.6.172  Running           [{Initialized True 0001-01-01 00:00:00 +0000 UTC 2018-09-17 07:19:07 +0000 UTC  } {Ready True 0001-01-01 00:00:00 +0000 UTC 2018-09-17 07:19:37 +0000 UTC  } {ContainersReady True 0001-01-01 00:00:00 +0000 UTC 0001-01-01 00:00:00 +0000 UTC  } {PodScheduled True 0001-01-01 00:00:00 +0000 UTC 2018-09-17 07:19:06 +0000 UTC  }]&#xA;Sep 19 08:12:11.959: INFO: vulnerability-advisor-zookeeper-0                                10.46.6.172  Running           [{Initialized True 0001-01-01 00:00:00 +0000 UTC 2018-09-17 07:19:15 +0000 UTC  } {Ready True 0001-01-01 00:00:00 +0000 UTC 2018-09-17 07:20:10 +0000 UTC  } {ContainersReady True 0001-01-01 00:00:00 +0000 UTC 0001-01-01 00:00:00 +0000 UTC  } {PodScheduled True 0001-01-01 00:00:00 +0000 UTC 2018-09-17 07:19:14 +0000 UTC  }]&#xA;Sep 19 08:12:11.959: INFO: &#xA;Sep 19 08:12:11.967: INFO: &#xA;Logging node info for node 10.46.6.170&#xA;Sep 19 08:12:11.971: INFO: Node Info: &amp;Node{ObjectMeta:k8s_io_apimachinery_pkg_apis_meta_v1.ObjectMeta{Name:10.46.6.170,GenerateName:,Namespace:,SelfLink:/api/v1/nodes/10.46.6.170,UID:0c4508eb-ba48-11e8-b20e-fa163e707b2e,ResourceVersion:465504,Generation:0,CreationTimestamp:2018-09-17 07:05:24 +0000 UTC,DeletionTimestamp:&lt;nil&gt;,DeletionGracePeriodSeconds:nil,Labels:map[string]string{beta.kubernetes.io/arch: amd64,beta.kubernetes.io/os: linux,kubernetes.io/hostname: 10.46.6.170,node-role.kubernetes.io/worker: true,},Annotations:map[string]string{node.alpha.kubernetes.io/ttl: 0,volumes.kubernetes.io/controller-managed-attach-detach: true,},OwnerReferences:[],Finalizers:[],ClusterName:,Initializers:nil,},Spec:NodeSpec{PodCIDR:,DoNotUse_ExternalID:,ProviderID:,Unschedulable:false,Taints:[],ConfigSource:nil,},Status:NodeStatus{Capacity:ResourceList{cpu: {{8 0} {&lt;nil&gt;} 8 DecimalSI},ephemeral-storage: {{107362627584 0} {&lt;nil&gt;} 104846316Ki BinarySI},hugepages-1Gi: {{0 0} {&lt;nil&gt;} 0 DecimalSI},hugepages-2Mi: {{0 0} {&lt;nil&gt;} 0 DecimalSI},memory: {{16825630720 0} {&lt;nil&gt;}  BinarySI},pods: {{80 0} {&lt;nil&gt;} 80 DecimalSI},},Allocatable:ResourceList{cpu: {{8 0} {&lt;nil&gt;} 8 DecimalSI},ephemeral-storage: {{96626364666 0} {&lt;nil&gt;} 96626364666 DecimalSI},hugepages-1Gi: {{0 0} {&lt;nil&gt;} 0 DecimalSI},hugepages-2Mi: {{0 0} {&lt;nil&gt;} 0 DecimalSI},memory: {{16720773120 0} {&lt;nil&gt;}  BinarySI},pods: {{80 0} {&lt;nil&gt;} 80 DecimalSI},},Phase:,Conditions:[{OutOfDisk False 2018-09-19 08:12:04 +0000 UTC 2018-09-17 07:05:24 +0000 UTC KubeletHasSufficientDisk kubelet has sufficient disk space available} {MemoryPressure False 2018-09-19 08:12:04 +0000 UTC 2018-09-17 07:05:24 +0000 UTC KubeletHasSufficientMemory kubelet has sufficient memory available} {DiskPressure False 2018-09-19 08:12:04 +0000 UTC 2018-09-17 07:05:24 +0000 UTC KubeletHasNoDiskPressure kubelet has no disk pressure} {PIDPressure False 2018-09-19 08:12:04 +0000 UTC 2018-09-17 07:05:24 +0000 UTC KubeletHasSufficientPID kubelet has sufficient PID available} {Ready True 2018-09-19 08:12:04 +0000 UTC 2018-09-17 07:06:04 +0000 UTC KubeletReady kubelet is posting ready status}],Addresses:[{InternalIP 10.46.6.170} {Hostname 10.46.6.170}],DaemonEndpoints:NodeDaemonEndpoints{KubeletEndpoint:DaemonEndpoint{Port:10250,},},NodeInfo:NodeSystemInfo{MachineID:52ca0d2c3fb341c79b059a96d10571a6,SystemUUID:B2A91A2D-0576-4E7B-AEBA-AE95FFDDF786,BootID:ae0d54c3-4892-49fd-b5c7-ca2077060a4b,KernelVersion:3.10.0-862.9.1.el7.x86_64,OSImage:Red Hat Enterprise Linux,ContainerRuntimeVersion:docker://18.3.1,KubeletVersion:v1.11.1+icp-ee,KubeProxyVersion:v1.11.1+icp-ee,OperatingSystem:linux,Architecture:amd64,},Images:[{[lzj.icp:8500/ibmcom/live-crawler@sha256:1a648615e7b439f093697f65350262823e6c711c4b21ea81596ced1c28a48133 lzj.icp:8500/ibmcom/live-crawler:1.3.1] 987515538} {[lzj.icp:8500/ibmcom/hyperkube@sha256:9fbddbf2d04354912c8a981395493d250474cb9fa587fa91119e69467078b180 lzj.icp:8500/ibmcom/hyperkube:v1.11.1-ee] 782626408} {[gcr.io/heptio-images/kube-conformance@sha256:5482c7f5f7b874c5c6caec6ddef5406f19a52a2c3a36897cadf0a8f78ab57982 gcr.io/heptio-images/kube-conformance:latest] 532182058} {[open-liberty@sha256:e962af00796d50687a4ac71d5e8ab046696c314b4a84617b0d216b671519df31 open-liberty:latest] 500884023} {[lzj.icp:8500/ibmcom/icp-filebeat@sha256:72669dde64d7ab85bbb9e93428efe548b2693a4eae5168a4705f6e30cd20e584 lzj.icp:8500/ibmcom/icp-filebeat:5.5.1] 317104874} {[lzj.icp:8500/ibmcom/fluentd@sha256:f85a5ffd86438f1a73d04caf6e33ef3474675d9fa0947431f4d0a9602fc981af lzj.icp:8500/ibmcom/fluentd:v1.2.2-icp] 270902701} {[lzj.icp:8500/ibmcom/calico-node@sha256:85a23d8030137d49663d3d82844a61998331606de9fc523dfdd0a75be7fb9828 lzj.icp:8500/ibmcom/calico-node:v3.1.3] 248202699} {[gcr.io/kubernetes-e2e-test-images/jessie-dnsutils-amd64@sha256:9e842e2f77073ec30e2349f9082ec35357a3bf61e12488adc677144295e68c38 gcr.io/kubernetes-e2e-test-images/jessie-dnsutils-amd64:1.0] 195659796} {[lzj.icp:8500/ibmcom/nvidia-device-plugin@sha256:2d57caa41994d1e0b3d952526a651f8da487e068874d1075f915fa48ad969ba6 lzj.icp:8500/ibmcom/nvidia-device-plugin:1.0] 132413452} {[lzj.icp:8500/ibmcom/metering-data-manager@sha256:97803f4458c6f6ca62076cf6958cb8ab98cf9ffed7cd4977550eeaa6db8ead70 lzj.icp:8500/ibmcom/metering-data-manager:3.1.0] 121942877} {[lzj.icp:8500/ibmcom/icp-management-ingress@sha256:259a9d288f5ee4f169c618b6d870b5ae38b954a3bf69f3f392523b1aaa9f4001 lzj.icp:8500/ibmcom/icp-management-ingress:2.2.1] 80410712} {[lzj.icp:8500/ibmcom/calico-cni@sha256:b56c2d3e62bd02f15dd5ec335c25ac81bb39d214e904525227640790686855d7 lzj.icp:8500/ibmcom/calico-cni:v3.1.3] 68849270} {[gcr.io/heptio-images/sonobuoy@sha256:165df6f635ddd0088ed6686e07ffb47f8dd17fdba153f61dbec9aa80c0d2e0b8 gcr.io/heptio-images/sonobuoy:latest gcr.io/heptio-images/sonobuoy:v0.11.6] 33401240} {[gcr.io/kubernetes-e2e-test-images/nettest-amd64@sha256:f2d3eba3ae2043c51389935be4bf41b2b0e60fd7220b9ba9cbc51eceaa74b2b4 gcr.io/kubernetes-e2e-test-images/nettest-amd64:1.0] 27413498} {[lzj.icp:8500/ibmcom/node-exporter@sha256:b24db452b1a0bf46abba095162d0fbc89ea40eeabbfe43ae01dab54107ecff0e lzj.icp:8500/ibmcom/node-exporter:v0.16.0] 22915749} {[gcr.io/kubernetes-e2e-test-images/dnsutils-amd64@sha256:f8eca5c0c2e18b7ee6df876e5587c5885d13c59cb453d93bf51628daf656e4b5 gcr.io/kubernetes-e2e-test-images/dnsutils-amd64:1.0] 9030162} {[gcr.io/kubernetes-e2e-test-images/hostexec-amd64@sha256:e1dadb772c6132e3587fc41b8c07facd81ee7c4e74508891b5d98d45b85462e9 gcr.io/kubernetes-e2e-test-images/hostexec-amd64:1.1] 8490662} {[gcr.io/kubernetes-e2e-test-images/netexec-amd64@sha256:da1c165175d5589ed70384e406a0291b6f76d53fc99e2c31ae23003e11e5bfde gcr.io/kubernetes-e2e-test-images/netexec-amd64:1.0] 6713741} {[gcr.io/kubernetes-e2e-test-images/redis-amd64@sha256:2238f5a02d2648d41cc94a88f084060fbfa860890220328eb92696bf2ac649c9 gcr.io/kubernetes-e2e-test-images/redis-amd64:1.0] 5905732} {[gcr.io/kubernetes-e2e-test-images/serve-hostname-amd64@sha256:2dd4032e98a0450d95a0ac71a5e465f542a900812d8c41bc6ca635aed1a5fc91 gcr.io/kubernetes-e2e-test-images/serve-hostname-amd64:1.0] 5470001} {[gcr.io/kubernetes-e2e-test-images/test-webserver-amd64@sha256:8da73e44d6870f86e0e6a87b2e07829470465afbb6febeb900296d99510789ce gcr.io/kubernetes-e2e-test-images/test-webserver-amd64:1.0] 4732240} {[gcr.io/kubernetes-e2e-test-images/porter-amd64@sha256:824f041b2757f8da2980092ace0991b4b8c6689e76c3b94f677521f7157bc7b8 gcr.io/kubernetes-e2e-test-images/porter-amd64:1.0] 4681408} {[gcr.io/kubernetes-e2e-test-images/liveness-amd64@sha256:0a64aa5318ade9f4ed6cd625d8dffdb4ac6a411da30694c53809e99a65de9eff gcr.io/kubernetes-e2e-test-images/liveness-amd64:1.0] 4608721} {[gcr.io/kubernetes-e2e-test-images/entrypoint-tester-amd64@sha256:ef1e5bf4aa80f899f51d173dfcc3106e8daf4c78c28be135b1d421c97f4c9354 gcr.io/kubernetes-e2e-test-images/entrypoint-tester-amd64:1.0] 2729534} {[gcr.io/kubernetes-e2e-test-images/mounttest-amd64@sha256:e3e75014e6df02dc21e6fb95f93b989a2ff8a91f36ae88d74eccbabaa21fc211 gcr.io/kubernetes-e2e-test-images/mounttest-amd64:1.0] 1563521} {[gcr.io/kubernetes-e2e-test-images/mounttest-user-amd64@sha256:1ac490f1442cad4b1c886527470393c71302cc62f5e3304fb08854403cbc68dc gcr.io/kubernetes-e2e-test-images/mounttest-user-amd64:1.0] 1450451} {[busybox@sha256:cb63aa0641a885f54de20f61d152187419e8f6b159ed11a251a09d115fdff9bd busybox:latest] 1162769} {[lzj.icp:8500/ibmcom/pause@sha256:8a18035491d4fbbe481be5eac11819315ec94677ab465608d052d87b3cdcff7f lzj.icp:8500/ibmcom/pause:3.1] 742472}],VolumesInUse:[],VolumesAttached:[],Config:&amp;NodeConfigStatus{Assigned:nil,Active:nil,LastKnownGood:nil,Error:,},},}&#xA;Sep 19 08:12:11.972: INFO: &#xA;Logging kubelet events for node 10.46.6.170&#xA;Sep 19 08:12:11.975: INFO: &#xA;Logging pods the kubelet thinks is on node 10.46.6.170&#xA;Sep 19 08:12:11.988: INFO: k8s-proxy-10.46.6.170 started at &lt;nil&gt; (0+0 container statuses recorded)&#xA;Sep 19 08:12:11.988: INFO: calico-node-htf97 started at 2018-09-17 07:05:53 +0000 UTC (0+2 container statuses recorded)&#xA;Sep 19 08:12:11.988: INFO: &#x9;Container calico-node ready: true, restart count 0&#xA;Sep 19 08:12:11.988: INFO: &#x9;Container install-cni ready: true, restart count 0&#xA;Sep 19 08:12:11.988: INFO: logging-elk-filebeat-ds-jtd5q started at 2018-09-17 07:15:20 +0000 UTC (0+1 container statuses recorded)&#xA;Sep 19 08:12:11.988: INFO: &#x9;Container filebeat ready: true, restart count 0&#xA;Sep 19 08:12:11.988: INFO: sonobuoy started at 2018-09-19 07:22:02 +0000 UTC (0+1 container statuses recorded)&#xA;Sep 19 08:12:11.988: INFO: &#x9;Container kube-sonobuoy ready: true, restart count 0&#xA;Sep 19 08:12:11.989: INFO: vulnerability-advisor-live-crawler-ccxd7 started at 2018-09-17 07:19:03 +0000 UTC (0+1 container statuses recorded)&#xA;Sep 19 08:12:11.989: INFO: &#x9;Container live-crawler ready: true, restart count 0&#xA;Sep 19 08:12:11.989: INFO: sonobuoy-e2e-job-c3f9b53ea97c48a2 started at 2018-09-19 07:22:08 +0000 UTC (0+2 container statuses recorded)&#xA;Sep 19 08:12:11.989: INFO: &#x9;Container e2e ready: true, restart count 0&#xA;Sep 19 08:12:11.989: INFO: &#x9;Container sonobuoy-worker ready: true, restart count 0&#xA;Sep 19 08:12:11.989: INFO: nvidia-device-plugin-9h2k4 started at 2018-09-17 07:07:17 +0000 UTC (1+1 container statuses recorded)&#xA;Sep 19 08:12:11.989: INFO: &#x9;Init container nvidia-driver-collector ready: true, restart count 0&#xA;Sep 19 08:12:11.989: INFO: &#x9;Container nvidia-device-plugin ready: true, restart count 0&#xA;Sep 19 08:12:11.989: INFO: metering-reader-44wd7 started at 2018-09-17 07:14:11 +0000 UTC (1+1 container statuses recorded)&#xA;Sep 19 08:12:11.989: INFO: &#x9;Init container metering-reader-init ready: true, restart count 1&#xA;Sep 19 08:12:11.989: INFO: &#x9;Container metering-reader ready: true, restart count 0&#xA;Sep 19 08:12:11.989: INFO: vulnerability-advisor-process-ma-crawler-5g4zk started at 2018-09-17 07:19:03 +0000 UTC (0+1 container statuses recorded)&#xA;Sep 19 08:12:11.989: INFO: &#x9;Container process-ma-crawler ready: true, restart count 0&#xA;Sep 19 08:12:11.989: INFO: my-ibm-open-liberty-ibm-7f7d9778d7-7t5jc started at 2018-09-17 08:22:24 +0000 UTC (0+1 container statuses recorded)&#xA;Sep 19 08:12:11.989: INFO: &#x9;Container ibm-open-liberty ready: true, restart count 0&#xA;Sep 19 08:12:11.989: INFO: monitoring-prometheus-nodeexporter-tpbc8 started at 2018-09-17 07:15:44 +0000 UTC (0+2 container statuses recorded)&#xA;Sep 19 08:12:11.989: INFO: &#x9;Container nodeexporter ready: true, restart count 0&#xA;Sep 19 08:12:11.989: INFO: &#x9;Container router ready: true, restart count 0&#xA;Sep 19 08:12:11.989: INFO: audit-logging-fluentd-ds-4cgnk started at 2018-09-17 07:18:46 +0000 UTC (0+1 container statuses recorded)&#xA;Sep 19 08:12:11.989: INFO: &#x9;Container fluentd ready: true, restart count 0&#xA;Sep 19 08:12:12.046: INFO: &#xA;Latency metrics for node 10.46.6.170&#xA;Sep 19 08:12:12.046: INFO: &#xA;Logging node info for node 10.46.6.171&#xA;Sep 19 08:12:12.050: INFO: Node Info: &amp;Node{ObjectMeta:k8s_io_apimachinery_pkg_apis_meta_v1.ObjectMeta{Name:10.46.6.171,GenerateName:,Namespace:,SelfLink:/api/v1/nodes/10.46.6.171,UID:0c79152a-ba48-11e8-b20e-fa163e707b2e,ResourceVersion:465536,Generation:0,CreationTimestamp:2018-09-17 07:05:24 +0000 UTC,DeletionTimestamp:&lt;nil&gt;,DeletionGracePeriodSeconds:nil,Labels:map[string]string{beta.kubernetes.io/arch: amd64,beta.kubernetes.io/os: linux,kubernetes.io/hostname: 10.46.6.171,management: true,node-role.kubernetes.io/management: true,},Annotations:map[string]string{node.alpha.kubernetes.io/ttl: 0,volumes.kubernetes.io/controller-managed-attach-detach: true,},OwnerReferences:[],Finalizers:[],ClusterName:,Initializers:nil,},Spec:NodeSpec{PodCIDR:,DoNotUse_ExternalID:,ProviderID:,Unschedulable:false,Taints:[{dedicated management NoSchedule &lt;nil&gt;}],ConfigSource:nil,},Status:NodeStatus{Capacity:ResourceList{cpu: {{8 0} {&lt;nil&gt;} 8 DecimalSI},ephemeral-storage: {{107362627584 0} {&lt;nil&gt;} 104846316Ki BinarySI},hugepages-1Gi: {{0 0} {&lt;nil&gt;} 0 DecimalSI},hugepages-2Mi: {{0 0} {&lt;nil&gt;} 0 DecimalSI},memory: {{16825630720 0} {&lt;nil&gt;}  BinarySI},pods: {{80 0} {&lt;nil&gt;} 80 DecimalSI},},Allocatable:ResourceList{cpu: {{8 0} {&lt;nil&gt;} 8 DecimalSI},ephemeral-storage: {{107257769984 0} {&lt;nil&gt;} 104743916Ki BinarySI},hugepages-1Gi: {{0 0} {&lt;nil&gt;} 0 DecimalSI},hugepages-2Mi: {{0 0} {&lt;nil&gt;} 0 DecimalSI},memory: {{16720773120 0} {&lt;nil&gt;}  BinarySI},pods: {{80 0} {&lt;nil&gt;} 80 DecimalSI},},Phase:,Conditions:[{OutOfDisk False 2018-09-19 08:12:11 +0000 UTC 2018-09-17 07:05:24 +0000 UTC KubeletHasSufficientDisk kubelet has sufficient disk space available} {MemoryPressure False 2018-09-19 08:12:11 +0000 UTC 2018-09-17 07:05:24 +0000 UTC KubeletHasSufficientMemory kubelet has sufficient memory available} {DiskPressure False 2018-09-19 08:12:11 +0000 UTC 2018-09-17 07:05:24 +0000 UTC KubeletHasNoDiskPressure kubelet has no disk pressure} {PIDPressure False 2018-09-19 08:12:11 +0000 UTC 2018-09-17 07:05:24 +0000 UTC KubeletHasSufficientPID kubelet has sufficient PID available} {Ready True 2018-09-19 08:12:11 +0000 UTC 2018-09-17 07:06:05 +0000 UTC KubeletReady kubelet is posting ready status}],Addresses:[{InternalIP 10.46.6.171} {Hostname 10.46.6.171}],DaemonEndpoints:NodeDaemonEndpoints{KubeletEndpoint:DaemonEndpoint{Port:10250,},},NodeInfo:NodeSystemInfo{MachineID:52ca0d2c3fb341c79b059a96d10571a6,SystemUUID:00401CD1-AB88-4341-9CDC-C9648BFB2B56,BootID:706dbc67-f432-47c3-840e-f599801336c8,KernelVersion:3.10.0-862.9.1.el7.x86_64,OSImage:Red Hat Enterprise Linux,ContainerRuntimeVersion:docker://18.3.1,KubeletVersion:v1.11.1+icp-ee,KubeProxyVersion:v1.11.1+icp-ee,OperatingSystem:linux,Architecture:amd64,},Images:[{[lzj.icp:8500/ibmcom/live-crawler@sha256:1a648615e7b439f093697f65350262823e6c711c4b21ea81596ced1c28a48133 lzj.icp:8500/ibmcom/live-crawler:1.3.1] 987515538} {[lzj.icp:8500/ibmcom/hyperkube@sha256:9fbddbf2d04354912c8a981395493d250474cb9fa587fa91119e69467078b180 lzj.icp:8500/ibmcom/hyperkube:v1.11.1-ee] 782626408} {[lzj.icp:8500/ibmcom/icp-logstash@sha256:a182a00827aefe7f5f95b18fa1ec8f6897989290b37f3d98bd6440ddda796433 lzj.icp:8500/ibmcom/icp-logstash:5.5.1] 764906887} {[lzj.icp:8500/ibmcom/icp-kibana@sha256:6e2746da64a64f98c5761b87d5e185a9c2ac75c9c4e767ab284062b1847b7571 lzj.icp:8500/ibmcom/icp-kibana:5.5.1] 639622018} {[lzj.icp:8500/ibmcom/icp-elasticsearch@sha256:b410aacb6005fe24bfd87b045ea26fde3d6eb3ca52c3f0e4560cdc208944ba50 lzj.icp:8500/ibmcom/icp-elasticsearch:5.5.1] 520121248} {[lzj.icp:8500/ibmcom/logging-pki-init@sha256:21aa9cbd05a849b4891b15cf636f73545f6001f16c82f8eeed2e90b4f9312377 lzj.icp:8500/ibmcom/logging-pki-init:2.0.0] 501921135} {[lzj.icp:8500/ibmcom/searchguard-init@sha256:3d0d8a8404a9df5ad238bce1e0542cdda609cc445dfc3964952243d9fc103276 lzj.icp:8500/ibmcom/searchguard-init:2.0.0] 457030441} {[lzj.icp:8500/ibmcom/metering-ui@sha256:d6453f9afecc9b1fc778c195e20bbb39d4ef6262af2f7a9a5ce3cddc259fec99 lzj.icp:8500/ibmcom/metering-ui:3.1.0] 385577105} {[lzj.icp:8500/ibmcom/icp-filebeat@sha256:72669dde64d7ab85bbb9e93428efe548b2693a4eae5168a4705f6e30cd20e584 lzj.icp:8500/ibmcom/icp-filebeat:5.5.1] 317104874} {[lzj.icp:8500/ibmcom/fluentd@sha256:f85a5ffd86438f1a73d04caf6e33ef3474675d9fa0947431f4d0a9602fc981af lzj.icp:8500/ibmcom/fluentd:v1.2.2-icp] 270902701} {[lzj.icp:8500/ibmcom/elasticsearch-plugin-searchguard@sha256:f47116021e3eec7b2fed9f6ed8bd77fd890457e5a1546dda7f863c032d4395b1 lzj.icp:8500/ibmcom/elasticsearch-plugin-searchguard:2.0.0] 267864279} {[lzj.icp:8500/ibmcom/calico-node@sha256:85a23d8030137d49663d3d82844a61998331606de9fc523dfdd0a75be7fb9828 lzj.icp:8500/ibmcom/calico-node:v3.1.3] 248202699} {[lzj.icp:8500/ibmcom/grafana@sha256:5d2739d3ec5c7f6ea66d69caa918b764660b99a3d37cb1f4123f1a9623ce8e38 lzj.icp:8500/ibmcom/grafana:5.2.0] 245297582} {[lzj.icp:8500/ibmcom/indices-cleaner@sha256:31dac3be1246f17dddade06b517c073244ce56d85bc54135fdaf010dbb0bca10 lzj.icp:8500/ibmcom/indices-cleaner:1.0.0] 238131553} {[lzj.icp:8500/ibmcom/curl@sha256:adf92a267e351914d041a56d64ebe80331c45f8e20ab23b7ada67bea78da9996 lzj.icp:8500/ibmcom/curl:4.0.0] 221192597} {[lzj.icp:8500/ibmcom/nvidia-device-plugin@sha256:2d57caa41994d1e0b3d952526a651f8da487e068874d1075f915fa48ad969ba6 lzj.icp:8500/ibmcom/nvidia-device-plugin:1.0] 132413452} {[lzj.icp:8500/ibmcom/metering-data-manager@sha256:97803f4458c6f6ca62076cf6958cb8ab98cf9ffed7cd4977550eeaa6db8ead70 lzj.icp:8500/ibmcom/metering-data-manager:3.1.0] 121942877} {[lzj.icp:8500/ibmcom/prometheus@sha256:91cba3cbf7a61499969a8a5a27347830ed1740b2285de9ac31e231e7ce44deb7 lzj.icp:8500/ibmcom/prometheus:v2.3.1] 118818909} {[lzj.icp:8500/ibmcom/icp-management-ingress@sha256:259a9d288f5ee4f169c618b6d870b5ae38b954a3bf69f3f392523b1aaa9f4001 lzj.icp:8500/ibmcom/icp-management-ingress:2.2.1] 80410712} {[lzj.icp:8500/ibmcom/calico-cni@sha256:b56c2d3e62bd02f15dd5ec335c25ac81bb39d214e904525227640790686855d7 lzj.icp:8500/ibmcom/calico-cni:v3.1.3] 68849270} {[lzj.icp:8500/ibmcom/k8s-prometheus-adapter@sha256:cf7f0c35ff0a0ec9cf743ef87e4c951f74d3fd0b4b97925784cc857565b4d7ba lzj.icp:8500/ibmcom/k8s-prometheus-adapter:v0.2.1.1] 52134773} {[lzj.icp:8500/ibmcom/metrics-server@sha256:973b5dd33165e4856f22a9f48a9b7f5bd2f01399d6479c46212ea92336a9ca40 lzj.icp:8500/ibmcom/metrics-server:v0.2.1.1] 42541759} {[lzj.icp:8500/ibmcom/ibmcloud-image-enforcement@sha256:d29efeb868c054eead02eec72c86f690c4a8c81b95f99f22bbc873644b090e99 lzj.icp:8500/ibmcom/ibmcloud-image-enforcement:0.2.0] 40040099} {[lzj.icp:8500/ibmcom/alertmanager@sha256:f3e7d379040499e05c1377862cc8a74cd5ffed2a175bf62fc18dc07b98d6ab00 lzj.icp:8500/ibmcom/alertmanager:v0.15.0] 36095602} {[lzj.icp:8500/ibmcom/kube-state-metrics@sha256:6a574d2e4a7338abdd3d0b85dd2510cbf046cd09a70505b99513feee42d00559 lzj.icp:8500/ibmcom/kube-state-metrics:v1.3.0] 35646776} {[lzj.icp:8500/ibmcom/node-exporter@sha256:b24db452b1a0bf46abba095162d0fbc89ea40eeabbfe43ae01dab54107ecff0e lzj.icp:8500/ibmcom/node-exporter:v0.16.0] 22915749} {[lzj.icp:8500/ibmcom/configmap-reload@sha256:77a4ede137dd4980fe02c70ad189bf7b89dd1a9e134c0fe4475842fe8948f6a9 lzj.icp:8500/ibmcom/configmap-reload:v0.2.2] 22381476} {[lzj.icp:8500/ibmcom/collectd-exporter@sha256:0ef0cfb0a60f66046851bfafbfa1913814c7a4967e4e7561ce5111186338f6d9 lzj.icp:8500/ibmcom/collectd-exporter:v0.4.0] 13695364} {[lzj.icp:8500/ibmcom/elasticsearch-exporter@sha256:27806a00f45314a1c06af096236004020a98202edbbce81d993aadfaca0c66a0 lzj.icp:8500/ibmcom/elasticsearch-exporter:1.0.2] 9202086} {[lzj.icp:8500/ibmcom/icp-initcontainer@sha256:c1b9397380303cfc23505576a19859c7e26936f80a26bb4fae95ef68e7775de8 lzj.icp:8500/ibmcom/icp-initcontainer:1.0.0] 3965926} {[lzj.icp:8500/ibmcom/pause@sha256:8a18035491d4fbbe481be5eac11819315ec94677ab465608d052d87b3cdcff7f lzj.icp:8500/ibmcom/pause:3.1] 742472}],VolumesInUse:[],VolumesAttached:[],Config:&amp;NodeConfigStatus{Assigned:nil,Active:nil,LastKnownGood:nil,Error:,},},}&#xA;Sep 19 08:12:12.050: INFO: &#xA;Logging kubelet events for node 10.46.6.171&#xA;Sep 19 08:12:12.102: INFO: &#xA;Logging pods the kubelet thinks is on node 10.46.6.171&#xA;Sep 19 08:12:12.130: INFO: ibmcloud-image-enforcement-76ddccbf9f-kqmlb started at 2018-09-17 07:14:02 +0000 UTC (0+1 container statuses recorded)&#xA;Sep 19 08:12:12.130: INFO: &#x9;Container ibmcloud-image-enforcement ready: true, restart count 0&#xA;Sep 19 08:12:12.130: INFO: metering-ui-5bbfbb5d49-wkh8m started at 2018-09-17 07:14:12 +0000 UTC (1+1 container statuses recorded)&#xA;Sep 19 08:12:12.130: INFO: &#x9;Init container metering-ui-init ready: true, restart count 0&#xA;Sep 19 08:12:12.130: INFO: &#x9;Container metering-ui ready: true, restart count 0&#xA;Sep 19 08:12:12.130: INFO: logging-elk-master-6cdcf45f7d-gp28f started at 2018-09-17 07:15:21 +0000 UTC (2+1 container statuses recorded)&#xA;Sep 19 08:12:12.130: INFO: &#x9;Init container sysctl ready: true, restart count 0&#xA;Sep 19 08:12:12.130: INFO: &#x9;Init container plugin-bundle ready: true, restart count 0&#xA;Sep 19 08:12:12.130: INFO: &#x9;Container es-master ready: true, restart count 0&#xA;Sep 19 08:12:12.130: INFO: monitoring-grafana-548b947c8c-dh89z started at 2018-09-17 07:15:46 +0000 UTC (1+2 container statuses recorded)&#xA;Sep 19 08:12:12.130: INFO: &#x9;Init container init-container ready: true, restart count 0&#xA;Sep 19 08:12:12.130: INFO: &#x9;Container grafana ready: true, restart count 0&#xA;Sep 19 08:12:12.130: INFO: &#x9;Container router ready: true, restart count 0&#xA;Sep 19 08:12:12.130: INFO: vulnerability-advisor-process-ma-crawler-b7k2d started at 2018-09-17 07:19:03 +0000 UTC (0+1 container statuses recorded)&#xA;Sep 19 08:12:12.130: INFO: &#x9;Container process-ma-crawler ready: true, restart count 0&#xA;Sep 19 08:12:12.130: INFO: k8s-proxy-10.46.6.171 started at &lt;nil&gt; (0+0 container statuses recorded)&#xA;Sep 19 08:12:12.130: INFO: metrics-server-6d6695f9db-8t4xs started at 2018-09-17 07:08:51 +0000 UTC (0+1 container statuses recorded)&#xA;Sep 19 08:12:12.130: INFO: &#x9;Container metrics-server ready: true, restart count 0&#xA;Sep 19 08:12:12.130: INFO: metering-dm-8b475fc57-cmm6h started at 2018-09-17 07:14:12 +0000 UTC (1+1 container statuses recorded)&#xA;Sep 19 08:12:12.130: INFO: &#x9;Init container metering-dm-init ready: true, restart count 0&#xA;Sep 19 08:12:12.130: INFO: &#x9;Container metering-dm ready: true, restart count 0&#xA;Sep 19 08:12:12.130: INFO: logging-elk-data-0 started at 2018-09-17 07:15:21 +0000 UTC (3+1 container statuses recorded)&#xA;Sep 19 08:12:12.130: INFO: &#x9;Init container chmod ready: true, restart count 0&#xA;Sep 19 08:12:12.130: INFO: &#x9;Init container sysctl ready: true, restart count 0&#xA;Sep 19 08:12:12.130: INFO: &#x9;Init container plugin-bundle ready: true, restart count 0&#xA;Sep 19 08:12:12.130: INFO: &#x9;Container es-data ready: true, restart count 0&#xA;Sep 19 08:12:12.130: INFO: logging-elk-kibana-ff4db4866-s2295 started at 2018-09-17 07:15:21 +0000 UTC (0+2 container statuses recorded)&#xA;Sep 19 08:12:12.130: INFO: &#x9;Container kibana ready: true, restart count 0&#xA;Sep 19 08:12:12.130: INFO: &#x9;Container router ready: true, restart count 0&#xA;Sep 19 08:12:12.130: INFO: monitoring-prometheus-nodeexporter-9fnpb started at 2018-09-17 07:15:44 +0000 UTC (0+2 container statuses recorded)&#xA;Sep 19 08:12:12.130: INFO: &#x9;Container nodeexporter ready: true, restart count 0&#xA;Sep 19 08:12:12.130: INFO: &#x9;Container router ready: true, restart count 0&#xA;Sep 19 08:12:12.130: INFO: monitoring-prometheus-kubestatemetrics-54dcbb6cfb-76zmm started at 2018-09-17 07:15:45 +0000 UTC (0+2 container statuses recorded)&#xA;Sep 19 08:12:12.130: INFO: &#x9;Container kubestatemetrics ready: true, restart count 0&#xA;Sep 19 08:12:12.130: INFO: &#x9;Container router ready: true, restart count 0&#xA;Sep 19 08:12:12.130: INFO: audit-logging-fluentd-ds-bc22k started at 2018-09-17 07:18:46 +0000 UTC (0+1 container statuses recorded)&#xA;Sep 19 08:12:12.130: INFO: &#x9;Container fluentd ready: true, restart count 0&#xA;Sep 19 08:12:12.130: INFO: nvidia-device-plugin-vh85n started at 2018-09-17 07:07:17 +0000 UTC (1+1 container statuses recorded)&#xA;Sep 19 08:12:12.130: INFO: &#x9;Init container nvidia-driver-collector ready: true, restart count 0&#xA;Sep 19 08:12:12.130: INFO: &#x9;Container nvidia-device-plugin ready: true, restart count 0&#xA;Sep 19 08:12:12.130: INFO: custom-metrics-adapter-64f64964b4-f9gmc started at 2018-09-17 07:14:28 +0000 UTC (1+1 container statuses recorded)&#xA;Sep 19 08:12:12.130: INFO: &#x9;Init container init-adapter ready: true, restart count 0&#xA;Sep 19 08:12:12.130: INFO: &#x9;Container custom-metrics-adapter ready: true, restart count 0&#xA;Sep 19 08:12:12.130: INFO: logging-elk-elasticsearch-tls-init-6hnl4 started at 2018-09-17 07:15:20 +0000 UTC (0+1 container statuses recorded)&#xA;Sep 19 08:12:12.130: INFO: &#x9;Container searchguard-init ready: false, restart count 0&#xA;Sep 19 08:12:12.130: INFO: logging-elk-filebeat-ds-bs86r started at 2018-09-17 07:15:20 +0000 UTC (0+1 container statuses recorded)&#xA;Sep 19 08:12:12.130: INFO: &#x9;Container filebeat ready: true, restart count 0&#xA;Sep 19 08:12:12.130: INFO: logging-elk-client-75d4d7994c-7g7fn started at 2018-09-17 07:15:21 +0000 UTC (2+3 container statuses recorded)&#xA;Sep 19 08:12:12.130: INFO: &#x9;Init container sysctl ready: true, restart count 0&#xA;Sep 19 08:12:12.130: INFO: &#x9;Init container plugin-bundle ready: true, restart count 0&#xA;Sep 19 08:12:12.130: INFO: &#x9;Container es-client ready: true, restart count 0&#xA;Sep 19 08:12:12.130: INFO: &#x9;Container indices-cleaner ready: true, restart count 0&#xA;Sep 19 08:12:12.130: INFO: &#x9;Container router ready: true, restart count 0&#xA;Sep 19 08:12:12.130: INFO: monitoring-prometheus-alertmanager-7d8749dbb8-xj68d started at 2018-09-17 07:15:46 +0000 UTC (0+3 container statuses recorded)&#xA;Sep 19 08:12:12.130: INFO: &#x9;Container alertmanager ready: true, restart count 0&#xA;Sep 19 08:12:12.130: INFO: &#x9;Container configmap-reload ready: true, restart count 0&#xA;Sep 19 08:12:12.130: INFO: &#x9;Container router ready: true, restart count 0&#xA;Sep 19 08:12:12.130: INFO: monitoring-prometheus-collectdexporter-77575678dc-v8n2l started at 2018-09-17 07:15:46 +0000 UTC (0+2 container statuses recorded)&#xA;Sep 19 08:12:12.130: INFO: &#x9;Container collectd-exporter ready: true, restart count 0&#xA;Sep 19 08:12:12.130: INFO: &#x9;Container router ready: true, restart count 0&#xA;Sep 19 08:12:12.130: INFO: vulnerability-advisor-live-crawler-xxz8p started at 2018-09-17 07:19:03 +0000 UTC (0+1 container statuses recorded)&#xA;Sep 19 08:12:12.130: INFO: &#x9;Container live-crawler ready: true, restart count 0&#xA;Sep 19 08:12:12.131: INFO: calico-node-gpm2c started at 2018-09-17 07:05:53 +0000 UTC (0+2 container statuses recorded)&#xA;Sep 19 08:12:12.131: INFO: &#x9;Container calico-node ready: true, restart count 0&#xA;Sep 19 08:12:12.131: INFO: &#x9;Container install-cni ready: true, restart count 0&#xA;Sep 19 08:12:12.131: INFO: metering-reader-xq8f2 started at 2018-09-17 07:14:11 +0000 UTC (1+1 container statuses recorded)&#xA;Sep 19 08:12:12.131: INFO: &#x9;Init container metering-reader-init ready: true, restart count 1&#xA;Sep 19 08:12:12.131: INFO: &#x9;Container metering-reader ready: true, restart count 0&#xA;Sep 19 08:12:12.131: INFO: logging-elk-logstash-7994656f46-r89mt started at 2018-09-17 07:15:22 +0000 UTC (0+1 container statuses recorded)&#xA;Sep 19 08:12:12.131: INFO: &#x9;Container logstash ready: true, restart count 0&#xA;Sep 19 08:12:12.131: INFO: monitoring-prometheus-elasticsearchexporter-655864cccb-c6tps started at 2018-09-17 07:15:46 +0000 UTC (0+2 container statuses recorded)&#xA;Sep 19 08:12:12.131: INFO: &#x9;Container elasticsearchexporter ready: true, restart count 0&#xA;Sep 19 08:12:12.131: INFO: &#x9;Container router ready: true, restart count 0&#xA;Sep 19 08:12:12.131: INFO: monitoring-prometheus-6677d7c77f-pnpt5 started at 2018-09-17 07:15:46 +0000 UTC (1+4 container statuses recorded)&#xA;Sep 19 08:12:12.131: INFO: &#x9;Init container init-container ready: true, restart count 0&#xA;Sep 19 08:12:12.131: INFO: &#x9;Container configmap-reload-alertrules ready: true, restart count 0&#xA;Sep 19 08:12:12.131: INFO: &#x9;Container configmap-reload-prometheus ready: true, restart count 0&#xA;Sep 19 08:12:12.131: INFO: &#x9;Container prometheus ready: true, restart count 0&#xA;Sep 19 08:12:12.131: INFO: &#x9;Container router ready: true, restart count 0&#xA;Sep 19 08:12:12.178: INFO: &#xA;Latency metrics for node 10.46.6.171&#xA;Sep 19 08:12:12.178: INFO: &#xA;Logging node info for node 10.46.6.172&#xA;Sep 19 08:12:12.183: INFO: Node Info: &amp;Node{ObjectMeta:k8s_io_apimachinery_pkg_apis_meta_v1.ObjectMeta{Name:10.46.6.172,GenerateName:,Namespace:,SelfLink:/api/v1/nodes/10.46.6.172,UID:0c6032ef-ba48-11e8-b20e-fa163e707b2e,ResourceVersion:465509,Generation:0,CreationTimestamp:2018-09-17 07:05:24 +0000 UTC,DeletionTimestamp:&lt;nil&gt;,DeletionGracePeriodSeconds:nil,Labels:map[string]string{beta.kubernetes.io/arch: amd64,beta.kubernetes.io/os: linux,kubernetes.io/hostname: 10.46.6.172,node-role.kubernetes.io/va: true,va: true,},Annotations:map[string]string{node.alpha.kubernetes.io/ttl: 0,volumes.kubernetes.io/controller-managed-attach-detach: true,},OwnerReferences:[],Finalizers:[],ClusterName:,Initializers:nil,},Spec:NodeSpec{PodCIDR:,DoNotUse_ExternalID:,ProviderID:,Unschedulable:false,Taints:[{dedicated va NoSchedule &lt;nil&gt;}],ConfigSource:nil,},Status:NodeStatus{Capacity:ResourceList{cpu: {{8 0} {&lt;nil&gt;} 8 DecimalSI},ephemeral-storage: {{107362627584 0} {&lt;nil&gt;} 104846316Ki BinarySI},hugepages-1Gi: {{0 0} {&lt;nil&gt;} 0 DecimalSI},hugepages-2Mi: {{0 0} {&lt;nil&gt;} 0 DecimalSI},memory: {{16825622528 0} {&lt;nil&gt;}  BinarySI},pods: {{80 0} {&lt;nil&gt;} 80 DecimalSI},},Allocatable:ResourceList{cpu: {{8 0} {&lt;nil&gt;} 8 DecimalSI},ephemeral-storage: {{107257769984 0} {&lt;nil&gt;} 104743916Ki BinarySI},hugepages-1Gi: {{0 0} {&lt;nil&gt;} 0 DecimalSI},hugepages-2Mi: {{0 0} {&lt;nil&gt;} 0 DecimalSI},memory: {{16720764928 0} {&lt;nil&gt;}  BinarySI},pods: {{80 0} {&lt;nil&gt;} 80 DecimalSI},},Phase:,Conditions:[{OutOfDisk False 2018-09-19 08:12:06 +0000 UTC 2018-09-17 07:05:24 +0000 UTC KubeletHasSufficientDisk kubelet has sufficient disk space available} {MemoryPressure False 2018-09-19 08:12:06 +0000 UTC 2018-09-17 07:05:24 +0000 UTC KubeletHasSufficientMemory kubelet has sufficient memory available} {DiskPressure False 2018-09-19 08:12:06 +0000 UTC 2018-09-17 07:05:24 +0000 UTC KubeletHasNoDiskPressure kubelet has no disk pressure} {PIDPressure False 2018-09-19 08:12:06 +0000 UTC 2018-09-17 07:05:24 +0000 UTC KubeletHasSufficientPID kubelet has sufficient PID available} {Ready True 2018-09-19 08:12:06 +0000 UTC 2018-09-17 07:06:04 +0000 UTC KubeletReady kubelet is posting ready status}],Addresses:[{InternalIP 10.46.6.172} {Hostname 10.46.6.172}],DaemonEndpoints:NodeDaemonEndpoints{KubeletEndpoint:DaemonEndpoint{Port:10250,},},NodeInfo:NodeSystemInfo{MachineID:52ca0d2c3fb341c79b059a96d10571a6,SystemUUID:3D48E3C5-99D8-4CA3-9AB5-A8540613166F,BootID:d81d494e-264a-48ce-a4f2-76b16f6ece1f,KernelVersion:3.10.0-862.9.1.el7.x86_64,OSImage:Red Hat Enterprise Linux,ContainerRuntimeVersion:docker://18.3.1,KubeletVersion:v1.11.1+icp-ee,KubeProxyVersion:v1.11.1+icp-ee,OperatingSystem:linux,Architecture:amd64,},Images:[{[lzj.icp:8500/ibmcom/statsd-amd64@sha256:5ee11bc24bced45a77d9d630348680f319c09d9d3b2230b04518d1e2a5263ae2 lzj.icp:8500/ibmcom/statsd@sha256:af7a9d0c4f029d0247da41f67c7e87f3655175962b79a189a6a9ace0ff841049 lzj.icp:8500/ibmcom/statsd-amd64:0.7.2.1 lzj.icp:8500/ibmcom/statsd:0.7.2.1] 1234731808} {[lzj.icp:8500/ibmcom/kafka-amd64@sha256:0d6d348ccd7aa2854d60791331280e58db92029a522c8bfb3eb40c7c0913ca8f lzj.icp:8500/ibmcom/kafka@sha256:f0b4a833c3da439cadb783bb9cb578f96b1328557b8402a98f01c5c21497d93a lzj.icp:8500/ibmcom/kafka-amd64:0.10.0.2 lzj.icp:8500/ibmcom/kafka:0.10.0.2] 1114805679} {[lzj.icp:8500/ibmcom/iam-token-service-amd64@sha256:9211161e5b5b9d892a99b46fad4429333ceb7143b4039419df7ea0efa36381a9 lzj.icp:8500/ibmcom/iam-token-service@sha256:1b9308e68de93b43e9a85c0e005d80d423e88db7d88ee7114a80b2fade7a78ed lzj.icp:8500/ibmcom/iam-token-service-amd64:3.1.0 lzj.icp:8500/ibmcom/iam-token-service:3.1.0] 1051060152} {[lzj.icp:8500/ibmcom/icp-platform-auth-amd64@sha256:abc258009b8696a83214b7a9d9df63f6d83e19cfca2987c4836b0eadfa4c99c7 lzj.icp:8500/ibmcom/icp-platform-auth@sha256:c544b90a099b6c29ba4ee7f2ad4dded1277c948a0826b38ebe3250cdc7d1529c lzj.icp:8500/ibmcom/icp-platform-auth-amd64:3.1.0 lzj.icp:8500/ibmcom/icp-platform-auth:3.1.0] 1028283742} {[lzj.icp:8500/ibmcom/reg-crawler-amd64@sha256:9e5d4ebbac3dd6cbf9f892b5bd634f89fae3d4b2e6a23debd3ecd322e3eb817e lzj.icp:8500/ibmcom/reg-crawler@sha256:a9033d9cb2406d11c616fdfedc9bc56bc4ef970bd0a7b02899b3e5c1b353799b lzj.icp:8500/ibmcom/reg-crawler-amd64:1.3.1 lzj.icp:8500/ibmcom/reg-crawler:1.3.1] 1007817363} {[lzj.icp:8500/ibmcom/live-crawler-amd64@sha256:37a79ec87bd3c8b9af25cf1e25f4f14281ffb9f5ebeaf61c0b7c8a5799baf782 lzj.icp:8500/ibmcom/live-crawler@sha256:1a648615e7b439f093697f65350262823e6c711c4b21ea81596ced1c28a48133 lzj.icp:8500/ibmcom/live-crawler-amd64:1.3.1 lzj.icp:8500/ibmcom/live-crawler:1.3.1] 987515538} {[lzj.icp:8500/ibmcom/cos-indexer-amd64@sha256:adf28ff960ebdcbfcfa5e4522b81aa3565338f8d640dad611a1c3f0d3894393b lzj.icp:8500/ibmcom/cos-indexer@sha256:bb31dc8ef37e8482b2b9dedc0e54f46f7d3c678b22a3130eca9dde80fed65df1 lzj.icp:8500/ibmcom/cos-indexer-amd64:1.3.1 lzj.icp:8500/ibmcom/cos-indexer:1.3.1] 846578165} {[lzj.icp:8500/ibmcom/secure-config-annotator-amd64@sha256:26e845c6a252e0c5ae73e764645993b3270e289d1a2e9784b06ddd7898ca45d9 lzj.icp:8500/ibmcom/secure-config-annotator@sha256:cfaadd13c4ef4bdc937d296faff78e98473be8c9c6ae6b4a38927c952948914f lzj.icp:8500/ibmcom/secure-config-annotator-amd64:1.3.1 lzj.icp:8500/ibmcom/secure-config-annotator:1.3.1] 835555196} {[lzj.icp:8500/ibmcom/hyperkube-amd64@sha256:9eaadf7c2a417ee2a9a219e2eadf21884742199a484be2ca737f0e8a178d490a lzj.icp:8500/ibmcom/hyperkube@sha256:9fbddbf2d04354912c8a981395493d250474cb9fa587fa91119e69467078b180 lzj.icp:8500/ibmcom/hyperkube-amd64:v1.11.1-ee lzj.icp:8500/ibmcom/hyperkube:v1.11.1-ee] 782626408} {[lzj.icp:8500/ibmcom/compliance-annotator-amd64@sha256:5d8bbbef3a7dc54ba9addb256d2aa8a3f7d5c27a454ff4b7ee583b217dac2ce4 lzj.icp:8500/ibmcom/compliance-annotator@sha256:be00ccb777b1e90601cc563112e32ae831b0fb7d4933f1aa3c49379cabe41c3f lzj.icp:8500/ibmcom/compliance-annotator-amd64:1.3.1 lzj.icp:8500/ibmcom/compliance-annotator:1.3.1] 773932738} {[lzj.icp:8500/ibmcom/icp-logstash-amd64@sha256:02a683ee6ad9eeed7ea8ebb1de713aaf902a9e20a39ccc0294ee1f947f1bbd73 lzj.icp:8500/ibmcom/icp-logstash@sha256:a182a00827aefe7f5f95b18fa1ec8f6897989290b37f3d98bd6440ddda796433 lzj.icp:8500/ibmcom/icp-logstash-amd64:5.5.1 lzj.icp:8500/ibmcom/icp-logstash:5.5.1] 764906887} {[lzj.icp:8500/ibmcom/process-ma-hf-amd64@sha256:ef0d164350d07600f8037082db7d98cf81b9c554d8a60692ae90b8d0239a8cdc lzj.icp:8500/ibmcom/process-ma-hf@sha256:114b48d67e46f6ad3624dfa99baab8f9c62fb5ba88d210d0f42e106eda4e0ee8 lzj.icp:8500/ibmcom/process-ma-hf-amd64:1.3.1 lzj.icp:8500/ibmcom/process-ma-hf:1.3.1] 758635128} {[lzj.icp:8500/ibmcom/vulnerability-annotator-amd64@sha256:febedf85b65e0d1800e67249274d474d4ce67e8041e81487f76bce727cb39bd4 lzj.icp:8500/ibmcom/vulnerability-annotator@sha256:2ca368468e5d1c7ed82b3947b8d8904da34969bd72e67b382bfd0579fe3f148d lzj.icp:8500/ibmcom/vulnerability-annotator-amd64:1.3.1 lzj.icp:8500/ibmcom/vulnerability-annotator:1.3.1] 757013017} {[lzj.icp:8500/ibmcom/py-generic-indexer-amd64@sha256:45cb17e23e15f4dfe44471309af12f0655aad5f8e859c718f393290f220b02b2 lzj.icp:8500/ibmcom/py-generic-indexer@sha256:63a28bc72b6588e508ad23b569a228d6219e2d6fdddb2b1b073e1d2c70ec7641 lzj.icp:8500/ibmcom/py-generic-indexer-amd64:1.3.1 lzj.icp:8500/ibmcom/py-generic-indexer:1.3.1] 755588945} {[lzj.icp:8500/ibmcom/icp-inception-amd64@sha256:1dad180d14ae732d17ca5cf41b87dbb316c072323f186d60a08a753f904eb5b2 lzj.icp:8500/ibmcom/icp-inception@sha256:d395315f0fde94a5cacd9945cd7932b4eda45fe404a6b9d55a8ec8ebeed2a0a8 lzj.icp:8500/ibmcom/icp-inception-amd64:3.1.0-ee lzj.icp:8500/ibmcom/icp-inception:3.1.0-ee] 744155119} {[lzj.icp:8500/ibmcom/config-parser-amd64@sha256:7d721e0b5a827921ac16fa9e7570db225211e6dd700cdeaba1d28ba02ff8ef6d lzj.icp:8500/ibmcom/config-parser@sha256:2b7d6f1ea57d6e4d9caaca5d0e2bb35d2e6db316e2f18ef9a51b5bfa48119f69 lzj.icp:8500/ibmcom/config-parser-amd64:1.3.1 lzj.icp:8500/ibmcom/config-parser:1.3.1] 739243486} {[lzj.icp:8500/ibmcom/iam-policy-administration-amd64@sha256:e1941aa09a5b692505cb3be3e497d3ff9acb900786b9a2c8c4c00d0243b37dd0 lzj.icp:8500/ibmcom/iam-policy-administration@sha256:ab0d5c50f5e5fc9a537e97183ed694e34d57fa00121bc08bedb261b80e29b9a4 lzj.icp:8500/ibmcom/iam-policy-administration-amd64:3.1.0 lzj.icp:8500/ibmcom/iam-policy-administration:3.1.0] 711947327} {[lzj.icp:8500/ibmcom/password-annotator-amd64@sha256:bca1b6b222d8ea8ade174a8cc1a549f161d75d3e9d69881f08a1fb316a8e27d3 lzj.icp:8500/ibmcom/password-annotator@sha256:5c7e8db45db52a6bca7d76ae8c2ff74eb43644f7959d66ddc67454bcbca765ec lzj.icp:8500/ibmcom/password-annotator-amd64:1.3.1 lzj.icp:8500/ibmcom/password-annotator:1.3.1] 707627907} {[lzj.icp:8500/ibmcom/notification-dispatcher-amd64@sha256:ec8dfbc351a0d758488f9f8bfa17c3182a5c02819a6ebf7144ab914a2233cf57 lzj.icp:8500/ibmcom/notification-dispatcher@sha256:6d7e6b836f0cfeb5fb18cd29fdd8315fb44013f8d21830b9c5ab60b605c5e3c5 lzj.icp:8500/ibmcom/notification-dispatcher-amd64:1.3.1 lzj.icp:8500/ibmcom/notification-dispatcher:1.3.1] 707588442} {[lzj.icp:8500/ibmcom/sas-base-amd64@sha256:9651b1149c62d5a0968aaeffe71f2da68cd7e07ff8d7ea67538278c00ab08457 lzj.icp:8500/ibmcom/sas-base@sha256:56bb0790e5f06276b7435c731687f733901fedc80af299dc8a8eaf72d7365560 lzj.icp:8500/ibmcom/sas-base-amd64:1.3.1 lzj.icp:8500/ibmcom/sas-base:1.3.1] 653746081} {[lzj.icp:8500/ibmcom/ma-file-annotator-amd64@sha256:8caa6280fd845fd524ad874a6b243510ebf085d58c989229020fcfc743492632 lzj.icp:8500/ibmcom/ma-file-annotator@sha256:cd8dc2a26e2a84bf7d8ba982c6a21c034239de5e2dc12767d3f60985e495d957 lzj.icp:8500/ibmcom/ma-file-annotator-amd64:1.3.1 lzj.icp:8500/ibmcom/ma-file-annotator:1.3.1] 653745236} {[lzj.icp:8500/ibmcom/icp-kibana-amd64@sha256:8b69887ac5297e1d2e68b9c2ce885b9a888f6c278ca1538acb0f03206b48502a lzj.icp:8500/ibmcom/icp-kibana@sha256:6e2746da64a64f98c5761b87d5e185a9c2ac75c9c4e767ab284062b1847b7571 lzj.icp:8500/ibmcom/icp-kibana-amd64:5.5.1 lzj.icp:8500/ibmcom/icp-kibana:5.5.1] 639622018} {[lzj.icp:8500/ibmcom/icp-platform-api-amd64@sha256:1fc47925c2611aef12631b3f3806308f55a298074aebc561fd04cf8a7691c669 lzj.icp:8500/ibmcom/icp-platform-api@sha256:6b5585999f45fa6dc7a6a1d8bcb4d544c96a3e1fd3bd9f133ebed2e356985a0e lzj.icp:8500/ibmcom/icp-platform-api-amd64:3.1.0 lzj.icp:8500/ibmcom/icp-platform-api:3.1.0] 612589125} {[lzj.icp:8500/ibmcom/iam-policy-decision-amd64@sha256:d49eb3845c57bb8370a477949d92da10a178b81ade50f0e9d970981fadd6686d lzj.icp:8500/ibmcom/iam-policy-decision@sha256:ecd9f36e17e57c6be41e744abc17baacddd28178485d29cb112ffc5e558d2c09 lzj.icp:8500/ibmcom/iam-policy-decision-amd64:3.1.0 lzj.icp:8500/ibmcom/iam-policy-decision:3.1.0] 559718344} {[lzj.icp:8500/ibmcom/rootkit-annotator-amd64@sha256:caf6c24136b8785d901f346a640d673b55fe105c3617cfcb432ee2006f5b1cf4 lzj.icp:8500/ibmcom/rootkit-annotator@sha256:9aabe418ab5c5b3ce86dcfad5dc63a14124bf56227a7decb6656382f2cf9606e lzj.icp:8500/ibmcom/rootkit-annotator-amd64:1.3.1 lzj.icp:8500/ibmcom/rootkit-annotator:1.3.1] 549434506} {[lzj.icp:8500/ibmcom/icp-elasticsearch-amd64@sha256:0063a7a931ca4e52d8f7a51f2bdb010345f4373b5b904b52e5c8a48ec0c1fde7 lzj.icp:8500/ibmcom/icp-elasticsearch@sha256:b410aacb6005fe24bfd87b045ea26fde3d6eb3ca52c3f0e4560cdc208944ba50 lzj.icp:8500/ibmcom/icp-elasticsearch-amd64:5.5.1 lzj.icp:8500/ibmcom/icp-elasticsearch:5.5.1] 520121248} {[lzj.icp:8500/ibmcom/logging-pki-init-amd64@sha256:cc4bfa085e1ae99120ee526acd3e62d205e10de6f1c773c521fc5b933914f6a8 lzj.icp:8500/ibmcom/logging-pki-init@sha256:21aa9cbd05a849b4891b15cf636f73545f6001f16c82f8eeed2e90b4f9312377 lzj.icp:8500/ibmcom/logging-pki-init-amd64:2.0.0 lzj.icp:8500/ibmcom/logging-pki-init:2.0.0] 501921135} {[lzj.icp:8500/ibmcom/searchguard-init-amd64@sha256:d19ce1d27f406945d4ed78b0f07007998c2ab3889086e502924847c2186db546 lzj.icp:8500/ibmcom/searchguard-init@sha256:3d0d8a8404a9df5ad238bce1e0542cdda609cc445dfc3964952243d9fc103276 lzj.icp:8500/ibmcom/searchguard-init-amd64:2.0.0 lzj.icp:8500/ibmcom/searchguard-init:2.0.0] 457030441} {[lzj.icp:8500/ibmcom/metering-ui-amd64@sha256:3628a8fe41183c08ea0b02e2e798e3649e4aebe2c2405c34572b9eb7c7c4d9a8 lzj.icp:8500/ibmcom/metering-ui@sha256:d6453f9afecc9b1fc778c195e20bbb39d4ef6262af2f7a9a5ce3cddc259fec99 lzj.icp:8500/ibmcom/metering-ui-amd64:3.1.0 lzj.icp:8500/ibmcom/metering-ui:3.1.0] 385577105} {[lzj.icp:8500/ibmcom/heketi-amd64@sha256:c5b579a4f219c87990f861eb61de86cb9cfb51b6d230b8c299df7d9fd3d02d0e lzj.icp:8500/ibmcom/heketi@sha256:eb6875247a56829a20d0949f034b08a0e682201ab1d88d3cba71972932c254f5 lzj.icp:8500/ibmcom/heketi-amd64:v7.0.0 lzj.icp:8500/ibmcom/heketi:v7.0.0] 384720377} {[lzj.icp:8500/ibmcom/icp-mongodb-amd64@sha256:a305ae8bc309898d86bf60aee968846db3602f77b25924640d5f08a2389ee99d lzj.icp:8500/ibmcom/icp-mongodb@sha256:fe8b55caf7bb855fd4e244450af5195f2243b766c6934d464128bf982b29b345 lzj.icp:8500/ibmcom/icp-mongodb-amd64:3.1.0 lzj.icp:8500/ibmcom/icp-mongodb:3.1.0] 379353410} {[lzj.icp:8500/ibmcom/icp-catalog-ui-amd64@sha256:33993b4eab189e3c78fe27799017da770d47523cf6831460741008bf91297d6d lzj.icp:8500/ibmcom/icp-catalog-ui@sha256:049f3c4946a0ad2c10507e5e42a464448e858fb3ae606cfd84825d340adb1125 lzj.icp:8500/ibmcom/icp-catalog-ui-amd64:3.1.0 lzj.icp:8500/ibmcom/icp-catalog-ui:3.1.0] 363781304} {[lzj.icp:8500/ibmcom/nginx-ingress-controller-amd64@sha256:63b48dd3ba635aa65409f7d6a319e293697810c1b9e885e6255bebf36a2506ab lzj.icp:8500/ibmcom/nginx-ingress-controller@sha256:f68b2ce26292e02ef3dbc6cfae17cec3d54b9afee9bf5298bf95d005c0783143 lzj.icp:8500/ibmcom/nginx-ingress-controller-amd64:0.16.2 lzj.icp:8500/ibmcom/nginx-ingress-controller:0.16.2] 361632894} {[lzj.icp:8500/ibmcom/mariadb-amd64@sha256:1f9876179c32fcf463804f75cbf2fb031106edf2be9d5dbf6705375ca53930bb lzj.icp:8500/ibmcom/mariadb@sha256:2272622e7f6786220d7ee2b482a3050bd34c3e1ecdc99af6175a146610222763 lzj.icp:8500/ibmcom/mariadb-amd64:10.2.17 lzj.icp:8500/ibmcom/mariadb:10.2.17] 358991946} {[lzj.icp:8500/ibmcom/k8szk-amd64@sha256:a9ee22a4df14654552a02303e4560623244683692fd298dd2fb71e9dd66219f3 lzj.icp:8500/ibmcom/k8szk@sha256:20cfeb163fb828c3c3a7c0baf2883e90c72c8d97d20116253903e82aa2be801f lzj.icp:8500/ibmcom/k8szk-amd64:v3 lzj.icp:8500/ibmcom/k8szk:v3] 331472973} {[lzj.icp:8500/ibmcom/gluster-amd64@sha256:647caedb536eb7b8c5c8b0a2b69e52d2a34be9e6c9c7b9c1b21d14fcfa261886 lzj.icp:8500/ibmcom/gluster@sha256:eeabf9b160370078d12a4c2b84f1a9772fe10c64446f0c2251eb53b8b5277baa lzj.icp:8500/ibmcom/gluster-amd64:v4.0.2 lzj.icp:8500/ibmcom/gluster:v4.0.2] 324265531} {[lzj.icp:8500/ibmcom/istio-grafana-amd64@sha256:381a2dd3a5addbc5d43920bc19bb15ba6dbd422e4a9d91163108e72c5a63234c lzj.icp:8500/ibmcom/istio-grafana@sha256:f4fdaf4a51b946f6d4fb9aa82cdbfef53c8e0b7b2223078f9d7f62bb28d3259b lzj.icp:8500/ibmcom/istio-grafana-amd64:1.0.0.1 lzj.icp:8500/ibmcom/istio-grafana:1.0.0.1] 324187770} {[lzj.icp:8500/ibmcom/icp-filebeat-amd64@sha256:03af9b78dad6c2ba857975d10c81e781460796dff1ff1163ea4596f4aa10601d lzj.icp:8500/ibmcom/icp-filebeat@sha256:72669dde64d7ab85bbb9e93428efe548b2693a4eae5168a4705f6e30cd20e584 lzj.icp:8500/ibmcom/icp-filebeat-amd64:5.5.1 lzj.icp:8500/ibmcom/icp-filebeat:5.5.1] 317104874} {[lzj.icp:8500/ibmcom/istio-proxyv2-amd64@sha256:cd77e75fa85ce74914e1b7b0bef980ece8a62ef0d776c9ef51a0d7d30b4b64a0 lzj.icp:8500/ibmcom/istio-proxyv2@sha256:9c94d736c8cbb41e2c5b0b672530eee0df6cbb628d57f4ddaec9f4ff4f49ce35 lzj.icp:8500/ibmcom/istio-proxyv2-amd64:1.0.0.1 lzj.icp:8500/ibmcom/istio-proxyv2:1.0.0.1] 311276139} {[lzj.icp:8500/ibmcom/istio-pilot-amd64@sha256:63352073a964037fd37f6150228231d2e5eca7e0c2920405d6269326d3c54263 lzj.icp:8500/ibmcom/istio-pilot@sha256:ad129a4be7b6d1536c384efd03fb570b973b9c77a56a48e6b9cfe192a76c111e lzj.icp:8500/ibmcom/istio-pilot-amd64:1.0.0.1 lzj.icp:8500/ibmcom/istio-pilot:1.0.0.1] 309502004} {[lzj.icp:8500/ibmcom/fluentd-amd64@sha256:384a99b8d941c93f96ee5b5cbae5b70500219a3f71c73cf4eddd20d9d693e3b3 lzj.icp:8500/ibmcom/fluentd@sha256:f85a5ffd86438f1a73d04caf6e33ef3474675d9fa0947431f4d0a9602fc981af lzj.icp:8500/ibmcom/fluentd-amd64:v1.2.2-icp lzj.icp:8500/ibmcom/fluentd:v1.2.2-icp] 270902701} {[lzj.icp:8500/ibmcom/icp-identity-manager-amd64@sha256:632f31acd0fcfc3d0cebea31cfb71018f6712bd1a1b4da7476942b3c23aa3521 lzj.icp:8500/ibmcom/icp-identity-manager@sha256:993462e02a42c15b03722d935809476c8e10e6e0b3a2669eb528081e92a49859 lzj.icp:8500/ibmcom/icp-identity-manager-amd64:3.1.0 lzj.icp:8500/ibmcom/icp-identity-manager:3.1.0] 268667523} {[lzj.icp:8500/ibmcom/elasticsearch-plugin-searchguard-amd64@sha256:28f88d06bbbc073162702064c1be4ad06272e9021cbc0f929ba8c6da2ca25ae6 lzj.icp:8500/ibmcom/elasticsearch-plugin-searchguard@sha256:f47116021e3eec7b2fed9f6ed8bd77fd890457e5a1546dda7f863c032d4395b1 lzj.icp:8500/ibmcom/elasticsearch-plugin-searchguard-amd64:2.0.0 lzj.icp:8500/ibmcom/elasticsearch-plugin-searchguard:2.0.0] 267864279} {[lzj.icp:8500/ibmcom/kiali-amd64@sha256:bec63b454cf2e597c61f6a9943144050e5e6fc7a4f6474bc3bb6b627ba20c71c lzj.icp:8500/ibmcom/kiali@sha256:71a50e9885495157454657bc93842a7310e96e822a4117ad751ad81af83fde5e lzj.icp:8500/ibmcom/kiali-amd64:istio-release-1.0.0.1 lzj.icp:8500/ibmcom/kiali:istio-release-1.0.0.1] 265771300} {[lzj.icp:8500/ibmcom/calico-node-amd64@sha256:9871f4dde9eab9fd804b12f3114da36505ff5c220e2323b7434eec24e3b23ac5 lzj.icp:8500/ibmcom/calico-node@sha256:85a23d8030137d49663d3d82844a61998331606de9fc523dfdd0a75be7fb9828 lzj.icp:8500/ibmcom/calico-node-amd64:v3.1.3 lzj.icp:8500/ibmcom/calico-node:v3.1.3] 248202699} {[lzj.icp:8500/ibmcom/grafana-amd64@sha256:dc3566257a0c716caedfb33127d8ee385290c1dda006bebfb75c376d56b30c88 lzj.icp:8500/ibmcom/grafana@sha256:5d2739d3ec5c7f6ea66d69caa918b764660b99a3d37cb1f4123f1a9623ce8e38 lzj.icp:8500/ibmcom/grafana-amd64:5.2.0 lzj.icp:8500/ibmcom/grafana:5.2.0] 245297582} {[lzj.icp:8500/ibmcom/indices-cleaner-amd64@sha256:e6c6453d54012488e9ebfaa9e4d829f567d8e66b24c1613e6d88ca192ed5e85b lzj.icp:8500/ibmcom/indices-cleaner@sha256:31dac3be1246f17dddade06b517c073244ce56d85bc54135fdaf010dbb0bca10 lzj.icp:8500/ibmcom/indices-cleaner-amd64:1.0.0 lzj.icp:8500/ibmcom/indices-cleaner:1.0.0] 238131553} {[lzj.icp:8500/ibmcom/icp-identity-provider-amd64@sha256:24dba8b07c8295eef99abbf8d83041908516e4e50e4e4cfbbbcd53bdf415dda1 lzj.icp:8500/ibmcom/icp-identity-provider@sha256:b5bf63419b53ba550cad7a1b835d0d0eaae1fde8851c7936f8deb603fef673a6 lzj.icp:8500/ibmcom/icp-identity-provider-amd64:3.1.0 lzj.icp:8500/ibmcom/icp-identity-provider:3.1.0] 224286517} {[lzj.icp:8500/ibmcom/curl-amd64@sha256:aad05b4e4529f7e70516d8d3028cae6cd1d50de738ce164f2a532ce2470ac43f lzj.icp:8500/ibmcom/curl@sha256:adf92a267e351914d041a56d64ebe80331c45f8e20ab23b7ada67bea78da9996 lzj.icp:8500/ibmcom/curl-amd64:4.0.0 lzj.icp:8500/ibmcom/curl:4.0.0] 221192597} {[lzj.icp:8500/ibmcom/icp-audit-service-amd64@sha256:9add202c06a43da647380c860d9139fa059701fe103c1f229281215bf99dbbd3 lzj.icp:8500/ibmcom/icp-audit-service@sha256:7c3d710c31f6f5ae0227edc1599bdf64bc82e4fcd2b3aa8f197148240d2ab01c lzj.icp:8500/ibmcom/icp-audit-service-amd64:3.1.0 lzj.icp:8500/ibmcom/icp-audit-service:3.1.0] 215897363}],VolumesInUse:[],VolumesAttached:[],Config:&amp;NodeConfigStatus{Assigned:nil,Active:nil,LastKnownGood:nil,Error:,},},}&#xA;Sep 19 08:12:12.183: INFO: &#xA;Logging kubelet events for node 10.46.6.172&#xA;Sep 19 08:12:12.187: INFO: &#xA;Logging pods the kubelet thinks is on node 10.46.6.172&#xA;Sep 19 08:12:12.218: INFO: vulnerability-advisor-ma-file-annotator-6b95df8886-jtczz started at 2018-09-17 07:19:04 +0000 UTC (0+2 container statuses recorded)&#xA;Sep 19 08:12:12.218: INFO: &#x9;Container icp-audit-service ready: true, restart count 0&#xA;Sep 19 08:12:12.218: INFO: &#x9;Container vulnerability-advisor-ma-file-annotator ready: true, restart count 1&#xA;Sep 19 08:12:12.218: INFO: vulnerability-advisor-sas-apiserver-5fd8d44bc9-7bvkn started at 2018-09-17 07:19:09 +0000 UTC (0+3 container statuses recorded)&#xA;Sep 19 08:12:12.218: INFO: &#x9;Container icp-audit-service ready: true, restart count 0&#xA;Sep 19 08:12:12.218: INFO: &#x9;Container sas-api-server ready: true, restart count 0&#xA;Sep 19 08:12:12.218: INFO: &#x9;Container sas-proxy-server ready: true, restart count 0&#xA;Sep 19 08:12:12.218: INFO: vulnerability-advisor-zookeeper-0 started at 2018-09-17 07:19:15 +0000 UTC (0+1 container statuses recorded)&#xA;Sep 19 08:12:12.218: INFO: &#x9;Container zookeeper-server ready: true, restart count 0&#xA;Sep 19 08:12:12.218: INFO: vulnerability-advisor-compliance-annotator-d5659b9d9-kmn8q started at 2018-09-17 07:19:03 +0000 UTC (0+1 container statuses recorded)&#xA;Sep 19 08:12:12.218: INFO: &#x9;Container compliance-annotator ready: true, restart count 4&#xA;Sep 19 08:12:12.218: INFO: vulnerability-advisor-rootkit-annotator-74cb65b5cf-2dk5j started at 2018-09-17 07:19:08 +0000 UTC (0+1 container statuses recorded)&#xA;Sep 19 08:12:12.218: INFO: &#x9;Container rootkit-annotator ready: true, restart count 3&#xA;Sep 19 08:12:12.218: INFO: vulnerability-advisor-sas-mgmt-64fb95bc44-j9vjc started at 2018-09-17 07:19:08 +0000 UTC (0+1 container statuses recorded)&#xA;Sep 19 08:12:12.218: INFO: &#x9;Container sas-mgmt-server ready: true, restart count 0&#xA;Sep 19 08:12:12.218: INFO: monitoring-prometheus-nodeexporter-v4l7d started at 2018-09-17 07:15:44 +0000 UTC (0+2 container statuses recorded)&#xA;Sep 19 08:12:12.218: INFO: &#x9;Container nodeexporter ready: true, restart count 0&#xA;Sep 19 08:12:12.218: INFO: &#x9;Container router ready: true, restart count 0&#xA;Sep 19 08:12:12.218: INFO: vulnerability-advisor-vulnerability-indexer-7c79b4c964-2n8cg started at 2018-09-17 07:19:07 +0000 UTC (0+1 container statuses recorded)&#xA;Sep 19 08:12:12.218: INFO: &#x9;Container py-vulnerability-indexer ready: true, restart count 0&#xA;Sep 19 08:12:12.218: INFO: vulnerability-advisor-secconfig-annotator-7dbcf5d9f4-fkmkb started at 2018-09-17 07:19:10 +0000 UTC (0+1 container statuses recorded)&#xA;Sep 19 08:12:12.218: INFO: &#x9;Container secconfig-annotator ready: true, restart count 0&#xA;Sep 19 08:12:12.218: INFO: vulnerability-advisor-statsd-7746859df4-jjm6f started at 2018-09-17 07:19:10 +0000 UTC (0+1 container statuses recorded)&#xA;Sep 19 08:12:12.218: INFO: &#x9;Container statsd ready: true, restart count 0&#xA;Sep 19 08:12:12.218: INFO: vulnerability-advisor-usncrawler-8h976 started at 2018-09-17 07:19:11 +0000 UTC (0+1 container statuses recorded)&#xA;Sep 19 08:12:12.218: INFO: &#x9;Container usnloader-job ready: false, restart count 0&#xA;Sep 19 08:12:12.218: INFO: calico-node-wsknj started at 2018-09-17 07:05:53 +0000 UTC (0+2 container statuses recorded)&#xA;Sep 19 08:12:12.218: INFO: &#x9;Container calico-node ready: true, restart count 0&#xA;Sep 19 08:12:12.218: INFO: &#x9;Container install-cni ready: true, restart count 0&#xA;Sep 19 08:12:12.218: INFO: vulnerability-advisor-cos-indexer-57899b7dd6-7cpf8 started at 2018-09-17 07:19:04 +0000 UTC (0+1 container statuses recorded)&#xA;Sep 19 08:12:12.218: INFO: &#x9;Container cos-indexer ready: true, restart count 3&#xA;Sep 19 08:12:12.218: INFO: vulnerability-advisor-kafka-0 started at 2018-09-17 07:19:13 +0000 UTC (0+1 container statuses recorded)&#xA;Sep 19 08:12:12.218: INFO: &#x9;Container kafka-server ready: true, restart count 2&#xA;Sep 19 08:12:12.218: INFO: vulnerability-advisor-minio-0 started at 2018-09-17 07:19:16 +0000 UTC (1+1 container statuses recorded)&#xA;Sep 19 08:12:12.218: INFO: &#x9;Init container wait-kafka ready: true, restart count 1&#xA;Sep 19 08:12:12.218: INFO: &#x9;Container minio-server ready: true, restart count 0&#xA;Sep 19 08:12:12.218: INFO: nvidia-device-plugin-w9jr8 started at 2018-09-17 07:07:17 +0000 UTC (1+1 container statuses recorded)&#xA;Sep 19 08:12:12.218: INFO: &#x9;Init container nvidia-driver-collector ready: true, restart count 0&#xA;Sep 19 08:12:12.218: INFO: &#x9;Container nvidia-device-plugin ready: true, restart count 0&#xA;Sep 19 08:12:12.218: INFO: metering-reader-gsrdg started at 2018-09-17 07:14:11 +0000 UTC (1+1 container statuses recorded)&#xA;Sep 19 08:12:12.218: INFO: &#x9;Init container metering-reader-init ready: true, restart count 1&#xA;Sep 19 08:12:12.218: INFO: &#x9;Container metering-reader ready: true, restart count 0&#xA;Sep 19 08:12:12.218: INFO: logging-elk-filebeat-ds-vpk48 started at 2018-09-17 07:15:20 +0000 UTC (0+1 container statuses recorded)&#xA;Sep 19 08:12:12.218: INFO: &#x9;Container filebeat ready: true, restart count 0&#xA;Sep 19 08:12:12.218: INFO: vulnerability-advisor-password-annotator-79b5d794b5-wnwqn started at 2018-09-17 07:19:05 +0000 UTC (0+1 container statuses recorded)&#xA;Sep 19 08:12:12.218: INFO: &#x9;Container config-parser ready: true, restart count 3&#xA;Sep 19 08:12:12.218: INFO: vulnerability-advisor-vulnerability-annotator-bcbf5595f-hxwst started at 2018-09-17 07:19:10 +0000 UTC (0+1 container statuses recorded)&#xA;Sep 19 08:12:12.219: INFO: &#x9;Container va-annotator ready: true, restart count 3&#xA;Sep 19 08:12:12.219: INFO: audit-logging-fluentd-ds-8bh4t started at 2018-09-17 07:18:46 +0000 UTC (0+1 container statuses recorded)&#xA;Sep 19 08:12:12.219: INFO: &#x9;Container fluentd ready: true, restart count 0&#xA;Sep 19 08:12:12.219: INFO: vulnerability-advisor-live-crawler-84st2 started at 2018-09-17 07:19:03 +0000 UTC (0+1 container statuses recorded)&#xA;Sep 19 08:12:12.219: INFO: &#x9;Container live-crawler ready: true, restart count 0&#xA;Sep 19 08:12:12.219: INFO: vulnerability-advisor-process-ma-annotator-58f47d5b5f-xbxrc started at 2018-09-17 07:19:06 +0000 UTC (0+2 container statuses recorded)&#xA;Sep 19 08:12:12.219: INFO: &#x9;Container icp-audit-service ready: true, restart count 0&#xA;Sep 19 08:12:12.219: INFO: &#x9;Container process-ma-annotator ready: true, restart count 2&#xA;Sep 19 08:12:12.219: INFO: vulnerability-advisor-compliance-indexer-7cbdc64b57-47lmd started at 2018-09-17 07:19:07 +0000 UTC (0+1 container statuses recorded)&#xA;Sep 19 08:12:12.219: INFO: &#x9;Container py-compliance-indexer ready: true, restart count 0&#xA;Sep 19 08:12:12.219: INFO: vulnerability-advisor-minio-cleaner-1537228740-55f4w started at 2018-09-17 23:59:03 +0000 UTC (0+1 container statuses recorded)&#xA;Sep 19 08:12:12.219: INFO: &#x9;Container cleaner ready: false, restart count 0&#xA;Sep 19 08:12:12.219: INFO: vulnerability-advisor-process-ma-annotator-58f47d5b5f-4wglg started at 2018-09-17 07:19:06 +0000 UTC (0+2 container statuses recorded)&#xA;Sep 19 08:12:12.219: INFO: &#x9;Container icp-audit-service ready: true, restart count 0&#xA;Sep 19 08:12:12.219: INFO: &#x9;Container process-ma-annotator ready: true, restart count 1&#xA;Sep 19 08:12:12.219: INFO: vulnerability-advisor-rootkit-indexer-cd8b4646b-xlhwq started at 2018-09-17 07:19:07 +0000 UTC (0+1 container statuses recorded)&#xA;Sep 19 08:12:12.219: INFO: &#x9;Container py-rootkit-indexer ready: true, restart count 0&#xA;Sep 19 08:12:12.219: INFO: vulnerability-advisor-secconfig-indexer-674647df7c-qq5ff started at 2018-09-17 07:19:07 +0000 UTC (0+1 container statuses recorded)&#xA;Sep 19 08:12:12.219: INFO: &#x9;Container py-secconfig-indexer ready: true, restart count 0&#xA;Sep 19 08:12:12.219: INFO: k8s-proxy-10.46.6.172 started at &lt;nil&gt; (0+0 container statuses recorded)&#xA;Sep 19 08:12:12.219: INFO: vulnerability-advisor-process-ma-crawler-24z6k started at 2018-09-17 07:19:03 +0000 UTC (0+1 container statuses recorded)&#xA;Sep 19 08:12:12.219: INFO: &#x9;Container process-ma-crawler ready: true, restart count 0&#xA;Sep 19 08:12:12.219: INFO: vulnerability-advisor-config-parser-5d44b78fd5-z4k9t started at 2018-09-17 07:19:04 +0000 UTC (0+1 container statuses recorded)&#xA;Sep 19 08:12:12.219: INFO: &#x9;Container config-parser ready: true, restart count 4&#xA;Sep 19 08:12:12.219: INFO: vulnerability-advisor-notification-dispatcher-86f8bf4b4d-cfdzb started at 2018-09-17 07:19:04 +0000 UTC (0+1 container statuses recorded)&#xA;Sep 19 08:12:12.219: INFO: &#x9;Container notification-dispatcher ready: true, restart count 3&#xA;Sep 19 08:12:12.219: INFO: vulnerability-advisor-process-ma-annotator-init-869545d547nn27w started at 2018-09-17 07:19:06 +0000 UTC (0+1 container statuses recorded)&#xA;Sep 19 08:12:12.219: INFO: &#x9;Container process-ma-annotator ready: true, restart count 0&#xA;Sep 19 08:12:12.219: INFO: vulnerability-advisor-registry-crawler-6f9568677b-bfpm6 started at 2018-09-17 07:19:08 +0000 UTC (0+1 container statuses recorded)&#xA;Sep 19 08:12:12.219: INFO: &#x9;Container reg-crawler ready: true, restart count 0&#xA;Sep 19 08:12:12.219: INFO: vulnerability-advisor-minio-cleaner-1537315140-nqk7v started at 2018-09-18 23:59:04 +0000 UTC (0+1 container statuses recorded)&#xA;Sep 19 08:12:12.219: INFO: &#x9;Container cleaner ready: false, restart count 0&#xA;Sep 19 08:12:12.293: INFO: &#xA;Latency metrics for node 10.46.6.172&#xA;Sep 19 08:12:12.293: INFO: &#xA;Logging node info for node 10.46.6.173&#xA;Sep 19 08:12:12.296: INFO: Node Info: &amp;Node{ObjectMeta:k8s_io_apimachinery_pkg_apis_meta_v1.ObjectMeta{Name:10.46.6.173,GenerateName:,Namespace:,SelfLink:/api/v1/nodes/10.46.6.173,UID:3dc7268b-ba44-11e8-b20e-fa163e707b2e,ResourceVersion:465506,Generation:0,CreationTimestamp:2018-09-17 06:38:09 +0000 UTC,DeletionTimestamp:&lt;nil&gt;,DeletionGracePeriodSeconds:nil,Labels:map[string]string{beta.kubernetes.io/arch: amd64,beta.kubernetes.io/os: linux,etcd: true,kubernetes.io/hostname: 10.46.6.173,master: true,node-role.kubernetes.io/etcd: true,node-role.kubernetes.io/master: true,node-role.kubernetes.io/proxy: true,proxy: true,role: master,},Annotations:map[string]string{node.alpha.kubernetes.io/ttl: 0,volumes.kubernetes.io/controller-managed-attach-detach: true,},OwnerReferences:[],Finalizers:[],ClusterName:,Initializers:nil,},Spec:NodeSpec{PodCIDR:,DoNotUse_ExternalID:,ProviderID:,Unschedulable:false,Taints:[{dedicated proxy NoSchedule &lt;nil&gt;}],ConfigSource:nil,},Status:NodeStatus{Capacity:ResourceList{cpu: {{32 0} {&lt;nil&gt;} 32 DecimalSI},ephemeral-storage: {{107362627584 0} {&lt;nil&gt;} 104846316Ki BinarySI},hugepages-1Gi: {{0 0} {&lt;nil&gt;} 0 DecimalSI},hugepages-2Mi: {{0 0} {&lt;nil&gt;} 0 DecimalSI},memory: {{135202160640 0} {&lt;nil&gt;}  BinarySI},pods: {{320 0} {&lt;nil&gt;} 320 DecimalSI},},Allocatable:ResourceList{cpu: {{32 0} {&lt;nil&gt;} 32 DecimalSI},ephemeral-storage: {{107257769984 0} {&lt;nil&gt;} 104743916Ki BinarySI},hugepages-1Gi: {{0 0} {&lt;nil&gt;} 0 DecimalSI},hugepages-2Mi: {{0 0} {&lt;nil&gt;} 0 DecimalSI},memory: {{135097303040 0} {&lt;nil&gt;}  BinarySI},pods: {{320 0} {&lt;nil&gt;} 320 DecimalSI},},Phase:,Conditions:[{OutOfDisk False 2018-09-19 08:12:05 +0000 UTC 2018-09-17 06:38:09 +0000 UTC KubeletHasSufficientDisk kubelet has sufficient disk space available} {MemoryPressure False 2018-09-19 08:12:05 +0000 UTC 2018-09-17 06:38:09 +0000 UTC KubeletHasSufficientMemory kubelet has sufficient memory available} {DiskPressure False 2018-09-19 08:12:05 +0000 UTC 2018-09-17 06:38:09 +0000 UTC KubeletHasNoDiskPressure kubelet has no disk pressure} {PIDPressure False 2018-09-19 08:12:05 +0000 UTC 2018-09-17 06:38:09 +0000 UTC KubeletHasSufficientPID kubelet has sufficient PID available} {Ready True 2018-09-19 08:12:05 +0000 UTC 2018-09-17 07:06:09 +0000 UTC KubeletReady kubelet is posting ready status}],Addresses:[{InternalIP 10.46.6.173} {Hostname 10.46.6.173}],DaemonEndpoints:NodeDaemonEndpoints{KubeletEndpoint:DaemonEndpoint{Port:10250,},},NodeInfo:NodeSystemInfo{MachineID:52ca0d2c3fb341c79b059a96d10571a6,SystemUUID:DA83D170-F88E-40EB-A0A3-2918CD5F6005,BootID:806b09ea-0a42-4719-bbaa-13e375c7b62f,KernelVersion:3.10.0-862.9.1.el7.x86_64,OSImage:Red Hat Enterprise Linux,ContainerRuntimeVersion:docker://18.3.1,KubeletVersion:v1.11.1+icp-ee,KubeProxyVersion:v1.11.1+icp-ee,OperatingSystem:linux,Architecture:amd64,},Images:[{[lzj.icp:8500/ibmcom/statsd-amd64@sha256:5ee11bc24bced45a77d9d630348680f319c09d9d3b2230b04518d1e2a5263ae2 lzj.icp:8500/ibmcom/statsd-amd64:0.7.2.1 lzj.icp:8500/ibmcom/statsd:0.7.2.1] 1234731808} {[lzj.icp:8500/ibmcom/kafka-amd64@sha256:0d6d348ccd7aa2854d60791331280e58db92029a522c8bfb3eb40c7c0913ca8f lzj.icp:8500/ibmcom/kafka-amd64:0.10.0.2 lzj.icp:8500/ibmcom/kafka:0.10.0.2] 1114805679} {[lzj.icp:8500/ibmcom/iam-token-service-amd64@sha256:9211161e5b5b9d892a99b46fad4429333ceb7143b4039419df7ea0efa36381a9 lzj.icp:8500/ibmcom/iam-token-service-amd64:3.1.0 lzj.icp:8500/ibmcom/iam-token-service:3.1.0] 1051060152} {[lzj.icp:8500/ibmcom/icp-platform-auth-amd64@sha256:abc258009b8696a83214b7a9d9df63f6d83e19cfca2987c4836b0eadfa4c99c7 lzj.icp:8500/ibmcom/icp-platform-auth-amd64:3.1.0 lzj.icp:8500/ibmcom/icp-platform-auth:3.1.0] 1028283742} {[lzj.icp:8500/ibmcom/reg-crawler-amd64@sha256:9e5d4ebbac3dd6cbf9f892b5bd634f89fae3d4b2e6a23debd3ecd322e3eb817e lzj.icp:8500/ibmcom/reg-crawler-amd64:1.3.1 lzj.icp:8500/ibmcom/reg-crawler:1.3.1] 1007817363} {[lzj.icp:8500/ibmcom/live-crawler-amd64@sha256:37a79ec87bd3c8b9af25cf1e25f4f14281ffb9f5ebeaf61c0b7c8a5799baf782 lzj.icp:8500/ibmcom/live-crawler-amd64:1.3.1 lzj.icp:8500/ibmcom/live-crawler:1.3.1] 987515538} {[lzj.icp:8500/ibmcom/cos-indexer-amd64@sha256:adf28ff960ebdcbfcfa5e4522b81aa3565338f8d640dad611a1c3f0d3894393b lzj.icp:8500/ibmcom/cos-indexer-amd64:1.3.1 lzj.icp:8500/ibmcom/cos-indexer:1.3.1] 846578165} {[lzj.icp:8500/ibmcom/secure-config-annotator-amd64@sha256:26e845c6a252e0c5ae73e764645993b3270e289d1a2e9784b06ddd7898ca45d9 lzj.icp:8500/ibmcom/secure-config-annotator-amd64:1.3.1 lzj.icp:8500/ibmcom/secure-config-annotator:1.3.1] 835555196} {[lzj.icp:8500/ibmcom/hyperkube-amd64@sha256:9eaadf7c2a417ee2a9a219e2eadf21884742199a484be2ca737f0e8a178d490a lzj.icp:8500/ibmcom/hyperkube-amd64:v1.11.1-ee lzj.icp:8500/ibmcom/hyperkube:v1.11.1-ee] 782626408} {[lzj.icp:8500/ibmcom/compliance-annotator-amd64@sha256:5d8bbbef3a7dc54ba9addb256d2aa8a3f7d5c27a454ff4b7ee583b217dac2ce4 lzj.icp:8500/ibmcom/compliance-annotator-amd64:1.3.1 lzj.icp:8500/ibmcom/compliance-annotator:1.3.1] 773932738} {[lzj.icp:8500/ibmcom/icp-logstash-amd64@sha256:02a683ee6ad9eeed7ea8ebb1de713aaf902a9e20a39ccc0294ee1f947f1bbd73 lzj.icp:8500/ibmcom/icp-logstash-amd64:5.5.1 lzj.icp:8500/ibmcom/icp-logstash:5.5.1] 764906887} {[lzj.icp:8500/ibmcom/process-ma-hf-amd64@sha256:ef0d164350d07600f8037082db7d98cf81b9c554d8a60692ae90b8d0239a8cdc lzj.icp:8500/ibmcom/process-ma-hf-amd64:1.3.1 lzj.icp:8500/ibmcom/process-ma-hf:1.3.1] 758635128} {[lzj.icp:8500/ibmcom/vulnerability-annotator-amd64@sha256:febedf85b65e0d1800e67249274d474d4ce67e8041e81487f76bce727cb39bd4 lzj.icp:8500/ibmcom/vulnerability-annotator-amd64:1.3.1 lzj.icp:8500/ibmcom/vulnerability-annotator:1.3.1] 757013017} {[lzj.icp:8500/ibmcom/py-generic-indexer-amd64@sha256:45cb17e23e15f4dfe44471309af12f0655aad5f8e859c718f393290f220b02b2 lzj.icp:8500/ibmcom/py-generic-indexer-amd64:1.3.1 lzj.icp:8500/ibmcom/py-generic-indexer:1.3.1] 755588945} {[lzj.icp:8500/ibmcom/icp-inception-amd64@sha256:1dad180d14ae732d17ca5cf41b87dbb316c072323f186d60a08a753f904eb5b2 ibmcom/icp-inception-amd64:3.1.0-ee lzj.icp:8500/ibmcom/icp-inception-amd64:3.1.0-ee lzj.icp:8500/ibmcom/icp-inception:3.1.0-ee] 744155119} {[lzj.icp:8500/ibmcom/config-parser-amd64@sha256:7d721e0b5a827921ac16fa9e7570db225211e6dd700cdeaba1d28ba02ff8ef6d lzj.icp:8500/ibmcom/config-parser-amd64:1.3.1 lzj.icp:8500/ibmcom/config-parser:1.3.1] 739243486} {[lzj.icp:8500/ibmcom/iam-policy-administration-amd64@sha256:e1941aa09a5b692505cb3be3e497d3ff9acb900786b9a2c8c4c00d0243b37dd0 lzj.icp:8500/ibmcom/iam-policy-administration-amd64:3.1.0 lzj.icp:8500/ibmcom/iam-policy-administration:3.1.0] 711947327} {[lzj.icp:8500/ibmcom/password-annotator-amd64@sha256:bca1b6b222d8ea8ade174a8cc1a549f161d75d3e9d69881f08a1fb316a8e27d3 lzj.icp:8500/ibmcom/password-annotator-amd64:1.3.1 lzj.icp:8500/ibmcom/password-annotator:1.3.1] 707627907} {[lzj.icp:8500/ibmcom/notification-dispatcher-amd64@sha256:ec8dfbc351a0d758488f9f8bfa17c3182a5c02819a6ebf7144ab914a2233cf57 lzj.icp:8500/ibmcom/notification-dispatcher-amd64:1.3.1 lzj.icp:8500/ibmcom/notification-dispatcher:1.3.1] 707588442} {[lzj.icp:8500/ibmcom/sas-base-amd64@sha256:9651b1149c62d5a0968aaeffe71f2da68cd7e07ff8d7ea67538278c00ab08457 lzj.icp:8500/ibmcom/sas-base-amd64:1.3.1 lzj.icp:8500/ibmcom/sas-base:1.3.1] 653746081} {[lzj.icp:8500/ibmcom/ma-file-annotator-amd64@sha256:8caa6280fd845fd524ad874a6b243510ebf085d58c989229020fcfc743492632 lzj.icp:8500/ibmcom/ma-file-annotator-amd64:1.3.1 lzj.icp:8500/ibmcom/ma-file-annotator:1.3.1] 653745236} {[lzj.icp:8500/ibmcom/icp-kibana-amd64@sha256:8b69887ac5297e1d2e68b9c2ce885b9a888f6c278ca1538acb0f03206b48502a lzj.icp:8500/ibmcom/icp-kibana-amd64:5.5.1 lzj.icp:8500/ibmcom/icp-kibana:5.5.1] 639622018} {[lzj.icp:8500/ibmcom/icp-platform-api-amd64@sha256:1fc47925c2611aef12631b3f3806308f55a298074aebc561fd04cf8a7691c669 lzj.icp:8500/ibmcom/icp-platform-api-amd64:3.1.0 lzj.icp:8500/ibmcom/icp-platform-api:3.1.0] 612589125} {[lzj.icp:8500/ibmcom/iam-policy-decision-amd64@sha256:d49eb3845c57bb8370a477949d92da10a178b81ade50f0e9d970981fadd6686d lzj.icp:8500/ibmcom/iam-policy-decision-amd64:3.1.0 lzj.icp:8500/ibmcom/iam-policy-decision:3.1.0] 559718344} {[lzj.icp:8500/ibmcom/rootkit-annotator-amd64@sha256:caf6c24136b8785d901f346a640d673b55fe105c3617cfcb432ee2006f5b1cf4 lzj.icp:8500/ibmcom/rootkit-annotator-amd64:1.3.1 lzj.icp:8500/ibmcom/rootkit-annotator:1.3.1] 549434506} {[lzj.icp:8500/ibmcom/icp-elasticsearch-amd64@sha256:0063a7a931ca4e52d8f7a51f2bdb010345f4373b5b904b52e5c8a48ec0c1fde7 lzj.icp:8500/ibmcom/icp-elasticsearch-amd64:5.5.1 lzj.icp:8500/ibmcom/icp-elasticsearch:5.5.1] 520121248} {[lzj.icp:8500/ibmcom/logging-pki-init-amd64@sha256:cc4bfa085e1ae99120ee526acd3e62d205e10de6f1c773c521fc5b933914f6a8 lzj.icp:8500/ibmcom/logging-pki-init-amd64:2.0.0 lzj.icp:8500/ibmcom/logging-pki-init:2.0.0] 501921135} {[lzj.icp:8500/ibmcom/searchguard-init-amd64@sha256:d19ce1d27f406945d4ed78b0f07007998c2ab3889086e502924847c2186db546 lzj.icp:8500/ibmcom/searchguard-init-amd64:2.0.0 lzj.icp:8500/ibmcom/searchguard-init:2.0.0] 457030441} {[lzj.icp:8500/ibmcom/metering-ui-amd64@sha256:3628a8fe41183c08ea0b02e2e798e3649e4aebe2c2405c34572b9eb7c7c4d9a8 lzj.icp:8500/ibmcom/metering-ui-amd64:3.1.0 lzj.icp:8500/ibmcom/metering-ui:3.1.0] 385577105} {[lzj.icp:8500/ibmcom/heketi-amd64@sha256:c5b579a4f219c87990f861eb61de86cb9cfb51b6d230b8c299df7d9fd3d02d0e lzj.icp:8500/ibmcom/heketi-amd64:v7.0.0 lzj.icp:8500/ibmcom/heketi:v7.0.0] 384720377} {[lzj.icp:8500/ibmcom/icp-mongodb-amd64@sha256:a305ae8bc309898d86bf60aee968846db3602f77b25924640d5f08a2389ee99d lzj.icp:8500/ibmcom/icp-mongodb-amd64:3.1.0 lzj.icp:8500/ibmcom/icp-mongodb:3.1.0] 379353410} {[lzj.icp:8500/ibmcom/icp-catalog-ui-amd64@sha256:33993b4eab189e3c78fe27799017da770d47523cf6831460741008bf91297d6d lzj.icp:8500/ibmcom/icp-catalog-ui-amd64:3.1.0 lzj.icp:8500/ibmcom/icp-catalog-ui:3.1.0] 363781304} {[lzj.icp:8500/ibmcom/nginx-ingress-controller-amd64@sha256:63b48dd3ba635aa65409f7d6a319e293697810c1b9e885e6255bebf36a2506ab lzj.icp:8500/ibmcom/nginx-ingress-controller-amd64:0.16.2 lzj.icp:8500/ibmcom/nginx-ingress-controller:0.16.2] 361632894} {[lzj.icp:8500/ibmcom/mariadb-amd64@sha256:1f9876179c32fcf463804f75cbf2fb031106edf2be9d5dbf6705375ca53930bb lzj.icp:8500/ibmcom/mariadb-amd64:10.2.17 lzj.icp:8500/ibmcom/mariadb:10.2.17] 358991946} {[lzj.icp:8500/ibmcom/k8szk-amd64@sha256:a9ee22a4df14654552a02303e4560623244683692fd298dd2fb71e9dd66219f3 lzj.icp:8500/ibmcom/k8szk-amd64:v3 lzj.icp:8500/ibmcom/k8szk:v3] 331472973} {[lzj.icp:8500/ibmcom/gluster-amd64@sha256:647caedb536eb7b8c5c8b0a2b69e52d2a34be9e6c9c7b9c1b21d14fcfa261886 lzj.icp:8500/ibmcom/gluster-amd64:v4.0.2 lzj.icp:8500/ibmcom/gluster:v4.0.2] 324265531} {[lzj.icp:8500/ibmcom/istio-grafana-amd64@sha256:381a2dd3a5addbc5d43920bc19bb15ba6dbd422e4a9d91163108e72c5a63234c lzj.icp:8500/ibmcom/istio-grafana-amd64:1.0.0.1 lzj.icp:8500/ibmcom/istio-grafana:1.0.0.1] 324187770} {[lzj.icp:8500/ibmcom/icp-filebeat-amd64@sha256:03af9b78dad6c2ba857975d10c81e781460796dff1ff1163ea4596f4aa10601d lzj.icp:8500/ibmcom/icp-filebeat-amd64:5.5.1 lzj.icp:8500/ibmcom/icp-filebeat:5.5.1] 317104874} {[lzj.icp:8500/ibmcom/istio-proxyv2-amd64@sha256:cd77e75fa85ce74914e1b7b0bef980ece8a62ef0d776c9ef51a0d7d30b4b64a0 lzj.icp:8500/ibmcom/istio-proxyv2-amd64:1.0.0.1 lzj.icp:8500/ibmcom/istio-proxyv2:1.0.0.1] 311276139} {[lzj.icp:8500/ibmcom/istio-pilot-amd64@sha256:63352073a964037fd37f6150228231d2e5eca7e0c2920405d6269326d3c54263 lzj.icp:8500/ibmcom/istio-pilot-amd64:1.0.0.1 lzj.icp:8500/ibmcom/istio-pilot:1.0.0.1] 309502004} {[lzj.icp:8500/ibmcom/fluentd-amd64@sha256:384a99b8d941c93f96ee5b5cbae5b70500219a3f71c73cf4eddd20d9d693e3b3 lzj.icp:8500/ibmcom/fluentd-amd64:v1.2.2-icp lzj.icp:8500/ibmcom/fluentd:v1.2.2-icp] 270902701} {[lzj.icp:8500/ibmcom/icp-identity-manager-amd64@sha256:632f31acd0fcfc3d0cebea31cfb71018f6712bd1a1b4da7476942b3c23aa3521 lzj.icp:8500/ibmcom/icp-identity-manager-amd64:3.1.0 lzj.icp:8500/ibmcom/icp-identity-manager:3.1.0] 268667523} {[lzj.icp:8500/ibmcom/elasticsearch-plugin-searchguard-amd64@sha256:28f88d06bbbc073162702064c1be4ad06272e9021cbc0f929ba8c6da2ca25ae6 lzj.icp:8500/ibmcom/elasticsearch-plugin-searchguard-amd64:2.0.0 lzj.icp:8500/ibmcom/elasticsearch-plugin-searchguard:2.0.0] 267864279} {[lzj.icp:8500/ibmcom/kiali-amd64@sha256:bec63b454cf2e597c61f6a9943144050e5e6fc7a4f6474bc3bb6b627ba20c71c lzj.icp:8500/ibmcom/kiali-amd64:istio-release-1.0.0.1 lzj.icp:8500/ibmcom/kiali:istio-release-1.0.0.1] 265771300} {[lzj.icp:8500/ibmcom/calico-node-amd64@sha256:9871f4dde9eab9fd804b12f3114da36505ff5c220e2323b7434eec24e3b23ac5 lzj.icp:8500/ibmcom/calico-node-amd64:v3.1.3 lzj.icp:8500/ibmcom/calico-node:v3.1.3] 248202699} {[lzj.icp:8500/ibmcom/grafana-amd64@sha256:dc3566257a0c716caedfb33127d8ee385290c1dda006bebfb75c376d56b30c88 lzj.icp:8500/ibmcom/grafana-amd64:5.2.0 lzj.icp:8500/ibmcom/grafana:5.2.0] 245297582} {[lzj.icp:8500/ibmcom/indices-cleaner-amd64@sha256:e6c6453d54012488e9ebfaa9e4d829f567d8e66b24c1613e6d88ca192ed5e85b lzj.icp:8500/ibmcom/indices-cleaner-amd64:1.0.0 lzj.icp:8500/ibmcom/indices-cleaner:1.0.0] 238131553} {[lzj.icp:8500/ibmcom/icp-identity-provider-amd64@sha256:24dba8b07c8295eef99abbf8d83041908516e4e50e4e4cfbbbcd53bdf415dda1 lzj.icp:8500/ibmcom/icp-identity-provider-amd64:3.1.0 lzj.icp:8500/ibmcom/icp-identity-provider:3.1.0] 224286517} {[lzj.icp:8500/ibmcom/curl-amd64@sha256:aad05b4e4529f7e70516d8d3028cae6cd1d50de738ce164f2a532ce2470ac43f lzj.icp:8500/ibmcom/curl-amd64:4.0.0 lzj.icp:8500/ibmcom/curl:4.0.0] 221192597} {[lzj.icp:8500/ibmcom/icp-audit-service-amd64@sha256:9add202c06a43da647380c860d9139fa059701fe103c1f229281215bf99dbbd3 lzj.icp:8500/ibmcom/icp-audit-service-amd64:3.1.0 lzj.icp:8500/ibmcom/icp-audit-service:3.1.0] 215897363}],VolumesInUse:[],VolumesAttached:[],Config:&amp;NodeConfigStatus{Assigned:nil,Active:nil,LastKnownGood:nil,Error:,},},}&#xA;Sep 19 08:12:12.296: INFO: &#xA;Logging kubelet events for node 10.46.6.173&#xA;Sep 19 08:12:12.300: INFO: &#xA;Logging pods the kubelet thinks is on node 10.46.6.173&#xA;Sep 19 08:12:12.369: INFO: auth-pdp-tk2jm started at 2018-09-17 07:10:28 +0000 UTC (5+2 container statuses recorded)&#xA;Sep 19 08:12:12.369: INFO: &#x9;Init container init-auth-service ready: true, restart count 0&#xA;Sep 19 08:12:12.369: INFO: &#x9;Init container init-identity-provider ready: true, restart count 0&#xA;Sep 19 08:12:12.369: INFO: &#x9;Init container init-identity-manager ready: true, restart count 0&#xA;Sep 19 08:12:12.369: INFO: &#x9;Init container init-token-service ready: true, restart count 0&#xA;Sep 19 08:12:12.369: INFO: &#x9;Init container init-pap ready: true, restart count 0&#xA;Sep 19 08:12:12.369: INFO: &#x9;Container auth-pdp ready: true, restart count 0&#xA;Sep 19 08:12:12.369: INFO: &#x9;Container icp-audit-service ready: true, restart count 0&#xA;Sep 19 08:12:12.369: INFO: icp-management-ingress-x6qn8 started at 2018-09-17 07:10:36 +0000 UTC (0+1 container statuses recorded)&#xA;Sep 19 08:12:12.369: INFO: &#x9;Container icp-management-ingress ready: true, restart count 0&#xA;Sep 19 08:12:12.369: INFO: istio-egressgateway-54448bcdbd-cqlhf started at 2018-09-17 07:24:11 +0000 UTC (0+1 container statuses recorded)&#xA;Sep 19 08:12:12.369: INFO: &#x9;Container istio-egressgateway ready: true, restart count 0&#xA;Sep 19 08:12:12.369: INFO: kube-dns-mwjc8 started at 2018-09-17 07:06:10 +0000 UTC (0+1 container statuses recorded)&#xA;Sep 19 08:12:12.369: INFO: &#x9;Container kube-dns ready: true, restart count 0&#xA;Sep 19 08:12:12.369: INFO: istio-galley-687cd96db-hlpng started at 2018-09-17 07:17:28 +0000 UTC (0+1 container statuses recorded)&#xA;Sep 19 08:12:12.369: INFO: &#x9;Container validator ready: true, restart count 0&#xA;Sep 19 08:12:12.369: INFO: istio-tracing-77ccfc8844-79ngl started at 2018-09-17 07:17:32 +0000 UTC (0+1 container statuses recorded)&#xA;Sep 19 08:12:12.369: INFO: &#x9;Container jaeger ready: true, restart count 0&#xA;Sep 19 08:12:12.369: INFO: audit-logging-fluentd-ds-dhcg6 started at 2018-09-17 07:18:46 +0000 UTC (0+1 container statuses recorded)&#xA;Sep 19 08:12:12.369: INFO: &#x9;Container fluentd ready: true, restart count 0&#xA;Sep 19 08:12:12.369: INFO: istio-ingressgateway-7bc96d6585-m567m started at 2018-09-17 07:20:41 +0000 UTC (0+1 container statuses recorded)&#xA;Sep 19 08:12:12.369: INFO: &#x9;Container istio-ingressgateway ready: true, restart count 0&#xA;Sep 19 08:12:12.369: INFO: heapster-69b486565b-nt26r started at 2018-09-17 07:13:48 +0000 UTC (0+1 container statuses recorded)&#xA;Sep 19 08:12:12.369: INFO: &#x9;Container heapster ready: true, restart count 0&#xA;Sep 19 08:12:12.369: INFO: istio-egressgateway-54448bcdbd-f4v6v started at 2018-09-17 07:17:29 +0000 UTC (0+1 container statuses recorded)&#xA;Sep 19 08:12:12.369: INFO: &#x9;Container istio-egressgateway ready: true, restart count 0&#xA;Sep 19 08:12:12.369: INFO: istio-citadel-77694dc965-mwqkp started at 2018-09-17 07:17:31 +0000 UTC (0+1 container statuses recorded)&#xA;Sep 19 08:12:12.370: INFO: &#x9;Container citadel ready: true, restart count 0&#xA;Sep 19 08:12:12.370: INFO: vulnerability-advisor-process-ma-crawler-96728 started at 2018-09-17 07:19:03 +0000 UTC (0+1 container statuses recorded)&#xA;Sep 19 08:12:12.370: INFO: &#x9;Container process-ma-crawler ready: true, restart count 0&#xA;Sep 19 08:12:12.370: INFO: istio-telemetry-8b5964dc7-rfswc started at 2018-09-17 07:19:39 +0000 UTC (0+2 container statuses recorded)&#xA;Sep 19 08:12:12.370: INFO: &#x9;Container istio-proxy ready: true, restart count 0&#xA;Sep 19 08:12:12.370: INFO: &#x9;Container mixer ready: true, restart count 0&#xA;Sep 19 08:12:12.370: INFO: helm-api-fdd886877-6pwm8 started at 2018-09-17 07:16:36 +0000 UTC (0+3 container statuses recorded)&#xA;Sep 19 08:12:12.370: INFO: &#x9;Container audit-service ready: true, restart count 0&#xA;Sep 19 08:12:12.370: INFO: &#x9;Container helmapi ready: true, restart count 0&#xA;Sep 19 08:12:12.370: INFO: &#x9;Container rudder ready: true, restart count 0&#xA;Sep 19 08:12:12.370: INFO: mariadb-0 started at 2018-09-17 07:08:38 +0000 UTC (0+1 container statuses recorded)&#xA;Sep 19 08:12:12.370: INFO: &#x9;Container mariadb ready: true, restart count 0&#xA;Sep 19 08:12:12.370: INFO: logging-elk-filebeat-ds-qf2vz started at 2018-09-17 07:15:20 +0000 UTC (0+1 container statuses recorded)&#xA;Sep 19 08:12:12.370: INFO: &#x9;Container filebeat ready: true, restart count 0&#xA;Sep 19 08:12:12.370: INFO: istio-ingressgateway-7bc96d6585-c58zx started at 2018-09-17 07:24:15 +0000 UTC (0+1 container statuses recorded)&#xA;Sep 19 08:12:12.370: INFO: &#x9;Container istio-ingressgateway ready: true, restart count 0&#xA;Sep 19 08:12:12.370: INFO: istio-policy-5b64d7fd64-5l2m9 started at 2018-09-17 07:31:07 +0000 UTC (0+2 container statuses recorded)&#xA;Sep 19 08:12:12.370: INFO: &#x9;Container istio-proxy ready: true, restart count 0&#xA;Sep 19 08:12:12.370: INFO: &#x9;Container mixer ready: true, restart count 0&#xA;Sep 19 08:12:12.370: INFO: nvidia-device-plugin-nh54k started at 2018-09-17 07:07:17 +0000 UTC (1+1 container statuses recorded)&#xA;Sep 19 08:12:12.370: INFO: &#x9;Init container nvidia-driver-collector ready: true, restart count 0&#xA;Sep 19 08:12:12.370: INFO: &#x9;Container nvidia-device-plugin ready: true, restart count 0&#xA;Sep 19 08:12:12.370: INFO: istio-telemetry-8b5964dc7-hcf6d started at 2018-09-17 07:17:29 +0000 UTC (0+2 container statuses recorded)&#xA;Sep 19 08:12:12.370: INFO: &#x9;Container istio-proxy ready: true, restart count 0&#xA;Sep 19 08:12:12.370: INFO: &#x9;Container mixer ready: true, restart count 0&#xA;Sep 19 08:12:12.370: INFO: istio-sidecar-injector-86d554f5f7-d57zk started at 2018-09-17 07:17:32 +0000 UTC (0+1 container statuses recorded)&#xA;Sep 19 08:12:12.370: INFO: &#x9;Container sidecar-injector-webhook ready: true, restart count 0&#xA;Sep 19 08:12:12.370: INFO: secret-watcher-5f59fcbc69-pfnfk started at 2018-09-17 07:18:05 +0000 UTC (0+1 container statuses recorded)&#xA;Sep 19 08:12:12.370: INFO: &#x9;Container secret-watcher ready: true, restart count 0&#xA;Sep 19 08:12:12.370: INFO: istio-telemetry-8b5964dc7-nw9kk started at 2018-09-17 07:23:11 +0000 UTC (0+2 container statuses recorded)&#xA;Sep 19 08:12:12.370: INFO: &#x9;Container istio-proxy ready: true, restart count 0&#xA;Sep 19 08:12:12.370: INFO: &#x9;Container mixer ready: true, restart count 0&#xA;Sep 19 08:12:12.370: INFO: platform-api-2fs4x started at 2018-09-17 07:08:45 +0000 UTC (0+2 container statuses recorded)&#xA;Sep 19 08:12:12.370: INFO: &#x9;Container audit-service ready: true, restart count 0&#xA;Sep 19 08:12:12.370: INFO: &#x9;Container platform-api ready: true, restart count 0&#xA;Sep 19 08:12:12.370: INFO: icp-mongodb-0 started at 2018-09-17 07:07:42 +0000 UTC (2+1 container statuses recorded)&#xA;Sep 19 08:12:12.370: INFO: &#x9;Init container install ready: true, restart count 0&#xA;Sep 19 08:12:12.370: INFO: &#x9;Init container bootstrap ready: true, restart count 0&#xA;Sep 19 08:12:12.370: INFO: &#x9;Container icp-mongodb ready: true, restart count 0&#xA;Sep 19 08:12:12.370: INFO: catalog-ui-5rtkh started at 2018-09-17 07:15:57 +0000 UTC (0+1 container statuses recorded)&#xA;Sep 19 08:12:12.370: INFO: &#x9;Container catalog-ui ready: true, restart count 0&#xA;Sep 19 08:12:12.370: INFO: istio-policy-5b64d7fd64-jrlzt started at 2018-09-17 07:23:11 +0000 UTC (0+2 container statuses recorded)&#xA;Sep 19 08:12:12.370: INFO: &#x9;Container istio-proxy ready: true, restart count 0&#xA;Sep 19 08:12:12.370: INFO: &#x9;Container mixer ready: true, restart count 0&#xA;Sep 19 08:12:12.370: INFO: calico-kube-controllers-dcb8cc97c-gtsqp started at 2018-09-17 07:05:53 +0000 UTC (0+1 container statuses recorded)&#xA;Sep 19 08:12:12.370: INFO: &#x9;Container calico-kube-controllers ready: true, restart count 0&#xA;Sep 19 08:12:12.370: INFO: k8s-etcd-10.46.6.173 started at &lt;nil&gt; (0+0 container statuses recorded)&#xA;Sep 19 08:12:12.370: INFO: image-manager-0 started at 2018-09-17 06:38:56 +0000 UTC (0+2 container statuses recorded)&#xA;Sep 19 08:12:12.370: INFO: &#x9;Container icp-registry ready: true, restart count 0&#xA;Sep 19 08:12:12.370: INFO: &#x9;Container image-manager ready: true, restart count 0&#xA;Sep 19 08:12:12.370: INFO: platform-deploy-dbbks started at 2018-09-17 07:08:45 +0000 UTC (0+1 container statuses recorded)&#xA;Sep 19 08:12:12.370: INFO: &#x9;Container platform-deploy ready: true, restart count 0&#xA;Sep 19 08:12:12.370: INFO: auth-apikeys-x45mz started at 2018-09-17 07:10:12 +0000 UTC (0+1 container statuses recorded)&#xA;Sep 19 08:12:12.370: INFO: &#x9;Container auth-apikeys ready: true, restart count 0&#xA;Sep 19 08:12:12.370: INFO: istio-policy-5b64d7fd64-fb4bc started at 2018-09-17 07:27:37 +0000 UTC (0+2 container statuses recorded)&#xA;Sep 19 08:12:12.370: INFO: &#x9;Container istio-proxy ready: true, restart count 0&#xA;Sep 19 08:12:12.370: INFO: &#x9;Container mixer ready: true, restart count 0&#xA;Sep 19 08:12:12.370: INFO: k8s-proxy-10.46.6.173 started at &lt;nil&gt; (0+0 container statuses recorded)&#xA;Sep 19 08:12:12.370: INFO: istio-policy-5b64d7fd64-z68j4 started at 2018-09-17 07:19:38 +0000 UTC (0+2 container statuses recorded)&#xA;Sep 19 08:12:12.370: INFO: &#x9;Container istio-proxy ready: true, restart count 0&#xA;Sep 19 08:12:12.370: INFO: &#x9;Container mixer ready: true, restart count 0&#xA;Sep 19 08:12:12.370: INFO: istio-ingressgateway-7bc96d6585-r98nr started at 2018-09-17 07:28:10 +0000 UTC (0+1 container statuses recorded)&#xA;Sep 19 08:12:12.370: INFO: &#x9;Container istio-ingressgateway ready: true, restart count 0&#xA;Sep 19 08:12:12.370: INFO: istio-policy-5b64d7fd64-pt9z2 started at 2018-09-17 07:17:30 +0000 UTC (0+2 container statuses recorded)&#xA;Sep 19 08:12:12.370: INFO: &#x9;Container istio-proxy ready: true, restart count 0&#xA;Sep 19 08:12:12.370: INFO: &#x9;Container mixer ready: true, restart count 0&#xA;Sep 19 08:12:12.370: INFO: helm-repo-5649f57447-wwdn4 started at 2018-09-17 07:13:54 +0000 UTC (1+2 container statuses recorded)&#xA;Sep 19 08:12:12.370: INFO: &#x9;Init container helm-repo-init ready: true, restart count 0&#xA;Sep 19 08:12:12.370: INFO: &#x9;Container audit-service ready: true, restart count 0&#xA;Sep 19 08:12:12.370: INFO: &#x9;Container helm-repo ready: true, restart count 0&#xA;Sep 19 08:12:12.370: INFO: metering-reader-l7284 started at 2018-09-17 07:14:11 +0000 UTC (1+1 container statuses recorded)&#xA;Sep 19 08:12:12.370: INFO: &#x9;Init container metering-reader-init ready: true, restart count 0&#xA;Sep 19 08:12:12.370: INFO: &#x9;Container metering-reader ready: true, restart count 0&#xA;Sep 19 08:12:12.370: INFO: istio-statsd-prom-bridge-66cb69b666-p76m8 started at 2018-09-17 07:17:29 +0000 UTC (0+1 container statuses recorded)&#xA;Sep 19 08:12:12.370: INFO: &#x9;Container statsd-prom-bridge ready: true, restart count 0&#xA;Sep 19 08:12:12.370: INFO: servicegraph-85578d8fc6-m62z4 started at 2018-09-17 07:17:32 +0000 UTC (0+1 container statuses recorded)&#xA;Sep 19 08:12:12.370: INFO: &#x9;Container servicegraph ready: true, restart count 0&#xA;Sep 19 08:12:12.370: INFO: mgmt-repo-57dc689b74-tmp44 started at 2018-09-17 07:17:51 +0000 UTC (1+2 container statuses recorded)&#xA;Sep 19 08:12:12.370: INFO: &#x9;Init container mgmt-repo-init ready: true, restart count 0&#xA;Sep 19 08:12:12.370: INFO: &#x9;Container audit-service ready: true, restart count 0&#xA;Sep 19 08:12:12.370: INFO: &#x9;Container mgmt-repo ready: true, restart count 0&#xA;Sep 19 08:12:12.370: INFO: istio-egressgateway-54448bcdbd-lhh5c started at 2018-09-17 07:20:07 +0000 UTC (0+1 container statuses recorded)&#xA;Sep 19 08:12:12.370: INFO: &#x9;Container istio-egressgateway ready: true, restart count 0&#xA;Sep 19 08:12:12.370: INFO: istio-ingressgateway-7bc96d6585-4qnc5 started at 2018-09-17 07:24:14 +0000 UTC (0+1 container statuses recorded)&#xA;Sep 19 08:12:12.370: INFO: &#x9;Container istio-ingressgateway ready: true, restart count 0&#xA;Sep 19 08:12:12.370: INFO: auth-idp-kjpmx started at 2018-09-17 07:10:04 +0000 UTC (1+4 container statuses recorded)&#xA;Sep 19 08:12:12.370: INFO: &#x9;Init container init-mariadb ready: true, restart count 0&#xA;Sep 19 08:12:12.370: INFO: &#x9;Container icp-audit-service ready: true, restart count 0&#xA;Sep 19 08:12:12.370: INFO: &#x9;Container platform-auth-service ready: true, restart count 0&#xA;Sep 19 08:12:12.370: INFO: &#x9;Container platform-identity-manager ready: true, restart count 0&#xA;Sep 19 08:12:12.370: INFO: &#x9;Container platform-identity-provider ready: true, restart count 0&#xA;Sep 19 08:12:12.370: INFO: istio-telemetry-8b5964dc7-9q67f started at 2018-09-17 07:31:08 +0000 UTC (0+2 container statuses recorded)&#xA;Sep 19 08:12:12.370: INFO: &#x9;Container istio-proxy ready: true, restart count 0&#xA;Sep 19 08:12:12.370: INFO: &#x9;Container mixer ready: true, restart count 0&#xA;Sep 19 08:12:12.370: INFO: istio-telemetry-8b5964dc7-vjqbq started at 2018-09-17 07:27:36 +0000 UTC (0+2 container statuses recorded)&#xA;Sep 19 08:12:12.370: INFO: &#x9;Container istio-proxy ready: true, restart count 0&#xA;Sep 19 08:12:12.370: INFO: &#x9;Container mixer ready: true, restart count 0&#xA;Sep 19 08:12:12.370: INFO: auth-pap-qb5m2 started at 2018-09-17 07:10:20 +0000 UTC (0+1 container statuses recorded)&#xA;Sep 19 08:12:12.370: INFO: &#x9;Container auth-pap ready: true, restart count 0&#xA;Sep 19 08:12:12.370: INFO: service-catalog-controller-manager-5969cccf86-65phs started at 2018-09-17 07:08:21 +0000 UTC (0+1 container statuses recorded)&#xA;Sep 19 08:12:12.370: INFO: &#x9;Container controller-manager ready: true, restart count 0&#xA;Sep 19 08:12:12.370: INFO: istio-pilot-6cf9ccf474-kkb6j started at 2018-09-17 07:17:31 +0000 UTC (0+2 container statuses recorded)&#xA;Sep 19 08:12:12.370: INFO: &#x9;Container discovery ready: true, restart count 0&#xA;Sep 19 08:12:12.370: INFO: &#x9;Container istio-proxy ready: true, restart count 0&#xA;Sep 19 08:12:12.370: INFO: ibm-cert-manager-cert-manager-74687f689b-7994r started at 2018-09-17 07:07:12 +0000 UTC (0+1 container statuses recorded)&#xA;Sep 19 08:12:12.370: INFO: &#x9;Container ibm-cert-manager ready: true, restart count 0&#xA;Sep 19 08:12:12.370: INFO: nginx-ingress-controller-h5z2v started at 2018-09-17 07:08:28 +0000 UTC (1+1 container statuses recorded)&#xA;Sep 19 08:12:12.370: INFO: &#x9;Init container sysctl ready: true, restart count 0&#xA;Sep 19 08:12:12.370: INFO: &#x9;Container nginx-ingress ready: true, restart count 0&#xA;Sep 19 08:12:12.370: INFO: istio-egressgateway-54448bcdbd-pjbtc started at 2018-09-17 07:28:34 +0000 UTC (0+1 container statuses recorded)&#xA;Sep 19 08:12:12.370: INFO: &#x9;Container istio-egressgateway ready: true, restart count 0&#xA;Sep 19 08:12:12.370: INFO: calico-node-m7d5t started at 2018-09-17 07:05:54 +0000 UTC (0+2 container statuses recorded)&#xA;Sep 19 08:12:12.370: INFO: &#x9;Container calico-node ready: true, restart count 0&#xA;Sep 19 08:12:12.370: INFO: &#x9;Container install-cni ready: true, restart count 0&#xA;Sep 19 08:12:12.370: INFO: grafana-77676f44f7-c9wr6 started at 2018-09-17 07:17:28 +0000 UTC (0+1 container statuses recorded)&#xA;Sep 19 08:12:12.370: INFO: &#x9;Container grafana ready: true, restart count 1&#xA;Sep 19 08:12:12.370: INFO: security-onboarding-tkf79 started at 2018-09-17 07:18:12 +0000 UTC (0+1 container statuses recorded)&#xA;Sep 19 08:12:12.370: INFO: &#x9;Container security-onboarding ready: false, restart count 0&#xA;Sep 19 08:12:12.370: INFO: istio-egressgateway-54448bcdbd-xmkbc started at 2018-09-17 07:24:11 +0000 UTC (0+1 container statuses recorded)&#xA;Sep 19 08:12:12.370: INFO: &#x9;Container istio-egressgateway ready: true, restart count 0&#xA;Sep 19 08:12:12.370: INFO: k8s-master-10.46.6.173 started at &lt;nil&gt; (0+0 container statuses recorded)&#xA;Sep 19 08:12:12.370: INFO: unified-router-lkwnl started at 2018-09-17 07:15:31 +0000 UTC (0+1 container statuses recorded)&#xA;Sep 19 08:12:12.370: INFO: &#x9;Container unified-router ready: true, restart count 0&#xA;Sep 19 08:12:12.370: INFO: istio-ingressgateway-7bc96d6585-smf45 started at 2018-09-17 07:17:28 +0000 UTC (0+1 container statuses recorded)&#xA;Sep 19 08:12:12.370: INFO: &#x9;Container istio-ingressgateway ready: true, restart count 0&#xA;Sep 19 08:12:12.370: INFO: tiller-deploy-6b58875cb-5l8kh started at 2018-09-17 07:05:28 +0000 UTC (0+1 container statuses recorded)&#xA;Sep 19 08:12:12.370: INFO: &#x9;Container tiller ready: true, restart count 0&#xA;Sep 19 08:12:12.370: INFO: platform-ui-6fjgx started at 2018-09-17 07:14:34 +0000 UTC (0+1 container statuses recorded)&#xA;Sep 19 08:12:12.370: INFO: &#x9;Container platform-ui ready: true, restart count 0&#xA;Sep 19 08:12:12.370: INFO: monitoring-prometheus-nodeexporter-f84fv started at 2018-09-17 07:15:45 +0000 UTC (0+2 container statuses recorded)&#xA;Sep 19 08:12:12.370: INFO: &#x9;Container nodeexporter ready: true, restart count 0&#xA;Sep 19 08:12:12.370: INFO: &#x9;Container router ready: true, restart count 0&#xA;Sep 19 08:12:12.370: INFO: prometheus-6f98d89664-wh7pb started at 2018-09-17 07:17:31 +0000 UTC (0+1 container statuses recorded)&#xA;Sep 19 08:12:12.370: INFO: &#x9;Container prometheus ready: true, restart count 0&#xA;Sep 19 08:12:12.370: INFO: vulnerability-advisor-live-crawler-p6khc started at 2018-09-17 07:19:02 +0000 UTC (0+1 container statuses recorded)&#xA;Sep 19 08:12:12.370: INFO: &#x9;Container live-crawler ready: true, restart count 0&#xA;Sep 19 08:12:12.370: INFO: default-backend-54966589c4-4d47g started at 2018-09-17 07:08:29 +0000 UTC (0+1 container statuses recorded)&#xA;Sep 19 08:12:12.370: INFO: &#x9;Container default-backend ready: true, restart count 0&#xA;Sep 19 08:12:12.370: INFO: oidc-client-registration-szxrk started at 2018-09-17 07:10:05 +0000 UTC (0+1 container statuses recorded)&#xA;Sep 19 08:12:12.370: INFO: &#x9;Container oidc-client-registration ready: false, restart count 0&#xA;Sep 19 08:12:12.370: INFO: kiali-7f8c59df94-25qmq started at 2018-09-17 07:17:27 +0000 UTC (0+1 container statuses recorded)&#xA;Sep 19 08:12:12.370: INFO: &#x9;Container kiali ready: true, restart count 0&#xA;Sep 19 08:12:12.370: INFO: service-catalog-apiserver-967x9 started at 2018-09-17 07:08:20 +0000 UTC (0+1 container statuses recorded)&#xA;Sep 19 08:12:12.370: INFO: &#x9;Container apiserver ready: true, restart count 0&#xA;Sep 19 08:12:12.468: INFO: &#xA;Latency metrics for node 10.46.6.173&#xA;STEP: Dumping a list of prepulled images on each node to file /tmp/results/image-puller.txt&#xA;Sep 19 08:12:12.486: INFO: Waiting up to 3m0s for all (but 0) nodes to be ready&#xA;STEP: Destroying namespace &#34;e2e-tests-pods-4dj2l&#34; for this suite.&#xA;Sep 19 08:12:18.518: INFO: Waiting up to 30s for server preferred namespaced resources to be successfully discovered&#xA;Sep 19 08:12:18.576: INFO: namespace: e2e-tests-pods-4dj2l, resource: bindings, ignored listing per whitelist&#xA;Sep 19 08:12:20.439: INFO: namespace e2e-tests-pods-4dj2l deletion completed in 7.947672433s&#xA;</system-out>
      </testcase>
      <testcase name="[sig-network] Loadbalancing: L7 GCE [Slow] [Feature:kubemci] should conform to Ingress spec" classname="Kubernetes e2e suite" time="0">
          <skipped></skipped>
      </testcase>
      <testcase name="[sig-autoscaling] [HPA] Horizontal pod autoscaling (scale resource: Custom Metrics from Stackdriver) should scale down with Custom Metric of type Pod from Stackdriver [Feature:CustomMetricsAutoscaling]" classname="Kubernetes e2e suite" time="0">
          <skipped></skipped>
      </testcase>
      <testcase name="[sig-network] Networking Granular Checks: Services [Slow] should function for client IP based session affinity: http" classname="Kubernetes e2e suite" time="0">
          <skipped></skipped>
      </testcase>
      <testcase name="[k8s.io] Probing container should be restarted with a /healthz http liveness probe [NodeConformance] [Conformance]" classname="Kubernetes e2e suite" time="34.634871107"></testcase>
      <testcase name="[sig-storage] PersistentVolumes-local  [Volume type: dir] Set fsGroup for local volume should set same fsGroup for two pods simultaneously" classname="Kubernetes e2e suite" time="0">
          <skipped></skipped>
      </testcase>
      <testcase name="[sig-storage] Dynamic Provisioning DynamicProvisioner should provision storage with different parameters [Slow]" classname="Kubernetes e2e suite" time="0">
          <skipped></skipped>
      </testcase>
      <testcase name="[sig-storage] Subpath [Volume type: nfs] should support non-existent path" classname="Kubernetes e2e suite" time="0">
          <skipped></skipped>
      </testcase>
      <testcase name="[sig-storage] Node Poweroff [Feature:vsphere] [Slow] [Disruptive] verify volume status after node power off" classname="Kubernetes e2e suite" time="0">
          <skipped></skipped>
      </testcase>
      <testcase name="[sig-storage] PersistentVolumes-local  [Volume type: gce-localssd-scsi-fs] [Serial] Set fsGroup for local volume should set fsGroup for one pod" classname="Kubernetes e2e suite" time="0">
          <skipped></skipped>
      </testcase>
      <testcase name="[sig-autoscaling] Cluster size autoscaling [Slow] Should scale up GPU pool from 1 [GpuType:nvidia-tesla-v100] [Feature:ClusterSizeAutoscalingGpu]" classname="Kubernetes e2e suite" time="0">
          <skipped></skipped>
      </testcase>
      <testcase name="[sig-storage] Volume plugin streaming [Slow] NFS should write files of various sizes, verify size, validate content" classname="Kubernetes e2e suite" time="0">
          <skipped></skipped>
      </testcase>
      <testcase name="[sig-api-machinery] Generated clientset should create v1beta1 cronJobs, delete cronJobs, watch cronJobs" classname="Kubernetes e2e suite" time="0">
          <skipped></skipped>
      </testcase>
      <testcase name="[sig-network] NetworkPolicy NetworkPolicy between server and client should allow egress access on one named port [Feature:NetworkPolicy]" classname="Kubernetes e2e suite" time="0">
          <skipped></skipped>
      </testcase>
      <testcase name="[sig-scalability] Density [Feature:ManualPerformance] should allow starting 30 pods per node using {extensions Deployment} with 0 secrets, 2 configmaps and 0 daemons" classname="Kubernetes e2e suite" time="0">
          <skipped></skipped>
      </testcase>
      <testcase name="[sig-cli] Kubectl client [k8s.io] Kubectl create quota should create a quota without scopes" classname="Kubernetes e2e suite" time="0">
          <skipped></skipped>
      </testcase>
      <testcase name="[sig-storage] Subpath [Volume type: gcePDPartitioned] should support creating multiple subpath from same volumes [Slow]" classname="Kubernetes e2e suite" time="0">
          <skipped></skipped>
      </testcase>
      <testcase name="[sig-storage] Subpath [Volume type: gluster] should unmount if pod is force deleted while kubelet is down [Disruptive][Slow]" classname="Kubernetes e2e suite" time="0">
          <skipped></skipped>
      </testcase>
      <testcase name="[sig-cli] Kubectl client [k8s.io] Simple pod should support exec through an HTTP proxy" classname="Kubernetes e2e suite" time="0">
          <skipped></skipped>
      </testcase>
      <testcase name="[sig-storage] PersistentVolumes-local  [Volume type: gce-localssd-scsi-fs] [Serial] Two pods mounting a local volume one after the other should be able to write from pod1 and read from pod2" classname="Kubernetes e2e suite" time="0">
          <skipped></skipped>
      </testcase>
      <testcase name="[sig-api-machinery] Watchers should observe add, update, and delete watch notifications on configmaps [Conformance]" classname="Kubernetes e2e suite" time="68.50914818"></testcase>
      <testcase name="[sig-storage] Subpath [Volume type: hostPath] should support restarting containers using file as subpath [Slow]" classname="Kubernetes e2e suite" time="0">
          <skipped></skipped>
      </testcase>
      <testcase name="[sig-api-machinery] Watchers should be able to start watching from a specific resource version [Conformance]" classname="Kubernetes e2e suite" time="8.469198385"></testcase>
      <testcase name="[sig-autoscaling] Cluster size autoscaling [Slow] Shouldn&#39;t perform scale up operation and should list unhealthy status if most of the cluster is broken[Feature:ClusterSizeAutoscalingScaleUp]" classname="Kubernetes e2e suite" time="0">
          <skipped></skipped>
      </testcase>
      <testcase name="[sig-apps] StatefulSet [k8s.io] Basic StatefulSet functionality [StatefulSetBasic] should not deadlock when a pod&#39;s predecessor fails" classname="Kubernetes e2e suite" time="0">
          <skipped></skipped>
      </testcase>
      <testcase name="[k8s.io] [Feature:Example] [k8s.io] Secret should create a pod that reads a secret" classname="Kubernetes e2e suite" time="0">
          <skipped></skipped>
      </testcase>
      <testcase name="[sig-storage] Volume FStype [Feature:vsphere] verify invalid fstype" classname="Kubernetes e2e suite" time="0">
          <skipped></skipped>
      </testcase>
      <testcase name="[sig-apps] Job should exceed active deadline" classname="Kubernetes e2e suite" time="0">
          <skipped></skipped>
      </testcase>
      <testcase name="[sig-cli] Kubectl client [k8s.io] Kubectl logs should be able to retrieve and filter logs  [Conformance]" classname="Kubernetes e2e suite" time="0">
          <skipped></skipped>
      </testcase>
      <testcase name="[sig-cluster-lifecycle] kube-proxy migration [Feature:KubeProxyDaemonSetMigration] Upgrade kube-proxy from static pods to a DaemonSet should maintain a functioning cluster [Feature:KubeProxyDaemonSetUpgrade]" classname="Kubernetes e2e suite" time="0">
          <skipped></skipped>
      </testcase>
      <testcase name="[sig-storage] EmptyDir volumes volume on default medium should have the correct mode [NodeConformance] [Conformance]" classname="Kubernetes e2e suite" time="14.492086709"></testcase>
      <testcase name="[sig-network] Loadbalancing: L7 GCE [Slow] [Feature:Ingress] should conform to Ingress spec" classname="Kubernetes e2e suite" time="0">
          <skipped></skipped>
      </testcase>
      <testcase name="[sig-storage] Volume plugin streaming [Slow] Ceph-RBD [Feature:Volumes] should write files of various sizes, verify size, validate content" classname="Kubernetes e2e suite" time="0">
          <skipped></skipped>
      </testcase>
      <testcase name="[sig-storage] Subpath [Volume type: nfs] should support readOnly directory specified in the volumeMount" classname="Kubernetes e2e suite" time="0">
          <skipped></skipped>
      </testcase>
      <testcase name="[sig-storage] PersistentVolumes-local  Local volume provisioner [Serial] should not create local persistent volume for filesystem volume that was not bind mounted" classname="Kubernetes e2e suite" time="0">
          <skipped></skipped>
      </testcase>
      <testcase name="[sig-storage] Subpath Atomic writer volumes should support subpaths with configmap pod with mountPath of existing file" classname="Kubernetes e2e suite" time="0">
          <skipped></skipped>
      </testcase>
      <testcase name="[sig-api-machinery] AdmissionWebhook Should be able to deny pod and configmap creation" classname="Kubernetes e2e suite" time="0">
          <skipped></skipped>
      </testcase>
      <testcase name="[sig-apps] Job should run a job to completion when tasks sometimes fail and are locally restarted" classname="Kubernetes e2e suite" time="0">
          <skipped></skipped>
      </testcase>
      <testcase name="[sig-storage] Subpath [Volume type: emptyDir] should fail if subpath directory is outside the volume [Slow]" classname="Kubernetes e2e suite" time="0">
          <skipped></skipped>
      </testcase>
      <testcase name="[sig-storage] vsphere cloud provider stress [Feature:vsphere] vsphere stress tests" classname="Kubernetes e2e suite" time="0">
          <skipped></skipped>
      </testcase>
      <testcase name="[sig-scheduling] SchedulerPredicates [Serial] validates that there is no conflict between pods with same hostPort but different hostIP and protocol" classname="Kubernetes e2e suite" time="0">
          <skipped></skipped>
      </testcase>
      <testcase name="[sig-apps] ReplicationController should serve a basic image on each replica with a private image" classname="Kubernetes e2e suite" time="0">
          <skipped></skipped>
      </testcase>
      <testcase name="[sig-storage] GCP Volumes NFSv3 should be mountable for NFSv3" classname="Kubernetes e2e suite" time="0">
          <skipped></skipped>
      </testcase>
      <testcase name="[sig-storage] Downward API volume should provide container&#39;s cpu request [NodeConformance] [Conformance]" classname="Kubernetes e2e suite" time="14.725184608"></testcase>
      <testcase name="[sig-storage] Mounted volume expand[Slow] Should verify mounted devices can be resized" classname="Kubernetes e2e suite" time="0">
          <skipped></skipped>
      </testcase>
      <testcase name="[sig-apps] Network Partition [Disruptive] [Slow] [k8s.io] Pods should be evicted from unready Node [Feature:TaintEviction] All pods on the unreachable node should be marked as NotReady upon the node turn NotReady AND all pods should be evicted after eviction timeout passes" classname="Kubernetes e2e suite" time="0">
          <skipped></skipped>
      </testcase>
      <testcase name="[sig-network] Services should work after restarting apiserver [Disruptive]" classname="Kubernetes e2e suite" time="0">
          <skipped></skipped>
      </testcase>
      <testcase name="[sig-api-machinery] AdmissionWebhook Should mutate custom resource" classname="Kubernetes e2e suite" time="0">
          <skipped></skipped>
      </testcase>
      <testcase name="[sig-apps] Deployment deployment should delete old replica sets" classname="Kubernetes e2e suite" time="0">
          <skipped></skipped>
      </testcase>
      <testcase name="[sig-storage] GenericPersistentVolume[Disruptive] When kubelet restarts Should test that a volume mounted to a pod that is force deleted while the kubelet is down unmounts when the kubelet returns." classname="Kubernetes e2e suite" time="0">
          <skipped></skipped>
      </testcase>
      <testcase name="[sig-storage] Storage Policy Based Volume Provisioning [Feature:vsphere] verify VSAN storage capability with invalid hostFailuresToTolerate value is not honored for dynamically provisioned pvc using storageclass" classname="Kubernetes e2e suite" time="0">
          <skipped></skipped>
      </testcase>
      <testcase name="[sig-apps] Daemon set [Serial] should run and stop complex daemon with node affinity" classname="Kubernetes e2e suite" time="0">
          <skipped></skipped>
      </testcase>
      <testcase name="[sig-storage] PersistentVolumes GCEPD should test that deleting a PVC before the pod does not cause pod deletion to fail on PD detach" classname="Kubernetes e2e suite" time="0">
          <skipped></skipped>
      </testcase>
      <testcase name="[sig-cli] Kubectl client [k8s.io] Simple pod should support exec through kubectl proxy" classname="Kubernetes e2e suite" time="0">
          <skipped></skipped>
      </testcase>
      <testcase name="[sig-network] ESIPP [Slow] [DisabledForLargeClusters] should only target nodes with endpoints" classname="Kubernetes e2e suite" time="0">
          <skipped></skipped>
      </testcase>
      <testcase name="[sig-apps] Deployment deployment should support proportional scaling" classname="Kubernetes e2e suite" time="0">
          <skipped></skipped>
      </testcase>
      <testcase name="[sig-scheduling] SchedulerPriorities [Serial] Pod should be schedule to node that don&#39;t match the PodAntiAffinity terms" classname="Kubernetes e2e suite" time="0">
          <skipped></skipped>
      </testcase>
      <testcase name="[sig-storage] ConfigMap should be consumable from pods in volume with defaultMode set [NodeConformance] [Conformance]" classname="Kubernetes e2e suite" time="14.526522023"></testcase>
      <testcase name="[sig-storage] Subpath [Volume type: nfsPVC] should fail if subpath directory is outside the volume [Slow]" classname="Kubernetes e2e suite" time="0">
          <skipped></skipped>
      </testcase>
      <testcase name="[k8s.io] Pods should contain environment variables for services [NodeConformance] [Conformance]" classname="Kubernetes e2e suite" time="36.681690837"></testcase>
      <testcase name="[sig-scheduling] SchedulerPreemption [Serial] [Feature:PodPreemption] validates basic preemption works" classname="Kubernetes e2e suite" time="0">
          <skipped></skipped>
      </testcase>
      <testcase name="[sig-storage] Volumes Cinder [Feature:Volumes] should be mountable" classname="Kubernetes e2e suite" time="0">
          <skipped></skipped>
      </testcase>
      <testcase name="[sig-autoscaling] DNS horizontal autoscaling [DisabledForLargeClusters] kube-dns-autoscaler should scale kube-dns pods in both nonfaulty and faulty scenarios" classname="Kubernetes e2e suite" time="0">
          <skipped></skipped>
      </testcase>
      <testcase name="[sig-network] Services should only allow access from service loadbalancer source ranges [Slow]" classname="Kubernetes e2e suite" time="0">
          <skipped></skipped>
      </testcase>
      <testcase name="[sig-storage] PersistentVolumes-local  [Volume type: tmpfs] Two pods mounting a local volume at the same time should be able to write from pod1 and read from pod2" classname="Kubernetes e2e suite" time="0">
          <skipped></skipped>
      </testcase>
      <testcase name="[sig-cluster-lifecycle] ingress Downgrade [Feature:IngressDowngrade] ingress downgrade should maintain a functioning ingress" classname="Kubernetes e2e suite" time="0">
          <skipped></skipped>
      </testcase>
      <testcase name="[sig-storage] vsphere statefulset vsphere statefulset testing" classname="Kubernetes e2e suite" time="0">
          <skipped></skipped>
      </testcase>
      <testcase name="[sig-autoscaling] Cluster size autoscaling [Slow] Should scale up GPU pool from 1 [GpuType:nvidia-tesla-k80] [Feature:ClusterSizeAutoscalingGpu]" classname="Kubernetes e2e suite" time="0">
          <skipped></skipped>
      </testcase>
      <testcase name="[sig-api-machinery] Initializers [Feature:Initializers] should be invisible to controllers by default" classname="Kubernetes e2e suite" time="0">
          <skipped></skipped>
      </testcase>
      <testcase name="[sig-storage] Subpath [Volume type: gcePDPVC] should unmount if pod is gracefully deleted while kubelet is down [Disruptive][Slow]" classname="Kubernetes e2e suite" time="0">
          <skipped></skipped>
      </testcase>
      <testcase name="[sig-api-machinery] Namespaces [Serial] should always delete fast (ALL of 100 namespaces in 150 seconds) [Feature:ComprehensiveNamespaceDraining]" classname="Kubernetes e2e suite" time="0">
          <skipped></skipped>
      </testcase>
      <testcase name="[sig-network] Services should be able to switch session affinity for LoadBalancer service with ESIPP on [Slow] [DisabledForLargeClusters]" classname="Kubernetes e2e suite" time="0">
          <skipped></skipped>
      </testcase>
      <testcase name="[sig-storage] Subpath [Volume type: hostPath] should fail if non-existent subpath is outside the volume [Slow]" classname="Kubernetes e2e suite" time="0">
          <skipped></skipped>
      </testcase>
      <testcase name="[sig-storage] PersistentVolumes-local  [Volume type: block] [Feature:BlockVolume] Set fsGroup for local volume should set same fsGroup for two pods simultaneously" classname="Kubernetes e2e suite" time="0">
          <skipped></skipped>
      </testcase>
      <testcase name="[sig-storage] Secrets should be able to mount in a volume regardless of a different secret existing with same name in different namespace [NodeConformance]" classname="Kubernetes e2e suite" time="0">
          <skipped></skipped>
      </testcase>
      <testcase name="[sig-api-machinery] Servers with support for Table transformation should return a 406 for a backend which does not implement metadata" classname="Kubernetes e2e suite" time="0">
          <skipped></skipped>
      </testcase>
      <testcase name="[sig-storage] Subpath [Volume type: emptyDir] should fail for new directories when readOnly specified in the volumeSource" classname="Kubernetes e2e suite" time="0">
          <skipped></skipped>
      </testcase>
      <testcase name="[sig-scalability] Load capacity [Feature:ManualPerformance] should be able to handle 30 pods per node {batch Job} with 0 secrets, 0 configmaps and 0 daemons" classname="Kubernetes e2e suite" time="0">
          <skipped></skipped>
      </testcase>
      <testcase name="[sig-network] Services should create endpoints for unready pods" classname="Kubernetes e2e suite" time="0">
          <skipped></skipped>
      </testcase>
      <testcase name="[sig-storage] Subpath [Volume type: nfsPVC] should support existing single file" classname="Kubernetes e2e suite" time="0">
          <skipped></skipped>
      </testcase>
      <testcase name="[sig-apps] Deployment deployment reaping should cascade to its replica sets and pods" classname="Kubernetes e2e suite" time="0">
          <skipped></skipped>
      </testcase>
      <testcase name="[k8s.io] [sig-node] Security Context [Feature:SecurityContext] should support seccomp alpha unconfined annotation on the container [Feature:Seccomp]" classname="Kubernetes e2e suite" time="0">
          <skipped></skipped>
      </testcase>
      <testcase name="[sig-storage] ConfigMap should be consumable from pods in volume with mappings [NodeConformance] [Conformance]" classname="Kubernetes e2e suite" time="14.583716953"></testcase>
      <testcase name="[sig-instrumentation] Cluster level logging implemented by Stackdriver should ingest events" classname="Kubernetes e2e suite" time="0">
          <skipped></skipped>
      </testcase>
      <testcase name="[sig-storage] PersistentVolumes-local  [Volume type: block] [Feature:BlockVolume] Two pods mounting a local volume at the same time should be able to write from pod1 and read from pod2" classname="Kubernetes e2e suite" time="0">
          <skipped></skipped>
      </testcase>
      <testcase name="[sig-instrumentation] Stackdriver Monitoring should have accelerator metrics [Feature:StackdriverAcceleratorMonitoring]" classname="Kubernetes e2e suite" time="0">
          <skipped></skipped>
      </testcase>
      <testcase name="[sig-network] DNS configMap federations should be able to change federation configuration [Slow][Serial]" classname="Kubernetes e2e suite" time="0">
          <skipped></skipped>
      </testcase>
      <testcase name="[sig-cli] Kubectl client [k8s.io] Kubectl apply should reuse port when apply to an existing SVC" classname="Kubernetes e2e suite" time="0">
          <skipped></skipped>
      </testcase>
      <testcase name="[sig-storage] PersistentVolumes-local  Stress with local volume provisioner [Serial] should use be able to process many pods and reuse local volumes" classname="Kubernetes e2e suite" time="0">
          <skipped></skipped>
      </testcase>
      <testcase name="[sig-storage] Projected should update labels on modification [NodeConformance] [Conformance]" classname="Kubernetes e2e suite" time="33.160437798"></testcase>
      <testcase name="[sig-cli] Kubectl client [k8s.io] Update Demo should scale a replication controller  [Conformance]" classname="Kubernetes e2e suite" time="0">
          <skipped></skipped>
      </testcase>
      <testcase name="[sig-apps] Daemon set [Serial] should retry creating failed daemon pods [Conformance]" classname="Kubernetes e2e suite" time="23.88617925"></testcase>
      <testcase name="[sig-storage] Subpath [Volume type: gcePDPartitioned] should support non-existent path" classname="Kubernetes e2e suite" time="0">
          <skipped></skipped>
      </testcase>
      <testcase name="[sig-storage] PersistentVolumes-local  [Volume type: dir-link-bindmounted] One pod requesting one prebound PVC should be able to mount volume and write from pod1" classname="Kubernetes e2e suite" time="0">
          <skipped></skipped>
      </testcase>
      <testcase name="[k8s.io] [sig-node] Events should be sent by kubelets and the scheduler about pods scheduling and running  [Conformance]" classname="Kubernetes e2e suite" time="16.502860383"></testcase>
      <testcase name="[sig-autoscaling] Cluster size autoscaling [Slow] Should be able to scale a node group down to 0[Feature:ClusterSizeAutoscalingScaleDown]" classname="Kubernetes e2e suite" time="0">
          <skipped></skipped>
      </testcase>
      <testcase name="[sig-cli] Kubectl client [k8s.io] Kubectl cluster-info should check if Kubernetes master services is included in cluster-info  [Conformance]" classname="Kubernetes e2e suite" time="0">
          <skipped></skipped>
      </testcase>
      <testcase name="[sig-storage] Subpath [Volume type: emptyDir] should fail if subpath with backstepping is outside the volume [Slow]" classname="Kubernetes e2e suite" time="0">
          <skipped></skipped>
      </testcase>
      <testcase name="[sig-storage] Dynamic Provisioning Block volume provisioning [Feature:BlockVolume] should create and delete block persistent volumes" classname="Kubernetes e2e suite" time="0">
          <skipped></skipped>
      </testcase>
      <testcase name="[sig-network] Loadbalancing: L7 GCE [Slow] [Feature:Ingress] should create ingress with given static-ip" classname="Kubernetes e2e suite" time="0">
          <skipped></skipped>
      </testcase>
      <testcase name="[k8s.io] InitContainer [NodeConformance] should not start app containers and fail the pod if init containers fail on a RestartNever pod" classname="Kubernetes e2e suite" time="0">
          <skipped></skipped>
      </testcase>
      <testcase name="[sig-storage] Subpath [Volume type: hostPathSymlink] should support readOnly file specified in the volumeMount" classname="Kubernetes e2e suite" time="0">
          <skipped></skipped>
      </testcase>
      <testcase name="[sig-apps] Job should adopt matching orphans and release non-matching pods" classname="Kubernetes e2e suite" time="0">
          <skipped></skipped>
      </testcase>
      <testcase name="[sig-storage] Subpath [Volume type: hostPath] should support readOnly directory specified in the volumeMount" classname="Kubernetes e2e suite" time="0">
          <skipped></skipped>
      </testcase>
      <testcase name="[sig-storage] EmptyDir volumes should support (root,0777,default) [NodeConformance] [Conformance]" classname="Kubernetes e2e suite" time="14.592653938"></testcase>
      <testcase name="[sig-api-machinery] ConfigMap should be consumable via the environment [NodeConformance] [Conformance]" classname="Kubernetes e2e suite" time="16.546616035"></testcase>
      <testcase name="[sig-storage] Subpath [Volume type: gcePDPartitioned] should support readOnly file specified in the volumeMount" classname="Kubernetes e2e suite" time="0">
          <skipped></skipped>
      </testcase>
      <testcase name="[k8s.io] EquivalenceCache [Serial] validates GeneralPredicates is properly invalidated when a pod is scheduled [Slow]" classname="Kubernetes e2e suite" time="0">
          <skipped></skipped>
      </testcase>
      <testcase name="[sig-network] Loadbalancing: L7 [Slow] Nginx should conform to Ingress spec" classname="Kubernetes e2e suite" time="0">
          <skipped></skipped>
      </testcase>
      <testcase name="[sig-network] Services should be able to change the type from ExternalName to NodePort" classname="Kubernetes e2e suite" time="0">
          <skipped></skipped>
      </testcase>
      <testcase name="[sig-apps] CronJob should schedule multiple jobs concurrently" classname="Kubernetes e2e suite" time="0">
          <skipped></skipped>
      </testcase>
      <testcase name="[sig-autoscaling] Cluster size autoscaling [Slow] should increase cluster size if pods are pending due to pod anti-affinity [Feature:ClusterSizeAutoscalingScaleUp]" classname="Kubernetes e2e suite" time="0">
          <skipped></skipped>
      </testcase>
      <testcase name="[sig-scheduling] Multi-AZ Clusters should spread the pods of a service across zones" classname="Kubernetes e2e suite" time="0">
          <skipped></skipped>
      </testcase>
      <testcase name="[sig-storage] Storage Policy Based Volume Provisioning [Feature:vsphere] verify if a SPBM policy is not honored on a non-compatible datastore for dynamically provisioned pvc using storageclass" classname="Kubernetes e2e suite" time="0">
          <skipped></skipped>
      </testcase>
      <testcase name="[sig-instrumentation] Kibana Logging Instances Is Alive [Feature:Elasticsearch] should check that the Kibana logging instance is alive" classname="Kubernetes e2e suite" time="0">
          <skipped></skipped>
      </testcase>
      <testcase name="[sig-storage] Regional PD RegionalPD should provision storage [Slow]" classname="Kubernetes e2e suite" time="0">
          <skipped></skipped>
      </testcase>
      <testcase name="[sig-storage] PersistentVolumes-local  [Volume type: dir-link-bindmounted] Set fsGroup for local volume should not set different fsGroups for two pods simultaneously" classname="Kubernetes e2e suite" time="0">
          <skipped></skipped>
      </testcase>
      <testcase name="[sig-storage] Secrets should be consumable in multiple volumes in a pod [NodeConformance] [Conformance]" classname="Kubernetes e2e suite" time="14.594423375"></testcase>
      <testcase name="[sig-storage] EmptyDir volumes when FSGroup is specified [NodeFeature:FSGroup] new files should be created with FSGroup ownership when container is non-root" classname="Kubernetes e2e suite" time="0">
          <skipped></skipped>
      </testcase>
      <testcase name="[sig-storage] Subpath [Volume type: gluster] should fail if subpath file is outside the volume [Slow]" classname="Kubernetes e2e suite" time="0">
          <skipped></skipped>
      </testcase>
      <testcase name="[sig-storage] PersistentVolumes-local  [Volume type: blockfs] Set fsGroup for local volume should not set different fsGroups for two pods simultaneously" classname="Kubernetes e2e suite" time="0">
          <skipped></skipped>
      </testcase>
      <testcase name="[sig-storage] ConfigMap optional updates should be reflected in volume [NodeConformance] [Conformance]" classname="Kubernetes e2e suite" time="35.158369502"></testcase>
      <testcase name="[sig-storage] Projected should be consumable in multiple volumes in the same pod [NodeConformance] [Conformance]" classname="Kubernetes e2e suite" time="14.589023243"></testcase>
      <testcase name="[sig-cli] Kubectl Port forwarding [k8s.io] With a server listening on localhost should support forwarding over websockets" classname="Kubernetes e2e suite" time="0">
          <skipped></skipped>
      </testcase>
      <testcase name="[sig-storage] Subpath [Volume type: gcePDPVC] should support non-existent path" classname="Kubernetes e2e suite" time="0">
          <skipped></skipped>
      </testcase>
      <testcase name="[k8s.io] [Feature:Example] [k8s.io] CassandraStatefulSet should create statefulset" classname="Kubernetes e2e suite" time="0">
          <skipped></skipped>
      </testcase>
      <testcase name="[sig-storage] PersistentVolumes-local  [Volume type: dir-link-bindmounted] Set fsGroup for local volume should set fsGroup for one pod" classname="Kubernetes e2e suite" time="0">
          <skipped></skipped>
      </testcase>
      <testcase name="[sig-storage] Regional PD RegionalPD should failover to a different zone when all nodes in one zone become unreachable [Slow] [Disruptive]" classname="Kubernetes e2e suite" time="0">
          <skipped></skipped>
      </testcase>
      <testcase name="[sig-storage] Projected should be consumable from pods in volume with defaultMode set [NodeConformance] [Conformance]" classname="Kubernetes e2e suite" time="14.710002656"></testcase>
      <testcase name="[k8s.io] Pods should cap back-off at MaxContainerBackOff [Slow][NodeConformance]" classname="Kubernetes e2e suite" time="0">
          <skipped></skipped>
      </testcase>
      <testcase name="[sig-storage] PersistentVolumes:vsphere should test that deleting the Namespace of a PVC and Pod causes the successful detach of vsphere volume" classname="Kubernetes e2e suite" time="0">
          <skipped></skipped>
      </testcase>
      <testcase name="[sig-storage] PersistentVolumes-local  [Volume type: block] [Feature:BlockVolume] One pod requesting one prebound PVC should be able to mount volume and read from pod1" classname="Kubernetes e2e suite" time="0">
          <skipped></skipped>
      </testcase>
      <testcase name="[sig-api-machinery] Generated clientset should create pods, set the deletionTimestamp and deletionGracePeriodSeconds of the pod" classname="Kubernetes e2e suite" time="0">
          <skipped></skipped>
      </testcase>
      <testcase name="[sig-autoscaling] Cluster size autoscaling [Slow] shouldn&#39;t be able to scale down when rescheduling a pod is required, but pdb doesn&#39;t allow drain[Feature:ClusterSizeAutoscalingScaleDown]" classname="Kubernetes e2e suite" time="0">
          <skipped></skipped>
      </testcase>
      <testcase name="[sig-storage] Subpath [Volume type: hostPath] should fail if subpath directory is outside the volume [Slow]" classname="Kubernetes e2e suite" time="0">
          <skipped></skipped>
      </testcase>
  </testsuite>