<?xml version="1.0" encoding="UTF-8"?>
  <testsuites tests="7414" disabled="7022" errors="0" failures="1" time="6431.493499059">
      <testsuite name="Kubernetes e2e suite" package="/usr/local/bin" tests="7414" disabled="0" skipped="7022" errors="0" failures="1" time="6431.493499059" timestamp="2024-09-18T16:53:33">
          <properties>
              <property name="SuiteSucceeded" value="false"></property>
              <property name="SuiteHasProgrammaticFocus" value="false"></property>
              <property name="SpecialSuiteFailureReason" value=""></property>
              <property name="SuiteLabels" value="[]"></property>
              <property name="RandomSeed" value="1726678412"></property>
              <property name="RandomizeAllSpecs" value="true"></property>
              <property name="LabelFilter" value=""></property>
              <property name="FocusStrings" value="\[Conformance\]"></property>
              <property name="SkipStrings" value=""></property>
              <property name="FocusFiles" value=""></property>
              <property name="SkipFiles" value=""></property>
              <property name="FailOnPending" value="false"></property>
              <property name="FailFast" value="false"></property>
              <property name="FlakeAttempts" value="0"></property>
              <property name="DryRun" value="false"></property>
              <property name="ParallelTotal" value="1"></property>
              <property name="OutputInterceptorMode" value=""></property>
          </properties>
          <testcase name="[ReportBeforeSuite]" classname="Kubernetes e2e suite" status="passed" time="0.000341716"></testcase>
          <testcase name="[SynchronizedBeforeSuite]" classname="Kubernetes e2e suite" status="passed" time="0.05869218"></testcase>
          <testcase name="[It] [sig-storage] In-tree Volumes [Driver: local] [LocalVolumeType: block] [Testpattern: Dynamic PV (ext4)] multiVolume [Slow] should concurrently access the single read-only volume from pods on the same node" classname="Kubernetes e2e suite" status="skipped" time="0">
              <skipped message="skipped"></skipped>
          </testcase>
          <testcase name="[It] [sig-storage] In-tree Volumes [Driver: iscsi] [Feature:Volumes] [Testpattern: Dynamic PV (default fs)] fsgroupchangepolicy (OnRootMismatch)[LinuxOnly], pod created with an initial fsgroup, volume contents ownership changed via chgrp in first pod, new pod with same fsgroup skips ownership changes to the volume contents" classname="Kubernetes e2e suite" status="skipped" time="0">
              <skipped message="skipped"></skipped>
          </testcase>
          <testcase name="[It] [sig-storage] In-tree Volumes [Driver: azure-file] [Testpattern: Pre-provisioned PV (filesystem volmode)] volumeMode should fail to use a volume in a pod with mismatched mode [Slow]" classname="Kubernetes e2e suite" status="skipped" time="0">
              <skipped message="skipped"></skipped>
          </testcase>
          <testcase name="[It] [sig-storage] In-tree Volumes [Driver: local] [LocalVolumeType: gce-localssd-scsi-fs] [Serial] [Testpattern: Dynamic PV (block volmode)] multiVolume [Slow] should concurrently access the single read-only volume from pods on the same node" classname="Kubernetes e2e suite" status="skipped" time="0">
              <skipped message="skipped"></skipped>
          </testcase>
          <testcase name="[It] [sig-storage] In-tree Volumes [Driver: ceph] [Feature:Volumes] [Serial] [Testpattern: Dynamic PV (ntfs)] [Feature:Windows] subPath should fail if subpath directory is outside the volume [Slow] [LinuxOnly]" classname="Kubernetes e2e suite" status="skipped" time="0">
              <skipped message="skipped"></skipped>
          </testcase>
          <testcase name="[It] [sig-storage] In-tree Volumes [Driver: local] [LocalVolumeType: blockfs] [Testpattern: Dynamic PV (ntfs)] [Feature:Windows] subPath should fail if subpath with backstepping is outside the volume [Slow] [LinuxOnly]" classname="Kubernetes e2e suite" status="skipped" time="0">
              <skipped message="skipped"></skipped>
          </testcase>
          <testcase name="[It] [sig-storage] In-tree Volumes [Driver: local] [LocalVolumeType: dir-link] [Testpattern: Pre-provisioned PV (default fs)] volumes should allow exec of files on the volume" classname="Kubernetes e2e suite" status="skipped" time="0">
              <skipped message="skipped"></skipped>
          </testcase>
          <testcase name="[It] [sig-storage] In-tree Volumes [Driver: local] [LocalVolumeType: gce-localssd-scsi-fs] [Serial] [Testpattern: Dynamic PV (ntfs)] [Feature:Windows] subPath should support non-existent path" classname="Kubernetes e2e suite" status="skipped" time="0">
              <skipped message="skipped"></skipped>
          </testcase>
          <testcase name="[It] [sig-storage] In-tree Volumes [Driver: local] [LocalVolumeType: dir-link] [Testpattern: Inline-volume (default fs)] subPath should support restarting containers using directory as subpath [Slow]" classname="Kubernetes e2e suite" status="skipped" time="0">
              <skipped message="skipped"></skipped>
          </testcase>
          <testcase name="[It] [sig-network] Services should complete a service status lifecycle [Conformance]" classname="Kubernetes e2e suite" status="passed" time="0.11776243"></testcase>
          <testcase name="[It] [sig-storage] In-tree Volumes [Driver: hostPathSymlink] [Testpattern: Dynamic PV (filesystem volmode)] disruptive [Disruptive] [LinuxOnly] Should test that pv written before kubelet restart is readable after restart." classname="Kubernetes e2e suite" status="skipped" time="0">
              <skipped message="skipped"></skipped>
          </testcase>
          <testcase name="[It] [sig-node] PodOSRejection [NodeConformance] Kubelet should reject pod when the node OS doesn&#39;t match pod&#39;s OS" classname="Kubernetes e2e suite" status="skipped" time="0">
              <skipped message="skipped"></skipped>
          </testcase>
          <testcase name="[It] [sig-storage] In-tree Volumes [Driver: local] [LocalVolumeType: block] [Testpattern: Dynamic PV (ntfs)] [Feature:Windows] subPath should be able to unmount after the subpath directory is deleted [LinuxOnly]" classname="Kubernetes e2e suite" status="skipped" time="0">
              <skipped message="skipped"></skipped>
          </testcase>
          <testcase name="[It] [sig-node] Kubelet when scheduling a read only busybox container should not write to root filesystem [LinuxOnly] [NodeConformance] [Conformance]" classname="Kubernetes e2e suite" status="passed" time="4.094604583"></testcase>
          <testcase name="[It] [sig-storage] In-tree Volumes [Driver: local] [LocalVolumeType: tmpfs] [Testpattern: Dynamic PV (default fs)] provisioning should provision storage with pvc data source in parallel [Slow]" classname="Kubernetes e2e suite" status="skipped" time="0">
              <skipped message="skipped"></skipped>
          </testcase>
          <testcase name="[It] [sig-storage] In-tree Volumes [Driver: local] [LocalVolumeType: block] [Testpattern: Pre-provisioned PV (filesystem volmode)] multiVolume [Slow] should concurrently access the single volume from pods on the same node" classname="Kubernetes e2e suite" status="skipped" time="0">
              <skipped message="skipped"></skipped>
          </testcase>
          <testcase name="[It] [sig-storage] In-tree Volumes [Driver: local] [LocalVolumeType: gce-localssd-scsi-fs] [Serial] [Testpattern: Pre-provisioned PV (default fs)] subPath should support file as subpath [LinuxOnly]" classname="Kubernetes e2e suite" status="skipped" time="0">
              <skipped message="skipped"></skipped>
          </testcase>
          <testcase name="[It] [sig-storage] In-tree Volumes [Driver: iscsi] [Feature:Volumes] [Testpattern: Dynamic PV (ntfs)] [Feature:Windows] subPath should support existing single file [LinuxOnly]" classname="Kubernetes e2e suite" status="skipped" time="0">
              <skipped message="skipped"></skipped>
          </testcase>
          <testcase name="[It] [sig-storage] In-tree Volumes [Driver: hostPathSymlink] [Testpattern: Pre-provisioned PV (block volmode)] disruptive [Disruptive] [LinuxOnly] Should test that pv written before kubelet restart is readable after restart." classname="Kubernetes e2e suite" status="skipped" time="0">
              <skipped message="skipped"></skipped>
          </testcase>
          <testcase name="[It] [sig-storage] In-tree Volumes [Driver: local] [LocalVolumeType: gce-localssd-scsi-fs] [Serial] [Testpattern: Dynamic PV (ntfs)] [Feature:Windows] subPath should support restarting containers using directory as subpath [Slow]" classname="Kubernetes e2e suite" status="skipped" time="0">
              <skipped message="skipped"></skipped>
          </testcase>
          <testcase name="[It] [sig-storage] In-tree Volumes [Driver: aws] [Testpattern: Pre-provisioned PV (filesystem volmode)] disruptive [Disruptive] [LinuxOnly] Should test that pv used in a pod that is force deleted while the kubelet is down is usable by a new pod with a different SELinux context when kubelet returns [Feature:SELinux]" classname="Kubernetes e2e suite" status="skipped" time="0">
              <skipped message="skipped"></skipped>
          </testcase>
          <testcase name="[It] [sig-storage] In-tree Volumes [Driver: nfs] [Testpattern: Dynamic PV (default fs)] subPath should be able to unmount after the subpath directory is deleted [LinuxOnly]" classname="Kubernetes e2e suite" status="skipped" time="0">
              <skipped message="skipped"></skipped>
          </testcase>
          <testcase name="[It] [sig-storage] In-tree Volumes [Driver: hostPathSymlink] [Testpattern: Dynamic PV (ntfs)] [Feature:Windows] multiVolume [Slow] should access to two volumes with the same volume mode and retain data across pod recreation on the same node" classname="Kubernetes e2e suite" status="skipped" time="0">
              <skipped message="skipped"></skipped>
          </testcase>
          <testcase name="[It] [sig-storage] In-tree Volumes [Driver: local] [LocalVolumeType: gce-localssd-scsi-fs] [Serial] [Testpattern: Dynamic PV (ntfs)] [Feature:Windows] multiVolume [Slow] should access to two volumes with different volume mode and retain data across pod recreation on different node" classname="Kubernetes e2e suite" status="skipped" time="0">
              <skipped message="skipped"></skipped>
          </testcase>
          <testcase name="[It] [sig-storage] In-tree Volumes [Driver: local] [LocalVolumeType: dir-bindmounted] [Testpattern: Dynamic PV (default fs)] subPath should unmount if pod is force deleted while kubelet is down [Disruptive] [Slow] [LinuxOnly]" classname="Kubernetes e2e suite" status="skipped" time="0">
              <skipped message="skipped"></skipped>
          </testcase>
          <testcase name="[It] [sig-storage] In-tree Volumes [Driver: hostPathSymlink] [Testpattern: Pre-provisioned PV (block volmode)] multiVolume [Slow] should access to two volumes with different volume mode and retain data across pod recreation on different node" classname="Kubernetes e2e suite" status="skipped" time="0">
              <skipped message="skipped"></skipped>
          </testcase>
          <testcase name="[It] [sig-storage] CSI Volumes [Driver: csi-hostpath] [Testpattern: Inline-volume (default fs)] volumes should store data" classname="Kubernetes e2e suite" status="skipped" time="0">
              <skipped message="skipped"></skipped>
          </testcase>
          <testcase name="[It] [sig-storage] In-tree Volumes [Driver: azure-file] [Testpattern: Pre-provisioned PV (xfs)] [Slow] volumes should store data" classname="Kubernetes e2e suite" status="skipped" time="0">
              <skipped message="skipped"></skipped>
          </testcase>
          <testcase name="[It] [sig-storage] CSI Volumes [Driver: csi-hostpath] [Testpattern: Inline-volume (default fs)] subPath should fail if subpath with backstepping is outside the volume [Slow] [LinuxOnly]" classname="Kubernetes e2e suite" status="skipped" time="0">
              <skipped message="skipped"></skipped>
          </testcase>
          <testcase name="[It] [sig-storage] In-tree Volumes [Driver: local] [LocalVolumeType: blockfs] [Testpattern: Dynamic PV (block volmode)] provisioning should provision correct filesystem size when restoring snapshot to larger size pvc [Feature:VolumeSnapshotDataSource]" classname="Kubernetes e2e suite" status="skipped" time="0">
              <skipped message="skipped"></skipped>
          </testcase>
          <testcase name="[It] [sig-storage] In-tree Volumes [Driver: azure-file] [Testpattern: Dynamic PV (ntfs)] [Feature:Windows] provisioning should provision storage with snapshot data source [Feature:VolumeSnapshotDataSource]" classname="Kubernetes e2e suite" status="skipped" time="0">
              <skipped message="skipped"></skipped>
          </testcase>
          <testcase name="[It] [sig-storage] In-tree Volumes [Driver: ceph] [Feature:Volumes] [Serial] [Testpattern: Dynamic PV (ntfs)] [Feature:Windows] multiVolume [Slow] should access to two volumes with the same volume mode and retain data across pod recreation on different node" classname="Kubernetes e2e suite" status="skipped" time="0">
              <skipped message="skipped"></skipped>
          </testcase>
          <testcase name="[It] [sig-storage] In-tree Volumes [Driver: local] [LocalVolumeType: tmpfs] [Testpattern: Pre-provisioned PV (block volmode)] multiVolume [Slow] should access to two volumes with the same volume mode and retain data across pod recreation on different node" classname="Kubernetes e2e suite" status="skipped" time="0">
              <skipped message="skipped"></skipped>
          </testcase>
          <testcase name="[It] [sig-storage] In-tree Volumes [Driver: vsphere] [Testpattern: Dynamic PV (block volmode)(allowExpansion)] volume-expand should resize volume when PVC is edited while pod is using it" classname="Kubernetes e2e suite" status="skipped" time="0">
              <skipped message="skipped"></skipped>
          </testcase>
          <testcase name="[It] [sig-storage] In-tree Volumes [Driver: cinder] [Testpattern: Dynamic PV (immediate binding)] topology should fail to schedule a pod which has topologies that conflict with AllowedTopologies" classname="Kubernetes e2e suite" status="skipped" time="0">
              <skipped message="skipped"></skipped>
          </testcase>
          <testcase name="[It] [sig-network] [Feature:IPv6DualStack] Granular Checks: Services Secondary IP Family [LinuxOnly] should function for service endpoints using hostNetwork" classname="Kubernetes e2e suite" status="skipped" time="0">
              <skipped message="skipped"></skipped>
          </testcase>
          <testcase name="[It] [sig-storage] In-tree Volumes [Driver: azure-disk] [Testpattern: Pre-provisioned PV (xfs)] [Slow] volumes should allow exec of files on the volume" classname="Kubernetes e2e suite" status="skipped" time="0">
              <skipped message="skipped"></skipped>
          </testcase>
          <testcase name="[It] [sig-storage] CSI Volumes [Driver: pd.csi.storage.gke.io] [Serial] [Testpattern: Dynamic PV (ntfs)] [Feature:Windows] multiVolume [Slow] should concurrently access the volume and its clone from pods on the same node [LinuxOnly] [Feature:VolumeSourceXFS]" classname="Kubernetes e2e suite" status="skipped" time="0">
              <skipped message="skipped"></skipped>
          </testcase>
          <testcase name="[It] [sig-storage] CSI Volumes [Driver: pd.csi.storage.gke.io] [Serial] [Testpattern: Dynamic Snapshot (retain policy)] snapshottable-stress [Feature:VolumeSnapshotDataSource] should support snapshotting of many volumes repeatedly [Slow] [Serial]" classname="Kubernetes e2e suite" status="skipped" time="0">
              <skipped message="skipped"></skipped>
          </testcase>
          <testcase name="[It] [sig-storage] In-tree Volumes [Driver: azure-disk] [Testpattern: Dynamic PV (filesystem volmode)] multiVolume [Slow] should concurrently access the single volume from pods on the same node" classname="Kubernetes e2e suite" status="skipped" time="0">
              <skipped message="skipped"></skipped>
          </testcase>
          <testcase name="[It] [sig-storage] In-tree Volumes [Driver: local] [LocalVolumeType: tmpfs] [Testpattern: Dynamic PV (default fs)] volume-stress multiple pods should access different volumes repeatedly [Slow] [Serial]" classname="Kubernetes e2e suite" status="skipped" time="0">
              <skipped message="skipped"></skipped>
          </testcase>
          <testcase name="[It] [sig-api-machinery] health handlers should contain necessary checks" classname="Kubernetes e2e suite" status="skipped" time="0">
              <skipped message="skipped"></skipped>
          </testcase>
          <testcase name="[It] [sig-storage] In-tree Volumes [Driver: local] [LocalVolumeType: tmpfs] [Testpattern: Dynamic PV (default fs)] volume-expand should not allow expansion of pvcs without AllowVolumeExpansion property" classname="Kubernetes e2e suite" status="skipped" time="0">
              <skipped message="skipped"></skipped>
          </testcase>
          <testcase name="[It] [sig-storage] Downward API volume should provide container&#39;s cpu limit [NodeConformance] [Conformance]" classname="Kubernetes e2e suite" status="passed" time="6.114388013"></testcase>
          <testcase name="[It] [sig-storage] Dynamic Provisioning DynamicProvisioner Default should be disabled by removing the default annotation [Serial] [Disruptive]" classname="Kubernetes e2e suite" status="skipped" time="0">
              <skipped message="skipped"></skipped>
          </testcase>
          <testcase name="[It] [sig-storage] In-tree Volumes [Driver: local] [LocalVolumeType: blockfs] [Testpattern: Dynamic PV (default fs)(allowExpansion)] volume-expand should resize volume when PVC is edited while pod is using it" classname="Kubernetes e2e suite" status="skipped" time="0">
              <skipped message="skipped"></skipped>
          </testcase>
          <testcase name="[It] [sig-storage] In-tree Volumes [Driver: rbd] [Feature:Volumes] [Serial] [Testpattern: Dynamic PV (default fs)] subPath should support restarting containers using directory as subpath [Slow]" classname="Kubernetes e2e suite" status="skipped" time="0">
              <skipped message="skipped"></skipped>
          </testcase>
          <testcase name="[It] [sig-storage] In-tree Volumes [Driver: local] [LocalVolumeType: dir-bindmounted] [Testpattern: Dynamic PV (ntfs)] [Feature:Windows] subPath should support creating multiple subpath from same volumes [Slow]" classname="Kubernetes e2e suite" status="skipped" time="0">
              <skipped message="skipped"></skipped>
          </testcase>
          <testcase name="[It] [sig-storage] In-tree Volumes [Driver: iscsi] [Feature:Volumes] [Testpattern: Dynamic PV (ntfs)] [Feature:Windows] multiVolume [Slow] should concurrently access the single volume from pods on the same node" classname="Kubernetes e2e suite" status="skipped" time="0">
              <skipped message="skipped"></skipped>
          </testcase>
          <testcase name="[It] [sig-storage] CSI Volumes [Driver: pd.csi.storage.gke.io] [Serial] [Testpattern: Pre-provisioned PV (default fs)] subPath should support readOnly file specified in the volumeMount [LinuxOnly]" classname="Kubernetes e2e suite" status="skipped" time="0">
              <skipped message="skipped"></skipped>
          </testcase>
          <testcase name="[It] [sig-storage] In-tree Volumes [Driver: iscsi] [Feature:Volumes] [Testpattern: Generic Ephemeral-volume (default fs) (immediate-binding)] ephemeral should create read/write inline ephemeral volume" classname="Kubernetes e2e suite" status="skipped" time="0">
              <skipped message="skipped"></skipped>
          </testcase>
          <testcase name="[It] [sig-storage] In-tree Volumes [Driver: local] [LocalVolumeType: tmpfs] [Testpattern: Dynamic PV (default fs)] subPath should unmount if pod is gracefully deleted while kubelet is down [Disruptive] [Slow] [LinuxOnly]" classname="Kubernetes e2e suite" status="skipped" time="0">
              <skipped message="skipped"></skipped>
          </testcase>
          <testcase name="[It] [sig-storage] In-tree Volumes [Driver: hostPath] [Testpattern: Inline-volume (default fs)] subPath should fail if subpath with backstepping is outside the volume [Slow] [LinuxOnly]" classname="Kubernetes e2e suite" status="skipped" time="0">
              <skipped message="skipped"></skipped>
          </testcase>
          <testcase name="[It] [sig-storage] In-tree Volumes [Driver: local] [LocalVolumeType: dir] [Testpattern: Inline-volume (default fs)] subPath should support readOnly directory specified in the volumeMount" classname="Kubernetes e2e suite" status="skipped" time="0">
              <skipped message="skipped"></skipped>
          </testcase>
          <testcase name="[It] [sig-storage] In-tree Volumes [Driver: cinder] [Testpattern: Pre-provisioned PV (block volmode)] volumes should store data" classname="Kubernetes e2e suite" status="skipped" time="0">
              <skipped message="skipped"></skipped>
          </testcase>
          <testcase name="[It] [sig-storage] In-tree Volumes [Driver: local] [LocalVolumeType: dir-link-bindmounted] [Testpattern: Dynamic PV (block volmode)] multiVolume [Slow] should concurrently access the single volume from pods on different node" classname="Kubernetes e2e suite" status="skipped" time="0">
              <skipped message="skipped"></skipped>
          </testcase>
          <testcase name="[It] [sig-storage] Downward API volume should provide container&#39;s memory limit [NodeConformance] [Conformance]" classname="Kubernetes e2e suite" status="passed" time="6.112636074"></testcase>
          <testcase name="[It] [sig-storage] In-tree Volumes [Driver: azure-file] [Testpattern: Dynamic PV (ntfs)] [Feature:Windows] provisioning should mount multiple PV pointing to the same storage on the same node" classname="Kubernetes e2e suite" status="skipped" time="0">
              <skipped message="skipped"></skipped>
          </testcase>
          <testcase name="[It] [sig-storage] In-tree Volumes [Driver: local] [LocalVolumeType: gce-localssd-scsi-fs] [Serial] [Testpattern: Dynamic PV (immediate binding)] topology should fail to schedule a pod which has topologies that conflict with AllowedTopologies" classname="Kubernetes e2e suite" status="skipped" time="0">
              <skipped message="skipped"></skipped>
          </testcase>
          <testcase name="[It] [sig-network] Networking Granular Checks: Services should function for pod-Service: udp" classname="Kubernetes e2e suite" status="skipped" time="0">
              <skipped message="skipped"></skipped>
          </testcase>
          <testcase name="[It] [sig-storage] In-tree Volumes [Driver: vsphere] [Testpattern: Dynamic PV (block volmode)] multiVolume [Slow] should concurrently access the volume and restored snapshot from pods on the same node [LinuxOnly] [Feature:VolumeSnapshotDataSource] [Feature:VolumeSourceXFS]" classname="Kubernetes e2e suite" status="skipped" time="0">
              <skipped message="skipped"></skipped>
          </testcase>
          <testcase name="[It] [sig-network] DNS should provide DNS for services [Conformance]" classname="Kubernetes e2e suite" status="passed" time="11.236701214"></testcase>
          <testcase name="[It] [sig-storage] CSI Volumes [Driver: csi-hostpath] [Testpattern: Dynamic PV (ntfs)] [Feature:Windows] volume-expand should not allow expansion of pvcs without AllowVolumeExpansion property" classname="Kubernetes e2e suite" status="skipped" time="0">
              <skipped message="skipped"></skipped>
          </testcase>
          <testcase name="[It] [sig-storage] In-tree Volumes [Driver: rbd] [Feature:Volumes] [Serial] [Testpattern: Pre-provisioned PV (block volmode)] multiVolume [Slow] should concurrently access the single read-only volume from pods on the same node" classname="Kubernetes e2e suite" status="skipped" time="0">
              <skipped message="skipped"></skipped>
          </testcase>
          <testcase name="[It] [sig-storage] In-tree Volumes [Driver: ceph] [Feature:Volumes] [Serial] [Testpattern: Pre-provisioned PV (default fs)] volumeIO should write files of various sizes, verify size, validate content [Slow]" classname="Kubernetes e2e suite" status="skipped" time="0">
              <skipped message="skipped"></skipped>
          </testcase>
          <testcase name="[It] [sig-storage] In-tree Volumes [Driver: azure-disk] [Testpattern: Pre-provisioned PV (ntfs)] [Feature:Windows] volumes should allow exec of files on the volume" classname="Kubernetes e2e suite" status="skipped" time="0">
              <skipped message="skipped"></skipped>
          </testcase>
          <testcase name="[It] [sig-apps] Daemon set [Serial] should retry creating failed daemon pods [Conformance]" classname="Kubernetes e2e suite" status="passed" time="10.939037676"></testcase>
          <testcase name="[It] [sig-storage] In-tree Volumes [Driver: emptydir] [Testpattern: Dynamic PV (ext3)] volumes should allow exec of files on the volume" classname="Kubernetes e2e suite" status="skipped" time="0">
              <skipped message="skipped"></skipped>
          </testcase>
          <testcase name="[It] [sig-storage] In-tree Volumes [Driver: iscsi] [Feature:Volumes] [Testpattern: Dynamic PV (filesystem volmode)] multiVolume [Slow] should access to two volumes with different volume mode and retain data across pod recreation on different node" classname="Kubernetes e2e suite" status="skipped" time="0">
              <skipped message="skipped"></skipped>
          </testcase>
          <testcase name="[It] [sig-storage] In-tree Volumes [Driver: azure-file] [Testpattern: Pre-provisioned PV (ext3)] volumes should store data" classname="Kubernetes e2e suite" status="skipped" time="0">
              <skipped message="skipped"></skipped>
          </testcase>
          <testcase name="[It] [sig-storage] In-tree Volumes [Driver: local] [LocalVolumeType: blockfs] [Testpattern: Pre-provisioned PV (block volmode)] multiVolume [Slow] should concurrently access the single read-only volume from pods on the same node" classname="Kubernetes e2e suite" status="skipped" time="0">
              <skipped message="skipped"></skipped>
          </testcase>
          <testcase name="[It] [sig-storage] In-tree Volumes [Driver: local] [LocalVolumeType: dir-link-bindmounted] [Testpattern: Dynamic PV (default fs)] provisioning should provision storage with pvc data source (ROX mode)" classname="Kubernetes e2e suite" status="skipped" time="0">
              <skipped message="skipped"></skipped>
          </testcase>
          <testcase name="[It] [sig-storage] In-tree Volumes [Driver: local] [LocalVolumeType: tmpfs] [Testpattern: Pre-provisioned PV (filesystem volmode)] multiVolume [Slow] should concurrently access the volume and its clone from pods on the same node [LinuxOnly] [Feature:VolumeSourceXFS]" classname="Kubernetes e2e suite" status="skipped" time="0">
              <skipped message="skipped"></skipped>
          </testcase>
          <testcase name="[It] [sig-storage] In-tree Volumes [Driver: emptydir] [Testpattern: Dynamic PV (ntfs)] [Feature:Windows] volumes should allow exec of files on the volume" classname="Kubernetes e2e suite" status="skipped" time="0">
              <skipped message="skipped"></skipped>
          </testcase>
          <testcase name="[It] [sig-storage] In-tree Volumes [Driver: azure-disk] [Testpattern: Dynamic PV (filesystem volmode)] volumeLimits should support volume limits [Serial]" classname="Kubernetes e2e suite" status="skipped" time="0">
              <skipped message="skipped"></skipped>
          </testcase>
          <testcase name="[It] [sig-storage] In-tree Volumes [Driver: local] [LocalVolumeType: dir-link] [Testpattern: Pre-provisioned PV (block volmode)] volumeMode should fail to create pod by failing to mount volume [Slow]" classname="Kubernetes e2e suite" status="skipped" time="0">
              <skipped message="skipped"></skipped>
          </testcase>
          <testcase name="[It] [sig-storage] Node Unregister [Feature:vsphere] [Slow] [Disruptive] node unregister" classname="Kubernetes e2e suite" status="skipped" time="0">
              <skipped message="skipped"></skipped>
          </testcase>
          <testcase name="[It] [sig-storage] In-tree Volumes [Driver: azure-disk] [Testpattern: Dynamic PV (ntfs)] [Feature:Windows] multiVolume [Slow] should concurrently access the volume and restored snapshot from pods on the same node [LinuxOnly] [Feature:VolumeSnapshotDataSource] [Feature:VolumeSourceXFS]" classname="Kubernetes e2e suite" status="skipped" time="0">
              <skipped message="skipped"></skipped>
          </testcase>
          <testcase name="[It] [sig-storage] In-tree Volumes [Driver: local] [LocalVolumeType: blockfs] [Testpattern: Dynamic PV (block volmode)] volumes should store data" classname="Kubernetes e2e suite" status="skipped" time="0">
              <skipped message="skipped"></skipped>
          </testcase>
          <testcase name="[It] [sig-storage] In-tree Volumes [Driver: nfs] [Testpattern: Dynamic PV (ext4)] volumes should allow exec of files on the volume" classname="Kubernetes e2e suite" status="skipped" time="0">
              <skipped message="skipped"></skipped>
          </testcase>
          <testcase name="[It] [sig-network] Networking Granular Checks: Services should function for endpoint-Service: http" classname="Kubernetes e2e suite" status="skipped" time="0">
              <skipped message="skipped"></skipped>
          </testcase>
          <testcase name="[It] [sig-storage] CSI Mock selinux on mount metrics SELinuxMount metrics [LinuxOnly] [Feature:SELinux] [Feature:SELinuxMountReadWriteOncePod] [Serial] error is bumped on two Pods with a different context on RWOP volume" classname="Kubernetes e2e suite" status="skipped" time="0">
              <skipped message="skipped"></skipped>
          </testcase>
          <testcase name="[It] [sig-api-machinery] ServerSideApply should ignore conflict errors if force apply is used" classname="Kubernetes e2e suite" status="skipped" time="0">
              <skipped message="skipped"></skipped>
          </testcase>
          <testcase name="[It] [sig-storage] HostPathType Character Device [Slow] Should fail on mounting non-existent character device &#39;does-not-exist-char-dev&#39; when HostPathType is HostPathCharDev" classname="Kubernetes e2e suite" status="skipped" time="0">
              <skipped message="skipped"></skipped>
          </testcase>
          <testcase name="[It] [sig-storage] In-tree Volumes [Driver: rbd] [Feature:Volumes] [Serial] [Testpattern: Dynamic PV (ext4)] multiVolume [Slow] should access to two volumes with different volume mode and retain data across pod recreation on the same node" classname="Kubernetes e2e suite" status="skipped" time="0">
              <skipped message="skipped"></skipped>
          </testcase>
          <testcase name="[It] [sig-storage] In-tree Volumes [Driver: local] [LocalVolumeType: gce-localssd-scsi-fs] [Serial] [Testpattern: Pre-provisioned PV (block volmode)] multiVolume [Slow] should concurrently access the single read-only volume from pods on the same node" classname="Kubernetes e2e suite" status="skipped" time="0">
              <skipped message="skipped"></skipped>
          </testcase>
          <testcase name="[It] [sig-storage] In-tree Volumes [Driver: local] [LocalVolumeType: dir-bindmounted] [Testpattern: Pre-provisioned PV (default fs)] subPath should support readOnly directory specified in the volumeMount" classname="Kubernetes e2e suite" status="skipped" time="0">
              <skipped message="skipped"></skipped>
          </testcase>
          <testcase name="[It] [sig-storage] CSI Volumes [Driver: csi-hostpath] [Testpattern: Inline-volume (xfs)] [Slow] volumes should allow exec of files on the volume" classname="Kubernetes e2e suite" status="skipped" time="0">
              <skipped message="skipped"></skipped>
          </testcase>
          <testcase name="[It] [sig-storage] In-tree Volumes [Driver: iscsi] [Feature:Volumes] [Testpattern: Pre-provisioned PV (ntfs)] [Feature:Windows] volumes should allow exec of files on the volume" classname="Kubernetes e2e suite" status="skipped" time="0">
              <skipped message="skipped"></skipped>
          </testcase>
          <testcase name="[It] [sig-storage] In-tree Volumes [Driver: azure-file] [Testpattern: Dynamic PV (ntfs)] [Feature:Windows] provisioning should provision storage with any volume data source [Serial]" classname="Kubernetes e2e suite" status="skipped" time="0">
              <skipped message="skipped"></skipped>
          </testcase>
          <testcase name="[It] [sig-storage] In-tree Volumes [Driver: azure-disk] [Testpattern: Pre-provisioned PV (default fs)] subPath should support readOnly directory specified in the volumeMount" classname="Kubernetes e2e suite" status="skipped" time="0">
              <skipped message="skipped"></skipped>
          </testcase>
          <testcase name="[It] [sig-storage] In-tree Volumes [Driver: nfs] [Testpattern: Dynamic PV (ntfs)] [Feature:Windows] multiVolume [Slow] should concurrently access the volume and its clone from pods on the same node [LinuxOnly] [Feature:VolumeSourceXFS]" classname="Kubernetes e2e suite" status="skipped" time="0">
              <skipped message="skipped"></skipped>
          </testcase>
          <testcase name="[It] [sig-storage] In-tree Volumes [Driver: local] [LocalVolumeType: block] [Testpattern: Dynamic PV (default fs)] subPath should support non-existent path" classname="Kubernetes e2e suite" status="skipped" time="0">
              <skipped message="skipped"></skipped>
          </testcase>
          <testcase name="[It] [sig-storage] In-tree Volumes [Driver: local] [LocalVolumeType: dir] [Testpattern: Generic Ephemeral-volume (block volmode) (late-binding)] ephemeral should create read-only inline ephemeral volume" classname="Kubernetes e2e suite" status="skipped" time="0">
              <skipped message="skipped"></skipped>
          </testcase>
          <testcase name="[It] [sig-storage] In-tree Volumes [Driver: local] [LocalVolumeType: dir-link] [Testpattern: Generic Ephemeral-volume (default fs) (late-binding)] ephemeral should support two pods which have the same volume definition" classname="Kubernetes e2e suite" status="skipped" time="0">
              <skipped message="skipped"></skipped>
          </testcase>
          <testcase name="[It] [sig-apps] StatefulSet Deploy clustered applications [Feature:StatefulSet] [Slow] should creating a working mysql cluster" classname="Kubernetes e2e suite" status="skipped" time="0">
              <skipped message="skipped"></skipped>
          </testcase>
          <testcase name="[It] [sig-storage] In-tree Volumes [Driver: azure-disk] [Testpattern: Dynamic PV (ntfs)] [Feature:Windows] subPath should be able to unmount after the subpath directory is deleted [LinuxOnly]" classname="Kubernetes e2e suite" status="skipped" time="0">
              <skipped message="skipped"></skipped>
          </testcase>
          <testcase name="[It] [sig-storage] GenericPersistentVolume [Disruptive] When kubelet restarts Should test that a file written to the mount before kubelet restart is readable after restart." classname="Kubernetes e2e suite" status="skipped" time="0">
              <skipped message="skipped"></skipped>
          </testcase>
          <testcase name="[It] [sig-storage] In-tree Volumes [Driver: local] [LocalVolumeType: dir-bindmounted] [Testpattern: Dynamic PV (ntfs)] [Feature:Windows] provisioning should provision storage with mount options" classname="Kubernetes e2e suite" status="skipped" time="0">
              <skipped message="skipped"></skipped>
          </testcase>
          <testcase name="[It] [sig-storage] In-tree Volumes [Driver: vsphere] [Testpattern: Pre-provisioned PV (filesystem volmode)] multiVolume [Slow] should concurrently access the single volume from pods on the same node" classname="Kubernetes e2e suite" status="skipped" time="0">
              <skipped message="skipped"></skipped>
          </testcase>
          <testcase name="[It] [sig-api-machinery] client-go should negotiate watch and report errors with accept &#34;application/json&#34;" classname="Kubernetes e2e suite" status="skipped" time="0">
              <skipped message="skipped"></skipped>
          </testcase>
          <testcase name="[It] [sig-storage] In-tree Volumes [Driver: iscsi] [Feature:Volumes] [Testpattern: Pre-provisioned PV (filesystem volmode)] multiVolume [Slow] should access to two volumes with different volume mode and retain data across pod recreation on different node" classname="Kubernetes e2e suite" status="skipped" time="0">
              <skipped message="skipped"></skipped>
          </testcase>
          <testcase name="[It] [sig-storage] In-tree Volumes [Driver: cinder] [Testpattern: Dynamic PV (default fs)(allowExpansion)] volume-expand should resize volume when PVC is edited while pod is using it" classname="Kubernetes e2e suite" status="skipped" time="0">
              <skipped message="skipped"></skipped>
          </testcase>
          <testcase name="[It] [sig-storage] In-tree Volumes [Driver: rbd] [Feature:Volumes] [Serial] [Testpattern: Dynamic PV (block volmode)] multiVolume [Slow] should concurrently access the single volume from pods on different node" classname="Kubernetes e2e suite" status="skipped" time="0">
              <skipped message="skipped"></skipped>
          </testcase>
          <testcase name="[It] [sig-storage] CSI Volumes [Driver: pd.csi.storage.gke.io] [Serial] [Testpattern: Dynamic PV (ntfs)] [Feature:Windows] subPath should support restarting containers using directory as subpath [Slow]" classname="Kubernetes e2e suite" status="skipped" time="0">
              <skipped message="skipped"></skipped>
          </testcase>
          <testcase name="[It] [sig-node] Pod InPlace Resize Container [Feature:InPlacePodVerticalScaling] Burstable QoS pod, one container with cpu &amp; memory requests + limits - decrease memory requests and increase memory limits" classname="Kubernetes e2e suite" status="skipped" time="0">
              <skipped message="skipped"></skipped>
          </testcase>
          <testcase name="[It] [sig-storage] In-tree Volumes [Driver: azure-file] [Testpattern: Inline-volume (ext3)] volumes should allow exec of files on the volume" classname="Kubernetes e2e suite" status="skipped" time="0">
              <skipped message="skipped"></skipped>
          </testcase>
          <testcase name="[It] [sig-storage] In-tree Volumes [Driver: aws] [Testpattern: Dynamic PV (ntfs)] [Feature:Windows] subPath should unmount if pod is force deleted while kubelet is down [Disruptive] [Slow] [LinuxOnly]" classname="Kubernetes e2e suite" status="skipped" time="0">
              <skipped message="skipped"></skipped>
          </testcase>
          <testcase name="[It] [sig-network] Networking Granular Checks: Services should function for node-Service: sctp [Feature:SCTPConnectivity]" classname="Kubernetes e2e suite" status="skipped" time="0">
              <skipped message="skipped"></skipped>
          </testcase>
          <testcase name="[It] [sig-storage] In-tree Volumes [Driver: local] [LocalVolumeType: block] [Testpattern: Pre-provisioned PV (default fs)] subPath should support readOnly directory specified in the volumeMount" classname="Kubernetes e2e suite" status="skipped" time="0">
              <skipped message="skipped"></skipped>
          </testcase>
          <testcase name="[It] [sig-storage] In-tree Volumes [Driver: hostPath] [Testpattern: Dynamic PV (ntfs)] [Feature:Windows] subPath should fail if subpath directory is outside the volume [Slow] [LinuxOnly]" classname="Kubernetes e2e suite" status="skipped" time="0">
              <skipped message="skipped"></skipped>
          </testcase>
          <testcase name="[It] [sig-storage] In-tree Volumes [Driver: local] [LocalVolumeType: dir] [Testpattern: Dynamic PV (ntfs)] [Feature:Windows] subPath should fail if non-existent subpath is outside the volume [Slow] [LinuxOnly]" classname="Kubernetes e2e suite" status="skipped" time="0">
              <skipped message="skipped"></skipped>
          </testcase>
          <testcase name="[It] [sig-storage] In-tree Volumes [Driver: local] [LocalVolumeType: dir-link] [Testpattern: Dynamic PV (default fs)] provisioning should provision storage with pvc data source in parallel [Slow]" classname="Kubernetes e2e suite" status="skipped" time="0">
              <skipped message="skipped"></skipped>
          </testcase>
          <testcase name="[It] [sig-storage] In-tree Volumes [Driver: local] [LocalVolumeType: gce-localssd-scsi-fs] [Serial] [Testpattern: Dynamic PV (ntfs)] [Feature:Windows] provisioning should mount multiple PV pointing to the same storage on the same node" classname="Kubernetes e2e suite" status="skipped" time="0">
              <skipped message="skipped"></skipped>
          </testcase>
          <testcase name="[It] [sig-storage] In-tree Volumes [Driver: local] [LocalVolumeType: dir-link] [Testpattern: Inline-volume (default fs)] volumes should store data" classname="Kubernetes e2e suite" status="skipped" time="0">
              <skipped message="skipped"></skipped>
          </testcase>
          <testcase name="[It] [sig-storage] In-tree Volumes [Driver: local] [LocalVolumeType: blockfs] [Testpattern: Dynamic PV (filesystem volmode)] multiVolume [Slow] should access to two volumes with different volume mode and retain data across pod recreation on different node" classname="Kubernetes e2e suite" status="skipped" time="0">
              <skipped message="skipped"></skipped>
          </testcase>
          <testcase name="[It] [sig-storage] In-tree Volumes [Driver: rbd] [Feature:Volumes] [Serial] [Testpattern: Dynamic PV (block volmode)(allowExpansion)] volume-expand Verify if offline PVC expansion works" classname="Kubernetes e2e suite" status="skipped" time="0">
              <skipped message="skipped"></skipped>
          </testcase>
          <testcase name="[It] [sig-storage] In-tree Volumes [Driver: local] [LocalVolumeType: dir-link-bindmounted] [Testpattern: Dynamic PV (default fs)] subPath should fail if subpath directory is outside the volume [Slow] [LinuxOnly]" classname="Kubernetes e2e suite" status="skipped" time="0">
              <skipped message="skipped"></skipped>
          </testcase>
          <testcase name="[It] [sig-storage] In-tree Volumes [Driver: hostPath] [Testpattern: Dynamic PV (ntfs)] [Feature:Windows] subPath should support restarting containers using file as subpath [Slow] [LinuxOnly]" classname="Kubernetes e2e suite" status="skipped" time="0">
              <skipped message="skipped"></skipped>
          </testcase>
          <testcase name="[It] [sig-storage] In-tree Volumes [Driver: cinder] [Testpattern: Dynamic PV (ntfs)] [Feature:Windows] multiVolume [Slow] should concurrently access the volume and its clone from pods on the same node [LinuxOnly] [Feature:VolumeSourceXFS]" classname="Kubernetes e2e suite" status="skipped" time="0">
              <skipped message="skipped"></skipped>
          </testcase>
          <testcase name="[It] [sig-storage] In-tree Volumes [Driver: vsphere] [Testpattern: Pre-provisioned PV (default fs)] subPath should support readOnly file specified in the volumeMount [LinuxOnly]" classname="Kubernetes e2e suite" status="skipped" time="0">
              <skipped message="skipped"></skipped>
          </testcase>
          <testcase name="[It] [sig-storage] In-tree Volumes [Driver: hostPath] [Testpattern: Pre-provisioned PV (block volmode)] multiVolume [Slow] should access to two volumes with the same volume mode and retain data across pod recreation on different node" classname="Kubernetes e2e suite" status="skipped" time="0">
              <skipped message="skipped"></skipped>
          </testcase>
          <testcase name="[It] [sig-storage] In-tree Volumes [Driver: hostPath] [Testpattern: Dynamic PV (block volmode)] provisioning should provision storage with pvc data source in parallel [Slow]" classname="Kubernetes e2e suite" status="skipped" time="0">
              <skipped message="skipped"></skipped>
          </testcase>
          <testcase name="[It] [sig-storage] CSI Volumes [Driver: pd.csi.storage.gke.io] [Serial] [Testpattern: Pre-provisioned PV (filesystem volmode)] volumeMode should fail to use a volume in a pod with mismatched mode [Slow]" classname="Kubernetes e2e suite" status="skipped" time="0">
              <skipped message="skipped"></skipped>
          </testcase>
          <testcase name="[It] [sig-storage] In-tree Volumes [Driver: local] [LocalVolumeType: block] [Testpattern: Generic Ephemeral-volume (default fs) (late-binding)] ephemeral should create read/write inline ephemeral volume" classname="Kubernetes e2e suite" status="skipped" time="0">
              <skipped message="skipped"></skipped>
          </testcase>
          <testcase name="[It] [sig-storage] In-tree Volumes [Driver: local] [LocalVolumeType: dir] [Testpattern: Dynamic PV (block volmode)] provisioning should provision storage with mount options" classname="Kubernetes e2e suite" status="skipped" time="0">
              <skipped message="skipped"></skipped>
          </testcase>
          <testcase name="[It] [sig-storage] In-tree Volumes [Driver: local] [LocalVolumeType: tmpfs] [Testpattern: Pre-provisioned PV (block volmode)] disruptive [Disruptive] [LinuxOnly] Should test that pv written before kubelet restart is readable after restart." classname="Kubernetes e2e suite" status="skipped" time="0">
              <skipped message="skipped"></skipped>
          </testcase>
          <testcase name="[It] [sig-storage] In-tree Volumes [Driver: vsphere] [Testpattern: Dynamic PV (ntfs)] [Feature:Windows] provisioning should provision correct filesystem size when restoring snapshot to larger size pvc [Feature:VolumeSnapshotDataSource]" classname="Kubernetes e2e suite" status="skipped" time="0">
              <skipped message="skipped"></skipped>
          </testcase>
          <testcase name="[It] [sig-storage] In-tree Volumes [Driver: local] [LocalVolumeType: dir-link-bindmounted] [Testpattern: Inline-volume (default fs)] subPath should support existing directories when readOnly specified in the volumeSource" classname="Kubernetes e2e suite" status="skipped" time="0">
              <skipped message="skipped"></skipped>
          </testcase>
          <testcase name="[It] [sig-storage] In-tree Volumes [Driver: hostPath] [Testpattern: Dynamic PV (default fs)] provisioning should provision storage with pvc data source" classname="Kubernetes e2e suite" status="skipped" time="0">
              <skipped message="skipped"></skipped>
          </testcase>
          <testcase name="[It] [sig-network] Netpol NetworkPolicy between server and client should enforce multiple egress policies with egress allow-all policy taking precedence [Feature:NetworkPolicy]" classname="Kubernetes e2e suite" status="skipped" time="0">
              <skipped message="skipped"></skipped>
          </testcase>
          <testcase name="[It] [sig-cli] Kubectl client Simple pod Kubectl run [Slow] running a failing command without --restart=Never, but with --rm" classname="Kubernetes e2e suite" status="skipped" time="0">
              <skipped message="skipped"></skipped>
          </testcase>
          <testcase name="[It] [sig-storage] In-tree Volumes [Driver: hostPathSymlink] [Testpattern: Dynamic PV (ntfs)] [Feature:Windows] volumes should store data" classname="Kubernetes e2e suite" status="skipped" time="0">
              <skipped message="skipped"></skipped>
          </testcase>
          <testcase name="[It] [sig-storage] In-tree Volumes [Driver: rbd] [Feature:Volumes] [Serial] [Testpattern: Dynamic PV (filesystem volmode)] multiVolume [Slow] should access to two volumes with the same volume mode and retain data across pod recreation on different node" classname="Kubernetes e2e suite" status="skipped" time="0">
              <skipped message="skipped"></skipped>
          </testcase>
          <testcase name="[It] [sig-storage] In-tree Volumes [Driver: cinder] [Testpattern: Dynamic PV (xfs)] [Slow] multiVolume [Slow] should concurrently access the volume and its clone from pods on the same node [LinuxOnly] [Feature:VolumeSourceXFS]" classname="Kubernetes e2e suite" status="skipped" time="0">
              <skipped message="skipped"></skipped>
          </testcase>
          <testcase name="[It] [sig-instrumentation] Events should manage the lifecycle of an event [Conformance]" classname="Kubernetes e2e suite" status="passed" time="0.079833069"></testcase>
          <testcase name="[It] [sig-storage] In-tree Volumes [Driver: emptydir] [Testpattern: Dynamic PV (default fs)] subPath should support readOnly directory specified in the volumeMount" classname="Kubernetes e2e suite" status="skipped" time="0">
              <skipped message="skipped"></skipped>
          </testcase>
          <testcase name="[It] [sig-storage] In-tree Volumes [Driver: azure-file] [Testpattern: Pre-provisioned PV (block volmode)] multiVolume [Slow] should access to two volumes with different volume mode and retain data across pod recreation on different node" classname="Kubernetes e2e suite" status="skipped" time="0">
              <skipped message="skipped"></skipped>
          </testcase>
          <testcase name="[It] [sig-storage] CSI Volumes [Driver: pd.csi.storage.gke.io] [Serial] [Testpattern: CSI Ephemeral-volume (default fs)] ephemeral should create read/write inline ephemeral volume" classname="Kubernetes e2e suite" status="skipped" time="0">
              <skipped message="skipped"></skipped>
          </testcase>
          <testcase name="[It] [sig-storage] In-tree Volumes [Driver: aws] [Testpattern: Pre-provisioned PV (default fs)] subPath should be able to unmount after the subpath directory is deleted [LinuxOnly]" classname="Kubernetes e2e suite" status="skipped" time="0">
              <skipped message="skipped"></skipped>
          </testcase>
          <testcase name="[It] [sig-storage] In-tree Volumes [Driver: local] [LocalVolumeType: blockfs] [Testpattern: Dynamic PV (xfs)] [Slow] volumes should allow exec of files on the volume" classname="Kubernetes e2e suite" status="skipped" time="0">
              <skipped message="skipped"></skipped>
          </testcase>
          <testcase name="[It] [sig-storage] In-tree Volumes [Driver: azure-disk] [Testpattern: Dynamic PV (xfs)] [Slow] multiVolume [Slow] should concurrently access the volume and its clone from pods on the same node [LinuxOnly] [Feature:VolumeSourceXFS]" classname="Kubernetes e2e suite" status="skipped" time="0">
              <skipped message="skipped"></skipped>
          </testcase>
          <testcase name="[It] [sig-storage] Downward API volume should provide container&#39;s cpu request [NodeConformance] [Conformance]" classname="Kubernetes e2e suite" status="passed" time="4.119392491"></testcase>
          <testcase name="[It] [sig-scheduling] SchedulerPredicates [Serial] validates that taints-tolerations is respected if matching" classname="Kubernetes e2e suite" status="skipped" time="0">
              <skipped message="skipped"></skipped>
          </testcase>
          <testcase name="[It] [sig-storage] In-tree Volumes [Driver: nfs] [Testpattern: Inline-volume (default fs)] subPath should verify container cannot write to subpath readonly volumes [Slow]" classname="Kubernetes e2e suite" status="skipped" time="0">
              <skipped message="skipped"></skipped>
          </testcase>
          <testcase name="[It] [sig-storage] In-tree Volumes [Driver: cinder] [Testpattern: Dynamic PV (default fs)] provisioning should provision storage with snapshot data source (ROX mode) [Feature:VolumeSnapshotDataSource]" classname="Kubernetes e2e suite" status="skipped" time="0">
              <skipped message="skipped"></skipped>
          </testcase>
          <testcase name="[It] [sig-storage] In-tree Volumes [Driver: local] [LocalVolumeType: dir-link] [Testpattern: Dynamic PV (block volmode)] multiVolume [Slow] should concurrently access the single read-only volume from pods on the same node" classname="Kubernetes e2e suite" status="skipped" time="0">
              <skipped message="skipped"></skipped>
          </testcase>
          <testcase name="[It] [sig-storage] [Serial] Volume metrics Ephemeral should create volume metrics with the correct FilesystemMode PVC ref" classname="Kubernetes e2e suite" status="skipped" time="0">
              <skipped message="skipped"></skipped>
          </testcase>
          <testcase name="[It] [sig-cloud-provider-gcp] Restart [Disruptive] [KubeUp] should restart all nodes and ensure all nodes and pods recover" classname="Kubernetes e2e suite" status="skipped" time="0">
              <skipped message="skipped"></skipped>
          </testcase>
          <testcase name="[It] [sig-storage] CSI Volumes [Driver: pd.csi.storage.gke.io] [Serial] [Testpattern: Pre-provisioned Snapshot (delete policy)] snapshottable [Feature:VolumeSnapshotDataSource] volume snapshot controller  should check snapshot fields, check restore correctly works after modifying source data, check deletion (persistent)" classname="Kubernetes e2e suite" status="skipped" time="0">
              <skipped message="skipped"></skipped>
          </testcase>
          <testcase name="[It] [sig-storage] [Serial] Volume metrics PVController should create unbound pv count metrics for pvc controller after creating pv only" classname="Kubernetes e2e suite" status="skipped" time="0">
              <skipped message="skipped"></skipped>
          </testcase>
          <testcase name="[It] [sig-storage] In-tree Volumes [Driver: local] [LocalVolumeType: dir-link] [Testpattern: Dynamic PV (default fs)] subPath should support readOnly file specified in the volumeMount [LinuxOnly]" classname="Kubernetes e2e suite" status="skipped" time="0">
              <skipped message="skipped"></skipped>
          </testcase>
          <testcase name="[It] [sig-storage] In-tree Volumes [Driver: local] [LocalVolumeType: tmpfs] [Testpattern: Dynamic PV (default fs)] subPath should be able to unmount after the subpath directory is deleted [LinuxOnly]" classname="Kubernetes e2e suite" status="skipped" time="0">
              <skipped message="skipped"></skipped>
          </testcase>
          <testcase name="[It] [sig-storage] In-tree Volumes [Driver: aws] [Testpattern: Dynamic PV (default fs)] subPath should support existing directories when readOnly specified in the volumeSource" classname="Kubernetes e2e suite" status="skipped" time="0">
              <skipped message="skipped"></skipped>
          </testcase>
          <testcase name="[It] [sig-node] Variable Expansion should verify that a failing subpath expansion can be modified during the lifecycle of a container [Slow] [Conformance]" classname="Kubernetes e2e suite" status="passed" time="154.708949776"></testcase>
          <testcase name="[It] [sig-storage] In-tree Volumes [Driver: emptydir] [Testpattern: Pre-provisioned PV (filesystem volmode)] disruptive [Disruptive] [LinuxOnly] Should test that pv used in a pod that is force deleted while the kubelet is down is usable by a new pod when kubelet returns [Feature:SELinux]" classname="Kubernetes e2e suite" status="skipped" time="0">
              <skipped message="skipped"></skipped>
          </testcase>
          <testcase name="[It] [sig-storage] In-tree Volumes [Driver: cinder] [Testpattern: Dynamic PV (block volmode)] provisioning should provision storage with snapshot data source (ROX mode) [Feature:VolumeSnapshotDataSource]" classname="Kubernetes e2e suite" status="skipped" time="0">
              <skipped message="skipped"></skipped>
          </testcase>
          <testcase name="[It] [sig-storage] In-tree Volumes [Driver: rbd] [Feature:Volumes] [Serial] [Testpattern: Dynamic PV (block volmode)] provisioning should provision storage with mount options" classname="Kubernetes e2e suite" status="skipped" time="0">
              <skipped message="skipped"></skipped>
          </testcase>
          <testcase name="[It] [sig-storage] PersistentVolumes-local [Volume type: dir] One pod requesting one prebound PVC should be able to mount volume and write from pod1" classname="Kubernetes e2e suite" status="skipped" time="0">
              <skipped message="skipped"></skipped>
          </testcase>
          <testcase name="[It] [sig-storage] PersistentVolumes-local [Volume type: gce-localssd-scsi-fs] [Serial] One pod requesting one prebound PVC should be able to mount volume and read from pod1" classname="Kubernetes e2e suite" status="skipped" time="0">
              <skipped message="skipped"></skipped>
          </testcase>
          <testcase name="[It] [sig-storage] In-tree Volumes [Driver: hostPath] [Testpattern: Pre-provisioned PV (ext4)] volumes should allow exec of files on the volume" classname="Kubernetes e2e suite" status="skipped" time="0">
              <skipped message="skipped"></skipped>
          </testcase>
          <testcase name="[It] [sig-storage] CSI Volumes [Driver: pd.csi.storage.gke.io] [Serial] [Testpattern: Inline-volume (ext4)] volumes should allow exec of files on the volume" classname="Kubernetes e2e suite" status="skipped" time="0">
              <skipped message="skipped"></skipped>
          </testcase>
          <testcase name="[It] [sig-storage] In-tree Volumes [Driver: cinder] [Testpattern: Pre-provisioned PV (default fs)] subPath should support existing directory" classname="Kubernetes e2e suite" status="skipped" time="0">
              <skipped message="skipped"></skipped>
          </testcase>
          <testcase name="[It] [sig-storage] In-tree Volumes [Driver: emptydir] [Testpattern: Dynamic PV (xfs)] [Slow] multiVolume [Slow] should concurrently access the single volume from pods on the same node" classname="Kubernetes e2e suite" status="skipped" time="0">
              <skipped message="skipped"></skipped>
          </testcase>
          <testcase name="[It] [sig-storage] In-tree Volumes [Driver: local] [LocalVolumeType: dir-bindmounted] [Testpattern: Dynamic PV (block volmode)] multiVolume [Slow] should concurrently access the single read-only volume from pods on the same node" classname="Kubernetes e2e suite" status="skipped" time="0">
              <skipped message="skipped"></skipped>
          </testcase>
          <testcase name="[It] [sig-storage] In-tree Volumes [Driver: rbd] [Feature:Volumes] [Serial] [Testpattern: Dynamic PV (default fs)] fsgroupchangepolicy (OnRootMismatch)[LinuxOnly], pod created with an initial fsgroup, new pod fsgroup applied to volume contents" classname="Kubernetes e2e suite" status="skipped" time="0">
              <skipped message="skipped"></skipped>
          </testcase>
          <testcase name="[It] [sig-storage] CSI Volumes [Driver: csi-hostpath] [Testpattern: Dynamic PV (default fs)] capacity provides storage capacity information" classname="Kubernetes e2e suite" status="skipped" time="0">
              <skipped message="skipped"></skipped>
          </testcase>
          <testcase name="[It] [sig-node] Container Runtime blackbox test on terminated container should report termination message if TerminationMessagePath is set [NodeConformance]" classname="Kubernetes e2e suite" status="skipped" time="0">
              <skipped message="skipped"></skipped>
          </testcase>
          <testcase name="[It] [sig-storage] In-tree Volumes [Driver: hostPathSymlink] [Testpattern: Dynamic PV (block volmode)] volumeMode should fail to use a volume in a pod with mismatched mode [Slow]" classname="Kubernetes e2e suite" status="skipped" time="0">
              <skipped message="skipped"></skipped>
          </testcase>
          <testcase name="[It] [sig-storage] In-tree Volumes [Driver: local] [LocalVolumeType: gce-localssd-scsi-fs] [Serial] [Testpattern: Dynamic PV (default fs)] subPath should support readOnly file specified in the volumeMount [LinuxOnly]" classname="Kubernetes e2e suite" status="skipped" time="0">
              <skipped message="skipped"></skipped>
          </testcase>
          <testcase name="[It] [sig-storage] In-tree Volumes [Driver: cinder] [Testpattern: Generic Ephemeral-volume (block volmode) (late-binding)] ephemeral should create read/write inline ephemeral volume" classname="Kubernetes e2e suite" status="skipped" time="0">
              <skipped message="skipped"></skipped>
          </testcase>
          <testcase name="[It] [sig-node] DRA [Feature:DynamicResourceAllocation] cluster with delayed allocation and not setting ReservedFor supports external claim referenced by multiple containers of multiple pods" classname="Kubernetes e2e suite" status="skipped" time="0">
              <skipped message="skipped"></skipped>
          </testcase>
          <testcase name="[It] [sig-storage] In-tree Volumes [Driver: local] [LocalVolumeType: dir-link] [Testpattern: Dynamic PV (default fs)] subPath should support readOnly directory specified in the volumeMount" classname="Kubernetes e2e suite" status="skipped" time="0">
              <skipped message="skipped"></skipped>
          </testcase>
          <testcase name="[It] [sig-storage] In-tree Volumes [Driver: azure-file] [Testpattern: Dynamic PV (ntfs)] [Feature:Windows] multiVolume [Slow] should access to two volumes with different volume mode and retain data across pod recreation on different node" classname="Kubernetes e2e suite" status="skipped" time="0">
              <skipped message="skipped"></skipped>
          </testcase>
          <testcase name="[It] [sig-storage] In-tree Volumes [Driver: local] [LocalVolumeType: gce-localssd-scsi-fs] [Serial] [Testpattern: Pre-provisioned PV (filesystem volmode)] multiVolume [Slow] should access to two volumes with the same volume mode and retain data across pod recreation on the same node" classname="Kubernetes e2e suite" status="skipped" time="0">
              <skipped message="skipped"></skipped>
          </testcase>
          <testcase name="[It] [sig-storage] In-tree Volumes [Driver: local] [LocalVolumeType: tmpfs] [Testpattern: Dynamic PV (ext4)] multiVolume [Slow] should concurrently access the single read-only volume from pods on the same node" classname="Kubernetes e2e suite" status="skipped" time="0">
              <skipped message="skipped"></skipped>
          </testcase>
          <testcase name="[It] [sig-storage] CSI Volumes [Driver: csi-hostpath] [Testpattern: Dynamic Snapshot (delete policy)] snapshottable [Feature:VolumeSnapshotDataSource] volume snapshot controller  should check snapshot fields, check restore correctly works, check deletion (ephemeral)" classname="Kubernetes e2e suite" status="skipped" time="0">
              <skipped message="skipped"></skipped>
          </testcase>
          <testcase name="[It] [sig-storage] In-tree Volumes [Driver: local] [LocalVolumeType: blockfs] [Testpattern: Dynamic PV (default fs)] subPath should support readOnly file specified in the volumeMount [LinuxOnly]" classname="Kubernetes e2e suite" status="skipped" time="0">
              <skipped message="skipped"></skipped>
          </testcase>
          <testcase name="[It] [sig-storage] In-tree Volumes [Driver: local] [LocalVolumeType: dir-link] [Testpattern: Dynamic PV (xfs)] [Slow] multiVolume [Slow] should concurrently access the volume and restored snapshot from pods on the same node [LinuxOnly] [Feature:VolumeSnapshotDataSource] [Feature:VolumeSourceXFS]" classname="Kubernetes e2e suite" status="skipped" time="0">
              <skipped message="skipped"></skipped>
          </testcase>
          <testcase name="[It] [sig-storage] HostPath should support r/w [NodeConformance]" classname="Kubernetes e2e suite" status="skipped" time="0">
              <skipped message="skipped"></skipped>
          </testcase>
          <testcase name="[It] [sig-storage] In-tree Volumes [Driver: vsphere] [Testpattern: Pre-provisioned PV (default fs)] subPath should fail if non-existent subpath is outside the volume [Slow] [LinuxOnly]" classname="Kubernetes e2e suite" status="skipped" time="0">
              <skipped message="skipped"></skipped>
          </testcase>
          <testcase name="[It] [sig-node] NodeProblemDetector should run without error" classname="Kubernetes e2e suite" status="skipped" time="0">
              <skipped message="skipped"></skipped>
          </testcase>
          <testcase name="[It] [sig-storage] In-tree Volumes [Driver: azure-file] [Testpattern: Pre-provisioned PV (default fs)] subPath should support readOnly file specified in the volumeMount [LinuxOnly]" classname="Kubernetes e2e suite" status="skipped" time="0">
              <skipped message="skipped"></skipped>
          </testcase>
          <testcase name="[It] [sig-autoscaling] [Feature:HPA] Horizontal pod autoscaling (scale resource: CPU) [Serial] [Slow] ReplicationController Should scale from 1 pod to 3 pods and then from 3 pods to 5 pods and verify decision stability" classname="Kubernetes e2e suite" status="skipped" time="0">
              <skipped message="skipped"></skipped>
          </testcase>
          <testcase name="[It] [sig-storage] In-tree Volumes [Driver: rbd] [Feature:Volumes] [Serial] [Testpattern: Pre-provisioned PV (block volmode)] multiVolume [Slow] should concurrently access the single volume from pods on the same node" classname="Kubernetes e2e suite" status="skipped" time="0">
              <skipped message="skipped"></skipped>
          </testcase>
          <testcase name="[It] [sig-storage] In-tree Volumes [Driver: local] [LocalVolumeType: dir-bindmounted] [Testpattern: Pre-provisioned PV (default fs)] subPath should support file as subpath [LinuxOnly]" classname="Kubernetes e2e suite" status="skipped" time="0">
              <skipped message="skipped"></skipped>
          </testcase>
          <testcase name="[It] [sig-storage] In-tree Volumes [Driver: local] [LocalVolumeType: tmpfs] [Testpattern: Dynamic PV (ntfs)] [Feature:Windows] subPath should support restarting containers using directory as subpath [Slow]" classname="Kubernetes e2e suite" status="skipped" time="0">
              <skipped message="skipped"></skipped>
          </testcase>
          <testcase name="[It] [sig-autoscaling] [Feature:HPA] [Serial] [Slow] Horizontal pod autoscaling (non-default behavior) with both scale up and down controls configured should keep recommendation within the range over two stabilization windows" classname="Kubernetes e2e suite" status="skipped" time="0">
              <skipped message="skipped"></skipped>
          </testcase>
          <testcase name="[It] [sig-storage] In-tree Volumes [Driver: local] [LocalVolumeType: tmpfs] [Testpattern: Inline-volume (default fs)] subPath should support readOnly file specified in the volumeMount [LinuxOnly]" classname="Kubernetes e2e suite" status="skipped" time="0">
              <skipped message="skipped"></skipped>
          </testcase>
          <testcase name="[It] [sig-storage] In-tree Volumes [Driver: vsphere] [Testpattern: Pre-provisioned PV (filesystem volmode)] multiVolume [Slow] should access to two volumes with different volume mode and retain data across pod recreation on the same node" classname="Kubernetes e2e suite" status="skipped" time="0">
              <skipped message="skipped"></skipped>
          </testcase>
          <testcase name="[It] [sig-storage] In-tree Volumes [Driver: vsphere] [Testpattern: Generic Ephemeral-volume (default fs) (immediate-binding)] ephemeral should support multiple inline ephemeral volumes" classname="Kubernetes e2e suite" status="skipped" time="0">
              <skipped message="skipped"></skipped>
          </testcase>
          <testcase name="[It] [sig-storage] CSI Volumes [Driver: pd.csi.storage.gke.io] [Serial] [Testpattern: Generic Ephemeral-volume (block volmode) (late-binding)] ephemeral should support two pods which have the same volume definition" classname="Kubernetes e2e suite" status="skipped" time="0">
              <skipped message="skipped"></skipped>
          </testcase>
          <testcase name="[It] [sig-storage] In-tree Volumes [Driver: emptydir] [Testpattern: Generic Ephemeral-volume (default fs) (late-binding)] ephemeral should create read/write inline ephemeral volume" classname="Kubernetes e2e suite" status="skipped" time="0">
              <skipped message="skipped"></skipped>
          </testcase>
          <testcase name="[It] [sig-storage] In-tree Volumes [Driver: azure-disk] [Testpattern: Dynamic PV (filesystem volmode)] disruptive [Disruptive] [LinuxOnly] Should test that pv used in a pod that is force deleted while the kubelet is down is usable by a new pod with a different SELinux context when kubelet returns [Feature:SELinux]" classname="Kubernetes e2e suite" status="skipped" time="0">
              <skipped message="skipped"></skipped>
          </testcase>
          <testcase name="[It] [sig-storage] In-tree Volumes [Driver: rbd] [Feature:Volumes] [Serial] [Testpattern: Dynamic PV (default fs)] subPath should fail if non-existent subpath is outside the volume [Slow] [LinuxOnly]" classname="Kubernetes e2e suite" status="skipped" time="0">
              <skipped message="skipped"></skipped>
          </testcase>
          <testcase name="[It] [sig-storage] In-tree Volumes [Driver: vsphere] [Testpattern: Generic Ephemeral-volume (default fs) (late-binding)] ephemeral should support multiple inline ephemeral volumes" classname="Kubernetes e2e suite" status="skipped" time="0">
              <skipped message="skipped"></skipped>
          </testcase>
          <testcase name="[It] [sig-storage] In-tree Volumes [Driver: nfs] [Testpattern: Dynamic PV (xfs)] [Slow] multiVolume [Slow] should concurrently access the single volume from pods on the same node" classname="Kubernetes e2e suite" status="skipped" time="0">
              <skipped message="skipped"></skipped>
          </testcase>
          <testcase name="[It] [sig-storage] In-tree Volumes [Driver: hostPath] [Testpattern: Dynamic PV (delayed binding)] topology should provision a volume and schedule a pod with AllowedTopologies" classname="Kubernetes e2e suite" status="skipped" time="0">
              <skipped message="skipped"></skipped>
          </testcase>
          <testcase name="[It] [sig-storage] In-tree Volumes [Driver: cinder] [Testpattern: Dynamic PV (block volmode)] multiVolume [Slow] should access to two volumes with different volume mode and retain data across pod recreation on the same node" classname="Kubernetes e2e suite" status="skipped" time="0">
              <skipped message="skipped"></skipped>
          </testcase>
          <testcase name="[It] [sig-storage] In-tree Volumes [Driver: ceph] [Feature:Volumes] [Serial] [Testpattern: Inline-volume (default fs)] subPath should support readOnly directory specified in the volumeMount" classname="Kubernetes e2e suite" status="skipped" time="0">
              <skipped message="skipped"></skipped>
          </testcase>
          <testcase name="[It] [sig-storage] In-tree Volumes [Driver: ceph] [Feature:Volumes] [Serial] [Testpattern: Dynamic PV (default fs)] subPath should fail if non-existent subpath is outside the volume [Slow] [LinuxOnly]" classname="Kubernetes e2e suite" status="skipped" time="0">
              <skipped message="skipped"></skipped>
          </testcase>
          <testcase name="[It] [sig-storage] HostPathType File [Slow] Should fail on mounting file &#39;afile&#39; when HostPathType is HostPathBlockDev" classname="Kubernetes e2e suite" status="skipped" time="0">
              <skipped message="skipped"></skipped>
          </testcase>
          <testcase name="[It] [sig-storage] CSI Volumes [Driver: pd.csi.storage.gke.io] [Serial] [Testpattern: Pre-provisioned PV (block volmode)] multiVolume [Slow] should access to two volumes with different volume mode and retain data across pod recreation on different node" classname="Kubernetes e2e suite" status="skipped" time="0">
              <skipped message="skipped"></skipped>
          </testcase>
          <testcase name="[It] [sig-storage] In-tree Volumes [Driver: azure-disk] [Testpattern: Dynamic PV (block volmode)] provisioning should provision correct filesystem size when restoring snapshot to larger size pvc [Feature:VolumeSnapshotDataSource]" classname="Kubernetes e2e suite" status="skipped" time="0">
              <skipped message="skipped"></skipped>
          </testcase>
          <testcase name="[It] [sig-storage] In-tree Volumes [Driver: iscsi] [Feature:Volumes] [Testpattern: Dynamic PV (ntfs)(allowExpansion)] [Feature:Windows] volume-expand should resize volume when PVC is edited while pod is using it" classname="Kubernetes e2e suite" status="skipped" time="0">
              <skipped message="skipped"></skipped>
          </testcase>
          <testcase name="[It] [sig-storage] In-tree Volumes [Driver: local] [LocalVolumeType: tmpfs] [Testpattern: Inline-volume (default fs)] subPath should support existing directories when readOnly specified in the volumeSource" classname="Kubernetes e2e suite" status="skipped" time="0">
              <skipped message="skipped"></skipped>
          </testcase>
          <testcase name="[It] [sig-storage] In-tree Volumes [Driver: ceph] [Feature:Volumes] [Serial] [Testpattern: Dynamic PV (ntfs)] [Feature:Windows] subPath should support creating multiple subpath from same volumes [Slow]" classname="Kubernetes e2e suite" status="skipped" time="0">
              <skipped message="skipped"></skipped>
          </testcase>
          <testcase name="[It] [sig-storage] In-tree Volumes [Driver: local] [LocalVolumeType: tmpfs] [Testpattern: Dynamic PV (block volmode)] provisioning should provision storage with snapshot data source (ROX mode) [Feature:VolumeSnapshotDataSource]" classname="Kubernetes e2e suite" status="skipped" time="0">
              <skipped message="skipped"></skipped>
          </testcase>
          <testcase name="[It] [sig-storage] In-tree Volumes [Driver: hostPath] [Testpattern: Pre-provisioned PV (filesystem volmode)] disruptive [Disruptive] [LinuxOnly] Should test that pv used in a pod that is force deleted while the kubelet is down is usable by a new pod when kubelet returns [Feature:SELinux]" classname="Kubernetes e2e suite" status="skipped" time="0">
              <skipped message="skipped"></skipped>
          </testcase>
          <testcase name="[It] [sig-storage] In-tree Volumes [Driver: local] [LocalVolumeType: block] [Testpattern: Dynamic PV (filesystem volmode)] multiVolume [Slow] should concurrently access the single volume from pods on different node" classname="Kubernetes e2e suite" status="skipped" time="0">
              <skipped message="skipped"></skipped>
          </testcase>
          <testcase name="[It] [sig-storage] In-tree Volumes [Driver: local] [LocalVolumeType: dir] [Testpattern: Inline-volume (default fs)] subPath should support existing single file [LinuxOnly]" classname="Kubernetes e2e suite" status="skipped" time="0">
              <skipped message="skipped"></skipped>
          </testcase>
          <testcase name="[It] [sig-apps] Deployment should not disrupt a cloud load-balancer&#39;s connectivity during rollout" classname="Kubernetes e2e suite" status="skipped" time="0">
              <skipped message="skipped"></skipped>
          </testcase>
          <testcase name="[It] [sig-autoscaling] Cluster size autoscaling [Slow] Shouldn&#39;t perform scale up operation and should list unhealthy status if most of the cluster is broken [Feature:ClusterSizeAutoscalingScaleUp]" classname="Kubernetes e2e suite" status="skipped" time="0">
              <skipped message="skipped"></skipped>
          </testcase>
          <testcase name="[It] [sig-storage] In-tree Volumes [Driver: vsphere] [Testpattern: Dynamic PV (default fs)(allowExpansion)] volume-expand should resize volume when PVC is edited while pod is using it" classname="Kubernetes e2e suite" status="skipped" time="0">
              <skipped message="skipped"></skipped>
          </testcase>
          <testcase name="[It] [sig-storage] In-tree Volumes [Driver: ceph] [Feature:Volumes] [Serial] [Testpattern: Dynamic PV (block volmode)] volume-expand should not allow expansion of pvcs without AllowVolumeExpansion property" classname="Kubernetes e2e suite" status="skipped" time="0">
              <skipped message="skipped"></skipped>
          </testcase>
          <testcase name="[It] [sig-apps] Job Using a pod failure policy to not count some failures towards the backoffLimit Ignore DisruptionTarget condition" classname="Kubernetes e2e suite" status="skipped" time="0">
              <skipped message="skipped"></skipped>
          </testcase>
          <testcase name="[It] [sig-storage] In-tree Volumes [Driver: hostPath] [Testpattern: Pre-provisioned PV (block volmode)] multiVolume [Slow] should concurrently access the single volume from pods on different node" classname="Kubernetes e2e suite" status="skipped" time="0">
              <skipped message="skipped"></skipped>
          </testcase>
          <testcase name="[It] [sig-storage] In-tree Volumes [Driver: aws] [Testpattern: Generic Ephemeral-volume (default fs) (immediate-binding)] ephemeral should create read-only inline ephemeral volume" classname="Kubernetes e2e suite" status="skipped" time="0">
              <skipped message="skipped"></skipped>
          </testcase>
          <testcase name="[It] [sig-storage] CSI Volumes [Driver: pd.csi.storage.gke.io] [Serial] [Testpattern: Dynamic PV (block volmode)] provisioning should mount multiple PV pointing to the same storage on the same node" classname="Kubernetes e2e suite" status="skipped" time="0">
              <skipped message="skipped"></skipped>
          </testcase>
          <testcase name="[It] [sig-storage] In-tree Volumes [Driver: ceph] [Feature:Volumes] [Serial] [Testpattern: Pre-provisioned PV (block volmode)] multiVolume [Slow] should concurrently access the single volume from pods on different node" classname="Kubernetes e2e suite" status="skipped" time="0">
              <skipped message="skipped"></skipped>
          </testcase>
          <testcase name="[It] [sig-storage] In-tree Volumes [Driver: hostPathSymlink] [Testpattern: Pre-provisioned PV (default fs)] subPath should support restarting containers using file as subpath [Slow] [LinuxOnly]" classname="Kubernetes e2e suite" status="skipped" time="0">
              <skipped message="skipped"></skipped>
          </testcase>
          <testcase name="[It] [sig-storage] In-tree Volumes [Driver: cinder] [Testpattern: Dynamic PV (block volmode)] provisioning should mount multiple PV pointing to the same storage on the same node" classname="Kubernetes e2e suite" status="skipped" time="0">
              <skipped message="skipped"></skipped>
          </testcase>
          <testcase name="[It] [sig-storage] In-tree Volumes [Driver: local] [LocalVolumeType: tmpfs] [Testpattern: Dynamic PV (ntfs)] [Feature:Windows] subPath should fail if subpath directory is outside the volume [Slow] [LinuxOnly]" classname="Kubernetes e2e suite" status="skipped" time="0">
              <skipped message="skipped"></skipped>
          </testcase>
          <testcase name="[It] [sig-storage] PersistentVolumes-local [Volume type: block] Two pods mounting a local volume one after the other should be able to write from pod1 and read from pod2" classname="Kubernetes e2e suite" status="skipped" time="0">
              <skipped message="skipped"></skipped>
          </testcase>
          <testcase name="[It] [sig-storage] In-tree Volumes [Driver: nfs] [Testpattern: Dynamic PV (filesystem volmode)] disruptive [Disruptive] [LinuxOnly] Should test that pv used in a pod that is deleted while the kubelet is down is usable by a new pod when kubelet returns [Feature:SELinux]" classname="Kubernetes e2e suite" status="skipped" time="0">
              <skipped message="skipped"></skipped>
          </testcase>
          <testcase name="[It] [sig-storage] CSI Volumes [Driver: pd.csi.storage.gke.io] [Serial] [Testpattern: Inline-volume (default fs)] subPath should unmount if pod is gracefully deleted while kubelet is down [Disruptive] [Slow] [LinuxOnly]" classname="Kubernetes e2e suite" status="skipped" time="0">
              <skipped message="skipped"></skipped>
          </testcase>
          <testcase name="[It] [sig-storage] In-tree Volumes [Driver: aws] [Testpattern: Dynamic PV (filesystem volmode)] volumeMode should fail to use a volume in a pod with mismatched mode [Slow]" classname="Kubernetes e2e suite" status="skipped" time="0">
              <skipped message="skipped"></skipped>
          </testcase>
          <testcase name="[It] [sig-storage] In-tree Volumes [Driver: hostPathSymlink] [Testpattern: Dynamic PV (ntfs)] [Feature:Windows] volume-expand should not allow expansion of pvcs without AllowVolumeExpansion property" classname="Kubernetes e2e suite" status="skipped" time="0">
              <skipped message="skipped"></skipped>
          </testcase>
          <testcase name="[It] [sig-storage] In-tree Volumes [Driver: aws] [Testpattern: Dynamic PV (delayed binding)] topology should fail to schedule a pod which has topologies that conflict with AllowedTopologies" classname="Kubernetes e2e suite" status="skipped" time="0">
              <skipped message="skipped"></skipped>
          </testcase>
          <testcase name="[It] [sig-auth] ServiceAccounts should update a ServiceAccount [Conformance]" classname="Kubernetes e2e suite" status="passed" time="0.05204681"></testcase>
          <testcase name="[It] [sig-storage] In-tree Volumes [Driver: ceph] [Feature:Volumes] [Serial] [Testpattern: Generic Ephemeral-volume (block volmode) (late-binding)] ephemeral should support expansion of pvcs created for ephemeral pvcs" classname="Kubernetes e2e suite" status="skipped" time="0">
              <skipped message="skipped"></skipped>
          </testcase>
          <testcase name="[It] [sig-storage] In-tree Volumes [Driver: aws] [Testpattern: Dynamic PV (filesystem volmode)] multiVolume [Slow] should concurrently access the single volume from pods on different node" classname="Kubernetes e2e suite" status="skipped" time="0">
              <skipped message="skipped"></skipped>
          </testcase>
          <testcase name="[It] [sig-storage] In-tree Volumes [Driver: hostPathSymlink] [Testpattern: Pre-provisioned PV (block volmode)] volumeMode should fail to use a volume in a pod with mismatched mode [Slow]" classname="Kubernetes e2e suite" status="skipped" time="0">
              <skipped message="skipped"></skipped>
          </testcase>
          <testcase name="[It] [sig-api-machinery] Server request timeout should return HTTP status code 400 if the user specifies an invalid timeout in the request URL" classname="Kubernetes e2e suite" status="skipped" time="0">
              <skipped message="skipped"></skipped>
          </testcase>
          <testcase name="[It] [sig-storage] CSI Volumes [Driver: csi-hostpath] [Testpattern: Inline-volume (default fs)] subPath should support creating multiple subpath from same volumes [Slow]" classname="Kubernetes e2e suite" status="skipped" time="0">
              <skipped message="skipped"></skipped>
          </testcase>
          <testcase name="[It] [sig-storage] In-tree Volumes [Driver: vsphere] [Testpattern: Dynamic PV (ntfs)] [Feature:Windows] subPath should fail if non-existent subpath is outside the volume [Slow] [LinuxOnly]" classname="Kubernetes e2e suite" status="skipped" time="0">
              <skipped message="skipped"></skipped>
          </testcase>
          <testcase name="[It] [sig-storage] In-tree Volumes [Driver: local] [LocalVolumeType: dir] [Testpattern: Generic Ephemeral-volume (block volmode) (late-binding)] ephemeral should support multiple inline ephemeral volumes" classname="Kubernetes e2e suite" status="skipped" time="0">
              <skipped message="skipped"></skipped>
          </testcase>
          <testcase name="[It] [sig-storage] PersistentVolumes-local [Volume type: tmpfs] Set fsGroup for local volume should set different fsGroup for second pod if first pod is deleted [Flaky]" classname="Kubernetes e2e suite" status="skipped" time="0">
              <skipped message="skipped"></skipped>
          </testcase>
          <testcase name="[It] [sig-storage] CSI Volumes [Driver: pd.csi.storage.gke.io] [Serial] [Testpattern: Dynamic Snapshot (delete policy)] snapshottable [Feature:VolumeSnapshotDataSource] volume snapshot controller  should check snapshot fields, check restore correctly works, check deletion (ephemeral)" classname="Kubernetes e2e suite" status="skipped" time="0">
              <skipped message="skipped"></skipped>
          </testcase>
          <testcase name="[It] [sig-storage] In-tree Volumes [Driver: emptydir] [Testpattern: Dynamic PV (ext4)] multiVolume [Slow] should concurrently access the volume and its clone from pods on the same node [LinuxOnly] [Feature:VolumeSourceXFS]" classname="Kubernetes e2e suite" status="skipped" time="0">
              <skipped message="skipped"></skipped>
          </testcase>
          <testcase name="[It] [sig-node] Pod InPlace Resize Container [Feature:InPlacePodVerticalScaling] Burstable QoS pod, one container with cpu &amp; memory requests + limits - increase CPU limits only" classname="Kubernetes e2e suite" status="skipped" time="0">
              <skipped message="skipped"></skipped>
          </testcase>
          <testcase name="[It] [sig-storage] In-tree Volumes [Driver: aws] [Testpattern: Dynamic PV (ext4)] volumes should store data" classname="Kubernetes e2e suite" status="skipped" time="0">
              <skipped message="skipped"></skipped>
          </testcase>
          <testcase name="[It] [sig-storage] In-tree Volumes [Driver: local] [LocalVolumeType: dir-link] [Testpattern: Dynamic PV (ntfs)] [Feature:Windows] subPath should fail if subpath directory is outside the volume [Slow] [LinuxOnly]" classname="Kubernetes e2e suite" status="skipped" time="0">
              <skipped message="skipped"></skipped>
          </testcase>
          <testcase name="[It] [sig-storage] In-tree Volumes [Driver: ceph] [Feature:Volumes] [Serial] [Testpattern: Dynamic PV (ntfs)] [Feature:Windows] provisioning should provision correct filesystem size when restoring snapshot to larger size pvc [Feature:VolumeSnapshotDataSource]" classname="Kubernetes e2e suite" status="skipped" time="0">
              <skipped message="skipped"></skipped>
          </testcase>
          <testcase name="[It] [sig-api-machinery] ResourceQuota [Feature:PodPriority] should verify ResourceQuota&#39;s priority class scope (quota set to pod count: 1) against a pod with different priority class (ScopeSelectorOpNotIn)." classname="Kubernetes e2e suite" status="skipped" time="0">
              <skipped message="skipped"></skipped>
          </testcase>
          <testcase name="[It] [sig-storage] PersistentVolumes-local [Volume type: dir-link-bindmounted] One pod requesting one prebound PVC should be able to mount volume and write from pod1" classname="Kubernetes e2e suite" status="skipped" time="0">
              <skipped message="skipped"></skipped>
          </testcase>
          <testcase name="[It] [sig-storage] In-tree Volumes [Driver: emptydir] [Testpattern: Pre-provisioned PV (block volmode)] multiVolume [Slow] should access to two volumes with the same volume mode and retain data across pod recreation on the same node" classname="Kubernetes e2e suite" status="skipped" time="0">
              <skipped message="skipped"></skipped>
          </testcase>
          <testcase name="[It] [sig-storage] In-tree Volumes [Driver: nfs] [Testpattern: Pre-provisioned PV (filesystem volmode)] disruptive [Disruptive] [LinuxOnly] Should test that pv used in a pod that is deleted while the kubelet is down is usable by a new pod when kubelet returns [Feature:SELinux]" classname="Kubernetes e2e suite" status="skipped" time="0">
              <skipped message="skipped"></skipped>
          </testcase>
          <testcase name="[It] [sig-cli] Kubectl client Kubectl label should update the label on a resource [Conformance]" classname="Kubernetes e2e suite" status="passed" time="4.84728296"></testcase>
          <testcase name="[It] [sig-storage] In-tree Volumes [Driver: aws] [Testpattern: Dynamic PV (default fs)] fsgroupchangepolicy (Always)[LinuxOnly], pod created with an initial fsgroup, new pod fsgroup applied to volume contents" classname="Kubernetes e2e suite" status="skipped" time="0">
              <skipped message="skipped"></skipped>
          </testcase>
          <testcase name="[It] [sig-node] DRA [Feature:DynamicResourceAllocation] kubelet registers plugin" classname="Kubernetes e2e suite" status="skipped" time="0">
              <skipped message="skipped"></skipped>
          </testcase>
          <testcase name="[It] [sig-storage] In-tree Volumes [Driver: emptydir] [Testpattern: Dynamic PV (default fs)] fsgroupchangepolicy (OnRootMismatch)[LinuxOnly], pod created with an initial fsgroup, new pod fsgroup applied to volume contents" classname="Kubernetes e2e suite" status="skipped" time="0">
              <skipped message="skipped"></skipped>
          </testcase>
          <testcase name="[It] [sig-storage] In-tree Volumes [Driver: ceph] [Feature:Volumes] [Serial] [Testpattern: Dynamic PV (ntfs)] [Feature:Windows] subPath should support file as subpath [LinuxOnly]" classname="Kubernetes e2e suite" status="skipped" time="0">
              <skipped message="skipped"></skipped>
          </testcase>
          <testcase name="[It] [sig-storage] In-tree Volumes [Driver: iscsi] [Feature:Volumes] [Testpattern: Dynamic PV (default fs)] subPath should support readOnly file specified in the volumeMount [LinuxOnly]" classname="Kubernetes e2e suite" status="skipped" time="0">
              <skipped message="skipped"></skipped>
          </testcase>
          <testcase name="[It] [sig-storage] HostPathType File [Slow] Should fail on mounting file &#39;afile&#39; when HostPathType is HostPathCharDev" classname="Kubernetes e2e suite" status="skipped" time="0">
              <skipped message="skipped"></skipped>
          </testcase>
          <testcase name="[It] [sig-storage] In-tree Volumes [Driver: hostPath] [Testpattern: Dynamic PV (filesystem volmode)] disruptive [Disruptive] [LinuxOnly] Should test that pv used in a pod that is force deleted while the kubelet is down is usable by a new pod with a different SELinux context when kubelet returns [Feature:SELinux]" classname="Kubernetes e2e suite" status="skipped" time="0">
              <skipped message="skipped"></skipped>
          </testcase>
          <testcase name="[It] [sig-storage] In-tree Volumes [Driver: iscsi] [Feature:Volumes] [Testpattern: Dynamic PV (ntfs)] [Feature:Windows] subPath should fail if subpath file is outside the volume [Slow] [LinuxOnly]" classname="Kubernetes e2e suite" status="skipped" time="0">
              <skipped message="skipped"></skipped>
          </testcase>
          <testcase name="[It] [sig-storage] In-tree Volumes [Driver: local] [LocalVolumeType: dir-link-bindmounted] [Testpattern: Dynamic PV (default fs)] fsgroupchangepolicy (OnRootMismatch)[LinuxOnly], pod created with an initial fsgroup, new pod fsgroup applied to volume contents" classname="Kubernetes e2e suite" status="skipped" time="0">
              <skipped message="skipped"></skipped>
          </testcase>
          <testcase name="[It] [sig-storage] Zone Support [Feature:vsphere] Verify a pod is created and attached to a dynamically created PV, based on the allowed zones specified in storage class when the datastore under the zone is present in another datacenter" classname="Kubernetes e2e suite" status="skipped" time="0">
              <skipped message="skipped"></skipped>
          </testcase>
          <testcase name="[It] [sig-cli] Kubectl client Simple pod should return command exit codes execing into a container with a failing command" classname="Kubernetes e2e suite" status="skipped" time="0">
              <skipped message="skipped"></skipped>
          </testcase>
          <testcase name="[It] [sig-storage] In-tree Volumes [Driver: azure-file] [Testpattern: Pre-provisioned PV (default fs)] subPath should be able to unmount after the subpath directory is deleted [LinuxOnly]" classname="Kubernetes e2e suite" status="skipped" time="0">
              <skipped message="skipped"></skipped>
          </testcase>
          <testcase name="[It] [sig-storage] In-tree Volumes [Driver: aws] [Testpattern: Pre-provisioned PV (default fs)] subPath should verify container cannot write to subpath readonly volumes [Slow]" classname="Kubernetes e2e suite" status="skipped" time="0">
              <skipped message="skipped"></skipped>
          </testcase>
          <testcase name="[It] [sig-storage] In-tree Volumes [Driver: local] [LocalVolumeType: blockfs] [Testpattern: Dynamic PV (filesystem volmode)] multiVolume [Slow] should access to two volumes with the same volume mode and retain data across pod recreation on the same node" classname="Kubernetes e2e suite" status="skipped" time="0">
              <skipped message="skipped"></skipped>
          </testcase>
          <testcase name="[It] [sig-storage] In-tree Volumes [Driver: local] [LocalVolumeType: block] [Testpattern: Dynamic PV (ntfs)] [Feature:Windows] volume-expand should not allow expansion of pvcs without AllowVolumeExpansion property" classname="Kubernetes e2e suite" status="skipped" time="0">
              <skipped message="skipped"></skipped>
          </testcase>
          <testcase name="[It] [sig-node] Security Context when if the container&#39;s primary UID belongs to some groups in the image [LinuxOnly] should add pod.Spec.SecurityContext.SupplementalGroups to them [LinuxOnly] in resultant supplementary groups for the container processes" classname="Kubernetes e2e suite" status="skipped" time="0">
              <skipped message="skipped"></skipped>
          </testcase>
          <testcase name="[It] [sig-storage] In-tree Volumes [Driver: vsphere] [Testpattern: Dynamic PV (ntfs)] [Feature:Windows] subPath should support creating multiple subpath from same volumes [Slow]" classname="Kubernetes e2e suite" status="skipped" time="0">
              <skipped message="skipped"></skipped>
          </testcase>
          <testcase name="[It] [sig-storage] In-tree Volumes [Driver: azure-disk] [Testpattern: Dynamic PV (ntfs)] [Feature:Windows] volumeIO should write files of various sizes, verify size, validate content [Slow]" classname="Kubernetes e2e suite" status="skipped" time="0">
              <skipped message="skipped"></skipped>
          </testcase>
          <testcase name="[It] [sig-storage] In-tree Volumes [Driver: local] [LocalVolumeType: dir-bindmounted] [Testpattern: Dynamic PV (default fs)] provisioning should provision storage with mount options" classname="Kubernetes e2e suite" status="skipped" time="0">
              <skipped message="skipped"></skipped>
          </testcase>
          <testcase name="[It] [sig-apps] TTLAfterFinished job should be deleted once it finishes after TTL seconds" classname="Kubernetes e2e suite" status="skipped" time="0">
              <skipped message="skipped"></skipped>
          </testcase>
          <testcase name="[It] [sig-instrumentation] Events API should delete a collection of events [Conformance]" classname="Kubernetes e2e suite" status="passed" time="0.075750862"></testcase>
          <testcase name="[It] [sig-node] Probing container should *not* be restarted by liveness probe because startup probe delays it" classname="Kubernetes e2e suite" status="skipped" time="0">
              <skipped message="skipped"></skipped>
          </testcase>
          <testcase name="[It] [sig-storage] CSI Volumes [Driver: csi-hostpath] [Testpattern: Dynamic PV (default fs)] subPath should fail if non-existent subpath is outside the volume [Slow] [LinuxOnly]" classname="Kubernetes e2e suite" status="skipped" time="0">
              <skipped message="skipped"></skipped>
          </testcase>
          <testcase name="[It] [sig-storage] In-tree Volumes [Driver: local] [LocalVolumeType: dir-bindmounted] [Testpattern: Pre-provisioned PV (default fs)] volumes should allow exec of files on the volume" classname="Kubernetes e2e suite" status="skipped" time="0">
              <skipped message="skipped"></skipped>
          </testcase>
          <testcase name="[It] [sig-storage] Downward API volume should provide podname as non-root with fsgroup and defaultMode [LinuxOnly] [NodeFeature:FSGroup]" classname="Kubernetes e2e suite" status="skipped" time="0">
              <skipped message="skipped"></skipped>
          </testcase>
          <testcase name="[It] [sig-storage] In-tree Volumes [Driver: nfs] [Testpattern: Pre-provisioned PV (block volmode)] multiVolume [Slow] should access to two volumes with the same volume mode and retain data across pod recreation on the same node" classname="Kubernetes e2e suite" status="skipped" time="0">
              <skipped message="skipped"></skipped>
          </testcase>
          <testcase name="[It] [sig-storage] In-tree Volumes [Driver: aws] [Testpattern: Pre-provisioned PV (default fs)] subPath should unmount if pod is force deleted while kubelet is down [Disruptive] [Slow] [LinuxOnly]" classname="Kubernetes e2e suite" status="skipped" time="0">
              <skipped message="skipped"></skipped>
          </testcase>
          <testcase name="[It] [sig-storage] In-tree Volumes [Driver: vsphere] [Testpattern: Inline-volume (default fs)] subPath should fail if subpath file is outside the volume [Slow] [LinuxOnly]" classname="Kubernetes e2e suite" status="skipped" time="0">
              <skipped message="skipped"></skipped>
          </testcase>
          <testcase name="[It] [sig-storage] In-tree Volumes [Driver: hostPath] [Testpattern: Dynamic PV (default fs)] capacity provides storage capacity information" classname="Kubernetes e2e suite" status="skipped" time="0">
              <skipped message="skipped"></skipped>
          </testcase>
          <testcase name="[It] [sig-node] Security Context When creating a pod with privileged should run the container as unprivileged when false [LinuxOnly] [NodeConformance] [Conformance]" classname="Kubernetes e2e suite" status="passed" time="4.091119893"></testcase>
          <testcase name="[It] [sig-network] DNS should support configurable pod DNS nameservers [Conformance]" classname="Kubernetes e2e suite" status="passed" time="2.351287517"></testcase>
          <testcase name="[It] [sig-storage] In-tree Volumes [Driver: ceph] [Feature:Volumes] [Serial] [Testpattern: Inline-volume (ext3)] volumes should store data" classname="Kubernetes e2e suite" status="skipped" time="0">
              <skipped message="skipped"></skipped>
          </testcase>
          <testcase name="[It] [sig-storage] In-tree Volumes [Driver: vsphere] [Testpattern: Dynamic PV (default fs)] provisioning should mount multiple PV pointing to the same storage on the same node" classname="Kubernetes e2e suite" status="skipped" time="0">
              <skipped message="skipped"></skipped>
          </testcase>
          <testcase name="[It] [sig-storage] In-tree Volumes [Driver: local] [LocalVolumeType: block] [Testpattern: Dynamic PV (xfs)] [Slow] volumes should store data" classname="Kubernetes e2e suite" status="skipped" time="0">
              <skipped message="skipped"></skipped>
          </testcase>
          <testcase name="[It] [sig-storage] In-tree Volumes [Driver: azure-disk] [Testpattern: Dynamic PV (block volmode)] multiVolume [Slow] should access to two volumes with different volume mode and retain data across pod recreation on different node" classname="Kubernetes e2e suite" status="skipped" time="0">
              <skipped message="skipped"></skipped>
          </testcase>
          <testcase name="[It] [sig-storage] In-tree Volumes [Driver: iscsi] [Feature:Volumes] [Testpattern: Generic Ephemeral-volume (block volmode) (late-binding)] ephemeral should create read/write inline ephemeral volume" classname="Kubernetes e2e suite" status="skipped" time="0">
              <skipped message="skipped"></skipped>
          </testcase>
          <testcase name="[It] [sig-storage] In-tree Volumes [Driver: local] [LocalVolumeType: dir-link] [Testpattern: Pre-provisioned PV (block volmode)] disruptive [Disruptive] [LinuxOnly] Should test that pv written before kubelet restart is readable after restart." classname="Kubernetes e2e suite" status="skipped" time="0">
              <skipped message="skipped"></skipped>
          </testcase>
          <testcase name="[It] [sig-node] Probing container should *not* be restarted with a GRPC liveness probe [NodeConformance] [Conformance]" classname="Kubernetes e2e suite" status="passed" time="242.892452354"></testcase>
          <testcase name="[It] [sig-autoscaling] Cluster size autoscaling [Slow] Should scale down GPU pool from 1 [GpuType:] [Feature:ClusterSizeAutoscalingGpu]" classname="Kubernetes e2e suite" status="skipped" time="0">
              <skipped message="skipped"></skipped>
          </testcase>
          <testcase name="[It] [sig-node] PodTemplates should replace a pod template [Conformance]" classname="Kubernetes e2e suite" status="passed" time="0.042651583"></testcase>
          <testcase name="[It] [sig-storage] In-tree Volumes [Driver: emptydir] [Testpattern: Pre-provisioned PV (block volmode)] volumeMode should not mount / map unused volumes in a pod [LinuxOnly]" classname="Kubernetes e2e suite" status="skipped" time="0">
              <skipped message="skipped"></skipped>
          </testcase>
          <testcase name="[It] [sig-api-machinery] CustomResourceDefinition resources [Privileged:ClusterAdmin] custom resource defaulting for requests and from storage works [Conformance]" classname="Kubernetes e2e suite" status="passed" time="3.119994016"></testcase>
          <testcase name="[It] [sig-storage] In-tree Volumes [Driver: azure-disk] [Testpattern: Pre-provisioned PV (block volmode)] multiVolume [Slow] should concurrently access the volume and its clone from pods on the same node [LinuxOnly] [Feature:VolumeSourceXFS]" classname="Kubernetes e2e suite" status="skipped" time="0">
              <skipped message="skipped"></skipped>
          </testcase>
          <testcase name="[It] [sig-storage] In-tree Volumes [Driver: local] [LocalVolumeType: dir-link-bindmounted] [Testpattern: Dynamic PV (ntfs)] [Feature:Windows] provisioning should provision storage with snapshot data source [Feature:VolumeSnapshotDataSource]" classname="Kubernetes e2e suite" status="skipped" time="0">
              <skipped message="skipped"></skipped>
          </testcase>
          <testcase name="[It] [sig-storage] In-tree Volumes [Driver: emptydir] [Testpattern: Dynamic PV (immediate binding)] topology should provision a volume and schedule a pod with AllowedTopologies" classname="Kubernetes e2e suite" status="skipped" time="0">
              <skipped message="skipped"></skipped>
          </testcase>
          <testcase name="[It] [sig-storage] CSI Volumes [Driver: csi-hostpath] [Testpattern: Pre-provisioned PV (filesystem volmode)] disruptive [Disruptive] [LinuxOnly] Should test that pv used in a pod that is deleted while the kubelet is down is usable by a new pod when kubelet returns [Feature:SELinux]" classname="Kubernetes e2e suite" status="skipped" time="0">
              <skipped message="skipped"></skipped>
          </testcase>
          <testcase name="[It] [sig-storage] In-tree Volumes [Driver: hostPath] [Testpattern: Dynamic PV (default fs)] volumes should allow exec of files on the volume" classname="Kubernetes e2e suite" status="skipped" time="0">
              <skipped message="skipped"></skipped>
          </testcase>
          <testcase name="[It] [sig-storage] PersistentVolumes-local [Volume type: tmpfs] One pod requesting one prebound PVC should be able to mount volume and read from pod1" classname="Kubernetes e2e suite" status="skipped" time="0">
              <skipped message="skipped"></skipped>
          </testcase>
          <testcase name="[It] [sig-storage] In-tree Volumes [Driver: hostPathSymlink] [Testpattern: Dynamic PV (default fs)] subPath should fail if subpath with backstepping is outside the volume [Slow] [LinuxOnly]" classname="Kubernetes e2e suite" status="skipped" time="0">
              <skipped message="skipped"></skipped>
          </testcase>
          <testcase name="[It] [sig-api-machinery] AdmissionWebhook [Privileged:ClusterAdmin] should reject mutating webhook configurations with invalid match conditions" classname="Kubernetes e2e suite" status="skipped" time="0">
              <skipped message="skipped"></skipped>
          </testcase>
          <testcase name="[It] [sig-storage] CSI Volumes [Driver: pd.csi.storage.gke.io] [Serial] [Testpattern: Dynamic PV (ext4)] multiVolume [Slow] should concurrently access the volume and restored snapshot from pods on the same node [LinuxOnly] [Feature:VolumeSnapshotDataSource] [Feature:VolumeSourceXFS]" classname="Kubernetes e2e suite" status="skipped" time="0">
              <skipped message="skipped"></skipped>
          </testcase>
          <testcase name="[It] [sig-storage] In-tree Volumes [Driver: local] [LocalVolumeType: dir-link-bindmounted] [Testpattern: Pre-provisioned PV (default fs)] subPath should unmount if pod is gracefully deleted while kubelet is down [Disruptive] [Slow] [LinuxOnly]" classname="Kubernetes e2e suite" status="skipped" time="0">
              <skipped message="skipped"></skipped>
          </testcase>
          <testcase name="[It] [sig-storage] In-tree Volumes [Driver: vsphere] [Testpattern: Dynamic PV (block volmode)] multiVolume [Slow] should concurrently access the volume and its clone from pods on the same node [LinuxOnly] [Feature:VolumeSourceXFS]" classname="Kubernetes e2e suite" status="skipped" time="0">
              <skipped message="skipped"></skipped>
          </testcase>
          <testcase name="[It] [sig-storage] In-tree Volumes [Driver: local] [LocalVolumeType: gce-localssd-scsi-fs] [Serial] [Testpattern: Dynamic PV (ext4)] volumes should store data" classname="Kubernetes e2e suite" status="skipped" time="0">
              <skipped message="skipped"></skipped>
          </testcase>
          <testcase name="[It] [sig-storage] In-tree Volumes [Driver: local] [LocalVolumeType: gce-localssd-scsi-fs] [Serial] [Testpattern: Dynamic PV (default fs)] subPath should support readOnly directory specified in the volumeMount" classname="Kubernetes e2e suite" status="skipped" time="0">
              <skipped message="skipped"></skipped>
          </testcase>
          <testcase name="[It] [sig-storage] In-tree Volumes [Driver: aws] [Testpattern: Inline-volume (default fs)] subPath should support restarting containers using file as subpath [Slow] [LinuxOnly]" classname="Kubernetes e2e suite" status="skipped" time="0">
              <skipped message="skipped"></skipped>
          </testcase>
          <testcase name="[It] [sig-storage] Zone Support [Feature:vsphere] Verify dynamically created pv with allowed zones specified in storage class, shows the right zone information on its labels" classname="Kubernetes e2e suite" status="skipped" time="0">
              <skipped message="skipped"></skipped>
          </testcase>
          <testcase name="[It] [sig-storage] In-tree Volumes [Driver: nfs] [Testpattern: Generic Ephemeral-volume (block volmode) (late-binding)] ephemeral should support two pods which have the same volume definition" classname="Kubernetes e2e suite" status="skipped" time="0">
              <skipped message="skipped"></skipped>
          </testcase>
          <testcase name="[It] [sig-storage] In-tree Volumes [Driver: local] [LocalVolumeType: dir-link-bindmounted] [Testpattern: Pre-provisioned PV (filesystem volmode)] disruptive [Disruptive] [LinuxOnly] Should test that pv used in a pod that is force deleted while the kubelet is down is usable by a new pod with a different SELinux context when kubelet returns [Feature:SELinux]" classname="Kubernetes e2e suite" status="skipped" time="0">
              <skipped message="skipped"></skipped>
          </testcase>
          <testcase name="[It] [sig-storage] In-tree Volumes [Driver: local] [LocalVolumeType: tmpfs] [Testpattern: Dynamic PV (default fs)] subPath should support existing directories when readOnly specified in the volumeSource" classname="Kubernetes e2e suite" status="skipped" time="0">
              <skipped message="skipped"></skipped>
          </testcase>
          <testcase name="[It] [sig-storage] In-tree Volumes [Driver: local] [LocalVolumeType: dir-link-bindmounted] [Testpattern: Dynamic PV (xfs)] [Slow] volumes should store data" classname="Kubernetes e2e suite" status="skipped" time="0">
              <skipped message="skipped"></skipped>
          </testcase>
          <testcase name="[It] [sig-storage] In-tree Volumes [Driver: local] [LocalVolumeType: dir-link-bindmounted] [Testpattern: Inline-volume (default fs)] subPath should fail if subpath with backstepping is outside the volume [Slow] [LinuxOnly]" classname="Kubernetes e2e suite" status="skipped" time="0">
              <skipped message="skipped"></skipped>
          </testcase>
          <testcase name="[It] [sig-node] DRA [Feature:DynamicResourceAllocation] cluster with delayed allocation and not setting ReservedFor supports scheduled pod referencing external resource claim" classname="Kubernetes e2e suite" status="skipped" time="0">
              <skipped message="skipped"></skipped>
          </testcase>
          <testcase name="[It] [sig-storage] In-tree Volumes [Driver: azure-disk] [Testpattern: Dynamic PV (default fs)] fsgroupchangepolicy (OnRootMismatch)[LinuxOnly], pod created with an initial fsgroup, volume contents ownership changed via chgrp in first pod, new pod with same fsgroup skips ownership changes to the volume contents" classname="Kubernetes e2e suite" status="skipped" time="0">
              <skipped message="skipped"></skipped>
          </testcase>
          <testcase name="[It] [sig-node] [NodeAlphaFeature:SidecarContainers] [Feature:SidecarContainers] Probing restartable init container with readiness probe should not be ready before initial delay and never restart" classname="Kubernetes e2e suite" status="skipped" time="0">
              <skipped message="skipped"></skipped>
          </testcase>
          <testcase name="[It] [sig-storage] In-tree Volumes [Driver: local] [LocalVolumeType: gce-localssd-scsi-fs] [Serial] [Testpattern: Inline-volume (default fs)] subPath should fail if non-existent subpath is outside the volume [Slow] [LinuxOnly]" classname="Kubernetes e2e suite" status="skipped" time="0">
              <skipped message="skipped"></skipped>
          </testcase>
          <testcase name="[It] [sig-storage] In-tree Volumes [Driver: vsphere] [Testpattern: Pre-provisioned PV (default fs)] subPath should be able to unmount after the subpath directory is deleted [LinuxOnly]" classname="Kubernetes e2e suite" status="skipped" time="0">
              <skipped message="skipped"></skipped>
          </testcase>
          <testcase name="[It] [sig-storage] In-tree Volumes [Driver: azure-disk] [Testpattern: Inline-volume (default fs)] subPath should support readOnly directory specified in the volumeMount" classname="Kubernetes e2e suite" status="skipped" time="0">
              <skipped message="skipped"></skipped>
          </testcase>
          <testcase name="[It] [sig-storage] CSI Volumes [Driver: csi-hostpath] [Testpattern: Inline-volume (default fs)] subPath should support existing directories when readOnly specified in the volumeSource" classname="Kubernetes e2e suite" status="skipped" time="0">
              <skipped message="skipped"></skipped>
          </testcase>
          <testcase name="[It] [sig-storage] Verify Volume Attach Through vpxd Restart [Feature:vsphere] [Serial] [Disruptive] verify volume remains attached through vpxd restart" classname="Kubernetes e2e suite" status="skipped" time="0">
              <skipped message="skipped"></skipped>
          </testcase>
          <testcase name="[It] [sig-network] Netpol [Feature:SCTPConnectivity] [LinuxOnly] NetworkPolicy between server and client using SCTP should enforce policy to allow traffic only from a pod in a different namespace based on PodSelector and NamespaceSelector [Feature:NetworkPolicy]" classname="Kubernetes e2e suite" status="skipped" time="0">
              <skipped message="skipped"></skipped>
          </testcase>
          <testcase name="[It] [sig-storage] In-tree Volumes [Driver: local] [LocalVolumeType: dir-link-bindmounted] [Testpattern: Dynamic PV (filesystem volmode)] multiVolume [Slow] should access to two volumes with different volume mode and retain data across pod recreation on different node" classname="Kubernetes e2e suite" status="skipped" time="0">
              <skipped message="skipped"></skipped>
          </testcase>
          <testcase name="[It] [sig-storage] In-tree Volumes [Driver: nfs] [Testpattern: Dynamic PV (ntfs)] [Feature:Windows] subPath should be able to unmount after the subpath directory is deleted [LinuxOnly]" classname="Kubernetes e2e suite" status="skipped" time="0">
              <skipped message="skipped"></skipped>
          </testcase>
          <testcase name="[It] [sig-storage] In-tree Volumes [Driver: iscsi] [Feature:Volumes] [Testpattern: Dynamic PV (ntfs)] [Feature:Windows] provisioning should provision storage with pvc data source (ROX mode)" classname="Kubernetes e2e suite" status="skipped" time="0">
              <skipped message="skipped"></skipped>
          </testcase>
          <testcase name="[It] [sig-storage] In-tree Volumes [Driver: local] [LocalVolumeType: gce-localssd-scsi-fs] [Serial] [Testpattern: Dynamic PV (default fs)] subPath should support restarting containers using file as subpath [Slow] [LinuxOnly]" classname="Kubernetes e2e suite" status="skipped" time="0">
              <skipped message="skipped"></skipped>
          </testcase>
          <testcase name="[It] [sig-storage] In-tree Volumes [Driver: azure-file] [Testpattern: Dynamic PV (default fs)] provisioning should provision storage with pvc data source" classname="Kubernetes e2e suite" status="skipped" time="0">
              <skipped message="skipped"></skipped>
          </testcase>
          <testcase name="[It] [sig-api-machinery] AdmissionWebhook [Privileged:ClusterAdmin] should mutate custom resource with pruning [Conformance]" classname="Kubernetes e2e suite" status="passed" time="7.084638351"></testcase>
          <testcase name="[It] [sig-autoscaling] Cluster size autoscaler scalability [Slow] should scale up at all [Feature:ClusterAutoscalerScalability1]" classname="Kubernetes e2e suite" status="skipped" time="0">
              <skipped message="skipped"></skipped>
          </testcase>
          <testcase name="[It] [sig-api-machinery] Garbage collector should not be blocked by dependency circle [Conformance]" classname="Kubernetes e2e suite" status="passed" time="5.098111848"></testcase>
          <testcase name="[It] [sig-storage] CSI Volumes [Driver: pd.csi.storage.gke.io] [Serial] [Testpattern: CSI Ephemeral-volume (default fs)] ephemeral should support expansion of pvcs created for ephemeral pvcs" classname="Kubernetes e2e suite" status="skipped" time="0">
              <skipped message="skipped"></skipped>
          </testcase>
          <testcase name="[It] [sig-storage] In-tree Volumes [Driver: iscsi] [Feature:Volumes] [Testpattern: Generic Ephemeral-volume (block volmode) (late-binding)] ephemeral should create read-only inline ephemeral volume" classname="Kubernetes e2e suite" status="skipped" time="0">
              <skipped message="skipped"></skipped>
          </testcase>
          <testcase name="[It] [sig-storage] In-tree Volumes [Driver: local] [LocalVolumeType: dir] [Testpattern: Inline-volume (default fs)] subPath should fail if subpath file is outside the volume [Slow] [LinuxOnly]" classname="Kubernetes e2e suite" status="skipped" time="0">
              <skipped message="skipped"></skipped>
          </testcase>
          <testcase name="[It] [sig-storage] In-tree Volumes [Driver: local] [LocalVolumeType: tmpfs] [Testpattern: Dynamic PV (xfs)] [Slow] multiVolume [Slow] should access to two volumes with the same volume mode and retain data across pod recreation on different node" classname="Kubernetes e2e suite" status="skipped" time="0">
              <skipped message="skipped"></skipped>
          </testcase>
          <testcase name="[It] [sig-storage] In-tree Volumes [Driver: aws] [Testpattern: Dynamic PV (filesystem volmode)] volumeLimits should verify that all csinodes have volume limits" classname="Kubernetes e2e suite" status="skipped" time="0">
              <skipped message="skipped"></skipped>
          </testcase>
          <testcase name="[It] [sig-storage] In-tree Volumes [Driver: local] [LocalVolumeType: dir-link] [Testpattern: Dynamic PV (default fs)] subPath should fail if subpath with backstepping is outside the volume [Slow] [LinuxOnly]" classname="Kubernetes e2e suite" status="skipped" time="0">
              <skipped message="skipped"></skipped>
          </testcase>
          <testcase name="[It] [sig-storage] In-tree Volumes [Driver: local] [LocalVolumeType: dir-link] [Testpattern: Pre-provisioned PV (default fs)] volumes should store data" classname="Kubernetes e2e suite" status="skipped" time="0">
              <skipped message="skipped"></skipped>
          </testcase>
          <testcase name="[It] [sig-storage] In-tree Volumes [Driver: azure-disk] [Testpattern: Dynamic PV (ext3)] volumes should allow exec of files on the volume" classname="Kubernetes e2e suite" status="skipped" time="0">
              <skipped message="skipped"></skipped>
          </testcase>
          <testcase name="[It] [sig-storage] In-tree Volumes [Driver: hostPath] [Testpattern: Pre-provisioned PV (ext4)] volumes should store data" classname="Kubernetes e2e suite" status="skipped" time="0">
              <skipped message="skipped"></skipped>
          </testcase>
          <testcase name="[It] [sig-storage] In-tree Volumes [Driver: cinder] [Testpattern: Dynamic PV (default fs)] subPath should fail if subpath directory is outside the volume [Slow] [LinuxOnly]" classname="Kubernetes e2e suite" status="skipped" time="0">
              <skipped message="skipped"></skipped>
          </testcase>
          <testcase name="[It] [sig-storage] In-tree Volumes [Driver: cinder] [Testpattern: Dynamic PV (ntfs)] [Feature:Windows] subPath should support file as subpath [LinuxOnly]" classname="Kubernetes e2e suite" status="skipped" time="0">
              <skipped message="skipped"></skipped>
          </testcase>
          <testcase name="[It] [sig-storage] In-tree Volumes [Driver: local] [LocalVolumeType: blockfs] [Testpattern: Pre-provisioned PV (block volmode)] volumeMode should not mount / map unused volumes in a pod [LinuxOnly]" classname="Kubernetes e2e suite" status="skipped" time="0">
              <skipped message="skipped"></skipped>
          </testcase>
          <testcase name="[It] [sig-storage] In-tree Volumes [Driver: iscsi] [Feature:Volumes] [Testpattern: Pre-provisioned PV (default fs)] volumeIO should write files of various sizes, verify size, validate content [Slow]" classname="Kubernetes e2e suite" status="skipped" time="0">
              <skipped message="skipped"></skipped>
          </testcase>
          <testcase name="[It] [sig-storage] In-tree Volumes [Driver: local] [LocalVolumeType: dir-bindmounted] [Testpattern: Pre-provisioned PV (default fs)] subPath should fail if subpath directory is outside the volume [Slow] [LinuxOnly]" classname="Kubernetes e2e suite" status="skipped" time="0">
              <skipped message="skipped"></skipped>
          </testcase>
          <testcase name="[It] [sig-storage] CSI Volumes [Driver: pd.csi.storage.gke.io] [Serial] [Testpattern: Pre-provisioned PV (xfs)] [Slow] volumes should store data" classname="Kubernetes e2e suite" status="skipped" time="0">
              <skipped message="skipped"></skipped>
          </testcase>
          <testcase name="[It] [sig-storage] In-tree Volumes [Driver: local] [LocalVolumeType: block] [Testpattern: Inline-volume (default fs)] subPath should fail if subpath with backstepping is outside the volume [Slow] [LinuxOnly]" classname="Kubernetes e2e suite" status="skipped" time="0">
              <skipped message="skipped"></skipped>
          </testcase>
          <testcase name="[It] [sig-storage] In-tree Volumes [Driver: ceph] [Feature:Volumes] [Serial] [Testpattern: Pre-provisioned PV (block volmode)] multiVolume [Slow] should access to two volumes with the same volume mode and retain data across pod recreation on the same node" classname="Kubernetes e2e suite" status="skipped" time="0">
              <skipped message="skipped"></skipped>
          </testcase>
          <testcase name="[It] [sig-storage] In-tree Volumes [Driver: hostPathSymlink] [Testpattern: Dynamic PV (default fs)] fsgroupchangepolicy (Always)[LinuxOnly], pod created with an initial fsgroup, new pod fsgroup applied to volume contents" classname="Kubernetes e2e suite" status="skipped" time="0">
              <skipped message="skipped"></skipped>
          </testcase>
          <testcase name="[It] [sig-storage] In-tree Volumes [Driver: local] [LocalVolumeType: dir-link-bindmounted] [Testpattern: Inline-volume (default fs)] subPath should fail if subpath file is outside the volume [Slow] [LinuxOnly]" classname="Kubernetes e2e suite" status="skipped" time="0">
              <skipped message="skipped"></skipped>
          </testcase>
          <testcase name="[It] [sig-storage] In-tree Volumes [Driver: hostPathSymlink] [Testpattern: Dynamic PV (default fs)] provisioning should provision storage with pvc data source (ROX mode)" classname="Kubernetes e2e suite" status="skipped" time="0">
              <skipped message="skipped"></skipped>
          </testcase>
          <testcase name="[It] [sig-storage] In-tree Volumes [Driver: local] [LocalVolumeType: gce-localssd-scsi-fs] [Serial] [Testpattern: Dynamic PV (ntfs)] [Feature:Windows] subPath should fail if non-existent subpath is outside the volume [Slow] [LinuxOnly]" classname="Kubernetes e2e suite" status="skipped" time="0">
              <skipped message="skipped"></skipped>
          </testcase>
          <testcase name="[It] [sig-storage] In-tree Volumes [Driver: local] [LocalVolumeType: dir-link] [Testpattern: Dynamic PV (ext4)] volumes should allow exec of files on the volume" classname="Kubernetes e2e suite" status="skipped" time="0">
              <skipped message="skipped"></skipped>
          </testcase>
          <testcase name="[It] [sig-storage] In-tree Volumes [Driver: local] [LocalVolumeType: block] [Testpattern: Dynamic PV (block volmode)] provisioning should provision storage with pvc data source in parallel [Slow]" classname="Kubernetes e2e suite" status="skipped" time="0">
              <skipped message="skipped"></skipped>
          </testcase>
          <testcase name="[It] [sig-storage] Projected configMap should be consumable from pods in volume with mappings [NodeConformance] [Conformance]" classname="Kubernetes e2e suite" status="passed" time="4.116431729"></testcase>
          <testcase name="[It] [sig-storage] HostPathType Directory [Slow] Should fail on mounting directory &#39;adir&#39; when HostPathType is HostPathFile" classname="Kubernetes e2e suite" status="skipped" time="0">
              <skipped message="skipped"></skipped>
          </testcase>
          <testcase name="[It] [sig-storage] In-tree Volumes [Driver: local] [LocalVolumeType: gce-localssd-scsi-fs] [Serial] [Testpattern: Dynamic PV (ntfs)] [Feature:Windows] multiVolume [Slow] should concurrently access the single volume from pods on different node" classname="Kubernetes e2e suite" status="skipped" time="0">
              <skipped message="skipped"></skipped>
          </testcase>
          <testcase name="[It] [sig-storage] CSI Volumes [Driver: pd.csi.storage.gke.io] [Serial] [Testpattern: Dynamic PV (block volmode)] multiVolume [Slow] should access to two volumes with different volume mode and retain data across pod recreation on the same node" classname="Kubernetes e2e suite" status="skipped" time="0">
              <skipped message="skipped"></skipped>
          </testcase>
          <testcase name="[It] [sig-storage] In-tree Volumes [Driver: rbd] [Feature:Volumes] [Serial] [Testpattern: Inline-volume (ntfs)] [Feature:Windows] volumes should store data" classname="Kubernetes e2e suite" status="skipped" time="0">
              <skipped message="skipped"></skipped>
          </testcase>
          <testcase name="[It] [sig-storage] In-tree Volumes [Driver: nfs] [Testpattern: Pre-provisioned PV (filesystem volmode)] disruptive [Disruptive] [LinuxOnly] Should test that pv written before kubelet restart is readable after restart." classname="Kubernetes e2e suite" status="skipped" time="0">
              <skipped message="skipped"></skipped>
          </testcase>
          <testcase name="[It] [sig-storage] In-tree Volumes [Driver: local] [LocalVolumeType: dir-link-bindmounted] [Testpattern: Generic Ephemeral-volume (default fs) (late-binding)] ephemeral should create read-only inline ephemeral volume" classname="Kubernetes e2e suite" status="skipped" time="0">
              <skipped message="skipped"></skipped>
          </testcase>
          <testcase name="[It] [sig-storage] EmptyDir volumes when FSGroup is specified [LinuxOnly] [NodeFeature:FSGroup] volume on tmpfs should have the correct mode using FSGroup" classname="Kubernetes e2e suite" status="skipped" time="0">
              <skipped message="skipped"></skipped>
          </testcase>
          <testcase name="[It] [sig-storage] In-tree Volumes [Driver: ceph] [Feature:Volumes] [Serial] [Testpattern: Inline-volume (xfs)] [Slow] volumes should allow exec of files on the volume" classname="Kubernetes e2e suite" status="skipped" time="0">
              <skipped message="skipped"></skipped>
          </testcase>
          <testcase name="[It] [sig-storage] In-tree Volumes [Driver: local] [LocalVolumeType: dir] [Testpattern: Dynamic PV (filesystem volmode)] multiVolume [Slow] should concurrently access the single volume from pods on different node" classname="Kubernetes e2e suite" status="skipped" time="0">
              <skipped message="skipped"></skipped>
          </testcase>
          <testcase name="[It] [sig-node] Pods Extended Pod TerminationGracePeriodSeconds is negative pod with negative grace period" classname="Kubernetes e2e suite" status="skipped" time="0">
              <skipped message="skipped"></skipped>
          </testcase>
          <testcase name="[It] [sig-api-machinery] ResourceQuota should create a ResourceQuota and capture the life of a persistent volume claim" classname="Kubernetes e2e suite" status="skipped" time="0">
              <skipped message="skipped"></skipped>
          </testcase>
          <testcase name="[It] [sig-storage] EmptyDir volumes should support (root,0644,default) [LinuxOnly] [NodeConformance] [Conformance]" classname="Kubernetes e2e suite" status="passed" time="4.086674042"></testcase>
          <testcase name="[It] [sig-storage] In-tree Volumes [Driver: vsphere] [Testpattern: Dynamic PV (ntfs)] [Feature:Windows] subPath should support existing directories when readOnly specified in the volumeSource" classname="Kubernetes e2e suite" status="skipped" time="0">
              <skipped message="skipped"></skipped>
          </testcase>
          <testcase name="[It] [sig-storage] CSI Volumes [Driver: pd.csi.storage.gke.io] [Serial] [Testpattern: Inline-volume (default fs)] volumeIO should write files of various sizes, verify size, validate content [Slow]" classname="Kubernetes e2e suite" status="skipped" time="0">
              <skipped message="skipped"></skipped>
          </testcase>
          <testcase name="[It] [sig-cluster-lifecycle] [Feature:BootstrapTokens] should not delete the token secret when the secret is not expired" classname="Kubernetes e2e suite" status="skipped" time="0">
              <skipped message="skipped"></skipped>
          </testcase>
          <testcase name="[It] [sig-storage] In-tree Volumes [Driver: local] [LocalVolumeType: dir-link] [Testpattern: Dynamic PV (block volmode)] provisioning should provision storage with snapshot data source (ROX mode) [Feature:VolumeSnapshotDataSource]" classname="Kubernetes e2e suite" status="skipped" time="0">
              <skipped message="skipped"></skipped>
          </testcase>
          <testcase name="[It] [sig-storage] In-tree Volumes [Driver: local] [LocalVolumeType: gce-localssd-scsi-fs] [Serial] [Testpattern: Dynamic PV (ext3)] volumes should store data" classname="Kubernetes e2e suite" status="skipped" time="0">
              <skipped message="skipped"></skipped>
          </testcase>
          <testcase name="[It] [sig-storage] In-tree Volumes [Driver: aws] [Testpattern: Dynamic PV (default fs)] subPath should support readOnly file specified in the volumeMount [LinuxOnly]" classname="Kubernetes e2e suite" status="skipped" time="0">
              <skipped message="skipped"></skipped>
          </testcase>
          <testcase name="[It] [sig-storage] In-tree Volumes [Driver: iscsi] [Feature:Volumes] [Testpattern: Pre-provisioned PV (block volmode)] volumes should store data" classname="Kubernetes e2e suite" status="skipped" time="0">
              <skipped message="skipped"></skipped>
          </testcase>
          <testcase name="[It] [sig-storage] In-tree Volumes [Driver: hostPathSymlink] [Testpattern: Pre-provisioned PV (default fs)] subPath should fail if subpath with backstepping is outside the volume [Slow] [LinuxOnly]" classname="Kubernetes e2e suite" status="skipped" time="0">
              <skipped message="skipped"></skipped>
          </testcase>
          <testcase name="[It] [sig-storage] In-tree Volumes [Driver: nfs] [Testpattern: Inline-volume (default fs)] volumeIO should write files of various sizes, verify size, validate content [Slow]" classname="Kubernetes e2e suite" status="skipped" time="0">
              <skipped message="skipped"></skipped>
          </testcase>
          <testcase name="[It] [sig-storage] CSI Volumes [Driver: csi-hostpath] [Testpattern: Dynamic PV (default fs)] provisioning should provision storage with pvc data source" classname="Kubernetes e2e suite" status="skipped" time="0">
              <skipped message="skipped"></skipped>
          </testcase>
          <testcase name="[It] [sig-apps] ReplicationController should get and update a ReplicationController scale [Conformance]" classname="Kubernetes e2e suite" status="passed" time="2.063258207"></testcase>
          <testcase name="[It] [sig-node] Variable Expansion should allow substituting values in a volume subpath [Conformance]" classname="Kubernetes e2e suite" status="passed" time="4.101413298"></testcase>
          <testcase name="[It] [sig-storage] CSI Volumes [Driver: pd.csi.storage.gke.io] [Serial] [Testpattern: Pre-provisioned PV (default fs)] subPath should fail if subpath with backstepping is outside the volume [Slow] [LinuxOnly]" classname="Kubernetes e2e suite" status="skipped" time="0">
              <skipped message="skipped"></skipped>
          </testcase>
          <testcase name="[It] [sig-storage] In-tree Volumes [Driver: local] [LocalVolumeType: dir-bindmounted] [Testpattern: Dynamic PV (ext3)] volumes should allow exec of files on the volume" classname="Kubernetes e2e suite" status="skipped" time="0">
              <skipped message="skipped"></skipped>
          </testcase>
          <testcase name="[It] [sig-storage] In-tree Volumes [Driver: local] [LocalVolumeType: gce-localssd-scsi-fs] [Serial] [Testpattern: Inline-volume (default fs)] subPath should support readOnly file specified in the volumeMount [LinuxOnly]" classname="Kubernetes e2e suite" status="skipped" time="0">
              <skipped message="skipped"></skipped>
          </testcase>
          <testcase name="[It] [sig-storage] In-tree Volumes [Driver: local] [LocalVolumeType: dir-link] [Testpattern: Dynamic PV (default fs)] provisioning should provision storage with pvc data source (ROX mode)" classname="Kubernetes e2e suite" status="skipped" time="0">
              <skipped message="skipped"></skipped>
          </testcase>
          <testcase name="[It] [sig-storage] In-tree Volumes [Driver: local] [LocalVolumeType: gce-localssd-scsi-fs] [Serial] [Testpattern: Dynamic PV (default fs)] provisioning should provision storage with pvc data source" classname="Kubernetes e2e suite" status="skipped" time="0">
              <skipped message="skipped"></skipped>
          </testcase>
          <testcase name="[It] [sig-storage] In-tree Volumes [Driver: hostPathSymlink] [Testpattern: Pre-provisioned PV (filesystem volmode)] multiVolume [Slow] should concurrently access the single volume from pods on different node" classname="Kubernetes e2e suite" status="skipped" time="0">
              <skipped message="skipped"></skipped>
          </testcase>
          <testcase name="[It] [sig-storage] In-tree Volumes [Driver: cinder] [Testpattern: Dynamic PV (block volmode)(allowExpansion)] volume-expand should resize volume when PVC is edited while pod is using it" classname="Kubernetes e2e suite" status="skipped" time="0">
              <skipped message="skipped"></skipped>
          </testcase>
          <testcase name="[It] [sig-storage] In-tree Volumes [Driver: local] [LocalVolumeType: dir-link] [Testpattern: Dynamic PV (default fs)] volume-expand should not allow expansion of pvcs without AllowVolumeExpansion property" classname="Kubernetes e2e suite" status="skipped" time="0">
              <skipped message="skipped"></skipped>
          </testcase>
          <testcase name="[It] [sig-storage] In-tree Volumes [Driver: local] [LocalVolumeType: dir-link] [Testpattern: Dynamic PV (default fs)] subPath should support restarting containers using file as subpath [Slow] [LinuxOnly]" classname="Kubernetes e2e suite" status="skipped" time="0">
              <skipped message="skipped"></skipped>
          </testcase>
          <testcase name="[It] [sig-storage] In-tree Volumes [Driver: hostPathSymlink] [Testpattern: Dynamic PV (ntfs)] [Feature:Windows] subPath should unmount if pod is gracefully deleted while kubelet is down [Disruptive] [Slow] [LinuxOnly]" classname="Kubernetes e2e suite" status="skipped" time="0">
              <skipped message="skipped"></skipped>
          </testcase>
          <testcase name="[It] [sig-storage] CSI Volumes [Driver: pd.csi.storage.gke.io] [Serial] [Testpattern: Pre-provisioned PV (block volmode)] disruptive [Disruptive] [LinuxOnly] Should test that pv written before kubelet restart is readable after restart." classname="Kubernetes e2e suite" status="skipped" time="0">
              <skipped message="skipped"></skipped>
          </testcase>
          <testcase name="[It] [sig-storage] In-tree Volumes [Driver: vsphere] [Testpattern: Dynamic PV (filesystem volmode)] volumeMode should fail to use a volume in a pod with mismatched mode [Slow]" classname="Kubernetes e2e suite" status="skipped" time="0">
              <skipped message="skipped"></skipped>
          </testcase>
          <testcase name="[It] [sig-storage] In-tree Volumes [Driver: azure-file] [Testpattern: Pre-provisioned PV (block volmode)] multiVolume [Slow] should access to two volumes with the same volume mode and retain data across pod recreation on different node" classname="Kubernetes e2e suite" status="skipped" time="0">
              <skipped message="skipped"></skipped>
          </testcase>
          <testcase name="[It] [sig-storage] In-tree Volumes [Driver: emptydir] [Testpattern: Dynamic PV (block volmode)] provisioning should provision correct filesystem size when restoring snapshot to larger size pvc [Feature:VolumeSnapshotDataSource]" classname="Kubernetes e2e suite" status="skipped" time="0">
              <skipped message="skipped"></skipped>
          </testcase>
          <testcase name="[It] [sig-storage] In-tree Volumes [Driver: emptydir] [Testpattern: Dynamic PV (default fs)(allowExpansion)] volume-expand Verify if offline PVC expansion works" classname="Kubernetes e2e suite" status="skipped" time="0">
              <skipped message="skipped"></skipped>
          </testcase>
          <testcase name="[It] [sig-storage] PersistentVolumes-local [Volume type: dir-link] Two pods mounting a local volume one after the other should be able to write from pod1 and read from pod2" classname="Kubernetes e2e suite" status="skipped" time="0">
              <skipped message="skipped"></skipped>
          </testcase>
          <testcase name="[It] [sig-storage] In-tree Volumes [Driver: local] [LocalVolumeType: dir-link-bindmounted] [Testpattern: Generic Ephemeral-volume (default fs) (immediate-binding)] ephemeral should create read/write inline ephemeral volume" classname="Kubernetes e2e suite" status="skipped" time="0">
              <skipped message="skipped"></skipped>
          </testcase>
          <testcase name="[It] [sig-storage] In-tree Volumes [Driver: local] [LocalVolumeType: dir-link] [Testpattern: Pre-provisioned PV (filesystem volmode)] disruptive [Disruptive] [LinuxOnly] Should test that pv used in a pod that is deleted while the kubelet is down is usable by a new pod when kubelet returns [Feature:SELinux]" classname="Kubernetes e2e suite" status="skipped" time="0">
              <skipped message="skipped"></skipped>
          </testcase>
          <testcase name="[It] [sig-storage] In-tree Volumes [Driver: iscsi] [Feature:Volumes] [Testpattern: Dynamic PV (block volmode)] provisioning should provision storage with mount options" classname="Kubernetes e2e suite" status="skipped" time="0">
              <skipped message="skipped"></skipped>
          </testcase>
          <testcase name="[It] [sig-storage] [Serial] Volume metrics PVC should create metrics for total number of volumes in A/D Controller" classname="Kubernetes e2e suite" status="skipped" time="0">
              <skipped message="skipped"></skipped>
          </testcase>
          <testcase name="[It] [sig-storage] In-tree Volumes [Driver: nfs] [Testpattern: Pre-provisioned PV (default fs)] subPath should support restarting containers using directory as subpath [Slow]" classname="Kubernetes e2e suite" status="skipped" time="0">
              <skipped message="skipped"></skipped>
          </testcase>
          <testcase name="[It] [sig-storage] In-tree Volumes [Driver: local] [LocalVolumeType: tmpfs] [Testpattern: Dynamic PV (default fs)] provisioning should provision storage with pvc data source" classname="Kubernetes e2e suite" status="skipped" time="0">
              <skipped message="skipped"></skipped>
          </testcase>
          <testcase name="[It] [sig-storage] In-tree Volumes [Driver: ceph] [Feature:Volumes] [Serial] [Testpattern: Generic Ephemeral-volume (default fs) (immediate-binding)] ephemeral should create read/write inline ephemeral volume" classname="Kubernetes e2e suite" status="skipped" time="0">
              <skipped message="skipped"></skipped>
          </testcase>
          <testcase name="[It] [sig-storage] In-tree Volumes [Driver: nfs] [Testpattern: Dynamic PV (filesystem volmode)] multiVolume [Slow] should concurrently access the single read-only volume from pods on the same node" classname="Kubernetes e2e suite" status="skipped" time="0">
              <skipped message="skipped"></skipped>
          </testcase>
          <testcase name="[It] [sig-storage] PersistentVolumes-local [Volume type: dir-bindmounted] Two pods mounting a local volume one after the other should be able to write from pod1 and read from pod2" classname="Kubernetes e2e suite" status="skipped" time="0">
              <skipped message="skipped"></skipped>
          </testcase>
          <testcase name="[It] [sig-storage] In-tree Volumes [Driver: hostPath] [Testpattern: Dynamic PV (ext4)] multiVolume [Slow] should access to two volumes with the same volume mode and retain data across pod recreation on the same node" classname="Kubernetes e2e suite" status="skipped" time="0">
              <skipped message="skipped"></skipped>
          </testcase>
          <testcase name="[It] [sig-storage] In-tree Volumes [Driver: iscsi] [Feature:Volumes] [Testpattern: Dynamic PV (ntfs)] [Feature:Windows] subPath should support creating multiple subpath from same volumes [Slow]" classname="Kubernetes e2e suite" status="skipped" time="0">
              <skipped message="skipped"></skipped>
          </testcase>
          <testcase name="[It] [sig-storage] In-tree Volumes [Driver: local] [LocalVolumeType: blockfs] [Testpattern: Pre-provisioned PV (default fs)] subPath should fail if subpath with backstepping is outside the volume [Slow] [LinuxOnly]" classname="Kubernetes e2e suite" status="skipped" time="0">
              <skipped message="skipped"></skipped>
          </testcase>
          <testcase name="[It] [sig-scheduling] SchedulerPreemption [Serial] PreemptionExecutionPath runs ReplicaSets to verify preemption running path [Conformance]" classname="Kubernetes e2e suite" status="passed" time="77.30572222"></testcase>
          <testcase name="[It] [sig-storage] CSI Volumes [Driver: csi-hostpath] [Testpattern: CSI Ephemeral-volume (default fs)] ephemeral should support two pods which have the same volume definition" classname="Kubernetes e2e suite" status="skipped" time="0">
              <skipped message="skipped"></skipped>
          </testcase>
          <testcase name="[It] [sig-storage] In-tree Volumes [Driver: cinder] [Testpattern: Inline-volume (ext3)] volumes should store data" classname="Kubernetes e2e suite" status="skipped" time="0">
              <skipped message="skipped"></skipped>
          </testcase>
          <testcase name="[It] [sig-storage] In-tree Volumes [Driver: azure-file] [Testpattern: Dynamic PV (ext4)] volumes should allow exec of files on the volume" classname="Kubernetes e2e suite" status="skipped" time="0">
              <skipped message="skipped"></skipped>
          </testcase>
          <testcase name="[It] [sig-node] Containers should be able to override the image&#39;s default command (container entrypoint) [NodeConformance] [Conformance]" classname="Kubernetes e2e suite" status="passed" time="4.135677558"></testcase>
          <testcase name="[It] [sig-storage] In-tree Volumes [Driver: ceph] [Feature:Volumes] [Serial] [Testpattern: Dynamic PV (default fs)] subPath should support readOnly file specified in the volumeMount [LinuxOnly]" classname="Kubernetes e2e suite" status="skipped" time="0">
              <skipped message="skipped"></skipped>
          </testcase>
          <testcase name="[It] [sig-storage] In-tree Volumes [Driver: local] [LocalVolumeType: tmpfs] [Testpattern: Dynamic PV (block volmode)] provisioning should mount multiple PV pointing to the same storage on the same node" classname="Kubernetes e2e suite" status="skipped" time="0">
              <skipped message="skipped"></skipped>
          </testcase>
          <testcase name="[It] [sig-storage] CSI Mock volume storage capacity storage capacity exhausted, late binding, no topology" classname="Kubernetes e2e suite" status="skipped" time="0">
              <skipped message="skipped"></skipped>
          </testcase>
          <testcase name="[It] [sig-storage] In-tree Volumes [Driver: local] [LocalVolumeType: dir] [Testpattern: Dynamic PV (filesystem volmode)] multiVolume [Slow] should concurrently access the single volume from pods on the same node" classname="Kubernetes e2e suite" status="skipped" time="0">
              <skipped message="skipped"></skipped>
          </testcase>
          <testcase name="[It] [sig-storage] In-tree Volumes [Driver: local] [LocalVolumeType: tmpfs] [Testpattern: Dynamic PV (ntfs)] [Feature:Windows] multiVolume [Slow] should access to two volumes with different volume mode and retain data across pod recreation on the same node" classname="Kubernetes e2e suite" status="skipped" time="0">
              <skipped message="skipped"></skipped>
          </testcase>
          <testcase name="[It] [sig-storage] In-tree Volumes [Driver: local] [LocalVolumeType: blockfs] [Testpattern: Generic Ephemeral-volume (block volmode) (late-binding)] ephemeral should support multiple inline ephemeral volumes" classname="Kubernetes e2e suite" status="skipped" time="0">
              <skipped message="skipped"></skipped>
          </testcase>
          <testcase name="[It] [sig-storage] In-tree Volumes [Driver: cinder] [Testpattern: Dynamic PV (default fs)] provisioning should provision storage with mount options" classname="Kubernetes e2e suite" status="skipped" time="0">
              <skipped message="skipped"></skipped>
          </testcase>
          <testcase name="[It] [sig-storage] In-tree Volumes [Driver: local] [LocalVolumeType: dir-link-bindmounted] [Testpattern: Dynamic PV (ntfs)] [Feature:Windows] provisioning should provision storage with snapshot data source (ROX mode) [Feature:VolumeSnapshotDataSource]" classname="Kubernetes e2e suite" status="skipped" time="0">
              <skipped message="skipped"></skipped>
          </testcase>
          <testcase name="[It] [sig-storage] In-tree Volumes [Driver: iscsi] [Feature:Volumes] [Testpattern: Dynamic PV (ext4)] multiVolume [Slow] should access to two volumes with the same volume mode and retain data across pod recreation on different node" classname="Kubernetes e2e suite" status="skipped" time="0">
              <skipped message="skipped"></skipped>
          </testcase>
          <testcase name="[It] [sig-storage] Projected configMap should be consumable from pods in volume with mappings and Item mode set [LinuxOnly] [NodeConformance] [Conformance]" classname="Kubernetes e2e suite" status="passed" time="4.093361278"></testcase>
          <testcase name="[It] [sig-storage] In-tree Volumes [Driver: local] [LocalVolumeType: dir] [Testpattern: Inline-volume (default fs)] subPath should verify container cannot write to subpath readonly volumes [Slow]" classname="Kubernetes e2e suite" status="skipped" time="0">
              <skipped message="skipped"></skipped>
          </testcase>
          <testcase name="[It] [sig-storage] In-tree Volumes [Driver: azure-file] [Testpattern: Pre-provisioned PV (block volmode)] multiVolume [Slow] should concurrently access the single volume from pods on the same node" classname="Kubernetes e2e suite" status="skipped" time="0">
              <skipped message="skipped"></skipped>
          </testcase>
          <testcase name="[It] [sig-node] Container Lifecycle Hook when create a pod with lifecycle hook should execute poststart http hook properly [NodeConformance] [Conformance]" classname="Kubernetes e2e suite" status="passed" time="8.186866607"></testcase>
          <testcase name="[It] [sig-storage] In-tree Volumes [Driver: local] [LocalVolumeType: dir-link] [Testpattern: Generic Ephemeral-volume (block volmode) (late-binding)] ephemeral should create read-only inline ephemeral volume" classname="Kubernetes e2e suite" status="skipped" time="0">
              <skipped message="skipped"></skipped>
          </testcase>
          <testcase name="[It] [sig-storage] In-tree Volumes [Driver: local] [LocalVolumeType: dir-link] [Testpattern: Pre-provisioned PV (block volmode)] multiVolume [Slow] should concurrently access the volume and its clone from pods on the same node [LinuxOnly] [Feature:VolumeSourceXFS]" classname="Kubernetes e2e suite" status="skipped" time="0">
              <skipped message="skipped"></skipped>
          </testcase>
          <testcase name="[It] [sig-storage] CSI Volumes [Driver: csi-hostpath] [Testpattern: Pre-provisioned PV (default fs)] volumeIO should write files of various sizes, verify size, validate content [Slow]" classname="Kubernetes e2e suite" status="skipped" time="0">
              <skipped message="skipped"></skipped>
          </testcase>
          <testcase name="[It] [sig-storage] In-tree Volumes [Driver: local] [LocalVolumeType: blockfs] [Testpattern: Dynamic PV (block volmode)] provisioning should provision storage with pvc data source" classname="Kubernetes e2e suite" status="skipped" time="0">
              <skipped message="skipped"></skipped>
          </testcase>
          <testcase name="[It] [sig-storage] CSI Mock volume limit CSI volume limit information using mock driver should report attach limit for generic ephemeral volume when persistent volume is attached [Slow]" classname="Kubernetes e2e suite" status="skipped" time="0">
              <skipped message="skipped"></skipped>
          </testcase>
          <testcase name="[It] [sig-storage] CSI Mock workload info CSI workload information using mock driver should not be passed when CSIDriver does not exist" classname="Kubernetes e2e suite" status="skipped" time="0">
              <skipped message="skipped"></skipped>
          </testcase>
          <testcase name="[It] [sig-storage] In-tree Volumes [Driver: nfs] [Testpattern: Dynamic PV (ntfs)] [Feature:Windows] provisioning should provision storage with snapshot data source [Feature:VolumeSnapshotDataSource]" classname="Kubernetes e2e suite" status="skipped" time="0">
              <skipped message="skipped"></skipped>
          </testcase>
          <testcase name="[It] [sig-storage] In-tree Volumes [Driver: ceph] [Feature:Volumes] [Serial] [Testpattern: Dynamic PV (default fs)] volume-stress multiple pods should access different volumes repeatedly [Slow] [Serial]" classname="Kubernetes e2e suite" status="skipped" time="0">
              <skipped message="skipped"></skipped>
          </testcase>
          <testcase name="[It] [sig-network] Services should be able to up and down services" classname="Kubernetes e2e suite" status="skipped" time="0">
              <skipped message="skipped"></skipped>
          </testcase>
          <testcase name="[It] [sig-storage] In-tree Volumes [Driver: emptydir] [Testpattern: Pre-provisioned PV (block volmode)] volumeMode should fail to create pod by failing to mount volume [Slow]" classname="Kubernetes e2e suite" status="skipped" time="0">
              <skipped message="skipped"></skipped>
          </testcase>
          <testcase name="[It] [sig-storage] CSI Volumes [Driver: csi-hostpath] [Testpattern: Dynamic PV (ntfs)] [Feature:Windows] provisioning should provision storage with mount options" classname="Kubernetes e2e suite" status="skipped" time="0">
              <skipped message="skipped"></skipped>
          </testcase>
          <testcase name="[It] [sig-node] ConfigMap should fail to create ConfigMap with empty key [Conformance]" classname="Kubernetes e2e suite" status="passed" time="0.044992771"></testcase>
          <testcase name="[It] [sig-storage] In-tree Volumes [Driver: cinder] [Testpattern: Pre-provisioned PV (filesystem volmode)] disruptive [Disruptive] [LinuxOnly] Should test that pv used in a pod that is deleted while the kubelet is down is usable by a new pod with a different SELinux context when kubelet returns [Feature:SELinux]" classname="Kubernetes e2e suite" status="skipped" time="0">
              <skipped message="skipped"></skipped>
          </testcase>
          <testcase name="[It] [sig-storage] In-tree Volumes [Driver: ceph] [Feature:Volumes] [Serial] [Testpattern: Generic Ephemeral-volume (default fs) (immediate-binding)] ephemeral should create read-only inline ephemeral volume" classname="Kubernetes e2e suite" status="skipped" time="0">
              <skipped message="skipped"></skipped>
          </testcase>
          <testcase name="[It] [sig-storage] In-tree Volumes [Driver: local] [LocalVolumeType: block] [Testpattern: Inline-volume (default fs)] volumes should allow exec of files on the volume" classname="Kubernetes e2e suite" status="skipped" time="0">
              <skipped message="skipped"></skipped>
          </testcase>
          <testcase name="[It] [sig-storage] In-tree Volumes [Driver: local] [LocalVolumeType: blockfs] [Testpattern: Inline-volume (default fs)] subPath should fail if subpath directory is outside the volume [Slow] [LinuxOnly]" classname="Kubernetes e2e suite" status="skipped" time="0">
              <skipped message="skipped"></skipped>
          </testcase>
          <testcase name="[It] [sig-storage] In-tree Volumes [Driver: local] [LocalVolumeType: tmpfs] [Testpattern: Pre-provisioned PV (block volmode)] multiVolume [Slow] should concurrently access the single volume from pods on the same node" classname="Kubernetes e2e suite" status="skipped" time="0">
              <skipped message="skipped"></skipped>
          </testcase>
          <testcase name="[It] [sig-storage] In-tree Volumes [Driver: ceph] [Feature:Volumes] [Serial] [Testpattern: Pre-provisioned PV (block volmode)] disruptive [Disruptive] [LinuxOnly] Should test that pv written before kubelet restart is readable after restart." classname="Kubernetes e2e suite" status="skipped" time="0">
              <skipped message="skipped"></skipped>
          </testcase>
          <testcase name="[It] [sig-storage] CSI Volumes [Driver: csi-hostpath] [Testpattern: Pre-provisioned PV (block volmode)] multiVolume [Slow] should concurrently access the single volume from pods on the same node" classname="Kubernetes e2e suite" status="skipped" time="0">
              <skipped message="skipped"></skipped>
          </testcase>
          <testcase name="[It] [sig-storage] In-tree Volumes [Driver: cinder] [Testpattern: Inline-volume (ext3)] volumes should allow exec of files on the volume" classname="Kubernetes e2e suite" status="skipped" time="0">
              <skipped message="skipped"></skipped>
          </testcase>
          <testcase name="[It] [sig-storage] In-tree Volumes [Driver: local] [LocalVolumeType: dir-link-bindmounted] [Testpattern: Dynamic PV (ntfs)] [Feature:Windows] multiVolume [Slow] should access to two volumes with the same volume mode and retain data across pod recreation on different node" classname="Kubernetes e2e suite" status="skipped" time="0">
              <skipped message="skipped"></skipped>
          </testcase>
          <testcase name="[It] [sig-storage] In-tree Volumes [Driver: azure-file] [Testpattern: Inline-volume (ext3)] volumes should store data" classname="Kubernetes e2e suite" status="skipped" time="0">
              <skipped message="skipped"></skipped>
          </testcase>
          <testcase name="[It] [sig-storage] PersistentVolumes-local [Volume type: dir] Two pods mounting a local volume one after the other should be able to write from pod1 and read from pod2" classname="Kubernetes e2e suite" status="skipped" time="0">
              <skipped message="skipped"></skipped>
          </testcase>
          <testcase name="[It] [sig-storage] In-tree Volumes [Driver: local] [LocalVolumeType: block] [Testpattern: Dynamic PV (default fs)] subPath should support existing directory" classname="Kubernetes e2e suite" status="skipped" time="0">
              <skipped message="skipped"></skipped>
          </testcase>
          <testcase name="[It] [sig-storage] In-tree Volumes [Driver: local] [LocalVolumeType: dir-link-bindmounted] [Testpattern: Dynamic PV (ext4)] volumes should allow exec of files on the volume" classname="Kubernetes e2e suite" status="skipped" time="0">
              <skipped message="skipped"></skipped>
          </testcase>
          <testcase name="[It] [sig-storage] In-tree Volumes [Driver: local] [LocalVolumeType: dir] [Testpattern: Inline-volume (default fs)] volumes should store data" classname="Kubernetes e2e suite" status="skipped" time="0">
              <skipped message="skipped"></skipped>
          </testcase>
          <testcase name="[It] [sig-apps] CronJob should schedule multiple jobs concurrently [Conformance]" classname="Kubernetes e2e suite" status="passed" time="112.061791227"></testcase>
          <testcase name="[It] [sig-storage] In-tree Volumes [Driver: local] [LocalVolumeType: gce-localssd-scsi-fs] [Serial] [Testpattern: Pre-provisioned PV (default fs)] volumes should store data" classname="Kubernetes e2e suite" status="skipped" time="0">
              <skipped message="skipped"></skipped>
          </testcase>
          <testcase name="[It] [sig-storage] CSI Volumes [Driver: pd.csi.storage.gke.io] [Serial] [Testpattern: Pre-provisioned PV (block volmode)] multiVolume [Slow] should concurrently access the single read-only volume from pods on the same node" classname="Kubernetes e2e suite" status="skipped" time="0">
              <skipped message="skipped"></skipped>
          </testcase>
          <testcase name="[It] [sig-storage] In-tree Volumes [Driver: vsphere] [Testpattern: Dynamic PV (xfs)] [Slow] multiVolume [Slow] should access to two volumes with different volume mode and retain data across pod recreation on different node" classname="Kubernetes e2e suite" status="skipped" time="0">
              <skipped message="skipped"></skipped>
          </testcase>
          <testcase name="[It] [sig-storage] In-tree Volumes [Driver: iscsi] [Feature:Volumes] [Testpattern: Inline-volume (default fs)] subPath should support restarting containers using file as subpath [Slow] [LinuxOnly]" classname="Kubernetes e2e suite" status="skipped" time="0">
              <skipped message="skipped"></skipped>
          </testcase>
          <testcase name="[It] [sig-storage] In-tree Volumes [Driver: local] [LocalVolumeType: dir-bindmounted] [Testpattern: Pre-provisioned PV (ext4)] volumes should store data" classname="Kubernetes e2e suite" status="skipped" time="0">
              <skipped message="skipped"></skipped>
          </testcase>
          <testcase name="[It] [sig-storage] In-tree Volumes [Driver: azure-file] [Testpattern: Dynamic PV (ntfs)] [Feature:Windows] subPath should support existing single file [LinuxOnly]" classname="Kubernetes e2e suite" status="skipped" time="0">
              <skipped message="skipped"></skipped>
          </testcase>
          <testcase name="[It] [sig-network] Networking Granular Checks: Pods should function for node-pod communication: sctp [LinuxOnly] [Feature:SCTPConnectivity]" classname="Kubernetes e2e suite" status="skipped" time="0">
              <skipped message="skipped"></skipped>
          </testcase>
          <testcase name="[It] [sig-storage] In-tree Volumes [Driver: iscsi] [Feature:Volumes] [Testpattern: Inline-volume (default fs)] volumes should store data" classname="Kubernetes e2e suite" status="skipped" time="0">
              <skipped message="skipped"></skipped>
          </testcase>
          <testcase name="[It] [sig-storage] In-tree Volumes [Driver: aws] [Testpattern: Dynamic PV (block volmode)] provisioning should provision storage with snapshot data source [Feature:VolumeSnapshotDataSource]" classname="Kubernetes e2e suite" status="skipped" time="0">
              <skipped message="skipped"></skipped>
          </testcase>
          <testcase name="[It] [sig-node] Pod InPlace Resize Container [Feature:InPlacePodVerticalScaling] Guaranteed QoS pod, one container - increase CPU &amp; memory" classname="Kubernetes e2e suite" status="skipped" time="0">
              <skipped message="skipped"></skipped>
          </testcase>
          <testcase name="[It] [sig-node] Pod InPlace Resize Container [Feature:InPlacePodVerticalScaling] Guaranteed QoS pod, one container - decrease CPU &amp; memory" classname="Kubernetes e2e suite" status="skipped" time="0">
              <skipped message="skipped"></skipped>
          </testcase>
          <testcase name="[It] [sig-storage] In-tree Volumes [Driver: local] [LocalVolumeType: block] [Testpattern: Pre-provisioned PV (filesystem volmode)] multiVolume [Slow] should access to two volumes with the same volume mode and retain data across pod recreation on the same node" classname="Kubernetes e2e suite" status="skipped" time="0">
              <skipped message="skipped"></skipped>
          </testcase>
          <testcase name="[It] [sig-storage] In-tree Volumes [Driver: local] [LocalVolumeType: gce-localssd-scsi-fs] [Serial] [Testpattern: Generic Ephemeral-volume (default fs) (immediate-binding)] ephemeral should support two pods which have the same volume definition" classname="Kubernetes e2e suite" status="skipped" time="0">
              <skipped message="skipped"></skipped>
          </testcase>
          <testcase name="[It] [sig-storage] In-tree Volumes [Driver: nfs] [Testpattern: Dynamic PV (xfs)] [Slow] multiVolume [Slow] should concurrently access the single read-only volume from pods on the same node" classname="Kubernetes e2e suite" status="skipped" time="0">
              <skipped message="skipped"></skipped>
          </testcase>
          <testcase name="[It] [sig-storage] In-tree Volumes [Driver: local] [LocalVolumeType: tmpfs] [Testpattern: Inline-volume (default fs)] subPath should support existing directory" classname="Kubernetes e2e suite" status="skipped" time="0">
              <skipped message="skipped"></skipped>
          </testcase>
          <testcase name="[It] [sig-storage] In-tree Volumes [Driver: emptydir] [Testpattern: Dynamic PV (default fs)] subPath should support readOnly file specified in the volumeMount [LinuxOnly]" classname="Kubernetes e2e suite" status="skipped" time="0">
              <skipped message="skipped"></skipped>
          </testcase>
          <testcase name="[It] [sig-storage] In-tree Volumes [Driver: local] [LocalVolumeType: dir-bindmounted] [Testpattern: Pre-provisioned PV (block volmode)] multiVolume [Slow] should concurrently access the single volume from pods on the same node" classname="Kubernetes e2e suite" status="skipped" time="0">
              <skipped message="skipped"></skipped>
          </testcase>
          <testcase name="[It] [sig-storage] In-tree Volumes [Driver: local] [LocalVolumeType: dir-bindmounted] [Testpattern: Inline-volume (xfs)] [Slow] volumes should store data" classname="Kubernetes e2e suite" status="skipped" time="0">
              <skipped message="skipped"></skipped>
          </testcase>
          <testcase name="[It] [sig-node] Probing container should *not* be restarted with a exec &#34;cat /tmp/health&#34; liveness probe [NodeConformance] [Conformance]" classname="Kubernetes e2e suite" status="passed" time="242.877415691"></testcase>
          <testcase name="[It] [sig-network] Networking Granular Checks: Pods should function for intra-pod communication: sctp [LinuxOnly] [Feature:SCTPConnectivity]" classname="Kubernetes e2e suite" status="skipped" time="0">
              <skipped message="skipped"></skipped>
          </testcase>
          <testcase name="[It] [sig-node] Kubelet [Serial] [Slow] regular resource usage tracking [Feature:RegularResourceUsageTracking] resource tracking for 0 pods per node" classname="Kubernetes e2e suite" status="skipped" time="0">
              <skipped message="skipped"></skipped>
          </testcase>
          <testcase name="[It] [sig-storage] PersistentVolumes-local StatefulSet with pod affinity [Slow] should use volumes on one node when pod has affinity" classname="Kubernetes e2e suite" status="skipped" time="0">
              <skipped message="skipped"></skipped>
          </testcase>
          <testcase name="[It] [sig-scheduling] SchedulerPredicates [Serial] validates resource limits of pods that are allowed to run [Conformance]" classname="Kubernetes e2e suite" status="passed" time="3.2325377"></testcase>
          <testcase name="[It] [sig-node] DRA [Feature:DynamicResourceAllocation] multiple nodes with network-attached resources schedules onto different nodes" classname="Kubernetes e2e suite" status="skipped" time="0">
              <skipped message="skipped"></skipped>
          </testcase>
          <testcase name="[It] [sig-api-machinery] Server request timeout default timeout should be used if the specified timeout in the request URL is 0s" classname="Kubernetes e2e suite" status="skipped" time="0">
              <skipped message="skipped"></skipped>
          </testcase>
          <testcase name="[It] [sig-storage] In-tree Volumes [Driver: cinder] [Testpattern: Dynamic PV (ntfs)(allowExpansion)] [Feature:Windows] volume-expand should resize volume when PVC is edited while pod is using it" classname="Kubernetes e2e suite" status="skipped" time="0">
              <skipped message="skipped"></skipped>
          </testcase>
          <testcase name="[It] [sig-storage] In-tree Volumes [Driver: local] [LocalVolumeType: tmpfs] [Testpattern: Dynamic PV (ntfs)] [Feature:Windows] provisioning should provision storage with pvc data source in parallel [Slow]" classname="Kubernetes e2e suite" status="skipped" time="0">
              <skipped message="skipped"></skipped>
          </testcase>
          <testcase name="[It] [sig-storage] vsphere cloud provider stress [Feature:vsphere] vsphere stress tests" classname="Kubernetes e2e suite" status="skipped" time="0">
              <skipped message="skipped"></skipped>
          </testcase>
          <testcase name="[It] [sig-storage] In-tree Volumes [Driver: cinder] [Testpattern: Inline-volume (default fs)] volumes should allow exec of files on the volume" classname="Kubernetes e2e suite" status="skipped" time="0">
              <skipped message="skipped"></skipped>
          </testcase>
          <testcase name="[It] [sig-storage] CSI Volumes [Driver: csi-hostpath] [Testpattern: Inline-volume (default fs)] subPath should support restarting containers using directory as subpath [Slow]" classname="Kubernetes e2e suite" status="skipped" time="0">
              <skipped message="skipped"></skipped>
          </testcase>
          <testcase name="[It] [sig-storage] In-tree Volumes [Driver: local] [LocalVolumeType: tmpfs] [Testpattern: Dynamic PV (ntfs)] [Feature:Windows] subPath should fail if subpath file is outside the volume [Slow] [LinuxOnly]" classname="Kubernetes e2e suite" status="skipped" time="0">
              <skipped message="skipped"></skipped>
          </testcase>
          <testcase name="[It] [sig-node] NodeLease NodeLease the kubelet should report node status infrequently" classname="Kubernetes e2e suite" status="skipped" time="0">
              <skipped message="skipped"></skipped>
          </testcase>
          <testcase name="[It] [sig-storage] [Serial] Volume metrics Ephemeral should create volume metrics with the correct BlockMode PVC ref" classname="Kubernetes e2e suite" status="skipped" time="0">
              <skipped message="skipped"></skipped>
          </testcase>
          <testcase name="[It] [sig-storage] In-tree Volumes [Driver: azure-file] [Testpattern: Dynamic PV (block volmode)(allowExpansion)] volume-expand should resize volume when PVC is edited while pod is using it" classname="Kubernetes e2e suite" status="skipped" time="0">
              <skipped message="skipped"></skipped>
          </testcase>
          <testcase name="[It] [sig-api-machinery] Namespaces [Serial] should always delete fast (ALL of 100 namespaces in 150 seconds) [Feature:ComprehensiveNamespaceDraining]" classname="Kubernetes e2e suite" status="skipped" time="0">
              <skipped message="skipped"></skipped>
          </testcase>
          <testcase name="[It] [sig-node] DRA [Feature:DynamicResourceAllocation] cluster with delayed allocation and not setting ReservedFor supports simple pod referencing external resource claim" classname="Kubernetes e2e suite" status="skipped" time="0">
              <skipped message="skipped"></skipped>
          </testcase>
          <testcase name="[It] [sig-storage] In-tree Volumes [Driver: cinder] [Testpattern: Dynamic PV (block volmode)] provisioning should provision storage with snapshot data source [Feature:VolumeSnapshotDataSource]" classname="Kubernetes e2e suite" status="skipped" time="0">
              <skipped message="skipped"></skipped>
          </testcase>
          <testcase name="[It] [sig-storage] In-tree Volumes [Driver: azure-file] [Testpattern: Dynamic PV (ntfs)] [Feature:Windows] subPath should support readOnly directory specified in the volumeMount" classname="Kubernetes e2e suite" status="skipped" time="0">
              <skipped message="skipped"></skipped>
          </testcase>
          <testcase name="[It] [sig-storage] Dynamic Provisioning DynamicProvisioner [Slow] [Feature:StorageProvider] should test that deleting a claim before the volume is provisioned deletes the volume." classname="Kubernetes e2e suite" status="skipped" time="0">
              <skipped message="skipped"></skipped>
          </testcase>
          <testcase name="[It] [sig-storage] In-tree Volumes [Driver: ceph] [Feature:Volumes] [Serial] [Testpattern: Dynamic PV (ext4)] multiVolume [Slow] should concurrently access the single read-only volume from pods on the same node" classname="Kubernetes e2e suite" status="skipped" time="0">
              <skipped message="skipped"></skipped>
          </testcase>
          <testcase name="[It] [sig-storage] In-tree Volumes [Driver: local] [LocalVolumeType: block] [Testpattern: Dynamic PV (default fs)] volumes should store data" classname="Kubernetes e2e suite" status="skipped" time="0">
              <skipped message="skipped"></skipped>
          </testcase>
          <testcase name="[It] [sig-storage] In-tree Volumes [Driver: local] [LocalVolumeType: dir-link-bindmounted] [Testpattern: Pre-provisioned PV (filesystem volmode)] disruptive [Disruptive] [LinuxOnly] Should test that pv used in a pod that is deleted while the kubelet is down is usable by a new pod with a different SELinux context when kubelet returns [Feature:SELinux]" classname="Kubernetes e2e suite" status="skipped" time="0">
              <skipped message="skipped"></skipped>
          </testcase>
          <testcase name="[It] [sig-storage] In-tree Volumes [Driver: emptydir] [Testpattern: Pre-provisioned PV (xfs)] [Slow] volumes should allow exec of files on the volume" classname="Kubernetes e2e suite" status="skipped" time="0">
              <skipped message="skipped"></skipped>
          </testcase>
          <testcase name="[It] [sig-storage] In-tree Volumes [Driver: local] [LocalVolumeType: dir-bindmounted] [Testpattern: Dynamic PV (xfs)] [Slow] volumes should allow exec of files on the volume" classname="Kubernetes e2e suite" status="skipped" time="0">
              <skipped message="skipped"></skipped>
          </testcase>
          <testcase name="[It] [sig-storage] In-tree Volumes [Driver: ceph] [Feature:Volumes] [Serial] [Testpattern: Dynamic PV (ext4)] multiVolume [Slow] should access to two volumes with the same volume mode and retain data across pod recreation on the same node" classname="Kubernetes e2e suite" status="skipped" time="0">
              <skipped message="skipped"></skipped>
          </testcase>
          <testcase name="[It] [sig-storage] In-tree Volumes [Driver: local] [LocalVolumeType: blockfs] [Testpattern: Dynamic PV (ntfs)] [Feature:Windows] subPath should support restarting containers using directory as subpath [Slow]" classname="Kubernetes e2e suite" status="skipped" time="0">
              <skipped message="skipped"></skipped>
          </testcase>
          <testcase name="[It] [sig-storage] In-tree Volumes [Driver: ceph] [Feature:Volumes] [Serial] [Testpattern: Dynamic PV (default fs)] volumes should store data" classname="Kubernetes e2e suite" status="skipped" time="0">
              <skipped message="skipped"></skipped>
          </testcase>
          <testcase name="[It] [sig-storage] In-tree Volumes [Driver: vsphere] [Testpattern: Pre-provisioned PV (default fs)] subPath should support restarting containers using file as subpath [Slow] [LinuxOnly]" classname="Kubernetes e2e suite" status="skipped" time="0">
              <skipped message="skipped"></skipped>
          </testcase>
          <testcase name="[It] [sig-storage] In-tree Volumes [Driver: nfs] [Testpattern: Dynamic PV (block volmode)] multiVolume [Slow] should concurrently access the single volume from pods on different node" classname="Kubernetes e2e suite" status="skipped" time="0">
              <skipped message="skipped"></skipped>
          </testcase>
          <testcase name="[It] [sig-storage] In-tree Volumes [Driver: azure-file] [Testpattern: Dynamic PV (ntfs)] [Feature:Windows] subPath should be able to unmount after the subpath directory is deleted [LinuxOnly]" classname="Kubernetes e2e suite" status="skipped" time="0">
              <skipped message="skipped"></skipped>
          </testcase>
          <testcase name="[It] [sig-storage] In-tree Volumes [Driver: local] [LocalVolumeType: blockfs] [Testpattern: Dynamic PV (default fs)] fsgroupchangepolicy (OnRootMismatch)[LinuxOnly], pod created with an initial fsgroup, volume contents ownership changed via chgrp in first pod, new pod with different fsgroup applied to the volume contents" classname="Kubernetes e2e suite" status="skipped" time="0">
              <skipped message="skipped"></skipped>
          </testcase>
          <testcase name="[It] [sig-api-machinery] Garbage collector should keep the rc around until all its pods are deleted if the deleteOptions says so [Conformance]" classname="Kubernetes e2e suite" status="passed" time="13.076593441"></testcase>
          <testcase name="[It] [sig-storage] In-tree Volumes [Driver: local] [LocalVolumeType: tmpfs] [Testpattern: Inline-volume (default fs)] subPath should unmount if pod is force deleted while kubelet is down [Disruptive] [Slow] [LinuxOnly]" classname="Kubernetes e2e suite" status="skipped" time="0">
              <skipped message="skipped"></skipped>
          </testcase>
          <testcase name="[It] [sig-storage] In-tree Volumes [Driver: local] [LocalVolumeType: tmpfs] [Testpattern: Dynamic PV (filesystem volmode)] multiVolume [Slow] should access to two volumes with the same volume mode and retain data across pod recreation on the same node" classname="Kubernetes e2e suite" status="skipped" time="0">
              <skipped message="skipped"></skipped>
          </testcase>
          <testcase name="[It] [sig-storage] In-tree Volumes [Driver: azure-disk] [Testpattern: Dynamic PV (default fs)] fsgroupchangepolicy (OnRootMismatch)[LinuxOnly], pod created with an initial fsgroup, new pod fsgroup applied to volume contents" classname="Kubernetes e2e suite" status="skipped" time="0">
              <skipped message="skipped"></skipped>
          </testcase>
          <testcase name="[It] [sig-storage] In-tree Volumes [Driver: local] [LocalVolumeType: gce-localssd-scsi-fs] [Serial] [Testpattern: Inline-volume (ntfs)] [Feature:Windows] volumes should store data" classname="Kubernetes e2e suite" status="skipped" time="0">
              <skipped message="skipped"></skipped>
          </testcase>
          <testcase name="[It] [sig-storage] In-tree Volumes [Driver: vsphere] [Testpattern: Pre-provisioned PV (default fs)] volumeIO should write files of various sizes, verify size, validate content [Slow]" classname="Kubernetes e2e suite" status="skipped" time="0">
              <skipped message="skipped"></skipped>
          </testcase>
          <testcase name="[It] [sig-storage] In-tree Volumes [Driver: iscsi] [Feature:Volumes] [Testpattern: Inline-volume (default fs)] subPath should support readOnly file specified in the volumeMount [LinuxOnly]" classname="Kubernetes e2e suite" status="skipped" time="0">
              <skipped message="skipped"></skipped>
          </testcase>
          <testcase name="[It] [sig-storage] In-tree Volumes [Driver: local] [LocalVolumeType: dir-bindmounted] [Testpattern: Pre-provisioned PV (filesystem volmode)] multiVolume [Slow] should access to two volumes with different volume mode and retain data across pod recreation on different node" classname="Kubernetes e2e suite" status="skipped" time="0">
              <skipped message="skipped"></skipped>
          </testcase>
          <testcase name="[It] [sig-api-machinery] OpenAPIV3 should publish OpenAPI V3 for CustomResourceDefinition" classname="Kubernetes e2e suite" status="skipped" time="0">
              <skipped message="skipped"></skipped>
          </testcase>
          <testcase name="[It] [sig-storage] In-tree Volumes [Driver: ceph] [Feature:Volumes] [Serial] [Testpattern: Pre-provisioned PV (filesystem volmode)] disruptive [Disruptive] [LinuxOnly] Should test that pv used in a pod that is force deleted while the kubelet is down is usable by a new pod when kubelet returns [Feature:SELinux]" classname="Kubernetes e2e suite" status="skipped" time="0">
              <skipped message="skipped"></skipped>
          </testcase>
          <testcase name="[It] [sig-cli] Kubectl client Simple pod Kubectl run running a successful command" classname="Kubernetes e2e suite" status="skipped" time="0">
              <skipped message="skipped"></skipped>
          </testcase>
          <testcase name="[It] [sig-storage] In-tree Volumes [Driver: aws] [Testpattern: Pre-provisioned PV (default fs)] subPath should support readOnly directory specified in the volumeMount" classname="Kubernetes e2e suite" status="skipped" time="0">
              <skipped message="skipped"></skipped>
          </testcase>
          <testcase name="[It] [sig-storage] In-tree Volumes [Driver: ceph] [Feature:Volumes] [Serial] [Testpattern: Pre-provisioned PV (default fs)] subPath should support non-existent path" classname="Kubernetes e2e suite" status="skipped" time="0">
              <skipped message="skipped"></skipped>
          </testcase>
          <testcase name="[It] [sig-storage] In-tree Volumes [Driver: aws] [Testpattern: Dynamic PV (ntfs)] [Feature:Windows] provisioning should provision storage with any volume data source [Serial]" classname="Kubernetes e2e suite" status="skipped" time="0">
              <skipped message="skipped"></skipped>
          </testcase>
          <testcase name="[It] [sig-node] Secrets should patch a secret [Conformance]" classname="Kubernetes e2e suite" status="passed" time="0.063251284"></testcase>
          <testcase name="[It] [sig-apps] Daemon set [Serial] should run and stop simple daemon [Conformance]" classname="Kubernetes e2e suite" status="passed" time="5.735781695"></testcase>
          <testcase name="[It] [sig-storage] In-tree Volumes [Driver: hostPath] [Testpattern: Dynamic PV (default fs)] subPath should support creating multiple subpath from same volumes [Slow]" classname="Kubernetes e2e suite" status="skipped" time="0">
              <skipped message="skipped"></skipped>
          </testcase>
          <testcase name="[It] [sig-storage] In-tree Volumes [Driver: azure-file] [Testpattern: Pre-provisioned PV (filesystem volmode)] multiVolume [Slow] should concurrently access the single volume from pods on different node" classname="Kubernetes e2e suite" status="skipped" time="0">
              <skipped message="skipped"></skipped>
          </testcase>
          <testcase name="[It] [sig-storage] In-tree Volumes [Driver: local] [LocalVolumeType: blockfs] [Testpattern: Generic Ephemeral-volume (block volmode) (late-binding)] ephemeral should support two pods which have the same volume definition" classname="Kubernetes e2e suite" status="skipped" time="0">
              <skipped message="skipped"></skipped>
          </testcase>
          <testcase name="[It] [sig-storage] In-tree Volumes [Driver: local] [LocalVolumeType: dir] [Testpattern: Generic Ephemeral-volume (default fs) (late-binding)] ephemeral should support two pods which have the same volume definition" classname="Kubernetes e2e suite" status="skipped" time="0">
              <skipped message="skipped"></skipped>
          </testcase>
          <testcase name="[It] [sig-storage] In-tree Volumes [Driver: azure-file] [Testpattern: Dynamic PV (default fs)] subPath should support creating multiple subpath from same volumes [Slow]" classname="Kubernetes e2e suite" status="skipped" time="0">
              <skipped message="skipped"></skipped>
          </testcase>
          <testcase name="[It] [sig-storage] In-tree Volumes [Driver: local] [LocalVolumeType: dir-link-bindmounted] [Testpattern: Generic Ephemeral-volume (block volmode) (late-binding)] ephemeral should create read-only inline ephemeral volume" classname="Kubernetes e2e suite" status="skipped" time="0">
              <skipped message="skipped"></skipped>
          </testcase>
          <testcase name="[It] [sig-apps] StatefulSet Non-retain StatefulSetPersistentVolumeClaimPolicy should delete PVCs with a WhenDeleted policy" classname="Kubernetes e2e suite" status="skipped" time="0">
              <skipped message="skipped"></skipped>
          </testcase>
          <testcase name="[It] [sig-storage] In-tree Volumes [Driver: rbd] [Feature:Volumes] [Serial] [Testpattern: Dynamic PV (filesystem volmode)] multiVolume [Slow] should access to two volumes with the same volume mode and retain data across pod recreation on the same node" classname="Kubernetes e2e suite" status="skipped" time="0">
              <skipped message="skipped"></skipped>
          </testcase>
          <testcase name="[It] [sig-storage] In-tree Volumes [Driver: nfs] [Testpattern: Dynamic PV (default fs)] subPath should support restarting containers using directory as subpath [Slow]" classname="Kubernetes e2e suite" status="skipped" time="0">
              <skipped message="skipped"></skipped>
          </testcase>
          <testcase name="[It] [sig-storage] CSI Volumes [Driver: pd.csi.storage.gke.io] [Serial] [Testpattern: Pre-provisioned PV (default fs)] volumes should store data" classname="Kubernetes e2e suite" status="skipped" time="0">
              <skipped message="skipped"></skipped>
          </testcase>
          <testcase name="[It] [sig-storage] In-tree Volumes [Driver: local] [LocalVolumeType: tmpfs] [Testpattern: Inline-volume (default fs)] volumes should allow exec of files on the volume" classname="Kubernetes e2e suite" status="skipped" time="0">
              <skipped message="skipped"></skipped>
          </testcase>
          <testcase name="[It] [sig-node] PodTemplates should run the lifecycle of PodTemplates [Conformance]" classname="Kubernetes e2e suite" status="passed" time="0.053551018"></testcase>
          <testcase name="[It] [sig-storage] In-tree Volumes [Driver: local] [LocalVolumeType: blockfs] [Testpattern: Inline-volume (default fs)] subPath should verify container cannot write to subpath readonly volumes [Slow]" classname="Kubernetes e2e suite" status="skipped" time="0">
              <skipped message="skipped"></skipped>
          </testcase>
          <testcase name="[It] [sig-api-machinery] ResourceQuota should create a ResourceQuota and capture the life of a pod. [Conformance]" classname="Kubernetes e2e suite" status="passed" time="13.138085284"></testcase>
          <testcase name="[It] [sig-storage] In-tree Volumes [Driver: local] [LocalVolumeType: blockfs] [Testpattern: Pre-provisioned PV (block volmode)] multiVolume [Slow] should concurrently access the volume and restored snapshot from pods on the same node [LinuxOnly] [Feature:VolumeSnapshotDataSource] [Feature:VolumeSourceXFS]" classname="Kubernetes e2e suite" status="skipped" time="0">
              <skipped message="skipped"></skipped>
          </testcase>
          <testcase name="[It] [sig-storage] In-tree Volumes [Driver: local] [LocalVolumeType: dir-link-bindmounted] [Testpattern: Dynamic PV (ntfs)] [Feature:Windows] subPath should fail if subpath with backstepping is outside the volume [Slow] [LinuxOnly]" classname="Kubernetes e2e suite" status="skipped" time="0">
              <skipped message="skipped"></skipped>
          </testcase>
          <testcase name="[It] [sig-storage] In-tree Volumes [Driver: vsphere] [Testpattern: Inline-volume (default fs)] subPath should unmount if pod is gracefully deleted while kubelet is down [Disruptive] [Slow] [LinuxOnly]" classname="Kubernetes e2e suite" status="skipped" time="0">
              <skipped message="skipped"></skipped>
          </testcase>
          <testcase name="[It] [sig-storage] In-tree Volumes [Driver: emptydir] [Testpattern: Dynamic PV (ntfs)] [Feature:Windows] subPath should unmount if pod is force deleted while kubelet is down [Disruptive] [Slow] [LinuxOnly]" classname="Kubernetes e2e suite" status="skipped" time="0">
              <skipped message="skipped"></skipped>
          </testcase>
          <testcase name="[It] [sig-storage] In-tree Volumes [Driver: hostPathSymlink] [Testpattern: Dynamic PV (xfs)] [Slow] multiVolume [Slow] should concurrently access the volume and restored snapshot from pods on the same node [LinuxOnly] [Feature:VolumeSnapshotDataSource] [Feature:VolumeSourceXFS]" classname="Kubernetes e2e suite" status="skipped" time="0">
              <skipped message="skipped"></skipped>
          </testcase>
          <testcase name="[It] [sig-storage] In-tree Volumes [Driver: rbd] [Feature:Volumes] [Serial] [Testpattern: Inline-volume (default fs)] subPath should fail if non-existent subpath is outside the volume [Slow] [LinuxOnly]" classname="Kubernetes e2e suite" status="skipped" time="0">
              <skipped message="skipped"></skipped>
          </testcase>
          <testcase name="[It] [sig-storage] CSI Volumes [Driver: pd.csi.storage.gke.io] [Serial] [Testpattern: Dynamic Snapshot (retain policy)] snapshottable [Feature:VolumeSnapshotDataSource] volume snapshot controller  should check snapshot fields, check restore correctly works, check deletion (ephemeral)" classname="Kubernetes e2e suite" status="skipped" time="0">
              <skipped message="skipped"></skipped>
          </testcase>
          <testcase name="[It] [sig-storage] In-tree Volumes [Driver: local] [LocalVolumeType: dir-bindmounted] [Testpattern: Generic Ephemeral-volume (default fs) (immediate-binding)] ephemeral should support multiple inline ephemeral volumes" classname="Kubernetes e2e suite" status="skipped" time="0">
              <skipped message="skipped"></skipped>
          </testcase>
          <testcase name="[It] [sig-storage] In-tree Volumes [Driver: hostPathSymlink] [Testpattern: Dynamic PV (ext4)] multiVolume [Slow] should concurrently access the single volume from pods on different node" classname="Kubernetes e2e suite" status="skipped" time="0">
              <skipped message="skipped"></skipped>
          </testcase>
          <testcase name="[It] [sig-storage] In-tree Volumes [Driver: hostPath] [Testpattern: Pre-provisioned PV (block volmode)] multiVolume [Slow] should concurrently access the volume and its clone from pods on the same node [LinuxOnly] [Feature:VolumeSourceXFS]" classname="Kubernetes e2e suite" status="skipped" time="0">
              <skipped message="skipped"></skipped>
          </testcase>
          <testcase name="[It] [sig-auth] [Feature:NodeAuthorizer] Getting an existing secret should exit with the Forbidden error" classname="Kubernetes e2e suite" status="skipped" time="0">
              <skipped message="skipped"></skipped>
          </testcase>
          <testcase name="[It] [sig-storage] In-tree Volumes [Driver: local] [LocalVolumeType: blockfs] [Testpattern: Inline-volume (ext3)] volumes should allow exec of files on the volume" classname="Kubernetes e2e suite" status="skipped" time="0">
              <skipped message="skipped"></skipped>
          </testcase>
          <testcase name="[It] [sig-storage] In-tree Volumes [Driver: rbd] [Feature:Volumes] [Serial] [Testpattern: Dynamic PV (default fs)(allowExpansion)] volume-expand should resize volume when PVC is edited while pod is using it" classname="Kubernetes e2e suite" status="skipped" time="0">
              <skipped message="skipped"></skipped>
          </testcase>
          <testcase name="[It] [sig-storage] PersistentVolumes-local [Volume type: dir-link] Two pods mounting a local volume at the same time should be able to write from pod1 and read from pod2" classname="Kubernetes e2e suite" status="skipped" time="0">
              <skipped message="skipped"></skipped>
          </testcase>
          <testcase name="[It] [sig-storage] In-tree Volumes [Driver: emptydir] [Testpattern: Pre-provisioned PV (filesystem volmode)] multiVolume [Slow] should concurrently access the single volume from pods on different node" classname="Kubernetes e2e suite" status="skipped" time="0">
              <skipped message="skipped"></skipped>
          </testcase>
          <testcase name="[It] [sig-storage] In-tree Volumes [Driver: local] [LocalVolumeType: gce-localssd-scsi-fs] [Serial] [Testpattern: Dynamic PV (ntfs)] [Feature:Windows] multiVolume [Slow] should concurrently access the single read-only volume from pods on the same node" classname="Kubernetes e2e suite" status="skipped" time="0">
              <skipped message="skipped"></skipped>
          </testcase>
          <testcase name="[It] [sig-api-machinery] AdmissionWebhook [Privileged:ClusterAdmin] should mutate pod and apply defaults after mutation [Conformance]" classname="Kubernetes e2e suite" status="passed" time="3.6299390259999997"></testcase>
          <testcase name="[It] [sig-storage] In-tree Volumes [Driver: local] [LocalVolumeType: dir-link] [Testpattern: Pre-provisioned PV (block volmode)] multiVolume [Slow] should concurrently access the volume and restored snapshot from pods on the same node [LinuxOnly] [Feature:VolumeSnapshotDataSource] [Feature:VolumeSourceXFS]" classname="Kubernetes e2e suite" status="skipped" time="0">
              <skipped message="skipped"></skipped>
          </testcase>
          <testcase name="[It] [sig-storage] CSI Volumes [Driver: csi-hostpath] [Testpattern: Dynamic PV (xfs)] [Slow] multiVolume [Slow] should access to two volumes with the same volume mode and retain data across pod recreation on different node" classname="Kubernetes e2e suite" status="skipped" time="0">
              <skipped message="skipped"></skipped>
          </testcase>
          <testcase name="[It] [sig-storage] In-tree Volumes [Driver: local] [LocalVolumeType: block] [Testpattern: Dynamic PV (block volmode)] provisioning should provision storage with snapshot data source (ROX mode) [Feature:VolumeSnapshotDataSource]" classname="Kubernetes e2e suite" status="skipped" time="0">
              <skipped message="skipped"></skipped>
          </testcase>
          <testcase name="[It] [sig-storage] In-tree Volumes [Driver: azure-file] [Testpattern: Dynamic PV (default fs)] volume-expand should not allow expansion of pvcs without AllowVolumeExpansion property" classname="Kubernetes e2e suite" status="skipped" time="0">
              <skipped message="skipped"></skipped>
          </testcase>
          <testcase name="[It] [sig-storage] In-tree Volumes [Driver: local] [LocalVolumeType: dir-link] [Testpattern: Pre-provisioned PV (default fs)] subPath should support existing single file [LinuxOnly]" classname="Kubernetes e2e suite" status="skipped" time="0">
              <skipped message="skipped"></skipped>
          </testcase>
          <testcase name="[It] [sig-storage] PersistentVolumes-local [Volume type: tmpfs] One pod requesting one prebound PVC should be able to mount volume and write from pod1" classname="Kubernetes e2e suite" status="skipped" time="0">
              <skipped message="skipped"></skipped>
          </testcase>
          <testcase name="[It] [sig-storage] In-tree Volumes [Driver: azure-file] [Testpattern: Dynamic PV (ntfs)(allowExpansion)] [Feature:Windows] volume-expand should resize volume when PVC is edited while pod is using it" classname="Kubernetes e2e suite" status="skipped" time="0">
              <skipped message="skipped"></skipped>
          </testcase>
          <testcase name="[It] [sig-windows] [Feature:Windows] DNS should support configurable pod DNS servers" classname="Kubernetes e2e suite" status="skipped" time="0">
              <skipped message="skipped"></skipped>
          </testcase>
          <testcase name="[It] [sig-storage] In-tree Volumes [Driver: vsphere] [Testpattern: Pre-provisioned PV (xfs)] [Slow] volumes should allow exec of files on the volume" classname="Kubernetes e2e suite" status="skipped" time="0">
              <skipped message="skipped"></skipped>
          </testcase>
          <testcase name="[It] [sig-storage] In-tree Volumes [Driver: nfs] [Testpattern: Dynamic PV (block volmode)] provisioning should provision storage with pvc data source" classname="Kubernetes e2e suite" status="skipped" time="0">
              <skipped message="skipped"></skipped>
          </testcase>
          <testcase name="[It] [sig-storage] In-tree Volumes [Driver: local] [LocalVolumeType: dir-link] [Testpattern: Dynamic PV (ext3)] volumes should allow exec of files on the volume" classname="Kubernetes e2e suite" status="skipped" time="0">
              <skipped message="skipped"></skipped>
          </testcase>
          <testcase name="[It] [sig-storage] In-tree Volumes [Driver: iscsi] [Feature:Volumes] [Testpattern: Dynamic PV (default fs)] subPath should support existing directory" classname="Kubernetes e2e suite" status="skipped" time="0">
              <skipped message="skipped"></skipped>
          </testcase>
          <testcase name="[It] [sig-apps] Daemon set [Serial] should run and stop complex daemon [Conformance]" classname="Kubernetes e2e suite" status="passed" time="6.493086499"></testcase>
          <testcase name="[It] [sig-storage] In-tree Volumes [Driver: local] [LocalVolumeType: dir-link-bindmounted] [Testpattern: Pre-provisioned PV (block volmode)] multiVolume [Slow] should access to two volumes with different volume mode and retain data across pod recreation on different node" classname="Kubernetes e2e suite" status="skipped" time="0">
              <skipped message="skipped"></skipped>
          </testcase>
          <testcase name="[It] [sig-storage] CSI Mock volume limit CSI volume limit information using mock driver should report attach limit when limit is bigger than 0 [Slow]" classname="Kubernetes e2e suite" status="skipped" time="0">
              <skipped message="skipped"></skipped>
          </testcase>
          <testcase name="[It] [sig-storage] CSI Volumes [Driver: pd.csi.storage.gke.io] [Serial] [Testpattern: Pre-provisioned PV (default fs)] subPath should unmount if pod is force deleted while kubelet is down [Disruptive] [Slow] [LinuxOnly]" classname="Kubernetes e2e suite" status="skipped" time="0">
              <skipped message="skipped"></skipped>
          </testcase>
          <testcase name="[It] [sig-storage] In-tree Volumes [Driver: local] [LocalVolumeType: blockfs] [Testpattern: Pre-provisioned PV (default fs)] subPath should support existing directories when readOnly specified in the volumeSource" classname="Kubernetes e2e suite" status="skipped" time="0">
              <skipped message="skipped"></skipped>
          </testcase>
          <testcase name="[It] [sig-storage] In-tree Volumes [Driver: local] [LocalVolumeType: dir-link] [Testpattern: Generic Ephemeral-volume (default fs) (immediate-binding)] ephemeral should support multiple inline ephemeral volumes" classname="Kubernetes e2e suite" status="skipped" time="0">
              <skipped message="skipped"></skipped>
          </testcase>
          <testcase name="[It] [sig-storage] Projected downwardAPI should set mode on item file [LinuxOnly] [NodeConformance] [Conformance]" classname="Kubernetes e2e suite" status="passed" time="4.097302644"></testcase>
          <testcase name="[It] [sig-storage] In-tree Volumes [Driver: ceph] [Feature:Volumes] [Serial] [Testpattern: Pre-provisioned PV (filesystem volmode)] disruptive [Disruptive] [LinuxOnly] Should test that pv used in a pod that is deleted while the kubelet is down is usable by a new pod when kubelet returns [Feature:SELinux]" classname="Kubernetes e2e suite" status="skipped" time="0">
              <skipped message="skipped"></skipped>
          </testcase>
          <testcase name="[It] [sig-scheduling] LimitRange should list, patch and delete a LimitRange by collection [Conformance]" classname="Kubernetes e2e suite" status="passed" time="0.099824621"></testcase>
          <testcase name="[It] [sig-storage] In-tree Volumes [Driver: hostPathSymlink] [Testpattern: Pre-provisioned PV (filesystem volmode)] multiVolume [Slow] should access to two volumes with the same volume mode and retain data across pod recreation on different node" classname="Kubernetes e2e suite" status="skipped" time="0">
              <skipped message="skipped"></skipped>
          </testcase>
          <testcase name="[It] [sig-storage] In-tree Volumes [Driver: iscsi] [Feature:Volumes] [Testpattern: Dynamic PV (ntfs)] [Feature:Windows] volumeIO should write files of various sizes, verify size, validate content [Slow]" classname="Kubernetes e2e suite" status="skipped" time="0">
              <skipped message="skipped"></skipped>
          </testcase>
          <testcase name="[It] [sig-storage] PersistentVolumes-local [Volume type: dir] Set fsGroup for local volume should set fsGroup for one pod [Slow]" classname="Kubernetes e2e suite" status="skipped" time="0">
              <skipped message="skipped"></skipped>
          </testcase>
          <testcase name="[It] [sig-scheduling] SchedulerPredicates [Serial] PodTopologySpread Filtering validates 4 pods with MaxSkew=1 are evenly distributed into 2 nodes" classname="Kubernetes e2e suite" status="skipped" time="0">
              <skipped message="skipped"></skipped>
          </testcase>
          <testcase name="[It] [sig-storage] In-tree Volumes [Driver: hostPath] [Testpattern: Dynamic PV (default fs)] provisioning should provision storage with pvc data source in parallel [Slow]" classname="Kubernetes e2e suite" status="skipped" time="0">
              <skipped message="skipped"></skipped>
          </testcase>
          <testcase name="[It] [sig-storage] In-tree Volumes [Driver: iscsi] [Feature:Volumes] [Testpattern: Dynamic PV (block volmode)] provisioning should provision storage with pvc data source in parallel [Slow]" classname="Kubernetes e2e suite" status="skipped" time="0">
              <skipped message="skipped"></skipped>
          </testcase>
          <testcase name="[It] [sig-storage] PersistentVolumes NFS with multiple PVs and PVCs all in same ns should create 3 PVs and 3 PVCs: test write access" classname="Kubernetes e2e suite" status="skipped" time="0">
              <skipped message="skipped"></skipped>
          </testcase>
          <testcase name="[It] [sig-storage] Volume Placement [Feature:vsphere] test back to back pod creation and deletion with different volume sources on the same worker node" classname="Kubernetes e2e suite" status="skipped" time="0">
              <skipped message="skipped"></skipped>
          </testcase>
          <testcase name="[It] [sig-storage] In-tree Volumes [Driver: local] [LocalVolumeType: blockfs] [Testpattern: Pre-provisioned PV (filesystem volmode)] multiVolume [Slow] should access to two volumes with the same volume mode and retain data across pod recreation on different node" classname="Kubernetes e2e suite" status="skipped" time="0">
              <skipped message="skipped"></skipped>
          </testcase>
          <testcase name="[It] [sig-storage] In-tree Volumes [Driver: azure-disk] [Testpattern: Dynamic PV (default fs)] provisioning should provision storage with snapshot data source (ROX mode) [Feature:VolumeSnapshotDataSource]" classname="Kubernetes e2e suite" status="skipped" time="0">
              <skipped message="skipped"></skipped>
          </testcase>
          <testcase name="[It] [sig-storage] CSI Volumes [Driver: pd.csi.storage.gke.io] [Serial] [Testpattern: Pre-provisioned PV (ext4)] volumes should allow exec of files on the volume" classname="Kubernetes e2e suite" status="skipped" time="0">
              <skipped message="skipped"></skipped>
          </testcase>
          <testcase name="[It] [sig-storage] In-tree Volumes [Driver: local] [LocalVolumeType: tmpfs] [Testpattern: Dynamic PV (ntfs)] [Feature:Windows] provisioning should provision storage with pvc data source" classname="Kubernetes e2e suite" status="skipped" time="0">
              <skipped message="skipped"></skipped>
          </testcase>
          <testcase name="[It] [sig-storage] CSI Mock volume storage capacity CSIStorageCapacity CSIStorageCapacity used, insufficient capacity" classname="Kubernetes e2e suite" status="skipped" time="0">
              <skipped message="skipped"></skipped>
          </testcase>
          <testcase name="[It] [sig-storage] CSI Volumes [Driver: pd.csi.storage.gke.io] [Serial] [Testpattern: Ephemeral Snapshot (delete policy)] snapshottable [Feature:VolumeSnapshotDataSource] volume snapshot controller  should check snapshot fields, check restore correctly works, check deletion (ephemeral)" classname="Kubernetes e2e suite" status="skipped" time="0">
              <skipped message="skipped"></skipped>
          </testcase>
          <testcase name="[It] [sig-storage] In-tree Volumes [Driver: rbd] [Feature:Volumes] [Serial] [Testpattern: Dynamic PV (ext4)] multiVolume [Slow] should concurrently access the volume and its clone from pods on the same node [LinuxOnly] [Feature:VolumeSourceXFS]" classname="Kubernetes e2e suite" status="skipped" time="0">
              <skipped message="skipped"></skipped>
          </testcase>
          <testcase name="[It] [sig-storage] In-tree Volumes [Driver: nfs] [Testpattern: Dynamic PV (ext4)] multiVolume [Slow] should access to two volumes with the same volume mode and retain data across pod recreation on different node" classname="Kubernetes e2e suite" status="skipped" time="0">
              <skipped message="skipped"></skipped>
          </testcase>
          <testcase name="[It] [sig-storage] In-tree Volumes [Driver: local] [LocalVolumeType: dir-link-bindmounted] [Testpattern: Pre-provisioned PV (default fs)] subPath should support restarting containers using directory as subpath [Slow]" classname="Kubernetes e2e suite" status="skipped" time="0">
              <skipped message="skipped"></skipped>
          </testcase>
          <testcase name="[It] [sig-storage] In-tree Volumes [Driver: emptydir] [Testpattern: Pre-provisioned PV (filesystem volmode)] disruptive [Disruptive] [LinuxOnly] Should test that pv used in a pod that is deleted while the kubelet is down is usable by a new pod with a different SELinux context when kubelet returns [Feature:SELinux]" classname="Kubernetes e2e suite" status="skipped" time="0">
              <skipped message="skipped"></skipped>
          </testcase>
          <testcase name="[It] [sig-storage] In-tree Volumes [Driver: local] [LocalVolumeType: block] [Testpattern: Dynamic PV (filesystem volmode)] multiVolume [Slow] should concurrently access the single volume from pods on the same node" classname="Kubernetes e2e suite" status="skipped" time="0">
              <skipped message="skipped"></skipped>
          </testcase>
          <testcase name="[It] [sig-storage] In-tree Volumes [Driver: emptydir] [Testpattern: Dynamic PV (filesystem volmode)] volumeMode should not mount / map unused volumes in a pod [LinuxOnly]" classname="Kubernetes e2e suite" status="skipped" time="0">
              <skipped message="skipped"></skipped>
          </testcase>
          <testcase name="[It] [sig-storage] CSI Volumes [Driver: pd.csi.storage.gke.io] [Serial] [Testpattern: Pre-provisioned PV (ext3)] volumes should store data" classname="Kubernetes e2e suite" status="skipped" time="0">
              <skipped message="skipped"></skipped>
          </testcase>
          <testcase name="[It] [sig-scheduling] SchedulerPriorities [Serial] PodTopologySpread Scoring validates pod should be preferably scheduled to node which makes the matching pods more evenly distributed" classname="Kubernetes e2e suite" status="skipped" time="0">
              <skipped message="skipped"></skipped>
          </testcase>
          <testcase name="[It] [sig-storage] In-tree Volumes [Driver: vsphere] [Testpattern: Pre-provisioned PV (ext4)] volumes should allow exec of files on the volume" classname="Kubernetes e2e suite" status="skipped" time="0">
              <skipped message="skipped"></skipped>
          </testcase>
          <testcase name="[It] [sig-storage] In-tree Volumes [Driver: local] [LocalVolumeType: dir-link] [Testpattern: Dynamic PV (default fs)] capacity provides storage capacity information" classname="Kubernetes e2e suite" status="skipped" time="0">
              <skipped message="skipped"></skipped>
          </testcase>
          <testcase name="[It] [sig-storage] In-tree Volumes [Driver: vsphere] [Testpattern: Dynamic PV (ntfs)] [Feature:Windows] provisioning should provision storage with any volume data source [Serial]" classname="Kubernetes e2e suite" status="skipped" time="0">
              <skipped message="skipped"></skipped>
          </testcase>
          <testcase name="[It] [sig-storage] CSI Volumes [Driver: csi-hostpath] [Testpattern: Pre-provisioned PV (filesystem volmode)] multiVolume [Slow] should access to two volumes with different volume mode and retain data across pod recreation on different node" classname="Kubernetes e2e suite" status="skipped" time="0">
              <skipped message="skipped"></skipped>
          </testcase>
          <testcase name="[It] [sig-network] Networking IPerf2 [Feature:Networking-Performance] should run iperf2" classname="Kubernetes e2e suite" status="skipped" time="0">
              <skipped message="skipped"></skipped>
          </testcase>
          <testcase name="[It] [sig-storage] In-tree Volumes [Driver: rbd] [Feature:Volumes] [Serial] [Testpattern: Dynamic PV (xfs)] [Slow] multiVolume [Slow] should access to two volumes with different volume mode and retain data across pod recreation on different node" classname="Kubernetes e2e suite" status="skipped" time="0">
              <skipped message="skipped"></skipped>
          </testcase>
          <testcase name="[It] [sig-storage] In-tree Volumes [Driver: hostPath] [Testpattern: Dynamic PV (ntfs)] [Feature:Windows] multiVolume [Slow] should concurrently access the single read-only volume from pods on the same node" classname="Kubernetes e2e suite" status="skipped" time="0">
              <skipped message="skipped"></skipped>
          </testcase>
          <testcase name="[It] [sig-storage] Zone Support [Feature:vsphere] Verify a pod is created and attached to a dynamically created PV, based on allowed zones specified in storage class" classname="Kubernetes e2e suite" status="skipped" time="0">
              <skipped message="skipped"></skipped>
          </testcase>
          <testcase name="[It] [sig-network] Connectivity Pod Lifecycle should be able to connect from a Pod to a terminating Pod" classname="Kubernetes e2e suite" status="skipped" time="0">
              <skipped message="skipped"></skipped>
          </testcase>
          <testcase name="[It] [sig-storage] CSI Mock volume expansion CSI Volume expansion should not expand volume if resizingOnDriver=off, resizingOnSC=on" classname="Kubernetes e2e suite" status="skipped" time="0">
              <skipped message="skipped"></skipped>
          </testcase>
          <testcase name="[It] [sig-storage] In-tree Volumes [Driver: hostPathSymlink] [Testpattern: Inline-volume (default fs)] subPath should support readOnly file specified in the volumeMount [LinuxOnly]" classname="Kubernetes e2e suite" status="skipped" time="0">
              <skipped message="skipped"></skipped>
          </testcase>
          <testcase name="[It] [sig-storage] In-tree Volumes [Driver: ceph] [Feature:Volumes] [Serial] [Testpattern: Dynamic PV (filesystem volmode)] volumeMode should not mount / map unused volumes in a pod [LinuxOnly]" classname="Kubernetes e2e suite" status="skipped" time="0">
              <skipped message="skipped"></skipped>
          </testcase>
          <testcase name="[It] [sig-storage] In-tree Volumes [Driver: ceph] [Feature:Volumes] [Serial] [Testpattern: Dynamic PV (ntfs)] [Feature:Windows] subPath should support restarting containers using file as subpath [Slow] [LinuxOnly]" classname="Kubernetes e2e suite" status="skipped" time="0">
              <skipped message="skipped"></skipped>
          </testcase>
          <testcase name="[It] [sig-storage] In-tree Volumes [Driver: local] [LocalVolumeType: gce-localssd-scsi-fs] [Serial] [Testpattern: Pre-provisioned PV (block volmode)] multiVolume [Slow] should concurrently access the volume and its clone from pods on the same node [LinuxOnly] [Feature:VolumeSourceXFS]" classname="Kubernetes e2e suite" status="skipped" time="0">
              <skipped message="skipped"></skipped>
          </testcase>
          <testcase name="[It] [sig-storage] CSI Volumes [Driver: pd.csi.storage.gke.io] [Serial] [Testpattern: Dynamic PV (ntfs)] [Feature:Windows] multiVolume [Slow] should access to two volumes with the same volume mode and retain data across pod recreation on the same node" classname="Kubernetes e2e suite" status="skipped" time="0">
              <skipped message="skipped"></skipped>
          </testcase>
          <testcase name="[It] [sig-storage] In-tree Volumes [Driver: local] [LocalVolumeType: blockfs] [Testpattern: Dynamic PV (ntfs)] [Feature:Windows] multiVolume [Slow] should concurrently access the single volume from pods on different node" classname="Kubernetes e2e suite" status="skipped" time="0">
              <skipped message="skipped"></skipped>
          </testcase>
          <testcase name="[It] [sig-storage] Secrets should be consumable from pods in volume as non-root with defaultMode and fsGroup set [LinuxOnly] [NodeConformance] [Conformance]" classname="Kubernetes e2e suite" status="passed" time="4.104367366"></testcase>
          <testcase name="[It] [sig-storage] In-tree Volumes [Driver: local] [LocalVolumeType: tmpfs] [Testpattern: Dynamic PV (filesystem volmode)] multiVolume [Slow] should concurrently access the volume and its clone from pods on the same node [LinuxOnly] [Feature:VolumeSourceXFS]" classname="Kubernetes e2e suite" status="skipped" time="0">
              <skipped message="skipped"></skipped>
          </testcase>
          <testcase name="[It] [sig-storage] PersistentVolumes NFS with Single PV - PVC pairs should create a non-pre-bound PV and PVC: test write access" classname="Kubernetes e2e suite" status="skipped" time="0">
              <skipped message="skipped"></skipped>
          </testcase>
          <testcase name="[It] [sig-instrumentation] Stackdriver Monitoring should run Stackdriver Metadata Agent [Feature:StackdriverMetadataAgent]" classname="Kubernetes e2e suite" status="skipped" time="0">
              <skipped message="skipped"></skipped>
          </testcase>
          <testcase name="[It] [sig-storage] In-tree Volumes [Driver: vsphere] [Testpattern: Dynamic PV (default fs)] subPath should fail if non-existent subpath is outside the volume [Slow] [LinuxOnly]" classname="Kubernetes e2e suite" status="skipped" time="0">
              <skipped message="skipped"></skipped>
          </testcase>
          <testcase name="[It] [sig-api-machinery] CustomResourcePublishOpenAPI [Privileged:ClusterAdmin] works for CRD with validation schema [Conformance]" classname="Kubernetes e2e suite" status="passed" time="4.217541099"></testcase>
          <testcase name="[It] [sig-storage] In-tree Volumes [Driver: local] [LocalVolumeType: dir] [Testpattern: Dynamic PV (ntfs)] [Feature:Windows] provisioning should mount multiple PV pointing to the same storage on the same node" classname="Kubernetes e2e suite" status="skipped" time="0">
              <skipped message="skipped"></skipped>
          </testcase>
          <testcase name="[It] [sig-storage] In-tree Volumes [Driver: local] [LocalVolumeType: block] [Testpattern: Dynamic PV (block volmode)] volumeMode should not mount / map unused volumes in a pod [LinuxOnly]" classname="Kubernetes e2e suite" status="skipped" time="0">
              <skipped message="skipped"></skipped>
          </testcase>
          <testcase name="[It] [sig-storage] Projected secret should be able to mount in a volume regardless of a different secret existing with same name in different namespace [NodeConformance]" classname="Kubernetes e2e suite" status="skipped" time="0">
              <skipped message="skipped"></skipped>
          </testcase>
          <testcase name="[It] [sig-storage] CSI Volumes [Driver: csi-hostpath] [Testpattern: Generic Ephemeral-volume (block volmode) (late-binding)] ephemeral should support two pods which have the same volume definition" classname="Kubernetes e2e suite" status="skipped" time="0">
              <skipped message="skipped"></skipped>
          </testcase>
          <testcase name="[It] [sig-storage] CSI Volumes [Driver: csi-hostpath] [Testpattern: Dynamic PV (ntfs)] [Feature:Windows] subPath should support non-existent path" classname="Kubernetes e2e suite" status="skipped" time="0">
              <skipped message="skipped"></skipped>
          </testcase>
          <testcase name="[It] [sig-storage] In-tree Volumes [Driver: vsphere] [Testpattern: Inline-volume (default fs)] subPath should unmount if pod is force deleted while kubelet is down [Disruptive] [Slow] [LinuxOnly]" classname="Kubernetes e2e suite" status="skipped" time="0">
              <skipped message="skipped"></skipped>
          </testcase>
          <testcase name="[It] [sig-storage] PersistentVolumes-local [Volume type: blockfswithformat] Set fsGroup for local volume should set same fsGroup for two pods simultaneously [Slow]" classname="Kubernetes e2e suite" status="skipped" time="0">
              <skipped message="skipped"></skipped>
          </testcase>
          <testcase name="[It] [sig-storage] In-tree Volumes [Driver: local] [LocalVolumeType: dir-bindmounted] [Testpattern: Dynamic PV (block volmode)] volumeMode should not mount / map unused volumes in a pod [LinuxOnly]" classname="Kubernetes e2e suite" status="skipped" time="0">
              <skipped message="skipped"></skipped>
          </testcase>
          <testcase name="[It] [sig-storage] In-tree Volumes [Driver: aws] [Testpattern: Generic Ephemeral-volume (block volmode) (late-binding)] ephemeral should create read-only inline ephemeral volume" classname="Kubernetes e2e suite" status="skipped" time="0">
              <skipped message="skipped"></skipped>
          </testcase>
          <testcase name="[It] [sig-storage] Zone Support [Feature:vsphere] Verify a pod is created and attached to a dynamically created PV with storage policy specified in storage class in waitForFirstConsumer binding mode with multiple allowedTopologies" classname="Kubernetes e2e suite" status="skipped" time="0">
              <skipped message="skipped"></skipped>
          </testcase>
          <testcase name="[It] [sig-storage] In-tree Volumes [Driver: local] [LocalVolumeType: gce-localssd-scsi-fs] [Serial] [Testpattern: Dynamic PV (block volmode)] volumes should store data" classname="Kubernetes e2e suite" status="skipped" time="0">
              <skipped message="skipped"></skipped>
          </testcase>
          <testcase name="[It] [sig-storage] In-tree Volumes [Driver: vsphere] [Testpattern: Dynamic PV (ntfs)] [Feature:Windows] subPath should support readOnly directory specified in the volumeMount" classname="Kubernetes e2e suite" status="skipped" time="0">
              <skipped message="skipped"></skipped>
          </testcase>
          <testcase name="[It] [sig-storage] In-tree Volumes [Driver: local] [LocalVolumeType: tmpfs] [Testpattern: Dynamic PV (block volmode)] provisioning should provision storage with pvc data source in parallel [Slow]" classname="Kubernetes e2e suite" status="skipped" time="0">
              <skipped message="skipped"></skipped>
          </testcase>
          <testcase name="[It] [sig-instrumentation] MetricsGrabber should grab all metrics from API server." classname="Kubernetes e2e suite" status="skipped" time="0">
              <skipped message="skipped"></skipped>
          </testcase>
          <testcase name="[It] [sig-storage] In-tree Volumes [Driver: local] [LocalVolumeType: dir-link-bindmounted] [Testpattern: Dynamic PV (xfs)] [Slow] multiVolume [Slow] should access to two volumes with the same volume mode and retain data across pod recreation on different node" classname="Kubernetes e2e suite" status="skipped" time="0">
              <skipped message="skipped"></skipped>
          </testcase>
          <testcase name="[It] [sig-storage] In-tree Volumes [Driver: local] [LocalVolumeType: gce-localssd-scsi-fs] [Serial] [Testpattern: Dynamic PV (ext3)] volumes should allow exec of files on the volume" classname="Kubernetes e2e suite" status="skipped" time="0">
              <skipped message="skipped"></skipped>
          </testcase>
          <testcase name="[It] [sig-storage] In-tree Volumes [Driver: local] [LocalVolumeType: blockfs] [Testpattern: Dynamic PV (block volmode)] multiVolume [Slow] should access to two volumes with the same volume mode and retain data across pod recreation on the same node" classname="Kubernetes e2e suite" status="skipped" time="0">
              <skipped message="skipped"></skipped>
          </testcase>
          <testcase name="[It] [sig-storage] CSI Volumes [Driver: pd.csi.storage.gke.io] [Serial] [Testpattern: Dynamic PV (xfs)] [Slow] volumes should store data" classname="Kubernetes e2e suite" status="skipped" time="0">
              <skipped message="skipped"></skipped>
          </testcase>
          <testcase name="[It] [sig-storage] In-tree Volumes [Driver: azure-disk] [Testpattern: Pre-provisioned PV (block volmode)] disruptive [Disruptive] [LinuxOnly] Should test that pv used in a pod that is force deleted while the kubelet is down cleans up when the kubelet returns." classname="Kubernetes e2e suite" status="skipped" time="0">
              <skipped message="skipped"></skipped>
          </testcase>
          <testcase name="[It] [sig-storage] In-tree Volumes [Driver: azure-disk] [Testpattern: Dynamic PV (xfs)] [Slow] multiVolume [Slow] should access to two volumes with different volume mode and retain data across pod recreation on different node" classname="Kubernetes e2e suite" status="skipped" time="0">
              <skipped message="skipped"></skipped>
          </testcase>
          <testcase name="[It] [sig-storage] PersistentVolumes NFS with multiple PVs and PVCs all in same ns should create 4 PVs and 2 PVCs: test write access [Slow]" classname="Kubernetes e2e suite" status="skipped" time="0">
              <skipped message="skipped"></skipped>
          </testcase>
          <testcase name="[It] [sig-storage] In-tree Volumes [Driver: local] [LocalVolumeType: blockfs] [Testpattern: Inline-volume (default fs)] subPath should unmount if pod is gracefully deleted while kubelet is down [Disruptive] [Slow] [LinuxOnly]" classname="Kubernetes e2e suite" status="skipped" time="0">
              <skipped message="skipped"></skipped>
          </testcase>
          <testcase name="[It] [sig-storage] In-tree Volumes [Driver: nfs] [Testpattern: Dynamic PV (default fs)] provisioning should provision storage with pvc data source" classname="Kubernetes e2e suite" status="skipped" time="0">
              <skipped message="skipped"></skipped>
          </testcase>
          <testcase name="[It] [sig-storage] In-tree Volumes [Driver: iscsi] [Feature:Volumes] [Testpattern: Dynamic PV (xfs)] [Slow] multiVolume [Slow] should access to two volumes with the same volume mode and retain data across pod recreation on different node" classname="Kubernetes e2e suite" status="skipped" time="0">
              <skipped message="skipped"></skipped>
          </testcase>
          <testcase name="[It] [sig-storage] CSI Volumes [Driver: csi-hostpath] [Testpattern: Dynamic PV (filesystem volmode)] disruptive [Disruptive] [LinuxOnly] Should test that pv used in a pod that is force deleted while the kubelet is down is usable by a new pod with a different SELinux context when kubelet returns [Feature:SELinux]" classname="Kubernetes e2e suite" status="skipped" time="0">
              <skipped message="skipped"></skipped>
          </testcase>
          <testcase name="[It] [sig-storage] In-tree Volumes [Driver: ceph] [Feature:Volumes] [Serial] [Testpattern: Pre-provisioned PV (block volmode)] multiVolume [Slow] should concurrently access the volume and restored snapshot from pods on the same node [LinuxOnly] [Feature:VolumeSnapshotDataSource] [Feature:VolumeSourceXFS]" classname="Kubernetes e2e suite" status="skipped" time="0">
              <skipped message="skipped"></skipped>
          </testcase>
          <testcase name="[It] [sig-autoscaling] [Feature:HPA] Horizontal pod autoscaling (scale resource: CPU) [Serial] [Slow] Deployment (Container Resource) Should scale from 1 pod to 3 pods and then from 3 pods to 5 pods using Average Utilization for aggregation" classname="Kubernetes e2e suite" status="skipped" time="0">
              <skipped message="skipped"></skipped>
          </testcase>
          <testcase name="[It] [sig-storage] In-tree Volumes [Driver: nfs] [Testpattern: Inline-volume (default fs)] volumes should store data" classname="Kubernetes e2e suite" status="skipped" time="0">
              <skipped message="skipped"></skipped>
          </testcase>
          <testcase name="[It] [sig-storage] In-tree Volumes [Driver: cinder] [Testpattern: Dynamic PV (ext4)] volumes should allow exec of files on the volume" classname="Kubernetes e2e suite" status="skipped" time="0">
              <skipped message="skipped"></skipped>
          </testcase>
          <testcase name="[It] [sig-storage] CSI Volumes [Driver: pd.csi.storage.gke.io] [Serial] [Testpattern: Generic Ephemeral-volume (default fs) (immediate-binding)] ephemeral should create read-only inline ephemeral volume" classname="Kubernetes e2e suite" status="skipped" time="0">
              <skipped message="skipped"></skipped>
          </testcase>
          <testcase name="[It] [sig-autoscaling] [Feature:HPA] [Serial] [Slow] Horizontal pod autoscaling (non-default behavior) with autoscaling disabled shouldn&#39;t scale down" classname="Kubernetes e2e suite" status="skipped" time="0">
              <skipped message="skipped"></skipped>
          </testcase>
          <testcase name="[It] [sig-storage] CSI Volumes [Driver: csi-hostpath] [Testpattern: Inline-volume (ext3)] volumes should store data" classname="Kubernetes e2e suite" status="skipped" time="0">
              <skipped message="skipped"></skipped>
          </testcase>
          <testcase name="[It] [sig-storage] In-tree Volumes [Driver: local] [LocalVolumeType: gce-localssd-scsi-fs] [Serial] [Testpattern: Dynamic PV (xfs)] [Slow] multiVolume [Slow] should concurrently access the single volume from pods on different node" classname="Kubernetes e2e suite" status="skipped" time="0">
              <skipped message="skipped"></skipped>
          </testcase>
          <testcase name="[It] [sig-storage] CSI Volumes [Driver: pd.csi.storage.gke.io] [Serial] [Testpattern: Generic Ephemeral-volume (default fs) (immediate-binding)] ephemeral should create read/write inline ephemeral volume" classname="Kubernetes e2e suite" status="skipped" time="0">
              <skipped message="skipped"></skipped>
          </testcase>
          <testcase name="[It] [sig-storage] In-tree Volumes [Driver: nfs] [Testpattern: Dynamic PV (delayed binding)] topology should fail to schedule a pod which has topologies that conflict with AllowedTopologies" classname="Kubernetes e2e suite" status="skipped" time="0">
              <skipped message="skipped"></skipped>
          </testcase>
          <testcase name="[It] [sig-storage] In-tree Volumes [Driver: rbd] [Feature:Volumes] [Serial] [Testpattern: Dynamic PV (default fs)] provisioning should provision storage with pvc data source in parallel [Slow]" classname="Kubernetes e2e suite" status="skipped" time="0">
              <skipped message="skipped"></skipped>
          </testcase>
          <testcase name="[It] [sig-storage] CSI Volumes [Driver: csi-hostpath] [Testpattern: Dynamic PV (block volmode)] multiVolume [Slow] should access to two volumes with the same volume mode and retain data across pod recreation on the same node" classname="Kubernetes e2e suite" status="skipped" time="0">
              <skipped message="skipped"></skipped>
          </testcase>
          <testcase name="[It] [sig-storage] In-tree Volumes [Driver: rbd] [Feature:Volumes] [Serial] [Testpattern: Dynamic PV (default fs)] provisioning should mount multiple PV pointing to the same storage on the same node" classname="Kubernetes e2e suite" status="skipped" time="0">
              <skipped message="skipped"></skipped>
          </testcase>
          <testcase name="[It] [sig-windows] [Feature:Windows] SecurityContext should be able create pods and run containers with a given username" classname="Kubernetes e2e suite" status="skipped" time="0">
              <skipped message="skipped"></skipped>
          </testcase>
          <testcase name="[It] [sig-storage] In-tree Volumes [Driver: emptydir] [Testpattern: Dynamic PV (default fs)] volumes should store data" classname="Kubernetes e2e suite" status="skipped" time="0">
              <skipped message="skipped"></skipped>
          </testcase>
          <testcase name="[It] [sig-storage] In-tree Volumes [Driver: emptydir] [Testpattern: Dynamic PV (filesystem volmode)] multiVolume [Slow] should concurrently access the volume and restored snapshot from pods on the same node [LinuxOnly] [Feature:VolumeSnapshotDataSource] [Feature:VolumeSourceXFS]" classname="Kubernetes e2e suite" status="skipped" time="0">
              <skipped message="skipped"></skipped>
          </testcase>
          <testcase name="[It] [sig-storage] In-tree Volumes [Driver: emptydir] [Testpattern: Pre-provisioned PV (default fs)] volumes should store data" classname="Kubernetes e2e suite" status="skipped" time="0">
              <skipped message="skipped"></skipped>
          </testcase>
          <testcase name="[It] [sig-storage] In-tree Volumes [Driver: local] [LocalVolumeType: blockfs] [Testpattern: Inline-volume (default fs)] subPath should support readOnly file specified in the volumeMount [LinuxOnly]" classname="Kubernetes e2e suite" status="skipped" time="0">
              <skipped message="skipped"></skipped>
          </testcase>
          <testcase name="[It] [sig-storage] In-tree Volumes [Driver: nfs] [Testpattern: Pre-provisioned PV (filesystem volmode)] multiVolume [Slow] should concurrently access the volume and restored snapshot from pods on the same node [LinuxOnly] [Feature:VolumeSnapshotDataSource] [Feature:VolumeSourceXFS]" classname="Kubernetes e2e suite" status="skipped" time="0">
              <skipped message="skipped"></skipped>
          </testcase>
          <testcase name="[It] [sig-storage] In-tree Volumes [Driver: local] [LocalVolumeType: blockfs] [Testpattern: Dynamic PV (block volmode)] provisioning should mount multiple PV pointing to the same storage on the same node" classname="Kubernetes e2e suite" status="skipped" time="0">
              <skipped message="skipped"></skipped>
          </testcase>
          <testcase name="[It] [sig-storage] In-tree Volumes [Driver: ceph] [Feature:Volumes] [Serial] [Testpattern: Inline-volume (default fs)] subPath should fail if subpath with backstepping is outside the volume [Slow] [LinuxOnly]" classname="Kubernetes e2e suite" status="skipped" time="0">
              <skipped message="skipped"></skipped>
          </testcase>
          <testcase name="[It] [sig-storage] In-tree Volumes [Driver: local] [LocalVolumeType: block] [Testpattern: Pre-provisioned PV (default fs)] subPath should support restarting containers using file as subpath [Slow] [LinuxOnly]" classname="Kubernetes e2e suite" status="skipped" time="0">
              <skipped message="skipped"></skipped>
          </testcase>
          <testcase name="[It] [sig-storage] In-tree Volumes [Driver: hostPathSymlink] [Testpattern: Dynamic PV (default fs)] fsgroupchangepolicy (Always)[LinuxOnly], pod created with an initial fsgroup, volume contents ownership changed via chgrp in first pod, new pod with different fsgroup applied to the volume contents" classname="Kubernetes e2e suite" status="skipped" time="0">
              <skipped message="skipped"></skipped>
          </testcase>
          <testcase name="[It] [sig-storage] In-tree Volumes [Driver: hostPathSymlink] [Testpattern: Dynamic PV (default fs)] subPath should support restarting containers using directory as subpath [Slow]" classname="Kubernetes e2e suite" status="skipped" time="0">
              <skipped message="skipped"></skipped>
          </testcase>
          <testcase name="[It] [sig-storage] In-tree Volumes [Driver: local] [LocalVolumeType: dir-link] [Testpattern: Dynamic PV (default fs)(allowExpansion)] volume-expand Verify if offline PVC expansion works" classname="Kubernetes e2e suite" status="skipped" time="0">
              <skipped message="skipped"></skipped>
          </testcase>
          <testcase name="[It] [sig-storage] In-tree Volumes [Driver: hostPathSymlink] [Testpattern: Dynamic PV (filesystem volmode)] multiVolume [Slow] should concurrently access the volume and its clone from pods on the same node [LinuxOnly] [Feature:VolumeSourceXFS]" classname="Kubernetes e2e suite" status="skipped" time="0">
              <skipped message="skipped"></skipped>
          </testcase>
          <testcase name="[It] [sig-storage] In-tree Volumes [Driver: hostPath] [Testpattern: Dynamic PV (block volmode)] volumeMode should fail in binding dynamic provisioned PV to PVC [Slow] [LinuxOnly]" classname="Kubernetes e2e suite" status="skipped" time="0">
              <skipped message="skipped"></skipped>
          </testcase>
          <testcase name="[It] [sig-storage] In-tree Volumes [Driver: azure-disk] [Testpattern: Generic Ephemeral-volume (default fs) (immediate-binding)] ephemeral should create read/write inline ephemeral volume" classname="Kubernetes e2e suite" status="skipped" time="0">
              <skipped message="skipped"></skipped>
          </testcase>
          <testcase name="[It] [sig-node] DRA [Feature:DynamicResourceAllocation] cluster with immediate allocation supports simple pod referencing inline resource claim" classname="Kubernetes e2e suite" status="skipped" time="0">
              <skipped message="skipped"></skipped>
          </testcase>
          <testcase name="[It] [sig-storage] HostPathType File [Slow] Should fail on mounting file &#39;afile&#39; when HostPathType is HostPathDirectory" classname="Kubernetes e2e suite" status="skipped" time="0">
              <skipped message="skipped"></skipped>
          </testcase>
          <testcase name="[It] [sig-storage] In-tree Volumes [Driver: azure-disk] [Testpattern: Pre-provisioned PV (default fs)] volumes should allow exec of files on the volume" classname="Kubernetes e2e suite" status="skipped" time="0">
              <skipped message="skipped"></skipped>
          </testcase>
          <testcase name="[It] [sig-storage] In-tree Volumes [Driver: local] [LocalVolumeType: dir] [Testpattern: Inline-volume (xfs)] [Slow] volumes should allow exec of files on the volume" classname="Kubernetes e2e suite" status="skipped" time="0">
              <skipped message="skipped"></skipped>
          </testcase>
          <testcase name="[It] [sig-storage] In-tree Volumes [Driver: local] [LocalVolumeType: dir-bindmounted] [Testpattern: Dynamic PV (xfs)] [Slow] multiVolume [Slow] should concurrently access the single volume from pods on different node" classname="Kubernetes e2e suite" status="skipped" time="0">
              <skipped message="skipped"></skipped>
          </testcase>
          <testcase name="[It] [sig-apps] StatefulSet Scaling StatefulSetStartOrdinal Increasing .start.ordinal" classname="Kubernetes e2e suite" status="skipped" time="0">
              <skipped message="skipped"></skipped>
          </testcase>
          <testcase name="[It] [sig-storage] In-tree Volumes [Driver: nfs] [Testpattern: Dynamic PV (default fs)] provisioning should provision storage with pvc data source in parallel [Slow]" classname="Kubernetes e2e suite" status="skipped" time="0">
              <skipped message="skipped"></skipped>
          </testcase>
          <testcase name="[It] [sig-storage] In-tree Volumes [Driver: emptydir] [Testpattern: Dynamic PV (ntfs)] [Feature:Windows] subPath should fail if subpath directory is outside the volume [Slow] [LinuxOnly]" classname="Kubernetes e2e suite" status="skipped" time="0">
              <skipped message="skipped"></skipped>
          </testcase>
          <testcase name="[It] [sig-storage] In-tree Volumes [Driver: local] [LocalVolumeType: dir-bindmounted] [Testpattern: Pre-provisioned PV (default fs)] subPath should fail if non-existent subpath is outside the volume [Slow] [LinuxOnly]" classname="Kubernetes e2e suite" status="skipped" time="0">
              <skipped message="skipped"></skipped>
          </testcase>
          <testcase name="[It] [sig-storage] In-tree Volumes [Driver: vsphere] [Testpattern: Dynamic PV (filesystem volmode)] multiVolume [Slow] should concurrently access the single volume from pods on the same node" classname="Kubernetes e2e suite" status="skipped" time="0">
              <skipped message="skipped"></skipped>
          </testcase>
          <testcase name="[It] [sig-storage] In-tree Volumes [Driver: local] [LocalVolumeType: dir-link] [Testpattern: Inline-volume (default fs)] subPath should support existing directories when readOnly specified in the volumeSource" classname="Kubernetes e2e suite" status="skipped" time="0">
              <skipped message="skipped"></skipped>
          </testcase>
          <testcase name="[It] [sig-storage] CSI Volumes [Driver: pd.csi.storage.gke.io] [Serial] [Testpattern: Pre-provisioned PV (default fs)] subPath should unmount if pod is gracefully deleted while kubelet is down [Disruptive] [Slow] [LinuxOnly]" classname="Kubernetes e2e suite" status="skipped" time="0">
              <skipped message="skipped"></skipped>
          </testcase>
          <testcase name="[It] [sig-storage] In-tree Volumes [Driver: local] [LocalVolumeType: gce-localssd-scsi-fs] [Serial] [Testpattern: Dynamic PV (block volmode)] multiVolume [Slow] should access to two volumes with the same volume mode and retain data across pod recreation on the same node" classname="Kubernetes e2e suite" status="skipped" time="0">
              <skipped message="skipped"></skipped>
          </testcase>
          <testcase name="[It] [sig-storage] In-tree Volumes [Driver: local] [LocalVolumeType: dir-link-bindmounted] [Testpattern: Pre-provisioned PV (filesystem volmode)] disruptive [Disruptive] [LinuxOnly] Should test that pv used in a pod that is deleted while the kubelet is down is usable by a new pod when kubelet returns [Feature:SELinux]" classname="Kubernetes e2e suite" status="skipped" time="0">
              <skipped message="skipped"></skipped>
          </testcase>
          <testcase name="[It] [sig-storage] In-tree Volumes [Driver: emptydir] [Testpattern: Dynamic PV (ntfs)] [Feature:Windows] subPath should support restarting containers using file as subpath [Slow] [LinuxOnly]" classname="Kubernetes e2e suite" status="skipped" time="0">
              <skipped message="skipped"></skipped>
          </testcase>
          <testcase name="[It] [sig-storage] In-tree Volumes [Driver: azure-disk] [Testpattern: Dynamic PV (ntfs)] [Feature:Windows] volume-expand should not allow expansion of pvcs without AllowVolumeExpansion property" classname="Kubernetes e2e suite" status="skipped" time="0">
              <skipped message="skipped"></skipped>
          </testcase>
          <testcase name="[It] [sig-storage] In-tree Volumes [Driver: local] [LocalVolumeType: dir-link] [Testpattern: Dynamic PV (default fs)(allowExpansion)] volume-expand should resize volume when PVC is edited while pod is using it" classname="Kubernetes e2e suite" status="skipped" time="0">
              <skipped message="skipped"></skipped>
          </testcase>
          <testcase name="[It] [sig-storage] In-tree Volumes [Driver: local] [LocalVolumeType: block] [Testpattern: Dynamic PV (ntfs)] [Feature:Windows] provisioning should provision storage with mount options" classname="Kubernetes e2e suite" status="skipped" time="0">
              <skipped message="skipped"></skipped>
          </testcase>
          <testcase name="[It] [sig-storage] In-tree Volumes [Driver: ceph] [Feature:Volumes] [Serial] [Testpattern: Dynamic PV (block volmode)] provisioning should provision correct filesystem size when restoring snapshot to larger size pvc [Feature:VolumeSnapshotDataSource]" classname="Kubernetes e2e suite" status="skipped" time="0">
              <skipped message="skipped"></skipped>
          </testcase>
          <testcase name="[It] [sig-storage] In-tree Volumes [Driver: local] [LocalVolumeType: dir] [Testpattern: Dynamic PV (block volmode)] multiVolume [Slow] should concurrently access the volume and its clone from pods on the same node [LinuxOnly] [Feature:VolumeSourceXFS]" classname="Kubernetes e2e suite" status="skipped" time="0">
              <skipped message="skipped"></skipped>
          </testcase>
          <testcase name="[It] [sig-storage] CSI Volumes [Driver: pd.csi.storage.gke.io] [Serial] [Testpattern: Dynamic PV (block volmode)] volumeMode should not mount / map unused volumes in a pod [LinuxOnly]" classname="Kubernetes e2e suite" status="skipped" time="0">
              <skipped message="skipped"></skipped>
          </testcase>
          <testcase name="[It] [sig-storage] In-tree Volumes [Driver: local] [LocalVolumeType: gce-localssd-scsi-fs] [Serial] [Testpattern: Dynamic PV (block volmode)] disruptive [Disruptive] [LinuxOnly] Should test that pv used in a pod that is force deleted while the kubelet is down cleans up when the kubelet returns." classname="Kubernetes e2e suite" status="skipped" time="0">
              <skipped message="skipped"></skipped>
          </testcase>
          <testcase name="[It] [sig-storage] In-tree Volumes [Driver: local] [LocalVolumeType: dir-link-bindmounted] [Testpattern: Dynamic PV (ntfs)] [Feature:Windows] provisioning should provision storage with pvc data source (ROX mode)" classname="Kubernetes e2e suite" status="skipped" time="0">
              <skipped message="skipped"></skipped>
          </testcase>
          <testcase name="[It] [sig-storage] CSI Volumes [Driver: csi-hostpath] [Testpattern: Dynamic PV (filesystem volmode)] volumeLimits should verify that all csinodes have volume limits" classname="Kubernetes e2e suite" status="skipped" time="0">
              <skipped message="skipped"></skipped>
          </testcase>
          <testcase name="[It] [sig-storage] In-tree Volumes [Driver: nfs] [Testpattern: Dynamic PV (filesystem volmode)] multiVolume [Slow] should concurrently access the volume and its clone from pods on the same node [LinuxOnly] [Feature:VolumeSourceXFS]" classname="Kubernetes e2e suite" status="skipped" time="0">
              <skipped message="skipped"></skipped>
          </testcase>
          <testcase name="[It] [sig-storage] In-tree Volumes [Driver: azure-file] [Testpattern: Dynamic PV (ext4)] multiVolume [Slow] should concurrently access the single volume from pods on the same node" classname="Kubernetes e2e suite" status="skipped" time="0">
              <skipped message="skipped"></skipped>
          </testcase>
          <testcase name="[It] [sig-storage] In-tree Volumes [Driver: local] [LocalVolumeType: dir] [Testpattern: Dynamic PV (default fs)] subPath should be able to unmount after the subpath directory is deleted [LinuxOnly]" classname="Kubernetes e2e suite" status="skipped" time="0">
              <skipped message="skipped"></skipped>
          </testcase>
          <testcase name="[It] [sig-storage] In-tree Volumes [Driver: local] [LocalVolumeType: blockfs] [Testpattern: Pre-provisioned PV (filesystem volmode)] multiVolume [Slow] should concurrently access the single volume from pods on different node" classname="Kubernetes e2e suite" status="skipped" time="0">
              <skipped message="skipped"></skipped>
          </testcase>
          <testcase name="[It] [sig-storage] In-tree Volumes [Driver: hostPath] [Testpattern: Inline-volume (ext3)] volumes should store data" classname="Kubernetes e2e suite" status="skipped" time="0">
              <skipped message="skipped"></skipped>
          </testcase>
          <testcase name="[It] [sig-storage] In-tree Volumes [Driver: cinder] [Testpattern: Dynamic PV (ntfs)] [Feature:Windows] subPath should unmount if pod is gracefully deleted while kubelet is down [Disruptive] [Slow] [LinuxOnly]" classname="Kubernetes e2e suite" status="skipped" time="0">
              <skipped message="skipped"></skipped>
          </testcase>
          <testcase name="[It] [sig-storage] In-tree Volumes [Driver: local] [LocalVolumeType: gce-localssd-scsi-fs] [Serial] [Testpattern: Dynamic PV (xfs)] [Slow] multiVolume [Slow] should access to two volumes with different volume mode and retain data across pod recreation on the same node" classname="Kubernetes e2e suite" status="skipped" time="0">
              <skipped message="skipped"></skipped>
          </testcase>
          <testcase name="[It] [sig-storage] In-tree Volumes [Driver: nfs] [Testpattern: Dynamic PV (default fs)(allowExpansion)] volume-expand Verify if offline PVC expansion works" classname="Kubernetes e2e suite" status="skipped" time="0">
              <skipped message="skipped"></skipped>
          </testcase>
          <testcase name="[It] [sig-autoscaling] [Feature:HPA] Horizontal pod autoscaling (scale resource: CPU) [Serial] [Slow] Deployment (Pod Resource) Should scale from 5 pods to 3 pods and then from 3 pods to 1 pod using Average Utilization for aggregation" classname="Kubernetes e2e suite" status="skipped" time="0">
              <skipped message="skipped"></skipped>
          </testcase>
          <testcase name="[It] [sig-storage] In-tree Volumes [Driver: local] [LocalVolumeType: dir-link-bindmounted] [Testpattern: Pre-provisioned PV (filesystem volmode)] multiVolume [Slow] should concurrently access the single volume from pods on different node" classname="Kubernetes e2e suite" status="skipped" time="0">
              <skipped message="skipped"></skipped>
          </testcase>
          <testcase name="[It] [sig-storage] In-tree Volumes [Driver: local] [LocalVolumeType: dir-link] [Testpattern: Inline-volume (ext3)] volumes should allow exec of files on the volume" classname="Kubernetes e2e suite" status="skipped" time="0">
              <skipped message="skipped"></skipped>
          </testcase>
          <testcase name="[It] [sig-node] Security Context should support seccomp unconfined on the pod [LinuxOnly]" classname="Kubernetes e2e suite" status="skipped" time="0">
              <skipped message="skipped"></skipped>
          </testcase>
          <testcase name="[It] [sig-network] Netpol NetworkPolicy between server and client should allow ingress access from updated namespace [Feature:NetworkPolicy]" classname="Kubernetes e2e suite" status="skipped" time="0">
              <skipped message="skipped"></skipped>
          </testcase>
          <testcase name="[It] [sig-network] Services should allow pods to hairpin back to themselves through services" classname="Kubernetes e2e suite" status="skipped" time="0">
              <skipped message="skipped"></skipped>
          </testcase>
          <testcase name="[It] [sig-storage] In-tree Volumes [Driver: local] [LocalVolumeType: dir-link] [Testpattern: Dynamic PV (block volmode)] provisioning should provision storage with pvc data source (ROX mode)" classname="Kubernetes e2e suite" status="skipped" time="0">
              <skipped message="skipped"></skipped>
          </testcase>
          <testcase name="[It] [sig-storage] In-tree Volumes [Driver: local] [LocalVolumeType: dir-link-bindmounted] [Testpattern: Dynamic PV (ext4)] multiVolume [Slow] should concurrently access the volume and restored snapshot from pods on the same node [LinuxOnly] [Feature:VolumeSnapshotDataSource] [Feature:VolumeSourceXFS]" classname="Kubernetes e2e suite" status="skipped" time="0">
              <skipped message="skipped"></skipped>
          </testcase>
          <testcase name="[It] [sig-node] Downward API should provide default limits.cpu/memory from node allocatable [NodeConformance] [Conformance]" classname="Kubernetes e2e suite" status="passed" time="4.115710957"></testcase>
          <testcase name="[It] [sig-storage] In-tree Volumes [Driver: local] [LocalVolumeType: dir-link-bindmounted] [Testpattern: Inline-volume (default fs)] subPath should fail if non-existent subpath is outside the volume [Slow] [LinuxOnly]" classname="Kubernetes e2e suite" status="skipped" time="0">
              <skipped message="skipped"></skipped>
          </testcase>
          <testcase name="[It] [sig-storage] In-tree Volumes [Driver: azure-disk] [Testpattern: Generic Ephemeral-volume (default fs) (late-binding)] ephemeral should support multiple inline ephemeral volumes" classname="Kubernetes e2e suite" status="skipped" time="0">
              <skipped message="skipped"></skipped>
          </testcase>
          <testcase name="[It] [sig-storage] In-tree Volumes [Driver: ceph] [Feature:Volumes] [Serial] [Testpattern: Dynamic PV (ntfs)] [Feature:Windows] multiVolume [Slow] should concurrently access the single volume from pods on the same node" classname="Kubernetes e2e suite" status="skipped" time="0">
              <skipped message="skipped"></skipped>
          </testcase>
          <testcase name="[It] [sig-storage] In-tree Volumes [Driver: nfs] [Testpattern: Dynamic PV (default fs)] volumeIO should write files of various sizes, verify size, validate content [Slow]" classname="Kubernetes e2e suite" status="skipped" time="0">
              <skipped message="skipped"></skipped>
          </testcase>
          <testcase name="[It] [sig-instrumentation] Stackdriver Monitoring should have accelerator metrics [Feature:StackdriverAcceleratorMonitoring]" classname="Kubernetes e2e suite" status="skipped" time="0">
              <skipped message="skipped"></skipped>
          </testcase>
          <testcase name="[It] [sig-storage] In-tree Volumes [Driver: local] [LocalVolumeType: dir-link] [Testpattern: Dynamic PV (default fs)] volume-stress multiple pods should access different volumes repeatedly [Slow] [Serial]" classname="Kubernetes e2e suite" status="skipped" time="0">
              <skipped message="skipped"></skipped>
          </testcase>
          <testcase name="[It] [sig-storage] NFSPersistentVolumes [Disruptive] [Flaky] when kubelet restarts Should test that a file written to the mount before kubelet restart is readable after restart." classname="Kubernetes e2e suite" status="skipped" time="0">
              <skipped message="skipped"></skipped>
          </testcase>
          <testcase name="[It] [sig-storage] In-tree Volumes [Driver: local] [LocalVolumeType: dir-bindmounted] [Testpattern: Dynamic PV (default fs)] subPath should support existing single file [LinuxOnly]" classname="Kubernetes e2e suite" status="skipped" time="0">
              <skipped message="skipped"></skipped>
          </testcase>
          <testcase name="[It] [sig-storage] In-tree Volumes [Driver: emptydir] [Testpattern: Inline-volume (default fs)] subPath should support restarting containers using directory as subpath [Slow]" classname="Kubernetes e2e suite" status="skipped" time="0">
              <skipped message="skipped"></skipped>
          </testcase>
          <testcase name="[It] [sig-storage] In-tree Volumes [Driver: local] [LocalVolumeType: dir-bindmounted] [Testpattern: Dynamic PV (block volmode)] volumes should store data" classname="Kubernetes e2e suite" status="skipped" time="0">
              <skipped message="skipped"></skipped>
          </testcase>
          <testcase name="[It] [sig-storage] In-tree Volumes [Driver: local] [LocalVolumeType: dir-bindmounted] [Testpattern: Dynamic PV (ntfs)] [Feature:Windows] subPath should support non-existent path" classname="Kubernetes e2e suite" status="skipped" time="0">
              <skipped message="skipped"></skipped>
          </testcase>
          <testcase name="[It] [sig-storage] In-tree Volumes [Driver: emptydir] [Testpattern: Dynamic PV (default fs)] subPath should support existing directory" classname="Kubernetes e2e suite" status="skipped" time="0">
              <skipped message="skipped"></skipped>
          </testcase>
          <testcase name="[It] [sig-storage] In-tree Volumes [Driver: ceph] [Feature:Volumes] [Serial] [Testpattern: Generic Ephemeral-volume (default fs) (immediate-binding)] ephemeral should support expansion of pvcs created for ephemeral pvcs" classname="Kubernetes e2e suite" status="skipped" time="0">
              <skipped message="skipped"></skipped>
          </testcase>
          <testcase name="[It] [sig-storage] In-tree Volumes [Driver: azure-disk] [Testpattern: Pre-provisioned PV (default fs)] subPath should support restarting containers using directory as subpath [Slow]" classname="Kubernetes e2e suite" status="skipped" time="0">
              <skipped message="skipped"></skipped>
          </testcase>
          <testcase name="[It] [sig-storage] In-tree Volumes [Driver: aws] [Testpattern: Generic Ephemeral-volume (block volmode) (late-binding)] ephemeral should support two pods which have the same volume definition" classname="Kubernetes e2e suite" status="skipped" time="0">
              <skipped message="skipped"></skipped>
          </testcase>
          <testcase name="[It] [sig-storage] CSI Volumes [Driver: csi-hostpath] [Testpattern: Pre-provisioned Snapshot (retain policy)] snapshottable [Feature:VolumeSnapshotDataSource] volume snapshot controller  should check snapshot fields, check restore correctly works, check deletion (ephemeral)" classname="Kubernetes e2e suite" status="skipped" time="0">
              <skipped message="skipped"></skipped>
          </testcase>
          <testcase name="[It] [sig-storage] In-tree Volumes [Driver: aws] [Testpattern: Dynamic PV (ntfs)] [Feature:Windows] subPath should unmount if pod is gracefully deleted while kubelet is down [Disruptive] [Slow] [LinuxOnly]" classname="Kubernetes e2e suite" status="skipped" time="0">
              <skipped message="skipped"></skipped>
          </testcase>
          <testcase name="[It] [sig-storage] In-tree Volumes [Driver: local] [LocalVolumeType: block] [Testpattern: Dynamic PV (block volmode)] provisioning should mount multiple PV pointing to the same storage on the same node" classname="Kubernetes e2e suite" status="skipped" time="0">
              <skipped message="skipped"></skipped>
          </testcase>
          <testcase name="[It] [sig-storage] CSI Volumes [Driver: csi-hostpath] [Testpattern: Pre-provisioned PV (filesystem volmode)] multiVolume [Slow] should access to two volumes with different volume mode and retain data across pod recreation on the same node" classname="Kubernetes e2e suite" status="skipped" time="0">
              <skipped message="skipped"></skipped>
          </testcase>
          <testcase name="[It] [sig-storage] In-tree Volumes [Driver: iscsi] [Feature:Volumes] [Testpattern: Dynamic PV (default fs)] subPath should support creating multiple subpath from same volumes [Slow]" classname="Kubernetes e2e suite" status="skipped" time="0">
              <skipped message="skipped"></skipped>
          </testcase>
          <testcase name="[It] [sig-storage] In-tree Volumes [Driver: iscsi] [Feature:Volumes] [Testpattern: Dynamic PV (default fs)] subPath should support existing single file [LinuxOnly]" classname="Kubernetes e2e suite" status="skipped" time="0">
              <skipped message="skipped"></skipped>
          </testcase>
          <testcase name="[It] [sig-storage] In-tree Volumes [Driver: local] [LocalVolumeType: dir-link-bindmounted] [Testpattern: Dynamic PV (default fs)] volumes should store data" classname="Kubernetes e2e suite" status="skipped" time="0">
              <skipped message="skipped"></skipped>
          </testcase>
          <testcase name="[It] [sig-storage] In-tree Volumes [Driver: hostPathSymlink] [Testpattern: Dynamic PV (delayed binding)] topology should fail to schedule a pod which has topologies that conflict with AllowedTopologies" classname="Kubernetes e2e suite" status="skipped" time="0">
              <skipped message="skipped"></skipped>
          </testcase>
          <testcase name="[It] [sig-scheduling] SchedulerPredicates [Serial] validates that NodeSelector is respected if matching [Conformance]" classname="Kubernetes e2e suite" status="passed" time="4.185796274"></testcase>
          <testcase name="[It] [sig-storage] In-tree Volumes [Driver: local] [LocalVolumeType: gce-localssd-scsi-fs] [Serial] [Testpattern: Dynamic PV (block volmode)] provisioning should provision storage with mount options" classname="Kubernetes e2e suite" status="skipped" time="0">
              <skipped message="skipped"></skipped>
          </testcase>
          <testcase name="[It] [sig-auth] ServiceAccounts should support InClusterConfig with token rotation [Slow]" classname="Kubernetes e2e suite" status="skipped" time="0">
              <skipped message="skipped"></skipped>
          </testcase>
          <testcase name="[It] [sig-storage] In-tree Volumes [Driver: hostPathSymlink] [Testpattern: Dynamic PV (default fs)] provisioning should provision storage with pvc data source" classname="Kubernetes e2e suite" status="skipped" time="0">
              <skipped message="skipped"></skipped>
          </testcase>
          <testcase name="[It] [sig-storage] In-tree Volumes [Driver: azure-disk] [Testpattern: Dynamic PV (default fs)] subPath should be able to unmount after the subpath directory is deleted [LinuxOnly]" classname="Kubernetes e2e suite" status="skipped" time="0">
              <skipped message="skipped"></skipped>
          </testcase>
          <testcase name="[It] [sig-storage] In-tree Volumes [Driver: rbd] [Feature:Volumes] [Serial] [Testpattern: Dynamic PV (ntfs)] [Feature:Windows] multiVolume [Slow] should access to two volumes with the same volume mode and retain data across pod recreation on different node" classname="Kubernetes e2e suite" status="skipped" time="0">
              <skipped message="skipped"></skipped>
          </testcase>
          <testcase name="[It] [sig-storage] In-tree Volumes [Driver: rbd] [Feature:Volumes] [Serial] [Testpattern: Dynamic PV (default fs)] subPath should unmount if pod is force deleted while kubelet is down [Disruptive] [Slow] [LinuxOnly]" classname="Kubernetes e2e suite" status="skipped" time="0">
              <skipped message="skipped"></skipped>
          </testcase>
          <testcase name="[It] [sig-storage] CSI Volumes [Driver: pd.csi.storage.gke.io] [Serial] [Testpattern: Dynamic PV (immediate binding)] topology should fail to schedule a pod which has topologies that conflict with AllowedTopologies" classname="Kubernetes e2e suite" status="skipped" time="0">
              <skipped message="skipped"></skipped>
          </testcase>
          <testcase name="[It] [sig-storage] In-tree Volumes [Driver: local] [LocalVolumeType: dir] [Testpattern: Dynamic PV (default fs)] provisioning should provision storage with any volume data source [Serial]" classname="Kubernetes e2e suite" status="skipped" time="0">
              <skipped message="skipped"></skipped>
          </testcase>
          <testcase name="[It] [sig-storage] In-tree Volumes [Driver: local] [LocalVolumeType: dir] [Testpattern: Pre-provisioned PV (default fs)] subPath should be able to unmount after the subpath directory is deleted [LinuxOnly]" classname="Kubernetes e2e suite" status="skipped" time="0">
              <skipped message="skipped"></skipped>
          </testcase>
          <testcase name="[It] [sig-storage] CSI Volumes [Driver: pd.csi.storage.gke.io] [Serial] [Testpattern: Dynamic PV (ntfs)] [Feature:Windows] multiVolume [Slow] should concurrently access the volume and restored snapshot from pods on the same node [LinuxOnly] [Feature:VolumeSnapshotDataSource] [Feature:VolumeSourceXFS]" classname="Kubernetes e2e suite" status="skipped" time="0">
              <skipped message="skipped"></skipped>
          </testcase>
          <testcase name="[It] [sig-node] RuntimeClass should support RuntimeClasses API operations [Conformance]" classname="Kubernetes e2e suite" status="passed" time="0.107911196"></testcase>
          <testcase name="[It] [sig-storage] CSI Volumes [Driver: csi-hostpath] [Testpattern: Inline-volume (ext4)] volumes should store data" classname="Kubernetes e2e suite" status="skipped" time="0">
              <skipped message="skipped"></skipped>
          </testcase>
          <testcase name="[It] [sig-network] [Feature:IPv6DualStack] Granular Checks: Services Secondary IP Family [LinuxOnly] should function for node-Service: http" classname="Kubernetes e2e suite" status="skipped" time="0">
              <skipped message="skipped"></skipped>
          </testcase>
          <testcase name="[It] [sig-storage] In-tree Volumes [Driver: local] [LocalVolumeType: dir-link-bindmounted] [Testpattern: Dynamic PV (ntfs)] [Feature:Windows] subPath should support existing single file [LinuxOnly]" classname="Kubernetes e2e suite" status="skipped" time="0">
              <skipped message="skipped"></skipped>
          </testcase>
          <testcase name="[It] [sig-storage] CSI Volumes [Driver: csi-hostpath] [Testpattern: Pre-provisioned PV (block volmode)] multiVolume [Slow] should access to two volumes with the same volume mode and retain data across pod recreation on different node" classname="Kubernetes e2e suite" status="skipped" time="0">
              <skipped message="skipped"></skipped>
          </testcase>
          <testcase name="[It] [sig-storage] In-tree Volumes [Driver: local] [LocalVolumeType: dir-link-bindmounted] [Testpattern: Dynamic PV (ext4)] multiVolume [Slow] should concurrently access the single volume from pods on the same node" classname="Kubernetes e2e suite" status="skipped" time="0">
              <skipped message="skipped"></skipped>
          </testcase>
          <testcase name="[It] [sig-storage] In-tree Volumes [Driver: local] [LocalVolumeType: blockfs] [Testpattern: Dynamic PV (ntfs)(allowExpansion)] [Feature:Windows] volume-expand should resize volume when PVC is edited while pod is using it" classname="Kubernetes e2e suite" status="skipped" time="0">
              <skipped message="skipped"></skipped>
          </testcase>
          <testcase name="[It] [sig-storage] In-tree Volumes [Driver: azure-file] [Testpattern: Pre-provisioned PV (filesystem volmode)] disruptive [Disruptive] [LinuxOnly] Should test that pv used in a pod that is force deleted while the kubelet is down is usable by a new pod when kubelet returns [Feature:SELinux]" classname="Kubernetes e2e suite" status="skipped" time="0">
              <skipped message="skipped"></skipped>
          </testcase>
          <testcase name="[It] [sig-storage] In-tree Volumes [Driver: hostPath] [Testpattern: Dynamic PV (ntfs)] [Feature:Windows] subPath should support existing single file [LinuxOnly]" classname="Kubernetes e2e suite" status="skipped" time="0">
              <skipped message="skipped"></skipped>
          </testcase>
          <testcase name="[It] [sig-storage] CSI Volumes [Driver: pd.csi.storage.gke.io] [Serial] [Testpattern: Pre-provisioned PV (block volmode)] multiVolume [Slow] should concurrently access the single volume from pods on the same node" classname="Kubernetes e2e suite" status="skipped" time="0">
              <skipped message="skipped"></skipped>
          </testcase>
          <testcase name="[It] [sig-storage] In-tree Volumes [Driver: local] [LocalVolumeType: gce-localssd-scsi-fs] [Serial] [Testpattern: Dynamic PV (block volmode)] multiVolume [Slow] should access to two volumes with different volume mode and retain data across pod recreation on the same node" classname="Kubernetes e2e suite" status="skipped" time="0">
              <skipped message="skipped"></skipped>
          </testcase>
          <testcase name="[It] [sig-storage] In-tree Volumes [Driver: hostPath] [Testpattern: Dynamic PV (default fs)] subPath should be able to unmount after the subpath directory is deleted [LinuxOnly]" classname="Kubernetes e2e suite" status="skipped" time="0">
              <skipped message="skipped"></skipped>
          </testcase>
          <testcase name="[It] [sig-storage] In-tree Volumes [Driver: azure-file] [Testpattern: Inline-volume (default fs)] subPath should support file as subpath [LinuxOnly]" classname="Kubernetes e2e suite" status="skipped" time="0">
              <skipped message="skipped"></skipped>
          </testcase>
          <testcase name="[It] [sig-storage] In-tree Volumes [Driver: cinder] [Testpattern: Generic Ephemeral-volume (default fs) (late-binding)] ephemeral should create read/write inline ephemeral volume" classname="Kubernetes e2e suite" status="skipped" time="0">
              <skipped message="skipped"></skipped>
          </testcase>
          <testcase name="[It] [sig-storage] In-tree Volumes [Driver: local] [LocalVolumeType: dir] [Testpattern: Pre-provisioned PV (filesystem volmode)] multiVolume [Slow] should concurrently access the single volume from pods on the same node" classname="Kubernetes e2e suite" status="skipped" time="0">
              <skipped message="skipped"></skipped>
          </testcase>
          <testcase name="[It] [sig-storage] In-tree Volumes [Driver: local] [LocalVolumeType: dir-link-bindmounted] [Testpattern: Dynamic PV (filesystem volmode)] multiVolume [Slow] should concurrently access the volume and its clone from pods on the same node [LinuxOnly] [Feature:VolumeSourceXFS]" classname="Kubernetes e2e suite" status="skipped" time="0">
              <skipped message="skipped"></skipped>
          </testcase>
          <testcase name="[It] [sig-apps] StatefulSet Basic StatefulSet functionality [StatefulSetBasic] should not deadlock when a pod&#39;s predecessor fails" classname="Kubernetes e2e suite" status="skipped" time="0">
              <skipped message="skipped"></skipped>
          </testcase>
          <testcase name="[It] [sig-storage] In-tree Volumes [Driver: local] [LocalVolumeType: dir-link-bindmounted] [Testpattern: Dynamic PV (filesystem volmode)] multiVolume [Slow] should concurrently access the volume and restored snapshot from pods on the same node [LinuxOnly] [Feature:VolumeSnapshotDataSource] [Feature:VolumeSourceXFS]" classname="Kubernetes e2e suite" status="skipped" time="0">
              <skipped message="skipped"></skipped>
          </testcase>
          <testcase name="[It] [sig-storage] In-tree Volumes [Driver: iscsi] [Feature:Volumes] [Testpattern: Dynamic PV (ntfs)] [Feature:Windows] multiVolume [Slow] should concurrently access the volume and its clone from pods on the same node [LinuxOnly] [Feature:VolumeSourceXFS]" classname="Kubernetes e2e suite" status="skipped" time="0">
              <skipped message="skipped"></skipped>
          </testcase>
          <testcase name="[It] [sig-storage] In-tree Volumes [Driver: local] [LocalVolumeType: dir] [Testpattern: Inline-volume (default fs)] volumeIO should write files of various sizes, verify size, validate content [Slow]" classname="Kubernetes e2e suite" status="skipped" time="0">
              <skipped message="skipped"></skipped>
          </testcase>
          <testcase name="[It] [sig-storage] In-tree Volumes [Driver: local] [LocalVolumeType: tmpfs] [Testpattern: Dynamic PV (filesystem volmode)] multiVolume [Slow] should concurrently access the single volume from pods on different node" classname="Kubernetes e2e suite" status="skipped" time="0">
              <skipped message="skipped"></skipped>
          </testcase>
          <testcase name="[It] [sig-storage] CSI Volumes [Driver: pd.csi.storage.gke.io] [Serial] [Testpattern: Dynamic PV (filesystem volmode)] volume-lifecycle-performance should provision volumes at scale within performance constraints [Slow] [Serial]" classname="Kubernetes e2e suite" status="skipped" time="0">
              <skipped message="skipped"></skipped>
          </testcase>
          <testcase name="[It] [sig-storage] In-tree Volumes [Driver: vsphere] [Testpattern: Pre-provisioned PV (default fs)] subPath should unmount if pod is force deleted while kubelet is down [Disruptive] [Slow] [LinuxOnly]" classname="Kubernetes e2e suite" status="skipped" time="0">
              <skipped message="skipped"></skipped>
          </testcase>
          <testcase name="[It] [sig-storage] In-tree Volumes [Driver: nfs] [Testpattern: Inline-volume (default fs)] subPath should support file as subpath [LinuxOnly]" classname="Kubernetes e2e suite" status="skipped" time="0">
              <skipped message="skipped"></skipped>
          </testcase>
          <testcase name="[It] [sig-storage] In-tree Volumes [Driver: hostPath] [Testpattern: Dynamic PV (ntfs)] [Feature:Windows] multiVolume [Slow] should access to two volumes with different volume mode and retain data across pod recreation on different node" classname="Kubernetes e2e suite" status="skipped" time="0">
              <skipped message="skipped"></skipped>
          </testcase>
          <testcase name="[It] [sig-storage] In-tree Volumes [Driver: iscsi] [Feature:Volumes] [Testpattern: Dynamic PV (xfs)] [Slow] volumes should allow exec of files on the volume" classname="Kubernetes e2e suite" status="skipped" time="0">
              <skipped message="skipped"></skipped>
          </testcase>
          <testcase name="[It] [sig-storage] In-tree Volumes [Driver: vsphere] [Testpattern: Pre-provisioned PV (filesystem volmode)] disruptive [Disruptive] [LinuxOnly] Should test that pv used in a pod that is deleted while the kubelet is down is usable by a new pod when kubelet returns [Feature:SELinux]" classname="Kubernetes e2e suite" status="skipped" time="0">
              <skipped message="skipped"></skipped>
          </testcase>
          <testcase name="[It] [sig-storage] In-tree Volumes [Driver: cinder] [Testpattern: Inline-volume (ext4)] volumes should allow exec of files on the volume" classname="Kubernetes e2e suite" status="skipped" time="0">
              <skipped message="skipped"></skipped>
          </testcase>
          <testcase name="[It] [sig-storage] CSI Volumes [Driver: pd.csi.storage.gke.io] [Serial] [Testpattern: Dynamic PV (ntfs)] [Feature:Windows] volumeIO should write files of various sizes, verify size, validate content [Slow]" classname="Kubernetes e2e suite" status="skipped" time="0">
              <skipped message="skipped"></skipped>
          </testcase>
          <testcase name="[It] [sig-storage] In-tree Volumes [Driver: local] [LocalVolumeType: tmpfs] [Testpattern: Dynamic PV (default fs)] subPath should support readOnly directory specified in the volumeMount" classname="Kubernetes e2e suite" status="skipped" time="0">
              <skipped message="skipped"></skipped>
          </testcase>
          <testcase name="[It] [sig-storage] In-tree Volumes [Driver: cinder] [Testpattern: Dynamic PV (ntfs)] [Feature:Windows] subPath should verify container cannot write to subpath readonly volumes [Slow]" classname="Kubernetes e2e suite" status="skipped" time="0">
              <skipped message="skipped"></skipped>
          </testcase>
          <testcase name="[It] [sig-storage] In-tree Volumes [Driver: local] [LocalVolumeType: gce-localssd-scsi-fs] [Serial] [Testpattern: Dynamic PV (ext4)] multiVolume [Slow] should access to two volumes with the same volume mode and retain data across pod recreation on the same node" classname="Kubernetes e2e suite" status="skipped" time="0">
              <skipped message="skipped"></skipped>
          </testcase>
          <testcase name="[It] [sig-storage] Multi-AZ Cluster Volumes should schedule pods in the same zones as statically provisioned PVs" classname="Kubernetes e2e suite" status="skipped" time="0">
              <skipped message="skipped"></skipped>
          </testcase>
          <testcase name="[It] [sig-storage] In-tree Volumes [Driver: local] [LocalVolumeType: dir-bindmounted] [Testpattern: Generic Ephemeral-volume (default fs) (late-binding)] ephemeral should create read/write inline ephemeral volume" classname="Kubernetes e2e suite" status="skipped" time="0">
              <skipped message="skipped"></skipped>
          </testcase>
          <testcase name="[It] [sig-storage] In-tree Volumes [Driver: local] [LocalVolumeType: dir-link-bindmounted] [Testpattern: Pre-provisioned PV (default fs)] subPath should support creating multiple subpath from same volumes [Slow]" classname="Kubernetes e2e suite" status="skipped" time="0">
              <skipped message="skipped"></skipped>
          </testcase>
          <testcase name="[It] [sig-storage] In-tree Volumes [Driver: local] [LocalVolumeType: dir-link-bindmounted] [Testpattern: Generic Ephemeral-volume (block volmode) (late-binding)] ephemeral should support two pods which have the same volume definition" classname="Kubernetes e2e suite" status="skipped" time="0">
              <skipped message="skipped"></skipped>
          </testcase>
          <testcase name="[It] [sig-storage] In-tree Volumes [Driver: cinder] [Testpattern: Dynamic PV (default fs)] fsgroupchangepolicy (Always)[LinuxOnly], pod created with an initial fsgroup, new pod fsgroup applied to volume contents" classname="Kubernetes e2e suite" status="skipped" time="0">
              <skipped message="skipped"></skipped>
          </testcase>
          <testcase name="[It] [sig-storage] In-tree Volumes [Driver: ceph] [Feature:Volumes] [Serial] [Testpattern: Pre-provisioned PV (default fs)] subPath should unmount if pod is gracefully deleted while kubelet is down [Disruptive] [Slow] [LinuxOnly]" classname="Kubernetes e2e suite" status="skipped" time="0">
              <skipped message="skipped"></skipped>
          </testcase>
          <testcase name="[It] [sig-storage] In-tree Volumes [Driver: aws] [Testpattern: Pre-provisioned PV (filesystem volmode)] multiVolume [Slow] should concurrently access the single volume from pods on the same node" classname="Kubernetes e2e suite" status="skipped" time="0">
              <skipped message="skipped"></skipped>
          </testcase>
          <testcase name="[It] [sig-storage] In-tree Volumes [Driver: local] [LocalVolumeType: dir-bindmounted] [Testpattern: Inline-volume (default fs)] subPath should verify container cannot write to subpath readonly volumes [Slow]" classname="Kubernetes e2e suite" status="skipped" time="0">
              <skipped message="skipped"></skipped>
          </testcase>
          <testcase name="[It] [sig-storage] In-tree Volumes [Driver: local] [LocalVolumeType: tmpfs] [Testpattern: Inline-volume (ext3)] volumes should allow exec of files on the volume" classname="Kubernetes e2e suite" status="skipped" time="0">
              <skipped message="skipped"></skipped>
          </testcase>
          <testcase name="[It] [sig-storage] In-tree Volumes [Driver: local] [LocalVolumeType: dir-link-bindmounted] [Testpattern: Dynamic PV (default fs)] provisioning should provision storage with snapshot data source (ROX mode) [Feature:VolumeSnapshotDataSource]" classname="Kubernetes e2e suite" status="skipped" time="0">
              <skipped message="skipped"></skipped>
          </testcase>
          <testcase name="[It] [sig-storage] In-tree Volumes [Driver: nfs] [Testpattern: Inline-volume (default fs)] subPath should support readOnly file specified in the volumeMount [LinuxOnly]" classname="Kubernetes e2e suite" status="skipped" time="0">
              <skipped message="skipped"></skipped>
          </testcase>
          <testcase name="[It] [sig-storage] In-tree Volumes [Driver: local] [LocalVolumeType: gce-localssd-scsi-fs] [Serial] [Testpattern: Dynamic PV (ntfs)] [Feature:Windows] volume-expand should not allow expansion of pvcs without AllowVolumeExpansion property" classname="Kubernetes e2e suite" status="skipped" time="0">
              <skipped message="skipped"></skipped>
          </testcase>
          <testcase name="[It] [sig-storage] In-tree Volumes [Driver: vsphere] [Testpattern: Dynamic PV (ntfs)] [Feature:Windows] provisioning should provision storage with snapshot data source (ROX mode) [Feature:VolumeSnapshotDataSource]" classname="Kubernetes e2e suite" status="skipped" time="0">
              <skipped message="skipped"></skipped>
          </testcase>
          <testcase name="[It] [sig-storage] In-tree Volumes [Driver: local] [LocalVolumeType: gce-localssd-scsi-fs] [Serial] [Testpattern: Generic Ephemeral-volume (default fs)] volumeLimits should support volume limits [Serial]" classname="Kubernetes e2e suite" status="skipped" time="0">
              <skipped message="skipped"></skipped>
          </testcase>
          <testcase name="[It] [sig-storage] In-tree Volumes [Driver: local] [LocalVolumeType: block] [Testpattern: Dynamic PV (ntfs)] [Feature:Windows] subPath should support non-existent path" classname="Kubernetes e2e suite" status="skipped" time="0">
              <skipped message="skipped"></skipped>
          </testcase>
          <testcase name="[It] [sig-storage] ConfigMap should be consumable from pods in volume as non-root with defaultMode and fsGroup set [LinuxOnly] [NodeFeature:FSGroup]" classname="Kubernetes e2e suite" status="skipped" time="0">
              <skipped message="skipped"></skipped>
          </testcase>
          <testcase name="[It] [sig-storage] In-tree Volumes [Driver: aws] [Testpattern: Dynamic PV (ext4)] volumes should allow exec of files on the volume" classname="Kubernetes e2e suite" status="skipped" time="0">
              <skipped message="skipped"></skipped>
          </testcase>
          <testcase name="[It] [sig-storage] CSI Volumes [Driver: pd.csi.storage.gke.io] [Serial] [Testpattern: Inline-volume (default fs)] volumes should store data" classname="Kubernetes e2e suite" status="skipped" time="0">
              <skipped message="skipped"></skipped>
          </testcase>
          <testcase name="[It] [sig-storage] In-tree Volumes [Driver: aws] [Testpattern: Inline-volume (default fs)] volumes should allow exec of files on the volume" classname="Kubernetes e2e suite" status="skipped" time="0">
              <skipped message="skipped"></skipped>
          </testcase>
          <testcase name="[It] [sig-storage] In-tree Volumes [Driver: cinder] [Testpattern: Dynamic PV (default fs)] fsgroupchangepolicy (OnRootMismatch)[LinuxOnly], pod created with an initial fsgroup, new pod fsgroup applied to volume contents" classname="Kubernetes e2e suite" status="skipped" time="0">
              <skipped message="skipped"></skipped>
          </testcase>
          <testcase name="[It] [sig-storage] In-tree Volumes [Driver: cinder] [Testpattern: Dynamic PV (ntfs)] [Feature:Windows] volumeIO should write files of various sizes, verify size, validate content [Slow]" classname="Kubernetes e2e suite" status="skipped" time="0">
              <skipped message="skipped"></skipped>
          </testcase>
          <testcase name="[It] [sig-storage] CSI Volumes [Driver: pd.csi.storage.gke.io] [Serial] [Testpattern: Dynamic PV (default fs)] provisioning should mount multiple PV pointing to the same storage on the same node" classname="Kubernetes e2e suite" status="skipped" time="0">
              <skipped message="skipped"></skipped>
          </testcase>
          <testcase name="[It] [sig-storage] In-tree Volumes [Driver: local] [LocalVolumeType: dir-link-bindmounted] [Testpattern: Dynamic PV (filesystem volmode)] multiVolume [Slow] should concurrently access the single read-only volume from pods on the same node" classname="Kubernetes e2e suite" status="skipped" time="0">
              <skipped message="skipped"></skipped>
          </testcase>
          <testcase name="[It] [sig-storage] In-tree Volumes [Driver: vsphere] [Testpattern: Dynamic PV (filesystem volmode)] disruptive [Disruptive] [LinuxOnly] Should test that pv written before kubelet restart is readable after restart." classname="Kubernetes e2e suite" status="skipped" time="0">
              <skipped message="skipped"></skipped>
          </testcase>
          <testcase name="[It] [sig-storage] In-tree Volumes [Driver: rbd] [Feature:Volumes] [Serial] [Testpattern: Pre-provisioned PV (filesystem volmode)] multiVolume [Slow] should concurrently access the single volume from pods on different node" classname="Kubernetes e2e suite" status="skipped" time="0">
              <skipped message="skipped"></skipped>
          </testcase>
          <testcase name="[It] [sig-cli] Kubectl client Kubectl validation should create/apply a valid CR for CRD with validation schema" classname="Kubernetes e2e suite" status="skipped" time="0">
              <skipped message="skipped"></skipped>
          </testcase>
          <testcase name="[It] [sig-storage] In-tree Volumes [Driver: ceph] [Feature:Volumes] [Serial] [Testpattern: Pre-provisioned PV (filesystem volmode)] multiVolume [Slow] should access to two volumes with different volume mode and retain data across pod recreation on the same node" classname="Kubernetes e2e suite" status="skipped" time="0">
              <skipped message="skipped"></skipped>
          </testcase>
          <testcase name="[It] [sig-storage] In-tree Volumes [Driver: iscsi] [Feature:Volumes] [Testpattern: Generic Ephemeral-volume (default fs) (immediate-binding)] ephemeral should create read-only inline ephemeral volume" classname="Kubernetes e2e suite" status="skipped" time="0">
              <skipped message="skipped"></skipped>
          </testcase>
          <testcase name="[It] [sig-storage] In-tree Volumes [Driver: local] [LocalVolumeType: block] [Testpattern: Generic Ephemeral-volume (default fs) (late-binding)] ephemeral should support expansion of pvcs created for ephemeral pvcs" classname="Kubernetes e2e suite" status="skipped" time="0">
              <skipped message="skipped"></skipped>
          </testcase>
          <testcase name="[It] [sig-storage] In-tree Volumes [Driver: nfs] [Testpattern: Dynamic PV (default fs)] subPath should support existing directories when readOnly specified in the volumeSource" classname="Kubernetes e2e suite" status="skipped" time="0">
              <skipped message="skipped"></skipped>
          </testcase>
          <testcase name="[It] [sig-storage] In-tree Volumes [Driver: cinder] [Testpattern: Inline-volume (default fs)] subPath should support creating multiple subpath from same volumes [Slow]" classname="Kubernetes e2e suite" status="skipped" time="0">
              <skipped message="skipped"></skipped>
          </testcase>
          <testcase name="[It] [sig-storage] In-tree Volumes [Driver: local] [LocalVolumeType: blockfs] [Testpattern: Dynamic PV (ntfs)] [Feature:Windows] provisioning should provision storage with snapshot data source [Feature:VolumeSnapshotDataSource]" classname="Kubernetes e2e suite" status="skipped" time="0">
              <skipped message="skipped"></skipped>
          </testcase>
          <testcase name="[It] [sig-storage] In-tree Volumes [Driver: local] [LocalVolumeType: dir-link-bindmounted] [Testpattern: Dynamic PV (filesystem volmode)] disruptive [Disruptive] [LinuxOnly] Should test that pv used in a pod that is force deleted while the kubelet is down is usable by a new pod with a different SELinux context when kubelet returns [Feature:SELinux]" classname="Kubernetes e2e suite" status="skipped" time="0">
              <skipped message="skipped"></skipped>
          </testcase>
          <testcase name="[It] [sig-storage] In-tree Volumes [Driver: aws] [Testpattern: Dynamic PV (default fs)] provisioning should provision storage with pvc data source" classname="Kubernetes e2e suite" status="skipped" time="0">
              <skipped message="skipped"></skipped>
          </testcase>
          <testcase name="[It] [sig-storage] In-tree Volumes [Driver: ceph] [Feature:Volumes] [Serial] [Testpattern: Pre-provisioned PV (ext4)] volumes should allow exec of files on the volume" classname="Kubernetes e2e suite" status="skipped" time="0">
              <skipped message="skipped"></skipped>
          </testcase>
          <testcase name="[It] [sig-storage] In-tree Volumes [Driver: local] [LocalVolumeType: dir] [Testpattern: Pre-provisioned PV (default fs)] subPath should verify container cannot write to subpath readonly volumes [Slow]" classname="Kubernetes e2e suite" status="skipped" time="0">
              <skipped message="skipped"></skipped>
          </testcase>
          <testcase name="[It] [sig-storage] In-tree Volumes [Driver: azure-disk] [Testpattern: Dynamic PV (ntfs)] [Feature:Windows] provisioning should provision storage with pvc data source" classname="Kubernetes e2e suite" status="skipped" time="0">
              <skipped message="skipped"></skipped>
          </testcase>
          <testcase name="[It] [sig-storage] In-tree Volumes [Driver: aws] [Testpattern: Dynamic PV (filesystem volmode)] multiVolume [Slow] should access to two volumes with the same volume mode and retain data across pod recreation on the same node" classname="Kubernetes e2e suite" status="skipped" time="0">
              <skipped message="skipped"></skipped>
          </testcase>
          <testcase name="[It] [sig-storage] In-tree Volumes [Driver: local] [LocalVolumeType: gce-localssd-scsi-fs] [Serial] [Testpattern: Dynamic PV (block volmode)] provisioning should provision storage with any volume data source [Serial]" classname="Kubernetes e2e suite" status="skipped" time="0">
              <skipped message="skipped"></skipped>
          </testcase>
          <testcase name="[It] [sig-storage] In-tree Volumes [Driver: azure-file] [Testpattern: Dynamic PV (default fs)] provisioning should provision storage with pvc data source (ROX mode)" classname="Kubernetes e2e suite" status="skipped" time="0">
              <skipped message="skipped"></skipped>
          </testcase>
          <testcase name="[It] [sig-storage] In-tree Volumes [Driver: emptydir] [Testpattern: Dynamic PV (ext4)] multiVolume [Slow] should concurrently access the volume and restored snapshot from pods on the same node [LinuxOnly] [Feature:VolumeSnapshotDataSource] [Feature:VolumeSourceXFS]" classname="Kubernetes e2e suite" status="skipped" time="0">
              <skipped message="skipped"></skipped>
          </testcase>
          <testcase name="[It] [sig-storage] In-tree Volumes [Driver: rbd] [Feature:Volumes] [Serial] [Testpattern: Inline-volume (ntfs)] [Feature:Windows] volumes should allow exec of files on the volume" classname="Kubernetes e2e suite" status="skipped" time="0">
              <skipped message="skipped"></skipped>
          </testcase>
          <testcase name="[It] [sig-storage] In-tree Volumes [Driver: local] [LocalVolumeType: dir-bindmounted] [Testpattern: Pre-provisioned PV (block volmode)] volumeMode should fail to create pod by failing to mount volume [Slow]" classname="Kubernetes e2e suite" status="skipped" time="0">
              <skipped message="skipped"></skipped>
          </testcase>
          <testcase name="[It] [sig-storage] Dynamic Provisioning DynamicProvisioner [Slow] [Feature:StorageProvider] should provision storage with different parameters" classname="Kubernetes e2e suite" status="skipped" time="0">
              <skipped message="skipped"></skipped>
          </testcase>
          <testcase name="[It] [sig-storage] EmptyDir volumes volume on tmpfs should have the correct mode [LinuxOnly] [NodeConformance] [Conformance]" classname="Kubernetes e2e suite" status="passed" time="2.083936781"></testcase>
          <testcase name="[It] [sig-storage] In-tree Volumes [Driver: emptydir] [Testpattern: Pre-provisioned PV (default fs)] subPath should support file as subpath [LinuxOnly]" classname="Kubernetes e2e suite" status="skipped" time="0">
              <skipped message="skipped"></skipped>
          </testcase>
          <testcase name="[It] [sig-windows] [Feature:Windows] SecurityContext should not be able to create pods with unknown usernames at Container level" classname="Kubernetes e2e suite" status="skipped" time="0">
              <skipped message="skipped"></skipped>
          </testcase>
          <testcase name="[It] [sig-apps] DaemonRestart [Disruptive] Scheduler should continue assigning pods to nodes across restart" classname="Kubernetes e2e suite" status="skipped" time="0">
              <skipped message="skipped"></skipped>
          </testcase>
          <testcase name="[It] [sig-storage] In-tree Volumes [Driver: azure-disk] [Testpattern: Pre-provisioned PV (default fs)] subPath should support existing directories when readOnly specified in the volumeSource" classname="Kubernetes e2e suite" status="skipped" time="0">
              <skipped message="skipped"></skipped>
          </testcase>
          <testcase name="[It] [sig-storage] In-tree Volumes [Driver: hostPathSymlink] [Testpattern: Dynamic PV (ntfs)] [Feature:Windows] provisioning should provision storage with pvc data source in parallel [Slow]" classname="Kubernetes e2e suite" status="skipped" time="0">
              <skipped message="skipped"></skipped>
          </testcase>
          <testcase name="[It] [sig-storage] In-tree Volumes [Driver: hostPathSymlink] [Testpattern: Pre-provisioned PV (xfs)] [Slow] volumes should store data" classname="Kubernetes e2e suite" status="skipped" time="0">
              <skipped message="skipped"></skipped>
          </testcase>
          <testcase name="[It] [sig-storage] In-tree Volumes [Driver: emptydir] [Testpattern: Dynamic PV (default fs)] provisioning should provision storage with snapshot data source (ROX mode) [Feature:VolumeSnapshotDataSource]" classname="Kubernetes e2e suite" status="skipped" time="0">
              <skipped message="skipped"></skipped>
          </testcase>
          <testcase name="[It] [sig-storage] In-tree Volumes [Driver: azure-file] [Testpattern: Generic Ephemeral-volume (default fs) (late-binding)] ephemeral should create read/write inline ephemeral volume" classname="Kubernetes e2e suite" status="skipped" time="0">
              <skipped message="skipped"></skipped>
          </testcase>
          <testcase name="[It] [sig-storage] In-tree Volumes [Driver: hostPath] [Testpattern: Dynamic PV (block volmode)] provisioning should provision storage with snapshot data source [Feature:VolumeSnapshotDataSource]" classname="Kubernetes e2e suite" status="skipped" time="0">
              <skipped message="skipped"></skipped>
          </testcase>
          <testcase name="[It] [sig-storage] CSI Volumes [Driver: csi-hostpath] [Testpattern: Dynamic PV (delayed binding)] topology should fail to schedule a pod which has topologies that conflict with AllowedTopologies" classname="Kubernetes e2e suite" status="skipped" time="0">
              <skipped message="skipped"></skipped>
          </testcase>
          <testcase name="[It] [sig-storage] In-tree Volumes [Driver: local] [LocalVolumeType: tmpfs] [Testpattern: Dynamic PV (immediate binding)] topology should fail to schedule a pod which has topologies that conflict with AllowedTopologies" classname="Kubernetes e2e suite" status="skipped" time="0">
              <skipped message="skipped"></skipped>
          </testcase>
          <testcase name="[It] [sig-storage] In-tree Volumes [Driver: nfs] [Testpattern: Dynamic PV (ntfs)] [Feature:Windows] subPath should unmount if pod is force deleted while kubelet is down [Disruptive] [Slow] [LinuxOnly]" classname="Kubernetes e2e suite" status="skipped" time="0">
              <skipped message="skipped"></skipped>
          </testcase>
          <testcase name="[It] [sig-storage] In-tree Volumes [Driver: local] [LocalVolumeType: tmpfs] [Testpattern: Dynamic PV (ntfs)] [Feature:Windows] multiVolume [Slow] should concurrently access the single volume from pods on the same node" classname="Kubernetes e2e suite" status="skipped" time="0">
              <skipped message="skipped"></skipped>
          </testcase>
          <testcase name="[It] [sig-storage] In-tree Volumes [Driver: aws] [Testpattern: Inline-volume (default fs)] volumeIO should write files of various sizes, verify size, validate content [Slow]" classname="Kubernetes e2e suite" status="skipped" time="0">
              <skipped message="skipped"></skipped>
          </testcase>
          <testcase name="[It] [sig-node] Probing container should be restarted with a GRPC liveness probe [NodeConformance] [Conformance]" classname="Kubernetes e2e suite" status="passed" time="66.33040296"></testcase>
          <testcase name="[It] [sig-storage] In-tree Volumes [Driver: local] [LocalVolumeType: gce-localssd-scsi-fs] [Serial] [Testpattern: Dynamic PV (filesystem volmode)] disruptive [Disruptive] [LinuxOnly] Should test that pv used in a pod that is deleted while the kubelet is down is usable by a new pod with a different SELinux context when kubelet returns [Feature:SELinux]" classname="Kubernetes e2e suite" status="skipped" time="0">
              <skipped message="skipped"></skipped>
          </testcase>
          <testcase name="[It] [sig-storage] In-tree Volumes [Driver: aws] [Testpattern: Dynamic PV (ntfs)] [Feature:Windows] subPath should support readOnly directory specified in the volumeMount" classname="Kubernetes e2e suite" status="skipped" time="0">
              <skipped message="skipped"></skipped>
          </testcase>
          <testcase name="[It] [sig-storage] In-tree Volumes [Driver: local] [LocalVolumeType: tmpfs] [Testpattern: Dynamic PV (ext4)] multiVolume [Slow] should access to two volumes with different volume mode and retain data across pod recreation on the same node" classname="Kubernetes e2e suite" status="skipped" time="0">
              <skipped message="skipped"></skipped>
          </testcase>
          <testcase name="[It] [sig-api-machinery] FieldValidation should detect unknown and duplicate fields of a typed object [Conformance]" classname="Kubernetes e2e suite" status="passed" time="0.063060035"></testcase>
          <testcase name="[It] [sig-storage] In-tree Volumes [Driver: vsphere] [Testpattern: Dynamic PV (block volmode)] provisioning should provision storage with snapshot data source (ROX mode) [Feature:VolumeSnapshotDataSource]" classname="Kubernetes e2e suite" status="skipped" time="0">
              <skipped message="skipped"></skipped>
          </testcase>
          <testcase name="[It] [sig-network] Netpol [Feature:SCTPConnectivity] [LinuxOnly] NetworkPolicy between server and client using SCTP should enforce policy based on Ports [Feature:NetworkPolicy]" classname="Kubernetes e2e suite" status="skipped" time="0">
              <skipped message="skipped"></skipped>
          </testcase>
          <testcase name="[It] [sig-storage] In-tree Volumes [Driver: emptydir] [Testpattern: Dynamic PV (filesystem volmode)] disruptive [Disruptive] [LinuxOnly] Should test that pv written before kubelet restart is readable after restart." classname="Kubernetes e2e suite" status="skipped" time="0">
              <skipped message="skipped"></skipped>
          </testcase>
          <testcase name="[It] [sig-storage] EmptyDir volumes should support (non-root,0777,default) [LinuxOnly] [NodeConformance] [Conformance]" classname="Kubernetes e2e suite" status="passed" time="4.117219837"></testcase>
          <testcase name="[It] [sig-api-machinery] ResourceQuota should create a ResourceQuota and capture the life of a secret. [Conformance]" classname="Kubernetes e2e suite" status="passed" time="16.116921545"></testcase>
          <testcase name="[It] [sig-storage] In-tree Volumes [Driver: cinder] [Testpattern: Dynamic PV (ext3)] volumes should allow exec of files on the volume" classname="Kubernetes e2e suite" status="skipped" time="0">
              <skipped message="skipped"></skipped>
          </testcase>
          <testcase name="[It] [sig-storage] In-tree Volumes [Driver: azure-file] [Testpattern: Dynamic PV (ntfs)] [Feature:Windows] subPath should support existing directories when readOnly specified in the volumeSource" classname="Kubernetes e2e suite" status="skipped" time="0">
              <skipped message="skipped"></skipped>
          </testcase>
          <testcase name="[It] [sig-storage] In-tree Volumes [Driver: azure-file] [Testpattern: Pre-provisioned PV (default fs)] subPath should support file as subpath [LinuxOnly]" classname="Kubernetes e2e suite" status="skipped" time="0">
              <skipped message="skipped"></skipped>
          </testcase>
          <testcase name="[It] [sig-storage] In-tree Volumes [Driver: hostPath] [Testpattern: Dynamic PV (ntfs)] [Feature:Windows] subPath should support restarting containers using directory as subpath [Slow]" classname="Kubernetes e2e suite" status="skipped" time="0">
              <skipped message="skipped"></skipped>
          </testcase>
          <testcase name="[It] [sig-storage] In-tree Volumes [Driver: iscsi] [Feature:Volumes] [Testpattern: Pre-provisioned PV (block volmode)] volumeMode should not mount / map unused volumes in a pod [LinuxOnly]" classname="Kubernetes e2e suite" status="skipped" time="0">
              <skipped message="skipped"></skipped>
          </testcase>
          <testcase name="[It] [sig-storage] In-tree Volumes [Driver: hostPathSymlink] [Testpattern: Dynamic PV (block volmode)] multiVolume [Slow] should concurrently access the single volume from pods on the same node" classname="Kubernetes e2e suite" status="skipped" time="0">
              <skipped message="skipped"></skipped>
          </testcase>
          <testcase name="[It] [sig-storage] CSI Volumes [Driver: pd.csi.storage.gke.io] [Serial] [Testpattern: Inline-volume (default fs)] subPath should support existing single file [LinuxOnly]" classname="Kubernetes e2e suite" status="skipped" time="0">
              <skipped message="skipped"></skipped>
          </testcase>
          <testcase name="[It] [sig-storage] In-tree Volumes [Driver: aws] [Testpattern: Dynamic PV (block volmode)] multiVolume [Slow] should concurrently access the single volume from pods on the same node" classname="Kubernetes e2e suite" status="skipped" time="0">
              <skipped message="skipped"></skipped>
          </testcase>
          <testcase name="[It] [sig-storage] In-tree Volumes [Driver: local] [LocalVolumeType: dir-link] [Testpattern: Dynamic PV (filesystem volmode)] multiVolume [Slow] should concurrently access the volume and restored snapshot from pods on the same node [LinuxOnly] [Feature:VolumeSnapshotDataSource] [Feature:VolumeSourceXFS]" classname="Kubernetes e2e suite" status="skipped" time="0">
              <skipped message="skipped"></skipped>
          </testcase>
          <testcase name="[It] [sig-storage] In-tree Volumes [Driver: iscsi] [Feature:Volumes] [Testpattern: Pre-provisioned PV (block volmode)] disruptive [Disruptive] [LinuxOnly] Should test that pv used in a pod that is deleted while the kubelet is down cleans up when the kubelet returns." classname="Kubernetes e2e suite" status="skipped" time="0">
              <skipped message="skipped"></skipped>
          </testcase>
          <testcase name="[It] [sig-storage] In-tree Volumes [Driver: nfs] [Testpattern: Pre-provisioned PV (block volmode)] multiVolume [Slow] should concurrently access the single read-only volume from pods on the same node" classname="Kubernetes e2e suite" status="skipped" time="0">
              <skipped message="skipped"></skipped>
          </testcase>
          <testcase name="[It] [sig-api-machinery] API Streaming (aka. WatchList) [Serial] [Feature:WatchList] should be requested when ENABLE_CLIENT_GO_WATCH_LIST_ALPHA is set" classname="Kubernetes e2e suite" status="skipped" time="0">
              <skipped message="skipped"></skipped>
          </testcase>
          <testcase name="[It] [sig-storage] In-tree Volumes [Driver: ceph] [Feature:Volumes] [Serial] [Testpattern: Dynamic PV (ntfs)] [Feature:Windows] volume-expand should not allow expansion of pvcs without AllowVolumeExpansion property" classname="Kubernetes e2e suite" status="skipped" time="0">
              <skipped message="skipped"></skipped>
          </testcase>
          <testcase name="[It] [sig-storage] In-tree Volumes [Driver: hostPathSymlink] [Testpattern: Dynamic PV (block volmode)] disruptive [Disruptive] [LinuxOnly] Should test that pv written before kubelet restart is readable after restart." classname="Kubernetes e2e suite" status="skipped" time="0">
              <skipped message="skipped"></skipped>
          </testcase>
          <testcase name="[It] [sig-storage] In-tree Volumes [Driver: iscsi] [Feature:Volumes] [Testpattern: Dynamic PV (block volmode)] multiVolume [Slow] should access to two volumes with different volume mode and retain data across pod recreation on the same node" classname="Kubernetes e2e suite" status="skipped" time="0">
              <skipped message="skipped"></skipped>
          </testcase>
          <testcase name="[It] [sig-network] Networking Granular Checks: Services should support basic nodePort: udp functionality" classname="Kubernetes e2e suite" status="skipped" time="0">
              <skipped message="skipped"></skipped>
          </testcase>
          <testcase name="[It] [sig-storage] In-tree Volumes [Driver: rbd] [Feature:Volumes] [Serial] [Testpattern: Dynamic PV (ntfs)] [Feature:Windows] multiVolume [Slow] should concurrently access the volume and restored snapshot from pods on the same node [LinuxOnly] [Feature:VolumeSnapshotDataSource] [Feature:VolumeSourceXFS]" classname="Kubernetes e2e suite" status="skipped" time="0">
              <skipped message="skipped"></skipped>
          </testcase>
          <testcase name="[It] [sig-storage] In-tree Volumes [Driver: local] [LocalVolumeType: gce-localssd-scsi-fs] [Serial] [Testpattern: Pre-provisioned PV (block volmode)] multiVolume [Slow] should access to two volumes with the same volume mode and retain data across pod recreation on different node" classname="Kubernetes e2e suite" status="skipped" time="0">
              <skipped message="skipped"></skipped>
          </testcase>
          <testcase name="[It] [sig-storage] In-tree Volumes [Driver: local] [LocalVolumeType: tmpfs] [Testpattern: Pre-provisioned PV (default fs)] subPath should support file as subpath [LinuxOnly]" classname="Kubernetes e2e suite" status="skipped" time="0">
              <skipped message="skipped"></skipped>
          </testcase>
          <testcase name="[It] [sig-storage] In-tree Volumes [Driver: local] [LocalVolumeType: dir] [Testpattern: Dynamic PV (ntfs)] [Feature:Windows] subPath should support creating multiple subpath from same volumes [Slow]" classname="Kubernetes e2e suite" status="skipped" time="0">
              <skipped message="skipped"></skipped>
          </testcase>
          <testcase name="[It] [sig-storage] In-tree Volumes [Driver: local] [LocalVolumeType: dir] [Testpattern: Dynamic PV (ntfs)] [Feature:Windows] subPath should support non-existent path" classname="Kubernetes e2e suite" status="skipped" time="0">
              <skipped message="skipped"></skipped>
          </testcase>
          <testcase name="[It] [sig-storage] CSI Volumes [Driver: csi-hostpath] [Testpattern: Inline-volume (ext4)] volumes should allow exec of files on the volume" classname="Kubernetes e2e suite" status="skipped" time="0">
              <skipped message="skipped"></skipped>
          </testcase>
          <testcase name="[It] [sig-storage] In-tree Volumes [Driver: local] [LocalVolumeType: gce-localssd-scsi-fs] [Serial] [Testpattern: Dynamic PV (xfs)] [Slow] multiVolume [Slow] should concurrently access the volume and its clone from pods on the same node [LinuxOnly] [Feature:VolumeSourceXFS]" classname="Kubernetes e2e suite" status="skipped" time="0">
              <skipped message="skipped"></skipped>
          </testcase>
          <testcase name="[It] [sig-api-machinery] CustomResourcePublishOpenAPI [Privileged:ClusterAdmin] updates the published spec when one version gets renamed [Conformance]" classname="Kubernetes e2e suite" status="passed" time="7.639558216"></testcase>
          <testcase name="[It] [sig-storage] In-tree Volumes [Driver: iscsi] [Feature:Volumes] [Testpattern: Dynamic PV (ext4)] multiVolume [Slow] should access to two volumes with the same volume mode and retain data across pod recreation on the same node" classname="Kubernetes e2e suite" status="skipped" time="0">
              <skipped message="skipped"></skipped>
          </testcase>
          <testcase name="[It] [sig-storage] In-tree Volumes [Driver: hostPath] [Testpattern: Pre-provisioned PV (block volmode)] volumeMode should fail to use a volume in a pod with mismatched mode [Slow]" classname="Kubernetes e2e suite" status="skipped" time="0">
              <skipped message="skipped"></skipped>
          </testcase>
          <testcase name="[It] [sig-storage] In-tree Volumes [Driver: local] [LocalVolumeType: dir-link-bindmounted] [Testpattern: Pre-provisioned PV (default fs)] subPath should fail if subpath with backstepping is outside the volume [Slow] [LinuxOnly]" classname="Kubernetes e2e suite" status="skipped" time="0">
              <skipped message="skipped"></skipped>
          </testcase>
          <testcase name="[It] [sig-storage] In-tree Volumes [Driver: cinder] [Testpattern: Pre-provisioned PV (filesystem volmode)] multiVolume [Slow] should concurrently access the volume and restored snapshot from pods on the same node [LinuxOnly] [Feature:VolumeSnapshotDataSource] [Feature:VolumeSourceXFS]" classname="Kubernetes e2e suite" status="skipped" time="0">
              <skipped message="skipped"></skipped>
          </testcase>
          <testcase name="[It] [sig-storage] In-tree Volumes [Driver: vsphere] [Testpattern: Dynamic PV (default fs)] subPath should fail if subpath file is outside the volume [Slow] [LinuxOnly]" classname="Kubernetes e2e suite" status="skipped" time="0">
              <skipped message="skipped"></skipped>
          </testcase>
          <testcase name="[It] [sig-storage] In-tree Volumes [Driver: local] [LocalVolumeType: tmpfs] [Testpattern: Dynamic PV (ntfs)] [Feature:Windows] subPath should support existing directories when readOnly specified in the volumeSource" classname="Kubernetes e2e suite" status="skipped" time="0">
              <skipped message="skipped"></skipped>
          </testcase>
          <testcase name="[It] [sig-storage] In-tree Volumes [Driver: vsphere] [Testpattern: Dynamic PV (block volmode)] provisioning should provision storage with snapshot data source [Feature:VolumeSnapshotDataSource]" classname="Kubernetes e2e suite" status="skipped" time="0">
              <skipped message="skipped"></skipped>
          </testcase>
          <testcase name="[It] [sig-storage] CSI Volumes [Driver: pd.csi.storage.gke.io] [Serial] [Testpattern: Pre-provisioned PV (filesystem volmode)] multiVolume [Slow] should access to two volumes with different volume mode and retain data across pod recreation on the same node" classname="Kubernetes e2e suite" status="skipped" time="0">
              <skipped message="skipped"></skipped>
          </testcase>
          <testcase name="[It] [sig-storage] In-tree Volumes [Driver: local] [LocalVolumeType: tmpfs] [Testpattern: Pre-provisioned PV (default fs)] subPath should unmount if pod is gracefully deleted while kubelet is down [Disruptive] [Slow] [LinuxOnly]" classname="Kubernetes e2e suite" status="skipped" time="0">
              <skipped message="skipped"></skipped>
          </testcase>
          <testcase name="[It] [sig-storage] In-tree Volumes [Driver: iscsi] [Feature:Volumes] [Testpattern: Dynamic PV (ntfs)] [Feature:Windows] provisioning should provision storage with snapshot data source (ROX mode) [Feature:VolumeSnapshotDataSource]" classname="Kubernetes e2e suite" status="skipped" time="0">
              <skipped message="skipped"></skipped>
          </testcase>
          <testcase name="[It] [sig-storage] CSI Volumes [Driver: csi-hostpath] [Testpattern: Pre-provisioned PV (default fs)] subPath should unmount if pod is force deleted while kubelet is down [Disruptive] [Slow] [LinuxOnly]" classname="Kubernetes e2e suite" status="skipped" time="0">
              <skipped message="skipped"></skipped>
          </testcase>
          <testcase name="[It] [sig-storage] Volumes NFSv3 should be mountable for NFSv3" classname="Kubernetes e2e suite" status="skipped" time="0">
              <skipped message="skipped"></skipped>
          </testcase>
          <testcase name="[It] [sig-storage] CSI Volumes [Driver: csi-hostpath] [Testpattern: Dynamic PV (ntfs)] [Feature:Windows] subPath should fail if subpath file is outside the volume [Slow] [LinuxOnly]" classname="Kubernetes e2e suite" status="skipped" time="0">
              <skipped message="skipped"></skipped>
          </testcase>
          <testcase name="[It] [sig-storage] CSI Volumes [Driver: csi-hostpath] [Testpattern: Dynamic PV (ntfs)] [Feature:Windows] provisioning should provision storage with snapshot data source (ROX mode) [Feature:VolumeSnapshotDataSource]" classname="Kubernetes e2e suite" status="skipped" time="0">
              <skipped message="skipped"></skipped>
          </testcase>
          <testcase name="[It] [sig-node] [NodeAlphaFeature:SidecarContainers] [Feature:SidecarContainers] Probing restartable init container should *not* be restarted with a tcp:8080 liveness probe" classname="Kubernetes e2e suite" status="skipped" time="0">
              <skipped message="skipped"></skipped>
          </testcase>
          <testcase name="[It] [sig-storage] In-tree Volumes [Driver: azure-disk] [Testpattern: Dynamic PV (ntfs)] [Feature:Windows] multiVolume [Slow] should concurrently access the single read-only volume from pods on the same node" classname="Kubernetes e2e suite" status="skipped" time="0">
              <skipped message="skipped"></skipped>
          </testcase>
          <testcase name="[It] [sig-storage] In-tree Volumes [Driver: vsphere] [Testpattern: Dynamic PV (xfs)] [Slow] multiVolume [Slow] should concurrently access the volume and its clone from pods on the same node [LinuxOnly] [Feature:VolumeSourceXFS]" classname="Kubernetes e2e suite" status="skipped" time="0">
              <skipped message="skipped"></skipped>
          </testcase>
          <testcase name="[It] [sig-network] Conntrack should drop INVALID conntrack entries [Privileged]" classname="Kubernetes e2e suite" status="skipped" time="0">
              <skipped message="skipped"></skipped>
          </testcase>
          <testcase name="[It] [sig-storage] In-tree Volumes [Driver: local] [LocalVolumeType: dir-bindmounted] [Testpattern: Dynamic PV (block volmode)] disruptive [Disruptive] [LinuxOnly] Should test that pv used in a pod that is deleted while the kubelet is down cleans up when the kubelet returns." classname="Kubernetes e2e suite" status="skipped" time="0">
              <skipped message="skipped"></skipped>
          </testcase>
          <testcase name="[It] [sig-storage] In-tree Volumes [Driver: local] [LocalVolumeType: gce-localssd-scsi-fs] [Serial] [Testpattern: Pre-provisioned PV (filesystem volmode)] multiVolume [Slow] should access to two volumes with the same volume mode and retain data across pod recreation on different node" classname="Kubernetes e2e suite" status="skipped" time="0">
              <skipped message="skipped"></skipped>
          </testcase>
          <testcase name="[It] [sig-storage] CSI Volumes [Driver: pd.csi.storage.gke.io] [Serial] [Testpattern: Dynamic PV (ext4)] multiVolume [Slow] should access to two volumes with different volume mode and retain data across pod recreation on the same node" classname="Kubernetes e2e suite" status="skipped" time="0">
              <skipped message="skipped"></skipped>
          </testcase>
          <testcase name="[It] [sig-storage] In-tree Volumes [Driver: local] [LocalVolumeType: dir-link-bindmounted] [Testpattern: Dynamic PV (ntfs)] [Feature:Windows] provisioning should mount multiple PV pointing to the same storage on the same node" classname="Kubernetes e2e suite" status="skipped" time="0">
              <skipped message="skipped"></skipped>
          </testcase>
          <testcase name="[It] [sig-apps] ReplicaSet should validate Replicaset Status endpoints [Conformance]" classname="Kubernetes e2e suite" status="passed" time="5.091154445"></testcase>
          <testcase name="[It] [sig-storage] In-tree Volumes [Driver: local] [LocalVolumeType: dir] [Testpattern: Dynamic PV (default fs)] fsgroupchangepolicy (Always)[LinuxOnly], pod created with an initial fsgroup, new pod fsgroup applied to volume contents" classname="Kubernetes e2e suite" status="skipped" time="0">
              <skipped message="skipped"></skipped>
          </testcase>
          <testcase name="[It] [sig-storage] In-tree Volumes [Driver: local] [LocalVolumeType: block] [Testpattern: Dynamic PV (default fs)] capacity provides storage capacity information" classname="Kubernetes e2e suite" status="skipped" time="0">
              <skipped message="skipped"></skipped>
          </testcase>
          <testcase name="[It] [sig-storage] CSI Volumes [Driver: csi-hostpath] [Testpattern: Dynamic PV (ntfs)] [Feature:Windows] multiVolume [Slow] should concurrently access the volume and its clone from pods on the same node [LinuxOnly] [Feature:VolumeSourceXFS]" classname="Kubernetes e2e suite" status="skipped" time="0">
              <skipped message="skipped"></skipped>
          </testcase>
          <testcase name="[It] [sig-storage] In-tree Volumes [Driver: vsphere] [Testpattern: Dynamic PV (filesystem volmode)] disruptive [Disruptive] [LinuxOnly] Should test that pv used in a pod that is deleted while the kubelet is down is usable by a new pod when kubelet returns [Feature:SELinux]" classname="Kubernetes e2e suite" status="skipped" time="0">
              <skipped message="skipped"></skipped>
          </testcase>
          <testcase name="[It] [sig-storage] In-tree Volumes [Driver: local] [LocalVolumeType: dir-bindmounted] [Testpattern: Inline-volume (ext3)] volumes should store data" classname="Kubernetes e2e suite" status="skipped" time="0">
              <skipped message="skipped"></skipped>
          </testcase>
          <testcase name="[It] [sig-storage] In-tree Volumes [Driver: local] [LocalVolumeType: dir-bindmounted] [Testpattern: Pre-provisioned PV (filesystem volmode)] multiVolume [Slow] should concurrently access the single read-only volume from pods on the same node" classname="Kubernetes e2e suite" status="skipped" time="0">
              <skipped message="skipped"></skipped>
          </testcase>
          <testcase name="[It] [sig-storage] In-tree Volumes [Driver: vsphere] [Testpattern: Dynamic PV (ext4)] multiVolume [Slow] should concurrently access the single volume from pods on the same node" classname="Kubernetes e2e suite" status="skipped" time="0">
              <skipped message="skipped"></skipped>
          </testcase>
          <testcase name="[It] [sig-storage] In-tree Volumes [Driver: local] [LocalVolumeType: dir] [Testpattern: Dynamic PV (default fs)] volume-expand should not allow expansion of pvcs without AllowVolumeExpansion property" classname="Kubernetes e2e suite" status="skipped" time="0">
              <skipped message="skipped"></skipped>
          </testcase>
          <testcase name="[It] [sig-storage] In-tree Volumes [Driver: hostPathSymlink] [Testpattern: Dynamic PV (filesystem volmode)] multiVolume [Slow] should concurrently access the single volume from pods on the same node" classname="Kubernetes e2e suite" status="skipped" time="0">
              <skipped message="skipped"></skipped>
          </testcase>
          <testcase name="[It] [sig-storage] In-tree Volumes [Driver: local] [LocalVolumeType: dir-link-bindmounted] [Testpattern: Pre-provisioned PV (filesystem volmode)] multiVolume [Slow] should concurrently access the single volume from pods on the same node" classname="Kubernetes e2e suite" status="skipped" time="0">
              <skipped message="skipped"></skipped>
          </testcase>
          <testcase name="[It] [sig-storage] PersistentVolumes-local [Volume type: block] One pod requesting one prebound PVC should be able to mount volume and read from pod1" classname="Kubernetes e2e suite" status="skipped" time="0">
              <skipped message="skipped"></skipped>
          </testcase>
          <testcase name="[It] [sig-storage] ConfigMap optional updates should be reflected in volume [NodeConformance] [Conformance]" classname="Kubernetes e2e suite" status="passed" time="88.808634376"></testcase>
          <testcase name="[It] [sig-storage] In-tree Volumes [Driver: azure-disk] [Testpattern: Dynamic PV (default fs)] fsgroupchangepolicy (Always)[LinuxOnly], pod created with an initial fsgroup, volume contents ownership changed via chgrp in first pod, new pod with different fsgroup applied to the volume contents" classname="Kubernetes e2e suite" status="skipped" time="0">
              <skipped message="skipped"></skipped>
          </testcase>
          <testcase name="[It] [sig-storage] In-tree Volumes [Driver: hostPath] [Testpattern: Generic Ephemeral-volume (default fs) (immediate-binding)] ephemeral should support multiple inline ephemeral volumes" classname="Kubernetes e2e suite" status="skipped" time="0">
              <skipped message="skipped"></skipped>
          </testcase>
          <testcase name="[It] [sig-storage] In-tree Volumes [Driver: hostPathSymlink] [Testpattern: Dynamic PV (filesystem volmode)] disruptive [Disruptive] [LinuxOnly] Should test that pv used in a pod that is deleted while the kubelet is down is usable by a new pod with a different SELinux context when kubelet returns [Feature:SELinux]" classname="Kubernetes e2e suite" status="skipped" time="0">
              <skipped message="skipped"></skipped>
          </testcase>
          <testcase name="[It] [sig-storage] In-tree Volumes [Driver: iscsi] [Feature:Volumes] [Testpattern: Dynamic PV (ntfs)] [Feature:Windows] subPath should verify container cannot write to subpath readonly volumes [Slow]" classname="Kubernetes e2e suite" status="skipped" time="0">
              <skipped message="skipped"></skipped>
          </testcase>
          <testcase name="[It] [sig-api-machinery] CustomResourceDefinition resources [Privileged:ClusterAdmin] Simple CustomResourceDefinition listing custom resource definition objects works [Conformance]" classname="Kubernetes e2e suite" status="passed" time="6.312683101"></testcase>
          <testcase name="[It] [sig-network] Netpol NetworkPolicy between server and client should enforce except clause while egress access to server in CIDR block [Feature:NetworkPolicy]" classname="Kubernetes e2e suite" status="skipped" time="0">
              <skipped message="skipped"></skipped>
          </testcase>
          <testcase name="[It] [sig-storage] CSI Volumes [Driver: pd.csi.storage.gke.io] [Serial] [Testpattern: Dynamic PV (ntfs)] [Feature:Windows] subPath should support restarting containers using file as subpath [Slow] [LinuxOnly]" classname="Kubernetes e2e suite" status="skipped" time="0">
              <skipped message="skipped"></skipped>
          </testcase>
          <testcase name="[It] [sig-storage] EmptyDir volumes should support (non-root,0666,tmpfs) [LinuxOnly] [NodeConformance] [Conformance]" classname="Kubernetes e2e suite" status="passed" time="4.131213357"></testcase>
          <testcase name="[It] [sig-storage] In-tree Volumes [Driver: cinder] [Testpattern: Dynamic PV (ntfs)] [Feature:Windows] multiVolume [Slow] should concurrently access the single volume from pods on the same node" classname="Kubernetes e2e suite" status="skipped" time="0">
              <skipped message="skipped"></skipped>
          </testcase>
          <testcase name="[It] [sig-storage] In-tree Volumes [Driver: hostPath] [Testpattern: Dynamic PV (ntfs)] [Feature:Windows] volumeIO should write files of various sizes, verify size, validate content [Slow]" classname="Kubernetes e2e suite" status="skipped" time="0">
              <skipped message="skipped"></skipped>
          </testcase>
          <testcase name="[It] [sig-storage] In-tree Volumes [Driver: cinder] [Testpattern: Dynamic PV (default fs)] subPath should unmount if pod is force deleted while kubelet is down [Disruptive] [Slow] [LinuxOnly]" classname="Kubernetes e2e suite" status="skipped" time="0">
              <skipped message="skipped"></skipped>
          </testcase>
          <testcase name="[It] [sig-storage] In-tree Volumes [Driver: aws] [Testpattern: Generic Ephemeral-volume (block volmode) (late-binding)] ephemeral should support expansion of pvcs created for ephemeral pvcs" classname="Kubernetes e2e suite" status="skipped" time="0">
              <skipped message="skipped"></skipped>
          </testcase>
          <testcase name="[It] [sig-storage] In-tree Volumes [Driver: azure-file] [Testpattern: Dynamic PV (xfs)] [Slow] multiVolume [Slow] should access to two volumes with the same volume mode and retain data across pod recreation on different node" classname="Kubernetes e2e suite" status="skipped" time="0">
              <skipped message="skipped"></skipped>
          </testcase>
          <testcase name="[It] [sig-storage] In-tree Volumes [Driver: local] [LocalVolumeType: dir-link] [Testpattern: Dynamic PV (delayed binding)] topology should provision a volume and schedule a pod with AllowedTopologies" classname="Kubernetes e2e suite" status="skipped" time="0">
              <skipped message="skipped"></skipped>
          </testcase>
          <testcase name="[It] [sig-storage] In-tree Volumes [Driver: local] [LocalVolumeType: tmpfs] [Testpattern: Generic Ephemeral-volume (default fs) (late-binding)] ephemeral should support expansion of pvcs created for ephemeral pvcs" classname="Kubernetes e2e suite" status="skipped" time="0">
              <skipped message="skipped"></skipped>
          </testcase>
          <testcase name="[It] [sig-storage] In-tree Volumes [Driver: local] [LocalVolumeType: block] [Testpattern: Dynamic PV (ext3)] volumes should store data" classname="Kubernetes e2e suite" status="skipped" time="0">
              <skipped message="skipped"></skipped>
          </testcase>
          <testcase name="[It] [sig-storage] In-tree Volumes [Driver: local] [LocalVolumeType: dir-link-bindmounted] [Testpattern: Pre-provisioned PV (default fs)] volumes should allow exec of files on the volume" classname="Kubernetes e2e suite" status="skipped" time="0">
              <skipped message="skipped"></skipped>
          </testcase>
          <testcase name="[It] [sig-storage] CSI Volumes [Driver: csi-hostpath] [Testpattern: Dynamic PV (ext4)] multiVolume [Slow] should concurrently access the volume and restored snapshot from pods on the same node [LinuxOnly] [Feature:VolumeSnapshotDataSource] [Feature:VolumeSourceXFS]" classname="Kubernetes e2e suite" status="skipped" time="0">
              <skipped message="skipped"></skipped>
          </testcase>
          <testcase name="[It] [sig-network] Conntrack should be able to preserve UDP traffic when server pod cycles for a ClusterIP service" classname="Kubernetes e2e suite" status="skipped" time="0">
              <skipped message="skipped"></skipped>
          </testcase>
          <testcase name="[It] [sig-apps] Daemon set [Serial] should run and stop complex daemon with node affinity" classname="Kubernetes e2e suite" status="skipped" time="0">
              <skipped message="skipped"></skipped>
          </testcase>
          <testcase name="[It] [sig-storage] In-tree Volumes [Driver: local] [LocalVolumeType: dir-bindmounted] [Testpattern: Dynamic PV (block volmode)] provisioning should provision storage with pvc data source" classname="Kubernetes e2e suite" status="skipped" time="0">
              <skipped message="skipped"></skipped>
          </testcase>
          <testcase name="[It] [sig-storage] In-tree Volumes [Driver: local] [LocalVolumeType: gce-localssd-scsi-fs] [Serial] [Testpattern: Dynamic PV (block volmode)] provisioning should provision storage with pvc data source (ROX mode)" classname="Kubernetes e2e suite" status="skipped" time="0">
              <skipped message="skipped"></skipped>
          </testcase>
          <testcase name="[It] [sig-storage] ConfigMap updates should be reflected in volume [NodeConformance] [Conformance]" classname="Kubernetes e2e suite" status="passed" time="84.728953963"></testcase>
          <testcase name="[It] [sig-auth] SubjectReview should support SubjectReview API operations [Conformance]" classname="Kubernetes e2e suite" status="passed" time="0.065891564"></testcase>
          <testcase name="[It] [sig-storage] In-tree Volumes [Driver: cinder] [Testpattern: Dynamic PV (ntfs)] [Feature:Windows] provisioning should provision storage with pvc data source in parallel [Slow]" classname="Kubernetes e2e suite" status="skipped" time="0">
              <skipped message="skipped"></skipped>
          </testcase>
          <testcase name="[It] [sig-storage] In-tree Volumes [Driver: hostPathSymlink] [Testpattern: Pre-provisioned PV (filesystem volmode)] volumeMode should fail to use a volume in a pod with mismatched mode [Slow]" classname="Kubernetes e2e suite" status="skipped" time="0">
              <skipped message="skipped"></skipped>
          </testcase>
          <testcase name="[It] [sig-autoscaling] Cluster size autoscaling [Slow] should be able to scale down by draining system pods with pdb [Feature:ClusterSizeAutoscalingScaleDown]" classname="Kubernetes e2e suite" status="skipped" time="0">
              <skipped message="skipped"></skipped>
          </testcase>
          <testcase name="[It] [sig-network] EndpointSlice should support a Service with multiple ports specified in multiple EndpointSlices" classname="Kubernetes e2e suite" status="skipped" time="0">
              <skipped message="skipped"></skipped>
          </testcase>
          <testcase name="[It] [sig-storage] In-tree Volumes [Driver: local] [LocalVolumeType: tmpfs] [Testpattern: Pre-provisioned PV (filesystem volmode)] multiVolume [Slow] should concurrently access the single read-only volume from pods on the same node" classname="Kubernetes e2e suite" status="skipped" time="0">
              <skipped message="skipped"></skipped>
          </testcase>
          <testcase name="[It] [sig-storage] [Serial] Volume metrics PVC should create volume metrics in Volume Manager" classname="Kubernetes e2e suite" status="skipped" time="0">
              <skipped message="skipped"></skipped>
          </testcase>
          <testcase name="[It] [sig-storage] In-tree Volumes [Driver: local] [LocalVolumeType: dir-bindmounted] [Testpattern: Dynamic PV (filesystem volmode)] volumeMode should not mount / map unused volumes in a pod [LinuxOnly]" classname="Kubernetes e2e suite" status="skipped" time="0">
              <skipped message="skipped"></skipped>
          </testcase>
          <testcase name="[It] [sig-api-machinery] AdmissionWebhook [Privileged:ClusterAdmin] should deny crd creation [Conformance]" classname="Kubernetes e2e suite" status="passed" time="3.725129081"></testcase>
          <testcase name="[It] [sig-api-machinery] AdmissionWebhook [Privileged:ClusterAdmin] patching/updating a mutating webhook should work [Conformance]" classname="Kubernetes e2e suite" status="passed" time="3.517671055"></testcase>
          <testcase name="[It] [sig-storage] In-tree Volumes [Driver: local] [LocalVolumeType: gce-localssd-scsi-fs] [Serial] [Testpattern: Dynamic PV (block volmode)] volumeMode should fail in binding dynamic provisioned PV to PVC [Slow] [LinuxOnly]" classname="Kubernetes e2e suite" status="skipped" time="0">
              <skipped message="skipped"></skipped>
          </testcase>
          <testcase name="[It] [sig-storage] Pod Disks [Feature:StorageProvider] should be able to delete a non-existent PD without error" classname="Kubernetes e2e suite" status="skipped" time="0">
              <skipped message="skipped"></skipped>
          </testcase>
          <testcase name="[It] [sig-storage] In-tree Volumes [Driver: local] [LocalVolumeType: dir-link-bindmounted] [Testpattern: Dynamic PV (xfs)] [Slow] multiVolume [Slow] should concurrently access the single volume from pods on different node" classname="Kubernetes e2e suite" status="skipped" time="0">
              <skipped message="skipped"></skipped>
          </testcase>
          <testcase name="[It] [sig-storage] CSI Volumes [Driver: csi-hostpath] [Testpattern: Dynamic PV (delayed binding)] topology should provision a volume and schedule a pod with AllowedTopologies" classname="Kubernetes e2e suite" status="skipped" time="0">
              <skipped message="skipped"></skipped>
          </testcase>
          <testcase name="[It] [sig-storage] CSI Mock volume expansion CSI online volume expansion should expand volume without restarting pod if attach=off, nodeExpansion=on" classname="Kubernetes e2e suite" status="skipped" time="0">
              <skipped message="skipped"></skipped>
          </testcase>
          <testcase name="[It] [sig-storage] CSI Mock volume attach CSI CSIDriver deployment after pod creation using non-attachable mock driver should bringup pod after deploying CSIDriver attach=false [Slow]" classname="Kubernetes e2e suite" status="skipped" time="0">
              <skipped message="skipped"></skipped>
          </testcase>
          <testcase name="[It] [sig-auth] [Feature:NodeAuthenticator] The kubelet can delegate ServiceAccount tokens to the API server" classname="Kubernetes e2e suite" status="skipped" time="0">
              <skipped message="skipped"></skipped>
          </testcase>
          <testcase name="[It] [sig-storage] In-tree Volumes [Driver: local] [LocalVolumeType: gce-localssd-scsi-fs] [Serial] [Testpattern: Dynamic PV (filesystem volmode)] volumeLimits should verify that all csinodes have volume limits" classname="Kubernetes e2e suite" status="skipped" time="0">
              <skipped message="skipped"></skipped>
          </testcase>
          <testcase name="[It] [sig-storage] In-tree Volumes [Driver: cinder] [Testpattern: Dynamic PV (ntfs)] [Feature:Windows] subPath should support restarting containers using file as subpath [Slow] [LinuxOnly]" classname="Kubernetes e2e suite" status="skipped" time="0">
              <skipped message="skipped"></skipped>
          </testcase>
          <testcase name="[It] [sig-storage] In-tree Volumes [Driver: nfs] [Testpattern: Dynamic PV (ntfs)] [Feature:Windows] provisioning should provision correct filesystem size when restoring snapshot to larger size pvc [Feature:VolumeSnapshotDataSource]" classname="Kubernetes e2e suite" status="skipped" time="0">
              <skipped message="skipped"></skipped>
          </testcase>
          <testcase name="[It] [sig-storage] In-tree Volumes [Driver: rbd] [Feature:Volumes] [Serial] [Testpattern: Pre-provisioned PV (default fs)] subPath should support existing single file [LinuxOnly]" classname="Kubernetes e2e suite" status="skipped" time="0">
              <skipped message="skipped"></skipped>
          </testcase>
          <testcase name="[It] [sig-storage] In-tree Volumes [Driver: local] [LocalVolumeType: dir-link] [Testpattern: Pre-provisioned PV (default fs)] subPath should fail if subpath file is outside the volume [Slow] [LinuxOnly]" classname="Kubernetes e2e suite" status="skipped" time="0">
              <skipped message="skipped"></skipped>
          </testcase>
          <testcase name="[It] [sig-storage] In-tree Volumes [Driver: aws] [Testpattern: Dynamic PV (xfs)] [Slow] multiVolume [Slow] should access to two volumes with the same volume mode and retain data across pod recreation on the same node" classname="Kubernetes e2e suite" status="skipped" time="0">
              <skipped message="skipped"></skipped>
          </testcase>
          <testcase name="[It] [sig-storage] In-tree Volumes [Driver: ceph] [Feature:Volumes] [Serial] [Testpattern: Inline-volume (default fs)] volumes should allow exec of files on the volume" classname="Kubernetes e2e suite" status="skipped" time="0">
              <skipped message="skipped"></skipped>
          </testcase>
          <testcase name="[It] [sig-storage] In-tree Volumes [Driver: local] [LocalVolumeType: block] [Testpattern: Dynamic PV (ext4)] multiVolume [Slow] should access to two volumes with the same volume mode and retain data across pod recreation on different node" classname="Kubernetes e2e suite" status="skipped" time="0">
              <skipped message="skipped"></skipped>
          </testcase>
          <testcase name="[It] [sig-storage] In-tree Volumes [Driver: local] [LocalVolumeType: tmpfs] [Testpattern: Dynamic PV (default fs)] subPath should unmount if pod is force deleted while kubelet is down [Disruptive] [Slow] [LinuxOnly]" classname="Kubernetes e2e suite" status="skipped" time="0">
              <skipped message="skipped"></skipped>
          </testcase>
          <testcase name="[It] [sig-storage] CSI Volumes [Driver: pd.csi.storage.gke.io] [Serial] [Testpattern: Inline-volume (default fs)] subPath should unmount if pod is force deleted while kubelet is down [Disruptive] [Slow] [LinuxOnly]" classname="Kubernetes e2e suite" status="skipped" time="0">
              <skipped message="skipped"></skipped>
          </testcase>
          <testcase name="[It] [sig-storage] In-tree Volumes [Driver: local] [LocalVolumeType: dir] [Testpattern: Dynamic PV (block volmode)] disruptive [Disruptive] [LinuxOnly] Should test that pv used in a pod that is deleted while the kubelet is down cleans up when the kubelet returns." classname="Kubernetes e2e suite" status="skipped" time="0">
              <skipped message="skipped"></skipped>
          </testcase>
          <testcase name="[It] [sig-node] Pod InPlace Resize Container [Feature:InPlacePodVerticalScaling] Burstable QoS pod, one container with cpu &amp; memory requests + limits - decrease memory requests and increase CPU limits" classname="Kubernetes e2e suite" status="skipped" time="0">
              <skipped message="skipped"></skipped>
          </testcase>
          <testcase name="[It] [sig-storage] CSI Volumes [Driver: csi-hostpath] [Testpattern: Dynamic PV (block volmode)] multiVolume [Slow] should concurrently access the single volume from pods on different node" classname="Kubernetes e2e suite" status="skipped" time="0">
              <skipped message="skipped"></skipped>
          </testcase>
          <testcase name="[It] [sig-storage] In-tree Volumes [Driver: azure-file] [Testpattern: Dynamic PV (ntfs)] [Feature:Windows] volumes should allow exec of files on the volume" classname="Kubernetes e2e suite" status="skipped" time="0">
              <skipped message="skipped"></skipped>
          </testcase>
          <testcase name="[It] [sig-network] [Feature:IPv6DualStack] Granular Checks: Services Secondary IP Family [LinuxOnly] should be able to handle large requests: udp" classname="Kubernetes e2e suite" status="skipped" time="0">
              <skipped message="skipped"></skipped>
          </testcase>
          <testcase name="[It] [sig-storage] In-tree Volumes [Driver: hostPathSymlink] [Testpattern: Dynamic PV (default fs)(allowExpansion)] volume-expand should resize volume when PVC is edited while pod is using it" classname="Kubernetes e2e suite" status="skipped" time="0">
              <skipped message="skipped"></skipped>
          </testcase>
          <testcase name="[It] [sig-storage] In-tree Volumes [Driver: nfs] [Testpattern: Pre-provisioned PV (filesystem volmode)] volumeMode should fail to use a volume in a pod with mismatched mode [Slow]" classname="Kubernetes e2e suite" status="skipped" time="0">
              <skipped message="skipped"></skipped>
          </testcase>
          <testcase name="[It] [sig-storage] In-tree Volumes [Driver: local] [LocalVolumeType: dir] [Testpattern: Dynamic PV (filesystem volmode)] disruptive [Disruptive] [LinuxOnly] Should test that pv used in a pod that is force deleted while the kubelet is down is usable by a new pod with a different SELinux context when kubelet returns [Feature:SELinux]" classname="Kubernetes e2e suite" status="skipped" time="0">
              <skipped message="skipped"></skipped>
          </testcase>
          <testcase name="[It] [sig-storage] In-tree Volumes [Driver: local] [LocalVolumeType: dir] [Testpattern: Dynamic PV (block volmode)] volume-stress multiple pods should access different volumes repeatedly [Slow] [Serial]" classname="Kubernetes e2e suite" status="skipped" time="0">
              <skipped message="skipped"></skipped>
          </testcase>
          <testcase name="[It] [sig-storage] In-tree Volumes [Driver: local] [LocalVolumeType: dir-link] [Testpattern: Dynamic PV (default fs)] subPath should support existing directory" classname="Kubernetes e2e suite" status="skipped" time="0">
              <skipped message="skipped"></skipped>
          </testcase>
          <testcase name="[It] [sig-node] DRA [Feature:DynamicResourceAllocation] cluster with delayed allocation and not setting ReservedFor deletes generated claims when pod is done" classname="Kubernetes e2e suite" status="skipped" time="0">
              <skipped message="skipped"></skipped>
          </testcase>
          <testcase name="[It] [sig-storage] In-tree Volumes [Driver: aws] [Testpattern: Inline-volume (default fs)] subPath should support restarting containers using directory as subpath [Slow]" classname="Kubernetes e2e suite" status="skipped" time="0">
              <skipped message="skipped"></skipped>
          </testcase>
          <testcase name="[It] [sig-storage] In-tree Volumes [Driver: vsphere] [Testpattern: Generic Ephemeral-volume (block volmode) (late-binding)] ephemeral should create read/write inline ephemeral volume" classname="Kubernetes e2e suite" status="skipped" time="0">
              <skipped message="skipped"></skipped>
          </testcase>
          <testcase name="[It] [sig-storage] In-tree Volumes [Driver: local] [LocalVolumeType: block] [Testpattern: Pre-provisioned PV (default fs)] subPath should verify container cannot write to subpath readonly volumes [Slow]" classname="Kubernetes e2e suite" status="skipped" time="0">
              <skipped message="skipped"></skipped>
          </testcase>
          <testcase name="[It] [sig-storage] In-tree Volumes [Driver: local] [LocalVolumeType: tmpfs] [Testpattern: Dynamic PV (ext4)] volumes should allow exec of files on the volume" classname="Kubernetes e2e suite" status="skipped" time="0">
              <skipped message="skipped"></skipped>
          </testcase>
          <testcase name="[It] [sig-network] Netpol NetworkPolicy between server and client should enforce policy based on PodSelector and NamespaceSelector [Feature:NetworkPolicy]" classname="Kubernetes e2e suite" status="skipped" time="0">
              <skipped message="skipped"></skipped>
          </testcase>
          <testcase name="[It] [sig-storage] In-tree Volumes [Driver: azure-file] [Testpattern: Dynamic PV (ext4)] multiVolume [Slow] should access to two volumes with the same volume mode and retain data across pod recreation on different node" classname="Kubernetes e2e suite" status="skipped" time="0">
              <skipped message="skipped"></skipped>
          </testcase>
          <testcase name="[It] [sig-api-machinery] AdmissionWebhook [Privileged:ClusterAdmin] should be able to create and update mutating webhook configurations with match conditions" classname="Kubernetes e2e suite" status="skipped" time="0">
              <skipped message="skipped"></skipped>
          </testcase>
          <testcase name="[It] [sig-storage] CSI Volumes [Driver: csi-hostpath] [Testpattern: Dynamic PV (default fs)] fsgroupchangepolicy (OnRootMismatch)[LinuxOnly], pod created with an initial fsgroup, new pod fsgroup applied to volume contents" classname="Kubernetes e2e suite" status="skipped" time="0">
              <skipped message="skipped"></skipped>
          </testcase>
          <testcase name="[It] [sig-storage] CSI Volumes [Driver: csi-hostpath] [Testpattern: Dynamic PV (block volmode)] provisioning should provision storage with pvc data source in parallel [Slow]" classname="Kubernetes e2e suite" status="skipped" time="0">
              <skipped message="skipped"></skipped>
          </testcase>
          <testcase name="[It] [sig-storage] In-tree Volumes [Driver: azure-file] [Testpattern: Inline-volume (default fs)] subPath should support restarting containers using file as subpath [Slow] [LinuxOnly]" classname="Kubernetes e2e suite" status="skipped" time="0">
              <skipped message="skipped"></skipped>
          </testcase>
          <testcase name="[It] [sig-network] Services should respect internalTrafficPolicy=Local Pod and Node, to Pod (hostNetwork: true)" classname="Kubernetes e2e suite" status="skipped" time="0">
              <skipped message="skipped"></skipped>
          </testcase>
          <testcase name="[It] [sig-network] Services should fallback to local terminating endpoints when there are no ready endpoints with externalTrafficPolicy=Local" classname="Kubernetes e2e suite" status="skipped" time="0">
              <skipped message="skipped"></skipped>
          </testcase>
          <testcase name="[It] [sig-storage] In-tree Volumes [Driver: local] [LocalVolumeType: dir-link-bindmounted] [Testpattern: Generic Ephemeral-volume (block volmode) (late-binding)] ephemeral should create read/write inline ephemeral volume" classname="Kubernetes e2e suite" status="skipped" time="0">
              <skipped message="skipped"></skipped>
          </testcase>
          <testcase name="[It] [sig-storage] In-tree Volumes [Driver: nfs] [Testpattern: Dynamic PV (default fs)] fsgroupchangepolicy (OnRootMismatch)[LinuxOnly], pod created with an initial fsgroup, volume contents ownership changed via chgrp in first pod, new pod with different fsgroup applied to the volume contents" classname="Kubernetes e2e suite" status="skipped" time="0">
              <skipped message="skipped"></skipped>
          </testcase>
          <testcase name="[It] [sig-api-machinery] ResourceQuota [Feature:ScopeSelectors] should verify ResourceQuota with best effort scope using scope-selectors." classname="Kubernetes e2e suite" status="skipped" time="0">
              <skipped message="skipped"></skipped>
          </testcase>
          <testcase name="[It] [sig-storage] Dynamic Provisioning DynamicProvisioner [Slow] [Feature:StorageProvider] deletion should be idempotent" classname="Kubernetes e2e suite" status="skipped" time="0">
              <skipped message="skipped"></skipped>
          </testcase>
          <testcase name="[It] [sig-storage] In-tree Volumes [Driver: hostPath] [Testpattern: Dynamic PV (default fs)] subPath should support restarting containers using directory as subpath [Slow]" classname="Kubernetes e2e suite" status="skipped" time="0">
              <skipped message="skipped"></skipped>
          </testcase>
          <testcase name="[It] [sig-auth] Certificates API [Privileged:ClusterAdmin] should support CSR API operations [Conformance]" classname="Kubernetes e2e suite" status="passed" time="0.610885567"></testcase>
          <testcase name="[It] [sig-storage] In-tree Volumes [Driver: local] [LocalVolumeType: dir-link-bindmounted] [Testpattern: Dynamic PV (filesystem volmode)] disruptive [Disruptive] [LinuxOnly] Should test that pv used in a pod that is deleted while the kubelet is down is usable by a new pod with a different SELinux context when kubelet returns [Feature:SELinux]" classname="Kubernetes e2e suite" status="skipped" time="0">
              <skipped message="skipped"></skipped>
          </testcase>
          <testcase name="[It] [sig-node] Sysctls [LinuxOnly] [NodeConformance] should support sysctls with slashes as separator [MinimumKubeletVersion:1.23] [Environment:NotInUserNS]" classname="Kubernetes e2e suite" status="skipped" time="0">
              <skipped message="skipped"></skipped>
          </testcase>
          <testcase name="[It] [sig-storage] In-tree Volumes [Driver: local] [LocalVolumeType: gce-localssd-scsi-fs] [Serial] [Testpattern: Inline-volume (default fs)] subPath should support file as subpath [LinuxOnly]" classname="Kubernetes e2e suite" status="skipped" time="0">
              <skipped message="skipped"></skipped>
          </testcase>
          <testcase name="[It] [sig-storage] In-tree Volumes [Driver: local] [LocalVolumeType: dir-link] [Testpattern: Dynamic PV (ntfs)(allowExpansion)] [Feature:Windows] volume-expand Verify if offline PVC expansion works" classname="Kubernetes e2e suite" status="skipped" time="0">
              <skipped message="skipped"></skipped>
          </testcase>
          <testcase name="[It] [sig-network] LoadBalancers ESIPP [Slow] should only target nodes with endpoints" classname="Kubernetes e2e suite" status="skipped" time="0">
              <skipped message="skipped"></skipped>
          </testcase>
          <testcase name="[It] [sig-network] DNS should provide DNS for pods for Hostname [Conformance]" classname="Kubernetes e2e suite" status="passed" time="2.130889696"></testcase>
          <testcase name="[It] [sig-storage] In-tree Volumes [Driver: vsphere] [Testpattern: Dynamic PV (default fs)] fsgroupchangepolicy (OnRootMismatch)[LinuxOnly], pod created with an initial fsgroup, volume contents ownership changed via chgrp in first pod, new pod with same fsgroup skips ownership changes to the volume contents" classname="Kubernetes e2e suite" status="skipped" time="0">
              <skipped message="skipped"></skipped>
          </testcase>
          <testcase name="[It] [sig-storage] In-tree Volumes [Driver: local] [LocalVolumeType: dir-link] [Testpattern: Dynamic PV (default fs)] subPath should be able to unmount after the subpath directory is deleted [LinuxOnly]" classname="Kubernetes e2e suite" status="skipped" time="0">
              <skipped message="skipped"></skipped>
          </testcase>
          <testcase name="[It] [sig-storage] CSI Volumes [Driver: csi-hostpath] [Testpattern: Inline-volume (default fs)] subPath should be able to unmount after the subpath directory is deleted [LinuxOnly]" classname="Kubernetes e2e suite" status="skipped" time="0">
              <skipped message="skipped"></skipped>
          </testcase>
          <testcase name="[It] [sig-storage] In-tree Volumes [Driver: vsphere] [Testpattern: Pre-provisioned PV (default fs)] subPath should verify container cannot write to subpath readonly volumes [Slow]" classname="Kubernetes e2e suite" status="skipped" time="0">
              <skipped message="skipped"></skipped>
          </testcase>
          <testcase name="[It] [sig-storage] In-tree Volumes [Driver: local] [LocalVolumeType: tmpfs] [Testpattern: Dynamic PV (block volmode)] volumeMode should fail to use a volume in a pod with mismatched mode [Slow]" classname="Kubernetes e2e suite" status="skipped" time="0">
              <skipped message="skipped"></skipped>
          </testcase>
          <testcase name="[It] [sig-storage] In-tree Volumes [Driver: emptydir] [Testpattern: Dynamic PV (block volmode)] provisioning should mount multiple PV pointing to the same storage on the same node" classname="Kubernetes e2e suite" status="skipped" time="0">
              <skipped message="skipped"></skipped>
          </testcase>
          <testcase name="[It] [sig-storage] In-tree Volumes [Driver: rbd] [Feature:Volumes] [Serial] [Testpattern: Dynamic PV (block volmode)] multiVolume [Slow] should access to two volumes with the same volume mode and retain data across pod recreation on different node" classname="Kubernetes e2e suite" status="skipped" time="0">
              <skipped message="skipped"></skipped>
          </testcase>
          <testcase name="[It] [sig-api-machinery] AdmissionWebhook [Privileged:ClusterAdmin] should be able to create and update validating webhook configurations with match conditions" classname="Kubernetes e2e suite" status="skipped" time="0">
              <skipped message="skipped"></skipped>
          </testcase>
          <testcase name="[It] [sig-storage] In-tree Volumes [Driver: rbd] [Feature:Volumes] [Serial] [Testpattern: Dynamic PV (ntfs)] [Feature:Windows] subPath should support file as subpath [LinuxOnly]" classname="Kubernetes e2e suite" status="skipped" time="0">
              <skipped message="skipped"></skipped>
          </testcase>
          <testcase name="[It] [sig-network] Netpol [LinuxOnly] NetworkPolicy between server and client using UDP should enforce policy based on Ports [Feature:NetworkPolicy]" classname="Kubernetes e2e suite" status="skipped" time="0">
              <skipped message="skipped"></skipped>
          </testcase>
          <testcase name="[It] [sig-storage] In-tree Volumes [Driver: local] [LocalVolumeType: tmpfs] [Testpattern: Dynamic PV (ext3)] volumes should store data" classname="Kubernetes e2e suite" status="skipped" time="0">
              <skipped message="skipped"></skipped>
          </testcase>
          <testcase name="[It] [sig-storage] In-tree Volumes [Driver: hostPathSymlink] [Testpattern: Inline-volume (default fs)] subPath should support existing single file [LinuxOnly]" classname="Kubernetes e2e suite" status="skipped" time="0">
              <skipped message="skipped"></skipped>
          </testcase>
          <testcase name="[It] [sig-storage] In-tree Volumes [Driver: local] [LocalVolumeType: dir-link-bindmounted] [Testpattern: Dynamic PV (ntfs)] [Feature:Windows] subPath should support readOnly file specified in the volumeMount [LinuxOnly]" classname="Kubernetes e2e suite" status="skipped" time="0">
              <skipped message="skipped"></skipped>
          </testcase>
          <testcase name="[It] [sig-storage] CSI Volumes [Driver: csi-hostpath] [Testpattern: Pre-provisioned PV (default fs)] subPath should support non-existent path" classname="Kubernetes e2e suite" status="skipped" time="0">
              <skipped message="skipped"></skipped>
          </testcase>
          <testcase name="[It] [sig-storage] CSI Volumes [Driver: csi-hostpath] [Testpattern: Pre-provisioned PV (ext4)] volumes should allow exec of files on the volume" classname="Kubernetes e2e suite" status="skipped" time="0">
              <skipped message="skipped"></skipped>
          </testcase>
          <testcase name="[It] [sig-storage] In-tree Volumes [Driver: local] [LocalVolumeType: dir-link] [Testpattern: Inline-volume (default fs)] subPath should unmount if pod is force deleted while kubelet is down [Disruptive] [Slow] [LinuxOnly]" classname="Kubernetes e2e suite" status="skipped" time="0">
              <skipped message="skipped"></skipped>
          </testcase>
          <testcase name="[It] [sig-storage] In-tree Volumes [Driver: hostPathSymlink] [Testpattern: Dynamic PV (ntfs)] [Feature:Windows] multiVolume [Slow] should concurrently access the single volume from pods on different node" classname="Kubernetes e2e suite" status="skipped" time="0">
              <skipped message="skipped"></skipped>
          </testcase>
          <testcase name="[It] [sig-storage] In-tree Volumes [Driver: local] [LocalVolumeType: dir-link-bindmounted] [Testpattern: Pre-provisioned PV (default fs)] subPath should support readOnly directory specified in the volumeMount" classname="Kubernetes e2e suite" status="skipped" time="0">
              <skipped message="skipped"></skipped>
          </testcase>
          <testcase name="[It] [sig-storage] CSI Volumes [Driver: pd.csi.storage.gke.io] [Serial] [Testpattern: Dynamic PV (xfs)] [Slow] volumes should allow exec of files on the volume" classname="Kubernetes e2e suite" status="skipped" time="0">
              <skipped message="skipped"></skipped>
          </testcase>
          <testcase name="[It] [sig-storage] In-tree Volumes [Driver: emptydir] [Testpattern: Dynamic PV (block volmode)] multiVolume [Slow] should concurrently access the volume and restored snapshot from pods on the same node [LinuxOnly] [Feature:VolumeSnapshotDataSource] [Feature:VolumeSourceXFS]" classname="Kubernetes e2e suite" status="skipped" time="0">
              <skipped message="skipped"></skipped>
          </testcase>
          <testcase name="[It] [sig-storage] In-tree Volumes [Driver: hostPath] [Testpattern: Dynamic PV (default fs)] volumeIO should write files of various sizes, verify size, validate content [Slow]" classname="Kubernetes e2e suite" status="skipped" time="0">
              <skipped message="skipped"></skipped>
          </testcase>
          <testcase name="[It] [sig-storage] In-tree Volumes [Driver: aws] [Testpattern: Dynamic PV (ext4)] multiVolume [Slow] should concurrently access the single volume from pods on different node" classname="Kubernetes e2e suite" status="skipped" time="0">
              <skipped message="skipped"></skipped>
          </testcase>
          <testcase name="[It] [sig-storage] In-tree Volumes [Driver: hostPathSymlink] [Testpattern: Dynamic PV (default fs)] subPath should fail if non-existent subpath is outside the volume [Slow] [LinuxOnly]" classname="Kubernetes e2e suite" status="skipped" time="0">
              <skipped message="skipped"></skipped>
          </testcase>
          <testcase name="[It] [sig-storage] In-tree Volumes [Driver: vsphere] [Testpattern: Dynamic PV (default fs)] subPath should support file as subpath [LinuxOnly]" classname="Kubernetes e2e suite" status="skipped" time="0">
              <skipped message="skipped"></skipped>
          </testcase>
          <testcase name="[It] [sig-storage] In-tree Volumes [Driver: local] [LocalVolumeType: blockfs] [Testpattern: Dynamic PV (immediate binding)] topology should fail to schedule a pod which has topologies that conflict with AllowedTopologies" classname="Kubernetes e2e suite" status="skipped" time="0">
              <skipped message="skipped"></skipped>
          </testcase>
          <testcase name="[It] [sig-storage] In-tree Volumes [Driver: azure-file] [Testpattern: Pre-provisioned PV (ext3)] volumes should allow exec of files on the volume" classname="Kubernetes e2e suite" status="skipped" time="0">
              <skipped message="skipped"></skipped>
          </testcase>
          <testcase name="[It] [sig-cli] Kubectl client Simple pod should support inline execution and attach with websockets or fallback to spdy" classname="Kubernetes e2e suite" status="skipped" time="0">
              <skipped message="skipped"></skipped>
          </testcase>
          <testcase name="[It] [sig-storage] CSI Volumes [Driver: pd.csi.storage.gke.io] [Serial] [Testpattern: Generic Ephemeral-volume (default fs) (immediate-binding)] ephemeral should support two pods which have the same volume definition" classname="Kubernetes e2e suite" status="skipped" time="0">
              <skipped message="skipped"></skipped>
          </testcase>
          <testcase name="[It] [sig-storage] In-tree Volumes [Driver: aws] [Testpattern: Dynamic PV (filesystem volmode)] multiVolume [Slow] should access to two volumes with the same volume mode and retain data across pod recreation on different node" classname="Kubernetes e2e suite" status="skipped" time="0">
              <skipped message="skipped"></skipped>
          </testcase>
          <testcase name="[It] [sig-storage] In-tree Volumes [Driver: local] [LocalVolumeType: dir-link-bindmounted] [Testpattern: Dynamic PV (ntfs)] [Feature:Windows] provisioning should provision correct filesystem size when restoring snapshot to larger size pvc [Feature:VolumeSnapshotDataSource]" classname="Kubernetes e2e suite" status="skipped" time="0">
              <skipped message="skipped"></skipped>
          </testcase>
          <testcase name="[It] [sig-storage] Ephemeralstorage When pod refers to non-existent ephemeral storage should allow deletion of pod with invalid volume : projected" classname="Kubernetes e2e suite" status="skipped" time="0">
              <skipped message="skipped"></skipped>
          </testcase>
          <testcase name="[It] [sig-storage] Volume Disk Format [Feature:vsphere] verify disk format type - zeroedthick is honored for dynamically provisioned pv using storageclass" classname="Kubernetes e2e suite" status="skipped" time="0">
              <skipped message="skipped"></skipped>
          </testcase>
          <testcase name="[It] [sig-storage] In-tree Volumes [Driver: local] [LocalVolumeType: dir-link-bindmounted] [Testpattern: Generic Ephemeral-volume (default fs) (late-binding)] ephemeral should support expansion of pvcs created for ephemeral pvcs" classname="Kubernetes e2e suite" status="skipped" time="0">
              <skipped message="skipped"></skipped>
          </testcase>
          <testcase name="[It] [sig-storage] In-tree Volumes [Driver: azure-file] [Testpattern: Dynamic PV (ext4)] multiVolume [Slow] should access to two volumes with different volume mode and retain data across pod recreation on different node" classname="Kubernetes e2e suite" status="skipped" time="0">
              <skipped message="skipped"></skipped>
          </testcase>
          <testcase name="[It] [sig-storage] In-tree Volumes [Driver: vsphere] [Testpattern: Dynamic PV (default fs)] subPath should support creating multiple subpath from same volumes [Slow]" classname="Kubernetes e2e suite" status="skipped" time="0">
              <skipped message="skipped"></skipped>
          </testcase>
          <testcase name="[It] [sig-storage] In-tree Volumes [Driver: vsphere] [Testpattern: Dynamic PV (immediate binding)] topology should provision a volume and schedule a pod with AllowedTopologies" classname="Kubernetes e2e suite" status="skipped" time="0">
              <skipped message="skipped"></skipped>
          </testcase>
          <testcase name="[It] [sig-storage] In-tree Volumes [Driver: cinder] [Testpattern: Dynamic PV (filesystem volmode)] volumeMode should fail to use a volume in a pod with mismatched mode [Slow]" classname="Kubernetes e2e suite" status="skipped" time="0">
              <skipped message="skipped"></skipped>
          </testcase>
          <testcase name="[It] [sig-storage] In-tree Volumes [Driver: vsphere] [Testpattern: Dynamic PV (xfs)] [Slow] volumes should store data" classname="Kubernetes e2e suite" status="skipped" time="0">
              <skipped message="skipped"></skipped>
          </testcase>
          <testcase name="[It] [sig-api-machinery] AdmissionWebhook [Privileged:ClusterAdmin] should be able to deny custom resource creation, update and deletion [Conformance]" classname="Kubernetes e2e suite" status="passed" time="6.569374301"></testcase>
          <testcase name="[It] [sig-cloud-provider-gcp] GKE node pools [Feature:GKENodePool] should create a cluster with multiple node pools [Feature:GKENodePool]" classname="Kubernetes e2e suite" status="skipped" time="0">
              <skipped message="skipped"></skipped>
          </testcase>
          <testcase name="[It] [sig-storage] In-tree Volumes [Driver: hostPath] [Testpattern: Pre-provisioned PV (block volmode)] multiVolume [Slow] should concurrently access the single read-only volume from pods on the same node" classname="Kubernetes e2e suite" status="skipped" time="0">
              <skipped message="skipped"></skipped>
          </testcase>
          <testcase name="[It] [sig-node] Pods Extended Delete Grace Period should be submitted and removed" classname="Kubernetes e2e suite" status="skipped" time="0">
              <skipped message="skipped"></skipped>
          </testcase>
          <testcase name="[It] [sig-storage] In-tree Volumes [Driver: hostPath] [Testpattern: Inline-volume (default fs)] subPath should support file as subpath [LinuxOnly]" classname="Kubernetes e2e suite" status="skipped" time="0">
              <skipped message="skipped"></skipped>
          </testcase>
          <testcase name="[It] [sig-storage] In-tree Volumes [Driver: local] [LocalVolumeType: dir-link] [Testpattern: Dynamic PV (ntfs)(allowExpansion)] [Feature:Windows] volume-expand should resize volume when PVC is edited while pod is using it" classname="Kubernetes e2e suite" status="skipped" time="0">
              <skipped message="skipped"></skipped>
          </testcase>
          <testcase name="[It] [sig-storage] In-tree Volumes [Driver: azure-file] [Testpattern: Dynamic PV (ntfs)] [Feature:Windows] subPath should support readOnly file specified in the volumeMount [LinuxOnly]" classname="Kubernetes e2e suite" status="skipped" time="0">
              <skipped message="skipped"></skipped>
          </testcase>
          <testcase name="[It] [sig-storage] In-tree Volumes [Driver: cinder] [Testpattern: Dynamic PV (xfs)] [Slow] volumes should allow exec of files on the volume" classname="Kubernetes e2e suite" status="skipped" time="0">
              <skipped message="skipped"></skipped>
          </testcase>
          <testcase name="[It] [sig-storage] CSI Volumes [Driver: csi-hostpath] [Testpattern: Pre-provisioned Snapshot (retain policy)] snapshottable [Feature:VolumeSnapshotDataSource] volume snapshot controller  should check snapshot fields, check restore correctly works after modifying source data, check deletion (persistent)" classname="Kubernetes e2e suite" status="skipped" time="0">
              <skipped message="skipped"></skipped>
          </testcase>
          <testcase name="[It] [sig-network] Services should implement service.kubernetes.io/headless" classname="Kubernetes e2e suite" status="skipped" time="0">
              <skipped message="skipped"></skipped>
          </testcase>
          <testcase name="[It] [sig-storage] In-tree Volumes [Driver: vsphere] [Testpattern: Dynamic PV (ntfs)] [Feature:Windows] provisioning should provision storage with pvc data source (ROX mode)" classname="Kubernetes e2e suite" status="skipped" time="0">
              <skipped message="skipped"></skipped>
          </testcase>
          <testcase name="[It] [sig-storage] In-tree Volumes [Driver: local] [LocalVolumeType: block] [Testpattern: Pre-provisioned PV (filesystem volmode)] multiVolume [Slow] should concurrently access the volume and restored snapshot from pods on the same node [LinuxOnly] [Feature:VolumeSnapshotDataSource] [Feature:VolumeSourceXFS]" classname="Kubernetes e2e suite" status="skipped" time="0">
              <skipped message="skipped"></skipped>
          </testcase>
          <testcase name="[It] [sig-storage] In-tree Volumes [Driver: rbd] [Feature:Volumes] [Serial] [Testpattern: Dynamic PV (ntfs)] [Feature:Windows] provisioning should provision storage with pvc data source in parallel [Slow]" classname="Kubernetes e2e suite" status="skipped" time="0">
              <skipped message="skipped"></skipped>
          </testcase>
          <testcase name="[It] [sig-storage] In-tree Volumes [Driver: local] [LocalVolumeType: tmpfs] [Testpattern: Dynamic PV (default fs)] provisioning should provision storage with snapshot data source (ROX mode) [Feature:VolumeSnapshotDataSource]" classname="Kubernetes e2e suite" status="skipped" time="0">
              <skipped message="skipped"></skipped>
          </testcase>
          <testcase name="[It] [sig-storage] In-tree Volumes [Driver: hostPath] [Testpattern: Dynamic PV (ext4)] multiVolume [Slow] should concurrently access the volume and restored snapshot from pods on the same node [LinuxOnly] [Feature:VolumeSnapshotDataSource] [Feature:VolumeSourceXFS]" classname="Kubernetes e2e suite" status="skipped" time="0">
              <skipped message="skipped"></skipped>
          </testcase>
          <testcase name="[It] [sig-storage] In-tree Volumes [Driver: local] [LocalVolumeType: dir] [Testpattern: Pre-provisioned PV (xfs)] [Slow] volumes should store data" classname="Kubernetes e2e suite" status="skipped" time="0">
              <skipped message="skipped"></skipped>
          </testcase>
          <testcase name="[It] [sig-storage] In-tree Volumes [Driver: azure-disk] [Testpattern: Pre-provisioned PV (filesystem volmode)] multiVolume [Slow] should access to two volumes with different volume mode and retain data across pod recreation on the same node" classname="Kubernetes e2e suite" status="skipped" time="0">
              <skipped message="skipped"></skipped>
          </testcase>
          <testcase name="[It] [sig-storage] In-tree Volumes [Driver: azure-file] [Testpattern: Dynamic PV (immediate binding)] topology should provision a volume and schedule a pod with AllowedTopologies" classname="Kubernetes e2e suite" status="skipped" time="0">
              <skipped message="skipped"></skipped>
          </testcase>
          <testcase name="[It] [sig-network] Netpol NetworkPolicy between server and client should support a &#39;default-deny-ingress&#39; policy [Feature:NetworkPolicy]" classname="Kubernetes e2e suite" status="skipped" time="0">
              <skipped message="skipped"></skipped>
          </testcase>
          <testcase name="[It] [sig-storage] In-tree Volumes [Driver: nfs] [Testpattern: Dynamic PV (ntfs)] [Feature:Windows] volumes should store data" classname="Kubernetes e2e suite" status="skipped" time="0">
              <skipped message="skipped"></skipped>
          </testcase>
          <testcase name="[It] [sig-storage] In-tree Volumes [Driver: rbd] [Feature:Volumes] [Serial] [Testpattern: Inline-volume (default fs)] subPath should unmount if pod is gracefully deleted while kubelet is down [Disruptive] [Slow] [LinuxOnly]" classname="Kubernetes e2e suite" status="skipped" time="0">
              <skipped message="skipped"></skipped>
          </testcase>
          <testcase name="[It] [sig-storage] In-tree Volumes [Driver: hostPathSymlink] [Testpattern: Dynamic PV (block volmode)] provisioning should provision storage with snapshot data source (ROX mode) [Feature:VolumeSnapshotDataSource]" classname="Kubernetes e2e suite" status="skipped" time="0">
              <skipped message="skipped"></skipped>
          </testcase>
          <testcase name="[It] [sig-storage] In-tree Volumes [Driver: local] [LocalVolumeType: blockfs] [Testpattern: Inline-volume (ext4)] volumes should store data" classname="Kubernetes e2e suite" status="skipped" time="0">
              <skipped message="skipped"></skipped>
          </testcase>
          <testcase name="[It] [sig-storage] In-tree Volumes [Driver: local] [LocalVolumeType: dir-bindmounted] [Testpattern: Dynamic PV (default fs)] subPath should support non-existent path" classname="Kubernetes e2e suite" status="skipped" time="0">
              <skipped message="skipped"></skipped>
          </testcase>
          <testcase name="[It] [sig-storage] In-tree Volumes [Driver: hostPath] [Testpattern: Dynamic PV (ext4)] multiVolume [Slow] should concurrently access the single read-only volume from pods on the same node" classname="Kubernetes e2e suite" status="skipped" time="0">
              <skipped message="skipped"></skipped>
          </testcase>
          <testcase name="[It] [sig-storage] In-tree Volumes [Driver: hostPathSymlink] [Testpattern: Dynamic PV (block volmode)] disruptive [Disruptive] [LinuxOnly] Should test that pv used in a pod that is force deleted while the kubelet is down cleans up when the kubelet returns." classname="Kubernetes e2e suite" status="skipped" time="0">
              <skipped message="skipped"></skipped>
          </testcase>
          <testcase name="[It] [sig-storage] ConfigMap should be consumable from pods in volume as non-root with FSGroup [LinuxOnly] [NodeFeature:FSGroup]" classname="Kubernetes e2e suite" status="skipped" time="0">
              <skipped message="skipped"></skipped>
          </testcase>
          <testcase name="[It] [sig-storage] In-tree Volumes [Driver: hostPathSymlink] [Testpattern: Dynamic PV (block volmode)] volumes should store data" classname="Kubernetes e2e suite" status="skipped" time="0">
              <skipped message="skipped"></skipped>
          </testcase>
          <testcase name="[It] [sig-cli] Kubectl client Kubectl cluster-info dump should check if cluster-info dump succeeds" classname="Kubernetes e2e suite" status="skipped" time="0">
              <skipped message="skipped"></skipped>
          </testcase>
          <testcase name="[It] [sig-storage] In-tree Volumes [Driver: local] [LocalVolumeType: dir-link] [Testpattern: Dynamic PV (ntfs)] [Feature:Windows] subPath should fail if non-existent subpath is outside the volume [Slow] [LinuxOnly]" classname="Kubernetes e2e suite" status="skipped" time="0">
              <skipped message="skipped"></skipped>
          </testcase>
          <testcase name="[It] [sig-storage] In-tree Volumes [Driver: vsphere] [Testpattern: Dynamic PV (ntfs)] [Feature:Windows] multiVolume [Slow] should access to two volumes with different volume mode and retain data across pod recreation on different node" classname="Kubernetes e2e suite" status="skipped" time="0">
              <skipped message="skipped"></skipped>
          </testcase>
          <testcase name="[It] [sig-cluster-lifecycle] [Feature:BootstrapTokens] should resign the bootstrap tokens when the clusterInfo ConfigMap updated [Serial] [Disruptive]" classname="Kubernetes e2e suite" status="skipped" time="0">
              <skipped message="skipped"></skipped>
          </testcase>
          <testcase name="[It] [sig-storage] In-tree Volumes [Driver: local] [LocalVolumeType: blockfs] [Testpattern: Pre-provisioned PV (default fs)] subPath should support non-existent path" classname="Kubernetes e2e suite" status="skipped" time="0">
              <skipped message="skipped"></skipped>
          </testcase>
          <testcase name="[It] [sig-storage] In-tree Volumes [Driver: vsphere] [Testpattern: Inline-volume (xfs)] [Slow] volumes should store data" classname="Kubernetes e2e suite" status="skipped" time="0">
              <skipped message="skipped"></skipped>
          </testcase>
          <testcase name="[It] [sig-storage] In-tree Volumes [Driver: aws] [Testpattern: Dynamic PV (block volmode)] volumeMode should fail to use a volume in a pod with mismatched mode [Slow]" classname="Kubernetes e2e suite" status="skipped" time="0">
              <skipped message="skipped"></skipped>
          </testcase>
          <testcase name="[It] [sig-storage] CSI Volumes [Driver: pd.csi.storage.gke.io] [Serial] [Testpattern: Pre-provisioned PV (filesystem volmode)] volumeMode should not mount / map unused volumes in a pod [LinuxOnly]" classname="Kubernetes e2e suite" status="skipped" time="0">
              <skipped message="skipped"></skipped>
          </testcase>
          <testcase name="[It] [sig-storage] In-tree Volumes [Driver: local] [LocalVolumeType: dir-link-bindmounted] [Testpattern: Dynamic PV (ntfs)] [Feature:Windows] subPath should fail if non-existent subpath is outside the volume [Slow] [LinuxOnly]" classname="Kubernetes e2e suite" status="skipped" time="0">
              <skipped message="skipped"></skipped>
          </testcase>
          <testcase name="[It] [sig-storage] In-tree Volumes [Driver: local] [LocalVolumeType: dir] [Testpattern: Dynamic PV (filesystem volmode)] multiVolume [Slow] should concurrently access the volume and its clone from pods on the same node [LinuxOnly] [Feature:VolumeSourceXFS]" classname="Kubernetes e2e suite" status="skipped" time="0">
              <skipped message="skipped"></skipped>
          </testcase>
          <testcase name="[It] [sig-node] Probing container should mark readiness on pods to false while pod is in progress of terminating when a pod has a readiness probe" classname="Kubernetes e2e suite" status="skipped" time="0">
              <skipped message="skipped"></skipped>
          </testcase>
          <testcase name="[It] [sig-storage] In-tree Volumes [Driver: local] [LocalVolumeType: dir-link-bindmounted] [Testpattern: Dynamic PV (default fs)] subPath should unmount if pod is force deleted while kubelet is down [Disruptive] [Slow] [LinuxOnly]" classname="Kubernetes e2e suite" status="skipped" time="0">
              <skipped message="skipped"></skipped>
          </testcase>
          <testcase name="[It] [sig-storage] In-tree Volumes [Driver: vsphere] [Testpattern: Pre-provisioned PV (ntfs)] [Feature:Windows] volumes should allow exec of files on the volume" classname="Kubernetes e2e suite" status="skipped" time="0">
              <skipped message="skipped"></skipped>
          </testcase>
          <testcase name="[It] [sig-windows] [Feature:Windows] Kubelet-Stats [Serial] Kubelet stats collection for Windows nodes when running 10 pods should return within 10 seconds" classname="Kubernetes e2e suite" status="skipped" time="0">
              <skipped message="skipped"></skipped>
          </testcase>
          <testcase name="[It] [sig-storage] In-tree Volumes [Driver: local] [LocalVolumeType: block] [Testpattern: Dynamic PV (block volmode)] multiVolume [Slow] should access to two volumes with the same volume mode and retain data across pod recreation on different node" classname="Kubernetes e2e suite" status="skipped" time="0">
              <skipped message="skipped"></skipped>
          </testcase>
          <testcase name="[It] [sig-storage] In-tree Volumes [Driver: nfs] [Testpattern: Dynamic PV (default fs)] provisioning should provision correct filesystem size when restoring snapshot to larger size pvc [Feature:VolumeSnapshotDataSource]" classname="Kubernetes e2e suite" status="skipped" time="0">
              <skipped message="skipped"></skipped>
          </testcase>
          <testcase name="[It] [sig-storage] In-tree Volumes [Driver: local] [LocalVolumeType: dir] [Testpattern: Dynamic PV (default fs)(allowExpansion)] volume-expand Verify if offline PVC expansion works" classname="Kubernetes e2e suite" status="skipped" time="0">
              <skipped message="skipped"></skipped>
          </testcase>
          <testcase name="[It] [sig-apps] StatefulSet Basic StatefulSet functionality [StatefulSetBasic] Burst scaling should run to completion even with unhealthy pods [Slow] [Conformance]" classname="Kubernetes e2e suite" status="passed" time="61.955496629"></testcase>
          <testcase name="[It] [sig-storage] CSI Volumes [Driver: pd.csi.storage.gke.io] [Serial] [Testpattern: Dynamic PV (xfs)] [Slow] multiVolume [Slow] should concurrently access the volume and its clone from pods on the same node [LinuxOnly] [Feature:VolumeSourceXFS]" classname="Kubernetes e2e suite" status="skipped" time="0">
              <skipped message="skipped"></skipped>
          </testcase>
          <testcase name="[It] [sig-node] Pod InPlace Resize Container [Feature:InPlacePodVerticalScaling] Burstable QoS pod, one container with cpu &amp; memory requests + limits - increase CPU requests and decrease CPU limits" classname="Kubernetes e2e suite" status="skipped" time="0">
              <skipped message="skipped"></skipped>
          </testcase>
          <testcase name="[It] [sig-autoscaling] [HPA] [Feature:CustomMetricsAutoscaling] Horizontal pod autoscaling (scale resource: Custom Metrics from Stackdriver) with multiple metrics of different types should not scale down when one metric is missing (Container Resource and External Metrics)" classname="Kubernetes e2e suite" status="skipped" time="0">
              <skipped message="skipped"></skipped>
          </testcase>
          <testcase name="[It] [sig-storage] In-tree Volumes [Driver: azure-file] [Testpattern: Generic Ephemeral-volume (default fs) (immediate-binding)] ephemeral should create read/write inline ephemeral volume" classname="Kubernetes e2e suite" status="skipped" time="0">
              <skipped message="skipped"></skipped>
          </testcase>
          <testcase name="[It] [sig-storage] In-tree Volumes [Driver: nfs] [Testpattern: Pre-provisioned PV (block volmode)] disruptive [Disruptive] [LinuxOnly] Should test that pv written before kubelet restart is readable after restart." classname="Kubernetes e2e suite" status="skipped" time="0">
              <skipped message="skipped"></skipped>
          </testcase>
          <testcase name="[It] [sig-storage] In-tree Volumes [Driver: hostPathSymlink] [Testpattern: Dynamic PV (ntfs)] [Feature:Windows] provisioning should provision storage with pvc data source (ROX mode)" classname="Kubernetes e2e suite" status="skipped" time="0">
              <skipped message="skipped"></skipped>
          </testcase>
          <testcase name="[It] [sig-storage] In-tree Volumes [Driver: local] [LocalVolumeType: gce-localssd-scsi-fs] [Serial] [Testpattern: Dynamic PV (ntfs)] [Feature:Windows] subPath should support existing directory" classname="Kubernetes e2e suite" status="skipped" time="0">
              <skipped message="skipped"></skipped>
          </testcase>
          <testcase name="[It] [sig-storage] In-tree Volumes [Driver: azure-disk] [Testpattern: Pre-provisioned PV (default fs)] subPath should support file as subpath [LinuxOnly]" classname="Kubernetes e2e suite" status="skipped" time="0">
              <skipped message="skipped"></skipped>
          </testcase>
          <testcase name="[It] [sig-storage] In-tree Volumes [Driver: local] [LocalVolumeType: dir-bindmounted] [Testpattern: Pre-provisioned PV (filesystem volmode)] multiVolume [Slow] should concurrently access the single volume from pods on the same node" classname="Kubernetes e2e suite" status="skipped" time="0">
              <skipped message="skipped"></skipped>
          </testcase>
          <testcase name="[It] [sig-storage] In-tree Volumes [Driver: local] [LocalVolumeType: dir-link] [Testpattern: Inline-volume (default fs)] subPath should support non-existent path" classname="Kubernetes e2e suite" status="skipped" time="0">
              <skipped message="skipped"></skipped>
          </testcase>
          <testcase name="[It] [sig-node] Pod InPlace Resize Container [Feature:InPlacePodVerticalScaling] Burstable QoS pod, three containers - decrease c1 resources, increase c2 resources, no change for c3 (net increase for pod)" classname="Kubernetes e2e suite" status="skipped" time="0">
              <skipped message="skipped"></skipped>
          </testcase>
          <testcase name="[It] [sig-storage] In-tree Volumes [Driver: cinder] [Testpattern: Pre-provisioned PV (filesystem volmode)] multiVolume [Slow] should concurrently access the single volume from pods on different node" classname="Kubernetes e2e suite" status="skipped" time="0">
              <skipped message="skipped"></skipped>
          </testcase>
          <testcase name="[It] [sig-storage] Projected configMap Should fail non-optional pod creation due to configMap object does not exist [Slow]" classname="Kubernetes e2e suite" status="skipped" time="0">
              <skipped message="skipped"></skipped>
          </testcase>
          <testcase name="[It] [sig-storage] In-tree Volumes [Driver: emptydir] [Testpattern: Pre-provisioned PV (block volmode)] disruptive [Disruptive] [LinuxOnly] Should test that pv used in a pod that is deleted while the kubelet is down cleans up when the kubelet returns." classname="Kubernetes e2e suite" status="skipped" time="0">
              <skipped message="skipped"></skipped>
          </testcase>
          <testcase name="[It] [sig-storage] In-tree Volumes [Driver: iscsi] [Feature:Volumes] [Testpattern: Generic Ephemeral-volume (default fs) (late-binding)] ephemeral should create read-only inline ephemeral volume" classname="Kubernetes e2e suite" status="skipped" time="0">
              <skipped message="skipped"></skipped>
          </testcase>
          <testcase name="[It] [sig-storage] In-tree Volumes [Driver: hostPath] [Testpattern: Pre-provisioned PV (block volmode)] volumeMode should not mount / map unused volumes in a pod [LinuxOnly]" classname="Kubernetes e2e suite" status="skipped" time="0">
              <skipped message="skipped"></skipped>
          </testcase>
          <testcase name="[It] [sig-apps] DaemonRestart [Disruptive] Controller Manager should not create/delete replicas across restart" classname="Kubernetes e2e suite" status="skipped" time="0">
              <skipped message="skipped"></skipped>
          </testcase>
          <testcase name="[It] [sig-storage] In-tree Volumes [Driver: azure-file] [Testpattern: Pre-provisioned PV (block volmode)] disruptive [Disruptive] [LinuxOnly] Should test that pv used in a pod that is force deleted while the kubelet is down cleans up when the kubelet returns." classname="Kubernetes e2e suite" status="skipped" time="0">
              <skipped message="skipped"></skipped>
          </testcase>
          <testcase name="[It] [sig-storage] In-tree Volumes [Driver: local] [LocalVolumeType: tmpfs] [Testpattern: Dynamic PV (default fs)] provisioning should mount multiple PV pointing to the same storage on the same node" classname="Kubernetes e2e suite" status="skipped" time="0">
              <skipped message="skipped"></skipped>
          </testcase>
          <testcase name="[It] [sig-storage] In-tree Volumes [Driver: aws] [Testpattern: Inline-volume (default fs)] subPath should fail if subpath directory is outside the volume [Slow] [LinuxOnly]" classname="Kubernetes e2e suite" status="skipped" time="0">
              <skipped message="skipped"></skipped>
          </testcase>
          <testcase name="[It] [sig-cli] Kubectl client Proxy server should support --unix-socket=/path [Conformance]" classname="Kubernetes e2e suite" status="passed" time="0.122276792"></testcase>
          <testcase name="[It] [sig-storage] In-tree Volumes [Driver: aws] [Testpattern: Dynamic PV (ntfs)] [Feature:Windows] provisioning should provision storage with mount options" classname="Kubernetes e2e suite" status="skipped" time="0">
              <skipped message="skipped"></skipped>
          </testcase>
          <testcase name="[It] [sig-storage] In-tree Volumes [Driver: hostPath] [Testpattern: Dynamic PV (default fs)] provisioning should mount multiple PV pointing to the same storage on the same node" classname="Kubernetes e2e suite" status="skipped" time="0">
              <skipped message="skipped"></skipped>
          </testcase>
          <testcase name="[It] [sig-storage] In-tree Volumes [Driver: emptydir] [Testpattern: Pre-provisioned PV (default fs)] subPath should verify container cannot write to subpath readonly volumes [Slow]" classname="Kubernetes e2e suite" status="skipped" time="0">
              <skipped message="skipped"></skipped>
          </testcase>
          <testcase name="[It] [sig-storage] In-tree Volumes [Driver: iscsi] [Feature:Volumes] [Testpattern: Dynamic PV (ext4)] multiVolume [Slow] should concurrently access the volume and restored snapshot from pods on the same node [LinuxOnly] [Feature:VolumeSnapshotDataSource] [Feature:VolumeSourceXFS]" classname="Kubernetes e2e suite" status="skipped" time="0">
              <skipped message="skipped"></skipped>
          </testcase>
          <testcase name="[It] [sig-storage] In-tree Volumes [Driver: azure-file] [Testpattern: Dynamic PV (block volmode)] multiVolume [Slow] should access to two volumes with the same volume mode and retain data across pod recreation on the same node" classname="Kubernetes e2e suite" status="skipped" time="0">
              <skipped message="skipped"></skipped>
          </testcase>
          <testcase name="[It] [sig-storage] In-tree Volumes [Driver: ceph] [Feature:Volumes] [Serial] [Testpattern: Dynamic PV (filesystem volmode)] disruptive [Disruptive] [LinuxOnly] Should test that pv used in a pod that is force deleted while the kubelet is down is usable by a new pod with a different SELinux context when kubelet returns [Feature:SELinux]" classname="Kubernetes e2e suite" status="skipped" time="0">
              <skipped message="skipped"></skipped>
          </testcase>
          <testcase name="[It] [sig-node] Probing container should not be ready with an exec readiness probe timeout [MinimumKubeletVersion:1.20] [NodeConformance]" classname="Kubernetes e2e suite" status="skipped" time="0">
              <skipped message="skipped"></skipped>
          </testcase>
          <testcase name="[It] [sig-storage] In-tree Volumes [Driver: iscsi] [Feature:Volumes] [Testpattern: Pre-provisioned PV (block volmode)] multiVolume [Slow] should concurrently access the volume and restored snapshot from pods on the same node [LinuxOnly] [Feature:VolumeSnapshotDataSource] [Feature:VolumeSourceXFS]" classname="Kubernetes e2e suite" status="skipped" time="0">
              <skipped message="skipped"></skipped>
          </testcase>
          <testcase name="[It] [sig-storage] CSI Mock selinux on mount SELinuxMount [LinuxOnly] [Feature:SELinux] should unstage volume when starting a second pod with different SELinux context" classname="Kubernetes e2e suite" status="skipped" time="0">
              <skipped message="skipped"></skipped>
          </testcase>
          <testcase name="[It] [sig-storage] In-tree Volumes [Driver: iscsi] [Feature:Volumes] [Testpattern: Dynamic PV (default fs)] subPath should support existing directories when readOnly specified in the volumeSource" classname="Kubernetes e2e suite" status="skipped" time="0">
              <skipped message="skipped"></skipped>
          </testcase>
          <testcase name="[It] [sig-storage] In-tree Volumes [Driver: local] [LocalVolumeType: dir-bindmounted] [Testpattern: Generic Ephemeral-volume (default fs) (late-binding)] ephemeral should create read-only inline ephemeral volume" classname="Kubernetes e2e suite" status="skipped" time="0">
              <skipped message="skipped"></skipped>
          </testcase>
          <testcase name="[It] [sig-windows] [Feature:WindowsHyperVContainers] HyperV containers should start a hyperv isolated container" classname="Kubernetes e2e suite" status="skipped" time="0">
              <skipped message="skipped"></skipped>
          </testcase>
          <testcase name="[It] [sig-storage] In-tree Volumes [Driver: local] [LocalVolumeType: gce-localssd-scsi-fs] [Serial] [Testpattern: Dynamic PV (default fs)] subPath should support file as subpath [LinuxOnly]" classname="Kubernetes e2e suite" status="skipped" time="0">
              <skipped message="skipped"></skipped>
          </testcase>
          <testcase name="[It] [sig-storage] In-tree Volumes [Driver: local] [LocalVolumeType: dir-bindmounted] [Testpattern: Generic Ephemeral-volume (block volmode) (late-binding)] ephemeral should support multiple inline ephemeral volumes" classname="Kubernetes e2e suite" status="skipped" time="0">
              <skipped message="skipped"></skipped>
          </testcase>
          <testcase name="[It] [sig-storage] In-tree Volumes [Driver: hostPathSymlink] [Testpattern: Dynamic PV (ntfs)] [Feature:Windows] provisioning should provision storage with snapshot data source [Feature:VolumeSnapshotDataSource]" classname="Kubernetes e2e suite" status="skipped" time="0">
              <skipped message="skipped"></skipped>
          </testcase>
          <testcase name="[It] [sig-storage] In-tree Volumes [Driver: local] [LocalVolumeType: blockfs] [Testpattern: Dynamic PV (default fs)] volume-stress multiple pods should access different volumes repeatedly [Slow] [Serial]" classname="Kubernetes e2e suite" status="skipped" time="0">
              <skipped message="skipped"></skipped>
          </testcase>
          <testcase name="[It] [sig-storage] In-tree Volumes [Driver: azure-file] [Testpattern: Dynamic PV (default fs)] provisioning should provision storage with snapshot data source (ROX mode) [Feature:VolumeSnapshotDataSource]" classname="Kubernetes e2e suite" status="skipped" time="0">
              <skipped message="skipped"></skipped>
          </testcase>
          <testcase name="[It] [sig-storage] In-tree Volumes [Driver: azure-disk] [Testpattern: Inline-volume (default fs)] volumeIO should write files of various sizes, verify size, validate content [Slow]" classname="Kubernetes e2e suite" status="skipped" time="0">
              <skipped message="skipped"></skipped>
          </testcase>
          <testcase name="[It] [sig-storage] In-tree Volumes [Driver: local] [LocalVolumeType: gce-localssd-scsi-fs] [Serial] [Testpattern: Dynamic PV (default fs)] subPath should unmount if pod is force deleted while kubelet is down [Disruptive] [Slow] [LinuxOnly]" classname="Kubernetes e2e suite" status="skipped" time="0">
              <skipped message="skipped"></skipped>
          </testcase>
          <testcase name="[It] [sig-storage] CSI Volumes [Driver: pd.csi.storage.gke.io] [Serial] [Testpattern: CSI Ephemeral-volume (default fs)] ephemeral should create read-only inline ephemeral volume" classname="Kubernetes e2e suite" status="skipped" time="0">
              <skipped message="skipped"></skipped>
          </testcase>
          <testcase name="[It] [sig-network] Services should be able to create a functioning NodePort service [Conformance]" classname="Kubernetes e2e suite" status="passed" time="7.037805353"></testcase>
          <testcase name="[It] [sig-network] Networking Granular Checks: Services should update endpoints: udp" classname="Kubernetes e2e suite" status="skipped" time="0">
              <skipped message="skipped"></skipped>
          </testcase>
          <testcase name="[It] [sig-storage] In-tree Volumes [Driver: azure-disk] [Testpattern: Inline-volume (default fs)] subPath should support existing single file [LinuxOnly]" classname="Kubernetes e2e suite" status="skipped" time="0">
              <skipped message="skipped"></skipped>
          </testcase>
          <testcase name="[It] [sig-api-machinery] AdmissionWebhook [Privileged:ClusterAdmin] should unconditionally reject operations on fail closed webhook [Conformance]" classname="Kubernetes e2e suite" status="passed" time="3.626880562"></testcase>
          <testcase name="[It] [sig-storage] In-tree Volumes [Driver: cinder] [Testpattern: Dynamic PV (default fs)] volumeIO should write files of various sizes, verify size, validate content [Slow]" classname="Kubernetes e2e suite" status="skipped" time="0">
              <skipped message="skipped"></skipped>
          </testcase>
          <testcase name="[It] [sig-node] DRA [Feature:DynamicResourceAllocation] multiple nodes with node-local resources with immediate allocation uses all resources" classname="Kubernetes e2e suite" status="skipped" time="0">
              <skipped message="skipped"></skipped>
          </testcase>
          <testcase name="[It] [sig-storage] In-tree Volumes [Driver: local] [LocalVolumeType: dir-bindmounted] [Testpattern: Dynamic PV (ntfs)] [Feature:Windows] volume-expand should not allow expansion of pvcs without AllowVolumeExpansion property" classname="Kubernetes e2e suite" status="skipped" time="0">
              <skipped message="skipped"></skipped>
          </testcase>
          <testcase name="[It] [sig-storage] In-tree Volumes [Driver: local] [LocalVolumeType: dir-link-bindmounted] [Testpattern: Pre-provisioned PV (ext3)] volumes should allow exec of files on the volume" classname="Kubernetes e2e suite" status="skipped" time="0">
              <skipped message="skipped"></skipped>
          </testcase>
          <testcase name="[It] [sig-storage] In-tree Volumes [Driver: iscsi] [Feature:Volumes] [Testpattern: Pre-provisioned PV (block volmode)] multiVolume [Slow] should access to two volumes with different volume mode and retain data across pod recreation on the same node" classname="Kubernetes e2e suite" status="skipped" time="0">
              <skipped message="skipped"></skipped>
          </testcase>
          <testcase name="[It] [sig-storage] In-tree Volumes [Driver: hostPath] [Testpattern: Dynamic PV (filesystem volmode)] volumeMode should not mount / map unused volumes in a pod [LinuxOnly]" classname="Kubernetes e2e suite" status="skipped" time="0">
              <skipped message="skipped"></skipped>
          </testcase>
          <testcase name="[It] [sig-storage] In-tree Volumes [Driver: rbd] [Feature:Volumes] [Serial] [Testpattern: Pre-provisioned PV (xfs)] [Slow] volumes should allow exec of files on the volume" classname="Kubernetes e2e suite" status="skipped" time="0">
              <skipped message="skipped"></skipped>
          </testcase>
          <testcase name="[It] [sig-apps] Deployment Deployment should have a working scale subresource [Conformance]" classname="Kubernetes e2e suite" status="passed" time="2.133564916"></testcase>
          <testcase name="[It] [sig-storage] In-tree Volumes [Driver: azure-disk] [Testpattern: Generic Ephemeral-volume (default fs) (immediate-binding)] ephemeral should support multiple inline ephemeral volumes" classname="Kubernetes e2e suite" status="skipped" time="0">
              <skipped message="skipped"></skipped>
          </testcase>
          <testcase name="[It] [sig-storage] In-tree Volumes [Driver: hostPathSymlink] [Testpattern: Dynamic PV (xfs)] [Slow] volumes should store data" classname="Kubernetes e2e suite" status="skipped" time="0">
              <skipped message="skipped"></skipped>
          </testcase>
          <testcase name="[It] [sig-storage] In-tree Volumes [Driver: ceph] [Feature:Volumes] [Serial] [Testpattern: Generic Ephemeral-volume (default fs) (immediate-binding)] ephemeral should support two pods which have the same volume definition" classname="Kubernetes e2e suite" status="skipped" time="0">
              <skipped message="skipped"></skipped>
          </testcase>
          <testcase name="[It] [sig-storage] In-tree Volumes [Driver: nfs] [Testpattern: Dynamic PV (ntfs)] [Feature:Windows] multiVolume [Slow] should concurrently access the single volume from pods on different node" classname="Kubernetes e2e suite" status="skipped" time="0">
              <skipped message="skipped"></skipped>
          </testcase>
          <testcase name="[It] [sig-storage] In-tree Volumes [Driver: azure-disk] [Testpattern: Pre-provisioned PV (block volmode)] multiVolume [Slow] should concurrently access the single volume from pods on the same node" classname="Kubernetes e2e suite" status="skipped" time="0">
              <skipped message="skipped"></skipped>
          </testcase>
          <testcase name="[It] [sig-storage] In-tree Volumes [Driver: rbd] [Feature:Volumes] [Serial] [Testpattern: Inline-volume (default fs)] subPath should support restarting containers using directory as subpath [Slow]" classname="Kubernetes e2e suite" status="skipped" time="0">
              <skipped message="skipped"></skipped>
          </testcase>
          <testcase name="[It] [sig-storage] In-tree Volumes [Driver: emptydir] [Testpattern: Dynamic PV (ntfs)] [Feature:Windows] subPath should support file as subpath [LinuxOnly]" classname="Kubernetes e2e suite" status="skipped" time="0">
              <skipped message="skipped"></skipped>
          </testcase>
          <testcase name="[It] [sig-api-machinery] FieldValidation should create/apply an invalid CR with extra properties for CRD with validation schema [Conformance]" classname="Kubernetes e2e suite" status="passed" time="3.152888757"></testcase>
          <testcase name="[It] [sig-storage] In-tree Volumes [Driver: local] [LocalVolumeType: dir] [Testpattern: Dynamic PV (default fs)] subPath should fail if non-existent subpath is outside the volume [Slow] [LinuxOnly]" classname="Kubernetes e2e suite" status="skipped" time="0">
              <skipped message="skipped"></skipped>
          </testcase>
          <testcase name="[It] [sig-storage] CSI Volumes [Driver: csi-hostpath] [Testpattern: Dynamic PV (ext4)] multiVolume [Slow] should concurrently access the volume and its clone from pods on the same node [LinuxOnly] [Feature:VolumeSourceXFS]" classname="Kubernetes e2e suite" status="skipped" time="0">
              <skipped message="skipped"></skipped>
          </testcase>
          <testcase name="[It] [sig-storage] In-tree Volumes [Driver: nfs] [Testpattern: Dynamic PV (default fs)] subPath should support non-existent path" classname="Kubernetes e2e suite" status="skipped" time="0">
              <skipped message="skipped"></skipped>
          </testcase>
          <testcase name="[It] [sig-storage] In-tree Volumes [Driver: vsphere] [Testpattern: Pre-provisioned PV (filesystem volmode)] disruptive [Disruptive] [LinuxOnly] Should test that pv used in a pod that is force deleted while the kubelet is down is usable by a new pod with a different SELinux context when kubelet returns [Feature:SELinux]" classname="Kubernetes e2e suite" status="skipped" time="0">
              <skipped message="skipped"></skipped>
          </testcase>
          <testcase name="[It] [sig-storage] In-tree Volumes [Driver: local] [LocalVolumeType: dir-link] [Testpattern: Dynamic PV (block volmode)] multiVolume [Slow] should access to two volumes with different volume mode and retain data across pod recreation on different node" classname="Kubernetes e2e suite" status="skipped" time="0">
              <skipped message="skipped"></skipped>
          </testcase>
          <testcase name="[It] [sig-storage] In-tree Volumes [Driver: emptydir] [Testpattern: Dynamic PV (ntfs)] [Feature:Windows] subPath should support readOnly directory specified in the volumeMount" classname="Kubernetes e2e suite" status="skipped" time="0">
              <skipped message="skipped"></skipped>
          </testcase>
          <testcase name="[It] [sig-storage] In-tree Volumes [Driver: rbd] [Feature:Volumes] [Serial] [Testpattern: Pre-provisioned PV (default fs)] volumeIO should write files of various sizes, verify size, validate content [Slow]" classname="Kubernetes e2e suite" status="skipped" time="0">
              <skipped message="skipped"></skipped>
          </testcase>
          <testcase name="[It] [sig-storage] CSI Volumes [Driver: pd.csi.storage.gke.io] [Serial] [Testpattern: Dynamic PV (block volmode)] provisioning should provision storage with pvc data source (ROX mode)" classname="Kubernetes e2e suite" status="skipped" time="0">
              <skipped message="skipped"></skipped>
          </testcase>
          <testcase name="[It] [sig-storage] In-tree Volumes [Driver: rbd] [Feature:Volumes] [Serial] [Testpattern: Dynamic PV (default fs)] provisioning should provision storage with snapshot data source [Feature:VolumeSnapshotDataSource]" classname="Kubernetes e2e suite" status="skipped" time="0">
              <skipped message="skipped"></skipped>
          </testcase>
          <testcase name="[It] [sig-network] Loadbalancing: L7 GCE [Slow] [Feature:NEG] should conform to Ingress spec" classname="Kubernetes e2e suite" status="skipped" time="0">
              <skipped message="skipped"></skipped>
          </testcase>
          <testcase name="[It] [sig-storage] In-tree Volumes [Driver: local] [LocalVolumeType: dir-link] [Testpattern: Dynamic PV (default fs)] provisioning should mount multiple PV pointing to the same storage on the same node" classname="Kubernetes e2e suite" status="skipped" time="0">
              <skipped message="skipped"></skipped>
          </testcase>
          <testcase name="[It] [sig-storage] In-tree Volumes [Driver: azure-file] [Testpattern: Inline-volume (default fs)] subPath should support readOnly directory specified in the volumeMount" classname="Kubernetes e2e suite" status="skipped" time="0">
              <skipped message="skipped"></skipped>
          </testcase>
          <testcase name="[It] [sig-storage] In-tree Volumes [Driver: local] [LocalVolumeType: dir-link-bindmounted] [Testpattern: Dynamic PV (xfs)] [Slow] multiVolume [Slow] should concurrently access the single read-only volume from pods on the same node" classname="Kubernetes e2e suite" status="skipped" time="0">
              <skipped message="skipped"></skipped>
          </testcase>
          <testcase name="[It] [sig-storage] In-tree Volumes [Driver: local] [LocalVolumeType: gce-localssd-scsi-fs] [Serial] [Testpattern: Dynamic PV (block volmode)] disruptive [Disruptive] [LinuxOnly] Should test that pv used in a pod that is deleted while the kubelet is down cleans up when the kubelet returns." classname="Kubernetes e2e suite" status="skipped" time="0">
              <skipped message="skipped"></skipped>
          </testcase>
          <testcase name="[It] [sig-storage] In-tree Volumes [Driver: iscsi] [Feature:Volumes] [Testpattern: Dynamic PV (default fs)] subPath should support file as subpath [LinuxOnly]" classname="Kubernetes e2e suite" status="skipped" time="0">
              <skipped message="skipped"></skipped>
          </testcase>
          <testcase name="[It] [sig-storage] In-tree Volumes [Driver: cinder] [Testpattern: Dynamic PV (xfs)] [Slow] multiVolume [Slow] should concurrently access the single volume from pods on different node" classname="Kubernetes e2e suite" status="skipped" time="0">
              <skipped message="skipped"></skipped>
          </testcase>
          <testcase name="[It] [sig-apps] StatefulSet Deploy clustered applications [Feature:StatefulSet] [Slow] should creating a working redis cluster" classname="Kubernetes e2e suite" status="skipped" time="0">
              <skipped message="skipped"></skipped>
          </testcase>
          <testcase name="[It] [sig-network] Netpol NetworkPolicy between server and client should enforce policy to allow traffic based on NamespaceSelector with MatchLabels using default ns label [Feature:NetworkPolicy]" classname="Kubernetes e2e suite" status="skipped" time="0">
              <skipped message="skipped"></skipped>
          </testcase>
          <testcase name="[It] [sig-storage] PersistentVolumes-local [Volume type: tmpfs] Two pods mounting a local volume at the same time should be able to write from pod1 and read from pod2" classname="Kubernetes e2e suite" status="skipped" time="0">
              <skipped message="skipped"></skipped>
          </testcase>
          <testcase name="[It] [sig-storage] In-tree Volumes [Driver: local] [LocalVolumeType: dir-link-bindmounted] [Testpattern: Dynamic PV (filesystem volmode)] disruptive [Disruptive] [LinuxOnly] Should test that pv used in a pod that is force deleted while the kubelet is down is usable by a new pod when kubelet returns [Feature:SELinux]" classname="Kubernetes e2e suite" status="skipped" time="0">
              <skipped message="skipped"></skipped>
          </testcase>
          <testcase name="[It] [sig-storage] In-tree Volumes [Driver: azure-disk] [Testpattern: Dynamic PV (delayed binding)] topology should fail to schedule a pod which has topologies that conflict with AllowedTopologies" classname="Kubernetes e2e suite" status="skipped" time="0">
              <skipped message="skipped"></skipped>
          </testcase>
          <testcase name="[It] [sig-storage] In-tree Volumes [Driver: nfs] [Testpattern: Dynamic PV (ext4)] multiVolume [Slow] should concurrently access the single volume from pods on the same node" classname="Kubernetes e2e suite" status="skipped" time="0">
              <skipped message="skipped"></skipped>
          </testcase>
          <testcase name="[It] [sig-storage] CSI Volumes [Driver: pd.csi.storage.gke.io] [Serial] [Testpattern: Dynamic PV (filesystem volmode)] volumeLimits should verify that all csinodes have volume limits" classname="Kubernetes e2e suite" status="skipped" time="0">
              <skipped message="skipped"></skipped>
          </testcase>
          <testcase name="[It] [sig-storage] In-tree Volumes [Driver: local] [LocalVolumeType: dir-link-bindmounted] [Testpattern: Dynamic PV (ntfs)] [Feature:Windows] subPath should fail if subpath directory is outside the volume [Slow] [LinuxOnly]" classname="Kubernetes e2e suite" status="skipped" time="0">
              <skipped message="skipped"></skipped>
          </testcase>
          <testcase name="[It] [sig-storage] In-tree Volumes [Driver: hostPathSymlink] [Testpattern: Inline-volume (ext4)] volumes should allow exec of files on the volume" classname="Kubernetes e2e suite" status="skipped" time="0">
              <skipped message="skipped"></skipped>
          </testcase>
          <testcase name="[It] [sig-storage] In-tree Volumes [Driver: local] [LocalVolumeType: dir-link] [Testpattern: Dynamic PV (ntfs)] [Feature:Windows] provisioning should provision storage with pvc data source in parallel [Slow]" classname="Kubernetes e2e suite" status="skipped" time="0">
              <skipped message="skipped"></skipped>
          </testcase>
          <testcase name="[It] [sig-storage] In-tree Volumes [Driver: local] [LocalVolumeType: dir-link] [Testpattern: Pre-provisioned PV (ext3)] volumes should allow exec of files on the volume" classname="Kubernetes e2e suite" status="skipped" time="0">
              <skipped message="skipped"></skipped>
          </testcase>
          <testcase name="[It] [sig-network] IngressClass [Feature:Ingress] should choose the one with the later CreationTimestamp, if equal the one with the lower name when two ingressClasses are marked as default [Serial]" classname="Kubernetes e2e suite" status="skipped" time="0">
              <skipped message="skipped"></skipped>
          </testcase>
          <testcase name="[It] [sig-storage] In-tree Volumes [Driver: azure-disk] [Testpattern: Generic Ephemeral-volume (block volmode) (late-binding)] ephemeral should support two pods which have the same volume definition" classname="Kubernetes e2e suite" status="skipped" time="0">
              <skipped message="skipped"></skipped>
          </testcase>
          <testcase name="[It] [sig-node] Container Runtime blackbox test when running a container with a new image should be able to pull image [NodeConformance]" classname="Kubernetes e2e suite" status="skipped" time="0">
              <skipped message="skipped"></skipped>
          </testcase>
          <testcase name="[It] [sig-storage] In-tree Volumes [Driver: local] [LocalVolumeType: blockfs] [Testpattern: Pre-provisioned PV (block volmode)] multiVolume [Slow] should access to two volumes with the same volume mode and retain data across pod recreation on the same node" classname="Kubernetes e2e suite" status="skipped" time="0">
              <skipped message="skipped"></skipped>
          </testcase>
          <testcase name="[It] [sig-storage] In-tree Volumes [Driver: azure-file] [Testpattern: Dynamic PV (default fs)] fsgroupchangepolicy (Always)[LinuxOnly], pod created with an initial fsgroup, volume contents ownership changed via chgrp in first pod, new pod with different fsgroup applied to the volume contents" classname="Kubernetes e2e suite" status="skipped" time="0">
              <skipped message="skipped"></skipped>
          </testcase>
          <testcase name="[It] [sig-storage] In-tree Volumes [Driver: azure-disk] [Testpattern: Dynamic PV (default fs)] provisioning should provision storage with mount options" classname="Kubernetes e2e suite" status="skipped" time="0">
              <skipped message="skipped"></skipped>
          </testcase>
          <testcase name="[It] [sig-storage] In-tree Volumes [Driver: local] [LocalVolumeType: tmpfs] [Testpattern: Dynamic PV (filesystem volmode)] volumeLimits should verify that all csinodes have volume limits" classname="Kubernetes e2e suite" status="skipped" time="0">
              <skipped message="skipped"></skipped>
          </testcase>
          <testcase name="[It] [sig-node] Probing container should be ready immediately after startupProbe succeeds" classname="Kubernetes e2e suite" status="skipped" time="0">
              <skipped message="skipped"></skipped>
          </testcase>
          <testcase name="[It] [sig-apps] DisruptionController evictions: too few pods, replicaSet, percentage =&gt; should not allow an eviction [Serial]" classname="Kubernetes e2e suite" status="skipped" time="0">
              <skipped message="skipped"></skipped>
          </testcase>
          <testcase name="[It] [sig-storage] In-tree Volumes [Driver: local] [LocalVolumeType: tmpfs] [Testpattern: Pre-provisioned PV (ext3)] volumes should allow exec of files on the volume" classname="Kubernetes e2e suite" status="skipped" time="0">
              <skipped message="skipped"></skipped>
          </testcase>
          <testcase name="[It] [sig-storage] In-tree Volumes [Driver: local] [LocalVolumeType: dir] [Testpattern: Dynamic PV (ntfs)] [Feature:Windows] subPath should support restarting containers using file as subpath [Slow] [LinuxOnly]" classname="Kubernetes e2e suite" status="skipped" time="0">
              <skipped message="skipped"></skipped>
          </testcase>
          <testcase name="[It] [sig-storage] In-tree Volumes [Driver: local] [LocalVolumeType: dir-link] [Testpattern: Dynamic PV (ntfs)] [Feature:Windows] multiVolume [Slow] should concurrently access the volume and restored snapshot from pods on the same node [LinuxOnly] [Feature:VolumeSnapshotDataSource] [Feature:VolumeSourceXFS]" classname="Kubernetes e2e suite" status="skipped" time="0">
              <skipped message="skipped"></skipped>
          </testcase>
          <testcase name="[It] [sig-storage] CSI Volumes [Driver: csi-hostpath] [Testpattern: Dynamic PV (block volmode)] provisioning should provision storage with snapshot data source (ROX mode) [Feature:VolumeSnapshotDataSource]" classname="Kubernetes e2e suite" status="skipped" time="0">
              <skipped message="skipped"></skipped>
          </testcase>
          <testcase name="[It] [sig-storage] In-tree Volumes [Driver: local] [LocalVolumeType: dir-link] [Testpattern: Generic Ephemeral-volume (default fs) (immediate-binding)] ephemeral should create read/write inline ephemeral volume" classname="Kubernetes e2e suite" status="skipped" time="0">
              <skipped message="skipped"></skipped>
          </testcase>
          <testcase name="[It] [sig-storage] In-tree Volumes [Driver: local] [LocalVolumeType: block] [Testpattern: Pre-provisioned PV (default fs)] subPath should fail if subpath file is outside the volume [Slow] [LinuxOnly]" classname="Kubernetes e2e suite" status="skipped" time="0">
              <skipped message="skipped"></skipped>
          </testcase>
          <testcase name="[It] [sig-autoscaling] [Feature:HPA] Horizontal pod autoscaling (scale resource: Memory) [Serial] [Slow] Deployment (Pod Resource) Should scale from 1 pod to 3 pods and then from 3 pods to 5 pods using Average Utilization for aggregation" classname="Kubernetes e2e suite" status="skipped" time="0">
              <skipped message="skipped"></skipped>
          </testcase>
          <testcase name="[It] [sig-storage] In-tree Volumes [Driver: rbd] [Feature:Volumes] [Serial] [Testpattern: Dynamic PV (filesystem volmode)] multiVolume [Slow] should concurrently access the single read-only volume from pods on the same node" classname="Kubernetes e2e suite" status="skipped" time="0">
              <skipped message="skipped"></skipped>
          </testcase>
          <testcase name="[It] [sig-storage] In-tree Volumes [Driver: azure-disk] [Testpattern: Dynamic PV (ntfs)] [Feature:Windows] subPath should support creating multiple subpath from same volumes [Slow]" classname="Kubernetes e2e suite" status="skipped" time="0">
              <skipped message="skipped"></skipped>
          </testcase>
          <testcase name="[It] [sig-storage] In-tree Volumes [Driver: ceph] [Feature:Volumes] [Serial] [Testpattern: Dynamic PV (block volmode)] multiVolume [Slow] should access to two volumes with the same volume mode and retain data across pod recreation on different node" classname="Kubernetes e2e suite" status="skipped" time="0">
              <skipped message="skipped"></skipped>
          </testcase>
          <testcase name="[It] [sig-storage] In-tree Volumes [Driver: local] [LocalVolumeType: gce-localssd-scsi-fs] [Serial] [Testpattern: Pre-provisioned PV (filesystem volmode)] multiVolume [Slow] should concurrently access the single volume from pods on different node" classname="Kubernetes e2e suite" status="skipped" time="0">
              <skipped message="skipped"></skipped>
          </testcase>
          <testcase name="[It] [sig-storage] In-tree Volumes [Driver: hostPath] [Testpattern: Dynamic PV (block volmode)] multiVolume [Slow] should concurrently access the single volume from pods on the same node" classname="Kubernetes e2e suite" status="skipped" time="0">
              <skipped message="skipped"></skipped>
          </testcase>
          <testcase name="[It] [sig-storage] In-tree Volumes [Driver: local] [LocalVolumeType: tmpfs] [Testpattern: Generic Ephemeral-volume (default fs) (late-binding)] ephemeral should create read-only inline ephemeral volume" classname="Kubernetes e2e suite" status="skipped" time="0">
              <skipped message="skipped"></skipped>
          </testcase>
          <testcase name="[It] [sig-storage] In-tree Volumes [Driver: hostPathSymlink] [Testpattern: Dynamic PV (default fs)] subPath should be able to unmount after the subpath directory is deleted [LinuxOnly]" classname="Kubernetes e2e suite" status="skipped" time="0">
              <skipped message="skipped"></skipped>
          </testcase>
          <testcase name="[It] [sig-storage] PersistentVolumes NFS with Single PV - PVC pairs create a PVC and a pre-bound PV: test write access" classname="Kubernetes e2e suite" status="skipped" time="0">
              <skipped message="skipped"></skipped>
          </testcase>
          <testcase name="[It] [sig-storage] In-tree Volumes [Driver: iscsi] [Feature:Volumes] [Testpattern: Inline-volume (ext4)] volumes should store data" classname="Kubernetes e2e suite" status="skipped" time="0">
              <skipped message="skipped"></skipped>
          </testcase>
          <testcase name="[It] [sig-storage] CSI Volumes [Driver: csi-hostpath] [Testpattern: Generic Ephemeral-volume (default fs) (late-binding)] ephemeral should create read/write inline ephemeral volume" classname="Kubernetes e2e suite" status="skipped" time="0">
              <skipped message="skipped"></skipped>
          </testcase>
          <testcase name="[It] [sig-apps] StatefulSet Deploy clustered applications [Feature:StatefulSet] [Slow] should creating a working CockroachDB cluster" classname="Kubernetes e2e suite" status="skipped" time="0">
              <skipped message="skipped"></skipped>
          </testcase>
          <testcase name="[It] [sig-storage] CSI Volumes [Driver: pd.csi.storage.gke.io] [Serial] [Testpattern: Dynamic PV (default fs)] subPath should fail if subpath with backstepping is outside the volume [Slow] [LinuxOnly]" classname="Kubernetes e2e suite" status="skipped" time="0">
              <skipped message="skipped"></skipped>
          </testcase>
          <testcase name="[It] [sig-storage] In-tree Volumes [Driver: nfs] [Testpattern: Dynamic PV (filesystem volmode)] disruptive [Disruptive] [LinuxOnly] Should test that pv written before kubelet restart is readable after restart." classname="Kubernetes e2e suite" status="skipped" time="0">
              <skipped message="skipped"></skipped>
          </testcase>
          <testcase name="[It] [sig-storage] In-tree Volumes [Driver: local] [LocalVolumeType: dir-link-bindmounted] [Testpattern: Inline-volume (default fs)] subPath should support non-existent path" classname="Kubernetes e2e suite" status="skipped" time="0">
              <skipped message="skipped"></skipped>
          </testcase>
          <testcase name="[It] [sig-storage] HostPathType Directory [Slow] Should be able to mount directory &#39;adir&#39; successfully when HostPathType is HostPathDirectory" classname="Kubernetes e2e suite" status="skipped" time="0">
              <skipped message="skipped"></skipped>
          </testcase>
          <testcase name="[It] [sig-storage] In-tree Volumes [Driver: iscsi] [Feature:Volumes] [Testpattern: Dynamic PV (block volmode)] provisioning should provision correct filesystem size when restoring snapshot to larger size pvc [Feature:VolumeSnapshotDataSource]" classname="Kubernetes e2e suite" status="skipped" time="0">
              <skipped message="skipped"></skipped>
          </testcase>
          <testcase name="[It] [sig-storage] In-tree Volumes [Driver: local] [LocalVolumeType: dir] [Testpattern: Dynamic PV (ntfs)] [Feature:Windows] multiVolume [Slow] should access to two volumes with the same volume mode and retain data across pod recreation on different node" classname="Kubernetes e2e suite" status="skipped" time="0">
              <skipped message="skipped"></skipped>
          </testcase>
          <testcase name="[It] [sig-storage] In-tree Volumes [Driver: azure-file] [Testpattern: Inline-volume (default fs)] subPath should support restarting containers using directory as subpath [Slow]" classname="Kubernetes e2e suite" status="skipped" time="0">
              <skipped message="skipped"></skipped>
          </testcase>
          <testcase name="[It] [sig-storage] In-tree Volumes [Driver: local] [LocalVolumeType: blockfs] [Testpattern: Pre-provisioned PV (filesystem volmode)] disruptive [Disruptive] [LinuxOnly] Should test that pv used in a pod that is force deleted while the kubelet is down is usable by a new pod with a different SELinux context when kubelet returns [Feature:SELinux]" classname="Kubernetes e2e suite" status="skipped" time="0">
              <skipped message="skipped"></skipped>
          </testcase>
          <testcase name="[It] [sig-storage] In-tree Volumes [Driver: azure-disk] [Testpattern: Generic Ephemeral-volume (block volmode) (late-binding)] ephemeral should support multiple inline ephemeral volumes" classname="Kubernetes e2e suite" status="skipped" time="0">
              <skipped message="skipped"></skipped>
          </testcase>
          <testcase name="[It] [sig-storage] Secrets should be able to mount in a volume regardless of a different secret existing with same name in different namespace [NodeConformance] [Conformance]" classname="Kubernetes e2e suite" status="passed" time="4.183773857"></testcase>
          <testcase name="[It] [sig-storage] In-tree Volumes [Driver: local] [LocalVolumeType: dir-link] [Testpattern: Dynamic PV (block volmode)] volumeMode should fail in binding dynamic provisioned PV to PVC [Slow] [LinuxOnly]" classname="Kubernetes e2e suite" status="skipped" time="0">
              <skipped message="skipped"></skipped>
          </testcase>
          <testcase name="[It] [sig-storage] In-tree Volumes [Driver: vsphere] [Testpattern: Pre-provisioned PV (block volmode)] multiVolume [Slow] should access to two volumes with different volume mode and retain data across pod recreation on the same node" classname="Kubernetes e2e suite" status="skipped" time="0">
              <skipped message="skipped"></skipped>
          </testcase>
          <testcase name="[It] [sig-storage] In-tree Volumes [Driver: local] [LocalVolumeType: tmpfs] [Testpattern: Generic Ephemeral-volume (block volmode) (late-binding)] ephemeral should support two pods which have the same volume definition" classname="Kubernetes e2e suite" status="skipped" time="0">
              <skipped message="skipped"></skipped>
          </testcase>
          <testcase name="[It] [sig-node] Pods should support retrieving logs from the container over websockets [NodeConformance] [Conformance]" classname="Kubernetes e2e suite" status="passed" time="2.095731849"></testcase>
          <testcase name="[It] [sig-storage] In-tree Volumes [Driver: local] [LocalVolumeType: dir] [Testpattern: Pre-provisioned PV (default fs)] subPath should support existing single file [LinuxOnly]" classname="Kubernetes e2e suite" status="skipped" time="0">
              <skipped message="skipped"></skipped>
          </testcase>
          <testcase name="[It] [sig-cli] Kubectl client Kubectl taint [Serial] should remove all the taints with the same key off a node" classname="Kubernetes e2e suite" status="skipped" time="0">
              <skipped message="skipped"></skipped>
          </testcase>
          <testcase name="[It] [sig-node] SSH should SSH to all nodes and run commands" classname="Kubernetes e2e suite" status="skipped" time="0">
              <skipped message="skipped"></skipped>
          </testcase>
          <testcase name="[It] [sig-storage] In-tree Volumes [Driver: local] [LocalVolumeType: block] [Testpattern: Dynamic PV (filesystem volmode)] disruptive [Disruptive] [LinuxOnly] Should test that pv used in a pod that is deleted while the kubelet is down is usable by a new pod when kubelet returns [Feature:SELinux]" classname="Kubernetes e2e suite" status="skipped" time="0">
              <skipped message="skipped"></skipped>
          </testcase>
          <testcase name="[It] [sig-storage] In-tree Volumes [Driver: local] [LocalVolumeType: tmpfs] [Testpattern: Generic Ephemeral-volume (block volmode) (late-binding)] ephemeral should create read-only inline ephemeral volume" classname="Kubernetes e2e suite" status="skipped" time="0">
              <skipped message="skipped"></skipped>
          </testcase>
          <testcase name="[It] [sig-storage] In-tree Volumes [Driver: local] [LocalVolumeType: blockfs] [Testpattern: Dynamic PV (block volmode)] multiVolume [Slow] should access to two volumes with the same volume mode and retain data across pod recreation on different node" classname="Kubernetes e2e suite" status="skipped" time="0">
              <skipped message="skipped"></skipped>
          </testcase>
          <testcase name="[It] [sig-storage] In-tree Volumes [Driver: hostPathSymlink] [Testpattern: Dynamic PV (filesystem volmode)] multiVolume [Slow] should access to two volumes with the same volume mode and retain data across pod recreation on different node" classname="Kubernetes e2e suite" status="skipped" time="0">
              <skipped message="skipped"></skipped>
          </testcase>
          <testcase name="[It] [sig-storage] In-tree Volumes [Driver: emptydir] [Testpattern: Dynamic PV (ntfs)] [Feature:Windows] subPath should unmount if pod is gracefully deleted while kubelet is down [Disruptive] [Slow] [LinuxOnly]" classname="Kubernetes e2e suite" status="skipped" time="0">
              <skipped message="skipped"></skipped>
          </testcase>
          <testcase name="[It] [sig-storage] In-tree Volumes [Driver: local] [LocalVolumeType: dir-bindmounted] [Testpattern: Dynamic PV (block volmode)] volume-stress multiple pods should access different volumes repeatedly [Slow] [Serial]" classname="Kubernetes e2e suite" status="skipped" time="0">
              <skipped message="skipped"></skipped>
          </testcase>
          <testcase name="[It] [sig-storage] CSI Volumes [Driver: pd.csi.storage.gke.io] [Serial] [Testpattern: Dynamic PV (ntfs)] [Feature:Windows] subPath should fail if subpath with backstepping is outside the volume [Slow] [LinuxOnly]" classname="Kubernetes e2e suite" status="skipped" time="0">
              <skipped message="skipped"></skipped>
          </testcase>
          <testcase name="[It] [sig-storage] CSI Volumes [Driver: csi-hostpath] [Testpattern: Dynamic PV (ntfs)] [Feature:Windows] provisioning should provision storage with pvc data source in parallel [Slow]" classname="Kubernetes e2e suite" status="skipped" time="0">
              <skipped message="skipped"></skipped>
          </testcase>
          <testcase name="[It] [sig-storage] In-tree Volumes [Driver: azure-disk] [Testpattern: Inline-volume (default fs)] subPath should support existing directory" classname="Kubernetes e2e suite" status="skipped" time="0">
              <skipped message="skipped"></skipped>
          </testcase>
          <testcase name="[It] [sig-storage] CSI Volumes [Driver: pd.csi.storage.gke.io] [Serial] [Testpattern: Dynamic PV (default fs)] subPath should support existing single file [LinuxOnly]" classname="Kubernetes e2e suite" status="skipped" time="0">
              <skipped message="skipped"></skipped>
          </testcase>
          <testcase name="[It] [sig-storage] In-tree Volumes [Driver: local] [LocalVolumeType: dir-bindmounted] [Testpattern: Inline-volume (ext3)] volumes should allow exec of files on the volume" classname="Kubernetes e2e suite" status="skipped" time="0">
              <skipped message="skipped"></skipped>
          </testcase>
          <testcase name="[It] [sig-storage] In-tree Volumes [Driver: local] [LocalVolumeType: gce-localssd-scsi-fs] [Serial] [Testpattern: Dynamic PV (block volmode)] disruptive [Disruptive] [LinuxOnly] Should test that pv written before kubelet restart is readable after restart." classname="Kubernetes e2e suite" status="skipped" time="0">
              <skipped message="skipped"></skipped>
          </testcase>
          <testcase name="[It] [sig-storage] CSI Volumes [Driver: pd.csi.storage.gke.io] [Serial] [Testpattern: Pre-provisioned PV (default fs)] subPath should support restarting containers using directory as subpath [Slow]" classname="Kubernetes e2e suite" status="skipped" time="0">
              <skipped message="skipped"></skipped>
          </testcase>
          <testcase name="[It] [sig-storage] In-tree Volumes [Driver: vsphere] [Testpattern: Dynamic PV (ntfs)] [Feature:Windows] volume-expand should not allow expansion of pvcs without AllowVolumeExpansion property" classname="Kubernetes e2e suite" status="skipped" time="0">
              <skipped message="skipped"></skipped>
          </testcase>
          <testcase name="[It] [sig-storage] In-tree Volumes [Driver: azure-file] [Testpattern: Dynamic PV (ntfs)] [Feature:Windows] subPath should support creating multiple subpath from same volumes [Slow]" classname="Kubernetes e2e suite" status="skipped" time="0">
              <skipped message="skipped"></skipped>
          </testcase>
          <testcase name="[It] [sig-storage] CSI Mock volume fsgroup policies CSI FSGroupPolicy [LinuxOnly] should modify fsGroup if fsGroupPolicy=File" classname="Kubernetes e2e suite" status="skipped" time="0">
              <skipped message="skipped"></skipped>
          </testcase>
          <testcase name="[It] [sig-storage] In-tree Volumes [Driver: nfs] [Testpattern: Dynamic PV (block volmode)] disruptive [Disruptive] [LinuxOnly] Should test that pv used in a pod that is deleted while the kubelet is down cleans up when the kubelet returns." classname="Kubernetes e2e suite" status="skipped" time="0">
              <skipped message="skipped"></skipped>
          </testcase>
          <testcase name="[It] [sig-storage] Persistent Volume Claim and StorageClass Retroactive StorageClass assignment [Serial] [Disruptive] should assign default SC to PVCs that have no SC set" classname="Kubernetes e2e suite" status="skipped" time="0">
              <skipped message="skipped"></skipped>
          </testcase>
          <testcase name="[It] [sig-storage] PersistentVolumes CSI Conformance should apply changes to a pv/pvc status [Conformance]" classname="Kubernetes e2e suite" status="passed" time="0.132676706"></testcase>
          <testcase name="[It] [sig-storage] In-tree Volumes [Driver: local] [LocalVolumeType: blockfs] [Testpattern: Pre-provisioned PV (block volmode)] volumes should store data" classname="Kubernetes e2e suite" status="skipped" time="0">
              <skipped message="skipped"></skipped>
          </testcase>
          <testcase name="[It] [sig-storage] In-tree Volumes [Driver: local] [LocalVolumeType: dir-bindmounted] [Testpattern: Dynamic PV (default fs)] subPath should fail if non-existent subpath is outside the volume [Slow] [LinuxOnly]" classname="Kubernetes e2e suite" status="skipped" time="0">
              <skipped message="skipped"></skipped>
          </testcase>
          <testcase name="[It] [sig-storage] In-tree Volumes [Driver: local] [LocalVolumeType: dir-link-bindmounted] [Testpattern: Dynamic PV (xfs)] [Slow] multiVolume [Slow] should concurrently access the volume and restored snapshot from pods on the same node [LinuxOnly] [Feature:VolumeSnapshotDataSource] [Feature:VolumeSourceXFS]" classname="Kubernetes e2e suite" status="skipped" time="0">
              <skipped message="skipped"></skipped>
          </testcase>
          <testcase name="[It] [sig-storage] In-tree Volumes [Driver: iscsi] [Feature:Volumes] [Testpattern: Dynamic PV (ntfs)] [Feature:Windows] multiVolume [Slow] should concurrently access the single read-only volume from pods on the same node" classname="Kubernetes e2e suite" status="skipped" time="0">
              <skipped message="skipped"></skipped>
          </testcase>
          <testcase name="[It] [sig-storage] In-tree Volumes [Driver: local] [LocalVolumeType: gce-localssd-scsi-fs] [Serial] [Testpattern: Inline-volume (default fs)] volumeIO should write files of various sizes, verify size, validate content [Slow]" classname="Kubernetes e2e suite" status="skipped" time="0">
              <skipped message="skipped"></skipped>
          </testcase>
          <testcase name="[It] [sig-storage] Volume Placement [Feature:vsphere] should create and delete pod with multiple volumes from same datastore" classname="Kubernetes e2e suite" status="skipped" time="0">
              <skipped message="skipped"></skipped>
          </testcase>
          <testcase name="[It] [sig-storage] In-tree Volumes [Driver: aws] [Testpattern: Inline-volume (default fs)] subPath should support readOnly directory specified in the volumeMount" classname="Kubernetes e2e suite" status="skipped" time="0">
              <skipped message="skipped"></skipped>
          </testcase>
          <testcase name="[It] [sig-storage] In-tree Volumes [Driver: vsphere] [Testpattern: Pre-provisioned PV (filesystem volmode)] multiVolume [Slow] should concurrently access the volume and restored snapshot from pods on the same node [LinuxOnly] [Feature:VolumeSnapshotDataSource] [Feature:VolumeSourceXFS]" classname="Kubernetes e2e suite" status="skipped" time="0">
              <skipped message="skipped"></skipped>
          </testcase>
          <testcase name="[It] [sig-storage] In-tree Volumes [Driver: azure-disk] [Testpattern: Inline-volume (default fs)] subPath should unmount if pod is gracefully deleted while kubelet is down [Disruptive] [Slow] [LinuxOnly]" classname="Kubernetes e2e suite" status="skipped" time="0">
              <skipped message="skipped"></skipped>
          </testcase>
          <testcase name="[It] [sig-storage] In-tree Volumes [Driver: local] [LocalVolumeType: dir-link] [Testpattern: Dynamic PV (block volmode)] volume-stress multiple pods should access different volumes repeatedly [Slow] [Serial]" classname="Kubernetes e2e suite" status="skipped" time="0">
              <skipped message="skipped"></skipped>
          </testcase>
          <testcase name="[It] [sig-storage] In-tree Volumes [Driver: vsphere] [Testpattern: Pre-provisioned PV (filesystem volmode)] multiVolume [Slow] should concurrently access the volume and its clone from pods on the same node [LinuxOnly] [Feature:VolumeSourceXFS]" classname="Kubernetes e2e suite" status="skipped" time="0">
              <skipped message="skipped"></skipped>
          </testcase>
          <testcase name="[It] [sig-storage] In-tree Volumes [Driver: cinder] [Testpattern: Inline-volume (default fs)] subPath should support non-existent path" classname="Kubernetes e2e suite" status="skipped" time="0">
              <skipped message="skipped"></skipped>
          </testcase>
          <testcase name="[It] [sig-storage] In-tree Volumes [Driver: local] [LocalVolumeType: dir] [Testpattern: Dynamic PV (block volmode)] multiVolume [Slow] should access to two volumes with the same volume mode and retain data across pod recreation on different node" classname="Kubernetes e2e suite" status="skipped" time="0">
              <skipped message="skipped"></skipped>
          </testcase>
          <testcase name="[It] [sig-api-machinery] AdmissionWebhook [Privileged:ClusterAdmin] listing validating webhooks should work [Conformance]" classname="Kubernetes e2e suite" status="passed" time="3.650423531"></testcase>
          <testcase name="[It] [sig-storage] In-tree Volumes [Driver: local] [LocalVolumeType: block] [Testpattern: Pre-provisioned PV (default fs)] subPath should be able to unmount after the subpath directory is deleted [LinuxOnly]" classname="Kubernetes e2e suite" status="skipped" time="0">
              <skipped message="skipped"></skipped>
          </testcase>
          <testcase name="[It] [sig-storage] In-tree Volumes [Driver: nfs] [Testpattern: Dynamic PV (default fs)] subPath should fail if non-existent subpath is outside the volume [Slow] [LinuxOnly]" classname="Kubernetes e2e suite" status="skipped" time="0">
              <skipped message="skipped"></skipped>
          </testcase>
          <testcase name="[It] [sig-storage] In-tree Volumes [Driver: ceph] [Feature:Volumes] [Serial] [Testpattern: Pre-provisioned PV (block volmode)] multiVolume [Slow] should access to two volumes with different volume mode and retain data across pod recreation on the same node" classname="Kubernetes e2e suite" status="skipped" time="0">
              <skipped message="skipped"></skipped>
          </testcase>
          <testcase name="[It] [sig-network] LoadBalancers should be able to switch session affinity for LoadBalancer service with ESIPP on [Slow] [LinuxOnly]" classname="Kubernetes e2e suite" status="skipped" time="0">
              <skipped message="skipped"></skipped>
          </testcase>
          <testcase name="[It] [sig-storage] In-tree Volumes [Driver: local] [LocalVolumeType: block] [Testpattern: Pre-provisioned PV (block volmode)] disruptive [Disruptive] [LinuxOnly] Should test that pv used in a pod that is deleted while the kubelet is down cleans up when the kubelet returns." classname="Kubernetes e2e suite" status="skipped" time="0">
              <skipped message="skipped"></skipped>
          </testcase>
          <testcase name="[It] [sig-storage] In-tree Volumes [Driver: local] [LocalVolumeType: dir-link] [Testpattern: Dynamic PV (ntfs)] [Feature:Windows] multiVolume [Slow] should concurrently access the single volume from pods on different node" classname="Kubernetes e2e suite" status="skipped" time="0">
              <skipped message="skipped"></skipped>
          </testcase>
          <testcase name="[It] [sig-storage] In-tree Volumes [Driver: iscsi] [Feature:Volumes] [Testpattern: Dynamic PV (ntfs)] [Feature:Windows] multiVolume [Slow] should concurrently access the volume and restored snapshot from pods on the same node [LinuxOnly] [Feature:VolumeSnapshotDataSource] [Feature:VolumeSourceXFS]" classname="Kubernetes e2e suite" status="skipped" time="0">
              <skipped message="skipped"></skipped>
          </testcase>
          <testcase name="[It] [sig-storage] In-tree Volumes [Driver: azure-file] [Testpattern: Dynamic PV (ext4)] multiVolume [Slow] should concurrently access the volume and restored snapshot from pods on the same node [LinuxOnly] [Feature:VolumeSnapshotDataSource] [Feature:VolumeSourceXFS]" classname="Kubernetes e2e suite" status="skipped" time="0">
              <skipped message="skipped"></skipped>
          </testcase>
          <testcase name="[It] [sig-apps] Deployment deployment should support proportional scaling [Conformance]" classname="Kubernetes e2e suite" status="passed" time="4.275588148"></testcase>
          <testcase name="[It] [sig-storage] In-tree Volumes [Driver: local] [LocalVolumeType: gce-localssd-scsi-fs] [Serial] [Testpattern: Generic Ephemeral-volume (default fs)] volumeLimits should verify that all csinodes have volume limits" classname="Kubernetes e2e suite" status="skipped" time="0">
              <skipped message="skipped"></skipped>
          </testcase>
          <testcase name="[It] [sig-storage] In-tree Volumes [Driver: cinder] [Testpattern: Pre-provisioned PV (ext4)] volumes should allow exec of files on the volume" classname="Kubernetes e2e suite" status="skipped" time="0">
              <skipped message="skipped"></skipped>
          </testcase>
          <testcase name="[It] [sig-storage] In-tree Volumes [Driver: emptydir] [Testpattern: Pre-provisioned PV (block volmode)] volumes should store data" classname="Kubernetes e2e suite" status="skipped" time="0">
              <skipped message="skipped"></skipped>
          </testcase>
          <testcase name="[It] [sig-storage] In-tree Volumes [Driver: hostPath] [Testpattern: Inline-volume (default fs)] subPath should fail if subpath directory is outside the volume [Slow] [LinuxOnly]" classname="Kubernetes e2e suite" status="skipped" time="0">
              <skipped message="skipped"></skipped>
          </testcase>
          <testcase name="[It] [sig-apps] StatefulSet Non-retain StatefulSetPersistentVolumeClaimPolicy should not delete PVCs when there is another controller" classname="Kubernetes e2e suite" status="skipped" time="0">
              <skipped message="skipped"></skipped>
          </testcase>
          <testcase name="[It] [sig-storage] In-tree Volumes [Driver: local] [LocalVolumeType: gce-localssd-scsi-fs] [Serial] [Testpattern: Generic Ephemeral-volume (block volmode) (late-binding)] ephemeral should support multiple inline ephemeral volumes" classname="Kubernetes e2e suite" status="skipped" time="0">
              <skipped message="skipped"></skipped>
          </testcase>
          <testcase name="[It] [sig-storage] In-tree Volumes [Driver: azure-file] [Testpattern: Dynamic PV (ntfs)] [Feature:Windows] subPath should support restarting containers using directory as subpath [Slow]" classname="Kubernetes e2e suite" status="skipped" time="0">
              <skipped message="skipped"></skipped>
          </testcase>
          <testcase name="[It] [sig-storage] In-tree Volumes [Driver: ceph] [Feature:Volumes] [Serial] [Testpattern: Dynamic PV (default fs)] subPath should support non-existent path" classname="Kubernetes e2e suite" status="skipped" time="0">
              <skipped message="skipped"></skipped>
          </testcase>
          <testcase name="[It] [sig-storage] In-tree Volumes [Driver: vsphere] [Testpattern: Dynamic PV (filesystem volmode)] multiVolume [Slow] should access to two volumes with different volume mode and retain data across pod recreation on the same node" classname="Kubernetes e2e suite" status="skipped" time="0">
              <skipped message="skipped"></skipped>
          </testcase>
          <testcase name="[It] [sig-storage] In-tree Volumes [Driver: rbd] [Feature:Volumes] [Serial] [Testpattern: Pre-provisioned PV (filesystem volmode)] multiVolume [Slow] should access to two volumes with different volume mode and retain data across pod recreation on the same node" classname="Kubernetes e2e suite" status="skipped" time="0">
              <skipped message="skipped"></skipped>
          </testcase>
          <testcase name="[It] [sig-storage] In-tree Volumes [Driver: local] [LocalVolumeType: tmpfs] [Testpattern: Inline-volume (ntfs)] [Feature:Windows] volumes should allow exec of files on the volume" classname="Kubernetes e2e suite" status="skipped" time="0">
              <skipped message="skipped"></skipped>
          </testcase>
          <testcase name="[It] [sig-storage] In-tree Volumes [Driver: local] [LocalVolumeType: dir] [Testpattern: Dynamic PV (block volmode)] volumeMode should not mount / map unused volumes in a pod [LinuxOnly]" classname="Kubernetes e2e suite" status="skipped" time="0">
              <skipped message="skipped"></skipped>
          </testcase>
          <testcase name="[It] [sig-storage] In-tree Volumes [Driver: rbd] [Feature:Volumes] [Serial] [Testpattern: Dynamic PV (default fs)] subPath should fail if subpath directory is outside the volume [Slow] [LinuxOnly]" classname="Kubernetes e2e suite" status="skipped" time="0">
              <skipped message="skipped"></skipped>
          </testcase>
          <testcase name="[It] [sig-storage] In-tree Volumes [Driver: aws] [Testpattern: Dynamic PV (block volmode)] provisioning should mount multiple PV pointing to the same storage on the same node" classname="Kubernetes e2e suite" status="skipped" time="0">
              <skipped message="skipped"></skipped>
          </testcase>
          <testcase name="[It] [sig-storage] In-tree Volumes [Driver: local] [LocalVolumeType: block] [Testpattern: Dynamic PV (default fs)] subPath should support creating multiple subpath from same volumes [Slow]" classname="Kubernetes e2e suite" status="skipped" time="0">
              <skipped message="skipped"></skipped>
          </testcase>
          <testcase name="[It] [sig-storage] In-tree Volumes [Driver: local] [LocalVolumeType: dir-link] [Testpattern: Generic Ephemeral-volume (default fs) (immediate-binding)] ephemeral should support two pods which have the same volume definition" classname="Kubernetes e2e suite" status="skipped" time="0">
              <skipped message="skipped"></skipped>
          </testcase>
          <testcase name="[It] [sig-node] Security Context should support volume SELinux relabeling when using hostIPC [Flaky] [LinuxOnly]" classname="Kubernetes e2e suite" status="skipped" time="0">
              <skipped message="skipped"></skipped>
          </testcase>
          <testcase name="[It] [sig-storage] CSI Volumes [Driver: csi-hostpath] [Testpattern: Dynamic PV (default fs)] volumes should store data" classname="Kubernetes e2e suite" status="skipped" time="0">
              <skipped message="skipped"></skipped>
          </testcase>
          <testcase name="[It] [sig-network] Networking Granular Checks: Services should function for pod-Service: sctp [Feature:SCTPConnectivity]" classname="Kubernetes e2e suite" status="skipped" time="0">
              <skipped message="skipped"></skipped>
          </testcase>
          <testcase name="[It] [sig-storage] CSI Volumes [Driver: pd.csi.storage.gke.io] [Serial] [Testpattern: Dynamic PV (xfs)] [Slow] multiVolume [Slow] should access to two volumes with the same volume mode and retain data across pod recreation on the same node" classname="Kubernetes e2e suite" status="skipped" time="0">
              <skipped message="skipped"></skipped>
          </testcase>
          <testcase name="[It] [sig-storage] Dynamic Provisioning DynamicProvisioner [Slow] [Feature:StorageProvider] should provision storage with non-default reclaim policy Retain" classname="Kubernetes e2e suite" status="skipped" time="0">
              <skipped message="skipped"></skipped>
          </testcase>
          <testcase name="[It] [sig-storage] In-tree Volumes [Driver: vsphere] [Testpattern: Dynamic PV (default fs)] subPath should support readOnly file specified in the volumeMount [LinuxOnly]" classname="Kubernetes e2e suite" status="skipped" time="0">
              <skipped message="skipped"></skipped>
          </testcase>
          <testcase name="[It] [sig-storage] In-tree Volumes [Driver: azure-disk] [Testpattern: Dynamic PV (ntfs)] [Feature:Windows] multiVolume [Slow] should access to two volumes with different volume mode and retain data across pod recreation on different node" classname="Kubernetes e2e suite" status="skipped" time="0">
              <skipped message="skipped"></skipped>
          </testcase>
          <testcase name="[It] [sig-storage] In-tree Volumes [Driver: azure-disk] [Testpattern: Dynamic PV (filesystem volmode)] multiVolume [Slow] should access to two volumes with the same volume mode and retain data across pod recreation on the same node" classname="Kubernetes e2e suite" status="skipped" time="0">
              <skipped message="skipped"></skipped>
          </testcase>
          <testcase name="[It] [sig-storage] In-tree Volumes [Driver: vsphere] [Testpattern: Pre-provisioned PV (block volmode)] volumes should store data" classname="Kubernetes e2e suite" status="skipped" time="0">
              <skipped message="skipped"></skipped>
          </testcase>
          <testcase name="[It] [sig-storage] CSI Mock selinux on mount metrics SELinuxMount metrics [LinuxOnly] [Feature:SELinux] [Feature:SELinuxMountReadWriteOncePod] [Serial] warning is not bumped on two Pods with the same context on RWO volume" classname="Kubernetes e2e suite" status="skipped" time="0">
              <skipped message="skipped"></skipped>
          </testcase>
          <testcase name="[It] [sig-storage] In-tree Volumes [Driver: rbd] [Feature:Volumes] [Serial] [Testpattern: Dynamic PV (default fs)] provisioning should provision storage with pvc data source (ROX mode)" classname="Kubernetes e2e suite" status="skipped" time="0">
              <skipped message="skipped"></skipped>
          </testcase>
          <testcase name="[It] [sig-storage] In-tree Volumes [Driver: iscsi] [Feature:Volumes] [Testpattern: Dynamic PV (ntfs)] [Feature:Windows] subPath should support file as subpath [LinuxOnly]" classname="Kubernetes e2e suite" status="skipped" time="0">
              <skipped message="skipped"></skipped>
          </testcase>
          <testcase name="[It] [sig-storage] HostPath should support subPath [NodeConformance]" classname="Kubernetes e2e suite" status="skipped" time="0">
              <skipped message="skipped"></skipped>
          </testcase>
          <testcase name="[It] [sig-node] [Feature:Example] Liveness liveness pods should be automatically restarted" classname="Kubernetes e2e suite" status="skipped" time="0">
              <skipped message="skipped"></skipped>
          </testcase>
          <testcase name="[It] [sig-storage] In-tree Volumes [Driver: local] [LocalVolumeType: dir-link-bindmounted] [Testpattern: Dynamic PV (ntfs)] [Feature:Windows] subPath should verify container cannot write to subpath readonly volumes [Slow]" classname="Kubernetes e2e suite" status="skipped" time="0">
              <skipped message="skipped"></skipped>
          </testcase>
          <testcase name="[It] [sig-network] IngressClass API should support creating IngressClass API operations [Conformance]" classname="Kubernetes e2e suite" status="passed" time="0.182513025"></testcase>
          <testcase name="[It] [sig-storage] In-tree Volumes [Driver: nfs] [Testpattern: Dynamic PV (default fs)] provisioning should mount multiple PV pointing to the same storage on the same node" classname="Kubernetes e2e suite" status="skipped" time="0">
              <skipped message="skipped"></skipped>
          </testcase>
          <testcase name="[It] [sig-storage] In-tree Volumes [Driver: local] [LocalVolumeType: dir-link] [Testpattern: Inline-volume (ext3)] volumes should store data" classname="Kubernetes e2e suite" status="skipped" time="0">
              <skipped message="skipped"></skipped>
          </testcase>
          <testcase name="[It] [sig-storage] In-tree Volumes [Driver: azure-disk] [Testpattern: Inline-volume (default fs)] subPath should be able to unmount after the subpath directory is deleted [LinuxOnly]" classname="Kubernetes e2e suite" status="skipped" time="0">
              <skipped message="skipped"></skipped>
          </testcase>
          <testcase name="[It] [sig-storage] In-tree Volumes [Driver: hostPath] [Testpattern: Dynamic PV (ntfs)] [Feature:Windows] multiVolume [Slow] should concurrently access the single volume from pods on the same node" classname="Kubernetes e2e suite" status="skipped" time="0">
              <skipped message="skipped"></skipped>
          </testcase>
          <testcase name="[It] [sig-storage] In-tree Volumes [Driver: local] [LocalVolumeType: blockfs] [Testpattern: Dynamic PV (ntfs)] [Feature:Windows] subPath should unmount if pod is force deleted while kubelet is down [Disruptive] [Slow] [LinuxOnly]" classname="Kubernetes e2e suite" status="skipped" time="0">
              <skipped message="skipped"></skipped>
          </testcase>
          <testcase name="[It] [sig-storage] In-tree Volumes [Driver: local] [LocalVolumeType: dir-bindmounted] [Testpattern: Dynamic PV (ntfs)] [Feature:Windows] multiVolume [Slow] should concurrently access the volume and its clone from pods on the same node [LinuxOnly] [Feature:VolumeSourceXFS]" classname="Kubernetes e2e suite" status="skipped" time="0">
              <skipped message="skipped"></skipped>
          </testcase>
          <testcase name="[It] [sig-storage] In-tree Volumes [Driver: vsphere] [Testpattern: Inline-volume (ext4)] volumes should allow exec of files on the volume" classname="Kubernetes e2e suite" status="skipped" time="0">
              <skipped message="skipped"></skipped>
          </testcase>
          <testcase name="[It] [sig-storage] In-tree Volumes [Driver: azure-file] [Testpattern: Dynamic PV (xfs)] [Slow] multiVolume [Slow] should access to two volumes with different volume mode and retain data across pod recreation on different node" classname="Kubernetes e2e suite" status="skipped" time="0">
              <skipped message="skipped"></skipped>
          </testcase>
          <testcase name="[It] [sig-storage] In-tree Volumes [Driver: nfs] [Testpattern: Generic Ephemeral-volume (default fs) (immediate-binding)] ephemeral should support multiple inline ephemeral volumes" classname="Kubernetes e2e suite" status="skipped" time="0">
              <skipped message="skipped"></skipped>
          </testcase>
          <testcase name="[It] [sig-storage] In-tree Volumes [Driver: local] [LocalVolumeType: gce-localssd-scsi-fs] [Serial] [Testpattern: Dynamic PV (ext4)] multiVolume [Slow] should concurrently access the single volume from pods on the same node" classname="Kubernetes e2e suite" status="skipped" time="0">
              <skipped message="skipped"></skipped>
          </testcase>
          <testcase name="[It] [sig-storage] In-tree Volumes [Driver: local] [LocalVolumeType: dir-bindmounted] [Testpattern: Dynamic PV (filesystem volmode)] multiVolume [Slow] should concurrently access the volume and its clone from pods on the same node [LinuxOnly] [Feature:VolumeSourceXFS]" classname="Kubernetes e2e suite" status="skipped" time="0">
              <skipped message="skipped"></skipped>
          </testcase>
          <testcase name="[It] [sig-storage] In-tree Volumes [Driver: local] [LocalVolumeType: dir-link] [Testpattern: Dynamic PV (default fs)] subPath should support existing single file [LinuxOnly]" classname="Kubernetes e2e suite" status="skipped" time="0">
              <skipped message="skipped"></skipped>
          </testcase>
          <testcase name="[It] [sig-storage] In-tree Volumes [Driver: azure-file] [Testpattern: Dynamic PV (ext4)] multiVolume [Slow] should access to two volumes with the same volume mode and retain data across pod recreation on the same node" classname="Kubernetes e2e suite" status="skipped" time="0">
              <skipped message="skipped"></skipped>
          </testcase>
          <testcase name="[It] [sig-storage] In-tree Volumes [Driver: iscsi] [Feature:Volumes] [Testpattern: Pre-provisioned PV (default fs)] subPath should fail if subpath directory is outside the volume [Slow] [LinuxOnly]" classname="Kubernetes e2e suite" status="skipped" time="0">
              <skipped message="skipped"></skipped>
          </testcase>
          <testcase name="[It] [sig-node] Security Context should support seccomp unconfined on the container [LinuxOnly]" classname="Kubernetes e2e suite" status="skipped" time="0">
              <skipped message="skipped"></skipped>
          </testcase>
          <testcase name="[It] [sig-storage] CSI Volumes [Driver: pd.csi.storage.gke.io] [Serial] [Testpattern: Dynamic PV (block volmode)] multiVolume [Slow] should concurrently access the volume and its clone from pods on the same node [LinuxOnly] [Feature:VolumeSourceXFS]" classname="Kubernetes e2e suite" status="skipped" time="0">
              <skipped message="skipped"></skipped>
          </testcase>
          <testcase name="[It] [sig-storage] In-tree Volumes [Driver: local] [LocalVolumeType: dir-link-bindmounted] [Testpattern: Pre-provisioned PV (block volmode)] multiVolume [Slow] should access to two volumes with the same volume mode and retain data across pod recreation on the same node" classname="Kubernetes e2e suite" status="skipped" time="0">
              <skipped message="skipped"></skipped>
          </testcase>
          <testcase name="[It] [sig-storage] In-tree Volumes [Driver: rbd] [Feature:Volumes] [Serial] [Testpattern: Pre-provisioned PV (default fs)] subPath should be able to unmount after the subpath directory is deleted [LinuxOnly]" classname="Kubernetes e2e suite" status="skipped" time="0">
              <skipped message="skipped"></skipped>
          </testcase>
          <testcase name="[It] [sig-storage] In-tree Volumes [Driver: rbd] [Feature:Volumes] [Serial] [Testpattern: Dynamic PV (ext4)] multiVolume [Slow] should concurrently access the single read-only volume from pods on the same node" classname="Kubernetes e2e suite" status="skipped" time="0">
              <skipped message="skipped"></skipped>
          </testcase>
          <testcase name="[It] [sig-storage] In-tree Volumes [Driver: local] [LocalVolumeType: gce-localssd-scsi-fs] [Serial] [Testpattern: Dynamic PV (ntfs)] [Feature:Windows] volumeIO should write files of various sizes, verify size, validate content [Slow]" classname="Kubernetes e2e suite" status="skipped" time="0">
              <skipped message="skipped"></skipped>
          </testcase>
          <testcase name="[It] [sig-storage] In-tree Volumes [Driver: local] [LocalVolumeType: blockfs] [Testpattern: Generic Ephemeral-volume (block volmode) (late-binding)] ephemeral should create read-only inline ephemeral volume" classname="Kubernetes e2e suite" status="skipped" time="0">
              <skipped message="skipped"></skipped>
          </testcase>
          <testcase name="[It] [sig-storage] In-tree Volumes [Driver: azure-file] [Testpattern: Dynamic PV (ntfs)] [Feature:Windows] provisioning should provision storage with pvc data source" classname="Kubernetes e2e suite" status="skipped" time="0">
              <skipped message="skipped"></skipped>
          </testcase>
          <testcase name="[It] [sig-apps] ReplicationController should release no longer matching pods [Conformance]" classname="Kubernetes e2e suite" status="passed" time="5.155111666"></testcase>
          <testcase name="[It] [sig-auth] [Feature:NodeAuthorizer] Getting a secret for a workload the node has access to should succeed" classname="Kubernetes e2e suite" status="skipped" time="0">
              <skipped message="skipped"></skipped>
          </testcase>
          <testcase name="[It] [sig-storage] In-tree Volumes [Driver: hostPathSymlink] [Testpattern: Dynamic PV (ntfs)] [Feature:Windows] volumes should allow exec of files on the volume" classname="Kubernetes e2e suite" status="skipped" time="0">
              <skipped message="skipped"></skipped>
          </testcase>
          <testcase name="[It] [sig-storage] In-tree Volumes [Driver: nfs] [Testpattern: Dynamic PV (ntfs)(allowExpansion)] [Feature:Windows] volume-expand Verify if offline PVC expansion works" classname="Kubernetes e2e suite" status="skipped" time="0">
              <skipped message="skipped"></skipped>
          </testcase>
          <testcase name="[It] [sig-storage] CSI Mock volume node stage CSI NodeStage error cases [Slow] should not call NodeUnstage after NodeStage final error" classname="Kubernetes e2e suite" status="skipped" time="0">
              <skipped message="skipped"></skipped>
          </testcase>
          <testcase name="[It] [sig-storage] In-tree Volumes [Driver: hostPath] [Testpattern: Pre-provisioned PV (default fs)] volumes should allow exec of files on the volume" classname="Kubernetes e2e suite" status="skipped" time="0">
              <skipped message="skipped"></skipped>
          </testcase>
          <testcase name="[It] [sig-storage] In-tree Volumes [Driver: local] [LocalVolumeType: dir-bindmounted] [Testpattern: Pre-provisioned PV (filesystem volmode)] multiVolume [Slow] should concurrently access the volume and its clone from pods on the same node [LinuxOnly] [Feature:VolumeSourceXFS]" classname="Kubernetes e2e suite" status="skipped" time="0">
              <skipped message="skipped"></skipped>
          </testcase>
          <testcase name="[It] [sig-storage] In-tree Volumes [Driver: iscsi] [Feature:Volumes] [Testpattern: Dynamic PV (default fs)] volumeIO should write files of various sizes, verify size, validate content [Slow]" classname="Kubernetes e2e suite" status="skipped" time="0">
              <skipped message="skipped"></skipped>
          </testcase>
          <testcase name="[It] [sig-storage] In-tree Volumes [Driver: aws] [Testpattern: Dynamic PV (ntfs)] [Feature:Windows] subPath should support readOnly file specified in the volumeMount [LinuxOnly]" classname="Kubernetes e2e suite" status="skipped" time="0">
              <skipped message="skipped"></skipped>
          </testcase>
          <testcase name="[It] [sig-storage] CSI Volumes [Driver: csi-hostpath] [Testpattern: Dynamic PV (ntfs)(allowExpansion)] [Feature:Windows] volume-expand Verify if offline PVC expansion works" classname="Kubernetes e2e suite" status="skipped" time="0">
              <skipped message="skipped"></skipped>
          </testcase>
          <testcase name="[It] [sig-storage] In-tree Volumes [Driver: local] [LocalVolumeType: dir-link-bindmounted] [Testpattern: Dynamic PV (block volmode)] provisioning should provision storage with pvc data source" classname="Kubernetes e2e suite" status="skipped" time="0">
              <skipped message="skipped"></skipped>
          </testcase>
          <testcase name="[It] [sig-storage] In-tree Volumes [Driver: local] [LocalVolumeType: dir-link-bindmounted] [Testpattern: Pre-provisioned PV (filesystem volmode)] multiVolume [Slow] should access to two volumes with different volume mode and retain data across pod recreation on the same node" classname="Kubernetes e2e suite" status="skipped" time="0">
              <skipped message="skipped"></skipped>
          </testcase>
          <testcase name="[It] [sig-storage] Flexvolumes should be mountable when non-attachable" classname="Kubernetes e2e suite" status="skipped" time="0">
              <skipped message="skipped"></skipped>
          </testcase>
          <testcase name="[It] [sig-storage] In-tree Volumes [Driver: local] [LocalVolumeType: block] [Testpattern: Pre-provisioned PV (block volmode)] multiVolume [Slow] should concurrently access the volume and restored snapshot from pods on the same node [LinuxOnly] [Feature:VolumeSnapshotDataSource] [Feature:VolumeSourceXFS]" classname="Kubernetes e2e suite" status="skipped" time="0">
              <skipped message="skipped"></skipped>
          </testcase>
          <testcase name="[It] [sig-storage] In-tree Volumes [Driver: vsphere] [Testpattern: Dynamic PV (ntfs)] [Feature:Windows] volumes should store data" classname="Kubernetes e2e suite" status="skipped" time="0">
              <skipped message="skipped"></skipped>
          </testcase>
          <testcase name="[It] [sig-storage] In-tree Volumes [Driver: local] [LocalVolumeType: dir-link-bindmounted] [Testpattern: Dynamic PV (xfs)] [Slow] multiVolume [Slow] should access to two volumes with different volume mode and retain data across pod recreation on the same node" classname="Kubernetes e2e suite" status="skipped" time="0">
              <skipped message="skipped"></skipped>
          </testcase>
          <testcase name="[It] [sig-storage] In-tree Volumes [Driver: local] [LocalVolumeType: gce-localssd-scsi-fs] [Serial] [Testpattern: Dynamic PV (ext4)] multiVolume [Slow] should concurrently access the single volume from pods on different node" classname="Kubernetes e2e suite" status="skipped" time="0">
              <skipped message="skipped"></skipped>
          </testcase>
          <testcase name="[It] [sig-storage] PVC Protection Verify that scheduling of a pod that uses PVC that is being deleted fails and the pod becomes Unschedulable" classname="Kubernetes e2e suite" status="skipped" time="0">
              <skipped message="skipped"></skipped>
          </testcase>
          <testcase name="[It] [sig-node] Security Context should support pod.Spec.SecurityContext.RunAsUser [LinuxOnly]" classname="Kubernetes e2e suite" status="skipped" time="0">
              <skipped message="skipped"></skipped>
          </testcase>
          <testcase name="[It] [sig-storage] In-tree Volumes [Driver: azure-disk] [Testpattern: Dynamic PV (xfs)] [Slow] multiVolume [Slow] should concurrently access the single volume from pods on different node" classname="Kubernetes e2e suite" status="skipped" time="0">
              <skipped message="skipped"></skipped>
          </testcase>
          <testcase name="[It] [sig-network] LoadBalancers ESIPP [Slow] should work for type=NodePort" classname="Kubernetes e2e suite" status="skipped" time="0">
              <skipped message="skipped"></skipped>
          </testcase>
          <testcase name="[It] [sig-storage] In-tree Volumes [Driver: hostPathSymlink] [Testpattern: Inline-volume (default fs)] subPath should support existing directory" classname="Kubernetes e2e suite" status="skipped" time="0">
              <skipped message="skipped"></skipped>
          </testcase>
          <testcase name="[It] [sig-storage] In-tree Volumes [Driver: azure-disk] [Testpattern: Generic Ephemeral-volume (default fs) (immediate-binding)] ephemeral should support two pods which have the same volume definition" classname="Kubernetes e2e suite" status="skipped" time="0">
              <skipped message="skipped"></skipped>
          </testcase>
          <testcase name="[It] [sig-storage] In-tree Volumes [Driver: emptydir] [Testpattern: Inline-volume (default fs)] subPath should support existing single file [LinuxOnly]" classname="Kubernetes e2e suite" status="skipped" time="0">
              <skipped message="skipped"></skipped>
          </testcase>
          <testcase name="[It] [sig-windows] [Feature:Windows] GMSA Kubelet [Slow] kubelet GMSA support when creating a pod with correct GMSA credential specs passes the credential specs down to the Pod&#39;s containers" classname="Kubernetes e2e suite" status="skipped" time="0">
              <skipped message="skipped"></skipped>
          </testcase>
          <testcase name="[It] [sig-node] [Feature:PodLifecycleSleepAction] when create a pod with lifecycle hook using sleep action reduce GracePeriodSeconds during runtime" classname="Kubernetes e2e suite" status="skipped" time="0">
              <skipped message="skipped"></skipped>
          </testcase>
          <testcase name="[It] [sig-node] DRA [Feature:DynamicResourceAllocation] cluster with delayed allocation and setting ReservedFor supports simple pod referencing external resource claim" classname="Kubernetes e2e suite" status="skipped" time="0">
              <skipped message="skipped"></skipped>
          </testcase>
          <testcase name="[It] [sig-storage] In-tree Volumes [Driver: azure-disk] [Testpattern: Pre-provisioned PV (default fs)] subPath should support existing single file [LinuxOnly]" classname="Kubernetes e2e suite" status="skipped" time="0">
              <skipped message="skipped"></skipped>
          </testcase>
          <testcase name="[It] [sig-storage] In-tree Volumes [Driver: local] [LocalVolumeType: dir-bindmounted] [Testpattern: Dynamic PV (default fs)] provisioning should provision storage with snapshot data source [Feature:VolumeSnapshotDataSource]" classname="Kubernetes e2e suite" status="skipped" time="0">
              <skipped message="skipped"></skipped>
          </testcase>
          <testcase name="[It] [sig-storage] In-tree Volumes [Driver: rbd] [Feature:Volumes] [Serial] [Testpattern: Dynamic PV (ntfs)] [Feature:Windows] subPath should support creating multiple subpath from same volumes [Slow]" classname="Kubernetes e2e suite" status="skipped" time="0">
              <skipped message="skipped"></skipped>
          </testcase>
          <testcase name="[It] [sig-storage] In-tree Volumes [Driver: local] [LocalVolumeType: gce-localssd-scsi-fs] [Serial] [Testpattern: Dynamic PV (default fs)(allowExpansion)] volume-expand should resize volume when PVC is edited while pod is using it" classname="Kubernetes e2e suite" status="skipped" time="0">
              <skipped message="skipped"></skipped>
          </testcase>
          <testcase name="[It] [sig-storage] In-tree Volumes [Driver: hostPathSymlink] [Testpattern: Dynamic PV (ext4)] volumes should allow exec of files on the volume" classname="Kubernetes e2e suite" status="skipped" time="0">
              <skipped message="skipped"></skipped>
          </testcase>
          <testcase name="[It] [sig-storage] Downward API volume should provide node allocatable (memory) as default memory limit if the limit is not set [NodeConformance] [Conformance]" classname="Kubernetes e2e suite" status="passed" time="4.199371891"></testcase>
          <testcase name="[It] [sig-storage] In-tree Volumes [Driver: nfs] [Testpattern: Inline-volume (default fs)] subPath should support readOnly directory specified in the volumeMount" classname="Kubernetes e2e suite" status="skipped" time="0">
              <skipped message="skipped"></skipped>
          </testcase>
          <testcase name="[It] [sig-storage] In-tree Volumes [Driver: local] [LocalVolumeType: block] [Testpattern: Dynamic PV (xfs)] [Slow] multiVolume [Slow] should access to two volumes with the same volume mode and retain data across pod recreation on the same node" classname="Kubernetes e2e suite" status="skipped" time="0">
              <skipped message="skipped"></skipped>
          </testcase>
          <testcase name="[It] [sig-node] ConfigMap should be consumable via environment variable [NodeConformance] [Conformance]" classname="Kubernetes e2e suite" status="passed" time="4.114314206"></testcase>
          <testcase name="[It] [sig-storage] CSI Volumes [Driver: csi-hostpath] [Testpattern: Pre-provisioned PV (filesystem volmode)] multiVolume [Slow] should concurrently access the volume and its clone from pods on the same node [LinuxOnly] [Feature:VolumeSourceXFS]" classname="Kubernetes e2e suite" status="skipped" time="0">
              <skipped message="skipped"></skipped>
          </testcase>
          <testcase name="[It] [sig-storage] In-tree Volumes [Driver: local] [LocalVolumeType: tmpfs] [Testpattern: Dynamic PV (block volmode)] volumeMode should fail in binding dynamic provisioned PV to PVC [Slow] [LinuxOnly]" classname="Kubernetes e2e suite" status="skipped" time="0">
              <skipped message="skipped"></skipped>
          </testcase>
          <testcase name="[It] [sig-storage] In-tree Volumes [Driver: local] [LocalVolumeType: block] [Testpattern: Pre-provisioned PV (block volmode)] multiVolume [Slow] should access to two volumes with the same volume mode and retain data across pod recreation on different node" classname="Kubernetes e2e suite" status="skipped" time="0">
              <skipped message="skipped"></skipped>
          </testcase>
          <testcase name="[It] [sig-storage] In-tree Volumes [Driver: local] [LocalVolumeType: dir-link-bindmounted] [Testpattern: Dynamic PV (xfs)] [Slow] volumes should allow exec of files on the volume" classname="Kubernetes e2e suite" status="skipped" time="0">
              <skipped message="skipped"></skipped>
          </testcase>
          <testcase name="[It] [sig-storage] In-tree Volumes [Driver: rbd] [Feature:Volumes] [Serial] [Testpattern: Pre-provisioned PV (block volmode)] multiVolume [Slow] should access to two volumes with the same volume mode and retain data across pod recreation on different node" classname="Kubernetes e2e suite" status="skipped" time="0">
              <skipped message="skipped"></skipped>
          </testcase>
          <testcase name="[It] [sig-storage] In-tree Volumes [Driver: local] [LocalVolumeType: tmpfs] [Testpattern: Pre-provisioned PV (default fs)] volumes should store data" classname="Kubernetes e2e suite" status="skipped" time="0">
              <skipped message="skipped"></skipped>
          </testcase>
          <testcase name="[It] [sig-storage] In-tree Volumes [Driver: hostPath] [Testpattern: Dynamic PV (default fs)] subPath should unmount if pod is gracefully deleted while kubelet is down [Disruptive] [Slow] [LinuxOnly]" classname="Kubernetes e2e suite" status="skipped" time="0">
              <skipped message="skipped"></skipped>
          </testcase>
          <testcase name="[It] [sig-node] kubelet kubectl get --raw &#34;/api/v1/nodes/&lt;insert-node-name-here&gt;/proxy/logs/?query=/&lt;insert-log-file-name-here&gt; [Feature:NodeLogQuery] [LinuxOnly] should return the kubelet logs" classname="Kubernetes e2e suite" status="skipped" time="0">
              <skipped message="skipped"></skipped>
          </testcase>
          <testcase name="[It] [sig-storage] In-tree Volumes [Driver: local] [LocalVolumeType: dir] [Testpattern: Dynamic PV (default fs)] provisioning should provision storage with snapshot data source (ROX mode) [Feature:VolumeSnapshotDataSource]" classname="Kubernetes e2e suite" status="skipped" time="0">
              <skipped message="skipped"></skipped>
          </testcase>
          <testcase name="[It] [sig-storage] In-tree Volumes [Driver: local] [LocalVolumeType: dir] [Testpattern: Inline-volume (ext3)] volumes should allow exec of files on the volume" classname="Kubernetes e2e suite" status="skipped" time="0">
              <skipped message="skipped"></skipped>
          </testcase>
          <testcase name="[It] [sig-storage] In-tree Volumes [Driver: hostPath] [Testpattern: Dynamic PV (filesystem volmode)] multiVolume [Slow] should access to two volumes with different volume mode and retain data across pod recreation on the same node" classname="Kubernetes e2e suite" status="skipped" time="0">
              <skipped message="skipped"></skipped>
          </testcase>
          <testcase name="[It] [sig-storage] In-tree Volumes [Driver: ceph] [Feature:Volumes] [Serial] [Testpattern: Dynamic PV (ntfs)] [Feature:Windows] multiVolume [Slow] should concurrently access the single volume from pods on different node" classname="Kubernetes e2e suite" status="skipped" time="0">
              <skipped message="skipped"></skipped>
          </testcase>
          <testcase name="[It] [sig-storage] In-tree Volumes [Driver: azure-disk] [Testpattern: Pre-provisioned PV (default fs)] subPath should fail if non-existent subpath is outside the volume [Slow] [LinuxOnly]" classname="Kubernetes e2e suite" status="skipped" time="0">
              <skipped message="skipped"></skipped>
          </testcase>
          <testcase name="[It] [sig-storage] In-tree Volumes [Driver: cinder] [Testpattern: Dynamic PV (filesystem volmode)] volumeMode should not mount / map unused volumes in a pod [LinuxOnly]" classname="Kubernetes e2e suite" status="skipped" time="0">
              <skipped message="skipped"></skipped>
          </testcase>
          <testcase name="[It] [sig-storage] EmptyDir volumes when FSGroup is specified [LinuxOnly] [NodeFeature:FSGroup] nonexistent volume subPath should have the correct mode and owner using FSGroup" classname="Kubernetes e2e suite" status="skipped" time="0">
              <skipped message="skipped"></skipped>
          </testcase>
          <testcase name="[It] [sig-storage] In-tree Volumes [Driver: emptydir] [Testpattern: Dynamic PV (block volmode)] multiVolume [Slow] should concurrently access the single volume from pods on different node" classname="Kubernetes e2e suite" status="skipped" time="0">
              <skipped message="skipped"></skipped>
          </testcase>
          <testcase name="[It] [sig-network] Service endpoints latency should not be very high [Conformance]" classname="Kubernetes e2e suite" status="passed" time="9.775394111"></testcase>
          <testcase name="[It] [sig-storage] In-tree Volumes [Driver: iscsi] [Feature:Volumes] [Testpattern: Dynamic PV (filesystem volmode)] multiVolume [Slow] should access to two volumes with different volume mode and retain data across pod recreation on the same node" classname="Kubernetes e2e suite" status="skipped" time="0">
              <skipped message="skipped"></skipped>
          </testcase>
          <testcase name="[It] [sig-storage] In-tree Volumes [Driver: local] [LocalVolumeType: dir-link] [Testpattern: Dynamic PV (default fs)] fsgroupchangepolicy (OnRootMismatch)[LinuxOnly], pod created with an initial fsgroup, volume contents ownership changed via chgrp in first pod, new pod with same fsgroup skips ownership changes to the volume contents" classname="Kubernetes e2e suite" status="skipped" time="0">
              <skipped message="skipped"></skipped>
          </testcase>
          <testcase name="[It] [sig-storage] In-tree Volumes [Driver: local] [LocalVolumeType: dir] [Testpattern: Dynamic PV (filesystem volmode)] multiVolume [Slow] should access to two volumes with different volume mode and retain data across pod recreation on different node" classname="Kubernetes e2e suite" status="skipped" time="0">
              <skipped message="skipped"></skipped>
          </testcase>
          <testcase name="[It] [sig-storage] In-tree Volumes [Driver: hostPath] [Testpattern: Pre-provisioned PV (ntfs)] [Feature:Windows] volumes should store data" classname="Kubernetes e2e suite" status="skipped" time="0">
              <skipped message="skipped"></skipped>
          </testcase>
          <testcase name="[It] [sig-storage] Secrets Should fail non-optional pod creation due to the key in the secret object does not exist [Slow]" classname="Kubernetes e2e suite" status="skipped" time="0">
              <skipped message="skipped"></skipped>
          </testcase>
          <testcase name="[It] [sig-storage] In-tree Volumes [Driver: iscsi] [Feature:Volumes] [Testpattern: Pre-provisioned PV (default fs)] subPath should verify container cannot write to subpath readonly volumes [Slow]" classname="Kubernetes e2e suite" status="skipped" time="0">
              <skipped message="skipped"></skipped>
          </testcase>
          <testcase name="[It] [sig-storage] In-tree Volumes [Driver: rbd] [Feature:Volumes] [Serial] [Testpattern: Pre-provisioned PV (xfs)] [Slow] volumes should store data" classname="Kubernetes e2e suite" status="skipped" time="0">
              <skipped message="skipped"></skipped>
          </testcase>
          <testcase name="[It] [sig-storage] In-tree Volumes [Driver: nfs] [Testpattern: Dynamic PV (default fs)] provisioning should provision storage with mount options" classname="Kubernetes e2e suite" status="skipped" time="0">
              <skipped message="skipped"></skipped>
          </testcase>
          <testcase name="[It] [sig-node] Pod InPlace Resize Container [Feature:InPlacePodVerticalScaling] Burstable QoS pod, one container with cpu &amp; memory requests + limits - increase CPU requests and limits" classname="Kubernetes e2e suite" status="skipped" time="0">
              <skipped message="skipped"></skipped>
          </testcase>
          <testcase name="[It] [sig-storage] In-tree Volumes [Driver: hostPathSymlink] [Testpattern: Generic Ephemeral-volume (default fs) (late-binding)] ephemeral should create read/write inline ephemeral volume" classname="Kubernetes e2e suite" status="skipped" time="0">
              <skipped message="skipped"></skipped>
          </testcase>
          <testcase name="[It] [sig-api-machinery] ValidatingAdmissionPolicy [Privileged:ClusterAdmin] [FeatureGate:ValidatingAdmissionPolicy] [Beta] should validate against a Deployment" classname="Kubernetes e2e suite" status="skipped" time="0">
              <skipped message="skipped"></skipped>
          </testcase>
          <testcase name="[It] [sig-storage] In-tree Volumes [Driver: local] [LocalVolumeType: dir-link-bindmounted] [Testpattern: Dynamic PV (ntfs)] [Feature:Windows] subPath should support existing directories when readOnly specified in the volumeSource" classname="Kubernetes e2e suite" status="skipped" time="0">
              <skipped message="skipped"></skipped>
          </testcase>
          <testcase name="[It] [sig-storage] In-tree Volumes [Driver: local] [LocalVolumeType: dir-link-bindmounted] [Testpattern: Dynamic PV (filesystem volmode)] multiVolume [Slow] should concurrently access the single volume from pods on different node" classname="Kubernetes e2e suite" status="skipped" time="0">
              <skipped message="skipped"></skipped>
          </testcase>
          <testcase name="[It] [sig-storage] In-tree Volumes [Driver: local] [LocalVolumeType: tmpfs] [Testpattern: Dynamic PV (default fs)] subPath should support restarting containers using file as subpath [Slow] [LinuxOnly]" classname="Kubernetes e2e suite" status="skipped" time="0">
              <skipped message="skipped"></skipped>
          </testcase>
          <testcase name="[It] [sig-storage] In-tree Volumes [Driver: local] [LocalVolumeType: dir] [Testpattern: Dynamic PV (block volmode)] multiVolume [Slow] should concurrently access the volume and restored snapshot from pods on the same node [LinuxOnly] [Feature:VolumeSnapshotDataSource] [Feature:VolumeSourceXFS]" classname="Kubernetes e2e suite" status="skipped" time="0">
              <skipped message="skipped"></skipped>
          </testcase>
          <testcase name="[It] [sig-storage] In-tree Volumes [Driver: local] [LocalVolumeType: block] [Testpattern: Dynamic PV (ntfs)] [Feature:Windows] multiVolume [Slow] should access to two volumes with different volume mode and retain data across pod recreation on the same node" classname="Kubernetes e2e suite" status="skipped" time="0">
              <skipped message="skipped"></skipped>
          </testcase>
          <testcase name="[It] [sig-storage] In-tree Volumes [Driver: local] [LocalVolumeType: dir] [Testpattern: Dynamic PV (filesystem volmode)] volumeLimits should support volume limits [Serial]" classname="Kubernetes e2e suite" status="skipped" time="0">
              <skipped message="skipped"></skipped>
          </testcase>
          <testcase name="[It] [sig-api-machinery] AdmissionWebhook [Privileged:ClusterAdmin] patching/updating a validating webhook should work [Conformance]" classname="Kubernetes e2e suite" status="passed" time="3.753120589"></testcase>
          <testcase name="[It] [sig-storage] In-tree Volumes [Driver: local] [LocalVolumeType: dir-link-bindmounted] [Testpattern: Dynamic PV (default fs)] fsgroupchangepolicy (OnRootMismatch)[LinuxOnly], pod created with an initial fsgroup, volume contents ownership changed via chgrp in first pod, new pod with different fsgroup applied to the volume contents" classname="Kubernetes e2e suite" status="skipped" time="0">
              <skipped message="skipped"></skipped>
          </testcase>
          <testcase name="[It] [sig-node] Probing container should *not* be restarted with a /healthz http liveness probe [NodeConformance] [Conformance]" classname="Kubernetes e2e suite" status="passed" time="243.071048253"></testcase>
          <testcase name="[It] [sig-storage] CSI Volumes [Driver: csi-hostpath] [Testpattern: Pre-provisioned PV (default fs)] subPath should verify container cannot write to subpath readonly volumes [Slow]" classname="Kubernetes e2e suite" status="skipped" time="0">
              <skipped message="skipped"></skipped>
          </testcase>
          <testcase name="[It] [sig-storage] In-tree Volumes [Driver: rbd] [Feature:Volumes] [Serial] [Testpattern: Dynamic PV (ext4)] volumes should store data" classname="Kubernetes e2e suite" status="skipped" time="0">
              <skipped message="skipped"></skipped>
          </testcase>
          <testcase name="[It] [sig-storage] In-tree Volumes [Driver: aws] [Testpattern: Dynamic PV (block volmode)] volumes should store data" classname="Kubernetes e2e suite" status="skipped" time="0">
              <skipped message="skipped"></skipped>
          </testcase>
          <testcase name="[It] [sig-storage] CSI Volumes [Driver: pd.csi.storage.gke.io] [Serial] [Testpattern: Dynamic PV (default fs)] provisioning should provision storage with pvc data source" classname="Kubernetes e2e suite" status="skipped" time="0">
              <skipped message="skipped"></skipped>
          </testcase>
          <testcase name="[It] [sig-storage] In-tree Volumes [Driver: cinder] [Testpattern: Dynamic PV (ntfs)] [Feature:Windows] provisioning should provision storage with pvc data source (ROX mode)" classname="Kubernetes e2e suite" status="skipped" time="0">
              <skipped message="skipped"></skipped>
          </testcase>
          <testcase name="[It] [sig-storage] CSI Volumes [Driver: csi-hostpath] [Testpattern: Dynamic PV (ntfs)] [Feature:Windows] provisioning should provision storage with pvc data source (ROX mode)" classname="Kubernetes e2e suite" status="skipped" time="0">
              <skipped message="skipped"></skipped>
          </testcase>
          <testcase name="[It] [sig-storage] CSI Volumes [Driver: pd.csi.storage.gke.io] [Serial] [Testpattern: Dynamic PV (block volmode)] volume-expand should not allow expansion of pvcs without AllowVolumeExpansion property" classname="Kubernetes e2e suite" status="skipped" time="0">
              <skipped message="skipped"></skipped>
          </testcase>
          <testcase name="[It] [sig-storage] In-tree Volumes [Driver: iscsi] [Feature:Volumes] [Testpattern: Dynamic PV (block volmode)] multiVolume [Slow] should access to two volumes with different volume mode and retain data across pod recreation on different node" classname="Kubernetes e2e suite" status="skipped" time="0">
              <skipped message="skipped"></skipped>
          </testcase>
          <testcase name="[It] [sig-auth] ServiceAccounts ServiceAccountIssuerDiscovery should support OIDC discovery of service account issuer [Conformance]" classname="Kubernetes e2e suite" status="passed" time="32.101134626"></testcase>
          <testcase name="[It] [sig-storage] In-tree Volumes [Driver: local] [LocalVolumeType: blockfs] [Testpattern: Dynamic PV (ext4)] multiVolume [Slow] should access to two volumes with the same volume mode and retain data across pod recreation on the same node" classname="Kubernetes e2e suite" status="skipped" time="0">
              <skipped message="skipped"></skipped>
          </testcase>
          <testcase name="[It] [sig-apps] StatefulSet Basic StatefulSet functionality [StatefulSetBasic] Should recreate evicted statefulset [Conformance]" classname="Kubernetes e2e suite" status="passed" time="14.216886965"></testcase>
          <testcase name="[It] [sig-storage] PersistentVolumes CSI Conformance should run through the lifecycle of a PV and a PVC [Conformance]" classname="Kubernetes e2e suite" status="passed" time="8.228684454"></testcase>
          <testcase name="[It] [sig-storage] In-tree Volumes [Driver: azure-disk] [Testpattern: Dynamic PV (immediate binding)] topology should fail to schedule a pod which has topologies that conflict with AllowedTopologies" classname="Kubernetes e2e suite" status="skipped" time="0">
              <skipped message="skipped"></skipped>
          </testcase>
          <testcase name="[It] [sig-storage] CSI Volumes [Driver: csi-hostpath] [Testpattern: Inline-volume (default fs)] subPath should unmount if pod is force deleted while kubelet is down [Disruptive] [Slow] [LinuxOnly]" classname="Kubernetes e2e suite" status="skipped" time="0">
              <skipped message="skipped"></skipped>
          </testcase>
          <testcase name="[It] [sig-storage] In-tree Volumes [Driver: azure-disk] [Testpattern: Generic Ephemeral-volume (default fs)] volumeLimits should verify that all csinodes have volume limits" classname="Kubernetes e2e suite" status="skipped" time="0">
              <skipped message="skipped"></skipped>
          </testcase>
          <testcase name="[It] [sig-storage] In-tree Volumes [Driver: local] [LocalVolumeType: tmpfs] [Testpattern: Dynamic PV (ntfs)] [Feature:Windows] multiVolume [Slow] should concurrently access the single read-only volume from pods on the same node" classname="Kubernetes e2e suite" status="skipped" time="0">
              <skipped message="skipped"></skipped>
          </testcase>
          <testcase name="[It] [sig-storage] In-tree Volumes [Driver: ceph] [Feature:Volumes] [Serial] [Testpattern: Dynamic PV (ntfs)] [Feature:Windows] volumes should store data" classname="Kubernetes e2e suite" status="skipped" time="0">
              <skipped message="skipped"></skipped>
          </testcase>
          <testcase name="[It] [sig-storage] In-tree Volumes [Driver: local] [LocalVolumeType: dir-link] [Testpattern: Dynamic PV (ntfs)] [Feature:Windows] multiVolume [Slow] should concurrently access the single volume from pods on the same node" classname="Kubernetes e2e suite" status="skipped" time="0">
              <skipped message="skipped"></skipped>
          </testcase>
          <testcase name="[It] [sig-node] [NodeAlphaFeature:SidecarContainers] [Feature:SidecarContainers] Probing restartable init container should have monotonically increasing restart count" classname="Kubernetes e2e suite" status="skipped" time="0">
              <skipped message="skipped"></skipped>
          </testcase>
          <testcase name="[It] [sig-storage] In-tree Volumes [Driver: local] [LocalVolumeType: block] [Testpattern: Dynamic PV (ext4)] multiVolume [Slow] should access to two volumes with the same volume mode and retain data across pod recreation on the same node" classname="Kubernetes e2e suite" status="skipped" time="0">
              <skipped message="skipped"></skipped>
          </testcase>
          <testcase name="[It] [sig-storage] In-tree Volumes [Driver: local] [LocalVolumeType: gce-localssd-scsi-fs] [Serial] [Testpattern: Dynamic PV (xfs)] [Slow] multiVolume [Slow] should access to two volumes with different volume mode and retain data across pod recreation on different node" classname="Kubernetes e2e suite" status="skipped" time="0">
              <skipped message="skipped"></skipped>
          </testcase>
          <testcase name="[It] [sig-storage] In-tree Volumes [Driver: emptydir] [Testpattern: Dynamic PV (block volmode)] disruptive [Disruptive] [LinuxOnly] Should test that pv used in a pod that is force deleted while the kubelet is down cleans up when the kubelet returns." classname="Kubernetes e2e suite" status="skipped" time="0">
              <skipped message="skipped"></skipped>
          </testcase>
          <testcase name="[It] [sig-storage] In-tree Volumes [Driver: local] [LocalVolumeType: dir-link] [Testpattern: Pre-provisioned PV (block volmode)] multiVolume [Slow] should access to two volumes with the same volume mode and retain data across pod recreation on different node" classname="Kubernetes e2e suite" status="skipped" time="0">
              <skipped message="skipped"></skipped>
          </testcase>
          <testcase name="[It] [sig-storage] Projected secret Should fail non-optional pod creation due to secret object does not exist [Slow]" classname="Kubernetes e2e suite" status="skipped" time="0">
              <skipped message="skipped"></skipped>
          </testcase>
          <testcase name="[It] [sig-storage] In-tree Volumes [Driver: aws] [Testpattern: Dynamic PV (block volmode)(allowExpansion)] volume-expand should resize volume when PVC is edited while pod is using it" classname="Kubernetes e2e suite" status="skipped" time="0">
              <skipped message="skipped"></skipped>
          </testcase>
          <testcase name="[It] [sig-storage] In-tree Volumes [Driver: vsphere] [Testpattern: Pre-provisioned PV (filesystem volmode)] multiVolume [Slow] should access to two volumes with the same volume mode and retain data across pod recreation on the same node" classname="Kubernetes e2e suite" status="skipped" time="0">
              <skipped message="skipped"></skipped>
          </testcase>
          <testcase name="[It] [sig-apps] Deployment deployment should delete old replica sets [Conformance]" classname="Kubernetes e2e suite" status="passed" time="5.125971132"></testcase>
          <testcase name="[It] [sig-storage] In-tree Volumes [Driver: rbd] [Feature:Volumes] [Serial] [Testpattern: Pre-provisioned PV (default fs)] subPath should support creating multiple subpath from same volumes [Slow]" classname="Kubernetes e2e suite" status="skipped" time="0">
              <skipped message="skipped"></skipped>
          </testcase>
          <testcase name="[It] [sig-storage] In-tree Volumes [Driver: aws] [Testpattern: Pre-provisioned PV (ext3)] volumes should store data" classname="Kubernetes e2e suite" status="skipped" time="0">
              <skipped message="skipped"></skipped>
          </testcase>
          <testcase name="[It] [sig-network] NoSNAT [Feature:NoSNAT] [Slow] Should be able to send traffic between Pods without SNAT" classname="Kubernetes e2e suite" status="skipped" time="0">
              <skipped message="skipped"></skipped>
          </testcase>
          <testcase name="[It] [sig-storage] In-tree Volumes [Driver: local] [LocalVolumeType: tmpfs] [Testpattern: Pre-provisioned PV (block volmode)] multiVolume [Slow] should access to two volumes with the same volume mode and retain data across pod recreation on the same node" classname="Kubernetes e2e suite" status="skipped" time="0">
              <skipped message="skipped"></skipped>
          </testcase>
          <testcase name="[It] [sig-storage] In-tree Volumes [Driver: azure-file] [Testpattern: Dynamic PV (ntfs)] [Feature:Windows] subPath should fail if subpath with backstepping is outside the volume [Slow] [LinuxOnly]" classname="Kubernetes e2e suite" status="skipped" time="0">
              <skipped message="skipped"></skipped>
          </testcase>
          <testcase name="[It] [sig-storage] In-tree Volumes [Driver: hostPath] [Testpattern: Dynamic PV (ntfs)] [Feature:Windows] subPath should fail if subpath with backstepping is outside the volume [Slow] [LinuxOnly]" classname="Kubernetes e2e suite" status="skipped" time="0">
              <skipped message="skipped"></skipped>
          </testcase>
          <testcase name="[It] [sig-storage] In-tree Volumes [Driver: iscsi] [Feature:Volumes] [Testpattern: Dynamic PV (ext4)] volumes should allow exec of files on the volume" classname="Kubernetes e2e suite" status="skipped" time="0">
              <skipped message="skipped"></skipped>
          </testcase>
          <testcase name="[It] [sig-storage] HostPathType Block Device [Slow] Should fail on mounting block device &#39;ablkdev&#39; when HostPathType is HostPathCharDev" classname="Kubernetes e2e suite" status="skipped" time="0">
              <skipped message="skipped"></skipped>
          </testcase>
          <testcase name="[It] [sig-storage] In-tree Volumes [Driver: azure-file] [Testpattern: Dynamic PV (default fs)] subPath should support readOnly directory specified in the volumeMount" classname="Kubernetes e2e suite" status="skipped" time="0">
              <skipped message="skipped"></skipped>
          </testcase>
          <testcase name="[It] [sig-api-machinery] Namespaces [Serial] should apply an update to a Namespace [Conformance]" classname="Kubernetes e2e suite" status="passed" time="0.052029729"></testcase>
          <testcase name="[It] [sig-storage] In-tree Volumes [Driver: aws] [Testpattern: Generic Ephemeral-volume (default fs) (immediate-binding)] ephemeral should support two pods which have the same volume definition" classname="Kubernetes e2e suite" status="skipped" time="0">
              <skipped message="skipped"></skipped>
          </testcase>
          <testcase name="[It] [sig-storage] In-tree Volumes [Driver: local] [LocalVolumeType: gce-localssd-scsi-fs] [Serial] [Testpattern: Pre-provisioned PV (filesystem volmode)] multiVolume [Slow] should concurrently access the volume and restored snapshot from pods on the same node [LinuxOnly] [Feature:VolumeSnapshotDataSource] [Feature:VolumeSourceXFS]" classname="Kubernetes e2e suite" status="skipped" time="0">
              <skipped message="skipped"></skipped>
          </testcase>
          <testcase name="[It] [sig-storage] CSI Mock volume attach CSI attach test using mock driver should preserve attachment policy when no CSIDriver present" classname="Kubernetes e2e suite" status="skipped" time="0">
              <skipped message="skipped"></skipped>
          </testcase>
          <testcase name="[It] [sig-storage] In-tree Volumes [Driver: local] [LocalVolumeType: gce-localssd-scsi-fs] [Serial] [Testpattern: Pre-provisioned PV (xfs)] [Slow] volumes should allow exec of files on the volume" classname="Kubernetes e2e suite" status="skipped" time="0">
              <skipped message="skipped"></skipped>
          </testcase>
          <testcase name="[It] [sig-storage] In-tree Volumes [Driver: hostPath] [Testpattern: Dynamic PV (ntfs)] [Feature:Windows] multiVolume [Slow] should access to two volumes with the same volume mode and retain data across pod recreation on the same node" classname="Kubernetes e2e suite" status="skipped" time="0">
              <skipped message="skipped"></skipped>
          </testcase>
          <testcase name="[It] [sig-autoscaling] [HPA] [Feature:CustomMetricsAutoscaling] Horizontal pod autoscaling (scale resource: Custom Metrics from Stackdriver) with External Metric from Stackdriver should scale down with target value" classname="Kubernetes e2e suite" status="skipped" time="0">
              <skipped message="skipped"></skipped>
          </testcase>
          <testcase name="[It] [sig-storage] In-tree Volumes [Driver: ceph] [Feature:Volumes] [Serial] [Testpattern: Dynamic PV (block volmode)] provisioning should provision storage with pvc data source" classname="Kubernetes e2e suite" status="skipped" time="0">
              <skipped message="skipped"></skipped>
          </testcase>
          <testcase name="[It] [sig-storage] In-tree Volumes [Driver: local] [LocalVolumeType: dir-bindmounted] [Testpattern: Dynamic PV (ntfs)] [Feature:Windows] multiVolume [Slow] should concurrently access the single volume from pods on different node" classname="Kubernetes e2e suite" status="skipped" time="0">
              <skipped message="skipped"></skipped>
          </testcase>
          <testcase name="[It] [sig-storage] In-tree Volumes [Driver: hostPath] [Testpattern: Dynamic PV (default fs)] subPath should support restarting containers using file as subpath [Slow] [LinuxOnly]" classname="Kubernetes e2e suite" status="skipped" time="0">
              <skipped message="skipped"></skipped>
          </testcase>
          <testcase name="[It] [sig-storage] In-tree Volumes [Driver: local] [LocalVolumeType: dir] [Testpattern: Dynamic PV (default fs)] subPath should support file as subpath [LinuxOnly]" classname="Kubernetes e2e suite" status="skipped" time="0">
              <skipped message="skipped"></skipped>
          </testcase>
          <testcase name="[It] [sig-storage] In-tree Volumes [Driver: iscsi] [Feature:Volumes] [Testpattern: Pre-provisioned PV (default fs)] subPath should support existing directories when readOnly specified in the volumeSource" classname="Kubernetes e2e suite" status="skipped" time="0">
              <skipped message="skipped"></skipped>
          </testcase>
          <testcase name="[It] [sig-storage] In-tree Volumes [Driver: vsphere] [Testpattern: Dynamic PV (default fs)] provisioning should provision correct filesystem size when restoring snapshot to larger size pvc [Feature:VolumeSnapshotDataSource]" classname="Kubernetes e2e suite" status="skipped" time="0">
              <skipped message="skipped"></skipped>
          </testcase>
          <testcase name="[It] [sig-node] Security Context When creating a container with runAsUser should run the container with uid 65534 [LinuxOnly] [NodeConformance] [Conformance]" classname="Kubernetes e2e suite" status="passed" time="4.069194267"></testcase>
          <testcase name="[It] [sig-storage] In-tree Volumes [Driver: hostPathSymlink] [Testpattern: Dynamic PV (xfs)] [Slow] multiVolume [Slow] should access to two volumes with different volume mode and retain data across pod recreation on different node" classname="Kubernetes e2e suite" status="skipped" time="0">
              <skipped message="skipped"></skipped>
          </testcase>
          <testcase name="[It] [sig-storage] In-tree Volumes [Driver: cinder] [Testpattern: Pre-provisioned PV (default fs)] subPath should support file as subpath [LinuxOnly]" classname="Kubernetes e2e suite" status="skipped" time="0">
              <skipped message="skipped"></skipped>
          </testcase>
          <testcase name="[It] [sig-storage] In-tree Volumes [Driver: local] [LocalVolumeType: dir] [Testpattern: Inline-volume (default fs)] subPath should support non-existent path" classname="Kubernetes e2e suite" status="skipped" time="0">
              <skipped message="skipped"></skipped>
          </testcase>
          <testcase name="[It] [sig-network] Networking Granular Checks: Pods should function for intra-pod communication: udp [NodeConformance] [Conformance]" classname="Kubernetes e2e suite" status="passed" time="24.714809418"></testcase>
          <testcase name="[It] [sig-storage] In-tree Volumes [Driver: ceph] [Feature:Volumes] [Serial] [Testpattern: Dynamic PV (xfs)] [Slow] multiVolume [Slow] should concurrently access the volume and its clone from pods on the same node [LinuxOnly] [Feature:VolumeSourceXFS]" classname="Kubernetes e2e suite" status="skipped" time="0">
              <skipped message="skipped"></skipped>
          </testcase>
          <testcase name="[It] [sig-storage] In-tree Volumes [Driver: nfs] [Testpattern: Dynamic PV (block volmode)] multiVolume [Slow] should concurrently access the volume and restored snapshot from pods on the same node [LinuxOnly] [Feature:VolumeSnapshotDataSource] [Feature:VolumeSourceXFS]" classname="Kubernetes e2e suite" status="skipped" time="0">
              <skipped message="skipped"></skipped>
          </testcase>
          <testcase name="[It] [sig-storage] In-tree Volumes [Driver: hostPath] [Testpattern: Dynamic PV (block volmode)] volume-expand should not allow expansion of pvcs without AllowVolumeExpansion property" classname="Kubernetes e2e suite" status="skipped" time="0">
              <skipped message="skipped"></skipped>
          </testcase>
          <testcase name="[It] [sig-node] Variable Expansion should allow substituting values in a container&#39;s command [NodeConformance] [Conformance]" classname="Kubernetes e2e suite" status="passed" time="4.10237643"></testcase>
          <testcase name="[It] [sig-storage] CSI Volumes [Driver: pd.csi.storage.gke.io] [Serial] [Testpattern: Dynamic PV (ext4)] multiVolume [Slow] should concurrently access the single volume from pods on the same node" classname="Kubernetes e2e suite" status="skipped" time="0">
              <skipped message="skipped"></skipped>
          </testcase>
          <testcase name="[It] [sig-storage] In-tree Volumes [Driver: azure-file] [Testpattern: Dynamic PV (default fs)] provisioning should provision storage with any volume data source [Serial]" classname="Kubernetes e2e suite" status="skipped" time="0">
              <skipped message="skipped"></skipped>
          </testcase>
          <testcase name="[It] [sig-storage] In-tree Volumes [Driver: local] [LocalVolumeType: dir] [Testpattern: Pre-provisioned PV (block volmode)] volumeMode should fail to use a volume in a pod with mismatched mode [Slow]" classname="Kubernetes e2e suite" status="skipped" time="0">
              <skipped message="skipped"></skipped>
          </testcase>
          <testcase name="[It] [sig-storage] In-tree Volumes [Driver: local] [LocalVolumeType: dir-bindmounted] [Testpattern: Dynamic PV (block volmode)] volumeMode should fail to use a volume in a pod with mismatched mode [Slow]" classname="Kubernetes e2e suite" status="skipped" time="0">
              <skipped message="skipped"></skipped>
          </testcase>
          <testcase name="[It] [sig-storage] In-tree Volumes [Driver: local] [LocalVolumeType: blockfs] [Testpattern: Generic Ephemeral-volume (default fs) (late-binding)] ephemeral should support two pods which have the same volume definition" classname="Kubernetes e2e suite" status="skipped" time="0">
              <skipped message="skipped"></skipped>
          </testcase>
          <testcase name="[It] [sig-storage] In-tree Volumes [Driver: azure-file] [Testpattern: Pre-provisioned PV (block volmode)] multiVolume [Slow] should concurrently access the single volume from pods on different node" classname="Kubernetes e2e suite" status="skipped" time="0">
              <skipped message="skipped"></skipped>
          </testcase>
          <testcase name="[It] [sig-storage] In-tree Volumes [Driver: azure-file] [Testpattern: Dynamic PV (block volmode)] volume-expand should not allow expansion of pvcs without AllowVolumeExpansion property" classname="Kubernetes e2e suite" status="skipped" time="0">
              <skipped message="skipped"></skipped>
          </testcase>
          <testcase name="[It] [sig-storage] In-tree Volumes [Driver: azure-file] [Testpattern: Dynamic PV (ntfs)] [Feature:Windows] subPath should fail if subpath directory is outside the volume [Slow] [LinuxOnly]" classname="Kubernetes e2e suite" status="skipped" time="0">
              <skipped message="skipped"></skipped>
          </testcase>
          <testcase name="[It] [sig-storage] In-tree Volumes [Driver: aws] [Testpattern: Pre-provisioned PV (ntfs)] [Feature:Windows] volumes should allow exec of files on the volume" classname="Kubernetes e2e suite" status="skipped" time="0">
              <skipped message="skipped"></skipped>
          </testcase>
          <testcase name="[It] [sig-storage] In-tree Volumes [Driver: iscsi] [Feature:Volumes] [Testpattern: Dynamic PV (ext4)] multiVolume [Slow] should access to two volumes with different volume mode and retain data across pod recreation on different node" classname="Kubernetes e2e suite" status="skipped" time="0">
              <skipped message="skipped"></skipped>
          </testcase>
          <testcase name="[It] [sig-storage] In-tree Volumes [Driver: emptydir] [Testpattern: Pre-provisioned PV (filesystem volmode)] multiVolume [Slow] should concurrently access the volume and restored snapshot from pods on the same node [LinuxOnly] [Feature:VolumeSnapshotDataSource] [Feature:VolumeSourceXFS]" classname="Kubernetes e2e suite" status="skipped" time="0">
              <skipped message="skipped"></skipped>
          </testcase>
          <testcase name="[It] [sig-storage] In-tree Volumes [Driver: azure-disk] [Testpattern: Dynamic PV (filesystem volmode)] multiVolume [Slow] should concurrently access the single volume from pods on different node" classname="Kubernetes e2e suite" status="skipped" time="0">
              <skipped message="skipped"></skipped>
          </testcase>
          <testcase name="[It] [sig-storage] In-tree Volumes [Driver: hostPathSymlink] [Testpattern: Dynamic PV (filesystem volmode)] disruptive [Disruptive] [LinuxOnly] Should test that pv used in a pod that is deleted while the kubelet is down is usable by a new pod when kubelet returns [Feature:SELinux]" classname="Kubernetes e2e suite" status="skipped" time="0">
              <skipped message="skipped"></skipped>
          </testcase>
          <testcase name="[It] [sig-storage] In-tree Volumes [Driver: aws] [Testpattern: Dynamic PV (default fs)] fsgroupchangepolicy (OnRootMismatch)[LinuxOnly], pod created with an initial fsgroup, volume contents ownership changed via chgrp in first pod, new pod with same fsgroup skips ownership changes to the volume contents" classname="Kubernetes e2e suite" status="skipped" time="0">
              <skipped message="skipped"></skipped>
          </testcase>
          <testcase name="[It] [sig-storage] In-tree Volumes [Driver: azure-disk] [Testpattern: Pre-provisioned PV (default fs)] volumes should store data" classname="Kubernetes e2e suite" status="skipped" time="0">
              <skipped message="skipped"></skipped>
          </testcase>
          <testcase name="[It] [sig-storage] In-tree Volumes [Driver: iscsi] [Feature:Volumes] [Testpattern: Dynamic PV (xfs)] [Slow] multiVolume [Slow] should concurrently access the single read-only volume from pods on the same node" classname="Kubernetes e2e suite" status="skipped" time="0">
              <skipped message="skipped"></skipped>
          </testcase>
          <testcase name="[It] [sig-storage] In-tree Volumes [Driver: vsphere] [Testpattern: Dynamic PV (ntfs)] [Feature:Windows] multiVolume [Slow] should access to two volumes with different volume mode and retain data across pod recreation on the same node" classname="Kubernetes e2e suite" status="skipped" time="0">
              <skipped message="skipped"></skipped>
          </testcase>
          <testcase name="[It] [sig-network] Networking Granular Checks: Services should update nodePort: http [Slow]" classname="Kubernetes e2e suite" status="skipped" time="0">
              <skipped message="skipped"></skipped>
          </testcase>
          <testcase name="[It] [sig-storage] In-tree Volumes [Driver: local] [LocalVolumeType: dir] [Testpattern: Dynamic PV (xfs)] [Slow] volumes should allow exec of files on the volume" classname="Kubernetes e2e suite" status="skipped" time="0">
              <skipped message="skipped"></skipped>
          </testcase>
          <testcase name="[It] [sig-network] LoadBalancers should be able to create an internal type load balancer [Slow]" classname="Kubernetes e2e suite" status="skipped" time="0">
              <skipped message="skipped"></skipped>
          </testcase>
          <testcase name="[It] [sig-storage] In-tree Volumes [Driver: local] [LocalVolumeType: blockfs] [Testpattern: Inline-volume (default fs)] subPath should support creating multiple subpath from same volumes [Slow]" classname="Kubernetes e2e suite" status="skipped" time="0">
              <skipped message="skipped"></skipped>
          </testcase>
          <testcase name="[It] [sig-network] Services should serve multiport endpoints from pods [Conformance]" classname="Kubernetes e2e suite" status="passed" time="10.282234889"></testcase>
          <testcase name="[It] [sig-storage] CSI Volumes [Driver: csi-hostpath] [Testpattern: Pre-provisioned Snapshot (delete policy)] snapshottable [Feature:VolumeSnapshotDataSource] volume snapshot controller  should check snapshot fields, check restore correctly works after modifying source data, check deletion (persistent)" classname="Kubernetes e2e suite" status="skipped" time="0">
              <skipped message="skipped"></skipped>
          </testcase>
          <testcase name="[It] [sig-storage] In-tree Volumes [Driver: azure-file] [Testpattern: Pre-provisioned PV (default fs)] subPath should fail if subpath with backstepping is outside the volume [Slow] [LinuxOnly]" classname="Kubernetes e2e suite" status="skipped" time="0">
              <skipped message="skipped"></skipped>
          </testcase>
          <testcase name="[It] [sig-storage] In-tree Volumes [Driver: azure-disk] [Testpattern: Generic Ephemeral-volume (default fs) (late-binding)] ephemeral should support two pods which have the same volume definition" classname="Kubernetes e2e suite" status="skipped" time="0">
              <skipped message="skipped"></skipped>
          </testcase>
          <testcase name="[It] [sig-storage] In-tree Volumes [Driver: cinder] [Testpattern: Dynamic PV (default fs)] provisioning should provision storage with pvc data source" classname="Kubernetes e2e suite" status="skipped" time="0">
              <skipped message="skipped"></skipped>
          </testcase>
          <testcase name="[It] [sig-storage] In-tree Volumes [Driver: aws] [Testpattern: Generic Ephemeral-volume (default fs) (late-binding)] ephemeral should support multiple inline ephemeral volumes" classname="Kubernetes e2e suite" status="skipped" time="0">
              <skipped message="skipped"></skipped>
          </testcase>
          <testcase name="[It] [sig-network] [Feature:IPv6DualStack] should create service with ipv6 cluster ip" classname="Kubernetes e2e suite" status="skipped" time="0">
              <skipped message="skipped"></skipped>
          </testcase>
          <testcase name="[It] [sig-storage] In-tree Volumes [Driver: hostPath] [Testpattern: Dynamic PV (block volmode)] multiVolume [Slow] should access to two volumes with the same volume mode and retain data across pod recreation on the same node" classname="Kubernetes e2e suite" status="skipped" time="0">
              <skipped message="skipped"></skipped>
          </testcase>
          <testcase name="[It] [sig-storage] In-tree Volumes [Driver: local] [LocalVolumeType: tmpfs] [Testpattern: Dynamic PV (ntfs)] [Feature:Windows] subPath should verify container cannot write to subpath readonly volumes [Slow]" classname="Kubernetes e2e suite" status="skipped" time="0">
              <skipped message="skipped"></skipped>
          </testcase>
          <testcase name="[It] [sig-storage] In-tree Volumes [Driver: azure-file] [Testpattern: Dynamic PV (default fs)] subPath should unmount if pod is force deleted while kubelet is down [Disruptive] [Slow] [LinuxOnly]" classname="Kubernetes e2e suite" status="skipped" time="0">
              <skipped message="skipped"></skipped>
          </testcase>
          <testcase name="[It] [sig-network] Services should be rejected for evicted pods (no endpoints exist)" classname="Kubernetes e2e suite" status="skipped" time="0">
              <skipped message="skipped"></skipped>
          </testcase>
          <testcase name="[It] [sig-storage] In-tree Volumes [Driver: iscsi] [Feature:Volumes] [Testpattern: Dynamic PV (ntfs)] [Feature:Windows] subPath should fail if non-existent subpath is outside the volume [Slow] [LinuxOnly]" classname="Kubernetes e2e suite" status="skipped" time="0">
              <skipped message="skipped"></skipped>
          </testcase>
          <testcase name="[It] [sig-apps] Job should allow to use the pod failure policy to not count the failure towards the backoffLimit" classname="Kubernetes e2e suite" status="skipped" time="0">
              <skipped message="skipped"></skipped>
          </testcase>
          <testcase name="[It] [sig-network] Loadbalancing: L7 GCE [Slow] [Feature:NEG] rolling update backend pods should not cause service disruption" classname="Kubernetes e2e suite" status="skipped" time="0">
              <skipped message="skipped"></skipped>
          </testcase>
          <testcase name="[It] [sig-node] Container Runtime blackbox test on terminated container should report termination message from log output if TerminationMessagePolicy FallbackToLogsOnError is set [NodeConformance] [Conformance]" classname="Kubernetes e2e suite" status="passed" time="3.09981938"></testcase>
          <testcase name="[It] [sig-node] DRA [Feature:DynamicResourceAllocation] cluster retries pod scheduling after creating resource class" classname="Kubernetes e2e suite" status="skipped" time="0">
              <skipped message="skipped"></skipped>
          </testcase>
          <testcase name="[It] [sig-api-machinery] Servers with support for Table transformation should return chunks of table results for list calls" classname="Kubernetes e2e suite" status="skipped" time="0">
              <skipped message="skipped"></skipped>
          </testcase>
          <testcase name="[It] [sig-storage] In-tree Volumes [Driver: local] [LocalVolumeType: tmpfs] [Testpattern: Dynamic PV (default fs)] subPath should support existing single file [LinuxOnly]" classname="Kubernetes e2e suite" status="skipped" time="0">
              <skipped message="skipped"></skipped>
          </testcase>
          <testcase name="[It] [sig-storage] In-tree Volumes [Driver: hostPath] [Testpattern: Dynamic PV (block volmode)] multiVolume [Slow] should access to two volumes with the same volume mode and retain data across pod recreation on different node" classname="Kubernetes e2e suite" status="skipped" time="0">
              <skipped message="skipped"></skipped>
          </testcase>
          <testcase name="[It] [sig-storage] In-tree Volumes [Driver: local] [LocalVolumeType: blockfs] [Testpattern: Generic Ephemeral-volume (default fs) (late-binding)] ephemeral should create read/write inline ephemeral volume" classname="Kubernetes e2e suite" status="skipped" time="0">
              <skipped message="skipped"></skipped>
          </testcase>
          <testcase name="[It] [sig-storage] Projected secret should be consumable in multiple volumes in a pod [NodeConformance] [Conformance]" classname="Kubernetes e2e suite" status="passed" time="4.13167907"></testcase>
          <testcase name="[It] [sig-storage] In-tree Volumes [Driver: local] [LocalVolumeType: blockfs] [Testpattern: Generic Ephemeral-volume (default fs) (immediate-binding)] ephemeral should create read/write inline ephemeral volume" classname="Kubernetes e2e suite" status="skipped" time="0">
              <skipped message="skipped"></skipped>
          </testcase>
          <testcase name="[It] [sig-storage] CSI Volumes [Driver: pd.csi.storage.gke.io] [Serial] [Testpattern: Pre-provisioned PV (default fs)] subPath should support non-existent path" classname="Kubernetes e2e suite" status="skipped" time="0">
              <skipped message="skipped"></skipped>
          </testcase>
          <testcase name="[It] [sig-storage] In-tree Volumes [Driver: vsphere] [Testpattern: Pre-provisioned PV (default fs)] subPath should support existing single file [LinuxOnly]" classname="Kubernetes e2e suite" status="skipped" time="0">
              <skipped message="skipped"></skipped>
          </testcase>
          <testcase name="[It] [sig-storage] In-tree Volumes [Driver: iscsi] [Feature:Volumes] [Testpattern: Dynamic PV (ntfs)(allowExpansion)] [Feature:Windows] volume-expand Verify if offline PVC expansion works" classname="Kubernetes e2e suite" status="skipped" time="0">
              <skipped message="skipped"></skipped>
          </testcase>
          <testcase name="[It] [sig-storage] Zone Support [Feature:vsphere] Verify a pod is created and attached to a dynamically created PV with storage policy specified in storage class in waitForFirstConsumer binding mode" classname="Kubernetes e2e suite" status="skipped" time="0">
              <skipped message="skipped"></skipped>
          </testcase>
          <testcase name="[It] [sig-storage] In-tree Volumes [Driver: azure-file] [Testpattern: Dynamic PV (default fs)] fsgroupchangepolicy (OnRootMismatch)[LinuxOnly], pod created with an initial fsgroup, new pod fsgroup applied to volume contents" classname="Kubernetes e2e suite" status="skipped" time="0">
              <skipped message="skipped"></skipped>
          </testcase>
          <testcase name="[It] [sig-storage] In-tree Volumes [Driver: vsphere] [Testpattern: Inline-volume (default fs)] subPath should be able to unmount after the subpath directory is deleted [LinuxOnly]" classname="Kubernetes e2e suite" status="skipped" time="0">
              <skipped message="skipped"></skipped>
          </testcase>
          <testcase name="[It] [sig-storage] In-tree Volumes [Driver: local] [LocalVolumeType: tmpfs] [Testpattern: Pre-provisioned PV (default fs)] subPath should support non-existent path" classname="Kubernetes e2e suite" status="skipped" time="0">
              <skipped message="skipped"></skipped>
          </testcase>
          <testcase name="[It] [sig-storage] In-tree Volumes [Driver: local] [LocalVolumeType: dir] [Testpattern: Dynamic PV (ntfs)] [Feature:Windows] provisioning should provision storage with any volume data source [Serial]" classname="Kubernetes e2e suite" status="skipped" time="0">
              <skipped message="skipped"></skipped>
          </testcase>
          <testcase name="[It] [sig-storage] CSI Volumes [Driver: csi-hostpath] [Testpattern: Dynamic PV (ext4)] multiVolume [Slow] should access to two volumes with the same volume mode and retain data across pod recreation on the same node" classname="Kubernetes e2e suite" status="skipped" time="0">
              <skipped message="skipped"></skipped>
          </testcase>
          <testcase name="[It] [sig-storage] CSI Volumes [Driver: csi-hostpath] [Testpattern: Dynamic PV (xfs)] [Slow] multiVolume [Slow] should concurrently access the volume and restored snapshot from pods on the same node [LinuxOnly] [Feature:VolumeSnapshotDataSource] [Feature:VolumeSourceXFS]" classname="Kubernetes e2e suite" status="skipped" time="0">
              <skipped message="skipped"></skipped>
          </testcase>
          <testcase name="[It] [sig-storage] In-tree Volumes [Driver: cinder] [Testpattern: Dynamic PV (filesystem volmode)] multiVolume [Slow] should concurrently access the single volume from pods on different node" classname="Kubernetes e2e suite" status="skipped" time="0">
              <skipped message="skipped"></skipped>
          </testcase>
          <testcase name="[It] [sig-storage] In-tree Volumes [Driver: local] [LocalVolumeType: dir-link-bindmounted] [Testpattern: Dynamic PV (default fs)] subPath should fail if non-existent subpath is outside the volume [Slow] [LinuxOnly]" classname="Kubernetes e2e suite" status="skipped" time="0">
              <skipped message="skipped"></skipped>
          </testcase>
          <testcase name="[It] [sig-storage] PV Protection Verify &#34;immediate&#34; deletion of a PV that is not bound to a PVC" classname="Kubernetes e2e suite" status="skipped" time="0">
              <skipped message="skipped"></skipped>
          </testcase>
          <testcase name="[It] [sig-network] Services should be able to change the type from ClusterIP to ExternalName [Conformance]" classname="Kubernetes e2e suite" status="passed" time="8.306670558"></testcase>
          <testcase name="[It] [sig-network] Services should create endpoints for unready pods" classname="Kubernetes e2e suite" status="skipped" time="0">
              <skipped message="skipped"></skipped>
          </testcase>
          <testcase name="[It] [sig-storage] In-tree Volumes [Driver: aws] [Testpattern: Pre-provisioned PV (default fs)] subPath should support file as subpath [LinuxOnly]" classname="Kubernetes e2e suite" status="skipped" time="0">
              <skipped message="skipped"></skipped>
          </testcase>
          <testcase name="[It] [sig-storage] In-tree Volumes [Driver: hostPathSymlink] [Testpattern: Pre-provisioned PV (filesystem volmode)] multiVolume [Slow] should access to two volumes with different volume mode and retain data across pod recreation on the same node" classname="Kubernetes e2e suite" status="skipped" time="0">
              <skipped message="skipped"></skipped>
          </testcase>
          <testcase name="[It] [sig-storage] In-tree Volumes [Driver: local] [LocalVolumeType: blockfs] [Testpattern: Dynamic PV (immediate binding)] topology should provision a volume and schedule a pod with AllowedTopologies" classname="Kubernetes e2e suite" status="skipped" time="0">
              <skipped message="skipped"></skipped>
          </testcase>
          <testcase name="[It] [sig-storage] CSI Volumes [Driver: csi-hostpath] [Testpattern: Dynamic PV (ntfs)] [Feature:Windows] subPath should fail if non-existent subpath is outside the volume [Slow] [LinuxOnly]" classname="Kubernetes e2e suite" status="skipped" time="0">
              <skipped message="skipped"></skipped>
          </testcase>
          <testcase name="[It] [sig-storage] In-tree Volumes [Driver: rbd] [Feature:Volumes] [Serial] [Testpattern: Generic Ephemeral-volume (default fs) (late-binding)] ephemeral should create read-only inline ephemeral volume" classname="Kubernetes e2e suite" status="skipped" time="0">
              <skipped message="skipped"></skipped>
          </testcase>
          <testcase name="[It] [sig-storage] In-tree Volumes [Driver: local] [LocalVolumeType: blockfs] [Testpattern: Dynamic PV (block volmode)] multiVolume [Slow] should concurrently access the volume and restored snapshot from pods on the same node [LinuxOnly] [Feature:VolumeSnapshotDataSource] [Feature:VolumeSourceXFS]" classname="Kubernetes e2e suite" status="skipped" time="0">
              <skipped message="skipped"></skipped>
          </testcase>
          <testcase name="[It] [sig-storage] In-tree Volumes [Driver: local] [LocalVolumeType: dir-link-bindmounted] [Testpattern: Dynamic PV (default fs)] provisioning should provision storage with snapshot data source [Feature:VolumeSnapshotDataSource]" classname="Kubernetes e2e suite" status="skipped" time="0">
              <skipped message="skipped"></skipped>
          </testcase>
          <testcase name="[It] [sig-storage] In-tree Volumes [Driver: local] [LocalVolumeType: blockfs] [Testpattern: Inline-volume (default fs)] subPath should unmount if pod is force deleted while kubelet is down [Disruptive] [Slow] [LinuxOnly]" classname="Kubernetes e2e suite" status="skipped" time="0">
              <skipped message="skipped"></skipped>
          </testcase>
          <testcase name="[It] [sig-storage] In-tree Volumes [Driver: azure-disk] [Testpattern: Dynamic PV (ntfs)] [Feature:Windows] multiVolume [Slow] should concurrently access the single volume from pods on the same node" classname="Kubernetes e2e suite" status="skipped" time="0">
              <skipped message="skipped"></skipped>
          </testcase>
          <testcase name="[It] [sig-storage] In-tree Volumes [Driver: rbd] [Feature:Volumes] [Serial] [Testpattern: Dynamic PV (xfs)] [Slow] volumes should allow exec of files on the volume" classname="Kubernetes e2e suite" status="skipped" time="0">
              <skipped message="skipped"></skipped>
          </testcase>
          <testcase name="[It] [sig-network] Netpol NetworkPolicy between server and client should enforce policy based on NamespaceSelector with MatchExpressions [Feature:NetworkPolicy]" classname="Kubernetes e2e suite" status="skipped" time="0">
              <skipped message="skipped"></skipped>
          </testcase>
          <testcase name="[It] [sig-storage] In-tree Volumes [Driver: vsphere] [Testpattern: Generic Ephemeral-volume (default fs) (late-binding)] ephemeral should support two pods which have the same volume definition" classname="Kubernetes e2e suite" status="skipped" time="0">
              <skipped message="skipped"></skipped>
          </testcase>
          <testcase name="[It] [sig-storage] In-tree Volumes [Driver: cinder] [Testpattern: Dynamic PV (ntfs)] [Feature:Windows] subPath should support creating multiple subpath from same volumes [Slow]" classname="Kubernetes e2e suite" status="skipped" time="0">
              <skipped message="skipped"></skipped>
          </testcase>
          <testcase name="[It] [sig-storage] In-tree Volumes [Driver: rbd] [Feature:Volumes] [Serial] [Testpattern: Dynamic PV (ntfs)] [Feature:Windows] subPath should support existing directory" classname="Kubernetes e2e suite" status="skipped" time="0">
              <skipped message="skipped"></skipped>
          </testcase>
          <testcase name="[It] [sig-storage] In-tree Volumes [Driver: nfs] [Testpattern: Dynamic PV (default fs)] volumes should store data" classname="Kubernetes e2e suite" status="skipped" time="0">
              <skipped message="skipped"></skipped>
          </testcase>
          <testcase name="[It] [sig-storage] In-tree Volumes [Driver: nfs] [Testpattern: Pre-provisioned PV (block volmode)] disruptive [Disruptive] [LinuxOnly] Should test that pv used in a pod that is deleted while the kubelet is down cleans up when the kubelet returns." classname="Kubernetes e2e suite" status="skipped" time="0">
              <skipped message="skipped"></skipped>
          </testcase>
          <testcase name="[It] [sig-storage] In-tree Volumes [Driver: local] [LocalVolumeType: dir-link] [Testpattern: Dynamic PV (filesystem volmode)] multiVolume [Slow] should access to two volumes with the same volume mode and retain data across pod recreation on the same node" classname="Kubernetes e2e suite" status="skipped" time="0">
              <skipped message="skipped"></skipped>
          </testcase>
          <testcase name="[It] [sig-network] IngressClass [Feature:Ingress] should set default value on new IngressClass [Serial]" classname="Kubernetes e2e suite" status="skipped" time="0">
              <skipped message="skipped"></skipped>
          </testcase>
          <testcase name="[It] [sig-storage] In-tree Volumes [Driver: azure-file] [Testpattern: Dynamic PV (block volmode)] disruptive [Disruptive] [LinuxOnly] Should test that pv written before kubelet restart is readable after restart." classname="Kubernetes e2e suite" status="skipped" time="0">
              <skipped message="skipped"></skipped>
          </testcase>
          <testcase name="[It] [sig-network] Networking should provider Internet connection for containers using DNS [Feature:Networking-DNS]" classname="Kubernetes e2e suite" status="skipped" time="0">
              <skipped message="skipped"></skipped>
          </testcase>
          <testcase name="[It] [sig-storage] In-tree Volumes [Driver: local] [LocalVolumeType: dir-link] [Testpattern: Dynamic PV (default fs)] subPath should support file as subpath [LinuxOnly]" classname="Kubernetes e2e suite" status="skipped" time="0">
              <skipped message="skipped"></skipped>
          </testcase>
          <testcase name="[It] [sig-storage] In-tree Volumes [Driver: azure-disk] [Testpattern: Dynamic PV (default fs)] fsgroupchangepolicy (Always)[LinuxOnly], pod created with an initial fsgroup, new pod fsgroup applied to volume contents" classname="Kubernetes e2e suite" status="skipped" time="0">
              <skipped message="skipped"></skipped>
          </testcase>
          <testcase name="[It] [sig-storage] In-tree Volumes [Driver: local] [LocalVolumeType: gce-localssd-scsi-fs] [Serial] [Testpattern: Dynamic PV (filesystem volmode)] disruptive [Disruptive] [LinuxOnly] Should test that pv written before kubelet restart is readable after restart." classname="Kubernetes e2e suite" status="skipped" time="0">
              <skipped message="skipped"></skipped>
          </testcase>
          <testcase name="[It] [sig-storage] CSI Volumes [Driver: pd.csi.storage.gke.io] [Serial] [Testpattern: Pre-provisioned PV (ext3)] volumes should allow exec of files on the volume" classname="Kubernetes e2e suite" status="skipped" time="0">
              <skipped message="skipped"></skipped>
          </testcase>
          <testcase name="[It] [sig-storage] In-tree Volumes [Driver: local] [LocalVolumeType: gce-localssd-scsi-fs] [Serial] [Testpattern: Dynamic PV (block volmode)] provisioning should mount multiple PV pointing to the same storage on the same node" classname="Kubernetes e2e suite" status="skipped" time="0">
              <skipped message="skipped"></skipped>
          </testcase>
          <testcase name="[It] [sig-storage] In-tree Volumes [Driver: nfs] [Testpattern: Dynamic PV (default fs)] capacity provides storage capacity information" classname="Kubernetes e2e suite" status="skipped" time="0">
              <skipped message="skipped"></skipped>
          </testcase>
          <testcase name="[It] [sig-storage] Flexvolumes should be mountable when attachable [Feature:Flexvolumes]" classname="Kubernetes e2e suite" status="skipped" time="0">
              <skipped message="skipped"></skipped>
          </testcase>
          <testcase name="[It] [sig-storage] [Serial] Volume metrics Ephemeral should create prometheus metrics for volume provisioning errors [Slow]" classname="Kubernetes e2e suite" status="skipped" time="0">
              <skipped message="skipped"></skipped>
          </testcase>
          <testcase name="[It] [sig-storage] In-tree Volumes [Driver: iscsi] [Feature:Volumes] [Testpattern: Dynamic PV (filesystem volmode)] disruptive [Disruptive] [LinuxOnly] Should test that pv used in a pod that is deleted while the kubelet is down is usable by a new pod when kubelet returns [Feature:SELinux]" classname="Kubernetes e2e suite" status="skipped" time="0">
              <skipped message="skipped"></skipped>
          </testcase>
          <testcase name="[It] [sig-storage] In-tree Volumes [Driver: emptydir] [Testpattern: Pre-provisioned PV (block volmode)] disruptive [Disruptive] [LinuxOnly] Should test that pv written before kubelet restart is readable after restart." classname="Kubernetes e2e suite" status="skipped" time="0">
              <skipped message="skipped"></skipped>
          </testcase>
          <testcase name="[It] [sig-storage] In-tree Volumes [Driver: vsphere] [Testpattern: Dynamic PV (ntfs)] [Feature:Windows] provisioning should provision storage with pvc data source" classname="Kubernetes e2e suite" status="skipped" time="0">
              <skipped message="skipped"></skipped>
          </testcase>
          <testcase name="[It] [sig-storage] In-tree Volumes [Driver: hostPath] [Testpattern: Pre-provisioned PV (xfs)] [Slow] volumes should store data" classname="Kubernetes e2e suite" status="skipped" time="0">
              <skipped message="skipped"></skipped>
          </testcase>
          <testcase name="[It] [sig-storage] In-tree Volumes [Driver: local] [LocalVolumeType: gce-localssd-scsi-fs] [Serial] [Testpattern: Pre-provisioned PV (filesystem volmode)] volumeMode should fail to use a volume in a pod with mismatched mode [Slow]" classname="Kubernetes e2e suite" status="skipped" time="0">
              <skipped message="skipped"></skipped>
          </testcase>
          <testcase name="[It] [sig-storage] In-tree Volumes [Driver: rbd] [Feature:Volumes] [Serial] [Testpattern: Dynamic PV (ntfs)] [Feature:Windows] subPath should support non-existent path" classname="Kubernetes e2e suite" status="skipped" time="0">
              <skipped message="skipped"></skipped>
          </testcase>
          <testcase name="[It] [sig-network] Netpol NetworkPolicy between server and client should enforce policy based on PodSelector with MatchExpressions [Feature:NetworkPolicy]" classname="Kubernetes e2e suite" status="skipped" time="0">
              <skipped message="skipped"></skipped>
          </testcase>
          <testcase name="[It] [sig-storage] In-tree Volumes [Driver: aws] [Testpattern: Dynamic PV (ext3)] volumes should allow exec of files on the volume" classname="Kubernetes e2e suite" status="skipped" time="0">
              <skipped message="skipped"></skipped>
          </testcase>
          <testcase name="[It] [sig-api-machinery] AdmissionWebhook [Privileged:ClusterAdmin] should honor timeout [Conformance]" classname="Kubernetes e2e suite" status="passed" time="16.199419621"></testcase>
          <testcase name="[It] [sig-storage] In-tree Volumes [Driver: rbd] [Feature:Volumes] [Serial] [Testpattern: Dynamic PV (filesystem volmode)] disruptive [Disruptive] [LinuxOnly] Should test that pv used in a pod that is deleted while the kubelet is down is usable by a new pod when kubelet returns [Feature:SELinux]" classname="Kubernetes e2e suite" status="skipped" time="0">
              <skipped message="skipped"></skipped>
          </testcase>
          <testcase name="[It] [sig-storage] In-tree Volumes [Driver: local] [LocalVolumeType: dir-link-bindmounted] [Testpattern: Generic Ephemeral-volume (default fs) (late-binding)] ephemeral should create read/write inline ephemeral volume" classname="Kubernetes e2e suite" status="skipped" time="0">
              <skipped message="skipped"></skipped>
          </testcase>
          <testcase name="[It] [sig-storage] In-tree Volumes [Driver: local] [LocalVolumeType: tmpfs] [Testpattern: Dynamic PV (ntfs)] [Feature:Windows] subPath should support restarting containers using file as subpath [Slow] [LinuxOnly]" classname="Kubernetes e2e suite" status="skipped" time="0">
              <skipped message="skipped"></skipped>
          </testcase>
          <testcase name="[It] [sig-storage] In-tree Volumes [Driver: local] [LocalVolumeType: gce-localssd-scsi-fs] [Serial] [Testpattern: Generic Ephemeral-volume (block volmode) (late-binding)] ephemeral should create read-only inline ephemeral volume" classname="Kubernetes e2e suite" status="skipped" time="0">
              <skipped message="skipped"></skipped>
          </testcase>
          <testcase name="[It] [sig-storage] [Serial] Volume metrics Ephemeral should create prometheus metrics for volume provisioning and attach/detach" classname="Kubernetes e2e suite" status="skipped" time="0">
              <skipped message="skipped"></skipped>
          </testcase>
          <testcase name="[It] [sig-storage] In-tree Volumes [Driver: rbd] [Feature:Volumes] [Serial] [Testpattern: Dynamic PV (xfs)] [Slow] multiVolume [Slow] should access to two volumes with the same volume mode and retain data across pod recreation on different node" classname="Kubernetes e2e suite" status="skipped" time="0">
              <skipped message="skipped"></skipped>
          </testcase>
          <testcase name="[It] [sig-storage] In-tree Volumes [Driver: emptydir] [Testpattern: Dynamic PV (filesystem volmode)] volumeLimits should support volume limits [Serial]" classname="Kubernetes e2e suite" status="skipped" time="0">
              <skipped message="skipped"></skipped>
          </testcase>
          <testcase name="[It] [sig-storage] In-tree Volumes [Driver: azure-file] [Testpattern: Generic Ephemeral-volume (default fs) (immediate-binding)] ephemeral should support two pods which have the same volume definition" classname="Kubernetes e2e suite" status="skipped" time="0">
              <skipped message="skipped"></skipped>
          </testcase>
          <testcase name="[It] [sig-storage] CSI Volumes [Driver: csi-hostpath] [Testpattern: Pre-provisioned PV (ext4)] volumes should store data" classname="Kubernetes e2e suite" status="skipped" time="0">
              <skipped message="skipped"></skipped>
          </testcase>
          <testcase name="[It] [sig-storage] CSI Volumes [Driver: csi-hostpath] [Testpattern: Dynamic PV (block volmode)] multiVolume [Slow] should access to two volumes with different volume mode and retain data across pod recreation on different node" classname="Kubernetes e2e suite" status="skipped" time="0">
              <skipped message="skipped"></skipped>
          </testcase>
          <testcase name="[It] [sig-network] KubeProxy should set TCP CLOSE_WAIT timeout [Privileged]" classname="Kubernetes e2e suite" status="skipped" time="0">
              <skipped message="skipped"></skipped>
          </testcase>
          <testcase name="[It] [sig-storage] In-tree Volumes [Driver: local] [LocalVolumeType: dir-link-bindmounted] [Testpattern: Dynamic PV (filesystem volmode)] multiVolume [Slow] should concurrently access the single volume from pods on the same node" classname="Kubernetes e2e suite" status="skipped" time="0">
              <skipped message="skipped"></skipped>
          </testcase>
          <testcase name="[It] [sig-storage] [Serial] Volume metrics PVController should create bound pv/pvc count metrics for pvc controller after creating both pv and pvc" classname="Kubernetes e2e suite" status="skipped" time="0">
              <skipped message="skipped"></skipped>
          </testcase>
          <testcase name="[It] [sig-storage] CSI Volumes [Driver: pd.csi.storage.gke.io] [Serial] [Testpattern: Pre-provisioned PV (default fs)] subPath should fail if subpath file is outside the volume [Slow] [LinuxOnly]" classname="Kubernetes e2e suite" status="skipped" time="0">
              <skipped message="skipped"></skipped>
          </testcase>
          <testcase name="[It] [sig-apps] DisruptionController Listing PodDisruptionBudgets for all namespaces should list and delete a collection of PodDisruptionBudgets [Conformance]" classname="Kubernetes e2e suite" status="passed" time="6.128717932"></testcase>
          <testcase name="[It] [sig-storage] In-tree Volumes [Driver: ceph] [Feature:Volumes] [Serial] [Testpattern: Dynamic PV (ext4)] multiVolume [Slow] should concurrently access the single volume from pods on different node" classname="Kubernetes e2e suite" status="skipped" time="0">
              <skipped message="skipped"></skipped>
          </testcase>
          <testcase name="[It] [sig-storage] In-tree Volumes [Driver: hostPath] [Testpattern: Dynamic PV (ntfs)] [Feature:Windows] subPath should unmount if pod is gracefully deleted while kubelet is down [Disruptive] [Slow] [LinuxOnly]" classname="Kubernetes e2e suite" status="skipped" time="0">
              <skipped message="skipped"></skipped>
          </testcase>
          <testcase name="[It] [sig-storage] In-tree Volumes [Driver: cinder] [Testpattern: Inline-volume (default fs)] subPath should fail if subpath directory is outside the volume [Slow] [LinuxOnly]" classname="Kubernetes e2e suite" status="skipped" time="0">
              <skipped message="skipped"></skipped>
          </testcase>
          <testcase name="[It] [sig-storage] In-tree Volumes [Driver: aws] [Testpattern: Dynamic PV (ntfs)] [Feature:Windows] volumeIO should write files of various sizes, verify size, validate content [Slow]" classname="Kubernetes e2e suite" status="skipped" time="0">
              <skipped message="skipped"></skipped>
          </testcase>
          <testcase name="[It] [sig-storage] In-tree Volumes [Driver: local] [LocalVolumeType: dir-link] [Testpattern: Generic Ephemeral-volume (default fs) (immediate-binding)] ephemeral should create read-only inline ephemeral volume" classname="Kubernetes e2e suite" status="skipped" time="0">
              <skipped message="skipped"></skipped>
          </testcase>
          <testcase name="[It] [sig-storage] In-tree Volumes [Driver: hostPath] [Testpattern: Pre-provisioned PV (ntfs)] [Feature:Windows] volumes should allow exec of files on the volume" classname="Kubernetes e2e suite" status="skipped" time="0">
              <skipped message="skipped"></skipped>
          </testcase>
          <testcase name="[It] [sig-storage] In-tree Volumes [Driver: vsphere] [Testpattern: Generic Ephemeral-volume (default fs)] volumeLimits should support volume limits [Serial]" classname="Kubernetes e2e suite" status="skipped" time="0">
              <skipped message="skipped"></skipped>
          </testcase>
          <testcase name="[It] [sig-node] DRA [Feature:DynamicResourceAllocation] cluster with delayed allocation and not setting ReservedFor does not delete generated claims when pod is restarting" classname="Kubernetes e2e suite" status="skipped" time="0">
              <skipped message="skipped"></skipped>
          </testcase>
          <testcase name="[It] [sig-storage] In-tree Volumes [Driver: ceph] [Feature:Volumes] [Serial] [Testpattern: Dynamic PV (block volmode)] multiVolume [Slow] should concurrently access the single volume from pods on the same node" classname="Kubernetes e2e suite" status="skipped" time="0">
              <skipped message="skipped"></skipped>
          </testcase>
          <testcase name="[It] [sig-storage] In-tree Volumes [Driver: hostPathSymlink] [Testpattern: Dynamic PV (filesystem volmode)] disruptive [Disruptive] [LinuxOnly] Should test that pv used in a pod that is force deleted while the kubelet is down is usable by a new pod when kubelet returns [Feature:SELinux]" classname="Kubernetes e2e suite" status="skipped" time="0">
              <skipped message="skipped"></skipped>
          </testcase>
          <testcase name="[It] [sig-storage] In-tree Volumes [Driver: local] [LocalVolumeType: gce-localssd-scsi-fs] [Serial] [Testpattern: Dynamic PV (ext4)] multiVolume [Slow] should concurrently access the volume and restored snapshot from pods on the same node [LinuxOnly] [Feature:VolumeSnapshotDataSource] [Feature:VolumeSourceXFS]" classname="Kubernetes e2e suite" status="skipped" time="0">
              <skipped message="skipped"></skipped>
          </testcase>
          <testcase name="[It] [sig-storage] In-tree Volumes [Driver: vsphere] [Testpattern: Pre-provisioned PV (block volmode)] multiVolume [Slow] should concurrently access the single volume from pods on the same node" classname="Kubernetes e2e suite" status="skipped" time="0">
              <skipped message="skipped"></skipped>
          </testcase>
          <testcase name="[It] [sig-network] Netpol NetworkPolicy between server and client should deny egress from pods based on PodSelector [Feature:NetworkPolicy]" classname="Kubernetes e2e suite" status="skipped" time="0">
              <skipped message="skipped"></skipped>
          </testcase>
          <testcase name="[It] [sig-storage] In-tree Volumes [Driver: local] [LocalVolumeType: gce-localssd-scsi-fs] [Serial] [Testpattern: Inline-volume (ext3)] volumes should store data" classname="Kubernetes e2e suite" status="skipped" time="0">
              <skipped message="skipped"></skipped>
          </testcase>
          <testcase name="[It] [sig-storage] In-tree Volumes [Driver: cinder] [Testpattern: Dynamic PV (default fs)] subPath should fail if subpath with backstepping is outside the volume [Slow] [LinuxOnly]" classname="Kubernetes e2e suite" status="skipped" time="0">
              <skipped message="skipped"></skipped>
          </testcase>
          <testcase name="[It] [sig-storage] In-tree Volumes [Driver: ceph] [Feature:Volumes] [Serial] [Testpattern: Pre-provisioned PV (filesystem volmode)] multiVolume [Slow] should concurrently access the single volume from pods on different node" classname="Kubernetes e2e suite" status="skipped" time="0">
              <skipped message="skipped"></skipped>
          </testcase>
          <testcase name="[It] [sig-storage] CSI Volumes [Driver: csi-hostpath] [Testpattern: Pre-provisioned PV (default fs)] subPath should fail if subpath file is outside the volume [Slow] [LinuxOnly]" classname="Kubernetes e2e suite" status="skipped" time="0">
              <skipped message="skipped"></skipped>
          </testcase>
          <testcase name="[It] [sig-storage] In-tree Volumes [Driver: cinder] [Testpattern: Pre-provisioned PV (filesystem volmode)] disruptive [Disruptive] [LinuxOnly] Should test that pv used in a pod that is deleted while the kubelet is down is usable by a new pod when kubelet returns [Feature:SELinux]" classname="Kubernetes e2e suite" status="skipped" time="0">
              <skipped message="skipped"></skipped>
          </testcase>
          <testcase name="[It] [sig-storage] In-tree Volumes [Driver: cinder] [Testpattern: Dynamic PV (default fs)] subPath should support readOnly directory specified in the volumeMount" classname="Kubernetes e2e suite" status="skipped" time="0">
              <skipped message="skipped"></skipped>
          </testcase>
          <testcase name="[It] [sig-storage] In-tree Volumes [Driver: emptydir] [Testpattern: Pre-provisioned PV (default fs)] subPath should support restarting containers using file as subpath [Slow] [LinuxOnly]" classname="Kubernetes e2e suite" status="skipped" time="0">
              <skipped message="skipped"></skipped>
          </testcase>
          <testcase name="[It] [sig-node] Variable Expansion should allow composing env vars into new env vars [NodeConformance] [Conformance]" classname="Kubernetes e2e suite" status="passed" time="4.116879698"></testcase>
          <testcase name="[It] [sig-storage] CSI Volumes [Driver: pd.csi.storage.gke.io] [Serial] [Testpattern: Generic Ephemeral-volume (default fs) (immediate-binding)] ephemeral should support expansion of pvcs created for ephemeral pvcs" classname="Kubernetes e2e suite" status="skipped" time="0">
              <skipped message="skipped"></skipped>
          </testcase>
          <testcase name="[It] [sig-storage] In-tree Volumes [Driver: local] [LocalVolumeType: tmpfs] [Testpattern: Dynamic PV (block volmode)] provisioning should provision storage with mount options" classname="Kubernetes e2e suite" status="skipped" time="0">
              <skipped message="skipped"></skipped>
          </testcase>
          <testcase name="[It] [sig-storage] In-tree Volumes [Driver: local] [LocalVolumeType: block] [Testpattern: Pre-provisioned PV (block volmode)] volumeMode should fail to use a volume in a pod with mismatched mode [Slow]" classname="Kubernetes e2e suite" status="skipped" time="0">
              <skipped message="skipped"></skipped>
          </testcase>
          <testcase name="[It] [sig-storage] CSI Volumes [Driver: csi-hostpath] [Testpattern: Pre-provisioned PV (default fs)] subPath should fail if non-existent subpath is outside the volume [Slow] [LinuxOnly]" classname="Kubernetes e2e suite" status="skipped" time="0">
              <skipped message="skipped"></skipped>
          </testcase>
          <testcase name="[It] [sig-storage] In-tree Volumes [Driver: hostPathSymlink] [Testpattern: Dynamic PV (default fs)] volumeIO should write files of various sizes, verify size, validate content [Slow]" classname="Kubernetes e2e suite" status="skipped" time="0">
              <skipped message="skipped"></skipped>
          </testcase>
          <testcase name="[It] [sig-api-machinery] CustomResourcePublishOpenAPI [Privileged:ClusterAdmin] works for multiple CRDs of same group and version but different kinds [Conformance]" classname="Kubernetes e2e suite" status="passed" time="6.672279477"></testcase>
          <testcase name="[It] [sig-storage] In-tree Volumes [Driver: rbd] [Feature:Volumes] [Serial] [Testpattern: Dynamic PV (ntfs)] [Feature:Windows] multiVolume [Slow] should access to two volumes with different volume mode and retain data across pod recreation on different node" classname="Kubernetes e2e suite" status="skipped" time="0">
              <skipped message="skipped"></skipped>
          </testcase>
          <testcase name="[It] [sig-storage] In-tree Volumes [Driver: aws] [Testpattern: Dynamic PV (filesystem volmode)] multiVolume [Slow] should concurrently access the volume and restored snapshot from pods on the same node [LinuxOnly] [Feature:VolumeSnapshotDataSource] [Feature:VolumeSourceXFS]" classname="Kubernetes e2e suite" status="skipped" time="0">
              <skipped message="skipped"></skipped>
          </testcase>
          <testcase name="[It] [sig-storage] In-tree Volumes [Driver: local] [LocalVolumeType: blockfs] [Testpattern: Pre-provisioned PV (block volmode)] multiVolume [Slow] should concurrently access the single volume from pods on the same node" classname="Kubernetes e2e suite" status="skipped" time="0">
              <skipped message="skipped"></skipped>
          </testcase>
          <testcase name="[It] [sig-storage] In-tree Volumes [Driver: aws] [Testpattern: Dynamic PV (ntfs)] [Feature:Windows] volumes should allow exec of files on the volume" classname="Kubernetes e2e suite" status="skipped" time="0">
              <skipped message="skipped"></skipped>
          </testcase>
          <testcase name="[It] [sig-storage] In-tree Volumes [Driver: cinder] [Testpattern: Pre-provisioned PV (filesystem volmode)] multiVolume [Slow] should access to two volumes with different volume mode and retain data across pod recreation on the same node" classname="Kubernetes e2e suite" status="skipped" time="0">
              <skipped message="skipped"></skipped>
          </testcase>
          <testcase name="[It] [sig-storage] In-tree Volumes [Driver: local] [LocalVolumeType: dir-bindmounted] [Testpattern: Inline-volume (default fs)] subPath should fail if non-existent subpath is outside the volume [Slow] [LinuxOnly]" classname="Kubernetes e2e suite" status="skipped" time="0">
              <skipped message="skipped"></skipped>
          </testcase>
          <testcase name="[It] [sig-storage] In-tree Volumes [Driver: iscsi] [Feature:Volumes] [Testpattern: Pre-provisioned PV (default fs)] subPath should support restarting containers using file as subpath [Slow] [LinuxOnly]" classname="Kubernetes e2e suite" status="skipped" time="0">
              <skipped message="skipped"></skipped>
          </testcase>
          <testcase name="[It] [sig-storage] In-tree Volumes [Driver: cinder] [Testpattern: Pre-provisioned PV (default fs)] subPath should unmount if pod is force deleted while kubelet is down [Disruptive] [Slow] [LinuxOnly]" classname="Kubernetes e2e suite" status="skipped" time="0">
              <skipped message="skipped"></skipped>
          </testcase>
          <testcase name="[It] [sig-storage] In-tree Volumes [Driver: local] [LocalVolumeType: dir] [Testpattern: Inline-volume (default fs)] subPath should fail if subpath with backstepping is outside the volume [Slow] [LinuxOnly]" classname="Kubernetes e2e suite" status="skipped" time="0">
              <skipped message="skipped"></skipped>
          </testcase>
          <testcase name="[It] [sig-storage] In-tree Volumes [Driver: local] [LocalVolumeType: dir] [Testpattern: Dynamic PV (block volmode)] provisioning should provision storage with pvc data source (ROX mode)" classname="Kubernetes e2e suite" status="skipped" time="0">
              <skipped message="skipped"></skipped>
          </testcase>
          <testcase name="[It] [sig-storage] In-tree Volumes [Driver: local] [LocalVolumeType: gce-localssd-scsi-fs] [Serial] [Testpattern: Dynamic PV (default fs)] fsgroupchangepolicy (OnRootMismatch)[LinuxOnly], pod created with an initial fsgroup, volume contents ownership changed via chgrp in first pod, new pod with different fsgroup applied to the volume contents" classname="Kubernetes e2e suite" status="skipped" time="0">
              <skipped message="skipped"></skipped>
          </testcase>
          <testcase name="[It] [sig-storage] In-tree Volumes [Driver: ceph] [Feature:Volumes] [Serial] [Testpattern: Dynamic PV (default fs)] volume-expand should not allow expansion of pvcs without AllowVolumeExpansion property" classname="Kubernetes e2e suite" status="skipped" time="0">
              <skipped message="skipped"></skipped>
          </testcase>
          <testcase name="[It] [sig-storage] In-tree Volumes [Driver: local] [LocalVolumeType: tmpfs] [Testpattern: Dynamic PV (default fs)] provisioning should provision storage with any volume data source [Serial]" classname="Kubernetes e2e suite" status="skipped" time="0">
              <skipped message="skipped"></skipped>
          </testcase>
          <testcase name="[It] [sig-storage] In-tree Volumes [Driver: hostPathSymlink] [Testpattern: Dynamic PV (ext4)] multiVolume [Slow] should access to two volumes with different volume mode and retain data across pod recreation on the same node" classname="Kubernetes e2e suite" status="skipped" time="0">
              <skipped message="skipped"></skipped>
          </testcase>
          <testcase name="[It] [sig-api-machinery] CustomResourcePublishOpenAPI [Privileged:ClusterAdmin] works for multiple CRDs of different groups [Conformance]" classname="Kubernetes e2e suite" status="passed" time="6.630029704"></testcase>
          <testcase name="[It] [sig-storage] In-tree Volumes [Driver: iscsi] [Feature:Volumes] [Testpattern: Dynamic PV (default fs)] subPath should support non-existent path" classname="Kubernetes e2e suite" status="skipped" time="0">
              <skipped message="skipped"></skipped>
          </testcase>
          <testcase name="[It] [sig-storage] In-tree Volumes [Driver: hostPathSymlink] [Testpattern: Inline-volume (default fs)] volumeIO should write files of various sizes, verify size, validate content [Slow]" classname="Kubernetes e2e suite" status="skipped" time="0">
              <skipped message="skipped"></skipped>
          </testcase>
          <testcase name="[It] [sig-storage] Projected combined should project all components that make up the projection API [Projection] [NodeConformance] [Conformance]" classname="Kubernetes e2e suite" status="passed" time="4.095316291"></testcase>
          <testcase name="[It] [sig-storage] In-tree Volumes [Driver: local] [LocalVolumeType: gce-localssd-scsi-fs] [Serial] [Testpattern: Dynamic PV (ntfs)] [Feature:Windows] multiVolume [Slow] should access to two volumes with the same volume mode and retain data across pod recreation on the same node" classname="Kubernetes e2e suite" status="skipped" time="0">
              <skipped message="skipped"></skipped>
          </testcase>
          <testcase name="[It] [sig-node] Probing container should *not* be restarted with a non-local redirect http liveness probe" classname="Kubernetes e2e suite" status="skipped" time="0">
              <skipped message="skipped"></skipped>
          </testcase>
          <testcase name="[It] [sig-storage] In-tree Volumes [Driver: local] [LocalVolumeType: dir] [Testpattern: Dynamic PV (default fs)] volumeIO should write files of various sizes, verify size, validate content [Slow]" classname="Kubernetes e2e suite" status="skipped" time="0">
              <skipped message="skipped"></skipped>
          </testcase>
          <testcase name="[It] [sig-storage] In-tree Volumes [Driver: cinder] [Testpattern: Dynamic PV (default fs)] provisioning should provision storage with any volume data source [Serial]" classname="Kubernetes e2e suite" status="skipped" time="0">
              <skipped message="skipped"></skipped>
          </testcase>
          <testcase name="[It] [sig-storage] In-tree Volumes [Driver: iscsi] [Feature:Volumes] [Testpattern: Dynamic PV (block volmode)(allowExpansion)] volume-expand should resize volume when PVC is edited while pod is using it" classname="Kubernetes e2e suite" status="skipped" time="0">
              <skipped message="skipped"></skipped>
          </testcase>
          <testcase name="[It] [sig-storage] In-tree Volumes [Driver: local] [LocalVolumeType: gce-localssd-scsi-fs] [Serial] [Testpattern: Pre-provisioned PV (filesystem volmode)] volumeMode should not mount / map unused volumes in a pod [LinuxOnly]" classname="Kubernetes e2e suite" status="skipped" time="0">
              <skipped message="skipped"></skipped>
          </testcase>
          <testcase name="[It] [sig-storage] In-tree Volumes [Driver: emptydir] [Testpattern: Dynamic PV (default fs)(allowExpansion)] volume-expand should resize volume when PVC is edited while pod is using it" classname="Kubernetes e2e suite" status="skipped" time="0">
              <skipped message="skipped"></skipped>
          </testcase>
          <testcase name="[It] [sig-storage] In-tree Volumes [Driver: local] [LocalVolumeType: tmpfs] [Testpattern: Dynamic PV (default fs)] fsgroupchangepolicy (OnRootMismatch)[LinuxOnly], pod created with an initial fsgroup, new pod fsgroup applied to volume contents" classname="Kubernetes e2e suite" status="skipped" time="0">
              <skipped message="skipped"></skipped>
          </testcase>
          <testcase name="[It] [sig-storage] In-tree Volumes [Driver: local] [LocalVolumeType: blockfs] [Testpattern: Dynamic PV (block volmode)] multiVolume [Slow] should concurrently access the single volume from pods on the same node" classname="Kubernetes e2e suite" status="skipped" time="0">
              <skipped message="skipped"></skipped>
          </testcase>
          <testcase name="[It] [sig-node] Pod InPlace Resize Container [Feature:InPlacePodVerticalScaling] Burstable QoS pod, one container with cpu &amp; memory requests + limits - increase memory requests and decrease memory limits" classname="Kubernetes e2e suite" status="skipped" time="0">
              <skipped message="skipped"></skipped>
          </testcase>
          <testcase name="[It] [sig-storage] In-tree Volumes [Driver: local] [LocalVolumeType: dir-bindmounted] [Testpattern: Dynamic PV (default fs)] subPath should be able to unmount after the subpath directory is deleted [LinuxOnly]" classname="Kubernetes e2e suite" status="skipped" time="0">
              <skipped message="skipped"></skipped>
          </testcase>
          <testcase name="[It] [sig-network] Networking Granular Checks: Services should function for pod-Service: http" classname="Kubernetes e2e suite" status="skipped" time="0">
              <skipped message="skipped"></skipped>
          </testcase>
          <testcase name="[It] [sig-storage] In-tree Volumes [Driver: local] [LocalVolumeType: gce-localssd-scsi-fs] [Serial] [Testpattern: Pre-provisioned PV (default fs)] subPath should support existing directory" classname="Kubernetes e2e suite" status="skipped" time="0">
              <skipped message="skipped"></skipped>
          </testcase>
          <testcase name="[It] [sig-storage] In-tree Volumes [Driver: aws] [Testpattern: Inline-volume (ntfs)] [Feature:Windows] volumes should allow exec of files on the volume" classname="Kubernetes e2e suite" status="skipped" time="0">
              <skipped message="skipped"></skipped>
          </testcase>
          <testcase name="[It] [sig-storage] In-tree Volumes [Driver: hostPath] [Testpattern: Inline-volume (default fs)] subPath should verify container cannot write to subpath readonly volumes [Slow]" classname="Kubernetes e2e suite" status="skipped" time="0">
              <skipped message="skipped"></skipped>
          </testcase>
          <testcase name="[It] [sig-storage] In-tree Volumes [Driver: local] [LocalVolumeType: blockfs] [Testpattern: Inline-volume (default fs)] subPath should support non-existent path" classname="Kubernetes e2e suite" status="skipped" time="0">
              <skipped message="skipped"></skipped>
          </testcase>
          <testcase name="[It] [sig-node] Security Context When creating a container with runAsNonRoot should not run without a specified user ID" classname="Kubernetes e2e suite" status="skipped" time="0">
              <skipped message="skipped"></skipped>
          </testcase>
          <testcase name="[It] [sig-storage] In-tree Volumes [Driver: local] [LocalVolumeType: dir-bindmounted] [Testpattern: Inline-volume (default fs)] subPath should be able to unmount after the subpath directory is deleted [LinuxOnly]" classname="Kubernetes e2e suite" status="skipped" time="0">
              <skipped message="skipped"></skipped>
          </testcase>
          <testcase name="[It] [sig-storage] In-tree Volumes [Driver: local] [LocalVolumeType: blockfs] [Testpattern: Dynamic PV (ntfs)] [Feature:Windows] subPath should support readOnly file specified in the volumeMount [LinuxOnly]" classname="Kubernetes e2e suite" status="skipped" time="0">
              <skipped message="skipped"></skipped>
          </testcase>
          <testcase name="[It] [sig-storage] In-tree Volumes [Driver: vsphere] [Testpattern: Dynamic PV (ntfs)] [Feature:Windows] provisioning should mount multiple PV pointing to the same storage on the same node" classname="Kubernetes e2e suite" status="skipped" time="0">
              <skipped message="skipped"></skipped>
          </testcase>
          <testcase name="[It] [sig-storage] In-tree Volumes [Driver: vsphere] [Testpattern: Inline-volume (default fs)] subPath should fail if subpath directory is outside the volume [Slow] [LinuxOnly]" classname="Kubernetes e2e suite" status="skipped" time="0">
              <skipped message="skipped"></skipped>
          </testcase>
          <testcase name="[It] [sig-storage] In-tree Volumes [Driver: local] [LocalVolumeType: gce-localssd-scsi-fs] [Serial] [Testpattern: Dynamic PV (ntfs)] [Feature:Windows] provisioning should provision storage with snapshot data source [Feature:VolumeSnapshotDataSource]" classname="Kubernetes e2e suite" status="skipped" time="0">
              <skipped message="skipped"></skipped>
          </testcase>
          <testcase name="[It] [sig-storage] In-tree Volumes [Driver: local] [LocalVolumeType: tmpfs] [Testpattern: Dynamic PV (ntfs)] [Feature:Windows] subPath should support file as subpath [LinuxOnly]" classname="Kubernetes e2e suite" status="skipped" time="0">
              <skipped message="skipped"></skipped>
          </testcase>
          <testcase name="[It] [sig-storage] In-tree Volumes [Driver: local] [LocalVolumeType: blockfs] [Testpattern: Dynamic PV (default fs)] subPath should support readOnly directory specified in the volumeMount" classname="Kubernetes e2e suite" status="skipped" time="0">
              <skipped message="skipped"></skipped>
          </testcase>
          <testcase name="[It] [sig-storage] In-tree Volumes [Driver: emptydir] [Testpattern: Generic Ephemeral-volume (default fs) (immediate-binding)] ephemeral should support expansion of pvcs created for ephemeral pvcs" classname="Kubernetes e2e suite" status="skipped" time="0">
              <skipped message="skipped"></skipped>
          </testcase>
          <testcase name="[It] [sig-storage] Volume Placement [Feature:vsphere] should create and delete pod with the same volume source on the same worker node" classname="Kubernetes e2e suite" status="skipped" time="0">
              <skipped message="skipped"></skipped>
          </testcase>
          <testcase name="[It] [sig-storage] In-tree Volumes [Driver: cinder] [Testpattern: Dynamic PV (default fs)] subPath should fail if non-existent subpath is outside the volume [Slow] [LinuxOnly]" classname="Kubernetes e2e suite" status="skipped" time="0">
              <skipped message="skipped"></skipped>
          </testcase>
          <testcase name="[It] [sig-node] DRA [Feature:DynamicResourceAllocation] cluster with delayed allocation and setting ReservedFor supports simple pod referencing inline resource claim" classname="Kubernetes e2e suite" status="skipped" time="0">
              <skipped message="skipped"></skipped>
          </testcase>
          <testcase name="[It] [sig-storage] In-tree Volumes [Driver: local] [LocalVolumeType: dir-link] [Testpattern: Pre-provisioned PV (filesystem volmode)] multiVolume [Slow] should access to two volumes with the same volume mode and retain data across pod recreation on different node" classname="Kubernetes e2e suite" status="skipped" time="0">
              <skipped message="skipped"></skipped>
          </testcase>
          <testcase name="[It] [sig-storage] In-tree Volumes [Driver: local] [LocalVolumeType: dir-link] [Testpattern: Dynamic PV (ntfs)] [Feature:Windows] subPath should support readOnly directory specified in the volumeMount" classname="Kubernetes e2e suite" status="skipped" time="0">
              <skipped message="skipped"></skipped>
          </testcase>
          <testcase name="[It] [sig-storage] In-tree Volumes [Driver: nfs] [Testpattern: Dynamic PV (ntfs)] [Feature:Windows] subPath should fail if non-existent subpath is outside the volume [Slow] [LinuxOnly]" classname="Kubernetes e2e suite" status="skipped" time="0">
              <skipped message="skipped"></skipped>
          </testcase>
          <testcase name="[It] [sig-storage] In-tree Volumes [Driver: cinder] [Testpattern: Pre-provisioned PV (default fs)] subPath should fail if subpath with backstepping is outside the volume [Slow] [LinuxOnly]" classname="Kubernetes e2e suite" status="skipped" time="0">
              <skipped message="skipped"></skipped>
          </testcase>
          <testcase name="[It] [sig-storage] In-tree Volumes [Driver: local] [LocalVolumeType: dir-link-bindmounted] [Testpattern: Dynamic PV (filesystem volmode)] volumeMode should fail to use a volume in a pod with mismatched mode [Slow]" classname="Kubernetes e2e suite" status="skipped" time="0">
              <skipped message="skipped"></skipped>
          </testcase>
          <testcase name="[It] [sig-apps] Job should fail to exceed backoffLimit" classname="Kubernetes e2e suite" status="skipped" time="0">
              <skipped message="skipped"></skipped>
          </testcase>
          <testcase name="[It] [sig-storage] CSI Volumes [Driver: pd.csi.storage.gke.io] [Serial] [Testpattern: Inline-volume (default fs)] volumes should allow exec of files on the volume" classname="Kubernetes e2e suite" status="skipped" time="0">
              <skipped message="skipped"></skipped>
          </testcase>
          <testcase name="[It] [sig-storage] In-tree Volumes [Driver: rbd] [Feature:Volumes] [Serial] [Testpattern: Dynamic PV (default fs)] subPath should support readOnly file specified in the volumeMount [LinuxOnly]" classname="Kubernetes e2e suite" status="skipped" time="0">
              <skipped message="skipped"></skipped>
          </testcase>
          <testcase name="[It] [sig-storage] In-tree Volumes [Driver: rbd] [Feature:Volumes] [Serial] [Testpattern: Dynamic PV (filesystem volmode)] multiVolume [Slow] should concurrently access the single volume from pods on the same node" classname="Kubernetes e2e suite" status="skipped" time="0">
              <skipped message="skipped"></skipped>
          </testcase>
          <testcase name="[It] [sig-storage] In-tree Volumes [Driver: hostPathSymlink] [Testpattern: Dynamic PV (default fs)] volume-expand should not allow expansion of pvcs without AllowVolumeExpansion property" classname="Kubernetes e2e suite" status="skipped" time="0">
              <skipped message="skipped"></skipped>
          </testcase>
          <testcase name="[It] [sig-storage] In-tree Volumes [Driver: nfs] [Testpattern: Pre-provisioned PV (default fs)] subPath should fail if non-existent subpath is outside the volume [Slow] [LinuxOnly]" classname="Kubernetes e2e suite" status="skipped" time="0">
              <skipped message="skipped"></skipped>
          </testcase>
          <testcase name="[It] [sig-storage] CSI Volumes [Driver: csi-hostpath] [Testpattern: Ephemeral Snapshot (retain policy)] snapshottable [Feature:VolumeSnapshotDataSource] volume snapshot controller  should check snapshot fields, check restore correctly works after modifying source data, check deletion (persistent)" classname="Kubernetes e2e suite" status="skipped" time="0">
              <skipped message="skipped"></skipped>
          </testcase>
          <testcase name="[It] [sig-storage] In-tree Volumes [Driver: ceph] [Feature:Volumes] [Serial] [Testpattern: Dynamic PV (filesystem volmode)] volumeLimits should support volume limits [Serial]" classname="Kubernetes e2e suite" status="skipped" time="0">
              <skipped message="skipped"></skipped>
          </testcase>
          <testcase name="[It] [sig-storage] In-tree Volumes [Driver: local] [LocalVolumeType: dir] [Testpattern: Inline-volume (default fs)] subPath should fail if non-existent subpath is outside the volume [Slow] [LinuxOnly]" classname="Kubernetes e2e suite" status="skipped" time="0">
              <skipped message="skipped"></skipped>
          </testcase>
          <testcase name="[It] [sig-storage] In-tree Volumes [Driver: local] [LocalVolumeType: block] [Testpattern: Inline-volume (default fs)] subPath should support restarting containers using file as subpath [Slow] [LinuxOnly]" classname="Kubernetes e2e suite" status="skipped" time="0">
              <skipped message="skipped"></skipped>
          </testcase>
          <testcase name="[It] [sig-storage] In-tree Volumes [Driver: local] [LocalVolumeType: dir-link] [Testpattern: Inline-volume (default fs)] subPath should support existing single file [LinuxOnly]" classname="Kubernetes e2e suite" status="skipped" time="0">
              <skipped message="skipped"></skipped>
          </testcase>
          <testcase name="[It] [sig-storage] CSI Volumes [Driver: pd.csi.storage.gke.io] [Serial] [Testpattern: Dynamic PV (ntfs)] [Feature:Windows] provisioning should provision storage with snapshot data source [Feature:VolumeSnapshotDataSource]" classname="Kubernetes e2e suite" status="skipped" time="0">
              <skipped message="skipped"></skipped>
          </testcase>
          <testcase name="[It] [sig-storage] CSI Volumes [Driver: csi-hostpath] [Testpattern: Dynamic PV (xfs)] [Slow] multiVolume [Slow] should concurrently access the single volume from pods on different node" classname="Kubernetes e2e suite" status="skipped" time="0">
              <skipped message="skipped"></skipped>
          </testcase>
          <testcase name="[It] [sig-storage] In-tree Volumes [Driver: local] [LocalVolumeType: gce-localssd-scsi-fs] [Serial] [Testpattern: Dynamic PV (block volmode)] volumeMode should fail to use a volume in a pod with mismatched mode [Slow]" classname="Kubernetes e2e suite" status="skipped" time="0">
              <skipped message="skipped"></skipped>
          </testcase>
          <testcase name="[It] [sig-storage] In-tree Volumes [Driver: ceph] [Feature:Volumes] [Serial] [Testpattern: Pre-provisioned PV (filesystem volmode)] disruptive [Disruptive] [LinuxOnly] Should test that pv used in a pod that is deleted while the kubelet is down is usable by a new pod with a different SELinux context when kubelet returns [Feature:SELinux]" classname="Kubernetes e2e suite" status="skipped" time="0">
              <skipped message="skipped"></skipped>
          </testcase>
          <testcase name="[It] [sig-storage] In-tree Volumes [Driver: vsphere] [Testpattern: Dynamic PV (ntfs)] [Feature:Windows] multiVolume [Slow] should concurrently access the single read-only volume from pods on the same node" classname="Kubernetes e2e suite" status="skipped" time="0">
              <skipped message="skipped"></skipped>
          </testcase>
          <testcase name="[It] [sig-storage] Secrets should be consumable from pods in volume with defaultMode set [LinuxOnly] [NodeConformance] [Conformance]" classname="Kubernetes e2e suite" status="passed" time="4.114277098"></testcase>
          <testcase name="[It] [sig-storage] In-tree Volumes [Driver: azure-disk] [Testpattern: Dynamic PV (block volmode)] multiVolume [Slow] should concurrently access the single volume from pods on different node" classname="Kubernetes e2e suite" status="skipped" time="0">
              <skipped message="skipped"></skipped>
          </testcase>
          <testcase name="[It] [sig-storage] HostPathType Block Device [Slow] Should fail on mounting non-existent block device &#39;does-not-exist-blk-dev&#39; when HostPathType is HostPathBlockDev" classname="Kubernetes e2e suite" status="skipped" time="0">
              <skipped message="skipped"></skipped>
          </testcase>
          <testcase name="[It] [sig-storage] In-tree Volumes [Driver: local] [LocalVolumeType: blockfs] [Testpattern: Inline-volume (ext4)] volumes should allow exec of files on the volume" classname="Kubernetes e2e suite" status="skipped" time="0">
              <skipped message="skipped"></skipped>
          </testcase>
          <testcase name="[It] [sig-storage] In-tree Volumes [Driver: local] [LocalVolumeType: tmpfs] [Testpattern: Pre-provisioned PV (default fs)] subPath should support creating multiple subpath from same volumes [Slow]" classname="Kubernetes e2e suite" status="skipped" time="0">
              <skipped message="skipped"></skipped>
          </testcase>
          <testcase name="[It] [sig-storage] ConfigMap should be immutable if `immutable` field is set [Conformance]" classname="Kubernetes e2e suite" status="passed" time="0.07518766"></testcase>
          <testcase name="[It] [sig-autoscaling] Cluster size autoscaling [Slow] shouldn&#39;t increase cluster size if pending pod is too large [Feature:ClusterSizeAutoscalingScaleUp]" classname="Kubernetes e2e suite" status="skipped" time="0">
              <skipped message="skipped"></skipped>
          </testcase>
          <testcase name="[It] [sig-storage] CSI Volumes [Driver: csi-hostpath] [Testpattern: Dynamic PV (default fs)] fsgroupchangepolicy (OnRootMismatch)[LinuxOnly], pod created with an initial fsgroup, volume contents ownership changed via chgrp in first pod, new pod with same fsgroup skips ownership changes to the volume contents" classname="Kubernetes e2e suite" status="skipped" time="0">
              <skipped message="skipped"></skipped>
          </testcase>
          <testcase name="[It] [sig-storage] In-tree Volumes [Driver: local] [LocalVolumeType: block] [Testpattern: Dynamic PV (default fs)] subPath should support restarting containers using directory as subpath [Slow]" classname="Kubernetes e2e suite" status="skipped" time="0">
              <skipped message="skipped"></skipped>
          </testcase>
          <testcase name="[It] [sig-storage] In-tree Volumes [Driver: local] [LocalVolumeType: gce-localssd-scsi-fs] [Serial] [Testpattern: Inline-volume (default fs)] volumes should allow exec of files on the volume" classname="Kubernetes e2e suite" status="skipped" time="0">
              <skipped message="skipped"></skipped>
          </testcase>
          <testcase name="[It] [sig-storage] In-tree Volumes [Driver: local] [LocalVolumeType: block] [Testpattern: Dynamic PV (filesystem volmode)] volumeMode should not mount / map unused volumes in a pod [LinuxOnly]" classname="Kubernetes e2e suite" status="skipped" time="0">
              <skipped message="skipped"></skipped>
          </testcase>
          <testcase name="[It] [sig-storage] In-tree Volumes [Driver: vsphere] [Testpattern: Dynamic PV (ntfs)] [Feature:Windows] subPath should support existing directory" classname="Kubernetes e2e suite" status="skipped" time="0">
              <skipped message="skipped"></skipped>
          </testcase>
          <testcase name="[It] [sig-storage] In-tree Volumes [Driver: local] [LocalVolumeType: blockfs] [Testpattern: Dynamic PV (ntfs)] [Feature:Windows] subPath should support non-existent path" classname="Kubernetes e2e suite" status="skipped" time="0">
              <skipped message="skipped"></skipped>
          </testcase>
          <testcase name="[It] [sig-storage] In-tree Volumes [Driver: local] [LocalVolumeType: blockfs] [Testpattern: Pre-provisioned PV (default fs)] volumes should store data" classname="Kubernetes e2e suite" status="skipped" time="0">
              <skipped message="skipped"></skipped>
          </testcase>
          <testcase name="[It] [sig-storage] In-tree Volumes [Driver: vsphere] [Testpattern: Pre-provisioned PV (default fs)] subPath should support creating multiple subpath from same volumes [Slow]" classname="Kubernetes e2e suite" status="skipped" time="0">
              <skipped message="skipped"></skipped>
          </testcase>
          <testcase name="[It] [sig-storage] In-tree Volumes [Driver: local] [LocalVolumeType: blockfs] [Testpattern: Pre-provisioned PV (default fs)] subPath should support file as subpath [LinuxOnly]" classname="Kubernetes e2e suite" status="skipped" time="0">
              <skipped message="skipped"></skipped>
          </testcase>
          <testcase name="[It] [sig-storage] In-tree Volumes [Driver: local] [LocalVolumeType: dir-link-bindmounted] [Testpattern: Dynamic PV (ext4)] multiVolume [Slow] should concurrently access the volume and its clone from pods on the same node [LinuxOnly] [Feature:VolumeSourceXFS]" classname="Kubernetes e2e suite" status="skipped" time="0">
              <skipped message="skipped"></skipped>
          </testcase>
          <testcase name="[It] [sig-storage] In-tree Volumes [Driver: azure-file] [Testpattern: Dynamic PV (default fs)] subPath should support file as subpath [LinuxOnly]" classname="Kubernetes e2e suite" status="skipped" time="0">
              <skipped message="skipped"></skipped>
          </testcase>
          <testcase name="[It] [sig-storage] In-tree Volumes [Driver: local] [LocalVolumeType: block] [Testpattern: Dynamic PV (default fs)] subPath should unmount if pod is gracefully deleted while kubelet is down [Disruptive] [Slow] [LinuxOnly]" classname="Kubernetes e2e suite" status="skipped" time="0">
              <skipped message="skipped"></skipped>
          </testcase>
          <testcase name="[It] [sig-storage] In-tree Volumes [Driver: iscsi] [Feature:Volumes] [Testpattern: Generic Ephemeral-volume (default fs) (late-binding)] ephemeral should support multiple inline ephemeral volumes" classname="Kubernetes e2e suite" status="skipped" time="0">
              <skipped message="skipped"></skipped>
          </testcase>
          <testcase name="[It] [sig-storage] In-tree Volumes [Driver: vsphere] [Testpattern: Dynamic PV (ntfs)] [Feature:Windows] multiVolume [Slow] should concurrently access the single volume from pods on the same node" classname="Kubernetes e2e suite" status="skipped" time="0">
              <skipped message="skipped"></skipped>
          </testcase>
          <testcase name="[It] [sig-api-machinery] Discovery should validate PreferredVersion for each APIGroup [Conformance]" classname="Kubernetes e2e suite" status="passed" time="0.515456356"></testcase>
          <testcase name="[It] [sig-network] Netpol NetworkPolicy between server and client should enforce policy based on NamespaceSelector with MatchExpressions using default ns label [Feature:NetworkPolicy]" classname="Kubernetes e2e suite" status="skipped" time="0">
              <skipped message="skipped"></skipped>
          </testcase>
          <testcase name="[It] [sig-storage] In-tree Volumes [Driver: nfs] [Testpattern: Pre-provisioned PV (default fs)] subPath should support creating multiple subpath from same volumes [Slow]" classname="Kubernetes e2e suite" status="skipped" time="0">
              <skipped message="skipped"></skipped>
          </testcase>
          <testcase name="[It] [sig-storage] In-tree Volumes [Driver: rbd] [Feature:Volumes] [Serial] [Testpattern: Pre-provisioned PV (block volmode)] disruptive [Disruptive] [LinuxOnly] Should test that pv used in a pod that is deleted while the kubelet is down cleans up when the kubelet returns." classname="Kubernetes e2e suite" status="skipped" time="0">
              <skipped message="skipped"></skipped>
          </testcase>
          <testcase name="[It] [sig-storage] In-tree Volumes [Driver: local] [LocalVolumeType: gce-localssd-scsi-fs] [Serial] [Testpattern: Pre-provisioned PV (ext4)] volumes should allow exec of files on the volume" classname="Kubernetes e2e suite" status="skipped" time="0">
              <skipped message="skipped"></skipped>
          </testcase>
          <testcase name="[It] [sig-storage] In-tree Volumes [Driver: hostPathSymlink] [Testpattern: Inline-volume (default fs)] subPath should support file as subpath [LinuxOnly]" classname="Kubernetes e2e suite" status="skipped" time="0">
              <skipped message="skipped"></skipped>
          </testcase>
          <testcase name="[It] [sig-storage] In-tree Volumes [Driver: ceph] [Feature:Volumes] [Serial] [Testpattern: Dynamic PV (ntfs)] [Feature:Windows] provisioning should provision storage with pvc data source in parallel [Slow]" classname="Kubernetes e2e suite" status="skipped" time="0">
              <skipped message="skipped"></skipped>
          </testcase>
          <testcase name="[It] [sig-storage] In-tree Volumes [Driver: emptydir] [Testpattern: Generic Ephemeral-volume (default fs) (immediate-binding)] ephemeral should create read/write inline ephemeral volume" classname="Kubernetes e2e suite" status="skipped" time="0">
              <skipped message="skipped"></skipped>
          </testcase>
          <testcase name="[It] [sig-storage] In-tree Volumes [Driver: aws] [Testpattern: Dynamic PV (default fs)] subPath should be able to unmount after the subpath directory is deleted [LinuxOnly]" classname="Kubernetes e2e suite" status="skipped" time="0">
              <skipped message="skipped"></skipped>
          </testcase>
          <testcase name="[It] [sig-storage] In-tree Volumes [Driver: local] [LocalVolumeType: dir-link] [Testpattern: Inline-volume (default fs)] subPath should fail if subpath file is outside the volume [Slow] [LinuxOnly]" classname="Kubernetes e2e suite" status="skipped" time="0">
              <skipped message="skipped"></skipped>
          </testcase>
          <testcase name="[It] [sig-node] NodeLease NodeLease the kubelet should create and update a lease in the kube-node-lease namespace" classname="Kubernetes e2e suite" status="skipped" time="0">
              <skipped message="skipped"></skipped>
          </testcase>
          <testcase name="[It] [sig-storage] In-tree Volumes [Driver: rbd] [Feature:Volumes] [Serial] [Testpattern: Dynamic PV (filesystem volmode)] volumeLimits should verify that all csinodes have volume limits" classname="Kubernetes e2e suite" status="skipped" time="0">
              <skipped message="skipped"></skipped>
          </testcase>
          <testcase name="[It] [sig-storage] In-tree Volumes [Driver: hostPath] [Testpattern: Pre-provisioned PV (filesystem volmode)] disruptive [Disruptive] [LinuxOnly] Should test that pv written before kubelet restart is readable after restart." classname="Kubernetes e2e suite" status="skipped" time="0">
              <skipped message="skipped"></skipped>
          </testcase>
          <testcase name="[It] [sig-storage] In-tree Volumes [Driver: hostPathSymlink] [Testpattern: Pre-provisioned PV (default fs)] volumeIO should write files of various sizes, verify size, validate content [Slow]" classname="Kubernetes e2e suite" status="skipped" time="0">
              <skipped message="skipped"></skipped>
          </testcase>
          <testcase name="[It] [sig-storage] CSI Volumes [Driver: pd.csi.storage.gke.io] [Serial] [Testpattern: Dynamic PV (default fs)] fsgroupchangepolicy (OnRootMismatch)[LinuxOnly], pod created with an initial fsgroup, volume contents ownership changed via chgrp in first pod, new pod with different fsgroup applied to the volume contents" classname="Kubernetes e2e suite" status="skipped" time="0">
              <skipped message="skipped"></skipped>
          </testcase>
          <testcase name="[It] [sig-storage] In-tree Volumes [Driver: local] [LocalVolumeType: dir-link-bindmounted] [Testpattern: Dynamic PV (default fs)] subPath should unmount if pod is gracefully deleted while kubelet is down [Disruptive] [Slow] [LinuxOnly]" classname="Kubernetes e2e suite" status="skipped" time="0">
              <skipped message="skipped"></skipped>
          </testcase>
          <testcase name="[It] [sig-storage] PersistentVolumes-local [Volume type: tmpfs] Two pods mounting a local volume one after the other should be able to write from pod1 and read from pod2" classname="Kubernetes e2e suite" status="skipped" time="0">
              <skipped message="skipped"></skipped>
          </testcase>
          <testcase name="[It] [sig-storage] In-tree Volumes [Driver: local] [LocalVolumeType: dir] [Testpattern: Dynamic PV (delayed binding)] topology should fail to schedule a pod which has topologies that conflict with AllowedTopologies" classname="Kubernetes e2e suite" status="skipped" time="0">
              <skipped message="skipped"></skipped>
          </testcase>
          <testcase name="[It] [sig-storage] In-tree Volumes [Driver: ceph] [Feature:Volumes] [Serial] [Testpattern: Dynamic PV (ext4)] multiVolume [Slow] should access to two volumes with the same volume mode and retain data across pod recreation on different node" classname="Kubernetes e2e suite" status="skipped" time="0">
              <skipped message="skipped"></skipped>
          </testcase>
          <testcase name="[It] [sig-storage] In-tree Volumes [Driver: local] [LocalVolumeType: block] [Testpattern: Generic Ephemeral-volume (default fs) (late-binding)] ephemeral should support two pods which have the same volume definition" classname="Kubernetes e2e suite" status="skipped" time="0">
              <skipped message="skipped"></skipped>
          </testcase>
          <testcase name="[It] [sig-storage] In-tree Volumes [Driver: azure-file] [Testpattern: Dynamic PV (ntfs)] [Feature:Windows] subPath should unmount if pod is gracefully deleted while kubelet is down [Disruptive] [Slow] [LinuxOnly]" classname="Kubernetes e2e suite" status="skipped" time="0">
              <skipped message="skipped"></skipped>
          </testcase>
          <testcase name="[It] [sig-apps] StatefulSet AvailableReplicas should get updated accordingly when MinReadySeconds is enabled" classname="Kubernetes e2e suite" status="skipped" time="0">
              <skipped message="skipped"></skipped>
          </testcase>
          <testcase name="[It] [sig-storage] In-tree Volumes [Driver: local] [LocalVolumeType: dir-link] [Testpattern: Pre-provisioned PV (filesystem volmode)] disruptive [Disruptive] [LinuxOnly] Should test that pv written before kubelet restart is readable after restart." classname="Kubernetes e2e suite" status="skipped" time="0">
              <skipped message="skipped"></skipped>
          </testcase>
          <testcase name="[It] [sig-storage] In-tree Volumes [Driver: local] [LocalVolumeType: block] [Testpattern: Dynamic PV (ntfs)] [Feature:Windows] subPath should verify container cannot write to subpath readonly volumes [Slow]" classname="Kubernetes e2e suite" status="skipped" time="0">
              <skipped message="skipped"></skipped>
          </testcase>
          <testcase name="[It] [sig-storage] CSI Volumes [Driver: pd.csi.storage.gke.io] [Serial] [Testpattern: Dynamic PV (ntfs)] [Feature:Windows] volumes should allow exec of files on the volume" classname="Kubernetes e2e suite" status="skipped" time="0">
              <skipped message="skipped"></skipped>
          </testcase>
          <testcase name="[It] [sig-storage] In-tree Volumes [Driver: azure-disk] [Testpattern: Inline-volume (default fs)] subPath should support restarting containers using file as subpath [Slow] [LinuxOnly]" classname="Kubernetes e2e suite" status="skipped" time="0">
              <skipped message="skipped"></skipped>
          </testcase>
          <testcase name="[It] [sig-storage] In-tree Volumes [Driver: azure-disk] [Testpattern: Dynamic PV (default fs)] volume-stress multiple pods should access different volumes repeatedly [Slow] [Serial]" classname="Kubernetes e2e suite" status="skipped" time="0">
              <skipped message="skipped"></skipped>
          </testcase>
          <testcase name="[It] [sig-storage] In-tree Volumes [Driver: local] [LocalVolumeType: dir-link] [Testpattern: Dynamic PV (xfs)] [Slow] multiVolume [Slow] should access to two volumes with different volume mode and retain data across pod recreation on the same node" classname="Kubernetes e2e suite" status="skipped" time="0">
              <skipped message="skipped"></skipped>
          </testcase>
          <testcase name="[It] [sig-storage] CSI Volumes [Driver: pd.csi.storage.gke.io] [Serial] [Testpattern: Dynamic PV (ntfs)] [Feature:Windows] subPath should support file as subpath [LinuxOnly]" classname="Kubernetes e2e suite" status="skipped" time="0">
              <skipped message="skipped"></skipped>
          </testcase>
          <testcase name="[It] [sig-storage] In-tree Volumes [Driver: cinder] [Testpattern: Dynamic PV (ext4)] multiVolume [Slow] should concurrently access the volume and its clone from pods on the same node [LinuxOnly] [Feature:VolumeSourceXFS]" classname="Kubernetes e2e suite" status="skipped" time="0">
              <skipped message="skipped"></skipped>
          </testcase>
          <testcase name="[It] [sig-storage] In-tree Volumes [Driver: cinder] [Testpattern: Pre-provisioned PV (filesystem volmode)] volumeMode should fail to use a volume in a pod with mismatched mode [Slow]" classname="Kubernetes e2e suite" status="skipped" time="0">
              <skipped message="skipped"></skipped>
          </testcase>
          <testcase name="[It] [sig-storage] In-tree Volumes [Driver: cinder] [Testpattern: Inline-volume (default fs)] subPath should support file as subpath [LinuxOnly]" classname="Kubernetes e2e suite" status="skipped" time="0">
              <skipped message="skipped"></skipped>
          </testcase>
          <testcase name="[It] [sig-storage] In-tree Volumes [Driver: azure-file] [Testpattern: Dynamic PV (ntfs)] [Feature:Windows] subPath should support file as subpath [LinuxOnly]" classname="Kubernetes e2e suite" status="skipped" time="0">
              <skipped message="skipped"></skipped>
          </testcase>
          <testcase name="[It] [sig-storage] HostPathType Directory [Slow] Should fail on mounting non-existent directory &#39;does-not-exist-dir&#39; when HostPathType is HostPathDirectory" classname="Kubernetes e2e suite" status="skipped" time="0">
              <skipped message="skipped"></skipped>
          </testcase>
          <testcase name="[It] [sig-storage] In-tree Volumes [Driver: local] [LocalVolumeType: dir-link] [Testpattern: Dynamic PV (block volmode)] volume-expand should not allow expansion of pvcs without AllowVolumeExpansion property" classname="Kubernetes e2e suite" status="skipped" time="0">
              <skipped message="skipped"></skipped>
          </testcase>
          <testcase name="[It] [sig-storage] In-tree Volumes [Driver: local] [LocalVolumeType: dir-link] [Testpattern: Dynamic PV (ntfs)] [Feature:Windows] subPath should fail if subpath with backstepping is outside the volume [Slow] [LinuxOnly]" classname="Kubernetes e2e suite" status="skipped" time="0">
              <skipped message="skipped"></skipped>
          </testcase>
          <testcase name="[It] [sig-storage] In-tree Volumes [Driver: local] [LocalVolumeType: dir-bindmounted] [Testpattern: Dynamic PV (ntfs)] [Feature:Windows] provisioning should provision storage with snapshot data source [Feature:VolumeSnapshotDataSource]" classname="Kubernetes e2e suite" status="skipped" time="0">
              <skipped message="skipped"></skipped>
          </testcase>
          <testcase name="[It] [sig-storage] In-tree Volumes [Driver: aws] [Testpattern: Dynamic PV (ext4)] multiVolume [Slow] should concurrently access the volume and its clone from pods on the same node [LinuxOnly] [Feature:VolumeSourceXFS]" classname="Kubernetes e2e suite" status="skipped" time="0">
              <skipped message="skipped"></skipped>
          </testcase>
          <testcase name="[It] [sig-storage] In-tree Volumes [Driver: rbd] [Feature:Volumes] [Serial] [Testpattern: Inline-volume (ext3)] volumes should store data" classname="Kubernetes e2e suite" status="skipped" time="0">
              <skipped message="skipped"></skipped>
          </testcase>
          <testcase name="[It] [sig-storage] In-tree Volumes [Driver: rbd] [Feature:Volumes] [Serial] [Testpattern: Dynamic PV (ntfs)] [Feature:Windows] subPath should unmount if pod is force deleted while kubelet is down [Disruptive] [Slow] [LinuxOnly]" classname="Kubernetes e2e suite" status="skipped" time="0">
              <skipped message="skipped"></skipped>
          </testcase>
          <testcase name="[It] [sig-node] Pods should allow activeDeadlineSeconds to be updated [NodeConformance] [Conformance]" classname="Kubernetes e2e suite" status="passed" time="6.599740444"></testcase>
          <testcase name="[It] [sig-storage] CSI Volumes [Driver: csi-hostpath] [Testpattern: Dynamic PV (ntfs)] [Feature:Windows] multiVolume [Slow] should access to two volumes with different volume mode and retain data across pod recreation on the same node" classname="Kubernetes e2e suite" status="skipped" time="0">
              <skipped message="skipped"></skipped>
          </testcase>
          <testcase name="[It] [sig-storage] In-tree Volumes [Driver: azure-file] [Testpattern: Inline-volume (default fs)] subPath should unmount if pod is force deleted while kubelet is down [Disruptive] [Slow] [LinuxOnly]" classname="Kubernetes e2e suite" status="skipped" time="0">
              <skipped message="skipped"></skipped>
          </testcase>
          <testcase name="[It] [sig-storage] Zone Support [Feature:vsphere] Verify PVC creation with an invalid VSAN capability along with a compatible zone combination specified in storage class fails" classname="Kubernetes e2e suite" status="skipped" time="0">
              <skipped message="skipped"></skipped>
          </testcase>
          <testcase name="[It] [sig-storage] In-tree Volumes [Driver: hostPathSymlink] [Testpattern: Generic Ephemeral-volume (block volmode) (late-binding)] ephemeral should support expansion of pvcs created for ephemeral pvcs" classname="Kubernetes e2e suite" status="skipped" time="0">
              <skipped message="skipped"></skipped>
          </testcase>
          <testcase name="[It] [sig-storage] In-tree Volumes [Driver: local] [LocalVolumeType: dir] [Testpattern: Generic Ephemeral-volume (default fs) (immediate-binding)] ephemeral should create read-only inline ephemeral volume" classname="Kubernetes e2e suite" status="skipped" time="0">
              <skipped message="skipped"></skipped>
          </testcase>
          <testcase name="[It] [sig-storage] In-tree Volumes [Driver: local] [LocalVolumeType: blockfs] [Testpattern: Inline-volume (ntfs)] [Feature:Windows] volumes should store data" classname="Kubernetes e2e suite" status="skipped" time="0">
              <skipped message="skipped"></skipped>
          </testcase>
          <testcase name="[It] [sig-cluster-lifecycle] [Feature:BootstrapTokens] should sign the new added bootstrap tokens" classname="Kubernetes e2e suite" status="skipped" time="0">
              <skipped message="skipped"></skipped>
          </testcase>
          <testcase name="[It] [sig-storage] In-tree Volumes [Driver: azure-disk] [Testpattern: Dynamic PV (default fs)] subPath should fail if non-existent subpath is outside the volume [Slow] [LinuxOnly]" classname="Kubernetes e2e suite" status="skipped" time="0">
              <skipped message="skipped"></skipped>
          </testcase>
          <testcase name="[It] [sig-storage] In-tree Volumes [Driver: azure-file] [Testpattern: Dynamic PV (default fs)] subPath should support non-existent path" classname="Kubernetes e2e suite" status="skipped" time="0">
              <skipped message="skipped"></skipped>
          </testcase>
          <testcase name="[It] [sig-storage] CSI Volumes [Driver: pd.csi.storage.gke.io] [Serial] [Testpattern: Dynamic PV (default fs)] subPath should support existing directory" classname="Kubernetes e2e suite" status="skipped" time="0">
              <skipped message="skipped"></skipped>
          </testcase>
          <testcase name="[It] [sig-storage] In-tree Volumes [Driver: cinder] [Testpattern: Inline-volume (ntfs)] [Feature:Windows] volumes should store data" classname="Kubernetes e2e suite" status="skipped" time="0">
              <skipped message="skipped"></skipped>
          </testcase>
          <testcase name="[It] [sig-storage] In-tree Volumes [Driver: hostPath] [Testpattern: Dynamic PV (block volmode)] multiVolume [Slow] should concurrently access the volume and its clone from pods on the same node [LinuxOnly] [Feature:VolumeSourceXFS]" classname="Kubernetes e2e suite" status="skipped" time="0">
              <skipped message="skipped"></skipped>
          </testcase>
          <testcase name="[It] [sig-network] LoadBalancers should not have connectivity disruption during rolling update with externalTrafficPolicy=Local [Slow]" classname="Kubernetes e2e suite" status="skipped" time="0">
              <skipped message="skipped"></skipped>
          </testcase>
          <testcase name="[It] [sig-storage] In-tree Volumes [Driver: local] [LocalVolumeType: dir] [Testpattern: Dynamic PV (default fs)] subPath should fail if subpath directory is outside the volume [Slow] [LinuxOnly]" classname="Kubernetes e2e suite" status="skipped" time="0">
              <skipped message="skipped"></skipped>
          </testcase>
          <testcase name="[It] [sig-storage] CSI Volumes [Driver: pd.csi.storage.gke.io] [Serial] [Testpattern: Generic Ephemeral-volume (default fs) (late-binding)] ephemeral should support expansion of pvcs created for ephemeral pvcs" classname="Kubernetes e2e suite" status="skipped" time="0">
              <skipped message="skipped"></skipped>
          </testcase>
          <testcase name="[It] [sig-storage] In-tree Volumes [Driver: azure-disk] [Testpattern: Pre-provisioned PV (block volmode)] multiVolume [Slow] should concurrently access the single volume from pods on different node" classname="Kubernetes e2e suite" status="skipped" time="0">
              <skipped message="skipped"></skipped>
          </testcase>
          <testcase name="[It] [sig-storage] In-tree Volumes [Driver: local] [LocalVolumeType: gce-localssd-scsi-fs] [Serial] [Testpattern: Dynamic PV (ntfs)(allowExpansion)] [Feature:Windows] volume-expand Verify if offline PVC expansion works" classname="Kubernetes e2e suite" status="skipped" time="0">
              <skipped message="skipped"></skipped>
          </testcase>
          <testcase name="[It] [sig-storage] In-tree Volumes [Driver: azure-disk] [Testpattern: Pre-provisioned PV (filesystem volmode)] multiVolume [Slow] should concurrently access the single volume from pods on different node" classname="Kubernetes e2e suite" status="skipped" time="0">
              <skipped message="skipped"></skipped>
          </testcase>
          <testcase name="[It] [sig-storage] In-tree Volumes [Driver: local] [LocalVolumeType: tmpfs] [Testpattern: Pre-provisioned PV (filesystem volmode)] multiVolume [Slow] should concurrently access the single volume from pods on the same node" classname="Kubernetes e2e suite" status="skipped" time="0">
              <skipped message="skipped"></skipped>
          </testcase>
          <testcase name="[It] [sig-storage] In-tree Volumes [Driver: local] [LocalVolumeType: block] [Testpattern: Generic Ephemeral-volume (block volmode) (late-binding)] ephemeral should create read-only inline ephemeral volume" classname="Kubernetes e2e suite" status="skipped" time="0">
              <skipped message="skipped"></skipped>
          </testcase>
          <testcase name="[It] [sig-storage] In-tree Volumes [Driver: nfs] [Testpattern: Dynamic PV (ext3)] volumes should allow exec of files on the volume" classname="Kubernetes e2e suite" status="skipped" time="0">
              <skipped message="skipped"></skipped>
          </testcase>
          <testcase name="[It] [sig-storage] CSI Volumes [Driver: csi-hostpath] [Testpattern: Dynamic PV (default fs)] subPath should be able to unmount after the subpath directory is deleted [LinuxOnly]" classname="Kubernetes e2e suite" status="skipped" time="0">
              <skipped message="skipped"></skipped>
          </testcase>
          <testcase name="[It] [sig-node] [NodeAlphaFeature:SidecarContainers] [Feature:SidecarContainers] Probing restartable init container should be restarted startup probe fails" classname="Kubernetes e2e suite" status="skipped" time="0">
              <skipped message="skipped"></skipped>
          </testcase>
          <testcase name="[It] [sig-storage] In-tree Volumes [Driver: azure-disk] [Testpattern: Dynamic PV (filesystem volmode)] disruptive [Disruptive] [LinuxOnly] Should test that pv used in a pod that is force deleted while the kubelet is down is usable by a new pod when kubelet returns [Feature:SELinux]" classname="Kubernetes e2e suite" status="skipped" time="0">
              <skipped message="skipped"></skipped>
          </testcase>
          <testcase name="[It] [sig-network] [Feature:IPv6DualStack] Granular Checks: Services Secondary IP Family [LinuxOnly] should update endpoints: http" classname="Kubernetes e2e suite" status="skipped" time="0">
              <skipped message="skipped"></skipped>
          </testcase>
          <testcase name="[It] [sig-storage] In-tree Volumes [Driver: local] [LocalVolumeType: gce-localssd-scsi-fs] [Serial] [Testpattern: Dynamic PV (ntfs)] [Feature:Windows] volumes should store data" classname="Kubernetes e2e suite" status="skipped" time="0">
              <skipped message="skipped"></skipped>
          </testcase>
          <testcase name="[It] [sig-storage] In-tree Volumes [Driver: cinder] [Testpattern: Dynamic PV (xfs)] [Slow] multiVolume [Slow] should concurrently access the single volume from pods on the same node" classname="Kubernetes e2e suite" status="skipped" time="0">
              <skipped message="skipped"></skipped>
          </testcase>
          <testcase name="[It] [sig-storage] In-tree Volumes [Driver: local] [LocalVolumeType: dir] [Testpattern: Dynamic PV (block volmode)] multiVolume [Slow] should access to two volumes with different volume mode and retain data across pod recreation on the same node" classname="Kubernetes e2e suite" status="skipped" time="0">
              <skipped message="skipped"></skipped>
          </testcase>
          <testcase name="[It] [sig-storage] In-tree Volumes [Driver: local] [LocalVolumeType: dir-link] [Testpattern: Dynamic PV (default fs)] subPath should support existing directories when readOnly specified in the volumeSource" classname="Kubernetes e2e suite" status="skipped" time="0">
              <skipped message="skipped"></skipped>
          </testcase>
          <testcase name="[It] [sig-storage] CSI Mock fsgroup as mount option Delegate FSGroup to CSI driver [LinuxOnly] should not pass FSGroup to CSI driver if it is set in pod and driver supports VOLUME_MOUNT_GROUP" classname="Kubernetes e2e suite" status="skipped" time="0">
              <skipped message="skipped"></skipped>
          </testcase>
          <testcase name="[It] [sig-storage] In-tree Volumes [Driver: hostPathSymlink] [Testpattern: Pre-provisioned PV (block volmode)] multiVolume [Slow] should concurrently access the single volume from pods on the same node" classname="Kubernetes e2e suite" status="skipped" time="0">
              <skipped message="skipped"></skipped>
          </testcase>
          <testcase name="[It] [sig-storage] In-tree Volumes [Driver: local] [LocalVolumeType: tmpfs] [Testpattern: Pre-provisioned PV (default fs)] subPath should be able to unmount after the subpath directory is deleted [LinuxOnly]" classname="Kubernetes e2e suite" status="skipped" time="0">
              <skipped message="skipped"></skipped>
          </testcase>
          <testcase name="[It] [sig-storage] CSI Volumes [Driver: pd.csi.storage.gke.io] [Serial] [Testpattern: Pre-provisioned Snapshot (retain policy)] snapshottable [Feature:VolumeSnapshotDataSource] volume snapshot controller  should check snapshot fields, check restore correctly works after modifying source data, check deletion (persistent)" classname="Kubernetes e2e suite" status="skipped" time="0">
              <skipped message="skipped"></skipped>
          </testcase>
          <testcase name="[It] [sig-network] Netpol NetworkPolicy between server and client should enforce ingress policy allowing any port traffic to a server on a specific protocol [Feature:NetworkPolicy] [Feature:UDP]" classname="Kubernetes e2e suite" status="skipped" time="0">
              <skipped message="skipped"></skipped>
          </testcase>
          <testcase name="[It] [sig-storage] In-tree Volumes [Driver: local] [LocalVolumeType: blockfs] [Testpattern: Dynamic PV (ntfs)] [Feature:Windows] provisioning should provision storage with snapshot data source (ROX mode) [Feature:VolumeSnapshotDataSource]" classname="Kubernetes e2e suite" status="skipped" time="0">
              <skipped message="skipped"></skipped>
          </testcase>
          <testcase name="[It] [sig-storage] In-tree Volumes [Driver: vsphere] [Testpattern: Dynamic PV (filesystem volmode)] multiVolume [Slow] should concurrently access the volume and its clone from pods on the same node [LinuxOnly] [Feature:VolumeSourceXFS]" classname="Kubernetes e2e suite" status="skipped" time="0">
              <skipped message="skipped"></skipped>
          </testcase>
          <testcase name="[It] [sig-storage] In-tree Volumes [Driver: local] [LocalVolumeType: dir-link-bindmounted] [Testpattern: Dynamic PV (block volmode)] volume-stress multiple pods should access different volumes repeatedly [Slow] [Serial]" classname="Kubernetes e2e suite" status="skipped" time="0">
              <skipped message="skipped"></skipped>
          </testcase>
          <testcase name="[It] [sig-storage] In-tree Volumes [Driver: cinder] [Testpattern: Dynamic PV (ntfs)] [Feature:Windows] subPath should fail if subpath with backstepping is outside the volume [Slow] [LinuxOnly]" classname="Kubernetes e2e suite" status="skipped" time="0">
              <skipped message="skipped"></skipped>
          </testcase>
          <testcase name="[It] [sig-storage] In-tree Volumes [Driver: azure-disk] [Testpattern: Dynamic PV (block volmode)] volumeMode should fail to use a volume in a pod with mismatched mode [Slow]" classname="Kubernetes e2e suite" status="skipped" time="0">
              <skipped message="skipped"></skipped>
          </testcase>
          <testcase name="[It] [sig-storage] In-tree Volumes [Driver: rbd] [Feature:Volumes] [Serial] [Testpattern: Inline-volume (default fs)] subPath should support existing single file [LinuxOnly]" classname="Kubernetes e2e suite" status="skipped" time="0">
              <skipped message="skipped"></skipped>
          </testcase>
          <testcase name="[It] [sig-storage] In-tree Volumes [Driver: azure-file] [Testpattern: Dynamic PV (xfs)] [Slow] volumes should store data" classname="Kubernetes e2e suite" status="skipped" time="0">
              <skipped message="skipped"></skipped>
          </testcase>
          <testcase name="[It] [sig-cli] Kubectl client Simple pod should return command exit codes should support port-forward" classname="Kubernetes e2e suite" status="skipped" time="0">
              <skipped message="skipped"></skipped>
          </testcase>
          <testcase name="[It] [sig-storage] CSI Volumes [Driver: csi-hostpath] [Testpattern: Dynamic PV (ntfs)] [Feature:Windows] provisioning should provision correct filesystem size when restoring snapshot to larger size pvc [Feature:VolumeSnapshotDataSource]" classname="Kubernetes e2e suite" status="skipped" time="0">
              <skipped message="skipped"></skipped>
          </testcase>
          <testcase name="[It] [sig-storage] In-tree Volumes [Driver: local] [LocalVolumeType: gce-localssd-scsi-fs] [Serial] [Testpattern: Dynamic PV (filesystem volmode)] multiVolume [Slow] should concurrently access the single volume from pods on different node" classname="Kubernetes e2e suite" status="skipped" time="0">
              <skipped message="skipped"></skipped>
          </testcase>
          <testcase name="[It] [sig-storage] In-tree Volumes [Driver: local] [LocalVolumeType: dir-link] [Testpattern: Pre-provisioned PV (default fs)] subPath should support existing directories when readOnly specified in the volumeSource" classname="Kubernetes e2e suite" status="skipped" time="0">
              <skipped message="skipped"></skipped>
          </testcase>
          <testcase name="[It] [sig-storage] In-tree Volumes [Driver: azure-file] [Testpattern: Pre-provisioned PV (block volmode)] multiVolume [Slow] should access to two volumes with different volume mode and retain data across pod recreation on the same node" classname="Kubernetes e2e suite" status="skipped" time="0">
              <skipped message="skipped"></skipped>
          </testcase>
          <testcase name="[It] [sig-storage] In-tree Volumes [Driver: local] [LocalVolumeType: dir-link] [Testpattern: Dynamic PV (ext4)] multiVolume [Slow] should concurrently access the volume and its clone from pods on the same node [LinuxOnly] [Feature:VolumeSourceXFS]" classname="Kubernetes e2e suite" status="skipped" time="0">
              <skipped message="skipped"></skipped>
          </testcase>
          <testcase name="[It] [sig-storage] In-tree Volumes [Driver: hostPath] [Testpattern: Dynamic PV (ntfs)] [Feature:Windows] subPath should support file as subpath [LinuxOnly]" classname="Kubernetes e2e suite" status="skipped" time="0">
              <skipped message="skipped"></skipped>
          </testcase>
          <testcase name="[It] [sig-apps] Daemon set [Serial] should surge pods onto nodes when spec was updated and update strategy is RollingUpdate" classname="Kubernetes e2e suite" status="skipped" time="0">
              <skipped message="skipped"></skipped>
          </testcase>
          <testcase name="[It] [sig-storage] In-tree Volumes [Driver: cinder] [Testpattern: Dynamic PV (xfs)] [Slow] multiVolume [Slow] should access to two volumes with different volume mode and retain data across pod recreation on the same node" classname="Kubernetes e2e suite" status="skipped" time="0">
              <skipped message="skipped"></skipped>
          </testcase>
          <testcase name="[It] [sig-storage] In-tree Volumes [Driver: aws] [Testpattern: Dynamic PV (ntfs)] [Feature:Windows] subPath should fail if subpath with backstepping is outside the volume [Slow] [LinuxOnly]" classname="Kubernetes e2e suite" status="skipped" time="0">
              <skipped message="skipped"></skipped>
          </testcase>
          <testcase name="[It] [sig-storage] In-tree Volumes [Driver: hostPath] [Testpattern: Dynamic PV (default fs)] subPath should support non-existent path" classname="Kubernetes e2e suite" status="skipped" time="0">
              <skipped message="skipped"></skipped>
          </testcase>
          <testcase name="[It] [sig-storage] In-tree Volumes [Driver: aws] [Testpattern: Pre-provisioned PV (default fs)] subPath should fail if subpath file is outside the volume [Slow] [LinuxOnly]" classname="Kubernetes e2e suite" status="skipped" time="0">
              <skipped message="skipped"></skipped>
          </testcase>
          <testcase name="[It] [sig-api-machinery] CustomResourceConversionWebhook [Privileged:ClusterAdmin] should be able to convert from CR v1 to CR v2 [Conformance]" classname="Kubernetes e2e suite" status="passed" time="6.924852811"></testcase>
          <testcase name="[It] [sig-storage] In-tree Volumes [Driver: nfs] [Testpattern: Pre-provisioned PV (filesystem volmode)] disruptive [Disruptive] [LinuxOnly] Should test that pv used in a pod that is force deleted while the kubelet is down is usable by a new pod with a different SELinux context when kubelet returns [Feature:SELinux]" classname="Kubernetes e2e suite" status="skipped" time="0">
              <skipped message="skipped"></skipped>
          </testcase>
          <testcase name="[It] [sig-cli] Kubectl Port forwarding With a server listening on localhost that expects a client request should support a client that connects, sends NO DATA, and disconnects" classname="Kubernetes e2e suite" status="skipped" time="0">
              <skipped message="skipped"></skipped>
          </testcase>
          <testcase name="[It] [sig-node] Security Context should support container.SecurityContext.RunAsUser [LinuxOnly]" classname="Kubernetes e2e suite" status="skipped" time="0">
              <skipped message="skipped"></skipped>
          </testcase>
          <testcase name="[It] [sig-storage] In-tree Volumes [Driver: nfs] [Testpattern: Pre-provisioned PV (default fs)] subPath should support file as subpath [LinuxOnly]" classname="Kubernetes e2e suite" status="skipped" time="0">
              <skipped message="skipped"></skipped>
          </testcase>
          <testcase name="[It] [sig-storage] Projected downwardAPI should update annotations on modification [NodeConformance] [Conformance]" classname="Kubernetes e2e suite" status="passed" time="4.602994563"></testcase>
          <testcase name="[It] [sig-storage] In-tree Volumes [Driver: rbd] [Feature:Volumes] [Serial] [Testpattern: Generic Ephemeral-volume (default fs) (immediate-binding)] ephemeral should create read-only inline ephemeral volume" classname="Kubernetes e2e suite" status="skipped" time="0">
              <skipped message="skipped"></skipped>
          </testcase>
          <testcase name="[It] [sig-storage] In-tree Volumes [Driver: local] [LocalVolumeType: gce-localssd-scsi-fs] [Serial] [Testpattern: Pre-provisioned PV (block volmode)] multiVolume [Slow] should access to two volumes with different volume mode and retain data across pod recreation on the same node" classname="Kubernetes e2e suite" status="skipped" time="0">
              <skipped message="skipped"></skipped>
          </testcase>
          <testcase name="[It] [sig-storage] In-tree Volumes [Driver: local] [LocalVolumeType: block] [Testpattern: Dynamic PV (default fs)] volume-expand should not allow expansion of pvcs without AllowVolumeExpansion property" classname="Kubernetes e2e suite" status="skipped" time="0">
              <skipped message="skipped"></skipped>
          </testcase>
          <testcase name="[It] [sig-storage] In-tree Volumes [Driver: local] [LocalVolumeType: gce-localssd-scsi-fs] [Serial] [Testpattern: Dynamic PV (ext4)] volumes should allow exec of files on the volume" classname="Kubernetes e2e suite" status="skipped" time="0">
              <skipped message="skipped"></skipped>
          </testcase>
          <testcase name="[It] [sig-storage] In-tree Volumes [Driver: local] [LocalVolumeType: gce-localssd-scsi-fs] [Serial] [Testpattern: Dynamic PV (filesystem volmode)] multiVolume [Slow] should concurrently access the volume and its clone from pods on the same node [LinuxOnly] [Feature:VolumeSourceXFS]" classname="Kubernetes e2e suite" status="skipped" time="0">
              <skipped message="skipped"></skipped>
          </testcase>
          <testcase name="[It] [sig-storage] In-tree Volumes [Driver: local] [LocalVolumeType: tmpfs] [Testpattern: Dynamic PV (block volmode)] provisioning should provision storage with pvc data source (ROX mode)" classname="Kubernetes e2e suite" status="skipped" time="0">
              <skipped message="skipped"></skipped>
          </testcase>
          <testcase name="[It] [sig-storage] In-tree Volumes [Driver: cinder] [Testpattern: Dynamic PV (default fs)] fsgroupchangepolicy (OnRootMismatch)[LinuxOnly], pod created with an initial fsgroup, volume contents ownership changed via chgrp in first pod, new pod with different fsgroup applied to the volume contents" classname="Kubernetes e2e suite" status="skipped" time="0">
              <skipped message="skipped"></skipped>
          </testcase>
          <testcase name="[It] [sig-storage] In-tree Volumes [Driver: local] [LocalVolumeType: dir] [Testpattern: Dynamic PV (xfs)] [Slow] multiVolume [Slow] should access to two volumes with the same volume mode and retain data across pod recreation on the same node" classname="Kubernetes e2e suite" status="skipped" time="0">
              <skipped message="skipped"></skipped>
          </testcase>
          <testcase name="[It] [sig-storage] In-tree Volumes [Driver: hostPath] [Testpattern: Dynamic PV (default fs)] volumes should store data" classname="Kubernetes e2e suite" status="skipped" time="0">
              <skipped message="skipped"></skipped>
          </testcase>
          <testcase name="[It] [sig-storage] In-tree Volumes [Driver: local] [LocalVolumeType: dir-bindmounted] [Testpattern: Dynamic PV (block volmode)] provisioning should provision storage with any volume data source [Serial]" classname="Kubernetes e2e suite" status="skipped" time="0">
              <skipped message="skipped"></skipped>
          </testcase>
          <testcase name="[It] [sig-storage] HostPathType Directory [Slow] Should fail on mounting directory &#39;adir&#39; when HostPathType is HostPathSocket" classname="Kubernetes e2e suite" status="skipped" time="0">
              <skipped message="skipped"></skipped>
          </testcase>
          <testcase name="[It] [sig-storage] In-tree Volumes [Driver: local] [LocalVolumeType: tmpfs] [Testpattern: Dynamic PV (ntfs)] [Feature:Windows] provisioning should provision storage with any volume data source [Serial]" classname="Kubernetes e2e suite" status="skipped" time="0">
              <skipped message="skipped"></skipped>
          </testcase>
          <testcase name="[It] [sig-storage] In-tree Volumes [Driver: local] [LocalVolumeType: blockfs] [Testpattern: Pre-provisioned PV (xfs)] [Slow] volumes should store data" classname="Kubernetes e2e suite" status="skipped" time="0">
              <skipped message="skipped"></skipped>
          </testcase>
          <testcase name="[It] [sig-storage] In-tree Volumes [Driver: rbd] [Feature:Volumes] [Serial] [Testpattern: Dynamic PV (filesystem volmode)] disruptive [Disruptive] [LinuxOnly] Should test that pv used in a pod that is force deleted while the kubelet is down is usable by a new pod with a different SELinux context when kubelet returns [Feature:SELinux]" classname="Kubernetes e2e suite" status="skipped" time="0">
              <skipped message="skipped"></skipped>
          </testcase>
          <testcase name="[It] [sig-storage] CSI Mock selinux on mount metrics SELinuxMount metrics [LinuxOnly] [Feature:SELinux] [Feature:SELinuxMountReadWriteOncePod] [Serial] warning is bumped on two Pods with a different context on RWO volume" classname="Kubernetes e2e suite" status="skipped" time="0">
              <skipped message="skipped"></skipped>
          </testcase>
          <testcase name="[It] [sig-storage] In-tree Volumes [Driver: iscsi] [Feature:Volumes] [Testpattern: Generic Ephemeral-volume (default fs)] volumeLimits should verify that all csinodes have volume limits" classname="Kubernetes e2e suite" status="skipped" time="0">
              <skipped message="skipped"></skipped>
          </testcase>
          <testcase name="[It] [sig-storage] In-tree Volumes [Driver: azure-disk] [Testpattern: Dynamic PV (block volmode)] multiVolume [Slow] should access to two volumes with the same volume mode and retain data across pod recreation on the same node" classname="Kubernetes e2e suite" status="skipped" time="0">
              <skipped message="skipped"></skipped>
          </testcase>
          <testcase name="[It] [sig-storage] In-tree Volumes [Driver: local] [LocalVolumeType: block] [Testpattern: Pre-provisioned PV (filesystem volmode)] multiVolume [Slow] should access to two volumes with the same volume mode and retain data across pod recreation on different node" classname="Kubernetes e2e suite" status="skipped" time="0">
              <skipped message="skipped"></skipped>
          </testcase>
          <testcase name="[It] [sig-storage] In-tree Volumes [Driver: ceph] [Feature:Volumes] [Serial] [Testpattern: Dynamic PV (default fs)] subPath should support file as subpath [LinuxOnly]" classname="Kubernetes e2e suite" status="skipped" time="0">
              <skipped message="skipped"></skipped>
          </testcase>
          <testcase name="[It] [sig-storage] In-tree Volumes [Driver: local] [LocalVolumeType: dir] [Testpattern: Dynamic PV (default fs)] provisioning should provision storage with pvc data source in parallel [Slow]" classname="Kubernetes e2e suite" status="skipped" time="0">
              <skipped message="skipped"></skipped>
          </testcase>
          <testcase name="[It] [sig-storage] In-tree Volumes [Driver: cinder] [Testpattern: Dynamic PV (ntfs)] [Feature:Windows] subPath should unmount if pod is force deleted while kubelet is down [Disruptive] [Slow] [LinuxOnly]" classname="Kubernetes e2e suite" status="skipped" time="0">
              <skipped message="skipped"></skipped>
          </testcase>
          <testcase name="[It] [sig-storage] In-tree Volumes [Driver: local] [LocalVolumeType: dir] [Testpattern: Dynamic PV (ntfs)] [Feature:Windows] multiVolume [Slow] should concurrently access the volume and restored snapshot from pods on the same node [LinuxOnly] [Feature:VolumeSnapshotDataSource] [Feature:VolumeSourceXFS]" classname="Kubernetes e2e suite" status="skipped" time="0">
              <skipped message="skipped"></skipped>
          </testcase>
          <testcase name="[It] [sig-storage] In-tree Volumes [Driver: local] [LocalVolumeType: tmpfs] [Testpattern: Pre-provisioned PV (block volmode)] multiVolume [Slow] should concurrently access the single volume from pods on different node" classname="Kubernetes e2e suite" status="skipped" time="0">
              <skipped message="skipped"></skipped>
          </testcase>
          <testcase name="[It] [sig-storage] In-tree Volumes [Driver: local] [LocalVolumeType: blockfs] [Testpattern: Dynamic PV (default fs)] fsgroupchangepolicy (Always)[LinuxOnly], pod created with an initial fsgroup, volume contents ownership changed via chgrp in first pod, new pod with same fsgroup applied to the volume contents" classname="Kubernetes e2e suite" status="skipped" time="0">
              <skipped message="skipped"></skipped>
          </testcase>
          <testcase name="[It] [sig-storage] In-tree Volumes [Driver: azure-file] [Testpattern: Pre-provisioned PV (block volmode)] volumes should store data" classname="Kubernetes e2e suite" status="skipped" time="0">
              <skipped message="skipped"></skipped>
          </testcase>
          <testcase name="[It] [sig-storage] In-tree Volumes [Driver: azure-file] [Testpattern: Dynamic PV (block volmode)] volumes should store data" classname="Kubernetes e2e suite" status="skipped" time="0">
              <skipped message="skipped"></skipped>
          </testcase>
          <testcase name="[It] [sig-storage] In-tree Volumes [Driver: hostPathSymlink] [Testpattern: Generic Ephemeral-volume (default fs) (late-binding)] ephemeral should support multiple inline ephemeral volumes" classname="Kubernetes e2e suite" status="skipped" time="0">
              <skipped message="skipped"></skipped>
          </testcase>
          <testcase name="[It] [sig-storage] In-tree Volumes [Driver: local] [LocalVolumeType: gce-localssd-scsi-fs] [Serial] [Testpattern: Generic Ephemeral-volume (default fs) (immediate-binding)] ephemeral should create read/write inline ephemeral volume" classname="Kubernetes e2e suite" status="skipped" time="0">
              <skipped message="skipped"></skipped>
          </testcase>
          <testcase name="[It] [sig-storage] Regional PD RegionalPD should provision storage with delayed binding [Slow]" classname="Kubernetes e2e suite" status="skipped" time="0">
              <skipped message="skipped"></skipped>
          </testcase>
          <testcase name="[It] [sig-storage] In-tree Volumes [Driver: nfs] [Testpattern: Pre-provisioned PV (default fs)] subPath should unmount if pod is gracefully deleted while kubelet is down [Disruptive] [Slow] [LinuxOnly]" classname="Kubernetes e2e suite" status="skipped" time="0">
              <skipped message="skipped"></skipped>
          </testcase>
          <testcase name="[It] [sig-storage] CSI Volumes [Driver: csi-hostpath] [Testpattern: Generic Ephemeral-volume (default fs) (immediate-binding)] ephemeral should create read-only inline ephemeral volume" classname="Kubernetes e2e suite" status="skipped" time="0">
              <skipped message="skipped"></skipped>
          </testcase>
          <testcase name="[It] [sig-cli] Kubectl client Kubectl server-side dry-run should check if kubectl can dry-run update Pods [Conformance]" classname="Kubernetes e2e suite" status="passed" time="2.2606419300000002"></testcase>
          <testcase name="[It] [sig-storage] In-tree Volumes [Driver: local] [LocalVolumeType: block] [Testpattern: Dynamic PV (default fs)] provisioning should provision storage with pvc data source" classname="Kubernetes e2e suite" status="skipped" time="0">
              <skipped message="skipped"></skipped>
          </testcase>
          <testcase name="[It] [sig-storage] In-tree Volumes [Driver: rbd] [Feature:Volumes] [Serial] [Testpattern: Dynamic PV (xfs)] [Slow] multiVolume [Slow] should access to two volumes with different volume mode and retain data across pod recreation on the same node" classname="Kubernetes e2e suite" status="skipped" time="0">
              <skipped message="skipped"></skipped>
          </testcase>
          <testcase name="[It] [sig-storage] In-tree Volumes [Driver: hostPath] [Testpattern: Dynamic PV (xfs)] [Slow] volumes should allow exec of files on the volume" classname="Kubernetes e2e suite" status="skipped" time="0">
              <skipped message="skipped"></skipped>
          </testcase>
          <testcase name="[It] [sig-storage] In-tree Volumes [Driver: ceph] [Feature:Volumes] [Serial] [Testpattern: Generic Ephemeral-volume (block volmode) (late-binding)] ephemeral should support multiple inline ephemeral volumes" classname="Kubernetes e2e suite" status="skipped" time="0">
              <skipped message="skipped"></skipped>
          </testcase>
          <testcase name="[It] [sig-storage] In-tree Volumes [Driver: local] [LocalVolumeType: dir-bindmounted] [Testpattern: Inline-volume (default fs)] subPath should unmount if pod is force deleted while kubelet is down [Disruptive] [Slow] [LinuxOnly]" classname="Kubernetes e2e suite" status="skipped" time="0">
              <skipped message="skipped"></skipped>
          </testcase>
          <testcase name="[It] [sig-storage] In-tree Volumes [Driver: aws] [Testpattern: Dynamic PV (default fs)] subPath should support readOnly directory specified in the volumeMount" classname="Kubernetes e2e suite" status="skipped" time="0">
              <skipped message="skipped"></skipped>
          </testcase>
          <testcase name="[It] [sig-node] Container Lifecycle Hook when create a pod with lifecycle hook should execute prestop https hook properly [MinimumKubeletVersion:1.23] [NodeConformance]" classname="Kubernetes e2e suite" status="skipped" time="0">
              <skipped message="skipped"></skipped>
          </testcase>
          <testcase name="[It] [sig-storage] In-tree Volumes [Driver: rbd] [Feature:Volumes] [Serial] [Testpattern: Dynamic PV (block volmode)] volumeMode should fail to use a volume in a pod with mismatched mode [Slow]" classname="Kubernetes e2e suite" status="skipped" time="0">
              <skipped message="skipped"></skipped>
          </testcase>
          <testcase name="[It] [sig-storage] In-tree Volumes [Driver: cinder] [Testpattern: Pre-provisioned PV (block volmode)] multiVolume [Slow] should access to two volumes with different volume mode and retain data across pod recreation on different node" classname="Kubernetes e2e suite" status="skipped" time="0">
              <skipped message="skipped"></skipped>
          </testcase>
          <testcase name="[It] [sig-storage] Projected downwardAPI should provide container&#39;s cpu request [NodeConformance] [Conformance]" classname="Kubernetes e2e suite" status="passed" time="4.082127104"></testcase>
          <testcase name="[It] [sig-network] Services should fallback to terminating endpoints when there are no ready endpoints with internalTrafficPolicy=Cluster" classname="Kubernetes e2e suite" status="skipped" time="0">
              <skipped message="skipped"></skipped>
          </testcase>
          <testcase name="[It] [sig-storage] In-tree Volumes [Driver: azure-disk] [Testpattern: Generic Ephemeral-volume (default fs) (immediate-binding)] ephemeral should create read-only inline ephemeral volume" classname="Kubernetes e2e suite" status="skipped" time="0">
              <skipped message="skipped"></skipped>
          </testcase>
          <testcase name="[It] [sig-storage] CSI Volumes [Driver: csi-hostpath] [Testpattern: Dynamic PV (ntfs)] [Feature:Windows] multiVolume [Slow] should concurrently access the single read-only volume from pods on the same node" classname="Kubernetes e2e suite" status="skipped" time="0">
              <skipped message="skipped"></skipped>
          </testcase>
          <testcase name="[It] [sig-apps] Daemon set [Serial] should list and delete a collection of DaemonSets [Conformance]" classname="Kubernetes e2e suite" status="passed" time="1.174107532"></testcase>
          <testcase name="[It] [sig-storage] In-tree Volumes [Driver: hostPathSymlink] [Testpattern: Dynamic PV (default fs)] subPath should support existing directories when readOnly specified in the volumeSource" classname="Kubernetes e2e suite" status="skipped" time="0">
              <skipped message="skipped"></skipped>
          </testcase>
          <testcase name="[It] [sig-storage] In-tree Volumes [Driver: hostPath] [Testpattern: Pre-provisioned PV (default fs)] subPath should fail if non-existent subpath is outside the volume [Slow] [LinuxOnly]" classname="Kubernetes e2e suite" status="skipped" time="0">
              <skipped message="skipped"></skipped>
          </testcase>
          <testcase name="[It] [sig-storage] In-tree Volumes [Driver: aws] [Testpattern: Dynamic PV (ntfs)] [Feature:Windows] multiVolume [Slow] should access to two volumes with the same volume mode and retain data across pod recreation on different node" classname="Kubernetes e2e suite" status="skipped" time="0">
              <skipped message="skipped"></skipped>
          </testcase>
          <testcase name="[It] [sig-storage] CSI Volumes [Driver: csi-hostpath] [Testpattern: Dynamic PV (default fs)] subPath should support existing directory" classname="Kubernetes e2e suite" status="skipped" time="0">
              <skipped message="skipped"></skipped>
          </testcase>
          <testcase name="[It] [sig-storage] In-tree Volumes [Driver: rbd] [Feature:Volumes] [Serial] [Testpattern: Dynamic PV (ntfs)] [Feature:Windows] provisioning should provision correct filesystem size when restoring snapshot to larger size pvc [Feature:VolumeSnapshotDataSource]" classname="Kubernetes e2e suite" status="skipped" time="0">
              <skipped message="skipped"></skipped>
          </testcase>
          <testcase name="[It] [sig-storage] In-tree Volumes [Driver: hostPath] [Testpattern: Dynamic PV (ntfs)(allowExpansion)] [Feature:Windows] volume-expand Verify if offline PVC expansion works" classname="Kubernetes e2e suite" status="skipped" time="0">
              <skipped message="skipped"></skipped>
          </testcase>
          <testcase name="[It] [sig-storage] In-tree Volumes [Driver: azure-file] [Testpattern: Dynamic PV (default fs)] fsgroupchangepolicy (OnRootMismatch)[LinuxOnly], pod created with an initial fsgroup, volume contents ownership changed via chgrp in first pod, new pod with different fsgroup applied to the volume contents" classname="Kubernetes e2e suite" status="skipped" time="0">
              <skipped message="skipped"></skipped>
          </testcase>
          <testcase name="[It] [sig-storage] In-tree Volumes [Driver: azure-file] [Testpattern: Pre-provisioned PV (filesystem volmode)] multiVolume [Slow] should concurrently access the single read-only volume from pods on the same node" classname="Kubernetes e2e suite" status="skipped" time="0">
              <skipped message="skipped"></skipped>
          </testcase>
          <testcase name="[It] [sig-network] DNS should provide DNS for ExternalName services [Conformance]" classname="Kubernetes e2e suite" status="passed" time="10.302452619"></testcase>
          <testcase name="[It] [sig-storage] In-tree Volumes [Driver: local] [LocalVolumeType: dir-link-bindmounted] [Testpattern: Dynamic PV (ntfs)] [Feature:Windows] provisioning should provision storage with any volume data source [Serial]" classname="Kubernetes e2e suite" status="skipped" time="0">
              <skipped message="skipped"></skipped>
          </testcase>
          <testcase name="[It] [sig-api-machinery] API priority and fairness should ensure that requests can be classified by adding FlowSchema and PriorityLevelConfiguration" classname="Kubernetes e2e suite" status="skipped" time="0">
              <skipped message="skipped"></skipped>
          </testcase>
          <testcase name="[It] [sig-storage] CSI Mock volume storage capacity CSIStorageCapacity CSIStorageCapacity unused" classname="Kubernetes e2e suite" status="skipped" time="0">
              <skipped message="skipped"></skipped>
          </testcase>
          <testcase name="[It] [sig-storage] In-tree Volumes [Driver: local] [LocalVolumeType: dir] [Testpattern: Pre-provisioned PV (default fs)] subPath should support readOnly file specified in the volumeMount [LinuxOnly]" classname="Kubernetes e2e suite" status="skipped" time="0">
              <skipped message="skipped"></skipped>
          </testcase>
          <testcase name="[It] [sig-storage] In-tree Volumes [Driver: local] [LocalVolumeType: dir-bindmounted] [Testpattern: Pre-provisioned PV (default fs)] subPath should support existing single file [LinuxOnly]" classname="Kubernetes e2e suite" status="skipped" time="0">
              <skipped message="skipped"></skipped>
          </testcase>
          <testcase name="[It] [sig-storage] In-tree Volumes [Driver: local] [LocalVolumeType: blockfs] [Testpattern: Pre-provisioned PV (filesystem volmode)] disruptive [Disruptive] [LinuxOnly] Should test that pv used in a pod that is force deleted while the kubelet is down is usable by a new pod when kubelet returns [Feature:SELinux]" classname="Kubernetes e2e suite" status="skipped" time="0">
              <skipped message="skipped"></skipped>
          </testcase>
          <testcase name="[It] [sig-storage] In-tree Volumes [Driver: local] [LocalVolumeType: block] [Testpattern: Dynamic PV (default fs)] subPath should support existing directories when readOnly specified in the volumeSource" classname="Kubernetes e2e suite" status="skipped" time="0">
              <skipped message="skipped"></skipped>
          </testcase>
          <testcase name="[It] [sig-storage] In-tree Volumes [Driver: azure-file] [Testpattern: Inline-volume (default fs)] subPath should unmount if pod is gracefully deleted while kubelet is down [Disruptive] [Slow] [LinuxOnly]" classname="Kubernetes e2e suite" status="skipped" time="0">
              <skipped message="skipped"></skipped>
          </testcase>
          <testcase name="[It] [sig-node] InitContainer [NodeConformance] should not start app containers if init containers fail on a RestartAlways pod [Conformance]" classname="Kubernetes e2e suite" status="passed" time="41.611169322"></testcase>
          <testcase name="[It] [sig-autoscaling] Cluster size autoscaling [Slow] should correctly scale down after a node is not needed when there is non autoscaled pool [Feature:ClusterSizeAutoscalingScaleDown]" classname="Kubernetes e2e suite" status="skipped" time="0">
              <skipped message="skipped"></skipped>
          </testcase>
          <testcase name="[It] [sig-storage] In-tree Volumes [Driver: hostPath] [Testpattern: Dynamic PV (xfs)] [Slow] multiVolume [Slow] should access to two volumes with different volume mode and retain data across pod recreation on different node" classname="Kubernetes e2e suite" status="skipped" time="0">
              <skipped message="skipped"></skipped>
          </testcase>
          <testcase name="[It] [sig-storage] In-tree Volumes [Driver: iscsi] [Feature:Volumes] [Testpattern: Dynamic PV (ext4)] multiVolume [Slow] should access to two volumes with different volume mode and retain data across pod recreation on the same node" classname="Kubernetes e2e suite" status="skipped" time="0">
              <skipped message="skipped"></skipped>
          </testcase>
          <testcase name="[It] [sig-storage] In-tree Volumes [Driver: local] [LocalVolumeType: dir] [Testpattern: Pre-provisioned PV (filesystem volmode)] multiVolume [Slow] should concurrently access the volume and restored snapshot from pods on the same node [LinuxOnly] [Feature:VolumeSnapshotDataSource] [Feature:VolumeSourceXFS]" classname="Kubernetes e2e suite" status="skipped" time="0">
              <skipped message="skipped"></skipped>
          </testcase>
          <testcase name="[It] [sig-storage] In-tree Volumes [Driver: aws] [Testpattern: Inline-volume (ext4)] volumes should store data" classname="Kubernetes e2e suite" status="skipped" time="0">
              <skipped message="skipped"></skipped>
          </testcase>
          <testcase name="[It] [sig-storage] In-tree Volumes [Driver: local] [LocalVolumeType: tmpfs] [Testpattern: Dynamic PV (default fs)] volumes should store data" classname="Kubernetes e2e suite" status="skipped" time="0">
              <skipped message="skipped"></skipped>
          </testcase>
          <testcase name="[It] [sig-api-machinery] Watchers should be able to restart watching from the last resource version observed by the previous watch [Conformance]" classname="Kubernetes e2e suite" status="passed" time="0.068060173"></testcase>
          <testcase name="[It] [sig-storage] In-tree Volumes [Driver: aws] [Testpattern: Inline-volume (ntfs)] [Feature:Windows] volumes should store data" classname="Kubernetes e2e suite" status="skipped" time="0">
              <skipped message="skipped"></skipped>
          </testcase>
          <testcase name="[It] [sig-storage] In-tree Volumes [Driver: local] [LocalVolumeType: block] [Testpattern: Dynamic PV (default fs)] provisioning should provision storage with pvc data source (ROX mode)" classname="Kubernetes e2e suite" status="skipped" time="0">
              <skipped message="skipped"></skipped>
          </testcase>
          <testcase name="[It] [sig-storage] In-tree Volumes [Driver: aws] [Testpattern: Dynamic PV (default fs)] fsgroupchangepolicy (OnRootMismatch)[LinuxOnly], pod created with an initial fsgroup, new pod fsgroup applied to volume contents" classname="Kubernetes e2e suite" status="skipped" time="0">
              <skipped message="skipped"></skipped>
          </testcase>
          <testcase name="[It] [sig-storage] In-tree Volumes [Driver: local] [LocalVolumeType: tmpfs] [Testpattern: Inline-volume (default fs)] subPath should verify container cannot write to subpath readonly volumes [Slow]" classname="Kubernetes e2e suite" status="skipped" time="0">
              <skipped message="skipped"></skipped>
          </testcase>
          <testcase name="[It] [sig-storage] In-tree Volumes [Driver: local] [LocalVolumeType: dir] [Testpattern: Dynamic PV (ntfs)] [Feature:Windows] subPath should fail if subpath with backstepping is outside the volume [Slow] [LinuxOnly]" classname="Kubernetes e2e suite" status="skipped" time="0">
              <skipped message="skipped"></skipped>
          </testcase>
          <testcase name="[It] [sig-storage] In-tree Volumes [Driver: local] [LocalVolumeType: gce-localssd-scsi-fs] [Serial] [Testpattern: Dynamic PV (default fs)] subPath should support existing directories when readOnly specified in the volumeSource" classname="Kubernetes e2e suite" status="skipped" time="0">
              <skipped message="skipped"></skipped>
          </testcase>
          <testcase name="[It] [sig-storage] In-tree Volumes [Driver: emptydir] [Testpattern: Dynamic PV (block volmode)] multiVolume [Slow] should concurrently access the volume and its clone from pods on the same node [LinuxOnly] [Feature:VolumeSourceXFS]" classname="Kubernetes e2e suite" status="skipped" time="0">
              <skipped message="skipped"></skipped>
          </testcase>
          <testcase name="[It] [sig-storage] In-tree Volumes [Driver: local] [LocalVolumeType: gce-localssd-scsi-fs] [Serial] [Testpattern: Dynamic PV (ntfs)] [Feature:Windows] multiVolume [Slow] should access to two volumes with different volume mode and retain data across pod recreation on the same node" classname="Kubernetes e2e suite" status="skipped" time="0">
              <skipped message="skipped"></skipped>
          </testcase>
          <testcase name="[It] [sig-storage] PersistentVolumes GCEPD [Feature:StorageProvider] should test that deleting the Namespace of a PVC and Pod causes the successful detach of Persistent Disk" classname="Kubernetes e2e suite" status="skipped" time="0">
              <skipped message="skipped"></skipped>
          </testcase>
          <testcase name="[It] [sig-storage] In-tree Volumes [Driver: cinder] [Testpattern: Pre-provisioned PV (filesystem volmode)] disruptive [Disruptive] [LinuxOnly] Should test that pv written before kubelet restart is readable after restart." classname="Kubernetes e2e suite" status="skipped" time="0">
              <skipped message="skipped"></skipped>
          </testcase>
          <testcase name="[It] [sig-storage] In-tree Volumes [Driver: aws] [Testpattern: Dynamic PV (xfs)] [Slow] multiVolume [Slow] should access to two volumes with the same volume mode and retain data across pod recreation on different node" classname="Kubernetes e2e suite" status="skipped" time="0">
              <skipped message="skipped"></skipped>
          </testcase>
          <testcase name="[It] [sig-storage] CSI Volumes [Driver: pd.csi.storage.gke.io] [Serial] [Testpattern: Dynamic PV (filesystem volmode)] disruptive [Disruptive] [LinuxOnly] Should test that pv written before kubelet restart is readable after restart." classname="Kubernetes e2e suite" status="skipped" time="0">
              <skipped message="skipped"></skipped>
          </testcase>
          <testcase name="[It] [sig-storage] In-tree Volumes [Driver: local] [LocalVolumeType: tmpfs] [Testpattern: Pre-provisioned PV (filesystem volmode)] disruptive [Disruptive] [LinuxOnly] Should test that pv used in a pod that is deleted while the kubelet is down is usable by a new pod when kubelet returns [Feature:SELinux]" classname="Kubernetes e2e suite" status="skipped" time="0">
              <skipped message="skipped"></skipped>
          </testcase>
          <testcase name="[It] [sig-storage] In-tree Volumes [Driver: local] [LocalVolumeType: dir-link-bindmounted] [Testpattern: Pre-provisioned PV (filesystem volmode)] disruptive [Disruptive] [LinuxOnly] Should test that pv used in a pod that is force deleted while the kubelet is down is usable by a new pod when kubelet returns [Feature:SELinux]" classname="Kubernetes e2e suite" status="skipped" time="0">
              <skipped message="skipped"></skipped>
          </testcase>
          <testcase name="[It] [sig-storage] In-tree Volumes [Driver: ceph] [Feature:Volumes] [Serial] [Testpattern: Dynamic PV (default fs)] provisioning should provision storage with mount options" classname="Kubernetes e2e suite" status="skipped" time="0">
              <skipped message="skipped"></skipped>
          </testcase>
          <testcase name="[It] [sig-storage] In-tree Volumes [Driver: nfs] [Testpattern: Pre-provisioned PV (filesystem volmode)] multiVolume [Slow] should access to two volumes with the same volume mode and retain data across pod recreation on the same node" classname="Kubernetes e2e suite" status="skipped" time="0">
              <skipped message="skipped"></skipped>
          </testcase>
          <testcase name="[It] [sig-storage] CSI Volumes [Driver: csi-hostpath] [Testpattern: Dynamic PV (ext4)] multiVolume [Slow] should concurrently access the single volume from pods on different node" classname="Kubernetes e2e suite" status="skipped" time="0">
              <skipped message="skipped"></skipped>
          </testcase>
          <testcase name="[It] [sig-network] Firewall rule [Slow] [Serial] should create valid firewall rules for LoadBalancer type service" classname="Kubernetes e2e suite" status="skipped" time="0">
              <skipped message="skipped"></skipped>
          </testcase>
          <testcase name="[It] [sig-storage] In-tree Volumes [Driver: rbd] [Feature:Volumes] [Serial] [Testpattern: Dynamic PV (block volmode)] provisioning should provision storage with pvc data source in parallel [Slow]" classname="Kubernetes e2e suite" status="skipped" time="0">
              <skipped message="skipped"></skipped>
          </testcase>
          <testcase name="[It] [sig-storage] In-tree Volumes [Driver: ceph] [Feature:Volumes] [Serial] [Testpattern: Generic Ephemeral-volume (block volmode) (late-binding)] ephemeral should create read-only inline ephemeral volume" classname="Kubernetes e2e suite" status="skipped" time="0">
              <skipped message="skipped"></skipped>
          </testcase>
          <testcase name="[It] [sig-storage] In-tree Volumes [Driver: azure-file] [Testpattern: Pre-provisioned PV (default fs)] subPath should fail if subpath directory is outside the volume [Slow] [LinuxOnly]" classname="Kubernetes e2e suite" status="skipped" time="0">
              <skipped message="skipped"></skipped>
          </testcase>
          <testcase name="[It] [sig-storage] In-tree Volumes [Driver: azure-file] [Testpattern: Pre-provisioned PV (block volmode)] multiVolume [Slow] should concurrently access the single read-only volume from pods on the same node" classname="Kubernetes e2e suite" status="skipped" time="0">
              <skipped message="skipped"></skipped>
          </testcase>
          <testcase name="[It] [sig-storage] In-tree Volumes [Driver: emptydir] [Testpattern: Dynamic PV (default fs)] subPath should fail if non-existent subpath is outside the volume [Slow] [LinuxOnly]" classname="Kubernetes e2e suite" status="skipped" time="0">
              <skipped message="skipped"></skipped>
          </testcase>
          <testcase name="[It] [sig-storage] In-tree Volumes [Driver: local] [LocalVolumeType: block] [Testpattern: Dynamic PV (xfs)] [Slow] volumes should allow exec of files on the volume" classname="Kubernetes e2e suite" status="skipped" time="0">
              <skipped message="skipped"></skipped>
          </testcase>
          <testcase name="[It] [sig-storage] CSI Volumes [Driver: csi-hostpath] [Testpattern: Inline-volume (default fs)] subPath should fail if subpath directory is outside the volume [Slow] [LinuxOnly]" classname="Kubernetes e2e suite" status="skipped" time="0">
              <skipped message="skipped"></skipped>
          </testcase>
          <testcase name="[It] [sig-storage] In-tree Volumes [Driver: azure-disk] [Testpattern: Pre-provisioned PV (filesystem volmode)] multiVolume [Slow] should concurrently access the volume and its clone from pods on the same node [LinuxOnly] [Feature:VolumeSourceXFS]" classname="Kubernetes e2e suite" status="skipped" time="0">
              <skipped message="skipped"></skipped>
          </testcase>
          <testcase name="[It] [sig-cloud-provider-gcp] Reboot [Disruptive] [Feature:Reboot] each node by ordering clean reboot and ensure they function upon restart" classname="Kubernetes e2e suite" status="skipped" time="0">
              <skipped message="skipped"></skipped>
          </testcase>
          <testcase name="[It] [sig-storage] In-tree Volumes [Driver: aws] [Testpattern: Dynamic PV (xfs)] [Slow] multiVolume [Slow] should access to two volumes with different volume mode and retain data across pod recreation on different node" classname="Kubernetes e2e suite" status="skipped" time="0">
              <skipped message="skipped"></skipped>
          </testcase>
          <testcase name="[It] [sig-storage] In-tree Volumes [Driver: hostPath] [Testpattern: Pre-provisioned PV (filesystem volmode)] multiVolume [Slow] should concurrently access the volume and restored snapshot from pods on the same node [LinuxOnly] [Feature:VolumeSnapshotDataSource] [Feature:VolumeSourceXFS]" classname="Kubernetes e2e suite" status="skipped" time="0">
              <skipped message="skipped"></skipped>
          </testcase>
          <testcase name="[It] [sig-storage] In-tree Volumes [Driver: local] [LocalVolumeType: dir-bindmounted] [Testpattern: Dynamic PV (filesystem volmode)] disruptive [Disruptive] [LinuxOnly] Should test that pv used in a pod that is force deleted while the kubelet is down is usable by a new pod when kubelet returns [Feature:SELinux]" classname="Kubernetes e2e suite" status="skipped" time="0">
              <skipped message="skipped"></skipped>
          </testcase>
          <testcase name="[It] [sig-storage] In-tree Volumes [Driver: aws] [Testpattern: Dynamic PV (default fs)] subPath should fail if subpath directory is outside the volume [Slow] [LinuxOnly]" classname="Kubernetes e2e suite" status="skipped" time="0">
              <skipped message="skipped"></skipped>
          </testcase>
          <testcase name="[It] [sig-storage] In-tree Volumes [Driver: local] [LocalVolumeType: gce-localssd-scsi-fs] [Serial] [Testpattern: Pre-provisioned PV (default fs)] subPath should unmount if pod is gracefully deleted while kubelet is down [Disruptive] [Slow] [LinuxOnly]" classname="Kubernetes e2e suite" status="skipped" time="0">
              <skipped message="skipped"></skipped>
          </testcase>
          <testcase name="[It] [sig-storage] In-tree Volumes [Driver: rbd] [Feature:Volumes] [Serial] [Testpattern: Dynamic PV (block volmode)] volume-stress multiple pods should access different volumes repeatedly [Slow] [Serial]" classname="Kubernetes e2e suite" status="skipped" time="0">
              <skipped message="skipped"></skipped>
          </testcase>
          <testcase name="[It] [sig-storage] CSI Volumes [Driver: pd.csi.storage.gke.io] [Serial] [Testpattern: Dynamic PV (ntfs)] [Feature:Windows] subPath should be able to unmount after the subpath directory is deleted [LinuxOnly]" classname="Kubernetes e2e suite" status="skipped" time="0">
              <skipped message="skipped"></skipped>
          </testcase>
          <testcase name="[It] [sig-storage] In-tree Volumes [Driver: nfs] [Testpattern: Dynamic PV (immediate binding)] topology should fail to schedule a pod which has topologies that conflict with AllowedTopologies" classname="Kubernetes e2e suite" status="skipped" time="0">
              <skipped message="skipped"></skipped>
          </testcase>
          <testcase name="[It] [sig-storage] In-tree Volumes [Driver: local] [LocalVolumeType: tmpfs] [Testpattern: Pre-provisioned PV (default fs)] volumeIO should write files of various sizes, verify size, validate content [Slow]" classname="Kubernetes e2e suite" status="skipped" time="0">
              <skipped message="skipped"></skipped>
          </testcase>
          <testcase name="[It] [sig-storage] In-tree Volumes [Driver: local] [LocalVolumeType: dir-bindmounted] [Testpattern: Dynamic PV (ntfs)] [Feature:Windows] multiVolume [Slow] should concurrently access the single volume from pods on the same node" classname="Kubernetes e2e suite" status="skipped" time="0">
              <skipped message="skipped"></skipped>
          </testcase>
          <testcase name="[It] [sig-node] DRA [Feature:DynamicResourceAllocation] cluster runs a pod without a generated resource claim" classname="Kubernetes e2e suite" status="skipped" time="0">
              <skipped message="skipped"></skipped>
          </testcase>
          <testcase name="[It] [sig-storage] In-tree Volumes [Driver: local] [LocalVolumeType: dir-link] [Testpattern: Dynamic PV (default fs)] subPath should support restarting containers using directory as subpath [Slow]" classname="Kubernetes e2e suite" status="skipped" time="0">
              <skipped message="skipped"></skipped>
          </testcase>
          <testcase name="[It] [sig-storage] In-tree Volumes [Driver: hostPath] [Testpattern: Generic Ephemeral-volume (default fs) (immediate-binding)] ephemeral should create read/write inline ephemeral volume" classname="Kubernetes e2e suite" status="skipped" time="0">
              <skipped message="skipped"></skipped>
          </testcase>
          <testcase name="[It] [sig-storage] In-tree Volumes [Driver: local] [LocalVolumeType: block] [Testpattern: Generic Ephemeral-volume (default fs)] volumeLimits should support volume limits [Serial]" classname="Kubernetes e2e suite" status="skipped" time="0">
              <skipped message="skipped"></skipped>
          </testcase>
          <testcase name="[It] [sig-storage] In-tree Volumes [Driver: local] [LocalVolumeType: gce-localssd-scsi-fs] [Serial] [Testpattern: Dynamic PV (ntfs)] [Feature:Windows] subPath should support readOnly file specified in the volumeMount [LinuxOnly]" classname="Kubernetes e2e suite" status="skipped" time="0">
              <skipped message="skipped"></skipped>
          </testcase>
          <testcase name="[It] [sig-storage] Downward API volume should provide container&#39;s memory request [NodeConformance] [Conformance]" classname="Kubernetes e2e suite" status="passed" time="4.111154949"></testcase>
          <testcase name="[It] [sig-storage] CSI Volumes [Driver: csi-hostpath] [Testpattern: Pre-provisioned PV (default fs)] volumes should store data" classname="Kubernetes e2e suite" status="skipped" time="0">
              <skipped message="skipped"></skipped>
          </testcase>
          <testcase name="[It] [sig-cli] Kubectl client Update Demo should create and stop a replication controller [Conformance]" classname="Kubernetes e2e suite" status="passed" time="6.215385066"></testcase>
          <testcase name="[It] [sig-storage] In-tree Volumes [Driver: local] [LocalVolumeType: tmpfs] [Testpattern: Dynamic PV (default fs)] capacity provides storage capacity information" classname="Kubernetes e2e suite" status="skipped" time="0">
              <skipped message="skipped"></skipped>
          </testcase>
          <testcase name="[It] [sig-storage] In-tree Volumes [Driver: local] [LocalVolumeType: dir-bindmounted] [Testpattern: Pre-provisioned PV (filesystem volmode)] disruptive [Disruptive] [LinuxOnly] Should test that pv used in a pod that is deleted while the kubelet is down is usable by a new pod when kubelet returns [Feature:SELinux]" classname="Kubernetes e2e suite" status="skipped" time="0">
              <skipped message="skipped"></skipped>
          </testcase>
          <testcase name="[It] [sig-api-machinery] CustomResourcePublishOpenAPI [Privileged:ClusterAdmin] removes definition from spec when one version gets changed to not be served [Conformance]" classname="Kubernetes e2e suite" status="passed" time="6.91727554"></testcase>
          <testcase name="[It] [sig-network] Networking should provide Internet connection for containers [Feature:Networking-IPv6] [Experimental][LinuxOnly]" classname="Kubernetes e2e suite" status="skipped" time="0">
              <skipped message="skipped"></skipped>
          </testcase>
          <testcase name="[It] [sig-storage] In-tree Volumes [Driver: aws] [Testpattern: Dynamic PV (ext4)] multiVolume [Slow] should access to two volumes with different volume mode and retain data across pod recreation on different node" classname="Kubernetes e2e suite" status="skipped" time="0">
              <skipped message="skipped"></skipped>
          </testcase>
          <testcase name="[It] [sig-storage] Regional PD RegionalPD should provision storage in the allowedTopologies with delayed binding [Slow]" classname="Kubernetes e2e suite" status="skipped" time="0">
              <skipped message="skipped"></skipped>
          </testcase>
          <testcase name="[It] [sig-storage] In-tree Volumes [Driver: aws] [Testpattern: Pre-provisioned PV (block volmode)] multiVolume [Slow] should concurrently access the single read-only volume from pods on the same node" classname="Kubernetes e2e suite" status="skipped" time="0">
              <skipped message="skipped"></skipped>
          </testcase>
          <testcase name="[It] [sig-storage] CSI Volumes [Driver: csi-hostpath] [Testpattern: Dynamic PV (ntfs)] [Feature:Windows] provisioning should mount multiple PV pointing to the same storage on the same node" classname="Kubernetes e2e suite" status="skipped" time="0">
              <skipped message="skipped"></skipped>
          </testcase>
          <testcase name="[It] [sig-storage] PersistentVolumes-local [Volume type: block] One pod requesting one prebound PVC should be able to mount volume and write from pod1" classname="Kubernetes e2e suite" status="skipped" time="0">
              <skipped message="skipped"></skipped>
          </testcase>
          <testcase name="[It] [sig-storage] In-tree Volumes [Driver: local] [LocalVolumeType: blockfs] [Testpattern: Pre-provisioned PV (default fs)] subPath should support existing directory" classname="Kubernetes e2e suite" status="skipped" time="0">
              <skipped message="skipped"></skipped>
          </testcase>
          <testcase name="[It] [sig-storage] In-tree Volumes [Driver: aws] [Testpattern: Pre-provisioned PV (default fs)] subPath should support non-existent path" classname="Kubernetes e2e suite" status="skipped" time="0">
              <skipped message="skipped"></skipped>
          </testcase>
          <testcase name="[It] [sig-storage] In-tree Volumes [Driver: local] [LocalVolumeType: gce-localssd-scsi-fs] [Serial] [Testpattern: Dynamic PV (delayed binding)] topology should fail to schedule a pod which has topologies that conflict with AllowedTopologies" classname="Kubernetes e2e suite" status="skipped" time="0">
              <skipped message="skipped"></skipped>
          </testcase>
          <testcase name="[It] [sig-storage] PersistentVolumes-local [Volume type: blockfswithformat] Set fsGroup for local volume should set different fsGroup for second pod if first pod is deleted [Flaky]" classname="Kubernetes e2e suite" status="skipped" time="0">
              <skipped message="skipped"></skipped>
          </testcase>
          <testcase name="[It] [sig-storage] In-tree Volumes [Driver: vsphere] [Testpattern: Pre-provisioned PV (filesystem volmode)] multiVolume [Slow] should access to two volumes with different volume mode and retain data across pod recreation on different node" classname="Kubernetes e2e suite" status="skipped" time="0">
              <skipped message="skipped"></skipped>
          </testcase>
          <testcase name="[It] [sig-storage] CSI Volumes [Driver: pd.csi.storage.gke.io] [Serial] [Testpattern: Dynamic PV (block volmode)] multiVolume [Slow] should concurrently access the single read-only volume from pods on the same node" classname="Kubernetes e2e suite" status="skipped" time="0">
              <skipped message="skipped"></skipped>
          </testcase>
          <testcase name="[It] [sig-api-machinery] AdmissionWebhook [Privileged:ClusterAdmin] should not be able to mutate or prevent deletion of webhook configuration objects [Conformance]" classname="Kubernetes e2e suite" status="passed" time="5.556438854"></testcase>
          <testcase name="[It] [sig-storage] In-tree Volumes [Driver: hostPathSymlink] [Testpattern: Dynamic PV (filesystem volmode)] multiVolume [Slow] should access to two volumes with the same volume mode and retain data across pod recreation on the same node" classname="Kubernetes e2e suite" status="skipped" time="0">
              <skipped message="skipped"></skipped>
          </testcase>
          <testcase name="[It] [sig-storage] In-tree Volumes [Driver: local] [LocalVolumeType: tmpfs] [Testpattern: Dynamic PV (ntfs)(allowExpansion)] [Feature:Windows] volume-expand Verify if offline PVC expansion works" classname="Kubernetes e2e suite" status="skipped" time="0">
              <skipped message="skipped"></skipped>
          </testcase>
          <testcase name="[It] [sig-storage] CSI Volumes [Driver: pd.csi.storage.gke.io] [Serial] [Testpattern: Dynamic PV (ntfs)] [Feature:Windows] subPath should support non-existent path" classname="Kubernetes e2e suite" status="skipped" time="0">
              <skipped message="skipped"></skipped>
          </testcase>
          <testcase name="[It] [sig-storage] PersistentVolumes-local [Volume type: blockfswithformat] Two pods mounting a local volume at the same time should be able to write from pod1 and read from pod2" classname="Kubernetes e2e suite" status="skipped" time="0">
              <skipped message="skipped"></skipped>
          </testcase>
          <testcase name="[It] [sig-storage] In-tree Volumes [Driver: local] [LocalVolumeType: dir-link] [Testpattern: Dynamic PV (ntfs)] [Feature:Windows] subPath should support restarting containers using file as subpath [Slow] [LinuxOnly]" classname="Kubernetes e2e suite" status="skipped" time="0">
              <skipped message="skipped"></skipped>
          </testcase>
          <testcase name="[It] [sig-storage] In-tree Volumes [Driver: local] [LocalVolumeType: gce-localssd-scsi-fs] [Serial] [Testpattern: Dynamic PV (default fs)] fsgroupchangepolicy (OnRootMismatch)[LinuxOnly], pod created with an initial fsgroup, volume contents ownership changed via chgrp in first pod, new pod with same fsgroup skips ownership changes to the volume contents" classname="Kubernetes e2e suite" status="skipped" time="0">
              <skipped message="skipped"></skipped>
          </testcase>
          <testcase name="[It] [sig-storage] CSI Volumes [Driver: csi-hostpath] [Testpattern: Dynamic Snapshot (delete policy)] snapshottable-stress [Feature:VolumeSnapshotDataSource] should support snapshotting of many volumes repeatedly [Slow] [Serial]" classname="Kubernetes e2e suite" status="skipped" time="0">
              <skipped message="skipped"></skipped>
          </testcase>
          <testcase name="[It] [sig-storage] CSI Mock volume node stage CSI NodeStage error cases [Slow] should retry NodeStage after NodeStage ephemeral error" classname="Kubernetes e2e suite" status="skipped" time="0">
              <skipped message="skipped"></skipped>
          </testcase>
          <testcase name="[It] [sig-storage] In-tree Volumes [Driver: local] [LocalVolumeType: block] [Testpattern: Dynamic PV (default fs)] fsgroupchangepolicy (Always)[LinuxOnly], pod created with an initial fsgroup, volume contents ownership changed via chgrp in first pod, new pod with different fsgroup applied to the volume contents" classname="Kubernetes e2e suite" status="skipped" time="0">
              <skipped message="skipped"></skipped>
          </testcase>
          <testcase name="[It] [sig-storage] In-tree Volumes [Driver: aws] [Testpattern: Pre-provisioned PV (block volmode)] multiVolume [Slow] should concurrently access the volume and restored snapshot from pods on the same node [LinuxOnly] [Feature:VolumeSnapshotDataSource] [Feature:VolumeSourceXFS]" classname="Kubernetes e2e suite" status="skipped" time="0">
              <skipped message="skipped"></skipped>
          </testcase>
          <testcase name="[It] [sig-storage] In-tree Volumes [Driver: aws] [Testpattern: Dynamic PV (block volmode)] multiVolume [Slow] should access to two volumes with the same volume mode and retain data across pod recreation on the same node" classname="Kubernetes e2e suite" status="skipped" time="0">
              <skipped message="skipped"></skipped>
          </testcase>
          <testcase name="[It] [sig-storage] In-tree Volumes [Driver: local] [LocalVolumeType: tmpfs] [Testpattern: Dynamic PV (default fs)] fsgroupchangepolicy (OnRootMismatch)[LinuxOnly], pod created with an initial fsgroup, volume contents ownership changed via chgrp in first pod, new pod with different fsgroup applied to the volume contents" classname="Kubernetes e2e suite" status="skipped" time="0">
              <skipped message="skipped"></skipped>
          </testcase>
          <testcase name="[It] [sig-storage] In-tree Volumes [Driver: local] [LocalVolumeType: blockfs] [Testpattern: Dynamic PV (filesystem volmode)] multiVolume [Slow] should access to two volumes with the same volume mode and retain data across pod recreation on different node" classname="Kubernetes e2e suite" status="skipped" time="0">
              <skipped message="skipped"></skipped>
          </testcase>
          <testcase name="[It] [sig-storage] In-tree Volumes [Driver: local] [LocalVolumeType: block] [Testpattern: Dynamic PV (xfs)] [Slow] multiVolume [Slow] should concurrently access the single volume from pods on the same node" classname="Kubernetes e2e suite" status="skipped" time="0">
              <skipped message="skipped"></skipped>
          </testcase>
          <testcase name="[It] [sig-storage] In-tree Volumes [Driver: local] [LocalVolumeType: tmpfs] [Testpattern: Dynamic PV (default fs)] provisioning should provision storage with snapshot data source [Feature:VolumeSnapshotDataSource]" classname="Kubernetes e2e suite" status="skipped" time="0">
              <skipped message="skipped"></skipped>
          </testcase>
          <testcase name="[It] [sig-storage] In-tree Volumes [Driver: hostPathSymlink] [Testpattern: Inline-volume (default fs)] subPath should fail if subpath file is outside the volume [Slow] [LinuxOnly]" classname="Kubernetes e2e suite" status="skipped" time="0">
              <skipped message="skipped"></skipped>
          </testcase>
          <testcase name="[It] [sig-storage] In-tree Volumes [Driver: hostPath] [Testpattern: Dynamic PV (ntfs)] [Feature:Windows] volumes should allow exec of files on the volume" classname="Kubernetes e2e suite" status="skipped" time="0">
              <skipped message="skipped"></skipped>
          </testcase>
          <testcase name="[It] [sig-storage] In-tree Volumes [Driver: nfs] [Testpattern: Dynamic PV (block volmode)] provisioning should provision storage with mount options" classname="Kubernetes e2e suite" status="skipped" time="0">
              <skipped message="skipped"></skipped>
          </testcase>
          <testcase name="[It] [sig-storage] In-tree Volumes [Driver: local] [LocalVolumeType: dir-link] [Testpattern: Dynamic PV (ntfs)] [Feature:Windows] subPath should support existing single file [LinuxOnly]" classname="Kubernetes e2e suite" status="skipped" time="0">
              <skipped message="skipped"></skipped>
          </testcase>
          <testcase name="[It] [sig-storage] In-tree Volumes [Driver: local] [LocalVolumeType: block] [Testpattern: Dynamic PV (ntfs)] [Feature:Windows] multiVolume [Slow] should access to two volumes with the same volume mode and retain data across pod recreation on the same node" classname="Kubernetes e2e suite" status="skipped" time="0">
              <skipped message="skipped"></skipped>
          </testcase>
          <testcase name="[It] [sig-storage] In-tree Volumes [Driver: nfs] [Testpattern: Dynamic PV (ntfs)] [Feature:Windows] multiVolume [Slow] should access to two volumes with the same volume mode and retain data across pod recreation on different node" classname="Kubernetes e2e suite" status="skipped" time="0">
              <skipped message="skipped"></skipped>
          </testcase>
          <testcase name="[It] [sig-storage] In-tree Volumes [Driver: hostPath] [Testpattern: Dynamic PV (filesystem volmode)] volumeLimits should support volume limits [Serial]" classname="Kubernetes e2e suite" status="skipped" time="0">
              <skipped message="skipped"></skipped>
          </testcase>
          <testcase name="[It] [sig-storage] In-tree Volumes [Driver: vsphere] [Testpattern: Dynamic PV (xfs)] [Slow] multiVolume [Slow] should concurrently access the single volume from pods on different node" classname="Kubernetes e2e suite" status="skipped" time="0">
              <skipped message="skipped"></skipped>
          </testcase>
          <testcase name="[It] [sig-storage] In-tree Volumes [Driver: nfs] [Testpattern: Dynamic PV (default fs)] volumes should allow exec of files on the volume" classname="Kubernetes e2e suite" status="skipped" time="0">
              <skipped message="skipped"></skipped>
          </testcase>
          <testcase name="[It] [sig-storage] Zone Support [Feature:vsphere] Verify PVC creation with incompatible storage policy along with compatible zone and datastore combination specified in storage class fails" classname="Kubernetes e2e suite" status="skipped" time="0">
              <skipped message="skipped"></skipped>
          </testcase>
          <testcase name="[It] [sig-storage] In-tree Volumes [Driver: rbd] [Feature:Volumes] [Serial] [Testpattern: Dynamic PV (block volmode)] disruptive [Disruptive] [LinuxOnly] Should test that pv used in a pod that is force deleted while the kubelet is down cleans up when the kubelet returns." classname="Kubernetes e2e suite" status="skipped" time="0">
              <skipped message="skipped"></skipped>
          </testcase>
          <testcase name="[It] [sig-storage] In-tree Volumes [Driver: local] [LocalVolumeType: tmpfs] [Testpattern: Dynamic PV (block volmode)] multiVolume [Slow] should access to two volumes with the same volume mode and retain data across pod recreation on different node" classname="Kubernetes e2e suite" status="skipped" time="0">
              <skipped message="skipped"></skipped>
          </testcase>
          <testcase name="[It] [sig-storage] In-tree Volumes [Driver: hostPathSymlink] [Testpattern: Dynamic PV (block volmode)] multiVolume [Slow] should concurrently access the volume and its clone from pods on the same node [LinuxOnly] [Feature:VolumeSourceXFS]" classname="Kubernetes e2e suite" status="skipped" time="0">
              <skipped message="skipped"></skipped>
          </testcase>
          <testcase name="[It] [sig-storage] In-tree Volumes [Driver: iscsi] [Feature:Volumes] [Testpattern: Generic Ephemeral-volume (block volmode) (late-binding)] ephemeral should support multiple inline ephemeral volumes" classname="Kubernetes e2e suite" status="skipped" time="0">
              <skipped message="skipped"></skipped>
          </testcase>
          <testcase name="[It] [sig-scheduling] SchedulerPredicates [Serial] validates that required NodeAffinity setting is respected if matching" classname="Kubernetes e2e suite" status="skipped" time="0">
              <skipped message="skipped"></skipped>
          </testcase>
          <testcase name="[It] [sig-storage] In-tree Volumes [Driver: local] [LocalVolumeType: gce-localssd-scsi-fs] [Serial] [Testpattern: Dynamic PV (block volmode)] multiVolume [Slow] should concurrently access the volume and restored snapshot from pods on the same node [LinuxOnly] [Feature:VolumeSnapshotDataSource] [Feature:VolumeSourceXFS]" classname="Kubernetes e2e suite" status="skipped" time="0">
              <skipped message="skipped"></skipped>
          </testcase>
          <testcase name="[It] [sig-storage] In-tree Volumes [Driver: local] [LocalVolumeType: dir] [Testpattern: Inline-volume (default fs)] subPath should be able to unmount after the subpath directory is deleted [LinuxOnly]" classname="Kubernetes e2e suite" status="skipped" time="0">
              <skipped message="skipped"></skipped>
          </testcase>
          <testcase name="[It] [sig-storage] In-tree Volumes [Driver: vsphere] [Testpattern: Pre-provisioned PV (ntfs)] [Feature:Windows] volumes should store data" classname="Kubernetes e2e suite" status="skipped" time="0">
              <skipped message="skipped"></skipped>
          </testcase>
          <testcase name="[It] [sig-storage] In-tree Volumes [Driver: local] [LocalVolumeType: dir] [Testpattern: Dynamic PV (xfs)] [Slow] multiVolume [Slow] should access to two volumes with the same volume mode and retain data across pod recreation on different node" classname="Kubernetes e2e suite" status="skipped" time="0">
              <skipped message="skipped"></skipped>
          </testcase>
          <testcase name="[It] [sig-storage] In-tree Volumes [Driver: local] [LocalVolumeType: dir] [Testpattern: Inline-volume (ntfs)] [Feature:Windows] volumes should allow exec of files on the volume" classname="Kubernetes e2e suite" status="skipped" time="0">
              <skipped message="skipped"></skipped>
          </testcase>
          <testcase name="[It] [sig-storage] In-tree Volumes [Driver: emptydir] [Testpattern: Dynamic PV (ntfs)] [Feature:Windows] multiVolume [Slow] should concurrently access the single volume from pods on different node" classname="Kubernetes e2e suite" status="skipped" time="0">
              <skipped message="skipped"></skipped>
          </testcase>
          <testcase name="[It] [sig-network] [Feature:IPv6DualStack] Granular Checks: Services Secondary IP Family [LinuxOnly] should function for endpoint-Service: http" classname="Kubernetes e2e suite" status="skipped" time="0">
              <skipped message="skipped"></skipped>
          </testcase>
          <testcase name="[It] [sig-storage] In-tree Volumes [Driver: vsphere] [Testpattern: Inline-volume (default fs)] subPath should support readOnly file specified in the volumeMount [LinuxOnly]" classname="Kubernetes e2e suite" status="skipped" time="0">
              <skipped message="skipped"></skipped>
          </testcase>
          <testcase name="[It] [sig-network] Services should fail health check node port if there are only terminating endpoints" classname="Kubernetes e2e suite" status="skipped" time="0">
              <skipped message="skipped"></skipped>
          </testcase>
          <testcase name="[It] [sig-storage] In-tree Volumes [Driver: aws] [Testpattern: Pre-provisioned PV (filesystem volmode)] disruptive [Disruptive] [LinuxOnly] Should test that pv used in a pod that is deleted while the kubelet is down is usable by a new pod when kubelet returns [Feature:SELinux]" classname="Kubernetes e2e suite" status="skipped" time="0">
              <skipped message="skipped"></skipped>
          </testcase>
          <testcase name="[It] [sig-storage] In-tree Volumes [Driver: hostPathSymlink] [Testpattern: Pre-provisioned PV (block volmode)] volumeMode should not mount / map unused volumes in a pod [LinuxOnly]" classname="Kubernetes e2e suite" status="skipped" time="0">
              <skipped message="skipped"></skipped>
          </testcase>
          <testcase name="[It] [sig-storage] In-tree Volumes [Driver: rbd] [Feature:Volumes] [Serial] [Testpattern: Dynamic PV (block volmode)] multiVolume [Slow] should access to two volumes with different volume mode and retain data across pod recreation on the same node" classname="Kubernetes e2e suite" status="skipped" time="0">
              <skipped message="skipped"></skipped>
          </testcase>
          <testcase name="[It] [sig-storage] In-tree Volumes [Driver: local] [LocalVolumeType: dir-link] [Testpattern: Dynamic PV (ntfs)] [Feature:Windows] subPath should support readOnly file specified in the volumeMount [LinuxOnly]" classname="Kubernetes e2e suite" status="skipped" time="0">
              <skipped message="skipped"></skipped>
          </testcase>
          <testcase name="[It] [sig-storage] Pod Disks [Feature:StorageProvider] schedule pods each with a PD, delete pod and verify detach [Slow] for RW PD with pod delete grace period of &#34;default (30s)&#34;" classname="Kubernetes e2e suite" status="skipped" time="0">
              <skipped message="skipped"></skipped>
          </testcase>
          <testcase name="[It] [sig-storage] In-tree Volumes [Driver: azure-file] [Testpattern: Pre-provisioned PV (default fs)] volumeIO should write files of various sizes, verify size, validate content [Slow]" classname="Kubernetes e2e suite" status="skipped" time="0">
              <skipped message="skipped"></skipped>
          </testcase>
          <testcase name="[It] [sig-storage] In-tree Volumes [Driver: local] [LocalVolumeType: dir-link-bindmounted] [Testpattern: Dynamic PV (default fs)] volume-expand should not allow expansion of pvcs without AllowVolumeExpansion property" classname="Kubernetes e2e suite" status="skipped" time="0">
              <skipped message="skipped"></skipped>
          </testcase>
          <testcase name="[It] [sig-storage] Zone Support [Feature:vsphere] Verify PVC creation fails if only datastore is specified in the storage class (No shared datastores exist among all the nodes)" classname="Kubernetes e2e suite" status="skipped" time="0">
              <skipped message="skipped"></skipped>
          </testcase>
          <testcase name="[It] [sig-storage] In-tree Volumes [Driver: vsphere] [Testpattern: Pre-provisioned PV (default fs)] volumes should allow exec of files on the volume" classname="Kubernetes e2e suite" status="skipped" time="0">
              <skipped message="skipped"></skipped>
          </testcase>
          <testcase name="[It] [sig-storage] In-tree Volumes [Driver: azure-file] [Testpattern: Pre-provisioned PV (filesystem volmode)] multiVolume [Slow] should access to two volumes with different volume mode and retain data across pod recreation on different node" classname="Kubernetes e2e suite" status="skipped" time="0">
              <skipped message="skipped"></skipped>
          </testcase>
          <testcase name="[It] [sig-storage] In-tree Volumes [Driver: aws] [Testpattern: Dynamic PV (xfs)] [Slow] volumes should allow exec of files on the volume" classname="Kubernetes e2e suite" status="skipped" time="0">
              <skipped message="skipped"></skipped>
          </testcase>
          <testcase name="[It] [sig-storage] In-tree Volumes [Driver: iscsi] [Feature:Volumes] [Testpattern: Pre-provisioned PV (default fs)] subPath should be able to unmount after the subpath directory is deleted [LinuxOnly]" classname="Kubernetes e2e suite" status="skipped" time="0">
              <skipped message="skipped"></skipped>
          </testcase>
          <testcase name="[It] [sig-storage] In-tree Volumes [Driver: local] [LocalVolumeType: dir] [Testpattern: Dynamic PV (ext3)] volumes should allow exec of files on the volume" classname="Kubernetes e2e suite" status="skipped" time="0">
              <skipped message="skipped"></skipped>
          </testcase>
          <testcase name="[It] [sig-storage] CSI Volumes [Driver: csi-hostpath] [Testpattern: Dynamic PV (ntfs)] [Feature:Windows] provisioning should provision storage with snapshot data source [Feature:VolumeSnapshotDataSource]" classname="Kubernetes e2e suite" status="skipped" time="0">
              <skipped message="skipped"></skipped>
          </testcase>
          <testcase name="[It] [sig-storage] In-tree Volumes [Driver: azure-file] [Testpattern: Pre-provisioned PV (xfs)] [Slow] volumes should allow exec of files on the volume" classname="Kubernetes e2e suite" status="skipped" time="0">
              <skipped message="skipped"></skipped>
          </testcase>
          <testcase name="[It] [sig-storage] In-tree Volumes [Driver: iscsi] [Feature:Volumes] [Testpattern: Pre-provisioned PV (default fs)] subPath should unmount if pod is force deleted while kubelet is down [Disruptive] [Slow] [LinuxOnly]" classname="Kubernetes e2e suite" status="skipped" time="0">
              <skipped message="skipped"></skipped>
          </testcase>
          <testcase name="[It] [sig-storage] In-tree Volumes [Driver: ceph] [Feature:Volumes] [Serial] [Testpattern: Dynamic PV (block volmode)] volumeMode should fail to use a volume in a pod with mismatched mode [Slow]" classname="Kubernetes e2e suite" status="skipped" time="0">
              <skipped message="skipped"></skipped>
          </testcase>
          <testcase name="[It] [sig-storage] In-tree Volumes [Driver: iscsi] [Feature:Volumes] [Testpattern: Dynamic PV (default fs)] volumes should store data" classname="Kubernetes e2e suite" status="skipped" time="0">
              <skipped message="skipped"></skipped>
          </testcase>
          <testcase name="[It] [sig-storage] In-tree Volumes [Driver: local] [LocalVolumeType: dir-link-bindmounted] [Testpattern: Generic Ephemeral-volume (block volmode) (late-binding)] ephemeral should support multiple inline ephemeral volumes" classname="Kubernetes e2e suite" status="skipped" time="0">
              <skipped message="skipped"></skipped>
          </testcase>
          <testcase name="[It] [sig-network] Networking Granular Checks: Services should function for node-Service: http" classname="Kubernetes e2e suite" status="skipped" time="0">
              <skipped message="skipped"></skipped>
          </testcase>
          <testcase name="[It] [sig-storage] In-tree Volumes [Driver: iscsi] [Feature:Volumes] [Testpattern: Dynamic PV (ntfs)] [Feature:Windows] provisioning should provision storage with pvc data source" classname="Kubernetes e2e suite" status="skipped" time="0">
              <skipped message="skipped"></skipped>
          </testcase>
          <testcase name="[It] [sig-storage] In-tree Volumes [Driver: iscsi] [Feature:Volumes] [Testpattern: Dynamic PV (filesystem volmode)] volumeMode should not mount / map unused volumes in a pod [LinuxOnly]" classname="Kubernetes e2e suite" status="skipped" time="0">
              <skipped message="skipped"></skipped>
          </testcase>
          <testcase name="[It] [sig-storage] In-tree Volumes [Driver: local] [LocalVolumeType: dir-link-bindmounted] [Testpattern: Inline-volume (default fs)] subPath should verify container cannot write to subpath readonly volumes [Slow]" classname="Kubernetes e2e suite" status="skipped" time="0">
              <skipped message="skipped"></skipped>
          </testcase>
          <testcase name="[It] [sig-storage] In-tree Volumes [Driver: local] [LocalVolumeType: dir-bindmounted] [Testpattern: Pre-provisioned PV (block volmode)] multiVolume [Slow] should access to two volumes with different volume mode and retain data across pod recreation on different node" classname="Kubernetes e2e suite" status="skipped" time="0">
              <skipped message="skipped"></skipped>
          </testcase>
          <testcase name="[It] [sig-storage] In-tree Volumes [Driver: hostPath] [Testpattern: Dynamic PV (block volmode)] disruptive [Disruptive] [LinuxOnly] Should test that pv written before kubelet restart is readable after restart." classname="Kubernetes e2e suite" status="skipped" time="0">
              <skipped message="skipped"></skipped>
          </testcase>
          <testcase name="[It] [sig-storage] In-tree Volumes [Driver: local] [LocalVolumeType: dir] [Testpattern: Dynamic PV (xfs)] [Slow] multiVolume [Slow] should concurrently access the volume and its clone from pods on the same node [LinuxOnly] [Feature:VolumeSourceXFS]" classname="Kubernetes e2e suite" status="skipped" time="0">
              <skipped message="skipped"></skipped>
          </testcase>
          <testcase name="[It] [sig-storage] In-tree Volumes [Driver: local] [LocalVolumeType: dir-bindmounted] [Testpattern: Inline-volume (default fs)] subPath should support readOnly file specified in the volumeMount [LinuxOnly]" classname="Kubernetes e2e suite" status="skipped" time="0">
              <skipped message="skipped"></skipped>
          </testcase>
          <testcase name="[It] [sig-storage] PersistentVolumes-local [Volume type: blockfswithoutformat] Two pods mounting a local volume at the same time should be able to write from pod1 and read from pod2" classname="Kubernetes e2e suite" status="skipped" time="0">
              <skipped message="skipped"></skipped>
          </testcase>
          <testcase name="[It] [sig-storage] CSI Mock fsgroup as mount option Delegate FSGroup to CSI driver [LinuxOnly] should pass FSGroup to CSI driver if it is set in pod and driver supports VOLUME_MOUNT_GROUP" classname="Kubernetes e2e suite" status="skipped" time="0">
              <skipped message="skipped"></skipped>
          </testcase>
          <testcase name="[It] [sig-storage] In-tree Volumes [Driver: local] [LocalVolumeType: dir-link-bindmounted] [Testpattern: Pre-provisioned PV (default fs)] volumeIO should write files of various sizes, verify size, validate content [Slow]" classname="Kubernetes e2e suite" status="skipped" time="0">
              <skipped message="skipped"></skipped>
          </testcase>
          <testcase name="[It] [sig-storage] In-tree Volumes [Driver: hostPath] [Testpattern: Inline-volume (default fs)] subPath should fail if non-existent subpath is outside the volume [Slow] [LinuxOnly]" classname="Kubernetes e2e suite" status="skipped" time="0">
              <skipped message="skipped"></skipped>
          </testcase>
          <testcase name="[It] [sig-storage] In-tree Volumes [Driver: local] [LocalVolumeType: dir-link] [Testpattern: Generic Ephemeral-volume (default fs) (late-binding)] ephemeral should support multiple inline ephemeral volumes" classname="Kubernetes e2e suite" status="skipped" time="0">
              <skipped message="skipped"></skipped>
          </testcase>
          <testcase name="[It] [sig-storage] In-tree Volumes [Driver: hostPath] [Testpattern: Dynamic PV (block volmode)] volume-stress multiple pods should access different volumes repeatedly [Slow] [Serial]" classname="Kubernetes e2e suite" status="skipped" time="0">
              <skipped message="skipped"></skipped>
          </testcase>
          <testcase name="[It] [sig-storage] Pod Disks [Feature:StorageProvider] detach in a disrupted environment [Slow] [Disruptive] when pod is evicted" classname="Kubernetes e2e suite" status="skipped" time="0">
              <skipped message="skipped"></skipped>
          </testcase>
          <testcase name="[It] [sig-node] Secrets should be consumable from pods in env vars [NodeConformance] [Conformance]" classname="Kubernetes e2e suite" status="passed" time="4.100931883"></testcase>
          <testcase name="[It] [sig-storage] In-tree Volumes [Driver: ceph] [Feature:Volumes] [Serial] [Testpattern: Dynamic PV (ntfs)] [Feature:Windows] provisioning should provision storage with any volume data source [Serial]" classname="Kubernetes e2e suite" status="skipped" time="0">
              <skipped message="skipped"></skipped>
          </testcase>
          <testcase name="[It] [sig-storage] In-tree Volumes [Driver: local] [LocalVolumeType: dir-link] [Testpattern: Dynamic PV (filesystem volmode)] volumeLimits should verify that all csinodes have volume limits" classname="Kubernetes e2e suite" status="skipped" time="0">
              <skipped message="skipped"></skipped>
          </testcase>
          <testcase name="[It] [sig-windows] [Feature:WindowsHostProcessContainers] [MinimumKubeletVersion:1.22] HostProcess containers should support various volume mount types" classname="Kubernetes e2e suite" status="skipped" time="0">
              <skipped message="skipped"></skipped>
          </testcase>
          <testcase name="[It] [sig-storage] In-tree Volumes [Driver: local] [LocalVolumeType: dir-link-bindmounted] [Testpattern: Pre-provisioned PV (default fs)] subPath should support existing directory" classname="Kubernetes e2e suite" status="skipped" time="0">
              <skipped message="skipped"></skipped>
          </testcase>
          <testcase name="[It] [sig-storage] In-tree Volumes [Driver: azure-file] [Testpattern: Dynamic PV (ntfs)] [Feature:Windows] subPath should verify container cannot write to subpath readonly volumes [Slow]" classname="Kubernetes e2e suite" status="skipped" time="0">
              <skipped message="skipped"></skipped>
          </testcase>
          <testcase name="[It] [sig-storage] In-tree Volumes [Driver: aws] [Testpattern: Dynamic PV (default fs)] provisioning should provision correct filesystem size when restoring snapshot to larger size pvc [Feature:VolumeSnapshotDataSource]" classname="Kubernetes e2e suite" status="skipped" time="0">
              <skipped message="skipped"></skipped>
          </testcase>
          <testcase name="[It] [sig-storage] PersistentVolumes-local [Volume type: dir] Set fsGroup for local volume should set different fsGroup for second pod if first pod is deleted [Flaky]" classname="Kubernetes e2e suite" status="skipped" time="0">
              <skipped message="skipped"></skipped>
          </testcase>
          <testcase name="[It] [sig-storage] CSI Volumes [Driver: pd.csi.storage.gke.io] [Serial] [Testpattern: Dynamic PV (ntfs)] [Feature:Windows] subPath should verify container cannot write to subpath readonly volumes [Slow]" classname="Kubernetes e2e suite" status="skipped" time="0">
              <skipped message="skipped"></skipped>
          </testcase>
          <testcase name="[It] [sig-storage] In-tree Volumes [Driver: cinder] [Testpattern: Dynamic PV (ntfs)] [Feature:Windows] provisioning should provision correct filesystem size when restoring snapshot to larger size pvc [Feature:VolumeSnapshotDataSource]" classname="Kubernetes e2e suite" status="skipped" time="0">
              <skipped message="skipped"></skipped>
          </testcase>
          <testcase name="[It] [sig-storage] In-tree Volumes [Driver: local] [LocalVolumeType: tmpfs] [Testpattern: Dynamic PV (ext4)] multiVolume [Slow] should concurrently access the single volume from pods on the same node" classname="Kubernetes e2e suite" status="skipped" time="0">
              <skipped message="skipped"></skipped>
          </testcase>
          <testcase name="[It] [sig-apps] ReplicaSet Replace and Patch tests [Conformance]" classname="Kubernetes e2e suite" status="passed" time="6.235023802"></testcase>
          <testcase name="[It] [sig-storage] In-tree Volumes [Driver: hostPath] [Testpattern: Dynamic PV (default fs)] volume-expand should not allow expansion of pvcs without AllowVolumeExpansion property" classname="Kubernetes e2e suite" status="skipped" time="0">
              <skipped message="skipped"></skipped>
          </testcase>
          <testcase name="[It] [sig-storage] In-tree Volumes [Driver: rbd] [Feature:Volumes] [Serial] [Testpattern: Inline-volume (default fs)] subPath should unmount if pod is force deleted while kubelet is down [Disruptive] [Slow] [LinuxOnly]" classname="Kubernetes e2e suite" status="skipped" time="0">
              <skipped message="skipped"></skipped>
          </testcase>
          <testcase name="[It] [sig-storage] CSI Mock volume snapshot CSI Volume Snapshots secrets [Feature:VolumeSnapshotDataSource] volume snapshot create/delete with secrets" classname="Kubernetes e2e suite" status="skipped" time="0">
              <skipped message="skipped"></skipped>
          </testcase>
          <testcase name="[It] [sig-storage] CSI Volumes [Driver: csi-hostpath] [Testpattern: Inline-volume (default fs)] subPath should support readOnly directory specified in the volumeMount" classname="Kubernetes e2e suite" status="skipped" time="0">
              <skipped message="skipped"></skipped>
          </testcase>
          <testcase name="[It] [sig-storage] In-tree Volumes [Driver: local] [LocalVolumeType: block] [Testpattern: Generic Ephemeral-volume (default fs) (immediate-binding)] ephemeral should support expansion of pvcs created for ephemeral pvcs" classname="Kubernetes e2e suite" status="skipped" time="0">
              <skipped message="skipped"></skipped>
          </testcase>
          <testcase name="[It] [sig-storage] CSI Volumes [Driver: csi-hostpath] [Testpattern: Dynamic PV (xfs)] [Slow] multiVolume [Slow] should access to two volumes with the same volume mode and retain data across pod recreation on the same node" classname="Kubernetes e2e suite" status="skipped" time="0">
              <skipped message="skipped"></skipped>
          </testcase>
          <testcase name="[It] [sig-storage] In-tree Volumes [Driver: azure-file] [Testpattern: Dynamic PV (block volmode)] volumeMode should fail in binding dynamic provisioned PV to PVC [Slow] [LinuxOnly]" classname="Kubernetes e2e suite" status="skipped" time="0">
              <skipped message="skipped"></skipped>
          </testcase>
          <testcase name="[It] [sig-storage] In-tree Volumes [Driver: vsphere] [Testpattern: Dynamic PV (block volmode)] disruptive [Disruptive] [LinuxOnly] Should test that pv used in a pod that is force deleted while the kubelet is down cleans up when the kubelet returns." classname="Kubernetes e2e suite" status="skipped" time="0">
              <skipped message="skipped"></skipped>
          </testcase>
          <testcase name="[It] [sig-storage] In-tree Volumes [Driver: emptydir] [Testpattern: Dynamic PV (block volmode)] multiVolume [Slow] should access to two volumes with the same volume mode and retain data across pod recreation on the same node" classname="Kubernetes e2e suite" status="skipped" time="0">
              <skipped message="skipped"></skipped>
          </testcase>
          <testcase name="[It] [sig-storage] In-tree Volumes [Driver: nfs] [Testpattern: Pre-provisioned PV (default fs)] subPath should support restarting containers using file as subpath [Slow] [LinuxOnly]" classname="Kubernetes e2e suite" status="skipped" time="0">
              <skipped message="skipped"></skipped>
          </testcase>
          <testcase name="[It] [sig-storage] CSI Volumes [Driver: csi-hostpath] [Testpattern: Ephemeral Snapshot (delete policy)] snapshottable [Feature:VolumeSnapshotDataSource] volume snapshot controller  should check snapshot fields, check restore correctly works after modifying source data, check deletion (persistent)" classname="Kubernetes e2e suite" status="skipped" time="0">
              <skipped message="skipped"></skipped>
          </testcase>
          <testcase name="[It] [sig-storage] Volumes ConfigMap should be mountable" classname="Kubernetes e2e suite" status="skipped" time="0">
              <skipped message="skipped"></skipped>
          </testcase>
          <testcase name="[It] [sig-storage] In-tree Volumes [Driver: aws] [Testpattern: Dynamic PV (ntfs)(allowExpansion)] [Feature:Windows] volume-expand should resize volume when PVC is edited while pod is using it" classname="Kubernetes e2e suite" status="skipped" time="0">
              <skipped message="skipped"></skipped>
          </testcase>
          <testcase name="[It] [sig-storage] In-tree Volumes [Driver: local] [LocalVolumeType: dir-link] [Testpattern: Dynamic PV (ntfs)] [Feature:Windows] subPath should unmount if pod is force deleted while kubelet is down [Disruptive] [Slow] [LinuxOnly]" classname="Kubernetes e2e suite" status="skipped" time="0">
              <skipped message="skipped"></skipped>
          </testcase>
          <testcase name="[It] [sig-storage] In-tree Volumes [Driver: local] [LocalVolumeType: tmpfs] [Testpattern: Inline-volume (default fs)] subPath should fail if subpath with backstepping is outside the volume [Slow] [LinuxOnly]" classname="Kubernetes e2e suite" status="skipped" time="0">
              <skipped message="skipped"></skipped>
          </testcase>
          <testcase name="[It] [sig-storage] In-tree Volumes [Driver: azure-file] [Testpattern: Dynamic PV (xfs)] [Slow] multiVolume [Slow] should concurrently access the volume and restored snapshot from pods on the same node [LinuxOnly] [Feature:VolumeSnapshotDataSource] [Feature:VolumeSourceXFS]" classname="Kubernetes e2e suite" status="skipped" time="0">
              <skipped message="skipped"></skipped>
          </testcase>
          <testcase name="[It] [sig-storage] Downward API volume should set mode on item file [LinuxOnly] [NodeConformance] [Conformance]" classname="Kubernetes e2e suite" status="passed" time="4.109864985"></testcase>
          <testcase name="[It] [sig-storage] In-tree Volumes [Driver: nfs] [Testpattern: Pre-provisioned PV (block volmode)] volumeMode should fail to use a volume in a pod with mismatched mode [Slow]" classname="Kubernetes e2e suite" status="skipped" time="0">
              <skipped message="skipped"></skipped>
          </testcase>
          <testcase name="[It] [sig-storage] CSI Volumes [Driver: pd.csi.storage.gke.io] [Serial] [Testpattern: Pre-provisioned PV (filesystem volmode)] multiVolume [Slow] should access to two volumes with the same volume mode and retain data across pod recreation on the same node" classname="Kubernetes e2e suite" status="skipped" time="0">
              <skipped message="skipped"></skipped>
          </testcase>
          <testcase name="[It] [sig-storage] In-tree Volumes [Driver: hostPathSymlink] [Testpattern: Pre-provisioned PV (filesystem volmode)] multiVolume [Slow] should concurrently access the single volume from pods on the same node" classname="Kubernetes e2e suite" status="skipped" time="0">
              <skipped message="skipped"></skipped>
          </testcase>
          <testcase name="[It] [sig-storage] In-tree Volumes [Driver: hostPath] [Testpattern: Dynamic PV (ntfs)] [Feature:Windows] multiVolume [Slow] should concurrently access the volume and its clone from pods on the same node [LinuxOnly] [Feature:VolumeSourceXFS]" classname="Kubernetes e2e suite" status="skipped" time="0">
              <skipped message="skipped"></skipped>
          </testcase>
          <testcase name="[It] [sig-storage] In-tree Volumes [Driver: rbd] [Feature:Volumes] [Serial] [Testpattern: Dynamic PV (block volmode)] provisioning should provision storage with snapshot data source (ROX mode) [Feature:VolumeSnapshotDataSource]" classname="Kubernetes e2e suite" status="skipped" time="0">
              <skipped message="skipped"></skipped>
          </testcase>
          <testcase name="[It] [sig-storage] In-tree Volumes [Driver: local] [LocalVolumeType: dir-bindmounted] [Testpattern: Inline-volume (default fs)] subPath should support readOnly directory specified in the volumeMount" classname="Kubernetes e2e suite" status="skipped" time="0">
              <skipped message="skipped"></skipped>
          </testcase>
          <testcase name="[It] [sig-storage] In-tree Volumes [Driver: aws] [Testpattern: Dynamic PV (ntfs)] [Feature:Windows] subPath should support existing directories when readOnly specified in the volumeSource" classname="Kubernetes e2e suite" status="skipped" time="0">
              <skipped message="skipped"></skipped>
          </testcase>
          <testcase name="[It] [sig-storage] In-tree Volumes [Driver: local] [LocalVolumeType: gce-localssd-scsi-fs] [Serial] [Testpattern: Dynamic PV (default fs)] capacity provides storage capacity information" classname="Kubernetes e2e suite" status="skipped" time="0">
              <skipped message="skipped"></skipped>
          </testcase>
          <testcase name="[It] [sig-storage] In-tree Volumes [Driver: ceph] [Feature:Volumes] [Serial] [Testpattern: Dynamic PV (default fs)] subPath should support restarting containers using file as subpath [Slow] [LinuxOnly]" classname="Kubernetes e2e suite" status="skipped" time="0">
              <skipped message="skipped"></skipped>
          </testcase>
          <testcase name="[It] [sig-storage] In-tree Volumes [Driver: nfs] [Testpattern: Dynamic PV (default fs)] provisioning should provision storage with snapshot data source [Feature:VolumeSnapshotDataSource]" classname="Kubernetes e2e suite" status="skipped" time="0">
              <skipped message="skipped"></skipped>
          </testcase>
          <testcase name="[It] [sig-storage] In-tree Volumes [Driver: hostPath] [Testpattern: Pre-provisioned PV (block volmode)] multiVolume [Slow] should access to two volumes with different volume mode and retain data across pod recreation on the same node" classname="Kubernetes e2e suite" status="skipped" time="0">
              <skipped message="skipped"></skipped>
          </testcase>
          <testcase name="[It] [sig-storage] In-tree Volumes [Driver: local] [LocalVolumeType: blockfs] [Testpattern: Dynamic PV (ntfs)] [Feature:Windows] subPath should verify container cannot write to subpath readonly volumes [Slow]" classname="Kubernetes e2e suite" status="skipped" time="0">
              <skipped message="skipped"></skipped>
          </testcase>
          <testcase name="[It] [sig-storage] In-tree Volumes [Driver: local] [LocalVolumeType: dir-bindmounted] [Testpattern: Pre-provisioned PV (default fs)] subPath should fail if subpath with backstepping is outside the volume [Slow] [LinuxOnly]" classname="Kubernetes e2e suite" status="skipped" time="0">
              <skipped message="skipped"></skipped>
          </testcase>
          <testcase name="[It] [sig-storage] In-tree Volumes [Driver: hostPath] [Testpattern: Pre-provisioned PV (block volmode)] volumes should store data" classname="Kubernetes e2e suite" status="skipped" time="0">
              <skipped message="skipped"></skipped>
          </testcase>
          <testcase name="[It] [sig-storage] CSI Volumes [Driver: pd.csi.storage.gke.io] [Serial] [Testpattern: Dynamic PV (default fs)] subPath should verify container cannot write to subpath readonly volumes [Slow]" classname="Kubernetes e2e suite" status="skipped" time="0">
              <skipped message="skipped"></skipped>
          </testcase>
          <testcase name="[It] [sig-storage] In-tree Volumes [Driver: local] [LocalVolumeType: dir-bindmounted] [Testpattern: Generic Ephemeral-volume (block volmode) (late-binding)] ephemeral should create read/write inline ephemeral volume" classname="Kubernetes e2e suite" status="skipped" time="0">
              <skipped message="skipped"></skipped>
          </testcase>
          <testcase name="[It] [sig-storage] In-tree Volumes [Driver: emptydir] [Testpattern: Dynamic PV (xfs)] [Slow] multiVolume [Slow] should concurrently access the volume and restored snapshot from pods on the same node [LinuxOnly] [Feature:VolumeSnapshotDataSource] [Feature:VolumeSourceXFS]" classname="Kubernetes e2e suite" status="skipped" time="0">
              <skipped message="skipped"></skipped>
          </testcase>
          <testcase name="[It] [sig-storage] In-tree Volumes [Driver: hostPathSymlink] [Testpattern: Pre-provisioned PV (block volmode)] multiVolume [Slow] should access to two volumes with the same volume mode and retain data across pod recreation on the same node" classname="Kubernetes e2e suite" status="skipped" time="0">
              <skipped message="skipped"></skipped>
          </testcase>
          <testcase name="[It] [sig-node] DRA [Feature:DynamicResourceAllocation] cluster with immediate allocation deletes generated claims when pod is done" classname="Kubernetes e2e suite" status="skipped" time="0">
              <skipped message="skipped"></skipped>
          </testcase>
          <testcase name="[It] [sig-storage] In-tree Volumes [Driver: local] [LocalVolumeType: dir-link-bindmounted] [Testpattern: Pre-provisioned PV (default fs)] subPath should support restarting containers using file as subpath [Slow] [LinuxOnly]" classname="Kubernetes e2e suite" status="skipped" time="0">
              <skipped message="skipped"></skipped>
          </testcase>
          <testcase name="[It] [sig-storage] CSI Volumes [Driver: pd.csi.storage.gke.io] [Serial] [Testpattern: Dynamic PV (default fs)] provisioning should provision storage with snapshot data source (ROX mode) [Feature:VolumeSnapshotDataSource]" classname="Kubernetes e2e suite" status="skipped" time="0">
              <skipped message="skipped"></skipped>
          </testcase>
          <testcase name="[It] [sig-storage] CSI Volumes [Driver: pd.csi.storage.gke.io] [Serial] [Testpattern: CSI Ephemeral-volume (default fs)] ephemeral should support two pods which have the same volume definition" classname="Kubernetes e2e suite" status="skipped" time="0">
              <skipped message="skipped"></skipped>
          </testcase>
          <testcase name="[It] [sig-autoscaling] Cluster size autoscaling [Slow] shouldn&#39;t scale down when non expendable pod is running [Feature:ClusterSizeAutoscalingScaleDown]" classname="Kubernetes e2e suite" status="skipped" time="0">
              <skipped message="skipped"></skipped>
          </testcase>
          <testcase name="[It] [sig-storage] Pod Disks [Feature:StorageProvider] schedule pods each with a PD, delete pod and verify detach [Slow] for RW PD with pod delete grace period of &#34;immediate (0s)&#34;" classname="Kubernetes e2e suite" status="skipped" time="0">
              <skipped message="skipped"></skipped>
          </testcase>
          <testcase name="[It] [sig-storage] CSI Volumes [Driver: csi-hostpath] [Testpattern: Dynamic PV (default fs)] volume-expand should not allow expansion of pvcs without AllowVolumeExpansion property" classname="Kubernetes e2e suite" status="skipped" time="0">
              <skipped message="skipped"></skipped>
          </testcase>
          <testcase name="[It] [sig-storage] In-tree Volumes [Driver: local] [LocalVolumeType: dir-bindmounted] [Testpattern: Pre-provisioned PV (filesystem volmode)] disruptive [Disruptive] [LinuxOnly] Should test that pv used in a pod that is force deleted while the kubelet is down is usable by a new pod when kubelet returns [Feature:SELinux]" classname="Kubernetes e2e suite" status="skipped" time="0">
              <skipped message="skipped"></skipped>
          </testcase>
          <testcase name="[It] [sig-storage] In-tree Volumes [Driver: local] [LocalVolumeType: tmpfs] [Testpattern: Dynamic PV (default fs)] fsgroupchangepolicy (Always)[LinuxOnly], pod created with an initial fsgroup, new pod fsgroup applied to volume contents" classname="Kubernetes e2e suite" status="skipped" time="0">
              <skipped message="skipped"></skipped>
          </testcase>
          <testcase name="[It] [sig-storage] In-tree Volumes [Driver: local] [LocalVolumeType: blockfs] [Testpattern: Dynamic PV (default fs)] subPath should unmount if pod is gracefully deleted while kubelet is down [Disruptive] [Slow] [LinuxOnly]" classname="Kubernetes e2e suite" status="skipped" time="0">
              <skipped message="skipped"></skipped>
          </testcase>
          <testcase name="[It] [sig-autoscaling] [Feature:HPA] Horizontal pod autoscaling (scale resource: CPU) [Serial] [Slow] ReplicationController Should scale from 5 pods to 3 pods and then from 3 pods to 1 pod and verify decision stability" classname="Kubernetes e2e suite" status="skipped" time="0">
              <skipped message="skipped"></skipped>
          </testcase>
          <testcase name="[It] [sig-api-machinery] Watchers should observe an object deletion if it stops meeting the requirements of the selector [Conformance]" classname="Kubernetes e2e suite" status="passed" time="10.100736768"></testcase>
          <testcase name="[It] [sig-storage] In-tree Volumes [Driver: azure-disk] [Testpattern: Dynamic PV (xfs)] [Slow] multiVolume [Slow] should concurrently access the single volume from pods on the same node" classname="Kubernetes e2e suite" status="skipped" time="0">
              <skipped message="skipped"></skipped>
          </testcase>
          <testcase name="[It] [sig-storage] In-tree Volumes [Driver: local] [LocalVolumeType: blockfs] [Testpattern: Pre-provisioned PV (block volmode)] multiVolume [Slow] should concurrently access the single volume from pods on different node" classname="Kubernetes e2e suite" status="skipped" time="0">
              <skipped message="skipped"></skipped>
          </testcase>
          <testcase name="[It] [sig-storage] In-tree Volumes [Driver: ceph] [Feature:Volumes] [Serial] [Testpattern: Pre-provisioned PV (default fs)] subPath should support restarting containers using file as subpath [Slow] [LinuxOnly]" classname="Kubernetes e2e suite" status="skipped" time="0">
              <skipped message="skipped"></skipped>
          </testcase>
          <testcase name="[It] [sig-storage] In-tree Volumes [Driver: local] [LocalVolumeType: tmpfs] [Testpattern: Generic Ephemeral-volume (default fs)] volumeLimits should support volume limits [Serial]" classname="Kubernetes e2e suite" status="skipped" time="0">
              <skipped message="skipped"></skipped>
          </testcase>
          <testcase name="[It] [sig-storage] In-tree Volumes [Driver: local] [LocalVolumeType: gce-localssd-scsi-fs] [Serial] [Testpattern: Dynamic PV (filesystem volmode)] multiVolume [Slow] should concurrently access the volume and restored snapshot from pods on the same node [LinuxOnly] [Feature:VolumeSnapshotDataSource] [Feature:VolumeSourceXFS]" classname="Kubernetes e2e suite" status="skipped" time="0">
              <skipped message="skipped"></skipped>
          </testcase>
          <testcase name="[It] [sig-storage] In-tree Volumes [Driver: aws] [Testpattern: Inline-volume (default fs)] subPath should support readOnly file specified in the volumeMount [LinuxOnly]" classname="Kubernetes e2e suite" status="skipped" time="0">
              <skipped message="skipped"></skipped>
          </testcase>
          <testcase name="[It] [sig-storage] In-tree Volumes [Driver: local] [LocalVolumeType: dir-link-bindmounted] [Testpattern: Dynamic PV (ntfs)] [Feature:Windows] volumeIO should write files of various sizes, verify size, validate content [Slow]" classname="Kubernetes e2e suite" status="skipped" time="0">
              <skipped message="skipped"></skipped>
          </testcase>
          <testcase name="[It] [sig-storage] In-tree Volumes [Driver: local] [LocalVolumeType: blockfs] [Testpattern: Dynamic PV (xfs)] [Slow] volumes should store data" classname="Kubernetes e2e suite" status="skipped" time="0">
              <skipped message="skipped"></skipped>
          </testcase>
          <testcase name="[It] [sig-storage] In-tree Volumes [Driver: local] [LocalVolumeType: dir] [Testpattern: Pre-provisioned PV (block volmode)] multiVolume [Slow] should concurrently access the volume and its clone from pods on the same node [LinuxOnly] [Feature:VolumeSourceXFS]" classname="Kubernetes e2e suite" status="skipped" time="0">
              <skipped message="skipped"></skipped>
          </testcase>
          <testcase name="[It] [sig-storage] In-tree Volumes [Driver: aws] [Testpattern: Dynamic PV (ntfs)] [Feature:Windows] provisioning should provision storage with pvc data source (ROX mode)" classname="Kubernetes e2e suite" status="skipped" time="0">
              <skipped message="skipped"></skipped>
          </testcase>
          <testcase name="[It] [sig-scheduling] [Feature:GPUDevicePlugin] run Nvidia GPU Device Plugin tests" classname="Kubernetes e2e suite" status="skipped" time="0">
              <skipped message="skipped"></skipped>
          </testcase>
          <testcase name="[It] [sig-storage] In-tree Volumes [Driver: emptydir] [Testpattern: Dynamic PV (default fs)] provisioning should provision storage with any volume data source [Serial]" classname="Kubernetes e2e suite" status="skipped" time="0">
              <skipped message="skipped"></skipped>
          </testcase>
          <testcase name="[It] [sig-storage] In-tree Volumes [Driver: local] [LocalVolumeType: dir] [Testpattern: Generic Ephemeral-volume (default fs) (late-binding)] ephemeral should support multiple inline ephemeral volumes" classname="Kubernetes e2e suite" status="skipped" time="0">
              <skipped message="skipped"></skipped>
          </testcase>
          <testcase name="[It] [sig-storage] In-tree Volumes [Driver: local] [LocalVolumeType: dir-link-bindmounted] [Testpattern: Pre-provisioned PV (default fs)] subPath should fail if non-existent subpath is outside the volume [Slow] [LinuxOnly]" classname="Kubernetes e2e suite" status="skipped" time="0">
              <skipped message="skipped"></skipped>
          </testcase>
          <testcase name="[It] [sig-storage] In-tree Volumes [Driver: local] [LocalVolumeType: blockfs] [Testpattern: Dynamic PV (ext4)] multiVolume [Slow] should access to two volumes with different volume mode and retain data across pod recreation on the same node" classname="Kubernetes e2e suite" status="skipped" time="0">
              <skipped message="skipped"></skipped>
          </testcase>
          <testcase name="[It] [sig-storage] In-tree Volumes [Driver: aws] [Testpattern: Pre-provisioned PV (block volmode)] multiVolume [Slow] should concurrently access the single volume from pods on the same node" classname="Kubernetes e2e suite" status="skipped" time="0">
              <skipped message="skipped"></skipped>
          </testcase>
          <testcase name="[It] [sig-storage] CSI Volumes [Driver: pd.csi.storage.gke.io] [Serial] [Testpattern: Generic Ephemeral-volume (default fs) (immediate-binding)] ephemeral should support multiple inline ephemeral volumes" classname="Kubernetes e2e suite" status="skipped" time="0">
              <skipped message="skipped"></skipped>
          </testcase>
          <testcase name="[It] [sig-storage] In-tree Volumes [Driver: local] [LocalVolumeType: dir-bindmounted] [Testpattern: Dynamic PV (default fs)] subPath should fail if subpath with backstepping is outside the volume [Slow] [LinuxOnly]" classname="Kubernetes e2e suite" status="skipped" time="0">
              <skipped message="skipped"></skipped>
          </testcase>
          <testcase name="[It] [sig-storage] In-tree Volumes [Driver: emptydir] [Testpattern: Generic Ephemeral-volume (block volmode) (late-binding)] ephemeral should support expansion of pvcs created for ephemeral pvcs" classname="Kubernetes e2e suite" status="skipped" time="0">
              <skipped message="skipped"></skipped>
          </testcase>
          <testcase name="[It] [sig-storage] In-tree Volumes [Driver: local] [LocalVolumeType: dir-link] [Testpattern: Dynamic PV (ntfs)] [Feature:Windows] provisioning should provision storage with mount options" classname="Kubernetes e2e suite" status="skipped" time="0">
              <skipped message="skipped"></skipped>
          </testcase>
          <testcase name="[It] [sig-storage] In-tree Volumes [Driver: local] [LocalVolumeType: dir] [Testpattern: Dynamic PV (ntfs)(allowExpansion)] [Feature:Windows] volume-expand Verify if offline PVC expansion works" classname="Kubernetes e2e suite" status="skipped" time="0">
              <skipped message="skipped"></skipped>
          </testcase>
          <testcase name="[It] [sig-network] DNS should provide DNS for the cluster [Provider:GCE]" classname="Kubernetes e2e suite" status="skipped" time="0">
              <skipped message="skipped"></skipped>
          </testcase>
          <testcase name="[It] [sig-storage] In-tree Volumes [Driver: rbd] [Feature:Volumes] [Serial] [Testpattern: Dynamic PV (filesystem volmode)] multiVolume [Slow] should access to two volumes with different volume mode and retain data across pod recreation on the same node" classname="Kubernetes e2e suite" status="skipped" time="0">
              <skipped message="skipped"></skipped>
          </testcase>
          <testcase name="[It] [sig-storage] In-tree Volumes [Driver: aws] [Testpattern: Generic Ephemeral-volume (default fs) (late-binding)] ephemeral should create read/write inline ephemeral volume" classname="Kubernetes e2e suite" status="skipped" time="0">
              <skipped message="skipped"></skipped>
          </testcase>
          <testcase name="[It] [sig-storage] In-tree Volumes [Driver: vsphere] [Testpattern: Inline-volume (default fs)] subPath should support existing directory" classname="Kubernetes e2e suite" status="skipped" time="0">
              <skipped message="skipped"></skipped>
          </testcase>
          <testcase name="[It] [sig-storage] In-tree Volumes [Driver: local] [LocalVolumeType: blockfs] [Testpattern: Dynamic PV (block volmode)] provisioning should provision storage with pvc data source (ROX mode)" classname="Kubernetes e2e suite" status="skipped" time="0">
              <skipped message="skipped"></skipped>
          </testcase>
          <testcase name="[It] [sig-cli] Kubectl client Simple pod should support exec" classname="Kubernetes e2e suite" status="skipped" time="0">
              <skipped message="skipped"></skipped>
          </testcase>
          <testcase name="[It] [sig-storage] In-tree Volumes [Driver: local] [LocalVolumeType: gce-localssd-scsi-fs] [Serial] [Testpattern: Dynamic PV (ntfs)] [Feature:Windows] subPath should be able to unmount after the subpath directory is deleted [LinuxOnly]" classname="Kubernetes e2e suite" status="skipped" time="0">
              <skipped message="skipped"></skipped>
          </testcase>
          <testcase name="[It] [sig-storage] In-tree Volumes [Driver: cinder] [Testpattern: Dynamic PV (default fs)] subPath should support file as subpath [LinuxOnly]" classname="Kubernetes e2e suite" status="skipped" time="0">
              <skipped message="skipped"></skipped>
          </testcase>
          <testcase name="[It] [sig-storage] In-tree Volumes [Driver: aws] [Testpattern: Dynamic PV (block volmode)] provisioning should provision storage with pvc data source" classname="Kubernetes e2e suite" status="skipped" time="0">
              <skipped message="skipped"></skipped>
          </testcase>
          <testcase name="[It] [sig-storage] CSI Volumes [Driver: pd.csi.storage.gke.io] [Serial] [Testpattern: Pre-provisioned PV (default fs)] subPath should fail if subpath directory is outside the volume [Slow] [LinuxOnly]" classname="Kubernetes e2e suite" status="skipped" time="0">
              <skipped message="skipped"></skipped>
          </testcase>
          <testcase name="[It] [sig-storage] In-tree Volumes [Driver: emptydir] [Testpattern: Pre-provisioned PV (ext4)] volumes should store data" classname="Kubernetes e2e suite" status="skipped" time="0">
              <skipped message="skipped"></skipped>
          </testcase>
          <testcase name="[It] [sig-storage] In-tree Volumes [Driver: local] [LocalVolumeType: blockfs] [Testpattern: Pre-provisioned PV (default fs)] subPath should verify container cannot write to subpath readonly volumes [Slow]" classname="Kubernetes e2e suite" status="skipped" time="0">
              <skipped message="skipped"></skipped>
          </testcase>
          <testcase name="[It] [sig-storage] In-tree Volumes [Driver: azure-file] [Testpattern: Dynamic PV (filesystem volmode)] disruptive [Disruptive] [LinuxOnly] Should test that pv used in a pod that is force deleted while the kubelet is down is usable by a new pod when kubelet returns [Feature:SELinux]" classname="Kubernetes e2e suite" status="skipped" time="0">
              <skipped message="skipped"></skipped>
          </testcase>
          <testcase name="[It] [sig-storage] In-tree Volumes [Driver: local] [LocalVolumeType: gce-localssd-scsi-fs] [Serial] [Testpattern: Dynamic PV (xfs)] [Slow] multiVolume [Slow] should concurrently access the volume and restored snapshot from pods on the same node [LinuxOnly] [Feature:VolumeSnapshotDataSource] [Feature:VolumeSourceXFS]" classname="Kubernetes e2e suite" status="skipped" time="0">
              <skipped message="skipped"></skipped>
          </testcase>
          <testcase name="[It] [sig-storage] In-tree Volumes [Driver: azure-file] [Testpattern: Dynamic PV (delayed binding)] topology should fail to schedule a pod which has topologies that conflict with AllowedTopologies" classname="Kubernetes e2e suite" status="skipped" time="0">
              <skipped message="skipped"></skipped>
          </testcase>
          <testcase name="[It] [sig-storage] In-tree Volumes [Driver: hostPath] [Testpattern: Pre-provisioned PV (filesystem volmode)] multiVolume [Slow] should access to two volumes with different volume mode and retain data across pod recreation on the same node" classname="Kubernetes e2e suite" status="skipped" time="0">
              <skipped message="skipped"></skipped>
          </testcase>
          <testcase name="[It] [sig-scheduling] SchedulerPreemption [Serial] validates pod disruption condition is added to the preempted pod" classname="Kubernetes e2e suite" status="skipped" time="0">
              <skipped message="skipped"></skipped>
          </testcase>
          <testcase name="[It] [sig-apps] ReplicationController should adopt matching pods on creation [Conformance]" classname="Kubernetes e2e suite" status="passed" time="3.077511213"></testcase>
          <testcase name="[It] [sig-storage] In-tree Volumes [Driver: local] [LocalVolumeType: dir-bindmounted] [Testpattern: Dynamic PV (block volmode)] provisioning should provision storage with snapshot data source (ROX mode) [Feature:VolumeSnapshotDataSource]" classname="Kubernetes e2e suite" status="skipped" time="0">
              <skipped message="skipped"></skipped>
          </testcase>
          <testcase name="[It] [sig-windows] [Feature:Windows] GMSA Full [Serial] [Slow] GMSA support works end to end" classname="Kubernetes e2e suite" status="skipped" time="0">
              <skipped message="skipped"></skipped>
          </testcase>
          <testcase name="[It] [sig-cli] Kubectl client Kubectl validation should detect unknown metadata fields in both the root and embedded object of a CR" classname="Kubernetes e2e suite" status="skipped" time="0">
              <skipped message="skipped"></skipped>
          </testcase>
          <testcase name="[It] [sig-storage] CSI Volumes [Driver: pd.csi.storage.gke.io] [Serial] [Testpattern: Dynamic PV (default fs)] subPath should unmount if pod is gracefully deleted while kubelet is down [Disruptive] [Slow] [LinuxOnly]" classname="Kubernetes e2e suite" status="skipped" time="0">
              <skipped message="skipped"></skipped>
          </testcase>
          <testcase name="[It] [sig-storage] Dynamic Provisioning DynamicProvisioner Default should create and delete default persistent volumes [Slow]" classname="Kubernetes e2e suite" status="skipped" time="0">
              <skipped message="skipped"></skipped>
          </testcase>
          <testcase name="[It] [sig-storage] In-tree Volumes [Driver: local] [LocalVolumeType: blockfs] [Testpattern: Inline-volume (xfs)] [Slow] volumes should allow exec of files on the volume" classname="Kubernetes e2e suite" status="skipped" time="0">
              <skipped message="skipped"></skipped>
          </testcase>
          <testcase name="[It] [sig-storage] In-tree Volumes [Driver: nfs] [Testpattern: Dynamic PV (block volmode)(allowExpansion)] volume-expand should resize volume when PVC is edited while pod is using it" classname="Kubernetes e2e suite" status="skipped" time="0">
              <skipped message="skipped"></skipped>
          </testcase>
          <testcase name="[It] [sig-storage] In-tree Volumes [Driver: cinder] [Testpattern: Dynamic PV (default fs)] subPath should support restarting containers using directory as subpath [Slow]" classname="Kubernetes e2e suite" status="skipped" time="0">
              <skipped message="skipped"></skipped>
          </testcase>
          <testcase name="[It] [sig-storage] In-tree Volumes [Driver: azure-disk] [Testpattern: Dynamic PV (block volmode)] provisioning should provision storage with pvc data source (ROX mode)" classname="Kubernetes e2e suite" status="skipped" time="0">
              <skipped message="skipped"></skipped>
          </testcase>
          <testcase name="[It] [sig-storage] CSI Mock selinux on mount SELinuxMount [LinuxOnly] [Feature:SELinux] should pass SELinux mount option for RWOP volume and Pod with SELinux context set" classname="Kubernetes e2e suite" status="skipped" time="0">
              <skipped message="skipped"></skipped>
          </testcase>
          <testcase name="[It] [sig-windows] [Feature:Windows] Kubelet-Stats Kubelet stats collection for Windows nodes when windows is booted should return bootid within 10 seconds" classname="Kubernetes e2e suite" status="skipped" time="0">
              <skipped message="skipped"></skipped>
          </testcase>
          <testcase name="[It] [sig-storage] PersistentVolumes-local StatefulSet with pod affinity [Slow] should use volumes spread across nodes when pod management is parallel and pod has anti-affinity" classname="Kubernetes e2e suite" status="skipped" time="0">
              <skipped message="skipped"></skipped>
          </testcase>
          <testcase name="[It] [sig-storage] In-tree Volumes [Driver: local] [LocalVolumeType: dir-link-bindmounted] [Testpattern: Pre-provisioned PV (filesystem volmode)] multiVolume [Slow] should concurrently access the volume and its clone from pods on the same node [LinuxOnly] [Feature:VolumeSourceXFS]" classname="Kubernetes e2e suite" status="skipped" time="0">
              <skipped message="skipped"></skipped>
          </testcase>
          <testcase name="[It] [sig-storage] In-tree Volumes [Driver: iscsi] [Feature:Volumes] [Testpattern: Dynamic PV (ntfs)] [Feature:Windows] subPath should be able to unmount after the subpath directory is deleted [LinuxOnly]" classname="Kubernetes e2e suite" status="skipped" time="0">
              <skipped message="skipped"></skipped>
          </testcase>
          <testcase name="[It] [sig-storage] In-tree Volumes [Driver: cinder] [Testpattern: Dynamic PV (default fs)(allowExpansion)] volume-expand Verify if offline PVC expansion works" classname="Kubernetes e2e suite" status="skipped" time="0">
              <skipped message="skipped"></skipped>
          </testcase>
          <testcase name="[It] [sig-node] Pod InPlace Resize Container [Feature:InPlacePodVerticalScaling] Burstable QoS pod, one container with cpu &amp; memory requests + limits - increase memory requests only" classname="Kubernetes e2e suite" status="skipped" time="0">
              <skipped message="skipped"></skipped>
          </testcase>
          <testcase name="[It] [sig-storage] In-tree Volumes [Driver: local] [LocalVolumeType: gce-localssd-scsi-fs] [Serial] [Testpattern: Pre-provisioned PV (filesystem volmode)] disruptive [Disruptive] [LinuxOnly] Should test that pv used in a pod that is deleted while the kubelet is down is usable by a new pod when kubelet returns [Feature:SELinux]" classname="Kubernetes e2e suite" status="skipped" time="0">
              <skipped message="skipped"></skipped>
          </testcase>
          <testcase name="[It] [sig-storage] In-tree Volumes [Driver: local] [LocalVolumeType: dir] [Testpattern: Pre-provisioned PV (block volmode)] multiVolume [Slow] should concurrently access the single volume from pods on different node" classname="Kubernetes e2e suite" status="skipped" time="0">
              <skipped message="skipped"></skipped>
          </testcase>
          <testcase name="[It] [sig-storage] In-tree Volumes [Driver: rbd] [Feature:Volumes] [Serial] [Testpattern: Pre-provisioned PV (default fs)] volumes should store data" classname="Kubernetes e2e suite" status="skipped" time="0">
              <skipped message="skipped"></skipped>
          </testcase>
          <testcase name="[It] [sig-storage] In-tree Volumes [Driver: hostPathSymlink] [Testpattern: Pre-provisioned PV (default fs)] subPath should unmount if pod is force deleted while kubelet is down [Disruptive] [Slow] [LinuxOnly]" classname="Kubernetes e2e suite" status="skipped" time="0">
              <skipped message="skipped"></skipped>
          </testcase>
          <testcase name="[It] [sig-storage] In-tree Volumes [Driver: local] [LocalVolumeType: dir] [Testpattern: Dynamic PV (default fs)] subPath should support readOnly directory specified in the volumeMount" classname="Kubernetes e2e suite" status="skipped" time="0">
              <skipped message="skipped"></skipped>
          </testcase>
          <testcase name="[It] [sig-storage] In-tree Volumes [Driver: nfs] [Testpattern: Generic Ephemeral-volume (default fs) (late-binding)] ephemeral should create read-only inline ephemeral volume" classname="Kubernetes e2e suite" status="skipped" time="0">
              <skipped message="skipped"></skipped>
          </testcase>
          <testcase name="[It] [sig-storage] In-tree Volumes [Driver: ceph] [Feature:Volumes] [Serial] [Testpattern: Dynamic PV (ntfs)] [Feature:Windows] subPath should support non-existent path" classname="Kubernetes e2e suite" status="skipped" time="0">
              <skipped message="skipped"></skipped>
          </testcase>
          <testcase name="[It] [sig-storage] CSI Volumes [Driver: pd.csi.storage.gke.io] [Serial] [Testpattern: Dynamic PV (default fs)] read-write-once-pod [MinimumKubeletVersion:1.27] should block a second pod from using an in-use ReadWriteOncePod volume on the same node" classname="Kubernetes e2e suite" status="skipped" time="0">
              <skipped message="skipped"></skipped>
          </testcase>
          <testcase name="[It] [sig-storage] In-tree Volumes [Driver: emptydir] [Testpattern: Dynamic PV (block volmode)] disruptive [Disruptive] [LinuxOnly] Should test that pv written before kubelet restart is readable after restart." classname="Kubernetes e2e suite" status="skipped" time="0">
              <skipped message="skipped"></skipped>
          </testcase>
          <testcase name="[It] [sig-network] Networking Granular Checks: Services should function for service endpoints using hostNetwork" classname="Kubernetes e2e suite" status="skipped" time="0">
              <skipped message="skipped"></skipped>
          </testcase>
          <testcase name="[It] [sig-storage] In-tree Volumes [Driver: ceph] [Feature:Volumes] [Serial] [Testpattern: Pre-provisioned PV (ext3)] volumes should store data" classname="Kubernetes e2e suite" status="skipped" time="0">
              <skipped message="skipped"></skipped>
          </testcase>
          <testcase name="[It] [sig-storage] In-tree Volumes [Driver: local] [LocalVolumeType: block] [Testpattern: Generic Ephemeral-volume (default fs) (immediate-binding)] ephemeral should support multiple inline ephemeral volumes" classname="Kubernetes e2e suite" status="skipped" time="0">
              <skipped message="skipped"></skipped>
          </testcase>
          <testcase name="[It] [sig-node] Container Lifecycle Hook when create a pod with lifecycle hook should execute prestop exec hook properly [NodeConformance] [Conformance]" classname="Kubernetes e2e suite" status="passed" time="6.13199133"></testcase>
          <testcase name="[It] [sig-apps] Job should allow to use the pod failure policy on exit code to fail the job early" classname="Kubernetes e2e suite" status="skipped" time="0">
              <skipped message="skipped"></skipped>
          </testcase>
          <testcase name="[It] [sig-network] Loadbalancing: L7 GCE [Slow] [Feature:Ingress] should conform to Ingress spec" classname="Kubernetes e2e suite" status="skipped" time="0">
              <skipped message="skipped"></skipped>
          </testcase>
          <testcase name="[It] [sig-node] Pod InPlace Resize Container [Feature:InPlacePodVerticalScaling] Guaranteed QoS pod, one container - increase CPU &amp; decrease memory" classname="Kubernetes e2e suite" status="skipped" time="0">
              <skipped message="skipped"></skipped>
          </testcase>
          <testcase name="[It] [sig-storage] Downward API volume should set DefaultMode on files [LinuxOnly] [NodeConformance] [Conformance]" classname="Kubernetes e2e suite" status="passed" time="4.103520138"></testcase>
          <testcase name="[It] [sig-storage] In-tree Volumes [Driver: local] [LocalVolumeType: dir-link] [Testpattern: Inline-volume (xfs)] [Slow] volumes should allow exec of files on the volume" classname="Kubernetes e2e suite" status="skipped" time="0">
              <skipped message="skipped"></skipped>
          </testcase>
          <testcase name="[It] [sig-cloud-provider-gcp] Recreate [Feature:Recreate] recreate nodes and ensure they function upon restart" classname="Kubernetes e2e suite" status="skipped" time="0">
              <skipped message="skipped"></skipped>
          </testcase>
          <testcase name="[It] [sig-storage] In-tree Volumes [Driver: vsphere] [Testpattern: Pre-provisioned PV (block volmode)] multiVolume [Slow] should access to two volumes with the same volume mode and retain data across pod recreation on different node" classname="Kubernetes e2e suite" status="skipped" time="0">
              <skipped message="skipped"></skipped>
          </testcase>
          <testcase name="[It] [sig-storage] CSI Volumes [Driver: pd.csi.storage.gke.io] [Serial] [Testpattern: Dynamic PV (filesystem volmode)] volumeMode should not mount / map unused volumes in a pod [LinuxOnly]" classname="Kubernetes e2e suite" status="skipped" time="0">
              <skipped message="skipped"></skipped>
          </testcase>
          <testcase name="[It] [sig-storage] In-tree Volumes [Driver: local] [LocalVolumeType: dir-link-bindmounted] [Testpattern: Dynamic PV (ext4)] multiVolume [Slow] should access to two volumes with the same volume mode and retain data across pod recreation on the same node" classname="Kubernetes e2e suite" status="skipped" time="0">
              <skipped message="skipped"></skipped>
          </testcase>
          <testcase name="[It] [sig-node] Container Lifecycle Hook when create a pod with lifecycle hook should execute poststart https hook properly [MinimumKubeletVersion:1.23] [NodeConformance]" classname="Kubernetes e2e suite" status="skipped" time="0">
              <skipped message="skipped"></skipped>
          </testcase>
          <testcase name="[It] [sig-storage] In-tree Volumes [Driver: azure-file] [Testpattern: Dynamic PV (default fs)] volumeIO should write files of various sizes, verify size, validate content [Slow]" classname="Kubernetes e2e suite" status="skipped" time="0">
              <skipped message="skipped"></skipped>
          </testcase>
          <testcase name="[It] [sig-storage] In-tree Volumes [Driver: local] [LocalVolumeType: blockfs] [Testpattern: Dynamic PV (default fs)] provisioning should provision storage with mount options" classname="Kubernetes e2e suite" status="skipped" time="0">
              <skipped message="skipped"></skipped>
          </testcase>
          <testcase name="[It] [sig-storage] In-tree Volumes [Driver: hostPath] [Testpattern: Dynamic PV (ntfs)] [Feature:Windows] volumes should store data" classname="Kubernetes e2e suite" status="skipped" time="0">
              <skipped message="skipped"></skipped>
          </testcase>
          <testcase name="[It] [sig-network] Services should serve endpoints on same port and different protocols [Conformance]" classname="Kubernetes e2e suite" status="passed" time="28.142711919"></testcase>
          <testcase name="[It] [sig-storage] CSI Volumes [Driver: csi-hostpath] [Testpattern: Dynamic PV (block volmode)] multiVolume [Slow] should concurrently access the volume and restored snapshot from pods on the same node [LinuxOnly] [Feature:VolumeSnapshotDataSource] [Feature:VolumeSourceXFS]" classname="Kubernetes e2e suite" status="skipped" time="0">
              <skipped message="skipped"></skipped>
          </testcase>
          <testcase name="[It] [sig-storage] In-tree Volumes [Driver: hostPath] [Testpattern: Dynamic PV (ext4)] multiVolume [Slow] should concurrently access the single volume from pods on the same node" classname="Kubernetes e2e suite" status="skipped" time="0">
              <skipped message="skipped"></skipped>
          </testcase>
          <testcase name="[It] [sig-storage] In-tree Volumes [Driver: ceph] [Feature:Volumes] [Serial] [Testpattern: Dynamic PV (ntfs)] [Feature:Windows] provisioning should provision storage with pvc data source" classname="Kubernetes e2e suite" status="skipped" time="0">
              <skipped message="skipped"></skipped>
          </testcase>
          <testcase name="[It] [sig-storage] In-tree Volumes [Driver: local] [LocalVolumeType: dir] [Testpattern: Dynamic PV (ntfs)] [Feature:Windows] multiVolume [Slow] should access to two volumes with different volume mode and retain data across pod recreation on the same node" classname="Kubernetes e2e suite" status="skipped" time="0">
              <skipped message="skipped"></skipped>
          </testcase>
          <testcase name="[It] [sig-storage] In-tree Volumes [Driver: ceph] [Feature:Volumes] [Serial] [Testpattern: Dynamic PV (filesystem volmode)] volumeMode should fail to use a volume in a pod with mismatched mode [Slow]" classname="Kubernetes e2e suite" status="skipped" time="0">
              <skipped message="skipped"></skipped>
          </testcase>
          <testcase name="[It] [sig-storage] In-tree Volumes [Driver: vsphere] [Testpattern: Dynamic PV (block volmode)] volume-stress multiple pods should access different volumes repeatedly [Slow] [Serial]" classname="Kubernetes e2e suite" status="skipped" time="0">
              <skipped message="skipped"></skipped>
          </testcase>
          <testcase name="[It] [sig-storage] In-tree Volumes [Driver: azure-disk] [Testpattern: Pre-provisioned PV (block volmode)] volumes should store data" classname="Kubernetes e2e suite" status="skipped" time="0">
              <skipped message="skipped"></skipped>
          </testcase>
          <testcase name="[It] [sig-storage] In-tree Volumes [Driver: local] [LocalVolumeType: dir-bindmounted] [Testpattern: Dynamic PV (ntfs)] [Feature:Windows] subPath should fail if subpath file is outside the volume [Slow] [LinuxOnly]" classname="Kubernetes e2e suite" status="skipped" time="0">
              <skipped message="skipped"></skipped>
          </testcase>
          <testcase name="[It] [sig-network] DNS should support configurable pod resolv.conf" classname="Kubernetes e2e suite" status="skipped" time="0">
              <skipped message="skipped"></skipped>
          </testcase>
          <testcase name="[It] [sig-storage] In-tree Volumes [Driver: hostPath] [Testpattern: Inline-volume (xfs)] [Slow] volumes should allow exec of files on the volume" classname="Kubernetes e2e suite" status="skipped" time="0">
              <skipped message="skipped"></skipped>
          </testcase>
          <testcase name="[It] [sig-storage] CSI Volumes [Driver: pd.csi.storage.gke.io] [Serial] [Testpattern: Pre-provisioned PV (filesystem volmode)] multiVolume [Slow] should concurrently access the single volume from pods on different node" classname="Kubernetes e2e suite" status="skipped" time="0">
              <skipped message="skipped"></skipped>
          </testcase>
          <testcase name="[It] [sig-cli] Kubectl client kubectl subresource flag GET on status subresource of built-in type (node) returns identical info as GET on the built-in type" classname="Kubernetes e2e suite" status="skipped" time="0">
              <skipped message="skipped"></skipped>
          </testcase>
          <testcase name="[It] [sig-storage] In-tree Volumes [Driver: local] [LocalVolumeType: dir-bindmounted] [Testpattern: Pre-provisioned PV (default fs)] subPath should support restarting containers using directory as subpath [Slow]" classname="Kubernetes e2e suite" status="skipped" time="0">
              <skipped message="skipped"></skipped>
          </testcase>
          <testcase name="[It] [sig-storage] CSI Volumes [Driver: csi-hostpath] [Testpattern: Dynamic PV (ntfs)] [Feature:Windows] multiVolume [Slow] should concurrently access the volume and restored snapshot from pods on the same node [LinuxOnly] [Feature:VolumeSnapshotDataSource] [Feature:VolumeSourceXFS]" classname="Kubernetes e2e suite" status="skipped" time="0">
              <skipped message="skipped"></skipped>
          </testcase>
          <testcase name="[It] [sig-storage] In-tree Volumes [Driver: aws] [Testpattern: Pre-provisioned PV (default fs)] volumeIO should write files of various sizes, verify size, validate content [Slow]" classname="Kubernetes e2e suite" status="skipped" time="0">
              <skipped message="skipped"></skipped>
          </testcase>
          <testcase name="[It] [sig-storage] PersistentVolumes-local [Volume type: dir-link-bindmounted] Set fsGroup for local volume should set different fsGroup for second pod if first pod is deleted [Flaky]" classname="Kubernetes e2e suite" status="skipped" time="0">
              <skipped message="skipped"></skipped>
          </testcase>
          <testcase name="[It] [sig-apps] Job should run a job to completion when tasks sometimes fail and are locally restarted [Conformance]" classname="Kubernetes e2e suite" status="passed" time="10.049939246"></testcase>
          <testcase name="[It] [sig-api-machinery] CustomResourceValidationRules [Privileged:ClusterAdmin] MUST fail validation for create of a custom resource that does not satisfy the x-kubernetes-validations rules" classname="Kubernetes e2e suite" status="skipped" time="0">
              <skipped message="skipped"></skipped>
          </testcase>
          <testcase name="[It] [sig-storage] In-tree Volumes [Driver: azure-file] [Testpattern: Generic Ephemeral-volume (default fs) (immediate-binding)] ephemeral should support expansion of pvcs created for ephemeral pvcs" classname="Kubernetes e2e suite" status="skipped" time="0">
              <skipped message="skipped"></skipped>
          </testcase>
          <testcase name="[It] [sig-storage] In-tree Volumes [Driver: local] [LocalVolumeType: block] [Testpattern: Inline-volume (default fs)] subPath should fail if subpath directory is outside the volume [Slow] [LinuxOnly]" classname="Kubernetes e2e suite" status="skipped" time="0">
              <skipped message="skipped"></skipped>
          </testcase>
          <testcase name="[It] [sig-storage] In-tree Volumes [Driver: hostPath] [Testpattern: Pre-provisioned PV (default fs)] subPath should fail if subpath with backstepping is outside the volume [Slow] [LinuxOnly]" classname="Kubernetes e2e suite" status="skipped" time="0">
              <skipped message="skipped"></skipped>
          </testcase>
          <testcase name="[It] [sig-storage] In-tree Volumes [Driver: nfs] [Testpattern: Pre-provisioned PV (default fs)] volumes should store data" classname="Kubernetes e2e suite" status="skipped" time="0">
              <skipped message="skipped"></skipped>
          </testcase>
          <testcase name="[It] [sig-storage] In-tree Volumes [Driver: local] [LocalVolumeType: dir-link] [Testpattern: Pre-provisioned PV (default fs)] subPath should support readOnly file specified in the volumeMount [LinuxOnly]" classname="Kubernetes e2e suite" status="skipped" time="0">
              <skipped message="skipped"></skipped>
          </testcase>
          <testcase name="[It] [sig-autoscaling] DNS horizontal autoscaling kube-dns-autoscaler should scale kube-dns pods in both nonfaulty and faulty scenarios" classname="Kubernetes e2e suite" status="skipped" time="0">
              <skipped message="skipped"></skipped>
          </testcase>
          <testcase name="[It] [sig-storage] In-tree Volumes [Driver: cinder] [Testpattern: Dynamic PV (ext4)] volumes should store data" classname="Kubernetes e2e suite" status="skipped" time="0">
              <skipped message="skipped"></skipped>
          </testcase>
          <testcase name="[It] [sig-storage] In-tree Volumes [Driver: local] [LocalVolumeType: dir-link] [Testpattern: Dynamic PV (ntfs)] [Feature:Windows] provisioning should provision storage with pvc data source (ROX mode)" classname="Kubernetes e2e suite" status="skipped" time="0">
              <skipped message="skipped"></skipped>
          </testcase>
          <testcase name="[It] [sig-storage] In-tree Volumes [Driver: iscsi] [Feature:Volumes] [Testpattern: Dynamic PV (xfs)] [Slow] multiVolume [Slow] should concurrently access the volume and restored snapshot from pods on the same node [LinuxOnly] [Feature:VolumeSnapshotDataSource] [Feature:VolumeSourceXFS]" classname="Kubernetes e2e suite" status="skipped" time="0">
              <skipped message="skipped"></skipped>
          </testcase>
          <testcase name="[It] [sig-network] Networking should allow creating a Pod with an SCTP HostPort [LinuxOnly] [Serial]" classname="Kubernetes e2e suite" status="skipped" time="0">
              <skipped message="skipped"></skipped>
          </testcase>
          <testcase name="[It] [sig-storage] In-tree Volumes [Driver: aws] [Testpattern: Dynamic PV (default fs)] provisioning should provision storage with mount options" classname="Kubernetes e2e suite" status="skipped" time="0">
              <skipped message="skipped"></skipped>
          </testcase>
          <testcase name="[It] [sig-storage] In-tree Volumes [Driver: rbd] [Feature:Volumes] [Serial] [Testpattern: Pre-provisioned PV (block volmode)] disruptive [Disruptive] [LinuxOnly] Should test that pv used in a pod that is force deleted while the kubelet is down cleans up when the kubelet returns." classname="Kubernetes e2e suite" status="skipped" time="0">
              <skipped message="skipped"></skipped>
          </testcase>
          <testcase name="[It] [sig-storage] PersistentVolumes-local [Volume type: tmpfs] Set fsGroup for local volume should set same fsGroup for two pods simultaneously [Slow]" classname="Kubernetes e2e suite" status="skipped" time="0">
              <skipped message="skipped"></skipped>
          </testcase>
          <testcase name="[It] [sig-storage] In-tree Volumes [Driver: local] [LocalVolumeType: dir-bindmounted] [Testpattern: Dynamic PV (default fs)] capacity provides storage capacity information" classname="Kubernetes e2e suite" status="skipped" time="0">
              <skipped message="skipped"></skipped>
          </testcase>
          <testcase name="[It] [sig-node] DRA [Feature:DynamicResourceAllocation] cluster with delayed allocation and setting ReservedFor must deallocate after use when using delayed allocation" classname="Kubernetes e2e suite" status="skipped" time="0">
              <skipped message="skipped"></skipped>
          </testcase>
          <testcase name="[It] [sig-apps] Job should terminate job execution when the number of failed indexes exceeds maxFailedIndexes" classname="Kubernetes e2e suite" status="skipped" time="0">
              <skipped message="skipped"></skipped>
          </testcase>
          <testcase name="[It] [sig-storage] In-tree Volumes [Driver: nfs] [Testpattern: Pre-provisioned PV (filesystem volmode)] multiVolume [Slow] should concurrently access the volume and its clone from pods on the same node [LinuxOnly] [Feature:VolumeSourceXFS]" classname="Kubernetes e2e suite" status="skipped" time="0">
              <skipped message="skipped"></skipped>
          </testcase>
          <testcase name="[It] [sig-storage] Subpath Atomic writer volumes should support subpaths with downward pod [Conformance]" classname="Kubernetes e2e suite" status="passed" time="24.162620879"></testcase>
          <testcase name="[It] [sig-storage] In-tree Volumes [Driver: azure-file] [Testpattern: Dynamic PV (default fs)] subPath should fail if subpath with backstepping is outside the volume [Slow] [LinuxOnly]" classname="Kubernetes e2e suite" status="skipped" time="0">
              <skipped message="skipped"></skipped>
          </testcase>
          <testcase name="[It] [sig-storage] In-tree Volumes [Driver: azure-file] [Testpattern: Generic Ephemeral-volume (default fs) (immediate-binding)] ephemeral should create read-only inline ephemeral volume" classname="Kubernetes e2e suite" status="skipped" time="0">
              <skipped message="skipped"></skipped>
          </testcase>
          <testcase name="[It] [sig-storage] In-tree Volumes [Driver: local] [LocalVolumeType: dir-link-bindmounted] [Testpattern: Pre-provisioned PV (block volmode)] volumeMode should not mount / map unused volumes in a pod [LinuxOnly]" classname="Kubernetes e2e suite" status="skipped" time="0">
              <skipped message="skipped"></skipped>
          </testcase>
          <testcase name="[It] [sig-storage] In-tree Volumes [Driver: hostPathSymlink] [Testpattern: Pre-provisioned PV (default fs)] subPath should be able to unmount after the subpath directory is deleted [LinuxOnly]" classname="Kubernetes e2e suite" status="skipped" time="0">
              <skipped message="skipped"></skipped>
          </testcase>
          <testcase name="[It] [sig-network] Services should release NodePorts on delete" classname="Kubernetes e2e suite" status="skipped" time="0">
              <skipped message="skipped"></skipped>
          </testcase>
          <testcase name="[It] [sig-storage] In-tree Volumes [Driver: local] [LocalVolumeType: dir-bindmounted] [Testpattern: Inline-volume (default fs)] volumes should allow exec of files on the volume" classname="Kubernetes e2e suite" status="skipped" time="0">
              <skipped message="skipped"></skipped>
          </testcase>
          <testcase name="[It] [sig-storage] In-tree Volumes [Driver: azure-disk] [Testpattern: Dynamic PV (ntfs)] [Feature:Windows] volumes should store data" classname="Kubernetes e2e suite" status="skipped" time="0">
              <skipped message="skipped"></skipped>
          </testcase>
          <testcase name="[It] [sig-storage] In-tree Volumes [Driver: local] [LocalVolumeType: dir-link-bindmounted] [Testpattern: Dynamic PV (default fs)] capacity provides storage capacity information" classname="Kubernetes e2e suite" status="skipped" time="0">
              <skipped message="skipped"></skipped>
          </testcase>
          <testcase name="[It] [sig-storage] In-tree Volumes [Driver: local] [LocalVolumeType: dir-link-bindmounted] [Testpattern: Dynamic PV (default fs)] subPath should support restarting containers using directory as subpath [Slow]" classname="Kubernetes e2e suite" status="skipped" time="0">
              <skipped message="skipped"></skipped>
          </testcase>
          <testcase name="[It] [sig-storage] In-tree Volumes [Driver: azure-disk] [Testpattern: Dynamic PV (block volmode)] provisioning should provision storage with snapshot data source [Feature:VolumeSnapshotDataSource]" classname="Kubernetes e2e suite" status="skipped" time="0">
              <skipped message="skipped"></skipped>
          </testcase>
          <testcase name="[It] [sig-storage] In-tree Volumes [Driver: azure-file] [Testpattern: Pre-provisioned PV (default fs)] volumes should allow exec of files on the volume" classname="Kubernetes e2e suite" status="skipped" time="0">
              <skipped message="skipped"></skipped>
          </testcase>
          <testcase name="[It] [sig-storage] In-tree Volumes [Driver: ceph] [Feature:Volumes] [Serial] [Testpattern: Inline-volume (ext3)] volumes should allow exec of files on the volume" classname="Kubernetes e2e suite" status="skipped" time="0">
              <skipped message="skipped"></skipped>
          </testcase>
          <testcase name="[It] [sig-storage] Pod Disks [Feature:StorageProvider] detach in a disrupted environment [Slow] [Disruptive] when node&#39;s API object is deleted" classname="Kubernetes e2e suite" status="skipped" time="0">
              <skipped message="skipped"></skipped>
          </testcase>
          <testcase name="[It] [sig-storage] In-tree Volumes [Driver: local] [LocalVolumeType: dir] [Testpattern: Pre-provisioned PV (default fs)] subPath should fail if non-existent subpath is outside the volume [Slow] [LinuxOnly]" classname="Kubernetes e2e suite" status="skipped" time="0">
              <skipped message="skipped"></skipped>
          </testcase>
          <testcase name="[It] [sig-apps] Job should manage the lifecycle of a job [Conformance]" classname="Kubernetes e2e suite" status="passed" time="8.103683763"></testcase>
          <testcase name="[It] [sig-storage] In-tree Volumes [Driver: rbd] [Feature:Volumes] [Serial] [Testpattern: Dynamic PV (default fs)(allowExpansion)] volume-expand Verify if offline PVC expansion works" classname="Kubernetes e2e suite" status="skipped" time="0">
              <skipped message="skipped"></skipped>
          </testcase>
          <testcase name="[It] [sig-storage] In-tree Volumes [Driver: ceph] [Feature:Volumes] [Serial] [Testpattern: Dynamic PV (default fs)] subPath should support existing directories when readOnly specified in the volumeSource" classname="Kubernetes e2e suite" status="skipped" time="0">
              <skipped message="skipped"></skipped>
          </testcase>
          <testcase name="[It] [sig-storage] In-tree Volumes [Driver: ceph] [Feature:Volumes] [Serial] [Testpattern: Generic Ephemeral-volume (default fs) (late-binding)] ephemeral should support expansion of pvcs created for ephemeral pvcs" classname="Kubernetes e2e suite" status="skipped" time="0">
              <skipped message="skipped"></skipped>
          </testcase>
          <testcase name="[It] [sig-storage] In-tree Volumes [Driver: vsphere] [Testpattern: Dynamic PV (xfs)] [Slow] multiVolume [Slow] should concurrently access the volume and restored snapshot from pods on the same node [LinuxOnly] [Feature:VolumeSnapshotDataSource] [Feature:VolumeSourceXFS]" classname="Kubernetes e2e suite" status="skipped" time="0">
              <skipped message="skipped"></skipped>
          </testcase>
          <testcase name="[It] [sig-storage] In-tree Volumes [Driver: local] [LocalVolumeType: tmpfs] [Testpattern: Inline-volume (default fs)] subPath should fail if non-existent subpath is outside the volume [Slow] [LinuxOnly]" classname="Kubernetes e2e suite" status="skipped" time="0">
              <skipped message="skipped"></skipped>
          </testcase>
          <testcase name="[It] [sig-storage] CSI Volumes [Driver: csi-hostpath] [Testpattern: Inline-volume (default fs)] subPath should support readOnly file specified in the volumeMount [LinuxOnly]" classname="Kubernetes e2e suite" status="skipped" time="0">
              <skipped message="skipped"></skipped>
          </testcase>
          <testcase name="[It] [sig-apps] DisruptionController should observe PodDisruptionBudget status updated [Conformance]" classname="Kubernetes e2e suite" status="passed" time="4.129267082"></testcase>
          <testcase name="[It] [sig-storage] In-tree Volumes [Driver: local] [LocalVolumeType: dir-link] [Testpattern: Dynamic PV (ntfs)] [Feature:Windows] provisioning should provision storage with snapshot data source [Feature:VolumeSnapshotDataSource]" classname="Kubernetes e2e suite" status="skipped" time="0">
              <skipped message="skipped"></skipped>
          </testcase>
          <testcase name="[It] [sig-storage] In-tree Volumes [Driver: azure-file] [Testpattern: Generic Ephemeral-volume (default fs) (late-binding)] ephemeral should support multiple inline ephemeral volumes" classname="Kubernetes e2e suite" status="skipped" time="0">
              <skipped message="skipped"></skipped>
          </testcase>
          <testcase name="[It] [sig-storage] In-tree Volumes [Driver: local] [LocalVolumeType: blockfs] [Testpattern: Pre-provisioned PV (block volmode)] disruptive [Disruptive] [LinuxOnly] Should test that pv used in a pod that is force deleted while the kubelet is down cleans up when the kubelet returns." classname="Kubernetes e2e suite" status="skipped" time="0">
              <skipped message="skipped"></skipped>
          </testcase>
          <testcase name="[It] [sig-storage] In-tree Volumes [Driver: azure-disk] [Testpattern: Dynamic PV (ext4)] multiVolume [Slow] should access to two volumes with the same volume mode and retain data across pod recreation on the same node" classname="Kubernetes e2e suite" status="skipped" time="0">
              <skipped message="skipped"></skipped>
          </testcase>
          <testcase name="[It] [sig-apps] Deployment deployment reaping should cascade to its replica sets and pods" classname="Kubernetes e2e suite" status="skipped" time="0">
              <skipped message="skipped"></skipped>
          </testcase>
          <testcase name="[It] [sig-storage] In-tree Volumes [Driver: vsphere] [Testpattern: Dynamic PV (default fs)] provisioning should provision storage with snapshot data source (ROX mode) [Feature:VolumeSnapshotDataSource]" classname="Kubernetes e2e suite" status="skipped" time="0">
              <skipped message="skipped"></skipped>
          </testcase>
          <testcase name="[It] [sig-storage] CSI Volumes [Driver: csi-hostpath] [Testpattern: Dynamic PV (default fs)] subPath should unmount if pod is gracefully deleted while kubelet is down [Disruptive] [Slow] [LinuxOnly]" classname="Kubernetes e2e suite" status="skipped" time="0">
              <skipped message="skipped"></skipped>
          </testcase>
          <testcase name="[It] [sig-storage] In-tree Volumes [Driver: local] [LocalVolumeType: tmpfs] [Testpattern: Pre-provisioned PV (ext3)] volumes should store data" classname="Kubernetes e2e suite" status="skipped" time="0">
              <skipped message="skipped"></skipped>
          </testcase>
          <testcase name="[It] [sig-node] ImageCredentialProvider [Feature:KubeletCredentialProviders] should be able to create pod with image credentials fetched from external credential provider" classname="Kubernetes e2e suite" status="skipped" time="0">
              <skipped message="skipped"></skipped>
          </testcase>
          <testcase name="[It] [sig-storage] In-tree Volumes [Driver: local] [LocalVolumeType: dir-link] [Testpattern: Dynamic PV (default fs)] provisioning should provision storage with mount options" classname="Kubernetes e2e suite" status="skipped" time="0">
              <skipped message="skipped"></skipped>
          </testcase>
          <testcase name="[It] [sig-auth] ServiceAccounts should allow opting out of API token automount [Conformance]" classname="Kubernetes e2e suite" status="passed" time="0.121041514"></testcase>
          <testcase name="[It] [sig-storage] In-tree Volumes [Driver: local] [LocalVolumeType: block] [Testpattern: Pre-provisioned PV (default fs)] subPath should support existing single file [LinuxOnly]" classname="Kubernetes e2e suite" status="skipped" time="0">
              <skipped message="skipped"></skipped>
          </testcase>
          <testcase name="[It] [sig-storage] EmptyDir volumes when FSGroup is specified [LinuxOnly] [NodeFeature:FSGroup] volume on default medium should have the correct mode using FSGroup" classname="Kubernetes e2e suite" status="skipped" time="0">
              <skipped message="skipped"></skipped>
          </testcase>
          <testcase name="[It] [sig-storage] In-tree Volumes [Driver: vsphere] [Testpattern: Dynamic PV (block volmode)] provisioning should provision storage with mount options" classname="Kubernetes e2e suite" status="skipped" time="0">
              <skipped message="skipped"></skipped>
          </testcase>
          <testcase name="[It] [sig-storage] In-tree Volumes [Driver: local] [LocalVolumeType: block] [Testpattern: Dynamic PV (block volmode)] disruptive [Disruptive] [LinuxOnly] Should test that pv used in a pod that is deleted while the kubelet is down cleans up when the kubelet returns." classname="Kubernetes e2e suite" status="skipped" time="0">
              <skipped message="skipped"></skipped>
          </testcase>
          <testcase name="[It] [sig-autoscaling] Cluster size autoscaling [Slow] should scale up when non expendable pod is created [Feature:ClusterSizeAutoscalingScaleUp]" classname="Kubernetes e2e suite" status="skipped" time="0">
              <skipped message="skipped"></skipped>
          </testcase>
          <testcase name="[It] [sig-storage] In-tree Volumes [Driver: azure-disk] [Testpattern: Inline-volume (default fs)] subPath should support readOnly file specified in the volumeMount [LinuxOnly]" classname="Kubernetes e2e suite" status="skipped" time="0">
              <skipped message="skipped"></skipped>
          </testcase>
          <testcase name="[It] [sig-storage] In-tree Volumes [Driver: local] [LocalVolumeType: tmpfs] [Testpattern: Dynamic PV (ntfs)] [Feature:Windows] provisioning should provision storage with snapshot data source (ROX mode) [Feature:VolumeSnapshotDataSource]" classname="Kubernetes e2e suite" status="skipped" time="0">
              <skipped message="skipped"></skipped>
          </testcase>
          <testcase name="[It] [sig-storage] In-tree Volumes [Driver: aws] [Testpattern: Generic Ephemeral-volume (default fs) (immediate-binding)] ephemeral should support multiple inline ephemeral volumes" classname="Kubernetes e2e suite" status="skipped" time="0">
              <skipped message="skipped"></skipped>
          </testcase>
          <testcase name="[It] [sig-storage] PVC Protection Verify &#34;immediate&#34; deletion of a PVC that is not in active use by a pod" classname="Kubernetes e2e suite" status="skipped" time="0">
              <skipped message="skipped"></skipped>
          </testcase>
          <testcase name="[It] [sig-storage] CSI Volumes [Driver: pd.csi.storage.gke.io] [Serial] [Testpattern: Dynamic PV (ntfs)] [Feature:Windows] provisioning should provision storage with mount options" classname="Kubernetes e2e suite" status="skipped" time="0">
              <skipped message="skipped"></skipped>
          </testcase>
          <testcase name="[It] [sig-storage] In-tree Volumes [Driver: local] [LocalVolumeType: dir-link-bindmounted] [Testpattern: Dynamic PV (default fs)] provisioning should provision storage with pvc data source" classname="Kubernetes e2e suite" status="skipped" time="0">
              <skipped message="skipped"></skipped>
          </testcase>
          <testcase name="[It] [sig-storage] In-tree Volumes [Driver: local] [LocalVolumeType: gce-localssd-scsi-fs] [Serial] [Testpattern: Pre-provisioned PV (filesystem volmode)] disruptive [Disruptive] [LinuxOnly] Should test that pv used in a pod that is deleted while the kubelet is down is usable by a new pod with a different SELinux context when kubelet returns [Feature:SELinux]" classname="Kubernetes e2e suite" status="skipped" time="0">
              <skipped message="skipped"></skipped>
          </testcase>
          <testcase name="[It] [sig-node] RuntimeClass should reject a Pod requesting a non-existent RuntimeClass [NodeConformance] [Conformance]" classname="Kubernetes e2e suite" status="passed" time="0.030432398"></testcase>
          <testcase name="[It] [sig-network] EndpointSlice should have Endpoints and EndpointSlices pointing to API Server [Conformance]" classname="Kubernetes e2e suite" status="passed" time="0.041430722"></testcase>
          <testcase name="[It] [sig-autoscaling] Cluster size autoscaling [Slow] should disable node pool autoscaling [Feature:ClusterSizeAutoscalingScaleUp]" classname="Kubernetes e2e suite" status="skipped" time="0">
              <skipped message="skipped"></skipped>
          </testcase>
          <testcase name="[It] [sig-storage] In-tree Volumes [Driver: hostPath] [Testpattern: Pre-provisioned PV (filesystem volmode)] disruptive [Disruptive] [LinuxOnly] Should test that pv used in a pod that is force deleted while the kubelet is down is usable by a new pod with a different SELinux context when kubelet returns [Feature:SELinux]" classname="Kubernetes e2e suite" status="skipped" time="0">
              <skipped message="skipped"></skipped>
          </testcase>
          <testcase name="[It] [sig-storage] In-tree Volumes [Driver: cinder] [Testpattern: Dynamic PV (filesystem volmode)] multiVolume [Slow] should access to two volumes with the same volume mode and retain data across pod recreation on the same node" classname="Kubernetes e2e suite" status="skipped" time="0">
              <skipped message="skipped"></skipped>
          </testcase>
          <testcase name="[It] [sig-storage] In-tree Volumes [Driver: vsphere] [Testpattern: Dynamic PV (ext4)] multiVolume [Slow] should concurrently access the single volume from pods on different node" classname="Kubernetes e2e suite" status="skipped" time="0">
              <skipped message="skipped"></skipped>
          </testcase>
          <testcase name="[It] [sig-storage] In-tree Volumes [Driver: local] [LocalVolumeType: blockfs] [Testpattern: Pre-provisioned PV (filesystem volmode)] multiVolume [Slow] should access to two volumes with different volume mode and retain data across pod recreation on the same node" classname="Kubernetes e2e suite" status="skipped" time="0">
              <skipped message="skipped"></skipped>
          </testcase>
          <testcase name="[It] [sig-cluster-lifecycle] [Feature:BootstrapTokens] should delete the token secret when the secret expired" classname="Kubernetes e2e suite" status="skipped" time="0">
              <skipped message="skipped"></skipped>
          </testcase>
          <testcase name="[It] [sig-storage] In-tree Volumes [Driver: local] [LocalVolumeType: tmpfs] [Testpattern: Generic Ephemeral-volume (block volmode) (late-binding)] ephemeral should support expansion of pvcs created for ephemeral pvcs" classname="Kubernetes e2e suite" status="skipped" time="0">
              <skipped message="skipped"></skipped>
          </testcase>
          <testcase name="[It] [sig-storage] In-tree Volumes [Driver: azure-disk] [Testpattern: Dynamic PV (block volmode)] provisioning should provision storage with mount options" classname="Kubernetes e2e suite" status="skipped" time="0">
              <skipped message="skipped"></skipped>
          </testcase>
          <testcase name="[It] [sig-storage] In-tree Volumes [Driver: local] [LocalVolumeType: dir-link-bindmounted] [Testpattern: Pre-provisioned PV (default fs)] subPath should support readOnly file specified in the volumeMount [LinuxOnly]" classname="Kubernetes e2e suite" status="skipped" time="0">
              <skipped message="skipped"></skipped>
          </testcase>
          <testcase name="[It] [sig-storage] In-tree Volumes [Driver: local] [LocalVolumeType: dir-link-bindmounted] [Testpattern: Dynamic PV (ntfs)] [Feature:Windows] subPath should support file as subpath [LinuxOnly]" classname="Kubernetes e2e suite" status="skipped" time="0">
              <skipped message="skipped"></skipped>
          </testcase>
          <testcase name="[It] [sig-storage] In-tree Volumes [Driver: local] [LocalVolumeType: dir-link-bindmounted] [Testpattern: Generic Ephemeral-volume (default fs) (immediate-binding)] ephemeral should support two pods which have the same volume definition" classname="Kubernetes e2e suite" status="skipped" time="0">
              <skipped message="skipped"></skipped>
          </testcase>
          <testcase name="[It] [sig-storage] In-tree Volumes [Driver: aws] [Testpattern: Dynamic PV (default fs)] subPath should fail if subpath file is outside the volume [Slow] [LinuxOnly]" classname="Kubernetes e2e suite" status="skipped" time="0">
              <skipped message="skipped"></skipped>
          </testcase>
          <testcase name="[It] [sig-storage] In-tree Volumes [Driver: local] [LocalVolumeType: dir-link-bindmounted] [Testpattern: Dynamic PV (ntfs)] [Feature:Windows] volumes should store data" classname="Kubernetes e2e suite" status="skipped" time="0">
              <skipped message="skipped"></skipped>
          </testcase>
          <testcase name="[It] [sig-storage] In-tree Volumes [Driver: local] [LocalVolumeType: blockfs] [Testpattern: Inline-volume (default fs)] subPath should support readOnly directory specified in the volumeMount" classname="Kubernetes e2e suite" status="skipped" time="0">
              <skipped message="skipped"></skipped>
          </testcase>
          <testcase name="[It] [sig-storage] In-tree Volumes [Driver: nfs] [Testpattern: Pre-provisioned PV (ext4)] volumes should allow exec of files on the volume" classname="Kubernetes e2e suite" status="skipped" time="0">
              <skipped message="skipped"></skipped>
          </testcase>
          <testcase name="[It] [sig-storage] In-tree Volumes [Driver: local] [LocalVolumeType: tmpfs] [Testpattern: Dynamic PV (delayed binding)] topology should fail to schedule a pod which has topologies that conflict with AllowedTopologies" classname="Kubernetes e2e suite" status="skipped" time="0">
              <skipped message="skipped"></skipped>
          </testcase>
          <testcase name="[It] [sig-storage] In-tree Volumes [Driver: nfs] [Testpattern: Pre-provisioned PV (filesystem volmode)] multiVolume [Slow] should concurrently access the single volume from pods on different node" classname="Kubernetes e2e suite" status="skipped" time="0">
              <skipped message="skipped"></skipped>
          </testcase>
          <testcase name="[It] [sig-storage] CSI Volumes [Driver: csi-hostpath] [Testpattern: Pre-provisioned PV (default fs)] subPath should be able to unmount after the subpath directory is deleted [LinuxOnly]" classname="Kubernetes e2e suite" status="skipped" time="0">
              <skipped message="skipped"></skipped>
          </testcase>
          <testcase name="[It] [sig-storage] In-tree Volumes [Driver: ceph] [Feature:Volumes] [Serial] [Testpattern: Dynamic PV (ntfs)] [Feature:Windows] provisioning should provision storage with mount options" classname="Kubernetes e2e suite" status="skipped" time="0">
              <skipped message="skipped"></skipped>
          </testcase>
          <testcase name="[It] [sig-storage] In-tree Volumes [Driver: cinder] [Testpattern: Dynamic PV (ntfs)(allowExpansion)] [Feature:Windows] volume-expand Verify if offline PVC expansion works" classname="Kubernetes e2e suite" status="skipped" time="0">
              <skipped message="skipped"></skipped>
          </testcase>
          <testcase name="[It] [sig-storage] In-tree Volumes [Driver: local] [LocalVolumeType: gce-localssd-scsi-fs] [Serial] [Testpattern: Dynamic PV (ntfs)] [Feature:Windows] subPath should support file as subpath [LinuxOnly]" classname="Kubernetes e2e suite" status="skipped" time="0">
              <skipped message="skipped"></skipped>
          </testcase>
          <testcase name="[It] [sig-storage] CSI Volumes [Driver: csi-hostpath] [Testpattern: Dynamic PV (default fs)] subPath should support readOnly directory specified in the volumeMount" classname="Kubernetes e2e suite" status="skipped" time="0">
              <skipped message="skipped"></skipped>
          </testcase>
          <testcase name="[It] [sig-storage] In-tree Volumes [Driver: azure-disk] [Testpattern: Pre-provisioned PV (block volmode)] disruptive [Disruptive] [LinuxOnly] Should test that pv used in a pod that is deleted while the kubelet is down cleans up when the kubelet returns." classname="Kubernetes e2e suite" status="skipped" time="0">
              <skipped message="skipped"></skipped>
          </testcase>
          <testcase name="[It] [sig-api-machinery] Etcd failure [Disruptive] should recover from SIGKILL" classname="Kubernetes e2e suite" status="skipped" time="0">
              <skipped message="skipped"></skipped>
          </testcase>
          <testcase name="[It] [sig-storage] In-tree Volumes [Driver: local] [LocalVolumeType: gce-localssd-scsi-fs] [Serial] [Testpattern: Inline-volume (ext4)] volumes should allow exec of files on the volume" classname="Kubernetes e2e suite" status="skipped" time="0">
              <skipped message="skipped"></skipped>
          </testcase>
          <testcase name="[It] [sig-storage] In-tree Volumes [Driver: azure-disk] [Testpattern: Inline-volume (default fs)] subPath should fail if non-existent subpath is outside the volume [Slow] [LinuxOnly]" classname="Kubernetes e2e suite" status="skipped" time="0">
              <skipped message="skipped"></skipped>
          </testcase>
          <testcase name="[It] [sig-storage] PersistentVolumes-local [Volume type: blockfswithformat] Set fsGroup for local volume should set fsGroup for one pod [Slow]" classname="Kubernetes e2e suite" status="skipped" time="0">
              <skipped message="skipped"></skipped>
          </testcase>
          <testcase name="[It] [sig-storage] PersistentVolumes NFS with Single PV - PVC pairs create a PV and a pre-bound PVC: test phase transition timestamp is set [Feature:PersistentVolumeLastPhaseTransitionTime]" classname="Kubernetes e2e suite" status="skipped" time="0">
              <skipped message="skipped"></skipped>
          </testcase>
          <testcase name="[It] [sig-storage] In-tree Volumes [Driver: local] [LocalVolumeType: dir-bindmounted] [Testpattern: Dynamic PV (xfs)] [Slow] multiVolume [Slow] should access to two volumes with the same volume mode and retain data across pod recreation on the same node" classname="Kubernetes e2e suite" status="skipped" time="0">
              <skipped message="skipped"></skipped>
          </testcase>
          <testcase name="[It] [sig-storage] In-tree Volumes [Driver: rbd] [Feature:Volumes] [Serial] [Testpattern: Dynamic PV (ntfs)] [Feature:Windows] provisioning should provision storage with snapshot data source [Feature:VolumeSnapshotDataSource]" classname="Kubernetes e2e suite" status="skipped" time="0">
              <skipped message="skipped"></skipped>
          </testcase>
          <testcase name="[It] [sig-storage] In-tree Volumes [Driver: iscsi] [Feature:Volumes] [Testpattern: Dynamic PV (default fs)] subPath should unmount if pod is gracefully deleted while kubelet is down [Disruptive] [Slow] [LinuxOnly]" classname="Kubernetes e2e suite" status="skipped" time="0">
              <skipped message="skipped"></skipped>
          </testcase>
          <testcase name="[It] [sig-storage] In-tree Volumes [Driver: vsphere] [Testpattern: Pre-provisioned PV (default fs)] subPath should fail if subpath with backstepping is outside the volume [Slow] [LinuxOnly]" classname="Kubernetes e2e suite" status="skipped" time="0">
              <skipped message="skipped"></skipped>
          </testcase>
          <testcase name="[It] [sig-storage] In-tree Volumes [Driver: local] [LocalVolumeType: dir-link-bindmounted] [Testpattern: Dynamic PV (filesystem volmode)] multiVolume [Slow] should access to two volumes with the same volume mode and retain data across pod recreation on the same node" classname="Kubernetes e2e suite" status="skipped" time="0">
              <skipped message="skipped"></skipped>
          </testcase>
          <testcase name="[It] [sig-storage] In-tree Volumes [Driver: ceph] [Feature:Volumes] [Serial] [Testpattern: Pre-provisioned PV (ntfs)] [Feature:Windows] volumes should store data" classname="Kubernetes e2e suite" status="skipped" time="0">
              <skipped message="skipped"></skipped>
          </testcase>
          <testcase name="[It] [sig-storage] In-tree Volumes [Driver: hostPath] [Testpattern: Pre-provisioned PV (default fs)] subPath should fail if subpath file is outside the volume [Slow] [LinuxOnly]" classname="Kubernetes e2e suite" status="skipped" time="0">
              <skipped message="skipped"></skipped>
          </testcase>
          <testcase name="[It] [sig-storage] In-tree Volumes [Driver: local] [LocalVolumeType: dir-bindmounted] [Testpattern: Dynamic PV (block volmode)] multiVolume [Slow] should concurrently access the single volume from pods on different node" classname="Kubernetes e2e suite" status="skipped" time="0">
              <skipped message="skipped"></skipped>
          </testcase>
          <testcase name="[It] [sig-network] Netpol NetworkPolicy between server and client should enforce updated policy [Feature:NetworkPolicy]" classname="Kubernetes e2e suite" status="skipped" time="0">
              <skipped message="skipped"></skipped>
          </testcase>
          <testcase name="[It] [sig-storage] HostPathType File [Slow] Should be able to mount file &#39;afile&#39; successfully when HostPathType is HostPathUnset" classname="Kubernetes e2e suite" status="skipped" time="0">
              <skipped message="skipped"></skipped>
          </testcase>
          <testcase name="[It] [sig-storage] CSI Volumes [Driver: pd.csi.storage.gke.io] [Serial] [Testpattern: Pre-provisioned PV (filesystem volmode)] multiVolume [Slow] should concurrently access the single read-only volume from pods on the same node" classname="Kubernetes e2e suite" status="skipped" time="0">
              <skipped message="skipped"></skipped>
          </testcase>
          <testcase name="[It] [sig-storage] In-tree Volumes [Driver: local] [LocalVolumeType: gce-localssd-scsi-fs] [Serial] [Testpattern: Pre-provisioned PV (xfs)] [Slow] volumes should store data" classname="Kubernetes e2e suite" status="skipped" time="0">
              <skipped message="skipped"></skipped>
          </testcase>
          <testcase name="[It] [sig-storage] In-tree Volumes [Driver: local] [LocalVolumeType: tmpfs] [Testpattern: Dynamic PV (default fs)] subPath should support readOnly file specified in the volumeMount [LinuxOnly]" classname="Kubernetes e2e suite" status="skipped" time="0">
              <skipped message="skipped"></skipped>
          </testcase>
          <testcase name="[It] [sig-storage] In-tree Volumes [Driver: local] [LocalVolumeType: dir] [Testpattern: Pre-provisioned PV (block volmode)] multiVolume [Slow] should access to two volumes with the same volume mode and retain data across pod recreation on different node" classname="Kubernetes e2e suite" status="skipped" time="0">
              <skipped message="skipped"></skipped>
          </testcase>
          <testcase name="[It] [sig-storage] In-tree Volumes [Driver: local] [LocalVolumeType: gce-localssd-scsi-fs] [Serial] [Testpattern: Dynamic PV (ntfs)] [Feature:Windows] subPath should support existing directories when readOnly specified in the volumeSource" classname="Kubernetes e2e suite" status="skipped" time="0">
              <skipped message="skipped"></skipped>
          </testcase>
          <testcase name="[It] [sig-storage] In-tree Volumes [Driver: cinder] [Testpattern: Dynamic PV (block volmode)] volumeMode should fail to use a volume in a pod with mismatched mode [Slow]" classname="Kubernetes e2e suite" status="skipped" time="0">
              <skipped message="skipped"></skipped>
          </testcase>
          <testcase name="[It] [sig-storage] CSI Volumes [Driver: csi-hostpath] [Testpattern: Pre-provisioned PV (default fs)] subPath should support readOnly file specified in the volumeMount [LinuxOnly]" classname="Kubernetes e2e suite" status="skipped" time="0">
              <skipped message="skipped"></skipped>
          </testcase>
          <testcase name="[It] [sig-storage] In-tree Volumes [Driver: emptydir] [Testpattern: Dynamic PV (filesystem volmode)] disruptive [Disruptive] [LinuxOnly] Should test that pv used in a pod that is force deleted while the kubelet is down is usable by a new pod when kubelet returns [Feature:SELinux]" classname="Kubernetes e2e suite" status="skipped" time="0">
              <skipped message="skipped"></skipped>
          </testcase>
          <testcase name="[It] [sig-storage] In-tree Volumes [Driver: local] [LocalVolumeType: tmpfs] [Testpattern: Dynamic PV (block volmode)(allowExpansion)] volume-expand should resize volume when PVC is edited while pod is using it" classname="Kubernetes e2e suite" status="skipped" time="0">
              <skipped message="skipped"></skipped>
          </testcase>
          <testcase name="[It] [sig-storage] In-tree Volumes [Driver: local] [LocalVolumeType: dir] [Testpattern: Pre-provisioned PV (block volmode)] disruptive [Disruptive] [LinuxOnly] Should test that pv written before kubelet restart is readable after restart." classname="Kubernetes e2e suite" status="skipped" time="0">
              <skipped message="skipped"></skipped>
          </testcase>
          <testcase name="[It] [sig-storage] In-tree Volumes [Driver: local] [LocalVolumeType: gce-localssd-scsi-fs] [Serial] [Testpattern: Pre-provisioned PV (filesystem volmode)] multiVolume [Slow] should concurrently access the single volume from pods on the same node" classname="Kubernetes e2e suite" status="skipped" time="0">
              <skipped message="skipped"></skipped>
          </testcase>
          <testcase name="[It] [sig-storage] CSI Volumes [Driver: pd.csi.storage.gke.io] [Serial] [Testpattern: Dynamic PV (ntfs)(allowExpansion)] [Feature:Windows] volume-expand should resize volume when PVC is edited while pod is using it" classname="Kubernetes e2e suite" status="skipped" time="0">
              <skipped message="skipped"></skipped>
          </testcase>
          <testcase name="[It] [sig-storage] In-tree Volumes [Driver: nfs] [Testpattern: Pre-provisioned PV (block volmode)] volumeMode should fail to create pod by failing to mount volume [Slow]" classname="Kubernetes e2e suite" status="skipped" time="0">
              <skipped message="skipped"></skipped>
          </testcase>
          <testcase name="[It] [sig-instrumentation] Events should delete a collection of events [Conformance]" classname="Kubernetes e2e suite" status="passed" time="0.076884612"></testcase>
          <testcase name="[It] [sig-storage] In-tree Volumes [Driver: azure-file] [Testpattern: Inline-volume (default fs)] subPath should support non-existent path" classname="Kubernetes e2e suite" status="skipped" time="0">
              <skipped message="skipped"></skipped>
          </testcase>
          <testcase name="[It] [sig-storage] In-tree Volumes [Driver: local] [LocalVolumeType: dir] [Testpattern: Dynamic PV (block volmode)] provisioning should provision storage with any volume data source [Serial]" classname="Kubernetes e2e suite" status="skipped" time="0">
              <skipped message="skipped"></skipped>
          </testcase>
          <testcase name="[It] [sig-autoscaling] Cluster size autoscaling [Slow] should correctly scale down after a node is not needed and one node is broken [Feature:ClusterSizeAutoscalingScaleDown]" classname="Kubernetes e2e suite" status="skipped" time="0">
              <skipped message="skipped"></skipped>
          </testcase>
          <testcase name="[It] [sig-storage] In-tree Volumes [Driver: hostPathSymlink] [Testpattern: Dynamic PV (immediate binding)] topology should fail to schedule a pod which has topologies that conflict with AllowedTopologies" classname="Kubernetes e2e suite" status="skipped" time="0">
              <skipped message="skipped"></skipped>
          </testcase>
          <testcase name="[It] [sig-autoscaling] [Feature:HPA] [Serial] [Slow] Horizontal pod autoscaling (non-default behavior) with short downscale stabilization window should scale down soon after the stabilization period" classname="Kubernetes e2e suite" status="skipped" time="0">
              <skipped message="skipped"></skipped>
          </testcase>
          <testcase name="[It] [sig-storage] In-tree Volumes [Driver: local] [LocalVolumeType: block] [Testpattern: Pre-provisioned PV (filesystem volmode)] volumeMode should fail to use a volume in a pod with mismatched mode [Slow]" classname="Kubernetes e2e suite" status="skipped" time="0">
              <skipped message="skipped"></skipped>
          </testcase>
          <testcase name="[It] [sig-storage] vcp at scale [Feature:vsphere] vsphere scale tests" classname="Kubernetes e2e suite" status="skipped" time="0">
              <skipped message="skipped"></skipped>
          </testcase>
          <testcase name="[It] [sig-storage] In-tree Volumes [Driver: ceph] [Feature:Volumes] [Serial] [Testpattern: Dynamic PV (ntfs)] [Feature:Windows] subPath should unmount if pod is gracefully deleted while kubelet is down [Disruptive] [Slow] [LinuxOnly]" classname="Kubernetes e2e suite" status="skipped" time="0">
              <skipped message="skipped"></skipped>
          </testcase>
          <testcase name="[It] [sig-storage] CSI Volumes [Driver: pd.csi.storage.gke.io] [Serial] [Testpattern: Dynamic PV (default fs)] subPath should fail if non-existent subpath is outside the volume [Slow] [LinuxOnly]" classname="Kubernetes e2e suite" status="skipped" time="0">
              <skipped message="skipped"></skipped>
          </testcase>
          <testcase name="[It] [sig-storage] In-tree Volumes [Driver: local] [LocalVolumeType: dir-bindmounted] [Testpattern: Dynamic PV (xfs)] [Slow] multiVolume [Slow] should concurrently access the single volume from pods on the same node" classname="Kubernetes e2e suite" status="skipped" time="0">
              <skipped message="skipped"></skipped>
          </testcase>
          <testcase name="[It] [sig-storage] In-tree Volumes [Driver: cinder] [Testpattern: Dynamic PV (block volmode)] multiVolume [Slow] should access to two volumes with the same volume mode and retain data across pod recreation on different node" classname="Kubernetes e2e suite" status="skipped" time="0">
              <skipped message="skipped"></skipped>
          </testcase>
          <testcase name="[It] [sig-storage] In-tree Volumes [Driver: local] [LocalVolumeType: dir-link-bindmounted] [Testpattern: Pre-provisioned PV (block volmode)] volumeMode should fail to create pod by failing to mount volume [Slow]" classname="Kubernetes e2e suite" status="skipped" time="0">
              <skipped message="skipped"></skipped>
          </testcase>
          <testcase name="[It] [sig-storage] In-tree Volumes [Driver: cinder] [Testpattern: Inline-volume (xfs)] [Slow] volumes should store data" classname="Kubernetes e2e suite" status="skipped" time="0">
              <skipped message="skipped"></skipped>
          </testcase>
          <testcase name="[It] [sig-network] Services should find a service from listing all namespaces [Conformance]" classname="Kubernetes e2e suite" status="passed" time="0.051990215"></testcase>
          <testcase name="[It] [sig-storage] vcp-performance [Feature:vsphere] vcp performance tests" classname="Kubernetes e2e suite" status="skipped" time="0">
              <skipped message="skipped"></skipped>
          </testcase>
          <testcase name="[It] [sig-storage] In-tree Volumes [Driver: local] [LocalVolumeType: tmpfs] [Testpattern: Generic Ephemeral-volume (default fs) (late-binding)] ephemeral should support two pods which have the same volume definition" classname="Kubernetes e2e suite" status="skipped" time="0">
              <skipped message="skipped"></skipped>
          </testcase>
          <testcase name="[It] [sig-storage] In-tree Volumes [Driver: rbd] [Feature:Volumes] [Serial] [Testpattern: Dynamic PV (filesystem volmode)] multiVolume [Slow] should concurrently access the single volume from pods on different node" classname="Kubernetes e2e suite" status="skipped" time="0">
              <skipped message="skipped"></skipped>
          </testcase>
          <testcase name="[It] [sig-storage] Projected downwardAPI should provide container&#39;s memory request [NodeConformance] [Conformance]" classname="Kubernetes e2e suite" status="passed" time="4.093904554"></testcase>
          <testcase name="[It] [sig-storage] CSI Volumes [Driver: pd.csi.storage.gke.io] [Serial] [Testpattern: Dynamic PV (block volmode)] provisioning should provision storage with pvc data source in parallel [Slow]" classname="Kubernetes e2e suite" status="skipped" time="0">
              <skipped message="skipped"></skipped>
          </testcase>
          <testcase name="[It] [sig-storage] In-tree Volumes [Driver: local] [LocalVolumeType: tmpfs] [Testpattern: Pre-provisioned PV (default fs)] subPath should support restarting containers using directory as subpath [Slow]" classname="Kubernetes e2e suite" status="skipped" time="0">
              <skipped message="skipped"></skipped>
          </testcase>
          <testcase name="[It] [sig-storage] In-tree Volumes [Driver: local] [LocalVolumeType: dir-bindmounted] [Testpattern: Pre-provisioned PV (default fs)] volumes should store data" classname="Kubernetes e2e suite" status="skipped" time="0">
              <skipped message="skipped"></skipped>
          </testcase>
          <testcase name="[It] [sig-storage] In-tree Volumes [Driver: local] [LocalVolumeType: dir] [Testpattern: Dynamic PV (delayed binding)] topology should provision a volume and schedule a pod with AllowedTopologies" classname="Kubernetes e2e suite" status="skipped" time="0">
              <skipped message="skipped"></skipped>
          </testcase>
          <testcase name="[It] [sig-storage] In-tree Volumes [Driver: local] [LocalVolumeType: dir-link] [Testpattern: Pre-provisioned PV (block volmode)] multiVolume [Slow] should access to two volumes with different volume mode and retain data across pod recreation on different node" classname="Kubernetes e2e suite" status="skipped" time="0">
              <skipped message="skipped"></skipped>
          </testcase>
          <testcase name="[It] [sig-storage] In-tree Volumes [Driver: local] [LocalVolumeType: block] [Testpattern: Dynamic PV (ntfs)] [Feature:Windows] provisioning should provision storage with pvc data source (ROX mode)" classname="Kubernetes e2e suite" status="skipped" time="0">
              <skipped message="skipped"></skipped>
          </testcase>
          <testcase name="[It] [sig-storage] In-tree Volumes [Driver: local] [LocalVolumeType: blockfs] [Testpattern: Pre-provisioned PV (block volmode)] disruptive [Disruptive] [LinuxOnly] Should test that pv used in a pod that is deleted while the kubelet is down cleans up when the kubelet returns." classname="Kubernetes e2e suite" status="skipped" time="0">
              <skipped message="skipped"></skipped>
          </testcase>
          <testcase name="[It] [sig-storage] In-tree Volumes [Driver: vsphere] [Testpattern: Inline-volume (default fs)] subPath should support readOnly directory specified in the volumeMount" classname="Kubernetes e2e suite" status="skipped" time="0">
              <skipped message="skipped"></skipped>
          </testcase>
          <testcase name="[It] [sig-storage] In-tree Volumes [Driver: local] [LocalVolumeType: tmpfs] [Testpattern: Generic Ephemeral-volume (default fs) (immediate-binding)] ephemeral should create read-only inline ephemeral volume" classname="Kubernetes e2e suite" status="skipped" time="0">
              <skipped message="skipped"></skipped>
          </testcase>
          <testcase name="[It] [sig-storage] In-tree Volumes [Driver: local] [LocalVolumeType: dir] [Testpattern: Pre-provisioned PV (default fs)] subPath should support file as subpath [LinuxOnly]" classname="Kubernetes e2e suite" status="skipped" time="0">
              <skipped message="skipped"></skipped>
          </testcase>
          <testcase name="[It] [sig-storage] In-tree Volumes [Driver: ceph] [Feature:Volumes] [Serial] [Testpattern: Dynamic PV (ext4)] volumes should store data" classname="Kubernetes e2e suite" status="skipped" time="0">
              <skipped message="skipped"></skipped>
          </testcase>
          <testcase name="[It] [sig-storage] In-tree Volumes [Driver: local] [LocalVolumeType: tmpfs] [Testpattern: Dynamic PV (ntfs)] [Feature:Windows] multiVolume [Slow] should access to two volumes with different volume mode and retain data across pod recreation on different node" classname="Kubernetes e2e suite" status="skipped" time="0">
              <skipped message="skipped"></skipped>
          </testcase>
          <testcase name="[It] [sig-storage] In-tree Volumes [Driver: local] [LocalVolumeType: dir-bindmounted] [Testpattern: Generic Ephemeral-volume (block volmode) (late-binding)] ephemeral should support expansion of pvcs created for ephemeral pvcs" classname="Kubernetes e2e suite" status="skipped" time="0">
              <skipped message="skipped"></skipped>
          </testcase>
          <testcase name="[It] [sig-storage] In-tree Volumes [Driver: local] [LocalVolumeType: dir-bindmounted] [Testpattern: Dynamic PV (block volmode)] provisioning should provision storage with pvc data source (ROX mode)" classname="Kubernetes e2e suite" status="skipped" time="0">
              <skipped message="skipped"></skipped>
          </testcase>
          <testcase name="[It] [sig-storage] In-tree Volumes [Driver: hostPath] [Testpattern: Dynamic PV (default fs)] subPath should unmount if pod is force deleted while kubelet is down [Disruptive] [Slow] [LinuxOnly]" classname="Kubernetes e2e suite" status="skipped" time="0">
              <skipped message="skipped"></skipped>
          </testcase>
          <testcase name="[It] [sig-storage] In-tree Volumes [Driver: local] [LocalVolumeType: gce-localssd-scsi-fs] [Serial] [Testpattern: Pre-provisioned PV (ext3)] volumes should store data" classname="Kubernetes e2e suite" status="skipped" time="0">
              <skipped message="skipped"></skipped>
          </testcase>
          <testcase name="[It] [sig-storage] In-tree Volumes [Driver: local] [LocalVolumeType: gce-localssd-scsi-fs] [Serial] [Testpattern: Inline-volume (ext3)] volumes should allow exec of files on the volume" classname="Kubernetes e2e suite" status="skipped" time="0">
              <skipped message="skipped"></skipped>
          </testcase>
          <testcase name="[It] [sig-storage] In-tree Volumes [Driver: aws] [Testpattern: Pre-provisioned PV (block volmode)] multiVolume [Slow] should access to two volumes with the same volume mode and retain data across pod recreation on different node" classname="Kubernetes e2e suite" status="skipped" time="0">
              <skipped message="skipped"></skipped>
          </testcase>
          <testcase name="[It] [sig-storage] In-tree Volumes [Driver: iscsi] [Feature:Volumes] [Testpattern: Pre-provisioned PV (filesystem volmode)] volumeMode should fail to use a volume in a pod with mismatched mode [Slow]" classname="Kubernetes e2e suite" status="skipped" time="0">
              <skipped message="skipped"></skipped>
          </testcase>
          <testcase name="[It] [sig-storage] In-tree Volumes [Driver: nfs] [Testpattern: Inline-volume (ext3)] volumes should store data" classname="Kubernetes e2e suite" status="skipped" time="0">
              <skipped message="skipped"></skipped>
          </testcase>
          <testcase name="[It] [sig-storage] CSI Volumes [Driver: csi-hostpath] [Testpattern: Dynamic PV (default fs)] subPath should support existing single file [LinuxOnly]" classname="Kubernetes e2e suite" status="skipped" time="0">
              <skipped message="skipped"></skipped>
          </testcase>
          <testcase name="[It] [sig-storage] CSI Volumes [Driver: csi-hostpath] [Testpattern: Dynamic PV (ntfs)] [Feature:Windows] subPath should support readOnly directory specified in the volumeMount" classname="Kubernetes e2e suite" status="skipped" time="0">
              <skipped message="skipped"></skipped>
          </testcase>
          <testcase name="[It] [sig-storage] In-tree Volumes [Driver: iscsi] [Feature:Volumes] [Testpattern: Dynamic PV (ext4)] multiVolume [Slow] should concurrently access the single volume from pods on the same node" classname="Kubernetes e2e suite" status="skipped" time="0">
              <skipped message="skipped"></skipped>
          </testcase>
          <testcase name="[It] [sig-storage] In-tree Volumes [Driver: local] [LocalVolumeType: dir-link] [Testpattern: Dynamic PV (filesystem volmode)] multiVolume [Slow] should concurrently access the single read-only volume from pods on the same node" classname="Kubernetes e2e suite" status="skipped" time="0">
              <skipped message="skipped"></skipped>
          </testcase>
          <testcase name="[It] [sig-storage] In-tree Volumes [Driver: local] [LocalVolumeType: dir-link-bindmounted] [Testpattern: Pre-provisioned PV (xfs)] [Slow] volumes should allow exec of files on the volume" classname="Kubernetes e2e suite" status="skipped" time="0">
              <skipped message="skipped"></skipped>
          </testcase>
          <testcase name="[It] [sig-storage] CSI Volumes [Driver: csi-hostpath] [Testpattern: Dynamic PV (default fs)] volume-stress multiple pods should access different volumes repeatedly [Slow] [Serial]" classname="Kubernetes e2e suite" status="skipped" time="0">
              <skipped message="skipped"></skipped>
          </testcase>
          <testcase name="[It] [sig-autoscaling] [Feature:HPA] Horizontal pod autoscaling (scale resource: CPU) [Serial] [Slow] ReplicaSet Should scale from 1 pod to 3 pods and then from 3 pods to 5 pods" classname="Kubernetes e2e suite" status="skipped" time="0">
              <skipped message="skipped"></skipped>
          </testcase>
          <testcase name="[It] [sig-network] Services should check NodePort out-of-range" classname="Kubernetes e2e suite" status="skipped" time="0">
              <skipped message="skipped"></skipped>
          </testcase>
          <testcase name="[It] [sig-storage] In-tree Volumes [Driver: aws] [Testpattern: Dynamic PV (ntfs)] [Feature:Windows] multiVolume [Slow] should concurrently access the single volume from pods on different node" classname="Kubernetes e2e suite" status="skipped" time="0">
              <skipped message="skipped"></skipped>
          </testcase>
          <testcase name="[It] [sig-storage] In-tree Volumes [Driver: local] [LocalVolumeType: dir-bindmounted] [Testpattern: Dynamic PV (block volmode)] volume-expand should not allow expansion of pvcs without AllowVolumeExpansion property" classname="Kubernetes e2e suite" status="skipped" time="0">
              <skipped message="skipped"></skipped>
          </testcase>
          <testcase name="[It] [sig-storage] In-tree Volumes [Driver: nfs] [Testpattern: Dynamic PV (ntfs)] [Feature:Windows] subPath should support file as subpath [LinuxOnly]" classname="Kubernetes e2e suite" status="skipped" time="0">
              <skipped message="skipped"></skipped>
          </testcase>
          <testcase name="[It] [sig-storage] In-tree Volumes [Driver: local] [LocalVolumeType: dir] [Testpattern: Dynamic PV (default fs)] fsgroupchangepolicy (OnRootMismatch)[LinuxOnly], pod created with an initial fsgroup, volume contents ownership changed via chgrp in first pod, new pod with different fsgroup applied to the volume contents" classname="Kubernetes e2e suite" status="skipped" time="0">
              <skipped message="skipped"></skipped>
          </testcase>
          <testcase name="[It] [sig-storage] CSI Volumes [Driver: pd.csi.storage.gke.io] [Serial] [Testpattern: Dynamic PV (ntfs)] [Feature:Windows] subPath should support existing directory" classname="Kubernetes e2e suite" status="skipped" time="0">
              <skipped message="skipped"></skipped>
          </testcase>
          <testcase name="[It] [sig-storage] [Serial] Volume metrics PVC should create metrics for total time taken in volume operations in P/V Controller" classname="Kubernetes e2e suite" status="skipped" time="0">
              <skipped message="skipped"></skipped>
          </testcase>
          <testcase name="[It] [sig-storage] In-tree Volumes [Driver: local] [LocalVolumeType: blockfs] [Testpattern: Inline-volume (default fs)] subPath should fail if non-existent subpath is outside the volume [Slow] [LinuxOnly]" classname="Kubernetes e2e suite" status="skipped" time="0">
              <skipped message="skipped"></skipped>
          </testcase>
          <testcase name="[It] [sig-storage] In-tree Volumes [Driver: local] [LocalVolumeType: blockfs] [Testpattern: Dynamic PV (block volmode)] provisioning should provision storage with snapshot data source [Feature:VolumeSnapshotDataSource]" classname="Kubernetes e2e suite" status="skipped" time="0">
              <skipped message="skipped"></skipped>
          </testcase>
          <testcase name="[It] [sig-storage] In-tree Volumes [Driver: local] [LocalVolumeType: block] [Testpattern: Generic Ephemeral-volume (default fs) (late-binding)] ephemeral should create read-only inline ephemeral volume" classname="Kubernetes e2e suite" status="skipped" time="0">
              <skipped message="skipped"></skipped>
          </testcase>
          <testcase name="[It] [sig-storage] CSI Volumes [Driver: csi-hostpath] [Testpattern: Dynamic PV (immediate binding)] topology should provision a volume and schedule a pod with AllowedTopologies" classname="Kubernetes e2e suite" status="skipped" time="0">
              <skipped message="skipped"></skipped>
          </testcase>
          <testcase name="[It] [sig-storage] Projected secret should be consumable from pods in volume with defaultMode set [LinuxOnly] [NodeConformance] [Conformance]" classname="Kubernetes e2e suite" status="passed" time="4.096976565"></testcase>
          <testcase name="[It] [sig-node] Security Context should support volume SELinux relabeling when using hostPID [Flaky] [LinuxOnly]" classname="Kubernetes e2e suite" status="skipped" time="0">
              <skipped message="skipped"></skipped>
          </testcase>
          <testcase name="[It] [sig-storage] In-tree Volumes [Driver: local] [LocalVolumeType: gce-localssd-scsi-fs] [Serial] [Testpattern: Pre-provisioned PV (default fs)] subPath should support non-existent path" classname="Kubernetes e2e suite" status="skipped" time="0">
              <skipped message="skipped"></skipped>
          </testcase>
          <testcase name="[It] [sig-storage] In-tree Volumes [Driver: vsphere] [Testpattern: Dynamic PV (default fs)] fsgroupchangepolicy (OnRootMismatch)[LinuxOnly], pod created with an initial fsgroup, volume contents ownership changed via chgrp in first pod, new pod with different fsgroup applied to the volume contents" classname="Kubernetes e2e suite" status="skipped" time="0">
              <skipped message="skipped"></skipped>
          </testcase>
          <testcase name="[It] [sig-storage] In-tree Volumes [Driver: local] [LocalVolumeType: blockfs] [Testpattern: Pre-provisioned PV (default fs)] volumes should allow exec of files on the volume" classname="Kubernetes e2e suite" status="skipped" time="0">
              <skipped message="skipped"></skipped>
          </testcase>
          <testcase name="[It] [sig-api-machinery] Watchers should be able to start watching from a specific resource version [Conformance]" classname="Kubernetes e2e suite" status="passed" time="0.063567791"></testcase>
          <testcase name="[It] [sig-storage] In-tree Volumes [Driver: local] [LocalVolumeType: dir] [Testpattern: Dynamic PV (block volmode)] provisioning should mount multiple PV pointing to the same storage on the same node" classname="Kubernetes e2e suite" status="skipped" time="0">
              <skipped message="skipped"></skipped>
          </testcase>
          <testcase name="[It] [sig-storage] In-tree Volumes [Driver: local] [LocalVolumeType: block] [Testpattern: Dynamic PV (ntfs)] [Feature:Windows] multiVolume [Slow] should concurrently access the volume and restored snapshot from pods on the same node [LinuxOnly] [Feature:VolumeSnapshotDataSource] [Feature:VolumeSourceXFS]" classname="Kubernetes e2e suite" status="skipped" time="0">
              <skipped message="skipped"></skipped>
          </testcase>
          <testcase name="[It] [sig-storage] In-tree Volumes [Driver: iscsi] [Feature:Volumes] [Testpattern: Dynamic PV (default fs)] subPath should fail if subpath file is outside the volume [Slow] [LinuxOnly]" classname="Kubernetes e2e suite" status="skipped" time="0">
              <skipped message="skipped"></skipped>
          </testcase>
          <testcase name="[It] [sig-autoscaling] Cluster size autoscaling [Slow] shouldn&#39;t be able to scale down when rescheduling a pod is required, but pdb doesn&#39;t allow drain [Feature:ClusterSizeAutoscalingScaleDown]" classname="Kubernetes e2e suite" status="skipped" time="0">
              <skipped message="skipped"></skipped>
          </testcase>
          <testcase name="[It] [sig-storage] In-tree Volumes [Driver: local] [LocalVolumeType: dir] [Testpattern: Pre-provisioned PV (default fs)] subPath should support creating multiple subpath from same volumes [Slow]" classname="Kubernetes e2e suite" status="skipped" time="0">
              <skipped message="skipped"></skipped>
          </testcase>
          <testcase name="[It] [sig-storage] In-tree Volumes [Driver: nfs] [Testpattern: Dynamic PV (ntfs)] [Feature:Windows] subPath should fail if subpath file is outside the volume [Slow] [LinuxOnly]" classname="Kubernetes e2e suite" status="skipped" time="0">
              <skipped message="skipped"></skipped>
          </testcase>
          <testcase name="[It] [sig-storage] In-tree Volumes [Driver: iscsi] [Feature:Volumes] [Testpattern: Inline-volume (default fs)] subPath should fail if subpath with backstepping is outside the volume [Slow] [LinuxOnly]" classname="Kubernetes e2e suite" status="skipped" time="0">
              <skipped message="skipped"></skipped>
          </testcase>
          <testcase name="[It] [sig-auth] ServiceAccounts should set ownership and permission when RunAsUser or FsGroup is present [LinuxOnly] [NodeFeature:FSGroup]" classname="Kubernetes e2e suite" status="skipped" time="0">
              <skipped message="skipped"></skipped>
          </testcase>
          <testcase name="[It] [sig-storage] In-tree Volumes [Driver: local] [LocalVolumeType: block] [Testpattern: Generic Ephemeral-volume (default fs) (immediate-binding)] ephemeral should support two pods which have the same volume definition" classname="Kubernetes e2e suite" status="skipped" time="0">
              <skipped message="skipped"></skipped>
          </testcase>
          <testcase name="[It] [sig-autoscaling] Cluster size autoscaler scalability [Slow] should scale down empty nodes [Feature:ClusterAutoscalerScalability3]" classname="Kubernetes e2e suite" status="skipped" time="0">
              <skipped message="skipped"></skipped>
          </testcase>
          <testcase name="[It] [sig-storage] In-tree Volumes [Driver: local] [LocalVolumeType: gce-localssd-scsi-fs] [Serial] [Testpattern: Pre-provisioned PV (filesystem volmode)] multiVolume [Slow] should access to two volumes with different volume mode and retain data across pod recreation on different node" classname="Kubernetes e2e suite" status="skipped" time="0">
              <skipped message="skipped"></skipped>
          </testcase>
          <testcase name="[It] [sig-storage] CSI Volumes [Driver: pd.csi.storage.gke.io] [Serial] [Testpattern: Dynamic PV (block volmode)(allowExpansion)] volume-expand Verify if offline PVC expansion works" classname="Kubernetes e2e suite" status="skipped" time="0">
              <skipped message="skipped"></skipped>
          </testcase>
          <testcase name="[It] [sig-storage] Storage Policy Based Volume Provisioning [Feature:vsphere] verify VSAN storage capability with invalid hostFailuresToTolerate value is not honored for dynamically provisioned pvc using storageclass" classname="Kubernetes e2e suite" status="skipped" time="0">
              <skipped message="skipped"></skipped>
          </testcase>
          <testcase name="[It] [sig-storage] In-tree Volumes [Driver: emptydir] [Testpattern: Dynamic PV (block volmode)] provisioning should provision storage with any volume data source [Serial]" classname="Kubernetes e2e suite" status="skipped" time="0">
              <skipped message="skipped"></skipped>
          </testcase>
          <testcase name="[It] [sig-node] Security Context When creating a pod with HostUsers should set FSGroup to user inside the container with hostUsers=false [LinuxOnly] [Feature:UserNamespacesSupport]" classname="Kubernetes e2e suite" status="skipped" time="0">
              <skipped message="skipped"></skipped>
          </testcase>
          <testcase name="[It] [sig-api-machinery] Namespaces [Serial] should apply changes to a namespace status [Conformance]" classname="Kubernetes e2e suite" status="passed" time="0.04924466"></testcase>
          <testcase name="[It] [sig-storage] In-tree Volumes [Driver: cinder] [Testpattern: Dynamic PV (xfs)] [Slow] volumes should store data" classname="Kubernetes e2e suite" status="skipped" time="0">
              <skipped message="skipped"></skipped>
          </testcase>
          <testcase name="[It] [sig-storage] In-tree Volumes [Driver: iscsi] [Feature:Volumes] [Testpattern: Pre-provisioned PV (ntfs)] [Feature:Windows] volumes should store data" classname="Kubernetes e2e suite" status="skipped" time="0">
              <skipped message="skipped"></skipped>
          </testcase>
          <testcase name="[It] [sig-storage] CSI Volumes [Driver: pd.csi.storage.gke.io] [Serial] [Testpattern: Dynamic PV (default fs)] subPath should be able to unmount after the subpath directory is deleted [LinuxOnly]" classname="Kubernetes e2e suite" status="skipped" time="0">
              <skipped message="skipped"></skipped>
          </testcase>
          <testcase name="[It] [sig-storage] In-tree Volumes [Driver: local] [LocalVolumeType: tmpfs] [Testpattern: Dynamic PV (filesystem volmode)] volumeMode should not mount / map unused volumes in a pod [LinuxOnly]" classname="Kubernetes e2e suite" status="skipped" time="0">
              <skipped message="skipped"></skipped>
          </testcase>
          <testcase name="[It] [sig-storage] In-tree Volumes [Driver: local] [LocalVolumeType: tmpfs] [Testpattern: Dynamic PV (ntfs)] [Feature:Windows] multiVolume [Slow] should concurrently access the volume and restored snapshot from pods on the same node [LinuxOnly] [Feature:VolumeSnapshotDataSource] [Feature:VolumeSourceXFS]" classname="Kubernetes e2e suite" status="skipped" time="0">
              <skipped message="skipped"></skipped>
          </testcase>
          <testcase name="[It] [sig-storage] In-tree Volumes [Driver: hostPath] [Testpattern: Dynamic PV (block volmode)] provisioning should provision storage with snapshot data source (ROX mode) [Feature:VolumeSnapshotDataSource]" classname="Kubernetes e2e suite" status="skipped" time="0">
              <skipped message="skipped"></skipped>
          </testcase>
          <testcase name="[It] [sig-storage] In-tree Volumes [Driver: local] [LocalVolumeType: dir-link] [Testpattern: Dynamic PV (ntfs)] [Feature:Windows] subPath should support file as subpath [LinuxOnly]" classname="Kubernetes e2e suite" status="skipped" time="0">
              <skipped message="skipped"></skipped>
          </testcase>
          <testcase name="[It] [sig-storage] In-tree Volumes [Driver: azure-file] [Testpattern: Dynamic PV (block volmode)] multiVolume [Slow] should access to two volumes with different volume mode and retain data across pod recreation on the same node" classname="Kubernetes e2e suite" status="skipped" time="0">
              <skipped message="skipped"></skipped>
          </testcase>
          <testcase name="[It] [sig-storage] In-tree Volumes [Driver: hostPathSymlink] [Testpattern: Dynamic PV (xfs)] [Slow] multiVolume [Slow] should concurrently access the single read-only volume from pods on the same node" classname="Kubernetes e2e suite" status="skipped" time="0">
              <skipped message="skipped"></skipped>
          </testcase>
          <testcase name="[It] [sig-storage] In-tree Volumes [Driver: aws] [Testpattern: Pre-provisioned PV (filesystem volmode)] volumeMode should not mount / map unused volumes in a pod [LinuxOnly]" classname="Kubernetes e2e suite" status="skipped" time="0">
              <skipped message="skipped"></skipped>
          </testcase>
          <testcase name="[It] [sig-storage] CSI Volumes [Driver: pd.csi.storage.gke.io] [Serial] [Testpattern: Dynamic PV (filesystem volmode)] disruptive [Disruptive] [LinuxOnly] Should test that pv used in a pod that is force deleted while the kubelet is down is usable by a new pod with a different SELinux context when kubelet returns [Feature:SELinux]" classname="Kubernetes e2e suite" status="skipped" time="0">
              <skipped message="skipped"></skipped>
          </testcase>
          <testcase name="[It] [sig-storage] In-tree Volumes [Driver: vsphere] [Testpattern: Dynamic PV (ntfs)] [Feature:Windows] provisioning should provision storage with snapshot data source [Feature:VolumeSnapshotDataSource]" classname="Kubernetes e2e suite" status="skipped" time="0">
              <skipped message="skipped"></skipped>
          </testcase>
          <testcase name="[It] [sig-node] DRA [Feature:DynamicResourceAllocation] cluster with immediate allocation supports external claim referenced by multiple containers of multiple pods" classname="Kubernetes e2e suite" status="skipped" time="0">
              <skipped message="skipped"></skipped>
          </testcase>
          <testcase name="[It] [sig-storage] In-tree Volumes [Driver: local] [LocalVolumeType: block] [Testpattern: Inline-volume (default fs)] subPath should support creating multiple subpath from same volumes [Slow]" classname="Kubernetes e2e suite" status="skipped" time="0">
              <skipped message="skipped"></skipped>
          </testcase>
          <testcase name="[It] [sig-storage] PersistentVolumes-local [Volume type: dir-bindmounted] Two pods mounting a local volume at the same time should be able to write from pod1 and read from pod2" classname="Kubernetes e2e suite" status="skipped" time="0">
              <skipped message="skipped"></skipped>
          </testcase>
          <testcase name="[It] [sig-storage] In-tree Volumes [Driver: local] [LocalVolumeType: tmpfs] [Testpattern: Dynamic PV (block volmode)] multiVolume [Slow] should access to two volumes with different volume mode and retain data across pod recreation on different node" classname="Kubernetes e2e suite" status="skipped" time="0">
              <skipped message="skipped"></skipped>
          </testcase>
          <testcase name="[It] [sig-storage] In-tree Volumes [Driver: local] [LocalVolumeType: dir-link-bindmounted] [Testpattern: Dynamic PV (ntfs)] [Feature:Windows] multiVolume [Slow] should concurrently access the volume and its clone from pods on the same node [LinuxOnly] [Feature:VolumeSourceXFS]" classname="Kubernetes e2e suite" status="skipped" time="0">
              <skipped message="skipped"></skipped>
          </testcase>
          <testcase name="[It] [sig-storage] In-tree Volumes [Driver: ceph] [Feature:Volumes] [Serial] [Testpattern: Inline-volume (default fs)] subPath should unmount if pod is gracefully deleted while kubelet is down [Disruptive] [Slow] [LinuxOnly]" classname="Kubernetes e2e suite" status="skipped" time="0">
              <skipped message="skipped"></skipped>
          </testcase>
          <testcase name="[It] [sig-apps] DisruptionController evictions: maxUnavailable deny evictions, integer =&gt; should not allow an eviction [Serial]" classname="Kubernetes e2e suite" status="skipped" time="0">
              <skipped message="skipped"></skipped>
          </testcase>
          <testcase name="[It] [sig-node] [NodeAlphaFeature:SidecarContainers] [Feature:SidecarContainers] Probing restartable init container should *not* be restarted with a exec &#34;cat /tmp/health&#34; liveness probe" classname="Kubernetes e2e suite" status="skipped" time="0">
              <skipped message="skipped"></skipped>
          </testcase>
          <testcase name="[It] [sig-network] Loadbalancing: L7 GCE [Slow] [Feature:NEG] should be able to switch between IG and NEG modes" classname="Kubernetes e2e suite" status="skipped" time="0">
              <skipped message="skipped"></skipped>
          </testcase>
          <testcase name="[It] [sig-storage] In-tree Volumes [Driver: azure-file] [Testpattern: Pre-provisioned PV (block volmode)] volumeMode should fail to create pod by failing to mount volume [Slow]" classname="Kubernetes e2e suite" status="skipped" time="0">
              <skipped message="skipped"></skipped>
          </testcase>
          <testcase name="[It] [sig-storage] In-tree Volumes [Driver: azure-file] [Testpattern: Dynamic PV (xfs)] [Slow] volumes should allow exec of files on the volume" classname="Kubernetes e2e suite" status="skipped" time="0">
              <skipped message="skipped"></skipped>
          </testcase>
          <testcase name="[It] [sig-storage] In-tree Volumes [Driver: nfs] [Testpattern: Generic Ephemeral-volume (default fs) (late-binding)] ephemeral should support multiple inline ephemeral volumes" classname="Kubernetes e2e suite" status="skipped" time="0">
              <skipped message="skipped"></skipped>
          </testcase>
          <testcase name="[It] [sig-storage] In-tree Volumes [Driver: local] [LocalVolumeType: blockfs] [Testpattern: Dynamic PV (xfs)] [Slow] multiVolume [Slow] should concurrently access the single volume from pods on the same node" classname="Kubernetes e2e suite" status="skipped" time="0">
              <skipped message="skipped"></skipped>
          </testcase>
          <testcase name="[It] [sig-storage] In-tree Volumes [Driver: local] [LocalVolumeType: dir-link] [Testpattern: Generic Ephemeral-volume (block volmode) (late-binding)] ephemeral should support expansion of pvcs created for ephemeral pvcs" classname="Kubernetes e2e suite" status="skipped" time="0">
              <skipped message="skipped"></skipped>
          </testcase>
          <testcase name="[It] [sig-storage] In-tree Volumes [Driver: nfs] [Testpattern: Pre-provisioned PV (filesystem volmode)] multiVolume [Slow] should access to two volumes with the same volume mode and retain data across pod recreation on different node" classname="Kubernetes e2e suite" status="skipped" time="0">
              <skipped message="skipped"></skipped>
          </testcase>
          <testcase name="[It] [sig-storage] In-tree Volumes [Driver: local] [LocalVolumeType: dir] [Testpattern: Generic Ephemeral-volume (default fs) (late-binding)] ephemeral should create read/write inline ephemeral volume" classname="Kubernetes e2e suite" status="skipped" time="0">
              <skipped message="skipped"></skipped>
          </testcase>
          <testcase name="[It] [sig-storage] In-tree Volumes [Driver: local] [LocalVolumeType: tmpfs] [Testpattern: Dynamic PV (xfs)] [Slow] volumes should allow exec of files on the volume" classname="Kubernetes e2e suite" status="skipped" time="0">
              <skipped message="skipped"></skipped>
          </testcase>
          <testcase name="[It] [sig-storage] In-tree Volumes [Driver: nfs] [Testpattern: Dynamic PV (ext4)] multiVolume [Slow] should concurrently access the single volume from pods on different node" classname="Kubernetes e2e suite" status="skipped" time="0">
              <skipped message="skipped"></skipped>
          </testcase>
          <testcase name="[It] [sig-storage] In-tree Volumes [Driver: rbd] [Feature:Volumes] [Serial] [Testpattern: Dynamic PV (xfs)] [Slow] volumes should store data" classname="Kubernetes e2e suite" status="skipped" time="0">
              <skipped message="skipped"></skipped>
          </testcase>
          <testcase name="[It] [sig-storage] In-tree Volumes [Driver: rbd] [Feature:Volumes] [Serial] [Testpattern: Pre-provisioned PV (block volmode)] multiVolume [Slow] should access to two volumes with different volume mode and retain data across pod recreation on different node" classname="Kubernetes e2e suite" status="skipped" time="0">
              <skipped message="skipped"></skipped>
          </testcase>
          <testcase name="[It] [sig-storage] In-tree Volumes [Driver: local] [LocalVolumeType: dir-link] [Testpattern: Generic Ephemeral-volume (block volmode) (late-binding)] ephemeral should create read/write inline ephemeral volume" classname="Kubernetes e2e suite" status="skipped" time="0">
              <skipped message="skipped"></skipped>
          </testcase>
          <testcase name="[It] [sig-storage] In-tree Volumes [Driver: azure-file] [Testpattern: Dynamic PV (block volmode)] provisioning should provision storage with snapshot data source [Feature:VolumeSnapshotDataSource]" classname="Kubernetes e2e suite" status="skipped" time="0">
              <skipped message="skipped"></skipped>
          </testcase>
          <testcase name="[It] [sig-storage] In-tree Volumes [Driver: nfs] [Testpattern: Pre-provisioned PV (block volmode)] disruptive [Disruptive] [LinuxOnly] Should test that pv used in a pod that is force deleted while the kubelet is down cleans up when the kubelet returns." classname="Kubernetes e2e suite" status="skipped" time="0">
              <skipped message="skipped"></skipped>
          </testcase>
          <testcase name="[It] [sig-storage] In-tree Volumes [Driver: ceph] [Feature:Volumes] [Serial] [Testpattern: Inline-volume (default fs)] subPath should fail if subpath file is outside the volume [Slow] [LinuxOnly]" classname="Kubernetes e2e suite" status="skipped" time="0">
              <skipped message="skipped"></skipped>
          </testcase>
          <testcase name="[It] [sig-storage] In-tree Volumes [Driver: local] [LocalVolumeType: gce-localssd-scsi-fs] [Serial] [Testpattern: Dynamic PV (ntfs)] [Feature:Windows] subPath should unmount if pod is force deleted while kubelet is down [Disruptive] [Slow] [LinuxOnly]" classname="Kubernetes e2e suite" status="skipped" time="0">
              <skipped message="skipped"></skipped>
          </testcase>
          <testcase name="[It] [sig-storage] In-tree Volumes [Driver: ceph] [Feature:Volumes] [Serial] [Testpattern: Dynamic PV (ntfs)] [Feature:Windows] subPath should fail if subpath with backstepping is outside the volume [Slow] [LinuxOnly]" classname="Kubernetes e2e suite" status="skipped" time="0">
              <skipped message="skipped"></skipped>
          </testcase>
          <testcase name="[It] [sig-storage] In-tree Volumes [Driver: hostPath] [Testpattern: Dynamic PV (ntfs)] [Feature:Windows] subPath should fail if subpath file is outside the volume [Slow] [LinuxOnly]" classname="Kubernetes e2e suite" status="skipped" time="0">
              <skipped message="skipped"></skipped>
          </testcase>
          <testcase name="[It] [sig-storage] In-tree Volumes [Driver: local] [LocalVolumeType: gce-localssd-scsi-fs] [Serial] [Testpattern: Dynamic PV (default fs)] subPath should support existing directory" classname="Kubernetes e2e suite" status="skipped" time="0">
              <skipped message="skipped"></skipped>
          </testcase>
          <testcase name="[It] [sig-storage] In-tree Volumes [Driver: vsphere] [Testpattern: Pre-provisioned PV (xfs)] [Slow] volumes should store data" classname="Kubernetes e2e suite" status="skipped" time="0">
              <skipped message="skipped"></skipped>
          </testcase>
          <testcase name="[It] [sig-node] InitContainer [NodeConformance] should invoke init containers on a RestartAlways pod [Conformance]" classname="Kubernetes e2e suite" status="passed" time="3.529628188"></testcase>
          <testcase name="[It] [sig-storage] In-tree Volumes [Driver: local] [LocalVolumeType: tmpfs] [Testpattern: Dynamic PV (block volmode)] disruptive [Disruptive] [LinuxOnly] Should test that pv used in a pod that is force deleted while the kubelet is down cleans up when the kubelet returns." classname="Kubernetes e2e suite" status="skipped" time="0">
              <skipped message="skipped"></skipped>
          </testcase>
          <testcase name="[It] [sig-storage] In-tree Volumes [Driver: local] [LocalVolumeType: block] [Testpattern: Dynamic PV (filesystem volmode)] disruptive [Disruptive] [LinuxOnly] Should test that pv written before kubelet restart is readable after restart." classname="Kubernetes e2e suite" status="skipped" time="0">
              <skipped message="skipped"></skipped>
          </testcase>
          <testcase name="[It] [sig-storage] In-tree Volumes [Driver: local] [LocalVolumeType: tmpfs] [Testpattern: Dynamic PV (xfs)] [Slow] multiVolume [Slow] should access to two volumes with the same volume mode and retain data across pod recreation on the same node" classname="Kubernetes e2e suite" status="skipped" time="0">
              <skipped message="skipped"></skipped>
          </testcase>
          <testcase name="[It] [sig-storage] In-tree Volumes [Driver: ceph] [Feature:Volumes] [Serial] [Testpattern: Inline-volume (default fs)] subPath should support creating multiple subpath from same volumes [Slow]" classname="Kubernetes e2e suite" status="skipped" time="0">
              <skipped message="skipped"></skipped>
          </testcase>
          <testcase name="[It] [sig-storage] CSI Volumes [Driver: csi-hostpath] [Testpattern: Dynamic PV (ntfs)] [Feature:Windows] subPath should support readOnly file specified in the volumeMount [LinuxOnly]" classname="Kubernetes e2e suite" status="skipped" time="0">
              <skipped message="skipped"></skipped>
          </testcase>
          <testcase name="[It] [sig-storage] In-tree Volumes [Driver: vsphere] [Testpattern: Inline-volume (default fs)] volumeIO should write files of various sizes, verify size, validate content [Slow]" classname="Kubernetes e2e suite" status="skipped" time="0">
              <skipped message="skipped"></skipped>
          </testcase>
          <testcase name="[It] [sig-storage] In-tree Volumes [Driver: local] [LocalVolumeType: tmpfs] [Testpattern: Dynamic PV (block volmode)] multiVolume [Slow] should concurrently access the volume and its clone from pods on the same node [LinuxOnly] [Feature:VolumeSourceXFS]" classname="Kubernetes e2e suite" status="skipped" time="0">
              <skipped message="skipped"></skipped>
          </testcase>
          <testcase name="[It] [sig-storage] In-tree Volumes [Driver: local] [LocalVolumeType: dir-bindmounted] [Testpattern: Dynamic PV (ntfs)] [Feature:Windows] subPath should unmount if pod is gracefully deleted while kubelet is down [Disruptive] [Slow] [LinuxOnly]" classname="Kubernetes e2e suite" status="skipped" time="0">
              <skipped message="skipped"></skipped>
          </testcase>
          <testcase name="[It] [sig-storage] In-tree Volumes [Driver: local] [LocalVolumeType: block] [Testpattern: Dynamic PV (default fs)] provisioning should provision storage with any volume data source [Serial]" classname="Kubernetes e2e suite" status="skipped" time="0">
              <skipped message="skipped"></skipped>
          </testcase>
          <testcase name="[It] [sig-storage] In-tree Volumes [Driver: nfs] [Testpattern: Inline-volume (default fs)] subPath should support existing single file [LinuxOnly]" classname="Kubernetes e2e suite" status="skipped" time="0">
              <skipped message="skipped"></skipped>
          </testcase>
          <testcase name="[It] [sig-storage] In-tree Volumes [Driver: azure-file] [Testpattern: Pre-provisioned PV (block volmode)] multiVolume [Slow] should access to two volumes with the same volume mode and retain data across pod recreation on the same node" classname="Kubernetes e2e suite" status="skipped" time="0">
              <skipped message="skipped"></skipped>
          </testcase>
          <testcase name="[It] [sig-storage] In-tree Volumes [Driver: ceph] [Feature:Volumes] [Serial] [Testpattern: Dynamic PV (block volmode)] multiVolume [Slow] should concurrently access the volume and its clone from pods on the same node [LinuxOnly] [Feature:VolumeSourceXFS]" classname="Kubernetes e2e suite" status="skipped" time="0">
              <skipped message="skipped"></skipped>
          </testcase>
          <testcase name="[It] [sig-storage] In-tree Volumes [Driver: local] [LocalVolumeType: tmpfs] [Testpattern: Dynamic PV (ext4)] volumes should store data" classname="Kubernetes e2e suite" status="skipped" time="0">
              <skipped message="skipped"></skipped>
          </testcase>
          <testcase name="[It] [sig-node] DRA [Feature:DynamicResourceAllocation] cluster with immediate allocation removes reservation from claim when pod is done" classname="Kubernetes e2e suite" status="skipped" time="0">
              <skipped message="skipped"></skipped>
          </testcase>
          <testcase name="[It] [sig-storage] In-tree Volumes [Driver: local] [LocalVolumeType: block] [Testpattern: Dynamic PV (filesystem volmode)] disruptive [Disruptive] [LinuxOnly] Should test that pv used in a pod that is force deleted while the kubelet is down is usable by a new pod with a different SELinux context when kubelet returns [Feature:SELinux]" classname="Kubernetes e2e suite" status="skipped" time="0">
              <skipped message="skipped"></skipped>
          </testcase>
          <testcase name="[It] [sig-storage] In-tree Volumes [Driver: iscsi] [Feature:Volumes] [Testpattern: Pre-provisioned PV (default fs)] subPath should fail if subpath file is outside the volume [Slow] [LinuxOnly]" classname="Kubernetes e2e suite" status="skipped" time="0">
              <skipped message="skipped"></skipped>
          </testcase>
          <testcase name="[It] [sig-storage] In-tree Volumes [Driver: local] [LocalVolumeType: dir-link] [Testpattern: Pre-provisioned PV (filesystem volmode)] volumeMode should fail to use a volume in a pod with mismatched mode [Slow]" classname="Kubernetes e2e suite" status="skipped" time="0">
              <skipped message="skipped"></skipped>
          </testcase>
          <testcase name="[It] [sig-storage] In-tree Volumes [Driver: local] [LocalVolumeType: tmpfs] [Testpattern: Pre-provisioned PV (block volmode)] volumes should store data" classname="Kubernetes e2e suite" status="skipped" time="0">
              <skipped message="skipped"></skipped>
          </testcase>
          <testcase name="[It] [sig-storage] In-tree Volumes [Driver: cinder] [Testpattern: Pre-provisioned PV (filesystem volmode)] multiVolume [Slow] should concurrently access the single read-only volume from pods on the same node" classname="Kubernetes e2e suite" status="skipped" time="0">
              <skipped message="skipped"></skipped>
          </testcase>
          <testcase name="[It] [sig-storage] In-tree Volumes [Driver: hostPath] [Testpattern: Pre-provisioned PV (default fs)] subPath should fail if subpath directory is outside the volume [Slow] [LinuxOnly]" classname="Kubernetes e2e suite" status="skipped" time="0">
              <skipped message="skipped"></skipped>
          </testcase>
          <testcase name="[It] [sig-storage] In-tree Volumes [Driver: aws] [Testpattern: Dynamic PV (ntfs)] [Feature:Windows] subPath should fail if non-existent subpath is outside the volume [Slow] [LinuxOnly]" classname="Kubernetes e2e suite" status="skipped" time="0">
              <skipped message="skipped"></skipped>
          </testcase>
          <testcase name="[It] [sig-storage] In-tree Volumes [Driver: hostPathSymlink] [Testpattern: Dynamic PV (ntfs)] [Feature:Windows] subPath should support existing single file [LinuxOnly]" classname="Kubernetes e2e suite" status="skipped" time="0">
              <skipped message="skipped"></skipped>
          </testcase>
          <testcase name="[It] [sig-storage] In-tree Volumes [Driver: vsphere] [Testpattern: Pre-provisioned PV (block volmode)] disruptive [Disruptive] [LinuxOnly] Should test that pv written before kubelet restart is readable after restart." classname="Kubernetes e2e suite" status="skipped" time="0">
              <skipped message="skipped"></skipped>
          </testcase>
          <testcase name="[It] [sig-storage] In-tree Volumes [Driver: local] [LocalVolumeType: dir-link-bindmounted] [Testpattern: Pre-provisioned PV (block volmode)] multiVolume [Slow] should concurrently access the single read-only volume from pods on the same node" classname="Kubernetes e2e suite" status="skipped" time="0">
              <skipped message="skipped"></skipped>
          </testcase>
          <testcase name="[It] [sig-storage] In-tree Volumes [Driver: hostPath] [Testpattern: Dynamic PV (ntfs)] [Feature:Windows] subPath should support existing directory" classname="Kubernetes e2e suite" status="skipped" time="0">
              <skipped message="skipped"></skipped>
          </testcase>
          <testcase name="[It] [sig-storage] In-tree Volumes [Driver: hostPath] [Testpattern: Dynamic PV (filesystem volmode)] volumeMode should fail to use a volume in a pod with mismatched mode [Slow]" classname="Kubernetes e2e suite" status="skipped" time="0">
              <skipped message="skipped"></skipped>
          </testcase>
          <testcase name="[It] [sig-storage] In-tree Volumes [Driver: iscsi] [Feature:Volumes] [Testpattern: Dynamic PV (ntfs)] [Feature:Windows] subPath should unmount if pod is force deleted while kubelet is down [Disruptive] [Slow] [LinuxOnly]" classname="Kubernetes e2e suite" status="skipped" time="0">
              <skipped message="skipped"></skipped>
          </testcase>
          <testcase name="[It] [sig-storage] In-tree Volumes [Driver: local] [LocalVolumeType: block] [Testpattern: Dynamic PV (ntfs)] [Feature:Windows] provisioning should mount multiple PV pointing to the same storage on the same node" classname="Kubernetes e2e suite" status="skipped" time="0">
              <skipped message="skipped"></skipped>
          </testcase>
          <testcase name="[It] [sig-storage] In-tree Volumes [Driver: azure-disk] [Testpattern: Pre-provisioned PV (block volmode)] volumeMode should not mount / map unused volumes in a pod [LinuxOnly]" classname="Kubernetes e2e suite" status="skipped" time="0">
              <skipped message="skipped"></skipped>
          </testcase>
          <testcase name="[It] [sig-storage] In-tree Volumes [Driver: vsphere] [Testpattern: Pre-provisioned PV (default fs)] subPath should fail if subpath file is outside the volume [Slow] [LinuxOnly]" classname="Kubernetes e2e suite" status="skipped" time="0">
              <skipped message="skipped"></skipped>
          </testcase>
          <testcase name="[It] [sig-storage] In-tree Volumes [Driver: local] [LocalVolumeType: block] [Testpattern: Pre-provisioned PV (default fs)] subPath should support non-existent path" classname="Kubernetes e2e suite" status="skipped" time="0">
              <skipped message="skipped"></skipped>
          </testcase>
          <testcase name="[It] [sig-storage] In-tree Volumes [Driver: local] [LocalVolumeType: dir] [Testpattern: Dynamic PV (default fs)] capacity provides storage capacity information" classname="Kubernetes e2e suite" status="skipped" time="0">
              <skipped message="skipped"></skipped>
          </testcase>
          <testcase name="[It] [sig-storage] In-tree Volumes [Driver: aws] [Testpattern: Pre-provisioned PV (filesystem volmode)] multiVolume [Slow] should access to two volumes with different volume mode and retain data across pod recreation on different node" classname="Kubernetes e2e suite" status="skipped" time="0">
              <skipped message="skipped"></skipped>
          </testcase>
          <testcase name="[It] [sig-storage] HostPathType Socket [Slow] Should fail on mounting socket &#39;asocket&#39; when HostPathType is HostPathBlockDev" classname="Kubernetes e2e suite" status="skipped" time="0">
              <skipped message="skipped"></skipped>
          </testcase>
          <testcase name="[It] [sig-storage] In-tree Volumes [Driver: hostPath] [Testpattern: Dynamic PV (ntfs)(allowExpansion)] [Feature:Windows] volume-expand should resize volume when PVC is edited while pod is using it" classname="Kubernetes e2e suite" status="skipped" time="0">
              <skipped message="skipped"></skipped>
          </testcase>
          <testcase name="[It] [sig-storage] In-tree Volumes [Driver: ceph] [Feature:Volumes] [Serial] [Testpattern: Pre-provisioned PV (block volmode)] multiVolume [Slow] should concurrently access the volume and its clone from pods on the same node [LinuxOnly] [Feature:VolumeSourceXFS]" classname="Kubernetes e2e suite" status="skipped" time="0">
              <skipped message="skipped"></skipped>
          </testcase>
          <testcase name="[It] [sig-autoscaling] Cluster size autoscaling [Slow] should be able to scale down by draining multiple pods one by one as dictated by pdb [Feature:ClusterSizeAutoscalingScaleDown]" classname="Kubernetes e2e suite" status="skipped" time="0">
              <skipped message="skipped"></skipped>
          </testcase>
          <testcase name="[It] [sig-storage] In-tree Volumes [Driver: local] [LocalVolumeType: dir] [Testpattern: Dynamic PV (filesystem volmode)] disruptive [Disruptive] [LinuxOnly] Should test that pv used in a pod that is force deleted while the kubelet is down is usable by a new pod when kubelet returns [Feature:SELinux]" classname="Kubernetes e2e suite" status="skipped" time="0">
              <skipped message="skipped"></skipped>
          </testcase>
          <testcase name="[It] [sig-storage] In-tree Volumes [Driver: nfs] [Testpattern: Inline-volume (ext4)] volumes should allow exec of files on the volume" classname="Kubernetes e2e suite" status="skipped" time="0">
              <skipped message="skipped"></skipped>
          </testcase>
          <testcase name="[It] [sig-storage] In-tree Volumes [Driver: local] [LocalVolumeType: dir] [Testpattern: Dynamic PV (filesystem volmode)] multiVolume [Slow] should concurrently access the single read-only volume from pods on the same node" classname="Kubernetes e2e suite" status="skipped" time="0">
              <skipped message="skipped"></skipped>
          </testcase>
          <testcase name="[It] [sig-instrumentation] Metrics should grab all metrics from kubelet /metrics/resource endpoint" classname="Kubernetes e2e suite" status="skipped" time="0">
              <skipped message="skipped"></skipped>
          </testcase>
          <testcase name="[It] [sig-storage] In-tree Volumes [Driver: local] [LocalVolumeType: dir-link] [Testpattern: Dynamic PV (ntfs)] [Feature:Windows] provisioning should provision storage with snapshot data source (ROX mode) [Feature:VolumeSnapshotDataSource]" classname="Kubernetes e2e suite" status="skipped" time="0">
              <skipped message="skipped"></skipped>
          </testcase>
          <testcase name="[It] [sig-storage] In-tree Volumes [Driver: local] [LocalVolumeType: dir-link-bindmounted] [Testpattern: Dynamic PV (ntfs)] [Feature:Windows] multiVolume [Slow] should concurrently access the volume and restored snapshot from pods on the same node [LinuxOnly] [Feature:VolumeSnapshotDataSource] [Feature:VolumeSourceXFS]" classname="Kubernetes e2e suite" status="skipped" time="0">
              <skipped message="skipped"></skipped>
          </testcase>
          <testcase name="[It] [sig-network] Services should prevent NodePort collisions" classname="Kubernetes e2e suite" status="skipped" time="0">
              <skipped message="skipped"></skipped>
          </testcase>
          <testcase name="[It] [sig-storage] CSI Volumes [Driver: csi-hostpath] [Testpattern: Dynamic PV (ntfs)(allowExpansion)] [Feature:Windows] volume-expand should resize volume when PVC is edited while pod is using it" classname="Kubernetes e2e suite" status="skipped" time="0">
              <skipped message="skipped"></skipped>
          </testcase>
          <testcase name="[It] [sig-storage] CSI Volumes [Driver: pd.csi.storage.gke.io] [Serial] [Testpattern: Dynamic PV (ext4)] volumes should store data" classname="Kubernetes e2e suite" status="skipped" time="0">
              <skipped message="skipped"></skipped>
          </testcase>
          <testcase name="[It] [sig-storage] In-tree Volumes [Driver: nfs] [Testpattern: Dynamic PV (default fs)] volume-stress multiple pods should access different volumes repeatedly [Slow] [Serial]" classname="Kubernetes e2e suite" status="skipped" time="0">
              <skipped message="skipped"></skipped>
          </testcase>
          <testcase name="[It] [sig-storage] In-tree Volumes [Driver: cinder] [Testpattern: Dynamic PV (xfs)] [Slow] multiVolume [Slow] should access to two volumes with the same volume mode and retain data across pod recreation on different node" classname="Kubernetes e2e suite" status="skipped" time="0">
              <skipped message="skipped"></skipped>
          </testcase>
          <testcase name="[It] [sig-storage] In-tree Volumes [Driver: cinder] [Testpattern: Dynamic PV (ntfs)] [Feature:Windows] subPath should support readOnly file specified in the volumeMount [LinuxOnly]" classname="Kubernetes e2e suite" status="skipped" time="0">
              <skipped message="skipped"></skipped>
          </testcase>
          <testcase name="[It] [sig-storage] In-tree Volumes [Driver: rbd] [Feature:Volumes] [Serial] [Testpattern: Dynamic PV (ext4)] multiVolume [Slow] should concurrently access the single volume from pods on the same node" classname="Kubernetes e2e suite" status="skipped" time="0">
              <skipped message="skipped"></skipped>
          </testcase>
          <testcase name="[It] [sig-network] Proxy version v1 A set of valid responses are returned for both pod and service Proxy [Conformance]" classname="Kubernetes e2e suite" status="passed" time="2.123751826"></testcase>
          <testcase name="[It] [sig-storage] In-tree Volumes [Driver: local] [LocalVolumeType: tmpfs] [Testpattern: Dynamic PV (ntfs)] [Feature:Windows] subPath should support creating multiple subpath from same volumes [Slow]" classname="Kubernetes e2e suite" status="skipped" time="0">
              <skipped message="skipped"></skipped>
          </testcase>
          <testcase name="[It] [sig-storage] In-tree Volumes [Driver: cinder] [Testpattern: Pre-provisioned PV (block volmode)] disruptive [Disruptive] [LinuxOnly] Should test that pv used in a pod that is force deleted while the kubelet is down cleans up when the kubelet returns." classname="Kubernetes e2e suite" status="skipped" time="0">
              <skipped message="skipped"></skipped>
          </testcase>
          <testcase name="[It] [sig-storage] In-tree Volumes [Driver: local] [LocalVolumeType: dir-bindmounted] [Testpattern: Dynamic PV (filesystem volmode)] multiVolume [Slow] should access to two volumes with different volume mode and retain data across pod recreation on different node" classname="Kubernetes e2e suite" status="skipped" time="0">
              <skipped message="skipped"></skipped>
          </testcase>
          <testcase name="[It] [sig-storage] In-tree Volumes [Driver: azure-disk] [Testpattern: Dynamic PV (ntfs)] [Feature:Windows] volumes should allow exec of files on the volume" classname="Kubernetes e2e suite" status="skipped" time="0">
              <skipped message="skipped"></skipped>
          </testcase>
          <testcase name="[It] [sig-network] [Feature:IPv6DualStack] Granular Checks: Services Secondary IP Family [LinuxOnly] should be able to handle large requests: http" classname="Kubernetes e2e suite" status="skipped" time="0">
              <skipped message="skipped"></skipped>
          </testcase>
          <testcase name="[It] [sig-storage] In-tree Volumes [Driver: iscsi] [Feature:Volumes] [Testpattern: Inline-volume (default fs)] subPath should be able to unmount after the subpath directory is deleted [LinuxOnly]" classname="Kubernetes e2e suite" status="skipped" time="0">
              <skipped message="skipped"></skipped>
          </testcase>
          <testcase name="[It] [sig-storage] In-tree Volumes [Driver: hostPath] [Testpattern: Dynamic PV (default fs)] subPath should fail if subpath with backstepping is outside the volume [Slow] [LinuxOnly]" classname="Kubernetes e2e suite" status="skipped" time="0">
              <skipped message="skipped"></skipped>
          </testcase>
          <testcase name="[It] [sig-scheduling] SchedulerPreemption [Serial] validates lower priority pod preemption by critical pod [Conformance]" classname="Kubernetes e2e suite" status="passed" time="66.332190064"></testcase>
          <testcase name="[It] [sig-storage] In-tree Volumes [Driver: hostPath] [Testpattern: Dynamic PV (block volmode)] volumeMode should not mount / map unused volumes in a pod [LinuxOnly]" classname="Kubernetes e2e suite" status="skipped" time="0">
              <skipped message="skipped"></skipped>
          </testcase>
          <testcase name="[It] [sig-storage] In-tree Volumes [Driver: local] [LocalVolumeType: dir-bindmounted] [Testpattern: Dynamic PV (block volmode)] multiVolume [Slow] should access to two volumes with different volume mode and retain data across pod recreation on different node" classname="Kubernetes e2e suite" status="skipped" time="0">
              <skipped message="skipped"></skipped>
          </testcase>
          <testcase name="[It] [sig-storage] In-tree Volumes [Driver: vsphere] [Testpattern: Dynamic PV (xfs)] [Slow] multiVolume [Slow] should concurrently access the single read-only volume from pods on the same node" classname="Kubernetes e2e suite" status="skipped" time="0">
              <skipped message="skipped"></skipped>
          </testcase>
          <testcase name="[It] [sig-storage] PersistentVolumes-local [Volume type: dir] Set fsGroup for local volume should set same fsGroup for two pods simultaneously [Slow]" classname="Kubernetes e2e suite" status="skipped" time="0">
              <skipped message="skipped"></skipped>
          </testcase>
          <testcase name="[It] [sig-storage] EmptyDir volumes should support (root,0777,default) [LinuxOnly] [NodeConformance] [Conformance]" classname="Kubernetes e2e suite" status="passed" time="4.113534074"></testcase>
          <testcase name="[It] [sig-node] Pod InPlace Resize Container [Feature:InPlacePodVerticalScaling] Guaranteed QoS pod, one container - increase CPU (NotRequired) &amp; memory (RestartContainer)" classname="Kubernetes e2e suite" status="skipped" time="0">
              <skipped message="skipped"></skipped>
          </testcase>
          <testcase name="[It] [sig-storage] In-tree Volumes [Driver: aws] [Testpattern: Generic Ephemeral-volume (default fs) (immediate-binding)] ephemeral should create read/write inline ephemeral volume" classname="Kubernetes e2e suite" status="skipped" time="0">
              <skipped message="skipped"></skipped>
          </testcase>
          <testcase name="[It] [sig-apps] Job should remove pods when job is deleted" classname="Kubernetes e2e suite" status="skipped" time="0">
              <skipped message="skipped"></skipped>
          </testcase>
          <testcase name="[It] [sig-storage] In-tree Volumes [Driver: ceph] [Feature:Volumes] [Serial] [Testpattern: Dynamic PV (default fs)] provisioning should provision storage with pvc data source in parallel [Slow]" classname="Kubernetes e2e suite" status="skipped" time="0">
              <skipped message="skipped"></skipped>
          </testcase>
          <testcase name="[It] [sig-storage] In-tree Volumes [Driver: hostPath] [Testpattern: Dynamic PV (block volmode)] provisioning should provision storage with mount options" classname="Kubernetes e2e suite" status="skipped" time="0">
              <skipped message="skipped"></skipped>
          </testcase>
          <testcase name="[It] [sig-storage] In-tree Volumes [Driver: nfs] [Testpattern: Dynamic PV (filesystem volmode)] volumeLimits should support volume limits [Serial]" classname="Kubernetes e2e suite" status="skipped" time="0">
              <skipped message="skipped"></skipped>
          </testcase>
          <testcase name="[It] [sig-storage] In-tree Volumes [Driver: hostPathSymlink] [Testpattern: Pre-provisioned PV (block volmode)] multiVolume [Slow] should concurrently access the volume and restored snapshot from pods on the same node [LinuxOnly] [Feature:VolumeSnapshotDataSource] [Feature:VolumeSourceXFS]" classname="Kubernetes e2e suite" status="skipped" time="0">
              <skipped message="skipped"></skipped>
          </testcase>
          <testcase name="[It] [sig-storage] In-tree Volumes [Driver: nfs] [Testpattern: Dynamic PV (xfs)] [Slow] multiVolume [Slow] should concurrently access the volume and its clone from pods on the same node [LinuxOnly] [Feature:VolumeSourceXFS]" classname="Kubernetes e2e suite" status="skipped" time="0">
              <skipped message="skipped"></skipped>
          </testcase>
          <testcase name="[It] [sig-storage] In-tree Volumes [Driver: nfs] [Testpattern: Dynamic PV (default fs)] subPath should support readOnly file specified in the volumeMount [LinuxOnly]" classname="Kubernetes e2e suite" status="skipped" time="0">
              <skipped message="skipped"></skipped>
          </testcase>
          <testcase name="[It] [sig-node] [NodeAlphaFeature:SidecarContainers] [Feature:SidecarContainers] Probing restartable init container should be restarted by liveness probe after startup probe enables it" classname="Kubernetes e2e suite" status="skipped" time="0">
              <skipped message="skipped"></skipped>
          </testcase>
          <testcase name="[It] [sig-storage] In-tree Volumes [Driver: cinder] [Testpattern: Dynamic PV (ntfs)] [Feature:Windows] subPath should support existing single file [LinuxOnly]" classname="Kubernetes e2e suite" status="skipped" time="0">
              <skipped message="skipped"></skipped>
          </testcase>
          <testcase name="[It] [sig-storage] In-tree Volumes [Driver: cinder] [Testpattern: Dynamic PV (default fs)] fsgroupchangepolicy (Always)[LinuxOnly], pod created with an initial fsgroup, volume contents ownership changed via chgrp in first pod, new pod with different fsgroup applied to the volume contents" classname="Kubernetes e2e suite" status="skipped" time="0">
              <skipped message="skipped"></skipped>
          </testcase>
          <testcase name="[It] [sig-storage] In-tree Volumes [Driver: hostPath] [Testpattern: Pre-provisioned PV (filesystem volmode)] multiVolume [Slow] should access to two volumes with the same volume mode and retain data across pod recreation on the same node" classname="Kubernetes e2e suite" status="skipped" time="0">
              <skipped message="skipped"></skipped>
          </testcase>
          <testcase name="[It] [sig-storage] In-tree Volumes [Driver: local] [LocalVolumeType: dir-link-bindmounted] [Testpattern: Dynamic PV (filesystem volmode)] multiVolume [Slow] should access to two volumes with different volume mode and retain data across pod recreation on the same node" classname="Kubernetes e2e suite" status="skipped" time="0">
              <skipped message="skipped"></skipped>
          </testcase>
          <testcase name="[It] [sig-storage] In-tree Volumes [Driver: local] [LocalVolumeType: gce-localssd-scsi-fs] [Serial] [Testpattern: Pre-provisioned PV (ntfs)] [Feature:Windows] volumes should allow exec of files on the volume" classname="Kubernetes e2e suite" status="skipped" time="0">
              <skipped message="skipped"></skipped>
          </testcase>
          <testcase name="[It] [sig-storage] In-tree Volumes [Driver: local] [LocalVolumeType: dir-link] [Testpattern: Dynamic PV (ext4)] multiVolume [Slow] should access to two volumes with the same volume mode and retain data across pod recreation on different node" classname="Kubernetes e2e suite" status="skipped" time="0">
              <skipped message="skipped"></skipped>
          </testcase>
          <testcase name="[It] [sig-storage] In-tree Volumes [Driver: emptydir] [Testpattern: Dynamic PV (default fs)] subPath should support creating multiple subpath from same volumes [Slow]" classname="Kubernetes e2e suite" status="skipped" time="0">
              <skipped message="skipped"></skipped>
          </testcase>
          <testcase name="[It] [sig-storage] CSI Volumes [Driver: csi-hostpath] [Testpattern: Dynamic PV (filesystem volmode)] multiVolume [Slow] should access to two volumes with different volume mode and retain data across pod recreation on different node" classname="Kubernetes e2e suite" status="skipped" time="0">
              <skipped message="skipped"></skipped>
          </testcase>
          <testcase name="[It] [sig-storage] In-tree Volumes [Driver: ceph] [Feature:Volumes] [Serial] [Testpattern: Dynamic PV (xfs)] [Slow] multiVolume [Slow] should access to two volumes with the same volume mode and retain data across pod recreation on the same node" classname="Kubernetes e2e suite" status="skipped" time="0">
              <skipped message="skipped"></skipped>
          </testcase>
          <testcase name="[It] [sig-storage] In-tree Volumes [Driver: nfs] [Testpattern: Pre-provisioned PV (xfs)] [Slow] volumes should store data" classname="Kubernetes e2e suite" status="skipped" time="0">
              <skipped message="skipped"></skipped>
          </testcase>
          <testcase name="[It] [sig-storage] In-tree Volumes [Driver: local] [LocalVolumeType: gce-localssd-scsi-fs] [Serial] [Testpattern: Dynamic PV (xfs)] [Slow] multiVolume [Slow] should access to two volumes with the same volume mode and retain data across pod recreation on the same node" classname="Kubernetes e2e suite" status="skipped" time="0">
              <skipped message="skipped"></skipped>
          </testcase>
          <testcase name="[It] [sig-storage] In-tree Volumes [Driver: nfs] [Testpattern: Dynamic PV (default fs)] subPath should unmount if pod is gracefully deleted while kubelet is down [Disruptive] [Slow] [LinuxOnly]" classname="Kubernetes e2e suite" status="skipped" time="0">
              <skipped message="skipped"></skipped>
          </testcase>
          <testcase name="[It] [sig-storage] In-tree Volumes [Driver: cinder] [Testpattern: Dynamic PV (block volmode)(allowExpansion)] volume-expand Verify if offline PVC expansion works" classname="Kubernetes e2e suite" status="skipped" time="0">
              <skipped message="skipped"></skipped>
          </testcase>
          <testcase name="[It] [sig-storage] CSI Volumes [Driver: csi-hostpath] [Testpattern: Pre-provisioned PV (block volmode)] multiVolume [Slow] should access to two volumes with different volume mode and retain data across pod recreation on different node" classname="Kubernetes e2e suite" status="skipped" time="0">
              <skipped message="skipped"></skipped>
          </testcase>
          <testcase name="[It] [sig-storage] In-tree Volumes [Driver: iscsi] [Feature:Volumes] [Testpattern: Generic Ephemeral-volume (block volmode) (late-binding)] ephemeral should support expansion of pvcs created for ephemeral pvcs" classname="Kubernetes e2e suite" status="skipped" time="0">
              <skipped message="skipped"></skipped>
          </testcase>
          <testcase name="[It] [sig-storage] In-tree Volumes [Driver: vsphere] [Testpattern: Dynamic PV (ntfs)] [Feature:Windows] multiVolume [Slow] should access to two volumes with the same volume mode and retain data across pod recreation on different node" classname="Kubernetes e2e suite" status="skipped" time="0">
              <skipped message="skipped"></skipped>
          </testcase>
          <testcase name="[It] [sig-storage] In-tree Volumes [Driver: local] [LocalVolumeType: gce-localssd-scsi-fs] [Serial] [Testpattern: Pre-provisioned PV (ext4)] volumes should store data" classname="Kubernetes e2e suite" status="skipped" time="0">
              <skipped message="skipped"></skipped>
          </testcase>
          <testcase name="[It] [sig-storage] CSI Volumes [Driver: csi-hostpath] [Testpattern: Dynamic PV (xfs)] [Slow] multiVolume [Slow] should concurrently access the single read-only volume from pods on the same node" classname="Kubernetes e2e suite" status="skipped" time="0">
              <skipped message="skipped"></skipped>
          </testcase>
          <testcase name="[It] [sig-storage] In-tree Volumes [Driver: ceph] [Feature:Volumes] [Serial] [Testpattern: Dynamic PV (block volmode)] provisioning should mount multiple PV pointing to the same storage on the same node" classname="Kubernetes e2e suite" status="skipped" time="0">
              <skipped message="skipped"></skipped>
          </testcase>
          <testcase name="[It] [sig-storage] In-tree Volumes [Driver: rbd] [Feature:Volumes] [Serial] [Testpattern: Dynamic PV (default fs)] subPath should support existing single file [LinuxOnly]" classname="Kubernetes e2e suite" status="skipped" time="0">
              <skipped message="skipped"></skipped>
          </testcase>
          <testcase name="[It] [sig-storage] In-tree Volumes [Driver: hostPathSymlink] [Testpattern: Dynamic PV (xfs)] [Slow] volumes should allow exec of files on the volume" classname="Kubernetes e2e suite" status="skipped" time="0">
              <skipped message="skipped"></skipped>
          </testcase>
          <testcase name="[It] [sig-storage] CSI Volumes [Driver: pd.csi.storage.gke.io] [Serial] [Testpattern: Inline-volume (default fs)] subPath should support creating multiple subpath from same volumes [Slow]" classname="Kubernetes e2e suite" status="skipped" time="0">
              <skipped message="skipped"></skipped>
          </testcase>
          <testcase name="[It] [sig-storage] In-tree Volumes [Driver: iscsi] [Feature:Volumes] [Testpattern: Pre-provisioned PV (default fs)] subPath should fail if subpath with backstepping is outside the volume [Slow] [LinuxOnly]" classname="Kubernetes e2e suite" status="skipped" time="0">
              <skipped message="skipped"></skipped>
          </testcase>
          <testcase name="[It] [sig-storage] In-tree Volumes [Driver: aws] [Testpattern: Dynamic PV (block volmode)] provisioning should provision storage with pvc data source (ROX mode)" classname="Kubernetes e2e suite" status="skipped" time="0">
              <skipped message="skipped"></skipped>
          </testcase>
          <testcase name="[It] [sig-storage] In-tree Volumes [Driver: azure-file] [Testpattern: Dynamic PV (ntfs)] [Feature:Windows] subPath should unmount if pod is force deleted while kubelet is down [Disruptive] [Slow] [LinuxOnly]" classname="Kubernetes e2e suite" status="skipped" time="0">
              <skipped message="skipped"></skipped>
          </testcase>
          <testcase name="[It] [sig-windows] [Feature:Windows] SecurityContext should ignore Linux Specific SecurityContext if set" classname="Kubernetes e2e suite" status="skipped" time="0">
              <skipped message="skipped"></skipped>
          </testcase>
          <testcase name="[It] [sig-storage] In-tree Volumes [Driver: emptydir] [Testpattern: Pre-provisioned PV (block volmode)] multiVolume [Slow] should concurrently access the volume and its clone from pods on the same node [LinuxOnly] [Feature:VolumeSourceXFS]" classname="Kubernetes e2e suite" status="skipped" time="0">
              <skipped message="skipped"></skipped>
          </testcase>
          <testcase name="[It] [sig-storage] In-tree Volumes [Driver: aws] [Testpattern: Generic Ephemeral-volume (default fs) (late-binding)] ephemeral should support two pods which have the same volume definition" classname="Kubernetes e2e suite" status="skipped" time="0">
              <skipped message="skipped"></skipped>
          </testcase>
          <testcase name="[It] [sig-storage] In-tree Volumes [Driver: ceph] [Feature:Volumes] [Serial] [Testpattern: Dynamic PV (delayed binding)] topology should fail to schedule a pod which has topologies that conflict with AllowedTopologies" classname="Kubernetes e2e suite" status="skipped" time="0">
              <skipped message="skipped"></skipped>
          </testcase>
          <testcase name="[It] [sig-storage] In-tree Volumes [Driver: rbd] [Feature:Volumes] [Serial] [Testpattern: Dynamic PV (default fs)] subPath should support file as subpath [LinuxOnly]" classname="Kubernetes e2e suite" status="skipped" time="0">
              <skipped message="skipped"></skipped>
          </testcase>
          <testcase name="[It] [sig-storage] In-tree Volumes [Driver: local] [LocalVolumeType: block] [Testpattern: Inline-volume (default fs)] subPath should support readOnly file specified in the volumeMount [LinuxOnly]" classname="Kubernetes e2e suite" status="skipped" time="0">
              <skipped message="skipped"></skipped>
          </testcase>
          <testcase name="[It] [sig-storage] In-tree Volumes [Driver: hostPathSymlink] [Testpattern: Dynamic PV (ntfs)] [Feature:Windows] multiVolume [Slow] should concurrently access the volume and restored snapshot from pods on the same node [LinuxOnly] [Feature:VolumeSnapshotDataSource] [Feature:VolumeSourceXFS]" classname="Kubernetes e2e suite" status="skipped" time="0">
              <skipped message="skipped"></skipped>
          </testcase>
          <testcase name="[It] [sig-network] Networking Granular Checks: Services should update endpoints: http" classname="Kubernetes e2e suite" status="skipped" time="0">
              <skipped message="skipped"></skipped>
          </testcase>
          <testcase name="[It] [sig-storage] In-tree Volumes [Driver: local] [LocalVolumeType: block] [Testpattern: Dynamic PV (ntfs)] [Feature:Windows] subPath should fail if subpath with backstepping is outside the volume [Slow] [LinuxOnly]" classname="Kubernetes e2e suite" status="skipped" time="0">
              <skipped message="skipped"></skipped>
          </testcase>
          <testcase name="[It] [sig-network] Netpol NetworkPolicy between server and client should deny ingress from pods on other namespaces [Feature:NetworkPolicy]" classname="Kubernetes e2e suite" status="skipped" time="0">
              <skipped message="skipped"></skipped>
          </testcase>
          <testcase name="[It] [sig-storage] In-tree Volumes [Driver: local] [LocalVolumeType: tmpfs] [Testpattern: Pre-provisioned PV (ext4)] volumes should store data" classname="Kubernetes e2e suite" status="skipped" time="0">
              <skipped message="skipped"></skipped>
          </testcase>
          <testcase name="[It] [sig-storage] In-tree Volumes [Driver: cinder] [Testpattern: Generic Ephemeral-volume (default fs) (immediate-binding)] ephemeral should support two pods which have the same volume definition" classname="Kubernetes e2e suite" status="skipped" time="0">
              <skipped message="skipped"></skipped>
          </testcase>
          <testcase name="[It] [sig-storage] In-tree Volumes [Driver: local] [LocalVolumeType: block] [Testpattern: Dynamic PV (block volmode)] multiVolume [Slow] should concurrently access the single volume from pods on different node" classname="Kubernetes e2e suite" status="skipped" time="0">
              <skipped message="skipped"></skipped>
          </testcase>
          <testcase name="[It] [sig-storage] In-tree Volumes [Driver: local] [LocalVolumeType: dir-link-bindmounted] [Testpattern: Dynamic PV (ntfs)] [Feature:Windows] multiVolume [Slow] should concurrently access the single read-only volume from pods on the same node" classname="Kubernetes e2e suite" status="skipped" time="0">
              <skipped message="skipped"></skipped>
          </testcase>
          <testcase name="[It] [sig-storage] CSI Volumes [Driver: csi-hostpath] [Testpattern: Dynamic PV (block volmode)] disruptive [Disruptive] [LinuxOnly] Should test that pv used in a pod that is force deleted while the kubelet is down cleans up when the kubelet returns." classname="Kubernetes e2e suite" status="skipped" time="0">
              <skipped message="skipped"></skipped>
          </testcase>
          <testcase name="[It] [sig-storage] In-tree Volumes [Driver: local] [LocalVolumeType: dir-link] [Testpattern: Dynamic PV (block volmode)] multiVolume [Slow] should access to two volumes with different volume mode and retain data across pod recreation on the same node" classname="Kubernetes e2e suite" status="skipped" time="0">
              <skipped message="skipped"></skipped>
          </testcase>
          <testcase name="[It] [sig-storage] In-tree Volumes [Driver: local] [LocalVolumeType: gce-localssd-scsi-fs] [Serial] [Testpattern: Dynamic PV (filesystem volmode)] disruptive [Disruptive] [LinuxOnly] Should test that pv used in a pod that is force deleted while the kubelet is down is usable by a new pod with a different SELinux context when kubelet returns [Feature:SELinux]" classname="Kubernetes e2e suite" status="skipped" time="0">
              <skipped message="skipped"></skipped>
          </testcase>
          <testcase name="[It] [sig-storage] In-tree Volumes [Driver: iscsi] [Feature:Volumes] [Testpattern: Inline-volume (default fs)] subPath should support existing directories when readOnly specified in the volumeSource" classname="Kubernetes e2e suite" status="skipped" time="0">
              <skipped message="skipped"></skipped>
          </testcase>
          <testcase name="[It] [sig-storage] In-tree Volumes [Driver: aws] [Testpattern: Dynamic PV (ntfs)] [Feature:Windows] subPath should be able to unmount after the subpath directory is deleted [LinuxOnly]" classname="Kubernetes e2e suite" status="skipped" time="0">
              <skipped message="skipped"></skipped>
          </testcase>
          <testcase name="[It] [sig-storage] In-tree Volumes [Driver: local] [LocalVolumeType: blockfs] [Testpattern: Dynamic PV (default fs)] volumes should store data" classname="Kubernetes e2e suite" status="skipped" time="0">
              <skipped message="skipped"></skipped>
          </testcase>
          <testcase name="[It] [sig-storage] In-tree Volumes [Driver: local] [LocalVolumeType: dir] [Testpattern: Inline-volume (default fs)] subPath should support restarting containers using directory as subpath [Slow]" classname="Kubernetes e2e suite" status="skipped" time="0">
              <skipped message="skipped"></skipped>
          </testcase>
          <testcase name="[It] [sig-storage] In-tree Volumes [Driver: azure-file] [Testpattern: Pre-provisioned PV (filesystem volmode)] disruptive [Disruptive] [LinuxOnly] Should test that pv used in a pod that is deleted while the kubelet is down is usable by a new pod when kubelet returns [Feature:SELinux]" classname="Kubernetes e2e suite" status="skipped" time="0">
              <skipped message="skipped"></skipped>
          </testcase>
          <testcase name="[It] [sig-storage] In-tree Volumes [Driver: local] [LocalVolumeType: dir] [Testpattern: Dynamic PV (ext4)] multiVolume [Slow] should access to two volumes with different volume mode and retain data across pod recreation on different node" classname="Kubernetes e2e suite" status="skipped" time="0">
              <skipped message="skipped"></skipped>
          </testcase>
          <testcase name="[It] [sig-storage] In-tree Volumes [Driver: azure-file] [Testpattern: Dynamic PV (ntfs)] [Feature:Windows] subPath should fail if non-existent subpath is outside the volume [Slow] [LinuxOnly]" classname="Kubernetes e2e suite" status="skipped" time="0">
              <skipped message="skipped"></skipped>
          </testcase>
          <testcase name="[It] [sig-storage] In-tree Volumes [Driver: local] [LocalVolumeType: tmpfs] [Testpattern: Dynamic PV (filesystem volmode)] multiVolume [Slow] should access to two volumes with different volume mode and retain data across pod recreation on different node" classname="Kubernetes e2e suite" status="skipped" time="0">
              <skipped message="skipped"></skipped>
          </testcase>
          <testcase name="[It] [sig-storage] In-tree Volumes [Driver: local] [LocalVolumeType: dir-link-bindmounted] [Testpattern: Inline-volume (default fs)] subPath should fail if subpath directory is outside the volume [Slow] [LinuxOnly]" classname="Kubernetes e2e suite" status="skipped" time="0">
              <skipped message="skipped"></skipped>
          </testcase>
          <testcase name="[It] [sig-storage] CSI Volumes [Driver: csi-hostpath] [Testpattern: Dynamic PV (block volmode)] provisioning should provision storage with any volume data source [Serial]" classname="Kubernetes e2e suite" status="skipped" time="0">
              <skipped message="skipped"></skipped>
          </testcase>
          <testcase name="[It] [sig-storage] In-tree Volumes [Driver: rbd] [Feature:Volumes] [Serial] [Testpattern: Pre-provisioned PV (filesystem volmode)] disruptive [Disruptive] [LinuxOnly] Should test that pv used in a pod that is deleted while the kubelet is down is usable by a new pod when kubelet returns [Feature:SELinux]" classname="Kubernetes e2e suite" status="skipped" time="0">
              <skipped message="skipped"></skipped>
          </testcase>
          <testcase name="[It] [sig-storage] In-tree Volumes [Driver: vsphere] [Testpattern: Pre-provisioned PV (default fs)] subPath should unmount if pod is gracefully deleted while kubelet is down [Disruptive] [Slow] [LinuxOnly]" classname="Kubernetes e2e suite" status="skipped" time="0">
              <skipped message="skipped"></skipped>
          </testcase>
          <testcase name="[It] [sig-api-machinery] client-go should negotiate watch and report errors with accept &#34;application/vnd.kubernetes.protobuf,application/json&#34;" classname="Kubernetes e2e suite" status="skipped" time="0">
              <skipped message="skipped"></skipped>
          </testcase>
          <testcase name="[It] [sig-api-machinery] ServerSideApply should create an applied object if it does not already exist" classname="Kubernetes e2e suite" status="skipped" time="0">
              <skipped message="skipped"></skipped>
          </testcase>
          <testcase name="[It] [sig-storage] In-tree Volumes [Driver: local] [LocalVolumeType: dir-link] [Testpattern: Pre-provisioned PV (block volmode)] multiVolume [Slow] should concurrently access the single read-only volume from pods on the same node" classname="Kubernetes e2e suite" status="skipped" time="0">
              <skipped message="skipped"></skipped>
          </testcase>
          <testcase name="[It] [sig-storage] In-tree Volumes [Driver: aws] [Testpattern: Dynamic PV (ntfs)] [Feature:Windows] multiVolume [Slow] should concurrently access the volume and restored snapshot from pods on the same node [LinuxOnly] [Feature:VolumeSnapshotDataSource] [Feature:VolumeSourceXFS]" classname="Kubernetes e2e suite" status="skipped" time="0">
              <skipped message="skipped"></skipped>
          </testcase>
          <testcase name="[It] [sig-storage] CSI Mock volume expansion CSI online volume expansion with secret should expand volume without restarting pod if attach=on, nodeExpansion=on, csiNodeExpandSecret=on" classname="Kubernetes e2e suite" status="skipped" time="0">
              <skipped message="skipped"></skipped>
          </testcase>
          <testcase name="[It] [sig-storage] In-tree Volumes [Driver: local] [LocalVolumeType: dir-link] [Testpattern: Inline-volume (default fs)] subPath should support readOnly file specified in the volumeMount [LinuxOnly]" classname="Kubernetes e2e suite" status="skipped" time="0">
              <skipped message="skipped"></skipped>
          </testcase>
          <testcase name="[It] [sig-storage] Zone Support [Feature:vsphere] Verify a pod is created and attached to a dynamically created PV, based on the allowed zones and datastore specified in storage class" classname="Kubernetes e2e suite" status="skipped" time="0">
              <skipped message="skipped"></skipped>
          </testcase>
          <testcase name="[It] [sig-storage] In-tree Volumes [Driver: hostPath] [Testpattern: Dynamic PV (default fs)] subPath should support readOnly file specified in the volumeMount [LinuxOnly]" classname="Kubernetes e2e suite" status="skipped" time="0">
              <skipped message="skipped"></skipped>
          </testcase>
          <testcase name="[It] [sig-apps] Job should adopt matching orphans and release non-matching pods [Conformance]" classname="Kubernetes e2e suite" status="passed" time="7.113281418"></testcase>
          <testcase name="[It] [sig-storage] In-tree Volumes [Driver: hostPathSymlink] [Testpattern: Dynamic PV (default fs)] subPath should unmount if pod is force deleted while kubelet is down [Disruptive] [Slow] [LinuxOnly]" classname="Kubernetes e2e suite" status="skipped" time="0">
              <skipped message="skipped"></skipped>
          </testcase>
          <testcase name="[It] [sig-storage] In-tree Volumes [Driver: hostPath] [Testpattern: Pre-provisioned PV (default fs)] subPath should support restarting containers using directory as subpath [Slow]" classname="Kubernetes e2e suite" status="skipped" time="0">
              <skipped message="skipped"></skipped>
          </testcase>
          <testcase name="[It] [sig-storage] CSI Volumes [Driver: csi-hostpath] [Testpattern: Generic Ephemeral-volume (block volmode) (late-binding)] ephemeral should support expansion of pvcs created for ephemeral pvcs" classname="Kubernetes e2e suite" status="skipped" time="0">
              <skipped message="skipped"></skipped>
          </testcase>
          <testcase name="[It] [sig-storage] Storage Policy Based Volume Provisioning [Feature:vsphere] verify an existing and compatible SPBM policy is honored for dynamically provisioned pvc using storageclass" classname="Kubernetes e2e suite" status="skipped" time="0">
              <skipped message="skipped"></skipped>
          </testcase>
          <testcase name="[It] [sig-storage] In-tree Volumes [Driver: vsphere] [Testpattern: Dynamic PV (default fs)] subPath should support restarting containers using file as subpath [Slow] [LinuxOnly]" classname="Kubernetes e2e suite" status="skipped" time="0">
              <skipped message="skipped"></skipped>
          </testcase>
          <testcase name="[It] [sig-storage] In-tree Volumes [Driver: vsphere] [Testpattern: Dynamic PV (filesystem volmode)] multiVolume [Slow] should access to two volumes with the same volume mode and retain data across pod recreation on the same node" classname="Kubernetes e2e suite" status="skipped" time="0">
              <skipped message="skipped"></skipped>
          </testcase>
          <testcase name="[It] [sig-storage] In-tree Volumes [Driver: local] [LocalVolumeType: block] [Testpattern: Dynamic PV (default fs)] fsgroupchangepolicy (Always)[LinuxOnly], pod created with an initial fsgroup, new pod fsgroup applied to volume contents" classname="Kubernetes e2e suite" status="skipped" time="0">
              <skipped message="skipped"></skipped>
          </testcase>
          <testcase name="[It] [sig-storage] In-tree Volumes [Driver: ceph] [Feature:Volumes] [Serial] [Testpattern: Dynamic PV (filesystem volmode)] multiVolume [Slow] should concurrently access the volume and its clone from pods on the same node [LinuxOnly] [Feature:VolumeSourceXFS]" classname="Kubernetes e2e suite" status="skipped" time="0">
              <skipped message="skipped"></skipped>
          </testcase>
          <testcase name="[It] [sig-storage] In-tree Volumes [Driver: local] [LocalVolumeType: block] [Testpattern: Dynamic PV (filesystem volmode)] volumeMode should fail to use a volume in a pod with mismatched mode [Slow]" classname="Kubernetes e2e suite" status="skipped" time="0">
              <skipped message="skipped"></skipped>
          </testcase>
          <testcase name="[It] [sig-storage] CSI Volumes [Driver: pd.csi.storage.gke.io] [Serial] [Testpattern: Dynamic PV (block volmode)] disruptive [Disruptive] [LinuxOnly] Should test that pv written before kubelet restart is readable after restart." classname="Kubernetes e2e suite" status="skipped" time="0">
              <skipped message="skipped"></skipped>
          </testcase>
          <testcase name="[It] [sig-storage] HostPathType Socket [Slow] Should fail on mounting socket &#39;asocket&#39; when HostPathType is HostPathFile" classname="Kubernetes e2e suite" status="skipped" time="0">
              <skipped message="skipped"></skipped>
          </testcase>
          <testcase name="[It] [sig-storage] In-tree Volumes [Driver: local] [LocalVolumeType: dir-bindmounted] [Testpattern: Dynamic PV (filesystem volmode)] multiVolume [Slow] should concurrently access the single volume from pods on different node" classname="Kubernetes e2e suite" status="skipped" time="0">
              <skipped message="skipped"></skipped>
          </testcase>
          <testcase name="[It] [sig-storage] In-tree Volumes [Driver: azure-disk] [Testpattern: Dynamic PV (default fs)] subPath should fail if subpath directory is outside the volume [Slow] [LinuxOnly]" classname="Kubernetes e2e suite" status="skipped" time="0">
              <skipped message="skipped"></skipped>
          </testcase>
          <testcase name="[It] [sig-storage] In-tree Volumes [Driver: azure-file] [Testpattern: Pre-provisioned PV (filesystem volmode)] multiVolume [Slow] should concurrently access the volume and restored snapshot from pods on the same node [LinuxOnly] [Feature:VolumeSnapshotDataSource] [Feature:VolumeSourceXFS]" classname="Kubernetes e2e suite" status="skipped" time="0">
              <skipped message="skipped"></skipped>
          </testcase>
          <testcase name="[It] [sig-storage] In-tree Volumes [Driver: azure-disk] [Testpattern: Pre-provisioned PV (block volmode)] multiVolume [Slow] should access to two volumes with different volume mode and retain data across pod recreation on different node" classname="Kubernetes e2e suite" status="skipped" time="0">
              <skipped message="skipped"></skipped>
          </testcase>
          <testcase name="[It] [sig-storage] In-tree Volumes [Driver: ceph] [Feature:Volumes] [Serial] [Testpattern: Pre-provisioned PV (ntfs)] [Feature:Windows] volumes should allow exec of files on the volume" classname="Kubernetes e2e suite" status="skipped" time="0">
              <skipped message="skipped"></skipped>
          </testcase>
          <testcase name="[It] [sig-storage] In-tree Volumes [Driver: nfs] [Testpattern: Generic Ephemeral-volume (default fs) (immediate-binding)] ephemeral should create read-only inline ephemeral volume" classname="Kubernetes e2e suite" status="skipped" time="0">
              <skipped message="skipped"></skipped>
          </testcase>
          <testcase name="[It] [sig-storage] In-tree Volumes [Driver: local] [LocalVolumeType: dir-bindmounted] [Testpattern: Dynamic PV (filesystem volmode)] disruptive [Disruptive] [LinuxOnly] Should test that pv written before kubelet restart is readable after restart." classname="Kubernetes e2e suite" status="skipped" time="0">
              <skipped message="skipped"></skipped>
          </testcase>
          <testcase name="[It] [sig-storage] In-tree Volumes [Driver: local] [LocalVolumeType: dir-link] [Testpattern: Dynamic PV (default fs)] provisioning should provision storage with snapshot data source [Feature:VolumeSnapshotDataSource]" classname="Kubernetes e2e suite" status="skipped" time="0">
              <skipped message="skipped"></skipped>
          </testcase>
          <testcase name="[It] [sig-node] gpu Upgrade [Feature:GPUUpgrade] master upgrade should NOT disrupt gpu pod [Feature:GPUMasterUpgrade]" classname="Kubernetes e2e suite" status="skipped" time="0">
              <skipped message="skipped"></skipped>
          </testcase>
          <testcase name="[It] [sig-storage] In-tree Volumes [Driver: nfs] [Testpattern: Dynamic PV (default fs)] volume-expand should not allow expansion of pvcs without AllowVolumeExpansion property" classname="Kubernetes e2e suite" status="skipped" time="0">
              <skipped message="skipped"></skipped>
          </testcase>
          <testcase name="[It] [sig-storage] [Feature:Flexvolumes] Mounted flexvolume expand [Slow] Should verify mounted flex volumes can be resized" classname="Kubernetes e2e suite" status="skipped" time="0">
              <skipped message="skipped"></skipped>
          </testcase>
          <testcase name="[It] [sig-storage] In-tree Volumes [Driver: local] [LocalVolumeType: dir-link-bindmounted] [Testpattern: Dynamic PV (default fs)] provisioning should provision storage with any volume data source [Serial]" classname="Kubernetes e2e suite" status="skipped" time="0">
              <skipped message="skipped"></skipped>
          </testcase>
          <testcase name="[It] [sig-storage] CSI Volumes [Driver: csi-hostpath] [Testpattern: Pre-provisioned PV (default fs)] subPath should fail if subpath with backstepping is outside the volume [Slow] [LinuxOnly]" classname="Kubernetes e2e suite" status="skipped" time="0">
              <skipped message="skipped"></skipped>
          </testcase>
          <testcase name="[It] [sig-storage] In-tree Volumes [Driver: cinder] [Testpattern: Dynamic PV (filesystem volmode)] disruptive [Disruptive] [LinuxOnly] Should test that pv used in a pod that is force deleted while the kubelet is down is usable by a new pod when kubelet returns [Feature:SELinux]" classname="Kubernetes e2e suite" status="skipped" time="0">
              <skipped message="skipped"></skipped>
          </testcase>
          <testcase name="[It] [sig-storage] In-tree Volumes [Driver: local] [LocalVolumeType: dir] [Testpattern: Pre-provisioned PV (filesystem volmode)] disruptive [Disruptive] [LinuxOnly] Should test that pv used in a pod that is force deleted while the kubelet is down is usable by a new pod with a different SELinux context when kubelet returns [Feature:SELinux]" classname="Kubernetes e2e suite" status="skipped" time="0">
              <skipped message="skipped"></skipped>
          </testcase>
          <testcase name="[It] [sig-storage] In-tree Volumes [Driver: vsphere] [Testpattern: Dynamic PV (block volmode)] provisioning should mount multiple PV pointing to the same storage on the same node" classname="Kubernetes e2e suite" status="skipped" time="0">
              <skipped message="skipped"></skipped>
          </testcase>
          <testcase name="[It] [sig-storage] In-tree Volumes [Driver: local] [LocalVolumeType: dir] [Testpattern: Dynamic PV (default fs)] fsgroupchangepolicy (OnRootMismatch)[LinuxOnly], pod created with an initial fsgroup, new pod fsgroup applied to volume contents" classname="Kubernetes e2e suite" status="skipped" time="0">
              <skipped message="skipped"></skipped>
          </testcase>
          <testcase name="[It] [sig-storage] In-tree Volumes [Driver: hostPathSymlink] [Testpattern: Dynamic PV (block volmode)(allowExpansion)] volume-expand should resize volume when PVC is edited while pod is using it" classname="Kubernetes e2e suite" status="skipped" time="0">
              <skipped message="skipped"></skipped>
          </testcase>
          <testcase name="[It] [sig-node] Probing container should override timeoutGracePeriodSeconds when LivenessProbe field is set [NodeConformance]" classname="Kubernetes e2e suite" status="skipped" time="0">
              <skipped message="skipped"></skipped>
          </testcase>
          <testcase name="[It] [sig-storage] In-tree Volumes [Driver: cinder] [Testpattern: Inline-volume (default fs)] subPath should support restarting containers using file as subpath [Slow] [LinuxOnly]" classname="Kubernetes e2e suite" status="skipped" time="0">
              <skipped message="skipped"></skipped>
          </testcase>
          <testcase name="[It] [sig-storage] In-tree Volumes [Driver: hostPath] [Testpattern: Dynamic PV (xfs)] [Slow] multiVolume [Slow] should concurrently access the single read-only volume from pods on the same node" classname="Kubernetes e2e suite" status="skipped" time="0">
              <skipped message="skipped"></skipped>
          </testcase>
          <testcase name="[It] [sig-storage] In-tree Volumes [Driver: local] [LocalVolumeType: blockfs] [Testpattern: Dynamic PV (ntfs)] [Feature:Windows] multiVolume [Slow] should access to two volumes with the same volume mode and retain data across pod recreation on different node" classname="Kubernetes e2e suite" status="skipped" time="0">
              <skipped message="skipped"></skipped>
          </testcase>
          <testcase name="[It] [sig-network] [Feature:IPv6DualStack] Granular Checks: Services Secondary IP Family [LinuxOnly] should function for client IP based session affinity: http [LinuxOnly]" classname="Kubernetes e2e suite" status="skipped" time="0">
              <skipped message="skipped"></skipped>
          </testcase>
          <testcase name="[It] [sig-storage] In-tree Volumes [Driver: cinder] [Testpattern: Dynamic PV (ext4)] multiVolume [Slow] should concurrently access the single read-only volume from pods on the same node" classname="Kubernetes e2e suite" status="skipped" time="0">
              <skipped message="skipped"></skipped>
          </testcase>
          <testcase name="[It] [sig-storage] In-tree Volumes [Driver: local] [LocalVolumeType: block] [Testpattern: Pre-provisioned PV (block volmode)] multiVolume [Slow] should concurrently access the single volume from pods on different node" classname="Kubernetes e2e suite" status="skipped" time="0">
              <skipped message="skipped"></skipped>
          </testcase>
          <testcase name="[It] [sig-storage] In-tree Volumes [Driver: cinder] [Testpattern: Pre-provisioned PV (default fs)] subPath should be able to unmount after the subpath directory is deleted [LinuxOnly]" classname="Kubernetes e2e suite" status="skipped" time="0">
              <skipped message="skipped"></skipped>
          </testcase>
          <testcase name="[It] [sig-storage] In-tree Volumes [Driver: emptydir] [Testpattern: Dynamic PV (block volmode)] provisioning should provision storage with snapshot data source [Feature:VolumeSnapshotDataSource]" classname="Kubernetes e2e suite" status="skipped" time="0">
              <skipped message="skipped"></skipped>
          </testcase>
          <testcase name="[It] [sig-network] Netpol NetworkPolicy between server and client should enforce egress policy allowing traffic to a server in a different namespace based on PodSelector and NamespaceSelector [Feature:NetworkPolicy]" classname="Kubernetes e2e suite" status="skipped" time="0">
              <skipped message="skipped"></skipped>
          </testcase>
          <testcase name="[It] [sig-storage] In-tree Volumes [Driver: hostPath] [Testpattern: Dynamic PV (block volmode)] multiVolume [Slow] should concurrently access the volume and restored snapshot from pods on the same node [LinuxOnly] [Feature:VolumeSnapshotDataSource] [Feature:VolumeSourceXFS]" classname="Kubernetes e2e suite" status="skipped" time="0">
              <skipped message="skipped"></skipped>
          </testcase>
          <testcase name="[It] [sig-storage] In-tree Volumes [Driver: emptydir] [Testpattern: Pre-provisioned PV (ext3)] volumes should store data" classname="Kubernetes e2e suite" status="skipped" time="0">
              <skipped message="skipped"></skipped>
          </testcase>
          <testcase name="[It] [sig-storage] In-tree Volumes [Driver: ceph] [Feature:Volumes] [Serial] [Testpattern: Dynamic PV (default fs)] fsgroupchangepolicy (Always)[LinuxOnly], pod created with an initial fsgroup, new pod fsgroup applied to volume contents" classname="Kubernetes e2e suite" status="skipped" time="0">
              <skipped message="skipped"></skipped>
          </testcase>
          <testcase name="[It] [sig-storage] In-tree Volumes [Driver: local] [LocalVolumeType: dir-bindmounted] [Testpattern: Dynamic PV (default fs)(allowExpansion)] volume-expand should resize volume when PVC is edited while pod is using it" classname="Kubernetes e2e suite" status="skipped" time="0">
              <skipped message="skipped"></skipped>
          </testcase>
          <testcase name="[It] [sig-storage] In-tree Volumes [Driver: local] [LocalVolumeType: blockfs] [Testpattern: Inline-volume (ext3)] volumes should store data" classname="Kubernetes e2e suite" status="skipped" time="0">
              <skipped message="skipped"></skipped>
          </testcase>
          <testcase name="[It] [sig-storage] In-tree Volumes [Driver: local] [LocalVolumeType: dir-bindmounted] [Testpattern: Pre-provisioned PV (block volmode)] volumes should store data" classname="Kubernetes e2e suite" status="skipped" time="0">
              <skipped message="skipped"></skipped>
          </testcase>
          <testcase name="[It] [sig-storage] In-tree Volumes [Driver: local] [LocalVolumeType: block] [Testpattern: Dynamic PV (ntfs)] [Feature:Windows] subPath should fail if non-existent subpath is outside the volume [Slow] [LinuxOnly]" classname="Kubernetes e2e suite" status="skipped" time="0">
              <skipped message="skipped"></skipped>
          </testcase>
          <testcase name="[It] [sig-storage] In-tree Volumes [Driver: local] [LocalVolumeType: dir-link-bindmounted] [Testpattern: Dynamic PV (block volmode)] multiVolume [Slow] should access to two volumes with different volume mode and retain data across pod recreation on different node" classname="Kubernetes e2e suite" status="skipped" time="0">
              <skipped message="skipped"></skipped>
          </testcase>
          <testcase name="[It] [sig-storage] In-tree Volumes [Driver: local] [LocalVolumeType: dir-bindmounted] [Testpattern: Dynamic PV (default fs)] subPath should support existing directory" classname="Kubernetes e2e suite" status="skipped" time="0">
              <skipped message="skipped"></skipped>
          </testcase>
          <testcase name="[It] [sig-storage] In-tree Volumes [Driver: rbd] [Feature:Volumes] [Serial] [Testpattern: Dynamic PV (default fs)] volume-expand should not allow expansion of pvcs without AllowVolumeExpansion property" classname="Kubernetes e2e suite" status="skipped" time="0">
              <skipped message="skipped"></skipped>
          </testcase>
          <testcase name="[It] [sig-storage] In-tree Volumes [Driver: local] [LocalVolumeType: dir-bindmounted] [Testpattern: Pre-provisioned PV (default fs)] subPath should fail if subpath file is outside the volume [Slow] [LinuxOnly]" classname="Kubernetes e2e suite" status="skipped" time="0">
              <skipped message="skipped"></skipped>
          </testcase>
          <testcase name="[It] [sig-storage] In-tree Volumes [Driver: emptydir] [Testpattern: Pre-provisioned PV (ntfs)] [Feature:Windows] volumes should allow exec of files on the volume" classname="Kubernetes e2e suite" status="skipped" time="0">
              <skipped message="skipped"></skipped>
          </testcase>
          <testcase name="[It] [sig-api-machinery] ResourceQuota should be able to update and delete ResourceQuota. [Conformance]" classname="Kubernetes e2e suite" status="passed" time="0.0645102"></testcase>
          <testcase name="[It] [sig-storage] In-tree Volumes [Driver: aws] [Testpattern: Dynamic PV (xfs)] [Slow] volumes should store data" classname="Kubernetes e2e suite" status="skipped" time="0">
              <skipped message="skipped"></skipped>
          </testcase>
          <testcase name="[It] [sig-storage] CSI Volumes [Driver: pd.csi.storage.gke.io] [Serial] [Testpattern: Dynamic PV (default fs)] volumes should allow exec of files on the volume" classname="Kubernetes e2e suite" status="skipped" time="0">
              <skipped message="skipped"></skipped>
          </testcase>
          <testcase name="[It] [sig-storage] In-tree Volumes [Driver: local] [LocalVolumeType: block] [Testpattern: Dynamic PV (ntfs)] [Feature:Windows] volumes should allow exec of files on the volume" classname="Kubernetes e2e suite" status="skipped" time="0">
              <skipped message="skipped"></skipped>
          </testcase>
          <testcase name="[It] [sig-storage] CSI Volumes [Driver: csi-hostpath] [Testpattern: Inline-volume (ext3)] volumes should allow exec of files on the volume" classname="Kubernetes e2e suite" status="skipped" time="0">
              <skipped message="skipped"></skipped>
          </testcase>
          <testcase name="[It] [sig-storage] In-tree Volumes [Driver: local] [LocalVolumeType: dir-link-bindmounted] [Testpattern: Dynamic PV (block volmode)] multiVolume [Slow] should access to two volumes with the same volume mode and retain data across pod recreation on different node" classname="Kubernetes e2e suite" status="skipped" time="0">
              <skipped message="skipped"></skipped>
          </testcase>
          <testcase name="[It] [sig-storage] In-tree Volumes [Driver: hostPath] [Testpattern: Generic Ephemeral-volume (block volmode) (late-binding)] ephemeral should support expansion of pvcs created for ephemeral pvcs" classname="Kubernetes e2e suite" status="skipped" time="0">
              <skipped message="skipped"></skipped>
          </testcase>
          <testcase name="[It] [sig-storage] In-tree Volumes [Driver: aws] [Testpattern: Dynamic PV (block volmode)] volume-expand should not allow expansion of pvcs without AllowVolumeExpansion property" classname="Kubernetes e2e suite" status="skipped" time="0">
              <skipped message="skipped"></skipped>
          </testcase>
          <testcase name="[It] [sig-storage] In-tree Volumes [Driver: hostPath] [Testpattern: Dynamic PV (filesystem volmode)] multiVolume [Slow] should access to two volumes with the same volume mode and retain data across pod recreation on the same node" classname="Kubernetes e2e suite" status="skipped" time="0">
              <skipped message="skipped"></skipped>
          </testcase>
          <testcase name="[It] [sig-storage] In-tree Volumes [Driver: cinder] [Testpattern: Pre-provisioned PV (block volmode)] multiVolume [Slow] should concurrently access the single volume from pods on the same node" classname="Kubernetes e2e suite" status="skipped" time="0">
              <skipped message="skipped"></skipped>
          </testcase>
          <testcase name="[It] [sig-apps] CronJob should delete failed finished jobs with limit of one job" classname="Kubernetes e2e suite" status="skipped" time="0">
              <skipped message="skipped"></skipped>
          </testcase>
          <testcase name="[It] [sig-storage] In-tree Volumes [Driver: cinder] [Testpattern: Dynamic PV (default fs)] provisioning should provision storage with snapshot data source [Feature:VolumeSnapshotDataSource]" classname="Kubernetes e2e suite" status="skipped" time="0">
              <skipped message="skipped"></skipped>
          </testcase>
          <testcase name="[It] [sig-api-machinery] Servers with support for Table transformation should return a 406 for a backend which does not implement metadata [Conformance]" classname="Kubernetes e2e suite" status="passed" time="0.044875073"></testcase>
          <testcase name="[It] [sig-storage] In-tree Volumes [Driver: nfs] [Testpattern: Generic Ephemeral-volume (block volmode) (late-binding)] ephemeral should support multiple inline ephemeral volumes" classname="Kubernetes e2e suite" status="skipped" time="0">
              <skipped message="skipped"></skipped>
          </testcase>
          <testcase name="[It] [sig-storage] In-tree Volumes [Driver: hostPathSymlink] [Testpattern: Pre-provisioned PV (filesystem volmode)] volumeMode should not mount / map unused volumes in a pod [LinuxOnly]" classname="Kubernetes e2e suite" status="skipped" time="0">
              <skipped message="skipped"></skipped>
          </testcase>
          <testcase name="[It] [sig-storage] HostPathType Character Device [Slow] Should be able to mount character device &#39;achardev&#39; successfully when HostPathType is HostPathCharDev" classname="Kubernetes e2e suite" status="skipped" time="0">
              <skipped message="skipped"></skipped>
          </testcase>
          <testcase name="[It] [sig-storage] In-tree Volumes [Driver: local] [LocalVolumeType: tmpfs] [Testpattern: Dynamic PV (filesystem volmode)] volumeLimits should support volume limits [Serial]" classname="Kubernetes e2e suite" status="skipped" time="0">
              <skipped message="skipped"></skipped>
          </testcase>
          <testcase name="[It] [sig-storage] CSI Volumes [Driver: csi-hostpath] [Testpattern: Dynamic PV (block volmode)] provisioning should provision storage with pvc data source" classname="Kubernetes e2e suite" status="skipped" time="0">
              <skipped message="skipped"></skipped>
          </testcase>
          <testcase name="[It] [sig-storage] CSI Volumes [Driver: csi-hostpath] [Testpattern: Dynamic PV (default fs)] subPath should fail if subpath file is outside the volume [Slow] [LinuxOnly]" classname="Kubernetes e2e suite" status="skipped" time="0">
              <skipped message="skipped"></skipped>
          </testcase>
          <testcase name="[It] [sig-storage] In-tree Volumes [Driver: cinder] [Testpattern: Inline-volume (default fs)] subPath should be able to unmount after the subpath directory is deleted [LinuxOnly]" classname="Kubernetes e2e suite" status="skipped" time="0">
              <skipped message="skipped"></skipped>
          </testcase>
          <testcase name="[It] [sig-storage] In-tree Volumes [Driver: local] [LocalVolumeType: dir] [Testpattern: Dynamic PV (xfs)] [Slow] multiVolume [Slow] should concurrently access the volume and restored snapshot from pods on the same node [LinuxOnly] [Feature:VolumeSnapshotDataSource] [Feature:VolumeSourceXFS]" classname="Kubernetes e2e suite" status="skipped" time="0">
              <skipped message="skipped"></skipped>
          </testcase>
          <testcase name="[It] [sig-storage] In-tree Volumes [Driver: hostPath] [Testpattern: Inline-volume (default fs)] subPath should support readOnly directory specified in the volumeMount" classname="Kubernetes e2e suite" status="skipped" time="0">
              <skipped message="skipped"></skipped>
          </testcase>
          <testcase name="[It] [sig-storage] In-tree Volumes [Driver: local] [LocalVolumeType: dir-link] [Testpattern: Pre-provisioned PV (block volmode)] multiVolume [Slow] should access to two volumes with the same volume mode and retain data across pod recreation on the same node" classname="Kubernetes e2e suite" status="skipped" time="0">
              <skipped message="skipped"></skipped>
          </testcase>
          <testcase name="[It] [sig-storage] In-tree Volumes [Driver: hostPathSymlink] [Testpattern: Inline-volume (xfs)] [Slow] volumes should store data" classname="Kubernetes e2e suite" status="skipped" time="0">
              <skipped message="skipped"></skipped>
          </testcase>
          <testcase name="[It] [sig-storage] In-tree Volumes [Driver: local] [LocalVolumeType: gce-localssd-scsi-fs] [Serial] [Testpattern: Dynamic PV (ntfs)] [Feature:Windows] subPath should support readOnly directory specified in the volumeMount" classname="Kubernetes e2e suite" status="skipped" time="0">
              <skipped message="skipped"></skipped>
          </testcase>
          <testcase name="[It] [sig-storage] In-tree Volumes [Driver: local] [LocalVolumeType: blockfs] [Testpattern: Generic Ephemeral-volume (block volmode) (late-binding)] ephemeral should support expansion of pvcs created for ephemeral pvcs" classname="Kubernetes e2e suite" status="skipped" time="0">
              <skipped message="skipped"></skipped>
          </testcase>
          <testcase name="[It] [sig-storage] In-tree Volumes [Driver: local] [LocalVolumeType: blockfs] [Testpattern: Generic Ephemeral-volume (default fs) (late-binding)] ephemeral should support multiple inline ephemeral volumes" classname="Kubernetes e2e suite" status="skipped" time="0">
              <skipped message="skipped"></skipped>
          </testcase>
          <testcase name="[It] [sig-storage] In-tree Volumes [Driver: emptydir] [Testpattern: Dynamic PV (default fs)] subPath should support file as subpath [LinuxOnly]" classname="Kubernetes e2e suite" status="skipped" time="0">
              <skipped message="skipped"></skipped>
          </testcase>
          <testcase name="[It] [sig-storage] In-tree Volumes [Driver: cinder] [Testpattern: Dynamic PV (default fs)] subPath should fail if subpath file is outside the volume [Slow] [LinuxOnly]" classname="Kubernetes e2e suite" status="skipped" time="0">
              <skipped message="skipped"></skipped>
          </testcase>
          <testcase name="[It] [sig-storage] CSI Volumes [Driver: csi-hostpath] [Testpattern: Dynamic PV (xfs)] [Slow] multiVolume [Slow] should access to two volumes with different volume mode and retain data across pod recreation on the same node" classname="Kubernetes e2e suite" status="skipped" time="0">
              <skipped message="skipped"></skipped>
          </testcase>
          <testcase name="[It] [sig-autoscaling] [HPA] [Feature:CustomMetricsAutoscaling] Horizontal pod autoscaling (scale resource: Custom Metrics from Stackdriver) with Custom Metric of type Pod from Stackdriver should scale down" classname="Kubernetes e2e suite" status="skipped" time="0">
              <skipped message="skipped"></skipped>
          </testcase>
          <testcase name="[It] [sig-node] Security Context should support seccomp runtime/default [LinuxOnly]" classname="Kubernetes e2e suite" status="skipped" time="0">
              <skipped message="skipped"></skipped>
          </testcase>
          <testcase name="[It] [sig-storage] In-tree Volumes [Driver: aws] [Testpattern: Dynamic PV (filesystem volmode)] multiVolume [Slow] should concurrently access the single volume from pods on the same node" classname="Kubernetes e2e suite" status="skipped" time="0">
              <skipped message="skipped"></skipped>
          </testcase>
          <testcase name="[It] [sig-storage] In-tree Volumes [Driver: hostPath] [Testpattern: Dynamic PV (ntfs)] [Feature:Windows] subPath should support creating multiple subpath from same volumes [Slow]" classname="Kubernetes e2e suite" status="skipped" time="0">
              <skipped message="skipped"></skipped>
          </testcase>
          <testcase name="[It] [sig-storage] Downward API volume should provide node allocatable (cpu) as default cpu limit if the limit is not set [NodeConformance] [Conformance]" classname="Kubernetes e2e suite" status="passed" time="4.108522721"></testcase>
          <testcase name="[It] [sig-storage] PersistentVolumes-local [Volume type: dir-link-bindmounted] Two pods mounting a local volume one after the other should be able to write from pod1 and read from pod2" classname="Kubernetes e2e suite" status="skipped" time="0">
              <skipped message="skipped"></skipped>
          </testcase>
          <testcase name="[It] [sig-storage] In-tree Volumes [Driver: local] [LocalVolumeType: dir-bindmounted] [Testpattern: Dynamic PV (filesystem volmode)] disruptive [Disruptive] [LinuxOnly] Should test that pv used in a pod that is force deleted while the kubelet is down is usable by a new pod with a different SELinux context when kubelet returns [Feature:SELinux]" classname="Kubernetes e2e suite" status="skipped" time="0">
              <skipped message="skipped"></skipped>
          </testcase>
          <testcase name="[It] [sig-storage] In-tree Volumes [Driver: vsphere] [Testpattern: Dynamic PV (ntfs)] [Feature:Windows] subPath should fail if subpath file is outside the volume [Slow] [LinuxOnly]" classname="Kubernetes e2e suite" status="skipped" time="0">
              <skipped message="skipped"></skipped>
          </testcase>
          <testcase name="[It] [sig-node] NoExecuteTaintManager Single Pod [Serial] eventually evict pod with finite tolerations from tainted nodes" classname="Kubernetes e2e suite" status="skipped" time="0">
              <skipped message="skipped"></skipped>
          </testcase>
          <testcase name="[It] [sig-storage] In-tree Volumes [Driver: local] [LocalVolumeType: dir-link] [Testpattern: Pre-provisioned PV (block volmode)] disruptive [Disruptive] [LinuxOnly] Should test that pv used in a pod that is force deleted while the kubelet is down cleans up when the kubelet returns." classname="Kubernetes e2e suite" status="skipped" time="0">
              <skipped message="skipped"></skipped>
          </testcase>
          <testcase name="[It] [sig-storage] In-tree Volumes [Driver: ceph] [Feature:Volumes] [Serial] [Testpattern: Inline-volume (default fs)] subPath should support file as subpath [LinuxOnly]" classname="Kubernetes e2e suite" status="skipped" time="0">
              <skipped message="skipped"></skipped>
          </testcase>
          <testcase name="[It] [sig-node] RuntimeClass should reject a Pod requesting a RuntimeClass with conflicting node selector" classname="Kubernetes e2e suite" status="skipped" time="0">
              <skipped message="skipped"></skipped>
          </testcase>
          <testcase name="[It] [sig-storage] In-tree Volumes [Driver: iscsi] [Feature:Volumes] [Testpattern: Dynamic PV (block volmode)] provisioning should mount multiple PV pointing to the same storage on the same node" classname="Kubernetes e2e suite" status="skipped" time="0">
              <skipped message="skipped"></skipped>
          </testcase>
          <testcase name="[It] [sig-storage] In-tree Volumes [Driver: aws] [Testpattern: Dynamic PV (default fs)] subPath should fail if non-existent subpath is outside the volume [Slow] [LinuxOnly]" classname="Kubernetes e2e suite" status="skipped" time="0">
              <skipped message="skipped"></skipped>
          </testcase>
          <testcase name="[It] [sig-storage] In-tree Volumes [Driver: local] [LocalVolumeType: blockfs] [Testpattern: Dynamic PV (default fs)] subPath should support existing directory" classname="Kubernetes e2e suite" status="skipped" time="0">
              <skipped message="skipped"></skipped>
          </testcase>
          <testcase name="[It] [sig-storage] In-tree Volumes [Driver: ceph] [Feature:Volumes] [Serial] [Testpattern: Dynamic PV (default fs)] fsgroupchangepolicy (OnRootMismatch)[LinuxOnly], pod created with an initial fsgroup, volume contents ownership changed via chgrp in first pod, new pod with different fsgroup applied to the volume contents" classname="Kubernetes e2e suite" status="skipped" time="0">
              <skipped message="skipped"></skipped>
          </testcase>
          <testcase name="[It] [sig-autoscaling] Cluster size autoscaler scalability [Slow] CA ignores unschedulable pods while scheduling schedulable pods [Feature:ClusterAutoscalerScalability6]" classname="Kubernetes e2e suite" status="skipped" time="0">
              <skipped message="skipped"></skipped>
          </testcase>
          <testcase name="[It] [sig-storage] In-tree Volumes [Driver: local] [LocalVolumeType: dir-link-bindmounted] [Testpattern: Dynamic PV (block volmode)] multiVolume [Slow] should concurrently access the single volume from pods on the same node" classname="Kubernetes e2e suite" status="skipped" time="0">
              <skipped message="skipped"></skipped>
          </testcase>
          <testcase name="[It] [sig-storage] In-tree Volumes [Driver: azure-disk] [Testpattern: Pre-provisioned PV (ext3)] volumes should allow exec of files on the volume" classname="Kubernetes e2e suite" status="skipped" time="0">
              <skipped message="skipped"></skipped>
          </testcase>
          <testcase name="[It] [sig-storage] In-tree Volumes [Driver: hostPathSymlink] [Testpattern: Pre-provisioned PV (default fs)] subPath should support restarting containers using directory as subpath [Slow]" classname="Kubernetes e2e suite" status="skipped" time="0">
              <skipped message="skipped"></skipped>
          </testcase>
          <testcase name="[It] [sig-storage] In-tree Volumes [Driver: rbd] [Feature:Volumes] [Serial] [Testpattern: Generic Ephemeral-volume (default fs) (immediate-binding)] ephemeral should support expansion of pvcs created for ephemeral pvcs" classname="Kubernetes e2e suite" status="skipped" time="0">
              <skipped message="skipped"></skipped>
          </testcase>
          <testcase name="[It] [sig-storage] In-tree Volumes [Driver: local] [LocalVolumeType: blockfs] [Testpattern: Dynamic PV (ntfs)] [Feature:Windows] multiVolume [Slow] should concurrently access the volume and its clone from pods on the same node [LinuxOnly] [Feature:VolumeSourceXFS]" classname="Kubernetes e2e suite" status="skipped" time="0">
              <skipped message="skipped"></skipped>
          </testcase>
          <testcase name="[It] [sig-storage] In-tree Volumes [Driver: local] [LocalVolumeType: tmpfs] [Testpattern: Inline-volume (xfs)] [Slow] volumes should store data" classname="Kubernetes e2e suite" status="skipped" time="0">
              <skipped message="skipped"></skipped>
          </testcase>
          <testcase name="[It] [sig-storage] In-tree Volumes [Driver: iscsi] [Feature:Volumes] [Testpattern: Dynamic PV (ntfs)] [Feature:Windows] subPath should fail if subpath directory is outside the volume [Slow] [LinuxOnly]" classname="Kubernetes e2e suite" status="skipped" time="0">
              <skipped message="skipped"></skipped>
          </testcase>
          <testcase name="[It] [sig-storage] In-tree Volumes [Driver: iscsi] [Feature:Volumes] [Testpattern: Generic Ephemeral-volume (default fs)] volumeLimits should support volume limits [Serial]" classname="Kubernetes e2e suite" status="skipped" time="0">
              <skipped message="skipped"></skipped>
          </testcase>
          <testcase name="[It] [sig-node] [NodeAlphaFeature:SidecarContainers] [Feature:SidecarContainers] Restartable Init Container Lifecycle Hook when create a pod with lifecycle hook should execute poststart exec hook properly" classname="Kubernetes e2e suite" status="skipped" time="0">
              <skipped message="skipped"></skipped>
          </testcase>
          <testcase name="[It] [sig-storage] In-tree Volumes [Driver: local] [LocalVolumeType: dir] [Testpattern: Pre-provisioned PV (default fs)] subPath should support restarting containers using file as subpath [Slow] [LinuxOnly]" classname="Kubernetes e2e suite" status="skipped" time="0">
              <skipped message="skipped"></skipped>
          </testcase>
          <testcase name="[It] [sig-storage] In-tree Volumes [Driver: emptydir] [Testpattern: Inline-volume (default fs)] subPath should verify container cannot write to subpath readonly volumes [Slow]" classname="Kubernetes e2e suite" status="skipped" time="0">
              <skipped message="skipped"></skipped>
          </testcase>
          <testcase name="[It] [sig-storage] In-tree Volumes [Driver: aws] [Testpattern: Inline-volume (default fs)] subPath should support file as subpath [LinuxOnly]" classname="Kubernetes e2e suite" status="skipped" time="0">
              <skipped message="skipped"></skipped>
          </testcase>
          <testcase name="[It] [sig-storage] CSI Volumes [Driver: csi-hostpath] [Testpattern: Inline-volume (default fs)] volumeIO should write files of various sizes, verify size, validate content [Slow]" classname="Kubernetes e2e suite" status="skipped" time="0">
              <skipped message="skipped"></skipped>
          </testcase>
          <testcase name="[It] [sig-storage] In-tree Volumes [Driver: local] [LocalVolumeType: blockfs] [Testpattern: Dynamic PV (block volmode)] provisioning should provision storage with mount options" classname="Kubernetes e2e suite" status="skipped" time="0">
              <skipped message="skipped"></skipped>
          </testcase>
          <testcase name="[It] [sig-storage] In-tree Volumes [Driver: emptydir] [Testpattern: Inline-volume (ext3)] volumes should allow exec of files on the volume" classname="Kubernetes e2e suite" status="skipped" time="0">
              <skipped message="skipped"></skipped>
          </testcase>
          <testcase name="[It] [sig-storage] In-tree Volumes [Driver: cinder] [Testpattern: Generic Ephemeral-volume (default fs) (immediate-binding)] ephemeral should create read/write inline ephemeral volume" classname="Kubernetes e2e suite" status="skipped" time="0">
              <skipped message="skipped"></skipped>
          </testcase>
          <testcase name="[It] [sig-storage] In-tree Volumes [Driver: local] [LocalVolumeType: tmpfs] [Testpattern: Dynamic PV (block volmode)] disruptive [Disruptive] [LinuxOnly] Should test that pv written before kubelet restart is readable after restart." classname="Kubernetes e2e suite" status="skipped" time="0">
              <skipped message="skipped"></skipped>
          </testcase>
          <testcase name="[It] [sig-storage] In-tree Volumes [Driver: azure-disk] [Testpattern: Dynamic PV (filesystem volmode)] multiVolume [Slow] should access to two volumes with different volume mode and retain data across pod recreation on different node" classname="Kubernetes e2e suite" status="skipped" time="0">
              <skipped message="skipped"></skipped>
          </testcase>
          <testcase name="[It] [sig-network] Netpol NetworkPolicy between server and client should enforce policy based on Ports [Feature:NetworkPolicy]" classname="Kubernetes e2e suite" status="skipped" time="0">
              <skipped message="skipped"></skipped>
          </testcase>
          <testcase name="[It] [sig-storage] In-tree Volumes [Driver: vsphere] [Testpattern: Dynamic PV (ntfs)] [Feature:Windows] subPath should support non-existent path" classname="Kubernetes e2e suite" status="skipped" time="0">
              <skipped message="skipped"></skipped>
          </testcase>
          <testcase name="[It] [sig-autoscaling] Cluster size autoscaling [Slow] shouldn&#39;t scale up when expendable pod is preempted [Feature:ClusterSizeAutoscalingScaleUp]" classname="Kubernetes e2e suite" status="skipped" time="0">
              <skipped message="skipped"></skipped>
          </testcase>
          <testcase name="[It] [sig-storage] In-tree Volumes [Driver: aws] [Testpattern: Pre-provisioned PV (filesystem volmode)] multiVolume [Slow] should concurrently access the volume and its clone from pods on the same node [LinuxOnly] [Feature:VolumeSourceXFS]" classname="Kubernetes e2e suite" status="skipped" time="0">
              <skipped message="skipped"></skipped>
          </testcase>
          <testcase name="[It] [sig-storage] CSI Volumes [Driver: pd.csi.storage.gke.io] [Serial] [Testpattern: Dynamic Snapshot (retain policy)] snapshottable [Feature:VolumeSnapshotDataSource] volume snapshot controller  should check snapshot fields, check restore correctly works after modifying source data, check deletion (persistent)" classname="Kubernetes e2e suite" status="skipped" time="0">
              <skipped message="skipped"></skipped>
          </testcase>
          <testcase name="[It] [sig-storage] In-tree Volumes [Driver: local] [LocalVolumeType: dir-link] [Testpattern: Dynamic PV (ntfs)] [Feature:Windows] multiVolume [Slow] should access to two volumes with different volume mode and retain data across pod recreation on different node" classname="Kubernetes e2e suite" status="skipped" time="0">
              <skipped message="skipped"></skipped>
          </testcase>
          <testcase name="[It] [sig-storage] In-tree Volumes [Driver: hostPathSymlink] [Testpattern: Dynamic PV (filesystem volmode)] multiVolume [Slow] should concurrently access the single read-only volume from pods on the same node" classname="Kubernetes e2e suite" status="skipped" time="0">
              <skipped message="skipped"></skipped>
          </testcase>
          <testcase name="[It] [sig-storage] In-tree Volumes [Driver: local] [LocalVolumeType: dir-bindmounted] [Testpattern: Pre-provisioned PV (default fs)] subPath should unmount if pod is gracefully deleted while kubelet is down [Disruptive] [Slow] [LinuxOnly]" classname="Kubernetes e2e suite" status="skipped" time="0">
              <skipped message="skipped"></skipped>
          </testcase>
          <testcase name="[It] [sig-storage] In-tree Volumes [Driver: local] [LocalVolumeType: block] [Testpattern: Pre-provisioned PV (default fs)] subPath should unmount if pod is gracefully deleted while kubelet is down [Disruptive] [Slow] [LinuxOnly]" classname="Kubernetes e2e suite" status="skipped" time="0">
              <skipped message="skipped"></skipped>
          </testcase>
          <testcase name="[It] [sig-storage] In-tree Volumes [Driver: local] [LocalVolumeType: dir-bindmounted] [Testpattern: Dynamic PV (default fs)] provisioning should provision storage with pvc data source (ROX mode)" classname="Kubernetes e2e suite" status="skipped" time="0">
              <skipped message="skipped"></skipped>
          </testcase>
          <testcase name="[It] [sig-storage] In-tree Volumes [Driver: local] [LocalVolumeType: block] [Testpattern: Dynamic PV (immediate binding)] topology should fail to schedule a pod which has topologies that conflict with AllowedTopologies" classname="Kubernetes e2e suite" status="skipped" time="0">
              <skipped message="skipped"></skipped>
          </testcase>
          <testcase name="[It] [sig-api-machinery] Aggregator Should be able to support the 1.17 Sample API Server using the current Aggregator [Conformance]" classname="Kubernetes e2e suite" status="passed" time="25.2115048"></testcase>
          <testcase name="[It] [sig-storage] In-tree Volumes [Driver: azure-disk] [Testpattern: Dynamic PV (ext4)] multiVolume [Slow] should concurrently access the single read-only volume from pods on the same node" classname="Kubernetes e2e suite" status="skipped" time="0">
              <skipped message="skipped"></skipped>
          </testcase>
          <testcase name="[It] [sig-node] Security Context When creating a container with runAsNonRoot should not run with an explicit root user ID [LinuxOnly]" classname="Kubernetes e2e suite" status="skipped" time="0">
              <skipped message="skipped"></skipped>
          </testcase>
          <testcase name="[It] [sig-storage] CSI Volumes [Driver: pd.csi.storage.gke.io] [Serial] [Testpattern: Dynamic PV (filesystem volmode)] multiVolume [Slow] should concurrently access the single volume from pods on different node" classname="Kubernetes e2e suite" status="skipped" time="0">
              <skipped message="skipped"></skipped>
          </testcase>
          <testcase name="[It] [sig-node] DRA [Feature:DynamicResourceAllocation] kubelet must not run a pod if a claim is not reserved for it" classname="Kubernetes e2e suite" status="skipped" time="0">
              <skipped message="skipped"></skipped>
          </testcase>
          <testcase name="[It] [sig-storage] CSI Mock volume snapshot CSI Snapshot Controller metrics [Feature:VolumeSnapshotDataSource] snapshot controller should emit pre-provisioned CreateSnapshot, CreateSnapshotAndReady, and DeleteSnapshot metrics" classname="Kubernetes e2e suite" status="skipped" time="0">
              <skipped message="skipped"></skipped>
          </testcase>
          <testcase name="[It] [sig-storage] In-tree Volumes [Driver: local] [LocalVolumeType: dir-bindmounted] [Testpattern: Dynamic PV (ext4)] volumes should store data" classname="Kubernetes e2e suite" status="skipped" time="0">
              <skipped message="skipped"></skipped>
          </testcase>
          <testcase name="[It] [sig-storage] In-tree Volumes [Driver: rbd] [Feature:Volumes] [Serial] [Testpattern: Dynamic PV (xfs)] [Slow] multiVolume [Slow] should concurrently access the single volume from pods on the same node" classname="Kubernetes e2e suite" status="skipped" time="0">
              <skipped message="skipped"></skipped>
          </testcase>
          <testcase name="[It] [sig-storage] In-tree Volumes [Driver: local] [LocalVolumeType: gce-localssd-scsi-fs] [Serial] [Testpattern: Pre-provisioned PV (default fs)] volumeIO should write files of various sizes, verify size, validate content [Slow]" classname="Kubernetes e2e suite" status="skipped" time="0">
              <skipped message="skipped"></skipped>
          </testcase>
          <testcase name="[It] [sig-storage] In-tree Volumes [Driver: iscsi] [Feature:Volumes] [Testpattern: Inline-volume (default fs)] subPath should unmount if pod is force deleted while kubelet is down [Disruptive] [Slow] [LinuxOnly]" classname="Kubernetes e2e suite" status="skipped" time="0">
              <skipped message="skipped"></skipped>
          </testcase>
          <testcase name="[It] [sig-storage] In-tree Volumes [Driver: aws] [Testpattern: Dynamic PV (xfs)] [Slow] multiVolume [Slow] should concurrently access the single volume from pods on the same node" classname="Kubernetes e2e suite" status="skipped" time="0">
              <skipped message="skipped"></skipped>
          </testcase>
          <testcase name="[It] [sig-storage] In-tree Volumes [Driver: hostPathSymlink] [Testpattern: Dynamic PV (default fs)] subPath should support file as subpath [LinuxOnly]" classname="Kubernetes e2e suite" status="skipped" time="0">
              <skipped message="skipped"></skipped>
          </testcase>
          <testcase name="[It] [sig-storage] In-tree Volumes [Driver: local] [LocalVolumeType: dir-bindmounted] [Testpattern: Dynamic PV (ntfs)] [Feature:Windows] provisioning should provision storage with pvc data source (ROX mode)" classname="Kubernetes e2e suite" status="skipped" time="0">
              <skipped message="skipped"></skipped>
          </testcase>
          <testcase name="[It] [sig-storage] In-tree Volumes [Driver: local] [LocalVolumeType: dir-bindmounted] [Testpattern: Generic Ephemeral-volume (default fs)] volumeLimits should verify that all csinodes have volume limits" classname="Kubernetes e2e suite" status="skipped" time="0">
              <skipped message="skipped"></skipped>
          </testcase>
          <testcase name="[It] [sig-storage] Zone Support [Feature:vsphere] Verify a pod is created on a non-Workspace zone and attached to a dynamically created PV, based on the allowed zones and storage policy specified in storage class" classname="Kubernetes e2e suite" status="skipped" time="0">
              <skipped message="skipped"></skipped>
          </testcase>
          <testcase name="[It] [sig-storage] In-tree Volumes [Driver: emptydir] [Testpattern: Dynamic PV (ntfs)] [Feature:Windows] provisioning should mount multiple PV pointing to the same storage on the same node" classname="Kubernetes e2e suite" status="skipped" time="0">
              <skipped message="skipped"></skipped>
          </testcase>
          <testcase name="[It] [sig-storage] In-tree Volumes [Driver: rbd] [Feature:Volumes] [Serial] [Testpattern: Generic Ephemeral-volume (default fs)] volumeLimits should support volume limits [Serial]" classname="Kubernetes e2e suite" status="skipped" time="0">
              <skipped message="skipped"></skipped>
          </testcase>
          <testcase name="[It] [sig-storage] In-tree Volumes [Driver: rbd] [Feature:Volumes] [Serial] [Testpattern: Dynamic PV (ntfs)] [Feature:Windows] subPath should fail if subpath with backstepping is outside the volume [Slow] [LinuxOnly]" classname="Kubernetes e2e suite" status="skipped" time="0">
              <skipped message="skipped"></skipped>
          </testcase>
          <testcase name="[It] [sig-storage] In-tree Volumes [Driver: local] [LocalVolumeType: dir-link] [Testpattern: Generic Ephemeral-volume (default fs) (late-binding)] ephemeral should create read-only inline ephemeral volume" classname="Kubernetes e2e suite" status="skipped" time="0">
              <skipped message="skipped"></skipped>
          </testcase>
          <testcase name="[It] [sig-storage] In-tree Volumes [Driver: local] [LocalVolumeType: dir-bindmounted] [Testpattern: Dynamic PV (filesystem volmode)] multiVolume [Slow] should access to two volumes with the same volume mode and retain data across pod recreation on the same node" classname="Kubernetes e2e suite" status="skipped" time="0">
              <skipped message="skipped"></skipped>
          </testcase>
          <testcase name="[It] [sig-storage] In-tree Volumes [Driver: local] [LocalVolumeType: block] [Testpattern: Pre-provisioned PV (default fs)] subPath should support restarting containers using directory as subpath [Slow]" classname="Kubernetes e2e suite" status="skipped" time="0">
              <skipped message="skipped"></skipped>
          </testcase>
          <testcase name="[It] [sig-network] Services should have session affinity timeout work for NodePort service [LinuxOnly]" classname="Kubernetes e2e suite" status="skipped" time="0">
              <skipped message="skipped"></skipped>
          </testcase>
          <testcase name="[It] [sig-storage] In-tree Volumes [Driver: ceph] [Feature:Volumes] [Serial] [Testpattern: Pre-provisioned PV (xfs)] [Slow] volumes should allow exec of files on the volume" classname="Kubernetes e2e suite" status="skipped" time="0">
              <skipped message="skipped"></skipped>
          </testcase>
          <testcase name="[It] [sig-storage] CSI Volumes [Driver: pd.csi.storage.gke.io] [Serial] [Testpattern: Dynamic PV (block volmode)] volumes should store data" classname="Kubernetes e2e suite" status="skipped" time="0">
              <skipped message="skipped"></skipped>
          </testcase>
          <testcase name="[It] [sig-storage] CSI Volumes [Driver: pd.csi.storage.gke.io] [Serial] [Testpattern: Dynamic Snapshot (delete policy)] snapshottable [Feature:VolumeSnapshotDataSource] volume snapshot controller  should check snapshot fields, check restore correctly works after modifying source data, check deletion (persistent)" classname="Kubernetes e2e suite" status="skipped" time="0">
              <skipped message="skipped"></skipped>
          </testcase>
          <testcase name="[It] [sig-storage] In-tree Volumes [Driver: nfs] [Testpattern: Dynamic PV (default fs)] subPath should fail if subpath file is outside the volume [Slow] [LinuxOnly]" classname="Kubernetes e2e suite" status="skipped" time="0">
              <skipped message="skipped"></skipped>
          </testcase>
          <testcase name="[It] [sig-storage] In-tree Volumes [Driver: hostPath] [Testpattern: Dynamic PV (block volmode)] multiVolume [Slow] should access to two volumes with different volume mode and retain data across pod recreation on the same node" classname="Kubernetes e2e suite" status="skipped" time="0">
              <skipped message="skipped"></skipped>
          </testcase>
          <testcase name="[It] [sig-storage] In-tree Volumes [Driver: local] [LocalVolumeType: dir-link-bindmounted] [Testpattern: Dynamic PV (block volmode)] provisioning should provision storage with pvc data source in parallel [Slow]" classname="Kubernetes e2e suite" status="skipped" time="0">
              <skipped message="skipped"></skipped>
          </testcase>
          <testcase name="[It] [sig-storage] In-tree Volumes [Driver: local] [LocalVolumeType: dir-link] [Testpattern: Dynamic PV (ntfs)] [Feature:Windows] volumeIO should write files of various sizes, verify size, validate content [Slow]" classname="Kubernetes e2e suite" status="skipped" time="0">
              <skipped message="skipped"></skipped>
          </testcase>
          <testcase name="[It] [sig-storage] In-tree Volumes [Driver: local] [LocalVolumeType: blockfs] [Testpattern: Pre-provisioned PV (ext3)] volumes should allow exec of files on the volume" classname="Kubernetes e2e suite" status="skipped" time="0">
              <skipped message="skipped"></skipped>
          </testcase>
          <testcase name="[It] [sig-storage] In-tree Volumes [Driver: aws] [Testpattern: Dynamic PV (ext4)] multiVolume [Slow] should concurrently access the single read-only volume from pods on the same node" classname="Kubernetes e2e suite" status="skipped" time="0">
              <skipped message="skipped"></skipped>
          </testcase>
          <testcase name="[It] [sig-storage] In-tree Volumes [Driver: local] [LocalVolumeType: dir-link] [Testpattern: Pre-provisioned PV (filesystem volmode)] multiVolume [Slow] should access to two volumes with different volume mode and retain data across pod recreation on the same node" classname="Kubernetes e2e suite" status="skipped" time="0">
              <skipped message="skipped"></skipped>
          </testcase>
          <testcase name="[It] [sig-storage] In-tree Volumes [Driver: local] [LocalVolumeType: blockfs] [Testpattern: Pre-provisioned PV (default fs)] subPath should support existing single file [LinuxOnly]" classname="Kubernetes e2e suite" status="skipped" time="0">
              <skipped message="skipped"></skipped>
          </testcase>
          <testcase name="[It] [sig-storage] CSI Volumes [Driver: pd.csi.storage.gke.io] [Serial] [Testpattern: Dynamic PV (ntfs)] [Feature:Windows] multiVolume [Slow] should concurrently access the single read-only volume from pods on the same node" classname="Kubernetes e2e suite" status="skipped" time="0">
              <skipped message="skipped"></skipped>
          </testcase>
          <testcase name="[It] [sig-storage] In-tree Volumes [Driver: azure-disk] [Testpattern: Pre-provisioned PV (ext4)] volumes should store data" classname="Kubernetes e2e suite" status="skipped" time="0">
              <skipped message="skipped"></skipped>
          </testcase>
          <testcase name="[It] [sig-storage] In-tree Volumes [Driver: emptydir] [Testpattern: Dynamic PV (default fs)] subPath should support existing directories when readOnly specified in the volumeSource" classname="Kubernetes e2e suite" status="skipped" time="0">
              <skipped message="skipped"></skipped>
          </testcase>
          <testcase name="[It] [sig-storage] In-tree Volumes [Driver: vsphere] [Testpattern: Dynamic PV (filesystem volmode)] multiVolume [Slow] should access to two volumes with the same volume mode and retain data across pod recreation on different node" classname="Kubernetes e2e suite" status="skipped" time="0">
              <skipped message="skipped"></skipped>
          </testcase>
          <testcase name="[It] [sig-storage] In-tree Volumes [Driver: aws] [Testpattern: Pre-provisioned PV (default fs)] volumes should allow exec of files on the volume" classname="Kubernetes e2e suite" status="skipped" time="0">
              <skipped message="skipped"></skipped>
          </testcase>
          <testcase name="[It] [sig-storage] In-tree Volumes [Driver: local] [LocalVolumeType: dir] [Testpattern: Dynamic PV (ntfs)] [Feature:Windows] subPath should support existing directory" classname="Kubernetes e2e suite" status="skipped" time="0">
              <skipped message="skipped"></skipped>
          </testcase>
          <testcase name="[It] [sig-storage] In-tree Volumes [Driver: local] [LocalVolumeType: block] [Testpattern: Dynamic PV (ntfs)] [Feature:Windows] subPath should support existing directories when readOnly specified in the volumeSource" classname="Kubernetes e2e suite" status="skipped" time="0">
              <skipped message="skipped"></skipped>
          </testcase>
          <testcase name="[It] [sig-storage] In-tree Volumes [Driver: azure-disk] [Testpattern: Dynamic PV (block volmode)(allowExpansion)] volume-expand should resize volume when PVC is edited while pod is using it" classname="Kubernetes e2e suite" status="skipped" time="0">
              <skipped message="skipped"></skipped>
          </testcase>
          <testcase name="[It] [sig-storage] In-tree Volumes [Driver: local] [LocalVolumeType: dir-link-bindmounted] [Testpattern: Dynamic PV (ntfs)] [Feature:Windows] subPath should unmount if pod is gracefully deleted while kubelet is down [Disruptive] [Slow] [LinuxOnly]" classname="Kubernetes e2e suite" status="skipped" time="0">
              <skipped message="skipped"></skipped>
          </testcase>
          <testcase name="[It] [sig-storage] In-tree Volumes [Driver: ceph] [Feature:Volumes] [Serial] [Testpattern: Dynamic PV (xfs)] [Slow] multiVolume [Slow] should access to two volumes with the same volume mode and retain data across pod recreation on different node" classname="Kubernetes e2e suite" status="skipped" time="0">
              <skipped message="skipped"></skipped>
          </testcase>
          <testcase name="[It] [sig-storage] In-tree Volumes [Driver: hostPathSymlink] [Testpattern: Dynamic PV (xfs)] [Slow] multiVolume [Slow] should concurrently access the single volume from pods on different node" classname="Kubernetes e2e suite" status="skipped" time="0">
              <skipped message="skipped"></skipped>
          </testcase>
          <testcase name="[It] [sig-storage] In-tree Volumes [Driver: iscsi] [Feature:Volumes] [Testpattern: Dynamic PV (ntfs)] [Feature:Windows] multiVolume [Slow] should access to two volumes with the same volume mode and retain data across pod recreation on the same node" classname="Kubernetes e2e suite" status="skipped" time="0">
              <skipped message="skipped"></skipped>
          </testcase>
          <testcase name="[It] [sig-storage] In-tree Volumes [Driver: local] [LocalVolumeType: blockfs] [Testpattern: Inline-volume (default fs)] subPath should support existing single file [LinuxOnly]" classname="Kubernetes e2e suite" status="skipped" time="0">
              <skipped message="skipped"></skipped>
          </testcase>
          <testcase name="[It] [sig-storage] In-tree Volumes [Driver: local] [LocalVolumeType: dir] [Testpattern: Inline-volume (ntfs)] [Feature:Windows] volumes should store data" classname="Kubernetes e2e suite" status="skipped" time="0">
              <skipped message="skipped"></skipped>
          </testcase>
          <testcase name="[It] [sig-storage] In-tree Volumes [Driver: azure-file] [Testpattern: Dynamic PV (block volmode)] multiVolume [Slow] should concurrently access the single volume from pods on the same node" classname="Kubernetes e2e suite" status="skipped" time="0">
              <skipped message="skipped"></skipped>
          </testcase>
          <testcase name="[It] [sig-storage] In-tree Volumes [Driver: rbd] [Feature:Volumes] [Serial] [Testpattern: Pre-provisioned PV (filesystem volmode)] disruptive [Disruptive] [LinuxOnly] Should test that pv used in a pod that is force deleted while the kubelet is down is usable by a new pod with a different SELinux context when kubelet returns [Feature:SELinux]" classname="Kubernetes e2e suite" status="skipped" time="0">
              <skipped message="skipped"></skipped>
          </testcase>
          <testcase name="[It] [sig-storage] In-tree Volumes [Driver: local] [LocalVolumeType: block] [Testpattern: Dynamic PV (ext4)] multiVolume [Slow] should concurrently access the volume and its clone from pods on the same node [LinuxOnly] [Feature:VolumeSourceXFS]" classname="Kubernetes e2e suite" status="skipped" time="0">
              <skipped message="skipped"></skipped>
          </testcase>
          <testcase name="[It] [sig-storage] In-tree Volumes [Driver: hostPathSymlink] [Testpattern: Dynamic PV (default fs)] provisioning should provision storage with pvc data source in parallel [Slow]" classname="Kubernetes e2e suite" status="skipped" time="0">
              <skipped message="skipped"></skipped>
          </testcase>
          <testcase name="[It] [sig-network] Netpol NetworkPolicy between server and client should stop enforcing policies after they are deleted [Feature:NetworkPolicy]" classname="Kubernetes e2e suite" status="skipped" time="0">
              <skipped message="skipped"></skipped>
          </testcase>
          <testcase name="[It] [sig-storage] In-tree Volumes [Driver: local] [LocalVolumeType: dir-link-bindmounted] [Testpattern: Pre-provisioned PV (default fs)] subPath should support existing single file [LinuxOnly]" classname="Kubernetes e2e suite" status="skipped" time="0">
              <skipped message="skipped"></skipped>
          </testcase>
          <testcase name="[It] [sig-autoscaling] [Feature:HPA] [Serial] [Slow] Horizontal pod autoscaling (non-default behavior) with long upscale stabilization window should scale up only after the stabilization period" classname="Kubernetes e2e suite" status="skipped" time="0">
              <skipped message="skipped"></skipped>
          </testcase>
          <testcase name="[It] [sig-storage] CSI Volumes [Driver: pd.csi.storage.gke.io] [Serial] [Testpattern: Dynamic PV (ntfs)] [Feature:Windows] subPath should fail if non-existent subpath is outside the volume [Slow] [LinuxOnly]" classname="Kubernetes e2e suite" status="skipped" time="0">
              <skipped message="skipped"></skipped>
          </testcase>
          <testcase name="[It] [sig-storage] In-tree Volumes [Driver: emptydir] [Testpattern: Dynamic PV (filesystem volmode)] volumeMode should fail to use a volume in a pod with mismatched mode [Slow]" classname="Kubernetes e2e suite" status="skipped" time="0">
              <skipped message="skipped"></skipped>
          </testcase>
          <testcase name="[It] [sig-storage] In-tree Volumes [Driver: local] [LocalVolumeType: dir-link-bindmounted] [Testpattern: Dynamic PV (block volmode)] multiVolume [Slow] should access to two volumes with the same volume mode and retain data across pod recreation on the same node" classname="Kubernetes e2e suite" status="skipped" time="0">
              <skipped message="skipped"></skipped>
          </testcase>
          <testcase name="[It] [sig-storage] In-tree Volumes [Driver: emptydir] [Testpattern: Dynamic PV (ntfs)] [Feature:Windows] subPath should be able to unmount after the subpath directory is deleted [LinuxOnly]" classname="Kubernetes e2e suite" status="skipped" time="0">
              <skipped message="skipped"></skipped>
          </testcase>
          <testcase name="[It] [sig-storage] In-tree Volumes [Driver: azure-disk] [Testpattern: Pre-provisioned PV (block volmode)] disruptive [Disruptive] [LinuxOnly] Should test that pv written before kubelet restart is readable after restart." classname="Kubernetes e2e suite" status="skipped" time="0">
              <skipped message="skipped"></skipped>
          </testcase>
          <testcase name="[It] [sig-storage] In-tree Volumes [Driver: local] [LocalVolumeType: dir-bindmounted] [Testpattern: Dynamic PV (ntfs)] [Feature:Windows] subPath should fail if non-existent subpath is outside the volume [Slow] [LinuxOnly]" classname="Kubernetes e2e suite" status="skipped" time="0">
              <skipped message="skipped"></skipped>
          </testcase>
          <testcase name="[It] [sig-storage] In-tree Volumes [Driver: hostPath] [Testpattern: Dynamic PV (filesystem volmode)] multiVolume [Slow] should concurrently access the single volume from pods on different node" classname="Kubernetes e2e suite" status="skipped" time="0">
              <skipped message="skipped"></skipped>
          </testcase>
          <testcase name="[It] [sig-storage] In-tree Volumes [Driver: cinder] [Testpattern: Pre-provisioned PV (default fs)] subPath should fail if subpath directory is outside the volume [Slow] [LinuxOnly]" classname="Kubernetes e2e suite" status="skipped" time="0">
              <skipped message="skipped"></skipped>
          </testcase>
          <testcase name="[It] [sig-storage] In-tree Volumes [Driver: vsphere] [Testpattern: Dynamic PV (filesystem volmode)] multiVolume [Slow] should concurrently access the single volume from pods on different node" classname="Kubernetes e2e suite" status="skipped" time="0">
              <skipped message="skipped"></skipped>
          </testcase>
          <testcase name="[It] [sig-storage] In-tree Volumes [Driver: hostPath] [Testpattern: Generic Ephemeral-volume (block volmode) (late-binding)] ephemeral should support two pods which have the same volume definition" classname="Kubernetes e2e suite" status="skipped" time="0">
              <skipped message="skipped"></skipped>
          </testcase>
          <testcase name="[It] [sig-storage] In-tree Volumes [Driver: local] [LocalVolumeType: dir-bindmounted] [Testpattern: Dynamic PV (block volmode)] provisioning should provision storage with mount options" classname="Kubernetes e2e suite" status="skipped" time="0">
              <skipped message="skipped"></skipped>
          </testcase>
          <testcase name="[It] [sig-storage] In-tree Volumes [Driver: azure-file] [Testpattern: Dynamic PV (ext4)] volumes should store data" classname="Kubernetes e2e suite" status="skipped" time="0">
              <skipped message="skipped"></skipped>
          </testcase>
          <testcase name="[It] [sig-storage] In-tree Volumes [Driver: vsphere] [Testpattern: Dynamic PV (ext3)] volumes should allow exec of files on the volume" classname="Kubernetes e2e suite" status="skipped" time="0">
              <skipped message="skipped"></skipped>
          </testcase>
          <testcase name="[It] [sig-storage] CSI Mock workload info CSI workload information using mock driver contain ephemeral=true when using inline volume" classname="Kubernetes e2e suite" status="skipped" time="0">
              <skipped message="skipped"></skipped>
          </testcase>
          <testcase name="[It] [sig-network] [Feature:Topology Hints] should distribute endpoints evenly" classname="Kubernetes e2e suite" status="skipped" time="0">
              <skipped message="skipped"></skipped>
          </testcase>
          <testcase name="[It] [sig-storage] In-tree Volumes [Driver: ceph] [Feature:Volumes] [Serial] [Testpattern: Dynamic PV (block volmode)] multiVolume [Slow] should access to two volumes with the same volume mode and retain data across pod recreation on the same node" classname="Kubernetes e2e suite" status="skipped" time="0">
              <skipped message="skipped"></skipped>
          </testcase>
          <testcase name="[It] [sig-storage] In-tree Volumes [Driver: local] [LocalVolumeType: dir-link-bindmounted] [Testpattern: Dynamic PV (block volmode)(allowExpansion)] volume-expand Verify if offline PVC expansion works" classname="Kubernetes e2e suite" status="skipped" time="0">
              <skipped message="skipped"></skipped>
          </testcase>
          <testcase name="[It] [sig-storage] In-tree Volumes [Driver: local] [LocalVolumeType: gce-localssd-scsi-fs] [Serial] [Testpattern: Generic Ephemeral-volume (default fs) (late-binding)] ephemeral should support two pods which have the same volume definition" classname="Kubernetes e2e suite" status="skipped" time="0">
              <skipped message="skipped"></skipped>
          </testcase>
          <testcase name="[It] [sig-storage] In-tree Volumes [Driver: vsphere] [Testpattern: Dynamic PV (default fs)] provisioning should provision storage with mount options" classname="Kubernetes e2e suite" status="skipped" time="0">
              <skipped message="skipped"></skipped>
          </testcase>
          <testcase name="[It] [sig-storage] In-tree Volumes [Driver: ceph] [Feature:Volumes] [Serial] [Testpattern: Dynamic PV (block volmode)] provisioning should provision storage with any volume data source [Serial]" classname="Kubernetes e2e suite" status="skipped" time="0">
              <skipped message="skipped"></skipped>
          </testcase>
          <testcase name="[It] [sig-storage] In-tree Volumes [Driver: aws] [Testpattern: Dynamic PV (filesystem volmode)] disruptive [Disruptive] [LinuxOnly] Should test that pv written before kubelet restart is readable after restart." classname="Kubernetes e2e suite" status="skipped" time="0">
              <skipped message="skipped"></skipped>
          </testcase>
          <testcase name="[It] [sig-storage] In-tree Volumes [Driver: azure-file] [Testpattern: Dynamic PV (default fs)] provisioning should provision storage with pvc data source in parallel [Slow]" classname="Kubernetes e2e suite" status="skipped" time="0">
              <skipped message="skipped"></skipped>
          </testcase>
          <testcase name="[It] [sig-storage] In-tree Volumes [Driver: hostPathSymlink] [Testpattern: Pre-provisioned PV (block volmode)] multiVolume [Slow] should concurrently access the single volume from pods on different node" classname="Kubernetes e2e suite" status="skipped" time="0">
              <skipped message="skipped"></skipped>
          </testcase>
          <testcase name="[It] [sig-storage] In-tree Volumes [Driver: nfs] [Testpattern: Pre-provisioned PV (ntfs)] [Feature:Windows] volumes should allow exec of files on the volume" classname="Kubernetes e2e suite" status="skipped" time="0">
              <skipped message="skipped"></skipped>
          </testcase>
          <testcase name="[It] [sig-storage] In-tree Volumes [Driver: nfs] [Testpattern: Dynamic PV (filesystem volmode)] disruptive [Disruptive] [LinuxOnly] Should test that pv used in a pod that is deleted while the kubelet is down is usable by a new pod with a different SELinux context when kubelet returns [Feature:SELinux]" classname="Kubernetes e2e suite" status="skipped" time="0">
              <skipped message="skipped"></skipped>
          </testcase>
          <testcase name="[It] [sig-apps] StatefulSet Automatically recreate PVC for pending pod when PVC is missing PVC should be recreated when pod is pending due to missing PVC [Disruptive] [Serial]" classname="Kubernetes e2e suite" status="skipped" time="0">
              <skipped message="skipped"></skipped>
          </testcase>
          <testcase name="[It] [sig-storage] In-tree Volumes [Driver: local] [LocalVolumeType: dir-link-bindmounted] [Testpattern: Dynamic PV (ntfs)(allowExpansion)] [Feature:Windows] volume-expand Verify if offline PVC expansion works" classname="Kubernetes e2e suite" status="skipped" time="0">
              <skipped message="skipped"></skipped>
          </testcase>
          <testcase name="[It] [sig-storage] PersistentVolumes-local [Volume type: dir] One pod requesting one prebound PVC should be able to mount volume and read from pod1" classname="Kubernetes e2e suite" status="skipped" time="0">
              <skipped message="skipped"></skipped>
          </testcase>
          <testcase name="[It] [sig-storage] In-tree Volumes [Driver: vsphere] [Testpattern: Dynamic PV (default fs)] volume-expand should not allow expansion of pvcs without AllowVolumeExpansion property" classname="Kubernetes e2e suite" status="skipped" time="0">
              <skipped message="skipped"></skipped>
          </testcase>
          <testcase name="[It] [sig-storage] [Serial] Volume metrics PVController should create unbound pvc count metrics for pvc controller after creating pvc only" classname="Kubernetes e2e suite" status="skipped" time="0">
              <skipped message="skipped"></skipped>
          </testcase>
          <testcase name="[It] [sig-storage] In-tree Volumes [Driver: aws] [Testpattern: Pre-provisioned PV (filesystem volmode)] disruptive [Disruptive] [LinuxOnly] Should test that pv written before kubelet restart is readable after restart." classname="Kubernetes e2e suite" status="skipped" time="0">
              <skipped message="skipped"></skipped>
          </testcase>
          <testcase name="[It] [sig-storage] In-tree Volumes [Driver: nfs] [Testpattern: Dynamic PV (ntfs)] [Feature:Windows] provisioning should provision storage with pvc data source" classname="Kubernetes e2e suite" status="skipped" time="0">
              <skipped message="skipped"></skipped>
          </testcase>
          <testcase name="[It] [sig-storage] In-tree Volumes [Driver: azure-file] [Testpattern: Dynamic PV (ntfs)] [Feature:Windows] provisioning should provision storage with mount options" classname="Kubernetes e2e suite" status="skipped" time="0">
              <skipped message="skipped"></skipped>
          </testcase>
          <testcase name="[It] [sig-storage] In-tree Volumes [Driver: local] [LocalVolumeType: tmpfs] [Testpattern: Dynamic PV (ntfs)] [Feature:Windows] provisioning should provision correct filesystem size when restoring snapshot to larger size pvc [Feature:VolumeSnapshotDataSource]" classname="Kubernetes e2e suite" status="skipped" time="0">
              <skipped message="skipped"></skipped>
          </testcase>
          <testcase name="[It] [sig-storage] In-tree Volumes [Driver: local] [LocalVolumeType: gce-localssd-scsi-fs] [Serial] [Testpattern: Dynamic PV (default fs)] subPath should support creating multiple subpath from same volumes [Slow]" classname="Kubernetes e2e suite" status="skipped" time="0">
              <skipped message="skipped"></skipped>
          </testcase>
          <testcase name="[It] [sig-storage] In-tree Volumes [Driver: local] [LocalVolumeType: tmpfs] [Testpattern: Dynamic PV (default fs)] subPath should fail if subpath directory is outside the volume [Slow] [LinuxOnly]" classname="Kubernetes e2e suite" status="skipped" time="0">
              <skipped message="skipped"></skipped>
          </testcase>
          <testcase name="[It] [sig-scheduling] Multi-AZ Clusters should spread the pods of a replication controller across zones [Serial]" classname="Kubernetes e2e suite" status="skipped" time="0">
              <skipped message="skipped"></skipped>
          </testcase>
          <testcase name="[It] [sig-storage] In-tree Volumes [Driver: iscsi] [Feature:Volumes] [Testpattern: Pre-provisioned PV (block volmode)] multiVolume [Slow] should concurrently access the volume and its clone from pods on the same node [LinuxOnly] [Feature:VolumeSourceXFS]" classname="Kubernetes e2e suite" status="skipped" time="0">
              <skipped message="skipped"></skipped>
          </testcase>
          <testcase name="[It] [sig-storage] In-tree Volumes [Driver: local] [LocalVolumeType: dir-link-bindmounted] [Testpattern: Generic Ephemeral-volume (default fs)] volumeLimits should support volume limits [Serial]" classname="Kubernetes e2e suite" status="skipped" time="0">
              <skipped message="skipped"></skipped>
          </testcase>
          <testcase name="[It] [sig-storage] In-tree Volumes [Driver: local] [LocalVolumeType: dir-bindmounted] [Testpattern: Dynamic PV (xfs)] [Slow] multiVolume [Slow] should concurrently access the volume and restored snapshot from pods on the same node [LinuxOnly] [Feature:VolumeSnapshotDataSource] [Feature:VolumeSourceXFS]" classname="Kubernetes e2e suite" status="skipped" time="0">
              <skipped message="skipped"></skipped>
          </testcase>
          <testcase name="[It] [sig-storage] Projected secret should be consumable from pods in volume [NodeConformance] [Conformance]" classname="Kubernetes e2e suite" status="passed" time="4.129026346"></testcase>
          <testcase name="[It] [sig-storage] In-tree Volumes [Driver: ceph] [Feature:Volumes] [Serial] [Testpattern: Dynamic PV (default fs)] volumes should allow exec of files on the volume" classname="Kubernetes e2e suite" status="skipped" time="0">
              <skipped message="skipped"></skipped>
          </testcase>
          <testcase name="[It] [sig-node] DRA [Feature:DynamicResourceAllocation] kubelet must unprepare resources for force-deleted pod" classname="Kubernetes e2e suite" status="skipped" time="0">
              <skipped message="skipped"></skipped>
          </testcase>
          <testcase name="[It] [sig-storage] In-tree Volumes [Driver: vsphere] [Testpattern: Generic Ephemeral-volume (default fs) (immediate-binding)] ephemeral should create read-only inline ephemeral volume" classname="Kubernetes e2e suite" status="skipped" time="0">
              <skipped message="skipped"></skipped>
          </testcase>
          <testcase name="[It] [sig-scheduling] SchedulerPreemption [Serial] PodTopologySpread Preemption validates proper pods are preempted" classname="Kubernetes e2e suite" status="skipped" time="0">
              <skipped message="skipped"></skipped>
          </testcase>
          <testcase name="[It] [sig-storage] In-tree Volumes [Driver: iscsi] [Feature:Volumes] [Testpattern: Dynamic PV (ntfs)] [Feature:Windows] provisioning should provision storage with mount options" classname="Kubernetes e2e suite" status="skipped" time="0">
              <skipped message="skipped"></skipped>
          </testcase>
          <testcase name="[It] [sig-storage] In-tree Volumes [Driver: nfs] [Testpattern: Dynamic PV (block volmode)] multiVolume [Slow] should access to two volumes with the same volume mode and retain data across pod recreation on the same node" classname="Kubernetes e2e suite" status="skipped" time="0">
              <skipped message="skipped"></skipped>
          </testcase>
          <testcase name="[It] [sig-storage] CSI Volumes [Driver: csi-hostpath] [Testpattern: Dynamic PV (filesystem volmode)] disruptive [Disruptive] [LinuxOnly] Should test that pv used in a pod that is deleted while the kubelet is down is usable by a new pod with a different SELinux context when kubelet returns [Feature:SELinux]" classname="Kubernetes e2e suite" status="skipped" time="0">
              <skipped message="skipped"></skipped>
          </testcase>
          <testcase name="[It] [sig-storage] In-tree Volumes [Driver: local] [LocalVolumeType: dir-link] [Testpattern: Pre-provisioned PV (default fs)] volumeIO should write files of various sizes, verify size, validate content [Slow]" classname="Kubernetes e2e suite" status="skipped" time="0">
              <skipped message="skipped"></skipped>
          </testcase>
          <testcase name="[It] [sig-storage] In-tree Volumes [Driver: iscsi] [Feature:Volumes] [Testpattern: Pre-provisioned PV (default fs)] subPath should support creating multiple subpath from same volumes [Slow]" classname="Kubernetes e2e suite" status="skipped" time="0">
              <skipped message="skipped"></skipped>
          </testcase>
          <testcase name="[It] [sig-storage] In-tree Volumes [Driver: local] [LocalVolumeType: block] [Testpattern: Pre-provisioned PV (default fs)] subPath should fail if subpath directory is outside the volume [Slow] [LinuxOnly]" classname="Kubernetes e2e suite" status="skipped" time="0">
              <skipped message="skipped"></skipped>
          </testcase>
          <testcase name="[It] [sig-storage] In-tree Volumes [Driver: local] [LocalVolumeType: block] [Testpattern: Pre-provisioned PV (xfs)] [Slow] volumes should store data" classname="Kubernetes e2e suite" status="skipped" time="0">
              <skipped message="skipped"></skipped>
          </testcase>
          <testcase name="[It] [sig-storage] PersistentVolumes-local [Volume type: block] Two pods mounting a local volume at the same time should be able to write from pod1 and read from pod2" classname="Kubernetes e2e suite" status="skipped" time="0">
              <skipped message="skipped"></skipped>
          </testcase>
          <testcase name="[It] [sig-storage] In-tree Volumes [Driver: rbd] [Feature:Volumes] [Serial] [Testpattern: Dynamic PV (ntfs)] [Feature:Windows] subPath should support readOnly directory specified in the volumeMount" classname="Kubernetes e2e suite" status="skipped" time="0">
              <skipped message="skipped"></skipped>
          </testcase>
          <testcase name="[It] [sig-storage] In-tree Volumes [Driver: local] [LocalVolumeType: block] [Testpattern: Dynamic PV (xfs)] [Slow] multiVolume [Slow] should concurrently access the single read-only volume from pods on the same node" classname="Kubernetes e2e suite" status="skipped" time="0">
              <skipped message="skipped"></skipped>
          </testcase>
          <testcase name="[It] [sig-api-machinery] CustomResourceDefinition resources [Privileged:ClusterAdmin] Simple CustomResourceDefinition creating/deleting custom resource definition objects works [Conformance]" classname="Kubernetes e2e suite" status="passed" time="1.065799691"></testcase>
          <testcase name="[It] [sig-storage] In-tree Volumes [Driver: local] [LocalVolumeType: block] [Testpattern: Inline-volume (ext4)] volumes should store data" classname="Kubernetes e2e suite" status="skipped" time="0">
              <skipped message="skipped"></skipped>
          </testcase>
          <testcase name="[It] [sig-storage] In-tree Volumes [Driver: nfs] [Testpattern: Inline-volume (default fs)] subPath should fail if non-existent subpath is outside the volume [Slow] [LinuxOnly]" classname="Kubernetes e2e suite" status="skipped" time="0">
              <skipped message="skipped"></skipped>
          </testcase>
          <testcase name="[It] [sig-storage] In-tree Volumes [Driver: azure-file] [Testpattern: Dynamic PV (ntfs)] [Feature:Windows] multiVolume [Slow] should concurrently access the single read-only volume from pods on the same node" classname="Kubernetes e2e suite" status="skipped" time="0">
              <skipped message="skipped"></skipped>
          </testcase>
          <testcase name="[It] [sig-node] Downward API should provide host IP and pod IP as an env var if pod uses host network [LinuxOnly]" classname="Kubernetes e2e suite" status="skipped" time="0">
              <skipped message="skipped"></skipped>
          </testcase>
          <testcase name="[It] [sig-cli] Kubectl Port forwarding With a server listening on localhost should support forwarding over websockets" classname="Kubernetes e2e suite" status="skipped" time="0">
              <skipped message="skipped"></skipped>
          </testcase>
          <testcase name="[It] [sig-storage] In-tree Volumes [Driver: cinder] [Testpattern: Generic Ephemeral-volume (default fs) (immediate-binding)] ephemeral should support expansion of pvcs created for ephemeral pvcs" classname="Kubernetes e2e suite" status="skipped" time="0">
              <skipped message="skipped"></skipped>
          </testcase>
          <testcase name="[It] [sig-storage] In-tree Volumes [Driver: aws] [Testpattern: Dynamic PV (ntfs)] [Feature:Windows] provisioning should provision storage with snapshot data source (ROX mode) [Feature:VolumeSnapshotDataSource]" classname="Kubernetes e2e suite" status="skipped" time="0">
              <skipped message="skipped"></skipped>
          </testcase>
          <testcase name="[It] [sig-storage] In-tree Volumes [Driver: hostPath] [Testpattern: Inline-volume (ext4)] volumes should store data" classname="Kubernetes e2e suite" status="skipped" time="0">
              <skipped message="skipped"></skipped>
          </testcase>
          <testcase name="[It] [sig-storage] In-tree Volumes [Driver: local] [LocalVolumeType: blockfs] [Testpattern: Dynamic PV (filesystem volmode)] multiVolume [Slow] should concurrently access the volume and its clone from pods on the same node [LinuxOnly] [Feature:VolumeSourceXFS]" classname="Kubernetes e2e suite" status="skipped" time="0">
              <skipped message="skipped"></skipped>
          </testcase>
          <testcase name="[It] [sig-storage] In-tree Volumes [Driver: local] [LocalVolumeType: dir-link] [Testpattern: Dynamic PV (default fs)] subPath should unmount if pod is gracefully deleted while kubelet is down [Disruptive] [Slow] [LinuxOnly]" classname="Kubernetes e2e suite" status="skipped" time="0">
              <skipped message="skipped"></skipped>
          </testcase>
          <testcase name="[It] [sig-storage] CSI Volumes [Driver: pd.csi.storage.gke.io] [Serial] [Testpattern: Dynamic PV (ntfs)] [Feature:Windows] subPath should support existing single file [LinuxOnly]" classname="Kubernetes e2e suite" status="skipped" time="0">
              <skipped message="skipped"></skipped>
          </testcase>
          <testcase name="[It] [sig-storage] In-tree Volumes [Driver: cinder] [Testpattern: Dynamic PV (block volmode)] volumes should store data" classname="Kubernetes e2e suite" status="skipped" time="0">
              <skipped message="skipped"></skipped>
          </testcase>
          <testcase name="[It] [sig-storage] In-tree Volumes [Driver: local] [LocalVolumeType: dir-link] [Testpattern: Dynamic PV (filesystem volmode)] multiVolume [Slow] should concurrently access the single volume from pods on the same node" classname="Kubernetes e2e suite" status="skipped" time="0">
              <skipped message="skipped"></skipped>
          </testcase>
          <testcase name="[It] [sig-storage] CSI Mock volume attach CSI attach test using mock driver should require VolumeAttach for ephemermal volume and drivers with attachment" classname="Kubernetes e2e suite" status="skipped" time="0">
              <skipped message="skipped"></skipped>
          </testcase>
          <testcase name="[It] [sig-storage] In-tree Volumes [Driver: aws] [Testpattern: Dynamic PV (filesystem volmode)] disruptive [Disruptive] [LinuxOnly] Should test that pv used in a pod that is deleted while the kubelet is down is usable by a new pod with a different SELinux context when kubelet returns [Feature:SELinux]" classname="Kubernetes e2e suite" status="skipped" time="0">
              <skipped message="skipped"></skipped>
          </testcase>
          <testcase name="[It] [sig-storage] In-tree Volumes [Driver: ceph] [Feature:Volumes] [Serial] [Testpattern: Dynamic PV (xfs)] [Slow] volumes should allow exec of files on the volume" classname="Kubernetes e2e suite" status="skipped" time="0">
              <skipped message="skipped"></skipped>
          </testcase>
          <testcase name="[It] [sig-storage] EmptyDir wrapper volumes should not conflict [Conformance]" classname="Kubernetes e2e suite" status="passed" time="2.083820165"></testcase>
          <testcase name="[It] [sig-storage] In-tree Volumes [Driver: nfs] [Testpattern: Inline-volume (default fs)] subPath should support existing directory" classname="Kubernetes e2e suite" status="skipped" time="0">
              <skipped message="skipped"></skipped>
          </testcase>
          <testcase name="[It] [sig-storage] In-tree Volumes [Driver: cinder] [Testpattern: Pre-provisioned PV (default fs)] subPath should support creating multiple subpath from same volumes [Slow]" classname="Kubernetes e2e suite" status="skipped" time="0">
              <skipped message="skipped"></skipped>
          </testcase>
          <testcase name="[It] [sig-storage] In-tree Volumes [Driver: nfs] [Testpattern: Generic Ephemeral-volume (default fs) (immediate-binding)] ephemeral should support two pods which have the same volume definition" classname="Kubernetes e2e suite" status="skipped" time="0">
              <skipped message="skipped"></skipped>
          </testcase>
          <testcase name="[It] [sig-storage] In-tree Volumes [Driver: local] [LocalVolumeType: dir-bindmounted] [Testpattern: Dynamic PV (block volmode)] multiVolume [Slow] should access to two volumes with the same volume mode and retain data across pod recreation on different node" classname="Kubernetes e2e suite" status="skipped" time="0">
              <skipped message="skipped"></skipped>
          </testcase>
          <testcase name="[It] [sig-storage] In-tree Volumes [Driver: azure-disk] [Testpattern: Dynamic PV (ntfs)] [Feature:Windows] subPath should verify container cannot write to subpath readonly volumes [Slow]" classname="Kubernetes e2e suite" status="skipped" time="0">
              <skipped message="skipped"></skipped>
          </testcase>
          <testcase name="[It] [sig-storage] In-tree Volumes [Driver: vsphere] [Testpattern: Inline-volume (default fs)] subPath should support restarting containers using file as subpath [Slow] [LinuxOnly]" classname="Kubernetes e2e suite" status="skipped" time="0">
              <skipped message="skipped"></skipped>
          </testcase>
          <testcase name="[It] [sig-storage] Zone Support [Feature:vsphere] Verify PVC creation fails if only storage policy is specified in the storage class (No shared datastores exist among all the nodes)" classname="Kubernetes e2e suite" status="skipped" time="0">
              <skipped message="skipped"></skipped>
          </testcase>
          <testcase name="[It] [sig-storage] CSI Volumes [Driver: pd.csi.storage.gke.io] [Serial] [Testpattern: Pre-provisioned PV (ext4)] volumes should store data" classname="Kubernetes e2e suite" status="skipped" time="0">
              <skipped message="skipped"></skipped>
          </testcase>
          <testcase name="[It] [sig-storage] In-tree Volumes [Driver: ceph] [Feature:Volumes] [Serial] [Testpattern: Dynamic PV (xfs)] [Slow] multiVolume [Slow] should concurrently access the single volume from pods on different node" classname="Kubernetes e2e suite" status="skipped" time="0">
              <skipped message="skipped"></skipped>
          </testcase>
          <testcase name="[It] [sig-cloud-provider-gcp] Reboot [Disruptive] [Feature:Reboot] each node by triggering kernel panic and ensure they function upon restart" classname="Kubernetes e2e suite" status="skipped" time="0">
              <skipped message="skipped"></skipped>
          </testcase>
          <testcase name="[It] [sig-storage] In-tree Volumes [Driver: vsphere] [Testpattern: Pre-provisioned PV (block volmode)] volumeMode should fail to use a volume in a pod with mismatched mode [Slow]" classname="Kubernetes e2e suite" status="skipped" time="0">
              <skipped message="skipped"></skipped>
          </testcase>
          <testcase name="[It] [sig-storage] In-tree Volumes [Driver: local] [LocalVolumeType: tmpfs] [Testpattern: Pre-provisioned PV (default fs)] subPath should fail if subpath directory is outside the volume [Slow] [LinuxOnly]" classname="Kubernetes e2e suite" status="skipped" time="0">
              <skipped message="skipped"></skipped>
          </testcase>
          <testcase name="[It] [sig-storage] In-tree Volumes [Driver: ceph] [Feature:Volumes] [Serial] [Testpattern: Generic Ephemeral-volume (block volmode) (late-binding)] ephemeral should create read/write inline ephemeral volume" classname="Kubernetes e2e suite" status="skipped" time="0">
              <skipped message="skipped"></skipped>
          </testcase>
          <testcase name="[It] [sig-storage] In-tree Volumes [Driver: hostPathSymlink] [Testpattern: Pre-provisioned PV (filesystem volmode)] multiVolume [Slow] should access to two volumes with the same volume mode and retain data across pod recreation on the same node" classname="Kubernetes e2e suite" status="skipped" time="0">
              <skipped message="skipped"></skipped>
          </testcase>
          <testcase name="[It] [sig-storage] In-tree Volumes [Driver: local] [LocalVolumeType: dir-link] [Testpattern: Dynamic PV (block volmode)] disruptive [Disruptive] [LinuxOnly] Should test that pv used in a pod that is force deleted while the kubelet is down cleans up when the kubelet returns." classname="Kubernetes e2e suite" status="skipped" time="0">
              <skipped message="skipped"></skipped>
          </testcase>
          <testcase name="[It] [sig-storage] In-tree Volumes [Driver: cinder] [Testpattern: Dynamic PV (ext4)] multiVolume [Slow] should concurrently access the single volume from pods on different node" classname="Kubernetes e2e suite" status="skipped" time="0">
              <skipped message="skipped"></skipped>
          </testcase>
          <testcase name="[It] [sig-storage] In-tree Volumes [Driver: emptydir] [Testpattern: Dynamic PV (xfs)] [Slow] multiVolume [Slow] should access to two volumes with the same volume mode and retain data across pod recreation on the same node" classname="Kubernetes e2e suite" status="skipped" time="0">
              <skipped message="skipped"></skipped>
          </testcase>
          <testcase name="[It] [sig-storage] In-tree Volumes [Driver: iscsi] [Feature:Volumes] [Testpattern: Pre-provisioned PV (block volmode)] multiVolume [Slow] should access to two volumes with the same volume mode and retain data across pod recreation on different node" classname="Kubernetes e2e suite" status="skipped" time="0">
              <skipped message="skipped"></skipped>
          </testcase>
          <testcase name="[It] [sig-storage] In-tree Volumes [Driver: local] [LocalVolumeType: blockfs] [Testpattern: Dynamic PV (filesystem volmode)] volumeLimits should support volume limits [Serial]" classname="Kubernetes e2e suite" status="skipped" time="0">
              <skipped message="skipped"></skipped>
          </testcase>
          <testcase name="[It] [sig-storage] In-tree Volumes [Driver: iscsi] [Feature:Volumes] [Testpattern: Dynamic PV (block volmode)] provisioning should provision storage with snapshot data source [Feature:VolumeSnapshotDataSource]" classname="Kubernetes e2e suite" status="skipped" time="0">
              <skipped message="skipped"></skipped>
          </testcase>
          <testcase name="[It] [sig-storage] In-tree Volumes [Driver: local] [LocalVolumeType: dir-link-bindmounted] [Testpattern: Generic Ephemeral-volume (block volmode) (late-binding)] ephemeral should support expansion of pvcs created for ephemeral pvcs" classname="Kubernetes e2e suite" status="skipped" time="0">
              <skipped message="skipped"></skipped>
          </testcase>
          <testcase name="[It] [sig-storage] CSI Volumes [Driver: csi-hostpath] [Testpattern: Inline-volume (default fs)] subPath should verify container cannot write to subpath readonly volumes [Slow]" classname="Kubernetes e2e suite" status="skipped" time="0">
              <skipped message="skipped"></skipped>
          </testcase>
          <testcase name="[It] [sig-storage] Subpath Atomic writer volumes should support subpaths with projected pod [Conformance]" classname="Kubernetes e2e suite" status="passed" time="24.249004443"></testcase>
          <testcase name="[It] [sig-storage] In-tree Volumes [Driver: rbd] [Feature:Volumes] [Serial] [Testpattern: Generic Ephemeral-volume (default fs) (immediate-binding)] ephemeral should support two pods which have the same volume definition" classname="Kubernetes e2e suite" status="skipped" time="0">
              <skipped message="skipped"></skipped>
          </testcase>
          <testcase name="[It] [sig-storage] In-tree Volumes [Driver: azure-disk] [Testpattern: Inline-volume (ext3)] volumes should allow exec of files on the volume" classname="Kubernetes e2e suite" status="skipped" time="0">
              <skipped message="skipped"></skipped>
          </testcase>
          <testcase name="[It] [sig-storage] In-tree Volumes [Driver: rbd] [Feature:Volumes] [Serial] [Testpattern: Dynamic PV (default fs)] volumes should allow exec of files on the volume" classname="Kubernetes e2e suite" status="skipped" time="0">
              <skipped message="skipped"></skipped>
          </testcase>
          <testcase name="[It] [sig-storage] In-tree Volumes [Driver: local] [LocalVolumeType: blockfs] [Testpattern: Pre-provisioned PV (ext3)] volumes should store data" classname="Kubernetes e2e suite" status="skipped" time="0">
              <skipped message="skipped"></skipped>
          </testcase>
          <testcase name="[It] [sig-storage] In-tree Volumes [Driver: cinder] [Testpattern: Dynamic PV (default fs)] subPath should be able to unmount after the subpath directory is deleted [LinuxOnly]" classname="Kubernetes e2e suite" status="skipped" time="0">
              <skipped message="skipped"></skipped>
          </testcase>
          <testcase name="[It] [sig-storage] In-tree Volumes [Driver: azure-disk] [Testpattern: Dynamic PV (filesystem volmode)] volumeLimits should verify that all csinodes have volume limits" classname="Kubernetes e2e suite" status="skipped" time="0">
              <skipped message="skipped"></skipped>
          </testcase>
          <testcase name="[It] [sig-storage] In-tree Volumes [Driver: local] [LocalVolumeType: blockfs] [Testpattern: Pre-provisioned PV (default fs)] subPath should unmount if pod is force deleted while kubelet is down [Disruptive] [Slow] [LinuxOnly]" classname="Kubernetes e2e suite" status="skipped" time="0">
              <skipped message="skipped"></skipped>
          </testcase>
          <testcase name="[It] [sig-storage] In-tree Volumes [Driver: rbd] [Feature:Volumes] [Serial] [Testpattern: Pre-provisioned PV (filesystem volmode)] volumeMode should fail to use a volume in a pod with mismatched mode [Slow]" classname="Kubernetes e2e suite" status="skipped" time="0">
              <skipped message="skipped"></skipped>
          </testcase>
          <testcase name="[It] [sig-storage] In-tree Volumes [Driver: aws] [Testpattern: Inline-volume (ext4)] volumes should allow exec of files on the volume" classname="Kubernetes e2e suite" status="skipped" time="0">
              <skipped message="skipped"></skipped>
          </testcase>
          <testcase name="[It] [sig-storage] In-tree Volumes [Driver: local] [LocalVolumeType: tmpfs] [Testpattern: Inline-volume (default fs)] subPath should support file as subpath [LinuxOnly]" classname="Kubernetes e2e suite" status="skipped" time="0">
              <skipped message="skipped"></skipped>
          </testcase>
          <testcase name="[It] [sig-storage] In-tree Volumes [Driver: hostPath] [Testpattern: Pre-provisioned PV (filesystem volmode)] disruptive [Disruptive] [LinuxOnly] Should test that pv used in a pod that is deleted while the kubelet is down is usable by a new pod with a different SELinux context when kubelet returns [Feature:SELinux]" classname="Kubernetes e2e suite" status="skipped" time="0">
              <skipped message="skipped"></skipped>
          </testcase>
          <testcase name="[It] [sig-storage] In-tree Volumes [Driver: local] [LocalVolumeType: dir-link] [Testpattern: Dynamic PV (filesystem volmode)] disruptive [Disruptive] [LinuxOnly] Should test that pv written before kubelet restart is readable after restart." classname="Kubernetes e2e suite" status="skipped" time="0">
              <skipped message="skipped"></skipped>
          </testcase>
          <testcase name="[It] [sig-storage] In-tree Volumes [Driver: nfs] [Testpattern: Pre-provisioned PV (default fs)] subPath should support non-existent path" classname="Kubernetes e2e suite" status="skipped" time="0">
              <skipped message="skipped"></skipped>
          </testcase>
          <testcase name="[It] [sig-network] Services should work after restarting apiserver [Disruptive]" classname="Kubernetes e2e suite" status="skipped" time="0">
              <skipped message="skipped"></skipped>
          </testcase>
          <testcase name="[It] [sig-storage] In-tree Volumes [Driver: local] [LocalVolumeType: block] [Testpattern: Inline-volume (default fs)] subPath should fail if non-existent subpath is outside the volume [Slow] [LinuxOnly]" classname="Kubernetes e2e suite" status="skipped" time="0">
              <skipped message="skipped"></skipped>
          </testcase>
          <testcase name="[It] [sig-storage] In-tree Volumes [Driver: nfs] [Testpattern: Pre-provisioned PV (block volmode)] multiVolume [Slow] should concurrently access the volume and restored snapshot from pods on the same node [LinuxOnly] [Feature:VolumeSnapshotDataSource] [Feature:VolumeSourceXFS]" classname="Kubernetes e2e suite" status="skipped" time="0">
              <skipped message="skipped"></skipped>
          </testcase>
          <testcase name="[It] [sig-network] Netpol NetworkPolicy between server and client should allow ingress access on one named port [Feature:NetworkPolicy]" classname="Kubernetes e2e suite" status="skipped" time="0">
              <skipped message="skipped"></skipped>
          </testcase>
          <testcase name="[It] [sig-storage] CSI Volumes [Driver: pd.csi.storage.gke.io] [Serial] [Testpattern: Dynamic PV (ntfs)] [Feature:Windows] provisioning should provision storage with pvc data source in parallel [Slow]" classname="Kubernetes e2e suite" status="skipped" time="0">
              <skipped message="skipped"></skipped>
          </testcase>
          <testcase name="[It] [sig-storage] In-tree Volumes [Driver: azure-file] [Testpattern: Pre-provisioned PV (default fs)] subPath should fail if non-existent subpath is outside the volume [Slow] [LinuxOnly]" classname="Kubernetes e2e suite" status="skipped" time="0">
              <skipped message="skipped"></skipped>
          </testcase>
          <testcase name="[It] [sig-storage] In-tree Volumes [Driver: emptydir] [Testpattern: Dynamic PV (ext4)] multiVolume [Slow] should access to two volumes with the same volume mode and retain data across pod recreation on the same node" classname="Kubernetes e2e suite" status="skipped" time="0">
              <skipped message="skipped"></skipped>
          </testcase>
          <testcase name="[It] [sig-storage] In-tree Volumes [Driver: ceph] [Feature:Volumes] [Serial] [Testpattern: Inline-volume (ntfs)] [Feature:Windows] volumes should store data" classname="Kubernetes e2e suite" status="skipped" time="0">
              <skipped message="skipped"></skipped>
          </testcase>
          <testcase name="[It] [sig-storage] In-tree Volumes [Driver: cinder] [Testpattern: Dynamic PV (default fs)] volumes should store data" classname="Kubernetes e2e suite" status="skipped" time="0">
              <skipped message="skipped"></skipped>
          </testcase>
          <testcase name="[It] [sig-storage] In-tree Volumes [Driver: emptydir] [Testpattern: Dynamic PV (ntfs)] [Feature:Windows] subPath should support existing directory" classname="Kubernetes e2e suite" status="skipped" time="0">
              <skipped message="skipped"></skipped>
          </testcase>
          <testcase name="[It] [sig-storage] Projected configMap should be consumable from pods in volume with mappings as non-root [NodeConformance] [Conformance]" classname="Kubernetes e2e suite" status="passed" time="4.093907605"></testcase>
          <testcase name="[It] [sig-storage] In-tree Volumes [Driver: hostPathSymlink] [Testpattern: Dynamic PV (block volmode)] disruptive [Disruptive] [LinuxOnly] Should test that pv used in a pod that is deleted while the kubelet is down cleans up when the kubelet returns." classname="Kubernetes e2e suite" status="skipped" time="0">
              <skipped message="skipped"></skipped>
          </testcase>
          <testcase name="[It] [sig-storage] In-tree Volumes [Driver: hostPath] [Testpattern: Dynamic PV (default fs)] subPath should support readOnly directory specified in the volumeMount" classname="Kubernetes e2e suite" status="skipped" time="0">
              <skipped message="skipped"></skipped>
          </testcase>
          <testcase name="[It] [sig-storage] In-tree Volumes [Driver: azure-disk] [Testpattern: Dynamic PV (default fs)] subPath should support restarting containers using directory as subpath [Slow]" classname="Kubernetes e2e suite" status="skipped" time="0">
              <skipped message="skipped"></skipped>
          </testcase>
          <testcase name="[It] [sig-storage] In-tree Volumes [Driver: local] [LocalVolumeType: tmpfs] [Testpattern: Dynamic PV (default fs)(allowExpansion)] volume-expand should resize volume when PVC is edited while pod is using it" classname="Kubernetes e2e suite" status="skipped" time="0">
              <skipped message="skipped"></skipped>
          </testcase>
          <testcase name="[It] [sig-windows] Hybrid cluster network for all supported CNIs should have stable networking for Linux and Windows pods" classname="Kubernetes e2e suite" status="skipped" time="0">
              <skipped message="skipped"></skipped>
          </testcase>
          <testcase name="[It] [sig-storage] In-tree Volumes [Driver: local] [LocalVolumeType: blockfs] [Testpattern: Dynamic PV (ntfs)] [Feature:Windows] provisioning should mount multiple PV pointing to the same storage on the same node" classname="Kubernetes e2e suite" status="skipped" time="0">
              <skipped message="skipped"></skipped>
          </testcase>
          <testcase name="[It] [sig-storage] In-tree Volumes [Driver: local] [LocalVolumeType: blockfs] [Testpattern: Pre-provisioned PV (default fs)] subPath should support restarting containers using file as subpath [Slow] [LinuxOnly]" classname="Kubernetes e2e suite" status="skipped" time="0">
              <skipped message="skipped"></skipped>
          </testcase>
          <testcase name="[It] [sig-storage] CSI Volumes [Driver: pd.csi.storage.gke.io] [Serial] [Testpattern: Dynamic PV (filesystem volmode)] multiVolume [Slow] should access to two volumes with the same volume mode and retain data across pod recreation on different node" classname="Kubernetes e2e suite" status="skipped" time="0">
              <skipped message="skipped"></skipped>
          </testcase>
          <testcase name="[It] [sig-storage] In-tree Volumes [Driver: ceph] [Feature:Volumes] [Serial] [Testpattern: Pre-provisioned PV (filesystem volmode)] multiVolume [Slow] should concurrently access the volume and restored snapshot from pods on the same node [LinuxOnly] [Feature:VolumeSnapshotDataSource] [Feature:VolumeSourceXFS]" classname="Kubernetes e2e suite" status="skipped" time="0">
              <skipped message="skipped"></skipped>
          </testcase>
          <testcase name="[It] [sig-storage] In-tree Volumes [Driver: azure-file] [Testpattern: Dynamic PV (block volmode)] provisioning should provision storage with mount options" classname="Kubernetes e2e suite" status="skipped" time="0">
              <skipped message="skipped"></skipped>
          </testcase>
          <testcase name="[It] [sig-storage] In-tree Volumes [Driver: ceph] [Feature:Volumes] [Serial] [Testpattern: Pre-provisioned PV (default fs)] subPath should support existing directories when readOnly specified in the volumeSource" classname="Kubernetes e2e suite" status="skipped" time="0">
              <skipped message="skipped"></skipped>
          </testcase>
          <testcase name="[It] [sig-storage] In-tree Volumes [Driver: vsphere] [Testpattern: Dynamic PV (default fs)] subPath should be able to unmount after the subpath directory is deleted [LinuxOnly]" classname="Kubernetes e2e suite" status="skipped" time="0">
              <skipped message="skipped"></skipped>
          </testcase>
          <testcase name="[It] [sig-storage] In-tree Volumes [Driver: local] [LocalVolumeType: blockfs] [Testpattern: Pre-provisioned PV (default fs)] volumeIO should write files of various sizes, verify size, validate content [Slow]" classname="Kubernetes e2e suite" status="skipped" time="0">
              <skipped message="skipped"></skipped>
          </testcase>
          <testcase name="[It] [sig-node] DRA [Feature:DynamicResourceAllocation] multiple nodes with network-attached resources [Serial] [Disruptive] [Slow] must deallocate on non graceful node shutdown" classname="Kubernetes e2e suite" status="skipped" time="0">
              <skipped message="skipped"></skipped>
          </testcase>
          <testcase name="[It] [sig-storage] In-tree Volumes [Driver: local] [LocalVolumeType: gce-localssd-scsi-fs] [Serial] [Testpattern: Dynamic PV (ntfs)] [Feature:Windows] provisioning should provision storage with pvc data source in parallel [Slow]" classname="Kubernetes e2e suite" status="skipped" time="0">
              <skipped message="skipped"></skipped>
          </testcase>
          <testcase name="[It] [sig-api-machinery] AdmissionWebhook [Privileged:ClusterAdmin] listing mutating webhooks should work [Conformance]" classname="Kubernetes e2e suite" status="passed" time="3.986764219"></testcase>
          <testcase name="[It] [sig-storage] In-tree Volumes [Driver: local] [LocalVolumeType: dir-link-bindmounted] [Testpattern: Dynamic PV (block volmode)] volume-expand should not allow expansion of pvcs without AllowVolumeExpansion property" classname="Kubernetes e2e suite" status="skipped" time="0">
              <skipped message="skipped"></skipped>
          </testcase>
          <testcase name="[It] [sig-storage] In-tree Volumes [Driver: local] [LocalVolumeType: dir-link-bindmounted] [Testpattern: Dynamic PV (block volmode)] provisioning should provision storage with any volume data source [Serial]" classname="Kubernetes e2e suite" status="skipped" time="0">
              <skipped message="skipped"></skipped>
          </testcase>
          <testcase name="[It] [sig-storage] In-tree Volumes [Driver: rbd] [Feature:Volumes] [Serial] [Testpattern: Dynamic PV (xfs)] [Slow] multiVolume [Slow] should concurrently access the single volume from pods on different node" classname="Kubernetes e2e suite" status="skipped" time="0">
              <skipped message="skipped"></skipped>
          </testcase>
          <testcase name="[It] [sig-storage] In-tree Volumes [Driver: hostPathSymlink] [Testpattern: Dynamic PV (ntfs)(allowExpansion)] [Feature:Windows] volume-expand should resize volume when PVC is edited while pod is using it" classname="Kubernetes e2e suite" status="skipped" time="0">
              <skipped message="skipped"></skipped>
          </testcase>
          <testcase name="[It] [sig-storage] In-tree Volumes [Driver: nfs] [Testpattern: Dynamic PV (ext3)] volumes should store data" classname="Kubernetes e2e suite" status="skipped" time="0">
              <skipped message="skipped"></skipped>
          </testcase>
          <testcase name="[It] [sig-storage] CSI Volumes [Driver: csi-hostpath] [Testpattern: Inline-volume (default fs)] subPath should support existing directory" classname="Kubernetes e2e suite" status="skipped" time="0">
              <skipped message="skipped"></skipped>
          </testcase>
          <testcase name="[It] [sig-storage] In-tree Volumes [Driver: hostPathSymlink] [Testpattern: Dynamic PV (block volmode)] provisioning should provision storage with snapshot data source [Feature:VolumeSnapshotDataSource]" classname="Kubernetes e2e suite" status="skipped" time="0">
              <skipped message="skipped"></skipped>
          </testcase>
          <testcase name="[It] [sig-storage] CSI Volumes [Driver: csi-hostpath] [Testpattern: Dynamic PV (filesystem volmode)] volumeMode should fail to use a volume in a pod with mismatched mode [Slow]" classname="Kubernetes e2e suite" status="skipped" time="0">
              <skipped message="skipped"></skipped>
          </testcase>
          <testcase name="[It] [sig-storage] In-tree Volumes [Driver: aws] [Testpattern: Dynamic PV (block volmode)] disruptive [Disruptive] [LinuxOnly] Should test that pv written before kubelet restart is readable after restart." classname="Kubernetes e2e suite" status="skipped" time="0">
              <skipped message="skipped"></skipped>
          </testcase>
          <testcase name="[It] [sig-storage] In-tree Volumes [Driver: ceph] [Feature:Volumes] [Serial] [Testpattern: Inline-volume (ext4)] volumes should allow exec of files on the volume" classname="Kubernetes e2e suite" status="skipped" time="0">
              <skipped message="skipped"></skipped>
          </testcase>
          <testcase name="[It] [sig-storage] In-tree Volumes [Driver: hostPath] [Testpattern: Dynamic PV (filesystem volmode)] multiVolume [Slow] should concurrently access the volume and restored snapshot from pods on the same node [LinuxOnly] [Feature:VolumeSnapshotDataSource] [Feature:VolumeSourceXFS]" classname="Kubernetes e2e suite" status="skipped" time="0">
              <skipped message="skipped"></skipped>
          </testcase>
          <testcase name="[It] [sig-storage] In-tree Volumes [Driver: local] [LocalVolumeType: dir-link-bindmounted] [Testpattern: Inline-volume (ext4)] volumes should store data" classname="Kubernetes e2e suite" status="skipped" time="0">
              <skipped message="skipped"></skipped>
          </testcase>
          <testcase name="[It] [sig-storage] In-tree Volumes [Driver: azure-disk] [Testpattern: Dynamic PV (filesystem volmode)] disruptive [Disruptive] [LinuxOnly] Should test that pv used in a pod that is deleted while the kubelet is down is usable by a new pod when kubelet returns [Feature:SELinux]" classname="Kubernetes e2e suite" status="skipped" time="0">
              <skipped message="skipped"></skipped>
          </testcase>
          <testcase name="[It] [sig-storage] In-tree Volumes [Driver: hostPathSymlink] [Testpattern: Dynamic PV (xfs)] [Slow] multiVolume [Slow] should access to two volumes with the same volume mode and retain data across pod recreation on the same node" classname="Kubernetes e2e suite" status="skipped" time="0">
              <skipped message="skipped"></skipped>
          </testcase>
          <testcase name="[It] [sig-storage] CSI Mock selinux on mount SELinuxMount [LinuxOnly] [Feature:SELinux] should not pass SELinux mount option for RWO volume" classname="Kubernetes e2e suite" status="skipped" time="0">
              <skipped message="skipped"></skipped>
          </testcase>
          <testcase name="[It] [sig-storage] In-tree Volumes [Driver: local] [LocalVolumeType: dir-link-bindmounted] [Testpattern: Dynamic PV (default fs)] subPath should support restarting containers using file as subpath [Slow] [LinuxOnly]" classname="Kubernetes e2e suite" status="skipped" time="0">
              <skipped message="skipped"></skipped>
          </testcase>
          <testcase name="[It] [sig-storage] In-tree Volumes [Driver: azure-file] [Testpattern: Pre-provisioned PV (filesystem volmode)] multiVolume [Slow] should access to two volumes with the same volume mode and retain data across pod recreation on the same node" classname="Kubernetes e2e suite" status="skipped" time="0">
              <skipped message="skipped"></skipped>
          </testcase>
          <testcase name="[It] [sig-storage] In-tree Volumes [Driver: nfs] [Testpattern: Dynamic PV (xfs)] [Slow] multiVolume [Slow] should concurrently access the single volume from pods on different node" classname="Kubernetes e2e suite" status="skipped" time="0">
              <skipped message="skipped"></skipped>
          </testcase>
          <testcase name="[It] [sig-storage] In-tree Volumes [Driver: azure-disk] [Testpattern: Dynamic PV (ntfs)] [Feature:Windows] provisioning should provision storage with any volume data source [Serial]" classname="Kubernetes e2e suite" status="skipped" time="0">
              <skipped message="skipped"></skipped>
          </testcase>
          <testcase name="[It] [sig-storage] In-tree Volumes [Driver: local] [LocalVolumeType: dir-link-bindmounted] [Testpattern: Dynamic PV (ntfs)] [Feature:Windows] multiVolume [Slow] should concurrently access the single volume from pods on the same node" classname="Kubernetes e2e suite" status="skipped" time="0">
              <skipped message="skipped"></skipped>
          </testcase>
          <testcase name="[It] [sig-storage] In-tree Volumes [Driver: cinder] [Testpattern: Dynamic PV (ntfs)] [Feature:Windows] subPath should support non-existent path" classname="Kubernetes e2e suite" status="skipped" time="0">
              <skipped message="skipped"></skipped>
          </testcase>
          <testcase name="[It] [sig-storage] In-tree Volumes [Driver: hostPathSymlink] [Testpattern: Pre-provisioned PV (default fs)] subPath should support existing single file [LinuxOnly]" classname="Kubernetes e2e suite" status="skipped" time="0">
              <skipped message="skipped"></skipped>
          </testcase>
          <testcase name="[It] [sig-storage] In-tree Volumes [Driver: azure-disk] [Testpattern: Dynamic PV (default fs)] subPath should support creating multiple subpath from same volumes [Slow]" classname="Kubernetes e2e suite" status="skipped" time="0">
              <skipped message="skipped"></skipped>
          </testcase>
          <testcase name="[It] [sig-storage] Volume Placement [Feature:vsphere] should create and delete pod with the same volume source attach/detach to different worker nodes" classname="Kubernetes e2e suite" status="skipped" time="0">
              <skipped message="skipped"></skipped>
          </testcase>
          <testcase name="[It] [sig-storage] CSI Volumes [Driver: pd.csi.storage.gke.io] [Serial] [Testpattern: Generic Ephemeral-volume (default fs) (late-binding)] ephemeral should support two pods which have the same volume definition" classname="Kubernetes e2e suite" status="skipped" time="0">
              <skipped message="skipped"></skipped>
          </testcase>
          <testcase name="[It] [sig-network] Networking Granular Checks: Pods should function for intra-pod communication: http [NodeConformance] [Conformance]" classname="Kubernetes e2e suite" status="passed" time="24.539386342"></testcase>
          <testcase name="[It] [sig-apps] DisruptionController should observe that the PodDisruptionBudget status is not updated for unmanaged pods" classname="Kubernetes e2e suite" status="skipped" time="0">
              <skipped message="skipped"></skipped>
          </testcase>
          <testcase name="[It] [sig-storage] In-tree Volumes [Driver: local] [LocalVolumeType: dir-link] [Testpattern: Dynamic PV (block volmode)] provisioning should provision storage with any volume data source [Serial]" classname="Kubernetes e2e suite" status="skipped" time="0">
              <skipped message="skipped"></skipped>
          </testcase>
          <testcase name="[It] [sig-storage] In-tree Volumes [Driver: hostPathSymlink] [Testpattern: Inline-volume (ext4)] volumes should store data" classname="Kubernetes e2e suite" status="skipped" time="0">
              <skipped message="skipped"></skipped>
          </testcase>
          <testcase name="[It] [sig-storage] In-tree Volumes [Driver: local] [LocalVolumeType: dir-link] [Testpattern: Dynamic PV (default fs)] provisioning should provision storage with any volume data source [Serial]" classname="Kubernetes e2e suite" status="skipped" time="0">
              <skipped message="skipped"></skipped>
          </testcase>
          <testcase name="[It] [sig-storage] In-tree Volumes [Driver: ceph] [Feature:Volumes] [Serial] [Testpattern: Pre-provisioned PV (filesystem volmode)] volumeMode should fail to use a volume in a pod with mismatched mode [Slow]" classname="Kubernetes e2e suite" status="skipped" time="0">
              <skipped message="skipped"></skipped>
          </testcase>
          <testcase name="[It] [sig-storage] In-tree Volumes [Driver: azure-file] [Testpattern: Pre-provisioned PV (block volmode)] disruptive [Disruptive] [LinuxOnly] Should test that pv written before kubelet restart is readable after restart." classname="Kubernetes e2e suite" status="skipped" time="0">
              <skipped message="skipped"></skipped>
          </testcase>
          <testcase name="[It] [sig-storage] In-tree Volumes [Driver: local] [LocalVolumeType: tmpfs] [Testpattern: Dynamic PV (filesystem volmode)] disruptive [Disruptive] [LinuxOnly] Should test that pv used in a pod that is force deleted while the kubelet is down is usable by a new pod when kubelet returns [Feature:SELinux]" classname="Kubernetes e2e suite" status="skipped" time="0">
              <skipped message="skipped"></skipped>
          </testcase>
          <testcase name="[It] [sig-storage] CSI Volumes [Driver: csi-hostpath] [Testpattern: Dynamic PV (default fs)] subPath should support non-existent path" classname="Kubernetes e2e suite" status="skipped" time="0">
              <skipped message="skipped"></skipped>
          </testcase>
          <testcase name="[It] [sig-storage] In-tree Volumes [Driver: emptydir] [Testpattern: Dynamic PV (default fs)] provisioning should provision storage with pvc data source in parallel [Slow]" classname="Kubernetes e2e suite" status="skipped" time="0">
              <skipped message="skipped"></skipped>
          </testcase>
          <testcase name="[It] [sig-storage] In-tree Volumes [Driver: local] [LocalVolumeType: block] [Testpattern: Dynamic PV (ntfs)(allowExpansion)] [Feature:Windows] volume-expand Verify if offline PVC expansion works" classname="Kubernetes e2e suite" status="skipped" time="0">
              <skipped message="skipped"></skipped>
          </testcase>
          <testcase name="[It] [sig-storage] In-tree Volumes [Driver: local] [LocalVolumeType: dir] [Testpattern: Inline-volume (default fs)] subPath should support file as subpath [LinuxOnly]" classname="Kubernetes e2e suite" status="skipped" time="0">
              <skipped message="skipped"></skipped>
          </testcase>
          <testcase name="[It] [sig-storage] CSI Volumes [Driver: csi-hostpath] [Testpattern: Pre-provisioned PV (filesystem volmode)] disruptive [Disruptive] [LinuxOnly] Should test that pv used in a pod that is force deleted while the kubelet is down is usable by a new pod with a different SELinux context when kubelet returns [Feature:SELinux]" classname="Kubernetes e2e suite" status="skipped" time="0">
              <skipped message="skipped"></skipped>
          </testcase>
          <testcase name="[It] [sig-storage] In-tree Volumes [Driver: iscsi] [Feature:Volumes] [Testpattern: Dynamic PV (default fs)] fsgroupchangepolicy (OnRootMismatch)[LinuxOnly], pod created with an initial fsgroup, new pod fsgroup applied to volume contents" classname="Kubernetes e2e suite" status="skipped" time="0">
              <skipped message="skipped"></skipped>
          </testcase>
          <testcase name="[It] [sig-storage] In-tree Volumes [Driver: aws] [Testpattern: Dynamic PV (ntfs)] [Feature:Windows] multiVolume [Slow] should access to two volumes with different volume mode and retain data across pod recreation on the same node" classname="Kubernetes e2e suite" status="skipped" time="0">
              <skipped message="skipped"></skipped>
          </testcase>
          <testcase name="[It] [sig-apps] ReplicationController should serve a basic image on each replica with a private image" classname="Kubernetes e2e suite" status="skipped" time="0">
              <skipped message="skipped"></skipped>
          </testcase>
          <testcase name="[It] [sig-storage] In-tree Volumes [Driver: local] [LocalVolumeType: block] [Testpattern: Dynamic PV (ntfs)] [Feature:Windows] subPath should support file as subpath [LinuxOnly]" classname="Kubernetes e2e suite" status="skipped" time="0">
              <skipped message="skipped"></skipped>
          </testcase>
          <testcase name="[It] [sig-autoscaling] [Feature:HPA] Horizontal pod autoscaling (scale resource: CPU) CustomResourceDefinition Should scale with a CRD targetRef" classname="Kubernetes e2e suite" status="skipped" time="0">
              <skipped message="skipped"></skipped>
          </testcase>
          <testcase name="[It] [sig-storage] In-tree Volumes [Driver: azure-disk] [Testpattern: Dynamic PV (xfs)] [Slow] volumes should allow exec of files on the volume" classname="Kubernetes e2e suite" status="skipped" time="0">
              <skipped message="skipped"></skipped>
          </testcase>
          <testcase name="[It] [sig-storage] In-tree Volumes [Driver: rbd] [Feature:Volumes] [Serial] [Testpattern: Pre-provisioned PV (block volmode)] multiVolume [Slow] should access to two volumes with the same volume mode and retain data across pod recreation on the same node" classname="Kubernetes e2e suite" status="skipped" time="0">
              <skipped message="skipped"></skipped>
          </testcase>
          <testcase name="[It] [sig-storage] In-tree Volumes [Driver: local] [LocalVolumeType: dir] [Testpattern: Dynamic PV (ext4)] multiVolume [Slow] should concurrently access the single read-only volume from pods on the same node" classname="Kubernetes e2e suite" status="skipped" time="0">
              <skipped message="skipped"></skipped>
          </testcase>
          <testcase name="[It] [sig-storage] In-tree Volumes [Driver: iscsi] [Feature:Volumes] [Testpattern: Inline-volume (default fs)] subPath should fail if subpath file is outside the volume [Slow] [LinuxOnly]" classname="Kubernetes e2e suite" status="skipped" time="0">
              <skipped message="skipped"></skipped>
          </testcase>
          <testcase name="[It] [sig-node] Kubelet [Serial] [Slow] regular resource usage tracking [Feature:RegularResourceUsageTracking] resource tracking for 100 pods per node" classname="Kubernetes e2e suite" status="skipped" time="0">
              <skipped message="skipped"></skipped>
          </testcase>
          <testcase name="[It] [sig-storage] In-tree Volumes [Driver: ceph] [Feature:Volumes] [Serial] [Testpattern: Dynamic PV (ntfs)] [Feature:Windows] provisioning should provision storage with pvc data source (ROX mode)" classname="Kubernetes e2e suite" status="skipped" time="0">
              <skipped message="skipped"></skipped>
          </testcase>
          <testcase name="[It] [sig-storage] In-tree Volumes [Driver: hostPathSymlink] [Testpattern: Dynamic PV (default fs)] subPath should verify container cannot write to subpath readonly volumes [Slow]" classname="Kubernetes e2e suite" status="skipped" time="0">
              <skipped message="skipped"></skipped>
          </testcase>
          <testcase name="[It] [sig-node] Pods should delete a collection of pods [Conformance]" classname="Kubernetes e2e suite" status="passed" time="4.141189675"></testcase>
          <testcase name="[It] [sig-storage] In-tree Volumes [Driver: local] [LocalVolumeType: dir-link] [Testpattern: Inline-volume (default fs)] subPath should fail if subpath with backstepping is outside the volume [Slow] [LinuxOnly]" classname="Kubernetes e2e suite" status="skipped" time="0">
              <skipped message="skipped"></skipped>
          </testcase>
          <testcase name="[It] [sig-storage] In-tree Volumes [Driver: emptydir] [Testpattern: Inline-volume (default fs)] volumeIO should write files of various sizes, verify size, validate content [Slow]" classname="Kubernetes e2e suite" status="skipped" time="0">
              <skipped message="skipped"></skipped>
          </testcase>
          <testcase name="[It] [sig-network] Netpol NetworkPolicy between server and client should enforce policy to allow ingress traffic for a target [Feature:NetworkPolicy]" classname="Kubernetes e2e suite" status="skipped" time="0">
              <skipped message="skipped"></skipped>
          </testcase>
          <testcase name="[It] [sig-storage] In-tree Volumes [Driver: local] [LocalVolumeType: tmpfs] [Testpattern: Dynamic PV (block volmode)] provisioning should provision storage with any volume data source [Serial]" classname="Kubernetes e2e suite" status="skipped" time="0">
              <skipped message="skipped"></skipped>
          </testcase>
          <testcase name="[It] [sig-storage] In-tree Volumes [Driver: vsphere] [Testpattern: Dynamic PV (ext4)] multiVolume [Slow] should access to two volumes with different volume mode and retain data across pod recreation on different node" classname="Kubernetes e2e suite" status="skipped" time="0">
              <skipped message="skipped"></skipped>
          </testcase>
          <testcase name="[It] [sig-storage] CSI Volumes [Driver: csi-hostpath] [Testpattern: Pre-provisioned PV (default fs)] subPath should support existing directories when readOnly specified in the volumeSource" classname="Kubernetes e2e suite" status="skipped" time="0">
              <skipped message="skipped"></skipped>
          </testcase>
          <testcase name="[It] [sig-storage] In-tree Volumes [Driver: local] [LocalVolumeType: tmpfs] [Testpattern: Dynamic PV (default fs)] subPath should support restarting containers using directory as subpath [Slow]" classname="Kubernetes e2e suite" status="skipped" time="0">
              <skipped message="skipped"></skipped>
          </testcase>
          <testcase name="[It] [sig-node] Kubelet when scheduling an agnhost Pod with hostAliases should write entries to /etc/hosts [NodeConformance] [Conformance]" classname="Kubernetes e2e suite" status="passed" time="4.094963607"></testcase>
          <testcase name="[It] [sig-storage] In-tree Volumes [Driver: local] [LocalVolumeType: dir-bindmounted] [Testpattern: Dynamic PV (default fs)(allowExpansion)] volume-expand Verify if offline PVC expansion works" classname="Kubernetes e2e suite" status="skipped" time="0">
              <skipped message="skipped"></skipped>
          </testcase>
          <testcase name="[It] [sig-storage] In-tree Volumes [Driver: ceph] [Feature:Volumes] [Serial] [Testpattern: Dynamic PV (xfs)] [Slow] volumes should store data" classname="Kubernetes e2e suite" status="skipped" time="0">
              <skipped message="skipped"></skipped>
          </testcase>
          <testcase name="[It] [sig-storage] In-tree Volumes [Driver: nfs] [Testpattern: Dynamic PV (default fs)] subPath should support restarting containers using file as subpath [Slow] [LinuxOnly]" classname="Kubernetes e2e suite" status="skipped" time="0">
              <skipped message="skipped"></skipped>
          </testcase>
          <testcase name="[It] [sig-storage] In-tree Volumes [Driver: local] [LocalVolumeType: blockfs] [Testpattern: Pre-provisioned PV (default fs)] subPath should be able to unmount after the subpath directory is deleted [LinuxOnly]" classname="Kubernetes e2e suite" status="skipped" time="0">
              <skipped message="skipped"></skipped>
          </testcase>
          <testcase name="[It] [sig-storage] In-tree Volumes [Driver: vsphere] [Testpattern: Pre-provisioned PV (ext4)] volumes should store data" classname="Kubernetes e2e suite" status="skipped" time="0">
              <skipped message="skipped"></skipped>
          </testcase>
          <testcase name="[It] [sig-storage] In-tree Volumes [Driver: hostPath] [Testpattern: Dynamic PV (default fs)] provisioning should provision storage with mount options" classname="Kubernetes e2e suite" status="skipped" time="0">
              <skipped message="skipped"></skipped>
          </testcase>
          <testcase name="[It] [sig-storage] In-tree Volumes [Driver: nfs] [Testpattern: Dynamic PV (block volmode)] multiVolume [Slow] should concurrently access the single volume from pods on the same node" classname="Kubernetes e2e suite" status="skipped" time="0">
              <skipped message="skipped"></skipped>
          </testcase>
          <testcase name="[It] [sig-storage] In-tree Volumes [Driver: hostPath] [Testpattern: Dynamic PV (filesystem volmode)] disruptive [Disruptive] [LinuxOnly] Should test that pv used in a pod that is force deleted while the kubelet is down is usable by a new pod when kubelet returns [Feature:SELinux]" classname="Kubernetes e2e suite" status="skipped" time="0">
              <skipped message="skipped"></skipped>
          </testcase>
          <testcase name="[It] [sig-storage] In-tree Volumes [Driver: vsphere] [Testpattern: Pre-provisioned PV (default fs)] subPath should support existing directories when readOnly specified in the volumeSource" classname="Kubernetes e2e suite" status="skipped" time="0">
              <skipped message="skipped"></skipped>
          </testcase>
          <testcase name="[It] [sig-storage] In-tree Volumes [Driver: local] [LocalVolumeType: dir-link] [Testpattern: Inline-volume (default fs)] subPath should support file as subpath [LinuxOnly]" classname="Kubernetes e2e suite" status="skipped" time="0">
              <skipped message="skipped"></skipped>
          </testcase>
          <testcase name="[It] [sig-node] RuntimeClass should schedule a Pod requesting a RuntimeClass and initialize its Overhead [NodeConformance] [Conformance]" classname="Kubernetes e2e suite" status="passed" time="2.084784738"></testcase>
          <testcase name="[It] [sig-storage] In-tree Volumes [Driver: local] [LocalVolumeType: dir-bindmounted] [Testpattern: Dynamic PV (ntfs)] [Feature:Windows] subPath should be able to unmount after the subpath directory is deleted [LinuxOnly]" classname="Kubernetes e2e suite" status="skipped" time="0">
              <skipped message="skipped"></skipped>
          </testcase>
          <testcase name="[It] [sig-storage] In-tree Volumes [Driver: local] [LocalVolumeType: dir-link-bindmounted] [Testpattern: Dynamic PV (default fs)] subPath should support file as subpath [LinuxOnly]" classname="Kubernetes e2e suite" status="skipped" time="0">
              <skipped message="skipped"></skipped>
          </testcase>
          <testcase name="[It] [sig-storage] In-tree Volumes [Driver: rbd] [Feature:Volumes] [Serial] [Testpattern: Inline-volume (ext3)] volumes should allow exec of files on the volume" classname="Kubernetes e2e suite" status="skipped" time="0">
              <skipped message="skipped"></skipped>
          </testcase>
          <testcase name="[It] [sig-storage] In-tree Volumes [Driver: local] [LocalVolumeType: tmpfs] [Testpattern: Dynamic PV (filesystem volmode)] multiVolume [Slow] should access to two volumes with different volume mode and retain data across pod recreation on the same node" classname="Kubernetes e2e suite" status="skipped" time="0">
              <skipped message="skipped"></skipped>
          </testcase>
          <testcase name="[It] [sig-storage] PersistentVolumes-local [Volume type: dir-link] One pod requesting one prebound PVC should be able to mount volume and read from pod1" classname="Kubernetes e2e suite" status="skipped" time="0">
              <skipped message="skipped"></skipped>
          </testcase>
          <testcase name="[It] [sig-storage] In-tree Volumes [Driver: iscsi] [Feature:Volumes] [Testpattern: Dynamic PV (default fs)] provisioning should mount multiple PV pointing to the same storage on the same node" classname="Kubernetes e2e suite" status="skipped" time="0">
              <skipped message="skipped"></skipped>
          </testcase>
          <testcase name="[It] [sig-apps] Daemon set [Serial] should not update pod when spec was updated and update strategy is OnDelete" classname="Kubernetes e2e suite" status="skipped" time="0">
              <skipped message="skipped"></skipped>
          </testcase>
          <testcase name="[It] [sig-storage] In-tree Volumes [Driver: azure-disk] [Testpattern: Inline-volume (default fs)] subPath should support existing directories when readOnly specified in the volumeSource" classname="Kubernetes e2e suite" status="skipped" time="0">
              <skipped message="skipped"></skipped>
          </testcase>
          <testcase name="[It] [sig-storage] In-tree Volumes [Driver: iscsi] [Feature:Volumes] [Testpattern: Dynamic PV (block volmode)] multiVolume [Slow] should access to two volumes with the same volume mode and retain data across pod recreation on the same node" classname="Kubernetes e2e suite" status="skipped" time="0">
              <skipped message="skipped"></skipped>
          </testcase>
          <testcase name="[It] [sig-storage] In-tree Volumes [Driver: rbd] [Feature:Volumes] [Serial] [Testpattern: Pre-provisioned PV (block volmode)] volumeMode should not mount / map unused volumes in a pod [LinuxOnly]" classname="Kubernetes e2e suite" status="skipped" time="0">
              <skipped message="skipped"></skipped>
          </testcase>
          <testcase name="[It] [sig-storage] In-tree Volumes [Driver: azure-disk] [Testpattern: Dynamic PV (block volmode)] disruptive [Disruptive] [LinuxOnly] Should test that pv used in a pod that is force deleted while the kubelet is down cleans up when the kubelet returns." classname="Kubernetes e2e suite" status="skipped" time="0">
              <skipped message="skipped"></skipped>
          </testcase>
          <testcase name="[It] [sig-storage] In-tree Volumes [Driver: local] [LocalVolumeType: dir-link] [Testpattern: Dynamic PV (default fs)] fsgroupchangepolicy (Always)[LinuxOnly], pod created with an initial fsgroup, volume contents ownership changed via chgrp in first pod, new pod with same fsgroup applied to the volume contents" classname="Kubernetes e2e suite" status="skipped" time="0">
              <skipped message="skipped"></skipped>
          </testcase>
          <testcase name="[It] [sig-storage] In-tree Volumes [Driver: local] [LocalVolumeType: block] [Testpattern: Pre-provisioned PV (block volmode)] multiVolume [Slow] should concurrently access the single read-only volume from pods on the same node" classname="Kubernetes e2e suite" status="skipped" time="0">
              <skipped message="skipped"></skipped>
          </testcase>
          <testcase name="[It] [sig-network] Services should be able to switch session affinity for service with type clusterIP [LinuxOnly] [Conformance]" classname="Kubernetes e2e suite" status="passed" time="10.717926496"></testcase>
          <testcase name="[It] [sig-storage] In-tree Volumes [Driver: rbd] [Feature:Volumes] [Serial] [Testpattern: Dynamic PV (ntfs)] [Feature:Windows] volume-expand should not allow expansion of pvcs without AllowVolumeExpansion property" classname="Kubernetes e2e suite" status="skipped" time="0">
              <skipped message="skipped"></skipped>
          </testcase>
          <testcase name="[It] [sig-storage] In-tree Volumes [Driver: azure-disk] [Testpattern: Dynamic PV (default fs)] subPath should unmount if pod is force deleted while kubelet is down [Disruptive] [Slow] [LinuxOnly]" classname="Kubernetes e2e suite" status="skipped" time="0">
              <skipped message="skipped"></skipped>
          </testcase>
          <testcase name="[It] [sig-storage] In-tree Volumes [Driver: ceph] [Feature:Volumes] [Serial] [Testpattern: Dynamic PV (xfs)] [Slow] multiVolume [Slow] should concurrently access the single volume from pods on the same node" classname="Kubernetes e2e suite" status="skipped" time="0">
              <skipped message="skipped"></skipped>
          </testcase>
          <testcase name="[It] [sig-storage] In-tree Volumes [Driver: emptydir] [Testpattern: Dynamic PV (block volmode)] provisioning should provision storage with mount options" classname="Kubernetes e2e suite" status="skipped" time="0">
              <skipped message="skipped"></skipped>
          </testcase>
          <testcase name="[It] [sig-node] PreStop should call prestop when killing a pod [Conformance]" classname="Kubernetes e2e suite" status="passed" time="9.133057093"></testcase>
          <testcase name="[It] [sig-windows] [Feature:WindowsHostProcessContainers] [MinimumKubeletVersion:1.22] HostProcess containers should support querying api-server using in-cluster config" classname="Kubernetes e2e suite" status="skipped" time="0">
              <skipped message="skipped"></skipped>
          </testcase>
          <testcase name="[It] [sig-storage] In-tree Volumes [Driver: vsphere] [Testpattern: Dynamic PV (ext4)] volumes should store data" classname="Kubernetes e2e suite" status="skipped" time="0">
              <skipped message="skipped"></skipped>
          </testcase>
          <testcase name="[It] [sig-cli] Kubectl client Guestbook application should create and stop a working application [Conformance]" classname="Kubernetes e2e suite" status="passed" time="6.648233327"></testcase>
          <testcase name="[It] [sig-storage] CSI Volumes [Driver: csi-hostpath] [Testpattern: Generic Ephemeral-volume (default fs) (late-binding)] ephemeral should support expansion of pvcs created for ephemeral pvcs" classname="Kubernetes e2e suite" status="skipped" time="0">
              <skipped message="skipped"></skipped>
          </testcase>
          <testcase name="[It] [sig-storage] In-tree Volumes [Driver: local] [LocalVolumeType: tmpfs] [Testpattern: Inline-volume (default fs)] volumes should store data" classname="Kubernetes e2e suite" status="skipped" time="0">
              <skipped message="skipped"></skipped>
          </testcase>
          <testcase name="[It] [sig-node] Probing container with readiness probe that fails should never be ready and never restart [NodeConformance] [Conformance]" classname="Kubernetes e2e suite" status="passed" time="60.050172932"></testcase>
          <testcase name="[It] [sig-storage] In-tree Volumes [Driver: vsphere] [Testpattern: Inline-volume (default fs)] subPath should support non-existent path" classname="Kubernetes e2e suite" status="skipped" time="0">
              <skipped message="skipped"></skipped>
          </testcase>
          <testcase name="[It] [sig-storage] In-tree Volumes [Driver: hostPath] [Testpattern: Pre-provisioned PV (block volmode)] disruptive [Disruptive] [LinuxOnly] Should test that pv written before kubelet restart is readable after restart." classname="Kubernetes e2e suite" status="skipped" time="0">
              <skipped message="skipped"></skipped>
          </testcase>
          <testcase name="[It] [sig-storage] EmptyDir volumes should support (non-root,0644,default) [LinuxOnly] [NodeConformance] [Conformance]" classname="Kubernetes e2e suite" status="passed" time="2.132335503"></testcase>
          <testcase name="[It] [sig-storage] CSI Volumes [Driver: pd.csi.storage.gke.io] [Serial] [Testpattern: Dynamic PV (default fs)] subPath should fail if subpath directory is outside the volume [Slow] [LinuxOnly]" classname="Kubernetes e2e suite" status="skipped" time="0">
              <skipped message="skipped"></skipped>
          </testcase>
          <testcase name="[It] [sig-network] EndpointSlice should support creating EndpointSlice API operations [Conformance]" classname="Kubernetes e2e suite" status="passed" time="0.11997855"></testcase>
          <testcase name="[It] [sig-storage] In-tree Volumes [Driver: azure-disk] [Testpattern: Dynamic PV (default fs)(allowExpansion)] volume-expand Verify if offline PVC expansion works" classname="Kubernetes e2e suite" status="skipped" time="0">
              <skipped message="skipped"></skipped>
          </testcase>
          <testcase name="[It] [sig-storage] CSI Volumes [Driver: csi-hostpath] [Testpattern: Inline-volume (default fs)] subPath should support existing single file [LinuxOnly]" classname="Kubernetes e2e suite" status="skipped" time="0">
              <skipped message="skipped"></skipped>
          </testcase>
          <testcase name="[It] [sig-storage] In-tree Volumes [Driver: local] [LocalVolumeType: dir] [Testpattern: Dynamic PV (ntfs)] [Feature:Windows] provisioning should provision storage with pvc data source in parallel [Slow]" classname="Kubernetes e2e suite" status="skipped" time="0">
              <skipped message="skipped"></skipped>
          </testcase>
          <testcase name="[It] [sig-storage] In-tree Volumes [Driver: emptydir] [Testpattern: Dynamic PV (ntfs)] [Feature:Windows] provisioning should provision storage with mount options" classname="Kubernetes e2e suite" status="skipped" time="0">
              <skipped message="skipped"></skipped>
          </testcase>
          <testcase name="[It] [sig-storage] ConfigMap should be consumable from pods in volume with mappings as non-root [NodeConformance] [Conformance]" classname="Kubernetes e2e suite" status="passed" time="4.116809673"></testcase>
          <testcase name="[It] [sig-storage] In-tree Volumes [Driver: azure-file] [Testpattern: Dynamic PV (xfs)] [Slow] multiVolume [Slow] should concurrently access the volume and its clone from pods on the same node [LinuxOnly] [Feature:VolumeSourceXFS]" classname="Kubernetes e2e suite" status="skipped" time="0">
              <skipped message="skipped"></skipped>
          </testcase>
          <testcase name="[It] [sig-storage] In-tree Volumes [Driver: hostPath] [Testpattern: Dynamic PV (default fs)] subPath should support existing directory" classname="Kubernetes e2e suite" status="skipped" time="0">
              <skipped message="skipped"></skipped>
          </testcase>
          <testcase name="[It] [sig-storage] In-tree Volumes [Driver: hostPathSymlink] [Testpattern: Dynamic PV (ntfs)] [Feature:Windows] provisioning should provision storage with snapshot data source (ROX mode) [Feature:VolumeSnapshotDataSource]" classname="Kubernetes e2e suite" status="skipped" time="0">
              <skipped message="skipped"></skipped>
          </testcase>
          <testcase name="[It] [sig-storage] In-tree Volumes [Driver: emptydir] [Testpattern: Dynamic PV (ntfs)] [Feature:Windows] provisioning should provision storage with pvc data source (ROX mode)" classname="Kubernetes e2e suite" status="skipped" time="0">
              <skipped message="skipped"></skipped>
          </testcase>
          <testcase name="[It] [sig-api-machinery] CustomResourcePublishOpenAPI [Privileged:ClusterAdmin] works for CRD preserving unknown fields in an embedded object [Conformance]" classname="Kubernetes e2e suite" status="passed" time="5.200218037"></testcase>
          <testcase name="[It] [sig-storage] In-tree Volumes [Driver: emptydir] [Testpattern: Dynamic PV (filesystem volmode)] multiVolume [Slow] should concurrently access the volume and its clone from pods on the same node [LinuxOnly] [Feature:VolumeSourceXFS]" classname="Kubernetes e2e suite" status="skipped" time="0">
              <skipped message="skipped"></skipped>
          </testcase>
          <testcase name="[It] [sig-storage] In-tree Volumes [Driver: emptydir] [Testpattern: Pre-provisioned PV (default fs)] subPath should support non-existent path" classname="Kubernetes e2e suite" status="skipped" time="0">
              <skipped message="skipped"></skipped>
          </testcase>
          <testcase name="[It] [sig-storage] In-tree Volumes [Driver: rbd] [Feature:Volumes] [Serial] [Testpattern: Dynamic PV (block volmode)] volumes should store data" classname="Kubernetes e2e suite" status="skipped" time="0">
              <skipped message="skipped"></skipped>
          </testcase>
          <testcase name="[It] [sig-storage] In-tree Volumes [Driver: ceph] [Feature:Volumes] [Serial] [Testpattern: Pre-provisioned PV (default fs)] subPath should support existing directory" classname="Kubernetes e2e suite" status="skipped" time="0">
              <skipped message="skipped"></skipped>
          </testcase>
          <testcase name="[It] [sig-storage] In-tree Volumes [Driver: nfs] [Testpattern: Inline-volume (default fs)] subPath should support restarting containers using file as subpath [Slow] [LinuxOnly]" classname="Kubernetes e2e suite" status="skipped" time="0">
              <skipped message="skipped"></skipped>
          </testcase>
          <testcase name="[It] [sig-storage] In-tree Volumes [Driver: nfs] [Testpattern: Dynamic PV (block volmode)] multiVolume [Slow] should access to two volumes with different volume mode and retain data across pod recreation on different node" classname="Kubernetes e2e suite" status="skipped" time="0">
              <skipped message="skipped"></skipped>
          </testcase>
          <testcase name="[It] [sig-storage] In-tree Volumes [Driver: azure-disk] [Testpattern: Dynamic PV (ext4)] multiVolume [Slow] should concurrently access the single volume from pods on the same node" classname="Kubernetes e2e suite" status="skipped" time="0">
              <skipped message="skipped"></skipped>
          </testcase>
          <testcase name="[It] [sig-storage] In-tree Volumes [Driver: nfs] [Testpattern: Dynamic PV (ntfs)] [Feature:Windows] subPath should fail if subpath with backstepping is outside the volume [Slow] [LinuxOnly]" classname="Kubernetes e2e suite" status="skipped" time="0">
              <skipped message="skipped"></skipped>
          </testcase>
          <testcase name="[It] [sig-storage] In-tree Volumes [Driver: local] [LocalVolumeType: block] [Testpattern: Dynamic PV (ntfs)] [Feature:Windows] multiVolume [Slow] should concurrently access the single read-only volume from pods on the same node" classname="Kubernetes e2e suite" status="skipped" time="0">
              <skipped message="skipped"></skipped>
          </testcase>
          <testcase name="[It] [sig-storage] In-tree Volumes [Driver: ceph] [Feature:Volumes] [Serial] [Testpattern: Dynamic PV (default fs)] fsgroupchangepolicy (OnRootMismatch)[LinuxOnly], pod created with an initial fsgroup, volume contents ownership changed via chgrp in first pod, new pod with same fsgroup skips ownership changes to the volume contents" classname="Kubernetes e2e suite" status="skipped" time="0">
              <skipped message="skipped"></skipped>
          </testcase>
          <testcase name="[It] [sig-storage] In-tree Volumes [Driver: local] [LocalVolumeType: dir-link] [Testpattern: Dynamic PV (default fs)] fsgroupchangepolicy (OnRootMismatch)[LinuxOnly], pod created with an initial fsgroup, volume contents ownership changed via chgrp in first pod, new pod with different fsgroup applied to the volume contents" classname="Kubernetes e2e suite" status="skipped" time="0">
              <skipped message="skipped"></skipped>
          </testcase>
          <testcase name="[It] [sig-storage] In-tree Volumes [Driver: cinder] [Testpattern: Generic Ephemeral-volume (default fs)] volumeLimits should support volume limits [Serial]" classname="Kubernetes e2e suite" status="skipped" time="0">
              <skipped message="skipped"></skipped>
          </testcase>
          <testcase name="[It] [sig-storage] In-tree Volumes [Driver: azure-file] [Testpattern: Inline-volume (ntfs)] [Feature:Windows] volumes should store data" classname="Kubernetes e2e suite" status="skipped" time="0">
              <skipped message="skipped"></skipped>
          </testcase>
          <testcase name="[It] [sig-storage] CSI Volumes [Driver: csi-hostpath] [Testpattern: Dynamic PV (ext4)] volumes should allow exec of files on the volume" classname="Kubernetes e2e suite" status="skipped" time="0">
              <skipped message="skipped"></skipped>
          </testcase>
          <testcase name="[It] [sig-storage] CSI Volumes [Driver: csi-hostpath] [Testpattern: Dynamic PV (ntfs)] [Feature:Windows] subPath should support creating multiple subpath from same volumes [Slow]" classname="Kubernetes e2e suite" status="skipped" time="0">
              <skipped message="skipped"></skipped>
          </testcase>
          <testcase name="[It] [sig-storage] In-tree Volumes [Driver: local] [LocalVolumeType: block] [Testpattern: Inline-volume (default fs)] subPath should support existing single file [LinuxOnly]" classname="Kubernetes e2e suite" status="skipped" time="0">
              <skipped message="skipped"></skipped>
          </testcase>
          <testcase name="[It] [sig-storage] In-tree Volumes [Driver: cinder] [Testpattern: Inline-volume (default fs)] subPath should support existing directories when readOnly specified in the volumeSource" classname="Kubernetes e2e suite" status="skipped" time="0">
              <skipped message="skipped"></skipped>
          </testcase>
          <testcase name="[It] [sig-storage] In-tree Volumes [Driver: local] [LocalVolumeType: dir-bindmounted] [Testpattern: Inline-volume (default fs)] subPath should fail if subpath with backstepping is outside the volume [Slow] [LinuxOnly]" classname="Kubernetes e2e suite" status="skipped" time="0">
              <skipped message="skipped"></skipped>
          </testcase>
          <testcase name="[It] [sig-storage] CSI Volumes [Driver: csi-hostpath] [Testpattern: Pre-provisioned PV (default fs)] subPath should support restarting containers using file as subpath [Slow] [LinuxOnly]" classname="Kubernetes e2e suite" status="skipped" time="0">
              <skipped message="skipped"></skipped>
          </testcase>
          <testcase name="[It] [sig-storage] In-tree Volumes [Driver: local] [LocalVolumeType: block] [Testpattern: Pre-provisioned PV (default fs)] volumeIO should write files of various sizes, verify size, validate content [Slow]" classname="Kubernetes e2e suite" status="skipped" time="0">
              <skipped message="skipped"></skipped>
          </testcase>
          <testcase name="[It] [sig-storage] In-tree Volumes [Driver: local] [LocalVolumeType: tmpfs] [Testpattern: Pre-provisioned PV (block volmode)] volumeMode should not mount / map unused volumes in a pod [LinuxOnly]" classname="Kubernetes e2e suite" status="skipped" time="0">
              <skipped message="skipped"></skipped>
          </testcase>
          <testcase name="[It] [sig-storage] In-tree Volumes [Driver: aws] [Testpattern: Dynamic PV (block volmode)] multiVolume [Slow] should concurrently access the volume and restored snapshot from pods on the same node [LinuxOnly] [Feature:VolumeSnapshotDataSource] [Feature:VolumeSourceXFS]" classname="Kubernetes e2e suite" status="skipped" time="0">
              <skipped message="skipped"></skipped>
          </testcase>
          <testcase name="[It] [sig-storage] In-tree Volumes [Driver: emptydir] [Testpattern: Dynamic PV (block volmode)] multiVolume [Slow] should concurrently access the single read-only volume from pods on the same node" classname="Kubernetes e2e suite" status="skipped" time="0">
              <skipped message="skipped"></skipped>
          </testcase>
          <testcase name="[It] [sig-storage] In-tree Volumes [Driver: ceph] [Feature:Volumes] [Serial] [Testpattern: Dynamic PV (ext4)] multiVolume [Slow] should concurrently access the volume and its clone from pods on the same node [LinuxOnly] [Feature:VolumeSourceXFS]" classname="Kubernetes e2e suite" status="skipped" time="0">
              <skipped message="skipped"></skipped>
          </testcase>
          <testcase name="[It] [sig-storage] In-tree Volumes [Driver: local] [LocalVolumeType: dir-bindmounted] [Testpattern: Pre-provisioned PV (ext3)] volumes should store data" classname="Kubernetes e2e suite" status="skipped" time="0">
              <skipped message="skipped"></skipped>
          </testcase>
          <testcase name="[It] [sig-storage] In-tree Volumes [Driver: local] [LocalVolumeType: tmpfs] [Testpattern: Dynamic PV (ext4)] multiVolume [Slow] should access to two volumes with different volume mode and retain data across pod recreation on different node" classname="Kubernetes e2e suite" status="skipped" time="0">
              <skipped message="skipped"></skipped>
          </testcase>
          <testcase name="[It] [sig-storage] In-tree Volumes [Driver: nfs] [Testpattern: Dynamic PV (block volmode)] provisioning should provision storage with pvc data source in parallel [Slow]" classname="Kubernetes e2e suite" status="skipped" time="0">
              <skipped message="skipped"></skipped>
          </testcase>
          <testcase name="[It] [sig-node] Container Lifecycle Hook when create a pod with lifecycle hook should execute poststart exec hook properly [NodeConformance] [Conformance]" classname="Kubernetes e2e suite" status="passed" time="6.191484988"></testcase>
          <testcase name="[It] [sig-storage] In-tree Volumes [Driver: aws] [Testpattern: Dynamic PV (default fs)] subPath should support non-existent path" classname="Kubernetes e2e suite" status="skipped" time="0">
              <skipped message="skipped"></skipped>
          </testcase>
          <testcase name="[It] [sig-storage] In-tree Volumes [Driver: local] [LocalVolumeType: tmpfs] [Testpattern: Dynamic PV (ntfs)] [Feature:Windows] provisioning should provision storage with pvc data source (ROX mode)" classname="Kubernetes e2e suite" status="skipped" time="0">
              <skipped message="skipped"></skipped>
          </testcase>
          <testcase name="[It] [sig-storage] In-tree Volumes [Driver: ceph] [Feature:Volumes] [Serial] [Testpattern: Inline-volume (default fs)] subPath should support readOnly file specified in the volumeMount [LinuxOnly]" classname="Kubernetes e2e suite" status="skipped" time="0">
              <skipped message="skipped"></skipped>
          </testcase>
          <testcase name="[It] [sig-storage] In-tree Volumes [Driver: local] [LocalVolumeType: dir-link-bindmounted] [Testpattern: Dynamic PV (ntfs)] [Feature:Windows] subPath should support existing directory" classname="Kubernetes e2e suite" status="skipped" time="0">
              <skipped message="skipped"></skipped>
          </testcase>
          <testcase name="[It] [sig-apps] Daemon set [Serial] should verify changes to a daemon set status [Conformance]" classname="Kubernetes e2e suite" status="passed" time="5.022271702"></testcase>
          <testcase name="[It] [sig-storage] In-tree Volumes [Driver: local] [LocalVolumeType: dir] [Testpattern: Pre-provisioned PV (default fs)] subPath should fail if subpath file is outside the volume [Slow] [LinuxOnly]" classname="Kubernetes e2e suite" status="skipped" time="0">
              <skipped message="skipped"></skipped>
          </testcase>
          <testcase name="[It] [sig-autoscaling] [Feature:HPA] Horizontal pod autoscaling (scale resource: CPU) ReplicationController light Should scale from 1 pod to 2 pods" classname="Kubernetes e2e suite" status="skipped" time="0">
              <skipped message="skipped"></skipped>
          </testcase>
          <testcase name="[It] [sig-cli] Kubectl Port forwarding With a server listening on 0.0.0.0 that expects a client request should support a client that connects, sends DATA, and disconnects" classname="Kubernetes e2e suite" status="skipped" time="0">
              <skipped message="skipped"></skipped>
          </testcase>
          <testcase name="[It] [sig-storage] In-tree Volumes [Driver: local] [LocalVolumeType: dir-bindmounted] [Testpattern: Dynamic PV (ntfs)] [Feature:Windows] provisioning should provision storage with snapshot data source (ROX mode) [Feature:VolumeSnapshotDataSource]" classname="Kubernetes e2e suite" status="skipped" time="0">
              <skipped message="skipped"></skipped>
          </testcase>
          <testcase name="[It] [sig-storage] CSI Volumes [Driver: pd.csi.storage.gke.io] [Serial] [Testpattern: Inline-volume (default fs)] subPath should verify container cannot write to subpath readonly volumes [Slow]" classname="Kubernetes e2e suite" status="skipped" time="0">
              <skipped message="skipped"></skipped>
          </testcase>
          <testcase name="[It] [sig-storage] In-tree Volumes [Driver: nfs] [Testpattern: Dynamic PV (filesystem volmode)] multiVolume [Slow] should concurrently access the single volume from pods on the same node" classname="Kubernetes e2e suite" status="skipped" time="0">
              <skipped message="skipped"></skipped>
          </testcase>
          <testcase name="[It] [sig-storage] CSI Volumes [Driver: pd.csi.storage.gke.io] [Serial] [Testpattern: Dynamic PV (default fs)] read-write-once-pod [MinimumKubeletVersion:1.27] should preempt lower priority pods using ReadWriteOncePod volumes" classname="Kubernetes e2e suite" status="skipped" time="0">
              <skipped message="skipped"></skipped>
          </testcase>
          <testcase name="[It] [sig-storage] In-tree Volumes [Driver: local] [LocalVolumeType: blockfs] [Testpattern: Dynamic PV (ntfs)] [Feature:Windows] volumes should store data" classname="Kubernetes e2e suite" status="skipped" time="0">
              <skipped message="skipped"></skipped>
          </testcase>
          <testcase name="[It] [sig-storage] CSI Volumes [Driver: csi-hostpath] [Testpattern: Dynamic PV (filesystem volmode)] multiVolume [Slow] should concurrently access the single volume from pods on different node" classname="Kubernetes e2e suite" status="skipped" time="0">
              <skipped message="skipped"></skipped>
          </testcase>
          <testcase name="[It] [sig-apps] StatefulSet Basic StatefulSet functionality [StatefulSetBasic] should adopt matching orphans and release non-matching pods" classname="Kubernetes e2e suite" status="skipped" time="0">
              <skipped message="skipped"></skipped>
          </testcase>
          <testcase name="[It] [sig-cloud-provider-gcp] Ports Security Check [Feature:KubeletSecurity] should not be able to proxy to the readonly kubelet port 10255 using proxy subresource" classname="Kubernetes e2e suite" status="skipped" time="0">
              <skipped message="skipped"></skipped>
          </testcase>
          <testcase name="[It] [sig-storage] In-tree Volumes [Driver: vsphere] [Testpattern: Dynamic PV (ntfs)] [Feature:Windows] subPath should fail if subpath with backstepping is outside the volume [Slow] [LinuxOnly]" classname="Kubernetes e2e suite" status="skipped" time="0">
              <skipped message="skipped"></skipped>
          </testcase>
          <testcase name="[It] [sig-storage] CSI Volumes [Driver: pd.csi.storage.gke.io] [Serial] [Testpattern: Pre-provisioned PV (ntfs)] [Feature:Windows] volumes should store data" classname="Kubernetes e2e suite" status="skipped" time="0">
              <skipped message="skipped"></skipped>
          </testcase>
          <testcase name="[It] [sig-storage] In-tree Volumes [Driver: cinder] [Testpattern: Dynamic PV (xfs)] [Slow] multiVolume [Slow] should access to two volumes with the same volume mode and retain data across pod recreation on the same node" classname="Kubernetes e2e suite" status="skipped" time="0">
              <skipped message="skipped"></skipped>
          </testcase>
          <testcase name="[It] [sig-node] Pod InPlace Resize Container [Feature:InPlacePodVerticalScaling] Burstable QoS pod, one container with cpu &amp; memory requests + limits - decrease memory requests and limits" classname="Kubernetes e2e suite" status="skipped" time="0">
              <skipped message="skipped"></skipped>
          </testcase>
          <testcase name="[It] [sig-storage] In-tree Volumes [Driver: nfs] [Testpattern: Dynamic PV (ext4)] multiVolume [Slow] should concurrently access the single read-only volume from pods on the same node" classname="Kubernetes e2e suite" status="skipped" time="0">
              <skipped message="skipped"></skipped>
          </testcase>
          <testcase name="[It] [sig-storage] In-tree Volumes [Driver: cinder] [Testpattern: Pre-provisioned PV (default fs)] subPath should support readOnly directory specified in the volumeMount" classname="Kubernetes e2e suite" status="skipped" time="0">
              <skipped message="skipped"></skipped>
          </testcase>
          <testcase name="[It] [sig-storage] In-tree Volumes [Driver: local] [LocalVolumeType: dir-link] [Testpattern: Dynamic PV (block volmode)] provisioning should provision storage with snapshot data source [Feature:VolumeSnapshotDataSource]" classname="Kubernetes e2e suite" status="skipped" time="0">
              <skipped message="skipped"></skipped>
          </testcase>
          <testcase name="[It] [sig-storage] In-tree Volumes [Driver: iscsi] [Feature:Volumes] [Testpattern: Pre-provisioned PV (filesystem volmode)] multiVolume [Slow] should concurrently access the volume and its clone from pods on the same node [LinuxOnly] [Feature:VolumeSourceXFS]" classname="Kubernetes e2e suite" status="skipped" time="0">
              <skipped message="skipped"></skipped>
          </testcase>
          <testcase name="[It] [sig-storage] In-tree Volumes [Driver: azure-file] [Testpattern: Dynamic PV (default fs)(allowExpansion)] volume-expand should resize volume when PVC is edited while pod is using it" classname="Kubernetes e2e suite" status="skipped" time="0">
              <skipped message="skipped"></skipped>
          </testcase>
          <testcase name="[It] [sig-storage] PersistentVolumes-local [Volume type: blockfswithoutformat] Set fsGroup for local volume should set same fsGroup for two pods simultaneously [Slow]" classname="Kubernetes e2e suite" status="skipped" time="0">
              <skipped message="skipped"></skipped>
          </testcase>
          <testcase name="[It] [sig-apps] StatefulSet Non-retain StatefulSetPersistentVolumeClaimPolicy should delete PVCs after adopting pod (WhenDeleted)" classname="Kubernetes e2e suite" status="skipped" time="0">
              <skipped message="skipped"></skipped>
          </testcase>
          <testcase name="[It] [sig-storage] In-tree Volumes [Driver: iscsi] [Feature:Volumes] [Testpattern: Dynamic PV (default fs)] subPath should verify container cannot write to subpath readonly volumes [Slow]" classname="Kubernetes e2e suite" status="skipped" time="0">
              <skipped message="skipped"></skipped>
          </testcase>
          <testcase name="[It] [sig-node] Sysctls [LinuxOnly] [NodeConformance] should reject invalid sysctls [MinimumKubeletVersion:1.21] [Conformance]" classname="Kubernetes e2e suite" status="passed" time="0.035493215"></testcase>
          <testcase name="[It] [sig-storage] In-tree Volumes [Driver: local] [LocalVolumeType: dir-link] [Testpattern: Pre-provisioned PV (ext4)] volumes should allow exec of files on the volume" classname="Kubernetes e2e suite" status="skipped" time="0">
              <skipped message="skipped"></skipped>
          </testcase>
          <testcase name="[It] [sig-storage] In-tree Volumes [Driver: local] [LocalVolumeType: gce-localssd-scsi-fs] [Serial] [Testpattern: Dynamic PV (ntfs)] [Feature:Windows] multiVolume [Slow] should access to two volumes with the same volume mode and retain data across pod recreation on different node" classname="Kubernetes e2e suite" status="skipped" time="0">
              <skipped message="skipped"></skipped>
          </testcase>
          <testcase name="[It] [sig-storage] In-tree Volumes [Driver: local] [LocalVolumeType: dir-link] [Testpattern: Dynamic PV (ext4)] multiVolume [Slow] should access to two volumes with different volume mode and retain data across pod recreation on the same node" classname="Kubernetes e2e suite" status="skipped" time="0">
              <skipped message="skipped"></skipped>
          </testcase>
          <testcase name="[It] [sig-cloud-provider] [Feature:CloudProvider] [Disruptive] Nodes should be deleted on API server if it doesn&#39;t exist in the cloud provider" classname="Kubernetes e2e suite" status="skipped" time="0">
              <skipped message="skipped"></skipped>
          </testcase>
          <testcase name="[It] [sig-storage] In-tree Volumes [Driver: local] [LocalVolumeType: dir-bindmounted] [Testpattern: Inline-volume (default fs)] subPath should unmount if pod is gracefully deleted while kubelet is down [Disruptive] [Slow] [LinuxOnly]" classname="Kubernetes e2e suite" status="skipped" time="0">
              <skipped message="skipped"></skipped>
          </testcase>
          <testcase name="[It] [sig-storage] In-tree Volumes [Driver: emptydir] [Testpattern: Dynamic PV (ntfs)(allowExpansion)] [Feature:Windows] volume-expand Verify if offline PVC expansion works" classname="Kubernetes e2e suite" status="skipped" time="0">
              <skipped message="skipped"></skipped>
          </testcase>
          <testcase name="[It] [sig-storage] In-tree Volumes [Driver: local] [LocalVolumeType: gce-localssd-scsi-fs] [Serial] [Testpattern: Pre-provisioned PV (filesystem volmode)] disruptive [Disruptive] [LinuxOnly] Should test that pv used in a pod that is force deleted while the kubelet is down is usable by a new pod when kubelet returns [Feature:SELinux]" classname="Kubernetes e2e suite" status="skipped" time="0">
              <skipped message="skipped"></skipped>
          </testcase>
          <testcase name="[It] [sig-storage] In-tree Volumes [Driver: cinder] [Testpattern: Generic Ephemeral-volume (default fs) (late-binding)] ephemeral should support two pods which have the same volume definition" classname="Kubernetes e2e suite" status="skipped" time="0">
              <skipped message="skipped"></skipped>
          </testcase>
          <testcase name="[It] [sig-storage] CSI Volumes [Driver: pd.csi.storage.gke.io] [Serial] [Testpattern: Dynamic PV (default fs)] subPath should support restarting containers using directory as subpath [Slow]" classname="Kubernetes e2e suite" status="skipped" time="0">
              <skipped message="skipped"></skipped>
          </testcase>
          <testcase name="[It] [sig-storage] In-tree Volumes [Driver: cinder] [Testpattern: Generic Ephemeral-volume (block volmode) (late-binding)] ephemeral should support expansion of pvcs created for ephemeral pvcs" classname="Kubernetes e2e suite" status="skipped" time="0">
              <skipped message="skipped"></skipped>
          </testcase>
          <testcase name="[It] [sig-storage] CSI Volumes [Driver: pd.csi.storage.gke.io] [Serial] [Testpattern: Dynamic PV (block volmode)] volumeMode should fail to use a volume in a pod with mismatched mode [Slow]" classname="Kubernetes e2e suite" status="skipped" time="0">
              <skipped message="skipped"></skipped>
          </testcase>
          <testcase name="[It] [sig-storage] In-tree Volumes [Driver: cinder] [Testpattern: Dynamic PV (ntfs)] [Feature:Windows] provisioning should provision storage with snapshot data source (ROX mode) [Feature:VolumeSnapshotDataSource]" classname="Kubernetes e2e suite" status="skipped" time="0">
              <skipped message="skipped"></skipped>
          </testcase>
          <testcase name="[It] [sig-api-machinery] FieldValidation should detect duplicates in a CR when preserving unknown fields [Conformance]" classname="Kubernetes e2e suite" status="passed" time="3.125079904"></testcase>
          <testcase name="[It] [sig-storage] In-tree Volumes [Driver: azure-disk] [Testpattern: Generic Ephemeral-volume (default fs) (late-binding)] ephemeral should support expansion of pvcs created for ephemeral pvcs" classname="Kubernetes e2e suite" status="skipped" time="0">
              <skipped message="skipped"></skipped>
          </testcase>
          <testcase name="[It] [sig-storage] [Serial] Volume metrics PVController should create none metrics for pvc controller before creating any PV or PVC" classname="Kubernetes e2e suite" status="skipped" time="0">
              <skipped message="skipped"></skipped>
          </testcase>
          <testcase name="[It] [sig-cli] Kubectl client Kubectl run pod should create a pod from an image when restart is Never [Conformance]" classname="Kubernetes e2e suite" status="passed" time="1.978927517"></testcase>
          <testcase name="[It] [sig-storage] In-tree Volumes [Driver: emptydir] [Testpattern: Dynamic PV (ntfs)] [Feature:Windows] subPath should support existing directories when readOnly specified in the volumeSource" classname="Kubernetes e2e suite" status="skipped" time="0">
              <skipped message="skipped"></skipped>
          </testcase>
          <testcase name="[It] [sig-cli] Kubectl client kubectl wait should ignore not found error with --for=delete" classname="Kubernetes e2e suite" status="skipped" time="0">
              <skipped message="skipped"></skipped>
          </testcase>
          <testcase name="[It] [sig-storage] In-tree Volumes [Driver: local] [LocalVolumeType: blockfs] [Testpattern: Dynamic PV (ext4)] multiVolume [Slow] should access to two volumes with the same volume mode and retain data across pod recreation on different node" classname="Kubernetes e2e suite" status="skipped" time="0">
              <skipped message="skipped"></skipped>
          </testcase>
          <testcase name="[It] [sig-storage] In-tree Volumes [Driver: nfs] [Testpattern: Inline-volume (default fs)] volumes should allow exec of files on the volume" classname="Kubernetes e2e suite" status="skipped" time="0">
              <skipped message="skipped"></skipped>
          </testcase>
          <testcase name="[It] [sig-api-machinery] ResourceQuota should create a ResourceQuota and capture the life of a persistent volume claim with a storage class" classname="Kubernetes e2e suite" status="skipped" time="0">
              <skipped message="skipped"></skipped>
          </testcase>
          <testcase name="[It] [sig-storage] In-tree Volumes [Driver: rbd] [Feature:Volumes] [Serial] [Testpattern: Dynamic PV (default fs)] fsgroupchangepolicy (OnRootMismatch)[LinuxOnly], pod created with an initial fsgroup, volume contents ownership changed via chgrp in first pod, new pod with different fsgroup applied to the volume contents" classname="Kubernetes e2e suite" status="skipped" time="0">
              <skipped message="skipped"></skipped>
          </testcase>
          <testcase name="[It] [sig-storage] In-tree Volumes [Driver: local] [LocalVolumeType: dir-link-bindmounted] [Testpattern: Dynamic PV (block volmode)] provisioning should provision storage with snapshot data source [Feature:VolumeSnapshotDataSource]" classname="Kubernetes e2e suite" status="skipped" time="0">
              <skipped message="skipped"></skipped>
          </testcase>
          <testcase name="[It] [sig-api-machinery] AdmissionWebhook [Privileged:ClusterAdmin] should mutate configmap [Conformance]" classname="Kubernetes e2e suite" status="passed" time="3.810494625"></testcase>
          <testcase name="[It] [sig-storage] In-tree Volumes [Driver: ceph] [Feature:Volumes] [Serial] [Testpattern: Dynamic PV (ntfs)] [Feature:Windows] provisioning should mount multiple PV pointing to the same storage on the same node" classname="Kubernetes e2e suite" status="skipped" time="0">
              <skipped message="skipped"></skipped>
          </testcase>
          <testcase name="[It] [sig-storage] In-tree Volumes [Driver: local] [LocalVolumeType: gce-localssd-scsi-fs] [Serial] [Testpattern: Dynamic PV (filesystem volmode)] volumeMode should not mount / map unused volumes in a pod [LinuxOnly]" classname="Kubernetes e2e suite" status="skipped" time="0">
              <skipped message="skipped"></skipped>
          </testcase>
          <testcase name="[It] [sig-storage] In-tree Volumes [Driver: cinder] [Testpattern: Dynamic PV (block volmode)] multiVolume [Slow] should concurrently access the single read-only volume from pods on the same node" classname="Kubernetes e2e suite" status="skipped" time="0">
              <skipped message="skipped"></skipped>
          </testcase>
          <testcase name="[It] [sig-storage] In-tree Volumes [Driver: local] [LocalVolumeType: blockfs] [Testpattern: Dynamic PV (xfs)] [Slow] multiVolume [Slow] should concurrently access the single volume from pods on different node" classname="Kubernetes e2e suite" status="skipped" time="0">
              <skipped message="skipped"></skipped>
          </testcase>
          <testcase name="[It] [sig-storage] In-tree Volumes [Driver: ceph] [Feature:Volumes] [Serial] [Testpattern: Pre-provisioned PV (block volmode)] volumeMode should fail to use a volume in a pod with mismatched mode [Slow]" classname="Kubernetes e2e suite" status="skipped" time="0">
              <skipped message="skipped"></skipped>
          </testcase>
          <testcase name="[It] [sig-storage] In-tree Volumes [Driver: local] [LocalVolumeType: blockfs] [Testpattern: Pre-provisioned PV (filesystem volmode)] volumeMode should fail to use a volume in a pod with mismatched mode [Slow]" classname="Kubernetes e2e suite" status="skipped" time="0">
              <skipped message="skipped"></skipped>
          </testcase>
          <testcase name="[It] [sig-storage] In-tree Volumes [Driver: aws] [Testpattern: Pre-provisioned PV (xfs)] [Slow] volumes should allow exec of files on the volume" classname="Kubernetes e2e suite" status="skipped" time="0">
              <skipped message="skipped"></skipped>
          </testcase>
          <testcase name="[It] [sig-storage] In-tree Volumes [Driver: local] [LocalVolumeType: tmpfs] [Testpattern: Pre-provisioned PV (block volmode)] multiVolume [Slow] should access to two volumes with different volume mode and retain data across pod recreation on different node" classname="Kubernetes e2e suite" status="skipped" time="0">
              <skipped message="skipped"></skipped>
          </testcase>
          <testcase name="[It] [sig-storage] In-tree Volumes [Driver: vsphere] [Testpattern: Dynamic PV (ext4)] multiVolume [Slow] should concurrently access the volume and restored snapshot from pods on the same node [LinuxOnly] [Feature:VolumeSnapshotDataSource] [Feature:VolumeSourceXFS]" classname="Kubernetes e2e suite" status="skipped" time="0">
              <skipped message="skipped"></skipped>
          </testcase>
          <testcase name="[It] [sig-storage] In-tree Volumes [Driver: local] [LocalVolumeType: dir-link] [Testpattern: Dynamic PV (ntfs)] [Feature:Windows] provisioning should mount multiple PV pointing to the same storage on the same node" classname="Kubernetes e2e suite" status="skipped" time="0">
              <skipped message="skipped"></skipped>
          </testcase>
          <testcase name="[It] [sig-storage] In-tree Volumes [Driver: local] [LocalVolumeType: dir-link-bindmounted] [Testpattern: Dynamic PV (default fs)] volumes should allow exec of files on the volume" classname="Kubernetes e2e suite" status="skipped" time="0">
              <skipped message="skipped"></skipped>
          </testcase>
          <testcase name="[It] [sig-apps] ReplicaSet should adopt matching pods on creation and release no longer matching pods [Conformance]" classname="Kubernetes e2e suite" status="passed" time="4.124577065"></testcase>
          <testcase name="[It] [sig-storage] In-tree Volumes [Driver: emptydir] [Testpattern: Dynamic PV (default fs)] provisioning should provision correct filesystem size when restoring snapshot to larger size pvc [Feature:VolumeSnapshotDataSource]" classname="Kubernetes e2e suite" status="skipped" time="0">
              <skipped message="skipped"></skipped>
          </testcase>
          <testcase name="[It] [sig-storage] In-tree Volumes [Driver: cinder] [Testpattern: Dynamic PV (default fs)] fsgroupchangepolicy (OnRootMismatch)[LinuxOnly], pod created with an initial fsgroup, volume contents ownership changed via chgrp in first pod, new pod with same fsgroup skips ownership changes to the volume contents" classname="Kubernetes e2e suite" status="skipped" time="0">
              <skipped message="skipped"></skipped>
          </testcase>
          <testcase name="[It] [sig-storage] In-tree Volumes [Driver: nfs] [Testpattern: Pre-provisioned PV (block volmode)] multiVolume [Slow] should access to two volumes with different volume mode and retain data across pod recreation on different node" classname="Kubernetes e2e suite" status="skipped" time="0">
              <skipped message="skipped"></skipped>
          </testcase>
          <testcase name="[It] [sig-storage] In-tree Volumes [Driver: local] [LocalVolumeType: blockfs] [Testpattern: Dynamic PV (ext4)] multiVolume [Slow] should concurrently access the single read-only volume from pods on the same node" classname="Kubernetes e2e suite" status="skipped" time="0">
              <skipped message="skipped"></skipped>
          </testcase>
          <testcase name="[It] [sig-api-machinery] ResourceQuota [Feature:PodPriority] should verify ResourceQuota&#39;s priority class scope (cpu, memory quota set) against a pod with same priority class." classname="Kubernetes e2e suite" status="skipped" time="0">
              <skipped message="skipped"></skipped>
          </testcase>
          <testcase name="[It] [sig-storage] CSI Volumes [Driver: csi-hostpath] [Testpattern: Pre-provisioned PV (default fs)] subPath should support file as subpath [LinuxOnly]" classname="Kubernetes e2e suite" status="skipped" time="0">
              <skipped message="skipped"></skipped>
          </testcase>
          <testcase name="[It] [sig-storage] In-tree Volumes [Driver: local] [LocalVolumeType: dir-link] [Testpattern: Dynamic PV (default fs)] volumeIO should write files of various sizes, verify size, validate content [Slow]" classname="Kubernetes e2e suite" status="skipped" time="0">
              <skipped message="skipped"></skipped>
          </testcase>
          <testcase name="[It] [sig-storage] In-tree Volumes [Driver: local] [LocalVolumeType: dir-link] [Testpattern: Dynamic PV (default fs)] volumes should store data" classname="Kubernetes e2e suite" status="skipped" time="0">
              <skipped message="skipped"></skipped>
          </testcase>
          <testcase name="[It] [sig-storage] In-tree Volumes [Driver: local] [LocalVolumeType: dir-link-bindmounted] [Testpattern: Dynamic PV (ntfs)] [Feature:Windows] multiVolume [Slow] should access to two volumes with the same volume mode and retain data across pod recreation on the same node" classname="Kubernetes e2e suite" status="skipped" time="0">
              <skipped message="skipped"></skipped>
          </testcase>
          <testcase name="[It] [sig-storage] In-tree Volumes [Driver: iscsi] [Feature:Volumes] [Testpattern: Dynamic PV (default fs)] provisioning should provision storage with pvc data source in parallel [Slow]" classname="Kubernetes e2e suite" status="skipped" time="0">
              <skipped message="skipped"></skipped>
          </testcase>
          <testcase name="[It] [sig-cli] Kubectl client Kubectl create quota should create a quota without scopes" classname="Kubernetes e2e suite" status="skipped" time="0">
              <skipped message="skipped"></skipped>
          </testcase>
          <testcase name="[It] [sig-storage] In-tree Volumes [Driver: local] [LocalVolumeType: dir-bindmounted] [Testpattern: Dynamic PV (ntfs)] [Feature:Windows] subPath should support existing directories when readOnly specified in the volumeSource" classname="Kubernetes e2e suite" status="skipped" time="0">
              <skipped message="skipped"></skipped>
          </testcase>
          <testcase name="[It] [sig-storage] In-tree Volumes [Driver: nfs] [Testpattern: Dynamic PV (ntfs)] [Feature:Windows] subPath should support non-existent path" classname="Kubernetes e2e suite" status="skipped" time="0">
              <skipped message="skipped"></skipped>
          </testcase>
          <testcase name="[It] [sig-storage] In-tree Volumes [Driver: emptydir] [Testpattern: Dynamic PV (default fs)] provisioning should provision storage with snapshot data source [Feature:VolumeSnapshotDataSource]" classname="Kubernetes e2e suite" status="skipped" time="0">
              <skipped message="skipped"></skipped>
          </testcase>
          <testcase name="[It] [sig-storage] In-tree Volumes [Driver: hostPath] [Testpattern: Dynamic PV (default fs)(allowExpansion)] volume-expand should resize volume when PVC is edited while pod is using it" classname="Kubernetes e2e suite" status="skipped" time="0">
              <skipped message="skipped"></skipped>
          </testcase>
          <testcase name="[It] [sig-storage] In-tree Volumes [Driver: local] [LocalVolumeType: tmpfs] [Testpattern: Dynamic PV (filesystem volmode)] disruptive [Disruptive] [LinuxOnly] Should test that pv written before kubelet restart is readable after restart." classname="Kubernetes e2e suite" status="skipped" time="0">
              <skipped message="skipped"></skipped>
          </testcase>
          <testcase name="[It] [sig-node] DRA [Feature:DynamicResourceAllocation] cluster with immediate allocation supports init containers" classname="Kubernetes e2e suite" status="skipped" time="0">
              <skipped message="skipped"></skipped>
          </testcase>
          <testcase name="[It] [sig-storage] In-tree Volumes [Driver: aws] [Testpattern: Pre-provisioned PV (block volmode)] disruptive [Disruptive] [LinuxOnly] Should test that pv used in a pod that is deleted while the kubelet is down cleans up when the kubelet returns." classname="Kubernetes e2e suite" status="skipped" time="0">
              <skipped message="skipped"></skipped>
          </testcase>
          <testcase name="[It] [sig-storage] In-tree Volumes [Driver: vsphere] [Testpattern: Inline-volume (ext4)] volumes should store data" classname="Kubernetes e2e suite" status="skipped" time="0">
              <skipped message="skipped"></skipped>
          </testcase>
          <testcase name="[It] [sig-storage] CSI Volumes [Driver: csi-hostpath] [Testpattern: Ephemeral Snapshot (delete policy)] snapshottable [Feature:VolumeSnapshotDataSource] volume snapshot controller  should check snapshot fields, check restore correctly works, check deletion (ephemeral)" classname="Kubernetes e2e suite" status="skipped" time="0">
              <skipped message="skipped"></skipped>
          </testcase>
          <testcase name="[It] [sig-storage] In-tree Volumes [Driver: cinder] [Testpattern: Pre-provisioned PV (block volmode)] volumeMode should fail to use a volume in a pod with mismatched mode [Slow]" classname="Kubernetes e2e suite" status="skipped" time="0">
              <skipped message="skipped"></skipped>
          </testcase>
          <testcase name="[It] [sig-storage] In-tree Volumes [Driver: hostPathSymlink] [Testpattern: Pre-provisioned PV (default fs)] volumes should allow exec of files on the volume" classname="Kubernetes e2e suite" status="skipped" time="0">
              <skipped message="skipped"></skipped>
          </testcase>
          <testcase name="[It] [sig-api-machinery] ServerSideApply should remove a field if it is owned but removed in the apply request" classname="Kubernetes e2e suite" status="skipped" time="0">
              <skipped message="skipped"></skipped>
          </testcase>
          <testcase name="[It] [sig-storage] CSI Volumes [Driver: csi-hostpath] [Testpattern: Generic Ephemeral-volume (default fs) (late-binding)] ephemeral should support two pods which have the same volume definition" classname="Kubernetes e2e suite" status="skipped" time="0">
              <skipped message="skipped"></skipped>
          </testcase>
          <testcase name="[It] [sig-storage] In-tree Volumes [Driver: local] [LocalVolumeType: dir-link-bindmounted] [Testpattern: Dynamic PV (default fs)] subPath should be able to unmount after the subpath directory is deleted [LinuxOnly]" classname="Kubernetes e2e suite" status="skipped" time="0">
              <skipped message="skipped"></skipped>
          </testcase>
          <testcase name="[It] [sig-api-machinery] OpenAPIV3 should contain OpenAPI V3 for Aggregated APIServer [Serial]" classname="Kubernetes e2e suite" status="skipped" time="0">
              <skipped message="skipped"></skipped>
          </testcase>
          <testcase name="[It] [sig-storage] In-tree Volumes [Driver: local] [LocalVolumeType: dir-link-bindmounted] [Testpattern: Dynamic PV (default fs)] provisioning should provision storage with pvc data source in parallel [Slow]" classname="Kubernetes e2e suite" status="skipped" time="0">
              <skipped message="skipped"></skipped>
          </testcase>
          <testcase name="[It] [sig-storage] CSI Volumes [Driver: csi-hostpath] [Testpattern: Pre-provisioned PV (ntfs)] [Feature:Windows] volumes should allow exec of files on the volume" classname="Kubernetes e2e suite" status="skipped" time="0">
              <skipped message="skipped"></skipped>
          </testcase>
          <testcase name="[It] [sig-storage] In-tree Volumes [Driver: cinder] [Testpattern: Inline-volume (default fs)] subPath should unmount if pod is gracefully deleted while kubelet is down [Disruptive] [Slow] [LinuxOnly]" classname="Kubernetes e2e suite" status="skipped" time="0">
              <skipped message="skipped"></skipped>
          </testcase>
          <testcase name="[It] [sig-storage] In-tree Volumes [Driver: local] [LocalVolumeType: dir-link] [Testpattern: Dynamic PV (filesystem volmode)] multiVolume [Slow] should access to two volumes with different volume mode and retain data across pod recreation on different node" classname="Kubernetes e2e suite" status="skipped" time="0">
              <skipped message="skipped"></skipped>
          </testcase>
          <testcase name="[It] [sig-network] Netpol [LinuxOnly] NetworkPolicy between server and client using UDP should support a &#39;default-deny-ingress&#39; policy [Feature:NetworkPolicy]" classname="Kubernetes e2e suite" status="skipped" time="0">
              <skipped message="skipped"></skipped>
          </testcase>
          <testcase name="[It] [sig-storage] In-tree Volumes [Driver: iscsi] [Feature:Volumes] [Testpattern: Pre-provisioned PV (filesystem volmode)] multiVolume [Slow] should concurrently access the single volume from pods on different node" classname="Kubernetes e2e suite" status="skipped" time="0">
              <skipped message="skipped"></skipped>
          </testcase>
          <testcase name="[It] [sig-storage] In-tree Volumes [Driver: azure-file] [Testpattern: Inline-volume (default fs)] subPath should fail if subpath with backstepping is outside the volume [Slow] [LinuxOnly]" classname="Kubernetes e2e suite" status="skipped" time="0">
              <skipped message="skipped"></skipped>
          </testcase>
          <testcase name="[It] [sig-storage] In-tree Volumes [Driver: local] [LocalVolumeType: dir-link] [Testpattern: Pre-provisioned PV (default fs)] subPath should unmount if pod is force deleted while kubelet is down [Disruptive] [Slow] [LinuxOnly]" classname="Kubernetes e2e suite" status="skipped" time="0">
              <skipped message="skipped"></skipped>
          </testcase>
          <testcase name="[It] [sig-storage] In-tree Volumes [Driver: cinder] [Testpattern: Dynamic PV (ntfs)] [Feature:Windows] subPath should support readOnly directory specified in the volumeMount" classname="Kubernetes e2e suite" status="skipped" time="0">
              <skipped message="skipped"></skipped>
          </testcase>
          <testcase name="[It] [sig-storage] In-tree Volumes [Driver: vsphere] [Testpattern: Pre-provisioned PV (block volmode)] volumeMode should not mount / map unused volumes in a pod [LinuxOnly]" classname="Kubernetes e2e suite" status="skipped" time="0">
              <skipped message="skipped"></skipped>
          </testcase>
          <testcase name="[It] [sig-node] DRA [Feature:DynamicResourceAllocation] driver supports claim and class parameters" classname="Kubernetes e2e suite" status="skipped" time="0">
              <skipped message="skipped"></skipped>
          </testcase>
          <testcase name="[It] [sig-storage] In-tree Volumes [Driver: ceph] [Feature:Volumes] [Serial] [Testpattern: Generic Ephemeral-volume (default fs)] volumeLimits should verify that all csinodes have volume limits" classname="Kubernetes e2e suite" status="skipped" time="0">
              <skipped message="skipped"></skipped>
          </testcase>
          <testcase name="[It] [sig-auth] [Feature:NodeAuthorizer] Getting an existing configmap should exit with the Forbidden error" classname="Kubernetes e2e suite" status="skipped" time="0">
              <skipped message="skipped"></skipped>
          </testcase>
          <testcase name="[It] [sig-storage] In-tree Volumes [Driver: local] [LocalVolumeType: block] [Testpattern: Inline-volume (default fs)] volumeIO should write files of various sizes, verify size, validate content [Slow]" classname="Kubernetes e2e suite" status="skipped" time="0">
              <skipped message="skipped"></skipped>
          </testcase>
          <testcase name="[It] [sig-storage] In-tree Volumes [Driver: local] [LocalVolumeType: tmpfs] [Testpattern: Pre-provisioned PV (filesystem volmode)] disruptive [Disruptive] [LinuxOnly] Should test that pv written before kubelet restart is readable after restart." classname="Kubernetes e2e suite" status="skipped" time="0">
              <skipped message="skipped"></skipped>
          </testcase>
          <testcase name="[It] [sig-storage] In-tree Volumes [Driver: local] [LocalVolumeType: dir-link] [Testpattern: Dynamic PV (ntfs)] [Feature:Windows] multiVolume [Slow] should access to two volumes with the same volume mode and retain data across pod recreation on different node" classname="Kubernetes e2e suite" status="skipped" time="0">
              <skipped message="skipped"></skipped>
          </testcase>
          <testcase name="[It] [sig-storage] In-tree Volumes [Driver: local] [LocalVolumeType: tmpfs] [Testpattern: Generic Ephemeral-volume (default fs) (immediate-binding)] ephemeral should create read/write inline ephemeral volume" classname="Kubernetes e2e suite" status="skipped" time="0">
              <skipped message="skipped"></skipped>
          </testcase>
          <testcase name="[It] [sig-apps] Job should delete a job [Conformance]" classname="Kubernetes e2e suite" status="passed" time="3.153703128"></testcase>
          <testcase name="[It] [sig-node] Pod InPlace Resize Container [Feature:InPlacePodVerticalScaling] BestEffort pod - try requesting memory, expect error" classname="Kubernetes e2e suite" status="skipped" time="0">
              <skipped message="skipped"></skipped>
          </testcase>
          <testcase name="[It] [sig-storage] In-tree Volumes [Driver: iscsi] [Feature:Volumes] [Testpattern: Dynamic PV (ntfs)] [Feature:Windows] subPath should support restarting containers using file as subpath [Slow] [LinuxOnly]" classname="Kubernetes e2e suite" status="skipped" time="0">
              <skipped message="skipped"></skipped>
          </testcase>
          <testcase name="[It] [sig-storage] In-tree Volumes [Driver: local] [LocalVolumeType: block] [Testpattern: Pre-provisioned PV (block volmode)] disruptive [Disruptive] [LinuxOnly] Should test that pv written before kubelet restart is readable after restart." classname="Kubernetes e2e suite" status="skipped" time="0">
              <skipped message="skipped"></skipped>
          </testcase>
          <testcase name="[It] [sig-storage] CSI Volumes [Driver: pd.csi.storage.gke.io] [Serial] [Testpattern: Pre-provisioned PV (filesystem volmode)] multiVolume [Slow] should concurrently access the volume and restored snapshot from pods on the same node [LinuxOnly] [Feature:VolumeSnapshotDataSource] [Feature:VolumeSourceXFS]" classname="Kubernetes e2e suite" status="skipped" time="0">
              <skipped message="skipped"></skipped>
          </testcase>
          <testcase name="[It] [sig-storage] In-tree Volumes [Driver: local] [LocalVolumeType: tmpfs] [Testpattern: Pre-provisioned PV (ext4)] volumes should allow exec of files on the volume" classname="Kubernetes e2e suite" status="skipped" time="0">
              <skipped message="skipped"></skipped>
          </testcase>
          <testcase name="[It] [sig-storage] In-tree Volumes [Driver: cinder] [Testpattern: Pre-provisioned PV (block volmode)] disruptive [Disruptive] [LinuxOnly] Should test that pv used in a pod that is deleted while the kubelet is down cleans up when the kubelet returns." classname="Kubernetes e2e suite" status="skipped" time="0">
              <skipped message="skipped"></skipped>
          </testcase>
          <testcase name="[It] [sig-storage] In-tree Volumes [Driver: local] [LocalVolumeType: blockfs] [Testpattern: Pre-provisioned PV (ntfs)] [Feature:Windows] volumes should store data" classname="Kubernetes e2e suite" status="skipped" time="0">
              <skipped message="skipped"></skipped>
          </testcase>
          <testcase name="[It] [sig-storage] In-tree Volumes [Driver: nfs] [Testpattern: Dynamic PV (ntfs)] [Feature:Windows] provisioning should provision storage with mount options" classname="Kubernetes e2e suite" status="skipped" time="0">
              <skipped message="skipped"></skipped>
          </testcase>
          <testcase name="[It] [sig-storage] In-tree Volumes [Driver: hostPath] [Testpattern: Dynamic PV (xfs)] [Slow] multiVolume [Slow] should concurrently access the volume and its clone from pods on the same node [LinuxOnly] [Feature:VolumeSourceXFS]" classname="Kubernetes e2e suite" status="skipped" time="0">
              <skipped message="skipped"></skipped>
          </testcase>
          <testcase name="[It] [sig-node] Pods Extended Pods Set QOS Class should be set on Pods with matching resource requests and limits for memory and cpu [Conformance]" classname="Kubernetes e2e suite" status="passed" time="0.039574411"></testcase>
          <testcase name="[It] [sig-storage] In-tree Volumes [Driver: nfs] [Testpattern: Dynamic PV (filesystem volmode)] disruptive [Disruptive] [LinuxOnly] Should test that pv used in a pod that is force deleted while the kubelet is down is usable by a new pod when kubelet returns [Feature:SELinux]" classname="Kubernetes e2e suite" status="skipped" time="0">
              <skipped message="skipped"></skipped>
          </testcase>
          <testcase name="[It] [sig-network] CVE-2021-29923 IPv4 Service Type ClusterIP with leading zeros should work interpreted as decimal" classname="Kubernetes e2e suite" status="skipped" time="0">
              <skipped message="skipped"></skipped>
          </testcase>
          <testcase name="[It] [sig-network] Netpol [LinuxOnly] NetworkPolicy between server and client using UDP should enforce policy to allow traffic only from a pod in a different namespace based on PodSelector and NamespaceSelector [Feature:NetworkPolicy]" classname="Kubernetes e2e suite" status="skipped" time="0">
              <skipped message="skipped"></skipped>
          </testcase>
          <testcase name="[It] [sig-storage] In-tree Volumes [Driver: azure-disk] [Testpattern: Dynamic PV (block volmode)] disruptive [Disruptive] [LinuxOnly] Should test that pv written before kubelet restart is readable after restart." classname="Kubernetes e2e suite" status="skipped" time="0">
              <skipped message="skipped"></skipped>
          </testcase>
          <testcase name="[It] [sig-storage] In-tree Volumes [Driver: emptydir] [Testpattern: Pre-provisioned PV (default fs)] subPath should be able to unmount after the subpath directory is deleted [LinuxOnly]" classname="Kubernetes e2e suite" status="skipped" time="0">
              <skipped message="skipped"></skipped>
          </testcase>
          <testcase name="[It] [sig-storage] In-tree Volumes [Driver: local] [LocalVolumeType: block] [Testpattern: Dynamic PV (xfs)] [Slow] multiVolume [Slow] should access to two volumes with the same volume mode and retain data across pod recreation on different node" classname="Kubernetes e2e suite" status="skipped" time="0">
              <skipped message="skipped"></skipped>
          </testcase>
          <testcase name="[It] [sig-storage] In-tree Volumes [Driver: local] [LocalVolumeType: dir-bindmounted] [Testpattern: Dynamic PV (block volmode)] volumeMode should fail in binding dynamic provisioned PV to PVC [Slow] [LinuxOnly]" classname="Kubernetes e2e suite" status="skipped" time="0">
              <skipped message="skipped"></skipped>
          </testcase>
          <testcase name="[It] [sig-storage] In-tree Volumes [Driver: rbd] [Feature:Volumes] [Serial] [Testpattern: Dynamic PV (default fs)] subPath should unmount if pod is gracefully deleted while kubelet is down [Disruptive] [Slow] [LinuxOnly]" classname="Kubernetes e2e suite" status="skipped" time="0">
              <skipped message="skipped"></skipped>
          </testcase>
          <testcase name="[It] [sig-storage] In-tree Volumes [Driver: hostPath] [Testpattern: Inline-volume (ext3)] volumes should allow exec of files on the volume" classname="Kubernetes e2e suite" status="skipped" time="0">
              <skipped message="skipped"></skipped>
          </testcase>
          <testcase name="[It] [sig-storage] CSI Volumes [Driver: pd.csi.storage.gke.io] [Serial] [Testpattern: Dynamic PV (delayed binding)] topology should fail to schedule a pod which has topologies that conflict with AllowedTopologies" classname="Kubernetes e2e suite" status="skipped" time="0">
              <skipped message="skipped"></skipped>
          </testcase>
          <testcase name="[It] [sig-storage] In-tree Volumes [Driver: local] [LocalVolumeType: dir-link] [Testpattern: Dynamic PV (block volmode)] volumeMode should fail to use a volume in a pod with mismatched mode [Slow]" classname="Kubernetes e2e suite" status="skipped" time="0">
              <skipped message="skipped"></skipped>
          </testcase>
          <testcase name="[It] [sig-storage] In-tree Volumes [Driver: ceph] [Feature:Volumes] [Serial] [Testpattern: Dynamic PV (ntfs)] [Feature:Windows] multiVolume [Slow] should access to two volumes with different volume mode and retain data across pod recreation on the same node" classname="Kubernetes e2e suite" status="skipped" time="0">
              <skipped message="skipped"></skipped>
          </testcase>
          <testcase name="[It] [sig-storage] In-tree Volumes [Driver: emptydir] [Testpattern: Dynamic PV (ntfs)] [Feature:Windows] provisioning should provision storage with pvc data source" classname="Kubernetes e2e suite" status="skipped" time="0">
              <skipped message="skipped"></skipped>
          </testcase>
          <testcase name="[It] [sig-storage] In-tree Volumes [Driver: emptydir] [Testpattern: Generic Ephemeral-volume (default fs)] volumeLimits should verify that all csinodes have volume limits" classname="Kubernetes e2e suite" status="skipped" time="0">
              <skipped message="skipped"></skipped>
          </testcase>
          <testcase name="[It] [sig-network] Loadbalancing: L7 GCE [Slow] [Feature:NEG] should sync endpoints for both Ingress-referenced NEG and standalone NEG" classname="Kubernetes e2e suite" status="skipped" time="0">
              <skipped message="skipped"></skipped>
          </testcase>
          <testcase name="[It] [sig-storage] CSI Volumes [Driver: pd.csi.storage.gke.io] [Serial] [Testpattern: Dynamic PV (ntfs)] [Feature:Windows] multiVolume [Slow] should access to two volumes with different volume mode and retain data across pod recreation on different node" classname="Kubernetes e2e suite" status="skipped" time="0">
              <skipped message="skipped"></skipped>
          </testcase>
          <testcase name="[It] [sig-storage] PersistentVolumes-local [Volume type: gce-localssd-scsi-fs] [Serial] One pod requesting one prebound PVC should be able to mount volume and write from pod1" classname="Kubernetes e2e suite" status="skipped" time="0">
              <skipped message="skipped"></skipped>
          </testcase>
          <testcase name="[It] [sig-api-machinery] Garbage collector should orphan pods created by rc if deleteOptions.OrphanDependents is nil" classname="Kubernetes e2e suite" status="skipped" time="0">
              <skipped message="skipped"></skipped>
          </testcase>
          <testcase name="[It] [sig-storage] CSI Volumes [Driver: pd.csi.storage.gke.io] [Serial] [Testpattern: Pre-provisioned PV (block volmode)] multiVolume [Slow] should concurrently access the single volume from pods on different node" classname="Kubernetes e2e suite" status="skipped" time="0">
              <skipped message="skipped"></skipped>
          </testcase>
          <testcase name="[It] [sig-storage] In-tree Volumes [Driver: local] [LocalVolumeType: dir-link-bindmounted] [Testpattern: Dynamic PV (block volmode)] provisioning should provision storage with mount options" classname="Kubernetes e2e suite" status="skipped" time="0">
              <skipped message="skipped"></skipped>
          </testcase>
          <testcase name="[It] [sig-storage] In-tree Volumes [Driver: azure-file] [Testpattern: Dynamic PV (ext4)] multiVolume [Slow] should concurrently access the single read-only volume from pods on the same node" classname="Kubernetes e2e suite" status="skipped" time="0">
              <skipped message="skipped"></skipped>
          </testcase>
          <testcase name="[It] [sig-storage] In-tree Volumes [Driver: nfs] [Testpattern: Dynamic PV (ext4)] multiVolume [Slow] should access to two volumes with different volume mode and retain data across pod recreation on different node" classname="Kubernetes e2e suite" status="skipped" time="0">
              <skipped message="skipped"></skipped>
          </testcase>
          <testcase name="[It] [sig-storage] In-tree Volumes [Driver: vsphere] [Testpattern: Generic Ephemeral-volume (default fs) (late-binding)] ephemeral should support expansion of pvcs created for ephemeral pvcs" classname="Kubernetes e2e suite" status="skipped" time="0">
              <skipped message="skipped"></skipped>
          </testcase>
          <testcase name="[It] [sig-storage] Downward API [Serial] [Disruptive] [Feature:EphemeralStorage] Downward API tests for local ephemeral storage should provide default limits.ephemeral-storage from node allocatable" classname="Kubernetes e2e suite" status="skipped" time="0">
              <skipped message="skipped"></skipped>
          </testcase>
          <testcase name="[It] [sig-storage] In-tree Volumes [Driver: local] [LocalVolumeType: blockfs] [Testpattern: Generic Ephemeral-volume (default fs) (late-binding)] ephemeral should create read-only inline ephemeral volume" classname="Kubernetes e2e suite" status="skipped" time="0">
              <skipped message="skipped"></skipped>
          </testcase>
          <testcase name="[It] [sig-storage] In-tree Volumes [Driver: vsphere] [Testpattern: Pre-provisioned PV (default fs)] subPath should fail if subpath directory is outside the volume [Slow] [LinuxOnly]" classname="Kubernetes e2e suite" status="skipped" time="0">
              <skipped message="skipped"></skipped>
          </testcase>
          <testcase name="[It] [sig-storage] In-tree Volumes [Driver: local] [LocalVolumeType: blockfs] [Testpattern: Inline-volume (default fs)] subPath should support existing directory" classname="Kubernetes e2e suite" status="skipped" time="0">
              <skipped message="skipped"></skipped>
          </testcase>
          <testcase name="[It] [sig-storage] In-tree Volumes [Driver: emptydir] [Testpattern: Dynamic PV (block volmode)] volume-expand should not allow expansion of pvcs without AllowVolumeExpansion property" classname="Kubernetes e2e suite" status="skipped" time="0">
              <skipped message="skipped"></skipped>
          </testcase>
          <testcase name="[It] [sig-storage] In-tree Volumes [Driver: azure-file] [Testpattern: Dynamic PV (default fs)] subPath should support existing single file [LinuxOnly]" classname="Kubernetes e2e suite" status="skipped" time="0">
              <skipped message="skipped"></skipped>
          </testcase>
          <testcase name="[It] [sig-storage] In-tree Volumes [Driver: vsphere] [Testpattern: Dynamic PV (ntfs)] [Feature:Windows] subPath should be able to unmount after the subpath directory is deleted [LinuxOnly]" classname="Kubernetes e2e suite" status="skipped" time="0">
              <skipped message="skipped"></skipped>
          </testcase>
          <testcase name="[It] [sig-storage] In-tree Volumes [Driver: iscsi] [Feature:Volumes] [Testpattern: Pre-provisioned PV (filesystem volmode)] multiVolume [Slow] should access to two volumes with different volume mode and retain data across pod recreation on the same node" classname="Kubernetes e2e suite" status="skipped" time="0">
              <skipped message="skipped"></skipped>
          </testcase>
          <testcase name="[It] [sig-storage] In-tree Volumes [Driver: aws] [Testpattern: Inline-volume (default fs)] subPath should fail if subpath with backstepping is outside the volume [Slow] [LinuxOnly]" classname="Kubernetes e2e suite" status="skipped" time="0">
              <skipped message="skipped"></skipped>
          </testcase>
          <testcase name="[It] [sig-storage] In-tree Volumes [Driver: hostPathSymlink] [Testpattern: Dynamic PV (default fs)] fsgroupchangepolicy (Always)[LinuxOnly], pod created with an initial fsgroup, volume contents ownership changed via chgrp in first pod, new pod with same fsgroup applied to the volume contents" classname="Kubernetes e2e suite" status="skipped" time="0">
              <skipped message="skipped"></skipped>
          </testcase>
          <testcase name="[It] [sig-storage] In-tree Volumes [Driver: local] [LocalVolumeType: tmpfs] [Testpattern: Inline-volume (default fs)] subPath should support restarting containers using directory as subpath [Slow]" classname="Kubernetes e2e suite" status="skipped" time="0">
              <skipped message="skipped"></skipped>
          </testcase>
          <testcase name="[It] [sig-storage] CSI Volumes [Driver: csi-hostpath] [Testpattern: Dynamic PV (block volmode)] volumeMode should fail to use a volume in a pod with mismatched mode [Slow]" classname="Kubernetes e2e suite" status="skipped" time="0">
              <skipped message="skipped"></skipped>
          </testcase>
          <testcase name="[It] [sig-storage] In-tree Volumes [Driver: rbd] [Feature:Volumes] [Serial] [Testpattern: Dynamic PV (ext4)] multiVolume [Slow] should access to two volumes with the same volume mode and retain data across pod recreation on different node" classname="Kubernetes e2e suite" status="skipped" time="0">
              <skipped message="skipped"></skipped>
          </testcase>
          <testcase name="[It] [sig-storage] In-tree Volumes [Driver: hostPath] [Testpattern: Dynamic PV (default fs)] provisioning should provision storage with any volume data source [Serial]" classname="Kubernetes e2e suite" status="skipped" time="0">
              <skipped message="skipped"></skipped>
          </testcase>
          <testcase name="[It] [sig-storage] In-tree Volumes [Driver: aws] [Testpattern: Dynamic PV (ext4)] multiVolume [Slow] should access to two volumes with different volume mode and retain data across pod recreation on the same node" classname="Kubernetes e2e suite" status="skipped" time="0">
              <skipped message="skipped"></skipped>
          </testcase>
          <testcase name="[It] [sig-storage] In-tree Volumes [Driver: local] [LocalVolumeType: blockfs] [Testpattern: Dynamic PV (default fs)(allowExpansion)] volume-expand Verify if offline PVC expansion works" classname="Kubernetes e2e suite" status="skipped" time="0">
              <skipped message="skipped"></skipped>
          </testcase>
          <testcase name="[It] [sig-storage] In-tree Volumes [Driver: local] [LocalVolumeType: gce-localssd-scsi-fs] [Serial] [Testpattern: Dynamic PV (filesystem volmode)] multiVolume [Slow] should access to two volumes with the same volume mode and retain data across pod recreation on the same node" classname="Kubernetes e2e suite" status="skipped" time="0">
              <skipped message="skipped"></skipped>
          </testcase>
          <testcase name="[It] [sig-storage] In-tree Volumes [Driver: local] [LocalVolumeType: dir-link-bindmounted] [Testpattern: Generic Ephemeral-volume (default fs) (immediate-binding)] ephemeral should support multiple inline ephemeral volumes" classname="Kubernetes e2e suite" status="skipped" time="0">
              <skipped message="skipped"></skipped>
          </testcase>
          <testcase name="[It] [sig-node] Secrets should fail to create secret due to empty secret key [Conformance]" classname="Kubernetes e2e suite" status="passed" time="0.041217697"></testcase>
          <testcase name="[It] [sig-storage] In-tree Volumes [Driver: iscsi] [Feature:Volumes] [Testpattern: Dynamic PV (default fs)] volume-stress multiple pods should access different volumes repeatedly [Slow] [Serial]" classname="Kubernetes e2e suite" status="skipped" time="0">
              <skipped message="skipped"></skipped>
          </testcase>
          <testcase name="[It] [sig-storage] ConfigMap should be consumable from pods in volume with mappings [NodeConformance] [Conformance]" classname="Kubernetes e2e suite" status="passed" time="2.097971068"></testcase>
          <testcase name="[It] [sig-storage] In-tree Volumes [Driver: azure-disk] [Testpattern: Dynamic PV (default fs)] subPath should support non-existent path" classname="Kubernetes e2e suite" status="skipped" time="0">
              <skipped message="skipped"></skipped>
          </testcase>
          <testcase name="[It] [sig-storage] In-tree Volumes [Driver: vsphere] [Testpattern: Pre-provisioned PV (block volmode)] disruptive [Disruptive] [LinuxOnly] Should test that pv used in a pod that is force deleted while the kubelet is down cleans up when the kubelet returns." classname="Kubernetes e2e suite" status="skipped" time="0">
              <skipped message="skipped"></skipped>
          </testcase>
          <testcase name="[It] [sig-storage] In-tree Volumes [Driver: hostPathSymlink] [Testpattern: Pre-provisioned PV (default fs)] subPath should support non-existent path" classname="Kubernetes e2e suite" status="skipped" time="0">
              <skipped message="skipped"></skipped>
          </testcase>
          <testcase name="[It] [sig-storage] In-tree Volumes [Driver: iscsi] [Feature:Volumes] [Testpattern: Dynamic PV (immediate binding)] topology should fail to schedule a pod which has topologies that conflict with AllowedTopologies" classname="Kubernetes e2e suite" status="skipped" time="0">
              <skipped message="skipped"></skipped>
          </testcase>
          <testcase name="[It] [sig-storage] CSI Volumes [Driver: csi-hostpath] [Testpattern: Pre-provisioned PV (ext3)] volumes should store data" classname="Kubernetes e2e suite" status="skipped" time="0">
              <skipped message="skipped"></skipped>
          </testcase>
          <testcase name="[It] [sig-node] DRA [Feature:DynamicResourceAllocation] multiple drivers using only drapbv1alpha2 work" classname="Kubernetes e2e suite" status="skipped" time="0">
              <skipped message="skipped"></skipped>
          </testcase>
          <testcase name="[It] [sig-storage] In-tree Volumes [Driver: azure-disk] [Testpattern: Dynamic PV (default fs)] provisioning should provision storage with any volume data source [Serial]" classname="Kubernetes e2e suite" status="skipped" time="0">
              <skipped message="skipped"></skipped>
          </testcase>
          <testcase name="[It] [sig-node] ConfigMap should update ConfigMap successfully" classname="Kubernetes e2e suite" status="skipped" time="0">
              <skipped message="skipped"></skipped>
          </testcase>
          <testcase name="[It] [sig-windows] [Feature:Windows] Kubelet-Stats Kubelet stats collection for Windows nodes when running 3 pods should return within 10 seconds" classname="Kubernetes e2e suite" status="skipped" time="0">
              <skipped message="skipped"></skipped>
          </testcase>
          <testcase name="[It] [sig-storage] In-tree Volumes [Driver: aws] [Testpattern: Pre-provisioned PV (default fs)] subPath should support readOnly file specified in the volumeMount [LinuxOnly]" classname="Kubernetes e2e suite" status="skipped" time="0">
              <skipped message="skipped"></skipped>
          </testcase>
          <testcase name="[It] [sig-storage] Projected configMap should be consumable from pods in volume with mappings as non-root with FSGroup [LinuxOnly] [NodeFeature:FSGroup]" classname="Kubernetes e2e suite" status="skipped" time="0">
              <skipped message="skipped"></skipped>
          </testcase>
          <testcase name="[It] [sig-storage] In-tree Volumes [Driver: vsphere] [Testpattern: Dynamic PV (default fs)] provisioning should provision storage with snapshot data source [Feature:VolumeSnapshotDataSource]" classname="Kubernetes e2e suite" status="skipped" time="0">
              <skipped message="skipped"></skipped>
          </testcase>
          <testcase name="[It] [sig-node] Pods should be updated [NodeConformance] [Conformance]" classname="Kubernetes e2e suite" status="passed" time="2.656352599"></testcase>
          <testcase name="[It] [sig-storage] In-tree Volumes [Driver: azure-file] [Testpattern: Dynamic PV (filesystem volmode)] volumeMode should fail to use a volume in a pod with mismatched mode [Slow]" classname="Kubernetes e2e suite" status="skipped" time="0">
              <skipped message="skipped"></skipped>
          </testcase>
          <testcase name="[It] [sig-storage] CSI Volumes [Driver: pd.csi.storage.gke.io] [Serial] [Testpattern: Dynamic PV (block volmode)] volume-stress multiple pods should access different volumes repeatedly [Slow] [Serial]" classname="Kubernetes e2e suite" status="skipped" time="0">
              <skipped message="skipped"></skipped>
          </testcase>
          <testcase name="[It] [sig-storage] In-tree Volumes [Driver: azure-disk] [Testpattern: Dynamic PV (default fs)] subPath should verify container cannot write to subpath readonly volumes [Slow]" classname="Kubernetes e2e suite" status="skipped" time="0">
              <skipped message="skipped"></skipped>
          </testcase>
          <testcase name="[It] [sig-storage] In-tree Volumes [Driver: azure-disk] [Testpattern: Pre-provisioned PV (default fs)] subPath should fail if subpath file is outside the volume [Slow] [LinuxOnly]" classname="Kubernetes e2e suite" status="skipped" time="0">
              <skipped message="skipped"></skipped>
          </testcase>
          <testcase name="[It] [sig-storage] In-tree Volumes [Driver: local] [LocalVolumeType: block] [Testpattern: Dynamic PV (filesystem volmode)] multiVolume [Slow] should access to two volumes with different volume mode and retain data across pod recreation on the same node" classname="Kubernetes e2e suite" status="skipped" time="0">
              <skipped message="skipped"></skipped>
          </testcase>
          <testcase name="[It] [sig-storage] In-tree Volumes [Driver: cinder] [Testpattern: Inline-volume (default fs)] subPath should support existing directory" classname="Kubernetes e2e suite" status="skipped" time="0">
              <skipped message="skipped"></skipped>
          </testcase>
          <testcase name="[It] [sig-cloud-provider-gcp] Nodes [Disruptive] Resize [Slow] should be able to delete nodes" classname="Kubernetes e2e suite" status="skipped" time="0">
              <skipped message="skipped"></skipped>
          </testcase>
          <testcase name="[It] [sig-cli] Kubectl client kubectl subresource flag should not be used in a bulk GET" classname="Kubernetes e2e suite" status="skipped" time="0">
              <skipped message="skipped"></skipped>
          </testcase>
          <testcase name="[It] [sig-storage] In-tree Volumes [Driver: local] [LocalVolumeType: gce-localssd-scsi-fs] [Serial] [Testpattern: Dynamic PV (filesystem volmode)] disruptive [Disruptive] [LinuxOnly] Should test that pv used in a pod that is force deleted while the kubelet is down is usable by a new pod when kubelet returns [Feature:SELinux]" classname="Kubernetes e2e suite" status="skipped" time="0">
              <skipped message="skipped"></skipped>
          </testcase>
          <testcase name="[It] [sig-storage] In-tree Volumes [Driver: emptydir] [Testpattern: Inline-volume (ntfs)] [Feature:Windows] volumes should allow exec of files on the volume" classname="Kubernetes e2e suite" status="skipped" time="0">
              <skipped message="skipped"></skipped>
          </testcase>
          <testcase name="[It] [sig-api-machinery] ResourceQuota [Feature:PodPriority] should verify ResourceQuota&#39;s multiple priority class scope (quota set to pod count: 2) against 2 pods with same priority classes." classname="Kubernetes e2e suite" status="skipped" time="0">
              <skipped message="skipped"></skipped>
          </testcase>
          <testcase name="[It] [sig-storage] CSI Volumes [Driver: pd.csi.storage.gke.io] [Serial] [Testpattern: Dynamic PV (ntfs)] [Feature:Windows] provisioning should provision storage with any volume data source [Serial]" classname="Kubernetes e2e suite" status="skipped" time="0">
              <skipped message="skipped"></skipped>
          </testcase>
          <testcase name="[It] [sig-storage] In-tree Volumes [Driver: azure-disk] [Testpattern: Dynamic PV (default fs)] subPath should support readOnly file specified in the volumeMount [LinuxOnly]" classname="Kubernetes e2e suite" status="skipped" time="0">
              <skipped message="skipped"></skipped>
          </testcase>
          <testcase name="[It] [sig-storage] CSI Volumes [Driver: pd.csi.storage.gke.io] [Serial] [Testpattern: Dynamic PV (ext4)] multiVolume [Slow] should concurrently access the single volume from pods on different node" classname="Kubernetes e2e suite" status="skipped" time="0">
              <skipped message="skipped"></skipped>
          </testcase>
          <testcase name="[It] [sig-storage] In-tree Volumes [Driver: azure-file] [Testpattern: Generic Ephemeral-volume (default fs)] volumeLimits should verify that all csinodes have volume limits" classname="Kubernetes e2e suite" status="skipped" time="0">
              <skipped message="skipped"></skipped>
          </testcase>
          <testcase name="[It] [sig-node] [NodeAlphaFeature:SidecarContainers] [Feature:SidecarContainers] Probing restartable init container should be ready immediately after startupProbe succeeds" classname="Kubernetes e2e suite" status="skipped" time="0">
              <skipped message="skipped"></skipped>
          </testcase>
          <testcase name="[It] [sig-storage] In-tree Volumes [Driver: vsphere] [Testpattern: Dynamic PV (block volmode)] provisioning should provision storage with pvc data source" classname="Kubernetes e2e suite" status="skipped" time="0">
              <skipped message="skipped"></skipped>
          </testcase>
          <testcase name="[It] [sig-storage] In-tree Volumes [Driver: hostPath] [Testpattern: Pre-provisioned PV (ext3)] volumes should allow exec of files on the volume" classname="Kubernetes e2e suite" status="skipped" time="0">
              <skipped message="skipped"></skipped>
          </testcase>
          <testcase name="[It] [sig-storage] In-tree Volumes [Driver: local] [LocalVolumeType: dir-bindmounted] [Testpattern: Pre-provisioned PV (ntfs)] [Feature:Windows] volumes should allow exec of files on the volume" classname="Kubernetes e2e suite" status="skipped" time="0">
              <skipped message="skipped"></skipped>
          </testcase>
          <testcase name="[It] [sig-storage] CSI Volumes [Driver: pd.csi.storage.gke.io] [Serial] [Testpattern: Dynamic PV (block volmode)(allowExpansion)] volume-expand should resize volume when PVC is edited while pod is using it" classname="Kubernetes e2e suite" status="skipped" time="0">
              <skipped message="skipped"></skipped>
          </testcase>
          <testcase name="[It] [sig-architecture] Conformance Tests should have at least two untainted nodes [Conformance]" classname="Kubernetes e2e suite" status="passed" time="0.033337434"></testcase>
          <testcase name="[It] [sig-storage] Projected configMap should be consumable from pods in volume as non-root with FSGroup [LinuxOnly] [NodeFeature:FSGroup]" classname="Kubernetes e2e suite" status="skipped" time="0">
              <skipped message="skipped"></skipped>
          </testcase>
          <testcase name="[It] [sig-storage] PersistentVolumes-local [Volume type: dir-link-bindmounted] Set fsGroup for local volume should set same fsGroup for two pods simultaneously [Slow]" classname="Kubernetes e2e suite" status="skipped" time="0">
              <skipped message="skipped"></skipped>
          </testcase>
          <testcase name="[It] [sig-storage] PersistentVolumes-local [Volume type: block] Set fsGroup for local volume should set fsGroup for one pod [Slow]" classname="Kubernetes e2e suite" status="skipped" time="0">
              <skipped message="skipped"></skipped>
          </testcase>
          <testcase name="[It] [sig-storage] In-tree Volumes [Driver: hostPathSymlink] [Testpattern: Pre-provisioned PV (filesystem volmode)] disruptive [Disruptive] [LinuxOnly] Should test that pv used in a pod that is deleted while the kubelet is down is usable by a new pod with a different SELinux context when kubelet returns [Feature:SELinux]" classname="Kubernetes e2e suite" status="skipped" time="0">
              <skipped message="skipped"></skipped>
          </testcase>
          <testcase name="[It] [sig-storage] In-tree Volumes [Driver: hostPath] [Testpattern: Dynamic PV (ntfs)] [Feature:Windows] subPath should fail if non-existent subpath is outside the volume [Slow] [LinuxOnly]" classname="Kubernetes e2e suite" status="skipped" time="0">
              <skipped message="skipped"></skipped>
          </testcase>
          <testcase name="[It] [sig-storage] In-tree Volumes [Driver: hostPathSymlink] [Testpattern: Dynamic PV (block volmode)] volume-stress multiple pods should access different volumes repeatedly [Slow] [Serial]" classname="Kubernetes e2e suite" status="skipped" time="0">
              <skipped message="skipped"></skipped>
          </testcase>
          <testcase name="[It] [sig-storage] CSI Volumes [Driver: csi-hostpath] [Testpattern: Dynamic PV (default fs)] provisioning should provision storage with mount options" classname="Kubernetes e2e suite" status="skipped" time="0">
              <skipped message="skipped"></skipped>
          </testcase>
          <testcase name="[It] [sig-storage] In-tree Volumes [Driver: nfs] [Testpattern: Dynamic PV (ntfs)] [Feature:Windows] provisioning should mount multiple PV pointing to the same storage on the same node" classname="Kubernetes e2e suite" status="skipped" time="0">
              <skipped message="skipped"></skipped>
          </testcase>
          <testcase name="[It] [sig-storage] In-tree Volumes [Driver: local] [LocalVolumeType: tmpfs] [Testpattern: Pre-provisioned PV (default fs)] subPath should support existing directories when readOnly specified in the volumeSource" classname="Kubernetes e2e suite" status="skipped" time="0">
              <skipped message="skipped"></skipped>
          </testcase>
          <testcase name="[It] [sig-storage] CSI Volumes [Driver: csi-hostpath] [Testpattern: Dynamic PV (default fs)] volumeIO should write files of various sizes, verify size, validate content [Slow]" classname="Kubernetes e2e suite" status="skipped" time="0">
              <skipped message="skipped"></skipped>
          </testcase>
          <testcase name="[It] [sig-storage] In-tree Volumes [Driver: iscsi] [Feature:Volumes] [Testpattern: Dynamic PV (ntfs)] [Feature:Windows] subPath should support existing directory" classname="Kubernetes e2e suite" status="skipped" time="0">
              <skipped message="skipped"></skipped>
          </testcase>
          <testcase name="[It] [sig-storage] In-tree Volumes [Driver: hostPath] [Testpattern: Dynamic PV (default fs)] subPath should verify container cannot write to subpath readonly volumes [Slow]" classname="Kubernetes e2e suite" status="skipped" time="0">
              <skipped message="skipped"></skipped>
          </testcase>
          <testcase name="[It] [sig-storage] In-tree Volumes [Driver: azure-disk] [Testpattern: Dynamic PV (default fs)] provisioning should provision correct filesystem size when restoring snapshot to larger size pvc [Feature:VolumeSnapshotDataSource]" classname="Kubernetes e2e suite" status="skipped" time="0">
              <skipped message="skipped"></skipped>
          </testcase>
          <testcase name="[It] [sig-storage] In-tree Volumes [Driver: vsphere] [Testpattern: Generic Ephemeral-volume (default fs) (late-binding)] ephemeral should create read-only inline ephemeral volume" classname="Kubernetes e2e suite" status="skipped" time="0">
              <skipped message="skipped"></skipped>
          </testcase>
          <testcase name="[It] [sig-storage] In-tree Volumes [Driver: nfs] [Testpattern: Pre-provisioned PV (default fs)] subPath should support existing directories when readOnly specified in the volumeSource" classname="Kubernetes e2e suite" status="skipped" time="0">
              <skipped message="skipped"></skipped>
          </testcase>
          <testcase name="[It] [sig-storage] In-tree Volumes [Driver: iscsi] [Feature:Volumes] [Testpattern: Inline-volume (default fs)] subPath should support readOnly directory specified in the volumeMount" classname="Kubernetes e2e suite" status="skipped" time="0">
              <skipped message="skipped"></skipped>
          </testcase>
          <testcase name="[It] [sig-storage] CSI Volumes [Driver: pd.csi.storage.gke.io] [Serial] [Testpattern: Inline-volume (ext4)] volumes should store data" classname="Kubernetes e2e suite" status="skipped" time="0">
              <skipped message="skipped"></skipped>
          </testcase>
          <testcase name="[It] [sig-storage] In-tree Volumes [Driver: local] [LocalVolumeType: dir-link] [Testpattern: Dynamic PV (ntfs)] [Feature:Windows] subPath should unmount if pod is gracefully deleted while kubelet is down [Disruptive] [Slow] [LinuxOnly]" classname="Kubernetes e2e suite" status="skipped" time="0">
              <skipped message="skipped"></skipped>
          </testcase>
          <testcase name="[It] [sig-storage] In-tree Volumes [Driver: local] [LocalVolumeType: dir-link-bindmounted] [Testpattern: Dynamic PV (block volmode)] disruptive [Disruptive] [LinuxOnly] Should test that pv used in a pod that is deleted while the kubelet is down cleans up when the kubelet returns." classname="Kubernetes e2e suite" status="skipped" time="0">
              <skipped message="skipped"></skipped>
          </testcase>
          <testcase name="[It] [sig-storage] In-tree Volumes [Driver: rbd] [Feature:Volumes] [Serial] [Testpattern: Pre-provisioned PV (filesystem volmode)] multiVolume [Slow] should concurrently access the single volume from pods on the same node" classname="Kubernetes e2e suite" status="skipped" time="0">
              <skipped message="skipped"></skipped>
          </testcase>
          <testcase name="[It] [sig-storage] In-tree Volumes [Driver: iscsi] [Feature:Volumes] [Testpattern: Pre-provisioned PV (default fs)] subPath should support non-existent path" classname="Kubernetes e2e suite" status="skipped" time="0">
              <skipped message="skipped"></skipped>
          </testcase>
          <testcase name="[It] [sig-storage] In-tree Volumes [Driver: ceph] [Feature:Volumes] [Serial] [Testpattern: Dynamic PV (block volmode)] provisioning should provision storage with snapshot data source (ROX mode) [Feature:VolumeSnapshotDataSource]" classname="Kubernetes e2e suite" status="skipped" time="0">
              <skipped message="skipped"></skipped>
          </testcase>
          <testcase name="[It] [sig-storage] In-tree Volumes [Driver: local] [LocalVolumeType: dir] [Testpattern: Pre-provisioned PV (block volmode)] volumes should store data" classname="Kubernetes e2e suite" status="skipped" time="0">
              <skipped message="skipped"></skipped>
          </testcase>
          <testcase name="[It] [sig-storage] Projected downwardAPI should provide node allocatable (memory) as default memory limit if the limit is not set [NodeConformance] [Conformance]" classname="Kubernetes e2e suite" status="passed" time="4.104567934"></testcase>
          <testcase name="[It] [sig-storage] In-tree Volumes [Driver: local] [LocalVolumeType: tmpfs] [Testpattern: Dynamic PV (immediate binding)] topology should provision a volume and schedule a pod with AllowedTopologies" classname="Kubernetes e2e suite" status="skipped" time="0">
              <skipped message="skipped"></skipped>
          </testcase>
          <testcase name="[It] [sig-storage] In-tree Volumes [Driver: local] [LocalVolumeType: dir] [Testpattern: Inline-volume (ext4)] volumes should allow exec of files on the volume" classname="Kubernetes e2e suite" status="skipped" time="0">
              <skipped message="skipped"></skipped>
          </testcase>
          <testcase name="[It] [sig-storage] In-tree Volumes [Driver: local] [LocalVolumeType: tmpfs] [Testpattern: Dynamic PV (ntfs)] [Feature:Windows] subPath should fail if non-existent subpath is outside the volume [Slow] [LinuxOnly]" classname="Kubernetes e2e suite" status="skipped" time="0">
              <skipped message="skipped"></skipped>
          </testcase>
          <testcase name="[It] [sig-api-machinery] FieldValidation should create/apply a CR with unknown fields for CRD with no validation schema [Conformance]" classname="Kubernetes e2e suite" status="passed" time="3.119299543"></testcase>
          <testcase name="[It] [sig-storage] CSI Volumes [Driver: pd.csi.storage.gke.io] [Serial] [Testpattern: Dynamic PV (default fs)] subPath should support creating multiple subpath from same volumes [Slow]" classname="Kubernetes e2e suite" status="skipped" time="0">
              <skipped message="skipped"></skipped>
          </testcase>
          <testcase name="[It] [sig-storage] In-tree Volumes [Driver: local] [LocalVolumeType: block] [Testpattern: Inline-volume (ext3)] volumes should allow exec of files on the volume" classname="Kubernetes e2e suite" status="skipped" time="0">
              <skipped message="skipped"></skipped>
          </testcase>
          <testcase name="[It] [sig-storage] In-tree Volumes [Driver: local] [LocalVolumeType: dir-link] [Testpattern: Pre-provisioned PV (xfs)] [Slow] volumes should store data" classname="Kubernetes e2e suite" status="skipped" time="0">
              <skipped message="skipped"></skipped>
          </testcase>
          <testcase name="[It] [sig-storage] In-tree Volumes [Driver: local] [LocalVolumeType: gce-localssd-scsi-fs] [Serial] [Testpattern: Dynamic PV (filesystem volmode)] multiVolume [Slow] should access to two volumes with different volume mode and retain data across pod recreation on the same node" classname="Kubernetes e2e suite" status="skipped" time="0">
              <skipped message="skipped"></skipped>
          </testcase>
          <testcase name="[It] [sig-storage] In-tree Volumes [Driver: local] [LocalVolumeType: dir-bindmounted] [Testpattern: Dynamic PV (ntfs)] [Feature:Windows] multiVolume [Slow] should access to two volumes with the same volume mode and retain data across pod recreation on different node" classname="Kubernetes e2e suite" status="skipped" time="0">
              <skipped message="skipped"></skipped>
          </testcase>
          <testcase name="[It] [sig-storage] In-tree Volumes [Driver: local] [LocalVolumeType: dir-bindmounted] [Testpattern: Pre-provisioned PV (filesystem volmode)] multiVolume [Slow] should concurrently access the single volume from pods on different node" classname="Kubernetes e2e suite" status="skipped" time="0">
              <skipped message="skipped"></skipped>
          </testcase>
          <testcase name="[It] [sig-storage] In-tree Volumes [Driver: local] [LocalVolumeType: dir-link-bindmounted] [Testpattern: Dynamic PV (ext3)] volumes should store data" classname="Kubernetes e2e suite" status="skipped" time="0">
              <skipped message="skipped"></skipped>
          </testcase>
          <testcase name="[It] [sig-autoscaling] Cluster size autoscaler scalability [Slow] should scale up twice [Feature:ClusterAutoscalerScalability2]" classname="Kubernetes e2e suite" status="skipped" time="0">
              <skipped message="skipped"></skipped>
          </testcase>
          <testcase name="[It] [sig-storage] In-tree Volumes [Driver: local] [LocalVolumeType: blockfs] [Testpattern: Dynamic PV (default fs)] subPath should support file as subpath [LinuxOnly]" classname="Kubernetes e2e suite" status="skipped" time="0">
              <skipped message="skipped"></skipped>
          </testcase>
          <testcase name="[It] [sig-storage] In-tree Volumes [Driver: local] [LocalVolumeType: tmpfs] [Testpattern: Generic Ephemeral-volume (default fs) (immediate-binding)] ephemeral should support two pods which have the same volume definition" classname="Kubernetes e2e suite" status="skipped" time="0">
              <skipped message="skipped"></skipped>
          </testcase>
          <testcase name="[It] [sig-storage] In-tree Volumes [Driver: hostPathSymlink] [Testpattern: Dynamic PV (block volmode)] volumeMode should fail in binding dynamic provisioned PV to PVC [Slow] [LinuxOnly]" classname="Kubernetes e2e suite" status="skipped" time="0">
              <skipped message="skipped"></skipped>
          </testcase>
          <testcase name="[It] [sig-storage] In-tree Volumes [Driver: azure-file] [Testpattern: Inline-volume (default fs)] subPath should support readOnly file specified in the volumeMount [LinuxOnly]" classname="Kubernetes e2e suite" status="skipped" time="0">
              <skipped message="skipped"></skipped>
          </testcase>
          <testcase name="[It] [sig-storage] In-tree Volumes [Driver: local] [LocalVolumeType: dir] [Testpattern: Dynamic PV (ntfs)] [Feature:Windows] multiVolume [Slow] should access to two volumes with different volume mode and retain data across pod recreation on different node" classname="Kubernetes e2e suite" status="skipped" time="0">
              <skipped message="skipped"></skipped>
          </testcase>
          <testcase name="[It] [sig-storage] In-tree Volumes [Driver: iscsi] [Feature:Volumes] [Testpattern: Dynamic PV (block volmode)] volumes should store data" classname="Kubernetes e2e suite" status="skipped" time="0">
              <skipped message="skipped"></skipped>
          </testcase>
          <testcase name="[It] [sig-storage] In-tree Volumes [Driver: local] [LocalVolumeType: gce-localssd-scsi-fs] [Serial] [Testpattern: Generic Ephemeral-volume (default fs) (immediate-binding)] ephemeral should support expansion of pvcs created for ephemeral pvcs" classname="Kubernetes e2e suite" status="skipped" time="0">
              <skipped message="skipped"></skipped>
          </testcase>
          <testcase name="[It] [sig-storage] In-tree Volumes [Driver: nfs] [Testpattern: Dynamic PV (default fs)] subPath should support readOnly directory specified in the volumeMount" classname="Kubernetes e2e suite" status="skipped" time="0">
              <skipped message="skipped"></skipped>
          </testcase>
          <testcase name="[It] [sig-storage] In-tree Volumes [Driver: local] [LocalVolumeType: dir-link] [Testpattern: Pre-provisioned PV (filesystem volmode)] multiVolume [Slow] should concurrently access the volume and its clone from pods on the same node [LinuxOnly] [Feature:VolumeSourceXFS]" classname="Kubernetes e2e suite" status="skipped" time="0">
              <skipped message="skipped"></skipped>
          </testcase>
          <testcase name="[It] [sig-storage] In-tree Volumes [Driver: vsphere] [Testpattern: Dynamic PV (block volmode)] volume-expand should not allow expansion of pvcs without AllowVolumeExpansion property" classname="Kubernetes e2e suite" status="skipped" time="0">
              <skipped message="skipped"></skipped>
          </testcase>
          <testcase name="[It] [sig-network] LoadBalancers should be able to preserve UDP traffic when server pod cycles for a LoadBalancer service on the same nodes" classname="Kubernetes e2e suite" status="skipped" time="0">
              <skipped message="skipped"></skipped>
          </testcase>
          <testcase name="[It] [sig-storage] In-tree Volumes [Driver: nfs] [Testpattern: Dynamic PV (default fs)] subPath should fail if subpath with backstepping is outside the volume [Slow] [LinuxOnly]" classname="Kubernetes e2e suite" status="skipped" time="0">
              <skipped message="skipped"></skipped>
          </testcase>
          <testcase name="[It] [sig-storage] EmptyDir volumes pod should support shared volumes between containers [Conformance]" classname="Kubernetes e2e suite" status="passed" time="2.157176538"></testcase>
          <testcase name="[It] [sig-network] Networking Granular Checks: Services should function for endpoint-Service: udp" classname="Kubernetes e2e suite" status="skipped" time="0">
              <skipped message="skipped"></skipped>
          </testcase>
          <testcase name="[It] [sig-storage] In-tree Volumes [Driver: azure-file] [Testpattern: Dynamic PV (block volmode)] provisioning should provision correct filesystem size when restoring snapshot to larger size pvc [Feature:VolumeSnapshotDataSource]" classname="Kubernetes e2e suite" status="skipped" time="0">
              <skipped message="skipped"></skipped>
          </testcase>
          <testcase name="[It] [sig-storage] In-tree Volumes [Driver: rbd] [Feature:Volumes] [Serial] [Testpattern: Dynamic PV (xfs)] [Slow] multiVolume [Slow] should concurrently access the single read-only volume from pods on the same node" classname="Kubernetes e2e suite" status="skipped" time="0">
              <skipped message="skipped"></skipped>
          </testcase>
          <testcase name="[It] [sig-storage] In-tree Volumes [Driver: azure-disk] [Testpattern: Dynamic PV (default fs)] provisioning should provision storage with pvc data source in parallel [Slow]" classname="Kubernetes e2e suite" status="skipped" time="0">
              <skipped message="skipped"></skipped>
          </testcase>
          <testcase name="[It] [sig-storage] In-tree Volumes [Driver: emptydir] [Testpattern: Pre-provisioned PV (default fs)] subPath should unmount if pod is gracefully deleted while kubelet is down [Disruptive] [Slow] [LinuxOnly]" classname="Kubernetes e2e suite" status="skipped" time="0">
              <skipped message="skipped"></skipped>
          </testcase>
          <testcase name="[It] [sig-storage] In-tree Volumes [Driver: local] [LocalVolumeType: dir-link] [Testpattern: Pre-provisioned PV (default fs)] subPath should support restarting containers using file as subpath [Slow] [LinuxOnly]" classname="Kubernetes e2e suite" status="skipped" time="0">
              <skipped message="skipped"></skipped>
          </testcase>
          <testcase name="[It] [sig-storage] In-tree Volumes [Driver: hostPath] [Testpattern: Dynamic PV (block volmode)(allowExpansion)] volume-expand Verify if offline PVC expansion works" classname="Kubernetes e2e suite" status="skipped" time="0">
              <skipped message="skipped"></skipped>
          </testcase>
          <testcase name="[It] [sig-storage] In-tree Volumes [Driver: rbd] [Feature:Volumes] [Serial] [Testpattern: Dynamic PV (default fs)] volumes should store data" classname="Kubernetes e2e suite" status="skipped" time="0">
              <skipped message="skipped"></skipped>
          </testcase>
          <testcase name="[It] [sig-storage] In-tree Volumes [Driver: hostPathSymlink] [Testpattern: Dynamic PV (filesystem volmode)] multiVolume [Slow] should concurrently access the single volume from pods on different node" classname="Kubernetes e2e suite" status="skipped" time="0">
              <skipped message="skipped"></skipped>
          </testcase>
          <testcase name="[It] [sig-storage] CSI Volumes [Driver: pd.csi.storage.gke.io] [Serial] [Testpattern: Dynamic PV (default fs)] provisioning should provision storage with mount options" classname="Kubernetes e2e suite" status="skipped" time="0">
              <skipped message="skipped"></skipped>
          </testcase>
          <testcase name="[It] [sig-storage] In-tree Volumes [Driver: emptydir] [Testpattern: Dynamic PV (default fs)] subPath should be able to unmount after the subpath directory is deleted [LinuxOnly]" classname="Kubernetes e2e suite" status="skipped" time="0">
              <skipped message="skipped"></skipped>
          </testcase>
          <testcase name="[It] [sig-storage] In-tree Volumes [Driver: iscsi] [Feature:Volumes] [Testpattern: Inline-volume (default fs)] volumeIO should write files of various sizes, verify size, validate content [Slow]" classname="Kubernetes e2e suite" status="skipped" time="0">
              <skipped message="skipped"></skipped>
          </testcase>
          <testcase name="[It] [sig-storage] In-tree Volumes [Driver: local] [LocalVolumeType: tmpfs] [Testpattern: Dynamic PV (filesystem volmode)] multiVolume [Slow] should concurrently access the single volume from pods on the same node" classname="Kubernetes e2e suite" status="skipped" time="0">
              <skipped message="skipped"></skipped>
          </testcase>
          <testcase name="[It] [sig-storage] In-tree Volumes [Driver: azure-file] [Testpattern: Pre-provisioned PV (ext4)] volumes should allow exec of files on the volume" classname="Kubernetes e2e suite" status="skipped" time="0">
              <skipped message="skipped"></skipped>
          </testcase>
          <testcase name="[It] [sig-storage] In-tree Volumes [Driver: local] [LocalVolumeType: block] [Testpattern: Dynamic PV (ext4)] multiVolume [Slow] should concurrently access the single volume from pods on the same node" classname="Kubernetes e2e suite" status="skipped" time="0">
              <skipped message="skipped"></skipped>
          </testcase>
          <testcase name="[It] [sig-storage] In-tree Volumes [Driver: ceph] [Feature:Volumes] [Serial] [Testpattern: Dynamic PV (default fs)] provisioning should mount multiple PV pointing to the same storage on the same node" classname="Kubernetes e2e suite" status="skipped" time="0">
              <skipped message="skipped"></skipped>
          </testcase>
          <testcase name="[It] [sig-storage] In-tree Volumes [Driver: emptydir] [Testpattern: Pre-provisioned PV (block volmode)] multiVolume [Slow] should concurrently access the single volume from pods on the same node" classname="Kubernetes e2e suite" status="skipped" time="0">
              <skipped message="skipped"></skipped>
          </testcase>
          <testcase name="[It] [sig-storage] In-tree Volumes [Driver: azure-file] [Testpattern: Dynamic PV (ntfs)] [Feature:Windows] provisioning should provision storage with snapshot data source (ROX mode) [Feature:VolumeSnapshotDataSource]" classname="Kubernetes e2e suite" status="skipped" time="0">
              <skipped message="skipped"></skipped>
          </testcase>
          <testcase name="[It] [sig-storage] In-tree Volumes [Driver: azure-disk] [Testpattern: Dynamic PV (ext4)] multiVolume [Slow] should concurrently access the volume and restored snapshot from pods on the same node [LinuxOnly] [Feature:VolumeSnapshotDataSource] [Feature:VolumeSourceXFS]" classname="Kubernetes e2e suite" status="skipped" time="0">
              <skipped message="skipped"></skipped>
          </testcase>
          <testcase name="[It] [sig-storage] In-tree Volumes [Driver: vsphere] [Testpattern: Pre-provisioned PV (default fs)] subPath should support non-existent path" classname="Kubernetes e2e suite" status="skipped" time="0">
              <skipped message="skipped"></skipped>
          </testcase>
          <testcase name="[It] [sig-storage] CSI Volumes [Driver: csi-hostpath] [Testpattern: Pre-provisioned PV (block volmode)] multiVolume [Slow] should concurrently access the volume and restored snapshot from pods on the same node [LinuxOnly] [Feature:VolumeSnapshotDataSource] [Feature:VolumeSourceXFS]" classname="Kubernetes e2e suite" status="skipped" time="0">
              <skipped message="skipped"></skipped>
          </testcase>
          <testcase name="[It] [sig-storage] PersistentVolumes-local Local volume that cannot be mounted [Slow] should fail due to non-existent path" classname="Kubernetes e2e suite" status="skipped" time="0">
              <skipped message="skipped"></skipped>
          </testcase>
          <testcase name="[It] [sig-storage] In-tree Volumes [Driver: local] [LocalVolumeType: gce-localssd-scsi-fs] [Serial] [Testpattern: Pre-provisioned PV (default fs)] subPath should support creating multiple subpath from same volumes [Slow]" classname="Kubernetes e2e suite" status="skipped" time="0">
              <skipped message="skipped"></skipped>
          </testcase>
          <testcase name="[It] [sig-storage] In-tree Volumes [Driver: hostPath] [Testpattern: Inline-volume (default fs)] volumeIO should write files of various sizes, verify size, validate content [Slow]" classname="Kubernetes e2e suite" status="skipped" time="0">
              <skipped message="skipped"></skipped>
          </testcase>
          <testcase name="[It] [sig-storage] CSI Volumes [Driver: csi-hostpath] [Testpattern: Dynamic PV (ntfs)] [Feature:Windows] multiVolume [Slow] should concurrently access the single volume from pods on the same node" classname="Kubernetes e2e suite" status="skipped" time="0">
              <skipped message="skipped"></skipped>
          </testcase>
          <testcase name="[It] [sig-storage] In-tree Volumes [Driver: hostPath] [Testpattern: Dynamic PV (filesystem volmode)] disruptive [Disruptive] [LinuxOnly] Should test that pv written before kubelet restart is readable after restart." classname="Kubernetes e2e suite" status="skipped" time="0">
              <skipped message="skipped"></skipped>
          </testcase>
          <testcase name="[It] [sig-storage] In-tree Volumes [Driver: aws] [Testpattern: Inline-volume (default fs)] subPath should verify container cannot write to subpath readonly volumes [Slow]" classname="Kubernetes e2e suite" status="skipped" time="0">
              <skipped message="skipped"></skipped>
          </testcase>
          <testcase name="[It] [sig-storage] In-tree Volumes [Driver: hostPathSymlink] [Testpattern: Dynamic PV (ext3)] volumes should allow exec of files on the volume" classname="Kubernetes e2e suite" status="skipped" time="0">
              <skipped message="skipped"></skipped>
          </testcase>
          <testcase name="[It] [sig-storage] CSI Volumes [Driver: csi-hostpath] [Testpattern: Dynamic PV (filesystem volmode)] multiVolume [Slow] should access to two volumes with the same volume mode and retain data across pod recreation on the same node" classname="Kubernetes e2e suite" status="skipped" time="0">
              <skipped message="skipped"></skipped>
          </testcase>
          <testcase name="[It] [sig-storage] In-tree Volumes [Driver: local] [LocalVolumeType: dir-link-bindmounted] [Testpattern: Pre-provisioned PV (block volmode)] volumeMode should fail to use a volume in a pod with mismatched mode [Slow]" classname="Kubernetes e2e suite" status="skipped" time="0">
              <skipped message="skipped"></skipped>
          </testcase>
          <testcase name="[It] [sig-storage] In-tree Volumes [Driver: rbd] [Feature:Volumes] [Serial] [Testpattern: Inline-volume (default fs)] subPath should support restarting containers using file as subpath [Slow] [LinuxOnly]" classname="Kubernetes e2e suite" status="skipped" time="0">
              <skipped message="skipped"></skipped>
          </testcase>
          <testcase name="[It] [sig-storage] In-tree Volumes [Driver: local] [LocalVolumeType: dir-link-bindmounted] [Testpattern: Pre-provisioned PV (block volmode)] multiVolume [Slow] should access to two volumes with different volume mode and retain data across pod recreation on the same node" classname="Kubernetes e2e suite" status="skipped" time="0">
              <skipped message="skipped"></skipped>
          </testcase>
          <testcase name="[It] [sig-network] DNS configMap nameserver Forward PTR lookup should forward PTR records lookup to upstream nameserver [Slow] [Serial]" classname="Kubernetes e2e suite" status="skipped" time="0">
              <skipped message="skipped"></skipped>
          </testcase>
          <testcase name="[It] [sig-storage] In-tree Volumes [Driver: iscsi] [Feature:Volumes] [Testpattern: Pre-provisioned PV (xfs)] [Slow] volumes should store data" classname="Kubernetes e2e suite" status="skipped" time="0">
              <skipped message="skipped"></skipped>
          </testcase>
          <testcase name="[It] [sig-storage] In-tree Volumes [Driver: local] [LocalVolumeType: gce-localssd-scsi-fs] [Serial] [Testpattern: Dynamic PV (ext4)] multiVolume [Slow] should concurrently access the volume and its clone from pods on the same node [LinuxOnly] [Feature:VolumeSourceXFS]" classname="Kubernetes e2e suite" status="skipped" time="0">
              <skipped message="skipped"></skipped>
          </testcase>
          <testcase name="[It] [sig-apps] CronJob should not schedule jobs when suspended [Slow] [Conformance]" classname="Kubernetes e2e suite" status="passed" time="300.073089754"></testcase>
          <testcase name="[It] [sig-api-machinery] kube-apiserver identity [Feature:APIServerIdentity] kube-apiserver identity should persist after restart [Disruptive]" classname="Kubernetes e2e suite" status="skipped" time="0">
              <skipped message="skipped"></skipped>
          </testcase>
          <testcase name="[It] [sig-storage] In-tree Volumes [Driver: local] [LocalVolumeType: dir-link] [Testpattern: Dynamic PV (block volmode)(allowExpansion)] volume-expand Verify if offline PVC expansion works" classname="Kubernetes e2e suite" status="skipped" time="0">
              <skipped message="skipped"></skipped>
          </testcase>
          <testcase name="[It] [sig-storage] In-tree Volumes [Driver: local] [LocalVolumeType: dir-bindmounted] [Testpattern: Dynamic PV (default fs)] provisioning should provision correct filesystem size when restoring snapshot to larger size pvc [Feature:VolumeSnapshotDataSource]" classname="Kubernetes e2e suite" status="skipped" time="0">
              <skipped message="skipped"></skipped>
          </testcase>
          <testcase name="[It] [sig-storage] In-tree Volumes [Driver: aws] [Testpattern: Dynamic PV (ntfs)] [Feature:Windows] subPath should support existing single file [LinuxOnly]" classname="Kubernetes e2e suite" status="skipped" time="0">
              <skipped message="skipped"></skipped>
          </testcase>
          <testcase name="[It] [sig-storage] In-tree Volumes [Driver: local] [LocalVolumeType: dir] [Testpattern: Pre-provisioned PV (block volmode)] multiVolume [Slow] should access to two volumes with different volume mode and retain data across pod recreation on different node" classname="Kubernetes e2e suite" status="skipped" time="0">
              <skipped message="skipped"></skipped>
          </testcase>
          <testcase name="[It] [sig-storage] In-tree Volumes [Driver: vsphere] [Testpattern: Dynamic PV (default fs)] subPath should fail if subpath with backstepping is outside the volume [Slow] [LinuxOnly]" classname="Kubernetes e2e suite" status="skipped" time="0">
              <skipped message="skipped"></skipped>
          </testcase>
          <testcase name="[It] [sig-storage] In-tree Volumes [Driver: hostPathSymlink] [Testpattern: Pre-provisioned PV (filesystem volmode)] disruptive [Disruptive] [LinuxOnly] Should test that pv used in a pod that is deleted while the kubelet is down is usable by a new pod when kubelet returns [Feature:SELinux]" classname="Kubernetes e2e suite" status="skipped" time="0">
              <skipped message="skipped"></skipped>
          </testcase>
          <testcase name="[It] [sig-storage] In-tree Volumes [Driver: local] [LocalVolumeType: gce-localssd-scsi-fs] [Serial] [Testpattern: Pre-provisioned PV (default fs)] subPath should support readOnly file specified in the volumeMount [LinuxOnly]" classname="Kubernetes e2e suite" status="skipped" time="0">
              <skipped message="skipped"></skipped>
          </testcase>
          <testcase name="[It] [sig-storage] PersistentVolumes-local [Volume type: dir-link-bindmounted] One pod requesting one prebound PVC should be able to mount volume and read from pod1" classname="Kubernetes e2e suite" status="skipped" time="0">
              <skipped message="skipped"></skipped>
          </testcase>
          <testcase name="[It] [sig-network] Netpol NetworkPolicy between server and client should properly isolate pods that are selected by a policy allowing SCTP, even if the plugin doesn&#39;t support SCTP [Feature:NetworkPolicy]" classname="Kubernetes e2e suite" status="skipped" time="0">
              <skipped message="skipped"></skipped>
          </testcase>
          <testcase name="[It] [sig-storage] In-tree Volumes [Driver: local] [LocalVolumeType: dir] [Testpattern: Dynamic PV (ntfs)] [Feature:Windows] multiVolume [Slow] should access to two volumes with the same volume mode and retain data across pod recreation on the same node" classname="Kubernetes e2e suite" status="skipped" time="0">
              <skipped message="skipped"></skipped>
          </testcase>
          <testcase name="[It] [sig-storage] EmptyDir volumes should support (non-root,0777,tmpfs) [LinuxOnly] [NodeConformance] [Conformance]" classname="Kubernetes e2e suite" status="passed" time="4.1175534"></testcase>
          <testcase name="[It] [sig-storage] CSI Volumes [Driver: csi-hostpath] [Testpattern: Dynamic PV (default fs)] fsgroupchangepolicy (Always)[LinuxOnly], pod created with an initial fsgroup, volume contents ownership changed via chgrp in first pod, new pod with different fsgroup applied to the volume contents" classname="Kubernetes e2e suite" status="skipped" time="0">
              <skipped message="skipped"></skipped>
          </testcase>
          <testcase name="[It] [sig-storage] In-tree Volumes [Driver: vsphere] [Testpattern: Pre-provisioned PV (block volmode)] disruptive [Disruptive] [LinuxOnly] Should test that pv used in a pod that is deleted while the kubelet is down cleans up when the kubelet returns." classname="Kubernetes e2e suite" status="skipped" time="0">
              <skipped message="skipped"></skipped>
          </testcase>
          <testcase name="[It] [sig-storage] In-tree Volumes [Driver: iscsi] [Feature:Volumes] [Testpattern: Dynamic PV (default fs)] subPath should support readOnly directory specified in the volumeMount" classname="Kubernetes e2e suite" status="skipped" time="0">
              <skipped message="skipped"></skipped>
          </testcase>
          <testcase name="[It] [sig-network] Services should be able to change the type from ExternalName to NodePort [Conformance]" classname="Kubernetes e2e suite" status="passed" time="9.059722561"></testcase>
          <testcase name="[It] [sig-storage] In-tree Volumes [Driver: vsphere] [Testpattern: Dynamic PV (default fs)] subPath should support readOnly directory specified in the volumeMount" classname="Kubernetes e2e suite" status="skipped" time="0">
              <skipped message="skipped"></skipped>
          </testcase>
          <testcase name="[It] [sig-storage] In-tree Volumes [Driver: vsphere] [Testpattern: Dynamic PV (xfs)] [Slow] multiVolume [Slow] should access to two volumes with the same volume mode and retain data across pod recreation on the same node" classname="Kubernetes e2e suite" status="skipped" time="0">
              <skipped message="skipped"></skipped>
          </testcase>
          <testcase name="[It] [sig-storage] CSI Volumes [Driver: pd.csi.storage.gke.io] [Serial] [Testpattern: Dynamic Snapshot (delete policy)] snapshottable-stress [Feature:VolumeSnapshotDataSource] should support snapshotting of many volumes repeatedly [Slow] [Serial]" classname="Kubernetes e2e suite" status="skipped" time="0">
              <skipped message="skipped"></skipped>
          </testcase>
          <testcase name="[It] [sig-storage] In-tree Volumes [Driver: iscsi] [Feature:Volumes] [Testpattern: Dynamic PV (ext4)] multiVolume [Slow] should concurrently access the single volume from pods on different node" classname="Kubernetes e2e suite" status="skipped" time="0">
              <skipped message="skipped"></skipped>
          </testcase>
          <testcase name="[It] [sig-storage] In-tree Volumes [Driver: ceph] [Feature:Volumes] [Serial] [Testpattern: Pre-provisioned PV (default fs)] subPath should fail if subpath directory is outside the volume [Slow] [LinuxOnly]" classname="Kubernetes e2e suite" status="skipped" time="0">
              <skipped message="skipped"></skipped>
          </testcase>
          <testcase name="[It] [sig-storage] In-tree Volumes [Driver: local] [LocalVolumeType: dir-bindmounted] [Testpattern: Dynamic PV (ntfs)] [Feature:Windows] volumes should allow exec of files on the volume" classname="Kubernetes e2e suite" status="skipped" time="0">
              <skipped message="skipped"></skipped>
          </testcase>
          <testcase name="[It] [sig-storage] In-tree Volumes [Driver: cinder] [Testpattern: Pre-provisioned PV (filesystem volmode)] multiVolume [Slow] should access to two volumes with the same volume mode and retain data across pod recreation on the same node" classname="Kubernetes e2e suite" status="skipped" time="0">
              <skipped message="skipped"></skipped>
          </testcase>
          <testcase name="[It] [sig-storage] In-tree Volumes [Driver: rbd] [Feature:Volumes] [Serial] [Testpattern: Inline-volume (default fs)] subPath should support readOnly file specified in the volumeMount [LinuxOnly]" classname="Kubernetes e2e suite" status="skipped" time="0">
              <skipped message="skipped"></skipped>
          </testcase>
          <testcase name="[It] [sig-cli] Kubectl logs logs should be able to retrieve and filter logs [Conformance]" classname="Kubernetes e2e suite" status="passed" time="6.017862343"></testcase>
          <testcase name="[It] [sig-storage] In-tree Volumes [Driver: hostPath] [Testpattern: Dynamic PV (ext4)] volumes should store data" classname="Kubernetes e2e suite" status="skipped" time="0">
              <skipped message="skipped"></skipped>
          </testcase>
          <testcase name="[It] [sig-storage] In-tree Volumes [Driver: ceph] [Feature:Volumes] [Serial] [Testpattern: Dynamic PV (block volmode)] provisioning should provision storage with snapshot data source [Feature:VolumeSnapshotDataSource]" classname="Kubernetes e2e suite" status="skipped" time="0">
              <skipped message="skipped"></skipped>
          </testcase>
          <testcase name="[It] [sig-storage] In-tree Volumes [Driver: hostPathSymlink] [Testpattern: Generic Ephemeral-volume (default fs) (immediate-binding)] ephemeral should support two pods which have the same volume definition" classname="Kubernetes e2e suite" status="skipped" time="0">
              <skipped message="skipped"></skipped>
          </testcase>
          <testcase name="[It] [sig-storage] In-tree Volumes [Driver: azure-disk] [Testpattern: Pre-provisioned PV (default fs)] subPath should fail if subpath with backstepping is outside the volume [Slow] [LinuxOnly]" classname="Kubernetes e2e suite" status="skipped" time="0">
              <skipped message="skipped"></skipped>
          </testcase>
          <testcase name="[It] [sig-storage] In-tree Volumes [Driver: local] [LocalVolumeType: blockfs] [Testpattern: Dynamic PV (default fs)] subPath should support restarting containers using file as subpath [Slow] [LinuxOnly]" classname="Kubernetes e2e suite" status="skipped" time="0">
              <skipped message="skipped"></skipped>
          </testcase>
          <testcase name="[It] [sig-storage] In-tree Volumes [Driver: aws] [Testpattern: Dynamic PV (default fs)] subPath should support restarting containers using file as subpath [Slow] [LinuxOnly]" classname="Kubernetes e2e suite" status="skipped" time="0">
              <skipped message="skipped"></skipped>
          </testcase>
          <testcase name="[It] [sig-storage] In-tree Volumes [Driver: emptydir] [Testpattern: Dynamic PV (default fs)] volume-expand should not allow expansion of pvcs without AllowVolumeExpansion property" classname="Kubernetes e2e suite" status="skipped" time="0">
              <skipped message="skipped"></skipped>
          </testcase>
          <testcase name="[It] [sig-storage] In-tree Volumes [Driver: local] [LocalVolumeType: block] [Testpattern: Dynamic PV (filesystem volmode)] multiVolume [Slow] should concurrently access the volume and restored snapshot from pods on the same node [LinuxOnly] [Feature:VolumeSnapshotDataSource] [Feature:VolumeSourceXFS]" classname="Kubernetes e2e suite" status="skipped" time="0">
              <skipped message="skipped"></skipped>
          </testcase>
          <testcase name="[It] [sig-storage] In-tree Volumes [Driver: hostPath] [Testpattern: Generic Ephemeral-volume (default fs) (late-binding)] ephemeral should support expansion of pvcs created for ephemeral pvcs" classname="Kubernetes e2e suite" status="skipped" time="0">
              <skipped message="skipped"></skipped>
          </testcase>
          <testcase name="[It] [sig-scheduling] SchedulerPredicates [Serial] validates pod overhead is considered along with resource limits of pods that are allowed to run verify pod overhead is accounted for" classname="Kubernetes e2e suite" status="skipped" time="0">
              <skipped message="skipped"></skipped>
          </testcase>
          <testcase name="[It] [sig-storage] In-tree Volumes [Driver: local] [LocalVolumeType: dir-link] [Testpattern: Dynamic PV (ntfs)] [Feature:Windows] multiVolume [Slow] should concurrently access the volume and its clone from pods on the same node [LinuxOnly] [Feature:VolumeSourceXFS]" classname="Kubernetes e2e suite" status="skipped" time="0">
              <skipped message="skipped"></skipped>
          </testcase>
          <testcase name="[It] [sig-storage] In-tree Volumes [Driver: local] [LocalVolumeType: block] [Testpattern: Inline-volume (default fs)] subPath should support restarting containers using directory as subpath [Slow]" classname="Kubernetes e2e suite" status="skipped" time="0">
              <skipped message="skipped"></skipped>
          </testcase>
          <testcase name="[It] [sig-storage] PersistentVolumes-local [Volume type: gce-localssd-scsi-fs] [Serial] Two pods mounting a local volume at the same time should be able to write from pod1 and read from pod2" classname="Kubernetes e2e suite" status="skipped" time="0">
              <skipped message="skipped"></skipped>
          </testcase>
          <testcase name="[It] [sig-node] Security Context should support pod.Spec.SecurityContext.SupplementalGroups [LinuxOnly]" classname="Kubernetes e2e suite" status="skipped" time="0">
              <skipped message="skipped"></skipped>
          </testcase>
          <testcase name="[It] [sig-storage] In-tree Volumes [Driver: aws] [Testpattern: Dynamic PV (xfs)] [Slow] multiVolume [Slow] should concurrently access the single read-only volume from pods on the same node" classname="Kubernetes e2e suite" status="skipped" time="0">
              <skipped message="skipped"></skipped>
          </testcase>
          <testcase name="[It] [sig-cloud-provider-gcp] HA-master [Feature:HAMaster] survive addition/removal replicas different zones [Serial] [Disruptive]" classname="Kubernetes e2e suite" status="skipped" time="0">
              <skipped message="skipped"></skipped>
          </testcase>
          <testcase name="[It] [sig-storage] In-tree Volumes [Driver: nfs] [Testpattern: Dynamic PV (ntfs)] [Feature:Windows] multiVolume [Slow] should access to two volumes with different volume mode and retain data across pod recreation on different node" classname="Kubernetes e2e suite" status="skipped" time="0">
              <skipped message="skipped"></skipped>
          </testcase>
          <testcase name="[It] [sig-storage] In-tree Volumes [Driver: vsphere] [Testpattern: Pre-provisioned PV (default fs)] subPath should support existing directory" classname="Kubernetes e2e suite" status="skipped" time="0">
              <skipped message="skipped"></skipped>
          </testcase>
          <testcase name="[It] [sig-storage] In-tree Volumes [Driver: vsphere] [Testpattern: Dynamic PV (immediate binding)] topology should fail to schedule a pod which has topologies that conflict with AllowedTopologies" classname="Kubernetes e2e suite" status="skipped" time="0">
              <skipped message="skipped"></skipped>
          </testcase>
          <testcase name="[It] [sig-storage] CSI Volumes [Driver: csi-hostpath] [Testpattern: Dynamic PV (ext4)] volumes should store data" classname="Kubernetes e2e suite" status="skipped" time="0">
              <skipped message="skipped"></skipped>
          </testcase>
          <testcase name="[It] [sig-storage] In-tree Volumes [Driver: hostPathSymlink] [Testpattern: Dynamic PV (ext4)] multiVolume [Slow] should access to two volumes with the same volume mode and retain data across pod recreation on different node" classname="Kubernetes e2e suite" status="skipped" time="0">
              <skipped message="skipped"></skipped>
          </testcase>
          <testcase name="[It] [sig-storage] CSI Volumes [Driver: pd.csi.storage.gke.io] [Serial] [Testpattern: Dynamic PV (filesystem volmode)] multiVolume [Slow] should access to two volumes with the same volume mode and retain data across pod recreation on the same node" classname="Kubernetes e2e suite" status="skipped" time="0">
              <skipped message="skipped"></skipped>
          </testcase>
          <testcase name="[It] [sig-storage] In-tree Volumes [Driver: hostPath] [Testpattern: Inline-volume (default fs)] volumes should allow exec of files on the volume" classname="Kubernetes e2e suite" status="skipped" time="0">
              <skipped message="skipped"></skipped>
          </testcase>
          <testcase name="[It] [sig-node] [NodeAlphaFeature:SidecarContainers] [Feature:SidecarContainers] Probing restartable init container should be restarted with a /healthz http liveness probe" classname="Kubernetes e2e suite" status="skipped" time="0">
              <skipped message="skipped"></skipped>
          </testcase>
          <testcase name="[It] [sig-storage] In-tree Volumes [Driver: nfs] [Testpattern: Dynamic PV (block volmode)] disruptive [Disruptive] [LinuxOnly] Should test that pv written before kubelet restart is readable after restart." classname="Kubernetes e2e suite" status="skipped" time="0">
              <skipped message="skipped"></skipped>
          </testcase>
          <testcase name="[It] [sig-storage] HostPath should give a volume the correct mode [LinuxOnly] [NodeConformance]" classname="Kubernetes e2e suite" status="skipped" time="0">
              <skipped message="skipped"></skipped>
          </testcase>
          <testcase name="[It] [sig-storage] In-tree Volumes [Driver: emptydir] [Testpattern: Dynamic PV (ext4)] volumes should store data" classname="Kubernetes e2e suite" status="skipped" time="0">
              <skipped message="skipped"></skipped>
          </testcase>
          <testcase name="[It] [sig-storage] In-tree Volumes [Driver: rbd] [Feature:Volumes] [Serial] [Testpattern: Dynamic PV (ntfs)] [Feature:Windows] provisioning should provision storage with mount options" classname="Kubernetes e2e suite" status="skipped" time="0">
              <skipped message="skipped"></skipped>
          </testcase>
          <testcase name="[It] [sig-storage] CSI Mock volume limit CSI volume limit information using mock driver should report attach limit for persistent volume when generic ephemeral volume is attached [Slow]" classname="Kubernetes e2e suite" status="skipped" time="0">
              <skipped message="skipped"></skipped>
          </testcase>
          <testcase name="[It] [sig-storage] In-tree Volumes [Driver: local] [LocalVolumeType: dir-link] [Testpattern: Pre-provisioned PV (block volmode)] multiVolume [Slow] should access to two volumes with different volume mode and retain data across pod recreation on the same node" classname="Kubernetes e2e suite" status="skipped" time="0">
              <skipped message="skipped"></skipped>
          </testcase>
          <testcase name="[It] [sig-autoscaling] Cluster size autoscaler scalability [Slow] should scale down underutilized nodes [Feature:ClusterAutoscalerScalability4]" classname="Kubernetes e2e suite" status="skipped" time="0">
              <skipped message="skipped"></skipped>
          </testcase>
          <testcase name="[It] [sig-storage] In-tree Volumes [Driver: local] [LocalVolumeType: dir-link] [Testpattern: Pre-provisioned PV (filesystem volmode)] multiVolume [Slow] should concurrently access the single volume from pods on different node" classname="Kubernetes e2e suite" status="skipped" time="0">
              <skipped message="skipped"></skipped>
          </testcase>
          <testcase name="[It] [sig-storage] In-tree Volumes [Driver: local] [LocalVolumeType: block] [Testpattern: Dynamic PV (filesystem volmode)] multiVolume [Slow] should concurrently access the single read-only volume from pods on the same node" classname="Kubernetes e2e suite" status="skipped" time="0">
              <skipped message="skipped"></skipped>
          </testcase>
          <testcase name="[It] [sig-storage] In-tree Volumes [Driver: local] [LocalVolumeType: dir-bindmounted] [Testpattern: Pre-provisioned PV (default fs)] subPath should support non-existent path" classname="Kubernetes e2e suite" status="skipped" time="0">
              <skipped message="skipped"></skipped>
          </testcase>
          <testcase name="[It] [sig-storage] In-tree Volumes [Driver: local] [LocalVolumeType: dir-bindmounted] [Testpattern: Pre-provisioned PV (block volmode)] multiVolume [Slow] should concurrently access the volume and its clone from pods on the same node [LinuxOnly] [Feature:VolumeSourceXFS]" classname="Kubernetes e2e suite" status="skipped" time="0">
              <skipped message="skipped"></skipped>
          </testcase>
          <testcase name="[It] [sig-storage] In-tree Volumes [Driver: iscsi] [Feature:Volumes] [Testpattern: Dynamic PV (block volmode)] provisioning should provision storage with pvc data source (ROX mode)" classname="Kubernetes e2e suite" status="skipped" time="0">
              <skipped message="skipped"></skipped>
          </testcase>
          <testcase name="[It] [sig-storage] In-tree Volumes [Driver: hostPathSymlink] [Testpattern: Dynamic PV (ntfs)] [Feature:Windows] multiVolume [Slow] should concurrently access the single volume from pods on the same node" classname="Kubernetes e2e suite" status="skipped" time="0">
              <skipped message="skipped"></skipped>
          </testcase>
          <testcase name="[It] [sig-cloud-provider-gcp] Upgrade [Feature:Upgrade] master upgrade should maintain a functioning cluster [Feature:MasterUpgrade]" classname="Kubernetes e2e suite" status="skipped" time="0">
              <skipped message="skipped"></skipped>
          </testcase>
          <testcase name="[It] [sig-node] DRA [Feature:DynamicResourceAllocation] cluster with delayed allocation and not setting ReservedFor supports external claim referenced by multiple pods" classname="Kubernetes e2e suite" status="skipped" time="0">
              <skipped message="skipped"></skipped>
          </testcase>
          <testcase name="[It] [sig-apps] ReplicationController should surface a failure condition on a common issue like exceeded quota [Conformance]" classname="Kubernetes e2e suite" status="passed" time="1.073678642"></testcase>
          <testcase name="[It] [sig-storage] In-tree Volumes [Driver: hostPathSymlink] [Testpattern: Dynamic PV (block volmode)] provisioning should provision correct filesystem size when restoring snapshot to larger size pvc [Feature:VolumeSnapshotDataSource]" classname="Kubernetes e2e suite" status="skipped" time="0">
              <skipped message="skipped"></skipped>
          </testcase>
          <testcase name="[It] [sig-storage] In-tree Volumes [Driver: local] [LocalVolumeType: dir] [Testpattern: Dynamic PV (ntfs)] [Feature:Windows] subPath should fail if subpath directory is outside the volume [Slow] [LinuxOnly]" classname="Kubernetes e2e suite" status="skipped" time="0">
              <skipped message="skipped"></skipped>
          </testcase>
          <testcase name="[It] [sig-node] DRA [Feature:DynamicResourceAllocation] cluster with immediate allocation must deallocate after use when using delayed allocation" classname="Kubernetes e2e suite" status="skipped" time="0">
              <skipped message="skipped"></skipped>
          </testcase>
          <testcase name="[It] [sig-storage] In-tree Volumes [Driver: local] [LocalVolumeType: tmpfs] [Testpattern: Generic Ephemeral-volume (default fs) (late-binding)] ephemeral should support multiple inline ephemeral volumes" classname="Kubernetes e2e suite" status="skipped" time="0">
              <skipped message="skipped"></skipped>
          </testcase>
          <testcase name="[It] [sig-storage] CSI Volumes [Driver: csi-hostpath] [Testpattern: Generic Ephemeral-volume (default fs) (immediate-binding)] ephemeral should support two pods which have the same volume definition" classname="Kubernetes e2e suite" status="skipped" time="0">
              <skipped message="skipped"></skipped>
          </testcase>
          <testcase name="[It] [sig-storage] In-tree Volumes [Driver: azure-file] [Testpattern: Dynamic PV (ext4)] multiVolume [Slow] should access to two volumes with different volume mode and retain data across pod recreation on the same node" classname="Kubernetes e2e suite" status="skipped" time="0">
              <skipped message="skipped"></skipped>
          </testcase>
          <testcase name="[It] [sig-node] DRA [Feature:DynamicResourceAllocation] multiple drivers using both drapbv1alpha2 and drapbv1alpha3 work" classname="Kubernetes e2e suite" status="skipped" time="0">
              <skipped message="skipped"></skipped>
          </testcase>
          <testcase name="[It] [sig-storage] CSI Volumes [Driver: csi-hostpath] [Testpattern: Pre-provisioned PV (default fs)] subPath should unmount if pod is gracefully deleted while kubelet is down [Disruptive] [Slow] [LinuxOnly]" classname="Kubernetes e2e suite" status="skipped" time="0">
              <skipped message="skipped"></skipped>
          </testcase>
          <testcase name="[It] [sig-storage] In-tree Volumes [Driver: local] [LocalVolumeType: block] [Testpattern: Dynamic PV (ext4)] multiVolume [Slow] should access to two volumes with different volume mode and retain data across pod recreation on different node" classname="Kubernetes e2e suite" status="skipped" time="0">
              <skipped message="skipped"></skipped>
          </testcase>
          <testcase name="[It] [sig-storage] In-tree Volumes [Driver: azure-file] [Testpattern: Dynamic PV (default fs)] provisioning should mount multiple PV pointing to the same storage on the same node" classname="Kubernetes e2e suite" status="skipped" time="0">
              <skipped message="skipped"></skipped>
          </testcase>
          <testcase name="[It] [sig-storage] In-tree Volumes [Driver: local] [LocalVolumeType: dir-link-bindmounted] [Testpattern: Dynamic PV (ntfs)] [Feature:Windows] multiVolume [Slow] should access to two volumes with different volume mode and retain data across pod recreation on different node" classname="Kubernetes e2e suite" status="skipped" time="0">
              <skipped message="skipped"></skipped>
          </testcase>
          <testcase name="[It] [sig-storage] In-tree Volumes [Driver: local] [LocalVolumeType: blockfs] [Testpattern: Pre-provisioned PV (default fs)] subPath should support readOnly directory specified in the volumeMount" classname="Kubernetes e2e suite" status="skipped" time="0">
              <skipped message="skipped"></skipped>
          </testcase>
          <testcase name="[It] [sig-storage] In-tree Volumes [Driver: nfs] [Testpattern: Dynamic PV (ntfs)] [Feature:Windows] multiVolume [Slow] should access to two volumes with different volume mode and retain data across pod recreation on the same node" classname="Kubernetes e2e suite" status="skipped" time="0">
              <skipped message="skipped"></skipped>
          </testcase>
          <testcase name="[It] [sig-storage] In-tree Volumes [Driver: local] [LocalVolumeType: dir-link] [Testpattern: Inline-volume (default fs)] subPath should support existing directory" classname="Kubernetes e2e suite" status="skipped" time="0">
              <skipped message="skipped"></skipped>
          </testcase>
          <testcase name="[It] [sig-storage] In-tree Volumes [Driver: nfs] [Testpattern: Pre-provisioned PV (default fs)] subPath should fail if subpath file is outside the volume [Slow] [LinuxOnly]" classname="Kubernetes e2e suite" status="skipped" time="0">
              <skipped message="skipped"></skipped>
          </testcase>
          <testcase name="[It] [sig-node] Security Context When creating a pod with HostUsers should mount all volumes with proper permissions with hostUsers=false [LinuxOnly] [Feature:UserNamespacesSupport]" classname="Kubernetes e2e suite" status="skipped" time="0">
              <skipped message="skipped"></skipped>
          </testcase>
          <testcase name="[It] [sig-autoscaling] Cluster size autoscaling [Slow] should scale down when expendable pod is running [Feature:ClusterSizeAutoscalingScaleDown]" classname="Kubernetes e2e suite" status="skipped" time="0">
              <skipped message="skipped"></skipped>
          </testcase>
          <testcase name="[It] [sig-storage] In-tree Volumes [Driver: azure-disk] [Testpattern: Pre-provisioned PV (xfs)] [Slow] volumes should store data" classname="Kubernetes e2e suite" status="skipped" time="0">
              <skipped message="skipped"></skipped>
          </testcase>
          <testcase name="[It] [sig-storage] CSI Volumes [Driver: pd.csi.storage.gke.io] [Serial] [Testpattern: Dynamic PV (xfs)] [Slow] multiVolume [Slow] should concurrently access the single volume from pods on the same node" classname="Kubernetes e2e suite" status="skipped" time="0">
              <skipped message="skipped"></skipped>
          </testcase>
          <testcase name="[It] [sig-storage] In-tree Volumes [Driver: local] [LocalVolumeType: tmpfs] [Testpattern: Pre-provisioned PV (block volmode)] multiVolume [Slow] should concurrently access the volume and its clone from pods on the same node [LinuxOnly] [Feature:VolumeSourceXFS]" classname="Kubernetes e2e suite" status="skipped" time="0">
              <skipped message="skipped"></skipped>
          </testcase>
          <testcase name="[It] [sig-storage] PersistentVolumes NFS with Single PV - PVC pairs create a PV and a pre-bound PVC: test write access" classname="Kubernetes e2e suite" status="skipped" time="0">
              <skipped message="skipped"></skipped>
          </testcase>
          <testcase name="[It] [sig-storage] In-tree Volumes [Driver: iscsi] [Feature:Volumes] [Testpattern: Dynamic PV (default fs)] provisioning should provision correct filesystem size when restoring snapshot to larger size pvc [Feature:VolumeSnapshotDataSource]" classname="Kubernetes e2e suite" status="skipped" time="0">
              <skipped message="skipped"></skipped>
          </testcase>
          <testcase name="[It] [sig-storage] In-tree Volumes [Driver: local] [LocalVolumeType: dir-bindmounted] [Testpattern: Generic Ephemeral-volume (block volmode) (late-binding)] ephemeral should support two pods which have the same volume definition" classname="Kubernetes e2e suite" status="skipped" time="0">
              <skipped message="skipped"></skipped>
          </testcase>
          <testcase name="[It] [sig-storage] Zone Support [Feature:vsphere] Verify PVC creation fails if no zones are specified in the storage class (No shared datastores exist among all the nodes)" classname="Kubernetes e2e suite" status="skipped" time="0">
              <skipped message="skipped"></skipped>
          </testcase>
          <testcase name="[It] [sig-storage] In-tree Volumes [Driver: hostPathSymlink] [Testpattern: Pre-provisioned PV (ext4)] volumes should store data" classname="Kubernetes e2e suite" status="skipped" time="0">
              <skipped message="skipped"></skipped>
          </testcase>
          <testcase name="[It] [sig-apps] ReplicaSet should surface a failure condition on a common issue like exceeded quota" classname="Kubernetes e2e suite" status="skipped" time="0">
              <skipped message="skipped"></skipped>
          </testcase>
          <testcase name="[It] [sig-storage] Projected downwardAPI should provide container&#39;s memory limit [NodeConformance] [Conformance]" classname="Kubernetes e2e suite" status="passed" time="4.085065572"></testcase>
          <testcase name="[It] [sig-storage] In-tree Volumes [Driver: local] [LocalVolumeType: tmpfs] [Testpattern: Pre-provisioned PV (block volmode)] multiVolume [Slow] should concurrently access the volume and restored snapshot from pods on the same node [LinuxOnly] [Feature:VolumeSnapshotDataSource] [Feature:VolumeSourceXFS]" classname="Kubernetes e2e suite" status="skipped" time="0">
              <skipped message="skipped"></skipped>
          </testcase>
          <testcase name="[It] [sig-storage] In-tree Volumes [Driver: rbd] [Feature:Volumes] [Serial] [Testpattern: Dynamic PV (xfs)] [Slow] multiVolume [Slow] should concurrently access the volume and its clone from pods on the same node [LinuxOnly] [Feature:VolumeSourceXFS]" classname="Kubernetes e2e suite" status="skipped" time="0">
              <skipped message="skipped"></skipped>
          </testcase>
          <testcase name="[It] [sig-storage] In-tree Volumes [Driver: emptydir] [Testpattern: Pre-provisioned PV (filesystem volmode)] multiVolume [Slow] should access to two volumes with the same volume mode and retain data across pod recreation on the same node" classname="Kubernetes e2e suite" status="skipped" time="0">
              <skipped message="skipped"></skipped>
          </testcase>
          <testcase name="[It] [sig-storage] In-tree Volumes [Driver: ceph] [Feature:Volumes] [Serial] [Testpattern: Dynamic PV (ntfs)(allowExpansion)] [Feature:Windows] volume-expand Verify if offline PVC expansion works" classname="Kubernetes e2e suite" status="skipped" time="0">
              <skipped message="skipped"></skipped>
          </testcase>
          <testcase name="[It] [sig-storage] In-tree Volumes [Driver: hostPathSymlink] [Testpattern: Inline-volume (default fs)] subPath should be able to unmount after the subpath directory is deleted [LinuxOnly]" classname="Kubernetes e2e suite" status="skipped" time="0">
              <skipped message="skipped"></skipped>
          </testcase>
          <testcase name="[It] [sig-storage] In-tree Volumes [Driver: nfs] [Testpattern: Dynamic PV (default fs)] provisioning should provision storage with pvc data source (ROX mode)" classname="Kubernetes e2e suite" status="skipped" time="0">
              <skipped message="skipped"></skipped>
          </testcase>
          <testcase name="[It] [sig-storage] In-tree Volumes [Driver: local] [LocalVolumeType: blockfs] [Testpattern: Dynamic PV (ntfs)] [Feature:Windows] subPath should support creating multiple subpath from same volumes [Slow]" classname="Kubernetes e2e suite" status="skipped" time="0">
              <skipped message="skipped"></skipped>
          </testcase>
          <testcase name="[It] [sig-storage] In-tree Volumes [Driver: hostPath] [Testpattern: Dynamic PV (ext3)] volumes should allow exec of files on the volume" classname="Kubernetes e2e suite" status="skipped" time="0">
              <skipped message="skipped"></skipped>
          </testcase>
          <testcase name="[It] [sig-storage] In-tree Volumes [Driver: nfs] [Testpattern: Inline-volume (default fs)] subPath should support creating multiple subpath from same volumes [Slow]" classname="Kubernetes e2e suite" status="skipped" time="0">
              <skipped message="skipped"></skipped>
          </testcase>
          <testcase name="[It] [sig-node] [NodeAlphaFeature:SidecarContainers] [Feature:SidecarContainers] Probing restartable init container should be restarted with a local redirect http liveness probe" classname="Kubernetes e2e suite" status="skipped" time="0">
              <skipped message="skipped"></skipped>
          </testcase>
          <testcase name="[It] [sig-storage] In-tree Volumes [Driver: hostPath] [Testpattern: Pre-provisioned PV (default fs)] subPath should support existing single file [LinuxOnly]" classname="Kubernetes e2e suite" status="skipped" time="0">
              <skipped message="skipped"></skipped>
          </testcase>
          <testcase name="[It] [sig-api-machinery] ResourceQuota should verify ResourceQuota with cross namespace pod affinity scope using scope-selectors." classname="Kubernetes e2e suite" status="skipped" time="0">
              <skipped message="skipped"></skipped>
          </testcase>
          <testcase name="[It] [sig-storage] In-tree Volumes [Driver: local] [LocalVolumeType: dir-bindmounted] [Testpattern: Generic Ephemeral-volume (default fs) (immediate-binding)] ephemeral should support expansion of pvcs created for ephemeral pvcs" classname="Kubernetes e2e suite" status="skipped" time="0">
              <skipped message="skipped"></skipped>
          </testcase>
          <testcase name="[It] [sig-storage] In-tree Volumes [Driver: nfs] [Testpattern: Pre-provisioned PV (default fs)] subPath should support readOnly directory specified in the volumeMount" classname="Kubernetes e2e suite" status="skipped" time="0">
              <skipped message="skipped"></skipped>
          </testcase>
          <testcase name="[It] [sig-apps] Job Using a pod failure policy to not count some failures towards the backoffLimit Ignore exit code 137" classname="Kubernetes e2e suite" status="skipped" time="0">
              <skipped message="skipped"></skipped>
          </testcase>
          <testcase name="[It] [sig-storage] In-tree Volumes [Driver: rbd] [Feature:Volumes] [Serial] [Testpattern: Pre-provisioned PV (filesystem volmode)] disruptive [Disruptive] [LinuxOnly] Should test that pv written before kubelet restart is readable after restart." classname="Kubernetes e2e suite" status="skipped" time="0">
              <skipped message="skipped"></skipped>
          </testcase>
          <testcase name="[It] [sig-node] [NodeAlphaFeature:SidecarContainers] [Feature:SidecarContainers] Probing restartable init container should override timeoutGracePeriodSeconds when LivenessProbe field is set" classname="Kubernetes e2e suite" status="skipped" time="0">
              <skipped message="skipped"></skipped>
          </testcase>
          <testcase name="[It] [sig-storage] In-tree Volumes [Driver: hostPathSymlink] [Testpattern: Dynamic PV (ntfs)] [Feature:Windows] subPath should support file as subpath [LinuxOnly]" classname="Kubernetes e2e suite" status="skipped" time="0">
              <skipped message="skipped"></skipped>
          </testcase>
          <testcase name="[It] [sig-storage] Zone Support [Feature:vsphere] Verify a pod is created and attached to a dynamically created PV with storage policy specified in storage class in waitForFirstConsumer binding mode with allowedTopologies" classname="Kubernetes e2e suite" status="skipped" time="0">
              <skipped message="skipped"></skipped>
          </testcase>
          <testcase name="[It] [sig-storage] In-tree Volumes [Driver: local] [LocalVolumeType: dir-link] [Testpattern: Pre-provisioned PV (filesystem volmode)] multiVolume [Slow] should concurrently access the volume and restored snapshot from pods on the same node [LinuxOnly] [Feature:VolumeSnapshotDataSource] [Feature:VolumeSourceXFS]" classname="Kubernetes e2e suite" status="skipped" time="0">
              <skipped message="skipped"></skipped>
          </testcase>
          <testcase name="[It] [sig-storage] In-tree Volumes [Driver: local] [LocalVolumeType: tmpfs] [Testpattern: Inline-volume (ext4)] volumes should allow exec of files on the volume" classname="Kubernetes e2e suite" status="skipped" time="0">
              <skipped message="skipped"></skipped>
          </testcase>
          <testcase name="[It] [sig-storage] In-tree Volumes [Driver: aws] [Testpattern: Dynamic PV (block volmode)] multiVolume [Slow] should access to two volumes with the same volume mode and retain data across pod recreation on different node" classname="Kubernetes e2e suite" status="skipped" time="0">
              <skipped message="skipped"></skipped>
          </testcase>
          <testcase name="[It] [sig-storage] In-tree Volumes [Driver: hostPathSymlink] [Testpattern: Dynamic PV (ntfs)] [Feature:Windows] provisioning should mount multiple PV pointing to the same storage on the same node" classname="Kubernetes e2e suite" status="skipped" time="0">
              <skipped message="skipped"></skipped>
          </testcase>
          <testcase name="[It] [sig-storage] In-tree Volumes [Driver: vsphere] [Testpattern: Dynamic PV (default fs)] subPath should support existing directories when readOnly specified in the volumeSource" classname="Kubernetes e2e suite" status="skipped" time="0">
              <skipped message="skipped"></skipped>
          </testcase>
          <testcase name="[It] [sig-autoscaling] [Feature:HPA] Horizontal pod autoscaling (scale resource: Memory) [Serial] [Slow] Deployment (Pod Resource) Should scale from 1 pod to 3 pods and then from 3 pods to 5 pods using Average Value for aggregation" classname="Kubernetes e2e suite" status="skipped" time="0">
              <skipped message="skipped"></skipped>
          </testcase>
          <testcase name="[It] [sig-storage] In-tree Volumes [Driver: aws] [Testpattern: Pre-provisioned PV (default fs)] volumes should store data" classname="Kubernetes e2e suite" status="skipped" time="0">
              <skipped message="skipped"></skipped>
          </testcase>
          <testcase name="[It] [sig-storage] In-tree Volumes [Driver: local] [LocalVolumeType: dir-link] [Testpattern: Dynamic PV (default fs)] subPath should unmount if pod is force deleted while kubelet is down [Disruptive] [Slow] [LinuxOnly]" classname="Kubernetes e2e suite" status="skipped" time="0">
              <skipped message="skipped"></skipped>
          </testcase>
          <testcase name="[It] [sig-storage] In-tree Volumes [Driver: local] [LocalVolumeType: blockfs] [Testpattern: Dynamic PV (ntfs)] [Feature:Windows] subPath should support existing directory" classname="Kubernetes e2e suite" status="skipped" time="0">
              <skipped message="skipped"></skipped>
          </testcase>
          <testcase name="[It] [sig-storage] In-tree Volumes [Driver: azure-disk] [Testpattern: Dynamic PV (ntfs)] [Feature:Windows] multiVolume [Slow] should access to two volumes with the same volume mode and retain data across pod recreation on the same node" classname="Kubernetes e2e suite" status="skipped" time="0">
              <skipped message="skipped"></skipped>
          </testcase>
          <testcase name="[It] [sig-storage] In-tree Volumes [Driver: local] [LocalVolumeType: blockfs] [Testpattern: Dynamic PV (ext4)] multiVolume [Slow] should concurrently access the single volume from pods on the same node" classname="Kubernetes e2e suite" status="skipped" time="0">
              <skipped message="skipped"></skipped>
          </testcase>
          <testcase name="[It] [sig-storage] In-tree Volumes [Driver: emptydir] [Testpattern: Dynamic PV (block volmode)] multiVolume [Slow] should access to two volumes with the same volume mode and retain data across pod recreation on different node" classname="Kubernetes e2e suite" status="skipped" time="0">
              <skipped message="skipped"></skipped>
          </testcase>
          <testcase name="[It] [sig-storage] In-tree Volumes [Driver: local] [LocalVolumeType: dir-link] [Testpattern: Dynamic PV (default fs)] subPath should fail if subpath file is outside the volume [Slow] [LinuxOnly]" classname="Kubernetes e2e suite" status="skipped" time="0">
              <skipped message="skipped"></skipped>
          </testcase>
          <testcase name="[It] [sig-autoscaling] Cluster size autoscaling [Slow] should increase cluster size if pending pods are small [Feature:ClusterSizeAutoscalingScaleUp]" classname="Kubernetes e2e suite" status="skipped" time="0">
              <skipped message="skipped"></skipped>
          </testcase>
          <testcase name="[It] [sig-storage] In-tree Volumes [Driver: local] [LocalVolumeType: block] [Testpattern: Dynamic PV (block volmode)] provisioning should provision storage with snapshot data source [Feature:VolumeSnapshotDataSource]" classname="Kubernetes e2e suite" status="skipped" time="0">
              <skipped message="skipped"></skipped>
          </testcase>
          <testcase name="[It] [sig-storage] In-tree Volumes [Driver: local] [LocalVolumeType: blockfs] [Testpattern: Pre-provisioned PV (block volmode)] volumeMode should fail to use a volume in a pod with mismatched mode [Slow]" classname="Kubernetes e2e suite" status="skipped" time="0">
              <skipped message="skipped"></skipped>
          </testcase>
          <testcase name="[It] [sig-autoscaling] [HPA] [Feature:CustomMetricsAutoscaling] Horizontal pod autoscaling (scale resource: Custom Metrics from Stackdriver) with Custom Metric of type Pod from Stackdriver should scale up with two metrics" classname="Kubernetes e2e suite" status="skipped" time="0">
              <skipped message="skipped"></skipped>
          </testcase>
          <testcase name="[It] [sig-storage] In-tree Volumes [Driver: vsphere] [Testpattern: Generic Ephemeral-volume (block volmode) (late-binding)] ephemeral should support multiple inline ephemeral volumes" classname="Kubernetes e2e suite" status="skipped" time="0">
              <skipped message="skipped"></skipped>
          </testcase>
          <testcase name="[It] [sig-storage] In-tree Volumes [Driver: local] [LocalVolumeType: dir-bindmounted] [Testpattern: Inline-volume (default fs)] subPath should support creating multiple subpath from same volumes [Slow]" classname="Kubernetes e2e suite" status="skipped" time="0">
              <skipped message="skipped"></skipped>
          </testcase>
          <testcase name="[It] [sig-storage] In-tree Volumes [Driver: local] [LocalVolumeType: block] [Testpattern: Generic Ephemeral-volume (block volmode) (late-binding)] ephemeral should support multiple inline ephemeral volumes" classname="Kubernetes e2e suite" status="skipped" time="0">
              <skipped message="skipped"></skipped>
          </testcase>
          <testcase name="[It] [sig-storage] In-tree Volumes [Driver: local] [LocalVolumeType: tmpfs] [Testpattern: Dynamic PV (default fs)] subPath should support existing directory" classname="Kubernetes e2e suite" status="skipped" time="0">
              <skipped message="skipped"></skipped>
          </testcase>
          <testcase name="[It] [sig-storage] In-tree Volumes [Driver: iscsi] [Feature:Volumes] [Testpattern: Dynamic PV (filesystem volmode)] multiVolume [Slow] should concurrently access the volume and its clone from pods on the same node [LinuxOnly] [Feature:VolumeSourceXFS]" classname="Kubernetes e2e suite" status="skipped" time="0">
              <skipped message="skipped"></skipped>
          </testcase>
          <testcase name="[It] [sig-storage] In-tree Volumes [Driver: aws] [Testpattern: Dynamic PV (ntfs)] [Feature:Windows] subPath should support existing directory" classname="Kubernetes e2e suite" status="skipped" time="0">
              <skipped message="skipped"></skipped>
          </testcase>
          <testcase name="[It] [sig-storage] In-tree Volumes [Driver: local] [LocalVolumeType: dir] [Testpattern: Inline-volume (default fs)] subPath should unmount if pod is gracefully deleted while kubelet is down [Disruptive] [Slow] [LinuxOnly]" classname="Kubernetes e2e suite" status="skipped" time="0">
              <skipped message="skipped"></skipped>
          </testcase>
          <testcase name="[It] [sig-storage] In-tree Volumes [Driver: azure-disk] [Testpattern: Inline-volume (ext3)] volumes should store data" classname="Kubernetes e2e suite" status="skipped" time="0">
              <skipped message="skipped"></skipped>
          </testcase>
          <testcase name="[It] [sig-storage] In-tree Volumes [Driver: hostPath] [Testpattern: Dynamic PV (ntfs)] [Feature:Windows] multiVolume [Slow] should access to two volumes with different volume mode and retain data across pod recreation on the same node" classname="Kubernetes e2e suite" status="skipped" time="0">
              <skipped message="skipped"></skipped>
          </testcase>
          <testcase name="[It] [sig-storage] In-tree Volumes [Driver: local] [LocalVolumeType: blockfs] [Testpattern: Dynamic PV (default fs)] provisioning should provision storage with any volume data source [Serial]" classname="Kubernetes e2e suite" status="skipped" time="0">
              <skipped message="skipped"></skipped>
          </testcase>
          <testcase name="[It] [sig-storage] In-tree Volumes [Driver: local] [LocalVolumeType: gce-localssd-scsi-fs] [Serial] [Testpattern: Dynamic PV (default fs)] volumeIO should write files of various sizes, verify size, validate content [Slow]" classname="Kubernetes e2e suite" status="skipped" time="0">
              <skipped message="skipped"></skipped>
          </testcase>
          <testcase name="[It] [sig-api-machinery] ServerSideApply should work for CRDs" classname="Kubernetes e2e suite" status="skipped" time="0">
              <skipped message="skipped"></skipped>
          </testcase>
          <testcase name="[It] [sig-storage] In-tree Volumes [Driver: azure-disk] [Testpattern: Dynamic PV (block volmode)] volume-stress multiple pods should access different volumes repeatedly [Slow] [Serial]" classname="Kubernetes e2e suite" status="skipped" time="0">
              <skipped message="skipped"></skipped>
          </testcase>
          <testcase name="[It] [sig-storage] In-tree Volumes [Driver: local] [LocalVolumeType: block] [Testpattern: Generic Ephemeral-volume (default fs) (immediate-binding)] ephemeral should create read-only inline ephemeral volume" classname="Kubernetes e2e suite" status="skipped" time="0">
              <skipped message="skipped"></skipped>
          </testcase>
          <testcase name="[It] [sig-storage] In-tree Volumes [Driver: local] [LocalVolumeType: block] [Testpattern: Dynamic PV (ntfs)] [Feature:Windows] subPath should support readOnly directory specified in the volumeMount" classname="Kubernetes e2e suite" status="skipped" time="0">
              <skipped message="skipped"></skipped>
          </testcase>
          <testcase name="[It] [sig-storage] In-tree Volumes [Driver: aws] [Testpattern: Dynamic PV (ntfs)] [Feature:Windows] volume-expand should not allow expansion of pvcs without AllowVolumeExpansion property" classname="Kubernetes e2e suite" status="skipped" time="0">
              <skipped message="skipped"></skipped>
          </testcase>
          <testcase name="[It] [sig-storage] In-tree Volumes [Driver: ceph] [Feature:Volumes] [Serial] [Testpattern: Dynamic PV (ext4)] multiVolume [Slow] should access to two volumes with different volume mode and retain data across pod recreation on different node" classname="Kubernetes e2e suite" status="skipped" time="0">
              <skipped message="skipped"></skipped>
          </testcase>
          <testcase name="[It] [sig-storage] PersistentVolumes Default StorageClass [LinuxOnly] pods that use multiple volumes should be reschedulable [Slow]" classname="Kubernetes e2e suite" status="skipped" time="0">
              <skipped message="skipped"></skipped>
          </testcase>
          <testcase name="[It] [sig-storage] CSI Volumes [Driver: csi-hostpath] [Testpattern: Dynamic PV (block volmode)] multiVolume [Slow] should access to two volumes with different volume mode and retain data across pod recreation on the same node" classname="Kubernetes e2e suite" status="skipped" time="0">
              <skipped message="skipped"></skipped>
          </testcase>
          <testcase name="[It] [sig-storage] In-tree Volumes [Driver: hostPath] [Testpattern: Generic Ephemeral-volume (block volmode) (late-binding)] ephemeral should create read-only inline ephemeral volume" classname="Kubernetes e2e suite" status="skipped" time="0">
              <skipped message="skipped"></skipped>
          </testcase>
          <testcase name="[It] [sig-storage] In-tree Volumes [Driver: local] [LocalVolumeType: dir-link] [Testpattern: Dynamic PV (ntfs)] [Feature:Windows] multiVolume [Slow] should access to two volumes with the same volume mode and retain data across pod recreation on the same node" classname="Kubernetes e2e suite" status="skipped" time="0">
              <skipped message="skipped"></skipped>
          </testcase>
          <testcase name="[It] [sig-storage] In-tree Volumes [Driver: iscsi] [Feature:Volumes] [Testpattern: Dynamic PV (default fs)] provisioning should provision storage with snapshot data source [Feature:VolumeSnapshotDataSource]" classname="Kubernetes e2e suite" status="skipped" time="0">
              <skipped message="skipped"></skipped>
          </testcase>
          <testcase name="[It] [sig-storage] In-tree Volumes [Driver: vsphere] [Testpattern: Dynamic PV (xfs)] [Slow] multiVolume [Slow] should concurrently access the single volume from pods on the same node" classname="Kubernetes e2e suite" status="skipped" time="0">
              <skipped message="skipped"></skipped>
          </testcase>
          <testcase name="[It] [sig-storage] In-tree Volumes [Driver: local] [LocalVolumeType: dir] [Testpattern: Dynamic PV (ntfs)] [Feature:Windows] subPath should fail if subpath file is outside the volume [Slow] [LinuxOnly]" classname="Kubernetes e2e suite" status="skipped" time="0">
              <skipped message="skipped"></skipped>
          </testcase>
          <testcase name="[It] [sig-storage] In-tree Volumes [Driver: rbd] [Feature:Volumes] [Serial] [Testpattern: Pre-provisioned PV (ext4)] volumes should store data" classname="Kubernetes e2e suite" status="skipped" time="0">
              <skipped message="skipped"></skipped>
          </testcase>
          <testcase name="[It] [sig-apps] CronJob should support CronJob API operations [Conformance]" classname="Kubernetes e2e suite" status="passed" time="0.111192423"></testcase>
          <testcase name="[It] [sig-storage] CSI Volumes [Driver: csi-hostpath] [Testpattern: Dynamic PV (block volmode)] provisioning should provision storage with mount options" classname="Kubernetes e2e suite" status="skipped" time="0">
              <skipped message="skipped"></skipped>
          </testcase>
          <testcase name="[It] [sig-storage] In-tree Volumes [Driver: hostPathSymlink] [Testpattern: Inline-volume (ext3)] volumes should store data" classname="Kubernetes e2e suite" status="skipped" time="0">
              <skipped message="skipped"></skipped>
          </testcase>
          <testcase name="[It] [sig-storage] In-tree Volumes [Driver: azure-file] [Testpattern: Dynamic PV (filesystem volmode)] disruptive [Disruptive] [LinuxOnly] Should test that pv written before kubelet restart is readable after restart." classname="Kubernetes e2e suite" status="skipped" time="0">
              <skipped message="skipped"></skipped>
          </testcase>
          <testcase name="[It] [sig-storage] CSI Volumes [Driver: pd.csi.storage.gke.io] [Serial] [Testpattern: Ephemeral Snapshot (delete policy)] snapshottable [Feature:VolumeSnapshotDataSource] volume snapshot controller  should check snapshot fields, check restore correctly works after modifying source data, check deletion (persistent)" classname="Kubernetes e2e suite" status="skipped" time="0">
              <skipped message="skipped"></skipped>
          </testcase>
          <testcase name="[It] [sig-storage] CSI Volumes [Driver: csi-hostpath] [Testpattern: Dynamic PV (ext3)] volumes should allow exec of files on the volume" classname="Kubernetes e2e suite" status="skipped" time="0">
              <skipped message="skipped"></skipped>
          </testcase>
          <testcase name="[It] [sig-storage] In-tree Volumes [Driver: aws] [Testpattern: Dynamic PV (default fs)] subPath should support existing single file [LinuxOnly]" classname="Kubernetes e2e suite" status="skipped" time="0">
              <skipped message="skipped"></skipped>
          </testcase>
          <testcase name="[It] [sig-storage] In-tree Volumes [Driver: local] [LocalVolumeType: tmpfs] [Testpattern: Dynamic PV (filesystem volmode)] volumeMode should fail to use a volume in a pod with mismatched mode [Slow]" classname="Kubernetes e2e suite" status="skipped" time="0">
              <skipped message="skipped"></skipped>
          </testcase>
          <testcase name="[It] [sig-storage] CSI Volumes [Driver: csi-hostpath] [Testpattern: Pre-provisioned PV (filesystem volmode)] multiVolume [Slow] should concurrently access the single read-only volume from pods on the same node" classname="Kubernetes e2e suite" status="skipped" time="0">
              <skipped message="skipped"></skipped>
          </testcase>
          <testcase name="[It] [sig-cloud-provider-gcp] Reboot [Disruptive] [Feature:Reboot] each node by dropping all outbound packets for a while and ensure they function afterwards" classname="Kubernetes e2e suite" status="skipped" time="0">
              <skipped message="skipped"></skipped>
          </testcase>
          <testcase name="[It] [sig-storage] In-tree Volumes [Driver: local] [LocalVolumeType: dir] [Testpattern: Pre-provisioned PV (filesystem volmode)] multiVolume [Slow] should access to two volumes with different volume mode and retain data across pod recreation on the same node" classname="Kubernetes e2e suite" status="skipped" time="0">
              <skipped message="skipped"></skipped>
          </testcase>
          <testcase name="[It] [sig-storage] In-tree Volumes [Driver: hostPath] [Testpattern: Dynamic PV (block volmode)] provisioning should provision storage with pvc data source" classname="Kubernetes e2e suite" status="skipped" time="0">
              <skipped message="skipped"></skipped>
          </testcase>
          <testcase name="[It] [sig-storage] In-tree Volumes [Driver: local] [LocalVolumeType: dir-link] [Testpattern: Dynamic PV (block volmode)] provisioning should provision storage with pvc data source" classname="Kubernetes e2e suite" status="skipped" time="0">
              <skipped message="skipped"></skipped>
          </testcase>
          <testcase name="[It] [sig-storage] In-tree Volumes [Driver: emptydir] [Testpattern: Inline-volume (default fs)] subPath should support file as subpath [LinuxOnly]" classname="Kubernetes e2e suite" status="skipped" time="0">
              <skipped message="skipped"></skipped>
          </testcase>
          <testcase name="[It] [sig-storage] In-tree Volumes [Driver: azure-file] [Testpattern: Dynamic PV (ntfs)] [Feature:Windows] volumes should store data" classname="Kubernetes e2e suite" status="skipped" time="0">
              <skipped message="skipped"></skipped>
          </testcase>
          <testcase name="[It] [sig-node] [NodeAlphaFeature:SidecarContainers] [Feature:SidecarContainers] Restartable Init Container Lifecycle Hook when create a pod with lifecycle hook should execute prestop http hook properly" classname="Kubernetes e2e suite" status="skipped" time="0">
              <skipped message="skipped"></skipped>
          </testcase>
          <testcase name="[It] [sig-storage] PersistentVolumes NFS with multiple PVs and PVCs all in same ns should create 2 PVs and 4 PVCs: test write access" classname="Kubernetes e2e suite" status="skipped" time="0">
              <skipped message="skipped"></skipped>
          </testcase>
          <testcase name="[It] [sig-api-machinery] ResourceQuota [Feature:PodPriority] should verify ResourceQuota&#39;s priority class scope (quota set to pod count: 1) against a pod with same priority class." classname="Kubernetes e2e suite" status="skipped" time="0">
              <skipped message="skipped"></skipped>
          </testcase>
          <testcase name="[It] [sig-storage] CSI Volumes [Driver: pd.csi.storage.gke.io] [Serial] [Testpattern: Dynamic PV (block volmode)] multiVolume [Slow] should access to two volumes with the same volume mode and retain data across pod recreation on the same node" classname="Kubernetes e2e suite" status="skipped" time="0">
              <skipped message="skipped"></skipped>
          </testcase>
          <testcase name="[It] [sig-storage] In-tree Volumes [Driver: local] [LocalVolumeType: block] [Testpattern: Pre-provisioned PV (ext3)] volumes should allow exec of files on the volume" classname="Kubernetes e2e suite" status="skipped" time="0">
              <skipped message="skipped"></skipped>
          </testcase>
          <testcase name="[It] [sig-storage] In-tree Volumes [Driver: vsphere] [Testpattern: Dynamic PV (block volmode)] provisioning should provision storage with any volume data source [Serial]" classname="Kubernetes e2e suite" status="skipped" time="0">
              <skipped message="skipped"></skipped>
          </testcase>
          <testcase name="[It] [sig-storage] In-tree Volumes [Driver: cinder] [Testpattern: Dynamic PV (ntfs)] [Feature:Windows] provisioning should provision storage with snapshot data source [Feature:VolumeSnapshotDataSource]" classname="Kubernetes e2e suite" status="skipped" time="0">
              <skipped message="skipped"></skipped>
          </testcase>
          <testcase name="[It] [sig-storage] In-tree Volumes [Driver: local] [LocalVolumeType: blockfs] [Testpattern: Dynamic PV (ext4)] multiVolume [Slow] should access to two volumes with different volume mode and retain data across pod recreation on different node" classname="Kubernetes e2e suite" status="skipped" time="0">
              <skipped message="skipped"></skipped>
          </testcase>
          <testcase name="[It] [sig-storage] In-tree Volumes [Driver: hostPathSymlink] [Testpattern: Inline-volume (ext3)] volumes should allow exec of files on the volume" classname="Kubernetes e2e suite" status="skipped" time="0">
              <skipped message="skipped"></skipped>
          </testcase>
          <testcase name="[It] [sig-storage] In-tree Volumes [Driver: local] [LocalVolumeType: dir-link-bindmounted] [Testpattern: Dynamic PV (block volmode)] multiVolume [Slow] should access to two volumes with different volume mode and retain data across pod recreation on the same node" classname="Kubernetes e2e suite" status="skipped" time="0">
              <skipped message="skipped"></skipped>
          </testcase>
          <testcase name="[It] [sig-storage] In-tree Volumes [Driver: azure-file] [Testpattern: Pre-provisioned PV (default fs)] subPath should support existing single file [LinuxOnly]" classname="Kubernetes e2e suite" status="skipped" time="0">
              <skipped message="skipped"></skipped>
          </testcase>
          <testcase name="[It] [sig-storage] CSI Volumes [Driver: pd.csi.storage.gke.io] [Serial] [Testpattern: Pre-provisioned PV (block volmode)] multiVolume [Slow] should concurrently access the volume and its clone from pods on the same node [LinuxOnly] [Feature:VolumeSourceXFS]" classname="Kubernetes e2e suite" status="skipped" time="0">
              <skipped message="skipped"></skipped>
          </testcase>
          <testcase name="[It] [sig-storage] In-tree Volumes [Driver: cinder] [Testpattern: Dynamic PV (delayed binding)] topology should provision a volume and schedule a pod with AllowedTopologies" classname="Kubernetes e2e suite" status="skipped" time="0">
              <skipped message="skipped"></skipped>
          </testcase>
          <testcase name="[It] [sig-storage] In-tree Volumes [Driver: local] [LocalVolumeType: dir-link] [Testpattern: Dynamic PV (block volmode)] provisioning should provision storage with mount options" classname="Kubernetes e2e suite" status="skipped" time="0">
              <skipped message="skipped"></skipped>
          </testcase>
          <testcase name="[It] [sig-storage] In-tree Volumes [Driver: local] [LocalVolumeType: block] [Testpattern: Pre-provisioned PV (block volmode)] volumeMode should not mount / map unused volumes in a pod [LinuxOnly]" classname="Kubernetes e2e suite" status="skipped" time="0">
              <skipped message="skipped"></skipped>
          </testcase>
          <testcase name="[It] [sig-storage] In-tree Volumes [Driver: nfs] [Testpattern: Dynamic PV (ntfs)] [Feature:Windows] subPath should support restarting containers using file as subpath [Slow] [LinuxOnly]" classname="Kubernetes e2e suite" status="skipped" time="0">
              <skipped message="skipped"></skipped>
          </testcase>
          <testcase name="[It] [sig-storage] In-tree Volumes [Driver: rbd] [Feature:Volumes] [Serial] [Testpattern: Dynamic PV (ntfs)] [Feature:Windows] multiVolume [Slow] should concurrently access the volume and its clone from pods on the same node [LinuxOnly] [Feature:VolumeSourceXFS]" classname="Kubernetes e2e suite" status="skipped" time="0">
              <skipped message="skipped"></skipped>
          </testcase>
          <testcase name="[It] [sig-storage] Volume FStype [Feature:vsphere] verify fstype - default value should be ext4" classname="Kubernetes e2e suite" status="skipped" time="0">
              <skipped message="skipped"></skipped>
          </testcase>
          <testcase name="[It] [sig-storage] In-tree Volumes [Driver: local] [LocalVolumeType: dir] [Testpattern: Inline-volume (default fs)] subPath should support readOnly file specified in the volumeMount [LinuxOnly]" classname="Kubernetes e2e suite" status="skipped" time="0">
              <skipped message="skipped"></skipped>
          </testcase>
          <testcase name="[It] [sig-storage] In-tree Volumes [Driver: ceph] [Feature:Volumes] [Serial] [Testpattern: Dynamic PV (ntfs)] [Feature:Windows] subPath should unmount if pod is force deleted while kubelet is down [Disruptive] [Slow] [LinuxOnly]" classname="Kubernetes e2e suite" status="skipped" time="0">
              <skipped message="skipped"></skipped>
          </testcase>
          <testcase name="[It] [sig-storage] In-tree Volumes [Driver: azure-file] [Testpattern: Dynamic PV (block volmode)] volumeMode should not mount / map unused volumes in a pod [LinuxOnly]" classname="Kubernetes e2e suite" status="skipped" time="0">
              <skipped message="skipped"></skipped>
          </testcase>
          <testcase name="[It] [sig-storage] CSI Volumes [Driver: csi-hostpath] [Testpattern: Dynamic PV (block volmode)] volumeMode should not mount / map unused volumes in a pod [LinuxOnly]" classname="Kubernetes e2e suite" status="skipped" time="0">
              <skipped message="skipped"></skipped>
          </testcase>
          <testcase name="[It] [sig-storage] In-tree Volumes [Driver: iscsi] [Feature:Volumes] [Testpattern: Pre-provisioned PV (block volmode)] multiVolume [Slow] should concurrently access the single volume from pods on different node" classname="Kubernetes e2e suite" status="skipped" time="0">
              <skipped message="skipped"></skipped>
          </testcase>
          <testcase name="[It] [sig-storage] In-tree Volumes [Driver: local] [LocalVolumeType: block] [Testpattern: Dynamic PV (xfs)] [Slow] multiVolume [Slow] should access to two volumes with different volume mode and retain data across pod recreation on the same node" classname="Kubernetes e2e suite" status="skipped" time="0">
              <skipped message="skipped"></skipped>
          </testcase>
          <testcase name="[It] [sig-storage] EmptyDir volumes when FSGroup is specified [LinuxOnly] [NodeFeature:FSGroup] files with FSGroup ownership should support (root,0644,tmpfs)" classname="Kubernetes e2e suite" status="skipped" time="0">
              <skipped message="skipped"></skipped>
          </testcase>
          <testcase name="[It] [sig-storage] In-tree Volumes [Driver: emptydir] [Testpattern: Pre-provisioned PV (filesystem volmode)] volumeMode should not mount / map unused volumes in a pod [LinuxOnly]" classname="Kubernetes e2e suite" status="skipped" time="0">
              <skipped message="skipped"></skipped>
          </testcase>
          <testcase name="[It] [sig-scheduling] SchedulerPredicates [Serial] validates that NodeAffinity is respected if not matching" classname="Kubernetes e2e suite" status="skipped" time="0">
              <skipped message="skipped"></skipped>
          </testcase>
          <testcase name="[It] [sig-cli] Kubectl client Simple pod should support exec through an HTTP proxy" classname="Kubernetes e2e suite" status="skipped" time="0">
              <skipped message="skipped"></skipped>
          </testcase>
          <testcase name="[It] [sig-storage] In-tree Volumes [Driver: azure-file] [Testpattern: Inline-volume (default fs)] subPath should fail if subpath file is outside the volume [Slow] [LinuxOnly]" classname="Kubernetes e2e suite" status="skipped" time="0">
              <skipped message="skipped"></skipped>
          </testcase>
          <testcase name="[It] [sig-storage] In-tree Volumes [Driver: local] [LocalVolumeType: dir] [Testpattern: Pre-provisioned PV (filesystem volmode)] volumeMode should not mount / map unused volumes in a pod [LinuxOnly]" classname="Kubernetes e2e suite" status="skipped" time="0">
              <skipped message="skipped"></skipped>
          </testcase>
          <testcase name="[It] [sig-node] Variable Expansion should allow substituting values in a container&#39;s args [NodeConformance] [Conformance]" classname="Kubernetes e2e suite" status="passed" time="4.094526393"></testcase>
          <testcase name="[It] [sig-storage] In-tree Volumes [Driver: local] [LocalVolumeType: dir-link-bindmounted] [Testpattern: Dynamic PV (filesystem volmode)] volumeLimits should verify that all csinodes have volume limits" classname="Kubernetes e2e suite" status="skipped" time="0">
              <skipped message="skipped"></skipped>
          </testcase>
          <testcase name="[It] [sig-storage] CSI Volumes [Driver: pd.csi.storage.gke.io] [Serial] [Testpattern: Inline-volume (default fs)] subPath should support readOnly file specified in the volumeMount [LinuxOnly]" classname="Kubernetes e2e suite" status="skipped" time="0">
              <skipped message="skipped"></skipped>
          </testcase>
          <testcase name="[It] [sig-storage] In-tree Volumes [Driver: local] [LocalVolumeType: dir] [Testpattern: Dynamic PV (block volmode)] provisioning should provision storage with snapshot data source [Feature:VolumeSnapshotDataSource]" classname="Kubernetes e2e suite" status="skipped" time="0">
              <skipped message="skipped"></skipped>
          </testcase>
          <testcase name="[It] [sig-storage] In-tree Volumes [Driver: local] [LocalVolumeType: dir-bindmounted] [Testpattern: Pre-provisioned PV (filesystem volmode)] volumeMode should not mount / map unused volumes in a pod [LinuxOnly]" classname="Kubernetes e2e suite" status="skipped" time="0">
              <skipped message="skipped"></skipped>
          </testcase>
          <testcase name="[It] [sig-storage] In-tree Volumes [Driver: emptydir] [Testpattern: Dynamic PV (ntfs)] [Feature:Windows] provisioning should provision correct filesystem size when restoring snapshot to larger size pvc [Feature:VolumeSnapshotDataSource]" classname="Kubernetes e2e suite" status="skipped" time="0">
              <skipped message="skipped"></skipped>
          </testcase>
          <testcase name="[It] [sig-storage] In-tree Volumes [Driver: hostPathSymlink] [Testpattern: Inline-volume (xfs)] [Slow] volumes should allow exec of files on the volume" classname="Kubernetes e2e suite" status="skipped" time="0">
              <skipped message="skipped"></skipped>
          </testcase>
          <testcase name="[It] [sig-apps] CronJob should be able to schedule after more than 100 missed schedule" classname="Kubernetes e2e suite" status="skipped" time="0">
              <skipped message="skipped"></skipped>
          </testcase>
          <testcase name="[It] [sig-storage] In-tree Volumes [Driver: local] [LocalVolumeType: dir-link-bindmounted] [Testpattern: Pre-provisioned PV (xfs)] [Slow] volumes should store data" classname="Kubernetes e2e suite" status="skipped" time="0">
              <skipped message="skipped"></skipped>
          </testcase>
          <testcase name="[It] [sig-node] Security Context When creating a container with runAsUser should run the container with uid 0 [LinuxOnly] [NodeConformance]" classname="Kubernetes e2e suite" status="skipped" time="0">
              <skipped message="skipped"></skipped>
          </testcase>
          <testcase name="[It] [sig-storage] In-tree Volumes [Driver: local] [LocalVolumeType: block] [Testpattern: Pre-provisioned PV (ext4)] volumes should store data" classname="Kubernetes e2e suite" status="skipped" time="0">
              <skipped message="skipped"></skipped>
          </testcase>
          <testcase name="[It] [sig-storage] In-tree Volumes [Driver: nfs] [Testpattern: Generic Ephemeral-volume (block volmode) (late-binding)] ephemeral should create read-only inline ephemeral volume" classname="Kubernetes e2e suite" status="skipped" time="0">
              <skipped message="skipped"></skipped>
          </testcase>
          <testcase name="[It] [sig-storage] In-tree Volumes [Driver: local] [LocalVolumeType: blockfs] [Testpattern: Dynamic PV (default fs)] fsgroupchangepolicy (Always)[LinuxOnly], pod created with an initial fsgroup, new pod fsgroup applied to volume contents" classname="Kubernetes e2e suite" status="skipped" time="0">
              <skipped message="skipped"></skipped>
          </testcase>
          <testcase name="[It] [sig-storage] In-tree Volumes [Driver: local] [LocalVolumeType: block] [Testpattern: Inline-volume (default fs)] subPath should be able to unmount after the subpath directory is deleted [LinuxOnly]" classname="Kubernetes e2e suite" status="skipped" time="0">
              <skipped message="skipped"></skipped>
          </testcase>
          <testcase name="[It] [sig-storage] In-tree Volumes [Driver: local] [LocalVolumeType: dir-link-bindmounted] [Testpattern: Dynamic PV (ntfs)(allowExpansion)] [Feature:Windows] volume-expand should resize volume when PVC is edited while pod is using it" classname="Kubernetes e2e suite" status="skipped" time="0">
              <skipped message="skipped"></skipped>
          </testcase>
          <testcase name="[It] [sig-instrumentation] Stackdriver Monitoring should have cluster metrics [Feature:StackdriverMonitoring]" classname="Kubernetes e2e suite" status="skipped" time="0">
              <skipped message="skipped"></skipped>
          </testcase>
          <testcase name="[It] [sig-storage] CSI Volumes [Driver: pd.csi.storage.gke.io] [Serial] [Testpattern: Pre-provisioned PV (filesystem volmode)] disruptive [Disruptive] [LinuxOnly] Should test that pv used in a pod that is deleted while the kubelet is down is usable by a new pod with a different SELinux context when kubelet returns [Feature:SELinux]" classname="Kubernetes e2e suite" status="skipped" time="0">
              <skipped message="skipped"></skipped>
          </testcase>
          <testcase name="[It] [sig-storage] In-tree Volumes [Driver: hostPathSymlink] [Testpattern: Pre-provisioned PV (default fs)] subPath should support readOnly directory specified in the volumeMount" classname="Kubernetes e2e suite" status="skipped" time="0">
              <skipped message="skipped"></skipped>
          </testcase>
          <testcase name="[It] [sig-storage] PersistentVolumes-local [Volume type: dir-link] Set fsGroup for local volume should set different fsGroup for second pod if first pod is deleted [Flaky]" classname="Kubernetes e2e suite" status="skipped" time="0">
              <skipped message="skipped"></skipped>
          </testcase>
          <testcase name="[It] [sig-storage] In-tree Volumes [Driver: emptydir] [Testpattern: Dynamic PV (ntfs)] [Feature:Windows] provisioning should provision storage with snapshot data source (ROX mode) [Feature:VolumeSnapshotDataSource]" classname="Kubernetes e2e suite" status="skipped" time="0">
              <skipped message="skipped"></skipped>
          </testcase>
          <testcase name="[It] [sig-storage] In-tree Volumes [Driver: cinder] [Testpattern: Generic Ephemeral-volume (default fs) (late-binding)] ephemeral should support expansion of pvcs created for ephemeral pvcs" classname="Kubernetes e2e suite" status="skipped" time="0">
              <skipped message="skipped"></skipped>
          </testcase>
          <testcase name="[It] [sig-storage] In-tree Volumes [Driver: hostPath] [Testpattern: Inline-volume (default fs)] subPath should support existing directory" classname="Kubernetes e2e suite" status="skipped" time="0">
              <skipped message="skipped"></skipped>
          </testcase>
          <testcase name="[It] [sig-storage] In-tree Volumes [Driver: local] [LocalVolumeType: gce-localssd-scsi-fs] [Serial] [Testpattern: Pre-provisioned PV (ntfs)] [Feature:Windows] volumes should store data" classname="Kubernetes e2e suite" status="skipped" time="0">
              <skipped message="skipped"></skipped>
          </testcase>
          <testcase name="[It] [sig-storage] In-tree Volumes [Driver: azure-file] [Testpattern: Pre-provisioned PV (block volmode)] multiVolume [Slow] should concurrently access the volume and its clone from pods on the same node [LinuxOnly] [Feature:VolumeSourceXFS]" classname="Kubernetes e2e suite" status="skipped" time="0">
              <skipped message="skipped"></skipped>
          </testcase>
          <testcase name="[It] [sig-node] AppArmor load AppArmor profiles can disable an AppArmor profile, using unconfined" classname="Kubernetes e2e suite" status="skipped" time="0">
              <skipped message="skipped"></skipped>
          </testcase>
          <testcase name="[It] [sig-storage] In-tree Volumes [Driver: iscsi] [Feature:Volumes] [Testpattern: Inline-volume (default fs)] subPath should support non-existent path" classname="Kubernetes e2e suite" status="skipped" time="0">
              <skipped message="skipped"></skipped>
          </testcase>
          <testcase name="[It] [sig-storage] In-tree Volumes [Driver: local] [LocalVolumeType: blockfs] [Testpattern: Pre-provisioned PV (filesystem volmode)] multiVolume [Slow] should concurrently access the volume and restored snapshot from pods on the same node [LinuxOnly] [Feature:VolumeSnapshotDataSource] [Feature:VolumeSourceXFS]" classname="Kubernetes e2e suite" status="skipped" time="0">
              <skipped message="skipped"></skipped>
          </testcase>
          <testcase name="[It] [sig-storage] In-tree Volumes [Driver: aws] [Testpattern: Dynamic PV (ntfs)] [Feature:Windows] subPath should support non-existent path" classname="Kubernetes e2e suite" status="skipped" time="0">
              <skipped message="skipped"></skipped>
          </testcase>
          <testcase name="[It] [sig-storage] In-tree Volumes [Driver: ceph] [Feature:Volumes] [Serial] [Testpattern: Dynamic PV (ntfs)] [Feature:Windows] subPath should verify container cannot write to subpath readonly volumes [Slow]" classname="Kubernetes e2e suite" status="skipped" time="0">
              <skipped message="skipped"></skipped>
          </testcase>
          <testcase name="[It] [sig-storage] In-tree Volumes [Driver: local] [LocalVolumeType: blockfs] [Testpattern: Dynamic PV (filesystem volmode)] multiVolume [Slow] should concurrently access the single volume from pods on different node" classname="Kubernetes e2e suite" status="skipped" time="0">
              <skipped message="skipped"></skipped>
          </testcase>
          <testcase name="[It] [sig-storage] In-tree Volumes [Driver: azure-file] [Testpattern: Dynamic PV (block volmode)] multiVolume [Slow] should access to two volumes with the same volume mode and retain data across pod recreation on different node" classname="Kubernetes e2e suite" status="skipped" time="0">
              <skipped message="skipped"></skipped>
          </testcase>
          <testcase name="[It] [sig-storage] In-tree Volumes [Driver: ceph] [Feature:Volumes] [Serial] [Testpattern: Dynamic PV (filesystem volmode)] multiVolume [Slow] should access to two volumes with the same volume mode and retain data across pod recreation on different node" classname="Kubernetes e2e suite" status="skipped" time="0">
              <skipped message="skipped"></skipped>
          </testcase>
          <testcase name="[It] [sig-network] IngressClass [Feature:Ingress] should not set default value if no default IngressClass [Serial]" classname="Kubernetes e2e suite" status="skipped" time="0">
              <skipped message="skipped"></skipped>
          </testcase>
          <testcase name="[It] [sig-network] [Feature:IPv6DualStack] should be able to reach pod on ipv4 and ipv6 ip" classname="Kubernetes e2e suite" status="skipped" time="0">
              <skipped message="skipped"></skipped>
          </testcase>
          <testcase name="[It] [sig-storage] In-tree Volumes [Driver: local] [LocalVolumeType: dir-bindmounted] [Testpattern: Generic Ephemeral-volume (default fs) (late-binding)] ephemeral should support two pods which have the same volume definition" classname="Kubernetes e2e suite" status="skipped" time="0">
              <skipped message="skipped"></skipped>
          </testcase>
          <testcase name="[It] [sig-storage] In-tree Volumes [Driver: local] [LocalVolumeType: dir-bindmounted] [Testpattern: Dynamic PV (default fs)] fsgroupchangepolicy (Always)[LinuxOnly], pod created with an initial fsgroup, volume contents ownership changed via chgrp in first pod, new pod with different fsgroup applied to the volume contents" classname="Kubernetes e2e suite" status="skipped" time="0">
              <skipped message="skipped"></skipped>
          </testcase>
          <testcase name="[It] [sig-storage] In-tree Volumes [Driver: azure-file] [Testpattern: Inline-volume (default fs)] subPath should support existing directories when readOnly specified in the volumeSource" classname="Kubernetes e2e suite" status="skipped" time="0">
              <skipped message="skipped"></skipped>
          </testcase>
          <testcase name="[It] [sig-storage] In-tree Volumes [Driver: local] [LocalVolumeType: gce-localssd-scsi-fs] [Serial] [Testpattern: Dynamic PV (ntfs)] [Feature:Windows] subPath should support restarting containers using file as subpath [Slow] [LinuxOnly]" classname="Kubernetes e2e suite" status="skipped" time="0">
              <skipped message="skipped"></skipped>
          </testcase>
          <testcase name="[It] [sig-storage] In-tree Volumes [Driver: local] [LocalVolumeType: dir] [Testpattern: Dynamic PV (ext4)] volumes should store data" classname="Kubernetes e2e suite" status="skipped" time="0">
              <skipped message="skipped"></skipped>
          </testcase>
          <testcase name="[It] [sig-storage] In-tree Volumes [Driver: local] [LocalVolumeType: gce-localssd-scsi-fs] [Serial] [Testpattern: Inline-volume (default fs)] subPath should fail if subpath directory is outside the volume [Slow] [LinuxOnly]" classname="Kubernetes e2e suite" status="skipped" time="0">
              <skipped message="skipped"></skipped>
          </testcase>
          <testcase name="[It] [sig-storage] In-tree Volumes [Driver: cinder] [Testpattern: Pre-provisioned PV (default fs)] subPath should support readOnly file specified in the volumeMount [LinuxOnly]" classname="Kubernetes e2e suite" status="skipped" time="0">
              <skipped message="skipped"></skipped>
          </testcase>
          <testcase name="[It] [sig-storage] In-tree Volumes [Driver: local] [LocalVolumeType: gce-localssd-scsi-fs] [Serial] [Testpattern: Dynamic PV (block volmode)] multiVolume [Slow] should concurrently access the volume and its clone from pods on the same node [LinuxOnly] [Feature:VolumeSourceXFS]" classname="Kubernetes e2e suite" status="skipped" time="0">
              <skipped message="skipped"></skipped>
          </testcase>
          <testcase name="[It] [sig-storage] In-tree Volumes [Driver: local] [LocalVolumeType: dir-link] [Testpattern: Generic Ephemeral-volume (default fs)] volumeLimits should support volume limits [Serial]" classname="Kubernetes e2e suite" status="skipped" time="0">
              <skipped message="skipped"></skipped>
          </testcase>
          <testcase name="[It] [sig-storage] In-tree Volumes [Driver: aws] [Testpattern: Generic Ephemeral-volume (default fs)] volumeLimits should verify that all csinodes have volume limits" classname="Kubernetes e2e suite" status="skipped" time="0">
              <skipped message="skipped"></skipped>
          </testcase>
          <testcase name="[It] [sig-windows] [Feature:Windows] Cpu Resources [Serial] Container limits should not be exceeded after waiting 2 minutes" classname="Kubernetes e2e suite" status="skipped" time="0">
              <skipped message="skipped"></skipped>
          </testcase>
          <testcase name="[It] [sig-storage] Volume FStype [Feature:vsphere] verify fstype - ext3 formatted volume" classname="Kubernetes e2e suite" status="skipped" time="0">
              <skipped message="skipped"></skipped>
          </testcase>
          <testcase name="[It] [sig-storage] In-tree Volumes [Driver: local] [LocalVolumeType: dir-bindmounted] [Testpattern: Dynamic PV (default fs)] subPath should support file as subpath [LinuxOnly]" classname="Kubernetes e2e suite" status="skipped" time="0">
              <skipped message="skipped"></skipped>
          </testcase>
          <testcase name="[It] [sig-storage] In-tree Volumes [Driver: local] [LocalVolumeType: tmpfs] [Testpattern: Pre-provisioned PV (ntfs)] [Feature:Windows] volumes should store data" classname="Kubernetes e2e suite" status="skipped" time="0">
              <skipped message="skipped"></skipped>
          </testcase>
          <testcase name="[It] [sig-storage] In-tree Volumes [Driver: local] [LocalVolumeType: gce-localssd-scsi-fs] [Serial] [Testpattern: Dynamic PV (ntfs)] [Feature:Windows] subPath should support creating multiple subpath from same volumes [Slow]" classname="Kubernetes e2e suite" status="skipped" time="0">
              <skipped message="skipped"></skipped>
          </testcase>
          <testcase name="[It] [sig-storage] In-tree Volumes [Driver: local] [LocalVolumeType: block] [Testpattern: Dynamic PV (ext4)] multiVolume [Slow] should concurrently access the volume and restored snapshot from pods on the same node [LinuxOnly] [Feature:VolumeSnapshotDataSource] [Feature:VolumeSourceXFS]" classname="Kubernetes e2e suite" status="skipped" time="0">
              <skipped message="skipped"></skipped>
          </testcase>
          <testcase name="[It] [sig-storage] In-tree Volumes [Driver: hostPath] [Testpattern: Dynamic PV (ntfs)] [Feature:Windows] provisioning should provision storage with mount options" classname="Kubernetes e2e suite" status="skipped" time="0">
              <skipped message="skipped"></skipped>
          </testcase>
          <testcase name="[It] [sig-storage] In-tree Volumes [Driver: cinder] [Testpattern: Dynamic PV (block volmode)] multiVolume [Slow] should concurrently access the single volume from pods on different node" classname="Kubernetes e2e suite" status="skipped" time="0">
              <skipped message="skipped"></skipped>
          </testcase>
          <testcase name="[It] [sig-node] [NodeAlphaFeature:SidecarContainers] [Feature:SidecarContainers] Probing restartable init container should mark readiness on pods to false while pod is in progress of terminating when a pod has a readiness probe" classname="Kubernetes e2e suite" status="skipped" time="0">
              <skipped message="skipped"></skipped>
          </testcase>
          <testcase name="[It] [sig-storage] In-tree Volumes [Driver: local] [LocalVolumeType: blockfs] [Testpattern: Dynamic PV (default fs)] provisioning should provision storage with pvc data source" classname="Kubernetes e2e suite" status="skipped" time="0">
              <skipped message="skipped"></skipped>
          </testcase>
          <testcase name="[It] [sig-storage] In-tree Volumes [Driver: local] [LocalVolumeType: blockfs] [Testpattern: Dynamic PV (xfs)] [Slow] multiVolume [Slow] should access to two volumes with different volume mode and retain data across pod recreation on the same node" classname="Kubernetes e2e suite" status="skipped" time="0">
              <skipped message="skipped"></skipped>
          </testcase>
          <testcase name="[It] [sig-storage] In-tree Volumes [Driver: local] [LocalVolumeType: dir-bindmounted] [Testpattern: Dynamic PV (default fs)] subPath should fail if subpath file is outside the volume [Slow] [LinuxOnly]" classname="Kubernetes e2e suite" status="skipped" time="0">
              <skipped message="skipped"></skipped>
          </testcase>
          <testcase name="[It] [sig-storage] In-tree Volumes [Driver: local] [LocalVolumeType: dir-bindmounted] [Testpattern: Dynamic PV (ntfs)] [Feature:Windows] subPath should fail if subpath with backstepping is outside the volume [Slow] [LinuxOnly]" classname="Kubernetes e2e suite" status="skipped" time="0">
              <skipped message="skipped"></skipped>
          </testcase>
          <testcase name="[It] [sig-storage] CSI Volumes [Driver: csi-hostpath] [Testpattern: Dynamic PV (block volmode)] volume-stress multiple pods should access different volumes repeatedly [Slow] [Serial]" classname="Kubernetes e2e suite" status="skipped" time="0">
              <skipped message="skipped"></skipped>
          </testcase>
          <testcase name="[It] [sig-storage] In-tree Volumes [Driver: azure-disk] [Testpattern: Pre-provisioned PV (default fs)] subPath should unmount if pod is force deleted while kubelet is down [Disruptive] [Slow] [LinuxOnly]" classname="Kubernetes e2e suite" status="skipped" time="0">
              <skipped message="skipped"></skipped>
          </testcase>
          <testcase name="[It] [sig-api-machinery] ResourceQuota should create a ResourceQuota and capture the life of a configMap. [Conformance]" classname="Kubernetes e2e suite" status="passed" time="28.098160595"></testcase>
          <testcase name="[It] [sig-storage] In-tree Volumes [Driver: cinder] [Testpattern: Dynamic PV (ntfs)] [Feature:Windows] multiVolume [Slow] should access to two volumes with the same volume mode and retain data across pod recreation on the same node" classname="Kubernetes e2e suite" status="skipped" time="0">
              <skipped message="skipped"></skipped>
          </testcase>
          <testcase name="[It] [sig-storage] In-tree Volumes [Driver: local] [LocalVolumeType: dir-link-bindmounted] [Testpattern: Inline-volume (ext4)] volumes should allow exec of files on the volume" classname="Kubernetes e2e suite" status="skipped" time="0">
              <skipped message="skipped"></skipped>
          </testcase>
          <testcase name="[It] [sig-storage] In-tree Volumes [Driver: local] [LocalVolumeType: dir-bindmounted] [Testpattern: Dynamic PV (default fs)] volumes should allow exec of files on the volume" classname="Kubernetes e2e suite" status="skipped" time="0">
              <skipped message="skipped"></skipped>
          </testcase>
          <testcase name="[It] [sig-storage] CSI Volumes [Driver: pd.csi.storage.gke.io] [Serial] [Testpattern: Dynamic PV (ntfs)] [Feature:Windows] multiVolume [Slow] should concurrently access the single volume from pods on the same node" classname="Kubernetes e2e suite" status="skipped" time="0">
              <skipped message="skipped"></skipped>
          </testcase>
          <testcase name="[It] [sig-storage] CSI Volumes [Driver: pd.csi.storage.gke.io] [Serial] [Testpattern: Dynamic PV (xfs)] [Slow] multiVolume [Slow] should concurrently access the single volume from pods on different node" classname="Kubernetes e2e suite" status="skipped" time="0">
              <skipped message="skipped"></skipped>
          </testcase>
          <testcase name="[It] [sig-storage] CSI Volumes [Driver: csi-hostpath] [Testpattern: Pre-provisioned PV (block volmode)] multiVolume [Slow] should concurrently access the single volume from pods on different node" classname="Kubernetes e2e suite" status="skipped" time="0">
              <skipped message="skipped"></skipped>
          </testcase>
          <testcase name="[It] [sig-storage] In-tree Volumes [Driver: ceph] [Feature:Volumes] [Serial] [Testpattern: Dynamic PV (default fs)] subPath should be able to unmount after the subpath directory is deleted [LinuxOnly]" classname="Kubernetes e2e suite" status="skipped" time="0">
              <skipped message="skipped"></skipped>
          </testcase>
          <testcase name="[It] [sig-storage] In-tree Volumes [Driver: local] [LocalVolumeType: blockfs] [Testpattern: Inline-volume (default fs)] volumes should store data" classname="Kubernetes e2e suite" status="skipped" time="0">
              <skipped message="skipped"></skipped>
          </testcase>
          <testcase name="[It] [sig-storage] CSI Mock volume node stage CSI NodeUnstage error cases [Slow] two pods: should call NodeStage after previous NodeUnstage final error" classname="Kubernetes e2e suite" status="skipped" time="0">
              <skipped message="skipped"></skipped>
          </testcase>
          <testcase name="[It] [sig-storage] In-tree Volumes [Driver: local] [LocalVolumeType: tmpfs] [Testpattern: Pre-provisioned PV (filesystem volmode)] volumeMode should not mount / map unused volumes in a pod [LinuxOnly]" classname="Kubernetes e2e suite" status="skipped" time="0">
              <skipped message="skipped"></skipped>
          </testcase>
          <testcase name="[It] [sig-node] DRA [Feature:DynamicResourceAllocation] cluster with delayed allocation and not setting ReservedFor supports simple pod referencing inline resource claim" classname="Kubernetes e2e suite" status="skipped" time="0">
              <skipped message="skipped"></skipped>
          </testcase>
          <testcase name="[It] [sig-storage] In-tree Volumes [Driver: emptydir] [Testpattern: Generic Ephemeral-volume (default fs) (immediate-binding)] ephemeral should support two pods which have the same volume definition" classname="Kubernetes e2e suite" status="skipped" time="0">
              <skipped message="skipped"></skipped>
          </testcase>
          <testcase name="[It] [sig-storage] In-tree Volumes [Driver: local] [LocalVolumeType: gce-localssd-scsi-fs] [Serial] [Testpattern: Pre-provisioned PV (default fs)] subPath should support restarting containers using file as subpath [Slow] [LinuxOnly]" classname="Kubernetes e2e suite" status="skipped" time="0">
              <skipped message="skipped"></skipped>
          </testcase>
          <testcase name="[It] [sig-storage] In-tree Volumes [Driver: local] [LocalVolumeType: dir-bindmounted] [Testpattern: Dynamic PV (default fs)] fsgroupchangepolicy (OnRootMismatch)[LinuxOnly], pod created with an initial fsgroup, volume contents ownership changed via chgrp in first pod, new pod with same fsgroup skips ownership changes to the volume contents" classname="Kubernetes e2e suite" status="skipped" time="0">
              <skipped message="skipped"></skipped>
          </testcase>
          <testcase name="[It] [sig-node] kubelet kubectl get --raw &#34;/api/v1/nodes/&lt;insert-node-name-here&gt;/proxy/logs/?query=/&lt;insert-log-file-name-here&gt; [Feature:NodeLogQuery] [LinuxOnly] should return the error with an empty --query option" classname="Kubernetes e2e suite" status="skipped" time="0">
              <skipped message="skipped"></skipped>
          </testcase>
          <testcase name="[It] [sig-storage] In-tree Volumes [Driver: local] [LocalVolumeType: dir-link] [Testpattern: Pre-provisioned PV (default fs)] subPath should support restarting containers using directory as subpath [Slow]" classname="Kubernetes e2e suite" status="skipped" time="0">
              <skipped message="skipped"></skipped>
          </testcase>
          <testcase name="[It] [sig-storage] In-tree Volumes [Driver: nfs] [Testpattern: Pre-provisioned PV (filesystem volmode)] multiVolume [Slow] should concurrently access the single read-only volume from pods on the same node" classname="Kubernetes e2e suite" status="skipped" time="0">
              <skipped message="skipped"></skipped>
          </testcase>
          <testcase name="[It] [sig-storage] In-tree Volumes [Driver: hostPathSymlink] [Testpattern: Inline-volume (default fs)] subPath should support creating multiple subpath from same volumes [Slow]" classname="Kubernetes e2e suite" status="skipped" time="0">
              <skipped message="skipped"></skipped>
          </testcase>
          <testcase name="[It] [sig-storage] In-tree Volumes [Driver: azure-disk] [Testpattern: Pre-provisioned PV (block volmode)] multiVolume [Slow] should concurrently access the volume and restored snapshot from pods on the same node [LinuxOnly] [Feature:VolumeSnapshotDataSource] [Feature:VolumeSourceXFS]" classname="Kubernetes e2e suite" status="skipped" time="0">
              <skipped message="skipped"></skipped>
          </testcase>
          <testcase name="[It] [sig-node] Pod InPlace Resize Container [Feature:InPlacePodVerticalScaling] Burstable QoS pod, one container with cpu &amp; memory requests + limits - decrease CPU requests and increase memory limits" classname="Kubernetes e2e suite" status="skipped" time="0">
              <skipped message="skipped"></skipped>
          </testcase>
          <testcase name="[It] [sig-storage] In-tree Volumes [Driver: emptydir] [Testpattern: Dynamic PV (ntfs)] [Feature:Windows] subPath should verify container cannot write to subpath readonly volumes [Slow]" classname="Kubernetes e2e suite" status="skipped" time="0">
              <skipped message="skipped"></skipped>
          </testcase>
          <testcase name="[It] [sig-storage] In-tree Volumes [Driver: azure-file] [Testpattern: Dynamic PV (filesystem volmode)] disruptive [Disruptive] [LinuxOnly] Should test that pv used in a pod that is force deleted while the kubelet is down is usable by a new pod with a different SELinux context when kubelet returns [Feature:SELinux]" classname="Kubernetes e2e suite" status="skipped" time="0">
              <skipped message="skipped"></skipped>
          </testcase>
          <testcase name="[It] [sig-storage] CSI Volumes [Driver: csi-hostpath] [Testpattern: Pre-provisioned PV (filesystem volmode)] volumeMode should not mount / map unused volumes in a pod [LinuxOnly]" classname="Kubernetes e2e suite" status="skipped" time="0">
              <skipped message="skipped"></skipped>
          </testcase>
          <testcase name="[It] [sig-storage] GenericPersistentVolume [Disruptive] When kubelet restarts Should test that a volume mounted to a pod that is force deleted while the kubelet is down unmounts when the kubelet returns." classname="Kubernetes e2e suite" status="skipped" time="0">
              <skipped message="skipped"></skipped>
          </testcase>
          <testcase name="[It] [sig-storage] In-tree Volumes [Driver: emptydir] [Testpattern: Inline-volume (default fs)] subPath should fail if non-existent subpath is outside the volume [Slow] [LinuxOnly]" classname="Kubernetes e2e suite" status="skipped" time="0">
              <skipped message="skipped"></skipped>
          </testcase>
          <testcase name="[It] [sig-storage] In-tree Volumes [Driver: vsphere] [Testpattern: Dynamic PV (block volmode)] disruptive [Disruptive] [LinuxOnly] Should test that pv used in a pod that is deleted while the kubelet is down cleans up when the kubelet returns." classname="Kubernetes e2e suite" status="skipped" time="0">
              <skipped message="skipped"></skipped>
          </testcase>
          <testcase name="[It] [sig-storage] In-tree Volumes [Driver: vsphere] [Testpattern: Inline-volume (ext3)] volumes should allow exec of files on the volume" classname="Kubernetes e2e suite" status="skipped" time="0">
              <skipped message="skipped"></skipped>
          </testcase>
          <testcase name="[It] [sig-storage] In-tree Volumes [Driver: iscsi] [Feature:Volumes] [Testpattern: Generic Ephemeral-volume (default fs) (immediate-binding)] ephemeral should support expansion of pvcs created for ephemeral pvcs" classname="Kubernetes e2e suite" status="skipped" time="0">
              <skipped message="skipped"></skipped>
          </testcase>
          <testcase name="[It] [sig-storage] In-tree Volumes [Driver: hostPath] [Testpattern: Dynamic PV (ntfs)] [Feature:Windows] subPath should support existing directories when readOnly specified in the volumeSource" classname="Kubernetes e2e suite" status="skipped" time="0">
              <skipped message="skipped"></skipped>
          </testcase>
          <testcase name="[It] [sig-apps] Job should create pods for an Indexed job with completion indexes and specified hostname [Conformance]" classname="Kubernetes e2e suite" status="passed" time="8.058703526"></testcase>
          <testcase name="[It] [sig-autoscaling] [Feature:HPA] [Serial] [Slow] Horizontal pod autoscaling (non-default behavior) with scale limited by percentage should scale up no more than given percentage of current Pods per minute" classname="Kubernetes e2e suite" status="skipped" time="0">
              <skipped message="skipped"></skipped>
          </testcase>
          <testcase name="[It] [sig-storage] In-tree Volumes [Driver: local] [LocalVolumeType: dir] [Testpattern: Dynamic PV (block volmode)] volumes should store data" classname="Kubernetes e2e suite" status="skipped" time="0">
              <skipped message="skipped"></skipped>
          </testcase>
          <testcase name="[It] [sig-storage] CSI Volumes [Driver: csi-hostpath] [Testpattern: Dynamic PV (block volmode)] multiVolume [Slow] should access to two volumes with the same volume mode and retain data across pod recreation on different node" classname="Kubernetes e2e suite" status="skipped" time="0">
              <skipped message="skipped"></skipped>
          </testcase>
          <testcase name="[It] [sig-storage] ConfigMap should be consumable from pods in volume with defaultMode set [LinuxOnly] [NodeConformance] [Conformance]" classname="Kubernetes e2e suite" status="passed" time="2.117627006"></testcase>
          <testcase name="[It] [sig-storage] Node Poweroff [Feature:vsphere] [Slow] [Disruptive] verify volume status after node power off" classname="Kubernetes e2e suite" status="skipped" time="0">
              <skipped message="skipped"></skipped>
          </testcase>
          <testcase name="[It] [sig-api-machinery] CustomResourceValidationRules [Privileged:ClusterAdmin] MUST fail create of a custom resource that exceeds the runtime cost limit for x-kubernetes-validations rule execution" classname="Kubernetes e2e suite" status="skipped" time="0">
              <skipped message="skipped"></skipped>
          </testcase>
          <testcase name="[It] [sig-storage] In-tree Volumes [Driver: hostPathSymlink] [Testpattern: Pre-provisioned PV (filesystem volmode)] disruptive [Disruptive] [LinuxOnly] Should test that pv written before kubelet restart is readable after restart." classname="Kubernetes e2e suite" status="skipped" time="0">
              <skipped message="skipped"></skipped>
          </testcase>
          <testcase name="[It] [sig-storage] In-tree Volumes [Driver: hostPathSymlink] [Testpattern: Dynamic PV (ntfs)] [Feature:Windows] multiVolume [Slow] should access to two volumes with the same volume mode and retain data across pod recreation on different node" classname="Kubernetes e2e suite" status="skipped" time="0">
              <skipped message="skipped"></skipped>
          </testcase>
          <testcase name="[It] [sig-storage] In-tree Volumes [Driver: rbd] [Feature:Volumes] [Serial] [Testpattern: Inline-volume (default fs)] subPath should support existing directory" classname="Kubernetes e2e suite" status="skipped" time="0">
              <skipped message="skipped"></skipped>
          </testcase>
          <testcase name="[It] [sig-node] DRA [Feature:DynamicResourceAllocation] cluster truncates the name of a generated resource claim" classname="Kubernetes e2e suite" status="skipped" time="0">
              <skipped message="skipped"></skipped>
          </testcase>
          <testcase name="[It] [sig-storage] In-tree Volumes [Driver: azure-disk] [Testpattern: Dynamic PV (default fs)] subPath should fail if subpath with backstepping is outside the volume [Slow] [LinuxOnly]" classname="Kubernetes e2e suite" status="skipped" time="0">
              <skipped message="skipped"></skipped>
          </testcase>
          <testcase name="[It] [sig-storage] In-tree Volumes [Driver: local] [LocalVolumeType: block] [Testpattern: Dynamic PV (ntfs)] [Feature:Windows] provisioning should provision storage with pvc data source" classname="Kubernetes e2e suite" status="skipped" time="0">
              <skipped message="skipped"></skipped>
          </testcase>
          <testcase name="[It] [sig-storage] In-tree Volumes [Driver: nfs] [Testpattern: Dynamic PV (block volmode)] volume-expand should not allow expansion of pvcs without AllowVolumeExpansion property" classname="Kubernetes e2e suite" status="skipped" time="0">
              <skipped message="skipped"></skipped>
          </testcase>
          <testcase name="[It] [sig-storage] In-tree Volumes [Driver: local] [LocalVolumeType: block] [Testpattern: Inline-volume (default fs)] subPath should unmount if pod is gracefully deleted while kubelet is down [Disruptive] [Slow] [LinuxOnly]" classname="Kubernetes e2e suite" status="skipped" time="0">
              <skipped message="skipped"></skipped>
          </testcase>
          <testcase name="[It] [sig-node] Security Context should support container.SecurityContext.RunAsUser And container.SecurityContext.RunAsGroup [LinuxOnly] [Conformance]" classname="Kubernetes e2e suite" status="passed" time="4.09242282"></testcase>
          <testcase name="[It] [sig-storage] In-tree Volumes [Driver: azure-disk] [Testpattern: Pre-provisioned PV (block volmode)] volumeMode should fail to use a volume in a pod with mismatched mode [Slow]" classname="Kubernetes e2e suite" status="skipped" time="0">
              <skipped message="skipped"></skipped>
          </testcase>
          <testcase name="[It] [sig-storage] In-tree Volumes [Driver: hostPathSymlink] [Testpattern: Pre-provisioned PV (filesystem volmode)] disruptive [Disruptive] [LinuxOnly] Should test that pv used in a pod that is force deleted while the kubelet is down is usable by a new pod with a different SELinux context when kubelet returns [Feature:SELinux]" classname="Kubernetes e2e suite" status="skipped" time="0">
              <skipped message="skipped"></skipped>
          </testcase>
          <testcase name="[It] [sig-storage] CSI Volumes [Driver: pd.csi.storage.gke.io] [Serial] [Testpattern: Inline-volume (ext3)] volumes should allow exec of files on the volume" classname="Kubernetes e2e suite" status="skipped" time="0">
              <skipped message="skipped"></skipped>
          </testcase>
          <testcase name="[It] [sig-storage] In-tree Volumes [Driver: azure-file] [Testpattern: Dynamic PV (ntfs)] [Feature:Windows] subPath should support non-existent path" classname="Kubernetes e2e suite" status="skipped" time="0">
              <skipped message="skipped"></skipped>
          </testcase>
          <testcase name="[It] [sig-network] DNS should work with the pod containing more than 6 DNS search paths and longer than 256 search list characters" classname="Kubernetes e2e suite" status="skipped" time="0">
              <skipped message="skipped"></skipped>
          </testcase>
          <testcase name="[It] [sig-network] Services should fallback to local terminating endpoints when there are no ready endpoints with internalTrafficPolicy=Local" classname="Kubernetes e2e suite" status="skipped" time="0">
              <skipped message="skipped"></skipped>
          </testcase>
          <testcase name="[It] [sig-storage] In-tree Volumes [Driver: hostPath] [Testpattern: Dynamic PV (filesystem volmode)] multiVolume [Slow] should concurrently access the single read-only volume from pods on the same node" classname="Kubernetes e2e suite" status="skipped" time="0">
              <skipped message="skipped"></skipped>
          </testcase>
          <testcase name="[It] [sig-storage] In-tree Volumes [Driver: vsphere] [Testpattern: Pre-provisioned PV (filesystem volmode)] multiVolume [Slow] should concurrently access the single volume from pods on different node" classname="Kubernetes e2e suite" status="skipped" time="0">
              <skipped message="skipped"></skipped>
          </testcase>
          <testcase name="[It] [sig-storage] In-tree Volumes [Driver: azure-disk] [Testpattern: Dynamic PV (block volmode)] volume-expand should not allow expansion of pvcs without AllowVolumeExpansion property" classname="Kubernetes e2e suite" status="skipped" time="0">
              <skipped message="skipped"></skipped>
          </testcase>
          <testcase name="[It] [sig-storage] In-tree Volumes [Driver: azure-file] [Testpattern: Generic Ephemeral-volume (default fs) (late-binding)] ephemeral should support two pods which have the same volume definition" classname="Kubernetes e2e suite" status="skipped" time="0">
              <skipped message="skipped"></skipped>
          </testcase>
          <testcase name="[It] [sig-storage] In-tree Volumes [Driver: cinder] [Testpattern: Dynamic PV (default fs)] volumes should allow exec of files on the volume" classname="Kubernetes e2e suite" status="skipped" time="0">
              <skipped message="skipped"></skipped>
          </testcase>
          <testcase name="[It] [sig-storage] In-tree Volumes [Driver: local] [LocalVolumeType: dir] [Testpattern: Inline-volume (default fs)] subPath should fail if subpath directory is outside the volume [Slow] [LinuxOnly]" classname="Kubernetes e2e suite" status="skipped" time="0">
              <skipped message="skipped"></skipped>
          </testcase>
          <testcase name="[It] [sig-storage] In-tree Volumes [Driver: local] [LocalVolumeType: dir-link] [Testpattern: Dynamic PV (ntfs)] [Feature:Windows] multiVolume [Slow] should concurrently access the single read-only volume from pods on the same node" classname="Kubernetes e2e suite" status="skipped" time="0">
              <skipped message="skipped"></skipped>
          </testcase>
          <testcase name="[It] [sig-storage] In-tree Volumes [Driver: local] [LocalVolumeType: block] [Testpattern: Dynamic PV (block volmode)] volume-expand should not allow expansion of pvcs without AllowVolumeExpansion property" classname="Kubernetes e2e suite" status="skipped" time="0">
              <skipped message="skipped"></skipped>
          </testcase>
          <testcase name="[It] [sig-storage] Volume FStype [Feature:vsphere] verify invalid fstype" classname="Kubernetes e2e suite" status="skipped" time="0">
              <skipped message="skipped"></skipped>
          </testcase>
          <testcase name="[It] [sig-storage] In-tree Volumes [Driver: local] [LocalVolumeType: gce-localssd-scsi-fs] [Serial] [Testpattern: Inline-volume (xfs)] [Slow] volumes should allow exec of files on the volume" classname="Kubernetes e2e suite" status="skipped" time="0">
              <skipped message="skipped"></skipped>
          </testcase>
          <testcase name="[It] [sig-storage] In-tree Volumes [Driver: local] [LocalVolumeType: dir-link] [Testpattern: Pre-provisioned PV (filesystem volmode)] disruptive [Disruptive] [LinuxOnly] Should test that pv used in a pod that is force deleted while the kubelet is down is usable by a new pod with a different SELinux context when kubelet returns [Feature:SELinux]" classname="Kubernetes e2e suite" status="skipped" time="0">
              <skipped message="skipped"></skipped>
          </testcase>
          <testcase name="[It] [sig-storage] In-tree Volumes [Driver: local] [LocalVolumeType: blockfs] [Testpattern: Dynamic PV (default fs)] provisioning should provision storage with pvc data source (ROX mode)" classname="Kubernetes e2e suite" status="skipped" time="0">
              <skipped message="skipped"></skipped>
          </testcase>
          <testcase name="[It] [sig-storage] In-tree Volumes [Driver: hostPath] [Testpattern: Dynamic PV (default fs)] provisioning should provision storage with snapshot data source [Feature:VolumeSnapshotDataSource]" classname="Kubernetes e2e suite" status="skipped" time="0">
              <skipped message="skipped"></skipped>
          </testcase>
          <testcase name="[It] [sig-storage] In-tree Volumes [Driver: hostPathSymlink] [Testpattern: Dynamic PV (ntfs)] [Feature:Windows] subPath should support creating multiple subpath from same volumes [Slow]" classname="Kubernetes e2e suite" status="skipped" time="0">
              <skipped message="skipped"></skipped>
          </testcase>
          <testcase name="[It] [sig-storage] In-tree Volumes [Driver: local] [LocalVolumeType: dir] [Testpattern: Inline-volume (default fs)] subPath should support existing directory" classname="Kubernetes e2e suite" status="skipped" time="0">
              <skipped message="skipped"></skipped>
          </testcase>
          <testcase name="[It] [sig-storage] In-tree Volumes [Driver: cinder] [Testpattern: Dynamic PV (filesystem volmode)] multiVolume [Slow] should concurrently access the volume and restored snapshot from pods on the same node [LinuxOnly] [Feature:VolumeSnapshotDataSource] [Feature:VolumeSourceXFS]" classname="Kubernetes e2e suite" status="skipped" time="0">
              <skipped message="skipped"></skipped>
          </testcase>
          <testcase name="[It] [sig-network] DNS should resolve DNS of partial qualified names for the cluster [LinuxOnly]" classname="Kubernetes e2e suite" status="skipped" time="0">
              <skipped message="skipped"></skipped>
          </testcase>
          <testcase name="[It] [sig-node] kubelet host cleanup with volume mounts [HostCleanup][Flaky] Host cleanup after disrupting NFS volume [NFS] after stopping the nfs-server and deleting the (sleeping) client pod, the NFS mount and the pod&#39;s UID directory should be removed." classname="Kubernetes e2e suite" status="skipped" time="0">
              <skipped message="skipped"></skipped>
          </testcase>
          <testcase name="[It] [sig-storage] In-tree Volumes [Driver: azure-disk] [Testpattern: Dynamic PV (default fs)] subPath should support file as subpath [LinuxOnly]" classname="Kubernetes e2e suite" status="skipped" time="0">
              <skipped message="skipped"></skipped>
          </testcase>
          <testcase name="[It] [sig-storage] In-tree Volumes [Driver: rbd] [Feature:Volumes] [Serial] [Testpattern: Inline-volume (ext4)] volumes should allow exec of files on the volume" classname="Kubernetes e2e suite" status="skipped" time="0">
              <skipped message="skipped"></skipped>
          </testcase>
          <testcase name="[It] [sig-storage] In-tree Volumes [Driver: nfs] [Testpattern: Dynamic PV (xfs)] [Slow] multiVolume [Slow] should access to two volumes with the same volume mode and retain data across pod recreation on the same node" classname="Kubernetes e2e suite" status="skipped" time="0">
              <skipped message="skipped"></skipped>
          </testcase>
          <testcase name="[It] [sig-storage] CSI Volumes [Driver: pd.csi.storage.gke.io] [Serial] [Testpattern: Pre-provisioned PV (filesystem volmode)] disruptive [Disruptive] [LinuxOnly] Should test that pv written before kubelet restart is readable after restart." classname="Kubernetes e2e suite" status="skipped" time="0">
              <skipped message="skipped"></skipped>
          </testcase>
          <testcase name="[It] [sig-storage] In-tree Volumes [Driver: local] [LocalVolumeType: tmpfs] [Testpattern: Inline-volume (default fs)] subPath should support restarting containers using file as subpath [Slow] [LinuxOnly]" classname="Kubernetes e2e suite" status="skipped" time="0">
              <skipped message="skipped"></skipped>
          </testcase>
          <testcase name="[It] [sig-storage] In-tree Volumes [Driver: cinder] [Testpattern: Dynamic PV (default fs)] subPath should verify container cannot write to subpath readonly volumes [Slow]" classname="Kubernetes e2e suite" status="skipped" time="0">
              <skipped message="skipped"></skipped>
          </testcase>
          <testcase name="[It] [sig-storage] CSI Volumes [Driver: pd.csi.storage.gke.io] [Serial] [Testpattern: Pre-provisioned PV (default fs)] subPath should fail if non-existent subpath is outside the volume [Slow] [LinuxOnly]" classname="Kubernetes e2e suite" status="skipped" time="0">
              <skipped message="skipped"></skipped>
          </testcase>
          <testcase name="[It] [sig-storage] In-tree Volumes [Driver: local] [LocalVolumeType: dir-link-bindmounted] [Testpattern: Inline-volume (default fs)] subPath should be able to unmount after the subpath directory is deleted [LinuxOnly]" classname="Kubernetes e2e suite" status="skipped" time="0">
              <skipped message="skipped"></skipped>
          </testcase>
          <testcase name="[It] [sig-storage] CSI Mock selinux on mount SELinuxMount [LinuxOnly] [Feature:SELinux] should not pass SELinux mount option for CSI driver that does not support SELinux mount" classname="Kubernetes e2e suite" status="skipped" time="0">
              <skipped message="skipped"></skipped>
          </testcase>
          <testcase name="[It] [sig-network] [Feature:IPv6DualStack] should create service with ipv4,v6 cluster ip" classname="Kubernetes e2e suite" status="skipped" time="0">
              <skipped message="skipped"></skipped>
          </testcase>
          <testcase name="[It] [sig-storage] In-tree Volumes [Driver: rbd] [Feature:Volumes] [Serial] [Testpattern: Pre-provisioned PV (block volmode)] multiVolume [Slow] should concurrently access the single volume from pods on different node" classname="Kubernetes e2e suite" status="skipped" time="0">
              <skipped message="skipped"></skipped>
          </testcase>
          <testcase name="[It] [sig-storage] In-tree Volumes [Driver: vsphere] [Testpattern: Dynamic PV (default fs)] subPath should fail if subpath directory is outside the volume [Slow] [LinuxOnly]" classname="Kubernetes e2e suite" status="skipped" time="0">
              <skipped message="skipped"></skipped>
          </testcase>
          <testcase name="[It] [sig-storage] In-tree Volumes [Driver: aws] [Testpattern: Dynamic PV (ntfs)] [Feature:Windows] subPath should support creating multiple subpath from same volumes [Slow]" classname="Kubernetes e2e suite" status="skipped" time="0">
              <skipped message="skipped"></skipped>
          </testcase>
          <testcase name="[It] [sig-node] [NodeAlphaFeature:SidecarContainers] [Feature:SidecarContainers] Probing restartable init container should *not* be restarted by liveness probe because startup probe delays it" classname="Kubernetes e2e suite" status="skipped" time="0">
              <skipped message="skipped"></skipped>
          </testcase>
          <testcase name="[It] [sig-storage] In-tree Volumes [Driver: iscsi] [Feature:Volumes] [Testpattern: Dynamic PV (default fs)(allowExpansion)] volume-expand should resize volume when PVC is edited while pod is using it" classname="Kubernetes e2e suite" status="skipped" time="0">
              <skipped message="skipped"></skipped>
          </testcase>
          <testcase name="[It] [sig-storage] In-tree Volumes [Driver: local] [LocalVolumeType: dir-link-bindmounted] [Testpattern: Inline-volume (default fs)] subPath should unmount if pod is gracefully deleted while kubelet is down [Disruptive] [Slow] [LinuxOnly]" classname="Kubernetes e2e suite" status="skipped" time="0">
              <skipped message="skipped"></skipped>
          </testcase>
          <testcase name="[It] [sig-storage] CSI Volumes [Driver: csi-hostpath] [Testpattern: Pre-provisioned PV (filesystem volmode)] disruptive [Disruptive] [LinuxOnly] Should test that pv written before kubelet restart is readable after restart." classname="Kubernetes e2e suite" status="skipped" time="0">
              <skipped message="skipped"></skipped>
          </testcase>
          <testcase name="[It] [sig-storage] In-tree Volumes [Driver: ceph] [Feature:Volumes] [Serial] [Testpattern: Pre-provisioned PV (default fs)] subPath should fail if subpath file is outside the volume [Slow] [LinuxOnly]" classname="Kubernetes e2e suite" status="skipped" time="0">
              <skipped message="skipped"></skipped>
          </testcase>
          <testcase name="[It] [sig-storage] In-tree Volumes [Driver: local] [LocalVolumeType: dir-link] [Testpattern: Dynamic PV (ext4)] multiVolume [Slow] should concurrently access the single read-only volume from pods on the same node" classname="Kubernetes e2e suite" status="skipped" time="0">
              <skipped message="skipped"></skipped>
          </testcase>
          <testcase name="[It] [sig-storage] In-tree Volumes [Driver: hostPath] [Testpattern: Dynamic PV (filesystem volmode)] multiVolume [Slow] should access to two volumes with the same volume mode and retain data across pod recreation on different node" classname="Kubernetes e2e suite" status="skipped" time="0">
              <skipped message="skipped"></skipped>
          </testcase>
          <testcase name="[It] [sig-storage] In-tree Volumes [Driver: local] [LocalVolumeType: dir-link] [Testpattern: Dynamic PV (default fs)] subPath should verify container cannot write to subpath readonly volumes [Slow]" classname="Kubernetes e2e suite" status="skipped" time="0">
              <skipped message="skipped"></skipped>
          </testcase>
          <testcase name="[It] [sig-storage] In-tree Volumes [Driver: nfs] [Testpattern: Dynamic PV (ntfs)] [Feature:Windows] subPath should support restarting containers using directory as subpath [Slow]" classname="Kubernetes e2e suite" status="skipped" time="0">
              <skipped message="skipped"></skipped>
          </testcase>
          <testcase name="[It] [sig-storage] Projected configMap optional updates should be reflected in volume [NodeConformance] [Conformance]" classname="Kubernetes e2e suite" status="passed" time="6.154218459"></testcase>
          <testcase name="[It] [sig-storage] In-tree Volumes [Driver: local] [LocalVolumeType: block] [Testpattern: Dynamic PV (filesystem volmode)] multiVolume [Slow] should access to two volumes with the same volume mode and retain data across pod recreation on different node" classname="Kubernetes e2e suite" status="skipped" time="0">
              <skipped message="skipped"></skipped>
          </testcase>
          <testcase name="[It] [sig-autoscaling] Cluster size autoscaling [Slow] Should be able to scale a node group down to 0 [Feature:ClusterSizeAutoscalingScaleDown]" classname="Kubernetes e2e suite" status="skipped" time="0">
              <skipped message="skipped"></skipped>
          </testcase>
          <testcase name="[It] [sig-storage] In-tree Volumes [Driver: hostPath] [Testpattern: Dynamic PV (ext4)] multiVolume [Slow] should concurrently access the single volume from pods on different node" classname="Kubernetes e2e suite" status="skipped" time="0">
              <skipped message="skipped"></skipped>
          </testcase>
          <testcase name="[It] [sig-storage] In-tree Volumes [Driver: nfs] [Testpattern: Dynamic PV (default fs)] fsgroupchangepolicy (OnRootMismatch)[LinuxOnly], pod created with an initial fsgroup, volume contents ownership changed via chgrp in first pod, new pod with same fsgroup skips ownership changes to the volume contents" classname="Kubernetes e2e suite" status="skipped" time="0">
              <skipped message="skipped"></skipped>
          </testcase>
          <testcase name="[It] [sig-storage] In-tree Volumes [Driver: local] [LocalVolumeType: dir-link] [Testpattern: Dynamic PV (filesystem volmode)] disruptive [Disruptive] [LinuxOnly] Should test that pv used in a pod that is deleted while the kubelet is down is usable by a new pod when kubelet returns [Feature:SELinux]" classname="Kubernetes e2e suite" status="skipped" time="0">
              <skipped message="skipped"></skipped>
          </testcase>
          <testcase name="[It] [sig-storage] In-tree Volumes [Driver: hostPathSymlink] [Testpattern: Inline-volume (default fs)] subPath should fail if subpath with backstepping is outside the volume [Slow] [LinuxOnly]" classname="Kubernetes e2e suite" status="skipped" time="0">
              <skipped message="skipped"></skipped>
          </testcase>
          <testcase name="[It] [sig-storage] In-tree Volumes [Driver: aws] [Testpattern: Dynamic PV (default fs)] fsgroupchangepolicy (Always)[LinuxOnly], pod created with an initial fsgroup, volume contents ownership changed via chgrp in first pod, new pod with same fsgroup applied to the volume contents" classname="Kubernetes e2e suite" status="skipped" time="0">
              <skipped message="skipped"></skipped>
          </testcase>
          <testcase name="[It] [sig-storage] In-tree Volumes [Driver: nfs] [Testpattern: Dynamic PV (ntfs)] [Feature:Windows] provisioning should provision storage with any volume data source [Serial]" classname="Kubernetes e2e suite" status="skipped" time="0">
              <skipped message="skipped"></skipped>
          </testcase>
          <testcase name="[It] [sig-node] Lease lease API should be available [Conformance]" classname="Kubernetes e2e suite" status="passed" time="0.085608134"></testcase>
          <testcase name="[It] [sig-node] NoExecuteTaintManager Single Pod [Serial] pods evicted from tainted nodes have pod disruption condition" classname="Kubernetes e2e suite" status="skipped" time="0">
              <skipped message="skipped"></skipped>
          </testcase>
          <testcase name="[It] [sig-storage] In-tree Volumes [Driver: vsphere] [Testpattern: Dynamic PV (ntfs)] [Feature:Windows] subPath should unmount if pod is force deleted while kubelet is down [Disruptive] [Slow] [LinuxOnly]" classname="Kubernetes e2e suite" status="skipped" time="0">
              <skipped message="skipped"></skipped>
          </testcase>
          <testcase name="[It] [sig-storage] CSI Volumes [Driver: pd.csi.storage.gke.io] [Serial] [Testpattern: Generic Ephemeral-volume (block volmode) (late-binding)] ephemeral should create read/write inline ephemeral volume" classname="Kubernetes e2e suite" status="skipped" time="0">
              <skipped message="skipped"></skipped>
          </testcase>
          <testcase name="[It] [sig-storage] CSIInlineVolumes should support CSIVolumeSource in Pod API [Conformance]" classname="Kubernetes e2e suite" status="passed" time="0.064543051"></testcase>
          <testcase name="[It] [sig-storage] [Serial] Volume metrics Ephemeral should create metrics for total time taken in volume operations in P/V Controller" classname="Kubernetes e2e suite" status="skipped" time="0">
              <skipped message="skipped"></skipped>
          </testcase>
          <testcase name="[It] [sig-storage] In-tree Volumes [Driver: local] [LocalVolumeType: dir-link] [Testpattern: Dynamic PV (ext4)] multiVolume [Slow] should access to two volumes with the same volume mode and retain data across pod recreation on the same node" classname="Kubernetes e2e suite" status="skipped" time="0">
              <skipped message="skipped"></skipped>
          </testcase>
          <testcase name="[It] [sig-storage] In-tree Volumes [Driver: local] [LocalVolumeType: dir-bindmounted] [Testpattern: Dynamic PV (delayed binding)] topology should fail to schedule a pod which has topologies that conflict with AllowedTopologies" classname="Kubernetes e2e suite" status="skipped" time="0">
              <skipped message="skipped"></skipped>
          </testcase>
          <testcase name="[It] [sig-storage] CSI Volumes [Driver: pd.csi.storage.gke.io] [Serial] [Testpattern: Inline-volume (xfs)] [Slow] volumes should allow exec of files on the volume" classname="Kubernetes e2e suite" status="skipped" time="0">
              <skipped message="skipped"></skipped>
          </testcase>
          <testcase name="[It] [sig-storage] In-tree Volumes [Driver: azure-file] [Testpattern: Inline-volume (default fs)] subPath should fail if non-existent subpath is outside the volume [Slow] [LinuxOnly]" classname="Kubernetes e2e suite" status="skipped" time="0">
              <skipped message="skipped"></skipped>
          </testcase>
          <testcase name="[It] [sig-storage] In-tree Volumes [Driver: local] [LocalVolumeType: block] [Testpattern: Dynamic PV (xfs)] [Slow] multiVolume [Slow] should access to two volumes with different volume mode and retain data across pod recreation on different node" classname="Kubernetes e2e suite" status="skipped" time="0">
              <skipped message="skipped"></skipped>
          </testcase>
          <testcase name="[It] [sig-storage] In-tree Volumes [Driver: local] [LocalVolumeType: dir-link-bindmounted] [Testpattern: Pre-provisioned PV (filesystem volmode)] multiVolume [Slow] should access to two volumes with the same volume mode and retain data across pod recreation on different node" classname="Kubernetes e2e suite" status="skipped" time="0">
              <skipped message="skipped"></skipped>
          </testcase>
          <testcase name="[It] [sig-storage] CSI Volumes [Driver: pd.csi.storage.gke.io] [Serial] [Testpattern: Pre-provisioned Snapshot (retain policy)] snapshottable [Feature:VolumeSnapshotDataSource] volume snapshot controller  should check snapshot fields, check restore correctly works, check deletion (ephemeral)" classname="Kubernetes e2e suite" status="skipped" time="0">
              <skipped message="skipped"></skipped>
          </testcase>
          <testcase name="[It] [sig-storage] HostPathType Block Device [Slow] Should fail on mounting block device &#39;ablkdev&#39; when HostPathType is HostPathSocket" classname="Kubernetes e2e suite" status="skipped" time="0">
              <skipped message="skipped"></skipped>
          </testcase>
          <testcase name="[It] [sig-storage] In-tree Volumes [Driver: emptydir] [Testpattern: Dynamic PV (block volmode)] multiVolume [Slow] should access to two volumes with different volume mode and retain data across pod recreation on different node" classname="Kubernetes e2e suite" status="skipped" time="0">
              <skipped message="skipped"></skipped>
          </testcase>
          <testcase name="[It] [sig-storage] In-tree Volumes [Driver: vsphere] [Testpattern: Pre-provisioned PV (block volmode)] multiVolume [Slow] should concurrently access the volume and its clone from pods on the same node [LinuxOnly] [Feature:VolumeSourceXFS]" classname="Kubernetes e2e suite" status="skipped" time="0">
              <skipped message="skipped"></skipped>
          </testcase>
          <testcase name="[It] [sig-api-machinery] CustomResourceValidationRules [Privileged:ClusterAdmin] MUST fail create of a custom resource definition that contains a x-kubernetes-validations rule that refers to a property that do not exist" classname="Kubernetes e2e suite" status="skipped" time="0">
              <skipped message="skipped"></skipped>
          </testcase>
          <testcase name="[It] [sig-storage] In-tree Volumes [Driver: rbd] [Feature:Volumes] [Serial] [Testpattern: Dynamic PV (xfs)] [Slow] multiVolume [Slow] should concurrently access the volume and restored snapshot from pods on the same node [LinuxOnly] [Feature:VolumeSnapshotDataSource] [Feature:VolumeSourceXFS]" classname="Kubernetes e2e suite" status="skipped" time="0">
              <skipped message="skipped"></skipped>
          </testcase>
          <testcase name="[It] [sig-storage] In-tree Volumes [Driver: aws] [Testpattern: Pre-provisioned PV (block volmode)] multiVolume [Slow] should concurrently access the volume and its clone from pods on the same node [LinuxOnly] [Feature:VolumeSourceXFS]" classname="Kubernetes e2e suite" status="skipped" time="0">
              <skipped message="skipped"></skipped>
          </testcase>
          <testcase name="[It] [sig-storage] In-tree Volumes [Driver: local] [LocalVolumeType: dir-link] [Testpattern: Pre-provisioned PV (block volmode)] volumeMode should fail to use a volume in a pod with mismatched mode [Slow]" classname="Kubernetes e2e suite" status="skipped" time="0">
              <skipped message="skipped"></skipped>
          </testcase>
          <testcase name="[It] [sig-storage] In-tree Volumes [Driver: local] [LocalVolumeType: dir-link] [Testpattern: Generic Ephemeral-volume (default fs) (late-binding)] ephemeral should create read/write inline ephemeral volume" classname="Kubernetes e2e suite" status="skipped" time="0">
              <skipped message="skipped"></skipped>
          </testcase>
          <testcase name="[It] [sig-storage] CSI Volumes [Driver: pd.csi.storage.gke.io] [Serial] [Testpattern: Dynamic PV (block volmode)] disruptive [Disruptive] [LinuxOnly] Should test that pv used in a pod that is deleted while the kubelet is down cleans up when the kubelet returns." classname="Kubernetes e2e suite" status="skipped" time="0">
              <skipped message="skipped"></skipped>
          </testcase>
          <testcase name="[It] [sig-storage] In-tree Volumes [Driver: local] [LocalVolumeType: dir-link] [Testpattern: Pre-provisioned PV (filesystem volmode)] multiVolume [Slow] should concurrently access the single read-only volume from pods on the same node" classname="Kubernetes e2e suite" status="skipped" time="0">
              <skipped message="skipped"></skipped>
          </testcase>
          <testcase name="[It] [sig-storage] In-tree Volumes [Driver: rbd] [Feature:Volumes] [Serial] [Testpattern: Dynamic PV (default fs)] subPath should support existing directory" classname="Kubernetes e2e suite" status="skipped" time="0">
              <skipped message="skipped"></skipped>
          </testcase>
          <testcase name="[It] [sig-storage] In-tree Volumes [Driver: hostPathSymlink] [Testpattern: Dynamic PV (default fs)] volume-stress multiple pods should access different volumes repeatedly [Slow] [Serial]" classname="Kubernetes e2e suite" status="skipped" time="0">
              <skipped message="skipped"></skipped>
          </testcase>
          <testcase name="[It] [sig-storage] In-tree Volumes [Driver: local] [LocalVolumeType: dir] [Testpattern: Dynamic PV (ntfs)] [Feature:Windows] subPath should unmount if pod is gracefully deleted while kubelet is down [Disruptive] [Slow] [LinuxOnly]" classname="Kubernetes e2e suite" status="skipped" time="0">
              <skipped message="skipped"></skipped>
          </testcase>
          <testcase name="[It] [sig-storage] In-tree Volumes [Driver: ceph] [Feature:Volumes] [Serial] [Testpattern: Dynamic PV (filesystem volmode)] disruptive [Disruptive] [LinuxOnly] Should test that pv used in a pod that is force deleted while the kubelet is down is usable by a new pod when kubelet returns [Feature:SELinux]" classname="Kubernetes e2e suite" status="skipped" time="0">
              <skipped message="skipped"></skipped>
          </testcase>
          <testcase name="[It] [sig-storage] In-tree Volumes [Driver: vsphere] [Testpattern: Dynamic PV (block volmode)] disruptive [Disruptive] [LinuxOnly] Should test that pv written before kubelet restart is readable after restart." classname="Kubernetes e2e suite" status="skipped" time="0">
              <skipped message="skipped"></skipped>
          </testcase>
          <testcase name="[It] [sig-storage] In-tree Volumes [Driver: hostPathSymlink] [Testpattern: Generic Ephemeral-volume (default fs) (late-binding)] ephemeral should create read-only inline ephemeral volume" classname="Kubernetes e2e suite" status="skipped" time="0">
              <skipped message="skipped"></skipped>
          </testcase>
          <testcase name="[It] [sig-apps] DisruptionController evictions: no PDB =&gt; should allow an eviction" classname="Kubernetes e2e suite" status="skipped" time="0">
              <skipped message="skipped"></skipped>
          </testcase>
          <testcase name="[It] [sig-storage] In-tree Volumes [Driver: hostPath] [Testpattern: Dynamic PV (default fs)] subPath should support file as subpath [LinuxOnly]" classname="Kubernetes e2e suite" status="skipped" time="0">
              <skipped message="skipped"></skipped>
          </testcase>
          <testcase name="[It] [sig-storage] In-tree Volumes [Driver: azure-file] [Testpattern: Dynamic PV (default fs)] provisioning should provision correct filesystem size when restoring snapshot to larger size pvc [Feature:VolumeSnapshotDataSource]" classname="Kubernetes e2e suite" status="skipped" time="0">
              <skipped message="skipped"></skipped>
          </testcase>
          <testcase name="[It] [sig-network] [Feature:ServiceCIDRs] should create Services and servce on different Service CIDRs" classname="Kubernetes e2e suite" status="skipped" time="0">
              <skipped message="skipped"></skipped>
          </testcase>
          <testcase name="[It] [sig-storage] CSI Volumes [Driver: csi-hostpath] [Testpattern: Inline-volume (ntfs)] [Feature:Windows] volumes should allow exec of files on the volume" classname="Kubernetes e2e suite" status="skipped" time="0">
              <skipped message="skipped"></skipped>
          </testcase>
          <testcase name="[It] [sig-storage] CSI Volumes [Driver: pd.csi.storage.gke.io] [Serial] [Testpattern: Dynamic PV (ext4)] multiVolume [Slow] should access to two volumes with the same volume mode and retain data across pod recreation on different node" classname="Kubernetes e2e suite" status="skipped" time="0">
              <skipped message="skipped"></skipped>
          </testcase>
          <testcase name="[It] [sig-storage] [Serial] Volume metrics PVController should create total pv count metrics for with plugin and volume mode labels after creating pv" classname="Kubernetes e2e suite" status="skipped" time="0">
              <skipped message="skipped"></skipped>
          </testcase>
          <testcase name="[It] [sig-storage] In-tree Volumes [Driver: local] [LocalVolumeType: dir] [Testpattern: Dynamic PV (ext4)] multiVolume [Slow] should concurrently access the single volume from pods on different node" classname="Kubernetes e2e suite" status="skipped" time="0">
              <skipped message="skipped"></skipped>
          </testcase>
          <testcase name="[It] [sig-api-machinery] API priority and fairness should support PriorityLevelConfiguration API operations [Conformance]" classname="Kubernetes e2e suite" status="passed" time="0.1047049"></testcase>
          <testcase name="[It] [sig-storage] In-tree Volumes [Driver: local] [LocalVolumeType: dir-bindmounted] [Testpattern: Dynamic PV (default fs)] provisioning should mount multiple PV pointing to the same storage on the same node" classname="Kubernetes e2e suite" status="skipped" time="0">
              <skipped message="skipped"></skipped>
          </testcase>
          <testcase name="[It] [sig-storage] In-tree Volumes [Driver: cinder] [Testpattern: Dynamic PV (ntfs)] [Feature:Windows] subPath should be able to unmount after the subpath directory is deleted [LinuxOnly]" classname="Kubernetes e2e suite" status="skipped" time="0">
              <skipped message="skipped"></skipped>
          </testcase>
          <testcase name="[It] [sig-storage] CSI Volumes [Driver: pd.csi.storage.gke.io] [Serial] [Testpattern: Ephemeral Snapshot (retain policy)] snapshottable [Feature:VolumeSnapshotDataSource] volume snapshot controller  should check snapshot fields, check restore correctly works after modifying source data, check deletion (persistent)" classname="Kubernetes e2e suite" status="skipped" time="0">
              <skipped message="skipped"></skipped>
          </testcase>
          <testcase name="[It] [sig-storage] In-tree Volumes [Driver: hostPathSymlink] [Testpattern: Pre-provisioned PV (ntfs)] [Feature:Windows] volumes should allow exec of files on the volume" classname="Kubernetes e2e suite" status="skipped" time="0">
              <skipped message="skipped"></skipped>
          </testcase>
          <testcase name="[It] [sig-storage] In-tree Volumes [Driver: ceph] [Feature:Volumes] [Serial] [Testpattern: Pre-provisioned PV (block volmode)] multiVolume [Slow] should access to two volumes with different volume mode and retain data across pod recreation on different node" classname="Kubernetes e2e suite" status="skipped" time="0">
              <skipped message="skipped"></skipped>
          </testcase>
          <testcase name="[It] [sig-storage] In-tree Volumes [Driver: cinder] [Testpattern: Dynamic PV (filesystem volmode)] disruptive [Disruptive] [LinuxOnly] Should test that pv written before kubelet restart is readable after restart." classname="Kubernetes e2e suite" status="skipped" time="0">
              <skipped message="skipped"></skipped>
          </testcase>
          <testcase name="[It] [sig-storage] NFSPersistentVolumes [Disruptive] [Flaky] when kubelet restarts Should test that a volume mounted to a pod that is force deleted while the kubelet is down unmounts when the kubelet returns." classname="Kubernetes e2e suite" status="skipped" time="0">
              <skipped message="skipped"></skipped>
          </testcase>
          <testcase name="[It] [sig-storage] In-tree Volumes [Driver: cinder] [Testpattern: Pre-provisioned PV (default fs)] subPath should fail if subpath file is outside the volume [Slow] [LinuxOnly]" classname="Kubernetes e2e suite" status="skipped" time="0">
              <skipped message="skipped"></skipped>
          </testcase>
          <testcase name="[It] [sig-api-machinery] Namespaces [Serial] should ensure that all services are removed when a namespace is deleted [Conformance]" classname="Kubernetes e2e suite" status="passed" time="6.110009722"></testcase>
          <testcase name="[It] [sig-storage] In-tree Volumes [Driver: local] [LocalVolumeType: blockfs] [Testpattern: Pre-provisioned PV (block volmode)] multiVolume [Slow] should access to two volumes with the same volume mode and retain data across pod recreation on different node" classname="Kubernetes e2e suite" status="skipped" time="0">
              <skipped message="skipped"></skipped>
          </testcase>
          <testcase name="[It] [sig-storage] In-tree Volumes [Driver: rbd] [Feature:Volumes] [Serial] [Testpattern: Dynamic PV (ntfs)] [Feature:Windows] subPath should fail if subpath directory is outside the volume [Slow] [LinuxOnly]" classname="Kubernetes e2e suite" status="skipped" time="0">
              <skipped message="skipped"></skipped>
          </testcase>
          <testcase name="[It] [sig-cluster-lifecycle] [Feature:BootstrapTokens] should delete the signed bootstrap tokens from clusterInfo ConfigMap when bootstrap token is deleted" classname="Kubernetes e2e suite" status="skipped" time="0">
              <skipped message="skipped"></skipped>
          </testcase>
          <testcase name="[It] [sig-storage] In-tree Volumes [Driver: azure-file] [Testpattern: Dynamic PV (ntfs)] [Feature:Windows] multiVolume [Slow] should concurrently access the volume and its clone from pods on the same node [LinuxOnly] [Feature:VolumeSourceXFS]" classname="Kubernetes e2e suite" status="skipped" time="0">
              <skipped message="skipped"></skipped>
          </testcase>
          <testcase name="[It] [sig-storage] In-tree Volumes [Driver: cinder] [Testpattern: Dynamic PV (ntfs)] [Feature:Windows] volume-expand should not allow expansion of pvcs without AllowVolumeExpansion property" classname="Kubernetes e2e suite" status="skipped" time="0">
              <skipped message="skipped"></skipped>
          </testcase>
          <testcase name="[It] [sig-storage] In-tree Volumes [Driver: hostPathSymlink] [Testpattern: Dynamic PV (xfs)] [Slow] multiVolume [Slow] should access to two volumes with the same volume mode and retain data across pod recreation on different node" classname="Kubernetes e2e suite" status="skipped" time="0">
              <skipped message="skipped"></skipped>
          </testcase>
          <testcase name="[It] [sig-storage] In-tree Volumes [Driver: local] [LocalVolumeType: dir-link-bindmounted] [Testpattern: Dynamic PV (block volmode)] provisioning should provision storage with snapshot data source (ROX mode) [Feature:VolumeSnapshotDataSource]" classname="Kubernetes e2e suite" status="skipped" time="0">
              <skipped message="skipped"></skipped>
          </testcase>
          <testcase name="[It] [sig-storage] In-tree Volumes [Driver: local] [LocalVolumeType: tmpfs] [Testpattern: Dynamic PV (xfs)] [Slow] multiVolume [Slow] should concurrently access the single read-only volume from pods on the same node" classname="Kubernetes e2e suite" status="skipped" time="0">
              <skipped message="skipped"></skipped>
          </testcase>
          <testcase name="[It] [sig-api-machinery] ServerSideApply should not remove a field if an owner unsets the field but other managers still have ownership of the field" classname="Kubernetes e2e suite" status="skipped" time="0">
              <skipped message="skipped"></skipped>
          </testcase>
          <testcase name="[It] [sig-storage] In-tree Volumes [Driver: aws] [Testpattern: Dynamic PV (default fs)] volumes should allow exec of files on the volume" classname="Kubernetes e2e suite" status="skipped" time="0">
              <skipped message="skipped"></skipped>
          </testcase>
          <testcase name="[It] [sig-storage] In-tree Volumes [Driver: local] [LocalVolumeType: block] [Testpattern: Pre-provisioned PV (default fs)] subPath should support file as subpath [LinuxOnly]" classname="Kubernetes e2e suite" status="skipped" time="0">
              <skipped message="skipped"></skipped>
          </testcase>
          <testcase name="[It] [sig-node] Pod InPlace Resize Container [Feature:InPlacePodVerticalScaling] Burstable QoS pod, one container with cpu &amp; memory requests + limits - decrease CPU requests and increase CPU limits" classname="Kubernetes e2e suite" status="skipped" time="0">
              <skipped message="skipped"></skipped>
          </testcase>
          <testcase name="[It] [sig-storage] In-tree Volumes [Driver: local] [LocalVolumeType: tmpfs] [Testpattern: Pre-provisioned PV (default fs)] subPath should fail if non-existent subpath is outside the volume [Slow] [LinuxOnly]" classname="Kubernetes e2e suite" status="skipped" time="0">
              <skipped message="skipped"></skipped>
          </testcase>
          <testcase name="[It] [sig-network] Proxy version v1 A set of valid responses are returned for both pod and service ProxyWithPath [Conformance]" classname="Kubernetes e2e suite" status="passed" time="2.144327843"></testcase>
          <testcase name="[It] [sig-storage] In-tree Volumes [Driver: rbd] [Feature:Volumes] [Serial] [Testpattern: Pre-provisioned PV (filesystem volmode)] multiVolume [Slow] should concurrently access the single read-only volume from pods on the same node" classname="Kubernetes e2e suite" status="skipped" time="0">
              <skipped message="skipped"></skipped>
          </testcase>
          <testcase name="[It] [sig-storage] In-tree Volumes [Driver: local] [LocalVolumeType: dir-link-bindmounted] [Testpattern: Pre-provisioned PV (block volmode)] multiVolume [Slow] should concurrently access the single volume from pods on the same node" classname="Kubernetes e2e suite" status="skipped" time="0">
              <skipped message="skipped"></skipped>
          </testcase>
          <testcase name="[It] [sig-storage] In-tree Volumes [Driver: emptydir] [Testpattern: Inline-volume (default fs)] subPath should fail if subpath with backstepping is outside the volume [Slow] [LinuxOnly]" classname="Kubernetes e2e suite" status="skipped" time="0">
              <skipped message="skipped"></skipped>
          </testcase>
          <testcase name="[It] [sig-storage] CSI Volumes [Driver: csi-hostpath] [Testpattern: Dynamic PV (default fs)] subPath should verify container cannot write to subpath readonly volumes [Slow]" classname="Kubernetes e2e suite" status="skipped" time="0">
              <skipped message="skipped"></skipped>
          </testcase>
          <testcase name="[It] [sig-storage] In-tree Volumes [Driver: local] [LocalVolumeType: dir-bindmounted] [Testpattern: Pre-provisioned PV (xfs)] [Slow] volumes should store data" classname="Kubernetes e2e suite" status="skipped" time="0">
              <skipped message="skipped"></skipped>
          </testcase>
          <testcase name="[It] [sig-storage] CSI Volumes [Driver: pd.csi.storage.gke.io] [Serial] [Testpattern: Dynamic PV (default fs)] volumes should store data" classname="Kubernetes e2e suite" status="skipped" time="0">
              <skipped message="skipped"></skipped>
          </testcase>
          <testcase name="[It] [sig-storage] In-tree Volumes [Driver: azure-file] [Testpattern: Pre-provisioned PV (default fs)] subPath should support creating multiple subpath from same volumes [Slow]" classname="Kubernetes e2e suite" status="skipped" time="0">
              <skipped message="skipped"></skipped>
          </testcase>
          <testcase name="[It] [sig-storage] CSI Volumes [Driver: pd.csi.storage.gke.io] [Serial] [Testpattern: Pre-provisioned PV (block volmode)] volumeMode should fail to use a volume in a pod with mismatched mode [Slow]" classname="Kubernetes e2e suite" status="skipped" time="0">
              <skipped message="skipped"></skipped>
          </testcase>
          <testcase name="[It] [sig-storage] CSI Volumes [Driver: csi-hostpath] [Testpattern: Inline-volume (default fs)] subPath should support file as subpath [LinuxOnly]" classname="Kubernetes e2e suite" status="skipped" time="0">
              <skipped message="skipped"></skipped>
          </testcase>
          <testcase name="[It] [sig-storage] In-tree Volumes [Driver: local] [LocalVolumeType: tmpfs] [Testpattern: Dynamic PV (block volmode)] provisioning should provision storage with snapshot data source [Feature:VolumeSnapshotDataSource]" classname="Kubernetes e2e suite" status="skipped" time="0">
              <skipped message="skipped"></skipped>
          </testcase>
          <testcase name="[It] [sig-storage] In-tree Volumes [Driver: local] [LocalVolumeType: tmpfs] [Testpattern: Inline-volume (default fs)] subPath should support readOnly directory specified in the volumeMount" classname="Kubernetes e2e suite" status="skipped" time="0">
              <skipped message="skipped"></skipped>
          </testcase>
          <testcase name="[It] [sig-storage] In-tree Volumes [Driver: hostPath] [Testpattern: Pre-provisioned PV (default fs)] subPath should support readOnly directory specified in the volumeMount" classname="Kubernetes e2e suite" status="skipped" time="0">
              <skipped message="skipped"></skipped>
          </testcase>
          <testcase name="[It] [sig-storage] In-tree Volumes [Driver: emptydir] [Testpattern: Pre-provisioned PV (filesystem volmode)] disruptive [Disruptive] [LinuxOnly] Should test that pv used in a pod that is force deleted while the kubelet is down is usable by a new pod with a different SELinux context when kubelet returns [Feature:SELinux]" classname="Kubernetes e2e suite" status="skipped" time="0">
              <skipped message="skipped"></skipped>
          </testcase>
          <testcase name="[It] [sig-storage] In-tree Volumes [Driver: emptydir] [Testpattern: Pre-provisioned PV (block volmode)] multiVolume [Slow] should concurrently access the single read-only volume from pods on the same node" classname="Kubernetes e2e suite" status="skipped" time="0">
              <skipped message="skipped"></skipped>
          </testcase>
          <testcase name="[It] [sig-storage] In-tree Volumes [Driver: local] [LocalVolumeType: dir-link] [Testpattern: Dynamic PV (default fs)] fsgroupchangepolicy (OnRootMismatch)[LinuxOnly], pod created with an initial fsgroup, new pod fsgroup applied to volume contents" classname="Kubernetes e2e suite" status="skipped" time="0">
              <skipped message="skipped"></skipped>
          </testcase>
          <testcase name="[It] [sig-storage] In-tree Volumes [Driver: local] [LocalVolumeType: gce-localssd-scsi-fs] [Serial] [Testpattern: Dynamic PV (default fs)] subPath should fail if subpath with backstepping is outside the volume [Slow] [LinuxOnly]" classname="Kubernetes e2e suite" status="skipped" time="0">
              <skipped message="skipped"></skipped>
          </testcase>
          <testcase name="[It] [sig-storage] CSI Volumes [Driver: csi-hostpath] [Testpattern: Generic Ephemeral-volume (default fs) (late-binding)] ephemeral should create read-only inline ephemeral volume" classname="Kubernetes e2e suite" status="skipped" time="0">
              <skipped message="skipped"></skipped>
          </testcase>
          <testcase name="[It] [sig-cli] Kubectl client Kubectl prune with applyset should apply and prune objects" classname="Kubernetes e2e suite" status="skipped" time="0">
              <skipped message="skipped"></skipped>
          </testcase>
          <testcase name="[It] [sig-storage] In-tree Volumes [Driver: local] [LocalVolumeType: dir] [Testpattern: Dynamic PV (filesystem volmode)] volumeLimits should verify that all csinodes have volume limits" classname="Kubernetes e2e suite" status="skipped" time="0">
              <skipped message="skipped"></skipped>
          </testcase>
          <testcase name="[It] [sig-storage] In-tree Volumes [Driver: azure-file] [Testpattern: Generic Ephemeral-volume (block volmode) (late-binding)] ephemeral should support multiple inline ephemeral volumes" classname="Kubernetes e2e suite" status="skipped" time="0">
              <skipped message="skipped"></skipped>
          </testcase>
          <testcase name="[It] [sig-storage] CSI Volumes [Driver: csi-hostpath] [Testpattern: Pre-provisioned PV (block volmode)] multiVolume [Slow] should concurrently access the volume and its clone from pods on the same node [LinuxOnly] [Feature:VolumeSourceXFS]" classname="Kubernetes e2e suite" status="skipped" time="0">
              <skipped message="skipped"></skipped>
          </testcase>
          <testcase name="[It] [sig-storage] In-tree Volumes [Driver: azure-disk] [Testpattern: Dynamic PV (ntfs)] [Feature:Windows] multiVolume [Slow] should concurrently access the single volume from pods on different node" classname="Kubernetes e2e suite" status="skipped" time="0">
              <skipped message="skipped"></skipped>
          </testcase>
          <testcase name="[It] [sig-network] [Feature:IPv6DualStack] should create service with ipv6,v4 cluster ip" classname="Kubernetes e2e suite" status="skipped" time="0">
              <skipped message="skipped"></skipped>
          </testcase>
          <testcase name="[It] [sig-storage] In-tree Volumes [Driver: local] [LocalVolumeType: dir-link-bindmounted] [Testpattern: Dynamic PV (block volmode)] provisioning should provision storage with pvc data source (ROX mode)" classname="Kubernetes e2e suite" status="skipped" time="0">
              <skipped message="skipped"></skipped>
          </testcase>
          <testcase name="[It] [sig-storage] In-tree Volumes [Driver: azure-file] [Testpattern: Dynamic PV (default fs)] volumes should store data" classname="Kubernetes e2e suite" status="skipped" time="0">
              <skipped message="skipped"></skipped>
          </testcase>
          <testcase name="[It] [sig-storage] In-tree Volumes [Driver: azure-disk] [Testpattern: Dynamic PV (ntfs)] [Feature:Windows] provisioning should provision storage with pvc data source (ROX mode)" classname="Kubernetes e2e suite" status="skipped" time="0">
              <skipped message="skipped"></skipped>
          </testcase>
          <testcase name="[It] [sig-windows] [Feature:Windows] Memory Limits [Serial] [Slow] attempt to deploy past allocatable memory limits should fail deployments of pods once there isn&#39;t enough memory" classname="Kubernetes e2e suite" status="skipped" time="0">
              <skipped message="skipped"></skipped>
          </testcase>
          <testcase name="[It] [sig-storage] In-tree Volumes [Driver: iscsi] [Feature:Volumes] [Testpattern: Dynamic PV (ntfs)] [Feature:Windows] provisioning should provision storage with snapshot data source [Feature:VolumeSnapshotDataSource]" classname="Kubernetes e2e suite" status="skipped" time="0">
              <skipped message="skipped"></skipped>
          </testcase>
          <testcase name="[It] [sig-storage] In-tree Volumes [Driver: rbd] [Feature:Volumes] [Serial] [Testpattern: Dynamic PV (ext4)] multiVolume [Slow] should access to two volumes with the same volume mode and retain data across pod recreation on the same node" classname="Kubernetes e2e suite" status="skipped" time="0">
              <skipped message="skipped"></skipped>
          </testcase>
          <testcase name="[It] [sig-storage] In-tree Volumes [Driver: cinder] [Testpattern: Inline-volume (default fs)] subPath should unmount if pod is force deleted while kubelet is down [Disruptive] [Slow] [LinuxOnly]" classname="Kubernetes e2e suite" status="skipped" time="0">
              <skipped message="skipped"></skipped>
          </testcase>
          <testcase name="[It] [sig-network] Services should test the lifecycle of an Endpoint [Conformance]" classname="Kubernetes e2e suite" status="passed" time="0.090254645"></testcase>
          <testcase name="[It] [sig-storage] In-tree Volumes [Driver: nfs] [Testpattern: Inline-volume (default fs)] subPath should fail if subpath with backstepping is outside the volume [Slow] [LinuxOnly]" classname="Kubernetes e2e suite" status="skipped" time="0">
              <skipped message="skipped"></skipped>
          </testcase>
          <testcase name="[It] [sig-storage] In-tree Volumes [Driver: local] [LocalVolumeType: tmpfs] [Testpattern: Generic Ephemeral-volume (block volmode) (late-binding)] ephemeral should create read/write inline ephemeral volume" classname="Kubernetes e2e suite" status="skipped" time="0">
              <skipped message="skipped"></skipped>
          </testcase>
          <testcase name="[It] [sig-network] Networking should provide unchanging, static URL paths for kubernetes api services" classname="Kubernetes e2e suite" status="skipped" time="0">
              <skipped message="skipped"></skipped>
          </testcase>
          <testcase name="[It] [sig-autoscaling] [HPA] [Feature:CustomMetricsAutoscaling] Horizontal pod autoscaling (scale resource: Custom Metrics from Stackdriver) with Custom Metric of type Object from Stackdriver should scale down" classname="Kubernetes e2e suite" status="skipped" time="0">
              <skipped message="skipped"></skipped>
          </testcase>
          <testcase name="[It] [sig-storage] In-tree Volumes [Driver: azure-disk] [Testpattern: Dynamic PV (ext4)] multiVolume [Slow] should concurrently access the single volume from pods on different node" classname="Kubernetes e2e suite" status="skipped" time="0">
              <skipped message="skipped"></skipped>
          </testcase>
          <testcase name="[It] [sig-storage] In-tree Volumes [Driver: local] [LocalVolumeType: dir-link-bindmounted] [Testpattern: Inline-volume (default fs)] subPath should support readOnly directory specified in the volumeMount" classname="Kubernetes e2e suite" status="skipped" time="0">
              <skipped message="skipped"></skipped>
          </testcase>
          <testcase name="[It] [sig-storage] In-tree Volumes [Driver: hostPath] [Testpattern: Pre-provisioned PV (default fs)] subPath should support non-existent path" classname="Kubernetes e2e suite" status="skipped" time="0">
              <skipped message="skipped"></skipped>
          </testcase>
          <testcase name="[It] [sig-cli] Kubectl Port forwarding With a server listening on 0.0.0.0 should support forwarding over websockets" classname="Kubernetes e2e suite" status="skipped" time="0">
              <skipped message="skipped"></skipped>
          </testcase>
          <testcase name="[It] [sig-storage] In-tree Volumes [Driver: local] [LocalVolumeType: dir-link] [Testpattern: Inline-volume (ext4)] volumes should allow exec of files on the volume" classname="Kubernetes e2e suite" status="skipped" time="0">
              <skipped message="skipped"></skipped>
          </testcase>
          <testcase name="[It] [sig-storage] In-tree Volumes [Driver: emptydir] [Testpattern: Pre-provisioned PV (filesystem volmode)] multiVolume [Slow] should concurrently access the single volume from pods on the same node" classname="Kubernetes e2e suite" status="skipped" time="0">
              <skipped message="skipped"></skipped>
          </testcase>
          <testcase name="[It] [sig-storage] HostPathType Socket [Slow] Should fail on mounting non-existent socket &#39;does-not-exist-socket&#39; when HostPathType is HostPathSocket" classname="Kubernetes e2e suite" status="skipped" time="0">
              <skipped message="skipped"></skipped>
          </testcase>
          <testcase name="[It] [sig-storage] PersistentVolumes-local [Volume type: dir-bindmounted] One pod requesting one prebound PVC should be able to mount volume and read from pod1" classname="Kubernetes e2e suite" status="skipped" time="0">
              <skipped message="skipped"></skipped>
          </testcase>
          <testcase name="[It] [sig-storage] In-tree Volumes [Driver: local] [LocalVolumeType: tmpfs] [Testpattern: Dynamic PV (block volmode)] volume-expand should not allow expansion of pvcs without AllowVolumeExpansion property" classname="Kubernetes e2e suite" status="skipped" time="0">
              <skipped message="skipped"></skipped>
          </testcase>
          <testcase name="[It] [sig-storage] In-tree Volumes [Driver: rbd] [Feature:Volumes] [Serial] [Testpattern: Inline-volume (default fs)] subPath should fail if subpath file is outside the volume [Slow] [LinuxOnly]" classname="Kubernetes e2e suite" status="skipped" time="0">
              <skipped message="skipped"></skipped>
          </testcase>
          <testcase name="[It] [sig-storage] In-tree Volumes [Driver: nfs] [Testpattern: Dynamic PV (ext4)] volumes should store data" classname="Kubernetes e2e suite" status="skipped" time="0">
              <skipped message="skipped"></skipped>
          </testcase>
          <testcase name="[It] [sig-storage] In-tree Volumes [Driver: emptydir] [Testpattern: Dynamic PV (block volmode)] volumeMode should fail to use a volume in a pod with mismatched mode [Slow]" classname="Kubernetes e2e suite" status="skipped" time="0">
              <skipped message="skipped"></skipped>
          </testcase>
          <testcase name="[It] [sig-storage] PersistentVolumes-local Stress with local volumes [Serial] should be able to process many pods and reuse local volumes" classname="Kubernetes e2e suite" status="skipped" time="0">
              <skipped message="skipped"></skipped>
          </testcase>
          <testcase name="[It] [sig-storage] In-tree Volumes [Driver: hostPath] [Testpattern: Dynamic PV (default fs)] subPath should support existing directories when readOnly specified in the volumeSource" classname="Kubernetes e2e suite" status="skipped" time="0">
              <skipped message="skipped"></skipped>
          </testcase>
          <testcase name="[It] [sig-storage] In-tree Volumes [Driver: nfs] [Testpattern: Dynamic PV (ntfs)] [Feature:Windows] provisioning should provision storage with pvc data source in parallel [Slow]" classname="Kubernetes e2e suite" status="skipped" time="0">
              <skipped message="skipped"></skipped>
          </testcase>
          <testcase name="[It] [sig-storage] In-tree Volumes [Driver: hostPath] [Testpattern: Dynamic PV (ntfs)] [Feature:Windows] provisioning should mount multiple PV pointing to the same storage on the same node" classname="Kubernetes e2e suite" status="skipped" time="0">
              <skipped message="skipped"></skipped>
          </testcase>
          <testcase name="[It] [sig-storage] In-tree Volumes [Driver: ceph] [Feature:Volumes] [Serial] [Testpattern: Dynamic PV (default fs)] subPath should support creating multiple subpath from same volumes [Slow]" classname="Kubernetes e2e suite" status="skipped" time="0">
              <skipped message="skipped"></skipped>
          </testcase>
          <testcase name="[It] [sig-storage] In-tree Volumes [Driver: local] [LocalVolumeType: dir-link] [Testpattern: Dynamic PV (block volmode)] multiVolume [Slow] should access to two volumes with the same volume mode and retain data across pod recreation on different node" classname="Kubernetes e2e suite" status="skipped" time="0">
              <skipped message="skipped"></skipped>
          </testcase>
          <testcase name="[It] [sig-network] [Feature:IPv6DualStack] should create pod, add ipv6 and ipv4 ip to pod ips" classname="Kubernetes e2e suite" status="skipped" time="0">
              <skipped message="skipped"></skipped>
          </testcase>
          <testcase name="[It] [sig-storage] In-tree Volumes [Driver: hostPathSymlink] [Testpattern: Dynamic PV (ext4)] multiVolume [Slow] should concurrently access the single volume from pods on the same node" classname="Kubernetes e2e suite" status="skipped" time="0">
              <skipped message="skipped"></skipped>
          </testcase>
          <testcase name="[It] [sig-storage] In-tree Volumes [Driver: rbd] [Feature:Volumes] [Serial] [Testpattern: Dynamic PV (default fs)] fsgroupchangepolicy (OnRootMismatch)[LinuxOnly], pod created with an initial fsgroup, volume contents ownership changed via chgrp in first pod, new pod with same fsgroup skips ownership changes to the volume contents" classname="Kubernetes e2e suite" status="skipped" time="0">
              <skipped message="skipped"></skipped>
          </testcase>
          <testcase name="[It] [sig-storage] Volumes NFSv4 should be mountable for NFSv4" classname="Kubernetes e2e suite" status="skipped" time="0">
              <skipped message="skipped"></skipped>
          </testcase>
          <testcase name="[It] [sig-storage] CSI Volumes [Driver: csi-hostpath] [Testpattern: Dynamic PV (default fs)] fsgroupchangepolicy (OnRootMismatch)[LinuxOnly], pod created with an initial fsgroup, volume contents ownership changed via chgrp in first pod, new pod with different fsgroup applied to the volume contents" classname="Kubernetes e2e suite" status="skipped" time="0">
              <skipped message="skipped"></skipped>
          </testcase>
          <testcase name="[It] [sig-storage] In-tree Volumes [Driver: aws] [Testpattern: Generic Ephemeral-volume (default fs)] volumeLimits should support volume limits [Serial]" classname="Kubernetes e2e suite" status="skipped" time="0">
              <skipped message="skipped"></skipped>
          </testcase>
          <testcase name="[It] [sig-storage] In-tree Volumes [Driver: hostPathSymlink] [Testpattern: Pre-provisioned PV (block volmode)] multiVolume [Slow] should access to two volumes with different volume mode and retain data across pod recreation on the same node" classname="Kubernetes e2e suite" status="skipped" time="0">
              <skipped message="skipped"></skipped>
          </testcase>
          <testcase name="[It] [sig-instrumentation] MetricsGrabber should grab all metrics from a ControllerManager." classname="Kubernetes e2e suite" status="skipped" time="0">
              <skipped message="skipped"></skipped>
          </testcase>
          <testcase name="[It] [sig-storage] In-tree Volumes [Driver: local] [LocalVolumeType: dir-link-bindmounted] [Testpattern: Dynamic PV (ext4)] multiVolume [Slow] should concurrently access the single read-only volume from pods on the same node" classname="Kubernetes e2e suite" status="skipped" time="0">
              <skipped message="skipped"></skipped>
          </testcase>
          <testcase name="[It] [sig-storage] In-tree Volumes [Driver: local] [LocalVolumeType: dir-link-bindmounted] [Testpattern: Inline-volume (default fs)] subPath should support readOnly file specified in the volumeMount [LinuxOnly]" classname="Kubernetes e2e suite" status="skipped" time="0">
              <skipped message="skipped"></skipped>
          </testcase>
          <testcase name="[It] [sig-storage] In-tree Volumes [Driver: iscsi] [Feature:Volumes] [Testpattern: Dynamic PV (block volmode)] volumeMode should not mount / map unused volumes in a pod [LinuxOnly]" classname="Kubernetes e2e suite" status="skipped" time="0">
              <skipped message="skipped"></skipped>
          </testcase>
          <testcase name="[It] [sig-storage] PV Protection Verify that PV bound to a PVC is not removed immediately" classname="Kubernetes e2e suite" status="skipped" time="0">
              <skipped message="skipped"></skipped>
          </testcase>
          <testcase name="[It] [sig-storage] In-tree Volumes [Driver: azure-disk] [Testpattern: Dynamic PV (filesystem volmode)] disruptive [Disruptive] [LinuxOnly] Should test that pv written before kubelet restart is readable after restart." classname="Kubernetes e2e suite" status="skipped" time="0">
              <skipped message="skipped"></skipped>
          </testcase>
          <testcase name="[It] [sig-storage] In-tree Volumes [Driver: azure-file] [Testpattern: Dynamic PV (default fs)] fsgroupchangepolicy (Always)[LinuxOnly], pod created with an initial fsgroup, new pod fsgroup applied to volume contents" classname="Kubernetes e2e suite" status="skipped" time="0">
              <skipped message="skipped"></skipped>
          </testcase>
          <testcase name="[It] [sig-storage] In-tree Volumes [Driver: local] [LocalVolumeType: dir-bindmounted] [Testpattern: Dynamic PV (immediate binding)] topology should fail to schedule a pod which has topologies that conflict with AllowedTopologies" classname="Kubernetes e2e suite" status="skipped" time="0">
              <skipped message="skipped"></skipped>
          </testcase>
          <testcase name="[It] [sig-storage] In-tree Volumes [Driver: cinder] [Testpattern: Dynamic PV (ext3)] volumes should store data" classname="Kubernetes e2e suite" status="skipped" time="0">
              <skipped message="skipped"></skipped>
          </testcase>
          <testcase name="[It] [sig-storage] CSI Volumes [Driver: csi-hostpath] [Testpattern: Dynamic PV (filesystem volmode)] multiVolume [Slow] should access to two volumes with different volume mode and retain data across pod recreation on the same node" classname="Kubernetes e2e suite" status="skipped" time="0">
              <skipped message="skipped"></skipped>
          </testcase>
          <testcase name="[It] [sig-storage] In-tree Volumes [Driver: emptydir] [Testpattern: Pre-provisioned PV (filesystem volmode)] disruptive [Disruptive] [LinuxOnly] Should test that pv written before kubelet restart is readable after restart." classname="Kubernetes e2e suite" status="skipped" time="0">
              <skipped message="skipped"></skipped>
          </testcase>
          <testcase name="[It] [sig-storage] In-tree Volumes [Driver: azure-file] [Testpattern: Dynamic PV (filesystem volmode)] volumeLimits should verify that all csinodes have volume limits" classname="Kubernetes e2e suite" status="skipped" time="0">
              <skipped message="skipped"></skipped>
          </testcase>
          <testcase name="[It] [sig-storage] In-tree Volumes [Driver: nfs] [Testpattern: Dynamic PV (block volmode)] volumeMode should fail in binding dynamic provisioned PV to PVC [Slow] [LinuxOnly]" classname="Kubernetes e2e suite" status="skipped" time="0">
              <skipped message="skipped"></skipped>
          </testcase>
          <testcase name="[It] [sig-storage] In-tree Volumes [Driver: local] [LocalVolumeType: dir-link] [Testpattern: Inline-volume (default fs)] subPath should unmount if pod is gracefully deleted while kubelet is down [Disruptive] [Slow] [LinuxOnly]" classname="Kubernetes e2e suite" status="skipped" time="0">
              <skipped message="skipped"></skipped>
          </testcase>
          <testcase name="[It] [sig-storage] In-tree Volumes [Driver: hostPathSymlink] [Testpattern: Pre-provisioned PV (default fs)] subPath should verify container cannot write to subpath readonly volumes [Slow]" classname="Kubernetes e2e suite" status="skipped" time="0">
              <skipped message="skipped"></skipped>
          </testcase>
          <testcase name="[It] [sig-storage] In-tree Volumes [Driver: local] [LocalVolumeType: block] [Testpattern: Inline-volume (default fs)] subPath should support non-existent path" classname="Kubernetes e2e suite" status="skipped" time="0">
              <skipped message="skipped"></skipped>
          </testcase>
          <testcase name="[It] [sig-api-machinery] API priority and fairness should ensure that requests can&#39;t be drowned out (priority)" classname="Kubernetes e2e suite" status="skipped" time="0">
              <skipped message="skipped"></skipped>
          </testcase>
          <testcase name="[It] [sig-api-machinery] Namespaces [Serial] should delete fast enough (90 percent of 100 namespaces in 150 seconds)" classname="Kubernetes e2e suite" status="skipped" time="0">
              <skipped message="skipped"></skipped>
          </testcase>
          <testcase name="[It] [sig-storage] CSI Volumes [Driver: pd.csi.storage.gke.io] [Serial] [Testpattern: Pre-provisioned PV (filesystem volmode)] multiVolume [Slow] should concurrently access the volume and its clone from pods on the same node [LinuxOnly] [Feature:VolumeSourceXFS]" classname="Kubernetes e2e suite" status="skipped" time="0">
              <skipped message="skipped"></skipped>
          </testcase>
          <testcase name="[It] [sig-storage] In-tree Volumes [Driver: local] [LocalVolumeType: blockfs] [Testpattern: Inline-volume (default fs)] volumeIO should write files of various sizes, verify size, validate content [Slow]" classname="Kubernetes e2e suite" status="skipped" time="0">
              <skipped message="skipped"></skipped>
          </testcase>
          <testcase name="[It] [sig-storage] In-tree Volumes [Driver: azure-disk] [Testpattern: Dynamic PV (ntfs)] [Feature:Windows] subPath should support restarting containers using directory as subpath [Slow]" classname="Kubernetes e2e suite" status="skipped" time="0">
              <skipped message="skipped"></skipped>
          </testcase>
          <testcase name="[It] [sig-network] Networking should recreate its iptables rules if they are deleted [Disruptive]" classname="Kubernetes e2e suite" status="skipped" time="0">
              <skipped message="skipped"></skipped>
          </testcase>
          <testcase name="[It] [sig-storage] In-tree Volumes [Driver: aws] [Testpattern: Inline-volume (xfs)] [Slow] volumes should store data" classname="Kubernetes e2e suite" status="skipped" time="0">
              <skipped message="skipped"></skipped>
          </testcase>
          <testcase name="[It] [sig-storage] In-tree Volumes [Driver: hostPathSymlink] [Testpattern: Dynamic PV (filesystem volmode)] multiVolume [Slow] should access to two volumes with different volume mode and retain data across pod recreation on the same node" classname="Kubernetes e2e suite" status="skipped" time="0">
              <skipped message="skipped"></skipped>
          </testcase>
          <testcase name="[It] [sig-storage] In-tree Volumes [Driver: local] [LocalVolumeType: block] [Testpattern: Dynamic PV (ntfs)] [Feature:Windows] provisioning should provision storage with snapshot data source [Feature:VolumeSnapshotDataSource]" classname="Kubernetes e2e suite" status="skipped" time="0">
              <skipped message="skipped"></skipped>
          </testcase>
          <testcase name="[It] [sig-storage] In-tree Volumes [Driver: ceph] [Feature:Volumes] [Serial] [Testpattern: Pre-provisioned PV (filesystem volmode)] disruptive [Disruptive] [LinuxOnly] Should test that pv used in a pod that is force deleted while the kubelet is down is usable by a new pod with a different SELinux context when kubelet returns [Feature:SELinux]" classname="Kubernetes e2e suite" status="skipped" time="0">
              <skipped message="skipped"></skipped>
          </testcase>
          <testcase name="[It] [sig-storage] Zone Support [Feature:vsphere] Verify a pod is created and attached to a dynamically created PV, based on multiple zones specified in storage class" classname="Kubernetes e2e suite" status="skipped" time="0">
              <skipped message="skipped"></skipped>
          </testcase>
          <testcase name="[It] [sig-storage] CSI Volumes [Driver: pd.csi.storage.gke.io] [Serial] [Testpattern: Dynamic PV (filesystem volmode)] multiVolume [Slow] should access to two volumes with different volume mode and retain data across pod recreation on different node" classname="Kubernetes e2e suite" status="skipped" time="0">
              <skipped message="skipped"></skipped>
          </testcase>
          <testcase name="[It] [sig-storage] In-tree Volumes [Driver: local] [LocalVolumeType: blockfs] [Testpattern: Dynamic PV (ntfs)] [Feature:Windows] multiVolume [Slow] should concurrently access the single volume from pods on the same node" classname="Kubernetes e2e suite" status="skipped" time="0">
              <skipped message="skipped"></skipped>
          </testcase>
          <testcase name="[It] [sig-storage] PersistentVolumes-local [Volume type: dir-link] One pod requesting one prebound PVC should be able to mount volume and write from pod1" classname="Kubernetes e2e suite" status="skipped" time="0">
              <skipped message="skipped"></skipped>
          </testcase>
          <testcase name="[It] [sig-storage] In-tree Volumes [Driver: hostPathSymlink] [Testpattern: Dynamic PV (ext4)] multiVolume [Slow] should concurrently access the volume and its clone from pods on the same node [LinuxOnly] [Feature:VolumeSourceXFS]" classname="Kubernetes e2e suite" status="skipped" time="0">
              <skipped message="skipped"></skipped>
          </testcase>
          <testcase name="[It] [sig-storage] In-tree Volumes [Driver: rbd] [Feature:Volumes] [Serial] [Testpattern: Dynamic PV (ntfs)(allowExpansion)] [Feature:Windows] volume-expand Verify if offline PVC expansion works" classname="Kubernetes e2e suite" status="skipped" time="0">
              <skipped message="skipped"></skipped>
          </testcase>
          <testcase name="[It] [sig-storage] In-tree Volumes [Driver: local] [LocalVolumeType: dir] [Testpattern: Dynamic PV (block volmode)] multiVolume [Slow] should concurrently access the single read-only volume from pods on the same node" classname="Kubernetes e2e suite" status="skipped" time="0">
              <skipped message="skipped"></skipped>
          </testcase>
          <testcase name="[It] [sig-storage] In-tree Volumes [Driver: aws] [Testpattern: Pre-provisioned PV (default fs)] subPath should fail if subpath with backstepping is outside the volume [Slow] [LinuxOnly]" classname="Kubernetes e2e suite" status="skipped" time="0">
              <skipped message="skipped"></skipped>
          </testcase>
          <testcase name="[It] [sig-storage] HostPathType File [Slow] Should be able to mount file &#39;afile&#39; successfully when HostPathType is HostPathFile" classname="Kubernetes e2e suite" status="skipped" time="0">
              <skipped message="skipped"></skipped>
          </testcase>
          <testcase name="[It] [sig-storage] In-tree Volumes [Driver: cinder] [Testpattern: Dynamic PV (ext4)] multiVolume [Slow] should concurrently access the single volume from pods on the same node" classname="Kubernetes e2e suite" status="skipped" time="0">
              <skipped message="skipped"></skipped>
          </testcase>
          <testcase name="[It] [sig-storage] CSI Volumes [Driver: pd.csi.storage.gke.io] [Serial] [Testpattern: Dynamic PV (block volmode)] multiVolume [Slow] should concurrently access the single volume from pods on different node" classname="Kubernetes e2e suite" status="skipped" time="0">
              <skipped message="skipped"></skipped>
          </testcase>
          <testcase name="[It] [sig-storage] CSI Volumes [Driver: csi-hostpath] [Testpattern: Pre-provisioned PV (block volmode)] disruptive [Disruptive] [LinuxOnly] Should test that pv used in a pod that is deleted while the kubelet is down cleans up when the kubelet returns." classname="Kubernetes e2e suite" status="skipped" time="0">
              <skipped message="skipped"></skipped>
          </testcase>
          <testcase name="[It] [sig-storage] In-tree Volumes [Driver: local] [LocalVolumeType: gce-localssd-scsi-fs] [Serial] [Testpattern: Dynamic PV (ntfs)] [Feature:Windows] subPath should support existing single file [LinuxOnly]" classname="Kubernetes e2e suite" status="skipped" time="0">
              <skipped message="skipped"></skipped>
          </testcase>
          <testcase name="[It] [sig-storage] In-tree Volumes [Driver: emptydir] [Testpattern: Dynamic PV (default fs)] subPath should fail if subpath with backstepping is outside the volume [Slow] [LinuxOnly]" classname="Kubernetes e2e suite" status="skipped" time="0">
              <skipped message="skipped"></skipped>
          </testcase>
          <testcase name="[It] [sig-autoscaling] Cluster size autoscaling [Slow] shouldn&#39;t scale up when expendable pod is created [Feature:ClusterSizeAutoscalingScaleUp]" classname="Kubernetes e2e suite" status="skipped" time="0">
              <skipped message="skipped"></skipped>
          </testcase>
          <testcase name="[It] [sig-storage] In-tree Volumes [Driver: aws] [Testpattern: Dynamic PV (ntfs)] [Feature:Windows] subPath should support restarting containers using directory as subpath [Slow]" classname="Kubernetes e2e suite" status="skipped" time="0">
              <skipped message="skipped"></skipped>
          </testcase>
          <testcase name="[It] [sig-storage] CSI Volumes [Driver: csi-hostpath] [Testpattern: Pre-provisioned Snapshot (delete policy)] snapshottable [Feature:VolumeSnapshotDataSource] volume snapshot controller  should check snapshot fields, check restore correctly works, check deletion (ephemeral)" classname="Kubernetes e2e suite" status="skipped" time="0">
              <skipped message="skipped"></skipped>
          </testcase>
          <testcase name="[It] [sig-storage] In-tree Volumes [Driver: azure-file] [Testpattern: Dynamic PV (default fs)] fsgroupchangepolicy (Always)[LinuxOnly], pod created with an initial fsgroup, volume contents ownership changed via chgrp in first pod, new pod with same fsgroup applied to the volume contents" classname="Kubernetes e2e suite" status="skipped" time="0">
              <skipped message="skipped"></skipped>
          </testcase>
          <testcase name="[It] [sig-storage] PersistentVolumes-local Local volume that cannot be mounted [Slow] should fail due to wrong node" classname="Kubernetes e2e suite" status="skipped" time="0">
              <skipped message="skipped"></skipped>
          </testcase>
          <testcase name="[It] [sig-storage] In-tree Volumes [Driver: local] [LocalVolumeType: dir-link-bindmounted] [Testpattern: Pre-provisioned PV (default fs)] subPath should support existing directories when readOnly specified in the volumeSource" classname="Kubernetes e2e suite" status="skipped" time="0">
              <skipped message="skipped"></skipped>
          </testcase>
          <testcase name="[It] [sig-storage] In-tree Volumes [Driver: rbd] [Feature:Volumes] [Serial] [Testpattern: Dynamic PV (block volmode)] multiVolume [Slow] should concurrently access the single read-only volume from pods on the same node" classname="Kubernetes e2e suite" status="skipped" time="0">
              <skipped message="skipped"></skipped>
          </testcase>
          <testcase name="[It] [sig-storage] In-tree Volumes [Driver: local] [LocalVolumeType: dir] [Testpattern: Pre-provisioned PV (filesystem volmode)] multiVolume [Slow] should concurrently access the volume and its clone from pods on the same node [LinuxOnly] [Feature:VolumeSourceXFS]" classname="Kubernetes e2e suite" status="skipped" time="0">
              <skipped message="skipped"></skipped>
          </testcase>
          <testcase name="[It] [sig-storage] In-tree Volumes [Driver: local] [LocalVolumeType: block] [Testpattern: Dynamic PV (default fs)] subPath should support restarting containers using file as subpath [Slow] [LinuxOnly]" classname="Kubernetes e2e suite" status="skipped" time="0">
              <skipped message="skipped"></skipped>
          </testcase>
          <testcase name="[It] [sig-storage] In-tree Volumes [Driver: cinder] [Testpattern: Pre-provisioned PV (default fs)] subPath should support existing directories when readOnly specified in the volumeSource" classname="Kubernetes e2e suite" status="skipped" time="0">
              <skipped message="skipped"></skipped>
          </testcase>
          <testcase name="[It] [sig-storage] In-tree Volumes [Driver: azure-disk] [Testpattern: Dynamic PV (xfs)] [Slow] multiVolume [Slow] should access to two volumes with the same volume mode and retain data across pod recreation on different node" classname="Kubernetes e2e suite" status="skipped" time="0">
              <skipped message="skipped"></skipped>
          </testcase>
          <testcase name="[It] [sig-storage] In-tree Volumes [Driver: local] [LocalVolumeType: blockfs] [Testpattern: Generic Ephemeral-volume (default fs) (immediate-binding)] ephemeral should support expansion of pvcs created for ephemeral pvcs" classname="Kubernetes e2e suite" status="skipped" time="0">
              <skipped message="skipped"></skipped>
          </testcase>
          <testcase name="[It] [sig-storage] CSI Mock volume expansion CSI Volume expansion should expand volume by restarting pod if attach=off, nodeExpansion=on" classname="Kubernetes e2e suite" status="skipped" time="0">
              <skipped message="skipped"></skipped>
          </testcase>
          <testcase name="[It] [sig-storage] In-tree Volumes [Driver: rbd] [Feature:Volumes] [Serial] [Testpattern: Dynamic PV (default fs)] capacity provides storage capacity information" classname="Kubernetes e2e suite" status="skipped" time="0">
              <skipped message="skipped"></skipped>
          </testcase>
          <testcase name="[It] [sig-storage] In-tree Volumes [Driver: local] [LocalVolumeType: dir-bindmounted] [Testpattern: Inline-volume (default fs)] subPath should support non-existent path" classname="Kubernetes e2e suite" status="skipped" time="0">
              <skipped message="skipped"></skipped>
          </testcase>
          <testcase name="[It] [sig-cli] Kubectl client Simple pod Kubectl run [Slow] running a failing command with --leave-stdin-open" classname="Kubernetes e2e suite" status="skipped" time="0">
              <skipped message="skipped"></skipped>
          </testcase>
          <testcase name="[It] [sig-storage] In-tree Volumes [Driver: hostPathSymlink] [Testpattern: Dynamic PV (block volmode)] multiVolume [Slow] should concurrently access the single volume from pods on different node" classname="Kubernetes e2e suite" status="skipped" time="0">
              <skipped message="skipped"></skipped>
          </testcase>
          <testcase name="[It] [sig-storage] In-tree Volumes [Driver: local] [LocalVolumeType: dir] [Testpattern: Dynamic PV (ext4)] multiVolume [Slow] should access to two volumes with different volume mode and retain data across pod recreation on the same node" classname="Kubernetes e2e suite" status="skipped" time="0">
              <skipped message="skipped"></skipped>
          </testcase>
          <testcase name="[It] [sig-apps] Daemon set [Serial] should rollback without unnecessary restarts [Conformance]" classname="Kubernetes e2e suite" status="passed" time="7.583726184"></testcase>
          <testcase name="[It] [sig-storage] In-tree Volumes [Driver: local] [LocalVolumeType: dir-link-bindmounted] [Testpattern: Dynamic PV (ntfs)] [Feature:Windows] subPath should unmount if pod is force deleted while kubelet is down [Disruptive] [Slow] [LinuxOnly]" classname="Kubernetes e2e suite" status="skipped" time="0">
              <skipped message="skipped"></skipped>
          </testcase>
          <testcase name="[It] [sig-storage] In-tree Volumes [Driver: azure-disk] [Testpattern: Generic Ephemeral-volume (default fs)] volumeLimits should support volume limits [Serial]" classname="Kubernetes e2e suite" status="skipped" time="0">
              <skipped message="skipped"></skipped>
          </testcase>
          <testcase name="[It] [sig-node] InitContainer [NodeConformance] should not start app containers and fail the pod if init containers fail on a RestartNever pod [Conformance]" classname="Kubernetes e2e suite" status="passed" time="3.565277663"></testcase>
          <testcase name="[It] [sig-network] [Feature:PerformanceDNS] [Serial] Should answer DNS query for maximum number of services per cluster" classname="Kubernetes e2e suite" status="skipped" time="0">
              <skipped message="skipped"></skipped>
          </testcase>
          <testcase name="[It] [sig-storage] In-tree Volumes [Driver: cinder] [Testpattern: Pre-provisioned PV (default fs)] subPath should fail if non-existent subpath is outside the volume [Slow] [LinuxOnly]" classname="Kubernetes e2e suite" status="skipped" time="0">
              <skipped message="skipped"></skipped>
          </testcase>
          <testcase name="[It] [sig-storage] CSI Volumes [Driver: csi-hostpath] [Testpattern: Dynamic PV (filesystem volmode)] disruptive [Disruptive] [LinuxOnly] Should test that pv written before kubelet restart is readable after restart." classname="Kubernetes e2e suite" status="skipped" time="0">
              <skipped message="skipped"></skipped>
          </testcase>
          <testcase name="[It] [sig-storage] In-tree Volumes [Driver: local] [LocalVolumeType: dir-link-bindmounted] [Testpattern: Inline-volume (default fs)] subPath should support file as subpath [LinuxOnly]" classname="Kubernetes e2e suite" status="skipped" time="0">
              <skipped message="skipped"></skipped>
          </testcase>
          <testcase name="[It] [sig-storage] In-tree Volumes [Driver: cinder] [Testpattern: Pre-provisioned PV (default fs)] subPath should unmount if pod is gracefully deleted while kubelet is down [Disruptive] [Slow] [LinuxOnly]" classname="Kubernetes e2e suite" status="skipped" time="0">
              <skipped message="skipped"></skipped>
          </testcase>
          <testcase name="[It] [sig-storage] In-tree Volumes [Driver: nfs] [Testpattern: Pre-provisioned PV (default fs)] volumeIO should write files of various sizes, verify size, validate content [Slow]" classname="Kubernetes e2e suite" status="skipped" time="0">
              <skipped message="skipped"></skipped>
          </testcase>
          <testcase name="[It] [sig-storage] In-tree Volumes [Driver: local] [LocalVolumeType: blockfs] [Testpattern: Dynamic PV (ext4)] multiVolume [Slow] should concurrently access the volume and restored snapshot from pods on the same node [LinuxOnly] [Feature:VolumeSnapshotDataSource] [Feature:VolumeSourceXFS]" classname="Kubernetes e2e suite" status="skipped" time="0">
              <skipped message="skipped"></skipped>
          </testcase>
          <testcase name="[It] [sig-storage] In-tree Volumes [Driver: azure-file] [Testpattern: Dynamic PV (default fs)] provisioning should provision storage with snapshot data source [Feature:VolumeSnapshotDataSource]" classname="Kubernetes e2e suite" status="skipped" time="0">
              <skipped message="skipped"></skipped>
          </testcase>
          <testcase name="[It] [sig-storage] In-tree Volumes [Driver: azure-disk] [Testpattern: Inline-volume (default fs)] volumes should allow exec of files on the volume" classname="Kubernetes e2e suite" status="skipped" time="0">
              <skipped message="skipped"></skipped>
          </testcase>
          <testcase name="[It] [sig-storage] In-tree Volumes [Driver: cinder] [Testpattern: Dynamic PV (block volmode)] provisioning should provision storage with mount options" classname="Kubernetes e2e suite" status="skipped" time="0">
              <skipped message="skipped"></skipped>
          </testcase>
          <testcase name="[It] [sig-storage] In-tree Volumes [Driver: local] [LocalVolumeType: gce-localssd-scsi-fs] [Serial] [Testpattern: Dynamic PV (block volmode)] volume-expand should not allow expansion of pvcs without AllowVolumeExpansion property" classname="Kubernetes e2e suite" status="skipped" time="0">
              <skipped message="skipped"></skipped>
          </testcase>
          <testcase name="[It] [sig-storage] In-tree Volumes [Driver: aws] [Testpattern: Inline-volume (default fs)] subPath should support existing directories when readOnly specified in the volumeSource" classname="Kubernetes e2e suite" status="skipped" time="0">
              <skipped message="skipped"></skipped>
          </testcase>
          <testcase name="[It] [sig-storage] In-tree Volumes [Driver: azure-disk] [Testpattern: Dynamic PV (ntfs)] [Feature:Windows] provisioning should provision correct filesystem size when restoring snapshot to larger size pvc [Feature:VolumeSnapshotDataSource]" classname="Kubernetes e2e suite" status="skipped" time="0">
              <skipped message="skipped"></skipped>
          </testcase>
          <testcase name="[It] [sig-auth] Certificates API [Privileged:ClusterAdmin] should support building a client with a CSR" classname="Kubernetes e2e suite" status="skipped" time="0">
              <skipped message="skipped"></skipped>
          </testcase>
          <testcase name="[It] [sig-storage] In-tree Volumes [Driver: cinder] [Testpattern: Dynamic PV (ntfs)] [Feature:Windows] subPath should fail if non-existent subpath is outside the volume [Slow] [LinuxOnly]" classname="Kubernetes e2e suite" status="skipped" time="0">
              <skipped message="skipped"></skipped>
          </testcase>
          <testcase name="[It] [sig-auth] [Feature:NodeAuthorizer] A node shouldn&#39;t be able to create another node" classname="Kubernetes e2e suite" status="skipped" time="0">
              <skipped message="skipped"></skipped>
          </testcase>
          <testcase name="[It] [sig-node] NoExecuteTaintManager Single Pod [Serial] evicts pods from tainted nodes" classname="Kubernetes e2e suite" status="skipped" time="0">
              <skipped message="skipped"></skipped>
          </testcase>
          <testcase name="[It] [sig-storage] In-tree Volumes [Driver: hostPathSymlink] [Testpattern: Dynamic PV (block volmode)] multiVolume [Slow] should access to two volumes with different volume mode and retain data across pod recreation on the same node" classname="Kubernetes e2e suite" status="skipped" time="0">
              <skipped message="skipped"></skipped>
          </testcase>
          <testcase name="[It] [sig-storage] In-tree Volumes [Driver: rbd] [Feature:Volumes] [Serial] [Testpattern: Dynamic PV (filesystem volmode)] multiVolume [Slow] should concurrently access the volume and its clone from pods on the same node [LinuxOnly] [Feature:VolumeSourceXFS]" classname="Kubernetes e2e suite" status="skipped" time="0">
              <skipped message="skipped"></skipped>
          </testcase>
          <testcase name="[It] [sig-storage] In-tree Volumes [Driver: emptydir] [Testpattern: Inline-volume (default fs)] subPath should unmount if pod is force deleted while kubelet is down [Disruptive] [Slow] [LinuxOnly]" classname="Kubernetes e2e suite" status="skipped" time="0">
              <skipped message="skipped"></skipped>
          </testcase>
          <testcase name="[It] [sig-storage] In-tree Volumes [Driver: iscsi] [Feature:Volumes] [Testpattern: Pre-provisioned PV (default fs)] subPath should support readOnly file specified in the volumeMount [LinuxOnly]" classname="Kubernetes e2e suite" status="skipped" time="0">
              <skipped message="skipped"></skipped>
          </testcase>
          <testcase name="[It] [sig-storage] In-tree Volumes [Driver: ceph] [Feature:Volumes] [Serial] [Testpattern: Pre-provisioned PV (xfs)] [Slow] volumes should store data" classname="Kubernetes e2e suite" status="skipped" time="0">
              <skipped message="skipped"></skipped>
          </testcase>
          <testcase name="[It] [sig-storage] In-tree Volumes [Driver: aws] [Testpattern: Dynamic PV (block volmode)] multiVolume [Slow] should concurrently access the volume and its clone from pods on the same node [LinuxOnly] [Feature:VolumeSourceXFS]" classname="Kubernetes e2e suite" status="skipped" time="0">
              <skipped message="skipped"></skipped>
          </testcase>
          <testcase name="[It] [sig-storage] ConfigMap should be consumable from pods in volume with mappings as non-root with FSGroup [LinuxOnly] [NodeFeature:FSGroup]" classname="Kubernetes e2e suite" status="skipped" time="0">
              <skipped message="skipped"></skipped>
          </testcase>
          <testcase name="[It] [sig-cli] Kubectl Port forwarding With a server listening on 0.0.0.0 that expects a client request should support a client that connects, sends NO DATA, and disconnects" classname="Kubernetes e2e suite" status="skipped" time="0">
              <skipped message="skipped"></skipped>
          </testcase>
          <testcase name="[It] [sig-storage] In-tree Volumes [Driver: azure-file] [Testpattern: Inline-volume (default fs)] subPath should fail if subpath directory is outside the volume [Slow] [LinuxOnly]" classname="Kubernetes e2e suite" status="skipped" time="0">
              <skipped message="skipped"></skipped>
          </testcase>
          <testcase name="[It] [sig-storage] In-tree Volumes [Driver: local] [LocalVolumeType: gce-localssd-scsi-fs] [Serial] [Testpattern: Dynamic PV (block volmode)] provisioning should provision storage with snapshot data source (ROX mode) [Feature:VolumeSnapshotDataSource]" classname="Kubernetes e2e suite" status="skipped" time="0">
              <skipped message="skipped"></skipped>
          </testcase>
          <testcase name="[It] [sig-storage] In-tree Volumes [Driver: local] [LocalVolumeType: dir-bindmounted] [Testpattern: Dynamic PV (block volmode)] provisioning should provision storage with snapshot data source [Feature:VolumeSnapshotDataSource]" classname="Kubernetes e2e suite" status="skipped" time="0">
              <skipped message="skipped"></skipped>
          </testcase>
          <testcase name="[It] [sig-storage] CSI Volumes [Driver: csi-hostpath] [Testpattern: Dynamic PV (default fs)] provisioning should provision storage with pvc data source (ROX mode)" classname="Kubernetes e2e suite" status="skipped" time="0">
              <skipped message="skipped"></skipped>
          </testcase>
          <testcase name="[It] [sig-node] [Feature:PodLifecycleSleepAction] when create a pod with lifecycle hook using sleep action valid prestop hook using sleep action" classname="Kubernetes e2e suite" status="skipped" time="0">
              <skipped message="skipped"></skipped>
          </testcase>
          <testcase name="[It] [sig-storage] In-tree Volumes [Driver: rbd] [Feature:Volumes] [Serial] [Testpattern: Dynamic PV (ntfs)(allowExpansion)] [Feature:Windows] volume-expand should resize volume when PVC is edited while pod is using it" classname="Kubernetes e2e suite" status="skipped" time="0">
              <skipped message="skipped"></skipped>
          </testcase>
          <testcase name="[It] [sig-storage] In-tree Volumes [Driver: iscsi] [Feature:Volumes] [Testpattern: Dynamic PV (ntfs)] [Feature:Windows] provisioning should mount multiple PV pointing to the same storage on the same node" classname="Kubernetes e2e suite" status="skipped" time="0">
              <skipped message="skipped"></skipped>
          </testcase>
          <testcase name="[It] [sig-api-machinery] API priority and fairness should support FlowSchema API operations [Conformance]" classname="Kubernetes e2e suite" status="passed" time="0.144727405"></testcase>
          <testcase name="[It] [sig-scheduling] SchedulerPredicates [Serial] validates local ephemeral storage resource limits of pods that are allowed to run [Feature:LocalStorageCapacityIsolation]" classname="Kubernetes e2e suite" status="skipped" time="0">
              <skipped message="skipped"></skipped>
          </testcase>
          <testcase name="[It] [sig-storage] In-tree Volumes [Driver: iscsi] [Feature:Volumes] [Testpattern: Inline-volume (ntfs)] [Feature:Windows] volumes should allow exec of files on the volume" classname="Kubernetes e2e suite" status="skipped" time="0">
              <skipped message="skipped"></skipped>
          </testcase>
          <testcase name="[It] [sig-storage] In-tree Volumes [Driver: rbd] [Feature:Volumes] [Serial] [Testpattern: Dynamic PV (block volmode)] provisioning should provision storage with pvc data source" classname="Kubernetes e2e suite" status="skipped" time="0">
              <skipped message="skipped"></skipped>
          </testcase>
          <testcase name="[It] [sig-storage] In-tree Volumes [Driver: hostPath] [Testpattern: Dynamic PV (ext4)] multiVolume [Slow] should concurrently access the volume and its clone from pods on the same node [LinuxOnly] [Feature:VolumeSourceXFS]" classname="Kubernetes e2e suite" status="skipped" time="0">
              <skipped message="skipped"></skipped>
          </testcase>
          <testcase name="[It] [sig-storage] In-tree Volumes [Driver: iscsi] [Feature:Volumes] [Testpattern: Dynamic PV (default fs)] volumes should allow exec of files on the volume" classname="Kubernetes e2e suite" status="skipped" time="0">
              <skipped message="skipped"></skipped>
          </testcase>
          <testcase name="[It] [sig-storage] In-tree Volumes [Driver: azure-file] [Testpattern: Pre-provisioned PV (block volmode)] volumeMode should not mount / map unused volumes in a pod [LinuxOnly]" classname="Kubernetes e2e suite" status="skipped" time="0">
              <skipped message="skipped"></skipped>
          </testcase>
          <testcase name="[It] [sig-storage] In-tree Volumes [Driver: nfs] [Testpattern: Dynamic PV (default fs)] fsgroupchangepolicy (Always)[LinuxOnly], pod created with an initial fsgroup, volume contents ownership changed via chgrp in first pod, new pod with different fsgroup applied to the volume contents" classname="Kubernetes e2e suite" status="skipped" time="0">
              <skipped message="skipped"></skipped>
          </testcase>
          <testcase name="[It] [sig-storage] In-tree Volumes [Driver: local] [LocalVolumeType: dir-link-bindmounted] [Testpattern: Dynamic PV (default fs)] subPath should fail if subpath with backstepping is outside the volume [Slow] [LinuxOnly]" classname="Kubernetes e2e suite" status="skipped" time="0">
              <skipped message="skipped"></skipped>
          </testcase>
          <testcase name="[It] [sig-storage] In-tree Volumes [Driver: local] [LocalVolumeType: dir-link-bindmounted] [Testpattern: Pre-provisioned PV (default fs)] subPath should support file as subpath [LinuxOnly]" classname="Kubernetes e2e suite" status="skipped" time="0">
              <skipped message="skipped"></skipped>
          </testcase>
          <testcase name="[It] [sig-storage] In-tree Volumes [Driver: local] [LocalVolumeType: dir-bindmounted] [Testpattern: Dynamic PV (filesystem volmode)] multiVolume [Slow] should concurrently access the single read-only volume from pods on the same node" classname="Kubernetes e2e suite" status="skipped" time="0">
              <skipped message="skipped"></skipped>
          </testcase>
          <testcase name="[It] [sig-storage] In-tree Volumes [Driver: local] [LocalVolumeType: dir-bindmounted] [Testpattern: Dynamic PV (ntfs)] [Feature:Windows] subPath should support file as subpath [LinuxOnly]" classname="Kubernetes e2e suite" status="skipped" time="0">
              <skipped message="skipped"></skipped>
          </testcase>
          <testcase name="[It] [sig-apps] DisruptionController evictions: enough pods, replicaSet, percentage =&gt; should allow an eviction" classname="Kubernetes e2e suite" status="skipped" time="0">
              <skipped message="skipped"></skipped>
          </testcase>
          <testcase name="[It] [sig-storage] In-tree Volumes [Driver: ceph] [Feature:Volumes] [Serial] [Testpattern: Dynamic PV (block volmode)] multiVolume [Slow] should access to two volumes with different volume mode and retain data across pod recreation on the same node" classname="Kubernetes e2e suite" status="skipped" time="0">
              <skipped message="skipped"></skipped>
          </testcase>
          <testcase name="[It] [sig-storage] In-tree Volumes [Driver: hostPathSymlink] [Testpattern: Dynamic PV (ntfs)] [Feature:Windows] subPath should fail if subpath file is outside the volume [Slow] [LinuxOnly]" classname="Kubernetes e2e suite" status="skipped" time="0">
              <skipped message="skipped"></skipped>
          </testcase>
          <testcase name="[It] [sig-storage] CSI Volumes [Driver: pd.csi.storage.gke.io] [Serial] [Testpattern: Dynamic PV (ntfs)] [Feature:Windows] subPath should support readOnly file specified in the volumeMount [LinuxOnly]" classname="Kubernetes e2e suite" status="skipped" time="0">
              <skipped message="skipped"></skipped>
          </testcase>
          <testcase name="[It] [sig-storage] In-tree Volumes [Driver: aws] [Testpattern: Dynamic PV (delayed binding)] topology should provision a volume and schedule a pod with AllowedTopologies" classname="Kubernetes e2e suite" status="skipped" time="0">
              <skipped message="skipped"></skipped>
          </testcase>
          <testcase name="[It] [sig-network] Netpol NetworkPolicy between server and client should work with Ingress, Egress specified together [Feature:NetworkPolicy]" classname="Kubernetes e2e suite" status="skipped" time="0">
              <skipped message="skipped"></skipped>
          </testcase>
          <testcase name="[It] [sig-storage] In-tree Volumes [Driver: vsphere] [Testpattern: Dynamic PV (ntfs)] [Feature:Windows] subPath should unmount if pod is gracefully deleted while kubelet is down [Disruptive] [Slow] [LinuxOnly]" classname="Kubernetes e2e suite" status="skipped" time="0">
              <skipped message="skipped"></skipped>
          </testcase>
          <testcase name="[It] [sig-storage] In-tree Volumes [Driver: local] [LocalVolumeType: blockfs] [Testpattern: Pre-provisioned PV (block volmode)] disruptive [Disruptive] [LinuxOnly] Should test that pv written before kubelet restart is readable after restart." classname="Kubernetes e2e suite" status="skipped" time="0">
              <skipped message="skipped"></skipped>
          </testcase>
          <testcase name="[It] [sig-storage] In-tree Volumes [Driver: aws] [Testpattern: Dynamic PV (xfs)] [Slow] multiVolume [Slow] should concurrently access the single volume from pods on different node" classname="Kubernetes e2e suite" status="skipped" time="0">
              <skipped message="skipped"></skipped>
          </testcase>
          <testcase name="[It] [sig-storage] In-tree Volumes [Driver: local] [LocalVolumeType: dir] [Testpattern: Dynamic PV (default fs)] volumes should store data" classname="Kubernetes e2e suite" status="skipped" time="0">
              <skipped message="skipped"></skipped>
          </testcase>
          <testcase name="[It] [sig-storage] In-tree Volumes [Driver: azure-file] [Testpattern: Dynamic PV (filesystem volmode)] multiVolume [Slow] should concurrently access the single read-only volume from pods on the same node" classname="Kubernetes e2e suite" status="skipped" time="0">
              <skipped message="skipped"></skipped>
          </testcase>
          <testcase name="[It] [sig-storage] PersistentVolumes-expansion loopback local block volume should support online expansion on node" classname="Kubernetes e2e suite" status="skipped" time="0">
              <skipped message="skipped"></skipped>
          </testcase>
          <testcase name="[It] [sig-cli] Kubectl client Kubectl apply apply set/view last-applied" classname="Kubernetes e2e suite" status="skipped" time="0">
              <skipped message="skipped"></skipped>
          </testcase>
          <testcase name="[It] [sig-storage] In-tree Volumes [Driver: local] [LocalVolumeType: gce-localssd-scsi-fs] [Serial] [Testpattern: Dynamic PV (default fs)] subPath should support non-existent path" classname="Kubernetes e2e suite" status="skipped" time="0">
              <skipped message="skipped"></skipped>
          </testcase>
          <testcase name="[It] [sig-storage] In-tree Volumes [Driver: hostPath] [Testpattern: Pre-provisioned PV (xfs)] [Slow] volumes should allow exec of files on the volume" classname="Kubernetes e2e suite" status="skipped" time="0">
              <skipped message="skipped"></skipped>
          </testcase>
          <testcase name="[It] [sig-storage] In-tree Volumes [Driver: iscsi] [Feature:Volumes] [Testpattern: Dynamic PV (default fs)] fsgroupchangepolicy (Always)[LinuxOnly], pod created with an initial fsgroup, volume contents ownership changed via chgrp in first pod, new pod with different fsgroup applied to the volume contents" classname="Kubernetes e2e suite" status="skipped" time="0">
              <skipped message="skipped"></skipped>
          </testcase>
          <testcase name="[It] [sig-storage] In-tree Volumes [Driver: iscsi] [Feature:Volumes] [Testpattern: Dynamic PV (ntfs)] [Feature:Windows] multiVolume [Slow] should access to two volumes with different volume mode and retain data across pod recreation on different node" classname="Kubernetes e2e suite" status="skipped" time="0">
              <skipped message="skipped"></skipped>
          </testcase>
          <testcase name="[It] [sig-storage] CSI Volumes [Driver: csi-hostpath] [Testpattern: Inline-volume (xfs)] [Slow] volumes should store data" classname="Kubernetes e2e suite" status="skipped" time="0">
              <skipped message="skipped"></skipped>
          </testcase>
          <testcase name="[It] [sig-storage] In-tree Volumes [Driver: local] [LocalVolumeType: dir-link] [Testpattern: Pre-provisioned PV (ext4)] volumes should store data" classname="Kubernetes e2e suite" status="skipped" time="0">
              <skipped message="skipped"></skipped>
          </testcase>
          <testcase name="[It] [sig-node] DRA [Feature:DynamicResourceAllocation] cluster with immediate allocation supports scheduled pod referencing inline resource claim" classname="Kubernetes e2e suite" status="skipped" time="0">
              <skipped message="skipped"></skipped>
          </testcase>
          <testcase name="[It] [sig-storage] In-tree Volumes [Driver: vsphere] [Testpattern: Dynamic PV (filesystem volmode)] volumeLimits should verify that all csinodes have volume limits" classname="Kubernetes e2e suite" status="skipped" time="0">
              <skipped message="skipped"></skipped>
          </testcase>
          <testcase name="[It] [sig-storage] In-tree Volumes [Driver: aws] [Testpattern: Pre-provisioned PV (filesystem volmode)] multiVolume [Slow] should concurrently access the volume and restored snapshot from pods on the same node [LinuxOnly] [Feature:VolumeSnapshotDataSource] [Feature:VolumeSourceXFS]" classname="Kubernetes e2e suite" status="skipped" time="0">
              <skipped message="skipped"></skipped>
          </testcase>
          <testcase name="[It] [sig-node] Probing container should *not* be restarted with a tcp:8080 liveness probe [NodeConformance] [Conformance]" classname="Kubernetes e2e suite" status="passed" time="242.917787004"></testcase>
          <testcase name="[It] [sig-storage] In-tree Volumes [Driver: azure-disk] [Testpattern: Inline-volume (default fs)] subPath should support creating multiple subpath from same volumes [Slow]" classname="Kubernetes e2e suite" status="skipped" time="0">
              <skipped message="skipped"></skipped>
          </testcase>
          <testcase name="[It] [sig-node] DRA [Feature:DynamicResourceAllocation] cluster with delayed allocation and not setting ReservedFor supports scheduled pod referencing inline resource claim" classname="Kubernetes e2e suite" status="skipped" time="0">
              <skipped message="skipped"></skipped>
          </testcase>
          <testcase name="[It] [sig-storage] In-tree Volumes [Driver: local] [LocalVolumeType: dir] [Testpattern: Dynamic PV (ntfs)] [Feature:Windows] multiVolume [Slow] should concurrently access the single read-only volume from pods on the same node" classname="Kubernetes e2e suite" status="skipped" time="0">
              <skipped message="skipped"></skipped>
          </testcase>
          <testcase name="[It] [sig-autoscaling] DNS horizontal autoscaling [Serial] [Slow] [KubeUp] kube-dns-autoscaler should scale kube-dns pods when cluster size changed" classname="Kubernetes e2e suite" status="skipped" time="0">
              <skipped message="skipped"></skipped>
          </testcase>
          <testcase name="[It] [sig-storage] In-tree Volumes [Driver: hostPathSymlink] [Testpattern: Generic Ephemeral-volume (default fs) (immediate-binding)] ephemeral should create read-only inline ephemeral volume" classname="Kubernetes e2e suite" status="skipped" time="0">
              <skipped message="skipped"></skipped>
          </testcase>
          <testcase name="[It] [sig-storage] In-tree Volumes [Driver: hostPathSymlink] [Testpattern: Dynamic PV (ntfs)(allowExpansion)] [Feature:Windows] volume-expand Verify if offline PVC expansion works" classname="Kubernetes e2e suite" status="skipped" time="0">
              <skipped message="skipped"></skipped>
          </testcase>
          <testcase name="[It] [sig-storage] In-tree Volumes [Driver: azure-disk] [Testpattern: Dynamic PV (default fs)] provisioning should provision storage with pvc data source" classname="Kubernetes e2e suite" status="skipped" time="0">
              <skipped message="skipped"></skipped>
          </testcase>
          <testcase name="[It] [sig-storage] PersistentVolumes-local [Volume type: gce-localssd-scsi-fs] [Serial] Set fsGroup for local volume should set same fsGroup for two pods simultaneously [Slow]" classname="Kubernetes e2e suite" status="skipped" time="0">
              <skipped message="skipped"></skipped>
          </testcase>
          <testcase name="[It] [sig-cloud-provider-gcp] Downgrade [Feature:Downgrade] cluster downgrade should maintain a functioning cluster [Feature:ClusterDowngrade]" classname="Kubernetes e2e suite" status="skipped" time="0">
              <skipped message="skipped"></skipped>
          </testcase>
          <testcase name="[It] [sig-storage] In-tree Volumes [Driver: local] [LocalVolumeType: dir] [Testpattern: Dynamic PV (ext4)] multiVolume [Slow] should concurrently access the volume and restored snapshot from pods on the same node [LinuxOnly] [Feature:VolumeSnapshotDataSource] [Feature:VolumeSourceXFS]" classname="Kubernetes e2e suite" status="skipped" time="0">
              <skipped message="skipped"></skipped>
          </testcase>
          <testcase name="[It] [sig-storage] In-tree Volumes [Driver: local] [LocalVolumeType: dir] [Testpattern: Dynamic PV (block volmode)(allowExpansion)] volume-expand should resize volume when PVC is edited while pod is using it" classname="Kubernetes e2e suite" status="skipped" time="0">
              <skipped message="skipped"></skipped>
          </testcase>
          <testcase name="[It] [sig-storage] In-tree Volumes [Driver: cinder] [Testpattern: Dynamic PV (filesystem volmode)] multiVolume [Slow] should access to two volumes with different volume mode and retain data across pod recreation on the same node" classname="Kubernetes e2e suite" status="skipped" time="0">
              <skipped message="skipped"></skipped>
          </testcase>
          <testcase name="[It] [sig-storage] HostPathType Directory [Slow] Should fail on mounting directory &#39;adir&#39; when HostPathType is HostPathCharDev" classname="Kubernetes e2e suite" status="skipped" time="0">
              <skipped message="skipped"></skipped>
          </testcase>
          <testcase name="[It] [sig-apps] DisruptionController evictions: enough pods, absolute =&gt; should allow an eviction" classname="Kubernetes e2e suite" status="skipped" time="0">
              <skipped message="skipped"></skipped>
          </testcase>
          <testcase name="[It] [sig-storage] In-tree Volumes [Driver: local] [LocalVolumeType: gce-localssd-scsi-fs] [Serial] [Testpattern: Inline-volume (default fs)] subPath should verify container cannot write to subpath readonly volumes [Slow]" classname="Kubernetes e2e suite" status="skipped" time="0">
              <skipped message="skipped"></skipped>
          </testcase>
          <testcase name="[It] [sig-storage] CSI Volumes [Driver: csi-hostpath] [Testpattern: Pre-provisioned PV (ext3)] volumes should allow exec of files on the volume" classname="Kubernetes e2e suite" status="skipped" time="0">
              <skipped message="skipped"></skipped>
          </testcase>
          <testcase name="[It] [sig-network] Netpol NetworkPolicy between server and client should enforce policy based on Multiple PodSelectors and NamespaceSelectors [Feature:NetworkPolicy]" classname="Kubernetes e2e suite" status="skipped" time="0">
              <skipped message="skipped"></skipped>
          </testcase>
          <testcase name="[It] [sig-storage] In-tree Volumes [Driver: iscsi] [Feature:Volumes] [Testpattern: Pre-provisioned PV (default fs)] volumes should allow exec of files on the volume" classname="Kubernetes e2e suite" status="skipped" time="0">
              <skipped message="skipped"></skipped>
          </testcase>
          <testcase name="[It] [sig-storage] CSI Volumes [Driver: pd.csi.storage.gke.io] [Serial] [Testpattern: Dynamic PV (default fs)] subPath should support non-existent path" classname="Kubernetes e2e suite" status="skipped" time="0">
              <skipped message="skipped"></skipped>
          </testcase>
          <testcase name="[It] [sig-storage] CSI Volumes [Driver: pd.csi.storage.gke.io] [Serial] [Testpattern: Inline-volume (ext3)] volumes should store data" classname="Kubernetes e2e suite" status="skipped" time="0">
              <skipped message="skipped"></skipped>
          </testcase>
          <testcase name="[It] [sig-storage] In-tree Volumes [Driver: hostPath] [Testpattern: Inline-volume (default fs)] subPath should support restarting containers using file as subpath [Slow] [LinuxOnly]" classname="Kubernetes e2e suite" status="skipped" time="0">
              <skipped message="skipped"></skipped>
          </testcase>
          <testcase name="[It] [sig-storage] In-tree Volumes [Driver: hostPathSymlink] [Testpattern: Generic Ephemeral-volume (default fs) (immediate-binding)] ephemeral should create read/write inline ephemeral volume" classname="Kubernetes e2e suite" status="skipped" time="0">
              <skipped message="skipped"></skipped>
          </testcase>
          <testcase name="[It] [sig-storage] In-tree Volumes [Driver: local] [LocalVolumeType: dir-bindmounted] [Testpattern: Dynamic PV (xfs)] [Slow] multiVolume [Slow] should access to two volumes with different volume mode and retain data across pod recreation on the same node" classname="Kubernetes e2e suite" status="skipped" time="0">
              <skipped message="skipped"></skipped>
          </testcase>
          <testcase name="[It] [sig-storage] HostPathType Directory [Slow] Should fail on mounting directory &#39;adir&#39; when HostPathType is HostPathBlockDev" classname="Kubernetes e2e suite" status="skipped" time="0">
              <skipped message="skipped"></skipped>
          </testcase>
          <testcase name="[It] [sig-apps] CronJob should not schedule new jobs when ForbidConcurrent [Slow] [Conformance]" classname="Kubernetes e2e suite" status="passed" time="310.099649923"></testcase>
          <testcase name="[It] [sig-storage] In-tree Volumes [Driver: hostPath] [Testpattern: Dynamic PV (ntfs)] [Feature:Windows] multiVolume [Slow] should concurrently access the volume and restored snapshot from pods on the same node [LinuxOnly] [Feature:VolumeSnapshotDataSource] [Feature:VolumeSourceXFS]" classname="Kubernetes e2e suite" status="skipped" time="0">
              <skipped message="skipped"></skipped>
          </testcase>
          <testcase name="[It] [sig-storage] In-tree Volumes [Driver: local] [LocalVolumeType: dir] [Testpattern: Dynamic PV (default fs)] subPath should support existing directories when readOnly specified in the volumeSource" classname="Kubernetes e2e suite" status="skipped" time="0">
              <skipped message="skipped"></skipped>
          </testcase>
          <testcase name="[It] [sig-storage] In-tree Volumes [Driver: local] [LocalVolumeType: dir] [Testpattern: Dynamic PV (default fs)] volumes should allow exec of files on the volume" classname="Kubernetes e2e suite" status="skipped" time="0">
              <skipped message="skipped"></skipped>
          </testcase>
          <testcase name="[It] [sig-storage] In-tree Volumes [Driver: aws] [Testpattern: Pre-provisioned PV (filesystem volmode)] multiVolume [Slow] should access to two volumes with different volume mode and retain data across pod recreation on the same node" classname="Kubernetes e2e suite" status="skipped" time="0">
              <skipped message="skipped"></skipped>
          </testcase>
          <testcase name="[It] [sig-storage] In-tree Volumes [Driver: cinder] [Testpattern: Generic Ephemeral-volume (block volmode) (late-binding)] ephemeral should support multiple inline ephemeral volumes" classname="Kubernetes e2e suite" status="skipped" time="0">
              <skipped message="skipped"></skipped>
          </testcase>
          <testcase name="[It] [sig-cloud-provider-gcp] Ports Security Check [Feature:KubeletSecurity] should not be able to proxy to cadvisor port 4194 using proxy subresource" classname="Kubernetes e2e suite" status="skipped" time="0">
              <skipped message="skipped"></skipped>
          </testcase>
          <testcase name="[It] [sig-storage] CSI Volumes [Driver: pd.csi.storage.gke.io] [Serial] [Testpattern: Pre-provisioned PV (default fs)] volumeIO should write files of various sizes, verify size, validate content [Slow]" classname="Kubernetes e2e suite" status="skipped" time="0">
              <skipped message="skipped"></skipped>
          </testcase>
          <testcase name="[It] [sig-storage] In-tree Volumes [Driver: local] [LocalVolumeType: dir-link] [Testpattern: Inline-volume (default fs)] subPath should be able to unmount after the subpath directory is deleted [LinuxOnly]" classname="Kubernetes e2e suite" status="skipped" time="0">
              <skipped message="skipped"></skipped>
          </testcase>
          <testcase name="[It] [sig-storage] In-tree Volumes [Driver: local] [LocalVolumeType: blockfs] [Testpattern: Dynamic PV (block volmode)] provisioning should provision storage with pvc data source in parallel [Slow]" classname="Kubernetes e2e suite" status="skipped" time="0">
              <skipped message="skipped"></skipped>
          </testcase>
          <testcase name="[It] [sig-instrumentation] Events API should ensure that an event can be fetched, patched, deleted, and listed [Conformance]" classname="Kubernetes e2e suite" status="passed" time="0.071216761"></testcase>
          <testcase name="[It] [sig-storage] In-tree Volumes [Driver: local] [LocalVolumeType: dir-link-bindmounted] [Testpattern: Dynamic PV (default fs)] subPath should support creating multiple subpath from same volumes [Slow]" classname="Kubernetes e2e suite" status="skipped" time="0">
              <skipped message="skipped"></skipped>
          </testcase>
          <testcase name="[It] [sig-storage] In-tree Volumes [Driver: local] [LocalVolumeType: gce-localssd-scsi-fs] [Serial] [Testpattern: Dynamic PV (ntfs)] [Feature:Windows] subPath should fail if subpath with backstepping is outside the volume [Slow] [LinuxOnly]" classname="Kubernetes e2e suite" status="skipped" time="0">
              <skipped message="skipped"></skipped>
          </testcase>
          <testcase name="[It] [sig-storage] In-tree Volumes [Driver: ceph] [Feature:Volumes] [Serial] [Testpattern: Dynamic PV (default fs)(allowExpansion)] volume-expand Verify if offline PVC expansion works" classname="Kubernetes e2e suite" status="skipped" time="0">
              <skipped message="skipped"></skipped>
          </testcase>
          <testcase name="[It] [sig-storage] In-tree Volumes [Driver: local] [LocalVolumeType: tmpfs] [Testpattern: Pre-provisioned PV (filesystem volmode)] multiVolume [Slow] should concurrently access the volume and restored snapshot from pods on the same node [LinuxOnly] [Feature:VolumeSnapshotDataSource] [Feature:VolumeSourceXFS]" classname="Kubernetes e2e suite" status="skipped" time="0">
              <skipped message="skipped"></skipped>
          </testcase>
          <testcase name="[It] [sig-storage] In-tree Volumes [Driver: local] [LocalVolumeType: gce-localssd-scsi-fs] [Serial] [Testpattern: Pre-provisioned PV (block volmode)] multiVolume [Slow] should access to two volumes with the same volume mode and retain data across pod recreation on the same node" classname="Kubernetes e2e suite" status="skipped" time="0">
              <skipped message="skipped"></skipped>
          </testcase>
          <testcase name="[It] [sig-storage] In-tree Volumes [Driver: local] [LocalVolumeType: dir-link] [Testpattern: Dynamic PV (ext4)] multiVolume [Slow] should concurrently access the single volume from pods on the same node" classname="Kubernetes e2e suite" status="skipped" time="0">
              <skipped message="skipped"></skipped>
          </testcase>
          <testcase name="[It] [sig-storage] CSI Volumes [Driver: csi-hostpath] [Testpattern: Dynamic PV (default fs)(allowExpansion)] volume-expand should resize volume when PVC is edited while pod is using it" classname="Kubernetes e2e suite" status="skipped" time="0">
              <skipped message="skipped"></skipped>
          </testcase>
          <testcase name="[It] [sig-storage] In-tree Volumes [Driver: cinder] [Testpattern: Pre-provisioned PV (default fs)] subPath should verify container cannot write to subpath readonly volumes [Slow]" classname="Kubernetes e2e suite" status="skipped" time="0">
              <skipped message="skipped"></skipped>
          </testcase>
          <testcase name="[It] [sig-storage] In-tree Volumes [Driver: cinder] [Testpattern: Inline-volume (default fs)] subPath should fail if non-existent subpath is outside the volume [Slow] [LinuxOnly]" classname="Kubernetes e2e suite" status="skipped" time="0">
              <skipped message="skipped"></skipped>
          </testcase>
          <testcase name="[It] [sig-storage] In-tree Volumes [Driver: local] [LocalVolumeType: block] [Testpattern: Dynamic PV (default fs)] fsgroupchangepolicy (Always)[LinuxOnly], pod created with an initial fsgroup, volume contents ownership changed via chgrp in first pod, new pod with same fsgroup applied to the volume contents" classname="Kubernetes e2e suite" status="skipped" time="0">
              <skipped message="skipped"></skipped>
          </testcase>
          <testcase name="[It] [sig-storage] In-tree Volumes [Driver: cinder] [Testpattern: Dynamic PV (filesystem volmode)] multiVolume [Slow] should access to two volumes with the same volume mode and retain data across pod recreation on different node" classname="Kubernetes e2e suite" status="skipped" time="0">
              <skipped message="skipped"></skipped>
          </testcase>
          <testcase name="[It] [sig-storage] In-tree Volumes [Driver: azure-file] [Testpattern: Generic Ephemeral-volume (default fs) (late-binding)] ephemeral should create read-only inline ephemeral volume" classname="Kubernetes e2e suite" status="skipped" time="0">
              <skipped message="skipped"></skipped>
          </testcase>
          <testcase name="[It] [sig-apps] Job should recreate pods only after they have failed if pod replacement policy is set to Failed" classname="Kubernetes e2e suite" status="skipped" time="0">
              <skipped message="skipped"></skipped>
          </testcase>
          <testcase name="[It] [sig-storage] Subpath Atomic writer volumes should support subpaths with configmap pod [Conformance]" classname="Kubernetes e2e suite" status="passed" time="24.178794715"></testcase>
          <testcase name="[It] [sig-storage] In-tree Volumes [Driver: local] [LocalVolumeType: dir-link-bindmounted] [Testpattern: Dynamic PV (default fs)] fsgroupchangepolicy (Always)[LinuxOnly], pod created with an initial fsgroup, new pod fsgroup applied to volume contents" classname="Kubernetes e2e suite" status="skipped" time="0">
              <skipped message="skipped"></skipped>
          </testcase>
          <testcase name="[It] [sig-storage] In-tree Volumes [Driver: local] [LocalVolumeType: blockfs] [Testpattern: Pre-provisioned PV (filesystem volmode)] multiVolume [Slow] should concurrently access the volume and its clone from pods on the same node [LinuxOnly] [Feature:VolumeSourceXFS]" classname="Kubernetes e2e suite" status="skipped" time="0">
              <skipped message="skipped"></skipped>
          </testcase>
          <testcase name="[It] [sig-storage] In-tree Volumes [Driver: hostPath] [Testpattern: Dynamic PV (ntfs)] [Feature:Windows] multiVolume [Slow] should access to two volumes with the same volume mode and retain data across pod recreation on different node" classname="Kubernetes e2e suite" status="skipped" time="0">
              <skipped message="skipped"></skipped>
          </testcase>
          <testcase name="[It] [sig-storage] In-tree Volumes [Driver: local] [LocalVolumeType: dir] [Testpattern: Pre-provisioned PV (block volmode)] volumeMode should not mount / map unused volumes in a pod [LinuxOnly]" classname="Kubernetes e2e suite" status="skipped" time="0">
              <skipped message="skipped"></skipped>
          </testcase>
          <testcase name="[It] [sig-storage] In-tree Volumes [Driver: azure-disk] [Testpattern: Inline-volume (default fs)] subPath should unmount if pod is force deleted while kubelet is down [Disruptive] [Slow] [LinuxOnly]" classname="Kubernetes e2e suite" status="skipped" time="0">
              <skipped message="skipped"></skipped>
          </testcase>
          <testcase name="[It] [sig-apps] Deployment RollingUpdateDeployment should delete old pods and create new ones [Conformance]" classname="Kubernetes e2e suite" status="passed" time="7.113114428"></testcase>
          <testcase name="[It] [sig-storage] In-tree Volumes [Driver: vsphere] [Testpattern: Pre-provisioned PV (ext3)] volumes should store data" classname="Kubernetes e2e suite" status="skipped" time="0">
              <skipped message="skipped"></skipped>
          </testcase>
          <testcase name="[It] [sig-storage] In-tree Volumes [Driver: rbd] [Feature:Volumes] [Serial] [Testpattern: Pre-provisioned PV (default fs)] subPath should support restarting containers using directory as subpath [Slow]" classname="Kubernetes e2e suite" status="skipped" time="0">
              <skipped message="skipped"></skipped>
          </testcase>
          <testcase name="[It] [sig-storage] In-tree Volumes [Driver: azure-file] [Testpattern: Dynamic PV (ntfs)] [Feature:Windows] subPath should support existing directory" classname="Kubernetes e2e suite" status="skipped" time="0">
              <skipped message="skipped"></skipped>
          </testcase>
          <testcase name="[It] [sig-storage] In-tree Volumes [Driver: nfs] [Testpattern: Dynamic PV (default fs)] fsgroupchangepolicy (Always)[LinuxOnly], pod created with an initial fsgroup, new pod fsgroup applied to volume contents" classname="Kubernetes e2e suite" status="skipped" time="0">
              <skipped message="skipped"></skipped>
          </testcase>
          <testcase name="[It] [sig-storage] In-tree Volumes [Driver: aws] [Testpattern: Inline-volume (default fs)] subPath should support existing single file [LinuxOnly]" classname="Kubernetes e2e suite" status="skipped" time="0">
              <skipped message="skipped"></skipped>
          </testcase>
          <testcase name="[It] [sig-storage] In-tree Volumes [Driver: nfs] [Testpattern: Dynamic PV (block volmode)] volumeMode should not mount / map unused volumes in a pod [LinuxOnly]" classname="Kubernetes e2e suite" status="skipped" time="0">
              <skipped message="skipped"></skipped>
          </testcase>
          <testcase name="[It] [sig-autoscaling] Cluster size autoscaling [Slow] shouldn&#39;t trigger additional scale-ups during processing scale-up [Feature:ClusterSizeAutoscalingScaleUp]" classname="Kubernetes e2e suite" status="skipped" time="0">
              <skipped message="skipped"></skipped>
          </testcase>
          <testcase name="[It] [sig-storage] In-tree Volumes [Driver: hostPathSymlink] [Testpattern: Inline-volume (default fs)] subPath should verify container cannot write to subpath readonly volumes [Slow]" classname="Kubernetes e2e suite" status="skipped" time="0">
              <skipped message="skipped"></skipped>
          </testcase>
          <testcase name="[It] [sig-storage] In-tree Volumes [Driver: nfs] [Testpattern: Dynamic PV (default fs)] fsgroupchangepolicy (OnRootMismatch)[LinuxOnly], pod created with an initial fsgroup, new pod fsgroup applied to volume contents" classname="Kubernetes e2e suite" status="skipped" time="0">
              <skipped message="skipped"></skipped>
          </testcase>
          <testcase name="[It] [sig-storage] In-tree Volumes [Driver: nfs] [Testpattern: Dynamic PV (ext4)] multiVolume [Slow] should access to two volumes with the same volume mode and retain data across pod recreation on the same node" classname="Kubernetes e2e suite" status="skipped" time="0">
              <skipped message="skipped"></skipped>
          </testcase>
          <testcase name="[It] [sig-storage] Volume Attach Verify [Feature:vsphere] [Serial] [Disruptive] verify volume remains attached after master kubelet restart" classname="Kubernetes e2e suite" status="skipped" time="0">
              <skipped message="skipped"></skipped>
          </testcase>
          <testcase name="[It] [sig-storage] In-tree Volumes [Driver: local] [LocalVolumeType: dir] [Testpattern: Dynamic PV (xfs)] [Slow] multiVolume [Slow] should concurrently access the single volume from pods on different node" classname="Kubernetes e2e suite" status="skipped" time="0">
              <skipped message="skipped"></skipped>
          </testcase>
          <testcase name="[It] [sig-storage] Storage Policy Based Volume Provisioning [Feature:vsphere] verify VSAN storage capability with invalid diskStripes value is not honored for dynamically provisioned pvc using storageclass" classname="Kubernetes e2e suite" status="skipped" time="0">
              <skipped message="skipped"></skipped>
          </testcase>
          <testcase name="[It] [sig-storage] In-tree Volumes [Driver: local] [LocalVolumeType: gce-localssd-scsi-fs] [Serial] [Testpattern: Pre-provisioned PV (default fs)] subPath should support readOnly directory specified in the volumeMount" classname="Kubernetes e2e suite" status="skipped" time="0">
              <skipped message="skipped"></skipped>
          </testcase>
          <testcase name="[It] [sig-storage] In-tree Volumes [Driver: local] [LocalVolumeType: dir] [Testpattern: Dynamic PV (block volmode)(allowExpansion)] volume-expand Verify if offline PVC expansion works" classname="Kubernetes e2e suite" status="skipped" time="0">
              <skipped message="skipped"></skipped>
          </testcase>
          <testcase name="[It] [sig-storage] In-tree Volumes [Driver: hostPathSymlink] [Testpattern: Dynamic PV (default fs)] subPath should support existing single file [LinuxOnly]" classname="Kubernetes e2e suite" status="skipped" time="0">
              <skipped message="skipped"></skipped>
          </testcase>
          <testcase name="[It] [sig-storage] In-tree Volumes [Driver: local] [LocalVolumeType: dir] [Testpattern: Dynamic PV (default fs)] subPath should verify container cannot write to subpath readonly volumes [Slow]" classname="Kubernetes e2e suite" status="skipped" time="0">
              <skipped message="skipped"></skipped>
          </testcase>
          <testcase name="[It] [sig-storage] In-tree Volumes [Driver: local] [LocalVolumeType: dir-bindmounted] [Testpattern: Dynamic PV (block volmode)] disruptive [Disruptive] [LinuxOnly] Should test that pv written before kubelet restart is readable after restart." classname="Kubernetes e2e suite" status="skipped" time="0">
              <skipped message="skipped"></skipped>
          </testcase>
          <testcase name="[It] [sig-storage] PersistentVolumes [Feature:vsphere] [Feature:ReclaimPolicy] persistentvolumereclaim:vsphere [Feature:vsphere] should retain persistent volume when reclaimPolicy set to retain when associated claim is deleted" classname="Kubernetes e2e suite" status="skipped" time="0">
              <skipped message="skipped"></skipped>
          </testcase>
          <testcase name="[It] [sig-storage] In-tree Volumes [Driver: local] [LocalVolumeType: dir] [Testpattern: Dynamic PV (default fs)] fsgroupchangepolicy (Always)[LinuxOnly], pod created with an initial fsgroup, volume contents ownership changed via chgrp in first pod, new pod with same fsgroup applied to the volume contents" classname="Kubernetes e2e suite" status="skipped" time="0">
              <skipped message="skipped"></skipped>
          </testcase>
          <testcase name="[It] [sig-storage] In-tree Volumes [Driver: iscsi] [Feature:Volumes] [Testpattern: Dynamic PV (filesystem volmode)] multiVolume [Slow] should access to two volumes with the same volume mode and retain data across pod recreation on different node" classname="Kubernetes e2e suite" status="skipped" time="0">
              <skipped message="skipped"></skipped>
          </testcase>
          <testcase name="[It] [sig-storage] In-tree Volumes [Driver: rbd] [Feature:Volumes] [Serial] [Testpattern: Dynamic PV (default fs)] subPath should fail if subpath file is outside the volume [Slow] [LinuxOnly]" classname="Kubernetes e2e suite" status="skipped" time="0">
              <skipped message="skipped"></skipped>
          </testcase>
          <testcase name="[It] [sig-storage] In-tree Volumes [Driver: hostPath] [Testpattern: Inline-volume (default fs)] subPath should support readOnly file specified in the volumeMount [LinuxOnly]" classname="Kubernetes e2e suite" status="skipped" time="0">
              <skipped message="skipped"></skipped>
          </testcase>
          <testcase name="[It] [sig-storage] In-tree Volumes [Driver: cinder] [Testpattern: Pre-provisioned PV (default fs)] subPath should support existing single file [LinuxOnly]" classname="Kubernetes e2e suite" status="skipped" time="0">
              <skipped message="skipped"></skipped>
          </testcase>
          <testcase name="[It] [sig-storage] In-tree Volumes [Driver: local] [LocalVolumeType: block] [Testpattern: Dynamic PV (default fs)] subPath should be able to unmount after the subpath directory is deleted [LinuxOnly]" classname="Kubernetes e2e suite" status="skipped" time="0">
              <skipped message="skipped"></skipped>
          </testcase>
          <testcase name="[It] [sig-storage] In-tree Volumes [Driver: rbd] [Feature:Volumes] [Serial] [Testpattern: Dynamic PV (ntfs)] [Feature:Windows] multiVolume [Slow] should concurrently access the single read-only volume from pods on the same node" classname="Kubernetes e2e suite" status="skipped" time="0">
              <skipped message="skipped"></skipped>
          </testcase>
          <testcase name="[It] [sig-storage] In-tree Volumes [Driver: iscsi] [Feature:Volumes] [Testpattern: Dynamic PV (xfs)] [Slow] multiVolume [Slow] should concurrently access the volume and its clone from pods on the same node [LinuxOnly] [Feature:VolumeSourceXFS]" classname="Kubernetes e2e suite" status="skipped" time="0">
              <skipped message="skipped"></skipped>
          </testcase>
          <testcase name="[It] [sig-storage] Storage Policy Based Volume Provisioning [Feature:vsphere] verify VSAN storage capability with valid diskStripes and objectSpaceReservation values is honored for dynamically provisioned pvc using storageclass" classname="Kubernetes e2e suite" status="skipped" time="0">
              <skipped message="skipped"></skipped>
          </testcase>
          <testcase name="[It] [sig-storage] In-tree Volumes [Driver: local] [LocalVolumeType: dir] [Testpattern: Dynamic PV (default fs)] subPath should unmount if pod is gracefully deleted while kubelet is down [Disruptive] [Slow] [LinuxOnly]" classname="Kubernetes e2e suite" status="skipped" time="0">
              <skipped message="skipped"></skipped>
          </testcase>
          <testcase name="[It] [sig-storage] In-tree Volumes [Driver: nfs] [Testpattern: Dynamic PV (default fs)] subPath should support existing single file [LinuxOnly]" classname="Kubernetes e2e suite" status="skipped" time="0">
              <skipped message="skipped"></skipped>
          </testcase>
          <testcase name="[It] [sig-cli] Kubectl client Kubectl version should check is all data is printed [Conformance]" classname="Kubernetes e2e suite" status="passed" time="0.132548196"></testcase>
          <testcase name="[It] [sig-storage] In-tree Volumes [Driver: local] [LocalVolumeType: dir-link-bindmounted] [Testpattern: Dynamic PV (default fs)] provisioning should provision storage with mount options" classname="Kubernetes e2e suite" status="skipped" time="0">
              <skipped message="skipped"></skipped>
          </testcase>
          <testcase name="[It] [sig-node] Events should be sent by kubelets and the scheduler about pods scheduling and running" classname="Kubernetes e2e suite" status="skipped" time="0">
              <skipped message="skipped"></skipped>
          </testcase>
          <testcase name="[It] [sig-network] Networking Granular Checks: Pods should function for node-pod communication: http [LinuxOnly] [NodeConformance] [Conformance]" classname="Kubernetes e2e suite" status="passed" time="14.505715238"></testcase>
          <testcase name="[It] [sig-storage] CSI Volumes [Driver: csi-hostpath] [Testpattern: Pre-provisioned PV (default fs)] subPath should support restarting containers using directory as subpath [Slow]" classname="Kubernetes e2e suite" status="skipped" time="0">
              <skipped message="skipped"></skipped>
          </testcase>
          <testcase name="[It] [sig-storage] CSI Volumes [Driver: csi-hostpath] [Testpattern: Ephemeral Snapshot (retain policy)] snapshottable [Feature:VolumeSnapshotDataSource] volume snapshot controller  should check snapshot fields, check restore correctly works, check deletion (ephemeral)" classname="Kubernetes e2e suite" status="skipped" time="0">
              <skipped message="skipped"></skipped>
          </testcase>
          <testcase name="[It] [sig-api-machinery] CustomResourceValidationRules [Privileged:ClusterAdmin] MUST NOT fail validation for create of a custom resource that satisfies the x-kubernetes-validations rules" classname="Kubernetes e2e suite" status="skipped" time="0">
              <skipped message="skipped"></skipped>
          </testcase>
          <testcase name="[It] [sig-storage] In-tree Volumes [Driver: ceph] [Feature:Volumes] [Serial] [Testpattern: Dynamic PV (filesystem volmode)] volumeLimits should verify that all csinodes have volume limits" classname="Kubernetes e2e suite" status="skipped" time="0">
              <skipped message="skipped"></skipped>
          </testcase>
          <testcase name="[It] [sig-storage] In-tree Volumes [Driver: hostPathSymlink] [Testpattern: Pre-provisioned PV (block volmode)] disruptive [Disruptive] [LinuxOnly] Should test that pv used in a pod that is deleted while the kubelet is down cleans up when the kubelet returns." classname="Kubernetes e2e suite" status="skipped" time="0">
              <skipped message="skipped"></skipped>
          </testcase>
          <testcase name="[It] [sig-storage] CSI Volumes [Driver: pd.csi.storage.gke.io] [Serial] [Testpattern: Dynamic PV (xfs)] [Slow] multiVolume [Slow] should access to two volumes with different volume mode and retain data across pod recreation on the same node" classname="Kubernetes e2e suite" status="skipped" time="0">
              <skipped message="skipped"></skipped>
          </testcase>
          <testcase name="[It] [sig-storage] In-tree Volumes [Driver: local] [LocalVolumeType: tmpfs] [Testpattern: Dynamic PV (block volmode)] multiVolume [Slow] should concurrently access the single volume from pods on the same node" classname="Kubernetes e2e suite" status="skipped" time="0">
              <skipped message="skipped"></skipped>
          </testcase>
          <testcase name="[It] [sig-storage] In-tree Volumes [Driver: azure-file] [Testpattern: Dynamic PV (filesystem volmode)] disruptive [Disruptive] [LinuxOnly] Should test that pv used in a pod that is deleted while the kubelet is down is usable by a new pod with a different SELinux context when kubelet returns [Feature:SELinux]" classname="Kubernetes e2e suite" status="skipped" time="0">
              <skipped message="skipped"></skipped>
          </testcase>
          <testcase name="[It] [sig-storage] In-tree Volumes [Driver: local] [LocalVolumeType: block] [Testpattern: Dynamic PV (ntfs)] [Feature:Windows] provisioning should provision storage with pvc data source in parallel [Slow]" classname="Kubernetes e2e suite" status="skipped" time="0">
              <skipped message="skipped"></skipped>
          </testcase>
          <testcase name="[It] [sig-storage] [Feature:NodeOutOfServiceVolumeDetach] [Disruptive] [LinuxOnly] NonGracefulNodeShutdown [NonGracefulNodeShutdown] pod that uses a persistent volume via gce pd driver should get immediately rescheduled to a different node after non graceful node shutdown" classname="Kubernetes e2e suite" status="skipped" time="0">
              <skipped message="skipped"></skipped>
          </testcase>
          <testcase name="[It] [sig-storage] In-tree Volumes [Driver: vsphere] [Testpattern: Dynamic PV (ext4)] volumes should allow exec of files on the volume" classname="Kubernetes e2e suite" status="skipped" time="0">
              <skipped message="skipped"></skipped>
          </testcase>
          <testcase name="[It] [sig-storage] In-tree Volumes [Driver: cinder] [Testpattern: Dynamic PV (immediate binding)] topology should provision a volume and schedule a pod with AllowedTopologies" classname="Kubernetes e2e suite" status="skipped" time="0">
              <skipped message="skipped"></skipped>
          </testcase>
          <testcase name="[It] [sig-storage] In-tree Volumes [Driver: rbd] [Feature:Volumes] [Serial] [Testpattern: Pre-provisioned PV (filesystem volmode)] multiVolume [Slow] should concurrently access the volume and restored snapshot from pods on the same node [LinuxOnly] [Feature:VolumeSnapshotDataSource] [Feature:VolumeSourceXFS]" classname="Kubernetes e2e suite" status="skipped" time="0">
              <skipped message="skipped"></skipped>
          </testcase>
          <testcase name="[It] [sig-storage] In-tree Volumes [Driver: vsphere] [Testpattern: Dynamic PV (default fs)] volume-stress multiple pods should access different volumes repeatedly [Slow] [Serial]" classname="Kubernetes e2e suite" status="skipped" time="0">
              <skipped message="skipped"></skipped>
          </testcase>
          <testcase name="[It] [sig-storage] In-tree Volumes [Driver: aws] [Testpattern: Dynamic PV (block volmode)] volume-stress multiple pods should access different volumes repeatedly [Slow] [Serial]" classname="Kubernetes e2e suite" status="skipped" time="0">
              <skipped message="skipped"></skipped>
          </testcase>
          <testcase name="[It] [sig-storage] In-tree Volumes [Driver: rbd] [Feature:Volumes] [Serial] [Testpattern: Dynamic PV (ntfs)] [Feature:Windows] subPath should fail if non-existent subpath is outside the volume [Slow] [LinuxOnly]" classname="Kubernetes e2e suite" status="skipped" time="0">
              <skipped message="skipped"></skipped>
          </testcase>
          <testcase name="[It] [sig-apps] CronJob should replace jobs when ReplaceConcurrent [Conformance]" classname="Kubernetes e2e suite" status="passed" time="74.085161385"></testcase>
          <testcase name="[It] [sig-storage] In-tree Volumes [Driver: ceph] [Feature:Volumes] [Serial] [Testpattern: Pre-provisioned PV (default fs)] subPath should fail if subpath with backstepping is outside the volume [Slow] [LinuxOnly]" classname="Kubernetes e2e suite" status="skipped" time="0">
              <skipped message="skipped"></skipped>
          </testcase>
          <testcase name="[It] [sig-node] Container Runtime blackbox test on terminated container should report termination message if TerminationMessagePath is set as non-root user and at a non-default path [NodeConformance] [Conformance]" classname="Kubernetes e2e suite" status="passed" time="3.092037337"></testcase>
          <testcase name="[It] [sig-storage] In-tree Volumes [Driver: hostPathSymlink] [Testpattern: Dynamic PV (ntfs)] [Feature:Windows] subPath should fail if subpath directory is outside the volume [Slow] [LinuxOnly]" classname="Kubernetes e2e suite" status="skipped" time="0">
              <skipped message="skipped"></skipped>
          </testcase>
          <testcase name="[It] [sig-storage] In-tree Volumes [Driver: hostPath] [Testpattern: Inline-volume (default fs)] subPath should unmount if pod is force deleted while kubelet is down [Disruptive] [Slow] [LinuxOnly]" classname="Kubernetes e2e suite" status="skipped" time="0">
              <skipped message="skipped"></skipped>
          </testcase>
          <testcase name="[It] [sig-storage] In-tree Volumes [Driver: local] [LocalVolumeType: dir-link-bindmounted] [Testpattern: Inline-volume (default fs)] volumeIO should write files of various sizes, verify size, validate content [Slow]" classname="Kubernetes e2e suite" status="skipped" time="0">
              <skipped message="skipped"></skipped>
          </testcase>
          <testcase name="[It] [sig-storage] In-tree Volumes [Driver: local] [LocalVolumeType: blockfs] [Testpattern: Generic Ephemeral-volume (default fs)] volumeLimits should support volume limits [Serial]" classname="Kubernetes e2e suite" status="skipped" time="0">
              <skipped message="skipped"></skipped>
          </testcase>
          <testcase name="[It] [sig-storage] In-tree Volumes [Driver: hostPathSymlink] [Testpattern: Pre-provisioned PV (default fs)] volumes should store data" classname="Kubernetes e2e suite" status="skipped" time="0">
              <skipped message="skipped"></skipped>
          </testcase>
          <testcase name="[It] [sig-storage] In-tree Volumes [Driver: local] [LocalVolumeType: tmpfs] [Testpattern: Pre-provisioned PV (default fs)] subPath should support readOnly file specified in the volumeMount [LinuxOnly]" classname="Kubernetes e2e suite" status="skipped" time="0">
              <skipped message="skipped"></skipped>
          </testcase>
          <testcase name="[It] [sig-storage] In-tree Volumes [Driver: local] [LocalVolumeType: dir-link-bindmounted] [Testpattern: Dynamic PV (ntfs)] [Feature:Windows] subPath should be able to unmount after the subpath directory is deleted [LinuxOnly]" classname="Kubernetes e2e suite" status="skipped" time="0">
              <skipped message="skipped"></skipped>
          </testcase>
          <testcase name="[It] [sig-network] LoadBalancers should be able to change the type and ports of a TCP service [Slow]" classname="Kubernetes e2e suite" status="skipped" time="0">
              <skipped message="skipped"></skipped>
          </testcase>
          <testcase name="[It] [sig-storage] In-tree Volumes [Driver: cinder] [Testpattern: Pre-provisioned PV (block volmode)] multiVolume [Slow] should access to two volumes with the same volume mode and retain data across pod recreation on the same node" classname="Kubernetes e2e suite" status="skipped" time="0">
              <skipped message="skipped"></skipped>
          </testcase>
          <testcase name="[It] [sig-storage] In-tree Volumes [Driver: local] [LocalVolumeType: dir-bindmounted] [Testpattern: Pre-provisioned PV (block volmode)] multiVolume [Slow] should concurrently access the single volume from pods on different node" classname="Kubernetes e2e suite" status="skipped" time="0">
              <skipped message="skipped"></skipped>
          </testcase>
          <testcase name="[It] [sig-storage] In-tree Volumes [Driver: local] [LocalVolumeType: dir-link] [Testpattern: Pre-provisioned PV (ext3)] volumes should store data" classname="Kubernetes e2e suite" status="skipped" time="0">
              <skipped message="skipped"></skipped>
          </testcase>
          <testcase name="[It] [sig-node] Pods should get a host IP [NodeConformance] [Conformance]" classname="Kubernetes e2e suite" status="passed" time="2.070261101"></testcase>
          <testcase name="[It] [sig-storage] In-tree Volumes [Driver: emptydir] [Testpattern: Dynamic PV (filesystem volmode)] multiVolume [Slow] should access to two volumes with different volume mode and retain data across pod recreation on the same node" classname="Kubernetes e2e suite" status="skipped" time="0">
              <skipped message="skipped"></skipped>
          </testcase>
          <testcase name="[It] [sig-storage] In-tree Volumes [Driver: ceph] [Feature:Volumes] [Serial] [Testpattern: Dynamic PV (immediate binding)] topology should provision a volume and schedule a pod with AllowedTopologies" classname="Kubernetes e2e suite" status="skipped" time="0">
              <skipped message="skipped"></skipped>
          </testcase>
          <testcase name="[It] [sig-storage] CSI Volumes [Driver: csi-hostpath] [Testpattern: Dynamic PV (ntfs)] [Feature:Windows] subPath should unmount if pod is force deleted while kubelet is down [Disruptive] [Slow] [LinuxOnly]" classname="Kubernetes e2e suite" status="skipped" time="0">
              <skipped message="skipped"></skipped>
          </testcase>
          <testcase name="[It] [sig-storage] In-tree Volumes [Driver: local] [LocalVolumeType: dir-link] [Testpattern: Dynamic PV (filesystem volmode)] disruptive [Disruptive] [LinuxOnly] Should test that pv used in a pod that is deleted while the kubelet is down is usable by a new pod with a different SELinux context when kubelet returns [Feature:SELinux]" classname="Kubernetes e2e suite" status="skipped" time="0">
              <skipped message="skipped"></skipped>
          </testcase>
          <testcase name="[It] [sig-storage] In-tree Volumes [Driver: hostPath] [Testpattern: Dynamic PV (default fs)] subPath should fail if subpath file is outside the volume [Slow] [LinuxOnly]" classname="Kubernetes e2e suite" status="skipped" time="0">
              <skipped message="skipped"></skipped>
          </testcase>
          <testcase name="[It] [sig-storage] In-tree Volumes [Driver: azure-file] [Testpattern: Pre-provisioned PV (filesystem volmode)] multiVolume [Slow] should access to two volumes with different volume mode and retain data across pod recreation on the same node" classname="Kubernetes e2e suite" status="skipped" time="0">
              <skipped message="skipped"></skipped>
          </testcase>
          <testcase name="[It] [sig-storage] In-tree Volumes [Driver: azure-file] [Testpattern: Dynamic PV (ntfs)] [Feature:Windows] provisioning should provision storage with pvc data source in parallel [Slow]" classname="Kubernetes e2e suite" status="skipped" time="0">
              <skipped message="skipped"></skipped>
          </testcase>
          <testcase name="[It] [sig-storage] In-tree Volumes [Driver: azure-disk] [Testpattern: Inline-volume (default fs)] volumes should store data" classname="Kubernetes e2e suite" status="skipped" time="0">
              <skipped message="skipped"></skipped>
          </testcase>
          <testcase name="[It] [sig-storage] In-tree Volumes [Driver: azure-file] [Testpattern: Dynamic PV (default fs)] subPath should support existing directories when readOnly specified in the volumeSource" classname="Kubernetes e2e suite" status="skipped" time="0">
              <skipped message="skipped"></skipped>
          </testcase>
          <testcase name="[It] [sig-storage] In-tree Volumes [Driver: local] [LocalVolumeType: dir-bindmounted] [Testpattern: Dynamic PV (default fs)] fsgroupchangepolicy (Always)[LinuxOnly], pod created with an initial fsgroup, volume contents ownership changed via chgrp in first pod, new pod with same fsgroup applied to the volume contents" classname="Kubernetes e2e suite" status="skipped" time="0">
              <skipped message="skipped"></skipped>
          </testcase>
          <testcase name="[It] [sig-storage] In-tree Volumes [Driver: local] [LocalVolumeType: dir-link-bindmounted] [Testpattern: Dynamic PV (default fs)(allowExpansion)] volume-expand should resize volume when PVC is edited while pod is using it" classname="Kubernetes e2e suite" status="skipped" time="0">
              <skipped message="skipped"></skipped>
          </testcase>
          <testcase name="[It] [sig-storage] In-tree Volumes [Driver: aws] [Testpattern: Inline-volume (default fs)] subPath should fail if non-existent subpath is outside the volume [Slow] [LinuxOnly]" classname="Kubernetes e2e suite" status="skipped" time="0">
              <skipped message="skipped"></skipped>
          </testcase>
          <testcase name="[It] [sig-storage] In-tree Volumes [Driver: vsphere] [Testpattern: Dynamic PV (ntfs)] [Feature:Windows] multiVolume [Slow] should concurrently access the volume and its clone from pods on the same node [LinuxOnly] [Feature:VolumeSourceXFS]" classname="Kubernetes e2e suite" status="skipped" time="0">
              <skipped message="skipped"></skipped>
          </testcase>
          <testcase name="[It] [sig-storage] Zone Support [Feature:vsphere] Verify PVC creation fails if the availability zone specified in the storage class have no shared datastores under it." classname="Kubernetes e2e suite" status="skipped" time="0">
              <skipped message="skipped"></skipped>
          </testcase>
          <testcase name="[It] [sig-storage] CSI Volumes [Driver: csi-hostpath] [Testpattern: Dynamic PV (block volmode)] disruptive [Disruptive] [LinuxOnly] Should test that pv written before kubelet restart is readable after restart." classname="Kubernetes e2e suite" status="skipped" time="0">
              <skipped message="skipped"></skipped>
          </testcase>
          <testcase name="[It] [sig-storage] In-tree Volumes [Driver: vsphere] [Testpattern: Pre-provisioned PV (ext3)] volumes should allow exec of files on the volume" classname="Kubernetes e2e suite" status="skipped" time="0">
              <skipped message="skipped"></skipped>
          </testcase>
          <testcase name="[It] [sig-storage] In-tree Volumes [Driver: rbd] [Feature:Volumes] [Serial] [Testpattern: Pre-provisioned PV (block volmode)] volumeMode should fail to use a volume in a pod with mismatched mode [Slow]" classname="Kubernetes e2e suite" status="skipped" time="0">
              <skipped message="skipped"></skipped>
          </testcase>
          <testcase name="[It] [sig-node] [Serial] Pod InPlace Resize Container (scheduler-focused) [Feature:InPlacePodVerticalScaling] pod-resize-scheduler-tests" classname="Kubernetes e2e suite" status="skipped" time="0">
              <skipped message="skipped"></skipped>
          </testcase>
          <testcase name="[It] [sig-storage] In-tree Volumes [Driver: local] [LocalVolumeType: tmpfs] [Testpattern: Dynamic PV (default fs)] provisioning should provision correct filesystem size when restoring snapshot to larger size pvc [Feature:VolumeSnapshotDataSource]" classname="Kubernetes e2e suite" status="skipped" time="0">
              <skipped message="skipped"></skipped>
          </testcase>
          <testcase name="[It] [sig-storage] In-tree Volumes [Driver: rbd] [Feature:Volumes] [Serial] [Testpattern: Pre-provisioned PV (filesystem volmode)] multiVolume [Slow] should access to two volumes with different volume mode and retain data across pod recreation on different node" classname="Kubernetes e2e suite" status="skipped" time="0">
              <skipped message="skipped"></skipped>
          </testcase>
          <testcase name="[It] [sig-storage] In-tree Volumes [Driver: emptydir] [Testpattern: Dynamic PV (xfs)] [Slow] multiVolume [Slow] should access to two volumes with different volume mode and retain data across pod recreation on different node" classname="Kubernetes e2e suite" status="skipped" time="0">
              <skipped message="skipped"></skipped>
          </testcase>
          <testcase name="[It] [sig-node] Security Context should support pod.Spec.SecurityContext.RunAsUser And pod.Spec.SecurityContext.RunAsGroup [LinuxOnly] [Conformance]" classname="Kubernetes e2e suite" status="passed" time="4.107781867"></testcase>
          <testcase name="[It] [sig-storage] PersistentVolumes-local [Volume type: tmpfs] Set fsGroup for local volume should set fsGroup for one pod [Slow]" classname="Kubernetes e2e suite" status="skipped" time="0">
              <skipped message="skipped"></skipped>
          </testcase>
          <testcase name="[It] [sig-storage] In-tree Volumes [Driver: local] [LocalVolumeType: gce-localssd-scsi-fs] [Serial] [Testpattern: Dynamic PV (ntfs)] [Feature:Windows] subPath should fail if subpath file is outside the volume [Slow] [LinuxOnly]" classname="Kubernetes e2e suite" status="skipped" time="0">
              <skipped message="skipped"></skipped>
          </testcase>
          <testcase name="[It] [sig-storage] In-tree Volumes [Driver: local] [LocalVolumeType: dir-bindmounted] [Testpattern: Dynamic PV (block volmode)] multiVolume [Slow] should access to two volumes with different volume mode and retain data across pod recreation on the same node" classname="Kubernetes e2e suite" status="skipped" time="0">
              <skipped message="skipped"></skipped>
          </testcase>
          <testcase name="[It] [sig-storage] In-tree Volumes [Driver: ceph] [Feature:Volumes] [Serial] [Testpattern: Dynamic PV (ntfs)] [Feature:Windows] subPath should fail if non-existent subpath is outside the volume [Slow] [LinuxOnly]" classname="Kubernetes e2e suite" status="skipped" time="0">
              <skipped message="skipped"></skipped>
          </testcase>
          <testcase name="[It] [sig-cli] Kubectl client Kubectl taint [Serial] should update the taint on a node" classname="Kubernetes e2e suite" status="skipped" time="0">
              <skipped message="skipped"></skipped>
          </testcase>
          <testcase name="[It] [sig-storage] In-tree Volumes [Driver: local] [LocalVolumeType: block] [Testpattern: Pre-provisioned PV (filesystem volmode)] multiVolume [Slow] should concurrently access the volume and its clone from pods on the same node [LinuxOnly] [Feature:VolumeSourceXFS]" classname="Kubernetes e2e suite" status="skipped" time="0">
              <skipped message="skipped"></skipped>
          </testcase>
          <testcase name="[It] [sig-storage] In-tree Volumes [Driver: ceph] [Feature:Volumes] [Serial] [Testpattern: Dynamic PV (ntfs)] [Feature:Windows] multiVolume [Slow] should concurrently access the volume and its clone from pods on the same node [LinuxOnly] [Feature:VolumeSourceXFS]" classname="Kubernetes e2e suite" status="skipped" time="0">
              <skipped message="skipped"></skipped>
          </testcase>
          <testcase name="[It] [sig-storage] In-tree Volumes [Driver: emptydir] [Testpattern: Dynamic PV (xfs)] [Slow] multiVolume [Slow] should concurrently access the single volume from pods on different node" classname="Kubernetes e2e suite" status="skipped" time="0">
              <skipped message="skipped"></skipped>
          </testcase>
          <testcase name="[It] [sig-storage] In-tree Volumes [Driver: local] [LocalVolumeType: dir-link-bindmounted] [Testpattern: Pre-provisioned PV (default fs)] subPath should unmount if pod is force deleted while kubelet is down [Disruptive] [Slow] [LinuxOnly]" classname="Kubernetes e2e suite" status="skipped" time="0">
              <skipped message="skipped"></skipped>
          </testcase>
          <testcase name="[It] [sig-storage] In-tree Volumes [Driver: azure-file] [Testpattern: Inline-volume (default fs)] volumes should allow exec of files on the volume" classname="Kubernetes e2e suite" status="skipped" time="0">
              <skipped message="skipped"></skipped>
          </testcase>
          <testcase name="[It] [sig-storage] In-tree Volumes [Driver: local] [LocalVolumeType: blockfs] [Testpattern: Dynamic PV (ntfs)] [Feature:Windows] subPath should support readOnly directory specified in the volumeMount" classname="Kubernetes e2e suite" status="skipped" time="0">
              <skipped message="skipped"></skipped>
          </testcase>
          <testcase name="[It] [sig-network] ClusterDns [Feature:Example] should create pod that uses dns" classname="Kubernetes e2e suite" status="skipped" time="0">
              <skipped message="skipped"></skipped>
          </testcase>
          <testcase name="[It] [sig-storage] In-tree Volumes [Driver: azure-disk] [Testpattern: Generic Ephemeral-volume (block volmode) (late-binding)] ephemeral should support expansion of pvcs created for ephemeral pvcs" classname="Kubernetes e2e suite" status="skipped" time="0">
              <skipped message="skipped"></skipped>
          </testcase>
          <testcase name="[It] [sig-storage] In-tree Volumes [Driver: local] [LocalVolumeType: dir-link-bindmounted] [Testpattern: Dynamic PV (ext3)] volumes should allow exec of files on the volume" classname="Kubernetes e2e suite" status="skipped" time="0">
              <skipped message="skipped"></skipped>
          </testcase>
          <testcase name="[It] [sig-windows] Services should be able to create a functioning NodePort service for Windows" classname="Kubernetes e2e suite" status="skipped" time="0">
              <skipped message="skipped"></skipped>
          </testcase>
          <testcase name="[It] [sig-storage] CSI Volumes [Driver: pd.csi.storage.gke.io] [Serial] [Testpattern: Dynamic PV (ntfs)(allowExpansion)] [Feature:Windows] volume-expand Verify if offline PVC expansion works" classname="Kubernetes e2e suite" status="skipped" time="0">
              <skipped message="skipped"></skipped>
          </testcase>
          <testcase name="[It] [sig-storage] In-tree Volumes [Driver: rbd] [Feature:Volumes] [Serial] [Testpattern: Dynamic PV (default fs)] subPath should support readOnly directory specified in the volumeMount" classname="Kubernetes e2e suite" status="skipped" time="0">
              <skipped message="skipped"></skipped>
          </testcase>
          <testcase name="[It] [sig-storage] In-tree Volumes [Driver: iscsi] [Feature:Volumes] [Testpattern: Inline-volume (default fs)] subPath should unmount if pod is gracefully deleted while kubelet is down [Disruptive] [Slow] [LinuxOnly]" classname="Kubernetes e2e suite" status="skipped" time="0">
              <skipped message="skipped"></skipped>
          </testcase>
          <testcase name="[It] [sig-autoscaling] Cluster size autoscaling [Slow] should increase cluster size if pod requesting volume is pending [Feature:ClusterSizeAutoscalingScaleUp]" classname="Kubernetes e2e suite" status="skipped" time="0">
              <skipped message="skipped"></skipped>
          </testcase>
          <testcase name="[It] [sig-storage] In-tree Volumes [Driver: local] [LocalVolumeType: block] [Testpattern: Generic Ephemeral-volume (block volmode) (late-binding)] ephemeral should create read/write inline ephemeral volume" classname="Kubernetes e2e suite" status="skipped" time="0">
              <skipped message="skipped"></skipped>
          </testcase>
          <testcase name="[It] [sig-storage] Secrets should be consumable from pods in volume [NodeConformance] [Conformance]" classname="Kubernetes e2e suite" status="passed" time="4.099121097"></testcase>
          <testcase name="[It] [sig-storage] In-tree Volumes [Driver: local] [LocalVolumeType: dir] [Testpattern: Pre-provisioned PV (default fs)] subPath should support existing directories when readOnly specified in the volumeSource" classname="Kubernetes e2e suite" status="skipped" time="0">
              <skipped message="skipped"></skipped>
          </testcase>
          <testcase name="[It] [sig-storage] In-tree Volumes [Driver: azure-disk] [Testpattern: Dynamic PV (default fs)] volumes should store data" classname="Kubernetes e2e suite" status="skipped" time="0">
              <skipped message="skipped"></skipped>
          </testcase>
          <testcase name="[It] [sig-storage] In-tree Volumes [Driver: aws] [Testpattern: Pre-provisioned PV (ext4)] volumes should allow exec of files on the volume" classname="Kubernetes e2e suite" status="skipped" time="0">
              <skipped message="skipped"></skipped>
          </testcase>
          <testcase name="[It] [sig-storage] In-tree Volumes [Driver: vsphere] [Testpattern: Dynamic PV (ntfs)] [Feature:Windows] subPath should fail if subpath directory is outside the volume [Slow] [LinuxOnly]" classname="Kubernetes e2e suite" status="skipped" time="0">
              <skipped message="skipped"></skipped>
          </testcase>
          <testcase name="[It] [sig-storage] In-tree Volumes [Driver: azure-file] [Testpattern: Pre-provisioned PV (default fs)] subPath should support non-existent path" classname="Kubernetes e2e suite" status="skipped" time="0">
              <skipped message="skipped"></skipped>
          </testcase>
          <testcase name="[It] [sig-storage] Volume Provisioning On Clustered Datastore [Feature:vsphere] verify static provisioning on clustered datastore" classname="Kubernetes e2e suite" status="skipped" time="0">
              <skipped message="skipped"></skipped>
          </testcase>
          <testcase name="[It] [sig-api-machinery] Generated clientset should create pods, set the deletionTimestamp and deletionGracePeriodSeconds of the pod" classname="Kubernetes e2e suite" status="skipped" time="0">
              <skipped message="skipped"></skipped>
          </testcase>
          <testcase name="[It] [sig-storage] In-tree Volumes [Driver: aws] [Testpattern: Inline-volume (default fs)] subPath should support creating multiple subpath from same volumes [Slow]" classname="Kubernetes e2e suite" status="skipped" time="0">
              <skipped message="skipped"></skipped>
          </testcase>
          <testcase name="[It] [sig-storage] HostPathType Block Device [Slow] Should fail on mounting block device &#39;ablkdev&#39; when HostPathType is HostPathDirectory" classname="Kubernetes e2e suite" status="skipped" time="0">
              <skipped message="skipped"></skipped>
          </testcase>
          <testcase name="[It] [sig-storage] In-tree Volumes [Driver: rbd] [Feature:Volumes] [Serial] [Testpattern: Pre-provisioned PV (filesystem volmode)] volumeMode should not mount / map unused volumes in a pod [LinuxOnly]" classname="Kubernetes e2e suite" status="skipped" time="0">
              <skipped message="skipped"></skipped>
          </testcase>
          <testcase name="[It] [sig-storage] In-tree Volumes [Driver: local] [LocalVolumeType: dir-link] [Testpattern: Dynamic PV (block volmode)] provisioning should provision correct filesystem size when restoring snapshot to larger size pvc [Feature:VolumeSnapshotDataSource]" classname="Kubernetes e2e suite" status="skipped" time="0">
              <skipped message="skipped"></skipped>
          </testcase>
          <testcase name="[It] [sig-storage] In-tree Volumes [Driver: local] [LocalVolumeType: block] [Testpattern: Pre-provisioned PV (filesystem volmode)] disruptive [Disruptive] [LinuxOnly] Should test that pv used in a pod that is force deleted while the kubelet is down is usable by a new pod when kubelet returns [Feature:SELinux]" classname="Kubernetes e2e suite" status="skipped" time="0">
              <skipped message="skipped"></skipped>
          </testcase>
          <testcase name="[It] [sig-storage] In-tree Volumes [Driver: emptydir] [Testpattern: Pre-provisioned PV (default fs)] subPath should support restarting containers using directory as subpath [Slow]" classname="Kubernetes e2e suite" status="skipped" time="0">
              <skipped message="skipped"></skipped>
          </testcase>
          <testcase name="[It] [sig-api-machinery] ResourceQuota should apply changes to a resourcequota status [Conformance]" classname="Kubernetes e2e suite" status="passed" time="5.095659528"></testcase>
          <testcase name="[It] [sig-storage] In-tree Volumes [Driver: local] [LocalVolumeType: dir-link-bindmounted] [Testpattern: Dynamic PV (ntfs)] [Feature:Windows] subPath should support restarting containers using file as subpath [Slow] [LinuxOnly]" classname="Kubernetes e2e suite" status="skipped" time="0">
              <skipped message="skipped"></skipped>
          </testcase>
          <testcase name="[It] [sig-node] Sysctls [LinuxOnly] [NodeConformance] should support sysctls [MinimumKubeletVersion:1.21] [Environment:NotInUserNS] [Conformance]" classname="Kubernetes e2e suite" status="passed" time="4.096110893"></testcase>
          <testcase name="[It] [sig-storage] In-tree Volumes [Driver: hostPathSymlink] [Testpattern: Generic Ephemeral-volume (block volmode) (late-binding)] ephemeral should support multiple inline ephemeral volumes" classname="Kubernetes e2e suite" status="skipped" time="0">
              <skipped message="skipped"></skipped>
          </testcase>
          <testcase name="[It] [sig-storage] In-tree Volumes [Driver: azure-disk] [Testpattern: Dynamic PV (block volmode)] provisioning should provision storage with pvc data source" classname="Kubernetes e2e suite" status="skipped" time="0">
              <skipped message="skipped"></skipped>
          </testcase>
          <testcase name="[It] [sig-storage] In-tree Volumes [Driver: local] [LocalVolumeType: dir-link] [Testpattern: Pre-provisioned PV (default fs)] subPath should unmount if pod is gracefully deleted while kubelet is down [Disruptive] [Slow] [LinuxOnly]" classname="Kubernetes e2e suite" status="skipped" time="0">
              <skipped message="skipped"></skipped>
          </testcase>
          <testcase name="[It] [sig-storage] In-tree Volumes [Driver: local] [LocalVolumeType: dir-bindmounted] [Testpattern: Dynamic PV (block volmode)] multiVolume [Slow] should concurrently access the volume and restored snapshot from pods on the same node [LinuxOnly] [Feature:VolumeSnapshotDataSource] [Feature:VolumeSourceXFS]" classname="Kubernetes e2e suite" status="skipped" time="0">
              <skipped message="skipped"></skipped>
          </testcase>
          <testcase name="[It] [sig-storage] In-tree Volumes [Driver: azure-file] [Testpattern: Pre-provisioned PV (ntfs)] [Feature:Windows] volumes should store data" classname="Kubernetes e2e suite" status="skipped" time="0">
              <skipped message="skipped"></skipped>
          </testcase>
          <testcase name="[It] [sig-storage] In-tree Volumes [Driver: azure-file] [Testpattern: Dynamic PV (default fs)] subPath should unmount if pod is gracefully deleted while kubelet is down [Disruptive] [Slow] [LinuxOnly]" classname="Kubernetes e2e suite" status="skipped" time="0">
              <skipped message="skipped"></skipped>
          </testcase>
          <testcase name="[It] [sig-cli] Kubectl client Kubectl replace should update a single-container pod&#39;s image [Conformance]" classname="Kubernetes e2e suite" status="passed" time="7.463849511"></testcase>
          <testcase name="[It] [sig-storage] In-tree Volumes [Driver: iscsi] [Feature:Volumes] [Testpattern: Pre-provisioned PV (ext3)] volumes should allow exec of files on the volume" classname="Kubernetes e2e suite" status="skipped" time="0">
              <skipped message="skipped"></skipped>
          </testcase>
          <testcase name="[It] [sig-storage] Zone Support [Feature:vsphere] Verify dynamically created pv with multiple zones specified in the storage class, shows both the zones on its labels" classname="Kubernetes e2e suite" status="skipped" time="0">
              <skipped message="skipped"></skipped>
          </testcase>
          <testcase name="[It] [sig-autoscaling] [Feature:HPA] [Serial] [Slow] Horizontal pod autoscaling (non-default behavior) with both scale up and down controls configured should keep recommendation within the range with stabilization window and pod limit rate" classname="Kubernetes e2e suite" status="skipped" time="0">
              <skipped message="skipped"></skipped>
          </testcase>
          <testcase name="[It] [sig-storage] In-tree Volumes [Driver: local] [LocalVolumeType: dir-link] [Testpattern: Pre-provisioned PV (filesystem volmode)] multiVolume [Slow] should access to two volumes with the same volume mode and retain data across pod recreation on the same node" classname="Kubernetes e2e suite" status="skipped" time="0">
              <skipped message="skipped"></skipped>
          </testcase>
          <testcase name="[It] [sig-storage] In-tree Volumes [Driver: local] [LocalVolumeType: dir-link-bindmounted] [Testpattern: Pre-provisioned PV (block volmode)] disruptive [Disruptive] [LinuxOnly] Should test that pv used in a pod that is deleted while the kubelet is down cleans up when the kubelet returns." classname="Kubernetes e2e suite" status="skipped" time="0">
              <skipped message="skipped"></skipped>
          </testcase>
          <testcase name="[It] [sig-storage] In-tree Volumes [Driver: local] [LocalVolumeType: blockfs] [Testpattern: Dynamic PV (default fs)] volumeIO should write files of various sizes, verify size, validate content [Slow]" classname="Kubernetes e2e suite" status="skipped" time="0">
              <skipped message="skipped"></skipped>
          </testcase>
          <testcase name="[It] [sig-storage] In-tree Volumes [Driver: rbd] [Feature:Volumes] [Serial] [Testpattern: Pre-provisioned PV (ntfs)] [Feature:Windows] volumes should allow exec of files on the volume" classname="Kubernetes e2e suite" status="skipped" time="0">
              <skipped message="skipped"></skipped>
          </testcase>
          <testcase name="[It] [sig-storage] In-tree Volumes [Driver: nfs] [Testpattern: Dynamic PV (filesystem volmode)] volumeMode should not mount / map unused volumes in a pod [LinuxOnly]" classname="Kubernetes e2e suite" status="skipped" time="0">
              <skipped message="skipped"></skipped>
          </testcase>
          <testcase name="[It] [sig-node] NoExecuteTaintManager Single Pod [Serial] removing taint cancels eviction [Disruptive] [Conformance]" classname="Kubernetes e2e suite" status="passed" time="135.346272746"></testcase>
          <testcase name="[It] [sig-storage] In-tree Volumes [Driver: local] [LocalVolumeType: block] [Testpattern: Generic Ephemeral-volume (default fs)] volumeLimits should verify that all csinodes have volume limits" classname="Kubernetes e2e suite" status="skipped" time="0">
              <skipped message="skipped"></skipped>
          </testcase>
          <testcase name="[It] [sig-storage] In-tree Volumes [Driver: azure-disk] [Testpattern: Inline-volume (ntfs)] [Feature:Windows] volumes should store data" classname="Kubernetes e2e suite" status="skipped" time="0">
              <skipped message="skipped"></skipped>
          </testcase>
          <testcase name="[It] [sig-cli] Kubectl client Simple pod should return command exit codes should handle in-cluster config" classname="Kubernetes e2e suite" status="skipped" time="0">
              <skipped message="skipped"></skipped>
          </testcase>
          <testcase name="[It] [sig-storage] In-tree Volumes [Driver: hostPath] [Testpattern: Dynamic PV (delayed binding)] topology should fail to schedule a pod which has topologies that conflict with AllowedTopologies" classname="Kubernetes e2e suite" status="skipped" time="0">
              <skipped message="skipped"></skipped>
          </testcase>
          <testcase name="[It] [sig-storage] In-tree Volumes [Driver: local] [LocalVolumeType: gce-localssd-scsi-fs] [Serial] [Testpattern: Dynamic PV (ntfs)] [Feature:Windows] provisioning should provision correct filesystem size when restoring snapshot to larger size pvc [Feature:VolumeSnapshotDataSource]" classname="Kubernetes e2e suite" status="skipped" time="0">
              <skipped message="skipped"></skipped>
          </testcase>
          <testcase name="[It] [sig-instrumentation] Stackdriver Monitoring should run Custom Metrics - Stackdriver Adapter for new resource model [Feature:StackdriverCustomMetrics]" classname="Kubernetes e2e suite" status="skipped" time="0">
              <skipped message="skipped"></skipped>
          </testcase>
          <testcase name="[It] [sig-storage] HostPathType Directory [Slow] Should be able to mount directory &#39;adir&#39; successfully when HostPathType is HostPathUnset" classname="Kubernetes e2e suite" status="skipped" time="0">
              <skipped message="skipped"></skipped>
          </testcase>
          <testcase name="[It] [sig-storage] In-tree Volumes [Driver: local] [LocalVolumeType: dir] [Testpattern: Dynamic PV (default fs)] provisioning should provision storage with pvc data source" classname="Kubernetes e2e suite" status="skipped" time="0">
              <skipped message="skipped"></skipped>
          </testcase>
          <testcase name="[It] [sig-apps] Deployment should run the lifecycle of a Deployment [Conformance]" classname="Kubernetes e2e suite" status="passed" time="6.07376077"></testcase>
          <testcase name="[It] [sig-storage] In-tree Volumes [Driver: ceph] [Feature:Volumes] [Serial] [Testpattern: Dynamic PV (ntfs)] [Feature:Windows] provisioning should provision storage with snapshot data source (ROX mode) [Feature:VolumeSnapshotDataSource]" classname="Kubernetes e2e suite" status="skipped" time="0">
              <skipped message="skipped"></skipped>
          </testcase>
          <testcase name="[It] [sig-node] Pod InPlace Resize Container [Feature:InPlacePodVerticalScaling] Burstable QoS pod, three containers - increase c1 resources, no change for c2, decrease c3 resources (no net change for pod)" classname="Kubernetes e2e suite" status="skipped" time="0">
              <skipped message="skipped"></skipped>
          </testcase>
          <testcase name="[It] [sig-cli] Kubectl client Kubectl diff should check if kubectl diff finds a difference for Deployments [Conformance]" classname="Kubernetes e2e suite" status="passed" time="0.401667738"></testcase>
          <testcase name="[It] [sig-storage] In-tree Volumes [Driver: local] [LocalVolumeType: dir] [Testpattern: Pre-provisioned PV (default fs)] subPath should fail if subpath directory is outside the volume [Slow] [LinuxOnly]" classname="Kubernetes e2e suite" status="skipped" time="0">
              <skipped message="skipped"></skipped>
          </testcase>
          <testcase name="[It] [sig-storage] In-tree Volumes [Driver: local] [LocalVolumeType: block] [Testpattern: Dynamic PV (xfs)] [Slow] multiVolume [Slow] should concurrently access the volume and its clone from pods on the same node [LinuxOnly] [Feature:VolumeSourceXFS]" classname="Kubernetes e2e suite" status="skipped" time="0">
              <skipped message="skipped"></skipped>
          </testcase>
          <testcase name="[It] [sig-storage] In-tree Volumes [Driver: emptydir] [Testpattern: Dynamic PV (delayed binding)] topology should fail to schedule a pod which has topologies that conflict with AllowedTopologies" classname="Kubernetes e2e suite" status="skipped" time="0">
              <skipped message="skipped"></skipped>
          </testcase>
          <testcase name="[It] [sig-storage] In-tree Volumes [Driver: rbd] [Feature:Volumes] [Serial] [Testpattern: Inline-volume (ext4)] volumes should store data" classname="Kubernetes e2e suite" status="skipped" time="0">
              <skipped message="skipped"></skipped>
          </testcase>
          <testcase name="[It] [sig-storage] In-tree Volumes [Driver: local] [LocalVolumeType: dir-link] [Testpattern: Dynamic PV (xfs)] [Slow] volumes should store data" classname="Kubernetes e2e suite" status="skipped" time="0">
              <skipped message="skipped"></skipped>
          </testcase>
          <testcase name="[It] [sig-storage] In-tree Volumes [Driver: hostPath] [Testpattern: Pre-provisioned PV (filesystem volmode)] multiVolume [Slow] should concurrently access the single volume from pods on different node" classname="Kubernetes e2e suite" status="skipped" time="0">
              <skipped message="skipped"></skipped>
          </testcase>
          <testcase name="[It] [sig-storage] In-tree Volumes [Driver: azure-file] [Testpattern: Dynamic PV (filesystem volmode)] multiVolume [Slow] should concurrently access the volume and restored snapshot from pods on the same node [LinuxOnly] [Feature:VolumeSnapshotDataSource] [Feature:VolumeSourceXFS]" classname="Kubernetes e2e suite" status="skipped" time="0">
              <skipped message="skipped"></skipped>
          </testcase>
          <testcase name="[It] [sig-auth] ServiceAccounts no secret-based service account token should be auto-generated" classname="Kubernetes e2e suite" status="skipped" time="0">
              <skipped message="skipped"></skipped>
          </testcase>
          <testcase name="[It] [sig-storage] In-tree Volumes [Driver: local] [LocalVolumeType: dir-bindmounted] [Testpattern: Generic Ephemeral-volume (default fs) (immediate-binding)] ephemeral should create read-only inline ephemeral volume" classname="Kubernetes e2e suite" status="skipped" time="0">
              <skipped message="skipped"></skipped>
          </testcase>
          <testcase name="[It] [sig-storage] In-tree Volumes [Driver: local] [LocalVolumeType: block] [Testpattern: Dynamic PV (ntfs)] [Feature:Windows] multiVolume [Slow] should concurrently access the volume and its clone from pods on the same node [LinuxOnly] [Feature:VolumeSourceXFS]" classname="Kubernetes e2e suite" status="skipped" time="0">
              <skipped message="skipped"></skipped>
          </testcase>
          <testcase name="[It] [sig-storage] CSI Volumes [Driver: csi-hostpath] [Testpattern: Dynamic PV (default fs)] provisioning should mount multiple PV pointing to the same storage on the same node" classname="Kubernetes e2e suite" status="skipped" time="0">
              <skipped message="skipped"></skipped>
          </testcase>
          <testcase name="[It] [sig-storage] In-tree Volumes [Driver: rbd] [Feature:Volumes] [Serial] [Testpattern: Dynamic PV (default fs)] subPath should verify container cannot write to subpath readonly volumes [Slow]" classname="Kubernetes e2e suite" status="skipped" time="0">
              <skipped message="skipped"></skipped>
          </testcase>
          <testcase name="[It] [sig-storage] In-tree Volumes [Driver: iscsi] [Feature:Volumes] [Testpattern: Inline-volume (default fs)] subPath should support restarting containers using directory as subpath [Slow]" classname="Kubernetes e2e suite" status="skipped" time="0">
              <skipped message="skipped"></skipped>
          </testcase>
          <testcase name="[It] [sig-storage] In-tree Volumes [Driver: azure-file] [Testpattern: Inline-volume (ext4)] volumes should store data" classname="Kubernetes e2e suite" status="skipped" time="0">
              <skipped message="skipped"></skipped>
          </testcase>
          <testcase name="[It] [sig-storage] In-tree Volumes [Driver: cinder] [Testpattern: Dynamic PV (ntfs)] [Feature:Windows] volumes should allow exec of files on the volume" classname="Kubernetes e2e suite" status="skipped" time="0">
              <skipped message="skipped"></skipped>
          </testcase>
          <testcase name="[It] [sig-storage] In-tree Volumes [Driver: iscsi] [Feature:Volumes] [Testpattern: Dynamic PV (block volmode)] multiVolume [Slow] should concurrently access the single volume from pods on different node" classname="Kubernetes e2e suite" status="skipped" time="0">
              <skipped message="skipped"></skipped>
          </testcase>
          <testcase name="[It] [sig-storage] In-tree Volumes [Driver: ceph] [Feature:Volumes] [Serial] [Testpattern: Dynamic PV (block volmode)] disruptive [Disruptive] [LinuxOnly] Should test that pv used in a pod that is deleted while the kubelet is down cleans up when the kubelet returns." classname="Kubernetes e2e suite" status="skipped" time="0">
              <skipped message="skipped"></skipped>
          </testcase>
          <testcase name="[It] [sig-storage] In-tree Volumes [Driver: local] [LocalVolumeType: blockfs] [Testpattern: Dynamic PV (default fs)] volume-expand should not allow expansion of pvcs without AllowVolumeExpansion property" classname="Kubernetes e2e suite" status="skipped" time="0">
              <skipped message="skipped"></skipped>
          </testcase>
          <testcase name="[It] [sig-storage] In-tree Volumes [Driver: azure-file] [Testpattern: Dynamic PV (ntfs)] [Feature:Windows] subPath should fail if subpath file is outside the volume [Slow] [LinuxOnly]" classname="Kubernetes e2e suite" status="skipped" time="0">
              <skipped message="skipped"></skipped>
          </testcase>
          <testcase name="[It] [sig-storage] In-tree Volumes [Driver: aws] [Testpattern: Generic Ephemeral-volume (default fs) (late-binding)] ephemeral should support expansion of pvcs created for ephemeral pvcs" classname="Kubernetes e2e suite" status="skipped" time="0">
              <skipped message="skipped"></skipped>
          </testcase>
          <testcase name="[It] [sig-storage] In-tree Volumes [Driver: local] [LocalVolumeType: dir-link-bindmounted] [Testpattern: Dynamic PV (xfs)] [Slow] multiVolume [Slow] should access to two volumes with different volume mode and retain data across pod recreation on different node" classname="Kubernetes e2e suite" status="skipped" time="0">
              <skipped message="skipped"></skipped>
          </testcase>
          <testcase name="[It] [sig-storage] Subpath Container restart should verify that container can restart successfully after configmaps modified" classname="Kubernetes e2e suite" status="skipped" time="0">
              <skipped message="skipped"></skipped>
          </testcase>
          <testcase name="[It] [sig-storage] In-tree Volumes [Driver: local] [LocalVolumeType: dir-bindmounted] [Testpattern: Dynamic PV (ext4)] multiVolume [Slow] should concurrently access the volume and restored snapshot from pods on the same node [LinuxOnly] [Feature:VolumeSnapshotDataSource] [Feature:VolumeSourceXFS]" classname="Kubernetes e2e suite" status="skipped" time="0">
              <skipped message="skipped"></skipped>
          </testcase>
          <testcase name="[It] [sig-node] RuntimeClass should schedule a Pod requesting a RuntimeClass without PodOverhead [NodeConformance] [Conformance]" classname="Kubernetes e2e suite" status="passed" time="2.065084148"></testcase>
          <testcase name="[It] [sig-api-machinery] Garbage collector should delete pods created by rc when not orphaning [Conformance]" classname="Kubernetes e2e suite" status="passed" time="10.082918198"></testcase>
          <testcase name="[It] [sig-storage] CSI Volumes [Driver: pd.csi.storage.gke.io] [Serial] [Testpattern: Dynamic PV (ntfs)] [Feature:Windows] provisioning should provision storage with snapshot data source (ROX mode) [Feature:VolumeSnapshotDataSource]" classname="Kubernetes e2e suite" status="skipped" time="0">
              <skipped message="skipped"></skipped>
          </testcase>
          <testcase name="[It] [sig-storage] In-tree Volumes [Driver: aws] [Testpattern: Dynamic PV (ext4)] multiVolume [Slow] should concurrently access the single volume from pods on the same node" classname="Kubernetes e2e suite" status="skipped" time="0">
              <skipped message="skipped"></skipped>
          </testcase>
          <testcase name="[It] [sig-storage] In-tree Volumes [Driver: local] [LocalVolumeType: blockfs] [Testpattern: Dynamic PV (ext4)] multiVolume [Slow] should concurrently access the single volume from pods on different node" classname="Kubernetes e2e suite" status="skipped" time="0">
              <skipped message="skipped"></skipped>
          </testcase>
          <testcase name="[It] [sig-autoscaling] Cluster size autoscaling [Slow] should add node to the particular mig [Feature:ClusterSizeAutoscalingScaleUp]" classname="Kubernetes e2e suite" status="skipped" time="0">
              <skipped message="skipped"></skipped>
          </testcase>
          <testcase name="[It] [sig-storage] Projected configMap should be consumable from pods in volume with defaultMode set [LinuxOnly] [NodeConformance] [Conformance]" classname="Kubernetes e2e suite" status="passed" time="4.104999451"></testcase>
          <testcase name="[It] [sig-storage] In-tree Volumes [Driver: hostPath] [Testpattern: Pre-provisioned PV (default fs)] volumes should store data" classname="Kubernetes e2e suite" status="skipped" time="0">
              <skipped message="skipped"></skipped>
          </testcase>
          <testcase name="[It] [sig-storage] In-tree Volumes [Driver: local] [LocalVolumeType: gce-localssd-scsi-fs] [Serial] [Testpattern: Pre-provisioned PV (default fs)] volumes should allow exec of files on the volume" classname="Kubernetes e2e suite" status="skipped" time="0">
              <skipped message="skipped"></skipped>
          </testcase>
          <testcase name="[It] [sig-storage] HostPathType Character Device [Slow] Should be able to mount character device &#39;achardev&#39; successfully when HostPathType is HostPathUnset" classname="Kubernetes e2e suite" status="skipped" time="0">
              <skipped message="skipped"></skipped>
          </testcase>
          <testcase name="[It] [sig-storage] In-tree Volumes [Driver: local] [LocalVolumeType: dir-link-bindmounted] [Testpattern: Dynamic PV (ntfs)] [Feature:Windows] multiVolume [Slow] should access to two volumes with different volume mode and retain data across pod recreation on the same node" classname="Kubernetes e2e suite" status="skipped" time="0">
              <skipped message="skipped"></skipped>
          </testcase>
          <testcase name="[It] [sig-network] DNS configMap nameserver Change stubDomain should be able to change stubDomain configuration [Slow] [Serial]" classname="Kubernetes e2e suite" status="skipped" time="0">
              <skipped message="skipped"></skipped>
          </testcase>
          <testcase name="[It] [sig-network] Services should have session affinity work for service with type clusterIP [LinuxOnly] [Conformance]" classname="Kubernetes e2e suite" status="passed" time="10.301064711"></testcase>
          <testcase name="[It] [sig-storage] In-tree Volumes [Driver: nfs] [Testpattern: Pre-provisioned PV (filesystem volmode)] multiVolume [Slow] should access to two volumes with different volume mode and retain data across pod recreation on different node" classname="Kubernetes e2e suite" status="skipped" time="0">
              <skipped message="skipped"></skipped>
          </testcase>
          <testcase name="[It] [sig-storage] In-tree Volumes [Driver: local] [LocalVolumeType: dir] [Testpattern: Dynamic PV (default fs)] subPath should support non-existent path" classname="Kubernetes e2e suite" status="skipped" time="0">
              <skipped message="skipped"></skipped>
          </testcase>
          <testcase name="[It] [sig-storage] CSI Volumes [Driver: csi-hostpath] [Testpattern: Pre-provisioned PV (block volmode)] disruptive [Disruptive] [LinuxOnly] Should test that pv written before kubelet restart is readable after restart." classname="Kubernetes e2e suite" status="skipped" time="0">
              <skipped message="skipped"></skipped>
          </testcase>
          <testcase name="[It] [sig-windows] [Feature:Windows] GMSA Full [Serial] [Slow] GMSA support can read and write file to remote SMB folder" classname="Kubernetes e2e suite" status="skipped" time="0">
              <skipped message="skipped"></skipped>
          </testcase>
          <testcase name="[It] [sig-storage] EmptyDir volumes pod should support memory backed volumes of specified size" classname="Kubernetes e2e suite" status="skipped" time="0">
              <skipped message="skipped"></skipped>
          </testcase>
          <testcase name="[It] [sig-storage] StaticPods [Feature:Kind] should run after kubelet stopped with CSI volume mounted [Disruptive] [Serial]" classname="Kubernetes e2e suite" status="skipped" time="0">
              <skipped message="skipped"></skipped>
          </testcase>
          <testcase name="[It] [sig-network] [Feature:IPv6DualStack] Granular Checks: Services Secondary IP Family [LinuxOnly] should function for node-Service: udp" classname="Kubernetes e2e suite" status="skipped" time="0">
              <skipped message="skipped"></skipped>
          </testcase>
          <testcase name="[It] [sig-storage] In-tree Volumes [Driver: rbd] [Feature:Volumes] [Serial] [Testpattern: Inline-volume (default fs)] subPath should support readOnly directory specified in the volumeMount" classname="Kubernetes e2e suite" status="skipped" time="0">
              <skipped message="skipped"></skipped>
          </testcase>
          <testcase name="[It] [sig-storage] In-tree Volumes [Driver: local] [LocalVolumeType: dir-link-bindmounted] [Testpattern: Inline-volume (ntfs)] [Feature:Windows] volumes should allow exec of files on the volume" classname="Kubernetes e2e suite" status="skipped" time="0">
              <skipped message="skipped"></skipped>
          </testcase>
          <testcase name="[It] [sig-storage] EmptyDir volumes should support (root,0666,default) [LinuxOnly] [NodeConformance] [Conformance]" classname="Kubernetes e2e suite" status="passed" time="4.092331949"></testcase>
          <testcase name="[It] [sig-network] Services should provide secure master service [Conformance]" classname="Kubernetes e2e suite" status="passed" time="0.032937672"></testcase>
          <testcase name="[It] [sig-node] DRA [Feature:DynamicResourceAllocation] cluster with delayed allocation and not setting ReservedFor supports inline claim referenced by multiple containers" classname="Kubernetes e2e suite" status="skipped" time="0">
              <skipped message="skipped"></skipped>
          </testcase>
          <testcase name="[It] [sig-storage] In-tree Volumes [Driver: ceph] [Feature:Volumes] [Serial] [Testpattern: Dynamic PV (filesystem volmode)] disruptive [Disruptive] [LinuxOnly] Should test that pv written before kubelet restart is readable after restart." classname="Kubernetes e2e suite" status="skipped" time="0">
              <skipped message="skipped"></skipped>
          </testcase>
          <testcase name="[It] [sig-storage] In-tree Volumes [Driver: vsphere] [Testpattern: Dynamic PV (ntfs)] [Feature:Windows] multiVolume [Slow] should access to two volumes with the same volume mode and retain data across pod recreation on the same node" classname="Kubernetes e2e suite" status="skipped" time="0">
              <skipped message="skipped"></skipped>
          </testcase>
          <testcase name="[It] [sig-storage] In-tree Volumes [Driver: emptydir] [Testpattern: Pre-provisioned PV (filesystem volmode)] multiVolume [Slow] should concurrently access the volume and its clone from pods on the same node [LinuxOnly] [Feature:VolumeSourceXFS]" classname="Kubernetes e2e suite" status="skipped" time="0">
              <skipped message="skipped"></skipped>
          </testcase>
          <testcase name="[It] [sig-storage] In-tree Volumes [Driver: nfs] [Testpattern: Dynamic PV (xfs)] [Slow] multiVolume [Slow] should access to two volumes with the same volume mode and retain data across pod recreation on different node" classname="Kubernetes e2e suite" status="skipped" time="0">
              <skipped message="skipped"></skipped>
          </testcase>
          <testcase name="[It] [sig-storage] In-tree Volumes [Driver: nfs] [Testpattern: Generic Ephemeral-volume (default fs) (late-binding)] ephemeral should support two pods which have the same volume definition" classname="Kubernetes e2e suite" status="skipped" time="0">
              <skipped message="skipped"></skipped>
          </testcase>
          <testcase name="[It] [sig-storage] In-tree Volumes [Driver: local] [LocalVolumeType: blockfs] [Testpattern: Dynamic PV (block volmode)] multiVolume [Slow] should concurrently access the single read-only volume from pods on the same node" classname="Kubernetes e2e suite" status="skipped" time="0">
              <skipped message="skipped"></skipped>
          </testcase>
          <testcase name="[It] [sig-storage] In-tree Volumes [Driver: aws] [Testpattern: Generic Ephemeral-volume (default fs) (late-binding)] ephemeral should create read-only inline ephemeral volume" classname="Kubernetes e2e suite" status="skipped" time="0">
              <skipped message="skipped"></skipped>
          </testcase>
          <testcase name="[It] [sig-storage] In-tree Volumes [Driver: ceph] [Feature:Volumes] [Serial] [Testpattern: Pre-provisioned PV (default fs)] subPath should support restarting containers using directory as subpath [Slow]" classname="Kubernetes e2e suite" status="skipped" time="0">
              <skipped message="skipped"></skipped>
          </testcase>
          <testcase name="[It] [sig-storage] In-tree Volumes [Driver: local] [LocalVolumeType: blockfs] [Testpattern: Pre-provisioned PV (default fs)] subPath should support restarting containers using directory as subpath [Slow]" classname="Kubernetes e2e suite" status="skipped" time="0">
              <skipped message="skipped"></skipped>
          </testcase>
          <testcase name="[It] [sig-storage] In-tree Volumes [Driver: nfs] [Testpattern: Pre-provisioned PV (default fs)] subPath should support readOnly file specified in the volumeMount [LinuxOnly]" classname="Kubernetes e2e suite" status="skipped" time="0">
              <skipped message="skipped"></skipped>
          </testcase>
          <testcase name="[It] [sig-storage] In-tree Volumes [Driver: aws] [Testpattern: Dynamic PV (block volmode)(allowExpansion)] volume-expand Verify if offline PVC expansion works" classname="Kubernetes e2e suite" status="skipped" time="0">
              <skipped message="skipped"></skipped>
          </testcase>
          <testcase name="[It] [sig-node] Probing container should be restarted with a failing exec liveness probe that took longer than the timeout" classname="Kubernetes e2e suite" status="skipped" time="0">
              <skipped message="skipped"></skipped>
          </testcase>
          <testcase name="[It] [sig-storage] In-tree Volumes [Driver: azure-file] [Testpattern: Dynamic PV (ext3)] volumes should allow exec of files on the volume" classname="Kubernetes e2e suite" status="skipped" time="0">
              <skipped message="skipped"></skipped>
          </testcase>
          <testcase name="[It] [sig-storage] CSI Mock volume snapshot CSI Snapshot Controller metrics [Feature:VolumeSnapshotDataSource] snapshot controller should emit dynamic CreateSnapshot, CreateSnapshotAndReady, and DeleteSnapshot metrics" classname="Kubernetes e2e suite" status="skipped" time="0">
              <skipped message="skipped"></skipped>
          </testcase>
          <testcase name="[It] [sig-autoscaling] [HPA] [Feature:CustomMetricsAutoscaling] Horizontal pod autoscaling (scale resource: Custom Metrics from Stackdriver) with multiple metrics of different types should scale up when one metric is missing (Resource and Object metrics)" classname="Kubernetes e2e suite" status="skipped" time="0">
              <skipped message="skipped"></skipped>
          </testcase>
          <testcase name="[It] [sig-storage] In-tree Volumes [Driver: hostPathSymlink] [Testpattern: Pre-provisioned PV (filesystem volmode)] multiVolume [Slow] should concurrently access the volume and its clone from pods on the same node [LinuxOnly] [Feature:VolumeSourceXFS]" classname="Kubernetes e2e suite" status="skipped" time="0">
              <skipped message="skipped"></skipped>
          </testcase>
          <testcase name="[It] [sig-storage] In-tree Volumes [Driver: cinder] [Testpattern: Pre-provisioned PV (block volmode)] multiVolume [Slow] should concurrently access the single read-only volume from pods on the same node" classname="Kubernetes e2e suite" status="skipped" time="0">
              <skipped message="skipped"></skipped>
          </testcase>
          <testcase name="[It] [sig-storage] In-tree Volumes [Driver: local] [LocalVolumeType: dir-link] [Testpattern: Dynamic PV (ext4)] multiVolume [Slow] should concurrently access the single volume from pods on different node" classname="Kubernetes e2e suite" status="skipped" time="0">
              <skipped message="skipped"></skipped>
          </testcase>
          <testcase name="[It] [sig-storage] In-tree Volumes [Driver: ceph] [Feature:Volumes] [Serial] [Testpattern: Dynamic PV (filesystem volmode)] multiVolume [Slow] should concurrently access the single volume from pods on different node" classname="Kubernetes e2e suite" status="skipped" time="0">
              <skipped message="skipped"></skipped>
          </testcase>
          <testcase name="[It] [sig-storage] CSI Volumes [Driver: csi-hostpath] [Testpattern: Inline-volume (default fs)] subPath should support restarting containers using file as subpath [Slow] [LinuxOnly]" classname="Kubernetes e2e suite" status="skipped" time="0">
              <skipped message="skipped"></skipped>
          </testcase>
          <testcase name="[It] [sig-storage] In-tree Volumes [Driver: local] [LocalVolumeType: dir] [Testpattern: Inline-volume (default fs)] subPath should support restarting containers using file as subpath [Slow] [LinuxOnly]" classname="Kubernetes e2e suite" status="skipped" time="0">
              <skipped message="skipped"></skipped>
          </testcase>
          <testcase name="[It] [sig-storage] In-tree Volumes [Driver: iscsi] [Feature:Volumes] [Testpattern: Inline-volume (xfs)] [Slow] volumes should store data" classname="Kubernetes e2e suite" status="skipped" time="0">
              <skipped message="skipped"></skipped>
          </testcase>
          <testcase name="[It] [sig-storage] PersistentVolumes-local [Volume type: blockfswithformat] One pod requesting one prebound PVC should be able to mount volume and read from pod1" classname="Kubernetes e2e suite" status="skipped" time="0">
              <skipped message="skipped"></skipped>
          </testcase>
          <testcase name="[It] [sig-storage] In-tree Volumes [Driver: cinder] [Testpattern: Inline-volume (default fs)] subPath should support existing single file [LinuxOnly]" classname="Kubernetes e2e suite" status="skipped" time="0">
              <skipped message="skipped"></skipped>
          </testcase>
          <testcase name="[It] [sig-storage] In-tree Volumes [Driver: local] [LocalVolumeType: dir-link-bindmounted] [Testpattern: Dynamic PV (delayed binding)] topology should fail to schedule a pod which has topologies that conflict with AllowedTopologies" classname="Kubernetes e2e suite" status="skipped" time="0">
              <skipped message="skipped"></skipped>
          </testcase>
          <testcase name="[It] [sig-storage] CSI Volumes [Driver: csi-hostpath] [Testpattern: Inline-volume (default fs)] subPath should unmount if pod is gracefully deleted while kubelet is down [Disruptive] [Slow] [LinuxOnly]" classname="Kubernetes e2e suite" status="skipped" time="0">
              <skipped message="skipped"></skipped>
          </testcase>
          <testcase name="[It] [sig-storage] In-tree Volumes [Driver: nfs] [Testpattern: Pre-provisioned PV (xfs)] [Slow] volumes should allow exec of files on the volume" classname="Kubernetes e2e suite" status="skipped" time="0">
              <skipped message="skipped"></skipped>
          </testcase>
          <testcase name="[It] [sig-storage] In-tree Volumes [Driver: hostPath] [Testpattern: Dynamic PV (ntfs)] [Feature:Windows] provisioning should provision storage with snapshot data source (ROX mode) [Feature:VolumeSnapshotDataSource]" classname="Kubernetes e2e suite" status="skipped" time="0">
              <skipped message="skipped"></skipped>
          </testcase>
          <testcase name="[It] [sig-storage] In-tree Volumes [Driver: local] [LocalVolumeType: block] [Testpattern: Dynamic PV (ntfs)] [Feature:Windows] multiVolume [Slow] should concurrently access the single volume from pods on different node" classname="Kubernetes e2e suite" status="skipped" time="0">
              <skipped message="skipped"></skipped>
          </testcase>
          <testcase name="[It] [sig-storage] In-tree Volumes [Driver: cinder] [Testpattern: Dynamic PV (ntfs)] [Feature:Windows] subPath should support restarting containers using directory as subpath [Slow]" classname="Kubernetes e2e suite" status="skipped" time="0">
              <skipped message="skipped"></skipped>
          </testcase>
          <testcase name="[It] [sig-storage] In-tree Volumes [Driver: iscsi] [Feature:Volumes] [Testpattern: Dynamic PV (ntfs)] [Feature:Windows] multiVolume [Slow] should access to two volumes with different volume mode and retain data across pod recreation on the same node" classname="Kubernetes e2e suite" status="skipped" time="0">
              <skipped message="skipped"></skipped>
          </testcase>
          <testcase name="[It] [sig-node] Pod InPlace Resize Container [Feature:InPlacePodVerticalScaling] Burstable QoS pod, one container with cpu &amp; memory requests + limits - decrease CPU requests only" classname="Kubernetes e2e suite" status="skipped" time="0">
              <skipped message="skipped"></skipped>
          </testcase>
          <testcase name="[It] [sig-storage] In-tree Volumes [Driver: hostPathSymlink] [Testpattern: Dynamic PV (default fs)] capacity provides storage capacity information" classname="Kubernetes e2e suite" status="skipped" time="0">
              <skipped message="skipped"></skipped>
          </testcase>
          <testcase name="[It] [sig-storage] In-tree Volumes [Driver: hostPathSymlink] [Testpattern: Dynamic PV (default fs)] subPath should support restarting containers using file as subpath [Slow] [LinuxOnly]" classname="Kubernetes e2e suite" status="skipped" time="0">
              <skipped message="skipped"></skipped>
          </testcase>
          <testcase name="[It] [sig-storage] In-tree Volumes [Driver: nfs] [Testpattern: Pre-provisioned PV (ext4)] volumes should store data" classname="Kubernetes e2e suite" status="skipped" time="0">
              <skipped message="skipped"></skipped>
          </testcase>
          <testcase name="[It] [sig-storage] In-tree Volumes [Driver: local] [LocalVolumeType: blockfs] [Testpattern: Dynamic PV (default fs)] capacity provides storage capacity information" classname="Kubernetes e2e suite" status="skipped" time="0">
              <skipped message="skipped"></skipped>
          </testcase>
          <testcase name="[It] [sig-storage] In-tree Volumes [Driver: local] [LocalVolumeType: dir-link-bindmounted] [Testpattern: Pre-provisioned PV (ntfs)] [Feature:Windows] volumes should allow exec of files on the volume" classname="Kubernetes e2e suite" status="skipped" time="0">
              <skipped message="skipped"></skipped>
          </testcase>
          <testcase name="[It] [sig-storage] In-tree Volumes [Driver: hostPathSymlink] [Testpattern: Dynamic PV (delayed binding)] topology should provision a volume and schedule a pod with AllowedTopologies" classname="Kubernetes e2e suite" status="skipped" time="0">
              <skipped message="skipped"></skipped>
          </testcase>
          <testcase name="[It] [sig-storage] In-tree Volumes [Driver: local] [LocalVolumeType: block] [Testpattern: Dynamic PV (block volmode)] multiVolume [Slow] should concurrently access the single volume from pods on the same node" classname="Kubernetes e2e suite" status="skipped" time="0">
              <skipped message="skipped"></skipped>
          </testcase>
          <testcase name="[It] [sig-storage] In-tree Volumes [Driver: azure-file] [Testpattern: Dynamic PV (ntfs)] [Feature:Windows] volumeIO should write files of various sizes, verify size, validate content [Slow]" classname="Kubernetes e2e suite" status="skipped" time="0">
              <skipped message="skipped"></skipped>
          </testcase>
          <testcase name="[It] [sig-autoscaling] [Feature:HPA] Horizontal pod autoscaling (scale resource: CPU) [Serial] [Slow] ReplicaSet Should scale from 5 pods to 3 pods and then from 3 pods to 1 pod" classname="Kubernetes e2e suite" status="skipped" time="0">
              <skipped message="skipped"></skipped>
          </testcase>
          <testcase name="[It] [sig-storage] In-tree Volumes [Driver: emptydir] [Testpattern: Dynamic PV (filesystem volmode)] multiVolume [Slow] should concurrently access the single read-only volume from pods on the same node" classname="Kubernetes e2e suite" status="skipped" time="0">
              <skipped message="skipped"></skipped>
          </testcase>
          <testcase name="[It] [sig-storage] CSI Mock volume expansion CSI Volume expansion should not have staging_path missing in node expand volume pod if attach=on, nodeExpansion=on" classname="Kubernetes e2e suite" status="skipped" time="0">
              <skipped message="skipped"></skipped>
          </testcase>
          <testcase name="[It] [sig-storage] In-tree Volumes [Driver: ceph] [Feature:Volumes] [Serial] [Testpattern: Pre-provisioned PV (default fs)] subPath should support creating multiple subpath from same volumes [Slow]" classname="Kubernetes e2e suite" status="skipped" time="0">
              <skipped message="skipped"></skipped>
          </testcase>
          <testcase name="[It] [sig-storage] In-tree Volumes [Driver: hostPathSymlink] [Testpattern: Dynamic PV (default fs)] subPath should support readOnly directory specified in the volumeMount" classname="Kubernetes e2e suite" status="skipped" time="0">
              <skipped message="skipped"></skipped>
          </testcase>
          <testcase name="[It] [sig-storage] In-tree Volumes [Driver: local] [LocalVolumeType: dir] [Testpattern: Pre-provisioned PV (filesystem volmode)] disruptive [Disruptive] [LinuxOnly] Should test that pv written before kubelet restart is readable after restart." classname="Kubernetes e2e suite" status="skipped" time="0">
              <skipped message="skipped"></skipped>
          </testcase>
          <testcase name="[It] [sig-storage] In-tree Volumes [Driver: local] [LocalVolumeType: dir-bindmounted] [Testpattern: Pre-provisioned PV (block volmode)] disruptive [Disruptive] [LinuxOnly] Should test that pv written before kubelet restart is readable after restart." classname="Kubernetes e2e suite" status="skipped" time="0">
              <skipped message="skipped"></skipped>
          </testcase>
          <testcase name="[It] [sig-storage] In-tree Volumes [Driver: azure-disk] [Testpattern: Dynamic PV (immediate binding)] topology should provision a volume and schedule a pod with AllowedTopologies" classname="Kubernetes e2e suite" status="skipped" time="0">
              <skipped message="skipped"></skipped>
          </testcase>
          <testcase name="[It] [sig-storage] In-tree Volumes [Driver: local] [LocalVolumeType: dir-bindmounted] [Testpattern: Dynamic PV (block volmode)] multiVolume [Slow] should concurrently access the single volume from pods on the same node" classname="Kubernetes e2e suite" status="skipped" time="0">
              <skipped message="skipped"></skipped>
          </testcase>
          <testcase name="[It] [sig-autoscaling] [Feature:HPA] Horizontal pod autoscaling (scale resource: CPU) ReplicationController light [Slow] Should scale from 2 pods to 1 pod" classname="Kubernetes e2e suite" status="skipped" time="0">
              <skipped message="skipped"></skipped>
          </testcase>
          <testcase name="[It] [sig-storage] In-tree Volumes [Driver: cinder] [Testpattern: Dynamic PV (ext4)] multiVolume [Slow] should access to two volumes with the same volume mode and retain data across pod recreation on different node" classname="Kubernetes e2e suite" status="skipped" time="0">
              <skipped message="skipped"></skipped>
          </testcase>
          <testcase name="[It] [sig-storage] In-tree Volumes [Driver: vsphere] [Testpattern: Dynamic PV (block volmode)(allowExpansion)] volume-expand Verify if offline PVC expansion works" classname="Kubernetes e2e suite" status="skipped" time="0">
              <skipped message="skipped"></skipped>
          </testcase>
          <testcase name="[It] [sig-storage] In-tree Volumes [Driver: azure-disk] [Testpattern: Dynamic PV (xfs)] [Slow] volumes should store data" classname="Kubernetes e2e suite" status="skipped" time="0">
              <skipped message="skipped"></skipped>
          </testcase>
          <testcase name="[It] [sig-storage] In-tree Volumes [Driver: ceph] [Feature:Volumes] [Serial] [Testpattern: Inline-volume (default fs)] volumeIO should write files of various sizes, verify size, validate content [Slow]" classname="Kubernetes e2e suite" status="skipped" time="0">
              <skipped message="skipped"></skipped>
          </testcase>
          <testcase name="[It] [sig-storage] In-tree Volumes [Driver: local] [LocalVolumeType: blockfs] [Testpattern: Inline-volume (ntfs)] [Feature:Windows] volumes should allow exec of files on the volume" classname="Kubernetes e2e suite" status="skipped" time="0">
              <skipped message="skipped"></skipped>
          </testcase>
          <testcase name="[It] [sig-node] Pods should have their auto-restart back-off timer reset on image update [Slow] [NodeConformance]" classname="Kubernetes e2e suite" status="skipped" time="0">
              <skipped message="skipped"></skipped>
          </testcase>
          <testcase name="[It] [sig-storage] In-tree Volumes [Driver: emptydir] [Testpattern: Pre-provisioned PV (default fs)] subPath should support readOnly file specified in the volumeMount [LinuxOnly]" classname="Kubernetes e2e suite" status="skipped" time="0">
              <skipped message="skipped"></skipped>
          </testcase>
          <testcase name="[It] [sig-storage] In-tree Volumes [Driver: vsphere] [Testpattern: Dynamic PV (ntfs)] [Feature:Windows] subPath should support file as subpath [LinuxOnly]" classname="Kubernetes e2e suite" status="skipped" time="0">
              <skipped message="skipped"></skipped>
          </testcase>
          <testcase name="[It] [sig-storage] Projected configMap updates should be reflected in volume [NodeConformance] [Conformance]" classname="Kubernetes e2e suite" status="passed" time="64.504248415"></testcase>
          <testcase name="[It] [sig-storage] In-tree Volumes [Driver: local] [LocalVolumeType: gce-localssd-scsi-fs] [Serial] [Testpattern: Pre-provisioned PV (default fs)] subPath should fail if subpath file is outside the volume [Slow] [LinuxOnly]" classname="Kubernetes e2e suite" status="skipped" time="0">
              <skipped message="skipped"></skipped>
          </testcase>
          <testcase name="[It] [sig-storage] CSI Volumes [Driver: pd.csi.storage.gke.io] [Serial] [Testpattern: Dynamic PV (ntfs)] [Feature:Windows] provisioning should provision storage with pvc data source" classname="Kubernetes e2e suite" status="skipped" time="0">
              <skipped message="skipped"></skipped>
          </testcase>
          <testcase name="[It] [sig-storage] In-tree Volumes [Driver: local] [LocalVolumeType: dir-link] [Testpattern: Dynamic PV (filesystem volmode)] disruptive [Disruptive] [LinuxOnly] Should test that pv used in a pod that is force deleted while the kubelet is down is usable by a new pod when kubelet returns [Feature:SELinux]" classname="Kubernetes e2e suite" status="skipped" time="0">
              <skipped message="skipped"></skipped>
          </testcase>
          <testcase name="[It] [sig-storage] In-tree Volumes [Driver: aws] [Testpattern: Pre-provisioned PV (default fs)] subPath should support existing directory" classname="Kubernetes e2e suite" status="skipped" time="0">
              <skipped message="skipped"></skipped>
          </testcase>
          <testcase name="[It] [sig-storage] In-tree Volumes [Driver: local] [LocalVolumeType: block] [Testpattern: Pre-provisioned PV (block volmode)] disruptive [Disruptive] [LinuxOnly] Should test that pv used in a pod that is force deleted while the kubelet is down cleans up when the kubelet returns." classname="Kubernetes e2e suite" status="skipped" time="0">
              <skipped message="skipped"></skipped>
          </testcase>
          <testcase name="[It] [sig-storage] In-tree Volumes [Driver: hostPathSymlink] [Testpattern: Dynamic PV (filesystem volmode)] volumeMode should not mount / map unused volumes in a pod [LinuxOnly]" classname="Kubernetes e2e suite" status="skipped" time="0">
              <skipped message="skipped"></skipped>
          </testcase>
          <testcase name="[It] [sig-storage] In-tree Volumes [Driver: local] [LocalVolumeType: dir] [Testpattern: Inline-volume (default fs)] subPath should support existing directories when readOnly specified in the volumeSource" classname="Kubernetes e2e suite" status="skipped" time="0">
              <skipped message="skipped"></skipped>
          </testcase>
          <testcase name="[It] [sig-storage] In-tree Volumes [Driver: ceph] [Feature:Volumes] [Serial] [Testpattern: Inline-volume (xfs)] [Slow] volumes should store data" classname="Kubernetes e2e suite" status="skipped" time="0">
              <skipped message="skipped"></skipped>
          </testcase>
          <testcase name="[It] [sig-storage] CSI Volumes [Driver: csi-hostpath] [Testpattern: Dynamic PV (block volmode)] multiVolume [Slow] should concurrently access the volume and its clone from pods on the same node [LinuxOnly] [Feature:VolumeSourceXFS]" classname="Kubernetes e2e suite" status="skipped" time="0">
              <skipped message="skipped"></skipped>
          </testcase>
          <testcase name="[It] [sig-storage] In-tree Volumes [Driver: azure-file] [Testpattern: Dynamic PV (ntfs)] [Feature:Windows] multiVolume [Slow] should access to two volumes with the same volume mode and retain data across pod recreation on different node" classname="Kubernetes e2e suite" status="skipped" time="0">
              <skipped message="skipped"></skipped>
          </testcase>
          <testcase name="[It] [sig-storage] In-tree Volumes [Driver: local] [LocalVolumeType: dir-link] [Testpattern: Inline-volume (ntfs)] [Feature:Windows] volumes should allow exec of files on the volume" classname="Kubernetes e2e suite" status="skipped" time="0">
              <skipped message="skipped"></skipped>
          </testcase>
          <testcase name="[It] [sig-storage] In-tree Volumes [Driver: emptydir] [Testpattern: Pre-provisioned PV (default fs)] subPath should fail if subpath file is outside the volume [Slow] [LinuxOnly]" classname="Kubernetes e2e suite" status="skipped" time="0">
              <skipped message="skipped"></skipped>
          </testcase>
          <testcase name="[It] [sig-storage] In-tree Volumes [Driver: local] [LocalVolumeType: dir] [Testpattern: Dynamic PV (block volmode)] multiVolume [Slow] should concurrently access the single volume from pods on the same node" classname="Kubernetes e2e suite" status="skipped" time="0">
              <skipped message="skipped"></skipped>
          </testcase>
          <testcase name="[It] [sig-storage] CSI Volumes [Driver: pd.csi.storage.gke.io] [Serial] [Testpattern: Pre-provisioned PV (default fs)] subPath should verify container cannot write to subpath readonly volumes [Slow]" classname="Kubernetes e2e suite" status="skipped" time="0">
              <skipped message="skipped"></skipped>
          </testcase>
          <testcase name="[It] [sig-network] Netpol API should support creating NetworkPolicy API operations" classname="Kubernetes e2e suite" status="skipped" time="0">
              <skipped message="skipped"></skipped>
          </testcase>
          <testcase name="[It] [sig-storage] In-tree Volumes [Driver: ceph] [Feature:Volumes] [Serial] [Testpattern: Pre-provisioned PV (block volmode)] multiVolume [Slow] should access to two volumes with the same volume mode and retain data across pod recreation on different node" classname="Kubernetes e2e suite" status="skipped" time="0">
              <skipped message="skipped"></skipped>
          </testcase>
          <testcase name="[It] [sig-storage] In-tree Volumes [Driver: cinder] [Testpattern: Dynamic PV (ntfs)] [Feature:Windows] multiVolume [Slow] should access to two volumes with different volume mode and retain data across pod recreation on the same node" classname="Kubernetes e2e suite" status="skipped" time="0">
              <skipped message="skipped"></skipped>
          </testcase>
          <testcase name="[It] [sig-storage] In-tree Volumes [Driver: local] [LocalVolumeType: dir-bindmounted] [Testpattern: Pre-provisioned PV (default fs)] subPath should support creating multiple subpath from same volumes [Slow]" classname="Kubernetes e2e suite" status="skipped" time="0">
              <skipped message="skipped"></skipped>
          </testcase>
          <testcase name="[It] [sig-storage] CSI Volumes [Driver: csi-hostpath] [Testpattern: Dynamic PV (block volmode)] volumes should store data" classname="Kubernetes e2e suite" status="skipped" time="0">
              <skipped message="skipped"></skipped>
          </testcase>
          <testcase name="[It] [sig-auth] SelfSubjectReview testing SSR in different API groups authentication/v1alpha1" classname="Kubernetes e2e suite" status="skipped" time="0">
              <skipped message="skipped"></skipped>
          </testcase>
          <testcase name="[It] [sig-storage] CSI Volumes [Driver: pd.csi.storage.gke.io] [Serial] [Testpattern: CSI Ephemeral-volume (default fs)] ephemeral should support multiple inline ephemeral volumes" classname="Kubernetes e2e suite" status="skipped" time="0">
              <skipped message="skipped"></skipped>
          </testcase>
          <testcase name="[It] [sig-storage] In-tree Volumes [Driver: local] [LocalVolumeType: dir-bindmounted] [Testpattern: Dynamic PV (ext4)] multiVolume [Slow] should access to two volumes with different volume mode and retain data across pod recreation on the same node" classname="Kubernetes e2e suite" status="skipped" time="0">
              <skipped message="skipped"></skipped>
          </testcase>
          <testcase name="[It] [sig-storage] CSI Volumes [Driver: csi-hostpath] [Testpattern: Dynamic PV (default fs)] subPath should support restarting containers using directory as subpath [Slow]" classname="Kubernetes e2e suite" status="skipped" time="0">
              <skipped message="skipped"></skipped>
          </testcase>
          <testcase name="[It] [sig-storage] In-tree Volumes [Driver: emptydir] [Testpattern: Inline-volume (ext4)] volumes should store data" classname="Kubernetes e2e suite" status="skipped" time="0">
              <skipped message="skipped"></skipped>
          </testcase>
          <testcase name="[It] [sig-autoscaling] [Feature:HPA] Horizontal pod autoscaling (scale resource: CPU) [Serial] [Slow] ReplicaSet with idle sidecar (ContainerResource use case) Should scale from 1 pod to 3 pods and then from 3 pods to 5 pods on a busy application with an idle sidecar container" classname="Kubernetes e2e suite" status="skipped" time="0">
              <skipped message="skipped"></skipped>
          </testcase>
          <testcase name="[It] [sig-node] Pod InPlace Resize Container [Feature:InPlacePodVerticalScaling] Burstable QoS pod, one container with cpu &amp; memory requests + limits - decrease memory requests only" classname="Kubernetes e2e suite" status="skipped" time="0">
              <skipped message="skipped"></skipped>
          </testcase>
          <testcase name="[It] [sig-storage] In-tree Volumes [Driver: aws] [Testpattern: Dynamic PV (default fs)] subPath should verify container cannot write to subpath readonly volumes [Slow]" classname="Kubernetes e2e suite" status="skipped" time="0">
              <skipped message="skipped"></skipped>
          </testcase>
          <testcase name="[It] [sig-storage] In-tree Volumes [Driver: local] [LocalVolumeType: gce-localssd-scsi-fs] [Serial] [Testpattern: Dynamic PV (block volmode)] multiVolume [Slow] should access to two volumes with the same volume mode and retain data across pod recreation on different node" classname="Kubernetes e2e suite" status="skipped" time="0">
              <skipped message="skipped"></skipped>
          </testcase>
          <testcase name="[It] [sig-storage] CSI Volumes [Driver: pd.csi.storage.gke.io] [Serial] [Testpattern: Dynamic PV (block volmode)] disruptive [Disruptive] [LinuxOnly] Should test that pv used in a pod that is force deleted while the kubelet is down cleans up when the kubelet returns." classname="Kubernetes e2e suite" status="skipped" time="0">
              <skipped message="skipped"></skipped>
          </testcase>
          <testcase name="[It] [sig-storage] CSI Volumes [Driver: csi-hostpath] [Testpattern: Generic Ephemeral-volume (default fs) (immediate-binding)] ephemeral should support multiple inline ephemeral volumes" classname="Kubernetes e2e suite" status="skipped" time="0">
              <skipped message="skipped"></skipped>
          </testcase>
          <testcase name="[It] [sig-storage] Pod Disks [Feature:StorageProvider] schedule pods each with a PD, delete pod and verify detach [Slow] for read-only PD with pod delete grace period of &#34;default (30s)&#34;" classname="Kubernetes e2e suite" status="skipped" time="0">
              <skipped message="skipped"></skipped>
          </testcase>
          <testcase name="[It] [sig-storage] CSI Volumes [Driver: pd.csi.storage.gke.io] [Serial] [Testpattern: Dynamic PV (ntfs)] [Feature:Windows] provisioning should provision correct filesystem size when restoring snapshot to larger size pvc [Feature:VolumeSnapshotDataSource]" classname="Kubernetes e2e suite" status="skipped" time="0">
              <skipped message="skipped"></skipped>
          </testcase>
          <testcase name="[It] [sig-storage] In-tree Volumes [Driver: rbd] [Feature:Volumes] [Serial] [Testpattern: Pre-provisioned PV (default fs)] subPath should support readOnly directory specified in the volumeMount" classname="Kubernetes e2e suite" status="skipped" time="0">
              <skipped message="skipped"></skipped>
          </testcase>
          <testcase name="[It] [sig-storage] In-tree Volumes [Driver: local] [LocalVolumeType: tmpfs] [Testpattern: Dynamic PV (default fs)(allowExpansion)] volume-expand Verify if offline PVC expansion works" classname="Kubernetes e2e suite" status="skipped" time="0">
              <skipped message="skipped"></skipped>
          </testcase>
          <testcase name="[It] [sig-storage] In-tree Volumes [Driver: local] [LocalVolumeType: block] [Testpattern: Dynamic PV (default fs)] provisioning should mount multiple PV pointing to the same storage on the same node" classname="Kubernetes e2e suite" status="skipped" time="0">
              <skipped message="skipped"></skipped>
          </testcase>
          <testcase name="[It] [sig-storage] In-tree Volumes [Driver: local] [LocalVolumeType: dir-bindmounted] [Testpattern: Dynamic PV (delayed binding)] topology should provision a volume and schedule a pod with AllowedTopologies" classname="Kubernetes e2e suite" status="skipped" time="0">
              <skipped message="skipped"></skipped>
          </testcase>
          <testcase name="[It] [sig-storage] Projected downwardAPI should provide podname as non-root with fsgroup [LinuxOnly] [NodeFeature:FSGroup]" classname="Kubernetes e2e suite" status="skipped" time="0">
              <skipped message="skipped"></skipped>
          </testcase>
          <testcase name="[It] [sig-api-machinery] ResourceQuota should create a ResourceQuota and capture the life of a service. [Conformance]" classname="Kubernetes e2e suite" status="passed" time="11.161337539"></testcase>
          <testcase name="[It] [sig-storage] In-tree Volumes [Driver: local] [LocalVolumeType: block] [Testpattern: Pre-provisioned PV (ntfs)] [Feature:Windows] volumes should allow exec of files on the volume" classname="Kubernetes e2e suite" status="skipped" time="0">
              <skipped message="skipped"></skipped>
          </testcase>
          <testcase name="[It] [sig-storage] In-tree Volumes [Driver: azure-file] [Testpattern: Dynamic PV (default fs)] volume-stress multiple pods should access different volumes repeatedly [Slow] [Serial]" classname="Kubernetes e2e suite" status="skipped" time="0">
              <skipped message="skipped"></skipped>
          </testcase>
          <testcase name="[It] [sig-storage] In-tree Volumes [Driver: rbd] [Feature:Volumes] [Serial] [Testpattern: Pre-provisioned PV (ntfs)] [Feature:Windows] volumes should store data" classname="Kubernetes e2e suite" status="skipped" time="0">
              <skipped message="skipped"></skipped>
          </testcase>
          <testcase name="[It] [sig-storage] CSI Volumes [Driver: pd.csi.storage.gke.io] [Serial] [Testpattern: Dynamic PV (xfs)] [Slow] multiVolume [Slow] should access to two volumes with different volume mode and retain data across pod recreation on different node" classname="Kubernetes e2e suite" status="skipped" time="0">
              <skipped message="skipped"></skipped>
          </testcase>
          <testcase name="[It] [sig-node] DRA [Feature:DynamicResourceAllocation] kubelet must retry NodePrepareResources" classname="Kubernetes e2e suite" status="skipped" time="0">
              <skipped message="skipped"></skipped>
          </testcase>
          <testcase name="[It] [sig-storage] In-tree Volumes [Driver: emptydir] [Testpattern: Dynamic PV (block volmode)] multiVolume [Slow] should access to two volumes with different volume mode and retain data across pod recreation on the same node" classname="Kubernetes e2e suite" status="skipped" time="0">
              <skipped message="skipped"></skipped>
          </testcase>
          <testcase name="[It] [sig-storage] In-tree Volumes [Driver: aws] [Testpattern: Dynamic PV (filesystem volmode)] disruptive [Disruptive] [LinuxOnly] Should test that pv used in a pod that is deleted while the kubelet is down is usable by a new pod when kubelet returns [Feature:SELinux]" classname="Kubernetes e2e suite" status="skipped" time="0">
              <skipped message="skipped"></skipped>
          </testcase>
          <testcase name="[It] [sig-auth] [Feature:NodeAuthorizer] Getting a non-existent secret should exit with the Forbidden error, not a NotFound error" classname="Kubernetes e2e suite" status="skipped" time="0">
              <skipped message="skipped"></skipped>
          </testcase>
          <testcase name="[It] [sig-storage] In-tree Volumes [Driver: rbd] [Feature:Volumes] [Serial] [Testpattern: Dynamic PV (default fs)] provisioning should provision storage with mount options" classname="Kubernetes e2e suite" status="skipped" time="0">
              <skipped message="skipped"></skipped>
          </testcase>
          <testcase name="[It] [sig-cli] Kubectl client Kubectl get componentstatuses should get componentstatuses" classname="Kubernetes e2e suite" status="skipped" time="0">
              <skipped message="skipped"></skipped>
          </testcase>
          <testcase name="[It] [sig-storage] CSI Volumes [Driver: pd.csi.storage.gke.io] [Serial] [Testpattern: Dynamic PV (block volmode)] provisioning should provision storage with mount options" classname="Kubernetes e2e suite" status="skipped" time="0">
              <skipped message="skipped"></skipped>
          </testcase>
          <testcase name="[It] [sig-storage] In-tree Volumes [Driver: local] [LocalVolumeType: dir] [Testpattern: Pre-provisioned PV (default fs)] subPath should support non-existent path" classname="Kubernetes e2e suite" status="skipped" time="0">
              <skipped message="skipped"></skipped>
          </testcase>
          <testcase name="[It] [sig-storage] In-tree Volumes [Driver: hostPath] [Testpattern: Dynamic PV (block volmode)] disruptive [Disruptive] [LinuxOnly] Should test that pv used in a pod that is force deleted while the kubelet is down cleans up when the kubelet returns." classname="Kubernetes e2e suite" status="skipped" time="0">
              <skipped message="skipped"></skipped>
          </testcase>
          <testcase name="[It] [sig-storage] In-tree Volumes [Driver: cinder] [Testpattern: Dynamic PV (default fs)] provisioning should provision storage with pvc data source in parallel [Slow]" classname="Kubernetes e2e suite" status="skipped" time="0">
              <skipped message="skipped"></skipped>
          </testcase>
          <testcase name="[It] [sig-storage] In-tree Volumes [Driver: local] [LocalVolumeType: blockfs] [Testpattern: Pre-provisioned PV (ntfs)] [Feature:Windows] volumes should allow exec of files on the volume" classname="Kubernetes e2e suite" status="skipped" time="0">
              <skipped message="skipped"></skipped>
          </testcase>
          <testcase name="[It] [sig-storage] In-tree Volumes [Driver: vsphere] [Testpattern: Dynamic PV (ntfs)] [Feature:Windows] subPath should support readOnly file specified in the volumeMount [LinuxOnly]" classname="Kubernetes e2e suite" status="skipped" time="0">
              <skipped message="skipped"></skipped>
          </testcase>
          <testcase name="[It] [sig-storage] In-tree Volumes [Driver: azure-disk] [Testpattern: Pre-provisioned PV (default fs)] subPath should unmount if pod is gracefully deleted while kubelet is down [Disruptive] [Slow] [LinuxOnly]" classname="Kubernetes e2e suite" status="skipped" time="0">
              <skipped message="skipped"></skipped>
          </testcase>
          <testcase name="[It] [sig-storage] In-tree Volumes [Driver: local] [LocalVolumeType: dir-bindmounted] [Testpattern: Dynamic PV (xfs)] [Slow] multiVolume [Slow] should concurrently access the volume and its clone from pods on the same node [LinuxOnly] [Feature:VolumeSourceXFS]" classname="Kubernetes e2e suite" status="skipped" time="0">
              <skipped message="skipped"></skipped>
          </testcase>
          <testcase name="[It] [sig-api-machinery] API priority and fairness should ensure that requests can&#39;t be drowned out (fairness)" classname="Kubernetes e2e suite" status="skipped" time="0">
              <skipped message="skipped"></skipped>
          </testcase>
          <testcase name="[It] [sig-storage] In-tree Volumes [Driver: azure-file] [Testpattern: Dynamic PV (default fs)] subPath should support restarting containers using file as subpath [Slow] [LinuxOnly]" classname="Kubernetes e2e suite" status="skipped" time="0">
              <skipped message="skipped"></skipped>
          </testcase>
          <testcase name="[It] [sig-storage] In-tree Volumes [Driver: cinder] [Testpattern: Dynamic PV (ntfs)] [Feature:Windows] provisioning should provision storage with pvc data source" classname="Kubernetes e2e suite" status="skipped" time="0">
              <skipped message="skipped"></skipped>
          </testcase>
          <testcase name="[It] [sig-storage] In-tree Volumes [Driver: rbd] [Feature:Volumes] [Serial] [Testpattern: Dynamic PV (ext4)] multiVolume [Slow] should concurrently access the single volume from pods on different node" classname="Kubernetes e2e suite" status="skipped" time="0">
              <skipped message="skipped"></skipped>
          </testcase>
          <testcase name="[It] [sig-storage] In-tree Volumes [Driver: local] [LocalVolumeType: dir-bindmounted] [Testpattern: Inline-volume (default fs)] subPath should support restarting containers using file as subpath [Slow] [LinuxOnly]" classname="Kubernetes e2e suite" status="skipped" time="0">
              <skipped message="skipped"></skipped>
          </testcase>
          <testcase name="[It] [sig-storage] In-tree Volumes [Driver: local] [LocalVolumeType: gce-localssd-scsi-fs] [Serial] [Testpattern: Dynamic PV (ext4)] multiVolume [Slow] should access to two volumes with different volume mode and retain data across pod recreation on different node" classname="Kubernetes e2e suite" status="skipped" time="0">
              <skipped message="skipped"></skipped>
          </testcase>
          <testcase name="[It] [sig-storage] In-tree Volumes [Driver: ceph] [Feature:Volumes] [Serial] [Testpattern: Dynamic PV (block volmode)] multiVolume [Slow] should concurrently access the single read-only volume from pods on the same node" classname="Kubernetes e2e suite" status="skipped" time="0">
              <skipped message="skipped"></skipped>
          </testcase>
          <testcase name="[It] [sig-autoscaling] [Feature:HPA] Horizontal pod autoscaling (scale resource: CPU) [Serial] [Slow] Deployment (Pod Resource) Should scale from 1 pod to 3 pods and then from 3 pods to 5 pods using Average Value for aggregation" classname="Kubernetes e2e suite" status="skipped" time="0">
              <skipped message="skipped"></skipped>
          </testcase>
          <testcase name="[It] [sig-storage] In-tree Volumes [Driver: iscsi] [Feature:Volumes] [Testpattern: Inline-volume (ext4)] volumes should allow exec of files on the volume" classname="Kubernetes e2e suite" status="skipped" time="0">
              <skipped message="skipped"></skipped>
          </testcase>
          <testcase name="[It] [sig-storage] In-tree Volumes [Driver: local] [LocalVolumeType: dir-link] [Testpattern: Dynamic PV (block volmode)] multiVolume [Slow] should concurrently access the volume and restored snapshot from pods on the same node [LinuxOnly] [Feature:VolumeSnapshotDataSource] [Feature:VolumeSourceXFS]" classname="Kubernetes e2e suite" status="skipped" time="0">
              <skipped message="skipped"></skipped>
          </testcase>
          <testcase name="[It] [sig-storage] In-tree Volumes [Driver: hostPathSymlink] [Testpattern: Dynamic PV (ntfs)] [Feature:Windows] multiVolume [Slow] should access to two volumes with different volume mode and retain data across pod recreation on different node" classname="Kubernetes e2e suite" status="skipped" time="0">
              <skipped message="skipped"></skipped>
          </testcase>
          <testcase name="[It] [sig-apps] StatefulSet Basic StatefulSet functionality [StatefulSetBasic] should validate Statefulset Status endpoints [Conformance]" classname="Kubernetes e2e suite" status="passed" time="20.157549591"></testcase>
          <testcase name="[It] [sig-storage] In-tree Volumes [Driver: local] [LocalVolumeType: dir-link-bindmounted] [Testpattern: Pre-provisioned PV (ext4)] volumes should store data" classname="Kubernetes e2e suite" status="skipped" time="0">
              <skipped message="skipped"></skipped>
          </testcase>
          <testcase name="[It] [sig-storage] [Serial] Volume metrics Ephemeral should create volume metrics in Volume Manager" classname="Kubernetes e2e suite" status="skipped" time="0">
              <skipped message="skipped"></skipped>
          </testcase>
          <testcase name="[It] [sig-cli] Kubectl client Kubectl create quota should reject quota with invalid scopes" classname="Kubernetes e2e suite" status="skipped" time="0">
              <skipped message="skipped"></skipped>
          </testcase>
          <testcase name="[It] [sig-storage] In-tree Volumes [Driver: azure-file] [Testpattern: Dynamic PV (block volmode)] multiVolume [Slow] should concurrently access the single read-only volume from pods on the same node" classname="Kubernetes e2e suite" status="skipped" time="0">
              <skipped message="skipped"></skipped>
          </testcase>
          <testcase name="[It] [sig-node] gpu Upgrade [Feature:GPUUpgrade] cluster downgrade should be able to run gpu pod after downgrade [Feature:GPUClusterDowngrade]" classname="Kubernetes e2e suite" status="skipped" time="0">
              <skipped message="skipped"></skipped>
          </testcase>
          <testcase name="[It] [sig-storage] CSI Volumes [Driver: csi-hostpath] [Testpattern: Dynamic PV (block volmode)(allowExpansion)] volume-expand should resize volume when PVC is edited while pod is using it" classname="Kubernetes e2e suite" status="skipped" time="0">
              <skipped message="skipped"></skipped>
          </testcase>
          <testcase name="[It] [sig-storage] In-tree Volumes [Driver: cinder] [Testpattern: Inline-volume (default fs)] subPath should support readOnly file specified in the volumeMount [LinuxOnly]" classname="Kubernetes e2e suite" status="skipped" time="0">
              <skipped message="skipped"></skipped>
          </testcase>
          <testcase name="[It] [sig-storage] In-tree Volumes [Driver: azure-file] [Testpattern: Pre-provisioned PV (default fs)] subPath should support existing directory" classname="Kubernetes e2e suite" status="skipped" time="0">
              <skipped message="skipped"></skipped>
          </testcase>
          <testcase name="[It] [sig-network] kube-proxy migration [Feature:KubeProxyDaemonSetMigration] Upgrade kube-proxy from static pods to a DaemonSet should maintain a functioning cluster [Feature:KubeProxyDaemonSetUpgrade]" classname="Kubernetes e2e suite" status="skipped" time="0">
              <skipped message="skipped"></skipped>
          </testcase>
          <testcase name="[It] [sig-storage] In-tree Volumes [Driver: ceph] [Feature:Volumes] [Serial] [Testpattern: Dynamic PV (filesystem volmode)] multiVolume [Slow] should access to two volumes with the same volume mode and retain data across pod recreation on the same node" classname="Kubernetes e2e suite" status="skipped" time="0">
              <skipped message="skipped"></skipped>
          </testcase>
          <testcase name="[It] [sig-storage] In-tree Volumes [Driver: rbd] [Feature:Volumes] [Serial] [Testpattern: Pre-provisioned PV (default fs)] subPath should support existing directories when readOnly specified in the volumeSource" classname="Kubernetes e2e suite" status="skipped" time="0">
              <skipped message="skipped"></skipped>
          </testcase>
          <testcase name="[It] [sig-storage] In-tree Volumes [Driver: hostPath] [Testpattern: Dynamic PV (default fs)] fsgroupchangepolicy (OnRootMismatch)[LinuxOnly], pod created with an initial fsgroup, volume contents ownership changed via chgrp in first pod, new pod with same fsgroup skips ownership changes to the volume contents" classname="Kubernetes e2e suite" status="skipped" time="0">
              <skipped message="skipped"></skipped>
          </testcase>
          <testcase name="[It] [sig-node] AppArmor load AppArmor profiles should enforce an AppArmor profile" classname="Kubernetes e2e suite" status="skipped" time="0">
              <skipped message="skipped"></skipped>
          </testcase>
          <testcase name="[It] [sig-network] [Feature:IPv6DualStack] Granular Checks: Services Secondary IP Family [LinuxOnly] should function for client IP based session affinity: udp [LinuxOnly]" classname="Kubernetes e2e suite" status="skipped" time="0">
              <skipped message="skipped"></skipped>
          </testcase>
          <testcase name="[It] [sig-storage] In-tree Volumes [Driver: hostPathSymlink] [Testpattern: Dynamic PV (ntfs)] [Feature:Windows] provisioning should provision storage with pvc data source" classname="Kubernetes e2e suite" status="skipped" time="0">
              <skipped message="skipped"></skipped>
          </testcase>
          <testcase name="[It] [sig-storage] In-tree Volumes [Driver: local] [LocalVolumeType: dir-bindmounted] [Testpattern: Inline-volume (default fs)] subPath should support existing single file [LinuxOnly]" classname="Kubernetes e2e suite" status="skipped" time="0">
              <skipped message="skipped"></skipped>
          </testcase>
          <testcase name="[It] [sig-storage] PersistentVolumes-local [Volume type: dir-link] Set fsGroup for local volume should set same fsGroup for two pods simultaneously [Slow]" classname="Kubernetes e2e suite" status="skipped" time="0">
              <skipped message="skipped"></skipped>
          </testcase>
          <testcase name="[It] [sig-storage] In-tree Volumes [Driver: aws] [Testpattern: Dynamic PV (block volmode)] multiVolume [Slow] should access to two volumes with different volume mode and retain data across pod recreation on the same node" classname="Kubernetes e2e suite" status="skipped" time="0">
              <skipped message="skipped"></skipped>
          </testcase>
          <testcase name="[It] [sig-storage] In-tree Volumes [Driver: local] [LocalVolumeType: blockfs] [Testpattern: Dynamic PV (default fs)] subPath should fail if subpath directory is outside the volume [Slow] [LinuxOnly]" classname="Kubernetes e2e suite" status="skipped" time="0">
              <skipped message="skipped"></skipped>
          </testcase>
          <testcase name="[It] [sig-storage] In-tree Volumes [Driver: local] [LocalVolumeType: dir-bindmounted] [Testpattern: Dynamic PV (ntfs)] [Feature:Windows] subPath should fail if subpath directory is outside the volume [Slow] [LinuxOnly]" classname="Kubernetes e2e suite" status="skipped" time="0">
              <skipped message="skipped"></skipped>
          </testcase>
          <testcase name="[It] [sig-storage] Secrets should be consumable from pods in volume with mappings [NodeConformance] [Conformance]" classname="Kubernetes e2e suite" status="passed" time="4.122757102"></testcase>
          <testcase name="[It] [sig-storage] Pod Disks [Feature:StorageProvider] schedule a pod w/ RW PD(s) mounted to 1 or more containers, write to PD, verify content, delete pod, and repeat in rapid succession [Slow] using 4 containers and 1 PDs" classname="Kubernetes e2e suite" status="skipped" time="0">
              <skipped message="skipped"></skipped>
          </testcase>
          <testcase name="[It] [sig-api-machinery] ValidatingAdmissionPolicy [Privileged:ClusterAdmin] [FeatureGate:ValidatingAdmissionPolicy] [Beta] should type check validation expressions" classname="Kubernetes e2e suite" status="skipped" time="0">
              <skipped message="skipped"></skipped>
          </testcase>
          <testcase name="[It] [sig-storage] In-tree Volumes [Driver: azure-disk] [Testpattern: Inline-volume (default fs)] subPath should fail if subpath directory is outside the volume [Slow] [LinuxOnly]" classname="Kubernetes e2e suite" status="skipped" time="0">
              <skipped message="skipped"></skipped>
          </testcase>
          <testcase name="[It] [sig-storage] In-tree Volumes [Driver: local] [LocalVolumeType: dir-link] [Testpattern: Dynamic PV (immediate binding)] topology should provision a volume and schedule a pod with AllowedTopologies" classname="Kubernetes e2e suite" status="skipped" time="0">
              <skipped message="skipped"></skipped>
          </testcase>
          <testcase name="[It] [sig-storage] In-tree Volumes [Driver: azure-file] [Testpattern: Dynamic PV (block volmode)] provisioning should mount multiple PV pointing to the same storage on the same node" classname="Kubernetes e2e suite" status="skipped" time="0">
              <skipped message="skipped"></skipped>
          </testcase>
          <testcase name="[It] [sig-storage] In-tree Volumes [Driver: aws] [Testpattern: Dynamic PV (ntfs)] [Feature:Windows] subPath should verify container cannot write to subpath readonly volumes [Slow]" classname="Kubernetes e2e suite" status="skipped" time="0">
              <skipped message="skipped"></skipped>
          </testcase>
          <testcase name="[It] [sig-node] Pod InPlace Resize Container [Feature:InPlacePodVerticalScaling] Burstable QoS pod, one container with cpu &amp; memory requests + limits - increase memory requests and decrease CPU limits" classname="Kubernetes e2e suite" status="skipped" time="0">
              <skipped message="skipped"></skipped>
          </testcase>
          <testcase name="[It] [sig-storage] CSI Volumes [Driver: pd.csi.storage.gke.io] [Serial] [Testpattern: Generic Ephemeral-volume (default fs) (late-binding)] ephemeral should create read-only inline ephemeral volume" classname="Kubernetes e2e suite" status="skipped" time="0">
              <skipped message="skipped"></skipped>
          </testcase>
          <testcase name="[It] [sig-storage] In-tree Volumes [Driver: local] [LocalVolumeType: dir-bindmounted] [Testpattern: Pre-provisioned PV (xfs)] [Slow] volumes should allow exec of files on the volume" classname="Kubernetes e2e suite" status="skipped" time="0">
              <skipped message="skipped"></skipped>
          </testcase>
          <testcase name="[It] [sig-storage] In-tree Volumes [Driver: rbd] [Feature:Volumes] [Serial] [Testpattern: Dynamic PV (ntfs)] [Feature:Windows] multiVolume [Slow] should concurrently access the single volume from pods on the same node" classname="Kubernetes e2e suite" status="skipped" time="0">
              <skipped message="skipped"></skipped>
          </testcase>
          <testcase name="[It] [sig-storage] In-tree Volumes [Driver: local] [LocalVolumeType: block] [Testpattern: Dynamic PV (block volmode)] provisioning should provision correct filesystem size when restoring snapshot to larger size pvc [Feature:VolumeSnapshotDataSource]" classname="Kubernetes e2e suite" status="skipped" time="0">
              <skipped message="skipped"></skipped>
          </testcase>
          <testcase name="[It] [sig-storage] In-tree Volumes [Driver: iscsi] [Feature:Volumes] [Testpattern: Generic Ephemeral-volume (default fs) (immediate-binding)] ephemeral should support two pods which have the same volume definition" classname="Kubernetes e2e suite" status="skipped" time="0">
              <skipped message="skipped"></skipped>
          </testcase>
          <testcase name="[It] [sig-storage] In-tree Volumes [Driver: ceph] [Feature:Volumes] [Serial] [Testpattern: Dynamic PV (default fs)] subPath should fail if subpath directory is outside the volume [Slow] [LinuxOnly]" classname="Kubernetes e2e suite" status="skipped" time="0">
              <skipped message="skipped"></skipped>
          </testcase>
          <testcase name="[It] [sig-storage] In-tree Volumes [Driver: azure-file] [Testpattern: Inline-volume (default fs)] volumeIO should write files of various sizes, verify size, validate content [Slow]" classname="Kubernetes e2e suite" status="skipped" time="0">
              <skipped message="skipped"></skipped>
          </testcase>
          <testcase name="[It] [sig-autoscaling] Cluster size autoscaling [Slow] Should not scale GPU pool up if pod does not require GPUs [GpuType:] [Feature:ClusterSizeAutoscalingGpu]" classname="Kubernetes e2e suite" status="skipped" time="0">
              <skipped message="skipped"></skipped>
          </testcase>
          <testcase name="[It] [sig-apps] ReplicaSet Replicaset should have a working scale subresource [Conformance]" classname="Kubernetes e2e suite" status="passed" time="5.081493509"></testcase>
          <testcase name="[It] [sig-storage] In-tree Volumes [Driver: iscsi] [Feature:Volumes] [Testpattern: Dynamic PV (default fs)] subPath should fail if subpath directory is outside the volume [Slow] [LinuxOnly]" classname="Kubernetes e2e suite" status="skipped" time="0">
              <skipped message="skipped"></skipped>
          </testcase>
          <testcase name="[It] [sig-storage] In-tree Volumes [Driver: local] [LocalVolumeType: dir] [Testpattern: Dynamic PV (block volmode)] disruptive [Disruptive] [LinuxOnly] Should test that pv written before kubelet restart is readable after restart." classname="Kubernetes e2e suite" status="skipped" time="0">
              <skipped message="skipped"></skipped>
          </testcase>
          <testcase name="[It] [sig-storage] In-tree Volumes [Driver: azure-disk] [Testpattern: Dynamic PV (delayed binding)] topology should provision a volume and schedule a pod with AllowedTopologies" classname="Kubernetes e2e suite" status="skipped" time="0">
              <skipped message="skipped"></skipped>
          </testcase>
          <testcase name="[It] [sig-node] Probing container should be restarted with an exec liveness probe with timeout [MinimumKubeletVersion:1.20] [NodeConformance]" classname="Kubernetes e2e suite" status="skipped" time="0">
              <skipped message="skipped"></skipped>
          </testcase>
          <testcase name="[It] [sig-storage] In-tree Volumes [Driver: rbd] [Feature:Volumes] [Serial] [Testpattern: Dynamic PV (ext4)] volumes should allow exec of files on the volume" classname="Kubernetes e2e suite" status="skipped" time="0">
              <skipped message="skipped"></skipped>
          </testcase>
          <testcase name="[It] [sig-storage] In-tree Volumes [Driver: local] [LocalVolumeType: dir-link-bindmounted] [Testpattern: Pre-provisioned PV (filesystem volmode)] multiVolume [Slow] should concurrently access the single read-only volume from pods on the same node" classname="Kubernetes e2e suite" status="skipped" time="0">
              <skipped message="skipped"></skipped>
          </testcase>
          <testcase name="[It] [sig-storage] Dynamic Provisioning Invalid AWS KMS key should report an error and create no PV" classname="Kubernetes e2e suite" status="skipped" time="0">
              <skipped message="skipped"></skipped>
          </testcase>
          <testcase name="[It] [sig-storage] In-tree Volumes [Driver: emptydir] [Testpattern: Dynamic PV (xfs)] [Slow] multiVolume [Slow] should access to two volumes with different volume mode and retain data across pod recreation on the same node" classname="Kubernetes e2e suite" status="skipped" time="0">
              <skipped message="skipped"></skipped>
          </testcase>
          <testcase name="[It] [sig-storage] In-tree Volumes [Driver: local] [LocalVolumeType: dir-link] [Testpattern: Dynamic PV (ext4)] multiVolume [Slow] should access to two volumes with different volume mode and retain data across pod recreation on different node" classname="Kubernetes e2e suite" status="skipped" time="0">
              <skipped message="skipped"></skipped>
          </testcase>
          <testcase name="[It] [sig-network] EndpointSlice should create and delete Endpoints and EndpointSlices for a Service with a selector specified [Conformance]" classname="Kubernetes e2e suite" status="passed" time="0.072023819"></testcase>
          <testcase name="[It] [sig-network] Networking Granular Checks: Services should update nodePort: udp [Slow]" classname="Kubernetes e2e suite" status="skipped" time="0">
              <skipped message="skipped"></skipped>
          </testcase>
          <testcase name="[It] [sig-storage] In-tree Volumes [Driver: nfs] [Testpattern: Pre-provisioned PV (default fs)] volumes should allow exec of files on the volume" classname="Kubernetes e2e suite" status="skipped" time="0">
              <skipped message="skipped"></skipped>
          </testcase>
          <testcase name="[It] [sig-network] Connectivity Pod Lifecycle should be able to connect to other Pod from a terminating Pod" classname="Kubernetes e2e suite" status="skipped" time="0">
              <skipped message="skipped"></skipped>
          </testcase>
          <testcase name="[It] [sig-storage] In-tree Volumes [Driver: local] [LocalVolumeType: dir-link] [Testpattern: Dynamic PV (xfs)] [Slow] multiVolume [Slow] should concurrently access the volume and its clone from pods on the same node [LinuxOnly] [Feature:VolumeSourceXFS]" classname="Kubernetes e2e suite" status="skipped" time="0">
              <skipped message="skipped"></skipped>
          </testcase>
          <testcase name="[It] [sig-storage] In-tree Volumes [Driver: local] [LocalVolumeType: dir-link-bindmounted] [Testpattern: Generic Ephemeral-volume (default fs)] volumeLimits should verify that all csinodes have volume limits" classname="Kubernetes e2e suite" status="skipped" time="0">
              <skipped message="skipped"></skipped>
          </testcase>
          <testcase name="[It] [sig-storage] In-tree Volumes [Driver: azure-file] [Testpattern: Dynamic PV (immediate binding)] topology should fail to schedule a pod which has topologies that conflict with AllowedTopologies" classname="Kubernetes e2e suite" status="skipped" time="0">
              <skipped message="skipped"></skipped>
          </testcase>
          <testcase name="[It] [sig-storage] HostPathType Character Device [Slow] Should fail on mounting character device &#39;achardev&#39; when HostPathType is HostPathDirectory" classname="Kubernetes e2e suite" status="skipped" time="0">
              <skipped message="skipped"></skipped>
          </testcase>
          <testcase name="[It] [sig-storage] In-tree Volumes [Driver: local] [LocalVolumeType: dir-link] [Testpattern: Pre-provisioned PV (filesystem volmode)] multiVolume [Slow] should access to two volumes with different volume mode and retain data across pod recreation on different node" classname="Kubernetes e2e suite" status="skipped" time="0">
              <skipped message="skipped"></skipped>
          </testcase>
          <testcase name="[It] [sig-storage] In-tree Volumes [Driver: emptydir] [Testpattern: Dynamic PV (default fs)] fsgroupchangepolicy (Always)[LinuxOnly], pod created with an initial fsgroup, volume contents ownership changed via chgrp in first pod, new pod with same fsgroup applied to the volume contents" classname="Kubernetes e2e suite" status="skipped" time="0">
              <skipped message="skipped"></skipped>
          </testcase>
          <testcase name="[It] [sig-storage] CSI Volumes [Driver: pd.csi.storage.gke.io] [Serial] [Testpattern: Dynamic PV (ntfs)] [Feature:Windows] provisioning should mount multiple PV pointing to the same storage on the same node" classname="Kubernetes e2e suite" status="skipped" time="0">
              <skipped message="skipped"></skipped>
          </testcase>
          <testcase name="[It] [sig-network] LoadBalancers should be able to preserve UDP traffic when server pod cycles for a LoadBalancer service on different nodes" classname="Kubernetes e2e suite" status="skipped" time="0">
              <skipped message="skipped"></skipped>
          </testcase>
          <testcase name="[It] [sig-storage] CSI Volumes [Driver: csi-hostpath] [Testpattern: Dynamic PV (default fs)] subPath should support readOnly file specified in the volumeMount [LinuxOnly]" classname="Kubernetes e2e suite" status="skipped" time="0">
              <skipped message="skipped"></skipped>
          </testcase>
          <testcase name="[It] [sig-storage] In-tree Volumes [Driver: vsphere] [Testpattern: Pre-provisioned PV (filesystem volmode)] multiVolume [Slow] should access to two volumes with the same volume mode and retain data across pod recreation on different node" classname="Kubernetes e2e suite" status="skipped" time="0">
              <skipped message="skipped"></skipped>
          </testcase>
          <testcase name="[It] [sig-storage] In-tree Volumes [Driver: rbd] [Feature:Volumes] [Serial] [Testpattern: Dynamic PV (block volmode)] multiVolume [Slow] should access to two volumes with the same volume mode and retain data across pod recreation on the same node" classname="Kubernetes e2e suite" status="skipped" time="0">
              <skipped message="skipped"></skipped>
          </testcase>
          <testcase name="[It] [sig-storage] CSI Mock volume fsgroup policies CSI FSGroupPolicy [LinuxOnly] should not modify fsGroup if fsGroupPolicy=None" classname="Kubernetes e2e suite" status="skipped" time="0">
              <skipped message="skipped"></skipped>
          </testcase>
          <testcase name="[It] [sig-storage] In-tree Volumes [Driver: local] [LocalVolumeType: dir-bindmounted] [Testpattern: Dynamic PV (ntfs)] [Feature:Windows] subPath should support readOnly file specified in the volumeMount [LinuxOnly]" classname="Kubernetes e2e suite" status="skipped" time="0">
              <skipped message="skipped"></skipped>
          </testcase>
          <testcase name="[It] [sig-storage] In-tree Volumes [Driver: local] [LocalVolumeType: dir-bindmounted] [Testpattern: Generic Ephemeral-volume (block volmode) (late-binding)] ephemeral should create read-only inline ephemeral volume" classname="Kubernetes e2e suite" status="skipped" time="0">
              <skipped message="skipped"></skipped>
          </testcase>
          <testcase name="[It] [sig-storage] In-tree Volumes [Driver: hostPathSymlink] [Testpattern: Pre-provisioned PV (ext3)] volumes should store data" classname="Kubernetes e2e suite" status="skipped" time="0">
              <skipped message="skipped"></skipped>
          </testcase>
          <testcase name="[It] [sig-storage] In-tree Volumes [Driver: ceph] [Feature:Volumes] [Serial] [Testpattern: Dynamic PV (block volmode)] provisioning should provision storage with mount options" classname="Kubernetes e2e suite" status="skipped" time="0">
              <skipped message="skipped"></skipped>
          </testcase>
          <testcase name="[It] [sig-storage] In-tree Volumes [Driver: local] [LocalVolumeType: dir-bindmounted] [Testpattern: Pre-provisioned PV (default fs)] subPath should support existing directory" classname="Kubernetes e2e suite" status="skipped" time="0">
              <skipped message="skipped"></skipped>
          </testcase>
          <testcase name="[It] [sig-storage] CSI Mock volume attach CSI attach test using mock driver should not require VolumeAttach for drivers without attachment" classname="Kubernetes e2e suite" status="skipped" time="0">
              <skipped message="skipped"></skipped>
          </testcase>
          <testcase name="[It] [sig-storage] Projected configMap Should fail non-optional pod creation due to the key in the configMap object does not exist [Slow]" classname="Kubernetes e2e suite" status="skipped" time="0">
              <skipped message="skipped"></skipped>
          </testcase>
          <testcase name="[It] [sig-storage] In-tree Volumes [Driver: vsphere] [Testpattern: Inline-volume (ext3)] volumes should store data" classname="Kubernetes e2e suite" status="skipped" time="0">
              <skipped message="skipped"></skipped>
          </testcase>
          <testcase name="[It] [sig-storage] In-tree Volumes [Driver: local] [LocalVolumeType: dir-bindmounted] [Testpattern: Pre-provisioned PV (default fs)] subPath should verify container cannot write to subpath readonly volumes [Slow]" classname="Kubernetes e2e suite" status="skipped" time="0">
              <skipped message="skipped"></skipped>
          </testcase>
          <testcase name="[It] [sig-node] [NodeAlphaFeature:SidecarContainers] [Feature:SidecarContainers] Probing restartable init container should *not* be restarted with a non-local redirect http liveness probe" classname="Kubernetes e2e suite" status="skipped" time="0">
              <skipped message="skipped"></skipped>
          </testcase>
          <testcase name="[It] [sig-storage] In-tree Volumes [Driver: local] [LocalVolumeType: block] [Testpattern: Dynamic PV (block volmode)] disruptive [Disruptive] [LinuxOnly] Should test that pv used in a pod that is force deleted while the kubelet is down cleans up when the kubelet returns." classname="Kubernetes e2e suite" status="skipped" time="0">
              <skipped message="skipped"></skipped>
          </testcase>
          <testcase name="[It] [sig-storage] In-tree Volumes [Driver: hostPath] [Testpattern: Pre-provisioned PV (block volmode)] multiVolume [Slow] should concurrently access the volume and restored snapshot from pods on the same node [LinuxOnly] [Feature:VolumeSnapshotDataSource] [Feature:VolumeSourceXFS]" classname="Kubernetes e2e suite" status="skipped" time="0">
              <skipped message="skipped"></skipped>
          </testcase>
          <testcase name="[It] [sig-storage] In-tree Volumes [Driver: nfs] [Testpattern: Pre-provisioned PV (filesystem volmode)] multiVolume [Slow] should access to two volumes with different volume mode and retain data across pod recreation on the same node" classname="Kubernetes e2e suite" status="skipped" time="0">
              <skipped message="skipped"></skipped>
          </testcase>
          <testcase name="[It] [sig-storage] In-tree Volumes [Driver: hostPath] [Testpattern: Generic Ephemeral-volume (default fs) (late-binding)] ephemeral should support two pods which have the same volume definition" classname="Kubernetes e2e suite" status="skipped" time="0">
              <skipped message="skipped"></skipped>
          </testcase>
          <testcase name="[It] [sig-storage] In-tree Volumes [Driver: iscsi] [Feature:Volumes] [Testpattern: Dynamic PV (block volmode)] multiVolume [Slow] should concurrently access the single read-only volume from pods on the same node" classname="Kubernetes e2e suite" status="skipped" time="0">
              <skipped message="skipped"></skipped>
          </testcase>
          <testcase name="[It] [sig-storage] In-tree Volumes [Driver: hostPathSymlink] [Testpattern: Pre-provisioned PV (default fs)] subPath should support creating multiple subpath from same volumes [Slow]" classname="Kubernetes e2e suite" status="skipped" time="0">
              <skipped message="skipped"></skipped>
          </testcase>
          <testcase name="[It] [sig-storage] CSI Volumes [Driver: csi-hostpath] [Testpattern: Dynamic Snapshot (retain policy)] snapshottable [Feature:VolumeSnapshotDataSource] volume snapshot controller  should check snapshot fields, check restore correctly works after modifying source data, check deletion (persistent)" classname="Kubernetes e2e suite" status="skipped" time="0">
              <skipped message="skipped"></skipped>
          </testcase>
          <testcase name="[It] [sig-storage] In-tree Volumes [Driver: ceph] [Feature:Volumes] [Serial] [Testpattern: Dynamic PV (filesystem volmode)] multiVolume [Slow] should concurrently access the volume and restored snapshot from pods on the same node [LinuxOnly] [Feature:VolumeSnapshotDataSource] [Feature:VolumeSourceXFS]" classname="Kubernetes e2e suite" status="skipped" time="0">
              <skipped message="skipped"></skipped>
          </testcase>
          <testcase name="[It] [sig-network] Netpol NetworkPolicy between server and client should enforce policy based on any PodSelectors [Feature:NetworkPolicy]" classname="Kubernetes e2e suite" status="skipped" time="0">
              <skipped message="skipped"></skipped>
          </testcase>
          <testcase name="[It] [sig-storage] CSI Mock volume storage capacity CSIStorageCapacity CSIStorageCapacity used, have capacity" classname="Kubernetes e2e suite" status="skipped" time="0">
              <skipped message="skipped"></skipped>
          </testcase>
          <testcase name="[It] [sig-storage] In-tree Volumes [Driver: local] [LocalVolumeType: dir-bindmounted] [Testpattern: Dynamic PV (ntfs)] [Feature:Windows] provisioning should provision storage with any volume data source [Serial]" classname="Kubernetes e2e suite" status="skipped" time="0">
              <skipped message="skipped"></skipped>
          </testcase>
          <testcase name="[It] [sig-storage] In-tree Volumes [Driver: ceph] [Feature:Volumes] [Serial] [Testpattern: Dynamic PV (default fs)] capacity provides storage capacity information" classname="Kubernetes e2e suite" status="skipped" time="0">
              <skipped message="skipped"></skipped>
          </testcase>
          <testcase name="[It] [sig-network] DNS should resolve DNS of partial qualified names for services [LinuxOnly] [Conformance]" classname="Kubernetes e2e suite" status="passed" time="7.286109382"></testcase>
          <testcase name="[It] [sig-storage] In-tree Volumes [Driver: hostPathSymlink] [Testpattern: Dynamic PV (filesystem volmode)] disruptive [Disruptive] [LinuxOnly] Should test that pv used in a pod that is force deleted while the kubelet is down is usable by a new pod with a different SELinux context when kubelet returns [Feature:SELinux]" classname="Kubernetes e2e suite" status="skipped" time="0">
              <skipped message="skipped"></skipped>
          </testcase>
          <testcase name="[It] [sig-storage] In-tree Volumes [Driver: vsphere] [Testpattern: Generic Ephemeral-volume (block volmode) (late-binding)] ephemeral should support two pods which have the same volume definition" classname="Kubernetes e2e suite" status="skipped" time="0">
              <skipped message="skipped"></skipped>
          </testcase>
          <testcase name="[It] [sig-storage] In-tree Volumes [Driver: azure-file] [Testpattern: Pre-provisioned PV (default fs)] subPath should unmount if pod is force deleted while kubelet is down [Disruptive] [Slow] [LinuxOnly]" classname="Kubernetes e2e suite" status="skipped" time="0">
              <skipped message="skipped"></skipped>
          </testcase>
          <testcase name="[It] [sig-storage] ConfigMap should be consumable from pods in volume as non-root [NodeConformance] [Conformance]" classname="Kubernetes e2e suite" status="passed" time="4.151683591"></testcase>
          <testcase name="[It] [sig-storage] In-tree Volumes [Driver: rbd] [Feature:Volumes] [Serial] [Testpattern: Pre-provisioned PV (default fs)] subPath should support existing directory" classname="Kubernetes e2e suite" status="skipped" time="0">
              <skipped message="skipped"></skipped>
          </testcase>
          <testcase name="[It] [sig-storage] In-tree Volumes [Driver: local] [LocalVolumeType: gce-localssd-scsi-fs] [Serial] [Testpattern: Dynamic PV (immediate binding)] topology should provision a volume and schedule a pod with AllowedTopologies" classname="Kubernetes e2e suite" status="skipped" time="0">
              <skipped message="skipped"></skipped>
          </testcase>
          <testcase name="[It] [sig-storage] In-tree Volumes [Driver: local] [LocalVolumeType: tmpfs] [Testpattern: Dynamic PV (block volmode)] multiVolume [Slow] should access to two volumes with different volume mode and retain data across pod recreation on the same node" classname="Kubernetes e2e suite" status="skipped" time="0">
              <skipped message="skipped"></skipped>
          </testcase>
          <testcase name="[It] [sig-storage] In-tree Volumes [Driver: local] [LocalVolumeType: gce-localssd-scsi-fs] [Serial] [Testpattern: Inline-volume (ext4)] volumes should store data" classname="Kubernetes e2e suite" status="skipped" time="0">
              <skipped message="skipped"></skipped>
          </testcase>
          <testcase name="[It] [sig-storage] CSI Volumes [Driver: pd.csi.storage.gke.io] [Serial] [Testpattern: Dynamic PV (ext4)] multiVolume [Slow] should access to two volumes with the same volume mode and retain data across pod recreation on the same node" classname="Kubernetes e2e suite" status="skipped" time="0">
              <skipped message="skipped"></skipped>
          </testcase>
          <testcase name="[It] [sig-storage] In-tree Volumes [Driver: local] [LocalVolumeType: dir-link-bindmounted] [Testpattern: Generic Ephemeral-volume (default fs) (late-binding)] ephemeral should support two pods which have the same volume definition" classname="Kubernetes e2e suite" status="skipped" time="0">
              <skipped message="skipped"></skipped>
          </testcase>
          <testcase name="[It] [sig-storage] In-tree Volumes [Driver: cinder] [Testpattern: Dynamic PV (ntfs)] [Feature:Windows] multiVolume [Slow] should access to two volumes with different volume mode and retain data across pod recreation on different node" classname="Kubernetes e2e suite" status="skipped" time="0">
              <skipped message="skipped"></skipped>
          </testcase>
          <testcase name="[It] [sig-storage] In-tree Volumes [Driver: local] [LocalVolumeType: block] [Testpattern: Generic Ephemeral-volume (default fs) (immediate-binding)] ephemeral should create read/write inline ephemeral volume" classname="Kubernetes e2e suite" status="skipped" time="0">
              <skipped message="skipped"></skipped>
          </testcase>
          <testcase name="[It] [sig-api-machinery] ServerSideApply should work for subresources" classname="Kubernetes e2e suite" status="skipped" time="0">
              <skipped message="skipped"></skipped>
          </testcase>
          <testcase name="[It] [sig-storage] In-tree Volumes [Driver: hostPathSymlink] [Testpattern: Dynamic PV (ntfs)] [Feature:Windows] subPath should support restarting containers using file as subpath [Slow] [LinuxOnly]" classname="Kubernetes e2e suite" status="skipped" time="0">
              <skipped message="skipped"></skipped>
          </testcase>
          <testcase name="[It] [sig-storage] CSI Volumes [Driver: csi-hostpath] [Testpattern: Dynamic PV (ntfs)] [Feature:Windows] subPath should unmount if pod is gracefully deleted while kubelet is down [Disruptive] [Slow] [LinuxOnly]" classname="Kubernetes e2e suite" status="skipped" time="0">
              <skipped message="skipped"></skipped>
          </testcase>
          <testcase name="[It] [sig-node] Pods should contain environment variables for services [NodeConformance] [Conformance]" classname="Kubernetes e2e suite" status="passed" time="6.140733482"></testcase>
          <testcase name="[It] [sig-storage] In-tree Volumes [Driver: azure-disk] [Testpattern: Generic Ephemeral-volume (default fs) (late-binding)] ephemeral should create read-only inline ephemeral volume" classname="Kubernetes e2e suite" status="skipped" time="0">
              <skipped message="skipped"></skipped>
          </testcase>
          <testcase name="[It] [sig-storage] In-tree Volumes [Driver: aws] [Testpattern: Dynamic PV (default fs)] provisioning should provision storage with snapshot data source (ROX mode) [Feature:VolumeSnapshotDataSource]" classname="Kubernetes e2e suite" status="skipped" time="0">
              <skipped message="skipped"></skipped>
          </testcase>
          <testcase name="[It] [sig-api-machinery] Namespaces [Serial] should ensure that all pods are removed when a namespace is deleted [Conformance]" classname="Kubernetes e2e suite" status="passed" time="13.131235032"></testcase>
          <testcase name="[It] [sig-storage] CSI Volumes [Driver: pd.csi.storage.gke.io] [Serial] [Testpattern: Inline-volume (default fs)] subPath should fail if subpath directory is outside the volume [Slow] [LinuxOnly]" classname="Kubernetes e2e suite" status="skipped" time="0">
              <skipped message="skipped"></skipped>
          </testcase>
          <testcase name="[It] [sig-cli] Kubectl client Kubectl apply should reuse port when apply to an existing SVC" classname="Kubernetes e2e suite" status="skipped" time="0">
              <skipped message="skipped"></skipped>
          </testcase>
          <testcase name="[It] [sig-storage] CSI Volumes [Driver: csi-hostpath] [Testpattern: Dynamic PV (default fs)] provisioning should provision storage with pvc data source in parallel [Slow]" classname="Kubernetes e2e suite" status="skipped" time="0">
              <skipped message="skipped"></skipped>
          </testcase>
          <testcase name="[It] [sig-storage] In-tree Volumes [Driver: azure-file] [Testpattern: Pre-provisioned PV (filesystem volmode)] volumeMode should not mount / map unused volumes in a pod [LinuxOnly]" classname="Kubernetes e2e suite" status="skipped" time="0">
              <skipped message="skipped"></skipped>
          </testcase>
          <testcase name="[It] [sig-storage] CSI Volumes [Driver: csi-hostpath] [Testpattern: Pre-provisioned PV (block volmode)] volumes should store data" classname="Kubernetes e2e suite" status="skipped" time="0">
              <skipped message="skipped"></skipped>
          </testcase>
          <testcase name="[It] [sig-storage] In-tree Volumes [Driver: cinder] [Testpattern: Dynamic PV (filesystem volmode)] disruptive [Disruptive] [LinuxOnly] Should test that pv used in a pod that is deleted while the kubelet is down is usable by a new pod with a different SELinux context when kubelet returns [Feature:SELinux]" classname="Kubernetes e2e suite" status="skipped" time="0">
              <skipped message="skipped"></skipped>
          </testcase>
          <testcase name="[It] [sig-network] Firewall rule control plane should not expose well-known ports" classname="Kubernetes e2e suite" status="skipped" time="0">
              <skipped message="skipped"></skipped>
          </testcase>
          <testcase name="[It] [sig-storage] CSI Mock volume service account token CSIServiceAccountToken token should not be plumbed down when CSIDriver is not deployed" classname="Kubernetes e2e suite" status="skipped" time="0">
              <skipped message="skipped"></skipped>
          </testcase>
          <testcase name="[It] [sig-storage] In-tree Volumes [Driver: aws] [Testpattern: Dynamic PV (default fs)] capacity provides storage capacity information" classname="Kubernetes e2e suite" status="skipped" time="0">
              <skipped message="skipped"></skipped>
          </testcase>
          <testcase name="[It] [sig-storage] In-tree Volumes [Driver: local] [LocalVolumeType: block] [Testpattern: Inline-volume (ntfs)] [Feature:Windows] volumes should allow exec of files on the volume" classname="Kubernetes e2e suite" status="skipped" time="0">
              <skipped message="skipped"></skipped>
          </testcase>
          <testcase name="[It] [sig-storage] In-tree Volumes [Driver: ceph] [Feature:Volumes] [Serial] [Testpattern: Dynamic PV (block volmode)(allowExpansion)] volume-expand Verify if offline PVC expansion works" classname="Kubernetes e2e suite" status="skipped" time="0">
              <skipped message="skipped"></skipped>
          </testcase>
          <testcase name="[It] [sig-storage] In-tree Volumes [Driver: nfs] [Testpattern: Dynamic PV (block volmode)] disruptive [Disruptive] [LinuxOnly] Should test that pv used in a pod that is force deleted while the kubelet is down cleans up when the kubelet returns." classname="Kubernetes e2e suite" status="skipped" time="0">
              <skipped message="skipped"></skipped>
          </testcase>
          <testcase name="[It] [sig-storage] In-tree Volumes [Driver: cinder] [Testpattern: Dynamic PV (block volmode)] provisioning should provision correct filesystem size when restoring snapshot to larger size pvc [Feature:VolumeSnapshotDataSource]" classname="Kubernetes e2e suite" status="skipped" time="0">
              <skipped message="skipped"></skipped>
          </testcase>
          <testcase name="[It] [sig-storage] PersistentVolumes:vsphere [Feature:vsphere] should test that a file written to the vsphere volume mount before kubelet restart can be read after restart [Disruptive]" classname="Kubernetes e2e suite" status="skipped" time="0">
              <skipped message="skipped"></skipped>
          </testcase>
          <testcase name="[It] [sig-storage] In-tree Volumes [Driver: hostPathSymlink] [Testpattern: Dynamic PV (default fs)] volumes should allow exec of files on the volume" classname="Kubernetes e2e suite" status="skipped" time="0">
              <skipped message="skipped"></skipped>
          </testcase>
          <testcase name="[It] [sig-storage] In-tree Volumes [Driver: cinder] [Testpattern: Generic Ephemeral-volume (default fs) (late-binding)] ephemeral should support multiple inline ephemeral volumes" classname="Kubernetes e2e suite" status="skipped" time="0">
              <skipped message="skipped"></skipped>
          </testcase>
          <testcase name="[It] [sig-storage] ConfigMap Should fail non-optional pod creation due to the key in the configMap object does not exist [Slow]" classname="Kubernetes e2e suite" status="skipped" time="0">
              <skipped message="skipped"></skipped>
          </testcase>
          <testcase name="[It] [sig-storage] In-tree Volumes [Driver: azure-file] [Testpattern: Dynamic PV (ntfs)(allowExpansion)] [Feature:Windows] volume-expand Verify if offline PVC expansion works" classname="Kubernetes e2e suite" status="skipped" time="0">
              <skipped message="skipped"></skipped>
          </testcase>
          <testcase name="[It] [sig-storage] In-tree Volumes [Driver: nfs] [Testpattern: Dynamic PV (default fs)(allowExpansion)] volume-expand should resize volume when PVC is edited while pod is using it" classname="Kubernetes e2e suite" status="skipped" time="0">
              <skipped message="skipped"></skipped>
          </testcase>
          <testcase name="[It] [sig-storage] In-tree Volumes [Driver: local] [LocalVolumeType: blockfs] [Testpattern: Dynamic PV (ext3)] volumes should allow exec of files on the volume" classname="Kubernetes e2e suite" status="skipped" time="0">
              <skipped message="skipped"></skipped>
          </testcase>
          <testcase name="[It] [sig-storage] In-tree Volumes [Driver: local] [LocalVolumeType: dir-bindmounted] [Testpattern: Dynamic PV (default fs)] provisioning should provision storage with pvc data source in parallel [Slow]" classname="Kubernetes e2e suite" status="skipped" time="0">
              <skipped message="skipped"></skipped>
          </testcase>
          <testcase name="[It] [sig-storage] In-tree Volumes [Driver: local] [LocalVolumeType: block] [Testpattern: Dynamic PV (ntfs)] [Feature:Windows] provisioning should provision storage with any volume data source [Serial]" classname="Kubernetes e2e suite" status="skipped" time="0">
              <skipped message="skipped"></skipped>
          </testcase>
          <testcase name="[It] [sig-storage] In-tree Volumes [Driver: local] [LocalVolumeType: dir-bindmounted] [Testpattern: Dynamic PV (ntfs)] [Feature:Windows] subPath should support existing single file [LinuxOnly]" classname="Kubernetes e2e suite" status="skipped" time="0">
              <skipped message="skipped"></skipped>
          </testcase>
          <testcase name="[It] [sig-storage] In-tree Volumes [Driver: cinder] [Testpattern: Dynamic PV (default fs)] subPath should support existing directories when readOnly specified in the volumeSource" classname="Kubernetes e2e suite" status="skipped" time="0">
              <skipped message="skipped"></skipped>
          </testcase>
          <testcase name="[It] [sig-storage] In-tree Volumes [Driver: local] [LocalVolumeType: blockfs] [Testpattern: Dynamic PV (filesystem volmode)] disruptive [Disruptive] [LinuxOnly] Should test that pv used in a pod that is force deleted while the kubelet is down is usable by a new pod when kubelet returns [Feature:SELinux]" classname="Kubernetes e2e suite" status="skipped" time="0">
              <skipped message="skipped"></skipped>
          </testcase>
          <testcase name="[It] [sig-storage] In-tree Volumes [Driver: vsphere] [Testpattern: Pre-provisioned PV (default fs)] subPath should support readOnly directory specified in the volumeMount" classname="Kubernetes e2e suite" status="skipped" time="0">
              <skipped message="skipped"></skipped>
          </testcase>
          <testcase name="[It] [sig-cloud-provider-gcp] [Disruptive] NodeLease NodeLease deletion node lease should be deleted when corresponding node is deleted" classname="Kubernetes e2e suite" status="skipped" time="0">
              <skipped message="skipped"></skipped>
          </testcase>
          <testcase name="[It] [sig-storage] In-tree Volumes [Driver: local] [LocalVolumeType: block] [Testpattern: Inline-volume (ext3)] volumes should store data" classname="Kubernetes e2e suite" status="skipped" time="0">
              <skipped message="skipped"></skipped>
          </testcase>
          <testcase name="[It] [sig-storage] In-tree Volumes [Driver: hostPath] [Testpattern: Dynamic PV (ext4)] multiVolume [Slow] should access to two volumes with different volume mode and retain data across pod recreation on the same node" classname="Kubernetes e2e suite" status="skipped" time="0">
              <skipped message="skipped"></skipped>
          </testcase>
          <testcase name="[It] [sig-node] Kubelet when scheduling a busybox command that always fails in a pod should have an terminated reason [NodeConformance] [Conformance]" classname="Kubernetes e2e suite" status="passed" time="4.065452047"></testcase>
          <testcase name="[It] [sig-storage] In-tree Volumes [Driver: local] [LocalVolumeType: gce-localssd-scsi-fs] [Serial] [Testpattern: Dynamic PV (ntfs)] [Feature:Windows] multiVolume [Slow] should concurrently access the volume and its clone from pods on the same node [LinuxOnly] [Feature:VolumeSourceXFS]" classname="Kubernetes e2e suite" status="skipped" time="0">
              <skipped message="skipped"></skipped>
          </testcase>
          <testcase name="[It] [sig-storage] In-tree Volumes [Driver: rbd] [Feature:Volumes] [Serial] [Testpattern: Dynamic PV (immediate binding)] topology should fail to schedule a pod which has topologies that conflict with AllowedTopologies" classname="Kubernetes e2e suite" status="skipped" time="0">
              <skipped message="skipped"></skipped>
          </testcase>
          <testcase name="[It] [sig-windows] [Feature:Windows] Windows volume mounts check volume mount permissions container should have readOnly permissions on hostMapPath" classname="Kubernetes e2e suite" status="skipped" time="0">
              <skipped message="skipped"></skipped>
          </testcase>
          <testcase name="[It] [sig-storage] In-tree Volumes [Driver: local] [LocalVolumeType: dir-link] [Testpattern: Dynamic PV (ntfs)] [Feature:Windows] volumes should allow exec of files on the volume" classname="Kubernetes e2e suite" status="skipped" time="0">
              <skipped message="skipped"></skipped>
          </testcase>
          <testcase name="[It] [sig-storage] In-tree Volumes [Driver: aws] [Testpattern: Dynamic PV (filesystem volmode)] multiVolume [Slow] should access to two volumes with different volume mode and retain data across pod recreation on the same node" classname="Kubernetes e2e suite" status="skipped" time="0">
              <skipped message="skipped"></skipped>
          </testcase>
          <testcase name="[It] [sig-storage] In-tree Volumes [Driver: hostPathSymlink] [Testpattern: Dynamic PV (default fs)] provisioning should provision storage with snapshot data source [Feature:VolumeSnapshotDataSource]" classname="Kubernetes e2e suite" status="skipped" time="0">
              <skipped message="skipped"></skipped>
          </testcase>
          <testcase name="[It] [sig-windows] [Feature:Windows] Windows volume mounts check volume mount permissions container should have readOnly permissions on emptyDir" classname="Kubernetes e2e suite" status="skipped" time="0">
              <skipped message="skipped"></skipped>
          </testcase>
          <testcase name="[It] [sig-storage] PersistentVolumes:vsphere [Feature:vsphere] should test that deleting the PV before the pod does not cause pod deletion to fail on vsphere volume detach" classname="Kubernetes e2e suite" status="skipped" time="0">
              <skipped message="skipped"></skipped>
          </testcase>
          <testcase name="[It] [sig-storage] In-tree Volumes [Driver: local] [LocalVolumeType: dir] [Testpattern: Dynamic PV (default fs)] subPath should fail if subpath file is outside the volume [Slow] [LinuxOnly]" classname="Kubernetes e2e suite" status="skipped" time="0">
              <skipped message="skipped"></skipped>
          </testcase>
          <testcase name="[It] [sig-storage] EmptyDir volumes should support (root,0644,tmpfs) [LinuxOnly] [NodeConformance] [Conformance]" classname="Kubernetes e2e suite" status="passed" time="2.08596117"></testcase>
          <testcase name="[It] [sig-storage] In-tree Volumes [Driver: cinder] [Testpattern: Dynamic PV (default fs)] subPath should support existing directory" classname="Kubernetes e2e suite" status="skipped" time="0">
              <skipped message="skipped"></skipped>
          </testcase>
          <testcase name="[It] [sig-storage] In-tree Volumes [Driver: local] [LocalVolumeType: dir-link] [Testpattern: Dynamic PV (ext4)] volumes should store data" classname="Kubernetes e2e suite" status="skipped" time="0">
              <skipped message="skipped"></skipped>
          </testcase>
          <testcase name="[It] [sig-node] Container Runtime blackbox test when running a container with a new image should be able to pull from private registry with secret [NodeConformance]" classname="Kubernetes e2e suite" status="skipped" time="0">
              <skipped message="skipped"></skipped>
          </testcase>
          <testcase name="[It] [sig-api-machinery] Discovery Custom resource should have storage version hash" classname="Kubernetes e2e suite" status="skipped" time="0">
              <skipped message="skipped"></skipped>
          </testcase>
          <testcase name="[It] [sig-storage] In-tree Volumes [Driver: azure-file] [Testpattern: Generic Ephemeral-volume (default fs) (immediate-binding)] ephemeral should support multiple inline ephemeral volumes" classname="Kubernetes e2e suite" status="skipped" time="0">
              <skipped message="skipped"></skipped>
          </testcase>
          <testcase name="[It] [sig-api-machinery] ServerSideApply should give up ownership of a field if forced applied by a controller" classname="Kubernetes e2e suite" status="skipped" time="0">
              <skipped message="skipped"></skipped>
          </testcase>
          <testcase name="[It] [sig-storage] In-tree Volumes [Driver: local] [LocalVolumeType: dir-link-bindmounted] [Testpattern: Generic Ephemeral-volume (default fs) (late-binding)] ephemeral should support multiple inline ephemeral volumes" classname="Kubernetes e2e suite" status="skipped" time="0">
              <skipped message="skipped"></skipped>
          </testcase>
          <testcase name="[It] [sig-storage] In-tree Volumes [Driver: rbd] [Feature:Volumes] [Serial] [Testpattern: Dynamic PV (ext3)] volumes should allow exec of files on the volume" classname="Kubernetes e2e suite" status="skipped" time="0">
              <skipped message="skipped"></skipped>
          </testcase>
          <testcase name="[It] [sig-storage] CSI Volumes [Driver: csi-hostpath] [Testpattern: Dynamic PV (filesystem volmode)] volume-lifecycle-performance should provision volumes at scale within performance constraints [Slow] [Serial]" classname="Kubernetes e2e suite" status="skipped" time="0">
              <skipped message="skipped"></skipped>
          </testcase>
          <testcase name="[It] [sig-node] Container Lifecycle Hook when create a pod with lifecycle hook should execute prestop http hook properly [NodeConformance] [Conformance]" classname="Kubernetes e2e suite" status="passed" time="6.144229614"></testcase>
          <testcase name="[It] [sig-storage] In-tree Volumes [Driver: cinder] [Testpattern: Dynamic PV (block volmode)] multiVolume [Slow] should concurrently access the volume and restored snapshot from pods on the same node [LinuxOnly] [Feature:VolumeSnapshotDataSource] [Feature:VolumeSourceXFS]" classname="Kubernetes e2e suite" status="skipped" time="0">
              <skipped message="skipped"></skipped>
          </testcase>
          <testcase name="[It] [sig-network] [Feature:IPv6DualStack] Granular Checks: Services Secondary IP Family [LinuxOnly] should function for pod-Service: http" classname="Kubernetes e2e suite" status="skipped" time="0">
              <skipped message="skipped"></skipped>
          </testcase>
          <testcase name="[It] [sig-storage] CSI Volumes [Driver: pd.csi.storage.gke.io] [Serial] [Testpattern: Dynamic PV (ext3)] volumes should allow exec of files on the volume" classname="Kubernetes e2e suite" status="skipped" time="0">
              <skipped message="skipped"></skipped>
          </testcase>
          <testcase name="[It] [sig-storage] In-tree Volumes [Driver: azure-disk] [Testpattern: Dynamic PV (ext4)] multiVolume [Slow] should access to two volumes with the same volume mode and retain data across pod recreation on different node" classname="Kubernetes e2e suite" status="skipped" time="0">
              <skipped message="skipped"></skipped>
          </testcase>
          <testcase name="[It] [sig-storage] In-tree Volumes [Driver: hostPathSymlink] [Testpattern: Pre-provisioned PV (default fs)] subPath should support existing directory" classname="Kubernetes e2e suite" status="skipped" time="0">
              <skipped message="skipped"></skipped>
          </testcase>
          <testcase name="[It] [sig-storage] In-tree Volumes [Driver: local] [LocalVolumeType: dir-link-bindmounted] [Testpattern: Inline-volume (default fs)] subPath should support restarting containers using directory as subpath [Slow]" classname="Kubernetes e2e suite" status="skipped" time="0">
              <skipped message="skipped"></skipped>
          </testcase>
          <testcase name="[It] [sig-storage] In-tree Volumes [Driver: local] [LocalVolumeType: gce-localssd-scsi-fs] [Serial] [Testpattern: Dynamic PV (default fs)] subPath should verify container cannot write to subpath readonly volumes [Slow]" classname="Kubernetes e2e suite" status="skipped" time="0">
              <skipped message="skipped"></skipped>
          </testcase>
          <testcase name="[It] [sig-network] Proxy version v1 should proxy logs on node using proxy subresource" classname="Kubernetes e2e suite" status="skipped" time="0">
              <skipped message="skipped"></skipped>
          </testcase>
          <testcase name="[It] [sig-storage] In-tree Volumes [Driver: emptydir] [Testpattern: Dynamic PV (ntfs)] [Feature:Windows] multiVolume [Slow] should concurrently access the volume and restored snapshot from pods on the same node [LinuxOnly] [Feature:VolumeSnapshotDataSource] [Feature:VolumeSourceXFS]" classname="Kubernetes e2e suite" status="skipped" time="0">
              <skipped message="skipped"></skipped>
          </testcase>
          <testcase name="[It] [sig-storage] In-tree Volumes [Driver: azure-disk] [Testpattern: Dynamic PV (default fs)] subPath should support existing directories when readOnly specified in the volumeSource" classname="Kubernetes e2e suite" status="skipped" time="0">
              <skipped message="skipped"></skipped>
          </testcase>
          <testcase name="[It] [sig-apps] StatefulSet Non-retain StatefulSetPersistentVolumeClaimPolicy should not delete PVC with OnScaledown policy if another controller owns the PVC" classname="Kubernetes e2e suite" status="skipped" time="0">
              <skipped message="skipped"></skipped>
          </testcase>
          <testcase name="[It] [sig-storage] In-tree Volumes [Driver: hostPathSymlink] [Testpattern: Dynamic PV (default fs)] provisioning should provision correct filesystem size when restoring snapshot to larger size pvc [Feature:VolumeSnapshotDataSource]" classname="Kubernetes e2e suite" status="skipped" time="0">
              <skipped message="skipped"></skipped>
          </testcase>
          <testcase name="[It] [sig-storage] In-tree Volumes [Driver: local] [LocalVolumeType: gce-localssd-scsi-fs] [Serial] [Testpattern: Dynamic PV (default fs)] provisioning should provision storage with pvc data source in parallel [Slow]" classname="Kubernetes e2e suite" status="skipped" time="0">
              <skipped message="skipped"></skipped>
          </testcase>
          <testcase name="[It] [sig-storage] In-tree Volumes [Driver: iscsi] [Feature:Volumes] [Testpattern: Inline-volume (ext3)] volumes should store data" classname="Kubernetes e2e suite" status="skipped" time="0">
              <skipped message="skipped"></skipped>
          </testcase>
          <testcase name="[It] [sig-storage] In-tree Volumes [Driver: local] [LocalVolumeType: dir-link] [Testpattern: Dynamic PV (ntfs)] [Feature:Windows] subPath should verify container cannot write to subpath readonly volumes [Slow]" classname="Kubernetes e2e suite" status="skipped" time="0">
              <skipped message="skipped"></skipped>
          </testcase>
          <testcase name="[It] [sig-storage] In-tree Volumes [Driver: local] [LocalVolumeType: gce-localssd-scsi-fs] [Serial] [Testpattern: Dynamic PV (filesystem volmode)] volumeLimits should support volume limits [Serial]" classname="Kubernetes e2e suite" status="skipped" time="0">
              <skipped message="skipped"></skipped>
          </testcase>
          <testcase name="[It] [sig-storage] In-tree Volumes [Driver: local] [LocalVolumeType: dir-link-bindmounted] [Testpattern: Pre-provisioned PV (ntfs)] [Feature:Windows] volumes should store data" classname="Kubernetes e2e suite" status="skipped" time="0">
              <skipped message="skipped"></skipped>
          </testcase>
          <testcase name="[It] [sig-storage] In-tree Volumes [Driver: nfs] [Testpattern: Generic Ephemeral-volume (default fs) (immediate-binding)] ephemeral should create read/write inline ephemeral volume" classname="Kubernetes e2e suite" status="skipped" time="0">
              <skipped message="skipped"></skipped>
          </testcase>
          <testcase name="[It] [sig-storage] In-tree Volumes [Driver: iscsi] [Feature:Volumes] [Testpattern: Dynamic PV (ext3)] volumes should store data" classname="Kubernetes e2e suite" status="skipped" time="0">
              <skipped message="skipped"></skipped>
          </testcase>
          <testcase name="[It] [sig-storage] In-tree Volumes [Driver: local] [LocalVolumeType: block] [Testpattern: Dynamic PV (block volmode)] provisioning should provision storage with mount options" classname="Kubernetes e2e suite" status="skipped" time="0">
              <skipped message="skipped"></skipped>
          </testcase>
          <testcase name="[It] [sig-storage] In-tree Volumes [Driver: local] [LocalVolumeType: dir-bindmounted] [Testpattern: Dynamic PV (block volmode)] disruptive [Disruptive] [LinuxOnly] Should test that pv used in a pod that is force deleted while the kubelet is down cleans up when the kubelet returns." classname="Kubernetes e2e suite" status="skipped" time="0">
              <skipped message="skipped"></skipped>
          </testcase>
          <testcase name="[It] [sig-storage] In-tree Volumes [Driver: hostPath] [Testpattern: Generic Ephemeral-volume (default fs) (late-binding)] ephemeral should create read/write inline ephemeral volume" classname="Kubernetes e2e suite" status="skipped" time="0">
              <skipped message="skipped"></skipped>
          </testcase>
          <testcase name="[It] [sig-storage] CSI Volumes [Driver: pd.csi.storage.gke.io] [Serial] [Testpattern: Dynamic PV (filesystem volmode)] disruptive [Disruptive] [LinuxOnly] Should test that pv used in a pod that is deleted while the kubelet is down is usable by a new pod when kubelet returns [Feature:SELinux]" classname="Kubernetes e2e suite" status="skipped" time="0">
              <skipped message="skipped"></skipped>
          </testcase>
          <testcase name="[It] [sig-storage] In-tree Volumes [Driver: nfs] [Testpattern: Dynamic PV (block volmode)] provisioning should provision storage with pvc data source (ROX mode)" classname="Kubernetes e2e suite" status="skipped" time="0">
              <skipped message="skipped"></skipped>
          </testcase>
          <testcase name="[It] [sig-storage] In-tree Volumes [Driver: local] [LocalVolumeType: blockfs] [Testpattern: Pre-provisioned PV (filesystem volmode)] multiVolume [Slow] should concurrently access the single read-only volume from pods on the same node" classname="Kubernetes e2e suite" status="skipped" time="0">
              <skipped message="skipped"></skipped>
          </testcase>
          <testcase name="[It] [sig-storage] In-tree Volumes [Driver: local] [LocalVolumeType: dir-link-bindmounted] [Testpattern: Inline-volume (default fs)] subPath should support creating multiple subpath from same volumes [Slow]" classname="Kubernetes e2e suite" status="skipped" time="0">
              <skipped message="skipped"></skipped>
          </testcase>
          <testcase name="[It] [sig-storage] In-tree Volumes [Driver: hostPathSymlink] [Testpattern: Dynamic PV (block volmode)] volume-expand should not allow expansion of pvcs without AllowVolumeExpansion property" classname="Kubernetes e2e suite" status="skipped" time="0">
              <skipped message="skipped"></skipped>
          </testcase>
          <testcase name="[It] [sig-network] Services should be updated after adding or deleting ports" classname="Kubernetes e2e suite" status="skipped" time="0">
              <skipped message="skipped"></skipped>
          </testcase>
          <testcase name="[It] [sig-storage] In-tree Volumes [Driver: vsphere] [Testpattern: Generic Ephemeral-volume (block volmode) (late-binding)] ephemeral should support expansion of pvcs created for ephemeral pvcs" classname="Kubernetes e2e suite" status="skipped" time="0">
              <skipped message="skipped"></skipped>
          </testcase>
          <testcase name="[It] [sig-storage] In-tree Volumes [Driver: hostPath] [Testpattern: Inline-volume (default fs)] subPath should fail if subpath file is outside the volume [Slow] [LinuxOnly]" classname="Kubernetes e2e suite" status="skipped" time="0">
              <skipped message="skipped"></skipped>
          </testcase>
          <testcase name="[It] [sig-storage] In-tree Volumes [Driver: cinder] [Testpattern: Dynamic PV (block volmode)] disruptive [Disruptive] [LinuxOnly] Should test that pv written before kubelet restart is readable after restart." classname="Kubernetes e2e suite" status="skipped" time="0">
              <skipped message="skipped"></skipped>
          </testcase>
          <testcase name="[It] [sig-storage] In-tree Volumes [Driver: ceph] [Feature:Volumes] [Serial] [Testpattern: Inline-volume (ntfs)] [Feature:Windows] volumes should allow exec of files on the volume" classname="Kubernetes e2e suite" status="skipped" time="0">
              <skipped message="skipped"></skipped>
          </testcase>
          <testcase name="[It] [sig-storage] In-tree Volumes [Driver: local] [LocalVolumeType: tmpfs] [Testpattern: Dynamic PV (default fs)] fsgroupchangepolicy (OnRootMismatch)[LinuxOnly], pod created with an initial fsgroup, volume contents ownership changed via chgrp in first pod, new pod with same fsgroup skips ownership changes to the volume contents" classname="Kubernetes e2e suite" status="skipped" time="0">
              <skipped message="skipped"></skipped>
          </testcase>
          <testcase name="[It] [sig-storage] In-tree Volumes [Driver: local] [LocalVolumeType: dir] [Testpattern: Dynamic PV (ntfs)] [Feature:Windows] provisioning should provision storage with pvc data source" classname="Kubernetes e2e suite" status="skipped" time="0">
              <skipped message="skipped"></skipped>
          </testcase>
          <testcase name="[It] [sig-storage] In-tree Volumes [Driver: iscsi] [Feature:Volumes] [Testpattern: Dynamic PV (block volmode)] multiVolume [Slow] should access to two volumes with the same volume mode and retain data across pod recreation on different node" classname="Kubernetes e2e suite" status="skipped" time="0">
              <skipped message="skipped"></skipped>
          </testcase>
          <testcase name="[It] [sig-storage] CSI Mock volume expansion Expansion with recovery [Feature:RecoverVolumeExpansionFailure] should record target size in allocated resources" classname="Kubernetes e2e suite" status="skipped" time="0">
              <skipped message="skipped"></skipped>
          </testcase>
          <testcase name="[It] [sig-apps] StatefulSet Basic StatefulSet functionality [StatefulSetBasic] should perform canary updates and phased rolling updates of template modifications [Conformance]" classname="Kubernetes e2e suite" status="passed" time="70.293550967"></testcase>
          <testcase name="[It] [sig-storage] In-tree Volumes [Driver: local] [LocalVolumeType: dir] [Testpattern: Dynamic PV (default fs)] provisioning should mount multiple PV pointing to the same storage on the same node" classname="Kubernetes e2e suite" status="skipped" time="0">
              <skipped message="skipped"></skipped>
          </testcase>
          <testcase name="[It] [sig-storage] CSI Volumes [Driver: csi-hostpath] [Testpattern: Inline-volume (default fs)] volumes should allow exec of files on the volume" classname="Kubernetes e2e suite" status="skipped" time="0">
              <skipped message="skipped"></skipped>
          </testcase>
          <testcase name="[It] [sig-network] DNS should provide DNS for the cluster [Conformance]" classname="Kubernetes e2e suite" status="passed" time="2.107124923"></testcase>
          <testcase name="[It] [sig-storage] In-tree Volumes [Driver: nfs] [Testpattern: Dynamic PV (ntfs)(allowExpansion)] [Feature:Windows] volume-expand should resize volume when PVC is edited while pod is using it" classname="Kubernetes e2e suite" status="skipped" time="0">
              <skipped message="skipped"></skipped>
          </testcase>
          <testcase name="[It] [sig-storage] NFSPersistentVolumes [Disruptive] [Flaky] when kube-controller-manager restarts should delete a bound PVC from a clientPod, restart the kube-control-manager, and ensure the kube-controller-manager does not crash" classname="Kubernetes e2e suite" status="skipped" time="0">
              <skipped message="skipped"></skipped>
          </testcase>
          <testcase name="[It] [sig-network] Services should be able to switch session affinity for NodePort service [LinuxOnly] [Conformance]" classname="Kubernetes e2e suite" status="passed" time="11.080405585"></testcase>
          <testcase name="[It] [sig-storage] In-tree Volumes [Driver: nfs] [Testpattern: Dynamic PV (default fs)] subPath should verify container cannot write to subpath readonly volumes [Slow]" classname="Kubernetes e2e suite" status="skipped" time="0">
              <skipped message="skipped"></skipped>
          </testcase>
          <testcase name="[It] [sig-storage] In-tree Volumes [Driver: local] [LocalVolumeType: dir-link] [Testpattern: Dynamic PV (ntfs)] [Feature:Windows] multiVolume [Slow] should access to two volumes with different volume mode and retain data across pod recreation on the same node" classname="Kubernetes e2e suite" status="skipped" time="0">
              <skipped message="skipped"></skipped>
          </testcase>
          <testcase name="[It] [sig-storage] In-tree Volumes [Driver: local] [LocalVolumeType: dir-link] [Testpattern: Generic Ephemeral-volume (default fs) (immediate-binding)] ephemeral should support expansion of pvcs created for ephemeral pvcs" classname="Kubernetes e2e suite" status="skipped" time="0">
              <skipped message="skipped"></skipped>
          </testcase>
          <testcase name="[It] [sig-storage] In-tree Volumes [Driver: local] [LocalVolumeType: dir-link] [Testpattern: Dynamic PV (block volmode)] disruptive [Disruptive] [LinuxOnly] Should test that pv used in a pod that is deleted while the kubelet is down cleans up when the kubelet returns." classname="Kubernetes e2e suite" status="skipped" time="0">
              <skipped message="skipped"></skipped>
          </testcase>
          <testcase name="[It] [sig-storage] In-tree Volumes [Driver: local] [LocalVolumeType: gce-localssd-scsi-fs] [Serial] [Testpattern: Dynamic PV (default fs)] provisioning should provision storage with snapshot data source (ROX mode) [Feature:VolumeSnapshotDataSource]" classname="Kubernetes e2e suite" status="skipped" time="0">
              <skipped message="skipped"></skipped>
          </testcase>
          <testcase name="[It] [sig-storage] In-tree Volumes [Driver: vsphere] [Testpattern: Dynamic PV (filesystem volmode)] multiVolume [Slow] should concurrently access the volume and restored snapshot from pods on the same node [LinuxOnly] [Feature:VolumeSnapshotDataSource] [Feature:VolumeSourceXFS]" classname="Kubernetes e2e suite" status="skipped" time="0">
              <skipped message="skipped"></skipped>
          </testcase>
          <testcase name="[It] [sig-storage] In-tree Volumes [Driver: rbd] [Feature:Volumes] [Serial] [Testpattern: Dynamic PV (block volmode)] provisioning should provision storage with pvc data source (ROX mode)" classname="Kubernetes e2e suite" status="skipped" time="0">
              <skipped message="skipped"></skipped>
          </testcase>
          <testcase name="[It] [sig-storage] Downward API [Serial] [Disruptive] [Feature:EphemeralStorage] Downward API tests for local ephemeral storage should provide container&#39;s limits.ephemeral-storage and requests.ephemeral-storage as env vars" classname="Kubernetes e2e suite" status="skipped" time="0">
              <skipped message="skipped"></skipped>
          </testcase>
          <testcase name="[It] [sig-storage] In-tree Volumes [Driver: nfs] [Testpattern: Pre-provisioned PV (ext3)] volumes should allow exec of files on the volume" classname="Kubernetes e2e suite" status="skipped" time="0">
              <skipped message="skipped"></skipped>
          </testcase>
          <testcase name="[It] [sig-storage] [Serial] Volume metrics PVC should create volume metrics with the correct FilesystemMode PVC ref" classname="Kubernetes e2e suite" status="skipped" time="0">
              <skipped message="skipped"></skipped>
          </testcase>
          <testcase name="[It] [sig-storage] In-tree Volumes [Driver: emptydir] [Testpattern: Dynamic PV (filesystem volmode)] disruptive [Disruptive] [LinuxOnly] Should test that pv used in a pod that is deleted while the kubelet is down is usable by a new pod with a different SELinux context when kubelet returns [Feature:SELinux]" classname="Kubernetes e2e suite" status="skipped" time="0">
              <skipped message="skipped"></skipped>
          </testcase>
          <testcase name="[It] [sig-storage] CSI Volumes [Driver: pd.csi.storage.gke.io] [Serial] [Testpattern: Dynamic PV (default fs)] fsgroupchangepolicy (OnRootMismatch)[LinuxOnly], pod created with an initial fsgroup, new pod fsgroup applied to volume contents" classname="Kubernetes e2e suite" status="skipped" time="0">
              <skipped message="skipped"></skipped>
          </testcase>
          <testcase name="[It] [sig-apps] Job should mark indexes as failed when the FailIndex action is matched in podFailurePolicy" classname="Kubernetes e2e suite" status="skipped" time="0">
              <skipped message="skipped"></skipped>
          </testcase>
          <testcase name="[It] [sig-storage] CSI Volumes [Driver: pd.csi.storage.gke.io] [Serial] [Testpattern: Pre-provisioned PV (block volmode)] volumes should store data" classname="Kubernetes e2e suite" status="skipped" time="0">
              <skipped message="skipped"></skipped>
          </testcase>
          <testcase name="[It] [sig-storage] CSI Volumes [Driver: pd.csi.storage.gke.io] [Serial] [Testpattern: Dynamic PV (ntfs)] [Feature:Windows] subPath should unmount if pod is force deleted while kubelet is down [Disruptive] [Slow] [LinuxOnly]" classname="Kubernetes e2e suite" status="skipped" time="0">
              <skipped message="skipped"></skipped>
          </testcase>
          <testcase name="[It] [sig-storage] In-tree Volumes [Driver: aws] [Testpattern: Dynamic PV (default fs)] subPath should unmount if pod is gracefully deleted while kubelet is down [Disruptive] [Slow] [LinuxOnly]" classname="Kubernetes e2e suite" status="skipped" time="0">
              <skipped message="skipped"></skipped>
          </testcase>
          <testcase name="[It] [sig-network] LoadBalancers should have session affinity work for LoadBalancer service with ESIPP on [Slow] [LinuxOnly]" classname="Kubernetes e2e suite" status="skipped" time="0">
              <skipped message="skipped"></skipped>
          </testcase>
          <testcase name="[It] [sig-storage] In-tree Volumes [Driver: local] [LocalVolumeType: dir-link-bindmounted] [Testpattern: Dynamic PV (ntfs)] [Feature:Windows] subPath should support readOnly directory specified in the volumeMount" classname="Kubernetes e2e suite" status="skipped" time="0">
              <skipped message="skipped"></skipped>
          </testcase>
          <testcase name="[It] [sig-storage] In-tree Volumes [Driver: ceph] [Feature:Volumes] [Serial] [Testpattern: Pre-provisioned PV (default fs)] subPath should support readOnly directory specified in the volumeMount" classname="Kubernetes e2e suite" status="skipped" time="0">
              <skipped message="skipped"></skipped>
          </testcase>
          <testcase name="[It] [sig-network] Netpol NetworkPolicy between server and client should support a &#39;default-deny-all&#39; policy [Feature:NetworkPolicy]" classname="Kubernetes e2e suite" status="skipped" time="0">
              <skipped message="skipped"></skipped>
          </testcase>
          <testcase name="[It] [sig-storage] In-tree Volumes [Driver: iscsi] [Feature:Volumes] [Testpattern: Pre-provisioned PV (filesystem volmode)] disruptive [Disruptive] [LinuxOnly] Should test that pv written before kubelet restart is readable after restart." classname="Kubernetes e2e suite" status="skipped" time="0">
              <skipped message="skipped"></skipped>
          </testcase>
          <testcase name="[It] [sig-storage] In-tree Volumes [Driver: cinder] [Testpattern: Dynamic PV (default fs)] provisioning should provision storage with pvc data source (ROX mode)" classname="Kubernetes e2e suite" status="skipped" time="0">
              <skipped message="skipped"></skipped>
          </testcase>
          <testcase name="[It] [sig-storage] CSI Volumes [Driver: pd.csi.storage.gke.io] [Serial] [Testpattern: Dynamic PV (default fs)] subPath should fail if subpath file is outside the volume [Slow] [LinuxOnly]" classname="Kubernetes e2e suite" status="skipped" time="0">
              <skipped message="skipped"></skipped>
          </testcase>
          <testcase name="[It] [sig-storage] In-tree Volumes [Driver: local] [LocalVolumeType: block] [Testpattern: Dynamic PV (ntfs)] [Feature:Windows] multiVolume [Slow] should access to two volumes with the same volume mode and retain data across pod recreation on different node" classname="Kubernetes e2e suite" status="skipped" time="0">
              <skipped message="skipped"></skipped>
          </testcase>
          <testcase name="[It] [sig-storage] In-tree Volumes [Driver: azure-disk] [Testpattern: Dynamic PV (ntfs)] [Feature:Windows] subPath should support readOnly file specified in the volumeMount [LinuxOnly]" classname="Kubernetes e2e suite" status="skipped" time="0">
              <skipped message="skipped"></skipped>
          </testcase>
          <testcase name="[It] [sig-storage] In-tree Volumes [Driver: iscsi] [Feature:Volumes] [Testpattern: Dynamic PV (block volmode)] multiVolume [Slow] should concurrently access the volume and its clone from pods on the same node [LinuxOnly] [Feature:VolumeSourceXFS]" classname="Kubernetes e2e suite" status="skipped" time="0">
              <skipped message="skipped"></skipped>
          </testcase>
          <testcase name="[It] [sig-storage] In-tree Volumes [Driver: local] [LocalVolumeType: tmpfs] [Testpattern: Dynamic PV (xfs)] [Slow] multiVolume [Slow] should concurrently access the volume and its clone from pods on the same node [LinuxOnly] [Feature:VolumeSourceXFS]" classname="Kubernetes e2e suite" status="skipped" time="0">
              <skipped message="skipped"></skipped>
          </testcase>
          <testcase name="[It] [sig-storage] In-tree Volumes [Driver: local] [LocalVolumeType: dir-link] [Testpattern: Dynamic PV (ntfs)] [Feature:Windows] volumes should store data" classname="Kubernetes e2e suite" status="skipped" time="0">
              <skipped message="skipped"></skipped>
          </testcase>
          <testcase name="[It] [sig-storage] In-tree Volumes [Driver: nfs] [Testpattern: Dynamic PV (ntfs)] [Feature:Windows] provisioning should provision storage with pvc data source (ROX mode)" classname="Kubernetes e2e suite" status="skipped" time="0">
              <skipped message="skipped"></skipped>
          </testcase>
          <testcase name="[It] [sig-storage] In-tree Volumes [Driver: azure-file] [Testpattern: Dynamic PV (ntfs)] [Feature:Windows] provisioning should provision correct filesystem size when restoring snapshot to larger size pvc [Feature:VolumeSnapshotDataSource]" classname="Kubernetes e2e suite" status="skipped" time="0">
              <skipped message="skipped"></skipped>
          </testcase>
          <testcase name="[It] [sig-cli] Kubectl client Kubectl validation should detect unknown metadata fields of a typed object" classname="Kubernetes e2e suite" status="skipped" time="0">
              <skipped message="skipped"></skipped>
          </testcase>
          <testcase name="[It] [sig-storage] In-tree Volumes [Driver: local] [LocalVolumeType: dir] [Testpattern: Pre-provisioned PV (block volmode)] multiVolume [Slow] should concurrently access the volume and restored snapshot from pods on the same node [LinuxOnly] [Feature:VolumeSnapshotDataSource] [Feature:VolumeSourceXFS]" classname="Kubernetes e2e suite" status="skipped" time="0">
              <skipped message="skipped"></skipped>
          </testcase>
          <testcase name="[It] [sig-storage] In-tree Volumes [Driver: hostPathSymlink] [Testpattern: Pre-provisioned PV (block volmode)] multiVolume [Slow] should access to two volumes with the same volume mode and retain data across pod recreation on different node" classname="Kubernetes e2e suite" status="skipped" time="0">
              <skipped message="skipped"></skipped>
          </testcase>
          <testcase name="[It] [sig-storage] CSI Volumes [Driver: csi-hostpath] [Testpattern: Dynamic PV (filesystem volmode)] volumeMode should not mount / map unused volumes in a pod [LinuxOnly]" classname="Kubernetes e2e suite" status="skipped" time="0">
              <skipped message="skipped"></skipped>
          </testcase>
          <testcase name="[It] [sig-storage] [Serial] Volume metrics Ephemeral should create metrics for total number of volumes in A/D Controller" classname="Kubernetes e2e suite" status="skipped" time="0">
              <skipped message="skipped"></skipped>
          </testcase>
          <testcase name="[It] [sig-storage] In-tree Volumes [Driver: local] [LocalVolumeType: gce-localssd-scsi-fs] [Serial] [Testpattern: Dynamic PV (block volmode)] multiVolume [Slow] should access to two volumes with different volume mode and retain data across pod recreation on different node" classname="Kubernetes e2e suite" status="skipped" time="0">
              <skipped message="skipped"></skipped>
          </testcase>
          <testcase name="[It] [sig-api-machinery] ResourceQuota should verify ResourceQuota with terminating scopes. [Conformance]" classname="Kubernetes e2e suite" status="passed" time="16.148057222"></testcase>
          <testcase name="[It] [sig-storage] CSI Volumes [Driver: csi-hostpath] [Testpattern: Generic Ephemeral-volume (block volmode) (late-binding)] ephemeral should create read/write inline ephemeral volume" classname="Kubernetes e2e suite" status="skipped" time="0">
              <skipped message="skipped"></skipped>
          </testcase>
          <testcase name="[It] [sig-storage] Storage Policy Based Volume Provisioning [Feature:vsphere] verify clean up of stale dummy VM for dynamically provisioned pvc using SPBM policy" classname="Kubernetes e2e suite" status="skipped" time="0">
              <skipped message="skipped"></skipped>
          </testcase>
          <testcase name="[It] [sig-storage] In-tree Volumes [Driver: azure-file] [Testpattern: Pre-provisioned PV (filesystem volmode)] multiVolume [Slow] should concurrently access the volume and its clone from pods on the same node [LinuxOnly] [Feature:VolumeSourceXFS]" classname="Kubernetes e2e suite" status="skipped" time="0">
              <skipped message="skipped"></skipped>
          </testcase>
          <testcase name="[It] [sig-storage] In-tree Volumes [Driver: hostPath] [Testpattern: Dynamic PV (ntfs)] [Feature:Windows] provisioning should provision storage with snapshot data source [Feature:VolumeSnapshotDataSource]" classname="Kubernetes e2e suite" status="skipped" time="0">
              <skipped message="skipped"></skipped>
          </testcase>
          <testcase name="[It] [sig-storage] In-tree Volumes [Driver: cinder] [Testpattern: Pre-provisioned PV (filesystem volmode)] multiVolume [Slow] should access to two volumes with the same volume mode and retain data across pod recreation on different node" classname="Kubernetes e2e suite" status="skipped" time="0">
              <skipped message="skipped"></skipped>
          </testcase>
          <testcase name="[It] [sig-storage] Projected configMap should be consumable from pods in volume [NodeConformance] [Conformance]" classname="Kubernetes e2e suite" status="passed" time="4.112295359"></testcase>
          <testcase name="[It] [sig-storage] In-tree Volumes [Driver: aws] [Testpattern: Dynamic PV (filesystem volmode)] multiVolume [Slow] should access to two volumes with different volume mode and retain data across pod recreation on different node" classname="Kubernetes e2e suite" status="skipped" time="0">
              <skipped message="skipped"></skipped>
          </testcase>
          <testcase name="[It] [sig-storage] Volume Provisioning on Datastore [Feature:vsphere] verify dynamically provisioned pv using storageclass fails on an invalid datastore" classname="Kubernetes e2e suite" status="skipped" time="0">
              <skipped message="skipped"></skipped>
          </testcase>
          <testcase name="[It] [sig-storage] In-tree Volumes [Driver: azure-disk] [Testpattern: Dynamic PV (block volmode)] disruptive [Disruptive] [LinuxOnly] Should test that pv used in a pod that is deleted while the kubelet is down cleans up when the kubelet returns." classname="Kubernetes e2e suite" status="skipped" time="0">
              <skipped message="skipped"></skipped>
          </testcase>
          <testcase name="[It] [sig-storage] In-tree Volumes [Driver: local] [LocalVolumeType: gce-localssd-scsi-fs] [Serial] [Testpattern: Pre-provisioned PV (default fs)] subPath should fail if subpath with backstepping is outside the volume [Slow] [LinuxOnly]" classname="Kubernetes e2e suite" status="skipped" time="0">
              <skipped message="skipped"></skipped>
          </testcase>
          <testcase name="[It] [sig-storage] In-tree Volumes [Driver: nfs] [Testpattern: Dynamic PV (block volmode)] volumeMode should fail to use a volume in a pod with mismatched mode [Slow]" classname="Kubernetes e2e suite" status="skipped" time="0">
              <skipped message="skipped"></skipped>
          </testcase>
          <testcase name="[It] [sig-storage] CSI Volumes [Driver: csi-hostpath] [Testpattern: Pre-provisioned PV (default fs)] subPath should support existing single file [LinuxOnly]" classname="Kubernetes e2e suite" status="skipped" time="0">
              <skipped message="skipped"></skipped>
          </testcase>
          <testcase name="[It] [sig-node] Pod InPlace Resize Container [Feature:InPlacePodVerticalScaling] Guaranteed QoS pod, one container - decrease CPU &amp; increase memory" classname="Kubernetes e2e suite" status="skipped" time="0">
              <skipped message="skipped"></skipped>
          </testcase>
          <testcase name="[It] [sig-storage] In-tree Volumes [Driver: nfs] [Testpattern: Pre-provisioned PV (default fs)] subPath should fail if subpath with backstepping is outside the volume [Slow] [LinuxOnly]" classname="Kubernetes e2e suite" status="skipped" time="0">
              <skipped message="skipped"></skipped>
          </testcase>
          <testcase name="[It] [sig-storage] In-tree Volumes [Driver: hostPath] [Testpattern: Dynamic PV (block volmode)(allowExpansion)] volume-expand should resize volume when PVC is edited while pod is using it" classname="Kubernetes e2e suite" status="skipped" time="0">
              <skipped message="skipped"></skipped>
          </testcase>
          <testcase name="[It] [sig-node] NoExecuteTaintManager Multiple Pods [Serial] only evicts pods without tolerations from tainted nodes" classname="Kubernetes e2e suite" status="skipped" time="0">
              <skipped message="skipped"></skipped>
          </testcase>
          <testcase name="[It] [sig-storage] In-tree Volumes [Driver: azure-disk] [Testpattern: Pre-provisioned PV (filesystem volmode)] multiVolume [Slow] should concurrently access the volume and restored snapshot from pods on the same node [LinuxOnly] [Feature:VolumeSnapshotDataSource] [Feature:VolumeSourceXFS]" classname="Kubernetes e2e suite" status="skipped" time="0">
              <skipped message="skipped"></skipped>
          </testcase>
          <testcase name="[It] [sig-storage] In-tree Volumes [Driver: iscsi] [Feature:Volumes] [Testpattern: Dynamic PV (ntfs)] [Feature:Windows] volumes should store data" classname="Kubernetes e2e suite" status="skipped" time="0">
              <skipped message="skipped"></skipped>
          </testcase>
          <testcase name="[It] [sig-storage] In-tree Volumes [Driver: local] [LocalVolumeType: dir] [Testpattern: Pre-provisioned PV (ntfs)] [Feature:Windows] volumes should allow exec of files on the volume" classname="Kubernetes e2e suite" status="skipped" time="0">
              <skipped message="skipped"></skipped>
          </testcase>
          <testcase name="[It] [sig-storage] In-tree Volumes [Driver: cinder] [Testpattern: Dynamic PV (ntfs)] [Feature:Windows] multiVolume [Slow] should concurrently access the single read-only volume from pods on the same node" classname="Kubernetes e2e suite" status="skipped" time="0">
              <skipped message="skipped"></skipped>
          </testcase>
          <testcase name="[It] [sig-storage] CSI Volumes [Driver: pd.csi.storage.gke.io] [Serial] [Testpattern: Dynamic PV (default fs)] fsgroupchangepolicy (OnRootMismatch)[LinuxOnly], pod created with an initial fsgroup, volume contents ownership changed via chgrp in first pod, new pod with same fsgroup skips ownership changes to the volume contents" classname="Kubernetes e2e suite" status="skipped" time="0">
              <skipped message="skipped"></skipped>
          </testcase>
          <testcase name="[It] [sig-storage] In-tree Volumes [Driver: ceph] [Feature:Volumes] [Serial] [Testpattern: Pre-provisioned PV (default fs)] subPath should verify container cannot write to subpath readonly volumes [Slow]" classname="Kubernetes e2e suite" status="skipped" time="0">
              <skipped message="skipped"></skipped>
          </testcase>
          <testcase name="[It] [sig-storage] In-tree Volumes [Driver: rbd] [Feature:Volumes] [Serial] [Testpattern: Dynamic PV (default fs)] volumeIO should write files of various sizes, verify size, validate content [Slow]" classname="Kubernetes e2e suite" status="skipped" time="0">
              <skipped message="skipped"></skipped>
          </testcase>
          <testcase name="[It] [sig-storage] In-tree Volumes [Driver: local] [LocalVolumeType: dir-bindmounted] [Testpattern: Dynamic PV (filesystem volmode)] multiVolume [Slow] should concurrently access the volume and restored snapshot from pods on the same node [LinuxOnly] [Feature:VolumeSnapshotDataSource] [Feature:VolumeSourceXFS]" classname="Kubernetes e2e suite" status="skipped" time="0">
              <skipped message="skipped"></skipped>
          </testcase>
          <testcase name="[It] [sig-storage] In-tree Volumes [Driver: local] [LocalVolumeType: dir-bindmounted] [Testpattern: Dynamic PV (ntfs)] [Feature:Windows] multiVolume [Slow] should access to two volumes with the same volume mode and retain data across pod recreation on the same node" classname="Kubernetes e2e suite" status="skipped" time="0">
              <skipped message="skipped"></skipped>
          </testcase>
          <testcase name="[It] [sig-storage] In-tree Volumes [Driver: local] [LocalVolumeType: dir] [Testpattern: Inline-volume (xfs)] [Slow] volumes should store data" classname="Kubernetes e2e suite" status="skipped" time="0">
              <skipped message="skipped"></skipped>
          </testcase>
          <testcase name="[It] [sig-storage] In-tree Volumes [Driver: aws] [Testpattern: Dynamic PV (default fs)] subPath should support file as subpath [LinuxOnly]" classname="Kubernetes e2e suite" status="skipped" time="0">
              <skipped message="skipped"></skipped>
          </testcase>
          <testcase name="[It] [sig-autoscaling] [Feature:HPA] [Serial] [Slow] Horizontal pod autoscaling (non-default behavior) with scale limited by number of Pods rate should scale down no more than given number of Pods per minute" classname="Kubernetes e2e suite" status="skipped" time="0">
              <skipped message="skipped"></skipped>
          </testcase>
          <testcase name="[It] [sig-storage] In-tree Volumes [Driver: aws] [Testpattern: Dynamic PV (filesystem volmode)] multiVolume [Slow] should concurrently access the volume and its clone from pods on the same node [LinuxOnly] [Feature:VolumeSourceXFS]" classname="Kubernetes e2e suite" status="skipped" time="0">
              <skipped message="skipped"></skipped>
          </testcase>
          <testcase name="[It] [sig-storage] PersistentVolumes NFS when invoking the Recycle reclaim policy should test that a PV becomes Available and is clean after the PVC is deleted." classname="Kubernetes e2e suite" status="skipped" time="0">
              <skipped message="skipped"></skipped>
          </testcase>
          <testcase name="[It] [sig-storage] In-tree Volumes [Driver: iscsi] [Feature:Volumes] [Testpattern: Dynamic PV (block volmode)] volume-expand should not allow expansion of pvcs without AllowVolumeExpansion property" classname="Kubernetes e2e suite" status="skipped" time="0">
              <skipped message="skipped"></skipped>
          </testcase>
          <testcase name="[It] [sig-storage] In-tree Volumes [Driver: emptydir] [Testpattern: Pre-provisioned PV (filesystem volmode)] volumeMode should fail to use a volume in a pod with mismatched mode [Slow]" classname="Kubernetes e2e suite" status="skipped" time="0">
              <skipped message="skipped"></skipped>
          </testcase>
          <testcase name="[It] [sig-node] Container Runtime blackbox test when running a container with a new image should not be able to pull image from invalid registry [NodeConformance]" classname="Kubernetes e2e suite" status="skipped" time="0">
              <skipped message="skipped"></skipped>
          </testcase>
          <testcase name="[It] [sig-storage] In-tree Volumes [Driver: local] [LocalVolumeType: dir-link] [Testpattern: Dynamic PV (ntfs)] [Feature:Windows] subPath should support non-existent path" classname="Kubernetes e2e suite" status="skipped" time="0">
              <skipped message="skipped"></skipped>
          </testcase>
          <testcase name="[It] [sig-storage] In-tree Volumes [Driver: local] [LocalVolumeType: dir-bindmounted] [Testpattern: Inline-volume (ntfs)] [Feature:Windows] volumes should allow exec of files on the volume" classname="Kubernetes e2e suite" status="skipped" time="0">
              <skipped message="skipped"></skipped>
          </testcase>
          <testcase name="[It] [sig-storage] In-tree Volumes [Driver: local] [LocalVolumeType: tmpfs] [Testpattern: Dynamic PV (block volmode)] multiVolume [Slow] should access to two volumes with the same volume mode and retain data across pod recreation on the same node" classname="Kubernetes e2e suite" status="skipped" time="0">
              <skipped message="skipped"></skipped>
          </testcase>
          <testcase name="[It] [sig-storage] In-tree Volumes [Driver: iscsi] [Feature:Volumes] [Testpattern: Dynamic PV (default fs)] subPath should be able to unmount after the subpath directory is deleted [LinuxOnly]" classname="Kubernetes e2e suite" status="skipped" time="0">
              <skipped message="skipped"></skipped>
          </testcase>
          <testcase name="[It] [sig-storage] In-tree Volumes [Driver: emptydir] [Testpattern: Pre-provisioned PV (default fs)] volumes should allow exec of files on the volume" classname="Kubernetes e2e suite" status="skipped" time="0">
              <skipped message="skipped"></skipped>
          </testcase>
          <testcase name="[It] [sig-storage] In-tree Volumes [Driver: local] [LocalVolumeType: dir] [Testpattern: Dynamic PV (ntfs)] [Feature:Windows] volume-expand should not allow expansion of pvcs without AllowVolumeExpansion property" classname="Kubernetes e2e suite" status="skipped" time="0">
              <skipped message="skipped"></skipped>
          </testcase>
          <testcase name="[It] [sig-storage] In-tree Volumes [Driver: rbd] [Feature:Volumes] [Serial] [Testpattern: Dynamic PV (block volmode)] multiVolume [Slow] should concurrently access the single volume from pods on the same node" classname="Kubernetes e2e suite" status="skipped" time="0">
              <skipped message="skipped"></skipped>
          </testcase>
          <testcase name="[It] [sig-storage] In-tree Volumes [Driver: emptydir] [Testpattern: Dynamic PV (default fs)] subPath should fail if subpath file is outside the volume [Slow] [LinuxOnly]" classname="Kubernetes e2e suite" status="skipped" time="0">
              <skipped message="skipped"></skipped>
          </testcase>
          <testcase name="[It] [sig-storage] In-tree Volumes [Driver: iscsi] [Feature:Volumes] [Testpattern: Pre-provisioned PV (block volmode)] multiVolume [Slow] should concurrently access the single read-only volume from pods on the same node" classname="Kubernetes e2e suite" status="skipped" time="0">
              <skipped message="skipped"></skipped>
          </testcase>
          <testcase name="[It] [sig-storage] CSI Volumes [Driver: csi-hostpath] [Testpattern: Pre-provisioned PV (default fs)] subPath should support creating multiple subpath from same volumes [Slow]" classname="Kubernetes e2e suite" status="skipped" time="0">
              <skipped message="skipped"></skipped>
          </testcase>
          <testcase name="[It] [sig-storage] HostPathType Socket [Slow] Should be able to mount socket &#39;asocket&#39; successfully when HostPathType is HostPathUnset" classname="Kubernetes e2e suite" status="skipped" time="0">
              <skipped message="skipped"></skipped>
          </testcase>
          <testcase name="[It] [sig-storage] In-tree Volumes [Driver: azure-file] [Testpattern: Dynamic PV (block volmode)] volumeMode should fail to use a volume in a pod with mismatched mode [Slow]" classname="Kubernetes e2e suite" status="skipped" time="0">
              <skipped message="skipped"></skipped>
          </testcase>
          <testcase name="[It] [sig-storage] In-tree Volumes [Driver: azure-file] [Testpattern: Pre-provisioned PV (ntfs)] [Feature:Windows] volumes should allow exec of files on the volume" classname="Kubernetes e2e suite" status="skipped" time="0">
              <skipped message="skipped"></skipped>
          </testcase>
          <testcase name="[It] [sig-storage] In-tree Volumes [Driver: rbd] [Feature:Volumes] [Serial] [Testpattern: Inline-volume (default fs)] subPath should verify container cannot write to subpath readonly volumes [Slow]" classname="Kubernetes e2e suite" status="skipped" time="0">
              <skipped message="skipped"></skipped>
          </testcase>
          <testcase name="[It] [sig-storage] In-tree Volumes [Driver: local] [LocalVolumeType: dir] [Testpattern: Pre-provisioned PV (block volmode)] multiVolume [Slow] should access to two volumes with different volume mode and retain data across pod recreation on the same node" classname="Kubernetes e2e suite" status="skipped" time="0">
              <skipped message="skipped"></skipped>
          </testcase>
          <testcase name="[It] [sig-storage] In-tree Volumes [Driver: azure-disk] [Testpattern: Pre-provisioned PV (ext3)] volumes should store data" classname="Kubernetes e2e suite" status="skipped" time="0">
              <skipped message="skipped"></skipped>
          </testcase>
          <testcase name="[It] [sig-storage] In-tree Volumes [Driver: ceph] [Feature:Volumes] [Serial] [Testpattern: Dynamic PV (block volmode)] multiVolume [Slow] should concurrently access the volume and restored snapshot from pods on the same node [LinuxOnly] [Feature:VolumeSnapshotDataSource] [Feature:VolumeSourceXFS]" classname="Kubernetes e2e suite" status="skipped" time="0">
              <skipped message="skipped"></skipped>
          </testcase>
          <testcase name="[It] [sig-storage] In-tree Volumes [Driver: iscsi] [Feature:Volumes] [Testpattern: Pre-provisioned PV (filesystem volmode)] multiVolume [Slow] should access to two volumes with the same volume mode and retain data across pod recreation on the same node" classname="Kubernetes e2e suite" status="skipped" time="0">
              <skipped message="skipped"></skipped>
          </testcase>
          <testcase name="[It] [sig-node] Ephemeral Containers [NodeConformance] will start an ephemeral container in an existing pod [Conformance]" classname="Kubernetes e2e suite" status="passed" time="4.227245657"></testcase>
          <testcase name="[It] [sig-storage] In-tree Volumes [Driver: local] [LocalVolumeType: dir] [Testpattern: Pre-provisioned PV (ext3)] volumes should store data" classname="Kubernetes e2e suite" status="skipped" time="0">
              <skipped message="skipped"></skipped>
          </testcase>
          <testcase name="[It] [sig-storage] In-tree Volumes [Driver: azure-file] [Testpattern: Inline-volume (xfs)] [Slow] volumes should store data" classname="Kubernetes e2e suite" status="skipped" time="0">
              <skipped message="skipped"></skipped>
          </testcase>
          <testcase name="[It] [sig-storage] In-tree Volumes [Driver: azure-file] [Testpattern: Dynamic PV (xfs)] [Slow] multiVolume [Slow] should concurrently access the single volume from pods on different node" classname="Kubernetes e2e suite" status="skipped" time="0">
              <skipped message="skipped"></skipped>
          </testcase>
          <testcase name="[It] [sig-storage] In-tree Volumes [Driver: nfs] [Testpattern: Dynamic PV (filesystem volmode)] multiVolume [Slow] should access to two volumes with the same volume mode and retain data across pod recreation on the same node" classname="Kubernetes e2e suite" status="skipped" time="0">
              <skipped message="skipped"></skipped>
          </testcase>
          <testcase name="[It] [sig-storage] In-tree Volumes [Driver: vsphere] [Testpattern: Dynamic PV (default fs)] subPath should unmount if pod is gracefully deleted while kubelet is down [Disruptive] [Slow] [LinuxOnly]" classname="Kubernetes e2e suite" status="skipped" time="0">
              <skipped message="skipped"></skipped>
          </testcase>
          <testcase name="[It] [sig-windows] Hybrid cluster network for all supported CNIs should provide Internet connection for Windows containers using DNS [Feature:Networking-DNS]" classname="Kubernetes e2e suite" status="skipped" time="0">
              <skipped message="skipped"></skipped>
          </testcase>
          <testcase name="[It] [sig-network] Services should be rejected when no endpoints exist" classname="Kubernetes e2e suite" status="skipped" time="0">
              <skipped message="skipped"></skipped>
          </testcase>
          <testcase name="[It] [sig-storage] In-tree Volumes [Driver: rbd] [Feature:Volumes] [Serial] [Testpattern: Pre-provisioned PV (block volmode)] disruptive [Disruptive] [LinuxOnly] Should test that pv written before kubelet restart is readable after restart." classname="Kubernetes e2e suite" status="skipped" time="0">
              <skipped message="skipped"></skipped>
          </testcase>
          <testcase name="[It] [sig-storage] In-tree Volumes [Driver: local] [LocalVolumeType: blockfs] [Testpattern: Dynamic PV (default fs)] subPath should fail if subpath with backstepping is outside the volume [Slow] [LinuxOnly]" classname="Kubernetes e2e suite" status="skipped" time="0">
              <skipped message="skipped"></skipped>
          </testcase>
          <testcase name="[It] [sig-network] Netpol NetworkPolicy between server and client should support denying of egress traffic on the client side (even if the server explicitly allows this traffic) [Feature:NetworkPolicy]" classname="Kubernetes e2e suite" status="skipped" time="0">
              <skipped message="skipped"></skipped>
          </testcase>
          <testcase name="[It] [sig-storage] In-tree Volumes [Driver: local] [LocalVolumeType: block] [Testpattern: Inline-volume (default fs)] subPath should support file as subpath [LinuxOnly]" classname="Kubernetes e2e suite" status="skipped" time="0">
              <skipped message="skipped"></skipped>
          </testcase>
          <testcase name="[It] [sig-storage] In-tree Volumes [Driver: rbd] [Feature:Volumes] [Serial] [Testpattern: Pre-provisioned PV (filesystem volmode)] multiVolume [Slow] should concurrently access the volume and its clone from pods on the same node [LinuxOnly] [Feature:VolumeSourceXFS]" classname="Kubernetes e2e suite" status="skipped" time="0">
              <skipped message="skipped"></skipped>
          </testcase>
          <testcase name="[It] [sig-storage] In-tree Volumes [Driver: local] [LocalVolumeType: gce-localssd-scsi-fs] [Serial] [Testpattern: Dynamic PV (default fs)] subPath should unmount if pod is gracefully deleted while kubelet is down [Disruptive] [Slow] [LinuxOnly]" classname="Kubernetes e2e suite" status="skipped" time="0">
              <skipped message="skipped"></skipped>
          </testcase>
          <testcase name="[It] [sig-storage] In-tree Volumes [Driver: cinder] [Testpattern: Dynamic PV (block volmode)] multiVolume [Slow] should access to two volumes with different volume mode and retain data across pod recreation on different node" classname="Kubernetes e2e suite" status="skipped" time="0">
              <skipped message="skipped"></skipped>
          </testcase>
          <testcase name="[It] [sig-storage] In-tree Volumes [Driver: vsphere] [Testpattern: Dynamic PV (default fs)] subPath should support non-existent path" classname="Kubernetes e2e suite" status="skipped" time="0">
              <skipped message="skipped"></skipped>
          </testcase>
          <testcase name="[It] [sig-storage] In-tree Volumes [Driver: local] [LocalVolumeType: dir-link-bindmounted] [Testpattern: Dynamic PV (block volmode)] volumeMode should fail to use a volume in a pod with mismatched mode [Slow]" classname="Kubernetes e2e suite" status="skipped" time="0">
              <skipped message="skipped"></skipped>
          </testcase>
          <testcase name="[It] [sig-storage] In-tree Volumes [Driver: local] [LocalVolumeType: dir-bindmounted] [Testpattern: Dynamic PV (ntfs)] [Feature:Windows] subPath should support readOnly directory specified in the volumeMount" classname="Kubernetes e2e suite" status="skipped" time="0">
              <skipped message="skipped"></skipped>
          </testcase>
          <testcase name="[It] [sig-storage] In-tree Volumes [Driver: iscsi] [Feature:Volumes] [Testpattern: Dynamic PV (filesystem volmode)] disruptive [Disruptive] [LinuxOnly] Should test that pv written before kubelet restart is readable after restart." classname="Kubernetes e2e suite" status="skipped" time="0">
              <skipped message="skipped"></skipped>
          </testcase>
          <testcase name="[It] [sig-storage] In-tree Volumes [Driver: emptydir] [Testpattern: Dynamic PV (xfs)] [Slow] multiVolume [Slow] should access to two volumes with the same volume mode and retain data across pod recreation on different node" classname="Kubernetes e2e suite" status="skipped" time="0">
              <skipped message="skipped"></skipped>
          </testcase>
          <testcase name="[It] [sig-storage] In-tree Volumes [Driver: local] [LocalVolumeType: block] [Testpattern: Dynamic PV (ntfs)] [Feature:Windows] subPath should support restarting containers using directory as subpath [Slow]" classname="Kubernetes e2e suite" status="skipped" time="0">
              <skipped message="skipped"></skipped>
          </testcase>
          <testcase name="[It] [sig-storage] In-tree Volumes [Driver: rbd] [Feature:Volumes] [Serial] [Testpattern: Pre-provisioned PV (filesystem volmode)] multiVolume [Slow] should access to two volumes with the same volume mode and retain data across pod recreation on the same node" classname="Kubernetes e2e suite" status="skipped" time="0">
              <skipped message="skipped"></skipped>
          </testcase>
          <testcase name="[It] [sig-storage] In-tree Volumes [Driver: emptydir] [Testpattern: Dynamic PV (ntfs)] [Feature:Windows] multiVolume [Slow] should access to two volumes with different volume mode and retain data across pod recreation on different node" classname="Kubernetes e2e suite" status="skipped" time="0">
              <skipped message="skipped"></skipped>
          </testcase>
          <testcase name="[It] [sig-storage] In-tree Volumes [Driver: hostPathSymlink] [Testpattern: Dynamic PV (filesystem volmode)] multiVolume [Slow] should concurrently access the volume and restored snapshot from pods on the same node [LinuxOnly] [Feature:VolumeSnapshotDataSource] [Feature:VolumeSourceXFS]" classname="Kubernetes e2e suite" status="skipped" time="0">
              <skipped message="skipped"></skipped>
          </testcase>
          <testcase name="[It] [sig-storage] In-tree Volumes [Driver: azure-file] [Testpattern: Dynamic PV (filesystem volmode)] multiVolume [Slow] should access to two volumes with the same volume mode and retain data across pod recreation on different node" classname="Kubernetes e2e suite" status="skipped" time="0">
              <skipped message="skipped"></skipped>
          </testcase>
          <testcase name="[It] [sig-storage] In-tree Volumes [Driver: hostPath] [Testpattern: Dynamic PV (block volmode)] provisioning should provision storage with pvc data source (ROX mode)" classname="Kubernetes e2e suite" status="skipped" time="0">
              <skipped message="skipped"></skipped>
          </testcase>
          <testcase name="[It] [sig-storage] In-tree Volumes [Driver: local] [LocalVolumeType: block] [Testpattern: Dynamic PV (ntfs)(allowExpansion)] [Feature:Windows] volume-expand should resize volume when PVC is edited while pod is using it" classname="Kubernetes e2e suite" status="skipped" time="0">
              <skipped message="skipped"></skipped>
          </testcase>
          <testcase name="[It] [sig-storage] In-tree Volumes [Driver: hostPathSymlink] [Testpattern: Generic Ephemeral-volume (default fs)] volumeLimits should support volume limits [Serial]" classname="Kubernetes e2e suite" status="skipped" time="0">
              <skipped message="skipped"></skipped>
          </testcase>
          <testcase name="[It] [sig-storage] In-tree Volumes [Driver: hostPath] [Testpattern: Dynamic PV (xfs)] [Slow] multiVolume [Slow] should access to two volumes with the same volume mode and retain data across pod recreation on different node" classname="Kubernetes e2e suite" status="skipped" time="0">
              <skipped message="skipped"></skipped>
          </testcase>
          <testcase name="[It] [sig-storage] In-tree Volumes [Driver: emptydir] [Testpattern: Dynamic PV (ntfs)] [Feature:Windows] subPath should support creating multiple subpath from same volumes [Slow]" classname="Kubernetes e2e suite" status="skipped" time="0">
              <skipped message="skipped"></skipped>
          </testcase>
          <testcase name="[It] [sig-storage] In-tree Volumes [Driver: local] [LocalVolumeType: dir] [Testpattern: Dynamic PV (ntfs)] [Feature:Windows] provisioning should provision storage with snapshot data source (ROX mode) [Feature:VolumeSnapshotDataSource]" classname="Kubernetes e2e suite" status="skipped" time="0">
              <skipped message="skipped"></skipped>
          </testcase>
          <testcase name="[It] [sig-storage] In-tree Volumes [Driver: local] [LocalVolumeType: tmpfs] [Testpattern: Pre-provisioned PV (xfs)] [Slow] volumes should allow exec of files on the volume" classname="Kubernetes e2e suite" status="skipped" time="0">
              <skipped message="skipped"></skipped>
          </testcase>
          <testcase name="[It] [sig-storage] In-tree Volumes [Driver: cinder] [Testpattern: Pre-provisioned PV (filesystem volmode)] disruptive [Disruptive] [LinuxOnly] Should test that pv used in a pod that is force deleted while the kubelet is down is usable by a new pod when kubelet returns [Feature:SELinux]" classname="Kubernetes e2e suite" status="skipped" time="0">
              <skipped message="skipped"></skipped>
          </testcase>
          <testcase name="[It] [sig-storage] In-tree Volumes [Driver: local] [LocalVolumeType: dir] [Testpattern: Dynamic PV (filesystem volmode)] disruptive [Disruptive] [LinuxOnly] Should test that pv written before kubelet restart is readable after restart." classname="Kubernetes e2e suite" status="skipped" time="0">
              <skipped message="skipped"></skipped>
          </testcase>
          <testcase name="[It] [sig-storage] PersistentVolumes-local [Volume type: dir-bindmounted] One pod requesting one prebound PVC should be able to mount volume and write from pod1" classname="Kubernetes e2e suite" status="skipped" time="0">
              <skipped message="skipped"></skipped>
          </testcase>
          <testcase name="[It] [sig-storage] In-tree Volumes [Driver: hostPath] [Testpattern: Pre-provisioned PV (default fs)] subPath should support file as subpath [LinuxOnly]" classname="Kubernetes e2e suite" status="skipped" time="0">
              <skipped message="skipped"></skipped>
          </testcase>
          <testcase name="[It] [sig-storage] In-tree Volumes [Driver: azure-disk] [Testpattern: Dynamic PV (block volmode)] multiVolume [Slow] should access to two volumes with the same volume mode and retain data across pod recreation on different node" classname="Kubernetes e2e suite" status="skipped" time="0">
              <skipped message="skipped"></skipped>
          </testcase>
          <testcase name="[It] [sig-storage] In-tree Volumes [Driver: hostPathSymlink] [Testpattern: Inline-volume (default fs)] volumes should allow exec of files on the volume" classname="Kubernetes e2e suite" status="skipped" time="0">
              <skipped message="skipped"></skipped>
          </testcase>
          <testcase name="[It] [sig-api-machinery] Garbage collector should support cascading deletion of custom resources" classname="Kubernetes e2e suite" status="skipped" time="0">
              <skipped message="skipped"></skipped>
          </testcase>
          <testcase name="[It] [sig-storage] In-tree Volumes [Driver: hostPath] [Testpattern: Dynamic PV (ntfs)] [Feature:Windows] subPath should support readOnly directory specified in the volumeMount" classname="Kubernetes e2e suite" status="skipped" time="0">
              <skipped message="skipped"></skipped>
          </testcase>
          <testcase name="[It] [sig-storage] In-tree Volumes [Driver: local] [LocalVolumeType: gce-localssd-scsi-fs] [Serial] [Testpattern: Dynamic PV (ntfs)] [Feature:Windows] provisioning should provision storage with pvc data source" classname="Kubernetes e2e suite" status="skipped" time="0">
              <skipped message="skipped"></skipped>
          </testcase>
          <testcase name="[It] [sig-storage] In-tree Volumes [Driver: hostPath] [Testpattern: Dynamic PV (filesystem volmode)] disruptive [Disruptive] [LinuxOnly] Should test that pv used in a pod that is deleted while the kubelet is down is usable by a new pod when kubelet returns [Feature:SELinux]" classname="Kubernetes e2e suite" status="skipped" time="0">
              <skipped message="skipped"></skipped>
          </testcase>
          <testcase name="[It] [sig-storage] CSI Volumes [Driver: pd.csi.storage.gke.io] [Serial] [Testpattern: Pre-provisioned PV (ntfs)] [Feature:Windows] volumes should allow exec of files on the volume" classname="Kubernetes e2e suite" status="skipped" time="0">
              <skipped message="skipped"></skipped>
          </testcase>
          <testcase name="[It] [sig-storage] In-tree Volumes [Driver: hostPathSymlink] [Testpattern: Dynamic PV (ext4)] multiVolume [Slow] should concurrently access the single read-only volume from pods on the same node" classname="Kubernetes e2e suite" status="skipped" time="0">
              <skipped message="skipped"></skipped>
          </testcase>
          <testcase name="[It] [sig-storage] In-tree Volumes [Driver: local] [LocalVolumeType: blockfs] [Testpattern: Dynamic PV (block volmode)(allowExpansion)] volume-expand Verify if offline PVC expansion works" classname="Kubernetes e2e suite" status="skipped" time="0">
              <skipped message="skipped"></skipped>
          </testcase>
          <testcase name="[It] [sig-storage] In-tree Volumes [Driver: local] [LocalVolumeType: dir-link] [Testpattern: Inline-volume (ntfs)] [Feature:Windows] volumes should store data" classname="Kubernetes e2e suite" status="skipped" time="0">
              <skipped message="skipped"></skipped>
          </testcase>
          <testcase name="[It] [sig-storage] In-tree Volumes [Driver: hostPath] [Testpattern: Dynamic PV (xfs)] [Slow] multiVolume [Slow] should concurrently access the single volume from pods on different node" classname="Kubernetes e2e suite" status="skipped" time="0">
              <skipped message="skipped"></skipped>
          </testcase>
          <testcase name="[It] [sig-storage] In-tree Volumes [Driver: hostPath] [Testpattern: Pre-provisioned PV (filesystem volmode)] multiVolume [Slow] should concurrently access the single read-only volume from pods on the same node" classname="Kubernetes e2e suite" status="skipped" time="0">
              <skipped message="skipped"></skipped>
          </testcase>
          <testcase name="[It] [sig-storage] In-tree Volumes [Driver: local] [LocalVolumeType: dir-link-bindmounted] [Testpattern: Dynamic PV (default fs)] subPath should support non-existent path" classname="Kubernetes e2e suite" status="skipped" time="0">
              <skipped message="skipped"></skipped>
          </testcase>
          <testcase name="[It] [sig-storage] In-tree Volumes [Driver: emptydir] [Testpattern: Dynamic PV (delayed binding)] topology should provision a volume and schedule a pod with AllowedTopologies" classname="Kubernetes e2e suite" status="skipped" time="0">
              <skipped message="skipped"></skipped>
          </testcase>
          <testcase name="[It] [sig-storage] In-tree Volumes [Driver: rbd] [Feature:Volumes] [Serial] [Testpattern: Generic Ephemeral-volume (block volmode) (late-binding)] ephemeral should support multiple inline ephemeral volumes" classname="Kubernetes e2e suite" status="skipped" time="0">
              <skipped message="skipped"></skipped>
          </testcase>
          <testcase name="[It] [sig-storage] In-tree Volumes [Driver: local] [LocalVolumeType: dir-bindmounted] [Testpattern: Dynamic PV (filesystem volmode)] multiVolume [Slow] should concurrently access the single volume from pods on the same node" classname="Kubernetes e2e suite" status="skipped" time="0">
              <skipped message="skipped"></skipped>
          </testcase>
          <testcase name="[It] [sig-storage] In-tree Volumes [Driver: local] [LocalVolumeType: dir-bindmounted] [Testpattern: Dynamic PV (ext4)] multiVolume [Slow] should access to two volumes with different volume mode and retain data across pod recreation on different node" classname="Kubernetes e2e suite" status="skipped" time="0">
              <skipped message="skipped"></skipped>
          </testcase>
          <testcase name="[It] [sig-storage] In-tree Volumes [Driver: cinder] [Testpattern: Dynamic PV (ext4)] multiVolume [Slow] should access to two volumes with the same volume mode and retain data across pod recreation on the same node" classname="Kubernetes e2e suite" status="skipped" time="0">
              <skipped message="skipped"></skipped>
          </testcase>
          <testcase name="[It] [sig-storage] In-tree Volumes [Driver: local] [LocalVolumeType: dir-bindmounted] [Testpattern: Inline-volume (default fs)] subPath should support existing directory" classname="Kubernetes e2e suite" status="skipped" time="0">
              <skipped message="skipped"></skipped>
          </testcase>
          <testcase name="[It] [sig-storage] In-tree Volumes [Driver: local] [LocalVolumeType: dir] [Testpattern: Dynamic PV (filesystem volmode)] disruptive [Disruptive] [LinuxOnly] Should test that pv used in a pod that is deleted while the kubelet is down is usable by a new pod with a different SELinux context when kubelet returns [Feature:SELinux]" classname="Kubernetes e2e suite" status="skipped" time="0">
              <skipped message="skipped"></skipped>
          </testcase>
          <testcase name="[It] [sig-storage] In-tree Volumes [Driver: local] [LocalVolumeType: tmpfs] [Testpattern: Pre-provisioned PV (default fs)] volumes should allow exec of files on the volume" classname="Kubernetes e2e suite" status="skipped" time="0">
              <skipped message="skipped"></skipped>
          </testcase>
          <testcase name="[It] [sig-storage] In-tree Volumes [Driver: rbd] [Feature:Volumes] [Serial] [Testpattern: Pre-provisioned PV (filesystem volmode)] multiVolume [Slow] should access to two volumes with the same volume mode and retain data across pod recreation on different node" classname="Kubernetes e2e suite" status="skipped" time="0">
              <skipped message="skipped"></skipped>
          </testcase>
          <testcase name="[It] [sig-storage] CSI Volumes [Driver: csi-hostpath] [Testpattern: Dynamic PV (default fs)] fsgroupchangepolicy (Always)[LinuxOnly], pod created with an initial fsgroup, new pod fsgroup applied to volume contents" classname="Kubernetes e2e suite" status="skipped" time="0">
              <skipped message="skipped"></skipped>
          </testcase>
          <testcase name="[It] [sig-storage] In-tree Volumes [Driver: azure-file] [Testpattern: Dynamic PV (ext4)] multiVolume [Slow] should concurrently access the single volume from pods on different node" classname="Kubernetes e2e suite" status="skipped" time="0">
              <skipped message="skipped"></skipped>
          </testcase>
          <testcase name="[It] [sig-storage] In-tree Volumes [Driver: ceph] [Feature:Volumes] [Serial] [Testpattern: Pre-provisioned PV (filesystem volmode)] multiVolume [Slow] should access to two volumes with different volume mode and retain data across pod recreation on different node" classname="Kubernetes e2e suite" status="skipped" time="0">
              <skipped message="skipped"></skipped>
          </testcase>
          <testcase name="[It] [sig-storage] In-tree Volumes [Driver: iscsi] [Feature:Volumes] [Testpattern: Dynamic PV (ntfs)] [Feature:Windows] subPath should support readOnly directory specified in the volumeMount" classname="Kubernetes e2e suite" status="skipped" time="0">
              <skipped message="skipped"></skipped>
          </testcase>
          <testcase name="[It] [sig-storage] In-tree Volumes [Driver: cinder] [Testpattern: Dynamic PV (ext4)] multiVolume [Slow] should access to two volumes with different volume mode and retain data across pod recreation on the same node" classname="Kubernetes e2e suite" status="skipped" time="0">
              <skipped message="skipped"></skipped>
          </testcase>
          <testcase name="[It] [sig-storage] In-tree Volumes [Driver: aws] [Testpattern: Inline-volume (default fs)] volumes should store data" classname="Kubernetes e2e suite" status="skipped" time="0">
              <skipped message="skipped"></skipped>
          </testcase>
          <testcase name="[It] [sig-storage] In-tree Volumes [Driver: local] [LocalVolumeType: dir-bindmounted] [Testpattern: Dynamic PV (immediate binding)] topology should provision a volume and schedule a pod with AllowedTopologies" classname="Kubernetes e2e suite" status="skipped" time="0">
              <skipped message="skipped"></skipped>
          </testcase>
          <testcase name="[It] [sig-storage] In-tree Volumes [Driver: hostPathSymlink] [Testpattern: Dynamic PV (block volmode)] multiVolume [Slow] should access to two volumes with different volume mode and retain data across pod recreation on different node" classname="Kubernetes e2e suite" status="skipped" time="0">
              <skipped message="skipped"></skipped>
          </testcase>
          <testcase name="[It] [sig-network] LoadBalancers should be able to create LoadBalancer Service without NodePort and change it [Slow]" classname="Kubernetes e2e suite" status="skipped" time="0">
              <skipped message="skipped"></skipped>
          </testcase>
          <testcase name="[It] [sig-storage] In-tree Volumes [Driver: local] [LocalVolumeType: gce-localssd-scsi-fs] [Serial] [Testpattern: Dynamic PV (default fs)] provisioning should mount multiple PV pointing to the same storage on the same node" classname="Kubernetes e2e suite" status="skipped" time="0">
              <skipped message="skipped"></skipped>
          </testcase>
          <testcase name="[It] [sig-storage] In-tree Volumes [Driver: cinder] [Testpattern: Dynamic PV (default fs)] provisioning should provision correct filesystem size when restoring snapshot to larger size pvc [Feature:VolumeSnapshotDataSource]" classname="Kubernetes e2e suite" status="skipped" time="0">
              <skipped message="skipped"></skipped>
          </testcase>
          <testcase name="[It] [sig-node] RuntimeClass should reject a Pod requesting a deleted RuntimeClass [NodeConformance] [Conformance]" classname="Kubernetes e2e suite" status="passed" time="0.049177817"></testcase>
          <testcase name="[It] [sig-storage] In-tree Volumes [Driver: emptydir] [Testpattern: Pre-provisioned PV (block volmode)] multiVolume [Slow] should concurrently access the volume and restored snapshot from pods on the same node [LinuxOnly] [Feature:VolumeSnapshotDataSource] [Feature:VolumeSourceXFS]" classname="Kubernetes e2e suite" status="skipped" time="0">
              <skipped message="skipped"></skipped>
          </testcase>
          <testcase name="[It] [sig-storage] In-tree Volumes [Driver: aws] [Testpattern: Dynamic PV (ntfs)] [Feature:Windows] multiVolume [Slow] should concurrently access the volume and its clone from pods on the same node [LinuxOnly] [Feature:VolumeSourceXFS]" classname="Kubernetes e2e suite" status="skipped" time="0">
              <skipped message="skipped"></skipped>
          </testcase>
          <testcase name="[It] [sig-storage] In-tree Volumes [Driver: cinder] [Testpattern: Dynamic PV (default fs)] volume-stress multiple pods should access different volumes repeatedly [Slow] [Serial]" classname="Kubernetes e2e suite" status="skipped" time="0">
              <skipped message="skipped"></skipped>
          </testcase>
          <testcase name="[It] [sig-storage] In-tree Volumes [Driver: local] [LocalVolumeType: dir-link] [Testpattern: Pre-provisioned PV (default fs)] subPath should fail if subpath with backstepping is outside the volume [Slow] [LinuxOnly]" classname="Kubernetes e2e suite" status="skipped" time="0">
              <skipped message="skipped"></skipped>
          </testcase>
          <testcase name="[It] [sig-storage] In-tree Volumes [Driver: hostPathSymlink] [Testpattern: Pre-provisioned PV (ext3)] volumes should allow exec of files on the volume" classname="Kubernetes e2e suite" status="skipped" time="0">
              <skipped message="skipped"></skipped>
          </testcase>
          <testcase name="[It] [sig-storage] In-tree Volumes [Driver: nfs] [Testpattern: Inline-volume (ext3)] volumes should allow exec of files on the volume" classname="Kubernetes e2e suite" status="skipped" time="0">
              <skipped message="skipped"></skipped>
          </testcase>
          <testcase name="[It] [sig-storage] In-tree Volumes [Driver: iscsi] [Feature:Volumes] [Testpattern: Dynamic PV (ntfs)] [Feature:Windows] subPath should support non-existent path" classname="Kubernetes e2e suite" status="skipped" time="0">
              <skipped message="skipped"></skipped>
          </testcase>
          <testcase name="[It] [sig-storage] In-tree Volumes [Driver: nfs] [Testpattern: Dynamic PV (ntfs)] [Feature:Windows] subPath should support existing directories when readOnly specified in the volumeSource" classname="Kubernetes e2e suite" status="skipped" time="0">
              <skipped message="skipped"></skipped>
          </testcase>
          <testcase name="[It] [sig-storage] In-tree Volumes [Driver: azure-disk] [Testpattern: Generic Ephemeral-volume (block volmode) (late-binding)] ephemeral should create read-only inline ephemeral volume" classname="Kubernetes e2e suite" status="skipped" time="0">
              <skipped message="skipped"></skipped>
          </testcase>
          <testcase name="[It] [sig-storage] In-tree Volumes [Driver: aws] [Testpattern: Pre-provisioned PV (filesystem volmode)] multiVolume [Slow] should access to two volumes with the same volume mode and retain data across pod recreation on different node" classname="Kubernetes e2e suite" status="skipped" time="0">
              <skipped message="skipped"></skipped>
          </testcase>
          <testcase name="[It] [sig-storage] In-tree Volumes [Driver: hostPath] [Testpattern: Pre-provisioned PV (default fs)] subPath should unmount if pod is force deleted while kubelet is down [Disruptive] [Slow] [LinuxOnly]" classname="Kubernetes e2e suite" status="skipped" time="0">
              <skipped message="skipped"></skipped>
          </testcase>
          <testcase name="[It] [sig-api-machinery] client-go should negotiate watch and report errors with accept &#34;application/vnd.kubernetes.protobuf&#34;" classname="Kubernetes e2e suite" status="skipped" time="0">
              <skipped message="skipped"></skipped>
          </testcase>
          <testcase name="[It] [sig-apps] StatefulSet Basic StatefulSet functionality [StatefulSetBasic] should have a working scale subresource [Conformance]" classname="Kubernetes e2e suite" status="passed" time="20.146667802"></testcase>
          <testcase name="[It] [sig-storage] In-tree Volumes [Driver: hostPathSymlink] [Testpattern: Dynamic PV (default fs)] subPath should support creating multiple subpath from same volumes [Slow]" classname="Kubernetes e2e suite" status="skipped" time="0">
              <skipped message="skipped"></skipped>
          </testcase>
          <testcase name="[It] [sig-storage] In-tree Volumes [Driver: local] [LocalVolumeType: dir-link-bindmounted] [Testpattern: Inline-volume (xfs)] [Slow] volumes should store data" classname="Kubernetes e2e suite" status="skipped" time="0">
              <skipped message="skipped"></skipped>
          </testcase>
          <testcase name="[It] [sig-storage] In-tree Volumes [Driver: vsphere] [Testpattern: Dynamic PV (default fs)] subPath should support existing single file [LinuxOnly]" classname="Kubernetes e2e suite" status="skipped" time="0">
              <skipped message="skipped"></skipped>
          </testcase>
          <testcase name="[It] [sig-storage] In-tree Volumes [Driver: hostPath] [Testpattern: Dynamic PV (ntfs)] [Feature:Windows] subPath should verify container cannot write to subpath readonly volumes [Slow]" classname="Kubernetes e2e suite" status="skipped" time="0">
              <skipped message="skipped"></skipped>
          </testcase>
          <testcase name="[It] [sig-storage] In-tree Volumes [Driver: hostPathSymlink] [Testpattern: Dynamic PV (default fs)] provisioning should provision storage with mount options" classname="Kubernetes e2e suite" status="skipped" time="0">
              <skipped message="skipped"></skipped>
          </testcase>
          <testcase name="[It] [sig-storage] Zone Support [Feature:vsphere] Verify PVC creation with incompatible datastore and zone combination specified in storage class fails" classname="Kubernetes e2e suite" status="skipped" time="0">
              <skipped message="skipped"></skipped>
          </testcase>
          <testcase name="[It] [sig-storage] In-tree Volumes [Driver: hostPath] [Testpattern: Inline-volume (default fs)] subPath should support non-existent path" classname="Kubernetes e2e suite" status="skipped" time="0">
              <skipped message="skipped"></skipped>
          </testcase>
          <testcase name="[It] [sig-storage] In-tree Volumes [Driver: local] [LocalVolumeType: dir] [Testpattern: Dynamic PV (block volmode)] multiVolume [Slow] should access to two volumes with different volume mode and retain data across pod recreation on different node" classname="Kubernetes e2e suite" status="skipped" time="0">
              <skipped message="skipped"></skipped>
          </testcase>
          <testcase name="[It] [sig-storage] In-tree Volumes [Driver: vsphere] [Testpattern: Dynamic PV (default fs)] subPath should support restarting containers using directory as subpath [Slow]" classname="Kubernetes e2e suite" status="skipped" time="0">
              <skipped message="skipped"></skipped>
          </testcase>
          <testcase name="[It] [sig-storage] In-tree Volumes [Driver: local] [LocalVolumeType: tmpfs] [Testpattern: Dynamic PV (filesystem volmode)] multiVolume [Slow] should concurrently access the single read-only volume from pods on the same node" classname="Kubernetes e2e suite" status="skipped" time="0">
              <skipped message="skipped"></skipped>
          </testcase>
          <testcase name="[It] [sig-storage] Regional PD RegionalPD should provision storage in the allowedTopologies [Slow]" classname="Kubernetes e2e suite" status="skipped" time="0">
              <skipped message="skipped"></skipped>
          </testcase>
          <testcase name="[It] [sig-network] [Feature:IPv6DualStack] should have ipv4 and ipv6 internal node ip" classname="Kubernetes e2e suite" status="skipped" time="0">
              <skipped message="skipped"></skipped>
          </testcase>
          <testcase name="[It] [sig-storage] In-tree Volumes [Driver: hostPathSymlink] [Testpattern: Dynamic PV (default fs)] subPath should support readOnly file specified in the volumeMount [LinuxOnly]" classname="Kubernetes e2e suite" status="skipped" time="0">
              <skipped message="skipped"></skipped>
          </testcase>
          <testcase name="[It] [sig-storage] In-tree Volumes [Driver: cinder] [Testpattern: Dynamic PV (block volmode)] provisioning should provision storage with any volume data source [Serial]" classname="Kubernetes e2e suite" status="skipped" time="0">
              <skipped message="skipped"></skipped>
          </testcase>
          <testcase name="[It] [sig-storage] In-tree Volumes [Driver: cinder] [Testpattern: Dynamic PV (ntfs)] [Feature:Windows] provisioning should mount multiple PV pointing to the same storage on the same node" classname="Kubernetes e2e suite" status="skipped" time="0">
              <skipped message="skipped"></skipped>
          </testcase>
          <testcase name="[It] [sig-node] NoExecuteTaintManager Single Pod [Serial] doesn&#39;t evict pod with tolerations from tainted nodes" classname="Kubernetes e2e suite" status="skipped" time="0">
              <skipped message="skipped"></skipped>
          </testcase>
          <testcase name="[It] [sig-storage] CSI Volumes [Driver: csi-hostpath] [Testpattern: Dynamic PV (ext3)] volumes should store data" classname="Kubernetes e2e suite" status="skipped" time="0">
              <skipped message="skipped"></skipped>
          </testcase>
          <testcase name="[It] [sig-storage] In-tree Volumes [Driver: local] [LocalVolumeType: dir-bindmounted] [Testpattern: Dynamic PV (ntfs)] [Feature:Windows] subPath should support restarting containers using file as subpath [Slow] [LinuxOnly]" classname="Kubernetes e2e suite" status="skipped" time="0">
              <skipped message="skipped"></skipped>
          </testcase>
          <testcase name="[It] [sig-storage] In-tree Volumes [Driver: local] [LocalVolumeType: dir-link-bindmounted] [Testpattern: Dynamic PV (ntfs)] [Feature:Windows] subPath should support restarting containers using directory as subpath [Slow]" classname="Kubernetes e2e suite" status="skipped" time="0">
              <skipped message="skipped"></skipped>
          </testcase>
          <testcase name="[It] [sig-storage] Volume Disk Format [Feature:vsphere] verify disk format type - eagerzeroedthick is honored for dynamically provisioned pv using storageclass" classname="Kubernetes e2e suite" status="skipped" time="0">
              <skipped message="skipped"></skipped>
          </testcase>
          <testcase name="[It] [sig-storage] CSI Volumes [Driver: csi-hostpath] [Testpattern: Dynamic PV (default fs)] provisioning should provision storage with snapshot data source [Feature:VolumeSnapshotDataSource]" classname="Kubernetes e2e suite" status="skipped" time="0">
              <skipped message="skipped"></skipped>
          </testcase>
          <testcase name="[It] [sig-storage] In-tree Volumes [Driver: aws] [Testpattern: Dynamic PV (block volmode)] provisioning should provision storage with any volume data source [Serial]" classname="Kubernetes e2e suite" status="skipped" time="0">
              <skipped message="skipped"></skipped>
          </testcase>
          <testcase name="[It] [sig-storage] In-tree Volumes [Driver: aws] [Testpattern: Pre-provisioned PV (default fs)] subPath should support existing directories when readOnly specified in the volumeSource" classname="Kubernetes e2e suite" status="skipped" time="0">
              <skipped message="skipped"></skipped>
          </testcase>
          <testcase name="[It] [sig-storage] In-tree Volumes [Driver: aws] [Testpattern: Dynamic PV (immediate binding)] topology should provision a volume and schedule a pod with AllowedTopologies" classname="Kubernetes e2e suite" status="skipped" time="0">
              <skipped message="skipped"></skipped>
          </testcase>
          <testcase name="[It] [sig-storage] In-tree Volumes [Driver: hostPathSymlink] [Testpattern: Dynamic PV (ntfs)] [Feature:Windows] multiVolume [Slow] should access to two volumes with different volume mode and retain data across pod recreation on the same node" classname="Kubernetes e2e suite" status="skipped" time="0">
              <skipped message="skipped"></skipped>
          </testcase>
          <testcase name="[It] [sig-api-machinery] CustomResourcePublishOpenAPI [Privileged:ClusterAdmin] works for CRD without validation schema [Conformance]" classname="Kubernetes e2e suite" status="passed" time="5.08432418"></testcase>
          <testcase name="[It] [sig-autoscaling] [Feature:HPA] Horizontal pod autoscaling (scale resource: CPU) [Serial] [Slow] ReplicaSet with idle sidecar (ContainerResource use case) Should not scale up on a busy sidecar with an idle application" classname="Kubernetes e2e suite" status="skipped" time="0">
              <skipped message="skipped"></skipped>
          </testcase>
          <testcase name="[It] [sig-storage] In-tree Volumes [Driver: rbd] [Feature:Volumes] [Serial] [Testpattern: Pre-provisioned PV (default fs)] subPath should support non-existent path" classname="Kubernetes e2e suite" status="skipped" time="0">
              <skipped message="skipped"></skipped>
          </testcase>
          <testcase name="[It] [sig-storage] In-tree Volumes [Driver: local] [LocalVolumeType: block] [Testpattern: Dynamic PV (ntfs)] [Feature:Windows] subPath should support readOnly file specified in the volumeMount [LinuxOnly]" classname="Kubernetes e2e suite" status="skipped" time="0">
              <skipped message="skipped"></skipped>
          </testcase>
          <testcase name="[It] [sig-node] Probing container should be restarted by liveness probe after startup probe enables it" classname="Kubernetes e2e suite" status="skipped" time="0">
              <skipped message="skipped"></skipped>
          </testcase>
          <testcase name="[It] [sig-storage] In-tree Volumes [Driver: cinder] [Testpattern: Inline-volume (default fs)] volumeIO should write files of various sizes, verify size, validate content [Slow]" classname="Kubernetes e2e suite" status="skipped" time="0">
              <skipped message="skipped"></skipped>
          </testcase>
          <testcase name="[It] [sig-storage] In-tree Volumes [Driver: local] [LocalVolumeType: blockfs] [Testpattern: Dynamic PV (filesystem volmode)] multiVolume [Slow] should concurrently access the single volume from pods on the same node" classname="Kubernetes e2e suite" status="skipped" time="0">
              <skipped message="skipped"></skipped>
          </testcase>
          <testcase name="[It] [sig-storage] In-tree Volumes [Driver: local] [LocalVolumeType: dir-link] [Testpattern: Inline-volume (xfs)] [Slow] volumes should store data" classname="Kubernetes e2e suite" status="skipped" time="0">
              <skipped message="skipped"></skipped>
          </testcase>
          <testcase name="[It] [sig-storage] In-tree Volumes [Driver: ceph] [Feature:Volumes] [Serial] [Testpattern: Dynamic PV (ntfs)(allowExpansion)] [Feature:Windows] volume-expand should resize volume when PVC is edited while pod is using it" classname="Kubernetes e2e suite" status="skipped" time="0">
              <skipped message="skipped"></skipped>
          </testcase>
          <testcase name="[It] [sig-storage] In-tree Volumes [Driver: local] [LocalVolumeType: blockfs] [Testpattern: Dynamic PV (xfs)] [Slow] multiVolume [Slow] should concurrently access the volume and restored snapshot from pods on the same node [LinuxOnly] [Feature:VolumeSnapshotDataSource] [Feature:VolumeSourceXFS]" classname="Kubernetes e2e suite" status="skipped" time="0">
              <skipped message="skipped"></skipped>
          </testcase>
          <testcase name="[It] [sig-storage] Projected secret should be consumable from pods in volume with mappings and Item Mode set [LinuxOnly] [NodeConformance] [Conformance]" classname="Kubernetes e2e suite" status="passed" time="4.118329001"></testcase>
          <testcase name="[It] [sig-storage] HostPathType Character Device [Slow] Should fail on mounting character device &#39;achardev&#39; when HostPathType is HostPathFile" classname="Kubernetes e2e suite" status="skipped" time="0">
              <skipped message="skipped"></skipped>
          </testcase>
          <testcase name="[It] [sig-network] Ingress API should support creating Ingress API operations [Conformance]" classname="Kubernetes e2e suite" status="passed" time="0.157966181"></testcase>
          <testcase name="[It] [sig-storage] In-tree Volumes [Driver: azure-disk] [Testpattern: Inline-volume (xfs)] [Slow] volumes should store data" classname="Kubernetes e2e suite" status="skipped" time="0">
              <skipped message="skipped"></skipped>
          </testcase>
          <testcase name="[It] [sig-storage] CSI Volumes [Driver: csi-hostpath] [Testpattern: Dynamic PV (default fs)] provisioning should provision correct filesystem size when restoring snapshot to larger size pvc [Feature:VolumeSnapshotDataSource]" classname="Kubernetes e2e suite" status="skipped" time="0">
              <skipped message="skipped"></skipped>
          </testcase>
          <testcase name="[It] [sig-storage] In-tree Volumes [Driver: local] [LocalVolumeType: gce-localssd-scsi-fs] [Serial] [Testpattern: Pre-provisioned PV (default fs)] subPath should support existing single file [LinuxOnly]" classname="Kubernetes e2e suite" status="skipped" time="0">
              <skipped message="skipped"></skipped>
          </testcase>
          <testcase name="[It] [sig-node] PodTemplates should delete a collection of pod templates [Conformance]" classname="Kubernetes e2e suite" status="passed" time="0.101822325"></testcase>
          <testcase name="[It] [sig-storage] In-tree Volumes [Driver: emptydir] [Testpattern: Dynamic PV (xfs)] [Slow] multiVolume [Slow] should concurrently access the single read-only volume from pods on the same node" classname="Kubernetes e2e suite" status="skipped" time="0">
              <skipped message="skipped"></skipped>
          </testcase>
          <testcase name="[It] [sig-cli] Kubectl client Kubectl describe should check if kubectl describe prints relevant information for cronjob" classname="Kubernetes e2e suite" status="skipped" time="0">
              <skipped message="skipped"></skipped>
          </testcase>
          <testcase name="[It] [sig-storage] In-tree Volumes [Driver: hostPath] [Testpattern: Dynamic PV (block volmode)] volumes should store data" classname="Kubernetes e2e suite" status="skipped" time="0">
              <skipped message="skipped"></skipped>
          </testcase>
          <testcase name="[It] [sig-storage] In-tree Volumes [Driver: azure-disk] [Testpattern: Pre-provisioned PV (default fs)] subPath should verify container cannot write to subpath readonly volumes [Slow]" classname="Kubernetes e2e suite" status="skipped" time="0">
              <skipped message="skipped"></skipped>
          </testcase>
          <testcase name="[It] [sig-storage] CSI Volumes [Driver: pd.csi.storage.gke.io] [Serial] [Testpattern: Dynamic PV (xfs)] [Slow] multiVolume [Slow] should access to two volumes with the same volume mode and retain data across pod recreation on different node" classname="Kubernetes e2e suite" status="skipped" time="0">
              <skipped message="skipped"></skipped>
          </testcase>
          <testcase name="[It] [sig-storage] In-tree Volumes [Driver: aws] [Testpattern: Dynamic PV (block volmode)] provisioning should provision storage with snapshot data source (ROX mode) [Feature:VolumeSnapshotDataSource]" classname="Kubernetes e2e suite" status="skipped" time="0">
              <skipped message="skipped"></skipped>
          </testcase>
          <testcase name="[It] [sig-storage] In-tree Volumes [Driver: cinder] [Testpattern: Dynamic PV (filesystem volmode)] disruptive [Disruptive] [LinuxOnly] Should test that pv used in a pod that is deleted while the kubelet is down is usable by a new pod when kubelet returns [Feature:SELinux]" classname="Kubernetes e2e suite" status="skipped" time="0">
              <skipped message="skipped"></skipped>
          </testcase>
          <testcase name="[It] [sig-storage] In-tree Volumes [Driver: local] [LocalVolumeType: dir] [Testpattern: Dynamic PV (default fs)] subPath should support readOnly file specified in the volumeMount [LinuxOnly]" classname="Kubernetes e2e suite" status="skipped" time="0">
              <skipped message="skipped"></skipped>
          </testcase>
          <testcase name="[It] [sig-storage] In-tree Volumes [Driver: local] [LocalVolumeType: block] [Testpattern: Dynamic PV (block volmode)(allowExpansion)] volume-expand should resize volume when PVC is edited while pod is using it" classname="Kubernetes e2e suite" status="skipped" time="0">
              <skipped message="skipped"></skipped>
          </testcase>
          <testcase name="[It] [sig-storage] In-tree Volumes [Driver: emptydir] [Testpattern: Pre-provisioned PV (block volmode)] multiVolume [Slow] should access to two volumes with the same volume mode and retain data across pod recreation on different node" classname="Kubernetes e2e suite" status="skipped" time="0">
              <skipped message="skipped"></skipped>
          </testcase>
          <testcase name="[It] [sig-storage] In-tree Volumes [Driver: iscsi] [Feature:Volumes] [Testpattern: Inline-volume (default fs)] subPath should support creating multiple subpath from same volumes [Slow]" classname="Kubernetes e2e suite" status="skipped" time="0">
              <skipped message="skipped"></skipped>
          </testcase>
          <testcase name="[It] [sig-storage] In-tree Volumes [Driver: rbd] [Feature:Volumes] [Serial] [Testpattern: Dynamic PV (ntfs)] [Feature:Windows] volumes should allow exec of files on the volume" classname="Kubernetes e2e suite" status="skipped" time="0">
              <skipped message="skipped"></skipped>
          </testcase>
          <testcase name="[It] [sig-storage] In-tree Volumes [Driver: local] [LocalVolumeType: tmpfs] [Testpattern: Inline-volume (default fs)] subPath should support existing single file [LinuxOnly]" classname="Kubernetes e2e suite" status="skipped" time="0">
              <skipped message="skipped"></skipped>
          </testcase>
          <testcase name="[It] [sig-storage] In-tree Volumes [Driver: hostPathSymlink] [Testpattern: Dynamic PV (filesystem volmode)] volumeMode should fail to use a volume in a pod with mismatched mode [Slow]" classname="Kubernetes e2e suite" status="skipped" time="0">
              <skipped message="skipped"></skipped>
          </testcase>
          <testcase name="[It] [sig-network] [Feature:IPv6DualStack] Granular Checks: Services Secondary IP Family [LinuxOnly] should function for pod-Service: udp" classname="Kubernetes e2e suite" status="skipped" time="0">
              <skipped message="skipped"></skipped>
          </testcase>
          <testcase name="[It] [sig-network] Loadbalancing: L7 Scalability GCE [Slow] [Serial] [Feature:IngressScale] Creating and updating ingresses should happen promptly with small/medium/large amount of ingresses" classname="Kubernetes e2e suite" status="skipped" time="0">
              <skipped message="skipped"></skipped>
          </testcase>
          <testcase name="[It] [sig-storage] In-tree Volumes [Driver: rbd] [Feature:Volumes] [Serial] [Testpattern: Generic Ephemeral-volume (default fs) (immediate-binding)] ephemeral should create read/write inline ephemeral volume" classname="Kubernetes e2e suite" status="skipped" time="0">
              <skipped message="skipped"></skipped>
          </testcase>
          <testcase name="[It] [sig-storage] CSI Volumes [Driver: csi-hostpath] [Testpattern: Dynamic PV (filesystem volmode)] disruptive [Disruptive] [LinuxOnly] Should test that pv used in a pod that is deleted while the kubelet is down is usable by a new pod when kubelet returns [Feature:SELinux]" classname="Kubernetes e2e suite" status="skipped" time="0">
              <skipped message="skipped"></skipped>
          </testcase>
          <testcase name="[It] [sig-storage] In-tree Volumes [Driver: local] [LocalVolumeType: dir] [Testpattern: Generic Ephemeral-volume (default fs) (immediate-binding)] ephemeral should support multiple inline ephemeral volumes" classname="Kubernetes e2e suite" status="skipped" time="0">
              <skipped message="skipped"></skipped>
          </testcase>
          <testcase name="[It] [sig-storage] In-tree Volumes [Driver: local] [LocalVolumeType: dir-bindmounted] [Testpattern: Pre-provisioned PV (filesystem volmode)] multiVolume [Slow] should access to two volumes with the same volume mode and retain data across pod recreation on different node" classname="Kubernetes e2e suite" status="skipped" time="0">
              <skipped message="skipped"></skipped>
          </testcase>
          <testcase name="[It] [sig-storage] In-tree Volumes [Driver: vsphere] [Testpattern: Inline-volume (default fs)] subPath should fail if subpath with backstepping is outside the volume [Slow] [LinuxOnly]" classname="Kubernetes e2e suite" status="skipped" time="0">
              <skipped message="skipped"></skipped>
          </testcase>
          <testcase name="[It] [sig-network] Services should be able to connect to terminating and unready endpoints if PublishNotReadyAddresses is true" classname="Kubernetes e2e suite" status="skipped" time="0">
              <skipped message="skipped"></skipped>
          </testcase>
          <testcase name="[It] [sig-storage] In-tree Volumes [Driver: local] [LocalVolumeType: dir-bindmounted] [Testpattern: Pre-provisioned PV (ntfs)] [Feature:Windows] volumes should store data" classname="Kubernetes e2e suite" status="skipped" time="0">
              <skipped message="skipped"></skipped>
          </testcase>
          <testcase name="[It] [sig-network] Loadbalancing: L7 GCE [Slow] [Feature:NEG] should be able to create a ClusterIP service" classname="Kubernetes e2e suite" status="skipped" time="0">
              <skipped message="skipped"></skipped>
          </testcase>
          <testcase name="[It] [sig-autoscaling] Cluster size autoscaling [Slow] should increase cluster size if pod requesting EmptyDir volume is pending [Feature:ClusterSizeAutoscalingScaleUp]" classname="Kubernetes e2e suite" status="skipped" time="0">
              <skipped message="skipped"></skipped>
          </testcase>
          <testcase name="[It] [sig-storage] In-tree Volumes [Driver: azure-file] [Testpattern: Pre-provisioned PV (default fs)] subPath should verify container cannot write to subpath readonly volumes [Slow]" classname="Kubernetes e2e suite" status="skipped" time="0">
              <skipped message="skipped"></skipped>
          </testcase>
          <testcase name="[It] [sig-storage] In-tree Volumes [Driver: nfs] [Testpattern: Pre-provisioned PV (default fs)] subPath should support existing directory" classname="Kubernetes e2e suite" status="skipped" time="0">
              <skipped message="skipped"></skipped>
          </testcase>
          <testcase name="[It] [sig-storage] In-tree Volumes [Driver: rbd] [Feature:Volumes] [Serial] [Testpattern: Generic Ephemeral-volume (default fs)] volumeLimits should verify that all csinodes have volume limits" classname="Kubernetes e2e suite" status="skipped" time="0">
              <skipped message="skipped"></skipped>
          </testcase>
          <testcase name="[It] [sig-node] DRA [Feature:DynamicResourceAllocation] cluster with delayed allocation and setting ReservedFor supports inline claim referenced by multiple containers" classname="Kubernetes e2e suite" status="skipped" time="0">
              <skipped message="skipped"></skipped>
          </testcase>
          <testcase name="[It] [sig-scheduling] LimitRange should create a LimitRange with defaults and ensure pod has those defaults applied. [Conformance]" classname="Kubernetes e2e suite" status="passed" time="7.252956681"></testcase>
          <testcase name="[It] [sig-storage] In-tree Volumes [Driver: local] [LocalVolumeType: dir-link-bindmounted] [Testpattern: Pre-provisioned PV (default fs)] subPath should be able to unmount after the subpath directory is deleted [LinuxOnly]" classname="Kubernetes e2e suite" status="skipped" time="0">
              <skipped message="skipped"></skipped>
          </testcase>
          <testcase name="[It] [sig-storage] In-tree Volumes [Driver: ceph] [Feature:Volumes] [Serial] [Testpattern: Dynamic PV (default fs)] subPath should support restarting containers using directory as subpath [Slow]" classname="Kubernetes e2e suite" status="skipped" time="0">
              <skipped message="skipped"></skipped>
          </testcase>
          <testcase name="[It] [sig-storage] In-tree Volumes [Driver: hostPath] [Testpattern: Inline-volume (xfs)] [Slow] volumes should store data" classname="Kubernetes e2e suite" status="skipped" time="0">
              <skipped message="skipped"></skipped>
          </testcase>
          <testcase name="[It] [sig-storage] In-tree Volumes [Driver: local] [LocalVolumeType: tmpfs] [Testpattern: Pre-provisioned PV (default fs)] subPath should support existing single file [LinuxOnly]" classname="Kubernetes e2e suite" status="skipped" time="0">
              <skipped message="skipped"></skipped>
          </testcase>
          <testcase name="[It] [sig-storage] In-tree Volumes [Driver: local] [LocalVolumeType: dir-bindmounted] [Testpattern: Pre-provisioned PV (filesystem volmode)] volumeMode should fail to use a volume in a pod with mismatched mode [Slow]" classname="Kubernetes e2e suite" status="skipped" time="0">
              <skipped message="skipped"></skipped>
          </testcase>
          <testcase name="[It] [sig-storage] In-tree Volumes [Driver: emptydir] [Testpattern: Dynamic PV (default fs)] provisioning should provision storage with pvc data source (ROX mode)" classname="Kubernetes e2e suite" status="skipped" time="0">
              <skipped message="skipped"></skipped>
          </testcase>
          <testcase name="[It] [sig-storage] In-tree Volumes [Driver: local] [LocalVolumeType: blockfs] [Testpattern: Generic Ephemeral-volume (default fs)] volumeLimits should verify that all csinodes have volume limits" classname="Kubernetes e2e suite" status="skipped" time="0">
              <skipped message="skipped"></skipped>
          </testcase>
          <testcase name="[It] [sig-storage] In-tree Volumes [Driver: emptydir] [Testpattern: Dynamic PV (ntfs)] [Feature:Windows] multiVolume [Slow] should access to two volumes with the same volume mode and retain data across pod recreation on different node" classname="Kubernetes e2e suite" status="skipped" time="0">
              <skipped message="skipped"></skipped>
          </testcase>
          <testcase name="[It] [sig-node] DRA [Feature:DynamicResourceAllocation] kubelet must skip NodePrepareResource if not used by any container" classname="Kubernetes e2e suite" status="skipped" time="0">
              <skipped message="skipped"></skipped>
          </testcase>
          <testcase name="[It] [sig-storage] CSI Mock volume storage capacity storage capacity unlimited" classname="Kubernetes e2e suite" status="skipped" time="0">
              <skipped message="skipped"></skipped>
          </testcase>
          <testcase name="[It] [sig-storage] In-tree Volumes [Driver: rbd] [Feature:Volumes] [Serial] [Testpattern: Dynamic PV (default fs)] subPath should fail if subpath with backstepping is outside the volume [Slow] [LinuxOnly]" classname="Kubernetes e2e suite" status="skipped" time="0">
              <skipped message="skipped"></skipped>
          </testcase>
          <testcase name="[It] [sig-storage] In-tree Volumes [Driver: local] [LocalVolumeType: blockfs] [Testpattern: Dynamic PV (ntfs)] [Feature:Windows] provisioning should provision storage with pvc data source in parallel [Slow]" classname="Kubernetes e2e suite" status="skipped" time="0">
              <skipped message="skipped"></skipped>
          </testcase>
          <testcase name="[It] [sig-storage] In-tree Volumes [Driver: local] [LocalVolumeType: dir-bindmounted] [Testpattern: Inline-volume (ext4)] volumes should store data" classname="Kubernetes e2e suite" status="skipped" time="0">
              <skipped message="skipped"></skipped>
          </testcase>
          <testcase name="[It] [sig-windows] [Feature:WindowsHostProcessContainers] [MinimumKubeletVersion:1.22] HostProcess containers should run as localgroup accounts" classname="Kubernetes e2e suite" status="skipped" time="0">
              <skipped message="skipped"></skipped>
          </testcase>
          <testcase name="[It] [sig-storage] In-tree Volumes [Driver: iscsi] [Feature:Volumes] [Testpattern: Dynamic PV (block volmode)] disruptive [Disruptive] [LinuxOnly] Should test that pv used in a pod that is deleted while the kubelet is down cleans up when the kubelet returns." classname="Kubernetes e2e suite" status="skipped" time="0">
              <skipped message="skipped"></skipped>
          </testcase>
          <testcase name="[It] [sig-cli] Kubectl client Kubectl validation should create/apply a CR with unknown fields for CRD with no validation schema" classname="Kubernetes e2e suite" status="skipped" time="0">
              <skipped message="skipped"></skipped>
          </testcase>
          <testcase name="[It] [sig-storage] Subpath Atomic writer volumes should support subpaths with configmap pod with mountPath of existing file [Conformance]" classname="Kubernetes e2e suite" status="passed" time="24.176341825"></testcase>
          <testcase name="[It] [sig-storage] In-tree Volumes [Driver: emptydir] [Testpattern: Dynamic PV (default fs)] subPath should support restarting containers using file as subpath [Slow] [LinuxOnly]" classname="Kubernetes e2e suite" status="skipped" time="0">
              <skipped message="skipped"></skipped>
          </testcase>
          <testcase name="[It] [sig-storage] In-tree Volumes [Driver: ceph] [Feature:Volumes] [Serial] [Testpattern: Dynamic PV (xfs)] [Slow] multiVolume [Slow] should concurrently access the single read-only volume from pods on the same node" classname="Kubernetes e2e suite" status="skipped" time="0">
              <skipped message="skipped"></skipped>
          </testcase>
          <testcase name="[It] [sig-storage] In-tree Volumes [Driver: local] [LocalVolumeType: dir-bindmounted] [Testpattern: Dynamic PV (block volmode)(allowExpansion)] volume-expand should resize volume when PVC is edited while pod is using it" classname="Kubernetes e2e suite" status="skipped" time="0">
              <skipped message="skipped"></skipped>
          </testcase>
          <testcase name="[It] [sig-storage] In-tree Volumes [Driver: emptydir] [Testpattern: Pre-provisioned PV (filesystem volmode)] multiVolume [Slow] should concurrently access the single read-only volume from pods on the same node" classname="Kubernetes e2e suite" status="skipped" time="0">
              <skipped message="skipped"></skipped>
          </testcase>
          <testcase name="[It] [sig-storage] In-tree Volumes [Driver: local] [LocalVolumeType: gce-localssd-scsi-fs] [Serial] [Testpattern: Pre-provisioned PV (block volmode)] multiVolume [Slow] should access to two volumes with different volume mode and retain data across pod recreation on different node" classname="Kubernetes e2e suite" status="skipped" time="0">
              <skipped message="skipped"></skipped>
          </testcase>
          <testcase name="[It] [sig-storage] CSI Volumes [Driver: pd.csi.storage.gke.io] [Serial] [Testpattern: Pre-provisioned PV (default fs)] subPath should support existing single file [LinuxOnly]" classname="Kubernetes e2e suite" status="skipped" time="0">
              <skipped message="skipped"></skipped>
          </testcase>
          <testcase name="[It] [sig-storage] In-tree Volumes [Driver: local] [LocalVolumeType: tmpfs] [Testpattern: Dynamic PV (block volmode)] multiVolume [Slow] should concurrently access the single read-only volume from pods on the same node" classname="Kubernetes e2e suite" status="skipped" time="0">
              <skipped message="skipped"></skipped>
          </testcase>
          <testcase name="[It] [sig-storage] In-tree Volumes [Driver: emptydir] [Testpattern: Dynamic PV (default fs)] fsgroupchangepolicy (Always)[LinuxOnly], pod created with an initial fsgroup, volume contents ownership changed via chgrp in first pod, new pod with different fsgroup applied to the volume contents" classname="Kubernetes e2e suite" status="skipped" time="0">
              <skipped message="skipped"></skipped>
          </testcase>
          <testcase name="[It] [sig-storage] In-tree Volumes [Driver: vsphere] [Testpattern: Dynamic PV (ext3)] volumes should store data" classname="Kubernetes e2e suite" status="skipped" time="0">
              <skipped message="skipped"></skipped>
          </testcase>
          <testcase name="[It] [sig-storage] In-tree Volumes [Driver: local] [LocalVolumeType: dir] [Testpattern: Generic Ephemeral-volume (block volmode) (late-binding)] ephemeral should create read/write inline ephemeral volume" classname="Kubernetes e2e suite" status="skipped" time="0">
              <skipped message="skipped"></skipped>
          </testcase>
          <testcase name="[It] [sig-storage] In-tree Volumes [Driver: hostPath] [Testpattern: Dynamic PV (default fs)(allowExpansion)] volume-expand Verify if offline PVC expansion works" classname="Kubernetes e2e suite" status="skipped" time="0">
              <skipped message="skipped"></skipped>
          </testcase>
          <testcase name="[It] [sig-storage] In-tree Volumes [Driver: emptydir] [Testpattern: Inline-volume (default fs)] subPath should support non-existent path" classname="Kubernetes e2e suite" status="skipped" time="0">
              <skipped message="skipped"></skipped>
          </testcase>
          <testcase name="[It] [sig-storage] Volume Operations Storm [Feature:vsphere] should create pod with many volumes and verify no attach call fails" classname="Kubernetes e2e suite" status="skipped" time="0">
              <skipped message="skipped"></skipped>
          </testcase>
          <testcase name="[It] [sig-node] DRA [Feature:DynamicResourceAllocation] cluster with delayed allocation and setting ReservedFor removes reservation from claim when pod is done" classname="Kubernetes e2e suite" status="skipped" time="0">
              <skipped message="skipped"></skipped>
          </testcase>
          <testcase name="[It] [sig-storage] In-tree Volumes [Driver: local] [LocalVolumeType: dir] [Testpattern: Dynamic PV (ext4)] multiVolume [Slow] should concurrently access the single volume from pods on the same node" classname="Kubernetes e2e suite" status="skipped" time="0">
              <skipped message="skipped"></skipped>
          </testcase>
          <testcase name="[It] [sig-storage] In-tree Volumes [Driver: ceph] [Feature:Volumes] [Serial] [Testpattern: Dynamic PV (ntfs)] [Feature:Windows] provisioning should provision storage with snapshot data source [Feature:VolumeSnapshotDataSource]" classname="Kubernetes e2e suite" status="skipped" time="0">
              <skipped message="skipped"></skipped>
          </testcase>
          <testcase name="[It] [sig-storage] In-tree Volumes [Driver: emptydir] [Testpattern: Inline-volume (default fs)] subPath should be able to unmount after the subpath directory is deleted [LinuxOnly]" classname="Kubernetes e2e suite" status="skipped" time="0">
              <skipped message="skipped"></skipped>
          </testcase>
          <testcase name="[It] [sig-storage] In-tree Volumes [Driver: hostPath] [Testpattern: Inline-volume (default fs)] subPath should support creating multiple subpath from same volumes [Slow]" classname="Kubernetes e2e suite" status="skipped" time="0">
              <skipped message="skipped"></skipped>
          </testcase>
          <testcase name="[It] [sig-storage] In-tree Volumes [Driver: local] [LocalVolumeType: dir-link-bindmounted] [Testpattern: Inline-volume (default fs)] subPath should support restarting containers using file as subpath [Slow] [LinuxOnly]" classname="Kubernetes e2e suite" status="skipped" time="0">
              <skipped message="skipped"></skipped>
          </testcase>
          <testcase name="[It] [sig-storage] In-tree Volumes [Driver: hostPath] [Testpattern: Dynamic PV (ntfs)] [Feature:Windows] subPath should support non-existent path" classname="Kubernetes e2e suite" status="skipped" time="0">
              <skipped message="skipped"></skipped>
          </testcase>
          <testcase name="[It] [sig-storage] In-tree Volumes [Driver: rbd] [Feature:Volumes] [Serial] [Testpattern: Dynamic PV (delayed binding)] topology should provision a volume and schedule a pod with AllowedTopologies" classname="Kubernetes e2e suite" status="skipped" time="0">
              <skipped message="skipped"></skipped>
          </testcase>
          <testcase name="[It] [sig-storage] In-tree Volumes [Driver: emptydir] [Testpattern: Generic Ephemeral-volume (default fs) (late-binding)] ephemeral should support multiple inline ephemeral volumes" classname="Kubernetes e2e suite" status="skipped" time="0">
              <skipped message="skipped"></skipped>
          </testcase>
          <testcase name="[It] [sig-storage] In-tree Volumes [Driver: local] [LocalVolumeType: dir-bindmounted] [Testpattern: Dynamic PV (default fs)] subPath should support existing directories when readOnly specified in the volumeSource" classname="Kubernetes e2e suite" status="skipped" time="0">
              <skipped message="skipped"></skipped>
          </testcase>
          <testcase name="[It] [sig-storage] In-tree Volumes [Driver: cinder] [Testpattern: Pre-provisioned PV (ext3)] volumes should store data" classname="Kubernetes e2e suite" status="skipped" time="0">
              <skipped message="skipped"></skipped>
          </testcase>
          <testcase name="[It] [sig-storage] In-tree Volumes [Driver: azure-file] [Testpattern: Inline-volume (ntfs)] [Feature:Windows] volumes should allow exec of files on the volume" classname="Kubernetes e2e suite" status="skipped" time="0">
              <skipped message="skipped"></skipped>
          </testcase>
          <testcase name="[It] [sig-storage] In-tree Volumes [Driver: iscsi] [Feature:Volumes] [Testpattern: Dynamic PV (xfs)] [Slow] multiVolume [Slow] should concurrently access the single volume from pods on the same node" classname="Kubernetes e2e suite" status="skipped" time="0">
              <skipped message="skipped"></skipped>
          </testcase>
          <testcase name="[It] [sig-storage] In-tree Volumes [Driver: local] [LocalVolumeType: dir-link] [Testpattern: Dynamic PV (immediate binding)] topology should fail to schedule a pod which has topologies that conflict with AllowedTopologies" classname="Kubernetes e2e suite" status="skipped" time="0">
              <skipped message="skipped"></skipped>
          </testcase>
          <testcase name="[It] [sig-node] Containers should be able to override the image&#39;s default command and arguments [NodeConformance] [Conformance]" classname="Kubernetes e2e suite" status="passed" time="4.10889754"></testcase>
          <testcase name="[It] [sig-storage] In-tree Volumes [Driver: nfs] [Testpattern: Dynamic PV (ntfs)] [Feature:Windows] subPath should support readOnly directory specified in the volumeMount" classname="Kubernetes e2e suite" status="skipped" time="0">
              <skipped message="skipped"></skipped>
          </testcase>
          <testcase name="[It] [sig-storage] In-tree Volumes [Driver: local] [LocalVolumeType: dir] [Testpattern: Dynamic PV (default fs)] subPath should support restarting containers using file as subpath [Slow] [LinuxOnly]" classname="Kubernetes e2e suite" status="skipped" time="0">
              <skipped message="skipped"></skipped>
          </testcase>
          <testcase name="[It] [sig-cli] Kubectl client Simple pod should contain last line of the log" classname="Kubernetes e2e suite" status="skipped" time="0">
              <skipped message="skipped"></skipped>
          </testcase>
          <testcase name="[It] [sig-storage] In-tree Volumes [Driver: nfs] [Testpattern: Inline-volume (default fs)] subPath should support non-existent path" classname="Kubernetes e2e suite" status="skipped" time="0">
              <skipped message="skipped"></skipped>
          </testcase>
          <testcase name="[It] [sig-storage] In-tree Volumes [Driver: hostPath] [Testpattern: Dynamic PV (ext3)] volumes should store data" classname="Kubernetes e2e suite" status="skipped" time="0">
              <skipped message="skipped"></skipped>
          </testcase>
          <testcase name="[It] [sig-storage] In-tree Volumes [Driver: cinder] [Testpattern: Pre-provisioned PV (xfs)] [Slow] volumes should allow exec of files on the volume" classname="Kubernetes e2e suite" status="skipped" time="0">
              <skipped message="skipped"></skipped>
          </testcase>
          <testcase name="[It] [sig-storage] In-tree Volumes [Driver: iscsi] [Feature:Volumes] [Testpattern: Dynamic PV (block volmode)] volumeMode should fail to use a volume in a pod with mismatched mode [Slow]" classname="Kubernetes e2e suite" status="skipped" time="0">
              <skipped message="skipped"></skipped>
          </testcase>
          <testcase name="[It] [sig-autoscaling] Cluster size autoscaling [Slow] should scale up correct target pool [Feature:ClusterSizeAutoscalingScaleUp]" classname="Kubernetes e2e suite" status="skipped" time="0">
              <skipped message="skipped"></skipped>
          </testcase>
          <testcase name="[It] [sig-storage] In-tree Volumes [Driver: local] [LocalVolumeType: block] [Testpattern: Dynamic PV (ntfs)] [Feature:Windows] provisioning should provision storage with snapshot data source (ROX mode) [Feature:VolumeSnapshotDataSource]" classname="Kubernetes e2e suite" status="skipped" time="0">
              <skipped message="skipped"></skipped>
          </testcase>
          <testcase name="[It] [sig-storage] In-tree Volumes [Driver: rbd] [Feature:Volumes] [Serial] [Testpattern: Dynamic PV (filesystem volmode)] multiVolume [Slow] should access to two volumes with different volume mode and retain data across pod recreation on different node" classname="Kubernetes e2e suite" status="skipped" time="0">
              <skipped message="skipped"></skipped>
          </testcase>
          <testcase name="[It] [sig-storage] In-tree Volumes [Driver: rbd] [Feature:Volumes] [Serial] [Testpattern: Pre-provisioned PV (default fs)] subPath should unmount if pod is force deleted while kubelet is down [Disruptive] [Slow] [LinuxOnly]" classname="Kubernetes e2e suite" status="skipped" time="0">
              <skipped message="skipped"></skipped>
          </testcase>
          <testcase name="[It] [sig-node] Pod garbage collector [Feature:PodGarbageCollector] [Slow] should handle the creation of 1000 pods" classname="Kubernetes e2e suite" status="skipped" time="0">
              <skipped message="skipped"></skipped>
          </testcase>
          <testcase name="[It] [sig-storage] In-tree Volumes [Driver: local] [LocalVolumeType: dir-bindmounted] [Testpattern: Dynamic PV (filesystem volmode)] volumeMode should fail to use a volume in a pod with mismatched mode [Slow]" classname="Kubernetes e2e suite" status="skipped" time="0">
              <skipped message="skipped"></skipped>
          </testcase>
          <testcase name="[It] [sig-storage] In-tree Volumes [Driver: local] [LocalVolumeType: tmpfs] [Testpattern: Dynamic PV (ext4)] multiVolume [Slow] should concurrently access the volume and its clone from pods on the same node [LinuxOnly] [Feature:VolumeSourceXFS]" classname="Kubernetes e2e suite" status="skipped" time="0">
              <skipped message="skipped"></skipped>
          </testcase>
          <testcase name="[It] [sig-storage] In-tree Volumes [Driver: local] [LocalVolumeType: dir-bindmounted] [Testpattern: Dynamic PV (ntfs)] [Feature:Windows] provisioning should provision storage with pvc data source in parallel [Slow]" classname="Kubernetes e2e suite" status="skipped" time="0">
              <skipped message="skipped"></skipped>
          </testcase>
          <testcase name="[It] [sig-node] Pods should run through the lifecycle of Pods and PodStatus [Conformance]" classname="Kubernetes e2e suite" status="passed" time="3.899863823"></testcase>
          <testcase name="[It] [sig-network] Services should not be able to connect to terminating and unready endpoints if PublishNotReadyAddresses is false" classname="Kubernetes e2e suite" status="skipped" time="0">
              <skipped message="skipped"></skipped>
          </testcase>
          <testcase name="[It] [sig-storage] In-tree Volumes [Driver: local] [LocalVolumeType: tmpfs] [Testpattern: Dynamic PV (default fs)] provisioning should provision storage with pvc data source (ROX mode)" classname="Kubernetes e2e suite" status="skipped" time="0">
              <skipped message="skipped"></skipped>
          </testcase>
          <testcase name="[It] [sig-storage] In-tree Volumes [Driver: emptydir] [Testpattern: Dynamic PV (block volmode)] volumes should store data" classname="Kubernetes e2e suite" status="skipped" time="0">
              <skipped message="skipped"></skipped>
          </testcase>
          <testcase name="[It] [sig-storage] In-tree Volumes [Driver: local] [LocalVolumeType: blockfs] [Testpattern: Dynamic PV (ext4)] volumes should store data" classname="Kubernetes e2e suite" status="skipped" time="0">
              <skipped message="skipped"></skipped>
          </testcase>
          <testcase name="[It] [sig-storage] In-tree Volumes [Driver: emptydir] [Testpattern: Pre-provisioned PV (default fs)] subPath should fail if subpath directory is outside the volume [Slow] [LinuxOnly]" classname="Kubernetes e2e suite" status="skipped" time="0">
              <skipped message="skipped"></skipped>
          </testcase>
          <testcase name="[It] [sig-storage] In-tree Volumes [Driver: local] [LocalVolumeType: dir-link] [Testpattern: Pre-provisioned PV (default fs)] subPath should support creating multiple subpath from same volumes [Slow]" classname="Kubernetes e2e suite" status="skipped" time="0">
              <skipped message="skipped"></skipped>
          </testcase>
          <testcase name="[It] [sig-storage] In-tree Volumes [Driver: hostPathSymlink] [Testpattern: Dynamic PV (block volmode)] multiVolume [Slow] should access to two volumes with the same volume mode and retain data across pod recreation on the same node" classname="Kubernetes e2e suite" status="skipped" time="0">
              <skipped message="skipped"></skipped>
          </testcase>
          <testcase name="[It] [sig-storage] Secrets optional updates should be reflected in volume [NodeConformance] [Conformance]" classname="Kubernetes e2e suite" status="passed" time="78.699797551"></testcase>
          <testcase name="[It] [sig-storage] In-tree Volumes [Driver: azure-file] [Testpattern: Dynamic PV (delayed binding)] topology should provision a volume and schedule a pod with AllowedTopologies" classname="Kubernetes e2e suite" status="skipped" time="0">
              <skipped message="skipped"></skipped>
          </testcase>
          <testcase name="[It] [sig-storage] CSI Volumes [Driver: pd.csi.storage.gke.io] [Serial] [Testpattern: Dynamic PV (block volmode)] multiVolume [Slow] should concurrently access the single volume from pods on the same node" classname="Kubernetes e2e suite" status="skipped" time="0">
              <skipped message="skipped"></skipped>
          </testcase>
          <testcase name="[It] [sig-storage] CSI Volumes [Driver: csi-hostpath] [Testpattern: Dynamic PV (block volmode)] volume-expand should not allow expansion of pvcs without AllowVolumeExpansion property" classname="Kubernetes e2e suite" status="skipped" time="0">
              <skipped message="skipped"></skipped>
          </testcase>
          <testcase name="[It] [sig-storage] In-tree Volumes [Driver: iscsi] [Feature:Volumes] [Testpattern: Dynamic PV (ext4)] volumes should store data" classname="Kubernetes e2e suite" status="skipped" time="0">
              <skipped message="skipped"></skipped>
          </testcase>
          <testcase name="[It] [sig-storage] In-tree Volumes [Driver: emptydir] [Testpattern: Dynamic PV (ntfs)] [Feature:Windows] subPath should support non-existent path" classname="Kubernetes e2e suite" status="skipped" time="0">
              <skipped message="skipped"></skipped>
          </testcase>
          <testcase name="[It] [sig-storage] In-tree Volumes [Driver: local] [LocalVolumeType: gce-localssd-scsi-fs] [Serial] [Testpattern: Generic Ephemeral-volume (default fs) (late-binding)] ephemeral should support multiple inline ephemeral volumes" classname="Kubernetes e2e suite" status="skipped" time="0">
              <skipped message="skipped"></skipped>
          </testcase>
          <testcase name="[It] [sig-storage] CSI Volumes [Driver: pd.csi.storage.gke.io] [Serial] [Testpattern: Dynamic PV (ntfs)] [Feature:Windows] provisioning should provision storage with pvc data source (ROX mode)" classname="Kubernetes e2e suite" status="skipped" time="0">
              <skipped message="skipped"></skipped>
          </testcase>
          <testcase name="[It] [sig-storage] In-tree Volumes [Driver: vsphere] [Testpattern: Dynamic PV (block volmode)] multiVolume [Slow] should concurrently access the single read-only volume from pods on the same node" classname="Kubernetes e2e suite" status="skipped" time="0">
              <skipped message="skipped"></skipped>
          </testcase>
          <testcase name="[It] [sig-network] Netpol NetworkPolicy between server and client should deny egress from all pods in a namespace [Feature:NetworkPolicy]" classname="Kubernetes e2e suite" status="skipped" time="0">
              <skipped message="skipped"></skipped>
          </testcase>
          <testcase name="[It] [sig-storage] In-tree Volumes [Driver: azure-file] [Testpattern: Dynamic PV (default fs)] subPath should verify container cannot write to subpath readonly volumes [Slow]" classname="Kubernetes e2e suite" status="skipped" time="0">
              <skipped message="skipped"></skipped>
          </testcase>
          <testcase name="[It] [sig-storage] In-tree Volumes [Driver: iscsi] [Feature:Volumes] [Testpattern: Pre-provisioned PV (default fs)] subPath should support file as subpath [LinuxOnly]" classname="Kubernetes e2e suite" status="skipped" time="0">
              <skipped message="skipped"></skipped>
          </testcase>
          <testcase name="[It] [sig-storage] In-tree Volumes [Driver: local] [LocalVolumeType: blockfs] [Testpattern: Dynamic PV (block volmode)] multiVolume [Slow] should concurrently access the single volume from pods on different node" classname="Kubernetes e2e suite" status="skipped" time="0">
              <skipped message="skipped"></skipped>
          </testcase>
          <testcase name="[It] [sig-storage] In-tree Volumes [Driver: iscsi] [Feature:Volumes] [Testpattern: Dynamic PV (ntfs)] [Feature:Windows] subPath should unmount if pod is gracefully deleted while kubelet is down [Disruptive] [Slow] [LinuxOnly]" classname="Kubernetes e2e suite" status="skipped" time="0">
              <skipped message="skipped"></skipped>
          </testcase>
          <testcase name="[It] [sig-storage] Storage Policy Based Volume Provisioning [Feature:vsphere] verify if a SPBM policy is not honored on a non-compatible datastore for dynamically provisioned pvc using storageclass" classname="Kubernetes e2e suite" status="skipped" time="0">
              <skipped message="skipped"></skipped>
          </testcase>
          <testcase name="[It] [sig-storage] In-tree Volumes [Driver: nfs] [Testpattern: Inline-volume (default fs)] subPath should unmount if pod is force deleted while kubelet is down [Disruptive] [Slow] [LinuxOnly]" classname="Kubernetes e2e suite" status="skipped" time="0">
              <skipped message="skipped"></skipped>
          </testcase>
          <testcase name="[It] [sig-storage] In-tree Volumes [Driver: local] [LocalVolumeType: dir] [Testpattern: Dynamic PV (block volmode)] provisioning should provision storage with snapshot data source (ROX mode) [Feature:VolumeSnapshotDataSource]" classname="Kubernetes e2e suite" status="skipped" time="0">
              <skipped message="skipped"></skipped>
          </testcase>
          <testcase name="[It] [sig-storage] In-tree Volumes [Driver: local] [LocalVolumeType: gce-localssd-scsi-fs] [Serial] [Testpattern: Dynamic PV (block volmode)] provisioning should provision correct filesystem size when restoring snapshot to larger size pvc [Feature:VolumeSnapshotDataSource]" classname="Kubernetes e2e suite" status="skipped" time="0">
              <skipped message="skipped"></skipped>
          </testcase>
          <testcase name="[It] [sig-storage] In-tree Volumes [Driver: aws] [Testpattern: Dynamic PV (default fs)] subPath should support creating multiple subpath from same volumes [Slow]" classname="Kubernetes e2e suite" status="skipped" time="0">
              <skipped message="skipped"></skipped>
          </testcase>
          <testcase name="[It] [sig-storage] In-tree Volumes [Driver: azure-disk] [Testpattern: Inline-volume (default fs)] subPath should fail if subpath file is outside the volume [Slow] [LinuxOnly]" classname="Kubernetes e2e suite" status="skipped" time="0">
              <skipped message="skipped"></skipped>
          </testcase>
          <testcase name="[It] [sig-windows] Hybrid cluster network for all supported CNIs should provide Internet connection for Linux containers using DNS [Feature:Networking-DNS]" classname="Kubernetes e2e suite" status="skipped" time="0">
              <skipped message="skipped"></skipped>
          </testcase>
          <testcase name="[It] [sig-storage] In-tree Volumes [Driver: aws] [Testpattern: Dynamic PV (block volmode)] provisioning should provision storage with mount options" classname="Kubernetes e2e suite" status="skipped" time="0">
              <skipped message="skipped"></skipped>
          </testcase>
          <testcase name="[It] [sig-storage] In-tree Volumes [Driver: local] [LocalVolumeType: block] [Testpattern: Generic Ephemeral-volume (block volmode) (late-binding)] ephemeral should support two pods which have the same volume definition" classname="Kubernetes e2e suite" status="skipped" time="0">
              <skipped message="skipped"></skipped>
          </testcase>
          <testcase name="[It] [sig-storage] In-tree Volumes [Driver: iscsi] [Feature:Volumes] [Testpattern: Dynamic PV (block volmode)] multiVolume [Slow] should concurrently access the single volume from pods on the same node" classname="Kubernetes e2e suite" status="skipped" time="0">
              <skipped message="skipped"></skipped>
          </testcase>
          <testcase name="[It] [sig-storage] In-tree Volumes [Driver: local] [LocalVolumeType: dir] [Testpattern: Pre-provisioned PV (default fs)] volumes should allow exec of files on the volume" classname="Kubernetes e2e suite" status="skipped" time="0">
              <skipped message="skipped"></skipped>
          </testcase>
          <testcase name="[It] [sig-storage] In-tree Volumes [Driver: emptydir] [Testpattern: Dynamic PV (filesystem volmode)] multiVolume [Slow] should access to two volumes with the same volume mode and retain data across pod recreation on different node" classname="Kubernetes e2e suite" status="skipped" time="0">
              <skipped message="skipped"></skipped>
          </testcase>
          <testcase name="[It] [sig-apps] StatefulSet Basic StatefulSet functionality [StatefulSetBasic] should perform canary updates and phased rolling updates of template modifications for partiton1 and delete pod-0 with failing container" classname="Kubernetes e2e suite" status="skipped" time="0">
              <skipped message="skipped"></skipped>
          </testcase>
          <testcase name="[It] [sig-storage] In-tree Volumes [Driver: nfs] [Testpattern: Pre-provisioned PV (filesystem volmode)] disruptive [Disruptive] [LinuxOnly] Should test that pv used in a pod that is deleted while the kubelet is down is usable by a new pod with a different SELinux context when kubelet returns [Feature:SELinux]" classname="Kubernetes e2e suite" status="skipped" time="0">
              <skipped message="skipped"></skipped>
          </testcase>
          <testcase name="[It] [sig-network] Services should fallback to terminating endpoints when there are no ready endpoints with externallTrafficPolicy=Cluster" classname="Kubernetes e2e suite" status="skipped" time="0">
              <skipped message="skipped"></skipped>
          </testcase>
          <testcase name="[It] [sig-node] Probing container should override timeoutGracePeriodSeconds when StartupProbe field is set [NodeConformance]" classname="Kubernetes e2e suite" status="skipped" time="0">
              <skipped message="skipped"></skipped>
          </testcase>
          <testcase name="[It] [sig-storage] In-tree Volumes [Driver: local] [LocalVolumeType: dir-bindmounted] [Testpattern: Pre-provisioned PV (default fs)] subPath should be able to unmount after the subpath directory is deleted [LinuxOnly]" classname="Kubernetes e2e suite" status="skipped" time="0">
              <skipped message="skipped"></skipped>
          </testcase>
          <testcase name="[It] [sig-storage] In-tree Volumes [Driver: hostPathSymlink] [Testpattern: Generic Ephemeral-volume (default fs) (late-binding)] ephemeral should support two pods which have the same volume definition" classname="Kubernetes e2e suite" status="skipped" time="0">
              <skipped message="skipped"></skipped>
          </testcase>
          <testcase name="[It] [sig-storage] CSI Volumes [Driver: pd.csi.storage.gke.io] [Serial] [Testpattern: Pre-provisioned PV (default fs)] subPath should be able to unmount after the subpath directory is deleted [LinuxOnly]" classname="Kubernetes e2e suite" status="skipped" time="0">
              <skipped message="skipped"></skipped>
          </testcase>
          <testcase name="[It] [sig-storage] In-tree Volumes [Driver: local] [LocalVolumeType: dir] [Testpattern: Pre-provisioned PV (default fs)] subPath should support readOnly directory specified in the volumeMount" classname="Kubernetes e2e suite" status="skipped" time="0">
              <skipped message="skipped"></skipped>
          </testcase>
          <testcase name="[It] [sig-storage] Storage Policy Based Volume Provisioning [Feature:vsphere] verify VSAN storage capability with valid objectSpaceReservation and iopsLimit values is honored for dynamically provisioned pvc using storageclass" classname="Kubernetes e2e suite" status="skipped" time="0">
              <skipped message="skipped"></skipped>
          </testcase>
          <testcase name="[It] [sig-api-machinery] AdmissionWebhook [Privileged:ClusterAdmin] should mutate everything except &#39;skip-me&#39; configmaps" classname="Kubernetes e2e suite" status="skipped" time="0">
              <skipped message="skipped"></skipped>
          </testcase>
          <testcase name="[It] [sig-storage] Volume Disk Size [Feature:vsphere] verify dynamically provisioned pv has size rounded up correctly" classname="Kubernetes e2e suite" status="skipped" time="0">
              <skipped message="skipped"></skipped>
          </testcase>
          <testcase name="[It] [sig-storage] In-tree Volumes [Driver: azure-file] [Testpattern: Dynamic PV (default fs)] subPath should fail if subpath directory is outside the volume [Slow] [LinuxOnly]" classname="Kubernetes e2e suite" status="skipped" time="0">
              <skipped message="skipped"></skipped>
          </testcase>
          <testcase name="[It] [sig-auth] [Feature:ClusterTrustBundle] [Feature:ClusterTrustBundleProjection] should be able to mount a single ClusterTrustBundle by name" classname="Kubernetes e2e suite" status="skipped" time="0">
              <skipped message="skipped"></skipped>
          </testcase>
          <testcase name="[It] [sig-storage] CSI Volumes [Driver: pd.csi.storage.gke.io] [Serial] [Testpattern: Pre-provisioned PV (block volmode)] disruptive [Disruptive] [LinuxOnly] Should test that pv used in a pod that is force deleted while the kubelet is down cleans up when the kubelet returns." classname="Kubernetes e2e suite" status="skipped" time="0">
              <skipped message="skipped"></skipped>
          </testcase>
          <testcase name="[It] [sig-storage] In-tree Volumes [Driver: hostPath] [Testpattern: Dynamic PV (block volmode)] disruptive [Disruptive] [LinuxOnly] Should test that pv used in a pod that is deleted while the kubelet is down cleans up when the kubelet returns." classname="Kubernetes e2e suite" status="skipped" time="0">
              <skipped message="skipped"></skipped>
          </testcase>
          <testcase name="[It] [sig-storage] In-tree Volumes [Driver: rbd] [Feature:Volumes] [Serial] [Testpattern: Dynamic PV (ntfs)] [Feature:Windows] subPath should verify container cannot write to subpath readonly volumes [Slow]" classname="Kubernetes e2e suite" status="skipped" time="0">
              <skipped message="skipped"></skipped>
          </testcase>
          <testcase name="[It] [sig-storage] In-tree Volumes [Driver: rbd] [Feature:Volumes] [Serial] [Testpattern: Pre-provisioned PV (block volmode)] multiVolume [Slow] should concurrently access the volume and restored snapshot from pods on the same node [LinuxOnly] [Feature:VolumeSnapshotDataSource] [Feature:VolumeSourceXFS]" classname="Kubernetes e2e suite" status="skipped" time="0">
              <skipped message="skipped"></skipped>
          </testcase>
          <testcase name="[It] [sig-storage] In-tree Volumes [Driver: local] [LocalVolumeType: tmpfs] [Testpattern: Dynamic PV (xfs)] [Slow] multiVolume [Slow] should concurrently access the single volume from pods on different node" classname="Kubernetes e2e suite" status="skipped" time="0">
              <skipped message="skipped"></skipped>
          </testcase>
          <testcase name="[It] [sig-storage] In-tree Volumes [Driver: emptydir] [Testpattern: Dynamic PV (block volmode)] volume-stress multiple pods should access different volumes repeatedly [Slow] [Serial]" classname="Kubernetes e2e suite" status="skipped" time="0">
              <skipped message="skipped"></skipped>
          </testcase>
          <testcase name="[It] [sig-node] Pods Extended Pod Container lifecycle evicted pods should be terminal" classname="Kubernetes e2e suite" status="skipped" time="0">
              <skipped message="skipped"></skipped>
          </testcase>
          <testcase name="[It] [sig-storage] In-tree Volumes [Driver: rbd] [Feature:Volumes] [Serial] [Testpattern: Dynamic PV (default fs)] subPath should support existing directories when readOnly specified in the volumeSource" classname="Kubernetes e2e suite" status="skipped" time="0">
              <skipped message="skipped"></skipped>
          </testcase>
          <testcase name="[It] [sig-storage] In-tree Volumes [Driver: local] [LocalVolumeType: gce-localssd-scsi-fs] [Serial] [Testpattern: Dynamic PV (xfs)] [Slow] multiVolume [Slow] should access to two volumes with the same volume mode and retain data across pod recreation on different node" classname="Kubernetes e2e suite" status="skipped" time="0">
              <skipped message="skipped"></skipped>
          </testcase>
          <testcase name="[It] [sig-storage] In-tree Volumes [Driver: local] [LocalVolumeType: tmpfs] [Testpattern: Pre-provisioned PV (filesystem volmode)] multiVolume [Slow] should access to two volumes with the same volume mode and retain data across pod recreation on different node" classname="Kubernetes e2e suite" status="skipped" time="0">
              <skipped message="skipped"></skipped>
          </testcase>
          <testcase name="[It] [sig-storage] In-tree Volumes [Driver: local] [LocalVolumeType: gce-localssd-scsi-fs] [Serial] [Testpattern: Pre-provisioned PV (default fs)] subPath should verify container cannot write to subpath readonly volumes [Slow]" classname="Kubernetes e2e suite" status="skipped" time="0">
              <skipped message="skipped"></skipped>
          </testcase>
          <testcase name="[It] [sig-storage] In-tree Volumes [Driver: cinder] [Testpattern: Dynamic PV (filesystem volmode)] disruptive [Disruptive] [LinuxOnly] Should test that pv used in a pod that is force deleted while the kubelet is down is usable by a new pod with a different SELinux context when kubelet returns [Feature:SELinux]" classname="Kubernetes e2e suite" status="skipped" time="0">
              <skipped message="skipped"></skipped>
          </testcase>
          <testcase name="[It] [sig-apps] StatefulSet Basic StatefulSet functionality [StatefulSetBasic] should perform rolling updates and roll backs of template modifications with PVCs" classname="Kubernetes e2e suite" status="skipped" time="0">
              <skipped message="skipped"></skipped>
          </testcase>
          <testcase name="[It] [sig-storage] In-tree Volumes [Driver: rbd] [Feature:Volumes] [Serial] [Testpattern: Dynamic PV (ntfs)] [Feature:Windows] multiVolume [Slow] should access to two volumes with different volume mode and retain data across pod recreation on the same node" classname="Kubernetes e2e suite" status="skipped" time="0">
              <skipped message="skipped"></skipped>
          </testcase>
          <testcase name="[It] [sig-storage] In-tree Volumes [Driver: cinder] [Testpattern: Inline-volume (default fs)] subPath should verify container cannot write to subpath readonly volumes [Slow]" classname="Kubernetes e2e suite" status="skipped" time="0">
              <skipped message="skipped"></skipped>
          </testcase>
          <testcase name="[It] [sig-storage] In-tree Volumes [Driver: cinder] [Testpattern: Dynamic PV (ntfs)] [Feature:Windows] provisioning should provision storage with any volume data source [Serial]" classname="Kubernetes e2e suite" status="skipped" time="0">
              <skipped message="skipped"></skipped>
          </testcase>
          <testcase name="[It] [sig-storage] In-tree Volumes [Driver: hostPath] [Testpattern: Dynamic PV (filesystem volmode)] multiVolume [Slow] should concurrently access the volume and its clone from pods on the same node [LinuxOnly] [Feature:VolumeSourceXFS]" classname="Kubernetes e2e suite" status="skipped" time="0">
              <skipped message="skipped"></skipped>
          </testcase>
          <testcase name="[It] [sig-api-machinery] FieldValidation should detect unknown metadata fields in both the root and embedded object of a CR [Conformance]" classname="Kubernetes e2e suite" status="passed" time="3.131463811"></testcase>
          <testcase name="[It] [sig-storage] In-tree Volumes [Driver: rbd] [Feature:Volumes] [Serial] [Testpattern: Dynamic PV (ntfs)] [Feature:Windows] subPath should support restarting containers using file as subpath [Slow] [LinuxOnly]" classname="Kubernetes e2e suite" status="skipped" time="0">
              <skipped message="skipped"></skipped>
          </testcase>
          <testcase name="[It] [sig-storage] In-tree Volumes [Driver: local] [LocalVolumeType: dir-bindmounted] [Testpattern: Dynamic PV (ntfs)(allowExpansion)] [Feature:Windows] volume-expand Verify if offline PVC expansion works" classname="Kubernetes e2e suite" status="skipped" time="0">
              <skipped message="skipped"></skipped>
          </testcase>
          <testcase name="[It] [sig-storage] In-tree Volumes [Driver: local] [LocalVolumeType: dir-link-bindmounted] [Testpattern: Pre-provisioned PV (filesystem volmode)] volumeMode should fail to use a volume in a pod with mismatched mode [Slow]" classname="Kubernetes e2e suite" status="skipped" time="0">
              <skipped message="skipped"></skipped>
          </testcase>
          <testcase name="[It] [sig-storage] In-tree Volumes [Driver: nfs] [Testpattern: Pre-provisioned PV (filesystem volmode)] multiVolume [Slow] should concurrently access the single volume from pods on the same node" classname="Kubernetes e2e suite" status="skipped" time="0">
              <skipped message="skipped"></skipped>
          </testcase>
          <testcase name="[It] [sig-node] Probing container should be restarted startup probe fails" classname="Kubernetes e2e suite" status="skipped" time="0">
              <skipped message="skipped"></skipped>
          </testcase>
          <testcase name="[It] [sig-storage] In-tree Volumes [Driver: local] [LocalVolumeType: block] [Testpattern: Dynamic PV (ntfs)] [Feature:Windows] volumes should store data" classname="Kubernetes e2e suite" status="skipped" time="0">
              <skipped message="skipped"></skipped>
          </testcase>
          <testcase name="[It] [sig-storage] In-tree Volumes [Driver: local] [LocalVolumeType: gce-localssd-scsi-fs] [Serial] [Testpattern: Dynamic PV (ntfs)] [Feature:Windows] provisioning should provision storage with snapshot data source (ROX mode) [Feature:VolumeSnapshotDataSource]" classname="Kubernetes e2e suite" status="skipped" time="0">
              <skipped message="skipped"></skipped>
          </testcase>
          <testcase name="[It] [sig-storage] In-tree Volumes [Driver: azure-disk] [Testpattern: Dynamic PV (default fs)] subPath should support restarting containers using file as subpath [Slow] [LinuxOnly]" classname="Kubernetes e2e suite" status="skipped" time="0">
              <skipped message="skipped"></skipped>
          </testcase>
          <testcase name="[It] [sig-storage] CSI Volumes [Driver: pd.csi.storage.gke.io] [Serial] [Testpattern: Inline-volume (default fs)] subPath should support restarting containers using file as subpath [Slow] [LinuxOnly]" classname="Kubernetes e2e suite" status="skipped" time="0">
              <skipped message="skipped"></skipped>
          </testcase>
          <testcase name="[It] [sig-storage] In-tree Volumes [Driver: local] [LocalVolumeType: dir-link-bindmounted] [Testpattern: Dynamic PV (block volmode)] provisioning should mount multiple PV pointing to the same storage on the same node" classname="Kubernetes e2e suite" status="skipped" time="0">
              <skipped message="skipped"></skipped>
          </testcase>
          <testcase name="[It] [sig-storage] CSI Volumes [Driver: pd.csi.storage.gke.io] [Serial] [Testpattern: Inline-volume (default fs)] subPath should support non-existent path" classname="Kubernetes e2e suite" status="skipped" time="0">
              <skipped message="skipped"></skipped>
          </testcase>
          <testcase name="[It] [sig-api-machinery] ResourceQuota should create a ResourceQuota and ensure its status is promptly calculated. [Conformance]" classname="Kubernetes e2e suite" status="passed" time="7.066454711"></testcase>
          <testcase name="[It] [sig-storage] In-tree Volumes [Driver: azure-disk] [Testpattern: Dynamic PV (ext4)] volumes should store data" classname="Kubernetes e2e suite" status="skipped" time="0">
              <skipped message="skipped"></skipped>
          </testcase>
          <testcase name="[It] [sig-node] Variable Expansion should succeed in writing subpaths in container [Slow] [Conformance]" classname="Kubernetes e2e suite" status="passed" time="34.940131358"></testcase>
          <testcase name="[It] [sig-storage] In-tree Volumes [Driver: local] [LocalVolumeType: block] [Testpattern: Dynamic PV (default fs)] subPath should fail if non-existent subpath is outside the volume [Slow] [LinuxOnly]" classname="Kubernetes e2e suite" status="skipped" time="0">
              <skipped message="skipped"></skipped>
          </testcase>
          <testcase name="[It] [sig-storage] In-tree Volumes [Driver: azure-disk] [Testpattern: Pre-provisioned PV (filesystem volmode)] disruptive [Disruptive] [LinuxOnly] Should test that pv used in a pod that is deleted while the kubelet is down is usable by a new pod when kubelet returns [Feature:SELinux]" classname="Kubernetes e2e suite" status="skipped" time="0">
              <skipped message="skipped"></skipped>
          </testcase>
          <testcase name="[It] [sig-storage] In-tree Volumes [Driver: local] [LocalVolumeType: blockfs] [Testpattern: Dynamic PV (default fs)] subPath should fail if subpath file is outside the volume [Slow] [LinuxOnly]" classname="Kubernetes e2e suite" status="skipped" time="0">
              <skipped message="skipped"></skipped>
          </testcase>
          <testcase name="[It] [sig-storage] In-tree Volumes [Driver: vsphere] [Testpattern: Pre-provisioned PV (default fs)] subPath should support file as subpath [LinuxOnly]" classname="Kubernetes e2e suite" status="skipped" time="0">
              <skipped message="skipped"></skipped>
          </testcase>
          <testcase name="[It] [sig-storage] In-tree Volumes [Driver: local] [LocalVolumeType: dir] [Testpattern: Dynamic PV (immediate binding)] topology should fail to schedule a pod which has topologies that conflict with AllowedTopologies" classname="Kubernetes e2e suite" status="skipped" time="0">
              <skipped message="skipped"></skipped>
          </testcase>
          <testcase name="[It] [sig-storage] In-tree Volumes [Driver: ceph] [Feature:Volumes] [Serial] [Testpattern: Dynamic PV (ntfs)] [Feature:Windows] multiVolume [Slow] should concurrently access the single read-only volume from pods on the same node" classname="Kubernetes e2e suite" status="skipped" time="0">
              <skipped message="skipped"></skipped>
          </testcase>
          <testcase name="[It] [sig-storage] CSI Volumes [Driver: pd.csi.storage.gke.io] [Serial] [Testpattern: Dynamic PV (filesystem volmode)] volumeMode should fail to use a volume in a pod with mismatched mode [Slow]" classname="Kubernetes e2e suite" status="skipped" time="0">
              <skipped message="skipped"></skipped>
          </testcase>
          <testcase name="[It] [sig-storage] CSI Volumes [Driver: pd.csi.storage.gke.io] [Serial] [Testpattern: Dynamic PV (default fs)(allowExpansion)] volume-expand should resize volume when PVC is edited while pod is using it" classname="Kubernetes e2e suite" status="skipped" time="0">
              <skipped message="skipped"></skipped>
          </testcase>
          <testcase name="[It] [sig-autoscaling] [Feature:HPA] [Serial] [Slow] Horizontal pod autoscaling (non-default behavior) with scale limited by percentage should scale down no more than given percentage of current Pods per minute" classname="Kubernetes e2e suite" status="skipped" time="0">
              <skipped message="skipped"></skipped>
          </testcase>
          <testcase name="[It] [sig-storage] In-tree Volumes [Driver: local] [LocalVolumeType: dir] [Testpattern: Inline-volume (ext3)] volumes should store data" classname="Kubernetes e2e suite" status="skipped" time="0">
              <skipped message="skipped"></skipped>
          </testcase>
          <testcase name="[It] [sig-network] DNS should provide DNS for pods for Subdomain [Conformance]" classname="Kubernetes e2e suite" status="passed" time="7.160975328"></testcase>
          <testcase name="[It] [sig-storage] In-tree Volumes [Driver: local] [LocalVolumeType: block] [Testpattern: Dynamic PV (default fs)] provisioning should provision storage with mount options" classname="Kubernetes e2e suite" status="skipped" time="0">
              <skipped message="skipped"></skipped>
          </testcase>
          <testcase name="[It] [sig-storage] CSI Volumes [Driver: pd.csi.storage.gke.io] [Serial] [Testpattern: Inline-volume (default fs)] subPath should fail if non-existent subpath is outside the volume [Slow] [LinuxOnly]" classname="Kubernetes e2e suite" status="skipped" time="0">
              <skipped message="skipped"></skipped>
          </testcase>
          <testcase name="[It] [sig-storage] In-tree Volumes [Driver: local] [LocalVolumeType: dir-link-bindmounted] [Testpattern: Dynamic PV (block volmode)] volumes should store data" classname="Kubernetes e2e suite" status="skipped" time="0">
              <skipped message="skipped"></skipped>
          </testcase>
          <testcase name="[It] [sig-storage] In-tree Volumes [Driver: vsphere] [Testpattern: Dynamic PV (ntfs)] [Feature:Windows] subPath should support existing single file [LinuxOnly]" classname="Kubernetes e2e suite" status="skipped" time="0">
              <skipped message="skipped"></skipped>
          </testcase>
          <testcase name="[It] [sig-storage] In-tree Volumes [Driver: vsphere] [Testpattern: Pre-provisioned PV (filesystem volmode)] volumeMode should fail to use a volume in a pod with mismatched mode [Slow]" classname="Kubernetes e2e suite" status="skipped" time="0">
              <skipped message="skipped"></skipped>
          </testcase>
          <testcase name="[It] [sig-storage] In-tree Volumes [Driver: local] [LocalVolumeType: block] [Testpattern: Dynamic PV (default fs)(allowExpansion)] volume-expand Verify if offline PVC expansion works" classname="Kubernetes e2e suite" status="skipped" time="0">
              <skipped message="skipped"></skipped>
          </testcase>
          <testcase name="[It] [sig-autoscaling] [HPA] [Feature:CustomMetricsAutoscaling] Horizontal pod autoscaling (scale resource: Custom Metrics from Stackdriver) with External Metric from Stackdriver should scale up with two metrics" classname="Kubernetes e2e suite" status="skipped" time="0">
              <skipped message="skipped"></skipped>
          </testcase>
          <testcase name="[It] [sig-storage] In-tree Volumes [Driver: local] [LocalVolumeType: block] [Testpattern: Dynamic PV (default fs)] subPath should support file as subpath [LinuxOnly]" classname="Kubernetes e2e suite" status="skipped" time="0">
              <skipped message="skipped"></skipped>
          </testcase>
          <testcase name="[It] [sig-storage] In-tree Volumes [Driver: ceph] [Feature:Volumes] [Serial] [Testpattern: Pre-provisioned PV (filesystem volmode)] volumeMode should not mount / map unused volumes in a pod [LinuxOnly]" classname="Kubernetes e2e suite" status="skipped" time="0">
              <skipped message="skipped"></skipped>
          </testcase>
          <testcase name="[It] [sig-storage] In-tree Volumes [Driver: local] [LocalVolumeType: tmpfs] [Testpattern: Dynamic PV (ext4)] multiVolume [Slow] should concurrently access the single volume from pods on different node" classname="Kubernetes e2e suite" status="skipped" time="0">
              <skipped message="skipped"></skipped>
          </testcase>
          <testcase name="[It] [sig-storage] In-tree Volumes [Driver: vsphere] [Testpattern: Dynamic PV (default fs)] provisioning should provision storage with any volume data source [Serial]" classname="Kubernetes e2e suite" status="skipped" time="0">
              <skipped message="skipped"></skipped>
          </testcase>
          <testcase name="[It] [sig-storage] CSI Volumes [Driver: csi-hostpath] [Testpattern: Dynamic PV (ext4)] multiVolume [Slow] should concurrently access the single volume from pods on the same node" classname="Kubernetes e2e suite" status="skipped" time="0">
              <skipped message="skipped"></skipped>
          </testcase>
          <testcase name="[It] [sig-storage] In-tree Volumes [Driver: local] [LocalVolumeType: dir] [Testpattern: Dynamic PV (block volmode)] provisioning should provision storage with pvc data source" classname="Kubernetes e2e suite" status="skipped" time="0">
              <skipped message="skipped"></skipped>
          </testcase>
          <testcase name="[It] [sig-storage] Projected secret should be consumable from pods in volume as non-root with defaultMode and fsGroup set [LinuxOnly] [NodeConformance] [Conformance]" classname="Kubernetes e2e suite" status="passed" time="4.108663733"></testcase>
          <testcase name="[It] [sig-storage] In-tree Volumes [Driver: hostPath] [Testpattern: Dynamic PV (block volmode)] multiVolume [Slow] should concurrently access the single volume from pods on different node" classname="Kubernetes e2e suite" status="skipped" time="0">
              <skipped message="skipped"></skipped>
          </testcase>
          <testcase name="[It] [sig-storage] In-tree Volumes [Driver: azure-disk] [Testpattern: Pre-provisioned PV (filesystem volmode)] multiVolume [Slow] should concurrently access the single volume from pods on the same node" classname="Kubernetes e2e suite" status="skipped" time="0">
              <skipped message="skipped"></skipped>
          </testcase>
          <testcase name="[It] [sig-storage] In-tree Volumes [Driver: azure-file] [Testpattern: Generic Ephemeral-volume (block volmode) (late-binding)] ephemeral should create read/write inline ephemeral volume" classname="Kubernetes e2e suite" status="skipped" time="0">
              <skipped message="skipped"></skipped>
          </testcase>
          <testcase name="[It] [sig-storage] In-tree Volumes [Driver: emptydir] [Testpattern: Pre-provisioned PV (ext3)] volumes should allow exec of files on the volume" classname="Kubernetes e2e suite" status="skipped" time="0">
              <skipped message="skipped"></skipped>
          </testcase>
          <testcase name="[It] [sig-storage] In-tree Volumes [Driver: local] [LocalVolumeType: dir-link-bindmounted] [Testpattern: Dynamic PV (ntfs)] [Feature:Windows] volumes should allow exec of files on the volume" classname="Kubernetes e2e suite" status="skipped" time="0">
              <skipped message="skipped"></skipped>
          </testcase>
          <testcase name="[It] [sig-storage] In-tree Volumes [Driver: local] [LocalVolumeType: blockfs] [Testpattern: Dynamic PV (ntfs)] [Feature:Windows] subPath should unmount if pod is gracefully deleted while kubelet is down [Disruptive] [Slow] [LinuxOnly]" classname="Kubernetes e2e suite" status="skipped" time="0">
              <skipped message="skipped"></skipped>
          </testcase>
          <testcase name="[It] [sig-storage] In-tree Volumes [Driver: local] [LocalVolumeType: blockfs] [Testpattern: Dynamic PV (default fs)] subPath should be able to unmount after the subpath directory is deleted [LinuxOnly]" classname="Kubernetes e2e suite" status="skipped" time="0">
              <skipped message="skipped"></skipped>
          </testcase>
          <testcase name="[It] [sig-node] RuntimeClass should run a Pod requesting a RuntimeClass with scheduling with taints [Serial]" classname="Kubernetes e2e suite" status="skipped" time="0">
              <skipped message="skipped"></skipped>
          </testcase>
          <testcase name="[It] [sig-storage] In-tree Volumes [Driver: local] [LocalVolumeType: dir-link-bindmounted] [Testpattern: Dynamic PV (filesystem volmode)] disruptive [Disruptive] [LinuxOnly] Should test that pv written before kubelet restart is readable after restart." classname="Kubernetes e2e suite" status="skipped" time="0">
              <skipped message="skipped"></skipped>
          </testcase>
          <testcase name="[It] [sig-apps] DaemonRestart [Disruptive] Kubelet should not restart containers across restart" classname="Kubernetes e2e suite" status="skipped" time="0">
              <skipped message="skipped"></skipped>
          </testcase>
          <testcase name="[It] [sig-storage] In-tree Volumes [Driver: iscsi] [Feature:Volumes] [Testpattern: Dynamic PV (delayed binding)] topology should fail to schedule a pod which has topologies that conflict with AllowedTopologies" classname="Kubernetes e2e suite" status="skipped" time="0">
              <skipped message="skipped"></skipped>
          </testcase>
          <testcase name="[It] [sig-storage] In-tree Volumes [Driver: hostPathSymlink] [Testpattern: Dynamic PV (block volmode)] multiVolume [Slow] should concurrently access the volume and restored snapshot from pods on the same node [LinuxOnly] [Feature:VolumeSnapshotDataSource] [Feature:VolumeSourceXFS]" classname="Kubernetes e2e suite" status="skipped" time="0">
              <skipped message="skipped"></skipped>
          </testcase>
          <testcase name="[It] [sig-storage] In-tree Volumes [Driver: azure-disk] [Testpattern: Pre-provisioned PV (filesystem volmode)] disruptive [Disruptive] [LinuxOnly] Should test that pv used in a pod that is deleted while the kubelet is down is usable by a new pod with a different SELinux context when kubelet returns [Feature:SELinux]" classname="Kubernetes e2e suite" status="skipped" time="0">
              <skipped message="skipped"></skipped>
          </testcase>
          <testcase name="[It] [sig-storage] In-tree Volumes [Driver: ceph] [Feature:Volumes] [Serial] [Testpattern: Dynamic PV (ntfs)] [Feature:Windows] subPath should support restarting containers using directory as subpath [Slow]" classname="Kubernetes e2e suite" status="skipped" time="0">
              <skipped message="skipped"></skipped>
          </testcase>
          <testcase name="[It] [sig-node] crictl should be able to run crictl on the node" classname="Kubernetes e2e suite" status="skipped" time="0">
              <skipped message="skipped"></skipped>
          </testcase>
          <testcase name="[It] [sig-storage] In-tree Volumes [Driver: iscsi] [Feature:Volumes] [Testpattern: Dynamic PV (xfs)] [Slow] multiVolume [Slow] should access to two volumes with different volume mode and retain data across pod recreation on different node" classname="Kubernetes e2e suite" status="skipped" time="0">
              <skipped message="skipped"></skipped>
          </testcase>
          <testcase name="[It] [sig-storage] CSI Volumes [Driver: pd.csi.storage.gke.io] [Serial] [Testpattern: Generic Ephemeral-volume (default fs) (late-binding)] ephemeral should create read/write inline ephemeral volume" classname="Kubernetes e2e suite" status="skipped" time="0">
              <skipped message="skipped"></skipped>
          </testcase>
          <testcase name="[It] [sig-storage] In-tree Volumes [Driver: hostPathSymlink] [Testpattern: Dynamic PV (default fs)] provisioning should provision storage with any volume data source [Serial]" classname="Kubernetes e2e suite" status="skipped" time="0">
              <skipped message="skipped"></skipped>
          </testcase>
          <testcase name="[It] [sig-storage] In-tree Volumes [Driver: ceph] [Feature:Volumes] [Serial] [Testpattern: Dynamic PV (default fs)(allowExpansion)] volume-expand should resize volume when PVC is edited while pod is using it" classname="Kubernetes e2e suite" status="skipped" time="0">
              <skipped message="skipped"></skipped>
          </testcase>
          <testcase name="[It] [sig-storage] In-tree Volumes [Driver: aws] [Testpattern: Dynamic PV (block volmode)] provisioning should provision correct filesystem size when restoring snapshot to larger size pvc [Feature:VolumeSnapshotDataSource]" classname="Kubernetes e2e suite" status="skipped" time="0">
              <skipped message="skipped"></skipped>
          </testcase>
          <testcase name="[It] [sig-storage] In-tree Volumes [Driver: local] [LocalVolumeType: dir-link-bindmounted] [Testpattern: Inline-volume (default fs)] subPath should support existing single file [LinuxOnly]" classname="Kubernetes e2e suite" status="skipped" time="0">
              <skipped message="skipped"></skipped>
          </testcase>
          <testcase name="[It] [sig-storage] CSI Volumes [Driver: csi-hostpath] [Testpattern: Dynamic PV (default fs)] volumes should allow exec of files on the volume" classname="Kubernetes e2e suite" status="skipped" time="0">
              <skipped message="skipped"></skipped>
          </testcase>
          <testcase name="[It] [sig-storage] In-tree Volumes [Driver: hostPathSymlink] [Testpattern: Pre-provisioned PV (default fs)] subPath should fail if subpath directory is outside the volume [Slow] [LinuxOnly]" classname="Kubernetes e2e suite" status="skipped" time="0">
              <skipped message="skipped"></skipped>
          </testcase>
          <testcase name="[It] [sig-storage] CSI Volumes [Driver: pd.csi.storage.gke.io] [Serial] [Testpattern: Dynamic PV (default fs)] provisioning should provision correct filesystem size when restoring snapshot to larger size pvc [Feature:VolumeSnapshotDataSource]" classname="Kubernetes e2e suite" status="skipped" time="0">
              <skipped message="skipped"></skipped>
          </testcase>
          <testcase name="[It] [sig-storage] In-tree Volumes [Driver: azure-disk] [Testpattern: Dynamic PV (block volmode)] volumeMode should not mount / map unused volumes in a pod [LinuxOnly]" classname="Kubernetes e2e suite" status="skipped" time="0">
              <skipped message="skipped"></skipped>
          </testcase>
          <testcase name="[It] [sig-storage] CSI Mock volume expansion CSI Volume expansion should expand volume without restarting pod if nodeExpansion=off" classname="Kubernetes e2e suite" status="skipped" time="0">
              <skipped message="skipped"></skipped>
          </testcase>
          <testcase name="[It] [sig-api-machinery] AdmissionWebhook [Privileged:ClusterAdmin] should reject validating webhook configurations with invalid match conditions" classname="Kubernetes e2e suite" status="skipped" time="0">
              <skipped message="skipped"></skipped>
          </testcase>
          <testcase name="[It] [sig-storage] In-tree Volumes [Driver: local] [LocalVolumeType: block] [Testpattern: Dynamic PV (block volmode)] provisioning should provision storage with pvc data source" classname="Kubernetes e2e suite" status="skipped" time="0">
              <skipped message="skipped"></skipped>
          </testcase>
          <testcase name="[It] [sig-storage] In-tree Volumes [Driver: azure-file] [Testpattern: Dynamic PV (default fs)] capacity provides storage capacity information" classname="Kubernetes e2e suite" status="skipped" time="0">
              <skipped message="skipped"></skipped>
          </testcase>
          <testcase name="[It] [sig-storage] In-tree Volumes [Driver: local] [LocalVolumeType: gce-localssd-scsi-fs] [Serial] [Testpattern: Dynamic PV (ntfs)] [Feature:Windows] multiVolume [Slow] should concurrently access the volume and restored snapshot from pods on the same node [LinuxOnly] [Feature:VolumeSnapshotDataSource] [Feature:VolumeSourceXFS]" classname="Kubernetes e2e suite" status="skipped" time="0">
              <skipped message="skipped"></skipped>
          </testcase>
          <testcase name="[It] [sig-storage] In-tree Volumes [Driver: rbd] [Feature:Volumes] [Serial] [Testpattern: Inline-volume (default fs)] subPath should fail if subpath directory is outside the volume [Slow] [LinuxOnly]" classname="Kubernetes e2e suite" status="skipped" time="0">
              <skipped message="skipped"></skipped>
          </testcase>
          <testcase name="[It] [sig-storage] In-tree Volumes [Driver: local] [LocalVolumeType: dir-bindmounted] [Testpattern: Pre-provisioned PV (ext3)] volumes should allow exec of files on the volume" classname="Kubernetes e2e suite" status="skipped" time="0">
              <skipped message="skipped"></skipped>
          </testcase>
          <testcase name="[It] [sig-storage] In-tree Volumes [Driver: local] [LocalVolumeType: blockfs] [Testpattern: Dynamic PV (filesystem volmode)] multiVolume [Slow] should concurrently access the volume and restored snapshot from pods on the same node [LinuxOnly] [Feature:VolumeSnapshotDataSource] [Feature:VolumeSourceXFS]" classname="Kubernetes e2e suite" status="skipped" time="0">
              <skipped message="skipped"></skipped>
          </testcase>
          <testcase name="[It] [sig-storage] In-tree Volumes [Driver: local] [LocalVolumeType: blockfs] [Testpattern: Dynamic PV (default fs)] subPath should fail if non-existent subpath is outside the volume [Slow] [LinuxOnly]" classname="Kubernetes e2e suite" status="skipped" time="0">
              <skipped message="skipped"></skipped>
          </testcase>
          <testcase name="[It] [sig-storage] In-tree Volumes [Driver: rbd] [Feature:Volumes] [Serial] [Testpattern: Dynamic PV (block volmode)] disruptive [Disruptive] [LinuxOnly] Should test that pv used in a pod that is deleted while the kubelet is down cleans up when the kubelet returns." classname="Kubernetes e2e suite" status="skipped" time="0">
              <skipped message="skipped"></skipped>
          </testcase>
          <testcase name="[It] [sig-storage] In-tree Volumes [Driver: vsphere] [Testpattern: Dynamic PV (ntfs)] [Feature:Windows] provisioning should provision storage with mount options" classname="Kubernetes e2e suite" status="skipped" time="0">
              <skipped message="skipped"></skipped>
          </testcase>
          <testcase name="[It] [sig-storage] In-tree Volumes [Driver: vsphere] [Testpattern: Generic Ephemeral-volume (default fs) (late-binding)] ephemeral should create read/write inline ephemeral volume" classname="Kubernetes e2e suite" status="skipped" time="0">
              <skipped message="skipped"></skipped>
          </testcase>
          <testcase name="[It] [sig-storage] PersistentVolumes-local [Volume type: blockfswithoutformat] One pod requesting one prebound PVC should be able to mount volume and write from pod1" classname="Kubernetes e2e suite" status="skipped" time="0">
              <skipped message="skipped"></skipped>
          </testcase>
          <testcase name="[It] [sig-api-machinery] ResourceQuota [Feature:PodPriority] should verify ResourceQuota&#39;s priority class scope (quota set to pod count: 1) against a pod with different priority class (ScopeSelectorOpExists)." classname="Kubernetes e2e suite" status="skipped" time="0">
              <skipped message="skipped"></skipped>
          </testcase>
          <testcase name="[It] [sig-storage] In-tree Volumes [Driver: ceph] [Feature:Volumes] [Serial] [Testpattern: Dynamic PV (filesystem volmode)] disruptive [Disruptive] [LinuxOnly] Should test that pv used in a pod that is deleted while the kubelet is down is usable by a new pod when kubelet returns [Feature:SELinux]" classname="Kubernetes e2e suite" status="skipped" time="0">
              <skipped message="skipped"></skipped>
          </testcase>
          <testcase name="[It] [sig-cloud-provider-gcp] Ports Security Check [Feature:KubeletSecurity] should not have port 4194 open on its all public IP addresses" classname="Kubernetes e2e suite" status="skipped" time="0">
              <skipped message="skipped"></skipped>
          </testcase>
          <testcase name="[It] [sig-storage] In-tree Volumes [Driver: nfs] [Testpattern: Inline-volume (xfs)] [Slow] volumes should store data" classname="Kubernetes e2e suite" status="skipped" time="0">
              <skipped message="skipped"></skipped>
          </testcase>
          <testcase name="[It] [sig-storage] In-tree Volumes [Driver: local] [LocalVolumeType: tmpfs] [Testpattern: Dynamic PV (ntfs)] [Feature:Windows] subPath should unmount if pod is gracefully deleted while kubelet is down [Disruptive] [Slow] [LinuxOnly]" classname="Kubernetes e2e suite" status="skipped" time="0">
              <skipped message="skipped"></skipped>
          </testcase>
          <testcase name="[It] [sig-storage] CSI Mock volume attach CSI attach test using mock driver should require VolumeAttach for drivers with attachment" classname="Kubernetes e2e suite" status="skipped" time="0">
              <skipped message="skipped"></skipped>
          </testcase>
          <testcase name="[It] [sig-storage] In-tree Volumes [Driver: hostPathSymlink] [Testpattern: Dynamic PV (ntfs)] [Feature:Windows] subPath should unmount if pod is force deleted while kubelet is down [Disruptive] [Slow] [LinuxOnly]" classname="Kubernetes e2e suite" status="skipped" time="0">
              <skipped message="skipped"></skipped>
          </testcase>
          <testcase name="[It] [sig-storage] PersistentVolumes:vsphere [Feature:vsphere] should test that deleting a PVC before the pod does not cause pod deletion to fail on vsphere volume detach" classname="Kubernetes e2e suite" status="skipped" time="0">
              <skipped message="skipped"></skipped>
          </testcase>
          <testcase name="[It] [sig-storage] In-tree Volumes [Driver: iscsi] [Feature:Volumes] [Testpattern: Dynamic PV (ext4)] multiVolume [Slow] should concurrently access the single read-only volume from pods on the same node" classname="Kubernetes e2e suite" status="skipped" time="0">
              <skipped message="skipped"></skipped>
          </testcase>
          <testcase name="[It] [sig-storage] In-tree Volumes [Driver: local] [LocalVolumeType: dir] [Testpattern: Pre-provisioned PV (block volmode)] multiVolume [Slow] should concurrently access the single read-only volume from pods on the same node" classname="Kubernetes e2e suite" status="skipped" time="0">
              <skipped message="skipped"></skipped>
          </testcase>
          <testcase name="[It] [sig-storage] In-tree Volumes [Driver: local] [LocalVolumeType: dir] [Testpattern: Dynamic PV (default fs)] subPath should support creating multiple subpath from same volumes [Slow]" classname="Kubernetes e2e suite" status="skipped" time="0">
              <skipped message="skipped"></skipped>
          </testcase>
          <testcase name="[It] [sig-storage] In-tree Volumes [Driver: emptydir] [Testpattern: Dynamic PV (default fs)] subPath should support restarting containers using directory as subpath [Slow]" classname="Kubernetes e2e suite" status="skipped" time="0">
              <skipped message="skipped"></skipped>
          </testcase>
          <testcase name="[It] [sig-storage] In-tree Volumes [Driver: local] [LocalVolumeType: dir-bindmounted] [Testpattern: Dynamic PV (ntfs)] [Feature:Windows] provisioning should provision storage with pvc data source" classname="Kubernetes e2e suite" status="skipped" time="0">
              <skipped message="skipped"></skipped>
          </testcase>
          <testcase name="[It] [sig-storage] In-tree Volumes [Driver: hostPathSymlink] [Testpattern: Inline-volume (ntfs)] [Feature:Windows] volumes should store data" classname="Kubernetes e2e suite" status="skipped" time="0">
              <skipped message="skipped"></skipped>
          </testcase>
          <testcase name="[It] [sig-storage] In-tree Volumes [Driver: cinder] [Testpattern: Pre-provisioned PV (block volmode)] multiVolume [Slow] should access to two volumes with different volume mode and retain data across pod recreation on the same node" classname="Kubernetes e2e suite" status="skipped" time="0">
              <skipped message="skipped"></skipped>
          </testcase>
          <testcase name="[It] [sig-storage] In-tree Volumes [Driver: local] [LocalVolumeType: dir-link-bindmounted] [Testpattern: Dynamic PV (block volmode)(allowExpansion)] volume-expand should resize volume when PVC is edited while pod is using it" classname="Kubernetes e2e suite" status="skipped" time="0">
              <skipped message="skipped"></skipped>
          </testcase>
          <testcase name="[It] [sig-storage] In-tree Volumes [Driver: local] [LocalVolumeType: dir-link] [Testpattern: Pre-provisioned PV (default fs)] subPath should support file as subpath [LinuxOnly]" classname="Kubernetes e2e suite" status="skipped" time="0">
              <skipped message="skipped"></skipped>
          </testcase>
          <testcase name="[It] [sig-network] Netpol NetworkPolicy between server and client should enforce policy to allow ingress traffic from pods in all namespaces [Feature:NetworkPolicy]" classname="Kubernetes e2e suite" status="skipped" time="0">
              <skipped message="skipped"></skipped>
          </testcase>
          <testcase name="[It] [sig-storage] In-tree Volumes [Driver: local] [LocalVolumeType: tmpfs] [Testpattern: Inline-volume (default fs)] volumeIO should write files of various sizes, verify size, validate content [Slow]" classname="Kubernetes e2e suite" status="skipped" time="0">
              <skipped message="skipped"></skipped>
          </testcase>
          <testcase name="[It] [sig-storage] In-tree Volumes [Driver: local] [LocalVolumeType: tmpfs] [Testpattern: Inline-volume (default fs)] subPath should fail if subpath directory is outside the volume [Slow] [LinuxOnly]" classname="Kubernetes e2e suite" status="skipped" time="0">
              <skipped message="skipped"></skipped>
          </testcase>
          <testcase name="[It] [sig-storage] In-tree Volumes [Driver: emptydir] [Testpattern: Dynamic PV (filesystem volmode)] disruptive [Disruptive] [LinuxOnly] Should test that pv used in a pod that is deleted while the kubelet is down is usable by a new pod when kubelet returns [Feature:SELinux]" classname="Kubernetes e2e suite" status="skipped" time="0">
              <skipped message="skipped"></skipped>
          </testcase>
          <testcase name="[It] [sig-storage] In-tree Volumes [Driver: local] [LocalVolumeType: block] [Testpattern: Pre-provisioned PV (block volmode)] multiVolume [Slow] should concurrently access the single volume from pods on the same node" classname="Kubernetes e2e suite" status="skipped" time="0">
              <skipped message="skipped"></skipped>
          </testcase>
          <testcase name="[It] [sig-cli] Kubectl client Kubectl cluster-info should check if Kubernetes control plane services is included in cluster-info [Conformance]" classname="Kubernetes e2e suite" status="passed" time="0.143583701"></testcase>
          <testcase name="[It] [sig-storage] Projected secret Should fail non-optional pod creation due to the key in the secret object does not exist [Slow]" classname="Kubernetes e2e suite" status="skipped" time="0">
              <skipped message="skipped"></skipped>
          </testcase>
          <testcase name="[It] [sig-network] EndpointSlice should create Endpoints and EndpointSlices for Pods matching a Service [Conformance]" classname="Kubernetes e2e suite" status="passed" time="30.178363289"></testcase>
          <testcase name="[It] [sig-storage] In-tree Volumes [Driver: ceph] [Feature:Volumes] [Serial] [Testpattern: Dynamic PV (default fs)] subPath should unmount if pod is gracefully deleted while kubelet is down [Disruptive] [Slow] [LinuxOnly]" classname="Kubernetes e2e suite" status="skipped" time="0">
              <skipped message="skipped"></skipped>
          </testcase>
          <testcase name="[It] [sig-storage] In-tree Volumes [Driver: local] [LocalVolumeType: blockfs] [Testpattern: Generic Ephemeral-volume (default fs) (immediate-binding)] ephemeral should create read-only inline ephemeral volume" classname="Kubernetes e2e suite" status="skipped" time="0">
              <skipped message="skipped"></skipped>
          </testcase>
          <testcase name="[It] [sig-storage] In-tree Volumes [Driver: rbd] [Feature:Volumes] [Serial] [Testpattern: Dynamic PV (ntfs)] [Feature:Windows] subPath should unmount if pod is gracefully deleted while kubelet is down [Disruptive] [Slow] [LinuxOnly]" classname="Kubernetes e2e suite" status="skipped" time="0">
              <skipped message="skipped"></skipped>
          </testcase>
          <testcase name="[It] [sig-storage] CSI Volumes [Driver: csi-hostpath] [Testpattern: Dynamic PV (xfs)] [Slow] multiVolume [Slow] should concurrently access the volume and its clone from pods on the same node [LinuxOnly] [Feature:VolumeSourceXFS]" classname="Kubernetes e2e suite" status="skipped" time="0">
              <skipped message="skipped"></skipped>
          </testcase>
          <testcase name="[It] [sig-storage] In-tree Volumes [Driver: emptydir] [Testpattern: Generic Ephemeral-volume (default fs) (late-binding)] ephemeral should support expansion of pvcs created for ephemeral pvcs" classname="Kubernetes e2e suite" status="skipped" time="0">
              <skipped message="skipped"></skipped>
          </testcase>
          <testcase name="[It] [sig-storage] Pod Disks [Feature:StorageProvider] schedule pods each with a PD, delete pod and verify detach [Slow] for read-only PD with pod delete grace period of &#34;immediate (0s)&#34;" classname="Kubernetes e2e suite" status="skipped" time="0">
              <skipped message="skipped"></skipped>
          </testcase>
          <testcase name="[It] [sig-storage] In-tree Volumes [Driver: local] [LocalVolumeType: dir-bindmounted] [Testpattern: Inline-volume (default fs)] subPath should support restarting containers using directory as subpath [Slow]" classname="Kubernetes e2e suite" status="skipped" time="0">
              <skipped message="skipped"></skipped>
          </testcase>
          <testcase name="[It] [sig-storage] In-tree Volumes [Driver: local] [LocalVolumeType: gce-localssd-scsi-fs] [Serial] [Testpattern: Dynamic PV (ntfs)] [Feature:Windows] subPath should unmount if pod is gracefully deleted while kubelet is down [Disruptive] [Slow] [LinuxOnly]" classname="Kubernetes e2e suite" status="skipped" time="0">
              <skipped message="skipped"></skipped>
          </testcase>
          <testcase name="[It] [sig-storage] In-tree Volumes [Driver: cinder] [Testpattern: Inline-volume (ntfs)] [Feature:Windows] volumes should allow exec of files on the volume" classname="Kubernetes e2e suite" status="skipped" time="0">
              <skipped message="skipped"></skipped>
          </testcase>
          <testcase name="[It] [sig-storage] In-tree Volumes [Driver: local] [LocalVolumeType: dir-bindmounted] [Testpattern: Dynamic PV (block volmode)] provisioning should mount multiple PV pointing to the same storage on the same node" classname="Kubernetes e2e suite" status="skipped" time="0">
              <skipped message="skipped"></skipped>
          </testcase>
          <testcase name="[It] [sig-storage] In-tree Volumes [Driver: cinder] [Testpattern: Pre-provisioned PV (block volmode)] multiVolume [Slow] should access to two volumes with the same volume mode and retain data across pod recreation on different node" classname="Kubernetes e2e suite" status="skipped" time="0">
              <skipped message="skipped"></skipped>
          </testcase>
          <testcase name="[It] [sig-storage] CSI Volumes [Driver: pd.csi.storage.gke.io] [Serial] [Testpattern: Pre-provisioned PV (block volmode)] multiVolume [Slow] should concurrently access the volume and restored snapshot from pods on the same node [LinuxOnly] [Feature:VolumeSnapshotDataSource] [Feature:VolumeSourceXFS]" classname="Kubernetes e2e suite" status="skipped" time="0">
              <skipped message="skipped"></skipped>
          </testcase>
          <testcase name="[It] [sig-storage] PersistentVolumes:vsphere [Feature:vsphere] should test that deleting the Namespace of a PVC and Pod causes the successful detach of vsphere volume" classname="Kubernetes e2e suite" status="skipped" time="0">
              <skipped message="skipped"></skipped>
          </testcase>
          <testcase name="[It] [sig-storage] In-tree Volumes [Driver: local] [LocalVolumeType: dir] [Testpattern: Generic Ephemeral-volume (block volmode) (late-binding)] ephemeral should support two pods which have the same volume definition" classname="Kubernetes e2e suite" status="skipped" time="0">
              <skipped message="skipped"></skipped>
          </testcase>
          <testcase name="[It] [sig-storage] Downward API volume should provide podname only [NodeConformance] [Conformance]" classname="Kubernetes e2e suite" status="passed" time="4.105085093"></testcase>
          <testcase name="[It] [sig-storage] Ephemeralstorage When pod refers to non-existent ephemeral storage should allow deletion of pod with invalid volume : secret" classname="Kubernetes e2e suite" status="skipped" time="0">
              <skipped message="skipped"></skipped>
          </testcase>
          <testcase name="[It] [sig-storage] In-tree Volumes [Driver: local] [LocalVolumeType: gce-localssd-scsi-fs] [Serial] [Testpattern: Dynamic PV (ntfs)] [Feature:Windows] provisioning should provision storage with pvc data source (ROX mode)" classname="Kubernetes e2e suite" status="skipped" time="0">
              <skipped message="skipped"></skipped>
          </testcase>
          <testcase name="[It] [sig-storage] In-tree Volumes [Driver: local] [LocalVolumeType: block] [Testpattern: Dynamic PV (filesystem volmode)] multiVolume [Slow] should access to two volumes with different volume mode and retain data across pod recreation on different node" classname="Kubernetes e2e suite" status="skipped" time="0">
              <skipped message="skipped"></skipped>
          </testcase>
          <testcase name="[It] [sig-storage] In-tree Volumes [Driver: nfs] [Testpattern: Dynamic PV (filesystem volmode)] multiVolume [Slow] should access to two volumes with different volume mode and retain data across pod recreation on the same node" classname="Kubernetes e2e suite" status="skipped" time="0">
              <skipped message="skipped"></skipped>
          </testcase>
          <testcase name="[It] [sig-cli] Kubectl client Kubectl events should show event when pod is created" classname="Kubernetes e2e suite" status="skipped" time="0">
              <skipped message="skipped"></skipped>
          </testcase>
          <testcase name="[It] [sig-storage] In-tree Volumes [Driver: nfs] [Testpattern: Dynamic PV (block volmode)] provisioning should provision storage with snapshot data source [Feature:VolumeSnapshotDataSource]" classname="Kubernetes e2e suite" status="skipped" time="0">
              <skipped message="skipped"></skipped>
          </testcase>
          <testcase name="[It] [sig-storage] In-tree Volumes [Driver: vsphere] [Testpattern: Dynamic PV (filesystem volmode)] disruptive [Disruptive] [LinuxOnly] Should test that pv used in a pod that is force deleted while the kubelet is down is usable by a new pod with a different SELinux context when kubelet returns [Feature:SELinux]" classname="Kubernetes e2e suite" status="skipped" time="0">
              <skipped message="skipped"></skipped>
          </testcase>
          <testcase name="[It] [sig-storage] In-tree Volumes [Driver: local] [LocalVolumeType: dir-link-bindmounted] [Testpattern: Pre-provisioned PV (block volmode)] disruptive [Disruptive] [LinuxOnly] Should test that pv written before kubelet restart is readable after restart." classname="Kubernetes e2e suite" status="skipped" time="0">
              <skipped message="skipped"></skipped>
          </testcase>
          <testcase name="[It] [sig-storage] In-tree Volumes [Driver: hostPathSymlink] [Testpattern: Pre-provisioned PV (default fs)] subPath should support file as subpath [LinuxOnly]" classname="Kubernetes e2e suite" status="skipped" time="0">
              <skipped message="skipped"></skipped>
          </testcase>
          <testcase name="[It] [sig-storage] In-tree Volumes [Driver: ceph] [Feature:Volumes] [Serial] [Testpattern: Dynamic PV (ntfs)] [Feature:Windows] multiVolume [Slow] should access to two volumes with the same volume mode and retain data across pod recreation on the same node" classname="Kubernetes e2e suite" status="skipped" time="0">
              <skipped message="skipped"></skipped>
          </testcase>
          <testcase name="[It] [sig-storage] In-tree Volumes [Driver: local] [LocalVolumeType: block] [Testpattern: Dynamic PV (block volmode)] disruptive [Disruptive] [LinuxOnly] Should test that pv written before kubelet restart is readable after restart." classname="Kubernetes e2e suite" status="skipped" time="0">
              <skipped message="skipped"></skipped>
          </testcase>
          <testcase name="[It] [sig-storage] In-tree Volumes [Driver: ceph] [Feature:Volumes] [Serial] [Testpattern: Pre-provisioned PV (block volmode)] multiVolume [Slow] should concurrently access the single volume from pods on the same node" classname="Kubernetes e2e suite" status="skipped" time="0">
              <skipped message="skipped"></skipped>
          </testcase>
          <testcase name="[It] [sig-storage] In-tree Volumes [Driver: aws] [Testpattern: Pre-provisioned PV (block volmode)] disruptive [Disruptive] [LinuxOnly] Should test that pv written before kubelet restart is readable after restart." classname="Kubernetes e2e suite" status="skipped" time="0">
              <skipped message="skipped"></skipped>
          </testcase>
          <testcase name="[It] [sig-storage] In-tree Volumes [Driver: aws] [Testpattern: Dynamic PV (default fs)] provisioning should provision storage with snapshot data source [Feature:VolumeSnapshotDataSource]" classname="Kubernetes e2e suite" status="skipped" time="0">
              <skipped message="skipped"></skipped>
          </testcase>
          <testcase name="[It] [sig-storage] In-tree Volumes [Driver: azure-disk] [Testpattern: Dynamic PV (block volmode)] multiVolume [Slow] should concurrently access the single volume from pods on the same node" classname="Kubernetes e2e suite" status="skipped" time="0">
              <skipped message="skipped"></skipped>
          </testcase>
          <testcase name="[It] [sig-storage] In-tree Volumes [Driver: local] [LocalVolumeType: blockfs] [Testpattern: Dynamic PV (block volmode)] provisioning should provision storage with snapshot data source (ROX mode) [Feature:VolumeSnapshotDataSource]" classname="Kubernetes e2e suite" status="skipped" time="0">
              <skipped message="skipped"></skipped>
          </testcase>
          <testcase name="[It] [sig-storage] In-tree Volumes [Driver: local] [LocalVolumeType: gce-localssd-scsi-fs] [Serial] [Testpattern: Dynamic PV (filesystem volmode)] multiVolume [Slow] should access to two volumes with different volume mode and retain data across pod recreation on different node" classname="Kubernetes e2e suite" status="skipped" time="0">
              <skipped message="skipped"></skipped>
          </testcase>
          <testcase name="[It] [sig-storage] In-tree Volumes [Driver: cinder] [Testpattern: Dynamic PV (default fs)] capacity provides storage capacity information" classname="Kubernetes e2e suite" status="skipped" time="0">
              <skipped message="skipped"></skipped>
          </testcase>
          <testcase name="[It] [sig-storage] In-tree Volumes [Driver: hostPathSymlink] [Testpattern: Dynamic PV (default fs)(allowExpansion)] volume-expand Verify if offline PVC expansion works" classname="Kubernetes e2e suite" status="skipped" time="0">
              <skipped message="skipped"></skipped>
          </testcase>
          <testcase name="[It] [sig-storage] In-tree Volumes [Driver: local] [LocalVolumeType: dir-link] [Testpattern: Dynamic PV (block volmode)] provisioning should mount multiple PV pointing to the same storage on the same node" classname="Kubernetes e2e suite" status="skipped" time="0">
              <skipped message="skipped"></skipped>
          </testcase>
          <testcase name="[It] [sig-storage] In-tree Volumes [Driver: aws] [Testpattern: Dynamic PV (default fs)] provisioning should mount multiple PV pointing to the same storage on the same node" classname="Kubernetes e2e suite" status="skipped" time="0">
              <skipped message="skipped"></skipped>
          </testcase>
          <testcase name="[It] [sig-storage] In-tree Volumes [Driver: local] [LocalVolumeType: dir-link-bindmounted] [Testpattern: Dynamic PV (ntfs)] [Feature:Windows] multiVolume [Slow] should concurrently access the single volume from pods on different node" classname="Kubernetes e2e suite" status="skipped" time="0">
              <skipped message="skipped"></skipped>
          </testcase>
          <testcase name="[It] [sig-storage] In-tree Volumes [Driver: local] [LocalVolumeType: blockfs] [Testpattern: Dynamic PV (block volmode)] provisioning should provision storage with any volume data source [Serial]" classname="Kubernetes e2e suite" status="skipped" time="0">
              <skipped message="skipped"></skipped>
          </testcase>
          <testcase name="[It] [sig-storage] In-tree Volumes [Driver: local] [LocalVolumeType: dir-link-bindmounted] [Testpattern: Inline-volume (ext3)] volumes should allow exec of files on the volume" classname="Kubernetes e2e suite" status="skipped" time="0">
              <skipped message="skipped"></skipped>
          </testcase>
          <testcase name="[It] [sig-storage] In-tree Volumes [Driver: local] [LocalVolumeType: dir-bindmounted] [Testpattern: Dynamic PV (xfs)] [Slow] multiVolume [Slow] should access to two volumes with different volume mode and retain data across pod recreation on different node" classname="Kubernetes e2e suite" status="skipped" time="0">
              <skipped message="skipped"></skipped>
          </testcase>
          <testcase name="[It] [sig-storage] In-tree Volumes [Driver: local] [LocalVolumeType: block] [Testpattern: Pre-provisioned PV (block volmode)] multiVolume [Slow] should access to two volumes with different volume mode and retain data across pod recreation on different node" classname="Kubernetes e2e suite" status="skipped" time="0">
              <skipped message="skipped"></skipped>
          </testcase>
          <testcase name="[It] [sig-storage] CSI Volumes [Driver: pd.csi.storage.gke.io] [Serial] [Testpattern: Generic Ephemeral-volume (block volmode) (late-binding)] ephemeral should support multiple inline ephemeral volumes" classname="Kubernetes e2e suite" status="skipped" time="0">
              <skipped message="skipped"></skipped>
          </testcase>
          <testcase name="[It] [sig-storage] In-tree Volumes [Driver: local] [LocalVolumeType: dir-link-bindmounted] [Testpattern: Dynamic PV (default fs)] subPath should support readOnly file specified in the volumeMount [LinuxOnly]" classname="Kubernetes e2e suite" status="skipped" time="0">
              <skipped message="skipped"></skipped>
          </testcase>
          <testcase name="[It] [sig-storage] CSI Volumes [Driver: csi-hostpath] [Testpattern: CSI Ephemeral-volume (default fs)] ephemeral should create read-only inline ephemeral volume" classname="Kubernetes e2e suite" status="skipped" time="0">
              <skipped message="skipped"></skipped>
          </testcase>
          <testcase name="[It] [sig-storage] In-tree Volumes [Driver: hostPathSymlink] [Testpattern: Pre-provisioned PV (filesystem volmode)] multiVolume [Slow] should access to two volumes with different volume mode and retain data across pod recreation on different node" classname="Kubernetes e2e suite" status="skipped" time="0">
              <skipped message="skipped"></skipped>
          </testcase>
          <testcase name="[It] [sig-storage] In-tree Volumes [Driver: nfs] [Testpattern: Dynamic PV (ntfs)] [Feature:Windows] subPath should support creating multiple subpath from same volumes [Slow]" classname="Kubernetes e2e suite" status="skipped" time="0">
              <skipped message="skipped"></skipped>
          </testcase>
          <testcase name="[It] [sig-storage] In-tree Volumes [Driver: local] [LocalVolumeType: dir] [Testpattern: Generic Ephemeral-volume (default fs)] volumeLimits should verify that all csinodes have volume limits" classname="Kubernetes e2e suite" status="skipped" time="0">
              <skipped message="skipped"></skipped>
          </testcase>
          <testcase name="[It] [sig-storage] In-tree Volumes [Driver: local] [LocalVolumeType: blockfs] [Testpattern: Dynamic PV (block volmode)] volumeMode should fail to use a volume in a pod with mismatched mode [Slow]" classname="Kubernetes e2e suite" status="skipped" time="0">
              <skipped message="skipped"></skipped>
          </testcase>
          <testcase name="[It] [sig-storage] Zone Support [Feature:vsphere] Verify PVC creation with invalid zone specified in storage class fails" classname="Kubernetes e2e suite" status="skipped" time="0">
              <skipped message="skipped"></skipped>
          </testcase>
          <testcase name="[It] [sig-storage] In-tree Volumes [Driver: aws] [Testpattern: Inline-volume (ext3)] volumes should store data" classname="Kubernetes e2e suite" status="skipped" time="0">
              <skipped message="skipped"></skipped>
          </testcase>
          <testcase name="[It] [sig-storage] In-tree Volumes [Driver: local] [LocalVolumeType: dir-link-bindmounted] [Testpattern: Pre-provisioned PV (block volmode)] multiVolume [Slow] should concurrently access the volume and its clone from pods on the same node [LinuxOnly] [Feature:VolumeSourceXFS]" classname="Kubernetes e2e suite" status="skipped" time="0">
              <skipped message="skipped"></skipped>
          </testcase>
          <testcase name="[It] [sig-storage] In-tree Volumes [Driver: local] [LocalVolumeType: gce-localssd-scsi-fs] [Serial] [Testpattern: Inline-volume (default fs)] subPath should support restarting containers using file as subpath [Slow] [LinuxOnly]" classname="Kubernetes e2e suite" status="skipped" time="0">
              <skipped message="skipped"></skipped>
          </testcase>
          <testcase name="[It] [sig-storage] In-tree Volumes [Driver: cinder] [Testpattern: Dynamic PV (default fs)] subPath should unmount if pod is gracefully deleted while kubelet is down [Disruptive] [Slow] [LinuxOnly]" classname="Kubernetes e2e suite" status="skipped" time="0">
              <skipped message="skipped"></skipped>
          </testcase>
          <testcase name="[It] [sig-apps] DisruptionController should create a PodDisruptionBudget [Conformance]" classname="Kubernetes e2e suite" status="passed" time="6.104273299"></testcase>
          <testcase name="[It] [sig-storage] In-tree Volumes [Driver: local] [LocalVolumeType: blockfs] [Testpattern: Pre-provisioned PV (default fs)] subPath should fail if non-existent subpath is outside the volume [Slow] [LinuxOnly]" classname="Kubernetes e2e suite" status="skipped" time="0">
              <skipped message="skipped"></skipped>
          </testcase>
          <testcase name="[It] [sig-storage] In-tree Volumes [Driver: local] [LocalVolumeType: dir-link] [Testpattern: Dynamic PV (ntfs)] [Feature:Windows] provisioning should provision storage with any volume data source [Serial]" classname="Kubernetes e2e suite" status="skipped" time="0">
              <skipped message="skipped"></skipped>
          </testcase>
          <testcase name="[It] [sig-node] Probing container should be restarted with a local redirect http liveness probe" classname="Kubernetes e2e suite" status="skipped" time="0">
              <skipped message="skipped"></skipped>
          </testcase>
          <testcase name="[It] [sig-storage] In-tree Volumes [Driver: ceph] [Feature:Volumes] [Serial] [Testpattern: Dynamic PV (filesystem volmode)] disruptive [Disruptive] [LinuxOnly] Should test that pv used in a pod that is deleted while the kubelet is down is usable by a new pod with a different SELinux context when kubelet returns [Feature:SELinux]" classname="Kubernetes e2e suite" status="skipped" time="0">
              <skipped message="skipped"></skipped>
          </testcase>
          <testcase name="[It] [sig-storage] In-tree Volumes [Driver: nfs] [Testpattern: Dynamic PV (block volmode)] provisioning should provision correct filesystem size when restoring snapshot to larger size pvc [Feature:VolumeSnapshotDataSource]" classname="Kubernetes e2e suite" status="skipped" time="0">
              <skipped message="skipped"></skipped>
          </testcase>
          <testcase name="[It] [sig-storage] In-tree Volumes [Driver: local] [LocalVolumeType: gce-localssd-scsi-fs] [Serial] [Testpattern: Pre-provisioned PV (block volmode)] multiVolume [Slow] should concurrently access the single volume from pods on the same node" classname="Kubernetes e2e suite" status="skipped" time="0">
              <skipped message="skipped"></skipped>
          </testcase>
          <testcase name="[It] [sig-node] Security Context when creating containers with AllowPrivilegeEscalation should allow privilege escalation when not explicitly set and uid != 0 [LinuxOnly] [NodeConformance]" classname="Kubernetes e2e suite" status="skipped" time="0">
              <skipped message="skipped"></skipped>
          </testcase>
          <testcase name="[It] [sig-storage] In-tree Volumes [Driver: local] [LocalVolumeType: block] [Testpattern: Inline-volume (default fs)] subPath should unmount if pod is force deleted while kubelet is down [Disruptive] [Slow] [LinuxOnly]" classname="Kubernetes e2e suite" status="skipped" time="0">
              <skipped message="skipped"></skipped>
          </testcase>
          <testcase name="[It] [sig-storage] Storage Policy Based Volume Provisioning [Feature:vsphere] verify if a non-existing SPBM policy is not honored for dynamically provisioned pvc using storageclass" classname="Kubernetes e2e suite" status="skipped" time="0">
              <skipped message="skipped"></skipped>
          </testcase>
          <testcase name="[It] [sig-storage] In-tree Volumes [Driver: local] [LocalVolumeType: block] [Testpattern: Dynamic PV (ntfs)] [Feature:Windows] subPath should support existing single file [LinuxOnly]" classname="Kubernetes e2e suite" status="skipped" time="0">
              <skipped message="skipped"></skipped>
          </testcase>
          <testcase name="[It] [sig-storage] Mounted volume expand [Feature:StorageProvider] Should verify mounted devices can be resized" classname="Kubernetes e2e suite" status="skipped" time="0">
              <skipped message="skipped"></skipped>
          </testcase>
          <testcase name="[It] [sig-storage] vsphere statefulset [Feature:vsphere] vsphere statefulset testing" classname="Kubernetes e2e suite" status="skipped" time="0">
              <skipped message="skipped"></skipped>
          </testcase>
          <testcase name="[It] [sig-storage] In-tree Volumes [Driver: local] [LocalVolumeType: tmpfs] [Testpattern: Inline-volume (ext3)] volumes should store data" classname="Kubernetes e2e suite" status="skipped" time="0">
              <skipped message="skipped"></skipped>
          </testcase>
          <testcase name="[It] [sig-api-machinery] ResourceQuota should create a ResourceQuota and capture the life of a custom resource." classname="Kubernetes e2e suite" status="skipped" time="0">
              <skipped message="skipped"></skipped>
          </testcase>
          <testcase name="[It] [sig-storage] In-tree Volumes [Driver: local] [LocalVolumeType: gce-localssd-scsi-fs] [Serial] [Testpattern: Dynamic PV (block volmode)(allowExpansion)] volume-expand Verify if offline PVC expansion works" classname="Kubernetes e2e suite" status="skipped" time="0">
              <skipped message="skipped"></skipped>
          </testcase>
          <testcase name="[It] [sig-storage] In-tree Volumes [Driver: vsphere] [Testpattern: Dynamic PV (default fs)] fsgroupchangepolicy (OnRootMismatch)[LinuxOnly], pod created with an initial fsgroup, new pod fsgroup applied to volume contents" classname="Kubernetes e2e suite" status="skipped" time="0">
              <skipped message="skipped"></skipped>
          </testcase>
          <testcase name="[It] [sig-cloud-provider-gcp] Reboot [Disruptive] [Feature:Reboot] each node by dropping all inbound packets for a while and ensure they function afterwards" classname="Kubernetes e2e suite" status="skipped" time="0">
              <skipped message="skipped"></skipped>
          </testcase>
          <testcase name="[It] [sig-storage] In-tree Volumes [Driver: hostPath] [Testpattern: Dynamic PV (default fs)] provisioning should provision correct filesystem size when restoring snapshot to larger size pvc [Feature:VolumeSnapshotDataSource]" classname="Kubernetes e2e suite" status="skipped" time="0">
              <skipped message="skipped"></skipped>
          </testcase>
          <testcase name="[It] [sig-storage] In-tree Volumes [Driver: local] [LocalVolumeType: dir] [Testpattern: Dynamic PV (filesystem volmode)] multiVolume [Slow] should access to two volumes with the same volume mode and retain data across pod recreation on the same node" classname="Kubernetes e2e suite" status="skipped" time="0">
              <skipped message="skipped"></skipped>
          </testcase>
          <testcase name="[It] [sig-storage] In-tree Volumes [Driver: local] [LocalVolumeType: dir-bindmounted] [Testpattern: Dynamic PV (default fs)] subPath should support restarting containers using directory as subpath [Slow]" classname="Kubernetes e2e suite" status="skipped" time="0">
              <skipped message="skipped"></skipped>
          </testcase>
          <testcase name="[It] [sig-storage] CSI Volumes [Driver: csi-hostpath] [Testpattern: Dynamic PV (immediate binding)] topology should fail to schedule a pod which has topologies that conflict with AllowedTopologies" classname="Kubernetes e2e suite" status="skipped" time="0">
              <skipped message="skipped"></skipped>
          </testcase>
          <testcase name="[It] [sig-storage] In-tree Volumes [Driver: local] [LocalVolumeType: tmpfs] [Testpattern: Dynamic PV (filesystem volmode)] multiVolume [Slow] should concurrently access the volume and restored snapshot from pods on the same node [LinuxOnly] [Feature:VolumeSnapshotDataSource] [Feature:VolumeSourceXFS]" classname="Kubernetes e2e suite" status="skipped" time="0">
              <skipped message="skipped"></skipped>
          </testcase>
          <testcase name="[It] [sig-storage] In-tree Volumes [Driver: local] [LocalVolumeType: blockfs] [Testpattern: Dynamic PV (ntfs)] [Feature:Windows] subPath should support existing single file [LinuxOnly]" classname="Kubernetes e2e suite" status="skipped" time="0">
              <skipped message="skipped"></skipped>
          </testcase>
          <testcase name="[It] [sig-storage] In-tree Volumes [Driver: local] [LocalVolumeType: blockfs] [Testpattern: Pre-provisioned PV (block volmode)] multiVolume [Slow] should concurrently access the volume and its clone from pods on the same node [LinuxOnly] [Feature:VolumeSourceXFS]" classname="Kubernetes e2e suite" status="skipped" time="0">
              <skipped message="skipped"></skipped>
          </testcase>
          <testcase name="[It] [sig-storage] CSI Volumes [Driver: csi-hostpath] [Testpattern: Dynamic PV (ntfs)] [Feature:Windows] subPath should support restarting containers using file as subpath [Slow] [LinuxOnly]" classname="Kubernetes e2e suite" status="skipped" time="0">
              <skipped message="skipped"></skipped>
          </testcase>
          <testcase name="[It] [sig-storage] In-tree Volumes [Driver: azure-disk] [Testpattern: Pre-provisioned PV (default fs)] volumeIO should write files of various sizes, verify size, validate content [Slow]" classname="Kubernetes e2e suite" status="skipped" time="0">
              <skipped message="skipped"></skipped>
          </testcase>
          <testcase name="[It] [sig-storage] In-tree Volumes [Driver: azure-disk] [Testpattern: Inline-volume (default fs)] subPath should verify container cannot write to subpath readonly volumes [Slow]" classname="Kubernetes e2e suite" status="skipped" time="0">
              <skipped message="skipped"></skipped>
          </testcase>
          <testcase name="[It] [sig-storage] In-tree Volumes [Driver: azure-disk] [Testpattern: Pre-provisioned PV (filesystem volmode)] multiVolume [Slow] should access to two volumes with the same volume mode and retain data across pod recreation on different node" classname="Kubernetes e2e suite" status="skipped" time="0">
              <skipped message="skipped"></skipped>
          </testcase>
          <testcase name="[It] [sig-storage] In-tree Volumes [Driver: azure-disk] [Testpattern: Dynamic PV (ntfs)] [Feature:Windows] subPath should fail if non-existent subpath is outside the volume [Slow] [LinuxOnly]" classname="Kubernetes e2e suite" status="skipped" time="0">
              <skipped message="skipped"></skipped>
          </testcase>
          <testcase name="[It] [sig-storage] Zone Support [Feature:vsphere] Verify PVC creation with incompatible zone along with compatible storagePolicy and datastore combination specified in storage class fails" classname="Kubernetes e2e suite" status="skipped" time="0">
              <skipped message="skipped"></skipped>
          </testcase>
          <testcase name="[It] [sig-api-machinery] ResourceQuota should manage the lifecycle of a ResourceQuota [Conformance]" classname="Kubernetes e2e suite" status="passed" time="0.078807743"></testcase>
          <testcase name="[It] [sig-storage] In-tree Volumes [Driver: hostPathSymlink] [Testpattern: Inline-volume (default fs)] volumes should store data" classname="Kubernetes e2e suite" status="skipped" time="0">
              <skipped message="skipped"></skipped>
          </testcase>
          <testcase name="[It] [sig-storage] CSI Volumes [Driver: pd.csi.storage.gke.io] [Serial] [Testpattern: Dynamic PV (ext4)] volumes should allow exec of files on the volume" classname="Kubernetes e2e suite" status="skipped" time="0">
              <skipped message="skipped"></skipped>
          </testcase>
          <testcase name="[It] [sig-storage] In-tree Volumes [Driver: local] [LocalVolumeType: tmpfs] [Testpattern: Pre-provisioned PV (block volmode)] multiVolume [Slow] should access to two volumes with different volume mode and retain data across pod recreation on the same node" classname="Kubernetes e2e suite" status="skipped" time="0">
              <skipped message="skipped"></skipped>
          </testcase>
          <testcase name="[It] [sig-apps] ControllerRevision [Serial] should manage the lifecycle of a ControllerRevision [Conformance]" classname="Kubernetes e2e suite" status="passed" time="5.405833906"></testcase>
          <testcase name="[It] [sig-storage] In-tree Volumes [Driver: local] [LocalVolumeType: dir-bindmounted] [Testpattern: Pre-provisioned PV (block volmode)] multiVolume [Slow] should access to two volumes with the same volume mode and retain data across pod recreation on different node" classname="Kubernetes e2e suite" status="skipped" time="0">
              <skipped message="skipped"></skipped>
          </testcase>
          <testcase name="[It] [sig-storage] In-tree Volumes [Driver: azure-disk] [Testpattern: Dynamic PV (filesystem volmode)] multiVolume [Slow] should concurrently access the single read-only volume from pods on the same node" classname="Kubernetes e2e suite" status="skipped" time="0">
              <skipped message="skipped"></skipped>
          </testcase>
          <testcase name="[It] [sig-storage] In-tree Volumes [Driver: local] [LocalVolumeType: dir-link] [Testpattern: Pre-provisioned PV (ntfs)] [Feature:Windows] volumes should store data" classname="Kubernetes e2e suite" status="skipped" time="0">
              <skipped message="skipped"></skipped>
          </testcase>
          <testcase name="[It] [sig-storage] In-tree Volumes [Driver: local] [LocalVolumeType: dir-link-bindmounted] [Testpattern: Dynamic PV (default fs)] subPath should support readOnly directory specified in the volumeMount" classname="Kubernetes e2e suite" status="skipped" time="0">
              <skipped message="skipped"></skipped>
          </testcase>
          <testcase name="[It] [sig-storage] In-tree Volumes [Driver: rbd] [Feature:Volumes] [Serial] [Testpattern: Dynamic PV (filesystem volmode)] volumeMode should not mount / map unused volumes in a pod [LinuxOnly]" classname="Kubernetes e2e suite" status="skipped" time="0">
              <skipped message="skipped"></skipped>
          </testcase>
          <testcase name="[It] [sig-storage] In-tree Volumes [Driver: iscsi] [Feature:Volumes] [Testpattern: Dynamic PV (ntfs)] [Feature:Windows] provisioning should provision storage with pvc data source in parallel [Slow]" classname="Kubernetes e2e suite" status="skipped" time="0">
              <skipped message="skipped"></skipped>
          </testcase>
          <testcase name="[It] [sig-storage] In-tree Volumes [Driver: local] [LocalVolumeType: dir] [Testpattern: Pre-provisioned PV (xfs)] [Slow] volumes should allow exec of files on the volume" classname="Kubernetes e2e suite" status="skipped" time="0">
              <skipped message="skipped"></skipped>
          </testcase>
          <testcase name="[It] [sig-storage] CSI Volumes [Driver: pd.csi.storage.gke.io] [Serial] [Testpattern: Dynamic PV (ntfs)] [Feature:Windows] subPath should support existing directories when readOnly specified in the volumeSource" classname="Kubernetes e2e suite" status="skipped" time="0">
              <skipped message="skipped"></skipped>
          </testcase>
          <testcase name="[It] [sig-storage] In-tree Volumes [Driver: hostPath] [Testpattern: Dynamic PV (xfs)] [Slow] multiVolume [Slow] should concurrently access the single volume from pods on the same node" classname="Kubernetes e2e suite" status="skipped" time="0">
              <skipped message="skipped"></skipped>
          </testcase>
          <testcase name="[It] [sig-cli] Kubectl client Kubectl create quota should create a quota with scopes" classname="Kubernetes e2e suite" status="skipped" time="0">
              <skipped message="skipped"></skipped>
          </testcase>
          <testcase name="[It] [sig-storage] In-tree Volumes [Driver: local] [LocalVolumeType: dir-bindmounted] [Testpattern: Dynamic PV (default fs)] subPath should support readOnly file specified in the volumeMount [LinuxOnly]" classname="Kubernetes e2e suite" status="skipped" time="0">
              <skipped message="skipped"></skipped>
          </testcase>
          <testcase name="[It] [sig-storage] CSI Volumes [Driver: pd.csi.storage.gke.io] [Serial] [Testpattern: Dynamic PV (block volmode)] provisioning should provision storage with any volume data source [Serial]" classname="Kubernetes e2e suite" status="skipped" time="0">
              <skipped message="skipped"></skipped>
          </testcase>
          <testcase name="[It] [sig-storage] In-tree Volumes [Driver: hostPath] [Testpattern: Dynamic PV (block volmode)] volumeMode should fail to use a volume in a pod with mismatched mode [Slow]" classname="Kubernetes e2e suite" status="skipped" time="0">
              <skipped message="skipped"></skipped>
          </testcase>
          <testcase name="[It] [sig-storage] In-tree Volumes [Driver: local] [LocalVolumeType: dir-bindmounted] [Testpattern: Pre-provisioned PV (default fs)] volumeIO should write files of various sizes, verify size, validate content [Slow]" classname="Kubernetes e2e suite" status="skipped" time="0">
              <skipped message="skipped"></skipped>
          </testcase>
          <testcase name="[It] [sig-storage] In-tree Volumes [Driver: aws] [Testpattern: Dynamic PV (filesystem volmode)] volumeMode should not mount / map unused volumes in a pod [LinuxOnly]" classname="Kubernetes e2e suite" status="skipped" time="0">
              <skipped message="skipped"></skipped>
          </testcase>
          <testcase name="[It] [sig-storage] In-tree Volumes [Driver: vsphere] [Testpattern: Inline-volume (default fs)] volumes should store data" classname="Kubernetes e2e suite" status="skipped" time="0">
              <skipped message="skipped"></skipped>
          </testcase>
          <testcase name="[It] [sig-storage] In-tree Volumes [Driver: ceph] [Feature:Volumes] [Serial] [Testpattern: Dynamic PV (filesystem volmode)] multiVolume [Slow] should access to two volumes with different volume mode and retain data across pod recreation on different node" classname="Kubernetes e2e suite" status="skipped" time="0">
              <skipped message="skipped"></skipped>
          </testcase>
          <testcase name="[It] [sig-storage] In-tree Volumes [Driver: iscsi] [Feature:Volumes] [Testpattern: Pre-provisioned PV (default fs)] subPath should support restarting containers using directory as subpath [Slow]" classname="Kubernetes e2e suite" status="skipped" time="0">
              <skipped message="skipped"></skipped>
          </testcase>
          <testcase name="[It] [sig-storage] In-tree Volumes [Driver: local] [LocalVolumeType: blockfs] [Testpattern: Dynamic PV (block volmode)] volumeMode should not mount / map unused volumes in a pod [LinuxOnly]" classname="Kubernetes e2e suite" status="skipped" time="0">
              <skipped message="skipped"></skipped>
          </testcase>
          <testcase name="[It] [sig-storage] In-tree Volumes [Driver: cinder] [Testpattern: Pre-provisioned PV (filesystem volmode)] volumeMode should not mount / map unused volumes in a pod [LinuxOnly]" classname="Kubernetes e2e suite" status="skipped" time="0">
              <skipped message="skipped"></skipped>
          </testcase>
          <testcase name="[It] [sig-storage] In-tree Volumes [Driver: local] [LocalVolumeType: dir] [Testpattern: Generic Ephemeral-volume (default fs) (late-binding)] ephemeral should support expansion of pvcs created for ephemeral pvcs" classname="Kubernetes e2e suite" status="skipped" time="0">
              <skipped message="skipped"></skipped>
          </testcase>
          <testcase name="[It] [sig-storage] In-tree Volumes [Driver: emptydir] [Testpattern: Dynamic PV (ntfs)] [Feature:Windows] subPath should support readOnly file specified in the volumeMount [LinuxOnly]" classname="Kubernetes e2e suite" status="skipped" time="0">
              <skipped message="skipped"></skipped>
          </testcase>
          <testcase name="[It] [sig-storage] In-tree Volumes [Driver: local] [LocalVolumeType: dir-bindmounted] [Testpattern: Dynamic PV (ntfs)] [Feature:Windows] multiVolume [Slow] should access to two volumes with different volume mode and retain data across pod recreation on different node" classname="Kubernetes e2e suite" status="skipped" time="0">
              <skipped message="skipped"></skipped>
          </testcase>
          <testcase name="[It] [sig-storage] In-tree Volumes [Driver: ceph] [Feature:Volumes] [Serial] [Testpattern: Dynamic PV (default fs)] provisioning should provision storage with snapshot data source (ROX mode) [Feature:VolumeSnapshotDataSource]" classname="Kubernetes e2e suite" status="skipped" time="0">
              <skipped message="skipped"></skipped>
          </testcase>
          <testcase name="[It] [sig-storage] In-tree Volumes [Driver: local] [LocalVolumeType: blockfs] [Testpattern: Pre-provisioned PV (block volmode)] multiVolume [Slow] should access to two volumes with different volume mode and retain data across pod recreation on different node" classname="Kubernetes e2e suite" status="skipped" time="0">
              <skipped message="skipped"></skipped>
          </testcase>
          <testcase name="[It] [sig-storage] CSI Volumes [Driver: csi-hostpath] [Testpattern: Dynamic PV (block volmode)] multiVolume [Slow] should concurrently access the single volume from pods on the same node" classname="Kubernetes e2e suite" status="skipped" time="0">
              <skipped message="skipped"></skipped>
          </testcase>
          <testcase name="[It] [sig-storage] In-tree Volumes [Driver: emptydir] [Testpattern: Pre-provisioned PV (block volmode)] volumeMode should fail to use a volume in a pod with mismatched mode [Slow]" classname="Kubernetes e2e suite" status="skipped" time="0">
              <skipped message="skipped"></skipped>
          </testcase>
          <testcase name="[It] [sig-storage] In-tree Volumes [Driver: hostPathSymlink] [Testpattern: Pre-provisioned PV (block volmode)] multiVolume [Slow] should concurrently access the volume and its clone from pods on the same node [LinuxOnly] [Feature:VolumeSourceXFS]" classname="Kubernetes e2e suite" status="skipped" time="0">
              <skipped message="skipped"></skipped>
          </testcase>
          <testcase name="[It] [sig-storage] In-tree Volumes [Driver: local] [LocalVolumeType: gce-localssd-scsi-fs] [Serial] [Testpattern: Generic Ephemeral-volume (block volmode) (late-binding)] ephemeral should support two pods which have the same volume definition" classname="Kubernetes e2e suite" status="skipped" time="0">
              <skipped message="skipped"></skipped>
          </testcase>
          <testcase name="[It] [sig-storage] In-tree Volumes [Driver: local] [LocalVolumeType: dir] [Testpattern: Dynamic PV (block volmode)] provisioning should provision correct filesystem size when restoring snapshot to larger size pvc [Feature:VolumeSnapshotDataSource]" classname="Kubernetes e2e suite" status="skipped" time="0">
              <skipped message="skipped"></skipped>
          </testcase>
          <testcase name="[It] [sig-storage] In-tree Volumes [Driver: local] [LocalVolumeType: block] [Testpattern: Pre-provisioned PV (filesystem volmode)] disruptive [Disruptive] [LinuxOnly] Should test that pv used in a pod that is deleted while the kubelet is down is usable by a new pod with a different SELinux context when kubelet returns [Feature:SELinux]" classname="Kubernetes e2e suite" status="skipped" time="0">
              <skipped message="skipped"></skipped>
          </testcase>
          <testcase name="[It] [sig-storage] In-tree Volumes [Driver: local] [LocalVolumeType: block] [Testpattern: Dynamic PV (default fs)] subPath should fail if subpath file is outside the volume [Slow] [LinuxOnly]" classname="Kubernetes e2e suite" status="skipped" time="0">
              <skipped message="skipped"></skipped>
          </testcase>
          <testcase name="[It] [sig-storage] In-tree Volumes [Driver: local] [LocalVolumeType: blockfs] [Testpattern: Dynamic PV (default fs)] fsgroupchangepolicy (OnRootMismatch)[LinuxOnly], pod created with an initial fsgroup, volume contents ownership changed via chgrp in first pod, new pod with same fsgroup skips ownership changes to the volume contents" classname="Kubernetes e2e suite" status="skipped" time="0">
              <skipped message="skipped"></skipped>
          </testcase>
          <testcase name="[It] [sig-network] Netpol [Feature:SCTPConnectivity] [LinuxOnly] NetworkPolicy between server and client using SCTP should support a &#39;default-deny-ingress&#39; policy [Feature:NetworkPolicy]" classname="Kubernetes e2e suite" status="skipped" time="0">
              <skipped message="skipped"></skipped>
          </testcase>
          <testcase name="[It] [sig-autoscaling] [HPA] [Feature:CustomMetricsAutoscaling] Horizontal pod autoscaling (scale resource: Custom Metrics from Stackdriver) with multiple metrics of different types should not scale down when one metric is missing (Pod and Object Metrics)" classname="Kubernetes e2e suite" status="skipped" time="0">
              <skipped message="skipped"></skipped>
          </testcase>
          <testcase name="[It] [sig-storage] In-tree Volumes [Driver: cinder] [Testpattern: Inline-volume (default fs)] subPath should fail if subpath with backstepping is outside the volume [Slow] [LinuxOnly]" classname="Kubernetes e2e suite" status="skipped" time="0">
              <skipped message="skipped"></skipped>
          </testcase>
          <testcase name="[It] [sig-storage] In-tree Volumes [Driver: ceph] [Feature:Volumes] [Serial] [Testpattern: Pre-provisioned PV (filesystem volmode)] multiVolume [Slow] should access to two volumes with the same volume mode and retain data across pod recreation on the same node" classname="Kubernetes e2e suite" status="skipped" time="0">
              <skipped message="skipped"></skipped>
          </testcase>
          <testcase name="[It] [sig-network] [Feature:IPv6DualStack] Granular Checks: Services Secondary IP Family [LinuxOnly] should update endpoints: udp" classname="Kubernetes e2e suite" status="skipped" time="0">
              <skipped message="skipped"></skipped>
          </testcase>
          <testcase name="[It] [sig-storage] In-tree Volumes [Driver: local] [LocalVolumeType: blockfs] [Testpattern: Dynamic PV (block volmode)] volume-stress multiple pods should access different volumes repeatedly [Slow] [Serial]" classname="Kubernetes e2e suite" status="skipped" time="0">
              <skipped message="skipped"></skipped>
          </testcase>
          <testcase name="[It] [sig-storage] In-tree Volumes [Driver: cinder] [Testpattern: Dynamic PV (ntfs)] [Feature:Windows] subPath should support existing directory" classname="Kubernetes e2e suite" status="skipped" time="0">
              <skipped message="skipped"></skipped>
          </testcase>
          <testcase name="[It] [sig-storage] In-tree Volumes [Driver: hostPath] [Testpattern: Generic Ephemeral-volume (block volmode) (late-binding)] ephemeral should create read/write inline ephemeral volume" classname="Kubernetes e2e suite" status="skipped" time="0">
              <skipped message="skipped"></skipped>
          </testcase>
          <testcase name="[It] [sig-storage] In-tree Volumes [Driver: cinder] [Testpattern: Pre-provisioned PV (filesystem volmode)] disruptive [Disruptive] [LinuxOnly] Should test that pv used in a pod that is force deleted while the kubelet is down is usable by a new pod with a different SELinux context when kubelet returns [Feature:SELinux]" classname="Kubernetes e2e suite" status="skipped" time="0">
              <skipped message="skipped"></skipped>
          </testcase>
          <testcase name="[It] [sig-storage] In-tree Volumes [Driver: hostPath] [Testpattern: Inline-volume (default fs)] volumes should store data" classname="Kubernetes e2e suite" status="skipped" time="0">
              <skipped message="skipped"></skipped>
          </testcase>
          <testcase name="[It] [sig-storage] In-tree Volumes [Driver: iscsi] [Feature:Volumes] [Testpattern: Dynamic PV (default fs)] subPath should fail if subpath with backstepping is outside the volume [Slow] [LinuxOnly]" classname="Kubernetes e2e suite" status="skipped" time="0">
              <skipped message="skipped"></skipped>
          </testcase>
          <testcase name="[It] [sig-storage] In-tree Volumes [Driver: local] [LocalVolumeType: dir] [Testpattern: Dynamic PV (default fs)] subPath should support existing single file [LinuxOnly]" classname="Kubernetes e2e suite" status="skipped" time="0">
              <skipped message="skipped"></skipped>
          </testcase>
          <testcase name="[It] [sig-storage] In-tree Volumes [Driver: azure-disk] [Testpattern: Generic Ephemeral-volume (block volmode) (late-binding)] ephemeral should create read/write inline ephemeral volume" classname="Kubernetes e2e suite" status="skipped" time="0">
              <skipped message="skipped"></skipped>
          </testcase>
          <testcase name="[It] [sig-storage] In-tree Volumes [Driver: local] [LocalVolumeType: tmpfs] [Testpattern: Dynamic PV (block volmode)] volume-stress multiple pods should access different volumes repeatedly [Slow] [Serial]" classname="Kubernetes e2e suite" status="skipped" time="0">
              <skipped message="skipped"></skipped>
          </testcase>
          <testcase name="[It] [sig-storage] CSI Volumes [Driver: pd.csi.storage.gke.io] [Serial] [Testpattern: Pre-provisioned PV (block volmode)] disruptive [Disruptive] [LinuxOnly] Should test that pv used in a pod that is deleted while the kubelet is down cleans up when the kubelet returns." classname="Kubernetes e2e suite" status="skipped" time="0">
              <skipped message="skipped"></skipped>
          </testcase>
          <testcase name="[It] [sig-storage] In-tree Volumes [Driver: azure-file] [Testpattern: Pre-provisioned PV (filesystem volmode)] disruptive [Disruptive] [LinuxOnly] Should test that pv written before kubelet restart is readable after restart." classname="Kubernetes e2e suite" status="skipped" time="0">
              <skipped message="skipped"></skipped>
          </testcase>
          <testcase name="[It] [sig-storage] In-tree Volumes [Driver: local] [LocalVolumeType: blockfs] [Testpattern: Dynamic PV (ntfs)] [Feature:Windows] subPath should fail if subpath directory is outside the volume [Slow] [LinuxOnly]" classname="Kubernetes e2e suite" status="skipped" time="0">
              <skipped message="skipped"></skipped>
          </testcase>
          <testcase name="[It] [sig-storage] In-tree Volumes [Driver: local] [LocalVolumeType: tmpfs] [Testpattern: Dynamic PV (ntfs)] [Feature:Windows] subPath should support readOnly file specified in the volumeMount [LinuxOnly]" classname="Kubernetes e2e suite" status="skipped" time="0">
              <skipped message="skipped"></skipped>
          </testcase>
          <testcase name="[It] [sig-storage] In-tree Volumes [Driver: hostPathSymlink] [Testpattern: Dynamic PV (block volmode)] volumeMode should not mount / map unused volumes in a pod [LinuxOnly]" classname="Kubernetes e2e suite" status="skipped" time="0">
              <skipped message="skipped"></skipped>
          </testcase>
          <testcase name="[It] [sig-storage] In-tree Volumes [Driver: emptydir] [Testpattern: Generic Ephemeral-volume (default fs) (immediate-binding)] ephemeral should support multiple inline ephemeral volumes" classname="Kubernetes e2e suite" status="skipped" time="0">
              <skipped message="skipped"></skipped>
          </testcase>
          <testcase name="[It] [sig-node] Downward API should provide container&#39;s limits.cpu/memory and requests.cpu/memory as env vars [NodeConformance] [Conformance]" classname="Kubernetes e2e suite" status="passed" time="4.110772337"></testcase>
          <testcase name="[It] [sig-storage] In-tree Volumes [Driver: nfs] [Testpattern: Dynamic PV (filesystem volmode)] disruptive [Disruptive] [LinuxOnly] Should test that pv used in a pod that is force deleted while the kubelet is down is usable by a new pod with a different SELinux context when kubelet returns [Feature:SELinux]" classname="Kubernetes e2e suite" status="skipped" time="0">
              <skipped message="skipped"></skipped>
          </testcase>
          <testcase name="[It] [sig-scheduling] Multi-AZ Clusters should spread the pods of a service across zones [Serial]" classname="Kubernetes e2e suite" status="skipped" time="0">
              <skipped message="skipped"></skipped>
          </testcase>
          <testcase name="[It] [sig-storage] In-tree Volumes [Driver: nfs] [Testpattern: Pre-provisioned PV (block volmode)] multiVolume [Slow] should access to two volumes with different volume mode and retain data across pod recreation on the same node" classname="Kubernetes e2e suite" status="skipped" time="0">
              <skipped message="skipped"></skipped>
          </testcase>
          <testcase name="[It] [sig-storage] In-tree Volumes [Driver: azure-file] [Testpattern: Dynamic PV (default fs)] provisioning should provision storage with mount options" classname="Kubernetes e2e suite" status="skipped" time="0">
              <skipped message="skipped"></skipped>
          </testcase>
          <testcase name="[It] [sig-storage] In-tree Volumes [Driver: hostPathSymlink] [Testpattern: Dynamic PV (block volmode)] provisioning should provision storage with mount options" classname="Kubernetes e2e suite" status="skipped" time="0">
              <skipped message="skipped"></skipped>
          </testcase>
          <testcase name="[It] [sig-node] Pod InPlace Resize Container [Feature:InPlacePodVerticalScaling] Burstable QoS pod, one container with cpu &amp; memory requests + limits - increase CPU requests and decrease memory limits" classname="Kubernetes e2e suite" status="skipped" time="0">
              <skipped message="skipped"></skipped>
          </testcase>
          <testcase name="[It] [sig-apps] Deployment iterative rollouts should eventually progress" classname="Kubernetes e2e suite" status="skipped" time="0">
              <skipped message="skipped"></skipped>
          </testcase>
          <testcase name="[It] [sig-storage] In-tree Volumes [Driver: emptydir] [Testpattern: Generic Ephemeral-volume (block volmode) (late-binding)] ephemeral should support two pods which have the same volume definition" classname="Kubernetes e2e suite" status="skipped" time="0">
              <skipped message="skipped"></skipped>
          </testcase>
          <testcase name="[It] [sig-storage] In-tree Volumes [Driver: nfs] [Testpattern: Dynamic PV (ntfs)] [Feature:Windows] multiVolume [Slow] should concurrently access the single read-only volume from pods on the same node" classname="Kubernetes e2e suite" status="skipped" time="0">
              <skipped message="skipped"></skipped>
          </testcase>
          <testcase name="[It] [sig-storage] In-tree Volumes [Driver: azure-disk] [Testpattern: Dynamic PV (default fs)] fsgroupchangepolicy (OnRootMismatch)[LinuxOnly], pod created with an initial fsgroup, volume contents ownership changed via chgrp in first pod, new pod with different fsgroup applied to the volume contents" classname="Kubernetes e2e suite" status="skipped" time="0">
              <skipped message="skipped"></skipped>
          </testcase>
          <testcase name="[It] [sig-storage] In-tree Volumes [Driver: local] [LocalVolumeType: blockfs] [Testpattern: Dynamic PV (default fs)] provisioning should provision correct filesystem size when restoring snapshot to larger size pvc [Feature:VolumeSnapshotDataSource]" classname="Kubernetes e2e suite" status="skipped" time="0">
              <skipped message="skipped"></skipped>
          </testcase>
          <testcase name="[It] [sig-node] Container Runtime blackbox test when running a container with a new image should not be able to pull from private registry without secret [NodeConformance]" classname="Kubernetes e2e suite" status="skipped" time="0">
              <skipped message="skipped"></skipped>
          </testcase>
          <testcase name="[It] [sig-storage] In-tree Volumes [Driver: local] [LocalVolumeType: gce-localssd-scsi-fs] [Serial] [Testpattern: Pre-provisioned PV (block volmode)] volumeMode should fail to use a volume in a pod with mismatched mode [Slow]" classname="Kubernetes e2e suite" status="skipped" time="0">
              <skipped message="skipped"></skipped>
          </testcase>
          <testcase name="[It] [sig-storage] In-tree Volumes [Driver: rbd] [Feature:Volumes] [Serial] [Testpattern: Pre-provisioned PV (block volmode)] volumes should store data" classname="Kubernetes e2e suite" status="skipped" time="0">
              <skipped message="skipped"></skipped>
          </testcase>
          <testcase name="[It] [sig-storage] In-tree Volumes [Driver: local] [LocalVolumeType: dir] [Testpattern: Dynamic PV (ext4)] multiVolume [Slow] should access to two volumes with the same volume mode and retain data across pod recreation on different node" classname="Kubernetes e2e suite" status="skipped" time="0">
              <skipped message="skipped"></skipped>
          </testcase>
          <testcase name="[It] [sig-storage] In-tree Volumes [Driver: local] [LocalVolumeType: dir] [Testpattern: Pre-provisioned PV (default fs)] subPath should support restarting containers using directory as subpath [Slow]" classname="Kubernetes e2e suite" status="skipped" time="0">
              <skipped message="skipped"></skipped>
          </testcase>
          <testcase name="[It] [sig-storage] In-tree Volumes [Driver: nfs] [Testpattern: Dynamic PV (block volmode)(allowExpansion)] volume-expand Verify if offline PVC expansion works" classname="Kubernetes e2e suite" status="skipped" time="0">
              <skipped message="skipped"></skipped>
          </testcase>
          <testcase name="[It] [sig-network] Netpol NetworkPolicy between server and client should enforce policy to allow traffic only from a pod in a different namespace based on PodSelector and NamespaceSelector [Feature:NetworkPolicy]" classname="Kubernetes e2e suite" status="skipped" time="0">
              <skipped message="skipped"></skipped>
          </testcase>
          <testcase name="[It] [sig-cloud-provider-gcp] Nodes [Disruptive] Resize [Slow] should be able to add nodes" classname="Kubernetes e2e suite" status="skipped" time="0">
              <skipped message="skipped"></skipped>
          </testcase>
          <testcase name="[It] [sig-storage] CSI Volumes [Driver: csi-hostpath] [Testpattern: Dynamic PV (default fs)] subPath should support creating multiple subpath from same volumes [Slow]" classname="Kubernetes e2e suite" status="skipped" time="0">
              <skipped message="skipped"></skipped>
          </testcase>
          <testcase name="[It] [sig-storage] In-tree Volumes [Driver: rbd] [Feature:Volumes] [Serial] [Testpattern: Dynamic PV (ntfs)] [Feature:Windows] provisioning should provision storage with pvc data source" classname="Kubernetes e2e suite" status="skipped" time="0">
              <skipped message="skipped"></skipped>
          </testcase>
          <testcase name="[It] [sig-node] Mount propagation should propagate mounts within defined scopes" classname="Kubernetes e2e suite" status="skipped" time="0">
              <skipped message="skipped"></skipped>
          </testcase>
          <testcase name="[It] [sig-storage] In-tree Volumes [Driver: local] [LocalVolumeType: dir] [Testpattern: Dynamic PV (default fs)] provisioning should provision storage with mount options" classname="Kubernetes e2e suite" status="skipped" time="0">
              <skipped message="skipped"></skipped>
          </testcase>
          <testcase name="[It] [sig-storage] In-tree Volumes [Driver: local] [LocalVolumeType: block] [Testpattern: Dynamic PV (block volmode)] multiVolume [Slow] should concurrently access the volume and restored snapshot from pods on the same node [LinuxOnly] [Feature:VolumeSnapshotDataSource] [Feature:VolumeSourceXFS]" classname="Kubernetes e2e suite" status="skipped" time="0">
              <skipped message="skipped"></skipped>
          </testcase>
          <testcase name="[It] [sig-storage] In-tree Volumes [Driver: iscsi] [Feature:Volumes] [Testpattern: Inline-volume (default fs)] subPath should support existing directory" classname="Kubernetes e2e suite" status="skipped" time="0">
              <skipped message="skipped"></skipped>
          </testcase>
          <testcase name="[It] [sig-storage] In-tree Volumes [Driver: emptydir] [Testpattern: Pre-provisioned PV (ntfs)] [Feature:Windows] volumes should store data" classname="Kubernetes e2e suite" status="skipped" time="0">
              <skipped message="skipped"></skipped>
          </testcase>
          <testcase name="[It] [sig-storage] HostPathType Block Device [Slow] Should be able to mount block device &#39;ablkdev&#39; successfully when HostPathType is HostPathUnset" classname="Kubernetes e2e suite" status="skipped" time="0">
              <skipped message="skipped"></skipped>
          </testcase>
          <testcase name="[It] [sig-storage] In-tree Volumes [Driver: local] [LocalVolumeType: dir-bindmounted] [Testpattern: Dynamic PV (filesystem volmode)] volumeLimits should verify that all csinodes have volume limits" classname="Kubernetes e2e suite" status="skipped" time="0">
              <skipped message="skipped"></skipped>
          </testcase>
          <testcase name="[It] [sig-storage] PersistentVolumes-local [Volume type: block] Set fsGroup for local volume should set different fsGroup for second pod if first pod is deleted [Flaky]" classname="Kubernetes e2e suite" status="skipped" time="0">
              <skipped message="skipped"></skipped>
          </testcase>
          <testcase name="[It] [sig-storage] In-tree Volumes [Driver: azure-file] [Testpattern: Pre-provisioned PV (block volmode)] disruptive [Disruptive] [LinuxOnly] Should test that pv used in a pod that is deleted while the kubelet is down cleans up when the kubelet returns." classname="Kubernetes e2e suite" status="skipped" time="0">
              <skipped message="skipped"></skipped>
          </testcase>
          <testcase name="[It] [sig-storage] In-tree Volumes [Driver: vsphere] [Testpattern: Dynamic PV (ntfs)(allowExpansion)] [Feature:Windows] volume-expand Verify if offline PVC expansion works" classname="Kubernetes e2e suite" status="skipped" time="0">
              <skipped message="skipped"></skipped>
          </testcase>
          <testcase name="[It] [sig-storage] In-tree Volumes [Driver: nfs] [Testpattern: Dynamic PV (ntfs)] [Feature:Windows] volumes should allow exec of files on the volume" classname="Kubernetes e2e suite" status="skipped" time="0">
              <skipped message="skipped"></skipped>
          </testcase>
          <testcase name="[It] [sig-storage] In-tree Volumes [Driver: iscsi] [Feature:Volumes] [Testpattern: Pre-provisioned PV (filesystem volmode)] disruptive [Disruptive] [LinuxOnly] Should test that pv used in a pod that is deleted while the kubelet is down is usable by a new pod when kubelet returns [Feature:SELinux]" classname="Kubernetes e2e suite" status="skipped" time="0">
              <skipped message="skipped"></skipped>
          </testcase>
          <testcase name="[It] [sig-storage] In-tree Volumes [Driver: vsphere] [Testpattern: Dynamic PV (filesystem volmode)] disruptive [Disruptive] [LinuxOnly] Should test that pv used in a pod that is force deleted while the kubelet is down is usable by a new pod when kubelet returns [Feature:SELinux]" classname="Kubernetes e2e suite" status="skipped" time="0">
              <skipped message="skipped"></skipped>
          </testcase>
          <testcase name="[It] [sig-storage] In-tree Volumes [Driver: local] [LocalVolumeType: blockfs] [Testpattern: Dynamic PV (default fs)] subPath should support restarting containers using directory as subpath [Slow]" classname="Kubernetes e2e suite" status="skipped" time="0">
              <skipped message="skipped"></skipped>
          </testcase>
          <testcase name="[It] [sig-storage] In-tree Volumes [Driver: azure-disk] [Testpattern: Dynamic PV (ext4)] multiVolume [Slow] should access to two volumes with different volume mode and retain data across pod recreation on the same node" classname="Kubernetes e2e suite" status="skipped" time="0">
              <skipped message="skipped"></skipped>
          </testcase>
          <testcase name="[It] [sig-auth] [Feature:NodeAuthorizer] A node shouldn&#39;t be able to delete another node" classname="Kubernetes e2e suite" status="skipped" time="0">
              <skipped message="skipped"></skipped>
          </testcase>
          <testcase name="[It] [sig-storage] In-tree Volumes [Driver: local] [LocalVolumeType: dir] [Testpattern: Pre-provisioned PV (ext4)] volumes should store data" classname="Kubernetes e2e suite" status="skipped" time="0">
              <skipped message="skipped"></skipped>
          </testcase>
          <testcase name="[It] [sig-storage] CSI Volumes [Driver: pd.csi.storage.gke.io] [Serial] [Testpattern: Dynamic PV (default fs)] fsgroupchangepolicy (Always)[LinuxOnly], pod created with an initial fsgroup, volume contents ownership changed via chgrp in first pod, new pod with different fsgroup applied to the volume contents" classname="Kubernetes e2e suite" status="skipped" time="0">
              <skipped message="skipped"></skipped>
          </testcase>
          <testcase name="[It] [sig-storage] In-tree Volumes [Driver: local] [LocalVolumeType: dir-link] [Testpattern: Dynamic PV (ext4)] multiVolume [Slow] should concurrently access the volume and restored snapshot from pods on the same node [LinuxOnly] [Feature:VolumeSnapshotDataSource] [Feature:VolumeSourceXFS]" classname="Kubernetes e2e suite" status="skipped" time="0">
              <skipped message="skipped"></skipped>
          </testcase>
          <testcase name="[It] [sig-storage] In-tree Volumes [Driver: local] [LocalVolumeType: block] [Testpattern: Inline-volume (default fs)] subPath should fail if subpath file is outside the volume [Slow] [LinuxOnly]" classname="Kubernetes e2e suite" status="skipped" time="0">
              <skipped message="skipped"></skipped>
          </testcase>
          <testcase name="[It] [sig-storage] In-tree Volumes [Driver: iscsi] [Feature:Volumes] [Testpattern: Pre-provisioned PV (default fs)] subPath should support existing directory" classname="Kubernetes e2e suite" status="skipped" time="0">
              <skipped message="skipped"></skipped>
          </testcase>
          <testcase name="[It] [sig-storage] In-tree Volumes [Driver: cinder] [Testpattern: Dynamic PV (filesystem volmode)] volumeLimits should verify that all csinodes have volume limits" classname="Kubernetes e2e suite" status="skipped" time="0">
              <skipped message="skipped"></skipped>
          </testcase>
          <testcase name="[It] [sig-storage] In-tree Volumes [Driver: local] [LocalVolumeType: gce-localssd-scsi-fs] [Serial] [Testpattern: Pre-provisioned PV (block volmode)] volumeMode should fail to create pod by failing to mount volume [Slow]" classname="Kubernetes e2e suite" status="skipped" time="0">
              <skipped message="skipped"></skipped>
          </testcase>
          <testcase name="[It] [sig-storage] In-tree Volumes [Driver: aws] [Testpattern: Dynamic PV (default fs)] volumes should store data" classname="Kubernetes e2e suite" status="skipped" time="0">
              <skipped message="skipped"></skipped>
          </testcase>
          <testcase name="[It] [sig-storage] In-tree Volumes [Driver: vsphere] [Testpattern: Dynamic PV (filesystem volmode)] volumeLimits should support volume limits [Serial]" classname="Kubernetes e2e suite" status="skipped" time="0">
              <skipped message="skipped"></skipped>
          </testcase>
          <testcase name="[It] [sig-storage] In-tree Volumes [Driver: hostPathSymlink] [Testpattern: Dynamic PV (ntfs)] [Feature:Windows] volumeIO should write files of various sizes, verify size, validate content [Slow]" classname="Kubernetes e2e suite" status="skipped" time="0">
              <skipped message="skipped"></skipped>
          </testcase>
          <testcase name="[It] [sig-storage] CSI Volumes [Driver: pd.csi.storage.gke.io] [Serial] [Testpattern: Dynamic PV (filesystem volmode)] multiVolume [Slow] should access to two volumes with different volume mode and retain data across pod recreation on the same node" classname="Kubernetes e2e suite" status="skipped" time="0">
              <skipped message="skipped"></skipped>
          </testcase>
          <testcase name="[It] [sig-storage] In-tree Volumes [Driver: hostPathSymlink] [Testpattern: Dynamic PV (ntfs)] [Feature:Windows] multiVolume [Slow] should concurrently access the volume and its clone from pods on the same node [LinuxOnly] [Feature:VolumeSourceXFS]" classname="Kubernetes e2e suite" status="skipped" time="0">
              <skipped message="skipped"></skipped>
          </testcase>
          <testcase name="[It] [sig-storage] In-tree Volumes [Driver: iscsi] [Feature:Volumes] [Testpattern: Dynamic PV (default fs)(allowExpansion)] volume-expand Verify if offline PVC expansion works" classname="Kubernetes e2e suite" status="skipped" time="0">
              <skipped message="skipped"></skipped>
          </testcase>
          <testcase name="[It] [sig-storage] In-tree Volumes [Driver: hostPath] [Testpattern: Pre-provisioned PV (filesystem volmode)] multiVolume [Slow] should access to two volumes with the same volume mode and retain data across pod recreation on different node" classname="Kubernetes e2e suite" status="skipped" time="0">
              <skipped message="skipped"></skipped>
          </testcase>
          <testcase name="[It] [sig-storage] In-tree Volumes [Driver: local] [LocalVolumeType: block] [Testpattern: Dynamic PV (ntfs)] [Feature:Windows] subPath should unmount if pod is gracefully deleted while kubelet is down [Disruptive] [Slow] [LinuxOnly]" classname="Kubernetes e2e suite" status="skipped" time="0">
              <skipped message="skipped"></skipped>
          </testcase>
          <testcase name="[It] [sig-storage] In-tree Volumes [Driver: local] [LocalVolumeType: tmpfs] [Testpattern: Inline-volume (default fs)] subPath should be able to unmount after the subpath directory is deleted [LinuxOnly]" classname="Kubernetes e2e suite" status="skipped" time="0">
              <skipped message="skipped"></skipped>
          </testcase>
          <testcase name="[It] [sig-storage] In-tree Volumes [Driver: vsphere] [Testpattern: Generic Ephemeral-volume (default fs) (immediate-binding)] ephemeral should support two pods which have the same volume definition" classname="Kubernetes e2e suite" status="skipped" time="0">
              <skipped message="skipped"></skipped>
          </testcase>
          <testcase name="[It] [sig-storage] In-tree Volumes [Driver: local] [LocalVolumeType: block] [Testpattern: Pre-provisioned PV (default fs)] subPath should support existing directories when readOnly specified in the volumeSource" classname="Kubernetes e2e suite" status="skipped" time="0">
              <skipped message="skipped"></skipped>
          </testcase>
          <testcase name="[It] [sig-storage] In-tree Volumes [Driver: hostPath] [Testpattern: Dynamic PV (block volmode)] provisioning should provision storage with any volume data source [Serial]" classname="Kubernetes e2e suite" status="skipped" time="0">
              <skipped message="skipped"></skipped>
          </testcase>
          <testcase name="[It] [sig-storage] In-tree Volumes [Driver: nfs] [Testpattern: Inline-volume (default fs)] subPath should support existing directories when readOnly specified in the volumeSource" classname="Kubernetes e2e suite" status="skipped" time="0">
              <skipped message="skipped"></skipped>
          </testcase>
          <testcase name="[It] [sig-auth] ServiceAccounts should guarantee kube-root-ca.crt exist in any namespace [Conformance]" classname="Kubernetes e2e suite" status="passed" time="1.073434977"></testcase>
          <testcase name="[It] [sig-storage] In-tree Volumes [Driver: ceph] [Feature:Volumes] [Serial] [Testpattern: Pre-provisioned PV (block volmode)] volumeMode should fail to create pod by failing to mount volume [Slow]" classname="Kubernetes e2e suite" status="skipped" time="0">
              <skipped message="skipped"></skipped>
          </testcase>
          <testcase name="[It] [sig-storage] In-tree Volumes [Driver: local] [LocalVolumeType: gce-localssd-scsi-fs] [Serial] [Testpattern: Dynamic PV (filesystem volmode)] multiVolume [Slow] should concurrently access the single read-only volume from pods on the same node" classname="Kubernetes e2e suite" status="skipped" time="0">
              <skipped message="skipped"></skipped>
          </testcase>
          <testcase name="[It] [sig-storage] CSI Volumes [Driver: pd.csi.storage.gke.io] [Serial] [Testpattern: Dynamic PV (default fs)] fsgroupchangepolicy (Always)[LinuxOnly], pod created with an initial fsgroup, new pod fsgroup applied to volume contents" classname="Kubernetes e2e suite" status="skipped" time="0">
              <skipped message="skipped"></skipped>
          </testcase>
          <testcase name="[It] [sig-storage] In-tree Volumes [Driver: nfs] [Testpattern: Pre-provisioned PV (default fs)] subPath should unmount if pod is force deleted while kubelet is down [Disruptive] [Slow] [LinuxOnly]" classname="Kubernetes e2e suite" status="skipped" time="0">
              <skipped message="skipped"></skipped>
          </testcase>
          <testcase name="[It] [sig-storage] In-tree Volumes [Driver: ceph] [Feature:Volumes] [Serial] [Testpattern: Inline-volume (default fs)] subPath should support non-existent path" classname="Kubernetes e2e suite" status="skipped" time="0">
              <skipped message="skipped"></skipped>
          </testcase>
          <testcase name="[It] [sig-storage] In-tree Volumes [Driver: local] [LocalVolumeType: dir-link] [Testpattern: Pre-provisioned PV (filesystem volmode)] disruptive [Disruptive] [LinuxOnly] Should test that pv used in a pod that is force deleted while the kubelet is down is usable by a new pod when kubelet returns [Feature:SELinux]" classname="Kubernetes e2e suite" status="skipped" time="0">
              <skipped message="skipped"></skipped>
          </testcase>
          <testcase name="[It] [sig-storage] In-tree Volumes [Driver: emptydir] [Testpattern: Pre-provisioned PV (block volmode)] multiVolume [Slow] should concurrently access the single volume from pods on different node" classname="Kubernetes e2e suite" status="skipped" time="0">
              <skipped message="skipped"></skipped>
          </testcase>
          <testcase name="[It] [sig-storage] In-tree Volumes [Driver: emptydir] [Testpattern: Dynamic PV (ntfs)] [Feature:Windows] multiVolume [Slow] should concurrently access the single read-only volume from pods on the same node" classname="Kubernetes e2e suite" status="skipped" time="0">
              <skipped message="skipped"></skipped>
          </testcase>
          <testcase name="[It] [sig-storage] In-tree Volumes [Driver: local] [LocalVolumeType: tmpfs] [Testpattern: Dynamic PV (ntfs)] [Feature:Windows] volume-expand should not allow expansion of pvcs without AllowVolumeExpansion property" classname="Kubernetes e2e suite" status="skipped" time="0">
              <skipped message="skipped"></skipped>
          </testcase>
          <testcase name="[It] [sig-storage] In-tree Volumes [Driver: azure-disk] [Testpattern: Dynamic PV (ntfs)(allowExpansion)] [Feature:Windows] volume-expand should resize volume when PVC is edited while pod is using it" classname="Kubernetes e2e suite" status="skipped" time="0">
              <skipped message="skipped"></skipped>
          </testcase>
          <testcase name="[It] [sig-storage] In-tree Volumes [Driver: local] [LocalVolumeType: blockfs] [Testpattern: Inline-volume (default fs)] subPath should support restarting containers using file as subpath [Slow] [LinuxOnly]" classname="Kubernetes e2e suite" status="skipped" time="0">
              <skipped message="skipped"></skipped>
          </testcase>
          <testcase name="[It] [sig-storage] CSI Volumes [Driver: csi-hostpath] [Testpattern: Generic Ephemeral-volume (default fs)] volumeLimits should verify that all csinodes have volume limits" classname="Kubernetes e2e suite" status="skipped" time="0">
              <skipped message="skipped"></skipped>
          </testcase>
          <testcase name="[It] [sig-apps] StatefulSet Deploy clustered applications [Feature:StatefulSet] [Slow] should creating a working zookeeper cluster" classname="Kubernetes e2e suite" status="skipped" time="0">
              <skipped message="skipped"></skipped>
          </testcase>
          <testcase name="[It] [sig-storage] PersistentVolumes-local [Volume type: dir-bindmounted] Set fsGroup for local volume should set same fsGroup for two pods simultaneously [Slow]" classname="Kubernetes e2e suite" status="skipped" time="0">
              <skipped message="skipped"></skipped>
          </testcase>
          <testcase name="[It] [sig-storage] In-tree Volumes [Driver: vsphere] [Testpattern: Dynamic PV (ntfs)] [Feature:Windows] subPath should support restarting containers using directory as subpath [Slow]" classname="Kubernetes e2e suite" status="skipped" time="0">
              <skipped message="skipped"></skipped>
          </testcase>
          <testcase name="[It] [sig-storage] In-tree Volumes [Driver: local] [LocalVolumeType: blockfs] [Testpattern: Dynamic PV (ntfs)] [Feature:Windows] subPath should fail if non-existent subpath is outside the volume [Slow] [LinuxOnly]" classname="Kubernetes e2e suite" status="skipped" time="0">
              <skipped message="skipped"></skipped>
          </testcase>
          <testcase name="[It] [sig-network] Services should be able to change the type from NodePort to ExternalName [Conformance]" classname="Kubernetes e2e suite" status="passed" time="8.831587433"></testcase>
          <testcase name="[It] [sig-storage] In-tree Volumes [Driver: local] [LocalVolumeType: tmpfs] [Testpattern: Dynamic PV (block volmode)] volumeMode should not mount / map unused volumes in a pod [LinuxOnly]" classname="Kubernetes e2e suite" status="skipped" time="0">
              <skipped message="skipped"></skipped>
          </testcase>
          <testcase name="[It] [sig-storage] In-tree Volumes [Driver: local] [LocalVolumeType: dir-bindmounted] [Testpattern: Dynamic PV (default fs)] volume-expand should not allow expansion of pvcs without AllowVolumeExpansion property" classname="Kubernetes e2e suite" status="skipped" time="0">
              <skipped message="skipped"></skipped>
          </testcase>
          <testcase name="[It] [sig-storage] In-tree Volumes [Driver: cinder] [Testpattern: Dynamic PV (block volmode)] volume-stress multiple pods should access different volumes repeatedly [Slow] [Serial]" classname="Kubernetes e2e suite" status="skipped" time="0">
              <skipped message="skipped"></skipped>
          </testcase>
          <testcase name="[It] [sig-cli] Kubectl client Kubectl describe should check if kubectl describe prints relevant information for rc and pods [Conformance]" classname="Kubernetes e2e suite" status="passed" time="1.979755866"></testcase>
          <testcase name="[It] [sig-storage] In-tree Volumes [Driver: iscsi] [Feature:Volumes] [Testpattern: Pre-provisioned PV (filesystem volmode)] disruptive [Disruptive] [LinuxOnly] Should test that pv used in a pod that is deleted while the kubelet is down is usable by a new pod with a different SELinux context when kubelet returns [Feature:SELinux]" classname="Kubernetes e2e suite" status="skipped" time="0">
              <skipped message="skipped"></skipped>
          </testcase>
          <testcase name="[It] [sig-storage] In-tree Volumes [Driver: hostPathSymlink] [Testpattern: Inline-volume (default fs)] subPath should support restarting containers using directory as subpath [Slow]" classname="Kubernetes e2e suite" status="skipped" time="0">
              <skipped message="skipped"></skipped>
          </testcase>
          <testcase name="[It] [sig-storage] In-tree Volumes [Driver: nfs] [Testpattern: Dynamic PV (block volmode)] multiVolume [Slow] should access to two volumes with different volume mode and retain data across pod recreation on the same node" classname="Kubernetes e2e suite" status="skipped" time="0">
              <skipped message="skipped"></skipped>
          </testcase>
          <testcase name="[It] [sig-storage] In-tree Volumes [Driver: local] [LocalVolumeType: blockfs] [Testpattern: Inline-volume (default fs)] subPath should fail if subpath file is outside the volume [Slow] [LinuxOnly]" classname="Kubernetes e2e suite" status="skipped" time="0">
              <skipped message="skipped"></skipped>
          </testcase>
          <testcase name="[It] [sig-storage] In-tree Volumes [Driver: local] [LocalVolumeType: tmpfs] [Testpattern: Pre-provisioned PV (filesystem volmode)] disruptive [Disruptive] [LinuxOnly] Should test that pv used in a pod that is force deleted while the kubelet is down is usable by a new pod when kubelet returns [Feature:SELinux]" classname="Kubernetes e2e suite" status="skipped" time="0">
              <skipped message="skipped"></skipped>
          </testcase>
          <testcase name="[It] [sig-instrumentation] MetricsGrabber should grab all metrics from a Kubelet." classname="Kubernetes e2e suite" status="skipped" time="0">
              <skipped message="skipped"></skipped>
          </testcase>
          <testcase name="[It] [sig-storage] In-tree Volumes [Driver: local] [LocalVolumeType: block] [Testpattern: Pre-provisioned PV (filesystem volmode)] multiVolume [Slow] should access to two volumes with different volume mode and retain data across pod recreation on different node" classname="Kubernetes e2e suite" status="skipped" time="0">
              <skipped message="skipped"></skipped>
          </testcase>
          <testcase name="[It] [sig-network] [Feature:IPv6DualStack] Granular Checks: Services Secondary IP Family [LinuxOnly] should function for pod-Service: sctp [Feature:SCTPConnectivity]" classname="Kubernetes e2e suite" status="skipped" time="0">
              <skipped message="skipped"></skipped>
          </testcase>
          <testcase name="[It] [sig-node] KubeletManagedEtcHosts should test kubelet managed /etc/hosts file [LinuxOnly] [NodeConformance] [Conformance]" classname="Kubernetes e2e suite" status="passed" time="5.156730226"></testcase>
          <testcase name="[It] [sig-storage] In-tree Volumes [Driver: local] [LocalVolumeType: tmpfs] [Testpattern: Dynamic PV (default fs)] subPath should verify container cannot write to subpath readonly volumes [Slow]" classname="Kubernetes e2e suite" status="skipped" time="0">
              <skipped message="skipped"></skipped>
          </testcase>
          <testcase name="[It] [sig-storage] In-tree Volumes [Driver: local] [LocalVolumeType: gce-localssd-scsi-fs] [Serial] [Testpattern: Dynamic PV (filesystem volmode)] multiVolume [Slow] should access to two volumes with the same volume mode and retain data across pod recreation on different node" classname="Kubernetes e2e suite" status="skipped" time="0">
              <skipped message="skipped"></skipped>
          </testcase>
          <testcase name="[It] [sig-storage] In-tree Volumes [Driver: azure-disk] [Testpattern: Dynamic PV (ntfs)] [Feature:Windows] provisioning should provision storage with mount options" classname="Kubernetes e2e suite" status="skipped" time="0">
              <skipped message="skipped"></skipped>
          </testcase>
          <testcase name="[It] [sig-api-machinery] ResourceQuota [Feature:PodPriority] should verify ResourceQuota&#39;s priority class scope (quota set to pod count: 1) against 2 pods with same priority class." classname="Kubernetes e2e suite" status="skipped" time="0">
              <skipped message="skipped"></skipped>
          </testcase>
          <testcase name="[It] [sig-windows] [Feature:Windows] [Excluded:WindowsDocker] [MinimumKubeletVersion:1.22] RebootHost containers [Serial] [Disruptive] [Slow] should run as a reboot process on the host/node" classname="Kubernetes e2e suite" status="skipped" time="0">
              <skipped message="skipped"></skipped>
          </testcase>
          <testcase name="[It] [sig-storage] In-tree Volumes [Driver: emptydir] [Testpattern: Inline-volume (default fs)] subPath should support creating multiple subpath from same volumes [Slow]" classname="Kubernetes e2e suite" status="skipped" time="0">
              <skipped message="skipped"></skipped>
          </testcase>
          <testcase name="[It] [sig-storage] In-tree Volumes [Driver: aws] [Testpattern: Dynamic PV (ext3)] volumes should store data" classname="Kubernetes e2e suite" status="skipped" time="0">
              <skipped message="skipped"></skipped>
          </testcase>
          <testcase name="[It] [sig-storage] In-tree Volumes [Driver: vsphere] [Testpattern: Generic Ephemeral-volume (default fs)] volumeLimits should verify that all csinodes have volume limits" classname="Kubernetes e2e suite" status="skipped" time="0">
              <skipped message="skipped"></skipped>
          </testcase>
          <testcase name="[It] [sig-storage] In-tree Volumes [Driver: local] [LocalVolumeType: block] [Testpattern: Inline-volume (ntfs)] [Feature:Windows] volumes should store data" classname="Kubernetes e2e suite" status="skipped" time="0">
              <skipped message="skipped"></skipped>
          </testcase>
          <testcase name="[It] [sig-storage] In-tree Volumes [Driver: azure-disk] [Testpattern: Dynamic PV (ntfs)] [Feature:Windows] subPath should unmount if pod is gracefully deleted while kubelet is down [Disruptive] [Slow] [LinuxOnly]" classname="Kubernetes e2e suite" status="skipped" time="0">
              <skipped message="skipped"></skipped>
          </testcase>
          <testcase name="[It] [sig-api-machinery] Namespaces [Serial] should apply a finalizer to a Namespace [Conformance]" classname="Kubernetes e2e suite" status="passed" time="0.060800807"></testcase>
          <testcase name="[It] [sig-storage] CSI Volumes [Driver: csi-hostpath] [Testpattern: Pre-provisioned PV (block volmode)] multiVolume [Slow] should access to two volumes with the same volume mode and retain data across pod recreation on the same node" classname="Kubernetes e2e suite" status="skipped" time="0">
              <skipped message="skipped"></skipped>
          </testcase>
          <testcase name="[It] [sig-storage] In-tree Volumes [Driver: local] [LocalVolumeType: tmpfs] [Testpattern: Pre-provisioned PV (default fs)] subPath should support readOnly directory specified in the volumeMount" classname="Kubernetes e2e suite" status="skipped" time="0">
              <skipped message="skipped"></skipped>
          </testcase>
          <testcase name="[It] [sig-storage] In-tree Volumes [Driver: cinder] [Testpattern: Dynamic PV (block volmode)] provisioning should provision storage with pvc data source (ROX mode)" classname="Kubernetes e2e suite" status="skipped" time="0">
              <skipped message="skipped"></skipped>
          </testcase>
          <testcase name="[It] [sig-storage] In-tree Volumes [Driver: iscsi] [Feature:Volumes] [Testpattern: Dynamic PV (default fs)] fsgroupchangepolicy (Always)[LinuxOnly], pod created with an initial fsgroup, volume contents ownership changed via chgrp in first pod, new pod with same fsgroup applied to the volume contents" classname="Kubernetes e2e suite" status="skipped" time="0">
              <skipped message="skipped"></skipped>
          </testcase>
          <testcase name="[It] [sig-storage] CSI Volumes [Driver: pd.csi.storage.gke.io] [Serial] [Testpattern: Dynamic PV (block volmode)] multiVolume [Slow] should access to two volumes with different volume mode and retain data across pod recreation on different node" classname="Kubernetes e2e suite" status="skipped" time="0">
              <skipped message="skipped"></skipped>
          </testcase>
          <testcase name="[It] [sig-storage] In-tree Volumes [Driver: aws] [Testpattern: Dynamic PV (default fs)] provisioning should provision storage with pvc data source in parallel [Slow]" classname="Kubernetes e2e suite" status="skipped" time="0">
              <skipped message="skipped"></skipped>
          </testcase>
          <testcase name="[It] [sig-storage] In-tree Volumes [Driver: ceph] [Feature:Volumes] [Serial] [Testpattern: Pre-provisioned PV (default fs)] subPath should be able to unmount after the subpath directory is deleted [LinuxOnly]" classname="Kubernetes e2e suite" status="skipped" time="0">
              <skipped message="skipped"></skipped>
          </testcase>
          <testcase name="[It] [sig-storage] In-tree Volumes [Driver: local] [LocalVolumeType: gce-localssd-scsi-fs] [Serial] [Testpattern: Dynamic PV (default fs)] fsgroupchangepolicy (Always)[LinuxOnly], pod created with an initial fsgroup, new pod fsgroup applied to volume contents" classname="Kubernetes e2e suite" status="skipped" time="0">
              <skipped message="skipped"></skipped>
          </testcase>
          <testcase name="[It] [sig-storage] In-tree Volumes [Driver: local] [LocalVolumeType: dir] [Testpattern: Pre-provisioned PV (ext4)] volumes should allow exec of files on the volume" classname="Kubernetes e2e suite" status="skipped" time="0">
              <skipped message="skipped"></skipped>
          </testcase>
          <testcase name="[It] [sig-storage] In-tree Volumes [Driver: rbd] [Feature:Volumes] [Serial] [Testpattern: Dynamic PV (ntfs)] [Feature:Windows] subPath should support restarting containers using directory as subpath [Slow]" classname="Kubernetes e2e suite" status="skipped" time="0">
              <skipped message="skipped"></skipped>
          </testcase>
          <testcase name="[It] [sig-auth] ServiceAccounts should mount an API token into pods [Conformance]" classname="Kubernetes e2e suite" status="passed" time="2.720918341"></testcase>
          <testcase name="[It] [sig-storage] In-tree Volumes [Driver: azure-file] [Testpattern: Inline-volume (default fs)] volumes should store data" classname="Kubernetes e2e suite" status="skipped" time="0">
              <skipped message="skipped"></skipped>
          </testcase>
          <testcase name="[It] [sig-storage] CSI Volumes [Driver: csi-hostpath] [Testpattern: Dynamic PV (xfs)] [Slow] volumes should allow exec of files on the volume" classname="Kubernetes e2e suite" status="skipped" time="0">
              <skipped message="skipped"></skipped>
          </testcase>
          <testcase name="[It] [sig-storage] CSI Volumes [Driver: csi-hostpath] [Testpattern: Dynamic PV (default fs)] read-write-once-pod [MinimumKubeletVersion:1.27] should preempt lower priority pods using ReadWriteOncePod volumes" classname="Kubernetes e2e suite" status="skipped" time="0">
              <skipped message="skipped"></skipped>
          </testcase>
          <testcase name="[It] [sig-storage] In-tree Volumes [Driver: emptydir] [Testpattern: Inline-volume (ntfs)] [Feature:Windows] volumes should store data" classname="Kubernetes e2e suite" status="skipped" time="0">
              <skipped message="skipped"></skipped>
          </testcase>
          <testcase name="[It] [sig-node] Pod InPlace Resize Container [Feature:InPlacePodVerticalScaling] Burstable QoS pod, one container with cpu &amp; memory requests - decrease memory request" classname="Kubernetes e2e suite" status="skipped" time="0">
              <skipped message="skipped"></skipped>
          </testcase>
          <testcase name="[It] [sig-storage] In-tree Volumes [Driver: vsphere] [Testpattern: Dynamic PV (block volmode)] multiVolume [Slow] should concurrently access the single volume from pods on the same node" classname="Kubernetes e2e suite" status="skipped" time="0">
              <skipped message="skipped"></skipped>
          </testcase>
          <testcase name="[It] [sig-storage] In-tree Volumes [Driver: aws] [Testpattern: Dynamic PV (block volmode)] disruptive [Disruptive] [LinuxOnly] Should test that pv used in a pod that is deleted while the kubelet is down cleans up when the kubelet returns." classname="Kubernetes e2e suite" status="skipped" time="0">
              <skipped message="skipped"></skipped>
          </testcase>
          <testcase name="[It] [sig-apps] ReplicaSet should serve a basic image on each replica with a public image [Conformance]" classname="Kubernetes e2e suite" status="passed" time="5.061027871"></testcase>
          <testcase name="[It] [sig-storage] In-tree Volumes [Driver: aws] [Testpattern: Generic Ephemeral-volume (block volmode) (late-binding)] ephemeral should create read/write inline ephemeral volume" classname="Kubernetes e2e suite" status="skipped" time="0">
              <skipped message="skipped"></skipped>
          </testcase>
          <testcase name="[It] [sig-storage] In-tree Volumes [Driver: local] [LocalVolumeType: blockfs] [Testpattern: Generic Ephemeral-volume (default fs) (late-binding)] ephemeral should support expansion of pvcs created for ephemeral pvcs" classname="Kubernetes e2e suite" status="skipped" time="0">
              <skipped message="skipped"></skipped>
          </testcase>
          <testcase name="[It] [sig-storage] In-tree Volumes [Driver: local] [LocalVolumeType: dir-link] [Testpattern: Pre-provisioned PV (block volmode)] volumeMode should not mount / map unused volumes in a pod [LinuxOnly]" classname="Kubernetes e2e suite" status="skipped" time="0">
              <skipped message="skipped"></skipped>
          </testcase>
          <testcase name="[It] [sig-storage] In-tree Volumes [Driver: azure-disk] [Testpattern: Dynamic PV (ntfs)] [Feature:Windows] multiVolume [Slow] should access to two volumes with the same volume mode and retain data across pod recreation on different node" classname="Kubernetes e2e suite" status="skipped" time="0">
              <skipped message="skipped"></skipped>
          </testcase>
          <testcase name="[It] [sig-storage] In-tree Volumes [Driver: ceph] [Feature:Volumes] [Serial] [Testpattern: Dynamic PV (default fs)] fsgroupchangepolicy (Always)[LinuxOnly], pod created with an initial fsgroup, volume contents ownership changed via chgrp in first pod, new pod with different fsgroup applied to the volume contents" classname="Kubernetes e2e suite" status="skipped" time="0">
              <skipped message="skipped"></skipped>
          </testcase>
          <testcase name="[It] [sig-storage] In-tree Volumes [Driver: emptydir] [Testpattern: Inline-volume (xfs)] [Slow] volumes should store data" classname="Kubernetes e2e suite" status="skipped" time="0">
              <skipped message="skipped"></skipped>
          </testcase>
          <testcase name="[It] [sig-storage] CSI Volumes [Driver: pd.csi.storage.gke.io] [Serial] [Testpattern: Dynamic PV (block volmode)] multiVolume [Slow] should access to two volumes with the same volume mode and retain data across pod recreation on different node" classname="Kubernetes e2e suite" status="skipped" time="0">
              <skipped message="skipped"></skipped>
          </testcase>
          <testcase name="[It] [sig-storage] In-tree Volumes [Driver: local] [LocalVolumeType: dir-link-bindmounted] [Testpattern: Dynamic PV (default fs)] subPath should support existing directory" classname="Kubernetes e2e suite" status="skipped" time="0">
              <skipped message="skipped"></skipped>
          </testcase>
          <testcase name="[It] [sig-storage] In-tree Volumes [Driver: hostPath] [Testpattern: Pre-provisioned PV (filesystem volmode)] volumeMode should fail to use a volume in a pod with mismatched mode [Slow]" classname="Kubernetes e2e suite" status="skipped" time="0">
              <skipped message="skipped"></skipped>
          </testcase>
          <testcase name="[It] [sig-storage] In-tree Volumes [Driver: emptydir] [Testpattern: Generic Ephemeral-volume (default fs) (immediate-binding)] ephemeral should create read-only inline ephemeral volume" classname="Kubernetes e2e suite" status="skipped" time="0">
              <skipped message="skipped"></skipped>
          </testcase>
          <testcase name="[It] [sig-scheduling] SchedulerPredicates [Serial] validates that there is no conflict between pods with same hostPort but different hostIP and protocol" classname="Kubernetes e2e suite" status="skipped" time="0">
              <skipped message="skipped"></skipped>
          </testcase>
          <testcase name="[It] [sig-storage] In-tree Volumes [Driver: ceph] [Feature:Volumes] [Serial] [Testpattern: Dynamic PV (default fs)] fsgroupchangepolicy (OnRootMismatch)[LinuxOnly], pod created with an initial fsgroup, new pod fsgroup applied to volume contents" classname="Kubernetes e2e suite" status="skipped" time="0">
              <skipped message="skipped"></skipped>
          </testcase>
          <testcase name="[It] [sig-storage] In-tree Volumes [Driver: iscsi] [Feature:Volumes] [Testpattern: Dynamic PV (filesystem volmode)] disruptive [Disruptive] [LinuxOnly] Should test that pv used in a pod that is force deleted while the kubelet is down is usable by a new pod with a different SELinux context when kubelet returns [Feature:SELinux]" classname="Kubernetes e2e suite" status="skipped" time="0">
              <skipped message="skipped"></skipped>
          </testcase>
          <testcase name="[It] [sig-storage] In-tree Volumes [Driver: local] [LocalVolumeType: tmpfs] [Testpattern: Pre-provisioned PV (ntfs)] [Feature:Windows] volumes should allow exec of files on the volume" classname="Kubernetes e2e suite" status="skipped" time="0">
              <skipped message="skipped"></skipped>
          </testcase>
          <testcase name="[It] [sig-network] Netpol NetworkPolicy between server and client should deny ingress access to updated pod [Feature:NetworkPolicy]" classname="Kubernetes e2e suite" status="skipped" time="0">
              <skipped message="skipped"></skipped>
          </testcase>
          <testcase name="[It] [sig-storage] In-tree Volumes [Driver: hostPath] [Testpattern: Dynamic PV (ntfs)] [Feature:Windows] provisioning should provision storage with pvc data source in parallel [Slow]" classname="Kubernetes e2e suite" status="skipped" time="0">
              <skipped message="skipped"></skipped>
          </testcase>
          <testcase name="[It] [sig-storage] In-tree Volumes [Driver: ceph] [Feature:Volumes] [Serial] [Testpattern: Dynamic PV (ntfs)] [Feature:Windows] subPath should be able to unmount after the subpath directory is deleted [LinuxOnly]" classname="Kubernetes e2e suite" status="skipped" time="0">
              <skipped message="skipped"></skipped>
          </testcase>
          <testcase name="[It] [sig-storage] In-tree Volumes [Driver: iscsi] [Feature:Volumes] [Testpattern: Dynamic PV (block volmode)] disruptive [Disruptive] [LinuxOnly] Should test that pv written before kubelet restart is readable after restart." classname="Kubernetes e2e suite" status="skipped" time="0">
              <skipped message="skipped"></skipped>
          </testcase>
          <testcase name="[It] [sig-storage] In-tree Volumes [Driver: azure-disk] [Testpattern: Dynamic PV (block volmode)(allowExpansion)] volume-expand Verify if offline PVC expansion works" classname="Kubernetes e2e suite" status="skipped" time="0">
              <skipped message="skipped"></skipped>
          </testcase>
          <testcase name="[It] [sig-storage] In-tree Volumes [Driver: vsphere] [Testpattern: Dynamic PV (default fs)] provisioning should provision storage with pvc data source in parallel [Slow]" classname="Kubernetes e2e suite" status="skipped" time="0">
              <skipped message="skipped"></skipped>
          </testcase>
          <testcase name="[It] [sig-storage] In-tree Volumes [Driver: aws] [Testpattern: Pre-provisioned PV (filesystem volmode)] multiVolume [Slow] should access to two volumes with the same volume mode and retain data across pod recreation on the same node" classname="Kubernetes e2e suite" status="skipped" time="0">
              <skipped message="skipped"></skipped>
          </testcase>
          <testcase name="[It] [sig-storage] In-tree Volumes [Driver: nfs] [Testpattern: Dynamic PV (default fs)] fsgroupchangepolicy (Always)[LinuxOnly], pod created with an initial fsgroup, volume contents ownership changed via chgrp in first pod, new pod with same fsgroup applied to the volume contents" classname="Kubernetes e2e suite" status="skipped" time="0">
              <skipped message="skipped"></skipped>
          </testcase>
          <testcase name="[It] [sig-storage] In-tree Volumes [Driver: local] [LocalVolumeType: tmpfs] [Testpattern: Dynamic PV (default fs)] fsgroupchangepolicy (Always)[LinuxOnly], pod created with an initial fsgroup, volume contents ownership changed via chgrp in first pod, new pod with same fsgroup applied to the volume contents" classname="Kubernetes e2e suite" status="skipped" time="0">
              <skipped message="skipped"></skipped>
          </testcase>
          <testcase name="[It] [sig-storage] In-tree Volumes [Driver: rbd] [Feature:Volumes] [Serial] [Testpattern: Dynamic PV (default fs)] provisioning should provision storage with snapshot data source (ROX mode) [Feature:VolumeSnapshotDataSource]" classname="Kubernetes e2e suite" status="skipped" time="0">
              <skipped message="skipped"></skipped>
          </testcase>
          <testcase name="[It] [sig-storage] In-tree Volumes [Driver: vsphere] [Testpattern: Generic Ephemeral-volume (block volmode) (late-binding)] ephemeral should create read-only inline ephemeral volume" classname="Kubernetes e2e suite" status="skipped" time="0">
              <skipped message="skipped"></skipped>
          </testcase>
          <testcase name="[It] [sig-storage] In-tree Volumes [Driver: aws] [Testpattern: Dynamic PV (xfs)] [Slow] multiVolume [Slow] should access to two volumes with different volume mode and retain data across pod recreation on the same node" classname="Kubernetes e2e suite" status="skipped" time="0">
              <skipped message="skipped"></skipped>
          </testcase>
          <testcase name="[It] [sig-storage] In-tree Volumes [Driver: emptydir] [Testpattern: Dynamic PV (block volmode)] provisioning should provision storage with pvc data source" classname="Kubernetes e2e suite" status="skipped" time="0">
              <skipped message="skipped"></skipped>
          </testcase>
          <testcase name="[It] [sig-storage] In-tree Volumes [Driver: local] [LocalVolumeType: dir] [Testpattern: Dynamic PV (ntfs)] [Feature:Windows] provisioning should provision storage with pvc data source (ROX mode)" classname="Kubernetes e2e suite" status="skipped" time="0">
              <skipped message="skipped"></skipped>
          </testcase>
          <testcase name="[It] [sig-storage] In-tree Volumes [Driver: local] [LocalVolumeType: gce-localssd-scsi-fs] [Serial] [Testpattern: Inline-volume (default fs)] subPath should be able to unmount after the subpath directory is deleted [LinuxOnly]" classname="Kubernetes e2e suite" status="skipped" time="0">
              <skipped message="skipped"></skipped>
          </testcase>
          <testcase name="[It] [sig-storage] In-tree Volumes [Driver: local] [LocalVolumeType: dir-link] [Testpattern: Dynamic PV (default fs)] provisioning should provision correct filesystem size when restoring snapshot to larger size pvc [Feature:VolumeSnapshotDataSource]" classname="Kubernetes e2e suite" status="skipped" time="0">
              <skipped message="skipped"></skipped>
          </testcase>
          <testcase name="[It] [sig-storage] In-tree Volumes [Driver: local] [LocalVolumeType: tmpfs] [Testpattern: Dynamic PV (ntfs)] [Feature:Windows] subPath should be able to unmount after the subpath directory is deleted [LinuxOnly]" classname="Kubernetes e2e suite" status="skipped" time="0">
              <skipped message="skipped"></skipped>
          </testcase>
          <testcase name="[It] [sig-network] IngressClass [Feature:Ingress] should allow IngressClass to have Namespace-scoped parameters [Serial]" classname="Kubernetes e2e suite" status="skipped" time="0">
              <skipped message="skipped"></skipped>
          </testcase>
          <testcase name="[It] [sig-storage] In-tree Volumes [Driver: local] [LocalVolumeType: dir-bindmounted] [Testpattern: Dynamic PV (ext4)] volumes should allow exec of files on the volume" classname="Kubernetes e2e suite" status="skipped" time="0">
              <skipped message="skipped"></skipped>
          </testcase>
          <testcase name="[It] [sig-windows] [Feature:WindowsHostProcessContainers] [MinimumKubeletVersion:1.22] HostProcess containers metrics should report count of started and failed to start HostProcess containers" classname="Kubernetes e2e suite" status="skipped" time="0">
              <skipped message="skipped"></skipped>
          </testcase>
          <testcase name="[It] [sig-storage] In-tree Volumes [Driver: vsphere] [Testpattern: Dynamic PV (ntfs)] [Feature:Windows] subPath should verify container cannot write to subpath readonly volumes [Slow]" classname="Kubernetes e2e suite" status="skipped" time="0">
              <skipped message="skipped"></skipped>
          </testcase>
          <testcase name="[It] [sig-storage] In-tree Volumes [Driver: local] [LocalVolumeType: tmpfs] [Testpattern: Dynamic PV (default fs)] subPath should support non-existent path" classname="Kubernetes e2e suite" status="skipped" time="0">
              <skipped message="skipped"></skipped>
          </testcase>
          <testcase name="[It] [sig-storage] In-tree Volumes [Driver: azure-disk] [Testpattern: Dynamic PV (block volmode)] multiVolume [Slow] should concurrently access the volume and restored snapshot from pods on the same node [LinuxOnly] [Feature:VolumeSnapshotDataSource] [Feature:VolumeSourceXFS]" classname="Kubernetes e2e suite" status="skipped" time="0">
              <skipped message="skipped"></skipped>
          </testcase>
          <testcase name="[It] [sig-storage] CSI Mock volume snapshot CSI Volume Snapshots [Feature:VolumeSnapshotDataSource] volumesnapshotcontent and pvc in Bound state with deletion timestamp set should not get deleted while snapshot finalizer exists" classname="Kubernetes e2e suite" status="skipped" time="0">
              <skipped message="skipped"></skipped>
          </testcase>
          <testcase name="[It] [sig-storage] In-tree Volumes [Driver: emptydir] [Testpattern: Dynamic PV (block volmode)] volumeMode should fail in binding dynamic provisioned PV to PVC [Slow] [LinuxOnly]" classname="Kubernetes e2e suite" status="skipped" time="0">
              <skipped message="skipped"></skipped>
          </testcase>
          <testcase name="[It] [sig-apps] ReplicationController should test the lifecycle of a ReplicationController [Conformance]" classname="Kubernetes e2e suite" status="passed" time="2.54754261"></testcase>
          <testcase name="[It] [sig-cli] Kubectl Port forwarding With a server listening on 0.0.0.0 that expects NO client request should support a client that connects, sends DATA, and disconnects" classname="Kubernetes e2e suite" status="skipped" time="0">
              <skipped message="skipped"></skipped>
          </testcase>
          <testcase name="[It] [sig-storage] In-tree Volumes [Driver: aws] [Testpattern: Pre-provisioned PV (block volmode)] multiVolume [Slow] should access to two volumes with the same volume mode and retain data across pod recreation on the same node" classname="Kubernetes e2e suite" status="skipped" time="0">
              <skipped message="skipped"></skipped>
          </testcase>
          <testcase name="[It] [sig-storage] In-tree Volumes [Driver: local] [LocalVolumeType: block] [Testpattern: Pre-provisioned PV (filesystem volmode)] multiVolume [Slow] should concurrently access the single read-only volume from pods on the same node" classname="Kubernetes e2e suite" status="skipped" time="0">
              <skipped message="skipped"></skipped>
          </testcase>
          <testcase name="[It] [sig-apps] Job should run a job to completion when tasks sometimes fail and are not locally restarted" classname="Kubernetes e2e suite" status="skipped" time="0">
              <skipped message="skipped"></skipped>
          </testcase>
          <testcase name="[It] [sig-node] [NodeAlphaFeature:SidecarContainers] [Feature:SidecarContainers] Probing restartable init container should be restarted with an exec liveness probe with timeout [MinimumKubeletVersion:1.20]" classname="Kubernetes e2e suite" status="skipped" time="0">
              <skipped message="skipped"></skipped>
          </testcase>
          <testcase name="[It] [sig-storage] In-tree Volumes [Driver: local] [LocalVolumeType: dir-link] [Testpattern: Dynamic PV (filesystem volmode)] multiVolume [Slow] should concurrently access the volume and its clone from pods on the same node [LinuxOnly] [Feature:VolumeSourceXFS]" classname="Kubernetes e2e suite" status="skipped" time="0">
              <skipped message="skipped"></skipped>
          </testcase>
          <testcase name="[It] [sig-storage] HostPathType Socket [Slow] Should fail on mounting socket &#39;asocket&#39; when HostPathType is HostPathDirectory" classname="Kubernetes e2e suite" status="skipped" time="0">
              <skipped message="skipped"></skipped>
          </testcase>
          <testcase name="[It] [sig-storage] In-tree Volumes [Driver: local] [LocalVolumeType: gce-localssd-scsi-fs] [Serial] [Testpattern: Dynamic PV (default fs)] subPath should support restarting containers using directory as subpath [Slow]" classname="Kubernetes e2e suite" status="skipped" time="0">
              <skipped message="skipped"></skipped>
          </testcase>
          <testcase name="[It] [sig-storage] In-tree Volumes [Driver: local] [LocalVolumeType: dir-link] [Testpattern: Generic Ephemeral-volume (block volmode) (late-binding)] ephemeral should support two pods which have the same volume definition" classname="Kubernetes e2e suite" status="skipped" time="0">
              <skipped message="skipped"></skipped>
          </testcase>
          <testcase name="[It] [sig-storage] In-tree Volumes [Driver: local] [LocalVolumeType: block] [Testpattern: Dynamic PV (ext4)] multiVolume [Slow] should access to two volumes with different volume mode and retain data across pod recreation on the same node" classname="Kubernetes e2e suite" status="skipped" time="0">
              <skipped message="skipped"></skipped>
          </testcase>
          <testcase name="[It] [sig-storage] In-tree Volumes [Driver: local] [LocalVolumeType: dir-link] [Testpattern: Dynamic PV (default fs)] provisioning should provision storage with pvc data source" classname="Kubernetes e2e suite" status="skipped" time="0">
              <skipped message="skipped"></skipped>
          </testcase>
          <testcase name="[It] [sig-network] Services should preserve source pod IP for traffic thru service cluster IP [LinuxOnly]" classname="Kubernetes e2e suite" status="skipped" time="0">
              <skipped message="skipped"></skipped>
          </testcase>
          <testcase name="[It] [sig-storage] In-tree Volumes [Driver: azure-file] [Testpattern: Inline-volume (xfs)] [Slow] volumes should allow exec of files on the volume" classname="Kubernetes e2e suite" status="skipped" time="0">
              <skipped message="skipped"></skipped>
          </testcase>
          <testcase name="[It] [sig-storage] In-tree Volumes [Driver: local] [LocalVolumeType: tmpfs] [Testpattern: Dynamic PV (filesystem volmode)] disruptive [Disruptive] [LinuxOnly] Should test that pv used in a pod that is deleted while the kubelet is down is usable by a new pod with a different SELinux context when kubelet returns [Feature:SELinux]" classname="Kubernetes e2e suite" status="skipped" time="0">
              <skipped message="skipped"></skipped>
          </testcase>
          <testcase name="[It] [sig-storage] In-tree Volumes [Driver: local] [LocalVolumeType: tmpfs] [Testpattern: Dynamic PV (ntfs)] [Feature:Windows] subPath should support existing directory" classname="Kubernetes e2e suite" status="skipped" time="0">
              <skipped message="skipped"></skipped>
          </testcase>
          <testcase name="[It] [sig-apps] StatefulSet Basic StatefulSet functionality [StatefulSetBasic] Scaling should happen in predictable order and halt if any stateful pod is unhealthy [Slow] [Conformance]" classname="Kubernetes e2e suite" status="passed" time="72.133216665"></testcase>
          <testcase name="[It] [sig-storage] In-tree Volumes [Driver: vsphere] [Testpattern: Dynamic PV (ntfs)(allowExpansion)] [Feature:Windows] volume-expand should resize volume when PVC is edited while pod is using it" classname="Kubernetes e2e suite" status="skipped" time="0">
              <skipped message="skipped"></skipped>
          </testcase>
          <testcase name="[It] [sig-storage] In-tree Volumes [Driver: azure-file] [Testpattern: Dynamic PV (ntfs)] [Feature:Windows] subPath should support restarting containers using file as subpath [Slow] [LinuxOnly]" classname="Kubernetes e2e suite" status="skipped" time="0">
              <skipped message="skipped"></skipped>
          </testcase>
          <testcase name="[It] [sig-storage] In-tree Volumes [Driver: local] [LocalVolumeType: dir] [Testpattern: Dynamic PV (block volmode)] volumeMode should fail in binding dynamic provisioned PV to PVC [Slow] [LinuxOnly]" classname="Kubernetes e2e suite" status="skipped" time="0">
              <skipped message="skipped"></skipped>
          </testcase>
          <testcase name="[It] [sig-storage] [Feature:Flexvolumes] Detaching volumes should not work when mount is in progress [Slow]" classname="Kubernetes e2e suite" status="skipped" time="0">
              <skipped message="skipped"></skipped>
          </testcase>
          <testcase name="[It] [sig-storage] In-tree Volumes [Driver: hostPathSymlink] [Testpattern: Dynamic PV (xfs)] [Slow] multiVolume [Slow] should concurrently access the single volume from pods on the same node" classname="Kubernetes e2e suite" status="skipped" time="0">
              <skipped message="skipped"></skipped>
          </testcase>
          <testcase name="[It] [sig-storage] In-tree Volumes [Driver: local] [LocalVolumeType: blockfs] [Testpattern: Dynamic PV (block volmode)] multiVolume [Slow] should concurrently access the volume and its clone from pods on the same node [LinuxOnly] [Feature:VolumeSourceXFS]" classname="Kubernetes e2e suite" status="skipped" time="0">
              <skipped message="skipped"></skipped>
          </testcase>
          <testcase name="[It] [sig-storage] CSI Volumes [Driver: csi-hostpath] [Testpattern: Dynamic PV (xfs)] [Slow] multiVolume [Slow] should concurrently access the single volume from pods on the same node" classname="Kubernetes e2e suite" status="skipped" time="0">
              <skipped message="skipped"></skipped>
          </testcase>
          <testcase name="[It] [sig-storage] In-tree Volumes [Driver: ceph] [Feature:Volumes] [Serial] [Testpattern: Pre-provisioned PV (filesystem volmode)] multiVolume [Slow] should concurrently access the single read-only volume from pods on the same node" classname="Kubernetes e2e suite" status="skipped" time="0">
              <skipped message="skipped"></skipped>
          </testcase>
          <testcase name="[It] [sig-storage] CSI Volumes [Driver: pd.csi.storage.gke.io] [Serial] [Testpattern: Pre-provisioned PV (block volmode)] volumeMode should not mount / map unused volumes in a pod [LinuxOnly]" classname="Kubernetes e2e suite" status="skipped" time="0">
              <skipped message="skipped"></skipped>
          </testcase>
          <testcase name="[It] [sig-storage] In-tree Volumes [Driver: rbd] [Feature:Volumes] [Serial] [Testpattern: Dynamic PV (block volmode)] provisioning should provision storage with snapshot data source [Feature:VolumeSnapshotDataSource]" classname="Kubernetes e2e suite" status="skipped" time="0">
              <skipped message="skipped"></skipped>
          </testcase>
          <testcase name="[It] [sig-storage] In-tree Volumes [Driver: azure-file] [Testpattern: Dynamic PV (default fs)] subPath should support readOnly file specified in the volumeMount [LinuxOnly]" classname="Kubernetes e2e suite" status="skipped" time="0">
              <skipped message="skipped"></skipped>
          </testcase>
          <testcase name="[It] [sig-storage] Projected downwardAPI should set DefaultMode on files [LinuxOnly] [NodeConformance] [Conformance]" classname="Kubernetes e2e suite" status="passed" time="4.101056376"></testcase>
          <testcase name="[It] [sig-storage] Regional PD RegionalPD should provision storage [Slow]" classname="Kubernetes e2e suite" status="skipped" time="0">
              <skipped message="skipped"></skipped>
          </testcase>
          <testcase name="[It] [sig-storage] In-tree Volumes [Driver: local] [LocalVolumeType: tmpfs] [Testpattern: Dynamic PV (ntfs)] [Feature:Windows] volumes should store data" classname="Kubernetes e2e suite" status="skipped" time="0">
              <skipped message="skipped"></skipped>
          </testcase>
          <testcase name="[It] [sig-storage] CSI Volumes [Driver: pd.csi.storage.gke.io] [Serial] [Testpattern: Pre-provisioned PV (default fs)] subPath should support creating multiple subpath from same volumes [Slow]" classname="Kubernetes e2e suite" status="skipped" time="0">
              <skipped message="skipped"></skipped>
          </testcase>
          <testcase name="[It] [sig-storage] In-tree Volumes [Driver: vsphere] [Testpattern: Generic Ephemeral-volume (default fs) (immediate-binding)] ephemeral should support expansion of pvcs created for ephemeral pvcs" classname="Kubernetes e2e suite" status="skipped" time="0">
              <skipped message="skipped"></skipped>
          </testcase>
          <testcase name="[It] [sig-storage] In-tree Volumes [Driver: emptydir] [Testpattern: Dynamic PV (default fs)] provisioning should provision storage with mount options" classname="Kubernetes e2e suite" status="skipped" time="0">
              <skipped message="skipped"></skipped>
          </testcase>
          <testcase name="[It] [sig-storage] In-tree Volumes [Driver: emptydir] [Testpattern: Dynamic PV (ntfs)] [Feature:Windows] multiVolume [Slow] should concurrently access the single volume from pods on the same node" classname="Kubernetes e2e suite" status="skipped" time="0">
              <skipped message="skipped"></skipped>
          </testcase>
          <testcase name="[It] [sig-storage] In-tree Volumes [Driver: emptydir] [Testpattern: Dynamic PV (filesystem volmode)] multiVolume [Slow] should access to two volumes with the same volume mode and retain data across pod recreation on the same node" classname="Kubernetes e2e suite" status="skipped" time="0">
              <skipped message="skipped"></skipped>
          </testcase>
          <testcase name="[It] [sig-storage] In-tree Volumes [Driver: hostPath] [Testpattern: Dynamic PV (default fs)] fsgroupchangepolicy (OnRootMismatch)[LinuxOnly], pod created with an initial fsgroup, new pod fsgroup applied to volume contents" classname="Kubernetes e2e suite" status="skipped" time="0">
              <skipped message="skipped"></skipped>
          </testcase>
          <testcase name="[It] [sig-storage] In-tree Volumes [Driver: local] [LocalVolumeType: dir] [Testpattern: Dynamic PV (block volmode)] disruptive [Disruptive] [LinuxOnly] Should test that pv used in a pod that is force deleted while the kubelet is down cleans up when the kubelet returns." classname="Kubernetes e2e suite" status="skipped" time="0">
              <skipped message="skipped"></skipped>
          </testcase>
          <testcase name="[It] [sig-storage] In-tree Volumes [Driver: iscsi] [Feature:Volumes] [Testpattern: Pre-provisioned PV (ext3)] volumes should store data" classname="Kubernetes e2e suite" status="skipped" time="0">
              <skipped message="skipped"></skipped>
          </testcase>
          <testcase name="[It] [sig-node] DRA [Feature:DynamicResourceAllocation] cluster with delayed allocation and not setting ReservedFor must deallocate after use when using delayed allocation" classname="Kubernetes e2e suite" status="skipped" time="0">
              <skipped message="skipped"></skipped>
          </testcase>
          <testcase name="[It] [sig-storage] In-tree Volumes [Driver: iscsi] [Feature:Volumes] [Testpattern: Generic Ephemeral-volume (default fs) (late-binding)] ephemeral should support expansion of pvcs created for ephemeral pvcs" classname="Kubernetes e2e suite" status="skipped" time="0">
              <skipped message="skipped"></skipped>
          </testcase>
          <testcase name="[It] [sig-storage] CSI Mock volume node stage CSI NodeStage error cases [Slow] should call NodeUnstage after NodeStage ephemeral error" classname="Kubernetes e2e suite" status="skipped" time="0">
              <skipped message="skipped"></skipped>
          </testcase>
          <testcase name="[It] [sig-storage] In-tree Volumes [Driver: ceph] [Feature:Volumes] [Serial] [Testpattern: Inline-volume (default fs)] subPath should support existing single file [LinuxOnly]" classname="Kubernetes e2e suite" status="skipped" time="0">
              <skipped message="skipped"></skipped>
          </testcase>
          <testcase name="[It] [sig-storage] In-tree Volumes [Driver: emptydir] [Testpattern: Dynamic PV (default fs)] fsgroupchangepolicy (Always)[LinuxOnly], pod created with an initial fsgroup, new pod fsgroup applied to volume contents" classname="Kubernetes e2e suite" status="skipped" time="0">
              <skipped message="skipped"></skipped>
          </testcase>
          <testcase name="[It] [sig-storage] In-tree Volumes [Driver: local] [LocalVolumeType: dir] [Testpattern: Pre-provisioned PV (filesystem volmode)] multiVolume [Slow] should access to two volumes with the same volume mode and retain data across pod recreation on the same node" classname="Kubernetes e2e suite" status="skipped" time="0">
              <skipped message="skipped"></skipped>
          </testcase>
          <testcase name="[It] [sig-storage] PersistentVolumes-local [Volume type: dir] Two pods mounting a local volume at the same time should be able to write from pod1 and read from pod2" classname="Kubernetes e2e suite" status="skipped" time="0">
              <skipped message="skipped"></skipped>
          </testcase>
          <testcase name="[It] [sig-storage] EmptyDir wrapper volumes should not cause race condition when used for configmaps [Serial] [Conformance]" classname="Kubernetes e2e suite" status="passed" time="17.418173736"></testcase>
          <testcase name="[It] [sig-storage] In-tree Volumes [Driver: local] [LocalVolumeType: block] [Testpattern: Pre-provisioned PV (ext4)] volumes should allow exec of files on the volume" classname="Kubernetes e2e suite" status="skipped" time="0">
              <skipped message="skipped"></skipped>
          </testcase>
          <testcase name="[It] [sig-network] Proxy version v1 should proxy logs on node with explicit kubelet port using proxy subresource" classname="Kubernetes e2e suite" status="skipped" time="0">
              <skipped message="skipped"></skipped>
          </testcase>
          <testcase name="[It] [sig-storage] In-tree Volumes [Driver: iscsi] [Feature:Volumes] [Testpattern: Dynamic PV (filesystem volmode)] multiVolume [Slow] should access to two volumes with the same volume mode and retain data across pod recreation on the same node" classname="Kubernetes e2e suite" status="skipped" time="0">
              <skipped message="skipped"></skipped>
          </testcase>
          <testcase name="[It] [sig-storage] In-tree Volumes [Driver: local] [LocalVolumeType: dir] [Testpattern: Dynamic PV (ntfs)] [Feature:Windows] volumes should allow exec of files on the volume" classname="Kubernetes e2e suite" status="skipped" time="0">
              <skipped message="skipped"></skipped>
          </testcase>
          <testcase name="[It] [sig-storage] In-tree Volumes [Driver: local] [LocalVolumeType: dir-link-bindmounted] [Testpattern: Dynamic PV (block volmode)] disruptive [Disruptive] [LinuxOnly] Should test that pv written before kubelet restart is readable after restart." classname="Kubernetes e2e suite" status="skipped" time="0">
              <skipped message="skipped"></skipped>
          </testcase>
          <testcase name="[It] [sig-storage] In-tree Volumes [Driver: local] [LocalVolumeType: dir-link-bindmounted] [Testpattern: Pre-provisioned PV (block volmode)] multiVolume [Slow] should concurrently access the volume and restored snapshot from pods on the same node [LinuxOnly] [Feature:VolumeSnapshotDataSource] [Feature:VolumeSourceXFS]" classname="Kubernetes e2e suite" status="skipped" time="0">
              <skipped message="skipped"></skipped>
          </testcase>
          <testcase name="[It] [sig-storage] In-tree Volumes [Driver: local] [LocalVolumeType: tmpfs] [Testpattern: Generic Ephemeral-volume (default fs) (immediate-binding)] ephemeral should support expansion of pvcs created for ephemeral pvcs" classname="Kubernetes e2e suite" status="skipped" time="0">
              <skipped message="skipped"></skipped>
          </testcase>
          <testcase name="[It] [sig-storage] In-tree Volumes [Driver: aws] [Testpattern: Dynamic PV (ntfs)] [Feature:Windows] subPath should support file as subpath [LinuxOnly]" classname="Kubernetes e2e suite" status="skipped" time="0">
              <skipped message="skipped"></skipped>
          </testcase>
          <testcase name="[It] [sig-autoscaling] [HPA] [Feature:CustomMetricsAutoscaling] Horizontal pod autoscaling (scale resource: Custom Metrics from Stackdriver) with External Metric from Stackdriver should scale down with target average value" classname="Kubernetes e2e suite" status="skipped" time="0">
              <skipped message="skipped"></skipped>
          </testcase>
          <testcase name="[It] [sig-storage] PersistentVolumes-local [Volume type: blockfswithoutformat] Set fsGroup for local volume should set different fsGroup for second pod if first pod is deleted [Flaky]" classname="Kubernetes e2e suite" status="skipped" time="0">
              <skipped message="skipped"></skipped>
          </testcase>
          <testcase name="[It] [sig-cli] Kubectl client Kubectl validation should create/apply an invalid/valid CR with arbitrary-extra properties for CRD with partially-specified validation schema" classname="Kubernetes e2e suite" status="skipped" time="0">
              <skipped message="skipped"></skipped>
          </testcase>
          <testcase name="[It] [sig-storage] In-tree Volumes [Driver: local] [LocalVolumeType: dir-link] [Testpattern: Generic Ephemeral-volume (default fs)] volumeLimits should verify that all csinodes have volume limits" classname="Kubernetes e2e suite" status="skipped" time="0">
              <skipped message="skipped"></skipped>
          </testcase>
          <testcase name="[It] [sig-storage] Volume Disk Format [Feature:vsphere] verify disk format type - thin is honored for dynamically provisioned pv using storageclass" classname="Kubernetes e2e suite" status="skipped" time="0">
              <skipped message="skipped"></skipped>
          </testcase>
          <testcase name="[It] [sig-storage] In-tree Volumes [Driver: local] [LocalVolumeType: dir-link] [Testpattern: Dynamic PV (block volmode)] multiVolume [Slow] should concurrently access the single volume from pods on the same node" classname="Kubernetes e2e suite" status="skipped" time="0">
              <skipped message="skipped"></skipped>
          </testcase>
          <testcase name="[It] [sig-storage] In-tree Volumes [Driver: local] [LocalVolumeType: dir-link-bindmounted] [Testpattern: Dynamic PV (filesystem volmode)] volumeMode should not mount / map unused volumes in a pod [LinuxOnly]" classname="Kubernetes e2e suite" status="skipped" time="0">
              <skipped message="skipped"></skipped>
          </testcase>
          <testcase name="[It] [sig-storage] In-tree Volumes [Driver: azure-disk] [Testpattern: Dynamic PV (filesystem volmode)] multiVolume [Slow] should concurrently access the volume and restored snapshot from pods on the same node [LinuxOnly] [Feature:VolumeSnapshotDataSource] [Feature:VolumeSourceXFS]" classname="Kubernetes e2e suite" status="skipped" time="0">
              <skipped message="skipped"></skipped>
          </testcase>
          <testcase name="[It] [sig-storage] In-tree Volumes [Driver: azure-file] [Testpattern: Dynamic PV (filesystem volmode)] multiVolume [Slow] should concurrently access the single volume from pods on different node" classname="Kubernetes e2e suite" status="skipped" time="0">
              <skipped message="skipped"></skipped>
          </testcase>
          <testcase name="[It] [sig-node] RuntimeClass should run a Pod requesting a RuntimeClass with a configured handler [NodeFeature:RuntimeHandler]" classname="Kubernetes e2e suite" status="skipped" time="0">
              <skipped message="skipped"></skipped>
          </testcase>
          <testcase name="[It] [sig-node] Probing container should be restarted with a /healthz http liveness probe [NodeConformance] [Conformance]" classname="Kubernetes e2e suite" status="passed" time="22.161996457"></testcase>
          <testcase name="[It] [sig-storage] In-tree Volumes [Driver: aws] [Testpattern: Dynamic PV (block volmode)] provisioning should provision storage with pvc data source in parallel [Slow]" classname="Kubernetes e2e suite" status="skipped" time="0">
              <skipped message="skipped"></skipped>
          </testcase>
          <testcase name="[It] [sig-storage] In-tree Volumes [Driver: local] [LocalVolumeType: dir-bindmounted] [Testpattern: Dynamic PV (ntfs)] [Feature:Windows] volumes should store data" classname="Kubernetes e2e suite" status="skipped" time="0">
              <skipped message="skipped"></skipped>
          </testcase>
          <testcase name="[It] [sig-storage] Zone Support [Feature:vsphere] Verify a pod is created and attached to a dynamically created PV, based on the allowed zones, datastore and storage policy specified in storage class" classname="Kubernetes e2e suite" status="skipped" time="0">
              <skipped message="skipped"></skipped>
          </testcase>
          <testcase name="[It] [sig-storage] CSI Volumes [Driver: pd.csi.storage.gke.io] [Serial] [Testpattern: Dynamic PV (ntfs)] [Feature:Windows] volumes should store data" classname="Kubernetes e2e suite" status="skipped" time="0">
              <skipped message="skipped"></skipped>
          </testcase>
          <testcase name="[It] [sig-apps] Job should not create pods when created in suspend state" classname="Kubernetes e2e suite" status="skipped" time="0">
              <skipped message="skipped"></skipped>
          </testcase>
          <testcase name="[It] [sig-storage] In-tree Volumes [Driver: local] [LocalVolumeType: blockfs] [Testpattern: Dynamic PV (xfs)] [Slow] multiVolume [Slow] should access to two volumes with the same volume mode and retain data across pod recreation on the same node" classname="Kubernetes e2e suite" status="skipped" time="0">
              <skipped message="skipped"></skipped>
          </testcase>
          <testcase name="[It] [sig-storage] In-tree Volumes [Driver: azure-disk] [Testpattern: Dynamic PV (ntfs)] [Feature:Windows] subPath should support existing single file [LinuxOnly]" classname="Kubernetes e2e suite" status="skipped" time="0">
              <skipped message="skipped"></skipped>
          </testcase>
          <testcase name="[It] [sig-storage] CSI Volumes [Driver: pd.csi.storage.gke.io] [Serial] [Testpattern: Pre-provisioned PV (block volmode)] multiVolume [Slow] should access to two volumes with the same volume mode and retain data across pod recreation on the same node" classname="Kubernetes e2e suite" status="skipped" time="0">
              <skipped message="skipped"></skipped>
          </testcase>
          <testcase name="[It] [sig-storage] In-tree Volumes [Driver: local] [LocalVolumeType: dir] [Testpattern: Dynamic PV (ntfs)] [Feature:Windows] provisioning should provision storage with snapshot data source [Feature:VolumeSnapshotDataSource]" classname="Kubernetes e2e suite" status="skipped" time="0">
              <skipped message="skipped"></skipped>
          </testcase>
          <testcase name="[It] [sig-storage] CSI Volumes [Driver: csi-hostpath] [Testpattern: Dynamic PV (ntfs)] [Feature:Windows] multiVolume [Slow] should access to two volumes with the same volume mode and retain data across pod recreation on different node" classname="Kubernetes e2e suite" status="skipped" time="0">
              <skipped message="skipped"></skipped>
          </testcase>
          <testcase name="[It] [sig-storage] In-tree Volumes [Driver: local] [LocalVolumeType: blockfs] [Testpattern: Dynamic PV (default fs)] provisioning should provision storage with pvc data source in parallel [Slow]" classname="Kubernetes e2e suite" status="skipped" time="0">
              <skipped message="skipped"></skipped>
          </testcase>
          <testcase name="[It] [sig-storage] In-tree Volumes [Driver: nfs] [Testpattern: Dynamic PV (xfs)] [Slow] volumes should store data" classname="Kubernetes e2e suite" status="skipped" time="0">
              <skipped message="skipped"></skipped>
          </testcase>
          <testcase name="[It] [sig-storage] PersistentVolumes-local [Volume type: gce-localssd-scsi-fs] [Serial] Two pods mounting a local volume one after the other should be able to write from pod1 and read from pod2" classname="Kubernetes e2e suite" status="skipped" time="0">
              <skipped message="skipped"></skipped>
          </testcase>
          <testcase name="[It] [sig-storage] NFSPersistentVolumes [Disruptive] [Flaky] when kubelet restarts Should test that a volume mounted to a pod that is deleted while the kubelet is down unmounts when the kubelet returns." classname="Kubernetes e2e suite" status="skipped" time="0">
              <skipped message="skipped"></skipped>
          </testcase>
          <testcase name="[It] [sig-storage] In-tree Volumes [Driver: rbd] [Feature:Volumes] [Serial] [Testpattern: Dynamic PV (block volmode)] multiVolume [Slow] should access to two volumes with different volume mode and retain data across pod recreation on different node" classname="Kubernetes e2e suite" status="skipped" time="0">
              <skipped message="skipped"></skipped>
          </testcase>
          <testcase name="[It] [sig-storage] CSI Volumes [Driver: pd.csi.storage.gke.io] [Serial] [Testpattern: Inline-volume (ntfs)] [Feature:Windows] volumes should store data" classname="Kubernetes e2e suite" status="skipped" time="0">
              <skipped message="skipped"></skipped>
          </testcase>
          <testcase name="[It] [sig-storage] In-tree Volumes [Driver: local] [LocalVolumeType: dir-bindmounted] [Testpattern: Dynamic PV (default fs)] fsgroupchangepolicy (OnRootMismatch)[LinuxOnly], pod created with an initial fsgroup, new pod fsgroup applied to volume contents" classname="Kubernetes e2e suite" status="skipped" time="0">
              <skipped message="skipped"></skipped>
          </testcase>
          <testcase name="[It] [sig-storage] In-tree Volumes [Driver: cinder] [Testpattern: Generic Ephemeral-volume (block volmode) (late-binding)] ephemeral should create read-only inline ephemeral volume" classname="Kubernetes e2e suite" status="skipped" time="0">
              <skipped message="skipped"></skipped>
          </testcase>
          <testcase name="[It] [sig-storage] In-tree Volumes [Driver: iscsi] [Feature:Volumes] [Testpattern: Dynamic PV (block volmode)] multiVolume [Slow] should concurrently access the volume and restored snapshot from pods on the same node [LinuxOnly] [Feature:VolumeSnapshotDataSource] [Feature:VolumeSourceXFS]" classname="Kubernetes e2e suite" status="skipped" time="0">
              <skipped message="skipped"></skipped>
          </testcase>
          <testcase name="[It] [sig-storage] In-tree Volumes [Driver: azure-file] [Testpattern: Dynamic PV (block volmode)] provisioning should provision storage with pvc data source in parallel [Slow]" classname="Kubernetes e2e suite" status="skipped" time="0">
              <skipped message="skipped"></skipped>
          </testcase>
          <testcase name="[It] [sig-storage] In-tree Volumes [Driver: rbd] [Feature:Volumes] [Serial] [Testpattern: Dynamic PV (ntfs)] [Feature:Windows] provisioning should provision storage with any volume data source [Serial]" classname="Kubernetes e2e suite" status="skipped" time="0">
              <skipped message="skipped"></skipped>
          </testcase>
          <testcase name="[It] [sig-storage] In-tree Volumes [Driver: local] [LocalVolumeType: dir] [Testpattern: Inline-volume (ext4)] volumes should store data" classname="Kubernetes e2e suite" status="skipped" time="0">
              <skipped message="skipped"></skipped>
          </testcase>
          <testcase name="[It] [sig-storage] In-tree Volumes [Driver: local] [LocalVolumeType: tmpfs] [Testpattern: Dynamic PV (ntfs)] [Feature:Windows] multiVolume [Slow] should concurrently access the volume and its clone from pods on the same node [LinuxOnly] [Feature:VolumeSourceXFS]" classname="Kubernetes e2e suite" status="skipped" time="0">
              <skipped message="skipped"></skipped>
          </testcase>
          <testcase name="[It] [sig-storage] In-tree Volumes [Driver: aws] [Testpattern: Pre-provisioned PV (default fs)] subPath should support existing single file [LinuxOnly]" classname="Kubernetes e2e suite" status="skipped" time="0">
              <skipped message="skipped"></skipped>
          </testcase>
          <testcase name="[It] [sig-storage] CSI Volumes [Driver: csi-hostpath] [Testpattern: Dynamic Snapshot (retain policy)] snapshottable-stress [Feature:VolumeSnapshotDataSource] should support snapshotting of many volumes repeatedly [Slow] [Serial]" classname="Kubernetes e2e suite" status="skipped" time="0">
              <skipped message="skipped"></skipped>
          </testcase>
          <testcase name="[It] [sig-storage] In-tree Volumes [Driver: azure-file] [Testpattern: Inline-volume (ext4)] volumes should allow exec of files on the volume" classname="Kubernetes e2e suite" status="skipped" time="0">
              <skipped message="skipped"></skipped>
          </testcase>
          <testcase name="[It] [sig-storage] In-tree Volumes [Driver: emptydir] [Testpattern: Dynamic PV (ntfs)] [Feature:Windows] multiVolume [Slow] should concurrently access the volume and its clone from pods on the same node [LinuxOnly] [Feature:VolumeSourceXFS]" classname="Kubernetes e2e suite" status="skipped" time="0">
              <skipped message="skipped"></skipped>
          </testcase>
          <testcase name="[It] [sig-network] LoadBalancers should not have connectivity disruption during rolling update with externalTrafficPolicy=Cluster [Slow]" classname="Kubernetes e2e suite" status="skipped" time="0">
              <skipped message="skipped"></skipped>
          </testcase>
          <testcase name="[It] [sig-storage] In-tree Volumes [Driver: rbd] [Feature:Volumes] [Serial] [Testpattern: Dynamic PV (ntfs)] [Feature:Windows] multiVolume [Slow] should access to two volumes with the same volume mode and retain data across pod recreation on the same node" classname="Kubernetes e2e suite" status="skipped" time="0">
              <skipped message="skipped"></skipped>
          </testcase>
          <testcase name="[It] [sig-storage] In-tree Volumes [Driver: local] [LocalVolumeType: gce-localssd-scsi-fs] [Serial] [Testpattern: Dynamic PV (ntfs)] [Feature:Windows] multiVolume [Slow] should concurrently access the single volume from pods on the same node" classname="Kubernetes e2e suite" status="skipped" time="0">
              <skipped message="skipped"></skipped>
          </testcase>
          <testcase name="[It] [sig-storage] In-tree Volumes [Driver: ceph] [Feature:Volumes] [Serial] [Testpattern: Pre-provisioned PV (ext4)] volumes should store data" classname="Kubernetes e2e suite" status="skipped" time="0">
              <skipped message="skipped"></skipped>
          </testcase>
          <testcase name="[It] [sig-storage] In-tree Volumes [Driver: local] [LocalVolumeType: block] [Testpattern: Dynamic PV (default fs)] fsgroupchangepolicy (OnRootMismatch)[LinuxOnly], pod created with an initial fsgroup, new pod fsgroup applied to volume contents" classname="Kubernetes e2e suite" status="skipped" time="0">
              <skipped message="skipped"></skipped>
          </testcase>
          <testcase name="[It] [sig-storage] In-tree Volumes [Driver: rbd] [Feature:Volumes] [Serial] [Testpattern: Pre-provisioned PV (block volmode)] multiVolume [Slow] should access to two volumes with different volume mode and retain data across pod recreation on the same node" classname="Kubernetes e2e suite" status="skipped" time="0">
              <skipped message="skipped"></skipped>
          </testcase>
          <testcase name="[It] [sig-storage] CSI Volumes [Driver: csi-hostpath] [Testpattern: Dynamic PV (ntfs)] [Feature:Windows] provisioning should provision storage with pvc data source" classname="Kubernetes e2e suite" status="skipped" time="0">
              <skipped message="skipped"></skipped>
          </testcase>
          <testcase name="[It] [sig-storage] In-tree Volumes [Driver: hostPathSymlink] [Testpattern: Dynamic PV (ntfs)] [Feature:Windows] provisioning should provision storage with mount options" classname="Kubernetes e2e suite" status="skipped" time="0">
              <skipped message="skipped"></skipped>
          </testcase>
          <testcase name="[It] [sig-storage] CSI Volumes [Driver: pd.csi.storage.gke.io] [Serial] [Testpattern: Pre-provisioned PV (default fs)] volumes should allow exec of files on the volume" classname="Kubernetes e2e suite" status="skipped" time="0">
              <skipped message="skipped"></skipped>
          </testcase>
          <testcase name="[It] [sig-storage] In-tree Volumes [Driver: hostPath] [Testpattern: Dynamic PV (immediate binding)] topology should provision a volume and schedule a pod with AllowedTopologies" classname="Kubernetes e2e suite" status="skipped" time="0">
              <skipped message="skipped"></skipped>
          </testcase>
          <testcase name="[It] [sig-storage] In-tree Volumes [Driver: local] [LocalVolumeType: dir-bindmounted] [Testpattern: Dynamic PV (ntfs)] [Feature:Windows] subPath should unmount if pod is force deleted while kubelet is down [Disruptive] [Slow] [LinuxOnly]" classname="Kubernetes e2e suite" status="skipped" time="0">
              <skipped message="skipped"></skipped>
          </testcase>
          <testcase name="[It] [sig-storage] In-tree Volumes [Driver: local] [LocalVolumeType: gce-localssd-scsi-fs] [Serial] [Testpattern: Inline-volume (default fs)] subPath should support readOnly directory specified in the volumeMount" classname="Kubernetes e2e suite" status="skipped" time="0">
              <skipped message="skipped"></skipped>
          </testcase>
          <testcase name="[It] [sig-storage] PersistentVolumes-local [Volume type: gce-localssd-scsi-fs] [Serial] Set fsGroup for local volume should set fsGroup for one pod [Slow]" classname="Kubernetes e2e suite" status="skipped" time="0">
              <skipped message="skipped"></skipped>
          </testcase>
          <testcase name="[It] [sig-storage] In-tree Volumes [Driver: local] [LocalVolumeType: gce-localssd-scsi-fs] [Serial] [Testpattern: Dynamic PV (default fs)] provisioning should provision storage with snapshot data source [Feature:VolumeSnapshotDataSource]" classname="Kubernetes e2e suite" status="skipped" time="0">
              <skipped message="skipped"></skipped>
          </testcase>
          <testcase name="[It] [sig-node] Pod InPlace Resize Container [Feature:InPlacePodVerticalScaling] Burstable QoS pod, three containers - no change for c1, increase c2 resources, decrease c3 (net decrease for pod)" classname="Kubernetes e2e suite" status="skipped" time="0">
              <skipped message="skipped"></skipped>
          </testcase>
          <testcase name="[It] [sig-storage] In-tree Volumes [Driver: azure-disk] [Testpattern: Dynamic PV (default fs)] subPath should support existing directory" classname="Kubernetes e2e suite" status="skipped" time="0">
              <skipped message="skipped"></skipped>
          </testcase>
          <testcase name="[It] [sig-storage] In-tree Volumes [Driver: local] [LocalVolumeType: blockfs] [Testpattern: Dynamic PV (filesystem volmode)] multiVolume [Slow] should access to two volumes with different volume mode and retain data across pod recreation on the same node" classname="Kubernetes e2e suite" status="skipped" time="0">
              <skipped message="skipped"></skipped>
          </testcase>
          <testcase name="[It] [sig-storage] In-tree Volumes [Driver: local] [LocalVolumeType: gce-localssd-scsi-fs] [Serial] [Testpattern: Dynamic PV (default fs)] subPath should fail if subpath directory is outside the volume [Slow] [LinuxOnly]" classname="Kubernetes e2e suite" status="skipped" time="0">
              <skipped message="skipped"></skipped>
          </testcase>
          <testcase name="[It] [sig-network] [Feature:IPv6DualStack] should create service with ipv4 cluster ip" classname="Kubernetes e2e suite" status="skipped" time="0">
              <skipped message="skipped"></skipped>
          </testcase>
          <testcase name="[It] [sig-storage] In-tree Volumes [Driver: azure-disk] [Testpattern: Pre-provisioned PV (filesystem volmode)] disruptive [Disruptive] [LinuxOnly] Should test that pv used in a pod that is force deleted while the kubelet is down is usable by a new pod when kubelet returns [Feature:SELinux]" classname="Kubernetes e2e suite" status="skipped" time="0">
              <skipped message="skipped"></skipped>
          </testcase>
          <testcase name="[It] [sig-storage] In-tree Volumes [Driver: cinder] [Testpattern: Dynamic PV (block volmode)] multiVolume [Slow] should concurrently access the volume and its clone from pods on the same node [LinuxOnly] [Feature:VolumeSourceXFS]" classname="Kubernetes e2e suite" status="skipped" time="0">
              <skipped message="skipped"></skipped>
          </testcase>
          <testcase name="[It] [sig-storage] In-tree Volumes [Driver: emptydir] [Testpattern: Inline-volume (ext4)] volumes should allow exec of files on the volume" classname="Kubernetes e2e suite" status="skipped" time="0">
              <skipped message="skipped"></skipped>
          </testcase>
          <testcase name="[It] [sig-storage] In-tree Volumes [Driver: local] [LocalVolumeType: block] [Testpattern: Dynamic PV (block volmode)] provisioning should provision storage with pvc data source (ROX mode)" classname="Kubernetes e2e suite" status="skipped" time="0">
              <skipped message="skipped"></skipped>
          </testcase>
          <testcase name="[It] [sig-storage] In-tree Volumes [Driver: cinder] [Testpattern: Dynamic PV (ntfs)] [Feature:Windows] subPath should fail if subpath directory is outside the volume [Slow] [LinuxOnly]" classname="Kubernetes e2e suite" status="skipped" time="0">
              <skipped message="skipped"></skipped>
          </testcase>
          <testcase name="[It] [sig-storage] In-tree Volumes [Driver: azure-disk] [Testpattern: Dynamic PV (ntfs)] [Feature:Windows] subPath should fail if subpath with backstepping is outside the volume [Slow] [LinuxOnly]" classname="Kubernetes e2e suite" status="skipped" time="0">
              <skipped message="skipped"></skipped>
          </testcase>
          <testcase name="[It] [sig-storage] In-tree Volumes [Driver: azure-file] [Testpattern: Dynamic PV (block volmode)] disruptive [Disruptive] [LinuxOnly] Should test that pv used in a pod that is force deleted while the kubelet is down cleans up when the kubelet returns." classname="Kubernetes e2e suite" status="skipped" time="0">
              <skipped message="skipped"></skipped>
          </testcase>
          <testcase name="[It] [sig-storage] In-tree Volumes [Driver: hostPathSymlink] [Testpattern: Inline-volume (default fs)] subPath should unmount if pod is force deleted while kubelet is down [Disruptive] [Slow] [LinuxOnly]" classname="Kubernetes e2e suite" status="skipped" time="0">
              <skipped message="skipped"></skipped>
          </testcase>
          <testcase name="[It] [sig-storage] In-tree Volumes [Driver: local] [LocalVolumeType: dir] [Testpattern: Generic Ephemeral-volume (default fs) (late-binding)] ephemeral should create read-only inline ephemeral volume" classname="Kubernetes e2e suite" status="skipped" time="0">
              <skipped message="skipped"></skipped>
          </testcase>
          <testcase name="[It] [sig-network] Netpol NetworkPolicy between server and client should enforce policies to check ingress and egress policies can be controlled independently based on PodSelector [Feature:NetworkPolicy]" classname="Kubernetes e2e suite" status="skipped" time="0">
              <skipped message="skipped"></skipped>
          </testcase>
          <testcase name="[It] [sig-storage] In-tree Volumes [Driver: vsphere] [Testpattern: Dynamic PV (default fs)] volumes should allow exec of files on the volume" classname="Kubernetes e2e suite" status="skipped" time="0">
              <skipped message="skipped"></skipped>
          </testcase>
          <testcase name="[It] [sig-storage] Storage Policy Based Volume Provisioning [Feature:vsphere] verify VSAN storage capability with non-vsan datastore is not honored for dynamically provisioned pvc using storageclass" classname="Kubernetes e2e suite" status="skipped" time="0">
              <skipped message="skipped"></skipped>
          </testcase>
          <testcase name="[It] [sig-storage] In-tree Volumes [Driver: local] [LocalVolumeType: dir-link-bindmounted] [Testpattern: Dynamic PV (default fs)] fsgroupchangepolicy (OnRootMismatch)[LinuxOnly], pod created with an initial fsgroup, volume contents ownership changed via chgrp in first pod, new pod with same fsgroup skips ownership changes to the volume contents" classname="Kubernetes e2e suite" status="skipped" time="0">
              <skipped message="skipped"></skipped>
          </testcase>
          <testcase name="[It] [sig-storage] In-tree Volumes [Driver: hostPathSymlink] [Testpattern: Pre-provisioned PV (xfs)] [Slow] volumes should allow exec of files on the volume" classname="Kubernetes e2e suite" status="skipped" time="0">
              <skipped message="skipped"></skipped>
          </testcase>
          <testcase name="[It] [sig-storage] In-tree Volumes [Driver: cinder] [Testpattern: Dynamic PV (default fs)] subPath should support readOnly file specified in the volumeMount [LinuxOnly]" classname="Kubernetes e2e suite" status="skipped" time="0">
              <skipped message="skipped"></skipped>
          </testcase>
          <testcase name="[It] [sig-node] DRA [Feature:DynamicResourceAllocation] cluster with delayed allocation and setting ReservedFor supports init containers" classname="Kubernetes e2e suite" status="skipped" time="0">
              <skipped message="skipped"></skipped>
          </testcase>
          <testcase name="[It] [sig-storage] In-tree Volumes [Driver: vsphere] [Testpattern: Pre-provisioned PV (block volmode)] multiVolume [Slow] should access to two volumes with different volume mode and retain data across pod recreation on different node" classname="Kubernetes e2e suite" status="skipped" time="0">
              <skipped message="skipped"></skipped>
          </testcase>
          <testcase name="[It] [sig-storage] In-tree Volumes [Driver: local] [LocalVolumeType: dir-bindmounted] [Testpattern: Dynamic PV (filesystem volmode)] multiVolume [Slow] should access to two volumes with different volume mode and retain data across pod recreation on the same node" classname="Kubernetes e2e suite" status="skipped" time="0">
              <skipped message="skipped"></skipped>
          </testcase>
          <testcase name="[It] [sig-storage] CSI Volumes [Driver: csi-hostpath] [Testpattern: Pre-provisioned PV (default fs)] subPath should support existing directory" classname="Kubernetes e2e suite" status="skipped" time="0">
              <skipped message="skipped"></skipped>
          </testcase>
          <testcase name="[It] [sig-storage] In-tree Volumes [Driver: ceph] [Feature:Volumes] [Serial] [Testpattern: Pre-provisioned PV (default fs)] subPath should fail if non-existent subpath is outside the volume [Slow] [LinuxOnly]" classname="Kubernetes e2e suite" status="skipped" time="0">
              <skipped message="skipped"></skipped>
          </testcase>
          <testcase name="[It] [sig-storage] In-tree Volumes [Driver: local] [LocalVolumeType: gce-localssd-scsi-fs] [Serial] [Testpattern: Dynamic PV (default fs)] fsgroupchangepolicy (Always)[LinuxOnly], pod created with an initial fsgroup, volume contents ownership changed via chgrp in first pod, new pod with different fsgroup applied to the volume contents" classname="Kubernetes e2e suite" status="skipped" time="0">
              <skipped message="skipped"></skipped>
          </testcase>
          <testcase name="[It] [sig-storage] In-tree Volumes [Driver: vsphere] [Testpattern: Dynamic PV (block volmode)] provisioning should provision storage with pvc data source (ROX mode)" classname="Kubernetes e2e suite" status="skipped" time="0">
              <skipped message="skipped"></skipped>
          </testcase>
          <testcase name="[It] [sig-storage] CSI Volumes [Driver: csi-hostpath] [Testpattern: Dynamic PV (ntfs)] [Feature:Windows] subPath should support file as subpath [LinuxOnly]" classname="Kubernetes e2e suite" status="skipped" time="0">
              <skipped message="skipped"></skipped>
          </testcase>
          <testcase name="[It] [sig-storage] In-tree Volumes [Driver: hostPathSymlink] [Testpattern: Dynamic PV (default fs)] fsgroupchangepolicy (OnRootMismatch)[LinuxOnly], pod created with an initial fsgroup, volume contents ownership changed via chgrp in first pod, new pod with different fsgroup applied to the volume contents" classname="Kubernetes e2e suite" status="skipped" time="0">
              <skipped message="skipped"></skipped>
          </testcase>
          <testcase name="[It] [sig-storage] In-tree Volumes [Driver: local] [LocalVolumeType: gce-localssd-scsi-fs] [Serial] [Testpattern: Dynamic PV (ext4)] multiVolume [Slow] should concurrently access the single read-only volume from pods on the same node" classname="Kubernetes e2e suite" status="skipped" time="0">
              <skipped message="skipped"></skipped>
          </testcase>
          <testcase name="[It] [sig-storage] In-tree Volumes [Driver: local] [LocalVolumeType: dir-link] [Testpattern: Dynamic PV (filesystem volmode)] disruptive [Disruptive] [LinuxOnly] Should test that pv used in a pod that is force deleted while the kubelet is down is usable by a new pod with a different SELinux context when kubelet returns [Feature:SELinux]" classname="Kubernetes e2e suite" status="skipped" time="0">
              <skipped message="skipped"></skipped>
          </testcase>
          <testcase name="[It] [sig-storage] In-tree Volumes [Driver: azure-disk] [Testpattern: Pre-provisioned PV (filesystem volmode)] volumeMode should not mount / map unused volumes in a pod [LinuxOnly]" classname="Kubernetes e2e suite" status="skipped" time="0">
              <skipped message="skipped"></skipped>
          </testcase>
          <testcase name="[It] [sig-node] Ephemeral Containers [NodeConformance] should update the ephemeral containers in an existing pod [Conformance]" classname="Kubernetes e2e suite" status="passed" time="4.23726038"></testcase>
          <testcase name="[It] [sig-storage] In-tree Volumes [Driver: vsphere] [Testpattern: Dynamic PV (default fs)] provisioning should provision storage with pvc data source" classname="Kubernetes e2e suite" status="skipped" time="0">
              <skipped message="skipped"></skipped>
          </testcase>
          <testcase name="[It] [sig-node] Pods should support remote command execution over websockets [NodeConformance] [Conformance]" classname="Kubernetes e2e suite" status="passed" time="2.21379833"></testcase>
          <testcase name="[It] [sig-storage] In-tree Volumes [Driver: emptydir] [Testpattern: Pre-provisioned PV (default fs)] subPath should unmount if pod is force deleted while kubelet is down [Disruptive] [Slow] [LinuxOnly]" classname="Kubernetes e2e suite" status="skipped" time="0">
              <skipped message="skipped"></skipped>
          </testcase>
          <testcase name="[It] [sig-storage] In-tree Volumes [Driver: iscsi] [Feature:Volumes] [Testpattern: Pre-provisioned PV (default fs)] subPath should fail if non-existent subpath is outside the volume [Slow] [LinuxOnly]" classname="Kubernetes e2e suite" status="skipped" time="0">
              <skipped message="skipped"></skipped>
          </testcase>
          <testcase name="[It] [sig-storage] In-tree Volumes [Driver: nfs] [Testpattern: Dynamic PV (ntfs)] [Feature:Windows] multiVolume [Slow] should access to two volumes with the same volume mode and retain data across pod recreation on the same node" classname="Kubernetes e2e suite" status="skipped" time="0">
              <skipped message="skipped"></skipped>
          </testcase>
          <testcase name="[It] [sig-apps] ReplicaSet should serve a basic image on each replica with a private image" classname="Kubernetes e2e suite" status="skipped" time="0">
              <skipped message="skipped"></skipped>
          </testcase>
          <testcase name="[It] [sig-storage] In-tree Volumes [Driver: local] [LocalVolumeType: dir-link] [Testpattern: Inline-volume (default fs)] subPath should support restarting containers using file as subpath [Slow] [LinuxOnly]" classname="Kubernetes e2e suite" status="skipped" time="0">
              <skipped message="skipped"></skipped>
          </testcase>
          <testcase name="[It] [sig-storage] In-tree Volumes [Driver: rbd] [Feature:Volumes] [Serial] [Testpattern: Inline-volume (default fs)] subPath should support file as subpath [LinuxOnly]" classname="Kubernetes e2e suite" status="skipped" time="0">
              <skipped message="skipped"></skipped>
          </testcase>
          <testcase name="[It] [sig-storage] Zone Support [Feature:vsphere] Verify PVC creation with incompatible storagePolicy and zone combination specified in storage class fails" classname="Kubernetes e2e suite" status="skipped" time="0">
              <skipped message="skipped"></skipped>
          </testcase>
          <testcase name="[It] [sig-node] [NodeAlphaFeature:SidecarContainers] [Feature:SidecarContainers] Probing restartable init container should mark readiness on pods to false and disable liveness probes while pod is in progress of terminating" classname="Kubernetes e2e suite" status="skipped" time="0">
              <skipped message="skipped"></skipped>
          </testcase>
          <testcase name="[It] [sig-storage] In-tree Volumes [Driver: local] [LocalVolumeType: tmpfs] [Testpattern: Pre-provisioned PV (default fs)] subPath should unmount if pod is force deleted while kubelet is down [Disruptive] [Slow] [LinuxOnly]" classname="Kubernetes e2e suite" status="skipped" time="0">
              <skipped message="skipped"></skipped>
          </testcase>
          <testcase name="[It] [sig-storage] In-tree Volumes [Driver: hostPath] [Testpattern: Generic Ephemeral-volume (default fs)] volumeLimits should verify that all csinodes have volume limits" classname="Kubernetes e2e suite" status="skipped" time="0">
              <skipped message="skipped"></skipped>
          </testcase>
          <testcase name="[It] [sig-storage] In-tree Volumes [Driver: ceph] [Feature:Volumes] [Serial] [Testpattern: Generic Ephemeral-volume (default fs) (immediate-binding)] ephemeral should support multiple inline ephemeral volumes" classname="Kubernetes e2e suite" status="skipped" time="0">
              <skipped message="skipped"></skipped>
          </testcase>
          <testcase name="[It] [sig-storage] In-tree Volumes [Driver: azure-disk] [Testpattern: Pre-provisioned PV (default fs)] subPath should be able to unmount after the subpath directory is deleted [LinuxOnly]" classname="Kubernetes e2e suite" status="skipped" time="0">
              <skipped message="skipped"></skipped>
          </testcase>
          <testcase name="[It] [sig-storage] In-tree Volumes [Driver: emptydir] [Testpattern: Dynamic PV (default fs)] capacity provides storage capacity information" classname="Kubernetes e2e suite" status="skipped" time="0">
              <skipped message="skipped"></skipped>
          </testcase>
          <testcase name="[It] [sig-storage] In-tree Volumes [Driver: local] [LocalVolumeType: dir] [Testpattern: Dynamic PV (default fs)(allowExpansion)] volume-expand should resize volume when PVC is edited while pod is using it" classname="Kubernetes e2e suite" status="skipped" time="0">
              <skipped message="skipped"></skipped>
          </testcase>
          <testcase name="[It] [sig-storage] In-tree Volumes [Driver: local] [LocalVolumeType: tmpfs] [Testpattern: Dynamic PV (ntfs)] [Feature:Windows] multiVolume [Slow] should access to two volumes with the same volume mode and retain data across pod recreation on different node" classname="Kubernetes e2e suite" status="skipped" time="0">
              <skipped message="skipped"></skipped>
          </testcase>
          <testcase name="[It] [sig-storage] CSI Volumes [Driver: pd.csi.storage.gke.io] [Serial] [Testpattern: Dynamic PV (default fs)] subPath should unmount if pod is force deleted while kubelet is down [Disruptive] [Slow] [LinuxOnly]" classname="Kubernetes e2e suite" status="skipped" time="0">
              <skipped message="skipped"></skipped>
          </testcase>
          <testcase name="[It] [sig-storage] In-tree Volumes [Driver: azure-file] [Testpattern: Dynamic PV (default fs)] subPath should fail if non-existent subpath is outside the volume [Slow] [LinuxOnly]" classname="Kubernetes e2e suite" status="skipped" time="0">
              <skipped message="skipped"></skipped>
          </testcase>
          <testcase name="[It] [sig-node] Downward API should provide host IP as an env var [NodeConformance] [Conformance]" classname="Kubernetes e2e suite" status="passed" time="4.108755374"></testcase>
          <testcase name="[It] [sig-storage] In-tree Volumes [Driver: rbd] [Feature:Volumes] [Serial] [Testpattern: Dynamic PV (filesystem volmode)] disruptive [Disruptive] [LinuxOnly] Should test that pv used in a pod that is force deleted while the kubelet is down is usable by a new pod when kubelet returns [Feature:SELinux]" classname="Kubernetes e2e suite" status="skipped" time="0">
              <skipped message="skipped"></skipped>
          </testcase>
          <testcase name="[It] [sig-storage] In-tree Volumes [Driver: iscsi] [Feature:Volumes] [Testpattern: Dynamic PV (filesystem volmode)] multiVolume [Slow] should concurrently access the single volume from pods on the same node" classname="Kubernetes e2e suite" status="skipped" time="0">
              <skipped message="skipped"></skipped>
          </testcase>
          <testcase name="[It] [sig-storage] In-tree Volumes [Driver: emptydir] [Testpattern: Dynamic PV (ext4)] multiVolume [Slow] should concurrently access the single volume from pods on the same node" classname="Kubernetes e2e suite" status="skipped" time="0">
              <skipped message="skipped"></skipped>
          </testcase>
          <testcase name="[It] [sig-storage] In-tree Volumes [Driver: azure-disk] [Testpattern: Dynamic PV (ext4)] multiVolume [Slow] should access to two volumes with different volume mode and retain data across pod recreation on different node" classname="Kubernetes e2e suite" status="skipped" time="0">
              <skipped message="skipped"></skipped>
          </testcase>
          <testcase name="[It] [sig-storage] CSI Volumes [Driver: pd.csi.storage.gke.io] [Serial] [Testpattern: Dynamic PV (default fs)] provisioning should provision storage with pvc data source (ROX mode)" classname="Kubernetes e2e suite" status="skipped" time="0">
              <skipped message="skipped"></skipped>
          </testcase>
          <testcase name="[It] [sig-storage] In-tree Volumes [Driver: iscsi] [Feature:Volumes] [Testpattern: Dynamic PV (xfs)] [Slow] multiVolume [Slow] should access to two volumes with different volume mode and retain data across pod recreation on the same node" classname="Kubernetes e2e suite" status="skipped" time="0">
              <skipped message="skipped"></skipped>
          </testcase>
          <testcase name="[It] [sig-storage] In-tree Volumes [Driver: azure-file] [Testpattern: Dynamic PV (filesystem volmode)] multiVolume [Slow] should concurrently access the single volume from pods on the same node" classname="Kubernetes e2e suite" status="skipped" time="0">
              <skipped message="skipped"></skipped>
          </testcase>
          <testcase name="[It] [sig-storage] In-tree Volumes [Driver: cinder] [Testpattern: Dynamic PV (default fs)] provisioning should mount multiple PV pointing to the same storage on the same node" classname="Kubernetes e2e suite" status="skipped" time="0">
              <skipped message="skipped"></skipped>
          </testcase>
          <testcase name="[It] [sig-storage] In-tree Volumes [Driver: cinder] [Testpattern: Dynamic PV (block volmode)] volume-expand should not allow expansion of pvcs without AllowVolumeExpansion property" classname="Kubernetes e2e suite" status="skipped" time="0">
              <skipped message="skipped"></skipped>
          </testcase>
          <testcase name="[It] [sig-api-machinery] CustomResourceValidationRules [Privileged:ClusterAdmin] MUST fail create of a custom resource definition that contains an x-kubernetes-validations rule that exceeds the estimated cost limit" classname="Kubernetes e2e suite" status="skipped" time="0">
              <skipped message="skipped"></skipped>
          </testcase>
          <testcase name="[It] [sig-storage] In-tree Volumes [Driver: aws] [Testpattern: Pre-provisioned PV (ext4)] volumes should store data" classname="Kubernetes e2e suite" status="skipped" time="0">
              <skipped message="skipped"></skipped>
          </testcase>
          <testcase name="[It] [sig-storage] In-tree Volumes [Driver: nfs] [Testpattern: Dynamic PV (filesystem volmode)] volumeMode should fail to use a volume in a pod with mismatched mode [Slow]" classname="Kubernetes e2e suite" status="skipped" time="0">
              <skipped message="skipped"></skipped>
          </testcase>
          <testcase name="[It] [sig-storage] In-tree Volumes [Driver: local] [LocalVolumeType: tmpfs] [Testpattern: Dynamic PV (block volmode)] disruptive [Disruptive] [LinuxOnly] Should test that pv used in a pod that is deleted while the kubelet is down cleans up when the kubelet returns." classname="Kubernetes e2e suite" status="skipped" time="0">
              <skipped message="skipped"></skipped>
          </testcase>
          <testcase name="[It] [sig-storage] In-tree Volumes [Driver: aws] [Testpattern: Pre-provisioned PV (block volmode)] volumes should store data" classname="Kubernetes e2e suite" status="skipped" time="0">
              <skipped message="skipped"></skipped>
          </testcase>
          <testcase name="[It] [sig-storage] In-tree Volumes [Driver: local] [LocalVolumeType: dir-link] [Testpattern: Pre-provisioned PV (default fs)] subPath should support existing directory" classname="Kubernetes e2e suite" status="skipped" time="0">
              <skipped message="skipped"></skipped>
          </testcase>
          <testcase name="[It] [sig-storage] In-tree Volumes [Driver: azure-disk] [Testpattern: Dynamic PV (block volmode)] volumes should store data" classname="Kubernetes e2e suite" status="skipped" time="0">
              <skipped message="skipped"></skipped>
          </testcase>
          <testcase name="[It] [sig-network] Services should implement service.kubernetes.io/service-proxy-name" classname="Kubernetes e2e suite" status="skipped" time="0">
              <skipped message="skipped"></skipped>
          </testcase>
          <testcase name="[It] [sig-storage] In-tree Volumes [Driver: local] [LocalVolumeType: blockfs] [Testpattern: Pre-provisioned PV (filesystem volmode)] disruptive [Disruptive] [LinuxOnly] Should test that pv used in a pod that is deleted while the kubelet is down is usable by a new pod with a different SELinux context when kubelet returns [Feature:SELinux]" classname="Kubernetes e2e suite" status="skipped" time="0">
              <skipped message="skipped"></skipped>
          </testcase>
          <testcase name="[It] [sig-storage] In-tree Volumes [Driver: local] [LocalVolumeType: block] [Testpattern: Generic Ephemeral-volume (default fs) (late-binding)] ephemeral should support multiple inline ephemeral volumes" classname="Kubernetes e2e suite" status="skipped" time="0">
              <skipped message="skipped"></skipped>
          </testcase>
          <testcase name="[It] [sig-storage] CSI Mock volume storage capacity CSIStorageCapacity CSIStorageCapacity disabled" classname="Kubernetes e2e suite" status="skipped" time="0">
              <skipped message="skipped"></skipped>
          </testcase>
          <testcase name="[It] [sig-storage] In-tree Volumes [Driver: hostPathSymlink] [Testpattern: Dynamic PV (default fs)] provisioning should mount multiple PV pointing to the same storage on the same node" classname="Kubernetes e2e suite" status="skipped" time="0">
              <skipped message="skipped"></skipped>
          </testcase>
          <testcase name="[It] [sig-storage] In-tree Volumes [Driver: cinder] [Testpattern: Dynamic PV (default fs)] subPath should support creating multiple subpath from same volumes [Slow]" classname="Kubernetes e2e suite" status="skipped" time="0">
              <skipped message="skipped"></skipped>
          </testcase>
          <testcase name="[It] [sig-storage] In-tree Volumes [Driver: azure-disk] [Testpattern: Dynamic PV (default fs)] subPath should fail if subpath file is outside the volume [Slow] [LinuxOnly]" classname="Kubernetes e2e suite" status="skipped" time="0">
              <skipped message="skipped"></skipped>
          </testcase>
          <testcase name="[It] [sig-cli] Kubectl client Kubectl expose should create services for rc [Conformance]" classname="Kubernetes e2e suite" status="passed" time="6.589153122"></testcase>
          <testcase name="[It] [sig-storage] In-tree Volumes [Driver: local] [LocalVolumeType: dir-link] [Testpattern: Dynamic PV (default fs)] subPath should fail if non-existent subpath is outside the volume [Slow] [LinuxOnly]" classname="Kubernetes e2e suite" status="skipped" time="0">
              <skipped message="skipped"></skipped>
          </testcase>
          <testcase name="[It] [sig-storage] In-tree Volumes [Driver: local] [LocalVolumeType: block] [Testpattern: Dynamic PV (default fs)] volumeIO should write files of various sizes, verify size, validate content [Slow]" classname="Kubernetes e2e suite" status="skipped" time="0">
              <skipped message="skipped"></skipped>
          </testcase>
          <testcase name="[It] [sig-storage] CSI Volumes [Driver: csi-hostpath] [Testpattern: Dynamic PV (filesystem volmode)] multiVolume [Slow] should access to two volumes with the same volume mode and retain data across pod recreation on different node" classname="Kubernetes e2e suite" status="skipped" time="0">
              <skipped message="skipped"></skipped>
          </testcase>
          <testcase name="[It] [sig-storage] In-tree Volumes [Driver: local] [LocalVolumeType: blockfs] [Testpattern: Inline-volume (default fs)] subPath should be able to unmount after the subpath directory is deleted [LinuxOnly]" classname="Kubernetes e2e suite" status="skipped" time="0">
              <skipped message="skipped"></skipped>
          </testcase>
          <testcase name="[It] [sig-windows] [Feature:Windows] SecurityContext should override SecurityContext username if set" classname="Kubernetes e2e suite" status="skipped" time="0">
              <skipped message="skipped"></skipped>
          </testcase>
          <testcase name="[It] [sig-storage] In-tree Volumes [Driver: emptydir] [Testpattern: Dynamic PV (ntfs)] [Feature:Windows] multiVolume [Slow] should access to two volumes with different volume mode and retain data across pod recreation on the same node" classname="Kubernetes e2e suite" status="skipped" time="0">
              <skipped message="skipped"></skipped>
          </testcase>
          <testcase name="[It] [sig-storage] PersistentVolumes-local [Volume type: gce-localssd-scsi-fs] [Serial] Set fsGroup for local volume should set different fsGroup for second pod if first pod is deleted [Flaky]" classname="Kubernetes e2e suite" status="skipped" time="0">
              <skipped message="skipped"></skipped>
          </testcase>
          <testcase name="[It] [sig-storage] CSI Volumes [Driver: pd.csi.storage.gke.io] [Serial] [Testpattern: Dynamic PV (default fs)] provisioning should provision storage with pvc data source in parallel [Slow]" classname="Kubernetes e2e suite" status="skipped" time="0">
              <skipped message="skipped"></skipped>
          </testcase>
          <testcase name="[It] [sig-storage] In-tree Volumes [Driver: local] [LocalVolumeType: dir-link-bindmounted] [Testpattern: Pre-provisioned PV (filesystem volmode)] multiVolume [Slow] should access to two volumes with the same volume mode and retain data across pod recreation on the same node" classname="Kubernetes e2e suite" status="skipped" time="0">
              <skipped message="skipped"></skipped>
          </testcase>
          <testcase name="[It] [sig-storage] In-tree Volumes [Driver: local] [LocalVolumeType: dir-link] [Testpattern: Generic Ephemeral-volume (default fs) (late-binding)] ephemeral should support expansion of pvcs created for ephemeral pvcs" classname="Kubernetes e2e suite" status="skipped" time="0">
              <skipped message="skipped"></skipped>
          </testcase>
          <testcase name="[It] [sig-cli] Kubectl Port forwarding With a server listening on localhost that expects NO client request should support a client that connects, sends DATA, and disconnects" classname="Kubernetes e2e suite" status="skipped" time="0">
              <skipped message="skipped"></skipped>
          </testcase>
          <testcase name="[It] [sig-storage] In-tree Volumes [Driver: hostPathSymlink] [Testpattern: Dynamic PV (default fs)] provisioning should provision storage with snapshot data source (ROX mode) [Feature:VolumeSnapshotDataSource]" classname="Kubernetes e2e suite" status="skipped" time="0">
              <skipped message="skipped"></skipped>
          </testcase>
          <testcase name="[It] [sig-storage] In-tree Volumes [Driver: local] [LocalVolumeType: blockfs] [Testpattern: Dynamic PV (filesystem volmode)] disruptive [Disruptive] [LinuxOnly] Should test that pv used in a pod that is deleted while the kubelet is down is usable by a new pod with a different SELinux context when kubelet returns [Feature:SELinux]" classname="Kubernetes e2e suite" status="skipped" time="0">
              <skipped message="skipped"></skipped>
          </testcase>
          <testcase name="[It] [sig-storage] In-tree Volumes [Driver: local] [LocalVolumeType: tmpfs] [Testpattern: Dynamic PV (block volmode)] multiVolume [Slow] should concurrently access the single volume from pods on different node" classname="Kubernetes e2e suite" status="skipped" time="0">
              <skipped message="skipped"></skipped>
          </testcase>
          <testcase name="[It] [sig-storage] In-tree Volumes [Driver: emptydir] [Testpattern: Dynamic PV (ntfs)] [Feature:Windows] multiVolume [Slow] should access to two volumes with the same volume mode and retain data across pod recreation on the same node" classname="Kubernetes e2e suite" status="skipped" time="0">
              <skipped message="skipped"></skipped>
          </testcase>
          <testcase name="[It] [sig-storage] In-tree Volumes [Driver: nfs] [Testpattern: Dynamic PV (ntfs)] [Feature:Windows] subPath should support readOnly file specified in the volumeMount [LinuxOnly]" classname="Kubernetes e2e suite" status="skipped" time="0">
              <skipped message="skipped"></skipped>
          </testcase>
          <testcase name="[It] [sig-network] DNS configMap nameserver Forward external name lookup should forward externalname lookup to upstream nameserver [Slow] [Serial]" classname="Kubernetes e2e suite" status="skipped" time="0">
              <skipped message="skipped"></skipped>
          </testcase>
          <testcase name="[It] [sig-storage] In-tree Volumes [Driver: azure-file] [Testpattern: Generic Ephemeral-volume (default fs)] volumeLimits should support volume limits [Serial]" classname="Kubernetes e2e suite" status="skipped" time="0">
              <skipped message="skipped"></skipped>
          </testcase>
          <testcase name="[It] [sig-storage] In-tree Volumes [Driver: azure-file] [Testpattern: Inline-volume (default fs)] subPath should support existing directory" classname="Kubernetes e2e suite" status="skipped" time="0">
              <skipped message="skipped"></skipped>
          </testcase>
          <testcase name="[It] [sig-storage] In-tree Volumes [Driver: ceph] [Feature:Volumes] [Serial] [Testpattern: Dynamic PV (immediate binding)] topology should fail to schedule a pod which has topologies that conflict with AllowedTopologies" classname="Kubernetes e2e suite" status="skipped" time="0">
              <skipped message="skipped"></skipped>
          </testcase>
          <testcase name="[It] [sig-storage] In-tree Volumes [Driver: local] [LocalVolumeType: blockfs] [Testpattern: Dynamic PV (default fs)] subPath should support existing directories when readOnly specified in the volumeSource" classname="Kubernetes e2e suite" status="skipped" time="0">
              <skipped message="skipped"></skipped>
          </testcase>
          <testcase name="[It] [sig-node] Pods Extended Pod Container Status should never report success for a pending container" classname="Kubernetes e2e suite" status="skipped" time="0">
              <skipped message="skipped"></skipped>
          </testcase>
          <testcase name="[It] [sig-storage] In-tree Volumes [Driver: local] [LocalVolumeType: tmpfs] [Testpattern: Generic Ephemeral-volume (block volmode) (late-binding)] ephemeral should support multiple inline ephemeral volumes" classname="Kubernetes e2e suite" status="skipped" time="0">
              <skipped message="skipped"></skipped>
          </testcase>
          <testcase name="[It] [sig-storage] In-tree Volumes [Driver: local] [LocalVolumeType: gce-localssd-scsi-fs] [Serial] [Testpattern: Dynamic PV (block volmode)(allowExpansion)] volume-expand should resize volume when PVC is edited while pod is using it" classname="Kubernetes e2e suite" status="skipped" time="0">
              <skipped message="skipped"></skipped>
          </testcase>
          <testcase name="[It] [sig-storage] In-tree Volumes [Driver: local] [LocalVolumeType: dir-bindmounted] [Testpattern: Dynamic PV (ext4)] multiVolume [Slow] should concurrently access the single volume from pods on the same node" classname="Kubernetes e2e suite" status="skipped" time="0">
              <skipped message="skipped"></skipped>
          </testcase>
          <testcase name="[It] [sig-scheduling] SchedulerPreemption [Serial] validates basic preemption works [Conformance]" classname="Kubernetes e2e suite" status="passed" time="66.35452569"></testcase>
          <testcase name="[It] [sig-storage] In-tree Volumes [Driver: local] [LocalVolumeType: tmpfs] [Testpattern: Dynamic PV (block volmode)] volumes should store data" classname="Kubernetes e2e suite" status="skipped" time="0">
              <skipped message="skipped"></skipped>
          </testcase>
          <testcase name="[It] [sig-storage] In-tree Volumes [Driver: aws] [Testpattern: Pre-provisioned PV (block volmode)] disruptive [Disruptive] [LinuxOnly] Should test that pv used in a pod that is force deleted while the kubelet is down cleans up when the kubelet returns." classname="Kubernetes e2e suite" status="skipped" time="0">
              <skipped message="skipped"></skipped>
          </testcase>
          <testcase name="[It] [sig-storage] In-tree Volumes [Driver: local] [LocalVolumeType: dir] [Testpattern: Dynamic PV (block volmode)] provisioning should provision storage with pvc data source in parallel [Slow]" classname="Kubernetes e2e suite" status="skipped" time="0">
              <skipped message="skipped"></skipped>
          </testcase>
          <testcase name="[It] [sig-storage] CSI Volumes [Driver: csi-hostpath] [Testpattern: Generic Ephemeral-volume (default fs)] volumeLimits should support volume limits [Serial]" classname="Kubernetes e2e suite" status="skipped" time="0">
              <skipped message="skipped"></skipped>
          </testcase>
          <testcase name="[It] [sig-storage] CSI Mock volume expansion CSI Volume expansion should expand volume by restarting pod if attach=on, nodeExpansion=on" classname="Kubernetes e2e suite" status="skipped" time="0">
              <skipped message="skipped"></skipped>
          </testcase>
          <testcase name="[It] [sig-storage] In-tree Volumes [Driver: azure-file] [Testpattern: Generic Ephemeral-volume (block volmode) (late-binding)] ephemeral should support two pods which have the same volume definition" classname="Kubernetes e2e suite" status="skipped" time="0">
              <skipped message="skipped"></skipped>
          </testcase>
          <testcase name="[It] [sig-storage] In-tree Volumes [Driver: azure-file] [Testpattern: Dynamic PV (block volmode)] multiVolume [Slow] should concurrently access the single volume from pods on different node" classname="Kubernetes e2e suite" status="skipped" time="0">
              <skipped message="skipped"></skipped>
          </testcase>
          <testcase name="[It] [sig-storage] In-tree Volumes [Driver: local] [LocalVolumeType: dir-link-bindmounted] [Testpattern: Inline-volume (ntfs)] [Feature:Windows] volumes should store data" classname="Kubernetes e2e suite" status="skipped" time="0">
              <skipped message="skipped"></skipped>
          </testcase>
          <testcase name="[It] [sig-storage] In-tree Volumes [Driver: azure-disk] [Testpattern: Pre-provisioned PV (default fs)] subPath should support readOnly file specified in the volumeMount [LinuxOnly]" classname="Kubernetes e2e suite" status="skipped" time="0">
              <skipped message="skipped"></skipped>
          </testcase>
          <testcase name="[It] [sig-node] RuntimeClass should reject a Pod requesting a RuntimeClass with an unconfigured handler [NodeFeature:RuntimeHandler]" classname="Kubernetes e2e suite" status="skipped" time="0">
              <skipped message="skipped"></skipped>
          </testcase>
          <testcase name="[It] [sig-node] Security Context when creating containers with AllowPrivilegeEscalation should allow privilege escalation when true [LinuxOnly] [NodeConformance]" classname="Kubernetes e2e suite" status="skipped" time="0">
              <skipped message="skipped"></skipped>
          </testcase>
          <testcase name="[It] [sig-network] Netpol NetworkPolicy between server and client should ensure an IP overlapping both IPBlock.CIDR and IPBlock.Except is allowed [Feature:NetworkPolicy]" classname="Kubernetes e2e suite" status="skipped" time="0">
              <skipped message="skipped"></skipped>
          </testcase>
          <testcase name="[It] [sig-storage] CSI Volumes [Driver: csi-hostpath] [Testpattern: Dynamic PV (filesystem volmode)] multiVolume [Slow] should concurrently access the single volume from pods on the same node" classname="Kubernetes e2e suite" status="skipped" time="0">
              <skipped message="skipped"></skipped>
          </testcase>
          <testcase name="[It] [sig-storage] In-tree Volumes [Driver: azure-file] [Testpattern: Dynamic PV (default fs)] subPath should support existing directory" classname="Kubernetes e2e suite" status="skipped" time="0">
              <skipped message="skipped"></skipped>
          </testcase>
          <testcase name="[It] [sig-storage] CSI Volumes [Driver: pd.csi.storage.gke.io] [Serial] [Testpattern: Dynamic PV (ntfs)] [Feature:Windows] subPath should support readOnly directory specified in the volumeMount" classname="Kubernetes e2e suite" status="skipped" time="0">
              <skipped message="skipped"></skipped>
          </testcase>
          <testcase name="[It] [sig-storage] In-tree Volumes [Driver: local] [LocalVolumeType: block] [Testpattern: Dynamic PV (block volmode)] multiVolume [Slow] should access to two volumes with different volume mode and retain data across pod recreation on different node" classname="Kubernetes e2e suite" status="skipped" time="0">
              <skipped message="skipped"></skipped>
          </testcase>
          <testcase name="[It] [sig-storage] In-tree Volumes [Driver: local] [LocalVolumeType: gce-localssd-scsi-fs] [Serial] [Testpattern: Dynamic PV (default fs)] provisioning should provision correct filesystem size when restoring snapshot to larger size pvc [Feature:VolumeSnapshotDataSource]" classname="Kubernetes e2e suite" status="skipped" time="0">
              <skipped message="skipped"></skipped>
          </testcase>
          <testcase name="[It] [sig-node] kubelet host cleanup with volume mounts [HostCleanup][Flaky] Host cleanup after disrupting NFS volume [NFS] after stopping the nfs-server and deleting the (active) client pod, the NFS mount and the pod&#39;s UID directory should be removed." classname="Kubernetes e2e suite" status="skipped" time="0">
              <skipped message="skipped"></skipped>
          </testcase>
          <testcase name="[It] [sig-storage] In-tree Volumes [Driver: hostPath] [Testpattern: Pre-provisioned PV (filesystem volmode)] multiVolume [Slow] should concurrently access the volume and its clone from pods on the same node [LinuxOnly] [Feature:VolumeSourceXFS]" classname="Kubernetes e2e suite" status="skipped" time="0">
              <skipped message="skipped"></skipped>
          </testcase>
          <testcase name="[It] [sig-network] kube-proxy migration [Feature:KubeProxyDaemonSetMigration] Downgrade kube-proxy from a DaemonSet to static pods should maintain a functioning cluster [Feature:KubeProxyDaemonSetDowngrade]" classname="Kubernetes e2e suite" status="skipped" time="0">
              <skipped message="skipped"></skipped>
          </testcase>
          <testcase name="[It] [sig-storage] In-tree Volumes [Driver: ceph] [Feature:Volumes] [Serial] [Testpattern: Generic Ephemeral-volume (default fs) (late-binding)] ephemeral should support multiple inline ephemeral volumes" classname="Kubernetes e2e suite" status="skipped" time="0">
              <skipped message="skipped"></skipped>
          </testcase>
          <testcase name="[It] [sig-node] DRA [Feature:DynamicResourceAllocation] cluster with delayed allocation and not setting ReservedFor removes reservation from claim when pod is done" classname="Kubernetes e2e suite" status="skipped" time="0">
              <skipped message="skipped"></skipped>
          </testcase>
          <testcase name="[It] [sig-node] Probing container with readiness probe should not be ready before initial delay and never restart [NodeConformance] [Conformance]" classname="Kubernetes e2e suite" status="passed" time="22.112205709"></testcase>
          <testcase name="[It] [sig-storage] In-tree Volumes [Driver: iscsi] [Feature:Volumes] [Testpattern: Dynamic PV (default fs)] fsgroupchangepolicy (Always)[LinuxOnly], pod created with an initial fsgroup, new pod fsgroup applied to volume contents" classname="Kubernetes e2e suite" status="skipped" time="0">
              <skipped message="skipped"></skipped>
          </testcase>
          <testcase name="[It] [sig-node] Pod InPlace Resize Container [Feature:InPlacePodVerticalScaling] Guaranteed QoS pod, three containers (c1, c2, c3) - increase: CPU (c1,c3), memory (c2) ; decrease: CPU (c2), memory (c1,c3)" classname="Kubernetes e2e suite" status="skipped" time="0">
              <skipped message="skipped"></skipped>
          </testcase>
          <testcase name="[It] [sig-storage] In-tree Volumes [Driver: azure-disk] [Testpattern: Dynamic PV (ntfs)] [Feature:Windows] subPath should support existing directory" classname="Kubernetes e2e suite" status="skipped" time="0">
              <skipped message="skipped"></skipped>
          </testcase>
          <testcase name="[It] [sig-storage] In-tree Volumes [Driver: azure-disk] [Testpattern: Generic Ephemeral-volume (default fs) (immediate-binding)] ephemeral should support expansion of pvcs created for ephemeral pvcs" classname="Kubernetes e2e suite" status="skipped" time="0">
              <skipped message="skipped"></skipped>
          </testcase>
          <testcase name="[It] [sig-network] [Feature:IPv6DualStack] should create a single stack service with cluster ip from primary service range" classname="Kubernetes e2e suite" status="skipped" time="0">
              <skipped message="skipped"></skipped>
          </testcase>
          <testcase name="[It] [sig-storage] In-tree Volumes [Driver: emptydir] [Testpattern: Dynamic PV (default fs)] fsgroupchangepolicy (OnRootMismatch)[LinuxOnly], pod created with an initial fsgroup, volume contents ownership changed via chgrp in first pod, new pod with different fsgroup applied to the volume contents" classname="Kubernetes e2e suite" status="skipped" time="0">
              <skipped message="skipped"></skipped>
          </testcase>
          <testcase name="[It] [sig-storage] In-tree Volumes [Driver: local] [LocalVolumeType: dir] [Testpattern: Dynamic PV (block volmode)] multiVolume [Slow] should access to two volumes with the same volume mode and retain data across pod recreation on the same node" classname="Kubernetes e2e suite" status="skipped" time="0">
              <skipped message="skipped"></skipped>
          </testcase>
          <testcase name="[It] [sig-storage] CSI Mock volume node stage CSI NodeStage error cases [Slow] should call NodeUnstage after NodeStage success" classname="Kubernetes e2e suite" status="skipped" time="0">
              <skipped message="skipped"></skipped>
          </testcase>
          <testcase name="[It] [sig-network] Services should have session affinity work for NodePort service [LinuxOnly] [Conformance]" classname="Kubernetes e2e suite" status="passed" time="10.666750987"></testcase>
          <testcase name="[It] [sig-storage] In-tree Volumes [Driver: hostPathSymlink] [Testpattern: Pre-provisioned PV (filesystem volmode)] multiVolume [Slow] should concurrently access the single read-only volume from pods on the same node" classname="Kubernetes e2e suite" status="skipped" time="0">
              <skipped message="skipped"></skipped>
          </testcase>
          <testcase name="[It] [sig-api-machinery] AdmissionWebhook [Privileged:ClusterAdmin] should mutate custom resource [Conformance]" classname="Kubernetes e2e suite" status="passed" time="6.566168865"></testcase>
          <testcase name="[It] [sig-storage] In-tree Volumes [Driver: cinder] [Testpattern: Inline-volume (default fs)] subPath should support restarting containers using directory as subpath [Slow]" classname="Kubernetes e2e suite" status="skipped" time="0">
              <skipped message="skipped"></skipped>
          </testcase>
          <testcase name="[It] [sig-storage] In-tree Volumes [Driver: local] [LocalVolumeType: blockfs] [Testpattern: Dynamic PV (ntfs)] [Feature:Windows] provisioning should provision storage with any volume data source [Serial]" classname="Kubernetes e2e suite" status="skipped" time="0">
              <skipped message="skipped"></skipped>
          </testcase>
          <testcase name="[It] [sig-storage] In-tree Volumes [Driver: local] [LocalVolumeType: blockfs] [Testpattern: Dynamic PV (block volmode)] multiVolume [Slow] should access to two volumes with different volume mode and retain data across pod recreation on different node" classname="Kubernetes e2e suite" status="skipped" time="0">
              <skipped message="skipped"></skipped>
          </testcase>
          <testcase name="[It] [sig-auth] ServiceAccounts should mount projected service account token [Conformance]" classname="Kubernetes e2e suite" status="passed" time="4.129261459"></testcase>
          <testcase name="[It] [sig-apps] Job should run a job to completion when tasks succeed" classname="Kubernetes e2e suite" status="skipped" time="0">
              <skipped message="skipped"></skipped>
          </testcase>
          <testcase name="[It] [sig-storage] In-tree Volumes [Driver: azure-disk] [Testpattern: Dynamic PV (default fs)] provisioning should mount multiple PV pointing to the same storage on the same node" classname="Kubernetes e2e suite" status="skipped" time="0">
              <skipped message="skipped"></skipped>
          </testcase>
          <testcase name="[It] [sig-storage] In-tree Volumes [Driver: local] [LocalVolumeType: tmpfs] [Testpattern: Inline-volume (default fs)] subPath should fail if subpath file is outside the volume [Slow] [LinuxOnly]" classname="Kubernetes e2e suite" status="skipped" time="0">
              <skipped message="skipped"></skipped>
          </testcase>
          <testcase name="[It] [sig-storage] In-tree Volumes [Driver: cinder] [Testpattern: Dynamic PV (block volmode)] provisioning should provision storage with pvc data source" classname="Kubernetes e2e suite" status="skipped" time="0">
              <skipped message="skipped"></skipped>
          </testcase>
          <testcase name="[It] [sig-storage] In-tree Volumes [Driver: local] [LocalVolumeType: block] [Testpattern: Pre-provisioned PV (default fs)] subPath should fail if subpath with backstepping is outside the volume [Slow] [LinuxOnly]" classname="Kubernetes e2e suite" status="skipped" time="0">
              <skipped message="skipped"></skipped>
          </testcase>
          <testcase name="[It] [sig-storage] In-tree Volumes [Driver: local] [LocalVolumeType: dir-bindmounted] [Testpattern: Pre-provisioned PV (filesystem volmode)] multiVolume [Slow] should access to two volumes with the same volume mode and retain data across pod recreation on the same node" classname="Kubernetes e2e suite" status="skipped" time="0">
              <skipped message="skipped"></skipped>
          </testcase>
          <testcase name="[It] [sig-storage] In-tree Volumes [Driver: nfs] [Testpattern: Dynamic PV (block volmode)] multiVolume [Slow] should concurrently access the volume and its clone from pods on the same node [LinuxOnly] [Feature:VolumeSourceXFS]" classname="Kubernetes e2e suite" status="skipped" time="0">
              <skipped message="skipped"></skipped>
          </testcase>
          <testcase name="[It] [sig-storage] In-tree Volumes [Driver: azure-disk] [Testpattern: Dynamic PV (block volmode)] provisioning should provision storage with any volume data source [Serial]" classname="Kubernetes e2e suite" status="skipped" time="0">
              <skipped message="skipped"></skipped>
          </testcase>
          <testcase name="[It] [sig-apps] CronJob should not emit unexpected warnings" classname="Kubernetes e2e suite" status="skipped" time="0">
              <skipped message="skipped"></skipped>
          </testcase>
          <testcase name="[It] [sig-storage] CSI Volumes [Driver: csi-hostpath] [Testpattern: Pre-provisioned PV (filesystem volmode)] disruptive [Disruptive] [LinuxOnly] Should test that pv used in a pod that is force deleted while the kubelet is down is usable by a new pod when kubelet returns [Feature:SELinux]" classname="Kubernetes e2e suite" status="skipped" time="0">
              <skipped message="skipped"></skipped>
          </testcase>
          <testcase name="[It] [sig-storage] In-tree Volumes [Driver: emptydir] [Testpattern: Generic Ephemeral-volume (default fs)] volumeLimits should support volume limits [Serial]" classname="Kubernetes e2e suite" status="skipped" time="0">
              <skipped message="skipped"></skipped>
          </testcase>
          <testcase name="[It] [sig-storage] In-tree Volumes [Driver: vsphere] [Testpattern: Dynamic PV (ntfs)] [Feature:Windows] provisioning should provision storage with pvc data source in parallel [Slow]" classname="Kubernetes e2e suite" status="skipped" time="0">
              <skipped message="skipped"></skipped>
          </testcase>
          <testcase name="[It] [sig-storage] CSI Volumes [Driver: pd.csi.storage.gke.io] [Serial] [Testpattern: Dynamic PV (block volmode)] provisioning should provision storage with pvc data source" classname="Kubernetes e2e suite" status="skipped" time="0">
              <skipped message="skipped"></skipped>
          </testcase>
          <testcase name="[It] [sig-storage] In-tree Volumes [Driver: nfs] [Testpattern: Dynamic PV (ntfs)] [Feature:Windows] subPath should verify container cannot write to subpath readonly volumes [Slow]" classname="Kubernetes e2e suite" status="skipped" time="0">
              <skipped message="skipped"></skipped>
          </testcase>
          <testcase name="[It] [sig-storage] In-tree Volumes [Driver: hostPath] [Testpattern: Pre-provisioned PV (filesystem volmode)] volumeMode should not mount / map unused volumes in a pod [LinuxOnly]" classname="Kubernetes e2e suite" status="skipped" time="0">
              <skipped message="skipped"></skipped>
          </testcase>
          <testcase name="[It] [sig-storage] CSI Volumes [Driver: pd.csi.storage.gke.io] [Serial] [Testpattern: Pre-provisioned PV (default fs)] subPath should support file as subpath [LinuxOnly]" classname="Kubernetes e2e suite" status="skipped" time="0">
              <skipped message="skipped"></skipped>
          </testcase>
          <testcase name="[It] [sig-storage] In-tree Volumes [Driver: local] [LocalVolumeType: gce-localssd-scsi-fs] [Serial] [Testpattern: Inline-volume (default fs)] subPath should support creating multiple subpath from same volumes [Slow]" classname="Kubernetes e2e suite" status="skipped" time="0">
              <skipped message="skipped"></skipped>
          </testcase>
          <testcase name="[It] [sig-storage] In-tree Volumes [Driver: local] [LocalVolumeType: dir-bindmounted] [Testpattern: Dynamic PV (ntfs)] [Feature:Windows] volumeIO should write files of various sizes, verify size, validate content [Slow]" classname="Kubernetes e2e suite" status="skipped" time="0">
              <skipped message="skipped"></skipped>
          </testcase>
          <testcase name="[It] [sig-storage] In-tree Volumes [Driver: local] [LocalVolumeType: dir-bindmounted] [Testpattern: Inline-volume (default fs)] subPath should support file as subpath [LinuxOnly]" classname="Kubernetes e2e suite" status="skipped" time="0">
              <skipped message="skipped"></skipped>
          </testcase>
          <testcase name="[It] [sig-storage] In-tree Volumes [Driver: local] [LocalVolumeType: block] [Testpattern: Dynamic PV (default fs)] subPath should fail if subpath with backstepping is outside the volume [Slow] [LinuxOnly]" classname="Kubernetes e2e suite" status="skipped" time="0">
              <skipped message="skipped"></skipped>
          </testcase>
          <testcase name="[It] [sig-storage] In-tree Volumes [Driver: azure-file] [Testpattern: Dynamic PV (block volmode)] provisioning should provision storage with any volume data source [Serial]" classname="Kubernetes e2e suite" status="skipped" time="0">
              <skipped message="skipped"></skipped>
          </testcase>
          <testcase name="[It] [sig-storage] In-tree Volumes [Driver: hostPath] [Testpattern: Generic Ephemeral-volume (default fs)] volumeLimits should support volume limits [Serial]" classname="Kubernetes e2e suite" status="skipped" time="0">
              <skipped message="skipped"></skipped>
          </testcase>
          <testcase name="[It] [sig-storage] In-tree Volumes [Driver: rbd] [Feature:Volumes] [Serial] [Testpattern: Inline-volume (default fs)] subPath should support existing directories when readOnly specified in the volumeSource" classname="Kubernetes e2e suite" status="skipped" time="0">
              <skipped message="skipped"></skipped>
          </testcase>
          <testcase name="[It] [sig-storage] In-tree Volumes [Driver: rbd] [Feature:Volumes] [Serial] [Testpattern: Dynamic PV (filesystem volmode)] volumeMode should fail to use a volume in a pod with mismatched mode [Slow]" classname="Kubernetes e2e suite" status="skipped" time="0">
              <skipped message="skipped"></skipped>
          </testcase>
          <testcase name="[It] [sig-storage] In-tree Volumes [Driver: hostPathSymlink] [Testpattern: Inline-volume (default fs)] subPath should support non-existent path" classname="Kubernetes e2e suite" status="skipped" time="0">
              <skipped message="skipped"></skipped>
          </testcase>
          <testcase name="[It] [sig-storage] In-tree Volumes [Driver: aws] [Testpattern: Pre-provisioned PV (default fs)] subPath should fail if subpath directory is outside the volume [Slow] [LinuxOnly]" classname="Kubernetes e2e suite" status="skipped" time="0">
              <skipped message="skipped"></skipped>
          </testcase>
          <testcase name="[It] [sig-storage] In-tree Volumes [Driver: local] [LocalVolumeType: block] [Testpattern: Pre-provisioned PV (filesystem volmode)] multiVolume [Slow] should access to two volumes with different volume mode and retain data across pod recreation on the same node" classname="Kubernetes e2e suite" status="skipped" time="0">
              <skipped message="skipped"></skipped>
          </testcase>
          <testcase name="[It] [sig-storage] In-tree Volumes [Driver: local] [LocalVolumeType: dir-link] [Testpattern: Dynamic PV (block volmode)] multiVolume [Slow] should concurrently access the volume and its clone from pods on the same node [LinuxOnly] [Feature:VolumeSourceXFS]" classname="Kubernetes e2e suite" status="skipped" time="0">
              <skipped message="skipped"></skipped>
          </testcase>
          <testcase name="[It] [sig-node] kubelet kubectl get --raw &#34;/api/v1/nodes/&lt;insert-node-name-here&gt;/proxy/logs/?query=/&lt;insert-log-file-name-here&gt; [Feature:NodeLogQuery] [LinuxOnly] should return the kubelet logs since the current date and time" classname="Kubernetes e2e suite" status="skipped" time="0">
              <skipped message="skipped"></skipped>
          </testcase>
          <testcase name="[It] [sig-node] Kubelet when scheduling a busybox command that always fails in a pod should be possible to delete [NodeConformance] [Conformance]" classname="Kubernetes e2e suite" status="passed" time="0.047509976"></testcase>
          <testcase name="[It] [sig-storage] In-tree Volumes [Driver: local] [LocalVolumeType: dir-bindmounted] [Testpattern: Inline-volume (default fs)] volumes should store data" classname="Kubernetes e2e suite" status="skipped" time="0">
              <skipped message="skipped"></skipped>
          </testcase>
          <testcase name="[It] [sig-storage] In-tree Volumes [Driver: local] [LocalVolumeType: tmpfs] [Testpattern: Dynamic PV (default fs)] provisioning should provision storage with mount options" classname="Kubernetes e2e suite" status="skipped" time="0">
              <skipped message="skipped"></skipped>
          </testcase>
          <testcase name="[It] [sig-storage] In-tree Volumes [Driver: vsphere] [Testpattern: Inline-volume (default fs)] subPath should support file as subpath [LinuxOnly]" classname="Kubernetes e2e suite" status="skipped" time="0">
              <skipped message="skipped"></skipped>
          </testcase>
          <testcase name="[It] [sig-storage] In-tree Volumes [Driver: azure-disk] [Testpattern: Dynamic PV (ntfs)] [Feature:Windows] provisioning should mount multiple PV pointing to the same storage on the same node" classname="Kubernetes e2e suite" status="skipped" time="0">
              <skipped message="skipped"></skipped>
          </testcase>
          <testcase name="[It] [sig-storage] In-tree Volumes [Driver: iscsi] [Feature:Volumes] [Testpattern: Dynamic PV (default fs)] provisioning should provision storage with mount options" classname="Kubernetes e2e suite" status="skipped" time="0">
              <skipped message="skipped"></skipped>
          </testcase>
          <testcase name="[It] [sig-storage] In-tree Volumes [Driver: ceph] [Feature:Volumes] [Serial] [Testpattern: Dynamic PV (block volmode)] provisioning should provision storage with pvc data source in parallel [Slow]" classname="Kubernetes e2e suite" status="skipped" time="0">
              <skipped message="skipped"></skipped>
          </testcase>
          <testcase name="[It] [sig-autoscaling] Cluster size autoscaler scalability [Slow] shouldn&#39;t scale down with underutilized nodes due to host port conflicts [Feature:ClusterAutoscalerScalability5]" classname="Kubernetes e2e suite" status="skipped" time="0">
              <skipped message="skipped"></skipped>
          </testcase>
          <testcase name="[It] [sig-storage] In-tree Volumes [Driver: local] [LocalVolumeType: blockfs] [Testpattern: Dynamic PV (default fs)] provisioning should mount multiple PV pointing to the same storage on the same node" classname="Kubernetes e2e suite" status="skipped" time="0">
              <skipped message="skipped"></skipped>
          </testcase>
          <testcase name="[It] [sig-storage] In-tree Volumes [Driver: local] [LocalVolumeType: dir-link-bindmounted] [Testpattern: Dynamic PV (default fs)] fsgroupchangepolicy (Always)[LinuxOnly], pod created with an initial fsgroup, volume contents ownership changed via chgrp in first pod, new pod with same fsgroup applied to the volume contents" classname="Kubernetes e2e suite" status="skipped" time="0">
              <skipped message="skipped"></skipped>
          </testcase>
          <testcase name="[It] [sig-api-machinery] AdmissionWebhook [Privileged:ClusterAdmin] should mutate custom resource with different stored version [Conformance]" classname="Kubernetes e2e suite" status="passed" time="6.629011448"></testcase>
          <testcase name="[It] [sig-storage] CSI Volumes [Driver: csi-hostpath] [Testpattern: Pre-provisioned PV (filesystem volmode)] multiVolume [Slow] should access to two volumes with the same volume mode and retain data across pod recreation on the same node" classname="Kubernetes e2e suite" status="skipped" time="0">
              <skipped message="skipped"></skipped>
          </testcase>
          <testcase name="[It] [sig-storage] In-tree Volumes [Driver: rbd] [Feature:Volumes] [Serial] [Testpattern: Pre-provisioned PV (ext3)] volumes should store data" classname="Kubernetes e2e suite" status="skipped" time="0">
              <skipped message="skipped"></skipped>
          </testcase>
          <testcase name="[It] [sig-storage] In-tree Volumes [Driver: iscsi] [Feature:Volumes] [Testpattern: Pre-provisioned PV (filesystem volmode)] multiVolume [Slow] should concurrently access the single volume from pods on the same node" classname="Kubernetes e2e suite" status="skipped" time="0">
              <skipped message="skipped"></skipped>
          </testcase>
          <testcase name="[It] [sig-storage] In-tree Volumes [Driver: rbd] [Feature:Volumes] [Serial] [Testpattern: Dynamic PV (filesystem volmode)] disruptive [Disruptive] [LinuxOnly] Should test that pv used in a pod that is deleted while the kubelet is down is usable by a new pod with a different SELinux context when kubelet returns [Feature:SELinux]" classname="Kubernetes e2e suite" status="skipped" time="0">
              <skipped message="skipped"></skipped>
          </testcase>
          <testcase name="[It] [sig-api-machinery] CustomResourceValidationRules [Privileged:ClusterAdmin] MUST fail create of a custom resource definition that contains an x-kubernetes-validations rule that contains a syntax error" classname="Kubernetes e2e suite" status="skipped" time="0">
              <skipped message="skipped"></skipped>
          </testcase>
          <testcase name="[It] [sig-storage] In-tree Volumes [Driver: local] [LocalVolumeType: dir-bindmounted] [Testpattern: Dynamic PV (xfs)] [Slow] multiVolume [Slow] should concurrently access the single read-only volume from pods on the same node" classname="Kubernetes e2e suite" status="skipped" time="0">
              <skipped message="skipped"></skipped>
          </testcase>
          <testcase name="[It] [sig-node] gpu Upgrade [Feature:GPUUpgrade] cluster upgrade should be able to run gpu pod after upgrade [Feature:GPUClusterUpgrade]" classname="Kubernetes e2e suite" status="skipped" time="0">
              <skipped message="skipped"></skipped>
          </testcase>
          <testcase name="[It] [sig-storage] In-tree Volumes [Driver: hostPath] [Testpattern: Pre-provisioned PV (block volmode)] disruptive [Disruptive] [LinuxOnly] Should test that pv used in a pod that is deleted while the kubelet is down cleans up when the kubelet returns." classname="Kubernetes e2e suite" status="skipped" time="0">
              <skipped message="skipped"></skipped>
          </testcase>
          <testcase name="[It] [sig-storage] In-tree Volumes [Driver: vsphere] [Testpattern: Dynamic PV (filesystem volmode)] multiVolume [Slow] should concurrently access the single read-only volume from pods on the same node" classname="Kubernetes e2e suite" status="skipped" time="0">
              <skipped message="skipped"></skipped>
          </testcase>
          <testcase name="[It] [sig-storage] In-tree Volumes [Driver: emptydir] [Testpattern: Pre-provisioned PV (default fs)] subPath should support existing single file [LinuxOnly]" classname="Kubernetes e2e suite" status="skipped" time="0">
              <skipped message="skipped"></skipped>
          </testcase>
          <testcase name="[It] [sig-storage] In-tree Volumes [Driver: azure-file] [Testpattern: Pre-provisioned PV (block volmode)] volumeMode should fail to use a volume in a pod with mismatched mode [Slow]" classname="Kubernetes e2e suite" status="skipped" time="0">
              <skipped message="skipped"></skipped>
          </testcase>
          <testcase name="[It] [sig-storage] In-tree Volumes [Driver: hostPathSymlink] [Testpattern: Inline-volume (default fs)] subPath should fail if subpath directory is outside the volume [Slow] [LinuxOnly]" classname="Kubernetes e2e suite" status="skipped" time="0">
              <skipped message="skipped"></skipped>
          </testcase>
          <testcase name="[It] [sig-storage] In-tree Volumes [Driver: aws] [Testpattern: Dynamic PV (ext4)] multiVolume [Slow] should concurrently access the volume and restored snapshot from pods on the same node [LinuxOnly] [Feature:VolumeSnapshotDataSource] [Feature:VolumeSourceXFS]" classname="Kubernetes e2e suite" status="skipped" time="0">
              <skipped message="skipped"></skipped>
          </testcase>
          <testcase name="[It] [sig-storage] In-tree Volumes [Driver: local] [LocalVolumeType: gce-localssd-scsi-fs] [Serial] [Testpattern: Dynamic PV (default fs)] volumes should store data" classname="Kubernetes e2e suite" status="skipped" time="0">
              <skipped message="skipped"></skipped>
          </testcase>
          <testcase name="[It] [sig-storage] In-tree Volumes [Driver: vsphere] [Testpattern: Pre-provisioned PV (filesystem volmode)] disruptive [Disruptive] [LinuxOnly] Should test that pv written before kubelet restart is readable after restart." classname="Kubernetes e2e suite" status="skipped" time="0">
              <skipped message="skipped"></skipped>
          </testcase>
          <testcase name="[It] [sig-storage] In-tree Volumes [Driver: local] [LocalVolumeType: dir-link] [Testpattern: Dynamic PV (ntfs)] [Feature:Windows] subPath should support existing directories when readOnly specified in the volumeSource" classname="Kubernetes e2e suite" status="skipped" time="0">
              <skipped message="skipped"></skipped>
          </testcase>
          <testcase name="[It] [sig-storage] In-tree Volumes [Driver: ceph] [Feature:Volumes] [Serial] [Testpattern: Dynamic PV (block volmode)] volume-stress multiple pods should access different volumes repeatedly [Slow] [Serial]" classname="Kubernetes e2e suite" status="skipped" time="0">
              <skipped message="skipped"></skipped>
          </testcase>
          <testcase name="[It] [sig-storage] In-tree Volumes [Driver: local] [LocalVolumeType: dir-bindmounted] [Testpattern: Pre-provisioned PV (block volmode)] multiVolume [Slow] should access to two volumes with the same volume mode and retain data across pod recreation on the same node" classname="Kubernetes e2e suite" status="skipped" time="0">
              <skipped message="skipped"></skipped>
          </testcase>
          <testcase name="[It] [sig-storage] In-tree Volumes [Driver: azure-disk] [Testpattern: Dynamic PV (xfs)] [Slow] multiVolume [Slow] should access to two volumes with different volume mode and retain data across pod recreation on the same node" classname="Kubernetes e2e suite" status="skipped" time="0">
              <skipped message="skipped"></skipped>
          </testcase>
          <testcase name="[It] [sig-storage] In-tree Volumes [Driver: azure-file] [Testpattern: Pre-provisioned PV (default fs)] subPath should support restarting containers using directory as subpath [Slow]" classname="Kubernetes e2e suite" status="skipped" time="0">
              <skipped message="skipped"></skipped>
          </testcase>
          <testcase name="[It] [sig-storage] Zone Support [Feature:vsphere] Verify a pod is created and attached to a dynamically created PV, based on the allowed zones and storage policy specified in storage class" classname="Kubernetes e2e suite" status="skipped" time="0">
              <skipped message="skipped"></skipped>
          </testcase>
          <testcase name="[It] [sig-storage] CSI Volumes [Driver: pd.csi.storage.gke.io] [Serial] [Testpattern: Dynamic PV (ext4)] multiVolume [Slow] should concurrently access the single read-only volume from pods on the same node" classname="Kubernetes e2e suite" status="skipped" time="0">
              <skipped message="skipped"></skipped>
          </testcase>
          <testcase name="[It] [sig-storage] In-tree Volumes [Driver: local] [LocalVolumeType: block] [Testpattern: Dynamic PV (default fs)] volumes should allow exec of files on the volume" classname="Kubernetes e2e suite" status="skipped" time="0">
              <skipped message="skipped"></skipped>
          </testcase>
          <testcase name="[It] [sig-storage] In-tree Volumes [Driver: rbd] [Feature:Volumes] [Serial] [Testpattern: Dynamic PV (filesystem volmode)] volumeLimits should support volume limits [Serial]" classname="Kubernetes e2e suite" status="skipped" time="0">
              <skipped message="skipped"></skipped>
          </testcase>
          <testcase name="[It] [sig-storage] In-tree Volumes [Driver: rbd] [Feature:Volumes] [Serial] [Testpattern: Pre-provisioned PV (filesystem volmode)] disruptive [Disruptive] [LinuxOnly] Should test that pv used in a pod that is force deleted while the kubelet is down is usable by a new pod when kubelet returns [Feature:SELinux]" classname="Kubernetes e2e suite" status="skipped" time="0">
              <skipped message="skipped"></skipped>
          </testcase>
          <testcase name="[It] [sig-node] DRA [Feature:DynamicResourceAllocation] cluster with delayed allocation and setting ReservedFor supports external claim referenced by multiple pods" classname="Kubernetes e2e suite" status="skipped" time="0">
              <skipped message="skipped"></skipped>
          </testcase>
          <testcase name="[It] [sig-storage] In-tree Volumes [Driver: local] [LocalVolumeType: dir] [Testpattern: Pre-provisioned PV (filesystem volmode)] disruptive [Disruptive] [LinuxOnly] Should test that pv used in a pod that is force deleted while the kubelet is down is usable by a new pod when kubelet returns [Feature:SELinux]" classname="Kubernetes e2e suite" status="skipped" time="0">
              <skipped message="skipped"></skipped>
          </testcase>
          <testcase name="[It] [sig-storage] In-tree Volumes [Driver: local] [LocalVolumeType: block] [Testpattern: Dynamic PV (default fs)] subPath should support readOnly file specified in the volumeMount [LinuxOnly]" classname="Kubernetes e2e suite" status="skipped" time="0">
              <skipped message="skipped"></skipped>
          </testcase>
          <testcase name="[It] [sig-storage] In-tree Volumes [Driver: vsphere] [Testpattern: Dynamic PV (ext4)] multiVolume [Slow] should access to two volumes with the same volume mode and retain data across pod recreation on different node" classname="Kubernetes e2e suite" status="skipped" time="0">
              <skipped message="skipped"></skipped>
          </testcase>
          <testcase name="[It] [sig-storage] In-tree Volumes [Driver: aws] [Testpattern: Dynamic PV (default fs)] volumeIO should write files of various sizes, verify size, validate content [Slow]" classname="Kubernetes e2e suite" status="skipped" time="0">
              <skipped message="skipped"></skipped>
          </testcase>
          <testcase name="[It] [sig-storage] In-tree Volumes [Driver: local] [LocalVolumeType: block] [Testpattern: Pre-provisioned PV (default fs)] subPath should support existing directory" classname="Kubernetes e2e suite" status="skipped" time="0">
              <skipped message="skipped"></skipped>
          </testcase>
          <testcase name="[It] [sig-storage] In-tree Volumes [Driver: azure-file] [Testpattern: Pre-provisioned PV (default fs)] subPath should support readOnly directory specified in the volumeMount" classname="Kubernetes e2e suite" status="skipped" time="0">
              <skipped message="skipped"></skipped>
          </testcase>
          <testcase name="[It] [sig-storage] CSI Volumes [Driver: csi-hostpath] [Testpattern: Dynamic PV (default fs)] provisioning should provision storage with any volume data source [Serial]" classname="Kubernetes e2e suite" status="skipped" time="0">
              <skipped message="skipped"></skipped>
          </testcase>
          <testcase name="[It] [sig-storage] PersistentVolumes-local [Volume type: block] Set fsGroup for local volume should set same fsGroup for two pods simultaneously [Slow]" classname="Kubernetes e2e suite" status="skipped" time="0">
              <skipped message="skipped"></skipped>
          </testcase>
          <testcase name="[It] [sig-storage] In-tree Volumes [Driver: local] [LocalVolumeType: gce-localssd-scsi-fs] [Serial] [Testpattern: Inline-volume (default fs)] subPath should fail if subpath file is outside the volume [Slow] [LinuxOnly]" classname="Kubernetes e2e suite" status="skipped" time="0">
              <skipped message="skipped"></skipped>
          </testcase>
          <testcase name="[It] [sig-storage] In-tree Volumes [Driver: hostPath] [Testpattern: Dynamic PV (ntfs)] [Feature:Windows] subPath should unmount if pod is force deleted while kubelet is down [Disruptive] [Slow] [LinuxOnly]" classname="Kubernetes e2e suite" status="skipped" time="0">
              <skipped message="skipped"></skipped>
          </testcase>
          <testcase name="[It] [sig-node] Pod InPlace Resize Container [Feature:InPlacePodVerticalScaling] Burstable QoS pod, one container with cpu &amp; memory requests + limits - increase memory limits only" classname="Kubernetes e2e suite" status="skipped" time="0">
              <skipped message="skipped"></skipped>
          </testcase>
          <testcase name="[It] [sig-storage] In-tree Volumes [Driver: iscsi] [Feature:Volumes] [Testpattern: Dynamic PV (default fs)] provisioning should provision storage with snapshot data source (ROX mode) [Feature:VolumeSnapshotDataSource]" classname="Kubernetes e2e suite" status="skipped" time="0">
              <skipped message="skipped"></skipped>
          </testcase>
          <testcase name="[It] [sig-storage] In-tree Volumes [Driver: local] [LocalVolumeType: tmpfs] [Testpattern: Inline-volume (default fs)] subPath should unmount if pod is gracefully deleted while kubelet is down [Disruptive] [Slow] [LinuxOnly]" classname="Kubernetes e2e suite" status="skipped" time="0">
              <skipped message="skipped"></skipped>
          </testcase>
          <testcase name="[It] [sig-storage] In-tree Volumes [Driver: ceph] [Feature:Volumes] [Serial] [Testpattern: Pre-provisioned PV (ext3)] volumes should allow exec of files on the volume" classname="Kubernetes e2e suite" status="skipped" time="0">
              <skipped message="skipped"></skipped>
          </testcase>
          <testcase name="[It] [sig-storage] In-tree Volumes [Driver: cinder] [Testpattern: Dynamic PV (xfs)] [Slow] multiVolume [Slow] should access to two volumes with different volume mode and retain data across pod recreation on different node" classname="Kubernetes e2e suite" status="skipped" time="0">
              <skipped message="skipped"></skipped>
          </testcase>
          <testcase name="[It] [sig-scheduling] SchedulerPredicates [Serial] validates that NodeSelector is respected if not matching [Conformance]" classname="Kubernetes e2e suite" status="passed" time="1.1308507190000001"></testcase>
          <testcase name="[It] [sig-storage] In-tree Volumes [Driver: local] [LocalVolumeType: blockfs] [Testpattern: Dynamic PV (block volmode)] disruptive [Disruptive] [LinuxOnly] Should test that pv used in a pod that is deleted while the kubelet is down cleans up when the kubelet returns." classname="Kubernetes e2e suite" status="skipped" time="0">
              <skipped message="skipped"></skipped>
          </testcase>
          <testcase name="[It] [sig-storage] Regional PD RegionalPD should failover to a different zone when all nodes in one zone become unreachable [Slow] [Disruptive]" classname="Kubernetes e2e suite" status="skipped" time="0">
              <skipped message="skipped"></skipped>
          </testcase>
          <testcase name="[It] [sig-storage] In-tree Volumes [Driver: iscsi] [Feature:Volumes] [Testpattern: Generic Ephemeral-volume (default fs) (late-binding)] ephemeral should create read/write inline ephemeral volume" classname="Kubernetes e2e suite" status="skipped" time="0">
              <skipped message="skipped"></skipped>
          </testcase>
          <testcase name="[It] [sig-storage] In-tree Volumes [Driver: local] [LocalVolumeType: dir] [Testpattern: Pre-provisioned PV (filesystem volmode)] multiVolume [Slow] should concurrently access the single read-only volume from pods on the same node" classname="Kubernetes e2e suite" status="skipped" time="0">
              <skipped message="skipped"></skipped>
          </testcase>
          <testcase name="[It] [sig-storage] In-tree Volumes [Driver: nfs] [Testpattern: Inline-volume (ntfs)] [Feature:Windows] volumes should allow exec of files on the volume" classname="Kubernetes e2e suite" status="skipped" time="0">
              <skipped message="skipped"></skipped>
          </testcase>
          <testcase name="[It] [sig-storage] In-tree Volumes [Driver: hostPath] [Testpattern: Pre-provisioned PV (filesystem volmode)] multiVolume [Slow] should concurrently access the single volume from pods on the same node" classname="Kubernetes e2e suite" status="skipped" time="0">
              <skipped message="skipped"></skipped>
          </testcase>
          <testcase name="[It] [sig-network] Netpol NetworkPolicy between server and client should not allow access by TCP when a policy specifies only UDP [Feature:NetworkPolicy]" classname="Kubernetes e2e suite" status="skipped" time="0">
              <skipped message="skipped"></skipped>
          </testcase>
          <testcase name="[It] [sig-storage] CSI Volumes [Driver: pd.csi.storage.gke.io] [Serial] [Testpattern: Dynamic PV (default fs)] provisioning should provision storage with any volume data source [Serial]" classname="Kubernetes e2e suite" status="skipped" time="0">
              <skipped message="skipped"></skipped>
          </testcase>
          <testcase name="[It] [sig-storage] CSI Volumes [Driver: csi-hostpath] [Testpattern: Dynamic PV (default fs)] subPath should fail if subpath directory is outside the volume [Slow] [LinuxOnly]" classname="Kubernetes e2e suite" status="skipped" time="0">
              <skipped message="skipped"></skipped>
          </testcase>
          <testcase name="[It] [sig-storage] In-tree Volumes [Driver: local] [LocalVolumeType: tmpfs] [Testpattern: Dynamic PV (ntfs)] [Feature:Windows] provisioning should provision storage with snapshot data source [Feature:VolumeSnapshotDataSource]" classname="Kubernetes e2e suite" status="skipped" time="0">
              <skipped message="skipped"></skipped>
          </testcase>
          <testcase name="[It] [sig-storage] In-tree Volumes [Driver: azure-disk] [Testpattern: Pre-provisioned PV (block volmode)] multiVolume [Slow] should access to two volumes with different volume mode and retain data across pod recreation on the same node" classname="Kubernetes e2e suite" status="skipped" time="0">
              <skipped message="skipped"></skipped>
          </testcase>
          <testcase name="[It] [sig-storage] In-tree Volumes [Driver: hostPathSymlink] [Testpattern: Dynamic PV (default fs)] fsgroupchangepolicy (OnRootMismatch)[LinuxOnly], pod created with an initial fsgroup, new pod fsgroup applied to volume contents" classname="Kubernetes e2e suite" status="skipped" time="0">
              <skipped message="skipped"></skipped>
          </testcase>
          <testcase name="[It] [sig-storage] CSI Volumes [Driver: pd.csi.storage.gke.io] [Serial] [Testpattern: Dynamic PV (ntfs)] [Feature:Windows] subPath should fail if subpath file is outside the volume [Slow] [LinuxOnly]" classname="Kubernetes e2e suite" status="skipped" time="0">
              <skipped message="skipped"></skipped>
          </testcase>
          <testcase name="[It] [sig-storage] In-tree Volumes [Driver: hostPathSymlink] [Testpattern: Dynamic PV (block volmode)] multiVolume [Slow] should access to two volumes with the same volume mode and retain data across pod recreation on different node" classname="Kubernetes e2e suite" status="skipped" time="0">
              <skipped message="skipped"></skipped>
          </testcase>
          <testcase name="[It] [sig-storage] In-tree Volumes [Driver: local] [LocalVolumeType: dir-bindmounted] [Testpattern: Dynamic PV (ext4)] multiVolume [Slow] should concurrently access the single volume from pods on different node" classname="Kubernetes e2e suite" status="skipped" time="0">
              <skipped message="skipped"></skipped>
          </testcase>
          <testcase name="[It] [sig-storage] In-tree Volumes [Driver: local] [LocalVolumeType: dir-link-bindmounted] [Testpattern: Dynamic PV (default fs)] subPath should fail if subpath file is outside the volume [Slow] [LinuxOnly]" classname="Kubernetes e2e suite" status="skipped" time="0">
              <skipped message="skipped"></skipped>
          </testcase>
          <testcase name="[It] [sig-storage] In-tree Volumes [Driver: azure-disk] [Testpattern: Dynamic PV (default fs)] subPath should support existing single file [LinuxOnly]" classname="Kubernetes e2e suite" status="skipped" time="0">
              <skipped message="skipped"></skipped>
          </testcase>
          <testcase name="[It] [sig-storage] In-tree Volumes [Driver: hostPathSymlink] [Testpattern: Inline-volume (default fs)] subPath should support existing directories when readOnly specified in the volumeSource" classname="Kubernetes e2e suite" status="skipped" time="0">
              <skipped message="skipped"></skipped>
          </testcase>
          <testcase name="[It] [sig-storage] In-tree Volumes [Driver: local] [LocalVolumeType: tmpfs] [Testpattern: Dynamic PV (filesystem volmode)] disruptive [Disruptive] [LinuxOnly] Should test that pv used in a pod that is force deleted while the kubelet is down is usable by a new pod with a different SELinux context when kubelet returns [Feature:SELinux]" classname="Kubernetes e2e suite" status="skipped" time="0">
              <skipped message="skipped"></skipped>
          </testcase>
          <testcase name="[It] [sig-network] Services should respect internalTrafficPolicy=Local Pod to Pod" classname="Kubernetes e2e suite" status="skipped" time="0">
              <skipped message="skipped"></skipped>
          </testcase>
          <testcase name="[It] [sig-storage] In-tree Volumes [Driver: local] [LocalVolumeType: tmpfs] [Testpattern: Dynamic PV (ntfs)(allowExpansion)] [Feature:Windows] volume-expand should resize volume when PVC is edited while pod is using it" classname="Kubernetes e2e suite" status="skipped" time="0">
              <skipped message="skipped"></skipped>
          </testcase>
          <testcase name="[It] [sig-apps] Job should delete pods when suspended" classname="Kubernetes e2e suite" status="skipped" time="0">
              <skipped message="skipped"></skipped>
          </testcase>
          <testcase name="[It] [sig-storage] In-tree Volumes [Driver: rbd] [Feature:Volumes] [Serial] [Testpattern: Dynamic PV (ext3)] volumes should store data" classname="Kubernetes e2e suite" status="skipped" time="0">
              <skipped message="skipped"></skipped>
          </testcase>
          <testcase name="[It] [sig-storage] In-tree Volumes [Driver: local] [LocalVolumeType: gce-localssd-scsi-fs] [Serial] [Testpattern: Dynamic PV (ext4)] multiVolume [Slow] should access to two volumes with the same volume mode and retain data across pod recreation on different node" classname="Kubernetes e2e suite" status="skipped" time="0">
              <skipped message="skipped"></skipped>
          </testcase>
          <testcase name="[It] [sig-storage] In-tree Volumes [Driver: hostPathSymlink] [Testpattern: Dynamic PV (ntfs)] [Feature:Windows] subPath should support readOnly file specified in the volumeMount [LinuxOnly]" classname="Kubernetes e2e suite" status="skipped" time="0">
              <skipped message="skipped"></skipped>
          </testcase>
          <testcase name="[It] [sig-storage] In-tree Volumes [Driver: rbd] [Feature:Volumes] [Serial] [Testpattern: Pre-provisioned PV (default fs)] subPath should fail if non-existent subpath is outside the volume [Slow] [LinuxOnly]" classname="Kubernetes e2e suite" status="skipped" time="0">
              <skipped message="skipped"></skipped>
          </testcase>
          <testcase name="[It] [sig-storage] In-tree Volumes [Driver: emptydir] [Testpattern: Pre-provisioned PV (default fs)] subPath should support readOnly directory specified in the volumeMount" classname="Kubernetes e2e suite" status="skipped" time="0">
              <skipped message="skipped"></skipped>
          </testcase>
          <testcase name="[It] [sig-storage] In-tree Volumes [Driver: aws] [Testpattern: Dynamic PV (ntfs)] [Feature:Windows] subPath should fail if subpath directory is outside the volume [Slow] [LinuxOnly]" classname="Kubernetes e2e suite" status="skipped" time="0">
              <skipped message="skipped"></skipped>
          </testcase>
          <testcase name="[It] [sig-storage] In-tree Volumes [Driver: local] [LocalVolumeType: gce-localssd-scsi-fs] [Serial] [Testpattern: Pre-provisioned PV (block volmode)] volumes should store data" classname="Kubernetes e2e suite" status="skipped" time="0">
              <skipped message="skipped"></skipped>
          </testcase>
          <testcase name="[It] [sig-storage] In-tree Volumes [Driver: iscsi] [Feature:Volumes] [Testpattern: Inline-volume (default fs)] subPath should verify container cannot write to subpath readonly volumes [Slow]" classname="Kubernetes e2e suite" status="skipped" time="0">
              <skipped message="skipped"></skipped>
          </testcase>
          <testcase name="[It] [sig-storage] In-tree Volumes [Driver: emptydir] [Testpattern: Generic Ephemeral-volume (default fs) (late-binding)] ephemeral should create read-only inline ephemeral volume" classname="Kubernetes e2e suite" status="skipped" time="0">
              <skipped message="skipped"></skipped>
          </testcase>
          <testcase name="[It] [sig-api-machinery] Servers with support for API chunking should return chunks of results for list calls [Conformance]" classname="Kubernetes e2e suite" status="passed" time="21.463201661"></testcase>
          <testcase name="[It] [sig-storage] In-tree Volumes [Driver: iscsi] [Feature:Volumes] [Testpattern: Generic Ephemeral-volume (default fs) (immediate-binding)] ephemeral should support multiple inline ephemeral volumes" classname="Kubernetes e2e suite" status="skipped" time="0">
              <skipped message="skipped"></skipped>
          </testcase>
          <testcase name="[It] [sig-storage] In-tree Volumes [Driver: vsphere] [Testpattern: Dynamic PV (block volmode)] multiVolume [Slow] should access to two volumes with the same volume mode and retain data across pod recreation on the same node" classname="Kubernetes e2e suite" status="skipped" time="0">
              <skipped message="skipped"></skipped>
          </testcase>
          <testcase name="[It] [sig-network] EndpointSlice should support a Service with multiple endpoint IPs specified in multiple EndpointSlices" classname="Kubernetes e2e suite" status="skipped" time="0">
              <skipped message="skipped"></skipped>
          </testcase>
          <testcase name="[It] [sig-storage] In-tree Volumes [Driver: vsphere] [Testpattern: Dynamic PV (block volmode)] provisioning should provision storage with pvc data source in parallel [Slow]" classname="Kubernetes e2e suite" status="skipped" time="0">
              <skipped message="skipped"></skipped>
          </testcase>
          <testcase name="[It] [sig-storage] In-tree Volumes [Driver: local] [LocalVolumeType: dir-link-bindmounted] [Testpattern: Dynamic PV (ntfs)] [Feature:Windows] subPath should fail if subpath file is outside the volume [Slow] [LinuxOnly]" classname="Kubernetes e2e suite" status="skipped" time="0">
              <skipped message="skipped"></skipped>
          </testcase>
          <testcase name="[It] [sig-storage] In-tree Volumes [Driver: emptydir] [Testpattern: Dynamic PV (ntfs)] [Feature:Windows] subPath should fail if subpath file is outside the volume [Slow] [LinuxOnly]" classname="Kubernetes e2e suite" status="skipped" time="0">
              <skipped message="skipped"></skipped>
          </testcase>
          <testcase name="[It] [sig-storage] In-tree Volumes [Driver: iscsi] [Feature:Volumes] [Testpattern: Dynamic PV (default fs)] fsgroupchangepolicy (OnRootMismatch)[LinuxOnly], pod created with an initial fsgroup, volume contents ownership changed via chgrp in first pod, new pod with different fsgroup applied to the volume contents" classname="Kubernetes e2e suite" status="skipped" time="0">
              <skipped message="skipped"></skipped>
          </testcase>
          <testcase name="[It] [sig-storage] In-tree Volumes [Driver: local] [LocalVolumeType: block] [Testpattern: Pre-provisioned PV (filesystem volmode)] disruptive [Disruptive] [LinuxOnly] Should test that pv used in a pod that is deleted while the kubelet is down is usable by a new pod when kubelet returns [Feature:SELinux]" classname="Kubernetes e2e suite" status="skipped" time="0">
              <skipped message="skipped"></skipped>
          </testcase>
          <testcase name="[It] [sig-network] EndpointSliceMirroring should mirror a custom Endpoints resource through create update and delete [Conformance]" classname="Kubernetes e2e suite" status="passed" time="6.107652072"></testcase>
          <testcase name="[It] [sig-storage] In-tree Volumes [Driver: hostPath] [Testpattern: Generic Ephemeral-volume (default fs) (immediate-binding)] ephemeral should create read-only inline ephemeral volume" classname="Kubernetes e2e suite" status="skipped" time="0">
              <skipped message="skipped"></skipped>
          </testcase>
          <testcase name="[It] [sig-storage] In-tree Volumes [Driver: hostPathSymlink] [Testpattern: Pre-provisioned PV (block volmode)] disruptive [Disruptive] [LinuxOnly] Should test that pv used in a pod that is force deleted while the kubelet is down cleans up when the kubelet returns." classname="Kubernetes e2e suite" status="skipped" time="0">
              <skipped message="skipped"></skipped>
          </testcase>
          <testcase name="[It] [sig-storage] Zone Support [Feature:vsphere] Verify a pod is created and attached to a dynamically created PV, based on a VSAN capability, datastore and compatible zone specified in storage class" classname="Kubernetes e2e suite" status="skipped" time="0">
              <skipped message="skipped"></skipped>
          </testcase>
          <testcase name="[It] [sig-storage] In-tree Volumes [Driver: local] [LocalVolumeType: dir-link-bindmounted] [Testpattern: Dynamic PV (default fs)] provisioning should provision correct filesystem size when restoring snapshot to larger size pvc [Feature:VolumeSnapshotDataSource]" classname="Kubernetes e2e suite" status="skipped" time="0">
              <skipped message="skipped"></skipped>
          </testcase>
          <testcase name="[It] [sig-storage] In-tree Volumes [Driver: local] [LocalVolumeType: blockfs] [Testpattern: Dynamic PV (default fs)] provisioning should provision storage with snapshot data source (ROX mode) [Feature:VolumeSnapshotDataSource]" classname="Kubernetes e2e suite" status="skipped" time="0">
              <skipped message="skipped"></skipped>
          </testcase>
          <testcase name="[It] [sig-storage] In-tree Volumes [Driver: nfs] [Testpattern: Generic Ephemeral-volume (default fs)] volumeLimits should verify that all csinodes have volume limits" classname="Kubernetes e2e suite" status="skipped" time="0">
              <skipped message="skipped"></skipped>
          </testcase>
          <testcase name="[It] [sig-storage] In-tree Volumes [Driver: local] [LocalVolumeType: gce-localssd-scsi-fs] [Serial] [Testpattern: Generic Ephemeral-volume (default fs) (late-binding)] ephemeral should support expansion of pvcs created for ephemeral pvcs" classname="Kubernetes e2e suite" status="skipped" time="0">
              <skipped message="skipped"></skipped>
          </testcase>
          <testcase name="[It] [sig-storage] In-tree Volumes [Driver: aws] [Testpattern: Dynamic PV (immediate binding)] topology should fail to schedule a pod which has topologies that conflict with AllowedTopologies" classname="Kubernetes e2e suite" status="skipped" time="0">
              <skipped message="skipped"></skipped>
          </testcase>
          <testcase name="[It] [sig-storage] In-tree Volumes [Driver: emptydir] [Testpattern: Dynamic PV (ntfs)] [Feature:Windows] volume-expand should not allow expansion of pvcs without AllowVolumeExpansion property" classname="Kubernetes e2e suite" status="skipped" time="0">
              <skipped message="skipped"></skipped>
          </testcase>
          <testcase name="[It] [sig-storage] CSI Volumes [Driver: pd.csi.storage.gke.io] [Serial] [Testpattern: Ephemeral Snapshot (retain policy)] snapshottable [Feature:VolumeSnapshotDataSource] volume snapshot controller  should check snapshot fields, check restore correctly works, check deletion (ephemeral)" classname="Kubernetes e2e suite" status="skipped" time="0">
              <skipped message="skipped"></skipped>
          </testcase>
          <testcase name="[It] [sig-storage] In-tree Volumes [Driver: rbd] [Feature:Volumes] [Serial] [Testpattern: Pre-provisioned PV (default fs)] subPath should fail if subpath file is outside the volume [Slow] [LinuxOnly]" classname="Kubernetes e2e suite" status="skipped" time="0">
              <skipped message="skipped"></skipped>
          </testcase>
          <testcase name="[It] [sig-storage] In-tree Volumes [Driver: local] [LocalVolumeType: dir] [Testpattern: Inline-volume (default fs)] volumes should allow exec of files on the volume" classname="Kubernetes e2e suite" status="skipped" time="0">
              <skipped message="skipped"></skipped>
          </testcase>
          <testcase name="[It] [sig-storage] CSI Volumes [Driver: pd.csi.storage.gke.io] [Serial] [Testpattern: Inline-volume (default fs)] subPath should support existing directories when readOnly specified in the volumeSource" classname="Kubernetes e2e suite" status="skipped" time="0">
              <skipped message="skipped"></skipped>
          </testcase>
          <testcase name="[It] [sig-scheduling] SchedulerPriorities [Serial] Pod should be preferably scheduled to nodes pod can tolerate" classname="Kubernetes e2e suite" status="skipped" time="0">
              <skipped message="skipped"></skipped>
          </testcase>
          <testcase name="[It] [sig-network] Netpol NetworkPolicy between server and client should enforce multiple ingress policies with ingress allow-all policy taking precedence [Feature:NetworkPolicy]" classname="Kubernetes e2e suite" status="skipped" time="0">
              <skipped message="skipped"></skipped>
          </testcase>
          <testcase name="[It] [sig-node] [NodeAlphaFeature:SidecarContainers] [Feature:SidecarContainers] Restartable Init Container Lifecycle Hook when create a pod with lifecycle hook should execute prestop https hook properly [MinimumKubeletVersion:1.23]" classname="Kubernetes e2e suite" status="skipped" time="0">
              <skipped message="skipped"></skipped>
          </testcase>
          <testcase name="[It] [sig-storage] In-tree Volumes [Driver: local] [LocalVolumeType: tmpfs] [Testpattern: Pre-provisioned PV (default fs)] subPath should support restarting containers using file as subpath [Slow] [LinuxOnly]" classname="Kubernetes e2e suite" status="skipped" time="0">
              <skipped message="skipped"></skipped>
          </testcase>
          <testcase name="[It] [sig-apps] DisruptionController evictions: too few pods, absolute =&gt; should not allow an eviction" classname="Kubernetes e2e suite" status="skipped" time="0">
              <skipped message="skipped"></skipped>
          </testcase>
          <testcase name="[It] [sig-storage] In-tree Volumes [Driver: ceph] [Feature:Volumes] [Serial] [Testpattern: Dynamic PV (default fs)] provisioning should provision storage with snapshot data source [Feature:VolumeSnapshotDataSource]" classname="Kubernetes e2e suite" status="skipped" time="0">
              <skipped message="skipped"></skipped>
          </testcase>
          <testcase name="[It] [sig-storage] In-tree Volumes [Driver: hostPathSymlink] [Testpattern: Dynamic PV (block volmode)(allowExpansion)] volume-expand Verify if offline PVC expansion works" classname="Kubernetes e2e suite" status="skipped" time="0">
              <skipped message="skipped"></skipped>
          </testcase>
          <testcase name="[It] [sig-storage] In-tree Volumes [Driver: vsphere] [Testpattern: Inline-volume (default fs)] subPath should support existing directories when readOnly specified in the volumeSource" classname="Kubernetes e2e suite" status="skipped" time="0">
              <skipped message="skipped"></skipped>
          </testcase>
          <testcase name="[It] [sig-storage] In-tree Volumes [Driver: nfs] [Testpattern: Dynamic PV (ntfs)] [Feature:Windows] provisioning should provision storage with snapshot data source (ROX mode) [Feature:VolumeSnapshotDataSource]" classname="Kubernetes e2e suite" status="skipped" time="0">
              <skipped message="skipped"></skipped>
          </testcase>
          <testcase name="[It] [sig-storage] In-tree Volumes [Driver: local] [LocalVolumeType: dir-bindmounted] [Testpattern: Dynamic PV (ntfs)] [Feature:Windows] subPath should verify container cannot write to subpath readonly volumes [Slow]" classname="Kubernetes e2e suite" status="skipped" time="0">
              <skipped message="skipped"></skipped>
          </testcase>
          <testcase name="[It] [sig-storage] In-tree Volumes [Driver: ceph] [Feature:Volumes] [Serial] [Testpattern: Pre-provisioned PV (default fs)] volumes should store data" classname="Kubernetes e2e suite" status="skipped" time="0">
              <skipped message="skipped"></skipped>
          </testcase>
          <testcase name="[It] [sig-storage] CSI Volumes [Driver: csi-hostpath] [Testpattern: Pre-provisioned PV (default fs)] subPath should fail if subpath directory is outside the volume [Slow] [LinuxOnly]" classname="Kubernetes e2e suite" status="skipped" time="0">
              <skipped message="skipped"></skipped>
          </testcase>
          <testcase name="[It] [sig-storage] In-tree Volumes [Driver: rbd] [Feature:Volumes] [Serial] [Testpattern: Dynamic PV (default fs)] provisioning should provision storage with any volume data source [Serial]" classname="Kubernetes e2e suite" status="skipped" time="0">
              <skipped message="skipped"></skipped>
          </testcase>
          <testcase name="[It] [sig-storage] In-tree Volumes [Driver: azure-disk] [Testpattern: Inline-volume (default fs)] subPath should support non-existent path" classname="Kubernetes e2e suite" status="skipped" time="0">
              <skipped message="skipped"></skipped>
          </testcase>
          <testcase name="[It] [sig-storage] In-tree Volumes [Driver: local] [LocalVolumeType: tmpfs] [Testpattern: Pre-provisioned PV (block volmode)] disruptive [Disruptive] [LinuxOnly] Should test that pv used in a pod that is force deleted while the kubelet is down cleans up when the kubelet returns." classname="Kubernetes e2e suite" status="skipped" time="0">
              <skipped message="skipped"></skipped>
          </testcase>
          <testcase name="[It] [sig-api-machinery] CustomResourcePublishOpenAPI [Privileged:ClusterAdmin] works for CRD preserving unknown fields at the schema root [Conformance]" classname="Kubernetes e2e suite" status="passed" time="5.3233979399999996"></testcase>
          <testcase name="[It] [sig-storage] In-tree Volumes [Driver: rbd] [Feature:Volumes] [Serial] [Testpattern: Dynamic PV (ext4)] multiVolume [Slow] should access to two volumes with different volume mode and retain data across pod recreation on different node" classname="Kubernetes e2e suite" status="skipped" time="0">
              <skipped message="skipped"></skipped>
          </testcase>
          <testcase name="[It] [sig-storage] In-tree Volumes [Driver: vsphere] [Testpattern: Dynamic PV (delayed binding)] topology should provision a volume and schedule a pod with AllowedTopologies" classname="Kubernetes e2e suite" status="skipped" time="0">
              <skipped message="skipped"></skipped>
          </testcase>
          <testcase name="[It] [sig-storage] CSI Volumes [Driver: csi-hostpath] [Testpattern: Dynamic PV (filesystem volmode)] multiVolume [Slow] should concurrently access the volume and restored snapshot from pods on the same node [LinuxOnly] [Feature:VolumeSnapshotDataSource] [Feature:VolumeSourceXFS]" classname="Kubernetes e2e suite" status="skipped" time="0">
              <skipped message="skipped"></skipped>
          </testcase>
          <testcase name="[It] [sig-storage] In-tree Volumes [Driver: nfs] [Testpattern: Dynamic PV (block volmode)] provisioning should mount multiple PV pointing to the same storage on the same node" classname="Kubernetes e2e suite" status="skipped" time="0">
              <skipped message="skipped"></skipped>
          </testcase>
          <testcase name="[It] [sig-storage] In-tree Volumes [Driver: local] [LocalVolumeType: blockfs] [Testpattern: Dynamic PV (default fs)] subPath should support creating multiple subpath from same volumes [Slow]" classname="Kubernetes e2e suite" status="skipped" time="0">
              <skipped message="skipped"></skipped>
          </testcase>
          <testcase name="[It] [sig-storage] In-tree Volumes [Driver: local] [LocalVolumeType: dir-link] [Testpattern: Pre-provisioned PV (block volmode)] disruptive [Disruptive] [LinuxOnly] Should test that pv used in a pod that is deleted while the kubelet is down cleans up when the kubelet returns." classname="Kubernetes e2e suite" status="skipped" time="0">
              <skipped message="skipped"></skipped>
          </testcase>
          <testcase name="[It] [sig-storage] CSI Volumes [Driver: pd.csi.storage.gke.io] [Serial] [Testpattern: Dynamic PV (filesystem volmode)] disruptive [Disruptive] [LinuxOnly] Should test that pv used in a pod that is force deleted while the kubelet is down is usable by a new pod when kubelet returns [Feature:SELinux]" classname="Kubernetes e2e suite" status="skipped" time="0">
              <skipped message="skipped"></skipped>
          </testcase>
          <testcase name="[It] [sig-storage] In-tree Volumes [Driver: hostPathSymlink] [Testpattern: Dynamic PV (ntfs)] [Feature:Windows] subPath should support restarting containers using directory as subpath [Slow]" classname="Kubernetes e2e suite" status="skipped" time="0">
              <skipped message="skipped"></skipped>
          </testcase>
          <testcase name="[It] [sig-storage] In-tree Volumes [Driver: local] [LocalVolumeType: dir-link] [Testpattern: Pre-provisioned PV (default fs)] subPath should support readOnly directory specified in the volumeMount" classname="Kubernetes e2e suite" status="skipped" time="0">
              <skipped message="skipped"></skipped>
          </testcase>
          <testcase name="[It] [sig-storage] In-tree Volumes [Driver: local] [LocalVolumeType: tmpfs] [Testpattern: Generic Ephemeral-volume (default fs) (late-binding)] ephemeral should create read/write inline ephemeral volume" classname="Kubernetes e2e suite" status="skipped" time="0">
              <skipped message="skipped"></skipped>
          </testcase>
          <testcase name="[It] [sig-storage] In-tree Volumes [Driver: ceph] [Feature:Volumes] [Serial] [Testpattern: Dynamic PV (ntfs)] [Feature:Windows] subPath should support existing single file [LinuxOnly]" classname="Kubernetes e2e suite" status="skipped" time="0">
              <skipped message="skipped"></skipped>
          </testcase>
          <testcase name="[It] [sig-cloud-provider-gcp] Reboot [Disruptive] [Feature:Reboot] each node by switching off the network interface and ensure they function upon switch on" classname="Kubernetes e2e suite" status="skipped" time="0">
              <skipped message="skipped"></skipped>
          </testcase>
          <testcase name="[It] [sig-storage] In-tree Volumes [Driver: emptydir] [Testpattern: Inline-volume (default fs)] volumes should allow exec of files on the volume" classname="Kubernetes e2e suite" status="skipped" time="0">
              <skipped message="skipped"></skipped>
          </testcase>
          <testcase name="[It] [sig-storage] In-tree Volumes [Driver: rbd] [Feature:Volumes] [Serial] [Testpattern: Inline-volume (default fs)] subPath should be able to unmount after the subpath directory is deleted [LinuxOnly]" classname="Kubernetes e2e suite" status="skipped" time="0">
              <skipped message="skipped"></skipped>
          </testcase>
          <testcase name="[It] [sig-storage] Secrets should be immutable if `immutable` field is set [Conformance]" classname="Kubernetes e2e suite" status="passed" time="0.070718612"></testcase>
          <testcase name="[It] [sig-node] Container Runtime blackbox test on terminated container should report termination message from file when pod succeeds and TerminationMessagePolicy FallbackToLogsOnError is set [NodeConformance] [Conformance]" classname="Kubernetes e2e suite" status="passed" time="3.084176529"></testcase>
          <testcase name="[It] [sig-storage] In-tree Volumes [Driver: local] [LocalVolumeType: blockfs] [Testpattern: Pre-provisioned PV (filesystem volmode)] multiVolume [Slow] should access to two volumes with different volume mode and retain data across pod recreation on different node" classname="Kubernetes e2e suite" status="skipped" time="0">
              <skipped message="skipped"></skipped>
          </testcase>
          <testcase name="[It] [sig-storage] PersistentVolumes [Feature:vsphere] [Feature:ReclaimPolicy] persistentvolumereclaim:vsphere [Feature:vsphere] should not detach and unmount PV when associated pvc with delete as reclaimPolicy is deleted when it is in use by the pod" classname="Kubernetes e2e suite" status="skipped" time="0">
              <skipped message="skipped"></skipped>
          </testcase>
          <testcase name="[It] [sig-storage] In-tree Volumes [Driver: nfs] [Testpattern: Pre-provisioned PV (block volmode)] multiVolume [Slow] should access to two volumes with the same volume mode and retain data across pod recreation on different node" classname="Kubernetes e2e suite" status="skipped" time="0">
              <skipped message="skipped"></skipped>
          </testcase>
          <testcase name="[It] [sig-storage] In-tree Volumes [Driver: local] [LocalVolumeType: dir-bindmounted] [Testpattern: Inline-volume (default fs)] volumeIO should write files of various sizes, verify size, validate content [Slow]" classname="Kubernetes e2e suite" status="skipped" time="0">
              <skipped message="skipped"></skipped>
          </testcase>
          <testcase name="[It] [sig-storage] In-tree Volumes [Driver: ceph] [Feature:Volumes] [Serial] [Testpattern: Dynamic PV (default fs)] subPath should fail if subpath file is outside the volume [Slow] [LinuxOnly]" classname="Kubernetes e2e suite" status="skipped" time="0">
              <skipped message="skipped"></skipped>
          </testcase>
          <testcase name="[It] [sig-storage] In-tree Volumes [Driver: iscsi] [Feature:Volumes] [Testpattern: Pre-provisioned PV (filesystem volmode)] disruptive [Disruptive] [LinuxOnly] Should test that pv used in a pod that is force deleted while the kubelet is down is usable by a new pod when kubelet returns [Feature:SELinux]" classname="Kubernetes e2e suite" status="skipped" time="0">
              <skipped message="skipped"></skipped>
          </testcase>
          <testcase name="[It] [sig-storage] In-tree Volumes [Driver: ceph] [Feature:Volumes] [Serial] [Testpattern: Dynamic PV (ntfs)] [Feature:Windows] subPath should support readOnly directory specified in the volumeMount" classname="Kubernetes e2e suite" status="skipped" time="0">
              <skipped message="skipped"></skipped>
          </testcase>
          <testcase name="[It] [sig-storage] In-tree Volumes [Driver: local] [LocalVolumeType: blockfs] [Testpattern: Pre-provisioned PV (filesystem volmode)] multiVolume [Slow] should concurrently access the single volume from pods on the same node" classname="Kubernetes e2e suite" status="skipped" time="0">
              <skipped message="skipped"></skipped>
          </testcase>
          <testcase name="[It] [sig-storage] In-tree Volumes [Driver: iscsi] [Feature:Volumes] [Testpattern: Pre-provisioned PV (filesystem volmode)] disruptive [Disruptive] [LinuxOnly] Should test that pv used in a pod that is force deleted while the kubelet is down is usable by a new pod with a different SELinux context when kubelet returns [Feature:SELinux]" classname="Kubernetes e2e suite" status="skipped" time="0">
              <skipped message="skipped"></skipped>
          </testcase>
          <testcase name="[It] [sig-storage] In-tree Volumes [Driver: local] [LocalVolumeType: tmpfs] [Testpattern: Pre-provisioned PV (filesystem volmode)] volumeMode should fail to use a volume in a pod with mismatched mode [Slow]" classname="Kubernetes e2e suite" status="skipped" time="0">
              <skipped message="skipped"></skipped>
          </testcase>
          <testcase name="[It] [sig-api-machinery] Generated clientset should create v1 cronJobs, delete cronJobs, watch cronJobs" classname="Kubernetes e2e suite" status="skipped" time="0">
              <skipped message="skipped"></skipped>
          </testcase>
          <testcase name="[It] [sig-storage] In-tree Volumes [Driver: local] [LocalVolumeType: block] [Testpattern: Dynamic PV (ntfs)] [Feature:Windows] subPath should support existing directory" classname="Kubernetes e2e suite" status="skipped" time="0">
              <skipped message="skipped"></skipped>
          </testcase>
          <testcase name="[It] [sig-storage] In-tree Volumes [Driver: aws] [Testpattern: Pre-provisioned PV (default fs)] subPath should support restarting containers using file as subpath [Slow] [LinuxOnly]" classname="Kubernetes e2e suite" status="skipped" time="0">
              <skipped message="skipped"></skipped>
          </testcase>
          <testcase name="[It] [sig-storage] In-tree Volumes [Driver: azure-file] [Testpattern: Dynamic PV (ntfs)] [Feature:Windows] multiVolume [Slow] should access to two volumes with the same volume mode and retain data across pod recreation on the same node" classname="Kubernetes e2e suite" status="skipped" time="0">
              <skipped message="skipped"></skipped>
          </testcase>
          <testcase name="[It] [sig-api-machinery] Garbage collector should orphan pods created by rc if delete options say so [Conformance]" classname="Kubernetes e2e suite" status="passed" time="43.766392182"></testcase>
          <testcase name="[It] [sig-storage] In-tree Volumes [Driver: local] [LocalVolumeType: gce-localssd-scsi-fs] [Serial] [Testpattern: Dynamic PV (ext4)] multiVolume [Slow] should access to two volumes with different volume mode and retain data across pod recreation on the same node" classname="Kubernetes e2e suite" status="skipped" time="0">
              <skipped message="skipped"></skipped>
          </testcase>
          <testcase name="[It] [sig-storage] CSI Mock volume expansion Expansion with recovery [Feature:RecoverVolumeExpansionFailure] recovery should not be possible in partially expanded volumes" classname="Kubernetes e2e suite" status="skipped" time="0">
              <skipped message="skipped"></skipped>
          </testcase>
          <testcase name="[It] [sig-storage] In-tree Volumes [Driver: azure-file] [Testpattern: Dynamic PV (ntfs)] [Feature:Windows] multiVolume [Slow] should access to two volumes with different volume mode and retain data across pod recreation on the same node" classname="Kubernetes e2e suite" status="skipped" time="0">
              <skipped message="skipped"></skipped>
          </testcase>
          <testcase name="[It] [sig-storage] In-tree Volumes [Driver: local] [LocalVolumeType: dir] [Testpattern: Pre-provisioned PV (block volmode)] disruptive [Disruptive] [LinuxOnly] Should test that pv used in a pod that is force deleted while the kubelet is down cleans up when the kubelet returns." classname="Kubernetes e2e suite" status="skipped" time="0">
              <skipped message="skipped"></skipped>
          </testcase>
          <testcase name="[It] [sig-storage] In-tree Volumes [Driver: cinder] [Testpattern: Dynamic PV (block volmode)] volumeMode should not mount / map unused volumes in a pod [LinuxOnly]" classname="Kubernetes e2e suite" status="skipped" time="0">
              <skipped message="skipped"></skipped>
          </testcase>
          <testcase name="[It] [sig-storage] In-tree Volumes [Driver: local] [LocalVolumeType: blockfs] [Testpattern: Dynamic PV (xfs)] [Slow] multiVolume [Slow] should access to two volumes with the same volume mode and retain data across pod recreation on different node" classname="Kubernetes e2e suite" status="skipped" time="0">
              <skipped message="skipped"></skipped>
          </testcase>
          <testcase name="[It] [sig-storage] In-tree Volumes [Driver: nfs] [Testpattern: Pre-provisioned PV (block volmode)] volumes should store data" classname="Kubernetes e2e suite" status="skipped" time="0">
              <skipped message="skipped"></skipped>
          </testcase>
          <testcase name="[It] [sig-storage] PersistentVolumes-local StatefulSet with pod affinity [Slow] should use volumes on one node when pod management is parallel and pod has affinity" classname="Kubernetes e2e suite" status="skipped" time="0">
              <skipped message="skipped"></skipped>
          </testcase>
          <testcase name="[It] [sig-storage] In-tree Volumes [Driver: iscsi] [Feature:Volumes] [Testpattern: Dynamic PV (ntfs)] [Feature:Windows] multiVolume [Slow] should concurrently access the single volume from pods on different node" classname="Kubernetes e2e suite" status="skipped" time="0">
              <skipped message="skipped"></skipped>
          </testcase>
          <testcase name="[It] [sig-storage] In-tree Volumes [Driver: emptydir] [Testpattern: Pre-provisioned PV (default fs)] subPath should support existing directory" classname="Kubernetes e2e suite" status="skipped" time="0">
              <skipped message="skipped"></skipped>
          </testcase>
          <testcase name="[It] [sig-storage] In-tree Volumes [Driver: local] [LocalVolumeType: dir-bindmounted] [Testpattern: Pre-provisioned PV (block volmode)] multiVolume [Slow] should access to two volumes with different volume mode and retain data across pod recreation on the same node" classname="Kubernetes e2e suite" status="skipped" time="0">
              <skipped message="skipped"></skipped>
          </testcase>
          <testcase name="[It] [sig-storage] In-tree Volumes [Driver: ceph] [Feature:Volumes] [Serial] [Testpattern: Inline-volume (ext4)] volumes should store data" classname="Kubernetes e2e suite" status="skipped" time="0">
              <skipped message="skipped"></skipped>
          </testcase>
          <testcase name="[It] [sig-storage] CSI Volumes [Driver: pd.csi.storage.gke.io] [Serial] [Testpattern: Pre-provisioned PV (default fs)] subPath should support existing directories when readOnly specified in the volumeSource" classname="Kubernetes e2e suite" status="skipped" time="0">
              <skipped message="skipped"></skipped>
          </testcase>
          <testcase name="[It] [sig-storage] In-tree Volumes [Driver: azure-disk] [Testpattern: Pre-provisioned PV (block volmode)] multiVolume [Slow] should access to two volumes with the same volume mode and retain data across pod recreation on the same node" classname="Kubernetes e2e suite" status="skipped" time="0">
              <skipped message="skipped"></skipped>
          </testcase>
          <testcase name="[It] [sig-storage] In-tree Volumes [Driver: hostPathSymlink] [Testpattern: Pre-provisioned PV (ext4)] volumes should allow exec of files on the volume" classname="Kubernetes e2e suite" status="skipped" time="0">
              <skipped message="skipped"></skipped>
          </testcase>
          <testcase name="[It] [sig-storage] In-tree Volumes [Driver: local] [LocalVolumeType: gce-localssd-scsi-fs] [Serial] [Testpattern: Pre-provisioned PV (block volmode)] disruptive [Disruptive] [LinuxOnly] Should test that pv used in a pod that is force deleted while the kubelet is down cleans up when the kubelet returns." classname="Kubernetes e2e suite" status="skipped" time="0">
              <skipped message="skipped"></skipped>
          </testcase>
          <testcase name="[It] [sig-storage] In-tree Volumes [Driver: azure-disk] [Testpattern: Dynamic PV (filesystem volmode)] disruptive [Disruptive] [LinuxOnly] Should test that pv used in a pod that is deleted while the kubelet is down is usable by a new pod with a different SELinux context when kubelet returns [Feature:SELinux]" classname="Kubernetes e2e suite" status="skipped" time="0">
              <skipped message="skipped"></skipped>
          </testcase>
          <testcase name="[It] [sig-node] [NodeAlphaFeature:SidecarContainers] [Feature:SidecarContainers] Probing restartable init container should override timeoutGracePeriodSeconds when StartupProbe field is set" classname="Kubernetes e2e suite" status="skipped" time="0">
              <skipped message="skipped"></skipped>
          </testcase>
          <testcase name="[It] [sig-storage] In-tree Volumes [Driver: emptydir] [Testpattern: Dynamic PV (default fs)] volume-stress multiple pods should access different volumes repeatedly [Slow] [Serial]" classname="Kubernetes e2e suite" status="skipped" time="0">
              <skipped message="skipped"></skipped>
          </testcase>
          <testcase name="[It] [sig-storage] In-tree Volumes [Driver: emptydir] [Testpattern: Dynamic PV (ext4)] multiVolume [Slow] should access to two volumes with the same volume mode and retain data across pod recreation on different node" classname="Kubernetes e2e suite" status="skipped" time="0">
              <skipped message="skipped"></skipped>
          </testcase>
          <testcase name="[It] [sig-storage] In-tree Volumes [Driver: local] [LocalVolumeType: blockfs] [Testpattern: Dynamic PV (block volmode)] volume-expand should not allow expansion of pvcs without AllowVolumeExpansion property" classname="Kubernetes e2e suite" status="skipped" time="0">
              <skipped message="skipped"></skipped>
          </testcase>
          <testcase name="[It] [sig-storage] In-tree Volumes [Driver: hostPath] [Testpattern: Dynamic PV (ntfs)] [Feature:Windows] provisioning should provision correct filesystem size when restoring snapshot to larger size pvc [Feature:VolumeSnapshotDataSource]" classname="Kubernetes e2e suite" status="skipped" time="0">
              <skipped message="skipped"></skipped>
          </testcase>
          <testcase name="[It] [sig-storage] CSI Volumes [Driver: csi-hostpath] [Testpattern: Dynamic PV (filesystem volmode)] multiVolume [Slow] should concurrently access the single read-only volume from pods on the same node" classname="Kubernetes e2e suite" status="skipped" time="0">
              <skipped message="skipped"></skipped>
          </testcase>
          <testcase name="[It] [sig-storage] In-tree Volumes [Driver: local] [LocalVolumeType: gce-localssd-scsi-fs] [Serial] [Testpattern: Inline-volume (default fs)] volumes should store data" classname="Kubernetes e2e suite" status="skipped" time="0">
              <skipped message="skipped"></skipped>
          </testcase>
          <testcase name="[It] [sig-storage] In-tree Volumes [Driver: hostPathSymlink] [Testpattern: Dynamic PV (ntfs)] [Feature:Windows] subPath should support non-existent path" classname="Kubernetes e2e suite" status="skipped" time="0">
              <skipped message="skipped"></skipped>
          </testcase>
          <testcase name="[It] [sig-storage] CSI Volumes [Driver: csi-hostpath] [Testpattern: Dynamic PV (default fs)] fsgroupchangepolicy (Always)[LinuxOnly], pod created with an initial fsgroup, volume contents ownership changed via chgrp in first pod, new pod with same fsgroup applied to the volume contents" classname="Kubernetes e2e suite" status="skipped" time="0">
              <skipped message="skipped"></skipped>
          </testcase>
          <testcase name="[It] [sig-storage] In-tree Volumes [Driver: local] [LocalVolumeType: dir-bindmounted] [Testpattern: Dynamic PV (default fs)] volume-stress multiple pods should access different volumes repeatedly [Slow] [Serial]" classname="Kubernetes e2e suite" status="skipped" time="0">
              <skipped message="skipped"></skipped>
          </testcase>
          <testcase name="[It] [sig-windows] [Feature:Windows] Density [Serial] [Slow] create a batch of pods latency/resource should be within limit when create 10 pods with 0s interval" classname="Kubernetes e2e suite" status="skipped" time="0">
              <skipped message="skipped"></skipped>
          </testcase>
          <testcase name="[It] [sig-storage] In-tree Volumes [Driver: vsphere] [Testpattern: Dynamic PV (xfs)] [Slow] multiVolume [Slow] should access to two volumes with the same volume mode and retain data across pod recreation on different node" classname="Kubernetes e2e suite" status="skipped" time="0">
              <skipped message="skipped"></skipped>
          </testcase>
          <testcase name="[It] [sig-api-machinery] ResourceQuota should create a ResourceQuota and capture the life of a replica set. [Conformance]" classname="Kubernetes e2e suite" status="passed" time="11.093479138"></testcase>
          <testcase name="[It] [sig-storage] In-tree Volumes [Driver: cinder] [Testpattern: Dynamic PV (block volmode)] disruptive [Disruptive] [LinuxOnly] Should test that pv used in a pod that is force deleted while the kubelet is down cleans up when the kubelet returns." classname="Kubernetes e2e suite" status="skipped" time="0">
              <skipped message="skipped"></skipped>
          </testcase>
          <testcase name="[It] [sig-storage] In-tree Volumes [Driver: azure-disk] [Testpattern: Dynamic PV (xfs)] [Slow] multiVolume [Slow] should concurrently access the volume and restored snapshot from pods on the same node [LinuxOnly] [Feature:VolumeSnapshotDataSource] [Feature:VolumeSourceXFS]" classname="Kubernetes e2e suite" status="skipped" time="0">
              <skipped message="skipped"></skipped>
          </testcase>
          <testcase name="[It] [sig-storage] In-tree Volumes [Driver: hostPath] [Testpattern: Dynamic PV (ntfs)] [Feature:Windows] volume-expand should not allow expansion of pvcs without AllowVolumeExpansion property" classname="Kubernetes e2e suite" status="skipped" time="0">
              <skipped message="skipped"></skipped>
          </testcase>
          <testcase name="[It] [sig-storage] In-tree Volumes [Driver: local] [LocalVolumeType: tmpfs] [Testpattern: Dynamic PV (ntfs)] [Feature:Windows] volumeIO should write files of various sizes, verify size, validate content [Slow]" classname="Kubernetes e2e suite" status="skipped" time="0">
              <skipped message="skipped"></skipped>
          </testcase>
          <testcase name="[It] [sig-storage] In-tree Volumes [Driver: local] [LocalVolumeType: dir] [Testpattern: Pre-provisioned PV (ext3)] volumes should allow exec of files on the volume" classname="Kubernetes e2e suite" status="skipped" time="0">
              <skipped message="skipped"></skipped>
          </testcase>
          <testcase name="[It] [sig-storage] In-tree Volumes [Driver: local] [LocalVolumeType: dir-bindmounted] [Testpattern: Dynamic PV (ntfs)] [Feature:Windows] subPath should support existing directory" classname="Kubernetes e2e suite" status="skipped" time="0">
              <skipped message="skipped"></skipped>
          </testcase>
          <testcase name="[It] [sig-storage] In-tree Volumes [Driver: hostPathSymlink] [Testpattern: Dynamic PV (ntfs)] [Feature:Windows] subPath should fail if subpath with backstepping is outside the volume [Slow] [LinuxOnly]" classname="Kubernetes e2e suite" status="skipped" time="0">
              <skipped message="skipped"></skipped>
          </testcase>
          <testcase name="[It] [sig-storage] In-tree Volumes [Driver: rbd] [Feature:Volumes] [Serial] [Testpattern: Dynamic PV (ntfs)] [Feature:Windows] multiVolume [Slow] should concurrently access the single volume from pods on different node" classname="Kubernetes e2e suite" status="skipped" time="0">
              <skipped message="skipped"></skipped>
          </testcase>
          <testcase name="[It] [sig-storage] In-tree Volumes [Driver: local] [LocalVolumeType: dir] [Testpattern: Dynamic PV (default fs)] subPath should fail if subpath with backstepping is outside the volume [Slow] [LinuxOnly]" classname="Kubernetes e2e suite" status="skipped" time="0">
              <skipped message="skipped"></skipped>
          </testcase>
          <testcase name="[It] [sig-storage] In-tree Volumes [Driver: local] [LocalVolumeType: dir] [Testpattern: Dynamic PV (xfs)] [Slow] multiVolume [Slow] should concurrently access the single volume from pods on the same node" classname="Kubernetes e2e suite" status="skipped" time="0">
              <skipped message="skipped"></skipped>
          </testcase>
          <testcase name="[It] [sig-storage] In-tree Volumes [Driver: local] [LocalVolumeType: gce-localssd-scsi-fs] [Serial] [Testpattern: Dynamic PV (default fs)] subPath should fail if subpath file is outside the volume [Slow] [LinuxOnly]" classname="Kubernetes e2e suite" status="skipped" time="0">
              <skipped message="skipped"></skipped>
          </testcase>
          <testcase name="[It] [sig-storage] In-tree Volumes [Driver: vsphere] [Testpattern: Dynamic PV (filesystem volmode)] multiVolume [Slow] should access to two volumes with different volume mode and retain data across pod recreation on different node" classname="Kubernetes e2e suite" status="skipped" time="0">
              <skipped message="skipped"></skipped>
          </testcase>
          <testcase name="[It] [sig-storage] In-tree Volumes [Driver: iscsi] [Feature:Volumes] [Testpattern: Dynamic PV (ntfs)] [Feature:Windows] subPath should support existing directories when readOnly specified in the volumeSource" classname="Kubernetes e2e suite" status="skipped" time="0">
              <skipped message="skipped"></skipped>
          </testcase>
          <testcase name="[It] [sig-storage] In-tree Volumes [Driver: cinder] [Testpattern: Dynamic PV (default fs)] subPath should support restarting containers using file as subpath [Slow] [LinuxOnly]" classname="Kubernetes e2e suite" status="skipped" time="0">
              <skipped message="skipped"></skipped>
          </testcase>
          <testcase name="[It] [sig-storage] CSI Mock selinux on mount SELinuxMount [LinuxOnly] [Feature:SELinux] should add SELinux mount option to existing mount options" classname="Kubernetes e2e suite" status="skipped" time="0">
              <skipped message="skipped"></skipped>
          </testcase>
          <testcase name="[It] [sig-storage] In-tree Volumes [Driver: cinder] [Testpattern: Dynamic PV (ntfs)] [Feature:Windows] multiVolume [Slow] should access to two volumes with the same volume mode and retain data across pod recreation on different node" classname="Kubernetes e2e suite" status="skipped" time="0">
              <skipped message="skipped"></skipped>
          </testcase>
          <testcase name="[It] [sig-storage] In-tree Volumes [Driver: local] [LocalVolumeType: dir-link-bindmounted] [Testpattern: Inline-volume (default fs)] subPath should unmount if pod is force deleted while kubelet is down [Disruptive] [Slow] [LinuxOnly]" classname="Kubernetes e2e suite" status="skipped" time="0">
              <skipped message="skipped"></skipped>
          </testcase>
          <testcase name="[It] [sig-storage] In-tree Volumes [Driver: local] [LocalVolumeType: gce-localssd-scsi-fs] [Serial] [Testpattern: Pre-provisioned PV (default fs)] subPath should unmount if pod is force deleted while kubelet is down [Disruptive] [Slow] [LinuxOnly]" classname="Kubernetes e2e suite" status="skipped" time="0">
              <skipped message="skipped"></skipped>
          </testcase>
          <testcase name="[It] [sig-apps] StatefulSet Scaling StatefulSetStartOrdinal Setting .start.ordinal" classname="Kubernetes e2e suite" status="skipped" time="0">
              <skipped message="skipped"></skipped>
          </testcase>
          <testcase name="[It] [sig-storage] In-tree Volumes [Driver: local] [LocalVolumeType: blockfs] [Testpattern: Dynamic PV (ntfs)] [Feature:Windows] multiVolume [Slow] should access to two volumes with different volume mode and retain data across pod recreation on the same node" classname="Kubernetes e2e suite" status="skipped" time="0">
              <skipped message="skipped"></skipped>
          </testcase>
          <testcase name="[It] [sig-storage] In-tree Volumes [Driver: iscsi] [Feature:Volumes] [Testpattern: Dynamic PV (ntfs)] [Feature:Windows] subPath should support restarting containers using directory as subpath [Slow]" classname="Kubernetes e2e suite" status="skipped" time="0">
              <skipped message="skipped"></skipped>
          </testcase>
          <testcase name="[It] [sig-storage] In-tree Volumes [Driver: local] [LocalVolumeType: dir-link] [Testpattern: Dynamic PV (xfs)] [Slow] volumes should allow exec of files on the volume" classname="Kubernetes e2e suite" status="skipped" time="0">
              <skipped message="skipped"></skipped>
          </testcase>
          <testcase name="[It] [sig-node] DRA [Feature:DynamicResourceAllocation] cluster with immediate allocation supports simple pod referencing external resource claim" classname="Kubernetes e2e suite" status="skipped" time="0">
              <skipped message="skipped"></skipped>
          </testcase>
          <testcase name="[It] [sig-cli] Kubectl client Simple pod Kubectl run [Slow] running a failing command without --restart=Never" classname="Kubernetes e2e suite" status="skipped" time="0">
              <skipped message="skipped"></skipped>
          </testcase>
          <testcase name="[It] [sig-storage] In-tree Volumes [Driver: azure-file] [Testpattern: Dynamic PV (filesystem volmode)] multiVolume [Slow] should access to two volumes with the same volume mode and retain data across pod recreation on the same node" classname="Kubernetes e2e suite" status="skipped" time="0">
              <skipped message="skipped"></skipped>
          </testcase>
          <testcase name="[It] [sig-node] [Feature:Example] Secret should create a pod that reads a secret" classname="Kubernetes e2e suite" status="skipped" time="0">
              <skipped message="skipped"></skipped>
          </testcase>
          <testcase name="[It] [sig-storage] In-tree Volumes [Driver: local] [LocalVolumeType: blockfs] [Testpattern: Dynamic PV (default fs)] subPath should support existing single file [LinuxOnly]" classname="Kubernetes e2e suite" status="skipped" time="0">
              <skipped message="skipped"></skipped>
          </testcase>
          <testcase name="[It] [sig-storage] In-tree Volumes [Driver: rbd] [Feature:Volumes] [Serial] [Testpattern: Dynamic PV (default fs)] subPath should support creating multiple subpath from same volumes [Slow]" classname="Kubernetes e2e suite" status="skipped" time="0">
              <skipped message="skipped"></skipped>
          </testcase>
          <testcase name="[It] [sig-storage] In-tree Volumes [Driver: emptydir] [Testpattern: Dynamic PV (default fs)] volumeIO should write files of various sizes, verify size, validate content [Slow]" classname="Kubernetes e2e suite" status="skipped" time="0">
              <skipped message="skipped"></skipped>
          </testcase>
          <testcase name="[It] [sig-storage] In-tree Volumes [Driver: local] [LocalVolumeType: blockfs] [Testpattern: Pre-provisioned PV (default fs)] subPath should support creating multiple subpath from same volumes [Slow]" classname="Kubernetes e2e suite" status="skipped" time="0">
              <skipped message="skipped"></skipped>
          </testcase>
          <testcase name="[It] [sig-storage] PersistentVolumes NFS with Single PV - PVC pairs create a PVC and non-pre-bound PV: test write access" classname="Kubernetes e2e suite" status="skipped" time="0">
              <skipped message="skipped"></skipped>
          </testcase>
          <testcase name="[It] [sig-storage] In-tree Volumes [Driver: azure-disk] [Testpattern: Pre-provisioned PV (default fs)] subPath should support existing directory" classname="Kubernetes e2e suite" status="skipped" time="0">
              <skipped message="skipped"></skipped>
          </testcase>
          <testcase name="[It] [sig-node] [NodeAlphaFeature:SidecarContainers] [Feature:SidecarContainers] Restartable Init Container Lifecycle Hook when create a pod with lifecycle hook should execute prestop exec hook properly" classname="Kubernetes e2e suite" status="skipped" time="0">
              <skipped message="skipped"></skipped>
          </testcase>
          <testcase name="[It] [sig-storage] In-tree Volumes [Driver: local] [LocalVolumeType: dir-link] [Testpattern: Dynamic PV (block volmode)] multiVolume [Slow] should concurrently access the single volume from pods on different node" classname="Kubernetes e2e suite" status="skipped" time="0">
              <skipped message="skipped"></skipped>
          </testcase>
          <testcase name="[It] [sig-storage] In-tree Volumes [Driver: local] [LocalVolumeType: tmpfs] [Testpattern: Pre-provisioned PV (filesystem volmode)] multiVolume [Slow] should access to two volumes with different volume mode and retain data across pod recreation on different node" classname="Kubernetes e2e suite" status="skipped" time="0">
              <skipped message="skipped"></skipped>
          </testcase>
          <testcase name="[It] [sig-storage] In-tree Volumes [Driver: ceph] [Feature:Volumes] [Serial] [Testpattern: Inline-volume (default fs)] subPath should be able to unmount after the subpath directory is deleted [LinuxOnly]" classname="Kubernetes e2e suite" status="skipped" time="0">
              <skipped message="skipped"></skipped>
          </testcase>
          <testcase name="[It] [sig-storage] In-tree Volumes [Driver: local] [LocalVolumeType: gce-localssd-scsi-fs] [Serial] [Testpattern: Inline-volume (xfs)] [Slow] volumes should store data" classname="Kubernetes e2e suite" status="skipped" time="0">
              <skipped message="skipped"></skipped>
          </testcase>
          <testcase name="[It] [sig-storage] In-tree Volumes [Driver: aws] [Testpattern: Inline-volume (default fs)] subPath should unmount if pod is force deleted while kubelet is down [Disruptive] [Slow] [LinuxOnly]" classname="Kubernetes e2e suite" status="skipped" time="0">
              <skipped message="skipped"></skipped>
          </testcase>
          <testcase name="[It] [sig-storage] In-tree Volumes [Driver: iscsi] [Feature:Volumes] [Testpattern: Pre-provisioned PV (default fs)] subPath should support existing single file [LinuxOnly]" classname="Kubernetes e2e suite" status="skipped" time="0">
              <skipped message="skipped"></skipped>
          </testcase>
          <testcase name="[It] [sig-storage] In-tree Volumes [Driver: local] [LocalVolumeType: dir] [Testpattern: Pre-provisioned PV (block volmode)] multiVolume [Slow] should access to two volumes with the same volume mode and retain data across pod recreation on the same node" classname="Kubernetes e2e suite" status="skipped" time="0">
              <skipped message="skipped"></skipped>
          </testcase>
          <testcase name="[It] [sig-storage] Projected secret optional updates should be reflected in volume [NodeConformance] [Conformance]" classname="Kubernetes e2e suite" status="passed" time="4.209607157"></testcase>
          <testcase name="[It] [sig-storage] In-tree Volumes [Driver: local] [LocalVolumeType: dir-link-bindmounted] [Testpattern: Pre-provisioned PV (filesystem volmode)] multiVolume [Slow] should concurrently access the volume and restored snapshot from pods on the same node [LinuxOnly] [Feature:VolumeSnapshotDataSource] [Feature:VolumeSourceXFS]" classname="Kubernetes e2e suite" status="skipped" time="0">
              <skipped message="skipped"></skipped>
          </testcase>
          <testcase name="[It] [sig-storage] In-tree Volumes [Driver: local] [LocalVolumeType: dir] [Testpattern: Inline-volume (default fs)] subPath should support creating multiple subpath from same volumes [Slow]" classname="Kubernetes e2e suite" status="skipped" time="0">
              <skipped message="skipped"></skipped>
          </testcase>
          <testcase name="[It] [sig-storage] In-tree Volumes [Driver: local] [LocalVolumeType: block] [Testpattern: Dynamic PV (ntfs)] [Feature:Windows] multiVolume [Slow] should concurrently access the single volume from pods on the same node" classname="Kubernetes e2e suite" status="skipped" time="0">
              <skipped message="skipped"></skipped>
          </testcase>
          <testcase name="[It] [sig-storage] In-tree Volumes [Driver: rbd] [Feature:Volumes] [Serial] [Testpattern: Dynamic PV (ntfs)] [Feature:Windows] subPath should support existing directories when readOnly specified in the volumeSource" classname="Kubernetes e2e suite" status="skipped" time="0">
              <skipped message="skipped"></skipped>
          </testcase>
          <testcase name="[It] [sig-storage] In-tree Volumes [Driver: local] [LocalVolumeType: blockfs] [Testpattern: Dynamic PV (filesystem volmode)] multiVolume [Slow] should concurrently access the single read-only volume from pods on the same node" classname="Kubernetes e2e suite" status="skipped" time="0">
              <skipped message="skipped"></skipped>
          </testcase>
          <testcase name="[It] [sig-storage] In-tree Volumes [Driver: vsphere] [Testpattern: Dynamic PV (block volmode)] multiVolume [Slow] should access to two volumes with the same volume mode and retain data across pod recreation on different node" classname="Kubernetes e2e suite" status="skipped" time="0">
              <skipped message="skipped"></skipped>
          </testcase>
          <testcase name="[It] [sig-storage] In-tree Volumes [Driver: local] [LocalVolumeType: dir-bindmounted] [Testpattern: Dynamic PV (default fs)] subPath should support readOnly directory specified in the volumeMount" classname="Kubernetes e2e suite" status="skipped" time="0">
              <skipped message="skipped"></skipped>
          </testcase>
          <testcase name="[It] [sig-storage] In-tree Volumes [Driver: local] [LocalVolumeType: tmpfs] [Testpattern: Dynamic PV (ntfs)] [Feature:Windows] subPath should support readOnly directory specified in the volumeMount" classname="Kubernetes e2e suite" status="skipped" time="0">
              <skipped message="skipped"></skipped>
          </testcase>
          <testcase name="[It] [sig-storage] In-tree Volumes [Driver: iscsi] [Feature:Volumes] [Testpattern: Dynamic PV (filesystem volmode)] volumeLimits should support volume limits [Serial]" classname="Kubernetes e2e suite" status="skipped" time="0">
              <skipped message="skipped"></skipped>
          </testcase>
          <testcase name="[It] [sig-storage] In-tree Volumes [Driver: hostPath] [Testpattern: Pre-provisioned PV (default fs)] subPath should be able to unmount after the subpath directory is deleted [LinuxOnly]" classname="Kubernetes e2e suite" status="skipped" time="0">
              <skipped message="skipped"></skipped>
          </testcase>
          <testcase name="[It] [sig-storage] In-tree Volumes [Driver: local] [LocalVolumeType: gce-localssd-scsi-fs] [Serial] [Testpattern: Dynamic PV (filesystem volmode)] volumeMode should fail to use a volume in a pod with mismatched mode [Slow]" classname="Kubernetes e2e suite" status="skipped" time="0">
              <skipped message="skipped"></skipped>
          </testcase>
          <testcase name="[It] [sig-network] Services should have session affinity timeout work for service with type clusterIP [LinuxOnly]" classname="Kubernetes e2e suite" status="skipped" time="0">
              <skipped message="skipped"></skipped>
          </testcase>
          <testcase name="[It] [sig-storage] CSIInlineVolumes should run through the lifecycle of a CSIDriver [Conformance]" classname="Kubernetes e2e suite" status="passed" time="0.096736123"></testcase>
          <testcase name="[It] [sig-storage] In-tree Volumes [Driver: local] [LocalVolumeType: block] [Testpattern: Dynamic PV (xfs)] [Slow] multiVolume [Slow] should concurrently access the volume and restored snapshot from pods on the same node [LinuxOnly] [Feature:VolumeSnapshotDataSource] [Feature:VolumeSourceXFS]" classname="Kubernetes e2e suite" status="skipped" time="0">
              <skipped message="skipped"></skipped>
          </testcase>
          <testcase name="[It] [sig-storage] In-tree Volumes [Driver: local] [LocalVolumeType: dir] [Testpattern: Dynamic PV (default fs)] subPath should support existing directory" classname="Kubernetes e2e suite" status="skipped" time="0">
              <skipped message="skipped"></skipped>
          </testcase>
          <testcase name="[It] [sig-storage] In-tree Volumes [Driver: rbd] [Feature:Volumes] [Serial] [Testpattern: Dynamic PV (default fs)] provisioning should provision storage with pvc data source" classname="Kubernetes e2e suite" status="skipped" time="0">
              <skipped message="skipped"></skipped>
          </testcase>
          <testcase name="[It] [sig-storage] In-tree Volumes [Driver: iscsi] [Feature:Volumes] [Testpattern: Dynamic PV (filesystem volmode)] volumeLimits should verify that all csinodes have volume limits" classname="Kubernetes e2e suite" status="skipped" time="0">
              <skipped message="skipped"></skipped>
          </testcase>
          <testcase name="[It] [sig-storage] In-tree Volumes [Driver: vsphere] [Testpattern: Inline-volume (default fs)] subPath should verify container cannot write to subpath readonly volumes [Slow]" classname="Kubernetes e2e suite" status="skipped" time="0">
              <skipped message="skipped"></skipped>
          </testcase>
          <testcase name="[It] [sig-node] [Feature:Example] Downward API should create a pod that prints his name and namespace" classname="Kubernetes e2e suite" status="skipped" time="0">
              <skipped message="skipped"></skipped>
          </testcase>
          <testcase name="[It] [sig-node] Containers should use the image defaults if command and args are blank [NodeConformance] [Conformance]" classname="Kubernetes e2e suite" status="passed" time="2.090507389"></testcase>
          <testcase name="[It] [sig-storage] In-tree Volumes [Driver: local] [LocalVolumeType: blockfs] [Testpattern: Dynamic PV (default fs)] provisioning should provision storage with snapshot data source [Feature:VolumeSnapshotDataSource]" classname="Kubernetes e2e suite" status="skipped" time="0">
              <skipped message="skipped"></skipped>
          </testcase>
          <testcase name="[It] [sig-storage] In-tree Volumes [Driver: iscsi] [Feature:Volumes] [Testpattern: Pre-provisioned PV (block volmode)] multiVolume [Slow] should access to two volumes with the same volume mode and retain data across pod recreation on the same node" classname="Kubernetes e2e suite" status="skipped" time="0">
              <skipped message="skipped"></skipped>
          </testcase>
          <testcase name="[It] [sig-storage] CSI Volumes [Driver: csi-hostpath] [Testpattern: Pre-provisioned PV (filesystem volmode)] disruptive [Disruptive] [LinuxOnly] Should test that pv used in a pod that is deleted while the kubelet is down is usable by a new pod with a different SELinux context when kubelet returns [Feature:SELinux]" classname="Kubernetes e2e suite" status="skipped" time="0">
              <skipped message="skipped"></skipped>
          </testcase>
          <testcase name="[It] [sig-storage] In-tree Volumes [Driver: local] [LocalVolumeType: gce-localssd-scsi-fs] [Serial] [Testpattern: Inline-volume (default fs)] subPath should support non-existent path" classname="Kubernetes e2e suite" status="skipped" time="0">
              <skipped message="skipped"></skipped>
          </testcase>
          <testcase name="[It] [sig-storage] In-tree Volumes [Driver: azure-file] [Testpattern: Generic Ephemeral-volume (block volmode) (late-binding)] ephemeral should create read-only inline ephemeral volume" classname="Kubernetes e2e suite" status="skipped" time="0">
              <skipped message="skipped"></skipped>
          </testcase>
          <testcase name="[It] [sig-api-machinery] Servers with support for Table transformation should return pod details" classname="Kubernetes e2e suite" status="skipped" time="0">
              <skipped message="skipped"></skipped>
          </testcase>
          <testcase name="[It] [sig-storage] In-tree Volumes [Driver: local] [LocalVolumeType: dir] [Testpattern: Dynamic PV (filesystem volmode)] multiVolume [Slow] should access to two volumes with different volume mode and retain data across pod recreation on the same node" classname="Kubernetes e2e suite" status="skipped" time="0">
              <skipped message="skipped"></skipped>
          </testcase>
          <testcase name="[It] [sig-storage] CSI Volumes [Driver: csi-hostpath] [Testpattern: Pre-provisioned PV (block volmode)] volumeMode should fail to use a volume in a pod with mismatched mode [Slow]" classname="Kubernetes e2e suite" status="skipped" time="0">
              <skipped message="skipped"></skipped>
          </testcase>
          <testcase name="[It] [sig-storage] In-tree Volumes [Driver: cinder] [Testpattern: Dynamic PV (ext4)] multiVolume [Slow] should access to two volumes with different volume mode and retain data across pod recreation on different node" classname="Kubernetes e2e suite" status="skipped" time="0">
              <skipped message="skipped"></skipped>
          </testcase>
          <testcase name="[It] [sig-storage] In-tree Volumes [Driver: azure-disk] [Testpattern: Dynamic PV (filesystem volmode)] multiVolume [Slow] should access to two volumes with the same volume mode and retain data across pod recreation on different node" classname="Kubernetes e2e suite" status="skipped" time="0">
              <skipped message="skipped"></skipped>
          </testcase>
          <testcase name="[It] [sig-storage] In-tree Volumes [Driver: rbd] [Feature:Volumes] [Serial] [Testpattern: Inline-volume (default fs)] subPath should fail if subpath with backstepping is outside the volume [Slow] [LinuxOnly]" classname="Kubernetes e2e suite" status="skipped" time="0">
              <skipped message="skipped"></skipped>
          </testcase>
          <testcase name="[It] [sig-storage] In-tree Volumes [Driver: local] [LocalVolumeType: block] [Testpattern: Pre-provisioned PV (default fs)] volumes should store data" classname="Kubernetes e2e suite" status="skipped" time="0">
              <skipped message="skipped"></skipped>
          </testcase>
          <testcase name="[It] [sig-storage] In-tree Volumes [Driver: aws] [Testpattern: Dynamic PV (default fs)] volume-stress multiple pods should access different volumes repeatedly [Slow] [Serial]" classname="Kubernetes e2e suite" status="skipped" time="0">
              <skipped message="skipped"></skipped>
          </testcase>
          <testcase name="[It] [sig-storage] In-tree Volumes [Driver: nfs] [Testpattern: Dynamic PV (xfs)] [Slow] multiVolume [Slow] should access to two volumes with different volume mode and retain data across pod recreation on the same node" classname="Kubernetes e2e suite" status="skipped" time="0">
              <skipped message="skipped"></skipped>
          </testcase>
          <testcase name="[It] [sig-storage] CSI Mock workload info CSI workload information using mock driver should not be passed when podInfoOnMount=nil" classname="Kubernetes e2e suite" status="skipped" time="0">
              <skipped message="skipped"></skipped>
          </testcase>
          <testcase name="[It] [sig-storage] In-tree Volumes [Driver: azure-disk] [Testpattern: Dynamic PV (default fs)] subPath should support readOnly directory specified in the volumeMount" classname="Kubernetes e2e suite" status="skipped" time="0">
              <skipped message="skipped"></skipped>
          </testcase>
          <testcase name="[It] [sig-storage] CSI Volumes [Driver: csi-hostpath] [Testpattern: Dynamic PV (default fs)] read-write-once-pod [MinimumKubeletVersion:1.27] should block a second pod from using an in-use ReadWriteOncePod volume on the same node" classname="Kubernetes e2e suite" status="skipped" time="0">
              <skipped message="skipped"></skipped>
          </testcase>
          <testcase name="[It] [sig-storage] In-tree Volumes [Driver: rbd] [Feature:Volumes] [Serial] [Testpattern: Dynamic PV (block volmode)] volume-expand should not allow expansion of pvcs without AllowVolumeExpansion property" classname="Kubernetes e2e suite" status="skipped" time="0">
              <skipped message="skipped"></skipped>
          </testcase>
          <testcase name="[It] [sig-storage] In-tree Volumes [Driver: ceph] [Feature:Volumes] [Serial] [Testpattern: Inline-volume (default fs)] subPath should fail if subpath directory is outside the volume [Slow] [LinuxOnly]" classname="Kubernetes e2e suite" status="skipped" time="0">
              <skipped message="skipped"></skipped>
          </testcase>
          <testcase name="[It] [sig-storage] In-tree Volumes [Driver: emptydir] [Testpattern: Dynamic PV (ntfs)] [Feature:Windows] volumes should store data" classname="Kubernetes e2e suite" status="skipped" time="0">
              <skipped message="skipped"></skipped>
          </testcase>
          <testcase name="[It] [sig-storage] In-tree Volumes [Driver: ceph] [Feature:Volumes] [Serial] [Testpattern: Dynamic PV (delayed binding)] topology should provision a volume and schedule a pod with AllowedTopologies" classname="Kubernetes e2e suite" status="skipped" time="0">
              <skipped message="skipped"></skipped>
          </testcase>
          <testcase name="[It] [sig-storage] In-tree Volumes [Driver: aws] [Testpattern: Inline-volume (default fs)] subPath should unmount if pod is gracefully deleted while kubelet is down [Disruptive] [Slow] [LinuxOnly]" classname="Kubernetes e2e suite" status="skipped" time="0">
              <skipped message="skipped"></skipped>
          </testcase>
          <testcase name="[It] [sig-storage] In-tree Volumes [Driver: emptydir] [Testpattern: Dynamic PV (filesystem volmode)] multiVolume [Slow] should concurrently access the single volume from pods on the same node" classname="Kubernetes e2e suite" status="skipped" time="0">
              <skipped message="skipped"></skipped>
          </testcase>
          <testcase name="[It] [sig-storage] In-tree Volumes [Driver: local] [LocalVolumeType: dir-bindmounted] [Testpattern: Inline-volume (xfs)] [Slow] volumes should allow exec of files on the volume" classname="Kubernetes e2e suite" status="skipped" time="0">
              <skipped message="skipped"></skipped>
          </testcase>
          <testcase name="[It] [sig-cli] Kubectl client Update Demo should scale a replication controller [Conformance]" classname="Kubernetes e2e suite" status="passed" time="9.12302954"></testcase>
          <testcase name="[It] [sig-storage] In-tree Volumes [Driver: azure-file] [Testpattern: Pre-provisioned PV (filesystem volmode)] disruptive [Disruptive] [LinuxOnly] Should test that pv used in a pod that is deleted while the kubelet is down is usable by a new pod with a different SELinux context when kubelet returns [Feature:SELinux]" classname="Kubernetes e2e suite" status="skipped" time="0">
              <skipped message="skipped"></skipped>
          </testcase>
          <testcase name="[It] [sig-storage] In-tree Volumes [Driver: azure-disk] [Testpattern: Dynamic PV (ntfs)] [Feature:Windows] provisioning should provision storage with snapshot data source (ROX mode) [Feature:VolumeSnapshotDataSource]" classname="Kubernetes e2e suite" status="skipped" time="0">
              <skipped message="skipped"></skipped>
          </testcase>
          <testcase name="[It] [sig-storage] In-tree Volumes [Driver: rbd] [Feature:Volumes] [Serial] [Testpattern: Inline-volume (default fs)] subPath should support creating multiple subpath from same volumes [Slow]" classname="Kubernetes e2e suite" status="skipped" time="0">
              <skipped message="skipped"></skipped>
          </testcase>
          <testcase name="[It] [sig-network] Networking Granular Checks: Services should be able to handle large requests: udp" classname="Kubernetes e2e suite" status="skipped" time="0">
              <skipped message="skipped"></skipped>
          </testcase>
          <testcase name="[It] [sig-storage] In-tree Volumes [Driver: emptydir] [Testpattern: Dynamic PV (ntfs)] [Feature:Windows] subPath should support restarting containers using directory as subpath [Slow]" classname="Kubernetes e2e suite" status="skipped" time="0">
              <skipped message="skipped"></skipped>
          </testcase>
          <testcase name="[It] [sig-storage] In-tree Volumes [Driver: hostPath] [Testpattern: Pre-provisioned PV (default fs)] subPath should support restarting containers using file as subpath [Slow] [LinuxOnly]" classname="Kubernetes e2e suite" status="skipped" time="0">
              <skipped message="skipped"></skipped>
          </testcase>
          <testcase name="[It] [sig-storage] ConfigMap Should fail non-optional pod creation due to configMap object does not exist [Slow]" classname="Kubernetes e2e suite" status="skipped" time="0">
              <skipped message="skipped"></skipped>
          </testcase>
          <testcase name="[It] [sig-storage] In-tree Volumes [Driver: local] [LocalVolumeType: dir-link-bindmounted] [Testpattern: Dynamic PV (ntfs)] [Feature:Windows] provisioning should provision storage with pvc data source" classname="Kubernetes e2e suite" status="skipped" time="0">
              <skipped message="skipped"></skipped>
          </testcase>
          <testcase name="[It] [sig-storage] In-tree Volumes [Driver: rbd] [Feature:Volumes] [Serial] [Testpattern: Dynamic PV (ntfs)] [Feature:Windows] subPath should fail if subpath file is outside the volume [Slow] [LinuxOnly]" classname="Kubernetes e2e suite" status="skipped" time="0">
              <skipped message="skipped"></skipped>
          </testcase>
          <testcase name="[It] [sig-storage] In-tree Volumes [Driver: local] [LocalVolumeType: dir] [Testpattern: Dynamic PV (ntfs)] [Feature:Windows] subPath should support file as subpath [LinuxOnly]" classname="Kubernetes e2e suite" status="skipped" time="0">
              <skipped message="skipped"></skipped>
          </testcase>
          <testcase name="[It] [sig-storage] In-tree Volumes [Driver: local] [LocalVolumeType: dir-link] [Testpattern: Pre-provisioned PV (default fs)] subPath should fail if non-existent subpath is outside the volume [Slow] [LinuxOnly]" classname="Kubernetes e2e suite" status="skipped" time="0">
              <skipped message="skipped"></skipped>
          </testcase>
          <testcase name="[It] [sig-storage] CSI Volumes [Driver: csi-hostpath] [Testpattern: CSI Ephemeral-volume (default fs)] ephemeral should create read/write inline ephemeral volume" classname="Kubernetes e2e suite" status="skipped" time="0">
              <skipped message="skipped"></skipped>
          </testcase>
          <testcase name="[It] [sig-api-machinery] Watchers should observe add, update, and delete watch notifications on configmaps [Conformance]" classname="Kubernetes e2e suite" status="passed" time="20.120448106"></testcase>
          <testcase name="[It] [sig-storage] In-tree Volumes [Driver: azure-disk] [Testpattern: Pre-provisioned PV (default fs)] subPath should support creating multiple subpath from same volumes [Slow]" classname="Kubernetes e2e suite" status="skipped" time="0">
              <skipped message="skipped"></skipped>
          </testcase>
          <testcase name="[It] [sig-storage] In-tree Volumes [Driver: hostPathSymlink] [Testpattern: Dynamic PV (block volmode)] multiVolume [Slow] should concurrently access the single read-only volume from pods on the same node" classname="Kubernetes e2e suite" status="skipped" time="0">
              <skipped message="skipped"></skipped>
          </testcase>
          <testcase name="[It] [sig-storage] In-tree Volumes [Driver: local] [LocalVolumeType: tmpfs] [Testpattern: Dynamic PV (block volmode)] provisioning should provision storage with pvc data source" classname="Kubernetes e2e suite" status="skipped" time="0">
              <skipped message="skipped"></skipped>
          </testcase>
          <testcase name="[It] [sig-storage] In-tree Volumes [Driver: nfs] [Testpattern: Dynamic PV (ntfs)] [Feature:Windows] subPath should fail if subpath directory is outside the volume [Slow] [LinuxOnly]" classname="Kubernetes e2e suite" status="skipped" time="0">
              <skipped message="skipped"></skipped>
          </testcase>
          <testcase name="[It] [sig-storage] In-tree Volumes [Driver: emptydir] [Testpattern: Dynamic PV (filesystem volmode)] volumeLimits should verify that all csinodes have volume limits" classname="Kubernetes e2e suite" status="skipped" time="0">
              <skipped message="skipped"></skipped>
          </testcase>
          <testcase name="[It] [sig-autoscaling] Cluster size autoscaling [Slow] should increase cluster size if pending pods are small and there is another node pool that is not autoscaled [Feature:ClusterSizeAutoscalingScaleUp]" classname="Kubernetes e2e suite" status="skipped" time="0">
              <skipped message="skipped"></skipped>
          </testcase>
          <testcase name="[It] [sig-auth] [Feature:NodeAuthorizer] Getting a non-existent configmap should exit with the Forbidden error, not a NotFound error" classname="Kubernetes e2e suite" status="skipped" time="0">
              <skipped message="skipped"></skipped>
          </testcase>
          <testcase name="[It] [sig-storage] In-tree Volumes [Driver: azure-file] [Testpattern: Dynamic PV (filesystem volmode)] volumeLimits should support volume limits [Serial]" classname="Kubernetes e2e suite" status="skipped" time="0">
              <skipped message="skipped"></skipped>
          </testcase>
          <testcase name="[It] [sig-storage] In-tree Volumes [Driver: vsphere] [Testpattern: Dynamic PV (block volmode)] multiVolume [Slow] should concurrently access the single volume from pods on different node" classname="Kubernetes e2e suite" status="skipped" time="0">
              <skipped message="skipped"></skipped>
          </testcase>
          <testcase name="[It] [sig-storage] In-tree Volumes [Driver: local] [LocalVolumeType: gce-localssd-scsi-fs] [Serial] [Testpattern: Pre-provisioned PV (default fs)] subPath should support existing directories when readOnly specified in the volumeSource" classname="Kubernetes e2e suite" status="skipped" time="0">
              <skipped message="skipped"></skipped>
          </testcase>
          <testcase name="[It] [sig-storage] In-tree Volumes [Driver: local] [LocalVolumeType: dir-link] [Testpattern: Dynamic PV (default fs)] fsgroupchangepolicy (Always)[LinuxOnly], pod created with an initial fsgroup, volume contents ownership changed via chgrp in first pod, new pod with different fsgroup applied to the volume contents" classname="Kubernetes e2e suite" status="skipped" time="0">
              <skipped message="skipped"></skipped>
          </testcase>
          <testcase name="[It] [sig-network] Services should be possible to connect to a service via ExternalIP when the external IP is not assigned to a node" classname="Kubernetes e2e suite" status="skipped" time="0">
              <skipped message="skipped"></skipped>
          </testcase>
          <testcase name="[It] [sig-storage] In-tree Volumes [Driver: local] [LocalVolumeType: dir-link] [Testpattern: Pre-provisioned PV (xfs)] [Slow] volumes should allow exec of files on the volume" classname="Kubernetes e2e suite" status="skipped" time="0">
              <skipped message="skipped"></skipped>
          </testcase>
          <testcase name="[It] [sig-storage] In-tree Volumes [Driver: nfs] [Testpattern: Dynamic PV (default fs)] subPath should support file as subpath [LinuxOnly]" classname="Kubernetes e2e suite" status="skipped" time="0">
              <skipped message="skipped"></skipped>
          </testcase>
          <testcase name="[It] [sig-storage] In-tree Volumes [Driver: local] [LocalVolumeType: tmpfs] [Testpattern: Dynamic PV (ntfs)] [Feature:Windows] subPath should unmount if pod is force deleted while kubelet is down [Disruptive] [Slow] [LinuxOnly]" classname="Kubernetes e2e suite" status="skipped" time="0">
              <skipped message="skipped"></skipped>
          </testcase>
          <testcase name="[It] [sig-storage] Downward API volume should provide podname as non-root with fsgroup [LinuxOnly] [NodeFeature:FSGroup]" classname="Kubernetes e2e suite" status="skipped" time="0">
              <skipped message="skipped"></skipped>
          </testcase>
          <testcase name="[It] [sig-storage] In-tree Volumes [Driver: iscsi] [Feature:Volumes] [Testpattern: Dynamic PV (xfs)] [Slow] multiVolume [Slow] should access to two volumes with the same volume mode and retain data across pod recreation on the same node" classname="Kubernetes e2e suite" status="skipped" time="0">
              <skipped message="skipped"></skipped>
          </testcase>
          <testcase name="[It] [sig-storage] In-tree Volumes [Driver: ceph] [Feature:Volumes] [Serial] [Testpattern: Dynamic PV (ext4)] volumes should allow exec of files on the volume" classname="Kubernetes e2e suite" status="skipped" time="0">
              <skipped message="skipped"></skipped>
          </testcase>
          <testcase name="[It] [sig-storage] In-tree Volumes [Driver: nfs] [Testpattern: Inline-volume (default fs)] subPath should support restarting containers using directory as subpath [Slow]" classname="Kubernetes e2e suite" status="skipped" time="0">
              <skipped message="skipped"></skipped>
          </testcase>
          <testcase name="[It] [sig-storage] In-tree Volumes [Driver: ceph] [Feature:Volumes] [Serial] [Testpattern: Dynamic PV (default fs)] provisioning should provision storage with any volume data source [Serial]" classname="Kubernetes e2e suite" status="skipped" time="0">
              <skipped message="skipped"></skipped>
          </testcase>
          <testcase name="[It] [sig-storage] CSI Mock volume expansion Expansion with recovery [Feature:RecoverVolumeExpansionFailure] should allow recovery if controller expansion fails with final error" classname="Kubernetes e2e suite" status="skipped" time="0">
              <skipped message="skipped"></skipped>
          </testcase>
          <testcase name="[It] [sig-storage] CSI Volumes [Driver: csi-hostpath] [Testpattern: Inline-volume (default fs)] subPath should fail if subpath file is outside the volume [Slow] [LinuxOnly]" classname="Kubernetes e2e suite" status="skipped" time="0">
              <skipped message="skipped"></skipped>
          </testcase>
          <testcase name="[It] [sig-storage] In-tree Volumes [Driver: local] [LocalVolumeType: tmpfs] [Testpattern: Dynamic PV (xfs)] [Slow] multiVolume [Slow] should concurrently access the single volume from pods on the same node" classname="Kubernetes e2e suite" status="skipped" time="0">
              <skipped message="skipped"></skipped>
          </testcase>
          <testcase name="[It] [sig-storage] CSI Mock volume node stage CSI NodeStage error cases [Slow] should retry NodeStage after NodeStage final error" classname="Kubernetes e2e suite" status="skipped" time="0">
              <skipped message="skipped"></skipped>
          </testcase>
          <testcase name="[It] [sig-storage] In-tree Volumes [Driver: nfs] [Testpattern: Dynamic PV (filesystem volmode)] volumeLimits should verify that all csinodes have volume limits" classname="Kubernetes e2e suite" status="skipped" time="0">
              <skipped message="skipped"></skipped>
          </testcase>
          <testcase name="[It] [sig-storage] In-tree Volumes [Driver: rbd] [Feature:Volumes] [Serial] [Testpattern: Pre-provisioned PV (block volmode)] multiVolume [Slow] should concurrently access the volume and its clone from pods on the same node [LinuxOnly] [Feature:VolumeSourceXFS]" classname="Kubernetes e2e suite" status="skipped" time="0">
              <skipped message="skipped"></skipped>
          </testcase>
          <testcase name="[It] [sig-storage] CSI Volumes [Driver: pd.csi.storage.gke.io] [Serial] [Testpattern: Pre-provisioned PV (filesystem volmode)] disruptive [Disruptive] [LinuxOnly] Should test that pv used in a pod that is force deleted while the kubelet is down is usable by a new pod when kubelet returns [Feature:SELinux]" classname="Kubernetes e2e suite" status="skipped" time="0">
              <skipped message="skipped"></skipped>
          </testcase>
          <testcase name="[It] [sig-storage] In-tree Volumes [Driver: azure-file] [Testpattern: Dynamic PV (block volmode)] volume-stress multiple pods should access different volumes repeatedly [Slow] [Serial]" classname="Kubernetes e2e suite" status="skipped" time="0">
              <skipped message="skipped"></skipped>
          </testcase>
          <testcase name="[It] [sig-storage] In-tree Volumes [Driver: hostPath] [Testpattern: Pre-provisioned PV (default fs)] subPath should support creating multiple subpath from same volumes [Slow]" classname="Kubernetes e2e suite" status="skipped" time="0">
              <skipped message="skipped"></skipped>
          </testcase>
          <testcase name="[It] [sig-storage] In-tree Volumes [Driver: local] [LocalVolumeType: dir] [Testpattern: Dynamic PV (default fs)] provisioning should provision correct filesystem size when restoring snapshot to larger size pvc [Feature:VolumeSnapshotDataSource]" classname="Kubernetes e2e suite" status="skipped" time="0">
              <skipped message="skipped"></skipped>
          </testcase>
          <testcase name="[It] [sig-storage] In-tree Volumes [Driver: aws] [Testpattern: Dynamic PV (filesystem volmode)] multiVolume [Slow] should concurrently access the single read-only volume from pods on the same node" classname="Kubernetes e2e suite" status="skipped" time="0">
              <skipped message="skipped"></skipped>
          </testcase>
          <testcase name="[It] [sig-storage] Projected configMap should be consumable from pods in volume as non-root with defaultMode and fsGroup set [LinuxOnly] [NodeFeature:FSGroup]" classname="Kubernetes e2e suite" status="skipped" time="0">
              <skipped message="skipped"></skipped>
          </testcase>
          <testcase name="[It] [sig-storage] In-tree Volumes [Driver: nfs] [Testpattern: Dynamic PV (ntfs)] [Feature:Windows] subPath should support existing directory" classname="Kubernetes e2e suite" status="skipped" time="0">
              <skipped message="skipped"></skipped>
          </testcase>
          <testcase name="[It] [sig-network] Networking Granular Checks: Services should function for node-Service: udp" classname="Kubernetes e2e suite" status="skipped" time="0">
              <skipped message="skipped"></skipped>
          </testcase>
          <testcase name="[It] [sig-storage] In-tree Volumes [Driver: iscsi] [Feature:Volumes] [Testpattern: Dynamic PV (default fs)] provisioning should provision storage with pvc data source (ROX mode)" classname="Kubernetes e2e suite" status="skipped" time="0">
              <skipped message="skipped"></skipped>
          </testcase>
          <testcase name="[It] [sig-storage] In-tree Volumes [Driver: azure-disk] [Testpattern: Dynamic PV (ntfs)(allowExpansion)] [Feature:Windows] volume-expand Verify if offline PVC expansion works" classname="Kubernetes e2e suite" status="skipped" time="0">
              <skipped message="skipped"></skipped>
          </testcase>
          <testcase name="[It] [sig-storage] In-tree Volumes [Driver: azure-disk] [Testpattern: Pre-provisioned PV (ext4)] volumes should allow exec of files on the volume" classname="Kubernetes e2e suite" status="skipped" time="0">
              <skipped message="skipped"></skipped>
          </testcase>
          <testcase name="[It] [sig-storage] In-tree Volumes [Driver: nfs] [Testpattern: Pre-provisioned PV (block volmode)] multiVolume [Slow] should concurrently access the volume and its clone from pods on the same node [LinuxOnly] [Feature:VolumeSourceXFS]" classname="Kubernetes e2e suite" status="skipped" time="0">
              <skipped message="skipped"></skipped>
          </testcase>
          <testcase name="[It] [sig-storage] In-tree Volumes [Driver: iscsi] [Feature:Volumes] [Testpattern: Dynamic PV (ext4)] multiVolume [Slow] should concurrently access the volume and its clone from pods on the same node [LinuxOnly] [Feature:VolumeSourceXFS]" classname="Kubernetes e2e suite" status="skipped" time="0">
              <skipped message="skipped"></skipped>
          </testcase>
          <testcase name="[It] [sig-storage] In-tree Volumes [Driver: nfs] [Testpattern: Pre-provisioned PV (block volmode)] volumeMode should not mount / map unused volumes in a pod [LinuxOnly]" classname="Kubernetes e2e suite" status="skipped" time="0">
              <skipped message="skipped"></skipped>
          </testcase>
          <testcase name="[It] [sig-storage] CSI Volumes [Driver: csi-hostpath] [Testpattern: Pre-provisioned PV (filesystem volmode)] multiVolume [Slow] should access to two volumes with the same volume mode and retain data across pod recreation on different node" classname="Kubernetes e2e suite" status="skipped" time="0">
              <skipped message="skipped"></skipped>
          </testcase>
          <testcase name="[It] [sig-storage] In-tree Volumes [Driver: azure-disk] [Testpattern: Dynamic PV (ext4)] volumes should allow exec of files on the volume" classname="Kubernetes e2e suite" status="skipped" time="0">
              <skipped message="skipped"></skipped>
          </testcase>
          <testcase name="[It] [sig-storage] In-tree Volumes [Driver: aws] [Testpattern: Dynamic PV (xfs)] [Slow] multiVolume [Slow] should concurrently access the volume and its clone from pods on the same node [LinuxOnly] [Feature:VolumeSourceXFS]" classname="Kubernetes e2e suite" status="skipped" time="0">
              <skipped message="skipped"></skipped>
          </testcase>
          <testcase name="[It] [sig-storage] In-tree Volumes [Driver: vsphere] [Testpattern: Dynamic PV (default fs)] fsgroupchangepolicy (Always)[LinuxOnly], pod created with an initial fsgroup, new pod fsgroup applied to volume contents" classname="Kubernetes e2e suite" status="skipped" time="0">
              <skipped message="skipped"></skipped>
          </testcase>
          <testcase name="[It] [sig-storage] In-tree Volumes [Driver: hostPath] [Testpattern: Inline-volume (ext4)] volumes should allow exec of files on the volume" classname="Kubernetes e2e suite" status="skipped" time="0">
              <skipped message="skipped"></skipped>
          </testcase>
          <testcase name="[It] [sig-network] LoadBalancers ESIPP [Slow] should work from pods" classname="Kubernetes e2e suite" status="skipped" time="0">
              <skipped message="skipped"></skipped>
          </testcase>
          <testcase name="[It] [sig-storage] In-tree Volumes [Driver: nfs] [Testpattern: Generic Ephemeral-volume (block volmode) (late-binding)] ephemeral should support expansion of pvcs created for ephemeral pvcs" classname="Kubernetes e2e suite" status="skipped" time="0">
              <skipped message="skipped"></skipped>
          </testcase>
          <testcase name="[It] [sig-storage] In-tree Volumes [Driver: aws] [Testpattern: Dynamic PV (ext4)] multiVolume [Slow] should access to two volumes with the same volume mode and retain data across pod recreation on the same node" classname="Kubernetes e2e suite" status="skipped" time="0">
              <skipped message="skipped"></skipped>
          </testcase>
          <testcase name="[It] [sig-storage] In-tree Volumes [Driver: local] [LocalVolumeType: tmpfs] [Testpattern: Dynamic PV (default fs)] subPath should fail if subpath file is outside the volume [Slow] [LinuxOnly]" classname="Kubernetes e2e suite" status="skipped" time="0">
              <skipped message="skipped"></skipped>
          </testcase>
          <testcase name="[It] [sig-node] DRA [Feature:DynamicResourceAllocation] cluster with immediate allocation does not delete generated claims when pod is restarting" classname="Kubernetes e2e suite" status="skipped" time="0">
              <skipped message="skipped"></skipped>
          </testcase>
          <testcase name="[It] [sig-storage] In-tree Volumes [Driver: iscsi] [Feature:Volumes] [Testpattern: Inline-volume (default fs)] subPath should support existing single file [LinuxOnly]" classname="Kubernetes e2e suite" status="skipped" time="0">
              <skipped message="skipped"></skipped>
          </testcase>
          <testcase name="[It] [sig-storage] In-tree Volumes [Driver: aws] [Testpattern: Pre-provisioned PV (xfs)] [Slow] volumes should store data" classname="Kubernetes e2e suite" status="skipped" time="0">
              <skipped message="skipped"></skipped>
          </testcase>
          <testcase name="[It] [sig-storage] In-tree Volumes [Driver: rbd] [Feature:Volumes] [Serial] [Testpattern: Generic Ephemeral-volume (block volmode) (late-binding)] ephemeral should create read-only inline ephemeral volume" classname="Kubernetes e2e suite" status="skipped" time="0">
              <skipped message="skipped"></skipped>
          </testcase>
          <testcase name="[It] [sig-storage] In-tree Volumes [Driver: hostPathSymlink] [Testpattern: Pre-provisioned PV (default fs)] subPath should fail if subpath file is outside the volume [Slow] [LinuxOnly]" classname="Kubernetes e2e suite" status="skipped" time="0">
              <skipped message="skipped"></skipped>
          </testcase>
          <testcase name="[It] [sig-cli] Kubectl client Simple pod should support inline execution and attach" classname="Kubernetes e2e suite" status="skipped" time="0">
              <skipped message="skipped"></skipped>
          </testcase>
          <testcase name="[It] [sig-storage] In-tree Volumes [Driver: ceph] [Feature:Volumes] [Serial] [Testpattern: Dynamic PV (ext3)] volumes should store data" classname="Kubernetes e2e suite" status="skipped" time="0">
              <skipped message="skipped"></skipped>
          </testcase>
          <testcase name="[It] [sig-storage] In-tree Volumes [Driver: local] [LocalVolumeType: dir] [Testpattern: Pre-provisioned PV (filesystem volmode)] volumeMode should fail to use a volume in a pod with mismatched mode [Slow]" classname="Kubernetes e2e suite" status="skipped" time="0">
              <skipped message="skipped"></skipped>
          </testcase>
          <testcase name="[It] [sig-network] EndpointSliceMirroring should mirror a custom Endpoint with multiple subsets and same IP address" classname="Kubernetes e2e suite" status="skipped" time="0">
              <skipped message="skipped"></skipped>
          </testcase>
          <testcase name="[It] [sig-storage] In-tree Volumes [Driver: emptydir] [Testpattern: Inline-volume (default fs)] subPath should support readOnly file specified in the volumeMount [LinuxOnly]" classname="Kubernetes e2e suite" status="skipped" time="0">
              <skipped message="skipped"></skipped>
          </testcase>
          <testcase name="[It] [sig-storage] In-tree Volumes [Driver: emptydir] [Testpattern: Dynamic PV (ntfs)] [Feature:Windows] subPath should fail if subpath with backstepping is outside the volume [Slow] [LinuxOnly]" classname="Kubernetes e2e suite" status="skipped" time="0">
              <skipped message="skipped"></skipped>
          </testcase>
          <testcase name="[It] [sig-storage] In-tree Volumes [Driver: azure-file] [Testpattern: Dynamic PV (filesystem volmode)] multiVolume [Slow] should access to two volumes with different volume mode and retain data across pod recreation on the same node" classname="Kubernetes e2e suite" status="skipped" time="0">
              <skipped message="skipped"></skipped>
          </testcase>
          <testcase name="[It] [sig-storage] In-tree Volumes [Driver: aws] [Testpattern: Pre-provisioned PV (filesystem volmode)] volumeMode should fail to use a volume in a pod with mismatched mode [Slow]" classname="Kubernetes e2e suite" status="skipped" time="0">
              <skipped message="skipped"></skipped>
          </testcase>
          <testcase name="[It] [sig-storage] CSI Volumes [Driver: csi-hostpath] [Testpattern: Pre-provisioned PV (default fs)] volumes should allow exec of files on the volume" classname="Kubernetes e2e suite" status="skipped" time="0">
              <skipped message="skipped"></skipped>
          </testcase>
          <testcase name="[It] [sig-windows] [Feature:Windows] SecurityContext should not be able to create pods with containers running as ContainerAdministrator when runAsNonRoot is true" classname="Kubernetes e2e suite" status="skipped" time="0">
              <skipped message="skipped"></skipped>
          </testcase>
          <testcase name="[It] [sig-api-machinery] Discovery should accurately determine present and missing resources" classname="Kubernetes e2e suite" status="skipped" time="0">
              <skipped message="skipped"></skipped>
          </testcase>
          <testcase name="[It] [sig-node] NodeLease NodeLease should have OwnerReferences set" classname="Kubernetes e2e suite" status="skipped" time="0">
              <skipped message="skipped"></skipped>
          </testcase>
          <testcase name="[It] [sig-storage] In-tree Volumes [Driver: local] [LocalVolumeType: dir-link-bindmounted] [Testpattern: Dynamic PV (default fs)] subPath should support existing single file [LinuxOnly]" classname="Kubernetes e2e suite" status="skipped" time="0">
              <skipped message="skipped"></skipped>
          </testcase>
          <testcase name="[It] [sig-storage] In-tree Volumes [Driver: azure-disk] [Testpattern: Dynamic PV (ntfs)] [Feature:Windows] provisioning should provision storage with snapshot data source [Feature:VolumeSnapshotDataSource]" classname="Kubernetes e2e suite" status="skipped" time="0">
              <skipped message="skipped"></skipped>
          </testcase>
          <testcase name="[It] [sig-storage] In-tree Volumes [Driver: hostPathSymlink] [Testpattern: Inline-volume (default fs)] subPath should support readOnly directory specified in the volumeMount" classname="Kubernetes e2e suite" status="skipped" time="0">
              <skipped message="skipped"></skipped>
          </testcase>
          <testcase name="[It] [sig-storage] CSI Volumes [Driver: pd.csi.storage.gke.io] [Serial] [Testpattern: Pre-provisioned PV (filesystem volmode)] multiVolume [Slow] should access to two volumes with the same volume mode and retain data across pod recreation on different node" classname="Kubernetes e2e suite" status="skipped" time="0">
              <skipped message="skipped"></skipped>
          </testcase>
          <testcase name="[It] [sig-storage] In-tree Volumes [Driver: local] [LocalVolumeType: gce-localssd-scsi-fs] [Serial] [Testpattern: Pre-provisioned PV (filesystem volmode)] disruptive [Disruptive] [LinuxOnly] Should test that pv written before kubelet restart is readable after restart." classname="Kubernetes e2e suite" status="skipped" time="0">
              <skipped message="skipped"></skipped>
          </testcase>
          <testcase name="[It] [sig-storage] In-tree Volumes [Driver: nfs] [Testpattern: Dynamic PV (default fs)] subPath should support existing directory" classname="Kubernetes e2e suite" status="skipped" time="0">
              <skipped message="skipped"></skipped>
          </testcase>
          <testcase name="[It] [sig-node] Kubelet [Serial] [Slow] experimental resource usage tracking [Feature:ExperimentalResourceUsageTracking] resource tracking for 100 pods per node" classname="Kubernetes e2e suite" status="skipped" time="0">
              <skipped message="skipped"></skipped>
          </testcase>
          <testcase name="[It] [sig-api-machinery] Namespaces [Serial] should patch a Namespace [Conformance]" classname="Kubernetes e2e suite" status="passed" time="0.068756659"></testcase>
          <testcase name="[It] [sig-api-machinery] ValidatingAdmissionPolicy [Privileged:ClusterAdmin] [FeatureGate:ValidatingAdmissionPolicy] [Beta] should allow expressions to refer variables." classname="Kubernetes e2e suite" status="skipped" time="0">
              <skipped message="skipped"></skipped>
          </testcase>
          <testcase name="[It] [sig-storage] In-tree Volumes [Driver: local] [LocalVolumeType: tmpfs] [Testpattern: Dynamic PV (ntfs)] [Feature:Windows] subPath should support non-existent path" classname="Kubernetes e2e suite" status="skipped" time="0">
              <skipped message="skipped"></skipped>
          </testcase>
          <testcase name="[It] [sig-storage] In-tree Volumes [Driver: azure-file] [Testpattern: Pre-provisioned PV (ext4)] volumes should store data" classname="Kubernetes e2e suite" status="skipped" time="0">
              <skipped message="skipped"></skipped>
          </testcase>
          <testcase name="[It] [sig-storage] In-tree Volumes [Driver: azure-disk] [Testpattern: Dynamic PV (filesystem volmode)] multiVolume [Slow] should concurrently access the volume and its clone from pods on the same node [LinuxOnly] [Feature:VolumeSourceXFS]" classname="Kubernetes e2e suite" status="skipped" time="0">
              <skipped message="skipped"></skipped>
          </testcase>
          <testcase name="[It] [sig-storage] CSI Volumes [Driver: pd.csi.storage.gke.io] [Serial] [Testpattern: Generic Ephemeral-volume (default fs)] volumeLimits should verify that all csinodes have volume limits" classname="Kubernetes e2e suite" status="skipped" time="0">
              <skipped message="skipped"></skipped>
          </testcase>
          <testcase name="[It] [sig-storage] EmptyDir volumes volume on default medium should have the correct mode [LinuxOnly] [NodeConformance] [Conformance]" classname="Kubernetes e2e suite" status="passed" time="4.115992741"></testcase>
          <testcase name="[It] [sig-storage] In-tree Volumes [Driver: azure-file] [Testpattern: Pre-provisioned PV (default fs)] subPath should unmount if pod is gracefully deleted while kubelet is down [Disruptive] [Slow] [LinuxOnly]" classname="Kubernetes e2e suite" status="skipped" time="0">
              <skipped message="skipped"></skipped>
          </testcase>
          <testcase name="[It] [sig-storage] In-tree Volumes [Driver: azure-file] [Testpattern: Dynamic PV (default fs)] volumes should allow exec of files on the volume" classname="Kubernetes e2e suite" status="skipped" time="0">
              <skipped message="skipped"></skipped>
          </testcase>
          <testcase name="[It] [sig-storage] In-tree Volumes [Driver: nfs] [Testpattern: Generic Ephemeral-volume (default fs) (late-binding)] ephemeral should support expansion of pvcs created for ephemeral pvcs" classname="Kubernetes e2e suite" status="skipped" time="0">
              <skipped message="skipped"></skipped>
          </testcase>
          <testcase name="[It] [sig-storage] In-tree Volumes [Driver: ceph] [Feature:Volumes] [Serial] [Testpattern: Dynamic PV (ntfs)] [Feature:Windows] multiVolume [Slow] should concurrently access the volume and restored snapshot from pods on the same node [LinuxOnly] [Feature:VolumeSnapshotDataSource] [Feature:VolumeSourceXFS]" classname="Kubernetes e2e suite" status="skipped" time="0">
              <skipped message="skipped"></skipped>
          </testcase>
          <testcase name="[It] [sig-storage] In-tree Volumes [Driver: local] [LocalVolumeType: dir] [Testpattern: Pre-provisioned PV (block volmode)] volumeMode should fail to create pod by failing to mount volume [Slow]" classname="Kubernetes e2e suite" status="skipped" time="0">
              <skipped message="skipped"></skipped>
          </testcase>
          <testcase name="[It] [sig-storage] In-tree Volumes [Driver: local] [LocalVolumeType: gce-localssd-scsi-fs] [Serial] [Testpattern: Inline-volume (ntfs)] [Feature:Windows] volumes should allow exec of files on the volume" classname="Kubernetes e2e suite" status="skipped" time="0">
              <skipped message="skipped"></skipped>
          </testcase>
          <testcase name="[It] [sig-network] Loadbalancing: L7 GCE [Slow] [Feature:NEG] should sync endpoints to NEG" classname="Kubernetes e2e suite" status="skipped" time="0">
              <skipped message="skipped"></skipped>
          </testcase>
          <testcase name="[It] [sig-network] LoadBalancers should be able to switch session affinity for LoadBalancer service with ESIPP off [Slow] [LinuxOnly]" classname="Kubernetes e2e suite" status="skipped" time="0">
              <skipped message="skipped"></skipped>
          </testcase>
          <testcase name="[It] [sig-storage] In-tree Volumes [Driver: azure-disk] [Testpattern: Dynamic PV (xfs)] [Slow] multiVolume [Slow] should access to two volumes with the same volume mode and retain data across pod recreation on the same node" classname="Kubernetes e2e suite" status="skipped" time="0">
              <skipped message="skipped"></skipped>
          </testcase>
          <testcase name="[It] [sig-storage] In-tree Volumes [Driver: cinder] [Testpattern: Inline-volume (xfs)] [Slow] volumes should allow exec of files on the volume" classname="Kubernetes e2e suite" status="skipped" time="0">
              <skipped message="skipped"></skipped>
          </testcase>
          <testcase name="[It] [sig-storage] In-tree Volumes [Driver: azure-disk] [Testpattern: Dynamic PV (ntfs)] [Feature:Windows] subPath should support file as subpath [LinuxOnly]" classname="Kubernetes e2e suite" status="skipped" time="0">
              <skipped message="skipped"></skipped>
          </testcase>
          <testcase name="[It] [sig-autoscaling] [HPA] [Feature:CustomMetricsAutoscaling] Horizontal pod autoscaling (scale resource: Custom Metrics from Stackdriver) with Custom Metric of type Pod from Stackdriver should scale down with Prometheus" classname="Kubernetes e2e suite" status="skipped" time="0">
              <skipped message="skipped"></skipped>
          </testcase>
          <testcase name="[It] [sig-storage] In-tree Volumes [Driver: local] [LocalVolumeType: block] [Testpattern: Dynamic PV (ntfs)] [Feature:Windows] subPath should support creating multiple subpath from same volumes [Slow]" classname="Kubernetes e2e suite" status="skipped" time="0">
              <skipped message="skipped"></skipped>
          </testcase>
          <testcase name="[It] [sig-storage] In-tree Volumes [Driver: vsphere] [Testpattern: Dynamic PV (xfs)] [Slow] volumes should allow exec of files on the volume" classname="Kubernetes e2e suite" status="skipped" time="0">
              <skipped message="skipped"></skipped>
          </testcase>
          <testcase name="[It] [sig-apps] CronJob should support timezone" classname="Kubernetes e2e suite" status="skipped" time="0">
              <skipped message="skipped"></skipped>
          </testcase>
          <testcase name="[It] [sig-storage] In-tree Volumes [Driver: aws] [Testpattern: Dynamic PV (ntfs)] [Feature:Windows] multiVolume [Slow] should concurrently access the single read-only volume from pods on the same node" classname="Kubernetes e2e suite" status="skipped" time="0">
              <skipped message="skipped"></skipped>
          </testcase>
          <testcase name="[It] [sig-storage] In-tree Volumes [Driver: emptydir] [Testpattern: Dynamic PV (ntfs)(allowExpansion)] [Feature:Windows] volume-expand should resize volume when PVC is edited while pod is using it" classname="Kubernetes e2e suite" status="skipped" time="0">
              <skipped message="skipped"></skipped>
          </testcase>
          <testcase name="[It] [sig-storage] In-tree Volumes [Driver: local] [LocalVolumeType: gce-localssd-scsi-fs] [Serial] [Testpattern: Dynamic PV (xfs)] [Slow] multiVolume [Slow] should concurrently access the single read-only volume from pods on the same node" classname="Kubernetes e2e suite" status="skipped" time="0">
              <skipped message="skipped"></skipped>
          </testcase>
          <testcase name="[It] [sig-storage] In-tree Volumes [Driver: nfs] [Testpattern: Dynamic PV (ntfs)] [Feature:Windows] volume-expand should not allow expansion of pvcs without AllowVolumeExpansion property" classname="Kubernetes e2e suite" status="skipped" time="0">
              <skipped message="skipped"></skipped>
          </testcase>
          <testcase name="[It] [sig-storage] In-tree Volumes [Driver: vsphere] [Testpattern: Dynamic PV (ntfs)] [Feature:Windows] volumeIO should write files of various sizes, verify size, validate content [Slow]" classname="Kubernetes e2e suite" status="skipped" time="0">
              <skipped message="skipped"></skipped>
          </testcase>
          <testcase name="[It] [sig-storage] In-tree Volumes [Driver: local] [LocalVolumeType: dir-bindmounted] [Testpattern: Pre-provisioned PV (block volmode)] multiVolume [Slow] should concurrently access the single read-only volume from pods on the same node" classname="Kubernetes e2e suite" status="skipped" time="0">
              <skipped message="skipped"></skipped>
          </testcase>
          <testcase name="[It] [sig-storage] In-tree Volumes [Driver: emptydir] [Testpattern: Pre-provisioned PV (filesystem volmode)] multiVolume [Slow] should access to two volumes with different volume mode and retain data across pod recreation on the same node" classname="Kubernetes e2e suite" status="skipped" time="0">
              <skipped message="skipped"></skipped>
          </testcase>
          <testcase name="[It] [sig-node] [NodeAlphaFeature:SidecarContainers] [Feature:SidecarContainers] Probing restartable init container with readiness probe that fails should never be ready and never restart" classname="Kubernetes e2e suite" status="skipped" time="0">
              <skipped message="skipped"></skipped>
          </testcase>
          <testcase name="[It] [sig-storage] In-tree Volumes [Driver: local] [LocalVolumeType: dir-link] [Testpattern: Dynamic PV (filesystem volmode)] multiVolume [Slow] should concurrently access the single volume from pods on different node" classname="Kubernetes e2e suite" status="skipped" time="0">
              <skipped message="skipped"></skipped>
          </testcase>
          <testcase name="[It] [sig-storage] In-tree Volumes [Driver: local] [LocalVolumeType: dir-bindmounted] [Testpattern: Dynamic PV (default fs)] subPath should support creating multiple subpath from same volumes [Slow]" classname="Kubernetes e2e suite" status="skipped" time="0">
              <skipped message="skipped"></skipped>
          </testcase>
          <testcase name="[It] [sig-storage] In-tree Volumes [Driver: local] [LocalVolumeType: dir-link-bindmounted] [Testpattern: Dynamic PV (filesystem volmode)] multiVolume [Slow] should access to two volumes with the same volume mode and retain data across pod recreation on different node" classname="Kubernetes e2e suite" status="skipped" time="0">
              <skipped message="skipped"></skipped>
          </testcase>
          <testcase name="[It] [sig-storage] CSI Volumes [Driver: csi-hostpath] [Testpattern: Dynamic PV (filesystem volmode)] disruptive [Disruptive] [LinuxOnly] Should test that pv used in a pod that is force deleted while the kubelet is down is usable by a new pod when kubelet returns [Feature:SELinux]" classname="Kubernetes e2e suite" status="skipped" time="0">
              <skipped message="skipped"></skipped>
          </testcase>
          <testcase name="[It] [sig-storage] In-tree Volumes [Driver: vsphere] [Testpattern: Dynamic PV (ext4)] multiVolume [Slow] should concurrently access the volume and its clone from pods on the same node [LinuxOnly] [Feature:VolumeSourceXFS]" classname="Kubernetes e2e suite" status="skipped" time="0">
              <skipped message="skipped"></skipped>
          </testcase>
          <testcase name="[It] [sig-storage] In-tree Volumes [Driver: azure-disk] [Testpattern: Dynamic PV (ext3)] volumes should store data" classname="Kubernetes e2e suite" status="skipped" time="0">
              <skipped message="skipped"></skipped>
          </testcase>
          <testcase name="[It] [sig-storage] In-tree Volumes [Driver: hostPath] [Testpattern: Pre-provisioned PV (filesystem volmode)] disruptive [Disruptive] [LinuxOnly] Should test that pv used in a pod that is deleted while the kubelet is down is usable by a new pod when kubelet returns [Feature:SELinux]" classname="Kubernetes e2e suite" status="skipped" time="0">
              <skipped message="skipped"></skipped>
          </testcase>
          <testcase name="[It] [sig-storage] In-tree Volumes [Driver: ceph] [Feature:Volumes] [Serial] [Testpattern: Inline-volume (default fs)] subPath should support restarting containers using directory as subpath [Slow]" classname="Kubernetes e2e suite" status="skipped" time="0">
              <skipped message="skipped"></skipped>
          </testcase>
          <testcase name="[It] [sig-storage] In-tree Volumes [Driver: local] [LocalVolumeType: blockfs] [Testpattern: Dynamic PV (filesystem volmode)] volumeLimits should verify that all csinodes have volume limits" classname="Kubernetes e2e suite" status="skipped" time="0">
              <skipped message="skipped"></skipped>
          </testcase>
          <testcase name="[It] [sig-storage] In-tree Volumes [Driver: cinder] [Testpattern: Pre-provisioned PV (default fs)] volumeIO should write files of various sizes, verify size, validate content [Slow]" classname="Kubernetes e2e suite" status="skipped" time="0">
              <skipped message="skipped"></skipped>
          </testcase>
          <testcase name="[It] [sig-storage] In-tree Volumes [Driver: local] [LocalVolumeType: dir-link] [Testpattern: Pre-provisioned PV (block volmode)] volumes should store data" classname="Kubernetes e2e suite" status="skipped" time="0">
              <skipped message="skipped"></skipped>
          </testcase>
          <testcase name="[It] [sig-storage] In-tree Volumes [Driver: hostPath] [Testpattern: Pre-provisioned PV (block volmode)] volumeMode should fail to create pod by failing to mount volume [Slow]" classname="Kubernetes e2e suite" status="skipped" time="0">
              <skipped message="skipped"></skipped>
          </testcase>
          <testcase name="[It] [sig-storage] HostPathType Character Device [Slow] Should fail on mounting character device &#39;achardev&#39; when HostPathType is HostPathSocket" classname="Kubernetes e2e suite" status="skipped" time="0">
              <skipped message="skipped"></skipped>
          </testcase>
          <testcase name="[It] [sig-storage] In-tree Volumes [Driver: hostPathSymlink] [Testpattern: Dynamic PV (ext4)] multiVolume [Slow] should concurrently access the volume and restored snapshot from pods on the same node [LinuxOnly] [Feature:VolumeSnapshotDataSource] [Feature:VolumeSourceXFS]" classname="Kubernetes e2e suite" status="skipped" time="0">
              <skipped message="skipped"></skipped>
          </testcase>
          <testcase name="[It] [sig-storage] PVC Protection Verify that PVC in active use by a pod is not removed immediately" classname="Kubernetes e2e suite" status="skipped" time="0">
              <skipped message="skipped"></skipped>
          </testcase>
          <testcase name="[It] [sig-apps] StatefulSet Scaling StatefulSetStartOrdinal Removing .start.ordinal" classname="Kubernetes e2e suite" status="skipped" time="0">
              <skipped message="skipped"></skipped>
          </testcase>
          <testcase name="[It] [sig-api-machinery] ResourceQuota should create a ResourceQuota and capture the life of a replication controller. [Conformance]" classname="Kubernetes e2e suite" status="passed" time="11.104185285"></testcase>
          <testcase name="[It] [sig-storage] In-tree Volumes [Driver: local] [LocalVolumeType: blockfs] [Testpattern: Pre-provisioned PV (filesystem volmode)] disruptive [Disruptive] [LinuxOnly] Should test that pv used in a pod that is deleted while the kubelet is down is usable by a new pod when kubelet returns [Feature:SELinux]" classname="Kubernetes e2e suite" status="skipped" time="0">
              <skipped message="skipped"></skipped>
          </testcase>
          <testcase name="[It] [sig-storage] In-tree Volumes [Driver: iscsi] [Feature:Volumes] [Testpattern: Dynamic PV (filesystem volmode)] disruptive [Disruptive] [LinuxOnly] Should test that pv used in a pod that is force deleted while the kubelet is down is usable by a new pod when kubelet returns [Feature:SELinux]" classname="Kubernetes e2e suite" status="skipped" time="0">
              <skipped message="skipped"></skipped>
          </testcase>
          <testcase name="[It] [sig-storage] In-tree Volumes [Driver: local] [LocalVolumeType: gce-localssd-scsi-fs] [Serial] [Testpattern: Dynamic PV (ntfs)] [Feature:Windows] subPath should fail if subpath directory is outside the volume [Slow] [LinuxOnly]" classname="Kubernetes e2e suite" status="skipped" time="0">
              <skipped message="skipped"></skipped>
          </testcase>
          <testcase name="[It] [sig-storage] In-tree Volumes [Driver: aws] [Testpattern: Dynamic PV (ntfs)] [Feature:Windows] multiVolume [Slow] should concurrently access the single volume from pods on the same node" classname="Kubernetes e2e suite" status="skipped" time="0">
              <skipped message="skipped"></skipped>
          </testcase>
          <testcase name="[It] [sig-storage] CSI Volumes [Driver: csi-hostpath] [Testpattern: CSI Ephemeral-volume (default fs)] ephemeral should support expansion of pvcs created for ephemeral pvcs" classname="Kubernetes e2e suite" status="skipped" time="0">
              <skipped message="skipped"></skipped>
          </testcase>
          <testcase name="[It] [sig-storage] In-tree Volumes [Driver: cinder] [Testpattern: Dynamic PV (filesystem volmode)] multiVolume [Slow] should concurrently access the single volume from pods on the same node" classname="Kubernetes e2e suite" status="skipped" time="0">
              <skipped message="skipped"></skipped>
          </testcase>
          <testcase name="[It] [sig-storage] In-tree Volumes [Driver: iscsi] [Feature:Volumes] [Testpattern: Pre-provisioned PV (filesystem volmode)] volumeMode should not mount / map unused volumes in a pod [LinuxOnly]" classname="Kubernetes e2e suite" status="skipped" time="0">
              <skipped message="skipped"></skipped>
          </testcase>
          <testcase name="[It] [sig-storage] In-tree Volumes [Driver: local] [LocalVolumeType: gce-localssd-scsi-fs] [Serial] [Testpattern: Inline-volume (default fs)] subPath should support existing directories when readOnly specified in the volumeSource" classname="Kubernetes e2e suite" status="skipped" time="0">
              <skipped message="skipped"></skipped>
          </testcase>
          <testcase name="[It] [sig-storage] In-tree Volumes [Driver: cinder] [Testpattern: Generic Ephemeral-volume (block volmode) (late-binding)] ephemeral should support two pods which have the same volume definition" classname="Kubernetes e2e suite" status="skipped" time="0">
              <skipped message="skipped"></skipped>
          </testcase>
          <testcase name="[It] [sig-storage] CSI Mock volume storage capacity storage capacity exhausted, immediate binding" classname="Kubernetes e2e suite" status="skipped" time="0">
              <skipped message="skipped"></skipped>
          </testcase>
          <testcase name="[It] [sig-storage] In-tree Volumes [Driver: aws] [Testpattern: Dynamic PV (ntfs)] [Feature:Windows] volumes should store data" classname="Kubernetes e2e suite" status="skipped" time="0">
              <skipped message="skipped"></skipped>
          </testcase>
          <testcase name="[It] [sig-network] Services should serve endpoints on same port and different protocol for internal traffic on Type LoadBalancer" classname="Kubernetes e2e suite" status="skipped" time="0">
              <skipped message="skipped"></skipped>
          </testcase>
          <testcase name="[It] [sig-storage] In-tree Volumes [Driver: iscsi] [Feature:Volumes] [Testpattern: Dynamic PV (filesystem volmode)] multiVolume [Slow] should concurrently access the volume and restored snapshot from pods on the same node [LinuxOnly] [Feature:VolumeSnapshotDataSource] [Feature:VolumeSourceXFS]" classname="Kubernetes e2e suite" status="skipped" time="0">
              <skipped message="skipped"></skipped>
          </testcase>
          <testcase name="[It] [sig-storage] In-tree Volumes [Driver: vsphere] [Testpattern: Pre-provisioned PV (block volmode)] multiVolume [Slow] should concurrently access the single volume from pods on different node" classname="Kubernetes e2e suite" status="skipped" time="0">
              <skipped message="skipped"></skipped>
          </testcase>
          <testcase name="[It] [sig-storage] In-tree Volumes [Driver: iscsi] [Feature:Volumes] [Testpattern: Dynamic PV (default fs)] volume-expand should not allow expansion of pvcs without AllowVolumeExpansion property" classname="Kubernetes e2e suite" status="skipped" time="0">
              <skipped message="skipped"></skipped>
          </testcase>
          <testcase name="[It] [sig-storage] In-tree Volumes [Driver: local] [LocalVolumeType: dir-bindmounted] [Testpattern: Dynamic PV (default fs)] subPath should unmount if pod is gracefully deleted while kubelet is down [Disruptive] [Slow] [LinuxOnly]" classname="Kubernetes e2e suite" status="skipped" time="0">
              <skipped message="skipped"></skipped>
          </testcase>
          <testcase name="[It] [sig-cloud-provider-gcp] Upgrade [Feature:Upgrade] cluster upgrade should maintain a functioning cluster [Feature:ClusterUpgrade]" classname="Kubernetes e2e suite" status="skipped" time="0">
              <skipped message="skipped"></skipped>
          </testcase>
          <testcase name="[It] [sig-storage] In-tree Volumes [Driver: emptydir] [Testpattern: Dynamic PV (xfs)] [Slow] volumes should store data" classname="Kubernetes e2e suite" status="skipped" time="0">
              <skipped message="skipped"></skipped>
          </testcase>
          <testcase name="[It] [sig-network] Netpol NetworkPolicy between server and client should support allow-all policy [Feature:NetworkPolicy]" classname="Kubernetes e2e suite" status="skipped" time="0">
              <skipped message="skipped"></skipped>
          </testcase>
          <testcase name="[It] [sig-storage] In-tree Volumes [Driver: local] [LocalVolumeType: blockfs] [Testpattern: Pre-provisioned PV (ext4)] volumes should allow exec of files on the volume" classname="Kubernetes e2e suite" status="skipped" time="0">
              <skipped message="skipped"></skipped>
          </testcase>
          <testcase name="[It] [sig-storage] In-tree Volumes [Driver: rbd] [Feature:Volumes] [Serial] [Testpattern: Dynamic PV (default fs)] subPath should support non-existent path" classname="Kubernetes e2e suite" status="skipped" time="0">
              <skipped message="skipped"></skipped>
          </testcase>
          <testcase name="[It] [sig-storage] In-tree Volumes [Driver: local] [LocalVolumeType: tmpfs] [Testpattern: Dynamic PV (delayed binding)] topology should provision a volume and schedule a pod with AllowedTopologies" classname="Kubernetes e2e suite" status="skipped" time="0">
              <skipped message="skipped"></skipped>
          </testcase>
          <testcase name="[It] [sig-storage] In-tree Volumes [Driver: local] [LocalVolumeType: dir-link-bindmounted] [Testpattern: Pre-provisioned PV (default fs)] subPath should support non-existent path" classname="Kubernetes e2e suite" status="skipped" time="0">
              <skipped message="skipped"></skipped>
          </testcase>
          <testcase name="[It] [sig-apps] CronJob should delete successful finished jobs with limit of one successful job" classname="Kubernetes e2e suite" status="skipped" time="0">
              <skipped message="skipped"></skipped>
          </testcase>
          <testcase name="[It] [sig-storage] In-tree Volumes [Driver: local] [LocalVolumeType: block] [Testpattern: Pre-provisioned PV (filesystem volmode)] volumeMode should not mount / map unused volumes in a pod [LinuxOnly]" classname="Kubernetes e2e suite" status="skipped" time="0">
              <skipped message="skipped"></skipped>
          </testcase>
          <testcase name="[It] [sig-storage] In-tree Volumes [Driver: hostPathSymlink] [Testpattern: Inline-volume (default fs)] subPath should support restarting containers using file as subpath [Slow] [LinuxOnly]" classname="Kubernetes e2e suite" status="skipped" time="0">
              <skipped message="skipped"></skipped>
          </testcase>
          <testcase name="[It] [sig-storage] In-tree Volumes [Driver: local] [LocalVolumeType: tmpfs] [Testpattern: Pre-provisioned PV (xfs)] [Slow] volumes should store data" classname="Kubernetes e2e suite" status="skipped" time="0">
              <skipped message="skipped"></skipped>
          </testcase>
          <testcase name="[It] [sig-storage] In-tree Volumes [Driver: local] [LocalVolumeType: dir-link-bindmounted] [Testpattern: Pre-provisioned PV (filesystem volmode)] multiVolume [Slow] should access to two volumes with different volume mode and retain data across pod recreation on different node" classname="Kubernetes e2e suite" status="skipped" time="0">
              <skipped message="skipped"></skipped>
          </testcase>
          <testcase name="[It] [sig-network] Networking should provide Internet connection for containers [Feature:Networking-IPv4]" classname="Kubernetes e2e suite" status="skipped" time="0">
              <skipped message="skipped"></skipped>
          </testcase>
          <testcase name="[It] [sig-storage] In-tree Volumes [Driver: ceph] [Feature:Volumes] [Serial] [Testpattern: Dynamic PV (block volmode)] volumes should store data" classname="Kubernetes e2e suite" status="skipped" time="0">
              <skipped message="skipped"></skipped>
          </testcase>
          <testcase name="[It] [sig-storage] CSI Volumes [Driver: csi-hostpath] [Testpattern: Dynamic PV (filesystem volmode)] multiVolume [Slow] should concurrently access the volume and its clone from pods on the same node [LinuxOnly] [Feature:VolumeSourceXFS]" classname="Kubernetes e2e suite" status="skipped" time="0">
              <skipped message="skipped"></skipped>
          </testcase>
          <testcase name="[It] [sig-storage] In-tree Volumes [Driver: hostPathSymlink] [Testpattern: Generic Ephemeral-volume (default fs) (immediate-binding)] ephemeral should support multiple inline ephemeral volumes" classname="Kubernetes e2e suite" status="skipped" time="0">
              <skipped message="skipped"></skipped>
          </testcase>
          <testcase name="[It] [sig-storage] In-tree Volumes [Driver: local] [LocalVolumeType: dir] [Testpattern: Dynamic PV (default fs)] fsgroupchangepolicy (Always)[LinuxOnly], pod created with an initial fsgroup, volume contents ownership changed via chgrp in first pod, new pod with different fsgroup applied to the volume contents" classname="Kubernetes e2e suite" status="skipped" time="0">
              <skipped message="skipped"></skipped>
          </testcase>
          <testcase name="[It] [sig-storage] In-tree Volumes [Driver: azure-file] [Testpattern: Dynamic PV (xfs)] [Slow] multiVolume [Slow] should concurrently access the single volume from pods on the same node" classname="Kubernetes e2e suite" status="skipped" time="0">
              <skipped message="skipped"></skipped>
          </testcase>
          <testcase name="[It] [sig-storage] In-tree Volumes [Driver: hostPathSymlink] [Testpattern: Dynamic PV (block volmode)] provisioning should provision storage with pvc data source (ROX mode)" classname="Kubernetes e2e suite" status="skipped" time="0">
              <skipped message="skipped"></skipped>
          </testcase>
          <testcase name="[It] [sig-cli] Kubectl client Simple pod should support exec through kubectl proxy" classname="Kubernetes e2e suite" status="skipped" time="0">
              <skipped message="skipped"></skipped>
          </testcase>
          <testcase name="[It] [sig-node] NoExecuteTaintManager Multiple Pods [Serial] evicts pods with minTolerationSeconds [Disruptive] [Conformance]" classname="Kubernetes e2e suite" status="passed" time="88.097862134"></testcase>
          <testcase name="[It] [sig-storage] In-tree Volumes [Driver: local] [LocalVolumeType: block] [Testpattern: Inline-volume (default fs)] subPath should support existing directories when readOnly specified in the volumeSource" classname="Kubernetes e2e suite" status="skipped" time="0">
              <skipped message="skipped"></skipped>
          </testcase>
          <testcase name="[It] [sig-storage] CSI Volumes [Driver: csi-hostpath] [Testpattern: Dynamic PV (ntfs)] [Feature:Windows] volumes should store data" classname="Kubernetes e2e suite" status="skipped" time="0">
              <skipped message="skipped"></skipped>
          </testcase>
          <testcase name="[It] [sig-storage] CSI Volumes [Driver: pd.csi.storage.gke.io] [Serial] [Testpattern: Dynamic PV (block volmode)] provisioning should provision storage with snapshot data source [Feature:VolumeSnapshotDataSource]" classname="Kubernetes e2e suite" status="skipped" time="0">
              <skipped message="skipped"></skipped>
          </testcase>
          <testcase name="[It] [sig-storage] CSI Volumes [Driver: pd.csi.storage.gke.io] [Serial] [Testpattern: Dynamic PV (ext3)] volumes should store data" classname="Kubernetes e2e suite" status="skipped" time="0">
              <skipped message="skipped"></skipped>
          </testcase>
          <testcase name="[It] [sig-cli] Kubectl client Kubectl patch should add annotations for pods in rc [Conformance]" classname="Kubernetes e2e suite" status="passed" time="2.401785659"></testcase>
          <testcase name="[It] [sig-storage] In-tree Volumes [Driver: azure-disk] [Testpattern: Dynamic PV (ntfs)] [Feature:Windows] subPath should support existing directories when readOnly specified in the volumeSource" classname="Kubernetes e2e suite" status="skipped" time="0">
              <skipped message="skipped"></skipped>
          </testcase>
          <testcase name="[It] [sig-storage] EmptyDir volumes when FSGroup is specified [LinuxOnly] [NodeFeature:FSGroup] new files should be created with FSGroup ownership when container is non-root" classname="Kubernetes e2e suite" status="skipped" time="0">
              <skipped message="skipped"></skipped>
          </testcase>
          <testcase name="[It] [sig-storage] In-tree Volumes [Driver: hostPathSymlink] [Testpattern: Dynamic PV (ntfs)] [Feature:Windows] subPath should support existing directories when readOnly specified in the volumeSource" classname="Kubernetes e2e suite" status="skipped" time="0">
              <skipped message="skipped"></skipped>
          </testcase>
          <testcase name="[It] [sig-storage] In-tree Volumes [Driver: hostPath] [Testpattern: Dynamic PV (default fs)] provisioning should provision storage with pvc data source (ROX mode)" classname="Kubernetes e2e suite" status="skipped" time="0">
              <skipped message="skipped"></skipped>
          </testcase>
          <testcase name="[It] [sig-node] Sysctls [LinuxOnly] [NodeConformance] should not launch unsafe, but not explicitly enabled sysctls on the node [MinimumKubeletVersion:1.21]" classname="Kubernetes e2e suite" status="skipped" time="0">
              <skipped message="skipped"></skipped>
          </testcase>
          <testcase name="[It] [sig-storage] In-tree Volumes [Driver: nfs] [Testpattern: Inline-volume (default fs)] subPath should unmount if pod is gracefully deleted while kubelet is down [Disruptive] [Slow] [LinuxOnly]" classname="Kubernetes e2e suite" status="skipped" time="0">
              <skipped message="skipped"></skipped>
          </testcase>
          <testcase name="[It] [sig-storage] In-tree Volumes [Driver: hostPath] [Testpattern: Dynamic PV (block volmode)] provisioning should provision correct filesystem size when restoring snapshot to larger size pvc [Feature:VolumeSnapshotDataSource]" classname="Kubernetes e2e suite" status="skipped" time="0">
              <skipped message="skipped"></skipped>
          </testcase>
          <testcase name="[It] [sig-api-machinery] Server request timeout the request should be served with a default timeout if the specified timeout in the request URL exceeds maximum allowed" classname="Kubernetes e2e suite" status="skipped" time="0">
              <skipped message="skipped"></skipped>
          </testcase>
          <testcase name="[It] [sig-network] Networking Granular Checks: Services should function for multiple endpoint-Services with same selector" classname="Kubernetes e2e suite" status="skipped" time="0">
              <skipped message="skipped"></skipped>
          </testcase>
          <testcase name="[It] [sig-storage] In-tree Volumes [Driver: vsphere] [Testpattern: Pre-provisioned PV (filesystem volmode)] disruptive [Disruptive] [LinuxOnly] Should test that pv used in a pod that is deleted while the kubelet is down is usable by a new pod with a different SELinux context when kubelet returns [Feature:SELinux]" classname="Kubernetes e2e suite" status="skipped" time="0">
              <skipped message="skipped"></skipped>
          </testcase>
          <testcase name="[It] [sig-node] DRA [Feature:DynamicResourceAllocation] cluster with delayed allocation and setting ReservedFor supports scheduled pod referencing external resource claim" classname="Kubernetes e2e suite" status="skipped" time="0">
              <skipped message="skipped"></skipped>
          </testcase>
          <testcase name="[It] [sig-network] Netpol NetworkPolicy between server and client should allow ingress access from namespace on one named port [Feature:NetworkPolicy]" classname="Kubernetes e2e suite" status="skipped" time="0">
              <skipped message="skipped"></skipped>
          </testcase>
          <testcase name="[It] [sig-storage] In-tree Volumes [Driver: vsphere] [Testpattern: Dynamic PV (block volmode)] volumeMode should fail to use a volume in a pod with mismatched mode [Slow]" classname="Kubernetes e2e suite" status="skipped" time="0">
              <skipped message="skipped"></skipped>
          </testcase>
          <testcase name="[It] [sig-storage] In-tree Volumes [Driver: emptydir] [Testpattern: Dynamic PV (filesystem volmode)] disruptive [Disruptive] [LinuxOnly] Should test that pv used in a pod that is force deleted while the kubelet is down is usable by a new pod with a different SELinux context when kubelet returns [Feature:SELinux]" classname="Kubernetes e2e suite" status="skipped" time="0">
              <skipped message="skipped"></skipped>
          </testcase>
          <testcase name="[It] [sig-storage] In-tree Volumes [Driver: cinder] [Testpattern: Generic Ephemeral-volume (default fs) (immediate-binding)] ephemeral should support multiple inline ephemeral volumes" classname="Kubernetes e2e suite" status="skipped" time="0">
              <skipped message="skipped"></skipped>
          </testcase>
          <testcase name="[It] [sig-storage] CSI Volumes [Driver: csi-hostpath] [Testpattern: Dynamic PV (ntfs)] [Feature:Windows] multiVolume [Slow] should concurrently access the single volume from pods on different node" classname="Kubernetes e2e suite" status="skipped" time="0">
              <skipped message="skipped"></skipped>
          </testcase>
          <testcase name="[It] [sig-storage] In-tree Volumes [Driver: emptydir] [Testpattern: Inline-volume (default fs)] subPath should support readOnly directory specified in the volumeMount" classname="Kubernetes e2e suite" status="skipped" time="0">
              <skipped message="skipped"></skipped>
          </testcase>
          <testcase name="[It] [sig-autoscaling] [Feature:HPA] Horizontal pod autoscaling (scale resource: Memory) [Serial] [Slow] Deployment (Container Resource) Should scale from 1 pod to 3 pods and then from 3 pods to 5 pods using Average Utilization for aggregation" classname="Kubernetes e2e suite" status="skipped" time="0">
              <skipped message="skipped"></skipped>
          </testcase>
          <testcase name="[It] [sig-storage] In-tree Volumes [Driver: azure-file] [Testpattern: Dynamic PV (filesystem volmode)] volumeMode should not mount / map unused volumes in a pod [LinuxOnly]" classname="Kubernetes e2e suite" status="skipped" time="0">
              <skipped message="skipped"></skipped>
          </testcase>
          <testcase name="[It] [sig-storage] In-tree Volumes [Driver: local] [LocalVolumeType: block] [Testpattern: Inline-volume (default fs)] subPath should support existing directory" classname="Kubernetes e2e suite" status="skipped" time="0">
              <skipped message="skipped"></skipped>
          </testcase>
          <testcase name="[It] [sig-storage] In-tree Volumes [Driver: hostPath] [Testpattern: Pre-provisioned PV (block volmode)] multiVolume [Slow] should access to two volumes with different volume mode and retain data across pod recreation on different node" classname="Kubernetes e2e suite" status="skipped" time="0">
              <skipped message="skipped"></skipped>
          </testcase>
          <testcase name="[It] [sig-storage] In-tree Volumes [Driver: hostPathSymlink] [Testpattern: Dynamic PV (default fs)] subPath should support non-existent path" classname="Kubernetes e2e suite" status="skipped" time="0">
              <skipped message="skipped"></skipped>
          </testcase>
          <testcase name="[It] [sig-autoscaling] Cluster size autoscaling [Slow] should be able to scale down when rescheduling a pod is required and pdb allows for it [Feature:ClusterSizeAutoscalingScaleDown]" classname="Kubernetes e2e suite" status="skipped" time="0">
              <skipped message="skipped"></skipped>
          </testcase>
          <testcase name="[It] [sig-storage] In-tree Volumes [Driver: azure-file] [Testpattern: Dynamic PV (default fs)] subPath should be able to unmount after the subpath directory is deleted [LinuxOnly]" classname="Kubernetes e2e suite" status="skipped" time="0">
              <skipped message="skipped"></skipped>
          </testcase>
          <testcase name="[It] [sig-storage] In-tree Volumes [Driver: cinder] [Testpattern: Generic Ephemeral-volume (default fs) (immediate-binding)] ephemeral should create read-only inline ephemeral volume" classname="Kubernetes e2e suite" status="skipped" time="0">
              <skipped message="skipped"></skipped>
          </testcase>
          <testcase name="[It] [sig-storage] In-tree Volumes [Driver: emptydir] [Testpattern: Dynamic PV (default fs)] subPath should unmount if pod is force deleted while kubelet is down [Disruptive] [Slow] [LinuxOnly]" classname="Kubernetes e2e suite" status="skipped" time="0">
              <skipped message="skipped"></skipped>
          </testcase>
          <testcase name="[It] [sig-storage] In-tree Volumes [Driver: cinder] [Testpattern: Pre-provisioned PV (filesystem volmode)] multiVolume [Slow] should concurrently access the volume and its clone from pods on the same node [LinuxOnly] [Feature:VolumeSourceXFS]" classname="Kubernetes e2e suite" status="skipped" time="0">
              <skipped message="skipped"></skipped>
          </testcase>
          <testcase name="[It] [sig-storage] In-tree Volumes [Driver: ceph] [Feature:Volumes] [Serial] [Testpattern: Dynamic PV (ext4)] multiVolume [Slow] should concurrently access the volume and restored snapshot from pods on the same node [LinuxOnly] [Feature:VolumeSnapshotDataSource] [Feature:VolumeSourceXFS]" classname="Kubernetes e2e suite" status="skipped" time="0">
              <skipped message="skipped"></skipped>
          </testcase>
          <testcase name="[It] [sig-cli] Kubectl client Proxy server should support proxy with --port 0 [Conformance]" classname="Kubernetes e2e suite" status="passed" time="0.119275929"></testcase>
          <testcase name="[It] [sig-storage] In-tree Volumes [Driver: local] [LocalVolumeType: block] [Testpattern: Dynamic PV (ntfs)] [Feature:Windows] multiVolume [Slow] should access to two volumes with different volume mode and retain data across pod recreation on different node" classname="Kubernetes e2e suite" status="skipped" time="0">
              <skipped message="skipped"></skipped>
          </testcase>
          <testcase name="[It] [sig-storage] In-tree Volumes [Driver: vsphere] [Testpattern: Dynamic PV (default fs)] volumeIO should write files of various sizes, verify size, validate content [Slow]" classname="Kubernetes e2e suite" status="skipped" time="0">
              <skipped message="skipped"></skipped>
          </testcase>
          <testcase name="[It] [sig-storage] CSI Mock volume storage capacity CSIStorageCapacity CSIStorageCapacity used, no capacity" classname="Kubernetes e2e suite" status="skipped" time="0">
              <skipped message="skipped"></skipped>
          </testcase>
          <testcase name="[It] [sig-storage] In-tree Volumes [Driver: iscsi] [Feature:Volumes] [Testpattern: Inline-volume (default fs)] volumes should allow exec of files on the volume" classname="Kubernetes e2e suite" status="skipped" time="0">
              <skipped message="skipped"></skipped>
          </testcase>
          <testcase name="[It] [sig-storage] In-tree Volumes [Driver: nfs] [Testpattern: Pre-provisioned PV (default fs)] subPath should support existing single file [LinuxOnly]" classname="Kubernetes e2e suite" status="skipped" time="0">
              <skipped message="skipped"></skipped>
          </testcase>
          <testcase name="[It] [sig-storage] In-tree Volumes [Driver: local] [LocalVolumeType: dir-bindmounted] [Testpattern: Pre-provisioned PV (filesystem volmode)] disruptive [Disruptive] [LinuxOnly] Should test that pv used in a pod that is deleted while the kubelet is down is usable by a new pod with a different SELinux context when kubelet returns [Feature:SELinux]" classname="Kubernetes e2e suite" status="skipped" time="0">
              <skipped message="skipped"></skipped>
          </testcase>
          <testcase name="[It] [sig-storage] In-tree Volumes [Driver: local] [LocalVolumeType: tmpfs] [Testpattern: Pre-provisioned PV (block volmode)] volumeMode should fail to use a volume in a pod with mismatched mode [Slow]" classname="Kubernetes e2e suite" status="skipped" time="0">
              <skipped message="skipped"></skipped>
          </testcase>
          <testcase name="[It] [sig-storage] In-tree Volumes [Driver: azure-disk] [Testpattern: Pre-provisioned PV (default fs)] subPath should support non-existent path" classname="Kubernetes e2e suite" status="skipped" time="0">
              <skipped message="skipped"></skipped>
          </testcase>
          <testcase name="[It] [sig-apps] ReplicaSet should list and delete a collection of ReplicaSets [Conformance]" classname="Kubernetes e2e suite" status="passed" time="5.125030503"></testcase>
          <testcase name="[It] [sig-storage] HostPathType Block Device [Slow] Should fail on mounting block device &#39;ablkdev&#39; when HostPathType is HostPathFile" classname="Kubernetes e2e suite" status="skipped" time="0">
              <skipped message="skipped"></skipped>
          </testcase>
          <testcase name="[It] [sig-storage] In-tree Volumes [Driver: local] [LocalVolumeType: dir-link] [Testpattern: Inline-volume (default fs)] subPath should support creating multiple subpath from same volumes [Slow]" classname="Kubernetes e2e suite" status="skipped" time="0">
              <skipped message="skipped"></skipped>
          </testcase>
          <testcase name="[It] [sig-storage] In-tree Volumes [Driver: local] [LocalVolumeType: block] [Testpattern: Dynamic PV (default fs)] subPath should unmount if pod is force deleted while kubelet is down [Disruptive] [Slow] [LinuxOnly]" classname="Kubernetes e2e suite" status="skipped" time="0">
              <skipped message="skipped"></skipped>
          </testcase>
          <testcase name="[It] [sig-storage] In-tree Volumes [Driver: local] [LocalVolumeType: dir] [Testpattern: Dynamic PV (block volmode)] multiVolume [Slow] should concurrently access the single volume from pods on different node" classname="Kubernetes e2e suite" status="skipped" time="0">
              <skipped message="skipped"></skipped>
          </testcase>
          <testcase name="[It] [sig-storage] In-tree Volumes [Driver: local] [LocalVolumeType: dir] [Testpattern: Pre-provisioned PV (ntfs)] [Feature:Windows] volumes should store data" classname="Kubernetes e2e suite" status="skipped" time="0">
              <skipped message="skipped"></skipped>
          </testcase>
          <testcase name="[It] [sig-storage] In-tree Volumes [Driver: hostPathSymlink] [Testpattern: Generic Ephemeral-volume (block volmode) (late-binding)] ephemeral should create read-only inline ephemeral volume" classname="Kubernetes e2e suite" status="skipped" time="0">
              <skipped message="skipped"></skipped>
          </testcase>
          <testcase name="[It] [sig-storage] In-tree Volumes [Driver: local] [LocalVolumeType: tmpfs] [Testpattern: Pre-provisioned PV (filesystem volmode)] disruptive [Disruptive] [LinuxOnly] Should test that pv used in a pod that is deleted while the kubelet is down is usable by a new pod with a different SELinux context when kubelet returns [Feature:SELinux]" classname="Kubernetes e2e suite" status="skipped" time="0">
              <skipped message="skipped"></skipped>
          </testcase>
          <testcase name="[It] [sig-storage] In-tree Volumes [Driver: local] [LocalVolumeType: dir-link-bindmounted] [Testpattern: Pre-provisioned PV (block volmode)] disruptive [Disruptive] [LinuxOnly] Should test that pv used in a pod that is force deleted while the kubelet is down cleans up when the kubelet returns." classname="Kubernetes e2e suite" status="skipped" time="0">
              <skipped message="skipped"></skipped>
          </testcase>
          <testcase name="[It] [sig-storage] In-tree Volumes [Driver: azure-disk] [Testpattern: Pre-provisioned PV (filesystem volmode)] disruptive [Disruptive] [LinuxOnly] Should test that pv used in a pod that is force deleted while the kubelet is down is usable by a new pod with a different SELinux context when kubelet returns [Feature:SELinux]" classname="Kubernetes e2e suite" status="skipped" time="0">
              <skipped message="skipped"></skipped>
          </testcase>
          <testcase name="[It] [sig-storage] In-tree Volumes [Driver: iscsi] [Feature:Volumes] [Testpattern: Dynamic PV (delayed binding)] topology should provision a volume and schedule a pod with AllowedTopologies" classname="Kubernetes e2e suite" status="skipped" time="0">
              <skipped message="skipped"></skipped>
          </testcase>
          <testcase name="[It] [sig-node] DRA [Feature:DynamicResourceAllocation] cluster with immediate allocation supports inline claim referenced by multiple containers" classname="Kubernetes e2e suite" status="skipped" time="0">
              <skipped message="skipped"></skipped>
          </testcase>
          <testcase name="[It] [sig-network] Services should be able to update service type to NodePort listening on same port number but different protocols" classname="Kubernetes e2e suite" status="skipped" time="0">
              <skipped message="skipped"></skipped>
          </testcase>
          <testcase name="[It] [sig-storage] CSI Volumes [Driver: csi-hostpath] [Testpattern: Pre-provisioned PV (filesystem volmode)] volumeMode should fail to use a volume in a pod with mismatched mode [Slow]" classname="Kubernetes e2e suite" status="skipped" time="0">
              <skipped message="skipped"></skipped>
          </testcase>
          <testcase name="[It] [sig-storage] In-tree Volumes [Driver: emptydir] [Testpattern: Dynamic PV (block volmode)] provisioning should provision storage with snapshot data source (ROX mode) [Feature:VolumeSnapshotDataSource]" classname="Kubernetes e2e suite" status="skipped" time="0">
              <skipped message="skipped"></skipped>
          </testcase>
          <testcase name="[It] [sig-storage] In-tree Volumes [Driver: local] [LocalVolumeType: dir-bindmounted] [Testpattern: Pre-provisioned PV (block volmode)] volumeMode should fail to use a volume in a pod with mismatched mode [Slow]" classname="Kubernetes e2e suite" status="skipped" time="0">
              <skipped message="skipped"></skipped>
          </testcase>
          <testcase name="[It] [sig-storage] In-tree Volumes [Driver: cinder] [Testpattern: Dynamic PV (delayed binding)] topology should fail to schedule a pod which has topologies that conflict with AllowedTopologies" classname="Kubernetes e2e suite" status="skipped" time="0">
              <skipped message="skipped"></skipped>
          </testcase>
          <testcase name="[It] [sig-storage] In-tree Volumes [Driver: ceph] [Feature:Volumes] [Serial] [Testpattern: Generic Ephemeral-volume (default fs) (late-binding)] ephemeral should create read/write inline ephemeral volume" classname="Kubernetes e2e suite" status="skipped" time="0">
              <skipped message="skipped"></skipped>
          </testcase>
          <testcase name="[It] [sig-storage] In-tree Volumes [Driver: emptydir] [Testpattern: Dynamic PV (default fs)] subPath should support existing single file [LinuxOnly]" classname="Kubernetes e2e suite" status="skipped" time="0">
              <skipped message="skipped"></skipped>
          </testcase>
          <testcase name="[It] [sig-apps] CronJob should remove from active list jobs that have been deleted" classname="Kubernetes e2e suite" status="skipped" time="0">
              <skipped message="skipped"></skipped>
          </testcase>
          <testcase name="[It] [sig-storage] In-tree Volumes [Driver: local] [LocalVolumeType: dir-link] [Testpattern: Pre-provisioned PV (ntfs)] [Feature:Windows] volumes should allow exec of files on the volume" classname="Kubernetes e2e suite" status="skipped" time="0">
              <skipped message="skipped"></skipped>
          </testcase>
          <testcase name="[It] [sig-storage] In-tree Volumes [Driver: local] [LocalVolumeType: dir] [Testpattern: Pre-provisioned PV (filesystem volmode)] disruptive [Disruptive] [LinuxOnly] Should test that pv used in a pod that is deleted while the kubelet is down is usable by a new pod with a different SELinux context when kubelet returns [Feature:SELinux]" classname="Kubernetes e2e suite" status="skipped" time="0">
              <skipped message="skipped"></skipped>
          </testcase>
          <testcase name="[It] [sig-storage] In-tree Volumes [Driver: rbd] [Feature:Volumes] [Serial] [Testpattern: Generic Ephemeral-volume (default fs) (late-binding)] ephemeral should support expansion of pvcs created for ephemeral pvcs" classname="Kubernetes e2e suite" status="skipped" time="0">
              <skipped message="skipped"></skipped>
          </testcase>
          <testcase name="[It] [sig-node] PrivilegedPod [NodeConformance] should enable privileged commands [LinuxOnly]" classname="Kubernetes e2e suite" status="skipped" time="0">
              <skipped message="skipped"></skipped>
          </testcase>
          <testcase name="[It] [sig-storage] In-tree Volumes [Driver: aws] [Testpattern: Dynamic PV (default fs)] provisioning should provision storage with any volume data source [Serial]" classname="Kubernetes e2e suite" status="skipped" time="0">
              <skipped message="skipped"></skipped>
          </testcase>
          <testcase name="[It] [sig-storage] In-tree Volumes [Driver: cinder] [Testpattern: Dynamic PV (block volmode)] disruptive [Disruptive] [LinuxOnly] Should test that pv used in a pod that is deleted while the kubelet is down cleans up when the kubelet returns." classname="Kubernetes e2e suite" status="skipped" time="0">
              <skipped message="skipped"></skipped>
          </testcase>
          <testcase name="[It] [sig-storage] In-tree Volumes [Driver: ceph] [Feature:Volumes] [Serial] [Testpattern: Generic Ephemeral-volume (default fs) (late-binding)] ephemeral should support two pods which have the same volume definition" classname="Kubernetes e2e suite" status="skipped" time="0">
              <skipped message="skipped"></skipped>
          </testcase>
          <testcase name="[It] [sig-storage] In-tree Volumes [Driver: ceph] [Feature:Volumes] [Serial] [Testpattern: Pre-provisioned PV (filesystem volmode)] multiVolume [Slow] should concurrently access the single volume from pods on the same node" classname="Kubernetes e2e suite" status="skipped" time="0">
              <skipped message="skipped"></skipped>
          </testcase>
          <testcase name="[It] [sig-network] Services should be able to change the type from ExternalName to ClusterIP [Conformance]" classname="Kubernetes e2e suite" status="passed" time="7.630343896"></testcase>
          <testcase name="[It] [sig-api-machinery] Garbage collector should not delete dependents that have both valid owner and owner that&#39;s waiting for dependents to be deleted [Conformance]" classname="Kubernetes e2e suite" status="passed" time="17.368649412"></testcase>
          <testcase name="[It] [sig-node] Probing container should have monotonically increasing restart count [NodeConformance] [Conformance]" classname="Kubernetes e2e suite" status="passed" time="152.724496228"></testcase>
          <testcase name="[It] [sig-node] Downward API should provide pod UID as env vars [NodeConformance] [Conformance]" classname="Kubernetes e2e suite" status="passed" time="4.125183547"></testcase>
          <testcase name="[It] [sig-storage] In-tree Volumes [Driver: local] [LocalVolumeType: tmpfs] [Testpattern: Pre-provisioned PV (filesystem volmode)] multiVolume [Slow] should access to two volumes with different volume mode and retain data across pod recreation on the same node" classname="Kubernetes e2e suite" status="skipped" time="0">
              <skipped message="skipped"></skipped>
          </testcase>
          <testcase name="[It] [sig-network] Netpol NetworkPolicy between server and client should enforce policy to allow traffic from pods within server namespace based on PodSelector [Feature:NetworkPolicy]" classname="Kubernetes e2e suite" status="skipped" time="0">
              <skipped message="skipped"></skipped>
          </testcase>
          <testcase name="[It] [sig-storage] In-tree Volumes [Driver: local] [LocalVolumeType: dir] [Testpattern: Dynamic PV (ntfs)] [Feature:Windows] multiVolume [Slow] should concurrently access the single volume from pods on different node" classname="Kubernetes e2e suite" status="skipped" time="0">
              <skipped message="skipped"></skipped>
          </testcase>
          <testcase name="[It] [sig-storage] Zone Support [Feature:vsphere] Verify a pod is created and attached to a dynamically created PV, based on the allowed zones and datastore specified in storage class when there are multiple datastores with the same name under different zones across datacenters" classname="Kubernetes e2e suite" status="skipped" time="0">
              <skipped message="skipped"></skipped>
          </testcase>
          <testcase name="[It] [sig-storage] In-tree Volumes [Driver: aws] [Testpattern: Dynamic PV (default fs)] subPath should support restarting containers using directory as subpath [Slow]" classname="Kubernetes e2e suite" status="skipped" time="0">
              <skipped message="skipped"></skipped>
          </testcase>
          <testcase name="[It] [sig-storage] In-tree Volumes [Driver: local] [LocalVolumeType: block] [Testpattern: Dynamic PV (default fs)] fsgroupchangepolicy (OnRootMismatch)[LinuxOnly], pod created with an initial fsgroup, volume contents ownership changed via chgrp in first pod, new pod with different fsgroup applied to the volume contents" classname="Kubernetes e2e suite" status="skipped" time="0">
              <skipped message="skipped"></skipped>
          </testcase>
          <testcase name="[It] [sig-storage] HostPathType Block Device [Slow] Should be able to mount block device &#39;ablkdev&#39; successfully when HostPathType is HostPathBlockDev" classname="Kubernetes e2e suite" status="skipped" time="0">
              <skipped message="skipped"></skipped>
          </testcase>
          <testcase name="[It] [sig-storage] In-tree Volumes [Driver: local] [LocalVolumeType: dir-link] [Testpattern: Inline-volume (default fs)] volumes should allow exec of files on the volume" classname="Kubernetes e2e suite" status="skipped" time="0">
              <skipped message="skipped"></skipped>
          </testcase>
          <testcase name="[It] [sig-storage] In-tree Volumes [Driver: hostPath] [Testpattern: Dynamic PV (ntfs)] [Feature:Windows] provisioning should provision storage with pvc data source" classname="Kubernetes e2e suite" status="skipped" time="0">
              <skipped message="skipped"></skipped>
          </testcase>
          <testcase name="[It] [sig-storage] In-tree Volumes [Driver: local] [LocalVolumeType: tmpfs] [Testpattern: Generic Ephemeral-volume (default fs) (immediate-binding)] ephemeral should support multiple inline ephemeral volumes" classname="Kubernetes e2e suite" status="skipped" time="0">
              <skipped message="skipped"></skipped>
          </testcase>
          <testcase name="[It] [sig-cli] Kubectl client Simple pod should support exec using resource/name" classname="Kubernetes e2e suite" status="skipped" time="0">
              <skipped message="skipped"></skipped>
          </testcase>
          <testcase name="[It] [sig-storage] In-tree Volumes [Driver: azure-file] [Testpattern: Dynamic PV (block volmode)] multiVolume [Slow] should access to two volumes with different volume mode and retain data across pod recreation on different node" classname="Kubernetes e2e suite" status="skipped" time="0">
              <skipped message="skipped"></skipped>
          </testcase>
          <testcase name="[It] [sig-storage] In-tree Volumes [Driver: emptydir] [Testpattern: Pre-provisioned PV (xfs)] [Slow] volumes should store data" classname="Kubernetes e2e suite" status="skipped" time="0">
              <skipped message="skipped"></skipped>
          </testcase>
          <testcase name="[It] [sig-autoscaling] [Feature:HPA] Horizontal pod autoscaling (scale resource: Memory) [Serial] [Slow] Deployment (Container Resource) Should scale from 1 pod to 3 pods and then from 3 pods to 5 pods using Average Value for aggregation" classname="Kubernetes e2e suite" status="skipped" time="0">
              <skipped message="skipped"></skipped>
          </testcase>
          <testcase name="[It] [sig-storage] In-tree Volumes [Driver: aws] [Testpattern: Pre-provisioned PV (default fs)] subPath should support restarting containers using directory as subpath [Slow]" classname="Kubernetes e2e suite" status="skipped" time="0">
              <skipped message="skipped"></skipped>
          </testcase>
          <testcase name="[It] [sig-apps] StatefulSet Basic StatefulSet functionality [StatefulSetBasic] should perform canary updates and phased rolling updates of template modifications for partiton1 and delete pod-0 without failing container" classname="Kubernetes e2e suite" status="skipped" time="0">
              <skipped message="skipped"></skipped>
          </testcase>
          <testcase name="[It] [sig-storage] Downward API volume should update annotations on modification [NodeConformance] [Conformance]" classname="Kubernetes e2e suite" status="passed" time="6.632296015"></testcase>
          <testcase name="[It] [sig-storage] CSI Volumes [Driver: pd.csi.storage.gke.io] [Serial] [Testpattern: Pre-provisioned PV (filesystem volmode)] multiVolume [Slow] should concurrently access the single volume from pods on the same node" classname="Kubernetes e2e suite" status="skipped" time="0">
              <skipped message="skipped"></skipped>
          </testcase>
          <testcase name="[It] [sig-node] kubelet kubectl get --raw &#34;/api/v1/nodes/&lt;insert-node-name-here&gt;/proxy/logs/?query=/&lt;insert-log-file-name-here&gt; [Feature:NodeLogQuery] [LinuxOnly] should return the kubelet logs for the current boot with the pattern container" classname="Kubernetes e2e suite" status="skipped" time="0">
              <skipped message="skipped"></skipped>
          </testcase>
          <testcase name="[It] [sig-storage] In-tree Volumes [Driver: rbd] [Feature:Volumes] [Serial] [Testpattern: Inline-volume (xfs)] [Slow] volumes should allow exec of files on the volume" classname="Kubernetes e2e suite" status="skipped" time="0">
              <skipped message="skipped"></skipped>
          </testcase>
          <testcase name="[It] [sig-storage] In-tree Volumes [Driver: hostPath] [Testpattern: Inline-volume (default fs)] subPath should support existing single file [LinuxOnly]" classname="Kubernetes e2e suite" status="skipped" time="0">
              <skipped message="skipped"></skipped>
          </testcase>
          <testcase name="[It] [sig-storage] In-tree Volumes [Driver: local] [LocalVolumeType: blockfs] [Testpattern: Pre-provisioned PV (filesystem volmode)] multiVolume [Slow] should access to two volumes with the same volume mode and retain data across pod recreation on the same node" classname="Kubernetes e2e suite" status="skipped" time="0">
              <skipped message="skipped"></skipped>
          </testcase>
          <testcase name="[It] [sig-storage] In-tree Volumes [Driver: local] [LocalVolumeType: dir-link-bindmounted] [Testpattern: Dynamic PV (ntfs)] [Feature:Windows] subPath should support creating multiple subpath from same volumes [Slow]" classname="Kubernetes e2e suite" status="skipped" time="0">
              <skipped message="skipped"></skipped>
          </testcase>
          <testcase name="[It] [sig-storage] In-tree Volumes [Driver: rbd] [Feature:Volumes] [Serial] [Testpattern: Dynamic PV (block volmode)] provisioning should provision storage with any volume data source [Serial]" classname="Kubernetes e2e suite" status="skipped" time="0">
              <skipped message="skipped"></skipped>
          </testcase>
          <testcase name="[It] [sig-scheduling] SchedulerPredicates [Serial] validates that taints-tolerations is respected if not matching" classname="Kubernetes e2e suite" status="skipped" time="0">
              <skipped message="skipped"></skipped>
          </testcase>
          <testcase name="[It] [sig-storage] Volume Placement [Feature:vsphere] should create and delete pod with multiple volumes from different datastore" classname="Kubernetes e2e suite" status="skipped" time="0">
              <skipped message="skipped"></skipped>
          </testcase>
          <testcase name="[It] [sig-storage] In-tree Volumes [Driver: vsphere] [Testpattern: Dynamic PV (default fs)] subPath should support existing directory" classname="Kubernetes e2e suite" status="skipped" time="0">
              <skipped message="skipped"></skipped>
          </testcase>
          <testcase name="[It] [sig-storage] In-tree Volumes [Driver: rbd] [Feature:Volumes] [Serial] [Testpattern: Generic Ephemeral-volume (default fs) (late-binding)] ephemeral should support multiple inline ephemeral volumes" classname="Kubernetes e2e suite" status="skipped" time="0">
              <skipped message="skipped"></skipped>
          </testcase>
          <testcase name="[It] [sig-storage] In-tree Volumes [Driver: local] [LocalVolumeType: tmpfs] [Testpattern: Dynamic PV (default fs)] subPath should support creating multiple subpath from same volumes [Slow]" classname="Kubernetes e2e suite" status="skipped" time="0">
              <skipped message="skipped"></skipped>
          </testcase>
          <testcase name="[It] [sig-autoscaling] [Feature:HPA] [Serial] [Slow] Horizontal pod autoscaling (non-default behavior) with scale limited by number of Pods rate should scale up no more than given number of Pods per minute" classname="Kubernetes e2e suite" status="skipped" time="0">
              <skipped message="skipped"></skipped>
          </testcase>
          <testcase name="[It] [sig-storage] In-tree Volumes [Driver: nfs] [Testpattern: Pre-provisioned PV (default fs)] subPath should be able to unmount after the subpath directory is deleted [LinuxOnly]" classname="Kubernetes e2e suite" status="skipped" time="0">
              <skipped message="skipped"></skipped>
          </testcase>
          <testcase name="[It] [sig-storage] In-tree Volumes [Driver: ceph] [Feature:Volumes] [Serial] [Testpattern: Dynamic PV (block volmode)] volumeMode should fail in binding dynamic provisioned PV to PVC [Slow] [LinuxOnly]" classname="Kubernetes e2e suite" status="skipped" time="0">
              <skipped message="skipped"></skipped>
          </testcase>
          <testcase name="[It] [sig-network] DNS should provide /etc/hosts entries for the cluster [Conformance]" classname="Kubernetes e2e suite" status="passed" time="2.117789667"></testcase>
          <testcase name="[It] [sig-storage] In-tree Volumes [Driver: vsphere] [Testpattern: Dynamic PV (default fs)] subPath should unmount if pod is force deleted while kubelet is down [Disruptive] [Slow] [LinuxOnly]" classname="Kubernetes e2e suite" status="skipped" time="0">
              <skipped message="skipped"></skipped>
          </testcase>
          <testcase name="[It] [sig-storage] In-tree Volumes [Driver: emptydir] [Testpattern: Inline-volume (default fs)] volumes should store data" classname="Kubernetes e2e suite" status="skipped" time="0">
              <skipped message="skipped"></skipped>
          </testcase>
          <testcase name="[It] [sig-storage] In-tree Volumes [Driver: cinder] [Testpattern: Pre-provisioned PV (filesystem volmode)] multiVolume [Slow] should concurrently access the single volume from pods on the same node" classname="Kubernetes e2e suite" status="skipped" time="0">
              <skipped message="skipped"></skipped>
          </testcase>
          <testcase name="[It] [sig-storage] In-tree Volumes [Driver: rbd] [Feature:Volumes] [Serial] [Testpattern: Dynamic PV (ntfs)] [Feature:Windows] provisioning should provision storage with pvc data source (ROX mode)" classname="Kubernetes e2e suite" status="skipped" time="0">
              <skipped message="skipped"></skipped>
          </testcase>
          <testcase name="[It] [sig-scheduling] SchedulerPriorities [Serial] Pod should be scheduled to node that don&#39;t match the PodAntiAffinity terms" classname="Kubernetes e2e suite" status="skipped" time="0">
              <skipped message="skipped"></skipped>
          </testcase>
          <testcase name="[It] [sig-storage] In-tree Volumes [Driver: local] [LocalVolumeType: gce-localssd-scsi-fs] [Serial] [Testpattern: Pre-provisioned PV (block volmode)] disruptive [Disruptive] [LinuxOnly] Should test that pv used in a pod that is deleted while the kubelet is down cleans up when the kubelet returns." classname="Kubernetes e2e suite" status="skipped" time="0">
              <skipped message="skipped"></skipped>
          </testcase>
          <testcase name="[It] [sig-storage] In-tree Volumes [Driver: local] [LocalVolumeType: blockfs] [Testpattern: Dynamic PV (ntfs)] [Feature:Windows] volume-expand should not allow expansion of pvcs without AllowVolumeExpansion property" classname="Kubernetes e2e suite" status="skipped" time="0">
              <skipped message="skipped"></skipped>
          </testcase>
          <testcase name="[It] [sig-storage] In-tree Volumes [Driver: emptydir] [Testpattern: Dynamic PV (ntfs)] [Feature:Windows] volumeIO should write files of various sizes, verify size, validate content [Slow]" classname="Kubernetes e2e suite" status="skipped" time="0">
              <skipped message="skipped"></skipped>
          </testcase>
          <testcase name="[It] [sig-storage] In-tree Volumes [Driver: hostPath] [Testpattern: Dynamic PV (immediate binding)] topology should fail to schedule a pod which has topologies that conflict with AllowedTopologies" classname="Kubernetes e2e suite" status="skipped" time="0">
              <skipped message="skipped"></skipped>
          </testcase>
          <testcase name="[It] [sig-storage] In-tree Volumes [Driver: emptydir] [Testpattern: Inline-volume (default fs)] subPath should fail if subpath directory is outside the volume [Slow] [LinuxOnly]" classname="Kubernetes e2e suite" status="skipped" time="0">
              <skipped message="skipped"></skipped>
          </testcase>
          <testcase name="[It] [sig-storage] In-tree Volumes [Driver: nfs] [Testpattern: Dynamic PV (xfs)] [Slow] multiVolume [Slow] should access to two volumes with different volume mode and retain data across pod recreation on different node" classname="Kubernetes e2e suite" status="skipped" time="0">
              <skipped message="skipped"></skipped>
          </testcase>
          <testcase name="[It] [sig-storage] In-tree Volumes [Driver: rbd] [Feature:Volumes] [Serial] [Testpattern: Dynamic PV (default fs)] subPath should be able to unmount after the subpath directory is deleted [LinuxOnly]" classname="Kubernetes e2e suite" status="skipped" time="0">
              <skipped message="skipped"></skipped>
          </testcase>
          <testcase name="[It] [sig-storage] In-tree Volumes [Driver: azure-file] [Testpattern: Dynamic PV (block volmode)(allowExpansion)] volume-expand Verify if offline PVC expansion works" classname="Kubernetes e2e suite" status="skipped" time="0">
              <skipped message="skipped"></skipped>
          </testcase>
          <testcase name="[It] [sig-storage] In-tree Volumes [Driver: hostPathSymlink] [Testpattern: Dynamic PV (default fs)] subPath should support existing directory" classname="Kubernetes e2e suite" status="skipped" time="0">
              <skipped message="skipped"></skipped>
          </testcase>
          <testcase name="[It] [sig-network] LoadBalancers should be able to change the type and ports of a UDP service [Slow]" classname="Kubernetes e2e suite" status="skipped" time="0">
              <skipped message="skipped"></skipped>
          </testcase>
          <testcase name="[It] [sig-storage] In-tree Volumes [Driver: azure-file] [Testpattern: Dynamic PV (ntfs)] [Feature:Windows] volume-expand should not allow expansion of pvcs without AllowVolumeExpansion property" classname="Kubernetes e2e suite" status="skipped" time="0">
              <skipped message="skipped"></skipped>
          </testcase>
          <testcase name="[It] [sig-storage] In-tree Volumes [Driver: iscsi] [Feature:Volumes] [Testpattern: Dynamic PV (ntfs)] [Feature:Windows] subPath should fail if subpath with backstepping is outside the volume [Slow] [LinuxOnly]" classname="Kubernetes e2e suite" status="skipped" time="0">
              <skipped message="skipped"></skipped>
          </testcase>
          <testcase name="[It] [sig-storage] In-tree Volumes [Driver: vsphere] [Testpattern: Dynamic PV (default fs)] volumes should store data" classname="Kubernetes e2e suite" status="skipped" time="0">
              <skipped message="skipped"></skipped>
          </testcase>
          <testcase name="[It] [sig-storage] In-tree Volumes [Driver: local] [LocalVolumeType: blockfs] [Testpattern: Dynamic PV (ntfs)(allowExpansion)] [Feature:Windows] volume-expand Verify if offline PVC expansion works" classname="Kubernetes e2e suite" status="skipped" time="0">
              <skipped message="skipped"></skipped>
          </testcase>
          <testcase name="[It] [sig-storage] In-tree Volumes [Driver: local] [LocalVolumeType: dir] [Testpattern: Dynamic PV (default fs)] volume-stress multiple pods should access different volumes repeatedly [Slow] [Serial]" classname="Kubernetes e2e suite" status="skipped" time="0">
              <skipped message="skipped"></skipped>
          </testcase>
          <testcase name="[It] [sig-storage] In-tree Volumes [Driver: local] [LocalVolumeType: blockfs] [Testpattern: Dynamic PV (filesystem volmode)] volumeMode should fail to use a volume in a pod with mismatched mode [Slow]" classname="Kubernetes e2e suite" status="skipped" time="0">
              <skipped message="skipped"></skipped>
          </testcase>
          <testcase name="[It] [sig-node] kubelet kubectl get --raw &#34;/api/v1/nodes/&lt;insert-node-name-here&gt;/proxy/logs/?query=/&lt;insert-log-file-name-here&gt; [Feature:NodeLogQuery] [LinuxOnly] should return the last three lines of the kubelet logs" classname="Kubernetes e2e suite" status="skipped" time="0">
              <skipped message="skipped"></skipped>
          </testcase>
          <testcase name="[It] [sig-storage] CSI Volumes [Driver: csi-hostpath] [Testpattern: Generic Ephemeral-volume (block volmode) (late-binding)] ephemeral should create read-only inline ephemeral volume" classname="Kubernetes e2e suite" status="skipped" time="0">
              <skipped message="skipped"></skipped>
          </testcase>
          <testcase name="[It] [sig-storage] In-tree Volumes [Driver: local] [LocalVolumeType: dir] [Testpattern: Dynamic PV (ntfs)] [Feature:Windows] subPath should support existing directories when readOnly specified in the volumeSource" classname="Kubernetes e2e suite" status="skipped" time="0">
              <skipped message="skipped"></skipped>
          </testcase>
          <testcase name="[It] [sig-storage] In-tree Volumes [Driver: local] [LocalVolumeType: blockfs] [Testpattern: Dynamic PV (block volmode)] disruptive [Disruptive] [LinuxOnly] Should test that pv used in a pod that is force deleted while the kubelet is down cleans up when the kubelet returns." classname="Kubernetes e2e suite" status="skipped" time="0">
              <skipped message="skipped"></skipped>
          </testcase>
          <testcase name="[It] [sig-auth] [Feature:NodeAuthenticator] The kubelet&#39;s main port 10250 should reject requests with no credentials" classname="Kubernetes e2e suite" status="skipped" time="0">
              <skipped message="skipped"></skipped>
          </testcase>
          <testcase name="[It] [sig-storage] In-tree Volumes [Driver: local] [LocalVolumeType: dir-link] [Testpattern: Generic Ephemeral-volume (block volmode) (late-binding)] ephemeral should support multiple inline ephemeral volumes" classname="Kubernetes e2e suite" status="skipped" time="0">
              <skipped message="skipped"></skipped>
          </testcase>
          <testcase name="[It] [sig-storage] In-tree Volumes [Driver: azure-file] [Testpattern: Dynamic PV (block volmode)] provisioning should provision storage with snapshot data source (ROX mode) [Feature:VolumeSnapshotDataSource]" classname="Kubernetes e2e suite" status="skipped" time="0">
              <skipped message="skipped"></skipped>
          </testcase>
          <testcase name="[It] [sig-node] Security Context should support volume SELinux relabeling [Flaky] [LinuxOnly]" classname="Kubernetes e2e suite" status="skipped" time="0">
              <skipped message="skipped"></skipped>
          </testcase>
          <testcase name="[It] [sig-storage] In-tree Volumes [Driver: local] [LocalVolumeType: block] [Testpattern: Dynamic PV (default fs)(allowExpansion)] volume-expand should resize volume when PVC is edited while pod is using it" classname="Kubernetes e2e suite" status="skipped" time="0">
              <skipped message="skipped"></skipped>
          </testcase>
          <testcase name="[It] [sig-storage] In-tree Volumes [Driver: ceph] [Feature:Volumes] [Serial] [Testpattern: Dynamic PV (ntfs)] [Feature:Windows] volumes should allow exec of files on the volume" classname="Kubernetes e2e suite" status="skipped" time="0">
              <skipped message="skipped"></skipped>
          </testcase>
          <testcase name="[It] [sig-api-machinery] AdmissionWebhook [Privileged:ClusterAdmin] should be able to deny pod and configmap creation [Conformance]" classname="Kubernetes e2e suite" status="passed" time="13.78361098"></testcase>
          <testcase name="[It] [sig-storage] In-tree Volumes [Driver: hostPathSymlink] [Testpattern: Inline-volume (default fs)] subPath should unmount if pod is gracefully deleted while kubelet is down [Disruptive] [Slow] [LinuxOnly]" classname="Kubernetes e2e suite" status="skipped" time="0">
              <skipped message="skipped"></skipped>
          </testcase>
          <testcase name="[It] [sig-storage] In-tree Volumes [Driver: local] [LocalVolumeType: dir] [Testpattern: Pre-provisioned PV (block volmode)] multiVolume [Slow] should concurrently access the single volume from pods on the same node" classname="Kubernetes e2e suite" status="skipped" time="0">
              <skipped message="skipped"></skipped>
          </testcase>
          <testcase name="[It] [sig-storage] In-tree Volumes [Driver: vsphere] [Testpattern: Dynamic PV (block volmode)] provisioning should provision correct filesystem size when restoring snapshot to larger size pvc [Feature:VolumeSnapshotDataSource]" classname="Kubernetes e2e suite" status="skipped" time="0">
              <skipped message="skipped"></skipped>
          </testcase>
          <testcase name="[It] [sig-storage] PersistentVolumes:vsphere [Feature:vsphere] should test that a vsphere volume mounted to a pod that is deleted while the kubelet is down unmounts when the kubelet returns [Disruptive]" classname="Kubernetes e2e suite" status="skipped" time="0">
              <skipped message="skipped"></skipped>
          </testcase>
          <testcase name="[It] [sig-storage] In-tree Volumes [Driver: hostPath] [Testpattern: Inline-volume (default fs)] subPath should support existing directories when readOnly specified in the volumeSource" classname="Kubernetes e2e suite" status="skipped" time="0">
              <skipped message="skipped"></skipped>
          </testcase>
          <testcase name="[It] [sig-storage] In-tree Volumes [Driver: azure-file] [Testpattern: Dynamic PV (ext4)] multiVolume [Slow] should concurrently access the volume and its clone from pods on the same node [LinuxOnly] [Feature:VolumeSourceXFS]" classname="Kubernetes e2e suite" status="skipped" time="0">
              <skipped message="skipped"></skipped>
          </testcase>
          <testcase name="[It] [sig-cli] Kubectl client Kubectl api-versions should check if v1 is in available api versions [Conformance]" classname="Kubernetes e2e suite" status="passed" time="0.099952049"></testcase>
          <testcase name="[It] [sig-storage] CSI Volumes [Driver: pd.csi.storage.gke.io] [Serial] [Testpattern: Pre-provisioned PV (block volmode)] multiVolume [Slow] should access to two volumes with different volume mode and retain data across pod recreation on the same node" classname="Kubernetes e2e suite" status="skipped" time="0">
              <skipped message="skipped"></skipped>
          </testcase>
          <testcase name="[It] [sig-storage] In-tree Volumes [Driver: local] [LocalVolumeType: blockfs] [Testpattern: Dynamic PV (default fs)] fsgroupchangepolicy (Always)[LinuxOnly], pod created with an initial fsgroup, volume contents ownership changed via chgrp in first pod, new pod with different fsgroup applied to the volume contents" classname="Kubernetes e2e suite" status="skipped" time="0">
              <skipped message="skipped"></skipped>
          </testcase>
          <testcase name="[It] [sig-storage] In-tree Volumes [Driver: nfs] [Testpattern: Pre-provisioned PV (ext3)] volumes should store data" classname="Kubernetes e2e suite" status="skipped" time="0">
              <skipped message="skipped"></skipped>
          </testcase>
          <testcase name="[It] [sig-storage] In-tree Volumes [Driver: rbd] [Feature:Volumes] [Serial] [Testpattern: Dynamic PV (ntfs)] [Feature:Windows] subPath should support readOnly file specified in the volumeMount [LinuxOnly]" classname="Kubernetes e2e suite" status="skipped" time="0">
              <skipped message="skipped"></skipped>
          </testcase>
          <testcase name="[It] [sig-storage] In-tree Volumes [Driver: aws] [Testpattern: Dynamic PV (default fs)(allowExpansion)] volume-expand Verify if offline PVC expansion works" classname="Kubernetes e2e suite" status="skipped" time="0">
              <skipped message="skipped"></skipped>
          </testcase>
          <testcase name="[It] [sig-storage] In-tree Volumes [Driver: local] [LocalVolumeType: tmpfs] [Testpattern: Dynamic PV (xfs)] [Slow] multiVolume [Slow] should concurrently access the volume and restored snapshot from pods on the same node [LinuxOnly] [Feature:VolumeSnapshotDataSource] [Feature:VolumeSourceXFS]" classname="Kubernetes e2e suite" status="skipped" time="0">
              <skipped message="skipped"></skipped>
          </testcase>
          <testcase name="[It] [sig-storage] CSI Volumes [Driver: pd.csi.storage.gke.io] [Serial] [Testpattern: Inline-volume (default fs)] subPath should support file as subpath [LinuxOnly]" classname="Kubernetes e2e suite" status="skipped" time="0">
              <skipped message="skipped"></skipped>
          </testcase>
          <testcase name="[It] [sig-node] DRA [Feature:DynamicResourceAllocation] cluster with delayed allocation and setting ReservedFor deletes generated claims when pod is done" classname="Kubernetes e2e suite" status="skipped" time="0">
              <skipped message="skipped"></skipped>
          </testcase>
          <testcase name="[It] [sig-storage] In-tree Volumes [Driver: ceph] [Feature:Volumes] [Serial] [Testpattern: Pre-provisioned PV (block volmode)] disruptive [Disruptive] [LinuxOnly] Should test that pv used in a pod that is deleted while the kubelet is down cleans up when the kubelet returns." classname="Kubernetes e2e suite" status="skipped" time="0">
              <skipped message="skipped"></skipped>
          </testcase>
          <testcase name="[It] [sig-storage] In-tree Volumes [Driver: cinder] [Testpattern: Dynamic PV (ntfs)] [Feature:Windows] multiVolume [Slow] should concurrently access the volume and restored snapshot from pods on the same node [LinuxOnly] [Feature:VolumeSnapshotDataSource] [Feature:VolumeSourceXFS]" classname="Kubernetes e2e suite" status="skipped" time="0">
              <skipped message="skipped"></skipped>
          </testcase>
          <testcase name="[It] [sig-storage] In-tree Volumes [Driver: local] [LocalVolumeType: blockfs] [Testpattern: Dynamic PV (default fs)] subPath should support non-existent path" classname="Kubernetes e2e suite" status="skipped" time="0">
              <skipped message="skipped"></skipped>
          </testcase>
          <testcase name="[It] [sig-storage] In-tree Volumes [Driver: azure-disk] [Testpattern: Dynamic PV (default fs)] volume-expand should not allow expansion of pvcs without AllowVolumeExpansion property" classname="Kubernetes e2e suite" status="skipped" time="0">
              <skipped message="skipped"></skipped>
          </testcase>
          <testcase name="[It] [sig-storage] In-tree Volumes [Driver: local] [LocalVolumeType: block] [Testpattern: Dynamic PV (default fs)] subPath should support existing single file [LinuxOnly]" classname="Kubernetes e2e suite" status="skipped" time="0">
              <skipped message="skipped"></skipped>
          </testcase>
          <testcase name="[It] [sig-storage] In-tree Volumes [Driver: local] [LocalVolumeType: tmpfs] [Testpattern: Dynamic PV (xfs)] [Slow] volumes should store data" classname="Kubernetes e2e suite" status="skipped" time="0">
              <skipped message="skipped"></skipped>
          </testcase>
          <testcase name="[It] [sig-storage] CSI Volumes [Driver: pd.csi.storage.gke.io] [Serial] [Testpattern: Dynamic PV (default fs)] volumeIO should write files of various sizes, verify size, validate content [Slow]" classname="Kubernetes e2e suite" status="skipped" time="0">
              <skipped message="skipped"></skipped>
          </testcase>
          <testcase name="[It] [sig-storage] In-tree Volumes [Driver: local] [LocalVolumeType: tmpfs] [Testpattern: Generic Ephemeral-volume (default fs)] volumeLimits should verify that all csinodes have volume limits" classname="Kubernetes e2e suite" status="skipped" time="0">
              <skipped message="skipped"></skipped>
          </testcase>
          <testcase name="[It] [sig-storage] In-tree Volumes [Driver: local] [LocalVolumeType: dir-link-bindmounted] [Testpattern: Dynamic PV (ext4)] multiVolume [Slow] should access to two volumes with the same volume mode and retain data across pod recreation on different node" classname="Kubernetes e2e suite" status="skipped" time="0">
              <skipped message="skipped"></skipped>
          </testcase>
          <testcase name="[It] [sig-storage] In-tree Volumes [Driver: local] [LocalVolumeType: gce-localssd-scsi-fs] [Serial] [Testpattern: Dynamic PV (block volmode)] volumeMode should not mount / map unused volumes in a pod [LinuxOnly]" classname="Kubernetes e2e suite" status="skipped" time="0">
              <skipped message="skipped"></skipped>
          </testcase>
          <testcase name="[It] [sig-storage] In-tree Volumes [Driver: local] [LocalVolumeType: dir-bindmounted] [Testpattern: Inline-volume (default fs)] subPath should support existing directories when readOnly specified in the volumeSource" classname="Kubernetes e2e suite" status="skipped" time="0">
              <skipped message="skipped"></skipped>
          </testcase>
          <testcase name="[It] [sig-storage] In-tree Volumes [Driver: hostPath] [Testpattern: Pre-provisioned PV (ext3)] volumes should store data" classname="Kubernetes e2e suite" status="skipped" time="0">
              <skipped message="skipped"></skipped>
          </testcase>
          <testcase name="[It] [sig-storage] In-tree Volumes [Driver: rbd] [Feature:Volumes] [Serial] [Testpattern: Dynamic PV (ntfs)] [Feature:Windows] subPath should be able to unmount after the subpath directory is deleted [LinuxOnly]" classname="Kubernetes e2e suite" status="skipped" time="0">
              <skipped message="skipped"></skipped>
          </testcase>
          <testcase name="[It] [sig-storage] In-tree Volumes [Driver: local] [LocalVolumeType: dir-link-bindmounted] [Testpattern: Dynamic PV (block volmode)] multiVolume [Slow] should concurrently access the volume and its clone from pods on the same node [LinuxOnly] [Feature:VolumeSourceXFS]" classname="Kubernetes e2e suite" status="skipped" time="0">
              <skipped message="skipped"></skipped>
          </testcase>
          <testcase name="[It] [sig-storage] In-tree Volumes [Driver: local] [LocalVolumeType: block] [Testpattern: Inline-volume (ext4)] volumes should allow exec of files on the volume" classname="Kubernetes e2e suite" status="skipped" time="0">
              <skipped message="skipped"></skipped>
          </testcase>
          <testcase name="[It] [sig-storage] In-tree Volumes [Driver: local] [LocalVolumeType: block] [Testpattern: Dynamic PV (block volmode)] multiVolume [Slow] should access to two volumes with the same volume mode and retain data across pod recreation on the same node" classname="Kubernetes e2e suite" status="skipped" time="0">
              <skipped message="skipped"></skipped>
          </testcase>
          <testcase name="[It] [sig-storage] In-tree Volumes [Driver: aws] [Testpattern: Dynamic PV (block volmode)] disruptive [Disruptive] [LinuxOnly] Should test that pv used in a pod that is force deleted while the kubelet is down cleans up when the kubelet returns." classname="Kubernetes e2e suite" status="skipped" time="0">
              <skipped message="skipped"></skipped>
          </testcase>
          <testcase name="[It] [sig-storage] In-tree Volumes [Driver: local] [LocalVolumeType: blockfs] [Testpattern: Dynamic PV (ext4)] multiVolume [Slow] should concurrently access the volume and its clone from pods on the same node [LinuxOnly] [Feature:VolumeSourceXFS]" classname="Kubernetes e2e suite" status="skipped" time="0">
              <skipped message="skipped"></skipped>
          </testcase>
          <testcase name="[It] [sig-storage] In-tree Volumes [Driver: local] [LocalVolumeType: dir-bindmounted] [Testpattern: Pre-provisioned PV (default fs)] subPath should unmount if pod is force deleted while kubelet is down [Disruptive] [Slow] [LinuxOnly]" classname="Kubernetes e2e suite" status="skipped" time="0">
              <skipped message="skipped"></skipped>
          </testcase>
          <testcase name="[It] [sig-storage] In-tree Volumes [Driver: local] [LocalVolumeType: blockfs] [Testpattern: Dynamic PV (block volmode)] volumeMode should fail in binding dynamic provisioned PV to PVC [Slow] [LinuxOnly]" classname="Kubernetes e2e suite" status="skipped" time="0">
              <skipped message="skipped"></skipped>
          </testcase>
          <testcase name="[It] [sig-storage] In-tree Volumes [Driver: aws] [Testpattern: Pre-provisioned PV (ext3)] volumes should allow exec of files on the volume" classname="Kubernetes e2e suite" status="skipped" time="0">
              <skipped message="skipped"></skipped>
          </testcase>
          <testcase name="[It] [sig-storage] In-tree Volumes [Driver: local] [LocalVolumeType: dir-link-bindmounted] [Testpattern: Generic Ephemeral-volume (default fs) (immediate-binding)] ephemeral should support expansion of pvcs created for ephemeral pvcs" classname="Kubernetes e2e suite" status="skipped" time="0">
              <skipped message="skipped"></skipped>
          </testcase>
          <testcase name="[It] [sig-storage] In-tree Volumes [Driver: local] [LocalVolumeType: block] [Testpattern: Dynamic PV (ntfs)] [Feature:Windows] volumeIO should write files of various sizes, verify size, validate content [Slow]" classname="Kubernetes e2e suite" status="skipped" time="0">
              <skipped message="skipped"></skipped>
          </testcase>
          <testcase name="[It] [sig-autoscaling] Cluster size autoscaling [Slow] should correctly scale down after a node is not needed [Feature:ClusterSizeAutoscalingScaleDown]" classname="Kubernetes e2e suite" status="skipped" time="0">
              <skipped message="skipped"></skipped>
          </testcase>
          <testcase name="[It] [sig-storage] In-tree Volumes [Driver: rbd] [Feature:Volumes] [Serial] [Testpattern: Pre-provisioned PV (default fs)] subPath should support file as subpath [LinuxOnly]" classname="Kubernetes e2e suite" status="skipped" time="0">
              <skipped message="skipped"></skipped>
          </testcase>
          <testcase name="[It] [sig-storage] In-tree Volumes [Driver: ceph] [Feature:Volumes] [Serial] [Testpattern: Dynamic PV (xfs)] [Slow] multiVolume [Slow] should access to two volumes with different volume mode and retain data across pod recreation on the same node" classname="Kubernetes e2e suite" status="skipped" time="0">
              <skipped message="skipped"></skipped>
          </testcase>
          <testcase name="[It] [sig-storage] In-tree Volumes [Driver: iscsi] [Feature:Volumes] [Testpattern: Pre-provisioned PV (filesystem volmode)] multiVolume [Slow] should concurrently access the volume and restored snapshot from pods on the same node [LinuxOnly] [Feature:VolumeSnapshotDataSource] [Feature:VolumeSourceXFS]" classname="Kubernetes e2e suite" status="skipped" time="0">
              <skipped message="skipped"></skipped>
          </testcase>
          <testcase name="[It] [sig-storage] In-tree Volumes [Driver: emptydir] [Testpattern: Dynamic PV (default fs)] subPath should fail if subpath directory is outside the volume [Slow] [LinuxOnly]" classname="Kubernetes e2e suite" status="skipped" time="0">
              <skipped message="skipped"></skipped>
          </testcase>
          <testcase name="[It] [sig-storage] In-tree Volumes [Driver: cinder] [Testpattern: Dynamic PV (ntfs)] [Feature:Windows] provisioning should provision storage with mount options" classname="Kubernetes e2e suite" status="skipped" time="0">
              <skipped message="skipped"></skipped>
          </testcase>
          <testcase name="[It] [sig-storage] In-tree Volumes [Driver: local] [LocalVolumeType: blockfs] [Testpattern: Dynamic PV (filesystem volmode)] disruptive [Disruptive] [LinuxOnly] Should test that pv used in a pod that is force deleted while the kubelet is down is usable by a new pod with a different SELinux context when kubelet returns [Feature:SELinux]" classname="Kubernetes e2e suite" status="skipped" time="0">
              <skipped message="skipped"></skipped>
          </testcase>
          <testcase name="[It] [sig-storage] In-tree Volumes [Driver: local] [LocalVolumeType: tmpfs] [Testpattern: Inline-volume (ntfs)] [Feature:Windows] volumes should store data" classname="Kubernetes e2e suite" status="skipped" time="0">
              <skipped message="skipped"></skipped>
          </testcase>
          <testcase name="[It] [sig-node] Pod InPlace Resize Container [Feature:InPlacePodVerticalScaling] Burstable QoS pod, one container with cpu &amp; memory requests + limits - increase CPU requests only" classname="Kubernetes e2e suite" status="skipped" time="0">
              <skipped message="skipped"></skipped>
          </testcase>
          <testcase name="[It] [sig-storage] In-tree Volumes [Driver: local] [LocalVolumeType: dir] [Testpattern: Pre-provisioned PV (filesystem volmode)] multiVolume [Slow] should access to two volumes with different volume mode and retain data across pod recreation on different node" classname="Kubernetes e2e suite" status="skipped" time="0">
              <skipped message="skipped"></skipped>
          </testcase>
          <testcase name="[It] [sig-instrumentation] MetricsGrabber should grab all metrics from a Scheduler." classname="Kubernetes e2e suite" status="skipped" time="0">
              <skipped message="skipped"></skipped>
          </testcase>
          <testcase name="[It] [sig-storage] In-tree Volumes [Driver: emptydir] [Testpattern: Pre-provisioned PV (default fs)] subPath should support creating multiple subpath from same volumes [Slow]" classname="Kubernetes e2e suite" status="skipped" time="0">
              <skipped message="skipped"></skipped>
          </testcase>
          <testcase name="[It] [sig-storage] In-tree Volumes [Driver: iscsi] [Feature:Volumes] [Testpattern: Dynamic PV (default fs)] subPath should support restarting containers using directory as subpath [Slow]" classname="Kubernetes e2e suite" status="skipped" time="0">
              <skipped message="skipped"></skipped>
          </testcase>
          <testcase name="[It] [sig-storage] In-tree Volumes [Driver: hostPathSymlink] [Testpattern: Dynamic PV (block volmode)] provisioning should mount multiple PV pointing to the same storage on the same node" classname="Kubernetes e2e suite" status="skipped" time="0">
              <skipped message="skipped"></skipped>
          </testcase>
          <testcase name="[It] [sig-storage] In-tree Volumes [Driver: local] [LocalVolumeType: dir-link-bindmounted] [Testpattern: Pre-provisioned PV (default fs)] subPath should fail if subpath directory is outside the volume [Slow] [LinuxOnly]" classname="Kubernetes e2e suite" status="skipped" time="0">
              <skipped message="skipped"></skipped>
          </testcase>
          <testcase name="[It] [sig-storage] In-tree Volumes [Driver: local] [LocalVolumeType: tmpfs] [Testpattern: Dynamic PV (default fs)] volumeIO should write files of various sizes, verify size, validate content [Slow]" classname="Kubernetes e2e suite" status="skipped" time="0">
              <skipped message="skipped"></skipped>
          </testcase>
          <testcase name="[It] [sig-storage] In-tree Volumes [Driver: local] [LocalVolumeType: gce-localssd-scsi-fs] [Serial] [Testpattern: Dynamic PV (default fs)] subPath should support existing single file [LinuxOnly]" classname="Kubernetes e2e suite" status="skipped" time="0">
              <skipped message="skipped"></skipped>
          </testcase>
          <testcase name="[It] [sig-storage] In-tree Volumes [Driver: nfs] [Testpattern: Dynamic PV (filesystem volmode)] multiVolume [Slow] should concurrently access the volume and restored snapshot from pods on the same node [LinuxOnly] [Feature:VolumeSnapshotDataSource] [Feature:VolumeSourceXFS]" classname="Kubernetes e2e suite" status="skipped" time="0">
              <skipped message="skipped"></skipped>
          </testcase>
          <testcase name="[It] [sig-api-machinery] CustomResourceValidationRules [Privileged:ClusterAdmin] MUST fail update of a custom resource that does not satisfy a x-kubernetes-validations transition rule" classname="Kubernetes e2e suite" status="skipped" time="0">
              <skipped message="skipped"></skipped>
          </testcase>
          <testcase name="[It] [sig-storage] CSI Volumes [Driver: pd.csi.storage.gke.io] [Serial] [Testpattern: Pre-provisioned PV (filesystem volmode)] disruptive [Disruptive] [LinuxOnly] Should test that pv used in a pod that is force deleted while the kubelet is down is usable by a new pod with a different SELinux context when kubelet returns [Feature:SELinux]" classname="Kubernetes e2e suite" status="skipped" time="0">
              <skipped message="skipped"></skipped>
          </testcase>
          <testcase name="[It] [sig-storage] In-tree Volumes [Driver: local] [LocalVolumeType: dir] [Testpattern: Pre-provisioned PV (filesystem volmode)] multiVolume [Slow] should concurrently access the single volume from pods on different node" classname="Kubernetes e2e suite" status="skipped" time="0">
              <skipped message="skipped"></skipped>
          </testcase>
          <testcase name="[It] [sig-storage] In-tree Volumes [Driver: nfs] [Testpattern: Inline-volume (ntfs)] [Feature:Windows] volumes should store data" classname="Kubernetes e2e suite" status="skipped" time="0">
              <skipped message="skipped"></skipped>
          </testcase>
          <testcase name="[It] [sig-storage] In-tree Volumes [Driver: local] [LocalVolumeType: dir-link] [Testpattern: Inline-volume (ext4)] volumes should store data" classname="Kubernetes e2e suite" status="skipped" time="0">
              <skipped message="skipped"></skipped>
          </testcase>
          <testcase name="[It] [sig-storage] In-tree Volumes [Driver: cinder] [Testpattern: Dynamic PV (xfs)] [Slow] multiVolume [Slow] should concurrently access the single read-only volume from pods on the same node" classname="Kubernetes e2e suite" status="skipped" time="0">
              <skipped message="skipped"></skipped>
          </testcase>
          <testcase name="[It] [sig-storage] In-tree Volumes [Driver: local] [LocalVolumeType: dir-link] [Testpattern: Dynamic PV (ext3)] volumes should store data" classname="Kubernetes e2e suite" status="skipped" time="0">
              <skipped message="skipped"></skipped>
          </testcase>
          <testcase name="[It] [sig-storage] In-tree Volumes [Driver: ceph] [Feature:Volumes] [Serial] [Testpattern: Inline-volume (default fs)] subPath should verify container cannot write to subpath readonly volumes [Slow]" classname="Kubernetes e2e suite" status="skipped" time="0">
              <skipped message="skipped"></skipped>
          </testcase>
          <testcase name="[It] [sig-storage] In-tree Volumes [Driver: local] [LocalVolumeType: dir-bindmounted] [Testpattern: Pre-provisioned PV (default fs)] subPath should support existing directories when readOnly specified in the volumeSource" classname="Kubernetes e2e suite" status="skipped" time="0">
              <skipped message="skipped"></skipped>
          </testcase>
          <testcase name="[It] [sig-storage] In-tree Volumes [Driver: hostPathSymlink] [Testpattern: Dynamic PV (ext4)] volumes should store data" classname="Kubernetes e2e suite" status="skipped" time="0">
              <skipped message="skipped"></skipped>
          </testcase>
          <testcase name="[It] [sig-storage] CSI Volumes [Driver: csi-hostpath] [Testpattern: Dynamic Snapshot (delete policy)] snapshottable [Feature:VolumeSnapshotDataSource] volume snapshot controller  should check snapshot fields, check restore correctly works after modifying source data, check deletion (persistent)" classname="Kubernetes e2e suite" status="skipped" time="0">
              <skipped message="skipped"></skipped>
          </testcase>
          <testcase name="[It] [sig-storage] In-tree Volumes [Driver: cinder] [Testpattern: Dynamic PV (default fs)] fsgroupchangepolicy (Always)[LinuxOnly], pod created with an initial fsgroup, volume contents ownership changed via chgrp in first pod, new pod with same fsgroup applied to the volume contents" classname="Kubernetes e2e suite" status="skipped" time="0">
              <skipped message="skipped"></skipped>
          </testcase>
          <testcase name="[It] [sig-storage] [Serial] Volume metrics PVC should create prometheus metrics for volume provisioning errors [Slow]" classname="Kubernetes e2e suite" status="skipped" time="0">
              <skipped message="skipped"></skipped>
          </testcase>
          <testcase name="[It] [sig-storage] In-tree Volumes [Driver: cinder] [Testpattern: Inline-volume (default fs)] subPath should fail if subpath file is outside the volume [Slow] [LinuxOnly]" classname="Kubernetes e2e suite" status="skipped" time="0">
              <skipped message="skipped"></skipped>
          </testcase>
          <testcase name="[It] [sig-storage] In-tree Volumes [Driver: ceph] [Feature:Volumes] [Serial] [Testpattern: Dynamic PV (default fs)] subPath should fail if subpath with backstepping is outside the volume [Slow] [LinuxOnly]" classname="Kubernetes e2e suite" status="skipped" time="0">
              <skipped message="skipped"></skipped>
          </testcase>
          <testcase name="[It] [sig-storage] CSI Volumes [Driver: csi-hostpath] [Testpattern: Dynamic PV (ntfs)] [Feature:Windows] subPath should verify container cannot write to subpath readonly volumes [Slow]" classname="Kubernetes e2e suite" status="skipped" time="0">
              <skipped message="skipped"></skipped>
          </testcase>
          <testcase name="[It] [sig-storage] In-tree Volumes [Driver: vsphere] [Testpattern: Inline-volume (default fs)] subPath should support existing single file [LinuxOnly]" classname="Kubernetes e2e suite" status="skipped" time="0">
              <skipped message="skipped"></skipped>
          </testcase>
          <testcase name="[It] [sig-storage] In-tree Volumes [Driver: azure-file] [Testpattern: Pre-provisioned PV (default fs)] volumes should store data" classname="Kubernetes e2e suite" status="skipped" time="0">
              <skipped message="skipped"></skipped>
          </testcase>
          <testcase name="[It] [sig-node] Downward API [Serial] [Disruptive] [NodeFeature:DownwardAPIHugePages] Downward API tests for hugepages should provide container&#39;s limits.hugepages-&lt;pagesize&gt; and requests.hugepages-&lt;pagesize&gt; as env vars" classname="Kubernetes e2e suite" status="skipped" time="0">
              <skipped message="skipped"></skipped>
          </testcase>
          <testcase name="[It] [sig-storage] In-tree Volumes [Driver: azure-file] [Testpattern: Dynamic PV (ntfs)] [Feature:Windows] multiVolume [Slow] should concurrently access the single volume from pods on the same node" classname="Kubernetes e2e suite" status="skipped" time="0">
              <skipped message="skipped"></skipped>
          </testcase>
          <testcase name="[It] [sig-node] [NodeAlphaFeature:SidecarContainers] [Feature:SidecarContainers] Probing restartable init container should be restarted with a failing exec liveness probe that took longer than the timeout" classname="Kubernetes e2e suite" status="skipped" time="0">
              <skipped message="skipped"></skipped>
          </testcase>
          <testcase name="[It] [sig-storage] In-tree Volumes [Driver: hostPath] [Testpattern: Dynamic PV (filesystem volmode)] volumeLimits should verify that all csinodes have volume limits" classname="Kubernetes e2e suite" status="skipped" time="0">
              <skipped message="skipped"></skipped>
          </testcase>
          <testcase name="[It] [sig-storage] In-tree Volumes [Driver: aws] [Testpattern: Inline-volume (default fs)] subPath should be able to unmount after the subpath directory is deleted [LinuxOnly]" classname="Kubernetes e2e suite" status="skipped" time="0">
              <skipped message="skipped"></skipped>
          </testcase>
          <testcase name="[It] [sig-storage] In-tree Volumes [Driver: local] [LocalVolumeType: gce-localssd-scsi-fs] [Serial] [Testpattern: Generic Ephemeral-volume (block volmode) (late-binding)] ephemeral should support expansion of pvcs created for ephemeral pvcs" classname="Kubernetes e2e suite" status="skipped" time="0">
              <skipped message="skipped"></skipped>
          </testcase>
          <testcase name="[It] [sig-storage] In-tree Volumes [Driver: nfs] [Testpattern: Pre-provisioned PV (default fs)] subPath should fail if subpath directory is outside the volume [Slow] [LinuxOnly]" classname="Kubernetes e2e suite" status="skipped" time="0">
              <skipped message="skipped"></skipped>
          </testcase>
          <testcase name="[It] [sig-storage] CSI Volumes [Driver: csi-hostpath] [Testpattern: Generic Ephemeral-volume (default fs) (immediate-binding)] ephemeral should support expansion of pvcs created for ephemeral pvcs" classname="Kubernetes e2e suite" status="skipped" time="0">
              <skipped message="skipped"></skipped>
          </testcase>
          <testcase name="[It] [sig-storage] Dynamic Provisioning DynamicProvisioner Default should be disabled by changing the default annotation [Serial] [Disruptive]" classname="Kubernetes e2e suite" status="skipped" time="0">
              <skipped message="skipped"></skipped>
          </testcase>
          <testcase name="[It] [sig-storage] In-tree Volumes [Driver: local] [LocalVolumeType: dir] [Testpattern: Dynamic PV (ntfs)] [Feature:Windows] multiVolume [Slow] should concurrently access the volume and its clone from pods on the same node [LinuxOnly] [Feature:VolumeSourceXFS]" classname="Kubernetes e2e suite" status="skipped" time="0">
              <skipped message="skipped"></skipped>
          </testcase>
          <testcase name="[It] [sig-storage] CSI Volumes [Driver: pd.csi.storage.gke.io] [Serial] [Testpattern: Dynamic PV (filesystem volmode)] multiVolume [Slow] should concurrently access the volume and its clone from pods on the same node [LinuxOnly] [Feature:VolumeSourceXFS]" classname="Kubernetes e2e suite" status="skipped" time="0">
              <skipped message="skipped"></skipped>
          </testcase>
          <testcase name="[It] [sig-storage] CSI Volumes [Driver: pd.csi.storage.gke.io] [Serial] [Testpattern: Inline-volume (ntfs)] [Feature:Windows] volumes should allow exec of files on the volume" classname="Kubernetes e2e suite" status="skipped" time="0">
              <skipped message="skipped"></skipped>
          </testcase>
          <testcase name="[It] [sig-storage] In-tree Volumes [Driver: ceph] [Feature:Volumes] [Serial] [Testpattern: Dynamic PV (default fs)] fsgroupchangepolicy (Always)[LinuxOnly], pod created with an initial fsgroup, volume contents ownership changed via chgrp in first pod, new pod with same fsgroup applied to the volume contents" classname="Kubernetes e2e suite" status="skipped" time="0">
              <skipped message="skipped"></skipped>
          </testcase>
          <testcase name="[It] [sig-storage] In-tree Volumes [Driver: hostPathSymlink] [Testpattern: Dynamic PV (ext3)] volumes should store data" classname="Kubernetes e2e suite" status="skipped" time="0">
              <skipped message="skipped"></skipped>
          </testcase>
          <testcase name="[It] [sig-storage] In-tree Volumes [Driver: local] [LocalVolumeType: gce-localssd-scsi-fs] [Serial] [Testpattern: Pre-provisioned PV (default fs)] subPath should be able to unmount after the subpath directory is deleted [LinuxOnly]" classname="Kubernetes e2e suite" status="skipped" time="0">
              <skipped message="skipped"></skipped>
          </testcase>
          <testcase name="[It] [sig-storage] In-tree Volumes [Driver: local] [LocalVolumeType: gce-localssd-scsi-fs] [Serial] [Testpattern: Inline-volume (default fs)] subPath should support restarting containers using directory as subpath [Slow]" classname="Kubernetes e2e suite" status="skipped" time="0">
              <skipped message="skipped"></skipped>
          </testcase>
          <testcase name="[It] [sig-storage] In-tree Volumes [Driver: local] [LocalVolumeType: dir-link-bindmounted] [Testpattern: Inline-volume (default fs)] volumes should store data" classname="Kubernetes e2e suite" status="skipped" time="0">
              <skipped message="skipped"></skipped>
          </testcase>
          <testcase name="[It] [sig-api-machinery] Garbage collector should orphan RS created by deployment when deleteOptions.PropagationPolicy is Orphan [Conformance]" classname="Kubernetes e2e suite" status="passed" time="1.144647656"></testcase>
          <testcase name="[It] [sig-storage] In-tree Volumes [Driver: ceph] [Feature:Volumes] [Serial] [Testpattern: Pre-provisioned PV (block volmode)] volumeMode should not mount / map unused volumes in a pod [LinuxOnly]" classname="Kubernetes e2e suite" status="skipped" time="0">
              <skipped message="skipped"></skipped>
          </testcase>
          <testcase name="[It] [sig-storage] In-tree Volumes [Driver: hostPath] [Testpattern: Inline-volume (default fs)] subPath should be able to unmount after the subpath directory is deleted [LinuxOnly]" classname="Kubernetes e2e suite" status="skipped" time="0">
              <skipped message="skipped"></skipped>
          </testcase>
          <testcase name="[It] [sig-storage] CSI Volumes [Driver: pd.csi.storage.gke.io] [Serial] [Testpattern: Generic Ephemeral-volume (block volmode) (late-binding)] ephemeral should support expansion of pvcs created for ephemeral pvcs" classname="Kubernetes e2e suite" status="skipped" time="0">
              <skipped message="skipped"></skipped>
          </testcase>
          <testcase name="[It] [sig-storage] In-tree Volumes [Driver: local] [LocalVolumeType: dir] [Testpattern: Dynamic PV (ntfs)] [Feature:Windows] provisioning should provision correct filesystem size when restoring snapshot to larger size pvc [Feature:VolumeSnapshotDataSource]" classname="Kubernetes e2e suite" status="skipped" time="0">
              <skipped message="skipped"></skipped>
          </testcase>
          <testcase name="[It] [sig-storage] CSI Volumes [Driver: pd.csi.storage.gke.io] [Serial] [Testpattern: Inline-volume (default fs)] subPath should support existing directory" classname="Kubernetes e2e suite" status="skipped" time="0">
              <skipped message="skipped"></skipped>
          </testcase>
          <testcase name="[It] [sig-storage] In-tree Volumes [Driver: local] [LocalVolumeType: dir-link] [Testpattern: Dynamic PV (ntfs)] [Feature:Windows] subPath should support existing directory" classname="Kubernetes e2e suite" status="skipped" time="0">
              <skipped message="skipped"></skipped>
          </testcase>
          <testcase name="[It] [sig-storage] CSI Volumes [Driver: csi-hostpath] [Testpattern: Dynamic PV (block volmode)(allowExpansion)] volume-expand Verify if offline PVC expansion works" classname="Kubernetes e2e suite" status="skipped" time="0">
              <skipped message="skipped"></skipped>
          </testcase>
          <testcase name="[It] [sig-storage] CSI Volumes [Driver: csi-hostpath] [Testpattern: Inline-volume (default fs)] subPath should support non-existent path" classname="Kubernetes e2e suite" status="skipped" time="0">
              <skipped message="skipped"></skipped>
          </testcase>
          <testcase name="[It] [sig-storage] In-tree Volumes [Driver: vsphere] [Testpattern: Pre-provisioned PV (block volmode)] multiVolume [Slow] should concurrently access the volume and restored snapshot from pods on the same node [LinuxOnly] [Feature:VolumeSnapshotDataSource] [Feature:VolumeSourceXFS]" classname="Kubernetes e2e suite" status="skipped" time="0">
              <skipped message="skipped"></skipped>
          </testcase>
          <testcase name="[It] [sig-storage] Storage Policy Based Volume Provisioning [Feature:vsphere] verify VSAN storage capability with valid hostFailuresToTolerate and cacheReservation values is honored for dynamically provisioned pvc using storageclass" classname="Kubernetes e2e suite" status="skipped" time="0">
              <skipped message="skipped"></skipped>
          </testcase>
          <testcase name="[It] [sig-storage] In-tree Volumes [Driver: emptydir] [Testpattern: Dynamic PV (default fs)] provisioning should provision storage with pvc data source" classname="Kubernetes e2e suite" status="skipped" time="0">
              <skipped message="skipped"></skipped>
          </testcase>
          <testcase name="[It] [sig-storage] CSI Volumes [Driver: pd.csi.storage.gke.io] [Serial] [Testpattern: Dynamic PV (filesystem volmode)] disruptive [Disruptive] [LinuxOnly] Should test that pv used in a pod that is deleted while the kubelet is down is usable by a new pod with a different SELinux context when kubelet returns [Feature:SELinux]" classname="Kubernetes e2e suite" status="skipped" time="0">
              <skipped message="skipped"></skipped>
          </testcase>
          <testcase name="[It] [sig-storage] In-tree Volumes [Driver: local] [LocalVolumeType: tmpfs] [Testpattern: Dynamic PV (ntfs)] [Feature:Windows] volumes should allow exec of files on the volume" classname="Kubernetes e2e suite" status="skipped" time="0">
              <skipped message="skipped"></skipped>
          </testcase>
          <testcase name="[It] [sig-storage] In-tree Volumes [Driver: local] [LocalVolumeType: blockfs] [Testpattern: Inline-volume (default fs)] subPath should support file as subpath [LinuxOnly]" classname="Kubernetes e2e suite" status="skipped" time="0">
              <skipped message="skipped"></skipped>
          </testcase>
          <testcase name="[It] [sig-storage] In-tree Volumes [Driver: iscsi] [Feature:Volumes] [Testpattern: Dynamic PV (block volmode)] provisioning should provision storage with any volume data source [Serial]" classname="Kubernetes e2e suite" status="skipped" time="0">
              <skipped message="skipped"></skipped>
          </testcase>
          <testcase name="[It] [sig-storage] In-tree Volumes [Driver: local] [LocalVolumeType: dir-link-bindmounted] [Testpattern: Dynamic PV (default fs)] fsgroupchangepolicy (Always)[LinuxOnly], pod created with an initial fsgroup, volume contents ownership changed via chgrp in first pod, new pod with different fsgroup applied to the volume contents" classname="Kubernetes e2e suite" status="skipped" time="0">
              <skipped message="skipped"></skipped>
          </testcase>
          <testcase name="[It] [sig-storage] In-tree Volumes [Driver: local] [LocalVolumeType: dir-link-bindmounted] [Testpattern: Dynamic PV (block volmode)] volumeMode should fail in binding dynamic provisioned PV to PVC [Slow] [LinuxOnly]" classname="Kubernetes e2e suite" status="skipped" time="0">
              <skipped message="skipped"></skipped>
          </testcase>
          <testcase name="[It] [sig-storage] In-tree Volumes [Driver: cinder] [Testpattern: Pre-provisioned PV (block volmode)] disruptive [Disruptive] [LinuxOnly] Should test that pv written before kubelet restart is readable after restart." classname="Kubernetes e2e suite" status="skipped" time="0">
              <skipped message="skipped"></skipped>
          </testcase>
          <testcase name="[It] [sig-storage] In-tree Volumes [Driver: local] [LocalVolumeType: dir-bindmounted] [Testpattern: Dynamic PV (block volmode)] multiVolume [Slow] should concurrently access the volume and its clone from pods on the same node [LinuxOnly] [Feature:VolumeSourceXFS]" classname="Kubernetes e2e suite" status="skipped" time="0">
              <skipped message="skipped"></skipped>
          </testcase>
          <testcase name="[It] [sig-storage] In-tree Volumes [Driver: emptydir] [Testpattern: Dynamic PV (block volmode)(allowExpansion)] volume-expand should resize volume when PVC is edited while pod is using it" classname="Kubernetes e2e suite" status="skipped" time="0">
              <skipped message="skipped"></skipped>
          </testcase>
          <testcase name="[It] [sig-storage] CSI Volumes [Driver: pd.csi.storage.gke.io] [Serial] [Testpattern: Dynamic PV (filesystem volmode)] multiVolume [Slow] should concurrently access the single read-only volume from pods on the same node" classname="Kubernetes e2e suite" status="skipped" time="0">
              <skipped message="skipped"></skipped>
          </testcase>
          <testcase name="[It] [sig-storage] In-tree Volumes [Driver: hostPath] [Testpattern: Dynamic PV (filesystem volmode)] disruptive [Disruptive] [LinuxOnly] Should test that pv used in a pod that is deleted while the kubelet is down is usable by a new pod with a different SELinux context when kubelet returns [Feature:SELinux]" classname="Kubernetes e2e suite" status="skipped" time="0">
              <skipped message="skipped"></skipped>
          </testcase>
          <testcase name="[It] [sig-storage] In-tree Volumes [Driver: cinder] [Testpattern: Pre-provisioned PV (default fs)] subPath should support non-existent path" classname="Kubernetes e2e suite" status="skipped" time="0">
              <skipped message="skipped"></skipped>
          </testcase>
          <testcase name="[It] [sig-storage] In-tree Volumes [Driver: hostPathSymlink] [Testpattern: Dynamic PV (block volmode)] provisioning should provision storage with any volume data source [Serial]" classname="Kubernetes e2e suite" status="skipped" time="0">
              <skipped message="skipped"></skipped>
          </testcase>
          <testcase name="[It] [sig-storage] In-tree Volumes [Driver: ceph] [Feature:Volumes] [Serial] [Testpattern: Dynamic PV (ntfs)] [Feature:Windows] subPath should fail if subpath file is outside the volume [Slow] [LinuxOnly]" classname="Kubernetes e2e suite" status="skipped" time="0">
              <skipped message="skipped"></skipped>
          </testcase>
          <testcase name="[It] [sig-storage] In-tree Volumes [Driver: local] [LocalVolumeType: blockfs] [Testpattern: Dynamic PV (xfs)] [Slow] multiVolume [Slow] should access to two volumes with different volume mode and retain data across pod recreation on different node" classname="Kubernetes e2e suite" status="skipped" time="0">
              <skipped message="skipped"></skipped>
          </testcase>
          <testcase name="[It] [sig-storage] Projected configMap should be consumable from pods in volume as non-root [NodeConformance] [Conformance]" classname="Kubernetes e2e suite" status="passed" time="4.175386711"></testcase>
          <testcase name="[It] [sig-storage] In-tree Volumes [Driver: local] [LocalVolumeType: dir-bindmounted] [Testpattern: Generic Ephemeral-volume (default fs)] volumeLimits should support volume limits [Serial]" classname="Kubernetes e2e suite" status="skipped" time="0">
              <skipped message="skipped"></skipped>
          </testcase>
          <testcase name="[It] [sig-storage] In-tree Volumes [Driver: nfs] [Testpattern: Dynamic PV (default fs)] provisioning should provision storage with snapshot data source (ROX mode) [Feature:VolumeSnapshotDataSource]" classname="Kubernetes e2e suite" status="skipped" time="0">
              <skipped message="skipped"></skipped>
          </testcase>
          <testcase name="[It] [sig-storage] In-tree Volumes [Driver: local] [LocalVolumeType: blockfs] [Testpattern: Pre-provisioned PV (default fs)] subPath should support readOnly file specified in the volumeMount [LinuxOnly]" classname="Kubernetes e2e suite" status="skipped" time="0">
              <skipped message="skipped"></skipped>
          </testcase>
          <testcase name="[It] [sig-scheduling] SchedulerPredicates [Serial] validates that there exists conflict between pods with same hostPort and protocol but one using 0.0.0.0 hostIP [Conformance]" classname="Kubernetes e2e suite" status="passed" time="304.270044178"></testcase>
          <testcase name="[It] [sig-storage] In-tree Volumes [Driver: local] [LocalVolumeType: block] [Testpattern: Dynamic PV (ext4)] volumes should allow exec of files on the volume" classname="Kubernetes e2e suite" status="skipped" time="0">
              <skipped message="skipped"></skipped>
          </testcase>
          <testcase name="[It] [sig-storage] In-tree Volumes [Driver: emptydir] [Testpattern: Dynamic PV (block volmode)] provisioning should provision storage with pvc data source (ROX mode)" classname="Kubernetes e2e suite" status="skipped" time="0">
              <skipped message="skipped"></skipped>
          </testcase>
          <testcase name="[It] [sig-storage] In-tree Volumes [Driver: azure-file] [Testpattern: Pre-provisioned PV (default fs)] subPath should fail if subpath file is outside the volume [Slow] [LinuxOnly]" classname="Kubernetes e2e suite" status="skipped" time="0">
              <skipped message="skipped"></skipped>
          </testcase>
          <testcase name="[It] [sig-storage] In-tree Volumes [Driver: local] [LocalVolumeType: block] [Testpattern: Dynamic PV (block volmode)] provisioning should provision storage with any volume data source [Serial]" classname="Kubernetes e2e suite" status="skipped" time="0">
              <skipped message="skipped"></skipped>
          </testcase>
          <testcase name="[It] [sig-storage] In-tree Volumes [Driver: emptydir] [Testpattern: Inline-volume (xfs)] [Slow] volumes should allow exec of files on the volume" classname="Kubernetes e2e suite" status="skipped" time="0">
              <skipped message="skipped"></skipped>
          </testcase>
          <testcase name="[It] [sig-storage] In-tree Volumes [Driver: hostPathSymlink] [Testpattern: Dynamic PV (default fs)] volumes should store data" classname="Kubernetes e2e suite" status="skipped" time="0">
              <skipped message="skipped"></skipped>
          </testcase>
          <testcase name="[It] [sig-storage] In-tree Volumes [Driver: cinder] [Testpattern: Pre-provisioned PV (default fs)] subPath should support restarting containers using directory as subpath [Slow]" classname="Kubernetes e2e suite" status="skipped" time="0">
              <skipped message="skipped"></skipped>
          </testcase>
          <testcase name="[It] [sig-storage] In-tree Volumes [Driver: azure-file] [Testpattern: Generic Ephemeral-volume (default fs) (late-binding)] ephemeral should support expansion of pvcs created for ephemeral pvcs" classname="Kubernetes e2e suite" status="skipped" time="0">
              <skipped message="skipped"></skipped>
          </testcase>
          <testcase name="[It] [sig-storage] In-tree Volumes [Driver: iscsi] [Feature:Volumes] [Testpattern: Pre-provisioned PV (xfs)] [Slow] volumes should allow exec of files on the volume" classname="Kubernetes e2e suite" status="skipped" time="0">
              <skipped message="skipped"></skipped>
          </testcase>
          <testcase name="[It] [sig-storage] CSI Volumes [Driver: csi-hostpath] [Testpattern: Dynamic PV (ntfs)] [Feature:Windows] subPath should support existing directories when readOnly specified in the volumeSource" classname="Kubernetes e2e suite" status="skipped" time="0">
              <skipped message="skipped"></skipped>
          </testcase>
          <testcase name="[It] [sig-storage] In-tree Volumes [Driver: local] [LocalVolumeType: dir-link] [Testpattern: Dynamic PV (xfs)] [Slow] multiVolume [Slow] should access to two volumes with the same volume mode and retain data across pod recreation on different node" classname="Kubernetes e2e suite" status="skipped" time="0">
              <skipped message="skipped"></skipped>
          </testcase>
          <testcase name="[It] [sig-storage] In-tree Volumes [Driver: hostPath] [Testpattern: Dynamic PV (xfs)] [Slow] volumes should store data" classname="Kubernetes e2e suite" status="skipped" time="0">
              <skipped message="skipped"></skipped>
          </testcase>
          <testcase name="[It] [sig-storage] CSI Volumes [Driver: pd.csi.storage.gke.io] [Serial] [Testpattern: Generic Ephemeral-volume (block volmode) (late-binding)] ephemeral should create read-only inline ephemeral volume" classname="Kubernetes e2e suite" status="skipped" time="0">
              <skipped message="skipped"></skipped>
          </testcase>
          <testcase name="[It] [sig-storage] In-tree Volumes [Driver: hostPath] [Testpattern: Dynamic PV (filesystem volmode)] multiVolume [Slow] should access to two volumes with different volume mode and retain data across pod recreation on different node" classname="Kubernetes e2e suite" status="skipped" time="0">
              <skipped message="skipped"></skipped>
          </testcase>
          <testcase name="[It] [sig-storage] In-tree Volumes [Driver: hostPathSymlink] [Testpattern: Pre-provisioned PV (default fs)] subPath should support existing directories when readOnly specified in the volumeSource" classname="Kubernetes e2e suite" status="skipped" time="0">
              <skipped message="skipped"></skipped>
          </testcase>
          <testcase name="[It] [sig-storage] In-tree Volumes [Driver: local] [LocalVolumeType: dir] [Testpattern: Dynamic PV (ntfs)] [Feature:Windows] volumes should store data" classname="Kubernetes e2e suite" status="skipped" time="0">
              <skipped message="skipped"></skipped>
          </testcase>
          <testcase name="[It] [sig-storage] In-tree Volumes [Driver: iscsi] [Feature:Volumes] [Testpattern: Pre-provisioned PV (ext4)] volumes should allow exec of files on the volume" classname="Kubernetes e2e suite" status="skipped" time="0">
              <skipped message="skipped"></skipped>
          </testcase>
          <testcase name="[It] [sig-storage] In-tree Volumes [Driver: azure-disk] [Testpattern: Dynamic PV (filesystem volmode)] multiVolume [Slow] should access to two volumes with different volume mode and retain data across pod recreation on the same node" classname="Kubernetes e2e suite" status="skipped" time="0">
              <skipped message="skipped"></skipped>
          </testcase>
          <testcase name="[It] [sig-storage] In-tree Volumes [Driver: ceph] [Feature:Volumes] [Serial] [Testpattern: Dynamic PV (ext4)] multiVolume [Slow] should concurrently access the single volume from pods on the same node" classname="Kubernetes e2e suite" status="skipped" time="0">
              <skipped message="skipped"></skipped>
          </testcase>
          <testcase name="[It] [sig-storage] In-tree Volumes [Driver: ceph] [Feature:Volumes] [Serial] [Testpattern: Pre-provisioned PV (default fs)] subPath should support existing single file [LinuxOnly]" classname="Kubernetes e2e suite" status="skipped" time="0">
              <skipped message="skipped"></skipped>
          </testcase>
          <testcase name="[It] [sig-storage] In-tree Volumes [Driver: local] [LocalVolumeType: dir] [Testpattern: Pre-provisioned PV (default fs)] volumeIO should write files of various sizes, verify size, validate content [Slow]" classname="Kubernetes e2e suite" status="skipped" time="0">
              <skipped message="skipped"></skipped>
          </testcase>
          <testcase name="[It] [sig-storage] In-tree Volumes [Driver: azure-file] [Testpattern: Dynamic PV (ext3)] volumes should store data" classname="Kubernetes e2e suite" status="skipped" time="0">
              <skipped message="skipped"></skipped>
          </testcase>
          <testcase name="[It] [sig-storage] In-tree Volumes [Driver: ceph] [Feature:Volumes] [Serial] [Testpattern: Dynamic PV (block volmode)] multiVolume [Slow] should access to two volumes with different volume mode and retain data across pod recreation on different node" classname="Kubernetes e2e suite" status="skipped" time="0">
              <skipped message="skipped"></skipped>
          </testcase>
          <testcase name="[It] [sig-storage] In-tree Volumes [Driver: local] [LocalVolumeType: dir-link-bindmounted] [Testpattern: Dynamic PV (default fs)] subPath should verify container cannot write to subpath readonly volumes [Slow]" classname="Kubernetes e2e suite" status="skipped" time="0">
              <skipped message="skipped"></skipped>
          </testcase>
          <testcase name="[It] [sig-storage] In-tree Volumes [Driver: local] [LocalVolumeType: dir-link-bindmounted] [Testpattern: Dynamic PV (xfs)] [Slow] multiVolume [Slow] should access to two volumes with the same volume mode and retain data across pod recreation on the same node" classname="Kubernetes e2e suite" status="skipped" time="0">
              <skipped message="skipped"></skipped>
          </testcase>
          <testcase name="[It] [sig-storage] In-tree Volumes [Driver: local] [LocalVolumeType: dir] [Testpattern: Dynamic PV (ext4)] volumes should allow exec of files on the volume" classname="Kubernetes e2e suite" status="skipped" time="0">
              <skipped message="skipped"></skipped>
          </testcase>
          <testcase name="[It] [sig-node] [NodeAlphaFeature:SidecarContainers] [Feature:SidecarContainers] Probing restartable init container should *not* be restarted with a GRPC liveness probe" classname="Kubernetes e2e suite" status="skipped" time="0">
              <skipped message="skipped"></skipped>
          </testcase>
          <testcase name="[It] [sig-storage] In-tree Volumes [Driver: vsphere] [Testpattern: Inline-volume (default fs)] subPath should fail if non-existent subpath is outside the volume [Slow] [LinuxOnly]" classname="Kubernetes e2e suite" status="skipped" time="0">
              <skipped message="skipped"></skipped>
          </testcase>
          <testcase name="[It] [sig-storage] In-tree Volumes [Driver: local] [LocalVolumeType: dir-link] [Testpattern: Dynamic PV (filesystem volmode)] volumeLimits should support volume limits [Serial]" classname="Kubernetes e2e suite" status="skipped" time="0">
              <skipped message="skipped"></skipped>
          </testcase>
          <testcase name="[It] [sig-storage] In-tree Volumes [Driver: local] [LocalVolumeType: gce-localssd-scsi-fs] [Serial] [Testpattern: Dynamic PV (block volmode)] provisioning should provision storage with snapshot data source [Feature:VolumeSnapshotDataSource]" classname="Kubernetes e2e suite" status="skipped" time="0">
              <skipped message="skipped"></skipped>
          </testcase>
          <testcase name="[It] [sig-storage] In-tree Volumes [Driver: local] [LocalVolumeType: dir-link] [Testpattern: Inline-volume (default fs)] subPath should verify container cannot write to subpath readonly volumes [Slow]" classname="Kubernetes e2e suite" status="skipped" time="0">
              <skipped message="skipped"></skipped>
          </testcase>
          <testcase name="[It] [sig-storage] In-tree Volumes [Driver: emptydir] [Testpattern: Dynamic PV (ext4)] volumes should allow exec of files on the volume" classname="Kubernetes e2e suite" status="skipped" time="0">
              <skipped message="skipped"></skipped>
          </testcase>
          <testcase name="[It] [sig-storage] In-tree Volumes [Driver: local] [LocalVolumeType: dir-bindmounted] [Testpattern: Dynamic PV (xfs)] [Slow] volumes should store data" classname="Kubernetes e2e suite" status="skipped" time="0">
              <skipped message="skipped"></skipped>
          </testcase>
          <testcase name="[It] [sig-api-machinery] AdmissionWebhook [Privileged:ClusterAdmin] should include webhook resources in discovery documents [Conformance]" classname="Kubernetes e2e suite" status="passed" time="3.566929042"></testcase>
          <testcase name="[It] [sig-storage] PersistentVolumes-local [Volume type: blockfswithoutformat] One pod requesting one prebound PVC should be able to mount volume and read from pod1" classname="Kubernetes e2e suite" status="skipped" time="0">
              <skipped message="skipped"></skipped>
          </testcase>
          <testcase name="[It] [sig-storage] In-tree Volumes [Driver: local] [LocalVolumeType: blockfs] [Testpattern: Dynamic PV (ntfs)] [Feature:Windows] multiVolume [Slow] should concurrently access the volume and restored snapshot from pods on the same node [LinuxOnly] [Feature:VolumeSnapshotDataSource] [Feature:VolumeSourceXFS]" classname="Kubernetes e2e suite" status="skipped" time="0">
              <skipped message="skipped"></skipped>
          </testcase>
          <testcase name="[It] [sig-storage] PersistentVolumes-local [Volume type: blockfswithformat] One pod requesting one prebound PVC should be able to mount volume and write from pod1" classname="Kubernetes e2e suite" status="skipped" time="0">
              <skipped message="skipped"></skipped>
          </testcase>
          <testcase name="[It] [sig-api-machinery] StorageVersion resources [Feature:StorageVersionAPI] storage version with non-existing id should be GC&#39;ed" classname="Kubernetes e2e suite" status="skipped" time="0">
              <skipped message="skipped"></skipped>
          </testcase>
          <testcase name="[It] [sig-storage] In-tree Volumes [Driver: emptydir] [Testpattern: Generic Ephemeral-volume (block volmode) (late-binding)] ephemeral should support multiple inline ephemeral volumes" classname="Kubernetes e2e suite" status="skipped" time="0">
              <skipped message="skipped"></skipped>
          </testcase>
          <testcase name="[It] [sig-storage] In-tree Volumes [Driver: aws] [Testpattern: Dynamic PV (ntfs)(allowExpansion)] [Feature:Windows] volume-expand Verify if offline PVC expansion works" classname="Kubernetes e2e suite" status="skipped" time="0">
              <skipped message="skipped"></skipped>
          </testcase>
          <testcase name="[It] [sig-storage] In-tree Volumes [Driver: local] [LocalVolumeType: dir-link] [Testpattern: Pre-provisioned PV (filesystem volmode)] disruptive [Disruptive] [LinuxOnly] Should test that pv used in a pod that is deleted while the kubelet is down is usable by a new pod with a different SELinux context when kubelet returns [Feature:SELinux]" classname="Kubernetes e2e suite" status="skipped" time="0">
              <skipped message="skipped"></skipped>
          </testcase>
          <testcase name="[It] [sig-apps] StatefulSet Scaling StatefulSetStartOrdinal Decreasing .start.ordinal" classname="Kubernetes e2e suite" status="skipped" time="0">
              <skipped message="skipped"></skipped>
          </testcase>
          <testcase name="[It] [sig-storage] In-tree Volumes [Driver: hostPathSymlink] [Testpattern: Pre-provisioned PV (default fs)] subPath should unmount if pod is gracefully deleted while kubelet is down [Disruptive] [Slow] [LinuxOnly]" classname="Kubernetes e2e suite" status="skipped" time="0">
              <skipped message="skipped"></skipped>
          </testcase>
          <testcase name="[It] [sig-storage] In-tree Volumes [Driver: aws] [Testpattern: Dynamic PV (default fs)] fsgroupchangepolicy (Always)[LinuxOnly], pod created with an initial fsgroup, volume contents ownership changed via chgrp in first pod, new pod with different fsgroup applied to the volume contents" classname="Kubernetes e2e suite" status="skipped" time="0">
              <skipped message="skipped"></skipped>
          </testcase>
          <testcase name="[It] [sig-storage] In-tree Volumes [Driver: emptydir] [Testpattern: Inline-volume (default fs)] subPath should unmount if pod is gracefully deleted while kubelet is down [Disruptive] [Slow] [LinuxOnly]" classname="Kubernetes e2e suite" status="skipped" time="0">
              <skipped message="skipped"></skipped>
          </testcase>
          <testcase name="[It] [sig-cli] Kubectl rollout undo undo should rollback and update deployment env" classname="Kubernetes e2e suite" status="skipped" time="0">
              <skipped message="skipped"></skipped>
          </testcase>
          <testcase name="[It] [sig-network] Netpol NetworkPolicy between server and client should not mistakenly treat &#39;protocol: SCTP&#39; as &#39;protocol: TCP&#39;, even if the plugin doesn&#39;t support SCTP [Feature:NetworkPolicy]" classname="Kubernetes e2e suite" status="skipped" time="0">
              <skipped message="skipped"></skipped>
          </testcase>
          <testcase name="[It] [sig-storage] In-tree Volumes [Driver: ceph] [Feature:Volumes] [Serial] [Testpattern: Dynamic PV (block volmode)] multiVolume [Slow] should concurrently access the single volume from pods on different node" classname="Kubernetes e2e suite" status="skipped" time="0">
              <skipped message="skipped"></skipped>
          </testcase>
          <testcase name="[It] [sig-storage] In-tree Volumes [Driver: rbd] [Feature:Volumes] [Serial] [Testpattern: Generic Ephemeral-volume (block volmode) (late-binding)] ephemeral should create read/write inline ephemeral volume" classname="Kubernetes e2e suite" status="skipped" time="0">
              <skipped message="skipped"></skipped>
          </testcase>
          <testcase name="[It] [sig-storage] In-tree Volumes [Driver: vsphere] [Testpattern: Inline-volume (default fs)] volumes should allow exec of files on the volume" classname="Kubernetes e2e suite" status="skipped" time="0">
              <skipped message="skipped"></skipped>
          </testcase>
          <testcase name="[It] [sig-storage] In-tree Volumes [Driver: local] [LocalVolumeType: gce-localssd-scsi-fs] [Serial] [Testpattern: Dynamic PV (default fs)] provisioning should provision storage with mount options" classname="Kubernetes e2e suite" status="skipped" time="0">
              <skipped message="skipped"></skipped>
          </testcase>
          <testcase name="[It] [sig-cli] Kubectl client Kubectl apply should apply a new configuration to an existing RC" classname="Kubernetes e2e suite" status="skipped" time="0">
              <skipped message="skipped"></skipped>
          </testcase>
          <testcase name="[It] [sig-node] Security Context When creating a container with runAsNonRoot should run with an explicit non-root user ID [LinuxOnly]" classname="Kubernetes e2e suite" status="skipped" time="0">
              <skipped message="skipped"></skipped>
          </testcase>
          <testcase name="[It] [sig-storage] In-tree Volumes [Driver: local] [LocalVolumeType: dir-bindmounted] [Testpattern: Inline-volume (ext4)] volumes should allow exec of files on the volume" classname="Kubernetes e2e suite" status="skipped" time="0">
              <skipped message="skipped"></skipped>
          </testcase>
          <testcase name="[It] [sig-storage] In-tree Volumes [Driver: azure-disk] [Testpattern: Pre-provisioned PV (default fs)] subPath should support restarting containers using file as subpath [Slow] [LinuxOnly]" classname="Kubernetes e2e suite" status="skipped" time="0">
              <skipped message="skipped"></skipped>
          </testcase>
          <testcase name="[It] [sig-storage] In-tree Volumes [Driver: aws] [Testpattern: Dynamic PV (filesystem volmode)] disruptive [Disruptive] [LinuxOnly] Should test that pv used in a pod that is force deleted while the kubelet is down is usable by a new pod with a different SELinux context when kubelet returns [Feature:SELinux]" classname="Kubernetes e2e suite" status="skipped" time="0">
              <skipped message="skipped"></skipped>
          </testcase>
          <testcase name="[It] [sig-storage] In-tree Volumes [Driver: azure-disk] [Testpattern: Dynamic PV (filesystem volmode)] volumeMode should not mount / map unused volumes in a pod [LinuxOnly]" classname="Kubernetes e2e suite" status="skipped" time="0">
              <skipped message="skipped"></skipped>
          </testcase>
          <testcase name="[It] [sig-storage] In-tree Volumes [Driver: nfs] [Testpattern: Dynamic PV (ntfs)] [Feature:Windows] subPath should support existing single file [LinuxOnly]" classname="Kubernetes e2e suite" status="skipped" time="0">
              <skipped message="skipped"></skipped>
          </testcase>
          <testcase name="[It] [sig-storage] In-tree Volumes [Driver: hostPathSymlink] [Testpattern: Dynamic PV (immediate binding)] topology should provision a volume and schedule a pod with AllowedTopologies" classname="Kubernetes e2e suite" status="skipped" time="0">
              <skipped message="skipped"></skipped>
          </testcase>
          <testcase name="[It] [sig-storage] PersistentVolumes NFS with Single PV - PVC pairs create a PV: test phase transition timestamp is set and phase is Available [Feature:PersistentVolumeLastPhaseTransitionTime]" classname="Kubernetes e2e suite" status="skipped" time="0">
              <skipped message="skipped"></skipped>
          </testcase>
          <testcase name="[It] [sig-storage] CSI Volumes [Driver: csi-hostpath] [Testpattern: Dynamic PV (block volmode)] provisioning should provision storage with pvc data source (ROX mode)" classname="Kubernetes e2e suite" status="skipped" time="0">
              <skipped message="skipped"></skipped>
          </testcase>
          <testcase name="[It] [sig-storage] In-tree Volumes [Driver: vsphere] [Testpattern: Dynamic PV (filesystem volmode)] disruptive [Disruptive] [LinuxOnly] Should test that pv used in a pod that is deleted while the kubelet is down is usable by a new pod with a different SELinux context when kubelet returns [Feature:SELinux]" classname="Kubernetes e2e suite" status="skipped" time="0">
              <skipped message="skipped"></skipped>
          </testcase>
          <testcase name="[It] [sig-storage] In-tree Volumes [Driver: local] [LocalVolumeType: block] [Testpattern: Pre-provisioned PV (block volmode)] multiVolume [Slow] should access to two volumes with different volume mode and retain data across pod recreation on the same node" classname="Kubernetes e2e suite" status="skipped" time="0">
              <skipped message="skipped"></skipped>
          </testcase>
          <testcase name="[It] [sig-storage] In-tree Volumes [Driver: vsphere] [Testpattern: Dynamic PV (default fs)] provisioning should provision storage with pvc data source (ROX mode)" classname="Kubernetes e2e suite" status="skipped" time="0">
              <skipped message="skipped"></skipped>
          </testcase>
          <testcase name="[It] [sig-storage] In-tree Volumes [Driver: rbd] [Feature:Volumes] [Serial] [Testpattern: Pre-provisioned PV (default fs)] subPath should support restarting containers using file as subpath [Slow] [LinuxOnly]" classname="Kubernetes e2e suite" status="skipped" time="0">
              <skipped message="skipped"></skipped>
          </testcase>
          <testcase name="[It] [sig-windows] [Feature:GPUDevicePlugin] Device Plugin should be able to create a functioning device plugin for Windows" classname="Kubernetes e2e suite" status="skipped" time="0">
              <skipped message="skipped"></skipped>
          </testcase>
          <testcase name="[It] [sig-storage] In-tree Volumes [Driver: iscsi] [Feature:Volumes] [Testpattern: Dynamic PV (block volmode)] volume-stress multiple pods should access different volumes repeatedly [Slow] [Serial]" classname="Kubernetes e2e suite" status="skipped" time="0">
              <skipped message="skipped"></skipped>
          </testcase>
          <testcase name="[It] [sig-autoscaling] Cluster size autoscaling [Slow] should increase cluster size if pods are pending due to host port conflict [Feature:ClusterSizeAutoscalingScaleUp]" classname="Kubernetes e2e suite" status="skipped" time="0">
              <skipped message="skipped"></skipped>
          </testcase>
          <testcase name="[It] [sig-node] kubelet Clean up pods on node kubelet should be able to delete 10 pods per node in 1m0s." classname="Kubernetes e2e suite" status="skipped" time="0">
              <skipped message="skipped"></skipped>
          </testcase>
          <testcase name="[It] [sig-node] Probing container should be restarted with a exec &#34;cat /tmp/health&#34; liveness probe [NodeConformance] [Conformance]" classname="Kubernetes e2e suite" status="passed" time="52.249088687"></testcase>
          <testcase name="[It] [sig-windows] [Feature:WindowsHostProcessContainers] [MinimumKubeletVersion:1.22] HostProcess containers container stats validation" classname="Kubernetes e2e suite" status="skipped" time="0">
              <skipped message="skipped"></skipped>
          </testcase>
          <testcase name="[It] [sig-storage] In-tree Volumes [Driver: local] [LocalVolumeType: tmpfs] [Testpattern: Dynamic PV (xfs)] [Slow] multiVolume [Slow] should access to two volumes with different volume mode and retain data across pod recreation on the same node" classname="Kubernetes e2e suite" status="skipped" time="0">
              <skipped message="skipped"></skipped>
          </testcase>
          <testcase name="[It] [sig-storage] In-tree Volumes [Driver: local] [LocalVolumeType: dir] [Testpattern: Dynamic PV (xfs)] [Slow] multiVolume [Slow] should concurrently access the single read-only volume from pods on the same node" classname="Kubernetes e2e suite" status="skipped" time="0">
              <skipped message="skipped"></skipped>
          </testcase>
          <testcase name="[It] [sig-storage] In-tree Volumes [Driver: local] [LocalVolumeType: block] [Testpattern: Dynamic PV (default fs)] subPath should support readOnly directory specified in the volumeMount" classname="Kubernetes e2e suite" status="skipped" time="0">
              <skipped message="skipped"></skipped>
          </testcase>
          <testcase name="[It] [sig-storage] In-tree Volumes [Driver: local] [LocalVolumeType: gce-localssd-scsi-fs] [Serial] [Testpattern: Pre-provisioned PV (filesystem volmode)] multiVolume [Slow] should concurrently access the single read-only volume from pods on the same node" classname="Kubernetes e2e suite" status="skipped" time="0">
              <skipped message="skipped"></skipped>
          </testcase>
          <testcase name="[It] [sig-storage] In-tree Volumes [Driver: hostPathSymlink] [Testpattern: Pre-provisioned PV (default fs)] subPath should support readOnly file specified in the volumeMount [LinuxOnly]" classname="Kubernetes e2e suite" status="skipped" time="0">
              <skipped message="skipped"></skipped>
          </testcase>
          <testcase name="[It] [sig-storage] CSI Volumes [Driver: pd.csi.storage.gke.io] [Serial] [Testpattern: Pre-provisioned PV (filesystem volmode)] disruptive [Disruptive] [LinuxOnly] Should test that pv used in a pod that is deleted while the kubelet is down is usable by a new pod when kubelet returns [Feature:SELinux]" classname="Kubernetes e2e suite" status="skipped" time="0">
              <skipped message="skipped"></skipped>
          </testcase>
          <testcase name="[It] [sig-storage] In-tree Volumes [Driver: ceph] [Feature:Volumes] [Serial] [Testpattern: Dynamic PV (filesystem volmode)] multiVolume [Slow] should access to two volumes with different volume mode and retain data across pod recreation on the same node" classname="Kubernetes e2e suite" status="skipped" time="0">
              <skipped message="skipped"></skipped>
          </testcase>
          <testcase name="[It] [sig-storage] In-tree Volumes [Driver: vsphere] [Testpattern: Pre-provisioned PV (block volmode)] multiVolume [Slow] should concurrently access the single read-only volume from pods on the same node" classname="Kubernetes e2e suite" status="skipped" time="0">
              <skipped message="skipped"></skipped>
          </testcase>
          <testcase name="[It] [sig-storage] In-tree Volumes [Driver: nfs] [Testpattern: Dynamic PV (block volmode)] volumes should store data" classname="Kubernetes e2e suite" status="skipped" time="0">
              <skipped message="skipped"></skipped>
          </testcase>
          <testcase name="[It] [sig-storage] CSI Volumes [Driver: pd.csi.storage.gke.io] [Serial] [Testpattern: Dynamic PV (default fs)] subPath should support existing directories when readOnly specified in the volumeSource" classname="Kubernetes e2e suite" status="skipped" time="0">
              <skipped message="skipped"></skipped>
          </testcase>
          <testcase name="[It] [sig-storage] In-tree Volumes [Driver: local] [LocalVolumeType: dir-link] [Testpattern: Dynamic PV (xfs)] [Slow] multiVolume [Slow] should concurrently access the single volume from pods on different node" classname="Kubernetes e2e suite" status="skipped" time="0">
              <skipped message="skipped"></skipped>
          </testcase>
          <testcase name="[It] [sig-api-machinery] Etcd failure [Disruptive] should recover from network partition with master" classname="Kubernetes e2e suite" status="skipped" time="0">
              <skipped message="skipped"></skipped>
          </testcase>
          <testcase name="[It] [sig-storage] In-tree Volumes [Driver: local] [LocalVolumeType: dir-link] [Testpattern: Dynamic PV (block volmode)] multiVolume [Slow] should access to two volumes with the same volume mode and retain data across pod recreation on the same node" classname="Kubernetes e2e suite" status="skipped" time="0">
              <skipped message="skipped"></skipped>
          </testcase>
          <testcase name="[It] [sig-storage] In-tree Volumes [Driver: local] [LocalVolumeType: block] [Testpattern: Dynamic PV (default fs)] subPath should verify container cannot write to subpath readonly volumes [Slow]" classname="Kubernetes e2e suite" status="skipped" time="0">
              <skipped message="skipped"></skipped>
          </testcase>
          <testcase name="[It] [sig-storage] In-tree Volumes [Driver: hostPathSymlink] [Testpattern: Dynamic PV (block volmode)] provisioning should provision storage with pvc data source in parallel [Slow]" classname="Kubernetes e2e suite" status="skipped" time="0">
              <skipped message="skipped"></skipped>
          </testcase>
          <testcase name="[It] [sig-network] LoadBalancers ESIPP [Slow] should work for type=LoadBalancer" classname="Kubernetes e2e suite" status="skipped" time="0">
              <skipped message="skipped"></skipped>
          </testcase>
          <testcase name="[It] [sig-storage] In-tree Volumes [Driver: local] [LocalVolumeType: gce-localssd-scsi-fs] [Serial] [Testpattern: Dynamic PV (default fs)] subPath should fail if non-existent subpath is outside the volume [Slow] [LinuxOnly]" classname="Kubernetes e2e suite" status="skipped" time="0">
              <skipped message="skipped"></skipped>
          </testcase>
          <testcase name="[It] [sig-storage] CSI Volumes [Driver: csi-hostpath] [Testpattern: Dynamic Snapshot (retain policy)] snapshottable [Feature:VolumeSnapshotDataSource] volume snapshot controller  should check snapshot fields, check restore correctly works, check deletion (ephemeral)" classname="Kubernetes e2e suite" status="skipped" time="0">
              <skipped message="skipped"></skipped>
          </testcase>
          <testcase name="[It] [sig-node] Pod InPlace Resize Container [Feature:InPlacePodVerticalScaling] Burstable QoS pod, one container - decrease CPU (RestartContainer) &amp; memory (NotRequired)" classname="Kubernetes e2e suite" status="skipped" time="0">
              <skipped message="skipped"></skipped>
          </testcase>
          <testcase name="[It] [sig-storage] In-tree Volumes [Driver: local] [LocalVolumeType: dir-link-bindmounted] [Testpattern: Inline-volume (default fs)] subPath should support existing directory" classname="Kubernetes e2e suite" status="skipped" time="0">
              <skipped message="skipped"></skipped>
          </testcase>
          <testcase name="[It] [sig-storage] In-tree Volumes [Driver: local] [LocalVolumeType: dir] [Testpattern: Dynamic PV (ntfs)(allowExpansion)] [Feature:Windows] volume-expand should resize volume when PVC is edited while pod is using it" classname="Kubernetes e2e suite" status="skipped" time="0">
              <skipped message="skipped"></skipped>
          </testcase>
          <testcase name="[It] [sig-node] DRA [Feature:DynamicResourceAllocation] multiple nodes reallocation works" classname="Kubernetes e2e suite" status="skipped" time="0">
              <skipped message="skipped"></skipped>
          </testcase>
          <testcase name="[It] [sig-storage] In-tree Volumes [Driver: cinder] [Testpattern: Pre-provisioned PV (ext3)] volumes should allow exec of files on the volume" classname="Kubernetes e2e suite" status="skipped" time="0">
              <skipped message="skipped"></skipped>
          </testcase>
          <testcase name="[It] [sig-storage] In-tree Volumes [Driver: azure-file] [Testpattern: Dynamic PV (default fs)(allowExpansion)] volume-expand Verify if offline PVC expansion works" classname="Kubernetes e2e suite" status="skipped" time="0">
              <skipped message="skipped"></skipped>
          </testcase>
          <testcase name="[It] [sig-storage] CSI Mock volume service account token CSIServiceAccountToken token should be plumbed down when csiServiceAccountTokenEnabled=true" classname="Kubernetes e2e suite" status="skipped" time="0">
              <skipped message="skipped"></skipped>
          </testcase>
          <testcase name="[It] [sig-storage] In-tree Volumes [Driver: ceph] [Feature:Volumes] [Serial] [Testpattern: Dynamic PV (ntfs)] [Feature:Windows] subPath should support existing directories when readOnly specified in the volumeSource" classname="Kubernetes e2e suite" status="skipped" time="0">
              <skipped message="skipped"></skipped>
          </testcase>
          <testcase name="[It] [sig-storage] In-tree Volumes [Driver: cinder] [Testpattern: Dynamic PV (ntfs)] [Feature:Windows] subPath should fail if subpath file is outside the volume [Slow] [LinuxOnly]" classname="Kubernetes e2e suite" status="skipped" time="0">
              <skipped message="skipped"></skipped>
          </testcase>
          <testcase name="[It] [sig-storage] Projected downwardAPI should update labels on modification [NodeConformance] [Conformance]" classname="Kubernetes e2e suite" status="passed" time="6.631611668"></testcase>
          <testcase name="[It] [sig-storage] In-tree Volumes [Driver: local] [LocalVolumeType: block] [Testpattern: Dynamic PV (ntfs)] [Feature:Windows] provisioning should provision correct filesystem size when restoring snapshot to larger size pvc [Feature:VolumeSnapshotDataSource]" classname="Kubernetes e2e suite" status="skipped" time="0">
              <skipped message="skipped"></skipped>
          </testcase>
          <testcase name="[It] [sig-storage] EmptyDir volumes should support (root,0777,tmpfs) [LinuxOnly] [NodeConformance] [Conformance]" classname="Kubernetes e2e suite" status="passed" time="4.132808797"></testcase>
          <testcase name="[It] [sig-storage] In-tree Volumes [Driver: local] [LocalVolumeType: gce-localssd-scsi-fs] [Serial] [Testpattern: Pre-provisioned PV (default fs)] subPath should fail if subpath directory is outside the volume [Slow] [LinuxOnly]" classname="Kubernetes e2e suite" status="skipped" time="0">
              <skipped message="skipped"></skipped>
          </testcase>
          <testcase name="[It] [sig-api-machinery] ResourceQuota should verify ResourceQuota with best effort scope. [Conformance]" classname="Kubernetes e2e suite" status="passed" time="16.163021932"></testcase>
          <testcase name="[It] [sig-storage] In-tree Volumes [Driver: local] [LocalVolumeType: gce-localssd-scsi-fs] [Serial] [Testpattern: Dynamic PV (filesystem volmode)] disruptive [Disruptive] [LinuxOnly] Should test that pv used in a pod that is deleted while the kubelet is down is usable by a new pod when kubelet returns [Feature:SELinux]" classname="Kubernetes e2e suite" status="skipped" time="0">
              <skipped message="skipped"></skipped>
          </testcase>
          <testcase name="[It] [sig-storage] In-tree Volumes [Driver: aws] [Testpattern: Pre-provisioned PV (filesystem volmode)] disruptive [Disruptive] [LinuxOnly] Should test that pv used in a pod that is force deleted while the kubelet is down is usable by a new pod when kubelet returns [Feature:SELinux]" classname="Kubernetes e2e suite" status="skipped" time="0">
              <skipped message="skipped"></skipped>
          </testcase>
          <testcase name="[It] [sig-storage] In-tree Volumes [Driver: local] [LocalVolumeType: block] [Testpattern: Pre-provisioned PV (default fs)] subPath should fail if non-existent subpath is outside the volume [Slow] [LinuxOnly]" classname="Kubernetes e2e suite" status="skipped" time="0">
              <skipped message="skipped"></skipped>
          </testcase>
          <testcase name="[It] [sig-storage] In-tree Volumes [Driver: iscsi] [Feature:Volumes] [Testpattern: Pre-provisioned PV (default fs)] subPath should support readOnly directory specified in the volumeMount" classname="Kubernetes e2e suite" status="skipped" time="0">
              <skipped message="skipped"></skipped>
          </testcase>
          <testcase name="[It] [sig-storage] CSI Volumes [Driver: csi-hostpath] [Testpattern: Dynamic PV (ntfs)] [Feature:Windows] subPath should support restarting containers using directory as subpath [Slow]" classname="Kubernetes e2e suite" status="skipped" time="0">
              <skipped message="skipped"></skipped>
          </testcase>
          <testcase name="[It] [sig-storage] In-tree Volumes [Driver: nfs] [Testpattern: Dynamic PV (ntfs)] [Feature:Windows] subPath should unmount if pod is gracefully deleted while kubelet is down [Disruptive] [Slow] [LinuxOnly]" classname="Kubernetes e2e suite" status="skipped" time="0">
              <skipped message="skipped"></skipped>
          </testcase>
          <testcase name="[It] [sig-apps] Job should run a job to completion with CPU requests [Serial]" classname="Kubernetes e2e suite" status="skipped" time="0">
              <skipped message="skipped"></skipped>
          </testcase>
          <testcase name="[It] [sig-storage] In-tree Volumes [Driver: nfs] [Testpattern: Dynamic PV (delayed binding)] topology should provision a volume and schedule a pod with AllowedTopologies" classname="Kubernetes e2e suite" status="skipped" time="0">
              <skipped message="skipped"></skipped>
          </testcase>
          <testcase name="[It] [sig-storage] In-tree Volumes [Driver: emptydir] [Testpattern: Inline-volume (ext3)] volumes should store data" classname="Kubernetes e2e suite" status="skipped" time="0">
              <skipped message="skipped"></skipped>
          </testcase>
          <testcase name="[It] [sig-storage] PersistentVolumes-local [Volume type: dir-link-bindmounted] Two pods mounting a local volume at the same time should be able to write from pod1 and read from pod2" classname="Kubernetes e2e suite" status="skipped" time="0">
              <skipped message="skipped"></skipped>
          </testcase>
          <testcase name="[It] [sig-storage] In-tree Volumes [Driver: nfs] [Testpattern: Inline-volume (default fs)] subPath should be able to unmount after the subpath directory is deleted [LinuxOnly]" classname="Kubernetes e2e suite" status="skipped" time="0">
              <skipped message="skipped"></skipped>
          </testcase>
          <testcase name="[It] [sig-storage] In-tree Volumes [Driver: iscsi] [Feature:Volumes] [Testpattern: Pre-provisioned PV (block volmode)] multiVolume [Slow] should concurrently access the single volume from pods on the same node" classname="Kubernetes e2e suite" status="skipped" time="0">
              <skipped message="skipped"></skipped>
          </testcase>
          <testcase name="[It] [sig-storage] In-tree Volumes [Driver: local] [LocalVolumeType: dir-link] [Testpattern: Pre-provisioned PV (block volmode)] multiVolume [Slow] should concurrently access the single volume from pods on different node" classname="Kubernetes e2e suite" status="skipped" time="0">
              <skipped message="skipped"></skipped>
          </testcase>
          <testcase name="[It] [sig-storage] In-tree Volumes [Driver: nfs] [Testpattern: Pre-provisioned PV (block volmode)] multiVolume [Slow] should concurrently access the single volume from pods on different node" classname="Kubernetes e2e suite" status="skipped" time="0">
              <skipped message="skipped"></skipped>
          </testcase>
          <testcase name="[It] [sig-storage] In-tree Volumes [Driver: rbd] [Feature:Volumes] [Serial] [Testpattern: Dynamic PV (ext4)] multiVolume [Slow] should concurrently access the volume and restored snapshot from pods on the same node [LinuxOnly] [Feature:VolumeSnapshotDataSource] [Feature:VolumeSourceXFS]" classname="Kubernetes e2e suite" status="skipped" time="0">
              <skipped message="skipped"></skipped>
          </testcase>
          <testcase name="[It] [sig-storage] In-tree Volumes [Driver: local] [LocalVolumeType: tmpfs] [Testpattern: Dynamic PV (default fs)] subPath should fail if subpath with backstepping is outside the volume [Slow] [LinuxOnly]" classname="Kubernetes e2e suite" status="skipped" time="0">
              <skipped message="skipped"></skipped>
          </testcase>
          <testcase name="[It] [sig-storage] In-tree Volumes [Driver: local] [LocalVolumeType: blockfs] [Testpattern: Generic Ephemeral-volume (default fs) (immediate-binding)] ephemeral should support two pods which have the same volume definition" classname="Kubernetes e2e suite" status="skipped" time="0">
              <skipped message="skipped"></skipped>
          </testcase>
          <testcase name="[It] [sig-storage] In-tree Volumes [Driver: local] [LocalVolumeType: dir] [Testpattern: Dynamic PV (immediate binding)] topology should provision a volume and schedule a pod with AllowedTopologies" classname="Kubernetes e2e suite" status="skipped" time="0">
              <skipped message="skipped"></skipped>
          </testcase>
          <testcase name="[It] [sig-storage] In-tree Volumes [Driver: cinder] [Testpattern: Dynamic PV (block volmode)] multiVolume [Slow] should concurrently access the single volume from pods on the same node" classname="Kubernetes e2e suite" status="skipped" time="0">
              <skipped message="skipped"></skipped>
          </testcase>
          <testcase name="[It] [sig-storage] In-tree Volumes [Driver: nfs] [Testpattern: Inline-volume (xfs)] [Slow] volumes should allow exec of files on the volume" classname="Kubernetes e2e suite" status="skipped" time="0">
              <skipped message="skipped"></skipped>
          </testcase>
          <testcase name="[It] [sig-node] Pods should support pod readiness gates [NodeConformance]" classname="Kubernetes e2e suite" status="skipped" time="0">
              <skipped message="skipped"></skipped>
          </testcase>
          <testcase name="[It] [sig-storage] In-tree Volumes [Driver: local] [LocalVolumeType: blockfs] [Testpattern: Inline-volume (default fs)] subPath should fail if subpath with backstepping is outside the volume [Slow] [LinuxOnly]" classname="Kubernetes e2e suite" status="skipped" time="0">
              <skipped message="skipped"></skipped>
          </testcase>
          <testcase name="[It] [sig-storage] In-tree Volumes [Driver: local] [LocalVolumeType: block] [Testpattern: Pre-provisioned PV (filesystem volmode)] disruptive [Disruptive] [LinuxOnly] Should test that pv used in a pod that is force deleted while the kubelet is down is usable by a new pod with a different SELinux context when kubelet returns [Feature:SELinux]" classname="Kubernetes e2e suite" status="skipped" time="0">
              <skipped message="skipped"></skipped>
          </testcase>
          <testcase name="[It] [sig-storage] In-tree Volumes [Driver: local] [LocalVolumeType: dir-link-bindmounted] [Testpattern: Pre-provisioned PV (ext3)] volumes should store data" classname="Kubernetes e2e suite" status="skipped" time="0">
              <skipped message="skipped"></skipped>
          </testcase>
          <testcase name="[It] [sig-storage] In-tree Volumes [Driver: local] [LocalVolumeType: block] [Testpattern: Dynamic PV (delayed binding)] topology should fail to schedule a pod which has topologies that conflict with AllowedTopologies" classname="Kubernetes e2e suite" status="skipped" time="0">
              <skipped message="skipped"></skipped>
          </testcase>
          <testcase name="[It] [sig-storage] In-tree Volumes [Driver: local] [LocalVolumeType: block] [Testpattern: Dynamic PV (filesystem volmode)] multiVolume [Slow] should access to two volumes with the same volume mode and retain data across pod recreation on the same node" classname="Kubernetes e2e suite" status="skipped" time="0">
              <skipped message="skipped"></skipped>
          </testcase>
          <testcase name="[It] [sig-storage] In-tree Volumes [Driver: aws] [Testpattern: Pre-provisioned PV (default fs)] subPath should unmount if pod is gracefully deleted while kubelet is down [Disruptive] [Slow] [LinuxOnly]" classname="Kubernetes e2e suite" status="skipped" time="0">
              <skipped message="skipped"></skipped>
          </testcase>
          <testcase name="[It] [sig-storage] In-tree Volumes [Driver: ceph] [Feature:Volumes] [Serial] [Testpattern: Pre-provisioned PV (block volmode)] multiVolume [Slow] should concurrently access the single read-only volume from pods on the same node" classname="Kubernetes e2e suite" status="skipped" time="0">
              <skipped message="skipped"></skipped>
          </testcase>
          <testcase name="[It] [sig-storage] In-tree Volumes [Driver: local] [LocalVolumeType: block] [Testpattern: Dynamic PV (default fs)] provisioning should provision storage with pvc data source in parallel [Slow]" classname="Kubernetes e2e suite" status="skipped" time="0">
              <skipped message="skipped"></skipped>
          </testcase>
          <testcase name="[It] [sig-storage] In-tree Volumes [Driver: azure-file] [Testpattern: Pre-provisioned PV (block volmode)] multiVolume [Slow] should concurrently access the volume and restored snapshot from pods on the same node [LinuxOnly] [Feature:VolumeSnapshotDataSource] [Feature:VolumeSourceXFS]" classname="Kubernetes e2e suite" status="skipped" time="0">
              <skipped message="skipped"></skipped>
          </testcase>
          <testcase name="[It] [sig-node] Variable Expansion should fail substituting values in a volume subpath with backticks [Slow] [Conformance]" classname="Kubernetes e2e suite" status="passed" time="4.083972009"></testcase>
          <testcase name="[It] [sig-storage] In-tree Volumes [Driver: rbd] [Feature:Volumes] [Serial] [Testpattern: Dynamic PV (default fs)] subPath should support restarting containers using file as subpath [Slow] [LinuxOnly]" classname="Kubernetes e2e suite" status="skipped" time="0">
              <skipped message="skipped"></skipped>
          </testcase>
          <testcase name="[It] [sig-apps] Deployment RecreateDeployment should delete old pods and create new ones [Conformance]" classname="Kubernetes e2e suite" status="passed" time="2.155548292"></testcase>
          <testcase name="[It] [sig-storage] In-tree Volumes [Driver: local] [LocalVolumeType: blockfs] [Testpattern: Inline-volume (default fs)] subPath should support existing directories when readOnly specified in the volumeSource" classname="Kubernetes e2e suite" status="skipped" time="0">
              <skipped message="skipped"></skipped>
          </testcase>
          <testcase name="[It] [sig-storage] In-tree Volumes [Driver: aws] [Testpattern: Pre-provisioned PV (filesystem volmode)] multiVolume [Slow] should concurrently access the single read-only volume from pods on the same node" classname="Kubernetes e2e suite" status="skipped" time="0">
              <skipped message="skipped"></skipped>
          </testcase>
          <testcase name="[It] [sig-storage] In-tree Volumes [Driver: aws] [Testpattern: Pre-provisioned PV (default fs)] subPath should fail if non-existent subpath is outside the volume [Slow] [LinuxOnly]" classname="Kubernetes e2e suite" status="skipped" time="0">
              <skipped message="skipped"></skipped>
          </testcase>
          <testcase name="[It] [sig-storage] CSI Volumes [Driver: pd.csi.storage.gke.io] [Serial] [Testpattern: Dynamic PV (default fs)] provisioning should provision storage with snapshot data source [Feature:VolumeSnapshotDataSource]" classname="Kubernetes e2e suite" status="skipped" time="0">
              <skipped message="skipped"></skipped>
          </testcase>
          <testcase name="[It] [sig-storage] In-tree Volumes [Driver: local] [LocalVolumeType: dir] [Testpattern: Dynamic PV (ext4)] multiVolume [Slow] should access to two volumes with the same volume mode and retain data across pod recreation on the same node" classname="Kubernetes e2e suite" status="skipped" time="0">
              <skipped message="skipped"></skipped>
          </testcase>
          <testcase name="[It] [sig-storage] In-tree Volumes [Driver: local] [LocalVolumeType: blockfs] [Testpattern: Pre-provisioned PV (ext4)] volumes should store data" classname="Kubernetes e2e suite" status="skipped" time="0">
              <skipped message="skipped"></skipped>
          </testcase>
          <testcase name="[It] [sig-storage] In-tree Volumes [Driver: cinder] [Testpattern: Dynamic PV (xfs)] [Slow] multiVolume [Slow] should concurrently access the volume and restored snapshot from pods on the same node [LinuxOnly] [Feature:VolumeSnapshotDataSource] [Feature:VolumeSourceXFS]" classname="Kubernetes e2e suite" status="skipped" time="0">
              <skipped message="skipped"></skipped>
          </testcase>
          <testcase name="[It] [sig-autoscaling] Cluster size autoscaling [Slow] should increase cluster size if pods are pending due to pod anti-affinity [Feature:ClusterSizeAutoscalingScaleUp]" classname="Kubernetes e2e suite" status="skipped" time="0">
              <skipped message="skipped"></skipped>
          </testcase>
          <testcase name="[It] [sig-storage] In-tree Volumes [Driver: rbd] [Feature:Volumes] [Serial] [Testpattern: Pre-provisioned PV (ext4)] volumes should allow exec of files on the volume" classname="Kubernetes e2e suite" status="skipped" time="0">
              <skipped message="skipped"></skipped>
          </testcase>
          <testcase name="[It] [sig-node] Security Context When creating a pod with readOnlyRootFilesystem should run the container with readonly rootfs when readOnlyRootFilesystem=true [LinuxOnly] [NodeConformance]" classname="Kubernetes e2e suite" status="skipped" time="0">
              <skipped message="skipped"></skipped>
          </testcase>
          <testcase name="[It] [sig-storage] In-tree Volumes [Driver: hostPath] [Testpattern: Pre-provisioned PV (default fs)] subPath should verify container cannot write to subpath readonly volumes [Slow]" classname="Kubernetes e2e suite" status="skipped" time="0">
              <skipped message="skipped"></skipped>
          </testcase>
          <testcase name="[It] [sig-storage] In-tree Volumes [Driver: iscsi] [Feature:Volumes] [Testpattern: Inline-volume (ext3)] volumes should allow exec of files on the volume" classname="Kubernetes e2e suite" status="skipped" time="0">
              <skipped message="skipped"></skipped>
          </testcase>
          <testcase name="[It] [sig-storage] In-tree Volumes [Driver: local] [LocalVolumeType: block] [Testpattern: Dynamic PV (block volmode)(allowExpansion)] volume-expand Verify if offline PVC expansion works" classname="Kubernetes e2e suite" status="skipped" time="0">
              <skipped message="skipped"></skipped>
          </testcase>
          <testcase name="[It] [sig-storage] In-tree Volumes [Driver: local] [LocalVolumeType: gce-localssd-scsi-fs] [Serial] [Testpattern: Dynamic PV (default fs)] provisioning should provision storage with any volume data source [Serial]" classname="Kubernetes e2e suite" status="skipped" time="0">
              <skipped message="skipped"></skipped>
          </testcase>
          <testcase name="[It] [sig-storage] In-tree Volumes [Driver: iscsi] [Feature:Volumes] [Testpattern: Dynamic PV (ext3)] volumes should allow exec of files on the volume" classname="Kubernetes e2e suite" status="skipped" time="0">
              <skipped message="skipped"></skipped>
          </testcase>
          <testcase name="[It] [sig-storage] In-tree Volumes [Driver: local] [LocalVolumeType: tmpfs] [Testpattern: Inline-volume (default fs)] subPath should support non-existent path" classname="Kubernetes e2e suite" status="skipped" time="0">
              <skipped message="skipped"></skipped>
          </testcase>
          <testcase name="[It] [sig-storage] In-tree Volumes [Driver: local] [LocalVolumeType: gce-localssd-scsi-fs] [Serial] [Testpattern: Pre-provisioned PV (default fs)] subPath should fail if non-existent subpath is outside the volume [Slow] [LinuxOnly]" classname="Kubernetes e2e suite" status="skipped" time="0">
              <skipped message="skipped"></skipped>
          </testcase>
          <testcase name="[It] [sig-storage] In-tree Volumes [Driver: local] [LocalVolumeType: gce-localssd-scsi-fs] [Serial] [Testpattern: Inline-volume (default fs)] subPath should unmount if pod is force deleted while kubelet is down [Disruptive] [Slow] [LinuxOnly]" classname="Kubernetes e2e suite" status="skipped" time="0">
              <skipped message="skipped"></skipped>
          </testcase>
          <testcase name="[It] [sig-storage] In-tree Volumes [Driver: local] [LocalVolumeType: dir-link-bindmounted] [Testpattern: Dynamic PV (filesystem volmode)] volumeLimits should support volume limits [Serial]" classname="Kubernetes e2e suite" status="skipped" time="0">
              <skipped message="skipped"></skipped>
          </testcase>
          <testcase name="[It] [sig-storage] In-tree Volumes [Driver: local] [LocalVolumeType: dir] [Testpattern: Dynamic PV (ntfs)] [Feature:Windows] subPath should verify container cannot write to subpath readonly volumes [Slow]" classname="Kubernetes e2e suite" status="skipped" time="0">
              <skipped message="skipped"></skipped>
          </testcase>
          <testcase name="[It] [sig-storage] In-tree Volumes [Driver: emptydir] [Testpattern: Dynamic PV (block volmode)] disruptive [Disruptive] [LinuxOnly] Should test that pv used in a pod that is deleted while the kubelet is down cleans up when the kubelet returns." classname="Kubernetes e2e suite" status="skipped" time="0">
              <skipped message="skipped"></skipped>
          </testcase>
          <testcase name="[It] [sig-storage] In-tree Volumes [Driver: azure-disk] [Testpattern: Generic Ephemeral-volume (default fs) (late-binding)] ephemeral should create read/write inline ephemeral volume" classname="Kubernetes e2e suite" status="skipped" time="0">
              <skipped message="skipped"></skipped>
          </testcase>
          <testcase name="[It] [sig-storage] In-tree Volumes [Driver: local] [LocalVolumeType: dir-link-bindmounted] [Testpattern: Dynamic PV (immediate binding)] topology should fail to schedule a pod which has topologies that conflict with AllowedTopologies" classname="Kubernetes e2e suite" status="skipped" time="0">
              <skipped message="skipped"></skipped>
          </testcase>
          <testcase name="[It] [sig-storage] In-tree Volumes [Driver: nfs] [Testpattern: Generic Ephemeral-volume (block volmode) (late-binding)] ephemeral should create read/write inline ephemeral volume" classname="Kubernetes e2e suite" status="skipped" time="0">
              <skipped message="skipped"></skipped>
          </testcase>
          <testcase name="[It] [sig-node] Security Context should support seccomp default which is unconfined [LinuxOnly]" classname="Kubernetes e2e suite" status="skipped" time="0">
              <skipped message="skipped"></skipped>
          </testcase>
          <testcase name="[It] [sig-storage] In-tree Volumes [Driver: ceph] [Feature:Volumes] [Serial] [Testpattern: Generic Ephemeral-volume (block volmode) (late-binding)] ephemeral should support two pods which have the same volume definition" classname="Kubernetes e2e suite" status="skipped" time="0">
              <skipped message="skipped"></skipped>
          </testcase>
          <testcase name="[It] [sig-storage] CSI Volumes [Driver: pd.csi.storage.gke.io] [Serial] [Testpattern: Dynamic PV (xfs)] [Slow] multiVolume [Slow] should concurrently access the volume and restored snapshot from pods on the same node [LinuxOnly] [Feature:VolumeSnapshotDataSource] [Feature:VolumeSourceXFS]" classname="Kubernetes e2e suite" status="skipped" time="0">
              <skipped message="skipped"></skipped>
          </testcase>
          <testcase name="[It] [sig-storage] In-tree Volumes [Driver: local] [LocalVolumeType: block] [Testpattern: Pre-provisioned PV (filesystem volmode)] multiVolume [Slow] should concurrently access the single volume from pods on different node" classname="Kubernetes e2e suite" status="skipped" time="0">
              <skipped message="skipped"></skipped>
          </testcase>
          <testcase name="[It] [sig-api-machinery] client-go should negotiate watch and report errors with accept &#34;application/json,application/vnd.kubernetes.protobuf&#34;" classname="Kubernetes e2e suite" status="skipped" time="0">
              <skipped message="skipped"></skipped>
          </testcase>
          <testcase name="[It] [sig-storage] In-tree Volumes [Driver: local] [LocalVolumeType: dir-bindmounted] [Testpattern: Generic Ephemeral-volume (default fs) (immediate-binding)] ephemeral should create read/write inline ephemeral volume" classname="Kubernetes e2e suite" status="skipped" time="0">
              <skipped message="skipped"></skipped>
          </testcase>
          <testcase name="[It] [sig-storage] PersistentVolumes-local Pod with node different from PV&#39;s NodeAffinity should fail scheduling due to different NodeAffinity" classname="Kubernetes e2e suite" status="skipped" time="0">
              <skipped message="skipped"></skipped>
          </testcase>
          <testcase name="[It] [sig-storage] In-tree Volumes [Driver: local] [LocalVolumeType: blockfs] [Testpattern: Inline-volume (xfs)] [Slow] volumes should store data" classname="Kubernetes e2e suite" status="skipped" time="0">
              <skipped message="skipped"></skipped>
          </testcase>
          <testcase name="[It] [sig-windows] [Feature:WindowsHostProcessContainers] [MinimumKubeletVersion:1.22] HostProcess containers container command path validation" classname="Kubernetes e2e suite" status="skipped" time="0">
              <skipped message="skipped"></skipped>
          </testcase>
          <testcase name="[It] [sig-storage] In-tree Volumes [Driver: local] [LocalVolumeType: blockfs] [Testpattern: Dynamic PV (filesystem volmode)] disruptive [Disruptive] [LinuxOnly] Should test that pv written before kubelet restart is readable after restart." classname="Kubernetes e2e suite" status="skipped" time="0">
              <skipped message="skipped"></skipped>
          </testcase>
          <testcase name="[It] [sig-storage] In-tree Volumes [Driver: local] [LocalVolumeType: dir] [Testpattern: Dynamic PV (filesystem volmode)] volumeMode should not mount / map unused volumes in a pod [LinuxOnly]" classname="Kubernetes e2e suite" status="skipped" time="0">
              <skipped message="skipped"></skipped>
          </testcase>
          <testcase name="[It] [sig-storage] In-tree Volumes [Driver: local] [LocalVolumeType: gce-localssd-scsi-fs] [Serial] [Testpattern: Dynamic PV (ntfs)] [Feature:Windows] volumes should allow exec of files on the volume" classname="Kubernetes e2e suite" status="skipped" time="0">
              <skipped message="skipped"></skipped>
          </testcase>
          <testcase name="[It] [sig-storage] [Feature:Flexvolumes] Mounted flexvolume volume expand [Slow] should be resizable when mounted" classname="Kubernetes e2e suite" status="skipped" time="0">
              <skipped message="skipped"></skipped>
          </testcase>
          <testcase name="[It] [sig-storage] In-tree Volumes [Driver: aws] [Testpattern: Inline-volume (default fs)] subPath should support existing directory" classname="Kubernetes e2e suite" status="skipped" time="0">
              <skipped message="skipped"></skipped>
          </testcase>
          <testcase name="[It] [sig-windows] [Feature:WindowsHostProcessContainers] [MinimumKubeletVersion:1.22] HostProcess containers should run as a process on the host/node" classname="Kubernetes e2e suite" status="skipped" time="0">
              <skipped message="skipped"></skipped>
          </testcase>
          <testcase name="[It] [sig-node] [NodeAlphaFeature:SidecarContainers] [Feature:SidecarContainers] Probing restartable init container should be restarted with a GRPC liveness probe" classname="Kubernetes e2e suite" status="skipped" time="0">
              <skipped message="skipped"></skipped>
          </testcase>
          <testcase name="[It] [sig-storage] In-tree Volumes [Driver: hostPath] [Testpattern: Dynamic PV (ntfs)] [Feature:Windows] provisioning should provision storage with pvc data source (ROX mode)" classname="Kubernetes e2e suite" status="skipped" time="0">
              <skipped message="skipped"></skipped>
          </testcase>
          <testcase name="[It] [sig-storage] In-tree Volumes [Driver: hostPath] [Testpattern: Dynamic PV (xfs)] [Slow] multiVolume [Slow] should concurrently access the volume and restored snapshot from pods on the same node [LinuxOnly] [Feature:VolumeSnapshotDataSource] [Feature:VolumeSourceXFS]" classname="Kubernetes e2e suite" status="skipped" time="0">
              <skipped message="skipped"></skipped>
          </testcase>
          <testcase name="[It] [sig-storage] In-tree Volumes [Driver: nfs] [Testpattern: Dynamic PV (ext4)] multiVolume [Slow] should concurrently access the volume and its clone from pods on the same node [LinuxOnly] [Feature:VolumeSourceXFS]" classname="Kubernetes e2e suite" status="skipped" time="0">
              <skipped message="skipped"></skipped>
          </testcase>
          <testcase name="[It] [sig-storage] In-tree Volumes [Driver: hostPath] [Testpattern: Dynamic PV (xfs)] [Slow] multiVolume [Slow] should access to two volumes with the same volume mode and retain data across pod recreation on the same node" classname="Kubernetes e2e suite" status="skipped" time="0">
              <skipped message="skipped"></skipped>
          </testcase>
          <testcase name="[It] [sig-storage] In-tree Volumes [Driver: local] [LocalVolumeType: dir] [Testpattern: Pre-provisioned PV (default fs)] volumes should store data" classname="Kubernetes e2e suite" status="skipped" time="0">
              <skipped message="skipped"></skipped>
          </testcase>
          <testcase name="[It] [sig-auth] ServiceAccount admission controller migration [Feature:BoundServiceAccountTokenVolume] master upgrade should maintain a functioning cluster" classname="Kubernetes e2e suite" status="skipped" time="0">
              <skipped message="skipped"></skipped>
          </testcase>
          <testcase name="[It] [sig-storage] In-tree Volumes [Driver: hostPathSymlink] [Testpattern: Pre-provisioned PV (default fs)] subPath should fail if non-existent subpath is outside the volume [Slow] [LinuxOnly]" classname="Kubernetes e2e suite" status="skipped" time="0">
              <skipped message="skipped"></skipped>
          </testcase>
          <testcase name="[It] [sig-storage] CSI Volumes [Driver: csi-hostpath] [Testpattern: Pre-provisioned PV (block volmode)] volumeMode should not mount / map unused volumes in a pod [LinuxOnly]" classname="Kubernetes e2e suite" status="skipped" time="0">
              <skipped message="skipped"></skipped>
          </testcase>
          <testcase name="[It] [sig-storage] In-tree Volumes [Driver: emptydir] [Testpattern: Pre-provisioned PV (default fs)] subPath should fail if non-existent subpath is outside the volume [Slow] [LinuxOnly]" classname="Kubernetes e2e suite" status="skipped" time="0">
              <skipped message="skipped"></skipped>
          </testcase>
          <testcase name="[It] [sig-storage] In-tree Volumes [Driver: local] [LocalVolumeType: dir-bindmounted] [Testpattern: Dynamic PV (default fs)] provisioning should provision storage with pvc data source" classname="Kubernetes e2e suite" status="skipped" time="0">
              <skipped message="skipped"></skipped>
          </testcase>
          <testcase name="[It] [sig-storage] In-tree Volumes [Driver: iscsi] [Feature:Volumes] [Testpattern: Inline-volume (default fs)] subPath should fail if subpath directory is outside the volume [Slow] [LinuxOnly]" classname="Kubernetes e2e suite" status="skipped" time="0">
              <skipped message="skipped"></skipped>
          </testcase>
          <testcase name="[It] [sig-storage] In-tree Volumes [Driver: rbd] [Feature:Volumes] [Serial] [Testpattern: Dynamic PV (default fs)] fsgroupchangepolicy (Always)[LinuxOnly], pod created with an initial fsgroup, volume contents ownership changed via chgrp in first pod, new pod with same fsgroup applied to the volume contents" classname="Kubernetes e2e suite" status="skipped" time="0">
              <skipped message="skipped"></skipped>
          </testcase>
          <testcase name="[It] [sig-storage] In-tree Volumes [Driver: aws] [Testpattern: Dynamic PV (block volmode)] multiVolume [Slow] should concurrently access the single read-only volume from pods on the same node" classname="Kubernetes e2e suite" status="skipped" time="0">
              <skipped message="skipped"></skipped>
          </testcase>
          <testcase name="[It] [sig-storage] CSI Volumes [Driver: csi-hostpath] [Testpattern: Dynamic PV (ntfs)] [Feature:Windows] multiVolume [Slow] should access to two volumes with different volume mode and retain data across pod recreation on different node" classname="Kubernetes e2e suite" status="skipped" time="0">
              <skipped message="skipped"></skipped>
          </testcase>
          <testcase name="[It] [sig-storage] In-tree Volumes [Driver: azure-disk] [Testpattern: Inline-volume (default fs)] subPath should fail if subpath with backstepping is outside the volume [Slow] [LinuxOnly]" classname="Kubernetes e2e suite" status="skipped" time="0">
              <skipped message="skipped"></skipped>
          </testcase>
          <testcase name="[It] [sig-storage] In-tree Volumes [Driver: local] [LocalVolumeType: blockfs] [Testpattern: Dynamic PV (filesystem volmode)] volumeMode should not mount / map unused volumes in a pod [LinuxOnly]" classname="Kubernetes e2e suite" status="skipped" time="0">
              <skipped message="skipped"></skipped>
          </testcase>
          <testcase name="[It] [sig-storage] In-tree Volumes [Driver: azure-disk] [Testpattern: Dynamic PV (ntfs)] [Feature:Windows] multiVolume [Slow] should access to two volumes with different volume mode and retain data across pod recreation on the same node" classname="Kubernetes e2e suite" status="skipped" time="0">
              <skipped message="skipped"></skipped>
          </testcase>
          <testcase name="[It] [sig-apps] Job should apply changes to a job status [Conformance]" classname="Kubernetes e2e suite" status="passed" time="2.08059678"></testcase>
          <testcase name="[It] [sig-storage] In-tree Volumes [Driver: rbd] [Feature:Volumes] [Serial] [Testpattern: Dynamic PV (block volmode)(allowExpansion)] volume-expand should resize volume when PVC is edited while pod is using it" classname="Kubernetes e2e suite" status="skipped" time="0">
              <skipped message="skipped"></skipped>
          </testcase>
          <testcase name="[It] [sig-storage] In-tree Volumes [Driver: local] [LocalVolumeType: blockfs] [Testpattern: Dynamic PV (block volmode)] multiVolume [Slow] should access to two volumes with different volume mode and retain data across pod recreation on the same node" classname="Kubernetes e2e suite" status="skipped" time="0">
              <skipped message="skipped"></skipped>
          </testcase>
          <testcase name="[It] [sig-storage] In-tree Volumes [Driver: emptydir] [Testpattern: Dynamic PV (ntfs)] [Feature:Windows] provisioning should provision storage with snapshot data source [Feature:VolumeSnapshotDataSource]" classname="Kubernetes e2e suite" status="skipped" time="0">
              <skipped message="skipped"></skipped>
          </testcase>
          <testcase name="[It] [sig-storage] In-tree Volumes [Driver: iscsi] [Feature:Volumes] [Testpattern: Pre-provisioned PV (block volmode)] disruptive [Disruptive] [LinuxOnly] Should test that pv used in a pod that is force deleted while the kubelet is down cleans up when the kubelet returns." classname="Kubernetes e2e suite" status="skipped" time="0">
              <skipped message="skipped"></skipped>
          </testcase>
          <testcase name="[It] [sig-storage] In-tree Volumes [Driver: local] [LocalVolumeType: tmpfs] [Testpattern: Pre-provisioned PV (filesystem volmode)] multiVolume [Slow] should access to two volumes with the same volume mode and retain data across pod recreation on the same node" classname="Kubernetes e2e suite" status="skipped" time="0">
              <skipped message="skipped"></skipped>
          </testcase>
          <testcase name="[It] [sig-storage] In-tree Volumes [Driver: local] [LocalVolumeType: block] [Testpattern: Inline-volume (default fs)] subPath should support readOnly directory specified in the volumeMount" classname="Kubernetes e2e suite" status="skipped" time="0">
              <skipped message="skipped"></skipped>
          </testcase>
          <testcase name="[It] [sig-storage] In-tree Volumes [Driver: local] [LocalVolumeType: dir-link] [Testpattern: Dynamic PV (ntfs)] [Feature:Windows] subPath should be able to unmount after the subpath directory is deleted [LinuxOnly]" classname="Kubernetes e2e suite" status="skipped" time="0">
              <skipped message="skipped"></skipped>
          </testcase>
          <testcase name="[It] [sig-storage] In-tree Volumes [Driver: aws] [Testpattern: Dynamic PV (filesystem volmode)] disruptive [Disruptive] [LinuxOnly] Should test that pv used in a pod that is force deleted while the kubelet is down is usable by a new pod when kubelet returns [Feature:SELinux]" classname="Kubernetes e2e suite" status="skipped" time="0">
              <skipped message="skipped"></skipped>
          </testcase>
          <testcase name="[It] [sig-apps] Job should fail when exceeds active deadline" classname="Kubernetes e2e suite" status="skipped" time="0">
              <skipped message="skipped"></skipped>
          </testcase>
          <testcase name="[It] [sig-storage] In-tree Volumes [Driver: emptydir] [Testpattern: Dynamic PV (default fs)] provisioning should mount multiple PV pointing to the same storage on the same node" classname="Kubernetes e2e suite" status="skipped" time="0">
              <skipped message="skipped"></skipped>
          </testcase>
          <testcase name="[It] [sig-storage] In-tree Volumes [Driver: emptydir] [Testpattern: Dynamic PV (filesystem volmode)] multiVolume [Slow] should access to two volumes with different volume mode and retain data across pod recreation on different node" classname="Kubernetes e2e suite" status="skipped" time="0">
              <skipped message="skipped"></skipped>
          </testcase>
          <testcase name="[It] [sig-network] Networking Granular Checks: Services should function for client IP based session affinity: udp [LinuxOnly]" classname="Kubernetes e2e suite" status="skipped" time="0">
              <skipped message="skipped"></skipped>
          </testcase>
          <testcase name="[It] [sig-storage] In-tree Volumes [Driver: iscsi] [Feature:Volumes] [Testpattern: Pre-provisioned PV (block volmode)] disruptive [Disruptive] [LinuxOnly] Should test that pv written before kubelet restart is readable after restart." classname="Kubernetes e2e suite" status="skipped" time="0">
              <skipped message="skipped"></skipped>
          </testcase>
          <testcase name="[It] [sig-storage] In-tree Volumes [Driver: emptydir] [Testpattern: Dynamic PV (block volmode)(allowExpansion)] volume-expand Verify if offline PVC expansion works" classname="Kubernetes e2e suite" status="skipped" time="0">
              <skipped message="skipped"></skipped>
          </testcase>
          <testcase name="[It] [sig-storage] In-tree Volumes [Driver: local] [LocalVolumeType: tmpfs] [Testpattern: Dynamic PV (default fs)] subPath should fail if non-existent subpath is outside the volume [Slow] [LinuxOnly]" classname="Kubernetes e2e suite" status="skipped" time="0">
              <skipped message="skipped"></skipped>
          </testcase>
          <testcase name="[It] [sig-storage] In-tree Volumes [Driver: iscsi] [Feature:Volumes] [Testpattern: Dynamic PV (block volmode)(allowExpansion)] volume-expand Verify if offline PVC expansion works" classname="Kubernetes e2e suite" status="skipped" time="0">
              <skipped message="skipped"></skipped>
          </testcase>
          <testcase name="[It] [sig-auth] SelfSubjectReview should support SelfSubjectReview API operations" classname="Kubernetes e2e suite" status="skipped" time="0">
              <skipped message="skipped"></skipped>
          </testcase>
          <testcase name="[It] [sig-storage] ConfigMap binary data should be reflected in volume [NodeConformance] [Conformance]" classname="Kubernetes e2e suite" status="passed" time="2.090440715"></testcase>
          <testcase name="[It] [sig-storage] In-tree Volumes [Driver: hostPath] [Testpattern: Pre-provisioned PV (default fs)] subPath should support readOnly file specified in the volumeMount [LinuxOnly]" classname="Kubernetes e2e suite" status="skipped" time="0">
              <skipped message="skipped"></skipped>
          </testcase>
          <testcase name="[It] [sig-storage] In-tree Volumes [Driver: local] [LocalVolumeType: dir] [Testpattern: Generic Ephemeral-volume (default fs) (immediate-binding)] ephemeral should create read/write inline ephemeral volume" classname="Kubernetes e2e suite" status="skipped" time="0">
              <skipped message="skipped"></skipped>
          </testcase>
          <testcase name="[It] [sig-storage] In-tree Volumes [Driver: local] [LocalVolumeType: block] [Testpattern: Inline-volume (default fs)] volumes should store data" classname="Kubernetes e2e suite" status="skipped" time="0">
              <skipped message="skipped"></skipped>
          </testcase>
          <testcase name="[It] [sig-storage] In-tree Volumes [Driver: azure-disk] [Testpattern: Dynamic PV (default fs)] volumes should allow exec of files on the volume" classname="Kubernetes e2e suite" status="skipped" time="0">
              <skipped message="skipped"></skipped>
          </testcase>
          <testcase name="[It] [sig-storage] In-tree Volumes [Driver: rbd] [Feature:Volumes] [Serial] [Testpattern: Inline-volume (default fs)] volumeIO should write files of various sizes, verify size, validate content [Slow]" classname="Kubernetes e2e suite" status="skipped" time="0">
              <skipped message="skipped"></skipped>
          </testcase>
          <testcase name="[It] [sig-storage] In-tree Volumes [Driver: local] [LocalVolumeType: blockfs] [Testpattern: Dynamic PV (ntfs)] [Feature:Windows] provisioning should provision storage with mount options" classname="Kubernetes e2e suite" status="skipped" time="0">
              <skipped message="skipped"></skipped>
          </testcase>
          <testcase name="[It] [sig-storage] In-tree Volumes [Driver: cinder] [Testpattern: Dynamic PV (default fs)] subPath should support non-existent path" classname="Kubernetes e2e suite" status="skipped" time="0">
              <skipped message="skipped"></skipped>
          </testcase>
          <testcase name="[It] [sig-storage] In-tree Volumes [Driver: iscsi] [Feature:Volumes] [Testpattern: Dynamic PV (filesystem volmode)] disruptive [Disruptive] [LinuxOnly] Should test that pv used in a pod that is deleted while the kubelet is down is usable by a new pod with a different SELinux context when kubelet returns [Feature:SELinux]" classname="Kubernetes e2e suite" status="skipped" time="0">
              <skipped message="skipped"></skipped>
          </testcase>
          <testcase name="[It] [sig-autoscaling] Cluster size autoscaling [Slow] Should be able to scale a node group up from 0 [Feature:ClusterSizeAutoscalingScaleUp]" classname="Kubernetes e2e suite" status="skipped" time="0">
              <skipped message="skipped"></skipped>
          </testcase>
          <testcase name="[It] [sig-storage] CSI Volumes [Driver: csi-hostpath] [Testpattern: Inline-volume (default fs)] subPath should fail if non-existent subpath is outside the volume [Slow] [LinuxOnly]" classname="Kubernetes e2e suite" status="skipped" time="0">
              <skipped message="skipped"></skipped>
          </testcase>
          <testcase name="[It] [sig-storage] In-tree Volumes [Driver: local] [LocalVolumeType: block] [Testpattern: Dynamic PV (ext4)] volumes should store data" classname="Kubernetes e2e suite" status="skipped" time="0">
              <skipped message="skipped"></skipped>
          </testcase>
          <testcase name="[It] [sig-node] [NodeAlphaFeature:SidecarContainers] [Feature:SidecarContainers] Probing restartable init container should *not* be restarted with a /healthz http liveness probe" classname="Kubernetes e2e suite" status="skipped" time="0">
              <skipped message="skipped"></skipped>
          </testcase>
          <testcase name="[It] [sig-storage] In-tree Volumes [Driver: emptydir] [Testpattern: Generic Ephemeral-volume (block volmode) (late-binding)] ephemeral should create read/write inline ephemeral volume" classname="Kubernetes e2e suite" status="skipped" time="0">
              <skipped message="skipped"></skipped>
          </testcase>
          <testcase name="[It] [sig-storage] Zone Support [Feature:vsphere] Verify PVC creation with compatible policy and datastore without any zones specified in the storage class fails (No shared datastores exist among all the nodes)" classname="Kubernetes e2e suite" status="skipped" time="0">
              <skipped message="skipped"></skipped>
          </testcase>
          <testcase name="[It] [sig-api-machinery] Watchers should receive events on concurrent watches in same order [Conformance]" classname="Kubernetes e2e suite" status="passed" time="2.911459549"></testcase>
          <testcase name="[It] [sig-storage] In-tree Volumes [Driver: local] [LocalVolumeType: dir-bindmounted] [Testpattern: Dynamic PV (block volmode)] provisioning should provision correct filesystem size when restoring snapshot to larger size pvc [Feature:VolumeSnapshotDataSource]" classname="Kubernetes e2e suite" status="skipped" time="0">
              <skipped message="skipped"></skipped>
          </testcase>
          <testcase name="[It] [sig-storage] In-tree Volumes [Driver: emptydir] [Testpattern: Dynamic PV (ext4)] multiVolume [Slow] should access to two volumes with different volume mode and retain data across pod recreation on different node" classname="Kubernetes e2e suite" status="skipped" time="0">
              <skipped message="skipped"></skipped>
          </testcase>
          <testcase name="[It] [sig-storage] In-tree Volumes [Driver: local] [LocalVolumeType: dir-bindmounted] [Testpattern: Dynamic PV (ntfs)] [Feature:Windows] multiVolume [Slow] should concurrently access the single read-only volume from pods on the same node" classname="Kubernetes e2e suite" status="skipped" time="0">
              <skipped message="skipped"></skipped>
          </testcase>
          <testcase name="[It] [sig-storage] CSI Volumes [Driver: csi-hostpath] [Testpattern: CSI Ephemeral-volume (default fs)] ephemeral should support multiple inline ephemeral volumes" classname="Kubernetes e2e suite" status="skipped" time="0">
              <skipped message="skipped"></skipped>
          </testcase>
          <testcase name="[It] [sig-storage] In-tree Volumes [Driver: cinder] [Testpattern: Dynamic PV (ntfs)] [Feature:Windows] subPath should support existing directories when readOnly specified in the volumeSource" classname="Kubernetes e2e suite" status="skipped" time="0">
              <skipped message="skipped"></skipped>
          </testcase>
          <testcase name="[It] [sig-autoscaling] [Feature:ClusterSizeAutoscalingScaleUp] [Slow] Autoscaling Autoscaling a service from 1 pod and 3 nodes to 8 pods and &gt;=4 nodes takes less than 15 minutes" classname="Kubernetes e2e suite" status="skipped" time="0">
              <skipped message="skipped"></skipped>
          </testcase>
          <testcase name="[It] [sig-storage] In-tree Volumes [Driver: emptydir] [Testpattern: Dynamic PV (default fs)] subPath should support non-existent path" classname="Kubernetes e2e suite" status="skipped" time="0">
              <skipped message="skipped"></skipped>
          </testcase>
          <testcase name="[It] [sig-storage] In-tree Volumes [Driver: local] [LocalVolumeType: dir-bindmounted] [Testpattern: Pre-provisioned PV (filesystem volmode)] multiVolume [Slow] should access to two volumes with different volume mode and retain data across pod recreation on the same node" classname="Kubernetes e2e suite" status="skipped" time="0">
              <skipped message="skipped"></skipped>
          </testcase>
          <testcase name="[It] [sig-storage] In-tree Volumes [Driver: local] [LocalVolumeType: gce-localssd-scsi-fs] [Serial] [Testpattern: Dynamic PV (default fs)] volumes should allow exec of files on the volume" classname="Kubernetes e2e suite" status="skipped" time="0">
              <skipped message="skipped"></skipped>
          </testcase>
          <testcase name="[It] [sig-storage] CSI Volumes [Driver: csi-hostpath] [Testpattern: Dynamic PV (ext4)] multiVolume [Slow] should access to two volumes with different volume mode and retain data across pod recreation on different node" classname="Kubernetes e2e suite" status="skipped" time="0">
              <skipped message="skipped"></skipped>
          </testcase>
          <testcase name="[It] [sig-storage] In-tree Volumes [Driver: nfs] [Testpattern: Generic Ephemeral-volume (default fs)] volumeLimits should support volume limits [Serial]" classname="Kubernetes e2e suite" status="skipped" time="0">
              <skipped message="skipped"></skipped>
          </testcase>
          <testcase name="[It] [sig-storage] In-tree Volumes [Driver: azure-disk] [Testpattern: Dynamic PV (block volmode)] multiVolume [Slow] should concurrently access the single read-only volume from pods on the same node" classname="Kubernetes e2e suite" status="skipped" time="0">
              <skipped message="skipped"></skipped>
          </testcase>
          <testcase name="[It] [sig-storage] In-tree Volumes [Driver: hostPath] [Testpattern: Dynamic PV (filesystem volmode)] multiVolume [Slow] should concurrently access the single volume from pods on the same node" classname="Kubernetes e2e suite" status="skipped" time="0">
              <skipped message="skipped"></skipped>
          </testcase>
          <testcase name="[It] [sig-storage] In-tree Volumes [Driver: hostPath] [Testpattern: Pre-provisioned PV (block volmode)] multiVolume [Slow] should concurrently access the single volume from pods on the same node" classname="Kubernetes e2e suite" status="skipped" time="0">
              <skipped message="skipped"></skipped>
          </testcase>
          <testcase name="[It] [sig-storage] In-tree Volumes [Driver: local] [LocalVolumeType: tmpfs] [Testpattern: Pre-provisioned PV (default fs)] subPath should fail if subpath with backstepping is outside the volume [Slow] [LinuxOnly]" classname="Kubernetes e2e suite" status="skipped" time="0">
              <skipped message="skipped"></skipped>
          </testcase>
          <testcase name="[It] [sig-storage] CSI Volumes [Driver: pd.csi.storage.gke.io] [Serial] [Testpattern: Dynamic PV (default fs)] subPath should support readOnly file specified in the volumeMount [LinuxOnly]" classname="Kubernetes e2e suite" status="skipped" time="0">
              <skipped message="skipped"></skipped>
          </testcase>
          <testcase name="[It] [sig-storage] In-tree Volumes [Driver: local] [LocalVolumeType: dir] [Testpattern: Pre-provisioned PV (default fs)] subPath should unmount if pod is force deleted while kubelet is down [Disruptive] [Slow] [LinuxOnly]" classname="Kubernetes e2e suite" status="skipped" time="0">
              <skipped message="skipped"></skipped>
          </testcase>
          <testcase name="[It] [sig-storage] In-tree Volumes [Driver: emptydir] [Testpattern: Inline-volume (default fs)] subPath should support existing directory" classname="Kubernetes e2e suite" status="skipped" time="0">
              <skipped message="skipped"></skipped>
          </testcase>
          <testcase name="[It] [sig-storage] In-tree Volumes [Driver: emptydir] [Testpattern: Dynamic PV (ntfs)] [Feature:Windows] subPath should support existing single file [LinuxOnly]" classname="Kubernetes e2e suite" status="skipped" time="0">
              <skipped message="skipped"></skipped>
          </testcase>
          <testcase name="[It] [sig-storage] In-tree Volumes [Driver: rbd] [Feature:Volumes] [Serial] [Testpattern: Pre-provisioned PV (default fs)] volumes should allow exec of files on the volume" classname="Kubernetes e2e suite" status="skipped" time="0">
              <skipped message="skipped"></skipped>
          </testcase>
          <testcase name="[It] [sig-storage] In-tree Volumes [Driver: azure-disk] [Testpattern: Dynamic PV (default fs)] volumeIO should write files of various sizes, verify size, validate content [Slow]" classname="Kubernetes e2e suite" status="skipped" time="0">
              <skipped message="skipped"></skipped>
          </testcase>
          <testcase name="[It] [sig-storage] HostPathType File [Slow] Should fail on mounting file &#39;afile&#39; when HostPathType is HostPathSocket" classname="Kubernetes e2e suite" status="skipped" time="0">
              <skipped message="skipped"></skipped>
          </testcase>
          <testcase name="[It] [sig-storage] PersistentVolumes-local [Volume type: dir-bindmounted] Set fsGroup for local volume should set fsGroup for one pod [Slow]" classname="Kubernetes e2e suite" status="skipped" time="0">
              <skipped message="skipped"></skipped>
          </testcase>
          <testcase name="[It] [sig-storage] In-tree Volumes [Driver: cinder] [Testpattern: Dynamic PV (ntfs)] [Feature:Windows] volumes should store data" classname="Kubernetes e2e suite" status="skipped" time="0">
              <skipped message="skipped"></skipped>
          </testcase>
          <testcase name="[It] [sig-storage] CSI Mock selinux on mount SELinuxMount [LinuxOnly] [Feature:SELinux] should not unstage volume when starting a second pod with the same SELinux context" classname="Kubernetes e2e suite" status="skipped" time="0">
              <skipped message="skipped"></skipped>
          </testcase>
          <testcase name="[It] [sig-apps] StatefulSet Non-retain StatefulSetPersistentVolumeClaimPolicy should delete PVCs with a OnScaledown policy" classname="Kubernetes e2e suite" status="skipped" time="0">
              <skipped message="skipped"></skipped>
          </testcase>
          <testcase name="[It] [sig-storage] In-tree Volumes [Driver: ceph] [Feature:Volumes] [Serial] [Testpattern: Pre-provisioned PV (default fs)] subPath should support file as subpath [LinuxOnly]" classname="Kubernetes e2e suite" status="skipped" time="0">
              <skipped message="skipped"></skipped>
          </testcase>
          <testcase name="[It] [sig-node] Security Context When creating a pod with HostUsers must not create the user namespace if set to true [LinuxOnly] [Feature:UserNamespacesSupport]" classname="Kubernetes e2e suite" status="skipped" time="0">
              <skipped message="skipped"></skipped>
          </testcase>
          <testcase name="[It] [sig-storage] In-tree Volumes [Driver: nfs] [Testpattern: Dynamic PV (block volmode)] multiVolume [Slow] should concurrently access the single read-only volume from pods on the same node" classname="Kubernetes e2e suite" status="skipped" time="0">
              <skipped message="skipped"></skipped>
          </testcase>
          <testcase name="[It] [sig-storage] In-tree Volumes [Driver: hostPath] [Testpattern: Dynamic PV (default fs)] fsgroupchangepolicy (Always)[LinuxOnly], pod created with an initial fsgroup, volume contents ownership changed via chgrp in first pod, new pod with same fsgroup applied to the volume contents" classname="Kubernetes e2e suite" status="skipped" time="0">
              <skipped message="skipped"></skipped>
          </testcase>
          <testcase name="[It] [sig-storage] In-tree Volumes [Driver: ceph] [Feature:Volumes] [Serial] [Testpattern: Dynamic PV (block volmode)(allowExpansion)] volume-expand should resize volume when PVC is edited while pod is using it" classname="Kubernetes e2e suite" status="skipped" time="0">
              <skipped message="skipped"></skipped>
          </testcase>
          <testcase name="[It] [sig-storage] In-tree Volumes [Driver: ceph] [Feature:Volumes] [Serial] [Testpattern: Dynamic PV (default fs)] subPath should support existing single file [LinuxOnly]" classname="Kubernetes e2e suite" status="skipped" time="0">
              <skipped message="skipped"></skipped>
          </testcase>
          <testcase name="[It] [sig-storage] In-tree Volumes [Driver: local] [LocalVolumeType: dir-link-bindmounted] [Testpattern: Pre-provisioned PV (block volmode)] multiVolume [Slow] should access to two volumes with the same volume mode and retain data across pod recreation on different node" classname="Kubernetes e2e suite" status="skipped" time="0">
              <skipped message="skipped"></skipped>
          </testcase>
          <testcase name="[It] [sig-storage] In-tree Volumes [Driver: local] [LocalVolumeType: block] [Testpattern: Dynamic PV (ext3)] volumes should allow exec of files on the volume" classname="Kubernetes e2e suite" status="skipped" time="0">
              <skipped message="skipped"></skipped>
          </testcase>
          <testcase name="[It] [sig-storage] In-tree Volumes [Driver: aws] [Testpattern: Dynamic PV (default fs)] fsgroupchangepolicy (OnRootMismatch)[LinuxOnly], pod created with an initial fsgroup, volume contents ownership changed via chgrp in first pod, new pod with different fsgroup applied to the volume contents" classname="Kubernetes e2e suite" status="skipped" time="0">
              <skipped message="skipped"></skipped>
          </testcase>
          <testcase name="[It] [sig-storage] In-tree Volumes [Driver: hostPathSymlink] [Testpattern: Dynamic PV (filesystem volmode)] multiVolume [Slow] should access to two volumes with different volume mode and retain data across pod recreation on different node" classname="Kubernetes e2e suite" status="skipped" time="0">
              <skipped message="skipped"></skipped>
          </testcase>
          <testcase name="[It] [sig-node] Pods Extended Pod Container lifecycle should not create extra sandbox if all containers are done" classname="Kubernetes e2e suite" status="skipped" time="0">
              <skipped message="skipped"></skipped>
          </testcase>
          <testcase name="[It] [sig-storage] In-tree Volumes [Driver: local] [LocalVolumeType: gce-localssd-scsi-fs] [Serial] [Testpattern: Dynamic PV (xfs)] [Slow] volumes should store data" classname="Kubernetes e2e suite" status="skipped" time="0">
              <skipped message="skipped"></skipped>
          </testcase>
          <testcase name="[It] [sig-storage] CSI Volumes [Driver: pd.csi.storage.gke.io] [Serial] [Testpattern: Dynamic PV (default fs)] subPath should support restarting containers using file as subpath [Slow] [LinuxOnly]" classname="Kubernetes e2e suite" status="skipped" time="0">
              <skipped message="skipped"></skipped>
          </testcase>
          <testcase name="[It] [sig-storage] In-tree Volumes [Driver: local] [LocalVolumeType: gce-localssd-scsi-fs] [Serial] [Testpattern: Generic Ephemeral-volume (default fs) (late-binding)] ephemeral should create read-only inline ephemeral volume" classname="Kubernetes e2e suite" status="skipped" time="0">
              <skipped message="skipped"></skipped>
          </testcase>
          <testcase name="[It] [sig-api-machinery] Servers with support for Table transformation should return generic metadata details across all namespaces for nodes" classname="Kubernetes e2e suite" status="skipped" time="0">
              <skipped message="skipped"></skipped>
          </testcase>
          <testcase name="[It] [sig-storage] In-tree Volumes [Driver: emptydir] [Testpattern: Dynamic PV (xfs)] [Slow] multiVolume [Slow] should concurrently access the volume and its clone from pods on the same node [LinuxOnly] [Feature:VolumeSourceXFS]" classname="Kubernetes e2e suite" status="skipped" time="0">
              <skipped message="skipped"></skipped>
          </testcase>
          <testcase name="[It] [sig-storage] In-tree Volumes [Driver: hostPath] [Testpattern: Generic Ephemeral-volume (default fs) (immediate-binding)] ephemeral should support expansion of pvcs created for ephemeral pvcs" classname="Kubernetes e2e suite" status="skipped" time="0">
              <skipped message="skipped"></skipped>
          </testcase>
          <testcase name="[It] [sig-storage] Projected downwardAPI should provide podname only [NodeConformance] [Conformance]" classname="Kubernetes e2e suite" status="passed" time="4.1108151490000004"></testcase>
          <testcase name="[It] [sig-storage] CSI Volumes [Driver: csi-hostpath] [Testpattern: Dynamic PV (default fs)(allowExpansion)] volume-expand Verify if offline PVC expansion works" classname="Kubernetes e2e suite" status="skipped" time="0">
              <skipped message="skipped"></skipped>
          </testcase>
          <testcase name="[It] [sig-storage] In-tree Volumes [Driver: aws] [Testpattern: Inline-volume (default fs)] subPath should fail if subpath file is outside the volume [Slow] [LinuxOnly]" classname="Kubernetes e2e suite" status="skipped" time="0">
              <skipped message="skipped"></skipped>
          </testcase>
          <testcase name="[It] [sig-storage] In-tree Volumes [Driver: local] [LocalVolumeType: dir-bindmounted] [Testpattern: Dynamic PV (ext4)] multiVolume [Slow] should concurrently access the volume and its clone from pods on the same node [LinuxOnly] [Feature:VolumeSourceXFS]" classname="Kubernetes e2e suite" status="skipped" time="0">
              <skipped message="skipped"></skipped>
          </testcase>
          <testcase name="[It] [sig-storage] In-tree Volumes [Driver: hostPath] [Testpattern: Dynamic PV (ntfs)] [Feature:Windows] subPath should support readOnly file specified in the volumeMount [LinuxOnly]" classname="Kubernetes e2e suite" status="skipped" time="0">
              <skipped message="skipped"></skipped>
          </testcase>
          <testcase name="[It] [sig-storage] In-tree Volumes [Driver: azure-disk] [Testpattern: Dynamic PV (ntfs)] [Feature:Windows] multiVolume [Slow] should concurrently access the volume and its clone from pods on the same node [LinuxOnly] [Feature:VolumeSourceXFS]" classname="Kubernetes e2e suite" status="skipped" time="0">
              <skipped message="skipped"></skipped>
          </testcase>
          <testcase name="[It] [sig-storage] In-tree Volumes [Driver: ceph] [Feature:Volumes] [Serial] [Testpattern: Dynamic PV (block volmode)] disruptive [Disruptive] [LinuxOnly] Should test that pv written before kubelet restart is readable after restart." classname="Kubernetes e2e suite" status="skipped" time="0">
              <skipped message="skipped"></skipped>
          </testcase>
          <testcase name="[It] [sig-storage] In-tree Volumes [Driver: hostPath] [Testpattern: Dynamic PV (ext4)] multiVolume [Slow] should access to two volumes with different volume mode and retain data across pod recreation on different node" classname="Kubernetes e2e suite" status="skipped" time="0">
              <skipped message="skipped"></skipped>
          </testcase>
          <testcase name="[It] [sig-storage] CSI Volumes [Driver: csi-hostpath] [Testpattern: Dynamic PV (ntfs)] [Feature:Windows] multiVolume [Slow] should access to two volumes with the same volume mode and retain data across pod recreation on the same node" classname="Kubernetes e2e suite" status="skipped" time="0">
              <skipped message="skipped"></skipped>
          </testcase>
          <testcase name="[It] [sig-storage] In-tree Volumes [Driver: local] [LocalVolumeType: dir-bindmounted] [Testpattern: Pre-provisioned PV (ext4)] volumes should allow exec of files on the volume" classname="Kubernetes e2e suite" status="skipped" time="0">
              <skipped message="skipped"></skipped>
          </testcase>
          <testcase name="[It] [sig-storage] In-tree Volumes [Driver: hostPath] [Testpattern: Dynamic PV (ntfs)] [Feature:Windows] subPath should be able to unmount after the subpath directory is deleted [LinuxOnly]" classname="Kubernetes e2e suite" status="skipped" time="0">
              <skipped message="skipped"></skipped>
          </testcase>
          <testcase name="[It] [sig-storage] In-tree Volumes [Driver: local] [LocalVolumeType: dir-bindmounted] [Testpattern: Generic Ephemeral-volume (default fs) (late-binding)] ephemeral should support multiple inline ephemeral volumes" classname="Kubernetes e2e suite" status="skipped" time="0">
              <skipped message="skipped"></skipped>
          </testcase>
          <testcase name="[It] [sig-storage] Pod Disks [Feature:StorageProvider] schedule a pod w/ RW PD(s) mounted to 1 or more containers, write to PD, verify content, delete pod, and repeat in rapid succession [Slow] using 1 containers and 2 PDs" classname="Kubernetes e2e suite" status="skipped" time="0">
              <skipped message="skipped"></skipped>
          </testcase>
          <testcase name="[It] [sig-storage] CSI Volumes [Driver: csi-hostpath] [Testpattern: Dynamic PV (ntfs)] [Feature:Windows] volumeIO should write files of various sizes, verify size, validate content [Slow]" classname="Kubernetes e2e suite" status="skipped" time="0">
              <skipped message="skipped"></skipped>
          </testcase>
          <testcase name="[It] [sig-storage] ConfigMap should be consumable from pods in volume with mappings and Item mode set [LinuxOnly] [NodeConformance] [Conformance]" classname="Kubernetes e2e suite" status="passed" time="4.083204454"></testcase>
          <testcase name="[It] [sig-storage] HostPathType Character Device [Slow] Should fail on mounting character device &#39;achardev&#39; when HostPathType is HostPathBlockDev" classname="Kubernetes e2e suite" status="skipped" time="0">
              <skipped message="skipped"></skipped>
          </testcase>
          <testcase name="[It] [sig-storage] In-tree Volumes [Driver: rbd] [Feature:Volumes] [Serial] [Testpattern: Dynamic PV (filesystem volmode)] disruptive [Disruptive] [LinuxOnly] Should test that pv written before kubelet restart is readable after restart." classname="Kubernetes e2e suite" status="skipped" time="0">
              <skipped message="skipped"></skipped>
          </testcase>
          <testcase name="[It] [sig-network] LoadBalancers should have session affinity work for LoadBalancer service with ESIPP off [Slow] [LinuxOnly]" classname="Kubernetes e2e suite" status="skipped" time="0">
              <skipped message="skipped"></skipped>
          </testcase>
          <testcase name="[It] [sig-storage] In-tree Volumes [Driver: local] [LocalVolumeType: gce-localssd-scsi-fs] [Serial] [Testpattern: Dynamic PV (ntfs)(allowExpansion)] [Feature:Windows] volume-expand should resize volume when PVC is edited while pod is using it" classname="Kubernetes e2e suite" status="skipped" time="0">
              <skipped message="skipped"></skipped>
          </testcase>
          <testcase name="[It] [sig-storage] In-tree Volumes [Driver: local] [LocalVolumeType: blockfs] [Testpattern: Dynamic PV (default fs)] fsgroupchangepolicy (OnRootMismatch)[LinuxOnly], pod created with an initial fsgroup, new pod fsgroup applied to volume contents" classname="Kubernetes e2e suite" status="skipped" time="0">
              <skipped message="skipped"></skipped>
          </testcase>
          <testcase name="[It] [sig-storage] In-tree Volumes [Driver: rbd] [Feature:Volumes] [Serial] [Testpattern: Inline-volume (default fs)] subPath should support non-existent path" classname="Kubernetes e2e suite" status="skipped" time="0">
              <skipped message="skipped"></skipped>
          </testcase>
          <testcase name="[It] [sig-storage] Projected configMap should be consumable in multiple volumes in the same pod [NodeConformance] [Conformance]" classname="Kubernetes e2e suite" status="passed" time="2.125593688"></testcase>
          <testcase name="[It] [sig-storage] In-tree Volumes [Driver: cinder] [Testpattern: Dynamic PV (ntfs)] [Feature:Windows] multiVolume [Slow] should concurrently access the single volume from pods on different node" classname="Kubernetes e2e suite" status="skipped" time="0">
              <skipped message="skipped"></skipped>
          </testcase>
          <testcase name="[It] [sig-autoscaling] Cluster size autoscaling [Slow] Should scale up GPU pool from 0 [GpuType:] [Feature:ClusterSizeAutoscalingGpu]" classname="Kubernetes e2e suite" status="skipped" time="0">
              <skipped message="skipped"></skipped>
          </testcase>
          <testcase name="[It] [sig-storage] In-tree Volumes [Driver: local] [LocalVolumeType: dir-bindmounted] [Testpattern: Dynamic PV (ext4)] multiVolume [Slow] should concurrently access the single read-only volume from pods on the same node" classname="Kubernetes e2e suite" status="skipped" time="0">
              <skipped message="skipped"></skipped>
          </testcase>
          <testcase name="[It] [sig-storage] In-tree Volumes [Driver: rbd] [Feature:Volumes] [Serial] [Testpattern: Pre-provisioned PV (filesystem volmode)] disruptive [Disruptive] [LinuxOnly] Should test that pv used in a pod that is deleted while the kubelet is down is usable by a new pod with a different SELinux context when kubelet returns [Feature:SELinux]" classname="Kubernetes e2e suite" status="skipped" time="0">
              <skipped message="skipped"></skipped>
          </testcase>
          <testcase name="[It] [sig-storage] In-tree Volumes [Driver: rbd] [Feature:Volumes] [Serial] [Testpattern: Dynamic PV (default fs)] volume-stress multiple pods should access different volumes repeatedly [Slow] [Serial]" classname="Kubernetes e2e suite" status="skipped" time="0">
              <skipped message="skipped"></skipped>
          </testcase>
          <testcase name="[It] [sig-storage] In-tree Volumes [Driver: hostPath] [Testpattern: Dynamic PV (default fs)] subPath should fail if non-existent subpath is outside the volume [Slow] [LinuxOnly]" classname="Kubernetes e2e suite" status="skipped" time="0">
              <skipped message="skipped"></skipped>
          </testcase>
          <testcase name="[It] [sig-storage] In-tree Volumes [Driver: local] [LocalVolumeType: dir-link] [Testpattern: Dynamic PV (default fs)] subPath should support non-existent path" classname="Kubernetes e2e suite" status="skipped" time="0">
              <skipped message="skipped"></skipped>
          </testcase>
          <testcase name="[It] [sig-storage] In-tree Volumes [Driver: local] [LocalVolumeType: gce-localssd-scsi-fs] [Serial] [Testpattern: Dynamic PV (default fs)] subPath should be able to unmount after the subpath directory is deleted [LinuxOnly]" classname="Kubernetes e2e suite" status="skipped" time="0">
              <skipped message="skipped"></skipped>
          </testcase>
          <testcase name="[It] [sig-storage] In-tree Volumes [Driver: iscsi] [Feature:Volumes] [Testpattern: Dynamic PV (default fs)] subPath should support restarting containers using file as subpath [Slow] [LinuxOnly]" classname="Kubernetes e2e suite" status="skipped" time="0">
              <skipped message="skipped"></skipped>
          </testcase>
          <testcase name="[It] [sig-storage] In-tree Volumes [Driver: local] [LocalVolumeType: dir-link-bindmounted] [Testpattern: Dynamic PV (ext4)] multiVolume [Slow] should access to two volumes with different volume mode and retain data across pod recreation on different node" classname="Kubernetes e2e suite" status="skipped" time="0">
              <skipped message="skipped"></skipped>
          </testcase>
          <testcase name="[It] [sig-storage] In-tree Volumes [Driver: nfs] [Testpattern: Dynamic PV (ntfs)] [Feature:Windows] multiVolume [Slow] should concurrently access the single volume from pods on the same node" classname="Kubernetes e2e suite" status="skipped" time="0">
              <skipped message="skipped"></skipped>
          </testcase>
          <testcase name="[It] [sig-storage] EmptyDir volumes should support (non-root,0666,default) [LinuxOnly] [NodeConformance] [Conformance]" classname="Kubernetes e2e suite" status="passed" time="4.10664008"></testcase>
          <testcase name="[It] [sig-storage] In-tree Volumes [Driver: hostPath] [Testpattern: Pre-provisioned PV (default fs)] subPath should support existing directories when readOnly specified in the volumeSource" classname="Kubernetes e2e suite" status="skipped" time="0">
              <skipped message="skipped"></skipped>
          </testcase>
          <testcase name="[It] [sig-storage] In-tree Volumes [Driver: local] [LocalVolumeType: gce-localssd-scsi-fs] [Serial] [Testpattern: Dynamic PV (default fs)] fsgroupchangepolicy (Always)[LinuxOnly], pod created with an initial fsgroup, volume contents ownership changed via chgrp in first pod, new pod with same fsgroup applied to the volume contents" classname="Kubernetes e2e suite" status="skipped" time="0">
              <skipped message="skipped"></skipped>
          </testcase>
          <testcase name="[It] [sig-storage] In-tree Volumes [Driver: hostPathSymlink] [Testpattern: Dynamic PV (default fs)] fsgroupchangepolicy (OnRootMismatch)[LinuxOnly], pod created with an initial fsgroup, volume contents ownership changed via chgrp in first pod, new pod with same fsgroup skips ownership changes to the volume contents" classname="Kubernetes e2e suite" status="skipped" time="0">
              <skipped message="skipped"></skipped>
          </testcase>
          <testcase name="[It] [sig-storage] In-tree Volumes [Driver: emptydir] [Testpattern: Pre-provisioned PV (default fs)] subPath should fail if subpath with backstepping is outside the volume [Slow] [LinuxOnly]" classname="Kubernetes e2e suite" status="skipped" time="0">
              <skipped message="skipped"></skipped>
          </testcase>
          <testcase name="[It] [sig-storage] In-tree Volumes [Driver: local] [LocalVolumeType: blockfs] [Testpattern: Dynamic PV (ntfs)] [Feature:Windows] volumes should allow exec of files on the volume" classname="Kubernetes e2e suite" status="skipped" time="0">
              <skipped message="skipped"></skipped>
          </testcase>
          <testcase name="[It] [sig-storage] In-tree Volumes [Driver: local] [LocalVolumeType: tmpfs] [Testpattern: Pre-provisioned PV (block volmode)] disruptive [Disruptive] [LinuxOnly] Should test that pv used in a pod that is deleted while the kubelet is down cleans up when the kubelet returns." classname="Kubernetes e2e suite" status="skipped" time="0">
              <skipped message="skipped"></skipped>
          </testcase>
          <testcase name="[It] [sig-storage] In-tree Volumes [Driver: vsphere] [Testpattern: Inline-volume (default fs)] subPath should support restarting containers using directory as subpath [Slow]" classname="Kubernetes e2e suite" status="skipped" time="0">
              <skipped message="skipped"></skipped>
          </testcase>
          <testcase name="[It] [sig-storage] In-tree Volumes [Driver: aws] [Testpattern: Dynamic PV (ntfs)] [Feature:Windows] provisioning should mount multiple PV pointing to the same storage on the same node" classname="Kubernetes e2e suite" status="skipped" time="0">
              <skipped message="skipped"></skipped>
          </testcase>
          <testcase name="[It] [sig-storage] CSI Mock volume service account token CSIServiceAccountToken token should not be plumbed down when csiServiceAccountTokenEnabled=false" classname="Kubernetes e2e suite" status="skipped" time="0">
              <skipped message="skipped"></skipped>
          </testcase>
          <testcase name="[It] [sig-network] Netpol NetworkPolicy between server and client should allow egress access on one named port [Feature:NetworkPolicy]" classname="Kubernetes e2e suite" status="skipped" time="0">
              <skipped message="skipped"></skipped>
          </testcase>
          <testcase name="[It] [sig-storage] In-tree Volumes [Driver: aws] [Testpattern: Pre-provisioned PV (block volmode)] multiVolume [Slow] should access to two volumes with different volume mode and retain data across pod recreation on the same node" classname="Kubernetes e2e suite" status="skipped" time="0">
              <skipped message="skipped"></skipped>
          </testcase>
          <testcase name="[It] [sig-storage] In-tree Volumes [Driver: local] [LocalVolumeType: dir-link-bindmounted] [Testpattern: Dynamic PV (ext4)] multiVolume [Slow] should access to two volumes with different volume mode and retain data across pod recreation on the same node" classname="Kubernetes e2e suite" status="skipped" time="0">
              <skipped message="skipped"></skipped>
          </testcase>
          <testcase name="[It] [sig-storage] In-tree Volumes [Driver: hostPath] [Testpattern: Dynamic PV (default fs)] fsgroupchangepolicy (Always)[LinuxOnly], pod created with an initial fsgroup, volume contents ownership changed via chgrp in first pod, new pod with different fsgroup applied to the volume contents" classname="Kubernetes e2e suite" status="skipped" time="0">
              <skipped message="skipped"></skipped>
          </testcase>
          <testcase name="[It] [sig-storage] In-tree Volumes [Driver: aws] [Testpattern: Dynamic PV (default fs)] volume-expand should not allow expansion of pvcs without AllowVolumeExpansion property" classname="Kubernetes e2e suite" status="skipped" time="0">
              <skipped message="skipped"></skipped>
          </testcase>
          <testcase name="[It] [sig-apps] Job should update the status ready field" classname="Kubernetes e2e suite" status="skipped" time="0">
              <skipped message="skipped"></skipped>
          </testcase>
          <testcase name="[It] [sig-storage] Secrets should be consumable from pods in volume with mappings and Item Mode set [LinuxOnly] [NodeConformance] [Conformance]" classname="Kubernetes e2e suite" status="passed" time="4.119304863"></testcase>
          <testcase name="[It] [sig-autoscaling] [Feature:HPA] Horizontal pod autoscaling (scale resource: CPU) [Serial] [Slow] Deployment (Container Resource) Should scale from 1 pod to 3 pods and then from 3 pods to 5 pods using Average Value for aggregation" classname="Kubernetes e2e suite" status="skipped" time="0">
              <skipped message="skipped"></skipped>
          </testcase>
          <testcase name="[It] [sig-storage] In-tree Volumes [Driver: iscsi] [Feature:Volumes] [Testpattern: Inline-volume (ntfs)] [Feature:Windows] volumes should store data" classname="Kubernetes e2e suite" status="skipped" time="0">
              <skipped message="skipped"></skipped>
          </testcase>
          <testcase name="[It] [sig-cli] Kubectl client Simple pod should return command exit codes execing into a container with a successful command" classname="Kubernetes e2e suite" status="skipped" time="0">
              <skipped message="skipped"></skipped>
          </testcase>
          <testcase name="[It] [sig-storage] In-tree Volumes [Driver: azure-file] [Testpattern: Dynamic PV (filesystem volmode)] multiVolume [Slow] should access to two volumes with different volume mode and retain data across pod recreation on different node" classname="Kubernetes e2e suite" status="skipped" time="0">
              <skipped message="skipped"></skipped>
          </testcase>
          <testcase name="[It] [sig-storage] In-tree Volumes [Driver: vsphere] [Testpattern: Dynamic PV (ext4)] multiVolume [Slow] should concurrently access the single read-only volume from pods on the same node" classname="Kubernetes e2e suite" status="skipped" time="0">
              <skipped message="skipped"></skipped>
          </testcase>
          <testcase name="[It] [sig-storage] In-tree Volumes [Driver: ceph] [Feature:Volumes] [Serial] [Testpattern: Dynamic PV (default fs)] subPath should support readOnly directory specified in the volumeMount" classname="Kubernetes e2e suite" status="skipped" time="0">
              <skipped message="skipped"></skipped>
          </testcase>
          <testcase name="[It] [sig-storage] In-tree Volumes [Driver: local] [LocalVolumeType: dir-link] [Testpattern: Dynamic PV (xfs)] [Slow] multiVolume [Slow] should concurrently access the single volume from pods on the same node" classname="Kubernetes e2e suite" status="skipped" time="0">
              <skipped message="skipped"></skipped>
          </testcase>
          <testcase name="[It] [sig-storage] Storage Policy Based Volume Provisioning [Feature:vsphere] verify VSAN storage capability with valid diskStripes and objectSpaceReservation values and a VSAN datastore is honored for dynamically provisioned pvc using storageclass" classname="Kubernetes e2e suite" status="skipped" time="0">
              <skipped message="skipped"></skipped>
          </testcase>
          <testcase name="[It] [sig-storage] EmptyDir volumes when FSGroup is specified [LinuxOnly] [NodeFeature:FSGroup] new files should be created with FSGroup ownership when container is root" classname="Kubernetes e2e suite" status="skipped" time="0">
              <skipped message="skipped"></skipped>
          </testcase>
          <testcase name="[It] [sig-network] Conntrack should be able to preserve UDP traffic when initial unready endpoints get ready" classname="Kubernetes e2e suite" status="skipped" time="0">
              <skipped message="skipped"></skipped>
          </testcase>
          <testcase name="[It] [sig-storage] In-tree Volumes [Driver: hostPathSymlink] [Testpattern: Dynamic PV (ntfs)] [Feature:Windows] subPath should be able to unmount after the subpath directory is deleted [LinuxOnly]" classname="Kubernetes e2e suite" status="skipped" time="0">
              <skipped message="skipped"></skipped>
          </testcase>
          <testcase name="[It] [sig-storage] Storage Policy Based Volume Provisioning [Feature:vsphere] verify an if a SPBM policy and VSAN capabilities cannot be honored for dynamically provisioned pvc using storageclass" classname="Kubernetes e2e suite" status="skipped" time="0">
              <skipped message="skipped"></skipped>
          </testcase>
          <testcase name="[It] [sig-storage] In-tree Volumes [Driver: azure-disk] [Testpattern: Inline-volume (ext4)] volumes should allow exec of files on the volume" classname="Kubernetes e2e suite" status="skipped" time="0">
              <skipped message="skipped"></skipped>
          </testcase>
          <testcase name="[It] [sig-storage] PersistentVolumes [Feature:vsphere] [Feature:LabelSelector] Selector-Label Volume Binding:vsphere [Feature:vsphere] should bind volume with claim for given label" classname="Kubernetes e2e suite" status="skipped" time="0">
              <skipped message="skipped"></skipped>
          </testcase>
          <testcase name="[It] [sig-storage] Projected secret should be consumable from pods in volume with mappings [NodeConformance] [Conformance]" classname="Kubernetes e2e suite" status="passed" time="4.105114141"></testcase>
          <testcase name="[It] [sig-storage] In-tree Volumes [Driver: azure-file] [Testpattern: Dynamic PV (block volmode)] disruptive [Disruptive] [LinuxOnly] Should test that pv used in a pod that is deleted while the kubelet is down cleans up when the kubelet returns." classname="Kubernetes e2e suite" status="skipped" time="0">
              <skipped message="skipped"></skipped>
          </testcase>
          <testcase name="[It] [sig-storage] In-tree Volumes [Driver: local] [LocalVolumeType: dir-link-bindmounted] [Testpattern: Dynamic PV (xfs)] [Slow] multiVolume [Slow] should concurrently access the single volume from pods on the same node" classname="Kubernetes e2e suite" status="skipped" time="0">
              <skipped message="skipped"></skipped>
          </testcase>
          <testcase name="[It] [sig-storage] In-tree Volumes [Driver: aws] [Testpattern: Dynamic PV (ntfs)] [Feature:Windows] subPath should support restarting containers using file as subpath [Slow] [LinuxOnly]" classname="Kubernetes e2e suite" status="skipped" time="0">
              <skipped message="skipped"></skipped>
          </testcase>
          <testcase name="[It] [sig-storage] In-tree Volumes [Driver: iscsi] [Feature:Volumes] [Testpattern: Pre-provisioned PV (block volmode)] multiVolume [Slow] should access to two volumes with different volume mode and retain data across pod recreation on different node" classname="Kubernetes e2e suite" status="skipped" time="0">
              <skipped message="skipped"></skipped>
          </testcase>
          <testcase name="[It] [sig-scheduling] GPUDevicePluginAcrossRecreate [Feature:Recreate] run Nvidia GPU Device Plugin tests with a recreation" classname="Kubernetes e2e suite" status="skipped" time="0">
              <skipped message="skipped"></skipped>
          </testcase>
          <testcase name="[It] [sig-storage] CSI Volumes [Driver: csi-hostpath] [Testpattern: Pre-provisioned PV (xfs)] [Slow] volumes should store data" classname="Kubernetes e2e suite" status="skipped" time="0">
              <skipped message="skipped"></skipped>
          </testcase>
          <testcase name="[It] [sig-storage] In-tree Volumes [Driver: aws] [Testpattern: Generic Ephemeral-volume (block volmode) (late-binding)] ephemeral should support multiple inline ephemeral volumes" classname="Kubernetes e2e suite" status="skipped" time="0">
              <skipped message="skipped"></skipped>
          </testcase>
          <testcase name="[It] [sig-storage] In-tree Volumes [Driver: azure-file] [Testpattern: Dynamic PV (xfs)] [Slow] multiVolume [Slow] should concurrently access the single read-only volume from pods on the same node" classname="Kubernetes e2e suite" status="skipped" time="0">
              <skipped message="skipped"></skipped>
          </testcase>
          <testcase name="[It] [sig-storage] In-tree Volumes [Driver: nfs] [Testpattern: Generic Ephemeral-volume (default fs) (immediate-binding)] ephemeral should support expansion of pvcs created for ephemeral pvcs" classname="Kubernetes e2e suite" status="skipped" time="0">
              <skipped message="skipped"></skipped>
          </testcase>
          <testcase name="[It] [sig-storage] In-tree Volumes [Driver: local] [LocalVolumeType: block] [Testpattern: Pre-provisioned PV (default fs)] volumes should allow exec of files on the volume" classname="Kubernetes e2e suite" status="skipped" time="0">
              <skipped message="skipped"></skipped>
          </testcase>
          <testcase name="[It] [sig-storage] In-tree Volumes [Driver: iscsi] [Feature:Volumes] [Testpattern: Dynamic PV (ntfs)] [Feature:Windows] provisioning should provision storage with any volume data source [Serial]" classname="Kubernetes e2e suite" status="skipped" time="0">
              <skipped message="skipped"></skipped>
          </testcase>
          <testcase name="[It] [sig-network] LoadBalancers ESIPP [Slow] should handle updates to ExternalTrafficPolicy field" classname="Kubernetes e2e suite" status="skipped" time="0">
              <skipped message="skipped"></skipped>
          </testcase>
          <testcase name="[It] [sig-storage] In-tree Volumes [Driver: cinder] [Testpattern: Pre-provisioned PV (block volmode)] multiVolume [Slow] should concurrently access the volume and its clone from pods on the same node [LinuxOnly] [Feature:VolumeSourceXFS]" classname="Kubernetes e2e suite" status="skipped" time="0">
              <skipped message="skipped"></skipped>
          </testcase>
          <testcase name="[It] [sig-storage] In-tree Volumes [Driver: rbd] [Feature:Volumes] [Serial] [Testpattern: Dynamic PV (block volmode)] volumeMode should not mount / map unused volumes in a pod [LinuxOnly]" classname="Kubernetes e2e suite" status="skipped" time="0">
              <skipped message="skipped"></skipped>
          </testcase>
          <testcase name="[It] [sig-storage] In-tree Volumes [Driver: aws] [Testpattern: Pre-provisioned PV (filesystem volmode)] disruptive [Disruptive] [LinuxOnly] Should test that pv used in a pod that is deleted while the kubelet is down is usable by a new pod with a different SELinux context when kubelet returns [Feature:SELinux]" classname="Kubernetes e2e suite" status="skipped" time="0">
              <skipped message="skipped"></skipped>
          </testcase>
          <testcase name="[It] [sig-storage] PersistentVolumes-local Pod with node different from PV&#39;s NodeAffinity should fail scheduling due to different NodeSelector" classname="Kubernetes e2e suite" status="skipped" time="0">
              <skipped message="skipped"></skipped>
          </testcase>
          <testcase name="[It] [sig-storage] In-tree Volumes [Driver: vsphere] [Testpattern: Dynamic PV (block volmode)] multiVolume [Slow] should access to two volumes with different volume mode and retain data across pod recreation on different node" classname="Kubernetes e2e suite" status="skipped" time="0">
              <skipped message="skipped"></skipped>
          </testcase>
          <testcase name="[It] [sig-storage] In-tree Volumes [Driver: local] [LocalVolumeType: dir-bindmounted] [Testpattern: Dynamic PV (default fs)] provisioning should provision storage with any volume data source [Serial]" classname="Kubernetes e2e suite" status="skipped" time="0">
              <skipped message="skipped"></skipped>
          </testcase>
          <testcase name="[It] [sig-storage] In-tree Volumes [Driver: cinder] [Testpattern: Pre-provisioned PV (default fs)] volumes should store data" classname="Kubernetes e2e suite" status="skipped" time="0">
              <skipped message="skipped"></skipped>
          </testcase>
          <testcase name="[It] [sig-apps] Daemon set [Serial] should update pod when spec was updated and update strategy is RollingUpdate [Conformance]" classname="Kubernetes e2e suite" status="passed" time="8.152773175"></testcase>
          <testcase name="[It] [sig-storage] In-tree Volumes [Driver: azure-file] [Testpattern: Pre-provisioned PV (default fs)] subPath should support existing directories when readOnly specified in the volumeSource" classname="Kubernetes e2e suite" status="skipped" time="0">
              <skipped message="skipped"></skipped>
          </testcase>
          <testcase name="[It] [sig-storage] In-tree Volumes [Driver: azure-file] [Testpattern: Inline-volume (default fs)] subPath should be able to unmount after the subpath directory is deleted [LinuxOnly]" classname="Kubernetes e2e suite" status="skipped" time="0">
              <skipped message="skipped"></skipped>
          </testcase>
          <testcase name="[It] [sig-storage] In-tree Volumes [Driver: local] [LocalVolumeType: blockfs] [Testpattern: Dynamic PV (ntfs)] [Feature:Windows] subPath should support existing directories when readOnly specified in the volumeSource" classname="Kubernetes e2e suite" status="skipped" time="0">
              <skipped message="skipped"></skipped>
          </testcase>
          <testcase name="[It] [sig-storage] In-tree Volumes [Driver: aws] [Testpattern: Pre-provisioned PV (block volmode)] volumeMode should fail to use a volume in a pod with mismatched mode [Slow]" classname="Kubernetes e2e suite" status="skipped" time="0">
              <skipped message="skipped"></skipped>
          </testcase>
          <testcase name="[It] [sig-storage] In-tree Volumes [Driver: local] [LocalVolumeType: gce-localssd-scsi-fs] [Serial] [Testpattern: Dynamic PV (ntfs)] [Feature:Windows] provisioning should provision storage with any volume data source [Serial]" classname="Kubernetes e2e suite" status="skipped" time="0">
              <skipped message="skipped"></skipped>
          </testcase>
          <testcase name="[It] [sig-storage] In-tree Volumes [Driver: local] [LocalVolumeType: dir-bindmounted] [Testpattern: Dynamic PV (ext3)] volumes should store data" classname="Kubernetes e2e suite" status="skipped" time="0">
              <skipped message="skipped"></skipped>
          </testcase>
          <testcase name="[It] [sig-storage] In-tree Volumes [Driver: azure-disk] [Testpattern: Dynamic PV (block volmode)] multiVolume [Slow] should access to two volumes with different volume mode and retain data across pod recreation on the same node" classname="Kubernetes e2e suite" status="skipped" time="0">
              <skipped message="skipped"></skipped>
          </testcase>
          <testcase name="[It] [sig-storage] In-tree Volumes [Driver: local] [LocalVolumeType: blockfs] [Testpattern: Dynamic PV (ntfs)] [Feature:Windows] volumeIO should write files of various sizes, verify size, validate content [Slow]" classname="Kubernetes e2e suite" status="skipped" time="0">
              <skipped message="skipped"></skipped>
          </testcase>
          <testcase name="[It] [sig-storage] In-tree Volumes [Driver: local] [LocalVolumeType: dir-link] [Testpattern: Dynamic PV (filesystem volmode)] volumeMode should not mount / map unused volumes in a pod [LinuxOnly]" classname="Kubernetes e2e suite" status="skipped" time="0">
              <skipped message="skipped"></skipped>
          </testcase>
          <testcase name="[It] [sig-storage] In-tree Volumes [Driver: hostPathSymlink] [Testpattern: Pre-provisioned PV (ntfs)] [Feature:Windows] volumes should store data" classname="Kubernetes e2e suite" status="skipped" time="0">
              <skipped message="skipped"></skipped>
          </testcase>
          <testcase name="[It] [sig-storage] In-tree Volumes [Driver: local] [LocalVolumeType: dir-link] [Testpattern: Dynamic PV (ntfs)] [Feature:Windows] subPath should fail if subpath file is outside the volume [Slow] [LinuxOnly]" classname="Kubernetes e2e suite" status="skipped" time="0">
              <skipped message="skipped"></skipped>
          </testcase>
          <testcase name="[It] [sig-storage] In-tree Volumes [Driver: hostPathSymlink] [Testpattern: Inline-volume (ntfs)] [Feature:Windows] volumes should allow exec of files on the volume" classname="Kubernetes e2e suite" status="skipped" time="0">
              <skipped message="skipped"></skipped>
          </testcase>
          <testcase name="[It] [sig-storage] PersistentVolumes-local [Volume type: blockfswithoutformat] Set fsGroup for local volume should set fsGroup for one pod [Slow]" classname="Kubernetes e2e suite" status="skipped" time="0">
              <skipped message="skipped"></skipped>
          </testcase>
          <testcase name="[It] [sig-node] Kubelet when scheduling a busybox command in a pod should print the output to logs [NodeConformance] [Conformance]" classname="Kubernetes e2e suite" status="passed" time="2.072581706"></testcase>
          <testcase name="[It] [sig-storage] In-tree Volumes [Driver: emptydir] [Testpattern: Dynamic PV (immediate binding)] topology should fail to schedule a pod which has topologies that conflict with AllowedTopologies" classname="Kubernetes e2e suite" status="skipped" time="0">
              <skipped message="skipped"></skipped>
          </testcase>
          <testcase name="[It] [sig-storage] In-tree Volumes [Driver: local] [LocalVolumeType: blockfs] [Testpattern: Dynamic PV (block volmode)(allowExpansion)] volume-expand should resize volume when PVC is edited while pod is using it" classname="Kubernetes e2e suite" status="skipped" time="0">
              <skipped message="skipped"></skipped>
          </testcase>
          <testcase name="[It] [sig-storage] In-tree Volumes [Driver: local] [LocalVolumeType: dir-link-bindmounted] [Testpattern: Generic Ephemeral-volume (default fs) (immediate-binding)] ephemeral should create read-only inline ephemeral volume" classname="Kubernetes e2e suite" status="skipped" time="0">
              <skipped message="skipped"></skipped>
          </testcase>
          <testcase name="[It] [sig-storage] In-tree Volumes [Driver: local] [LocalVolumeType: tmpfs] [Testpattern: Dynamic PV (block volmode)] provisioning should provision correct filesystem size when restoring snapshot to larger size pvc [Feature:VolumeSnapshotDataSource]" classname="Kubernetes e2e suite" status="skipped" time="0">
              <skipped message="skipped"></skipped>
          </testcase>
          <testcase name="[It] [sig-cloud-provider-gcp] Ports Security Check [Feature:KubeletSecurity] should not have port 10255 open on its all public IP addresses" classname="Kubernetes e2e suite" status="skipped" time="0">
              <skipped message="skipped"></skipped>
          </testcase>
          <testcase name="[It] [sig-node] ConfigMap should be consumable via the environment [NodeConformance] [Conformance]" classname="Kubernetes e2e suite" status="passed" time="4.112569469"></testcase>
          <testcase name="[It] [sig-storage] In-tree Volumes [Driver: vsphere] [Testpattern: Dynamic PV (ntfs)] [Feature:Windows] subPath should support restarting containers using file as subpath [Slow] [LinuxOnly]" classname="Kubernetes e2e suite" status="skipped" time="0">
              <skipped message="skipped"></skipped>
          </testcase>
          <testcase name="[It] [sig-storage] In-tree Volumes [Driver: vsphere] [Testpattern: Dynamic PV (default fs)] fsgroupchangepolicy (Always)[LinuxOnly], pod created with an initial fsgroup, volume contents ownership changed via chgrp in first pod, new pod with different fsgroup applied to the volume contents" classname="Kubernetes e2e suite" status="skipped" time="0">
              <skipped message="skipped"></skipped>
          </testcase>
          <testcase name="[It] [sig-storage] In-tree Volumes [Driver: nfs] [Testpattern: Dynamic PV (xfs)] [Slow] multiVolume [Slow] should concurrently access the volume and restored snapshot from pods on the same node [LinuxOnly] [Feature:VolumeSnapshotDataSource] [Feature:VolumeSourceXFS]" classname="Kubernetes e2e suite" status="skipped" time="0">
              <skipped message="skipped"></skipped>
          </testcase>
          <testcase name="[It] [sig-storage] In-tree Volumes [Driver: local] [LocalVolumeType: dir] [Testpattern: Dynamic PV (ntfs)] [Feature:Windows] volumeIO should write files of various sizes, verify size, validate content [Slow]" classname="Kubernetes e2e suite" status="skipped" time="0">
              <skipped message="skipped"></skipped>
          </testcase>
          <testcase name="[It] [sig-storage] In-tree Volumes [Driver: hostPath] [Testpattern: Dynamic PV (ntfs)] [Feature:Windows] multiVolume [Slow] should concurrently access the single volume from pods on different node" classname="Kubernetes e2e suite" status="skipped" time="0">
              <skipped message="skipped"></skipped>
          </testcase>
          <testcase name="[It] [sig-storage] In-tree Volumes [Driver: nfs] [Testpattern: Dynamic PV (filesystem volmode)] multiVolume [Slow] should concurrently access the single volume from pods on different node" classname="Kubernetes e2e suite" status="skipped" time="0">
              <skipped message="skipped"></skipped>
          </testcase>
          <testcase name="[It] [sig-storage] In-tree Volumes [Driver: local] [LocalVolumeType: block] [Testpattern: Inline-volume (xfs)] [Slow] volumes should store data" classname="Kubernetes e2e suite" status="skipped" time="0">
              <skipped message="skipped"></skipped>
          </testcase>
          <testcase name="[It] [sig-storage] CSI Volumes [Driver: pd.csi.storage.gke.io] [Serial] [Testpattern: Inline-volume (default fs)] subPath should support restarting containers using directory as subpath [Slow]" classname="Kubernetes e2e suite" status="skipped" time="0">
              <skipped message="skipped"></skipped>
          </testcase>
          <testcase name="[It] [sig-storage] In-tree Volumes [Driver: ceph] [Feature:Volumes] [Serial] [Testpattern: Pre-provisioned PV (default fs)] volumes should allow exec of files on the volume" classname="Kubernetes e2e suite" status="skipped" time="0">
              <skipped message="skipped"></skipped>
          </testcase>
          <testcase name="[It] [sig-storage] In-tree Volumes [Driver: vsphere] [Testpattern: Inline-volume (default fs)] subPath should support creating multiple subpath from same volumes [Slow]" classname="Kubernetes e2e suite" status="skipped" time="0">
              <skipped message="skipped"></skipped>
          </testcase>
          <testcase name="[It] [sig-storage] In-tree Volumes [Driver: emptydir] [Testpattern: Pre-provisioned PV (block volmode)] multiVolume [Slow] should access to two volumes with different volume mode and retain data across pod recreation on the same node" classname="Kubernetes e2e suite" status="skipped" time="0">
              <skipped message="skipped"></skipped>
          </testcase>
          <testcase name="[It] [sig-storage] In-tree Volumes [Driver: aws] [Testpattern: Pre-provisioned PV (block volmode)] volumeMode should not mount / map unused volumes in a pod [LinuxOnly]" classname="Kubernetes e2e suite" status="skipped" time="0">
              <skipped message="skipped"></skipped>
          </testcase>
          <testcase name="[It] [sig-storage] In-tree Volumes [Driver: local] [LocalVolumeType: blockfs] [Testpattern: Dynamic PV (ntfs)] [Feature:Windows] multiVolume [Slow] should concurrently access the single read-only volume from pods on the same node" classname="Kubernetes e2e suite" status="skipped" time="0">
              <skipped message="skipped"></skipped>
          </testcase>
          <testcase name="[It] [sig-storage] In-tree Volumes [Driver: cinder] [Testpattern: Pre-provisioned PV (ntfs)] [Feature:Windows] volumes should store data" classname="Kubernetes e2e suite" status="skipped" time="0">
              <skipped message="skipped"></skipped>
          </testcase>
          <testcase name="[It] [sig-storage] In-tree Volumes [Driver: local] [LocalVolumeType: dir-link-bindmounted] [Testpattern: Inline-volume (ext3)] volumes should store data" classname="Kubernetes e2e suite" status="skipped" time="0">
              <skipped message="skipped"></skipped>
          </testcase>
          <testcase name="[It] [sig-storage] CSI Volumes [Driver: csi-hostpath] [Testpattern: Dynamic PV (block volmode)] multiVolume [Slow] should concurrently access the single read-only volume from pods on the same node" classname="Kubernetes e2e suite" status="skipped" time="0">
              <skipped message="skipped"></skipped>
          </testcase>
          <testcase name="[It] [sig-storage] In-tree Volumes [Driver: local] [LocalVolumeType: dir-bindmounted] [Testpattern: Pre-provisioned PV (filesystem volmode)] disruptive [Disruptive] [LinuxOnly] Should test that pv used in a pod that is force deleted while the kubelet is down is usable by a new pod with a different SELinux context when kubelet returns [Feature:SELinux]" classname="Kubernetes e2e suite" status="skipped" time="0">
              <skipped message="skipped"></skipped>
          </testcase>
          <testcase name="[It] [sig-storage] In-tree Volumes [Driver: local] [LocalVolumeType: dir-bindmounted] [Testpattern: Dynamic PV (ntfs)] [Feature:Windows] provisioning should mount multiple PV pointing to the same storage on the same node" classname="Kubernetes e2e suite" status="skipped" time="0">
              <skipped message="skipped"></skipped>
          </testcase>
          <testcase name="[It] [sig-storage] In-tree Volumes [Driver: local] [LocalVolumeType: dir] [Testpattern: Dynamic PV (ntfs)] [Feature:Windows] subPath should support restarting containers using directory as subpath [Slow]" classname="Kubernetes e2e suite" status="skipped" time="0">
              <skipped message="skipped"></skipped>
          </testcase>
          <testcase name="[It] [sig-storage] In-tree Volumes [Driver: rbd] [Feature:Volumes] [Serial] [Testpattern: Pre-provisioned PV (default fs)] subPath should unmount if pod is gracefully deleted while kubelet is down [Disruptive] [Slow] [LinuxOnly]" classname="Kubernetes e2e suite" status="skipped" time="0">
              <skipped message="skipped"></skipped>
          </testcase>
          <testcase name="[It] [sig-apps] StatefulSet Non-retain StatefulSetPersistentVolumeClaimPolicy should delete PVCs after adopting pod (WhenScaled)" classname="Kubernetes e2e suite" status="skipped" time="0">
              <skipped message="skipped"></skipped>
          </testcase>
          <testcase name="[It] [sig-storage] In-tree Volumes [Driver: local] [LocalVolumeType: dir-link] [Testpattern: Dynamic PV (xfs)] [Slow] multiVolume [Slow] should concurrently access the single read-only volume from pods on the same node" classname="Kubernetes e2e suite" status="skipped" time="0">
              <skipped message="skipped"></skipped>
          </testcase>
          <testcase name="[It] [sig-storage] In-tree Volumes [Driver: rbd] [Feature:Volumes] [Serial] [Testpattern: Dynamic PV (ntfs)] [Feature:Windows] subPath should support existing single file [LinuxOnly]" classname="Kubernetes e2e suite" status="skipped" time="0">
              <skipped message="skipped"></skipped>
          </testcase>
          <testcase name="[It] [sig-api-machinery] ResourceQuota [Feature:ScopeSelectors] should verify ResourceQuota with terminating scopes through scope selectors." classname="Kubernetes e2e suite" status="skipped" time="0">
              <skipped message="skipped"></skipped>
          </testcase>
          <testcase name="[It] [sig-storage] In-tree Volumes [Driver: local] [LocalVolumeType: dir-bindmounted] [Testpattern: Pre-provisioned PV (default fs)] subPath should support readOnly file specified in the volumeMount [LinuxOnly]" classname="Kubernetes e2e suite" status="skipped" time="0">
              <skipped message="skipped"></skipped>
          </testcase>
          <testcase name="[It] [sig-storage] In-tree Volumes [Driver: hostPath] [Testpattern: Pre-provisioned PV (default fs)] subPath should unmount if pod is gracefully deleted while kubelet is down [Disruptive] [Slow] [LinuxOnly]" classname="Kubernetes e2e suite" status="skipped" time="0">
              <skipped message="skipped"></skipped>
          </testcase>
          <testcase name="[It] [sig-storage] In-tree Volumes [Driver: local] [LocalVolumeType: gce-localssd-scsi-fs] [Serial] [Testpattern: Dynamic PV (delayed binding)] topology should provision a volume and schedule a pod with AllowedTopologies" classname="Kubernetes e2e suite" status="skipped" time="0">
              <skipped message="skipped"></skipped>
          </testcase>
          <testcase name="[It] [sig-storage] In-tree Volumes [Driver: local] [LocalVolumeType: dir] [Testpattern: Generic Ephemeral-volume (default fs)] volumeLimits should support volume limits [Serial]" classname="Kubernetes e2e suite" status="skipped" time="0">
              <skipped message="skipped"></skipped>
          </testcase>
          <testcase name="[It] [sig-storage] In-tree Volumes [Driver: local] [LocalVolumeType: dir-bindmounted] [Testpattern: Dynamic PV (default fs)] volumes should store data" classname="Kubernetes e2e suite" status="skipped" time="0">
              <skipped message="skipped"></skipped>
          </testcase>
          <testcase name="[It] [sig-storage] CSI Volumes [Driver: csi-hostpath] [Testpattern: Dynamic PV (ntfs)] [Feature:Windows] subPath should fail if subpath directory is outside the volume [Slow] [LinuxOnly]" classname="Kubernetes e2e suite" status="skipped" time="0">
              <skipped message="skipped"></skipped>
          </testcase>
          <testcase name="[It] [sig-api-machinery] Servers with support for API chunking should support continue listing from the last key if the original version has been compacted away, though the list is inconsistent [Slow] [Conformance]" classname="Kubernetes e2e suite" status="failed" time="618.123628368">
              <failure message="" type="failed">[FAILED] Expected&#xA;    &lt;int&gt;: 440&#xA;to be ==&#xA;    &lt;int&gt;: 400&#xA;In [It] at: k8s.io/kubernetes/test/e2e/apimachinery/chunking.go:202 @ 09/18/24 18:32:33.974&#xA;</failure>
              <system-err>&gt; Enter [BeforeEach] [sig-api-machinery] Servers with support for API chunking - set up framework | framework.go:200 @ 09/18/24 18:22:16.19&#xA;STEP: Creating a kubernetes client - k8s.io/kubernetes/test/e2e/framework/framework.go:220 @ 09/18/24 18:22:16.191&#xA;Sep 18 18:22:16.191: INFO: &gt;&gt;&gt; kubeConfig: /tmp/kubeconfig-1644349509&#xA;STEP: Building a namespace api object, basename chunking - k8s.io/kubernetes/test/e2e/framework/framework.go:259 @ 09/18/24 18:22:16.192&#xA;STEP: Waiting for a default service account to be provisioned in namespace - k8s.io/kubernetes/test/e2e/framework/framework.go:268 @ 09/18/24 18:22:16.21&#xA;STEP: Waiting for kube-root-ca.crt to be provisioned in namespace - k8s.io/kubernetes/test/e2e/framework/framework.go:271 @ 09/18/24 18:22:16.213&#xA;&lt; Exit [BeforeEach] [sig-api-machinery] Servers with support for API chunking - set up framework | framework.go:200 @ 09/18/24 18:22:16.215 (25ms)&#xA;&gt; Enter [BeforeEach] [sig-api-machinery] Servers with support for API chunking - k8s.io/kubernetes/test/e2e/framework/metrics/init/init.go:33 @ 09/18/24 18:22:16.215&#xA;&lt; Exit [BeforeEach] [sig-api-machinery] Servers with support for API chunking - k8s.io/kubernetes/test/e2e/framework/metrics/init/init.go:33 @ 09/18/24 18:22:16.216 (0s)&#xA;&gt; Enter [BeforeEach] [sig-api-machinery] Servers with support for API chunking - k8s.io/kubernetes/test/e2e/framework/node/init/init.go:33 @ 09/18/24 18:22:16.216&#xA;&lt; Exit [BeforeEach] [sig-api-machinery] Servers with support for API chunking - k8s.io/kubernetes/test/e2e/framework/node/init/init.go:33 @ 09/18/24 18:22:16.216 (0s)&#xA;&gt; Enter [BeforeEach] [sig-api-machinery] Servers with support for API chunking - k8s.io/kubernetes/test/e2e/apimachinery/chunking.go:44 @ 09/18/24 18:22:16.216&#xA;STEP: creating a large number of resources - k8s.io/kubernetes/test/e2e/apimachinery/chunking.go:48 @ 09/18/24 18:22:16.216&#xA;E0918 18:22:16.476356      23 retrywatcher.go:129] &#34;Watch failed&#34; err=&#34;context canceled&#34;&#xA;E0918 18:22:17.477386      23 retrywatcher.go:129] &#34;Watch failed&#34; err=&#34;context canceled&#34;&#xA;E0918 18:22:18.477488      23 retrywatcher.go:129] &#34;Watch failed&#34; err=&#34;context canceled&#34;&#xA;E0918 18:22:19.478559      23 retrywatcher.go:129] &#34;Watch failed&#34; err=&#34;context canceled&#34;&#xA;E0918 18:22:20.479380      23 retrywatcher.go:129] &#34;Watch failed&#34; err=&#34;context canceled&#34;&#xA;E0918 18:22:21.479771      23 retrywatcher.go:129] &#34;Watch failed&#34; err=&#34;context canceled&#34;&#xA;E0918 18:22:22.480130      23 retrywatcher.go:129] &#34;Watch failed&#34; err=&#34;context canceled&#34;&#xA;E0918 18:22:23.481181      23 retrywatcher.go:129] &#34;Watch failed&#34; err=&#34;context canceled&#34;&#xA;E0918 18:22:24.482345      23 retrywatcher.go:129] &#34;Watch failed&#34; err=&#34;context canceled&#34;&#xA;E0918 18:22:25.483427      23 retrywatcher.go:129] &#34;Watch failed&#34; err=&#34;context canceled&#34;&#xA;E0918 18:22:26.484447      23 retrywatcher.go:129] &#34;Watch failed&#34; err=&#34;context canceled&#34;&#xA;E0918 18:22:27.485430      23 retrywatcher.go:129] &#34;Watch failed&#34; err=&#34;context canceled&#34;&#xA;E0918 18:22:28.486449      23 retrywatcher.go:129] &#34;Watch failed&#34; err=&#34;context canceled&#34;&#xA;E0918 18:22:29.487287      23 retrywatcher.go:129] &#34;Watch failed&#34; err=&#34;context canceled&#34;&#xA;E0918 18:22:30.487764      23 retrywatcher.go:129] &#34;Watch failed&#34; err=&#34;context canceled&#34;&#xA;E0918 18:22:31.488258      23 retrywatcher.go:129] &#34;Watch failed&#34; err=&#34;context canceled&#34;&#xA;E0918 18:22:32.488765      23 retrywatcher.go:129] &#34;Watch failed&#34; err=&#34;context canceled&#34;&#xA;E0918 18:22:33.489697      23 retrywatcher.go:129] &#34;Watch failed&#34; err=&#34;context canceled&#34;&#xA;&lt; Exit [BeforeEach] [sig-api-machinery] Servers with support for API chunking - k8s.io/kubernetes/test/e2e/apimachinery/chunking.go:44 @ 09/18/24 18:22:33.901 (17.686s)&#xA;&gt; Enter [It] should support continue listing from the last key if the original version has been compacted away, though the list is inconsistent [Slow] [Conformance] - k8s.io/kubernetes/test/e2e/apimachinery/chunking.go:144 @ 09/18/24 18:22:33.901&#xA;STEP: retrieving the first page - k8s.io/kubernetes/test/e2e/apimachinery/chunking.go:149 @ 09/18/24 18:22:33.901&#xA;Sep 18 18:22:33.955: INFO: Retrieved 40/40 results with rv 44142 and continue eyJ2IjoibWV0YS5rOHMuaW8vdjEiLCJydiI6NDQxNDIsInN0YXJ0IjoidGVtcGxhdGUtMDAzOVx1MDAwMCJ9&#xA;STEP: retrieving the second page until the token expires - k8s.io/kubernetes/test/e2e/apimachinery/chunking.go:165 @ 09/18/24 18:22:33.955&#xA;E0918 18:22:34.490187      23 retrywatcher.go:129] &#34;Watch failed&#34; err=&#34;context canceled&#34;&#xA;E0918 18:22:35.490512      23 retrywatcher.go:129] &#34;Watch failed&#34; err=&#34;context canceled&#34;&#xA;E0918 18:22:36.490998      23 retrywatcher.go:129] &#34;Watch failed&#34; err=&#34;context canceled&#34;&#xA;E0918 18:22:37.491366      23 retrywatcher.go:129] &#34;Watch failed&#34; err=&#34;context canceled&#34;&#xA;E0918 18:22:38.491845      23 retrywatcher.go:129] &#34;Watch failed&#34; err=&#34;context canceled&#34;&#xA;E0918 18:22:39.492346      23 retrywatcher.go:129] &#34;Watch failed&#34; err=&#34;context canceled&#34;&#xA;E0918 18:22:40.492630      23 retrywatcher.go:129] &#34;Watch failed&#34; err=&#34;context canceled&#34;&#xA;E0918 18:22:41.493017      23 retrywatcher.go:129] &#34;Watch failed&#34; err=&#34;context canceled&#34;&#xA;E0918 18:22:42.493705      23 retrywatcher.go:129] &#34;Watch failed&#34; err=&#34;context canceled&#34;&#xA;E0918 18:22:43.494168      23 retrywatcher.go:129] &#34;Watch failed&#34; err=&#34;context canceled&#34;&#xA;E0918 18:22:44.494476      23 retrywatcher.go:129] &#34;Watch failed&#34; err=&#34;context canceled&#34;&#xA;E0918 18:22:45.494820      23 retrywatcher.go:129] &#34;Watch failed&#34; err=&#34;context canceled&#34;&#xA;E0918 18:22:46.495158      23 retrywatcher.go:129] &#34;Watch failed&#34; err=&#34;context canceled&#34;&#xA;E0918 18:22:47.495618      23 retrywatcher.go:129] &#34;Watch failed&#34; err=&#34;context canceled&#34;&#xA;E0918 18:22:48.496376      23 retrywatcher.go:129] &#34;Watch failed&#34; err=&#34;context canceled&#34;&#xA;E0918 18:22:49.496821      23 retrywatcher.go:129] &#34;Watch failed&#34; err=&#34;context canceled&#34;&#xA;E0918 18:22:50.497254      23 retrywatcher.go:129] &#34;Watch failed&#34; err=&#34;context canceled&#34;&#xA;E0918 18:22:51.497624      23 retrywatcher.go:129] &#34;Watch failed&#34; err=&#34;context canceled&#34;&#xA;E0918 18:22:52.498369      23 retrywatcher.go:129] &#34;Watch failed&#34; err=&#34;context canceled&#34;&#xA;E0918 18:22:53.499156      23 retrywatcher.go:129] &#34;Watch failed&#34; err=&#34;context canceled&#34;&#xA;Sep 18 18:22:53.966: INFO: Token eyJ2IjoibWV0YS5rOHMuaW8vdjEiLCJydiI6NDQxNDIsInN0YXJ0IjoidGVtcGxhdGUtMDAzOVx1MDAwMCJ9 has not expired yet&#xA;E0918 18:22:54.500350      23 retrywatcher.go:129] &#34;Watch failed&#34; err=&#34;context canceled&#34;&#xA;E0918 18:22:55.500806      23 retrywatcher.go:129] &#34;Watch failed&#34; err=&#34;context canceled&#34;&#xA;E0918 18:22:56.501197      23 retrywatcher.go:129] &#34;Watch failed&#34; err=&#34;context canceled&#34;&#xA;E0918 18:22:57.501592      23 retrywatcher.go:129] &#34;Watch failed&#34; err=&#34;context canceled&#34;&#xA;E0918 18:22:58.502118      23 retrywatcher.go:129] &#34;Watch failed&#34; err=&#34;context canceled&#34;&#xA;E0918 18:22:59.502573      23 retrywatcher.go:129] &#34;Watch failed&#34; err=&#34;context canceled&#34;&#xA;E0918 18:23:00.502985      23 retrywatcher.go:129] &#34;Watch failed&#34; err=&#34;context canceled&#34;&#xA;E0918 18:23:01.503447      23 retrywatcher.go:129] &#34;Watch failed&#34; err=&#34;context canceled&#34;&#xA;E0918 18:23:02.504464      23 retrywatcher.go:129] &#34;Watch failed&#34; err=&#34;context canceled&#34;&#xA;E0918 18:23:03.505331      23 retrywatcher.go:129] &#34;Watch failed&#34; err=&#34;context canceled&#34;&#xA;E0918 18:23:04.505863      23 retrywatcher.go:129] &#34;Watch failed&#34; err=&#34;context canceled&#34;&#xA;E0918 18:23:05.506276      23 retrywatcher.go:129] &#34;Watch failed&#34; err=&#34;context canceled&#34;&#xA;E0918 18:23:06.506578      23 retrywatcher.go:129] &#34;Watch failed&#34; err=&#34;context canceled&#34;&#xA;E0918 18:23:07.506887      23 retrywatcher.go:129] &#34;Watch failed&#34; err=&#34;context canceled&#34;&#xA;E0918 18:23:08.507421      23 retrywatcher.go:129] &#34;Watch failed&#34; err=&#34;context canceled&#34;&#xA;E0918 18:23:09.507861      23 retrywatcher.go:129] &#34;Watch failed&#34; err=&#34;context canceled&#34;&#xA;E0918 18:23:10.508342      23 retrywatcher.go:129] &#34;Watch failed&#34; err=&#34;context canceled&#34;&#xA;E0918 18:23:11.508665      23 retrywatcher.go:129] &#34;Watch failed&#34; err=&#34;context canceled&#34;&#xA;E0918 18:23:12.509541      23 retrywatcher.go:129] &#34;Watch failed&#34; err=&#34;context canceled&#34;&#xA;E0918 18:23:13.510134      23 retrywatcher.go:129] &#34;Watch failed&#34; err=&#34;context canceled&#34;&#xA;Sep 18 18:23:13.967: INFO: Token eyJ2IjoibWV0YS5rOHMuaW8vdjEiLCJydiI6NDQxNDIsInN0YXJ0IjoidGVtcGxhdGUtMDAzOVx1MDAwMCJ9 has not expired yet&#xA;E0918 18:23:14.510445      23 retrywatcher.go:129] &#34;Watch failed&#34; err=&#34;context canceled&#34;&#xA;E0918 18:23:15.510954      23 retrywatcher.go:129] &#34;Watch failed&#34; err=&#34;context canceled&#34;&#xA;E0918 18:23:16.511261      23 retrywatcher.go:129] &#34;Watch failed&#34; err=&#34;context canceled&#34;&#xA;E0918 18:23:17.511694      23 retrywatcher.go:129] &#34;Watch failed&#34; err=&#34;context canceled&#34;&#xA;E0918 18:23:18.512469      23 retrywatcher.go:129] &#34;Watch failed&#34; err=&#34;context canceled&#34;&#xA;E0918 18:23:19.512887      23 retrywatcher.go:129] &#34;Watch failed&#34; err=&#34;context canceled&#34;&#xA;E0918 18:23:20.513251      23 retrywatcher.go:129] &#34;Watch failed&#34; err=&#34;context canceled&#34;&#xA;E0918 18:23:21.513645      23 retrywatcher.go:129] &#34;Watch failed&#34; err=&#34;context canceled&#34;&#xA;E0918 18:23:22.514324      23 retrywatcher.go:129] &#34;Watch failed&#34; err=&#34;context canceled&#34;&#xA;E0918 18:23:23.515092      23 retrywatcher.go:129] &#34;Watch failed&#34; err=&#34;context canceled&#34;&#xA;E0918 18:23:24.515502      23 retrywatcher.go:129] &#34;Watch failed&#34; err=&#34;context canceled&#34;&#xA;E0918 18:23:25.515903      23 retrywatcher.go:129] &#34;Watch failed&#34; err=&#34;context canceled&#34;&#xA;E0918 18:23:26.516318      23 retrywatcher.go:129] &#34;Watch failed&#34; err=&#34;context canceled&#34;&#xA;E0918 18:23:27.516639      23 retrywatcher.go:129] &#34;Watch failed&#34; err=&#34;context canceled&#34;&#xA;E0918 18:23:28.517392      23 retrywatcher.go:129] &#34;Watch failed&#34; err=&#34;context canceled&#34;&#xA;E0918 18:23:29.517741      23 retrywatcher.go:129] &#34;Watch failed&#34; err=&#34;context canceled&#34;&#xA;E0918 18:23:30.518102      23 retrywatcher.go:129] &#34;Watch failed&#34; err=&#34;context canceled&#34;&#xA;E0918 18:23:31.518495      23 retrywatcher.go:129] &#34;Watch failed&#34; err=&#34;context canceled&#34;&#xA;E0918 18:23:32.519509      23 retrywatcher.go:129] &#34;Watch failed&#34; err=&#34;context canceled&#34;&#xA;E0918 18:23:33.520103      23 retrywatcher.go:129] &#34;Watch failed&#34; err=&#34;context canceled&#34;&#xA;Sep 18 18:23:33.967: INFO: Token eyJ2IjoibWV0YS5rOHMuaW8vdjEiLCJydiI6NDQxNDIsInN0YXJ0IjoidGVtcGxhdGUtMDAzOVx1MDAwMCJ9 has not expired yet&#xA;E0918 18:23:34.520891      23 retrywatcher.go:129] &#34;Watch failed&#34; err=&#34;context canceled&#34;&#xA;E0918 18:23:35.520954      23 retrywatcher.go:129] &#34;Watch failed&#34; err=&#34;context canceled&#34;&#xA;E0918 18:23:36.521252      23 retrywatcher.go:129] &#34;Watch failed&#34; err=&#34;context canceled&#34;&#xA;E0918 18:23:37.522066      23 retrywatcher.go:129] &#34;Watch failed&#34; err=&#34;context canceled&#34;&#xA;E0918 18:23:38.522857      23 retrywatcher.go:129] &#34;Watch failed&#34; err=&#34;context canceled&#34;&#xA;E0918 18:23:39.523252      23 retrywatcher.go:129] &#34;Watch failed&#34; err=&#34;context canceled&#34;&#xA;E0918 18:23:40.523581      23 retrywatcher.go:129] &#34;Watch failed&#34; err=&#34;context canceled&#34;&#xA;E0918 18:23:41.523817      23 retrywatcher.go:129] &#34;Watch failed&#34; err=&#34;context canceled&#34;&#xA;E0918 18:23:42.524521      23 retrywatcher.go:129] &#34;Watch failed&#34; err=&#34;context canceled&#34;&#xA;E0918 18:23:43.524985      23 retrywatcher.go:129] &#34;Watch failed&#34; err=&#34;context canceled&#34;&#xA;E0918 18:23:44.525498      23 retrywatcher.go:129] &#34;Watch failed&#34; err=&#34;context canceled&#34;&#xA;E0918 18:23:45.525824      23 retrywatcher.go:129] &#34;Watch failed&#34; err=&#34;context canceled&#34;&#xA;E0918 18:23:46.526155      23 retrywatcher.go:129] &#34;Watch failed&#34; err=&#34;context canceled&#34;&#xA;E0918 18:23:47.526422      23 retrywatcher.go:129] &#34;Watch failed&#34; err=&#34;context canceled&#34;&#xA;E0918 18:23:48.527029      23 retrywatcher.go:129] &#34;Watch failed&#34; err=&#34;context canceled&#34;&#xA;E0918 18:23:49.527368      23 retrywatcher.go:129] &#34;Watch failed&#34; err=&#34;context canceled&#34;&#xA;E0918 18:23:50.527702      23 retrywatcher.go:129] &#34;Watch failed&#34; err=&#34;context canceled&#34;&#xA;E0918 18:23:51.528010      23 retrywatcher.go:129] &#34;Watch failed&#34; err=&#34;context canceled&#34;&#xA;E0918 18:23:52.528726      23 retrywatcher.go:129] &#34;Watch failed&#34; err=&#34;context canceled&#34;&#xA;E0918 18:23:53.529474      23 retrywatcher.go:129] &#34;Watch failed&#34; err=&#34;context canceled&#34;&#xA;Sep 18 18:23:53.969: INFO: Token eyJ2IjoibWV0YS5rOHMuaW8vdjEiLCJydiI6NDQxNDIsInN0YXJ0IjoidGVtcGxhdGUtMDAzOVx1MDAwMCJ9 has not expired yet&#xA;E0918 18:23:54.530415      23 retrywatcher.go:129] &#34;Watch failed&#34; err=&#34;context canceled&#34;&#xA;E0918 18:23:55.530850      23 retrywatcher.go:129] &#34;Watch failed&#34; err=&#34;context canceled&#34;&#xA;E0918 18:23:56.530892      23 retrywatcher.go:129] &#34;Watch failed&#34; err=&#34;context canceled&#34;&#xA;E0918 18:23:57.531243      23 retrywatcher.go:129] &#34;Watch failed&#34; err=&#34;context canceled&#34;&#xA;E0918 18:23:58.532159      23 retrywatcher.go:129] &#34;Watch failed&#34; err=&#34;context canceled&#34;&#xA;E0918 18:23:59.532534      23 retrywatcher.go:129] &#34;Watch failed&#34; err=&#34;context canceled&#34;&#xA;E0918 18:24:00.533074      23 retrywatcher.go:129] &#34;Watch failed&#34; err=&#34;context canceled&#34;&#xA;E0918 18:24:01.533801      23 retrywatcher.go:129] &#34;Watch failed&#34; err=&#34;context canceled&#34;&#xA;E0918 18:24:02.534294      23 retrywatcher.go:129] &#34;Watch failed&#34; err=&#34;context canceled&#34;&#xA;E0918 18:24:03.535064      23 retrywatcher.go:129] &#34;Watch failed&#34; err=&#34;context canceled&#34;&#xA;E0918 18:24:04.535395      23 retrywatcher.go:129] &#34;Watch failed&#34; err=&#34;context canceled&#34;&#xA;E0918 18:24:05.535719      23 retrywatcher.go:129] &#34;Watch failed&#34; err=&#34;context canceled&#34;&#xA;E0918 18:24:06.535918      23 retrywatcher.go:129] &#34;Watch failed&#34; err=&#34;context canceled&#34;&#xA;E0918 18:24:07.536479      23 retrywatcher.go:129] &#34;Watch failed&#34; err=&#34;context canceled&#34;&#xA;E0918 18:24:08.537260      23 retrywatcher.go:129] &#34;Watch failed&#34; err=&#34;context canceled&#34;&#xA;E0918 18:24:09.537496      23 retrywatcher.go:129] &#34;Watch failed&#34; err=&#34;context canceled&#34;&#xA;E0918 18:24:10.538698      23 retrywatcher.go:129] &#34;Watch failed&#34; err=&#34;context canceled&#34;&#xA;E0918 18:24:11.539143      23 retrywatcher.go:129] &#34;Watch failed&#34; err=&#34;context canceled&#34;&#xA;E0918 18:24:12.539798      23 retrywatcher.go:129] &#34;Watch failed&#34; err=&#34;context canceled&#34;&#xA;E0918 18:24:13.540444      23 retrywatcher.go:129] &#34;Watch failed&#34; err=&#34;context canceled&#34;&#xA;Sep 18 18:24:13.966: INFO: Token eyJ2IjoibWV0YS5rOHMuaW8vdjEiLCJydiI6NDQxNDIsInN0YXJ0IjoidGVtcGxhdGUtMDAzOVx1MDAwMCJ9 has not expired yet&#xA;E0918 18:24:14.541144      23 retrywatcher.go:129] &#34;Watch failed&#34; err=&#34;context canceled&#34;&#xA;E0918 18:24:15.541458      23 retrywatcher.go:129] &#34;Watch failed&#34; err=&#34;context canceled&#34;&#xA;E0918 18:24:16.541794      23 retrywatcher.go:129] &#34;Watch failed&#34; err=&#34;context canceled&#34;&#xA;E0918 18:24:17.542145      23 retrywatcher.go:129] &#34;Watch failed&#34; err=&#34;context canceled&#34;&#xA;E0918 18:24:18.542948      23 retrywatcher.go:129] &#34;Watch failed&#34; err=&#34;context canceled&#34;&#xA;E0918 18:24:19.543397      23 retrywatcher.go:129] &#34;Watch failed&#34; err=&#34;context canceled&#34;&#xA;E0918 18:24:20.543760      23 retrywatcher.go:129] &#34;Watch failed&#34; err=&#34;context canceled&#34;&#xA;E0918 18:24:21.544073      23 retrywatcher.go:129] &#34;Watch failed&#34; err=&#34;context canceled&#34;&#xA;E0918 18:24:22.544756      23 retrywatcher.go:129] &#34;Watch failed&#34; err=&#34;context canceled&#34;&#xA;E0918 18:24:23.549032      23 retrywatcher.go:129] &#34;Watch failed&#34; err=&#34;context canceled&#34;&#xA;E0918 18:24:24.549354      23 retrywatcher.go:129] &#34;Watch failed&#34; err=&#34;context canceled&#34;&#xA;E0918 18:24:25.549710      23 retrywatcher.go:129] &#34;Watch failed&#34; err=&#34;context canceled&#34;&#xA;E0918 18:24:26.549947      23 retrywatcher.go:129] &#34;Watch failed&#34; err=&#34;context canceled&#34;&#xA;E0918 18:24:27.550313      23 retrywatcher.go:129] &#34;Watch failed&#34; err=&#34;context canceled&#34;&#xA;E0918 18:24:28.551020      23 retrywatcher.go:129] &#34;Watch failed&#34; err=&#34;context canceled&#34;&#xA;E0918 18:24:29.551322      23 retrywatcher.go:129] &#34;Watch failed&#34; err=&#34;context canceled&#34;&#xA;E0918 18:24:30.551660      23 retrywatcher.go:129] &#34;Watch failed&#34; err=&#34;context canceled&#34;&#xA;E0918 18:24:31.551994      23 retrywatcher.go:129] &#34;Watch failed&#34; err=&#34;context canceled&#34;&#xA;E0918 18:24:32.552835      23 retrywatcher.go:129] &#34;Watch failed&#34; err=&#34;context canceled&#34;&#xA;E0918 18:24:33.553446      23 retrywatcher.go:129] &#34;Watch failed&#34; err=&#34;context canceled&#34;&#xA;Sep 18 18:24:33.967: INFO: Token eyJ2IjoibWV0YS5rOHMuaW8vdjEiLCJydiI6NDQxNDIsInN0YXJ0IjoidGVtcGxhdGUtMDAzOVx1MDAwMCJ9 has not expired yet&#xA;E0918 18:24:34.553644      23 retrywatcher.go:129] &#34;Watch failed&#34; err=&#34;context canceled&#34;&#xA;E0918 18:24:35.554210      23 retrywatcher.go:129] &#34;Watch failed&#34; err=&#34;context canceled&#34;&#xA;E0918 18:24:36.554567      23 retrywatcher.go:129] &#34;Watch failed&#34; err=&#34;context canceled&#34;&#xA;E0918 18:24:37.554973      23 retrywatcher.go:129] &#34;Watch failed&#34; err=&#34;context canceled&#34;&#xA;E0918 18:24:38.555539      23 retrywatcher.go:129] &#34;Watch failed&#34; err=&#34;context canceled&#34;&#xA;E0918 18:24:39.555978      23 retrywatcher.go:129] &#34;Watch failed&#34; err=&#34;context canceled&#34;&#xA;E0918 18:24:40.556438      23 retrywatcher.go:129] &#34;Watch failed&#34; err=&#34;context canceled&#34;&#xA;E0918 18:24:41.556777      23 retrywatcher.go:129] &#34;Watch failed&#34; err=&#34;context canceled&#34;&#xA;E0918 18:24:42.557539      23 retrywatcher.go:129] &#34;Watch failed&#34; err=&#34;context canceled&#34;&#xA;E0918 18:24:43.558404      23 retrywatcher.go:129] &#34;Watch failed&#34; err=&#34;context canceled&#34;&#xA;E0918 18:24:44.558963      23 retrywatcher.go:129] &#34;Watch failed&#34; err=&#34;context canceled&#34;&#xA;E0918 18:24:45.559408      23 retrywatcher.go:129] &#34;Watch failed&#34; err=&#34;context canceled&#34;&#xA;E0918 18:24:46.559767      23 retrywatcher.go:129] &#34;Watch failed&#34; err=&#34;context canceled&#34;&#xA;E0918 18:24:47.560352      23 retrywatcher.go:129] &#34;Watch failed&#34; err=&#34;context canceled&#34;&#xA;E0918 18:24:48.561169      23 retrywatcher.go:129] &#34;Watch failed&#34; err=&#34;context canceled&#34;&#xA;E0918 18:24:49.561797      23 retrywatcher.go:129] &#34;Watch failed&#34; err=&#34;context canceled&#34;&#xA;E0918 18:24:50.562217      23 retrywatcher.go:129] &#34;Watch failed&#34; err=&#34;context canceled&#34;&#xA;E0918 18:24:51.562617      23 retrywatcher.go:129] &#34;Watch failed&#34; err=&#34;context canceled&#34;&#xA;E0918 18:24:52.563411      23 retrywatcher.go:129] &#34;Watch failed&#34; err=&#34;context canceled&#34;&#xA;E0918 18:24:53.564193      23 retrywatcher.go:129] &#34;Watch failed&#34; err=&#34;context canceled&#34;&#xA;Sep 18 18:24:53.967: INFO: Token eyJ2IjoibWV0YS5rOHMuaW8vdjEiLCJydiI6NDQxNDIsInN0YXJ0IjoidGVtcGxhdGUtMDAzOVx1MDAwMCJ9 has not expired yet&#xA;E0918 18:24:54.564452      23 retrywatcher.go:129] &#34;Watch failed&#34; err=&#34;context canceled&#34;&#xA;E0918 18:24:55.564832      23 retrywatcher.go:129] &#34;Watch failed&#34; err=&#34;context canceled&#34;&#xA;E0918 18:24:56.565214      23 retrywatcher.go:129] &#34;Watch failed&#34; err=&#34;context canceled&#34;&#xA;E0918 18:24:57.565599      23 retrywatcher.go:129] &#34;Watch failed&#34; err=&#34;context canceled&#34;&#xA;E0918 18:24:58.566473      23 retrywatcher.go:129] &#34;Watch failed&#34; err=&#34;context canceled&#34;&#xA;E0918 18:24:59.566739      23 retrywatcher.go:129] &#34;Watch failed&#34; err=&#34;context canceled&#34;&#xA;E0918 18:25:00.567089      23 retrywatcher.go:129] &#34;Watch failed&#34; err=&#34;context canceled&#34;&#xA;E0918 18:25:01.567429      23 retrywatcher.go:129] &#34;Watch failed&#34; err=&#34;context canceled&#34;&#xA;E0918 18:25:02.568312      23 retrywatcher.go:129] &#34;Watch failed&#34; err=&#34;context canceled&#34;&#xA;E0918 18:25:03.569160      23 retrywatcher.go:129] &#34;Watch failed&#34; err=&#34;context canceled&#34;&#xA;E0918 18:25:04.569681      23 retrywatcher.go:129] &#34;Watch failed&#34; err=&#34;context canceled&#34;&#xA;E0918 18:25:05.569971      23 retrywatcher.go:129] &#34;Watch failed&#34; err=&#34;context canceled&#34;&#xA;E0918 18:25:06.570319      23 retrywatcher.go:129] &#34;Watch failed&#34; err=&#34;context canceled&#34;&#xA;E0918 18:25:07.570706      23 retrywatcher.go:129] &#34;Watch failed&#34; err=&#34;context canceled&#34;&#xA;E0918 18:25:08.571288      23 retrywatcher.go:129] &#34;Watch failed&#34; err=&#34;context canceled&#34;&#xA;E0918 18:25:09.571596      23 retrywatcher.go:129] &#34;Watch failed&#34; err=&#34;context canceled&#34;&#xA;E0918 18:25:10.571938      23 retrywatcher.go:129] &#34;Watch failed&#34; err=&#34;context canceled&#34;&#xA;E0918 18:25:11.572394      23 retrywatcher.go:129] &#34;Watch failed&#34; err=&#34;context canceled&#34;&#xA;E0918 18:25:12.573156      23 retrywatcher.go:129] &#34;Watch failed&#34; err=&#34;context canceled&#34;&#xA;E0918 18:25:13.573801      23 retrywatcher.go:129] &#34;Watch failed&#34; err=&#34;context canceled&#34;&#xA;Sep 18 18:25:13.968: INFO: Token eyJ2IjoibWV0YS5rOHMuaW8vdjEiLCJydiI6NDQxNDIsInN0YXJ0IjoidGVtcGxhdGUtMDAzOVx1MDAwMCJ9 has not expired yet&#xA;E0918 18:25:14.574941      23 retrywatcher.go:129] &#34;Watch failed&#34; err=&#34;context canceled&#34;&#xA;E0918 18:25:15.575347      23 retrywatcher.go:129] &#34;Watch failed&#34; err=&#34;context canceled&#34;&#xA;E0918 18:25:16.575894      23 retrywatcher.go:129] &#34;Watch failed&#34; err=&#34;context canceled&#34;&#xA;E0918 18:25:17.576414      23 retrywatcher.go:129] &#34;Watch failed&#34; err=&#34;context canceled&#34;&#xA;E0918 18:25:18.577309      23 retrywatcher.go:129] &#34;Watch failed&#34; err=&#34;context canceled&#34;&#xA;E0918 18:25:19.577528      23 retrywatcher.go:129] &#34;Watch failed&#34; err=&#34;context canceled&#34;&#xA;E0918 18:25:20.577842      23 retrywatcher.go:129] &#34;Watch failed&#34; err=&#34;context canceled&#34;&#xA;E0918 18:25:21.578198      23 retrywatcher.go:129] &#34;Watch failed&#34; err=&#34;context canceled&#34;&#xA;E0918 18:25:22.579097      23 retrywatcher.go:129] &#34;Watch failed&#34; err=&#34;context canceled&#34;&#xA;E0918 18:25:23.579872      23 retrywatcher.go:129] &#34;Watch failed&#34; err=&#34;context canceled&#34;&#xA;E0918 18:25:24.580476      23 retrywatcher.go:129] &#34;Watch failed&#34; err=&#34;context canceled&#34;&#xA;E0918 18:25:25.580912      23 retrywatcher.go:129] &#34;Watch failed&#34; err=&#34;context canceled&#34;&#xA;E0918 18:25:26.581262      23 retrywatcher.go:129] &#34;Watch failed&#34; err=&#34;context canceled&#34;&#xA;E0918 18:25:27.581619      23 retrywatcher.go:129] &#34;Watch failed&#34; err=&#34;context canceled&#34;&#xA;E0918 18:25:28.582281      23 retrywatcher.go:129] &#34;Watch failed&#34; err=&#34;context canceled&#34;&#xA;E0918 18:25:29.582597      23 retrywatcher.go:129] &#34;Watch failed&#34; err=&#34;context canceled&#34;&#xA;E0918 18:25:30.582938      23 retrywatcher.go:129] &#34;Watch failed&#34; err=&#34;context canceled&#34;&#xA;E0918 18:25:31.583337      23 retrywatcher.go:129] &#34;Watch failed&#34; err=&#34;context canceled&#34;&#xA;E0918 18:25:32.584087      23 retrywatcher.go:129] &#34;Watch failed&#34; err=&#34;context canceled&#34;&#xA;E0918 18:25:33.584663      23 retrywatcher.go:129] &#34;Watch failed&#34; err=&#34;context canceled&#34;&#xA;Sep 18 18:25:33.963: INFO: Token eyJ2IjoibWV0YS5rOHMuaW8vdjEiLCJydiI6NDQxNDIsInN0YXJ0IjoidGVtcGxhdGUtMDAzOVx1MDAwMCJ9 has not expired yet&#xA;E0918 18:25:34.585324      23 retrywatcher.go:129] &#34;Watch failed&#34; err=&#34;context canceled&#34;&#xA;E0918 18:25:35.585617      23 retrywatcher.go:129] &#34;Watch failed&#34; err=&#34;context canceled&#34;&#xA;E0918 18:25:36.586224      23 retrywatcher.go:129] &#34;Watch failed&#34; err=&#34;context canceled&#34;&#xA;E0918 18:25:37.586999      23 retrywatcher.go:129] &#34;Watch failed&#34; err=&#34;context canceled&#34;&#xA;E0918 18:25:38.587728      23 retrywatcher.go:129] &#34;Watch failed&#34; err=&#34;context canceled&#34;&#xA;E0918 18:25:39.588059      23 retrywatcher.go:129] &#34;Watch failed&#34; err=&#34;context canceled&#34;&#xA;E0918 18:25:40.588394      23 retrywatcher.go:129] &#34;Watch failed&#34; err=&#34;context canceled&#34;&#xA;E0918 18:25:41.589033      23 retrywatcher.go:129] &#34;Watch failed&#34; err=&#34;context canceled&#34;&#xA;E0918 18:25:42.589771      23 retrywatcher.go:129] &#34;Watch failed&#34; err=&#34;context canceled&#34;&#xA;E0918 18:25:43.590365      23 retrywatcher.go:129] &#34;Watch failed&#34; err=&#34;context canceled&#34;&#xA;E0918 18:25:44.590858      23 retrywatcher.go:129] &#34;Watch failed&#34; err=&#34;context canceled&#34;&#xA;E0918 18:25:45.591233      23 retrywatcher.go:129] &#34;Watch failed&#34; err=&#34;context canceled&#34;&#xA;E0918 18:25:46.591561      23 retrywatcher.go:129] &#34;Watch failed&#34; err=&#34;context canceled&#34;&#xA;E0918 18:25:47.591938      23 retrywatcher.go:129] &#34;Watch failed&#34; err=&#34;context canceled&#34;&#xA;E0918 18:25:48.592983      23 retrywatcher.go:129] &#34;Watch failed&#34; err=&#34;context canceled&#34;&#xA;E0918 18:25:49.593291      23 retrywatcher.go:129] &#34;Watch failed&#34; err=&#34;context canceled&#34;&#xA;E0918 18:25:50.593745      23 retrywatcher.go:129] &#34;Watch failed&#34; err=&#34;context canceled&#34;&#xA;E0918 18:25:51.594058      23 retrywatcher.go:129] &#34;Watch failed&#34; err=&#34;context canceled&#34;&#xA;E0918 18:25:52.594756      23 retrywatcher.go:129] &#34;Watch failed&#34; err=&#34;context canceled&#34;&#xA;E0918 18:25:53.595360      23 retrywatcher.go:129] &#34;Watch failed&#34; err=&#34;context canceled&#34;&#xA;Sep 18 18:25:53.968: INFO: Token eyJ2IjoibWV0YS5rOHMuaW8vdjEiLCJydiI6NDQxNDIsInN0YXJ0IjoidGVtcGxhdGUtMDAzOVx1MDAwMCJ9 has not expired yet&#xA;E0918 18:25:54.595851      23 retrywatcher.go:129] &#34;Watch failed&#34; err=&#34;context canceled&#34;&#xA;E0918 18:25:55.596177      23 retrywatcher.go:129] &#34;Watch failed&#34; err=&#34;context canceled&#34;&#xA;E0918 18:25:56.596583      23 retrywatcher.go:129] &#34;Watch failed&#34; err=&#34;context canceled&#34;&#xA;E0918 18:25:57.596924      23 retrywatcher.go:129] &#34;Watch failed&#34; err=&#34;context canceled&#34;&#xA;E0918 18:25:58.597587      23 retrywatcher.go:129] &#34;Watch failed&#34; err=&#34;context canceled&#34;&#xA;E0918 18:25:59.598046      23 retrywatcher.go:129] &#34;Watch failed&#34; err=&#34;context canceled&#34;&#xA;E0918 18:26:00.598783      23 retrywatcher.go:129] &#34;Watch failed&#34; err=&#34;context canceled&#34;&#xA;E0918 18:26:01.599179      23 retrywatcher.go:129] &#34;Watch failed&#34; err=&#34;context canceled&#34;&#xA;E0918 18:26:02.599203      23 retrywatcher.go:129] &#34;Watch failed&#34; err=&#34;context canceled&#34;&#xA;E0918 18:26:03.600099      23 retrywatcher.go:129] &#34;Watch failed&#34; err=&#34;context canceled&#34;&#xA;E0918 18:26:04.600372      23 retrywatcher.go:129] &#34;Watch failed&#34; err=&#34;context canceled&#34;&#xA;E0918 18:26:05.600734      23 retrywatcher.go:129] &#34;Watch failed&#34; err=&#34;context canceled&#34;&#xA;E0918 18:26:06.601194      23 retrywatcher.go:129] &#34;Watch failed&#34; err=&#34;context canceled&#34;&#xA;E0918 18:26:07.601553      23 retrywatcher.go:129] &#34;Watch failed&#34; err=&#34;context canceled&#34;&#xA;E0918 18:26:08.602385      23 retrywatcher.go:129] &#34;Watch failed&#34; err=&#34;context canceled&#34;&#xA;E0918 18:26:09.602762      23 retrywatcher.go:129] &#34;Watch failed&#34; err=&#34;context canceled&#34;&#xA;E0918 18:26:10.603127      23 retrywatcher.go:129] &#34;Watch failed&#34; err=&#34;context canceled&#34;&#xA;E0918 18:26:11.603453      23 retrywatcher.go:129] &#34;Watch failed&#34; err=&#34;context canceled&#34;&#xA;E0918 18:26:12.604105      23 retrywatcher.go:129] &#34;Watch failed&#34; err=&#34;context canceled&#34;&#xA;E0918 18:26:13.604675      23 retrywatcher.go:129] &#34;Watch failed&#34; err=&#34;context canceled&#34;&#xA;Sep 18 18:26:13.968: INFO: Token eyJ2IjoibWV0YS5rOHMuaW8vdjEiLCJydiI6NDQxNDIsInN0YXJ0IjoidGVtcGxhdGUtMDAzOVx1MDAwMCJ9 has not expired yet&#xA;E0918 18:26:14.605733      23 retrywatcher.go:129] &#34;Watch failed&#34; err=&#34;context canceled&#34;&#xA;E0918 18:26:15.606098      23 retrywatcher.go:129] &#34;Watch failed&#34; err=&#34;context canceled&#34;&#xA;E0918 18:26:16.606530      23 retrywatcher.go:129] &#34;Watch failed&#34; err=&#34;context canceled&#34;&#xA;E0918 18:26:17.606870      23 retrywatcher.go:129] &#34;Watch failed&#34; err=&#34;context canceled&#34;&#xA;E0918 18:26:18.607423      23 retrywatcher.go:129] &#34;Watch failed&#34; err=&#34;context canceled&#34;&#xA;E0918 18:26:19.607831      23 retrywatcher.go:129] &#34;Watch failed&#34; err=&#34;context canceled&#34;&#xA;E0918 18:26:20.608253      23 retrywatcher.go:129] &#34;Watch failed&#34; err=&#34;context canceled&#34;&#xA;E0918 18:26:21.608636      23 retrywatcher.go:129] &#34;Watch failed&#34; err=&#34;context canceled&#34;&#xA;E0918 18:26:22.609417      23 retrywatcher.go:129] &#34;Watch failed&#34; err=&#34;context canceled&#34;&#xA;E0918 18:26:23.610078      23 retrywatcher.go:129] &#34;Watch failed&#34; err=&#34;context canceled&#34;&#xA;E0918 18:26:24.610409      23 retrywatcher.go:129] &#34;Watch failed&#34; err=&#34;context canceled&#34;&#xA;E0918 18:26:25.610817      23 retrywatcher.go:129] &#34;Watch failed&#34; err=&#34;context canceled&#34;&#xA;E0918 18:26:26.611142      23 retrywatcher.go:129] &#34;Watch failed&#34; err=&#34;context canceled&#34;&#xA;E0918 18:26:27.611569      23 retrywatcher.go:129] &#34;Watch failed&#34; err=&#34;context canceled&#34;&#xA;E0918 18:26:28.612256      23 retrywatcher.go:129] &#34;Watch failed&#34; err=&#34;context canceled&#34;&#xA;E0918 18:26:29.612581      23 retrywatcher.go:129] &#34;Watch failed&#34; err=&#34;context canceled&#34;&#xA;E0918 18:26:30.612932      23 retrywatcher.go:129] &#34;Watch failed&#34; err=&#34;context canceled&#34;&#xA;E0918 18:26:31.613296      23 retrywatcher.go:129] &#34;Watch failed&#34; err=&#34;context canceled&#34;&#xA;E0918 18:26:32.613995      23 retrywatcher.go:129] &#34;Watch failed&#34; err=&#34;context canceled&#34;&#xA;E0918 18:26:33.614585      23 retrywatcher.go:129] &#34;Watch failed&#34; err=&#34;context canceled&#34;&#xA;Sep 18 18:26:33.967: INFO: Token eyJ2IjoibWV0YS5rOHMuaW8vdjEiLCJydiI6NDQxNDIsInN0YXJ0IjoidGVtcGxhdGUtMDAzOVx1MDAwMCJ9 has not expired yet&#xA;E0918 18:26:34.614690      23 retrywatcher.go:129] &#34;Watch failed&#34; err=&#34;context canceled&#34;&#xA;E0918 18:26:35.615068      23 retrywatcher.go:129] &#34;Watch failed&#34; err=&#34;context canceled&#34;&#xA;E0918 18:26:36.615416      23 retrywatcher.go:129] &#34;Watch failed&#34; err=&#34;context canceled&#34;&#xA;E0918 18:26:37.615662      23 retrywatcher.go:129] &#34;Watch failed&#34; err=&#34;context canceled&#34;&#xA;E0918 18:26:38.616970      23 retrywatcher.go:129] &#34;Watch failed&#34; err=&#34;context canceled&#34;&#xA;E0918 18:26:39.616977      23 retrywatcher.go:129] &#34;Watch failed&#34; err=&#34;context canceled&#34;&#xA;E0918 18:26:40.617274      23 retrywatcher.go:129] &#34;Watch failed&#34; err=&#34;context canceled&#34;&#xA;E0918 18:26:41.617597      23 retrywatcher.go:129] &#34;Watch failed&#34; err=&#34;context canceled&#34;&#xA;E0918 18:26:42.617830      23 retrywatcher.go:129] &#34;Watch failed&#34; err=&#34;context canceled&#34;&#xA;E0918 18:26:43.618406      23 retrywatcher.go:129] &#34;Watch failed&#34; err=&#34;context canceled&#34;&#xA;E0918 18:26:44.618668      23 retrywatcher.go:129] &#34;Watch failed&#34; err=&#34;context canceled&#34;&#xA;E0918 18:26:45.618938      23 retrywatcher.go:129] &#34;Watch failed&#34; err=&#34;context canceled&#34;&#xA;E0918 18:26:46.619246      23 retrywatcher.go:129] &#34;Watch failed&#34; err=&#34;context canceled&#34;&#xA;E0918 18:26:47.619897      23 retrywatcher.go:129] &#34;Watch failed&#34; err=&#34;context canceled&#34;&#xA;E0918 18:26:48.620417      23 retrywatcher.go:129] &#34;Watch failed&#34; err=&#34;context canceled&#34;&#xA;E0918 18:26:49.620823      23 retrywatcher.go:129] &#34;Watch failed&#34; err=&#34;context canceled&#34;&#xA;E0918 18:26:50.620983      23 retrywatcher.go:129] &#34;Watch failed&#34; err=&#34;context canceled&#34;&#xA;E0918 18:26:51.621341      23 retrywatcher.go:129] &#34;Watch failed&#34; err=&#34;context canceled&#34;&#xA;E0918 18:26:52.622072      23 retrywatcher.go:129] &#34;Watch failed&#34; err=&#34;context canceled&#34;&#xA;E0918 18:26:53.622601      23 retrywatcher.go:129] &#34;Watch failed&#34; err=&#34;context canceled&#34;&#xA;Sep 18 18:26:53.967: INFO: Token eyJ2IjoibWV0YS5rOHMuaW8vdjEiLCJydiI6NDQxNDIsInN0YXJ0IjoidGVtcGxhdGUtMDAzOVx1MDAwMCJ9 has not expired yet&#xA;E0918 18:26:54.623550      23 retrywatcher.go:129] &#34;Watch failed&#34; err=&#34;context canceled&#34;&#xA;E0918 18:26:55.623885      23 retrywatcher.go:129] &#34;Watch failed&#34; err=&#34;context canceled&#34;&#xA;E0918 18:26:56.624281      23 retrywatcher.go:129] &#34;Watch failed&#34; err=&#34;context canceled&#34;&#xA;E0918 18:26:57.624522      23 retrywatcher.go:129] &#34;Watch failed&#34; err=&#34;context canceled&#34;&#xA;E0918 18:26:58.625526      23 retrywatcher.go:129] &#34;Watch failed&#34; err=&#34;context canceled&#34;&#xA;E0918 18:26:59.625855      23 retrywatcher.go:129] &#34;Watch failed&#34; err=&#34;context canceled&#34;&#xA;E0918 18:27:00.626140      23 retrywatcher.go:129] &#34;Watch failed&#34; err=&#34;context canceled&#34;&#xA;E0918 18:27:01.626418      23 retrywatcher.go:129] &#34;Watch failed&#34; err=&#34;context canceled&#34;&#xA;E0918 18:27:02.627082      23 retrywatcher.go:129] &#34;Watch failed&#34; err=&#34;context canceled&#34;&#xA;E0918 18:27:03.627257      23 retrywatcher.go:129] &#34;Watch failed&#34; err=&#34;context canceled&#34;&#xA;E0918 18:27:04.627465      23 retrywatcher.go:129] &#34;Watch failed&#34; err=&#34;context canceled&#34;&#xA;E0918 18:27:05.627845      23 retrywatcher.go:129] &#34;Watch failed&#34; err=&#34;context canceled&#34;&#xA;E0918 18:27:06.628058      23 retrywatcher.go:129] &#34;Watch failed&#34; err=&#34;context canceled&#34;&#xA;E0918 18:27:07.628425      23 retrywatcher.go:129] &#34;Watch failed&#34; err=&#34;context canceled&#34;&#xA;E0918 18:27:08.629089      23 retrywatcher.go:129] &#34;Watch failed&#34; err=&#34;context canceled&#34;&#xA;E0918 18:27:09.629434      23 retrywatcher.go:129] &#34;Watch failed&#34; err=&#34;context canceled&#34;&#xA;E0918 18:27:10.629675      23 retrywatcher.go:129] &#34;Watch failed&#34; err=&#34;context canceled&#34;&#xA;E0918 18:27:11.630018      23 retrywatcher.go:129] &#34;Watch failed&#34; err=&#34;context canceled&#34;&#xA;E0918 18:27:12.631000      23 retrywatcher.go:129] &#34;Watch failed&#34; err=&#34;context canceled&#34;&#xA;E0918 18:27:13.631540      23 retrywatcher.go:129] &#34;Watch failed&#34; err=&#34;context canceled&#34;&#xA;Sep 18 18:27:13.967: INFO: Token eyJ2IjoibWV0YS5rOHMuaW8vdjEiLCJydiI6NDQxNDIsInN0YXJ0IjoidGVtcGxhdGUtMDAzOVx1MDAwMCJ9 has not expired yet&#xA;E0918 18:27:14.632050      23 retrywatcher.go:129] &#34;Watch failed&#34; err=&#34;context canceled&#34;&#xA;E0918 18:27:15.632528      23 retrywatcher.go:129] &#34;Watch failed&#34; err=&#34;context canceled&#34;&#xA;E0918 18:27:16.632939      23 retrywatcher.go:129] &#34;Watch failed&#34; err=&#34;context canceled&#34;&#xA;E0918 18:27:17.633277      23 retrywatcher.go:129] &#34;Watch failed&#34; err=&#34;context canceled&#34;&#xA;E0918 18:27:18.633969      23 retrywatcher.go:129] &#34;Watch failed&#34; err=&#34;context canceled&#34;&#xA;E0918 18:27:19.634360      23 retrywatcher.go:129] &#34;Watch failed&#34; err=&#34;context canceled&#34;&#xA;E0918 18:27:20.634725      23 retrywatcher.go:129] &#34;Watch failed&#34; err=&#34;context canceled&#34;&#xA;E0918 18:27:21.635054      23 retrywatcher.go:129] &#34;Watch failed&#34; err=&#34;context canceled&#34;&#xA;E0918 18:27:22.635666      23 retrywatcher.go:129] &#34;Watch failed&#34; err=&#34;context canceled&#34;&#xA;E0918 18:27:23.636229      23 retrywatcher.go:129] &#34;Watch failed&#34; err=&#34;context canceled&#34;&#xA;E0918 18:27:24.636537      23 retrywatcher.go:129] &#34;Watch failed&#34; err=&#34;context canceled&#34;&#xA;E0918 18:27:25.636864      23 retrywatcher.go:129] &#34;Watch failed&#34; err=&#34;context canceled&#34;&#xA;E0918 18:27:26.637179      23 retrywatcher.go:129] &#34;Watch failed&#34; err=&#34;context canceled&#34;&#xA;E0918 18:27:27.637426      23 retrywatcher.go:129] &#34;Watch failed&#34; err=&#34;context canceled&#34;&#xA;E0918 18:27:28.638095      23 retrywatcher.go:129] &#34;Watch failed&#34; err=&#34;context canceled&#34;&#xA;E0918 18:27:29.638427      23 retrywatcher.go:129] &#34;Watch failed&#34; err=&#34;context canceled&#34;&#xA;E0918 18:27:30.638811      23 retrywatcher.go:129] &#34;Watch failed&#34; err=&#34;context canceled&#34;&#xA;E0918 18:27:31.639141      23 retrywatcher.go:129] &#34;Watch failed&#34; err=&#34;context canceled&#34;&#xA;E0918 18:27:32.639910      23 retrywatcher.go:129] &#34;Watch failed&#34; err=&#34;context canceled&#34;&#xA;E0918 18:27:33.640395      23 retrywatcher.go:129] &#34;Watch failed&#34; err=&#34;context canceled&#34;&#xA;Sep 18 18:27:33.967: INFO: Token eyJ2IjoibWV0YS5rOHMuaW8vdjEiLCJydiI6NDQxNDIsInN0YXJ0IjoidGVtcGxhdGUtMDAzOVx1MDAwMCJ9 has not expired yet&#xA;E0918 18:27:34.640430      23 retrywatcher.go:129] &#34;Watch failed&#34; err=&#34;context canceled&#34;&#xA;E0918 18:27:35.640830      23 retrywatcher.go:129] &#34;Watch failed&#34; err=&#34;context canceled&#34;&#xA;E0918 18:27:36.641215      23 retrywatcher.go:129] &#34;Watch failed&#34; err=&#34;context canceled&#34;&#xA;E0918 18:27:37.641957      23 retrywatcher.go:129] &#34;Watch failed&#34; err=&#34;context canceled&#34;&#xA;E0918 18:27:38.642563      23 retrywatcher.go:129] &#34;Watch failed&#34; err=&#34;context canceled&#34;&#xA;E0918 18:27:39.642979      23 retrywatcher.go:129] &#34;Watch failed&#34; err=&#34;context canceled&#34;&#xA;E0918 18:27:40.643291      23 retrywatcher.go:129] &#34;Watch failed&#34; err=&#34;context canceled&#34;&#xA;E0918 18:27:41.643631      23 retrywatcher.go:129] &#34;Watch failed&#34; err=&#34;context canceled&#34;&#xA;E0918 18:27:42.643903      23 retrywatcher.go:129] &#34;Watch failed&#34; err=&#34;context canceled&#34;&#xA;E0918 18:27:43.644537      23 retrywatcher.go:129] &#34;Watch failed&#34; err=&#34;context canceled&#34;&#xA;E0918 18:27:44.644851      23 retrywatcher.go:129] &#34;Watch failed&#34; err=&#34;context canceled&#34;&#xA;E0918 18:27:45.645253      23 retrywatcher.go:129] &#34;Watch failed&#34; err=&#34;context canceled&#34;&#xA;E0918 18:27:46.645595      23 retrywatcher.go:129] &#34;Watch failed&#34; err=&#34;context canceled&#34;&#xA;E0918 18:27:47.645929      23 retrywatcher.go:129] &#34;Watch failed&#34; err=&#34;context canceled&#34;&#xA;E0918 18:27:48.646549      23 retrywatcher.go:129] &#34;Watch failed&#34; err=&#34;context canceled&#34;&#xA;E0918 18:27:49.646786      23 retrywatcher.go:129] &#34;Watch failed&#34; err=&#34;context canceled&#34;&#xA;E0918 18:27:50.647059      23 retrywatcher.go:129] &#34;Watch failed&#34; err=&#34;context canceled&#34;&#xA;E0918 18:27:51.647371      23 retrywatcher.go:129] &#34;Watch failed&#34; err=&#34;context canceled&#34;&#xA;E0918 18:27:52.648028      23 retrywatcher.go:129] &#34;Watch failed&#34; err=&#34;context canceled&#34;&#xA;E0918 18:27:53.648584      23 retrywatcher.go:129] &#34;Watch failed&#34; err=&#34;context canceled&#34;&#xA;Sep 18 18:27:53.968: INFO: Token eyJ2IjoibWV0YS5rOHMuaW8vdjEiLCJydiI6NDQxNDIsInN0YXJ0IjoidGVtcGxhdGUtMDAzOVx1MDAwMCJ9 has not expired yet&#xA;E0918 18:27:54.649266      23 retrywatcher.go:129] &#34;Watch failed&#34; err=&#34;context canceled&#34;&#xA;E0918 18:27:55.649621      23 retrywatcher.go:129] &#34;Watch failed&#34; err=&#34;context canceled&#34;&#xA;E0918 18:27:56.650034      23 retrywatcher.go:129] &#34;Watch failed&#34; err=&#34;context canceled&#34;&#xA;E0918 18:27:57.650417      23 retrywatcher.go:129] &#34;Watch failed&#34; err=&#34;context canceled&#34;&#xA;E0918 18:27:58.651101      23 retrywatcher.go:129] &#34;Watch failed&#34; err=&#34;context canceled&#34;&#xA;E0918 18:27:59.651490      23 retrywatcher.go:129] &#34;Watch failed&#34; err=&#34;context canceled&#34;&#xA;E0918 18:28:00.652560      23 retrywatcher.go:129] &#34;Watch failed&#34; err=&#34;context canceled&#34;&#xA;E0918 18:28:01.652424      23 retrywatcher.go:129] &#34;Watch failed&#34; err=&#34;context canceled&#34;&#xA;E0918 18:28:02.653140      23 retrywatcher.go:129] &#34;Watch failed&#34; err=&#34;context canceled&#34;&#xA;E0918 18:28:03.653378      23 retrywatcher.go:129] &#34;Watch failed&#34; err=&#34;context canceled&#34;&#xA;E0918 18:28:04.653822      23 retrywatcher.go:129] &#34;Watch failed&#34; err=&#34;context canceled&#34;&#xA;E0918 18:28:05.653871      23 retrywatcher.go:129] &#34;Watch failed&#34; err=&#34;context canceled&#34;&#xA;E0918 18:28:06.654285      23 retrywatcher.go:129] &#34;Watch failed&#34; err=&#34;context canceled&#34;&#xA;E0918 18:28:07.654688      23 retrywatcher.go:129] &#34;Watch failed&#34; err=&#34;context canceled&#34;&#xA;E0918 18:28:08.655247      23 retrywatcher.go:129] &#34;Watch failed&#34; err=&#34;context canceled&#34;&#xA;E0918 18:28:09.655582      23 retrywatcher.go:129] &#34;Watch failed&#34; err=&#34;context canceled&#34;&#xA;E0918 18:28:10.655842      23 retrywatcher.go:129] &#34;Watch failed&#34; err=&#34;context canceled&#34;&#xA;E0918 18:28:11.656199      23 retrywatcher.go:129] &#34;Watch failed&#34; err=&#34;context canceled&#34;&#xA;E0918 18:28:12.657116      23 retrywatcher.go:129] &#34;Watch failed&#34; err=&#34;context canceled&#34;&#xA;E0918 18:28:13.657771      23 retrywatcher.go:129] &#34;Watch failed&#34; err=&#34;context canceled&#34;&#xA;Sep 18 18:28:13.967: INFO: Token eyJ2IjoibWV0YS5rOHMuaW8vdjEiLCJydiI6NDQxNDIsInN0YXJ0IjoidGVtcGxhdGUtMDAzOVx1MDAwMCJ9 has not expired yet&#xA;E0918 18:28:14.658312      23 retrywatcher.go:129] &#34;Watch failed&#34; err=&#34;context canceled&#34;&#xA;E0918 18:28:15.658660      23 retrywatcher.go:129] &#34;Watch failed&#34; err=&#34;context canceled&#34;&#xA;E0918 18:28:16.659082      23 retrywatcher.go:129] &#34;Watch failed&#34; err=&#34;context canceled&#34;&#xA;E0918 18:28:17.659543      23 retrywatcher.go:129] &#34;Watch failed&#34; err=&#34;context canceled&#34;&#xA;E0918 18:28:18.660411      23 retrywatcher.go:129] &#34;Watch failed&#34; err=&#34;context canceled&#34;&#xA;E0918 18:28:19.660782      23 retrywatcher.go:129] &#34;Watch failed&#34; err=&#34;context canceled&#34;&#xA;E0918 18:28:20.661200      23 retrywatcher.go:129] &#34;Watch failed&#34; err=&#34;context canceled&#34;&#xA;E0918 18:28:21.661569      23 retrywatcher.go:129] &#34;Watch failed&#34; err=&#34;context canceled&#34;&#xA;E0918 18:28:22.662163      23 retrywatcher.go:129] &#34;Watch failed&#34; err=&#34;context canceled&#34;&#xA;E0918 18:28:23.662912      23 retrywatcher.go:129] &#34;Watch failed&#34; err=&#34;context canceled&#34;&#xA;E0918 18:28:24.663288      23 retrywatcher.go:129] &#34;Watch failed&#34; err=&#34;context canceled&#34;&#xA;E0918 18:28:25.663633      23 retrywatcher.go:129] &#34;Watch failed&#34; err=&#34;context canceled&#34;&#xA;E0918 18:28:26.664130      23 retrywatcher.go:129] &#34;Watch failed&#34; err=&#34;context canceled&#34;&#xA;E0918 18:28:27.664505      23 retrywatcher.go:129] &#34;Watch failed&#34; err=&#34;context canceled&#34;&#xA;E0918 18:28:28.665317      23 retrywatcher.go:129] &#34;Watch failed&#34; err=&#34;context canceled&#34;&#xA;E0918 18:28:29.665637      23 retrywatcher.go:129] &#34;Watch failed&#34; err=&#34;context canceled&#34;&#xA;E0918 18:28:30.665998      23 retrywatcher.go:129] &#34;Watch failed&#34; err=&#34;context canceled&#34;&#xA;E0918 18:28:31.666257      23 retrywatcher.go:129] &#34;Watch failed&#34; err=&#34;context canceled&#34;&#xA;E0918 18:28:32.667128      23 retrywatcher.go:129] &#34;Watch failed&#34; err=&#34;context canceled&#34;&#xA;E0918 18:28:33.667866      23 retrywatcher.go:129] &#34;Watch failed&#34; err=&#34;context canceled&#34;&#xA;Sep 18 18:28:33.967: INFO: Token eyJ2IjoibWV0YS5rOHMuaW8vdjEiLCJydiI6NDQxNDIsInN0YXJ0IjoidGVtcGxhdGUtMDAzOVx1MDAwMCJ9 has not expired yet&#xA;E0918 18:28:34.668125      23 retrywatcher.go:129] &#34;Watch failed&#34; err=&#34;context canceled&#34;&#xA;E0918 18:28:35.668572      23 retrywatcher.go:129] &#34;Watch failed&#34; err=&#34;context canceled&#34;&#xA;E0918 18:28:36.668927      23 retrywatcher.go:129] &#34;Watch failed&#34; err=&#34;context canceled&#34;&#xA;E0918 18:28:37.669352      23 retrywatcher.go:129] &#34;Watch failed&#34; err=&#34;context canceled&#34;&#xA;E0918 18:28:38.669952      23 retrywatcher.go:129] &#34;Watch failed&#34; err=&#34;context canceled&#34;&#xA;E0918 18:28:39.670318      23 retrywatcher.go:129] &#34;Watch failed&#34; err=&#34;context canceled&#34;&#xA;E0918 18:28:40.670710      23 retrywatcher.go:129] &#34;Watch failed&#34; err=&#34;context canceled&#34;&#xA;E0918 18:28:41.671071      23 retrywatcher.go:129] &#34;Watch failed&#34; err=&#34;context canceled&#34;&#xA;E0918 18:28:42.671765      23 retrywatcher.go:129] &#34;Watch failed&#34; err=&#34;context canceled&#34;&#xA;E0918 18:28:43.672420      23 retrywatcher.go:129] &#34;Watch failed&#34; err=&#34;context canceled&#34;&#xA;E0918 18:28:44.672598      23 retrywatcher.go:129] &#34;Watch failed&#34; err=&#34;context canceled&#34;&#xA;E0918 18:28:45.672931      23 retrywatcher.go:129] &#34;Watch failed&#34; err=&#34;context canceled&#34;&#xA;E0918 18:28:46.673278      23 retrywatcher.go:129] &#34;Watch failed&#34; err=&#34;context canceled&#34;&#xA;E0918 18:28:47.673647      23 retrywatcher.go:129] &#34;Watch failed&#34; err=&#34;context canceled&#34;&#xA;E0918 18:28:48.674321      23 retrywatcher.go:129] &#34;Watch failed&#34; err=&#34;context canceled&#34;&#xA;E0918 18:28:49.674691      23 retrywatcher.go:129] &#34;Watch failed&#34; err=&#34;context canceled&#34;&#xA;E0918 18:28:50.675049      23 retrywatcher.go:129] &#34;Watch failed&#34; err=&#34;context canceled&#34;&#xA;E0918 18:28:51.675447      23 retrywatcher.go:129] &#34;Watch failed&#34; err=&#34;context canceled&#34;&#xA;E0918 18:28:52.676334      23 retrywatcher.go:129] &#34;Watch failed&#34; err=&#34;context canceled&#34;&#xA;E0918 18:28:53.677177      23 retrywatcher.go:129] &#34;Watch failed&#34; err=&#34;context canceled&#34;&#xA;Sep 18 18:28:53.978: INFO: Token eyJ2IjoibWV0YS5rOHMuaW8vdjEiLCJydiI6NDQxNDIsInN0YXJ0IjoidGVtcGxhdGUtMDAzOVx1MDAwMCJ9 has not expired yet&#xA;E0918 18:28:54.678362      23 retrywatcher.go:129] &#34;Watch failed&#34; err=&#34;context canceled&#34;&#xA;E0918 18:28:55.678841      23 retrywatcher.go:129] &#34;Watch failed&#34; err=&#34;context canceled&#34;&#xA;E0918 18:28:56.679248      23 retrywatcher.go:129] &#34;Watch failed&#34; err=&#34;context canceled&#34;&#xA;E0918 18:28:57.679650      23 retrywatcher.go:129] &#34;Watch failed&#34; err=&#34;context canceled&#34;&#xA;E0918 18:28:58.680425      23 retrywatcher.go:129] &#34;Watch failed&#34; err=&#34;context canceled&#34;&#xA;E0918 18:28:59.680787      23 retrywatcher.go:129] &#34;Watch failed&#34; err=&#34;context canceled&#34;&#xA;E0918 18:29:00.681119      23 retrywatcher.go:129] &#34;Watch failed&#34; err=&#34;context canceled&#34;&#xA;E0918 18:29:01.681469      23 retrywatcher.go:129] &#34;Watch failed&#34; err=&#34;context canceled&#34;&#xA;E0918 18:29:02.682212      23 retrywatcher.go:129] &#34;Watch failed&#34; err=&#34;context canceled&#34;&#xA;E0918 18:29:03.682725      23 retrywatcher.go:129] &#34;Watch failed&#34; err=&#34;context canceled&#34;&#xA;E0918 18:29:04.683028      23 retrywatcher.go:129] &#34;Watch failed&#34; err=&#34;context canceled&#34;&#xA;E0918 18:29:05.683336      23 retrywatcher.go:129] &#34;Watch failed&#34; err=&#34;context canceled&#34;&#xA;E0918 18:29:06.683703      23 retrywatcher.go:129] &#34;Watch failed&#34; err=&#34;context canceled&#34;&#xA;E0918 18:29:07.684026      23 retrywatcher.go:129] &#34;Watch failed&#34; err=&#34;context canceled&#34;&#xA;E0918 18:29:08.684525      23 retrywatcher.go:129] &#34;Watch failed&#34; err=&#34;context canceled&#34;&#xA;E0918 18:29:09.684881      23 retrywatcher.go:129] &#34;Watch failed&#34; err=&#34;context canceled&#34;&#xA;E0918 18:29:10.685213      23 retrywatcher.go:129] &#34;Watch failed&#34; err=&#34;context canceled&#34;&#xA;E0918 18:29:11.685540      23 retrywatcher.go:129] &#34;Watch failed&#34; err=&#34;context canceled&#34;&#xA;E0918 18:29:12.686100      23 retrywatcher.go:129] &#34;Watch failed&#34; err=&#34;context canceled&#34;&#xA;E0918 18:29:13.686654      23 retrywatcher.go:129] &#34;Watch failed&#34; err=&#34;context canceled&#34;&#xA;Sep 18 18:29:13.969: INFO: Token eyJ2IjoibWV0YS5rOHMuaW8vdjEiLCJydiI6NDQxNDIsInN0YXJ0IjoidGVtcGxhdGUtMDAzOVx1MDAwMCJ9 has not expired yet&#xA;E0918 18:29:14.687344      23 retrywatcher.go:129] &#34;Watch failed&#34; err=&#34;context canceled&#34;&#xA;E0918 18:29:15.687708      23 retrywatcher.go:129] &#34;Watch failed&#34; err=&#34;context canceled&#34;&#xA;E0918 18:29:16.688133      23 retrywatcher.go:129] &#34;Watch failed&#34; err=&#34;context canceled&#34;&#xA;E0918 18:29:17.688627      23 retrywatcher.go:129] &#34;Watch failed&#34; err=&#34;context canceled&#34;&#xA;E0918 18:29:18.689266      23 retrywatcher.go:129] &#34;Watch failed&#34; err=&#34;context canceled&#34;&#xA;E0918 18:29:19.689592      23 retrywatcher.go:129] &#34;Watch failed&#34; err=&#34;context canceled&#34;&#xA;E0918 18:29:20.689902      23 retrywatcher.go:129] &#34;Watch failed&#34; err=&#34;context canceled&#34;&#xA;E0918 18:29:21.690229      23 retrywatcher.go:129] &#34;Watch failed&#34; err=&#34;context canceled&#34;&#xA;E0918 18:29:22.690703      23 retrywatcher.go:129] &#34;Watch failed&#34; err=&#34;context canceled&#34;&#xA;E0918 18:29:23.691378      23 retrywatcher.go:129] &#34;Watch failed&#34; err=&#34;context canceled&#34;&#xA;E0918 18:29:24.691757      23 retrywatcher.go:129] &#34;Watch failed&#34; err=&#34;context canceled&#34;&#xA;E0918 18:29:25.692127      23 retrywatcher.go:129] &#34;Watch failed&#34; err=&#34;context canceled&#34;&#xA;E0918 18:29:26.692478      23 retrywatcher.go:129] &#34;Watch failed&#34; err=&#34;context canceled&#34;&#xA;E0918 18:29:27.692615      23 retrywatcher.go:129] &#34;Watch failed&#34; err=&#34;context canceled&#34;&#xA;E0918 18:29:28.693146      23 retrywatcher.go:129] &#34;Watch failed&#34; err=&#34;context canceled&#34;&#xA;E0918 18:29:29.694129      23 retrywatcher.go:129] &#34;Watch failed&#34; err=&#34;context canceled&#34;&#xA;E0918 18:29:30.694447      23 retrywatcher.go:129] &#34;Watch failed&#34; err=&#34;context canceled&#34;&#xA;E0918 18:29:31.694830      23 retrywatcher.go:129] &#34;Watch failed&#34; err=&#34;context canceled&#34;&#xA;E0918 18:29:32.695139      23 retrywatcher.go:129] &#34;Watch failed&#34; err=&#34;context canceled&#34;&#xA;E0918 18:29:33.695890      23 retrywatcher.go:129] &#34;Watch failed&#34; err=&#34;context canceled&#34;&#xA;Sep 18 18:29:33.969: INFO: Token eyJ2IjoibWV0YS5rOHMuaW8vdjEiLCJydiI6NDQxNDIsInN0YXJ0IjoidGVtcGxhdGUtMDAzOVx1MDAwMCJ9 has not expired yet&#xA;E0918 18:29:34.696624      23 retrywatcher.go:129] &#34;Watch failed&#34; err=&#34;context canceled&#34;&#xA;E0918 18:29:35.697007      23 retrywatcher.go:129] &#34;Watch failed&#34; err=&#34;context canceled&#34;&#xA;E0918 18:29:36.697375      23 retrywatcher.go:129] &#34;Watch failed&#34; err=&#34;context canceled&#34;&#xA;E0918 18:29:37.698034      23 retrywatcher.go:129] &#34;Watch failed&#34; err=&#34;context canceled&#34;&#xA;E0918 18:29:38.698683      23 retrywatcher.go:129] &#34;Watch failed&#34; err=&#34;context canceled&#34;&#xA;E0918 18:29:39.699010      23 retrywatcher.go:129] &#34;Watch failed&#34; err=&#34;context canceled&#34;&#xA;E0918 18:29:40.699347      23 retrywatcher.go:129] &#34;Watch failed&#34; err=&#34;context canceled&#34;&#xA;E0918 18:29:41.699721      23 retrywatcher.go:129] &#34;Watch failed&#34; err=&#34;context canceled&#34;&#xA;E0918 18:29:42.700499      23 retrywatcher.go:129] &#34;Watch failed&#34; err=&#34;context canceled&#34;&#xA;E0918 18:29:43.701248      23 retrywatcher.go:129] &#34;Watch failed&#34; err=&#34;context canceled&#34;&#xA;E0918 18:29:44.701520      23 retrywatcher.go:129] &#34;Watch failed&#34; err=&#34;context canceled&#34;&#xA;E0918 18:29:45.701977      23 retrywatcher.go:129] &#34;Watch failed&#34; err=&#34;context canceled&#34;&#xA;E0918 18:29:46.702334      23 retrywatcher.go:129] &#34;Watch failed&#34; err=&#34;context canceled&#34;&#xA;E0918 18:29:47.702641      23 retrywatcher.go:129] &#34;Watch failed&#34; err=&#34;context canceled&#34;&#xA;E0918 18:29:48.703292      23 retrywatcher.go:129] &#34;Watch failed&#34; err=&#34;context canceled&#34;&#xA;E0918 18:29:49.703619      23 retrywatcher.go:129] &#34;Watch failed&#34; err=&#34;context canceled&#34;&#xA;E0918 18:29:50.703958      23 retrywatcher.go:129] &#34;Watch failed&#34; err=&#34;context canceled&#34;&#xA;E0918 18:29:51.704277      23 retrywatcher.go:129] &#34;Watch failed&#34; err=&#34;context canceled&#34;&#xA;E0918 18:29:52.705142      23 retrywatcher.go:129] &#34;Watch failed&#34; err=&#34;context canceled&#34;&#xA;E0918 18:29:53.705858      23 retrywatcher.go:129] &#34;Watch failed&#34; err=&#34;context canceled&#34;&#xA;Sep 18 18:29:53.967: INFO: Token eyJ2IjoibWV0YS5rOHMuaW8vdjEiLCJydiI6NDQxNDIsInN0YXJ0IjoidGVtcGxhdGUtMDAzOVx1MDAwMCJ9 has not expired yet&#xA;E0918 18:29:54.706908      23 retrywatcher.go:129] &#34;Watch failed&#34; err=&#34;context canceled&#34;&#xA;E0918 18:29:55.707299      23 retrywatcher.go:129] &#34;Watch failed&#34; err=&#34;context canceled&#34;&#xA;E0918 18:29:56.707658      23 retrywatcher.go:129] &#34;Watch failed&#34; err=&#34;context canceled&#34;&#xA;E0918 18:29:57.708076      23 retrywatcher.go:129] &#34;Watch failed&#34; err=&#34;context canceled&#34;&#xA;E0918 18:29:58.709136      23 retrywatcher.go:129] &#34;Watch failed&#34; err=&#34;context canceled&#34;&#xA;E0918 18:29:59.709310      23 retrywatcher.go:129] &#34;Watch failed&#34; err=&#34;context canceled&#34;&#xA;E0918 18:30:00.710397      23 retrywatcher.go:129] &#34;Watch failed&#34; err=&#34;context canceled&#34;&#xA;E0918 18:30:01.710144      23 retrywatcher.go:129] &#34;Watch failed&#34; err=&#34;context canceled&#34;&#xA;E0918 18:30:02.711009      23 retrywatcher.go:129] &#34;Watch failed&#34; err=&#34;context canceled&#34;&#xA;E0918 18:30:03.711636      23 retrywatcher.go:129] &#34;Watch failed&#34; err=&#34;context canceled&#34;&#xA;E0918 18:30:04.711999      23 retrywatcher.go:129] &#34;Watch failed&#34; err=&#34;context canceled&#34;&#xA;E0918 18:30:05.712419      23 retrywatcher.go:129] &#34;Watch failed&#34; err=&#34;context canceled&#34;&#xA;E0918 18:30:06.712734      23 retrywatcher.go:129] &#34;Watch failed&#34; err=&#34;context canceled&#34;&#xA;E0918 18:30:07.713061      23 retrywatcher.go:129] &#34;Watch failed&#34; err=&#34;context canceled&#34;&#xA;E0918 18:30:08.713657      23 retrywatcher.go:129] &#34;Watch failed&#34; err=&#34;context canceled&#34;&#xA;E0918 18:30:09.713987      23 retrywatcher.go:129] &#34;Watch failed&#34; err=&#34;context canceled&#34;&#xA;E0918 18:30:10.714294      23 retrywatcher.go:129] &#34;Watch failed&#34; err=&#34;context canceled&#34;&#xA;E0918 18:30:11.714664      23 retrywatcher.go:129] &#34;Watch failed&#34; err=&#34;context canceled&#34;&#xA;E0918 18:30:12.715262      23 retrywatcher.go:129] &#34;Watch failed&#34; err=&#34;context canceled&#34;&#xA;E0918 18:30:13.715986      23 retrywatcher.go:129] &#34;Watch failed&#34; err=&#34;context canceled&#34;&#xA;Sep 18 18:30:13.968: INFO: Token eyJ2IjoibWV0YS5rOHMuaW8vdjEiLCJydiI6NDQxNDIsInN0YXJ0IjoidGVtcGxhdGUtMDAzOVx1MDAwMCJ9 has not expired yet&#xA;E0918 18:30:14.716970      23 retrywatcher.go:129] &#34;Watch failed&#34; err=&#34;context canceled&#34;&#xA;E0918 18:30:15.717404      23 retrywatcher.go:129] &#34;Watch failed&#34; err=&#34;context canceled&#34;&#xA;E0918 18:30:16.717864      23 retrywatcher.go:129] &#34;Watch failed&#34; err=&#34;context canceled&#34;&#xA;E0918 18:30:17.718326      23 retrywatcher.go:129] &#34;Watch failed&#34; err=&#34;context canceled&#34;&#xA;E0918 18:30:18.719091      23 retrywatcher.go:129] &#34;Watch failed&#34; err=&#34;context canceled&#34;&#xA;E0918 18:30:19.719378      23 retrywatcher.go:129] &#34;Watch failed&#34; err=&#34;context canceled&#34;&#xA;E0918 18:30:20.719718      23 retrywatcher.go:129] &#34;Watch failed&#34; err=&#34;context canceled&#34;&#xA;E0918 18:30:21.720035      23 retrywatcher.go:129] &#34;Watch failed&#34; err=&#34;context canceled&#34;&#xA;E0918 18:30:22.720285      23 retrywatcher.go:129] &#34;Watch failed&#34; err=&#34;context canceled&#34;&#xA;E0918 18:30:23.720867      23 retrywatcher.go:129] &#34;Watch failed&#34; err=&#34;context canceled&#34;&#xA;E0918 18:30:24.721200      23 retrywatcher.go:129] &#34;Watch failed&#34; err=&#34;context canceled&#34;&#xA;E0918 18:30:25.721506      23 retrywatcher.go:129] &#34;Watch failed&#34; err=&#34;context canceled&#34;&#xA;E0918 18:30:26.721829      23 retrywatcher.go:129] &#34;Watch failed&#34; err=&#34;context canceled&#34;&#xA;E0918 18:30:27.722636      23 retrywatcher.go:129] &#34;Watch failed&#34; err=&#34;context canceled&#34;&#xA;E0918 18:30:28.722908      23 retrywatcher.go:129] &#34;Watch failed&#34; err=&#34;context canceled&#34;&#xA;E0918 18:30:29.723301      23 retrywatcher.go:129] &#34;Watch failed&#34; err=&#34;context canceled&#34;&#xA;E0918 18:30:30.723544      23 retrywatcher.go:129] &#34;Watch failed&#34; err=&#34;context canceled&#34;&#xA;E0918 18:30:31.723805      23 retrywatcher.go:129] &#34;Watch failed&#34; err=&#34;context canceled&#34;&#xA;E0918 18:30:32.724316      23 retrywatcher.go:129] &#34;Watch failed&#34; err=&#34;context canceled&#34;&#xA;E0918 18:30:33.724552      23 retrywatcher.go:129] &#34;Watch failed&#34; err=&#34;context canceled&#34;&#xA;Sep 18 18:30:33.963: INFO: Token eyJ2IjoibWV0YS5rOHMuaW8vdjEiLCJydiI6NDQxNDIsInN0YXJ0IjoidGVtcGxhdGUtMDAzOVx1MDAwMCJ9 has not expired yet&#xA;E0918 18:30:34.725636      23 retrywatcher.go:129] &#34;Watch failed&#34; err=&#34;context canceled&#34;&#xA;E0918 18:30:35.725960      23 retrywatcher.go:129] &#34;Watch failed&#34; err=&#34;context canceled&#34;&#xA;E0918 18:30:36.726358      23 retrywatcher.go:129] &#34;Watch failed&#34; err=&#34;context canceled&#34;&#xA;E0918 18:30:37.726688      23 retrywatcher.go:129] &#34;Watch failed&#34; err=&#34;context canceled&#34;&#xA;E0918 18:30:38.727094      23 retrywatcher.go:129] &#34;Watch failed&#34; err=&#34;context canceled&#34;&#xA;E0918 18:30:39.727468      23 retrywatcher.go:129] &#34;Watch failed&#34; err=&#34;context canceled&#34;&#xA;E0918 18:30:40.727754      23 retrywatcher.go:129] &#34;Watch failed&#34; err=&#34;context canceled&#34;&#xA;E0918 18:30:41.728015      23 retrywatcher.go:129] &#34;Watch failed&#34; err=&#34;context canceled&#34;&#xA;E0918 18:30:42.728658      23 retrywatcher.go:129] &#34;Watch failed&#34; err=&#34;context canceled&#34;&#xA;E0918 18:30:43.729426      23 retrywatcher.go:129] &#34;Watch failed&#34; err=&#34;context canceled&#34;&#xA;E0918 18:30:44.729815      23 retrywatcher.go:129] &#34;Watch failed&#34; err=&#34;context canceled&#34;&#xA;E0918 18:30:45.730155      23 retrywatcher.go:129] &#34;Watch failed&#34; err=&#34;context canceled&#34;&#xA;E0918 18:30:46.730574      23 retrywatcher.go:129] &#34;Watch failed&#34; err=&#34;context canceled&#34;&#xA;E0918 18:30:47.730927      23 retrywatcher.go:129] &#34;Watch failed&#34; err=&#34;context canceled&#34;&#xA;E0918 18:30:48.731419      23 retrywatcher.go:129] &#34;Watch failed&#34; err=&#34;context canceled&#34;&#xA;E0918 18:30:49.731666      23 retrywatcher.go:129] &#34;Watch failed&#34; err=&#34;context canceled&#34;&#xA;E0918 18:30:50.732003      23 retrywatcher.go:129] &#34;Watch failed&#34; err=&#34;context canceled&#34;&#xA;E0918 18:30:51.732362      23 retrywatcher.go:129] &#34;Watch failed&#34; err=&#34;context canceled&#34;&#xA;E0918 18:30:52.733213      23 retrywatcher.go:129] &#34;Watch failed&#34; err=&#34;context canceled&#34;&#xA;E0918 18:30:53.733509      23 retrywatcher.go:129] &#34;Watch failed&#34; err=&#34;context canceled&#34;&#xA;Sep 18 18:30:53.966: INFO: Token eyJ2IjoibWV0YS5rOHMuaW8vdjEiLCJydiI6NDQxNDIsInN0YXJ0IjoidGVtcGxhdGUtMDAzOVx1MDAwMCJ9 has not expired yet&#xA;E0918 18:30:54.734303      23 retrywatcher.go:129] &#34;Watch failed&#34; err=&#34;context canceled&#34;&#xA;E0918 18:30:55.734610      23 retrywatcher.go:129] &#34;Watch failed&#34; err=&#34;context canceled&#34;&#xA;E0918 18:30:56.735028      23 retrywatcher.go:129] &#34;Watch failed&#34; err=&#34;context canceled&#34;&#xA;E0918 18:30:57.735424      23 retrywatcher.go:129] &#34;Watch failed&#34; err=&#34;context canceled&#34;&#xA;E0918 18:30:58.735809      23 retrywatcher.go:129] &#34;Watch failed&#34; err=&#34;context canceled&#34;&#xA;E0918 18:30:59.736265      23 retrywatcher.go:129] &#34;Watch failed&#34; err=&#34;context canceled&#34;&#xA;E0918 18:31:00.736673      23 retrywatcher.go:129] &#34;Watch failed&#34; err=&#34;context canceled&#34;&#xA;E0918 18:31:01.737030      23 retrywatcher.go:129] &#34;Watch failed&#34; err=&#34;context canceled&#34;&#xA;E0918 18:31:02.737730      23 retrywatcher.go:129] &#34;Watch failed&#34; err=&#34;context canceled&#34;&#xA;E0918 18:31:03.738346      23 retrywatcher.go:129] &#34;Watch failed&#34; err=&#34;context canceled&#34;&#xA;E0918 18:31:04.738720      23 retrywatcher.go:129] &#34;Watch failed&#34; err=&#34;context canceled&#34;&#xA;E0918 18:31:05.739071      23 retrywatcher.go:129] &#34;Watch failed&#34; err=&#34;context canceled&#34;&#xA;E0918 18:31:06.739456      23 retrywatcher.go:129] &#34;Watch failed&#34; err=&#34;context canceled&#34;&#xA;E0918 18:31:07.739804      23 retrywatcher.go:129] &#34;Watch failed&#34; err=&#34;context canceled&#34;&#xA;E0918 18:31:08.740519      23 retrywatcher.go:129] &#34;Watch failed&#34; err=&#34;context canceled&#34;&#xA;E0918 18:31:09.740903      23 retrywatcher.go:129] &#34;Watch failed&#34; err=&#34;context canceled&#34;&#xA;E0918 18:31:10.741237      23 retrywatcher.go:129] &#34;Watch failed&#34; err=&#34;context canceled&#34;&#xA;E0918 18:31:11.741577      23 retrywatcher.go:129] &#34;Watch failed&#34; err=&#34;context canceled&#34;&#xA;E0918 18:31:12.742207      23 retrywatcher.go:129] &#34;Watch failed&#34; err=&#34;context canceled&#34;&#xA;E0918 18:31:13.742883      23 retrywatcher.go:129] &#34;Watch failed&#34; err=&#34;context canceled&#34;&#xA;Sep 18 18:31:13.971: INFO: Token eyJ2IjoibWV0YS5rOHMuaW8vdjEiLCJydiI6NDQxNDIsInN0YXJ0IjoidGVtcGxhdGUtMDAzOVx1MDAwMCJ9 has not expired yet&#xA;E0918 18:31:14.743160      23 retrywatcher.go:129] &#34;Watch failed&#34; err=&#34;context canceled&#34;&#xA;E0918 18:31:15.743405      23 retrywatcher.go:129] &#34;Watch failed&#34; err=&#34;context canceled&#34;&#xA;E0918 18:31:16.743713      23 retrywatcher.go:129] &#34;Watch failed&#34; err=&#34;context canceled&#34;&#xA;E0918 18:31:17.744533      23 retrywatcher.go:129] &#34;Watch failed&#34; err=&#34;context canceled&#34;&#xA;E0918 18:31:18.745322      23 retrywatcher.go:129] &#34;Watch failed&#34; err=&#34;context canceled&#34;&#xA;E0918 18:31:19.745744      23 retrywatcher.go:129] &#34;Watch failed&#34; err=&#34;context canceled&#34;&#xA;E0918 18:31:20.746158      23 retrywatcher.go:129] &#34;Watch failed&#34; err=&#34;context canceled&#34;&#xA;E0918 18:31:21.746413      23 retrywatcher.go:129] &#34;Watch failed&#34; err=&#34;context canceled&#34;&#xA;E0918 18:31:22.747130      23 retrywatcher.go:129] &#34;Watch failed&#34; err=&#34;context canceled&#34;&#xA;E0918 18:31:23.747755      23 retrywatcher.go:129] &#34;Watch failed&#34; err=&#34;context canceled&#34;&#xA;E0918 18:31:24.747962      23 retrywatcher.go:129] &#34;Watch failed&#34; err=&#34;context canceled&#34;&#xA;E0918 18:31:25.748300      23 retrywatcher.go:129] &#34;Watch failed&#34; err=&#34;context canceled&#34;&#xA;E0918 18:31:26.748649      23 retrywatcher.go:129] &#34;Watch failed&#34; err=&#34;context canceled&#34;&#xA;E0918 18:31:27.749012      23 retrywatcher.go:129] &#34;Watch failed&#34; err=&#34;context canceled&#34;&#xA;E0918 18:31:28.749622      23 retrywatcher.go:129] &#34;Watch failed&#34; err=&#34;context canceled&#34;&#xA;E0918 18:31:29.749941      23 retrywatcher.go:129] &#34;Watch failed&#34; err=&#34;context canceled&#34;&#xA;E0918 18:31:30.750466      23 retrywatcher.go:129] &#34;Watch failed&#34; err=&#34;context canceled&#34;&#xA;E0918 18:31:31.750833      23 retrywatcher.go:129] &#34;Watch failed&#34; err=&#34;context canceled&#34;&#xA;E0918 18:31:32.751616      23 retrywatcher.go:129] &#34;Watch failed&#34; err=&#34;context canceled&#34;&#xA;E0918 18:31:33.752402      23 retrywatcher.go:129] &#34;Watch failed&#34; err=&#34;context canceled&#34;&#xA;Sep 18 18:31:33.967: INFO: Token eyJ2IjoibWV0YS5rOHMuaW8vdjEiLCJydiI6NDQxNDIsInN0YXJ0IjoidGVtcGxhdGUtMDAzOVx1MDAwMCJ9 has not expired yet&#xA;E0918 18:31:34.752476      23 retrywatcher.go:129] &#34;Watch failed&#34; err=&#34;context canceled&#34;&#xA;E0918 18:31:35.752755      23 retrywatcher.go:129] &#34;Watch failed&#34; err=&#34;context canceled&#34;&#xA;E0918 18:31:36.753075      23 retrywatcher.go:129] &#34;Watch failed&#34; err=&#34;context canceled&#34;&#xA;E0918 18:31:37.753428      23 retrywatcher.go:129] &#34;Watch failed&#34; err=&#34;context canceled&#34;&#xA;E0918 18:31:38.754044      23 retrywatcher.go:129] &#34;Watch failed&#34; err=&#34;context canceled&#34;&#xA;E0918 18:31:39.754402      23 retrywatcher.go:129] &#34;Watch failed&#34; err=&#34;context canceled&#34;&#xA;E0918 18:31:40.754780      23 retrywatcher.go:129] &#34;Watch failed&#34; err=&#34;context canceled&#34;&#xA;E0918 18:31:41.755187      23 retrywatcher.go:129] &#34;Watch failed&#34; err=&#34;context canceled&#34;&#xA;E0918 18:31:42.756040      23 retrywatcher.go:129] &#34;Watch failed&#34; err=&#34;context canceled&#34;&#xA;E0918 18:31:43.756715      23 retrywatcher.go:129] &#34;Watch failed&#34; err=&#34;context canceled&#34;&#xA;E0918 18:31:44.757045      23 retrywatcher.go:129] &#34;Watch failed&#34; err=&#34;context canceled&#34;&#xA;E0918 18:31:45.757357      23 retrywatcher.go:129] &#34;Watch failed&#34; err=&#34;context canceled&#34;&#xA;E0918 18:31:46.757804      23 retrywatcher.go:129] &#34;Watch failed&#34; err=&#34;context canceled&#34;&#xA;E0918 18:31:47.758333      23 retrywatcher.go:129] &#34;Watch failed&#34; err=&#34;context canceled&#34;&#xA;E0918 18:31:48.759001      23 retrywatcher.go:129] &#34;Watch failed&#34; err=&#34;context canceled&#34;&#xA;E0918 18:31:49.759274      23 retrywatcher.go:129] &#34;Watch failed&#34; err=&#34;context canceled&#34;&#xA;E0918 18:31:50.759515      23 retrywatcher.go:129] &#34;Watch failed&#34; err=&#34;context canceled&#34;&#xA;E0918 18:31:51.759747      23 retrywatcher.go:129] &#34;Watch failed&#34; err=&#34;context canceled&#34;&#xA;E0918 18:31:52.760425      23 retrywatcher.go:129] &#34;Watch failed&#34; err=&#34;context canceled&#34;&#xA;E0918 18:31:53.761051      23 retrywatcher.go:129] &#34;Watch failed&#34; err=&#34;context canceled&#34;&#xA;Sep 18 18:31:53.969: INFO: Token eyJ2IjoibWV0YS5rOHMuaW8vdjEiLCJydiI6NDQxNDIsInN0YXJ0IjoidGVtcGxhdGUtMDAzOVx1MDAwMCJ9 has not expired yet&#xA;E0918 18:31:54.761282      23 retrywatcher.go:129] &#34;Watch failed&#34; err=&#34;context canceled&#34;&#xA;E0918 18:31:55.761641      23 retrywatcher.go:129] &#34;Watch failed&#34; err=&#34;context canceled&#34;&#xA;E0918 18:31:56.762030      23 retrywatcher.go:129] &#34;Watch failed&#34; err=&#34;context canceled&#34;&#xA;E0918 18:31:57.762477      23 retrywatcher.go:129] &#34;Watch failed&#34; err=&#34;context canceled&#34;&#xA;E0918 18:31:58.763278      23 retrywatcher.go:129] &#34;Watch failed&#34; err=&#34;context canceled&#34;&#xA;E0918 18:31:59.763717      23 retrywatcher.go:129] &#34;Watch failed&#34; err=&#34;context canceled&#34;&#xA;E0918 18:32:00.764078      23 retrywatcher.go:129] &#34;Watch failed&#34; err=&#34;context canceled&#34;&#xA;E0918 18:32:01.764555      23 retrywatcher.go:129] &#34;Watch failed&#34; err=&#34;context canceled&#34;&#xA;E0918 18:32:02.764586      23 retrywatcher.go:129] &#34;Watch failed&#34; err=&#34;context canceled&#34;&#xA;E0918 18:32:03.765339      23 retrywatcher.go:129] &#34;Watch failed&#34; err=&#34;context canceled&#34;&#xA;E0918 18:32:04.765640      23 retrywatcher.go:129] &#34;Watch failed&#34; err=&#34;context canceled&#34;&#xA;E0918 18:32:05.765975      23 retrywatcher.go:129] &#34;Watch failed&#34; err=&#34;context canceled&#34;&#xA;E0918 18:32:06.766323      23 retrywatcher.go:129] &#34;Watch failed&#34; err=&#34;context canceled&#34;&#xA;E0918 18:32:07.766623      23 retrywatcher.go:129] &#34;Watch failed&#34; err=&#34;context canceled&#34;&#xA;E0918 18:32:08.767268      23 retrywatcher.go:129] &#34;Watch failed&#34; err=&#34;context canceled&#34;&#xA;E0918 18:32:09.767659      23 retrywatcher.go:129] &#34;Watch failed&#34; err=&#34;context canceled&#34;&#xA;E0918 18:32:10.767827      23 retrywatcher.go:129] &#34;Watch failed&#34; err=&#34;context canceled&#34;&#xA;E0918 18:32:11.768154      23 retrywatcher.go:129] &#34;Watch failed&#34; err=&#34;context canceled&#34;&#xA;E0918 18:32:12.768936      23 retrywatcher.go:129] &#34;Watch failed&#34; err=&#34;context canceled&#34;&#xA;E0918 18:32:13.769343      23 retrywatcher.go:129] &#34;Watch failed&#34; err=&#34;context canceled&#34;&#xA;Sep 18 18:32:13.964: INFO: Token eyJ2IjoibWV0YS5rOHMuaW8vdjEiLCJydiI6NDQxNDIsInN0YXJ0IjoidGVtcGxhdGUtMDAzOVx1MDAwMCJ9 has not expired yet&#xA;E0918 18:32:14.770174      23 retrywatcher.go:129] &#34;Watch failed&#34; err=&#34;context canceled&#34;&#xA;E0918 18:32:15.770441      23 retrywatcher.go:129] &#34;Watch failed&#34; err=&#34;context canceled&#34;&#xA;E0918 18:32:16.770769      23 retrywatcher.go:129] &#34;Watch failed&#34; err=&#34;context canceled&#34;&#xA;E0918 18:32:17.770860      23 retrywatcher.go:129] &#34;Watch failed&#34; err=&#34;context canceled&#34;&#xA;E0918 18:32:18.771625      23 retrywatcher.go:129] &#34;Watch failed&#34; err=&#34;context canceled&#34;&#xA;E0918 18:32:19.771931      23 retrywatcher.go:129] &#34;Watch failed&#34; err=&#34;context canceled&#34;&#xA;E0918 18:32:20.772385      23 retrywatcher.go:129] &#34;Watch failed&#34; err=&#34;context canceled&#34;&#xA;E0918 18:32:21.772732      23 retrywatcher.go:129] &#34;Watch failed&#34; err=&#34;context canceled&#34;&#xA;E0918 18:32:22.773428      23 retrywatcher.go:129] &#34;Watch failed&#34; err=&#34;context canceled&#34;&#xA;E0918 18:32:23.774130      23 retrywatcher.go:129] &#34;Watch failed&#34; err=&#34;context canceled&#34;&#xA;E0918 18:32:24.774333      23 retrywatcher.go:129] &#34;Watch failed&#34; err=&#34;context canceled&#34;&#xA;E0918 18:32:25.774615      23 retrywatcher.go:129] &#34;Watch failed&#34; err=&#34;context canceled&#34;&#xA;E0918 18:32:26.774987      23 retrywatcher.go:129] &#34;Watch failed&#34; err=&#34;context canceled&#34;&#xA;E0918 18:32:27.775348      23 retrywatcher.go:129] &#34;Watch failed&#34; err=&#34;context canceled&#34;&#xA;E0918 18:32:28.775967      23 retrywatcher.go:129] &#34;Watch failed&#34; err=&#34;context canceled&#34;&#xA;E0918 18:32:29.776314      23 retrywatcher.go:129] &#34;Watch failed&#34; err=&#34;context canceled&#34;&#xA;E0918 18:32:30.776654      23 retrywatcher.go:129] &#34;Watch failed&#34; err=&#34;context canceled&#34;&#xA;E0918 18:32:31.776984      23 retrywatcher.go:129] &#34;Watch failed&#34; err=&#34;context canceled&#34;&#xA;E0918 18:32:32.777648      23 retrywatcher.go:129] &#34;Watch failed&#34; err=&#34;context canceled&#34;&#xA;E0918 18:32:33.778374      23 retrywatcher.go:129] &#34;Watch failed&#34; err=&#34;context canceled&#34;&#xA;Sep 18 18:32:33.962: INFO: Token eyJ2IjoibWV0YS5rOHMuaW8vdjEiLCJydiI6NDQxNDIsInN0YXJ0IjoidGVtcGxhdGUtMDAzOVx1MDAwMCJ9 has not expired yet&#xA;Sep 18 18:32:33.967: INFO: Token eyJ2IjoibWV0YS5rOHMuaW8vdjEiLCJydiI6NDQxNDIsInN0YXJ0IjoidGVtcGxhdGUtMDAzOVx1MDAwMCJ9 has not expired yet&#xA;STEP: retrieving the second page again with the token received with the error message - k8s.io/kubernetes/test/e2e/apimachinery/chunking.go:190 @ 09/18/24 18:32:33.967&#xA;[FAILED] Expected&#xA;    &lt;int&gt;: 440&#xA;to be ==&#xA;    &lt;int&gt;: 400&#xA;In [It] at: k8s.io/kubernetes/test/e2e/apimachinery/chunking.go:202 @ 09/18/24 18:32:33.974&#xA;&lt; Exit [It] should support continue listing from the last key if the original version has been compacted away, though the list is inconsistent [Slow] [Conformance] - k8s.io/kubernetes/test/e2e/apimachinery/chunking.go:144 @ 09/18/24 18:32:33.974 (10m0.072s)&#xA;&gt; Enter [DeferCleanup (Each)] [sig-api-machinery] Servers with support for API chunking - k8s.io/kubernetes/test/e2e/framework/node/init/init.go:34 @ 09/18/24 18:32:33.974&#xA;Sep 18 18:32:33.974: INFO: Waiting up to 7m0s for all (but 0) nodes to be ready&#xA;&lt; Exit [DeferCleanup (Each)] [sig-api-machinery] Servers with support for API chunking - k8s.io/kubernetes/test/e2e/framework/node/init/init.go:34 @ 09/18/24 18:32:33.978 (4ms)&#xA;&gt; Enter [DeferCleanup (Each)] [sig-api-machinery] Servers with support for API chunking - k8s.io/kubernetes/test/e2e/framework/metrics/init/init.go:35 @ 09/18/24 18:32:33.978&#xA;&lt; Exit [DeferCleanup (Each)] [sig-api-machinery] Servers with support for API chunking - k8s.io/kubernetes/test/e2e/framework/metrics/init/init.go:35 @ 09/18/24 18:32:33.978 (0s)&#xA;&gt; Enter [DeferCleanup (Each)] [sig-api-machinery] Servers with support for API chunking - dump namespaces | framework.go:218 @ 09/18/24 18:32:33.978&#xA;STEP: dump namespace information after failure - k8s.io/kubernetes/test/e2e/framework/framework.go:297 @ 09/18/24 18:32:33.978&#xA;STEP: Collecting events from namespace &#34;chunking-2954&#34;. - k8s.io/kubernetes/test/e2e/framework/debug/dump.go:42 @ 09/18/24 18:32:33.978&#xA;STEP: Found 0 events. - k8s.io/kubernetes/test/e2e/framework/debug/dump.go:46 @ 09/18/24 18:32:33.982&#xA;Sep 18 18:32:33.986: INFO: POD  NODE  PHASE  GRACE  CONDITIONS&#xA;Sep 18 18:32:33.986: INFO: &#xA;Sep 18 18:32:33.990: INFO: &#xA;Logging node info for node k3s-k3s-conformance-0ac3-b64c97-node-pool-74c5-3v5ye&#xA;Sep 18 18:32:33.992: INFO: Node Info: &amp;Node{ObjectMeta:{k3s-k3s-conformance-0ac3-b64c97-node-pool-74c5-3v5ye    20d26434-4b53-4ee0-9896-14d2a4c1b5a8 44586 0 2024-09-18 12:48:20 +0000 UTC &lt;nil&gt; &lt;nil&gt; map[beta.kubernetes.io/arch:amd64 beta.kubernetes.io/instance-type:g4s.kube.large beta.kubernetes.io/os:linux k3s.io/external-ip:31.28.88.169 kubernetes.civo.com/civo-node-pool:2beb0af5-7d92-44c2-856f-3d10a26b3f43 kubernetes.civo.com/civo-node-size:g4s.kube.large kubernetes.io/arch:amd64 kubernetes.io/hostname:k3s-k3s-conformance-0ac3-b64c97-node-pool-74c5-3v5ye kubernetes.io/os:linux node.kubernetes.io/instance-type:g4s.kube.large region:staging topology.kubernetes.io/region:staging] map[alpha.kubernetes.io/provided-node-ip:192.168.1.3 csi.volume.kubernetes.io/nodeid:{&#34;csi.civo.com&#34;:&#34;67a6ce88-da7e-40e1-85be-0e2bf61c1429&#34;} flannel.alpha.coreos.com/backend-data:null flannel.alpha.coreos.com/backend-type:host-gw flannel.alpha.coreos.com/kube-subnet-manager:true flannel.alpha.coreos.com/public-ip:192.168.1.3 k3s.io/node-args:[&#34;agent&#34;,&#34;--server&#34;,&#34;https://31.28.88.169:6443&#34;,&#34;--token&#34;,&#34;********&#34;,&#34;--node-label&#34;,&#34;kubernetes.civo.com/civo-node-pool=2beb0af5-7d92-44c2-856f-3d10a26b3f43&#34;,&#34;--node-label&#34;,&#34;kubernetes.civo.com/civo-node-size=g4s.kube.large&#34;,&#34;--node-label&#34;,&#34;k3s.io/external-ip=31.28.88.169&#34;,&#34;--kubelet-arg&#34;,&#34;cloud-provider=external&#34;,&#34;--kubelet-arg&#34;,&#34;kube-reserved=cpu=180m,memory=500Mi,ephemeral-storage=2Gi&#34;,&#34;--kubelet-arg&#34;,&#34;eviction-hard=memory.available\u003c100Mi,nodefs.available\u003c10%,nodefs.inodesFree\u003c5%,pid.available\u003c10%&#34;] k3s.io/node-config-hash:6E6BOINFTVXTGNNDMIOYA7PYNU63M2KTFAD7RA2LK4JF4KCIANSA==== k3s.io/node-env:{} node.alpha.kubernetes.io/ttl:0 volumes.kubernetes.io/controller-managed-attach-detach:true] [] [wrangler.cattle.io/node] [{k3s-supervisor@k3s-k3s-conformance-0ac3-b64c97-master-1092 Update v1 2024-09-18 12:48:20 +0000 UTC FieldsV1 {&#34;f:metadata&#34;:{&#34;f:finalizers&#34;:{&#34;.&#34;:{},&#34;v:\&#34;wrangler.cattle.io/node\&#34;&#34;:{}}}} } {k3s Update v1 2024-09-18 12:48:25 +0000 UTC FieldsV1 {&#34;f:metadata&#34;:{&#34;f:annotations&#34;:{&#34;.&#34;:{},&#34;f:alpha.kubernetes.io/provided-node-ip&#34;:{},&#34;f:k3s.io/node-args&#34;:{},&#34;f:k3s.io/node-config-hash&#34;:{},&#34;f:k3s.io/node-env&#34;:{},&#34;f:node.alpha.kubernetes.io/ttl&#34;:{},&#34;f:volumes.kubernetes.io/controller-managed-attach-detach&#34;:{}},&#34;f:labels&#34;:{&#34;.&#34;:{},&#34;f:beta.kubernetes.io/arch&#34;:{},&#34;f:beta.kubernetes.io/os&#34;:{},&#34;f:k3s.io/external-ip&#34;:{},&#34;f:kubernetes.civo.com/civo-node-pool&#34;:{},&#34;f:kubernetes.civo.com/civo-node-size&#34;:{},&#34;f:kubernetes.io/arch&#34;:{},&#34;f:kubernetes.io/hostname&#34;:{},&#34;f:kubernetes.io/os&#34;:{}}},&#34;f:spec&#34;:{&#34;f:podCIDR&#34;:{},&#34;f:podCIDRs&#34;:{&#34;.&#34;:{},&#34;v:\&#34;10.42.0.0/24\&#34;&#34;:{}}}} } {manager Update v1 2024-09-18 12:48:26 +0000 UTC FieldsV1 {&#34;f:metadata&#34;:{&#34;f:labels&#34;:{&#34;f:topology.kubernetes.io/region&#34;:{}}}} } {civo-cloud-controller-manager Update v1 2024-09-18 12:48:34 +0000 UTC FieldsV1 {&#34;f:metadata&#34;:{&#34;f:labels&#34;:{&#34;f:beta.kubernetes.io/instance-type&#34;:{},&#34;f:node.kubernetes.io/instance-type&#34;:{}}},&#34;f:spec&#34;:{&#34;f:providerID&#34;:{}}} } {civo-cloud-controller-manager Update v1 2024-09-18 12:48:34 +0000 UTC FieldsV1 {&#34;f:status&#34;:{&#34;f:addresses&#34;:{&#34;k:{\&#34;type\&#34;:\&#34;ExternalIP\&#34;}&#34;:{&#34;.&#34;:{},&#34;f:address&#34;:{},&#34;f:type&#34;:{}}}}} status} {k3s Update v1 2024-09-18 18:28:06 +0000 UTC FieldsV1 {&#34;f:metadata&#34;:{&#34;f:annotations&#34;:{&#34;f:csi.volume.kubernetes.io/nodeid&#34;:{},&#34;f:flannel.alpha.coreos.com/backend-data&#34;:{},&#34;f:flannel.alpha.coreos.com/backend-type&#34;:{},&#34;f:flannel.alpha.coreos.com/kube-subnet-manager&#34;:{},&#34;f:flannel.alpha.coreos.com/public-ip&#34;:{}},&#34;f:labels&#34;:{&#34;f:region&#34;:{}}},&#34;f:status&#34;:{&#34;f:conditions&#34;:{&#34;k:{\&#34;type\&#34;:\&#34;DiskPressure\&#34;}&#34;:{&#34;f:lastHeartbeatTime&#34;:{}},&#34;k:{\&#34;type\&#34;:\&#34;MemoryPressure\&#34;}&#34;:{&#34;f:lastHeartbeatTime&#34;:{}},&#34;k:{\&#34;type\&#34;:\&#34;PIDPressure\&#34;}&#34;:{&#34;f:lastHeartbeatTime&#34;:{}},&#34;k:{\&#34;type\&#34;:\&#34;Ready\&#34;}&#34;:{&#34;f:lastHeartbeatTime&#34;:{},&#34;f:message&#34;:{},&#34;f:reason&#34;:{},&#34;f:status&#34;:{}}},&#34;f:images&#34;:{}}} status} {node-problem-detector Update v1 2024-09-18 18:29:46 +0000 UTC FieldsV1 {&#34;f:status&#34;:{&#34;f:conditions&#34;:{&#34;k:{\&#34;type\&#34;:\&#34;KernelDeadlock\&#34;}&#34;:{&#34;.&#34;:{},&#34;f:lastHeartbeatTime&#34;:{},&#34;f:lastTransitionTime&#34;:{},&#34;f:message&#34;:{},&#34;f:reason&#34;:{},&#34;f:status&#34;:{},&#34;f:type&#34;:{}},&#34;k:{\&#34;type\&#34;:\&#34;ReadonlyFilesystem\&#34;}&#34;:{&#34;.&#34;:{},&#34;f:lastHeartbeatTime&#34;:{},&#34;f:lastTransitionTime&#34;:{},&#34;f:message&#34;:{},&#34;f:reason&#34;:{},&#34;f:status&#34;:{},&#34;f:type&#34;:{}}}}} status}]},Spec:NodeSpec{PodCIDR:10.42.0.0/24,DoNotUseExternalID:,ProviderID:civo://67a6ce88-da7e-40e1-85be-0e2bf61c1429,Unschedulable:false,Taints:[]Taint{},ConfigSource:nil,PodCIDRs:[10.42.0.0/24],},Status:NodeStatus{Capacity:ResourceList{cpu: {{4 0} {&lt;nil&gt;} 4 DecimalSI},ephemeral-storage: {{60005421056 0} {&lt;nil&gt;} 58599044Ki BinarySI},hugepages-1Gi: {{0 0} {&lt;nil&gt;} 0 DecimalSI},hugepages-2Mi: {{0 0} {&lt;nil&gt;} 0 DecimalSI},memory: {{7951101952 0} {&lt;nil&gt;} 7764748Ki BinarySI},pods: {{110 0} {&lt;nil&gt;} 110 DecimalSI},},Allocatable:ResourceList{cpu: {{3820 -3} {&lt;nil&gt;} 3820m DecimalSI},ephemeral-storage: {{51857395213 0} {&lt;nil&gt;} 51857395213 DecimalSI},hugepages-1Gi: {{0 0} {&lt;nil&gt;} 0 DecimalSI},hugepages-2Mi: {{0 0} {&lt;nil&gt;} 0 DecimalSI},memory: {{7321956352 0} {&lt;nil&gt;} 7150348Ki BinarySI},pods: {{110 0} {&lt;nil&gt;} 110 DecimalSI},},Phase:,Conditions:[]NodeCondition{NodeCondition{Type:KernelDeadlock,Status:False,LastHeartbeatTime:2024-09-18 18:29:46 +0000 UTC,LastTransitionTime:2024-09-18 12:49:08 +0000 UTC,Reason:KernelHasNoDeadlock,Message:kernel has no deadlock,},NodeCondition{Type:ReadonlyFilesystem,Status:False,LastHeartbeatTime:2024-09-18 18:29:46 +0000 UTC,LastTransitionTime:2024-09-18 12:49:08 +0000 UTC,Reason:FilesystemIsNotReadOnly,Message:Filesystem is not read-only,},NodeCondition{Type:MemoryPressure,Status:False,LastHeartbeatTime:2024-09-18 18:28:06 +0000 UTC,LastTransitionTime:2024-09-18 12:48:20 +0000 UTC,Reason:KubeletHasSufficientMemory,Message:kubelet has sufficient memory available,},NodeCondition{Type:DiskPressure,Status:False,LastHeartbeatTime:2024-09-18 18:28:06 +0000 UTC,LastTransitionTime:2024-09-18 12:48:20 +0000 UTC,Reason:KubeletHasNoDiskPressure,Message:kubelet has no disk pressure,},NodeCondition{Type:PIDPressure,Status:False,LastHeartbeatTime:2024-09-18 18:28:06 +0000 UTC,LastTransitionTime:2024-09-18 12:48:20 +0000 UTC,Reason:KubeletHasSufficientPID,Message:kubelet has sufficient PID available,},NodeCondition{Type:Ready,Status:True,LastHeartbeatTime:2024-09-18 18:28:06 +0000 UTC,LastTransitionTime:2024-09-18 12:48:20 +0000 UTC,Reason:KubeletReady,Message:kubelet is posting ready status,},},Addresses:[]NodeAddress{NodeAddress{Type:InternalIP,Address:192.168.1.3,},NodeAddress{Type:ExternalIP,Address:31.28.88.169,},NodeAddress{Type:Hostname,Address:k3s-k3s-conformance-0ac3-b64c97-node-pool-74c5-3v5ye,},},DaemonEndpoints:NodeDaemonEndpoints{KubeletEndpoint:DaemonEndpoint{Port:10250,},},NodeInfo:NodeSystemInfo{MachineID:4c67627f9ad221739073d92266e9855c,SystemUUID:5f422a31-cc0b-5267-9362-f32c9a479c5e,BootID:4eed8646-6d19-44db-b2ac-b4254a532751,KernelVersion:6.1.110-0-virt,OSImage:Alpine Linux v3.18,ContainerRuntimeVersion:containerd://1.7.20-k3s1,KubeletVersion:v1.29.8+k3s1,KubeProxyVersion:v1.29.8+k3s1,OperatingSystem:linux,Architecture:amd64,},Images:[]ContainerImage{ContainerImage{Names:[registry.k8s.io/e2e-test-images/agnhost@sha256:cc249acbd34692826b2b335335615e060fdb3c0bca4954507aa3a1d1194de253 registry.k8s.io/e2e-test-images/agnhost:2.47],SizeBytes:52529911,},ContainerImage{Names:[registry.k8s.io/e2e-test-images/httpd@sha256:3fe7acf013d1264ffded116b80a73dc129a449b0fccdb8d21af8279f2233f36e registry.k8s.io/e2e-test-images/httpd:2.4.39-4],SizeBytes:41901587,},ContainerImage{Names:[registry.k8s.io/e2e-test-images/httpd@sha256:148b022f5c5da426fc2f3c14b5c0867e58ef05961510c84749ac1fddcb0fef22 registry.k8s.io/e2e-test-images/httpd:2.4.38-4],SizeBytes:40764257,},ContainerImage{Names:[docker.io/rancher/mirrored-library-traefik@sha256:0842af6afcdf4305d17e862bad4eaf379d0817c987eedabeaff334e2273459c1 docker.io/rancher/mirrored-library-traefik:2.9.4],SizeBytes:38663779,},ContainerImage{Names:[k8s.gcr.io/sig-storage/csi-provisioner@sha256:c8e03f60afa90a28e4bb6ec9a8d0fc36d89de4b7475cf2d613afa793ec969fe0 k8s.gcr.io/sig-storage/csi-provisioner:v2.2.0],SizeBytes:22629806,},ContainerImage{Names:[k8s.gcr.io/sig-storage/csi-resizer@sha256:9ebbf9f023e7b41ccee3d52afe39a89e3ddacdbb69269d583abfc25847cfd9e4 k8s.gcr.io/sig-storage/csi-resizer:v1.4.0],SizeBytes:22381475,},ContainerImage{Names:[k8s.gcr.io/sig-storage/csi-attacher@sha256:50c3cfd458fc8e0bf3c8c521eac39172009382fc66dc5044a330d137c6ed0b09 k8s.gcr.io/sig-storage/csi-attacher:v3.1.0],SizeBytes:20103959,},ContainerImage{Names:[docker.io/rancher/mirrored-metrics-server@sha256:20b8b36f8cac9e25aa2a0ff35147b13643bfec603e7e7480886632330a3bbc59 docker.io/rancher/mirrored-metrics-server:v0.7.0],SizeBytes:19434712,},ContainerImage{Names:[docker.io/civo/civo-cloud-controller-manager@sha256:56d595d0aee54b3e01de5b9c91eaa2db83a3f2c4a0cc0520052b01698941dc04 docker.io/civo/civo-cloud-controller-manager:latest],SizeBytes:16796622,},ContainerImage{Names:[docker.io/rancher/mirrored-coredns-coredns@sha256:a11fafae1f8037cbbd66c5afa40ba2423936b72b4fd50a7034a7e8b955163594 docker.io/rancher/mirrored-coredns-coredns:1.10.1],SizeBytes:16190137,},ContainerImage{Names:[gcr.io/consummate-yew-302509/csi@sha256:af60b9cd56d9b35fa5c9508e573bf9fbd0b8ba8c563cd5e94bc78657c1d38728 gcr.io/consummate-yew-302509/csi:latest],SizeBytes:11133551,},ContainerImage{Names:[k8s.gcr.io/sig-storage/csi-node-driver-registrar@sha256:0103eee7c35e3e0b5cd8cdca9850dc71c793cdeb6669d8be7a89440da2d06ae4 k8s.gcr.io/sig-storage/csi-node-driver-registrar:v2.5.1],SizeBytes:9133109,},ContainerImage{Names:[registry.k8s.io/e2e-test-images/nginx@sha256:5c99cf6a02adda929b10321dbf4ecfa00d87be9ba4fb456006237d530ab4baa1 registry.k8s.io/e2e-test-images/nginx:1.14-4],SizeBytes:6978614,},ContainerImage{Names:[registry.k8s.io/pause@sha256:7031c1b283388d2c2e09b57badb803c05ebed362dc88d84b480cc47f72a21097 registry.k8s.io/pause:3.9],SizeBytes:321520,},ContainerImage{Names:[docker.io/rancher/mirrored-pause@sha256:74c4244427b7312c5b901fe0f67cbc53683d06f4f24c6faee65d4182bf0fa893 docker.io/rancher/mirrored-pause:3.6],SizeBytes:301463,},},VolumesInUse:[],VolumesAttached:[]AttachedVolume{},Config:nil,},}&#xA;Sep 18 18:32:33.993: INFO: &#xA;Logging kubelet events for node k3s-k3s-conformance-0ac3-b64c97-node-pool-74c5-3v5ye&#xA;Sep 18 18:32:33.998: INFO: &#xA;Logging pods the kubelet thinks is on node k3s-k3s-conformance-0ac3-b64c97-node-pool-74c5-3v5ye&#xA;Sep 18 18:32:34.019: INFO: metrics-server-54fd9b65b-5sl6m started at 2024-09-18 12:48:34 +0000 UTC (0+1 container statuses recorded)&#xA;Sep 18 18:32:34.019: INFO: &#x9;Container metrics-server ready: true, restart count 0&#xA;Sep 18 18:32:34.019: INFO: civo-csi-node-wf5sf started at 2024-09-18 12:48:34 +0000 UTC (0+2 container statuses recorded)&#xA;Sep 18 18:32:34.019: INFO: &#x9;Container civo-csi-plugin ready: true, restart count 0&#xA;Sep 18 18:32:34.019: INFO: &#x9;Container csi-driver-registrar ready: true, restart count 0&#xA;Sep 18 18:32:34.019: INFO: civo-ccm-7c6dbfd8c4-k7wrb started at 2024-09-18 12:48:25 +0000 UTC (0+1 container statuses recorded)&#xA;Sep 18 18:32:34.019: INFO: &#x9;Container civo-ccm ready: true, restart count 0&#xA;Sep 18 18:32:34.019: INFO: civo-csi-controller-0 started at 2024-09-18 12:48:34 +0000 UTC (0+4 container statuses recorded)&#xA;Sep 18 18:32:34.019: INFO: &#x9;Container civo-csi-plugin ready: true, restart count 0&#xA;Sep 18 18:32:34.019: INFO: &#x9;Container csi-attacher ready: true, restart count 0&#xA;Sep 18 18:32:34.019: INFO: &#x9;Container csi-provisioner ready: true, restart count 0&#xA;Sep 18 18:32:34.019: INFO: &#x9;Container csi-resizer ready: true, restart count 0&#xA;Sep 18 18:32:34.019: INFO: coredns-6799fbcd5-vp5tx started at 2024-09-18 12:48:34 +0000 UTC (0+1 container statuses recorded)&#xA;Sep 18 18:32:34.019: INFO: &#x9;Container coredns ready: true, restart count 0&#xA;Sep 18 18:32:34.019: INFO: traefik-j9mnn started at 2024-09-18 13:03:25 +0000 UTC (0+1 container statuses recorded)&#xA;Sep 18 18:32:34.019: INFO: &#x9;Container traefik ready: true, restart count 0&#xA;Sep 18 18:32:34.092: INFO: &#xA;Latency metrics for node k3s-k3s-conformance-0ac3-b64c97-node-pool-74c5-3v5ye&#xA;Sep 18 18:32:34.092: INFO: &#xA;Logging node info for node k3s-k3s-conformance-0ac3-b64c97-node-pool-74c5-fv3bq&#xA;Sep 18 18:32:34.099: INFO: Node Info: &amp;Node{ObjectMeta:{k3s-k3s-conformance-0ac3-b64c97-node-pool-74c5-fv3bq    15d88908-771d-4087-98d1-2ed2cf144b70 44578 0 2024-09-18 12:48:21 +0000 UTC &lt;nil&gt; &lt;nil&gt; map[beta.kubernetes.io/arch:amd64 beta.kubernetes.io/instance-type:g4s.kube.large beta.kubernetes.io/os:linux k3s.io/external-ip:31.28.88.169 kubernetes.civo.com/civo-node-pool:2beb0af5-7d92-44c2-856f-3d10a26b3f43 kubernetes.civo.com/civo-node-size:g4s.kube.large kubernetes.io/arch:amd64 kubernetes.io/hostname:k3s-k3s-conformance-0ac3-b64c97-node-pool-74c5-fv3bq kubernetes.io/os:linux node.kubernetes.io/instance-type:g4s.kube.large region:staging topology.kubernetes.io/region:staging] map[alpha.kubernetes.io/provided-node-ip:192.168.1.4 csi.volume.kubernetes.io/nodeid:{&#34;csi.civo.com&#34;:&#34;afa651fd-5d11-4f4f-a2a2-a32cdcd7bca0&#34;} flannel.alpha.coreos.com/backend-data:null flannel.alpha.coreos.com/backend-type:host-gw flannel.alpha.coreos.com/kube-subnet-manager:true flannel.alpha.coreos.com/public-ip:192.168.1.4 k3s.io/node-args:[&#34;agent&#34;,&#34;--server&#34;,&#34;https://31.28.88.169:6443&#34;,&#34;--token&#34;,&#34;********&#34;,&#34;--node-label&#34;,&#34;kubernetes.civo.com/civo-node-pool=2beb0af5-7d92-44c2-856f-3d10a26b3f43&#34;,&#34;--node-label&#34;,&#34;kubernetes.civo.com/civo-node-size=g4s.kube.large&#34;,&#34;--node-label&#34;,&#34;k3s.io/external-ip=31.28.88.169&#34;,&#34;--kubelet-arg&#34;,&#34;cloud-provider=external&#34;,&#34;--kubelet-arg&#34;,&#34;kube-reserved=cpu=180m,memory=500Mi,ephemeral-storage=2Gi&#34;,&#34;--kubelet-arg&#34;,&#34;eviction-hard=memory.available\u003c100Mi,nodefs.available\u003c10%,nodefs.inodesFree\u003c5%,pid.available\u003c10%&#34;] k3s.io/node-config-hash:6E6BOINFTVXTGNNDMIOYA7PYNU63M2KTFAD7RA2LK4JF4KCIANSA==== k3s.io/node-env:{} node.alpha.kubernetes.io/ttl:0 volumes.kubernetes.io/controller-managed-attach-detach:true] [] [wrangler.cattle.io/node] [{k3s-supervisor@k3s-k3s-conformance-0ac3-b64c97-master-1092 Update v1 2024-09-18 12:48:22 +0000 UTC FieldsV1 {&#34;f:metadata&#34;:{&#34;f:finalizers&#34;:{&#34;.&#34;:{},&#34;v:\&#34;wrangler.cattle.io/node\&#34;&#34;:{}}}} } {k3s Update v1 2024-09-18 12:48:25 +0000 UTC FieldsV1 {&#34;f:metadata&#34;:{&#34;f:annotations&#34;:{&#34;.&#34;:{},&#34;f:alpha.kubernetes.io/provided-node-ip&#34;:{},&#34;f:k3s.io/node-args&#34;:{},&#34;f:k3s.io/node-config-hash&#34;:{},&#34;f:k3s.io/node-env&#34;:{},&#34;f:node.alpha.kubernetes.io/ttl&#34;:{},&#34;f:volumes.kubernetes.io/controller-managed-attach-detach&#34;:{}},&#34;f:labels&#34;:{&#34;.&#34;:{},&#34;f:beta.kubernetes.io/arch&#34;:{},&#34;f:beta.kubernetes.io/os&#34;:{},&#34;f:k3s.io/external-ip&#34;:{},&#34;f:kubernetes.civo.com/civo-node-pool&#34;:{},&#34;f:kubernetes.civo.com/civo-node-size&#34;:{},&#34;f:kubernetes.io/arch&#34;:{},&#34;f:kubernetes.io/hostname&#34;:{},&#34;f:kubernetes.io/os&#34;:{}}},&#34;f:spec&#34;:{&#34;f:podCIDR&#34;:{},&#34;f:podCIDRs&#34;:{&#34;.&#34;:{},&#34;v:\&#34;10.42.1.0/24\&#34;&#34;:{}}}} } {manager Update v1 2024-09-18 12:48:26 +0000 UTC FieldsV1 {&#34;f:metadata&#34;:{&#34;f:labels&#34;:{&#34;f:topology.kubernetes.io/region&#34;:{}}}} } {civo-cloud-controller-manager Update v1 2024-09-18 12:48:34 +0000 UTC FieldsV1 {&#34;f:metadata&#34;:{&#34;f:labels&#34;:{&#34;f:beta.kubernetes.io/instance-type&#34;:{},&#34;f:node.kubernetes.io/instance-type&#34;:{}}},&#34;f:spec&#34;:{&#34;f:providerID&#34;:{}}} } {e2e.test Update v1 2024-09-18 17:28:49 +0000 UTC FieldsV1 {&#34;f:status&#34;:{&#34;f:allocatable&#34;:{&#34;f:example.com/fakecpu&#34;:{}},&#34;f:capacity&#34;:{&#34;f:example.com/fakecpu&#34;:{}}}} status} {k3s Update v1 2024-09-18 18:28:41 +0000 UTC FieldsV1 {&#34;f:metadata&#34;:{&#34;f:annotations&#34;:{&#34;f:csi.volume.kubernetes.io/nodeid&#34;:{},&#34;f:flannel.alpha.coreos.com/backend-data&#34;:{},&#34;f:flannel.alpha.coreos.com/backend-type&#34;:{},&#34;f:flannel.alpha.coreos.com/kube-subnet-manager&#34;:{},&#34;f:flannel.alpha.coreos.com/public-ip&#34;:{}},&#34;f:labels&#34;:{&#34;f:region&#34;:{}}},&#34;f:status&#34;:{&#34;f:conditions&#34;:{&#34;k:{\&#34;type\&#34;:\&#34;DiskPressure\&#34;}&#34;:{&#34;f:lastHeartbeatTime&#34;:{}},&#34;k:{\&#34;type\&#34;:\&#34;MemoryPressure\&#34;}&#34;:{&#34;f:lastHeartbeatTime&#34;:{}},&#34;k:{\&#34;type\&#34;:\&#34;PIDPressure\&#34;}&#34;:{&#34;f:lastHeartbeatTime&#34;:{}},&#34;k:{\&#34;type\&#34;:\&#34;Ready\&#34;}&#34;:{&#34;f:lastHeartbeatTime&#34;:{},&#34;f:message&#34;:{},&#34;f:reason&#34;:{},&#34;f:status&#34;:{}}},&#34;f:images&#34;:{}}} status} {node-problem-detector Update v1 2024-09-18 18:29:40 +0000 UTC FieldsV1 {&#34;f:status&#34;:{&#34;f:conditions&#34;:{&#34;k:{\&#34;type\&#34;:\&#34;KernelDeadlock\&#34;}&#34;:{&#34;.&#34;:{},&#34;f:lastHeartbeatTime&#34;:{},&#34;f:lastTransitionTime&#34;:{},&#34;f:message&#34;:{},&#34;f:reason&#34;:{},&#34;f:status&#34;:{},&#34;f:type&#34;:{}},&#34;k:{\&#34;type\&#34;:\&#34;ReadonlyFilesystem\&#34;}&#34;:{&#34;.&#34;:{},&#34;f:lastHeartbeatTime&#34;:{},&#34;f:lastTransitionTime&#34;:{},&#34;f:message&#34;:{},&#34;f:reason&#34;:{},&#34;f:status&#34;:{},&#34;f:type&#34;:{}}}}} status}]},Spec:NodeSpec{PodCIDR:10.42.1.0/24,DoNotUseExternalID:,ProviderID:civo://afa651fd-5d11-4f4f-a2a2-a32cdcd7bca0,Unschedulable:false,Taints:[]Taint{},ConfigSource:nil,PodCIDRs:[10.42.1.0/24],},Status:NodeStatus{Capacity:ResourceList{cpu: {{4 0} {&lt;nil&gt;} 4 DecimalSI},ephemeral-storage: {{60005421056 0} {&lt;nil&gt;} 58599044Ki BinarySI},example.com/fakecpu: {{1 3} {&lt;nil&gt;} 1k DecimalSI},hugepages-1Gi: {{0 0} {&lt;nil&gt;} 0 DecimalSI},hugepages-2Mi: {{0 0} {&lt;nil&gt;} 0 DecimalSI},memory: {{7951101952 0} {&lt;nil&gt;} 7764748Ki BinarySI},pods: {{110 0} {&lt;nil&gt;} 110 DecimalSI},},Allocatable:ResourceList{cpu: {{3820 -3} {&lt;nil&gt;} 3820m DecimalSI},ephemeral-storage: {{51857395213 0} {&lt;nil&gt;} 51857395213 DecimalSI},example.com/fakecpu: {{1 3} {&lt;nil&gt;} 1k DecimalSI},hugepages-1Gi: {{0 0} {&lt;nil&gt;} 0 DecimalSI},hugepages-2Mi: {{0 0} {&lt;nil&gt;} 0 DecimalSI},memory: {{7321956352 0} {&lt;nil&gt;} 7150348Ki BinarySI},pods: {{110 0} {&lt;nil&gt;} 110 DecimalSI},},Phase:,Conditions:[]NodeCondition{NodeCondition{Type:KernelDeadlock,Status:False,LastHeartbeatTime:2024-09-18 18:29:40 +0000 UTC,LastTransitionTime:2024-09-18 12:49:04 +0000 UTC,Reason:KernelHasNoDeadlock,Message:kernel has no deadlock,},NodeCondition{Type:ReadonlyFilesystem,Status:False,LastHeartbeatTime:2024-09-18 18:29:40 +0000 UTC,LastTransitionTime:2024-09-18 12:49:04 +0000 UTC,Reason:FilesystemIsNotReadOnly,Message:Filesystem is not read-only,},NodeCondition{Type:MemoryPressure,Status:False,LastHeartbeatTime:2024-09-18 18:28:41 +0000 UTC,LastTransitionTime:2024-09-18 12:48:21 +0000 UTC,Reason:KubeletHasSufficientMemory,Message:kubelet has sufficient memory available,},NodeCondition{Type:DiskPressure,Status:False,LastHeartbeatTime:2024-09-18 18:28:41 +0000 UTC,LastTransitionTime:2024-09-18 12:48:21 +0000 UTC,Reason:KubeletHasNoDiskPressure,Message:kubelet has no disk pressure,},NodeCondition{Type:PIDPressure,Status:False,LastHeartbeatTime:2024-09-18 18:28:41 +0000 UTC,LastTransitionTime:2024-09-18 12:48:21 +0000 UTC,Reason:KubeletHasSufficientPID,Message:kubelet has sufficient PID available,},NodeCondition{Type:Ready,Status:True,LastHeartbeatTime:2024-09-18 18:28:41 +0000 UTC,LastTransitionTime:2024-09-18 12:48:21 +0000 UTC,Reason:KubeletReady,Message:kubelet is posting ready status,},},Addresses:[]NodeAddress{NodeAddress{Type:InternalIP,Address:192.168.1.4,},NodeAddress{Type:Hostname,Address:k3s-k3s-conformance-0ac3-b64c97-node-pool-74c5-fv3bq,},},DaemonEndpoints:NodeDaemonEndpoints{KubeletEndpoint:DaemonEndpoint{Port:10250,},},NodeInfo:NodeSystemInfo{MachineID:4c67627f9ad221739073d92266e9855c,SystemUUID:28cecede-baf2-51c5-9242-108336757357,BootID:db589980-72d9-4cae-b3e5-212459600645,KernelVersion:6.1.110-0-virt,OSImage:Alpine Linux v3.18,ContainerRuntimeVersion:containerd://1.7.20-k3s1,KubeletVersion:v1.29.8+k3s1,KubeProxyVersion:v1.29.8+k3s1,OperatingSystem:linux,Architecture:amd64,},Images:[]ContainerImage{ContainerImage{Names:[registry.k8s.io/e2e-test-images/jessie-dnsutils@sha256:24aaf2626d6b27864c29de2097e8bbb840b3a414271bf7c8995e431e47d8408e registry.k8s.io/e2e-test-images/jessie-dnsutils:1.7],SizeBytes:112030336,},ContainerImage{Names:[gcr.io/consummate-yew-302509/marketplace-installer@sha256:65990ef7bc37d67d5a40a5a8eece3eab1f29032571b0753aac802071eea65a72 gcr.io/consummate-yew-302509/marketplace-installer:latest],SizeBytes:58190227,},ContainerImage{Names:[registry.k8s.io/etcd@sha256:44a8e24dcbba3470ee1fee21d5e88d128c936e9b55d4bc51fbef8086f8ed123b registry.k8s.io/etcd:3.5.12-0],SizeBytes:57236178,},ContainerImage{Names:[registry.k8s.io/e2e-test-images/agnhost@sha256:cc249acbd34692826b2b335335615e060fdb3c0bca4954507aa3a1d1194de253 registry.k8s.io/e2e-test-images/agnhost:2.47],SizeBytes:52529911,},ContainerImage{Names:[registry.k8s.io/e2e-test-images/nautilus@sha256:80ba6c8c44f9623f06e868a1aa66026c8ec438ad814f9ec95e9333b415fe3550 registry.k8s.io/e2e-test-images/nautilus:1.7],SizeBytes:49641698,},ContainerImage{Names:[registry.k8s.io/e2e-test-images/httpd@sha256:3fe7acf013d1264ffded116b80a73dc129a449b0fccdb8d21af8279f2233f36e registry.k8s.io/e2e-test-images/httpd:2.4.39-4],SizeBytes:41901587,},ContainerImage{Names:[registry.k8s.io/e2e-test-images/httpd@sha256:148b022f5c5da426fc2f3c14b5c0867e58ef05961510c84749ac1fddcb0fef22 registry.k8s.io/e2e-test-images/httpd:2.4.38-4],SizeBytes:40764257,},ContainerImage{Names:[docker.io/rancher/mirrored-library-traefik@sha256:0842af6afcdf4305d17e862bad4eaf379d0817c987eedabeaff334e2273459c1 docker.io/rancher/mirrored-library-traefik:2.9.4],SizeBytes:38663779,},ContainerImage{Names:[registry.k8s.io/e2e-test-images/sample-apiserver@sha256:8d70890151aa5d096f331cb9da1b9cd5be0412b7363fe67b5c3befdcaa2a28d0 registry.k8s.io/e2e-test-images/sample-apiserver:1.17.7],SizeBytes:25667066,},ContainerImage{Names:[docker.io/sonobuoy/sonobuoy@sha256:4f04827cf2661cbdad29255484c040f101f179a3e203d2bf29913ebab0eda240 docker.io/sonobuoy/sonobuoy:v0.57.2],SizeBytes:23402550,},ContainerImage{Names:[gcr.io/consummate-yew-302509/csi@sha256:af60b9cd56d9b35fa5c9508e573bf9fbd0b8ba8c563cd5e94bc78657c1d38728 gcr.io/consummate-yew-302509/csi:latest],SizeBytes:11133551,},ContainerImage{Names:[k8s.gcr.io/sig-storage/csi-node-driver-registrar@sha256:0103eee7c35e3e0b5cd8cdca9850dc71c793cdeb6669d8be7a89440da2d06ae4 k8s.gcr.io/sig-storage/csi-node-driver-registrar:v2.5.1],SizeBytes:9133109,},ContainerImage{Names:[registry.k8s.io/e2e-test-images/nginx@sha256:5c99cf6a02adda929b10321dbf4ecfa00d87be9ba4fb456006237d530ab4baa1 registry.k8s.io/e2e-test-images/nginx:1.14-4],SizeBytes:6978614,},ContainerImage{Names:[registry.k8s.io/e2e-test-images/busybox@sha256:a9155b13325b2abef48e71de77bb8ac015412a566829f621d06bfae5c699b1b9 registry.k8s.io/e2e-test-images/busybox:1.36.1-1],SizeBytes:2223659,},ContainerImage{Names:[registry.k8s.io/pause@sha256:7031c1b283388d2c2e09b57badb803c05ebed362dc88d84b480cc47f72a21097 registry.k8s.io/pause:3.9],SizeBytes:321520,},ContainerImage{Names:[docker.io/rancher/mirrored-pause@sha256:74c4244427b7312c5b901fe0f67cbc53683d06f4f24c6faee65d4182bf0fa893 docker.io/rancher/mirrored-pause:3.6],SizeBytes:301463,},},VolumesInUse:[],VolumesAttached:[]AttachedVolume{},Config:nil,},}&#xA;Sep 18 18:32:34.099: INFO: &#xA;Logging kubelet events for node k3s-k3s-conformance-0ac3-b64c97-node-pool-74c5-fv3bq&#xA;Sep 18 18:32:34.106: INFO: &#xA;Logging pods the kubelet thinks is on node k3s-k3s-conformance-0ac3-b64c97-node-pool-74c5-fv3bq&#xA;Sep 18 18:32:34.133: INFO: civo-csi-node-2mc26 started at 2024-09-18 18:11:21 +0000 UTC (0+2 container statuses recorded)&#xA;Sep 18 18:32:34.133: INFO: &#x9;Container civo-csi-plugin ready: true, restart count 0&#xA;Sep 18 18:32:34.133: INFO: &#x9;Container csi-driver-registrar ready: true, restart count 0&#xA;Sep 18 18:32:34.133: INFO: traefik-xgklx started at 2024-09-18 18:11:21 +0000 UTC (0+1 container statuses recorded)&#xA;Sep 18 18:32:34.133: INFO: &#x9;Container traefik ready: true, restart count 0&#xA;Sep 18 18:32:34.133: INFO: sonobuoy started at 2024-09-18 16:53:23 +0000 UTC (0+1 container statuses recorded)&#xA;Sep 18 18:32:34.133: INFO: &#x9;Container kube-sonobuoy ready: true, restart count 0&#xA;Sep 18 18:32:34.202: INFO: &#xA;Latency metrics for node k3s-k3s-conformance-0ac3-b64c97-node-pool-74c5-fv3bq&#xA;Sep 18 18:32:34.202: INFO: &#xA;Logging node info for node k3s-k3s-conformance-0ac3-b64c97-node-pool-74c5-uak6u&#xA;Sep 18 18:32:34.209: INFO: Node Info: &amp;Node{ObjectMeta:{k3s-k3s-conformance-0ac3-b64c97-node-pool-74c5-uak6u    9af8cc6e-3a33-4133-b759-378c1a757670 44595 0 2024-09-18 12:48:20 +0000 UTC &lt;nil&gt; &lt;nil&gt; map[beta.kubernetes.io/arch:amd64 beta.kubernetes.io/instance-type:g4s.kube.large beta.kubernetes.io/os:linux k3s.io/external-ip:31.28.88.169 kubernetes.civo.com/civo-node-pool:2beb0af5-7d92-44c2-856f-3d10a26b3f43 kubernetes.civo.com/civo-node-size:g4s.kube.large kubernetes.io/arch:amd64 kubernetes.io/hostname:k3s-k3s-conformance-0ac3-b64c97-node-pool-74c5-uak6u kubernetes.io/os:linux node.kubernetes.io/instance-type:g4s.kube.large region:staging topology.kubernetes.io/region:staging] map[alpha.kubernetes.io/provided-node-ip:192.168.1.5 csi.volume.kubernetes.io/nodeid:{&#34;csi.civo.com&#34;:&#34;f9e0a36a-cf1d-47ac-a907-e0559958f292&#34;} flannel.alpha.coreos.com/backend-data:null flannel.alpha.coreos.com/backend-type:host-gw flannel.alpha.coreos.com/kube-subnet-manager:true flannel.alpha.coreos.com/public-ip:192.168.1.5 k3s.io/node-args:[&#34;agent&#34;,&#34;--server&#34;,&#34;https://31.28.88.169:6443&#34;,&#34;--token&#34;,&#34;********&#34;,&#34;--node-label&#34;,&#34;kubernetes.civo.com/civo-node-pool=2beb0af5-7d92-44c2-856f-3d10a26b3f43&#34;,&#34;--node-label&#34;,&#34;kubernetes.civo.com/civo-node-size=g4s.kube.large&#34;,&#34;--node-label&#34;,&#34;k3s.io/external-ip=31.28.88.169&#34;,&#34;--kubelet-arg&#34;,&#34;cloud-provider=external&#34;,&#34;--kubelet-arg&#34;,&#34;kube-reserved=cpu=180m,memory=500Mi,ephemeral-storage=2Gi&#34;,&#34;--kubelet-arg&#34;,&#34;eviction-hard=memory.available\u003c100Mi,nodefs.available\u003c10%,nodefs.inodesFree\u003c5%,pid.available\u003c10%&#34;] k3s.io/node-config-hash:6E6BOINFTVXTGNNDMIOYA7PYNU63M2KTFAD7RA2LK4JF4KCIANSA==== k3s.io/node-env:{} node.alpha.kubernetes.io/ttl:0 volumes.kubernetes.io/controller-managed-attach-detach:true] [] [wrangler.cattle.io/node] [{k3s-supervisor@k3s-k3s-conformance-0ac3-b64c97-master-1092 Update v1 2024-09-18 12:48:20 +0000 UTC FieldsV1 {&#34;f:metadata&#34;:{&#34;f:finalizers&#34;:{&#34;.&#34;:{},&#34;v:\&#34;wrangler.cattle.io/node\&#34;&#34;:{}}}} } {k3s Update v1 2024-09-18 12:48:25 +0000 UTC FieldsV1 {&#34;f:metadata&#34;:{&#34;f:annotations&#34;:{&#34;.&#34;:{},&#34;f:alpha.kubernetes.io/provided-node-ip&#34;:{},&#34;f:k3s.io/node-args&#34;:{},&#34;f:k3s.io/node-config-hash&#34;:{},&#34;f:k3s.io/node-env&#34;:{},&#34;f:node.alpha.kubernetes.io/ttl&#34;:{},&#34;f:volumes.kubernetes.io/controller-managed-attach-detach&#34;:{}},&#34;f:labels&#34;:{&#34;.&#34;:{},&#34;f:beta.kubernetes.io/arch&#34;:{},&#34;f:beta.kubernetes.io/os&#34;:{},&#34;f:k3s.io/external-ip&#34;:{},&#34;f:kubernetes.civo.com/civo-node-pool&#34;:{},&#34;f:kubernetes.civo.com/civo-node-size&#34;:{},&#34;f:kubernetes.io/arch&#34;:{},&#34;f:kubernetes.io/hostname&#34;:{},&#34;f:kubernetes.io/os&#34;:{}}},&#34;f:spec&#34;:{&#34;f:podCIDR&#34;:{},&#34;f:podCIDRs&#34;:{&#34;.&#34;:{},&#34;v:\&#34;10.42.2.0/24\&#34;&#34;:{}}}} } {manager Update v1 2024-09-18 12:48:26 +0000 UTC FieldsV1 {&#34;f:metadata&#34;:{&#34;f:labels&#34;:{&#34;f:topology.kubernetes.io/region&#34;:{}}}} } {civo-cloud-controller-manager Update v1 2024-09-18 12:48:34 +0000 UTC FieldsV1 {&#34;f:metadata&#34;:{&#34;f:labels&#34;:{&#34;f:beta.kubernetes.io/instance-type&#34;:{},&#34;f:node.kubernetes.io/instance-type&#34;:{}}},&#34;f:spec&#34;:{&#34;f:providerID&#34;:{}}} } {k3s Update v1 2024-09-18 18:28:35 +0000 UTC FieldsV1 {&#34;f:metadata&#34;:{&#34;f:annotations&#34;:{&#34;f:csi.volume.kubernetes.io/nodeid&#34;:{},&#34;f:flannel.alpha.coreos.com/backend-data&#34;:{},&#34;f:flannel.alpha.coreos.com/backend-type&#34;:{},&#34;f:flannel.alpha.coreos.com/kube-subnet-manager&#34;:{},&#34;f:flannel.alpha.coreos.com/public-ip&#34;:{}},&#34;f:labels&#34;:{&#34;f:region&#34;:{}}},&#34;f:status&#34;:{&#34;f:conditions&#34;:{&#34;k:{\&#34;type\&#34;:\&#34;DiskPressure\&#34;}&#34;:{&#34;f:lastHeartbeatTime&#34;:{}},&#34;k:{\&#34;type\&#34;:\&#34;MemoryPressure\&#34;}&#34;:{&#34;f:lastHeartbeatTime&#34;:{}},&#34;k:{\&#34;type\&#34;:\&#34;PIDPressure\&#34;}&#34;:{&#34;f:lastHeartbeatTime&#34;:{}},&#34;k:{\&#34;type\&#34;:\&#34;Ready\&#34;}&#34;:{&#34;f:lastHeartbeatTime&#34;:{},&#34;f:message&#34;:{},&#34;f:reason&#34;:{},&#34;f:status&#34;:{}}},&#34;f:images&#34;:{}}} status} {node-problem-detector Update v1 2024-09-18 18:29:52 +0000 UTC FieldsV1 {&#34;f:status&#34;:{&#34;f:conditions&#34;:{&#34;k:{\&#34;type\&#34;:\&#34;KernelDeadlock\&#34;}&#34;:{&#34;.&#34;:{},&#34;f:lastHeartbeatTime&#34;:{},&#34;f:lastTransitionTime&#34;:{},&#34;f:message&#34;:{},&#34;f:reason&#34;:{},&#34;f:status&#34;:{},&#34;f:type&#34;:{}},&#34;k:{\&#34;type\&#34;:\&#34;ReadonlyFilesystem\&#34;}&#34;:{&#34;.&#34;:{},&#34;f:lastHeartbeatTime&#34;:{},&#34;f:lastTransitionTime&#34;:{},&#34;f:message&#34;:{},&#34;f:reason&#34;:{},&#34;f:status&#34;:{},&#34;f:type&#34;:{}}}}} status}]},Spec:NodeSpec{PodCIDR:10.42.2.0/24,DoNotUseExternalID:,ProviderID:civo://f9e0a36a-cf1d-47ac-a907-e0559958f292,Unschedulable:false,Taints:[]Taint{},ConfigSource:nil,PodCIDRs:[10.42.2.0/24],},Status:NodeStatus{Capacity:ResourceList{cpu: {{4 0} {&lt;nil&gt;} 4 DecimalSI},ephemeral-storage: {{60005421056 0} {&lt;nil&gt;} 58599044Ki BinarySI},hugepages-1Gi: {{0 0} {&lt;nil&gt;} 0 DecimalSI},hugepages-2Mi: {{0 0} {&lt;nil&gt;} 0 DecimalSI},memory: {{7951093760 0} {&lt;nil&gt;} 7764740Ki BinarySI},pods: {{110 0} {&lt;nil&gt;} 110 DecimalSI},},Allocatable:ResourceList{cpu: {{3820 -3} {&lt;nil&gt;} 3820m DecimalSI},ephemeral-storage: {{51857395213 0} {&lt;nil&gt;} 51857395213 DecimalSI},hugepages-1Gi: {{0 0} {&lt;nil&gt;} 0 DecimalSI},hugepages-2Mi: {{0 0} {&lt;nil&gt;} 0 DecimalSI},memory: {{7321948160 0} {&lt;nil&gt;} 7150340Ki BinarySI},pods: {{110 0} {&lt;nil&gt;} 110 DecimalSI},},Phase:,Conditions:[]NodeCondition{NodeCondition{Type:KernelDeadlock,Status:False,LastHeartbeatTime:2024-09-18 18:29:52 +0000 UTC,LastTransitionTime:2024-09-18 12:49:07 +0000 UTC,Reason:KernelHasNoDeadlock,Message:kernel has no deadlock,},NodeCondition{Type:ReadonlyFilesystem,Status:False,LastHeartbeatTime:2024-09-18 18:29:52 +0000 UTC,LastTransitionTime:2024-09-18 12:49:07 +0000 UTC,Reason:FilesystemIsNotReadOnly,Message:Filesystem is not read-only,},NodeCondition{Type:MemoryPressure,Status:False,LastHeartbeatTime:2024-09-18 18:28:35 +0000 UTC,LastTransitionTime:2024-09-18 12:48:20 +0000 UTC,Reason:KubeletHasSufficientMemory,Message:kubelet has sufficient memory available,},NodeCondition{Type:DiskPressure,Status:False,LastHeartbeatTime:2024-09-18 18:28:35 +0000 UTC,LastTransitionTime:2024-09-18 12:48:20 +0000 UTC,Reason:KubeletHasNoDiskPressure,Message:kubelet has no disk pressure,},NodeCondition{Type:PIDPressure,Status:False,LastHeartbeatTime:2024-09-18 18:28:35 +0000 UTC,LastTransitionTime:2024-09-18 12:48:20 +0000 UTC,Reason:KubeletHasSufficientPID,Message:kubelet has sufficient PID available,},NodeCondition{Type:Ready,Status:True,LastHeartbeatTime:2024-09-18 18:28:35 +0000 UTC,LastTransitionTime:2024-09-18 12:48:20 +0000 UTC,Reason:KubeletReady,Message:kubelet is posting ready status,},},Addresses:[]NodeAddress{NodeAddress{Type:InternalIP,Address:192.168.1.5,},NodeAddress{Type:Hostname,Address:k3s-k3s-conformance-0ac3-b64c97-node-pool-74c5-uak6u,},},DaemonEndpoints:NodeDaemonEndpoints{KubeletEndpoint:DaemonEndpoint{Port:10250,},},NodeInfo:NodeSystemInfo{MachineID:4c67627f9ad221739073d92266e9855c,SystemUUID:f166abf3-f999-5c92-927d-569503c3a752,BootID:a15ffb92-3858-4a96-b041-d302db137d7a,KernelVersion:6.1.110-0-virt,OSImage:Alpine Linux v3.18,ContainerRuntimeVersion:containerd://1.7.20-k3s1,KubeletVersion:v1.29.8+k3s1,KubeProxyVersion:v1.29.8+k3s1,OperatingSystem:linux,Architecture:amd64,},Images:[]ContainerImage{ContainerImage{Names:[registry.k8s.io/e2e-test-images/jessie-dnsutils@sha256:24aaf2626d6b27864c29de2097e8bbb840b3a414271bf7c8995e431e47d8408e registry.k8s.io/e2e-test-images/jessie-dnsutils:1.7],SizeBytes:112030336,},ContainerImage{Names:[registry.k8s.io/conformance@sha256:3a4ff2de9397efec2755051111e575758ca65912a92a06714bad295b3a44ce86 registry.k8s.io/conformance:v1.29.8],SizeBytes:97170969,},ContainerImage{Names:[registry.k8s.io/e2e-test-images/agnhost@sha256:cc249acbd34692826b2b335335615e060fdb3c0bca4954507aa3a1d1194de253 registry.k8s.io/e2e-test-images/agnhost:2.47],SizeBytes:52529911,},ContainerImage{Names:[registry.k8s.io/e2e-test-images/nautilus@sha256:80ba6c8c44f9623f06e868a1aa66026c8ec438ad814f9ec95e9333b415fe3550 registry.k8s.io/e2e-test-images/nautilus:1.7],SizeBytes:49641698,},ContainerImage{Names:[registry.k8s.io/e2e-test-images/httpd@sha256:3fe7acf013d1264ffded116b80a73dc129a449b0fccdb8d21af8279f2233f36e registry.k8s.io/e2e-test-images/httpd:2.4.39-4],SizeBytes:41901587,},ContainerImage{Names:[registry.k8s.io/e2e-test-images/httpd@sha256:148b022f5c5da426fc2f3c14b5c0867e58ef05961510c84749ac1fddcb0fef22 registry.k8s.io/e2e-test-images/httpd:2.4.38-4],SizeBytes:40764257,},ContainerImage{Names:[docker.io/rancher/mirrored-library-traefik@sha256:0842af6afcdf4305d17e862bad4eaf379d0817c987eedabeaff334e2273459c1 docker.io/rancher/mirrored-library-traefik:2.9.4],SizeBytes:38663779,},ContainerImage{Names:[docker.io/sonobuoy/sonobuoy@sha256:4f04827cf2661cbdad29255484c040f101f179a3e203d2bf29913ebab0eda240 docker.io/sonobuoy/sonobuoy:v0.57.2],SizeBytes:23402550,},ContainerImage{Names:[gcr.io/consummate-yew-302509/csi@sha256:af60b9cd56d9b35fa5c9508e573bf9fbd0b8ba8c563cd5e94bc78657c1d38728 gcr.io/consummate-yew-302509/csi:latest],SizeBytes:11133551,},ContainerImage{Names:[k8s.gcr.io/sig-storage/csi-node-driver-registrar@sha256:0103eee7c35e3e0b5cd8cdca9850dc71c793cdeb6669d8be7a89440da2d06ae4 k8s.gcr.io/sig-storage/csi-node-driver-registrar:v2.5.1],SizeBytes:9133109,},ContainerImage{Names:[registry.k8s.io/e2e-test-images/nginx@sha256:5c99cf6a02adda929b10321dbf4ecfa00d87be9ba4fb456006237d530ab4baa1 registry.k8s.io/e2e-test-images/nginx:1.14-4],SizeBytes:6978614,},ContainerImage{Names:[registry.k8s.io/e2e-test-images/busybox@sha256:a9155b13325b2abef48e71de77bb8ac015412a566829f621d06bfae5c699b1b9 registry.k8s.io/e2e-test-images/busybox:1.36.1-1],SizeBytes:2223659,},ContainerImage{Names:[registry.k8s.io/pause@sha256:7031c1b283388d2c2e09b57badb803c05ebed362dc88d84b480cc47f72a21097 registry.k8s.io/pause:3.9],SizeBytes:321520,},ContainerImage{Names:[docker.io/rancher/mirrored-pause@sha256:74c4244427b7312c5b901fe0f67cbc53683d06f4f24c6faee65d4182bf0fa893 docker.io/rancher/mirrored-pause:3.6],SizeBytes:301463,},},VolumesInUse:[],VolumesAttached:[]AttachedVolume{},Config:nil,},}&#xA;Sep 18 18:32:34.209: INFO: &#xA;Logging kubelet events for node k3s-k3s-conformance-0ac3-b64c97-node-pool-74c5-uak6u&#xA;Sep 18 18:32:34.217: INFO: &#xA;Logging pods the kubelet thinks is on node k3s-k3s-conformance-0ac3-b64c97-node-pool-74c5-uak6u&#xA;Sep 18 18:32:34.238: INFO: traefik-qg5b7 started at 2024-09-18 13:03:25 +0000 UTC (0+1 container statuses recorded)&#xA;Sep 18 18:32:34.238: INFO: &#x9;Container traefik ready: true, restart count 0&#xA;Sep 18 18:32:34.238: INFO: sonobuoy-e2e-job-643b4cd69c664f4c started at 2024-09-18 16:53:27 +0000 UTC (0+2 container statuses recorded)&#xA;Sep 18 18:32:34.238: INFO: &#x9;Container e2e ready: true, restart count 0&#xA;Sep 18 18:32:34.238: INFO: &#x9;Container sonobuoy-worker ready: true, restart count 0&#xA;Sep 18 18:32:34.238: INFO: civo-csi-node-95qtw started at 2024-09-18 12:48:34 +0000 UTC (0+2 container statuses recorded)&#xA;Sep 18 18:32:34.238: INFO: &#x9;Container civo-csi-plugin ready: true, restart count 0&#xA;Sep 18 18:32:34.238: INFO: &#x9;Container csi-driver-registrar ready: true, restart count 0&#xA;Sep 18 18:32:34.305: INFO: &#xA;Latency metrics for node k3s-k3s-conformance-0ac3-b64c97-node-pool-74c5-uak6u&#xA;END STEP: dump namespace information after failure - k8s.io/kubernetes/test/e2e/framework/framework.go:297 @ 09/18/24 18:32:34.305 (327ms)&#xA;&lt; Exit [DeferCleanup (Each)] [sig-api-machinery] Servers with support for API chunking - dump namespaces | framework.go:218 @ 09/18/24 18:32:34.305 (327ms)&#xA;&gt; Enter [DeferCleanup (Each)] [sig-api-machinery] Servers with support for API chunking - tear down framework | framework.go:215 @ 09/18/24 18:32:34.305&#xA;STEP: Destroying namespace &#34;chunking-2954&#34; for this suite. - k8s.io/kubernetes/test/e2e/framework/framework.go:360 @ 09/18/24 18:32:34.305&#xA;&lt; Exit [DeferCleanup (Each)] [sig-api-machinery] Servers with support for API chunking - tear down framework | framework.go:215 @ 09/18/24 18:32:34.314 (9ms)&#xA;</system-err>
          </testcase>
          <testcase name="[It] [sig-storage] In-tree Volumes [Driver: hostPathSymlink] [Testpattern: Dynamic PV (filesystem volmode)] volumeLimits should verify that all csinodes have volume limits" classname="Kubernetes e2e suite" status="skipped" time="0">
              <skipped message="skipped"></skipped>
          </testcase>
          <testcase name="[It] [sig-storage] In-tree Volumes [Driver: hostPathSymlink] [Testpattern: Dynamic PV (ntfs)] [Feature:Windows] subPath should support existing directory" classname="Kubernetes e2e suite" status="skipped" time="0">
              <skipped message="skipped"></skipped>
          </testcase>
          <testcase name="[It] [sig-storage] In-tree Volumes [Driver: local] [LocalVolumeType: gce-localssd-scsi-fs] [Serial] [Testpattern: Pre-provisioned PV (ext3)] volumes should allow exec of files on the volume" classname="Kubernetes e2e suite" status="skipped" time="0">
              <skipped message="skipped"></skipped>
          </testcase>
          <testcase name="[It] [sig-storage] In-tree Volumes [Driver: cinder] [Testpattern: Dynamic PV (block volmode)] provisioning should provision storage with pvc data source in parallel [Slow]" classname="Kubernetes e2e suite" status="skipped" time="0">
              <skipped message="skipped"></skipped>
          </testcase>
          <testcase name="[It] [sig-api-machinery] CustomResourceDefinition Watch [Privileged:ClusterAdmin] CustomResourceDefinition Watch watch on custom resource definition objects [Conformance]" classname="Kubernetes e2e suite" status="passed" time="63.156394679"></testcase>
          <testcase name="[It] [sig-storage] CSI Volumes [Driver: pd.csi.storage.gke.io] [Serial] [Testpattern: Dynamic PV (filesystem volmode)] multiVolume [Slow] should concurrently access the volume and restored snapshot from pods on the same node [LinuxOnly] [Feature:VolumeSnapshotDataSource] [Feature:VolumeSourceXFS]" classname="Kubernetes e2e suite" status="skipped" time="0">
              <skipped message="skipped"></skipped>
          </testcase>
          <testcase name="[It] [sig-storage] In-tree Volumes [Driver: azure-file] [Testpattern: Inline-volume (default fs)] subPath should support existing single file [LinuxOnly]" classname="Kubernetes e2e suite" status="skipped" time="0">
              <skipped message="skipped"></skipped>
          </testcase>
          <testcase name="[It] [sig-storage] In-tree Volumes [Driver: local] [LocalVolumeType: dir-link] [Testpattern: Dynamic PV (block volmode)] volumeMode should not mount / map unused volumes in a pod [LinuxOnly]" classname="Kubernetes e2e suite" status="skipped" time="0">
              <skipped message="skipped"></skipped>
          </testcase>
          <testcase name="[It] [sig-storage] In-tree Volumes [Driver: local] [LocalVolumeType: dir-link-bindmounted] [Testpattern: Dynamic PV (ext4)] volumes should store data" classname="Kubernetes e2e suite" status="skipped" time="0">
              <skipped message="skipped"></skipped>
          </testcase>
          <testcase name="[It] [sig-api-machinery] Garbage collector should support orphan deletion of custom resources" classname="Kubernetes e2e suite" status="skipped" time="0">
              <skipped message="skipped"></skipped>
          </testcase>
          <testcase name="[It] [sig-storage] In-tree Volumes [Driver: local] [LocalVolumeType: dir-link-bindmounted] [Testpattern: Dynamic PV (default fs)(allowExpansion)] volume-expand Verify if offline PVC expansion works" classname="Kubernetes e2e suite" status="skipped" time="0">
              <skipped message="skipped"></skipped>
          </testcase>
          <testcase name="[It] [sig-storage] In-tree Volumes [Driver: local] [LocalVolumeType: blockfs] [Testpattern: Dynamic PV (ntfs)] [Feature:Windows] provisioning should provision storage with pvc data source" classname="Kubernetes e2e suite" status="skipped" time="0">
              <skipped message="skipped"></skipped>
          </testcase>
          <testcase name="[It] [sig-storage] In-tree Volumes [Driver: ceph] [Feature:Volumes] [Serial] [Testpattern: Dynamic PV (block volmode)] volumeMode should not mount / map unused volumes in a pod [LinuxOnly]" classname="Kubernetes e2e suite" status="skipped" time="0">
              <skipped message="skipped"></skipped>
          </testcase>
          <testcase name="[It] [sig-storage] In-tree Volumes [Driver: local] [LocalVolumeType: blockfs] [Testpattern: Pre-provisioned PV (default fs)] subPath should fail if subpath file is outside the volume [Slow] [LinuxOnly]" classname="Kubernetes e2e suite" status="skipped" time="0">
              <skipped message="skipped"></skipped>
          </testcase>
          <testcase name="[It] [sig-storage] In-tree Volumes [Driver: cinder] [Testpattern: Dynamic PV (default fs)] subPath should support existing single file [LinuxOnly]" classname="Kubernetes e2e suite" status="skipped" time="0">
              <skipped message="skipped"></skipped>
          </testcase>
          <testcase name="[It] [sig-storage] In-tree Volumes [Driver: local] [LocalVolumeType: block] [Testpattern: Pre-provisioned PV (ntfs)] [Feature:Windows] volumes should store data" classname="Kubernetes e2e suite" status="skipped" time="0">
              <skipped message="skipped"></skipped>
          </testcase>
          <testcase name="[It] [sig-storage] In-tree Volumes [Driver: local] [LocalVolumeType: dir] [Testpattern: Dynamic PV (block volmode)] volume-expand should not allow expansion of pvcs without AllowVolumeExpansion property" classname="Kubernetes e2e suite" status="skipped" time="0">
              <skipped message="skipped"></skipped>
          </testcase>
          <testcase name="[It] [sig-storage] In-tree Volumes [Driver: azure-disk] [Testpattern: Pre-provisioned PV (block volmode)] multiVolume [Slow] should access to two volumes with the same volume mode and retain data across pod recreation on different node" classname="Kubernetes e2e suite" status="skipped" time="0">
              <skipped message="skipped"></skipped>
          </testcase>
          <testcase name="[It] [sig-storage] In-tree Volumes [Driver: azure-file] [Testpattern: Dynamic PV (block volmode)] multiVolume [Slow] should concurrently access the volume and its clone from pods on the same node [LinuxOnly] [Feature:VolumeSourceXFS]" classname="Kubernetes e2e suite" status="skipped" time="0">
              <skipped message="skipped"></skipped>
          </testcase>
          <testcase name="[It] [sig-storage] In-tree Volumes [Driver: local] [LocalVolumeType: dir-link] [Testpattern: Inline-volume (default fs)] subPath should fail if subpath directory is outside the volume [Slow] [LinuxOnly]" classname="Kubernetes e2e suite" status="skipped" time="0">
              <skipped message="skipped"></skipped>
          </testcase>
          <testcase name="[It] [sig-storage] In-tree Volumes [Driver: azure-disk] [Testpattern: Dynamic PV (default fs)] capacity provides storage capacity information" classname="Kubernetes e2e suite" status="skipped" time="0">
              <skipped message="skipped"></skipped>
          </testcase>
          <testcase name="[It] [sig-storage] Projected downwardAPI should provide node allocatable (cpu) as default cpu limit if the limit is not set [NodeConformance] [Conformance]" classname="Kubernetes e2e suite" status="passed" time="4.100471865"></testcase>
          <testcase name="[It] [sig-storage] In-tree Volumes [Driver: nfs] [Testpattern: Dynamic PV (block volmode)] multiVolume [Slow] should access to two volumes with the same volume mode and retain data across pod recreation on different node" classname="Kubernetes e2e suite" status="skipped" time="0">
              <skipped message="skipped"></skipped>
          </testcase>
          <testcase name="[It] [sig-storage] In-tree Volumes [Driver: local] [LocalVolumeType: tmpfs] [Testpattern: Pre-provisioned PV (block volmode)] multiVolume [Slow] should concurrently access the single read-only volume from pods on the same node" classname="Kubernetes e2e suite" status="skipped" time="0">
              <skipped message="skipped"></skipped>
          </testcase>
          <testcase name="[It] [sig-storage] In-tree Volumes [Driver: cinder] [Testpattern: Inline-volume (default fs)] volumes should store data" classname="Kubernetes e2e suite" status="skipped" time="0">
              <skipped message="skipped"></skipped>
          </testcase>
          <testcase name="[It] [sig-storage] In-tree Volumes [Driver: aws] [Testpattern: Dynamic PV (ntfs)] [Feature:Windows] multiVolume [Slow] should access to two volumes with different volume mode and retain data across pod recreation on different node" classname="Kubernetes e2e suite" status="skipped" time="0">
              <skipped message="skipped"></skipped>
          </testcase>
          <testcase name="[It] [sig-storage] In-tree Volumes [Driver: vsphere] [Testpattern: Dynamic PV (default fs)] capacity provides storage capacity information" classname="Kubernetes e2e suite" status="skipped" time="0">
              <skipped message="skipped"></skipped>
          </testcase>
          <testcase name="[It] [sig-storage] In-tree Volumes [Driver: local] [LocalVolumeType: tmpfs] [Testpattern: Pre-provisioned PV (filesystem volmode)] disruptive [Disruptive] [LinuxOnly] Should test that pv used in a pod that is force deleted while the kubelet is down is usable by a new pod with a different SELinux context when kubelet returns [Feature:SELinux]" classname="Kubernetes e2e suite" status="skipped" time="0">
              <skipped message="skipped"></skipped>
          </testcase>
          <testcase name="[It] [sig-storage] In-tree Volumes [Driver: local] [LocalVolumeType: dir-link] [Testpattern: Pre-provisioned PV (default fs)] subPath should verify container cannot write to subpath readonly volumes [Slow]" classname="Kubernetes e2e suite" status="skipped" time="0">
              <skipped message="skipped"></skipped>
          </testcase>
          <testcase name="[It] [sig-storage] In-tree Volumes [Driver: azure-file] [Testpattern: Pre-provisioned PV (filesystem volmode)] disruptive [Disruptive] [LinuxOnly] Should test that pv used in a pod that is force deleted while the kubelet is down is usable by a new pod with a different SELinux context when kubelet returns [Feature:SELinux]" classname="Kubernetes e2e suite" status="skipped" time="0">
              <skipped message="skipped"></skipped>
          </testcase>
          <testcase name="[It] [sig-storage] In-tree Volumes [Driver: hostPathSymlink] [Testpattern: Generic Ephemeral-volume (block volmode) (late-binding)] ephemeral should support two pods which have the same volume definition" classname="Kubernetes e2e suite" status="skipped" time="0">
              <skipped message="skipped"></skipped>
          </testcase>
          <testcase name="[It] [sig-storage] CSI Volumes [Driver: csi-hostpath] [Testpattern: Generic Ephemeral-volume (default fs) (immediate-binding)] ephemeral should create read/write inline ephemeral volume" classname="Kubernetes e2e suite" status="skipped" time="0">
              <skipped message="skipped"></skipped>
          </testcase>
          <testcase name="[It] [sig-storage] In-tree Volumes [Driver: nfs] [Testpattern: Dynamic PV (ntfs)] [Feature:Windows] volumeIO should write files of various sizes, verify size, validate content [Slow]" classname="Kubernetes e2e suite" status="skipped" time="0">
              <skipped message="skipped"></skipped>
          </testcase>
          <testcase name="[It] [sig-storage] In-tree Volumes [Driver: local] [LocalVolumeType: dir-bindmounted] [Testpattern: Dynamic PV (ntfs)(allowExpansion)] [Feature:Windows] volume-expand should resize volume when PVC is edited while pod is using it" classname="Kubernetes e2e suite" status="skipped" time="0">
              <skipped message="skipped"></skipped>
          </testcase>
          <testcase name="[It] [sig-network] Services GCE [Slow] should be able to create and tear down a standard-tier load balancer [Slow]" classname="Kubernetes e2e suite" status="skipped" time="0">
              <skipped message="skipped"></skipped>
          </testcase>
          <testcase name="[It] [sig-storage] CSI Volumes [Driver: pd.csi.storage.gke.io] [Serial] [Testpattern: Pre-provisioned PV (default fs)] subPath should support restarting containers using file as subpath [Slow] [LinuxOnly]" classname="Kubernetes e2e suite" status="skipped" time="0">
              <skipped message="skipped"></skipped>
          </testcase>
          <testcase name="[It] [sig-storage] In-tree Volumes [Driver: local] [LocalVolumeType: gce-localssd-scsi-fs] [Serial] [Testpattern: Dynamic PV (default fs)] volume-stress multiple pods should access different volumes repeatedly [Slow] [Serial]" classname="Kubernetes e2e suite" status="skipped" time="0">
              <skipped message="skipped"></skipped>
          </testcase>
          <testcase name="[It] [sig-storage] In-tree Volumes [Driver: rbd] [Feature:Volumes] [Serial] [Testpattern: Dynamic PV (block volmode)] disruptive [Disruptive] [LinuxOnly] Should test that pv written before kubelet restart is readable after restart." classname="Kubernetes e2e suite" status="skipped" time="0">
              <skipped message="skipped"></skipped>
          </testcase>
          <testcase name="[It] [sig-storage] In-tree Volumes [Driver: aws] [Testpattern: Dynamic PV (ntfs)] [Feature:Windows] provisioning should provision storage with pvc data source" classname="Kubernetes e2e suite" status="skipped" time="0">
              <skipped message="skipped"></skipped>
          </testcase>
          <testcase name="[It] [sig-storage] In-tree Volumes [Driver: local] [LocalVolumeType: dir] [Testpattern: Pre-provisioned PV (block volmode)] disruptive [Disruptive] [LinuxOnly] Should test that pv used in a pod that is deleted while the kubelet is down cleans up when the kubelet returns." classname="Kubernetes e2e suite" status="skipped" time="0">
              <skipped message="skipped"></skipped>
          </testcase>
          <testcase name="[It] [sig-storage] CSI Volumes [Driver: csi-hostpath] [Testpattern: Generic Ephemeral-volume (default fs) (late-binding)] ephemeral should support multiple inline ephemeral volumes" classname="Kubernetes e2e suite" status="skipped" time="0">
              <skipped message="skipped"></skipped>
          </testcase>
          <testcase name="[It] [sig-storage] In-tree Volumes [Driver: local] [LocalVolumeType: dir] [Testpattern: Dynamic PV (default fs)] subPath should support restarting containers using directory as subpath [Slow]" classname="Kubernetes e2e suite" status="skipped" time="0">
              <skipped message="skipped"></skipped>
          </testcase>
          <testcase name="[It] [sig-instrumentation] Stackdriver Monitoring should run Custom Metrics - Stackdriver Adapter for old resource model [Feature:StackdriverCustomMetrics]" classname="Kubernetes e2e suite" status="skipped" time="0">
              <skipped message="skipped"></skipped>
          </testcase>
          <testcase name="[It] [sig-storage] In-tree Volumes [Driver: aws] [Testpattern: Dynamic PV (ntfs)] [Feature:Windows] subPath should fail if subpath file is outside the volume [Slow] [LinuxOnly]" classname="Kubernetes e2e suite" status="skipped" time="0">
              <skipped message="skipped"></skipped>
          </testcase>
          <testcase name="[It] [sig-storage] In-tree Volumes [Driver: local] [LocalVolumeType: dir-link] [Testpattern: Dynamic PV (default fs)] provisioning should provision storage with snapshot data source (ROX mode) [Feature:VolumeSnapshotDataSource]" classname="Kubernetes e2e suite" status="skipped" time="0">
              <skipped message="skipped"></skipped>
          </testcase>
          <testcase name="[It] [sig-storage] In-tree Volumes [Driver: local] [LocalVolumeType: block] [Testpattern: Dynamic PV (default fs)] subPath should fail if subpath directory is outside the volume [Slow] [LinuxOnly]" classname="Kubernetes e2e suite" status="skipped" time="0">
              <skipped message="skipped"></skipped>
          </testcase>
          <testcase name="[It] [sig-storage] In-tree Volumes [Driver: emptydir] [Testpattern: Dynamic PV (ext4)] multiVolume [Slow] should concurrently access the single volume from pods on different node" classname="Kubernetes e2e suite" status="skipped" time="0">
              <skipped message="skipped"></skipped>
          </testcase>
          <testcase name="[It] [sig-network] Conntrack should be able to preserve UDP traffic when server pod cycles for a ClusterIP service and client is hostNetwork" classname="Kubernetes e2e suite" status="skipped" time="0">
              <skipped message="skipped"></skipped>
          </testcase>
          <testcase name="[It] [sig-storage] HostPathType Socket [Slow] Should be able to mount socket &#39;asocket&#39; successfully when HostPathType is HostPathSocket" classname="Kubernetes e2e suite" status="skipped" time="0">
              <skipped message="skipped"></skipped>
          </testcase>
          <testcase name="[It] [sig-network] Netpol NetworkPolicy between server and client should allow ingress access from updated pod [Feature:NetworkPolicy]" classname="Kubernetes e2e suite" status="skipped" time="0">
              <skipped message="skipped"></skipped>
          </testcase>
          <testcase name="[It] [sig-storage] In-tree Volumes [Driver: cinder] [Testpattern: Dynamic PV (filesystem volmode)] multiVolume [Slow] should concurrently access the volume and its clone from pods on the same node [LinuxOnly] [Feature:VolumeSourceXFS]" classname="Kubernetes e2e suite" status="skipped" time="0">
              <skipped message="skipped"></skipped>
          </testcase>
          <testcase name="[It] [sig-storage] In-tree Volumes [Driver: local] [LocalVolumeType: tmpfs] [Testpattern: Dynamic PV (filesystem volmode)] multiVolume [Slow] should access to two volumes with the same volume mode and retain data across pod recreation on different node" classname="Kubernetes e2e suite" status="skipped" time="0">
              <skipped message="skipped"></skipped>
          </testcase>
          <testcase name="[It] [sig-storage] In-tree Volumes [Driver: azure-disk] [Testpattern: Dynamic PV (ntfs)] [Feature:Windows] subPath should support restarting containers using file as subpath [Slow] [LinuxOnly]" classname="Kubernetes e2e suite" status="skipped" time="0">
              <skipped message="skipped"></skipped>
          </testcase>
          <testcase name="[It] [sig-storage] In-tree Volumes [Driver: iscsi] [Feature:Volumes] [Testpattern: Dynamic PV (filesystem volmode)] multiVolume [Slow] should concurrently access the single volume from pods on different node" classname="Kubernetes e2e suite" status="skipped" time="0">
              <skipped message="skipped"></skipped>
          </testcase>
          <testcase name="[It] [sig-storage] CSI Volumes [Driver: csi-hostpath] [Testpattern: Dynamic PV (ntfs)] [Feature:Windows] volumes should allow exec of files on the volume" classname="Kubernetes e2e suite" status="skipped" time="0">
              <skipped message="skipped"></skipped>
          </testcase>
          <testcase name="[It] [sig-storage] In-tree Volumes [Driver: local] [LocalVolumeType: blockfs] [Testpattern: Pre-provisioned PV (default fs)] subPath should unmount if pod is gracefully deleted while kubelet is down [Disruptive] [Slow] [LinuxOnly]" classname="Kubernetes e2e suite" status="skipped" time="0">
              <skipped message="skipped"></skipped>
          </testcase>
          <testcase name="[It] [sig-storage] In-tree Volumes [Driver: rbd] [Feature:Volumes] [Serial] [Testpattern: Dynamic PV (ntfs)] [Feature:Windows] provisioning should provision storage with snapshot data source (ROX mode) [Feature:VolumeSnapshotDataSource]" classname="Kubernetes e2e suite" status="skipped" time="0">
              <skipped message="skipped"></skipped>
          </testcase>
          <testcase name="[It] [sig-storage] In-tree Volumes [Driver: local] [LocalVolumeType: tmpfs] [Testpattern: Dynamic PV (ntfs)] [Feature:Windows] multiVolume [Slow] should concurrently access the single volume from pods on different node" classname="Kubernetes e2e suite" status="skipped" time="0">
              <skipped message="skipped"></skipped>
          </testcase>
          <testcase name="[It] [sig-network] Loadbalancing: L7 GCE [Slow] [Feature:NEG] should create NEGs for all ports with the Ingress annotation, and NEGs for the standalone annotation otherwise" classname="Kubernetes e2e suite" status="skipped" time="0">
              <skipped message="skipped"></skipped>
          </testcase>
          <testcase name="[It] [sig-storage] In-tree Volumes [Driver: local] [LocalVolumeType: blockfs] [Testpattern: Generic Ephemeral-volume (block volmode) (late-binding)] ephemeral should create read/write inline ephemeral volume" classname="Kubernetes e2e suite" status="skipped" time="0">
              <skipped message="skipped"></skipped>
          </testcase>
          <testcase name="[It] [sig-storage] In-tree Volumes [Driver: cinder] [Testpattern: Pre-provisioned PV (block volmode)] multiVolume [Slow] should concurrently access the single volume from pods on different node" classname="Kubernetes e2e suite" status="skipped" time="0">
              <skipped message="skipped"></skipped>
          </testcase>
          <testcase name="[It] [sig-storage] In-tree Volumes [Driver: vsphere] [Testpattern: Inline-volume (ntfs)] [Feature:Windows] volumes should store data" classname="Kubernetes e2e suite" status="skipped" time="0">
              <skipped message="skipped"></skipped>
          </testcase>
          <testcase name="[It] [sig-storage] In-tree Volumes [Driver: hostPathSymlink] [Testpattern: Dynamic PV (default fs)] subPath should fail if subpath file is outside the volume [Slow] [LinuxOnly]" classname="Kubernetes e2e suite" status="skipped" time="0">
              <skipped message="skipped"></skipped>
          </testcase>
          <testcase name="[It] [sig-storage] In-tree Volumes [Driver: ceph] [Feature:Volumes] [Serial] [Testpattern: Dynamic PV (default fs)] provisioning should provision storage with pvc data source (ROX mode)" classname="Kubernetes e2e suite" status="skipped" time="0">
              <skipped message="skipped"></skipped>
          </testcase>
          <testcase name="[It] [sig-storage] In-tree Volumes [Driver: emptydir] [Testpattern: Dynamic PV (default fs)] fsgroupchangepolicy (OnRootMismatch)[LinuxOnly], pod created with an initial fsgroup, volume contents ownership changed via chgrp in first pod, new pod with same fsgroup skips ownership changes to the volume contents" classname="Kubernetes e2e suite" status="skipped" time="0">
              <skipped message="skipped"></skipped>
          </testcase>
          <testcase name="[It] [sig-storage] In-tree Volumes [Driver: local] [LocalVolumeType: dir] [Testpattern: Dynamic PV (ntfs)] [Feature:Windows] subPath should support readOnly file specified in the volumeMount [LinuxOnly]" classname="Kubernetes e2e suite" status="skipped" time="0">
              <skipped message="skipped"></skipped>
          </testcase>
          <testcase name="[It] [sig-storage] In-tree Volumes [Driver: rbd] [Feature:Volumes] [Serial] [Testpattern: Generic Ephemeral-volume (block volmode) (late-binding)] ephemeral should support two pods which have the same volume definition" classname="Kubernetes e2e suite" status="skipped" time="0">
              <skipped message="skipped"></skipped>
          </testcase>
          <testcase name="[It] [sig-storage] In-tree Volumes [Driver: local] [LocalVolumeType: dir-bindmounted] [Testpattern: Generic Ephemeral-volume (default fs) (immediate-binding)] ephemeral should support two pods which have the same volume definition" classname="Kubernetes e2e suite" status="skipped" time="0">
              <skipped message="skipped"></skipped>
          </testcase>
          <testcase name="[It] [sig-storage] In-tree Volumes [Driver: iscsi] [Feature:Volumes] [Testpattern: Dynamic PV (ntfs)] [Feature:Windows] provisioning should provision correct filesystem size when restoring snapshot to larger size pvc [Feature:VolumeSnapshotDataSource]" classname="Kubernetes e2e suite" status="skipped" time="0">
              <skipped message="skipped"></skipped>
          </testcase>
          <testcase name="[It] [sig-storage] In-tree Volumes [Driver: local] [LocalVolumeType: dir-link] [Testpattern: Dynamic PV (filesystem volmode)] volumeMode should fail to use a volume in a pod with mismatched mode [Slow]" classname="Kubernetes e2e suite" status="skipped" time="0">
              <skipped message="skipped"></skipped>
          </testcase>
          <testcase name="[It] [sig-storage] CSI Volumes [Driver: pd.csi.storage.gke.io] [Serial] [Testpattern: Pre-provisioned PV (filesystem volmode)] multiVolume [Slow] should access to two volumes with different volume mode and retain data across pod recreation on different node" classname="Kubernetes e2e suite" status="skipped" time="0">
              <skipped message="skipped"></skipped>
          </testcase>
          <testcase name="[It] [sig-storage] In-tree Volumes [Driver: hostPath] [Testpattern: Dynamic PV (default fs)] fsgroupchangepolicy (OnRootMismatch)[LinuxOnly], pod created with an initial fsgroup, volume contents ownership changed via chgrp in first pod, new pod with different fsgroup applied to the volume contents" classname="Kubernetes e2e suite" status="skipped" time="0">
              <skipped message="skipped"></skipped>
          </testcase>
          <testcase name="[It] [sig-storage] PersistentVolumes GCEPD [Feature:StorageProvider] should test that deleting a PVC before the pod does not cause pod deletion to fail on PD detach" classname="Kubernetes e2e suite" status="skipped" time="0">
              <skipped message="skipped"></skipped>
          </testcase>
          <testcase name="[It] [sig-storage] In-tree Volumes [Driver: local] [LocalVolumeType: dir] [Testpattern: Generic Ephemeral-volume (default fs) (immediate-binding)] ephemeral should support two pods which have the same volume definition" classname="Kubernetes e2e suite" status="skipped" time="0">
              <skipped message="skipped"></skipped>
          </testcase>
          <testcase name="[It] [sig-storage] In-tree Volumes [Driver: emptydir] [Testpattern: Inline-volume (default fs)] subPath should support restarting containers using file as subpath [Slow] [LinuxOnly]" classname="Kubernetes e2e suite" status="skipped" time="0">
              <skipped message="skipped"></skipped>
          </testcase>
          <testcase name="[It] [sig-storage] In-tree Volumes [Driver: local] [LocalVolumeType: dir-link-bindmounted] [Testpattern: Dynamic PV (block volmode)] provisioning should provision correct filesystem size when restoring snapshot to larger size pvc [Feature:VolumeSnapshotDataSource]" classname="Kubernetes e2e suite" status="skipped" time="0">
              <skipped message="skipped"></skipped>
          </testcase>
          <testcase name="[It] [sig-node] RuntimeClass should run a Pod requesting a RuntimeClass with scheduling without taints" classname="Kubernetes e2e suite" status="skipped" time="0">
              <skipped message="skipped"></skipped>
          </testcase>
          <testcase name="[It] [sig-storage] In-tree Volumes [Driver: local] [LocalVolumeType: blockfs] [Testpattern: Dynamic PV (filesystem volmode)] disruptive [Disruptive] [LinuxOnly] Should test that pv used in a pod that is deleted while the kubelet is down is usable by a new pod when kubelet returns [Feature:SELinux]" classname="Kubernetes e2e suite" status="skipped" time="0">
              <skipped message="skipped"></skipped>
          </testcase>
          <testcase name="[It] [sig-storage] In-tree Volumes [Driver: azure-file] [Testpattern: Pre-provisioned PV (filesystem volmode)] multiVolume [Slow] should concurrently access the single volume from pods on the same node" classname="Kubernetes e2e suite" status="skipped" time="0">
              <skipped message="skipped"></skipped>
          </testcase>
          <testcase name="[It] [sig-storage] CSI Volumes [Driver: pd.csi.storage.gke.io] [Serial] [Testpattern: Dynamic PV (ntfs)] [Feature:Windows] multiVolume [Slow] should concurrently access the single volume from pods on different node" classname="Kubernetes e2e suite" status="skipped" time="0">
              <skipped message="skipped"></skipped>
          </testcase>
          <testcase name="[It] [sig-storage] CSI Volumes [Driver: csi-hostpath] [Testpattern: Dynamic PV (filesystem volmode)] volumeLimits should support volume limits [Serial]" classname="Kubernetes e2e suite" status="skipped" time="0">
              <skipped message="skipped"></skipped>
          </testcase>
          <testcase name="[It] [sig-storage] In-tree Volumes [Driver: hostPath] [Testpattern: Dynamic PV (default fs)] subPath should fail if subpath directory is outside the volume [Slow] [LinuxOnly]" classname="Kubernetes e2e suite" status="skipped" time="0">
              <skipped message="skipped"></skipped>
          </testcase>
          <testcase name="[It] [sig-storage] In-tree Volumes [Driver: hostPath] [Testpattern: Generic Ephemeral-volume (default fs) (immediate-binding)] ephemeral should support two pods which have the same volume definition" classname="Kubernetes e2e suite" status="skipped" time="0">
              <skipped message="skipped"></skipped>
          </testcase>
          <testcase name="[It] [sig-storage] In-tree Volumes [Driver: ceph] [Feature:Volumes] [Serial] [Testpattern: Generic Ephemeral-volume (default fs)] volumeLimits should support volume limits [Serial]" classname="Kubernetes e2e suite" status="skipped" time="0">
              <skipped message="skipped"></skipped>
          </testcase>
          <testcase name="[It] [sig-network] Services should respect internalTrafficPolicy=Local Pod (hostNetwork: true) to Pod" classname="Kubernetes e2e suite" status="skipped" time="0">
              <skipped message="skipped"></skipped>
          </testcase>
          <testcase name="[It] [sig-storage] In-tree Volumes [Driver: local] [LocalVolumeType: dir] [Testpattern: Pre-provisioned PV (filesystem volmode)] multiVolume [Slow] should access to two volumes with the same volume mode and retain data across pod recreation on different node" classname="Kubernetes e2e suite" status="skipped" time="0">
              <skipped message="skipped"></skipped>
          </testcase>
          <testcase name="[It] [sig-storage] In-tree Volumes [Driver: local] [LocalVolumeType: dir] [Testpattern: Dynamic PV (filesystem volmode)] multiVolume [Slow] should access to two volumes with the same volume mode and retain data across pod recreation on different node" classname="Kubernetes e2e suite" status="skipped" time="0">
              <skipped message="skipped"></skipped>
          </testcase>
          <testcase name="[It] [sig-storage] In-tree Volumes [Driver: aws] [Testpattern: Dynamic PV (block volmode)] volumeMode should not mount / map unused volumes in a pod [LinuxOnly]" classname="Kubernetes e2e suite" status="skipped" time="0">
              <skipped message="skipped"></skipped>
          </testcase>
          <testcase name="[It] [sig-storage] CSI Volumes [Driver: csi-hostpath] [Testpattern: Dynamic PV (default fs)] subPath should unmount if pod is force deleted while kubelet is down [Disruptive] [Slow] [LinuxOnly]" classname="Kubernetes e2e suite" status="skipped" time="0">
              <skipped message="skipped"></skipped>
          </testcase>
          <testcase name="[It] [sig-storage] In-tree Volumes [Driver: hostPathSymlink] [Testpattern: Dynamic PV (ntfs)] [Feature:Windows] multiVolume [Slow] should concurrently access the single read-only volume from pods on the same node" classname="Kubernetes e2e suite" status="skipped" time="0">
              <skipped message="skipped"></skipped>
          </testcase>
          <testcase name="[It] [sig-api-machinery] FieldValidation should create/apply a valid CR for CRD with validation schema [Conformance]" classname="Kubernetes e2e suite" status="passed" time="3.123357514"></testcase>
          <testcase name="[It] [sig-storage] In-tree Volumes [Driver: hostPath] [Testpattern: Dynamic PV (default fs)] subPath should support existing single file [LinuxOnly]" classname="Kubernetes e2e suite" status="skipped" time="0">
              <skipped message="skipped"></skipped>
          </testcase>
          <testcase name="[It] [sig-storage] CSI Volumes [Driver: pd.csi.storage.gke.io] [Serial] [Testpattern: Dynamic PV (immediate binding)] topology should provision a volume and schedule a pod with AllowedTopologies" classname="Kubernetes e2e suite" status="skipped" time="0">
              <skipped message="skipped"></skipped>
          </testcase>
          <testcase name="[It] [sig-storage] In-tree Volumes [Driver: aws] [Testpattern: Pre-provisioned PV (block volmode)] multiVolume [Slow] should concurrently access the single volume from pods on different node" classname="Kubernetes e2e suite" status="skipped" time="0">
              <skipped message="skipped"></skipped>
          </testcase>
          <testcase name="[It] [sig-storage] In-tree Volumes [Driver: local] [LocalVolumeType: block] [Testpattern: Dynamic PV (default fs)] volume-stress multiple pods should access different volumes repeatedly [Slow] [Serial]" classname="Kubernetes e2e suite" status="skipped" time="0">
              <skipped message="skipped"></skipped>
          </testcase>
          <testcase name="[It] [sig-storage] CSI Volumes [Driver: csi-hostpath] [Testpattern: Dynamic PV (block volmode)] disruptive [Disruptive] [LinuxOnly] Should test that pv used in a pod that is deleted while the kubelet is down cleans up when the kubelet returns." classname="Kubernetes e2e suite" status="skipped" time="0">
              <skipped message="skipped"></skipped>
          </testcase>
          <testcase name="[It] [sig-storage] In-tree Volumes [Driver: rbd] [Feature:Volumes] [Serial] [Testpattern: Pre-provisioned PV (default fs)] subPath should fail if subpath with backstepping is outside the volume [Slow] [LinuxOnly]" classname="Kubernetes e2e suite" status="skipped" time="0">
              <skipped message="skipped"></skipped>
          </testcase>
          <testcase name="[It] [sig-storage] In-tree Volumes [Driver: local] [LocalVolumeType: block] [Testpattern: Dynamic PV (block volmode)] volumeMode should fail to use a volume in a pod with mismatched mode [Slow]" classname="Kubernetes e2e suite" status="skipped" time="0">
              <skipped message="skipped"></skipped>
          </testcase>
          <testcase name="[It] [sig-storage] In-tree Volumes [Driver: local] [LocalVolumeType: dir-link] [Testpattern: Dynamic PV (filesystem volmode)] multiVolume [Slow] should access to two volumes with different volume mode and retain data across pod recreation on the same node" classname="Kubernetes e2e suite" status="skipped" time="0">
              <skipped message="skipped"></skipped>
          </testcase>
          <testcase name="[It] [sig-storage] In-tree Volumes [Driver: local] [LocalVolumeType: dir-link] [Testpattern: Pre-provisioned PV (block volmode)] multiVolume [Slow] should concurrently access the single volume from pods on the same node" classname="Kubernetes e2e suite" status="skipped" time="0">
              <skipped message="skipped"></skipped>
          </testcase>
          <testcase name="[It] [sig-storage] In-tree Volumes [Driver: azure-file] [Testpattern: Inline-volume (default fs)] subPath should support creating multiple subpath from same volumes [Slow]" classname="Kubernetes e2e suite" status="skipped" time="0">
              <skipped message="skipped"></skipped>
          </testcase>
          <testcase name="[It] [sig-storage] In-tree Volumes [Driver: azure-file] [Testpattern: Dynamic PV (block volmode)] provisioning should provision storage with pvc data source" classname="Kubernetes e2e suite" status="skipped" time="0">
              <skipped message="skipped"></skipped>
          </testcase>
          <testcase name="[It] [sig-storage] In-tree Volumes [Driver: local] [LocalVolumeType: gce-localssd-scsi-fs] [Serial] [Testpattern: Inline-volume (default fs)] subPath should support existing single file [LinuxOnly]" classname="Kubernetes e2e suite" status="skipped" time="0">
              <skipped message="skipped"></skipped>
          </testcase>
          <testcase name="[It] [sig-storage] In-tree Volumes [Driver: local] [LocalVolumeType: dir-link-bindmounted] [Testpattern: Dynamic PV (block volmode)] disruptive [Disruptive] [LinuxOnly] Should test that pv used in a pod that is force deleted while the kubelet is down cleans up when the kubelet returns." classname="Kubernetes e2e suite" status="skipped" time="0">
              <skipped message="skipped"></skipped>
          </testcase>
          <testcase name="[It] [sig-storage] In-tree Volumes [Driver: azure-file] [Testpattern: Inline-volume (default fs)] subPath should verify container cannot write to subpath readonly volumes [Slow]" classname="Kubernetes e2e suite" status="skipped" time="0">
              <skipped message="skipped"></skipped>
          </testcase>
          <testcase name="[It] [sig-storage] In-tree Volumes [Driver: hostPathSymlink] [Testpattern: Dynamic PV (ntfs)] [Feature:Windows] subPath should support readOnly directory specified in the volumeMount" classname="Kubernetes e2e suite" status="skipped" time="0">
              <skipped message="skipped"></skipped>
          </testcase>
          <testcase name="[It] [sig-storage] In-tree Volumes [Driver: local] [LocalVolumeType: gce-localssd-scsi-fs] [Serial] [Testpattern: Pre-provisioned PV (default fs)] subPath should support restarting containers using directory as subpath [Slow]" classname="Kubernetes e2e suite" status="skipped" time="0">
              <skipped message="skipped"></skipped>
          </testcase>
          <testcase name="[It] [sig-apps] DisruptionController evictions: maxUnavailable allow single eviction, percentage =&gt; should allow an eviction" classname="Kubernetes e2e suite" status="skipped" time="0">
              <skipped message="skipped"></skipped>
          </testcase>
          <testcase name="[It] [sig-storage] CSI Volumes [Driver: csi-hostpath] [Testpattern: Dynamic PV (ext4)] multiVolume [Slow] should access to two volumes with different volume mode and retain data across pod recreation on the same node" classname="Kubernetes e2e suite" status="skipped" time="0">
              <skipped message="skipped"></skipped>
          </testcase>
          <testcase name="[It] [sig-storage] In-tree Volumes [Driver: azure-disk] [Testpattern: Dynamic PV (xfs)] [Slow] multiVolume [Slow] should concurrently access the single read-only volume from pods on the same node" classname="Kubernetes e2e suite" status="skipped" time="0">
              <skipped message="skipped"></skipped>
          </testcase>
          <testcase name="[It] [sig-storage] In-tree Volumes [Driver: local] [LocalVolumeType: dir] [Testpattern: Dynamic PV (ntfs)] [Feature:Windows] subPath should support existing single file [LinuxOnly]" classname="Kubernetes e2e suite" status="skipped" time="0">
              <skipped message="skipped"></skipped>
          </testcase>
          <testcase name="[It] [sig-node] Pod InPlace Resize Container [Feature:InPlacePodVerticalScaling] Burstable QoS pod, one container with cpu &amp; memory requests + limits - increase memory requests and limits" classname="Kubernetes e2e suite" status="skipped" time="0">
              <skipped message="skipped"></skipped>
          </testcase>
          <testcase name="[It] [sig-storage] In-tree Volumes [Driver: aws] [Testpattern: Pre-provisioned PV (ntfs)] [Feature:Windows] volumes should store data" classname="Kubernetes e2e suite" status="skipped" time="0">
              <skipped message="skipped"></skipped>
          </testcase>
          <testcase name="[It] [sig-storage] In-tree Volumes [Driver: aws] [Testpattern: Pre-provisioned PV (filesystem volmode)] multiVolume [Slow] should concurrently access the single volume from pods on different node" classname="Kubernetes e2e suite" status="skipped" time="0">
              <skipped message="skipped"></skipped>
          </testcase>
          <testcase name="[It] [sig-api-machinery] server version should find the server version [Conformance]" classname="Kubernetes e2e suite" status="passed" time="0.035320431"></testcase>
          <testcase name="[It] [sig-storage] In-tree Volumes [Driver: cinder] [Testpattern: Dynamic PV (filesystem volmode)] volumeLimits should support volume limits [Serial]" classname="Kubernetes e2e suite" status="skipped" time="0">
              <skipped message="skipped"></skipped>
          </testcase>
          <testcase name="[It] [sig-storage] In-tree Volumes [Driver: local] [LocalVolumeType: tmpfs] [Testpattern: Pre-provisioned PV (filesystem volmode)] multiVolume [Slow] should concurrently access the single volume from pods on different node" classname="Kubernetes e2e suite" status="skipped" time="0">
              <skipped message="skipped"></skipped>
          </testcase>
          <testcase name="[It] [sig-storage] In-tree Volumes [Driver: hostPathSymlink] [Testpattern: Dynamic PV (block volmode)] provisioning should provision storage with pvc data source" classname="Kubernetes e2e suite" status="skipped" time="0">
              <skipped message="skipped"></skipped>
          </testcase>
          <testcase name="[It] [sig-storage] CSI Mock selinux on mount SELinuxMount [LinuxOnly] [Feature:SELinux] should not pass SELinux mount option for Pod without SELinux context" classname="Kubernetes e2e suite" status="skipped" time="0">
              <skipped message="skipped"></skipped>
          </testcase>
          <testcase name="[It] [sig-storage] In-tree Volumes [Driver: ceph] [Feature:Volumes] [Serial] [Testpattern: Dynamic PV (xfs)] [Slow] multiVolume [Slow] should concurrently access the volume and restored snapshot from pods on the same node [LinuxOnly] [Feature:VolumeSnapshotDataSource] [Feature:VolumeSourceXFS]" classname="Kubernetes e2e suite" status="skipped" time="0">
              <skipped message="skipped"></skipped>
          </testcase>
          <testcase name="[It] [sig-network] Networking Granular Checks: Services should function for endpoint-Service: sctp [Feature:SCTPConnectivity]" classname="Kubernetes e2e suite" status="skipped" time="0">
              <skipped message="skipped"></skipped>
          </testcase>
          <testcase name="[It] [sig-storage] In-tree Volumes [Driver: nfs] [Testpattern: Inline-volume (default fs)] subPath should fail if subpath directory is outside the volume [Slow] [LinuxOnly]" classname="Kubernetes e2e suite" status="skipped" time="0">
              <skipped message="skipped"></skipped>
          </testcase>
          <testcase name="[It] [sig-cli] Kubectl client Kubectl copy should copy a file from a running Pod" classname="Kubernetes e2e suite" status="skipped" time="0">
              <skipped message="skipped"></skipped>
          </testcase>
          <testcase name="[It] [sig-storage] In-tree Volumes [Driver: azure-file] [Testpattern: Dynamic PV (xfs)] [Slow] multiVolume [Slow] should access to two volumes with the same volume mode and retain data across pod recreation on the same node" classname="Kubernetes e2e suite" status="skipped" time="0">
              <skipped message="skipped"></skipped>
          </testcase>
          <testcase name="[It] [sig-apps] StatefulSet Basic StatefulSet functionality [StatefulSetBasic] should list, patch and delete a collection of StatefulSets [Conformance]" classname="Kubernetes e2e suite" status="passed" time="20.140245325"></testcase>
          <testcase name="[It] [sig-storage] In-tree Volumes [Driver: rbd] [Feature:Volumes] [Serial] [Testpattern: Generic Ephemeral-volume (default fs) (late-binding)] ephemeral should create read/write inline ephemeral volume" classname="Kubernetes e2e suite" status="skipped" time="0">
              <skipped message="skipped"></skipped>
          </testcase>
          <testcase name="[It] [sig-storage] In-tree Volumes [Driver: emptydir] [Testpattern: Dynamic PV (block volmode)] provisioning should provision storage with pvc data source in parallel [Slow]" classname="Kubernetes e2e suite" status="skipped" time="0">
              <skipped message="skipped"></skipped>
          </testcase>
          <testcase name="[It] [sig-storage] In-tree Volumes [Driver: emptydir] [Testpattern: Pre-provisioned PV (block volmode)] disruptive [Disruptive] [LinuxOnly] Should test that pv used in a pod that is force deleted while the kubelet is down cleans up when the kubelet returns." classname="Kubernetes e2e suite" status="skipped" time="0">
              <skipped message="skipped"></skipped>
          </testcase>
          <testcase name="[It] [sig-storage] In-tree Volumes [Driver: azure-disk] [Testpattern: Pre-provisioned PV (filesystem volmode)] multiVolume [Slow] should access to two volumes with the same volume mode and retain data across pod recreation on the same node" classname="Kubernetes e2e suite" status="skipped" time="0">
              <skipped message="skipped"></skipped>
          </testcase>
          <testcase name="[It] [sig-storage] In-tree Volumes [Driver: local] [LocalVolumeType: dir-link-bindmounted] [Testpattern: Dynamic PV (ntfs)] [Feature:Windows] volume-expand should not allow expansion of pvcs without AllowVolumeExpansion property" classname="Kubernetes e2e suite" status="skipped" time="0">
              <skipped message="skipped"></skipped>
          </testcase>
          <testcase name="[It] [sig-storage] In-tree Volumes [Driver: nfs] [Testpattern: Dynamic PV (xfs)] [Slow] volumes should allow exec of files on the volume" classname="Kubernetes e2e suite" status="skipped" time="0">
              <skipped message="skipped"></skipped>
          </testcase>
          <testcase name="[It] [sig-storage] In-tree Volumes [Driver: ceph] [Feature:Volumes] [Serial] [Testpattern: Generic Ephemeral-volume (default fs) (late-binding)] ephemeral should create read-only inline ephemeral volume" classname="Kubernetes e2e suite" status="skipped" time="0">
              <skipped message="skipped"></skipped>
          </testcase>
          <testcase name="[It] [sig-apps] StatefulSet Basic StatefulSet functionality [StatefulSetBasic] should implement legacy replacement when the update strategy is OnDelete" classname="Kubernetes e2e suite" status="skipped" time="0">
              <skipped message="skipped"></skipped>
          </testcase>
          <testcase name="[It] [sig-storage] In-tree Volumes [Driver: local] [LocalVolumeType: dir-bindmounted] [Testpattern: Dynamic PV (default fs)] subPath should verify container cannot write to subpath readonly volumes [Slow]" classname="Kubernetes e2e suite" status="skipped" time="0">
              <skipped message="skipped"></skipped>
          </testcase>
          <testcase name="[It] [sig-storage] In-tree Volumes [Driver: ceph] [Feature:Volumes] [Serial] [Testpattern: Dynamic PV (filesystem volmode)] multiVolume [Slow] should concurrently access the single volume from pods on the same node" classname="Kubernetes e2e suite" status="skipped" time="0">
              <skipped message="skipped"></skipped>
          </testcase>
          <testcase name="[It] [sig-storage] CSI Mock volume expansion CSI online volume expansion should expand volume without restarting pod if attach=on, nodeExpansion=on" classname="Kubernetes e2e suite" status="skipped" time="0">
              <skipped message="skipped"></skipped>
          </testcase>
          <testcase name="[It] [sig-storage] In-tree Volumes [Driver: aws] [Testpattern: Dynamic PV (ext4)] multiVolume [Slow] should access to two volumes with the same volume mode and retain data across pod recreation on different node" classname="Kubernetes e2e suite" status="skipped" time="0">
              <skipped message="skipped"></skipped>
          </testcase>
          <testcase name="[It] [sig-storage] In-tree Volumes [Driver: local] [LocalVolumeType: blockfs] [Testpattern: Dynamic PV (ntfs)] [Feature:Windows] subPath should be able to unmount after the subpath directory is deleted [LinuxOnly]" classname="Kubernetes e2e suite" status="skipped" time="0">
              <skipped message="skipped"></skipped>
          </testcase>
          <testcase name="[It] [sig-storage] In-tree Volumes [Driver: local] [LocalVolumeType: dir-bindmounted] [Testpattern: Dynamic PV (ntfs)] [Feature:Windows] multiVolume [Slow] should concurrently access the volume and restored snapshot from pods on the same node [LinuxOnly] [Feature:VolumeSnapshotDataSource] [Feature:VolumeSourceXFS]" classname="Kubernetes e2e suite" status="skipped" time="0">
              <skipped message="skipped"></skipped>
          </testcase>
          <testcase name="[It] [sig-storage] [Serial] Volume metrics PVC should create prometheus metrics for volume provisioning and attach/detach" classname="Kubernetes e2e suite" status="skipped" time="0">
              <skipped message="skipped"></skipped>
          </testcase>
          <testcase name="[It] [sig-storage] In-tree Volumes [Driver: local] [LocalVolumeType: dir-link-bindmounted] [Testpattern: Dynamic PV (default fs)] volumeIO should write files of various sizes, verify size, validate content [Slow]" classname="Kubernetes e2e suite" status="skipped" time="0">
              <skipped message="skipped"></skipped>
          </testcase>
          <testcase name="[It] [sig-storage] In-tree Volumes [Driver: local] [LocalVolumeType: dir-link-bindmounted] [Testpattern: Dynamic PV (block volmode)] multiVolume [Slow] should concurrently access the volume and restored snapshot from pods on the same node [LinuxOnly] [Feature:VolumeSnapshotDataSource] [Feature:VolumeSourceXFS]" classname="Kubernetes e2e suite" status="skipped" time="0">
              <skipped message="skipped"></skipped>
          </testcase>
          <testcase name="[It] [sig-storage] In-tree Volumes [Driver: emptydir] [Testpattern: Dynamic PV (filesystem volmode)] multiVolume [Slow] should concurrently access the single volume from pods on different node" classname="Kubernetes e2e suite" status="skipped" time="0">
              <skipped message="skipped"></skipped>
          </testcase>
          <testcase name="[It] [sig-storage] In-tree Volumes [Driver: local] [LocalVolumeType: dir-bindmounted] [Testpattern: Dynamic PV (block volmode)] provisioning should provision storage with pvc data source in parallel [Slow]" classname="Kubernetes e2e suite" status="skipped" time="0">
              <skipped message="skipped"></skipped>
          </testcase>
          <testcase name="[It] [sig-storage] In-tree Volumes [Driver: hostPathSymlink] [Testpattern: Dynamic PV (ext4)] multiVolume [Slow] should access to two volumes with the same volume mode and retain data across pod recreation on the same node" classname="Kubernetes e2e suite" status="skipped" time="0">
              <skipped message="skipped"></skipped>
          </testcase>
          <testcase name="[It] [sig-storage] In-tree Volumes [Driver: local] [LocalVolumeType: block] [Testpattern: Dynamic PV (block volmode)] volume-stress multiple pods should access different volumes repeatedly [Slow] [Serial]" classname="Kubernetes e2e suite" status="skipped" time="0">
              <skipped message="skipped"></skipped>
          </testcase>
          <testcase name="[It] [sig-storage] In-tree Volumes [Driver: vsphere] [Testpattern: Pre-provisioned PV (default fs)] subPath should support restarting containers using directory as subpath [Slow]" classname="Kubernetes e2e suite" status="skipped" time="0">
              <skipped message="skipped"></skipped>
          </testcase>
          <testcase name="[It] [sig-storage] In-tree Volumes [Driver: hostPath] [Testpattern: Generic Ephemeral-volume (block volmode) (late-binding)] ephemeral should support multiple inline ephemeral volumes" classname="Kubernetes e2e suite" status="skipped" time="0">
              <skipped message="skipped"></skipped>
          </testcase>
          <testcase name="[It] [sig-apps] Job should execute all indexes despite some failing when using backoffLimitPerIndex" classname="Kubernetes e2e suite" status="skipped" time="0">
              <skipped message="skipped"></skipped>
          </testcase>
          <testcase name="[It] [sig-storage] In-tree Volumes [Driver: emptydir] [Testpattern: Pre-provisioned PV (default fs)] subPath should support existing directories when readOnly specified in the volumeSource" classname="Kubernetes e2e suite" status="skipped" time="0">
              <skipped message="skipped"></skipped>
          </testcase>
          <testcase name="[It] [sig-storage] CSI Volumes [Driver: csi-hostpath] [Testpattern: Dynamic PV (ntfs)] [Feature:Windows] provisioning should provision storage with any volume data source [Serial]" classname="Kubernetes e2e suite" status="skipped" time="0">
              <skipped message="skipped"></skipped>
          </testcase>
          <testcase name="[It] [sig-storage] CSIStorageCapacity should support CSIStorageCapacities API operations [Conformance]" classname="Kubernetes e2e suite" status="passed" time="0.096759623"></testcase>
          <testcase name="[It] [sig-storage] In-tree Volumes [Driver: azure-disk] [Testpattern: Inline-volume (default fs)] subPath should support file as subpath [LinuxOnly]" classname="Kubernetes e2e suite" status="skipped" time="0">
              <skipped message="skipped"></skipped>
          </testcase>
          <testcase name="[It] [sig-storage] In-tree Volumes [Driver: nfs] [Testpattern: Dynamic PV (ext4)] multiVolume [Slow] should access to two volumes with different volume mode and retain data across pod recreation on the same node" classname="Kubernetes e2e suite" status="skipped" time="0">
              <skipped message="skipped"></skipped>
          </testcase>
          <testcase name="[It] [sig-storage] CSI Volumes [Driver: csi-hostpath] [Testpattern: Dynamic PV (default fs)] subPath should fail if subpath with backstepping is outside the volume [Slow] [LinuxOnly]" classname="Kubernetes e2e suite" status="skipped" time="0">
              <skipped message="skipped"></skipped>
          </testcase>
          <testcase name="[It] [sig-storage] In-tree Volumes [Driver: hostPathSymlink] [Testpattern: Pre-provisioned PV (block volmode)] volumes should store data" classname="Kubernetes e2e suite" status="skipped" time="0">
              <skipped message="skipped"></skipped>
          </testcase>
          <testcase name="[It] [sig-storage] In-tree Volumes [Driver: rbd] [Feature:Volumes] [Serial] [Testpattern: Pre-provisioned PV (ext3)] volumes should allow exec of files on the volume" classname="Kubernetes e2e suite" status="skipped" time="0">
              <skipped message="skipped"></skipped>
          </testcase>
          <testcase name="[It] [sig-node] DRA [Feature:DynamicResourceAllocation] cluster with delayed allocation and setting ReservedFor does not delete generated claims when pod is restarting" classname="Kubernetes e2e suite" status="skipped" time="0">
              <skipped message="skipped"></skipped>
          </testcase>
          <testcase name="[It] [sig-storage] In-tree Volumes [Driver: rbd] [Feature:Volumes] [Serial] [Testpattern: Dynamic PV (block volmode)] multiVolume [Slow] should concurrently access the volume and restored snapshot from pods on the same node [LinuxOnly] [Feature:VolumeSnapshotDataSource] [Feature:VolumeSourceXFS]" classname="Kubernetes e2e suite" status="skipped" time="0">
              <skipped message="skipped"></skipped>
          </testcase>
          <testcase name="[It] [sig-instrumentation] Logging soak [Performance] [Slow] [Disruptive] should survive logging 1KB every 1s seconds, for a duration of 2m0s" classname="Kubernetes e2e suite" status="skipped" time="0">
              <skipped message="skipped"></skipped>
          </testcase>
          <testcase name="[It] [sig-storage] ConfigMap should be consumable from pods in volume [NodeConformance] [Conformance]" classname="Kubernetes e2e suite" status="passed" time="4.116229986"></testcase>
          <testcase name="[It] [sig-storage] CSI Volumes [Driver: pd.csi.storage.gke.io] [Serial] [Testpattern: Dynamic PV (filesystem volmode)] volumeLimits should support volume limits [Serial]" classname="Kubernetes e2e suite" status="skipped" time="0">
              <skipped message="skipped"></skipped>
          </testcase>
          <testcase name="[It] [sig-node] ConfigMap should run through a ConfigMap lifecycle [Conformance]" classname="Kubernetes e2e suite" status="passed" time="0.079885025"></testcase>
          <testcase name="[It] [sig-node] DRA [Feature:DynamicResourceAllocation] cluster retries pod scheduling after updating resource class" classname="Kubernetes e2e suite" status="skipped" time="0">
              <skipped message="skipped"></skipped>
          </testcase>
          <testcase name="[It] [sig-storage] In-tree Volumes [Driver: iscsi] [Feature:Volumes] [Testpattern: Pre-provisioned PV (filesystem volmode)] multiVolume [Slow] should access to two volumes with the same volume mode and retain data across pod recreation on different node" classname="Kubernetes e2e suite" status="skipped" time="0">
              <skipped message="skipped"></skipped>
          </testcase>
          <testcase name="[It] [sig-storage] In-tree Volumes [Driver: rbd] [Feature:Volumes] [Serial] [Testpattern: Inline-volume (xfs)] [Slow] volumes should store data" classname="Kubernetes e2e suite" status="skipped" time="0">
              <skipped message="skipped"></skipped>
          </testcase>
          <testcase name="[It] [sig-storage] CSI Volumes [Driver: csi-hostpath] [Testpattern: Dynamic PV (ext4)] multiVolume [Slow] should concurrently access the single read-only volume from pods on the same node" classname="Kubernetes e2e suite" status="skipped" time="0">
              <skipped message="skipped"></skipped>
          </testcase>
          <testcase name="[It] [sig-storage] PersistentVolumes-local [Volume type: blockfswithoutformat] Two pods mounting a local volume one after the other should be able to write from pod1 and read from pod2" classname="Kubernetes e2e suite" status="skipped" time="0">
              <skipped message="skipped"></skipped>
          </testcase>
          <testcase name="[It] [sig-storage] CSI Volumes [Driver: csi-hostpath] [Testpattern: Dynamic PV (ext4)] multiVolume [Slow] should access to two volumes with the same volume mode and retain data across pod recreation on different node" classname="Kubernetes e2e suite" status="skipped" time="0">
              <skipped message="skipped"></skipped>
          </testcase>
          <testcase name="[It] [sig-storage] In-tree Volumes [Driver: azure-disk] [Testpattern: Dynamic PV (ntfs)] [Feature:Windows] provisioning should provision storage with pvc data source in parallel [Slow]" classname="Kubernetes e2e suite" status="skipped" time="0">
              <skipped message="skipped"></skipped>
          </testcase>
          <testcase name="[It] [sig-storage] In-tree Volumes [Driver: local] [LocalVolumeType: block] [Testpattern: Dynamic PV (filesystem volmode)] disruptive [Disruptive] [LinuxOnly] Should test that pv used in a pod that is force deleted while the kubelet is down is usable by a new pod when kubelet returns [Feature:SELinux]" classname="Kubernetes e2e suite" status="skipped" time="0">
              <skipped message="skipped"></skipped>
          </testcase>
          <testcase name="[It] [sig-storage] In-tree Volumes [Driver: local] [LocalVolumeType: gce-localssd-scsi-fs] [Serial] [Testpattern: Generic Ephemeral-volume (default fs) (late-binding)] ephemeral should create read/write inline ephemeral volume" classname="Kubernetes e2e suite" status="skipped" time="0">
              <skipped message="skipped"></skipped>
          </testcase>
          <testcase name="[It] [sig-storage] In-tree Volumes [Driver: local] [LocalVolumeType: gce-localssd-scsi-fs] [Serial] [Testpattern: Dynamic PV (xfs)] [Slow] volumes should allow exec of files on the volume" classname="Kubernetes e2e suite" status="skipped" time="0">
              <skipped message="skipped"></skipped>
          </testcase>
          <testcase name="[It] [sig-storage] In-tree Volumes [Driver: local] [LocalVolumeType: block] [Testpattern: Pre-provisioned PV (filesystem volmode)] disruptive [Disruptive] [LinuxOnly] Should test that pv written before kubelet restart is readable after restart." classname="Kubernetes e2e suite" status="skipped" time="0">
              <skipped message="skipped"></skipped>
          </testcase>
          <testcase name="[It] [sig-storage] In-tree Volumes [Driver: aws] [Testpattern: Dynamic PV (default fs)] subPath should fail if subpath with backstepping is outside the volume [Slow] [LinuxOnly]" classname="Kubernetes e2e suite" status="skipped" time="0">
              <skipped message="skipped"></skipped>
          </testcase>
          <testcase name="[It] [sig-storage] In-tree Volumes [Driver: azure-disk] [Testpattern: Dynamic PV (ntfs)] [Feature:Windows] subPath should support non-existent path" classname="Kubernetes e2e suite" status="skipped" time="0">
              <skipped message="skipped"></skipped>
          </testcase>
          <testcase name="[It] [sig-cli] Kubectl Port forwarding With a server listening on localhost that expects a client request should support a client that connects, sends DATA, and disconnects" classname="Kubernetes e2e suite" status="skipped" time="0">
              <skipped message="skipped"></skipped>
          </testcase>
          <testcase name="[It] [sig-storage] In-tree Volumes [Driver: azure-disk] [Testpattern: Pre-provisioned PV (filesystem volmode)] multiVolume [Slow] should access to two volumes with different volume mode and retain data across pod recreation on different node" classname="Kubernetes e2e suite" status="skipped" time="0">
              <skipped message="skipped"></skipped>
          </testcase>
          <testcase name="[It] [sig-storage] CSI Volumes [Driver: pd.csi.storage.gke.io] [Serial] [Testpattern: Dynamic PV (xfs)] [Slow] multiVolume [Slow] should concurrently access the single read-only volume from pods on the same node" classname="Kubernetes e2e suite" status="skipped" time="0">
              <skipped message="skipped"></skipped>
          </testcase>
          <testcase name="[It] [sig-storage] CSI Volumes [Driver: pd.csi.storage.gke.io] [Serial] [Testpattern: Dynamic PV (ntfs)] [Feature:Windows] subPath should support creating multiple subpath from same volumes [Slow]" classname="Kubernetes e2e suite" status="skipped" time="0">
              <skipped message="skipped"></skipped>
          </testcase>
          <testcase name="[It] [sig-auth] SelfSubjectReview testing SSR in different API groups authentication/v1beta1" classname="Kubernetes e2e suite" status="skipped" time="0">
              <skipped message="skipped"></skipped>
          </testcase>
          <testcase name="[It] [sig-storage] In-tree Volumes [Driver: aws] [Testpattern: Inline-volume (xfs)] [Slow] volumes should allow exec of files on the volume" classname="Kubernetes e2e suite" status="skipped" time="0">
              <skipped message="skipped"></skipped>
          </testcase>
          <testcase name="[It] [sig-storage] In-tree Volumes [Driver: emptydir] [Testpattern: Generic Ephemeral-volume (default fs) (late-binding)] ephemeral should support two pods which have the same volume definition" classname="Kubernetes e2e suite" status="skipped" time="0">
              <skipped message="skipped"></skipped>
          </testcase>
          <testcase name="[It] [sig-storage] In-tree Volumes [Driver: nfs] [Testpattern: Dynamic PV (block volmode)] volume-stress multiple pods should access different volumes repeatedly [Slow] [Serial]" classname="Kubernetes e2e suite" status="skipped" time="0">
              <skipped message="skipped"></skipped>
          </testcase>
          <testcase name="[It] [sig-storage] Zone Support [Feature:vsphere] Verify a pod is created and attached to a dynamically created PV, based on multiple zones specified in the storage class. (No shared datastores exist among both zones)" classname="Kubernetes e2e suite" status="skipped" time="0">
              <skipped message="skipped"></skipped>
          </testcase>
          <testcase name="[It] [sig-storage] CSI Mock volume node stage CSI NodeUnstage error cases [Slow] should call NodeStage after NodeUnstage success" classname="Kubernetes e2e suite" status="skipped" time="0">
              <skipped message="skipped"></skipped>
          </testcase>
          <testcase name="[It] [sig-storage] Ephemeralstorage When pod refers to non-existent ephemeral storage should allow deletion of pod with invalid volume : configmap" classname="Kubernetes e2e suite" status="skipped" time="0">
              <skipped message="skipped"></skipped>
          </testcase>
          <testcase name="[It] [sig-storage] In-tree Volumes [Driver: hostPathSymlink] [Testpattern: Generic Ephemeral-volume (default fs) (late-binding)] ephemeral should support expansion of pvcs created for ephemeral pvcs" classname="Kubernetes e2e suite" status="skipped" time="0">
              <skipped message="skipped"></skipped>
          </testcase>
          <testcase name="[It] [sig-storage] In-tree Volumes [Driver: iscsi] [Feature:Volumes] [Testpattern: Generic Ephemeral-volume (block volmode) (late-binding)] ephemeral should support two pods which have the same volume definition" classname="Kubernetes e2e suite" status="skipped" time="0">
              <skipped message="skipped"></skipped>
          </testcase>
          <testcase name="[It] [sig-storage] In-tree Volumes [Driver: local] [LocalVolumeType: gce-localssd-scsi-fs] [Serial] [Testpattern: Inline-volume (default fs)] subPath should fail if subpath with backstepping is outside the volume [Slow] [LinuxOnly]" classname="Kubernetes e2e suite" status="skipped" time="0">
              <skipped message="skipped"></skipped>
          </testcase>
          <testcase name="[It] [sig-apps] StatefulSet MinReadySeconds should be honored when enabled" classname="Kubernetes e2e suite" status="skipped" time="0">
              <skipped message="skipped"></skipped>
          </testcase>
          <testcase name="[It] [sig-storage] Zone Support [Feature:vsphere] Verify a PVC creation fails when multiple zones are specified in the storage class without shared datastores among the zones in waitForFirstConsumer binding mode" classname="Kubernetes e2e suite" status="skipped" time="0">
              <skipped message="skipped"></skipped>
          </testcase>
          <testcase name="[It] [sig-storage] In-tree Volumes [Driver: local] [LocalVolumeType: dir-bindmounted] [Testpattern: Dynamic PV (ext4)] multiVolume [Slow] should access to two volumes with the same volume mode and retain data across pod recreation on the same node" classname="Kubernetes e2e suite" status="skipped" time="0">
              <skipped message="skipped"></skipped>
          </testcase>
          <testcase name="[It] [sig-storage] In-tree Volumes [Driver: local] [LocalVolumeType: blockfs] [Testpattern: Dynamic PV (block volmode)] disruptive [Disruptive] [LinuxOnly] Should test that pv written before kubelet restart is readable after restart." classname="Kubernetes e2e suite" status="skipped" time="0">
              <skipped message="skipped"></skipped>
          </testcase>
          <testcase name="[It] [sig-storage] In-tree Volumes [Driver: local] [LocalVolumeType: gce-localssd-scsi-fs] [Serial] [Testpattern: Generic Ephemeral-volume (default fs) (immediate-binding)] ephemeral should create read-only inline ephemeral volume" classname="Kubernetes e2e suite" status="skipped" time="0">
              <skipped message="skipped"></skipped>
          </testcase>
          <testcase name="[It] [sig-storage] In-tree Volumes [Driver: local] [LocalVolumeType: blockfs] [Testpattern: Dynamic PV (ntfs)] [Feature:Windows] subPath should support restarting containers using file as subpath [Slow] [LinuxOnly]" classname="Kubernetes e2e suite" status="skipped" time="0">
              <skipped message="skipped"></skipped>
          </testcase>
          <testcase name="[It] [sig-storage] In-tree Volumes [Driver: local] [LocalVolumeType: block] [Testpattern: Dynamic PV (default fs)] provisioning should provision storage with snapshot data source [Feature:VolumeSnapshotDataSource]" classname="Kubernetes e2e suite" status="skipped" time="0">
              <skipped message="skipped"></skipped>
          </testcase>
          <testcase name="[It] [sig-storage] In-tree Volumes [Driver: ceph] [Feature:Volumes] [Serial] [Testpattern: Inline-volume (default fs)] subPath should support restarting containers using file as subpath [Slow] [LinuxOnly]" classname="Kubernetes e2e suite" status="skipped" time="0">
              <skipped message="skipped"></skipped>
          </testcase>
          <testcase name="[It] [sig-storage] In-tree Volumes [Driver: local] [LocalVolumeType: block] [Testpattern: Generic Ephemeral-volume (block volmode) (late-binding)] ephemeral should support expansion of pvcs created for ephemeral pvcs" classname="Kubernetes e2e suite" status="skipped" time="0">
              <skipped message="skipped"></skipped>
          </testcase>
          <testcase name="[It] [sig-storage] In-tree Volumes [Driver: cinder] [Testpattern: Pre-provisioned PV (ntfs)] [Feature:Windows] volumes should allow exec of files on the volume" classname="Kubernetes e2e suite" status="skipped" time="0">
              <skipped message="skipped"></skipped>
          </testcase>
          <testcase name="[It] [sig-storage] In-tree Volumes [Driver: aws] [Testpattern: Dynamic PV (default fs)] subPath should unmount if pod is force deleted while kubelet is down [Disruptive] [Slow] [LinuxOnly]" classname="Kubernetes e2e suite" status="skipped" time="0">
              <skipped message="skipped"></skipped>
          </testcase>
          <testcase name="[It] [sig-storage] CSI Volumes [Driver: csi-hostpath] [Testpattern: Dynamic PV (default fs)] subPath should support existing directories when readOnly specified in the volumeSource" classname="Kubernetes e2e suite" status="skipped" time="0">
              <skipped message="skipped"></skipped>
          </testcase>
          <testcase name="[It] [sig-storage] In-tree Volumes [Driver: azure-disk] [Testpattern: Inline-volume (ext4)] volumes should store data" classname="Kubernetes e2e suite" status="skipped" time="0">
              <skipped message="skipped"></skipped>
          </testcase>
          <testcase name="[It] [sig-storage] In-tree Volumes [Driver: local] [LocalVolumeType: gce-localssd-scsi-fs] [Serial] [Testpattern: Inline-volume (default fs)] subPath should unmount if pod is gracefully deleted while kubelet is down [Disruptive] [Slow] [LinuxOnly]" classname="Kubernetes e2e suite" status="skipped" time="0">
              <skipped message="skipped"></skipped>
          </testcase>
          <testcase name="[It] [sig-storage] In-tree Volumes [Driver: local] [LocalVolumeType: dir-bindmounted] [Testpattern: Inline-volume (default fs)] subPath should fail if subpath directory is outside the volume [Slow] [LinuxOnly]" classname="Kubernetes e2e suite" status="skipped" time="0">
              <skipped message="skipped"></skipped>
          </testcase>
          <testcase name="[It] [sig-storage] In-tree Volumes [Driver: azure-disk] [Testpattern: Dynamic PV (default fs)] subPath should unmount if pod is gracefully deleted while kubelet is down [Disruptive] [Slow] [LinuxOnly]" classname="Kubernetes e2e suite" status="skipped" time="0">
              <skipped message="skipped"></skipped>
          </testcase>
          <testcase name="[It] [sig-storage] In-tree Volumes [Driver: rbd] [Feature:Volumes] [Serial] [Testpattern: Generic Ephemeral-volume (default fs) (late-binding)] ephemeral should support two pods which have the same volume definition" classname="Kubernetes e2e suite" status="skipped" time="0">
              <skipped message="skipped"></skipped>
          </testcase>
          <testcase name="[It] [sig-storage] In-tree Volumes [Driver: iscsi] [Feature:Volumes] [Testpattern: Generic Ephemeral-volume (default fs) (late-binding)] ephemeral should support two pods which have the same volume definition" classname="Kubernetes e2e suite" status="skipped" time="0">
              <skipped message="skipped"></skipped>
          </testcase>
          <testcase name="[It] [sig-storage] In-tree Volumes [Driver: nfs] [Testpattern: Pre-provisioned PV (block volmode)] multiVolume [Slow] should concurrently access the single volume from pods on the same node" classname="Kubernetes e2e suite" status="skipped" time="0">
              <skipped message="skipped"></skipped>
          </testcase>
          <testcase name="[It] [sig-storage] In-tree Volumes [Driver: local] [LocalVolumeType: dir-link] [Testpattern: Dynamic PV (default fs)] volumes should allow exec of files on the volume" classname="Kubernetes e2e suite" status="skipped" time="0">
              <skipped message="skipped"></skipped>
          </testcase>
          <testcase name="[It] [sig-storage] Volume Provisioning On Clustered Datastore [Feature:vsphere] verify dynamic provision with spbm policy on clustered datastore" classname="Kubernetes e2e suite" status="skipped" time="0">
              <skipped message="skipped"></skipped>
          </testcase>
          <testcase name="[It] [sig-storage] CSI Volumes [Driver: pd.csi.storage.gke.io] [Serial] [Testpattern: Dynamic PV (ext4)] multiVolume [Slow] should access to two volumes with different volume mode and retain data across pod recreation on different node" classname="Kubernetes e2e suite" status="skipped" time="0">
              <skipped message="skipped"></skipped>
          </testcase>
          <testcase name="[It] [sig-storage] PersistentVolumes NFS with Single PV - PVC pairs create a PV and a pre-bound PVC: test phase transition timestamp multiple updates [Feature:PersistentVolumeLastPhaseTransitionTime]" classname="Kubernetes e2e suite" status="skipped" time="0">
              <skipped message="skipped"></skipped>
          </testcase>
          <testcase name="[It] [sig-network] Netpol NetworkPolicy between server and client should enforce policy to allow traffic only from a different namespace, based on NamespaceSelector [Feature:NetworkPolicy]" classname="Kubernetes e2e suite" status="skipped" time="0">
              <skipped message="skipped"></skipped>
          </testcase>
          <testcase name="[It] [sig-storage] In-tree Volumes [Driver: local] [LocalVolumeType: block] [Testpattern: Dynamic PV (ntfs)] [Feature:Windows] subPath should unmount if pod is force deleted while kubelet is down [Disruptive] [Slow] [LinuxOnly]" classname="Kubernetes e2e suite" status="skipped" time="0">
              <skipped message="skipped"></skipped>
          </testcase>
          <testcase name="[It] [sig-storage] In-tree Volumes [Driver: iscsi] [Feature:Volumes] [Testpattern: Dynamic PV (filesystem volmode)] multiVolume [Slow] should concurrently access the single read-only volume from pods on the same node" classname="Kubernetes e2e suite" status="skipped" time="0">
              <skipped message="skipped"></skipped>
          </testcase>
          <testcase name="[It] [sig-storage] In-tree Volumes [Driver: local] [LocalVolumeType: dir-link] [Testpattern: Dynamic PV (xfs)] [Slow] multiVolume [Slow] should access to two volumes with different volume mode and retain data across pod recreation on different node" classname="Kubernetes e2e suite" status="skipped" time="0">
              <skipped message="skipped"></skipped>
          </testcase>
          <testcase name="[It] [sig-storage] In-tree Volumes [Driver: iscsi] [Feature:Volumes] [Testpattern: Dynamic PV (filesystem volmode)] volumeMode should fail to use a volume in a pod with mismatched mode [Slow]" classname="Kubernetes e2e suite" status="skipped" time="0">
              <skipped message="skipped"></skipped>
          </testcase>
          <testcase name="[It] [sig-storage] In-tree Volumes [Driver: local] [LocalVolumeType: dir] [Testpattern: Dynamic PV (default fs)] provisioning should provision storage with pvc data source (ROX mode)" classname="Kubernetes e2e suite" status="skipped" time="0">
              <skipped message="skipped"></skipped>
          </testcase>
          <testcase name="[It] [sig-storage] In-tree Volumes [Driver: cinder] [Testpattern: Pre-provisioned PV (xfs)] [Slow] volumes should store data" classname="Kubernetes e2e suite" status="skipped" time="0">
              <skipped message="skipped"></skipped>
          </testcase>
          <testcase name="[It] [sig-storage] In-tree Volumes [Driver: local] [LocalVolumeType: tmpfs] [Testpattern: Inline-volume (default fs)] subPath should support creating multiple subpath from same volumes [Slow]" classname="Kubernetes e2e suite" status="skipped" time="0">
              <skipped message="skipped"></skipped>
          </testcase>
          <testcase name="[It] [sig-network] Services should delete a collection of services [Conformance]" classname="Kubernetes e2e suite" status="passed" time="0.06977251"></testcase>
          <testcase name="[It] [sig-network] Netpol API should support creating NetworkPolicy API with endport field" classname="Kubernetes e2e suite" status="skipped" time="0">
              <skipped message="skipped"></skipped>
          </testcase>
          <testcase name="[It] [sig-storage] In-tree Volumes [Driver: iscsi] [Feature:Volumes] [Testpattern: Dynamic PV (xfs)] [Slow] volumes should store data" classname="Kubernetes e2e suite" status="skipped" time="0">
              <skipped message="skipped"></skipped>
          </testcase>
          <testcase name="[It] [sig-storage] In-tree Volumes [Driver: local] [LocalVolumeType: blockfs] [Testpattern: Pre-provisioned PV (default fs)] subPath should fail if subpath directory is outside the volume [Slow] [LinuxOnly]" classname="Kubernetes e2e suite" status="skipped" time="0">
              <skipped message="skipped"></skipped>
          </testcase>
          <testcase name="[It] [sig-storage] In-tree Volumes [Driver: iscsi] [Feature:Volumes] [Testpattern: Dynamic PV (block volmode)] disruptive [Disruptive] [LinuxOnly] Should test that pv used in a pod that is force deleted while the kubelet is down cleans up when the kubelet returns." classname="Kubernetes e2e suite" status="skipped" time="0">
              <skipped message="skipped"></skipped>
          </testcase>
          <testcase name="[It] [sig-storage] In-tree Volumes [Driver: local] [LocalVolumeType: block] [Testpattern: Inline-volume (default fs)] subPath should verify container cannot write to subpath readonly volumes [Slow]" classname="Kubernetes e2e suite" status="skipped" time="0">
              <skipped message="skipped"></skipped>
          </testcase>
          <testcase name="[It] [sig-storage] In-tree Volumes [Driver: local] [LocalVolumeType: gce-localssd-scsi-fs] [Serial] [Testpattern: Pre-provisioned PV (block volmode)] multiVolume [Slow] should concurrently access the single volume from pods on different node" classname="Kubernetes e2e suite" status="skipped" time="0">
              <skipped message="skipped"></skipped>
          </testcase>
          <testcase name="[It] [sig-storage] In-tree Volumes [Driver: rbd] [Feature:Volumes] [Serial] [Testpattern: Dynamic PV (block volmode)] provisioning should provision correct filesystem size when restoring snapshot to larger size pvc [Feature:VolumeSnapshotDataSource]" classname="Kubernetes e2e suite" status="skipped" time="0">
              <skipped message="skipped"></skipped>
          </testcase>
          <testcase name="[It] [sig-storage] CSI Volumes [Driver: pd.csi.storage.gke.io] [Serial] [Testpattern: Inline-volume (xfs)] [Slow] volumes should store data" classname="Kubernetes e2e suite" status="skipped" time="0">
              <skipped message="skipped"></skipped>
          </testcase>
          <testcase name="[It] [sig-storage] In-tree Volumes [Driver: azure-file] [Testpattern: Dynamic PV (block volmode)] multiVolume [Slow] should concurrently access the volume and restored snapshot from pods on the same node [LinuxOnly] [Feature:VolumeSnapshotDataSource] [Feature:VolumeSourceXFS]" classname="Kubernetes e2e suite" status="skipped" time="0">
              <skipped message="skipped"></skipped>
          </testcase>
          <testcase name="[It] [sig-storage] In-tree Volumes [Driver: nfs] [Testpattern: Dynamic PV (default fs)] subPath should fail if subpath directory is outside the volume [Slow] [LinuxOnly]" classname="Kubernetes e2e suite" status="skipped" time="0">
              <skipped message="skipped"></skipped>
          </testcase>
          <testcase name="[It] [sig-storage] In-tree Volumes [Driver: hostPath] [Testpattern: Dynamic PV (block volmode)] provisioning should mount multiple PV pointing to the same storage on the same node" classname="Kubernetes e2e suite" status="skipped" time="0">
              <skipped message="skipped"></skipped>
          </testcase>
          <testcase name="[It] [sig-storage] In-tree Volumes [Driver: rbd] [Feature:Volumes] [Serial] [Testpattern: Dynamic PV (default fs)] fsgroupchangepolicy (Always)[LinuxOnly], pod created with an initial fsgroup, volume contents ownership changed via chgrp in first pod, new pod with different fsgroup applied to the volume contents" classname="Kubernetes e2e suite" status="skipped" time="0">
              <skipped message="skipped"></skipped>
          </testcase>
          <testcase name="[It] [sig-network] Networking Granular Checks: Services should be able to handle large requests: http" classname="Kubernetes e2e suite" status="skipped" time="0">
              <skipped message="skipped"></skipped>
          </testcase>
          <testcase name="[It] [sig-storage] In-tree Volumes [Driver: nfs] [Testpattern: Pre-provisioned PV (ntfs)] [Feature:Windows] volumes should store data" classname="Kubernetes e2e suite" status="skipped" time="0">
              <skipped message="skipped"></skipped>
          </testcase>
          <testcase name="[It] [sig-storage] In-tree Volumes [Driver: local] [LocalVolumeType: tmpfs] [Testpattern: Dynamic PV (ext3)] volumes should allow exec of files on the volume" classname="Kubernetes e2e suite" status="skipped" time="0">
              <skipped message="skipped"></skipped>
          </testcase>
          <testcase name="[It] [sig-storage] In-tree Volumes [Driver: rbd] [Feature:Volumes] [Serial] [Testpattern: Inline-volume (default fs)] volumes should store data" classname="Kubernetes e2e suite" status="skipped" time="0">
              <skipped message="skipped"></skipped>
          </testcase>
          <testcase name="[It] [sig-storage] PersistentVolumes-local [Volume type: dir-link] Set fsGroup for local volume should set fsGroup for one pod [Slow]" classname="Kubernetes e2e suite" status="skipped" time="0">
              <skipped message="skipped"></skipped>
          </testcase>
          <testcase name="[It] [sig-storage] In-tree Volumes [Driver: aws] [Testpattern: Inline-volume (ext3)] volumes should allow exec of files on the volume" classname="Kubernetes e2e suite" status="skipped" time="0">
              <skipped message="skipped"></skipped>
          </testcase>
          <testcase name="[It] [sig-storage] Subpath Atomic writer volumes should support subpaths with secret pod [Conformance]" classname="Kubernetes e2e suite" status="passed" time="24.186008233"></testcase>
          <testcase name="[It] [sig-storage] In-tree Volumes [Driver: local] [LocalVolumeType: blockfs] [Testpattern: Generic Ephemeral-volume (default fs) (immediate-binding)] ephemeral should support multiple inline ephemeral volumes" classname="Kubernetes e2e suite" status="skipped" time="0">
              <skipped message="skipped"></skipped>
          </testcase>
          <testcase name="[It] [sig-network] HostPort validates that there is no conflict between pods with same hostPort but different hostIP and protocol [LinuxOnly] [Conformance]" classname="Kubernetes e2e suite" status="passed" time="23.554990901"></testcase>
          <testcase name="[It] [sig-storage] Projected downwardAPI should provide podname as non-root with fsgroup and defaultMode [LinuxOnly] [NodeFeature:FSGroup]" classname="Kubernetes e2e suite" status="skipped" time="0">
              <skipped message="skipped"></skipped>
          </testcase>
          <testcase name="[It] [sig-storage] In-tree Volumes [Driver: local] [LocalVolumeType: gce-localssd-scsi-fs] [Serial] [Testpattern: Dynamic PV (default fs)] provisioning should provision storage with pvc data source (ROX mode)" classname="Kubernetes e2e suite" status="skipped" time="0">
              <skipped message="skipped"></skipped>
          </testcase>
          <testcase name="[It] [sig-storage] In-tree Volumes [Driver: local] [LocalVolumeType: tmpfs] [Testpattern: Dynamic PV (filesystem volmode)] disruptive [Disruptive] [LinuxOnly] Should test that pv used in a pod that is deleted while the kubelet is down is usable by a new pod when kubelet returns [Feature:SELinux]" classname="Kubernetes e2e suite" status="skipped" time="0">
              <skipped message="skipped"></skipped>
          </testcase>
          <testcase name="[It] [sig-storage] In-tree Volumes [Driver: azure-disk] [Testpattern: Dynamic PV (ext4)] multiVolume [Slow] should concurrently access the volume and its clone from pods on the same node [LinuxOnly] [Feature:VolumeSourceXFS]" classname="Kubernetes e2e suite" status="skipped" time="0">
              <skipped message="skipped"></skipped>
          </testcase>
          <testcase name="[It] [sig-storage] In-tree Volumes [Driver: ceph] [Feature:Volumes] [Serial] [Testpattern: Dynamic PV (ntfs)] [Feature:Windows] subPath should support readOnly file specified in the volumeMount [LinuxOnly]" classname="Kubernetes e2e suite" status="skipped" time="0">
              <skipped message="skipped"></skipped>
          </testcase>
          <testcase name="[It] [sig-storage] In-tree Volumes [Driver: iscsi] [Feature:Volumes] [Testpattern: Dynamic PV (immediate binding)] topology should provision a volume and schedule a pod with AllowedTopologies" classname="Kubernetes e2e suite" status="skipped" time="0">
              <skipped message="skipped"></skipped>
          </testcase>
          <testcase name="[It] [sig-node] DRA [Feature:DynamicResourceAllocation] cluster with delayed allocation and setting ReservedFor supports external claim referenced by multiple containers of multiple pods" classname="Kubernetes e2e suite" status="skipped" time="0">
              <skipped message="skipped"></skipped>
          </testcase>
          <testcase name="[It] [sig-api-machinery] FieldValidation should detect unknown metadata fields of a typed object [Conformance]" classname="Kubernetes e2e suite" status="passed" time="0.052807533"></testcase>
          <testcase name="[It] [sig-storage] In-tree Volumes [Driver: vsphere] [Testpattern: Generic Ephemeral-volume (default fs) (immediate-binding)] ephemeral should create read/write inline ephemeral volume" classname="Kubernetes e2e suite" status="skipped" time="0">
              <skipped message="skipped"></skipped>
          </testcase>
          <testcase name="[It] [sig-cloud-provider-gcp] Reboot [Disruptive] [Feature:Reboot] each node by ordering unclean reboot and ensure they function upon restart" classname="Kubernetes e2e suite" status="skipped" time="0">
              <skipped message="skipped"></skipped>
          </testcase>
          <testcase name="[It] [sig-storage] In-tree Volumes [Driver: hostPathSymlink] [Testpattern: Dynamic PV (ext4)] multiVolume [Slow] should access to two volumes with different volume mode and retain data across pod recreation on different node" classname="Kubernetes e2e suite" status="skipped" time="0">
              <skipped message="skipped"></skipped>
          </testcase>
          <testcase name="[It] [sig-storage] In-tree Volumes [Driver: local] [LocalVolumeType: block] [Testpattern: Dynamic PV (default fs)] fsgroupchangepolicy (OnRootMismatch)[LinuxOnly], pod created with an initial fsgroup, volume contents ownership changed via chgrp in first pod, new pod with same fsgroup skips ownership changes to the volume contents" classname="Kubernetes e2e suite" status="skipped" time="0">
              <skipped message="skipped"></skipped>
          </testcase>
          <testcase name="[It] [sig-storage] In-tree Volumes [Driver: rbd] [Feature:Volumes] [Serial] [Testpattern: Dynamic PV (block volmode)] multiVolume [Slow] should concurrently access the volume and its clone from pods on the same node [LinuxOnly] [Feature:VolumeSourceXFS]" classname="Kubernetes e2e suite" status="skipped" time="0">
              <skipped message="skipped"></skipped>
          </testcase>
          <testcase name="[It] [sig-storage] In-tree Volumes [Driver: azure-file] [Testpattern: Dynamic PV (filesystem volmode)] multiVolume [Slow] should concurrently access the volume and its clone from pods on the same node [LinuxOnly] [Feature:VolumeSourceXFS]" classname="Kubernetes e2e suite" status="skipped" time="0">
              <skipped message="skipped"></skipped>
          </testcase>
          <testcase name="[It] [sig-storage] In-tree Volumes [Driver: emptydir] [Testpattern: Dynamic PV (ntfs)] [Feature:Windows] subPath should fail if non-existent subpath is outside the volume [Slow] [LinuxOnly]" classname="Kubernetes e2e suite" status="skipped" time="0">
              <skipped message="skipped"></skipped>
          </testcase>
          <testcase name="[It] [sig-storage] CSI Mock volume fsgroup policies CSI FSGroupPolicy [LinuxOnly] should modify fsGroup if fsGroupPolicy=default" classname="Kubernetes e2e suite" status="skipped" time="0">
              <skipped message="skipped"></skipped>
          </testcase>
          <testcase name="[It] [sig-cli] Kubectl client Simple pod Kubectl run running a failing command" classname="Kubernetes e2e suite" status="skipped" time="0">
              <skipped message="skipped"></skipped>
          </testcase>
          <testcase name="[It] [sig-autoscaling] [Feature:HPA] [Serial] [Slow] Horizontal pod autoscaling (non-default behavior) with autoscaling disabled shouldn&#39;t scale up" classname="Kubernetes e2e suite" status="skipped" time="0">
              <skipped message="skipped"></skipped>
          </testcase>
          <testcase name="[It] [sig-storage] In-tree Volumes [Driver: local] [LocalVolumeType: dir-link] [Testpattern: Dynamic PV (block volmode)(allowExpansion)] volume-expand should resize volume when PVC is edited while pod is using it" classname="Kubernetes e2e suite" status="skipped" time="0">
              <skipped message="skipped"></skipped>
          </testcase>
          <testcase name="[It] [sig-storage] In-tree Volumes [Driver: ceph] [Feature:Volumes] [Serial] [Testpattern: Dynamic PV (filesystem volmode)] multiVolume [Slow] should concurrently access the single read-only volume from pods on the same node" classname="Kubernetes e2e suite" status="skipped" time="0">
              <skipped message="skipped"></skipped>
          </testcase>
          <testcase name="[It] [sig-storage] In-tree Volumes [Driver: local] [LocalVolumeType: dir-link-bindmounted] [Testpattern: Pre-provisioned PV (filesystem volmode)] volumeMode should not mount / map unused volumes in a pod [LinuxOnly]" classname="Kubernetes e2e suite" status="skipped" time="0">
              <skipped message="skipped"></skipped>
          </testcase>
          <testcase name="[It] [sig-storage] CSI Volumes [Driver: pd.csi.storage.gke.io] [Serial] [Testpattern: Dynamic PV (delayed binding)] topology should provision a volume and schedule a pod with AllowedTopologies" classname="Kubernetes e2e suite" status="skipped" time="0">
              <skipped message="skipped"></skipped>
          </testcase>
          <testcase name="[It] [sig-storage] In-tree Volumes [Driver: local] [LocalVolumeType: dir-bindmounted] [Testpattern: Dynamic PV (block volmode)] multiVolume [Slow] should access to two volumes with the same volume mode and retain data across pod recreation on the same node" classname="Kubernetes e2e suite" status="skipped" time="0">
              <skipped message="skipped"></skipped>
          </testcase>
          <testcase name="[It] [sig-storage] In-tree Volumes [Driver: local] [LocalVolumeType: tmpfs] [Testpattern: Dynamic PV (block volmode)] multiVolume [Slow] should concurrently access the volume and restored snapshot from pods on the same node [LinuxOnly] [Feature:VolumeSnapshotDataSource] [Feature:VolumeSourceXFS]" classname="Kubernetes e2e suite" status="skipped" time="0">
              <skipped message="skipped"></skipped>
          </testcase>
          <testcase name="[It] [sig-node] DRA [Feature:DynamicResourceAllocation] multiple drivers using only drapbv1alpha3 work" classname="Kubernetes e2e suite" status="skipped" time="0">
              <skipped message="skipped"></skipped>
          </testcase>
          <testcase name="[It] [sig-storage] In-tree Volumes [Driver: local] [LocalVolumeType: tmpfs] [Testpattern: Dynamic PV (default fs)] fsgroupchangepolicy (Always)[LinuxOnly], pod created with an initial fsgroup, volume contents ownership changed via chgrp in first pod, new pod with different fsgroup applied to the volume contents" classname="Kubernetes e2e suite" status="skipped" time="0">
              <skipped message="skipped"></skipped>
          </testcase>
          <testcase name="[It] [sig-storage] In-tree Volumes [Driver: iscsi] [Feature:Volumes] [Testpattern: Inline-volume (default fs)] subPath should support file as subpath [LinuxOnly]" classname="Kubernetes e2e suite" status="skipped" time="0">
              <skipped message="skipped"></skipped>
          </testcase>
          <testcase name="[It] [sig-storage] In-tree Volumes [Driver: hostPath] [Testpattern: Inline-volume (ntfs)] [Feature:Windows] volumes should store data" classname="Kubernetes e2e suite" status="skipped" time="0">
              <skipped message="skipped"></skipped>
          </testcase>
          <testcase name="[It] [sig-storage] In-tree Volumes [Driver: hostPath] [Testpattern: Dynamic PV (ntfs)] [Feature:Windows] provisioning should provision storage with any volume data source [Serial]" classname="Kubernetes e2e suite" status="skipped" time="0">
              <skipped message="skipped"></skipped>
          </testcase>
          <testcase name="[It] [sig-storage] In-tree Volumes [Driver: local] [LocalVolumeType: gce-localssd-scsi-fs] [Serial] [Testpattern: Dynamic PV (default fs)] fsgroupchangepolicy (OnRootMismatch)[LinuxOnly], pod created with an initial fsgroup, new pod fsgroup applied to volume contents" classname="Kubernetes e2e suite" status="skipped" time="0">
              <skipped message="skipped"></skipped>
          </testcase>
          <testcase name="[It] [sig-storage] In-tree Volumes [Driver: nfs] [Testpattern: Inline-volume (default fs)] subPath should fail if subpath file is outside the volume [Slow] [LinuxOnly]" classname="Kubernetes e2e suite" status="skipped" time="0">
              <skipped message="skipped"></skipped>
          </testcase>
          <testcase name="[It] [sig-apps] DaemonRestart [Disruptive] Kube-proxy should recover after being killed accidentally" classname="Kubernetes e2e suite" status="skipped" time="0">
              <skipped message="skipped"></skipped>
          </testcase>
          <testcase name="[It] [sig-storage] In-tree Volumes [Driver: ceph] [Feature:Volumes] [Serial] [Testpattern: Dynamic PV (ntfs)] [Feature:Windows] subPath should support existing directory" classname="Kubernetes e2e suite" status="skipped" time="0">
              <skipped message="skipped"></skipped>
          </testcase>
          <testcase name="[It] [sig-storage] In-tree Volumes [Driver: local] [LocalVolumeType: blockfs] [Testpattern: Dynamic PV (delayed binding)] topology should fail to schedule a pod which has topologies that conflict with AllowedTopologies" classname="Kubernetes e2e suite" status="skipped" time="0">
              <skipped message="skipped"></skipped>
          </testcase>
          <testcase name="[It] [sig-storage] PersistentVolumes-local [Volume type: dir-bindmounted] Set fsGroup for local volume should set different fsGroup for second pod if first pod is deleted [Flaky]" classname="Kubernetes e2e suite" status="skipped" time="0">
              <skipped message="skipped"></skipped>
          </testcase>
          <testcase name="[It] [sig-storage] In-tree Volumes [Driver: local] [LocalVolumeType: dir-link-bindmounted] [Testpattern: Dynamic PV (ntfs)] [Feature:Windows] provisioning should provision storage with pvc data source in parallel [Slow]" classname="Kubernetes e2e suite" status="skipped" time="0">
              <skipped message="skipped"></skipped>
          </testcase>
          <testcase name="[It] [sig-storage] In-tree Volumes [Driver: nfs] [Testpattern: Generic Ephemeral-volume (default fs) (late-binding)] ephemeral should create read/write inline ephemeral volume" classname="Kubernetes e2e suite" status="skipped" time="0">
              <skipped message="skipped"></skipped>
          </testcase>
          <testcase name="[It] [sig-apps] DisruptionController should update/patch PodDisruptionBudget status [Conformance]" classname="Kubernetes e2e suite" status="passed" time="4.104594549"></testcase>
          <testcase name="[It] [sig-storage] In-tree Volumes [Driver: rbd] [Feature:Volumes] [Serial] [Testpattern: Dynamic PV (default fs)] provisioning should provision correct filesystem size when restoring snapshot to larger size pvc [Feature:VolumeSnapshotDataSource]" classname="Kubernetes e2e suite" status="skipped" time="0">
              <skipped message="skipped"></skipped>
          </testcase>
          <testcase name="[It] [sig-storage] CSI Volumes [Driver: pd.csi.storage.gke.io] [Serial] [Testpattern: Dynamic PV (default fs)] fsgroupchangepolicy (Always)[LinuxOnly], pod created with an initial fsgroup, volume contents ownership changed via chgrp in first pod, new pod with same fsgroup applied to the volume contents" classname="Kubernetes e2e suite" status="skipped" time="0">
              <skipped message="skipped"></skipped>
          </testcase>
          <testcase name="[It] [sig-storage] In-tree Volumes [Driver: azure-file] [Testpattern: Dynamic PV (default fs)] fsgroupchangepolicy (OnRootMismatch)[LinuxOnly], pod created with an initial fsgroup, volume contents ownership changed via chgrp in first pod, new pod with same fsgroup skips ownership changes to the volume contents" classname="Kubernetes e2e suite" status="skipped" time="0">
              <skipped message="skipped"></skipped>
          </testcase>
          <testcase name="[It] [sig-storage] In-tree Volumes [Driver: hostPath] [Testpattern: Dynamic PV (block volmode)] multiVolume [Slow] should access to two volumes with different volume mode and retain data across pod recreation on different node" classname="Kubernetes e2e suite" status="skipped" time="0">
              <skipped message="skipped"></skipped>
          </testcase>
          <testcase name="[It] [sig-storage] In-tree Volumes [Driver: local] [LocalVolumeType: blockfs] [Testpattern: Dynamic PV (ntfs)] [Feature:Windows] provisioning should provision storage with pvc data source (ROX mode)" classname="Kubernetes e2e suite" status="skipped" time="0">
              <skipped message="skipped"></skipped>
          </testcase>
          <testcase name="[It] [sig-storage] In-tree Volumes [Driver: aws] [Testpattern: Dynamic PV (default fs)] subPath should support existing directory" classname="Kubernetes e2e suite" status="skipped" time="0">
              <skipped message="skipped"></skipped>
          </testcase>
          <testcase name="[It] [sig-storage] In-tree Volumes [Driver: local] [LocalVolumeType: block] [Testpattern: Dynamic PV (filesystem volmode)] disruptive [Disruptive] [LinuxOnly] Should test that pv used in a pod that is deleted while the kubelet is down is usable by a new pod with a different SELinux context when kubelet returns [Feature:SELinux]" classname="Kubernetes e2e suite" status="skipped" time="0">
              <skipped message="skipped"></skipped>
          </testcase>
          <testcase name="[It] [sig-network] [Feature:IPv6DualStack] should create pod, add ipv6 and ipv4 ip to host ips [Feature:PodHostIPs]" classname="Kubernetes e2e suite" status="skipped" time="0">
              <skipped message="skipped"></skipped>
          </testcase>
          <testcase name="[It] [sig-storage] CSI Volumes [Driver: csi-hostpath] [Testpattern: Pre-provisioned PV (default fs)] subPath should support readOnly directory specified in the volumeMount" classname="Kubernetes e2e suite" status="skipped" time="0">
              <skipped message="skipped"></skipped>
          </testcase>
          <testcase name="[It] [sig-autoscaling] [HPA] [Feature:CustomMetricsAutoscaling] Horizontal pod autoscaling (scale resource: Custom Metrics from Stackdriver) with multiple metrics of different types should scale up when one metric is missing (Pod and External metrics)" classname="Kubernetes e2e suite" status="skipped" time="0">
              <skipped message="skipped"></skipped>
          </testcase>
          <testcase name="[It] [sig-storage] In-tree Volumes [Driver: ceph] [Feature:Volumes] [Serial] [Testpattern: Pre-provisioned PV (default fs)] subPath should unmount if pod is force deleted while kubelet is down [Disruptive] [Slow] [LinuxOnly]" classname="Kubernetes e2e suite" status="skipped" time="0">
              <skipped message="skipped"></skipped>
          </testcase>
          <testcase name="[It] [sig-storage] In-tree Volumes [Driver: local] [LocalVolumeType: gce-localssd-scsi-fs] [Serial] [Testpattern: Pre-provisioned PV (filesystem volmode)] multiVolume [Slow] should concurrently access the volume and its clone from pods on the same node [LinuxOnly] [Feature:VolumeSourceXFS]" classname="Kubernetes e2e suite" status="skipped" time="0">
              <skipped message="skipped"></skipped>
          </testcase>
          <testcase name="[It] [sig-storage] CSI Volumes [Driver: csi-hostpath] [Testpattern: Dynamic PV (default fs)] provisioning should provision storage with snapshot data source (ROX mode) [Feature:VolumeSnapshotDataSource]" classname="Kubernetes e2e suite" status="skipped" time="0">
              <skipped message="skipped"></skipped>
          </testcase>
          <testcase name="[It] [sig-storage] CSI Volumes [Driver: csi-hostpath] [Testpattern: Pre-provisioned PV (xfs)] [Slow] volumes should allow exec of files on the volume" classname="Kubernetes e2e suite" status="skipped" time="0">
              <skipped message="skipped"></skipped>
          </testcase>
          <testcase name="[It] [sig-storage] In-tree Volumes [Driver: emptydir] [Testpattern: Pre-provisioned PV (block volmode)] multiVolume [Slow] should access to two volumes with different volume mode and retain data across pod recreation on different node" classname="Kubernetes e2e suite" status="skipped" time="0">
              <skipped message="skipped"></skipped>
          </testcase>
          <testcase name="[It] [sig-storage] In-tree Volumes [Driver: local] [LocalVolumeType: block] [Testpattern: Pre-provisioned PV (block volmode)] multiVolume [Slow] should access to two volumes with the same volume mode and retain data across pod recreation on the same node" classname="Kubernetes e2e suite" status="skipped" time="0">
              <skipped message="skipped"></skipped>
          </testcase>
          <testcase name="[It] [sig-storage] In-tree Volumes [Driver: local] [LocalVolumeType: dir-bindmounted] [Testpattern: Pre-provisioned PV (block volmode)] multiVolume [Slow] should concurrently access the volume and restored snapshot from pods on the same node [LinuxOnly] [Feature:VolumeSnapshotDataSource] [Feature:VolumeSourceXFS]" classname="Kubernetes e2e suite" status="skipped" time="0">
              <skipped message="skipped"></skipped>
          </testcase>
          <testcase name="[It] [sig-storage] In-tree Volumes [Driver: ceph] [Feature:Volumes] [Serial] [Testpattern: Inline-volume (default fs)] subPath should support existing directories when readOnly specified in the volumeSource" classname="Kubernetes e2e suite" status="skipped" time="0">
              <skipped message="skipped"></skipped>
          </testcase>
          <testcase name="[It] [sig-storage] In-tree Volumes [Driver: local] [LocalVolumeType: dir-link] [Testpattern: Pre-provisioned PV (default fs)] subPath should fail if subpath directory is outside the volume [Slow] [LinuxOnly]" classname="Kubernetes e2e suite" status="skipped" time="0">
              <skipped message="skipped"></skipped>
          </testcase>
          <testcase name="[It] [sig-storage] PersistentVolumes-local [Volume type: blockfswithformat] Two pods mounting a local volume one after the other should be able to write from pod1 and read from pod2" classname="Kubernetes e2e suite" status="skipped" time="0">
              <skipped message="skipped"></skipped>
          </testcase>
          <testcase name="[It] [sig-storage] In-tree Volumes [Driver: local] [LocalVolumeType: block] [Testpattern: Dynamic PV (block volmode)] multiVolume [Slow] should access to two volumes with different volume mode and retain data across pod recreation on the same node" classname="Kubernetes e2e suite" status="skipped" time="0">
              <skipped message="skipped"></skipped>
          </testcase>
          <testcase name="[It] [sig-scheduling] SchedulerPredicates [Serial] when PVC has node-affinity to non-existent/illegal nodes, the pod should be scheduled normally if suitable nodes exist" classname="Kubernetes e2e suite" status="skipped" time="0">
              <skipped message="skipped"></skipped>
          </testcase>
          <testcase name="[It] [sig-windows] [Feature:WindowsHostProcessContainers] [MinimumKubeletVersion:1.22] HostProcess containers should support init containers" classname="Kubernetes e2e suite" status="skipped" time="0">
              <skipped message="skipped"></skipped>
          </testcase>
          <testcase name="[It] [sig-node] Pods should cap back-off at MaxContainerBackOff [Slow] [NodeConformance]" classname="Kubernetes e2e suite" status="skipped" time="0">
              <skipped message="skipped"></skipped>
          </testcase>
          <testcase name="[It] [sig-storage] In-tree Volumes [Driver: local] [LocalVolumeType: tmpfs] [Testpattern: Dynamic PV (ntfs)] [Feature:Windows] multiVolume [Slow] should access to two volumes with the same volume mode and retain data across pod recreation on the same node" classname="Kubernetes e2e suite" status="skipped" time="0">
              <skipped message="skipped"></skipped>
          </testcase>
          <testcase name="[It] [sig-storage] In-tree Volumes [Driver: local] [LocalVolumeType: tmpfs] [Testpattern: Dynamic PV (xfs)] [Slow] multiVolume [Slow] should access to two volumes with different volume mode and retain data across pod recreation on different node" classname="Kubernetes e2e suite" status="skipped" time="0">
              <skipped message="skipped"></skipped>
          </testcase>
          <testcase name="[It] [sig-storage] In-tree Volumes [Driver: azure-disk] [Testpattern: Dynamic PV (ntfs)] [Feature:Windows] subPath should unmount if pod is force deleted while kubelet is down [Disruptive] [Slow] [LinuxOnly]" classname="Kubernetes e2e suite" status="skipped" time="0">
              <skipped message="skipped"></skipped>
          </testcase>
          <testcase name="[It] [sig-scheduling] SchedulerPredicates [Serial] validates Pods with non-empty schedulingGates are blocked on scheduling" classname="Kubernetes e2e suite" status="skipped" time="0">
              <skipped message="skipped"></skipped>
          </testcase>
          <testcase name="[It] [sig-network] LoadBalancers should only allow access from service loadbalancer source ranges [Slow]" classname="Kubernetes e2e suite" status="skipped" time="0">
              <skipped message="skipped"></skipped>
          </testcase>
          <testcase name="[It] [sig-node] Secrets should be consumable via the environment [NodeConformance] [Conformance]" classname="Kubernetes e2e suite" status="passed" time="4.118282376"></testcase>
          <testcase name="[It] [sig-storage] StorageClasses CSI Conformance should run through the lifecycle of a StorageClass [Conformance]" classname="Kubernetes e2e suite" status="passed" time="0.106288673"></testcase>
          <testcase name="[It] [sig-storage] In-tree Volumes [Driver: local] [LocalVolumeType: dir-link-bindmounted] [Testpattern: Pre-provisioned PV (block volmode)] volumes should store data" classname="Kubernetes e2e suite" status="skipped" time="0">
              <skipped message="skipped"></skipped>
          </testcase>
          <testcase name="[It] [sig-storage] In-tree Volumes [Driver: nfs] [Testpattern: Dynamic PV (block volmode)] provisioning should provision storage with snapshot data source (ROX mode) [Feature:VolumeSnapshotDataSource]" classname="Kubernetes e2e suite" status="skipped" time="0">
              <skipped message="skipped"></skipped>
          </testcase>
          <testcase name="[It] [sig-storage] In-tree Volumes [Driver: local] [LocalVolumeType: dir-bindmounted] [Testpattern: Dynamic PV (filesystem volmode)] disruptive [Disruptive] [LinuxOnly] Should test that pv used in a pod that is deleted while the kubelet is down is usable by a new pod when kubelet returns [Feature:SELinux]" classname="Kubernetes e2e suite" status="skipped" time="0">
              <skipped message="skipped"></skipped>
          </testcase>
          <testcase name="[It] [sig-storage] In-tree Volumes [Driver: vsphere] [Testpattern: Inline-volume (xfs)] [Slow] volumes should allow exec of files on the volume" classname="Kubernetes e2e suite" status="skipped" time="0">
              <skipped message="skipped"></skipped>
          </testcase>
          <testcase name="[It] [sig-storage] In-tree Volumes [Driver: nfs] [Testpattern: Dynamic PV (filesystem volmode)] multiVolume [Slow] should access to two volumes with different volume mode and retain data across pod recreation on different node" classname="Kubernetes e2e suite" status="skipped" time="0">
              <skipped message="skipped"></skipped>
          </testcase>
          <testcase name="[It] [sig-storage] PersistentVolumes-local StatefulSet with pod affinity [Slow] should use volumes spread across nodes when pod has anti-affinity" classname="Kubernetes e2e suite" status="skipped" time="0">
              <skipped message="skipped"></skipped>
          </testcase>
          <testcase name="[It] [sig-storage] CSI Volumes [Driver: csi-hostpath] [Testpattern: Pre-provisioned PV (block volmode)] multiVolume [Slow] should access to two volumes with different volume mode and retain data across pod recreation on the same node" classname="Kubernetes e2e suite" status="skipped" time="0">
              <skipped message="skipped"></skipped>
          </testcase>
          <testcase name="[It] [sig-storage] In-tree Volumes [Driver: local] [LocalVolumeType: blockfs] [Testpattern: Dynamic PV (default fs)] subPath should unmount if pod is force deleted while kubelet is down [Disruptive] [Slow] [LinuxOnly]" classname="Kubernetes e2e suite" status="skipped" time="0">
              <skipped message="skipped"></skipped>
          </testcase>
          <testcase name="[It] [sig-storage] In-tree Volumes [Driver: cinder] [Testpattern: Pre-provisioned PV (block volmode)] volumeMode should not mount / map unused volumes in a pod [LinuxOnly]" classname="Kubernetes e2e suite" status="skipped" time="0">
              <skipped message="skipped"></skipped>
          </testcase>
          <testcase name="[It] [sig-storage] In-tree Volumes [Driver: hostPath] [Testpattern: Inline-volume (ntfs)] [Feature:Windows] volumes should allow exec of files on the volume" classname="Kubernetes e2e suite" status="skipped" time="0">
              <skipped message="skipped"></skipped>
          </testcase>
          <testcase name="[It] [sig-storage] Pod Disks [Feature:StorageProvider] [Serial] attach on previously attached volumes should work" classname="Kubernetes e2e suite" status="skipped" time="0">
              <skipped message="skipped"></skipped>
          </testcase>
          <testcase name="[It] [sig-windows] [Feature:Windows] SecurityContext should not be able to create pods with unknown usernames at Pod level" classname="Kubernetes e2e suite" status="skipped" time="0">
              <skipped message="skipped"></skipped>
          </testcase>
          <testcase name="[It] [sig-storage] In-tree Volumes [Driver: emptydir] [Testpattern: Inline-volume (default fs)] subPath should support existing directories when readOnly specified in the volumeSource" classname="Kubernetes e2e suite" status="skipped" time="0">
              <skipped message="skipped"></skipped>
          </testcase>
          <testcase name="[It] [sig-storage] In-tree Volumes [Driver: local] [LocalVolumeType: dir] [Testpattern: Dynamic PV (default fs)] subPath should unmount if pod is force deleted while kubelet is down [Disruptive] [Slow] [LinuxOnly]" classname="Kubernetes e2e suite" status="skipped" time="0">
              <skipped message="skipped"></skipped>
          </testcase>
          <testcase name="[It] [sig-storage] CSI Volumes [Driver: pd.csi.storage.gke.io] [Serial] [Testpattern: Dynamic PV (block volmode)] provisioning should provision correct filesystem size when restoring snapshot to larger size pvc [Feature:VolumeSnapshotDataSource]" classname="Kubernetes e2e suite" status="skipped" time="0">
              <skipped message="skipped"></skipped>
          </testcase>
          <testcase name="[It] [sig-storage] In-tree Volumes [Driver: local] [LocalVolumeType: dir-bindmounted] [Testpattern: Pre-provisioned PV (block volmode)] disruptive [Disruptive] [LinuxOnly] Should test that pv used in a pod that is force deleted while the kubelet is down cleans up when the kubelet returns." classname="Kubernetes e2e suite" status="skipped" time="0">
              <skipped message="skipped"></skipped>
          </testcase>
          <testcase name="[It] [sig-storage] In-tree Volumes [Driver: local] [LocalVolumeType: dir] [Testpattern: Dynamic PV (ntfs)] [Feature:Windows] subPath should be able to unmount after the subpath directory is deleted [LinuxOnly]" classname="Kubernetes e2e suite" status="skipped" time="0">
              <skipped message="skipped"></skipped>
          </testcase>
          <testcase name="[It] [sig-storage] In-tree Volumes [Driver: vsphere] [Testpattern: Dynamic PV (block volmode)] multiVolume [Slow] should access to two volumes with different volume mode and retain data across pod recreation on the same node" classname="Kubernetes e2e suite" status="skipped" time="0">
              <skipped message="skipped"></skipped>
          </testcase>
          <testcase name="[It] [sig-storage] In-tree Volumes [Driver: local] [LocalVolumeType: dir-link-bindmounted] [Testpattern: Dynamic PV (immediate binding)] topology should provision a volume and schedule a pod with AllowedTopologies" classname="Kubernetes e2e suite" status="skipped" time="0">
              <skipped message="skipped"></skipped>
          </testcase>
          <testcase name="[It] [sig-storage] In-tree Volumes [Driver: emptydir] [Testpattern: Pre-provisioned PV (filesystem volmode)] multiVolume [Slow] should access to two volumes with different volume mode and retain data across pod recreation on different node" classname="Kubernetes e2e suite" status="skipped" time="0">
              <skipped message="skipped"></skipped>
          </testcase>
          <testcase name="[It] [sig-storage] CSI Volumes [Driver: pd.csi.storage.gke.io] [Serial] [Testpattern: Generic Ephemeral-volume (default fs)] volumeLimits should support volume limits [Serial]" classname="Kubernetes e2e suite" status="skipped" time="0">
              <skipped message="skipped"></skipped>
          </testcase>
          <testcase name="[It] [sig-storage] CSI Volumes [Driver: pd.csi.storage.gke.io] [Serial] [Testpattern: Inline-volume (default fs)] subPath should be able to unmount after the subpath directory is deleted [LinuxOnly]" classname="Kubernetes e2e suite" status="skipped" time="0">
              <skipped message="skipped"></skipped>
          </testcase>
          <testcase name="[It] [sig-storage] In-tree Volumes [Driver: hostPath] [Testpattern: Dynamic PV (default fs)] fsgroupchangepolicy (Always)[LinuxOnly], pod created with an initial fsgroup, new pod fsgroup applied to volume contents" classname="Kubernetes e2e suite" status="skipped" time="0">
              <skipped message="skipped"></skipped>
          </testcase>
          <testcase name="[It] [sig-storage] In-tree Volumes [Driver: hostPathSymlink] [Testpattern: Dynamic PV (ntfs)] [Feature:Windows] provisioning should provision correct filesystem size when restoring snapshot to larger size pvc [Feature:VolumeSnapshotDataSource]" classname="Kubernetes e2e suite" status="skipped" time="0">
              <skipped message="skipped"></skipped>
          </testcase>
          <testcase name="[It] [sig-storage] In-tree Volumes [Driver: emptydir] [Testpattern: Inline-volume (default fs)] subPath should fail if subpath file is outside the volume [Slow] [LinuxOnly]" classname="Kubernetes e2e suite" status="skipped" time="0">
              <skipped message="skipped"></skipped>
          </testcase>
          <testcase name="[It] [sig-storage] In-tree Volumes [Driver: hostPathSymlink] [Testpattern: Dynamic PV (ntfs)] [Feature:Windows] subPath should fail if non-existent subpath is outside the volume [Slow] [LinuxOnly]" classname="Kubernetes e2e suite" status="skipped" time="0">
              <skipped message="skipped"></skipped>
          </testcase>
          <testcase name="[It] [sig-node] DRA [Feature:DynamicResourceAllocation] cluster with immediate allocation supports external claim referenced by multiple pods" classname="Kubernetes e2e suite" status="skipped" time="0">
              <skipped message="skipped"></skipped>
          </testcase>
          <testcase name="[It] [sig-storage] In-tree Volumes [Driver: azure-disk] [Testpattern: Dynamic PV (block volmode)] provisioning should provision storage with pvc data source in parallel [Slow]" classname="Kubernetes e2e suite" status="skipped" time="0">
              <skipped message="skipped"></skipped>
          </testcase>
          <testcase name="[It] [sig-storage] In-tree Volumes [Driver: hostPath] [Testpattern: Inline-volume (default fs)] subPath should unmount if pod is gracefully deleted while kubelet is down [Disruptive] [Slow] [LinuxOnly]" classname="Kubernetes e2e suite" status="skipped" time="0">
              <skipped message="skipped"></skipped>
          </testcase>
          <testcase name="[It] [sig-storage] In-tree Volumes [Driver: iscsi] [Feature:Volumes] [Testpattern: Dynamic PV (ntfs)] [Feature:Windows] subPath should support readOnly file specified in the volumeMount [LinuxOnly]" classname="Kubernetes e2e suite" status="skipped" time="0">
              <skipped message="skipped"></skipped>
          </testcase>
          <testcase name="[It] [sig-storage] In-tree Volumes [Driver: local] [LocalVolumeType: dir] [Testpattern: Dynamic PV (ext4)] multiVolume [Slow] should concurrently access the volume and its clone from pods on the same node [LinuxOnly] [Feature:VolumeSourceXFS]" classname="Kubernetes e2e suite" status="skipped" time="0">
              <skipped message="skipped"></skipped>
          </testcase>
          <testcase name="[It] [sig-storage] In-tree Volumes [Driver: hostPathSymlink] [Testpattern: Dynamic PV (xfs)] [Slow] multiVolume [Slow] should concurrently access the volume and its clone from pods on the same node [LinuxOnly] [Feature:VolumeSourceXFS]" classname="Kubernetes e2e suite" status="skipped" time="0">
              <skipped message="skipped"></skipped>
          </testcase>
          <testcase name="[It] [sig-storage] CSI Volumes [Driver: pd.csi.storage.gke.io] [Serial] [Testpattern: Dynamic PV (ntfs)] [Feature:Windows] multiVolume [Slow] should access to two volumes with the same volume mode and retain data across pod recreation on different node" classname="Kubernetes e2e suite" status="skipped" time="0">
              <skipped message="skipped"></skipped>
          </testcase>
          <testcase name="[It] [sig-network] Services should work after the service has been recreated" classname="Kubernetes e2e suite" status="skipped" time="0">
              <skipped message="skipped"></skipped>
          </testcase>
          <testcase name="[It] [sig-storage] In-tree Volumes [Driver: rbd] [Feature:Volumes] [Serial] [Testpattern: Pre-provisioned PV (default fs)] subPath should support readOnly file specified in the volumeMount [LinuxOnly]" classname="Kubernetes e2e suite" status="skipped" time="0">
              <skipped message="skipped"></skipped>
          </testcase>
          <testcase name="[It] [sig-apps] Deployment deployment should support rollover [Conformance]" classname="Kubernetes e2e suite" status="passed" time="21.171894985"></testcase>
          <testcase name="[It] [sig-storage] In-tree Volumes [Driver: local] [LocalVolumeType: tmpfs] [Testpattern: Dynamic PV (ntfs)] [Feature:Windows] provisioning should mount multiple PV pointing to the same storage on the same node" classname="Kubernetes e2e suite" status="skipped" time="0">
              <skipped message="skipped"></skipped>
          </testcase>
          <testcase name="[It] [sig-storage] In-tree Volumes [Driver: local] [LocalVolumeType: dir] [Testpattern: Pre-provisioned PV (default fs)] subPath should support existing directory" classname="Kubernetes e2e suite" status="skipped" time="0">
              <skipped message="skipped"></skipped>
          </testcase>
          <testcase name="[It] [sig-storage] In-tree Volumes [Driver: local] [LocalVolumeType: dir-bindmounted] [Testpattern: Dynamic PV (default fs)] subPath should fail if subpath directory is outside the volume [Slow] [LinuxOnly]" classname="Kubernetes e2e suite" status="skipped" time="0">
              <skipped message="skipped"></skipped>
          </testcase>
          <testcase name="[It] [sig-storage] In-tree Volumes [Driver: rbd] [Feature:Volumes] [Serial] [Testpattern: Dynamic PV (immediate binding)] topology should provision a volume and schedule a pod with AllowedTopologies" classname="Kubernetes e2e suite" status="skipped" time="0">
              <skipped message="skipped"></skipped>
          </testcase>
          <testcase name="[It] [sig-storage] In-tree Volumes [Driver: hostPath] [Testpattern: Dynamic PV (block volmode)] multiVolume [Slow] should concurrently access the single read-only volume from pods on the same node" classname="Kubernetes e2e suite" status="skipped" time="0">
              <skipped message="skipped"></skipped>
          </testcase>
          <testcase name="[It] [sig-storage] In-tree Volumes [Driver: local] [LocalVolumeType: tmpfs] [Testpattern: Dynamic PV (ntfs)] [Feature:Windows] subPath should support existing single file [LinuxOnly]" classname="Kubernetes e2e suite" status="skipped" time="0">
              <skipped message="skipped"></skipped>
          </testcase>
          <testcase name="[It] [sig-windows] [Feature:Windows] SecurityContext should not be able to create pods with containers running as CONTAINERADMINISTRATOR when runAsNonRoot is true" classname="Kubernetes e2e suite" status="skipped" time="0">
              <skipped message="skipped"></skipped>
          </testcase>
          <testcase name="[It] [sig-storage] In-tree Volumes [Driver: hostPath] [Testpattern: Dynamic PV (default fs)] provisioning should provision storage with snapshot data source (ROX mode) [Feature:VolumeSnapshotDataSource]" classname="Kubernetes e2e suite" status="skipped" time="0">
              <skipped message="skipped"></skipped>
          </testcase>
          <testcase name="[It] [sig-storage] In-tree Volumes [Driver: local] [LocalVolumeType: dir-bindmounted] [Testpattern: Pre-provisioned PV (filesystem volmode)] disruptive [Disruptive] [LinuxOnly] Should test that pv written before kubelet restart is readable after restart." classname="Kubernetes e2e suite" status="skipped" time="0">
              <skipped message="skipped"></skipped>
          </testcase>
          <testcase name="[It] [sig-storage] In-tree Volumes [Driver: local] [LocalVolumeType: tmpfs] [Testpattern: Dynamic PV (default fs)] subPath should support file as subpath [LinuxOnly]" classname="Kubernetes e2e suite" status="skipped" time="0">
              <skipped message="skipped"></skipped>
          </testcase>
          <testcase name="[It] [sig-storage] In-tree Volumes [Driver: local] [LocalVolumeType: tmpfs] [Testpattern: Inline-volume (ext4)] volumes should store data" classname="Kubernetes e2e suite" status="skipped" time="0">
              <skipped message="skipped"></skipped>
          </testcase>
          <testcase name="[It] [sig-storage] PersistentVolumes [Feature:vsphere] [Feature:ReclaimPolicy] persistentvolumereclaim:vsphere [Feature:vsphere] should delete persistent volume when reclaimPolicy set to delete and associated claim is deleted" classname="Kubernetes e2e suite" status="skipped" time="0">
              <skipped message="skipped"></skipped>
          </testcase>
          <testcase name="[It] [sig-storage] In-tree Volumes [Driver: emptydir] [Testpattern: Dynamic PV (ext3)] volumes should store data" classname="Kubernetes e2e suite" status="skipped" time="0">
              <skipped message="skipped"></skipped>
          </testcase>
          <testcase name="[It] [sig-storage] Storage Policy Based Volume Provisioning [Feature:vsphere] verify VSAN storage capability with invalid capability name objectSpaceReserve is not honored for dynamically provisioned pvc using storageclass" classname="Kubernetes e2e suite" status="skipped" time="0">
              <skipped message="skipped"></skipped>
          </testcase>
          <testcase name="[It] [sig-network] [Feature:IPv6DualStack] Granular Checks: Services Secondary IP Family [LinuxOnly] should function for endpoint-Service: udp" classname="Kubernetes e2e suite" status="skipped" time="0">
              <skipped message="skipped"></skipped>
          </testcase>
          <testcase name="[It] [sig-storage] In-tree Volumes [Driver: emptydir] [Testpattern: Pre-provisioned PV (default fs)] volumeIO should write files of various sizes, verify size, validate content [Slow]" classname="Kubernetes e2e suite" status="skipped" time="0">
              <skipped message="skipped"></skipped>
          </testcase>
          <testcase name="[It] [sig-storage] CSI Volumes [Driver: csi-hostpath] [Testpattern: Dynamic PV (xfs)] [Slow] volumes should store data" classname="Kubernetes e2e suite" status="skipped" time="0">
              <skipped message="skipped"></skipped>
          </testcase>
          <testcase name="[It] [sig-storage] In-tree Volumes [Driver: iscsi] [Feature:Volumes] [Testpattern: Pre-provisioned PV (ext4)] volumes should store data" classname="Kubernetes e2e suite" status="skipped" time="0">
              <skipped message="skipped"></skipped>
          </testcase>
          <testcase name="[It] [sig-apps] ReplicationController should serve a basic image on each replica with a public image [Conformance]" classname="Kubernetes e2e suite" status="passed" time="5.071318059"></testcase>
          <testcase name="[It] [sig-storage] In-tree Volumes [Driver: aws] [Testpattern: Generic Ephemeral-volume (default fs) (immediate-binding)] ephemeral should support expansion of pvcs created for ephemeral pvcs" classname="Kubernetes e2e suite" status="skipped" time="0">
              <skipped message="skipped"></skipped>
          </testcase>
          <testcase name="[It] [sig-storage] CSI Volumes [Driver: csi-hostpath] [Testpattern: Dynamic PV (ntfs)] [Feature:Windows] subPath should fail if subpath with backstepping is outside the volume [Slow] [LinuxOnly]" classname="Kubernetes e2e suite" status="skipped" time="0">
              <skipped message="skipped"></skipped>
          </testcase>
          <testcase name="[It] [sig-storage] In-tree Volumes [Driver: hostPathSymlink] [Testpattern: Dynamic PV (ntfs)] [Feature:Windows] subPath should verify container cannot write to subpath readonly volumes [Slow]" classname="Kubernetes e2e suite" status="skipped" time="0">
              <skipped message="skipped"></skipped>
          </testcase>
          <testcase name="[It] [sig-storage] In-tree Volumes [Driver: aws] [Testpattern: Pre-provisioned PV (default fs)] subPath should support creating multiple subpath from same volumes [Slow]" classname="Kubernetes e2e suite" status="skipped" time="0">
              <skipped message="skipped"></skipped>
          </testcase>
          <testcase name="[It] [sig-storage] In-tree Volumes [Driver: vsphere] [Testpattern: Pre-provisioned PV (filesystem volmode)] multiVolume [Slow] should concurrently access the single read-only volume from pods on the same node" classname="Kubernetes e2e suite" status="skipped" time="0">
              <skipped message="skipped"></skipped>
          </testcase>
          <testcase name="[It] [sig-storage] In-tree Volumes [Driver: local] [LocalVolumeType: dir] [Testpattern: Dynamic PV (default fs)] fsgroupchangepolicy (OnRootMismatch)[LinuxOnly], pod created with an initial fsgroup, volume contents ownership changed via chgrp in first pod, new pod with same fsgroup skips ownership changes to the volume contents" classname="Kubernetes e2e suite" status="skipped" time="0">
              <skipped message="skipped"></skipped>
          </testcase>
          <testcase name="[It] [sig-storage] In-tree Volumes [Driver: rbd] [Feature:Volumes] [Serial] [Testpattern: Dynamic PV (ntfs)] [Feature:Windows] provisioning should mount multiple PV pointing to the same storage on the same node" classname="Kubernetes e2e suite" status="skipped" time="0">
              <skipped message="skipped"></skipped>
          </testcase>
          <testcase name="[It] [sig-storage] In-tree Volumes [Driver: vsphere] [Testpattern: Dynamic PV (default fs)(allowExpansion)] volume-expand Verify if offline PVC expansion works" classname="Kubernetes e2e suite" status="skipped" time="0">
              <skipped message="skipped"></skipped>
          </testcase>
          <testcase name="[It] [sig-storage] In-tree Volumes [Driver: local] [LocalVolumeType: block] [Testpattern: Pre-provisioned PV (default fs)] subPath should support creating multiple subpath from same volumes [Slow]" classname="Kubernetes e2e suite" status="skipped" time="0">
              <skipped message="skipped"></skipped>
          </testcase>
          <testcase name="[It] [sig-storage] PersistentVolumes-local [Volume type: dir-link-bindmounted] Set fsGroup for local volume should set fsGroup for one pod [Slow]" classname="Kubernetes e2e suite" status="skipped" time="0">
              <skipped message="skipped"></skipped>
          </testcase>
          <testcase name="[It] [sig-storage] In-tree Volumes [Driver: local] [LocalVolumeType: gce-localssd-scsi-fs] [Serial] [Testpattern: Dynamic PV (xfs)] [Slow] multiVolume [Slow] should concurrently access the single volume from pods on the same node" classname="Kubernetes e2e suite" status="skipped" time="0">
              <skipped message="skipped"></skipped>
          </testcase>
          <testcase name="[It] [sig-storage] In-tree Volumes [Driver: local] [LocalVolumeType: dir-link] [Testpattern: Pre-provisioned PV (filesystem volmode)] multiVolume [Slow] should concurrently access the single volume from pods on the same node" classname="Kubernetes e2e suite" status="skipped" time="0">
              <skipped message="skipped"></skipped>
          </testcase>
          <testcase name="[It] [sig-storage] CSI Volumes [Driver: pd.csi.storage.gke.io] [Serial] [Testpattern: Pre-provisioned PV (xfs)] [Slow] volumes should allow exec of files on the volume" classname="Kubernetes e2e suite" status="skipped" time="0">
              <skipped message="skipped"></skipped>
          </testcase>
          <testcase name="[It] [sig-storage] In-tree Volumes [Driver: local] [LocalVolumeType: tmpfs] [Testpattern: Pre-provisioned PV (default fs)] subPath should fail if subpath file is outside the volume [Slow] [LinuxOnly]" classname="Kubernetes e2e suite" status="skipped" time="0">
              <skipped message="skipped"></skipped>
          </testcase>
          <testcase name="[It] [sig-node] DRA [Feature:DynamicResourceAllocation] cluster with delayed allocation and setting ReservedFor supports scheduled pod referencing inline resource claim" classname="Kubernetes e2e suite" status="skipped" time="0">
              <skipped message="skipped"></skipped>
          </testcase>
          <testcase name="[It] [sig-node] [NodeAlphaFeature:SidecarContainers] [Feature:SidecarContainers] Probing restartable init container should be restarted with a exec &#34;cat /tmp/health&#34; liveness probe" classname="Kubernetes e2e suite" status="skipped" time="0">
              <skipped message="skipped"></skipped>
          </testcase>
          <testcase name="[It] [sig-node] Security Context When creating a pod with HostUsers must create the user namespace if set to false [LinuxOnly] [Feature:UserNamespacesSupport]" classname="Kubernetes e2e suite" status="skipped" time="0">
              <skipped message="skipped"></skipped>
          </testcase>
          <testcase name="[It] [sig-storage] In-tree Volumes [Driver: local] [LocalVolumeType: dir-link] [Testpattern: Dynamic PV (block volmode)] provisioning should provision storage with pvc data source in parallel [Slow]" classname="Kubernetes e2e suite" status="skipped" time="0">
              <skipped message="skipped"></skipped>
          </testcase>
          <testcase name="[It] [sig-storage] In-tree Volumes [Driver: local] [LocalVolumeType: block] [Testpattern: Dynamic PV (ntfs)] [Feature:Windows] subPath should support restarting containers using file as subpath [Slow] [LinuxOnly]" classname="Kubernetes e2e suite" status="skipped" time="0">
              <skipped message="skipped"></skipped>
          </testcase>
          <testcase name="[It] [sig-storage] In-tree Volumes [Driver: azure-file] [Testpattern: Dynamic PV (block volmode)] provisioning should provision storage with pvc data source (ROX mode)" classname="Kubernetes e2e suite" status="skipped" time="0">
              <skipped message="skipped"></skipped>
          </testcase>
          <testcase name="[It] [sig-network] LoadBalancers should handle load balancer cleanup finalizer for service [Slow]" classname="Kubernetes e2e suite" status="skipped" time="0">
              <skipped message="skipped"></skipped>
          </testcase>
          <testcase name="[It] [sig-network] Services should allow creating a basic SCTP service with pod and endpoints [LinuxOnly] [Serial]" classname="Kubernetes e2e suite" status="skipped" time="0">
              <skipped message="skipped"></skipped>
          </testcase>
          <testcase name="[It] [sig-storage] In-tree Volumes [Driver: local] [LocalVolumeType: tmpfs] [Testpattern: Pre-provisioned PV (default fs)] subPath should verify container cannot write to subpath readonly volumes [Slow]" classname="Kubernetes e2e suite" status="skipped" time="0">
              <skipped message="skipped"></skipped>
          </testcase>
          <testcase name="[It] [sig-storage] In-tree Volumes [Driver: hostPathSymlink] [Testpattern: Pre-provisioned PV (block volmode)] multiVolume [Slow] should concurrently access the single read-only volume from pods on the same node" classname="Kubernetes e2e suite" status="skipped" time="0">
              <skipped message="skipped"></skipped>
          </testcase>
          <testcase name="[It] [sig-storage] In-tree Volumes [Driver: ceph] [Feature:Volumes] [Serial] [Testpattern: Dynamic PV (ext3)] volumes should allow exec of files on the volume" classname="Kubernetes e2e suite" status="skipped" time="0">
              <skipped message="skipped"></skipped>
          </testcase>
          <testcase name="[It] [sig-cloud-provider-gcp] HA-master [Feature:HAMaster] survive addition/removal replicas same zone [Serial] [Disruptive]" classname="Kubernetes e2e suite" status="skipped" time="0">
              <skipped message="skipped"></skipped>
          </testcase>
          <testcase name="[It] [sig-storage] In-tree Volumes [Driver: local] [LocalVolumeType: block] [Testpattern: Dynamic PV (ext4)] multiVolume [Slow] should concurrently access the single volume from pods on different node" classname="Kubernetes e2e suite" status="skipped" time="0">
              <skipped message="skipped"></skipped>
          </testcase>
          <testcase name="[It] [sig-storage] CSI Volumes [Driver: pd.csi.storage.gke.io] [Serial] [Testpattern: Dynamic PV (default fs)] volume-expand should not allow expansion of pvcs without AllowVolumeExpansion property" classname="Kubernetes e2e suite" status="skipped" time="0">
              <skipped message="skipped"></skipped>
          </testcase>
          <testcase name="[It] [sig-storage] In-tree Volumes [Driver: azure-file] [Testpattern: Pre-provisioned PV (default fs)] subPath should support restarting containers using file as subpath [Slow] [LinuxOnly]" classname="Kubernetes e2e suite" status="skipped" time="0">
              <skipped message="skipped"></skipped>
          </testcase>
          <testcase name="[It] [sig-storage] In-tree Volumes [Driver: local] [LocalVolumeType: block] [Testpattern: Dynamic PV (default fs)] provisioning should provision correct filesystem size when restoring snapshot to larger size pvc [Feature:VolumeSnapshotDataSource]" classname="Kubernetes e2e suite" status="skipped" time="0">
              <skipped message="skipped"></skipped>
          </testcase>
          <testcase name="[It] [sig-network] Netpol NetworkPolicy between server and client should allow egress access to server in CIDR block [Feature:NetworkPolicy]" classname="Kubernetes e2e suite" status="skipped" time="0">
              <skipped message="skipped"></skipped>
          </testcase>
          <testcase name="[It] [sig-network] Networking should check kube-proxy urls" classname="Kubernetes e2e suite" status="skipped" time="0">
              <skipped message="skipped"></skipped>
          </testcase>
          <testcase name="[It] [sig-storage] In-tree Volumes [Driver: local] [LocalVolumeType: dir-bindmounted] [Testpattern: Dynamic PV (xfs)] [Slow] multiVolume [Slow] should access to two volumes with the same volume mode and retain data across pod recreation on different node" classname="Kubernetes e2e suite" status="skipped" time="0">
              <skipped message="skipped"></skipped>
          </testcase>
          <testcase name="[It] [sig-storage] In-tree Volumes [Driver: local] [LocalVolumeType: dir-bindmounted] [Testpattern: Dynamic PV (block volmode)(allowExpansion)] volume-expand Verify if offline PVC expansion works" classname="Kubernetes e2e suite" status="skipped" time="0">
              <skipped message="skipped"></skipped>
          </testcase>
          <testcase name="[It] [sig-node] Security Context When creating a pod with privileged should run the container as privileged when true [LinuxOnly] [NodeFeature:HostAccess]" classname="Kubernetes e2e suite" status="skipped" time="0">
              <skipped message="skipped"></skipped>
          </testcase>
          <testcase name="[It] [sig-storage] In-tree Volumes [Driver: local] [LocalVolumeType: dir-link-bindmounted] [Testpattern: Dynamic PV (ntfs)] [Feature:Windows] provisioning should provision storage with mount options" classname="Kubernetes e2e suite" status="skipped" time="0">
              <skipped message="skipped"></skipped>
          </testcase>
          <testcase name="[It] [sig-storage] In-tree Volumes [Driver: local] [LocalVolumeType: blockfs] [Testpattern: Dynamic PV (ntfs)] [Feature:Windows] multiVolume [Slow] should access to two volumes with the same volume mode and retain data across pod recreation on the same node" classname="Kubernetes e2e suite" status="skipped" time="0">
              <skipped message="skipped"></skipped>
          </testcase>
          <testcase name="[It] [sig-storage] In-tree Volumes [Driver: local] [LocalVolumeType: dir-link] [Testpattern: Dynamic PV (ntfs)] [Feature:Windows] provisioning should provision storage with pvc data source" classname="Kubernetes e2e suite" status="skipped" time="0">
              <skipped message="skipped"></skipped>
          </testcase>
          <testcase name="[It] [sig-storage] In-tree Volumes [Driver: local] [LocalVolumeType: block] [Testpattern: Pre-provisioned PV (default fs)] subPath should support readOnly file specified in the volumeMount [LinuxOnly]" classname="Kubernetes e2e suite" status="skipped" time="0">
              <skipped message="skipped"></skipped>
          </testcase>
          <testcase name="[It] [sig-storage] Downward API volume should update labels on modification [NodeConformance] [Conformance]" classname="Kubernetes e2e suite" status="passed" time="4.632882595"></testcase>
          <testcase name="[It] [sig-storage] In-tree Volumes [Driver: local] [LocalVolumeType: dir-link-bindmounted] [Testpattern: Dynamic PV (xfs)] [Slow] multiVolume [Slow] should concurrently access the volume and its clone from pods on the same node [LinuxOnly] [Feature:VolumeSourceXFS]" classname="Kubernetes e2e suite" status="skipped" time="0">
              <skipped message="skipped"></skipped>
          </testcase>
          <testcase name="[It] [sig-storage] In-tree Volumes [Driver: hostPathSymlink] [Testpattern: Pre-provisioned PV (filesystem volmode)] disruptive [Disruptive] [LinuxOnly] Should test that pv used in a pod that is force deleted while the kubelet is down is usable by a new pod when kubelet returns [Feature:SELinux]" classname="Kubernetes e2e suite" status="skipped" time="0">
              <skipped message="skipped"></skipped>
          </testcase>
          <testcase name="[It] [sig-node] Pod InPlace Resize Container [Feature:InPlacePodVerticalScaling] Burstable QoS pod, one container with cpu &amp; memory requests + limits - decrease memory limits only" classname="Kubernetes e2e suite" status="skipped" time="0">
              <skipped message="skipped"></skipped>
          </testcase>
          <testcase name="[It] [sig-apps] StatefulSet Basic StatefulSet functionality [StatefulSetBasic] should provide basic identity" classname="Kubernetes e2e suite" status="skipped" time="0">
              <skipped message="skipped"></skipped>
          </testcase>
          <testcase name="[It] [sig-storage] Dynamic Provisioning DynamicProvisioner External should let an external dynamic provisioner create and delete persistent volumes [Slow]" classname="Kubernetes e2e suite" status="skipped" time="0">
              <skipped message="skipped"></skipped>
          </testcase>
          <testcase name="[It] [sig-storage] In-tree Volumes [Driver: local] [LocalVolumeType: dir] [Testpattern: Dynamic PV (filesystem volmode)] multiVolume [Slow] should concurrently access the volume and restored snapshot from pods on the same node [LinuxOnly] [Feature:VolumeSnapshotDataSource] [Feature:VolumeSourceXFS]" classname="Kubernetes e2e suite" status="skipped" time="0">
              <skipped message="skipped"></skipped>
          </testcase>
          <testcase name="[It] [sig-api-machinery] CustomResourceDefinition resources [Privileged:ClusterAdmin] should include custom resource definition resources in discovery documents [Conformance]" classname="Kubernetes e2e suite" status="passed" time="0.045317639"></testcase>
          <testcase name="[It] [sig-auth] ServiceAccounts should run through the lifecycle of a ServiceAccount [Conformance]" classname="Kubernetes e2e suite" status="passed" time="0.061510478"></testcase>
          <testcase name="[It] [sig-autoscaling] Cluster size autoscaling [Slow] Should scale up GPU pool from 1 [GpuType:] [Feature:ClusterSizeAutoscalingGpu]" classname="Kubernetes e2e suite" status="skipped" time="0">
              <skipped message="skipped"></skipped>
          </testcase>
          <testcase name="[It] [sig-storage] ConfigMap should be consumable in multiple volumes in the same pod [NodeConformance] [Conformance]" classname="Kubernetes e2e suite" status="passed" time="4.106083356"></testcase>
          <testcase name="[It] [sig-storage] In-tree Volumes [Driver: local] [LocalVolumeType: dir-link] [Testpattern: Dynamic PV (ntfs)] [Feature:Windows] subPath should support restarting containers using directory as subpath [Slow]" classname="Kubernetes e2e suite" status="skipped" time="0">
              <skipped message="skipped"></skipped>
          </testcase>
          <testcase name="[It] [sig-storage] In-tree Volumes [Driver: local] [LocalVolumeType: gce-localssd-scsi-fs] [Serial] [Testpattern: Dynamic PV (block volmode)] provisioning should provision storage with pvc data source in parallel [Slow]" classname="Kubernetes e2e suite" status="skipped" time="0">
              <skipped message="skipped"></skipped>
          </testcase>
          <testcase name="[It] [sig-storage] In-tree Volumes [Driver: rbd] [Feature:Volumes] [Serial] [Testpattern: Dynamic PV (ntfs)] [Feature:Windows] volumes should store data" classname="Kubernetes e2e suite" status="skipped" time="0">
              <skipped message="skipped"></skipped>
          </testcase>
          <testcase name="[It] [sig-storage] In-tree Volumes [Driver: local] [LocalVolumeType: dir-link-bindmounted] [Testpattern: Inline-volume (xfs)] [Slow] volumes should allow exec of files on the volume" classname="Kubernetes e2e suite" status="skipped" time="0">
              <skipped message="skipped"></skipped>
          </testcase>
          <testcase name="[It] [sig-storage] In-tree Volumes [Driver: local] [LocalVolumeType: block] [Testpattern: Dynamic PV (filesystem volmode)] multiVolume [Slow] should concurrently access the volume and its clone from pods on the same node [LinuxOnly] [Feature:VolumeSourceXFS]" classname="Kubernetes e2e suite" status="skipped" time="0">
              <skipped message="skipped"></skipped>
          </testcase>
          <testcase name="[It] [sig-storage] In-tree Volumes [Driver: local] [LocalVolumeType: gce-localssd-scsi-fs] [Serial] [Testpattern: Pre-provisioned PV (filesystem volmode)] disruptive [Disruptive] [LinuxOnly] Should test that pv used in a pod that is force deleted while the kubelet is down is usable by a new pod with a different SELinux context when kubelet returns [Feature:SELinux]" classname="Kubernetes e2e suite" status="skipped" time="0">
              <skipped message="skipped"></skipped>
          </testcase>
          <testcase name="[It] [sig-auth] SelfSubjectReview testing SSR in different API groups authentication/v1" classname="Kubernetes e2e suite" status="skipped" time="0">
              <skipped message="skipped"></skipped>
          </testcase>
          <testcase name="[It] [sig-storage] In-tree Volumes [Driver: local] [LocalVolumeType: block] [Testpattern: Dynamic PV (block volmode)] multiVolume [Slow] should concurrently access the volume and its clone from pods on the same node [LinuxOnly] [Feature:VolumeSourceXFS]" classname="Kubernetes e2e suite" status="skipped" time="0">
              <skipped message="skipped"></skipped>
          </testcase>
          <testcase name="[It] [sig-storage] CSI Volumes [Driver: pd.csi.storage.gke.io] [Serial] [Testpattern: Dynamic PV (filesystem volmode)] multiVolume [Slow] should concurrently access the single volume from pods on the same node" classname="Kubernetes e2e suite" status="skipped" time="0">
              <skipped message="skipped"></skipped>
          </testcase>
          <testcase name="[It] [sig-storage] In-tree Volumes [Driver: local] [LocalVolumeType: dir-bindmounted] [Testpattern: Dynamic PV (filesystem volmode)] disruptive [Disruptive] [LinuxOnly] Should test that pv used in a pod that is deleted while the kubelet is down is usable by a new pod with a different SELinux context when kubelet returns [Feature:SELinux]" classname="Kubernetes e2e suite" status="skipped" time="0">
              <skipped message="skipped"></skipped>
          </testcase>
          <testcase name="[It] [sig-storage] In-tree Volumes [Driver: emptydir] [Testpattern: Pre-provisioned PV (ext4)] volumes should allow exec of files on the volume" classname="Kubernetes e2e suite" status="skipped" time="0">
              <skipped message="skipped"></skipped>
          </testcase>
          <testcase name="[It] [sig-storage] In-tree Volumes [Driver: aws] [Testpattern: Dynamic PV (filesystem volmode)] volumeLimits should support volume limits [Serial]" classname="Kubernetes e2e suite" status="skipped" time="0">
              <skipped message="skipped"></skipped>
          </testcase>
          <testcase name="[It] [sig-node] Security Context when creating containers with AllowPrivilegeEscalation should not allow privilege escalation when false [LinuxOnly] [NodeConformance] [Conformance]" classname="Kubernetes e2e suite" status="passed" time="4.086431373"></testcase>
          <testcase name="[It] [sig-storage] CSI Volumes [Driver: csi-hostpath] [Testpattern: Dynamic PV (xfs)] [Slow] multiVolume [Slow] should access to two volumes with different volume mode and retain data across pod recreation on different node" classname="Kubernetes e2e suite" status="skipped" time="0">
              <skipped message="skipped"></skipped>
          </testcase>
          <testcase name="[It] [sig-storage] In-tree Volumes [Driver: local] [LocalVolumeType: blockfs] [Testpattern: Pre-provisioned PV (block volmode)] volumeMode should fail to create pod by failing to mount volume [Slow]" classname="Kubernetes e2e suite" status="skipped" time="0">
              <skipped message="skipped"></skipped>
          </testcase>
          <testcase name="[It] [sig-storage] In-tree Volumes [Driver: local] [LocalVolumeType: dir-link-bindmounted] [Testpattern: Dynamic PV (ntfs)] [Feature:Windows] subPath should support non-existent path" classname="Kubernetes e2e suite" status="skipped" time="0">
              <skipped message="skipped"></skipped>
          </testcase>
          <testcase name="[It] [sig-storage] CSI Volumes [Driver: pd.csi.storage.gke.io] [Serial] [Testpattern: Inline-volume (default fs)] subPath should fail if subpath file is outside the volume [Slow] [LinuxOnly]" classname="Kubernetes e2e suite" status="skipped" time="0">
              <skipped message="skipped"></skipped>
          </testcase>
          <testcase name="[It] [sig-storage] In-tree Volumes [Driver: ceph] [Feature:Volumes] [Serial] [Testpattern: Pre-provisioned PV (filesystem volmode)] disruptive [Disruptive] [LinuxOnly] Should test that pv written before kubelet restart is readable after restart." classname="Kubernetes e2e suite" status="skipped" time="0">
              <skipped message="skipped"></skipped>
          </testcase>
          <testcase name="[It] [sig-storage] In-tree Volumes [Driver: vsphere] [Testpattern: Dynamic PV (ext4)] multiVolume [Slow] should access to two volumes with different volume mode and retain data across pod recreation on the same node" classname="Kubernetes e2e suite" status="skipped" time="0">
              <skipped message="skipped"></skipped>
          </testcase>
          <testcase name="[It] [sig-storage] CSI Volumes [Driver: csi-hostpath] [Testpattern: Dynamic PV (block volmode)] provisioning should mount multiple PV pointing to the same storage on the same node" classname="Kubernetes e2e suite" status="skipped" time="0">
              <skipped message="skipped"></skipped>
          </testcase>
          <testcase name="[It] [sig-storage] CSI Volumes [Driver: pd.csi.storage.gke.io] [Serial] [Testpattern: Generic Ephemeral-volume (default fs) (late-binding)] ephemeral should support multiple inline ephemeral volumes" classname="Kubernetes e2e suite" status="skipped" time="0">
              <skipped message="skipped"></skipped>
          </testcase>
          <testcase name="[It] [sig-storage] In-tree Volumes [Driver: emptydir] [Testpattern: Dynamic PV (default fs)] subPath should unmount if pod is gracefully deleted while kubelet is down [Disruptive] [Slow] [LinuxOnly]" classname="Kubernetes e2e suite" status="skipped" time="0">
              <skipped message="skipped"></skipped>
          </testcase>
          <testcase name="[It] [sig-instrumentation] Stackdriver Monitoring should run Custom Metrics - Stackdriver Adapter for external metrics [Feature:StackdriverExternalMetrics]" classname="Kubernetes e2e suite" status="skipped" time="0">
              <skipped message="skipped"></skipped>
          </testcase>
          <testcase name="[It] [sig-network] Networking Granular Checks: Pods should function for node-pod communication: udp [LinuxOnly] [NodeConformance] [Conformance]" classname="Kubernetes e2e suite" status="passed" time="41.708243515"></testcase>
          <testcase name="[It] [sig-storage] In-tree Volumes [Driver: iscsi] [Feature:Volumes] [Testpattern: Dynamic PV (default fs)] provisioning should provision storage with pvc data source" classname="Kubernetes e2e suite" status="skipped" time="0">
              <skipped message="skipped"></skipped>
          </testcase>
          <testcase name="[It] [sig-storage] In-tree Volumes [Driver: azure-file] [Testpattern: Dynamic PV (filesystem volmode)] disruptive [Disruptive] [LinuxOnly] Should test that pv used in a pod that is deleted while the kubelet is down is usable by a new pod when kubelet returns [Feature:SELinux]" classname="Kubernetes e2e suite" status="skipped" time="0">
              <skipped message="skipped"></skipped>
          </testcase>
          <testcase name="[It] [sig-storage] In-tree Volumes [Driver: rbd] [Feature:Volumes] [Serial] [Testpattern: Dynamic PV (ntfs)] [Feature:Windows] volumeIO should write files of various sizes, verify size, validate content [Slow]" classname="Kubernetes e2e suite" status="skipped" time="0">
              <skipped message="skipped"></skipped>
          </testcase>
          <testcase name="[It] [sig-storage] In-tree Volumes [Driver: rbd] [Feature:Volumes] [Serial] [Testpattern: Dynamic PV (default fs)] fsgroupchangepolicy (Always)[LinuxOnly], pod created with an initial fsgroup, new pod fsgroup applied to volume contents" classname="Kubernetes e2e suite" status="skipped" time="0">
              <skipped message="skipped"></skipped>
          </testcase>
          <testcase name="[It] [sig-apps] Deployment should validate Deployment Status endpoints [Conformance]" classname="Kubernetes e2e suite" status="passed" time="2.14206809"></testcase>
          <testcase name="[It] [sig-storage] In-tree Volumes [Driver: local] [LocalVolumeType: dir] [Testpattern: Dynamic PV (xfs)] [Slow] multiVolume [Slow] should access to two volumes with different volume mode and retain data across pod recreation on the same node" classname="Kubernetes e2e suite" status="skipped" time="0">
              <skipped message="skipped"></skipped>
          </testcase>
          <testcase name="[It] [sig-storage] In-tree Volumes [Driver: local] [LocalVolumeType: dir] [Testpattern: Dynamic PV (xfs)] [Slow] multiVolume [Slow] should access to two volumes with different volume mode and retain data across pod recreation on different node" classname="Kubernetes e2e suite" status="skipped" time="0">
              <skipped message="skipped"></skipped>
          </testcase>
          <testcase name="[It] [sig-storage] In-tree Volumes [Driver: local] [LocalVolumeType: gce-localssd-scsi-fs] [Serial] [Testpattern: Dynamic PV (block volmode)] multiVolume [Slow] should concurrently access the single volume from pods on the same node" classname="Kubernetes e2e suite" status="skipped" time="0">
              <skipped message="skipped"></skipped>
          </testcase>
          <testcase name="[It] [sig-node] Pod InPlace Resize Container [Feature:InPlacePodVerticalScaling] pod-resize-resource-quota-test" classname="Kubernetes e2e suite" status="skipped" time="0">
              <skipped message="skipped"></skipped>
          </testcase>
          <testcase name="[It] [sig-storage] [Serial] Volume metrics PVC should create volume metrics with the correct BlockMode PVC ref" classname="Kubernetes e2e suite" status="skipped" time="0">
              <skipped message="skipped"></skipped>
          </testcase>
          <testcase name="[It] [sig-storage] CSI Volumes [Driver: pd.csi.storage.gke.io] [Serial] [Testpattern: Dynamic PV (block volmode)] provisioning should provision storage with snapshot data source (ROX mode) [Feature:VolumeSnapshotDataSource]" classname="Kubernetes e2e suite" status="skipped" time="0">
              <skipped message="skipped"></skipped>
          </testcase>
          <testcase name="[It] [sig-storage] In-tree Volumes [Driver: local] [LocalVolumeType: gce-localssd-scsi-fs] [Serial] [Testpattern: Pre-provisioned PV (filesystem volmode)] multiVolume [Slow] should access to two volumes with different volume mode and retain data across pod recreation on the same node" classname="Kubernetes e2e suite" status="skipped" time="0">
              <skipped message="skipped"></skipped>
          </testcase>
          <testcase name="[It] [sig-storage] In-tree Volumes [Driver: local] [LocalVolumeType: dir-link] [Testpattern: Pre-provisioned PV (filesystem volmode)] volumeMode should not mount / map unused volumes in a pod [LinuxOnly]" classname="Kubernetes e2e suite" status="skipped" time="0">
              <skipped message="skipped"></skipped>
          </testcase>
          <testcase name="[It] [sig-storage] In-tree Volumes [Driver: local] [LocalVolumeType: dir] [Testpattern: Dynamic PV (block volmode)] volumeMode should fail to use a volume in a pod with mismatched mode [Slow]" classname="Kubernetes e2e suite" status="skipped" time="0">
              <skipped message="skipped"></skipped>
          </testcase>
          <testcase name="[It] [sig-storage] In-tree Volumes [Driver: cinder] [Testpattern: Generic Ephemeral-volume (default fs) (late-binding)] ephemeral should create read-only inline ephemeral volume" classname="Kubernetes e2e suite" status="skipped" time="0">
              <skipped message="skipped"></skipped>
          </testcase>
          <testcase name="[It] [sig-storage] EmptyDir volumes should support (root,0666,tmpfs) [LinuxOnly] [NodeConformance] [Conformance]" classname="Kubernetes e2e suite" status="passed" time="4.090484161"></testcase>
          <testcase name="[It] [sig-storage] CSI Volumes [Driver: pd.csi.storage.gke.io] [Serial] [Testpattern: Dynamic PV (ext4)] multiVolume [Slow] should concurrently access the volume and its clone from pods on the same node [LinuxOnly] [Feature:VolumeSourceXFS]" classname="Kubernetes e2e suite" status="skipped" time="0">
              <skipped message="skipped"></skipped>
          </testcase>
          <testcase name="[It] [sig-storage] In-tree Volumes [Driver: local] [LocalVolumeType: blockfs] [Testpattern: Dynamic PV (delayed binding)] topology should provision a volume and schedule a pod with AllowedTopologies" classname="Kubernetes e2e suite" status="skipped" time="0">
              <skipped message="skipped"></skipped>
          </testcase>
          <testcase name="[It] [sig-storage] In-tree Volumes [Driver: local] [LocalVolumeType: blockfs] [Testpattern: Dynamic PV (ntfs)] [Feature:Windows] multiVolume [Slow] should access to two volumes with different volume mode and retain data across pod recreation on different node" classname="Kubernetes e2e suite" status="skipped" time="0">
              <skipped message="skipped"></skipped>
          </testcase>
          <testcase name="[It] [sig-storage] In-tree Volumes [Driver: local] [LocalVolumeType: dir] [Testpattern: Generic Ephemeral-volume (block volmode) (late-binding)] ephemeral should support expansion of pvcs created for ephemeral pvcs" classname="Kubernetes e2e suite" status="skipped" time="0">
              <skipped message="skipped"></skipped>
          </testcase>
          <testcase name="[It] [sig-storage] In-tree Volumes [Driver: hostPath] [Testpattern: Pre-provisioned PV (default fs)] subPath should support existing directory" classname="Kubernetes e2e suite" status="skipped" time="0">
              <skipped message="skipped"></skipped>
          </testcase>
          <testcase name="[It] [sig-node] DRA [Feature:DynamicResourceAllocation] multiple nodes with node-local resources with delayed allocation uses all resources" classname="Kubernetes e2e suite" status="skipped" time="0">
              <skipped message="skipped"></skipped>
          </testcase>
          <testcase name="[It] [sig-network] Services should work after restarting kube-proxy [Disruptive]" classname="Kubernetes e2e suite" status="skipped" time="0">
              <skipped message="skipped"></skipped>
          </testcase>
          <testcase name="[It] [sig-storage] In-tree Volumes [Driver: cinder] [Testpattern: Pre-provisioned PV (default fs)] subPath should support restarting containers using file as subpath [Slow] [LinuxOnly]" classname="Kubernetes e2e suite" status="skipped" time="0">
              <skipped message="skipped"></skipped>
          </testcase>
          <testcase name="[It] [sig-storage] CSI Volumes [Driver: csi-hostpath] [Testpattern: Pre-provisioned PV (ntfs)] [Feature:Windows] volumes should store data" classname="Kubernetes e2e suite" status="skipped" time="0">
              <skipped message="skipped"></skipped>
          </testcase>
          <testcase name="[It] [sig-storage] In-tree Volumes [Driver: cinder] [Testpattern: Pre-provisioned PV (block volmode)] multiVolume [Slow] should concurrently access the volume and restored snapshot from pods on the same node [LinuxOnly] [Feature:VolumeSnapshotDataSource] [Feature:VolumeSourceXFS]" classname="Kubernetes e2e suite" status="skipped" time="0">
              <skipped message="skipped"></skipped>
          </testcase>
          <testcase name="[It] [sig-storage] CSI Volumes [Driver: csi-hostpath] [Testpattern: Dynamic PV (block volmode)] provisioning should provision storage with snapshot data source [Feature:VolumeSnapshotDataSource]" classname="Kubernetes e2e suite" status="skipped" time="0">
              <skipped message="skipped"></skipped>
          </testcase>
          <testcase name="[It] [sig-node] Variable Expansion should fail substituting values in a volume subpath with absolute path [Slow] [Conformance]" classname="Kubernetes e2e suite" status="passed" time="4.074029247"></testcase>
          <testcase name="[It] [sig-storage] In-tree Volumes [Driver: local] [LocalVolumeType: dir-link-bindmounted] [Testpattern: Dynamic PV (default fs)] subPath should support existing directories when readOnly specified in the volumeSource" classname="Kubernetes e2e suite" status="skipped" time="0">
              <skipped message="skipped"></skipped>
          </testcase>
          <testcase name="[It] [sig-storage] Secrets should be consumable in multiple volumes in a pod [NodeConformance] [Conformance]" classname="Kubernetes e2e suite" status="passed" time="2.107639088"></testcase>
          <testcase name="[It] [sig-node] Pods should patch a pod status [Conformance]" classname="Kubernetes e2e suite" status="passed" time="2.067115687"></testcase>
          <testcase name="[It] [sig-storage] In-tree Volumes [Driver: local] [LocalVolumeType: dir] [Testpattern: Generic Ephemeral-volume (default fs) (immediate-binding)] ephemeral should support expansion of pvcs created for ephemeral pvcs" classname="Kubernetes e2e suite" status="skipped" time="0">
              <skipped message="skipped"></skipped>
          </testcase>
          <testcase name="[It] [sig-storage] In-tree Volumes [Driver: local] [LocalVolumeType: block] [Testpattern: Dynamic PV (ntfs)] [Feature:Windows] subPath should fail if subpath file is outside the volume [Slow] [LinuxOnly]" classname="Kubernetes e2e suite" status="skipped" time="0">
              <skipped message="skipped"></skipped>
          </testcase>
          <testcase name="[It] [sig-node] PreStop graceful pod terminated should wait until preStop hook completes the process" classname="Kubernetes e2e suite" status="skipped" time="0">
              <skipped message="skipped"></skipped>
          </testcase>
          <testcase name="[It] [sig-storage] In-tree Volumes [Driver: cinder] [Testpattern: Pre-provisioned PV (filesystem volmode)] multiVolume [Slow] should access to two volumes with different volume mode and retain data across pod recreation on different node" classname="Kubernetes e2e suite" status="skipped" time="0">
              <skipped message="skipped"></skipped>
          </testcase>
          <testcase name="[It] [sig-storage] In-tree Volumes [Driver: cinder] [Testpattern: Dynamic PV (default fs)] volume-expand should not allow expansion of pvcs without AllowVolumeExpansion property" classname="Kubernetes e2e suite" status="skipped" time="0">
              <skipped message="skipped"></skipped>
          </testcase>
          <testcase name="[It] [sig-storage] EmptyDir wrapper volumes should not cause race condition when used for git_repo [Serial] [Slow]" classname="Kubernetes e2e suite" status="skipped" time="0">
              <skipped message="skipped"></skipped>
          </testcase>
          <testcase name="[It] [sig-storage] In-tree Volumes [Driver: local] [LocalVolumeType: dir] [Testpattern: Dynamic PV (xfs)] [Slow] volumes should store data" classname="Kubernetes e2e suite" status="skipped" time="0">
              <skipped message="skipped"></skipped>
          </testcase>
          <testcase name="[It] [sig-storage] In-tree Volumes [Driver: local] [LocalVolumeType: dir-link-bindmounted] [Testpattern: Dynamic PV (ext4)] multiVolume [Slow] should concurrently access the single volume from pods on different node" classname="Kubernetes e2e suite" status="skipped" time="0">
              <skipped message="skipped"></skipped>
          </testcase>
          <testcase name="[It] [sig-storage] In-tree Volumes [Driver: local] [LocalVolumeType: gce-localssd-scsi-fs] [Serial] [Testpattern: Generic Ephemeral-volume (default fs) (immediate-binding)] ephemeral should support multiple inline ephemeral volumes" classname="Kubernetes e2e suite" status="skipped" time="0">
              <skipped message="skipped"></skipped>
          </testcase>
          <testcase name="[It] [sig-node] Security Context When creating a container with runAsNonRoot should run with an image specified user ID" classname="Kubernetes e2e suite" status="skipped" time="0">
              <skipped message="skipped"></skipped>
          </testcase>
          <testcase name="[It] [sig-storage] In-tree Volumes [Driver: emptydir] [Testpattern: Generic Ephemeral-volume (block volmode) (late-binding)] ephemeral should create read-only inline ephemeral volume" classname="Kubernetes e2e suite" status="skipped" time="0">
              <skipped message="skipped"></skipped>
          </testcase>
          <testcase name="[It] [sig-storage] CSI Volumes [Driver: csi-hostpath] [Testpattern: Generic Ephemeral-volume (block volmode) (late-binding)] ephemeral should support multiple inline ephemeral volumes" classname="Kubernetes e2e suite" status="skipped" time="0">
              <skipped message="skipped"></skipped>
          </testcase>
          <testcase name="[It] [sig-storage] In-tree Volumes [Driver: local] [LocalVolumeType: dir-link] [Testpattern: Dynamic PV (xfs)] [Slow] multiVolume [Slow] should access to two volumes with the same volume mode and retain data across pod recreation on the same node" classname="Kubernetes e2e suite" status="skipped" time="0">
              <skipped message="skipped"></skipped>
          </testcase>
          <testcase name="[It] [sig-storage] In-tree Volumes [Driver: local] [LocalVolumeType: blockfs] [Testpattern: Dynamic PV (ntfs)] [Feature:Windows] provisioning should provision correct filesystem size when restoring snapshot to larger size pvc [Feature:VolumeSnapshotDataSource]" classname="Kubernetes e2e suite" status="skipped" time="0">
              <skipped message="skipped"></skipped>
          </testcase>
          <testcase name="[It] [sig-storage] In-tree Volumes [Driver: local] [LocalVolumeType: dir-link-bindmounted] [Testpattern: Dynamic PV (filesystem volmode)] disruptive [Disruptive] [LinuxOnly] Should test that pv used in a pod that is deleted while the kubelet is down is usable by a new pod when kubelet returns [Feature:SELinux]" classname="Kubernetes e2e suite" status="skipped" time="0">
              <skipped message="skipped"></skipped>
          </testcase>
          <testcase name="[It] [sig-storage] In-tree Volumes [Driver: local] [LocalVolumeType: dir] [Testpattern: Inline-volume (default fs)] subPath should unmount if pod is force deleted while kubelet is down [Disruptive] [Slow] [LinuxOnly]" classname="Kubernetes e2e suite" status="skipped" time="0">
              <skipped message="skipped"></skipped>
          </testcase>
          <testcase name="[It] [sig-storage] In-tree Volumes [Driver: local] [LocalVolumeType: block] [Testpattern: Dynamic PV (delayed binding)] topology should provision a volume and schedule a pod with AllowedTopologies" classname="Kubernetes e2e suite" status="skipped" time="0">
              <skipped message="skipped"></skipped>
          </testcase>
          <testcase name="[It] [sig-storage] In-tree Volumes [Driver: local] [LocalVolumeType: tmpfs] [Testpattern: Pre-provisioned PV (block volmode)] volumeMode should fail to create pod by failing to mount volume [Slow]" classname="Kubernetes e2e suite" status="skipped" time="0">
              <skipped message="skipped"></skipped>
          </testcase>
          <testcase name="[It] [sig-api-machinery] ResourceQuota [Feature:PodPriority] should verify ResourceQuota&#39;s priority class scope (quota set to pod count: 1) against 2 pods with different priority class." classname="Kubernetes e2e suite" status="skipped" time="0">
              <skipped message="skipped"></skipped>
          </testcase>
          <testcase name="[It] [sig-storage] CSI Volumes [Driver: csi-hostpath] [Testpattern: Dynamic PV (ntfs)] [Feature:Windows] subPath should be able to unmount after the subpath directory is deleted [LinuxOnly]" classname="Kubernetes e2e suite" status="skipped" time="0">
              <skipped message="skipped"></skipped>
          </testcase>
          <testcase name="[It] [sig-storage] In-tree Volumes [Driver: local] [LocalVolumeType: blockfs] [Testpattern: Inline-volume (default fs)] volumes should allow exec of files on the volume" classname="Kubernetes e2e suite" status="skipped" time="0">
              <skipped message="skipped"></skipped>
          </testcase>
          <testcase name="[It] [sig-node] Pod InPlace Resize Container [Feature:InPlacePodVerticalScaling] Burstable QoS pod, one container with cpu &amp; memory requests + limits - decrease CPU requests and limits" classname="Kubernetes e2e suite" status="skipped" time="0">
              <skipped message="skipped"></skipped>
          </testcase>
          <testcase name="[It] [sig-storage] In-tree Volumes [Driver: azure-disk] [Testpattern: Inline-volume (ntfs)] [Feature:Windows] volumes should allow exec of files on the volume" classname="Kubernetes e2e suite" status="skipped" time="0">
              <skipped message="skipped"></skipped>
          </testcase>
          <testcase name="[It] [sig-storage] In-tree Volumes [Driver: hostPathSymlink] [Testpattern: Pre-provisioned PV (block volmode)] volumeMode should fail to create pod by failing to mount volume [Slow]" classname="Kubernetes e2e suite" status="skipped" time="0">
              <skipped message="skipped"></skipped>
          </testcase>
          <testcase name="[It] [sig-storage] In-tree Volumes [Driver: local] [LocalVolumeType: tmpfs] [Testpattern: Pre-provisioned PV (default fs)] subPath should support existing directory" classname="Kubernetes e2e suite" status="skipped" time="0">
              <skipped message="skipped"></skipped>
          </testcase>
          <testcase name="[It] [sig-storage] In-tree Volumes [Driver: local] [LocalVolumeType: dir-bindmounted] [Testpattern: Dynamic PV (default fs)] provisioning should provision storage with snapshot data source (ROX mode) [Feature:VolumeSnapshotDataSource]" classname="Kubernetes e2e suite" status="skipped" time="0">
              <skipped message="skipped"></skipped>
          </testcase>
          <testcase name="[It] [sig-storage] In-tree Volumes [Driver: local] [LocalVolumeType: dir-link-bindmounted] [Testpattern: Pre-provisioned PV (default fs)] volumes should store data" classname="Kubernetes e2e suite" status="skipped" time="0">
              <skipped message="skipped"></skipped>
          </testcase>
          <testcase name="[It] [sig-node] Security Context When creating a pod with readOnlyRootFilesystem should run the container with writable rootfs when readOnlyRootFilesystem=false [NodeConformance] [Conformance]" classname="Kubernetes e2e suite" status="passed" time="4.07014886"></testcase>
          <testcase name="[It] [sig-storage] In-tree Volumes [Driver: ceph] [Feature:Volumes] [Serial] [Testpattern: Dynamic PV (default fs)] provisioning should provision correct filesystem size when restoring snapshot to larger size pvc [Feature:VolumeSnapshotDataSource]" classname="Kubernetes e2e suite" status="skipped" time="0">
              <skipped message="skipped"></skipped>
          </testcase>
          <testcase name="[It] [sig-storage] In-tree Volumes [Driver: local] [LocalVolumeType: dir-link] [Testpattern: Inline-volume (default fs)] subPath should fail if non-existent subpath is outside the volume [Slow] [LinuxOnly]" classname="Kubernetes e2e suite" status="skipped" time="0">
              <skipped message="skipped"></skipped>
          </testcase>
          <testcase name="[It] [sig-storage] In-tree Volumes [Driver: cinder] [Testpattern: Inline-volume (ext4)] volumes should store data" classname="Kubernetes e2e suite" status="skipped" time="0">
              <skipped message="skipped"></skipped>
          </testcase>
          <testcase name="[It] [sig-storage] In-tree Volumes [Driver: local] [LocalVolumeType: dir-bindmounted] [Testpattern: Pre-provisioned PV (default fs)] subPath should support restarting containers using file as subpath [Slow] [LinuxOnly]" classname="Kubernetes e2e suite" status="skipped" time="0">
              <skipped message="skipped"></skipped>
          </testcase>
          <testcase name="[It] [sig-storage] In-tree Volumes [Driver: local] [LocalVolumeType: block] [Testpattern: Dynamic PV (filesystem volmode)] volumeLimits should verify that all csinodes have volume limits" classname="Kubernetes e2e suite" status="skipped" time="0">
              <skipped message="skipped"></skipped>
          </testcase>
          <testcase name="[It] [sig-storage] CSI Mock volume node stage CSI NodeUnstage error cases [Slow] two pods: should call NodeStage after previous NodeUnstage transient error" classname="Kubernetes e2e suite" status="skipped" time="0">
              <skipped message="skipped"></skipped>
          </testcase>
          <testcase name="[It] [sig-storage] In-tree Volumes [Driver: hostPathSymlink] [Testpattern: Dynamic PV (default fs)] subPath should unmount if pod is gracefully deleted while kubelet is down [Disruptive] [Slow] [LinuxOnly]" classname="Kubernetes e2e suite" status="skipped" time="0">
              <skipped message="skipped"></skipped>
          </testcase>
          <testcase name="[It] [sig-storage] In-tree Volumes [Driver: local] [LocalVolumeType: dir-bindmounted] [Testpattern: Generic Ephemeral-volume (default fs) (late-binding)] ephemeral should support expansion of pvcs created for ephemeral pvcs" classname="Kubernetes e2e suite" status="skipped" time="0">
              <skipped message="skipped"></skipped>
          </testcase>
          <testcase name="[It] [sig-storage] In-tree Volumes [Driver: hostPathSymlink] [Testpattern: Dynamic PV (filesystem volmode)] volumeLimits should support volume limits [Serial]" classname="Kubernetes e2e suite" status="skipped" time="0">
              <skipped message="skipped"></skipped>
          </testcase>
          <testcase name="[It] [sig-storage] In-tree Volumes [Driver: local] [LocalVolumeType: dir-link] [Testpattern: Dynamic PV (delayed binding)] topology should fail to schedule a pod which has topologies that conflict with AllowedTopologies" classname="Kubernetes e2e suite" status="skipped" time="0">
              <skipped message="skipped"></skipped>
          </testcase>
          <testcase name="[It] [sig-storage] In-tree Volumes [Driver: local] [LocalVolumeType: gce-localssd-scsi-fs] [Serial] [Testpattern: Pre-provisioned PV (block volmode)] disruptive [Disruptive] [LinuxOnly] Should test that pv written before kubelet restart is readable after restart." classname="Kubernetes e2e suite" status="skipped" time="0">
              <skipped message="skipped"></skipped>
          </testcase>
          <testcase name="[It] [sig-storage] In-tree Volumes [Driver: azure-disk] [Testpattern: Pre-provisioned PV (filesystem volmode)] disruptive [Disruptive] [LinuxOnly] Should test that pv written before kubelet restart is readable after restart." classname="Kubernetes e2e suite" status="skipped" time="0">
              <skipped message="skipped"></skipped>
          </testcase>
          <testcase name="[It] [sig-storage] In-tree Volumes [Driver: rbd] [Feature:Volumes] [Serial] [Testpattern: Dynamic PV (xfs)] [Slow] multiVolume [Slow] should access to two volumes with the same volume mode and retain data across pod recreation on the same node" classname="Kubernetes e2e suite" status="skipped" time="0">
              <skipped message="skipped"></skipped>
          </testcase>
          <testcase name="[It] [sig-storage] In-tree Volumes [Driver: nfs] [Testpattern: Pre-provisioned PV (filesystem volmode)] volumeMode should not mount / map unused volumes in a pod [LinuxOnly]" classname="Kubernetes e2e suite" status="skipped" time="0">
              <skipped message="skipped"></skipped>
          </testcase>
          <testcase name="[It] [sig-apps] Deployment test Deployment ReplicaSet orphaning and adoption regarding controllerRef" classname="Kubernetes e2e suite" status="skipped" time="0">
              <skipped message="skipped"></skipped>
          </testcase>
          <testcase name="[It] [sig-storage] In-tree Volumes [Driver: vsphere] [Testpattern: Dynamic PV (delayed binding)] topology should fail to schedule a pod which has topologies that conflict with AllowedTopologies" classname="Kubernetes e2e suite" status="skipped" time="0">
              <skipped message="skipped"></skipped>
          </testcase>
          <testcase name="[It] [sig-storage] In-tree Volumes [Driver: local] [LocalVolumeType: dir-bindmounted] [Testpattern: Inline-volume (default fs)] subPath should fail if subpath file is outside the volume [Slow] [LinuxOnly]" classname="Kubernetes e2e suite" status="skipped" time="0">
              <skipped message="skipped"></skipped>
          </testcase>
          <testcase name="[It] [sig-storage] In-tree Volumes [Driver: hostPathSymlink] [Testpattern: Dynamic PV (ntfs)] [Feature:Windows] provisioning should provision storage with any volume data source [Serial]" classname="Kubernetes e2e suite" status="skipped" time="0">
              <skipped message="skipped"></skipped>
          </testcase>
          <testcase name="[It] [sig-storage] In-tree Volumes [Driver: local] [LocalVolumeType: dir-link] [Testpattern: Inline-volume (default fs)] subPath should support readOnly directory specified in the volumeMount" classname="Kubernetes e2e suite" status="skipped" time="0">
              <skipped message="skipped"></skipped>
          </testcase>
          <testcase name="[It] [sig-storage] GenericPersistentVolume [Disruptive] When kubelet restarts Should test that a volume mounted to a pod that is deleted while the kubelet is down unmounts when the kubelet returns." classname="Kubernetes e2e suite" status="skipped" time="0">
              <skipped message="skipped"></skipped>
          </testcase>
          <testcase name="[It] [sig-storage] In-tree Volumes [Driver: emptydir] [Testpattern: Dynamic PV (ntfs)] [Feature:Windows] provisioning should provision storage with any volume data source [Serial]" classname="Kubernetes e2e suite" status="skipped" time="0">
              <skipped message="skipped"></skipped>
          </testcase>
          <testcase name="[It] [sig-storage] In-tree Volumes [Driver: local] [LocalVolumeType: dir-bindmounted] [Testpattern: Pre-provisioned PV (block volmode)] disruptive [Disruptive] [LinuxOnly] Should test that pv used in a pod that is deleted while the kubelet is down cleans up when the kubelet returns." classname="Kubernetes e2e suite" status="skipped" time="0">
              <skipped message="skipped"></skipped>
          </testcase>
          <testcase name="[It] [sig-storage] In-tree Volumes [Driver: aws] [Testpattern: Dynamic PV (block volmode)] multiVolume [Slow] should access to two volumes with different volume mode and retain data across pod recreation on different node" classname="Kubernetes e2e suite" status="skipped" time="0">
              <skipped message="skipped"></skipped>
          </testcase>
          <testcase name="[It] [sig-storage] In-tree Volumes [Driver: ceph] [Feature:Volumes] [Serial] [Testpattern: Dynamic PV (default fs)] volumeIO should write files of various sizes, verify size, validate content [Slow]" classname="Kubernetes e2e suite" status="skipped" time="0">
              <skipped message="skipped"></skipped>
          </testcase>
          <testcase name="[It] [sig-storage] In-tree Volumes [Driver: azure-disk] [Testpattern: Dynamic PV (default fs)(allowExpansion)] volume-expand should resize volume when PVC is edited while pod is using it" classname="Kubernetes e2e suite" status="skipped" time="0">
              <skipped message="skipped"></skipped>
          </testcase>
          <testcase name="[It] [sig-api-machinery] CustomResourcePublishOpenAPI [Privileged:ClusterAdmin] [Flaky] kubectl explain works for CR with the same resource name as built-in object." classname="Kubernetes e2e suite" status="skipped" time="0">
              <skipped message="skipped"></skipped>
          </testcase>
          <testcase name="[It] [sig-storage] In-tree Volumes [Driver: azure-file] [Testpattern: Generic Ephemeral-volume (block volmode) (late-binding)] ephemeral should support expansion of pvcs created for ephemeral pvcs" classname="Kubernetes e2e suite" status="skipped" time="0">
              <skipped message="skipped"></skipped>
          </testcase>
          <testcase name="[It] [sig-storage] In-tree Volumes [Driver: azure-disk] [Testpattern: Inline-volume (xfs)] [Slow] volumes should allow exec of files on the volume" classname="Kubernetes e2e suite" status="skipped" time="0">
              <skipped message="skipped"></skipped>
          </testcase>
          <testcase name="[It] [sig-storage] In-tree Volumes [Driver: local] [LocalVolumeType: dir] [Testpattern: Dynamic PV (ext3)] volumes should store data" classname="Kubernetes e2e suite" status="skipped" time="0">
              <skipped message="skipped"></skipped>
          </testcase>
          <testcase name="[It] [sig-storage] In-tree Volumes [Driver: local] [LocalVolumeType: blockfs] [Testpattern: Pre-provisioned PV (filesystem volmode)] volumeMode should not mount / map unused volumes in a pod [LinuxOnly]" classname="Kubernetes e2e suite" status="skipped" time="0">
              <skipped message="skipped"></skipped>
          </testcase>
          <testcase name="[It] [sig-storage] In-tree Volumes [Driver: local] [LocalVolumeType: block] [Testpattern: Dynamic PV (immediate binding)] topology should provision a volume and schedule a pod with AllowedTopologies" classname="Kubernetes e2e suite" status="skipped" time="0">
              <skipped message="skipped"></skipped>
          </testcase>
          <testcase name="[It] [sig-storage] In-tree Volumes [Driver: emptydir] [Testpattern: Dynamic PV (ext4)] multiVolume [Slow] should concurrently access the single read-only volume from pods on the same node" classname="Kubernetes e2e suite" status="skipped" time="0">
              <skipped message="skipped"></skipped>
          </testcase>
          <testcase name="[It] [sig-storage] In-tree Volumes [Driver: local] [LocalVolumeType: dir] [Testpattern: Dynamic PV (ntfs)] [Feature:Windows] multiVolume [Slow] should concurrently access the single volume from pods on the same node" classname="Kubernetes e2e suite" status="skipped" time="0">
              <skipped message="skipped"></skipped>
          </testcase>
          <testcase name="[It] [sig-storage] In-tree Volumes [Driver: cinder] [Testpattern: Dynamic PV (filesystem volmode)] multiVolume [Slow] should concurrently access the single read-only volume from pods on the same node" classname="Kubernetes e2e suite" status="skipped" time="0">
              <skipped message="skipped"></skipped>
          </testcase>
          <testcase name="[It] [sig-storage] In-tree Volumes [Driver: iscsi] [Feature:Volumes] [Testpattern: Dynamic PV (default fs)] provisioning should provision storage with any volume data source [Serial]" classname="Kubernetes e2e suite" status="skipped" time="0">
              <skipped message="skipped"></skipped>
          </testcase>
          <testcase name="[It] [sig-api-machinery] Garbage collector should delete RS created by deployment when not orphaning [Conformance]" classname="Kubernetes e2e suite" status="passed" time="1.074454759"></testcase>
          <testcase name="[It] [sig-storage] In-tree Volumes [Driver: aws] [Testpattern: Dynamic PV (block volmode)] multiVolume [Slow] should concurrently access the single volume from pods on different node" classname="Kubernetes e2e suite" status="skipped" time="0">
              <skipped message="skipped"></skipped>
          </testcase>
          <testcase name="[It] [sig-storage] In-tree Volumes [Driver: local] [LocalVolumeType: blockfs] [Testpattern: Dynamic PV (default fs)] volumes should allow exec of files on the volume" classname="Kubernetes e2e suite" status="skipped" time="0">
              <skipped message="skipped"></skipped>
          </testcase>
          <testcase name="[It] [sig-storage] In-tree Volumes [Driver: local] [LocalVolumeType: dir-bindmounted] [Testpattern: Inline-volume (ntfs)] [Feature:Windows] volumes should store data" classname="Kubernetes e2e suite" status="skipped" time="0">
              <skipped message="skipped"></skipped>
          </testcase>
          <testcase name="[It] [sig-storage] In-tree Volumes [Driver: hostPathSymlink] [Testpattern: Inline-volume (default fs)] subPath should fail if non-existent subpath is outside the volume [Slow] [LinuxOnly]" classname="Kubernetes e2e suite" status="skipped" time="0">
              <skipped message="skipped"></skipped>
          </testcase>
          <testcase name="[It] [sig-node] Probing container should mark readiness on pods to false and disable liveness probes while pod is in progress of terminating" classname="Kubernetes e2e suite" status="skipped" time="0">
              <skipped message="skipped"></skipped>
          </testcase>
          <testcase name="[It] [sig-storage] In-tree Volumes [Driver: local] [LocalVolumeType: dir-link-bindmounted] [Testpattern: Pre-provisioned PV (ext4)] volumes should allow exec of files on the volume" classname="Kubernetes e2e suite" status="skipped" time="0">
              <skipped message="skipped"></skipped>
          </testcase>
          <testcase name="[It] [sig-storage] In-tree Volumes [Driver: azure-disk] [Testpattern: Dynamic PV (filesystem volmode)] volumeMode should fail to use a volume in a pod with mismatched mode [Slow]" classname="Kubernetes e2e suite" status="skipped" time="0">
              <skipped message="skipped"></skipped>
          </testcase>
          <testcase name="[It] [sig-storage] CSI Mock volume storage capacity storage capacity exhausted, late binding, with topology" classname="Kubernetes e2e suite" status="skipped" time="0">
              <skipped message="skipped"></skipped>
          </testcase>
          <testcase name="[It] [sig-node] DRA [Feature:DynamicResourceAllocation] cluster with delayed allocation and not setting ReservedFor supports init containers" classname="Kubernetes e2e suite" status="skipped" time="0">
              <skipped message="skipped"></skipped>
          </testcase>
          <testcase name="[It] [sig-storage] In-tree Volumes [Driver: ceph] [Feature:Volumes] [Serial] [Testpattern: Pre-provisioned PV (filesystem volmode)] multiVolume [Slow] should concurrently access the volume and its clone from pods on the same node [LinuxOnly] [Feature:VolumeSourceXFS]" classname="Kubernetes e2e suite" status="skipped" time="0">
              <skipped message="skipped"></skipped>
          </testcase>
          <testcase name="[It] [sig-storage] In-tree Volumes [Driver: local] [LocalVolumeType: dir] [Testpattern: Dynamic PV (ntfs)] [Feature:Windows] subPath should support readOnly directory specified in the volumeMount" classname="Kubernetes e2e suite" status="skipped" time="0">
              <skipped message="skipped"></skipped>
          </testcase>
          <testcase name="[It] [sig-storage] CSI Volumes [Driver: pd.csi.storage.gke.io] [Serial] [Testpattern: Dynamic PV (block volmode)] multiVolume [Slow] should concurrently access the volume and restored snapshot from pods on the same node [LinuxOnly] [Feature:VolumeSnapshotDataSource] [Feature:VolumeSourceXFS]" classname="Kubernetes e2e suite" status="skipped" time="0">
              <skipped message="skipped"></skipped>
          </testcase>
          <testcase name="[It] [sig-storage] In-tree Volumes [Driver: iscsi] [Feature:Volumes] [Testpattern: Dynamic PV (block volmode)] provisioning should provision storage with pvc data source" classname="Kubernetes e2e suite" status="skipped" time="0">
              <skipped message="skipped"></skipped>
          </testcase>
          <testcase name="[It] [sig-storage] In-tree Volumes [Driver: local] [LocalVolumeType: gce-localssd-scsi-fs] [Serial] [Testpattern: Dynamic PV (block volmode)] provisioning should provision storage with pvc data source" classname="Kubernetes e2e suite" status="skipped" time="0">
              <skipped message="skipped"></skipped>
          </testcase>
          <testcase name="[It] [sig-storage] CSI Volumes [Driver: pd.csi.storage.gke.io] [Serial] [Testpattern: Dynamic PV (ntfs)] [Feature:Windows] subPath should unmount if pod is gracefully deleted while kubelet is down [Disruptive] [Slow] [LinuxOnly]" classname="Kubernetes e2e suite" status="skipped" time="0">
              <skipped message="skipped"></skipped>
          </testcase>
          <testcase name="[It] [sig-storage] In-tree Volumes [Driver: local] [LocalVolumeType: dir-bindmounted] [Testpattern: Dynamic PV (ext4)] multiVolume [Slow] should access to two volumes with the same volume mode and retain data across pod recreation on different node" classname="Kubernetes e2e suite" status="skipped" time="0">
              <skipped message="skipped"></skipped>
          </testcase>
          <testcase name="[It] [sig-storage] In-tree Volumes [Driver: local] [LocalVolumeType: blockfs] [Testpattern: Pre-provisioned PV (block volmode)] multiVolume [Slow] should access to two volumes with different volume mode and retain data across pod recreation on the same node" classname="Kubernetes e2e suite" status="skipped" time="0">
              <skipped message="skipped"></skipped>
          </testcase>
          <testcase name="[It] [sig-storage] In-tree Volumes [Driver: local] [LocalVolumeType: dir-bindmounted] [Testpattern: Dynamic PV (default fs)] fsgroupchangepolicy (Always)[LinuxOnly], pod created with an initial fsgroup, new pod fsgroup applied to volume contents" classname="Kubernetes e2e suite" status="skipped" time="0">
              <skipped message="skipped"></skipped>
          </testcase>
          <testcase name="[It] [sig-network] Netpol NetworkPolicy between server and client should enforce policy based on PodSelector or NamespaceSelector [Feature:NetworkPolicy]" classname="Kubernetes e2e suite" status="skipped" time="0">
              <skipped message="skipped"></skipped>
          </testcase>
          <testcase name="[It] [sig-storage] In-tree Volumes [Driver: local] [LocalVolumeType: gce-localssd-scsi-fs] [Serial] [Testpattern: Pre-provisioned PV (block volmode)] multiVolume [Slow] should concurrently access the volume and restored snapshot from pods on the same node [LinuxOnly] [Feature:VolumeSnapshotDataSource] [Feature:VolumeSourceXFS]" classname="Kubernetes e2e suite" status="skipped" time="0">
              <skipped message="skipped"></skipped>
          </testcase>
          <testcase name="[It] [sig-storage] In-tree Volumes [Driver: azure-file] [Testpattern: Dynamic PV (default fs)] subPath should fail if subpath file is outside the volume [Slow] [LinuxOnly]" classname="Kubernetes e2e suite" status="skipped" time="0">
              <skipped message="skipped"></skipped>
          </testcase>
          <testcase name="[It] [sig-storage] In-tree Volumes [Driver: azure-disk] [Testpattern: Pre-provisioned PV (block volmode)] multiVolume [Slow] should concurrently access the single read-only volume from pods on the same node" classname="Kubernetes e2e suite" status="skipped" time="0">
              <skipped message="skipped"></skipped>
          </testcase>
          <testcase name="[It] [sig-storage] CSI Volumes [Driver: pd.csi.storage.gke.io] [Serial] [Testpattern: Dynamic PV (default fs)] volume-stress multiple pods should access different volumes repeatedly [Slow] [Serial]" classname="Kubernetes e2e suite" status="skipped" time="0">
              <skipped message="skipped"></skipped>
          </testcase>
          <testcase name="[It] [sig-storage] In-tree Volumes [Driver: local] [LocalVolumeType: dir-link] [Testpattern: Pre-provisioned PV (default fs)] subPath should support non-existent path" classname="Kubernetes e2e suite" status="skipped" time="0">
              <skipped message="skipped"></skipped>
          </testcase>
          <testcase name="[It] [sig-storage] In-tree Volumes [Driver: iscsi] [Feature:Volumes] [Testpattern: Dynamic PV (ntfs)] [Feature:Windows] multiVolume [Slow] should access to two volumes with the same volume mode and retain data across pod recreation on different node" classname="Kubernetes e2e suite" status="skipped" time="0">
              <skipped message="skipped"></skipped>
          </testcase>
          <testcase name="[It] [sig-storage] In-tree Volumes [Driver: azure-disk] [Testpattern: Dynamic PV (ntfs)] [Feature:Windows] subPath should fail if subpath file is outside the volume [Slow] [LinuxOnly]" classname="Kubernetes e2e suite" status="skipped" time="0">
              <skipped message="skipped"></skipped>
          </testcase>
          <testcase name="[It] [sig-storage] In-tree Volumes [Driver: local] [LocalVolumeType: dir] [Testpattern: Pre-provisioned PV (default fs)] subPath should fail if subpath with backstepping is outside the volume [Slow] [LinuxOnly]" classname="Kubernetes e2e suite" status="skipped" time="0">
              <skipped message="skipped"></skipped>
          </testcase>
          <testcase name="[It] [sig-storage] In-tree Volumes [Driver: local] [LocalVolumeType: blockfs] [Testpattern: Pre-provisioned PV (filesystem volmode)] disruptive [Disruptive] [LinuxOnly] Should test that pv written before kubelet restart is readable after restart." classname="Kubernetes e2e suite" status="skipped" time="0">
              <skipped message="skipped"></skipped>
          </testcase>
          <testcase name="[It] [sig-storage] In-tree Volumes [Driver: local] [LocalVolumeType: dir-link-bindmounted] [Testpattern: Pre-provisioned PV (filesystem volmode)] disruptive [Disruptive] [LinuxOnly] Should test that pv written before kubelet restart is readable after restart." classname="Kubernetes e2e suite" status="skipped" time="0">
              <skipped message="skipped"></skipped>
          </testcase>
          <testcase name="[It] [sig-storage] In-tree Volumes [Driver: azure-disk] [Testpattern: Dynamic PV (block volmode)] provisioning should provision storage with snapshot data source (ROX mode) [Feature:VolumeSnapshotDataSource]" classname="Kubernetes e2e suite" status="skipped" time="0">
              <skipped message="skipped"></skipped>
          </testcase>
          <testcase name="[It] [sig-storage] In-tree Volumes [Driver: hostPathSymlink] [Testpattern: Generic Ephemeral-volume (block volmode) (late-binding)] ephemeral should create read/write inline ephemeral volume" classname="Kubernetes e2e suite" status="skipped" time="0">
              <skipped message="skipped"></skipped>
          </testcase>
          <testcase name="[It] [sig-storage] CSI Volumes [Driver: pd.csi.storage.gke.io] [Serial] [Testpattern: Inline-volume (default fs)] subPath should fail if subpath with backstepping is outside the volume [Slow] [LinuxOnly]" classname="Kubernetes e2e suite" status="skipped" time="0">
              <skipped message="skipped"></skipped>
          </testcase>
          <testcase name="[It] [sig-storage] In-tree Volumes [Driver: local] [LocalVolumeType: blockfs] [Testpattern: Dynamic PV (xfs)] [Slow] multiVolume [Slow] should concurrently access the single read-only volume from pods on the same node" classname="Kubernetes e2e suite" status="skipped" time="0">
              <skipped message="skipped"></skipped>
          </testcase>
          <testcase name="[It] [sig-storage] In-tree Volumes [Driver: nfs] [Testpattern: Dynamic PV (default fs)] provisioning should provision storage with any volume data source [Serial]" classname="Kubernetes e2e suite" status="skipped" time="0">
              <skipped message="skipped"></skipped>
          </testcase>
          <testcase name="[It] [sig-node] [NodeAlphaFeature:SidecarContainers] [Feature:SidecarContainers] Probing restartable init container should not be ready with an exec readiness probe timeout [MinimumKubeletVersion:1.20]" classname="Kubernetes e2e suite" status="skipped" time="0">
              <skipped message="skipped"></skipped>
          </testcase>
          <testcase name="[It] [sig-storage] In-tree Volumes [Driver: azure-disk] [Testpattern: Pre-provisioned PV (filesystem volmode)] multiVolume [Slow] should concurrently access the single read-only volume from pods on the same node" classname="Kubernetes e2e suite" status="skipped" time="0">
              <skipped message="skipped"></skipped>
          </testcase>
          <testcase name="[It] [sig-storage] In-tree Volumes [Driver: local] [LocalVolumeType: tmpfs] [Testpattern: Dynamic PV (default fs)] volumes should allow exec of files on the volume" classname="Kubernetes e2e suite" status="skipped" time="0">
              <skipped message="skipped"></skipped>
          </testcase>
          <testcase name="[It] [sig-storage] In-tree Volumes [Driver: hostPath] [Testpattern: Pre-provisioned PV (filesystem volmode)] multiVolume [Slow] should access to two volumes with different volume mode and retain data across pod recreation on different node" classname="Kubernetes e2e suite" status="skipped" time="0">
              <skipped message="skipped"></skipped>
          </testcase>
          <testcase name="[It] [sig-autoscaling] Cluster size autoscaling [Slow] should increase cluster size if pending pods are small and one node is broken [Feature:ClusterSizeAutoscalingScaleUp]" classname="Kubernetes e2e suite" status="skipped" time="0">
              <skipped message="skipped"></skipped>
          </testcase>
          <testcase name="[It] [sig-storage] In-tree Volumes [Driver: local] [LocalVolumeType: dir-bindmounted] [Testpattern: Dynamic PV (default fs)] volumeIO should write files of various sizes, verify size, validate content [Slow]" classname="Kubernetes e2e suite" status="skipped" time="0">
              <skipped message="skipped"></skipped>
          </testcase>
          <testcase name="[It] [sig-network] Conntrack should be able to preserve UDP traffic when server pod cycles for a NodePort service" classname="Kubernetes e2e suite" status="skipped" time="0">
              <skipped message="skipped"></skipped>
          </testcase>
          <testcase name="[It] [sig-storage] In-tree Volumes [Driver: iscsi] [Feature:Volumes] [Testpattern: Inline-volume (xfs)] [Slow] volumes should allow exec of files on the volume" classname="Kubernetes e2e suite" status="skipped" time="0">
              <skipped message="skipped"></skipped>
          </testcase>
          <testcase name="[It] [sig-storage] In-tree Volumes [Driver: vsphere] [Testpattern: Pre-provisioned PV (filesystem volmode)] volumeMode should not mount / map unused volumes in a pod [LinuxOnly]" classname="Kubernetes e2e suite" status="skipped" time="0">
              <skipped message="skipped"></skipped>
          </testcase>
          <testcase name="[It] [sig-node] [NodeAlphaFeature:SidecarContainers] [Feature:SidecarContainers] Restartable Init Container Lifecycle Hook when create a pod with lifecycle hook should execute poststart https hook properly [MinimumKubeletVersion:1.23]" classname="Kubernetes e2e suite" status="skipped" time="0">
              <skipped message="skipped"></skipped>
          </testcase>
          <testcase name="[It] [sig-storage] In-tree Volumes [Driver: local] [LocalVolumeType: block] [Testpattern: Dynamic PV (block volmode)] volumes should store data" classname="Kubernetes e2e suite" status="skipped" time="0">
              <skipped message="skipped"></skipped>
          </testcase>
          <testcase name="[It] [sig-storage] In-tree Volumes [Driver: local] [LocalVolumeType: dir-link] [Testpattern: Dynamic PV (default fs)] subPath should fail if subpath directory is outside the volume [Slow] [LinuxOnly]" classname="Kubernetes e2e suite" status="skipped" time="0">
              <skipped message="skipped"></skipped>
          </testcase>
          <testcase name="[It] [sig-storage] Zone Support [Feature:vsphere] Verify a pod fails to get scheduled when conflicting volume topology (allowedTopologies) and pod scheduling constraints(nodeSelector) are specified" classname="Kubernetes e2e suite" status="skipped" time="0">
              <skipped message="skipped"></skipped>
          </testcase>
          <testcase name="[It] [sig-storage] In-tree Volumes [Driver: local] [LocalVolumeType: dir-link] [Testpattern: Dynamic PV (block volmode)] volumes should store data" classname="Kubernetes e2e suite" status="skipped" time="0">
              <skipped message="skipped"></skipped>
          </testcase>
          <testcase name="[It] [sig-storage] In-tree Volumes [Driver: iscsi] [Feature:Volumes] [Testpattern: Dynamic PV (xfs)] [Slow] multiVolume [Slow] should concurrently access the single volume from pods on different node" classname="Kubernetes e2e suite" status="skipped" time="0">
              <skipped message="skipped"></skipped>
          </testcase>
          <testcase name="[It] [sig-node] DRA [Feature:DynamicResourceAllocation] cluster with immediate allocation supports scheduled pod referencing external resource claim" classname="Kubernetes e2e suite" status="skipped" time="0">
              <skipped message="skipped"></skipped>
          </testcase>
          <testcase name="[It] [sig-apps] StatefulSet Basic StatefulSet functionality [StatefulSetBasic] should perform rolling updates and roll backs of template modifications [Conformance]" classname="Kubernetes e2e suite" status="passed" time="81.166462267"></testcase>
          <testcase name="[It] [sig-storage] HostPathType Socket [Slow] Should fail on mounting socket &#39;asocket&#39; when HostPathType is HostPathCharDev" classname="Kubernetes e2e suite" status="skipped" time="0">
              <skipped message="skipped"></skipped>
          </testcase>
          <testcase name="[It] [sig-storage] In-tree Volumes [Driver: hostPath] [Testpattern: Dynamic PV (xfs)] [Slow] multiVolume [Slow] should access to two volumes with different volume mode and retain data across pod recreation on the same node" classname="Kubernetes e2e suite" status="skipped" time="0">
              <skipped message="skipped"></skipped>
          </testcase>
          <testcase name="[It] [sig-storage] In-tree Volumes [Driver: local] [LocalVolumeType: blockfs] [Testpattern: Inline-volume (default fs)] subPath should support restarting containers using directory as subpath [Slow]" classname="Kubernetes e2e suite" status="skipped" time="0">
              <skipped message="skipped"></skipped>
          </testcase>
          <testcase name="[It] [sig-storage] In-tree Volumes [Driver: azure-file] [Testpattern: Dynamic PV (ntfs)] [Feature:Windows] multiVolume [Slow] should concurrently access the volume and restored snapshot from pods on the same node [LinuxOnly] [Feature:VolumeSnapshotDataSource] [Feature:VolumeSourceXFS]" classname="Kubernetes e2e suite" status="skipped" time="0">
              <skipped message="skipped"></skipped>
          </testcase>
          <testcase name="[It] [sig-storage] In-tree Volumes [Driver: cinder] [Testpattern: Dynamic PV (block volmode)] multiVolume [Slow] should access to two volumes with the same volume mode and retain data across pod recreation on the same node" classname="Kubernetes e2e suite" status="skipped" time="0">
              <skipped message="skipped"></skipped>
          </testcase>
          <testcase name="[It] [sig-storage] In-tree Volumes [Driver: azure-disk] [Testpattern: Pre-provisioned PV (default fs)] subPath should fail if subpath directory is outside the volume [Slow] [LinuxOnly]" classname="Kubernetes e2e suite" status="skipped" time="0">
              <skipped message="skipped"></skipped>
          </testcase>
          <testcase name="[It] [sig-storage] In-tree Volumes [Driver: local] [LocalVolumeType: gce-localssd-scsi-fs] [Serial] [Testpattern: Dynamic PV (default fs)(allowExpansion)] volume-expand Verify if offline PVC expansion works" classname="Kubernetes e2e suite" status="skipped" time="0">
              <skipped message="skipped"></skipped>
          </testcase>
          <testcase name="[It] [sig-storage] In-tree Volumes [Driver: cinder] [Testpattern: Generic Ephemeral-volume (default fs)] volumeLimits should verify that all csinodes have volume limits" classname="Kubernetes e2e suite" status="skipped" time="0">
              <skipped message="skipped"></skipped>
          </testcase>
          <testcase name="[It] [sig-storage] In-tree Volumes [Driver: local] [LocalVolumeType: blockfs] [Testpattern: Pre-provisioned PV (xfs)] [Slow] volumes should allow exec of files on the volume" classname="Kubernetes e2e suite" status="skipped" time="0">
              <skipped message="skipped"></skipped>
          </testcase>
          <testcase name="[It] [sig-storage] In-tree Volumes [Driver: rbd] [Feature:Volumes] [Serial] [Testpattern: Inline-volume (default fs)] volumes should allow exec of files on the volume" classname="Kubernetes e2e suite" status="skipped" time="0">
              <skipped message="skipped"></skipped>
          </testcase>
          <testcase name="[It] [sig-storage] CSI Volumes [Driver: pd.csi.storage.gke.io] [Serial] [Testpattern: Dynamic PV (ntfs)] [Feature:Windows] subPath should fail if subpath directory is outside the volume [Slow] [LinuxOnly]" classname="Kubernetes e2e suite" status="skipped" time="0">
              <skipped message="skipped"></skipped>
          </testcase>
          <testcase name="[It] [sig-storage] Projected downwardAPI should provide container&#39;s cpu limit [NodeConformance] [Conformance]" classname="Kubernetes e2e suite" status="passed" time="4.099009273"></testcase>
          <testcase name="[It] [sig-storage] In-tree Volumes [Driver: local] [LocalVolumeType: block] [Testpattern: Pre-provisioned PV (ext3)] volumes should store data" classname="Kubernetes e2e suite" status="skipped" time="0">
              <skipped message="skipped"></skipped>
          </testcase>
          <testcase name="[It] [sig-storage] In-tree Volumes [Driver: local] [LocalVolumeType: block] [Testpattern: Dynamic PV (block volmode)] multiVolume [Slow] should concurrently access the single read-only volume from pods on the same node" classname="Kubernetes e2e suite" status="skipped" time="0">
              <skipped message="skipped"></skipped>
          </testcase>
          <testcase name="[It] [sig-storage] In-tree Volumes [Driver: local] [LocalVolumeType: dir-link] [Testpattern: Dynamic PV (default fs)] subPath should support creating multiple subpath from same volumes [Slow]" classname="Kubernetes e2e suite" status="skipped" time="0">
              <skipped message="skipped"></skipped>
          </testcase>
          <testcase name="[It] [sig-storage] In-tree Volumes [Driver: local] [LocalVolumeType: dir-bindmounted] [Testpattern: Pre-provisioned PV (block volmode)] volumeMode should not mount / map unused volumes in a pod [LinuxOnly]" classname="Kubernetes e2e suite" status="skipped" time="0">
              <skipped message="skipped"></skipped>
          </testcase>
          <testcase name="[It] [sig-storage] In-tree Volumes [Driver: local] [LocalVolumeType: dir] [Testpattern: Dynamic PV (ntfs)] [Feature:Windows] provisioning should provision storage with mount options" classname="Kubernetes e2e suite" status="skipped" time="0">
              <skipped message="skipped"></skipped>
          </testcase>
          <testcase name="[It] [sig-storage] In-tree Volumes [Driver: ceph] [Feature:Volumes] [Serial] [Testpattern: Dynamic PV (xfs)] [Slow] multiVolume [Slow] should access to two volumes with different volume mode and retain data across pod recreation on different node" classname="Kubernetes e2e suite" status="skipped" time="0">
              <skipped message="skipped"></skipped>
          </testcase>
          <testcase name="[It] [sig-storage] In-tree Volumes [Driver: local] [LocalVolumeType: dir-link] [Testpattern: Dynamic PV (ntfs)] [Feature:Windows] volume-expand should not allow expansion of pvcs without AllowVolumeExpansion property" classname="Kubernetes e2e suite" status="skipped" time="0">
              <skipped message="skipped"></skipped>
          </testcase>
          <testcase name="[It] [sig-storage] In-tree Volumes [Driver: aws] [Testpattern: Dynamic PV (ntfs)] [Feature:Windows] provisioning should provision storage with snapshot data source [Feature:VolumeSnapshotDataSource]" classname="Kubernetes e2e suite" status="skipped" time="0">
              <skipped message="skipped"></skipped>
          </testcase>
          <testcase name="[It] [sig-storage] In-tree Volumes [Driver: local] [LocalVolumeType: blockfs] [Testpattern: Dynamic PV (ext3)] volumes should store data" classname="Kubernetes e2e suite" status="skipped" time="0">
              <skipped message="skipped"></skipped>
          </testcase>
          <testcase name="[It] [sig-storage] In-tree Volumes [Driver: local] [LocalVolumeType: dir-link-bindmounted] [Testpattern: Inline-volume (default fs)] volumes should allow exec of files on the volume" classname="Kubernetes e2e suite" status="skipped" time="0">
              <skipped message="skipped"></skipped>
          </testcase>
          <testcase name="[It] [sig-storage] In-tree Volumes [Driver: hostPath] [Testpattern: Pre-provisioned PV (block volmode)] disruptive [Disruptive] [LinuxOnly] Should test that pv used in a pod that is force deleted while the kubelet is down cleans up when the kubelet returns." classname="Kubernetes e2e suite" status="skipped" time="0">
              <skipped message="skipped"></skipped>
          </testcase>
          <testcase name="[It] [sig-storage] In-tree Volumes [Driver: emptydir] [Testpattern: Dynamic PV (block volmode)] multiVolume [Slow] should concurrently access the single volume from pods on the same node" classname="Kubernetes e2e suite" status="skipped" time="0">
              <skipped message="skipped"></skipped>
          </testcase>
          <testcase name="[It] [sig-storage] In-tree Volumes [Driver: azure-disk] [Testpattern: Inline-volume (default fs)] subPath should support restarting containers using directory as subpath [Slow]" classname="Kubernetes e2e suite" status="skipped" time="0">
              <skipped message="skipped"></skipped>
          </testcase>
          <testcase name="[It] [sig-storage] CSI Volumes [Driver: csi-hostpath] [Testpattern: Dynamic PV (ntfs)] [Feature:Windows] subPath should support existing directory" classname="Kubernetes e2e suite" status="skipped" time="0">
              <skipped message="skipped"></skipped>
          </testcase>
          <testcase name="[It] [sig-storage] In-tree Volumes [Driver: nfs] [Testpattern: Dynamic PV (filesystem volmode)] multiVolume [Slow] should access to two volumes with the same volume mode and retain data across pod recreation on different node" classname="Kubernetes e2e suite" status="skipped" time="0">
              <skipped message="skipped"></skipped>
          </testcase>
          <testcase name="[It] [sig-storage] In-tree Volumes [Driver: local] [LocalVolumeType: gce-localssd-scsi-fs] [Serial] [Testpattern: Generic Ephemeral-volume (block volmode) (late-binding)] ephemeral should create read/write inline ephemeral volume" classname="Kubernetes e2e suite" status="skipped" time="0">
              <skipped message="skipped"></skipped>
          </testcase>
          <testcase name="[It] [sig-storage] In-tree Volumes [Driver: local] [LocalVolumeType: dir] [Testpattern: Dynamic PV (filesystem volmode)] disruptive [Disruptive] [LinuxOnly] Should test that pv used in a pod that is deleted while the kubelet is down is usable by a new pod when kubelet returns [Feature:SELinux]" classname="Kubernetes e2e suite" status="skipped" time="0">
              <skipped message="skipped"></skipped>
          </testcase>
          <testcase name="[It] [sig-node] kubelet kubectl get --raw &#34;/api/v1/nodes/&lt;insert-node-name-here&gt;/proxy/logs/?query=/&lt;insert-log-file-name-here&gt; [Feature:NodeLogQuery] [LinuxOnly] should return the kubelet logs for the current boot" classname="Kubernetes e2e suite" status="skipped" time="0">
              <skipped message="skipped"></skipped>
          </testcase>
          <testcase name="[It] [sig-storage] In-tree Volumes [Driver: hostPath] [Testpattern: Dynamic PV (default fs)] volume-stress multiple pods should access different volumes repeatedly [Slow] [Serial]" classname="Kubernetes e2e suite" status="skipped" time="0">
              <skipped message="skipped"></skipped>
          </testcase>
          <testcase name="[It] [sig-storage] In-tree Volumes [Driver: local] [LocalVolumeType: gce-localssd-scsi-fs] [Serial] [Testpattern: Inline-volume (default fs)] subPath should support existing directory" classname="Kubernetes e2e suite" status="skipped" time="0">
              <skipped message="skipped"></skipped>
          </testcase>
          <testcase name="[It] [sig-storage] In-tree Volumes [Driver: ceph] [Feature:Volumes] [Serial] [Testpattern: Dynamic PV (block volmode)] provisioning should provision storage with pvc data source (ROX mode)" classname="Kubernetes e2e suite" status="skipped" time="0">
              <skipped message="skipped"></skipped>
          </testcase>
          <testcase name="[It] [sig-storage] In-tree Volumes [Driver: aws] [Testpattern: Dynamic PV (ntfs)] [Feature:Windows] provisioning should provision storage with pvc data source in parallel [Slow]" classname="Kubernetes e2e suite" status="skipped" time="0">
              <skipped message="skipped"></skipped>
          </testcase>
          <testcase name="[It] [sig-node] Containers should be able to override the image&#39;s default arguments (container cmd) [NodeConformance] [Conformance]" classname="Kubernetes e2e suite" status="passed" time="4.091856876"></testcase>
          <testcase name="[It] [sig-storage] In-tree Volumes [Driver: iscsi] [Feature:Volumes] [Testpattern: Dynamic PV (ntfs)] [Feature:Windows] volumes should allow exec of files on the volume" classname="Kubernetes e2e suite" status="skipped" time="0">
              <skipped message="skipped"></skipped>
          </testcase>
          <testcase name="[It] [sig-storage] In-tree Volumes [Driver: azure-disk] [Testpattern: Dynamic PV (block volmode)] multiVolume [Slow] should concurrently access the volume and its clone from pods on the same node [LinuxOnly] [Feature:VolumeSourceXFS]" classname="Kubernetes e2e suite" status="skipped" time="0">
              <skipped message="skipped"></skipped>
          </testcase>
          <testcase name="[It] [sig-storage] In-tree Volumes [Driver: rbd] [Feature:Volumes] [Serial] [Testpattern: Pre-provisioned PV (default fs)] subPath should verify container cannot write to subpath readonly volumes [Slow]" classname="Kubernetes e2e suite" status="skipped" time="0">
              <skipped message="skipped"></skipped>
          </testcase>
          <testcase name="[It] [sig-storage] In-tree Volumes [Driver: emptydir] [Testpattern: Dynamic PV (block volmode)] volumeMode should not mount / map unused volumes in a pod [LinuxOnly]" classname="Kubernetes e2e suite" status="skipped" time="0">
              <skipped message="skipped"></skipped>
          </testcase>
          <testcase name="[It] [sig-scheduling] SchedulerPreemption [Serial] PriorityClass endpoints verify PriorityClass endpoints can be operated with different HTTP methods [Conformance]" classname="Kubernetes e2e suite" status="passed" time="60.240785209"></testcase>
          <testcase name="[It] [sig-storage] In-tree Volumes [Driver: local] [LocalVolumeType: dir-link-bindmounted] [Testpattern: Dynamic PV (block volmode)] multiVolume [Slow] should concurrently access the single read-only volume from pods on the same node" classname="Kubernetes e2e suite" status="skipped" time="0">
              <skipped message="skipped"></skipped>
          </testcase>
          <testcase name="[It] [sig-storage] In-tree Volumes [Driver: aws] [Testpattern: Dynamic PV (xfs)] [Slow] multiVolume [Slow] should concurrently access the volume and restored snapshot from pods on the same node [LinuxOnly] [Feature:VolumeSnapshotDataSource] [Feature:VolumeSourceXFS]" classname="Kubernetes e2e suite" status="skipped" time="0">
              <skipped message="skipped"></skipped>
          </testcase>
          <testcase name="[It] [sig-storage] In-tree Volumes [Driver: cinder] [Testpattern: Dynamic PV (ext4)] multiVolume [Slow] should concurrently access the volume and restored snapshot from pods on the same node [LinuxOnly] [Feature:VolumeSnapshotDataSource] [Feature:VolumeSourceXFS]" classname="Kubernetes e2e suite" status="skipped" time="0">
              <skipped message="skipped"></skipped>
          </testcase>
          <testcase name="[It] [sig-storage] In-tree Volumes [Driver: rbd] [Feature:Volumes] [Serial] [Testpattern: Generic Ephemeral-volume (default fs) (immediate-binding)] ephemeral should support multiple inline ephemeral volumes" classname="Kubernetes e2e suite" status="skipped" time="0">
              <skipped message="skipped"></skipped>
          </testcase>
          <testcase name="[It] [sig-storage] In-tree Volumes [Driver: local] [LocalVolumeType: dir] [Testpattern: Dynamic PV (filesystem volmode)] volumeMode should fail to use a volume in a pod with mismatched mode [Slow]" classname="Kubernetes e2e suite" status="skipped" time="0">
              <skipped message="skipped"></skipped>
          </testcase>
          <testcase name="[It] [sig-storage] In-tree Volumes [Driver: nfs] [Testpattern: Pre-provisioned PV (default fs)] subPath should verify container cannot write to subpath readonly volumes [Slow]" classname="Kubernetes e2e suite" status="skipped" time="0">
              <skipped message="skipped"></skipped>
          </testcase>
          <testcase name="[It] [sig-storage] In-tree Volumes [Driver: ceph] [Feature:Volumes] [Serial] [Testpattern: Dynamic PV (block volmode)] disruptive [Disruptive] [LinuxOnly] Should test that pv used in a pod that is force deleted while the kubelet is down cleans up when the kubelet returns." classname="Kubernetes e2e suite" status="skipped" time="0">
              <skipped message="skipped"></skipped>
          </testcase>
          <testcase name="[It] [sig-storage] In-tree Volumes [Driver: rbd] [Feature:Volumes] [Serial] [Testpattern: Dynamic PV (filesystem volmode)] multiVolume [Slow] should concurrently access the volume and restored snapshot from pods on the same node [LinuxOnly] [Feature:VolumeSnapshotDataSource] [Feature:VolumeSourceXFS]" classname="Kubernetes e2e suite" status="skipped" time="0">
              <skipped message="skipped"></skipped>
          </testcase>
          <testcase name="[It] [sig-storage] In-tree Volumes [Driver: local] [LocalVolumeType: dir] [Testpattern: Pre-provisioned PV (default fs)] subPath should unmount if pod is gracefully deleted while kubelet is down [Disruptive] [Slow] [LinuxOnly]" classname="Kubernetes e2e suite" status="skipped" time="0">
              <skipped message="skipped"></skipped>
          </testcase>
          <testcase name="[It] [sig-storage] In-tree Volumes [Driver: iscsi] [Feature:Volumes] [Testpattern: Dynamic PV (default fs)] subPath should fail if non-existent subpath is outside the volume [Slow] [LinuxOnly]" classname="Kubernetes e2e suite" status="skipped" time="0">
              <skipped message="skipped"></skipped>
          </testcase>
          <testcase name="[It] [sig-storage] CSI Volumes [Driver: csi-hostpath] [Testpattern: Dynamic PV (block volmode)] provisioning should provision correct filesystem size when restoring snapshot to larger size pvc [Feature:VolumeSnapshotDataSource]" classname="Kubernetes e2e suite" status="skipped" time="0">
              <skipped message="skipped"></skipped>
          </testcase>
          <testcase name="[It] [sig-node] Pods Extended Pod Container Status should never report container start when an init container fails" classname="Kubernetes e2e suite" status="skipped" time="0">
              <skipped message="skipped"></skipped>
          </testcase>
          <testcase name="[It] [sig-storage] CSI Volumes [Driver: csi-hostpath] [Testpattern: Inline-volume (ntfs)] [Feature:Windows] volumes should store data" classname="Kubernetes e2e suite" status="skipped" time="0">
              <skipped message="skipped"></skipped>
          </testcase>
          <testcase name="[It] [sig-storage] CSI Mock workload info CSI workload information using mock driver should not be passed when podInfoOnMount=false" classname="Kubernetes e2e suite" status="skipped" time="0">
              <skipped message="skipped"></skipped>
          </testcase>
          <testcase name="[It] [sig-storage] In-tree Volumes [Driver: iscsi] [Feature:Volumes] [Testpattern: Dynamic PV (ntfs)] [Feature:Windows] volume-expand should not allow expansion of pvcs without AllowVolumeExpansion property" classname="Kubernetes e2e suite" status="skipped" time="0">
              <skipped message="skipped"></skipped>
          </testcase>
          <testcase name="[It] [sig-storage] In-tree Volumes [Driver: local] [LocalVolumeType: dir] [Testpattern: Dynamic PV (default fs)] provisioning should provision storage with snapshot data source [Feature:VolumeSnapshotDataSource]" classname="Kubernetes e2e suite" status="skipped" time="0">
              <skipped message="skipped"></skipped>
          </testcase>
          <testcase name="[It] [sig-node] Pods should be submitted and removed [NodeConformance] [Conformance]" classname="Kubernetes e2e suite" status="passed" time="3.3593533190000002"></testcase>
          <testcase name="[It] [sig-storage] CSI Volumes [Driver: pd.csi.storage.gke.io] [Serial] [Testpattern: Dynamic PV (default fs)] subPath should support file as subpath [LinuxOnly]" classname="Kubernetes e2e suite" status="skipped" time="0">
              <skipped message="skipped"></skipped>
          </testcase>
          <testcase name="[It] [sig-storage] In-tree Volumes [Driver: local] [LocalVolumeType: dir-link-bindmounted] [Testpattern: Pre-provisioned PV (default fs)] subPath should verify container cannot write to subpath readonly volumes [Slow]" classname="Kubernetes e2e suite" status="skipped" time="0">
              <skipped message="skipped"></skipped>
          </testcase>
          <testcase name="[It] [sig-storage] In-tree Volumes [Driver: ceph] [Feature:Volumes] [Serial] [Testpattern: Inline-volume (default fs)] subPath should unmount if pod is force deleted while kubelet is down [Disruptive] [Slow] [LinuxOnly]" classname="Kubernetes e2e suite" status="skipped" time="0">
              <skipped message="skipped"></skipped>
          </testcase>
          <testcase name="[It] [sig-storage] In-tree Volumes [Driver: emptydir] [Testpattern: Dynamic PV (default fs)] volumes should allow exec of files on the volume" classname="Kubernetes e2e suite" status="skipped" time="0">
              <skipped message="skipped"></skipped>
          </testcase>
          <testcase name="[It] [sig-storage] In-tree Volumes [Driver: nfs] [Testpattern: Dynamic PV (default fs)] subPath should support creating multiple subpath from same volumes [Slow]" classname="Kubernetes e2e suite" status="skipped" time="0">
              <skipped message="skipped"></skipped>
          </testcase>
          <testcase name="[It] [sig-storage] In-tree Volumes [Driver: local] [LocalVolumeType: dir] [Testpattern: Pre-provisioned PV (filesystem volmode)] disruptive [Disruptive] [LinuxOnly] Should test that pv used in a pod that is deleted while the kubelet is down is usable by a new pod when kubelet returns [Feature:SELinux]" classname="Kubernetes e2e suite" status="skipped" time="0">
              <skipped message="skipped"></skipped>
          </testcase>
          <testcase name="[It] [sig-storage] In-tree Volumes [Driver: azure-file] [Testpattern: Dynamic PV (xfs)] [Slow] multiVolume [Slow] should access to two volumes with different volume mode and retain data across pod recreation on the same node" classname="Kubernetes e2e suite" status="skipped" time="0">
              <skipped message="skipped"></skipped>
          </testcase>
          <testcase name="[It] [sig-storage] In-tree Volumes [Driver: ceph] [Feature:Volumes] [Serial] [Testpattern: Dynamic PV (default fs)] subPath should support existing directory" classname="Kubernetes e2e suite" status="skipped" time="0">
              <skipped message="skipped"></skipped>
          </testcase>
          <testcase name="[It] [sig-autoscaling] [Feature:HPA] Horizontal pod autoscaling (scale resource: CPU) [Serial] [Slow] Deployment (Pod Resource) Should scale from 1 pod to 3 pods and then from 3 pods to 5 pods using Average Utilization for aggregation" classname="Kubernetes e2e suite" status="skipped" time="0">
              <skipped message="skipped"></skipped>
          </testcase>
          <testcase name="[It] [sig-storage] In-tree Volumes [Driver: azure-disk] [Testpattern: Pre-provisioned PV (filesystem volmode)] volumeMode should fail to use a volume in a pod with mismatched mode [Slow]" classname="Kubernetes e2e suite" status="skipped" time="0">
              <skipped message="skipped"></skipped>
          </testcase>
          <testcase name="[It] [sig-network] Netpol NetworkPolicy between server and client should enforce multiple, stacked policies with overlapping podSelectors [Feature:NetworkPolicy]" classname="Kubernetes e2e suite" status="skipped" time="0">
              <skipped message="skipped"></skipped>
          </testcase>
          <testcase name="[It] [sig-storage] In-tree Volumes [Driver: hostPathSymlink] [Testpattern: Dynamic PV (default fs)] subPath should fail if subpath directory is outside the volume [Slow] [LinuxOnly]" classname="Kubernetes e2e suite" status="skipped" time="0">
              <skipped message="skipped"></skipped>
          </testcase>
          <testcase name="[It] [sig-storage] In-tree Volumes [Driver: azure-file] [Testpattern: Pre-provisioned PV (filesystem volmode)] multiVolume [Slow] should access to two volumes with the same volume mode and retain data across pod recreation on different node" classname="Kubernetes e2e suite" status="skipped" time="0">
              <skipped message="skipped"></skipped>
          </testcase>
          <testcase name="[It] [sig-storage] In-tree Volumes [Driver: vsphere] [Testpattern: Dynamic PV (xfs)] [Slow] multiVolume [Slow] should access to two volumes with different volume mode and retain data across pod recreation on the same node" classname="Kubernetes e2e suite" status="skipped" time="0">
              <skipped message="skipped"></skipped>
          </testcase>
          <testcase name="[It] [sig-storage] In-tree Volumes [Driver: local] [LocalVolumeType: dir-bindmounted] [Testpattern: Dynamic PV (default fs)] fsgroupchangepolicy (OnRootMismatch)[LinuxOnly], pod created with an initial fsgroup, volume contents ownership changed via chgrp in first pod, new pod with different fsgroup applied to the volume contents" classname="Kubernetes e2e suite" status="skipped" time="0">
              <skipped message="skipped"></skipped>
          </testcase>
          <testcase name="[It] [sig-storage] CSI Volumes [Driver: pd.csi.storage.gke.io] [Serial] [Testpattern: Dynamic PV (ntfs)] [Feature:Windows] multiVolume [Slow] should access to two volumes with different volume mode and retain data across pod recreation on the same node" classname="Kubernetes e2e suite" status="skipped" time="0">
              <skipped message="skipped"></skipped>
          </testcase>
          <testcase name="[It] [sig-storage] In-tree Volumes [Driver: local] [LocalVolumeType: block] [Testpattern: Inline-volume (xfs)] [Slow] volumes should allow exec of files on the volume" classname="Kubernetes e2e suite" status="skipped" time="0">
              <skipped message="skipped"></skipped>
          </testcase>
          <testcase name="[It] [sig-storage] In-tree Volumes [Driver: ceph] [Feature:Volumes] [Serial] [Testpattern: Dynamic PV (default fs)] subPath should unmount if pod is force deleted while kubelet is down [Disruptive] [Slow] [LinuxOnly]" classname="Kubernetes e2e suite" status="skipped" time="0">
              <skipped message="skipped"></skipped>
          </testcase>
          <testcase name="[It] [sig-storage] HostPathType File [Slow] Should fail on mounting non-existent file &#39;does-not-exist-file&#39; when HostPathType is HostPathFile" classname="Kubernetes e2e suite" status="skipped" time="0">
              <skipped message="skipped"></skipped>
          </testcase>
          <testcase name="[It] [sig-storage] In-tree Volumes [Driver: azure-disk] [Testpattern: Pre-provisioned PV (ntfs)] [Feature:Windows] volumes should store data" classname="Kubernetes e2e suite" status="skipped" time="0">
              <skipped message="skipped"></skipped>
          </testcase>
          <testcase name="[It] [sig-storage] In-tree Volumes [Driver: local] [LocalVolumeType: gce-localssd-scsi-fs] [Serial] [Testpattern: Dynamic PV (ntfs)] [Feature:Windows] subPath should verify container cannot write to subpath readonly volumes [Slow]" classname="Kubernetes e2e suite" status="skipped" time="0">
              <skipped message="skipped"></skipped>
          </testcase>
          <testcase name="[It] [sig-storage] In-tree Volumes [Driver: vsphere] [Testpattern: Dynamic PV (default fs)] fsgroupchangepolicy (Always)[LinuxOnly], pod created with an initial fsgroup, volume contents ownership changed via chgrp in first pod, new pod with same fsgroup applied to the volume contents" classname="Kubernetes e2e suite" status="skipped" time="0">
              <skipped message="skipped"></skipped>
          </testcase>
          <testcase name="[It] [sig-storage] In-tree Volumes [Driver: hostPathSymlink] [Testpattern: Dynamic PV (xfs)] [Slow] multiVolume [Slow] should access to two volumes with different volume mode and retain data across pod recreation on the same node" classname="Kubernetes e2e suite" status="skipped" time="0">
              <skipped message="skipped"></skipped>
          </testcase>
          <testcase name="[It] [sig-storage] EmptyDir volumes should support (non-root,0644,tmpfs) [LinuxOnly] [NodeConformance] [Conformance]" classname="Kubernetes e2e suite" status="passed" time="4.101379236"></testcase>
          <testcase name="[It] [sig-windows] [Feature:Windows] Memory Limits [Serial] [Slow] Allocatable node memory should be equal to a calculated allocatable memory value" classname="Kubernetes e2e suite" status="skipped" time="0">
              <skipped message="skipped"></skipped>
          </testcase>
          <testcase name="[It] [sig-storage] In-tree Volumes [Driver: hostPath] [Testpattern: Dynamic PV (ext4)] multiVolume [Slow] should access to two volumes with the same volume mode and retain data across pod recreation on different node" classname="Kubernetes e2e suite" status="skipped" time="0">
              <skipped message="skipped"></skipped>
          </testcase>
          <testcase name="[It] [sig-network] DNS HostNetwork should resolve DNS of partial qualified names for services on hostNetwork pods with dnsPolicy: ClusterFirstWithHostNet [LinuxOnly]" classname="Kubernetes e2e suite" status="skipped" time="0">
              <skipped message="skipped"></skipped>
          </testcase>
          <testcase name="[It] [sig-storage] In-tree Volumes [Driver: iscsi] [Feature:Volumes] [Testpattern: Pre-provisioned PV (filesystem volmode)] multiVolume [Slow] should concurrently access the single read-only volume from pods on the same node" classname="Kubernetes e2e suite" status="skipped" time="0">
              <skipped message="skipped"></skipped>
          </testcase>
          <testcase name="[It] [sig-storage] In-tree Volumes [Driver: local] [LocalVolumeType: block] [Testpattern: Dynamic PV (default fs)] provisioning should provision storage with snapshot data source (ROX mode) [Feature:VolumeSnapshotDataSource]" classname="Kubernetes e2e suite" status="skipped" time="0">
              <skipped message="skipped"></skipped>
          </testcase>
          <testcase name="[It] [sig-storage] CSI Volumes [Driver: csi-hostpath] [Testpattern: Pre-provisioned PV (block volmode)] multiVolume [Slow] should concurrently access the single read-only volume from pods on the same node" classname="Kubernetes e2e suite" status="skipped" time="0">
              <skipped message="skipped"></skipped>
          </testcase>
          <testcase name="[It] [sig-node] InitContainer [NodeConformance] should invoke init containers on a RestartNever pod [Conformance]" classname="Kubernetes e2e suite" status="passed" time="4.086844699"></testcase>
          <testcase name="[It] [sig-storage] In-tree Volumes [Driver: local] [LocalVolumeType: gce-localssd-scsi-fs] [Serial] [Testpattern: Dynamic PV (block volmode)] multiVolume [Slow] should concurrently access the single volume from pods on different node" classname="Kubernetes e2e suite" status="skipped" time="0">
              <skipped message="skipped"></skipped>
          </testcase>
          <testcase name="[It] [sig-storage] In-tree Volumes [Driver: hostPath] [Testpattern: Inline-volume (default fs)] subPath should support restarting containers using directory as subpath [Slow]" classname="Kubernetes e2e suite" status="skipped" time="0">
              <skipped message="skipped"></skipped>
          </testcase>
          <testcase name="[It] [sig-storage] CSI Volumes [Driver: csi-hostpath] [Testpattern: Dynamic PV (ntfs)] [Feature:Windows] subPath should support existing single file [LinuxOnly]" classname="Kubernetes e2e suite" status="skipped" time="0">
              <skipped message="skipped"></skipped>
          </testcase>
          <testcase name="[It] [sig-storage] In-tree Volumes [Driver: aws] [Testpattern: Dynamic PV (default fs)(allowExpansion)] volume-expand should resize volume when PVC is edited while pod is using it" classname="Kubernetes e2e suite" status="skipped" time="0">
              <skipped message="skipped"></skipped>
          </testcase>
          <testcase name="[It] [sig-storage] In-tree Volumes [Driver: iscsi] [Feature:Volumes] [Testpattern: Inline-volume (default fs)] subPath should fail if non-existent subpath is outside the volume [Slow] [LinuxOnly]" classname="Kubernetes e2e suite" status="skipped" time="0">
              <skipped message="skipped"></skipped>
          </testcase>
          <testcase name="[It] [sig-storage] In-tree Volumes [Driver: emptydir] [Testpattern: Dynamic PV (ntfs)] [Feature:Windows] provisioning should provision storage with pvc data source in parallel [Slow]" classname="Kubernetes e2e suite" status="skipped" time="0">
              <skipped message="skipped"></skipped>
          </testcase>
          <testcase name="[It] [sig-storage] In-tree Volumes [Driver: emptydir] [Testpattern: Dynamic PV (xfs)] [Slow] volumes should allow exec of files on the volume" classname="Kubernetes e2e suite" status="skipped" time="0">
              <skipped message="skipped"></skipped>
          </testcase>
          <testcase name="[It] [sig-cloud-provider-gcp] HA-master [Feature:HAMaster] survive addition/removal replicas multizone workers [Serial] [Disruptive]" classname="Kubernetes e2e suite" status="skipped" time="0">
              <skipped message="skipped"></skipped>
          </testcase>
          <testcase name="[It] [sig-storage] In-tree Volumes [Driver: ceph] [Feature:Volumes] [Serial] [Testpattern: Dynamic PV (ntfs)] [Feature:Windows] multiVolume [Slow] should access to two volumes with different volume mode and retain data across pod recreation on different node" classname="Kubernetes e2e suite" status="skipped" time="0">
              <skipped message="skipped"></skipped>
          </testcase>
          <testcase name="[It] [sig-storage] In-tree Volumes [Driver: iscsi] [Feature:Volumes] [Testpattern: Dynamic PV (block volmode)] provisioning should provision storage with snapshot data source (ROX mode) [Feature:VolumeSnapshotDataSource]" classname="Kubernetes e2e suite" status="skipped" time="0">
              <skipped message="skipped"></skipped>
          </testcase>
          <testcase name="[It] [sig-storage] In-tree Volumes [Driver: iscsi] [Feature:Volumes] [Testpattern: Pre-provisioned PV (default fs)] subPath should unmount if pod is gracefully deleted while kubelet is down [Disruptive] [Slow] [LinuxOnly]" classname="Kubernetes e2e suite" status="skipped" time="0">
              <skipped message="skipped"></skipped>
          </testcase>
          <testcase name="[It] [sig-storage] In-tree Volumes [Driver: azure-disk] [Testpattern: Dynamic PV (ntfs)] [Feature:Windows] subPath should fail if subpath directory is outside the volume [Slow] [LinuxOnly]" classname="Kubernetes e2e suite" status="skipped" time="0">
              <skipped message="skipped"></skipped>
          </testcase>
          <testcase name="[It] [sig-network] Services should serve a basic endpoint from pods [Conformance]" classname="Kubernetes e2e suite" status="passed" time="11.626962471"></testcase>
          <testcase name="[It] [sig-autoscaling] [HPA] [Feature:CustomMetricsAutoscaling] Horizontal pod autoscaling (scale resource: Custom Metrics from Stackdriver) with Custom Metric of type Object from Stackdriver should scale down to 0" classname="Kubernetes e2e suite" status="skipped" time="0">
              <skipped message="skipped"></skipped>
          </testcase>
          <testcase name="[It] [sig-api-machinery] CustomResourceDefinition resources [Privileged:ClusterAdmin] Simple CustomResourceDefinition getting/updating/patching custom resource definition status sub-resource works [Conformance]" classname="Kubernetes e2e suite" status="passed" time="0.597435936"></testcase>
          <testcase name="[It] [sig-storage] In-tree Volumes [Driver: local] [LocalVolumeType: dir-link-bindmounted] [Testpattern: Dynamic PV (default fs)] volume-stress multiple pods should access different volumes repeatedly [Slow] [Serial]" classname="Kubernetes e2e suite" status="skipped" time="0">
              <skipped message="skipped"></skipped>
          </testcase>
          <testcase name="[It] [sig-storage] In-tree Volumes [Driver: local] [LocalVolumeType: block] [Testpattern: Dynamic PV (filesystem volmode)] volumeLimits should support volume limits [Serial]" classname="Kubernetes e2e suite" status="skipped" time="0">
              <skipped message="skipped"></skipped>
          </testcase>
          <testcase name="[It] [sig-storage] In-tree Volumes [Driver: rbd] [Feature:Volumes] [Serial] [Testpattern: Pre-provisioned PV (default fs)] subPath should fail if subpath directory is outside the volume [Slow] [LinuxOnly]" classname="Kubernetes e2e suite" status="skipped" time="0">
              <skipped message="skipped"></skipped>
          </testcase>
          <testcase name="[It] [sig-storage] CSI Volumes [Driver: pd.csi.storage.gke.io] [Serial] [Testpattern: Pre-provisioned Snapshot (delete policy)] snapshottable [Feature:VolumeSnapshotDataSource] volume snapshot controller  should check snapshot fields, check restore correctly works, check deletion (ephemeral)" classname="Kubernetes e2e suite" status="skipped" time="0">
              <skipped message="skipped"></skipped>
          </testcase>
          <testcase name="[It] [sig-storage] In-tree Volumes [Driver: local] [LocalVolumeType: dir-link] [Testpattern: Pre-provisioned PV (default fs)] subPath should be able to unmount after the subpath directory is deleted [LinuxOnly]" classname="Kubernetes e2e suite" status="skipped" time="0">
              <skipped message="skipped"></skipped>
          </testcase>
          <testcase name="[It] [sig-storage] In-tree Volumes [Driver: nfs] [Testpattern: Dynamic PV (ntfs)] [Feature:Windows] multiVolume [Slow] should concurrently access the volume and restored snapshot from pods on the same node [LinuxOnly] [Feature:VolumeSnapshotDataSource] [Feature:VolumeSourceXFS]" classname="Kubernetes e2e suite" status="skipped" time="0">
              <skipped message="skipped"></skipped>
          </testcase>
          <testcase name="[It] [sig-storage] In-tree Volumes [Driver: nfs] [Testpattern: Dynamic PV (immediate binding)] topology should provision a volume and schedule a pod with AllowedTopologies" classname="Kubernetes e2e suite" status="skipped" time="0">
              <skipped message="skipped"></skipped>
          </testcase>
          <testcase name="[It] [sig-storage] In-tree Volumes [Driver: local] [LocalVolumeType: dir-link] [Testpattern: Dynamic PV (filesystem volmode)] multiVolume [Slow] should access to two volumes with the same volume mode and retain data across pod recreation on different node" classname="Kubernetes e2e suite" status="skipped" time="0">
              <skipped message="skipped"></skipped>
          </testcase>
          <testcase name="[It] [sig-instrumentation] MetricsGrabber should grab all metrics slis from API server." classname="Kubernetes e2e suite" status="skipped" time="0">
              <skipped message="skipped"></skipped>
          </testcase>
          <testcase name="[It] [sig-storage] CSI Volumes [Driver: csi-hostpath] [Testpattern: Pre-provisioned PV (block volmode)] disruptive [Disruptive] [LinuxOnly] Should test that pv used in a pod that is force deleted while the kubelet is down cleans up when the kubelet returns." classname="Kubernetes e2e suite" status="skipped" time="0">
              <skipped message="skipped"></skipped>
          </testcase>
          <testcase name="[It] [sig-node] Downward API [Serial] [Disruptive] [NodeFeature:DownwardAPIHugePages] Downward API tests for hugepages should provide default limits.hugepages-&lt;pagesize&gt; from node allocatable" classname="Kubernetes e2e suite" status="skipped" time="0">
              <skipped message="skipped"></skipped>
          </testcase>
          <testcase name="[It] [sig-storage] In-tree Volumes [Driver: rbd] [Feature:Volumes] [Serial] [Testpattern: Generic Ephemeral-volume (block volmode) (late-binding)] ephemeral should support expansion of pvcs created for ephemeral pvcs" classname="Kubernetes e2e suite" status="skipped" time="0">
              <skipped message="skipped"></skipped>
          </testcase>
          <testcase name="[It] [sig-storage] In-tree Volumes [Driver: local] [LocalVolumeType: tmpfs] [Testpattern: Dynamic PV (block volmode)(allowExpansion)] volume-expand Verify if offline PVC expansion works" classname="Kubernetes e2e suite" status="skipped" time="0">
              <skipped message="skipped"></skipped>
          </testcase>
          <testcase name="[It] [sig-storage] In-tree Volumes [Driver: local] [LocalVolumeType: dir-link] [Testpattern: Dynamic PV (ntfs)] [Feature:Windows] provisioning should provision correct filesystem size when restoring snapshot to larger size pvc [Feature:VolumeSnapshotDataSource]" classname="Kubernetes e2e suite" status="skipped" time="0">
              <skipped message="skipped"></skipped>
          </testcase>
          <testcase name="[It] [sig-storage] In-tree Volumes [Driver: azure-disk] [Testpattern: Dynamic PV (ntfs)] [Feature:Windows] subPath should support readOnly directory specified in the volumeMount" classname="Kubernetes e2e suite" status="skipped" time="0">
              <skipped message="skipped"></skipped>
          </testcase>
          <testcase name="[It] [sig-apps] stateful Upgrade [Feature:StatefulUpgrade] stateful upgrade should maintain a functioning cluster" classname="Kubernetes e2e suite" status="skipped" time="0">
              <skipped message="skipped"></skipped>
          </testcase>
          <testcase name="[It] [sig-storage] CSI Volumes [Driver: pd.csi.storage.gke.io] [Serial] [Testpattern: Pre-provisioned PV (default fs)] subPath should support readOnly directory specified in the volumeMount" classname="Kubernetes e2e suite" status="skipped" time="0">
              <skipped message="skipped"></skipped>
          </testcase>
          <testcase name="[It] [sig-storage] In-tree Volumes [Driver: local] [LocalVolumeType: blockfs] [Testpattern: Dynamic PV (ntfs)] [Feature:Windows] subPath should support file as subpath [LinuxOnly]" classname="Kubernetes e2e suite" status="skipped" time="0">
              <skipped message="skipped"></skipped>
          </testcase>
          <testcase name="[It] [sig-cli] Kubectl logs default container logs the second container is the default-container by annotation should log default container if not specified" classname="Kubernetes e2e suite" status="skipped" time="0">
              <skipped message="skipped"></skipped>
          </testcase>
          <testcase name="[It] [sig-api-machinery] AdmissionWebhook [Privileged:ClusterAdmin] should be able to deny attaching pod [Conformance]" classname="Kubernetes e2e suite" status="passed" time="5.759287092"></testcase>
          <testcase name="[It] [sig-storage] In-tree Volumes [Driver: aws] [Testpattern: Dynamic PV (ntfs)] [Feature:Windows] multiVolume [Slow] should access to two volumes with the same volume mode and retain data across pod recreation on the same node" classname="Kubernetes e2e suite" status="skipped" time="0">
              <skipped message="skipped"></skipped>
          </testcase>
          <testcase name="[It] [sig-storage] In-tree Volumes [Driver: ceph] [Feature:Volumes] [Serial] [Testpattern: Pre-provisioned PV (filesystem volmode)] multiVolume [Slow] should access to two volumes with the same volume mode and retain data across pod recreation on different node" classname="Kubernetes e2e suite" status="skipped" time="0">
              <skipped message="skipped"></skipped>
          </testcase>
          <testcase name="[It] [sig-storage] In-tree Volumes [Driver: local] [LocalVolumeType: block] [Testpattern: Dynamic PV (xfs)] [Slow] multiVolume [Slow] should concurrently access the single volume from pods on different node" classname="Kubernetes e2e suite" status="skipped" time="0">
              <skipped message="skipped"></skipped>
          </testcase>
          <testcase name="[It] [sig-storage] CSI Volumes [Driver: csi-hostpath] [Testpattern: Dynamic PV (default fs)] subPath should support restarting containers using file as subpath [Slow] [LinuxOnly]" classname="Kubernetes e2e suite" status="skipped" time="0">
              <skipped message="skipped"></skipped>
          </testcase>
          <testcase name="[It] [sig-storage] CSI Volumes [Driver: csi-hostpath] [Testpattern: Pre-provisioned PV (filesystem volmode)] multiVolume [Slow] should concurrently access the single volume from pods on different node" classname="Kubernetes e2e suite" status="skipped" time="0">
              <skipped message="skipped"></skipped>
          </testcase>
          <testcase name="[It] [sig-storage] In-tree Volumes [Driver: emptydir] [Testpattern: Pre-provisioned PV (filesystem volmode)] disruptive [Disruptive] [LinuxOnly] Should test that pv used in a pod that is deleted while the kubelet is down is usable by a new pod when kubelet returns [Feature:SELinux]" classname="Kubernetes e2e suite" status="skipped" time="0">
              <skipped message="skipped"></skipped>
          </testcase>
          <testcase name="[It] [sig-storage] In-tree Volumes [Driver: iscsi] [Feature:Volumes] [Testpattern: Dynamic PV (default fs)] capacity provides storage capacity information" classname="Kubernetes e2e suite" status="skipped" time="0">
              <skipped message="skipped"></skipped>
          </testcase>
          <testcase name="[It] [sig-storage] In-tree Volumes [Driver: local] [LocalVolumeType: gce-localssd-scsi-fs] [Serial] [Testpattern: Dynamic PV (default fs)] volume-expand should not allow expansion of pvcs without AllowVolumeExpansion property" classname="Kubernetes e2e suite" status="skipped" time="0">
              <skipped message="skipped"></skipped>
          </testcase>
          <testcase name="[It] [sig-api-machinery] Garbage collector should delete jobs and pods created by cronjob" classname="Kubernetes e2e suite" status="skipped" time="0">
              <skipped message="skipped"></skipped>
          </testcase>
          <testcase name="[It] [sig-storage] In-tree Volumes [Driver: local] [LocalVolumeType: block] [Testpattern: Pre-provisioned PV (block volmode)] multiVolume [Slow] should concurrently access the volume and its clone from pods on the same node [LinuxOnly] [Feature:VolumeSourceXFS]" classname="Kubernetes e2e suite" status="skipped" time="0">
              <skipped message="skipped"></skipped>
          </testcase>
          <testcase name="[It] [sig-storage] In-tree Volumes [Driver: ceph] [Feature:Volumes] [Serial] [Testpattern: Inline-volume (default fs)] subPath should support existing directory" classname="Kubernetes e2e suite" status="skipped" time="0">
              <skipped message="skipped"></skipped>
          </testcase>
          <testcase name="[It] [sig-storage] In-tree Volumes [Driver: local] [LocalVolumeType: dir-link] [Testpattern: Inline-volume (default fs)] volumeIO should write files of various sizes, verify size, validate content [Slow]" classname="Kubernetes e2e suite" status="skipped" time="0">
              <skipped message="skipped"></skipped>
          </testcase>
          <testcase name="[It] [sig-storage] CSI Mock workload info CSI workload information using mock driver should be passed when podInfoOnMount=true" classname="Kubernetes e2e suite" status="skipped" time="0">
              <skipped message="skipped"></skipped>
          </testcase>
          <testcase name="[It] [sig-storage] In-tree Volumes [Driver: local] [LocalVolumeType: dir-bindmounted] [Testpattern: Dynamic PV (ntfs)] [Feature:Windows] provisioning should provision correct filesystem size when restoring snapshot to larger size pvc [Feature:VolumeSnapshotDataSource]" classname="Kubernetes e2e suite" status="skipped" time="0">
              <skipped message="skipped"></skipped>
          </testcase>
          <testcase name="[It] [sig-storage] In-tree Volumes [Driver: local] [LocalVolumeType: tmpfs] [Testpattern: Inline-volume (xfs)] [Slow] volumes should allow exec of files on the volume" classname="Kubernetes e2e suite" status="skipped" time="0">
              <skipped message="skipped"></skipped>
          </testcase>
          <testcase name="[It] [sig-node] Container Runtime blackbox test when starting a container that exits should run with the expected status [NodeConformance] [Conformance]" classname="Kubernetes e2e suite" status="passed" time="19.306355661"></testcase>
          <testcase name="[It] [sig-node] [NodeAlphaFeature:SidecarContainers] [Feature:SidecarContainers] Restartable Init Container Lifecycle Hook when create a pod with lifecycle hook should execute poststart http hook properly" classname="Kubernetes e2e suite" status="skipped" time="0">
              <skipped message="skipped"></skipped>
          </testcase>
          <testcase name="[It] [sig-storage] In-tree Volumes [Driver: hostPath] [Testpattern: Pre-provisioned PV (block volmode)] multiVolume [Slow] should access to two volumes with the same volume mode and retain data across pod recreation on the same node" classname="Kubernetes e2e suite" status="skipped" time="0">
              <skipped message="skipped"></skipped>
          </testcase>
          <testcase name="[It] [sig-storage] CSI Volumes [Driver: csi-hostpath] [Testpattern: Pre-provisioned PV (filesystem volmode)] multiVolume [Slow] should concurrently access the single volume from pods on the same node" classname="Kubernetes e2e suite" status="skipped" time="0">
              <skipped message="skipped"></skipped>
          </testcase>
          <testcase name="[It] [sig-storage] In-tree Volumes [Driver: vsphere] [Testpattern: Dynamic PV (filesystem volmode)] volumeMode should not mount / map unused volumes in a pod [LinuxOnly]" classname="Kubernetes e2e suite" status="skipped" time="0">
              <skipped message="skipped"></skipped>
          </testcase>
          <testcase name="[It] [sig-storage] In-tree Volumes [Driver: azure-file] [Testpattern: Dynamic PV (ntfs)] [Feature:Windows] multiVolume [Slow] should concurrently access the single volume from pods on different node" classname="Kubernetes e2e suite" status="skipped" time="0">
              <skipped message="skipped"></skipped>
          </testcase>
          <testcase name="[It] [sig-storage] In-tree Volumes [Driver: local] [LocalVolumeType: dir] [Testpattern: Dynamic PV (ntfs)] [Feature:Windows] subPath should unmount if pod is force deleted while kubelet is down [Disruptive] [Slow] [LinuxOnly]" classname="Kubernetes e2e suite" status="skipped" time="0">
              <skipped message="skipped"></skipped>
          </testcase>
          <testcase name="[It] [sig-storage] In-tree Volumes [Driver: hostPath] [Testpattern: Dynamic PV (ext4)] volumes should allow exec of files on the volume" classname="Kubernetes e2e suite" status="skipped" time="0">
              <skipped message="skipped"></skipped>
          </testcase>
          <testcase name="[It] [sig-storage] In-tree Volumes [Driver: local] [LocalVolumeType: tmpfs] [Testpattern: Dynamic PV (ext4)] multiVolume [Slow] should access to two volumes with the same volume mode and retain data across pod recreation on different node" classname="Kubernetes e2e suite" status="skipped" time="0">
              <skipped message="skipped"></skipped>
          </testcase>
          <testcase name="[It] [sig-storage] In-tree Volumes [Driver: iscsi] [Feature:Volumes] [Testpattern: Pre-provisioned PV (block volmode)] volumeMode should fail to use a volume in a pod with mismatched mode [Slow]" classname="Kubernetes e2e suite" status="skipped" time="0">
              <skipped message="skipped"></skipped>
          </testcase>
          <testcase name="[It] [sig-storage] In-tree Volumes [Driver: azure-disk] [Testpattern: Dynamic PV (default fs)] provisioning should provision storage with pvc data source (ROX mode)" classname="Kubernetes e2e suite" status="skipped" time="0">
              <skipped message="skipped"></skipped>
          </testcase>
          <testcase name="[It] [sig-storage] In-tree Volumes [Driver: local] [LocalVolumeType: tmpfs] [Testpattern: Dynamic PV (ext4)] multiVolume [Slow] should access to two volumes with the same volume mode and retain data across pod recreation on the same node" classname="Kubernetes e2e suite" status="skipped" time="0">
              <skipped message="skipped"></skipped>
          </testcase>
          <testcase name="[It] [sig-storage] In-tree Volumes [Driver: local] [LocalVolumeType: dir-link-bindmounted] [Testpattern: Pre-provisioned PV (default fs)] subPath should fail if subpath file is outside the volume [Slow] [LinuxOnly]" classname="Kubernetes e2e suite" status="skipped" time="0">
              <skipped message="skipped"></skipped>
          </testcase>
          <testcase name="[It] [sig-storage] In-tree Volumes [Driver: local] [LocalVolumeType: dir-link-bindmounted] [Testpattern: Dynamic PV (block volmode)] volumeMode should not mount / map unused volumes in a pod [LinuxOnly]" classname="Kubernetes e2e suite" status="skipped" time="0">
              <skipped message="skipped"></skipped>
          </testcase>
          <testcase name="[It] [sig-storage] In-tree Volumes [Driver: ceph] [Feature:Volumes] [Serial] [Testpattern: Dynamic PV (default fs)] subPath should verify container cannot write to subpath readonly volumes [Slow]" classname="Kubernetes e2e suite" status="skipped" time="0">
              <skipped message="skipped"></skipped>
          </testcase>
          <testcase name="[It] [sig-storage] In-tree Volumes [Driver: nfs] [Testpattern: Dynamic PV (default fs)] subPath should unmount if pod is force deleted while kubelet is down [Disruptive] [Slow] [LinuxOnly]" classname="Kubernetes e2e suite" status="skipped" time="0">
              <skipped message="skipped"></skipped>
          </testcase>
          <testcase name="[It] [sig-storage] In-tree Volumes [Driver: local] [LocalVolumeType: gce-localssd-scsi-fs] [Serial] [Testpattern: Dynamic PV (block volmode)] volume-stress multiple pods should access different volumes repeatedly [Slow] [Serial]" classname="Kubernetes e2e suite" status="skipped" time="0">
              <skipped message="skipped"></skipped>
          </testcase>
          <testcase name="[It] [sig-storage] In-tree Volumes [Driver: local] [LocalVolumeType: block] [Testpattern: Dynamic PV (ntfs)] [Feature:Windows] subPath should fail if subpath directory is outside the volume [Slow] [LinuxOnly]" classname="Kubernetes e2e suite" status="skipped" time="0">
              <skipped message="skipped"></skipped>
          </testcase>
          <testcase name="[It] [sig-storage] In-tree Volumes [Driver: cinder] [Testpattern: Pre-provisioned PV (ext4)] volumes should store data" classname="Kubernetes e2e suite" status="skipped" time="0">
              <skipped message="skipped"></skipped>
          </testcase>
          <testcase name="[It] [sig-storage] CSI Volumes [Driver: pd.csi.storage.gke.io] [Serial] [Testpattern: Pre-provisioned PV (default fs)] subPath should support existing directory" classname="Kubernetes e2e suite" status="skipped" time="0">
              <skipped message="skipped"></skipped>
          </testcase>
          <testcase name="[It] [sig-storage] In-tree Volumes [Driver: vsphere] [Testpattern: Dynamic PV (ntfs)] [Feature:Windows] multiVolume [Slow] should concurrently access the volume and restored snapshot from pods on the same node [LinuxOnly] [Feature:VolumeSnapshotDataSource] [Feature:VolumeSourceXFS]" classname="Kubernetes e2e suite" status="skipped" time="0">
              <skipped message="skipped"></skipped>
          </testcase>
          <testcase name="[It] [sig-storage] In-tree Volumes [Driver: rbd] [Feature:Volumes] [Serial] [Testpattern: Dynamic PV (delayed binding)] topology should fail to schedule a pod which has topologies that conflict with AllowedTopologies" classname="Kubernetes e2e suite" status="skipped" time="0">
              <skipped message="skipped"></skipped>
          </testcase>
          <testcase name="[It] [sig-storage] In-tree Volumes [Driver: ceph] [Feature:Volumes] [Serial] [Testpattern: Inline-volume (default fs)] subPath should fail if non-existent subpath is outside the volume [Slow] [LinuxOnly]" classname="Kubernetes e2e suite" status="skipped" time="0">
              <skipped message="skipped"></skipped>
          </testcase>
          <testcase name="[It] [sig-storage] In-tree Volumes [Driver: local] [LocalVolumeType: dir-link-bindmounted] [Testpattern: Pre-provisioned PV (block volmode)] multiVolume [Slow] should concurrently access the single volume from pods on different node" classname="Kubernetes e2e suite" status="skipped" time="0">
              <skipped message="skipped"></skipped>
          </testcase>
          <testcase name="[It] [sig-storage] In-tree Volumes [Driver: vsphere] [Testpattern: Dynamic PV (ntfs)] [Feature:Windows] volumes should allow exec of files on the volume" classname="Kubernetes e2e suite" status="skipped" time="0">
              <skipped message="skipped"></skipped>
          </testcase>
          <testcase name="[It] [sig-storage] In-tree Volumes [Driver: azure-disk] [Testpattern: Dynamic PV (default fs)] provisioning should provision storage with snapshot data source [Feature:VolumeSnapshotDataSource]" classname="Kubernetes e2e suite" status="skipped" time="0">
              <skipped message="skipped"></skipped>
          </testcase>
          <testcase name="[It] [sig-storage] In-tree Volumes [Driver: nfs] [Testpattern: Dynamic PV (block volmode)] provisioning should provision storage with any volume data source [Serial]" classname="Kubernetes e2e suite" status="skipped" time="0">
              <skipped message="skipped"></skipped>
          </testcase>
          <testcase name="[It] [sig-storage] In-tree Volumes [Driver: local] [LocalVolumeType: block] [Testpattern: Pre-provisioned PV (xfs)] [Slow] volumes should allow exec of files on the volume" classname="Kubernetes e2e suite" status="skipped" time="0">
              <skipped message="skipped"></skipped>
          </testcase>
          <testcase name="[It] [sig-storage] In-tree Volumes [Driver: local] [LocalVolumeType: dir-link] [Testpattern: Dynamic PV (default fs)] fsgroupchangepolicy (Always)[LinuxOnly], pod created with an initial fsgroup, new pod fsgroup applied to volume contents" classname="Kubernetes e2e suite" status="skipped" time="0">
              <skipped message="skipped"></skipped>
          </testcase>
          <testcase name="[It] [sig-storage] In-tree Volumes [Driver: local] [LocalVolumeType: blockfs] [Testpattern: Dynamic PV (default fs)] subPath should verify container cannot write to subpath readonly volumes [Slow]" classname="Kubernetes e2e suite" status="skipped" time="0">
              <skipped message="skipped"></skipped>
          </testcase>
          <testcase name="[It] [sig-storage] In-tree Volumes [Driver: ceph] [Feature:Volumes] [Serial] [Testpattern: Dynamic PV (ntfs)] [Feature:Windows] volumeIO should write files of various sizes, verify size, validate content [Slow]" classname="Kubernetes e2e suite" status="skipped" time="0">
              <skipped message="skipped"></skipped>
          </testcase>
          <testcase name="[It] [sig-storage] CSI Volumes [Driver: pd.csi.storage.gke.io] [Serial] [Testpattern: Dynamic PV (default fs)] subPath should support readOnly directory specified in the volumeMount" classname="Kubernetes e2e suite" status="skipped" time="0">
              <skipped message="skipped"></skipped>
          </testcase>
          <testcase name="[It] [sig-storage] In-tree Volumes [Driver: ceph] [Feature:Volumes] [Serial] [Testpattern: Pre-provisioned PV (block volmode)] disruptive [Disruptive] [LinuxOnly] Should test that pv used in a pod that is force deleted while the kubelet is down cleans up when the kubelet returns." classname="Kubernetes e2e suite" status="skipped" time="0">
              <skipped message="skipped"></skipped>
          </testcase>
          <testcase name="[It] [sig-storage] In-tree Volumes [Driver: iscsi] [Feature:Volumes] [Testpattern: Dynamic PV (default fs)] subPath should unmount if pod is force deleted while kubelet is down [Disruptive] [Slow] [LinuxOnly]" classname="Kubernetes e2e suite" status="skipped" time="0">
              <skipped message="skipped"></skipped>
          </testcase>
          <testcase name="[It] [sig-storage] In-tree Volumes [Driver: emptydir] [Testpattern: Dynamic PV (default fs)] subPath should verify container cannot write to subpath readonly volumes [Slow]" classname="Kubernetes e2e suite" status="skipped" time="0">
              <skipped message="skipped"></skipped>
          </testcase>
          <testcase name="[It] [sig-storage] PersistentVolumes GCEPD [Feature:StorageProvider] should test that deleting the PV before the pod does not cause pod deletion to fail on PD detach" classname="Kubernetes e2e suite" status="skipped" time="0">
              <skipped message="skipped"></skipped>
          </testcase>
          <testcase name="[It] [sig-storage] In-tree Volumes [Driver: cinder] [Testpattern: Inline-volume (default fs)] subPath should support readOnly directory specified in the volumeMount" classname="Kubernetes e2e suite" status="skipped" time="0">
              <skipped message="skipped"></skipped>
          </testcase>
          <testcase name="[It] [sig-storage] In-tree Volumes [Driver: ceph] [Feature:Volumes] [Serial] [Testpattern: Dynamic PV (default fs)] provisioning should provision storage with pvc data source" classname="Kubernetes e2e suite" status="skipped" time="0">
              <skipped message="skipped"></skipped>
          </testcase>
          <testcase name="[It] [sig-storage] In-tree Volumes [Driver: local] [LocalVolumeType: dir-bindmounted] [Testpattern: Dynamic PV (ntfs)] [Feature:Windows] subPath should support restarting containers using directory as subpath [Slow]" classname="Kubernetes e2e suite" status="skipped" time="0">
              <skipped message="skipped"></skipped>
          </testcase>
          <testcase name="[It] [sig-storage] In-tree Volumes [Driver: local] [LocalVolumeType: gce-localssd-scsi-fs] [Serial] [Testpattern: Dynamic PV (ntfs)] [Feature:Windows] provisioning should provision storage with mount options" classname="Kubernetes e2e suite" status="skipped" time="0">
              <skipped message="skipped"></skipped>
          </testcase>
          <testcase name="[It] [sig-storage] In-tree Volumes [Driver: ceph] [Feature:Volumes] [Serial] [Testpattern: Inline-volume (default fs)] volumes should store data" classname="Kubernetes e2e suite" status="skipped" time="0">
              <skipped message="skipped"></skipped>
          </testcase>
          <testcase name="[It] [sig-storage] In-tree Volumes [Driver: hostPathSymlink] [Testpattern: Generic Ephemeral-volume (default fs) (immediate-binding)] ephemeral should support expansion of pvcs created for ephemeral pvcs" classname="Kubernetes e2e suite" status="skipped" time="0">
              <skipped message="skipped"></skipped>
          </testcase>
          <testcase name="[It] [sig-api-machinery] CustomResourceConversionWebhook [Privileged:ClusterAdmin] should be able to convert a non homogeneous list of CRs [Conformance]" classname="Kubernetes e2e suite" status="passed" time="6.876258536"></testcase>
          <testcase name="[It] [sig-storage] In-tree Volumes [Driver: vsphere] [Testpattern: Dynamic PV (ntfs)] [Feature:Windows] multiVolume [Slow] should concurrently access the single volume from pods on different node" classname="Kubernetes e2e suite" status="skipped" time="0">
              <skipped message="skipped"></skipped>
          </testcase>
          <testcase name="[It] [sig-storage] In-tree Volumes [Driver: emptydir] [Testpattern: Dynamic PV (ext4)] multiVolume [Slow] should access to two volumes with different volume mode and retain data across pod recreation on the same node" classname="Kubernetes e2e suite" status="skipped" time="0">
              <skipped message="skipped"></skipped>
          </testcase>
          <testcase name="[It] [sig-storage] In-tree Volumes [Driver: local] [LocalVolumeType: blockfs] [Testpattern: Dynamic PV (ext4)] volumes should allow exec of files on the volume" classname="Kubernetes e2e suite" status="skipped" time="0">
              <skipped message="skipped"></skipped>
          </testcase>
          <testcase name="[It] [sig-storage] In-tree Volumes [Driver: local] [LocalVolumeType: dir-link-bindmounted] [Testpattern: Dynamic PV (default fs)] provisioning should mount multiple PV pointing to the same storage on the same node" classname="Kubernetes e2e suite" status="skipped" time="0">
              <skipped message="skipped"></skipped>
          </testcase>
          <testcase name="[It] [sig-api-machinery] CustomResourcePublishOpenAPI [Privileged:ClusterAdmin] works for multiple CRDs of same group but different versions [Conformance]" classname="Kubernetes e2e suite" status="passed" time="12.137547282"></testcase>
          <testcase name="[It] [sig-storage] In-tree Volumes [Driver: nfs] [Testpattern: Dynamic PV (ext4)] multiVolume [Slow] should concurrently access the volume and restored snapshot from pods on the same node [LinuxOnly] [Feature:VolumeSnapshotDataSource] [Feature:VolumeSourceXFS]" classname="Kubernetes e2e suite" status="skipped" time="0">
              <skipped message="skipped"></skipped>
          </testcase>
          <testcase name="[It] [sig-storage] In-tree Volumes [Driver: local] [LocalVolumeType: gce-localssd-scsi-fs] [Serial] [Testpattern: Pre-provisioned PV (block volmode)] volumeMode should not mount / map unused volumes in a pod [LinuxOnly]" classname="Kubernetes e2e suite" status="skipped" time="0">
              <skipped message="skipped"></skipped>
          </testcase>
          <testcase name="[It] [sig-storage] In-tree Volumes [Driver: aws] [Testpattern: Dynamic PV (default fs)] provisioning should provision storage with pvc data source (ROX mode)" classname="Kubernetes e2e suite" status="skipped" time="0">
              <skipped message="skipped"></skipped>
          </testcase>
          <testcase name="[It] [sig-api-machinery] ValidatingAdmissionPolicy [Privileged:ClusterAdmin] [FeatureGate:ValidatingAdmissionPolicy] [Beta] should type check a CRD" classname="Kubernetes e2e suite" status="skipped" time="0">
              <skipped message="skipped"></skipped>
          </testcase>
          <testcase name="[It] [sig-storage] In-tree Volumes [Driver: aws] [Testpattern: Pre-provisioned PV (block volmode)] multiVolume [Slow] should access to two volumes with different volume mode and retain data across pod recreation on different node" classname="Kubernetes e2e suite" status="skipped" time="0">
              <skipped message="skipped"></skipped>
          </testcase>
          <testcase name="[It] [sig-storage] In-tree Volumes [Driver: vsphere] [Testpattern: Dynamic PV (ext4)] multiVolume [Slow] should access to two volumes with the same volume mode and retain data across pod recreation on the same node" classname="Kubernetes e2e suite" status="skipped" time="0">
              <skipped message="skipped"></skipped>
          </testcase>
          <testcase name="[It] [sig-storage] In-tree Volumes [Driver: azure-disk] [Testpattern: Dynamic PV (default fs)] fsgroupchangepolicy (Always)[LinuxOnly], pod created with an initial fsgroup, volume contents ownership changed via chgrp in first pod, new pod with same fsgroup applied to the volume contents" classname="Kubernetes e2e suite" status="skipped" time="0">
              <skipped message="skipped"></skipped>
          </testcase>
          <testcase name="[It] [sig-storage] In-tree Volumes [Driver: ceph] [Feature:Volumes] [Serial] [Testpattern: Dynamic PV (ext4)] multiVolume [Slow] should access to two volumes with different volume mode and retain data across pod recreation on the same node" classname="Kubernetes e2e suite" status="skipped" time="0">
              <skipped message="skipped"></skipped>
          </testcase>
          <testcase name="[It] [sig-storage] In-tree Volumes [Driver: vsphere] [Testpattern: Pre-provisioned PV (filesystem volmode)] disruptive [Disruptive] [LinuxOnly] Should test that pv used in a pod that is force deleted while the kubelet is down is usable by a new pod when kubelet returns [Feature:SELinux]" classname="Kubernetes e2e suite" status="skipped" time="0">
              <skipped message="skipped"></skipped>
          </testcase>
          <testcase name="[It] [sig-storage] In-tree Volumes [Driver: local] [LocalVolumeType: dir-bindmounted] [Testpattern: Pre-provisioned PV (filesystem volmode)] multiVolume [Slow] should concurrently access the volume and restored snapshot from pods on the same node [LinuxOnly] [Feature:VolumeSnapshotDataSource] [Feature:VolumeSourceXFS]" classname="Kubernetes e2e suite" status="skipped" time="0">
              <skipped message="skipped"></skipped>
          </testcase>
          <testcase name="[It] [sig-storage] In-tree Volumes [Driver: local] [LocalVolumeType: block] [Testpattern: Pre-provisioned PV (block volmode)] volumes should store data" classname="Kubernetes e2e suite" status="skipped" time="0">
              <skipped message="skipped"></skipped>
          </testcase>
          <testcase name="[It] [sig-storage] In-tree Volumes [Driver: aws] [Testpattern: Dynamic PV (ntfs)] [Feature:Windows] provisioning should provision correct filesystem size when restoring snapshot to larger size pvc [Feature:VolumeSnapshotDataSource]" classname="Kubernetes e2e suite" status="skipped" time="0">
              <skipped message="skipped"></skipped>
          </testcase>
          <testcase name="[It] [sig-storage] In-tree Volumes [Driver: local] [LocalVolumeType: tmpfs] [Testpattern: Dynamic PV (ext4)] multiVolume [Slow] should concurrently access the volume and restored snapshot from pods on the same node [LinuxOnly] [Feature:VolumeSnapshotDataSource] [Feature:VolumeSourceXFS]" classname="Kubernetes e2e suite" status="skipped" time="0">
              <skipped message="skipped"></skipped>
          </testcase>
          <testcase name="[It] [sig-storage] In-tree Volumes [Driver: vsphere] [Testpattern: Dynamic PV (block volmode)] volumes should store data" classname="Kubernetes e2e suite" status="skipped" time="0">
              <skipped message="skipped"></skipped>
          </testcase>
          <testcase name="[It] [sig-storage] In-tree Volumes [Driver: local] [LocalVolumeType: dir-bindmounted] [Testpattern: Dynamic PV (default fs)] subPath should support restarting containers using file as subpath [Slow] [LinuxOnly]" classname="Kubernetes e2e suite" status="skipped" time="0">
              <skipped message="skipped"></skipped>
          </testcase>
          <testcase name="[It] [sig-storage] In-tree Volumes [Driver: local] [LocalVolumeType: tmpfs] [Testpattern: Dynamic PV (ntfs)] [Feature:Windows] provisioning should provision storage with mount options" classname="Kubernetes e2e suite" status="skipped" time="0">
              <skipped message="skipped"></skipped>
          </testcase>
          <testcase name="[It] [sig-storage] In-tree Volumes [Driver: local] [LocalVolumeType: block] [Testpattern: Pre-provisioned PV (default fs)] subPath should unmount if pod is force deleted while kubelet is down [Disruptive] [Slow] [LinuxOnly]" classname="Kubernetes e2e suite" status="skipped" time="0">
              <skipped message="skipped"></skipped>
          </testcase>
          <testcase name="[It] [sig-storage] In-tree Volumes [Driver: nfs] [Testpattern: Pre-provisioned PV (filesystem volmode)] disruptive [Disruptive] [LinuxOnly] Should test that pv used in a pod that is force deleted while the kubelet is down is usable by a new pod when kubelet returns [Feature:SELinux]" classname="Kubernetes e2e suite" status="skipped" time="0">
              <skipped message="skipped"></skipped>
          </testcase>
          <testcase name="[It] [sig-storage] CSI Volumes [Driver: pd.csi.storage.gke.io] [Serial] [Testpattern: Dynamic PV (default fs)(allowExpansion)] volume-expand Verify if offline PVC expansion works" classname="Kubernetes e2e suite" status="skipped" time="0">
              <skipped message="skipped"></skipped>
          </testcase>
          <testcase name="[It] [sig-node] Downward API should provide pod name, namespace and IP address as env vars [NodeConformance] [Conformance]" classname="Kubernetes e2e suite" status="passed" time="4.094296525"></testcase>
          <testcase name="[It] [sig-node] Pod InPlace Resize Container [Feature:InPlacePodVerticalScaling] Burstable QoS pod, one container with cpu &amp; memory requests + limits - decrease CPU limits only" classname="Kubernetes e2e suite" status="skipped" time="0">
              <skipped message="skipped"></skipped>
          </testcase>
          <testcase name="[It] [sig-storage] In-tree Volumes [Driver: ceph] [Feature:Volumes] [Serial] [Testpattern: Pre-provisioned PV (default fs)] subPath should support readOnly file specified in the volumeMount [LinuxOnly]" classname="Kubernetes e2e suite" status="skipped" time="0">
              <skipped message="skipped"></skipped>
          </testcase>
          <testcase name="[It] [sig-storage] In-tree Volumes [Driver: ceph] [Feature:Volumes] [Serial] [Testpattern: Pre-provisioned PV (block volmode)] volumes should store data" classname="Kubernetes e2e suite" status="skipped" time="0">
              <skipped message="skipped"></skipped>
          </testcase>
          <testcase name="[It] [sig-storage] In-tree Volumes [Driver: azure-file] [Testpattern: Dynamic PV (default fs)] subPath should support restarting containers using directory as subpath [Slow]" classname="Kubernetes e2e suite" status="skipped" time="0">
              <skipped message="skipped"></skipped>
          </testcase>
          <testcase name="[It] [sig-storage] CSI Volumes [Driver: csi-hostpath] [Testpattern: Pre-provisioned PV (filesystem volmode)] multiVolume [Slow] should concurrently access the volume and restored snapshot from pods on the same node [LinuxOnly] [Feature:VolumeSnapshotDataSource] [Feature:VolumeSourceXFS]" classname="Kubernetes e2e suite" status="skipped" time="0">
              <skipped message="skipped"></skipped>
          </testcase>
          <testcase name="[It] [sig-storage] In-tree Volumes [Driver: rbd] [Feature:Volumes] [Serial] [Testpattern: Dynamic PV (block volmode)] provisioning should mount multiple PV pointing to the same storage on the same node" classname="Kubernetes e2e suite" status="skipped" time="0">
              <skipped message="skipped"></skipped>
          </testcase>
          <testcase name="[It] [sig-storage] In-tree Volumes [Driver: local] [LocalVolumeType: dir-bindmounted] [Testpattern: Dynamic PV (ntfs)] [Feature:Windows] multiVolume [Slow] should access to two volumes with different volume mode and retain data across pod recreation on the same node" classname="Kubernetes e2e suite" status="skipped" time="0">
              <skipped message="skipped"></skipped>
          </testcase>
          <testcase name="[It] [sig-storage] In-tree Volumes [Driver: iscsi] [Feature:Volumes] [Testpattern: Pre-provisioned PV (default fs)] volumes should store data" classname="Kubernetes e2e suite" status="skipped" time="0">
              <skipped message="skipped"></skipped>
          </testcase>
          <testcase name="[It] [sig-api-machinery] OpenAPIV3 should round trip OpenAPI V3 for all built-in group versions" classname="Kubernetes e2e suite" status="skipped" time="0">
              <skipped message="skipped"></skipped>
          </testcase>
          <testcase name="[It] [sig-storage] Volume Provisioning On Clustered Datastore [Feature:vsphere] verify dynamic provision with default parameter on clustered datastore" classname="Kubernetes e2e suite" status="skipped" time="0">
              <skipped message="skipped"></skipped>
          </testcase>
          <testcase name="[It] [sig-storage] In-tree Volumes [Driver: emptydir] [Testpattern: Pre-provisioned PV (filesystem volmode)] multiVolume [Slow] should access to two volumes with the same volume mode and retain data across pod recreation on different node" classname="Kubernetes e2e suite" status="skipped" time="0">
              <skipped message="skipped"></skipped>
          </testcase>
          <testcase name="[It] [sig-storage] In-tree Volumes [Driver: azure-file] [Testpattern: Dynamic PV (ntfs)] [Feature:Windows] provisioning should provision storage with pvc data source (ROX mode)" classname="Kubernetes e2e suite" status="skipped" time="0">
              <skipped message="skipped"></skipped>
          </testcase>
          <testcase name="[It] [sig-storage] In-tree Volumes [Driver: hostPath] [Testpattern: Pre-provisioned PV (default fs)] volumeIO should write files of various sizes, verify size, validate content [Slow]" classname="Kubernetes e2e suite" status="skipped" time="0">
              <skipped message="skipped"></skipped>
          </testcase>
          <testcase name="[It] [sig-storage] In-tree Volumes [Driver: local] [LocalVolumeType: blockfs] [Testpattern: Dynamic PV (xfs)] [Slow] multiVolume [Slow] should concurrently access the volume and its clone from pods on the same node [LinuxOnly] [Feature:VolumeSourceXFS]" classname="Kubernetes e2e suite" status="skipped" time="0">
              <skipped message="skipped"></skipped>
          </testcase>
          <testcase name="[It] [sig-storage] In-tree Volumes [Driver: nfs] [Testpattern: Inline-volume (ext4)] volumes should store data" classname="Kubernetes e2e suite" status="skipped" time="0">
              <skipped message="skipped"></skipped>
          </testcase>
          <testcase name="[It] [sig-storage] In-tree Volumes [Driver: vsphere] [Testpattern: Pre-provisioned PV (default fs)] volumes should store data" classname="Kubernetes e2e suite" status="skipped" time="0">
              <skipped message="skipped"></skipped>
          </testcase>
          <testcase name="[It] [sig-storage] CSI Volumes [Driver: csi-hostpath] [Testpattern: Dynamic PV (default fs)] subPath should support file as subpath [LinuxOnly]" classname="Kubernetes e2e suite" status="skipped" time="0">
              <skipped message="skipped"></skipped>
          </testcase>
          <testcase name="[It] [sig-storage] In-tree Volumes [Driver: cinder] [Testpattern: Pre-provisioned PV (default fs)] volumes should allow exec of files on the volume" classname="Kubernetes e2e suite" status="skipped" time="0">
              <skipped message="skipped"></skipped>
          </testcase>
          <testcase name="[It] [sig-storage] In-tree Volumes [Driver: local] [LocalVolumeType: dir-link-bindmounted] [Testpattern: Dynamic PV (delayed binding)] topology should provision a volume and schedule a pod with AllowedTopologies" classname="Kubernetes e2e suite" status="skipped" time="0">
              <skipped message="skipped"></skipped>
          </testcase>
          <testcase name="[It] [sig-storage] In-tree Volumes [Driver: local] [LocalVolumeType: dir-link] [Testpattern: Dynamic PV (ntfs)] [Feature:Windows] subPath should support creating multiple subpath from same volumes [Slow]" classname="Kubernetes e2e suite" status="skipped" time="0">
              <skipped message="skipped"></skipped>
          </testcase>
          <testcase name="[It] [sig-storage] CSI Volumes [Driver: pd.csi.storage.gke.io] [Serial] [Testpattern: Dynamic PV (ntfs)] [Feature:Windows] volume-expand should not allow expansion of pvcs without AllowVolumeExpansion property" classname="Kubernetes e2e suite" status="skipped" time="0">
              <skipped message="skipped"></skipped>
          </testcase>
          <testcase name="[It] [sig-storage] CSI Volumes [Driver: pd.csi.storage.gke.io] [Serial] [Testpattern: Dynamic PV (default fs)] capacity provides storage capacity information" classname="Kubernetes e2e suite" status="skipped" time="0">
              <skipped message="skipped"></skipped>
          </testcase>
          <testcase name="[It] [sig-storage] In-tree Volumes [Driver: hostPath] [Testpattern: Generic Ephemeral-volume (default fs) (late-binding)] ephemeral should create read-only inline ephemeral volume" classname="Kubernetes e2e suite" status="skipped" time="0">
              <skipped message="skipped"></skipped>
          </testcase>
          <testcase name="[It] [sig-storage] In-tree Volumes [Driver: local] [LocalVolumeType: dir-bindmounted] [Testpattern: Dynamic PV (filesystem volmode)] multiVolume [Slow] should access to two volumes with the same volume mode and retain data across pod recreation on different node" classname="Kubernetes e2e suite" status="skipped" time="0">
              <skipped message="skipped"></skipped>
          </testcase>
          <testcase name="[It] [sig-storage] CSI Volumes [Driver: pd.csi.storage.gke.io] [Serial] [Testpattern: Pre-provisioned PV (block volmode)] multiVolume [Slow] should access to two volumes with the same volume mode and retain data across pod recreation on different node" classname="Kubernetes e2e suite" status="skipped" time="0">
              <skipped message="skipped"></skipped>
          </testcase>
          <testcase name="[It] [sig-storage] In-tree Volumes [Driver: cinder] [Testpattern: Dynamic PV (filesystem volmode)] multiVolume [Slow] should access to two volumes with different volume mode and retain data across pod recreation on different node" classname="Kubernetes e2e suite" status="skipped" time="0">
              <skipped message="skipped"></skipped>
          </testcase>
          <testcase name="[It] [sig-storage] In-tree Volumes [Driver: vsphere] [Testpattern: Dynamic PV (block volmode)] volumeMode should not mount / map unused volumes in a pod [LinuxOnly]" classname="Kubernetes e2e suite" status="skipped" time="0">
              <skipped message="skipped"></skipped>
          </testcase>
          <testcase name="[It] [sig-node] Container Runtime blackbox test on terminated container should report termination message as empty when pod succeeds and TerminationMessagePolicy FallbackToLogsOnError is set [NodeConformance] [Conformance]" classname="Kubernetes e2e suite" status="passed" time="3.082346296"></testcase>
          <testcase name="[It] [sig-storage] In-tree Volumes [Driver: vsphere] [Testpattern: Inline-volume (ntfs)] [Feature:Windows] volumes should allow exec of files on the volume" classname="Kubernetes e2e suite" status="skipped" time="0">
              <skipped message="skipped"></skipped>
          </testcase>
          <testcase name="[It] [sig-storage] In-tree Volumes [Driver: local] [LocalVolumeType: blockfs] [Testpattern: Dynamic PV (ntfs)] [Feature:Windows] subPath should fail if subpath file is outside the volume [Slow] [LinuxOnly]" classname="Kubernetes e2e suite" status="skipped" time="0">
              <skipped message="skipped"></skipped>
          </testcase>
          <testcase name="[It] [sig-network] Proxy version v1 should proxy through a service and a pod [Conformance]" classname="Kubernetes e2e suite" status="passed" time="5.638933778"></testcase>
          <testcase name="[It] [sig-storage] In-tree Volumes [Driver: vsphere] [Testpattern: Dynamic PV (default fs)] subPath should verify container cannot write to subpath readonly volumes [Slow]" classname="Kubernetes e2e suite" status="skipped" time="0">
              <skipped message="skipped"></skipped>
          </testcase>
          <testcase name="[It] [sig-storage] In-tree Volumes [Driver: local] [LocalVolumeType: dir-link] [Testpattern: Dynamic PV (block volmode)] disruptive [Disruptive] [LinuxOnly] Should test that pv written before kubelet restart is readable after restart." classname="Kubernetes e2e suite" status="skipped" time="0">
              <skipped message="skipped"></skipped>
          </testcase>
          <testcase name="[It] [sig-storage] In-tree Volumes [Driver: azure-disk] [Testpattern: Dynamic PV (block volmode)] provisioning should mount multiple PV pointing to the same storage on the same node" classname="Kubernetes e2e suite" status="skipped" time="0">
              <skipped message="skipped"></skipped>
          </testcase>
          <testcase name="[It] [sig-storage] In-tree Volumes [Driver: hostPathSymlink] [Testpattern: Generic Ephemeral-volume (default fs)] volumeLimits should verify that all csinodes have volume limits" classname="Kubernetes e2e suite" status="skipped" time="0">
              <skipped message="skipped"></skipped>
          </testcase>
          <testcase name="[It] [sig-storage] In-tree Volumes [Driver: hostPathSymlink] [Testpattern: Pre-provisioned PV (filesystem volmode)] multiVolume [Slow] should concurrently access the volume and restored snapshot from pods on the same node [LinuxOnly] [Feature:VolumeSnapshotDataSource] [Feature:VolumeSourceXFS]" classname="Kubernetes e2e suite" status="skipped" time="0">
              <skipped message="skipped"></skipped>
          </testcase>
          <testcase name="[It] [sig-storage] In-tree Volumes [Driver: local] [LocalVolumeType: dir-bindmounted] [Testpattern: Dynamic PV (filesystem volmode)] volumeLimits should support volume limits [Serial]" classname="Kubernetes e2e suite" status="skipped" time="0">
              <skipped message="skipped"></skipped>
          </testcase>
          <testcase name="[It] [sig-storage] In-tree Volumes [Driver: local] [LocalVolumeType: tmpfs] [Testpattern: Dynamic PV (ntfs)] [Feature:Windows] subPath should fail if subpath with backstepping is outside the volume [Slow] [LinuxOnly]" classname="Kubernetes e2e suite" status="skipped" time="0">
              <skipped message="skipped"></skipped>
          </testcase>
          <testcase name="[It] [sig-api-machinery] Discovery should locate the groupVersion and a resource within each APIGroup [Conformance]" classname="Kubernetes e2e suite" status="passed" time="0.381055967"></testcase>
          <testcase name="[It] [sig-apps] DisruptionController should block an eviction until the PDB is updated to allow it [Conformance]" classname="Kubernetes e2e suite" status="passed" time="8.225457338"></testcase>
          <testcase name="[It] [sig-storage] In-tree Volumes [Driver: local] [LocalVolumeType: gce-localssd-scsi-fs] [Serial] [Testpattern: Dynamic PV (filesystem volmode)] multiVolume [Slow] should concurrently access the single volume from pods on the same node" classname="Kubernetes e2e suite" status="skipped" time="0">
              <skipped message="skipped"></skipped>
          </testcase>
          <testcase name="[It] [sig-storage] CSI Volumes [Driver: pd.csi.storage.gke.io] [Serial] [Testpattern: Inline-volume (default fs)] subPath should support readOnly directory specified in the volumeMount" classname="Kubernetes e2e suite" status="skipped" time="0">
              <skipped message="skipped"></skipped>
          </testcase>
          <testcase name="[It] [sig-storage] Secrets Should fail non-optional pod creation due to secret object does not exist [Slow]" classname="Kubernetes e2e suite" status="skipped" time="0">
              <skipped message="skipped"></skipped>
          </testcase>
          <testcase name="[It] [sig-storage] In-tree Volumes [Driver: aws] [Testpattern: Inline-volume (default fs)] subPath should support non-existent path" classname="Kubernetes e2e suite" status="skipped" time="0">
              <skipped message="skipped"></skipped>
          </testcase>
          <testcase name="[It] [sig-storage] In-tree Volumes [Driver: hostPath] [Testpattern: Generic Ephemeral-volume (default fs) (late-binding)] ephemeral should support multiple inline ephemeral volumes" classname="Kubernetes e2e suite" status="skipped" time="0">
              <skipped message="skipped"></skipped>
          </testcase>
          <testcase name="[It] [sig-storage] In-tree Volumes [Driver: vsphere] [Testpattern: Pre-provisioned PV (block volmode)] multiVolume [Slow] should access to two volumes with the same volume mode and retain data across pod recreation on the same node" classname="Kubernetes e2e suite" status="skipped" time="0">
              <skipped message="skipped"></skipped>
          </testcase>
          <testcase name="[It] [sig-network] Networking Granular Checks: Services should function for client IP based session affinity: http [LinuxOnly]" classname="Kubernetes e2e suite" status="skipped" time="0">
              <skipped message="skipped"></skipped>
          </testcase>
          <testcase name="[SynchronizedAfterSuite]" classname="Kubernetes e2e suite" status="passed" time="0.000115567"></testcase>
          <testcase name="[ReportAfterSuite] Kubernetes e2e suite report" classname="Kubernetes e2e suite" status="passed" time="9.493e-06"></testcase>
      </testsuite>
  </testsuites>