<?xml version="1.0" encoding="UTF-8"?>
  <testsuite tests="199" failures="1" time="5396.089437124">
      <testcase name="[sig-storage] PersistentVolumes:vsphere should test that deleting the PV before the pod does not cause pod deletion to fail on vspehre volume detach" classname="Kubernetes e2e suite" time="0">
          <skipped></skipped>
      </testcase>
      <testcase name="[sig-storage] In-tree Volumes [Driver: cinder] [Testpattern: Inline-volume (default fs)] subPath should support existing single file" classname="Kubernetes e2e suite" time="0">
          <skipped></skipped>
      </testcase>
      <testcase name="[sig-storage] PersistentVolumes-local  [Volume type: dir-link-bindmounted] One pod requesting one prebound PVC should be able to mount volume and read from pod1" classname="Kubernetes e2e suite" time="0">
          <skipped></skipped>
      </testcase>
      <testcase name="[sig-storage] CSI Volumes [Driver: pd.csi.storage.gke.io][Feature: gcePD-external] [Testpattern: Dynamic PV (default fs)] subPath should support creating multiple subpath from same volumes [Slow]" classname="Kubernetes e2e suite" time="0">
          <skipped></skipped>
      </testcase>
      <testcase name="[sig-storage] In-tree Volumes [Driver: aws] [Testpattern: Dynamic PV (filesystem volmode)] volumeMode should create sc, pod, pv, and pvc, read/write to the pv, and delete all created resources" classname="Kubernetes e2e suite" time="0">
          <skipped></skipped>
      </testcase>
      <testcase name="[sig-network] Networking Granular Checks: Services [Slow] should function for node-Service: udp" classname="Kubernetes e2e suite" time="0">
          <skipped></skipped>
      </testcase>
      <testcase name="[sig-storage] CSI Volumes [Driver: csi-hostpath-v0] [Testpattern: Dynamic PV (default fs)] subPath should support existing single file" classname="Kubernetes e2e suite" time="0">
          <skipped></skipped>
      </testcase>
      <testcase name="[sig-storage] Dynamic Provisioning DynamicProvisioner [Slow] should provision storage with different parameters" classname="Kubernetes e2e suite" time="0">
          <skipped></skipped>
      </testcase>
      <testcase name="[sig-storage] In-tree Volumes [Driver: emptydir] [Testpattern: Pre-provisioned PV (xfs)] volumes should be mountable" classname="Kubernetes e2e suite" time="0">
          <skipped></skipped>
      </testcase>
      <testcase name="[sig-storage] PersistentVolumes-local  [Volume type: dir-link-bindmounted] Set fsGroup for local volume should not set different fsGroups for two pods simultaneously" classname="Kubernetes e2e suite" time="0">
          <skipped></skipped>
      </testcase>
      <testcase name="[sig-network] Networking Granular Checks: Services [Slow] should update nodePort: udp [Slow]" classname="Kubernetes e2e suite" time="0">
          <skipped></skipped>
      </testcase>
      <testcase name="[k8s.io] [sig-node] Security Context [Feature:SecurityContext] should support container.SecurityContext.RunAsUser And container.SecurityContext.RunAsGroup [Feature:RunAsGroup]" classname="Kubernetes e2e suite" time="0">
          <skipped></skipped>
      </testcase>
      <testcase name="[sig-storage] In-tree Volumes [Driver: aws] [Testpattern: Pre-provisioned PV (filesystem volmode)] volumeMode should create sc, pod, pv, and pvc, read/write to the pv, and delete all created resources" classname="Kubernetes e2e suite" time="0">
          <skipped></skipped>
      </testcase>
      <testcase name="[sig-storage] In-tree Volumes [Driver: rbd][Feature:Volumes] [Testpattern: Dynamic PV (default fs)] subPath should support creating multiple subpath from same volumes [Slow]" classname="Kubernetes e2e suite" time="0">
          <skipped></skipped>
      </testcase>
      <testcase name="[sig-network] Services should be able to change the type and ports of a service [Slow] [DisabledForLargeClusters]" classname="Kubernetes e2e suite" time="0">
          <skipped></skipped>
      </testcase>
      <testcase name="[sig-apps] Network Partition [Disruptive] [Slow] [k8s.io] Pods should return to running and ready state after network partition is healed All pods on the unreachable node should be marked as NotReady upon the node turn NotReady AND all pods should be mark back to Ready when the node get back to Ready before pod eviction timeout" classname="Kubernetes e2e suite" time="0">
          <skipped></skipped>
      </testcase>
      <testcase name="[sig-storage] In-tree Volumes [Driver: ceph][Feature:Volumes] [Testpattern: Pre-provisioned PV (ext3)] volumes should be mountable" classname="Kubernetes e2e suite" time="0">
          <skipped></skipped>
      </testcase>
      <testcase name="[sig-storage] In-tree Volumes [Driver: azure] [Testpattern: Inline-volume (ext4)] volumes should be mountable" classname="Kubernetes e2e suite" time="0">
          <skipped></skipped>
      </testcase>
      <testcase name="[k8s.io] Container Runtime blackbox test when running a container with a new image should not be able to pull image from invalid registry [NodeConformance]" classname="Kubernetes e2e suite" time="0">
          <skipped></skipped>
      </testcase>
      <testcase name="[sig-storage] In-tree Volumes [Driver: hostPath] [Testpattern: Inline-volume (default fs)] subPath should support non-existent path" classname="Kubernetes e2e suite" time="0">
          <skipped></skipped>
      </testcase>
      <testcase name="[sig-storage] In-tree Volumes [Driver: rbd][Feature:Volumes] [Testpattern: Pre-provisioned PV (filesystem volmode)] volumeMode should create sc, pod, pv, and pvc, read/write to the pv, and delete all created resources" classname="Kubernetes e2e suite" time="0">
          <skipped></skipped>
      </testcase>
      <testcase name="[sig-storage] In-tree Volumes [Driver: nfs] [Testpattern: Dynamic PV (default fs)] subPath should support file as subpath" classname="Kubernetes e2e suite" time="0">
          <skipped></skipped>
      </testcase>
      <testcase name="[sig-storage] In-tree Volumes [Driver: iscsi][Feature:Volumes] [Testpattern: Dynamic PV (default fs)] provisioning should provision storage with defaults" classname="Kubernetes e2e suite" time="0">
          <skipped></skipped>
      </testcase>
      <testcase name="[sig-network] Services should have session affinity work for service with type clusterIP" classname="Kubernetes e2e suite" time="0">
          <skipped></skipped>
      </testcase>
      <testcase name="[sig-storage] In-tree Volumes [Driver: nfs] [Testpattern: Dynamic PV (default fs)] provisioning should provision storage with mount options" classname="Kubernetes e2e suite" time="0">
          <skipped></skipped>
      </testcase>
      <testcase name="[sig-storage] In-tree Volumes [Driver: aws] [Testpattern: Dynamic PV (default fs)] subPath should fail if subpath directory is outside the volume [Slow]" classname="Kubernetes e2e suite" time="0">
          <skipped></skipped>
      </testcase>
      <testcase name="[sig-storage] In-tree Volumes [Driver: hostPath] [Testpattern: Pre-provisioned PV (default fs)] subPath should support file as subpath" classname="Kubernetes e2e suite" time="0">
          <skipped></skipped>
      </testcase>
      <testcase name="[sig-storage] CSI Volumes [Driver: csi-hostpath] [Testpattern: Dynamic PV (default fs)] subPath should fail if subpath file is outside the volume [Slow]" classname="Kubernetes e2e suite" time="0">
          <skipped></skipped>
      </testcase>
      <testcase name="[sig-cluster-lifecycle] Ports Security Check [Feature:KubeletSecurity] should not have port 10255 open on its all public IP addresses" classname="Kubernetes e2e suite" time="0">
          <skipped></skipped>
      </testcase>
      <testcase name="[sig-storage] In-tree Volumes [Driver: hostPath] [Testpattern: Inline-volume (default fs)] subPath should support existing directory" classname="Kubernetes e2e suite" time="0">
          <skipped></skipped>
      </testcase>
      <testcase name="[sig-storage] In-tree Volumes [Driver: aws] [Testpattern: Dynamic PV (default fs)] subPath should support existing directories when readOnly specified in the volumeSource" classname="Kubernetes e2e suite" time="0">
          <skipped></skipped>
      </testcase>
      <testcase name="[sig-storage] In-tree Volumes [Driver: ceph][Feature:Volumes] [Testpattern: Inline-volume (default fs)] subPath should support non-existent path" classname="Kubernetes e2e suite" time="0">
          <skipped></skipped>
      </testcase>
      <testcase name="[sig-storage] In-tree Volumes [Driver: vSphere] [Testpattern: Inline-volume (ext4)] volumes should be mountable" classname="Kubernetes e2e suite" time="0">
          <skipped></skipped>
      </testcase>
      <testcase name="[sig-storage] PersistentVolumes-local  Stress with local volume provisioner [Serial] should use be able to process many pods and reuse local volumes" classname="Kubernetes e2e suite" time="0">
          <skipped></skipped>
      </testcase>
      <testcase name="[sig-auth] ServiceAccounts should allow opting out of API token automount  [Conformance]" classname="Kubernetes e2e suite" time="22.99749554"></testcase>
      <testcase name="[sig-service-catalog] [Feature:PodPreset] PodPreset should create a pod preset" classname="Kubernetes e2e suite" time="0">
          <skipped></skipped>
      </testcase>
      <testcase name="[sig-storage] CSI Volumes [Driver: csi-hostpath] [Testpattern: Dynamic PV (default fs)] provisioning should create and delete block persistent volumes" classname="Kubernetes e2e suite" time="0">
          <skipped></skipped>
      </testcase>
      <testcase name="[sig-network] Loadbalancing: L7 GCE [Slow] [Feature:NEG] should be able to create a ClusterIP service" classname="Kubernetes e2e suite" time="0">
          <skipped></skipped>
      </testcase>
      <testcase name="[sig-instrumentation] [Feature:PrometheusMonitoring] Prometheus should successfully scrape all targets" classname="Kubernetes e2e suite" time="0">
          <skipped></skipped>
      </testcase>
      <testcase name="[sig-storage] CSI Volumes [Driver: pd.csi.storage.gke.io][Feature: gcePD-external] [Testpattern: Dynamic PV (default fs)] subPath should support file as subpath" classname="Kubernetes e2e suite" time="0">
          <skipped></skipped>
      </testcase>
      <testcase name="[sig-storage] In-tree Volumes [Driver: aws] [Testpattern: Pre-provisioned PV (default fs)] subPath should support readOnly directory specified in the volumeMount" classname="Kubernetes e2e suite" time="0">
          <skipped></skipped>
      </testcase>
      <testcase name="[sig-network] Networking IPerf IPv4 [Experimental] [Feature:Networking-IPv4] [Slow] [Feature:Networking-Performance] should transfer ~ 1GB onto the service endpoint 1 servers (maximum of 1 clients)" classname="Kubernetes e2e suite" time="0">
          <skipped></skipped>
      </testcase>
      <testcase name="[sig-network] DNS configMap nameserver [IPv4] Change stubDomain should be able to change stubDomain configuration [Slow][Serial]" classname="Kubernetes e2e suite" time="0">
          <skipped></skipped>
      </testcase>
      <testcase name="[sig-storage] In-tree Volumes [Driver: iscsi][Feature:Volumes] [Testpattern: Pre-provisioned PV (default fs)] subPath should support existing directories when readOnly specified in the volumeSource" classname="Kubernetes e2e suite" time="0">
          <skipped></skipped>
      </testcase>
      <testcase name="[k8s.io] TTLAfterFinished Job should be deleted once it finishes after TTL seconds [Feature:TTLAfterFinished]" classname="Kubernetes e2e suite" time="0">
          <skipped></skipped>
      </testcase>
      <testcase name="[sig-storage] In-tree Volumes [Driver: vSphere] [Testpattern: Dynamic PV (default fs)] subPath should fail if subpath file is outside the volume [Slow]" classname="Kubernetes e2e suite" time="0">
          <skipped></skipped>
      </testcase>
      <testcase name="[sig-network] Services should be able to create a functioning NodePort service" classname="Kubernetes e2e suite" time="0">
          <skipped></skipped>
      </testcase>
      <testcase name="[sig-storage] In-tree Volumes [Driver: ceph][Feature:Volumes] [Testpattern: Inline-volume (default fs)] subPath should support file as subpath" classname="Kubernetes e2e suite" time="0">
          <skipped></skipped>
      </testcase>
      <testcase name="[sig-storage] In-tree Volumes [Driver: azure] [Testpattern: Pre-provisioned PV (default fs)] subPath should support creating multiple subpath from same volumes [Slow]" classname="Kubernetes e2e suite" time="0">
          <skipped></skipped>
      </testcase>
      <testcase name="[sig-storage] In-tree Volumes [Driver: ceph][Feature:Volumes] [Testpattern: Dynamic PV (default fs)] subPath should support existing single file" classname="Kubernetes e2e suite" time="0">
          <skipped></skipped>
      </testcase>
      <testcase name="[sig-network] Networking Granular Checks: Services [Slow] should update endpoints: udp" classname="Kubernetes e2e suite" time="0">
          <skipped></skipped>
      </testcase>
      <testcase name="[k8s.io] Container Runtime blackbox test when running a container with a new image should be able to pull image from gcr.io [NodeConformance]" classname="Kubernetes e2e suite" time="0">
          <skipped></skipped>
      </testcase>
      <testcase name="[sig-storage] In-tree Volumes [Driver: ceph][Feature:Volumes] [Testpattern: Dynamic PV (default fs)] subPath should support file as subpath" classname="Kubernetes e2e suite" time="0">
          <skipped></skipped>
      </testcase>
      <testcase name="[k8s.io] Container Runtime blackbox test when running a container with a new image should not be able to pull from private registry without secret [NodeConformance]" classname="Kubernetes e2e suite" time="0">
          <skipped></skipped>
      </testcase>
      <testcase name="[sig-storage] In-tree Volumes [Driver: hostPathSymlink] [Testpattern: Pre-provisioned PV (default fs)] subPath should unmount if pod is gracefully deleted while kubelet is down [Disruptive][Slow]" classname="Kubernetes e2e suite" time="0">
          <skipped></skipped>
      </testcase>
      <testcase name="[sig-storage] Storage Policy Based Volume Provisioning [Feature:vsphere] verify VSAN storage capability with invalid diskStripes value is not honored for dynamically provisioned pvc using storageclass" classname="Kubernetes e2e suite" time="0">
          <skipped></skipped>
      </testcase>
      <testcase name="[sig-storage] In-tree Volumes [Driver: ceph][Feature:Volumes] [Testpattern: Inline-volume (default fs)] subPath should support existing directory" classname="Kubernetes e2e suite" time="0">
          <skipped></skipped>
      </testcase>
      <testcase name="[sig-storage] Downward API volume should provide container&#39;s memory request [NodeConformance] [Conformance]" classname="Kubernetes e2e suite" time="8.461969906"></testcase>
      <testcase name="[k8s.io] Probing container should *not* be restarted with a /healthz http liveness probe [NodeConformance] [Conformance]" classname="Kubernetes e2e suite" time="249.160461637"></testcase>
      <testcase name="[sig-network] Networking should provide Internet connection for containers [Feature:Networking-IPv6][Experimental]" classname="Kubernetes e2e suite" time="0">
          <skipped></skipped>
      </testcase>
      <testcase name="[sig-storage] In-tree Volumes [Driver: nfs] [Testpattern: Pre-provisioned PV (default fs)] subPath should support non-existent path" classname="Kubernetes e2e suite" time="0">
          <skipped></skipped>
      </testcase>
      <testcase name="[sig-storage] In-tree Volumes [Driver: rbd][Feature:Volumes] [Testpattern: Pre-provisioned PV (default fs)] subPath should support restarting containers using file as subpath [Slow]" classname="Kubernetes e2e suite" time="0">
          <skipped></skipped>
      </testcase>
      <testcase name="[sig-storage] Volume Placement should create and delete pod with multiple volumes from same datastore" classname="Kubernetes e2e suite" time="0">
          <skipped></skipped>
      </testcase>
      <testcase name="[sig-storage] In-tree Volumes [Driver: gcepd] [Testpattern: Dynamic PV (default fs)] provisioning should provision storage with mount options" classname="Kubernetes e2e suite" time="0">
          <skipped></skipped>
      </testcase>
      <testcase name="[sig-storage] In-tree Volumes [Driver: cinder] [Testpattern: Pre-provisioned PV (default fs)] subPath should support existing directory" classname="Kubernetes e2e suite" time="0">
          <skipped></skipped>
      </testcase>
      <testcase name="[sig-scalability] Density [Feature:ManualPerformance] should allow starting 50 pods per node using ReplicationController with 0 secrets, 0 configmaps, 0 token projections, and 0 daemons" classname="Kubernetes e2e suite" time="0">
          <skipped></skipped>
      </testcase>
      <testcase name="[sig-apps] Daemon set [Serial] should update pod when spec was updated and update strategy is RollingUpdate [Conformance]" classname="Kubernetes e2e suite" time="48.483721712"></testcase>
      <testcase name="[sig-storage] [Serial] Volume metrics PVController should create none metrics for pvc controller before creating any PV or PVC" classname="Kubernetes e2e suite" time="0">
          <skipped></skipped>
      </testcase>
      <testcase name="[sig-storage] In-tree Volumes [Driver: hostPath] [Testpattern: Pre-provisioned PV (default fs)] subPath should fail if subpath with backstepping is outside the volume [Slow]" classname="Kubernetes e2e suite" time="0">
          <skipped></skipped>
      </testcase>
      <testcase name="[sig-api-machinery] Garbage collector should delete RS created by deployment when not orphaning [Conformance]" classname="Kubernetes e2e suite" time="7.394540181"></testcase>
      <testcase name="[sig-instrumentation] Stackdriver Monitoring should run Custom Metrics - Stackdriver Adapter for new resource model [Feature:StackdriverCustomMetrics]" classname="Kubernetes e2e suite" time="0">
          <skipped></skipped>
      </testcase>
      <testcase name="[sig-cluster-lifecycle] kube-proxy migration [Feature:KubeProxyDaemonSetMigration] Upgrade kube-proxy from static pods to a DaemonSet should maintain a functioning cluster [Feature:KubeProxyDaemonSetUpgrade]" classname="Kubernetes e2e suite" time="0">
          <skipped></skipped>
      </testcase>
      <testcase name="[sig-storage] In-tree Volumes [Driver: hostPath] [Testpattern: Dynamic PV (default fs)] subPath should fail if non-existent subpath is outside the volume [Slow]" classname="Kubernetes e2e suite" time="0">
          <skipped></skipped>
      </testcase>
      <testcase name="[sig-scheduling] ResourceQuota [Feature:Initializers] should create a ResourceQuota and capture the life of an uninitialized pod." classname="Kubernetes e2e suite" time="0">
          <skipped></skipped>
      </testcase>
      <testcase name="[sig-api-machinery] Etcd failure [Disruptive] should recover from network partition with master" classname="Kubernetes e2e suite" time="0">
          <skipped></skipped>
      </testcase>
      <testcase name="[sig-storage] In-tree Volumes [Driver: hostPath] [Testpattern: Dynamic PV (default fs)] subPath should support existing directories when readOnly specified in the volumeSource" classname="Kubernetes e2e suite" time="0">
          <skipped></skipped>
      </testcase>
      <testcase name="[sig-storage] In-tree Volumes [Driver: azure] [Testpattern: Pre-provisioned PV (default fs)] subPath should support existing directory" classname="Kubernetes e2e suite" time="0">
          <skipped></skipped>
      </testcase>
      <testcase name="[sig-storage] In-tree Volumes [Driver: hostPathSymlink] [Testpattern: Pre-provisioned PV (default fs)] subPath should unmount if pod is force deleted while kubelet is down [Disruptive][Slow]" classname="Kubernetes e2e suite" time="0">
          <skipped></skipped>
      </testcase>
      <testcase name="[sig-cluster-lifecycle] gpu Upgrade [Feature:GPUUpgrade] master upgrade should NOT disrupt gpu pod [Feature:GPUMasterUpgrade]" classname="Kubernetes e2e suite" time="0">
          <skipped></skipped>
      </testcase>
      <testcase name="[sig-cli] Kubectl client [k8s.io] Guestbook application should create and stop a working application  [Conformance]" classname="Kubernetes e2e suite" time="46.641162089"></testcase>
      <testcase name="[k8s.io] [sig-node] Security Context [Feature:SecurityContext] should support volume SELinux relabeling" classname="Kubernetes e2e suite" time="0">
          <skipped></skipped>
      </testcase>
      <testcase name="[k8s.io] [sig-node] SSH should SSH to all nodes and run commands" classname="Kubernetes e2e suite" time="0">
          <skipped></skipped>
      </testcase>
      <testcase name="[sig-storage] In-tree Volumes [Driver: ceph][Feature:Volumes] [Testpattern: Pre-provisioned PV (default fs)] subPath should support non-existent path" classname="Kubernetes e2e suite" time="0">
          <skipped></skipped>
      </testcase>
      <testcase name="[sig-storage] Projected downwardAPI should provide podname as non-root with fsgroup and defaultMode [NodeFeature:FSGroup]" classname="Kubernetes e2e suite" time="0">
          <skipped></skipped>
      </testcase>
      <testcase name="[sig-storage] PersistentVolumes-local  [Volume type: blockfswithformat] Set fsGroup for local volume should set different fsGroup for second pod if first pod is deleted" classname="Kubernetes e2e suite" time="0">
          <skipped></skipped>
      </testcase>
      <testcase name="[sig-storage] In-tree Volumes [Driver: emptydir] [Testpattern: Inline-volume (default fs)] subPath should support file as subpath" classname="Kubernetes e2e suite" time="0">
          <skipped></skipped>
      </testcase>
      <testcase name="[sig-network] NetworkPolicy NetworkPolicy between server and client should enforce policy based on PodSelector [Feature:NetworkPolicy]" classname="Kubernetes e2e suite" time="0">
          <skipped></skipped>
      </testcase>
      <testcase name="[sig-storage] ConfigMap Should fail non-optional pod creation due to the key in the configMap object does not exist [Slow]" classname="Kubernetes e2e suite" time="0">
          <skipped></skipped>
      </testcase>
      <testcase name="[sig-network] Loadbalancing: L7 GCE [Slow] [Feature:kubemci] should create ingress with pre-shared certificate" classname="Kubernetes e2e suite" time="0">
          <skipped></skipped>
      </testcase>
      <testcase name="[sig-scalability] Density [Feature:ManualPerformance] should allow starting 30 pods per node using Deployment.extensions with 2 secrets, 0 configmaps, 0 token projections, and 0 daemons" classname="Kubernetes e2e suite" time="0">
          <skipped></skipped>
      </testcase>
      <testcase name="[sig-network] Services should be able to update NodePorts with two same port numbers but different protocols" classname="Kubernetes e2e suite" time="0">
          <skipped></skipped>
      </testcase>
      <testcase name="[sig-storage] In-tree Volumes [Driver: gcepd] [Testpattern: Dynamic PV (ext4)] volumes should be mountable" classname="Kubernetes e2e suite" time="0">
          <skipped></skipped>
      </testcase>
      <testcase name="[sig-storage] In-tree Volumes [Driver: hostPathSymlink] [Testpattern: Inline-volume (default fs)] subPath should support existing directories when readOnly specified in the volumeSource" classname="Kubernetes e2e suite" time="0">
          <skipped></skipped>
      </testcase>
      <testcase name="[sig-storage] Node Unregister [Feature:vsphere] [Slow] [Disruptive] node unregister" classname="Kubernetes e2e suite" time="0">
          <skipped></skipped>
      </testcase>
      <testcase name="[sig-storage] CSI Volumes [Driver: csi-hostpath-v0] [Testpattern: Dynamic PV (default fs)] provisioning should provision storage with mount options" classname="Kubernetes e2e suite" time="0">
          <skipped></skipped>
      </testcase>
      <testcase name="[sig-storage] In-tree Volumes [Driver: hostPath] [Testpattern: Pre-provisioned PV (default fs)] subPath should support restarting containers using file as subpath [Slow]" classname="Kubernetes e2e suite" time="0">
          <skipped></skipped>
      </testcase>
      <testcase name="[sig-storage] In-tree Volumes [Driver: hostPath] [Testpattern: Pre-provisioned PV (default fs)] volumeIO should write files of various sizes, verify size, validate content [Slow]" classname="Kubernetes e2e suite" time="0">
          <skipped></skipped>
      </testcase>
      <testcase name="[sig-storage] Projected secret should be consumable from pods in volume as non-root with defaultMode and fsGroup set [NodeConformance] [Conformance]" classname="Kubernetes e2e suite" time="8.372381163"></testcase>
      <testcase name="[sig-storage] PVC Protection Verify that scheduling of a pod that uses PVC that is being deleted fails and the pod becomes Unschedulable" classname="Kubernetes e2e suite" time="0">
          <skipped></skipped>
      </testcase>
      <testcase name="[sig-storage] In-tree Volumes [Driver: hostPath] [Testpattern: Dynamic PV (default fs)] subPath should support restarting containers using directory as subpath [Slow]" classname="Kubernetes e2e suite" time="0">
          <skipped></skipped>
      </testcase>
      <testcase name="[sig-autoscaling] Cluster size autoscaling [Slow] should increase cluster size if pod requesting EmptyDir volume is pending [Feature:ClusterSizeAutoscalingScaleUp]" classname="Kubernetes e2e suite" time="0">
          <skipped></skipped>
      </testcase>
      <testcase name="[sig-storage] In-tree Volumes [Driver: cinder] [Testpattern: Dynamic PV (default fs)] subPath should support existing directories when readOnly specified in the volumeSource" classname="Kubernetes e2e suite" time="0">
          <skipped></skipped>
      </testcase>
      <testcase name="[sig-storage] In-tree Volumes [Driver: emptydir] [Testpattern: Inline-volume (default fs)] subPath should fail if non-existent subpath is outside the volume [Slow]" classname="Kubernetes e2e suite" time="0">
          <skipped></skipped>
      </testcase>
      <testcase name="[sig-storage] Projected downwardAPI should update annotations on modification [NodeConformance] [Conformance]" classname="Kubernetes e2e suite" time="28.8588189"></testcase>
      <testcase name="[sig-storage] In-tree Volumes [Driver: gcepd] [Testpattern: Inline-volume (default fs)] subPath should support existing single file" classname="Kubernetes e2e suite" time="0">
          <skipped></skipped>
      </testcase>
      <testcase name="[sig-instrumentation] Stackdriver Monitoring should run Stackdriver Metadata Agent [Feature:StackdriverMetadataAgent]" classname="Kubernetes e2e suite" time="0">
          <skipped></skipped>
      </testcase>
      <testcase name="[sig-storage] In-tree Volumes [Driver: rbd][Feature:Volumes] [Testpattern: Inline-volume (xfs)] volumes should be mountable" classname="Kubernetes e2e suite" time="0">
          <skipped></skipped>
      </testcase>
      <testcase name="[sig-storage] PersistentVolumes-local  [Volume type: gce-localssd-scsi-fs] [Serial] One pod requesting one prebound PVC should be able to mount volume and write from pod1" classname="Kubernetes e2e suite" time="0">
          <skipped></skipped>
      </testcase>
      <testcase name="[sig-scheduling] SchedulerPredicates [Serial] validates that taints-tolerations is respected if not matching" classname="Kubernetes e2e suite" time="0">
          <skipped></skipped>
      </testcase>
      <testcase name="[sig-network] Services should be able to switch session affinity for LoadBalancer service with ESIPP on [Slow] [DisabledForLargeClusters]" classname="Kubernetes e2e suite" time="0">
          <skipped></skipped>
      </testcase>
      <testcase name="[sig-storage] In-tree Volumes [Driver: vSphere] [Testpattern: Inline-volume (default fs)] subPath should fail if subpath with backstepping is outside the volume [Slow]" classname="Kubernetes e2e suite" time="0">
          <skipped></skipped>
      </testcase>
      <testcase name="[sig-apps] Daemon set [Serial] should rollback without unnecessary restarts [Conformance]" classname="Kubernetes e2e suite" time="6.293655662">
          <skipped></skipped>
      </testcase>
      <testcase name="[sig-storage] Volume Disk Size [Feature:vsphere] verify dynamically provisioned pv using storageclass with an invalid disk size fails" classname="Kubernetes e2e suite" time="0">
          <skipped></skipped>
      </testcase>
      <testcase name="[sig-storage] PersistentVolumes-local  [Volume type: blockfswithoutformat] Set fsGroup for local volume should not set different fsGroups for two pods simultaneously" classname="Kubernetes e2e suite" time="0">
          <skipped></skipped>
      </testcase>
      <testcase name="[sig-scheduling] ResourceQuota [Feature:ScopeSelectors] should verify ResourceQuota with terminating scopes through scope selectors." classname="Kubernetes e2e suite" time="0">
          <skipped></skipped>
      </testcase>
      <testcase name="[sig-storage] In-tree Volumes [Driver: vSphere] [Testpattern: Pre-provisioned PV (default fs)] subPath should support readOnly file specified in the volumeMount" classname="Kubernetes e2e suite" time="0">
          <skipped></skipped>
      </testcase>
      <testcase name="[sig-autoscaling] Cluster size autoscaling [Slow] shouldn&#39;t be able to scale down when rescheduling a pod is required, but pdb doesn&#39;t allow drain[Feature:ClusterSizeAutoscalingScaleDown]" classname="Kubernetes e2e suite" time="0">
          <skipped></skipped>
      </testcase>
      <testcase name="[sig-scheduling] Multi-AZ Clusters should spread the pods of a replication controller across zones" classname="Kubernetes e2e suite" time="0">
          <skipped></skipped>
      </testcase>
      <testcase name="[sig-storage] Projected configMap should be consumable from pods in volume [NodeConformance] [Conformance]" classname="Kubernetes e2e suite" time="8.365487562"></testcase>
      <testcase name="[sig-instrumentation] Cadvisor should be healthy on every node." classname="Kubernetes e2e suite" time="0">
          <skipped></skipped>
      </testcase>
      <testcase name="[sig-storage] In-tree Volumes [Driver: rbd][Feature:Volumes] [Testpattern: Inline-volume (default fs)] subPath should unmount if pod is force deleted while kubelet is down [Disruptive][Slow]" classname="Kubernetes e2e suite" time="0">
          <skipped></skipped>
      </testcase>
      <testcase name="[sig-storage] In-tree Volumes [Driver: ceph][Feature:Volumes] [Testpattern: Dynamic PV (default fs)] subPath should fail if subpath directory is outside the volume [Slow]" classname="Kubernetes e2e suite" time="0">
          <skipped></skipped>
      </testcase>
      <testcase name="[sig-storage] In-tree Volumes [Driver: nfs] [Testpattern: Pre-provisioned PV (default fs)] subPath should support readOnly file specified in the volumeMount" classname="Kubernetes e2e suite" time="0">
          <skipped></skipped>
      </testcase>
      <testcase name="[sig-storage] PersistentVolumes-local  [Volume type: dir-link-bindmounted] Set fsGroup for local volume should set same fsGroup for two pods simultaneously" classname="Kubernetes e2e suite" time="0">
          <skipped></skipped>
      </testcase>
      <testcase name="[sig-storage] In-tree Volumes [Driver: ceph][Feature:Volumes] [Testpattern: Pre-provisioned PV (default fs)] subPath should support readOnly file specified in the volumeMount" classname="Kubernetes e2e suite" time="0">
          <skipped></skipped>
      </testcase>
      <testcase name="[sig-api-machinery] Garbage collector should not be blocked by dependency circle [Conformance]" classname="Kubernetes e2e suite" time="11.362603622"></testcase>
      <testcase name="[sig-storage] PersistentVolumes-local  Pod with node different from PV&#39;s NodeAffinity should fail scheduling due to different NodeAffinity" classname="Kubernetes e2e suite" time="0">
          <skipped></skipped>
      </testcase>
      <testcase name="[sig-storage] In-tree Volumes [Driver: aws] [Testpattern: Inline-volume (default fs)] subPath should support readOnly file specified in the volumeMount" classname="Kubernetes e2e suite" time="0">
          <skipped></skipped>
      </testcase>
      <testcase name="[sig-storage] In-tree Volumes [Driver: rbd][Feature:Volumes] [Testpattern: Inline-volume (default fs)] subPath should support existing directories when readOnly specified in the volumeSource" classname="Kubernetes e2e suite" time="0">
          <skipped></skipped>
      </testcase>
      <testcase name="[sig-storage] In-tree Volumes [Driver: azure] [Testpattern: Inline-volume (default fs)] subPath should support existing directories when readOnly specified in the volumeSource" classname="Kubernetes e2e suite" time="0">
          <skipped></skipped>
      </testcase>
      <testcase name="[sig-storage] In-tree Volumes [Driver: ceph][Feature:Volumes] [Testpattern: Inline-volume (ext4)] volumes should be mountable" classname="Kubernetes e2e suite" time="0">
          <skipped></skipped>
      </testcase>
      <testcase name="[sig-storage] In-tree Volumes [Driver: hostPath] [Testpattern: Dynamic PV (default fs)] subPath should support existing single file" classname="Kubernetes e2e suite" time="0">
          <skipped></skipped>
      </testcase>
      <testcase name="[sig-storage] Storage Policy Based Volume Provisioning [Feature:vsphere] verify VSAN storage capability with invalid capability name objectSpaceReserve is not honored for dynamically provisioned pvc using storageclass" classname="Kubernetes e2e suite" time="0">
          <skipped></skipped>
      </testcase>
      <testcase name="[sig-network] Proxy version v1 should proxy through a service and a pod  [Conformance]" classname="Kubernetes e2e suite" time="30.210599273"></testcase>
      <testcase name="[sig-storage] In-tree Volumes [Driver: hostPathSymlink] [Testpattern: Dynamic PV (default fs)] provisioning should provision storage with mount options" classname="Kubernetes e2e suite" time="0">
          <skipped></skipped>
      </testcase>
      <testcase name="[sig-storage] In-tree Volumes [Driver: cinder] [Testpattern: Pre-provisioned PV (default fs)] subPath should fail if subpath directory is outside the volume [Slow]" classname="Kubernetes e2e suite" time="0">
          <skipped></skipped>
      </testcase>
      <testcase name="[sig-storage] In-tree Volumes [Driver: vSphere] [Testpattern: Inline-volume (default fs)] subPath should support restarting containers using file as subpath [Slow]" classname="Kubernetes e2e suite" time="0">
          <skipped></skipped>
      </testcase>
      <testcase name="[sig-cli] Kubectl client [k8s.io] Proxy server should support --unix-socket=/path  [Conformance]" classname="Kubernetes e2e suite" time="6.313098187"></testcase>
      <testcase name="[sig-autoscaling] Cluster size autoscaling [Slow] should disable node pool autoscaling [Feature:ClusterSizeAutoscalingScaleUp]" classname="Kubernetes e2e suite" time="0">
          <skipped></skipped>
      </testcase>
      <testcase name="[sig-storage] CSI Volumes [Driver: csi-hostpath] [Testpattern: Dynamic PV (default fs)] subPath should support readOnly directory specified in the volumeMount" classname="Kubernetes e2e suite" time="0">
          <skipped></skipped>
      </testcase>
      <testcase name="[sig-network] Services should release NodePorts on delete" classname="Kubernetes e2e suite" time="0">
          <skipped></skipped>
      </testcase>
      <testcase name="[k8s.io] Container Lifecycle Hook when create a pod with lifecycle hook should execute prestop http hook properly [NodeConformance] [Conformance]" classname="Kubernetes e2e suite" time="30.340555864"></testcase>
      <testcase name="[sig-cluster-lifecycle] Reboot [Disruptive] [Feature:Reboot] each node by switching off the network interface and ensure they function upon switch on" classname="Kubernetes e2e suite" time="0">
          <skipped></skipped>
      </testcase>
      <testcase name="[k8s.io] Cluster size autoscaler scalability [Slow] should scale up at all [Feature:ClusterAutoscalerScalability1]" classname="Kubernetes e2e suite" time="0">
          <skipped></skipped>
      </testcase>
      <testcase name="[sig-storage] In-tree Volumes [Driver: hostPathSymlink] [Testpattern: Inline-volume (default fs)] subPath should support existing directory" classname="Kubernetes e2e suite" time="0">
          <skipped></skipped>
      </testcase>
      <testcase name="[k8s.io] [sig-node] RuntimeClass [Feature:RuntimeClass] should reject a Pod requesting a non-existent RuntimeClass" classname="Kubernetes e2e suite" time="0">
          <skipped></skipped>
      </testcase>
      <testcase name="[sig-storage] In-tree Volumes [Driver: ceph][Feature:Volumes] [Testpattern: Pre-provisioned PV (default fs)] subPath should support readOnly directory specified in the volumeMount" classname="Kubernetes e2e suite" time="0">
          <skipped></skipped>
      </testcase>
      <testcase name="[sig-storage] In-tree Volumes [Driver: iscsi][Feature:Volumes] [Testpattern: Dynamic PV (default fs)] subPath should support existing directory" classname="Kubernetes e2e suite" time="0">
          <skipped></skipped>
      </testcase>
      <testcase name="[sig-storage] HostPath should give a volume the correct mode [NodeConformance] [Conformance]" classname="Kubernetes e2e suite" time="10.348976672"></testcase>
      <testcase name="[sig-storage] In-tree Volumes [Driver: cinder] [Testpattern: Dynamic PV (ext4)] volumes should be mountable" classname="Kubernetes e2e suite" time="0">
          <skipped></skipped>
      </testcase>
      <testcase name="[sig-storage] In-tree Volumes [Driver: gluster] [Testpattern: Inline-volume (default fs)] subPath should support existing directories when readOnly specified in the volumeSource" classname="Kubernetes e2e suite" time="0">
          <skipped></skipped>
      </testcase>
      <testcase name="[k8s.io] Sysctls [NodeFeature:Sysctls] should support unsafe sysctls which are actually whitelisted" classname="Kubernetes e2e suite" time="0">
          <skipped></skipped>
      </testcase>
      <testcase name="[sig-storage] In-tree Volumes [Driver: hostPathSymlink] [Testpattern: Inline-volume (xfs)] volumes should be mountable" classname="Kubernetes e2e suite" time="0">
          <skipped></skipped>
      </testcase>
      <testcase name="[sig-storage] In-tree Volumes [Driver: emptydir] [Testpattern: Pre-provisioned PV (filesystem volmode)] volumeMode should create sc, pod, pv, and pvc, read/write to the pv, and delete all created resources" classname="Kubernetes e2e suite" time="0">
          <skipped></skipped>
      </testcase>
      <testcase name="[sig-cli] Kubectl alpha client [k8s.io] Kubectl run CronJob should create a CronJob" classname="Kubernetes e2e suite" time="0">
          <skipped></skipped>
      </testcase>
      <testcase name="[sig-network] Networking Granular Checks: Services [Slow] should function for node-Service: http" classname="Kubernetes e2e suite" time="0">
          <skipped></skipped>
      </testcase>
      <testcase name="[sig-storage] PVC Protection Verify that PVC in active use by a pod is not removed immediately" classname="Kubernetes e2e suite" time="0">
          <skipped></skipped>
      </testcase>
      <testcase name="[sig-storage] In-tree Volumes [Driver: emptydir] [Testpattern: Dynamic PV (default fs)] provisioning should create and delete block persistent volumes" classname="Kubernetes e2e suite" time="0">
          <skipped></skipped>
      </testcase>
      <testcase name="[sig-storage] In-tree Volumes [Driver: gcepd] [Testpattern: Dynamic PV (default fs)] subPath should fail if subpath directory is outside the volume [Slow]" classname="Kubernetes e2e suite" time="0">
          <skipped></skipped>
      </testcase>
      <testcase name="[sig-autoscaling] Cluster size autoscaling [Slow] should correctly scale down after a node is not needed [Feature:ClusterSizeAutoscalingScaleDown]" classname="Kubernetes e2e suite" time="0">
          <skipped></skipped>
      </testcase>
      <testcase name="[sig-api-machinery] Watchers should receive events on concurrent watches in same order" classname="Kubernetes e2e suite" time="0">
          <skipped></skipped>
      </testcase>
      <testcase name="[sig-storage] Projected downwardAPI should provide node allocatable (memory) as default memory limit if the limit is not set [NodeConformance] [Conformance]" classname="Kubernetes e2e suite" time="8.422571885"></testcase>
      <testcase name="[sig-scheduling] NoExecuteTaintManager Single Pod [Serial] evicts pods from tainted nodes" classname="Kubernetes e2e suite" time="0">
          <skipped></skipped>
      </testcase>
      <testcase name="[sig-storage] In-tree Volumes [Driver: aws] [Testpattern: Inline-volume (xfs)] volumes should be mountable" classname="Kubernetes e2e suite" time="0">
          <skipped></skipped>
      </testcase>
      <testcase name="[sig-storage] PersistentVolumes NFS with Single PV - PVC pairs create a PVC and a pre-bound PV: test write access" classname="Kubernetes e2e suite" time="0">
          <skipped></skipped>
      </testcase>
      <testcase name="[sig-storage] In-tree Volumes [Driver: emptydir] [Testpattern: Dynamic PV (default fs)] provisioning should provision storage with mount options" classname="Kubernetes e2e suite" time="0">
          <skipped></skipped>
      </testcase>
      <testcase name="[sig-storage] In-tree Volumes [Driver: ceph][Feature:Volumes] [Testpattern: Pre-provisioned PV (default fs)] subPath should fail if subpath file is outside the volume [Slow]" classname="Kubernetes e2e suite" time="0">
          <skipped></skipped>
      </testcase>
      <testcase name="[sig-storage] In-tree Volumes [Driver: vSphere] [Testpattern: Dynamic PV (default fs)] provisioning should provision storage with mount options" classname="Kubernetes e2e suite" time="0">
          <skipped></skipped>
      </testcase>
      <testcase name="[sig-storage] Volume FStype [Feature:vsphere] verify fstype - default value should be ext4" classname="Kubernetes e2e suite" time="0">
          <skipped></skipped>
      </testcase>
      <testcase name="[sig-storage] PersistentVolumes-local  [Volume type: tmpfs] Two pods mounting a local volume one after the other should be able to write from pod1 and read from pod2" classname="Kubernetes e2e suite" time="0">
          <skipped></skipped>
      </testcase>
      <testcase name="[sig-storage] In-tree Volumes [Driver: vSphere] [Testpattern: Dynamic PV (ext3)] volumes should be mountable" classname="Kubernetes e2e suite" time="0">
          <skipped></skipped>
      </testcase>
      <testcase name="[sig-scheduling] SchedulerPredicates [Serial] validates that required NodeAffinity setting is respected if matching" classname="Kubernetes e2e suite" time="0">
          <skipped></skipped>
      </testcase>
      <testcase name="[sig-cli] Kubectl client [k8s.io] Kubectl create quota should reject quota with invalid scopes" classname="Kubernetes e2e suite" time="0">
          <skipped></skipped>
      </testcase>
      <testcase name="[sig-storage] In-tree Volumes [Driver: gluster] [Testpattern: Pre-provisioned PV (default fs)] subPath should support readOnly directory specified in the volumeMount" classname="Kubernetes e2e suite" time="0">
          <skipped></skipped>
      </testcase>
      <testcase name="[k8s.io] Pods should be updated [NodeConformance] [Conformance]" classname="Kubernetes e2e suite" time="26.862655285"></testcase>
      <testcase name="[sig-storage] In-tree Volumes [Driver: gcepd] [Testpattern: Dynamic PV (default fs)] subPath should support creating multiple subpath from same volumes [Slow]" classname="Kubernetes e2e suite" time="0">
          <skipped></skipped>
      </testcase>
      <testcase name="[sig-autoscaling] Cluster size autoscaling [Slow] should increase cluster size if pods are pending due to host port conflict [Feature:ClusterSizeAutoscalingScaleUp]" classname="Kubernetes e2e suite" time="0">
          <skipped></skipped>
      </testcase>
      <testcase name="[sig-storage] In-tree Volumes [Driver: rbd][Feature:Volumes] [Testpattern: Dynamic PV (default fs)] volumeIO should write files of various sizes, verify size, validate content [Slow]" classname="Kubernetes e2e suite" time="0">
          <skipped></skipped>
      </testcase>
      <testcase name="[sig-storage] In-tree Volumes [Driver: hostPathSymlink] [Testpattern: Dynamic PV (default fs)] subPath should support existing directory" classname="Kubernetes e2e suite" time="0">
          <skipped></skipped>
      </testcase>
      <testcase name="[sig-scalability] Load capacity [Feature:ManualPerformance] should be able to handle 30 pods per node Job.batch with 0 secrets, 0 configmaps and 0 daemons" classname="Kubernetes e2e suite" time="0">
          <skipped></skipped>
      </testcase>
      <testcase name="[sig-storage] In-tree Volumes [Driver: azure] [Testpattern: Dynamic PV (default fs)] provisioning should provision storage with defaults" classname="Kubernetes e2e suite" time="0">
          <skipped></skipped>
      </testcase>
      <testcase name="[sig-storage] In-tree Volumes [Driver: ceph][Feature:Volumes] [Testpattern: Dynamic PV (default fs)] subPath should support readOnly directory specified in the volumeMount" classname="Kubernetes e2e suite" time="0">
          <skipped></skipped>
      </testcase>
      <testcase name="[sig-network] ESIPP [Slow] [DisabledForLargeClusters] should work for type=NodePort" classname="Kubernetes e2e suite" time="0">
          <skipped></skipped>
      </testcase>
      <testcase name="[sig-storage] In-tree Volumes [Driver: rbd][Feature:Volumes] [Testpattern: Pre-provisioned PV (ext4)] volumes should be mountable" classname="Kubernetes e2e suite" time="0">
          <skipped></skipped>
      </testcase>
      <testcase name="[sig-storage] In-tree Volumes [Driver: aws] [Testpattern: Inline-volume (default fs)] subPath should support existing single file" classname="Kubernetes e2e suite" time="0">
          <skipped></skipped>
      </testcase>
      <testcase name="[k8s.io] Pods should be submitted and removed [NodeConformance] [Conformance]" classname="Kubernetes e2e suite" time="13.33528431"></testcase>
      <testcase name="[k8s.io] KubeletManagedEtcHosts should test kubelet managed /etc/hosts file [NodeConformance] [Conformance]" classname="Kubernetes e2e suite" time="69.045205753"></testcase>
      <testcase name="[sig-storage] CSI Volumes [Driver: pd.csi.storage.gke.io][Serial] [Testpattern: Dynamic PV (default fs)] subPath should fail if non-existent subpath is outside the volume [Slow]" classname="Kubernetes e2e suite" time="0">
          <skipped></skipped>
      </testcase>
      <testcase name="[sig-storage] In-tree Volumes [Driver: vSphere] [Testpattern: Inline-volume (default fs)] subPath should support creating multiple subpath from same volumes [Slow]" classname="Kubernetes e2e suite" time="0">
          <skipped></skipped>
      </testcase>
      <testcase name="[sig-storage] In-tree Volumes [Driver: azure] [Testpattern: Pre-provisioned PV (default fs)] subPath should support existing single file" classname="Kubernetes e2e suite" time="0">
          <skipped></skipped>
      </testcase>
      <testcase name="[sig-autoscaling] Cluster size autoscaling [Slow] should add node to the particular mig [Feature:ClusterSizeAutoscalingScaleUp]" classname="Kubernetes e2e suite" time="0">
          <skipped></skipped>
      </testcase>
      <testcase name="[sig-storage] Downward API volume should set mode on item file [NodeConformance] [Conformance]" classname="Kubernetes e2e suite" time="10.312516607"></testcase>
      <testcase name="[sig-storage] Projected downwardAPI should set mode on item file [NodeConformance] [Conformance]" classname="Kubernetes e2e suite" time="10.376937498"></testcase>
      <testcase name="[sig-api-machinery] Initializers [Feature:Initializers] should dynamically register and apply initializers to pods [Serial]" classname="Kubernetes e2e suite" time="0">
          <skipped></skipped>
      </testcase>
      <testcase name="[sig-storage] Downward API volume should update labels on modification [NodeConformance] [Conformance]" classname="Kubernetes e2e suite" time="28.898227011"></testcase>
      <testcase name="[sig-storage] In-tree Volumes [Driver: vSphere] [Testpattern: Dynamic PV (default fs)] subPath should support non-existent path" classname="Kubernetes e2e suite" time="0">
          <skipped></skipped>
      </testcase>
      <testcase name="[sig-scheduling] SchedulerPriorities [Serial] Pod should avoid nodes that have avoidPod annotation" classname="Kubernetes e2e suite" time="0">
          <skipped></skipped>
      </testcase>
      <testcase name="[sig-storage] Storage Policy Based Volume Provisioning [Feature:vsphere] verify VSAN storage capability with valid diskStripes and objectSpaceReservation values is honored for dynamically provisioned pvc using storageclass" classname="Kubernetes e2e suite" time="0">
          <skipped></skipped>
      </testcase>
      <testcase name="[sig-storage] In-tree Volumes [Driver: azure] [Testpattern: Pre-provisioned PV (default fs)] subPath should unmount if pod is gracefully deleted while kubelet is down [Disruptive][Slow]" classname="Kubernetes e2e suite" time="0">
          <skipped></skipped>
      </testcase>
      <testcase name="[sig-scalability] Density [Feature:ManualPerformance] should allow starting 30 pods per node using ReplicationController with 0 secrets, 0 configmaps, 0 token projections, and 0 daemons with quotas" classname="Kubernetes e2e suite" time="0">
          <skipped></skipped>
      </testcase>
      <testcase name="[sig-storage] In-tree Volumes [Driver: gluster] [Testpattern: Dynamic PV (default fs)] subPath should support file as subpath" classname="Kubernetes e2e suite" time="0">
          <skipped></skipped>
      </testcase>
      <testcase name="[sig-api-machinery] Servers with support for Table transformation should return chunks of table results for list calls" classname="Kubernetes e2e suite" time="0">
          <skipped></skipped>
      </testcase>
      <testcase name="[sig-storage] In-tree Volumes [Driver: azure] [Testpattern: Inline-volume (default fs)] subPath should fail if subpath file is outside the volume [Slow]" classname="Kubernetes e2e suite" time="0">
          <skipped></skipped>
      </testcase>
      <testcase name="[k8s.io] [sig-node] Kubelet [Serial] [Slow] [k8s.io] [sig-node] regular resource usage tracking resource tracking for 0 pods per node" classname="Kubernetes e2e suite" time="0">
          <skipped></skipped>
      </testcase>
      <testcase name="[sig-storage] In-tree Volumes [Driver: vSphere] [Testpattern: Dynamic PV (default fs)] subPath should fail if subpath directory is outside the volume [Slow]" classname="Kubernetes e2e suite" time="0">
          <skipped></skipped>
      </testcase>
      <testcase name="[sig-storage] CSI Volumes [Driver: pd.csi.storage.gke.io][Feature: gcePD-external] [Testpattern: Dynamic PV (xfs)] volumes should be mountable" classname="Kubernetes e2e suite" time="0">
          <skipped></skipped>
      </testcase>
      <testcase name="[k8s.io] [Feature:Example] [k8s.io] Liveness liveness pods should be automatically restarted" classname="Kubernetes e2e suite" time="0">
          <skipped></skipped>
      </testcase>
      <testcase name="[sig-storage] Projected configMap optional updates should be reflected in volume [NodeConformance] [Conformance]" classname="Kubernetes e2e suite" time="26.413866909"></testcase>
      <testcase name="[sig-storage] In-tree Volumes [Driver: ceph][Feature:Volumes] [Testpattern: Pre-provisioned PV (default fs)] subPath should support creating multiple subpath from same volumes [Slow]" classname="Kubernetes e2e suite" time="0">
          <skipped></skipped>
      </testcase>
      <testcase name="[sig-storage] In-tree Volumes [Driver: iscsi][Feature:Volumes] [Testpattern: Inline-volume (default fs)] subPath should unmount if pod is force deleted while kubelet is down [Disruptive][Slow]" classname="Kubernetes e2e suite" time="0">
          <skipped></skipped>
      </testcase>
      <testcase name="[sig-storage] ConfigMap should be consumable from pods in volume with mappings as non-root [NodeConformance] [Conformance]" classname="Kubernetes e2e suite" time="8.324384943"></testcase>
      <testcase name="[sig-storage] Flexvolumes should be mountable when attachable" classname="Kubernetes e2e suite" time="0">
          <skipped></skipped>
      </testcase>
      <testcase name="[sig-storage] In-tree Volumes [Driver: ceph][Feature:Volumes] [Testpattern: Inline-volume (default fs)] subPath should support existing directories when readOnly specified in the volumeSource" classname="Kubernetes e2e suite" time="0">
          <skipped></skipped>
      </testcase>
      <testcase name="[sig-storage] EmptyDir volumes when FSGroup is specified [NodeFeature:FSGroup] new files should be created with FSGroup ownership when container is non-root" classname="Kubernetes e2e suite" time="0">
          <skipped></skipped>
      </testcase>
      <testcase name="[sig-scheduling] ResourceQuota should create a ResourceQuota and capture the life of a configMap." classname="Kubernetes e2e suite" time="0">
          <skipped></skipped>
      </testcase>
      <testcase name="[sig-storage] Secrets optional updates should be reflected in volume [NodeConformance] [Conformance]" classname="Kubernetes e2e suite" time="115.523230712"></testcase>
      <testcase name="[sig-storage] [Serial] Volume metrics should create volume metrics with the correct PVC ref" classname="Kubernetes e2e suite" time="0">
          <skipped></skipped>
      </testcase>
      <testcase name="[sig-storage] In-tree Volumes [Driver: gcepd] [Testpattern: Pre-provisioned PV (default fs)] subPath should fail if subpath with backstepping is outside the volume [Slow]" classname="Kubernetes e2e suite" time="0">
          <skipped></skipped>
      </testcase>
      <testcase name="[sig-storage] Secrets should be consumable from pods in volume as non-root with defaultMode and fsGroup set [NodeConformance] [Conformance]" classname="Kubernetes e2e suite" time="10.375690895"></testcase>
      <testcase name="[sig-storage] In-tree Volumes [Driver: hostPath] [Testpattern: Dynamic PV (default fs)] subPath should unmount if pod is gracefully deleted while kubelet is down [Disruptive][Slow]" classname="Kubernetes e2e suite" time="0">
          <skipped></skipped>
      </testcase>
      <testcase name="[sig-storage] vcp at scale [Feature:vsphere]  vsphere scale tests" classname="Kubernetes e2e suite" time="0">
          <skipped></skipped>
      </testcase>
      <testcase name="[sig-storage] PersistentVolumes-local  [Volume type: dir-link] Set fsGroup for local volume should not set different fsGroups for two pods simultaneously" classname="Kubernetes e2e suite" time="0">
          <skipped></skipped>
      </testcase>
      <testcase name="[sig-storage] PersistentVolumes:vsphere should test that deleting a PVC before the pod does not cause pod deletion to fail on vsphere volume detach" classname="Kubernetes e2e suite" time="0">
          <skipped></skipped>
      </testcase>
      <testcase name="[sig-network] Loadbalancing: L7 Scalability GCE [Slow] [Serial] [Feature:IngressScale] Creating and updating ingresses should happen promptly with small/medium/large amount of ingresses" classname="Kubernetes e2e suite" time="0">
          <skipped></skipped>
      </testcase>
      <testcase name="[sig-storage] In-tree Volumes [Driver: vSphere] [Testpattern: Pre-provisioned PV (default fs)] subPath should support existing directories when readOnly specified in the volumeSource" classname="Kubernetes e2e suite" time="0">
          <skipped></skipped>
      </testcase>
      <testcase name="[sig-cli] Kubectl client [k8s.io] Kubectl expose should create services for rc  [Conformance]" classname="Kubernetes e2e suite" time="29.072938984"></testcase>
      <testcase name="[sig-storage] In-tree Volumes [Driver: hostPath] [Testpattern: Pre-provisioned PV (block volmode)] volumeMode should fail to create pod by failing to mount volume" classname="Kubernetes e2e suite" time="0">
          <skipped></skipped>
      </testcase>
      <testcase name="[sig-cli] Kubectl client [k8s.io] Kubectl run pod should create a pod from an image when restart is Never  [Conformance]" classname="Kubernetes e2e suite" time="16.024079606"></testcase>
      <testcase name="[sig-storage] In-tree Volumes [Driver: gluster] [Testpattern: Inline-volume (default fs)] subPath should fail if non-existent subpath is outside the volume [Slow]" classname="Kubernetes e2e suite" time="0">
          <skipped></skipped>
      </testcase>
      <testcase name="[sig-storage] In-tree Volumes [Driver: gluster] [Testpattern: Pre-provisioned PV (filesystem volmode)] volumeMode should create sc, pod, pv, and pvc, read/write to the pv, and delete all created resources" classname="Kubernetes e2e suite" time="0">
          <skipped></skipped>
      </testcase>
      <testcase name="[sig-storage] In-tree Volumes [Driver: iscsi][Feature:Volumes] [Testpattern: Pre-provisioned PV (default fs)] subPath should unmount if pod is gracefully deleted while kubelet is down [Disruptive][Slow]" classname="Kubernetes e2e suite" time="0">
          <skipped></skipped>
      </testcase>
      <testcase name="[sig-storage] In-tree Volumes [Driver: nfs] [Testpattern: Dynamic PV (default fs)] provisioning should create and delete block persistent volumes" classname="Kubernetes e2e suite" time="0">
          <skipped></skipped>
      </testcase>
      <testcase name="[sig-storage] Projected downwardAPI should provide podname as non-root with fsgroup [NodeFeature:FSGroup]" classname="Kubernetes e2e suite" time="0">
          <skipped></skipped>
      </testcase>
      <testcase name="[sig-storage] In-tree Volumes [Driver: rbd][Feature:Volumes] [Testpattern: Pre-provisioned PV (default fs)] subPath should fail if subpath file is outside the volume [Slow]" classname="Kubernetes e2e suite" time="0">
          <skipped></skipped>
      </testcase>
      <testcase name="[sig-autoscaling] Cluster size autoscaling [Slow] Shouldn&#39;t perform scale up operation and should list unhealthy status if most of the cluster is broken[Feature:ClusterSizeAutoscalingScaleUp]" classname="Kubernetes e2e suite" time="0">
          <skipped></skipped>
      </testcase>
      <testcase name="[sig-storage] In-tree Volumes [Driver: rbd][Feature:Volumes] [Testpattern: Pre-provisioned PV (default fs)] subPath should support existing single file" classname="Kubernetes e2e suite" time="0">
          <skipped></skipped>
      </testcase>
      <testcase name="[sig-storage] In-tree Volumes [Driver: nfs] [Testpattern: Inline-volume (default fs)] subPath should unmount if pod is gracefully deleted while kubelet is down [Disruptive][Slow]" classname="Kubernetes e2e suite" time="0">
          <skipped></skipped>
      </testcase>
      <testcase name="[sig-storage] PersistentVolumes-local  [Volume type: dir-link-bindmounted] Set fsGroup for local volume should set fsGroup for one pod" classname="Kubernetes e2e suite" time="0">
          <skipped></skipped>
      </testcase>
      <testcase name="[sig-storage] In-tree Volumes [Driver: nfs] [Testpattern: Inline-volume (default fs)] subPath should fail if subpath directory is outside the volume [Slow]" classname="Kubernetes e2e suite" time="0">
          <skipped></skipped>
      </testcase>
      <testcase name="[sig-storage] In-tree Volumes [Driver: emptydir] [Testpattern: Pre-provisioned PV (default fs)] subPath should fail if subpath file is outside the volume [Slow]" classname="Kubernetes e2e suite" time="0">
          <skipped></skipped>
      </testcase>
      <testcase name="[sig-storage] In-tree Volumes [Driver: hostPathSymlink] [Testpattern: Pre-provisioned PV (filesystem volmode)] volumeMode should create sc, pod, pv, and pvc, read/write to the pv, and delete all created resources" classname="Kubernetes e2e suite" time="0">
          <skipped></skipped>
      </testcase>
      <testcase name="[sig-storage] In-tree Volumes [Driver: gcepd] [Testpattern: Dynamic PV (default fs)] subPath should unmount if pod is force deleted while kubelet is down [Disruptive][Slow]" classname="Kubernetes e2e suite" time="0">
          <skipped></skipped>
      </testcase>
      <testcase name="[sig-instrumentation] MetricsGrabber should grab all metrics from a ControllerManager." classname="Kubernetes e2e suite" time="0">
          <skipped></skipped>
      </testcase>
      <testcase name="[sig-storage] In-tree Volumes [Driver: hostPathSymlink] [Testpattern: Pre-provisioned PV (default fs)] subPath should support existing directories when readOnly specified in the volumeSource" classname="Kubernetes e2e suite" time="0">
          <skipped></skipped>
      </testcase>
      <testcase name="[sig-cluster-lifecycle] HA-master [Feature:HAMaster] survive addition/removal replicas multizone workers [Serial][Disruptive]" classname="Kubernetes e2e suite" time="0">
          <skipped></skipped>
      </testcase>
      <testcase name="[sig-storage] In-tree Volumes [Driver: hostPathSymlink] [Testpattern: Dynamic PV (default fs)] subPath should support restarting containers using directory as subpath [Slow]" classname="Kubernetes e2e suite" time="0">
          <skipped></skipped>
      </testcase>
      <testcase name="[sig-storage] CSI Volumes [Driver: csi-hostpath] [Testpattern: Dynamic PV (default fs)] provisioning should provision storage with defaults" classname="Kubernetes e2e suite" time="0">
          <skipped></skipped>
      </testcase>
      <testcase name="[sig-storage] In-tree Volumes [Driver: ceph][Feature:Volumes] [Testpattern: Dynamic PV (xfs)] volumes should be mountable" classname="Kubernetes e2e suite" time="0">
          <skipped></skipped>
      </testcase>
      <testcase name="[sig-storage] In-tree Volumes [Driver: rbd][Feature:Volumes] [Testpattern: Pre-provisioned PV (default fs)] subPath should support existing directories when readOnly specified in the volumeSource" classname="Kubernetes e2e suite" time="0">
          <skipped></skipped>
      </testcase>
      <testcase name="[sig-storage] In-tree Volumes [Driver: gluster] [Testpattern: Dynamic PV (default fs)] subPath should support non-existent path" classname="Kubernetes e2e suite" time="0">
          <skipped></skipped>
      </testcase>
      <testcase name="[sig-storage] In-tree Volumes [Driver: iscsi][Feature:Volumes] [Testpattern: Dynamic PV (default fs)] subPath should support restarting containers using file as subpath [Slow]" classname="Kubernetes e2e suite" time="0">
          <skipped></skipped>
      </testcase>
      <testcase name="[sig-storage] In-tree Volumes [Driver: gluster] [Testpattern: Pre-provisioned PV (default fs)] subPath should support existing directory" classname="Kubernetes e2e suite" time="0">
          <skipped></skipped>
      </testcase>
      <testcase name="[sig-cli] Kubectl client [k8s.io] Update Demo should scale a replication controller  [Conformance]" classname="Kubernetes e2e suite" time="25.638221535"></testcase>
      <testcase name="[sig-storage] CSI Volumes [Driver: pd.csi.storage.gke.io][Feature: gcePD-external] [Testpattern: Dynamic PV (default fs)] subPath should support existing directories when readOnly specified in the volumeSource" classname="Kubernetes e2e suite" time="0">
          <skipped></skipped>
      </testcase>
      <testcase name="[sig-cli] Kubectl Port forwarding [k8s.io] With a server listening on localhost should support forwarding over websockets" classname="Kubernetes e2e suite" time="0">
          <skipped></skipped>
      </testcase>
      <testcase name="[sig-apps] StatefulSet [k8s.io] Deploy clustered applications [Feature:StatefulSet] [Slow] should creating a working CockroachDB cluster" classname="Kubernetes e2e suite" time="0">
          <skipped></skipped>
      </testcase>
      <testcase name="[sig-storage] In-tree Volumes [Driver: emptydir] [Testpattern: Pre-provisioned PV (block volmode)] volumeMode should fail to create pod by failing to mount volume" classname="Kubernetes e2e suite" time="0">
          <skipped></skipped>
      </testcase>
      <testcase name="[sig-storage] ConfigMap should be consumable from pods in volume [NodeConformance] [Conformance]" classname="Kubernetes e2e suite" time="8.350819538"></testcase>
      <testcase name="[sig-storage] Regional PD RegionalPD should failover to a different zone when all nodes in one zone become unreachable [Slow] [Disruptive]" classname="Kubernetes e2e suite" time="0">
          <skipped></skipped>
      </testcase>
      <testcase name="[sig-storage] In-tree Volumes [Driver: vSphere] [Testpattern: Pre-provisioned PV (default fs)] subPath should support existing directory" classname="Kubernetes e2e suite" time="0">
          <skipped></skipped>
      </testcase>
      <testcase name="[sig-network] Proxy version v1 should proxy logs on node with explicit kubelet port using proxy subresource  [Conformance]" classname="Kubernetes e2e suite" time="6.360542234"></testcase>
      <testcase name="[sig-storage] In-tree Volumes [Driver: aws] [Testpattern: Dynamic PV (default fs)] subPath should unmount if pod is gracefully deleted while kubelet is down [Disruptive][Slow]" classname="Kubernetes e2e suite" time="0">
          <skipped></skipped>
      </testcase>
      <testcase name="[sig-storage] In-tree Volumes [Driver: gluster] [Testpattern: Pre-provisioned PV (default fs)] subPath should support restarting containers using file as subpath [Slow]" classname="Kubernetes e2e suite" time="0">
          <skipped></skipped>
      </testcase>
      <testcase name="[sig-storage] In-tree Volumes [Driver: rbd][Feature:Volumes] [Testpattern: Dynamic PV (filesystem volmode)] volumeMode should create sc, pod, pv, and pvc, read/write to the pv, and delete all created resources" classname="Kubernetes e2e suite" time="0">
          <skipped></skipped>
      </testcase>
      <testcase name="[sig-apps] Deployment deployment should delete old replica sets [Conformance]" classname="Kubernetes e2e suite" time="11.368437758"></testcase>
      <testcase name="[sig-auth] PodSecurityPolicy should enforce the restricted policy.PodSecurityPolicy" classname="Kubernetes e2e suite" time="0">
          <skipped></skipped>
      </testcase>
      <testcase name="[sig-storage] In-tree Volumes [Driver: nfs] [Testpattern: Pre-provisioned PV (default fs)] subPath should support restarting containers using directory as subpath [Slow]" classname="Kubernetes e2e suite" time="0">
          <skipped></skipped>
      </testcase>
      <testcase name="[sig-api-machinery] AdmissionWebhook Should unconditionally reject operations on fail closed webhook" classname="Kubernetes e2e suite" time="0">
          <skipped></skipped>
      </testcase>
      <testcase name="[sig-storage] In-tree Volumes [Driver: iscsi][Feature:Volumes] [Testpattern: Dynamic PV (xfs)] volumes should be mountable" classname="Kubernetes e2e suite" time="0">
          <skipped></skipped>
      </testcase>
      <testcase name="[sig-storage] In-tree Volumes [Driver: nfs] [Testpattern: Inline-volume (default fs)] subPath should support readOnly directory specified in the volumeMount" classname="Kubernetes e2e suite" time="0">
          <skipped></skipped>
      </testcase>
      <testcase name="[sig-storage] In-tree Volumes [Driver: hostPathSymlink] [Testpattern: Inline-volume (default fs)] volumeIO should write files of various sizes, verify size, validate content [Slow]" classname="Kubernetes e2e suite" time="0">
          <skipped></skipped>
      </testcase>
      <testcase name="[sig-auth] Metadata Concealment should run a check-metadata-concealment job to completion" classname="Kubernetes e2e suite" time="0">
          <skipped></skipped>
      </testcase>
      <testcase name="[sig-autoscaling] [HPA] Horizontal pod autoscaling (scale resource: Custom Metrics from Stackdriver) should scale up with two External metrics from Stackdriver [Feature:CustomMetricsAutoscaling]" classname="Kubernetes e2e suite" time="0">
          <skipped></skipped>
      </testcase>
      <testcase name="[sig-storage] Downward API volume should provide podname only [NodeConformance] [Conformance]" classname="Kubernetes e2e suite" time="10.336289244"></testcase>
      <testcase name="[sig-storage] In-tree Volumes [Driver: azure] [Testpattern: Inline-volume (default fs)] subPath should support creating multiple subpath from same volumes [Slow]" classname="Kubernetes e2e suite" time="0">
          <skipped></skipped>
      </testcase>
      <testcase name="[sig-storage] In-tree Volumes [Driver: gluster] [Testpattern: Pre-provisioned PV (default fs)] subPath should support file as subpath" classname="Kubernetes e2e suite" time="0">
          <skipped></skipped>
      </testcase>
      <testcase name="[sig-storage] Projected secret should be consumable from pods in volume with defaultMode set [NodeConformance] [Conformance]" classname="Kubernetes e2e suite" time="10.329403122"></testcase>
      <testcase name="[sig-storage] In-tree Volumes [Driver: azure] [Testpattern: Dynamic PV (default fs)] subPath should unmount if pod is force deleted while kubelet is down [Disruptive][Slow]" classname="Kubernetes e2e suite" time="0">
          <skipped></skipped>
      </testcase>
      <testcase name="[k8s.io] [sig-node] PreStop should call prestop when killing a pod  [Conformance]" classname="Kubernetes e2e suite" time="49.341618824"></testcase>
      <testcase name="[sig-storage] In-tree Volumes [Driver: gcepd] [Testpattern: Pre-provisioned PV (default fs)] subPath should support readOnly directory specified in the volumeMount" classname="Kubernetes e2e suite" time="0">
          <skipped></skipped>
      </testcase>
      <testcase name="[sig-network] Networking Granular Checks: Pods should function for intra-pod communication: http [NodeConformance] [Conformance]" classname="Kubernetes e2e suite" time="40.376605384"></testcase>
      <testcase name="[sig-storage] CSI Volumes [Driver: csi-hostpath-v0] [Testpattern: Dynamic PV (default fs)] subPath should support readOnly file specified in the volumeMount" classname="Kubernetes e2e suite" time="0">
          <skipped></skipped>
      </testcase>
      <testcase name="[sig-storage] In-tree Volumes [Driver: ceph][Feature:Volumes] [Testpattern: Inline-volume (default fs)] volumeIO should write files of various sizes, verify size, validate content [Slow]" classname="Kubernetes e2e suite" time="0">
          <skipped></skipped>
      </testcase>
      <testcase name="[sig-storage] CSI Volumes [Driver: csi-hostpath] [Testpattern: Dynamic PV (default fs)] volumeIO should write files of various sizes, verify size, validate content [Slow]" classname="Kubernetes e2e suite" time="0">
          <skipped></skipped>
      </testcase>
      <testcase name="[k8s.io] Pods should support remote command execution over websockets [NodeConformance] [Conformance]" classname="Kubernetes e2e suite" time="42.391281825"></testcase>
      <testcase name="[sig-storage] In-tree Volumes [Driver: hostPath] [Testpattern: Dynamic PV (default fs)] subPath should unmount if pod is force deleted while kubelet is down [Disruptive][Slow]" classname="Kubernetes e2e suite" time="0">
          <skipped></skipped>
      </testcase>
      <testcase name="[sig-storage] In-tree Volumes [Driver: azure] [Testpattern: Inline-volume (default fs)] subPath should support restarting containers using file as subpath [Slow]" classname="Kubernetes e2e suite" time="0">
          <skipped></skipped>
      </testcase>
      <testcase name="[sig-storage] In-tree Volumes [Driver: gcepd] [Testpattern: Pre-provisioned PV (default fs)] subPath should fail if subpath file is outside the volume [Slow]" classname="Kubernetes e2e suite" time="0">
          <skipped></skipped>
      </testcase>
      <testcase name="[sig-storage] Dynamic Provisioning DynamicProvisioner [Slow] deletion should be idempotent" classname="Kubernetes e2e suite" time="0">
          <skipped></skipped>
      </testcase>
      <testcase name="[sig-storage] In-tree Volumes [Driver: cinder] [Testpattern: Inline-volume (default fs)] subPath should support creating multiple subpath from same volumes [Slow]" classname="Kubernetes e2e suite" time="0">
          <skipped></skipped>
      </testcase>
      <testcase name="[k8s.io] Sysctls [NodeFeature:Sysctls] should support sysctls" classname="Kubernetes e2e suite" time="0">
          <skipped></skipped>
      </testcase>
      <testcase name="[sig-apps] StatefulSet [k8s.io] Basic StatefulSet functionality [StatefulSetBasic] should perform rolling updates and roll backs of template modifications with PVCs" classname="Kubernetes e2e suite" time="0">
          <skipped></skipped>
      </testcase>
      <testcase name="[sig-storage] In-tree Volumes [Driver: vSphere] [Testpattern: Pre-provisioned PV (ext3)] volumes should be mountable" classname="Kubernetes e2e suite" time="0">
          <skipped></skipped>
      </testcase>
      <testcase name="[sig-storage] In-tree Volumes [Driver: nfs] [Testpattern: Dynamic PV (default fs)] subPath should unmount if pod is gracefully deleted while kubelet is down [Disruptive][Slow]" classname="Kubernetes e2e suite" time="0">
          <skipped></skipped>
      </testcase>
      <testcase name="[sig-storage] In-tree Volumes [Driver: nfs] [Testpattern: Dynamic PV (xfs)] volumes should be mountable" classname="Kubernetes e2e suite" time="0">
          <skipped></skipped>
      </testcase>
      <testcase name="[sig-storage] PersistentVolumes-local  [Volume type: dir-link] Two pods mounting a local volume at the same time should be able to write from pod1 and read from pod2" classname="Kubernetes e2e suite" time="0">
          <skipped></skipped>
      </testcase>
      <testcase name="[sig-storage] EmptyDir volumes when FSGroup is specified [NodeFeature:FSGroup] volume on tmpfs should have the correct mode using FSGroup" classname="Kubernetes e2e suite" time="0">
          <skipped></skipped>
      </testcase>
      <testcase name="[sig-storage] In-tree Volumes [Driver: iscsi][Feature:Volumes] [Testpattern: Dynamic PV (default fs)] subPath should support readOnly directory specified in the volumeMount" classname="Kubernetes e2e suite" time="0">
          <skipped></skipped>
      </testcase>
      <testcase name="[sig-autoscaling] Cluster size autoscaling [Slow] shouldn&#39;t increase cluster size if pending pod is too large [Feature:ClusterSizeAutoscalingScaleUp]" classname="Kubernetes e2e suite" time="0">
          <skipped></skipped>
      </testcase>
      <testcase name="[sig-storage] In-tree Volumes [Driver: ceph][Feature:Volumes] [Testpattern: Pre-provisioned PV (default fs)] subPath should support restarting containers using directory as subpath [Slow]" classname="Kubernetes e2e suite" time="0">
          <skipped></skipped>
      </testcase>
      <testcase name="[sig-storage] CSI Volumes [Driver: pd.csi.storage.gke.io][Serial] [Testpattern: Dynamic PV (default fs)] subPath should support file as subpath" classname="Kubernetes e2e suite" time="0">
          <skipped></skipped>
      </testcase>
      <testcase name="[sig-storage] Projected downwardAPI should update labels on modification [NodeConformance] [Conformance]" classname="Kubernetes e2e suite" time="28.843969957"></testcase>
      <testcase name="[sig-storage] In-tree Volumes [Driver: iscsi][Feature:Volumes] [Testpattern: Inline-volume (default fs)] subPath should support restarting containers using directory as subpath [Slow]" classname="Kubernetes e2e suite" time="0">
          <skipped></skipped>
      </testcase>
      <testcase name="[sig-storage] EmptyDir volumes when FSGroup is specified [NodeFeature:FSGroup] new files should be created with FSGroup ownership when container is root" classname="Kubernetes e2e suite" time="0">
          <skipped></skipped>
      </testcase>
      <testcase name="[sig-storage] In-tree Volumes [Driver: hostPathSymlink] [Testpattern: Pre-provisioned PV (default fs)] subPath should support existing single file" classname="Kubernetes e2e suite" time="0">
          <skipped></skipped>
      </testcase>
      <testcase name="[sig-storage] In-tree Volumes [Driver: hostPath] [Testpattern: Pre-provisioned PV (default fs)] subPath should support existing directories when readOnly specified in the volumeSource" classname="Kubernetes e2e suite" time="0">
          <skipped></skipped>
      </testcase>
      <testcase name="[sig-node] ConfigMap should fail to create configMap in volume due to empty configmap key" classname="Kubernetes e2e suite" time="0">
          <skipped></skipped>
      </testcase>
      <testcase name="[sig-storage] In-tree Volumes [Driver: emptydir] [Testpattern: Inline-volume (default fs)] volumeIO should write files of various sizes, verify size, validate content [Slow]" classname="Kubernetes e2e suite" time="0">
          <skipped></skipped>
      </testcase>
      <testcase name="[sig-storage] PersistentVolumes GCEPD should test that deleting a PVC before the pod does not cause pod deletion to fail on PD detach" classname="Kubernetes e2e suite" time="0">
          <skipped></skipped>
      </testcase>
      <testcase name="[sig-apps] ReplicaSet should surface a failure condition on a common issue like exceeded quota" classname="Kubernetes e2e suite" time="0">
          <skipped></skipped>
      </testcase>
      <testcase name="[sig-storage] In-tree Volumes [Driver: iscsi][Feature:Volumes] [Testpattern: Pre-provisioned PV (default fs)] subPath should support file as subpath" classname="Kubernetes e2e suite" time="0">
          <skipped></skipped>
      </testcase>
      <testcase name="[sig-storage] In-tree Volumes [Driver: gcepd] [Testpattern: Inline-volume (default fs)] subPath should fail if subpath directory is outside the volume [Slow]" classname="Kubernetes e2e suite" time="0">
          <skipped></skipped>
      </testcase>
      <testcase name="[sig-storage] In-tree Volumes [Driver: iscsi][Feature:Volumes] [Testpattern: Inline-volume (default fs)] volumeIO should write files of various sizes, verify size, validate content [Slow]" classname="Kubernetes e2e suite" time="0">
          <skipped></skipped>
      </testcase>
      <testcase name="[sig-storage] In-tree Volumes [Driver: vSphere] [Testpattern: Dynamic PV (default fs)] volumeIO should write files of various sizes, verify size, validate content [Slow]" classname="Kubernetes e2e suite" time="0">
          <skipped></skipped>
      </testcase>
      <testcase name="[k8s.io] [Feature:NodeLease][NodeAlphaFeature:NodeLease] when the NodeLease feature is enabled the kubelet should create and update a lease in the kube-node-lease namespace" classname="Kubernetes e2e suite" time="0">
          <skipped></skipped>
      </testcase>
      <testcase name="[sig-storage] CSI Volumes [Driver: csi-hostpath] [Testpattern: Dynamic PV (ext3)] volumes should be mountable" classname="Kubernetes e2e suite" time="0">
          <skipped></skipped>
      </testcase>
      <testcase name="[sig-storage] In-tree Volumes [Driver: rbd][Feature:Volumes] [Testpattern: Inline-volume (default fs)] volumeIO should write files of various sizes, verify size, validate content [Slow]" classname="Kubernetes e2e suite" time="0">
          <skipped></skipped>
      </testcase>
      <testcase name="[sig-storage] In-tree Volumes [Driver: ceph][Feature:Volumes] [Testpattern: Dynamic PV (default fs)] subPath should unmount if pod is gracefully deleted while kubelet is down [Disruptive][Slow]" classname="Kubernetes e2e suite" time="0">
          <skipped></skipped>
      </testcase>
      <testcase name="[sig-storage] In-tree Volumes [Driver: rbd][Feature:Volumes] [Testpattern: Dynamic PV (default fs)] provisioning should provision storage with mount options" classname="Kubernetes e2e suite" time="0">
          <skipped></skipped>
      </testcase>
      <testcase name="[sig-cluster-lifecycle] HA-master [Feature:HAMaster] survive addition/removal replicas same zone [Serial][Disruptive]" classname="Kubernetes e2e suite" time="0">
          <skipped></skipped>
      </testcase>
      <testcase name="[sig-autoscaling] DNS horizontal autoscaling [Serial] [Slow] kube-dns-autoscaler should scale kube-dns pods when cluster size changed" classname="Kubernetes e2e suite" time="0">
          <skipped></skipped>
      </testcase>
      <testcase name="[sig-storage] In-tree Volumes [Driver: aws] [Testpattern: Inline-volume (default fs)] subPath should unmount if pod is gracefully deleted while kubelet is down [Disruptive][Slow]" classname="Kubernetes e2e suite" time="0">
          <skipped></skipped>
      </testcase>
      <testcase name="[sig-storage] In-tree Volumes [Driver: cinder] [Testpattern: Dynamic PV (default fs)] subPath should support readOnly directory specified in the volumeMount" classname="Kubernetes e2e suite" time="0">
          <skipped></skipped>
      </testcase>
      <testcase name="[sig-storage] Mounted volume expand[Slow] Should verify mounted devices can be resized" classname="Kubernetes e2e suite" time="0">
          <skipped></skipped>
      </testcase>
      <testcase name="[sig-storage] Downward API volume should provide podname as non-root with fsgroup [NodeFeature:FSGroup]" classname="Kubernetes e2e suite" time="0">
          <skipped></skipped>
      </testcase>
      <testcase name="[sig-storage] Projected configMap should be consumable in multiple volumes in the same pod [NodeConformance] [Conformance]" classname="Kubernetes e2e suite" time="8.310158732"></testcase>
      <testcase name="[sig-storage] GCP Volumes NFSv3 should be mountable for NFSv3" classname="Kubernetes e2e suite" time="0">
          <skipped></skipped>
      </testcase>
      <testcase name="[sig-cluster-lifecycle] ingress Downgrade [Feature:IngressDowngrade] ingress downgrade should maintain a functioning ingress" classname="Kubernetes e2e suite" time="0">
          <skipped></skipped>
      </testcase>
      <testcase name="[sig-storage] PersistentVolumes-local  [Volume type: blockfswithformat] One pod requesting one prebound PVC should be able to mount volume and write from pod1" classname="Kubernetes e2e suite" time="0">
          <skipped></skipped>
      </testcase>
      <testcase name="[sig-storage] In-tree Volumes [Driver: ceph][Feature:Volumes] [Testpattern: Inline-volume (default fs)] subPath should fail if non-existent subpath is outside the volume [Slow]" classname="Kubernetes e2e suite" time="0">
          <skipped></skipped>
      </testcase>
      <testcase name="[sig-cluster-lifecycle] gpu Upgrade [Feature:GPUUpgrade] cluster upgrade should be able to run gpu pod after upgrade [Feature:GPUClusterUpgrade]" classname="Kubernetes e2e suite" time="0">
          <skipped></skipped>
      </testcase>
      <testcase name="[sig-storage] In-tree Volumes [Driver: cinder] [Testpattern: Dynamic PV (default fs)] volumeIO should write files of various sizes, verify size, validate content [Slow]" classname="Kubernetes e2e suite" time="0">
          <skipped></skipped>
      </testcase>
      <testcase name="[sig-storage] In-tree Volumes [Driver: emptydir] [Testpattern: Dynamic PV (default fs)] subPath should support restarting containers using directory as subpath [Slow]" classname="Kubernetes e2e suite" time="0">
          <skipped></skipped>
      </testcase>
      <testcase name="[sig-scheduling] SchedulerPreemption [Serial] validates basic preemption works" classname="Kubernetes e2e suite" time="0">
          <skipped></skipped>
      </testcase>
      <testcase name="[sig-network] DNS configMap nameserver [Feature:Networking-IPv6] Forward external name lookup should forward externalname lookup to upstream nameserver [Slow][Serial]" classname="Kubernetes e2e suite" time="0">
          <skipped></skipped>
      </testcase>
      <testcase name="[sig-storage] CSI Volumes [Driver: pd.csi.storage.gke.io][Serial] [Testpattern: Dynamic PV (default fs)] provisioning should provision storage with mount options" classname="Kubernetes e2e suite" time="0">
          <skipped></skipped>
      </testcase>
      <testcase name="[sig-storage] PersistentVolumes NFS with multiple PVs and PVCs all in same ns should create 3 PVs and 3 PVCs: test write access" classname="Kubernetes e2e suite" time="0">
          <skipped></skipped>
      </testcase>
      <testcase name="[sig-network] DNS should provide DNS for ExternalName services" classname="Kubernetes e2e suite" time="0">
          <skipped></skipped>
      </testcase>
      <testcase name="[k8s.io] Pods should contain environment variables for services [NodeConformance] [Conformance]" classname="Kubernetes e2e suite" time="56.452814461"></testcase>
      <testcase name="[sig-storage] In-tree Volumes [Driver: hostPath] [Testpattern: Inline-volume (default fs)] subPath should fail if subpath with backstepping is outside the volume [Slow]" classname="Kubernetes e2e suite" time="0">
          <skipped></skipped>
      </testcase>
      <testcase name="[sig-storage] In-tree Volumes [Driver: emptydir] [Testpattern: Dynamic PV (default fs)] subPath should support non-existent path" classname="Kubernetes e2e suite" time="0">
          <skipped></skipped>
      </testcase>
      <testcase name="[sig-storage] PersistentVolumes-local  [Volume type: dir-link-bindmounted] One pod requesting one prebound PVC should be able to mount volume and write from pod1" classname="Kubernetes e2e suite" time="0">
          <skipped></skipped>
      </testcase>
      <testcase name="[sig-storage] In-tree Volumes [Driver: gcepd] [Testpattern: Dynamic PV (default fs)] provisioning should create and delete block persistent volumes" classname="Kubernetes e2e suite" time="0">
          <skipped></skipped>
      </testcase>
      <testcase name="[sig-storage] CSI Volumes [Driver: csi-hostpath] [Testpattern: Dynamic PV (default fs)] subPath should fail if subpath directory is outside the volume [Slow]" classname="Kubernetes e2e suite" time="0">
          <skipped></skipped>
      </testcase>
      <testcase name="[k8s.io] Variable Expansion should allow substituting values in a container&#39;s args [NodeConformance] [Conformance]" classname="Kubernetes e2e suite" time="8.315948141"></testcase>
      <testcase name="[sig-storage] CSI Volumes [Driver: csi-hostpath-v0] [Testpattern: Dynamic PV (default fs)] subPath should support creating multiple subpath from same volumes [Slow]" classname="Kubernetes e2e suite" time="0">
          <skipped></skipped>
      </testcase>
      <testcase name="[sig-storage] In-tree Volumes [Driver: vSphere] [Testpattern: Inline-volume (default fs)] subPath should fail if non-existent subpath is outside the volume [Slow]" classname="Kubernetes e2e suite" time="0">
          <skipped></skipped>
      </testcase>
      <testcase name="[sig-storage] In-tree Volumes [Driver: iscsi][Feature:Volumes] [Testpattern: Inline-volume (default fs)] subPath should unmount if pod is gracefully deleted while kubelet is down [Disruptive][Slow]" classname="Kubernetes e2e suite" time="0">
          <skipped></skipped>
      </testcase>
      <testcase name="[sig-storage] CSI Volumes [Driver: pd.csi.storage.gke.io][Serial] [Testpattern: Dynamic PV (default fs)] provisioning should create and delete block persistent volumes" classname="Kubernetes e2e suite" time="0">
          <skipped></skipped>
      </testcase>
      <testcase name="[sig-storage] In-tree Volumes [Driver: nfs] [Testpattern: Pre-provisioned PV (ext4)] volumes should be mountable" classname="Kubernetes e2e suite" time="0">
          <skipped></skipped>
      </testcase>
      <testcase name="[k8s.io] Variable Expansion should allow substituting values in a volume subpath [Feature:VolumeSubpathEnvExpansion][NodeAlphaFeature:VolumeSubpathEnvExpansion]" classname="Kubernetes e2e suite" time="0">
          <skipped></skipped>
      </testcase>
      <testcase name="[sig-network] Services should preserve source pod IP for traffic thru service cluster IP" classname="Kubernetes e2e suite" time="0">
          <skipped></skipped>
      </testcase>
      <testcase name="[sig-storage] In-tree Volumes [Driver: rbd][Feature:Volumes] [Testpattern: Inline-volume (default fs)] subPath should fail if non-existent subpath is outside the volume [Slow]" classname="Kubernetes e2e suite" time="0">
          <skipped></skipped>
      </testcase>
      <testcase name="[k8s.io] Probing container should *not* be restarted with a exec &#34;cat /tmp/health&#34; liveness probe [NodeConformance] [Conformance]" classname="Kubernetes e2e suite" time="249.129327979"></testcase>
      <testcase name="[sig-cli] Kubectl client [k8s.io] Update Demo should create and stop a replication controller  [Conformance]" classname="Kubernetes e2e suite" time="28.849963887"></testcase>
      <testcase name="[sig-scheduling] ResourceQuota [Feature:PodPriority] should verify ResourceQuota&#39;s priority class scope (quota set to pod count: 1) against 2 pods with different priority class." classname="Kubernetes e2e suite" time="0">
          <skipped></skipped>
      </testcase>
      <testcase name="[sig-storage] In-tree Volumes [Driver: ceph][Feature:Volumes] [Testpattern: Dynamic PV (default fs)] subPath should support restarting containers using directory as subpath [Slow]" classname="Kubernetes e2e suite" time="0">
          <skipped></skipped>
      </testcase>
      <testcase name="[sig-storage] In-tree Volumes [Driver: iscsi][Feature:Volumes] [Testpattern: Pre-provisioned PV (default fs)] volumes should be mountable" classname="Kubernetes e2e suite" time="0">
          <skipped></skipped>
      </testcase>
      <testcase name="[sig-cli] Kubectl client [k8s.io] Simple pod should support inline execution and attach" classname="Kubernetes e2e suite" time="0">
          <skipped></skipped>
      </testcase>
      <testcase name="[k8s.io] Container Runtime blackbox test when running a container with a new image should not be able to pull non-existing image from gcr.io [NodeConformance]" classname="Kubernetes e2e suite" time="0">
          <skipped></skipped>
      </testcase>
      <testcase name="[sig-storage] Volume Disk Format [Feature:vsphere] verify disk format type - zeroedthick is honored for dynamically provisioned pv using storageclass" classname="Kubernetes e2e suite" time="0">
          <skipped></skipped>
      </testcase>
      <testcase name="[sig-storage] Projected configMap should be consumable from pods in volume with mappings [NodeConformance] [Conformance]" classname="Kubernetes e2e suite" time="10.315028549"></testcase>
      <testcase name="[sig-storage] CSI Volumes [Driver: pd.csi.storage.gke.io][Feature: gcePD-external] [Testpattern: Dynamic PV (default fs)] subPath should support non-existent path" classname="Kubernetes e2e suite" time="0">
          <skipped></skipped>
      </testcase>
      <testcase name="[sig-storage] In-tree Volumes [Driver: gcepd] [Testpattern: Inline-volume (default fs)] subPath should fail if subpath with backstepping is outside the volume [Slow]" classname="Kubernetes e2e suite" time="0">
          <skipped></skipped>
      </testcase>
      <testcase name="[sig-storage] Volume Placement should create and delete pod with the same volume source on the same worker node" classname="Kubernetes e2e suite" time="0">
          <skipped></skipped>
      </testcase>
      <testcase name="[sig-autoscaling] [HPA] Horizontal pod autoscaling (scale resource: Custom Metrics from Stackdriver) should scale down with External Metric with target average value from Stackdriver [Feature:CustomMetricsAutoscaling]" classname="Kubernetes e2e suite" time="0">
          <skipped></skipped>
      </testcase>
      <testcase name="[sig-storage] In-tree Volumes [Driver: cinder] [Testpattern: Dynamic PV (default fs)] subPath should unmount if pod is gracefully deleted while kubelet is down [Disruptive][Slow]" classname="Kubernetes e2e suite" time="0">
          <skipped></skipped>
      </testcase>
      <testcase name="[sig-storage] In-tree Volumes [Driver: vSphere] [Testpattern: Dynamic PV (default fs)] subPath should support readOnly directory specified in the volumeMount" classname="Kubernetes e2e suite" time="0">
          <skipped></skipped>
      </testcase>
      <testcase name="[sig-autoscaling] [HPA] Horizontal pod autoscaling (scale resource: CPU) [sig-autoscaling] [Serial] [Slow] ReplicationController Should scale from 5 pods to 3 pods and from 3 to 1 and verify decision stability" classname="Kubernetes e2e suite" time="0">
          <skipped></skipped>
      </testcase>
      <testcase name="[sig-storage] In-tree Volumes [Driver: azure] [Testpattern: Dynamic PV (default fs)] subPath should support readOnly file specified in the volumeMount" classname="Kubernetes e2e suite" time="0">
          <skipped></skipped>
      </testcase>
      <testcase name="[sig-storage] In-tree Volumes [Driver: cinder] [Testpattern: Pre-provisioned PV (default fs)] subPath should support creating multiple subpath from same volumes [Slow]" classname="Kubernetes e2e suite" time="0">
          <skipped></skipped>
      </testcase>
      <testcase name="[sig-scheduling] NoExecuteTaintManager Multiple Pods [Serial] evicts pods with minTolerationSeconds" classname="Kubernetes e2e suite" time="0">
          <skipped></skipped>
      </testcase>
      <testcase name="[sig-instrumentation] Stackdriver Monitoring should have accelerator metrics [Feature:StackdriverAcceleratorMonitoring]" classname="Kubernetes e2e suite" time="0">
          <skipped></skipped>
      </testcase>
      <testcase name="[sig-storage] In-tree Volumes [Driver: azure] [Testpattern: Inline-volume (default fs)] subPath should support non-existent path" classname="Kubernetes e2e suite" time="0">
          <skipped></skipped>
      </testcase>
      <testcase name="[sig-storage] In-tree Volumes [Driver: gluster] [Testpattern: Dynamic PV (block volmode)] volumeMode should fail in binding dynamic provisioned PV to PVC" classname="Kubernetes e2e suite" time="0">
          <skipped></skipped>
      </testcase>
      <testcase name="[sig-storage] In-tree Volumes [Driver: aws] [Testpattern: Inline-volume (default fs)] subPath should fail if subpath with backstepping is outside the volume [Slow]" classname="Kubernetes e2e suite" time="0">
          <skipped></skipped>
      </testcase>
      <testcase name="[sig-storage] EmptyDir volumes should support (root,0644,default) [NodeConformance] [Conformance]" classname="Kubernetes e2e suite" time="10.351003064"></testcase>
      <testcase name="[sig-storage] In-tree Volumes [Driver: emptydir] [Testpattern: Pre-provisioned PV (default fs)] subPath should fail if subpath with backstepping is outside the volume [Slow]" classname="Kubernetes e2e suite" time="0">
          <skipped></skipped>
      </testcase>
      <testcase name="[sig-storage] In-tree Volumes [Driver: rbd][Feature:Volumes] [Testpattern: Inline-volume (ext3)] volumes should be mountable" classname="Kubernetes e2e suite" time="0">
          <skipped></skipped>
      </testcase>
      <testcase name="[k8s.io] Pods should support retrieving logs from the container over websockets [NodeConformance] [Conformance]" classname="Kubernetes e2e suite" time="52.326263053"></testcase>
      <testcase name="[sig-storage] Regional PD RegionalPD should provision storage with delayed binding [Slow]" classname="Kubernetes e2e suite" time="0">
          <skipped></skipped>
      </testcase>
      <testcase name="[sig-storage] CSI Volumes [Driver: pd.csi.storage.gke.io][Feature: gcePD-external] [Testpattern: Dynamic PV (default fs)] subPath should fail if subpath file is outside the volume [Slow]" classname="Kubernetes e2e suite" time="0">
          <skipped></skipped>
      </testcase>
      <testcase name="[sig-network] Networking IPerf IPv6 [Experimental] [Feature:Networking-IPv6] [Slow] [Feature:Networking-Performance] should transfer ~ 1GB onto the service endpoint 1 servers (maximum of 1 clients)" classname="Kubernetes e2e suite" time="0">
          <skipped></skipped>
      </testcase>
      <testcase name="[sig-scheduling] ResourceQuota [Feature:PodPriority] should verify ResourceQuota&#39;s priority class scope (quota set to pod count: 1) against 2 pods with same priority class." classname="Kubernetes e2e suite" time="0">
          <skipped></skipped>
      </testcase>
      <testcase name="[sig-storage] In-tree Volumes [Driver: vSphere] [Testpattern: Inline-volume (default fs)] volumes should be mountable" classname="Kubernetes e2e suite" time="0">
          <skipped></skipped>
      </testcase>
      <testcase name="[sig-apps] Network Partition [Disruptive] [Slow] [k8s.io] Pods should be evicted from unready Node [Feature:TaintEviction] All pods on the unreachable node should be marked as NotReady upon the node turn NotReady AND all pods should be evicted after eviction timeout passes" classname="Kubernetes e2e suite" time="0">
          <skipped></skipped>
      </testcase>
      <testcase name="[sig-apps] CronJob should replace jobs when ReplaceConcurrent" classname="Kubernetes e2e suite" time="0">
          <skipped></skipped>
      </testcase>
      <testcase name="[sig-scalability] Density [Feature:ManualPerformance] should allow starting 30 pods per node using ReplicationController with 0 secrets, 0 configmaps, 0 token projections, and 2 daemons" classname="Kubernetes e2e suite" time="0">
          <skipped></skipped>
      </testcase>
      <testcase name="[sig-autoscaling] Cluster size autoscaling [Slow] should scale down when expendable pod is running [Feature:ClusterSizeAutoscalingScaleDown]" classname="Kubernetes e2e suite" time="0">
          <skipped></skipped>
      </testcase>
      <testcase name="[sig-storage] In-tree Volumes [Driver: hostPath] [Testpattern: Inline-volume (default fs)] subPath should fail if non-existent subpath is outside the volume [Slow]" classname="Kubernetes e2e suite" time="0">
          <skipped></skipped>
      </testcase>
      <testcase name="[sig-api-machinery] Garbage collector should orphan RS created by deployment when deleteOptions.PropagationPolicy is Orphan [Conformance]" classname="Kubernetes e2e suite" time="36.794864347"></testcase>
      <testcase name="[sig-storage] In-tree Volumes [Driver: ceph][Feature:Volumes] [Testpattern: Dynamic PV (default fs)] subPath should support existing directories when readOnly specified in the volumeSource" classname="Kubernetes e2e suite" time="0">
          <skipped></skipped>
      </testcase>
      <testcase name="[k8s.io] Pods should get a host IP [NodeConformance] [Conformance]" classname="Kubernetes e2e suite" time="26.328164612"></testcase>
      <testcase name="[sig-storage] In-tree Volumes [Driver: gluster] [Testpattern: Dynamic PV (ext3)] volumes should be mountable" classname="Kubernetes e2e suite" time="0">
          <skipped></skipped>
      </testcase>
      <testcase name="[sig-apps] Network Partition [Disruptive] [Slow] [k8s.io] [StatefulSet] should not reschedule stateful pods if there is a network partition [Slow] [Disruptive]" classname="Kubernetes e2e suite" time="0">
          <skipped></skipped>
      </testcase>
      <testcase name="[sig-storage] EmptyDir wrapper volumes should not cause race condition when used for git_repo [Serial] [Slow]" classname="Kubernetes e2e suite" time="0">
          <skipped></skipped>
      </testcase>
      <testcase name="[k8s.io] Variable Expansion should allow composing env vars into new env vars [NodeConformance] [Conformance]" classname="Kubernetes e2e suite" time="10.331010184"></testcase>
      <testcase name="[sig-cluster-lifecycle] kube-proxy migration [Feature:KubeProxyDaemonSetMigration] Downgrade kube-proxy from a DaemonSet to static pods should maintain a functioning cluster [Feature:KubeProxyDaemonSetDowngrade]" classname="Kubernetes e2e suite" time="0">
          <skipped></skipped>
      </testcase>
      <testcase name="[sig-network] Services should have session affinity work for LoadBalancer service with ESIPP off [Slow] [DisabledForLargeClusters]" classname="Kubernetes e2e suite" time="0">
          <skipped></skipped>
      </testcase>
      <testcase name="[sig-storage] Volume Provisioning On Clustered Datastore [Feature:vsphere] verify dynamic provision with default parameter on clustered datastore" classname="Kubernetes e2e suite" time="0">
          <skipped></skipped>
      </testcase>
      <testcase name="[sig-storage] In-tree Volumes [Driver: vSphere] [Testpattern: Dynamic PV (default fs)] subPath should unmount if pod is gracefully deleted while kubelet is down [Disruptive][Slow]" classname="Kubernetes e2e suite" time="0">
          <skipped></skipped>
      </testcase>
      <testcase name="[sig-storage] Dynamic Provisioning [k8s.io] GlusterDynamicProvisioner should create and delete persistent volumes [fast]" classname="Kubernetes e2e suite" time="0">
          <skipped></skipped>
      </testcase>
      <testcase name="[sig-storage] In-tree Volumes [Driver: cinder] [Testpattern: Inline-volume (xfs)] volumes should be mountable" classname="Kubernetes e2e suite" time="0">
          <skipped></skipped>
      </testcase>
      <testcase name="[sig-storage] In-tree Volumes [Driver: azure] [Testpattern: Dynamic PV (default fs)] provisioning should create and delete block persistent volumes" classname="Kubernetes e2e suite" time="0">
          <skipped></skipped>
      </testcase>
      <testcase name="[sig-storage] PersistentVolumes-local  [Volume type: block] Set fsGroup for local volume should set different fsGroup for second pod if first pod is deleted" classname="Kubernetes e2e suite" time="0">
          <skipped></skipped>
      </testcase>
      <testcase name="[sig-apps] Deployment test Deployment ReplicaSet orphaning and adoption regarding controllerRef" classname="Kubernetes e2e suite" time="0">
          <skipped></skipped>
      </testcase>
      <testcase name="[sig-network] Loadbalancing: L7 GCE [Slow] [Feature:NEG] should be able to switch between IG and NEG modes" classname="Kubernetes e2e suite" time="0">
          <skipped></skipped>
      </testcase>
      <testcase name="[k8s.io] EquivalenceCache [Serial] validates GeneralPredicates is properly invalidated when a pod is scheduled [Slow]" classname="Kubernetes e2e suite" time="0">
          <skipped></skipped>
      </testcase>
      <testcase name="[sig-storage] In-tree Volumes [Driver: aws] [Testpattern: Dynamic PV (default fs)] subPath should fail if subpath with backstepping is outside the volume [Slow]" classname="Kubernetes e2e suite" time="0">
          <skipped></skipped>
      </testcase>
      <testcase name="[sig-storage] In-tree Volumes [Driver: vSphere] [Testpattern: Pre-provisioned PV (default fs)] subPath should support creating multiple subpath from same volumes [Slow]" classname="Kubernetes e2e suite" time="0">
          <skipped></skipped>
      </testcase>
      <testcase name="[sig-api-machinery] CustomResourceConversionWebhook [Feature:CustomResourceWebhookConversion] Should be able to convert a non homogeneous list of CRs" classname="Kubernetes e2e suite" time="0">
          <skipped></skipped>
      </testcase>
      <testcase name="[sig-storage] In-tree Volumes [Driver: iscsi][Feature:Volumes] [Testpattern: Inline-volume (default fs)] subPath should support file as subpath" classname="Kubernetes e2e suite" time="0">
          <skipped></skipped>
      </testcase>
      <testcase name="[sig-network] Services [Feature:GCEAlphaFeature][Slow] should be able to create and tear down a standard-tier load balancer [Slow]" classname="Kubernetes e2e suite" time="0">
          <skipped></skipped>
      </testcase>
      <testcase name="[sig-storage] In-tree Volumes [Driver: rbd][Feature:Volumes] [Testpattern: Dynamic PV (default fs)] subPath should support restarting containers using file as subpath [Slow]" classname="Kubernetes e2e suite" time="0">
          <skipped></skipped>
      </testcase>
      <testcase name="[sig-storage] ConfigMap should be consumable from pods in volume as non-root [NodeConformance] [Conformance]" classname="Kubernetes e2e suite" time="10.320603996"></testcase>
      <testcase name="[sig-storage] In-tree Volumes [Driver: gcepd] [Testpattern: Pre-provisioned PV (default fs)] subPath should unmount if pod is gracefully deleted while kubelet is down [Disruptive][Slow]" classname="Kubernetes e2e suite" time="0">
          <skipped></skipped>
      </testcase>
      <testcase name="[k8s.io] Container Runtime blackbox test when starting a container that exits should run with the expected status [NodeConformance] [Conformance]" classname="Kubernetes e2e suite" time="28.634881146"></testcase>
      <testcase name="[sig-storage] In-tree Volumes [Driver: azure] [Testpattern: Inline-volume (default fs)] subPath should fail if non-existent subpath is outside the volume [Slow]" classname="Kubernetes e2e suite" time="0">
          <skipped></skipped>
      </testcase>
      <testcase name="[sig-storage] In-tree Volumes [Driver: aws] [Testpattern: Dynamic PV (default fs)] provisioning should provision storage with mount options" classname="Kubernetes e2e suite" time="0">
          <skipped></skipped>
      </testcase>
      <testcase name="[sig-storage] In-tree Volumes [Driver: hostPath] [Testpattern: Pre-provisioned PV (ext4)] volumes should be mountable" classname="Kubernetes e2e suite" time="0">
          <skipped></skipped>
      </testcase>
      <testcase name="[sig-apps] ReplicaSet should serve a basic image on each replica with a public image  [Conformance]" classname="Kubernetes e2e suite" time="16.307175756"></testcase>
      <testcase name="[sig-cli] Kubectl client [k8s.io] Kubectl rolling-update should support rolling-update to same image  [Conformance]" classname="Kubernetes e2e suite" time="43.714866658"></testcase>
      <testcase name="[sig-apps] StatefulSet [k8s.io] Basic StatefulSet functionality [StatefulSetBasic] Should recreate evicted statefulset [Conformance]" classname="Kubernetes e2e suite" time="24.468825358"></testcase>
      <testcase name="[sig-storage] In-tree Volumes [Driver: rbd][Feature:Volumes] [Testpattern: Pre-provisioned PV (default fs)] subPath should unmount if pod is gracefully deleted while kubelet is down [Disruptive][Slow]" classname="Kubernetes e2e suite" time="0">
          <skipped></skipped>
      </testcase>
      <testcase name="[sig-network] Services should be able to switch session affinity for service with type clusterIP" classname="Kubernetes e2e suite" time="0">
          <skipped></skipped>
      </testcase>
      <testcase name="[sig-storage] In-tree Volumes [Driver: hostPath] [Testpattern: Inline-volume (ext4)] volumes should be mountable" classname="Kubernetes e2e suite" time="0">
          <skipped></skipped>
      </testcase>
      <testcase name="[sig-storage] ConfigMap should be consumable from pods in volume with defaultMode set [NodeConformance] [Conformance]" classname="Kubernetes e2e suite" time="10.333704565"></testcase>
      <testcase name="[sig-storage] In-tree Volumes [Driver: iscsi][Feature:Volumes] [Testpattern: Inline-volume (default fs)] subPath should fail if non-existent subpath is outside the volume [Slow]" classname="Kubernetes e2e suite" time="0">
          <skipped></skipped>
      </testcase>
      <testcase name="[sig-api-machinery] AdmissionWebhook Should mutate configmap" classname="Kubernetes e2e suite" time="0">
          <skipped></skipped>
      </testcase>
      <testcase name="[sig-storage] In-tree Volumes [Driver: gluster] [Testpattern: Pre-provisioned PV (default fs)] subPath should support non-existent path" classname="Kubernetes e2e suite" time="0">
          <skipped></skipped>
      </testcase>
      <testcase name="[sig-storage] In-tree Volumes [Driver: ceph][Feature:Volumes] [Testpattern: Dynamic PV (block volmode)] volumeMode should fail in binding dynamic provisioned PV to PVC" classname="Kubernetes e2e suite" time="0">
          <skipped></skipped>
      </testcase>
      <testcase name="[sig-storage] In-tree Volumes [Driver: azure] [Testpattern: Dynamic PV (default fs)] volumes should be mountable" classname="Kubernetes e2e suite" time="0">
          <skipped></skipped>
      </testcase>
      <testcase name="[sig-storage] In-tree Volumes [Driver: gluster] [Testpattern: Dynamic PV (default fs)] subPath should support existing directory" classname="Kubernetes e2e suite" time="0">
          <skipped></skipped>
      </testcase>
      <testcase name="[sig-storage] In-tree Volumes [Driver: rbd][Feature:Volumes] [Testpattern: Dynamic PV (default fs)] volumes should be mountable" classname="Kubernetes e2e suite" time="0">
          <skipped></skipped>
      </testcase>
      <testcase name="[sig-storage] In-tree Volumes [Driver: rbd][Feature:Volumes] [Testpattern: Dynamic PV (default fs)] subPath should support readOnly file specified in the volumeMount" classname="Kubernetes e2e suite" time="0">
          <skipped></skipped>
      </testcase>
      <testcase name="[sig-storage] In-tree Volumes [Driver: vSphere] [Testpattern: Dynamic PV (default fs)] subPath should support restarting containers using file as subpath [Slow]" classname="Kubernetes e2e suite" time="0">
          <skipped></skipped>
      </testcase>
      <testcase name="[sig-network] Services should create endpoints for unready pods" classname="Kubernetes e2e suite" time="0">
          <skipped></skipped>
      </testcase>
      <testcase name="[sig-storage] In-tree Volumes [Driver: hostPath] [Testpattern: Dynamic PV (default fs)] subPath should support existing directory" classname="Kubernetes e2e suite" time="0">
          <skipped></skipped>
      </testcase>
      <testcase name="[sig-storage] In-tree Volumes [Driver: gcepd] [Testpattern: Pre-provisioned PV (default fs)] volumes should be mountable" classname="Kubernetes e2e suite" time="0">
          <skipped></skipped>
      </testcase>
      <testcase name="[sig-storage] In-tree Volumes [Driver: gluster] [Testpattern: Pre-provisioned PV (default fs)] subPath should fail if non-existent subpath is outside the volume [Slow]" classname="Kubernetes e2e suite" time="0">
          <skipped></skipped>
      </testcase>
      <testcase name="[sig-cluster-lifecycle] Upgrade [Feature:Upgrade] cluster upgrade should maintain a functioning cluster [Feature:ClusterUpgrade]" classname="Kubernetes e2e suite" time="0">
          <skipped></skipped>
      </testcase>
      <testcase name="[sig-storage] In-tree Volumes [Driver: vSphere] [Testpattern: Dynamic PV (default fs)] subPath should support file as subpath" classname="Kubernetes e2e suite" time="0">
          <skipped></skipped>
      </testcase>
      <testcase name="[sig-scheduling] ResourceQuota [Feature:ScopeSelectors] should verify ResourceQuota with best effort scope using scope-selectors." classname="Kubernetes e2e suite" time="0">
          <skipped></skipped>
      </testcase>
      <testcase name="[sig-storage] In-tree Volumes [Driver: hostPath] [Testpattern: Dynamic PV (block volmode)] volumeMode should fail in binding dynamic provisioned PV to PVC" classname="Kubernetes e2e suite" time="0">
          <skipped></skipped>
      </testcase>
      <testcase name="[sig-storage] CSI Volumes [Driver: pd.csi.storage.gke.io][Feature: gcePD-external] [Testpattern: Dynamic PV (default fs)] subPath should fail if subpath with backstepping is outside the volume [Slow]" classname="Kubernetes e2e suite" time="0">
          <skipped></skipped>
      </testcase>
      <testcase name="[k8s.io] Kubelet when scheduling a read only busybox container should not write to root filesystem [NodeConformance] [Conformance]" classname="Kubernetes e2e suite" time="52.33762387"></testcase>
      <testcase name="[sig-storage] In-tree Volumes [Driver: iscsi][Feature:Volumes] [Testpattern: Dynamic PV (ext4)] volumes should be mountable" classname="Kubernetes e2e suite" time="0">
          <skipped></skipped>
      </testcase>
      <testcase name="[sig-api-machinery] AdmissionWebhook Should mutate pod and apply defaults after mutation" classname="Kubernetes e2e suite" time="0">
          <skipped></skipped>
      </testcase>
      <testcase name="[sig-storage] In-tree Volumes [Driver: gluster] [Testpattern: Inline-volume (default fs)] subPath should support readOnly file specified in the volumeMount" classname="Kubernetes e2e suite" time="0">
          <skipped></skipped>
      </testcase>
      <testcase name="[sig-storage] In-tree Volumes [Driver: iscsi][Feature:Volumes] [Testpattern: Inline-volume (default fs)] subPath should support readOnly directory specified in the volumeMount" classname="Kubernetes e2e suite" time="0">
          <skipped></skipped>
      </testcase>
      <testcase name="[sig-storage] In-tree Volumes [Driver: emptydir] [Testpattern: Pre-provisioned PV (default fs)] subPath should support existing single file" classname="Kubernetes e2e suite" time="0">
          <skipped></skipped>
      </testcase>
      <testcase name="[k8s.io] [sig-node] Kubelet [Serial] [Slow] [k8s.io] [sig-node] experimental resource usage tracking [Feature:ExperimentalResourceUsageTracking] resource tracking for 100 pods per node" classname="Kubernetes e2e suite" time="0">
          <skipped></skipped>
      </testcase>
      <testcase name="[sig-storage] CSI Volumes [Driver: pd.csi.storage.gke.io][Serial] [Testpattern: Dynamic PV (default fs)] subPath should support existing directories when readOnly specified in the volumeSource" classname="Kubernetes e2e suite" time="0">
          <skipped></skipped>
      </testcase>
      <testcase name="[sig-api-machinery] AdmissionWebhook Should not be able to mutate or prevent deletion of webhook configuration objects" classname="Kubernetes e2e suite" time="0">
          <skipped></skipped>
      </testcase>
      <testcase name="[sig-cli] Kubectl client [k8s.io] Kubectl apply should apply a new configuration to an existing RC" classname="Kubernetes e2e suite" time="0">
          <skipped></skipped>
      </testcase>
      <testcase name="[sig-storage] In-tree Volumes [Driver: nfs] [Testpattern: Inline-volume (default fs)] volumeIO should write files of various sizes, verify size, validate content [Slow]" classname="Kubernetes e2e suite" time="0">
          <skipped></skipped>
      </testcase>
      <testcase name="[sig-instrumentation] [Feature:PrometheusMonitoring] Prometheus should contain correct container CPU metric." classname="Kubernetes e2e suite" time="0">
          <skipped></skipped>
      </testcase>
      <testcase name="[sig-autoscaling] [HPA] Horizontal pod autoscaling (scale resource: CPU) [sig-autoscaling] ReplicationController light Should scale from 1 pod to 2 pods" classname="Kubernetes e2e suite" time="0">
          <skipped></skipped>
      </testcase>
      <testcase name="[sig-storage] In-tree Volumes [Driver: gcepd] [Testpattern: Inline-volume (default fs)] subPath should support creating multiple subpath from same volumes [Slow]" classname="Kubernetes e2e suite" time="0">
          <skipped></skipped>
      </testcase>
      <testcase name="[sig-storage] In-tree Volumes [Driver: ceph][Feature:Volumes] [Testpattern: Dynamic PV (default fs)] subPath should support restarting containers using file as subpath [Slow]" classname="Kubernetes e2e suite" time="0">
          <skipped></skipped>
      </testcase>
      <testcase name="[sig-scheduling] SchedulerPriorities [Serial] Pod should be preferably scheduled to nodes pod can tolerate" classname="Kubernetes e2e suite" time="0">
          <skipped></skipped>
      </testcase>
      <testcase name="[sig-network] Networking Granular Checks: Services [Slow] should function for endpoint-Service: udp" classname="Kubernetes e2e suite" time="0">
          <skipped></skipped>
      </testcase>
      <testcase name="[sig-cli] Kubectl Port forwarding [k8s.io] With a server listening on localhost [k8s.io] that expects a client request should support a client that connects, sends DATA, and disconnects" classname="Kubernetes e2e suite" time="0">
          <skipped></skipped>
      </testcase>
      <testcase name="[sig-network] Loadbalancing: L7 GCE [Slow] [Feature:kubemci] should support https-only annotation" classname="Kubernetes e2e suite" time="0">
          <skipped></skipped>
      </testcase>
      <testcase name="[sig-storage] In-tree Volumes [Driver: iscsi][Feature:Volumes] [Testpattern: Pre-provisioned PV (default fs)] subPath should support readOnly directory specified in the volumeMount" classname="Kubernetes e2e suite" time="0">
          <skipped></skipped>
      </testcase>
      <testcase name="[sig-storage] In-tree Volumes [Driver: emptydir] [Testpattern: Dynamic PV (block volmode)] volumeMode should fail in binding dynamic provisioned PV to PVC" classname="Kubernetes e2e suite" time="0">
          <skipped></skipped>
      </testcase>
      <testcase name="[sig-storage] In-tree Volumes [Driver: nfs] [Testpattern: Pre-provisioned PV (filesystem volmode)] volumeMode should create sc, pod, pv, and pvc, read/write to the pv, and delete all created resources" classname="Kubernetes e2e suite" time="0">
          <skipped></skipped>
      </testcase>
      <testcase name="[sig-storage] In-tree Volumes [Driver: azure] [Testpattern: Pre-provisioned PV (ext3)] volumes should be mountable" classname="Kubernetes e2e suite" time="0">
          <skipped></skipped>
      </testcase>
      <testcase name="[sig-storage] In-tree Volumes [Driver: aws] [Testpattern: Dynamic PV (default fs)] subPath should support existing directory" classname="Kubernetes e2e suite" time="0">
          <skipped></skipped>
      </testcase>
      <testcase name="[sig-storage] In-tree Volumes [Driver: hostPathSymlink] [Testpattern: Pre-provisioned PV (default fs)] subPath should support readOnly directory specified in the volumeMount" classname="Kubernetes e2e suite" time="0">
          <skipped></skipped>
      </testcase>
      <testcase name="[sig-storage] In-tree Volumes [Driver: hostPath] [Testpattern: Inline-volume (default fs)] subPath should support restarting containers using file as subpath [Slow]" classname="Kubernetes e2e suite" time="0">
          <skipped></skipped>
      </testcase>
      <testcase name="[sig-storage] EmptyDir volumes should support (non-root,0644,default) [NodeConformance] [Conformance]" classname="Kubernetes e2e suite" time="8.324308474"></testcase>
      <testcase name="[sig-storage] GenericPersistentVolume[Disruptive] When kubelet restarts Should test that a volume mounted to a pod that is force deleted while the kubelet is down unmounts when the kubelet returns." classname="Kubernetes e2e suite" time="0">
          <skipped></skipped>
      </testcase>
      <testcase name="[k8s.io] Probing container should be restarted with a docker exec liveness probe with timeout " classname="Kubernetes e2e suite" time="0">
          <skipped></skipped>
      </testcase>
      <testcase name="[sig-storage] PersistentVolumes-local  [Volume type: dir-bindmounted] Set fsGroup for local volume should set fsGroup for one pod" classname="Kubernetes e2e suite" time="0">
          <skipped></skipped>
      </testcase>
      <testcase name="[sig-storage] In-tree Volumes [Driver: emptydir] [Testpattern: Dynamic PV (xfs)] volumes should be mountable" classname="Kubernetes e2e suite" time="0">
          <skipped></skipped>
      </testcase>
      <testcase name="[sig-instrumentation] Logging soak [Performance] [Slow] [Disruptive] should survive logging 1KB every 1s seconds, for a duration of 2m0s" classname="Kubernetes e2e suite" time="0">
          <skipped></skipped>
      </testcase>
      <testcase name="[sig-storage] CSI Volumes [Driver: csi-hostpath-v0] [Testpattern: Dynamic PV (filesystem volmode)] volumeMode should create sc, pod, pv, and pvc, read/write to the pv, and delete all created resources" classname="Kubernetes e2e suite" time="0">
          <skipped></skipped>
      </testcase>
      <testcase name="[sig-storage] In-tree Volumes [Driver: rbd][Feature:Volumes] [Testpattern: Inline-volume (default fs)] subPath should support non-existent path" classname="Kubernetes e2e suite" time="0">
          <skipped></skipped>
      </testcase>
      <testcase name="[sig-storage] PersistentVolumes-local  [Volume type: dir-link-bindmounted] Two pods mounting a local volume one after the other should be able to write from pod1 and read from pod2" classname="Kubernetes e2e suite" time="0">
          <skipped></skipped>
      </testcase>
      <testcase name="[sig-storage] In-tree Volumes [Driver: azure] [Testpattern: Pre-provisioned PV (block volmode)] volumeMode should create sc, pod, pv, and pvc, read/write to the pv, and delete all created resources" classname="Kubernetes e2e suite" time="0">
          <skipped></skipped>
      </testcase>
      <testcase name="[sig-network] Network should set TCP CLOSE_WAIT timeout" classname="Kubernetes e2e suite" time="0">
          <skipped></skipped>
      </testcase>
      <testcase name="[sig-storage] In-tree Volumes [Driver: aws] [Testpattern: Pre-provisioned PV (default fs)] subPath should support existing directories when readOnly specified in the volumeSource" classname="Kubernetes e2e suite" time="0">
          <skipped></skipped>
      </testcase>
      <testcase name="[sig-storage] In-tree Volumes [Driver: aws] [Testpattern: Dynamic PV (ext3)] volumes should be mountable" classname="Kubernetes e2e suite" time="0">
          <skipped></skipped>
      </testcase>
      <testcase name="[sig-auth] ServiceAccounts should ensure a single API token exists" classname="Kubernetes e2e suite" time="0">
          <skipped></skipped>
      </testcase>
      <testcase name="[sig-storage] Projected downwardAPI should provide container&#39;s cpu limit [NodeConformance] [Conformance]" classname="Kubernetes e2e suite" time="10.398364271"></testcase>
      <testcase name="[sig-storage] In-tree Volumes [Driver: nfs] [Testpattern: Dynamic PV (default fs)] subPath should support creating multiple subpath from same volumes [Slow]" classname="Kubernetes e2e suite" time="0">
          <skipped></skipped>
      </testcase>
      <testcase name="[sig-cluster-lifecycle] Ports Security Check [Feature:KubeletSecurity] should not have port 4194 open on its all public IP addresses" classname="Kubernetes e2e suite" time="0">
          <skipped></skipped>
      </testcase>
      <testcase name="[sig-storage] In-tree Volumes [Driver: gluster] [Testpattern: Dynamic PV (default fs)] subPath should fail if non-existent subpath is outside the volume [Slow]" classname="Kubernetes e2e suite" time="0">
          <skipped></skipped>
      </testcase>
      <testcase name="[sig-storage] In-tree Volumes [Driver: nfs] [Testpattern: Inline-volume (default fs)] subPath should support creating multiple subpath from same volumes [Slow]" classname="Kubernetes e2e suite" time="0">
          <skipped></skipped>
      </testcase>
      <testcase name="[sig-storage] In-tree Volumes [Driver: rbd][Feature:Volumes] [Testpattern: Dynamic PV (default fs)] subPath should support restarting containers using directory as subpath [Slow]" classname="Kubernetes e2e suite" time="0">
          <skipped></skipped>
      </testcase>
      <testcase name="[sig-storage] In-tree Volumes [Driver: hostPath] [Testpattern: Inline-volume (default fs)] subPath should support readOnly directory specified in the volumeMount" classname="Kubernetes e2e suite" time="0">
          <skipped></skipped>
      </testcase>
      <testcase name="[sig-storage] Projected downwardAPI should provide container&#39;s memory limit [NodeConformance] [Conformance]" classname="Kubernetes e2e suite" time="10.348604122"></testcase>
      <testcase name="[sig-storage] In-tree Volumes [Driver: gluster] [Testpattern: Pre-provisioned PV (ext4)] volumes should be mountable" classname="Kubernetes e2e suite" time="0">
          <skipped></skipped>
      </testcase>
      <testcase name="[sig-storage] PersistentVolumes-local  [Volume type: dir-link-bindmounted] Set fsGroup for local volume should set different fsGroup for second pod if first pod is deleted" classname="Kubernetes e2e suite" time="0">
          <skipped></skipped>
      </testcase>
      <testcase name="[sig-storage] CSI Volumes [Driver: csi-hostpath] [Testpattern: Dynamic PV (default fs)] subPath should support existing single file" classname="Kubernetes e2e suite" time="0">
          <skipped></skipped>
      </testcase>
      <testcase name="[sig-storage] In-tree Volumes [Driver: hostPath] [Testpattern: Inline-volume (default fs)] subPath should support existing directories when readOnly specified in the volumeSource" classname="Kubernetes e2e suite" time="0">
          <skipped></skipped>
      </testcase>
      <testcase name="[k8s.io] Security Context when creating containers with AllowPrivilegeEscalation should allow privilege escalation when not explicitly set and uid != 0 [NodeConformance]" classname="Kubernetes e2e suite" time="0">
          <skipped></skipped>
      </testcase>
      <testcase name="[sig-service-catalog] [Feature:PodPreset] PodPreset should not modify the pod on conflict" classname="Kubernetes e2e suite" time="0">
          <skipped></skipped>
      </testcase>
      <testcase name="[sig-storage] In-tree Volumes [Driver: aws] [Testpattern: Dynamic PV (default fs)] subPath should support readOnly file specified in the volumeMount" classname="Kubernetes e2e suite" time="0">
          <skipped></skipped>
      </testcase>
      <testcase name="[sig-storage] CSI Volumes [Driver: csi-hostpath-v0] [Testpattern: Dynamic PV (default fs)] subPath should support restarting containers using directory as subpath [Slow]" classname="Kubernetes e2e suite" time="0">
          <skipped></skipped>
      </testcase>
      <testcase name="[sig-storage] CSI Volumes [Driver: csi-hostpath] [Testpattern: Dynamic PV (default fs)] subPath should fail if subpath with backstepping is outside the volume [Slow]" classname="Kubernetes e2e suite" time="0">
          <skipped></skipped>
      </testcase>
      <testcase name="[sig-storage] PersistentVolumes-local  [Volume type: dir-bindmounted] Set fsGroup for local volume should set different fsGroup for second pod if first pod is deleted" classname="Kubernetes e2e suite" time="0">
          <skipped></skipped>
      </testcase>
      <testcase name="[sig-storage] In-tree Volumes [Driver: iscsi][Feature:Volumes] [Testpattern: Dynamic PV (ext3)] volumes should be mountable" classname="Kubernetes e2e suite" time="0">
          <skipped></skipped>
      </testcase>
      <testcase name="[sig-storage] In-tree Volumes [Driver: gcepd] [Testpattern: Inline-volume (ext3)] volumes should be mountable" classname="Kubernetes e2e suite" time="0">
          <skipped></skipped>
      </testcase>
      <testcase name="[sig-scheduling] Multi-AZ Clusters should spread the pods of a service across zones" classname="Kubernetes e2e suite" time="0">
          <skipped></skipped>
      </testcase>
      <testcase name="[sig-storage] In-tree Volumes [Driver: hostPathSymlink] [Testpattern: Inline-volume (ext4)] volumes should be mountable" classname="Kubernetes e2e suite" time="0">
          <skipped></skipped>
      </testcase>
      <testcase name="[sig-storage] ConfigMap Should fail non-optional pod creation due to configMap object does not exist [Slow]" classname="Kubernetes e2e suite" time="0">
          <skipped></skipped>
      </testcase>
      <testcase name="[sig-apps] StatefulSet [k8s.io] Basic StatefulSet functionality [StatefulSetBasic] should adopt matching orphans and release non-matching pods" classname="Kubernetes e2e suite" time="0">
          <skipped></skipped>
      </testcase>
      <testcase name="[sig-storage] Storage Policy Based Volume Provisioning [Feature:vsphere] verify if a SPBM policy is not honored on a non-compatible datastore for dynamically provisioned pvc using storageclass" classname="Kubernetes e2e suite" time="0">
          <skipped></skipped>
      </testcase>
      <testcase name="[k8s.io] [sig-node] crictl should be able to run crictl on the node" classname="Kubernetes e2e suite" time="0">
          <skipped></skipped>
      </testcase>
      <testcase name="[sig-storage] In-tree Volumes [Driver: rbd][Feature:Volumes] [Testpattern: Inline-volume (ext4)] volumes should be mountable" classname="Kubernetes e2e suite" time="0">
          <skipped></skipped>
      </testcase>
      <testcase name="[sig-storage] In-tree Volumes [Driver: ceph][Feature:Volumes] [Testpattern: Dynamic PV (ext4)] volumes should be mountable" classname="Kubernetes e2e suite" time="0">
          <skipped></skipped>
      </testcase>
      <testcase name="[sig-storage] In-tree Volumes [Driver: azure] [Testpattern: Pre-provisioned PV (default fs)] subPath should support restarting containers using file as subpath [Slow]" classname="Kubernetes e2e suite" time="0">
          <skipped></skipped>
      </testcase>
      <testcase name="[sig-storage] In-tree Volumes [Driver: gcepd] [Testpattern: Pre-provisioned PV (filesystem volmode)] volumeMode should create sc, pod, pv, and pvc, read/write to the pv, and delete all created resources" classname="Kubernetes e2e suite" time="0">
          <skipped></skipped>
      </testcase>
      <testcase name="[k8s.io] [sig-node] Security Context [Feature:SecurityContext] should support volume SELinux relabeling when using hostIPC" classname="Kubernetes e2e suite" time="0">
          <skipped></skipped>
      </testcase>
      <testcase name="[sig-storage] In-tree Volumes [Driver: vSphere] [Testpattern: Inline-volume (default fs)] subPath should support file as subpath" classname="Kubernetes e2e suite" time="0">
          <skipped></skipped>
      </testcase>
      <testcase name="[sig-storage] In-tree Volumes [Driver: cinder] [Testpattern: Inline-volume (default fs)] subPath should fail if subpath with backstepping is outside the volume [Slow]" classname="Kubernetes e2e suite" time="0">
          <skipped></skipped>
      </testcase>
      <testcase name="[sig-storage] PersistentVolumes-local  [Volume type: dir-bindmounted] Two pods mounting a local volume at the same time should be able to write from pod1 and read from pod2" classname="Kubernetes e2e suite" time="0">
          <skipped></skipped>
      </testcase>
      <testcase name="[sig-network] Loadbalancing: L7 GCE [Slow] [Feature:kubemci] single and multi-cluster ingresses should be able to exist together" classname="Kubernetes e2e suite" time="0">
          <skipped></skipped>
      </testcase>
      <testcase name="[sig-storage] In-tree Volumes [Driver: hostPathSymlink] [Testpattern: Dynamic PV (block volmode)] volumeMode should fail in binding dynamic provisioned PV to PVC" classname="Kubernetes e2e suite" time="0">
          <skipped></skipped>
      </testcase>
      <testcase name="[sig-storage] Downward API volume should provide container&#39;s cpu limit [NodeConformance] [Conformance]" classname="Kubernetes e2e suite" time="10.351432347"></testcase>
      <testcase name="[sig-storage] In-tree Volumes [Driver: cinder] [Testpattern: Pre-provisioned PV (default fs)] subPath should support restarting containers using file as subpath [Slow]" classname="Kubernetes e2e suite" time="0">
          <skipped></skipped>
      </testcase>
      <testcase name="[sig-storage] CSI Volumes [Driver: csi-hostpath] [Testpattern: Dynamic PV (default fs)] subPath should support non-existent path" classname="Kubernetes e2e suite" time="0">
          <skipped></skipped>
      </testcase>
      <testcase name="[sig-storage] PersistentVolumes-local  [Volume type: dir-link] One pod requesting one prebound PVC should be able to mount volume and write from pod1" classname="Kubernetes e2e suite" time="0">
          <skipped></skipped>
      </testcase>
      <testcase name="[sig-storage] PersistentVolumes NFS when invoking the Recycle reclaim policy should test that a PV becomes Available and is clean after the PVC is deleted." classname="Kubernetes e2e suite" time="0">
          <skipped></skipped>
      </testcase>
      <testcase name="[sig-storage] Volume Placement should create and delete pod with the same volume source attach/detach to different worker nodes" classname="Kubernetes e2e suite" time="0">
          <skipped></skipped>
      </testcase>
      <testcase name="[sig-storage] In-tree Volumes [Driver: hostPathSymlink] [Testpattern: Inline-volume (default fs)] subPath should fail if subpath directory is outside the volume [Slow]" classname="Kubernetes e2e suite" time="0">
          <skipped></skipped>
      </testcase>
      <testcase name="[sig-cluster-lifecycle] etcd Upgrade [Feature:EtcdUpgrade] etcd upgrade should maintain a functioning cluster" classname="Kubernetes e2e suite" time="0">
          <skipped></skipped>
      </testcase>
      <testcase name="[sig-storage] In-tree Volumes [Driver: hostPathSymlink] [Testpattern: Dynamic PV (default fs)] subPath should support creating multiple subpath from same volumes [Slow]" classname="Kubernetes e2e suite" time="0">
          <skipped></skipped>
      </testcase>
      <testcase name="[sig-autoscaling] Cluster size autoscaling [Slow] Should scale up GPU pool from 0 [GpuType:] [Feature:ClusterSizeAutoscalingGpu]" classname="Kubernetes e2e suite" time="0">
          <skipped></skipped>
      </testcase>
      <testcase name="[sig-storage] In-tree Volumes [Driver: vSphere] [Testpattern: Pre-provisioned PV (default fs)] subPath should unmount if pod is gracefully deleted while kubelet is down [Disruptive][Slow]" classname="Kubernetes e2e suite" time="0">
          <skipped></skipped>
      </testcase>
      <testcase name="[sig-network] Services should be able to create an internal type load balancer [Slow] [DisabledForLargeClusters]" classname="Kubernetes e2e suite" time="0">
          <skipped></skipped>
      </testcase>
      <testcase name="[sig-storage] In-tree Volumes [Driver: aws] [Testpattern: Dynamic PV (default fs)] volumes should be mountable" classname="Kubernetes e2e suite" time="0">
          <skipped></skipped>
      </testcase>
      <testcase name="[sig-storage] In-tree Volumes [Driver: ceph][Feature:Volumes] [Testpattern: Inline-volume (default fs)] subPath should support restarting containers using file as subpath [Slow]" classname="Kubernetes e2e suite" time="0">
          <skipped></skipped>
      </testcase>
      <testcase name="[sig-storage] In-tree Volumes [Driver: gcepd] [Testpattern: Dynamic PV (default fs)] volumeIO should write files of various sizes, verify size, validate content [Slow]" classname="Kubernetes e2e suite" time="0">
          <skipped></skipped>
      </testcase>
      <testcase name="[sig-storage] Pod Disks detach in a disrupted environment [Slow] [Disruptive] when node is deleted" classname="Kubernetes e2e suite" time="0">
          <skipped></skipped>
      </testcase>
      <testcase name="[sig-storage] In-tree Volumes [Driver: vSphere] [Testpattern: Dynamic PV (default fs)] subPath should support readOnly file specified in the volumeMount" classname="Kubernetes e2e suite" time="0">
          <skipped></skipped>
      </testcase>
      <testcase name="[sig-storage] In-tree Volumes [Driver: aws] [Testpattern: Pre-provisioned PV (default fs)] subPath should support creating multiple subpath from same volumes [Slow]" classname="Kubernetes e2e suite" time="0">
          <skipped></skipped>
      </testcase>
      <testcase name="[sig-autoscaling] [Feature:ClusterSizeAutoscalingScaleUp] [Slow] Autoscaling [sig-autoscaling] Autoscaling a service from 1 pod and 3 nodes to 8 pods and &gt;=4 nodes takes less than 15 minutes" classname="Kubernetes e2e suite" time="0">
          <skipped></skipped>
      </testcase>
      <testcase name="[sig-api-machinery] Watchers should observe add, update, and delete watch notifications on configmaps [Conformance]" classname="Kubernetes e2e suite" time="66.372720581"></testcase>
      <testcase name="[sig-storage] In-tree Volumes [Driver: aws] [Testpattern: Inline-volume (default fs)] subPath should support creating multiple subpath from same volumes [Slow]" classname="Kubernetes e2e suite" time="0">
          <skipped></skipped>
      </testcase>
      <testcase name="[sig-storage] In-tree Volumes [Driver: hostPathSymlink] [Testpattern: Pre-provisioned PV (default fs)] subPath should support creating multiple subpath from same volumes [Slow]" classname="Kubernetes e2e suite" time="0">
          <skipped></skipped>
      </testcase>
      <testcase name="[sig-network] Services should provide secure master service  [Conformance]" classname="Kubernetes e2e suite" time="6.275565889"></testcase>
      <testcase name="[sig-storage] In-tree Volumes [Driver: aws] [Testpattern: Pre-provisioned PV (default fs)] volumes should be mountable" classname="Kubernetes e2e suite" time="0">
          <skipped></skipped>
      </testcase>
      <testcase name="[sig-storage] In-tree Volumes [Driver: cinder] [Testpattern: Pre-provisioned PV (default fs)] subPath should fail if subpath file is outside the volume [Slow]" classname="Kubernetes e2e suite" time="0">
          <skipped></skipped>
      </testcase>
      <testcase name="[sig-autoscaling] Cluster size autoscaling [Slow] should be able to scale down by draining system pods with pdb[Feature:ClusterSizeAutoscalingScaleDown]" classname="Kubernetes e2e suite" time="0">
          <skipped></skipped>
      </testcase>
      <testcase name="[sig-storage] In-tree Volumes [Driver: ceph][Feature:Volumes] [Testpattern: Inline-volume (default fs)] subPath should support creating multiple subpath from same volumes [Slow]" classname="Kubernetes e2e suite" time="0">
          <skipped></skipped>
      </testcase>
      <testcase name="[sig-scalability] Density [Feature:ManualPerformance] should allow starting 30 pods per node using Deployment.extensions with 0 secrets, 0 configmaps, 2 token projections, and 0 daemons" classname="Kubernetes e2e suite" time="0">
          <skipped></skipped>
      </testcase>
      <testcase name="[sig-storage] In-tree Volumes [Driver: emptydir] [Testpattern: Dynamic PV (default fs)] subPath should fail if subpath with backstepping is outside the volume [Slow]" classname="Kubernetes e2e suite" time="0">
          <skipped></skipped>
      </testcase>
      <testcase name="[sig-storage] In-tree Volumes [Driver: hostPathSymlink] [Testpattern: Pre-provisioned PV (default fs)] subPath should fail if subpath with backstepping is outside the volume [Slow]" classname="Kubernetes e2e suite" time="0">
          <skipped></skipped>
      </testcase>
      <testcase name="[sig-storage] PersistentVolumes-local  [Volume type: block] Set fsGroup for local volume should set same fsGroup for two pods simultaneously" classname="Kubernetes e2e suite" time="0">
          <skipped></skipped>
      </testcase>
      <testcase name="[sig-network] DNS configMap nameserver [Feature:Networking-IPv6] Change stubDomain should be able to change stubDomain configuration [Slow][Serial]" classname="Kubernetes e2e suite" time="0">
          <skipped></skipped>
      </testcase>
      <testcase name="[sig-storage] In-tree Volumes [Driver: cinder] [Testpattern: Inline-volume (default fs)] subPath should support existing directories when readOnly specified in the volumeSource" classname="Kubernetes e2e suite" time="0">
          <skipped></skipped>
      </testcase>
      <testcase name="[sig-storage] In-tree Volumes [Driver: vSphere] [Testpattern: Inline-volume (default fs)] subPath should support readOnly directory specified in the volumeMount" classname="Kubernetes e2e suite" time="0">
          <skipped></skipped>
      </testcase>
      <testcase name="[k8s.io] Security Context when creating containers with AllowPrivilegeEscalation should not allow privilege escalation when false [NodeConformance]" classname="Kubernetes e2e suite" time="0">
          <skipped></skipped>
      </testcase>
      <testcase name="[sig-storage] In-tree Volumes [Driver: gcepd] [Testpattern: Pre-provisioned PV (default fs)] subPath should support readOnly file specified in the volumeMount" classname="Kubernetes e2e suite" time="0">
          <skipped></skipped>
      </testcase>
      <testcase name="[sig-storage] In-tree Volumes [Driver: nfs] [Testpattern: Inline-volume (default fs)] subPath should support existing directory" classname="Kubernetes e2e suite" time="0">
          <skipped></skipped>
      </testcase>
      <testcase name="[sig-storage] In-tree Volumes [Driver: ceph][Feature:Volumes] [Testpattern: Dynamic PV (default fs)] provisioning should provision storage with mount options" classname="Kubernetes e2e suite" time="0">
          <skipped></skipped>
      </testcase>
      <testcase name="[sig-storage] Downward API volume should update annotations on modification [NodeConformance] [Conformance]" classname="Kubernetes e2e suite" time="26.943007808"></testcase>
      <testcase name="[sig-api-machinery] CustomResourceConversionWebhook [Feature:CustomResourceWebhookConversion] Should be able to convert from CR v1 to CR v2" classname="Kubernetes e2e suite" time="0">
          <skipped></skipped>
      </testcase>
      <testcase name="[sig-storage] In-tree Volumes [Driver: aws] [Testpattern: Inline-volume (default fs)] subPath should support file as subpath" classname="Kubernetes e2e suite" time="0">
          <skipped></skipped>
      </testcase>
      <testcase name="[sig-api-machinery] Garbage collector should orphan pods created by rc if delete options say so [Conformance]" classname="Kubernetes e2e suite" time="46.577338766"></testcase>
      <testcase name="[sig-scheduling] SchedulerPredicates [Serial] validates local ephemeral storage resource limits of pods that are allowed to run [Feature:LocalStorageCapacityIsolation]" classname="Kubernetes e2e suite" time="0">
          <skipped></skipped>
      </testcase>
      <testcase name="[sig-auth] [Feature:NodeAuthorizer] A node shouldn&#39;t be able to create another node" classname="Kubernetes e2e suite" time="0">
          <skipped></skipped>
      </testcase>
      <testcase name="[sig-storage] In-tree Volumes [Driver: cinder] [Testpattern: Pre-provisioned PV (ext4)] volumes should be mountable" classname="Kubernetes e2e suite" time="0">
          <skipped></skipped>
      </testcase>
      <testcase name="[sig-storage] In-tree Volumes [Driver: emptydir] [Testpattern: Inline-volume (default fs)] subPath should support non-existent path" classname="Kubernetes e2e suite" time="0">
          <skipped></skipped>
      </testcase>
      <testcase name="[sig-network] Loadbalancing: L7 GCE [Slow] [Feature:Ingress] multicluster ingress should get instance group annotation" classname="Kubernetes e2e suite" time="0">
          <skipped></skipped>
      </testcase>
      <testcase name="[sig-storage] PersistentVolumes-local  [Volume type: gce-localssd-scsi-fs] [Serial] Set fsGroup for local volume should not set different fsGroups for two pods simultaneously" classname="Kubernetes e2e suite" time="0">
          <skipped></skipped>
      </testcase>
      <testcase name="[sig-apps] DisruptionController evictions: maxUnavailable deny evictions, integer =&gt; should not allow an eviction" classname="Kubernetes e2e suite" time="0">
          <skipped></skipped>
      </testcase>
      <testcase name="[sig-storage] In-tree Volumes [Driver: azure] [Testpattern: Inline-volume (default fs)] subPath should unmount if pod is force deleted while kubelet is down [Disruptive][Slow]" classname="Kubernetes e2e suite" time="0">
          <skipped></skipped>
      </testcase>
      <testcase name="[k8s.io] Kubelet when scheduling a busybox command that always fails in a pod should be possible to delete [NodeConformance] [Conformance]" classname="Kubernetes e2e suite" time="6.599550355"></testcase>
      <testcase name="[sig-autoscaling] DNS horizontal autoscaling [DisabledForLargeClusters] kube-dns-autoscaler should scale kube-dns pods in both nonfaulty and faulty scenarios" classname="Kubernetes e2e suite" time="0">
          <skipped></skipped>
      </testcase>
      <testcase name="[sig-storage] Projected downwardAPI should provide podname only [NodeConformance] [Conformance]" classname="Kubernetes e2e suite" time="10.363381382"></testcase>
      <testcase name="[sig-storage] In-tree Volumes [Driver: aws] [Testpattern: Pre-provisioned PV (default fs)] subPath should unmount if pod is force deleted while kubelet is down [Disruptive][Slow]" classname="Kubernetes e2e suite" time="0">
          <skipped></skipped>
      </testcase>
      <testcase name="[sig-auth] Certificates API should support building a client with a CSR" classname="Kubernetes e2e suite" time="0">
          <skipped></skipped>
      </testcase>
      <testcase name="[sig-storage] Downward API volume should provide node allocatable (cpu) as default cpu limit if the limit is not set [NodeConformance] [Conformance]" classname="Kubernetes e2e suite" time="10.399280074"></testcase>
      <testcase name="[sig-cli] Kubectl client [k8s.io] Kubectl describe should check if kubectl describe prints relevant information for rc and pods  [Conformance]" classname="Kubernetes e2e suite" time="6.331691049">
          <skipped></skipped>
      </testcase>
      <testcase name="[k8s.io] Security Context When creating a pod with privileged should run the container as unprivileged when false [NodeConformance]" classname="Kubernetes e2e suite" time="0">
          <skipped></skipped>
      </testcase>
      <testcase name="[sig-storage] PersistentVolumes-local  [Volume type: blockfswithoutformat] One pod requesting one prebound PVC should be able to mount volume and read from pod1" classname="Kubernetes e2e suite" time="0">
          <skipped></skipped>
      </testcase>
      <testcase name="[sig-storage] In-tree Volumes [Driver: rbd][Feature:Volumes] [Testpattern: Pre-provisioned PV (default fs)] subPath should support readOnly file specified in the volumeMount" classname="Kubernetes e2e suite" time="0">
          <skipped></skipped>
      </testcase>
      <testcase name="[sig-storage] In-tree Volumes [Driver: hostPath] [Testpattern: Dynamic PV (default fs)] subPath should fail if subpath directory is outside the volume [Slow]" classname="Kubernetes e2e suite" time="0">
          <skipped></skipped>
      </testcase>
      <testcase name="[sig-storage] In-tree Volumes [Driver: azure] [Testpattern: Pre-provisioned PV (default fs)] subPath should support restarting containers using directory as subpath [Slow]" classname="Kubernetes e2e suite" time="0">
          <skipped></skipped>
      </testcase>
      <testcase name="[sig-cluster-lifecycle] [Feature:BootstrapTokens] should sign the new added bootstrap tokens" classname="Kubernetes e2e suite" time="0">
          <skipped></skipped>
      </testcase>
      <testcase name="[sig-storage] In-tree Volumes [Driver: gluster] [Testpattern: Pre-provisioned PV (block volmode)] volumeMode should fail to create pod by failing to mount volume" classname="Kubernetes e2e suite" time="0">
          <skipped></skipped>
      </testcase>
      <testcase name="[sig-network] Loadbalancing: L7 GCE [Slow] [Feature:Ingress] should conform to Ingress spec" classname="Kubernetes e2e suite" time="0">
          <skipped></skipped>
      </testcase>
      <testcase name="[sig-apps] DisruptionController evictions: no PDB =&gt; should allow an eviction" classname="Kubernetes e2e suite" time="0">
          <skipped></skipped>
      </testcase>
      <testcase name="[sig-autoscaling] [HPA] Horizontal pod autoscaling (scale resource: Custom Metrics from Stackdriver) should scale up with two metrics of type Pod from Stackdriver [Feature:CustomMetricsAutoscaling]" classname="Kubernetes e2e suite" time="0">
          <skipped></skipped>
      </testcase>
      <testcase name="[sig-cli] Kubectl client [k8s.io] Simple pod should support exec through kubectl proxy" classname="Kubernetes e2e suite" time="0">
          <skipped></skipped>
      </testcase>
      <testcase name="[sig-storage] In-tree Volumes [Driver: nfs] [Testpattern: Inline-volume (default fs)] subPath should support restarting containers using directory as subpath [Slow]" classname="Kubernetes e2e suite" time="0">
          <skipped></skipped>
      </testcase>
      <testcase name="[sig-storage] Dynamic Provisioning DynamicProvisioner Default should create and delete default persistent volumes [Slow]" classname="Kubernetes e2e suite" time="0">
          <skipped></skipped>
      </testcase>
      <testcase name="[sig-storage] In-tree Volumes [Driver: vSphere] [Testpattern: Inline-volume (default fs)] subPath should support existing directories when readOnly specified in the volumeSource" classname="Kubernetes e2e suite" time="0">
          <skipped></skipped>
      </testcase>
      <testcase name="[sig-storage] In-tree Volumes [Driver: ceph][Feature:Volumes] [Testpattern: Pre-provisioned PV (default fs)] volumes should be mountable" classname="Kubernetes e2e suite" time="0">
          <skipped></skipped>
      </testcase>
      <testcase name="[sig-storage] Storage Policy Based Volume Provisioning [Feature:vsphere] verify if a non-existing SPBM policy is not honored for dynamically provisioned pvc using storageclass" classname="Kubernetes e2e suite" time="0">
          <skipped></skipped>
      </testcase>
      <testcase name="[k8s.io] [sig-node] Pods Extended [k8s.io] Pods Set QOS Class should be submitted and removed  [Conformance]" classname="Kubernetes e2e suite" time="22.312190211"></testcase>
      <testcase name="[sig-storage] CSI Volumes [Driver: csi-hostpath-v0] [Testpattern: Dynamic PV (default fs)] volumeIO should write files of various sizes, verify size, validate content [Slow]" classname="Kubernetes e2e suite" time="0">
          <skipped></skipped>
      </testcase>
      <testcase name="[sig-storage] CSI Volumes [Driver: pd.csi.storage.gke.io][Serial] [Testpattern: Dynamic PV (default fs)] volumeIO should write files of various sizes, verify size, validate content [Slow]" classname="Kubernetes e2e suite" time="0">
          <skipped></skipped>
      </testcase>
      <testcase name="[sig-storage] In-tree Volumes [Driver: hostPathSymlink] [Testpattern: Inline-volume (default fs)] volumes should be mountable" classname="Kubernetes e2e suite" time="0">
          <skipped></skipped>
      </testcase>
      <testcase name="[sig-storage] In-tree Volumes [Driver: azure] [Testpattern: Inline-volume (default fs)] volumeIO should write files of various sizes, verify size, validate content [Slow]" classname="Kubernetes e2e suite" time="0">
          <skipped></skipped>
      </testcase>
      <testcase name="[sig-storage] In-tree Volumes [Driver: gcepd] [Testpattern: Inline-volume (default fs)] subPath should support restarting containers using file as subpath [Slow]" classname="Kubernetes e2e suite" time="0">
          <skipped></skipped>
      </testcase>
      <testcase name="[sig-autoscaling] [HPA] Horizontal pod autoscaling (scale resource: Custom Metrics from Stackdriver) should scale down with Custom Metric of type Pod from Stackdriver with Prometheus [Feature:CustomMetricsAutoscaling]" classname="Kubernetes e2e suite" time="0">
          <skipped></skipped>
      </testcase>
      <testcase name="[sig-scheduling] SchedulerPredicates [Serial] validates that NodeAffinity is respected if not matching" classname="Kubernetes e2e suite" time="0">
          <skipped></skipped>
      </testcase>
      <testcase name="[sig-storage] In-tree Volumes [Driver: rbd][Feature:Volumes] [Testpattern: Inline-volume (default fs)] subPath should fail if subpath directory is outside the volume [Slow]" classname="Kubernetes e2e suite" time="0">
          <skipped></skipped>
      </testcase>
      <testcase name="[sig-storage] In-tree Volumes [Driver: gcepd] [Testpattern: Pre-provisioned PV (default fs)] subPath should support creating multiple subpath from same volumes [Slow]" classname="Kubernetes e2e suite" time="0">
          <skipped></skipped>
      </testcase>
      <testcase name="[sig-storage] In-tree Volumes [Driver: nfs] [Testpattern: Pre-provisioned PV (default fs)] volumes should be mountable" classname="Kubernetes e2e suite" time="0">
          <skipped></skipped>
      </testcase>
      <testcase name="[sig-storage] In-tree Volumes [Driver: gcepd] [Testpattern: Pre-provisioned PV (default fs)] subPath should support existing directories when readOnly specified in the volumeSource" classname="Kubernetes e2e suite" time="0">
          <skipped></skipped>
      </testcase>
      <testcase name="[sig-storage] PersistentVolumes GCEPD should test that deleting the PV before the pod does not cause pod deletion to fail on PD detach" classname="Kubernetes e2e suite" time="0">
          <skipped></skipped>
      </testcase>
      <testcase name="[sig-network] Networking Granular Checks: Pods should function for node-pod communication: http [NodeConformance] [Conformance]" classname="Kubernetes e2e suite" time="42.478653935"></testcase>
      <testcase name="[sig-node] ConfigMap should be consumable via the environment [NodeConformance] [Conformance]" classname="Kubernetes e2e suite" time="8.33373243"></testcase>
      <testcase name="[sig-storage] EmptyDir volumes should support (root,0777,default) [NodeConformance] [Conformance]" classname="Kubernetes e2e suite" time="8.350361632"></testcase>
      <testcase name="[sig-storage] In-tree Volumes [Driver: emptydir] [Testpattern: Dynamic PV (ext4)] volumes should be mountable" classname="Kubernetes e2e suite" time="0">
          <skipped></skipped>
      </testcase>
      <testcase name="[sig-storage] CSI Volumes [Driver: pd.csi.storage.gke.io][Serial] [Testpattern: Dynamic PV (default fs)] subPath should support readOnly file specified in the volumeMount" classname="Kubernetes e2e suite" time="0">
          <skipped></skipped>
      </testcase>
      <testcase name="[sig-network] Networking Granular Checks: Services [Slow] should function for client IP based session affinity: http" classname="Kubernetes e2e suite" time="0">
          <skipped></skipped>
      </testcase>
      <testcase name="[sig-instrumentation] Stackdriver Monitoring should run Custom Metrics - Stackdriver Adapter for old resource model [Feature:StackdriverCustomMetrics]" classname="Kubernetes e2e suite" time="0">
          <skipped></skipped>
      </testcase>
      <testcase name="[sig-storage] In-tree Volumes [Driver: rbd][Feature:Volumes] [Testpattern: Pre-provisioned PV (default fs)] subPath should support file as subpath" classname="Kubernetes e2e suite" time="0">
          <skipped></skipped>
      </testcase>
      <testcase name="[sig-storage] In-tree Volumes [Driver: nfs] [Testpattern: Dynamic PV (default fs)] subPath should support readOnly file specified in the volumeMount" classname="Kubernetes e2e suite" time="0">
          <skipped></skipped>
      </testcase>
      <testcase name="[sig-storage] In-tree Volumes [Driver: aws] [Testpattern: Dynamic PV (default fs)] subPath should support restarting containers using file as subpath [Slow]" classname="Kubernetes e2e suite" time="0">
          <skipped></skipped>
      </testcase>
      <testcase name="[sig-storage] In-tree Volumes [Driver: gluster] [Testpattern: Dynamic PV (default fs)] subPath should support existing single file" classname="Kubernetes e2e suite" time="0">
          <skipped></skipped>
      </testcase>
      <testcase name="[sig-apps] Daemon set [Serial] should not update pod when spec was updated and update strategy is OnDelete" classname="Kubernetes e2e suite" time="0">
          <skipped></skipped>
      </testcase>
      <testcase name="[sig-storage] In-tree Volumes [Driver: gluster] [Testpattern: Pre-provisioned PV (default fs)] subPath should support existing single file" classname="Kubernetes e2e suite" time="0">
          <skipped></skipped>
      </testcase>
      <testcase name="[sig-storage] CSI Volumes [Driver: csi-hostpath-v0] [Testpattern: Dynamic PV (default fs)] provisioning should create and delete block persistent volumes" classname="Kubernetes e2e suite" time="0">
          <skipped></skipped>
      </testcase>
      <testcase name="[sig-storage] Volume FStype [Feature:vsphere] verify fstype - ext3 formatted volume" classname="Kubernetes e2e suite" time="0">
          <skipped></skipped>
      </testcase>
      <testcase name="[sig-scalability] Density [Feature:HighDensityPerformance] should allow starting 95 pods per node using ReplicationController with 0 secrets, 0 configmaps, 0 token projections, and 0 daemons" classname="Kubernetes e2e suite" time="0">
          <skipped></skipped>
      </testcase>
      <testcase name="[sig-cluster-lifecycle] Ports Security Check [Feature:KubeletSecurity] should not be able to proxy to the readonly kubelet port 10255 using proxy subresource" classname="Kubernetes e2e suite" time="0">
          <skipped></skipped>
      </testcase>
      <testcase name="[sig-storage] In-tree Volumes [Driver: gcepd] [Testpattern: Pre-provisioned PV (default fs)] subPath should support existing directory" classname="Kubernetes e2e suite" time="0">
          <skipped></skipped>
      </testcase>
      <testcase name="[sig-storage] In-tree Volumes [Driver: gcepd] [Testpattern: Dynamic PV (default fs)] subPath should fail if subpath file is outside the volume [Slow]" classname="Kubernetes e2e suite" time="0">
          <skipped></skipped>
      </testcase>
      <testcase name="[sig-storage] Secrets should be consumable from pods in volume with mappings [NodeConformance] [Conformance]" classname="Kubernetes e2e suite" time="8.315227436"></testcase>
      <testcase name="[sig-storage] In-tree Volumes [Driver: hostPath] [Testpattern: Inline-volume (default fs)] subPath should support existing single file" classname="Kubernetes e2e suite" time="0">
          <skipped></skipped>
      </testcase>
      <testcase name="[sig-storage] In-tree Volumes [Driver: aws] [Testpattern: Inline-volume (default fs)] subPath should fail if subpath file is outside the volume [Slow]" classname="Kubernetes e2e suite" time="0">
          <skipped></skipped>
      </testcase>
      <testcase name="[sig-storage] In-tree Volumes [Driver: vSphere] [Testpattern: Pre-provisioned PV (filesystem volmode)] volumeMode should create sc, pod, pv, and pvc, read/write to the pv, and delete all created resources" classname="Kubernetes e2e suite" time="0">
          <skipped></skipped>
      </testcase>
      <testcase name="[k8s.io] Probing container with readiness probe should not be ready before initial delay and never restart [NodeConformance] [Conformance]" classname="Kubernetes e2e suite" time="42.303626804"></testcase>
      <testcase name="[sig-storage] In-tree Volumes [Driver: hostPath] [Testpattern: Pre-provisioned PV (default fs)] subPath should fail if subpath directory is outside the volume [Slow]" classname="Kubernetes e2e suite" time="0">
          <skipped></skipped>
      </testcase>
      <testcase name="[sig-storage] In-tree Volumes [Driver: nfs] [Testpattern: Pre-provisioned PV (default fs)] subPath should fail if subpath file is outside the volume [Slow]" classname="Kubernetes e2e suite" time="0">
          <skipped></skipped>
      </testcase>
      <testcase name="[sig-storage] In-tree Volumes [Driver: hostPath] [Testpattern: Pre-provisioned PV (xfs)] volumes should be mountable" classname="Kubernetes e2e suite" time="0">
          <skipped></skipped>
      </testcase>
      <testcase name="[sig-storage] In-tree Volumes [Driver: aws] [Testpattern: Inline-volume (default fs)] subPath should support readOnly directory specified in the volumeMount" classname="Kubernetes e2e suite" time="0">
          <skipped></skipped>
      </testcase>
      <testcase name="[sig-cli] Kubectl Port forwarding [k8s.io] With a server listening on 0.0.0.0 [k8s.io] that expects NO client request should support a client that connects, sends DATA, and disconnects" classname="Kubernetes e2e suite" time="0">
          <skipped></skipped>
      </testcase>
      <testcase name="[sig-storage] In-tree Volumes [Driver: hostPath] [Testpattern: Dynamic PV (default fs)] subPath should support creating multiple subpath from same volumes [Slow]" classname="Kubernetes e2e suite" time="0">
          <skipped></skipped>
      </testcase>
      <testcase name="[sig-storage] In-tree Volumes [Driver: iscsi][Feature:Volumes] [Testpattern: Pre-provisioned PV (default fs)] subPath should support existing directory" classname="Kubernetes e2e suite" time="0">
          <skipped></skipped>
      </testcase>
      <testcase name="[sig-storage] In-tree Volumes [Driver: emptydir] [Testpattern: Pre-provisioned PV (default fs)] subPath should support non-existent path" classname="Kubernetes e2e suite" time="0">
          <skipped></skipped>
      </testcase>
      <testcase name="[sig-storage] In-tree Volumes [Driver: hostPath] [Testpattern: Pre-provisioned PV (default fs)] subPath should unmount if pod is force deleted while kubelet is down [Disruptive][Slow]" classname="Kubernetes e2e suite" time="0">
          <skipped></skipped>
      </testcase>
      <testcase name="[sig-api-machinery] CustomResourceDefinition resources Simple CustomResourceDefinition creating/deleting custom resource definition objects works  [Conformance]" classname="Kubernetes e2e suite" time="7.38717444"></testcase>
      <testcase name="[sig-apps] Network Partition [Disruptive] [Slow] [k8s.io] [ReplicationController] should recreate pods scheduled on the unreachable node AND allow scheduling of pods on a node after it rejoins the cluster" classname="Kubernetes e2e suite" time="0">
          <skipped></skipped>
      </testcase>
      <testcase name="[sig-storage] In-tree Volumes [Driver: hostPathSymlink] [Testpattern: Dynamic PV (default fs)] subPath should fail if subpath directory is outside the volume [Slow]" classname="Kubernetes e2e suite" time="0">
          <skipped></skipped>
      </testcase>
      <testcase name="[sig-storage] PersistentVolumes [Feature:ReclaimPolicy] [sig-storage] persistentvolumereclaim:vsphere should retain persistent volume when reclaimPolicy set to retain when associated claim is deleted" classname="Kubernetes e2e suite" time="0">
          <skipped></skipped>
      </testcase>
      <testcase name="[sig-storage] PersistentVolumes-local  [Volume type: tmpfs] One pod requesting one prebound PVC should be able to mount volume and write from pod1" classname="Kubernetes e2e suite" time="0">
          <skipped></skipped>
      </testcase>
      <testcase name="[sig-storage] In-tree Volumes [Driver: rbd][Feature:Volumes] [Testpattern: Pre-provisioned PV (default fs)] subPath should support existing directory" classname="Kubernetes e2e suite" time="0">
          <skipped></skipped>
      </testcase>
      <testcase name="[sig-apps] DisruptionController should update PodDisruptionBudget status" classname="Kubernetes e2e suite" time="0">
          <skipped></skipped>
      </testcase>
      <testcase name="[sig-storage] In-tree Volumes [Driver: ceph][Feature:Volumes] [Testpattern: Pre-provisioned PV (default fs)] subPath should support existing directories when readOnly specified in the volumeSource" classname="Kubernetes e2e suite" time="0">
          <skipped></skipped>
      </testcase>
      <testcase name="[sig-storage] Volume Disk Format [Feature:vsphere] verify disk format type - eagerzeroedthick is honored for dynamically provisioned pv using storageclass" classname="Kubernetes e2e suite" time="0">
          <skipped></skipped>
      </testcase>
      <testcase name="[sig-storage] In-tree Volumes [Driver: emptydir] [Testpattern: Pre-provisioned PV (default fs)] subPath should fail if subpath directory is outside the volume [Slow]" classname="Kubernetes e2e suite" time="0">
          <skipped></skipped>
      </testcase>
      <testcase name="[sig-cli] Kubectl client [k8s.io] Kubectl run --rm job should create a job from an image, then delete the job  [Conformance]" classname="Kubernetes e2e suite" time="10.537924664"></testcase>
      <testcase name="[sig-storage] In-tree Volumes [Driver: ceph][Feature:Volumes] [Testpattern: Inline-volume (xfs)] volumes should be mountable" classname="Kubernetes e2e suite" time="0">
          <skipped></skipped>
      </testcase>
      <testcase name="[sig-node] Downward API should provide container&#39;s limits.cpu/memory and requests.cpu/memory as env vars [NodeConformance] [Conformance]" classname="Kubernetes e2e suite" time="8.332944444"></testcase>
      <testcase name="[sig-storage] In-tree Volumes [Driver: emptydir] [Testpattern: Dynamic PV (default fs)] provisioning should provision storage with defaults" classname="Kubernetes e2e suite" time="0">
          <skipped></skipped>
      </testcase>
      <testcase name="[sig-storage] In-tree Volumes [Driver: nfs] [Testpattern: Inline-volume (default fs)] volumes should be mountable" classname="Kubernetes e2e suite" time="0">
          <skipped></skipped>
      </testcase>
      <testcase name="[sig-scalability] Density [Feature:ManualPerformance] should allow starting 3 pods per node using ReplicationController with 0 secrets, 0 configmaps, 0 token projections, and 0 daemons" classname="Kubernetes e2e suite" time="0">
          <skipped></skipped>
      </testcase>
      <testcase name="[sig-storage] In-tree Volumes [Driver: hostPath] [Testpattern: Pre-provisioned PV (default fs)] subPath should support creating multiple subpath from same volumes [Slow]" classname="Kubernetes e2e suite" time="0">
          <skipped></skipped>
      </testcase>
      <testcase name="[sig-network] NetworkPolicy NetworkPolicy between server and client should enforce multiple, stacked policies with overlapping podSelectors [Feature:NetworkPolicy]" classname="Kubernetes e2e suite" time="0">
          <skipped></skipped>
      </testcase>
      <testcase name="[sig-storage] In-tree Volumes [Driver: azure] [Testpattern: Inline-volume (default fs)] subPath should support file as subpath" classname="Kubernetes e2e suite" time="0">
          <skipped></skipped>
      </testcase>
      <testcase name="[sig-node] Downward API should provide default limits.cpu/memory from node allocatable [NodeConformance] [Conformance]" classname="Kubernetes e2e suite" time="8.326439248"></testcase>
      <testcase name="[sig-api-machinery] Watchers should be able to start watching from a specific resource version [Conformance]" classname="Kubernetes e2e suite" time="6.313938288"></testcase>
      <testcase name="[sig-network] [Feature:PerformanceDNS][Serial] Should answer DNS query for maximum number of services per cluster" classname="Kubernetes e2e suite" time="0">
          <skipped></skipped>
      </testcase>
      <testcase name="[sig-storage] In-tree Volumes [Driver: aws] [Testpattern: Inline-volume (default fs)] subPath should support existing directories when readOnly specified in the volumeSource" classname="Kubernetes e2e suite" time="0">
          <skipped></skipped>
      </testcase>
      <testcase name="[sig-storage] vsphere statefulset vsphere statefulset testing" classname="Kubernetes e2e suite" time="0">
          <skipped></skipped>
      </testcase>
      <testcase name="[sig-storage] In-tree Volumes [Driver: ceph][Feature:Volumes] [Testpattern: Dynamic PV (ext3)] volumes should be mountable" classname="Kubernetes e2e suite" time="0">
          <skipped></skipped>
      </testcase>
      <testcase name="[sig-network] Services should be able to change the type from ExternalName to NodePort" classname="Kubernetes e2e suite" time="0">
          <skipped></skipped>
      </testcase>
      <testcase name="[sig-storage] ConfigMap updates should be reflected in volume [NodeConformance] [Conformance]" classname="Kubernetes e2e suite" time="90.949965887"></testcase>
      <testcase name="[sig-storage] Volume Placement test back to back pod creation and deletion with different volume sources on the same worker node" classname="Kubernetes e2e suite" time="0">
          <skipped></skipped>
      </testcase>
      <testcase name="[sig-storage] In-tree Volumes [Driver: azure] [Testpattern: Dynamic PV (default fs)] provisioning should provision storage with mount options" classname="Kubernetes e2e suite" time="0">
          <skipped></skipped>
      </testcase>
      <testcase name="[sig-storage] HostPath should support subPath [NodeConformance]" classname="Kubernetes e2e suite" time="0">
          <skipped></skipped>
      </testcase>
      <testcase name="[sig-storage] In-tree Volumes [Driver: gcepd] [Testpattern: Pre-provisioned PV (default fs)] subPath should support restarting containers using file as subpath [Slow]" classname="Kubernetes e2e suite" time="0">
          <skipped></skipped>
      </testcase>
      <testcase name="[sig-storage] In-tree Volumes [Driver: emptydir] [Testpattern: Dynamic PV (default fs)] subPath should support file as subpath" classname="Kubernetes e2e suite" time="0">
          <skipped></skipped>
      </testcase>
      <testcase name="[sig-storage] In-tree Volumes [Driver: emptydir] [Testpattern: Dynamic PV (default fs)] subPath should fail if subpath file is outside the volume [Slow]" classname="Kubernetes e2e suite" time="0">
          <skipped></skipped>
      </testcase>
      <testcase name="[sig-scheduling] SchedulerPredicates [Serial] validates MaxPods limit number of pods that are allowed to run [Slow]" classname="Kubernetes e2e suite" time="0">
          <skipped></skipped>
      </testcase>
      <testcase name="[sig-instrumentation] Cluster level logging implemented by Stackdriver should ingest system logs from all nodes [Feature:StackdriverLogging]" classname="Kubernetes e2e suite" time="0">
          <skipped></skipped>
      </testcase>
      <testcase name="[sig-storage] In-tree Volumes [Driver: cinder] [Testpattern: Pre-provisioned PV (default fs)] subPath should support restarting containers using directory as subpath [Slow]" classname="Kubernetes e2e suite" time="0">
          <skipped></skipped>
      </testcase>
      <testcase name="[sig-storage] In-tree Volumes [Driver: nfs] [Testpattern: Inline-volume (default fs)] subPath should fail if subpath file is outside the volume [Slow]" classname="Kubernetes e2e suite" time="0">
          <skipped></skipped>
      </testcase>
      <testcase name="[sig-storage] In-tree Volumes [Driver: cinder] [Testpattern: Inline-volume (default fs)] subPath should support readOnly file specified in the volumeMount" classname="Kubernetes e2e suite" time="0">
          <skipped></skipped>
      </testcase>
      <testcase name="[sig-auth] PodSecurityPolicy should allow pods under the privileged policy.PodSecurityPolicy" classname="Kubernetes e2e suite" time="0">
          <skipped></skipped>
      </testcase>
      <testcase name="[sig-storage] In-tree Volumes [Driver: rbd][Feature:Volumes] [Testpattern: Inline-volume (default fs)] subPath should support file as subpath" classname="Kubernetes e2e suite" time="0">
          <skipped></skipped>
      </testcase>
      <testcase name="[sig-storage] In-tree Volumes [Driver: emptydir] [Testpattern: Dynamic PV (default fs)] subPath should support readOnly directory specified in the volumeMount" classname="Kubernetes e2e suite" time="0">
          <skipped></skipped>
      </testcase>
      <testcase name="[sig-storage] In-tree Volumes [Driver: gcepd] [Testpattern: Dynamic PV (default fs)] subPath should support existing single file" classname="Kubernetes e2e suite" time="0">
          <skipped></skipped>
      </testcase>
      <testcase name="[sig-storage] In-tree Volumes [Driver: nfs] [Testpattern: Dynamic PV (default fs)] subPath should fail if subpath with backstepping is outside the volume [Slow]" classname="Kubernetes e2e suite" time="0">
          <skipped></skipped>
      </testcase>
      <testcase name="[sig-scheduling] SchedulerPredicates [Serial] validates that NodeSelector is respected if matching  [Conformance]" classname="Kubernetes e2e suite" time="14.41794751"></testcase>
      <testcase name="[sig-storage] In-tree Volumes [Driver: nfs] [Testpattern: Dynamic PV (filesystem volmode)] volumeMode should create sc, pod, pv, and pvc, read/write to the pv, and delete all created resources" classname="Kubernetes e2e suite" time="0">
          <skipped></skipped>
      </testcase>
      <testcase name="[sig-storage] CSI Volumes [Driver: pd.csi.storage.gke.io][Serial] [Testpattern: Dynamic PV (block volmode)] volumeMode should fail in binding dynamic provisioned PV to PVC" classname="Kubernetes e2e suite" time="0">
          <skipped></skipped>
      </testcase>
      <testcase name="[sig-storage] In-tree Volumes [Driver: gluster] [Testpattern: Pre-provisioned PV (ext3)] volumes should be mountable" classname="Kubernetes e2e suite" time="0">
          <skipped></skipped>
      </testcase>
      <testcase name="[sig-storage] In-tree Volumes [Driver: azure] [Testpattern: Pre-provisioned PV (default fs)] subPath should unmount if pod is force deleted while kubelet is down [Disruptive][Slow]" classname="Kubernetes e2e suite" time="0">
          <skipped></skipped>
      </testcase>
      <testcase name="[sig-storage] In-tree Volumes [Driver: emptydir] [Testpattern: Dynamic PV (default fs)] subPath should fail if non-existent subpath is outside the volume [Slow]" classname="Kubernetes e2e suite" time="0">
          <skipped></skipped>
      </testcase>
      <testcase name="[sig-storage] Flexvolumes should be mountable when non-attachable" classname="Kubernetes e2e suite" time="0">
          <skipped></skipped>
      </testcase>
      <testcase name="[sig-storage] In-tree Volumes [Driver: gcepd] [Testpattern: Dynamic PV (default fs)] subPath should fail if non-existent subpath is outside the volume [Slow]" classname="Kubernetes e2e suite" time="0">
          <skipped></skipped>
      </testcase>
      <testcase name="[sig-storage] Projected secret should be consumable in multiple volumes in a pod [NodeConformance] [Conformance]" classname="Kubernetes e2e suite" time="10.359086299"></testcase>
      <testcase name="[k8s.io] Security Context When creating a container with runAsUser should run the container with uid 65534 [NodeConformance]" classname="Kubernetes e2e suite" time="0">
          <skipped></skipped>
      </testcase>
      <testcase name="[sig-storage] CSI Volumes [Driver: pd.csi.storage.gke.io][Feature: gcePD-external] [Testpattern: Dynamic PV (default fs)] subPath should fail if subpath directory is outside the volume [Slow]" classname="Kubernetes e2e suite" time="0">
          <skipped></skipped>
      </testcase>
      <testcase name="[sig-storage] In-tree Volumes [Driver: iscsi][Feature:Volumes] [Testpattern: Dynamic PV (filesystem volmode)] volumeMode should create sc, pod, pv, and pvc, read/write to the pv, and delete all created resources" classname="Kubernetes e2e suite" time="0">
          <skipped></skipped>
      </testcase>
      <testcase name="[sig-storage] CSI Volumes [Driver: csi-hostpath] [Testpattern: Dynamic PV (default fs)] subPath should support creating multiple subpath from same volumes [Slow]" classname="Kubernetes e2e suite" time="0">
          <skipped></skipped>
      </testcase>
      <testcase name="[sig-storage] Downward API volume should provide podname as non-root with fsgroup and defaultMode [NodeFeature:FSGroup]" classname="Kubernetes e2e suite" time="0">
          <skipped></skipped>
      </testcase>
      <testcase name="[sig-storage] In-tree Volumes [Driver: hostPath] [Testpattern: Pre-provisioned PV (default fs)] subPath should fail if non-existent subpath is outside the volume [Slow]" classname="Kubernetes e2e suite" time="0">
          <skipped></skipped>
      </testcase>
      <testcase name="[sig-storage] In-tree Volumes [Driver: cinder] [Testpattern: Pre-provisioned PV (ext3)] volumes should be mountable" classname="Kubernetes e2e suite" time="0">
          <skipped></skipped>
      </testcase>
      <testcase name="[sig-storage] In-tree Volumes [Driver: ceph][Feature:Volumes] [Testpattern: Inline-volume (default fs)] subPath should unmount if pod is gracefully deleted while kubelet is down [Disruptive][Slow]" classname="Kubernetes e2e suite" time="0">
          <skipped></skipped>
      </testcase>
      <testcase name="[sig-storage] In-tree Volumes [Driver: cinder] [Testpattern: Dynamic PV (default fs)] provisioning should provision storage with mount options" classname="Kubernetes e2e suite" time="0">
          <skipped></skipped>
      </testcase>
      <testcase name="[sig-scheduling] [Feature:GPUDevicePlugin] run Nvidia GPU Device Plugin tests" classname="Kubernetes e2e suite" time="0">
          <skipped></skipped>
      </testcase>
      <testcase name="[sig-cli] Kubectl client [k8s.io] Kubectl apply apply set/view last-applied" classname="Kubernetes e2e suite" time="0">
          <skipped></skipped>
      </testcase>
      <testcase name="[sig-storage] CSI Volumes [Driver: csi-hostpath-v0] [Testpattern: Dynamic PV (default fs)] subPath should support restarting containers using file as subpath [Slow]" classname="Kubernetes e2e suite" time="0">
          <skipped></skipped>
      </testcase>
      <testcase name="[sig-storage] In-tree Volumes [Driver: aws] [Testpattern: Dynamic PV (default fs)] provisioning should create and delete block persistent volumes" classname="Kubernetes e2e suite" time="0">
          <skipped></skipped>
      </testcase>
      <testcase name="[sig-storage] PersistentVolumes-local  [Volume type: dir-link] Two pods mounting a local volume one after the other should be able to write from pod1 and read from pod2" classname="Kubernetes e2e suite" time="0">
          <skipped></skipped>
      </testcase>
      <testcase name="[sig-storage] PV Protection Verify that PV bound to a PVC is not removed immediately" classname="Kubernetes e2e suite" time="0">
          <skipped></skipped>
      </testcase>
      <testcase name="[sig-network] Services should serve multiport endpoints from pods  [Conformance]" classname="Kubernetes e2e suite" time="35.557955378"></testcase>
      <testcase name="[sig-storage] EmptyDir wrapper volumes should not conflict [Conformance]" classname="Kubernetes e2e suite" time="8.319017589"></testcase>
      <testcase name="[sig-storage] CSI Volumes [Driver: csi-hostpath] [Testpattern: Dynamic PV (default fs)] volumes should be mountable" classname="Kubernetes e2e suite" time="0">
          <skipped></skipped>
      </testcase>
      <testcase name="[k8s.io] Cluster size autoscaler scalability [Slow] shouldn&#39;t scale down with underutilized nodes due to host port conflicts [Feature:ClusterAutoscalerScalability5]" classname="Kubernetes e2e suite" time="0">
          <skipped></skipped>
      </testcase>
      <testcase name="[k8s.io] Security Context When creating a pod with readOnlyRootFilesystem should run the container with readonly rootfs when readOnlyRootFilesystem=true [NodeConformance]" classname="Kubernetes e2e suite" time="0">
          <skipped></skipped>
      </testcase>
      <testcase name="[sig-storage] CSI Volumes [Driver: pd.csi.storage.gke.io][Serial] [Testpattern: Dynamic PV (default fs)] subPath should fail if subpath with backstepping is outside the volume [Slow]" classname="Kubernetes e2e suite" time="0">
          <skipped></skipped>
      </testcase>
      <testcase name="[sig-storage] In-tree Volumes [Driver: iscsi][Feature:Volumes] [Testpattern: Pre-provisioned PV (ext4)] volumes should be mountable" classname="Kubernetes e2e suite" time="0">
          <skipped></skipped>
      </testcase>
      <testcase name="[sig-storage] In-tree Volumes [Driver: gcepd] [Testpattern: Dynamic PV (filesystem volmode)] volumeMode should create sc, pod, pv, and pvc, read/write to the pv, and delete all created resources" classname="Kubernetes e2e suite" time="0">
          <skipped></skipped>
      </testcase>
      <testcase name="[sig-storage] In-tree Volumes [Driver: nfs] [Testpattern: Inline-volume (default fs)] subPath should support file as subpath" classname="Kubernetes e2e suite" time="0">
          <skipped></skipped>
      </testcase>
      <testcase name="[sig-storage] CSI Volumes [Driver: csi-hostpath-v0] [Testpattern: Dynamic PV (xfs)] volumes should be mountable" classname="Kubernetes e2e suite" time="0">
          <skipped></skipped>
      </testcase>
      <testcase name="[sig-storage] In-tree Volumes [Driver: ceph][Feature:Volumes] [Testpattern: Pre-provisioned PV (default fs)] subPath should fail if subpath with backstepping is outside the volume [Slow]" classname="Kubernetes e2e suite" time="0">
          <skipped></skipped>
      </testcase>
      <testcase name="[sig-storage] In-tree Volumes [Driver: gluster] [Testpattern: Dynamic PV (default fs)] subPath should support restarting containers using file as subpath [Slow]" classname="Kubernetes e2e suite" time="0">
          <skipped></skipped>
      </testcase>
      <testcase name="[sig-storage] In-tree Volumes [Driver: cinder] [Testpattern: Inline-volume (default fs)] subPath should unmount if pod is force deleted while kubelet is down [Disruptive][Slow]" classname="Kubernetes e2e suite" time="0">
          <skipped></skipped>
      </testcase>
      <testcase name="[sig-storage] NFSPersistentVolumes[Disruptive][Flaky] when kubelet restarts Should test that a volume mounted to a pod that is force deleted while the kubelet is down unmounts when the kubelet returns." classname="Kubernetes e2e suite" time="0">
          <skipped></skipped>
      </testcase>
      <testcase name="[sig-storage] CSI Volumes [Driver: pd.csi.storage.gke.io][Feature: gcePD-external] [Testpattern: Dynamic PV (filesystem volmode)] volumeMode should create sc, pod, pv, and pvc, read/write to the pv, and delete all created resources" classname="Kubernetes e2e suite" time="0">
          <skipped></skipped>
      </testcase>
      <testcase name="[sig-storage] In-tree Volumes [Driver: emptydir] [Testpattern: Dynamic PV (default fs)] subPath should support readOnly file specified in the volumeMount" classname="Kubernetes e2e suite" time="0">
          <skipped></skipped>
      </testcase>
      <testcase name="[sig-storage] PersistentVolumes-local  StatefulSet with pod affinity [Slow] should use volumes spread across nodes when pod has anti-affinity" classname="Kubernetes e2e suite" time="0">
          <skipped></skipped>
      </testcase>
      <testcase name="[k8s.io] [sig-node] Mount propagation should propagate mounts to the host" classname="Kubernetes e2e suite" time="0">
          <skipped></skipped>
      </testcase>
      <testcase name="[sig-storage] In-tree Volumes [Driver: iscsi][Feature:Volumes] [Testpattern: Dynamic PV (default fs)] subPath should fail if subpath directory is outside the volume [Slow]" classname="Kubernetes e2e suite" time="0">
          <skipped></skipped>
      </testcase>
      <testcase name="[sig-storage] In-tree Volumes [Driver: iscsi][Feature:Volumes] [Testpattern: Pre-provisioned PV (default fs)] subPath should fail if subpath directory is outside the volume [Slow]" classname="Kubernetes e2e suite" time="0">
          <skipped></skipped>
      </testcase>
      <testcase name="[sig-storage] Storage Policy Based Volume Provisioning [Feature:vsphere] verify an if a SPBM policy and VSAN capabilities cannot be honored for dynamically provisioned pvc using storageclass" classname="Kubernetes e2e suite" time="0">
          <skipped></skipped>
      </testcase>
      <testcase name="[sig-storage] In-tree Volumes [Driver: vSphere] [Testpattern: Pre-provisioned PV (default fs)] subPath should fail if subpath directory is outside the volume [Slow]" classname="Kubernetes e2e suite" time="0">
          <skipped></skipped>
      </testcase>
      <testcase name="[sig-storage] In-tree Volumes [Driver: vSphere] [Testpattern: Dynamic PV (default fs)] subPath should support existing single file" classname="Kubernetes e2e suite" time="0">
          <skipped></skipped>
      </testcase>
      <testcase name="[sig-network] Loadbalancing: L7 GCE [Slow] [Feature:kubemci] should conform to Ingress spec" classname="Kubernetes e2e suite" time="0">
          <skipped></skipped>
      </testcase>
      <testcase name="[sig-cli] Kubectl client [k8s.io] Proxy server should support proxy with --port 0  [Conformance]" classname="Kubernetes e2e suite" time="6.330706024"></testcase>
      <testcase name="[sig-storage] In-tree Volumes [Driver: hostPath] [Testpattern: Dynamic PV (default fs)] provisioning should create and delete block persistent volumes" classname="Kubernetes e2e suite" time="0">
          <skipped></skipped>
      </testcase>
      <testcase name="[k8s.io] [sig-node] Security Context [Feature:SecurityContext] should support container.SecurityContext.RunAsUser" classname="Kubernetes e2e suite" time="0">
          <skipped></skipped>
      </testcase>
      <testcase name="[sig-storage] In-tree Volumes [Driver: azure] [Testpattern: Pre-provisioned PV (default fs)] subPath should support existing directories when readOnly specified in the volumeSource" classname="Kubernetes e2e suite" time="0">
          <skipped></skipped>
      </testcase>
      <testcase name="[sig-apps] StatefulSet [k8s.io] Basic StatefulSet functionality [StatefulSetBasic] should provide basic identity" classname="Kubernetes e2e suite" time="0">
          <skipped></skipped>
      </testcase>
      <testcase name="[sig-storage] Ephemeralstorage When pod refers to non-existent ephemeral storage should allow deletion of pod with invalid volume : configmap" classname="Kubernetes e2e suite" time="0">
          <skipped></skipped>
      </testcase>
      <testcase name="[sig-storage] In-tree Volumes [Driver: hostPath] [Testpattern: Dynamic PV (default fs)] subPath should fail if subpath with backstepping is outside the volume [Slow]" classname="Kubernetes e2e suite" time="0">
          <skipped></skipped>
      </testcase>
      <testcase name="[sig-storage] In-tree Volumes [Driver: emptydir] [Testpattern: Pre-provisioned PV (default fs)] subPath should support existing directories when readOnly specified in the volumeSource" classname="Kubernetes e2e suite" time="0">
          <skipped></skipped>
      </testcase>
      <testcase name="[sig-storage] In-tree Volumes [Driver: vSphere] [Testpattern: Inline-volume (ext3)] volumes should be mountable" classname="Kubernetes e2e suite" time="0">
          <skipped></skipped>
      </testcase>
      <testcase name="[sig-storage] In-tree Volumes [Driver: nfs] [Testpattern: Pre-provisioned PV (default fs)] subPath should support existing directory" classname="Kubernetes e2e suite" time="0">
          <skipped></skipped>
      </testcase>
      <testcase name="[sig-storage] EmptyDir volumes when FSGroup is specified [NodeFeature:FSGroup] nonexistent volume subPath should have the correct mode and owner using FSGroup" classname="Kubernetes e2e suite" time="0">
          <skipped></skipped>
      </testcase>
      <testcase name="[sig-network] Services should reconcile LB health check interval [Slow][Serial]" classname="Kubernetes e2e suite" time="0">
          <skipped></skipped>
      </testcase>
      <testcase name="[sig-storage] PersistentVolumes [Feature:LabelSelector] [sig-storage] Selector-Label Volume Binding:vsphere should bind volume with claim for given label" classname="Kubernetes e2e suite" time="0">
          <skipped></skipped>
      </testcase>
      <testcase name="[sig-storage] In-tree Volumes [Driver: aws] [Testpattern: Pre-provisioned PV (default fs)] subPath should unmount if pod is gracefully deleted while kubelet is down [Disruptive][Slow]" classname="Kubernetes e2e suite" time="0">
          <skipped></skipped>
      </testcase>
      <testcase name="[sig-storage] Volume Disk Format [Feature:vsphere] verify disk format type - thin is honored for dynamically provisioned pv using storageclass" classname="Kubernetes e2e suite" time="0">
          <skipped></skipped>
      </testcase>
      <testcase name="[sig-scheduling] ResourceQuota should verify ResourceQuota with best effort scope." classname="Kubernetes e2e suite" time="0">
          <skipped></skipped>
      </testcase>
      <testcase name="[sig-apps] Job should run a job to completion when tasks succeed" classname="Kubernetes e2e suite" time="0">
          <skipped></skipped>
      </testcase>
      <testcase name="[sig-instrumentation] Kibana Logging Instances Is Alive [Feature:Elasticsearch] should check that the Kibana logging instance is alive" classname="Kubernetes e2e suite" time="0">
          <skipped></skipped>
      </testcase>
      <testcase name="[sig-storage] EmptyDir volumes should support (root,0666,tmpfs) [NodeConformance] [Conformance]" classname="Kubernetes e2e suite" time="8.360506449"></testcase>
      <testcase name="[sig-storage] In-tree Volumes [Driver: cinder] [Testpattern: Dynamic PV (filesystem volmode)] volumeMode should create sc, pod, pv, and pvc, read/write to the pv, and delete all created resources" classname="Kubernetes e2e suite" time="0">
          <skipped></skipped>
      </testcase>
      <testcase name="[sig-storage] In-tree Volumes [Driver: ceph][Feature:Volumes] [Testpattern: Pre-provisioned PV (default fs)] subPath should support existing single file" classname="Kubernetes e2e suite" time="0">
          <skipped></skipped>
      </testcase>
      <testcase name="[sig-storage] CSI Volumes [Driver: csi-hostpath] [Testpattern: Dynamic PV (block volmode)] volumeMode should fail in binding dynamic provisioned PV to PVC" classname="Kubernetes e2e suite" time="0">
          <skipped></skipped>
      </testcase>
      <testcase name="[k8s.io] Pods should allow activeDeadlineSeconds to be updated [NodeConformance] [Conformance]" classname="Kubernetes e2e suite" time="12.811563931"></testcase>
      <testcase name="[sig-storage] In-tree Volumes [Driver: hostPathSymlink] [Testpattern: Inline-volume (default fs)] subPath should unmount if pod is gracefully deleted while kubelet is down [Disruptive][Slow]" classname="Kubernetes e2e suite" time="0">
          <skipped></skipped>
      </testcase>
      <testcase name="[sig-storage] In-tree Volumes [Driver: gluster] [Testpattern: Inline-volume (default fs)] subPath should support file as subpath" classname="Kubernetes e2e suite" time="0">
          <skipped></skipped>
      </testcase>
      <testcase name="[sig-storage] In-tree Volumes [Driver: rbd][Feature:Volumes] [Testpattern: Dynamic PV (default fs)] subPath should unmount if pod is gracefully deleted while kubelet is down [Disruptive][Slow]" classname="Kubernetes e2e suite" time="0">
          <skipped></skipped>
      </testcase>
      <testcase name="[sig-storage] In-tree Volumes [Driver: hostPath] [Testpattern: Pre-provisioned PV (default fs)] subPath should support readOnly file specified in the volumeMount" classname="Kubernetes e2e suite" time="0">
          <skipped></skipped>
      </testcase>
      <testcase name="[sig-storage] In-tree Volumes [Driver: hostPath] [Testpattern: Inline-volume (default fs)] volumeIO should write files of various sizes, verify size, validate content [Slow]" classname="Kubernetes e2e suite" time="0">
          <skipped></skipped>
      </testcase>
      <testcase name="[sig-storage] CSI Volumes [Driver: csi-hostpath-v0] [Testpattern: Dynamic PV (default fs)] volumes should be mountable" classname="Kubernetes e2e suite" time="0">
          <skipped></skipped>
      </testcase>
      <testcase name="[sig-storage] PersistentVolumes-local  [Volume type: dir-link-bindmounted] Two pods mounting a local volume at the same time should be able to write from pod1 and read from pod2" classname="Kubernetes e2e suite" time="0">
          <skipped></skipped>
      </testcase>
      <testcase name="[sig-storage] In-tree Volumes [Driver: aws] [Testpattern: Pre-provisioned PV (xfs)] volumes should be mountable" classname="Kubernetes e2e suite" time="0">
          <skipped></skipped>
      </testcase>
      <testcase name="[sig-storage] In-tree Volumes [Driver: hostPathSymlink] [Testpattern: Dynamic PV (default fs)] subPath should fail if non-existent subpath is outside the volume [Slow]" classname="Kubernetes e2e suite" time="0">
          <skipped></skipped>
      </testcase>
      <testcase name="[sig-storage] In-tree Volumes [Driver: vSphere] [Testpattern: Inline-volume (default fs)] subPath should support readOnly file specified in the volumeMount" classname="Kubernetes e2e suite" time="0">
          <skipped></skipped>
      </testcase>
      <testcase name="[k8s.io] Container Runtime blackbox test when starting a container that exits should report termination message as empty when pod succeeds and TerminationMessagePolicy FallbackToLogOnError is set [NodeConformance]" classname="Kubernetes e2e suite" time="0">
          <skipped></skipped>
      </testcase>
      <testcase name="[sig-storage] In-tree Volumes [Driver: cinder] [Testpattern: Inline-volume (default fs)] subPath should support readOnly directory specified in the volumeMount" classname="Kubernetes e2e suite" time="0">
          <skipped></skipped>
      </testcase>
      <testcase name="[sig-storage] In-tree Volumes [Driver: gcepd] [Testpattern: Inline-volume (xfs)] volumes should be mountable" classname="Kubernetes e2e suite" time="0">
          <skipped></skipped>
      </testcase>
      <testcase name="[sig-storage] CSI Volumes [Driver: pd.csi.storage.gke.io][Feature: gcePD-external] [Testpattern: Dynamic PV (default fs)] volumeIO should write files of various sizes, verify size, validate content [Slow]" classname="Kubernetes e2e suite" time="0">
          <skipped></skipped>
      </testcase>
      <testcase name="[sig-scheduling] ResourceQuota should create a ResourceQuota and capture the life of a replication controller." classname="Kubernetes e2e suite" time="0">
          <skipped></skipped>
      </testcase>
      <testcase name="[sig-storage] CSI Volumes [Driver: csi-hostpath-v0] [Testpattern: Dynamic PV (ext4)] volumes should be mountable" classname="Kubernetes e2e suite" time="0">
          <skipped></skipped>
      </testcase>
      <testcase name="[sig-storage] In-tree Volumes [Driver: nfs] [Testpattern: Dynamic PV (default fs)] volumes should be mountable" classname="Kubernetes e2e suite" time="0">
          <skipped></skipped>
      </testcase>
      <testcase name="[sig-storage] Mounted flexvolume volume expand [Slow] [Feature:ExpandInUsePersistentVolumes] should be resizable when mounted" classname="Kubernetes e2e suite" time="0">
          <skipped></skipped>
      </testcase>
      <testcase name="[sig-storage] In-tree Volumes [Driver: hostPath] [Testpattern: Dynamic PV (default fs)] provisioning should provision storage with defaults" classname="Kubernetes e2e suite" time="0">
          <skipped></skipped>
      </testcase>
      <testcase name="[k8s.io] Docker Containers should be able to override the image&#39;s default arguments (docker cmd) [NodeConformance] [Conformance]" classname="Kubernetes e2e suite" time="10.314240609"></testcase>
      <testcase name="[sig-storage] In-tree Volumes [Driver: gluster] [Testpattern: Pre-provisioned PV (xfs)] volumes should be mountable" classname="Kubernetes e2e suite" time="0">
          <skipped></skipped>
      </testcase>
      <testcase name="[sig-storage] In-tree Volumes [Driver: hostPathSymlink] [Testpattern: Dynamic PV (ext3)] volumes should be mountable" classname="Kubernetes e2e suite" time="0">
          <skipped></skipped>
      </testcase>
      <testcase name="[sig-storage] PersistentVolumes-local  [Volume type: blockfswithformat] Set fsGroup for local volume should set same fsGroup for two pods simultaneously" classname="Kubernetes e2e suite" time="0">
          <skipped></skipped>
      </testcase>
      <testcase name="[sig-storage] In-tree Volumes [Driver: nfs] [Testpattern: Pre-provisioned PV (default fs)] volumeIO should write files of various sizes, verify size, validate content [Slow]" classname="Kubernetes e2e suite" time="0">
          <skipped></skipped>
      </testcase>
      <testcase name="[sig-scalability] Load capacity [Feature:ManualPerformance] should be able to handle 30 pods per node Random with 0 secrets, 0 configmaps and 0 daemons" classname="Kubernetes e2e suite" time="0">
          <skipped></skipped>
      </testcase>
      <testcase name="[sig-apps] StatefulSet [k8s.io] Basic StatefulSet functionality [StatefulSetBasic] Burst scaling should run to completion even with unhealthy pods [Conformance]" classname="Kubernetes e2e suite" time="67.975567007"></testcase>
      <testcase name="[sig-storage] In-tree Volumes [Driver: cinder] [Testpattern: Dynamic PV (default fs)] subPath should support creating multiple subpath from same volumes [Slow]" classname="Kubernetes e2e suite" time="0">
          <skipped></skipped>
      </testcase>
      <testcase name="[sig-storage] In-tree Volumes [Driver: iscsi][Feature:Volumes] [Testpattern: Pre-provisioned PV (default fs)] subPath should fail if non-existent subpath is outside the volume [Slow]" classname="Kubernetes e2e suite" time="0">
          <skipped></skipped>
      </testcase>
      <testcase name="[k8s.io] Docker Containers should be able to override the image&#39;s default command (docker entrypoint) [NodeConformance] [Conformance]" classname="Kubernetes e2e suite" time="8.329439763"></testcase>
      <testcase name="[sig-storage] Projected downwardAPI should set DefaultMode on files [NodeConformance] [Conformance]" classname="Kubernetes e2e suite" time="8.336728012"></testcase>
      <testcase name="[sig-storage] In-tree Volumes [Driver: gcepd] [Testpattern: Dynamic PV (default fs)] subPath should unmount if pod is gracefully deleted while kubelet is down [Disruptive][Slow]" classname="Kubernetes e2e suite" time="0">
          <skipped></skipped>
      </testcase>
      <testcase name="[sig-storage] CSI Volumes [Driver: csi-hostpath] [Testpattern: Dynamic PV (filesystem volmode)] volumeMode should create sc, pod, pv, and pvc, read/write to the pv, and delete all created resources" classname="Kubernetes e2e suite" time="0">
          <skipped></skipped>
      </testcase>
      <testcase name="[sig-network] Services should work after restarting apiserver [Disruptive]" classname="Kubernetes e2e suite" time="0">
          <skipped></skipped>
      </testcase>
      <testcase name="[sig-storage] In-tree Volumes [Driver: iscsi][Feature:Volumes] [Testpattern: Pre-provisioned PV (default fs)] subPath should fail if subpath with backstepping is outside the volume [Slow]" classname="Kubernetes e2e suite" time="0">
          <skipped></skipped>
      </testcase>
      <testcase name="[sig-storage] PersistentVolumes-local  [Volume type: blockfswithformat] Set fsGroup for local volume should not set different fsGroups for two pods simultaneously" classname="Kubernetes e2e suite" time="0">
          <skipped></skipped>
      </testcase>
      <testcase name="[sig-storage] In-tree Volumes [Driver: iscsi][Feature:Volumes] [Testpattern: Pre-provisioned PV (filesystem volmode)] volumeMode should create sc, pod, pv, and pvc, read/write to the pv, and delete all created resources" classname="Kubernetes e2e suite" time="0">
          <skipped></skipped>
      </testcase>
      <testcase name="[sig-storage] In-tree Volumes [Driver: vSphere] [Testpattern: Pre-provisioned PV (block volmode)] volumeMode should fail to create pod by failing to mount volume" classname="Kubernetes e2e suite" time="0">
          <skipped></skipped>
      </testcase>
      <testcase name="[sig-cluster-lifecycle] Addon update should propagate add-on file changes [Slow]" classname="Kubernetes e2e suite" time="0">
          <skipped></skipped>
      </testcase>
      <testcase name="[sig-storage] ConfigMap should be consumable from pods in volume with mappings [NodeConformance] [Conformance]" classname="Kubernetes e2e suite" time="8.342714617"></testcase>
      <testcase name="[sig-apps] Deployment deployment should support proportional scaling [Conformance]" classname="Kubernetes e2e suite" time="22.737289742"></testcase>
      <testcase name="[sig-storage] Regional PD RegionalPD should provision storage [Slow]" classname="Kubernetes e2e suite" time="0">
          <skipped></skipped>
      </testcase>
      <testcase name="[k8s.io] EquivalenceCache [Serial] validates pod affinity works properly when new replica pod is scheduled" classname="Kubernetes e2e suite" time="0">
          <skipped></skipped>
      </testcase>
      <testcase name="[sig-storage] In-tree Volumes [Driver: rbd][Feature:Volumes] [Testpattern: Inline-volume (default fs)] subPath should support readOnly file specified in the volumeMount" classname="Kubernetes e2e suite" time="0">
          <skipped></skipped>
      </testcase>
      <testcase name="[k8s.io] Container Lifecycle Hook when create a pod with lifecycle hook should execute poststart exec hook properly [NodeConformance] [Conformance]" classname="Kubernetes e2e suite" time="56.588688537"></testcase>
      <testcase name="[sig-storage] Pod Disks detach in a disrupted environment [Slow] [Disruptive] when node&#39;s API object is deleted" classname="Kubernetes e2e suite" time="0">
          <skipped></skipped>
      </testcase>
      <testcase name="[sig-storage] In-tree Volumes [Driver: hostPathSymlink] [Testpattern: Pre-provisioned PV (default fs)] subPath should fail if subpath file is outside the volume [Slow]" classname="Kubernetes e2e suite" time="0">
          <skipped></skipped>
      </testcase>
      <testcase name="[sig-storage] Volume Provisioning On Clustered Datastore [Feature:vsphere] verify static provisioning on clustered datastore" classname="Kubernetes e2e suite" time="0">
          <skipped></skipped>
      </testcase>
      <testcase name="[sig-storage] Projected configMap should be consumable from pods in volume as non-root with defaultMode and fsGroup set [NodeFeature:FSGroup]" classname="Kubernetes e2e suite" time="0">
          <skipped></skipped>
      </testcase>
      <testcase name="[sig-scheduling] ResourceQuota [Feature:PodPriority] should verify ResourceQuota&#39;s priority class scope (quota set to pod count: 1) against a pod with different priority class (ScopeSelectorOpNotIn)." classname="Kubernetes e2e suite" time="0">
          <skipped></skipped>
      </testcase>
      <testcase name="[sig-apps] DaemonRestart [Disruptive] Kubelet should not restart containers across restart" classname="Kubernetes e2e suite" time="0">
          <skipped></skipped>
      </testcase>
      <testcase name="[sig-cli] Kubectl client [k8s.io] Kubectl create quota should create a quota without scopes" classname="Kubernetes e2e suite" time="0">
          <skipped></skipped>
      </testcase>
      <testcase name="[sig-storage] Secrets should be consumable from pods in volume with defaultMode set [NodeConformance] [Conformance]" classname="Kubernetes e2e suite" time="8.294885456"></testcase>
      <testcase name="[sig-storage] In-tree Volumes [Driver: ceph][Feature:Volumes] [Testpattern: Dynamic PV (default fs)] subPath should unmount if pod is force deleted while kubelet is down [Disruptive][Slow]" classname="Kubernetes e2e suite" time="0">
          <skipped></skipped>
      </testcase>
      <testcase name="[k8s.io] [sig-node] Security Context [Feature:SecurityContext] should support pod.Spec.SecurityContext.SupplementalGroups" classname="Kubernetes e2e suite" time="0">
          <skipped></skipped>
      </testcase>
      <testcase name="[sig-storage] PersistentVolumes-local  [Volume type: dir-link] Set fsGroup for local volume should set fsGroup for one pod" classname="Kubernetes e2e suite" time="0">
          <skipped></skipped>
      </testcase>
      <testcase name="[sig-instrumentation] [Feature:PrometheusMonitoring] Prometheus should scrape container metrics from all nodes." classname="Kubernetes e2e suite" time="0">
          <skipped></skipped>
      </testcase>
      <testcase name="[sig-auth] PodSecurityPolicy should forbid pod creation when no PSP is available" classname="Kubernetes e2e suite" time="0">
          <skipped></skipped>
      </testcase>
      <testcase name="[sig-storage] In-tree Volumes [Driver: gluster] [Testpattern: Inline-volume (default fs)] subPath should support non-existent path" classname="Kubernetes e2e suite" time="0">
          <skipped></skipped>
      </testcase>
      <testcase name="[sig-storage] In-tree Volumes [Driver: iscsi][Feature:Volumes] [Testpattern: Dynamic PV (block volmode)] volumeMode should create sc, pod, pv, and pvc, read/write to the pv, and delete all created resources" classname="Kubernetes e2e suite" time="0">
          <skipped></skipped>
      </testcase>
      <testcase name="[k8s.io] [sig-node] Security Context [Feature:SecurityContext] should support seccomp default which is unconfined [Feature:Seccomp]" classname="Kubernetes e2e suite" time="0">
          <skipped></skipped>
      </testcase>
      <testcase name="[sig-storage] In-tree Volumes [Driver: emptydir] [Testpattern: Dynamic PV (default fs)] subPath should support restarting containers using file as subpath [Slow]" classname="Kubernetes e2e suite" time="0">
          <skipped></skipped>
      </testcase>
      <testcase name="[sig-storage] In-tree Volumes [Driver: iscsi][Feature:Volumes] [Testpattern: Inline-volume (default fs)] subPath should support existing directory" classname="Kubernetes e2e suite" time="0">
          <skipped></skipped>
      </testcase>
      <testcase name="[sig-storage] In-tree Volumes [Driver: aws] [Testpattern: Dynamic PV (default fs)] subPath should fail if subpath file is outside the volume [Slow]" classname="Kubernetes e2e suite" time="0">
          <skipped></skipped>
      </testcase>
      <testcase name="[sig-autoscaling] Cluster size autoscaling [Slow] should scale up correct target pool [Feature:ClusterSizeAutoscalingScaleUp]" classname="Kubernetes e2e suite" time="0">
          <skipped></skipped>
      </testcase>
      <testcase name="[sig-storage] PersistentVolumes-local  [Volume type: dir] Set fsGroup for local volume should set different fsGroup for second pod if first pod is deleted" classname="Kubernetes e2e suite" time="0">
          <skipped></skipped>
      </testcase>
      <testcase name="[sig-storage] Projected secret optional updates should be reflected in volume [NodeConformance] [Conformance]" classname="Kubernetes e2e suite" time="28.440645705"></testcase>
      <testcase name="[sig-storage] Storage Policy Based Volume Provisioning [Feature:vsphere] verify clean up of stale dummy VM for dynamically provisioned pvc using SPBM policy" classname="Kubernetes e2e suite" time="0">
          <skipped></skipped>
      </testcase>
      <testcase name="[sig-storage] PersistentVolumes-local  [Volume type: dir] Two pods mounting a local volume at the same time should be able to write from pod1 and read from pod2" classname="Kubernetes e2e suite" time="0">
          <skipped></skipped>
      </testcase>
      <testcase name="[sig-storage] In-tree Volumes [Driver: ceph][Feature:Volumes] [Testpattern: Pre-provisioned PV (default fs)] subPath should fail if non-existent subpath is outside the volume [Slow]" classname="Kubernetes e2e suite" time="0">
          <skipped></skipped>
      </testcase>
      <testcase name="[sig-storage] In-tree Volumes [Driver: iscsi][Feature:Volumes] [Testpattern: Dynamic PV (default fs)] subPath should fail if subpath file is outside the volume [Slow]" classname="Kubernetes e2e suite" time="0">
          <skipped></skipped>
      </testcase>
      <testcase name="[sig-network] NetworkPolicy NetworkPolicy between server and client should support allow-all policy [Feature:NetworkPolicy]" classname="Kubernetes e2e suite" time="0">
          <skipped></skipped>
      </testcase>
      <testcase name="[sig-network] Services should be able to change the type from ClusterIP to ExternalName" classname="Kubernetes e2e suite" time="0">
          <skipped></skipped>
      </testcase>
      <testcase name="[sig-network] Loadbalancing: L7 GCE [Slow] [Feature:Ingress] should create ingress with given static-ip" classname="Kubernetes e2e suite" time="0">
          <skipped></skipped>
      </testcase>
      <testcase name="[sig-storage] Volume FStype [Feature:vsphere] verify invalid fstype" classname="Kubernetes e2e suite" time="0">
          <skipped></skipped>
      </testcase>
      <testcase name="[sig-network] Networking Granular Checks: Services [Slow] should function for pod-Service: udp" classname="Kubernetes e2e suite" time="0">
          <skipped></skipped>
      </testcase>
      <testcase name="[sig-scheduling] Multi-AZ Cluster Volumes [sig-storage] should schedule pods in the same zones as statically provisioned PVs" classname="Kubernetes e2e suite" time="0">
          <skipped></skipped>
      </testcase>
      <testcase name="[sig-storage] In-tree Volumes [Driver: azure] [Testpattern: Dynamic PV (default fs)] subPath should support file as subpath" classname="Kubernetes e2e suite" time="0">
          <skipped></skipped>
      </testcase>
      <testcase name="[sig-storage] CSI Volumes [Driver: pd.csi.storage.gke.io][Serial] [Testpattern: Dynamic PV (filesystem volmode)] volumeMode should create sc, pod, pv, and pvc, read/write to the pv, and delete all created resources" classname="Kubernetes e2e suite" time="0">
          <skipped></skipped>
      </testcase>
      <testcase name="[sig-storage] In-tree Volumes [Driver: rbd][Feature:Volumes] [Testpattern: Inline-volume (default fs)] volumes should be mountable" classname="Kubernetes e2e suite" time="0">
          <skipped></skipped>
      </testcase>
      <testcase name="[sig-storage] In-tree Volumes [Driver: emptydir] [Testpattern: Pre-provisioned PV (default fs)] subPath should support readOnly directory specified in the volumeMount" classname="Kubernetes e2e suite" time="0">
          <skipped></skipped>
      </testcase>
      <testcase name="[sig-storage] Storage Policy Based Volume Provisioning [Feature:vsphere] verify VSAN storage capability with non-vsan datastore is not honored for dynamically provisioned pvc using storageclass" classname="Kubernetes e2e suite" time="0">
          <skipped></skipped>
      </testcase>
      <testcase name="[sig-storage] In-tree Volumes [Driver: nfs] [Testpattern: Pre-provisioned PV (ext3)] volumes should be mountable" classname="Kubernetes e2e suite" time="0">
          <skipped></skipped>
      </testcase>
      <testcase name="[sig-storage] In-tree Volumes [Driver: gluster] [Testpattern: Pre-provisioned PV (default fs)] volumes should be mountable" classname="Kubernetes e2e suite" time="0">
          <skipped></skipped>
      </testcase>
      <testcase name="[sig-apps] Daemon set [Serial] should run and stop complex daemon [Conformance]" classname="Kubernetes e2e suite" time="84.357074372"></testcase>
      <testcase name="[sig-storage] In-tree Volumes [Driver: aws] [Testpattern: Pre-provisioned PV (default fs)] subPath should fail if subpath file is outside the volume [Slow]" classname="Kubernetes e2e suite" time="0">
          <skipped></skipped>
      </testcase>
      <testcase name="[sig-network] Loadbalancing: L7 GCE [Slow] [Feature:Ingress] should create ingress with pre-shared certificate" classname="Kubernetes e2e suite" time="0">
          <skipped></skipped>
      </testcase>
      <testcase name="[sig-storage] In-tree Volumes [Driver: gcepd] [Testpattern: Dynamic PV (default fs)] subPath should support file as subpath" classname="Kubernetes e2e suite" time="0">
          <skipped></skipped>
      </testcase>
      <testcase name="[sig-scalability] Density [Feature:ManualPerformance] should allow starting 30 pods per node using Deployment.extensions with 0 secrets, 2 configmaps, 0 token projections, and 0 daemons" classname="Kubernetes e2e suite" time="0">
          <skipped></skipped>
      </testcase>
      <testcase name="[sig-storage] PersistentVolumes-local  [Volume type: gce-localssd-scsi-fs] [Serial] Set fsGroup for local volume should set fsGroup for one pod" classname="Kubernetes e2e suite" time="0">
          <skipped></skipped>
      </testcase>
      <testcase name="[sig-storage] PersistentVolumes-local  Local volume provisioner [Serial] should create and recreate local persistent volume" classname="Kubernetes e2e suite" time="0">
          <skipped></skipped>
      </testcase>
      <testcase name="[sig-network] Networking Granular Checks: Services [Slow] should function for pod-Service: http" classname="Kubernetes e2e suite" time="0">
          <skipped></skipped>
      </testcase>
      <testcase name="[sig-storage] In-tree Volumes [Driver: vSphere] [Testpattern: Dynamic PV (default fs)] subPath should support restarting containers using directory as subpath [Slow]" classname="Kubernetes e2e suite" time="0">
          <skipped></skipped>
      </testcase>
      <testcase name="[sig-storage] Regional PD RegionalPD should provision storage in the allowedTopologies with delayed binding [Slow]" classname="Kubernetes e2e suite" time="0">
          <skipped></skipped>
      </testcase>
      <testcase name="[sig-storage] CSI Volumes [Driver: csi-hostpath-v0] [Testpattern: Dynamic PV (ext3)] volumes should be mountable" classname="Kubernetes e2e suite" time="0">
          <skipped></skipped>
      </testcase>
      <testcase name="[sig-storage] In-tree Volumes [Driver: hostPathSymlink] [Testpattern: Dynamic PV (filesystem volmode)] volumeMode should create sc, pod, pv, and pvc, read/write to the pv, and delete all created resources" classname="Kubernetes e2e suite" time="0">
          <skipped></skipped>
      </testcase>
      <testcase name="[sig-storage] In-tree Volumes [Driver: emptydir] [Testpattern: Dynamic PV (default fs)] volumeIO should write files of various sizes, verify size, validate content [Slow]" classname="Kubernetes e2e suite" time="0">
          <skipped></skipped>
      </testcase>
      <testcase name="[sig-storage] In-tree Volumes [Driver: iscsi][Feature:Volumes] [Testpattern: Inline-volume (xfs)] volumes should be mountable" classname="Kubernetes e2e suite" time="0">
          <skipped></skipped>
      </testcase>
      <testcase name="[sig-storage] In-tree Volumes [Driver: emptydir] [Testpattern: Inline-volume (ext4)] volumes should be mountable" classname="Kubernetes e2e suite" time="0">
          <skipped></skipped>
      </testcase>
      <testcase name="[k8s.io] Kubelet when scheduling a busybox command that always fails in a pod should have an terminated reason [NodeConformance] [Conformance]" classname="Kubernetes e2e suite" time="10.28842731"></testcase>
      <testcase name="[sig-storage] PersistentVolumes:vsphere should test that a file written to the vspehre volume mount before kubelet restart can be read after restart [Disruptive]" classname="Kubernetes e2e suite" time="0">
          <skipped></skipped>
      </testcase>
      <testcase name="[sig-api-machinery] Namespaces [Serial] should delete fast enough (90 percent of 100 namespaces in 150 seconds)" classname="Kubernetes e2e suite" time="0">
          <skipped></skipped>
      </testcase>
      <testcase name="[sig-node] ConfigMap should be consumable via environment variable [NodeConformance] [Conformance]" classname="Kubernetes e2e suite" time="8.335322779"></testcase>
      <testcase name="[sig-storage] In-tree Volumes [Driver: gcepd] [Testpattern: Pre-provisioned PV (default fs)] subPath should support file as subpath" classname="Kubernetes e2e suite" time="0">
          <skipped></skipped>
      </testcase>
      <testcase name="[sig-storage] In-tree Volumes [Driver: nfs] [Testpattern: Inline-volume (ext3)] volumes should be mountable" classname="Kubernetes e2e suite" time="0">
          <skipped></skipped>
      </testcase>
      <testcase name="[sig-storage] In-tree Volumes [Driver: ceph][Feature:Volumes] [Testpattern: Pre-provisioned PV (default fs)] subPath should support restarting containers using file as subpath [Slow]" classname="Kubernetes e2e suite" time="0">
          <skipped></skipped>
      </testcase>
      <testcase name="[sig-storage] In-tree Volumes [Driver: gcepd] [Testpattern: Dynamic PV (default fs)] subPath should support readOnly directory specified in the volumeMount" classname="Kubernetes e2e suite" time="0">
          <skipped></skipped>
      </testcase>
      <testcase name="[sig-storage] In-tree Volumes [Driver: ceph][Feature:Volumes] [Testpattern: Dynamic PV (default fs)] subPath should support creating multiple subpath from same volumes [Slow]" classname="Kubernetes e2e suite" time="0">
          <skipped></skipped>
      </testcase>
      <testcase name="[k8s.io] [sig-node] Security Context [Feature:SecurityContext] should support volume SELinux relabeling when using hostPID" classname="Kubernetes e2e suite" time="0">
          <skipped></skipped>
      </testcase>
      <testcase name="[sig-storage] PersistentVolumes NFS with multiple PVs and PVCs all in same ns should create 4 PVs and 2 PVCs: test write access [Slow]" classname="Kubernetes e2e suite" time="0">
          <skipped></skipped>
      </testcase>
      <testcase name="[sig-storage] In-tree Volumes [Driver: hostPath] [Testpattern: Inline-volume (default fs)] subPath should support file as subpath" classname="Kubernetes e2e suite" time="0">
          <skipped></skipped>
      </testcase>
      <testcase name="[sig-storage] In-tree Volumes [Driver: cinder] [Testpattern: Pre-provisioned PV (default fs)] subPath should support file as subpath" classname="Kubernetes e2e suite" time="0">
          <skipped></skipped>
      </testcase>
      <testcase name="[sig-storage] In-tree Volumes [Driver: azure] [Testpattern: Dynamic PV (filesystem volmode)] volumeMode should create sc, pod, pv, and pvc, read/write to the pv, and delete all created resources" classname="Kubernetes e2e suite" time="0">
          <skipped></skipped>
      </testcase>
      <testcase name="[sig-storage] In-tree Volumes [Driver: cinder] [Testpattern: Dynamic PV (default fs)] volumes should be mountable" classname="Kubernetes e2e suite" time="0">
          <skipped></skipped>
      </testcase>
      <testcase name="[sig-storage] In-tree Volumes [Driver: vSphere] [Testpattern: Inline-volume (default fs)] subPath should unmount if pod is force deleted while kubelet is down [Disruptive][Slow]" classname="Kubernetes e2e suite" time="0">
          <skipped></skipped>
      </testcase>
      <testcase name="[sig-storage] In-tree Volumes [Driver: aws] [Testpattern: Pre-provisioned PV (default fs)] subPath should support non-existent path" classname="Kubernetes e2e suite" time="0">
          <skipped></skipped>
      </testcase>
      <testcase name="[sig-storage] PersistentVolumes-local  [Volume type: dir-bindmounted] Set fsGroup for local volume should not set different fsGroups for two pods simultaneously" classname="Kubernetes e2e suite" time="0">
          <skipped></skipped>
      </testcase>
      <testcase name="[sig-storage] In-tree Volumes [Driver: ceph][Feature:Volumes] [Testpattern: Inline-volume (default fs)] subPath should fail if subpath directory is outside the volume [Slow]" classname="Kubernetes e2e suite" time="0">
          <skipped></skipped>
      </testcase>
      <testcase name="[sig-storage] In-tree Volumes [Driver: hostPathSymlink] [Testpattern: Pre-provisioned PV (default fs)] volumes should be mountable" classname="Kubernetes e2e suite" time="0">
          <skipped></skipped>
      </testcase>
      <testcase name="[sig-network] Loadbalancing: L7 GCE [Slow] [Feature:Ingress] should support multiple TLS certs" classname="Kubernetes e2e suite" time="0">
          <skipped></skipped>
      </testcase>
      <testcase name="[sig-storage] In-tree Volumes [Driver: ceph][Feature:Volumes] [Testpattern: Inline-volume (default fs)] subPath should support restarting containers using directory as subpath [Slow]" classname="Kubernetes e2e suite" time="0">
          <skipped></skipped>
      </testcase>
      <testcase name="[sig-storage] In-tree Volumes [Driver: gluster] [Testpattern: Inline-volume (default fs)] subPath should support restarting containers using file as subpath [Slow]" classname="Kubernetes e2e suite" time="0">
          <skipped></skipped>
      </testcase>
      <testcase name="[sig-storage] In-tree Volumes [Driver: cinder] [Testpattern: Dynamic PV (default fs)] provisioning should provision storage with defaults" classname="Kubernetes e2e suite" time="0">
          <skipped></skipped>
      </testcase>
      <testcase name="[sig-storage] Volume Provisioning on Datastore [Feature:vsphere] verify dynamically provisioned pv using storageclass fails on an invalid datastore" classname="Kubernetes e2e suite" time="0">
          <skipped></skipped>
      </testcase>
      <testcase name="[sig-storage] In-tree Volumes [Driver: azure] [Testpattern: Pre-provisioned PV (default fs)] subPath should fail if subpath file is outside the volume [Slow]" classname="Kubernetes e2e suite" time="0">
          <skipped></skipped>
      </testcase>
      <testcase name="[sig-storage] PersistentVolumes:vsphere should test that deleting the Namespace of a PVC and Pod causes the successful detach of vsphere volume" classname="Kubernetes e2e suite" time="0">
          <skipped></skipped>
      </testcase>
      <testcase name="[sig-node] Downward API should provide pod UID as env vars [NodeConformance] [Conformance]" classname="Kubernetes e2e suite" time="8.303460902"></testcase>
      <testcase name="[sig-storage] In-tree Volumes [Driver: nfs] [Testpattern: Pre-provisioned PV (default fs)] subPath should support readOnly directory specified in the volumeMount" classname="Kubernetes e2e suite" time="0">
          <skipped></skipped>
      </testcase>
      <testcase name="[sig-auth] [Feature:NodeAuthorizer] Getting a secret for a workload the node has access to should succeed" classname="Kubernetes e2e suite" time="0">
          <skipped></skipped>
      </testcase>
      <testcase name="[k8s.io] [sig-node] AppArmor load AppArmor profiles can disable an AppArmor profile, using unconfined" classname="Kubernetes e2e suite" time="0">
          <skipped></skipped>
      </testcase>
      <testcase name="[sig-storage] In-tree Volumes [Driver: aws] [Testpattern: Pre-provisioned PV (default fs)] subPath should support existing single file" classname="Kubernetes e2e suite" time="0">
          <skipped></skipped>
      </testcase>
      <testcase name="[sig-storage] In-tree Volumes [Driver: aws] [Testpattern: Dynamic PV (default fs)] subPath should support non-existent path" classname="Kubernetes e2e suite" time="0">
          <skipped></skipped>
      </testcase>
      <testcase name="[k8s.io] Variable Expansion should fail substituting values in a volume subpath with absolute path [Feature:VolumeSubpathEnvExpansion][NodeAlphaFeature:VolumeSubpathEnvExpansion][Slow]" classname="Kubernetes e2e suite" time="0">
          <skipped></skipped>
      </testcase>
      <testcase name="[sig-cli] Kubectl client [k8s.io] Kubectl replace should update a single-container pod&#39;s image  [Conformance]" classname="Kubernetes e2e suite" time="23.019212877"></testcase>
      <testcase name="[sig-storage] In-tree Volumes [Driver: azure] [Testpattern: Inline-volume (default fs)] subPath should support existing single file" classname="Kubernetes e2e suite" time="0">
          <skipped></skipped>
      </testcase>
      <testcase name="[sig-scheduling] NoExecuteTaintManager Single Pod [Serial] eventually evict pod with finite tolerations from tainted nodes" classname="Kubernetes e2e suite" time="0">
          <skipped></skipped>
      </testcase>
      <testcase name="[k8s.io] Downward API [Serial] [Disruptive] [NodeFeature:EphemeralStorage] Downward API tests for local ephemeral storage should provide default limits.ephemeral-storage from node allocatable" classname="Kubernetes e2e suite" time="0">
          <skipped></skipped>
      </testcase>
      <testcase name="[sig-storage] Secrets Should fail non-optional pod creation due to secret object does not exist [Slow]" classname="Kubernetes e2e suite" time="0">
          <skipped></skipped>
      </testcase>
      <testcase name="[sig-api-machinery] Servers with support for Table transformation should return generic metadata details across all namespaces for nodes" classname="Kubernetes e2e suite" time="0">
          <skipped></skipped>
      </testcase>
      <testcase name="[sig-scheduling] SchedulerPredicates [Serial] validates that taints-tolerations is respected if matching" classname="Kubernetes e2e suite" time="0">
          <skipped></skipped>
      </testcase>
      <testcase name="[sig-network] Services should be able to change the type from NodePort to ExternalName" classname="Kubernetes e2e suite" time="0">
          <skipped></skipped>
      </testcase>
      <testcase name="[sig-storage] In-tree Volumes [Driver: rbd][Feature:Volumes] [Testpattern: Pre-provisioned PV (default fs)] subPath should fail if subpath with backstepping is outside the volume [Slow]" classname="Kubernetes e2e suite" time="0">
          <skipped></skipped>
      </testcase>
      <testcase name="[sig-storage] Projected secret should be consumable from pods in volume with mappings and Item Mode set [NodeConformance] [Conformance]" classname="Kubernetes e2e suite" time="10.347510989"></testcase>
      <testcase name="[sig-storage] In-tree Volumes [Driver: iscsi][Feature:Volumes] [Testpattern: Dynamic PV (default fs)] subPath should unmount if pod is gracefully deleted while kubelet is down [Disruptive][Slow]" classname="Kubernetes e2e suite" time="0">
          <skipped></skipped>
      </testcase>
      <testcase name="[k8s.io] Container Runtime blackbox test when starting a container that exits should report termination message from log output if TerminationMessagePolicy FallbackToLogOnError is set [NodeConformance]" classname="Kubernetes e2e suite" time="0">
          <skipped></skipped>
      </testcase>
      <testcase name="[sig-storage] In-tree Volumes [Driver: gcepd] [Testpattern: Inline-volume (default fs)] subPath should support readOnly directory specified in the volumeMount" classname="Kubernetes e2e suite" time="0">
          <skipped></skipped>
      </testcase>
      <testcase name="[sig-storage] In-tree Volumes [Driver: azure] [Testpattern: Dynamic PV (ext3)] volumes should be mountable" classname="Kubernetes e2e suite" time="0">
          <skipped></skipped>
      </testcase>
      <testcase name="[sig-storage] In-tree Volumes [Driver: cinder] [Testpattern: Dynamic PV (default fs)] subPath should support readOnly file specified in the volumeMount" classname="Kubernetes e2e suite" time="0">
          <skipped></skipped>
      </testcase>
      <testcase name="[sig-storage] In-tree Volumes [Driver: cinder] [Testpattern: Pre-provisioned PV (xfs)] volumes should be mountable" classname="Kubernetes e2e suite" time="0">
          <skipped></skipped>
      </testcase>
      <testcase name="[k8s.io] EquivalenceCache [Serial] validates pod anti-affinity works properly when new replica pod is scheduled" classname="Kubernetes e2e suite" time="0">
          <skipped></skipped>
      </testcase>
      <testcase name="[sig-api-machinery] Garbage collector should delete jobs and pods created by cronjob" classname="Kubernetes e2e suite" time="0">
          <skipped></skipped>
      </testcase>
      <testcase name="[sig-storage] In-tree Volumes [Driver: gluster] [Testpattern: Pre-provisioned PV (default fs)] subPath should support readOnly file specified in the volumeMount" classname="Kubernetes e2e suite" time="0">
          <skipped></skipped>
      </testcase>
      <testcase name="[sig-network] Firewall rule should have correct firewall rules for e2e cluster" classname="Kubernetes e2e suite" time="0">
          <skipped></skipped>
      </testcase>
      <testcase name="[sig-scheduling] NoExecuteTaintManager Single Pod [Serial] doesn&#39;t evict pod with tolerations from tainted nodes" classname="Kubernetes e2e suite" time="0">
          <skipped></skipped>
      </testcase>
      <testcase name="[sig-instrumentation] MetricsGrabber should grab all metrics from a Scheduler." classname="Kubernetes e2e suite" time="0">
          <skipped></skipped>
      </testcase>
      <testcase name="[sig-storage] In-tree Volumes [Driver: nfs] [Testpattern: Inline-volume (default fs)] subPath should support non-existent path" classname="Kubernetes e2e suite" time="0">
          <skipped></skipped>
      </testcase>
      <testcase name="[sig-storage] PersistentVolumes-local  [Volume type: blockfswithformat] Two pods mounting a local volume one after the other should be able to write from pod1 and read from pod2" classname="Kubernetes e2e suite" time="0">
          <skipped></skipped>
      </testcase>
      <testcase name="[sig-storage] In-tree Volumes [Driver: azure] [Testpattern: Pre-provisioned PV (default fs)] volumes should be mountable" classname="Kubernetes e2e suite" time="0">
          <skipped></skipped>
      </testcase>
      <testcase name="[sig-storage] In-tree Volumes [Driver: rbd][Feature:Volumes] [Testpattern: Dynamic PV (ext3)] volumes should be mountable" classname="Kubernetes e2e suite" time="0">
          <skipped></skipped>
      </testcase>
      <testcase name="[sig-storage] Secrets should be consumable from pods in volume with mappings and Item Mode set [NodeConformance] [Conformance]" classname="Kubernetes e2e suite" time="10.361172326"></testcase>
      <testcase name="[sig-storage] In-tree Volumes [Driver: aws] [Testpattern: Pre-provisioned PV (default fs)] subPath should support existing directory" classname="Kubernetes e2e suite" time="0">
          <skipped></skipped>
      </testcase>
      <testcase name="[sig-storage] In-tree Volumes [Driver: aws] [Testpattern: Pre-provisioned PV (default fs)] subPath should fail if subpath directory is outside the volume [Slow]" classname="Kubernetes e2e suite" time="0">
          <skipped></skipped>
      </testcase>
      <testcase name="[sig-storage] PersistentVolumes-local  [Volume type: tmpfs] Set fsGroup for local volume should set different fsGroup for second pod if first pod is deleted" classname="Kubernetes e2e suite" time="0">
          <skipped></skipped>
      </testcase>
      <testcase name="[sig-storage] In-tree Volumes [Driver: nfs] [Testpattern: Pre-provisioned PV (default fs)] subPath should support restarting containers using file as subpath [Slow]" classname="Kubernetes e2e suite" time="0">
          <skipped></skipped>
      </testcase>
      <testcase name="[k8s.io] [sig-node] RuntimeClass [Feature:RuntimeClass] should recover when the RuntimeClass CRD is deleted [Slow]" classname="Kubernetes e2e suite" time="0">
          <skipped></skipped>
      </testcase>
      <testcase name="[sig-storage] In-tree Volumes [Driver: vSphere] [Testpattern: Dynamic PV (default fs)] provisioning should create and delete block persistent volumes" classname="Kubernetes e2e suite" time="0">
          <skipped></skipped>
      </testcase>
      <testcase name="[sig-storage] In-tree Volumes [Driver: iscsi][Feature:Volumes] [Testpattern: Pre-provisioned PV (xfs)] volumes should be mountable" classname="Kubernetes e2e suite" time="0">
          <skipped></skipped>
      </testcase>
      <testcase name="[sig-storage] In-tree Volumes [Driver: aws] [Testpattern: Dynamic PV (default fs)] subPath should unmount if pod is force deleted while kubelet is down [Disruptive][Slow]" classname="Kubernetes e2e suite" time="0">
          <skipped></skipped>
      </testcase>
      <testcase name="[sig-scheduling] ResourceQuota should create a ResourceQuota and capture the life of a pod." classname="Kubernetes e2e suite" time="0">
          <skipped></skipped>
      </testcase>
      <testcase name="[sig-storage] CSI Volumes [Driver: csi-hostpath-v0] [Testpattern: Dynamic PV (default fs)] subPath should support existing directories when readOnly specified in the volumeSource" classname="Kubernetes e2e suite" time="0">
          <skipped></skipped>
      </testcase>
      <testcase name="[sig-autoscaling] [HPA] Horizontal pod autoscaling (scale resource: Custom Metrics from Stackdriver) should scale down with Custom Metric of type Object from Stackdriver [Feature:CustomMetricsAutoscaling]" classname="Kubernetes e2e suite" time="0">
          <skipped></skipped>
      </testcase>
      <testcase name="[sig-storage] In-tree Volumes [Driver: rbd][Feature:Volumes] [Testpattern: Dynamic PV (default fs)] provisioning should provision storage with defaults" classname="Kubernetes e2e suite" time="0">
          <skipped></skipped>
      </testcase>
      <testcase name="[sig-storage] PersistentVolumes NFS with multiple PVs and PVCs all in same ns should create 2 PVs and 4 PVCs: test write access" classname="Kubernetes e2e suite" time="0">
          <skipped></skipped>
      </testcase>
      <testcase name="[sig-storage] In-tree Volumes [Driver: vSphere] [Testpattern: Inline-volume (default fs)] subPath should unmount if pod is gracefully deleted while kubelet is down [Disruptive][Slow]" classname="Kubernetes e2e suite" time="0">
          <skipped></skipped>
      </testcase>
      <testcase name="[sig-storage] In-tree Volumes [Driver: azure] [Testpattern: Dynamic PV (default fs)] subPath should support existing directory" classname="Kubernetes e2e suite" time="0">
          <skipped></skipped>
      </testcase>
      <testcase name="[sig-apps] DisruptionController evictions: too few pods, absolute =&gt; should not allow an eviction" classname="Kubernetes e2e suite" time="0">
          <skipped></skipped>
      </testcase>
      <testcase name="[sig-storage] In-tree Volumes [Driver: rbd][Feature:Volumes] [Testpattern: Dynamic PV (default fs)] subPath should support non-existent path" classname="Kubernetes e2e suite" time="0">
          <skipped></skipped>
      </testcase>
      <testcase name="[sig-storage] In-tree Volumes [Driver: ceph][Feature:Volumes] [Testpattern: Dynamic PV (default fs)] subPath should fail if subpath with backstepping is outside the volume [Slow]" classname="Kubernetes e2e suite" time="0">
          <skipped></skipped>
      </testcase>
      <testcase name="[sig-cli] Kubectl Port forwarding [k8s.io] With a server listening on localhost [k8s.io] that expects a client request should support a client that connects, sends NO DATA, and disconnects" classname="Kubernetes e2e suite" time="0">
          <skipped></skipped>
      </testcase>
      <testcase name="[k8s.io] Container Runtime blackbox test when starting a container that exits should report termination message if TerminationMessagePath is set [NodeConformance]" classname="Kubernetes e2e suite" time="0">
          <skipped></skipped>
      </testcase>
      <testcase name="[sig-storage] In-tree Volumes [Driver: nfs] [Testpattern: Inline-volume (default fs)] subPath should support existing directories when readOnly specified in the volumeSource" classname="Kubernetes e2e suite" time="0">
          <skipped></skipped>
      </testcase>
      <testcase name="[sig-network] Networking Granular Checks: Pods should function for intra-pod communication: udp [NodeConformance] [Conformance]" classname="Kubernetes e2e suite" time="44.4855093"></testcase>
      <testcase name="[sig-scalability] Load capacity [Feature:ManualPerformance] should be able to handle 30 pods per node ReplicationController with 0 secrets, 0 configmaps and 2 daemons" classname="Kubernetes e2e suite" time="0">
          <skipped></skipped>
      </testcase>
      <testcase name="[sig-storage] In-tree Volumes [Driver: ceph][Feature:Volumes] [Testpattern: Dynamic PV (default fs)] volumes should be mountable" classname="Kubernetes e2e suite" time="0">
          <skipped></skipped>
      </testcase>
      <testcase name="[sig-autoscaling] [HPA] Horizontal pod autoscaling (scale resource: Custom Metrics from Stackdriver) should scale down with Custom Metric of type Pod from Stackdriver [Feature:CustomMetricsAutoscaling]" classname="Kubernetes e2e suite" time="0">
          <skipped></skipped>
      </testcase>
      <testcase name="[sig-cli] Kubectl Port forwarding [k8s.io] With a server listening on localhost [k8s.io] that expects NO client request should support a client that connects, sends DATA, and disconnects" classname="Kubernetes e2e suite" time="0">
          <skipped></skipped>
      </testcase>
      <testcase name="[sig-instrumentation] Stackdriver Monitoring should have cluster metrics [Feature:StackdriverMonitoring]" classname="Kubernetes e2e suite" time="0">
          <skipped></skipped>
      </testcase>
      <testcase name="[sig-storage] CSI Volumes [Driver: pd.csi.storage.gke.io][Feature: gcePD-external] [Testpattern: Dynamic PV (default fs)] subPath should support readOnly file specified in the volumeMount" classname="Kubernetes e2e suite" time="0">
          <skipped></skipped>
      </testcase>
      <testcase name="[sig-api-machinery] Initializers [Feature:Initializers] should be invisible to controllers by default" classname="Kubernetes e2e suite" time="0">
          <skipped></skipped>
      </testcase>
      <testcase name="[k8s.io] [sig-node] Security Context [Feature:SecurityContext] should support seccomp alpha unconfined annotation on the container [Feature:Seccomp]" classname="Kubernetes e2e suite" time="0">
          <skipped></skipped>
      </testcase>
      <testcase name="[sig-storage] EmptyDir volumes should support (non-root,0777,default) [NodeConformance] [Conformance]" classname="Kubernetes e2e suite" time="8.352334346"></testcase>
      <testcase name="[sig-storage] In-tree Volumes [Driver: iscsi][Feature:Volumes] [Testpattern: Pre-provisioned PV (block volmode)] volumeMode should create sc, pod, pv, and pvc, read/write to the pv, and delete all created resources" classname="Kubernetes e2e suite" time="0">
          <skipped></skipped>
      </testcase>
      <testcase name="[sig-storage] In-tree Volumes [Driver: nfs] [Testpattern: Dynamic PV (default fs)] subPath should unmount if pod is force deleted while kubelet is down [Disruptive][Slow]" classname="Kubernetes e2e suite" time="0">
          <skipped></skipped>
      </testcase>
      <testcase name="[sig-storage] Pod Disks schedule pods each with a PD, delete pod and verify detach [Slow] for RW PD with pod delete grace period of &#34;immediate (0s)&#34;" classname="Kubernetes e2e suite" time="0">
          <skipped></skipped>
      </testcase>
      <testcase name="[sig-scheduling] PodPriorityResolution [Serial] validates critical system priorities are created and resolved" classname="Kubernetes e2e suite" time="0">
          <skipped></skipped>
      </testcase>
      <testcase name="[sig-storage] In-tree Volumes [Driver: vSphere] [Testpattern: Pre-provisioned PV (default fs)] subPath should fail if subpath with backstepping is outside the volume [Slow]" classname="Kubernetes e2e suite" time="0">
          <skipped></skipped>
      </testcase>
      <testcase name="[sig-cli] Kubectl client [k8s.io] Kubectl copy should copy a file from a running Pod" classname="Kubernetes e2e suite" time="0">
          <skipped></skipped>
      </testcase>
      <testcase name="[sig-cluster-lifecycle] Nodes [Disruptive] Resize [Slow] should be able to delete nodes" classname="Kubernetes e2e suite" time="0">
          <skipped></skipped>
      </testcase>
      <testcase name="[k8s.io] Probing container should have monotonically increasing restart count [Slow][NodeConformance] [Conformance]" classname="Kubernetes e2e suite" time="146.758622924"></testcase>
      <testcase name="[sig-storage] vsphere cloud provider stress [Feature:vsphere] vsphere stress tests" classname="Kubernetes e2e suite" time="0">
          <skipped></skipped>
      </testcase>
      <testcase name="[sig-storage] In-tree Volumes [Driver: nfs] [Testpattern: Inline-volume (ext4)] volumes should be mountable" classname="Kubernetes e2e suite" time="0">
          <skipped></skipped>
      </testcase>
      <testcase name="[sig-storage] In-tree Volumes [Driver: nfs] [Testpattern: Dynamic PV (default fs)] provisioning should provision storage with defaults" classname="Kubernetes e2e suite" time="0">
          <skipped></skipped>
      </testcase>
      <testcase name="[sig-autoscaling] [HPA] Horizontal pod autoscaling (scale resource: CPU) [sig-autoscaling] [Serial] [Slow] Deployment Should scale from 1 pod to 3 pods and from 3 to 5" classname="Kubernetes e2e suite" time="0">
          <skipped></skipped>
      </testcase>
      <testcase name="[sig-storage] In-tree Volumes [Driver: gluster] [Testpattern: Dynamic PV (default fs)] provisioning should create and delete block persistent volumes" classname="Kubernetes e2e suite" time="0">
          <skipped></skipped>
      </testcase>
      <testcase name="[sig-storage] In-tree Volumes [Driver: ceph][Feature:Volumes] [Testpattern: Inline-volume (default fs)] subPath should support existing single file" classname="Kubernetes e2e suite" time="0">
          <skipped></skipped>
      </testcase>
      <testcase name="[sig-storage] In-tree Volumes [Driver: emptydir] [Testpattern: Pre-provisioned PV (default fs)] subPath should unmount if pod is force deleted while kubelet is down [Disruptive][Slow]" classname="Kubernetes e2e suite" time="0">
          <skipped></skipped>
      </testcase>
      <testcase name="[sig-cli] Kubectl Port forwarding [k8s.io] With a server listening on 0.0.0.0 [k8s.io] that expects a client request should support a client that connects, sends DATA, and disconnects" classname="Kubernetes e2e suite" time="0">
          <skipped></skipped>
      </testcase>
      <testcase name="[sig-api-machinery] Namespaces [Serial] should ensure that all services are removed when a namespace is deleted [Conformance]" classname="Kubernetes e2e suite" time="18.694433536"></testcase>
      <testcase name="[sig-cluster-lifecycle] [Feature:BootstrapTokens] should resign the bootstrap tokens when the clusterInfo ConfigMap updated [Serial][Disruptive]" classname="Kubernetes e2e suite" time="0">
          <skipped></skipped>
      </testcase>
      <testcase name="[sig-storage] In-tree Volumes [Driver: iscsi][Feature:Volumes] [Testpattern: Pre-provisioned PV (default fs)] subPath should unmount if pod is force deleted while kubelet is down [Disruptive][Slow]" classname="Kubernetes e2e suite" time="0">
          <skipped></skipped>
      </testcase>
      <testcase name="[sig-storage] In-tree Volumes [Driver: nfs] [Testpattern: Dynamic PV (default fs)] subPath should support existing single file" classname="Kubernetes e2e suite" time="0">
          <skipped></skipped>
      </testcase>
      <testcase name="[sig-storage] Projected configMap should be consumable from pods in volume with defaultMode set [NodeConformance] [Conformance]" classname="Kubernetes e2e suite" time="8.332422114"></testcase>
      <testcase name="[k8s.io] [Feature:Example] [k8s.io] Downward API should create a pod that prints his name and namespace" classname="Kubernetes e2e suite" time="0">
          <skipped></skipped>
      </testcase>
      <testcase name="[sig-storage] In-tree Volumes [Driver: emptydir] [Testpattern: Inline-volume (default fs)] subPath should fail if subpath file is outside the volume [Slow]" classname="Kubernetes e2e suite" time="0">
          <skipped></skipped>
      </testcase>
      <testcase name="[sig-storage] CSI Volumes [Driver: pd.csi.storage.gke.io][Serial] [Testpattern: Dynamic PV (default fs)] volumes should be mountable" classname="Kubernetes e2e suite" time="0">
          <skipped></skipped>
      </testcase>
      <testcase name="[sig-storage] Subpath Atomic writer volumes should support subpaths with projected pod [Conformance]" classname="Kubernetes e2e suite" time="30.402650736"></testcase>
      <testcase name="[k8s.io] Downward API [Serial] [Disruptive] [NodeFeature:EphemeralStorage] Downward API tests for local ephemeral storage should provide container&#39;s limits.ephemeral-storage and requests.ephemeral-storage as env vars" classname="Kubernetes e2e suite" time="0">
          <skipped></skipped>
      </testcase>
      <testcase name="[sig-apps] Network Partition [Disruptive] [Slow] [k8s.io] [ReplicationController] should eagerly create replacement pod during network partition when termination grace is non-zero" classname="Kubernetes e2e suite" time="0">
          <skipped></skipped>
      </testcase>
      <testcase name="[sig-storage] ConfigMap should be consumable from pods in volume with mappings as non-root with FSGroup [NodeFeature:FSGroup]" classname="Kubernetes e2e suite" time="0">
          <skipped></skipped>
      </testcase>
      <testcase name="[sig-storage] In-tree Volumes [Driver: cinder] [Testpattern: Inline-volume (default fs)] subPath should unmount if pod is gracefully deleted while kubelet is down [Disruptive][Slow]" classname="Kubernetes e2e suite" time="0">
          <skipped></skipped>
      </testcase>
      <testcase name="[sig-scheduling] SchedulerPredicates [Serial] validates resource limits of pods that are allowed to run  [Conformance]" classname="Kubernetes e2e suite" time="9.353117729"></testcase>
      <testcase name="[sig-storage] In-tree Volumes [Driver: emptydir] [Testpattern: Dynamic PV (default fs)] subPath should fail if subpath directory is outside the volume [Slow]" classname="Kubernetes e2e suite" time="0">
          <skipped></skipped>
      </testcase>
      <testcase name="[sig-cli] Kubectl client [k8s.io] Kubectl patch should add annotations for pods in rc  [Conformance]" classname="Kubernetes e2e suite" time="24.848029822"></testcase>
      <testcase name="[sig-storage] In-tree Volumes [Driver: emptydir] [Testpattern: Pre-provisioned PV (default fs)] volumes should be mountable" classname="Kubernetes e2e suite" time="0">
          <skipped></skipped>
      </testcase>
      <testcase name="[sig-storage] PersistentVolumes-local  [Volume type: block] Two pods mounting a local volume at the same time should be able to write from pod1 and read from pod2" classname="Kubernetes e2e suite" time="0">
          <skipped></skipped>
      </testcase>
      <testcase name="[sig-storage] PersistentVolumes-local  [Volume type: blockfswithformat] One pod requesting one prebound PVC should be able to mount volume and read from pod1" classname="Kubernetes e2e suite" time="0">
          <skipped></skipped>
      </testcase>
      <testcase name="[sig-storage] In-tree Volumes [Driver: aws] [Testpattern: Inline-volume (default fs)] subPath should support restarting containers using file as subpath [Slow]" classname="Kubernetes e2e suite" time="0">
          <skipped></skipped>
      </testcase>
      <testcase name="[sig-cluster-lifecycle] Restart [Disruptive] should restart all nodes and ensure all nodes and pods recover" classname="Kubernetes e2e suite" time="0">
          <skipped></skipped>
      </testcase>
      <testcase name="[sig-storage] In-tree Volumes [Driver: iscsi][Feature:Volumes] [Testpattern: Dynamic PV (default fs)] subPath should support creating multiple subpath from same volumes [Slow]" classname="Kubernetes e2e suite" time="0">
          <skipped></skipped>
      </testcase>
      <testcase name="[sig-api-machinery] Secrets should fail to create secret in volume due to empty secret key" classname="Kubernetes e2e suite" time="0">
          <skipped></skipped>
      </testcase>
      <testcase name="[sig-storage] In-tree Volumes [Driver: hostPath] [Testpattern: Inline-volume (xfs)] volumes should be mountable" classname="Kubernetes e2e suite" time="0">
          <skipped></skipped>
      </testcase>
      <testcase name="[sig-storage] In-tree Volumes [Driver: azure] [Testpattern: Pre-provisioned PV (default fs)] subPath should support readOnly directory specified in the volumeMount" classname="Kubernetes e2e suite" time="0">
          <skipped></skipped>
      </testcase>
      <testcase name="[sig-storage] PersistentVolumes-local  [Volume type: block] Two pods mounting a local volume one after the other should be able to write from pod1 and read from pod2" classname="Kubernetes e2e suite" time="0">
          <skipped></skipped>
      </testcase>
      <testcase name="[sig-storage] CSI Volumes [Driver: csi-hostpath] [Testpattern: Dynamic PV (default fs)] subPath should support existing directory" classname="Kubernetes e2e suite" time="0">
          <skipped></skipped>
      </testcase>
      <testcase name="[sig-storage] In-tree Volumes [Driver: emptydir] [Testpattern: Dynamic PV (default fs)] subPath should unmount if pod is force deleted while kubelet is down [Disruptive][Slow]" classname="Kubernetes e2e suite" time="0">
          <skipped></skipped>
      </testcase>
      <testcase name="[sig-storage] Subpath Atomic writer volumes should support subpaths with configmap pod with mountPath of existing file [Conformance]" classname="Kubernetes e2e suite" time="30.470021516"></testcase>
      <testcase name="[sig-storage] In-tree Volumes [Driver: hostPathSymlink] [Testpattern: Dynamic PV (default fs)] provisioning should provision storage with defaults" classname="Kubernetes e2e suite" time="0">
          <skipped></skipped>
      </testcase>
      <testcase name="[sig-storage] Projected secret Should fail non-optional pod creation due to the key in the secret object does not exist [Slow]" classname="Kubernetes e2e suite" time="0">
          <skipped></skipped>
      </testcase>
      <testcase name="[sig-api-machinery] Watchers should be able to restart watching from the last resource version observed by the previous watch [Conformance]" classname="Kubernetes e2e suite" time="6.32029877"></testcase>
      <testcase name="[sig-apps] Daemon set [Serial] should run and stop simple daemon [Conformance]" classname="Kubernetes e2e suite" time="88.004517028"></testcase>
      <testcase name="[sig-storage] In-tree Volumes [Driver: cinder] [Testpattern: Pre-provisioned PV (default fs)] subPath should unmount if pod is gracefully deleted while kubelet is down [Disruptive][Slow]" classname="Kubernetes e2e suite" time="0">
          <skipped></skipped>
      </testcase>
      <testcase name="[sig-storage] Storage Policy Based Volume Provisioning [Feature:vsphere] verify VSAN storage capability with valid objectSpaceReservation and iopsLimit values is honored for dynamically provisioned pvc using storageclass" classname="Kubernetes e2e suite" time="0">
          <skipped></skipped>
      </testcase>
      <testcase name="[sig-storage] Projected configMap Should fail non-optional pod creation due to the key in the configMap object does not exist [Slow]" classname="Kubernetes e2e suite" time="0">
          <skipped></skipped>
      </testcase>
      <testcase name="[sig-auth] Advanced Audit should audit API calls [DisabledForLargeClusters]" classname="Kubernetes e2e suite" time="0">
          <skipped></skipped>
      </testcase>
      <testcase name="[sig-network] Loadbalancing: L7 GCE [Slow] [Feature:NEG] rolling update backend pods should not cause service disruption" classname="Kubernetes e2e suite" time="0">
          <skipped></skipped>
      </testcase>
      <testcase name="[sig-storage] In-tree Volumes [Driver: gcepd] [Testpattern: Dynamic PV (default fs)] provisioning should provision storage with defaults" classname="Kubernetes e2e suite" time="0">
          <skipped></skipped>
      </testcase>
      <testcase name="[sig-cli] Kubectl client [k8s.io] Kubectl label should update the label on a resource  [Conformance]" classname="Kubernetes e2e suite" time="9.101481102"></testcase>
      <testcase name="[sig-storage] In-tree Volumes [Driver: azure] [Testpattern: Pre-provisioned PV (default fs)] subPath should fail if subpath with backstepping is outside the volume [Slow]" classname="Kubernetes e2e suite" time="0">
          <skipped></skipped>
      </testcase>
      <testcase name="[sig-storage] In-tree Volumes [Driver: gcepd] [Testpattern: Pre-provisioned PV (default fs)] volumeIO should write files of various sizes, verify size, validate content [Slow]" classname="Kubernetes e2e suite" time="0">
          <skipped></skipped>
      </testcase>
      <testcase name="[sig-storage] CSI Volumes [Driver: pd.csi.storage.gke.io][Feature: gcePD-external] [Testpattern: Dynamic PV (default fs)] provisioning should provision storage with mount options" classname="Kubernetes e2e suite" time="0">
          <skipped></skipped>
      </testcase>
      <testcase name="[sig-storage] In-tree Volumes [Driver: ceph][Feature:Volumes] [Testpattern: Inline-volume (ext3)] volumes should be mountable" classname="Kubernetes e2e suite" time="0">
          <skipped></skipped>
      </testcase>
      <testcase name="[sig-apps] DaemonRestart [Disruptive] Controller Manager should not create/delete replicas across restart" classname="Kubernetes e2e suite" time="0">
          <skipped></skipped>
      </testcase>
      <testcase name="[sig-storage] PersistentVolumes-local  [Volume type: tmpfs] Set fsGroup for local volume should not set different fsGroups for two pods simultaneously" classname="Kubernetes e2e suite" time="0">
          <skipped></skipped>
      </testcase>
      <testcase name="[sig-storage] In-tree Volumes [Driver: cinder] [Testpattern: Pre-provisioned PV (default fs)] subPath should fail if non-existent subpath is outside the volume [Slow]" classname="Kubernetes e2e suite" time="0">
          <skipped></skipped>
      </testcase>
      <testcase name="[sig-network] NetworkPolicy NetworkPolicy between server and client should allow ingress access on one named port [Feature:NetworkPolicy]" classname="Kubernetes e2e suite" time="0">
          <skipped></skipped>
      </testcase>
      <testcase name="[sig-apps] Deployment deployment should support rollover [Conformance]" classname="Kubernetes e2e suite" time="29.432852553"></testcase>
      <testcase name="[sig-storage] In-tree Volumes [Driver: rbd][Feature:Volumes] [Testpattern: Pre-provisioned PV (default fs)] subPath should unmount if pod is force deleted while kubelet is down [Disruptive][Slow]" classname="Kubernetes e2e suite" time="0">
          <skipped></skipped>
      </testcase>
      <testcase name="[sig-network] Loadbalancing: L7 GCE [Slow] [Feature:NEG] should sync endpoints for both Ingress-referenced NEG and standalone NEG" classname="Kubernetes e2e suite" time="0">
          <skipped></skipped>
      </testcase>
      <testcase name="[sig-network] Firewall rule [Slow] [Serial] should create valid firewall rules for LoadBalancer type service" classname="Kubernetes e2e suite" time="0">
          <skipped></skipped>
      </testcase>
      <testcase name="[sig-storage] In-tree Volumes [Driver: nfs] [Testpattern: Dynamic PV (default fs)] subPath should fail if subpath directory is outside the volume [Slow]" classname="Kubernetes e2e suite" time="0">
          <skipped></skipped>
      </testcase>
      <testcase name="[sig-storage] In-tree Volumes [Driver: ceph][Feature:Volumes] [Testpattern: Dynamic PV (default fs)] provisioning should provision storage with defaults" classname="Kubernetes e2e suite" time="0">
          <skipped></skipped>
      </testcase>
      <testcase name="[sig-storage] PersistentVolumes-local  [Volume type: dir-link] Set fsGroup for local volume should set same fsGroup for two pods simultaneously" classname="Kubernetes e2e suite" time="0">
          <skipped></skipped>
      </testcase>
      <testcase name="[sig-storage] In-tree Volumes [Driver: azure] [Testpattern: Dynamic PV (default fs)] subPath should support restarting containers using directory as subpath [Slow]" classname="Kubernetes e2e suite" time="0">
          <skipped></skipped>
      </testcase>
      <testcase name="[sig-storage] In-tree Volumes [Driver: rbd][Feature:Volumes] [Testpattern: Dynamic PV (default fs)] subPath should fail if subpath directory is outside the volume [Slow]" classname="Kubernetes e2e suite" time="0">
          <skipped></skipped>
      </testcase>
      <testcase name="[sig-storage] In-tree Volumes [Driver: iscsi][Feature:Volumes] [Testpattern: Dynamic PV (default fs)] subPath should support readOnly file specified in the volumeMount" classname="Kubernetes e2e suite" time="0">
          <skipped></skipped>
      </testcase>
      <testcase name="[sig-autoscaling] Cluster size autoscaling [Slow] should increase cluster size if pods are pending due to pod anti-affinity [Feature:ClusterSizeAutoscalingScaleUp]" classname="Kubernetes e2e suite" time="0">
          <skipped></skipped>
      </testcase>
      <testcase name="[sig-storage] In-tree Volumes [Driver: ceph][Feature:Volumes] [Testpattern: Dynamic PV (default fs)] subPath should support readOnly file specified in the volumeMount" classname="Kubernetes e2e suite" time="0">
          <skipped></skipped>
      </testcase>
      <testcase name="[sig-storage] CSI Volumes CSI attach test using HostPath driver [Feature:CSIDriverRegistry] non-attachable volume does not need VolumeAttachment" classname="Kubernetes e2e suite" time="0">
          <skipped></skipped>
      </testcase>
      <testcase name="[sig-autoscaling] [HPA] Horizontal pod autoscaling (scale resource: Custom Metrics from Stackdriver) should scale down with External Metric with target value from Stackdriver [Feature:CustomMetricsAutoscaling]" classname="Kubernetes e2e suite" time="0">
          <skipped></skipped>
      </testcase>
      <testcase name="[sig-storage] In-tree Volumes [Driver: hostPathSymlink] [Testpattern: Dynamic PV (default fs)] subPath should support non-existent path" classname="Kubernetes e2e suite" time="0">
          <skipped></skipped>
      </testcase>
      <testcase name="[sig-storage] CSI Volumes [Driver: pd.csi.storage.gke.io][Feature: gcePD-external] [Testpattern: Dynamic PV (default fs)] provisioning should provision storage with defaults" classname="Kubernetes e2e suite" time="0">
          <skipped></skipped>
      </testcase>
      <testcase name="[sig-api-machinery] Aggregator Should be able to support the 1.10 Sample API Server using the current Aggregator" classname="Kubernetes e2e suite" time="0">
          <skipped></skipped>
      </testcase>
      <testcase name="[sig-storage] In-tree Volumes [Driver: cinder] [Testpattern: Dynamic PV (ext3)] volumes should be mountable" classname="Kubernetes e2e suite" time="0">
          <skipped></skipped>
      </testcase>
      <testcase name="[sig-storage] In-tree Volumes [Driver: hostPath] [Testpattern: Dynamic PV (default fs)] volumeIO should write files of various sizes, verify size, validate content [Slow]" classname="Kubernetes e2e suite" time="0">
          <skipped></skipped>
      </testcase>
      <testcase name="[sig-storage] In-tree Volumes [Driver: nfs] [Testpattern: Dynamic PV (default fs)] subPath should support readOnly directory specified in the volumeMount" classname="Kubernetes e2e suite" time="0">
          <skipped></skipped>
      </testcase>
      <testcase name="[sig-scheduling] ResourceQuota should create a ResourceQuota and capture the life of a persistent volume claim with a storage class. [sig-storage]" classname="Kubernetes e2e suite" time="0">
          <skipped></skipped>
      </testcase>
      <testcase name="[sig-storage] In-tree Volumes [Driver: azure] [Testpattern: Pre-provisioned PV (ext4)] volumes should be mountable" classname="Kubernetes e2e suite" time="0">
          <skipped></skipped>
      </testcase>
      <testcase name="[sig-storage] In-tree Volumes [Driver: vSphere] [Testpattern: Pre-provisioned PV (ext4)] volumes should be mountable" classname="Kubernetes e2e suite" time="0">
          <skipped></skipped>
      </testcase>
      <testcase name="[sig-cli] Kubectl client [k8s.io] Kubectl run deployment should create a deployment from an image  [Conformance]" classname="Kubernetes e2e suite" time="18.477070975"></testcase>
      <testcase name="[sig-autoscaling] [HPA] Horizontal pod autoscaling (scale resource: CPU) [sig-autoscaling] [Serial] [Slow] ReplicaSet Should scale from 5 pods to 3 pods and from 3 to 1" classname="Kubernetes e2e suite" time="0">
          <skipped></skipped>
      </testcase>
      <testcase name="[sig-storage] In-tree Volumes [Driver: hostPathSymlink] [Testpattern: Inline-volume (default fs)] subPath should fail if subpath with backstepping is outside the volume [Slow]" classname="Kubernetes e2e suite" time="0">
          <skipped></skipped>
      </testcase>
      <testcase name="[sig-storage] Projected configMap should be consumable from pods in volume with mappings as non-root with FSGroup [NodeFeature:FSGroup]" classname="Kubernetes e2e suite" time="0">
          <skipped></skipped>
      </testcase>
      <testcase name="[sig-storage] In-tree Volumes [Driver: hostPathSymlink] [Testpattern: Dynamic PV (default fs)] subPath should fail if subpath with backstepping is outside the volume [Slow]" classname="Kubernetes e2e suite" time="0">
          <skipped></skipped>
      </testcase>
      <testcase name="[sig-storage] In-tree Volumes [Driver: gcepd] [Testpattern: Inline-volume (default fs)] subPath should support existing directories when readOnly specified in the volumeSource" classname="Kubernetes e2e suite" time="0">
          <skipped></skipped>
      </testcase>
      <testcase name="[sig-storage] Mounted flexvolume expand[Slow] Should verify mounted flex volumes can be resized" classname="Kubernetes e2e suite" time="0">
          <skipped></skipped>
      </testcase>
      <testcase name="[sig-network] NetworkPolicy NetworkPolicy between server and client should allow egress access on one named port [Feature:NetworkPolicy]" classname="Kubernetes e2e suite" time="0">
          <skipped></skipped>
      </testcase>
      <testcase name="[sig-storage] CSI Volumes [Driver: csi-hostpath] [Testpattern: Dynamic PV (default fs)] subPath should fail if non-existent subpath is outside the volume [Slow]" classname="Kubernetes e2e suite" time="0">
          <skipped></skipped>
      </testcase>
      <testcase name="[sig-storage] In-tree Volumes [Driver: gcepd] [Testpattern: Inline-volume (default fs)] subPath should support existing directory" classname="Kubernetes e2e suite" time="0">
          <skipped></skipped>
      </testcase>
      <testcase name="[sig-storage] In-tree Volumes [Driver: rbd][Feature:Volumes] [Testpattern: Pre-provisioned PV (default fs)] subPath should support non-existent path" classname="Kubernetes e2e suite" time="0">
          <skipped></skipped>
      </testcase>
      <testcase name="[sig-storage] EmptyDir volumes should support (root,0777,tmpfs) [NodeConformance] [Conformance]" classname="Kubernetes e2e suite" time="10.312692914"></testcase>
      <testcase name="[sig-storage] In-tree Volumes [Driver: gluster] [Testpattern: Pre-provisioned PV (default fs)] subPath should fail if subpath directory is outside the volume [Slow]" classname="Kubernetes e2e suite" time="0">
          <skipped></skipped>
      </testcase>
      <testcase name="[sig-storage] In-tree Volumes [Driver: vSphere] [Testpattern: Pre-provisioned PV (default fs)] volumeIO should write files of various sizes, verify size, validate content [Slow]" classname="Kubernetes e2e suite" time="0">
          <skipped></skipped>
      </testcase>
      <testcase name="[sig-storage] In-tree Volumes [Driver: vSphere] [Testpattern: Pre-provisioned PV (default fs)] subPath should support file as subpath" classname="Kubernetes e2e suite" time="0">
          <skipped></skipped>
      </testcase>
      <testcase name="[k8s.io] Probing container should be restarted with a /healthz http liveness probe [NodeConformance] [Conformance]" classname="Kubernetes e2e suite" time="34.406008933"></testcase>
      <testcase name="[sig-storage] EmptyDir volumes when FSGroup is specified [NodeFeature:FSGroup] volume on default medium should have the correct mode using FSGroup" classname="Kubernetes e2e suite" time="0">
          <skipped></skipped>
      </testcase>
      <testcase name="[sig-network] Services should check NodePort out-of-range" classname="Kubernetes e2e suite" time="0">
          <skipped></skipped>
      </testcase>
      <testcase name="[sig-storage] In-tree Volumes [Driver: emptydir] [Testpattern: Dynamic PV (default fs)] subPath should support existing directory" classname="Kubernetes e2e suite" time="0">
          <skipped></skipped>
      </testcase>
      <testcase name="[sig-storage] In-tree Volumes [Driver: emptydir] [Testpattern: Pre-provisioned PV (default fs)] volumeIO should write files of various sizes, verify size, validate content [Slow]" classname="Kubernetes e2e suite" time="0">
          <skipped></skipped>
      </testcase>
      <testcase name="[sig-apps] Job should exceed backoffLimit" classname="Kubernetes e2e suite" time="0">
          <skipped></skipped>
      </testcase>
      <testcase name="[sig-instrumentation] Cluster level logging implemented by Stackdriver should ingest events [Feature:StackdriverLogging]" classname="Kubernetes e2e suite" time="0">
          <skipped></skipped>
      </testcase>
      <testcase name="[sig-storage] CSI Volumes [Driver: pd.csi.storage.gke.io][Serial] [Testpattern: Dynamic PV (default fs)] provisioning should provision storage with defaults" classname="Kubernetes e2e suite" time="0">
          <skipped></skipped>
      </testcase>
      <testcase name="[sig-autoscaling] Cluster size autoscaling [Slow] shouldn&#39;t trigger additional scale-ups during processing scale-up [Feature:ClusterSizeAutoscalingScaleUp]" classname="Kubernetes e2e suite" time="0">
          <skipped></skipped>
      </testcase>
      <testcase name="[sig-storage] In-tree Volumes [Driver: iscsi][Feature:Volumes] [Testpattern: Dynamic PV (default fs)] subPath should support non-existent path" classname="Kubernetes e2e suite" time="0">
          <skipped></skipped>
      </testcase>
      <testcase name="[sig-cluster-lifecycle] Nodes [Disruptive] Resize [Slow] should be able to add nodes" classname="Kubernetes e2e suite" time="0">
          <skipped></skipped>
      </testcase>
      <testcase name="[sig-storage] In-tree Volumes [Driver: rbd][Feature:Volumes] [Testpattern: Dynamic PV (default fs)] subPath should support readOnly directory specified in the volumeMount" classname="Kubernetes e2e suite" time="0">
          <skipped></skipped>
      </testcase>
      <testcase name="[sig-storage] In-tree Volumes [Driver: cinder] [Testpattern: Pre-provisioned PV (default fs)] volumes should be mountable" classname="Kubernetes e2e suite" time="0">
          <skipped></skipped>
      </testcase>
      <testcase name="[k8s.io] [sig-node] Security Context [Feature:SecurityContext] should support pod.Spec.SecurityContext.RunAsUser" classname="Kubernetes e2e suite" time="0">
          <skipped></skipped>
      </testcase>
      <testcase name="[sig-scalability] Load capacity [Feature:Performance] should be able to handle 30 pods per node ReplicationController with 0 secrets, 0 configmaps and 0 daemons" classname="Kubernetes e2e suite" time="0">
          <skipped></skipped>
      </testcase>
      <testcase name="[sig-storage] In-tree Volumes [Driver: hostPathSymlink] [Testpattern: Dynamic PV (default fs)] subPath should support readOnly file specified in the volumeMount" classname="Kubernetes e2e suite" time="0">
          <skipped></skipped>
      </testcase>
      <testcase name="[sig-storage] In-tree Volumes [Driver: vSphere] [Testpattern: Dynamic PV (ext4)] volumes should be mountable" classname="Kubernetes e2e suite" time="0">
          <skipped></skipped>
      </testcase>
      <testcase name="[sig-storage] In-tree Volumes [Driver: nfs] [Testpattern: Inline-volume (default fs)] subPath should support existing single file" classname="Kubernetes e2e suite" time="0">
          <skipped></skipped>
      </testcase>
      <testcase name="[sig-storage] In-tree Volumes [Driver: nfs] [Testpattern: Inline-volume (default fs)] subPath should fail if non-existent subpath is outside the volume [Slow]" classname="Kubernetes e2e suite" time="0">
          <skipped></skipped>
      </testcase>
      <testcase name="[sig-storage] In-tree Volumes [Driver: cinder] [Testpattern: Inline-volume (default fs)] subPath should support restarting containers using file as subpath [Slow]" classname="Kubernetes e2e suite" time="0">
          <skipped></skipped>
      </testcase>
      <testcase name="[k8s.io] [sig-node] Security Context [Feature:SecurityContext] should support seccomp alpha runtime/default annotation [Feature:Seccomp]" classname="Kubernetes e2e suite" time="0">
          <skipped></skipped>
      </testcase>
      <testcase name="[k8s.io] Container Lifecycle Hook when create a pod with lifecycle hook should execute prestop exec hook properly [NodeConformance] [Conformance]" classname="Kubernetes e2e suite" time="48.414945306"></testcase>
      <testcase name="[sig-storage] In-tree Volumes [Driver: cinder] [Testpattern: Pre-provisioned PV (default fs)] subPath should support existing single file" classname="Kubernetes e2e suite" time="0">
          <skipped></skipped>
      </testcase>
      <testcase name="[sig-storage] In-tree Volumes [Driver: gluster] [Testpattern: Dynamic PV (default fs)] subPath should fail if subpath directory is outside the volume [Slow]" classname="Kubernetes e2e suite" time="0">
          <skipped></skipped>
      </testcase>
      <testcase name="[sig-cli] Kubectl client [k8s.io] Kubectl api-versions should check if v1 is in available api versions  [Conformance]" classname="Kubernetes e2e suite" time="6.411891928"></testcase>
      <testcase name="[sig-ui] Kubernetes Dashboard should check that the kubernetes-dashboard instance is alive" classname="Kubernetes e2e suite" time="0">
          <skipped></skipped>
      </testcase>
      <testcase name="[sig-storage] CSI Volumes [Driver: pd.csi.storage.gke.io][Feature: gcePD-external] [Testpattern: Dynamic PV (default fs)] provisioning should create and delete block persistent volumes" classname="Kubernetes e2e suite" time="0">
          <skipped></skipped>
      </testcase>
      <testcase name="[sig-storage] In-tree Volumes [Driver: rbd][Feature:Volumes] [Testpattern: Pre-provisioned PV (default fs)] subPath should fail if non-existent subpath is outside the volume [Slow]" classname="Kubernetes e2e suite" time="0">
          <skipped></skipped>
      </testcase>
      <testcase name="[sig-storage] In-tree Volumes [Driver: gluster] [Testpattern: Inline-volume (ext4)] volumes should be mountable" classname="Kubernetes e2e suite" time="0">
          <skipped></skipped>
      </testcase>
      <testcase name="[sig-storage] PersistentVolumes-local  [Volume type: dir] One pod requesting one prebound PVC should be able to mount volume and write from pod1" classname="Kubernetes e2e suite" time="0">
          <skipped></skipped>
      </testcase>
      <testcase name="[sig-storage] In-tree Volumes [Driver: aws] [Testpattern: Pre-provisioned PV (default fs)] subPath should support readOnly file specified in the volumeMount" classname="Kubernetes e2e suite" time="0">
          <skipped></skipped>
      </testcase>
      <testcase name="[sig-storage] In-tree Volumes [Driver: gcepd] [Testpattern: Inline-volume (ext4)] volumes should be mountable" classname="Kubernetes e2e suite" time="0">
          <skipped></skipped>
      </testcase>
      <testcase name="[sig-storage] CSI Volumes [Driver: csi-hostpath] [Testpattern: Dynamic PV (default fs)] subPath should unmount if pod is gracefully deleted while kubelet is down [Disruptive][Slow]" classname="Kubernetes e2e suite" time="0">
          <skipped></skipped>
      </testcase>
      <testcase name="[sig-storage] In-tree Volumes [Driver: hostPathSymlink] [Testpattern: Inline-volume (default fs)] subPath should support creating multiple subpath from same volumes [Slow]" classname="Kubernetes e2e suite" time="0">
          <skipped></skipped>
      </testcase>
      <testcase name="[sig-storage] Node Poweroff [Feature:vsphere] [Slow] [Disruptive] verify volume status after node power off" classname="Kubernetes e2e suite" time="0">
          <skipped></skipped>
      </testcase>
      <testcase name="[sig-storage] In-tree Volumes [Driver: emptydir] [Testpattern: Inline-volume (default fs)] subPath should support restarting containers using file as subpath [Slow]" classname="Kubernetes e2e suite" time="0">
          <skipped></skipped>
      </testcase>
      <testcase name="[sig-storage] In-tree Volumes [Driver: hostPath] [Testpattern: Inline-volume (default fs)] subPath should fail if subpath directory is outside the volume [Slow]" classname="Kubernetes e2e suite" time="0">
          <skipped></skipped>
      </testcase>
      <testcase name="[k8s.io] Cluster size autoscaler scalability [Slow] CA ignores unschedulable pods while scheduling schedulable pods [Feature:ClusterAutoscalerScalability6]" classname="Kubernetes e2e suite" time="0">
          <skipped></skipped>
      </testcase>
      <testcase name="[sig-storage] PersistentVolumes-local  StatefulSet with pod affinity [Slow] should use volumes spread across nodes when pod management is parallel and pod has anti-affinity" classname="Kubernetes e2e suite" time="0">
          <skipped></skipped>
      </testcase>
      <testcase name="[sig-scheduling] SchedulerPreemption [Serial] validates pod anti-affinity works in preemption" classname="Kubernetes e2e suite" time="0">
          <skipped></skipped>
      </testcase>
      <testcase name="[sig-storage] PersistentVolumes-local  [Volume type: dir-bindmounted] One pod requesting one prebound PVC should be able to mount volume and write from pod1" classname="Kubernetes e2e suite" time="0">
          <skipped></skipped>
      </testcase>
      <testcase name="[sig-storage] CSI Volumes [Driver: pd.csi.storage.gke.io][Feature: gcePD-external] [Testpattern: Dynamic PV (ext4)] volumes should be mountable" classname="Kubernetes e2e suite" time="0">
          <skipped></skipped>
      </testcase>
      <testcase name="[sig-autoscaling] [HPA] Horizontal pod autoscaling (scale resource: CPU) [sig-autoscaling] [Serial] [Slow] ReplicationController Should scale from 1 pod to 3 pods and from 3 to 5 and verify decision stability" classname="Kubernetes e2e suite" time="0">
          <skipped></skipped>
      </testcase>
      <testcase name="[k8s.io] Security Context when creating containers with AllowPrivilegeEscalation should allow privilege escalation when true [NodeConformance]" classname="Kubernetes e2e suite" time="0">
          <skipped></skipped>
      </testcase>
      <testcase name="[sig-cli] Kubectl client [k8s.io] Update Demo should do a rolling update of a replication controller  [Conformance]" classname="Kubernetes e2e suite" time="50.988208365"></testcase>
      <testcase name="[sig-network] Proxy version v1 should proxy logs on node using proxy subresource  [Conformance]" classname="Kubernetes e2e suite" time="6.377943897"></testcase>
      <testcase name="[sig-apps] StatefulSet [k8s.io] Basic StatefulSet functionality [StatefulSetBasic] should perform rolling updates and roll backs of template modifications [Conformance]" classname="Kubernetes e2e suite" time="137.322733269"></testcase>
      <testcase name="[sig-apps] DaemonRestart [Disruptive] Scheduler should continue assigning pods to nodes across restart" classname="Kubernetes e2e suite" time="0">
          <skipped></skipped>
      </testcase>
      <testcase name="[sig-storage] PersistentVolumes [Feature:ReclaimPolicy] [sig-storage] persistentvolumereclaim:vsphere should delete persistent volume when reclaimPolicy set to delete and associated claim is deleted" classname="Kubernetes e2e suite" time="0">
          <skipped></skipped>
      </testcase>
      <testcase name="[sig-storage] PersistentVolumes-local  StatefulSet with pod affinity [Slow] should use volumes on one node when pod management is parallel and pod has affinity" classname="Kubernetes e2e suite" time="0">
          <skipped></skipped>
      </testcase>
      <testcase name="[sig-autoscaling] [HPA] Horizontal pod autoscaling (scale resource: CPU) [sig-autoscaling] [Serial] [Slow] Deployment Should scale from 5 pods to 3 pods and from 3 to 1" classname="Kubernetes e2e suite" time="0">
          <skipped></skipped>
      </testcase>
      <testcase name="[sig-storage] CSI Volumes [Driver: pd.csi.storage.gke.io][Feature: gcePD-external] [Testpattern: Dynamic PV (default fs)] subPath should fail if non-existent subpath is outside the volume [Slow]" classname="Kubernetes e2e suite" time="0">
          <skipped></skipped>
      </testcase>
      <testcase name="[sig-storage] CSI Volumes [Driver: csi-hostpath-v0] [Testpattern: Dynamic PV (default fs)] subPath should support non-existent path" classname="Kubernetes e2e suite" time="0">
          <skipped></skipped>
      </testcase>
      <testcase name="[sig-storage] In-tree Volumes [Driver: cinder] [Testpattern: Dynamic PV (block volmode)] volumeMode should fail in binding dynamic provisioned PV to PVC" classname="Kubernetes e2e suite" time="0">
          <skipped></skipped>
      </testcase>
      <testcase name="[sig-storage] In-tree Volumes [Driver: hostPath] [Testpattern: Pre-provisioned PV (default fs)] subPath should support existing single file" classname="Kubernetes e2e suite" time="0">
          <skipped></skipped>
      </testcase>
      <testcase name="[sig-storage] In-tree Volumes [Driver: emptydir] [Testpattern: Pre-provisioned PV (default fs)] subPath should support creating multiple subpath from same volumes [Slow]" classname="Kubernetes e2e suite" time="0">
          <skipped></skipped>
      </testcase>
      <testcase name="[sig-storage] In-tree Volumes [Driver: gcepd] [Testpattern: Dynamic PV (default fs)] volumes should be mountable" classname="Kubernetes e2e suite" time="0">
          <skipped></skipped>
      </testcase>
      <testcase name="[sig-storage] PersistentVolumes-local  [Volume type: gce-localssd-scsi-fs] [Serial] One pod requesting one prebound PVC should be able to mount volume and read from pod1" classname="Kubernetes e2e suite" time="0">
          <skipped></skipped>
      </testcase>
      <testcase name="[sig-storage] EmptyDir volumes should support (non-root,0666,default) [NodeConformance] [Conformance]" classname="Kubernetes e2e suite" time="8.359475696"></testcase>
      <testcase name="[sig-storage] CSI Volumes [Driver: pd.csi.storage.gke.io][Serial] [Testpattern: Dynamic PV (default fs)] subPath should support readOnly directory specified in the volumeMount" classname="Kubernetes e2e suite" time="0">
          <skipped></skipped>
      </testcase>
      <testcase name="[sig-storage] Projected configMap should be consumable from pods in volume with mappings as non-root [NodeConformance] [Conformance]" classname="Kubernetes e2e suite" time="8.324868102"></testcase>
      <testcase name="[sig-network] Networking should provide unchanging, static URL paths for kubernetes api services" classname="Kubernetes e2e suite" time="0">
          <skipped></skipped>
      </testcase>
      <testcase name="[sig-network] Networking Granular Checks: Services [Slow] should update endpoints: http" classname="Kubernetes e2e suite" time="0">
          <skipped></skipped>
      </testcase>
      <testcase name="[sig-apps] ReplicationController should serve a basic image on each replica with a private image" classname="Kubernetes e2e suite" time="0">
          <skipped></skipped>
      </testcase>
      <testcase name="[sig-autoscaling] Cluster size autoscaling [Slow] Should be able to scale a node group up from 0[Feature:ClusterSizeAutoscalingScaleUp]" classname="Kubernetes e2e suite" time="0">
          <skipped></skipped>
      </testcase>
      <testcase name="[sig-cli] Kubectl client [k8s.io] Kubectl cluster-info dump should check if cluster-info dump succeeds" classname="Kubernetes e2e suite" time="0">
          <skipped></skipped>
      </testcase>
      <testcase name="[sig-storage] In-tree Volumes [Driver: iscsi][Feature:Volumes] [Testpattern: Dynamic PV (default fs)] subPath should support restarting containers using directory as subpath [Slow]" classname="Kubernetes e2e suite" time="0">
          <skipped></skipped>
      </testcase>
      <testcase name="[sig-network] Service endpoints latency should not be very high  [Conformance]" classname="Kubernetes e2e suite" time="33.100253526"></testcase>
      <testcase name="[sig-network] Loadbalancing: L7 [Slow] Nginx should conform to Ingress spec" classname="Kubernetes e2e suite" time="0">
          <skipped></skipped>
      </testcase>
      <testcase name="[sig-storage] In-tree Volumes [Driver: vSphere] [Testpattern: Inline-volume (default fs)] volumeIO should write files of various sizes, verify size, validate content [Slow]" classname="Kubernetes e2e suite" time="0">
          <skipped></skipped>
      </testcase>
      <testcase name="[sig-apps] DisruptionController should create a PodDisruptionBudget" classname="Kubernetes e2e suite" time="0">
          <skipped></skipped>
      </testcase>
      <testcase name="[sig-storage] In-tree Volumes [Driver: hostPathSymlink] [Testpattern: Pre-provisioned PV (default fs)] subPath should fail if non-existent subpath is outside the volume [Slow]" classname="Kubernetes e2e suite" time="0">
          <skipped></skipped>
      </testcase>
      <testcase name="[sig-scalability] Density [Feature:ManualPerformance] should allow starting 30 pods per node using Deployment.extensions with 0 secrets, 0 configmaps, 0 token projections, and 0 daemons" classname="Kubernetes e2e suite" time="0">
          <skipped></skipped>
      </testcase>
      <testcase name="[sig-storage] In-tree Volumes [Driver: hostPath] [Testpattern: Inline-volume (default fs)] subPath should support restarting containers using directory as subpath [Slow]" classname="Kubernetes e2e suite" time="0">
          <skipped></skipped>
      </testcase>
      <testcase name="[sig-autoscaling] Cluster size autoscaling [Slow] should be able to scale down when rescheduling a pod is required and pdb allows for it[Feature:ClusterSizeAutoscalingScaleDown]" classname="Kubernetes e2e suite" time="0">
          <skipped></skipped>
      </testcase>
      <testcase name="[sig-apps] Job should run a job to completion when tasks sometimes fail and are locally restarted" classname="Kubernetes e2e suite" time="0">
          <skipped></skipped>
      </testcase>
      <testcase name="[sig-apps] CronJob should delete successful finished jobs with limit of one successful job" classname="Kubernetes e2e suite" time="0">
          <skipped></skipped>
      </testcase>
      <testcase name="[sig-storage] In-tree Volumes [Driver: ceph][Feature:Volumes] [Testpattern: Pre-provisioned PV (default fs)] subPath should support existing directory" classname="Kubernetes e2e suite" time="0">
          <skipped></skipped>
      </testcase>
      <testcase name="[sig-network] ESIPP [Slow] [DisabledForLargeClusters] should only target nodes with endpoints" classname="Kubernetes e2e suite" time="0">
          <skipped></skipped>
      </testcase>
      <testcase name="[sig-storage] In-tree Volumes [Driver: aws] [Testpattern: Inline-volume (default fs)] subPath should support non-existent path" classname="Kubernetes e2e suite" time="0">
          <skipped></skipped>
      </testcase>
      <testcase name="[sig-storage] In-tree Volumes [Driver: aws] [Testpattern: Inline-volume (default fs)] volumeIO should write files of various sizes, verify size, validate content [Slow]" classname="Kubernetes e2e suite" time="0">
          <skipped></skipped>
      </testcase>
      <testcase name="[sig-storage] CSI Volumes CSI attach test using HostPath driver [Feature:CSIDriverRegistry] volume with no CSI driver needs VolumeAttachment" classname="Kubernetes e2e suite" time="0">
          <skipped></skipped>
      </testcase>
      <testcase name="[sig-storage] In-tree Volumes [Driver: gcepd] [Testpattern: Inline-volume (default fs)] subPath should unmount if pod is force deleted while kubelet is down [Disruptive][Slow]" classname="Kubernetes e2e suite" time="0">
          <skipped></skipped>
      </testcase>
      <testcase name="[sig-storage] In-tree Volumes [Driver: gcepd] [Testpattern: Inline-volume (default fs)] subPath should support non-existent path" classname="Kubernetes e2e suite" time="0">
          <skipped></skipped>
      </testcase>
      <testcase name="[sig-storage] In-tree Volumes [Driver: rbd][Feature:Volumes] [Testpattern: Dynamic PV (default fs)] subPath should fail if non-existent subpath is outside the volume [Slow]" classname="Kubernetes e2e suite" time="0">
          <skipped></skipped>
      </testcase>
      <testcase name="[sig-storage] Projected combined should project all components that make up the projection API [Projection][NodeConformance] [Conformance]" classname="Kubernetes e2e suite" time="10.357776007"></testcase>
      <testcase name="[sig-storage] In-tree Volumes [Driver: gluster] [Testpattern: Dynamic PV (filesystem volmode)] volumeMode should create sc, pod, pv, and pvc, read/write to the pv, and delete all created resources" classname="Kubernetes e2e suite" time="0">
          <skipped></skipped>
      </testcase>
      <testcase name="[sig-storage] In-tree Volumes [Driver: ceph][Feature:Volumes] [Testpattern: Dynamic PV (default fs)] subPath should fail if subpath file is outside the volume [Slow]" classname="Kubernetes e2e suite" time="0">
          <skipped></skipped>
      </testcase>
      <testcase name="[sig-instrumentation] Cluster level logging implemented by Stackdriver should ingest logs [Feature:StackdriverLogging]" classname="Kubernetes e2e suite" time="0">
          <skipped></skipped>
      </testcase>
      <testcase name="[sig-storage] In-tree Volumes [Driver: vSphere] [Testpattern: Dynamic PV (xfs)] volumes should be mountable" classname="Kubernetes e2e suite" time="0">
          <skipped></skipped>
      </testcase>
      <testcase name="[sig-storage] In-tree Volumes [Driver: ceph][Feature:Volumes] [Testpattern: Pre-provisioned PV (ext4)] volumes should be mountable" classname="Kubernetes e2e suite" time="0">
          <skipped></skipped>
      </testcase>
      <testcase name="[sig-storage] In-tree Volumes [Driver: rbd][Feature:Volumes] [Testpattern: Pre-provisioned PV (xfs)] volumes should be mountable" classname="Kubernetes e2e suite" time="0">
          <skipped></skipped>
      </testcase>
      <testcase name="[sig-autoscaling] Cluster size autoscaling [Slow] should increase cluster size if pending pods are small and there is another node pool that is not autoscaled [Feature:ClusterSizeAutoscalingScaleUp]" classname="Kubernetes e2e suite" time="0">
          <skipped></skipped>
      </testcase>
      <testcase name="[sig-storage] Downward API volume should provide container&#39;s memory limit [NodeConformance] [Conformance]" classname="Kubernetes e2e suite" time="10.374210451"></testcase>
      <testcase name="[sig-storage] In-tree Volumes [Driver: rbd][Feature:Volumes] [Testpattern: Dynamic PV (default fs)] subPath should support file as subpath" classname="Kubernetes e2e suite" time="0">
          <skipped></skipped>
      </testcase>
      <testcase name="[sig-storage] In-tree Volumes [Driver: ceph][Feature:Volumes] [Testpattern: Pre-provisioned PV (filesystem volmode)] volumeMode should create sc, pod, pv, and pvc, read/write to the pv, and delete all created resources" classname="Kubernetes e2e suite" time="0">
          <skipped></skipped>
      </testcase>
      <testcase name="[sig-api-machinery] AdmissionWebhook Should be able to deny attaching pod" classname="Kubernetes e2e suite" time="0">
          <skipped></skipped>
      </testcase>
      <testcase name="[sig-network] ClusterDns [Feature:Example] should create pod that uses dns" classname="Kubernetes e2e suite" time="0">
          <skipped></skipped>
      </testcase>
      <testcase name="[sig-storage] In-tree Volumes [Driver: gluster] [Testpattern: Dynamic PV (default fs)] volumeIO should write files of various sizes, verify size, validate content [Slow]" classname="Kubernetes e2e suite" time="0">
          <skipped></skipped>
      </testcase>
      <testcase name="[sig-storage] PersistentVolumes-local  [Volume type: dir-link] One pod requesting one prebound PVC should be able to mount volume and read from pod1" classname="Kubernetes e2e suite" time="0">
          <skipped></skipped>
      </testcase>
      <testcase name="[sig-storage] PersistentVolumes GCEPD should test that deleting the Namespace of a PVC and Pod causes the successful detach of Persistent Disk" classname="Kubernetes e2e suite" time="0">
          <skipped></skipped>
      </testcase>
      <testcase name="[sig-storage] In-tree Volumes [Driver: vSphere] [Testpattern: Pre-provisioned PV (default fs)] subPath should unmount if pod is force deleted while kubelet is down [Disruptive][Slow]" classname="Kubernetes e2e suite" time="0">
          <skipped></skipped>
      </testcase>
      <testcase name="[sig-storage] ConfigMap binary data should be reflected in volume [NodeConformance] [Conformance]" classname="Kubernetes e2e suite" time="26.450607358"></testcase>
      <testcase name="[sig-storage] In-tree Volumes [Driver: hostPath] [Testpattern: Pre-provisioned PV (ext3)] volumes should be mountable" classname="Kubernetes e2e suite" time="0">
          <skipped></skipped>
      </testcase>
      <testcase name="[sig-storage] In-tree Volumes [Driver: gcepd] [Testpattern: Inline-volume (default fs)] subPath should support restarting containers using directory as subpath [Slow]" classname="Kubernetes e2e suite" time="0">
          <skipped></skipped>
      </testcase>
      <testcase name="[sig-storage] PersistentVolumes-local  [Volume type: blockfswithoutformat] Two pods mounting a local volume one after the other should be able to write from pod1 and read from pod2" classname="Kubernetes e2e suite" time="0">
          <skipped></skipped>
      </testcase>
      <testcase name="[sig-storage] EmptyDir volumes should support (root,0644,tmpfs) [NodeConformance] [Conformance]" classname="Kubernetes e2e suite" time="8.325632651"></testcase>
      <testcase name="[sig-storage] In-tree Volumes [Driver: rbd][Feature:Volumes] [Testpattern: Dynamic PV (default fs)] subPath should support existing single file" classname="Kubernetes e2e suite" time="0">
          <skipped></skipped>
      </testcase>
      <testcase name="[sig-storage] In-tree Volumes [Driver: vSphere] [Testpattern: Pre-provisioned PV (default fs)] subPath should support readOnly directory specified in the volumeMount" classname="Kubernetes e2e suite" time="0">
          <skipped></skipped>
      </testcase>
      <testcase name="[sig-storage] In-tree Volumes [Driver: gcepd] [Testpattern: Inline-volume (default fs)] subPath should support readOnly file specified in the volumeMount" classname="Kubernetes e2e suite" time="0">
          <skipped></skipped>
      </testcase>
      <testcase name="[sig-scheduling] SchedulerPredicates [Serial] validates that there exists conflict between pods with same hostPort and protocol but one using 0.0.0.0 hostIP" classname="Kubernetes e2e suite" time="0">
          <skipped></skipped>
      </testcase>
      <testcase name="[sig-api-machinery] Garbage collector should orphan pods created by rc if deleteOptions.OrphanDependents is nil" classname="Kubernetes e2e suite" time="0">
          <skipped></skipped>
      </testcase>
      <testcase name="[sig-storage] In-tree Volumes [Driver: emptydir] [Testpattern: Pre-provisioned PV (ext3)] volumes should be mountable" classname="Kubernetes e2e suite" time="0">
          <skipped></skipped>
      </testcase>
      <testcase name="[sig-storage] EmptyDir volumes when FSGroup is specified [NodeFeature:FSGroup] files with FSGroup ownership should support (root,0644,tmpfs)" classname="Kubernetes e2e suite" time="0">
          <skipped></skipped>
      </testcase>
      <testcase name="[sig-autoscaling] Cluster size autoscaling [Slow] should increase cluster size if pending pods are small and one node is broken [Feature:ClusterSizeAutoscalingScaleUp]" classname="Kubernetes e2e suite" time="0">
          <skipped></skipped>
      </testcase>
      <testcase name="[sig-storage] In-tree Volumes [Driver: aws] [Testpattern: Inline-volume (default fs)] subPath should support restarting containers using directory as subpath [Slow]" classname="Kubernetes e2e suite" time="0">
          <skipped></skipped>
      </testcase>
      <testcase name="[sig-storage] In-tree Volumes [Driver: nfs] [Testpattern: Pre-provisioned PV (block volmode)] volumeMode should fail to create pod by failing to mount volume" classname="Kubernetes e2e suite" time="0">
          <skipped></skipped>
      </testcase>
      <testcase name="[sig-storage] In-tree Volumes [Driver: cinder] [Testpattern: Inline-volume (default fs)] subPath should support existing directory" classname="Kubernetes e2e suite" time="0">
          <skipped></skipped>
      </testcase>
      <testcase name="[sig-storage] Projected downwardAPI should provide container&#39;s cpu request [NodeConformance] [Conformance]" classname="Kubernetes e2e suite" time="10.397767757"></testcase>
      <testcase name="[sig-storage] In-tree Volumes [Driver: azure] [Testpattern: Inline-volume (default fs)] subPath should support readOnly directory specified in the volumeMount" classname="Kubernetes e2e suite" time="0">
          <skipped></skipped>
      </testcase>
      <testcase name="[sig-storage] PersistentVolumes-local  [Volume type: tmpfs] Set fsGroup for local volume should set fsGroup for one pod" classname="Kubernetes e2e suite" time="0">
          <skipped></skipped>
      </testcase>
      <testcase name="[sig-storage] [Serial] Volume metrics PVController should create unbound pv count metrics for pvc controller after creating pv only" classname="Kubernetes e2e suite" time="0">
          <skipped></skipped>
      </testcase>
      <testcase name="[sig-cli] Kubectl client [k8s.io] Simple pod should support exec through an HTTP proxy" classname="Kubernetes e2e suite" time="0">
          <skipped></skipped>
      </testcase>
      <testcase name="[sig-storage] In-tree Volumes [Driver: gcepd] [Testpattern: Dynamic PV (default fs)] subPath should support restarting containers using file as subpath [Slow]" classname="Kubernetes e2e suite" time="0">
          <skipped></skipped>
      </testcase>
      <testcase name="[sig-storage] PersistentVolumes-local  [Volume type: block] One pod requesting one prebound PVC should be able to mount volume and read from pod1" classname="Kubernetes e2e suite" time="0">
          <skipped></skipped>
      </testcase>
      <testcase name="[sig-storage] In-tree Volumes [Driver: iscsi][Feature:Volumes] [Testpattern: Dynamic PV (default fs)] subPath should fail if subpath with backstepping is outside the volume [Slow]" classname="Kubernetes e2e suite" time="0">
          <skipped></skipped>
      </testcase>
      <testcase name="[sig-storage] In-tree Volumes [Driver: gluster] [Testpattern: Dynamic PV (ext4)] volumes should be mountable" classname="Kubernetes e2e suite" time="0">
          <skipped></skipped>
      </testcase>
      <testcase name="[sig-storage] In-tree Volumes [Driver: gcepd] [Testpattern: Pre-provisioned PV (default fs)] subPath should support existing single file" classname="Kubernetes e2e suite" time="0">
          <skipped></skipped>
      </testcase>
      <testcase name="[sig-storage] Detaching volumes should not work when mount is in progress" classname="Kubernetes e2e suite" time="0">
          <skipped></skipped>
      </testcase>
      <testcase name="[sig-storage] In-tree Volumes [Driver: iscsi][Feature:Volumes] [Testpattern: Inline-volume (default fs)] subPath should fail if subpath with backstepping is outside the volume [Slow]" classname="Kubernetes e2e suite" time="0">
          <skipped></skipped>
      </testcase>
      <testcase name="[sig-network] Networking Granular Checks: Services [Slow] should update nodePort: http [Slow]" classname="Kubernetes e2e suite" time="0">
          <skipped></skipped>
      </testcase>
      <testcase name="[sig-storage] In-tree Volumes [Driver: hostPathSymlink] [Testpattern: Inline-volume (default fs)] subPath should support restarting containers using file as subpath [Slow]" classname="Kubernetes e2e suite" time="0">
          <skipped></skipped>
      </testcase>
      <testcase name="[sig-storage] PersistentVolumes-local  [Volume type: dir] One pod requesting one prebound PVC should be able to mount volume and read from pod1" classname="Kubernetes e2e suite" time="0">
          <skipped></skipped>
      </testcase>
      <testcase name="[sig-storage] In-tree Volumes [Driver: iscsi][Feature:Volumes] [Testpattern: Inline-volume (default fs)] subPath should support readOnly file specified in the volumeMount" classname="Kubernetes e2e suite" time="0">
          <skipped></skipped>
      </testcase>
      <testcase name="[sig-storage] CSI Volumes [Driver: pd.csi.storage.gke.io][Feature: gcePD-external] [Testpattern: Dynamic PV (default fs)] subPath should support restarting containers using file as subpath [Slow]" classname="Kubernetes e2e suite" time="0">
          <skipped></skipped>
      </testcase>
      <testcase name="[sig-storage] In-tree Volumes [Driver: hostPath] [Testpattern: Inline-volume (default fs)] subPath should unmount if pod is force deleted while kubelet is down [Disruptive][Slow]" classname="Kubernetes e2e suite" time="0">
          <skipped></skipped>
      </testcase>
      <testcase name="[sig-storage] In-tree Volumes [Driver: nfs] [Testpattern: Pre-provisioned PV (default fs)] subPath should support existing single file" classname="Kubernetes e2e suite" time="0">
          <skipped></skipped>
      </testcase>
      <testcase name="[sig-storage] In-tree Volumes [Driver: hostPathSymlink] [Testpattern: Pre-provisioned PV (default fs)] subPath should support non-existent path" classname="Kubernetes e2e suite" time="0">
          <skipped></skipped>
      </testcase>
      <testcase name="[sig-storage] In-tree Volumes [Driver: azure] [Testpattern: Pre-provisioned PV (default fs)] subPath should support file as subpath" classname="Kubernetes e2e suite" time="0">
          <skipped></skipped>
      </testcase>
      <testcase name="[sig-storage] In-tree Volumes [Driver: emptydir] [Testpattern: Inline-volume (ext3)] volumes should be mountable" classname="Kubernetes e2e suite" time="0">
          <skipped></skipped>
      </testcase>
      <testcase name="[sig-scheduling] ResourceQuota should verify ResourceQuota with terminating scopes." classname="Kubernetes e2e suite" time="0">
          <skipped></skipped>
      </testcase>
      <testcase name="[sig-storage] In-tree Volumes [Driver: gluster] [Testpattern: Inline-volume (default fs)] volumeIO should write files of various sizes, verify size, validate content [Slow]" classname="Kubernetes e2e suite" time="0">
          <skipped></skipped>
      </testcase>
      <testcase name="[sig-apps] Job should adopt matching orphans and release non-matching pods" classname="Kubernetes e2e suite" time="0">
          <skipped></skipped>
      </testcase>
      <testcase name="[k8s.io] [sig-node] Events should be sent by kubelets and the scheduler about pods scheduling and running  [Conformance]" classname="Kubernetes e2e suite" time="44.325057326"></testcase>
      <testcase name="[sig-network] ESIPP [Slow] [DisabledForLargeClusters] should work for type=LoadBalancer" classname="Kubernetes e2e suite" time="0">
          <skipped></skipped>
      </testcase>
      <testcase name="[sig-storage] In-tree Volumes [Driver: azure] [Testpattern: Dynamic PV (default fs)] subPath should support non-existent path" classname="Kubernetes e2e suite" time="0">
          <skipped></skipped>
      </testcase>
      <testcase name="[sig-storage] PersistentVolumes-local  Local volume provisioner [Serial] should not create local persistent volume for filesystem volume that was not bind mounted" classname="Kubernetes e2e suite" time="0">
          <skipped></skipped>
      </testcase>
      <testcase name="[sig-storage] In-tree Volumes [Driver: hostPathSymlink] [Testpattern: Inline-volume (default fs)] subPath should support file as subpath" classname="Kubernetes e2e suite" time="0">
          <skipped></skipped>
      </testcase>
      <testcase name="[sig-apps] StatefulSet [k8s.io] Basic StatefulSet functionality [StatefulSetBasic] should implement legacy replacement when the update strategy is OnDelete" classname="Kubernetes e2e suite" time="0">
          <skipped></skipped>
      </testcase>
      <testcase name="[sig-storage] In-tree Volumes [Driver: emptydir] [Testpattern: Pre-provisioned PV (default fs)] subPath should support restarting containers using file as subpath [Slow]" classname="Kubernetes e2e suite" time="0">
          <skipped></skipped>
      </testcase>
      <testcase name="[sig-cli] Kubectl client [k8s.io] Simple pod should return command exit codes" classname="Kubernetes e2e suite" time="0">
          <skipped></skipped>
      </testcase>
      <testcase name="[sig-api-machinery] Namespaces [Serial] should ensure that all pods are removed when a namespace is deleted [Conformance]" classname="Kubernetes e2e suite" time="38.728353182"></testcase>
      <testcase name="[sig-cluster-lifecycle] Reboot [Disruptive] [Feature:Reboot] each node by ordering unclean reboot and ensure they function upon restart" classname="Kubernetes e2e suite" time="0">
          <skipped></skipped>
      </testcase>
      <testcase name="[sig-network] Loadbalancing: L7 GCE [Slow] [Feature:NEG] should conform to Ingress spec" classname="Kubernetes e2e suite" time="0">
          <skipped></skipped>
      </testcase>
      <testcase name="[sig-storage] In-tree Volumes [Driver: gluster] [Testpattern: Inline-volume (default fs)] volumes should be mountable" classname="Kubernetes e2e suite" time="0">
          <skipped></skipped>
      </testcase>
      <testcase name="[sig-storage] In-tree Volumes [Driver: gluster] [Testpattern: Inline-volume (default fs)] subPath should support readOnly directory specified in the volumeMount" classname="Kubernetes e2e suite" time="0">
          <skipped></skipped>
      </testcase>
      <testcase name="[sig-storage] In-tree Volumes [Driver: hostPath] [Testpattern: Dynamic PV (default fs)] provisioning should provision storage with mount options" classname="Kubernetes e2e suite" time="0">
          <skipped></skipped>
      </testcase>
      <testcase name="[sig-autoscaling] [HPA] Horizontal pod autoscaling (scale resource: CPU) [sig-autoscaling] [Serial] [Slow] ReplicaSet Should scale from 1 pod to 3 pods and from 3 to 5" classname="Kubernetes e2e suite" time="0">
          <skipped></skipped>
      </testcase>
      <testcase name="[sig-storage] In-tree Volumes [Driver: emptydir] [Testpattern: Pre-provisioned PV (default fs)] subPath should fail if non-existent subpath is outside the volume [Slow]" classname="Kubernetes e2e suite" time="0">
          <skipped></skipped>
      </testcase>
      <testcase name="[sig-instrumentation] Cluster level logging using Elasticsearch [Feature:Elasticsearch] should check that logs from containers are ingested into Elasticsearch" classname="Kubernetes e2e suite" time="0">
          <skipped></skipped>
      </testcase>
      <testcase name="[sig-storage] In-tree Volumes [Driver: gluster] [Testpattern: Pre-provisioned PV (default fs)] subPath should fail if subpath file is outside the volume [Slow]" classname="Kubernetes e2e suite" time="0">
          <skipped></skipped>
      </testcase>
      <testcase name="[sig-scheduling] SchedulerPredicates [Serial] validates that there is no conflict between pods with same hostPort but different hostIP and protocol" classname="Kubernetes e2e suite" time="0">
          <skipped></skipped>
      </testcase>
      <testcase name="[sig-storage] PersistentVolumes-local  [Volume type: blockfswithoutformat] Two pods mounting a local volume at the same time should be able to write from pod1 and read from pod2" classname="Kubernetes e2e suite" time="0">
          <skipped></skipped>
      </testcase>
      <testcase name="[sig-storage] In-tree Volumes [Driver: hostPath] [Testpattern: Dynamic PV (default fs)] subPath should support non-existent path" classname="Kubernetes e2e suite" time="0">
          <skipped></skipped>
      </testcase>
      <testcase name="[sig-apps] ReplicationController should release no longer matching pods [Conformance]" classname="Kubernetes e2e suite" time="12.349252332"></testcase>
      <testcase name="[sig-storage] In-tree Volumes [Driver: ceph][Feature:Volumes] [Testpattern: Pre-provisioned PV (block volmode)] volumeMode should fail to create pod by failing to mount volume" classname="Kubernetes e2e suite" time="0">
          <skipped></skipped>
      </testcase>
      <testcase name="[sig-storage] GenericPersistentVolume[Disruptive] When kubelet restarts Should test that a volume mounted to a pod that is deleted while the kubelet is down unmounts when the kubelet returns." classname="Kubernetes e2e suite" time="0">
          <skipped></skipped>
      </testcase>
      <testcase name="[sig-storage] CSI Volumes [Driver: pd.csi.storage.gke.io][Feature: gcePD-external] [Testpattern: Dynamic PV (ext3)] volumes should be mountable" classname="Kubernetes e2e suite" time="0">
          <skipped></skipped>
      </testcase>
      <testcase name="[sig-storage] In-tree Volumes [Driver: hostPathSymlink] [Testpattern: Inline-volume (default fs)] subPath should support readOnly file specified in the volumeMount" classname="Kubernetes e2e suite" time="0">
          <skipped></skipped>
      </testcase>
      <testcase name="[sig-storage] In-tree Volumes [Driver: gcepd] [Testpattern: Dynamic PV (default fs)] subPath should fail if subpath with backstepping is outside the volume [Slow]" classname="Kubernetes e2e suite" time="0">
          <skipped></skipped>
      </testcase>
      <testcase name="[sig-scheduling] ResourceQuota [Feature:PodPriority] should verify ResourceQuota&#39;s priority class scope (quota set to pod count: 1) against a pod with different priority class (ScopeSelectorOpExists)." classname="Kubernetes e2e suite" time="0">
          <skipped></skipped>
      </testcase>
      <testcase name="[sig-storage] In-tree Volumes [Driver: azure] [Testpattern: Pre-provisioned PV (default fs)] subPath should fail if non-existent subpath is outside the volume [Slow]" classname="Kubernetes e2e suite" time="0">
          <skipped></skipped>
      </testcase>
      <testcase name="[sig-storage] In-tree Volumes [Driver: cinder] [Testpattern: Dynamic PV (default fs)] subPath should fail if non-existent subpath is outside the volume [Slow]" classname="Kubernetes e2e suite" time="0">
          <skipped></skipped>
      </testcase>
      <testcase name="[sig-scheduling] ResourceQuota [Feature:PodPriority] should verify ResourceQuota&#39;s priority class scope (quota set to pod count: 1) against a pod with same priority class." classname="Kubernetes e2e suite" time="0">
          <skipped></skipped>
      </testcase>
      <testcase name="[sig-scheduling] ResourceQuota [Feature:PodPriority] should verify ResourceQuota&#39;s priority class scope (cpu, memory quota set) against a pod with same priority class." classname="Kubernetes e2e suite" time="0">
          <skipped></skipped>
      </testcase>
      <testcase name="[sig-autoscaling] Cluster size autoscaling [Slow] Should not scale GPU pool up if pod does not require GPUs [GpuType:] [Feature:ClusterSizeAutoscalingGpu]" classname="Kubernetes e2e suite" time="0">
          <skipped></skipped>
      </testcase>
      <testcase name="[sig-storage] In-tree Volumes [Driver: hostPathSymlink] [Testpattern: Dynamic PV (default fs)] subPath should support restarting containers using file as subpath [Slow]" classname="Kubernetes e2e suite" time="0">
          <skipped></skipped>
      </testcase>
      <testcase name="[sig-instrumentation] MetricsGrabber should grab all metrics from API server." classname="Kubernetes e2e suite" time="0">
          <skipped></skipped>
      </testcase>
      <testcase name="[sig-storage] In-tree Volumes [Driver: vSphere] [Testpattern: Pre-provisioned PV (default fs)] volumes should be mountable" classname="Kubernetes e2e suite" time="0">
          <skipped></skipped>
      </testcase>
      <testcase name="[sig-storage] In-tree Volumes [Driver: azure] [Testpattern: Dynamic PV (default fs)] subPath should fail if subpath directory is outside the volume [Slow]" classname="Kubernetes e2e suite" time="0">
          <skipped></skipped>
      </testcase>
      <testcase name="[sig-storage] CSI Volumes [Driver: csi-hostpath] [Testpattern: Dynamic PV (default fs)] subPath should support existing directories when readOnly specified in the volumeSource" classname="Kubernetes e2e suite" time="0">
          <skipped></skipped>
      </testcase>
      <testcase name="[sig-storage] In-tree Volumes [Driver: aws] [Testpattern: Dynamic PV (default fs)] subPath should fail if non-existent subpath is outside the volume [Slow]" classname="Kubernetes e2e suite" time="0">
          <skipped></skipped>
      </testcase>
      <testcase name="[sig-storage] Projected configMap should be consumable from pods in volume with mappings and Item mode set [NodeConformance] [Conformance]" classname="Kubernetes e2e suite" time="8.325004458"></testcase>
      <testcase name="[sig-autoscaling] Cluster size autoscaling [Slow] shouldn&#39;t scale up when expendable pod is preempted [Feature:ClusterSizeAutoscalingScaleUp]" classname="Kubernetes e2e suite" time="0">
          <skipped></skipped>
      </testcase>
      <testcase name="[sig-network] NetworkPolicy NetworkPolicy between server and client should enforce policy based on Ports [Feature:NetworkPolicy]" classname="Kubernetes e2e suite" time="0">
          <skipped></skipped>
      </testcase>
      <testcase name="[sig-network] DNS should provide DNS for pods for Hostname and Subdomain" classname="Kubernetes e2e suite" time="0">
          <skipped></skipped>
      </testcase>
      <testcase name="[sig-cluster-lifecycle] ingress Upgrade [Feature:IngressUpgrade] ingress upgrade should maintain a functioning ingress" classname="Kubernetes e2e suite" time="0">
          <skipped></skipped>
      </testcase>
      <testcase name="[sig-network] Services should serve a basic endpoint from pods  [Conformance]" classname="Kubernetes e2e suite" time="12.538518621"></testcase>
      <testcase name="[sig-storage] In-tree Volumes [Driver: azure] [Testpattern: Pre-provisioned PV (default fs)] subPath should support non-existent path" classname="Kubernetes e2e suite" time="0">
          <skipped></skipped>
      </testcase>
      <testcase name="[sig-storage] PersistentVolumes-local  [Volume type: dir] Two pods mounting a local volume one after the other should be able to write from pod1 and read from pod2" classname="Kubernetes e2e suite" time="0">
          <skipped></skipped>
      </testcase>
      <testcase name="[sig-storage] In-tree Volumes [Driver: gluster] [Testpattern: Dynamic PV (default fs)] subPath should support readOnly file specified in the volumeMount" classname="Kubernetes e2e suite" time="0">
          <skipped></skipped>
      </testcase>
      <testcase name="[sig-storage] CSI Volumes [Driver: csi-hostpath-v0] [Testpattern: Dynamic PV (default fs)] subPath should unmount if pod is gracefully deleted while kubelet is down [Disruptive][Slow]" classname="Kubernetes e2e suite" time="0">
          <skipped></skipped>
      </testcase>
      <testcase name="[sig-network] DNS configMap federations [Feature:Federation] should be able to change federation configuration [Slow][Serial]" classname="Kubernetes e2e suite" time="0">
          <skipped></skipped>
      </testcase>
      <testcase name="[sig-storage] Volume Operations Storm [Feature:vsphere] should create pod with many volumes and verify no attach call fails" classname="Kubernetes e2e suite" time="0">
          <skipped></skipped>
      </testcase>
      <testcase name="[k8s.io] Security Context When creating a container with runAsUser should run the container with uid 0 [NodeConformance]" classname="Kubernetes e2e suite" time="0">
          <skipped></skipped>
      </testcase>
      <testcase name="[sig-storage] In-tree Volumes [Driver: iscsi][Feature:Volumes] [Testpattern: Pre-provisioned PV (default fs)] subPath should support restarting containers using directory as subpath [Slow]" classname="Kubernetes e2e suite" time="0">
          <skipped></skipped>
      </testcase>
      <testcase name="[k8s.io] [sig-node] Pod garbage collector [Feature:PodGarbageCollector] [Slow] should handle the creation of 1000 pods" classname="Kubernetes e2e suite" time="0">
          <skipped></skipped>
      </testcase>
      <testcase name="[sig-storage] In-tree Volumes [Driver: vSphere] [Testpattern: Dynamic PV (default fs)] subPath should support creating multiple subpath from same volumes [Slow]" classname="Kubernetes e2e suite" time="0">
          <skipped></skipped>
      </testcase>
      <testcase name="[sig-network] Loadbalancing: L7 GCE [Slow] [Feature:Ingress] should update ingress while sync failures occur on other ingresses" classname="Kubernetes e2e suite" time="0">
          <skipped></skipped>
      </testcase>
      <testcase name="[sig-storage] ConfigMap should be consumable from pods in volume as non-root with FSGroup [NodeFeature:FSGroup]" classname="Kubernetes e2e suite" time="0">
          <skipped></skipped>
      </testcase>
      <testcase name="[sig-storage] In-tree Volumes [Driver: gluster] [Testpattern: Dynamic PV (default fs)] volumes should be mountable" classname="Kubernetes e2e suite" time="0">
          <skipped></skipped>
      </testcase>
      <testcase name="[sig-storage] CSI Volumes [Driver: csi-hostpath-v0] [Testpattern: Dynamic PV (default fs)] subPath should support existing directory" classname="Kubernetes e2e suite" time="0">
          <skipped></skipped>
      </testcase>
      <testcase name="[k8s.io] Cluster size autoscaler scalability [Slow] should scale down empty nodes [Feature:ClusterAutoscalerScalability3]" classname="Kubernetes e2e suite" time="0">
          <skipped></skipped>
      </testcase>
      <testcase name="[sig-network] Services should be able to switch session affinity for LoadBalancer service with ESIPP off [Slow] [DisabledForLargeClusters]" classname="Kubernetes e2e suite" time="0">
          <skipped></skipped>
      </testcase>
      <testcase name="[sig-apps] stateful Upgrade [Feature:StatefulUpgrade] [k8s.io] stateful upgrade should maintain a functioning cluster" classname="Kubernetes e2e suite" time="0">
          <skipped></skipped>
      </testcase>
      <testcase name="[sig-storage] In-tree Volumes [Driver: cinder] [Testpattern: Inline-volume (default fs)] volumeIO should write files of various sizes, verify size, validate content [Slow]" classname="Kubernetes e2e suite" time="0">
          <skipped></skipped>
      </testcase>
      <testcase name="[sig-storage] In-tree Volumes [Driver: gluster] [Testpattern: Inline-volume (ext3)] volumes should be mountable" classname="Kubernetes e2e suite" time="0">
          <skipped></skipped>
      </testcase>
      <testcase name="[sig-api-machinery] Garbage collector should support orphan deletion of custom resources" classname="Kubernetes e2e suite" time="0">
          <skipped></skipped>
      </testcase>
      <testcase name="[sig-storage] In-tree Volumes [Driver: rbd][Feature:Volumes] [Testpattern: Pre-provisioned PV (default fs)] subPath should fail if subpath directory is outside the volume [Slow]" classname="Kubernetes e2e suite" time="0">
          <skipped></skipped>
      </testcase>
      <testcase name="[sig-storage] In-tree Volumes [Driver: hostPathSymlink] [Testpattern: Inline-volume (default fs)] subPath should fail if subpath file is outside the volume [Slow]" classname="Kubernetes e2e suite" time="0">
          <skipped></skipped>
      </testcase>
      <testcase name="[sig-storage] PersistentVolumes-local  [Volume type: gce-localssd-scsi-fs] [Serial] Set fsGroup for local volume should set same fsGroup for two pods simultaneously" classname="Kubernetes e2e suite" time="0">
          <skipped></skipped>
      </testcase>
      <testcase name="[sig-network] Networking should provide Internet connection for containers [Feature:Networking-IPv4]" classname="Kubernetes e2e suite" time="0">
          <skipped></skipped>
      </testcase>
      <testcase name="[sig-storage] CSI Volumes [Driver: pd.csi.storage.gke.io][Feature: gcePD-external] [Testpattern: Dynamic PV (default fs)] subPath should support readOnly directory specified in the volumeMount" classname="Kubernetes e2e suite" time="0">
          <skipped></skipped>
      </testcase>
      <testcase name="[sig-network] DNS should support configurable pod resolv.conf" classname="Kubernetes e2e suite" time="0">
          <skipped></skipped>
      </testcase>
      <testcase name="[sig-storage] In-tree Volumes [Driver: hostPathSymlink] [Testpattern: Inline-volume (default fs)] subPath should fail if non-existent subpath is outside the volume [Slow]" classname="Kubernetes e2e suite" time="0">
          <skipped></skipped>
      </testcase>
      <testcase name="[sig-storage] In-tree Volumes [Driver: gcepd] [Testpattern: Dynamic PV (ext3)] volumes should be mountable" classname="Kubernetes e2e suite" time="0">
          <skipped></skipped>
      </testcase>
      <testcase name="[sig-storage] In-tree Volumes [Driver: aws] [Testpattern: Inline-volume (ext3)] volumes should be mountable" classname="Kubernetes e2e suite" time="0">
          <skipped></skipped>
      </testcase>
      <testcase name="[sig-storage] In-tree Volumes [Driver: iscsi][Feature:Volumes] [Testpattern: Inline-volume (ext3)] volumes should be mountable" classname="Kubernetes e2e suite" time="0">
          <skipped></skipped>
      </testcase>
      <testcase name="[sig-storage] In-tree Volumes [Driver: gcepd] [Testpattern: Pre-provisioned PV (ext4)] volumes should be mountable" classname="Kubernetes e2e suite" time="0">
          <skipped></skipped>
      </testcase>
      <testcase name="[sig-network] Loadbalancing: L7 GCE [Slow] [Feature:Ingress] should create ingress with backend HTTPS" classname="Kubernetes e2e suite" time="0">
          <skipped></skipped>
      </testcase>
      <testcase name="[sig-api-machinery] Generated clientset should create v1beta1 cronJobs, delete cronJobs, watch cronJobs" classname="Kubernetes e2e suite" time="0">
          <skipped></skipped>
      </testcase>
      <testcase name="[sig-storage] Volumes ConfigMap should be mountable" classname="Kubernetes e2e suite" time="0">
          <skipped></skipped>
      </testcase>
      <testcase name="[sig-storage] GenericPersistentVolume[Disruptive] When kubelet restarts Should test that a file written to the mount before kubelet restart is readable after restart." classname="Kubernetes e2e suite" time="0">
          <skipped></skipped>
      </testcase>
      <testcase name="[sig-storage] In-tree Volumes [Driver: hostPath] [Testpattern: Pre-provisioned PV (default fs)] subPath should unmount if pod is gracefully deleted while kubelet is down [Disruptive][Slow]" classname="Kubernetes e2e suite" time="0">
          <skipped></skipped>
      </testcase>
      <testcase name="[sig-storage] In-tree Volumes [Driver: rbd][Feature:Volumes] [Testpattern: Dynamic PV (default fs)] subPath should support existing directories when readOnly specified in the volumeSource" classname="Kubernetes e2e suite" time="0">
          <skipped></skipped>
      </testcase>
      <testcase name="[sig-apps] DisruptionController evictions: enough pods, absolute =&gt; should allow an eviction" classname="Kubernetes e2e suite" time="0">
          <skipped></skipped>
      </testcase>
      <testcase name="[sig-storage] EmptyDir volumes volume on default medium should have the correct mode [NodeConformance] [Conformance]" classname="Kubernetes e2e suite" time="8.359508875"></testcase>
      <testcase name="[sig-apps] Network Partition [Disruptive] [Slow] [k8s.io] [Job] should create new pods when node is partitioned" classname="Kubernetes e2e suite" time="0">
          <skipped></skipped>
      </testcase>
      <testcase name="[sig-storage] Ephemeralstorage When pod refers to non-existent ephemeral storage should allow deletion of pod with invalid volume : secret" classname="Kubernetes e2e suite" time="0">
          <skipped></skipped>
      </testcase>
      <testcase name="[k8s.io] [Feature:NodeLease][NodeAlphaFeature:NodeLease] when the NodeLease feature is enabled the kubelet should report node status infrequently" classname="Kubernetes e2e suite" time="0">
          <skipped></skipped>
      </testcase>
      <testcase name="[sig-storage] In-tree Volumes [Driver: iscsi][Feature:Volumes] [Testpattern: Inline-volume (default fs)] subPath should fail if subpath file is outside the volume [Slow]" classname="Kubernetes e2e suite" time="0">
          <skipped></skipped>
      </testcase>
      <testcase name="[k8s.io] Pods should cap back-off at MaxContainerBackOff [Slow][NodeConformance]" classname="Kubernetes e2e suite" time="0">
          <skipped></skipped>
      </testcase>
      <testcase name="[sig-apps] ReplicationController should adopt matching pods on creation [Conformance]" classname="Kubernetes e2e suite" time="29.331780887"></testcase>
      <testcase name="[sig-storage] CSI Volumes CSI attach test using HostPath driver [Feature:CSIDriverRegistry] attachable volume needs VolumeAttachment" classname="Kubernetes e2e suite" time="0">
          <skipped></skipped>
      </testcase>
      <testcase name="[sig-storage] In-tree Volumes [Driver: cinder] [Testpattern: Dynamic PV (default fs)] subPath should fail if subpath with backstepping is outside the volume [Slow]" classname="Kubernetes e2e suite" time="0">
          <skipped></skipped>
      </testcase>
      <testcase name="[sig-autoscaling] Cluster size autoscaling [Slow] should increase cluster size if pending pods are small [Feature:ClusterSizeAutoscalingScaleUp]" classname="Kubernetes e2e suite" time="0">
          <skipped></skipped>
      </testcase>
      <testcase name="[sig-network] Services should have session affinity work for LoadBalancer service with ESIPP on [Slow] [DisabledForLargeClusters]" classname="Kubernetes e2e suite" time="0">
          <skipped></skipped>
      </testcase>
      <testcase name="[sig-scalability] Load capacity [Feature:ManualPerformance] should be able to handle 30 pods per node Deployment.extensions with 2 secrets, 0 configmaps and 0 daemons" classname="Kubernetes e2e suite" time="0">
          <skipped></skipped>
      </testcase>
      <testcase name="[sig-storage] PersistentVolumes-local  [Volume type: dir-bindmounted] One pod requesting one prebound PVC should be able to mount volume and read from pod1" classname="Kubernetes e2e suite" time="0">
          <skipped></skipped>
      </testcase>
      <testcase name="[k8s.io] Cluster size autoscaler scalability [Slow] should scale up twice [Feature:ClusterAutoscalerScalability2]" classname="Kubernetes e2e suite" time="0">
          <skipped></skipped>
      </testcase>
      <testcase name="[k8s.io] Kubelet when scheduling a busybox Pod with hostAliases should write entries to /etc/hosts [NodeConformance] [Conformance]" classname="Kubernetes e2e suite" time="106.604693225">
          <failure type="Failure">/workspace/anago-v1.13.0-rc.2.1+ddf47ac13c1a94/src/k8s.io/kubernetes/_output/dockerized/go/src/k8s.io/kubernetes/test/e2e/framework/framework.go:699&#xA;Timed out after 60.001s.&#xA;Expected&#xA;    &lt;*errors.errorString | 0xc000e75fe0&gt;: {&#xA;        s: &#34;expected hosts file to contain entries from HostAliases. Got:\n# Kubernetes-managed hosts file.\n127.0.0.1\tlocalhost\n::1\tlocalhost ip6-localhost ip6-loopback\nfe00::0\tip6-localnet\nfe00::0\tip6-mcastprefix\nfe00::1\tip6-allnodes\nfe00::2\tip6-allrouters\n172.31.52.125\tbusybox-host-aliases3c6f5810-1620-11e9-8fb7-aa4233c46d55\n\n# Entries added by HostAliases.\n123.45.67.89\tfoo\n123.45.67.89\tbar\n&#34;,&#xA;    }&#xA;to be nil&#xA;/workspace/anago-v1.13.0-rc.2.1+ddf47ac13c1a94/src/k8s.io/kubernetes/_output/dockerized/go/src/k8s.io/kubernetes/test/e2e/common/kubelet.go:183</failure>
          <system-out>[BeforeEach] [k8s.io] Kubelet&#xA;  /workspace/anago-v1.13.0-rc.2.1+ddf47ac13c1a94/src/k8s.io/kubernetes/_output/dockerized/go/src/k8s.io/kubernetes/test/e2e/framework/framework.go:153&#xA;STEP: Creating a kubernetes client&#xA;Jan 12 05:15:37.277: INFO: &gt;&gt;&gt; kubeConfig: /tmp/kubeconfig-921671513&#xA;STEP: Building a namespace api object, basename kubelet-test&#xA;STEP: Binding the e2e-test-privileged-psp PodSecurityPolicy to the default service account in e2e-tests-kubelet-test-7smlr&#xA;STEP: Waiting for a default service account to be provisioned in namespace&#xA;[BeforeEach] [k8s.io] Kubelet&#xA;  /workspace/anago-v1.13.0-rc.2.1+ddf47ac13c1a94/src/k8s.io/kubernetes/_output/dockerized/go/src/k8s.io/kubernetes/test/e2e/common/kubelet.go:37&#xA;[It] should write entries to /etc/hosts [NodeConformance] [Conformance]&#xA;  /workspace/anago-v1.13.0-rc.2.1+ddf47ac13c1a94/src/k8s.io/kubernetes/_output/dockerized/go/src/k8s.io/kubernetes/test/e2e/framework/framework.go:699&#xA;[AfterEach] [k8s.io] Kubelet&#xA;  /workspace/anago-v1.13.0-rc.2.1+ddf47ac13c1a94/src/k8s.io/kubernetes/_output/dockerized/go/src/k8s.io/kubernetes/test/e2e/framework/framework.go:154&#xA;STEP: Collecting events from namespace &#34;e2e-tests-kubelet-test-7smlr&#34;.&#xA;STEP: Found 4 events.&#xA;Jan 12 05:16:39.479: INFO: At 2019-01-12 05:15:37 +0000 UTC - event for busybox-host-aliases3c6f5810-1620-11e9-8fb7-aa4233c46d55: {default-scheduler } Scheduled: Successfully assigned e2e-tests-kubelet-test-7smlr/busybox-host-aliases3c6f5810-1620-11e9-8fb7-aa4233c46d55 to c76-1-41&#xA;Jan 12 05:16:39.479: INFO: At 2019-01-12 05:15:38 +0000 UTC - event for busybox-host-aliases3c6f5810-1620-11e9-8fb7-aa4233c46d55: {kubelet c76-1-41} Pulled: Container image &#34;docker.io/library/busybox:1.29&#34; already present on machine&#xA;Jan 12 05:16:39.479: INFO: At 2019-01-12 05:15:38 +0000 UTC - event for busybox-host-aliases3c6f5810-1620-11e9-8fb7-aa4233c46d55: {kubelet c76-1-41} Created: Created container&#xA;Jan 12 05:16:39.479: INFO: At 2019-01-12 05:15:38 +0000 UTC - event for busybox-host-aliases3c6f5810-1620-11e9-8fb7-aa4233c46d55: {kubelet c76-1-41} Started: Started container&#xA;Jan 12 05:16:39.516: INFO: POD                                                       NODE      PHASE      GRACE  CONDITIONS&#xA;Jan 12 05:16:39.516: INFO: busybox-host-aliases3c6f5810-1620-11e9-8fb7-aa4233c46d55  c76-1-41  Running           [{Initialized True 0001-01-01 00:00:00 +0000 UTC 2019-01-12 05:15:37 +0000 UTC  } {Ready True 0001-01-01 00:00:00 +0000 UTC 2019-01-12 05:15:39 +0000 UTC  } {ContainersReady True 0001-01-01 00:00:00 +0000 UTC 2019-01-12 05:15:39 +0000 UTC  } {PodScheduled True 0001-01-01 00:00:00 +0000 UTC 2019-01-12 05:15:37 +0000 UTC  }]&#xA;Jan 12 05:16:39.516: INFO: sonobuoy                                                  c76-1-41  Running           [{Initialized True 0001-01-01 00:00:00 +0000 UTC 2019-01-12 04:12:07 +0000 UTC  } {Ready True 0001-01-01 00:00:00 +0000 UTC 2019-01-12 04:12:10 +0000 UTC  } {ContainersReady True 0001-01-01 00:00:00 +0000 UTC 2019-01-12 04:12:10 +0000 UTC  } {PodScheduled True 0001-01-01 00:00:00 +0000 UTC 2019-01-12 04:12:07 +0000 UTC  }]&#xA;Jan 12 05:16:39.516: INFO: sonobuoy-e2e-job-f2515c1fd49f447c                         c76-1-41  Running           [{Initialized True 0001-01-01 00:00:00 +0000 UTC 2019-01-12 04:12:09 +0000 UTC  } {Ready True 0001-01-01 00:00:00 +0000 UTC 2019-01-12 04:12:12 +0000 UTC  } {ContainersReady True 0001-01-01 00:00:00 +0000 UTC 2019-01-12 04:12:12 +0000 UTC  } {PodScheduled True 0001-01-01 00:00:00 +0000 UTC 2019-01-12 04:12:09 +0000 UTC  }]&#xA;Jan 12 05:16:39.516: INFO: calico-node-47p2l                                         c76-1-41  Running           [{Initialized True 0001-01-01 00:00:00 +0000 UTC 2019-01-12 01:41:35 +0000 UTC  } {Ready True 0001-01-01 00:00:00 +0000 UTC 2019-01-12 01:42:06 +0000 UTC  } {ContainersReady True 0001-01-01 00:00:00 +0000 UTC 2019-01-12 01:42:06 +0000 UTC  } {PodScheduled True 0001-01-01 00:00:00 +0000 UTC 2019-01-11 10:32:23 +0000 UTC  }]&#xA;Jan 12 05:16:39.516: INFO: calico-node-9mj47                                         c76-1-40  Running           [{Initialized True 0001-01-01 00:00:00 +0000 UTC 2019-01-12 01:41:15 +0000 UTC  } {Ready True 0001-01-01 00:00:00 +0000 UTC 2019-01-12 01:41:58 +0000 UTC  } {ContainersReady True 0001-01-01 00:00:00 +0000 UTC 2019-01-12 01:41:58 +0000 UTC  } {PodScheduled True 0001-01-01 00:00:00 +0000 UTC 2019-01-11 10:27:33 +0000 UTC  }]&#xA;Jan 12 05:16:39.516: INFO: configure-calico-tsst7                                    c76-1-40  Succeeded         [{Initialized True 0001-01-01 00:00:00 +0000 UTC 2019-01-11 10:27:33 +0000 UTC PodCompleted } {Ready False 0001-01-01 00:00:00 +0000 UTC 2019-01-11 10:27:39 +0000 UTC PodCompleted } {ContainersReady False 0001-01-01 00:00:00 +0000 UTC 2019-01-11 10:27:39 +0000 UTC PodCompleted } {PodScheduled True 0001-01-01 00:00:00 +0000 UTC 2019-01-11 10:27:33 +0000 UTC  }]&#xA;Jan 12 05:16:39.516: INFO: coredns-5f8bc8cbf5-8stsj                                  c76-1-40  Running           [{Initialized True 0001-01-01 00:00:00 +0000 UTC 2019-01-11 10:28:50 +0000 UTC  } {Ready True 0001-01-01 00:00:00 +0000 UTC 2019-01-12 02:29:27 +0000 UTC  } {ContainersReady True 0001-01-01 00:00:00 +0000 UTC 2019-01-12 02:29:27 +0000 UTC  } {PodScheduled True 0001-01-01 00:00:00 +0000 UTC 2019-01-11 10:28:50 +0000 UTC  }]&#xA;Jan 12 05:16:39.516: INFO: coredns-5f8bc8cbf5-r67rl                                  c76-1-40  Running           [{Initialized True 0001-01-01 00:00:00 +0000 UTC 2019-01-11 10:32:32 +0000 UTC  } {Ready True 0001-01-01 00:00:00 +0000 UTC 2019-01-12 01:41:36 +0000 UTC  } {ContainersReady True 0001-01-01 00:00:00 +0000 UTC 2019-01-12 01:41:36 +0000 UTC  } {PodScheduled True 0001-01-01 00:00:00 +0000 UTC 2019-01-11 10:32:32 +0000 UTC  }]&#xA;Jan 12 05:16:39.516: INFO: etcd-c76-1-40                                             c76-1-40  Running           [{Initialized True 0001-01-01 00:00:00 +0000 UTC 2019-01-12 01:34:34 +0000 UTC  } {Ready True 0001-01-01 00:00:00 +0000 UTC 2019-01-12 01:34:43 +0000 UTC  } {ContainersReady True 0001-01-01 00:00:00 +0000 UTC 2019-01-12 01:34:43 +0000 UTC  } {PodScheduled True 0001-01-01 00:00:00 +0000 UTC 2019-01-12 01:34:34 +0000 UTC  }]&#xA;Jan 12 05:16:39.516: INFO: kube-apiserver-c76-1-40                                   c76-1-40  Running           [{Initialized True 0001-01-01 00:00:00 +0000 UTC 2019-01-12 01:34:34 +0000 UTC  } {Ready True 0001-01-01 00:00:00 +0000 UTC 2019-01-12 01:34:43 +0000 UTC  } {ContainersReady True 0001-01-01 00:00:00 +0000 UTC 2019-01-12 01:34:43 +0000 UTC  } {PodScheduled True 0001-01-01 00:00:00 +0000 UTC 2019-01-12 01:34:34 +0000 UTC  }]&#xA;Jan 12 05:16:39.516: INFO: kube-controller-6dd888b6-2gdzh                            c76-1-41  Running           [{Initialized True 0001-01-01 00:00:00 +0000 UTC 2019-01-12 01:48:43 +0000 UTC  } {Ready True 0001-01-01 00:00:00 +0000 UTC 2019-01-12 01:48:46 +0000 UTC  } {ContainersReady True 0001-01-01 00:00:00 +0000 UTC 2019-01-12 01:48:46 +0000 UTC  } {PodScheduled True 0001-01-01 00:00:00 +0000 UTC 2019-01-12 01:48:43 +0000 UTC  }]&#xA;Jan 12 05:16:39.516: INFO: kube-controller-manager-c76-1-40                          c76-1-40  Running           [{Initialized True 0001-01-01 00:00:00 +0000 UTC 2019-01-12 01:34:34 +0000 UTC  } {Ready True 0001-01-01 00:00:00 +0000 UTC 2019-01-12 01:34:42 +0000 UTC  } {ContainersReady True 0001-01-01 00:00:00 +0000 UTC 2019-01-12 01:34:42 +0000 UTC  } {PodScheduled True 0001-01-01 00:00:00 +0000 UTC 2019-01-12 01:34:34 +0000 UTC  }]&#xA;Jan 12 05:16:39.516: INFO: kube-discovery-dhv7z                                      c76-1-40  Running           [{Initialized True 0001-01-01 00:00:00 +0000 UTC 2019-01-12 01:41:17 +0000 UTC  } {Ready True 0001-01-01 00:00:00 +0000 UTC 2019-01-12 01:41:19 +0000 UTC  } {ContainersReady True 0001-01-01 00:00:00 +0000 UTC 2019-01-12 01:41:19 +0000 UTC  } {PodScheduled True 0001-01-01 00:00:00 +0000 UTC 2019-01-12 01:41:17 +0000 UTC  }]&#xA;Jan 12 05:16:39.516: INFO: kube-dns-autoscaler-77cfb8c949-bllxk                      c76-1-40  Running           [{Initialized True 0001-01-01 00:00:00 +0000 UTC 2019-01-11 10:27:33 +0000 UTC  } {Ready True 0001-01-01 00:00:00 +0000 UTC 2019-01-12 01:41:23 +0000 UTC  } {ContainersReady True 0001-01-01 00:00:00 +0000 UTC 2019-01-12 01:41:23 +0000 UTC  } {PodScheduled True 0001-01-01 00:00:00 +0000 UTC 2019-01-11 10:27:33 +0000 UTC  }]&#xA;Jan 12 05:16:39.516: INFO: kube-proxy-5r9k5                                          c76-1-40  Running           [{Initialized True 0001-01-01 00:00:00 +0000 UTC 2019-01-11 10:27:33 +0000 UTC  } {Ready True 0001-01-01 00:00:00 +0000 UTC 2019-01-12 01:40:37 +0000 UTC  } {ContainersReady True 0001-01-01 00:00:00 +0000 UTC 2019-01-12 01:40:37 +0000 UTC  } {PodScheduled True 0001-01-01 00:00:00 +0000 UTC 2019-01-11 10:27:33 +0000 UTC  }]&#xA;Jan 12 05:16:39.516: INFO: kube-proxy-k8t9z                                          c76-1-41  Running           [{Initialized True 0001-01-01 00:00:00 +0000 UTC 2019-01-11 10:32:24 +0000 UTC  } {Ready True 0001-01-01 00:00:00 +0000 UTC 2019-01-12 01:40:39 +0000 UTC  } {ContainersReady True 0001-01-01 00:00:00 +0000 UTC 2019-01-12 01:40:39 +0000 UTC  } {PodScheduled True 0001-01-01 00:00:00 +0000 UTC 2019-01-11 10:32:23 +0000 UTC  }]&#xA;Jan 12 05:16:39.516: INFO: kube-scheduler-c76-1-40                                   c76-1-40  Running           [{Initialized True 0001-01-01 00:00:00 +0000 UTC 2019-01-11 10:26:57 +0000 UTC  } {Ready True 0001-01-01 00:00:00 +0000 UTC 2019-01-12 01:40:58 +0000 UTC  } {ContainersReady True 0001-01-01 00:00:00 +0000 UTC 2019-01-12 01:40:58 +0000 UTC  } {PodScheduled True 0001-01-01 00:00:00 +0000 UTC 2019-01-11 10:26:57 +0000 UTC  }]&#xA;Jan 12 05:16:39.516: INFO: kubectl-cp4p5                                             c76-1-41  Running           [{Initialized True 0001-01-01 00:00:00 +0000 UTC 2019-01-11 10:32:24 +0000 UTC  } {Ready True 0001-01-01 00:00:00 +0000 UTC 2019-01-12 01:40:39 +0000 UTC  } {ContainersReady True 0001-01-01 00:00:00 +0000 UTC 2019-01-12 01:40:39 +0000 UTC  } {PodScheduled True 0001-01-01 00:00:00 +0000 UTC 2019-01-11 10:32:23 +0000 UTC  }]&#xA;Jan 12 05:16:39.516: INFO: kubectl-z2zbp                                             c76-1-40  Running           [{Initialized True 0001-01-01 00:00:00 +0000 UTC 2019-01-11 10:27:33 +0000 UTC  } {Ready True 0001-01-01 00:00:00 +0000 UTC 2019-01-12 01:40:38 +0000 UTC  } {ContainersReady True 0001-01-01 00:00:00 +0000 UTC 2019-01-12 01:40:38 +0000 UTC  } {PodScheduled True 0001-01-01 00:00:00 +0000 UTC 2019-01-11 10:27:33 +0000 UTC  }]&#xA;Jan 12 05:16:39.516: INFO: &#xA;Jan 12 05:16:39.541: INFO: &#xA;Logging node info for node c76-1-40&#xA;Jan 12 05:16:39.543: INFO: Node Info: &amp;Node{ObjectMeta:k8s_io_apimachinery_pkg_apis_meta_v1.ObjectMeta{Name:c76-1-40,GenerateName:,Namespace:,SelfLink:/api/v1/nodes/c76-1-40,UID:7401ad30-158b-11e9-8eb1-000c294e6ffe,ResourceVersion:145908,Generation:0,CreationTimestamp:2019-01-11 10:27:10 +0000 UTC,DeletionTimestamp:&lt;nil&gt;,DeletionGracePeriodSeconds:nil,Labels:map[string]string{beta.kubernetes.io/arch: amd64,beta.kubernetes.io/os: linux,kubernetes.io/hostname: c76-1-40,node-role.kubernetes.io/master: ,},Annotations:map[string]string{kubeadm.alpha.kubernetes.io/cri-socket: /var/run/dockershim.sock,node.alpha.kubernetes.io/ttl: 0,volumes.kubernetes.io/controller-managed-attach-detach: true,},OwnerReferences:[],Finalizers:[],ClusterName:,Initializers:nil,},Spec:NodeSpec{PodCIDR:172.31.0.0/24,DoNotUse_ExternalID:,ProviderID:,Unschedulable:false,Taints:[{node-role.kubernetes.io/master  NoSchedule &lt;nil&gt;}],ConfigSource:nil,},Status:NodeStatus{Capacity:ResourceList{cpu: {{4 0} {&lt;nil&gt;} 4 DecimalSI},ephemeral-storage: {{63318790144 0} {&lt;nil&gt;} 61834756Ki BinarySI},hugepages-1Gi: {{0 0} {&lt;nil&gt;} 0 DecimalSI},hugepages-2Mi: {{0 0} {&lt;nil&gt;} 0 DecimalSI},memory: {{4123009024 0} {&lt;nil&gt;}  BinarySI},pods: {{110 0} {&lt;nil&gt;} 110 DecimalSI},},Allocatable:ResourceList{cpu: {{4 0} {&lt;nil&gt;} 4 DecimalSI},ephemeral-storage: {{56986911036 0} {&lt;nil&gt;} 56986911036 DecimalSI},hugepages-1Gi: {{0 0} {&lt;nil&gt;} 0 DecimalSI},hugepages-2Mi: {{0 0} {&lt;nil&gt;} 0 DecimalSI},memory: {{4018151424 0} {&lt;nil&gt;}  BinarySI},pods: {{110 0} {&lt;nil&gt;} 110 DecimalSI},},Phase:,Conditions:[{OutOfDisk False 2019-01-12 05:16:31 +0000 UTC 2019-01-11 10:27:03 +0000 UTC KubeletHasSufficientDisk kubelet has sufficient disk space available} {MemoryPressure False 2019-01-12 05:16:31 +0000 UTC 2019-01-11 10:27:03 +0000 UTC KubeletHasSufficientMemory kubelet has sufficient memory available} {DiskPressure False 2019-01-12 05:16:31 +0000 UTC 2019-01-11 10:27:03 +0000 UTC KubeletHasNoDiskPressure kubelet has no disk pressure} {PIDPressure False 2019-01-12 05:16:31 +0000 UTC 2019-01-11 10:27:03 +0000 UTC KubeletHasSufficientPID kubelet has sufficient PID available} {Ready True 2019-01-12 05:16:31 +0000 UTC 2019-01-11 10:28:50 +0000 UTC KubeletReady kubelet is posting ready status}],Addresses:[{InternalIP 192.168.1.40} {Hostname c76-1-40}],DaemonEndpoints:NodeDaemonEndpoints{KubeletEndpoint:DaemonEndpoint{Port:10250,},},NodeInfo:NodeSystemInfo{MachineID:5462046fd6564e269143595942c52d8b,SystemUUID:E99C4D56-8335-B49D-0A70-2098364E6FFE,BootID:75b5e5f9-c44e-4596-986f-18ebf26e92a7,KernelVersion:3.10.0-957.el7.x86_64,OSImage:CentOS Linux 7 (Core),ContainerRuntimeVersion:docker://17.3.2,KubeletVersion:v1.12.3,KubeProxyVersion:v1.12.3,OperatingSystem:linux,Architecture:amd64,},Images:[{[192.168.1.52/system_containers/hyperkube-amd64@sha256:a90d413c933bb465eefed80df373fa2af8468a6bfe0182082f652e68e7a3fb13 192.168.1.52/system_containers/hyperkube-amd64:v1.12.3] 709865716} {[192.168.1.52/system_containers/etcd@sha256:7b073bdab8c52dc23dfb3e2101597d30304437869ad8c0b425301e96a066c408 192.168.1.52/system_containers/etcd:3.2.24] 219655340} {[192.168.1.52/system_containers/kubectl-amd64@sha256:fd27ea38a1dc69008ecb87503813fa0bf355b0ce8ae2e596c9098993237c469a 192.168.1.52/system_containers/kubectl-amd64:v1.12.3] 166235497} {[192.168.1.52/system_containers/node@sha256:2f46157483904649f334da83e6b5e522bf20cbd3ea6ec9f43456673933021d5a 192.168.1.52/system_containers/node:v3.4.0] 75898396} {[192.168.1.52/system_containers/cni@sha256:61a410fd6512bd0747fa76798ed5c121c815d7aed94f12d02507b7406bf7ccf2 192.168.1.52/system_containers/cni:v3.4.0] 75430420} {[192.168.1.52/system_containers/agent@sha256:8844a2f97daae4dede402cfc1e719a1f7f82142690decc608c3b7e6679a2444c 192.168.1.52/system_containers/agent:v4.0.0] 68660084} {[192.168.1.52/system_containers/kube-controllers@sha256:7b549fa211f15a1b038c82cc7b11d4b3157db822aebd72c48f924620e9ec329c 192.168.1.52/system_containers/kube-controllers:v3.4.0] 56528665} {[192.168.1.52/system_containers/cluster-proportional-autoscaler-amd64@sha256:36359630278b119e7dd78f5437be1c667080108fa59ecba1b81cda3610dcf4d7 192.168.1.52/system_containers/cluster-proportional-autoscaler-amd64:1.2.0] 50253933} {[192.168.1.52/system_containers/coredns@sha256:a905b50f8ecddf67cd1ad92ef95f8547aea9fd1970359e00c16aa0ab1d517baa 192.168.1.52/system_containers/coredns:1.2.2] 39198271} {[192.168.1.52/system_containers/ctl@sha256:5e6685b93900eb5b79d93db0ac514f815c5bdd52c70da03bea4f7bc7debde2be 192.168.1.52/system_containers/ctl:v3.4.0] 35264750} {[192.168.1.52/system_containers/tde@sha256:e5bacdec54bf32e15955f88ff693fa5162b9eed97c7f1c79f5299e8cdde949a3 192.168.1.52/system_containers/tde:v4.0.0] 28785861} {[192.168.1.52/system_containers/kube-discovery-amd64@sha256:3af8edb8268f7303d15b47168228193e5be7c36e2e1e6efd1854cacf774cb5c8 192.168.1.52/system_containers/kube-discovery-amd64:v4.0.0] 15858550} {[192.168.1.52/system_containers/pause@sha256:fcaff905397ba63fd376d0c3019f1f1cb6e7506131389edbcb3d22719f1ae54d 192.168.1.52/system_containers/pause:3.1] 742472}],VolumesInUse:[],VolumesAttached:[],Config:nil,},}&#xA;Jan 12 05:16:39.543: INFO: &#xA;Logging kubelet events for node c76-1-40&#xA;Jan 12 05:16:39.545: INFO: &#xA;Logging pods the kubelet thinks is on node c76-1-40&#xA;Jan 12 05:16:39.552: INFO: coredns-5f8bc8cbf5-r67rl started at 2019-01-11 10:32:32 +0000 UTC (0+1 container statuses recorded)&#xA;Jan 12 05:16:39.552: INFO: &#x9;Container coredns ready: true, restart count 5&#xA;Jan 12 05:16:39.552: INFO: kube-controller-manager-c76-1-40 started at &lt;nil&gt; (0+0 container statuses recorded)&#xA;Jan 12 05:16:39.552: INFO: kube-scheduler-c76-1-40 started at &lt;nil&gt; (0+0 container statuses recorded)&#xA;Jan 12 05:16:39.552: INFO: etcd-c76-1-40 started at &lt;nil&gt; (0+0 container statuses recorded)&#xA;Jan 12 05:16:39.552: INFO: kube-proxy-5r9k5 started at 2019-01-11 10:27:33 +0000 UTC (0+1 container statuses recorded)&#xA;Jan 12 05:16:39.552: INFO: &#x9;Container kube-proxy ready: true, restart count 2&#xA;Jan 12 05:16:39.552: INFO: calico-node-9mj47 started at 2019-01-11 10:27:33 +0000 UTC (1+1 container statuses recorded)&#xA;Jan 12 05:16:39.552: INFO: &#x9;Init container install-cni ready: true, restart count 2&#xA;Jan 12 05:16:39.552: INFO: &#x9;Container calico-node ready: true, restart count 2&#xA;Jan 12 05:16:39.552: INFO: kube-dns-autoscaler-77cfb8c949-bllxk started at 2019-01-11 10:27:33 +0000 UTC (0+1 container statuses recorded)&#xA;Jan 12 05:16:39.552: INFO: &#x9;Container autoscaler ready: true, restart count 2&#xA;Jan 12 05:16:39.552: INFO: coredns-5f8bc8cbf5-8stsj started at 2019-01-11 10:28:50 +0000 UTC (0+1 container statuses recorded)&#xA;Jan 12 05:16:39.552: INFO: &#x9;Container coredns ready: true, restart count 8&#xA;Jan 12 05:16:39.552: INFO: kube-apiserver-c76-1-40 started at &lt;nil&gt; (0+0 container statuses recorded)&#xA;Jan 12 05:16:39.552: INFO: kube-discovery-dhv7z started at 2019-01-12 01:41:17 +0000 UTC (0+1 container statuses recorded)&#xA;Jan 12 05:16:39.552: INFO: &#x9;Container discovery ready: true, restart count 0&#xA;Jan 12 05:16:39.552: INFO: kubectl-z2zbp started at 2019-01-11 10:27:33 +0000 UTC (0+1 container statuses recorded)&#xA;Jan 12 05:16:39.552: INFO: &#x9;Container kubectl ready: true, restart count 2&#xA;Jan 12 05:16:39.552: INFO: configure-calico-tsst7 started at 2019-01-11 10:27:33 +0000 UTC (0+1 container statuses recorded)&#xA;Jan 12 05:16:39.552: INFO: &#x9;Container configure-calico ready: false, restart count 0&#xA;Jan 12 05:16:39.571: INFO: &#xA;Latency metrics for node c76-1-40&#xA;Jan 12 05:16:39.571: INFO: &#xA;Logging node info for node c76-1-41&#xA;Jan 12 05:16:39.574: INFO: Node Info: &amp;Node{ObjectMeta:k8s_io_apimachinery_pkg_apis_meta_v1.ObjectMeta{Name:c76-1-41,GenerateName:,Namespace:,SelfLink:/api/v1/nodes/c76-1-41,UID:2e7f7d60-158c-11e9-8eb1-000c294e6ffe,ResourceVersion:145915,Generation:0,CreationTimestamp:2019-01-11 10:32:23 +0000 UTC,DeletionTimestamp:&lt;nil&gt;,DeletionGracePeriodSeconds:nil,Labels:map[string]string{beta.kubernetes.io/arch: amd64,beta.kubernetes.io/os: linux,kubernetes.io/hostname: c76-1-41,},Annotations:map[string]string{kubeadm.alpha.kubernetes.io/cri-socket: /var/run/dockershim.sock,node.alpha.kubernetes.io/ttl: 0,volumes.kubernetes.io/controller-managed-attach-detach: true,},OwnerReferences:[],Finalizers:[],ClusterName:,Initializers:nil,},Spec:NodeSpec{PodCIDR:172.31.1.0/24,DoNotUse_ExternalID:,ProviderID:,Unschedulable:false,Taints:[],ConfigSource:nil,},Status:NodeStatus{Capacity:ResourceList{cpu: {{4 0} {&lt;nil&gt;} 4 DecimalSI},ephemeral-storage: {{63318790144 0} {&lt;nil&gt;} 61834756Ki BinarySI},hugepages-1Gi: {{0 0} {&lt;nil&gt;} 0 DecimalSI},hugepages-2Mi: {{0 0} {&lt;nil&gt;} 0 DecimalSI},memory: {{10464804864 0} {&lt;nil&gt;}  BinarySI},pods: {{110 0} {&lt;nil&gt;} 110 DecimalSI},},Allocatable:ResourceList{cpu: {{4 0} {&lt;nil&gt;} 4 DecimalSI},ephemeral-storage: {{56986911036 0} {&lt;nil&gt;} 56986911036 DecimalSI},hugepages-1Gi: {{0 0} {&lt;nil&gt;} 0 DecimalSI},hugepages-2Mi: {{0 0} {&lt;nil&gt;} 0 DecimalSI},memory: {{10359947264 0} {&lt;nil&gt;}  BinarySI},pods: {{110 0} {&lt;nil&gt;} 110 DecimalSI},},Phase:,Conditions:[{OutOfDisk False 2019-01-12 05:16:38 +0000 UTC 2019-01-11 10:32:24 +0000 UTC KubeletHasSufficientDisk kubelet has sufficient disk space available} {MemoryPressure False 2019-01-12 05:16:38 +0000 UTC 2019-01-11 10:32:24 +0000 UTC KubeletHasSufficientMemory kubelet has sufficient memory available} {DiskPressure False 2019-01-12 05:16:38 +0000 UTC 2019-01-11 10:32:24 +0000 UTC KubeletHasNoDiskPressure kubelet has no disk pressure} {PIDPressure False 2019-01-12 05:16:38 +0000 UTC 2019-01-11 10:32:24 +0000 UTC KubeletHasSufficientPID kubelet has sufficient PID available} {Ready True 2019-01-12 05:16:38 +0000 UTC 2019-01-11 10:33:34 +0000 UTC KubeletReady kubelet is posting ready status}],Addresses:[{InternalIP 192.168.1.41} {Hostname c76-1-41}],DaemonEndpoints:NodeDaemonEndpoints{KubeletEndpoint:DaemonEndpoint{Port:10250,},},NodeInfo:NodeSystemInfo{MachineID:5525b6edd57844c39a46324f54687a15,SystemUUID:564DE49B-C9A4-46EC-0CF9-607DB6F07600,BootID:29762b57-a009-4d43-96f2-4514732af44a,KernelVersion:3.10.0-957.el7.x86_64,OSImage:CentOS Linux 7 (Core),ContainerRuntimeVersion:docker://17.3.2,KubeletVersion:v1.12.3,KubeProxyVersion:v1.12.3,OperatingSystem:linux,Architecture:amd64,},Images:[{[192.168.1.52/system_containers/hyperkube-amd64@sha256:a90d413c933bb465eefed80df373fa2af8468a6bfe0182082f652e68e7a3fb13 192.168.1.52/system_containers/hyperkube-amd64:v1.12.3] 709865716} {[index.tenxcloud.com/tenx_containers/kube-conformance@sha256:f902946a54e0009b0128f2beba0df2ea122b199bb7762fcd34e787036e93475c index.tenxcloud.com/tenx_containers/kube-conformance:latest] 462484279} {[index.tenxcloud.com/tenx_containers/gb-frontend@sha256:6928fd2b434b77e638033dc0cceb90d9519ad00cbf9f22ce051b2fa17c4e0c86 gcr.io/google-samples/gb-frontend:v6 index.tenxcloud.com/tenx_containers/gb-frontend:v6] 373054764} {[index.tenxcloud.com/tenx_containers/jessie-dnsutils@sha256:07f9ed492626c1bc28aae3c0e8699fbb1159a43945e01b43cefdcc1998a805b9 gcr.io/kubernetes-e2e-test-images/jessie-dnsutils:1.0 index.tenxcloud.com/tenx_containers/jessie-dnsutils:1.0] 195633300} {[192.168.1.52/system_containers/kubectl-amd64@sha256:fd27ea38a1dc69008ecb87503813fa0bf355b0ce8ae2e596c9098993237c469a 192.168.1.52/system_containers/kubectl-amd64:v1.12.3] 166235497} {[nginx@sha256:b543f6d0983fbc25b9874e22f4fe257a567111da96fd1d8f1b44315f1236398c nginx:latest] 109154241} {[index.tenxcloud.com/tenx_containers/nginx-slim-amd64@sha256:6654db6d4028756062edac466454ee5c9cf9b20ef79e35a81e3c840031eb1e2b gcr.io/google-containers/nginx-slim:0.20 index.tenxcloud.com/tenx_containers/nginx-slim-amd64:0.20] 103565007} {[index.tenxcloud.com/tenx_containers/gb-redisslave@sha256:9ff2f9e5160bff9871d8c0fca0dd15b4b25954b322559699540ed9ac0ddfec7f gcr.io/google-samples/gb-redisslave:v3 index.tenxcloud.com/tenx_containers/gb-redisslave:v3] 98923658} {[192.168.1.52/system_containers/node@sha256:2f46157483904649f334da83e6b5e522bf20cbd3ea6ec9f43456673933021d5a 192.168.1.52/system_containers/node:v3.4.0] 75898396} {[192.168.1.52/system_containers/cni@sha256:61a410fd6512bd0747fa76798ed5c121c815d7aed94f12d02507b7406bf7ccf2 192.168.1.52/system_containers/cni:v3.4.0] 75430420} {[192.168.1.52/system_containers/agent@sha256:8844a2f97daae4dede402cfc1e719a1f7f82142690decc608c3b7e6679a2444c 192.168.1.52/system_containers/agent:v4.0.0] 68660084} {[192.168.1.52/system_containers/kube-controllers@sha256:7b549fa211f15a1b038c82cc7b11d4b3157db822aebd72c48f924620e9ec329c 192.168.1.52/system_containers/kube-controllers:v3.4.0] 56528665} {[index.tenxcloud.com/tenx_containers/namespace-deleter@sha256:1935280d17215d3e1d380fcc0efd6f7dfff5cb073538b05db7fcd41ba3ada88a index.tenxcloud.com/tenx_containers/namespace-deleter:v0.0.1] 43012728} {[192.168.1.52/system_containers/ctl@sha256:5e6685b93900eb5b79d93db0ac514f815c5bdd52c70da03bea4f7bc7debde2be 192.168.1.52/system_containers/ctl:v3.4.0] 35264750} {[index.tenxcloud.com/tenx_containers/sonobuoy@sha256:30f94f6446505251b44a43437290150273cd89d6dc3f5b8c71bb6f7c9cd7d23d index.tenxcloud.com/tenx_containers/sonobuoy:v0.13] 33389023} {[192.168.1.52/system_containers/tde@sha256:e5bacdec54bf32e15955f88ff693fa5162b9eed97c7f1c79f5299e8cdde949a3 192.168.1.52/system_containers/tde:v4.0.0] 28785861} {[index.tenxcloud.com/tenx_containers/nettest@sha256:d93ee599708eba703861aa6dee2fd3548249abfa05260bb5a691354c0a6f5e0c gcr.io/kubernetes-e2e-test-images/nettest:1.0 index.tenxcloud.com/tenx_containers/nettest:1.0] 27413498} {[nginx@sha256:385fbcf0f04621981df6c6f1abd896101eb61a439746ee2921b26abc78f45571 nginx:1.15-alpine] 17754400} {[nginx@sha256:e3f77f7f4a6bb5e7820e013fa60b96602b34f5704e796cfd94b561ae73adcf96 nginx:1.14-alpine] 17719601} {[index.tenxcloud.com/tenx_containers/scanner-forwarder@sha256:e5acebbbd78cf93d950abe002cecfe19db45abffec8bb8e50c09dc7163a52ad8 index.tenxcloud.com/tenx_containers/scanner-forwarder:v0.0.4] 10882452} {[index.tenxcloud.com/tenx_containers/dnsutils@sha256:f35617f790f43683c24a53f20c4ad4635cfb075a3cc52db80547bea03a57ef89 gcr.io/kubernetes-e2e-test-images/dnsutils:1.1 index.tenxcloud.com/tenx_containers/dnsutils:1.1] 9345437} {[index.tenxcloud.com/tenx_containers/hostexec@sha256:959c75dc7b8d77b7714871e1a99caec2f4c6bc5efd820a68b1477676ae52de0f gcr.io/kubernetes-e2e-test-images/hostexec:1.1 index.tenxcloud.com/tenx_containers/hostexec:1.1] 8467158} {[index.tenxcloud.com/tenx_containers/hostexec-amd64@sha256:aea5e0aec8f7b35e3271d30f304375846c5271bc369e86ead843bd30c276e60c gcr.io/kubernetes-e2e-test-images/hostexec:1.0 index.tenxcloud.com/tenx_containers/hostexec-amd64:1.0] 8351345} {[index.tenxcloud.com/tenx_containers/netexec@sha256:50de1d16ef5dd986e3ce3c7bbe3c6e5d85ba67eb29abd6e80605afa7c59e173e gcr.io/kubernetes-e2e-test-images/netexec:1.1 index.tenxcloud.com/tenx_containers/netexec:1.1] 6705349} {[index.tenxcloud.com/tenx_containers/redis@sha256:9b5b1c1ec462abb4b89145a23a1fbf7eb3b2bb25927fc94e820f89a73029889f gcr.io/kubernetes-e2e-test-images/redis:1.0 index.tenxcloud.com/tenx_containers/redis:1.0] 5901328} {[index.tenxcloud.com/tenx_containers/serve-hostname@sha256:5792caa151fd823f01e765c535bcdb0386e0e9c9a2b5687e4a613cecadfa3505 gcr.io/kubernetes-e2e-test-images/serve-hostname:1.1 index.tenxcloud.com/tenx_containers/serve-hostname:1.1] 5851985} {[index.tenxcloud.com/tenx_containers/serve-hostname-amd64@sha256:bb8ec30897bcd57ab1bb73267d9cf13a8ca5dd88cc28b729c085fee834ba96c8 gcr.io/kubernetes-e2e-test-images/serve-hostname:1.0 index.tenxcloud.com/tenx_containers/serve-hostname-amd64:1.0] 5470001} {[index.tenxcloud.com/tenx_containers/nautilus@sha256:2f8e5b5bc7ede351d03ae9a58c16cba7b37f4b17522c0345776576fca0559e8b gcr.io/kubernetes-e2e-test-images/nautilus:1.0 index.tenxcloud.com/tenx_containers/nautilus:1.0] 4753501} {[index.tenxcloud.com/tenx_containers/kitten@sha256:121b638ec01c7eeb320780b869ab1b797991e6ced43cb2a613139c7b798833d1 gcr.io/kubernetes-e2e-test-images/kitten:1.0 index.tenxcloud.com/tenx_containers/kitten:1.0] 4747037} {[index.tenxcloud.com/tenx_containers/test-webserver@sha256:ff6efa49e88f6c8307b922c2327b1ea3c23ca98c75a43986bd6c237523596d7b gcr.io/kubernetes-e2e-test-images/test-webserver:1.0 index.tenxcloud.com/tenx_containers/test-webserver:1.0] 4732240} {[index.tenxcloud.com/tenx_containers/porter-amd64@sha256:3c5fddee2d141df92fc99f06a835e2193cac444a0d0331d26384030281246b80 index.tenxcloud.com/tenx_containers/porter@sha256:3c5fddee2d141df92fc99f06a835e2193cac444a0d0331d26384030281246b80 gcr.io/kubernetes-e2e-test-images/porter:1.0 index.tenxcloud.com/tenx_containers/porter-amd64:1.0 index.tenxcloud.com/tenx_containers/porter:1.0] 4681408} {[index.tenxcloud.com/tenx_containers/liveness@sha256:1356c32eb0cc1e455dd0548f59c61582044c78ce5a7a00793133dec254f5e18f gcr.io/kubernetes-e2e-test-images/liveness:1.0 index.tenxcloud.com/tenx_containers/liveness:1.0] 4608721} {[index.tenxcloud.com/tenx_containers/entrypoint-tester@sha256:d9db86e396e77ef12b31e8cdb676a33c64c25194b0efcba9470ffdc293c9057a gcr.io/kubernetes-e2e-test-images/entrypoint-tester:1.0 index.tenxcloud.com/tenx_containers/entrypoint-tester:1.0] 2729534} {[index.tenxcloud.com/tenx_containers/mounttest@sha256:8ad000bb2d049adbbd20b889ce4f864d83056bd48ded75035516fac77b6bdee3 gcr.io/kubernetes-e2e-test-images/mounttest:1.0 index.tenxcloud.com/tenx_containers/mounttest:1.0] 1563521} {[index.tenxcloud.com/tenx_containers/mounttest-user-amd64@sha256:057dedcb5328948633813256e226841a99213f56817d1f7b0e020600dbd57179 index.tenxcloud.com/tenx_containers/mounttest-user@sha256:057dedcb5328948633813256e226841a99213f56817d1f7b0e020600dbd57179 gcr.io/kubernetes-e2e-test-images/mounttest-user:1.0 index.tenxcloud.com/tenx_containers/mounttest-user-amd64:1.0 index.tenxcloud.com/tenx_containers/mounttest-user:1.0] 1450451} {[busybox@sha256:7964ad52e396a6e045c39b5a44438424ac52e12e4d5a25d94895f2058cb863a0 busybox:latest] 1199417} {[busybox@sha256:8ccbac733d19c0dd4d70b4f0c1e12245b5fa3ad24758a11035ee505c629c0796 busybox:1.29] 1154361} {[192.168.1.52/system_containers/pause@sha256:fcaff905397ba63fd376d0c3019f1f1cb6e7506131389edbcb3d22719f1ae54d index.tenxcloud.com/tenx_containers/pause@sha256:759c3f0f6493093a9043cc813092290af69029699ade0e3dbe024e968fcb7cca 192.168.1.52/system_containers/pause:3.1 index.tenxcloud.com/tenx_containers/pause:3.1 k8s.gcr.io/pause:3.1] 742472}],VolumesInUse:[],VolumesAttached:[],Config:nil,},}&#xA;Jan 12 05:16:39.574: INFO: &#xA;Logging kubelet events for node c76-1-41&#xA;Jan 12 05:16:39.592: INFO: &#xA;Logging pods the kubelet thinks is on node c76-1-41&#xA;Jan 12 05:16:39.597: INFO: kubectl-cp4p5 started at 2019-01-11 10:32:24 +0000 UTC (0+1 container statuses recorded)&#xA;Jan 12 05:16:39.597: INFO: &#x9;Container kubectl ready: true, restart count 2&#xA;Jan 12 05:16:39.597: INFO: sonobuoy started at 2019-01-12 04:12:07 +0000 UTC (0+3 container statuses recorded)&#xA;Jan 12 05:16:39.597: INFO: &#x9;Container cleanup ready: true, restart count 0&#xA;Jan 12 05:16:39.597: INFO: &#x9;Container forwarder ready: true, restart count 0&#xA;Jan 12 05:16:39.597: INFO: &#x9;Container kube-sonobuoy ready: true, restart count 0&#xA;Jan 12 05:16:39.597: INFO: sonobuoy-e2e-job-f2515c1fd49f447c started at 2019-01-12 04:12:09 +0000 UTC (0+2 container statuses recorded)&#xA;Jan 12 05:16:39.597: INFO: &#x9;Container e2e ready: true, restart count 0&#xA;Jan 12 05:16:39.597: INFO: &#x9;Container sonobuoy-worker ready: true, restart count 0&#xA;Jan 12 05:16:39.597: INFO: busybox-host-aliases3c6f5810-1620-11e9-8fb7-aa4233c46d55 started at 2019-01-12 05:15:37 +0000 UTC (0+1 container statuses recorded)&#xA;Jan 12 05:16:39.597: INFO: &#x9;Container busybox-host-aliases3c6f5810-1620-11e9-8fb7-aa4233c46d55 ready: true, restart count 0&#xA;Jan 12 05:16:39.597: INFO: kube-proxy-k8t9z started at 2019-01-11 10:32:24 +0000 UTC (0+1 container statuses recorded)&#xA;Jan 12 05:16:39.597: INFO: &#x9;Container kube-proxy ready: true, restart count 2&#xA;Jan 12 05:16:39.597: INFO: kube-controller-6dd888b6-2gdzh started at 2019-01-12 01:48:43 +0000 UTC (0+1 container statuses recorded)&#xA;Jan 12 05:16:39.597: INFO: &#x9;Container kube-controller ready: true, restart count 0&#xA;Jan 12 05:16:39.597: INFO: calico-node-47p2l started at 2019-01-11 10:32:24 +0000 UTC (1+1 container statuses recorded)&#xA;Jan 12 05:16:39.597: INFO: &#x9;Init container install-cni ready: true, restart count 2&#xA;Jan 12 05:16:39.597: INFO: &#x9;Container calico-node ready: true, restart count 2&#xA;Jan 12 05:16:39.780: INFO: &#xA;Latency metrics for node c76-1-41&#xA;Jan 12 05:16:39.780: INFO: Waiting up to 3m0s for all (but 0) nodes to be ready&#xA;STEP: Destroying namespace &#34;e2e-tests-kubelet-test-7smlr&#34; for this suite.&#xA;Jan 12 05:17:23.798: INFO: Waiting up to 30s for server preferred namespaced resources to be successfully discovered&#xA;Jan 12 05:17:23.841: INFO: namespace: e2e-tests-kubelet-test-7smlr, resource: bindings, ignored listing per whitelist&#xA;Jan 12 05:17:23.882: INFO: namespace e2e-tests-kubelet-test-7smlr deletion completed in 44.097950112s&#xA;</system-out>
      </testcase>
      <testcase name="[sig-storage] Downward API volume should set DefaultMode on files [NodeConformance] [Conformance]" classname="Kubernetes e2e suite" time="8.330628365"></testcase>
      <testcase name="[sig-storage] In-tree Volumes [Driver: gluster] [Testpattern: Inline-volume (default fs)] subPath should support existing directory" classname="Kubernetes e2e suite" time="0">
          <skipped></skipped>
      </testcase>
      <testcase name="[sig-network] ESIPP [Slow] [DisabledForLargeClusters] should handle updates to ExternalTrafficPolicy field" classname="Kubernetes e2e suite" time="0">
          <skipped></skipped>
      </testcase>
      <testcase name="[sig-storage] In-tree Volumes [Driver: vSphere] [Testpattern: Dynamic PV (default fs)] provisioning should provision storage with defaults" classname="Kubernetes e2e suite" time="0">
          <skipped></skipped>
      </testcase>
      <testcase name="[sig-autoscaling] Cluster size autoscaling [Slow] should correctly scale down after a node is not needed and one node is broken [Feature:ClusterSizeAutoscalingScaleDown]" classname="Kubernetes e2e suite" time="0">
          <skipped></skipped>
      </testcase>
      <testcase name="[sig-storage] In-tree Volumes [Driver: iscsi][Feature:Volumes] [Testpattern: Inline-volume (default fs)] subPath should support non-existent path" classname="Kubernetes e2e suite" time="0">
          <skipped></skipped>
      </testcase>
      <testcase name="[sig-storage] In-tree Volumes [Driver: iscsi][Feature:Volumes] [Testpattern: Inline-volume (ext4)] volumes should be mountable" classname="Kubernetes e2e suite" time="0">
          <skipped></skipped>
      </testcase>
      <testcase name="[sig-storage] Projected secret should be consumable from pods in volume [NodeConformance] [Conformance]" classname="Kubernetes e2e suite" time="8.310653459"></testcase>
      <testcase name="[sig-storage] In-tree Volumes [Driver: gcepd] [Testpattern: Inline-volume (default fs)] subPath should unmount if pod is gracefully deleted while kubelet is down [Disruptive][Slow]" classname="Kubernetes e2e suite" time="0">
          <skipped></skipped>
      </testcase>
      <testcase name="[sig-storage] Pod Disks should be able to delete a non-existent PD without error" classname="Kubernetes e2e suite" time="0">
          <skipped></skipped>
      </testcase>
      <testcase name="[sig-autoscaling] Cluster size autoscaling [Slow] shouldn&#39;t scale up when expendable pod is created [Feature:ClusterSizeAutoscalingScaleUp]" classname="Kubernetes e2e suite" time="0">
          <skipped></skipped>
      </testcase>
      <testcase name="[sig-storage] In-tree Volumes [Driver: emptydir] [Testpattern: Inline-volume (default fs)] subPath should fail if subpath directory is outside the volume [Slow]" classname="Kubernetes e2e suite" time="0">
          <skipped></skipped>
      </testcase>
      <testcase name="[sig-storage] In-tree Volumes [Driver: emptydir] [Testpattern: Dynamic PV (default fs)] subPath should support existing single file" classname="Kubernetes e2e suite" time="0">
          <skipped></skipped>
      </testcase>
      <testcase name="[sig-storage] Subpath Atomic writer volumes should support subpaths with downward pod [Conformance]" classname="Kubernetes e2e suite" time="30.383767873"></testcase>
      <testcase name="[sig-storage] PersistentVolumes-local  [Volume type: tmpfs] Set fsGroup for local volume should set same fsGroup for two pods simultaneously" classname="Kubernetes e2e suite" time="0">
          <skipped></skipped>
      </testcase>
      <testcase name="[sig-storage] CSI Volumes [Driver: csi-hostpath] [Testpattern: Dynamic PV (default fs)] subPath should support restarting containers using file as subpath [Slow]" classname="Kubernetes e2e suite" time="0">
          <skipped></skipped>
      </testcase>
      <testcase name="[sig-cli] Kubectl client [k8s.io] Kubectl version should check is all data is printed  [Conformance]" classname="Kubernetes e2e suite" time="6.340295153"></testcase>
      <testcase name="[sig-storage] PersistentVolumes-local  [Volume type: blockfswithoutformat] Set fsGroup for local volume should set same fsGroup for two pods simultaneously" classname="Kubernetes e2e suite" time="0">
          <skipped></skipped>
      </testcase>
      <testcase name="[sig-storage] In-tree Volumes [Driver: hostPath] [Testpattern: Pre-provisioned PV (default fs)] subPath should support existing directory" classname="Kubernetes e2e suite" time="0">
          <skipped></skipped>
      </testcase>
      <testcase name="[sig-storage] In-tree Volumes [Driver: gluster] [Testpattern: Dynamic PV (default fs)] subPath should fail if subpath file is outside the volume [Slow]" classname="Kubernetes e2e suite" time="0">
          <skipped></skipped>
      </testcase>
      <testcase name="[sig-storage] In-tree Volumes [Driver: emptydir] [Testpattern: Inline-volume (default fs)] subPath should support existing single file" classname="Kubernetes e2e suite" time="0">
          <skipped></skipped>
      </testcase>
      <testcase name="[sig-storage] In-tree Volumes [Driver: hostPathSymlink] [Testpattern: Dynamic PV (default fs)] subPath should unmount if pod is force deleted while kubelet is down [Disruptive][Slow]" classname="Kubernetes e2e suite" time="0">
          <skipped></skipped>
      </testcase>
      <testcase name="[sig-storage] In-tree Volumes [Driver: rbd][Feature:Volumes] [Testpattern: Pre-provisioned PV (default fs)] volumeIO should write files of various sizes, verify size, validate content [Slow]" classname="Kubernetes e2e suite" time="0">
          <skipped></skipped>
      </testcase>
      <testcase name="[sig-storage] In-tree Volumes [Driver: vSphere] [Testpattern: Inline-volume (default fs)] subPath should support restarting containers using directory as subpath [Slow]" classname="Kubernetes e2e suite" time="0">
          <skipped></skipped>
      </testcase>
      <testcase name="[sig-scalability] Load capacity [Feature:ManualPerformance] should be able to handle 30 pods per node Deployment.extensions with 0 secrets, 0 configmaps and 0 daemons" classname="Kubernetes e2e suite" time="0">
          <skipped></skipped>
      </testcase>
      <testcase name="[k8s.io] Container Runtime blackbox test when starting a container that exits should report termination message from file when pod succeeds and TerminationMessagePolicy FallbackToLogOnError is set [NodeConformance]" classname="Kubernetes e2e suite" time="0">
          <skipped></skipped>
      </testcase>
      <testcase name="[sig-autoscaling] Cluster size autoscaling [Slow] should correctly scale down after a node is not needed when there is non autoscaled pool[Feature:ClusterSizeAutoscalingScaleDown]" classname="Kubernetes e2e suite" time="0">
          <skipped></skipped>
      </testcase>
      <testcase name="[k8s.io] Security Context When creating a pod with readOnlyRootFilesystem should run the container with writable rootfs when readOnlyRootFilesystem=false [NodeConformance]" classname="Kubernetes e2e suite" time="0">
          <skipped></skipped>
      </testcase>
      <testcase name="[sig-network] Services should use same NodePort with same port but different protocols" classname="Kubernetes e2e suite" time="0">
          <skipped></skipped>
      </testcase>
      <testcase name="[sig-storage] In-tree Volumes [Driver: aws] [Testpattern: Dynamic PV (ext4)] volumes should be mountable" classname="Kubernetes e2e suite" time="0">
          <skipped></skipped>
      </testcase>
      <testcase name="[sig-storage] In-tree Volumes [Driver: hostPathSymlink] [Testpattern: Inline-volume (default fs)] subPath should unmount if pod is force deleted while kubelet is down [Disruptive][Slow]" classname="Kubernetes e2e suite" time="0">
          <skipped></skipped>
      </testcase>
      <testcase name="[sig-node] Downward API should provide host IP as an env var [NodeConformance] [Conformance]" classname="Kubernetes e2e suite" time="8.313255271"></testcase>
      <testcase name="[sig-storage] In-tree Volumes [Driver: gcepd] [Testpattern: Inline-volume (default fs)] subPath should fail if non-existent subpath is outside the volume [Slow]" classname="Kubernetes e2e suite" time="0">
          <skipped></skipped>
      </testcase>
      <testcase name="[sig-storage] In-tree Volumes [Driver: iscsi][Feature:Volumes] [Testpattern: Inline-volume (default fs)] subPath should support restarting containers using file as subpath [Slow]" classname="Kubernetes e2e suite" time="0">
          <skipped></skipped>
      </testcase>
      <testcase name="[sig-storage] In-tree Volumes [Driver: rbd][Feature:Volumes] [Testpattern: Dynamic PV (default fs)] subPath should support existing directory" classname="Kubernetes e2e suite" time="0">
          <skipped></skipped>
      </testcase>
      <testcase name="[sig-storage] In-tree Volumes [Driver: vSphere] [Testpattern: Pre-provisioned PV (xfs)] volumes should be mountable" classname="Kubernetes e2e suite" time="0">
          <skipped></skipped>
      </testcase>
      <testcase name="[sig-cluster-lifecycle] Upgrade [Feature:Upgrade] node upgrade should maintain a functioning cluster [Feature:NodeUpgrade]" classname="Kubernetes e2e suite" time="0">
          <skipped></skipped>
      </testcase>
      <testcase name="[sig-storage] In-tree Volumes [Driver: nfs] [Testpattern: Pre-provisioned PV (default fs)] subPath should unmount if pod is force deleted while kubelet is down [Disruptive][Slow]" classname="Kubernetes e2e suite" time="0">
          <skipped></skipped>
      </testcase>
      <testcase name="[sig-storage] In-tree Volumes [Driver: ceph][Feature:Volumes] [Testpattern: Dynamic PV (default fs)] volumeIO should write files of various sizes, verify size, validate content [Slow]" classname="Kubernetes e2e suite" time="0">
          <skipped></skipped>
      </testcase>
      <testcase name="[sig-storage] In-tree Volumes [Driver: hostPathSymlink] [Testpattern: Dynamic PV (default fs)] volumeIO should write files of various sizes, verify size, validate content [Slow]" classname="Kubernetes e2e suite" time="0">
          <skipped></skipped>
      </testcase>
      <testcase name="[sig-scalability] Load capacity [Feature:ManualPerformance] should be able to handle 30 pods per node Random with 0 secrets, 0 configmaps and 0 daemons with quotas" classname="Kubernetes e2e suite" time="0">
          <skipped></skipped>
      </testcase>
      <testcase name="[sig-storage] In-tree Volumes [Driver: ceph][Feature:Volumes] [Testpattern: Dynamic PV (default fs)] subPath should support non-existent path" classname="Kubernetes e2e suite" time="0">
          <skipped></skipped>
      </testcase>
      <testcase name="[sig-storage] PersistentVolumes-local  [Volume type: tmpfs] One pod requesting one prebound PVC should be able to mount volume and read from pod1" classname="Kubernetes e2e suite" time="0">
          <skipped></skipped>
      </testcase>
      <testcase name="[sig-storage] CSI Volumes [Driver: pd.csi.storage.gke.io][Serial] [Testpattern: Dynamic PV (ext3)] volumes should be mountable" classname="Kubernetes e2e suite" time="0">
          <skipped></skipped>
      </testcase>
      <testcase name="[sig-storage] CSI Volumes [Driver: pd.csi.storage.gke.io][Serial] [Testpattern: Dynamic PV (default fs)] subPath should fail if subpath directory is outside the volume [Slow]" classname="Kubernetes e2e suite" time="0">
          <skipped></skipped>
      </testcase>
      <testcase name="[sig-storage] In-tree Volumes [Driver: ceph][Feature:Volumes] [Testpattern: Inline-volume (default fs)] subPath should unmount if pod is force deleted while kubelet is down [Disruptive][Slow]" classname="Kubernetes e2e suite" time="0">
          <skipped></skipped>
      </testcase>
      <testcase name="[sig-storage] PersistentVolumes-local  [Volume type: dir] Set fsGroup for local volume should set fsGroup for one pod" classname="Kubernetes e2e suite" time="0">
          <skipped></skipped>
      </testcase>
      <testcase name="[sig-storage] In-tree Volumes [Driver: hostPath] [Testpattern: Pre-provisioned PV (default fs)] subPath should fail if subpath file is outside the volume [Slow]" classname="Kubernetes e2e suite" time="0">
          <skipped></skipped>
      </testcase>
      <testcase name="[sig-storage] In-tree Volumes [Driver: hostPath] [Testpattern: Dynamic PV (default fs)] volumes should be mountable" classname="Kubernetes e2e suite" time="0">
          <skipped></skipped>
      </testcase>
      <testcase name="[sig-storage] CSI Volumes [Driver: csi-hostpath-v0] [Testpattern: Dynamic PV (default fs)] subPath should support readOnly directory specified in the volumeMount" classname="Kubernetes e2e suite" time="0">
          <skipped></skipped>
      </testcase>
      <testcase name="[sig-storage] In-tree Volumes [Driver: nfs] [Testpattern: Dynamic PV (default fs)] subPath should support restarting containers using directory as subpath [Slow]" classname="Kubernetes e2e suite" time="0">
          <skipped></skipped>
      </testcase>
      <testcase name="[sig-storage] Pod Disks detach in a disrupted environment [Slow] [Disruptive] when pod is evicted" classname="Kubernetes e2e suite" time="0">
          <skipped></skipped>
      </testcase>
      <testcase name="[sig-storage] In-tree Volumes [Driver: emptydir] [Testpattern: Pre-provisioned PV (ext4)] volumes should be mountable" classname="Kubernetes e2e suite" time="0">
          <skipped></skipped>
      </testcase>
      <testcase name="[sig-storage] In-tree Volumes [Driver: nfs] [Testpattern: Dynamic PV (default fs)] subPath should support restarting containers using file as subpath [Slow]" classname="Kubernetes e2e suite" time="0">
          <skipped></skipped>
      </testcase>
      <testcase name="[sig-network] DNS should provide DNS for the cluster  [Conformance]" classname="Kubernetes e2e suite" time="10.380948653"></testcase>
      <testcase name="[sig-storage] In-tree Volumes [Driver: gcepd] [Testpattern: Pre-provisioned PV (default fs)] subPath should support restarting containers using directory as subpath [Slow]" classname="Kubernetes e2e suite" time="0">
          <skipped></skipped>
      </testcase>
      <testcase name="[sig-storage] In-tree Volumes [Driver: cinder] [Testpattern: Inline-volume (default fs)] subPath should fail if subpath directory is outside the volume [Slow]" classname="Kubernetes e2e suite" time="0">
          <skipped></skipped>
      </testcase>
      <testcase name="[sig-storage] In-tree Volumes [Driver: aws] [Testpattern: Inline-volume (default fs)] subPath should support existing directory" classname="Kubernetes e2e suite" time="0">
          <skipped></skipped>
      </testcase>
      <testcase name="[sig-auth] [Feature:NodeAuthorizer] Getting an existing configmap should exit with the Forbidden error" classname="Kubernetes e2e suite" time="0">
          <skipped></skipped>
      </testcase>
      <testcase name="[sig-scalability] Density [Feature:ManualPerformance] should allow starting 30 pods per node using Job.batch with 0 secrets, 0 configmaps, 0 token projections, and 0 daemons" classname="Kubernetes e2e suite" time="0">
          <skipped></skipped>
      </testcase>
      <testcase name="[sig-cluster-lifecycle] Ports Security Check [Feature:KubeletSecurity] should not be able to proxy to cadvisor port 4194 using proxy subresource" classname="Kubernetes e2e suite" time="0">
          <skipped></skipped>
      </testcase>
      <testcase name="[sig-storage] In-tree Volumes [Driver: gcepd] [Testpattern: Dynamic PV (default fs)] subPath should support non-existent path" classname="Kubernetes e2e suite" time="0">
          <skipped></skipped>
      </testcase>
      <testcase name="[sig-storage] In-tree Volumes [Driver: nfs] [Testpattern: Inline-volume (xfs)] volumes should be mountable" classname="Kubernetes e2e suite" time="0">
          <skipped></skipped>
      </testcase>
      <testcase name="[sig-storage] In-tree Volumes [Driver: vSphere] [Testpattern: Inline-volume (default fs)] subPath should fail if subpath directory is outside the volume [Slow]" classname="Kubernetes e2e suite" time="0">
          <skipped></skipped>
      </testcase>
      <testcase name="[sig-network] Services should be able to up and down services" classname="Kubernetes e2e suite" time="0">
          <skipped></skipped>
      </testcase>
      <testcase name="[sig-storage] CSI Volumes [Driver: pd.csi.storage.gke.io][Serial] [Testpattern: Dynamic PV (default fs)] subPath should unmount if pod is gracefully deleted while kubelet is down [Disruptive][Slow]" classname="Kubernetes e2e suite" time="0">
          <skipped></skipped>
      </testcase>
      <testcase name="[sig-storage] Storage Policy Based Volume Provisioning [Feature:vsphere] verify VSAN storage capability with valid diskStripes and objectSpaceReservation values and a VSAN datastore is honored for dynamically provisioned pvc using storageclass" classname="Kubernetes e2e suite" time="0">
          <skipped></skipped>
      </testcase>
      <testcase name="[sig-storage] In-tree Volumes [Driver: gluster] [Testpattern: Dynamic PV (default fs)] subPath should support restarting containers using directory as subpath [Slow]" classname="Kubernetes e2e suite" time="0">
          <skipped></skipped>
      </testcase>
      <testcase name="[sig-storage] In-tree Volumes [Driver: cinder] [Testpattern: Dynamic PV (default fs)] provisioning should create and delete block persistent volumes" classname="Kubernetes e2e suite" time="0">
          <skipped></skipped>
      </testcase>
      <testcase name="[sig-storage] In-tree Volumes [Driver: cinder] [Testpattern: Dynamic PV (default fs)] subPath should support restarting containers using file as subpath [Slow]" classname="Kubernetes e2e suite" time="0">
          <skipped></skipped>
      </testcase>
      <testcase name="[sig-storage] CSI Volumes [Driver: pd.csi.storage.gke.io][Serial] [Testpattern: Dynamic PV (ext4)] volumes should be mountable" classname="Kubernetes e2e suite" time="0">
          <skipped></skipped>
      </testcase>
      <testcase name="[sig-scheduling] ResourceQuota should create a ResourceQuota and ensure its status is promptly calculated." classname="Kubernetes e2e suite" time="0">
          <skipped></skipped>
      </testcase>
      <testcase name="[sig-storage] In-tree Volumes [Driver: hostPathSymlink] [Testpattern: Dynamic PV (default fs)] subPath should support existing directories when readOnly specified in the volumeSource" classname="Kubernetes e2e suite" time="0">
          <skipped></skipped>
      </testcase>
      <testcase name="[sig-storage] In-tree Volumes [Driver: iscsi][Feature:Volumes] [Testpattern: Pre-provisioned PV (default fs)] subPath should support non-existent path" classname="Kubernetes e2e suite" time="0">
          <skipped></skipped>
      </testcase>
      <testcase name="[sig-auth] [Feature:NodeAuthorizer] Getting a non-existent configmap should exit with the Forbidden error, not a NotFound error" classname="Kubernetes e2e suite" time="0">
          <skipped></skipped>
      </testcase>
      <testcase name="[sig-storage] GCP Volumes GlusterFS should be mountable" classname="Kubernetes e2e suite" time="0">
          <skipped></skipped>
      </testcase>
      <testcase name="[sig-storage] In-tree Volumes [Driver: rbd][Feature:Volumes] [Testpattern: Pre-provisioned PV (default fs)] subPath should support restarting containers using directory as subpath [Slow]" classname="Kubernetes e2e suite" time="0">
          <skipped></skipped>
      </testcase>
      <testcase name="[sig-storage] In-tree Volumes [Driver: nfs] [Testpattern: Dynamic PV (default fs)] subPath should support existing directories when readOnly specified in the volumeSource" classname="Kubernetes e2e suite" time="0">
          <skipped></skipped>
      </testcase>
      <testcase name="[sig-apps] DisruptionController evictions: enough pods, replicaSet, percentage =&gt; should allow an eviction" classname="Kubernetes e2e suite" time="0">
          <skipped></skipped>
      </testcase>
      <testcase name="[k8s.io] InitContainer [NodeConformance] should invoke init containers on a RestartAlways pod [Conformance]" classname="Kubernetes e2e suite" time="26.06165474"></testcase>
      <testcase name="[sig-storage] CSI Volumes [Driver: csi-hostpath-v0] [Testpattern: Dynamic PV (default fs)] subPath should fail if subpath directory is outside the volume [Slow]" classname="Kubernetes e2e suite" time="0">
          <skipped></skipped>
      </testcase>
      <testcase name="[sig-storage] Projected configMap should be consumable from pods in volume as non-root [NodeConformance] [Conformance]" classname="Kubernetes e2e suite" time="10.365068165"></testcase>
      <testcase name="[sig-storage] In-tree Volumes [Driver: vSphere] [Testpattern: Pre-provisioned PV (default fs)] subPath should support restarting containers using directory as subpath [Slow]" classname="Kubernetes e2e suite" time="0">
          <skipped></skipped>
      </testcase>
      <testcase name="[sig-scheduling] SchedulerPreemption [Serial] validates lower priority pod preemption by critical pod" classname="Kubernetes e2e suite" time="0">
          <skipped></skipped>
      </testcase>
      <testcase name="[sig-storage] In-tree Volumes [Driver: iscsi][Feature:Volumes] [Testpattern: Dynamic PV (default fs)] provisioning should provision storage with mount options" classname="Kubernetes e2e suite" time="0">
          <skipped></skipped>
      </testcase>
      <testcase name="[sig-cli] Kubectl Port forwarding [k8s.io] With a server listening on 0.0.0.0 [k8s.io] that expects a client request should support a client that connects, sends NO DATA, and disconnects" classname="Kubernetes e2e suite" time="0">
          <skipped></skipped>
      </testcase>
      <testcase name="[sig-storage] Pod Disks schedule pods each with a PD, delete pod and verify detach [Slow] for read-only PD with pod delete grace period of &#34;default (30s)&#34;" classname="Kubernetes e2e suite" time="0">
          <skipped></skipped>
      </testcase>
      <testcase name="[sig-scheduling] ResourceQuota should create a ResourceQuota and capture the life of a secret." classname="Kubernetes e2e suite" time="0">
          <skipped></skipped>
      </testcase>
      <testcase name="[sig-storage] In-tree Volumes [Driver: rbd][Feature:Volumes] [Testpattern: Pre-provisioned PV (block volmode)] volumeMode should create sc, pod, pv, and pvc, read/write to the pv, and delete all created resources" classname="Kubernetes e2e suite" time="0">
          <skipped></skipped>
      </testcase>
      <testcase name="[sig-storage] In-tree Volumes [Driver: nfs] [Testpattern: Dynamic PV (default fs)] subPath should fail if non-existent subpath is outside the volume [Slow]" classname="Kubernetes e2e suite" time="0">
          <skipped></skipped>
      </testcase>
      <testcase name="[sig-storage] PersistentVolumes NFS with Single PV - PVC pairs should create a non-pre-bound PV and PVC: test write access " classname="Kubernetes e2e suite" time="0">
          <skipped></skipped>
      </testcase>
      <testcase name="[sig-storage] In-tree Volumes [Driver: azure] [Testpattern: Inline-volume (default fs)] subPath should support readOnly file specified in the volumeMount" classname="Kubernetes e2e suite" time="0">
          <skipped></skipped>
      </testcase>
      <testcase name="[sig-storage] Dynamic Provisioning DynamicProvisioner [Slow] should test that deleting a claim before the volume is provisioned deletes the volume." classname="Kubernetes e2e suite" time="0">
          <skipped></skipped>
      </testcase>
      <testcase name="[sig-storage] In-tree Volumes [Driver: gluster] [Testpattern: Pre-provisioned PV (default fs)] volumeIO should write files of various sizes, verify size, validate content [Slow]" classname="Kubernetes e2e suite" time="0">
          <skipped></skipped>
      </testcase>
      <testcase name="[sig-storage] In-tree Volumes [Driver: nfs] [Testpattern: Inline-volume (default fs)] subPath should support restarting containers using file as subpath [Slow]" classname="Kubernetes e2e suite" time="0">
          <skipped></skipped>
      </testcase>
      <testcase name="[k8s.io] PrivilegedPod [NodeConformance] should enable privileged commands" classname="Kubernetes e2e suite" time="0">
          <skipped></skipped>
      </testcase>
      <testcase name="[sig-storage] In-tree Volumes [Driver: nfs] [Testpattern: Dynamic PV (ext4)] volumes should be mountable" classname="Kubernetes e2e suite" time="0">
          <skipped></skipped>
      </testcase>
      <testcase name="[sig-storage] In-tree Volumes [Driver: azure] [Testpattern: Inline-volume (default fs)] subPath should unmount if pod is gracefully deleted while kubelet is down [Disruptive][Slow]" classname="Kubernetes e2e suite" time="0">
          <skipped></skipped>
      </testcase>
      <testcase name="[sig-storage] In-tree Volumes [Driver: hostPathSymlink] [Testpattern: Pre-provisioned PV (default fs)] subPath should support existing directory" classname="Kubernetes e2e suite" time="0">
          <skipped></skipped>
      </testcase>
      <testcase name="[sig-storage] In-tree Volumes [Driver: emptydir] [Testpattern: Dynamic PV (default fs)] subPath should unmount if pod is gracefully deleted while kubelet is down [Disruptive][Slow]" classname="Kubernetes e2e suite" time="0">
          <skipped></skipped>
      </testcase>
      <testcase name="[sig-storage] In-tree Volumes [Driver: gluster] [Testpattern: Inline-volume (xfs)] volumes should be mountable" classname="Kubernetes e2e suite" time="0">
          <skipped></skipped>
      </testcase>
      <testcase name="[sig-storage] [Serial] Volume metrics should create metrics for total time taken in volume operations in P/V Controller" classname="Kubernetes e2e suite" time="0">
          <skipped></skipped>
      </testcase>
      <testcase name="[k8s.io] [sig-node] Security Context [Feature:SecurityContext] should support seccomp alpha unconfined annotation on the pod [Feature:Seccomp]" classname="Kubernetes e2e suite" time="0">
          <skipped></skipped>
      </testcase>
      <testcase name="[sig-storage] In-tree Volumes [Driver: nfs] [Testpattern: Dynamic PV (block volmode)] volumeMode should fail in binding dynamic provisioned PV to PVC" classname="Kubernetes e2e suite" time="0">
          <skipped></skipped>
      </testcase>
      <testcase name="[sig-storage] In-tree Volumes [Driver: hostPathSymlink] [Testpattern: Dynamic PV (ext4)] volumes should be mountable" classname="Kubernetes e2e suite" time="0">
          <skipped></skipped>
      </testcase>
      <testcase name="[sig-storage] In-tree Volumes [Driver: azure] [Testpattern: Dynamic PV (default fs)] subPath should fail if subpath file is outside the volume [Slow]" classname="Kubernetes e2e suite" time="0">
          <skipped></skipped>
      </testcase>
      <testcase name="[sig-storage] In-tree Volumes [Driver: aws] [Testpattern: Dynamic PV (xfs)] volumes should be mountable" classname="Kubernetes e2e suite" time="0">
          <skipped></skipped>
      </testcase>
      <testcase name="[k8s.io] Probing container should be restarted with a exec &#34;cat /tmp/health&#34; liveness probe [NodeConformance] [Conformance]" classname="Kubernetes e2e suite" time="56.471587879"></testcase>
      <testcase name="[sig-storage] In-tree Volumes [Driver: gcepd] [Testpattern: Dynamic PV (default fs)] subPath should support existing directory" classname="Kubernetes e2e suite" time="0">
          <skipped></skipped>
      </testcase>
      <testcase name="[sig-storage] In-tree Volumes [Driver: vSphere] [Testpattern: Dynamic PV (default fs)] subPath should support existing directories when readOnly specified in the volumeSource" classname="Kubernetes e2e suite" time="0">
          <skipped></skipped>
      </testcase>
      <testcase name="[sig-storage] CSI Volumes [Driver: pd.csi.storage.gke.io][Feature: gcePD-external] [Testpattern: Dynamic PV (default fs)] subPath should unmount if pod is force deleted while kubelet is down [Disruptive][Slow]" classname="Kubernetes e2e suite" time="0">
          <skipped></skipped>
      </testcase>
      <testcase name="[sig-storage] In-tree Volumes [Driver: azure] [Testpattern: Dynamic PV (default fs)] subPath should support existing single file" classname="Kubernetes e2e suite" time="0">
          <skipped></skipped>
      </testcase>
      <testcase name="[sig-storage] Pod Disks schedule pods each with a PD, delete pod and verify detach [Slow] for read-only PD with pod delete grace period of &#34;immediate (0s)&#34;" classname="Kubernetes e2e suite" time="0">
          <skipped></skipped>
      </testcase>
      <testcase name="[sig-storage] In-tree Volumes [Driver: azure] [Testpattern: Dynamic PV (ext4)] volumes should be mountable" classname="Kubernetes e2e suite" time="0">
          <skipped></skipped>
      </testcase>
      <testcase name="[sig-storage] In-tree Volumes [Driver: gcepd] [Testpattern: Dynamic PV (block volmode)] volumeMode should create sc, pod, pv, and pvc, read/write to the pv, and delete all created resources" classname="Kubernetes e2e suite" time="0">
          <skipped></skipped>
      </testcase>
      <testcase name="[sig-storage] In-tree Volumes [Driver: cinder] [Testpattern: Pre-provisioned PV (default fs)] subPath should support readOnly directory specified in the volumeMount" classname="Kubernetes e2e suite" time="0">
          <skipped></skipped>
      </testcase>
      <testcase name="[sig-scalability] Density [Feature:ManualPerformance] should allow starting 100 pods per node using ReplicationController with 0 secrets, 0 configmaps, 0 token projections, and 0 daemons" classname="Kubernetes e2e suite" time="0">
          <skipped></skipped>
      </testcase>
      <testcase name="[sig-storage] In-tree Volumes [Driver: hostPathSymlink] [Testpattern: Pre-provisioned PV (default fs)] subPath should support readOnly file specified in the volumeMount" classname="Kubernetes e2e suite" time="0">
          <skipped></skipped>
      </testcase>
      <testcase name="[sig-storage] Projected downwardAPI should provide node allocatable (cpu) as default cpu limit if the limit is not set [NodeConformance] [Conformance]" classname="Kubernetes e2e suite" time="8.307903118"></testcase>
      <testcase name="[sig-storage] PersistentVolumes-local  [Volume type: blockfswithformat] Set fsGroup for local volume should set fsGroup for one pod" classname="Kubernetes e2e suite" time="0">
          <skipped></skipped>
      </testcase>
      <testcase name="[sig-storage] Downward API volume should provide container&#39;s cpu request [NodeConformance] [Conformance]" classname="Kubernetes e2e suite" time="8.329910481"></testcase>
      <testcase name="[sig-network] Loadbalancing: L7 GCE [Slow] [Feature:Ingress] should be able to switch between HTTPS and HTTP2 modes" classname="Kubernetes e2e suite" time="0">
          <skipped></skipped>
      </testcase>
      <testcase name="[sig-storage] In-tree Volumes [Driver: hostPath] [Testpattern: Dynamic PV (filesystem volmode)] volumeMode should create sc, pod, pv, and pvc, read/write to the pv, and delete all created resources" classname="Kubernetes e2e suite" time="0">
          <skipped></skipped>
      </testcase>
      <testcase name="[sig-network] NetworkPolicy NetworkPolicy between server and client should enforce policy based on NamespaceSelector [Feature:NetworkPolicy]" classname="Kubernetes e2e suite" time="0">
          <skipped></skipped>
      </testcase>
      <testcase name="[sig-cli] Kubectl client [k8s.io] Simple pod should support port-forward" classname="Kubernetes e2e suite" time="0">
          <skipped></skipped>
      </testcase>
      <testcase name="[k8s.io] [sig-node] RuntimeClass [Feature:RuntimeClass] should reject a Pod requesting a RuntimeClass with an unconfigured handler" classname="Kubernetes e2e suite" time="0">
          <skipped></skipped>
      </testcase>
      <testcase name="[sig-storage] In-tree Volumes [Driver: gcepd] [Testpattern: Pre-provisioned PV (default fs)] subPath should fail if subpath directory is outside the volume [Slow]" classname="Kubernetes e2e suite" time="0">
          <skipped></skipped>
      </testcase>
      <testcase name="[sig-storage] In-tree Volumes [Driver: aws] [Testpattern: Dynamic PV (default fs)] volumeIO should write files of various sizes, verify size, validate content [Slow]" classname="Kubernetes e2e suite" time="0">
          <skipped></skipped>
      </testcase>
      <testcase name="[sig-storage] CSI Volumes [Driver: pd.csi.storage.gke.io][Serial] [Testpattern: Dynamic PV (default fs)] subPath should unmount if pod is force deleted while kubelet is down [Disruptive][Slow]" classname="Kubernetes e2e suite" time="0">
          <skipped></skipped>
      </testcase>
      <testcase name="[sig-network] Loadbalancing: L7 GCE [Slow] [Feature:kubemci] should remove clusters as expected" classname="Kubernetes e2e suite" time="0">
          <skipped></skipped>
      </testcase>
      <testcase name="[sig-api-machinery] Secrets should be consumable via the environment [NodeConformance] [Conformance]" classname="Kubernetes e2e suite" time="8.330545045"></testcase>
      <testcase name="[sig-storage] PersistentVolumes-local  Local volume that cannot be mounted [Slow] should fail due to non-existent path" classname="Kubernetes e2e suite" time="0">
          <skipped></skipped>
      </testcase>
      <testcase name="[sig-storage] In-tree Volumes [Driver: iscsi][Feature:Volumes] [Testpattern: Dynamic PV (default fs)] volumeIO should write files of various sizes, verify size, validate content [Slow]" classname="Kubernetes e2e suite" time="0">
          <skipped></skipped>
      </testcase>
      <testcase name="[sig-scheduling] ResourceQuota should create a ResourceQuota and capture the life of a replica set." classname="Kubernetes e2e suite" time="0">
          <skipped></skipped>
      </testcase>
      <testcase name="[sig-storage] In-tree Volumes [Driver: cinder] [Testpattern: Dynamic PV (default fs)] subPath should fail if subpath file is outside the volume [Slow]" classname="Kubernetes e2e suite" time="0">
          <skipped></skipped>
      </testcase>
      <testcase name="[sig-storage] In-tree Volumes [Driver: gcepd] [Testpattern: Pre-provisioned PV (default fs)] subPath should support non-existent path" classname="Kubernetes e2e suite" time="0">
          <skipped></skipped>
      </testcase>
      <testcase name="[sig-storage] In-tree Volumes [Driver: cinder] [Testpattern: Dynamic PV (default fs)] subPath should support existing directory" classname="Kubernetes e2e suite" time="0">
          <skipped></skipped>
      </testcase>
      <testcase name="[sig-scalability] Density [Feature:Performance] should allow starting 30 pods per node using ReplicationController with 0 secrets, 0 configmaps, 0 token projections, and 0 daemons" classname="Kubernetes e2e suite" time="0">
          <skipped></skipped>
      </testcase>
      <testcase name="[sig-storage] In-tree Volumes [Driver: vSphere] [Testpattern: Inline-volume (xfs)] volumes should be mountable" classname="Kubernetes e2e suite" time="0">
          <skipped></skipped>
      </testcase>
      <testcase name="[sig-storage] In-tree Volumes [Driver: aws] [Testpattern: Pre-provisioned PV (default fs)] subPath should support restarting containers using file as subpath [Slow]" classname="Kubernetes e2e suite" time="0">
          <skipped></skipped>
      </testcase>
      <testcase name="[sig-network] DNS configMap nameserver [IPv4] Forward PTR lookup should forward PTR records lookup to upstream nameserver [Slow][Serial]" classname="Kubernetes e2e suite" time="0">
          <skipped></skipped>
      </testcase>
      <testcase name="[sig-apps] StatefulSet [k8s.io] Basic StatefulSet functionality [StatefulSetBasic] Scaling should happen in predictable order and halt if any stateful pod is unhealthy [Conformance]" classname="Kubernetes e2e suite" time="88.153015644"></testcase>
      <testcase name="[sig-storage] In-tree Volumes [Driver: cinder] [Testpattern: Dynamic PV (default fs)] subPath should support file as subpath" classname="Kubernetes e2e suite" time="0">
          <skipped></skipped>
      </testcase>
      <testcase name="[sig-auth] [Feature:NodeAuthenticator] The kubelet&#39;s main port 10250 should reject requests with no credentials" classname="Kubernetes e2e suite" time="0">
          <skipped></skipped>
      </testcase>
      <testcase name="[sig-storage] In-tree Volumes [Driver: vSphere] [Testpattern: Inline-volume (default fs)] subPath should fail if subpath file is outside the volume [Slow]" classname="Kubernetes e2e suite" time="0">
          <skipped></skipped>
      </testcase>
      <testcase name="[sig-storage] In-tree Volumes [Driver: vSphere] [Testpattern: Inline-volume (default fs)] subPath should support existing directory" classname="Kubernetes e2e suite" time="0">
          <skipped></skipped>
      </testcase>
      <testcase name="[sig-cluster-lifecycle] Reboot [Disruptive] [Feature:Reboot] each node by triggering kernel panic and ensure they function upon restart" classname="Kubernetes e2e suite" time="0">
          <skipped></skipped>
      </testcase>
      <testcase name="[sig-storage] CSI Volumes [Driver: csi-hostpath-v0] [Testpattern: Dynamic PV (block volmode)] volumeMode should fail in binding dynamic provisioned PV to PVC" classname="Kubernetes e2e suite" time="0">
          <skipped></skipped>
      </testcase>
      <testcase name="[sig-storage] CSI Volumes [Driver: csi-hostpath] [Testpattern: Dynamic PV (default fs)] subPath should unmount if pod is force deleted while kubelet is down [Disruptive][Slow]" classname="Kubernetes e2e suite" time="0">
          <skipped></skipped>
      </testcase>
      <testcase name="[sig-storage] In-tree Volumes [Driver: gcepd] [Testpattern: Inline-volume (default fs)] subPath should fail if subpath file is outside the volume [Slow]" classname="Kubernetes e2e suite" time="0">
          <skipped></skipped>
      </testcase>
      <testcase name="[sig-cluster-lifecycle] gpu Upgrade [Feature:GPUUpgrade] cluster downgrade should be able to run gpu pod after downgrade [Feature:GPUClusterDowngrade]" classname="Kubernetes e2e suite" time="0">
          <skipped></skipped>
      </testcase>
      <testcase name="[sig-storage] PersistentVolumes-local  [Volume type: block] Set fsGroup for local volume should not set different fsGroups for two pods simultaneously" classname="Kubernetes e2e suite" time="0">
          <skipped></skipped>
      </testcase>
      <testcase name="[sig-storage] In-tree Volumes [Driver: ceph][Feature:Volumes] [Testpattern: Pre-provisioned PV (default fs)] subPath should unmount if pod is force deleted while kubelet is down [Disruptive][Slow]" classname="Kubernetes e2e suite" time="0">
          <skipped></skipped>
      </testcase>
      <testcase name="[sig-storage] In-tree Volumes [Driver: iscsi][Feature:Volumes] [Testpattern: Dynamic PV (default fs)] subPath should support file as subpath" classname="Kubernetes e2e suite" time="0">
          <skipped></skipped>
      </testcase>
      <testcase name="[sig-storage] In-tree Volumes [Driver: nfs] [Testpattern: Pre-provisioned PV (default fs)] subPath should support existing directories when readOnly specified in the volumeSource" classname="Kubernetes e2e suite" time="0">
          <skipped></skipped>
      </testcase>
      <testcase name="[sig-api-machinery] Garbage collector should keep the rc around until all its pods are deleted if the deleteOptions says so [Conformance]" classname="Kubernetes e2e suite" time="12.391635927"></testcase>
      <testcase name="[sig-storage] In-tree Volumes [Driver: gluster] [Testpattern: Dynamic PV (default fs)] subPath should fail if subpath with backstepping is outside the volume [Slow]" classname="Kubernetes e2e suite" time="0">
          <skipped></skipped>
      </testcase>
      <testcase name="[k8s.io] Docker Containers should be able to override the image&#39;s default command and arguments [NodeConformance] [Conformance]" classname="Kubernetes e2e suite" time="8.438900283"></testcase>
      <testcase name="[sig-cli] Kubectl client [k8s.io] Simple pod should handle in-cluster config" classname="Kubernetes e2e suite" time="0">
          <skipped></skipped>
      </testcase>
      <testcase name="[sig-storage] Volume Provisioning On Clustered Datastore [Feature:vsphere] verify dynamic provision with spbm policy on clustered datastore" classname="Kubernetes e2e suite" time="0">
          <skipped></skipped>
      </testcase>
      <testcase name="[sig-storage] CSI Volumes [Driver: pd.csi.storage.gke.io][Serial] [Testpattern: Dynamic PV (default fs)] subPath should support restarting containers using file as subpath [Slow]" classname="Kubernetes e2e suite" time="0">
          <skipped></skipped>
      </testcase>
      <testcase name="[sig-storage] In-tree Volumes [Driver: azure] [Testpattern: Pre-provisioned PV (xfs)] volumes should be mountable" classname="Kubernetes e2e suite" time="0">
          <skipped></skipped>
      </testcase>
      <testcase name="[sig-storage] In-tree Volumes [Driver: hostPath] [Testpattern: Inline-volume (default fs)] subPath should fail if subpath file is outside the volume [Slow]" classname="Kubernetes e2e suite" time="0">
          <skipped></skipped>
      </testcase>
      <testcase name="[sig-network] Services should be able to change the type from ExternalName to ClusterIP" classname="Kubernetes e2e suite" time="0">
          <skipped></skipped>
      </testcase>
      <testcase name="[sig-storage] ConfigMap should be consumable from pods in volume with mappings and Item mode set [NodeConformance] [Conformance]" classname="Kubernetes e2e suite" time="10.358515145"></testcase>
      <testcase name="[sig-storage] In-tree Volumes [Driver: iscsi][Feature:Volumes] [Testpattern: Inline-volume (default fs)] subPath should fail if subpath directory is outside the volume [Slow]" classname="Kubernetes e2e suite" time="0">
          <skipped></skipped>
      </testcase>
      <testcase name="[sig-storage] In-tree Volumes [Driver: azure] [Testpattern: Pre-provisioned PV (default fs)] subPath should fail if subpath directory is outside the volume [Slow]" classname="Kubernetes e2e suite" time="0">
          <skipped></skipped>
      </testcase>
      <testcase name="[sig-autoscaling] [HPA] Horizontal pod autoscaling (scale resource: CPU) [sig-autoscaling] ReplicationController light Should scale from 2 pods to 1 pod" classname="Kubernetes e2e suite" time="0">
          <skipped></skipped>
      </testcase>
      <testcase name="[sig-storage] In-tree Volumes [Driver: hostPath] [Testpattern: Inline-volume (default fs)] subPath should support readOnly file specified in the volumeMount" classname="Kubernetes e2e suite" time="0">
          <skipped></skipped>
      </testcase>
      <testcase name="[sig-storage] EmptyDir volumes should support (root,0666,default) [NodeConformance] [Conformance]" classname="Kubernetes e2e suite" time="10.373468796"></testcase>
      <testcase name="[sig-storage] In-tree Volumes [Driver: hostPath] [Testpattern: Dynamic PV (default fs)] subPath should support restarting containers using file as subpath [Slow]" classname="Kubernetes e2e suite" time="0">
          <skipped></skipped>
      </testcase>
      <testcase name="[sig-storage] In-tree Volumes [Driver: azure] [Testpattern: Dynamic PV (default fs)] subPath should fail if subpath with backstepping is outside the volume [Slow]" classname="Kubernetes e2e suite" time="0">
          <skipped></skipped>
      </testcase>
      <testcase name="[sig-storage] Volume Placement should create and delete pod with multiple volumes from different datastore" classname="Kubernetes e2e suite" time="0">
          <skipped></skipped>
      </testcase>
      <testcase name="[sig-scheduling] SchedulerPriorities [Serial] Pod should be scheduled to node that don&#39;t match the PodAntiAffinity terms" classname="Kubernetes e2e suite" time="0">
          <skipped></skipped>
      </testcase>
      <testcase name="[sig-apps] CronJob should not emit unexpected warnings" classname="Kubernetes e2e suite" time="0">
          <skipped></skipped>
      </testcase>
      <testcase name="[sig-storage] In-tree Volumes [Driver: rbd][Feature:Volumes] [Testpattern: Dynamic PV (default fs)] subPath should unmount if pod is force deleted while kubelet is down [Disruptive][Slow]" classname="Kubernetes e2e suite" time="0">
          <skipped></skipped>
      </testcase>
      <testcase name="[sig-storage] In-tree Volumes [Driver: gcepd] [Testpattern: Pre-provisioned PV (default fs)] subPath should fail if non-existent subpath is outside the volume [Slow]" classname="Kubernetes e2e suite" time="0">
          <skipped></skipped>
      </testcase>
      <testcase name="[sig-storage] In-tree Volumes [Driver: cinder] [Testpattern: Inline-volume (default fs)] subPath should support restarting containers using directory as subpath [Slow]" classname="Kubernetes e2e suite" time="0">
          <skipped></skipped>
      </testcase>
      <testcase name="[sig-storage] In-tree Volumes [Driver: emptydir] [Testpattern: Dynamic PV (default fs)] subPath should support existing directories when readOnly specified in the volumeSource" classname="Kubernetes e2e suite" time="0">
          <skipped></skipped>
      </testcase>
      <testcase name="[sig-storage] PV Protection Verify &#34;immediate&#34; deletion of a PV that is not bound to a PVC" classname="Kubernetes e2e suite" time="0">
          <skipped></skipped>
      </testcase>
      <testcase name="[sig-storage] In-tree Volumes [Driver: hostPathSymlink] [Testpattern: Dynamic PV (default fs)] subPath should support readOnly directory specified in the volumeMount" classname="Kubernetes e2e suite" time="0">
          <skipped></skipped>
      </testcase>
      <testcase name="[sig-storage] In-tree Volumes [Driver: nfs] [Testpattern: Pre-provisioned PV (xfs)] volumes should be mountable" classname="Kubernetes e2e suite" time="0">
          <skipped></skipped>
      </testcase>
      <testcase name="[sig-storage] In-tree Volumes [Driver: azure] [Testpattern: Dynamic PV (default fs)] subPath should unmount if pod is gracefully deleted while kubelet is down [Disruptive][Slow]" classname="Kubernetes e2e suite" time="0">
          <skipped></skipped>
      </testcase>
      <testcase name="[k8s.io] [sig-node] kubelet [k8s.io] [sig-node] host cleanup with volume mounts [sig-storage][HostCleanup][Flaky] Host cleanup after disrupting NFS volume [NFS] after stopping the nfs-server and deleting the (sleeping) client pod, the NFS mount and the pod&#39;s UID directory should be removed." classname="Kubernetes e2e suite" time="0">
          <skipped></skipped>
      </testcase>
      <testcase name="[sig-storage] In-tree Volumes [Driver: nfs] [Testpattern: Dynamic PV (default fs)] subPath should fail if subpath file is outside the volume [Slow]" classname="Kubernetes e2e suite" time="0">
          <skipped></skipped>
      </testcase>
      <testcase name="[sig-storage] In-tree Volumes [Driver: hostPath] [Testpattern: Inline-volume (default fs)] subPath should support creating multiple subpath from same volumes [Slow]" classname="Kubernetes e2e suite" time="0">
          <skipped></skipped>
      </testcase>
      <testcase name="[k8s.io] [sig-node] Kubelet [Serial] [Slow] [k8s.io] [sig-node] regular resource usage tracking resource tracking for 100 pods per node" classname="Kubernetes e2e suite" time="0">
          <skipped></skipped>
      </testcase>
      <testcase name="[sig-storage] Dynamic Provisioning DynamicProvisioner delayed binding [Slow] should create persistent volumes in the same zone as node after a pod mounting the claims is started" classname="Kubernetes e2e suite" time="0">
          <skipped></skipped>
      </testcase>
      <testcase name="[sig-storage] PersistentVolumes-local  [Volume type: dir] Set fsGroup for local volume should not set different fsGroups for two pods simultaneously" classname="Kubernetes e2e suite" time="0">
          <skipped></skipped>
      </testcase>
      <testcase name="[sig-apps] DisruptionController evictions: maxUnavailable allow single eviction, percentage =&gt; should allow an eviction" classname="Kubernetes e2e suite" time="0">
          <skipped></skipped>
      </testcase>
      <testcase name="[sig-storage] CSI Volumes [Driver: pd.csi.storage.gke.io][Feature: gcePD-external] [Testpattern: Dynamic PV (block volmode)] volumeMode should fail in binding dynamic provisioned PV to PVC" classname="Kubernetes e2e suite" time="0">
          <skipped></skipped>
      </testcase>
      <testcase name="[sig-storage] In-tree Volumes [Driver: iscsi][Feature:Volumes] [Testpattern: Inline-volume (default fs)] subPath should support existing single file" classname="Kubernetes e2e suite" time="0">
          <skipped></skipped>
      </testcase>
      <testcase name="[sig-storage] In-tree Volumes [Driver: hostPathSymlink] [Testpattern: Inline-volume (default fs)] subPath should support non-existent path" classname="Kubernetes e2e suite" time="0">
          <skipped></skipped>
      </testcase>
      <testcase name="[sig-storage] In-tree Volumes [Driver: gluster] [Testpattern: Pre-provisioned PV (default fs)] subPath should fail if subpath with backstepping is outside the volume [Slow]" classname="Kubernetes e2e suite" time="0">
          <skipped></skipped>
      </testcase>
      <testcase name="[sig-storage] In-tree Volumes [Driver: hostPathSymlink] [Testpattern: Inline-volume (default fs)] subPath should support existing single file" classname="Kubernetes e2e suite" time="0">
          <skipped></skipped>
      </testcase>
      <testcase name="[sig-storage] Projected configMap updates should be reflected in volume [NodeConformance] [Conformance]" classname="Kubernetes e2e suite" time="26.350074713"></testcase>
      <testcase name="[sig-api-machinery] Garbage collector should not delete dependents that have both valid owner and owner that&#39;s waiting for dependents to be deleted [Conformance]" classname="Kubernetes e2e suite" time="16.619438514"></testcase>
      <testcase name="[sig-network] NetworkPolicy NetworkPolicy between server and client should support a &#39;default-deny&#39; policy [Feature:NetworkPolicy]" classname="Kubernetes e2e suite" time="0">
          <skipped></skipped>
      </testcase>
      <testcase name="[sig-storage] In-tree Volumes [Driver: aws] [Testpattern: Inline-volume (default fs)] subPath should unmount if pod is force deleted while kubelet is down [Disruptive][Slow]" classname="Kubernetes e2e suite" time="0">
          <skipped></skipped>
      </testcase>
      <testcase name="[sig-storage] In-tree Volumes [Driver: emptydir] [Testpattern: Inline-volume (default fs)] subPath should support existing directories when readOnly specified in the volumeSource" classname="Kubernetes e2e suite" time="0">
          <skipped></skipped>
      </testcase>
      <testcase name="[k8s.io] [sig-node] kubelet [k8s.io] [sig-node] host cleanup with volume mounts [sig-storage][HostCleanup][Flaky] Host cleanup after disrupting NFS volume [NFS] after stopping the nfs-server and deleting the (active) client pod, the NFS mount and the pod&#39;s UID directory should be removed." classname="Kubernetes e2e suite" time="0">
          <skipped></skipped>
      </testcase>
      <testcase name="[sig-storage] In-tree Volumes [Driver: emptydir] [Testpattern: Inline-volume (default fs)] subPath should support existing directory" classname="Kubernetes e2e suite" time="0">
          <skipped></skipped>
      </testcase>
      <testcase name="[sig-apps] StatefulSet [k8s.io] Deploy clustered applications [Feature:StatefulSet] [Slow] should creating a working mysql cluster" classname="Kubernetes e2e suite" time="0">
          <skipped></skipped>
      </testcase>
      <testcase name="[sig-storage] Secrets should be consumable in multiple volumes in a pod [NodeConformance] [Conformance]" classname="Kubernetes e2e suite" time="10.417067883"></testcase>
      <testcase name="[sig-cluster-lifecycle] [Feature:BootstrapTokens] should not delete the token secret when the secret is not expired" classname="Kubernetes e2e suite" time="0">
          <skipped></skipped>
      </testcase>
      <testcase name="[sig-storage] In-tree Volumes [Driver: cinder] [Testpattern: Inline-volume (default fs)] subPath should fail if subpath file is outside the volume [Slow]" classname="Kubernetes e2e suite" time="0">
          <skipped></skipped>
      </testcase>
      <testcase name="[sig-storage] In-tree Volumes [Driver: rbd][Feature:Volumes] [Testpattern: Inline-volume (default fs)] subPath should support creating multiple subpath from same volumes [Slow]" classname="Kubernetes e2e suite" time="0">
          <skipped></skipped>
      </testcase>
      <testcase name="[sig-network] Networking Granular Checks: Services [Slow] should function for client IP based session affinity: udp" classname="Kubernetes e2e suite" time="0">
          <skipped></skipped>
      </testcase>
      <testcase name="[sig-storage] In-tree Volumes [Driver: ceph][Feature:Volumes] [Testpattern: Pre-provisioned PV (default fs)] volumeIO should write files of various sizes, verify size, validate content [Slow]" classname="Kubernetes e2e suite" time="0">
          <skipped></skipped>
      </testcase>
      <testcase name="[sig-storage] In-tree Volumes [Driver: cinder] [Testpattern: Inline-volume (default fs)] subPath should support file as subpath" classname="Kubernetes e2e suite" time="0">
          <skipped></skipped>
      </testcase>
      <testcase name="[sig-apps] CronJob should not schedule new jobs when ForbidConcurrent [Slow]" classname="Kubernetes e2e suite" time="0">
          <skipped></skipped>
      </testcase>
      <testcase name="[sig-autoscaling] Cluster size autoscaling [Slow] shouldn&#39;t scale down when non expendable pod is running [Feature:ClusterSizeAutoscalingScaleDown]" classname="Kubernetes e2e suite" time="0">
          <skipped></skipped>
      </testcase>
      <testcase name="[sig-storage] PersistentVolumes-local  StatefulSet with pod affinity [Slow] should use volumes on one node when pod has affinity" classname="Kubernetes e2e suite" time="0">
          <skipped></skipped>
      </testcase>
      <testcase name="[sig-storage] In-tree Volumes [Driver: nfs] [Testpattern: Pre-provisioned PV (default fs)] subPath should fail if non-existent subpath is outside the volume [Slow]" classname="Kubernetes e2e suite" time="0">
          <skipped></skipped>
      </testcase>
      <testcase name="[sig-cli] Kubectl client [k8s.io] Kubectl run job should create a job from an image when restart is OnFailure  [Conformance]" classname="Kubernetes e2e suite" time="22.611219934"></testcase>
      <testcase name="[sig-storage] In-tree Volumes [Driver: gluster] [Testpattern: Inline-volume (default fs)] subPath should support restarting containers using directory as subpath [Slow]" classname="Kubernetes e2e suite" time="0">
          <skipped></skipped>
      </testcase>
      <testcase name="[sig-storage] In-tree Volumes [Driver: vSphere] [Testpattern: Pre-provisioned PV (default fs)] subPath should support non-existent path" classname="Kubernetes e2e suite" time="0">
          <skipped></skipped>
      </testcase>
      <testcase name="[sig-storage] Volume expand [Slow] Verify if editing PVC allows resize" classname="Kubernetes e2e suite" time="0">
          <skipped></skipped>
      </testcase>
      <testcase name="[sig-storage] In-tree Volumes [Driver: iscsi][Feature:Volumes] [Testpattern: Pre-provisioned PV (default fs)] subPath should support restarting containers using file as subpath [Slow]" classname="Kubernetes e2e suite" time="0">
          <skipped></skipped>
      </testcase>
      <testcase name="[k8s.io] Probing container with readiness probe that fails should never be ready and never restart [NodeConformance] [Conformance]" classname="Kubernetes e2e suite" time="82.28010228"></testcase>
      <testcase name="[sig-storage] Storage Policy Based Volume Provisioning [Feature:vsphere] verify VSAN storage capability with invalid hostFailuresToTolerate value is not honored for dynamically provisioned pvc using storageclass" classname="Kubernetes e2e suite" time="0">
          <skipped></skipped>
      </testcase>
      <testcase name="[sig-storage] CSI Volumes [Driver: csi-hostpath-v0] [Testpattern: Dynamic PV (default fs)] subPath should fail if subpath with backstepping is outside the volume [Slow]" classname="Kubernetes e2e suite" time="0">
          <skipped></skipped>
      </testcase>
      <testcase name="[sig-storage] In-tree Volumes [Driver: aws] [Testpattern: Dynamic PV (default fs)] subPath should support restarting containers using directory as subpath [Slow]" classname="Kubernetes e2e suite" time="0">
          <skipped></skipped>
      </testcase>
      <testcase name="[sig-apps] Deployment RollingUpdateDeployment should delete old pods and create new ones [Conformance]" classname="Kubernetes e2e suite" time="15.325664446"></testcase>
      <testcase name="[sig-storage] In-tree Volumes [Driver: emptydir] [Testpattern: Inline-volume (default fs)] subPath should support readOnly directory specified in the volumeMount" classname="Kubernetes e2e suite" time="0">
          <skipped></skipped>
      </testcase>
      <testcase name="[sig-storage] In-tree Volumes [Driver: hostPath] [Testpattern: Inline-volume (default fs)] volumes should be mountable" classname="Kubernetes e2e suite" time="0">
          <skipped></skipped>
      </testcase>
      <testcase name="[k8s.io] [Feature:Example] [k8s.io] Secret should create a pod that reads a secret" classname="Kubernetes e2e suite" time="0">
          <skipped></skipped>
      </testcase>
      <testcase name="[sig-cli] Kubectl client [k8s.io] Simple pod should support exec" classname="Kubernetes e2e suite" time="0">
          <skipped></skipped>
      </testcase>
      <testcase name="[sig-api-machinery] Garbage collector should delete pods created by rc when not orphaning [Conformance]" classname="Kubernetes e2e suite" time="16.487987259"></testcase>
      <testcase name="[sig-storage] In-tree Volumes [Driver: iscsi][Feature:Volumes] [Testpattern: Pre-provisioned PV (default fs)] volumeIO should write files of various sizes, verify size, validate content [Slow]" classname="Kubernetes e2e suite" time="0">
          <skipped></skipped>
      </testcase>
      <testcase name="[sig-storage] In-tree Volumes [Driver: hostPathSymlink] [Testpattern: Pre-provisioned PV (default fs)] subPath should support restarting containers using file as subpath [Slow]" classname="Kubernetes e2e suite" time="0">
          <skipped></skipped>
      </testcase>
      <testcase name="[sig-storage] Dynamic Provisioning Invalid AWS KMS key should report an error and create no PV" classname="Kubernetes e2e suite" time="0">
          <skipped></skipped>
      </testcase>
      <testcase name="[k8s.io] Pods should support pod readiness gates [NodeFeature:PodReadinessGate]" classname="Kubernetes e2e suite" time="0">
          <skipped></skipped>
      </testcase>
      <testcase name="[sig-storage] Dynamic Provisioning DynamicProvisioner Default should be disabled by changing the default annotation [Serial] [Disruptive]" classname="Kubernetes e2e suite" time="0">
          <skipped></skipped>
      </testcase>
      <testcase name="[sig-storage] Dynamic Provisioning DynamicProvisioner [Slow] should not provision a volume in an unmanaged GCE zone." classname="Kubernetes e2e suite" time="0">
          <skipped></skipped>
      </testcase>
      <testcase name="[sig-storage] In-tree Volumes [Driver: hostPath] [Testpattern: Inline-volume (default fs)] subPath should unmount if pod is gracefully deleted while kubelet is down [Disruptive][Slow]" classname="Kubernetes e2e suite" time="0">
          <skipped></skipped>
      </testcase>
      <testcase name="[sig-storage] CSI Volumes [Driver: pd.csi.storage.gke.io][Feature: gcePD-external] [Testpattern: Dynamic PV (default fs)] volumes should be mountable" classname="Kubernetes e2e suite" time="0">
          <skipped></skipped>
      </testcase>
      <testcase name="[sig-storage] In-tree Volumes [Driver: aws] [Testpattern: Pre-provisioned PV (default fs)] subPath should support file as subpath" classname="Kubernetes e2e suite" time="0">
          <skipped></skipped>
      </testcase>
      <testcase name="[sig-apps] CronJob should schedule multiple jobs concurrently" classname="Kubernetes e2e suite" time="0">
          <skipped></skipped>
      </testcase>
      <testcase name="[sig-apps] Daemon set [Serial] should run and stop complex daemon with node affinity" classname="Kubernetes e2e suite" time="0">
          <skipped></skipped>
      </testcase>
      <testcase name="[sig-storage] In-tree Volumes [Driver: azure] [Testpattern: Inline-volume (default fs)] volumes should be mountable" classname="Kubernetes e2e suite" time="0">
          <skipped></skipped>
      </testcase>
      <testcase name="[sig-storage] PersistentVolumes-local  [Volume type: gce-localssd-scsi-fs] [Serial] Set fsGroup for local volume should set different fsGroup for second pod if first pod is deleted" classname="Kubernetes e2e suite" time="0">
          <skipped></skipped>
      </testcase>
      <testcase name="[sig-storage] In-tree Volumes [Driver: gluster] [Testpattern: Inline-volume (default fs)] subPath should support creating multiple subpath from same volumes [Slow]" classname="Kubernetes e2e suite" time="0">
          <skipped></skipped>
      </testcase>
      <testcase name="[sig-apps] Daemon set [Serial] should retry creating failed daemon pods [Conformance]" classname="Kubernetes e2e suite" time="46.074601897"></testcase>
      <testcase name="[sig-storage] In-tree Volumes [Driver: nfs] [Testpattern: Dynamic PV (default fs)] volumeIO should write files of various sizes, verify size, validate content [Slow]" classname="Kubernetes e2e suite" time="0">
          <skipped></skipped>
      </testcase>
      <testcase name="[sig-cluster-lifecycle] Reboot [Disruptive] [Feature:Reboot] each node by dropping all inbound packets for a while and ensure they function afterwards" classname="Kubernetes e2e suite" time="0">
          <skipped></skipped>
      </testcase>
      <testcase name="[sig-storage] In-tree Volumes [Driver: gcepd] [Testpattern: Pre-provisioned PV (xfs)] volumes should be mountable" classname="Kubernetes e2e suite" time="0">
          <skipped></skipped>
      </testcase>
      <testcase name="[sig-storage] In-tree Volumes [Driver: hostPathSymlink] [Testpattern: Inline-volume (default fs)] subPath should support restarting containers using directory as subpath [Slow]" classname="Kubernetes e2e suite" time="0">
          <skipped></skipped>
      </testcase>
      <testcase name="[sig-storage] In-tree Volumes [Driver: emptydir] [Testpattern: Pre-provisioned PV (default fs)] subPath should support restarting containers using directory as subpath [Slow]" classname="Kubernetes e2e suite" time="0">
          <skipped></skipped>
      </testcase>
      <testcase name="[sig-storage] In-tree Volumes [Driver: hostPathSymlink] [Testpattern: Dynamic PV (default fs)] subPath should fail if subpath file is outside the volume [Slow]" classname="Kubernetes e2e suite" time="0">
          <skipped></skipped>
      </testcase>
      <testcase name="[sig-storage] In-tree Volumes [Driver: azure] [Testpattern: Dynamic PV (default fs)] subPath should support readOnly directory specified in the volumeMount" classname="Kubernetes e2e suite" time="0">
          <skipped></skipped>
      </testcase>
      <testcase name="[sig-storage] CSI Volumes [Driver: pd.csi.storage.gke.io][Feature: gcePD-external] [Testpattern: Dynamic PV (default fs)] subPath should support existing directory" classname="Kubernetes e2e suite" time="0">
          <skipped></skipped>
      </testcase>
      <testcase name="[sig-storage] In-tree Volumes [Driver: vSphere] [Testpattern: Pre-provisioned PV (default fs)] subPath should support existing single file" classname="Kubernetes e2e suite" time="0">
          <skipped></skipped>
      </testcase>
      <testcase name="[sig-storage] In-tree Volumes [Driver: azure] [Testpattern: Dynamic PV (xfs)] volumes should be mountable" classname="Kubernetes e2e suite" time="0">
          <skipped></skipped>
      </testcase>
      <testcase name="[sig-storage] In-tree Volumes [Driver: hostPathSymlink] [Testpattern: Pre-provisioned PV (default fs)] volumeIO should write files of various sizes, verify size, validate content [Slow]" classname="Kubernetes e2e suite" time="0">
          <skipped></skipped>
      </testcase>
      <testcase name="[sig-storage] In-tree Volumes [Driver: cinder] [Testpattern: Pre-provisioned PV (block volmode)] volumeMode should fail to create pod by failing to mount volume" classname="Kubernetes e2e suite" time="0">
          <skipped></skipped>
      </testcase>
      <testcase name="[sig-apps] Job should delete a job" classname="Kubernetes e2e suite" time="0">
          <skipped></skipped>
      </testcase>
      <testcase name="[sig-api-machinery] Servers with support for Table transformation should return a 406 for a backend which does not implement metadata" classname="Kubernetes e2e suite" time="0">
          <skipped></skipped>
      </testcase>
      <testcase name="[sig-storage] CSI Volumes [Driver: csi-hostpath-v0] [Testpattern: Dynamic PV (default fs)] provisioning should provision storage with defaults" classname="Kubernetes e2e suite" time="0">
          <skipped></skipped>
      </testcase>
      <testcase name="[k8s.io] Sysctls [NodeFeature:Sysctls] should not launch unsafe, but not explicitly enabled sysctls on the node" classname="Kubernetes e2e suite" time="0">
          <skipped></skipped>
      </testcase>
      <testcase name="[sig-storage] PVC Protection Verify &#34;immediate&#34; deletion of a PVC that is not in active use by a pod" classname="Kubernetes e2e suite" time="0">
          <skipped></skipped>
      </testcase>
      <testcase name="[sig-storage] In-tree Volumes [Driver: aws] [Testpattern: Dynamic PV (default fs)] subPath should support existing single file" classname="Kubernetes e2e suite" time="0">
          <skipped></skipped>
      </testcase>
      <testcase name="[sig-storage] In-tree Volumes [Driver: azure] [Testpattern: Pre-provisioned PV (filesystem volmode)] volumeMode should create sc, pod, pv, and pvc, read/write to the pv, and delete all created resources" classname="Kubernetes e2e suite" time="0">
          <skipped></skipped>
      </testcase>
      <testcase name="[sig-storage] In-tree Volumes [Driver: iscsi][Feature:Volumes] [Testpattern: Pre-provisioned PV (default fs)] subPath should support creating multiple subpath from same volumes [Slow]" classname="Kubernetes e2e suite" time="0">
          <skipped></skipped>
      </testcase>
      <testcase name="[k8s.io] InitContainer [NodeConformance] should invoke init containers on a RestartNever pod [Conformance]" classname="Kubernetes e2e suite" time="9.797729777"></testcase>
      <testcase name="[sig-storage] In-tree Volumes [Driver: rbd][Feature:Volumes] [Testpattern: Inline-volume (default fs)] subPath should unmount if pod is gracefully deleted while kubelet is down [Disruptive][Slow]" classname="Kubernetes e2e suite" time="0">
          <skipped></skipped>
      </testcase>
      <testcase name="[sig-storage] In-tree Volumes [Driver: hostPathSymlink] [Testpattern: Dynamic PV (default fs)] provisioning should create and delete block persistent volumes" classname="Kubernetes e2e suite" time="0">
          <skipped></skipped>
      </testcase>
      <testcase name="[sig-storage] In-tree Volumes [Driver: emptydir] [Testpattern: Inline-volume (default fs)] subPath should support restarting containers using directory as subpath [Slow]" classname="Kubernetes e2e suite" time="0">
          <skipped></skipped>
      </testcase>
      <testcase name="[sig-storage] Subpath Atomic writer volumes should support subpaths with secret pod [Conformance]" classname="Kubernetes e2e suite" time="30.412550438"></testcase>
      <testcase name="[sig-api-machinery] Watchers should observe an object deletion if it stops meeting the requirements of the selector [Conformance]" classname="Kubernetes e2e suite" time="16.296224064"></testcase>
      <testcase name="[sig-network] Networking Granular Checks: Services [Slow] should function for endpoint-Service: http" classname="Kubernetes e2e suite" time="0">
          <skipped></skipped>
      </testcase>
      <testcase name="[sig-storage] Secrets Should fail non-optional pod creation due to the key in the secret object does not exist [Slow]" classname="Kubernetes e2e suite" time="0">
          <skipped></skipped>
      </testcase>
      <testcase name="[k8s.io] InitContainer [NodeConformance] should not start app containers if init containers fail on a RestartAlways pod [Conformance]" classname="Kubernetes e2e suite" time="64.027074308"></testcase>
      <testcase name="[sig-scheduling] SchedulerPredicates [Serial] validates that NodeSelector is respected if not matching  [Conformance]" classname="Kubernetes e2e suite" time="7.386494641"></testcase>
      <testcase name="[sig-storage] In-tree Volumes [Driver: gluster] [Testpattern: Inline-volume (default fs)] subPath should fail if subpath directory is outside the volume [Slow]" classname="Kubernetes e2e suite" time="0">
          <skipped></skipped>
      </testcase>
      <testcase name="[sig-apps] DisruptionController evictions: too few pods, replicaSet, percentage =&gt; should not allow an eviction" classname="Kubernetes e2e suite" time="0">
          <skipped></skipped>
      </testcase>
      <testcase name="[sig-storage] Pod Disks schedule pods each with a PD, delete pod and verify detach [Slow] for RW PD with pod delete grace period of &#34;default (30s)&#34;" classname="Kubernetes e2e suite" time="0">
          <skipped></skipped>
      </testcase>
      <testcase name="[sig-storage] In-tree Volumes [Driver: hostPathSymlink] [Testpattern: Dynamic PV (default fs)] subPath should unmount if pod is gracefully deleted while kubelet is down [Disruptive][Slow]" classname="Kubernetes e2e suite" time="0">
          <skipped></skipped>
      </testcase>
      <testcase name="[k8s.io] GKE node pools [Feature:GKENodePool] should create a cluster with multiple node pools [Feature:GKENodePool]" classname="Kubernetes e2e suite" time="0">
          <skipped></skipped>
      </testcase>
      <testcase name="[sig-storage] In-tree Volumes [Driver: gluster] [Testpattern: Dynamic PV (default fs)] subPath should support readOnly directory specified in the volumeMount" classname="Kubernetes e2e suite" time="0">
          <skipped></skipped>
      </testcase>
      <testcase name="[sig-storage] In-tree Volumes [Driver: azure] [Testpattern: Dynamic PV (default fs)] volumeIO should write files of various sizes, verify size, validate content [Slow]" classname="Kubernetes e2e suite" time="0">
          <skipped></skipped>
      </testcase>
      <testcase name="[k8s.io] Sysctls [NodeFeature:Sysctls] should reject invalid sysctls" classname="Kubernetes e2e suite" time="0">
          <skipped></skipped>
      </testcase>
      <testcase name="[sig-scheduling] TaintBasedEvictions [Serial] Checks that the node becomes unreachable" classname="Kubernetes e2e suite" time="0">
          <skipped></skipped>
      </testcase>
      <testcase name="[sig-storage] In-tree Volumes [Driver: aws] [Testpattern: Pre-provisioned PV (default fs)] subPath should fail if non-existent subpath is outside the volume [Slow]" classname="Kubernetes e2e suite" time="0">
          <skipped></skipped>
      </testcase>
      <testcase name="[sig-storage] PersistentVolumes:vsphere should test that a vspehre volume mounted to a pod that is deleted while the kubelet is down unmounts when the kubelet returns [Disruptive]" classname="Kubernetes e2e suite" time="0">
          <skipped></skipped>
      </testcase>
      <testcase name="[sig-storage] In-tree Volumes [Driver: rbd][Feature:Volumes] [Testpattern: Pre-provisioned PV (default fs)] subPath should support readOnly directory specified in the volumeMount" classname="Kubernetes e2e suite" time="0">
          <skipped></skipped>
      </testcase>
      <testcase name="[sig-auth] ServiceAccounts should mount an API token into pods  [Conformance]" classname="Kubernetes e2e suite" time="18.964030409"></testcase>
      <testcase name="[sig-storage] CSI Volumes [Driver: csi-hostpath-v0] [Testpattern: Dynamic PV (default fs)] subPath should fail if non-existent subpath is outside the volume [Slow]" classname="Kubernetes e2e suite" time="0">
          <skipped></skipped>
      </testcase>
      <testcase name="[sig-storage] In-tree Volumes [Driver: rbd][Feature:Volumes] [Testpattern: Pre-provisioned PV (default fs)] volumes should be mountable" classname="Kubernetes e2e suite" time="0">
          <skipped></skipped>
      </testcase>
      <testcase name="[sig-storage] CSI Volumes [Driver: csi-hostpath] [Testpattern: Dynamic PV (xfs)] volumes should be mountable" classname="Kubernetes e2e suite" time="0">
          <skipped></skipped>
      </testcase>
      <testcase name="[sig-storage] In-tree Volumes [Driver: hostPathSymlink] [Testpattern: Pre-provisioned PV (ext3)] volumes should be mountable" classname="Kubernetes e2e suite" time="0">
          <skipped></skipped>
      </testcase>
      <testcase name="[sig-storage] In-tree Volumes [Driver: azure] [Testpattern: Inline-volume (default fs)] subPath should support existing directory" classname="Kubernetes e2e suite" time="0">
          <skipped></skipped>
      </testcase>
      <testcase name="[sig-storage] Projected secret should be able to mount in a volume regardless of a different secret existing with same name in different namespace [NodeConformance]" classname="Kubernetes e2e suite" time="0">
          <skipped></skipped>
      </testcase>
      <testcase name="[sig-network] Networking Granular Checks: Pods should function for node-pod communication: udp [NodeConformance] [Conformance]" classname="Kubernetes e2e suite" time="43.446620136"></testcase>
      <testcase name="[sig-storage] Verify Volume Attach Through vpxd Restart [Feature:vsphere][Serial][Disruptive] verify volume remains attached through vpxd restart" classname="Kubernetes e2e suite" time="0">
          <skipped></skipped>
      </testcase>
      <testcase name="[sig-api-machinery] AdmissionWebhook Should be able to deny custom resource creation" classname="Kubernetes e2e suite" time="0">
          <skipped></skipped>
      </testcase>
      <testcase name="[sig-storage] In-tree Volumes [Driver: hostPathSymlink] [Testpattern: Dynamic PV (default fs)] volumes should be mountable" classname="Kubernetes e2e suite" time="0">
          <skipped></skipped>
      </testcase>
      <testcase name="[sig-storage] In-tree Volumes [Driver: ceph][Feature:Volumes] [Testpattern: Pre-provisioned PV (default fs)] subPath should support file as subpath" classname="Kubernetes e2e suite" time="0">
          <skipped></skipped>
      </testcase>
      <testcase name="[sig-storage] In-tree Volumes [Driver: hostPathSymlink] [Testpattern: Pre-provisioned PV (default fs)] subPath should support restarting containers using directory as subpath [Slow]" classname="Kubernetes e2e suite" time="0">
          <skipped></skipped>
      </testcase>
      <testcase name="[sig-storage] In-tree Volumes [Driver: nfs] [Testpattern: Pre-provisioned PV (default fs)] subPath should fail if subpath directory is outside the volume [Slow]" classname="Kubernetes e2e suite" time="0">
          <skipped></skipped>
      </testcase>
      <testcase name="[sig-storage] In-tree Volumes [Driver: iscsi][Feature:Volumes] [Testpattern: Inline-volume (default fs)] subPath should support creating multiple subpath from same volumes [Slow]" classname="Kubernetes e2e suite" time="0">
          <skipped></skipped>
      </testcase>
      <testcase name="[sig-storage] In-tree Volumes [Driver: gcepd] [Testpattern: Dynamic PV (default fs)] subPath should support readOnly file specified in the volumeMount" classname="Kubernetes e2e suite" time="0">
          <skipped></skipped>
      </testcase>
      <testcase name="[sig-autoscaling] Cluster size autoscaling [Slow] Should scale up GPU pool from 1 [GpuType:] [Feature:ClusterSizeAutoscalingGpu]" classname="Kubernetes e2e suite" time="0">
          <skipped></skipped>
      </testcase>
      <testcase name="[sig-storage] PersistentVolumes-local  [Volume type: blockfswithoutformat] Set fsGroup for local volume should set different fsGroup for second pod if first pod is deleted" classname="Kubernetes e2e suite" time="0">
          <skipped></skipped>
      </testcase>
      <testcase name="[sig-storage] In-tree Volumes [Driver: gcepd] [Testpattern: Dynamic PV (xfs)] volumes should be mountable" classname="Kubernetes e2e suite" time="0">
          <skipped></skipped>
      </testcase>
      <testcase name="[sig-storage] In-tree Volumes [Driver: azure] [Testpattern: Pre-provisioned PV (default fs)] subPath should support readOnly file specified in the volumeMount" classname="Kubernetes e2e suite" time="0">
          <skipped></skipped>
      </testcase>
      <testcase name="[sig-api-machinery] Etcd failure [Disruptive] should recover from SIGKILL" classname="Kubernetes e2e suite" time="0">
          <skipped></skipped>
      </testcase>
      <testcase name="[sig-storage] In-tree Volumes [Driver: cinder] [Testpattern: Dynamic PV (default fs)] subPath should support existing single file" classname="Kubernetes e2e suite" time="0">
          <skipped></skipped>
      </testcase>
      <testcase name="[sig-storage] CSI Volumes [Driver: pd.csi.storage.gke.io][Serial] [Testpattern: Dynamic PV (default fs)] subPath should support non-existent path" classname="Kubernetes e2e suite" time="0">
          <skipped></skipped>
      </testcase>
      <testcase name="[sig-storage] In-tree Volumes [Driver: hostPath] [Testpattern: Dynamic PV (default fs)] subPath should fail if subpath file is outside the volume [Slow]" classname="Kubernetes e2e suite" time="0">
          <skipped></skipped>
      </testcase>
      <testcase name="[k8s.io] Container Runtime blackbox test when running a container with a new image should be able to pull image from docker hub [NodeConformance]" classname="Kubernetes e2e suite" time="0">
          <skipped></skipped>
      </testcase>
      <testcase name="[sig-apps] Deployment iterative rollouts should eventually progress" classname="Kubernetes e2e suite" time="0">
          <skipped></skipped>
      </testcase>
      <testcase name="[sig-storage] In-tree Volumes [Driver: cinder] [Testpattern: Inline-volume (default fs)] subPath should support non-existent path" classname="Kubernetes e2e suite" time="0">
          <skipped></skipped>
      </testcase>
      <testcase name="[sig-storage] In-tree Volumes [Driver: aws] [Testpattern: Pre-provisioned PV (ext4)] volumes should be mountable" classname="Kubernetes e2e suite" time="0">
          <skipped></skipped>
      </testcase>
      <testcase name="[sig-storage] In-tree Volumes [Driver: cinder] [Testpattern: Pre-provisioned PV (filesystem volmode)] volumeMode should create sc, pod, pv, and pvc, read/write to the pv, and delete all created resources" classname="Kubernetes e2e suite" time="0">
          <skipped></skipped>
      </testcase>
      <testcase name="[sig-storage] In-tree Volumes [Driver: cinder] [Testpattern: Pre-provisioned PV (default fs)] subPath should fail if subpath with backstepping is outside the volume [Slow]" classname="Kubernetes e2e suite" time="0">
          <skipped></skipped>
      </testcase>
      <testcase name="[sig-api-machinery] CustomResourceDefinition Watch CustomResourceDefinition Watch watch on custom resource definition objects" classname="Kubernetes e2e suite" time="0">
          <skipped></skipped>
      </testcase>
      <testcase name="[sig-cli] Kubectl client [k8s.io] Kubectl logs should be able to retrieve and filter logs  [Conformance]" classname="Kubernetes e2e suite" time="12.038254769"></testcase>
      <testcase name="[sig-storage] In-tree Volumes [Driver: cinder] [Testpattern: Dynamic PV (default fs)] subPath should unmount if pod is force deleted while kubelet is down [Disruptive][Slow]" classname="Kubernetes e2e suite" time="0">
          <skipped></skipped>
      </testcase>
      <testcase name="[k8s.io] GKE local SSD [Feature:GKELocalSSD] should write and read from node local SSD [Feature:GKELocalSSD]" classname="Kubernetes e2e suite" time="0">
          <skipped></skipped>
      </testcase>
      <testcase name="[sig-storage] In-tree Volumes [Driver: iscsi][Feature:Volumes] [Testpattern: Dynamic PV (default fs)] subPath should support existing single file" classname="Kubernetes e2e suite" time="0">
          <skipped></skipped>
      </testcase>
      <testcase name="[sig-storage] In-tree Volumes [Driver: iscsi][Feature:Volumes] [Testpattern: Pre-provisioned PV (default fs)] subPath should fail if subpath file is outside the volume [Slow]" classname="Kubernetes e2e suite" time="0">
          <skipped></skipped>
      </testcase>
      <testcase name="[sig-storage] [Serial] Volume metrics should create metrics for total number of volumes in A/D Controller" classname="Kubernetes e2e suite" time="0">
          <skipped></skipped>
      </testcase>
      <testcase name="[sig-api-machinery] Initializers [Feature:Initializers] don&#39;t cause replicaset controller creating extra pods if the initializer is not handled [Serial]" classname="Kubernetes e2e suite" time="0">
          <skipped></skipped>
      </testcase>
      <testcase name="[sig-storage] In-tree Volumes [Driver: gcepd] [Testpattern: Dynamic PV (default fs)] subPath should support restarting containers using directory as subpath [Slow]" classname="Kubernetes e2e suite" time="0">
          <skipped></skipped>
      </testcase>
      <testcase name="[sig-storage] CSI Volumes [Driver: csi-hostpath-v0] [Testpattern: Dynamic PV (default fs)] subPath should fail if subpath file is outside the volume [Slow]" classname="Kubernetes e2e suite" time="0">
          <skipped></skipped>
      </testcase>
      <testcase name="[sig-storage] Pod Disks schedule a pod w/ RW PD(s) mounted to 1 or more containers, write to PD, verify content, delete pod, and repeat in rapid succession [Slow] using 1 containers and 2 PDs" classname="Kubernetes e2e suite" time="0">
          <skipped></skipped>
      </testcase>
      <testcase name="[sig-scheduling] NoExecuteTaintManager Single Pod [Serial] removing taint cancels eviction" classname="Kubernetes e2e suite" time="0">
          <skipped></skipped>
      </testcase>
      <testcase name="[sig-cluster-lifecycle] Downgrade [Feature:Downgrade] cluster downgrade should maintain a functioning cluster [Feature:ClusterDowngrade]" classname="Kubernetes e2e suite" time="0">
          <skipped></skipped>
      </testcase>
      <testcase name="[sig-storage] In-tree Volumes [Driver: nfs] [Testpattern: Dynamic PV (ext3)] volumes should be mountable" classname="Kubernetes e2e suite" time="0">
          <skipped></skipped>
      </testcase>
      <testcase name="[sig-storage] In-tree Volumes [Driver: vSphere] [Testpattern: Inline-volume (default fs)] subPath should support non-existent path" classname="Kubernetes e2e suite" time="0">
          <skipped></skipped>
      </testcase>
      <testcase name="[sig-storage] Regional PD RegionalPD should provision storage in the allowedTopologies [Slow]" classname="Kubernetes e2e suite" time="0">
          <skipped></skipped>
      </testcase>
      <testcase name="[sig-storage] In-tree Volumes [Driver: emptydir] [Testpattern: Inline-volume (default fs)] subPath should fail if subpath with backstepping is outside the volume [Slow]" classname="Kubernetes e2e suite" time="0">
          <skipped></skipped>
      </testcase>
      <testcase name="[sig-storage] PersistentVolumes-local  [Volume type: dir-link] Set fsGroup for local volume should set different fsGroup for second pod if first pod is deleted" classname="Kubernetes e2e suite" time="0">
          <skipped></skipped>
      </testcase>
      <testcase name="[sig-apps] CronJob should not schedule jobs when suspended [Slow]" classname="Kubernetes e2e suite" time="0">
          <skipped></skipped>
      </testcase>
      <testcase name="[sig-api-machinery] Initializers [Feature:Initializers] will be set to nil if a patch removes the last pending initializer" classname="Kubernetes e2e suite" time="0">
          <skipped></skipped>
      </testcase>
      <testcase name="[sig-storage] In-tree Volumes [Driver: cinder] [Testpattern: Inline-volume (ext4)] volumes should be mountable" classname="Kubernetes e2e suite" time="0">
          <skipped></skipped>
      </testcase>
      <testcase name="[sig-storage] PersistentVolumes-local  [Volume type: blockfswithformat] Two pods mounting a local volume at the same time should be able to write from pod1 and read from pod2" classname="Kubernetes e2e suite" time="0">
          <skipped></skipped>
      </testcase>
      <testcase name="[sig-autoscaling] Cluster size autoscaling [Slow] should increase cluster size if pod requesting volume is pending [Feature:ClusterSizeAutoscalingScaleUp]" classname="Kubernetes e2e suite" time="0">
          <skipped></skipped>
      </testcase>
      <testcase name="[sig-storage] In-tree Volumes [Driver: nfs] [Testpattern: Pre-provisioned PV (default fs)] subPath should support file as subpath" classname="Kubernetes e2e suite" time="0">
          <skipped></skipped>
      </testcase>
      <testcase name="[sig-storage] In-tree Volumes [Driver: azure] [Testpattern: Inline-volume (xfs)] volumes should be mountable" classname="Kubernetes e2e suite" time="0">
          <skipped></skipped>
      </testcase>
      <testcase name="[sig-storage] In-tree Volumes [Driver: emptydir] [Testpattern: Inline-volume (default fs)] subPath should support readOnly file specified in the volumeMount" classname="Kubernetes e2e suite" time="0">
          <skipped></skipped>
      </testcase>
      <testcase name="[sig-storage] In-tree Volumes [Driver: emptydir] [Testpattern: Pre-provisioned PV (default fs)] subPath should support readOnly file specified in the volumeMount" classname="Kubernetes e2e suite" time="0">
          <skipped></skipped>
      </testcase>
      <testcase name="[sig-apps] ReplicationController should surface a failure condition on a common issue like exceeded quota" classname="Kubernetes e2e suite" time="0">
          <skipped></skipped>
      </testcase>
      <testcase name="[sig-apps] Deployment deployment should support rollback" classname="Kubernetes e2e suite" time="0">
          <skipped></skipped>
      </testcase>
      <testcase name="[sig-storage] In-tree Volumes [Driver: rbd][Feature:Volumes] [Testpattern: Dynamic PV (default fs)] subPath should fail if subpath with backstepping is outside the volume [Slow]" classname="Kubernetes e2e suite" time="0">
          <skipped></skipped>
      </testcase>
      <testcase name="[sig-storage] CSI Volumes [Driver: pd.csi.storage.gke.io][Serial] [Testpattern: Dynamic PV (default fs)] subPath should support restarting containers using directory as subpath [Slow]" classname="Kubernetes e2e suite" time="0">
          <skipped></skipped>
      </testcase>
      <testcase name="[sig-cluster-lifecycle] Reboot [Disruptive] [Feature:Reboot] each node by ordering clean reboot and ensure they function upon restart" classname="Kubernetes e2e suite" time="0">
          <skipped></skipped>
      </testcase>
      <testcase name="[sig-storage] In-tree Volumes [Driver: rbd][Feature:Volumes] [Testpattern: Pre-provisioned PV (ext3)] volumes should be mountable" classname="Kubernetes e2e suite" time="0">
          <skipped></skipped>
      </testcase>
      <testcase name="[sig-storage] In-tree Volumes [Driver: iscsi][Feature:Volumes] [Testpattern: Pre-provisioned PV (default fs)] subPath should support readOnly file specified in the volumeMount" classname="Kubernetes e2e suite" time="0">
          <skipped></skipped>
      </testcase>
      <testcase name="[sig-storage] In-tree Volumes [Driver: emptydir] [Testpattern: Dynamic PV (filesystem volmode)] volumeMode should create sc, pod, pv, and pvc, read/write to the pv, and delete all created resources" classname="Kubernetes e2e suite" time="0">
          <skipped></skipped>
      </testcase>
      <testcase name="[sig-apps] ReplicationController should serve a basic image on each replica with a public image  [Conformance]" classname="Kubernetes e2e suite" time="16.319768042"></testcase>
      <testcase name="[k8s.io] [sig-node] RuntimeClass [Feature:RuntimeClass] should run a Pod requesting a RuntimeClass with an empty handler" classname="Kubernetes e2e suite" time="0">
          <skipped></skipped>
      </testcase>
      <testcase name="[sig-storage] In-tree Volumes [Driver: nfs] [Testpattern: Pre-provisioned PV (default fs)] subPath should fail if subpath with backstepping is outside the volume [Slow]" classname="Kubernetes e2e suite" time="0">
          <skipped></skipped>
      </testcase>
      <testcase name="[sig-storage] PersistentVolumes-local  [Volume type: dir] Set fsGroup for local volume should set same fsGroup for two pods simultaneously" classname="Kubernetes e2e suite" time="0">
          <skipped></skipped>
      </testcase>
      <testcase name="[sig-storage] In-tree Volumes [Driver: rbd][Feature:Volumes] [Testpattern: Dynamic PV (block volmode)] volumeMode should create sc, pod, pv, and pvc, read/write to the pv, and delete all created resources" classname="Kubernetes e2e suite" time="0">
          <skipped></skipped>
      </testcase>
      <testcase name="[sig-storage] In-tree Volumes [Driver: iscsi][Feature:Volumes] [Testpattern: Dynamic PV (default fs)] provisioning should create and delete block persistent volumes" classname="Kubernetes e2e suite" time="0">
          <skipped></skipped>
      </testcase>
      <testcase name="[sig-cli] Kubectl Port forwarding [k8s.io] With a server listening on 0.0.0.0 should support forwarding over websockets" classname="Kubernetes e2e suite" time="0">
          <skipped></skipped>
      </testcase>
      <testcase name="[sig-storage] CSI Volumes [Driver: csi-hostpath] [Testpattern: Dynamic PV (default fs)] subPath should support restarting containers using directory as subpath [Slow]" classname="Kubernetes e2e suite" time="0">
          <skipped></skipped>
      </testcase>
      <testcase name="[sig-storage] ConfigMap optional updates should be reflected in volume [NodeConformance] [Conformance]" classname="Kubernetes e2e suite" time="30.421165587"></testcase>
      <testcase name="[k8s.io] [sig-node] Security Context [Feature:SecurityContext] should support pod.Spec.SecurityContext.RunAsUser And pod.Spec.SecurityContext.RunAsGroup [Feature:RunAsGroup]" classname="Kubernetes e2e suite" time="0">
          <skipped></skipped>
      </testcase>
      <testcase name="[sig-cli] Kubectl client [k8s.io] Kubectl create quota should create a quota with scopes" classname="Kubernetes e2e suite" time="0">
          <skipped></skipped>
      </testcase>
      <testcase name="[sig-storage] In-tree Volumes [Driver: emptydir] [Testpattern: Pre-provisioned PV (default fs)] subPath should support existing directory" classname="Kubernetes e2e suite" time="0">
          <skipped></skipped>
      </testcase>
      <testcase name="[sig-storage] In-tree Volumes [Driver: aws] [Testpattern: Pre-provisioned PV (block volmode)] volumeMode should create sc, pod, pv, and pvc, read/write to the pv, and delete all created resources" classname="Kubernetes e2e suite" time="0">
          <skipped></skipped>
      </testcase>
      <testcase name="[sig-storage] EmptyDir volumes volume on tmpfs should have the correct mode [NodeConformance] [Conformance]" classname="Kubernetes e2e suite" time="10.361203747"></testcase>
      <testcase name="[sig-storage] In-tree Volumes [Driver: ceph][Feature:Volumes] [Testpattern: Dynamic PV (filesystem volmode)] volumeMode should create sc, pod, pv, and pvc, read/write to the pv, and delete all created resources" classname="Kubernetes e2e suite" time="0">
          <skipped></skipped>
      </testcase>
      <testcase name="[sig-apps] Deployment RecreateDeployment should delete old pods and create new ones [Conformance]" classname="Kubernetes e2e suite" time="8.386737602"></testcase>
      <testcase name="[sig-storage] In-tree Volumes [Driver: hostPath] [Testpattern: Dynamic PV (default fs)] subPath should support file as subpath" classname="Kubernetes e2e suite" time="0">
          <skipped></skipped>
      </testcase>
      <testcase name="[sig-cluster-lifecycle] [Feature:NodeLease][NodeAlphaFeature:NodeLease][Disruptive] NodeLease deletion node lease should be deleted when corresponding node is deleted" classname="Kubernetes e2e suite" time="0">
          <skipped></skipped>
      </testcase>
      <testcase name="[sig-storage] In-tree Volumes [Driver: gluster] [Testpattern: Pre-provisioned PV (default fs)] subPath should unmount if pod is force deleted while kubelet is down [Disruptive][Slow]" classname="Kubernetes e2e suite" time="0">
          <skipped></skipped>
      </testcase>
      <testcase name="[sig-storage] In-tree Volumes [Driver: gluster] [Testpattern: Dynamic PV (default fs)] provisioning should provision storage with defaults" classname="Kubernetes e2e suite" time="0">
          <skipped></skipped>
      </testcase>
      <testcase name="[sig-scheduling] ResourceQuota should create a ResourceQuota and capture the life of a service." classname="Kubernetes e2e suite" time="0">
          <skipped></skipped>
      </testcase>
      <testcase name="[sig-storage] In-tree Volumes [Driver: rbd][Feature:Volumes] [Testpattern: Dynamic PV (ext4)] volumes should be mountable" classname="Kubernetes e2e suite" time="0">
          <skipped></skipped>
      </testcase>
      <testcase name="[sig-storage] In-tree Volumes [Driver: aws] [Testpattern: Dynamic PV (default fs)] provisioning should provision storage with defaults" classname="Kubernetes e2e suite" time="0">
          <skipped></skipped>
      </testcase>
      <testcase name="[sig-network] Loadbalancing: L7 GCE [Slow] [Feature:kubemci] should create ingress with backend HTTPS" classname="Kubernetes e2e suite" time="0">
          <skipped></skipped>
      </testcase>
      <testcase name="[sig-storage] In-tree Volumes [Driver: gluster] [Testpattern: Dynamic PV (default fs)] provisioning should provision storage with mount options" classname="Kubernetes e2e suite" time="0">
          <skipped></skipped>
      </testcase>
      <testcase name="[sig-storage] vcp-performance [Feature:vsphere] vcp performance tests" classname="Kubernetes e2e suite" time="0">
          <skipped></skipped>
      </testcase>
      <testcase name="[sig-autoscaling] Cluster size autoscaling [Slow] Should scale down GPU pool from 1 [GpuType:] [Feature:ClusterSizeAutoscalingGpu]" classname="Kubernetes e2e suite" time="0">
          <skipped></skipped>
      </testcase>
      <testcase name="[sig-storage] In-tree Volumes [Driver: emptydir] [Testpattern: Inline-volume (default fs)] subPath should unmount if pod is gracefully deleted while kubelet is down [Disruptive][Slow]" classname="Kubernetes e2e suite" time="0">
          <skipped></skipped>
      </testcase>
      <testcase name="[sig-scheduling] NoExecuteTaintManager Multiple Pods [Serial] only evicts pods without tolerations from tainted nodes" classname="Kubernetes e2e suite" time="0">
          <skipped></skipped>
      </testcase>
      <testcase name="[sig-storage] In-tree Volumes [Driver: hostPathSymlink] [Testpattern: Dynamic PV (xfs)] volumes should be mountable" classname="Kubernetes e2e suite" time="0">
          <skipped></skipped>
      </testcase>
      <testcase name="[sig-storage] In-tree Volumes [Driver: rbd][Feature:Volumes] [Testpattern: Inline-volume (default fs)] subPath should support existing directory" classname="Kubernetes e2e suite" time="0">
          <skipped></skipped>
      </testcase>
      <testcase name="[sig-storage] PersistentVolumes-local  Local volume that cannot be mounted [Slow] should fail due to wrong node" classname="Kubernetes e2e suite" time="0">
          <skipped></skipped>
      </testcase>
      <testcase name="[sig-storage] [Serial] Volume metrics PVController should create unbound pvc count metrics for pvc controller after creating pvc only" classname="Kubernetes e2e suite" time="0">
          <skipped></skipped>
      </testcase>
      <testcase name="[sig-storage] In-tree Volumes [Driver: hostPathSymlink] [Testpattern: Pre-provisioned PV (default fs)] subPath should support file as subpath" classname="Kubernetes e2e suite" time="0">
          <skipped></skipped>
      </testcase>
      <testcase name="[sig-storage] Storage Policy Based Volume Provisioning [Feature:vsphere] verify VSAN storage capability with valid hostFailuresToTolerate and cacheReservation values is honored for dynamically provisioned pvc using storageclass" classname="Kubernetes e2e suite" time="0">
          <skipped></skipped>
      </testcase>
      <testcase name="[sig-storage] Projected configMap should be consumable from pods in volume as non-root with FSGroup [NodeFeature:FSGroup]" classname="Kubernetes e2e suite" time="0">
          <skipped></skipped>
      </testcase>
      <testcase name="[sig-storage] In-tree Volumes [Driver: hostPathSymlink] [Testpattern: Pre-provisioned PV (default fs)] subPath should fail if subpath directory is outside the volume [Slow]" classname="Kubernetes e2e suite" time="0">
          <skipped></skipped>
      </testcase>
      <testcase name="[sig-storage] In-tree Volumes [Driver: azure] [Testpattern: Dynamic PV (default fs)] subPath should support existing directories when readOnly specified in the volumeSource" classname="Kubernetes e2e suite" time="0">
          <skipped></skipped>
      </testcase>
      <testcase name="[sig-storage] CSI Volumes [Driver: pd.csi.storage.gke.io][Serial] [Testpattern: Dynamic PV (xfs)] volumes should be mountable" classname="Kubernetes e2e suite" time="0">
          <skipped></skipped>
      </testcase>
      <testcase name="[sig-storage] NFSPersistentVolumes[Disruptive][Flaky] when kubelet restarts Should test that a file written to the mount before kubelet restart is readable after restart." classname="Kubernetes e2e suite" time="0">
          <skipped></skipped>
      </testcase>
      <testcase name="[sig-storage] In-tree Volumes [Driver: cinder] [Testpattern: Pre-provisioned PV (default fs)] subPath should unmount if pod is force deleted while kubelet is down [Disruptive][Slow]" classname="Kubernetes e2e suite" time="0">
          <skipped></skipped>
      </testcase>
      <testcase name="[sig-storage] In-tree Volumes [Driver: hostPathSymlink] [Testpattern: Inline-volume (ext3)] volumes should be mountable" classname="Kubernetes e2e suite" time="0">
          <skipped></skipped>
      </testcase>
      <testcase name="[sig-storage] CSI Volumes [Driver: pd.csi.storage.gke.io][Serial] [Testpattern: Dynamic PV (default fs)] subPath should support creating multiple subpath from same volumes [Slow]" classname="Kubernetes e2e suite" time="0">
          <skipped></skipped>
      </testcase>
      <testcase name="[sig-apps] Deployment deployment reaping should cascade to its replica sets and pods" classname="Kubernetes e2e suite" time="0">
          <skipped></skipped>
      </testcase>
      <testcase name="[sig-cluster-lifecycle] [Feature:BootstrapTokens] should delete the signed bootstrap tokens from clusterInfo ConfigMap when bootstrap token is deleted" classname="Kubernetes e2e suite" time="0">
          <skipped></skipped>
      </testcase>
      <testcase name="[sig-storage] In-tree Volumes [Driver: emptydir] [Testpattern: Dynamic PV (ext3)] volumes should be mountable" classname="Kubernetes e2e suite" time="0">
          <skipped></skipped>
      </testcase>
      <testcase name="[sig-api-machinery] AdmissionWebhook Should mutate custom resource" classname="Kubernetes e2e suite" time="0">
          <skipped></skipped>
      </testcase>
      <testcase name="[sig-storage] PersistentVolumes-local  [Volume type: blockfswithoutformat] One pod requesting one prebound PVC should be able to mount volume and write from pod1" classname="Kubernetes e2e suite" time="0">
          <skipped></skipped>
      </testcase>
      <testcase name="[sig-storage] In-tree Volumes [Driver: hostPathSymlink] [Testpattern: Pre-provisioned PV (xfs)] volumes should be mountable" classname="Kubernetes e2e suite" time="0">
          <skipped></skipped>
      </testcase>
      <testcase name="[sig-instrumentation] Cluster level logging implemented by Stackdriver [Feature:StackdriverLogging] [Soak] should ingest logs from applications running for a prolonged amount of time" classname="Kubernetes e2e suite" time="0">
          <skipped></skipped>
      </testcase>
      <testcase name="[sig-apps] Job should run a job to completion when tasks sometimes fail and are not locally restarted" classname="Kubernetes e2e suite" time="0">
          <skipped></skipped>
      </testcase>
      <testcase name="[sig-storage] In-tree Volumes [Driver: aws] [Testpattern: Dynamic PV (default fs)] subPath should support creating multiple subpath from same volumes [Slow]" classname="Kubernetes e2e suite" time="0">
          <skipped></skipped>
      </testcase>
      <testcase name="[sig-storage] In-tree Volumes [Driver: iscsi][Feature:Volumes] [Testpattern: Dynamic PV (default fs)] subPath should support existing directories when readOnly specified in the volumeSource" classname="Kubernetes e2e suite" time="0">
          <skipped></skipped>
      </testcase>
      <testcase name="[sig-storage] In-tree Volumes [Driver: aws] [Testpattern: Pre-provisioned PV (default fs)] subPath should fail if subpath with backstepping is outside the volume [Slow]" classname="Kubernetes e2e suite" time="0">
          <skipped></skipped>
      </testcase>
      <testcase name="[sig-storage] In-tree Volumes [Driver: aws] [Testpattern: Inline-volume (default fs)] subPath should fail if subpath directory is outside the volume [Slow]" classname="Kubernetes e2e suite" time="0">
          <skipped></skipped>
      </testcase>
      <testcase name="[sig-cli] Kubectl client [k8s.io] Kubectl cluster-info should check if Kubernetes master services is included in cluster-info  [Conformance]" classname="Kubernetes e2e suite" time="6.394469908"></testcase>
      <testcase name="[sig-storage] In-tree Volumes [Driver: hostPath] [Testpattern: Pre-provisioned PV (default fs)] volumes should be mountable" classname="Kubernetes e2e suite" time="0">
          <skipped></skipped>
      </testcase>
      <testcase name="[sig-storage] In-tree Volumes [Driver: iscsi][Feature:Volumes] [Testpattern: Pre-provisioned PV (default fs)] subPath should support existing single file" classname="Kubernetes e2e suite" time="0">
          <skipped></skipped>
      </testcase>
      <testcase name="[sig-storage] PersistentVolumes [Feature:ReclaimPolicy] [sig-storage] persistentvolumereclaim:vsphere should not detach and unmount PV when associated pvc with delete as reclaimPolicy is deleted when it is in use by the pod" classname="Kubernetes e2e suite" time="0">
          <skipped></skipped>
      </testcase>
      <testcase name="[sig-storage] In-tree Volumes [Driver: vSphere] [Testpattern: Inline-volume (default fs)] subPath should support existing single file" classname="Kubernetes e2e suite" time="0">
          <skipped></skipped>
      </testcase>
      <testcase name="[sig-storage] EmptyDir volumes should support (non-root,0777,tmpfs) [NodeConformance] [Conformance]" classname="Kubernetes e2e suite" time="10.377511166"></testcase>
      <testcase name="[sig-storage] In-tree Volumes [Driver: azure] [Testpattern: Dynamic PV (default fs)] subPath should support restarting containers using file as subpath [Slow]" classname="Kubernetes e2e suite" time="0">
          <skipped></skipped>
      </testcase>
      <testcase name="[sig-storage] Ephemeralstorage When pod refers to non-existent ephemeral storage should allow deletion of pod with invalid volume : projected" classname="Kubernetes e2e suite" time="0">
          <skipped></skipped>
      </testcase>
      <testcase name="[sig-storage] In-tree Volumes [Driver: rbd][Feature:Volumes] [Testpattern: Dynamic PV (default fs)] provisioning should create and delete block persistent volumes" classname="Kubernetes e2e suite" time="0">
          <skipped></skipped>
      </testcase>
      <testcase name="[sig-api-machinery] Servers with support for API chunking should return chunks of results for list calls" classname="Kubernetes e2e suite" time="0">
          <skipped></skipped>
      </testcase>
      <testcase name="[sig-instrumentation] [Feature:PrometheusMonitoring] Prometheus should scrape metrics from annotated pods." classname="Kubernetes e2e suite" time="0">
          <skipped></skipped>
      </testcase>
      <testcase name="[sig-storage] In-tree Volumes [Driver: gluster] [Testpattern: Dynamic PV (default fs)] subPath should support existing directories when readOnly specified in the volumeSource" classname="Kubernetes e2e suite" time="0">
          <skipped></skipped>
      </testcase>
      <testcase name="[sig-storage] In-tree Volumes [Driver: gcepd] [Testpattern: Pre-provisioned PV (block volmode)] volumeMode should create sc, pod, pv, and pvc, read/write to the pv, and delete all created resources" classname="Kubernetes e2e suite" time="0">
          <skipped></skipped>
      </testcase>
      <testcase name="[k8s.io] Variable Expansion should fail substituting values in a volume subpath with backticks [Feature:VolumeSubpathEnvExpansion][NodeAlphaFeature:VolumeSubpathEnvExpansion][Slow]" classname="Kubernetes e2e suite" time="0">
          <skipped></skipped>
      </testcase>
      <testcase name="[sig-storage] NFSPersistentVolumes[Disruptive][Flaky] when kube-controller-manager restarts should delete a bound PVC from a clientPod, restart the kube-control-manager, and ensure the kube-controller-manager does not crash" classname="Kubernetes e2e suite" time="0">
          <skipped></skipped>
      </testcase>
      <testcase name="[sig-cli] Kubectl client [k8s.io] Kubectl taint [Serial] should update the taint on a node" classname="Kubernetes e2e suite" time="0">
          <skipped></skipped>
      </testcase>
      <testcase name="[sig-scalability] Load capacity [Feature:ManualPerformance] should be able to handle 30 pods per node ReplicationController with 0 secrets, 0 configmaps and 0 daemons with quotas" classname="Kubernetes e2e suite" time="0">
          <skipped></skipped>
      </testcase>
      <testcase name="[sig-storage] CSI Volumes [Driver: pd.csi.storage.gke.io][Serial] [Testpattern: Dynamic PV (default fs)] subPath should fail if subpath file is outside the volume [Slow]" classname="Kubernetes e2e suite" time="0">
          <skipped></skipped>
      </testcase>
      <testcase name="[k8s.io] Container Lifecycle Hook when create a pod with lifecycle hook should execute poststart http hook properly [NodeConformance] [Conformance]" classname="Kubernetes e2e suite" time="30.393463924"></testcase>
      <testcase name="[sig-api-machinery] Garbage collector should support cascading deletion of custom resources" classname="Kubernetes e2e suite" time="0">
          <skipped></skipped>
      </testcase>
      <testcase name="[sig-auth] [Feature:NodeAuthorizer] Getting a non-existent secret should exit with the Forbidden error, not a NotFound error" classname="Kubernetes e2e suite" time="0">
          <skipped></skipped>
      </testcase>
      <testcase name="[sig-instrumentation] [Feature:PrometheusMonitoring] Prometheus should scrape metrics from annotated services." classname="Kubernetes e2e suite" time="0">
          <skipped></skipped>
      </testcase>
      <testcase name="[sig-network] Loadbalancing: L7 GCE [Slow] [Feature:NEG] should sync endpoints to NEG" classname="Kubernetes e2e suite" time="0">
          <skipped></skipped>
      </testcase>
      <testcase name="[sig-storage] In-tree Volumes [Driver: vSphere] [Testpattern: Dynamic PV (block volmode)] volumeMode should fail in binding dynamic provisioned PV to PVC" classname="Kubernetes e2e suite" time="0">
          <skipped></skipped>
      </testcase>
      <testcase name="[sig-storage] PersistentVolumes-local  Pod with node different from PV&#39;s NodeAffinity should fail scheduling due to different NodeSelector" classname="Kubernetes e2e suite" time="0">
          <skipped></skipped>
      </testcase>
      <testcase name="[sig-storage] In-tree Volumes [Driver: azure] [Testpattern: Pre-provisioned PV (default fs)] volumeIO should write files of various sizes, verify size, validate content [Slow]" classname="Kubernetes e2e suite" time="0">
          <skipped></skipped>
      </testcase>
      <testcase name="[sig-storage] PersistentVolumes-local  [Volume type: gce-localssd-scsi-fs] [Serial] Two pods mounting a local volume at the same time should be able to write from pod1 and read from pod2" classname="Kubernetes e2e suite" time="0">
          <skipped></skipped>
      </testcase>
      <testcase name="[sig-storage] In-tree Volumes [Driver: nfs] [Testpattern: Inline-volume (default fs)] subPath should unmount if pod is force deleted while kubelet is down [Disruptive][Slow]" classname="Kubernetes e2e suite" time="0">
          <skipped></skipped>
      </testcase>
      <testcase name="[sig-storage] In-tree Volumes [Driver: ceph][Feature:Volumes] [Testpattern: Dynamic PV (default fs)] subPath should fail if non-existent subpath is outside the volume [Slow]" classname="Kubernetes e2e suite" time="0">
          <skipped></skipped>
      </testcase>
      <testcase name="[sig-storage] Dynamic Provisioning DynamicProvisioner [Slow] should provision storage with non-default reclaim policy Retain" classname="Kubernetes e2e suite" time="0">
          <skipped></skipped>
      </testcase>
      <testcase name="[sig-storage] Storage Policy Based Volume Provisioning [Feature:vsphere] verify an existing and compatible SPBM policy is honored for dynamically provisioned pvc using storageclass" classname="Kubernetes e2e suite" time="0">
          <skipped></skipped>
      </testcase>
      <testcase name="[sig-storage] Volume Attach Verify [Feature:vsphere][Serial][Disruptive] verify volume remains attached after master kubelet restart" classname="Kubernetes e2e suite" time="0">
          <skipped></skipped>
      </testcase>
      <testcase name="[sig-storage] PersistentVolumes-local  [Volume type: block] One pod requesting one prebound PVC should be able to mount volume and write from pod1" classname="Kubernetes e2e suite" time="0">
          <skipped></skipped>
      </testcase>
      <testcase name="[sig-storage] Volume limits should verify that all nodes have volume limits" classname="Kubernetes e2e suite" time="0">
          <skipped></skipped>
      </testcase>
      <testcase name="[sig-storage] In-tree Volumes [Driver: cinder] [Testpattern: Dynamic PV (xfs)] volumes should be mountable" classname="Kubernetes e2e suite" time="0">
          <skipped></skipped>
      </testcase>
      <testcase name="[sig-storage] In-tree Volumes [Driver: ceph][Feature:Volumes] [Testpattern: Pre-provisioned PV (default fs)] subPath should fail if subpath directory is outside the volume [Slow]" classname="Kubernetes e2e suite" time="0">
          <skipped></skipped>
      </testcase>
      <testcase name="[k8s.io] Variable Expansion should allow substituting values in a container&#39;s command [NodeConformance] [Conformance]" classname="Kubernetes e2e suite" time="10.368879814"></testcase>
      <testcase name="[sig-storage] In-tree Volumes [Driver: cinder] [Testpattern: Inline-volume (default fs)] subPath should fail if non-existent subpath is outside the volume [Slow]" classname="Kubernetes e2e suite" time="0">
          <skipped></skipped>
      </testcase>
      <testcase name="[sig-storage] CSI Volumes [Driver: csi-hostpath] [Testpattern: Dynamic PV (default fs)] provisioning should provision storage with mount options" classname="Kubernetes e2e suite" time="0">
          <skipped></skipped>
      </testcase>
      <testcase name="[sig-storage] In-tree Volumes [Driver: cinder] [Testpattern: Pre-provisioned PV (default fs)] volumeIO should write files of various sizes, verify size, validate content [Slow]" classname="Kubernetes e2e suite" time="0">
          <skipped></skipped>
      </testcase>
      <testcase name="[sig-auth] [Feature:NodeAuthorizer] A node shouldn&#39;t be able to delete another node" classname="Kubernetes e2e suite" time="0">
          <skipped></skipped>
      </testcase>
      <testcase name="[sig-storage] In-tree Volumes [Driver: aws] [Testpattern: Inline-volume (ext4)] volumes should be mountable" classname="Kubernetes e2e suite" time="0">
          <skipped></skipped>
      </testcase>
      <testcase name="[sig-autoscaling] Cluster size autoscaling [Slow] should scale up when non expendable pod is created [Feature:ClusterSizeAutoscalingScaleUp]" classname="Kubernetes e2e suite" time="0">
          <skipped></skipped>
      </testcase>
      <testcase name="[sig-storage] In-tree Volumes [Driver: aws] [Testpattern: Pre-provisioned PV (default fs)] subPath should support restarting containers using directory as subpath [Slow]" classname="Kubernetes e2e suite" time="0">
          <skipped></skipped>
      </testcase>
      <testcase name="[sig-storage] In-tree Volumes [Driver: rbd][Feature:Volumes] [Testpattern: Dynamic PV (default fs)] subPath should fail if subpath file is outside the volume [Slow]" classname="Kubernetes e2e suite" time="0">
          <skipped></skipped>
      </testcase>
      <testcase name="[sig-storage] [Serial] Volume metrics should create prometheus metrics for volume provisioning and attach/detach" classname="Kubernetes e2e suite" time="0">
          <skipped></skipped>
      </testcase>
      <testcase name="[sig-cli] Kubectl client [k8s.io] Kubectl run rc should create an rc from an image  [Conformance]" classname="Kubernetes e2e suite" time="24.581285872"></testcase>
      <testcase name="[sig-storage] In-tree Volumes [Driver: vSphere] [Testpattern: Dynamic PV (filesystem volmode)] volumeMode should create sc, pod, pv, and pvc, read/write to the pv, and delete all created resources" classname="Kubernetes e2e suite" time="0">
          <skipped></skipped>
      </testcase>
      <testcase name="[sig-storage] In-tree Volumes [Driver: iscsi][Feature:Volumes] [Testpattern: Dynamic PV (default fs)] subPath should unmount if pod is force deleted while kubelet is down [Disruptive][Slow]" classname="Kubernetes e2e suite" time="0">
          <skipped></skipped>
      </testcase>
      <testcase name="[sig-cli] Kubectl client [k8s.io] Kubectl apply should reuse port when apply to an existing SVC" classname="Kubernetes e2e suite" time="0">
          <skipped></skipped>
      </testcase>
      <testcase name="[sig-storage] Dynamic Provisioning DynamicProvisioner Default should be disabled by removing the default annotation [Serial] [Disruptive]" classname="Kubernetes e2e suite" time="0">
          <skipped></skipped>
      </testcase>
      <testcase name="[sig-storage] In-tree Volumes [Driver: hostPath] [Testpattern: Dynamic PV (ext4)] volumes should be mountable" classname="Kubernetes e2e suite" time="0">
          <skipped></skipped>
      </testcase>
      <testcase name="[sig-storage] Secrets should be consumable from pods in volume [NodeConformance] [Conformance]" classname="Kubernetes e2e suite" time="10.36058513"></testcase>
      <testcase name="[sig-storage] In-tree Volumes [Driver: gluster] [Testpattern: Dynamic PV (default fs)] subPath should unmount if pod is gracefully deleted while kubelet is down [Disruptive][Slow]" classname="Kubernetes e2e suite" time="0">
          <skipped></skipped>
      </testcase>
      <testcase name="[sig-storage] In-tree Volumes [Driver: hostPathSymlink] [Testpattern: Inline-volume (default fs)] subPath should support readOnly directory specified in the volumeMount" classname="Kubernetes e2e suite" time="0">
          <skipped></skipped>
      </testcase>
      <testcase name="[k8s.io] [sig-node] Pods Extended [k8s.io] Delete Grace Period should be submitted and removed  [Flaky]" classname="Kubernetes e2e suite" time="0">
          <skipped></skipped>
      </testcase>
      <testcase name="[sig-cluster-lifecycle] HA-master [Feature:HAMaster] survive addition/removal replicas different zones [Serial][Disruptive]" classname="Kubernetes e2e suite" time="0">
          <skipped></skipped>
      </testcase>
      <testcase name="[sig-network] Networking should check kube-proxy urls" classname="Kubernetes e2e suite" time="0">
          <skipped></skipped>
      </testcase>
      <testcase name="[sig-storage] In-tree Volumes [Driver: hostPath] [Testpattern: Dynamic PV (default fs)] subPath should support readOnly directory specified in the volumeMount" classname="Kubernetes e2e suite" time="0">
          <skipped></skipped>
      </testcase>
      <testcase name="[sig-api-machinery] AdmissionWebhook Should be able to deny pod and configmap creation" classname="Kubernetes e2e suite" time="0">
          <skipped></skipped>
      </testcase>
      <testcase name="[sig-storage] Projected secret Should fail non-optional pod creation due to secret object does not exist [Slow]" classname="Kubernetes e2e suite" time="0">
          <skipped></skipped>
      </testcase>
      <testcase name="[sig-storage] In-tree Volumes [Driver: azure] [Testpattern: Inline-volume (default fs)] subPath should fail if subpath with backstepping is outside the volume [Slow]" classname="Kubernetes e2e suite" time="0">
          <skipped></skipped>
      </testcase>
      <testcase name="[sig-storage] In-tree Volumes [Driver: azure] [Testpattern: Dynamic PV (default fs)] subPath should fail if non-existent subpath is outside the volume [Slow]" classname="Kubernetes e2e suite" time="0">
          <skipped></skipped>
      </testcase>
      <testcase name="[sig-storage] In-tree Volumes [Driver: nfs] [Testpattern: Inline-volume (default fs)] subPath should fail if subpath with backstepping is outside the volume [Slow]" classname="Kubernetes e2e suite" time="0">
          <skipped></skipped>
      </testcase>
      <testcase name="[sig-network] Services should work after restarting kube-proxy [Disruptive]" classname="Kubernetes e2e suite" time="0">
          <skipped></skipped>
      </testcase>
      <testcase name="[sig-storage] ConfigMap should be consumable in multiple volumes in the same pod [NodeConformance] [Conformance]" classname="Kubernetes e2e suite" time="8.310700881"></testcase>
      <testcase name="[sig-storage] In-tree Volumes [Driver: emptydir] [Testpattern: Dynamic PV (default fs)] volumes should be mountable" classname="Kubernetes e2e suite" time="0">
          <skipped></skipped>
      </testcase>
      <testcase name="[sig-storage] In-tree Volumes [Driver: gcepd] [Testpattern: Pre-provisioned PV (ext3)] volumes should be mountable" classname="Kubernetes e2e suite" time="0">
          <skipped></skipped>
      </testcase>
      <testcase name="[sig-storage] PersistentVolumes-local  [Volume type: tmpfs] Two pods mounting a local volume at the same time should be able to write from pod1 and read from pod2" classname="Kubernetes e2e suite" time="0">
          <skipped></skipped>
      </testcase>
      <testcase name="[sig-storage] In-tree Volumes [Driver: ceph][Feature:Volumes] [Testpattern: Inline-volume (default fs)] subPath should support readOnly directory specified in the volumeMount" classname="Kubernetes e2e suite" time="0">
          <skipped></skipped>
      </testcase>
      <testcase name="[sig-storage] In-tree Volumes [Driver: gluster] [Testpattern: Dynamic PV (default fs)] subPath should support creating multiple subpath from same volumes [Slow]" classname="Kubernetes e2e suite" time="0">
          <skipped></skipped>
      </testcase>
      <testcase name="[sig-storage] In-tree Volumes [Driver: azure] [Testpattern: Inline-volume (default fs)] subPath should fail if subpath directory is outside the volume [Slow]" classname="Kubernetes e2e suite" time="0">
          <skipped></skipped>
      </testcase>
      <testcase name="[sig-storage] In-tree Volumes [Driver: vSphere] [Testpattern: Pre-provisioned PV (default fs)] subPath should support restarting containers using file as subpath [Slow]" classname="Kubernetes e2e suite" time="0">
          <skipped></skipped>
      </testcase>
      <testcase name="[sig-storage] In-tree Volumes [Driver: gluster] [Testpattern: Pre-provisioned PV (default fs)] subPath should support restarting containers using directory as subpath [Slow]" classname="Kubernetes e2e suite" time="0">
          <skipped></skipped>
      </testcase>
      <testcase name="[sig-storage] In-tree Volumes [Driver: hostPath] [Testpattern: Pre-provisioned PV (default fs)] subPath should support readOnly directory specified in the volumeMount" classname="Kubernetes e2e suite" time="0">
          <skipped></skipped>
      </testcase>
      <testcase name="[sig-storage] In-tree Volumes [Driver: gcepd] [Testpattern: Inline-volume (default fs)] volumeIO should write files of various sizes, verify size, validate content [Slow]" classname="Kubernetes e2e suite" time="0">
          <skipped></skipped>
      </testcase>
      <testcase name="[k8s.io] Docker Containers should use the image defaults if command and args are blank [NodeConformance] [Conformance]" classname="Kubernetes e2e suite" time="8.31894835"></testcase>
      <testcase name="[sig-storage] In-tree Volumes [Driver: aws] [Testpattern: Dynamic PV (block volmode)] volumeMode should create sc, pod, pv, and pvc, read/write to the pv, and delete all created resources" classname="Kubernetes e2e suite" time="0">
          <skipped></skipped>
      </testcase>
      <testcase name="[k8s.io] [sig-node] RuntimeClass [Feature:RuntimeClass] should reject a Pod requesting a deleted RuntimeClass" classname="Kubernetes e2e suite" time="0">
          <skipped></skipped>
      </testcase>
      <testcase name="[sig-cli] Kubectl client [k8s.io] Kubectl taint [Serial] should remove all the taints with the same key off a node" classname="Kubernetes e2e suite" time="0">
          <skipped></skipped>
      </testcase>
      <testcase name="[sig-autoscaling] Cluster size autoscaling [Slow] should be able to scale down by draining multiple pods one by one as dictated by pdb[Feature:ClusterSizeAutoscalingScaleDown]" classname="Kubernetes e2e suite" time="0">
          <skipped></skipped>
      </testcase>
      <testcase name="[sig-storage] In-tree Volumes [Driver: aws] [Testpattern: Pre-provisioned PV (ext3)] volumes should be mountable" classname="Kubernetes e2e suite" time="0">
          <skipped></skipped>
      </testcase>
      <testcase name="[sig-storage] CSI Volumes [Driver: pd.csi.storage.gke.io][Serial] [Testpattern: Dynamic PV (default fs)] subPath should support existing directory" classname="Kubernetes e2e suite" time="0">
          <skipped></skipped>
      </testcase>
      <testcase name="[sig-api-machinery] AdmissionWebhook Should deny crd creation" classname="Kubernetes e2e suite" time="0">
          <skipped></skipped>
      </testcase>
      <testcase name="[sig-storage] Downward API volume should provide node allocatable (memory) as default memory limit if the limit is not set [NodeConformance] [Conformance]" classname="Kubernetes e2e suite" time="8.306918355"></testcase>
      <testcase name="[sig-storage] In-tree Volumes [Driver: vSphere] [Testpattern: Pre-provisioned PV (default fs)] subPath should fail if subpath file is outside the volume [Slow]" classname="Kubernetes e2e suite" time="0">
          <skipped></skipped>
      </testcase>
      <testcase name="[sig-storage] In-tree Volumes [Driver: ceph][Feature:Volumes] [Testpattern: Pre-provisioned PV (xfs)] volumes should be mountable" classname="Kubernetes e2e suite" time="0">
          <skipped></skipped>
      </testcase>
      <testcase name="[sig-storage] In-tree Volumes [Driver: rbd][Feature:Volumes] [Testpattern: Inline-volume (default fs)] subPath should fail if subpath with backstepping is outside the volume [Slow]" classname="Kubernetes e2e suite" time="0">
          <skipped></skipped>
      </testcase>
      <testcase name="[sig-storage] In-tree Volumes [Driver: cinder] [Testpattern: Dynamic PV (default fs)] subPath should support restarting containers using directory as subpath [Slow]" classname="Kubernetes e2e suite" time="0">
          <skipped></skipped>
      </testcase>
      <testcase name="[sig-storage] In-tree Volumes [Driver: hostPath] [Testpattern: Pre-provisioned PV (filesystem volmode)] volumeMode should create sc, pod, pv, and pvc, read/write to the pv, and delete all created resources" classname="Kubernetes e2e suite" time="0">
          <skipped></skipped>
      </testcase>
      <testcase name="[sig-storage] In-tree Volumes [Driver: iscsi][Feature:Volumes] [Testpattern: Inline-volume (default fs)] subPath should support existing directories when readOnly specified in the volumeSource" classname="Kubernetes e2e suite" time="0">
          <skipped></skipped>
      </testcase>
      <testcase name="[sig-storage] In-tree Volumes [Driver: rbd][Feature:Volumes] [Testpattern: Inline-volume (default fs)] subPath should support restarting containers using file as subpath [Slow]" classname="Kubernetes e2e suite" time="0">
          <skipped></skipped>
      </testcase>
      <testcase name="[sig-storage] EmptyDir volumes should support (non-root,0666,tmpfs) [NodeConformance] [Conformance]" classname="Kubernetes e2e suite" time="8.340140671"></testcase>
      <testcase name="[sig-storage] In-tree Volumes [Driver: emptydir] [Testpattern: Inline-volume (xfs)] volumes should be mountable" classname="Kubernetes e2e suite" time="0">
          <skipped></skipped>
      </testcase>
      <testcase name="[sig-storage] [Serial] Volume metrics should create volume metrics in Volume Manager" classname="Kubernetes e2e suite" time="0">
          <skipped></skipped>
      </testcase>
      <testcase name="[sig-api-machinery] Servers with support for API chunking should support continue listing from the last key if the original version has been compacted away, though the list is inconsistent" classname="Kubernetes e2e suite" time="0">
          <skipped></skipped>
      </testcase>
      <testcase name="[sig-storage] In-tree Volumes [Driver: gluster] [Testpattern: Pre-provisioned PV (default fs)] subPath should unmount if pod is gracefully deleted while kubelet is down [Disruptive][Slow]" classname="Kubernetes e2e suite" time="0">
          <skipped></skipped>
      </testcase>
      <testcase name="[sig-cli] Kubectl client [k8s.io] Kubectl run default should create an rc or deployment from an image  [Conformance]" classname="Kubernetes e2e suite" time="24.468690621"></testcase>
      <testcase name="[sig-auth] [Feature:NodeAuthorizer] Getting an existing secret should exit with the Forbidden error" classname="Kubernetes e2e suite" time="0">
          <skipped></skipped>
      </testcase>
      <testcase name="[sig-storage] In-tree Volumes [Driver: gcepd] [Testpattern: Inline-volume (default fs)] subPath should support file as subpath" classname="Kubernetes e2e suite" time="0">
          <skipped></skipped>
      </testcase>
      <testcase name="[sig-network] Loadbalancing: L7 GCE [Slow] [Feature:Ingress] should not reconcile manually modified health check for ingress" classname="Kubernetes e2e suite" time="0">
          <skipped></skipped>
      </testcase>
      <testcase name="[sig-storage] In-tree Volumes [Driver: hostPath] [Testpattern: Pre-provisioned PV (default fs)] subPath should support non-existent path" classname="Kubernetes e2e suite" time="0">
          <skipped></skipped>
      </testcase>
      <testcase name="[sig-storage] Dynamic Provisioning DynamicProvisioner External should let an external dynamic provisioner create and delete persistent volumes [Slow]" classname="Kubernetes e2e suite" time="0">
          <skipped></skipped>
      </testcase>
      <testcase name="[sig-instrumentation] Stackdriver Monitoring should run Custom Metrics - Stackdriver Adapter for external metrics [Feature:StackdriverExternalMetrics]" classname="Kubernetes e2e suite" time="0">
          <skipped></skipped>
      </testcase>
      <testcase name="[sig-network] Services should only allow access from service loadbalancer source ranges [Slow]" classname="Kubernetes e2e suite" time="0">
          <skipped></skipped>
      </testcase>
      <testcase name="[sig-storage] In-tree Volumes [Driver: gluster] [Testpattern: Dynamic PV (default fs)] subPath should unmount if pod is force deleted while kubelet is down [Disruptive][Slow]" classname="Kubernetes e2e suite" time="0">
          <skipped></skipped>
      </testcase>
      <testcase name="[sig-storage] In-tree Volumes [Driver: hostPath] [Testpattern: Dynamic PV (default fs)] subPath should support readOnly file specified in the volumeMount" classname="Kubernetes e2e suite" time="0">
          <skipped></skipped>
      </testcase>
      <testcase name="[sig-storage] Subpath Atomic writer volumes should support subpaths with configmap pod [Conformance]" classname="Kubernetes e2e suite" time="30.468591656"></testcase>
      <testcase name="[sig-storage] In-tree Volumes [Driver: nfs] [Testpattern: Pre-provisioned PV (default fs)] subPath should support creating multiple subpath from same volumes [Slow]" classname="Kubernetes e2e suite" time="0">
          <skipped></skipped>
      </testcase>
      <testcase name="[sig-storage] HostPath should support r/w [NodeConformance]" classname="Kubernetes e2e suite" time="0">
          <skipped></skipped>
      </testcase>
      <testcase name="[k8s.io] Container Runtime blackbox test when running a container with a new image should be able to pull from private registry with secret [NodeConformance]" classname="Kubernetes e2e suite" time="0">
          <skipped></skipped>
      </testcase>
      <testcase name="[sig-storage] In-tree Volumes [Driver: cinder] [Testpattern: Pre-provisioned PV (default fs)] subPath should support readOnly file specified in the volumeMount" classname="Kubernetes e2e suite" time="0">
          <skipped></skipped>
      </testcase>
      <testcase name="[sig-apps] Network Partition [Disruptive] [Slow] [k8s.io] [StatefulSet] should come back up if node goes down [Slow] [Disruptive]" classname="Kubernetes e2e suite" time="0">
          <skipped></skipped>
      </testcase>
      <testcase name="[sig-storage] In-tree Volumes [Driver: rbd][Feature:Volumes] [Testpattern: Pre-provisioned PV (default fs)] subPath should support creating multiple subpath from same volumes [Slow]" classname="Kubernetes e2e suite" time="0">
          <skipped></skipped>
      </testcase>
      <testcase name="[sig-network] Services should prevent NodePort collisions" classname="Kubernetes e2e suite" time="0">
          <skipped></skipped>
      </testcase>
      <testcase name="[sig-storage] In-tree Volumes [Driver: emptydir] [Testpattern: Inline-volume (default fs)] subPath should unmount if pod is force deleted while kubelet is down [Disruptive][Slow]" classname="Kubernetes e2e suite" time="0">
          <skipped></skipped>
      </testcase>
      <testcase name="[sig-storage] In-tree Volumes [Driver: hostPathSymlink] [Testpattern: Dynamic PV (default fs)] subPath should support existing single file" classname="Kubernetes e2e suite" time="0">
          <skipped></skipped>
      </testcase>
      <testcase name="[sig-storage] PersistentVolumes-local  [Volume type: dir-bindmounted] Set fsGroup for local volume should set same fsGroup for two pods simultaneously" classname="Kubernetes e2e suite" time="0">
          <skipped></skipped>
      </testcase>
      <testcase name="[sig-storage] In-tree Volumes [Driver: emptydir] [Testpattern: Dynamic PV (default fs)] subPath should support creating multiple subpath from same volumes [Slow]" classname="Kubernetes e2e suite" time="0">
          <skipped></skipped>
      </testcase>
      <testcase name="[sig-storage] In-tree Volumes [Driver: emptydir] [Testpattern: Pre-provisioned PV (default fs)] subPath should unmount if pod is gracefully deleted while kubelet is down [Disruptive][Slow]" classname="Kubernetes e2e suite" time="0">
          <skipped></skipped>
      </testcase>
      <testcase name="[sig-storage] PersistentVolumes-local  [Volume type: block] Set fsGroup for local volume should set fsGroup for one pod" classname="Kubernetes e2e suite" time="0">
          <skipped></skipped>
      </testcase>
      <testcase name="[sig-storage] CSI Volumes [Driver: csi-hostpath-v0] [Testpattern: Dynamic PV (default fs)] subPath should unmount if pod is force deleted while kubelet is down [Disruptive][Slow]" classname="Kubernetes e2e suite" time="0">
          <skipped></skipped>
      </testcase>
      <testcase name="[sig-storage] In-tree Volumes [Driver: aws] [Testpattern: Inline-volume (default fs)] volumes should be mountable" classname="Kubernetes e2e suite" time="0">
          <skipped></skipped>
      </testcase>
      <testcase name="[sig-storage] In-tree Volumes [Driver: hostPath] [Testpattern: Dynamic PV (xfs)] volumes should be mountable" classname="Kubernetes e2e suite" time="0">
          <skipped></skipped>
      </testcase>
      <testcase name="[sig-storage] In-tree Volumes [Driver: azure] [Testpattern: Inline-volume (ext3)] volumes should be mountable" classname="Kubernetes e2e suite" time="0">
          <skipped></skipped>
      </testcase>
      <testcase name="[sig-storage] EmptyDir volumes should support (non-root,0644,tmpfs) [NodeConformance] [Conformance]" classname="Kubernetes e2e suite" time="8.368617363"></testcase>
      <testcase name="[sig-storage] CSI Volumes [Driver: csi-hostpath-v0] [Testpattern: Dynamic PV (default fs)] subPath should support file as subpath" classname="Kubernetes e2e suite" time="0">
          <skipped></skipped>
      </testcase>
      <testcase name="[sig-storage] In-tree Volumes [Driver: ceph][Feature:Volumes] [Testpattern: Dynamic PV (default fs)] provisioning should create and delete block persistent volumes" classname="Kubernetes e2e suite" time="0">
          <skipped></skipped>
      </testcase>
      <testcase name="[sig-storage] In-tree Volumes [Driver: nfs] [Testpattern: Dynamic PV (default fs)] subPath should support existing directory" classname="Kubernetes e2e suite" time="0">
          <skipped></skipped>
      </testcase>
      <testcase name="[sig-storage] In-tree Volumes [Driver: vSphere] [Testpattern: Dynamic PV (default fs)] subPath should fail if subpath with backstepping is outside the volume [Slow]" classname="Kubernetes e2e suite" time="0">
          <skipped></skipped>
      </testcase>
      <testcase name="[sig-storage] In-tree Volumes [Driver: gluster] [Testpattern: Inline-volume (default fs)] subPath should fail if subpath with backstepping is outside the volume [Slow]" classname="Kubernetes e2e suite" time="0">
          <skipped></skipped>
      </testcase>
      <testcase name="[sig-storage] In-tree Volumes [Driver: ceph][Feature:Volumes] [Testpattern: Inline-volume (default fs)] subPath should fail if subpath file is outside the volume [Slow]" classname="Kubernetes e2e suite" time="0">
          <skipped></skipped>
      </testcase>
      <testcase name="[sig-storage] In-tree Volumes [Driver: gluster] [Testpattern: Inline-volume (default fs)] subPath should fail if subpath file is outside the volume [Slow]" classname="Kubernetes e2e suite" time="0">
          <skipped></skipped>
      </testcase>
      <testcase name="[sig-apps] StatefulSet [k8s.io] Basic StatefulSet functionality [StatefulSetBasic] should perform canary updates and phased rolling updates of template modifications [Conformance]" classname="Kubernetes e2e suite" time="96.736956069"></testcase>
      <testcase name="[sig-apps] ReplicaSet should serve a basic image on each replica with a private image" classname="Kubernetes e2e suite" time="0">
          <skipped></skipped>
      </testcase>
      <testcase name="[k8s.io] [sig-node] AppArmor load AppArmor profiles should enforce an AppArmor profile" classname="Kubernetes e2e suite" time="0">
          <skipped></skipped>
      </testcase>
      <testcase name="[sig-network] NoSNAT [Feature:NoSNAT] [Slow] Should be able to send traffic between Pods without SNAT" classname="Kubernetes e2e suite" time="0">
          <skipped></skipped>
      </testcase>
      <testcase name="[sig-storage] In-tree Volumes [Driver: ceph][Feature:Volumes] [Testpattern: Inline-volume (default fs)] volumes should be mountable" classname="Kubernetes e2e suite" time="0">
          <skipped></skipped>
      </testcase>
      <testcase name="[sig-storage] CSI Volumes [Driver: pd.csi.storage.gke.io][Feature: gcePD-external] [Testpattern: Dynamic PV (default fs)] subPath should unmount if pod is gracefully deleted while kubelet is down [Disruptive][Slow]" classname="Kubernetes e2e suite" time="0">
          <skipped></skipped>
      </testcase>
      <testcase name="[sig-storage] In-tree Volumes [Driver: azure] [Testpattern: Inline-volume (default fs)] subPath should support restarting containers using directory as subpath [Slow]" classname="Kubernetes e2e suite" time="0">
          <skipped></skipped>
      </testcase>
      <testcase name="[sig-storage] In-tree Volumes [Driver: rbd][Feature:Volumes] [Testpattern: Inline-volume (default fs)] subPath should fail if subpath file is outside the volume [Slow]" classname="Kubernetes e2e suite" time="0">
          <skipped></skipped>
      </testcase>
      <testcase name="[sig-storage] In-tree Volumes [Driver: gcepd] [Testpattern: Inline-volume (default fs)] volumes should be mountable" classname="Kubernetes e2e suite" time="0">
          <skipped></skipped>
      </testcase>
      <testcase name="[sig-storage] In-tree Volumes [Driver: iscsi][Feature:Volumes] [Testpattern: Pre-provisioned PV (ext3)] volumes should be mountable" classname="Kubernetes e2e suite" time="0">
          <skipped></skipped>
      </testcase>
      <testcase name="[sig-storage] In-tree Volumes [Driver: iscsi][Feature:Volumes] [Testpattern: Inline-volume (default fs)] volumes should be mountable" classname="Kubernetes e2e suite" time="0">
          <skipped></skipped>
      </testcase>
      <testcase name="[sig-storage] In-tree Volumes [Driver: rbd][Feature:Volumes] [Testpattern: Inline-volume (default fs)] subPath should support restarting containers using directory as subpath [Slow]" classname="Kubernetes e2e suite" time="0">
          <skipped></skipped>
      </testcase>
      <testcase name="[sig-apps] StatefulSet [k8s.io] Deploy clustered applications [Feature:StatefulSet] [Slow] should creating a working redis cluster" classname="Kubernetes e2e suite" time="0">
          <skipped></skipped>
      </testcase>
      <testcase name="[sig-storage] PersistentVolumes-local  [Volume type: dir-bindmounted] Two pods mounting a local volume one after the other should be able to write from pod1 and read from pod2" classname="Kubernetes e2e suite" time="0">
          <skipped></skipped>
      </testcase>
      <testcase name="[sig-apps] StatefulSet [k8s.io] Deploy clustered applications [Feature:StatefulSet] [Slow] should creating a working zookeeper cluster" classname="Kubernetes e2e suite" time="0">
          <skipped></skipped>
      </testcase>
      <testcase name="[sig-scheduling] LimitRange should create a LimitRange with defaults and ensure pod has those defaults applied." classname="Kubernetes e2e suite" time="0">
          <skipped></skipped>
      </testcase>
      <testcase name="[sig-apps] Job should exceed active deadline" classname="Kubernetes e2e suite" time="0">
          <skipped></skipped>
      </testcase>
      <testcase name="[sig-storage] In-tree Volumes [Driver: azure] [Testpattern: Dynamic PV (default fs)] subPath should support creating multiple subpath from same volumes [Slow]" classname="Kubernetes e2e suite" time="0">
          <skipped></skipped>
      </testcase>
      <testcase name="[sig-cluster-lifecycle] [Feature:BootstrapTokens] should delete the token secret when the secret expired" classname="Kubernetes e2e suite" time="0">
          <skipped></skipped>
      </testcase>
      <testcase name="[sig-storage] In-tree Volumes [Driver: iscsi][Feature:Volumes] [Testpattern: Dynamic PV (default fs)] subPath should fail if non-existent subpath is outside the volume [Slow]" classname="Kubernetes e2e suite" time="0">
          <skipped></skipped>
      </testcase>
      <testcase name="[sig-storage] In-tree Volumes [Driver: iscsi][Feature:Volumes] [Testpattern: Dynamic PV (default fs)] volumes should be mountable" classname="Kubernetes e2e suite" time="0">
          <skipped></skipped>
      </testcase>
      <testcase name="[sig-storage] In-tree Volumes [Driver: emptydir] [Testpattern: Inline-volume (default fs)] subPath should support creating multiple subpath from same volumes [Slow]" classname="Kubernetes e2e suite" time="0">
          <skipped></skipped>
      </testcase>
      <testcase name="[sig-storage] In-tree Volumes [Driver: gluster] [Testpattern: Pre-provisioned PV (default fs)] subPath should support creating multiple subpath from same volumes [Slow]" classname="Kubernetes e2e suite" time="0">
          <skipped></skipped>
      </testcase>
      <testcase name="[sig-cli] Kubectl client [k8s.io] Kubectl run CronJob should create a CronJob" classname="Kubernetes e2e suite" time="0">
          <skipped></skipped>
      </testcase>
      <testcase name="[sig-network] ESIPP [Slow] [DisabledForLargeClusters] should work from pods" classname="Kubernetes e2e suite" time="0">
          <skipped></skipped>
      </testcase>
      <testcase name="[k8s.io] InitContainer [NodeConformance] should not start app containers and fail the pod if init containers fail on a RestartNever pod [Conformance]" classname="Kubernetes e2e suite" time="9.638833249"></testcase>
      <testcase name="[sig-storage] CSI Volumes [Driver: pd.csi.storage.gke.io][Feature: gcePD-external] [Testpattern: Dynamic PV (default fs)] subPath should support existing single file" classname="Kubernetes e2e suite" time="0">
          <skipped></skipped>
      </testcase>
      <testcase name="[sig-storage] In-tree Volumes [Driver: azure] [Testpattern: Dynamic PV (block volmode)] volumeMode should create sc, pod, pv, and pvc, read/write to the pv, and delete all created resources" classname="Kubernetes e2e suite" time="0">
          <skipped></skipped>
      </testcase>
      <testcase name="[sig-scheduling] ResourceQuota should create a ResourceQuota and capture the life of a persistent volume claim. [sig-storage]" classname="Kubernetes e2e suite" time="0">
          <skipped></skipped>
      </testcase>
      <testcase name="[sig-storage] Projected configMap Should fail non-optional pod creation due to configMap object does not exist [Slow]" classname="Kubernetes e2e suite" time="0">
          <skipped></skipped>
      </testcase>
      <testcase name="[sig-storage] In-tree Volumes [Driver: nfs] [Testpattern: Dynamic PV (default fs)] subPath should support non-existent path" classname="Kubernetes e2e suite" time="0">
          <skipped></skipped>
      </testcase>
      <testcase name="[sig-apps] ReplicaSet should adopt matching pods on creation and release no longer matching pods [Conformance]" classname="Kubernetes e2e suite" time="34.335865209"></testcase>
      <testcase name="[sig-storage] Secrets should be able to mount in a volume regardless of a different secret existing with same name in different namespace [NodeConformance] [Conformance]" classname="Kubernetes e2e suite" time="14.588253186"></testcase>
      <testcase name="[sig-network] DNS configMap nameserver [Feature:Networking-IPv6] Forward PTR lookup should forward PTR records lookup to upstream nameserver [Slow][Serial]" classname="Kubernetes e2e suite" time="0">
          <skipped></skipped>
      </testcase>
      <testcase name="[sig-storage] In-tree Volumes [Driver: cinder] [Testpattern: Dynamic PV (default fs)] subPath should fail if subpath directory is outside the volume [Slow]" classname="Kubernetes e2e suite" time="0">
          <skipped></skipped>
      </testcase>
      <testcase name="[sig-storage] In-tree Volumes [Driver: vSphere] [Testpattern: Dynamic PV (default fs)] subPath should support existing directory" classname="Kubernetes e2e suite" time="0">
          <skipped></skipped>
      </testcase>
      <testcase name="[sig-cluster-lifecycle] Reboot [Disruptive] [Feature:Reboot] each node by dropping all outbound packets for a while and ensure they function afterwards" classname="Kubernetes e2e suite" time="0">
          <skipped></skipped>
      </testcase>
      <testcase name="[sig-instrumentation] MetricsGrabber should grab all metrics from a Kubelet." classname="Kubernetes e2e suite" time="0">
          <skipped></skipped>
      </testcase>
      <testcase name="[sig-storage] Dynamic Provisioning DynamicProvisioner delayed binding with allowedTopologies [Slow] should create persistent volumes in the same zone as specified in allowedTopologies after a pod mounting the claims is started" classname="Kubernetes e2e suite" time="0">
          <skipped></skipped>
      </testcase>
      <testcase name="[sig-network] DNS configMap nameserver [IPv4] Forward external name lookup should forward externalname lookup to upstream nameserver [Slow][Serial]" classname="Kubernetes e2e suite" time="0">
          <skipped></skipped>
      </testcase>
      <testcase name="[sig-scheduling] ResourceQuota [Feature:PodPriority] should verify ResourceQuota&#39;s multiple priority class scope (quota set to pod count: 2) against 2 pods with same priority classes." classname="Kubernetes e2e suite" time="0">
          <skipped></skipped>
      </testcase>
      <testcase name="[sig-storage] In-tree Volumes [Driver: nfs] [Testpattern: Pre-provisioned PV (default fs)] subPath should unmount if pod is gracefully deleted while kubelet is down [Disruptive][Slow]" classname="Kubernetes e2e suite" time="0">
          <skipped></skipped>
      </testcase>
      <testcase name="[sig-storage] ConfigMap should be consumable from pods in volume as non-root with defaultMode and fsGroup set [NodeFeature:FSGroup]" classname="Kubernetes e2e suite" time="0">
          <skipped></skipped>
      </testcase>
      <testcase name="[sig-auth] [Feature:NodeAuthenticator] The kubelet can delegate ServiceAccount tokens to the API server" classname="Kubernetes e2e suite" time="0">
          <skipped></skipped>
      </testcase>
      <testcase name="[sig-storage] PersistentVolumes-local  [Volume type: blockfswithoutformat] Set fsGroup for local volume should set fsGroup for one pod" classname="Kubernetes e2e suite" time="0">
          <skipped></skipped>
      </testcase>
      <testcase name="[sig-storage] In-tree Volumes [Driver: gcepd] [Testpattern: Pre-provisioned PV (default fs)] subPath should unmount if pod is force deleted while kubelet is down [Disruptive][Slow]" classname="Kubernetes e2e suite" time="0">
          <skipped></skipped>
      </testcase>
      <testcase name="[sig-storage] In-tree Volumes [Driver: hostPathSymlink] [Testpattern: Pre-provisioned PV (ext4)] volumes should be mountable" classname="Kubernetes e2e suite" time="0">
          <skipped></skipped>
      </testcase>
      <testcase name="[sig-storage] Projected secret should be consumable from pods in volume with mappings [NodeConformance] [Conformance]" classname="Kubernetes e2e suite" time="8.360485798"></testcase>
      <testcase name="[sig-storage] In-tree Volumes [Driver: vSphere] [Testpattern: Dynamic PV (default fs)] volumes should be mountable" classname="Kubernetes e2e suite" time="0">
          <skipped></skipped>
      </testcase>
      <testcase name="[sig-storage] In-tree Volumes [Driver: hostPathSymlink] [Testpattern: Dynamic PV (default fs)] subPath should support file as subpath" classname="Kubernetes e2e suite" time="0">
          <skipped></skipped>
      </testcase>
      <testcase name="[k8s.io] Pods should have their auto-restart back-off timer reset on image update [Slow][NodeConformance]" classname="Kubernetes e2e suite" time="0">
          <skipped></skipped>
      </testcase>
      <testcase name="[sig-storage] EmptyDir wrapper volumes should not cause race condition when used for configmaps [Serial] [Slow] [Conformance]" classname="Kubernetes e2e suite" time="180.619323628"></testcase>
      <testcase name="[sig-cluster-lifecycle] Upgrade [Feature:Upgrade] master upgrade should maintain a functioning cluster [Feature:MasterUpgrade]" classname="Kubernetes e2e suite" time="0">
          <skipped></skipped>
      </testcase>
      <testcase name="[sig-autoscaling] Cluster size autoscaling [Slow] Should be able to scale a node group down to 0[Feature:ClusterSizeAutoscalingScaleDown]" classname="Kubernetes e2e suite" time="0">
          <skipped></skipped>
      </testcase>
      <testcase name="[sig-storage] Dynamic Provisioning DynamicProvisioner allowedTopologies should create persistent volume in the zone specified in allowedTopologies of storageclass" classname="Kubernetes e2e suite" time="0">
          <skipped></skipped>
      </testcase>
      <testcase name="[sig-storage] In-tree Volumes [Driver: hostPathSymlink] [Testpattern: Pre-provisioned PV (block volmode)] volumeMode should fail to create pod by failing to mount volume" classname="Kubernetes e2e suite" time="0">
          <skipped></skipped>
      </testcase>
      <testcase name="[sig-storage] In-tree Volumes [Driver: aws] [Testpattern: Dynamic PV (default fs)] subPath should support readOnly directory specified in the volumeMount" classname="Kubernetes e2e suite" time="0">
          <skipped></skipped>
      </testcase>
      <testcase name="[sig-storage] In-tree Volumes [Driver: ceph][Feature:Volumes] [Testpattern: Inline-volume (default fs)] subPath should support readOnly file specified in the volumeMount" classname="Kubernetes e2e suite" time="0">
          <skipped></skipped>
      </testcase>
      <testcase name="[sig-storage] PersistentVolumes Default StorageClass pods that use multiple volumes should be reschedulable [Slow]" classname="Kubernetes e2e suite" time="0">
          <skipped></skipped>
      </testcase>
      <testcase name="[sig-storage] In-tree Volumes [Driver: vSphere] [Testpattern: Dynamic PV (default fs)] subPath should fail if non-existent subpath is outside the volume [Slow]" classname="Kubernetes e2e suite" time="0">
          <skipped></skipped>
      </testcase>
      <testcase name="[sig-storage] CSI Volumes [Driver: pd.csi.storage.gke.io][Feature: gcePD-external] [Testpattern: Dynamic PV (default fs)] subPath should support restarting containers using directory as subpath [Slow]" classname="Kubernetes e2e suite" time="0">
          <skipped></skipped>
      </testcase>
      <testcase name="[sig-storage] CSI Volumes [Driver: csi-hostpath] [Testpattern: Dynamic PV (default fs)] subPath should support readOnly file specified in the volumeMount" classname="Kubernetes e2e suite" time="0">
          <skipped></skipped>
      </testcase>
      <testcase name="[sig-storage] In-tree Volumes [Driver: gluster] [Testpattern: Inline-volume (default fs)] subPath should unmount if pod is force deleted while kubelet is down [Disruptive][Slow]" classname="Kubernetes e2e suite" time="0">
          <skipped></skipped>
      </testcase>
      <testcase name="[sig-scalability] Load capacity [Feature:ManualPerformance] should be able to handle 30 pods per node Deployment.extensions with 0 secrets, 2 configmaps and 0 daemons" classname="Kubernetes e2e suite" time="0">
          <skipped></skipped>
      </testcase>
      <testcase name="[sig-storage] CSI Volumes [Driver: csi-hostpath] [Testpattern: Dynamic PV (ext4)] volumes should be mountable" classname="Kubernetes e2e suite" time="0">
          <skipped></skipped>
      </testcase>
      <testcase name="[sig-storage] In-tree Volumes [Driver: aws] [Testpattern: Pre-provisioned PV (default fs)] volumeIO should write files of various sizes, verify size, validate content [Slow]" classname="Kubernetes e2e suite" time="0">
          <skipped></skipped>
      </testcase>
      <testcase name="[sig-storage] PersistentVolumes-local  Local volume provisioner [Serial] should discover dynamically created local persistent volume mountpoint in discovery directory" classname="Kubernetes e2e suite" time="0">
          <skipped></skipped>
      </testcase>
      <testcase name="[sig-storage] In-tree Volumes [Driver: aws] [Testpattern: Inline-volume (default fs)] subPath should fail if non-existent subpath is outside the volume [Slow]" classname="Kubernetes e2e suite" time="0">
          <skipped></skipped>
      </testcase>
      <testcase name="[sig-storage] In-tree Volumes [Driver: gluster] [Testpattern: Inline-volume (default fs)] subPath should unmount if pod is gracefully deleted while kubelet is down [Disruptive][Slow]" classname="Kubernetes e2e suite" time="0">
          <skipped></skipped>
      </testcase>
      <testcase name="[sig-storage] In-tree Volumes [Driver: vSphere] [Testpattern: Dynamic PV (default fs)] subPath should unmount if pod is force deleted while kubelet is down [Disruptive][Slow]" classname="Kubernetes e2e suite" time="0">
          <skipped></skipped>
      </testcase>
      <testcase name="[sig-storage] PersistentVolumes NFS with Single PV - PVC pairs create a PVC and non-pre-bound PV: test write access" classname="Kubernetes e2e suite" time="0">
          <skipped></skipped>
      </testcase>
      <testcase name="[sig-storage] In-tree Volumes [Driver: gluster] [Testpattern: Pre-provisioned PV (default fs)] subPath should support existing directories when readOnly specified in the volumeSource" classname="Kubernetes e2e suite" time="0">
          <skipped></skipped>
      </testcase>
      <testcase name="[sig-scheduling] Multi-AZ Cluster Volumes [sig-storage] should only be allowed to provision PDs in zones where nodes exist" classname="Kubernetes e2e suite" time="0">
          <skipped></skipped>
      </testcase>
      <testcase name="[sig-storage] PersistentVolumes-local  [Volume type: gce-localssd-scsi-fs] [Serial] Two pods mounting a local volume one after the other should be able to write from pod1 and read from pod2" classname="Kubernetes e2e suite" time="0">
          <skipped></skipped>
      </testcase>
      <testcase name="[sig-apps] StatefulSet [k8s.io] Basic StatefulSet functionality [StatefulSetBasic] should not deadlock when a pod&#39;s predecessor fails" classname="Kubernetes e2e suite" time="0">
          <skipped></skipped>
      </testcase>
      <testcase name="[sig-storage] CSI Volumes [Driver: csi-hostpath] [Testpattern: Dynamic PV (default fs)] subPath should support file as subpath" classname="Kubernetes e2e suite" time="0">
          <skipped></skipped>
      </testcase>
      <testcase name="[sig-storage] In-tree Volumes [Driver: cinder] [Testpattern: Dynamic PV (default fs)] subPath should support non-existent path" classname="Kubernetes e2e suite" time="0">
          <skipped></skipped>
      </testcase>
      <testcase name="[sig-api-machinery] Servers with support for Table transformation should return pod details" classname="Kubernetes e2e suite" time="0">
          <skipped></skipped>
      </testcase>
      <testcase name="[sig-storage] In-tree Volumes [Driver: cinder] [Testpattern: Pre-provisioned PV (default fs)] subPath should support existing directories when readOnly specified in the volumeSource" classname="Kubernetes e2e suite" time="0">
          <skipped></skipped>
      </testcase>
      <testcase name="[sig-storage] In-tree Volumes [Driver: aws] [Testpattern: Dynamic PV (default fs)] subPath should support file as subpath" classname="Kubernetes e2e suite" time="0">
          <skipped></skipped>
      </testcase>
      <testcase name="[sig-storage] In-tree Volumes [Driver: cinder] [Testpattern: Inline-volume (default fs)] volumes should be mountable" classname="Kubernetes e2e suite" time="0">
          <skipped></skipped>
      </testcase>
      <testcase name="[k8s.io] Container Runtime blackbox test when starting a container that exits should report termination message if TerminationMessagePath is set as non-root user and at a non-default path [NodeConformance]" classname="Kubernetes e2e suite" time="0">
          <skipped></skipped>
      </testcase>
      <testcase name="[sig-storage] In-tree Volumes [Driver: hostPath] [Testpattern: Pre-provisioned PV (default fs)] subPath should support restarting containers using directory as subpath [Slow]" classname="Kubernetes e2e suite" time="0">
          <skipped></skipped>
      </testcase>
      <testcase name="[sig-storage] In-tree Volumes [Driver: hostPath] [Testpattern: Inline-volume (ext3)] volumes should be mountable" classname="Kubernetes e2e suite" time="0">
          <skipped></skipped>
      </testcase>
      <testcase name="[sig-storage] In-tree Volumes [Driver: gluster] [Testpattern: Inline-volume (default fs)] subPath should support existing single file" classname="Kubernetes e2e suite" time="0">
          <skipped></skipped>
      </testcase>
      <testcase name="[sig-storage] In-tree Volumes [Driver: gcepd] [Testpattern: Dynamic PV (default fs)] subPath should support existing directories when readOnly specified in the volumeSource" classname="Kubernetes e2e suite" time="0">
          <skipped></skipped>
      </testcase>
      <testcase name="[sig-storage] In-tree Volumes [Driver: hostPath] [Testpattern: Dynamic PV (ext3)] volumes should be mountable" classname="Kubernetes e2e suite" time="0">
          <skipped></skipped>
      </testcase>
      <testcase name="[sig-storage] CSI Volumes [Driver: pd.csi.storage.gke.io][Serial] [Testpattern: Dynamic PV (default fs)] subPath should support existing single file" classname="Kubernetes e2e suite" time="0">
          <skipped></skipped>
      </testcase>
      <testcase name="[sig-storage] In-tree Volumes [Driver: gluster] [Testpattern: Dynamic PV (xfs)] volumes should be mountable" classname="Kubernetes e2e suite" time="0">
          <skipped></skipped>
      </testcase>
      <testcase name="[sig-storage] NFSPersistentVolumes[Disruptive][Flaky] when kubelet restarts Should test that a volume mounted to a pod that is deleted while the kubelet is down unmounts when the kubelet returns." classname="Kubernetes e2e suite" time="0">
          <skipped></skipped>
      </testcase>
      <testcase name="[sig-storage] In-tree Volumes [Driver: emptydir] [Testpattern: Inline-volume (default fs)] volumes should be mountable" classname="Kubernetes e2e suite" time="0">
          <skipped></skipped>
      </testcase>
      <testcase name="[sig-storage] Pod Disks schedule a pod w/ RW PD(s) mounted to 1 or more containers, write to PD, verify content, delete pod, and repeat in rapid succession [Slow] using 4 containers and 1 PDs" classname="Kubernetes e2e suite" time="0">
          <skipped></skipped>
      </testcase>
      <testcase name="[sig-scalability] Load capacity [Feature:ManualPerformance] should be able to handle 3 pods per node ReplicationController with 0 secrets, 0 configmaps and 0 daemons" classname="Kubernetes e2e suite" time="0">
          <skipped></skipped>
      </testcase>
      <testcase name="[sig-storage] In-tree Volumes [Driver: rbd][Feature:Volumes] [Testpattern: Dynamic PV (xfs)] volumes should be mountable" classname="Kubernetes e2e suite" time="0">
          <skipped></skipped>
      </testcase>
      <testcase name="[sig-storage] In-tree Volumes [Driver: ceph][Feature:Volumes] [Testpattern: Pre-provisioned PV (default fs)] subPath should unmount if pod is gracefully deleted while kubelet is down [Disruptive][Slow]" classname="Kubernetes e2e suite" time="0">
          <skipped></skipped>
      </testcase>
      <testcase name="[sig-apps] CronJob should remove from active list jobs that have been deleted" classname="Kubernetes e2e suite" time="0">
          <skipped></skipped>
      </testcase>
      <testcase name="[sig-storage] PersistentVolumes NFS with Single PV - PVC pairs create a PV and a pre-bound PVC: test write access" classname="Kubernetes e2e suite" time="0">
          <skipped></skipped>
      </testcase>
      <testcase name="[sig-api-machinery] Namespaces [Serial] should always delete fast (ALL of 100 namespaces in 150 seconds) [Feature:ComprehensiveNamespaceDraining]" classname="Kubernetes e2e suite" time="0">
          <skipped></skipped>
      </testcase>
      <testcase name="[sig-network] DNS should provide DNS for services  [Conformance]" classname="Kubernetes e2e suite" time="40.804573098"></testcase>
      <testcase name="[sig-storage] [Serial] Volume metrics PVController should create bound pv/pvc count metrics for pvc controller after creating both pv and pvc" classname="Kubernetes e2e suite" time="0">
          <skipped></skipped>
      </testcase>
      <testcase name="[sig-storage] In-tree Volumes [Driver: ceph][Feature:Volumes] [Testpattern: Inline-volume (default fs)] subPath should fail if subpath with backstepping is outside the volume [Slow]" classname="Kubernetes e2e suite" time="0">
          <skipped></skipped>
      </testcase>
      <testcase name="[sig-storage] In-tree Volumes [Driver: cinder] [Testpattern: Pre-provisioned PV (default fs)] subPath should support non-existent path" classname="Kubernetes e2e suite" time="0">
          <skipped></skipped>
      </testcase>
      <testcase name="[sig-storage] In-tree Volumes [Driver: ceph][Feature:Volumes] [Testpattern: Dynamic PV (default fs)] subPath should support existing directory" classname="Kubernetes e2e suite" time="0">
          <skipped></skipped>
      </testcase>
      <testcase name="[sig-storage] Projected downwardAPI should provide container&#39;s memory request [NodeConformance] [Conformance]" classname="Kubernetes e2e suite" time="10.35683852"></testcase>
      <testcase name="[k8s.io] Cluster size autoscaler scalability [Slow] should scale down underutilized nodes [Feature:ClusterAutoscalerScalability4]" classname="Kubernetes e2e suite" time="0">
          <skipped></skipped>
      </testcase>
      <testcase name="[sig-storage] In-tree Volumes [Driver: rbd][Feature:Volumes] [Testpattern: Inline-volume (default fs)] subPath should support existing single file" classname="Kubernetes e2e suite" time="0">
          <skipped></skipped>
      </testcase>
      <testcase name="[sig-api-machinery] Generated clientset should create pods, set the deletionTimestamp and deletionGracePeriodSeconds of the pod" classname="Kubernetes e2e suite" time="0">
          <skipped></skipped>
      </testcase>
      <testcase name="[k8s.io] Kubelet when scheduling a busybox command in a pod should print the output to logs [NodeConformance] [Conformance]" classname="Kubernetes e2e suite" time="60.336589587"></testcase>
      <testcase name="[sig-storage] In-tree Volumes [Driver: emptydir] [Testpattern: Pre-provisioned PV (default fs)] subPath should support file as subpath" classname="Kubernetes e2e suite" time="0">
          <skipped></skipped>
      </testcase>
      <testcase name="[sig-api-machinery] Secrets should be consumable from pods in env vars [NodeConformance] [Conformance]" classname="Kubernetes e2e suite" time="8.347598941"></testcase>
      <testcase name="[k8s.io] [sig-node] kubelet [k8s.io] [sig-node] Clean up pods on node kubelet should be able to delete 10 pods per node in 1m0s." classname="Kubernetes e2e suite" time="0">
          <skipped></skipped>
      </testcase>
      <testcase name="[sig-network] Services should have session affinity work for NodePort service" classname="Kubernetes e2e suite" time="0">
          <skipped></skipped>
      </testcase>
      <testcase name="[sig-node] Downward API should provide pod name, namespace and IP address as env vars [NodeConformance] [Conformance]" classname="Kubernetes e2e suite" time="8.330448324"></testcase>
      <testcase name="[sig-storage] GCP Volumes NFSv4 should be mountable for NFSv4" classname="Kubernetes e2e suite" time="0">
          <skipped></skipped>
      </testcase>
      <testcase name="[sig-storage] In-tree Volumes [Driver: rbd][Feature:Volumes] [Testpattern: Inline-volume (default fs)] subPath should support readOnly directory specified in the volumeMount" classname="Kubernetes e2e suite" time="0">
          <skipped></skipped>
      </testcase>
      <testcase name="[sig-storage] In-tree Volumes [Driver: cinder] [Testpattern: Inline-volume (ext3)] volumes should be mountable" classname="Kubernetes e2e suite" time="0">
          <skipped></skipped>
      </testcase>
      <testcase name="[sig-storage] In-tree Volumes [Driver: nfs] [Testpattern: Inline-volume (default fs)] subPath should support readOnly file specified in the volumeMount" classname="Kubernetes e2e suite" time="0">
          <skipped></skipped>
      </testcase>
      <testcase name="[sig-network] Services should be able to switch session affinity for NodePort service" classname="Kubernetes e2e suite" time="0">
          <skipped></skipped>
      </testcase>
      <testcase name="[sig-network] Loadbalancing: L7 GCE [Slow] [Feature:NEG] should create NEGs for all ports with the Ingress annotation, and NEGs for the standalone annotation otherwise" classname="Kubernetes e2e suite" time="0">
          <skipped></skipped>
      </testcase>
      <testcase name="[sig-storage] In-tree Volumes [Driver: vSphere] [Testpattern: Pre-provisioned PV (default fs)] subPath should fail if non-existent subpath is outside the volume [Slow]" classname="Kubernetes e2e suite" time="0">
          <skipped></skipped>
      </testcase>
  </testsuite>